<?xml version="1.0" encoding="utf-8"?>
<rss version="2.0" xmlns:media="http://search.yahoo.com/mrss/" xmlns:atom="http://www.w3.org/2005/Atom" xmlns:creativeCommons="http://backend.userland.com/creativeCommonsRssModule">
    <channel>
        <title>DeviantArt: Popular</title>
        <link>https://www.deviantart.com/?q=-in%3Aliterature</link>
        <description>DeviantArt RSS for Popular</description>
        <language>en-us</language>
        <copyright>Copyright 2019, DeviantArt.com</copyright>
        <pubDate>Sun, 27 Jan 2019 16:37:50 PST</pubDate>

        <generator>DeviantArt.com</generator>
        <docs>http://blogs.law.harvard.edu/tech/rss</docs>
        <atom:icon>https://st.deviantart.net/minish/touch-icons/android-192.png</atom:icon>
        <atom:link type="application/rss+xml" rel="self" href="https://backend.deviantart.com/rss.xml?type=deviation&amp;q=-in%3Aliterature&amp;order=11" />
        <atom:link rel="next" href="https://backend.deviantart.com/rss.xml?type=deviation&amp;q=-in%3Aliterature&amp;order=11&amp;offset=60" />
                    <item>
                <title>Daily Paint 2258. Prickly Pear</title>
                <link>https://cryptid-creations.deviantart.com/art/Daily-Paint-2258-Prickly-Pear-782899031</link>
                <guid isPermaLink="true">https://cryptid-creations.deviantart.com/art/Daily-Paint-2258-Prickly-Pear-782899031</guid>
                <pubDate>Sat, 26 Jan 2019 20:00:01 PST</pubDate>
                        <media:title type="plain">Daily Paint 2258. Prickly Pear</media:title>
        <media:keywords></media:keywords>
                        <media:rating>nonadult</media:rating>
                <media:category label="Fantasy">digitalart/paintings/fantasy</media:category>
        <media:credit role="author" scheme="urn:ebu">Cryptid-Creations</media:credit>
        <media:credit role="author" scheme="urn:ebu">https://a.deviantart.net/avatars/c/r/cryptid-creations.png?1</media:credit>
        <media:copyright url="https://cryptid-creations.deviantart.com">Copyright 2019 Cryptid-Creations</media:copyright>            <media:description type="html">&lt;b&gt;&lt;/b&gt;&lt;b&gt;&lt;/b&gt;&lt;b&gt;&lt;/b&gt;&lt;b&gt;&lt;/b&gt;&lt;b&gt;&lt;/b&gt;&lt;b&gt;&lt;/b&gt;&lt;b&gt;&lt;/b&gt;&lt;b&gt;&lt;/b&gt;&lt;b&gt;&lt;/b&gt;&lt;b&gt;&lt;/b&gt;&lt;b&gt;&lt;/b&gt;&lt;b&gt;&lt;/b&gt;&lt;b&gt;&lt;/b&gt;&lt;b&gt;&lt;/b&gt;&lt;b&gt;&lt;/b&gt;&lt;b&gt;&lt;/b&gt;&lt;b&gt;&lt;/b&gt;&lt;b&gt;&lt;/b&gt;&lt;b&gt;&lt;/b&gt;&lt;b&gt;&lt;/b&gt;&lt;b&gt;&lt;/b&gt;&lt;b&gt;&lt;/b&gt;&lt;b&gt;&lt;/b&gt;&lt;b&gt;&lt;/b&gt;&lt;b&gt;&lt;/b&gt;&lt;b&gt;&lt;/b&gt;&lt;b&gt;&lt;/b&gt;&lt;b&gt;&lt;/b&gt;&lt;b&gt;&lt;/b&gt;&lt;b&gt;&lt;/b&gt;&lt;b&gt;&lt;/b&gt;&lt;b&gt;&lt;/b&gt;&lt;b&gt;&lt;/b&gt;&lt;b&gt;&lt;/b&gt;&lt;b&gt;&lt;/b&gt;&lt;b&gt;&lt;/b&gt;&lt;b&gt;&lt;/b&gt;&lt;b&gt;&lt;/b&gt;&lt;b&gt;&lt;/b&gt;&lt;b&gt;&lt;/b&gt;&lt;b&gt;&lt;/b&gt;&lt;b&gt;&lt;/b&gt;&lt;b&gt;&lt;/b&gt;&lt;b&gt;&lt;/b&gt;&lt;b&gt;&lt;/b&gt;&lt;b&gt;&lt;/b&gt;&lt;b&gt;&lt;/b&gt;&lt;b&gt;&lt;/b&gt;&lt;b&gt;&lt;/b&gt;&lt;b&gt;&lt;/b&gt;&lt;b&gt;&lt;/b&gt;&lt;b&gt;&lt;/b&gt;&lt;b&gt;&lt;/b&gt;&lt;b&gt;&lt;/b&gt;&lt;b&gt;&lt;/b&gt;&lt;b&gt;&lt;/b&gt;&lt;b&gt;&lt;/b&gt;&lt;b&gt;&lt;/b&gt;&lt;b&gt;&lt;/b&gt;&lt;b&gt;&lt;/b&gt;&lt;b&gt;&lt;/b&gt;&lt;b&gt;&lt;/b&gt;&lt;b&gt;&lt;/b&gt;&lt;b&gt;&lt;/b&gt;&lt;b&gt;&lt;/b&gt;&lt;b&gt;&lt;/b&gt;&lt;b&gt;&lt;/b&gt;&lt;b&gt;&lt;/b&gt;&lt;b&gt;&lt;/b&gt;&lt;b&gt;&lt;/b&gt;&lt;b&gt;&lt;/b&gt;&lt;b&gt;&lt;/b&gt;&lt;b&gt;&lt;/b&gt;&lt;b&gt;&lt;/b&gt;&lt;b&gt;&lt;/b&gt;&lt;b&gt;&lt;/b&gt;&lt;b&gt;&lt;/b&gt;&lt;b&gt;&lt;/b&gt;&lt;b&gt;&lt;/b&gt;&lt;b&gt;&lt;br /&gt;&lt;a class=&quot;external&quot; href=&quot;https://www.deviantart.com/users/outgoing?http://forgepublishing.com/shop/&quot;&gt;ForgePublishing.com/shop&lt;/a&gt;&lt;br /&gt;&lt;br /&gt;&lt;br /&gt;.&lt;img src=&quot;https://e.deviantart.net/emoticons/b/bulletgreen.gif&quot; width=&quot;10&quot; height=&quot;10&quot; alt=&quot;:bulletgreen:&quot; data-embed-type=&quot;emoticon&quot; data-embed-id=&quot;209&quot; title=&quot;Bullet; Green&quot;/&gt; &lt;b&gt;A big thanks to my Patrons for supporting my work! &lt;img src=&quot;https://e.deviantart.net/emoticons/s/smile.gif&quot; width=&quot;15&quot; height=&quot;15&quot; alt=&quot;:)&quot; data-embed-type=&quot;emoticon&quot; data-embed-id=&quot;391&quot; title=&quot;:) (Smile)&quot;/&gt; For time-lapses, WIP&#039;s and other goodies ---please check out my Patreon.&lt;/b&gt;&lt;b&gt;&lt;/b&gt;&lt;b&gt;&lt;/b&gt;&lt;b&gt;&lt;/b&gt;&lt;b&gt;&lt;/b&gt;&lt;b&gt;&lt;/b&gt;&lt;b&gt;&lt;/b&gt;&lt;b&gt;&lt;/b&gt;&lt;b&gt;&lt;/b&gt;&lt;b&gt;&lt;/b&gt;&lt;b&gt;&lt;/b&gt;&lt;b&gt;&lt;/b&gt;&lt;b&gt;&lt;/b&gt;&lt;b&gt;&lt;/b&gt;&lt;b&gt;&lt;/b&gt;&lt;b&gt;&lt;/b&gt;&lt;b&gt;&lt;/b&gt;&lt;b&gt;&lt;/b&gt;&lt;b&gt;&lt;/b&gt;&lt;b&gt;&lt;/b&gt;&lt;b&gt;&lt;/b&gt;&lt;b&gt;&lt;/b&gt;&lt;b&gt;&lt;/b&gt;&lt;b&gt;&lt;/b&gt;&lt;b&gt;&lt;/b&gt;&lt;b&gt;&lt;/b&gt;&lt;b&gt;&lt;/b&gt;&lt;b&gt;&lt;/b&gt;&lt;b&gt;&lt;/b&gt;&lt;b&gt;&lt;/b&gt;&lt;b&gt;&lt;/b&gt;&lt;b&gt;&lt;/b&gt;&lt;b&gt;&lt;/b&gt;&lt;b&gt;&lt;/b&gt;&lt;b&gt;&lt;/b&gt;&lt;b&gt;&lt;/b&gt;&lt;b&gt;&lt;/b&gt;&lt;b&gt;&lt;/b&gt;&lt;b&gt;&lt;/b&gt;&lt;b&gt;&lt;/b&gt;&lt;b&gt;&lt;/b&gt;&lt;b&gt;&lt;/b&gt;&lt;b&gt;&lt;/b&gt;&lt;b&gt;&lt;/b&gt;&lt;b&gt;&lt;/b&gt;&lt;b&gt;&lt;/b&gt;&lt;b&gt;&lt;/b&gt;&lt;b&gt;&lt;/b&gt;&lt;b&gt;&lt;/b&gt;&lt;b&gt;&lt;/b&gt;&lt;b&gt;&lt;/b&gt;&lt;b&gt;&lt;/b&gt;&lt;b&gt;&lt;/b&gt;&lt;b&gt;&lt;/b&gt;&lt;b&gt;&lt;/b&gt;&lt;b&gt;&lt;/b&gt;&lt;b&gt;&lt;/b&gt;&lt;b&gt;&lt;/b&gt;&lt;b&gt;&lt;/b&gt;&lt;b&gt;&lt;/b&gt;&lt;b&gt;&lt;/b&gt;&lt;b&gt;&lt;/b&gt;&lt;b&gt;&lt;/b&gt;&lt;b&gt;&lt;/b&gt;&lt;b&gt;&lt;/b&gt;&lt;b&gt;&lt;/b&gt;&lt;b&gt;&lt;/b&gt;&lt;b&gt;&lt;/b&gt;&lt;b&gt;&lt;/b&gt;&lt;b&gt;&lt;/b&gt;&lt;b&gt;&lt;/b&gt;&lt;b&gt;&lt;/b&gt;&lt;b&gt;&lt;/b&gt;&lt;b&gt;&lt;/b&gt;&lt;b&gt;&lt;/b&gt;&lt;b&gt;&lt;/b&gt;&lt;b&gt;&lt;/b&gt;&lt;b&gt;&lt;/b&gt;&lt;b&gt;&lt;/b&gt;&lt;b&gt;&lt;/b&gt;&lt;b&gt;&lt;/b&gt;&lt;b&gt;&lt;/b&gt;&lt;b&gt;&lt;/b&gt;&lt;b&gt;&lt;/b&gt;&lt;b&gt;&lt;/b&gt;&lt;b&gt;&lt;/b&gt;&lt;b&gt;&lt;/b&gt;&lt;b&gt;&lt;/b&gt;&lt;b&gt;&lt;/b&gt;&lt;b&gt;&lt;/b&gt;&lt;b&gt;&lt;/b&gt;&lt;b&gt;&lt;/b&gt;&lt;b&gt;&lt;/b&gt;&lt;b&gt;&lt;/b&gt;&lt;b&gt;&lt;/b&gt;&lt;b&gt;&lt;/b&gt;&lt;b&gt;&lt;/b&gt;&lt;b&gt;&lt;/b&gt;&lt;b&gt;&lt;/b&gt;&lt;b&gt;&lt;/b&gt;&lt;b&gt;&lt;/b&gt;&lt;b&gt;&lt;/b&gt;&lt;b&gt;&lt;/b&gt;&lt;b&gt;&lt;/b&gt;&lt;b&gt;&lt;/b&gt;&lt;b&gt;&lt;/b&gt;&lt;b&gt;&lt;/b&gt;&lt;b&gt;&lt;/b&gt;&lt;b&gt;&lt;/b&gt;&lt;b&gt;&lt;/b&gt;&lt;b&gt;&lt;/b&gt;&lt;b&gt;&lt;/b&gt;&lt;b&gt;&lt;/b&gt;&lt;b&gt;&lt;/b&gt;&lt;b&gt;&lt;/b&gt;&lt;b&gt;&lt;/b&gt;&lt;b&gt;&lt;/b&gt;&lt;b&gt;&lt;/b&gt;&lt;b&gt;&lt;/b&gt;&lt;b&gt;&lt;/b&gt;&lt;b&gt;&lt;/b&gt;&lt;b&gt;&lt;/b&gt;&lt;b&gt;&lt;/b&gt;&lt;b&gt;&lt;/b&gt;&lt;b&gt;&lt;/b&gt;&lt;b&gt;&lt;/b&gt;&lt;b&gt;&lt;/b&gt;&lt;b&gt;&lt;/b&gt;&lt;b&gt;&lt;/b&gt;&lt;b&gt;&lt;/b&gt;&lt;b&gt;&lt;/b&gt;&lt;b&gt;&lt;/b&gt;&lt;b&gt;&lt;/b&gt;&lt;b&gt;&lt;/b&gt;&lt;b&gt;&lt;/b&gt;&lt;b&gt;&lt;/b&gt;&lt;b&gt;&lt;/b&gt;&lt;b&gt;&lt;/b&gt;&lt;b&gt;&lt;/b&gt;&lt;b&gt;&lt;/b&gt;&lt;b&gt;&lt;/b&gt;&lt;b&gt;&lt;/b&gt;&lt;b&gt;&lt;/b&gt;&lt;b&gt;&lt;/b&gt;&lt;b&gt;&lt;/b&gt;&lt;b&gt;&lt;/b&gt;&lt;b&gt;&lt;/b&gt;&lt;b&gt;&lt;/b&gt;&lt;b&gt;&lt;/b&gt;&lt;b&gt;&lt;/b&gt;&lt;b&gt;&lt;/b&gt;&lt;b&gt;&lt;/b&gt;&lt;b&gt;&lt;/b&gt;&lt;b&gt;&lt;/b&gt;&lt;b&gt;&lt;/b&gt;&lt;b&gt;&lt;/b&gt;&lt;b&gt;&lt;/b&gt;&lt;b&gt;&lt;/b&gt;&lt;b&gt;&lt;/b&gt;&lt;b&gt;&lt;/b&gt;&lt;b&gt;&lt;/b&gt;&lt;b&gt;&lt;/b&gt;&lt;b&gt;&lt;/b&gt;&lt;b&gt;&lt;/b&gt;&lt;b&gt;&lt;/b&gt;&lt;b&gt;&lt;/b&gt;&lt;b&gt;&lt;/b&gt;&lt;b&gt;&lt;/b&gt;&lt;b&gt;&lt;/b&gt;&lt;b&gt;&lt;/b&gt;&lt;b&gt;&lt;/b&gt;&lt;b&gt;&lt;/b&gt;&lt;b&gt;&lt;/b&gt;&lt;b&gt;&lt;/b&gt;&lt;b&gt;&lt;/b&gt;&lt;b&gt;&lt;/b&gt;&lt;b&gt;&lt;/b&gt;&lt;b&gt;&lt;/b&gt;&lt;b&gt;&lt;/b&gt;&lt;b&gt;&lt;/b&gt;&lt;b&gt;&lt;/b&gt;&lt;b&gt;&lt;/b&gt;&lt;b&gt;&lt;/b&gt;&lt;b&gt;&lt;/b&gt;&lt;b&gt;&lt;/b&gt;&lt;b&gt;&lt;/b&gt;&lt;b&gt;&lt;/b&gt;&lt;b&gt;&lt;/b&gt;&lt;b&gt;&lt;/b&gt;&lt;b&gt;&lt;/b&gt;&lt;b&gt;&lt;/b&gt;&lt;b&gt;&lt;/b&gt;&lt;b&gt;&lt;/b&gt;&lt;b&gt;&lt;/b&gt;&lt;b&gt;&lt;/b&gt;&lt;b&gt;&lt;/b&gt;&lt;b&gt;&lt;/b&gt;&lt;b&gt;&lt;/b&gt;&lt;b&gt;&lt;/b&gt;&lt;b&gt;&lt;/b&gt;&lt;b&gt;&lt;/b&gt;&lt;b&gt;&lt;/b&gt;&lt;b&gt;&lt;/b&gt;&lt;b&gt;&lt;/b&gt;&lt;b&gt;&lt;/b&gt;&lt;b&gt;&lt;/b&gt;&lt;b&gt;&lt;/b&gt;&lt;b&gt;&lt;/b&gt;&lt;b&gt;&lt;/b&gt;&lt;b&gt;&lt;/b&gt;&lt;b&gt;&lt;/b&gt;&lt;b&gt;&lt;/b&gt;&lt;b&gt;&lt;/b&gt;&lt;b&gt;&lt;/b&gt;&lt;b&gt;&lt;/b&gt;&lt;b&gt;&lt;/b&gt;&lt;b&gt;&lt;/b&gt;&lt;b&gt;&lt;/b&gt;&lt;b&gt;&lt;/b&gt;&lt;b&gt;&lt;/b&gt;&lt;b&gt;&lt;/b&gt;&lt;b&gt;&lt;/b&gt;&lt;b&gt;&lt;/b&gt;&lt;b&gt;&lt;/b&gt;&lt;b&gt;&lt;/b&gt;&lt;b&gt;&lt;/b&gt;&lt;b&gt;&lt;/b&gt;&lt;b&gt;&lt;/b&gt;&lt;b&gt;&lt;/b&gt;&lt;b&gt;&lt;/b&gt;&lt;b&gt;&lt;/b&gt;&lt;b&gt;&lt;/b&gt;&lt;b&gt;&lt;/b&gt;&lt;b&gt;&lt;/b&gt;&lt;b&gt;&lt;/b&gt;&lt;b&gt;&lt;/b&gt;&lt;b&gt;&lt;/b&gt;&lt;b&gt;&lt;/b&gt;&lt;b&gt;&lt;/b&gt;&lt;b&gt;&lt;/b&gt;&lt;b&gt;&lt;/b&gt;&lt;b&gt;&lt;/b&gt;&lt;b&gt;&lt;/b&gt;&lt;b&gt;&lt;/b&gt;&lt;b&gt;&lt;/b&gt;&lt;b&gt;&lt;/b&gt;&lt;b&gt;&lt;/b&gt;&lt;b&gt;&lt;/b&gt;&lt;b&gt;&lt;/b&gt;&lt;b&gt;&lt;/b&gt;&lt;b&gt;&lt;/b&gt;&lt;b&gt;&lt;/b&gt;&lt;b&gt;&lt;/b&gt;&lt;b&gt;&lt;/b&gt;&lt;b&gt;&lt;/b&gt;&lt;b&gt;&lt;/b&gt;&lt;b&gt;&lt;/b&gt;&lt;b&gt;&lt;/b&gt;&lt;b&gt;&lt;/b&gt;&lt;b&gt;&lt;/b&gt;&lt;b&gt;&lt;/b&gt;&lt;b&gt;&lt;/b&gt;&lt;b&gt;&lt;/b&gt;&lt;b&gt;&lt;/b&gt;&lt;b&gt;&lt;/b&gt;&lt;b&gt;&lt;/b&gt;&lt;b&gt;&lt;/b&gt;&lt;b&gt;&lt;/b&gt;&lt;b&gt;&lt;/b&gt;&lt;b&gt;&lt;/b&gt;&lt;b&gt;&lt;/b&gt;&lt;b&gt;&lt;/b&gt;&lt;b&gt;&lt;/b&gt;&lt;b&gt;&lt;/b&gt;&lt;b&gt;&lt;/b&gt;&lt;b&gt;&lt;/b&gt;&lt;b&gt;&lt;/b&gt;&lt;b&gt;&lt;/b&gt;&lt;b&gt;&lt;/b&gt;&lt;b&gt;&lt;/b&gt;&lt;b&gt;&lt;/b&gt;&lt;b&gt;&lt;/b&gt;&lt;b&gt;&lt;/b&gt;&lt;b&gt;&lt;/b&gt;&lt;b&gt;&lt;/b&gt;&lt;b&gt;&lt;/b&gt;&lt;b&gt;&lt;/b&gt;&lt;b&gt;&lt;/b&gt;&lt;b&gt;&lt;/b&gt;&lt;b&gt;&lt;/b&gt;&lt;b&gt;&lt;/b&gt;&lt;b&gt;&lt;/b&gt;&lt;b&gt;&lt;/b&gt;&lt;b&gt;&lt;/b&gt;&lt;b&gt;&lt;/b&gt;&lt;b&gt;&lt;/b&gt;&lt;b&gt;&lt;/b&gt;&lt;b&gt;&lt;/b&gt;&lt;b&gt;&lt;/b&gt;&lt;b&gt;&lt;/b&gt;&lt;b&gt;&lt;/b&gt;&lt;b&gt;&lt;/b&gt;&lt;b&gt;&lt;/b&gt;&lt;b&gt;&lt;/b&gt;&lt;b&gt;&lt;/b&gt;&lt;b&gt;&lt;/b&gt;&lt;b&gt;&lt;/b&gt;&lt;b&gt;&lt;/b&gt;&lt;b&gt;&lt;/b&gt;&lt;b&gt;&lt;/b&gt;&lt;b&gt;&lt;/b&gt;&lt;b&gt;&lt;/b&gt;&lt;b&gt;&lt;/b&gt;&lt;b&gt;&lt;/b&gt;&lt;b&gt;&lt;/b&gt;&lt;b&gt;&lt;/b&gt;&lt;b&gt;&lt;/b&gt;&lt;b&gt;&lt;/b&gt;&lt;b&gt;&lt;/b&gt;&lt;b&gt;&lt;/b&gt;&lt;b&gt;&lt;/b&gt;&lt;b&gt;&lt;/b&gt;&lt;b&gt;&lt;/b&gt;&lt;b&gt;&lt;/b&gt;&lt;b&gt;&lt;/b&gt;&lt;b&gt;&lt;/b&gt;&lt;b&gt;&lt;/b&gt;&lt;b&gt;&lt;/b&gt;&lt;b&gt;&lt;/b&gt;&lt;b&gt;&lt;/b&gt;&lt;b&gt;&lt;/b&gt;&lt;b&gt;&lt;/b&gt;&lt;b&gt;&lt;/b&gt;&lt;b&gt;&lt;/b&gt;&lt;b&gt;&lt;/b&gt;&lt;b&gt;&lt;/b&gt;&lt;b&gt;&lt;/b&gt;&lt;b&gt;&lt;/b&gt;&lt;b&gt;&lt;/b&gt;&lt;b&gt;&lt;/b&gt;&lt;b&gt;&lt;/b&gt;&lt;b&gt;&lt;/b&gt;&lt;b&gt;&lt;/b&gt;&lt;b&gt;&lt;/b&gt;&lt;b&gt;&lt;/b&gt;&lt;b&gt;&lt;/b&gt;&lt;b&gt;&lt;/b&gt;&lt;b&gt;&lt;/b&gt;&lt;b&gt;&lt;/b&gt;&lt;b&gt;&lt;/b&gt;&lt;b&gt;&lt;/b&gt;&lt;b&gt;&lt;/b&gt;&lt;b&gt;&lt;/b&gt;&lt;b&gt;&lt;/b&gt;&lt;b&gt;&lt;/b&gt;&lt;b&gt;&lt;/b&gt;&lt;b&gt;&lt;/b&gt;&lt;b&gt;&lt;/b&gt;&lt;b&gt;&lt;/b&gt;&lt;b&gt;&lt;/b&gt;&lt;b&gt;&lt;/b&gt;&lt;b&gt;&lt;/b&gt;&lt;b&gt;&lt;/b&gt;&lt;b&gt;&lt;/b&gt;&lt;b&gt;&lt;/b&gt;&lt;b&gt;&lt;/b&gt;&lt;b&gt;&lt;/b&gt;&lt;b&gt;&lt;/b&gt;&lt;b&gt;&lt;/b&gt;&lt;b&gt;&lt;/b&gt;&lt;b&gt;&lt;/b&gt;&lt;b&gt;&lt;/b&gt;&lt;b&gt;&lt;/b&gt;&lt;b&gt;&lt;/b&gt;&lt;b&gt;&lt;/b&gt;&lt;b&gt;&lt;/b&gt;&lt;b&gt;&lt;/b&gt;&lt;b&gt;&lt;/b&gt;&lt;b&gt;&lt;/b&gt;&lt;b&gt;&lt;/b&gt;&lt;b&gt;&lt;/b&gt;&lt;b&gt;&lt;/b&gt;&lt;b&gt;&lt;/b&gt;&lt;b&gt;&lt;/b&gt;&lt;b&gt;&lt;/b&gt;&lt;b&gt;&lt;/b&gt;&lt;b&gt;&lt;/b&gt;&lt;b&gt;&lt;/b&gt;&lt;b&gt;&lt;/b&gt;&lt;b&gt;&lt;/b&gt;&lt;b&gt;&lt;/b&gt;&lt;b&gt;&lt;/b&gt;&lt;b&gt;&lt;/b&gt;&lt;b&gt;&lt;/b&gt;&lt;b&gt;&lt;/b&gt;&lt;b&gt;&lt;/b&gt;&lt;b&gt;&lt;/b&gt;&lt;b&gt;&lt;/b&gt;&lt;b&gt;&lt;/b&gt;&lt;b&gt;&lt;/b&gt;&lt;b&gt;&lt;/b&gt;&lt;b&gt;&lt;/b&gt;&lt;b&gt;&lt;/b&gt;&lt;b&gt;&lt;/b&gt;&lt;b&gt;&lt;/b&gt;&lt;b&gt;&lt;/b&gt;&lt;b&gt;&lt;/b&gt;&lt;b&gt;&lt;/b&gt;&lt;b&gt;&lt;/b&gt;&lt;b&gt;&lt;/b&gt;&lt;b&gt;&lt;/b&gt;&lt;b&gt;&lt;/b&gt;&lt;b&gt;&lt;/b&gt;&lt;b&gt;&lt;/b&gt;&lt;b&gt;&lt;/b&gt;&lt;b&gt;&lt;/b&gt;&lt;b&gt;&lt;/b&gt;&lt;b&gt;&lt;/b&gt;&lt;b&gt;&lt;/b&gt;&lt;b&gt;&lt;/b&gt;&lt;b&gt;&lt;/b&gt;&lt;b&gt;&lt;/b&gt;&lt;b&gt;&lt;/b&gt;&lt;b&gt;&lt;/b&gt;&lt;b&gt;&lt;/b&gt;&lt;b&gt;&lt;/b&gt;&lt;b&gt;&lt;/b&gt;&lt;b&gt;&lt;/b&gt;&lt;b&gt;&lt;/b&gt;&lt;b&gt;&lt;/b&gt;&lt;b&gt;&lt;/b&gt;&lt;b&gt;&lt;/b&gt;&lt;b&gt;&lt;/b&gt;&lt;b&gt;&lt;/b&gt;&lt;b&gt;&lt;/b&gt;&lt;b&gt;&lt;/b&gt;&lt;b&gt;&lt;/b&gt;&lt;b&gt;&lt;/b&gt;&lt;b&gt;&lt;/b&gt;&lt;b&gt;&lt;/b&gt;&lt;b&gt;&lt;/b&gt;&lt;b&gt;&lt;/b&gt;&lt;b&gt;&lt;/b&gt;&lt;b&gt;&lt;/b&gt;&lt;b&gt;&lt;/b&gt;&lt;b&gt;&lt;/b&gt;&lt;b&gt;&lt;/b&gt;&lt;b&gt;&lt;/b&gt;&lt;b&gt;&lt;/b&gt;&lt;b&gt;&lt;/b&gt;&lt;b&gt;&lt;/b&gt;&lt;b&gt;&lt;/b&gt;&lt;b&gt;&lt;/b&gt;&lt;b&gt;&lt;/b&gt;&lt;b&gt;&lt;/b&gt;&lt;b&gt;&lt;/b&gt;&lt;b&gt;&lt;/b&gt;&lt;b&gt;&lt;/b&gt;&lt;b&gt;&lt;/b&gt;&lt;b&gt;&lt;/b&gt;&lt;b&gt;&lt;/b&gt;&lt;b&gt;&lt;/b&gt;&lt;b&gt;&lt;/b&gt;&lt;b&gt;&lt;/b&gt;&lt;b&gt;&lt;/b&gt;&lt;b&gt;&lt;/b&gt;&lt;b&gt;&lt;/b&gt;&lt;b&gt;&lt;/b&gt;&lt;b&gt;&lt;/b&gt;&lt;b&gt;&lt;/b&gt;&lt;b&gt;&lt;/b&gt;&lt;b&gt;&lt;/b&gt;&lt;b&gt;&lt;/b&gt;&lt;b&gt;&lt;/b&gt;&lt;b&gt;&lt;/b&gt;&lt;b&gt;&lt;/b&gt;&lt;b&gt;&lt;/b&gt;&lt;b&gt;&lt;/b&gt;&lt;b&gt;&lt;/b&gt;&lt;b&gt;&lt;/b&gt;&lt;b&gt;&lt;/b&gt;&lt;b&gt;&lt;/b&gt;&lt;b&gt;&lt;/b&gt;&lt;b&gt;&lt;/b&gt;&lt;b&gt;&lt;/b&gt;&lt;b&gt;&lt;/b&gt;&lt;b&gt;&lt;/b&gt;&lt;b&gt;&lt;br /&gt;&lt;a class=&quot;external&quot; href=&quot;https://www.deviantart.com/users/outgoing?https://www.patreon.com/user?u=457132&amp;amp;ty=c&quot;&gt;Patreon&lt;/a&gt;&lt;br /&gt;&lt;img src=&quot;https://e.deviantart.net/emoticons/b/bulletgreen.gif&quot; width=&quot;10&quot; height=&quot;10&quot; alt=&quot;:bulletgreen:&quot; data-embed-type=&quot;emoticon&quot; data-embed-id=&quot;209&quot; title=&quot;Bullet; Green&quot;/&gt; &lt;b&gt;Other sites to follow my work&lt;/b&gt;&lt;b&gt;&lt;/b&gt;&lt;b&gt;&lt;/b&gt;&lt;b&gt;&lt;/b&gt;&lt;b&gt;&lt;/b&gt;&lt;b&gt;&lt;/b&gt;&lt;b&gt;&lt;/b&gt;&lt;b&gt;&lt;/b&gt;&lt;b&gt;&lt;/b&gt;&lt;b&gt;&lt;/b&gt;&lt;b&gt;&lt;/b&gt;&lt;b&gt;&lt;/b&gt;&lt;b&gt;&lt;/b&gt;&lt;b&gt;&lt;/b&gt;&lt;b&gt;&lt;/b&gt;&lt;b&gt;&lt;/b&gt;&lt;b&gt;&lt;/b&gt;&lt;b&gt;&lt;/b&gt;&lt;b&gt;&lt;/b&gt;&lt;b&gt;&lt;/b&gt;&lt;b&gt;&lt;/b&gt;&lt;b&gt;&lt;/b&gt;&lt;b&gt;&lt;/b&gt;&lt;b&gt;&lt;/b&gt;&lt;b&gt;&lt;/b&gt;&lt;b&gt;&lt;/b&gt;&lt;b&gt;&lt;/b&gt;&lt;b&gt;&lt;/b&gt;&lt;b&gt;&lt;/b&gt;&lt;b&gt;&lt;/b&gt;&lt;b&gt;&lt;/b&gt;&lt;b&gt;&lt;/b&gt;&lt;b&gt;&lt;/b&gt;&lt;b&gt;&lt;/b&gt;&lt;b&gt;&lt;/b&gt;&lt;b&gt;&lt;/b&gt;&lt;b&gt;&lt;/b&gt;&lt;b&gt;&lt;/b&gt;&lt;b&gt;&lt;/b&gt;&lt;b&gt;&lt;/b&gt;&lt;b&gt;&lt;/b&gt;&lt;b&gt;&lt;/b&gt;&lt;b&gt;&lt;/b&gt;&lt;b&gt;&lt;/b&gt;&lt;b&gt;&lt;/b&gt;&lt;b&gt;&lt;/b&gt;&lt;b&gt;&lt;/b&gt;&lt;b&gt;&lt;/b&gt;&lt;b&gt;&lt;/b&gt;&lt;b&gt;&lt;/b&gt;&lt;b&gt;&lt;/b&gt;&lt;b&gt;&lt;/b&gt;&lt;b&gt;&lt;/b&gt;&lt;b&gt;&lt;/b&gt;&lt;b&gt;&lt;/b&gt;&lt;b&gt;&lt;/b&gt;&lt;b&gt;&lt;/b&gt;&lt;b&gt;&lt;/b&gt;&lt;b&gt;&lt;/b&gt;&lt;b&gt;&lt;/b&gt;&lt;b&gt;&lt;/b&gt;&lt;b&gt;&lt;/b&gt;&lt;b&gt;&lt;/b&gt;&lt;b&gt;&lt;/b&gt;&lt;b&gt;&lt;/b&gt;&lt;b&gt;&lt;/b&gt;&lt;b&gt;&lt;/b&gt;&lt;b&gt;&lt;/b&gt;&lt;b&gt;&lt;/b&gt;&lt;b&gt;&lt;/b&gt;&lt;b&gt;&lt;/b&gt;&lt;b&gt;&lt;/b&gt;&lt;b&gt;&lt;/b&gt;&lt;b&gt;&lt;/b&gt;&lt;b&gt;&lt;/b&gt;&lt;b&gt;&lt;/b&gt;&lt;b&gt;&lt;/b&gt;&lt;b&gt;&lt;/b&gt;&lt;b&gt;&lt;/b&gt;&lt;b&gt;&lt;/b&gt;&lt;b&gt;&lt;/b&gt;&lt;b&gt;&lt;/b&gt;&lt;b&gt;&lt;/b&gt;&lt;b&gt;&lt;/b&gt;&lt;b&gt;&lt;/b&gt;&lt;b&gt;&lt;/b&gt;&lt;b&gt;&lt;/b&gt;&lt;b&gt;&lt;/b&gt;&lt;b&gt;&lt;/b&gt;&lt;b&gt;&lt;/b&gt;&lt;b&gt;&lt;/b&gt;&lt;b&gt;&lt;/b&gt;&lt;b&gt;&lt;/b&gt;&lt;b&gt;&lt;/b&gt;&lt;b&gt;&lt;/b&gt;&lt;b&gt;&lt;/b&gt;&lt;b&gt;&lt;/b&gt;&lt;b&gt;&lt;/b&gt;&lt;b&gt;&lt;/b&gt;&lt;b&gt;&lt;/b&gt;&lt;b&gt;&lt;/b&gt;&lt;b&gt;&lt;/b&gt;&lt;b&gt;&lt;/b&gt;&lt;b&gt;&lt;/b&gt;&lt;b&gt;&lt;/b&gt;&lt;b&gt;&lt;/b&gt;&lt;b&gt;&lt;/b&gt;&lt;b&gt;&lt;/b&gt;&lt;b&gt;&lt;/b&gt;&lt;b&gt;&lt;/b&gt;&lt;b&gt;&lt;/b&gt;&lt;b&gt;&lt;/b&gt;&lt;b&gt;&lt;/b&gt;&lt;b&gt;&lt;/b&gt;&lt;b&gt;&lt;/b&gt;&lt;b&gt;&lt;/b&gt;&lt;b&gt;&lt;/b&gt;&lt;b&gt;&lt;/b&gt;&lt;b&gt;&lt;/b&gt;&lt;b&gt;&lt;/b&gt;&lt;b&gt;&lt;/b&gt;&lt;b&gt;&lt;/b&gt;&lt;b&gt;&lt;/b&gt;&lt;b&gt;&lt;/b&gt;&lt;b&gt;&lt;/b&gt;&lt;b&gt;&lt;/b&gt;&lt;b&gt;&lt;/b&gt;&lt;b&gt;&lt;/b&gt;&lt;b&gt;&lt;/b&gt;&lt;b&gt;&lt;/b&gt;&lt;b&gt;&lt;/b&gt;&lt;b&gt;&lt;/b&gt;&lt;b&gt;&lt;/b&gt;&lt;b&gt;&lt;/b&gt;&lt;b&gt;&lt;/b&gt;&lt;b&gt;&lt;/b&gt;&lt;b&gt;&lt;/b&gt;&lt;b&gt;&lt;/b&gt;&lt;b&gt;&lt;/b&gt;&lt;b&gt;&lt;/b&gt;&lt;b&gt;&lt;/b&gt;&lt;b&gt;&lt;/b&gt;&lt;b&gt;&lt;/b&gt;&lt;b&gt;&lt;/b&gt;&lt;b&gt;&lt;/b&gt;&lt;b&gt;&lt;/b&gt;&lt;b&gt;&lt;/b&gt;&lt;b&gt;&lt;/b&gt;&lt;b&gt;&lt;/b&gt;&lt;b&gt;&lt;/b&gt;&lt;b&gt;&lt;/b&gt;&lt;b&gt;&lt;/b&gt;&lt;b&gt;&lt;/b&gt;&lt;b&gt;&lt;/b&gt;&lt;b&gt;&lt;/b&gt;&lt;b&gt;&lt;/b&gt;&lt;b&gt;&lt;/b&gt;&lt;b&gt;&lt;/b&gt;&lt;b&gt;&lt;/b&gt;&lt;b&gt;&lt;/b&gt;&lt;b&gt;&lt;/b&gt;&lt;b&gt;&lt;/b&gt;&lt;b&gt;&lt;/b&gt;&lt;b&gt;&lt;/b&gt;&lt;b&gt;&lt;/b&gt;&lt;b&gt;&lt;/b&gt;&lt;b&gt;&lt;/b&gt;&lt;b&gt;&lt;/b&gt;&lt;b&gt;&lt;/b&gt;&lt;b&gt;&lt;/b&gt;&lt;b&gt;&lt;/b&gt;&lt;b&gt;&lt;/b&gt;&lt;b&gt;&lt;/b&gt;&lt;b&gt;&lt;/b&gt;&lt;b&gt;&lt;/b&gt;&lt;b&gt;&lt;/b&gt;&lt;b&gt;&lt;/b&gt;&lt;b&gt;&lt;/b&gt;&lt;b&gt;&lt;/b&gt;&lt;b&gt;&lt;/b&gt;&lt;b&gt;&lt;/b&gt;&lt;b&gt;&lt;/b&gt;&lt;b&gt;&lt;/b&gt;&lt;b&gt;&lt;/b&gt;&lt;b&gt;&lt;/b&gt;&lt;b&gt;&lt;/b&gt;&lt;b&gt;&lt;/b&gt;&lt;b&gt;&lt;/b&gt;&lt;b&gt;&lt;/b&gt;&lt;b&gt;&lt;/b&gt;&lt;b&gt;&lt;/b&gt;&lt;b&gt;&lt;/b&gt;&lt;b&gt;&lt;/b&gt;&lt;b&gt;&lt;/b&gt;&lt;b&gt;&lt;/b&gt;&lt;b&gt;&lt;/b&gt;&lt;b&gt;&lt;/b&gt;&lt;b&gt;&lt;/b&gt;&lt;b&gt;&lt;/b&gt;&lt;b&gt;&lt;/b&gt;&lt;b&gt;&lt;/b&gt;&lt;b&gt;&lt;/b&gt;&lt;b&gt;&lt;/b&gt;&lt;b&gt;&lt;/b&gt;&lt;b&gt;&lt;/b&gt;&lt;b&gt;&lt;/b&gt;&lt;b&gt;&lt;/b&gt;&lt;b&gt;&lt;/b&gt;&lt;b&gt;&lt;/b&gt;&lt;b&gt;&lt;/b&gt;&lt;b&gt;&lt;/b&gt;&lt;b&gt;&lt;/b&gt;&lt;b&gt;&lt;/b&gt;&lt;b&gt;&lt;/b&gt;&lt;b&gt;&lt;/b&gt;&lt;b&gt;&lt;/b&gt;&lt;b&gt;&lt;/b&gt;&lt;b&gt;&lt;/b&gt;&lt;b&gt;&lt;/b&gt;&lt;b&gt;&lt;/b&gt;&lt;b&gt;&lt;/b&gt;&lt;b&gt;&lt;/b&gt;&lt;b&gt;&lt;/b&gt;&lt;b&gt;&lt;/b&gt;&lt;b&gt;&lt;/b&gt;&lt;b&gt;&lt;/b&gt;&lt;b&gt;&lt;/b&gt;&lt;b&gt;&lt;/b&gt;&lt;b&gt;&lt;/b&gt;&lt;b&gt;&lt;/b&gt;&lt;b&gt;&lt;/b&gt;&lt;b&gt;&lt;/b&gt;&lt;b&gt;&lt;/b&gt;&lt;b&gt;&lt;/b&gt;&lt;b&gt;&lt;/b&gt;&lt;b&gt;&lt;/b&gt;&lt;b&gt;&lt;/b&gt;&lt;b&gt;&lt;/b&gt;&lt;b&gt;&lt;/b&gt;&lt;b&gt;&lt;/b&gt;&lt;b&gt;&lt;/b&gt;&lt;b&gt;&lt;/b&gt;&lt;b&gt;&lt;/b&gt;&lt;b&gt;&lt;/b&gt;&lt;b&gt;&lt;/b&gt;&lt;b&gt;&lt;/b&gt;&lt;b&gt;&lt;/b&gt;&lt;b&gt;&lt;/b&gt;&lt;b&gt;&lt;/b&gt;&lt;b&gt;&lt;/b&gt;&lt;b&gt;&lt;/b&gt;&lt;b&gt;&lt;/b&gt;&lt;b&gt;&lt;/b&gt;&lt;b&gt;&lt;/b&gt;&lt;b&gt;&lt;/b&gt;&lt;b&gt;&lt;/b&gt;&lt;b&gt;&lt;/b&gt;&lt;b&gt;&lt;/b&gt;&lt;b&gt;&lt;/b&gt;&lt;b&gt;&lt;/b&gt;&lt;b&gt;&lt;/b&gt;&lt;b&gt;&lt;/b&gt;&lt;b&gt;&lt;/b&gt;&lt;b&gt;&lt;/b&gt;&lt;b&gt;&lt;/b&gt;&lt;b&gt;&lt;/b&gt;&lt;b&gt;&lt;/b&gt;&lt;b&gt;&lt;/b&gt;&lt;b&gt;&lt;/b&gt;&lt;b&gt;&lt;/b&gt;&lt;b&gt;&lt;/b&gt;&lt;b&gt;&lt;/b&gt;&lt;b&gt;&lt;/b&gt;&lt;b&gt;&lt;/b&gt;&lt;b&gt;&lt;/b&gt;&lt;b&gt;&lt;/b&gt;&lt;b&gt;&lt;/b&gt;&lt;b&gt;&lt;/b&gt;&lt;b&gt;&lt;/b&gt;&lt;b&gt;&lt;/b&gt;&lt;b&gt;&lt;/b&gt;&lt;b&gt;&lt;/b&gt;&lt;b&gt;&lt;/b&gt;&lt;b&gt;&lt;/b&gt;&lt;b&gt;&lt;/b&gt;&lt;b&gt;&lt;/b&gt;&lt;b&gt;&lt;/b&gt;&lt;b&gt;&lt;/b&gt;&lt;b&gt;&lt;/b&gt;&lt;b&gt;&lt;/b&gt;&lt;b&gt;&lt;/b&gt;&lt;b&gt;&lt;/b&gt;&lt;b&gt;&lt;/b&gt;&lt;b&gt;&lt;/b&gt;&lt;b&gt;&lt;/b&gt;&lt;b&gt;&lt;/b&gt;&lt;b&gt;&lt;/b&gt;&lt;b&gt;&lt;/b&gt;&lt;b&gt;&lt;/b&gt;&lt;b&gt;&lt;/b&gt;&lt;b&gt;&lt;/b&gt;&lt;b&gt;&lt;/b&gt;&lt;b&gt;&lt;/b&gt;&lt;b&gt;&lt;/b&gt;&lt;b&gt;&lt;/b&gt;&lt;b&gt;&lt;/b&gt;&lt;b&gt;&lt;/b&gt;&lt;b&gt;&lt;/b&gt;&lt;b&gt;&lt;/b&gt;&lt;b&gt;&lt;/b&gt;&lt;b&gt;&lt;/b&gt;&lt;b&gt;&lt;/b&gt;&lt;b&gt;&lt;/b&gt;&lt;b&gt;&lt;/b&gt;&lt;b&gt;&lt;/b&gt;&lt;b&gt;&lt;/b&gt;&lt;b&gt;&lt;/b&gt;&lt;b&gt;&lt;/b&gt;&lt;b&gt;&lt;/b&gt;&lt;b&gt;&lt;/b&gt;&lt;b&gt;&lt;/b&gt;&lt;b&gt;&lt;/b&gt;&lt;b&gt;&lt;/b&gt;&lt;b&gt;&lt;/b&gt;&lt;b&gt;&lt;/b&gt;&lt;b&gt;&lt;/b&gt;&lt;b&gt;&lt;/b&gt;&lt;b&gt;&lt;/b&gt;&lt;b&gt;&lt;/b&gt;&lt;b&gt;&lt;/b&gt;&lt;b&gt;&lt;/b&gt;&lt;b&gt;&lt;/b&gt;&lt;b&gt;&lt;/b&gt;&lt;b&gt;&lt;/b&gt;&lt;b&gt;&lt;/b&gt;&lt;b&gt;&lt;/b&gt;&lt;b&gt;&lt;/b&gt;&lt;b&gt;&lt;/b&gt;&lt;b&gt;&lt;/b&gt;&lt;b&gt;&lt;/b&gt;&lt;b&gt;&lt;/b&gt;&lt;b&gt;&lt;/b&gt;&lt;b&gt;&lt;/b&gt;&lt;b&gt;&lt;/b&gt;&lt;b&gt;&lt;/b&gt;&lt;b&gt;&lt;/b&gt;&lt;b&gt;&lt;/b&gt;&lt;b&gt;&lt;/b&gt;&lt;b&gt;&lt;/b&gt;&lt;b&gt;&lt;/b&gt;&lt;b&gt;&lt;/b&gt;&lt;b&gt;&lt;/b&gt;&lt;b&gt;&lt;/b&gt;&lt;b&gt;&lt;/b&gt;&lt;b&gt;&lt;/b&gt;&lt;b&gt;&lt;/b&gt;&lt;b&gt;&lt;/b&gt;&lt;b&gt;&lt;/b&gt;&lt;b&gt;&lt;/b&gt;&lt;b&gt;&lt;/b&gt;&lt;b&gt;&lt;/b&gt;&lt;b&gt;&lt;/b&gt;&lt;b&gt;&lt;/b&gt;&lt;b&gt;&lt;/b&gt;&lt;b&gt;&lt;/b&gt;&lt;b&gt;&lt;/b&gt;&lt;b&gt;&lt;/b&gt;&lt;b&gt;&lt;/b&gt;&lt;b&gt;&lt;/b&gt;&lt;b&gt;&lt;/b&gt;&lt;b&gt;&lt;/b&gt;&lt;b&gt;&lt;/b&gt;&lt;b&gt;&lt;/b&gt;&lt;b&gt;&lt;/b&gt;&lt;b&gt;&lt;/b&gt;&lt;b&gt;&lt;/b&gt;&lt;b&gt;&lt;/b&gt;&lt;b&gt;&lt;/b&gt;&lt;b&gt;&lt;/b&gt;&lt;b&gt;&lt;/b&gt;&lt;b&gt;&lt;/b&gt;&lt;b&gt;&lt;/b&gt;&lt;b&gt;&lt;/b&gt;&lt;b&gt;&lt;/b&gt;&lt;b&gt;&lt;/b&gt;&lt;b&gt;&lt;/b&gt;&lt;b&gt;&lt;/b&gt;&lt;b&gt;&lt;/b&gt;&lt;b&gt;&lt;/b&gt;&lt;b&gt;&lt;/b&gt;&lt;b&gt;&lt;/b&gt;&lt;b&gt;&lt;/b&gt;&lt;b&gt;&lt;/b&gt;&lt;b&gt;&lt;/b&gt;&lt;b&gt;&lt;/b&gt;&lt;b&gt;&lt;/b&gt;&lt;b&gt;&lt;/b&gt;&lt;b&gt;&lt;/b&gt;&lt;b&gt;&lt;/b&gt;&lt;b&gt;&lt;/b&gt;&lt;b&gt;&lt;/b&gt;&lt;b&gt;&lt;/b&gt;&lt;b&gt;&lt;/b&gt;&lt;b&gt;&lt;/b&gt;&lt;b&gt;&lt;/b&gt;&lt;b&gt;&lt;/b&gt;&lt;b&gt;&lt;/b&gt;&lt;b&gt;&lt;/b&gt;&lt;b&gt;&lt;/b&gt;&lt;b&gt;&lt;/b&gt;&lt;b&gt;&lt;/b&gt;&lt;b&gt;&lt;/b&gt;&lt;b&gt;&lt;/b&gt;&lt;b&gt;&lt;/b&gt;&lt;b&gt;&lt;/b&gt;&lt;b&gt;&lt;/b&gt;&lt;b&gt;&lt;/b&gt;&lt;b&gt;&lt;/b&gt;&lt;b&gt;&lt;/b&gt;&lt;b&gt;&lt;/b&gt;&lt;b&gt;&lt;/b&gt;&lt;b&gt;&lt;/b&gt;&lt;b&gt;&lt;/b&gt;&lt;b&gt;&lt;/b&gt;&lt;b&gt;&lt;/b&gt;&lt;b&gt;&lt;/b&gt;&lt;b&gt;&lt;/b&gt;&lt;b&gt;&lt;/b&gt;&lt;b&gt;&lt;/b&gt;&lt;b&gt;&lt;/b&gt;&lt;b&gt;&lt;/b&gt;&lt;b&gt;&lt;/b&gt;&lt;b&gt;&lt;/b&gt;&lt;b&gt;&lt;/b&gt;&lt;b&gt;&lt;/b&gt;&lt;b&gt;&lt;/b&gt;&lt;b&gt;&lt;/b&gt;&lt;b&gt;&lt;/b&gt;&lt;b&gt;&lt;/b&gt;&lt;b&gt;&lt;/b&gt;&lt;b&gt;&lt;/b&gt;&lt;b&gt;&lt;/b&gt;&lt;b&gt;&lt;/b&gt;&lt;b&gt;&lt;/b&gt;&lt;b&gt;&lt;/b&gt;&lt;b&gt;&lt;/b&gt;&lt;b&gt;&lt;/b&gt;&lt;b&gt;&lt;/b&gt;&lt;b&gt;&lt;/b&gt;&lt;b&gt;&lt;/b&gt;&lt;b&gt;&lt;/b&gt;&lt;b&gt;&lt;/b&gt;&lt;b&gt;&lt;/b&gt;&lt;b&gt;&lt;/b&gt;&lt;b&gt;&lt;/b&gt;&lt;b&gt;&lt;/b&gt;&lt;b&gt;&lt;/b&gt;&lt;b&gt;&lt;/b&gt;&lt;b&gt;&lt;/b&gt;&lt;b&gt;&lt;/b&gt;&lt;b&gt;&lt;/b&gt;&lt;b&gt;&lt;/b&gt;&lt;b&gt;&lt;/b&gt;&lt;b&gt;&lt;/b&gt;&lt;b&gt;&lt;/b&gt;&lt;b&gt;&lt;/b&gt;&lt;b&gt;&lt;/b&gt;&lt;b&gt;&lt;/b&gt;&lt;b&gt;&lt;/b&gt;&lt;b&gt;&lt;/b&gt;&lt;b&gt;&lt;/b&gt;&lt;b&gt;&lt;/b&gt;&lt;b&gt;&lt;/b&gt;&lt;b&gt;&lt;/b&gt;&lt;b&gt;&lt;/b&gt;&lt;b&gt;&lt;/b&gt;&lt;b&gt;&lt;/b&gt;&lt;b&gt;&lt;/b&gt;&lt;b&gt;&lt;/b&gt;&lt;b&gt;&lt;/b&gt;&lt;b&gt;&lt;/b&gt;&lt;b&gt;&lt;/b&gt;&lt;b&gt;&lt;/b&gt;&lt;b&gt;&lt;/b&gt;&lt;b&gt;&lt;/b&gt;&lt;b&gt;&lt;/b&gt;&lt;b&gt;&lt;/b&gt;&lt;b&gt;&lt;br /&gt;&lt;img src=&quot;https://e.deviantart.net/emoticons/f/facebook.gif&quot; width=&quot;16&quot; height=&quot;16&quot; alt=&quot;:facebook:&quot; data-embed-type=&quot;emoticon&quot; data-embed-id=&quot;616&quot; title=&quot;Facebook&quot;/&gt; &lt;a class=&quot;external&quot; href=&quot;https://www.deviantart.com/users/outgoing?https://www.facebook.com/CryptidCreations/timeline&quot;&gt;Facebook&lt;/a&gt;&lt;br /&gt;&lt;img src=&quot;https://e.deviantart.net/emoticons/t/twitter_2.gif&quot; width=&quot;16&quot; height=&quot;16&quot; alt=&quot;:twitter:&quot; data-embed-type=&quot;emoticon&quot; data-embed-id=&quot;614&quot; title=&quot;Twitter&quot;/&gt; &lt;a class=&quot;external&quot; href=&quot;https://www.deviantart.com/users/outgoing?https://twitter.com/Piper_Thibodeau&quot;&gt;Twitter&lt;/a&gt;&lt;br /&gt;&lt;img src=&quot;https://e.deviantart.net/emoticons/b/bulletgreen.gif&quot; width=&quot;10&quot; height=&quot;10&quot; alt=&quot;:bulletgreen:&quot; data-embed-type=&quot;emoticon&quot; data-embed-id=&quot;209&quot; title=&quot;Bullet; Green&quot;/&gt; For any business related inquiries please send me an e-mail at cryptidcreations@gmail.com&lt;br /&gt;&lt;/b&gt;&lt;/b&gt;&lt;/b&gt;</media:description>            <media:thumbnail url="https://t00.deviantart.net/6-3OsxP4Snf7lEwhCf_LTnmFHBo=/fit-in/150x150/filters:no_upscale():origin()/pre00/2458/th/pre/f/2019/026/9/8/daily_paint_2258__prickly_pear_by_cryptid_creations-dcy48rb.png" height="135" width="150"/>            <media:thumbnail url="https://t00.deviantart.net/Ydgu6pFOkEvpzS6tzCeDp5oxnCI=/fit-in/300x900/filters:no_upscale():origin()/pre00/2458/th/pre/f/2019/026/9/8/daily_paint_2258__prickly_pear_by_cryptid_creations-dcy48rb.png" height="270" width="300"/>            <media:thumbnail url="https://t00.deviantart.net/SjG413sKKwbfjy_RZ7C6roNmb-A=/300x200/filters:fixed_height(100,100):origin()/pre00/2458/th/pre/f/2019/026/9/8/daily_paint_2258__prickly_pear_by_cryptid_creations-dcy48rb.png" height="200" width="222"/>            <media:content url="https://orig00.deviantart.net/b1e8/f/2019/026/9/8/daily_paint_2258__prickly_pear_by_cryptid_creations-dcy48rb.png" height="721" width="800" medium="image"/>            
            <description>&lt;b&gt;&lt;/b&gt;&lt;b&gt;&lt;/b&gt;&lt;b&gt;&lt;/b&gt;&lt;b&gt;&lt;/b&gt;&lt;b&gt;&lt;/b&gt;&lt;b&gt;&lt;/b&gt;&lt;b&gt;&lt;/b&gt;&lt;b&gt;&lt;/b&gt;&lt;b&gt;&lt;/b&gt;&lt;b&gt;&lt;/b&gt;&lt;b&gt;&lt;/b&gt;&lt;b&gt;&lt;/b&gt;&lt;b&gt;&lt;/b&gt;&lt;b&gt;&lt;/b&gt;&lt;b&gt;&lt;/b&gt;&lt;b&gt;&lt;/b&gt;&lt;b&gt;&lt;/b&gt;&lt;b&gt;&lt;/b&gt;&lt;b&gt;&lt;/b&gt;&lt;b&gt;&lt;/b&gt;&lt;b&gt;&lt;/b&gt;&lt;b&gt;&lt;/b&gt;&lt;b&gt;&lt;/b&gt;&lt;b&gt;&lt;/b&gt;&lt;b&gt;&lt;/b&gt;&lt;b&gt;&lt;/b&gt;&lt;b&gt;&lt;/b&gt;&lt;b&gt;&lt;/b&gt;&lt;b&gt;&lt;/b&gt;&lt;b&gt;&lt;/b&gt;&lt;b&gt;&lt;/b&gt;&lt;b&gt;&lt;/b&gt;&lt;b&gt;&lt;/b&gt;&lt;b&gt;&lt;/b&gt;&lt;b&gt;&lt;/b&gt;&lt;b&gt;&lt;/b&gt;&lt;b&gt;&lt;/b&gt;&lt;b&gt;&lt;/b&gt;&lt;b&gt;&lt;/b&gt;&lt;b&gt;&lt;/b&gt;&lt;b&gt;&lt;/b&gt;&lt;b&gt;&lt;/b&gt;&lt;b&gt;&lt;/b&gt;&lt;b&gt;&lt;/b&gt;&lt;b&gt;&lt;/b&gt;&lt;b&gt;&lt;/b&gt;&lt;b&gt;&lt;/b&gt;&lt;b&gt;&lt;/b&gt;&lt;b&gt;&lt;/b&gt;&lt;b&gt;&lt;/b&gt;&lt;b&gt;&lt;/b&gt;&lt;b&gt;&lt;/b&gt;&lt;b&gt;&lt;/b&gt;&lt;b&gt;&lt;/b&gt;&lt;b&gt;&lt;/b&gt;&lt;b&gt;&lt;/b&gt;&lt;b&gt;&lt;/b&gt;&lt;b&gt;&lt;/b&gt;&lt;b&gt;&lt;/b&gt;&lt;b&gt;&lt;/b&gt;&lt;b&gt;&lt;/b&gt;&lt;b&gt;&lt;/b&gt;&lt;b&gt;&lt;/b&gt;&lt;b&gt;&lt;/b&gt;&lt;b&gt;&lt;/b&gt;&lt;b&gt;&lt;/b&gt;&lt;b&gt;&lt;/b&gt;&lt;b&gt;&lt;/b&gt;&lt;b&gt;&lt;/b&gt;&lt;b&gt;&lt;/b&gt;&lt;b&gt;&lt;/b&gt;&lt;b&gt;&lt;/b&gt;&lt;b&gt;&lt;/b&gt;&lt;b&gt;&lt;/b&gt;&lt;b&gt;&lt;/b&gt;&lt;b&gt;&lt;/b&gt;&lt;b&gt;&lt;/b&gt;&lt;b&gt;&lt;/b&gt;&lt;b&gt;&lt;/b&gt;&lt;b&gt;&lt;br /&gt;&lt;a class=&quot;external&quot; href=&quot;https://www.deviantart.com/users/outgoing?http://forgepublishing.com/shop/&quot;&gt;ForgePublishing.com/shop&lt;/a&gt;&lt;br /&gt;&lt;br /&gt;&lt;br /&gt;.&lt;img src=&quot;https://e.deviantart.net/emoticons/b/bulletgreen.gif&quot; width=&quot;10&quot; height=&quot;10&quot; alt=&quot;:bulletgreen:&quot; data-embed-type=&quot;emoticon&quot; data-embed-id=&quot;209&quot; title=&quot;Bullet; Green&quot;/&gt; &lt;b&gt;A big thanks to my Patrons for supporting my work! &lt;img src=&quot;https://e.deviantart.net/emoticons/s/smile.gif&quot; width=&quot;15&quot; height=&quot;15&quot; alt=&quot;:)&quot; data-embed-type=&quot;emoticon&quot; data-embed-id=&quot;391&quot; title=&quot;:) (Smile)&quot;/&gt; For time-lapses, WIP&#039;s and other goodies ---please check out my Patreon.&lt;/b&gt;&lt;b&gt;&lt;/b&gt;&lt;b&gt;&lt;/b&gt;&lt;b&gt;&lt;/b&gt;&lt;b&gt;&lt;/b&gt;&lt;b&gt;&lt;/b&gt;&lt;b&gt;&lt;/b&gt;&lt;b&gt;&lt;/b&gt;&lt;b&gt;&lt;/b&gt;&lt;b&gt;&lt;/b&gt;&lt;b&gt;&lt;/b&gt;&lt;b&gt;&lt;/b&gt;&lt;b&gt;&lt;/b&gt;&lt;b&gt;&lt;/b&gt;&lt;b&gt;&lt;/b&gt;&lt;b&gt;&lt;/b&gt;&lt;b&gt;&lt;/b&gt;&lt;b&gt;&lt;/b&gt;&lt;b&gt;&lt;/b&gt;&lt;b&gt;&lt;/b&gt;&lt;b&gt;&lt;/b&gt;&lt;b&gt;&lt;/b&gt;&lt;b&gt;&lt;/b&gt;&lt;b&gt;&lt;/b&gt;&lt;b&gt;&lt;/b&gt;&lt;b&gt;&lt;/b&gt;&lt;b&gt;&lt;/b&gt;&lt;b&gt;&lt;/b&gt;&lt;b&gt;&lt;/b&gt;&lt;b&gt;&lt;/b&gt;&lt;b&gt;&lt;/b&gt;&lt;b&gt;&lt;/b&gt;&lt;b&gt;&lt;/b&gt;&lt;b&gt;&lt;/b&gt;&lt;b&gt;&lt;/b&gt;&lt;b&gt;&lt;/b&gt;&lt;b&gt;&lt;/b&gt;&lt;b&gt;&lt;/b&gt;&lt;b&gt;&lt;/b&gt;&lt;b&gt;&lt;/b&gt;&lt;b&gt;&lt;/b&gt;&lt;b&gt;&lt;/b&gt;&lt;b&gt;&lt;/b&gt;&lt;b&gt;&lt;/b&gt;&lt;b&gt;&lt;/b&gt;&lt;b&gt;&lt;/b&gt;&lt;b&gt;&lt;/b&gt;&lt;b&gt;&lt;/b&gt;&lt;b&gt;&lt;/b&gt;&lt;b&gt;&lt;/b&gt;&lt;b&gt;&lt;/b&gt;&lt;b&gt;&lt;/b&gt;&lt;b&gt;&lt;/b&gt;&lt;b&gt;&lt;/b&gt;&lt;b&gt;&lt;/b&gt;&lt;b&gt;&lt;/b&gt;&lt;b&gt;&lt;/b&gt;&lt;b&gt;&lt;/b&gt;&lt;b&gt;&lt;/b&gt;&lt;b&gt;&lt;/b&gt;&lt;b&gt;&lt;/b&gt;&lt;b&gt;&lt;/b&gt;&lt;b&gt;&lt;/b&gt;&lt;b&gt;&lt;/b&gt;&lt;b&gt;&lt;/b&gt;&lt;b&gt;&lt;/b&gt;&lt;b&gt;&lt;/b&gt;&lt;b&gt;&lt;/b&gt;&lt;b&gt;&lt;/b&gt;&lt;b&gt;&lt;/b&gt;&lt;b&gt;&lt;/b&gt;&lt;b&gt;&lt;/b&gt;&lt;b&gt;&lt;/b&gt;&lt;b&gt;&lt;/b&gt;&lt;b&gt;&lt;/b&gt;&lt;b&gt;&lt;/b&gt;&lt;b&gt;&lt;/b&gt;&lt;b&gt;&lt;/b&gt;&lt;b&gt;&lt;/b&gt;&lt;b&gt;&lt;/b&gt;&lt;b&gt;&lt;/b&gt;&lt;b&gt;&lt;/b&gt;&lt;b&gt;&lt;/b&gt;&lt;b&gt;&lt;/b&gt;&lt;b&gt;&lt;/b&gt;&lt;b&gt;&lt;/b&gt;&lt;b&gt;&lt;/b&gt;&lt;b&gt;&lt;/b&gt;&lt;b&gt;&lt;/b&gt;&lt;b&gt;&lt;/b&gt;&lt;b&gt;&lt;/b&gt;&lt;b&gt;&lt;/b&gt;&lt;b&gt;&lt;/b&gt;&lt;b&gt;&lt;/b&gt;&lt;b&gt;&lt;/b&gt;&lt;b&gt;&lt;/b&gt;&lt;b&gt;&lt;/b&gt;&lt;b&gt;&lt;/b&gt;&lt;b&gt;&lt;/b&gt;&lt;b&gt;&lt;/b&gt;&lt;b&gt;&lt;/b&gt;&lt;b&gt;&lt;/b&gt;&lt;b&gt;&lt;/b&gt;&lt;b&gt;&lt;/b&gt;&lt;b&gt;&lt;/b&gt;&lt;b&gt;&lt;/b&gt;&lt;b&gt;&lt;/b&gt;&lt;b&gt;&lt;/b&gt;&lt;b&gt;&lt;/b&gt;&lt;b&gt;&lt;/b&gt;&lt;b&gt;&lt;/b&gt;&lt;b&gt;&lt;/b&gt;&lt;b&gt;&lt;/b&gt;&lt;b&gt;&lt;/b&gt;&lt;b&gt;&lt;/b&gt;&lt;b&gt;&lt;/b&gt;&lt;b&gt;&lt;/b&gt;&lt;b&gt;&lt;/b&gt;&lt;b&gt;&lt;/b&gt;&lt;b&gt;&lt;/b&gt;&lt;b&gt;&lt;/b&gt;&lt;b&gt;&lt;/b&gt;&lt;b&gt;&lt;/b&gt;&lt;b&gt;&lt;/b&gt;&lt;b&gt;&lt;/b&gt;&lt;b&gt;&lt;/b&gt;&lt;b&gt;&lt;/b&gt;&lt;b&gt;&lt;/b&gt;&lt;b&gt;&lt;/b&gt;&lt;b&gt;&lt;/b&gt;&lt;b&gt;&lt;/b&gt;&lt;b&gt;&lt;/b&gt;&lt;b&gt;&lt;/b&gt;&lt;b&gt;&lt;/b&gt;&lt;b&gt;&lt;/b&gt;&lt;b&gt;&lt;/b&gt;&lt;b&gt;&lt;/b&gt;&lt;b&gt;&lt;/b&gt;&lt;b&gt;&lt;/b&gt;&lt;b&gt;&lt;/b&gt;&lt;b&gt;&lt;/b&gt;&lt;b&gt;&lt;/b&gt;&lt;b&gt;&lt;/b&gt;&lt;b&gt;&lt;/b&gt;&lt;b&gt;&lt;/b&gt;&lt;b&gt;&lt;/b&gt;&lt;b&gt;&lt;/b&gt;&lt;b&gt;&lt;/b&gt;&lt;b&gt;&lt;/b&gt;&lt;b&gt;&lt;/b&gt;&lt;b&gt;&lt;/b&gt;&lt;b&gt;&lt;/b&gt;&lt;b&gt;&lt;/b&gt;&lt;b&gt;&lt;/b&gt;&lt;b&gt;&lt;/b&gt;&lt;b&gt;&lt;/b&gt;&lt;b&gt;&lt;/b&gt;&lt;b&gt;&lt;/b&gt;&lt;b&gt;&lt;/b&gt;&lt;b&gt;&lt;/b&gt;&lt;b&gt;&lt;/b&gt;&lt;b&gt;&lt;/b&gt;&lt;b&gt;&lt;/b&gt;&lt;b&gt;&lt;/b&gt;&lt;b&gt;&lt;/b&gt;&lt;b&gt;&lt;/b&gt;&lt;b&gt;&lt;/b&gt;&lt;b&gt;&lt;/b&gt;&lt;b&gt;&lt;/b&gt;&lt;b&gt;&lt;/b&gt;&lt;b&gt;&lt;/b&gt;&lt;b&gt;&lt;/b&gt;&lt;b&gt;&lt;/b&gt;&lt;b&gt;&lt;/b&gt;&lt;b&gt;&lt;/b&gt;&lt;b&gt;&lt;/b&gt;&lt;b&gt;&lt;/b&gt;&lt;b&gt;&lt;/b&gt;&lt;b&gt;&lt;/b&gt;&lt;b&gt;&lt;/b&gt;&lt;b&gt;&lt;/b&gt;&lt;b&gt;&lt;/b&gt;&lt;b&gt;&lt;/b&gt;&lt;b&gt;&lt;/b&gt;&lt;b&gt;&lt;/b&gt;&lt;b&gt;&lt;/b&gt;&lt;b&gt;&lt;/b&gt;&lt;b&gt;&lt;/b&gt;&lt;b&gt;&lt;/b&gt;&lt;b&gt;&lt;/b&gt;&lt;b&gt;&lt;/b&gt;&lt;b&gt;&lt;/b&gt;&lt;b&gt;&lt;/b&gt;&lt;b&gt;&lt;/b&gt;&lt;b&gt;&lt;/b&gt;&lt;b&gt;&lt;/b&gt;&lt;b&gt;&lt;/b&gt;&lt;b&gt;&lt;/b&gt;&lt;b&gt;&lt;/b&gt;&lt;b&gt;&lt;/b&gt;&lt;b&gt;&lt;/b&gt;&lt;b&gt;&lt;/b&gt;&lt;b&gt;&lt;/b&gt;&lt;b&gt;&lt;/b&gt;&lt;b&gt;&lt;/b&gt;&lt;b&gt;&lt;/b&gt;&lt;b&gt;&lt;/b&gt;&lt;b&gt;&lt;/b&gt;&lt;b&gt;&lt;/b&gt;&lt;b&gt;&lt;/b&gt;&lt;b&gt;&lt;/b&gt;&lt;b&gt;&lt;/b&gt;&lt;b&gt;&lt;/b&gt;&lt;b&gt;&lt;/b&gt;&lt;b&gt;&lt;/b&gt;&lt;b&gt;&lt;/b&gt;&lt;b&gt;&lt;/b&gt;&lt;b&gt;&lt;/b&gt;&lt;b&gt;&lt;/b&gt;&lt;b&gt;&lt;/b&gt;&lt;b&gt;&lt;/b&gt;&lt;b&gt;&lt;/b&gt;&lt;b&gt;&lt;/b&gt;&lt;b&gt;&lt;/b&gt;&lt;b&gt;&lt;/b&gt;&lt;b&gt;&lt;/b&gt;&lt;b&gt;&lt;/b&gt;&lt;b&gt;&lt;/b&gt;&lt;b&gt;&lt;/b&gt;&lt;b&gt;&lt;/b&gt;&lt;b&gt;&lt;/b&gt;&lt;b&gt;&lt;/b&gt;&lt;b&gt;&lt;/b&gt;&lt;b&gt;&lt;/b&gt;&lt;b&gt;&lt;/b&gt;&lt;b&gt;&lt;/b&gt;&lt;b&gt;&lt;/b&gt;&lt;b&gt;&lt;/b&gt;&lt;b&gt;&lt;/b&gt;&lt;b&gt;&lt;/b&gt;&lt;b&gt;&lt;/b&gt;&lt;b&gt;&lt;/b&gt;&lt;b&gt;&lt;/b&gt;&lt;b&gt;&lt;/b&gt;&lt;b&gt;&lt;/b&gt;&lt;b&gt;&lt;/b&gt;&lt;b&gt;&lt;/b&gt;&lt;b&gt;&lt;/b&gt;&lt;b&gt;&lt;/b&gt;&lt;b&gt;&lt;/b&gt;&lt;b&gt;&lt;/b&gt;&lt;b&gt;&lt;/b&gt;&lt;b&gt;&lt;/b&gt;&lt;b&gt;&lt;/b&gt;&lt;b&gt;&lt;/b&gt;&lt;b&gt;&lt;/b&gt;&lt;b&gt;&lt;/b&gt;&lt;b&gt;&lt;/b&gt;&lt;b&gt;&lt;/b&gt;&lt;b&gt;&lt;/b&gt;&lt;b&gt;&lt;/b&gt;&lt;b&gt;&lt;/b&gt;&lt;b&gt;&lt;/b&gt;&lt;b&gt;&lt;/b&gt;&lt;b&gt;&lt;/b&gt;&lt;b&gt;&lt;/b&gt;&lt;b&gt;&lt;/b&gt;&lt;b&gt;&lt;/b&gt;&lt;b&gt;&lt;/b&gt;&lt;b&gt;&lt;/b&gt;&lt;b&gt;&lt;/b&gt;&lt;b&gt;&lt;/b&gt;&lt;b&gt;&lt;/b&gt;&lt;b&gt;&lt;/b&gt;&lt;b&gt;&lt;/b&gt;&lt;b&gt;&lt;/b&gt;&lt;b&gt;&lt;/b&gt;&lt;b&gt;&lt;/b&gt;&lt;b&gt;&lt;/b&gt;&lt;b&gt;&lt;/b&gt;&lt;b&gt;&lt;/b&gt;&lt;b&gt;&lt;/b&gt;&lt;b&gt;&lt;/b&gt;&lt;b&gt;&lt;/b&gt;&lt;b&gt;&lt;/b&gt;&lt;b&gt;&lt;/b&gt;&lt;b&gt;&lt;/b&gt;&lt;b&gt;&lt;/b&gt;&lt;b&gt;&lt;/b&gt;&lt;b&gt;&lt;/b&gt;&lt;b&gt;&lt;/b&gt;&lt;b&gt;&lt;/b&gt;&lt;b&gt;&lt;/b&gt;&lt;b&gt;&lt;/b&gt;&lt;b&gt;&lt;/b&gt;&lt;b&gt;&lt;/b&gt;&lt;b&gt;&lt;/b&gt;&lt;b&gt;&lt;/b&gt;&lt;b&gt;&lt;/b&gt;&lt;b&gt;&lt;/b&gt;&lt;b&gt;&lt;/b&gt;&lt;b&gt;&lt;/b&gt;&lt;b&gt;&lt;/b&gt;&lt;b&gt;&lt;/b&gt;&lt;b&gt;&lt;/b&gt;&lt;b&gt;&lt;/b&gt;&lt;b&gt;&lt;/b&gt;&lt;b&gt;&lt;/b&gt;&lt;b&gt;&lt;/b&gt;&lt;b&gt;&lt;/b&gt;&lt;b&gt;&lt;/b&gt;&lt;b&gt;&lt;/b&gt;&lt;b&gt;&lt;/b&gt;&lt;b&gt;&lt;/b&gt;&lt;b&gt;&lt;/b&gt;&lt;b&gt;&lt;/b&gt;&lt;b&gt;&lt;/b&gt;&lt;b&gt;&lt;/b&gt;&lt;b&gt;&lt;/b&gt;&lt;b&gt;&lt;/b&gt;&lt;b&gt;&lt;/b&gt;&lt;b&gt;&lt;/b&gt;&lt;b&gt;&lt;/b&gt;&lt;b&gt;&lt;/b&gt;&lt;b&gt;&lt;/b&gt;&lt;b&gt;&lt;/b&gt;&lt;b&gt;&lt;/b&gt;&lt;b&gt;&lt;/b&gt;&lt;b&gt;&lt;/b&gt;&lt;b&gt;&lt;/b&gt;&lt;b&gt;&lt;/b&gt;&lt;b&gt;&lt;/b&gt;&lt;b&gt;&lt;/b&gt;&lt;b&gt;&lt;/b&gt;&lt;b&gt;&lt;/b&gt;&lt;b&gt;&lt;/b&gt;&lt;b&gt;&lt;/b&gt;&lt;b&gt;&lt;/b&gt;&lt;b&gt;&lt;/b&gt;&lt;b&gt;&lt;/b&gt;&lt;b&gt;&lt;/b&gt;&lt;b&gt;&lt;/b&gt;&lt;b&gt;&lt;/b&gt;&lt;b&gt;&lt;/b&gt;&lt;b&gt;&lt;/b&gt;&lt;b&gt;&lt;/b&gt;&lt;b&gt;&lt;/b&gt;&lt;b&gt;&lt;/b&gt;&lt;b&gt;&lt;/b&gt;&lt;b&gt;&lt;/b&gt;&lt;b&gt;&lt;/b&gt;&lt;b&gt;&lt;/b&gt;&lt;b&gt;&lt;/b&gt;&lt;b&gt;&lt;/b&gt;&lt;b&gt;&lt;/b&gt;&lt;b&gt;&lt;/b&gt;&lt;b&gt;&lt;/b&gt;&lt;b&gt;&lt;/b&gt;&lt;b&gt;&lt;/b&gt;&lt;b&gt;&lt;/b&gt;&lt;b&gt;&lt;/b&gt;&lt;b&gt;&lt;/b&gt;&lt;b&gt;&lt;/b&gt;&lt;b&gt;&lt;/b&gt;&lt;b&gt;&lt;/b&gt;&lt;b&gt;&lt;/b&gt;&lt;b&gt;&lt;/b&gt;&lt;b&gt;&lt;/b&gt;&lt;b&gt;&lt;/b&gt;&lt;b&gt;&lt;/b&gt;&lt;b&gt;&lt;/b&gt;&lt;b&gt;&lt;/b&gt;&lt;b&gt;&lt;/b&gt;&lt;b&gt;&lt;/b&gt;&lt;b&gt;&lt;/b&gt;&lt;b&gt;&lt;/b&gt;&lt;b&gt;&lt;/b&gt;&lt;b&gt;&lt;/b&gt;&lt;b&gt;&lt;/b&gt;&lt;b&gt;&lt;/b&gt;&lt;b&gt;&lt;/b&gt;&lt;b&gt;&lt;/b&gt;&lt;b&gt;&lt;/b&gt;&lt;b&gt;&lt;/b&gt;&lt;b&gt;&lt;/b&gt;&lt;b&gt;&lt;/b&gt;&lt;b&gt;&lt;/b&gt;&lt;b&gt;&lt;/b&gt;&lt;b&gt;&lt;/b&gt;&lt;b&gt;&lt;/b&gt;&lt;b&gt;&lt;/b&gt;&lt;b&gt;&lt;/b&gt;&lt;b&gt;&lt;/b&gt;&lt;b&gt;&lt;/b&gt;&lt;b&gt;&lt;/b&gt;&lt;b&gt;&lt;/b&gt;&lt;b&gt;&lt;/b&gt;&lt;b&gt;&lt;/b&gt;&lt;b&gt;&lt;/b&gt;&lt;b&gt;&lt;/b&gt;&lt;b&gt;&lt;/b&gt;&lt;b&gt;&lt;/b&gt;&lt;b&gt;&lt;/b&gt;&lt;b&gt;&lt;/b&gt;&lt;b&gt;&lt;/b&gt;&lt;b&gt;&lt;/b&gt;&lt;b&gt;&lt;/b&gt;&lt;b&gt;&lt;/b&gt;&lt;b&gt;&lt;/b&gt;&lt;b&gt;&lt;/b&gt;&lt;b&gt;&lt;/b&gt;&lt;b&gt;&lt;/b&gt;&lt;b&gt;&lt;/b&gt;&lt;b&gt;&lt;/b&gt;&lt;b&gt;&lt;/b&gt;&lt;b&gt;&lt;/b&gt;&lt;b&gt;&lt;/b&gt;&lt;b&gt;&lt;/b&gt;&lt;b&gt;&lt;/b&gt;&lt;b&gt;&lt;/b&gt;&lt;b&gt;&lt;/b&gt;&lt;b&gt;&lt;/b&gt;&lt;b&gt;&lt;/b&gt;&lt;b&gt;&lt;/b&gt;&lt;b&gt;&lt;/b&gt;&lt;b&gt;&lt;/b&gt;&lt;b&gt;&lt;/b&gt;&lt;b&gt;&lt;/b&gt;&lt;b&gt;&lt;/b&gt;&lt;b&gt;&lt;/b&gt;&lt;b&gt;&lt;/b&gt;&lt;b&gt;&lt;/b&gt;&lt;b&gt;&lt;/b&gt;&lt;b&gt;&lt;/b&gt;&lt;b&gt;&lt;/b&gt;&lt;b&gt;&lt;/b&gt;&lt;b&gt;&lt;/b&gt;&lt;b&gt;&lt;/b&gt;&lt;b&gt;&lt;/b&gt;&lt;b&gt;&lt;/b&gt;&lt;b&gt;&lt;/b&gt;&lt;b&gt;&lt;/b&gt;&lt;b&gt;&lt;/b&gt;&lt;b&gt;&lt;/b&gt;&lt;b&gt;&lt;/b&gt;&lt;b&gt;&lt;/b&gt;&lt;b&gt;&lt;/b&gt;&lt;b&gt;&lt;/b&gt;&lt;b&gt;&lt;/b&gt;&lt;b&gt;&lt;/b&gt;&lt;b&gt;&lt;/b&gt;&lt;b&gt;&lt;/b&gt;&lt;b&gt;&lt;/b&gt;&lt;b&gt;&lt;/b&gt;&lt;b&gt;&lt;/b&gt;&lt;b&gt;&lt;/b&gt;&lt;b&gt;&lt;/b&gt;&lt;b&gt;&lt;/b&gt;&lt;b&gt;&lt;/b&gt;&lt;b&gt;&lt;/b&gt;&lt;b&gt;&lt;/b&gt;&lt;b&gt;&lt;/b&gt;&lt;b&gt;&lt;/b&gt;&lt;b&gt;&lt;/b&gt;&lt;b&gt;&lt;/b&gt;&lt;b&gt;&lt;/b&gt;&lt;b&gt;&lt;/b&gt;&lt;b&gt;&lt;/b&gt;&lt;b&gt;&lt;/b&gt;&lt;b&gt;&lt;/b&gt;&lt;b&gt;&lt;/b&gt;&lt;b&gt;&lt;/b&gt;&lt;b&gt;&lt;/b&gt;&lt;b&gt;&lt;/b&gt;&lt;b&gt;&lt;/b&gt;&lt;b&gt;&lt;/b&gt;&lt;b&gt;&lt;/b&gt;&lt;b&gt;&lt;/b&gt;&lt;b&gt;&lt;/b&gt;&lt;b&gt;&lt;/b&gt;&lt;b&gt;&lt;/b&gt;&lt;b&gt;&lt;/b&gt;&lt;b&gt;&lt;/b&gt;&lt;b&gt;&lt;/b&gt;&lt;b&gt;&lt;/b&gt;&lt;b&gt;&lt;/b&gt;&lt;b&gt;&lt;/b&gt;&lt;b&gt;&lt;br /&gt;&lt;a class=&quot;external&quot; href=&quot;https://www.deviantart.com/users/outgoing?https://www.patreon.com/user?u=457132&amp;amp;ty=c&quot;&gt;Patreon&lt;/a&gt;&lt;br /&gt;&lt;img src=&quot;https://e.deviantart.net/emoticons/b/bulletgreen.gif&quot; width=&quot;10&quot; height=&quot;10&quot; alt=&quot;:bulletgreen:&quot; data-embed-type=&quot;emoticon&quot; data-embed-id=&quot;209&quot; title=&quot;Bullet; Green&quot;/&gt; &lt;b&gt;Other sites to follow my work&lt;/b&gt;&lt;b&gt;&lt;/b&gt;&lt;b&gt;&lt;/b&gt;&lt;b&gt;&lt;/b&gt;&lt;b&gt;&lt;/b&gt;&lt;b&gt;&lt;/b&gt;&lt;b&gt;&lt;/b&gt;&lt;b&gt;&lt;/b&gt;&lt;b&gt;&lt;/b&gt;&lt;b&gt;&lt;/b&gt;&lt;b&gt;&lt;/b&gt;&lt;b&gt;&lt;/b&gt;&lt;b&gt;&lt;/b&gt;&lt;b&gt;&lt;/b&gt;&lt;b&gt;&lt;/b&gt;&lt;b&gt;&lt;/b&gt;&lt;b&gt;&lt;/b&gt;&lt;b&gt;&lt;/b&gt;&lt;b&gt;&lt;/b&gt;&lt;b&gt;&lt;/b&gt;&lt;b&gt;&lt;/b&gt;&lt;b&gt;&lt;/b&gt;&lt;b&gt;&lt;/b&gt;&lt;b&gt;&lt;/b&gt;&lt;b&gt;&lt;/b&gt;&lt;b&gt;&lt;/b&gt;&lt;b&gt;&lt;/b&gt;&lt;b&gt;&lt;/b&gt;&lt;b&gt;&lt;/b&gt;&lt;b&gt;&lt;/b&gt;&lt;b&gt;&lt;/b&gt;&lt;b&gt;&lt;/b&gt;&lt;b&gt;&lt;/b&gt;&lt;b&gt;&lt;/b&gt;&lt;b&gt;&lt;/b&gt;&lt;b&gt;&lt;/b&gt;&lt;b&gt;&lt;/b&gt;&lt;b&gt;&lt;/b&gt;&lt;b&gt;&lt;/b&gt;&lt;b&gt;&lt;/b&gt;&lt;b&gt;&lt;/b&gt;&lt;b&gt;&lt;/b&gt;&lt;b&gt;&lt;/b&gt;&lt;b&gt;&lt;/b&gt;&lt;b&gt;&lt;/b&gt;&lt;b&gt;&lt;/b&gt;&lt;b&gt;&lt;/b&gt;&lt;b&gt;&lt;/b&gt;&lt;b&gt;&lt;/b&gt;&lt;b&gt;&lt;/b&gt;&lt;b&gt;&lt;/b&gt;&lt;b&gt;&lt;/b&gt;&lt;b&gt;&lt;/b&gt;&lt;b&gt;&lt;/b&gt;&lt;b&gt;&lt;/b&gt;&lt;b&gt;&lt;/b&gt;&lt;b&gt;&lt;/b&gt;&lt;b&gt;&lt;/b&gt;&lt;b&gt;&lt;/b&gt;&lt;b&gt;&lt;/b&gt;&lt;b&gt;&lt;/b&gt;&lt;b&gt;&lt;/b&gt;&lt;b&gt;&lt;/b&gt;&lt;b&gt;&lt;/b&gt;&lt;b&gt;&lt;/b&gt;&lt;b&gt;&lt;/b&gt;&lt;b&gt;&lt;/b&gt;&lt;b&gt;&lt;/b&gt;&lt;b&gt;&lt;/b&gt;&lt;b&gt;&lt;/b&gt;&lt;b&gt;&lt;/b&gt;&lt;b&gt;&lt;/b&gt;&lt;b&gt;&lt;/b&gt;&lt;b&gt;&lt;/b&gt;&lt;b&gt;&lt;/b&gt;&lt;b&gt;&lt;/b&gt;&lt;b&gt;&lt;/b&gt;&lt;b&gt;&lt;/b&gt;&lt;b&gt;&lt;/b&gt;&lt;b&gt;&lt;/b&gt;&lt;b&gt;&lt;/b&gt;&lt;b&gt;&lt;/b&gt;&lt;b&gt;&lt;/b&gt;&lt;b&gt;&lt;/b&gt;&lt;b&gt;&lt;/b&gt;&lt;b&gt;&lt;/b&gt;&lt;b&gt;&lt;/b&gt;&lt;b&gt;&lt;/b&gt;&lt;b&gt;&lt;/b&gt;&lt;b&gt;&lt;/b&gt;&lt;b&gt;&lt;/b&gt;&lt;b&gt;&lt;/b&gt;&lt;b&gt;&lt;/b&gt;&lt;b&gt;&lt;/b&gt;&lt;b&gt;&lt;/b&gt;&lt;b&gt;&lt;/b&gt;&lt;b&gt;&lt;/b&gt;&lt;b&gt;&lt;/b&gt;&lt;b&gt;&lt;/b&gt;&lt;b&gt;&lt;/b&gt;&lt;b&gt;&lt;/b&gt;&lt;b&gt;&lt;/b&gt;&lt;b&gt;&lt;/b&gt;&lt;b&gt;&lt;/b&gt;&lt;b&gt;&lt;/b&gt;&lt;b&gt;&lt;/b&gt;&lt;b&gt;&lt;/b&gt;&lt;b&gt;&lt;/b&gt;&lt;b&gt;&lt;/b&gt;&lt;b&gt;&lt;/b&gt;&lt;b&gt;&lt;/b&gt;&lt;b&gt;&lt;/b&gt;&lt;b&gt;&lt;/b&gt;&lt;b&gt;&lt;/b&gt;&lt;b&gt;&lt;/b&gt;&lt;b&gt;&lt;/b&gt;&lt;b&gt;&lt;/b&gt;&lt;b&gt;&lt;/b&gt;&lt;b&gt;&lt;/b&gt;&lt;b&gt;&lt;/b&gt;&lt;b&gt;&lt;/b&gt;&lt;b&gt;&lt;/b&gt;&lt;b&gt;&lt;/b&gt;&lt;b&gt;&lt;/b&gt;&lt;b&gt;&lt;/b&gt;&lt;b&gt;&lt;/b&gt;&lt;b&gt;&lt;/b&gt;&lt;b&gt;&lt;/b&gt;&lt;b&gt;&lt;/b&gt;&lt;b&gt;&lt;/b&gt;&lt;b&gt;&lt;/b&gt;&lt;b&gt;&lt;/b&gt;&lt;b&gt;&lt;/b&gt;&lt;b&gt;&lt;/b&gt;&lt;b&gt;&lt;/b&gt;&lt;b&gt;&lt;/b&gt;&lt;b&gt;&lt;/b&gt;&lt;b&gt;&lt;/b&gt;&lt;b&gt;&lt;/b&gt;&lt;b&gt;&lt;/b&gt;&lt;b&gt;&lt;/b&gt;&lt;b&gt;&lt;/b&gt;&lt;b&gt;&lt;/b&gt;&lt;b&gt;&lt;/b&gt;&lt;b&gt;&lt;/b&gt;&lt;b&gt;&lt;/b&gt;&lt;b&gt;&lt;/b&gt;&lt;b&gt;&lt;/b&gt;&lt;b&gt;&lt;/b&gt;&lt;b&gt;&lt;/b&gt;&lt;b&gt;&lt;/b&gt;&lt;b&gt;&lt;/b&gt;&lt;b&gt;&lt;/b&gt;&lt;b&gt;&lt;/b&gt;&lt;b&gt;&lt;/b&gt;&lt;b&gt;&lt;/b&gt;&lt;b&gt;&lt;/b&gt;&lt;b&gt;&lt;/b&gt;&lt;b&gt;&lt;/b&gt;&lt;b&gt;&lt;/b&gt;&lt;b&gt;&lt;/b&gt;&lt;b&gt;&lt;/b&gt;&lt;b&gt;&lt;/b&gt;&lt;b&gt;&lt;/b&gt;&lt;b&gt;&lt;/b&gt;&lt;b&gt;&lt;/b&gt;&lt;b&gt;&lt;/b&gt;&lt;b&gt;&lt;/b&gt;&lt;b&gt;&lt;/b&gt;&lt;b&gt;&lt;/b&gt;&lt;b&gt;&lt;/b&gt;&lt;b&gt;&lt;/b&gt;&lt;b&gt;&lt;/b&gt;&lt;b&gt;&lt;/b&gt;&lt;b&gt;&lt;/b&gt;&lt;b&gt;&lt;/b&gt;&lt;b&gt;&lt;/b&gt;&lt;b&gt;&lt;/b&gt;&lt;b&gt;&lt;/b&gt;&lt;b&gt;&lt;/b&gt;&lt;b&gt;&lt;/b&gt;&lt;b&gt;&lt;/b&gt;&lt;b&gt;&lt;/b&gt;&lt;b&gt;&lt;/b&gt;&lt;b&gt;&lt;/b&gt;&lt;b&gt;&lt;/b&gt;&lt;b&gt;&lt;/b&gt;&lt;b&gt;&lt;/b&gt;&lt;b&gt;&lt;/b&gt;&lt;b&gt;&lt;/b&gt;&lt;b&gt;&lt;/b&gt;&lt;b&gt;&lt;/b&gt;&lt;b&gt;&lt;/b&gt;&lt;b&gt;&lt;/b&gt;&lt;b&gt;&lt;/b&gt;&lt;b&gt;&lt;/b&gt;&lt;b&gt;&lt;/b&gt;&lt;b&gt;&lt;/b&gt;&lt;b&gt;&lt;/b&gt;&lt;b&gt;&lt;/b&gt;&lt;b&gt;&lt;/b&gt;&lt;b&gt;&lt;/b&gt;&lt;b&gt;&lt;/b&gt;&lt;b&gt;&lt;/b&gt;&lt;b&gt;&lt;/b&gt;&lt;b&gt;&lt;/b&gt;&lt;b&gt;&lt;/b&gt;&lt;b&gt;&lt;/b&gt;&lt;b&gt;&lt;/b&gt;&lt;b&gt;&lt;/b&gt;&lt;b&gt;&lt;/b&gt;&lt;b&gt;&lt;/b&gt;&lt;b&gt;&lt;/b&gt;&lt;b&gt;&lt;/b&gt;&lt;b&gt;&lt;/b&gt;&lt;b&gt;&lt;/b&gt;&lt;b&gt;&lt;/b&gt;&lt;b&gt;&lt;/b&gt;&lt;b&gt;&lt;/b&gt;&lt;b&gt;&lt;/b&gt;&lt;b&gt;&lt;/b&gt;&lt;b&gt;&lt;/b&gt;&lt;b&gt;&lt;/b&gt;&lt;b&gt;&lt;/b&gt;&lt;b&gt;&lt;/b&gt;&lt;b&gt;&lt;/b&gt;&lt;b&gt;&lt;/b&gt;&lt;b&gt;&lt;/b&gt;&lt;b&gt;&lt;/b&gt;&lt;b&gt;&lt;/b&gt;&lt;b&gt;&lt;/b&gt;&lt;b&gt;&lt;/b&gt;&lt;b&gt;&lt;/b&gt;&lt;b&gt;&lt;/b&gt;&lt;b&gt;&lt;/b&gt;&lt;b&gt;&lt;/b&gt;&lt;b&gt;&lt;/b&gt;&lt;b&gt;&lt;/b&gt;&lt;b&gt;&lt;/b&gt;&lt;b&gt;&lt;/b&gt;&lt;b&gt;&lt;/b&gt;&lt;b&gt;&lt;/b&gt;&lt;b&gt;&lt;/b&gt;&lt;b&gt;&lt;/b&gt;&lt;b&gt;&lt;/b&gt;&lt;b&gt;&lt;/b&gt;&lt;b&gt;&lt;/b&gt;&lt;b&gt;&lt;/b&gt;&lt;b&gt;&lt;/b&gt;&lt;b&gt;&lt;/b&gt;&lt;b&gt;&lt;/b&gt;&lt;b&gt;&lt;/b&gt;&lt;b&gt;&lt;/b&gt;&lt;b&gt;&lt;/b&gt;&lt;b&gt;&lt;/b&gt;&lt;b&gt;&lt;/b&gt;&lt;b&gt;&lt;/b&gt;&lt;b&gt;&lt;/b&gt;&lt;b&gt;&lt;/b&gt;&lt;b&gt;&lt;/b&gt;&lt;b&gt;&lt;/b&gt;&lt;b&gt;&lt;/b&gt;&lt;b&gt;&lt;/b&gt;&lt;b&gt;&lt;/b&gt;&lt;b&gt;&lt;/b&gt;&lt;b&gt;&lt;/b&gt;&lt;b&gt;&lt;/b&gt;&lt;b&gt;&lt;/b&gt;&lt;b&gt;&lt;/b&gt;&lt;b&gt;&lt;/b&gt;&lt;b&gt;&lt;/b&gt;&lt;b&gt;&lt;/b&gt;&lt;b&gt;&lt;/b&gt;&lt;b&gt;&lt;/b&gt;&lt;b&gt;&lt;/b&gt;&lt;b&gt;&lt;/b&gt;&lt;b&gt;&lt;/b&gt;&lt;b&gt;&lt;/b&gt;&lt;b&gt;&lt;/b&gt;&lt;b&gt;&lt;/b&gt;&lt;b&gt;&lt;/b&gt;&lt;b&gt;&lt;/b&gt;&lt;b&gt;&lt;/b&gt;&lt;b&gt;&lt;/b&gt;&lt;b&gt;&lt;/b&gt;&lt;b&gt;&lt;/b&gt;&lt;b&gt;&lt;/b&gt;&lt;b&gt;&lt;/b&gt;&lt;b&gt;&lt;/b&gt;&lt;b&gt;&lt;/b&gt;&lt;b&gt;&lt;/b&gt;&lt;b&gt;&lt;/b&gt;&lt;b&gt;&lt;/b&gt;&lt;b&gt;&lt;/b&gt;&lt;b&gt;&lt;/b&gt;&lt;b&gt;&lt;/b&gt;&lt;b&gt;&lt;/b&gt;&lt;b&gt;&lt;/b&gt;&lt;b&gt;&lt;/b&gt;&lt;b&gt;&lt;/b&gt;&lt;b&gt;&lt;/b&gt;&lt;b&gt;&lt;/b&gt;&lt;b&gt;&lt;/b&gt;&lt;b&gt;&lt;/b&gt;&lt;b&gt;&lt;/b&gt;&lt;b&gt;&lt;/b&gt;&lt;b&gt;&lt;/b&gt;&lt;b&gt;&lt;/b&gt;&lt;b&gt;&lt;/b&gt;&lt;b&gt;&lt;/b&gt;&lt;b&gt;&lt;/b&gt;&lt;b&gt;&lt;/b&gt;&lt;b&gt;&lt;/b&gt;&lt;b&gt;&lt;/b&gt;&lt;b&gt;&lt;/b&gt;&lt;b&gt;&lt;/b&gt;&lt;b&gt;&lt;/b&gt;&lt;b&gt;&lt;/b&gt;&lt;b&gt;&lt;/b&gt;&lt;b&gt;&lt;/b&gt;&lt;b&gt;&lt;/b&gt;&lt;b&gt;&lt;/b&gt;&lt;b&gt;&lt;/b&gt;&lt;b&gt;&lt;/b&gt;&lt;b&gt;&lt;/b&gt;&lt;b&gt;&lt;/b&gt;&lt;b&gt;&lt;/b&gt;&lt;b&gt;&lt;/b&gt;&lt;b&gt;&lt;/b&gt;&lt;b&gt;&lt;/b&gt;&lt;b&gt;&lt;/b&gt;&lt;b&gt;&lt;/b&gt;&lt;b&gt;&lt;/b&gt;&lt;b&gt;&lt;/b&gt;&lt;b&gt;&lt;/b&gt;&lt;b&gt;&lt;/b&gt;&lt;b&gt;&lt;/b&gt;&lt;b&gt;&lt;/b&gt;&lt;b&gt;&lt;/b&gt;&lt;b&gt;&lt;/b&gt;&lt;b&gt;&lt;/b&gt;&lt;b&gt;&lt;/b&gt;&lt;b&gt;&lt;/b&gt;&lt;b&gt;&lt;/b&gt;&lt;b&gt;&lt;/b&gt;&lt;b&gt;&lt;/b&gt;&lt;b&gt;&lt;/b&gt;&lt;b&gt;&lt;/b&gt;&lt;b&gt;&lt;/b&gt;&lt;b&gt;&lt;/b&gt;&lt;b&gt;&lt;/b&gt;&lt;b&gt;&lt;/b&gt;&lt;b&gt;&lt;/b&gt;&lt;b&gt;&lt;/b&gt;&lt;b&gt;&lt;/b&gt;&lt;b&gt;&lt;/b&gt;&lt;b&gt;&lt;/b&gt;&lt;b&gt;&lt;/b&gt;&lt;b&gt;&lt;/b&gt;&lt;b&gt;&lt;/b&gt;&lt;b&gt;&lt;/b&gt;&lt;b&gt;&lt;/b&gt;&lt;b&gt;&lt;/b&gt;&lt;b&gt;&lt;/b&gt;&lt;b&gt;&lt;/b&gt;&lt;b&gt;&lt;/b&gt;&lt;b&gt;&lt;/b&gt;&lt;b&gt;&lt;/b&gt;&lt;b&gt;&lt;/b&gt;&lt;b&gt;&lt;/b&gt;&lt;b&gt;&lt;/b&gt;&lt;b&gt;&lt;/b&gt;&lt;b&gt;&lt;/b&gt;&lt;b&gt;&lt;/b&gt;&lt;b&gt;&lt;/b&gt;&lt;b&gt;&lt;/b&gt;&lt;b&gt;&lt;/b&gt;&lt;b&gt;&lt;/b&gt;&lt;b&gt;&lt;/b&gt;&lt;b&gt;&lt;/b&gt;&lt;b&gt;&lt;/b&gt;&lt;b&gt;&lt;/b&gt;&lt;b&gt;&lt;/b&gt;&lt;b&gt;&lt;/b&gt;&lt;b&gt;&lt;/b&gt;&lt;b&gt;&lt;/b&gt;&lt;b&gt;&lt;/b&gt;&lt;b&gt;&lt;/b&gt;&lt;b&gt;&lt;/b&gt;&lt;b&gt;&lt;/b&gt;&lt;b&gt;&lt;/b&gt;&lt;b&gt;&lt;/b&gt;&lt;b&gt;&lt;/b&gt;&lt;b&gt;&lt;/b&gt;&lt;b&gt;&lt;/b&gt;&lt;b&gt;&lt;/b&gt;&lt;b&gt;&lt;/b&gt;&lt;b&gt;&lt;/b&gt;&lt;b&gt;&lt;/b&gt;&lt;b&gt;&lt;/b&gt;&lt;b&gt;&lt;/b&gt;&lt;b&gt;&lt;/b&gt;&lt;b&gt;&lt;/b&gt;&lt;b&gt;&lt;/b&gt;&lt;b&gt;&lt;/b&gt;&lt;b&gt;&lt;/b&gt;&lt;b&gt;&lt;/b&gt;&lt;b&gt;&lt;/b&gt;&lt;b&gt;&lt;/b&gt;&lt;b&gt;&lt;/b&gt;&lt;b&gt;&lt;/b&gt;&lt;b&gt;&lt;/b&gt;&lt;b&gt;&lt;/b&gt;&lt;b&gt;&lt;/b&gt;&lt;b&gt;&lt;/b&gt;&lt;b&gt;&lt;/b&gt;&lt;b&gt;&lt;/b&gt;&lt;b&gt;&lt;/b&gt;&lt;b&gt;&lt;/b&gt;&lt;b&gt;&lt;/b&gt;&lt;b&gt;&lt;/b&gt;&lt;b&gt;&lt;/b&gt;&lt;b&gt;&lt;/b&gt;&lt;b&gt;&lt;/b&gt;&lt;b&gt;&lt;/b&gt;&lt;b&gt;&lt;/b&gt;&lt;b&gt;&lt;/b&gt;&lt;b&gt;&lt;/b&gt;&lt;b&gt;&lt;/b&gt;&lt;b&gt;&lt;/b&gt;&lt;b&gt;&lt;/b&gt;&lt;b&gt;&lt;/b&gt;&lt;b&gt;&lt;/b&gt;&lt;b&gt;&lt;/b&gt;&lt;b&gt;&lt;/b&gt;&lt;b&gt;&lt;/b&gt;&lt;b&gt;&lt;/b&gt;&lt;b&gt;&lt;/b&gt;&lt;b&gt;&lt;/b&gt;&lt;b&gt;&lt;/b&gt;&lt;b&gt;&lt;/b&gt;&lt;b&gt;&lt;/b&gt;&lt;b&gt;&lt;/b&gt;&lt;b&gt;&lt;/b&gt;&lt;b&gt;&lt;/b&gt;&lt;b&gt;&lt;/b&gt;&lt;b&gt;&lt;/b&gt;&lt;b&gt;&lt;/b&gt;&lt;b&gt;&lt;/b&gt;&lt;b&gt;&lt;/b&gt;&lt;b&gt;&lt;/b&gt;&lt;b&gt;&lt;/b&gt;&lt;b&gt;&lt;/b&gt;&lt;b&gt;&lt;/b&gt;&lt;b&gt;&lt;/b&gt;&lt;b&gt;&lt;/b&gt;&lt;b&gt;&lt;/b&gt;&lt;b&gt;&lt;/b&gt;&lt;b&gt;&lt;/b&gt;&lt;b&gt;&lt;/b&gt;&lt;b&gt;&lt;/b&gt;&lt;b&gt;&lt;/b&gt;&lt;b&gt;&lt;/b&gt;&lt;b&gt;&lt;/b&gt;&lt;b&gt;&lt;/b&gt;&lt;b&gt;&lt;/b&gt;&lt;b&gt;&lt;/b&gt;&lt;b&gt;&lt;/b&gt;&lt;b&gt;&lt;/b&gt;&lt;b&gt;&lt;/b&gt;&lt;b&gt;&lt;/b&gt;&lt;b&gt;&lt;/b&gt;&lt;b&gt;&lt;/b&gt;&lt;b&gt;&lt;/b&gt;&lt;b&gt;&lt;/b&gt;&lt;b&gt;&lt;/b&gt;&lt;b&gt;&lt;/b&gt;&lt;b&gt;&lt;/b&gt;&lt;b&gt;&lt;/b&gt;&lt;b&gt;&lt;/b&gt;&lt;b&gt;&lt;/b&gt;&lt;b&gt;&lt;/b&gt;&lt;b&gt;&lt;/b&gt;&lt;b&gt;&lt;/b&gt;&lt;b&gt;&lt;/b&gt;&lt;b&gt;&lt;/b&gt;&lt;b&gt;&lt;/b&gt;&lt;b&gt;&lt;br /&gt;&lt;img src=&quot;https://e.deviantart.net/emoticons/f/facebook.gif&quot; width=&quot;16&quot; height=&quot;16&quot; alt=&quot;:facebook:&quot; data-embed-type=&quot;emoticon&quot; data-embed-id=&quot;616&quot; title=&quot;Facebook&quot;/&gt; &lt;a class=&quot;external&quot; href=&quot;https://www.deviantart.com/users/outgoing?https://www.facebook.com/CryptidCreations/timeline&quot;&gt;Facebook&lt;/a&gt;&lt;br /&gt;&lt;img src=&quot;https://e.deviantart.net/emoticons/t/twitter_2.gif&quot; width=&quot;16&quot; height=&quot;16&quot; alt=&quot;:twitter:&quot; data-embed-type=&quot;emoticon&quot; data-embed-id=&quot;614&quot; title=&quot;Twitter&quot;/&gt; &lt;a class=&quot;external&quot; href=&quot;https://www.deviantart.com/users/outgoing?https://twitter.com/Piper_Thibodeau&quot;&gt;Twitter&lt;/a&gt;&lt;br /&gt;&lt;img src=&quot;https://e.deviantart.net/emoticons/b/bulletgreen.gif&quot; width=&quot;10&quot; height=&quot;10&quot; alt=&quot;:bulletgreen:&quot; data-embed-type=&quot;emoticon&quot; data-embed-id=&quot;209&quot; title=&quot;Bullet; Green&quot;/&gt; For any business related inquiries please send me an e-mail at cryptidcreations@gmail.com&lt;br /&gt;&lt;/b&gt;&lt;/b&gt;&lt;/b&gt;&lt;br /&gt;&lt;div&gt;&lt;img src=&quot;https://t00.deviantart.net/SjG413sKKwbfjy_RZ7C6roNmb-A=/300x200/filters:fixed_height(100,100):origin()/pre00/2458/th/pre/f/2019/026/9/8/daily_paint_2258__prickly_pear_by_cryptid_creations-dcy48rb.png&quot; alt=&quot;thumbnail&quot; /&gt;&lt;/div&gt;</description>            </item>
                    <item>
                <title>[+Video] OC - Vox Revamp!</title>
                <link>https://hyanna-natsu.deviantart.com/art/Video-OC-Vox-Revamp-783000063</link>
                <guid isPermaLink="true">https://hyanna-natsu.deviantart.com/art/Video-OC-Vox-Revamp-783000063</guid>
                <pubDate>Sun, 27 Jan 2019 10:30:58 PST</pubDate>
                        <media:title type="plain">[+Video] OC - Vox Revamp!</media:title>
        <media:keywords></media:keywords>
                        <media:rating>nonadult</media:rating>
                <media:category label="Drawings">manga/digital/drawings</media:category>
        <media:credit role="author" scheme="urn:ebu">Hyanna-Natsu</media:credit>
        <media:credit role="author" scheme="urn:ebu">https://a.deviantart.net/avatars/h/y/hyanna-natsu.png?9</media:credit>
        <media:copyright url="https://hyanna-natsu.deviantart.com">Copyright 2019 Hyanna-Natsu</media:copyright>            <media:description type="html">&lt;div&gt;Yes it&#039;s Vox, but better &lt;span class=&quot;shadow-holder&quot; data-embed-type=&quot;deviation&quot; data-embed-id=&quot;6247131945982576&quot; data-embed-format=&quot;thumb&quot;&gt;&lt;span class=&quot;shadow mild&quot; &gt;&lt;a class=&quot;thumb&quot; href=&quot;https://sta.sh/01pif8sogygg&quot; title=&quot;smugvox by Hyanna-Natsu, Jan 27, 2019&quot;data-super-img=&quot;https://images-wixmp-ed30a86b8c4ca887773594c2.wixmp.com/intermediary/f/08069cc4-6595-4406-b587-20f2e2027964/dcy6esl-f9455c6e-40ab-4432-8fc2-6fa31c83ceaa.png&quot; data-super-width=&quot;50&quot; data-super-height=&quot;50&quot; data-super-transparent=&quot;true&quot; data-super-alt=&quot;smugvox by Hyanna-Natsu&quot; data-super-full-img=&quot;https://api-da.wixmp.com/_api/download/file?downloadToken=eyJ0eXAiOiJKV1QiLCJhbGciOiJIUzI1NiJ9.eyJzdWIiOiJ1cm46YXBwOjdlMGQxODg5ODIyNjQzNzNhNWYwZDQxNWVhMGQyNmUwIiwiaXNzIjoidXJuOmFwcDo3ZTBkMTg4OTgyMjY0MzczYTVmMGQ0MTVlYTBkMjZlMCIsImV4cCI6MTU0ODYxNDQ1MSwiaWF0IjoxNTQ4NjEzODQxLCJqdGkiOiI1YzRkZjhkYjJiODJlIiwib2JqIjpudWxsLCJhdWQiOlsidXJuOnNlcnZpY2U6ZmlsZS5kb3dubG9hZCJdLCJwYXlsb2FkIjp7InBhdGgiOiJcL2ZcLzA4MDY5Y2M0LTY1OTUtNDQwNi1iNTg3LTIwZjJlMjAyNzk2NFwvZGN5NmVzbC1mOTQ1NWM2ZS00MGFiLTQ0MzItOGZjMi02ZmEzMWM4M2NlYWEucG5nIn19.eyuPVRC82S5d1s6B689215mODZAbjWp8NUicPeBIhos&quot; data-super-full-width=&quot;50&quot; data-super-full-height=&quot;50&quot;        data-sigil=&quot;thumb&quot;&gt;
        &lt;i&gt;&lt;/i&gt;&lt;img   width=&quot;50&quot; height=&quot;50&quot; alt=&quot;smugvox by Hyanna-Natsu&quot; src=&quot;https://images-wixmp-ed30a86b8c4ca887773594c2.wixmp.com/intermediary/f/08069cc4-6595-4406-b587-20f2e2027964/dcy6esl-f9455c6e-40ab-4432-8fc2-6fa31c83ceaa.png&quot; data-src=&quot;https://images-wixmp-ed30a86b8c4ca887773594c2.wixmp.com/intermediary/f/08069cc4-6595-4406-b587-20f2e2027964/dcy6esl-f9455c6e-40ab-4432-8fc2-6fa31c83ceaa.png&quot; srcset=&quot;https://images-wixmp-ed30a86b8c4ca887773594c2.wixmp.com/intermediary/f/08069cc4-6595-4406-b587-20f2e2027964/dcy6esl-f9455c6e-40ab-4432-8fc2-6fa31c83ceaa.png 50w&quot; sizes=&quot;50px&quot;&gt;&lt;/a&gt;&lt;/span&gt;&lt;!-- ^TTT --&gt;&lt;!-- TTT$ --&gt;&lt;/span&gt;&lt;/div&gt;&lt;div&gt;&lt;a target=&quot;_self&quot; href=&quot;https://www.deviantart.com/udroid&quot; &gt;&lt;img class=&quot;avatar group&quot; width=&quot;100&quot; height=&quot;50&quot; src=&quot;https://a.deviantart.net/avatars/u/d/udroid.gif?4&quot; alt=&quot;:iconudroid:&quot; title=&quot;Udroid&quot; /&gt;&lt;/a&gt;&amp;nbsp; &lt;br /&gt;&lt;/div&gt;&lt;div&gt;&lt;br /&gt;&lt;/div&gt;&lt;div&gt;&lt;a href=&quot;https://www.deviantart.com/vampirehelenaharper/art/YouTube-Icon-530921372&quot; class=&quot;emoticon&quot; data-embed-type=&quot;emoticon&quot; data-embed-id=&quot;530921372&quot; data-embed-profile=&quot;deviation&quot;&gt;&lt;img src=&quot;https://images-wixmp-ed30a86b8c4ca887773594c2.wixmp.com/intermediary/f/80bda55e-e860-4969-8f37-9e9d51e43927/d8s3hjw-b4c05150-baba-4ad3-bea8-b4870929a06d.png&quot; alt=&quot;YouTube Icon&quot; style=&quot;width:16px;height:16px&quot;&gt;&lt;/a&gt; &lt;a class=&quot;external&quot; href=&quot;https://www.deviantart.com/users/outgoing?https://youtu.be/pisqCf-VoTg&quot;&gt;&lt;b&gt;Time-lapse video available, click here to watch!&lt;/b&gt;&lt;/a&gt;&amp;nbsp;&lt;a href=&quot;https://www.deviantart.com/rarijacks/art/F2U-Black-Star-Bullet-702653243&quot; class=&quot;emoticon&quot; data-embed-type=&quot;emoticon&quot; data-embed-id=&quot;702653243&quot; data-embed-profile=&quot;deviation&quot;&gt;&lt;img src=&quot;https://orig00.deviantart.net/7da1/f/2017/247/0/e/black_star_by_rarijacks-dbmcapn.gif&quot; alt=&quot;-F2U- Black Star Bullet&quot; style=&quot;width:17px;height:17px&quot;&gt;&lt;/a&gt;&amp;nbsp;&lt;a href=&quot;https://www.deviantart.com/to-much-a-thing/art/black-heart-bullet-389722457&quot; class=&quot;emoticon&quot; data-embed-type=&quot;emoticon&quot; data-embed-id=&quot;389722457&quot; data-embed-profile=&quot;deviation&quot;&gt;&lt;img src=&quot;https://images-wixmp-ed30a86b8c4ca887773594c2.wixmp.com/intermediary/f/9b39aaf5-66c1-411f-a88c-4d916609696c/d6g13rt-534c8035-41ef-4d51-b252-9150f438fdff.png&quot; alt=&quot;black heart bullet&quot; style=&quot;width:13px;height:13px&quot;&gt;&lt;/a&gt;&amp;nbsp; &lt;br /&gt;&lt;/div&gt;&lt;div&gt;&lt;br /&gt;&lt;/div&gt;&lt;div&gt;I&#039;ve been thinking for a while that I wanted to revamp Vox, and at same time create a Noxdroid for the species + official group mascot!&lt;/div&gt;&lt;div&gt;&lt;br /&gt;&lt;/div&gt;&lt;div&gt;She is originally named Vox because she could sing/was music related. But now she lost that ability due the virus and only the name remained. She still has a pretty voice though.&lt;/div&gt;&lt;div&gt;I got super excited to have her as new OC... since all active ones are happy-go-luck type xD it&#039;s refreshing to have a villain in the list! &lt;br /&gt;&lt;/div&gt;&lt;div&gt;&lt;br /&gt;&lt;/div&gt;&lt;div&gt;On side note, she will still upgrade and change, so this is just the beginning 8D&lt;br /&gt;&lt;/div&gt;&lt;div&gt;That&#039;s how she was before (art from 2014):&amp;nbsp;&lt;/div&gt;&lt;div&gt;&lt;span class=&quot;shadow-holder&quot; data-embed-type=&quot;deviation&quot; data-embed-id=&quot;8913010687457864&quot; data-embed-format=&quot;thumb&quot;&gt;&lt;span class=&quot;shadow mild&quot; &gt;&lt;a class=&quot;thumb&quot; href=&quot;https://sta.sh/02frecl0722w&quot; title=&quot;2014 Vox by Hyanna-Natsu, Jan 27, 2019&quot;data-super-img=&quot;https://images-wixmp-ed30a86b8c4ca887773594c2.wixmp.com/intermediary/f/08069cc4-6595-4406-b587-20f2e2027964/dcy6fhj-96391c76-3d54-4ba7-b738-fac855039053.jpg&quot; data-super-width=&quot;482&quot; data-super-height=&quot;900&quot; data-super-transparent=&quot;false&quot; data-super-alt=&quot;2014 Vox by Hyanna-Natsu&quot; data-super-full-img=&quot;https://api-da.wixmp.com/_api/download/file?downloadToken=eyJ0eXAiOiJKV1QiLCJhbGciOiJIUzI1NiJ9.eyJzdWIiOiJ1cm46YXBwOjdlMGQxODg5ODIyNjQzNzNhNWYwZDQxNWVhMGQyNmUwIiwiaXNzIjoidXJuOmFwcDo3ZTBkMTg4OTgyMjY0MzczYTVmMGQ0MTVlYTBkMjZlMCIsImV4cCI6MTU0ODYxNDQ1MSwiaWF0IjoxNTQ4NjEzODQxLCJqdGkiOiI1YzRkZjhkYjJiYThjIiwib2JqIjpudWxsLCJhdWQiOlsidXJuOnNlcnZpY2U6ZmlsZS5kb3dubG9hZCJdLCJwYXlsb2FkIjp7InBhdGgiOiJcL2ZcLzA4MDY5Y2M0LTY1OTUtNDQwNi1iNTg3LTIwZjJlMjAyNzk2NFwvZGN5NmZoai05NjM5MWM3Ni0zZDU0LTRiYTctYjczOC1mYWM4NTUwMzkwNTMuanBnIn19.URpYFXGNFY8GuWZ-OHMX3RExwfRnBXk_-qUKxSAugfg&quot; data-super-full-width=&quot;482&quot; data-super-full-height=&quot;900&quot;        data-sigil=&quot;thumb&quot;&gt;
        &lt;i&gt;&lt;/i&gt;&lt;img   width=&quot;80&quot; height=&quot;150&quot; alt=&quot;2014 Vox by Hyanna-Natsu&quot; src=&quot;https://images-wixmp-ed30a86b8c4ca887773594c2.wixmp.com/intermediary/f/08069cc4-6595-4406-b587-20f2e2027964/dcy6fhj-96391c76-3d54-4ba7-b738-fac855039053.jpg/v1/fit/w_150,h_150,q_70,strp/2014_vox_by_hyanna_natsu_dcy6fhj-150.jpg&quot; data-src=&quot;https://images-wixmp-ed30a86b8c4ca887773594c2.wixmp.com/intermediary/f/08069cc4-6595-4406-b587-20f2e2027964/dcy6fhj-96391c76-3d54-4ba7-b738-fac855039053.jpg/v1/fit/w_150,h_150,q_70,strp/2014_vox_by_hyanna_natsu_dcy6fhj-150.jpg&quot; srcset=&quot;https://images-wixmp-ed30a86b8c4ca887773594c2.wixmp.com/intermediary/f/08069cc4-6595-4406-b587-20f2e2027964/dcy6fhj-96391c76-3d54-4ba7-b738-fac855039053.jpg/v1/fit/w_150,h_150,q_70,strp/2014_vox_by_hyanna_natsu_dcy6fhj-150.jpg 80w,https://images-wixmp-ed30a86b8c4ca887773594c2.wixmp.com/intermediary/f/08069cc4-6595-4406-b587-20f2e2027964/dcy6fhj-96391c76-3d54-4ba7-b738-fac855039053.jpg/v1/fill/w_134,h_250,q_70,strp/2014_vox_by_hyanna_natsu_dcy6fhj-250t.jpg 134w,https://images-wixmp-ed30a86b8c4ca887773594c2.wixmp.com/intermediary/f/08069cc4-6595-4406-b587-20f2e2027964/dcy6fhj-96391c76-3d54-4ba7-b738-fac855039053.jpg/v1/crop/w_187,h_350,x_0,y_0,scl_0.39004149377593,q_70,strp/2014_vox_by_hyanna_natsu_dcy6fhj-350t.jpg 187w,https://images-wixmp-ed30a86b8c4ca887773594c2.wixmp.com/intermediary/f/08069cc4-6595-4406-b587-20f2e2027964/dcy6fhj-96391c76-3d54-4ba7-b738-fac855039053.jpg/v1/fill/w_214,h_400,q_70,strp/2014_vox_by_hyanna_natsu_dcy6fhj-400t.jpg 214w,https://images-wixmp-ed30a86b8c4ca887773594c2.wixmp.com/intermediary/f/08069cc4-6595-4406-b587-20f2e2027964/dcy6fhj-96391c76-3d54-4ba7-b738-fac855039053.jpg 482w&quot; sizes=&quot;80px&quot;&gt;&lt;/a&gt;&lt;/span&gt;&lt;!-- ^TTT --&gt;&lt;!-- TTT$ --&gt;&lt;/span&gt;&lt;/div&gt;&lt;div&gt;&lt;br /&gt;&lt;/div&gt;&lt;div&gt;&amp;#8226; &amp;#8226; &amp;#8226;&lt;br /&gt;&lt;small&gt;Tablet Gaomon M106K | Paint Tool Sai | Edited in Photoshop&lt;br /&gt;&lt;b&gt;Art &amp;amp; Design (c)&lt;/b&gt; &lt;span class=&quot;username-with-symbol u&quot;&gt;&lt;a class=&quot;u beta username&quot; href=&quot;https://www.deviantart.com/hyanna-natsu&quot;&gt;Hyanna-Natsu&lt;/a&gt;&lt;span class=&quot;user-symbol beta&quot; data-quicktip-text=&quot;Beta Tester&quot; data-show-tooltip=&quot;1&quot; data-gruser-type=&quot;beta&quot;&gt;&lt;/span&gt;&lt;/span&gt; | &lt;span class=&quot;username-with-symbol u&quot;&gt;&lt;a class=&quot;u group username&quot; href=&quot;https://www.deviantart.com/udroid&quot;&gt;Udroid&lt;/a&gt;&lt;span class=&quot;user-symbol group&quot; data-quicktip-text=&quot;Group&quot; data-show-tooltip=&quot;1&quot; data-gruser-type=&quot;group&quot; data-clickthrough=&quot;http://groups.deviantart.com&quot;&gt;&lt;/span&gt;&lt;/span&gt;&lt;br /&gt;&lt;b&gt;&lt;u&gt;Don&#039;t repost&lt;/u&gt;, copy, edit, sell or use without my permission.&lt;/b&gt;&lt;br /&gt;&lt;br /&gt;&lt;b&gt;&lt;a href=&quot;http://fav.me/d5tq78a&quot;&gt;Commissions info&lt;/a&gt; | &lt;a href=&quot;http://fav.me/d5wh97s&quot;&gt; FAQ&lt;/a&gt; | &lt;a class=&quot;external&quot; href=&quot;https://www.deviantart.com/users/outgoing?http://www.redbubble.com/people/hyanna&quot;&gt;Redbubble&lt;/a&gt; | &lt;a class=&quot;external&quot; href=&quot;https://www.deviantart.com/users/outgoing?https://www.youtube.com/c/Hyanna%20Natsu&quot; title=&quot;YouTube&quot;&gt;You Tube&lt;/a&gt;&lt;/b&gt;&lt;/small&gt; &lt;span class=&quot;shadow-holder&quot; data-embed-type=&quot;deviation&quot; data-embed-id=&quot;547742247&quot; data-embed-format=&quot;thumb&quot;&gt;&lt;span class=&quot;shadow mild&quot; &gt;&lt;a class=&quot;thumb&quot; href=&quot;https://www.deviantart.com/kittyrocker/art/--547742247&quot; title=&quot;* by Kittyrocker, Jul 20, 2015 in Customization &amp;gt; Emoticons &amp;gt; Chat Friendly Emotes &amp;gt; Small - up to 25x50 &amp;gt; Animated&quot;        data-sigil=&quot;thumb&quot;&gt;
        &lt;i&gt;&lt;/i&gt;&lt;img   width=&quot;10&quot; height=&quot;10&quot; alt=&quot;* by Kittyrocker&quot; src=&quot;https://orig00.deviantart.net/18bb/f/2015/201/0/6/__by_kittyrocker-d9240mf.gif&quot; data-src=&quot;https://orig00.deviantart.net/18bb/f/2015/201/0/6/__by_kittyrocker-d9240mf.gif&quot; srcset=&quot;https://orig00.deviantart.net/18bb/f/2015/201/0/6/__by_kittyrocker-d9240mf.gif 10w&quot; sizes=&quot;10px&quot;&gt;&lt;/a&gt;&lt;/span&gt;&lt;!-- ^TTT --&gt;&lt;!-- TTT$ --&gt;&lt;/span&gt;&lt;/div&gt;</media:description>            <media:thumbnail url="https://t00.deviantart.net/gr5HrxZoukD0TU75bZbCI6pzGXA=/fit-in/150x150/filters:no_upscale():origin()/pre00/7f6d/th/pre/i/2019/027/c/b/__video__oc___vox_revamp__by_hyanna_natsu-dcy6epr.png" height="97" width="150"/>            <media:thumbnail url="https://t00.deviantart.net/mXLdCwsxvQCrBex8npVXXQ-Fblk=/fit-in/300x900/filters:no_upscale():origin()/pre00/7f6d/th/pre/i/2019/027/c/b/__video__oc___vox_revamp__by_hyanna_natsu-dcy6epr.png" height="195" width="300"/>            <media:thumbnail url="https://t00.deviantart.net/iXJhLHcxZo7XzrOA80yqyI1dUh0=/300x200/filters:fixed_height(100,100):origin()/pre00/7f6d/th/pre/i/2019/027/c/b/__video__oc___vox_revamp__by_hyanna_natsu-dcy6epr.png" height="195" width="300"/>            <media:content url="https://pre00.deviantart.net/7f6d/th/pre/i/2019/027/c/b/__video__oc___vox_revamp__by_hyanna_natsu-dcy6epr.png" height="720" width="1110" medium="image"/>            
            <description>&lt;div&gt;Yes it&#039;s Vox, but better &lt;span class=&quot;shadow-holder&quot; data-embed-type=&quot;deviation&quot; data-embed-id=&quot;6247131945982576&quot; data-embed-format=&quot;thumb&quot;&gt;&lt;span class=&quot;shadow mild&quot; &gt;&lt;a class=&quot;thumb&quot; href=&quot;https://sta.sh/01pif8sogygg&quot; title=&quot;smugvox by Hyanna-Natsu, Jan 27, 2019&quot;data-super-img=&quot;https://images-wixmp-ed30a86b8c4ca887773594c2.wixmp.com/intermediary/f/08069cc4-6595-4406-b587-20f2e2027964/dcy6esl-f9455c6e-40ab-4432-8fc2-6fa31c83ceaa.png&quot; data-super-width=&quot;50&quot; data-super-height=&quot;50&quot; data-super-transparent=&quot;true&quot; data-super-alt=&quot;smugvox by Hyanna-Natsu&quot; data-super-full-img=&quot;https://api-da.wixmp.com/_api/download/file?downloadToken=eyJ0eXAiOiJKV1QiLCJhbGciOiJIUzI1NiJ9.eyJzdWIiOiJ1cm46YXBwOjdlMGQxODg5ODIyNjQzNzNhNWYwZDQxNWVhMGQyNmUwIiwiaXNzIjoidXJuOmFwcDo3ZTBkMTg4OTgyMjY0MzczYTVmMGQ0MTVlYTBkMjZlMCIsImV4cCI6MTU0ODYxNDQ1MSwiaWF0IjoxNTQ4NjEzODQxLCJqdGkiOiI1YzRkZjhkYjJiODJlIiwib2JqIjpudWxsLCJhdWQiOlsidXJuOnNlcnZpY2U6ZmlsZS5kb3dubG9hZCJdLCJwYXlsb2FkIjp7InBhdGgiOiJcL2ZcLzA4MDY5Y2M0LTY1OTUtNDQwNi1iNTg3LTIwZjJlMjAyNzk2NFwvZGN5NmVzbC1mOTQ1NWM2ZS00MGFiLTQ0MzItOGZjMi02ZmEzMWM4M2NlYWEucG5nIn19.eyuPVRC82S5d1s6B689215mODZAbjWp8NUicPeBIhos&quot; data-super-full-width=&quot;50&quot; data-super-full-height=&quot;50&quot;        data-sigil=&quot;thumb&quot;&gt;
        &lt;i&gt;&lt;/i&gt;&lt;img   width=&quot;50&quot; height=&quot;50&quot; alt=&quot;smugvox by Hyanna-Natsu&quot; src=&quot;https://images-wixmp-ed30a86b8c4ca887773594c2.wixmp.com/intermediary/f/08069cc4-6595-4406-b587-20f2e2027964/dcy6esl-f9455c6e-40ab-4432-8fc2-6fa31c83ceaa.png&quot; data-src=&quot;https://images-wixmp-ed30a86b8c4ca887773594c2.wixmp.com/intermediary/f/08069cc4-6595-4406-b587-20f2e2027964/dcy6esl-f9455c6e-40ab-4432-8fc2-6fa31c83ceaa.png&quot; srcset=&quot;https://images-wixmp-ed30a86b8c4ca887773594c2.wixmp.com/intermediary/f/08069cc4-6595-4406-b587-20f2e2027964/dcy6esl-f9455c6e-40ab-4432-8fc2-6fa31c83ceaa.png 50w&quot; sizes=&quot;50px&quot;&gt;&lt;/a&gt;&lt;/span&gt;&lt;!-- ^TTT --&gt;&lt;!-- TTT$ --&gt;&lt;/span&gt;&lt;/div&gt;&lt;div&gt;&lt;a target=&quot;_self&quot; href=&quot;https://www.deviantart.com/udroid&quot; &gt;&lt;img class=&quot;avatar group&quot; width=&quot;100&quot; height=&quot;50&quot; src=&quot;https://a.deviantart.net/avatars/u/d/udroid.gif?4&quot; alt=&quot;:iconudroid:&quot; title=&quot;Udroid&quot; /&gt;&lt;/a&gt;&amp;nbsp; &lt;br /&gt;&lt;/div&gt;&lt;div&gt;&lt;br /&gt;&lt;/div&gt;&lt;div&gt;&lt;a href=&quot;https://www.deviantart.com/vampirehelenaharper/art/YouTube-Icon-530921372&quot; class=&quot;emoticon&quot; data-embed-type=&quot;emoticon&quot; data-embed-id=&quot;530921372&quot; data-embed-profile=&quot;deviation&quot;&gt;&lt;img src=&quot;https://images-wixmp-ed30a86b8c4ca887773594c2.wixmp.com/intermediary/f/80bda55e-e860-4969-8f37-9e9d51e43927/d8s3hjw-b4c05150-baba-4ad3-bea8-b4870929a06d.png&quot; alt=&quot;YouTube Icon&quot; style=&quot;width:16px;height:16px&quot;&gt;&lt;/a&gt; &lt;a class=&quot;external&quot; href=&quot;https://www.deviantart.com/users/outgoing?https://youtu.be/pisqCf-VoTg&quot;&gt;&lt;b&gt;Time-lapse video available, click here to watch!&lt;/b&gt;&lt;/a&gt;&amp;nbsp;&lt;a href=&quot;https://www.deviantart.com/rarijacks/art/F2U-Black-Star-Bullet-702653243&quot; class=&quot;emoticon&quot; data-embed-type=&quot;emoticon&quot; data-embed-id=&quot;702653243&quot; data-embed-profile=&quot;deviation&quot;&gt;&lt;img src=&quot;https://orig00.deviantart.net/7da1/f/2017/247/0/e/black_star_by_rarijacks-dbmcapn.gif&quot; alt=&quot;-F2U- Black Star Bullet&quot; style=&quot;width:17px;height:17px&quot;&gt;&lt;/a&gt;&amp;nbsp;&lt;a href=&quot;https://www.deviantart.com/to-much-a-thing/art/black-heart-bullet-389722457&quot; class=&quot;emoticon&quot; data-embed-type=&quot;emoticon&quot; data-embed-id=&quot;389722457&quot; data-embed-profile=&quot;deviation&quot;&gt;&lt;img src=&quot;https://images-wixmp-ed30a86b8c4ca887773594c2.wixmp.com/intermediary/f/9b39aaf5-66c1-411f-a88c-4d916609696c/d6g13rt-534c8035-41ef-4d51-b252-9150f438fdff.png&quot; alt=&quot;black heart bullet&quot; style=&quot;width:13px;height:13px&quot;&gt;&lt;/a&gt;&amp;nbsp; &lt;br /&gt;&lt;/div&gt;&lt;div&gt;&lt;br /&gt;&lt;/div&gt;&lt;div&gt;I&#039;ve been thinking for a while that I wanted to revamp Vox, and at same time create a Noxdroid for the species + official group mascot!&lt;/div&gt;&lt;div&gt;&lt;br /&gt;&lt;/div&gt;&lt;div&gt;She is originally named Vox because she could sing/was music related. But now she lost that ability due the virus and only the name remained. She still has a pretty voice though.&lt;/div&gt;&lt;div&gt;I got super excited to have her as new OC... since all active ones are happy-go-luck type xD it&#039;s refreshing to have a villain in the list! &lt;br /&gt;&lt;/div&gt;&lt;div&gt;&lt;br /&gt;&lt;/div&gt;&lt;div&gt;On side note, she will still upgrade and change, so this is just the beginning 8D&lt;br /&gt;&lt;/div&gt;&lt;div&gt;That&#039;s how she was before (art from 2014):&amp;nbsp;&lt;/div&gt;&lt;div&gt;&lt;span class=&quot;shadow-holder&quot; data-embed-type=&quot;deviation&quot; data-embed-id=&quot;8913010687457864&quot; data-embed-format=&quot;thumb&quot;&gt;&lt;span class=&quot;shadow mild&quot; &gt;&lt;a class=&quot;thumb&quot; href=&quot;https://sta.sh/02frecl0722w&quot; title=&quot;2014 Vox by Hyanna-Natsu, Jan 27, 2019&quot;data-super-img=&quot;https://images-wixmp-ed30a86b8c4ca887773594c2.wixmp.com/intermediary/f/08069cc4-6595-4406-b587-20f2e2027964/dcy6fhj-96391c76-3d54-4ba7-b738-fac855039053.jpg&quot; data-super-width=&quot;482&quot; data-super-height=&quot;900&quot; data-super-transparent=&quot;false&quot; data-super-alt=&quot;2014 Vox by Hyanna-Natsu&quot; data-super-full-img=&quot;https://api-da.wixmp.com/_api/download/file?downloadToken=eyJ0eXAiOiJKV1QiLCJhbGciOiJIUzI1NiJ9.eyJzdWIiOiJ1cm46YXBwOjdlMGQxODg5ODIyNjQzNzNhNWYwZDQxNWVhMGQyNmUwIiwiaXNzIjoidXJuOmFwcDo3ZTBkMTg4OTgyMjY0MzczYTVmMGQ0MTVlYTBkMjZlMCIsImV4cCI6MTU0ODYxNDQ1MSwiaWF0IjoxNTQ4NjEzODQxLCJqdGkiOiI1YzRkZjhkYjJiYThjIiwib2JqIjpudWxsLCJhdWQiOlsidXJuOnNlcnZpY2U6ZmlsZS5kb3dubG9hZCJdLCJwYXlsb2FkIjp7InBhdGgiOiJcL2ZcLzA4MDY5Y2M0LTY1OTUtNDQwNi1iNTg3LTIwZjJlMjAyNzk2NFwvZGN5NmZoai05NjM5MWM3Ni0zZDU0LTRiYTctYjczOC1mYWM4NTUwMzkwNTMuanBnIn19.URpYFXGNFY8GuWZ-OHMX3RExwfRnBXk_-qUKxSAugfg&quot; data-super-full-width=&quot;482&quot; data-super-full-height=&quot;900&quot;        data-sigil=&quot;thumb&quot;&gt;
        &lt;i&gt;&lt;/i&gt;&lt;img   width=&quot;80&quot; height=&quot;150&quot; alt=&quot;2014 Vox by Hyanna-Natsu&quot; src=&quot;https://images-wixmp-ed30a86b8c4ca887773594c2.wixmp.com/intermediary/f/08069cc4-6595-4406-b587-20f2e2027964/dcy6fhj-96391c76-3d54-4ba7-b738-fac855039053.jpg/v1/fit/w_150,h_150,q_70,strp/2014_vox_by_hyanna_natsu_dcy6fhj-150.jpg&quot; data-src=&quot;https://images-wixmp-ed30a86b8c4ca887773594c2.wixmp.com/intermediary/f/08069cc4-6595-4406-b587-20f2e2027964/dcy6fhj-96391c76-3d54-4ba7-b738-fac855039053.jpg/v1/fit/w_150,h_150,q_70,strp/2014_vox_by_hyanna_natsu_dcy6fhj-150.jpg&quot; srcset=&quot;https://images-wixmp-ed30a86b8c4ca887773594c2.wixmp.com/intermediary/f/08069cc4-6595-4406-b587-20f2e2027964/dcy6fhj-96391c76-3d54-4ba7-b738-fac855039053.jpg/v1/fit/w_150,h_150,q_70,strp/2014_vox_by_hyanna_natsu_dcy6fhj-150.jpg 80w,https://images-wixmp-ed30a86b8c4ca887773594c2.wixmp.com/intermediary/f/08069cc4-6595-4406-b587-20f2e2027964/dcy6fhj-96391c76-3d54-4ba7-b738-fac855039053.jpg/v1/fill/w_134,h_250,q_70,strp/2014_vox_by_hyanna_natsu_dcy6fhj-250t.jpg 134w,https://images-wixmp-ed30a86b8c4ca887773594c2.wixmp.com/intermediary/f/08069cc4-6595-4406-b587-20f2e2027964/dcy6fhj-96391c76-3d54-4ba7-b738-fac855039053.jpg/v1/crop/w_187,h_350,x_0,y_0,scl_0.39004149377593,q_70,strp/2014_vox_by_hyanna_natsu_dcy6fhj-350t.jpg 187w,https://images-wixmp-ed30a86b8c4ca887773594c2.wixmp.com/intermediary/f/08069cc4-6595-4406-b587-20f2e2027964/dcy6fhj-96391c76-3d54-4ba7-b738-fac855039053.jpg/v1/fill/w_214,h_400,q_70,strp/2014_vox_by_hyanna_natsu_dcy6fhj-400t.jpg 214w,https://images-wixmp-ed30a86b8c4ca887773594c2.wixmp.com/intermediary/f/08069cc4-6595-4406-b587-20f2e2027964/dcy6fhj-96391c76-3d54-4ba7-b738-fac855039053.jpg 482w&quot; sizes=&quot;80px&quot;&gt;&lt;/a&gt;&lt;/span&gt;&lt;!-- ^TTT --&gt;&lt;!-- TTT$ --&gt;&lt;/span&gt;&lt;/div&gt;&lt;div&gt;&lt;br /&gt;&lt;/div&gt;&lt;div&gt;&amp;#8226; &amp;#8226; &amp;#8226;&lt;br /&gt;&lt;small&gt;Tablet Gaomon M106K | Paint Tool Sai | Edited in Photoshop&lt;br /&gt;&lt;b&gt;Art &amp;amp; Design (c)&lt;/b&gt; &lt;span class=&quot;username-with-symbol u&quot;&gt;&lt;a class=&quot;u beta username&quot; href=&quot;https://www.deviantart.com/hyanna-natsu&quot;&gt;Hyanna-Natsu&lt;/a&gt;&lt;span class=&quot;user-symbol beta&quot; data-quicktip-text=&quot;Beta Tester&quot; data-show-tooltip=&quot;1&quot; data-gruser-type=&quot;beta&quot;&gt;&lt;/span&gt;&lt;/span&gt; | &lt;span class=&quot;username-with-symbol u&quot;&gt;&lt;a class=&quot;u group username&quot; href=&quot;https://www.deviantart.com/udroid&quot;&gt;Udroid&lt;/a&gt;&lt;span class=&quot;user-symbol group&quot; data-quicktip-text=&quot;Group&quot; data-show-tooltip=&quot;1&quot; data-gruser-type=&quot;group&quot; data-clickthrough=&quot;http://groups.deviantart.com&quot;&gt;&lt;/span&gt;&lt;/span&gt;&lt;br /&gt;&lt;b&gt;&lt;u&gt;Don&#039;t repost&lt;/u&gt;, copy, edit, sell or use without my permission.&lt;/b&gt;&lt;br /&gt;&lt;br /&gt;&lt;b&gt;&lt;a href=&quot;http://fav.me/d5tq78a&quot;&gt;Commissions info&lt;/a&gt; | &lt;a href=&quot;http://fav.me/d5wh97s&quot;&gt; FAQ&lt;/a&gt; | &lt;a class=&quot;external&quot; href=&quot;https://www.deviantart.com/users/outgoing?http://www.redbubble.com/people/hyanna&quot;&gt;Redbubble&lt;/a&gt; | &lt;a class=&quot;external&quot; href=&quot;https://www.deviantart.com/users/outgoing?https://www.youtube.com/c/Hyanna%20Natsu&quot; title=&quot;YouTube&quot;&gt;You Tube&lt;/a&gt;&lt;/b&gt;&lt;/small&gt; &lt;span class=&quot;shadow-holder&quot; data-embed-type=&quot;deviation&quot; data-embed-id=&quot;547742247&quot; data-embed-format=&quot;thumb&quot;&gt;&lt;span class=&quot;shadow mild&quot; &gt;&lt;a class=&quot;thumb&quot; href=&quot;https://www.deviantart.com/kittyrocker/art/--547742247&quot; title=&quot;* by Kittyrocker, Jul 20, 2015 in Customization &amp;gt; Emoticons &amp;gt; Chat Friendly Emotes &amp;gt; Small - up to 25x50 &amp;gt; Animated&quot;        data-sigil=&quot;thumb&quot;&gt;
        &lt;i&gt;&lt;/i&gt;&lt;img   width=&quot;10&quot; height=&quot;10&quot; alt=&quot;* by Kittyrocker&quot; src=&quot;https://orig00.deviantart.net/18bb/f/2015/201/0/6/__by_kittyrocker-d9240mf.gif&quot; data-src=&quot;https://orig00.deviantart.net/18bb/f/2015/201/0/6/__by_kittyrocker-d9240mf.gif&quot; srcset=&quot;https://orig00.deviantart.net/18bb/f/2015/201/0/6/__by_kittyrocker-d9240mf.gif 10w&quot; sizes=&quot;10px&quot;&gt;&lt;/a&gt;&lt;/span&gt;&lt;!-- ^TTT --&gt;&lt;!-- TTT$ --&gt;&lt;/span&gt;&lt;/div&gt;&lt;br /&gt;&lt;div&gt;&lt;img src=&quot;https://t00.deviantart.net/iXJhLHcxZo7XzrOA80yqyI1dUh0=/300x200/filters:fixed_height(100,100):origin()/pre00/7f6d/th/pre/i/2019/027/c/b/__video__oc___vox_revamp__by_hyanna_natsu-dcy6epr.png&quot; alt=&quot;thumbnail&quot; /&gt;&lt;/div&gt;</description>            </item>
                    <item>
                <title>Widowmaker</title>
                <link>https://kate-fox.deviantart.com/art/Widowmaker-782988248</link>
                <guid isPermaLink="true">https://kate-fox.deviantart.com/art/Widowmaker-782988248</guid>
                <pubDate>Sun, 27 Jan 2019 08:48:36 PST</pubDate>
                        <media:title type="plain">Widowmaker</media:title>
        <media:keywords></media:keywords>
                        <media:rating>nonadult</media:rating>
                <media:category label="Other">digitalart/paintings/other</media:category>
        <media:credit role="author" scheme="urn:ebu">Kate-FoX</media:credit>
        <media:credit role="author" scheme="urn:ebu">https://a.deviantart.net/avatars/k/a/kate-fox.gif?12</media:credit>
        <media:copyright url="https://kate-fox.deviantart.com">Copyright 2019 Kate-FoX</media:copyright>            <media:description type="html">&lt;div&gt; &lt;div&gt; &lt;div&gt; &lt;div&gt;&lt;b&gt;&lt;img src=&quot;https://e.deviantart.net/emoticons/s/shamrock.gif&quot; alt=&quot;St. Patricks Day!&quot; style=&quot;width: 15px; height: 15px;&quot; data-embed-type=&quot;emoticon&quot; data-embed-id=&quot;449&quot;&gt; &lt;a class=&quot;external&quot; href=&quot;https://www.deviantart.com/users/outgoing?https://www.patreon.com/katefox&quot;&gt;&lt;b&gt;Patreon&lt;/b&gt;&lt;/a&gt; &lt;img src=&quot;https://e.deviantart.net/emoticons/s/shamrock.gif&quot; alt=&quot;St. Patricks Day!&quot; style=&quot;width: 15px; height: 15px;&quot; data-embed-type=&quot;emoticon&quot; data-embed-id=&quot;449&quot;&gt;&amp;nbsp;&lt;a class=&quot;external&quot; href=&quot;https://www.deviantart.com/users/outgoing?https://www.artstation.com/artist/Kate-FoX&quot;&gt;ArtStation&lt;/a&gt; &lt;img src=&quot;https://e.deviantart.net/emoticons/s/shamrock.gif&quot; alt=&quot;St. Patricks Day!&quot; style=&quot;width: 15px; height: 15px;&quot; data-embed-type=&quot;emoticon&quot; data-embed-id=&quot;449&quot;&gt;&amp;nbsp;&lt;a class=&quot;external&quot; href=&quot;https://www.deviantart.com/users/outgoing?https://katefoxart.tumblr.com/&quot;&gt;Tumblr&lt;/a&gt;&amp;nbsp;&lt;img src=&quot;https://e.deviantart.net/emoticons/s/shamrock.gif&quot; alt=&quot;St. Patricks Day!&quot; style=&quot;width: 15px; height: 15px;&quot; data-embed-type=&quot;emoticon&quot; data-embed-id=&quot;449&quot;&gt;&amp;nbsp; &lt;a class=&quot;external&quot; href=&quot;https://www.deviantart.com/users/outgoing?https://vk.com/whisper_of_a_ninetailed&quot;&gt;VK&lt;/a&gt;&amp;nbsp;&lt;img src=&quot;https://e.deviantart.net/emoticons/s/shamrock.gif&quot; alt=&quot;St. Patricks Day!&quot; style=&quot;width: 15px; height: 15px;&quot; data-embed-type=&quot;emoticon&quot; data-embed-id=&quot;449&quot;&gt; &lt;a class=&quot;external&quot; href=&quot;https://www.deviantart.com/users/outgoing?https://www.facebook.com/katherinesoloveva&quot;&gt;FB&lt;/a&gt;&lt;/b&gt;&lt;b&gt; &lt;img src=&quot;https://e.deviantart.net/emoticons/s/shamrock.gif&quot; alt=&quot;St. Patricks Day!&quot; style=&quot;width: 15px; height: 15px;&quot; data-embed-type=&quot;emoticon&quot; data-embed-id=&quot;449&quot;&gt;&lt;/b&gt; &lt;a class=&quot;external&quot; href=&quot;https://www.deviantart.com/users/outgoing?https://www.instagram.com/kate_fox_art/&quot;&gt;Instagram&lt;/a&gt;&lt;b&gt; &lt;img src=&quot;https://e.deviantart.net/emoticons/s/shamrock.gif&quot; alt=&quot;St. Patricks Day!&quot; style=&quot;width: 15px; height: 15px;&quot; data-embed-type=&quot;emoticon&quot; data-embed-id=&quot;449&quot;&gt;&lt;/b&gt;&lt;b&gt; &lt;a class=&quot;external&quot; href=&quot;https://www.deviantart.com/users/outgoing?https://gumroad.com/kate_fox&quot;&gt;Gumroad&lt;/a&gt;&lt;/b&gt;&lt;b&gt; &lt;img src=&quot;https://e.deviantart.net/emoticons/s/shamrock.gif&quot; alt=&quot;St. Patricks Day!&quot; style=&quot;width: 15px; height: 15px;&quot; data-embed-type=&quot;emoticon&quot; data-embed-id=&quot;449&quot;&gt;&lt;/b&gt;&lt;div&gt;&lt;span&gt;&lt;p&gt;&lt;b&gt;Music: &lt;/b&gt;&lt;span&gt;&lt;b&gt;&lt;strong&gt;Overwatch Song - I Played Widow&lt;/strong&gt;&lt;/b&gt;&lt;/span&gt;&lt;/p&gt;&lt;/span&gt;&lt;span&gt;&lt;/span&gt;&lt;span&gt;&lt;/span&gt;&lt;/div&gt;&lt;b&gt;&lt;span&gt;&lt;span&gt;&lt;/span&gt;&lt;/span&gt;&lt;/b&gt;&lt;span&gt;&lt;/span&gt;&lt;p&gt;&lt;span&gt;Hey! &lt;span&gt;&lt;span&gt;If&lt;/span&gt; &lt;span&gt;you&lt;/span&gt; &lt;span&gt;like&lt;/span&gt; &lt;span&gt;my work&lt;/span&gt;&lt;span&gt;:&lt;/span&gt;&lt;/span&gt;&lt;br /&gt;Watch me: &lt;a href=&quot;https://kate-fox.deviantart.com/&quot;&gt;kate-fox.deviantart.com/ &lt;/a&gt;&lt;/span&gt;&lt;br /&gt;&lt;span&gt;&lt;span&gt;&lt;a class=&quot;external&quot; href=&quot;https://www.deviantart.com/users/outgoing?https://www.artstation.com/kate-fox&quot;&gt;www.artstation.com/kate-fox&lt;/a&gt;&lt;br /&gt;&lt;/span&gt;Support me: &lt;b&gt;&lt;a class=&quot;external&quot; href=&quot;https://www.deviantart.com/users/outgoing?https://www.patreon.com/katefox&quot;&gt;&lt;b&gt;Patreon&lt;/b&gt;&lt;/a&gt; &lt;/b&gt;&lt;b&gt;&lt;br /&gt;or&lt;br /&gt;&lt;a class=&quot;external&quot; href=&quot;https://www.deviantart.com/users/outgoing?https://ko-fi.com/V7V35LXL&quot;&gt;Buy Me a Coffee&lt;/a&gt;&lt;/b&gt;&lt;/span&gt;&lt;b&gt;&lt;br /&gt;&lt;/b&gt;&lt;/p&gt;&lt;span&gt;&lt;/span&gt;&lt;h3&gt;&lt;a class=&quot;external&quot; href=&quot;https://www.deviantart.com/users/outgoing?https://www.patreon.com/katefox&quot;&gt;&lt;b&gt;High Resolution, Video process and &lt;/b&gt;&lt;b&gt;&lt;strong&gt;My sketch brush &lt;/strong&gt;&lt;em&gt;.SUT-file for&lt;/em&gt;&lt;strong&gt; CLIP STUDIO PAINT &lt;/strong&gt;are &lt;/b&gt;&lt;b&gt;available through my patreon!&lt;/b&gt;&lt;/a&gt;&lt;/h3&gt;&lt;/div&gt; &lt;/div&gt;&lt;/div&gt; &lt;/div&gt;</media:description>            <media:thumbnail url="https://t00.deviantart.net/WezqaRjn5scfZH9YBQPlcn9a-sM=/fit-in/150x150/filters:no_upscale():origin()/pre00/657f/th/pre/f/2019/027/9/a/9a1700c201b8536b9f43be6e7cd7b647-dcy65lk.jpg" height="150" width="106"/>            <media:thumbnail url="https://t00.deviantart.net/eFx65VVy3YaAXWfdaL4Ane9BE_I=/fit-in/300x900/filters:no_upscale():origin()/pre00/657f/th/pre/f/2019/027/9/a/9a1700c201b8536b9f43be6e7cd7b647-dcy65lk.jpg" height="424" width="300"/>            <media:thumbnail url="https://t00.deviantart.net/YR77fz7UaZDzu0T0vvlxiLo6MXs=/300x200/filters:fixed_height(100,100):origin()/pre00/657f/th/pre/f/2019/027/9/a/9a1700c201b8536b9f43be6e7cd7b647-dcy65lk.jpg" height="200" width="141"/>            <media:content url="https://pre00.deviantart.net/657f/th/pre/f/2019/027/9/a/9a1700c201b8536b9f43be6e7cd7b647-dcy65lk.jpg" height="1063" width="752" medium="image"/>            
            <description>&lt;div&gt; &lt;div&gt; &lt;div&gt; &lt;div&gt;&lt;b&gt;&lt;img src=&quot;https://e.deviantart.net/emoticons/s/shamrock.gif&quot; alt=&quot;St. Patricks Day!&quot; style=&quot;width: 15px; height: 15px;&quot; data-embed-type=&quot;emoticon&quot; data-embed-id=&quot;449&quot;&gt; &lt;a class=&quot;external&quot; href=&quot;https://www.deviantart.com/users/outgoing?https://www.patreon.com/katefox&quot;&gt;&lt;b&gt;Patreon&lt;/b&gt;&lt;/a&gt; &lt;img src=&quot;https://e.deviantart.net/emoticons/s/shamrock.gif&quot; alt=&quot;St. Patricks Day!&quot; style=&quot;width: 15px; height: 15px;&quot; data-embed-type=&quot;emoticon&quot; data-embed-id=&quot;449&quot;&gt;&amp;nbsp;&lt;a class=&quot;external&quot; href=&quot;https://www.deviantart.com/users/outgoing?https://www.artstation.com/artist/Kate-FoX&quot;&gt;ArtStation&lt;/a&gt; &lt;img src=&quot;https://e.deviantart.net/emoticons/s/shamrock.gif&quot; alt=&quot;St. Patricks Day!&quot; style=&quot;width: 15px; height: 15px;&quot; data-embed-type=&quot;emoticon&quot; data-embed-id=&quot;449&quot;&gt;&amp;nbsp;&lt;a class=&quot;external&quot; href=&quot;https://www.deviantart.com/users/outgoing?https://katefoxart.tumblr.com/&quot;&gt;Tumblr&lt;/a&gt;&amp;nbsp;&lt;img src=&quot;https://e.deviantart.net/emoticons/s/shamrock.gif&quot; alt=&quot;St. Patricks Day!&quot; style=&quot;width: 15px; height: 15px;&quot; data-embed-type=&quot;emoticon&quot; data-embed-id=&quot;449&quot;&gt;&amp;nbsp; &lt;a class=&quot;external&quot; href=&quot;https://www.deviantart.com/users/outgoing?https://vk.com/whisper_of_a_ninetailed&quot;&gt;VK&lt;/a&gt;&amp;nbsp;&lt;img src=&quot;https://e.deviantart.net/emoticons/s/shamrock.gif&quot; alt=&quot;St. Patricks Day!&quot; style=&quot;width: 15px; height: 15px;&quot; data-embed-type=&quot;emoticon&quot; data-embed-id=&quot;449&quot;&gt; &lt;a class=&quot;external&quot; href=&quot;https://www.deviantart.com/users/outgoing?https://www.facebook.com/katherinesoloveva&quot;&gt;FB&lt;/a&gt;&lt;/b&gt;&lt;b&gt; &lt;img src=&quot;https://e.deviantart.net/emoticons/s/shamrock.gif&quot; alt=&quot;St. Patricks Day!&quot; style=&quot;width: 15px; height: 15px;&quot; data-embed-type=&quot;emoticon&quot; data-embed-id=&quot;449&quot;&gt;&lt;/b&gt; &lt;a class=&quot;external&quot; href=&quot;https://www.deviantart.com/users/outgoing?https://www.instagram.com/kate_fox_art/&quot;&gt;Instagram&lt;/a&gt;&lt;b&gt; &lt;img src=&quot;https://e.deviantart.net/emoticons/s/shamrock.gif&quot; alt=&quot;St. Patricks Day!&quot; style=&quot;width: 15px; height: 15px;&quot; data-embed-type=&quot;emoticon&quot; data-embed-id=&quot;449&quot;&gt;&lt;/b&gt;&lt;b&gt; &lt;a class=&quot;external&quot; href=&quot;https://www.deviantart.com/users/outgoing?https://gumroad.com/kate_fox&quot;&gt;Gumroad&lt;/a&gt;&lt;/b&gt;&lt;b&gt; &lt;img src=&quot;https://e.deviantart.net/emoticons/s/shamrock.gif&quot; alt=&quot;St. Patricks Day!&quot; style=&quot;width: 15px; height: 15px;&quot; data-embed-type=&quot;emoticon&quot; data-embed-id=&quot;449&quot;&gt;&lt;/b&gt;&lt;div&gt;&lt;span&gt;&lt;p&gt;&lt;b&gt;Music: &lt;/b&gt;&lt;span&gt;&lt;b&gt;&lt;strong&gt;Overwatch Song - I Played Widow&lt;/strong&gt;&lt;/b&gt;&lt;/span&gt;&lt;/p&gt;&lt;/span&gt;&lt;span&gt;&lt;/span&gt;&lt;span&gt;&lt;/span&gt;&lt;/div&gt;&lt;b&gt;&lt;span&gt;&lt;span&gt;&lt;/span&gt;&lt;/span&gt;&lt;/b&gt;&lt;span&gt;&lt;/span&gt;&lt;p&gt;&lt;span&gt;Hey! &lt;span&gt;&lt;span&gt;If&lt;/span&gt; &lt;span&gt;you&lt;/span&gt; &lt;span&gt;like&lt;/span&gt; &lt;span&gt;my work&lt;/span&gt;&lt;span&gt;:&lt;/span&gt;&lt;/span&gt;&lt;br /&gt;Watch me: &lt;a href=&quot;https://kate-fox.deviantart.com/&quot;&gt;kate-fox.deviantart.com/ &lt;/a&gt;&lt;/span&gt;&lt;br /&gt;&lt;span&gt;&lt;span&gt;&lt;a class=&quot;external&quot; href=&quot;https://www.deviantart.com/users/outgoing?https://www.artstation.com/kate-fox&quot;&gt;www.artstation.com/kate-fox&lt;/a&gt;&lt;br /&gt;&lt;/span&gt;Support me: &lt;b&gt;&lt;a class=&quot;external&quot; href=&quot;https://www.deviantart.com/users/outgoing?https://www.patreon.com/katefox&quot;&gt;&lt;b&gt;Patreon&lt;/b&gt;&lt;/a&gt; &lt;/b&gt;&lt;b&gt;&lt;br /&gt;or&lt;br /&gt;&lt;a class=&quot;external&quot; href=&quot;https://www.deviantart.com/users/outgoing?https://ko-fi.com/V7V35LXL&quot;&gt;Buy Me a Coffee&lt;/a&gt;&lt;/b&gt;&lt;/span&gt;&lt;b&gt;&lt;br /&gt;&lt;/b&gt;&lt;/p&gt;&lt;span&gt;&lt;/span&gt;&lt;h3&gt;&lt;a class=&quot;external&quot; href=&quot;https://www.deviantart.com/users/outgoing?https://www.patreon.com/katefox&quot;&gt;&lt;b&gt;High Resolution, Video process and &lt;/b&gt;&lt;b&gt;&lt;strong&gt;My sketch brush &lt;/strong&gt;&lt;em&gt;.SUT-file for&lt;/em&gt;&lt;strong&gt; CLIP STUDIO PAINT &lt;/strong&gt;are &lt;/b&gt;&lt;b&gt;available through my patreon!&lt;/b&gt;&lt;/a&gt;&lt;/h3&gt;&lt;/div&gt; &lt;/div&gt;&lt;/div&gt; &lt;/div&gt;&lt;br /&gt;&lt;div&gt;&lt;img src=&quot;https://t00.deviantart.net/YR77fz7UaZDzu0T0vvlxiLo6MXs=/300x200/filters:fixed_height(100,100):origin()/pre00/657f/th/pre/f/2019/027/9/a/9a1700c201b8536b9f43be6e7cd7b647-dcy65lk.jpg&quot; alt=&quot;thumbnail&quot; /&gt;&lt;/div&gt;</description>            </item>
                    <item>
                <title>Sleeping Alice</title>
                <link>https://irenhorrors.deviantart.com/art/Sleeping-Alice-782954399</link>
                <guid isPermaLink="true">https://irenhorrors.deviantart.com/art/Sleeping-Alice-782954399</guid>
                <pubDate>Sun, 27 Jan 2019 02:22:22 PST</pubDate>
                        <media:title type="plain">Sleeping Alice</media:title>
        <media:keywords></media:keywords>
                        <media:rating>nonadult</media:rating>
                <media:category label="Fantasy">digitalart/mixedmed/fantasy</media:category>
        <media:credit role="author" scheme="urn:ebu">IrenHorrors</media:credit>
        <media:credit role="author" scheme="urn:ebu">https://a.deviantart.net/avatars/i/r/irenhorrors.jpg?8</media:credit>
        <media:copyright url="https://irenhorrors.deviantart.com">Copyright 2019 IrenHorrors</media:copyright>             <creativeCommons:license>http://creativecommons.org/licenses/by-nc-nd/3.0/</creativeCommons:license>
                <media:description type="html">&lt;h3 align=&quot;start&quot;&gt;&lt;a class=&quot;external&quot; href=&quot;https://www.deviantart.com/users/outgoing?https://instagram.com/irenhorrors/&quot;&gt;Instagram&lt;/a&gt;&amp;nbsp;|&amp;nbsp;&lt;a class=&quot;external&quot; href=&quot;https://www.deviantart.com/users/outgoing?https://www.facebook.com/pages/Iren-Horrors/615736865167450&quot;&gt;Facebook&lt;/a&gt;&amp;nbsp;|&amp;nbsp;&lt;a class=&quot;external&quot; href=&quot;https://www.deviantart.com/users/outgoing?https://society6.com/irenhorrors&quot;&gt;Shop&lt;/a&gt;&amp;nbsp;&lt;/h3&gt;&lt;br /&gt;(Music: Shinedown - Her Name is Alice)&lt;br /&gt;&lt;br /&gt;Happy Birthday to Lewis Carroll who was born on this day in 1832 &amp;#128007; His Alice stories are one of my favorite things in this world &amp;#9824;&amp;#65039;&lt;br /&gt;&lt;br /&gt;&lt;br /&gt;This is an update of my piece from 2014:&lt;br /&gt;&lt;br /&gt;&lt;span class=&quot;shadow-holder&quot; data-embed-type=&quot;deviation&quot; data-embed-id=&quot;4748958922283724&quot; data-embed-format=&quot;thumb&quot;&gt;&lt;span class=&quot;shadow mild&quot; &gt;&lt;a class=&quot;thumb&quot; href=&quot;https://sta.sh/01ard5lzub4c&quot; title=&quot;Img 2486 by IrenHorrors, Jan 27, 2019&quot;data-super-img=&quot;https://images-wixmp-ed30a86b8c4ca887773594c2.wixmp.com/intermediary/f/6ec0d49d-038d-4900-b498-c8cc3863c8e8/dcy5fm8-f4f87fc0-0f77-487f-94e9-89ea3fb4d1ed.jpg/v1/fill/w_661,h_1209,q_70,strp/img_2486_by_irenhorrors_dcy5fm8-pre.jpg&quot; data-super-width=&quot;661&quot; data-super-height=&quot;1209&quot; data-super-transparent=&quot;false&quot; data-super-alt=&quot;Img 2486 by IrenHorrors&quot; data-super-full-img=&quot;https://api-da.wixmp.com/_api/download/file?downloadToken=eyJ0eXAiOiJKV1QiLCJhbGciOiJIUzI1NiJ9.eyJzdWIiOiJ1cm46YXBwOjdlMGQxODg5ODIyNjQzNzNhNWYwZDQxNWVhMGQyNmUwIiwiaXNzIjoidXJuOmFwcDo3ZTBkMTg4OTgyMjY0MzczYTVmMGQ0MTVlYTBkMjZlMCIsImV4cCI6MTU0ODU4NTEwNSwiaWF0IjoxNTQ4NTg0NDk1LCJqdGkiOiI1YzRkODYzOTExNmUzIiwib2JqIjpudWxsLCJhdWQiOlsidXJuOnNlcnZpY2U6ZmlsZS5kb3dubG9hZCJdLCJwYXlsb2FkIjp7InBhdGgiOiJcL2ZcLzZlYzBkNDlkLTAzOGQtNDkwMC1iNDk4LWM4Y2MzODYzYzhlOFwvZGN5NWZtOC1mNGY4N2ZjMC0wZjc3LTQ4N2YtOTRlOS04OWVhM2ZiNGQxZWQuanBnIn19.UYfK_nP0PSUNG58QqmKbNX4-N4UMVHcMM0gsRhjLcM0&quot; data-super-full-width=&quot;1135&quot; data-super-full-height=&quot;2077&quot;        data-sigil=&quot;thumb&quot;&gt;
        &lt;i&gt;&lt;/i&gt;&lt;img   width=&quot;82&quot; height=&quot;150&quot; alt=&quot;Img 2486 by IrenHorrors&quot; src=&quot;https://images-wixmp-ed30a86b8c4ca887773594c2.wixmp.com/intermediary/f/6ec0d49d-038d-4900-b498-c8cc3863c8e8/dcy5fm8-f4f87fc0-0f77-487f-94e9-89ea3fb4d1ed.jpg/v1/fit/w_150,h_150,q_70,strp/img_2486_by_irenhorrors_dcy5fm8-150.jpg&quot; data-src=&quot;https://images-wixmp-ed30a86b8c4ca887773594c2.wixmp.com/intermediary/f/6ec0d49d-038d-4900-b498-c8cc3863c8e8/dcy5fm8-f4f87fc0-0f77-487f-94e9-89ea3fb4d1ed.jpg/v1/fit/w_150,h_150,q_70,strp/img_2486_by_irenhorrors_dcy5fm8-150.jpg&quot; srcset=&quot;https://images-wixmp-ed30a86b8c4ca887773594c2.wixmp.com/intermediary/f/6ec0d49d-038d-4900-b498-c8cc3863c8e8/dcy5fm8-f4f87fc0-0f77-487f-94e9-89ea3fb4d1ed.jpg/v1/fit/w_150,h_150,q_70,strp/img_2486_by_irenhorrors_dcy5fm8-150.jpg 82w,https://images-wixmp-ed30a86b8c4ca887773594c2.wixmp.com/intermediary/f/6ec0d49d-038d-4900-b498-c8cc3863c8e8/dcy5fm8-f4f87fc0-0f77-487f-94e9-89ea3fb4d1ed.jpg/v1/crop/w_137,h_250,x_0,y_0,scl_0.12070484581498,q_70,strp/img_2486_by_irenhorrors_dcy5fm8-250t.jpg 137w,https://images-wixmp-ed30a86b8c4ca887773594c2.wixmp.com/intermediary/f/6ec0d49d-038d-4900-b498-c8cc3863c8e8/dcy5fm8-f4f87fc0-0f77-487f-94e9-89ea3fb4d1ed.jpg/v1/fill/w_191,h_350,q_70,strp/img_2486_by_irenhorrors_dcy5fm8-350t.jpg 191w,https://images-wixmp-ed30a86b8c4ca887773594c2.wixmp.com/intermediary/f/6ec0d49d-038d-4900-b498-c8cc3863c8e8/dcy5fm8-f4f87fc0-0f77-487f-94e9-89ea3fb4d1ed.jpg/v1/crop/w_219,h_400,x_0,y_0,scl_0.19295154185022,q_70,strp/img_2486_by_irenhorrors_dcy5fm8-400t.jpg 219w,https://images-wixmp-ed30a86b8c4ca887773594c2.wixmp.com/intermediary/f/6ec0d49d-038d-4900-b498-c8cc3863c8e8/dcy5fm8-f4f87fc0-0f77-487f-94e9-89ea3fb4d1ed.jpg/v1/fill/w_661,h_1209,q_70,strp/img_2486_by_irenhorrors_dcy5fm8-pre.jpg 661w&quot; sizes=&quot;82px&quot;&gt;&lt;/a&gt;&lt;/span&gt;&lt;!-- ^TTT --&gt;&lt;!-- TTT$ --&gt;&lt;/span&gt;</media:description>            <media:thumbnail url="https://t00.deviantart.net/qrauARjvYYFF5KeiezvOeNK4mgg=/fit-in/150x150/filters:no_upscale():origin()/pre00/4902/th/pre/i/2019/027/4/b/sleeping_alice_by_irenhorrors-dcy5fhb.jpg" height="150" width="150"/>            <media:thumbnail url="https://t00.deviantart.net/yVFW61Cs9a6zpSU_8yhacunMoNg=/fit-in/300x900/filters:no_upscale():origin()/pre00/4902/th/pre/i/2019/027/4/b/sleeping_alice_by_irenhorrors-dcy5fhb.jpg" height="300" width="300"/>            <media:thumbnail url="https://t00.deviantart.net/qLkHpBlSntwSfE2i-eDEDca1i9k=/300x200/filters:fixed_height(100,100):origin()/pre00/4902/th/pre/i/2019/027/4/b/sleeping_alice_by_irenhorrors-dcy5fhb.jpg" height="200" width="200"/>            <media:content url="https://img00.deviantart.net/ee8a/i/2019/027/4/b/sleeping_alice_by_irenhorrors-dcy5fhb.jpg" height="800" width="800" medium="image"/>            
            <description>&lt;h3 align=&quot;start&quot;&gt;&lt;a class=&quot;external&quot; href=&quot;https://www.deviantart.com/users/outgoing?https://instagram.com/irenhorrors/&quot;&gt;Instagram&lt;/a&gt;&amp;nbsp;|&amp;nbsp;&lt;a class=&quot;external&quot; href=&quot;https://www.deviantart.com/users/outgoing?https://www.facebook.com/pages/Iren-Horrors/615736865167450&quot;&gt;Facebook&lt;/a&gt;&amp;nbsp;|&amp;nbsp;&lt;a class=&quot;external&quot; href=&quot;https://www.deviantart.com/users/outgoing?https://society6.com/irenhorrors&quot;&gt;Shop&lt;/a&gt;&amp;nbsp;&lt;/h3&gt;&lt;br /&gt;(Music: Shinedown - Her Name is Alice)&lt;br /&gt;&lt;br /&gt;Happy Birthday to Lewis Carroll who was born on this day in 1832 &amp;#128007; His Alice stories are one of my favorite things in this world &amp;#9824;&amp;#65039;&lt;br /&gt;&lt;br /&gt;&lt;br /&gt;This is an update of my piece from 2014:&lt;br /&gt;&lt;br /&gt;&lt;span class=&quot;shadow-holder&quot; data-embed-type=&quot;deviation&quot; data-embed-id=&quot;4748958922283724&quot; data-embed-format=&quot;thumb&quot;&gt;&lt;span class=&quot;shadow mild&quot; &gt;&lt;a class=&quot;thumb&quot; href=&quot;https://sta.sh/01ard5lzub4c&quot; title=&quot;Img 2486 by IrenHorrors, Jan 27, 2019&quot;data-super-img=&quot;https://images-wixmp-ed30a86b8c4ca887773594c2.wixmp.com/intermediary/f/6ec0d49d-038d-4900-b498-c8cc3863c8e8/dcy5fm8-f4f87fc0-0f77-487f-94e9-89ea3fb4d1ed.jpg/v1/fill/w_661,h_1209,q_70,strp/img_2486_by_irenhorrors_dcy5fm8-pre.jpg&quot; data-super-width=&quot;661&quot; data-super-height=&quot;1209&quot; data-super-transparent=&quot;false&quot; data-super-alt=&quot;Img 2486 by IrenHorrors&quot; data-super-full-img=&quot;https://api-da.wixmp.com/_api/download/file?downloadToken=eyJ0eXAiOiJKV1QiLCJhbGciOiJIUzI1NiJ9.eyJzdWIiOiJ1cm46YXBwOjdlMGQxODg5ODIyNjQzNzNhNWYwZDQxNWVhMGQyNmUwIiwiaXNzIjoidXJuOmFwcDo3ZTBkMTg4OTgyMjY0MzczYTVmMGQ0MTVlYTBkMjZlMCIsImV4cCI6MTU0ODU4NTEwNSwiaWF0IjoxNTQ4NTg0NDk1LCJqdGkiOiI1YzRkODYzOTExNmUzIiwib2JqIjpudWxsLCJhdWQiOlsidXJuOnNlcnZpY2U6ZmlsZS5kb3dubG9hZCJdLCJwYXlsb2FkIjp7InBhdGgiOiJcL2ZcLzZlYzBkNDlkLTAzOGQtNDkwMC1iNDk4LWM4Y2MzODYzYzhlOFwvZGN5NWZtOC1mNGY4N2ZjMC0wZjc3LTQ4N2YtOTRlOS04OWVhM2ZiNGQxZWQuanBnIn19.UYfK_nP0PSUNG58QqmKbNX4-N4UMVHcMM0gsRhjLcM0&quot; data-super-full-width=&quot;1135&quot; data-super-full-height=&quot;2077&quot;        data-sigil=&quot;thumb&quot;&gt;
        &lt;i&gt;&lt;/i&gt;&lt;img   width=&quot;82&quot; height=&quot;150&quot; alt=&quot;Img 2486 by IrenHorrors&quot; src=&quot;https://images-wixmp-ed30a86b8c4ca887773594c2.wixmp.com/intermediary/f/6ec0d49d-038d-4900-b498-c8cc3863c8e8/dcy5fm8-f4f87fc0-0f77-487f-94e9-89ea3fb4d1ed.jpg/v1/fit/w_150,h_150,q_70,strp/img_2486_by_irenhorrors_dcy5fm8-150.jpg&quot; data-src=&quot;https://images-wixmp-ed30a86b8c4ca887773594c2.wixmp.com/intermediary/f/6ec0d49d-038d-4900-b498-c8cc3863c8e8/dcy5fm8-f4f87fc0-0f77-487f-94e9-89ea3fb4d1ed.jpg/v1/fit/w_150,h_150,q_70,strp/img_2486_by_irenhorrors_dcy5fm8-150.jpg&quot; srcset=&quot;https://images-wixmp-ed30a86b8c4ca887773594c2.wixmp.com/intermediary/f/6ec0d49d-038d-4900-b498-c8cc3863c8e8/dcy5fm8-f4f87fc0-0f77-487f-94e9-89ea3fb4d1ed.jpg/v1/fit/w_150,h_150,q_70,strp/img_2486_by_irenhorrors_dcy5fm8-150.jpg 82w,https://images-wixmp-ed30a86b8c4ca887773594c2.wixmp.com/intermediary/f/6ec0d49d-038d-4900-b498-c8cc3863c8e8/dcy5fm8-f4f87fc0-0f77-487f-94e9-89ea3fb4d1ed.jpg/v1/crop/w_137,h_250,x_0,y_0,scl_0.12070484581498,q_70,strp/img_2486_by_irenhorrors_dcy5fm8-250t.jpg 137w,https://images-wixmp-ed30a86b8c4ca887773594c2.wixmp.com/intermediary/f/6ec0d49d-038d-4900-b498-c8cc3863c8e8/dcy5fm8-f4f87fc0-0f77-487f-94e9-89ea3fb4d1ed.jpg/v1/fill/w_191,h_350,q_70,strp/img_2486_by_irenhorrors_dcy5fm8-350t.jpg 191w,https://images-wixmp-ed30a86b8c4ca887773594c2.wixmp.com/intermediary/f/6ec0d49d-038d-4900-b498-c8cc3863c8e8/dcy5fm8-f4f87fc0-0f77-487f-94e9-89ea3fb4d1ed.jpg/v1/crop/w_219,h_400,x_0,y_0,scl_0.19295154185022,q_70,strp/img_2486_by_irenhorrors_dcy5fm8-400t.jpg 219w,https://images-wixmp-ed30a86b8c4ca887773594c2.wixmp.com/intermediary/f/6ec0d49d-038d-4900-b498-c8cc3863c8e8/dcy5fm8-f4f87fc0-0f77-487f-94e9-89ea3fb4d1ed.jpg/v1/fill/w_661,h_1209,q_70,strp/img_2486_by_irenhorrors_dcy5fm8-pre.jpg 661w&quot; sizes=&quot;82px&quot;&gt;&lt;/a&gt;&lt;/span&gt;&lt;!-- ^TTT --&gt;&lt;!-- TTT$ --&gt;&lt;/span&gt;&lt;br /&gt;&lt;div&gt;&lt;img src=&quot;https://t00.deviantart.net/qLkHpBlSntwSfE2i-eDEDca1i9k=/300x200/filters:fixed_height(100,100):origin()/pre00/4902/th/pre/i/2019/027/4/b/sleeping_alice_by_irenhorrors-dcy5fhb.jpg&quot; alt=&quot;thumbnail&quot; /&gt;&lt;/div&gt;</description>            </item>
                    <item>
                <title>Starburst -Early Days-</title>
                <link>https://uotapo.deviantart.com/art/Starburst-Early-Days-782922656</link>
                <guid isPermaLink="true">https://uotapo.deviantart.com/art/Starburst-Early-Days-782922656</guid>
                <pubDate>Sat, 26 Jan 2019 20:23:57 PST</pubDate>
                        <media:title type="plain">Starburst -Early Days-</media:title>
        <media:keywords></media:keywords>
                        <media:rating>nonadult</media:rating>
                <media:category label="Movies &amp; TV">fanart/cartoons/digital/movies</media:category>
        <media:credit role="author" scheme="urn:ebu">uotapo</media:credit>
        <media:credit role="author" scheme="urn:ebu">https://a.deviantart.net/avatars/u/o/uotapo.jpg?1</media:credit>
        <media:copyright url="https://uotapo.deviantart.com">Copyright 2019 uotapo</media:copyright>            <media:description type="html"></media:description>            <media:thumbnail url="https://t00.deviantart.net/FoRKccj49PcBP2KYT8eakUtvADM=/fit-in/150x150/filters:no_upscale():origin()/pre00/be86/th/pre/f/2019/027/b/1/starburst__early_days__by_uotapo-dcy4qzk.jpg" height="117" width="150"/>            <media:thumbnail url="https://t00.deviantart.net/FhEeYB8n-2_WYiau0nBzAXoIeDo=/fit-in/300x900/filters:no_upscale():origin()/pre00/be86/th/pre/f/2019/027/b/1/starburst__early_days__by_uotapo-dcy4qzk.jpg" height="234" width="300"/>            <media:thumbnail url="https://t00.deviantart.net/aemJ8OgzZyq60OWekC81w6z0e44=/300x200/filters:fixed_height(100,100):origin()/pre00/be86/th/pre/f/2019/027/b/1/starburst__early_days__by_uotapo-dcy4qzk.jpg" height="200" width="256"/>            <media:content url="https://pre00.deviantart.net/be86/th/pre/f/2019/027/b/1/starburst__early_days__by_uotapo-dcy4qzk.jpg" height="789" width="1012" medium="image"/>            
            <description>&lt;br /&gt;&lt;div&gt;&lt;img src=&quot;https://t00.deviantart.net/aemJ8OgzZyq60OWekC81w6z0e44=/300x200/filters:fixed_height(100,100):origin()/pre00/be86/th/pre/f/2019/027/b/1/starburst__early_days__by_uotapo-dcy4qzk.jpg&quot; alt=&quot;thumbnail&quot; /&gt;&lt;/div&gt;</description>            </item>
                    <item>
                <title>Butterfly girl</title>
                <link>https://akizero1510.deviantart.com/art/Butterfly-girl-782951108</link>
                <guid isPermaLink="true">https://akizero1510.deviantart.com/art/Butterfly-girl-782951108</guid>
                <pubDate>Sun, 27 Jan 2019 01:26:41 PST</pubDate>
                        <media:title type="plain">Butterfly girl</media:title>
        <media:keywords></media:keywords>
                        <media:rating>nonadult</media:rating>
                <media:category label="Portraits">digitalart/paintings/people/portraits</media:category>
        <media:credit role="author" scheme="urn:ebu">AkiZero1510</media:credit>
        <media:credit role="author" scheme="urn:ebu">https://a.deviantart.net/avatars/a/k/akizero1510.jpg?4</media:credit>
        <media:copyright url="https://akizero1510.deviantart.com">Copyright 2019 AkiZero1510</media:copyright>
            <media:community>
                <media:tags>@zero15101991</media:tags>
            </media:community>            <media:description type="html">&lt;span&gt;Commission for&amp;nbsp;&lt;/span&gt;&lt;a href=&quot;https://www.deviantart.com/bluesketchingwalrus&quot;&gt;BlueSketchingWalrus&lt;/a&gt;&lt;span&gt;&lt;/span&gt;&lt;span&gt;&lt;br /&gt;Hope you guys enjoy! (&amp;#65378;&amp;#65381;&amp;#969;&amp;#65381;)&amp;#65378;&lt;/span&gt;</media:description>            <media:thumbnail url="https://t00.deviantart.net/qKJ3my3W1iHjchk_uAcneVnP-Qw=/fit-in/150x150/filters:no_upscale():origin()/pre00/3ee5/th/pre/f/2019/027/4/e/butterfly_girl_by_akizero1510-dcy5cxw.jpg" height="150" width="106"/>            <media:thumbnail url="https://t00.deviantart.net/sQ39MzWb7AQUWYEa3NShS0Wz1-I=/fit-in/300x900/filters:no_upscale():origin()/pre00/3ee5/th/pre/f/2019/027/4/e/butterfly_girl_by_akizero1510-dcy5cxw.jpg" height="425" width="300"/>            <media:thumbnail url="https://t00.deviantart.net/HRvApMhJa9N9n9SLEabSVZJiaW0=/300x200/filters:fixed_height(100,100):origin()/pre00/3ee5/th/pre/f/2019/027/4/e/butterfly_girl_by_akizero1510-dcy5cxw.jpg" height="200" width="141"/>            <media:content url="https://pre00.deviantart.net/3ee5/th/pre/f/2019/027/4/e/butterfly_girl_by_akizero1510-dcy5cxw.jpg" height="1063" width="751" medium="image"/>            
            <description>&lt;span&gt;Commission for&amp;nbsp;&lt;/span&gt;&lt;a href=&quot;https://www.deviantart.com/bluesketchingwalrus&quot;&gt;BlueSketchingWalrus&lt;/a&gt;&lt;span&gt;&lt;/span&gt;&lt;span&gt;&lt;br /&gt;Hope you guys enjoy! (&amp;#65378;&amp;#65381;&amp;#969;&amp;#65381;)&amp;#65378;&lt;/span&gt;&lt;br /&gt;&lt;div&gt;&lt;img src=&quot;https://t00.deviantart.net/HRvApMhJa9N9n9SLEabSVZJiaW0=/300x200/filters:fixed_height(100,100):origin()/pre00/3ee5/th/pre/f/2019/027/4/e/butterfly_girl_by_akizero1510-dcy5cxw.jpg&quot; alt=&quot;thumbnail&quot; /&gt;&lt;/div&gt;</description>            </item>
                    <item>
                <title>Peni Parker - Spiderverse</title>
                <link>https://chinchongcha.deviantart.com/art/Peni-Parker-Spiderverse-782964640</link>
                <guid isPermaLink="true">https://chinchongcha.deviantart.com/art/Peni-Parker-Spiderverse-782964640</guid>
                <pubDate>Sun, 27 Jan 2019 04:34:58 PST</pubDate>
                        <media:title type="plain">Peni Parker - Spiderverse</media:title>
        <media:keywords></media:keywords>
                        <media:rating>nonadult</media:rating>
                <media:category label="Drawings">manga/digital/drawings</media:category>
        <media:credit role="author" scheme="urn:ebu">chinchongcha</media:credit>
        <media:credit role="author" scheme="urn:ebu">https://a.deviantart.net/avatars/c/h/chinchongcha.jpg?9</media:credit>
        <media:copyright url="https://chinchongcha.deviantart.com">Copyright 2019 chinchongcha</media:copyright>            <media:description type="html">&lt;div&gt; &lt;div&gt; &lt;div&gt; &lt;div&gt;&lt;div&gt; &lt;div&gt; &lt;div&gt; &lt;div&gt;&lt;div&gt; &lt;div&gt; &lt;div&gt; &lt;div&gt;&lt;div&gt; &lt;div&gt; &lt;div&gt; &lt;div&gt;&lt;div&gt; &lt;div&gt; &lt;div&gt; &lt;div&gt;&lt;div&gt; &lt;div&gt; &lt;div&gt; &lt;div&gt;&lt;div&gt; &lt;div&gt; &lt;div&gt; &lt;div&gt;&lt;div&gt; &lt;div&gt; &lt;div&gt; &lt;div&gt;&lt;a class=&quot;external&quot; href=&quot;https://www.deviantart.com/users/outgoing?https://twitter.com/ChinchongchaArt&quot;&gt;Twitter&lt;/a&gt; |&amp;nbsp; &lt;a class=&quot;external&quot; href=&quot;https://www.deviantart.com/users/outgoing?https://www.pixiv.net/member.php?id=15606923&quot;&gt;Pixiv &lt;/a&gt;&lt;/div&gt; &lt;/div&gt;&lt;/div&gt; &lt;/div&gt;&lt;/div&gt; &lt;/div&gt;&lt;/div&gt; &lt;/div&gt;&lt;/div&gt; &lt;/div&gt;&lt;/div&gt; &lt;/div&gt;&lt;/div&gt; &lt;/div&gt;&lt;/div&gt; &lt;/div&gt;&lt;/div&gt; &lt;/div&gt;&lt;/div&gt; &lt;/div&gt;&lt;/div&gt; &lt;/div&gt;&lt;/div&gt; &lt;/div&gt;&lt;/div&gt; &lt;/div&gt;&lt;/div&gt; &lt;/div&gt;&lt;/div&gt; &lt;/div&gt;&lt;/div&gt; &lt;/div&gt;</media:description>            <media:thumbnail url="https://t00.deviantart.net/0QsNaVUi5yxeRtkDWMrWkuH2ais=/fit-in/150x150/filters:no_upscale():origin()/pre00/15ec/th/pre/f/2019/027/3/c/3c2005b65fe1f1e6edadc98bbf9bcb15-dcy5nds.png" height="150" width="106"/>            <media:thumbnail url="https://t00.deviantart.net/PjZPDliaervjShxD62SOlTsAK60=/fit-in/300x900/filters:no_upscale():origin()/pre00/15ec/th/pre/f/2019/027/3/c/3c2005b65fe1f1e6edadc98bbf9bcb15-dcy5nds.png" height="424" width="300"/>            <media:thumbnail url="https://t00.deviantart.net/E3gLfQiMLr5n5X1p4VytnDyk2OE=/300x200/filters:fixed_height(100,100):origin()/pre00/15ec/th/pre/f/2019/027/3/c/3c2005b65fe1f1e6edadc98bbf9bcb15-dcy5nds.png" height="200" width="141"/>            <media:content url="https://pre00.deviantart.net/15ec/th/pre/f/2019/027/3/c/3c2005b65fe1f1e6edadc98bbf9bcb15-dcy5nds.png" height="1063" width="752" medium="image"/>            
            <description>&lt;div&gt; &lt;div&gt; &lt;div&gt; &lt;div&gt;&lt;div&gt; &lt;div&gt; &lt;div&gt; &lt;div&gt;&lt;div&gt; &lt;div&gt; &lt;div&gt; &lt;div&gt;&lt;div&gt; &lt;div&gt; &lt;div&gt; &lt;div&gt;&lt;div&gt; &lt;div&gt; &lt;div&gt; &lt;div&gt;&lt;div&gt; &lt;div&gt; &lt;div&gt; &lt;div&gt;&lt;div&gt; &lt;div&gt; &lt;div&gt; &lt;div&gt;&lt;div&gt; &lt;div&gt; &lt;div&gt; &lt;div&gt;&lt;a class=&quot;external&quot; href=&quot;https://www.deviantart.com/users/outgoing?https://twitter.com/ChinchongchaArt&quot;&gt;Twitter&lt;/a&gt; |&amp;nbsp; &lt;a class=&quot;external&quot; href=&quot;https://www.deviantart.com/users/outgoing?https://www.pixiv.net/member.php?id=15606923&quot;&gt;Pixiv &lt;/a&gt;&lt;/div&gt; &lt;/div&gt;&lt;/div&gt; &lt;/div&gt;&lt;/div&gt; &lt;/div&gt;&lt;/div&gt; &lt;/div&gt;&lt;/div&gt; &lt;/div&gt;&lt;/div&gt; &lt;/div&gt;&lt;/div&gt; &lt;/div&gt;&lt;/div&gt; &lt;/div&gt;&lt;/div&gt; &lt;/div&gt;&lt;/div&gt; &lt;/div&gt;&lt;/div&gt; &lt;/div&gt;&lt;/div&gt; &lt;/div&gt;&lt;/div&gt; &lt;/div&gt;&lt;/div&gt; &lt;/div&gt;&lt;/div&gt; &lt;/div&gt;&lt;/div&gt; &lt;/div&gt;&lt;br /&gt;&lt;div&gt;&lt;img src=&quot;https://t00.deviantart.net/E3gLfQiMLr5n5X1p4VytnDyk2OE=/300x200/filters:fixed_height(100,100):origin()/pre00/15ec/th/pre/f/2019/027/3/c/3c2005b65fe1f1e6edadc98bbf9bcb15-dcy5nds.png&quot; alt=&quot;thumbnail&quot; /&gt;&lt;/div&gt;</description>            </item>
                    <item>
                <title>NEW YEAR NEW PRETZEL *clap*</title>
                <link>https://piemationsart.deviantart.com/art/NEW-YEAR-NEW-PRETZEL-clap-782910818</link>
                <guid isPermaLink="true">https://piemationsart.deviantart.com/art/NEW-YEAR-NEW-PRETZEL-clap-782910818</guid>
                <pubDate>Sat, 26 Jan 2019 18:37:15 PST</pubDate>
                        <media:title type="plain">NEW YEAR NEW PRETZEL *clap*</media:title>
        <media:keywords></media:keywords>
                        <media:rating>nonadult</media:rating>
                <media:category label="Animals">anthro/digital/drawings/animals</media:category>
        <media:credit role="author" scheme="urn:ebu">PiemationsArt</media:credit>
        <media:credit role="author" scheme="urn:ebu">https://a.deviantart.net/avatars/p/i/piemationsart.png?14</media:credit>
        <media:copyright url="https://piemationsart.deviantart.com">Copyright 2019 PiemationsArt</media:copyright>            <media:description type="html">it&#039;s like a fusion of all his previous versions&lt;br /&gt;wing arms are BACK BABY</media:description>            <media:thumbnail url="https://t00.deviantart.net/lyZ5sTVlqtcTKDqHGkHw0cNv5sY=/fit-in/150x150/filters:no_upscale():origin()/pre00/3d0b/th/pre/i/2019/026/7/5/new_year_new_pretzel__clap__by_piemationsart-dcy4huq.png" height="110" width="150"/>            <media:thumbnail url="https://t00.deviantart.net/VNXlgT4_QPIZDWP1rFFNR9JkIJs=/fit-in/300x900/filters:no_upscale():origin()/pre00/3d0b/th/pre/i/2019/026/7/5/new_year_new_pretzel__clap__by_piemationsart-dcy4huq.png" height="219" width="300"/>            <media:thumbnail url="https://t00.deviantart.net/aIVr1uNVxZvXCe0N6LuT5e1IL9w=/300x200/filters:fixed_height(100,100):origin()/pre00/3d0b/th/pre/i/2019/026/7/5/new_year_new_pretzel__clap__by_piemationsart-dcy4huq.png" height="200" width="274"/>            <media:content url="https://pre00.deviantart.net/3d0b/th/pre/i/2019/026/7/5/new_year_new_pretzel__clap__by_piemationsart-dcy4huq.png" height="764" width="1046" medium="image"/>            
            <description>it&#039;s like a fusion of all his previous versions&lt;br /&gt;wing arms are BACK BABY&lt;br /&gt;&lt;div&gt;&lt;img src=&quot;https://t00.deviantart.net/aIVr1uNVxZvXCe0N6LuT5e1IL9w=/300x200/filters:fixed_height(100,100):origin()/pre00/3d0b/th/pre/i/2019/026/7/5/new_year_new_pretzel__clap__by_piemationsart-dcy4huq.png&quot; alt=&quot;thumbnail&quot; /&gt;&lt;/div&gt;</description>            </item>
                    <item>
                <title>C:. Sircusnot</title>
                <link>https://remarin.deviantart.com/art/C-Sircusnot-783017379</link>
                <guid isPermaLink="true">https://remarin.deviantart.com/art/C-Sircusnot-783017379</guid>
                <pubDate>Sun, 27 Jan 2019 12:11:19 PST</pubDate>
                        <media:title type="plain">C:. Sircusnot</media:title>
        <media:keywords></media:keywords>
                        <media:rating>nonadult</media:rating>
                <media:category label="Fantasy">digitalart/paintings/fantasy</media:category>
        <media:credit role="author" scheme="urn:ebu">Remarin</media:credit>
        <media:credit role="author" scheme="urn:ebu">https://a.deviantart.net/avatars/r/e/remarin.png?8</media:credit>
        <media:copyright url="https://remarin.deviantart.com">Copyright 2019 Remarin</media:copyright>            <media:description type="html">&lt;div&gt;For: &lt;a target=&quot;_self&quot; href=&quot;https://www.deviantart.com/kizunova&quot; &gt;&lt;img class=&quot;avatar&quot; width=&quot;50&quot; height=&quot;50&quot; src=&quot;https://a.deviantart.net/avatars/k/i/kizunova.gif?8&quot; alt=&quot;:iconkizunova:&quot; title=&quot;KizuNova&quot; /&gt;&lt;/a&gt; Hope you like it!! :&amp;gt;&lt;/div&gt;&lt;div&gt;&lt;br /&gt;&lt;/div&gt;&lt;div&gt;Process video: &lt;a class=&quot;external&quot; href=&quot;https://www.deviantart.com/users/outgoing?https://youtu.be/L2mDZ0tRZ8w&quot;&gt;youtu.be/L2mDZ0tRZ8w&lt;/a&gt;&lt;/div&gt;&lt;div&gt;&lt;br /&gt;&lt;/div&gt;&lt;div&gt;hooh boi, it&#039;s been a while since I last got a classic &quot;fullbody w/ realistic bg&quot; type commission, so felt the need to try going all out :0&lt;br /&gt;&lt;/div&gt;</media:description>            <media:thumbnail url="https://t00.deviantart.net/bImQyEzsVex4mwI8NnJEo8GmKL4=/fit-in/150x150/filters:no_upscale():origin()/pre00/10e1/th/pre/i/2019/027/2/f/c___sircusnot_by_remarin-dcy6s2r.png" height="84" width="150"/>            <media:thumbnail url="https://t00.deviantart.net/qTbiR9Mw5lnZn90HRhy_6Y_D9PI=/fit-in/300x900/filters:no_upscale():origin()/pre00/10e1/th/pre/i/2019/027/2/f/c___sircusnot_by_remarin-dcy6s2r.png" height="169" width="300"/>            <media:thumbnail url="https://t00.deviantart.net/TqYOcpkY-JXi4Tpgfpxl0gqIRDM=/300x200/filters:fixed_height(100,100):origin()/pre00/10e1/th/pre/i/2019/027/2/f/c___sircusnot_by_remarin-dcy6s2r.png" height="169" width="300"/>            <media:content url="https://pre00.deviantart.net/10e1/th/pre/i/2019/027/2/f/c___sircusnot_by_remarin-dcy6s2r.png" height="671" width="1192" medium="image"/>            
            <description>&lt;div&gt;For: &lt;a target=&quot;_self&quot; href=&quot;https://www.deviantart.com/kizunova&quot; &gt;&lt;img class=&quot;avatar&quot; width=&quot;50&quot; height=&quot;50&quot; src=&quot;https://a.deviantart.net/avatars/k/i/kizunova.gif?8&quot; alt=&quot;:iconkizunova:&quot; title=&quot;KizuNova&quot; /&gt;&lt;/a&gt; Hope you like it!! :&amp;gt;&lt;/div&gt;&lt;div&gt;&lt;br /&gt;&lt;/div&gt;&lt;div&gt;Process video: &lt;a class=&quot;external&quot; href=&quot;https://www.deviantart.com/users/outgoing?https://youtu.be/L2mDZ0tRZ8w&quot;&gt;youtu.be/L2mDZ0tRZ8w&lt;/a&gt;&lt;/div&gt;&lt;div&gt;&lt;br /&gt;&lt;/div&gt;&lt;div&gt;hooh boi, it&#039;s been a while since I last got a classic &quot;fullbody w/ realistic bg&quot; type commission, so felt the need to try going all out :0&lt;br /&gt;&lt;/div&gt;&lt;br /&gt;&lt;div&gt;&lt;img src=&quot;https://t00.deviantart.net/TqYOcpkY-JXi4Tpgfpxl0gqIRDM=/300x200/filters:fixed_height(100,100):origin()/pre00/10e1/th/pre/i/2019/027/2/f/c___sircusnot_by_remarin-dcy6s2r.png&quot; alt=&quot;thumbnail&quot; /&gt;&lt;/div&gt;</description>            </item>
                    <item>
                <title>Sora</title>
                <link>https://cioccolatodorima.deviantart.com/art/Sora-782988866</link>
                <guid isPermaLink="true">https://cioccolatodorima.deviantart.com/art/Sora-782988866</guid>
                <pubDate>Sun, 27 Jan 2019 09:01:34 PST</pubDate>
                        <media:title type="plain">Sora</media:title>
        <media:keywords></media:keywords>
                        <media:rating>nonadult</media:rating>
                <media:category label="Animation">digitalart/animation</media:category>
        <media:credit role="author" scheme="urn:ebu">Cioccolatodorima</media:credit>
        <media:credit role="author" scheme="urn:ebu">https://a.deviantart.net/avatars/c/i/cioccolatodorima.jpg?12</media:credit>
        <media:copyright url="https://cioccolatodorima.deviantart.com">Copyright 2019 Cioccolatodorima</media:copyright>
            <media:community>
                <media:tags>@Rosel__d</media:tags>
            </media:community>            <media:description type="html">&lt;h2&gt;&lt;i&gt;&amp;#9835; I&amp;#8217;m only crying &amp;#8216;cause I never dreamed&amp;nbsp;&lt;br /&gt;&lt;/i&gt;&lt;i&gt;It&amp;#8217;d take this long, it&amp;#8217;d take this long&amp;nbsp; &amp;#9835;&lt;/i&gt;&lt;/h2&gt;&lt;p&gt;&amp;nbsp;-me as a fan of KH haha&amp;nbsp;&lt;br /&gt;&lt;/p&gt;&lt;p&gt;Lineart, textless and regular lighting gif versions available here:&amp;nbsp;&lt;br /&gt;&lt;/p&gt;&lt;p&gt;&lt;span&gt;&lt;a class=&quot;external&quot; href=&quot;https://www.deviantart.com/users/outgoing?https://www.patreon.com/posts/kingdom-hearts-3-24236429&quot;&gt;LINK&lt;/a&gt;&lt;br /&gt;&lt;br /&gt;&lt;br /&gt;&lt;/span&gt;&lt;/p&gt;</media:description>            <media:thumbnail url="https://img00.deviantart.net/15fd/i/2019/027/e/8/sora_by_cioccolatodorima-dcy662q.gif" height="150" width="150"/>            <media:thumbnail url="https://img00.deviantart.net/15fd/i/2019/027/e/8/sora_by_cioccolatodorima-dcy662q.gif" height="150" width="150"/>            <media:thumbnail url="https://img00.deviantart.net/15fd/i/2019/027/e/8/sora_by_cioccolatodorima-dcy662q.gif" height="150" width="150"/>            <media:content url="https://img00.deviantart.net/15fd/i/2019/027/e/8/sora_by_cioccolatodorima-dcy662q.gif" height="150" width="150" medium="image"/>            
            <description>&lt;h2&gt;&lt;i&gt;&amp;#9835; I&amp;#8217;m only crying &amp;#8216;cause I never dreamed&amp;nbsp;&lt;br /&gt;&lt;/i&gt;&lt;i&gt;It&amp;#8217;d take this long, it&amp;#8217;d take this long&amp;nbsp; &amp;#9835;&lt;/i&gt;&lt;/h2&gt;&lt;p&gt;&amp;nbsp;-me as a fan of KH haha&amp;nbsp;&lt;br /&gt;&lt;/p&gt;&lt;p&gt;Lineart, textless and regular lighting gif versions available here:&amp;nbsp;&lt;br /&gt;&lt;/p&gt;&lt;p&gt;&lt;span&gt;&lt;a class=&quot;external&quot; href=&quot;https://www.deviantart.com/users/outgoing?https://www.patreon.com/posts/kingdom-hearts-3-24236429&quot;&gt;LINK&lt;/a&gt;&lt;br /&gt;&lt;br /&gt;&lt;br /&gt;&lt;/span&gt;&lt;/p&gt;&lt;br /&gt;&lt;div&gt;&lt;img src=&quot;https://img00.deviantart.net/15fd/i/2019/027/e/8/sora_by_cioccolatodorima-dcy662q.gif&quot; alt=&quot;thumbnail&quot; /&gt;&lt;/div&gt;</description>            </item>
                    <item>
                <title>Imminent danger</title>
                <link>https://ellysiumn.deviantart.com/art/Imminent-danger-781027101</link>
                <guid isPermaLink="true">https://ellysiumn.deviantart.com/art/Imminent-danger-781027101</guid>
                <pubDate>Sun, 27 Jan 2019 00:23:43 PST</pubDate>
                        <media:title type="plain">Imminent danger</media:title>
        <media:keywords></media:keywords>
                        <media:rating>nonadult</media:rating>
                <media:category label="Abstract">customization/wallpaper/abstract</media:category>
        <media:credit role="author" scheme="urn:ebu">Ellysiumn</media:credit>
        <media:credit role="author" scheme="urn:ebu">https://a.deviantart.net/avatars/e/l/ellysiumn.jpg?10</media:credit>
        <media:copyright url="https://ellysiumn.deviantart.com">Copyright 2019 Ellysiumn</media:copyright>
            <media:community>
                <media:tags>@Ellysiumn</media:tags>
            </media:community>            <media:description type="html">&lt;span&gt;Premium 4k wallpaper for personal use only.&lt;br /&gt;&lt;br /&gt;Copyright &amp;#169; by Gene Raz von Edler aka Ellysiumn. All rights reserved.&amp;nbsp;&lt;/span&gt;&lt;br /&gt;&lt;span&gt;My artwork may not be reproduced, copied, edited, published or uploaded in any&amp;nbsp;&lt;/span&gt;&lt;br /&gt;&lt;span&gt;way without my written permission.&lt;br /&gt;&lt;br /&gt;&lt;a class=&quot;external&quot; href=&quot;https://www.deviantart.com/users/outgoing?https://unsplash.com&quot;&gt;4x4&lt;/a&gt;&lt;br /&gt;Pyramid ~&lt;/span&gt;&lt;span&gt;&amp;nbsp;&lt;/span&gt;&lt;span&gt;&lt;span class=&quot;username-with-symbol u&quot;&gt;&lt;a class=&quot;u regular username&quot; href=&quot;https://www.deviantart.com/chiletrek&quot;&gt;Chiletrek&lt;/a&gt;&lt;span class=&quot;user-symbol regular&quot; data-quicktip-text=&quot;&quot; data-show-tooltip=&quot;&quot; data-gruser-type=&quot;regular&quot;&gt;&lt;/span&gt;&lt;/span&gt;&amp;nbsp;is NOT stock. I used with his written permission.&lt;/span&gt;&lt;span&gt;&lt;br /&gt;&lt;/span&gt;&lt;span&gt;Everything else is painted and my own resources.&lt;/span&gt;&lt;br /&gt;&lt;span&gt;Tools: PS CC 2018 and Wacom Intuos Pro L.&lt;/span&gt;&lt;br /&gt;&lt;br /&gt;&lt;br /&gt;&lt;a class=&quot;external&quot; href=&quot;https://www.deviantart.com/users/outgoing?https://www.instagram.com/ellysiumnarts/&quot;&gt;Instagram&lt;/a&gt;&lt;br /&gt;&lt;a class=&quot;external&quot; href=&quot;https://www.deviantart.com/users/outgoing?https://twitter.com/Ellysiumn&quot;&gt;Twitter&lt;/a&gt;&lt;br /&gt;&lt;a class=&quot;external&quot; href=&quot;https://www.deviantart.com/users/outgoing?https://www.artstation.com/genesisrazvonedler&quot;&gt;ArtStation&lt;/a&gt;</media:description>            <media:thumbnail url="https://t00.deviantart.net/K3G8WwPc237wRKUfQUN5Kv3Ijuo=/fit-in/150x150/filters:no_upscale():origin()/pre00/4d9b/th/pre/i/2019/027/b/9/imminent_danger_by_ellysiumn-dcx04d9.jpg" height="84" width="150"/>            <media:thumbnail url="https://t00.deviantart.net/TEW7McP_wO1YUs0M_-YAHGiHePg=/fit-in/300x900/filters:no_upscale():origin()/pre00/4d9b/th/pre/i/2019/027/b/9/imminent_danger_by_ellysiumn-dcx04d9.jpg" height="169" width="300"/>            <media:thumbnail url="https://t00.deviantart.net/qnuqjXg1LHkZW0_lKM2uj90GE-s=/300x200/filters:fixed_height(100,100):origin()/pre00/4d9b/th/pre/i/2019/027/b/9/imminent_danger_by_ellysiumn-dcx04d9.jpg" height="169" width="300"/>            <media:content url="https://img00.deviantart.net/aacb/i/2019/027/b/9/imminent_danger_by_ellysiumn-dcx04d9.jpg" height="576" width="1024" medium="image"/>            
            <description>&lt;span&gt;Premium 4k wallpaper for personal use only.&lt;br /&gt;&lt;br /&gt;Copyright &amp;#169; by Gene Raz von Edler aka Ellysiumn. All rights reserved.&amp;nbsp;&lt;/span&gt;&lt;br /&gt;&lt;span&gt;My artwork may not be reproduced, copied, edited, published or uploaded in any&amp;nbsp;&lt;/span&gt;&lt;br /&gt;&lt;span&gt;way without my written permission.&lt;br /&gt;&lt;br /&gt;&lt;a class=&quot;external&quot; href=&quot;https://www.deviantart.com/users/outgoing?https://unsplash.com&quot;&gt;4x4&lt;/a&gt;&lt;br /&gt;Pyramid ~&lt;/span&gt;&lt;span&gt;&amp;nbsp;&lt;/span&gt;&lt;span&gt;&lt;span class=&quot;username-with-symbol u&quot;&gt;&lt;a class=&quot;u regular username&quot; href=&quot;https://www.deviantart.com/chiletrek&quot;&gt;Chiletrek&lt;/a&gt;&lt;span class=&quot;user-symbol regular&quot; data-quicktip-text=&quot;&quot; data-show-tooltip=&quot;&quot; data-gruser-type=&quot;regular&quot;&gt;&lt;/span&gt;&lt;/span&gt;&amp;nbsp;is NOT stock. I used with his written permission.&lt;/span&gt;&lt;span&gt;&lt;br /&gt;&lt;/span&gt;&lt;span&gt;Everything else is painted and my own resources.&lt;/span&gt;&lt;br /&gt;&lt;span&gt;Tools: PS CC 2018 and Wacom Intuos Pro L.&lt;/span&gt;&lt;br /&gt;&lt;br /&gt;&lt;br /&gt;&lt;a class=&quot;external&quot; href=&quot;https://www.deviantart.com/users/outgoing?https://www.instagram.com/ellysiumnarts/&quot;&gt;Instagram&lt;/a&gt;&lt;br /&gt;&lt;a class=&quot;external&quot; href=&quot;https://www.deviantart.com/users/outgoing?https://twitter.com/Ellysiumn&quot;&gt;Twitter&lt;/a&gt;&lt;br /&gt;&lt;a class=&quot;external&quot; href=&quot;https://www.deviantart.com/users/outgoing?https://www.artstation.com/genesisrazvonedler&quot;&gt;ArtStation&lt;/a&gt;&lt;br /&gt;&lt;div&gt;&lt;img src=&quot;https://t00.deviantart.net/qnuqjXg1LHkZW0_lKM2uj90GE-s=/300x200/filters:fixed_height(100,100):origin()/pre00/4d9b/th/pre/i/2019/027/b/9/imminent_danger_by_ellysiumn-dcx04d9.jpg&quot; alt=&quot;thumbnail&quot; /&gt;&lt;/div&gt;</description>            </item>
                    <item>
                <title>[TWWM] Headshots</title>
                <link>https://trollgirl.deviantart.com/art/TWWM-Headshots-782917081</link>
                <guid isPermaLink="true">https://trollgirl.deviantart.com/art/TWWM-Headshots-782917081</guid>
                <pubDate>Sat, 26 Jan 2019 19:36:28 PST</pubDate>
                        <media:title type="plain">[TWWM] Headshots</media:title>
        <media:keywords></media:keywords>
                        <media:rating>nonadult</media:rating>
                <media:category label="Fantasy">digitalart/paintings/fantasy</media:category>
        <media:credit role="author" scheme="urn:ebu">TrollGirl</media:credit>
        <media:credit role="author" scheme="urn:ebu">https://a.deviantart.net/avatars/t/r/trollgirl.png?3</media:credit>
        <media:copyright url="https://trollgirl.deviantart.com">Copyright 2019 TrollGirl</media:copyright>            <media:description type="html">Getting me some tiny portrait practice!&lt;br /&gt;----------------------------&lt;br /&gt;Tabula for &lt;a href=&quot;https://www.deviantart.com/tarynsgate&quot;&gt;tarynsgate&lt;/a&gt;&lt;br /&gt;Base Score: 10 AP (Shaded Illustration)&lt;br /&gt;+5 AP (Abstract/Minimal Background)&lt;br /&gt;+5 AP (Elemental: 5 AP * 1)&lt;br /&gt;+5 AP (Personal Work Bonus)&lt;br /&gt;+10 AP (Other Esk Bonus: 10 AP * 1)&lt;br /&gt;Total AP per submission: 35&lt;br /&gt;Base Score: 4 GP (Shaded Illustration)&lt;br /&gt;+2 GP (Abstract/Minimal Background)&lt;br /&gt;+5 GP (Elemental: 5 GP * 1)&lt;br /&gt;Total GP per submission: 11&lt;br /&gt;&lt;br /&gt;----------------------------&lt;br /&gt;1811 for&amp;nbsp;&lt;a href=&quot;https://www.deviantart.com/twodles&quot;&gt;twodles&lt;/a&gt;&lt;br /&gt;Base Score: 10 AP (Shaded Illustration)&lt;br /&gt;+5 AP (Abstract/Minimal Background)&lt;br /&gt;+5 AP (Personal Work Bonus)&lt;br /&gt;+10 AP (Other Esk Bonus: 10 AP * 1)&lt;br /&gt;Total AP per submission: 30&lt;br /&gt;Base Score: 4 GP (Shaded Illustration)&lt;br /&gt;+2 GP (Abstract/Minimal Background)&lt;br /&gt;Total GP per submission: 6&lt;br /&gt;&lt;br /&gt;----------------------------&lt;br /&gt;792 for &lt;span class=&quot;username-with-symbol u&quot;&gt;&lt;a class=&quot;u premium username&quot; href=&quot;https://www.deviantart.com/aracollie&quot;&gt;aracollie&lt;/a&gt;&lt;span class=&quot;user-symbol premium&quot; data-quicktip-text=&quot;Core Member&quot; data-show-tooltip=&quot;1&quot; data-gruser-type=&quot;premium&quot;&gt;&lt;/span&gt;&lt;/span&gt;&amp;nbsp;&lt;br /&gt;Base Score: 10 AP (Shaded Illustration)&lt;br /&gt;+5 AP (Abstract/Minimal Background)&lt;br /&gt;+5 AP (Personal Work Bonus)&lt;br /&gt;+10 AP (Other Esk Bonus: 10 AP * 1)&lt;br /&gt;Total AP per submission: 30&lt;br /&gt;Base Score: 4 GP (Shaded Illustration)&lt;br /&gt;+2 GP (Abstract/Minimal Background)&lt;br /&gt;Total GP per submission: 6</media:description>            <media:thumbnail url="https://t00.deviantart.net/kElbXBcXjrchVD10dtjZaE56Jzw=/fit-in/150x150/filters:no_upscale():origin()/pre00/dc25/th/pre/i/2019/027/9/a/_twwm__headshots_by_trollgirl-dcy4mop.jpg" height="67" width="150"/>            <media:thumbnail url="https://t00.deviantart.net/UX6XR7HIIQRe2BiFTae95AhFnls=/fit-in/300x900/filters:no_upscale():origin()/pre00/dc25/th/pre/i/2019/027/9/a/_twwm__headshots_by_trollgirl-dcy4mop.jpg" height="133" width="300"/>            <media:thumbnail url="https://t00.deviantart.net/U2tpd8F-3A1TW3AJSNn6Os4bxK8=/300x200/filters:fixed_height(100,100):origin()/pre00/dc25/th/pre/i/2019/027/9/a/_twwm__headshots_by_trollgirl-dcy4mop.jpg" height="133" width="300"/>            <media:content url="https://img00.deviantart.net/0be6/i/2019/027/9/a/_twwm__headshots_by_trollgirl-dcy4mop.jpg" height="355" width="800" medium="image"/>            
            <description>Getting me some tiny portrait practice!&lt;br /&gt;----------------------------&lt;br /&gt;Tabula for &lt;a href=&quot;https://www.deviantart.com/tarynsgate&quot;&gt;tarynsgate&lt;/a&gt;&lt;br /&gt;Base Score: 10 AP (Shaded Illustration)&lt;br /&gt;+5 AP (Abstract/Minimal Background)&lt;br /&gt;+5 AP (Elemental: 5 AP * 1)&lt;br /&gt;+5 AP (Personal Work Bonus)&lt;br /&gt;+10 AP (Other Esk Bonus: 10 AP * 1)&lt;br /&gt;Total AP per submission: 35&lt;br /&gt;Base Score: 4 GP (Shaded Illustration)&lt;br /&gt;+2 GP (Abstract/Minimal Background)&lt;br /&gt;+5 GP (Elemental: 5 GP * 1)&lt;br /&gt;Total GP per submission: 11&lt;br /&gt;&lt;br /&gt;----------------------------&lt;br /&gt;1811 for&amp;nbsp;&lt;a href=&quot;https://www.deviantart.com/twodles&quot;&gt;twodles&lt;/a&gt;&lt;br /&gt;Base Score: 10 AP (Shaded Illustration)&lt;br /&gt;+5 AP (Abstract/Minimal Background)&lt;br /&gt;+5 AP (Personal Work Bonus)&lt;br /&gt;+10 AP (Other Esk Bonus: 10 AP * 1)&lt;br /&gt;Total AP per submission: 30&lt;br /&gt;Base Score: 4 GP (Shaded Illustration)&lt;br /&gt;+2 GP (Abstract/Minimal Background)&lt;br /&gt;Total GP per submission: 6&lt;br /&gt;&lt;br /&gt;----------------------------&lt;br /&gt;792 for &lt;span class=&quot;username-with-symbol u&quot;&gt;&lt;a class=&quot;u premium username&quot; href=&quot;https://www.deviantart.com/aracollie&quot;&gt;aracollie&lt;/a&gt;&lt;span class=&quot;user-symbol premium&quot; data-quicktip-text=&quot;Core Member&quot; data-show-tooltip=&quot;1&quot; data-gruser-type=&quot;premium&quot;&gt;&lt;/span&gt;&lt;/span&gt;&amp;nbsp;&lt;br /&gt;Base Score: 10 AP (Shaded Illustration)&lt;br /&gt;+5 AP (Abstract/Minimal Background)&lt;br /&gt;+5 AP (Personal Work Bonus)&lt;br /&gt;+10 AP (Other Esk Bonus: 10 AP * 1)&lt;br /&gt;Total AP per submission: 30&lt;br /&gt;Base Score: 4 GP (Shaded Illustration)&lt;br /&gt;+2 GP (Abstract/Minimal Background)&lt;br /&gt;Total GP per submission: 6&lt;br /&gt;&lt;div&gt;&lt;img src=&quot;https://t00.deviantart.net/U2tpd8F-3A1TW3AJSNn6Os4bxK8=/300x200/filters:fixed_height(100,100):origin()/pre00/dc25/th/pre/i/2019/027/9/a/_twwm__headshots_by_trollgirl-dcy4mop.jpg&quot; alt=&quot;thumbnail&quot; /&gt;&lt;/div&gt;</description>            </item>
                    <item>
                <title>Stop and Smell the Roses</title>
                <link>https://julianrad.deviantart.com/art/Stop-and-Smell-the-Roses-782951436</link>
                <guid isPermaLink="true">https://julianrad.deviantart.com/art/Stop-and-Smell-the-Roses-782951436</guid>
                <pubDate>Sun, 27 Jan 2019 01:32:39 PST</pubDate>
                        <media:title type="plain">Stop and Smell the Roses</media:title>
        <media:keywords></media:keywords>
                        <media:rating>nonadult</media:rating>
                <media:category label="Wild Animals">photography/nature/wild</media:category>
        <media:credit role="author" scheme="urn:ebu">JulianRad</media:credit>
        <media:credit role="author" scheme="urn:ebu">https://a.deviantart.net/avatars/j/u/julianrad.jpg?3</media:credit>
        <media:copyright url="https://julianrad.deviantart.com">Copyright 2019 JulianRad</media:copyright>            <media:description type="html">&lt;div&gt; &lt;div&gt; Facebook: &lt;a class=&quot;external&quot; href=&quot;https://www.deviantart.com/users/outgoing?https://www.facebook.com/julian.rad.photography/&quot;&gt;www.facebook.com/julian.rad.ph&amp;#8230;&lt;/a&gt;&lt;br /&gt;Instagram: &lt;a class=&quot;external&quot; href=&quot;https://www.deviantart.com/users/outgoing?https://www.instagram.com/julianradwildlife/&quot;&gt;www.instagram.com/julianradwil&amp;#8230;&lt;/a&gt; &lt;/div&gt; &lt;/div&gt;</media:description>            <media:thumbnail url="https://t00.deviantart.net/LjpTOwR6gQ09uw29Add2lvbK0sA=/fit-in/150x150/filters:no_upscale():origin()/pre00/518a/th/pre/f/2019/027/9/9/99e388113cbcf6f9769e0ca5d168121f-dcy5d70.jpg" height="100" width="150"/>            <media:thumbnail url="https://t00.deviantart.net/MVKPdevyjTsc6qbj_rgKkuf6Pgw=/fit-in/300x900/filters:no_upscale():origin()/pre00/518a/th/pre/f/2019/027/9/9/99e388113cbcf6f9769e0ca5d168121f-dcy5d70.jpg" height="200" width="300"/>            <media:thumbnail url="https://t00.deviantart.net/GsAzuEfb8t-bzjwhtKq8VNQDvKo=/300x200/filters:fixed_height(100,100):origin()/pre00/518a/th/pre/f/2019/027/9/9/99e388113cbcf6f9769e0ca5d168121f-dcy5d70.jpg" height="200" width="300"/>            <media:content url="https://orig00.deviantart.net/6240/f/2019/027/9/9/99e388113cbcf6f9769e0ca5d168121f-dcy5d70.jpg" height="667" width="1000" medium="image"/>            
            <description>&lt;div&gt; &lt;div&gt; Facebook: &lt;a class=&quot;external&quot; href=&quot;https://www.deviantart.com/users/outgoing?https://www.facebook.com/julian.rad.photography/&quot;&gt;www.facebook.com/julian.rad.ph&amp;#8230;&lt;/a&gt;&lt;br /&gt;Instagram: &lt;a class=&quot;external&quot; href=&quot;https://www.deviantart.com/users/outgoing?https://www.instagram.com/julianradwildlife/&quot;&gt;www.instagram.com/julianradwil&amp;#8230;&lt;/a&gt; &lt;/div&gt; &lt;/div&gt;&lt;br /&gt;&lt;div&gt;&lt;img src=&quot;https://t00.deviantart.net/GsAzuEfb8t-bzjwhtKq8VNQDvKo=/300x200/filters:fixed_height(100,100):origin()/pre00/518a/th/pre/f/2019/027/9/9/99e388113cbcf6f9769e0ca5d168121f-dcy5d70.jpg&quot; alt=&quot;thumbnail&quot; /&gt;&lt;/div&gt;</description>            </item>
                    <item>
                <title>solar flare</title>
                <link>https://kel-del.deviantart.com/art/solar-flare-782958644</link>
                <guid isPermaLink="true">https://kel-del.deviantart.com/art/solar-flare-782958644</guid>
                <pubDate>Sun, 27 Jan 2019 03:14:45 PST</pubDate>
                        <media:title type="plain">solar flare</media:title>
        <media:keywords></media:keywords>
                        <media:rating>nonadult</media:rating>
                <media:category label="Games">fanart/digital/drawings/games</media:category>
        <media:credit role="author" scheme="urn:ebu">Kel-Del</media:credit>
        <media:credit role="author" scheme="urn:ebu">https://a.deviantart.net/avatars/k/e/kel-del.gif?7</media:credit>
        <media:copyright url="https://kel-del.deviantart.com">Copyright 2019 Kel-Del</media:copyright>            <media:description type="html"></media:description>            <media:thumbnail url="https://t00.deviantart.net/mnGJMh_G_7wLUi0R_aJ8DKAMsO8=/fit-in/150x150/filters:no_upscale():origin()/pre00/d914/th/pre/f/2019/027/6/a/6a3c65790d90dce4c50e3195e62a1a5e-dcy5ir8.jpg" height="113" width="150"/>            <media:thumbnail url="https://t00.deviantart.net/j11axQS9n_ndT5AzT6O76DlL9O8=/fit-in/300x900/filters:no_upscale():origin()/pre00/d914/th/pre/f/2019/027/6/a/6a3c65790d90dce4c50e3195e62a1a5e-dcy5ir8.jpg" height="225" width="300"/>            <media:thumbnail url="https://t00.deviantart.net/FIpiLuS4dumtNYPK35FVkGvnvUY=/300x200/filters:fixed_height(100,100):origin()/pre00/d914/th/pre/f/2019/027/6/a/6a3c65790d90dce4c50e3195e62a1a5e-dcy5ir8.jpg" height="200" width="267"/>            <media:content url="https://pre00.deviantart.net/d914/th/pre/f/2019/027/6/a/6a3c65790d90dce4c50e3195e62a1a5e-dcy5ir8.jpg" height="774" width="1032" medium="image"/>            
            <description>&lt;br /&gt;&lt;div&gt;&lt;img src=&quot;https://t00.deviantart.net/FIpiLuS4dumtNYPK35FVkGvnvUY=/300x200/filters:fixed_height(100,100):origin()/pre00/d914/th/pre/f/2019/027/6/a/6a3c65790d90dce4c50e3195e62a1a5e-dcy5ir8.jpg&quot; alt=&quot;thumbnail&quot; /&gt;&lt;/div&gt;</description>            </item>
                    <item>
                <title>.:The Craft of...Cookies?:. (EqG Shorts)</title>
                <link>https://the-butcher-x.deviantart.com/art/The-Craft-of-Cookies-EqG-Shorts-782914627</link>
                <guid isPermaLink="true">https://the-butcher-x.deviantart.com/art/The-Craft-of-Cookies-EqG-Shorts-782914627</guid>
                <pubDate>Sat, 26 Jan 2019 19:14:42 PST</pubDate>
                        <media:title type="plain">.:The Craft of...Cookies?:. (EqG Shorts)</media:title>
        <media:keywords></media:keywords>
                        <media:rating>nonadult</media:rating>
                <media:category label="Other">fanart/digital/drawings/other</media:category>
        <media:credit role="author" scheme="urn:ebu">The-Butcher-X</media:credit>
        <media:credit role="author" scheme="urn:ebu">https://a.deviantart.net/avatars/t/h/the-butcher-x.png?1</media:credit>
        <media:copyright url="https://the-butcher-x.deviantart.com">Copyright 2019 The-Butcher-X</media:copyright>
            <media:community>
                <media:tags>@mlpandeqg</media:tags>
            </media:community>            <media:description type="html">Sorry, but I had to do this XD&lt;br /&gt;&lt;br /&gt;Alternative ver:&amp;nbsp;&lt;span class=&quot;shadow-holder&quot; data-embed-type=&quot;deviation&quot; data-embed-id=&quot;201074993512593&quot; data-embed-format=&quot;thumb&quot;&gt;&lt;span class=&quot;shadow mild&quot; &gt;&lt;a class=&quot;thumb&quot; href=&quot;https://sta.sh/01z9wkrj98x&quot; title=&quot;Sin ttulo-608-1 by The-Butcher-X, Jan 27, 2019&quot;data-super-img=&quot;https://images-wixmp-ed30a86b8c4ca887773594c2.wixmp.com/intermediary/f/940fced9-db60-4299-8d69-56825b1e47ff/dcy4kv8-a324301c-9c2a-4735-b361-c02388f73271.png/v1/fill/w_910,h_878,q_70,strp/sin_ttulo_608_1_by_the_butcher_x_dcy4kv8-pre.jpg&quot; data-super-width=&quot;910&quot; data-super-height=&quot;878&quot; data-super-transparent=&quot;false&quot; data-super-alt=&quot;Sin ttulo-608-1 by The-Butcher-X&quot; data-super-full-img=&quot;https://api-da.wixmp.com/_api/download/file?downloadToken=eyJ0eXAiOiJKV1QiLCJhbGciOiJIUzI1NiJ9.eyJzdWIiOiJ1cm46YXBwOjdlMGQxODg5ODIyNjQzNzNhNWYwZDQxNWVhMGQyNmUwIiwiaXNzIjoidXJuOmFwcDo3ZTBkMTg4OTgyMjY0MzczYTVmMGQ0MTVlYTBkMjZlMCIsImV4cCI6MTU0ODU1OTM0MSwiaWF0IjoxNTQ4NTU4NzMxLCJqdGkiOiI1YzRkMjE5NTc2NzNmIiwib2JqIjpudWxsLCJhdWQiOlsidXJuOnNlcnZpY2U6ZmlsZS5kb3dubG9hZCJdLCJwYXlsb2FkIjp7InBhdGgiOiJcL2ZcLzk0MGZjZWQ5LWRiNjAtNDI5OS04ZDY5LTU2ODI1YjFlNDdmZlwvZGN5NGt2OC1hMzI0MzAxYy05YzJhLTQ3MzUtYjM2MS1jMDIzODhmNzMyNzEucG5nIn19.LhIGIQAYMUtVFtkZmBxzgkODBp-NYU7oMOP7ayel1hg&quot; data-super-full-width=&quot;1160&quot; data-super-full-height=&quot;1120&quot;        data-sigil=&quot;thumb&quot;&gt;
        &lt;i&gt;&lt;/i&gt;&lt;img   width=&quot;150&quot; height=&quot;145&quot; alt=&quot;Sin ttulo-608-1 by The-Butcher-X&quot; src=&quot;https://images-wixmp-ed30a86b8c4ca887773594c2.wixmp.com/intermediary/f/940fced9-db60-4299-8d69-56825b1e47ff/dcy4kv8-a324301c-9c2a-4735-b361-c02388f73271.png/v1/fit/w_150,h_150,q_70,strp/sin_ttulo_608_1_by_the_butcher_x_dcy4kv8-150.jpg&quot; data-src=&quot;https://images-wixmp-ed30a86b8c4ca887773594c2.wixmp.com/intermediary/f/940fced9-db60-4299-8d69-56825b1e47ff/dcy4kv8-a324301c-9c2a-4735-b361-c02388f73271.png/v1/fit/w_150,h_150,q_70,strp/sin_ttulo_608_1_by_the_butcher_x_dcy4kv8-150.jpg&quot; srcset=&quot;https://images-wixmp-ed30a86b8c4ca887773594c2.wixmp.com/intermediary/f/940fced9-db60-4299-8d69-56825b1e47ff/dcy4kv8-a324301c-9c2a-4735-b361-c02388f73271.png/v1/fit/w_150,h_150,q_70,strp/sin_ttulo_608_1_by_the_butcher_x_dcy4kv8-150.jpg 150w,https://images-wixmp-ed30a86b8c4ca887773594c2.wixmp.com/intermediary/f/940fced9-db60-4299-8d69-56825b1e47ff/dcy4kv8-a324301c-9c2a-4735-b361-c02388f73271.png/v1/fill/w_259,h_250,q_70,strp/sin_ttulo_608_1_by_the_butcher_x_dcy4kv8-250t.jpg 259w,https://images-wixmp-ed30a86b8c4ca887773594c2.wixmp.com/intermediary/f/940fced9-db60-4299-8d69-56825b1e47ff/dcy4kv8-a324301c-9c2a-4735-b361-c02388f73271.png/v1/fill/w_363,h_350,q_70,strp/sin_ttulo_608_1_by_the_butcher_x_dcy4kv8-350t.jpg 363w,https://images-wixmp-ed30a86b8c4ca887773594c2.wixmp.com/intermediary/f/940fced9-db60-4299-8d69-56825b1e47ff/dcy4kv8-a324301c-9c2a-4735-b361-c02388f73271.png/v1/fill/w_414,h_400,q_70,strp/sin_ttulo_608_1_by_the_butcher_x_dcy4kv8-400t.jpg 414w,https://images-wixmp-ed30a86b8c4ca887773594c2.wixmp.com/intermediary/f/940fced9-db60-4299-8d69-56825b1e47ff/dcy4kv8-a324301c-9c2a-4735-b361-c02388f73271.png/v1/fill/w_910,h_878,q_70,strp/sin_ttulo_608_1_by_the_butcher_x_dcy4kv8-pre.jpg 910w&quot; sizes=&quot;150px&quot;&gt;&lt;/a&gt;&lt;/span&gt;&lt;!-- ^TTT --&gt;&lt;!-- TTT$ --&gt;&lt;/span&gt;&lt;br /&gt;&lt;br /&gt;&lt;span&gt;Enjoy&amp;nbsp;&lt;img src=&quot;https://e.deviantart.net/emoticons/b/biggrin.gif&quot; alt=&quot;:D (Big Grin)&quot; style=&quot;width: 15px; height: 15px;&quot; data-embed-type=&quot;emoticon&quot; data-embed-id=&quot;366&quot;&gt;&lt;br /&gt;&lt;br /&gt;My Pages:&lt;/span&gt;&lt;br /&gt;&lt;a target=&quot;_self&quot; href=&quot;https://www.deviantart.com/tumblrplz&quot; &gt;&lt;img class=&quot;avatar&quot; width=&quot;50&quot; height=&quot;50&quot; src=&quot;https://a.deviantart.net/avatars/t/u/tumblrplz.png?2&quot; alt=&quot;:icontumblrplz:&quot; title=&quot;Tumblrplz&quot; /&gt;&lt;/a&gt;&lt;span&gt;&amp;nbsp;&lt;a class=&quot;external&quot; href=&quot;https://www.deviantart.com/users/outgoing?http://the-butcher-x.tumblr.com/&quot;&gt;the-butcher-x.tumblr.com/&lt;/a&gt;&lt;/span&gt;&lt;br /&gt;&lt;a target=&quot;_self&quot; href=&quot;https://www.deviantart.com/youtube-plz&quot; &gt;&lt;img class=&quot;avatar&quot; width=&quot;50&quot; height=&quot;50&quot; src=&quot;https://a.deviantart.net/avatars/y/o/youtube-plz.png?2&quot; alt=&quot;:iconyoutube-plz:&quot; title=&quot;Youtube-plz&quot; /&gt;&lt;/a&gt;&lt;span&gt;&amp;nbsp;&lt;/span&gt;&lt;a class=&quot;external&quot; href=&quot;https://www.deviantart.com/users/outgoing?https://www.youtube.com/user/Butch407&quot;&gt;www.youtube.com/user/Butch407&lt;/a&gt;&lt;span&gt;&lt;/span&gt;&lt;br /&gt;&lt;a target=&quot;_self&quot; href=&quot;https://www.deviantart.com/facebook-plz&quot; &gt;&lt;img class=&quot;avatar&quot; width=&quot;50&quot; height=&quot;50&quot; src=&quot;https://a.deviantart.net/avatars/f/a/facebook-plz.jpg?2&quot; alt=&quot;:iconfacebook-plz:&quot; title=&quot;facebook-plz&quot; /&gt;&lt;/a&gt;&lt;span&gt;&amp;nbsp;&lt;/span&gt;&lt;a class=&quot;external&quot; href=&quot;https://www.deviantart.com/users/outgoing?https://www.facebook.com/thebutcherx/&quot;&gt;www.facebook.com/thebutcherx/&lt;/a&gt;&lt;span&gt;&lt;/span&gt;&lt;br /&gt;&lt;a target=&quot;_self&quot; href=&quot;https://www.deviantart.com/twitterplz&quot; &gt;&lt;img class=&quot;avatar&quot; width=&quot;50&quot; height=&quot;50&quot; src=&quot;https://a.deviantart.net/avatars/t/w/twitterplz.gif?1&quot; alt=&quot;:icontwitterplz:&quot; title=&quot;twitterplz&quot; /&gt;&lt;/a&gt;&lt;span&gt;&amp;nbsp;&lt;/span&gt;&lt;a class=&quot;external&quot; href=&quot;https://www.deviantart.com/users/outgoing?https://twitter.com/mlpandeqg&quot;&gt;twitter.com/mlpandeqg&lt;/a&gt;&lt;br /&gt;&lt;a target=&quot;_self&quot; href=&quot;https://www.deviantart.com/patreonplz&quot; &gt;&lt;img class=&quot;avatar&quot; width=&quot;50&quot; height=&quot;50&quot; src=&quot;https://a.deviantart.net/avatars/p/a/patreonplz.png?2&quot; alt=&quot;:iconpatreonplz:&quot; title=&quot;patreonplz&quot; /&gt;&lt;/a&gt;&lt;span&gt;&amp;nbsp;&lt;/span&gt;&lt;a class=&quot;external&quot; href=&quot;https://www.deviantart.com/users/outgoing?https://www.patreon.com/thebutcherx&quot;&gt;www.patreon.com/thebutcherx&lt;/a&gt;&lt;span&gt;&lt;br /&gt;&lt;span class=&quot;shadow-holder&quot; data-embed-type=&quot;deviation&quot; data-embed-id=&quot;529701190&quot; data-embed-format=&quot;thumb&quot;&gt;&lt;span class=&quot;shadow mild&quot; &gt;&lt;a class=&quot;thumb&quot; href=&quot;https://www.deviantart.com/th3emoo/art/Pixiv-529701190&quot; title=&quot;Pixiv by Th3EmOo, Apr 30, 2015 in Customization &amp;gt; Icons &amp;gt; Other&quot;data-super-img=&quot;https://images-wixmp-ed30a86b8c4ca887773594c2.wixmp.com/intermediary/f/182d3b70-4c99-4a6e-b62b-3a4adeba7f21/d8rdc1y-b9e4c045-43a9-4b15-ad6e-9626d851379e.png&quot; data-super-width=&quot;50&quot; data-super-height=&quot;50&quot; data-super-transparent=&quot;true&quot; data-super-alt=&quot;Pixiv by Th3EmOo&quot; data-super-full-img=&quot;https://images-wixmp-ed30a86b8c4ca887773594c2.wixmp.com/intermediary/f/182d3b70-4c99-4a6e-b62b-3a4adeba7f21/d8rdc1y-b9e4c045-43a9-4b15-ad6e-9626d851379e.png&quot; data-super-full-width=&quot;50&quot; data-super-full-height=&quot;50&quot;        data-sigil=&quot;thumb&quot;&gt;
        &lt;i&gt;&lt;/i&gt;&lt;img   width=&quot;50&quot; height=&quot;50&quot; alt=&quot;Pixiv by Th3EmOo&quot; src=&quot;https://images-wixmp-ed30a86b8c4ca887773594c2.wixmp.com/intermediary/f/182d3b70-4c99-4a6e-b62b-3a4adeba7f21/d8rdc1y-b9e4c045-43a9-4b15-ad6e-9626d851379e.png&quot; data-src=&quot;https://images-wixmp-ed30a86b8c4ca887773594c2.wixmp.com/intermediary/f/182d3b70-4c99-4a6e-b62b-3a4adeba7f21/d8rdc1y-b9e4c045-43a9-4b15-ad6e-9626d851379e.png&quot; srcset=&quot;https://images-wixmp-ed30a86b8c4ca887773594c2.wixmp.com/intermediary/f/182d3b70-4c99-4a6e-b62b-3a4adeba7f21/d8rdc1y-b9e4c045-43a9-4b15-ad6e-9626d851379e.png 50w&quot; sizes=&quot;50px&quot;&gt;&lt;/a&gt;&lt;/span&gt;&lt;!-- ^TTT --&gt;&lt;!-- TTT$ --&gt;&lt;/span&gt;&lt;a class=&quot;external&quot; href=&quot;https://www.deviantart.com/users/outgoing?https://www.pixiv.net/member.php?id=36285054&quot;&gt;www.pixiv.net/member.php?id=36&amp;#8230;&lt;/a&gt;&lt;br /&gt;&lt;a target=&quot;_self&quot; href=&quot;https://www.deviantart.com/newgroundsplz&quot; &gt;&lt;img class=&quot;avatar&quot; width=&quot;50&quot; height=&quot;50&quot; src=&quot;https://a.deviantart.net/avatars/n/e/newgroundsplz.gif?2&quot; alt=&quot;:iconnewgroundsplz:&quot; title=&quot;newgroundsplz&quot; /&gt;&lt;/a&gt;&amp;nbsp;&lt;a class=&quot;external&quot; href=&quot;https://www.deviantart.com/users/outgoing?https://the-butcher-x.newgrounds.com/&quot;&gt;the-butcher-x.newgrounds.com/&lt;/a&gt;&lt;br /&gt;&lt;a target=&quot;_self&quot; href=&quot;https://www.deviantart.com/ko-fiplz&quot; &gt;&lt;img class=&quot;avatar&quot; width=&quot;50&quot; height=&quot;50&quot; src=&quot;https://a.deviantart.net/avatars/k/o/ko-fiplz.png?3&quot; alt=&quot;:iconko-fiplz:&quot; title=&quot;ko-fiplz&quot; /&gt;&lt;/a&gt;&amp;nbsp;&lt;/span&gt;&lt;a class=&quot;external&quot; href=&quot;https://www.deviantart.com/users/outgoing?https://www.ko-fi.com/thebutcherx&quot;&gt;www.ko-fi.com/thebutcherx&lt;/a&gt;&lt;br /&gt;&lt;br /&gt;Pinkie Pie (My Little Pony: Equestria Girls Shorts)</media:description>            <media:thumbnail url="https://t00.deviantart.net/BjNmlcGCDcpiLChcrbixn4q45SE=/fit-in/150x150/filters:no_upscale():origin()/pre00/bc28/th/pre/i/2019/026/f/1/__the_craft_of___cookies_____eqg_shorts__by_the_butcher_x-dcy4ksj.png" height="145" width="150"/>            <media:thumbnail url="https://t00.deviantart.net/pX97lVxHYtDIRzWauja671jqeIk=/fit-in/300x900/filters:no_upscale():origin()/pre00/bc28/th/pre/i/2019/026/f/1/__the_craft_of___cookies_____eqg_shorts__by_the_butcher_x-dcy4ksj.png" height="290" width="300"/>            <media:thumbnail url="https://t00.deviantart.net/QESwSNqeTVBcWnFJTyCS7It4Pt4=/300x200/filters:fixed_height(100,100):origin()/pre00/bc28/th/pre/i/2019/026/f/1/__the_craft_of___cookies_____eqg_shorts__by_the_butcher_x-dcy4ksj.png" height="200" width="207"/>            <media:content url="https://pre00.deviantart.net/bc28/th/pre/i/2019/026/f/1/__the_craft_of___cookies_____eqg_shorts__by_the_butcher_x-dcy4ksj.png" height="879" width="910" medium="image"/>            
            <description>Sorry, but I had to do this XD&lt;br /&gt;&lt;br /&gt;Alternative ver:&amp;nbsp;&lt;span class=&quot;shadow-holder&quot; data-embed-type=&quot;deviation&quot; data-embed-id=&quot;201074993512593&quot; data-embed-format=&quot;thumb&quot;&gt;&lt;span class=&quot;shadow mild&quot; &gt;&lt;a class=&quot;thumb&quot; href=&quot;https://sta.sh/01z9wkrj98x&quot; title=&quot;Sin ttulo-608-1 by The-Butcher-X, Jan 27, 2019&quot;data-super-img=&quot;https://images-wixmp-ed30a86b8c4ca887773594c2.wixmp.com/intermediary/f/940fced9-db60-4299-8d69-56825b1e47ff/dcy4kv8-a324301c-9c2a-4735-b361-c02388f73271.png/v1/fill/w_910,h_878,q_70,strp/sin_ttulo_608_1_by_the_butcher_x_dcy4kv8-pre.jpg&quot; data-super-width=&quot;910&quot; data-super-height=&quot;878&quot; data-super-transparent=&quot;false&quot; data-super-alt=&quot;Sin ttulo-608-1 by The-Butcher-X&quot; data-super-full-img=&quot;https://api-da.wixmp.com/_api/download/file?downloadToken=eyJ0eXAiOiJKV1QiLCJhbGciOiJIUzI1NiJ9.eyJzdWIiOiJ1cm46YXBwOjdlMGQxODg5ODIyNjQzNzNhNWYwZDQxNWVhMGQyNmUwIiwiaXNzIjoidXJuOmFwcDo3ZTBkMTg4OTgyMjY0MzczYTVmMGQ0MTVlYTBkMjZlMCIsImV4cCI6MTU0ODU1OTM0MSwiaWF0IjoxNTQ4NTU4NzMxLCJqdGkiOiI1YzRkMjE5NTc2NzNmIiwib2JqIjpudWxsLCJhdWQiOlsidXJuOnNlcnZpY2U6ZmlsZS5kb3dubG9hZCJdLCJwYXlsb2FkIjp7InBhdGgiOiJcL2ZcLzk0MGZjZWQ5LWRiNjAtNDI5OS04ZDY5LTU2ODI1YjFlNDdmZlwvZGN5NGt2OC1hMzI0MzAxYy05YzJhLTQ3MzUtYjM2MS1jMDIzODhmNzMyNzEucG5nIn19.LhIGIQAYMUtVFtkZmBxzgkODBp-NYU7oMOP7ayel1hg&quot; data-super-full-width=&quot;1160&quot; data-super-full-height=&quot;1120&quot;        data-sigil=&quot;thumb&quot;&gt;
        &lt;i&gt;&lt;/i&gt;&lt;img   width=&quot;150&quot; height=&quot;145&quot; alt=&quot;Sin ttulo-608-1 by The-Butcher-X&quot; src=&quot;https://images-wixmp-ed30a86b8c4ca887773594c2.wixmp.com/intermediary/f/940fced9-db60-4299-8d69-56825b1e47ff/dcy4kv8-a324301c-9c2a-4735-b361-c02388f73271.png/v1/fit/w_150,h_150,q_70,strp/sin_ttulo_608_1_by_the_butcher_x_dcy4kv8-150.jpg&quot; data-src=&quot;https://images-wixmp-ed30a86b8c4ca887773594c2.wixmp.com/intermediary/f/940fced9-db60-4299-8d69-56825b1e47ff/dcy4kv8-a324301c-9c2a-4735-b361-c02388f73271.png/v1/fit/w_150,h_150,q_70,strp/sin_ttulo_608_1_by_the_butcher_x_dcy4kv8-150.jpg&quot; srcset=&quot;https://images-wixmp-ed30a86b8c4ca887773594c2.wixmp.com/intermediary/f/940fced9-db60-4299-8d69-56825b1e47ff/dcy4kv8-a324301c-9c2a-4735-b361-c02388f73271.png/v1/fit/w_150,h_150,q_70,strp/sin_ttulo_608_1_by_the_butcher_x_dcy4kv8-150.jpg 150w,https://images-wixmp-ed30a86b8c4ca887773594c2.wixmp.com/intermediary/f/940fced9-db60-4299-8d69-56825b1e47ff/dcy4kv8-a324301c-9c2a-4735-b361-c02388f73271.png/v1/fill/w_259,h_250,q_70,strp/sin_ttulo_608_1_by_the_butcher_x_dcy4kv8-250t.jpg 259w,https://images-wixmp-ed30a86b8c4ca887773594c2.wixmp.com/intermediary/f/940fced9-db60-4299-8d69-56825b1e47ff/dcy4kv8-a324301c-9c2a-4735-b361-c02388f73271.png/v1/fill/w_363,h_350,q_70,strp/sin_ttulo_608_1_by_the_butcher_x_dcy4kv8-350t.jpg 363w,https://images-wixmp-ed30a86b8c4ca887773594c2.wixmp.com/intermediary/f/940fced9-db60-4299-8d69-56825b1e47ff/dcy4kv8-a324301c-9c2a-4735-b361-c02388f73271.png/v1/fill/w_414,h_400,q_70,strp/sin_ttulo_608_1_by_the_butcher_x_dcy4kv8-400t.jpg 414w,https://images-wixmp-ed30a86b8c4ca887773594c2.wixmp.com/intermediary/f/940fced9-db60-4299-8d69-56825b1e47ff/dcy4kv8-a324301c-9c2a-4735-b361-c02388f73271.png/v1/fill/w_910,h_878,q_70,strp/sin_ttulo_608_1_by_the_butcher_x_dcy4kv8-pre.jpg 910w&quot; sizes=&quot;150px&quot;&gt;&lt;/a&gt;&lt;/span&gt;&lt;!-- ^TTT --&gt;&lt;!-- TTT$ --&gt;&lt;/span&gt;&lt;br /&gt;&lt;br /&gt;&lt;span&gt;Enjoy&amp;nbsp;&lt;img src=&quot;https://e.deviantart.net/emoticons/b/biggrin.gif&quot; alt=&quot;:D (Big Grin)&quot; style=&quot;width: 15px; height: 15px;&quot; data-embed-type=&quot;emoticon&quot; data-embed-id=&quot;366&quot;&gt;&lt;br /&gt;&lt;br /&gt;My Pages:&lt;/span&gt;&lt;br /&gt;&lt;a target=&quot;_self&quot; href=&quot;https://www.deviantart.com/tumblrplz&quot; &gt;&lt;img class=&quot;avatar&quot; width=&quot;50&quot; height=&quot;50&quot; src=&quot;https://a.deviantart.net/avatars/t/u/tumblrplz.png?2&quot; alt=&quot;:icontumblrplz:&quot; title=&quot;Tumblrplz&quot; /&gt;&lt;/a&gt;&lt;span&gt;&amp;nbsp;&lt;a class=&quot;external&quot; href=&quot;https://www.deviantart.com/users/outgoing?http://the-butcher-x.tumblr.com/&quot;&gt;the-butcher-x.tumblr.com/&lt;/a&gt;&lt;/span&gt;&lt;br /&gt;&lt;a target=&quot;_self&quot; href=&quot;https://www.deviantart.com/youtube-plz&quot; &gt;&lt;img class=&quot;avatar&quot; width=&quot;50&quot; height=&quot;50&quot; src=&quot;https://a.deviantart.net/avatars/y/o/youtube-plz.png?2&quot; alt=&quot;:iconyoutube-plz:&quot; title=&quot;Youtube-plz&quot; /&gt;&lt;/a&gt;&lt;span&gt;&amp;nbsp;&lt;/span&gt;&lt;a class=&quot;external&quot; href=&quot;https://www.deviantart.com/users/outgoing?https://www.youtube.com/user/Butch407&quot;&gt;www.youtube.com/user/Butch407&lt;/a&gt;&lt;span&gt;&lt;/span&gt;&lt;br /&gt;&lt;a target=&quot;_self&quot; href=&quot;https://www.deviantart.com/facebook-plz&quot; &gt;&lt;img class=&quot;avatar&quot; width=&quot;50&quot; height=&quot;50&quot; src=&quot;https://a.deviantart.net/avatars/f/a/facebook-plz.jpg?2&quot; alt=&quot;:iconfacebook-plz:&quot; title=&quot;facebook-plz&quot; /&gt;&lt;/a&gt;&lt;span&gt;&amp;nbsp;&lt;/span&gt;&lt;a class=&quot;external&quot; href=&quot;https://www.deviantart.com/users/outgoing?https://www.facebook.com/thebutcherx/&quot;&gt;www.facebook.com/thebutcherx/&lt;/a&gt;&lt;span&gt;&lt;/span&gt;&lt;br /&gt;&lt;a target=&quot;_self&quot; href=&quot;https://www.deviantart.com/twitterplz&quot; &gt;&lt;img class=&quot;avatar&quot; width=&quot;50&quot; height=&quot;50&quot; src=&quot;https://a.deviantart.net/avatars/t/w/twitterplz.gif?1&quot; alt=&quot;:icontwitterplz:&quot; title=&quot;twitterplz&quot; /&gt;&lt;/a&gt;&lt;span&gt;&amp;nbsp;&lt;/span&gt;&lt;a class=&quot;external&quot; href=&quot;https://www.deviantart.com/users/outgoing?https://twitter.com/mlpandeqg&quot;&gt;twitter.com/mlpandeqg&lt;/a&gt;&lt;br /&gt;&lt;a target=&quot;_self&quot; href=&quot;https://www.deviantart.com/patreonplz&quot; &gt;&lt;img class=&quot;avatar&quot; width=&quot;50&quot; height=&quot;50&quot; src=&quot;https://a.deviantart.net/avatars/p/a/patreonplz.png?2&quot; alt=&quot;:iconpatreonplz:&quot; title=&quot;patreonplz&quot; /&gt;&lt;/a&gt;&lt;span&gt;&amp;nbsp;&lt;/span&gt;&lt;a class=&quot;external&quot; href=&quot;https://www.deviantart.com/users/outgoing?https://www.patreon.com/thebutcherx&quot;&gt;www.patreon.com/thebutcherx&lt;/a&gt;&lt;span&gt;&lt;br /&gt;&lt;span class=&quot;shadow-holder&quot; data-embed-type=&quot;deviation&quot; data-embed-id=&quot;529701190&quot; data-embed-format=&quot;thumb&quot;&gt;&lt;span class=&quot;shadow mild&quot; &gt;&lt;a class=&quot;thumb&quot; href=&quot;https://www.deviantart.com/th3emoo/art/Pixiv-529701190&quot; title=&quot;Pixiv by Th3EmOo, Apr 30, 2015 in Customization &amp;gt; Icons &amp;gt; Other&quot;data-super-img=&quot;https://images-wixmp-ed30a86b8c4ca887773594c2.wixmp.com/intermediary/f/182d3b70-4c99-4a6e-b62b-3a4adeba7f21/d8rdc1y-b9e4c045-43a9-4b15-ad6e-9626d851379e.png&quot; data-super-width=&quot;50&quot; data-super-height=&quot;50&quot; data-super-transparent=&quot;true&quot; data-super-alt=&quot;Pixiv by Th3EmOo&quot; data-super-full-img=&quot;https://images-wixmp-ed30a86b8c4ca887773594c2.wixmp.com/intermediary/f/182d3b70-4c99-4a6e-b62b-3a4adeba7f21/d8rdc1y-b9e4c045-43a9-4b15-ad6e-9626d851379e.png&quot; data-super-full-width=&quot;50&quot; data-super-full-height=&quot;50&quot;        data-sigil=&quot;thumb&quot;&gt;
        &lt;i&gt;&lt;/i&gt;&lt;img   width=&quot;50&quot; height=&quot;50&quot; alt=&quot;Pixiv by Th3EmOo&quot; src=&quot;https://images-wixmp-ed30a86b8c4ca887773594c2.wixmp.com/intermediary/f/182d3b70-4c99-4a6e-b62b-3a4adeba7f21/d8rdc1y-b9e4c045-43a9-4b15-ad6e-9626d851379e.png&quot; data-src=&quot;https://images-wixmp-ed30a86b8c4ca887773594c2.wixmp.com/intermediary/f/182d3b70-4c99-4a6e-b62b-3a4adeba7f21/d8rdc1y-b9e4c045-43a9-4b15-ad6e-9626d851379e.png&quot; srcset=&quot;https://images-wixmp-ed30a86b8c4ca887773594c2.wixmp.com/intermediary/f/182d3b70-4c99-4a6e-b62b-3a4adeba7f21/d8rdc1y-b9e4c045-43a9-4b15-ad6e-9626d851379e.png 50w&quot; sizes=&quot;50px&quot;&gt;&lt;/a&gt;&lt;/span&gt;&lt;!-- ^TTT --&gt;&lt;!-- TTT$ --&gt;&lt;/span&gt;&lt;a class=&quot;external&quot; href=&quot;https://www.deviantart.com/users/outgoing?https://www.pixiv.net/member.php?id=36285054&quot;&gt;www.pixiv.net/member.php?id=36&amp;#8230;&lt;/a&gt;&lt;br /&gt;&lt;a target=&quot;_self&quot; href=&quot;https://www.deviantart.com/newgroundsplz&quot; &gt;&lt;img class=&quot;avatar&quot; width=&quot;50&quot; height=&quot;50&quot; src=&quot;https://a.deviantart.net/avatars/n/e/newgroundsplz.gif?2&quot; alt=&quot;:iconnewgroundsplz:&quot; title=&quot;newgroundsplz&quot; /&gt;&lt;/a&gt;&amp;nbsp;&lt;a class=&quot;external&quot; href=&quot;https://www.deviantart.com/users/outgoing?https://the-butcher-x.newgrounds.com/&quot;&gt;the-butcher-x.newgrounds.com/&lt;/a&gt;&lt;br /&gt;&lt;a target=&quot;_self&quot; href=&quot;https://www.deviantart.com/ko-fiplz&quot; &gt;&lt;img class=&quot;avatar&quot; width=&quot;50&quot; height=&quot;50&quot; src=&quot;https://a.deviantart.net/avatars/k/o/ko-fiplz.png?3&quot; alt=&quot;:iconko-fiplz:&quot; title=&quot;ko-fiplz&quot; /&gt;&lt;/a&gt;&amp;nbsp;&lt;/span&gt;&lt;a class=&quot;external&quot; href=&quot;https://www.deviantart.com/users/outgoing?https://www.ko-fi.com/thebutcherx&quot;&gt;www.ko-fi.com/thebutcherx&lt;/a&gt;&lt;br /&gt;&lt;br /&gt;Pinkie Pie (My Little Pony: Equestria Girls Shorts)&lt;br /&gt;&lt;div&gt;&lt;img src=&quot;https://t00.deviantart.net/QESwSNqeTVBcWnFJTyCS7It4Pt4=/300x200/filters:fixed_height(100,100):origin()/pre00/bc28/th/pre/i/2019/026/f/1/__the_craft_of___cookies_____eqg_shorts__by_the_butcher_x-dcy4ksj.png&quot; alt=&quot;thumbnail&quot; /&gt;&lt;/div&gt;</description>            </item>
                    <item>
                <title>Winter Princesses</title>
                <link>https://bellhenge.deviantart.com/art/Winter-Princesses-782949315</link>
                <guid isPermaLink="true">https://bellhenge.deviantart.com/art/Winter-Princesses-782949315</guid>
                <pubDate>Sun, 27 Jan 2019 00:58:03 PST</pubDate>
                        <media:title type="plain">Winter Princesses</media:title>
        <media:keywords></media:keywords>
                        <media:rating>nonadult</media:rating>
                <media:category label="Games">fanart/digital/drawings/games</media:category>
        <media:credit role="author" scheme="urn:ebu">bellhenge</media:credit>
        <media:credit role="author" scheme="urn:ebu">https://a.deviantart.net/avatars/b/e/bellhenge.png?12</media:credit>
        <media:copyright url="https://bellhenge.deviantart.com">Copyright 2019 bellhenge</media:copyright>            <media:description type="html">Winter Princesses [Zelda: Breath of the Wild][Super Mario Odyssey]&lt;br /&gt;&lt;b&gt;&lt;a href=&quot;https://www.deviantart.com/bellhenge/art/Winter-Zelda-719308015&quot;&gt;--- Winter Zelda&lt;/a&gt;&lt;/b&gt;&lt;br /&gt;&lt;b&gt;&lt;a href=&quot;https://www.deviantart.com/bellhenge/art/Winter-Peach-727916627&quot;&gt;--- Winter Peach&lt;/a&gt;&lt;/b&gt;&lt;br /&gt;&lt;b&gt;&lt;a class=&quot;external&quot; href=&quot;https://www.deviantart.com/users/outgoing?https://twitter.com/bellhenge&quot;&gt;Twitter&lt;/a&gt;&lt;/b&gt; I forbid reposting my art without the source.</media:description>            <media:thumbnail url="https://t00.deviantart.net/leUbwiUX3VSANiKZkFHtPAjq37Q=/fit-in/150x150/filters:no_upscale():origin()/pre00/f2f7/th/pre/f/2019/027/9/b/winter_princesses_by_bellhenge-dcy5bk3.jpg" height="150" width="113"/>            <media:thumbnail url="https://t00.deviantart.net/OU9bPRZztmr8G0YfrAXK4jXgg-g=/fit-in/300x900/filters:no_upscale():origin()/pre00/f2f7/th/pre/f/2019/027/9/b/winter_princesses_by_bellhenge-dcy5bk3.jpg" height="400" width="300"/>            <media:thumbnail url="https://t00.deviantart.net/77y9bMV5zE2NSQd9aqMpR2a6c80=/300x200/filters:fixed_height(100,100):origin()/pre00/f2f7/th/pre/f/2019/027/9/b/winter_princesses_by_bellhenge-dcy5bk3.jpg" height="200" width="150"/>            <media:content url="https://orig00.deviantart.net/065d/f/2019/027/9/b/winter_princesses_by_bellhenge-dcy5bk3.jpg" height="800" width="600" medium="image"/>            
            <description>Winter Princesses [Zelda: Breath of the Wild][Super Mario Odyssey]&lt;br /&gt;&lt;b&gt;&lt;a href=&quot;https://www.deviantart.com/bellhenge/art/Winter-Zelda-719308015&quot;&gt;--- Winter Zelda&lt;/a&gt;&lt;/b&gt;&lt;br /&gt;&lt;b&gt;&lt;a href=&quot;https://www.deviantart.com/bellhenge/art/Winter-Peach-727916627&quot;&gt;--- Winter Peach&lt;/a&gt;&lt;/b&gt;&lt;br /&gt;&lt;b&gt;&lt;a class=&quot;external&quot; href=&quot;https://www.deviantart.com/users/outgoing?https://twitter.com/bellhenge&quot;&gt;Twitter&lt;/a&gt;&lt;/b&gt; I forbid reposting my art without the source.&lt;br /&gt;&lt;div&gt;&lt;img src=&quot;https://t00.deviantart.net/77y9bMV5zE2NSQd9aqMpR2a6c80=/300x200/filters:fixed_height(100,100):origin()/pre00/f2f7/th/pre/f/2019/027/9/b/winter_princesses_by_bellhenge-dcy5bk3.jpg&quot; alt=&quot;thumbnail&quot; /&gt;&lt;/div&gt;</description>            </item>
                    <item>
                <title>The Blackblood Alliance - Chapter 04: Page 02</title>
                <link>https://kayfedewa.deviantart.com/art/The-Blackblood-Alliance-Chapter-04-Page-02-782989314</link>
                <guid isPermaLink="true">https://kayfedewa.deviantart.com/art/The-Blackblood-Alliance-Chapter-04-Page-02-782989314</guid>
                <pubDate>Sun, 27 Jan 2019 08:55:01 PST</pubDate>
                        <media:title type="plain">The Blackblood Alliance - Chapter 04: Page 02</media:title>
        <media:keywords></media:keywords>
                        <media:rating>nonadult</media:rating>
                <media:category label="Pages">cartoons/digital/comics/pages</media:category>
        <media:credit role="author" scheme="urn:ebu">KayFedewa</media:credit>
        <media:credit role="author" scheme="urn:ebu">https://a.deviantart.net/avatars/k/a/kayfedewa.gif?2</media:credit>
        <media:copyright url="https://kayfedewa.deviantart.com">Copyright 2019 KayFedewa</media:copyright>            <media:description type="html">Little late - hope you enjoy!&amp;nbsp;&lt;br /&gt;&amp;lt;&amp;lt;PREVIOUS:&lt;span class=&quot;shadow-holder&quot; data-embed-type=&quot;deviation&quot; data-embed-id=&quot;781419469&quot; data-embed-format=&quot;thumb&quot;&gt;&lt;span class=&quot;shadow mild&quot; &gt;&lt;a class=&quot;thumb&quot; href=&quot;https://www.deviantart.com/kayfedewa/art/The-Blackblood-Alliance-Chapter-04-Page-01-781419469&quot; title=&quot;The Blackblood Alliance - Chapter 04: Page 01 by KayFedewa, Jan 18, 2019 in Cartoons &amp;amp; Comics &amp;gt; Digital Media &amp;gt; Comics &amp;gt; Pages&quot;data-super-img=&quot;https://images-wixmp-ed30a86b8c4ca887773594c2.wixmp.com/intermediary/f/b309a2b5-8ad9-4e6e-b278-ae08742160b4/dcx8j4d-106b2b6f-a742-4d68-a193-a7801991ccb5.png/v1/fill/w_730,h_1095,q_70,strp/the_blackblood_alliance___chapter_04__page_01_by_kayfedewa_dcx8j4d-pre.jpg&quot; data-super-width=&quot;730&quot; data-super-height=&quot;1095&quot; data-super-transparent=&quot;false&quot; data-super-alt=&quot;The Blackblood Alliance - Chapter 04: Page 01 by KayFedewa&quot; data-super-full-img=&quot;https://images-wixmp-ed30a86b8c4ca887773594c2.wixmp.com/intermediary/f/b309a2b5-8ad9-4e6e-b278-ae08742160b4/dcx8j4d-106b2b6f-a742-4d68-a193-a7801991ccb5.png&quot; data-super-full-width=&quot;843&quot; data-super-full-height=&quot;1265&quot;        data-sigil=&quot;thumb&quot;&gt;
        &lt;i&gt;&lt;/i&gt;&lt;img   width=&quot;100&quot; height=&quot;150&quot; alt=&quot;The Blackblood Alliance - Chapter 04: Page 01 by KayFedewa&quot; src=&quot;https://images-wixmp-ed30a86b8c4ca887773594c2.wixmp.com/intermediary/f/b309a2b5-8ad9-4e6e-b278-ae08742160b4/dcx8j4d-106b2b6f-a742-4d68-a193-a7801991ccb5.png/v1/fit/w_150,h_150,q_70,strp/the_blackblood_alliance___chapter_04__page_01_by_kayfedewa_dcx8j4d-150.jpg&quot; data-src=&quot;https://images-wixmp-ed30a86b8c4ca887773594c2.wixmp.com/intermediary/f/b309a2b5-8ad9-4e6e-b278-ae08742160b4/dcx8j4d-106b2b6f-a742-4d68-a193-a7801991ccb5.png/v1/fit/w_150,h_150,q_70,strp/the_blackblood_alliance___chapter_04__page_01_by_kayfedewa_dcx8j4d-150.jpg&quot; srcset=&quot;https://images-wixmp-ed30a86b8c4ca887773594c2.wixmp.com/intermediary/f/b309a2b5-8ad9-4e6e-b278-ae08742160b4/dcx8j4d-106b2b6f-a742-4d68-a193-a7801991ccb5.png/v1/fit/w_150,h_150,q_70,strp/the_blackblood_alliance___chapter_04__page_01_by_kayfedewa_dcx8j4d-150.jpg 100w,https://images-wixmp-ed30a86b8c4ca887773594c2.wixmp.com/intermediary/f/b309a2b5-8ad9-4e6e-b278-ae08742160b4/dcx8j4d-106b2b6f-a742-4d68-a193-a7801991ccb5.png/v1/crop/w_167,h_250,x_0,y_0,scl_0.19810201660735,q_70,strp/the_blackblood_alliance___chapter_04__page_01_by_kayfedewa_dcx8j4d-250t.jpg 167w,https://images-wixmp-ed30a86b8c4ca887773594c2.wixmp.com/intermediary/f/b309a2b5-8ad9-4e6e-b278-ae08742160b4/dcx8j4d-106b2b6f-a742-4d68-a193-a7801991ccb5.png/v1/fill/w_233,h_350,q_70,strp/the_blackblood_alliance___chapter_04__page_01_by_kayfedewa_dcx8j4d-350t.jpg 233w,https://images-wixmp-ed30a86b8c4ca887773594c2.wixmp.com/intermediary/f/b309a2b5-8ad9-4e6e-b278-ae08742160b4/dcx8j4d-106b2b6f-a742-4d68-a193-a7801991ccb5.png/v1/crop/w_267,h_400,x_0,y_0,scl_0.31672597864769,q_70,strp/the_blackblood_alliance___chapter_04__page_01_by_kayfedewa_dcx8j4d-400t.jpg 267w,https://images-wixmp-ed30a86b8c4ca887773594c2.wixmp.com/intermediary/f/b309a2b5-8ad9-4e6e-b278-ae08742160b4/dcx8j4d-106b2b6f-a742-4d68-a193-a7801991ccb5.png/v1/fill/w_730,h_1095,q_70,strp/the_blackblood_alliance___chapter_04__page_01_by_kayfedewa_dcx8j4d-pre.jpg 730w&quot; sizes=&quot;100px&quot;&gt;&lt;/a&gt;&lt;/span&gt;&lt;!-- ^TTT --&gt;&lt;!-- TTT$ --&gt;&lt;/span&gt;.................NEXT: Feb 1&lt;br /&gt;&lt;img src=&quot;https://e.deviantart.net/emoticons/b/bulletgreen.gif&quot; width=&quot;10&quot; height=&quot;10&quot; alt=&quot;:bulletgreen:&quot; data-embed-type=&quot;emoticon&quot; data-embed-id=&quot;209&quot; title=&quot;Bullet; Green&quot;/&gt;Full size pages available to patrons, who make this comic possible!&amp;nbsp;&lt;a class=&quot;external&quot; href=&quot;https://www.deviantart.com/users/outgoing?https://www.patreon.com/blackbloodalliance&quot;&gt;www.patreon.com/blackbloodalli&amp;hellip;&lt;/a&gt; &lt;img src=&quot;https://e.deviantart.net/emoticons/b/bulletgreen.gif&quot; width=&quot;10&quot; height=&quot;10&quot; alt=&quot;:bulletgreen:&quot; data-embed-type=&quot;emoticon&quot; data-embed-id=&quot;209&quot; title=&quot;Bullet; Green&quot;/&gt;&lt;br /&gt;-------&lt;br /&gt;writing, bubbling, character drawing by me&lt;br /&gt;Bgs by Lindsay&lt;br /&gt;flats by &lt;a target=&quot;_self&quot; href=&quot;https://www.deviantart.com/adaxel&quot; &gt;&lt;img class=&quot;avatar&quot; width=&quot;50&quot; height=&quot;50&quot; src=&quot;https://a.deviantart.net/avatars/a/d/adaxel.gif?2&quot; alt=&quot;:iconadaxel:&quot; title=&quot;ADAxel&quot; /&gt;&lt;/a&gt;</media:description>            <media:thumbnail url="https://t00.deviantart.net/0DWE6XVbPfblQcCZQfvOrTSmZ6c=/fit-in/150x150/filters:no_upscale():origin()/pre00/0d11/th/pre/f/2019/027/a/5/the_blackblood_alliance___chapter_04__page_02_by_kayfedewa-dcy66f6.png" height="150" width="100"/>            <media:thumbnail url="https://t00.deviantart.net/Rx5e_kUl3dGA2F9vpXyiN97XD20=/fit-in/300x900/filters:no_upscale():origin()/pre00/0d11/th/pre/f/2019/027/a/5/the_blackblood_alliance___chapter_04__page_02_by_kayfedewa-dcy66f6.png" height="450" width="300"/>            <media:thumbnail url="https://t00.deviantart.net/Dezs-kMWHXgx16juSvYFwRTkiDM=/300x200/filters:fixed_height(100,100):origin()/pre00/0d11/th/pre/f/2019/027/a/5/the_blackblood_alliance___chapter_04__page_02_by_kayfedewa-dcy66f6.png" height="200" width="133"/>            <media:content url="https://pre00.deviantart.net/0d11/th/pre/f/2019/027/a/5/the_blackblood_alliance___chapter_04__page_02_by_kayfedewa-dcy66f6.png" height="1095" width="730" medium="image"/>            
            <description>Little late - hope you enjoy!&amp;nbsp;&lt;br /&gt;&amp;lt;&amp;lt;PREVIOUS:&lt;span class=&quot;shadow-holder&quot; data-embed-type=&quot;deviation&quot; data-embed-id=&quot;781419469&quot; data-embed-format=&quot;thumb&quot;&gt;&lt;span class=&quot;shadow mild&quot; &gt;&lt;a class=&quot;thumb&quot; href=&quot;https://www.deviantart.com/kayfedewa/art/The-Blackblood-Alliance-Chapter-04-Page-01-781419469&quot; title=&quot;The Blackblood Alliance - Chapter 04: Page 01 by KayFedewa, Jan 18, 2019 in Cartoons &amp;amp; Comics &amp;gt; Digital Media &amp;gt; Comics &amp;gt; Pages&quot;data-super-img=&quot;https://images-wixmp-ed30a86b8c4ca887773594c2.wixmp.com/intermediary/f/b309a2b5-8ad9-4e6e-b278-ae08742160b4/dcx8j4d-106b2b6f-a742-4d68-a193-a7801991ccb5.png/v1/fill/w_730,h_1095,q_70,strp/the_blackblood_alliance___chapter_04__page_01_by_kayfedewa_dcx8j4d-pre.jpg&quot; data-super-width=&quot;730&quot; data-super-height=&quot;1095&quot; data-super-transparent=&quot;false&quot; data-super-alt=&quot;The Blackblood Alliance - Chapter 04: Page 01 by KayFedewa&quot; data-super-full-img=&quot;https://images-wixmp-ed30a86b8c4ca887773594c2.wixmp.com/intermediary/f/b309a2b5-8ad9-4e6e-b278-ae08742160b4/dcx8j4d-106b2b6f-a742-4d68-a193-a7801991ccb5.png&quot; data-super-full-width=&quot;843&quot; data-super-full-height=&quot;1265&quot;        data-sigil=&quot;thumb&quot;&gt;
        &lt;i&gt;&lt;/i&gt;&lt;img   width=&quot;100&quot; height=&quot;150&quot; alt=&quot;The Blackblood Alliance - Chapter 04: Page 01 by KayFedewa&quot; src=&quot;https://images-wixmp-ed30a86b8c4ca887773594c2.wixmp.com/intermediary/f/b309a2b5-8ad9-4e6e-b278-ae08742160b4/dcx8j4d-106b2b6f-a742-4d68-a193-a7801991ccb5.png/v1/fit/w_150,h_150,q_70,strp/the_blackblood_alliance___chapter_04__page_01_by_kayfedewa_dcx8j4d-150.jpg&quot; data-src=&quot;https://images-wixmp-ed30a86b8c4ca887773594c2.wixmp.com/intermediary/f/b309a2b5-8ad9-4e6e-b278-ae08742160b4/dcx8j4d-106b2b6f-a742-4d68-a193-a7801991ccb5.png/v1/fit/w_150,h_150,q_70,strp/the_blackblood_alliance___chapter_04__page_01_by_kayfedewa_dcx8j4d-150.jpg&quot; srcset=&quot;https://images-wixmp-ed30a86b8c4ca887773594c2.wixmp.com/intermediary/f/b309a2b5-8ad9-4e6e-b278-ae08742160b4/dcx8j4d-106b2b6f-a742-4d68-a193-a7801991ccb5.png/v1/fit/w_150,h_150,q_70,strp/the_blackblood_alliance___chapter_04__page_01_by_kayfedewa_dcx8j4d-150.jpg 100w,https://images-wixmp-ed30a86b8c4ca887773594c2.wixmp.com/intermediary/f/b309a2b5-8ad9-4e6e-b278-ae08742160b4/dcx8j4d-106b2b6f-a742-4d68-a193-a7801991ccb5.png/v1/crop/w_167,h_250,x_0,y_0,scl_0.19810201660735,q_70,strp/the_blackblood_alliance___chapter_04__page_01_by_kayfedewa_dcx8j4d-250t.jpg 167w,https://images-wixmp-ed30a86b8c4ca887773594c2.wixmp.com/intermediary/f/b309a2b5-8ad9-4e6e-b278-ae08742160b4/dcx8j4d-106b2b6f-a742-4d68-a193-a7801991ccb5.png/v1/fill/w_233,h_350,q_70,strp/the_blackblood_alliance___chapter_04__page_01_by_kayfedewa_dcx8j4d-350t.jpg 233w,https://images-wixmp-ed30a86b8c4ca887773594c2.wixmp.com/intermediary/f/b309a2b5-8ad9-4e6e-b278-ae08742160b4/dcx8j4d-106b2b6f-a742-4d68-a193-a7801991ccb5.png/v1/crop/w_267,h_400,x_0,y_0,scl_0.31672597864769,q_70,strp/the_blackblood_alliance___chapter_04__page_01_by_kayfedewa_dcx8j4d-400t.jpg 267w,https://images-wixmp-ed30a86b8c4ca887773594c2.wixmp.com/intermediary/f/b309a2b5-8ad9-4e6e-b278-ae08742160b4/dcx8j4d-106b2b6f-a742-4d68-a193-a7801991ccb5.png/v1/fill/w_730,h_1095,q_70,strp/the_blackblood_alliance___chapter_04__page_01_by_kayfedewa_dcx8j4d-pre.jpg 730w&quot; sizes=&quot;100px&quot;&gt;&lt;/a&gt;&lt;/span&gt;&lt;!-- ^TTT --&gt;&lt;!-- TTT$ --&gt;&lt;/span&gt;.................NEXT: Feb 1&lt;br /&gt;&lt;img src=&quot;https://e.deviantart.net/emoticons/b/bulletgreen.gif&quot; width=&quot;10&quot; height=&quot;10&quot; alt=&quot;:bulletgreen:&quot; data-embed-type=&quot;emoticon&quot; data-embed-id=&quot;209&quot; title=&quot;Bullet; Green&quot;/&gt;Full size pages available to patrons, who make this comic possible!&amp;nbsp;&lt;a class=&quot;external&quot; href=&quot;https://www.deviantart.com/users/outgoing?https://www.patreon.com/blackbloodalliance&quot;&gt;www.patreon.com/blackbloodalli&amp;hellip;&lt;/a&gt; &lt;img src=&quot;https://e.deviantart.net/emoticons/b/bulletgreen.gif&quot; width=&quot;10&quot; height=&quot;10&quot; alt=&quot;:bulletgreen:&quot; data-embed-type=&quot;emoticon&quot; data-embed-id=&quot;209&quot; title=&quot;Bullet; Green&quot;/&gt;&lt;br /&gt;-------&lt;br /&gt;writing, bubbling, character drawing by me&lt;br /&gt;Bgs by Lindsay&lt;br /&gt;flats by &lt;a target=&quot;_self&quot; href=&quot;https://www.deviantart.com/adaxel&quot; &gt;&lt;img class=&quot;avatar&quot; width=&quot;50&quot; height=&quot;50&quot; src=&quot;https://a.deviantart.net/avatars/a/d/adaxel.gif?2&quot; alt=&quot;:iconadaxel:&quot; title=&quot;ADAxel&quot; /&gt;&lt;/a&gt;&lt;br /&gt;&lt;div&gt;&lt;img src=&quot;https://t00.deviantart.net/Dezs-kMWHXgx16juSvYFwRTkiDM=/300x200/filters:fixed_height(100,100):origin()/pre00/0d11/th/pre/f/2019/027/a/5/the_blackblood_alliance___chapter_04__page_02_by_kayfedewa-dcy66f6.png&quot; alt=&quot;thumbnail&quot; /&gt;&lt;/div&gt;</description>            </item>
                    <item>
                <title>[MMD] Heart Choker (Download)</title>
                <link>https://danna-mmd.deviantart.com/art/MMD-Heart-Choker-Download-782899532</link>
                <guid isPermaLink="true">https://danna-mmd.deviantart.com/art/MMD-Heart-Choker-Download-782899532</guid>
                <pubDate>Sat, 26 Jan 2019 17:05:02 PST</pubDate>
                        <media:title type="plain">[MMD] Heart Choker (Download)</media:title>
        <media:keywords></media:keywords>
                        <media:rating>nonadult</media:rating>
                <media:category label="3D Models">resources/3dmodels</media:category>
        <media:credit role="author" scheme="urn:ebu">Danna-MMD</media:credit>
        <media:credit role="author" scheme="urn:ebu">https://a.deviantart.net/avatars/d/a/danna-mmd.png?10</media:credit>
        <media:copyright url="https://danna-mmd.deviantart.com">Copyright 2019 Danna-MMD</media:copyright>            <media:description type="html">&lt;small&gt; A cute Heart Choker&lt;br /&gt;&lt;br /&gt;Ripped from Sims4&lt;br /&gt;&lt;br /&gt;Please follow these rules:&lt;br /&gt;+ Please Credit me (@)Danna-MMD +&amp;nbsp;&lt;span&gt;Pralinesims&lt;/span&gt;&lt;br /&gt;+ Feel free to Edit, be creative&lt;br /&gt;+ Distribution only on finished model. (Outfit downloads do not count)&lt;br /&gt;- Do not claim as yours&lt;br /&gt;- Do not use for commercial use&lt;br /&gt;- NO R-18/NC-17/Fetish&lt;br /&gt;- Do not export to other programs/games, must stay in MMD format&lt;br /&gt;&lt;br /&gt;Download: To the right, under the favorites buttons&lt;/small&gt;</media:description>            <media:thumbnail url="https://t00.deviantart.net/qHSpKqBS4RyPOxIM4X-gRt_i3gU=/fit-in/150x150/filters:no_upscale():origin()/pre00/2488/th/pre/i/2019/026/d/4/_mmd__heart_choker__download__by_danna_mmd-dcy4958.png" height="141" width="150"/>            <media:thumbnail url="https://t00.deviantart.net/8SzGd2HqgcZbiINXvL8h8YMuyus=/fit-in/300x900/filters:no_upscale():origin()/pre00/2488/th/pre/i/2019/026/d/4/_mmd__heart_choker__download__by_danna_mmd-dcy4958.png" height="282" width="300"/>            <media:thumbnail url="https://t00.deviantart.net/Hrkclso49qjLU3_0FXayTGbogBc=/300x200/filters:fixed_height(100,100):origin()/pre00/2488/th/pre/i/2019/026/d/4/_mmd__heart_choker__download__by_danna_mmd-dcy4958.png" height="200" width="213"/>            <media:content url="https://img00.deviantart.net/3993/i/2019/026/d/4/_mmd__heart_choker__download__by_danna_mmd-dcy4958.png" height="1080" width="1149"/>            
            <description>&lt;small&gt; A cute Heart Choker&lt;br /&gt;&lt;br /&gt;Ripped from Sims4&lt;br /&gt;&lt;br /&gt;Please follow these rules:&lt;br /&gt;+ Please Credit me (@)Danna-MMD +&amp;nbsp;&lt;span&gt;Pralinesims&lt;/span&gt;&lt;br /&gt;+ Feel free to Edit, be creative&lt;br /&gt;+ Distribution only on finished model. (Outfit downloads do not count)&lt;br /&gt;- Do not claim as yours&lt;br /&gt;- Do not use for commercial use&lt;br /&gt;- NO R-18/NC-17/Fetish&lt;br /&gt;- Do not export to other programs/games, must stay in MMD format&lt;br /&gt;&lt;br /&gt;Download: To the right, under the favorites buttons&lt;/small&gt;&lt;br /&gt;&lt;div&gt;&lt;img src=&quot;https://img00.deviantart.net/3993/i/2019/026/d/4/_mmd__heart_choker__download__by_danna_mmd-dcy4958.png&quot; alt=&quot;thumbnail&quot; /&gt;&lt;/div&gt;</description>            </item>
                    <item>
                <title>Eye Tales - Cheek Kiss</title>
                <link>https://larienne.deviantart.com/art/Eye-Tales-Cheek-Kiss-783033588</link>
                <guid isPermaLink="true">https://larienne.deviantart.com/art/Eye-Tales-Cheek-Kiss-783033588</guid>
                <pubDate>Sun, 27 Jan 2019 13:53:01 PST</pubDate>
                        <media:title type="plain">Eye Tales - Cheek Kiss</media:title>
        <media:keywords></media:keywords>
                        <media:rating>nonadult</media:rating>
                <media:category label="Other">cartoons/digital/comics/other</media:category>
        <media:credit role="author" scheme="urn:ebu">larienne</media:credit>
        <media:credit role="author" scheme="urn:ebu">https://a.deviantart.net/avatars/l/a/larienne.png?11</media:credit>
        <media:copyright url="https://larienne.deviantart.com">Copyright 2019 larienne</media:copyright>            <media:description type="html">Eye Tales about cheek kiss &lt;img src=&quot;https://e.deviantart.net/emoticons/s/smile.gif&quot; width=&quot;15&quot; height=&quot;15&quot; alt=&quot;:)&quot; data-embed-type=&quot;emoticon&quot; data-embed-id=&quot;391&quot; title=&quot;:) (Smile)&quot;/&gt;&lt;br /&gt;&lt;br /&gt;&lt;br /&gt;&lt;br /&gt;&lt;span&gt;This is a part of my experiment called &quot;Eye Tales&quot; in which I try to convey messages or stories via simple drawings of eye expressions (and lately expanded it a bit by adding figures sometimes).&amp;nbsp;&lt;/span&gt;&lt;br /&gt;&lt;span&gt;Thank you for browsing&amp;nbsp;&lt;/span&gt;&lt;img src=&quot;https://e.deviantart.net/emoticons/s/smile.gif&quot; alt=&quot;:) (Smile)&quot; style=&quot;width: 15px; height: 15px;&quot; data-embed-type=&quot;emoticon&quot; data-embed-id=&quot;391&quot;&gt;&lt;br /&gt;&lt;br /&gt;&lt;span&gt;Join me on IG and Twitter&lt;/span&gt;&lt;span&gt;&lt;br /&gt;&lt;/span&gt;&lt;i&gt;&lt;img src=&quot;https://e.deviantart.net/emoticons/s/star_full.gif&quot; alt=&quot;Star!&quot; style=&quot;width: 17px; height: 16px;&quot; data-embed-type=&quot;emoticon&quot; data-embed-id=&quot;450&quot;&gt;&amp;nbsp;instagram&amp;nbsp;&lt;a href=&quot;https://www.deviantart.com/users/outgoing?https://instagram.com/nimfiechan/&quot;&gt;&lt;/a&gt;&lt;a class=&quot;external&quot; href=&quot;https://www.deviantart.com/users/outgoing?https://instagram.com/lariennechan/&quot;&gt;instagram.com/lariennechan/&lt;/a&gt;&lt;/i&gt;&lt;br /&gt;&lt;i&gt;&lt;img src=&quot;https://e.deviantart.net/emoticons/s/star_full.gif&quot; alt=&quot;Star!&quot; style=&quot;width: 17px; height: 16px;&quot; data-embed-type=&quot;emoticon&quot; data-embed-id=&quot;450&quot;&gt;&amp;nbsp;&lt;/i&gt;&lt;span&gt;Twitter : lariennechan&lt;/span&gt;&lt;br /&gt;&lt;span class=&quot;shadow-holder&quot; data-embed-type=&quot;deviation&quot; data-embed-id=&quot;592623218&quot; data-embed-format=&quot;thumb&quot;&gt;&lt;span class=&quot;shadow mild&quot; &gt;&lt;a class=&quot;thumb&quot; href=&quot;https://www.deviantart.com/larienne/art/The-Cycle-of-L-eye-f-592623218&quot; title=&quot;+The Cycle of L-eye-f+ by larienne, Feb 23, 2016 in Traditional Art &amp;gt; Drawings &amp;gt; Surreal&quot;data-super-img=&quot;https://images-wixmp-ed30a86b8c4ca887773594c2.wixmp.com/intermediary/f/70834e96-067e-42b9-8c26-8fe104d3fbaa/d9stz02-6da36be9-9c9f-4836-995e-ed7f3fe1b3c7.png/v1/fill/w_600,h_769,q_80,strp/_the_cycle_of_l_eye_f__by_larienne_d9stz02-fullview.jpg&quot; data-super-width=&quot;600&quot; data-super-height=&quot;769&quot; data-super-transparent=&quot;false&quot; data-super-alt=&quot;+The Cycle of L-eye-f+ by larienne&quot; data-super-full-img=&quot;https://images-wixmp-ed30a86b8c4ca887773594c2.wixmp.com/intermediary/f/70834e96-067e-42b9-8c26-8fe104d3fbaa/d9stz02-6da36be9-9c9f-4836-995e-ed7f3fe1b3c7.png/v1/fill/w_600,h_769,q_80,strp/_the_cycle_of_l_eye_f__by_larienne_d9stz02-fullview.jpg&quot; data-super-full-width=&quot;600&quot; data-super-full-height=&quot;769&quot;        data-sigil=&quot;thumb&quot;&gt;
        &lt;i&gt;&lt;/i&gt;&lt;img   width=&quot;117&quot; height=&quot;150&quot; alt=&quot;+The Cycle of L-eye-f+ by larienne&quot; src=&quot;https://images-wixmp-ed30a86b8c4ca887773594c2.wixmp.com/intermediary/f/70834e96-067e-42b9-8c26-8fe104d3fbaa/d9stz02-6da36be9-9c9f-4836-995e-ed7f3fe1b3c7.png/v1/fit/w_150,h_150,q_70,strp/_the_cycle_of_l_eye_f__by_larienne_d9stz02-150.jpg&quot; data-src=&quot;https://images-wixmp-ed30a86b8c4ca887773594c2.wixmp.com/intermediary/f/70834e96-067e-42b9-8c26-8fe104d3fbaa/d9stz02-6da36be9-9c9f-4836-995e-ed7f3fe1b3c7.png/v1/fit/w_150,h_150,q_70,strp/_the_cycle_of_l_eye_f__by_larienne_d9stz02-150.jpg&quot; srcset=&quot;https://images-wixmp-ed30a86b8c4ca887773594c2.wixmp.com/intermediary/f/70834e96-067e-42b9-8c26-8fe104d3fbaa/d9stz02-6da36be9-9c9f-4836-995e-ed7f3fe1b3c7.png/v1/fit/w_150,h_150,q_70,strp/_the_cycle_of_l_eye_f__by_larienne_d9stz02-150.jpg 117w,https://images-wixmp-ed30a86b8c4ca887773594c2.wixmp.com/intermediary/f/70834e96-067e-42b9-8c26-8fe104d3fbaa/d9stz02-6da36be9-9c9f-4836-995e-ed7f3fe1b3c7.png/v1/fill/w_195,h_250,q_70,strp/_the_cycle_of_l_eye_f__by_larienne_d9stz02-250t.jpg 195w,https://images-wixmp-ed30a86b8c4ca887773594c2.wixmp.com/intermediary/f/70834e96-067e-42b9-8c26-8fe104d3fbaa/d9stz02-6da36be9-9c9f-4836-995e-ed7f3fe1b3c7.png/v1/fill/w_273,h_350,q_70,strp/_the_cycle_of_l_eye_f__by_larienne_d9stz02-350t.jpg 273w,https://images-wixmp-ed30a86b8c4ca887773594c2.wixmp.com/intermediary/f/70834e96-067e-42b9-8c26-8fe104d3fbaa/d9stz02-6da36be9-9c9f-4836-995e-ed7f3fe1b3c7.png/v1/fill/w_312,h_400,q_70,strp/_the_cycle_of_l_eye_f__by_larienne_d9stz02-400t.jpg 312w,https://images-wixmp-ed30a86b8c4ca887773594c2.wixmp.com/intermediary/f/70834e96-067e-42b9-8c26-8fe104d3fbaa/d9stz02-6da36be9-9c9f-4836-995e-ed7f3fe1b3c7.png/v1/fill/w_600,h_769,q_80,strp/_the_cycle_of_l_eye_f__by_larienne_d9stz02-fullview.jpg 600w&quot; sizes=&quot;117px&quot;&gt;&lt;/a&gt;&lt;/span&gt;&lt;!-- ^TTT --&gt;&lt;!-- TTT$ --&gt;&lt;/span&gt;&lt;span class=&quot;shadow-holder&quot; data-embed-type=&quot;deviation&quot; data-embed-id=&quot;658550087&quot; data-embed-format=&quot;thumb&quot;&gt;&lt;span class=&quot;shadow mild&quot; &gt;&lt;a class=&quot;thumb&quot; href=&quot;https://www.deviantart.com/larienne/art/Our-Place-658550087&quot; title=&quot;+Our Place+ by larienne, Jan 20, 2017 in Digital Art &amp;gt; Drawings &amp;amp; Paintings &amp;gt; Other&quot;data-super-img=&quot;https://images-wixmp-ed30a86b8c4ca887773594c2.wixmp.com/intermediary/f/70834e96-067e-42b9-8c26-8fe104d3fbaa/daw30hz-b2217b93-07f2-4a41-a9ff-e4df398c9e32.png/v1/fill/w_900,h_648,strp/_our_place__by_larienne_daw30hz-fullview.png&quot; data-super-width=&quot;900&quot; data-super-height=&quot;648&quot; data-super-transparent=&quot;true&quot; data-super-alt=&quot;+Our Place+ by larienne&quot; data-super-full-img=&quot;https://images-wixmp-ed30a86b8c4ca887773594c2.wixmp.com/intermediary/f/70834e96-067e-42b9-8c26-8fe104d3fbaa/daw30hz-b2217b93-07f2-4a41-a9ff-e4df398c9e32.png/v1/fill/w_900,h_648,strp/_our_place__by_larienne_daw30hz-fullview.png&quot; data-super-full-width=&quot;900&quot; data-super-full-height=&quot;648&quot;        data-sigil=&quot;thumb&quot;&gt;
        &lt;i&gt;&lt;/i&gt;&lt;img   width=&quot;150&quot; height=&quot;108&quot; alt=&quot;+Our Place+ by larienne&quot; src=&quot;https://images-wixmp-ed30a86b8c4ca887773594c2.wixmp.com/intermediary/f/70834e96-067e-42b9-8c26-8fe104d3fbaa/daw30hz-b2217b93-07f2-4a41-a9ff-e4df398c9e32.png/v1/fit/w_150,h_150,strp/_our_place__by_larienne_daw30hz-150.png&quot; data-src=&quot;https://images-wixmp-ed30a86b8c4ca887773594c2.wixmp.com/intermediary/f/70834e96-067e-42b9-8c26-8fe104d3fbaa/daw30hz-b2217b93-07f2-4a41-a9ff-e4df398c9e32.png/v1/fit/w_150,h_150,strp/_our_place__by_larienne_daw30hz-150.png&quot; srcset=&quot;https://images-wixmp-ed30a86b8c4ca887773594c2.wixmp.com/intermediary/f/70834e96-067e-42b9-8c26-8fe104d3fbaa/daw30hz-b2217b93-07f2-4a41-a9ff-e4df398c9e32.png/v1/fit/w_150,h_150,strp/_our_place__by_larienne_daw30hz-150.png 150w,https://images-wixmp-ed30a86b8c4ca887773594c2.wixmp.com/intermediary/f/70834e96-067e-42b9-8c26-8fe104d3fbaa/daw30hz-b2217b93-07f2-4a41-a9ff-e4df398c9e32.png/v1/fill/w_347,h_250,strp/_our_place__by_larienne_daw30hz-250t.png 347w,https://images-wixmp-ed30a86b8c4ca887773594c2.wixmp.com/intermediary/f/70834e96-067e-42b9-8c26-8fe104d3fbaa/daw30hz-b2217b93-07f2-4a41-a9ff-e4df398c9e32.png/v1/fill/w_486,h_350,strp/_our_place__by_larienne_daw30hz-350t.png 486w,https://images-wixmp-ed30a86b8c4ca887773594c2.wixmp.com/intermediary/f/70834e96-067e-42b9-8c26-8fe104d3fbaa/daw30hz-b2217b93-07f2-4a41-a9ff-e4df398c9e32.png/v1/fill/w_556,h_400,strp/_our_place__by_larienne_daw30hz-400t.png 556w,https://images-wixmp-ed30a86b8c4ca887773594c2.wixmp.com/intermediary/f/70834e96-067e-42b9-8c26-8fe104d3fbaa/daw30hz-b2217b93-07f2-4a41-a9ff-e4df398c9e32.png/v1/fill/w_900,h_648,strp/_our_place__by_larienne_daw30hz-fullview.png 900w&quot; sizes=&quot;150px&quot;&gt;&lt;/a&gt;&lt;/span&gt;&lt;!-- ^TTT --&gt;&lt;!-- TTT$ --&gt;&lt;/span&gt;&lt;span class=&quot;shadow-holder&quot; data-embed-type=&quot;deviation&quot; data-embed-id=&quot;767159868&quot; data-embed-format=&quot;thumb&quot;&gt;&lt;span class=&quot;shadow mild&quot; &gt;&lt;a class=&quot;thumb&quot; href=&quot;https://www.deviantart.com/larienne/art/Witch-s-Date-767159868&quot; title=&quot;Witch&amp;#039;s Date by larienne, Oct 6, 2018 in Manga &amp;amp; Anime &amp;gt; Digital Media &amp;gt; Drawings&quot;data-super-img=&quot;https://images-wixmp-ed30a86b8c4ca887773594c2.wixmp.com/intermediary/f/70834e96-067e-42b9-8c26-8fe104d3fbaa/dcoqwcc-d452eeeb-0dbd-4c66-9edf-1bd84a2ca507.jpg/v1/fill/w_800,h_999,q_70,strp/witch_s_date_by_larienne_dcoqwcc-pre.jpg&quot; data-super-width=&quot;800&quot; data-super-height=&quot;1000&quot; data-super-transparent=&quot;false&quot; data-super-alt=&quot;Witch&amp;#039;s Date by larienne&quot; data-super-full-img=&quot;https://images-wixmp-ed30a86b8c4ca887773594c2.wixmp.com/intermediary/f/70834e96-067e-42b9-8c26-8fe104d3fbaa/dcoqwcc-d452eeeb-0dbd-4c66-9edf-1bd84a2ca507.jpg/v1/fill/w_900,h_1125,q_70,strp/witch_s_date_by_larienne_dcoqwcc-fullview.jpg&quot; data-super-full-width=&quot;900&quot; data-super-full-height=&quot;1125&quot;        data-sigil=&quot;thumb&quot;&gt;
        &lt;i&gt;&lt;/i&gt;&lt;img   width=&quot;120&quot; height=&quot;150&quot; alt=&quot;Witch&amp;#039;s Date by larienne&quot; src=&quot;https://images-wixmp-ed30a86b8c4ca887773594c2.wixmp.com/intermediary/f/70834e96-067e-42b9-8c26-8fe104d3fbaa/dcoqwcc-d452eeeb-0dbd-4c66-9edf-1bd84a2ca507.jpg/v1/fit/w_150,h_150,q_70,strp/witch_s_date_by_larienne_dcoqwcc-150.jpg&quot; data-src=&quot;https://images-wixmp-ed30a86b8c4ca887773594c2.wixmp.com/intermediary/f/70834e96-067e-42b9-8c26-8fe104d3fbaa/dcoqwcc-d452eeeb-0dbd-4c66-9edf-1bd84a2ca507.jpg/v1/fit/w_150,h_150,q_70,strp/witch_s_date_by_larienne_dcoqwcc-150.jpg&quot; srcset=&quot;https://images-wixmp-ed30a86b8c4ca887773594c2.wixmp.com/intermediary/f/70834e96-067e-42b9-8c26-8fe104d3fbaa/dcoqwcc-d452eeeb-0dbd-4c66-9edf-1bd84a2ca507.jpg/v1/fit/w_150,h_150,q_70,strp/witch_s_date_by_larienne_dcoqwcc-150.jpg 120w,https://images-wixmp-ed30a86b8c4ca887773594c2.wixmp.com/intermediary/f/70834e96-067e-42b9-8c26-8fe104d3fbaa/dcoqwcc-d452eeeb-0dbd-4c66-9edf-1bd84a2ca507.jpg/v1/fill/w_200,h_250,q_70,strp/witch_s_date_by_larienne_dcoqwcc-250t.jpg 200w,https://images-wixmp-ed30a86b8c4ca887773594c2.wixmp.com/intermediary/f/70834e96-067e-42b9-8c26-8fe104d3fbaa/dcoqwcc-d452eeeb-0dbd-4c66-9edf-1bd84a2ca507.jpg/v1/fill/w_280,h_350,q_70,strp/witch_s_date_by_larienne_dcoqwcc-350t.jpg 280w,https://images-wixmp-ed30a86b8c4ca887773594c2.wixmp.com/intermediary/f/70834e96-067e-42b9-8c26-8fe104d3fbaa/dcoqwcc-d452eeeb-0dbd-4c66-9edf-1bd84a2ca507.jpg/v1/fill/w_320,h_400,q_70,strp/witch_s_date_by_larienne_dcoqwcc-400t.jpg 320w,https://images-wixmp-ed30a86b8c4ca887773594c2.wixmp.com/intermediary/f/70834e96-067e-42b9-8c26-8fe104d3fbaa/dcoqwcc-d452eeeb-0dbd-4c66-9edf-1bd84a2ca507.jpg/v1/fill/w_800,h_999,q_70,strp/witch_s_date_by_larienne_dcoqwcc-pre.jpg 800w&quot; sizes=&quot;120px&quot;&gt;&lt;/a&gt;&lt;/span&gt;&lt;!-- ^TTT --&gt;&lt;!-- TTT$ --&gt;&lt;/span&gt;&lt;span class=&quot;shadow-holder&quot; data-embed-type=&quot;deviation&quot; data-embed-id=&quot;762728133&quot; data-embed-format=&quot;thumb&quot;&gt;&lt;span class=&quot;shadow mild&quot; &gt;&lt;a class=&quot;thumb&quot; href=&quot;https://www.deviantart.com/larienne/art/Compliments-762728133&quot; title=&quot;Compliments by larienne, Sep 5, 2018 in Fan Art &amp;gt; Manga &amp;amp; Anime &amp;gt; Digital &amp;gt; Other&quot;data-super-img=&quot;https://images-wixmp-ed30a86b8c4ca887773594c2.wixmp.com/intermediary/f/70834e96-067e-42b9-8c26-8fe104d3fbaa/dcm3wsl-fd4b3e00-4704-4ca4-bc40-eb449ccb7e4b.jpg/v1/fill/w_800,h_999,q_70,strp/compliments_by_larienne_dcm3wsl-pre.jpg&quot; data-super-width=&quot;800&quot; data-super-height=&quot;1000&quot; data-super-transparent=&quot;false&quot; data-super-alt=&quot;Compliments by larienne&quot; data-super-full-img=&quot;https://images-wixmp-ed30a86b8c4ca887773594c2.wixmp.com/intermediary/f/70834e96-067e-42b9-8c26-8fe104d3fbaa/dcm3wsl-fd4b3e00-4704-4ca4-bc40-eb449ccb7e4b.jpg/v1/fill/w_1024,h_1280,q_70,strp/compliments_by_larienne_dcm3wsl-fullview.jpg&quot; data-super-full-width=&quot;1024&quot; data-super-full-height=&quot;1280&quot;        data-sigil=&quot;thumb&quot;&gt;
        &lt;i&gt;&lt;/i&gt;&lt;img   width=&quot;120&quot; height=&quot;150&quot; alt=&quot;Compliments by larienne&quot; src=&quot;https://images-wixmp-ed30a86b8c4ca887773594c2.wixmp.com/intermediary/f/70834e96-067e-42b9-8c26-8fe104d3fbaa/dcm3wsl-fd4b3e00-4704-4ca4-bc40-eb449ccb7e4b.jpg/v1/fit/w_150,h_150,q_70,strp/compliments_by_larienne_dcm3wsl-150.jpg&quot; data-src=&quot;https://images-wixmp-ed30a86b8c4ca887773594c2.wixmp.com/intermediary/f/70834e96-067e-42b9-8c26-8fe104d3fbaa/dcm3wsl-fd4b3e00-4704-4ca4-bc40-eb449ccb7e4b.jpg/v1/fit/w_150,h_150,q_70,strp/compliments_by_larienne_dcm3wsl-150.jpg&quot; srcset=&quot;https://images-wixmp-ed30a86b8c4ca887773594c2.wixmp.com/intermediary/f/70834e96-067e-42b9-8c26-8fe104d3fbaa/dcm3wsl-fd4b3e00-4704-4ca4-bc40-eb449ccb7e4b.jpg/v1/fit/w_150,h_150,q_70,strp/compliments_by_larienne_dcm3wsl-150.jpg 120w,https://images-wixmp-ed30a86b8c4ca887773594c2.wixmp.com/intermediary/f/70834e96-067e-42b9-8c26-8fe104d3fbaa/dcm3wsl-fd4b3e00-4704-4ca4-bc40-eb449ccb7e4b.jpg/v1/fill/w_200,h_250,q_70,strp/compliments_by_larienne_dcm3wsl-250t.jpg 200w,https://images-wixmp-ed30a86b8c4ca887773594c2.wixmp.com/intermediary/f/70834e96-067e-42b9-8c26-8fe104d3fbaa/dcm3wsl-fd4b3e00-4704-4ca4-bc40-eb449ccb7e4b.jpg/v1/fill/w_280,h_350,q_70,strp/compliments_by_larienne_dcm3wsl-350t.jpg 280w,https://images-wixmp-ed30a86b8c4ca887773594c2.wixmp.com/intermediary/f/70834e96-067e-42b9-8c26-8fe104d3fbaa/dcm3wsl-fd4b3e00-4704-4ca4-bc40-eb449ccb7e4b.jpg/v1/fill/w_320,h_400,q_70,strp/compliments_by_larienne_dcm3wsl-400t.jpg 320w,https://images-wixmp-ed30a86b8c4ca887773594c2.wixmp.com/intermediary/f/70834e96-067e-42b9-8c26-8fe104d3fbaa/dcm3wsl-fd4b3e00-4704-4ca4-bc40-eb449ccb7e4b.jpg/v1/fill/w_800,h_999,q_70,strp/compliments_by_larienne_dcm3wsl-pre.jpg 800w&quot; sizes=&quot;120px&quot;&gt;&lt;/a&gt;&lt;/span&gt;&lt;!-- ^TTT --&gt;&lt;!-- TTT$ --&gt;&lt;/span&gt;&lt;span class=&quot;shadow-holder&quot; data-embed-type=&quot;deviation&quot; data-embed-id=&quot;769786885&quot; data-embed-format=&quot;thumb&quot;&gt;&lt;span class=&quot;shadow mild&quot; &gt;&lt;a class=&quot;thumb&quot; href=&quot;https://www.deviantart.com/larienne/art/DwD-5-Artist-769786885&quot; title=&quot;DwD - 5 Artist by larienne, Oct 25, 2018 in Fan Art &amp;gt; Digital Art &amp;gt; Drawings &amp;gt; Movies &amp;amp; TV&quot;data-super-img=&quot;https://images-wixmp-ed30a86b8c4ca887773594c2.wixmp.com/intermediary/f/70834e96-067e-42b9-8c26-8fe104d3fbaa/dcqb7d1-e2288a14-e7dd-421a-ad9c-f5bd191ac475.jpg/v1/fill/w_799,h_1000,q_70,strp/dwd___5_artist_by_larienne_dcqb7d1-pre.jpg&quot; data-super-width=&quot;799&quot; data-super-height=&quot;1000&quot; data-super-transparent=&quot;false&quot; data-super-alt=&quot;DwD - 5 Artist by larienne&quot; data-super-full-img=&quot;https://images-wixmp-ed30a86b8c4ca887773594c2.wixmp.com/intermediary/f/70834e96-067e-42b9-8c26-8fe104d3fbaa/dcqb7d1-e2288a14-e7dd-421a-ad9c-f5bd191ac475.jpg/v1/fill/w_900,h_1126,q_70,strp/dwd___5_artist_by_larienne_dcqb7d1-fullview.jpg&quot; data-super-full-width=&quot;900&quot; data-super-full-height=&quot;1126&quot;        data-sigil=&quot;thumb&quot;&gt;
        &lt;i&gt;&lt;/i&gt;&lt;img   width=&quot;120&quot; height=&quot;150&quot; alt=&quot;DwD - 5 Artist by larienne&quot; src=&quot;https://images-wixmp-ed30a86b8c4ca887773594c2.wixmp.com/intermediary/f/70834e96-067e-42b9-8c26-8fe104d3fbaa/dcqb7d1-e2288a14-e7dd-421a-ad9c-f5bd191ac475.jpg/v1/fit/w_150,h_150,q_70,strp/dwd___5_artist_by_larienne_dcqb7d1-150.jpg&quot; data-src=&quot;https://images-wixmp-ed30a86b8c4ca887773594c2.wixmp.com/intermediary/f/70834e96-067e-42b9-8c26-8fe104d3fbaa/dcqb7d1-e2288a14-e7dd-421a-ad9c-f5bd191ac475.jpg/v1/fit/w_150,h_150,q_70,strp/dwd___5_artist_by_larienne_dcqb7d1-150.jpg&quot; srcset=&quot;https://images-wixmp-ed30a86b8c4ca887773594c2.wixmp.com/intermediary/f/70834e96-067e-42b9-8c26-8fe104d3fbaa/dcqb7d1-e2288a14-e7dd-421a-ad9c-f5bd191ac475.jpg/v1/fit/w_150,h_150,q_70,strp/dwd___5_artist_by_larienne_dcqb7d1-150.jpg 120w,https://images-wixmp-ed30a86b8c4ca887773594c2.wixmp.com/intermediary/f/70834e96-067e-42b9-8c26-8fe104d3fbaa/dcqb7d1-e2288a14-e7dd-421a-ad9c-f5bd191ac475.jpg/v1/fill/w_200,h_250,q_70,strp/dwd___5_artist_by_larienne_dcqb7d1-250t.jpg 200w,https://images-wixmp-ed30a86b8c4ca887773594c2.wixmp.com/intermediary/f/70834e96-067e-42b9-8c26-8fe104d3fbaa/dcqb7d1-e2288a14-e7dd-421a-ad9c-f5bd191ac475.jpg/v1/fill/w_280,h_350,q_70,strp/dwd___5_artist_by_larienne_dcqb7d1-350t.jpg 280w,https://images-wixmp-ed30a86b8c4ca887773594c2.wixmp.com/intermediary/f/70834e96-067e-42b9-8c26-8fe104d3fbaa/dcqb7d1-e2288a14-e7dd-421a-ad9c-f5bd191ac475.jpg/v1/fill/w_320,h_400,q_70,strp/dwd___5_artist_by_larienne_dcqb7d1-400t.jpg 320w,https://images-wixmp-ed30a86b8c4ca887773594c2.wixmp.com/intermediary/f/70834e96-067e-42b9-8c26-8fe104d3fbaa/dcqb7d1-e2288a14-e7dd-421a-ad9c-f5bd191ac475.jpg/v1/fill/w_799,h_1000,q_70,strp/dwd___5_artist_by_larienne_dcqb7d1-pre.jpg 799w&quot; sizes=&quot;120px&quot;&gt;&lt;/a&gt;&lt;/span&gt;&lt;!-- ^TTT --&gt;&lt;!-- TTT$ --&gt;&lt;/span&gt;&lt;span class=&quot;shadow-holder&quot; data-embed-type=&quot;deviation&quot; data-embed-id=&quot;650262136&quot; data-embed-format=&quot;thumb&quot;&gt;&lt;span class=&quot;shadow mild&quot; &gt;&lt;a class=&quot;thumb&quot; href=&quot;https://www.deviantart.com/larienne/art/Luna-and-Noctis-Stand-by-Me-650262136&quot; title=&quot;+Luna and Noctis - Stand by Me+ by larienne, Dec 9, 2016 in Fan Art &amp;gt; Digital Art &amp;gt; Drawings &amp;gt; Movies &amp;amp; TV&quot;data-super-img=&quot;https://images-wixmp-ed30a86b8c4ca887773594c2.wixmp.com/intermediary/f/70834e96-067e-42b9-8c26-8fe104d3fbaa/dar5dh4-17f03c74-ea6f-49f4-b097-6dcbe76c84ae.png/v1/fill/w_900,h_592,q_80,strp/_luna_and_noctis___stand_by_me__by_larienne_dar5dh4-fullview.jpg&quot; data-super-width=&quot;900&quot; data-super-height=&quot;592&quot; data-super-transparent=&quot;false&quot; data-super-alt=&quot;+Luna and Noctis - Stand by Me+ by larienne&quot; data-super-full-img=&quot;https://images-wixmp-ed30a86b8c4ca887773594c2.wixmp.com/intermediary/f/70834e96-067e-42b9-8c26-8fe104d3fbaa/dar5dh4-17f03c74-ea6f-49f4-b097-6dcbe76c84ae.png/v1/fill/w_900,h_592,q_80,strp/_luna_and_noctis___stand_by_me__by_larienne_dar5dh4-fullview.jpg&quot; data-super-full-width=&quot;900&quot; data-super-full-height=&quot;592&quot;        data-sigil=&quot;thumb&quot;&gt;
        &lt;i&gt;&lt;/i&gt;&lt;img   width=&quot;150&quot; height=&quot;99&quot; alt=&quot;+Luna and Noctis - Stand by Me+ by larienne&quot; src=&quot;https://images-wixmp-ed30a86b8c4ca887773594c2.wixmp.com/intermediary/f/70834e96-067e-42b9-8c26-8fe104d3fbaa/dar5dh4-17f03c74-ea6f-49f4-b097-6dcbe76c84ae.png/v1/fit/w_150,h_150,q_70,strp/_luna_and_noctis___stand_by_me__by_larienne_dar5dh4-150.jpg&quot; data-src=&quot;https://images-wixmp-ed30a86b8c4ca887773594c2.wixmp.com/intermediary/f/70834e96-067e-42b9-8c26-8fe104d3fbaa/dar5dh4-17f03c74-ea6f-49f4-b097-6dcbe76c84ae.png/v1/fit/w_150,h_150,q_70,strp/_luna_and_noctis___stand_by_me__by_larienne_dar5dh4-150.jpg&quot; srcset=&quot;https://images-wixmp-ed30a86b8c4ca887773594c2.wixmp.com/intermediary/f/70834e96-067e-42b9-8c26-8fe104d3fbaa/dar5dh4-17f03c74-ea6f-49f4-b097-6dcbe76c84ae.png/v1/fit/w_150,h_150,q_70,strp/_luna_and_noctis___stand_by_me__by_larienne_dar5dh4-150.jpg 150w,https://images-wixmp-ed30a86b8c4ca887773594c2.wixmp.com/intermediary/f/70834e96-067e-42b9-8c26-8fe104d3fbaa/dar5dh4-17f03c74-ea6f-49f4-b097-6dcbe76c84ae.png/v1/fill/w_381,h_250,q_70,strp/_luna_and_noctis___stand_by_me__by_larienne_dar5dh4-250t.jpg 380w,https://images-wixmp-ed30a86b8c4ca887773594c2.wixmp.com/intermediary/f/70834e96-067e-42b9-8c26-8fe104d3fbaa/dar5dh4-17f03c74-ea6f-49f4-b097-6dcbe76c84ae.png/v1/fill/w_533,h_350,q_70,strp/_luna_and_noctis___stand_by_me__by_larienne_dar5dh4-350t.jpg 532w,https://images-wixmp-ed30a86b8c4ca887773594c2.wixmp.com/intermediary/f/70834e96-067e-42b9-8c26-8fe104d3fbaa/dar5dh4-17f03c74-ea6f-49f4-b097-6dcbe76c84ae.png/v1/fill/w_609,h_400,q_70,strp/_luna_and_noctis___stand_by_me__by_larienne_dar5dh4-400t.jpg 608w,https://images-wixmp-ed30a86b8c4ca887773594c2.wixmp.com/intermediary/f/70834e96-067e-42b9-8c26-8fe104d3fbaa/dar5dh4-17f03c74-ea6f-49f4-b097-6dcbe76c84ae.png/v1/fill/w_900,h_592,q_80,strp/_luna_and_noctis___stand_by_me__by_larienne_dar5dh4-fullview.jpg 900w&quot; sizes=&quot;150px&quot;&gt;&lt;/a&gt;&lt;/span&gt;&lt;!-- ^TTT --&gt;&lt;!-- TTT$ --&gt;&lt;/span&gt;</media:description>            <media:thumbnail url="https://t00.deviantart.net/DSg_11jx4WRuEDIkEjpVCfseiGY=/fit-in/150x150/filters:no_upscale():origin()/pre00/1ae2/th/pre/f/2019/027/d/5/eye_tales___cheek_kiss_by_larienne-dcy74l0.jpg" height="150" width="120"/>            <media:thumbnail url="https://t00.deviantart.net/0aQZFOmsUoqp0GhJY5BN3Iu4MT4=/fit-in/300x900/filters:no_upscale():origin()/pre00/1ae2/th/pre/f/2019/027/d/5/eye_tales___cheek_kiss_by_larienne-dcy74l0.jpg" height="375" width="300"/>            <media:thumbnail url="https://t00.deviantart.net/d6ufUT35rzXg04hdzx7jy22kbmc=/300x200/filters:fixed_height(100,100):origin()/pre00/1ae2/th/pre/f/2019/027/d/5/eye_tales___cheek_kiss_by_larienne-dcy74l0.jpg" height="200" width="160"/>            <media:content url="https://orig00.deviantart.net/10af/f/2019/027/d/5/eye_tales___cheek_kiss_by_larienne-dcy74l0.jpg" height="1000" width="799" medium="image"/>            
            <description>Eye Tales about cheek kiss &lt;img src=&quot;https://e.deviantart.net/emoticons/s/smile.gif&quot; width=&quot;15&quot; height=&quot;15&quot; alt=&quot;:)&quot; data-embed-type=&quot;emoticon&quot; data-embed-id=&quot;391&quot; title=&quot;:) (Smile)&quot;/&gt;&lt;br /&gt;&lt;br /&gt;&lt;br /&gt;&lt;br /&gt;&lt;span&gt;This is a part of my experiment called &quot;Eye Tales&quot; in which I try to convey messages or stories via simple drawings of eye expressions (and lately expanded it a bit by adding figures sometimes).&amp;nbsp;&lt;/span&gt;&lt;br /&gt;&lt;span&gt;Thank you for browsing&amp;nbsp;&lt;/span&gt;&lt;img src=&quot;https://e.deviantart.net/emoticons/s/smile.gif&quot; alt=&quot;:) (Smile)&quot; style=&quot;width: 15px; height: 15px;&quot; data-embed-type=&quot;emoticon&quot; data-embed-id=&quot;391&quot;&gt;&lt;br /&gt;&lt;br /&gt;&lt;span&gt;Join me on IG and Twitter&lt;/span&gt;&lt;span&gt;&lt;br /&gt;&lt;/span&gt;&lt;i&gt;&lt;img src=&quot;https://e.deviantart.net/emoticons/s/star_full.gif&quot; alt=&quot;Star!&quot; style=&quot;width: 17px; height: 16px;&quot; data-embed-type=&quot;emoticon&quot; data-embed-id=&quot;450&quot;&gt;&amp;nbsp;instagram&amp;nbsp;&lt;a href=&quot;https://www.deviantart.com/users/outgoing?https://instagram.com/nimfiechan/&quot;&gt;&lt;/a&gt;&lt;a class=&quot;external&quot; href=&quot;https://www.deviantart.com/users/outgoing?https://instagram.com/lariennechan/&quot;&gt;instagram.com/lariennechan/&lt;/a&gt;&lt;/i&gt;&lt;br /&gt;&lt;i&gt;&lt;img src=&quot;https://e.deviantart.net/emoticons/s/star_full.gif&quot; alt=&quot;Star!&quot; style=&quot;width: 17px; height: 16px;&quot; data-embed-type=&quot;emoticon&quot; data-embed-id=&quot;450&quot;&gt;&amp;nbsp;&lt;/i&gt;&lt;span&gt;Twitter : lariennechan&lt;/span&gt;&lt;br /&gt;&lt;span class=&quot;shadow-holder&quot; data-embed-type=&quot;deviation&quot; data-embed-id=&quot;592623218&quot; data-embed-format=&quot;thumb&quot;&gt;&lt;span class=&quot;shadow mild&quot; &gt;&lt;a class=&quot;thumb&quot; href=&quot;https://www.deviantart.com/larienne/art/The-Cycle-of-L-eye-f-592623218&quot; title=&quot;+The Cycle of L-eye-f+ by larienne, Feb 23, 2016 in Traditional Art &amp;gt; Drawings &amp;gt; Surreal&quot;data-super-img=&quot;https://images-wixmp-ed30a86b8c4ca887773594c2.wixmp.com/intermediary/f/70834e96-067e-42b9-8c26-8fe104d3fbaa/d9stz02-6da36be9-9c9f-4836-995e-ed7f3fe1b3c7.png/v1/fill/w_600,h_769,q_80,strp/_the_cycle_of_l_eye_f__by_larienne_d9stz02-fullview.jpg&quot; data-super-width=&quot;600&quot; data-super-height=&quot;769&quot; data-super-transparent=&quot;false&quot; data-super-alt=&quot;+The Cycle of L-eye-f+ by larienne&quot; data-super-full-img=&quot;https://images-wixmp-ed30a86b8c4ca887773594c2.wixmp.com/intermediary/f/70834e96-067e-42b9-8c26-8fe104d3fbaa/d9stz02-6da36be9-9c9f-4836-995e-ed7f3fe1b3c7.png/v1/fill/w_600,h_769,q_80,strp/_the_cycle_of_l_eye_f__by_larienne_d9stz02-fullview.jpg&quot; data-super-full-width=&quot;600&quot; data-super-full-height=&quot;769&quot;        data-sigil=&quot;thumb&quot;&gt;
        &lt;i&gt;&lt;/i&gt;&lt;img   width=&quot;117&quot; height=&quot;150&quot; alt=&quot;+The Cycle of L-eye-f+ by larienne&quot; src=&quot;https://images-wixmp-ed30a86b8c4ca887773594c2.wixmp.com/intermediary/f/70834e96-067e-42b9-8c26-8fe104d3fbaa/d9stz02-6da36be9-9c9f-4836-995e-ed7f3fe1b3c7.png/v1/fit/w_150,h_150,q_70,strp/_the_cycle_of_l_eye_f__by_larienne_d9stz02-150.jpg&quot; data-src=&quot;https://images-wixmp-ed30a86b8c4ca887773594c2.wixmp.com/intermediary/f/70834e96-067e-42b9-8c26-8fe104d3fbaa/d9stz02-6da36be9-9c9f-4836-995e-ed7f3fe1b3c7.png/v1/fit/w_150,h_150,q_70,strp/_the_cycle_of_l_eye_f__by_larienne_d9stz02-150.jpg&quot; srcset=&quot;https://images-wixmp-ed30a86b8c4ca887773594c2.wixmp.com/intermediary/f/70834e96-067e-42b9-8c26-8fe104d3fbaa/d9stz02-6da36be9-9c9f-4836-995e-ed7f3fe1b3c7.png/v1/fit/w_150,h_150,q_70,strp/_the_cycle_of_l_eye_f__by_larienne_d9stz02-150.jpg 117w,https://images-wixmp-ed30a86b8c4ca887773594c2.wixmp.com/intermediary/f/70834e96-067e-42b9-8c26-8fe104d3fbaa/d9stz02-6da36be9-9c9f-4836-995e-ed7f3fe1b3c7.png/v1/fill/w_195,h_250,q_70,strp/_the_cycle_of_l_eye_f__by_larienne_d9stz02-250t.jpg 195w,https://images-wixmp-ed30a86b8c4ca887773594c2.wixmp.com/intermediary/f/70834e96-067e-42b9-8c26-8fe104d3fbaa/d9stz02-6da36be9-9c9f-4836-995e-ed7f3fe1b3c7.png/v1/fill/w_273,h_350,q_70,strp/_the_cycle_of_l_eye_f__by_larienne_d9stz02-350t.jpg 273w,https://images-wixmp-ed30a86b8c4ca887773594c2.wixmp.com/intermediary/f/70834e96-067e-42b9-8c26-8fe104d3fbaa/d9stz02-6da36be9-9c9f-4836-995e-ed7f3fe1b3c7.png/v1/fill/w_312,h_400,q_70,strp/_the_cycle_of_l_eye_f__by_larienne_d9stz02-400t.jpg 312w,https://images-wixmp-ed30a86b8c4ca887773594c2.wixmp.com/intermediary/f/70834e96-067e-42b9-8c26-8fe104d3fbaa/d9stz02-6da36be9-9c9f-4836-995e-ed7f3fe1b3c7.png/v1/fill/w_600,h_769,q_80,strp/_the_cycle_of_l_eye_f__by_larienne_d9stz02-fullview.jpg 600w&quot; sizes=&quot;117px&quot;&gt;&lt;/a&gt;&lt;/span&gt;&lt;!-- ^TTT --&gt;&lt;!-- TTT$ --&gt;&lt;/span&gt;&lt;span class=&quot;shadow-holder&quot; data-embed-type=&quot;deviation&quot; data-embed-id=&quot;658550087&quot; data-embed-format=&quot;thumb&quot;&gt;&lt;span class=&quot;shadow mild&quot; &gt;&lt;a class=&quot;thumb&quot; href=&quot;https://www.deviantart.com/larienne/art/Our-Place-658550087&quot; title=&quot;+Our Place+ by larienne, Jan 20, 2017 in Digital Art &amp;gt; Drawings &amp;amp; Paintings &amp;gt; Other&quot;data-super-img=&quot;https://images-wixmp-ed30a86b8c4ca887773594c2.wixmp.com/intermediary/f/70834e96-067e-42b9-8c26-8fe104d3fbaa/daw30hz-b2217b93-07f2-4a41-a9ff-e4df398c9e32.png/v1/fill/w_900,h_648,strp/_our_place__by_larienne_daw30hz-fullview.png&quot; data-super-width=&quot;900&quot; data-super-height=&quot;648&quot; data-super-transparent=&quot;true&quot; data-super-alt=&quot;+Our Place+ by larienne&quot; data-super-full-img=&quot;https://images-wixmp-ed30a86b8c4ca887773594c2.wixmp.com/intermediary/f/70834e96-067e-42b9-8c26-8fe104d3fbaa/daw30hz-b2217b93-07f2-4a41-a9ff-e4df398c9e32.png/v1/fill/w_900,h_648,strp/_our_place__by_larienne_daw30hz-fullview.png&quot; data-super-full-width=&quot;900&quot; data-super-full-height=&quot;648&quot;        data-sigil=&quot;thumb&quot;&gt;
        &lt;i&gt;&lt;/i&gt;&lt;img   width=&quot;150&quot; height=&quot;108&quot; alt=&quot;+Our Place+ by larienne&quot; src=&quot;https://images-wixmp-ed30a86b8c4ca887773594c2.wixmp.com/intermediary/f/70834e96-067e-42b9-8c26-8fe104d3fbaa/daw30hz-b2217b93-07f2-4a41-a9ff-e4df398c9e32.png/v1/fit/w_150,h_150,strp/_our_place__by_larienne_daw30hz-150.png&quot; data-src=&quot;https://images-wixmp-ed30a86b8c4ca887773594c2.wixmp.com/intermediary/f/70834e96-067e-42b9-8c26-8fe104d3fbaa/daw30hz-b2217b93-07f2-4a41-a9ff-e4df398c9e32.png/v1/fit/w_150,h_150,strp/_our_place__by_larienne_daw30hz-150.png&quot; srcset=&quot;https://images-wixmp-ed30a86b8c4ca887773594c2.wixmp.com/intermediary/f/70834e96-067e-42b9-8c26-8fe104d3fbaa/daw30hz-b2217b93-07f2-4a41-a9ff-e4df398c9e32.png/v1/fit/w_150,h_150,strp/_our_place__by_larienne_daw30hz-150.png 150w,https://images-wixmp-ed30a86b8c4ca887773594c2.wixmp.com/intermediary/f/70834e96-067e-42b9-8c26-8fe104d3fbaa/daw30hz-b2217b93-07f2-4a41-a9ff-e4df398c9e32.png/v1/fill/w_347,h_250,strp/_our_place__by_larienne_daw30hz-250t.png 347w,https://images-wixmp-ed30a86b8c4ca887773594c2.wixmp.com/intermediary/f/70834e96-067e-42b9-8c26-8fe104d3fbaa/daw30hz-b2217b93-07f2-4a41-a9ff-e4df398c9e32.png/v1/fill/w_486,h_350,strp/_our_place__by_larienne_daw30hz-350t.png 486w,https://images-wixmp-ed30a86b8c4ca887773594c2.wixmp.com/intermediary/f/70834e96-067e-42b9-8c26-8fe104d3fbaa/daw30hz-b2217b93-07f2-4a41-a9ff-e4df398c9e32.png/v1/fill/w_556,h_400,strp/_our_place__by_larienne_daw30hz-400t.png 556w,https://images-wixmp-ed30a86b8c4ca887773594c2.wixmp.com/intermediary/f/70834e96-067e-42b9-8c26-8fe104d3fbaa/daw30hz-b2217b93-07f2-4a41-a9ff-e4df398c9e32.png/v1/fill/w_900,h_648,strp/_our_place__by_larienne_daw30hz-fullview.png 900w&quot; sizes=&quot;150px&quot;&gt;&lt;/a&gt;&lt;/span&gt;&lt;!-- ^TTT --&gt;&lt;!-- TTT$ --&gt;&lt;/span&gt;&lt;span class=&quot;shadow-holder&quot; data-embed-type=&quot;deviation&quot; data-embed-id=&quot;767159868&quot; data-embed-format=&quot;thumb&quot;&gt;&lt;span class=&quot;shadow mild&quot; &gt;&lt;a class=&quot;thumb&quot; href=&quot;https://www.deviantart.com/larienne/art/Witch-s-Date-767159868&quot; title=&quot;Witch&amp;#039;s Date by larienne, Oct 6, 2018 in Manga &amp;amp; Anime &amp;gt; Digital Media &amp;gt; Drawings&quot;data-super-img=&quot;https://images-wixmp-ed30a86b8c4ca887773594c2.wixmp.com/intermediary/f/70834e96-067e-42b9-8c26-8fe104d3fbaa/dcoqwcc-d452eeeb-0dbd-4c66-9edf-1bd84a2ca507.jpg/v1/fill/w_800,h_999,q_70,strp/witch_s_date_by_larienne_dcoqwcc-pre.jpg&quot; data-super-width=&quot;800&quot; data-super-height=&quot;1000&quot; data-super-transparent=&quot;false&quot; data-super-alt=&quot;Witch&amp;#039;s Date by larienne&quot; data-super-full-img=&quot;https://images-wixmp-ed30a86b8c4ca887773594c2.wixmp.com/intermediary/f/70834e96-067e-42b9-8c26-8fe104d3fbaa/dcoqwcc-d452eeeb-0dbd-4c66-9edf-1bd84a2ca507.jpg/v1/fill/w_900,h_1125,q_70,strp/witch_s_date_by_larienne_dcoqwcc-fullview.jpg&quot; data-super-full-width=&quot;900&quot; data-super-full-height=&quot;1125&quot;        data-sigil=&quot;thumb&quot;&gt;
        &lt;i&gt;&lt;/i&gt;&lt;img   width=&quot;120&quot; height=&quot;150&quot; alt=&quot;Witch&amp;#039;s Date by larienne&quot; src=&quot;https://images-wixmp-ed30a86b8c4ca887773594c2.wixmp.com/intermediary/f/70834e96-067e-42b9-8c26-8fe104d3fbaa/dcoqwcc-d452eeeb-0dbd-4c66-9edf-1bd84a2ca507.jpg/v1/fit/w_150,h_150,q_70,strp/witch_s_date_by_larienne_dcoqwcc-150.jpg&quot; data-src=&quot;https://images-wixmp-ed30a86b8c4ca887773594c2.wixmp.com/intermediary/f/70834e96-067e-42b9-8c26-8fe104d3fbaa/dcoqwcc-d452eeeb-0dbd-4c66-9edf-1bd84a2ca507.jpg/v1/fit/w_150,h_150,q_70,strp/witch_s_date_by_larienne_dcoqwcc-150.jpg&quot; srcset=&quot;https://images-wixmp-ed30a86b8c4ca887773594c2.wixmp.com/intermediary/f/70834e96-067e-42b9-8c26-8fe104d3fbaa/dcoqwcc-d452eeeb-0dbd-4c66-9edf-1bd84a2ca507.jpg/v1/fit/w_150,h_150,q_70,strp/witch_s_date_by_larienne_dcoqwcc-150.jpg 120w,https://images-wixmp-ed30a86b8c4ca887773594c2.wixmp.com/intermediary/f/70834e96-067e-42b9-8c26-8fe104d3fbaa/dcoqwcc-d452eeeb-0dbd-4c66-9edf-1bd84a2ca507.jpg/v1/fill/w_200,h_250,q_70,strp/witch_s_date_by_larienne_dcoqwcc-250t.jpg 200w,https://images-wixmp-ed30a86b8c4ca887773594c2.wixmp.com/intermediary/f/70834e96-067e-42b9-8c26-8fe104d3fbaa/dcoqwcc-d452eeeb-0dbd-4c66-9edf-1bd84a2ca507.jpg/v1/fill/w_280,h_350,q_70,strp/witch_s_date_by_larienne_dcoqwcc-350t.jpg 280w,https://images-wixmp-ed30a86b8c4ca887773594c2.wixmp.com/intermediary/f/70834e96-067e-42b9-8c26-8fe104d3fbaa/dcoqwcc-d452eeeb-0dbd-4c66-9edf-1bd84a2ca507.jpg/v1/fill/w_320,h_400,q_70,strp/witch_s_date_by_larienne_dcoqwcc-400t.jpg 320w,https://images-wixmp-ed30a86b8c4ca887773594c2.wixmp.com/intermediary/f/70834e96-067e-42b9-8c26-8fe104d3fbaa/dcoqwcc-d452eeeb-0dbd-4c66-9edf-1bd84a2ca507.jpg/v1/fill/w_800,h_999,q_70,strp/witch_s_date_by_larienne_dcoqwcc-pre.jpg 800w&quot; sizes=&quot;120px&quot;&gt;&lt;/a&gt;&lt;/span&gt;&lt;!-- ^TTT --&gt;&lt;!-- TTT$ --&gt;&lt;/span&gt;&lt;span class=&quot;shadow-holder&quot; data-embed-type=&quot;deviation&quot; data-embed-id=&quot;762728133&quot; data-embed-format=&quot;thumb&quot;&gt;&lt;span class=&quot;shadow mild&quot; &gt;&lt;a class=&quot;thumb&quot; href=&quot;https://www.deviantart.com/larienne/art/Compliments-762728133&quot; title=&quot;Compliments by larienne, Sep 5, 2018 in Fan Art &amp;gt; Manga &amp;amp; Anime &amp;gt; Digital &amp;gt; Other&quot;data-super-img=&quot;https://images-wixmp-ed30a86b8c4ca887773594c2.wixmp.com/intermediary/f/70834e96-067e-42b9-8c26-8fe104d3fbaa/dcm3wsl-fd4b3e00-4704-4ca4-bc40-eb449ccb7e4b.jpg/v1/fill/w_800,h_999,q_70,strp/compliments_by_larienne_dcm3wsl-pre.jpg&quot; data-super-width=&quot;800&quot; data-super-height=&quot;1000&quot; data-super-transparent=&quot;false&quot; data-super-alt=&quot;Compliments by larienne&quot; data-super-full-img=&quot;https://images-wixmp-ed30a86b8c4ca887773594c2.wixmp.com/intermediary/f/70834e96-067e-42b9-8c26-8fe104d3fbaa/dcm3wsl-fd4b3e00-4704-4ca4-bc40-eb449ccb7e4b.jpg/v1/fill/w_1024,h_1280,q_70,strp/compliments_by_larienne_dcm3wsl-fullview.jpg&quot; data-super-full-width=&quot;1024&quot; data-super-full-height=&quot;1280&quot;        data-sigil=&quot;thumb&quot;&gt;
        &lt;i&gt;&lt;/i&gt;&lt;img   width=&quot;120&quot; height=&quot;150&quot; alt=&quot;Compliments by larienne&quot; src=&quot;https://images-wixmp-ed30a86b8c4ca887773594c2.wixmp.com/intermediary/f/70834e96-067e-42b9-8c26-8fe104d3fbaa/dcm3wsl-fd4b3e00-4704-4ca4-bc40-eb449ccb7e4b.jpg/v1/fit/w_150,h_150,q_70,strp/compliments_by_larienne_dcm3wsl-150.jpg&quot; data-src=&quot;https://images-wixmp-ed30a86b8c4ca887773594c2.wixmp.com/intermediary/f/70834e96-067e-42b9-8c26-8fe104d3fbaa/dcm3wsl-fd4b3e00-4704-4ca4-bc40-eb449ccb7e4b.jpg/v1/fit/w_150,h_150,q_70,strp/compliments_by_larienne_dcm3wsl-150.jpg&quot; srcset=&quot;https://images-wixmp-ed30a86b8c4ca887773594c2.wixmp.com/intermediary/f/70834e96-067e-42b9-8c26-8fe104d3fbaa/dcm3wsl-fd4b3e00-4704-4ca4-bc40-eb449ccb7e4b.jpg/v1/fit/w_150,h_150,q_70,strp/compliments_by_larienne_dcm3wsl-150.jpg 120w,https://images-wixmp-ed30a86b8c4ca887773594c2.wixmp.com/intermediary/f/70834e96-067e-42b9-8c26-8fe104d3fbaa/dcm3wsl-fd4b3e00-4704-4ca4-bc40-eb449ccb7e4b.jpg/v1/fill/w_200,h_250,q_70,strp/compliments_by_larienne_dcm3wsl-250t.jpg 200w,https://images-wixmp-ed30a86b8c4ca887773594c2.wixmp.com/intermediary/f/70834e96-067e-42b9-8c26-8fe104d3fbaa/dcm3wsl-fd4b3e00-4704-4ca4-bc40-eb449ccb7e4b.jpg/v1/fill/w_280,h_350,q_70,strp/compliments_by_larienne_dcm3wsl-350t.jpg 280w,https://images-wixmp-ed30a86b8c4ca887773594c2.wixmp.com/intermediary/f/70834e96-067e-42b9-8c26-8fe104d3fbaa/dcm3wsl-fd4b3e00-4704-4ca4-bc40-eb449ccb7e4b.jpg/v1/fill/w_320,h_400,q_70,strp/compliments_by_larienne_dcm3wsl-400t.jpg 320w,https://images-wixmp-ed30a86b8c4ca887773594c2.wixmp.com/intermediary/f/70834e96-067e-42b9-8c26-8fe104d3fbaa/dcm3wsl-fd4b3e00-4704-4ca4-bc40-eb449ccb7e4b.jpg/v1/fill/w_800,h_999,q_70,strp/compliments_by_larienne_dcm3wsl-pre.jpg 800w&quot; sizes=&quot;120px&quot;&gt;&lt;/a&gt;&lt;/span&gt;&lt;!-- ^TTT --&gt;&lt;!-- TTT$ --&gt;&lt;/span&gt;&lt;span class=&quot;shadow-holder&quot; data-embed-type=&quot;deviation&quot; data-embed-id=&quot;769786885&quot; data-embed-format=&quot;thumb&quot;&gt;&lt;span class=&quot;shadow mild&quot; &gt;&lt;a class=&quot;thumb&quot; href=&quot;https://www.deviantart.com/larienne/art/DwD-5-Artist-769786885&quot; title=&quot;DwD - 5 Artist by larienne, Oct 25, 2018 in Fan Art &amp;gt; Digital Art &amp;gt; Drawings &amp;gt; Movies &amp;amp; TV&quot;data-super-img=&quot;https://images-wixmp-ed30a86b8c4ca887773594c2.wixmp.com/intermediary/f/70834e96-067e-42b9-8c26-8fe104d3fbaa/dcqb7d1-e2288a14-e7dd-421a-ad9c-f5bd191ac475.jpg/v1/fill/w_799,h_1000,q_70,strp/dwd___5_artist_by_larienne_dcqb7d1-pre.jpg&quot; data-super-width=&quot;799&quot; data-super-height=&quot;1000&quot; data-super-transparent=&quot;false&quot; data-super-alt=&quot;DwD - 5 Artist by larienne&quot; data-super-full-img=&quot;https://images-wixmp-ed30a86b8c4ca887773594c2.wixmp.com/intermediary/f/70834e96-067e-42b9-8c26-8fe104d3fbaa/dcqb7d1-e2288a14-e7dd-421a-ad9c-f5bd191ac475.jpg/v1/fill/w_900,h_1126,q_70,strp/dwd___5_artist_by_larienne_dcqb7d1-fullview.jpg&quot; data-super-full-width=&quot;900&quot; data-super-full-height=&quot;1126&quot;        data-sigil=&quot;thumb&quot;&gt;
        &lt;i&gt;&lt;/i&gt;&lt;img   width=&quot;120&quot; height=&quot;150&quot; alt=&quot;DwD - 5 Artist by larienne&quot; src=&quot;https://images-wixmp-ed30a86b8c4ca887773594c2.wixmp.com/intermediary/f/70834e96-067e-42b9-8c26-8fe104d3fbaa/dcqb7d1-e2288a14-e7dd-421a-ad9c-f5bd191ac475.jpg/v1/fit/w_150,h_150,q_70,strp/dwd___5_artist_by_larienne_dcqb7d1-150.jpg&quot; data-src=&quot;https://images-wixmp-ed30a86b8c4ca887773594c2.wixmp.com/intermediary/f/70834e96-067e-42b9-8c26-8fe104d3fbaa/dcqb7d1-e2288a14-e7dd-421a-ad9c-f5bd191ac475.jpg/v1/fit/w_150,h_150,q_70,strp/dwd___5_artist_by_larienne_dcqb7d1-150.jpg&quot; srcset=&quot;https://images-wixmp-ed30a86b8c4ca887773594c2.wixmp.com/intermediary/f/70834e96-067e-42b9-8c26-8fe104d3fbaa/dcqb7d1-e2288a14-e7dd-421a-ad9c-f5bd191ac475.jpg/v1/fit/w_150,h_150,q_70,strp/dwd___5_artist_by_larienne_dcqb7d1-150.jpg 120w,https://images-wixmp-ed30a86b8c4ca887773594c2.wixmp.com/intermediary/f/70834e96-067e-42b9-8c26-8fe104d3fbaa/dcqb7d1-e2288a14-e7dd-421a-ad9c-f5bd191ac475.jpg/v1/fill/w_200,h_250,q_70,strp/dwd___5_artist_by_larienne_dcqb7d1-250t.jpg 200w,https://images-wixmp-ed30a86b8c4ca887773594c2.wixmp.com/intermediary/f/70834e96-067e-42b9-8c26-8fe104d3fbaa/dcqb7d1-e2288a14-e7dd-421a-ad9c-f5bd191ac475.jpg/v1/fill/w_280,h_350,q_70,strp/dwd___5_artist_by_larienne_dcqb7d1-350t.jpg 280w,https://images-wixmp-ed30a86b8c4ca887773594c2.wixmp.com/intermediary/f/70834e96-067e-42b9-8c26-8fe104d3fbaa/dcqb7d1-e2288a14-e7dd-421a-ad9c-f5bd191ac475.jpg/v1/fill/w_320,h_400,q_70,strp/dwd___5_artist_by_larienne_dcqb7d1-400t.jpg 320w,https://images-wixmp-ed30a86b8c4ca887773594c2.wixmp.com/intermediary/f/70834e96-067e-42b9-8c26-8fe104d3fbaa/dcqb7d1-e2288a14-e7dd-421a-ad9c-f5bd191ac475.jpg/v1/fill/w_799,h_1000,q_70,strp/dwd___5_artist_by_larienne_dcqb7d1-pre.jpg 799w&quot; sizes=&quot;120px&quot;&gt;&lt;/a&gt;&lt;/span&gt;&lt;!-- ^TTT --&gt;&lt;!-- TTT$ --&gt;&lt;/span&gt;&lt;span class=&quot;shadow-holder&quot; data-embed-type=&quot;deviation&quot; data-embed-id=&quot;650262136&quot; data-embed-format=&quot;thumb&quot;&gt;&lt;span class=&quot;shadow mild&quot; &gt;&lt;a class=&quot;thumb&quot; href=&quot;https://www.deviantart.com/larienne/art/Luna-and-Noctis-Stand-by-Me-650262136&quot; title=&quot;+Luna and Noctis - Stand by Me+ by larienne, Dec 9, 2016 in Fan Art &amp;gt; Digital Art &amp;gt; Drawings &amp;gt; Movies &amp;amp; TV&quot;data-super-img=&quot;https://images-wixmp-ed30a86b8c4ca887773594c2.wixmp.com/intermediary/f/70834e96-067e-42b9-8c26-8fe104d3fbaa/dar5dh4-17f03c74-ea6f-49f4-b097-6dcbe76c84ae.png/v1/fill/w_900,h_592,q_80,strp/_luna_and_noctis___stand_by_me__by_larienne_dar5dh4-fullview.jpg&quot; data-super-width=&quot;900&quot; data-super-height=&quot;592&quot; data-super-transparent=&quot;false&quot; data-super-alt=&quot;+Luna and Noctis - Stand by Me+ by larienne&quot; data-super-full-img=&quot;https://images-wixmp-ed30a86b8c4ca887773594c2.wixmp.com/intermediary/f/70834e96-067e-42b9-8c26-8fe104d3fbaa/dar5dh4-17f03c74-ea6f-49f4-b097-6dcbe76c84ae.png/v1/fill/w_900,h_592,q_80,strp/_luna_and_noctis___stand_by_me__by_larienne_dar5dh4-fullview.jpg&quot; data-super-full-width=&quot;900&quot; data-super-full-height=&quot;592&quot;        data-sigil=&quot;thumb&quot;&gt;
        &lt;i&gt;&lt;/i&gt;&lt;img   width=&quot;150&quot; height=&quot;99&quot; alt=&quot;+Luna and Noctis - Stand by Me+ by larienne&quot; src=&quot;https://images-wixmp-ed30a86b8c4ca887773594c2.wixmp.com/intermediary/f/70834e96-067e-42b9-8c26-8fe104d3fbaa/dar5dh4-17f03c74-ea6f-49f4-b097-6dcbe76c84ae.png/v1/fit/w_150,h_150,q_70,strp/_luna_and_noctis___stand_by_me__by_larienne_dar5dh4-150.jpg&quot; data-src=&quot;https://images-wixmp-ed30a86b8c4ca887773594c2.wixmp.com/intermediary/f/70834e96-067e-42b9-8c26-8fe104d3fbaa/dar5dh4-17f03c74-ea6f-49f4-b097-6dcbe76c84ae.png/v1/fit/w_150,h_150,q_70,strp/_luna_and_noctis___stand_by_me__by_larienne_dar5dh4-150.jpg&quot; srcset=&quot;https://images-wixmp-ed30a86b8c4ca887773594c2.wixmp.com/intermediary/f/70834e96-067e-42b9-8c26-8fe104d3fbaa/dar5dh4-17f03c74-ea6f-49f4-b097-6dcbe76c84ae.png/v1/fit/w_150,h_150,q_70,strp/_luna_and_noctis___stand_by_me__by_larienne_dar5dh4-150.jpg 150w,https://images-wixmp-ed30a86b8c4ca887773594c2.wixmp.com/intermediary/f/70834e96-067e-42b9-8c26-8fe104d3fbaa/dar5dh4-17f03c74-ea6f-49f4-b097-6dcbe76c84ae.png/v1/fill/w_381,h_250,q_70,strp/_luna_and_noctis___stand_by_me__by_larienne_dar5dh4-250t.jpg 380w,https://images-wixmp-ed30a86b8c4ca887773594c2.wixmp.com/intermediary/f/70834e96-067e-42b9-8c26-8fe104d3fbaa/dar5dh4-17f03c74-ea6f-49f4-b097-6dcbe76c84ae.png/v1/fill/w_533,h_350,q_70,strp/_luna_and_noctis___stand_by_me__by_larienne_dar5dh4-350t.jpg 532w,https://images-wixmp-ed30a86b8c4ca887773594c2.wixmp.com/intermediary/f/70834e96-067e-42b9-8c26-8fe104d3fbaa/dar5dh4-17f03c74-ea6f-49f4-b097-6dcbe76c84ae.png/v1/fill/w_609,h_400,q_70,strp/_luna_and_noctis___stand_by_me__by_larienne_dar5dh4-400t.jpg 608w,https://images-wixmp-ed30a86b8c4ca887773594c2.wixmp.com/intermediary/f/70834e96-067e-42b9-8c26-8fe104d3fbaa/dar5dh4-17f03c74-ea6f-49f4-b097-6dcbe76c84ae.png/v1/fill/w_900,h_592,q_80,strp/_luna_and_noctis___stand_by_me__by_larienne_dar5dh4-fullview.jpg 900w&quot; sizes=&quot;150px&quot;&gt;&lt;/a&gt;&lt;/span&gt;&lt;!-- ^TTT --&gt;&lt;!-- TTT$ --&gt;&lt;/span&gt;&lt;br /&gt;&lt;div&gt;&lt;img src=&quot;https://t00.deviantart.net/d6ufUT35rzXg04hdzx7jy22kbmc=/300x200/filters:fixed_height(100,100):origin()/pre00/1ae2/th/pre/f/2019/027/d/5/eye_tales___cheek_kiss_by_larienne-dcy74l0.jpg&quot; alt=&quot;thumbnail&quot; /&gt;&lt;/div&gt;</description>            </item>
                    <item>
                <title>Here&#039;s your bag back</title>
                <link>https://damaimikaz.deviantart.com/art/Here-s-your-bag-back-782970303</link>
                <guid isPermaLink="true">https://damaimikaz.deviantart.com/art/Here-s-your-bag-back-782970303</guid>
                <pubDate>Sun, 27 Jan 2019 05:52:13 PST</pubDate>
                        <media:title type="plain">Here&#039;s your bag back</media:title>
        <media:keywords></media:keywords>
                        <media:rating>nonadult</media:rating>
                <media:category label="Storybook">digitalart/paintings/illustrations/storybook</media:category>
        <media:credit role="author" scheme="urn:ebu">DamaiMikaz</media:credit>
        <media:credit role="author" scheme="urn:ebu">https://a.deviantart.net/avatars/d/a/damaimikaz.png?14</media:credit>
        <media:copyright url="https://damaimikaz.deviantart.com">Copyright 2019 DamaiMikaz</media:copyright>
            <media:community>
                <media:tags>@damaimikaz</media:tags>
            </media:community>             <creativeCommons:license>http://creativecommons.org/licenses/by-nc-nd/3.0/</creativeCommons:license>
                <media:description type="html">&lt;blockquote&gt;What did you expect?&quot; Sato asked him, his red eyes glaring down on him, a faint glow still in his irises.&lt;br /&gt;Masaru didn&#039;t know what to expect. He never expected anything, maybe that was his problem. He stopped expecting things ever since his family died and he ended up alone. In his mind he already resigned to his own death by then.&lt;br /&gt;&quot;I... don&#039;t know&quot; he uttered.&lt;br /&gt; &quot;Exraion is no place for an auraless person.&quot; Sato&#039;s eyes glided over the damage he&#039;d done, completely expressionless. He didn&#039;t feel. A monster without emotions, he even admitted to that himself. Yet that little monster had protected Masaru from the scum in the outer city more than once.&lt;br /&gt;&quot;Here&#039;s you bag back&quot; Sato stated as he dropped the thing on the ground. &quot;Make sure it doesn&#039;t get stolen again.&quot;&lt;br /&gt;Masaru nodded, silently. He felt a little nauseous, the taste of blood still in his mouth. And it didn&#039;t get better thinking about the damage that was done. He couldn&#039;t stand blood. He never could, regardless of how bad those people were. A weakness they&#039;d already mocked him for more than once.&lt;br /&gt;&quot;Oh, and do me a favor&quot; Sato continued, as if he hadn&#039;t noticed. &quot;Get out of here. Find yourself a fancy apartment somewhere in the inner city. You&#039;re no good out here.&quot;&lt;/blockquote&gt;&lt;br /&gt;If you like the stuff I do and want to support me, please&amp;nbsp;&lt;a class=&quot;external&quot; href=&quot;https://www.deviantart.com/users/outgoing?https://ko-fi.com/A371J3S&quot;&gt;buy me a coffee&lt;/a&gt;&amp;nbsp;&amp;nbsp;&lt;a href=&quot;https://www.deviantart.com/linux-rules/art/Ko-fi-2017-Icon-mini-689028800&quot; class=&quot;emoticon&quot; data-embed-type=&quot;emoticon&quot; data-embed-id=&quot;689028800&quot; data-embed-profile=&quot;deviation&quot;&gt;&lt;img src=&quot;https://images-wixmp-ed30a86b8c4ca887773594c2.wixmp.com/intermediary/f/25e46574-05d5-4425-916d-e5292bb066ac/dbe8a0w-f79727fc-3974-48f5-a5be-51f249f43378.png&quot; alt=&quot;Ko-fi (2017) Icon mini&quot; style=&quot;width:21px;height:21px&quot;&gt;&lt;/a&gt;&amp;nbsp;&amp;nbsp;&lt;br /&gt;&lt;br /&gt;&lt;br /&gt;Sato and Masaru from my&amp;nbsp;&lt;a href=&quot;https://damaimikaz.deviantart.com/gallery/24477784/Project-Emion&quot;&gt;Emion&lt;/a&gt;&amp;nbsp;project.&amp;nbsp;&lt;br /&gt;More about them here:&lt;br /&gt;&amp;nbsp;&lt;span class=&quot;shadow-holder&quot; data-embed-type=&quot;deviation&quot; data-embed-id=&quot;775043539&quot; data-embed-format=&quot;thumb&quot;&gt;&lt;span class=&quot;shadow mild&quot; &gt;&lt;a class=&quot;thumb&quot; href=&quot;https://www.deviantart.com/damaimikaz/art/Encounter-775043539&quot; title=&quot;Encounter by DamaiMikaz, Dec 2, 2018 in Digital Art &amp;gt; Drawings &amp;amp; Paintings &amp;gt; Macabre &amp;amp; Horror&quot;data-super-img=&quot;https://images-wixmp-ed30a86b8c4ca887773594c2.wixmp.com/intermediary/f/060c5b2a-d29c-4413-a193-8ea0726072c5/dctfvf7-e06cc9b9-d133-4d21-a78a-3a7b2100ee31.png/v1/fill/w_820,h_974,strp/encounter_by_damaimikaz_dctfvf7-pre.png&quot; data-super-width=&quot;820&quot; data-super-height=&quot;974&quot; data-super-transparent=&quot;true&quot; data-super-alt=&quot;Encounter by DamaiMikaz&quot; data-super-full-img=&quot;https://images-wixmp-ed30a86b8c4ca887773594c2.wixmp.com/intermediary/f/060c5b2a-d29c-4413-a193-8ea0726072c5/dctfvf7-e06cc9b9-d133-4d21-a78a-3a7b2100ee31.png&quot; data-super-full-width=&quot;1100&quot; data-super-full-height=&quot;1307&quot;        data-sigil=&quot;thumb&quot;&gt;
        &lt;i&gt;&lt;/i&gt;&lt;img   width=&quot;126&quot; height=&quot;150&quot; alt=&quot;Encounter by DamaiMikaz&quot; src=&quot;https://images-wixmp-ed30a86b8c4ca887773594c2.wixmp.com/intermediary/f/060c5b2a-d29c-4413-a193-8ea0726072c5/dctfvf7-e06cc9b9-d133-4d21-a78a-3a7b2100ee31.png/v1/fit/w_150,h_150,strp/encounter_by_damaimikaz_dctfvf7-150.png&quot; data-src=&quot;https://images-wixmp-ed30a86b8c4ca887773594c2.wixmp.com/intermediary/f/060c5b2a-d29c-4413-a193-8ea0726072c5/dctfvf7-e06cc9b9-d133-4d21-a78a-3a7b2100ee31.png/v1/fit/w_150,h_150,strp/encounter_by_damaimikaz_dctfvf7-150.png&quot; srcset=&quot;https://images-wixmp-ed30a86b8c4ca887773594c2.wixmp.com/intermediary/f/060c5b2a-d29c-4413-a193-8ea0726072c5/dctfvf7-e06cc9b9-d133-4d21-a78a-3a7b2100ee31.png/v1/fit/w_150,h_150,strp/encounter_by_damaimikaz_dctfvf7-150.png 126w,https://images-wixmp-ed30a86b8c4ca887773594c2.wixmp.com/intermediary/f/060c5b2a-d29c-4413-a193-8ea0726072c5/dctfvf7-e06cc9b9-d133-4d21-a78a-3a7b2100ee31.png/v1/fill/w_210,h_250,strp/encounter_by_damaimikaz_dctfvf7-250t.png 210w,https://images-wixmp-ed30a86b8c4ca887773594c2.wixmp.com/intermediary/f/060c5b2a-d29c-4413-a193-8ea0726072c5/dctfvf7-e06cc9b9-d133-4d21-a78a-3a7b2100ee31.png/v1/crop/w_295,h_350,x_0,y_0,scl_0.26818181818182,strp/encounter_by_damaimikaz_dctfvf7-350t.png 295w,https://images-wixmp-ed30a86b8c4ca887773594c2.wixmp.com/intermediary/f/060c5b2a-d29c-4413-a193-8ea0726072c5/dctfvf7-e06cc9b9-d133-4d21-a78a-3a7b2100ee31.png/v1/fill/w_337,h_400,strp/encounter_by_damaimikaz_dctfvf7-400t.png 337w,https://images-wixmp-ed30a86b8c4ca887773594c2.wixmp.com/intermediary/f/060c5b2a-d29c-4413-a193-8ea0726072c5/dctfvf7-e06cc9b9-d133-4d21-a78a-3a7b2100ee31.png/v1/fill/w_820,h_974,strp/encounter_by_damaimikaz_dctfvf7-pre.png 820w&quot; sizes=&quot;126px&quot;&gt;&lt;/a&gt;&lt;/span&gt;&lt;!-- ^TTT --&gt;&lt;!-- TTT$ --&gt;&lt;/span&gt;&amp;nbsp;&lt;span class=&quot;shadow-holder&quot; data-embed-type=&quot;deviation&quot; data-embed-id=&quot;757029061&quot; data-embed-format=&quot;thumb&quot;&gt;&lt;span class=&quot;shadow mild&quot; &gt;&lt;a class=&quot;thumb&quot; href=&quot;https://www.deviantart.com/damaimikaz/art/Business-meeting-757029061&quot; title=&quot;Business meeting by DamaiMikaz, Jul 30, 2018 in Digital Art &amp;gt; Drawings &amp;amp; Paintings &amp;gt; Illustrations &amp;gt; Storybook&quot;data-super-img=&quot;https://images-wixmp-ed30a86b8c4ca887773594c2.wixmp.com/intermediary/f/060c5b2a-d29c-4413-a193-8ea0726072c5/dciprd1-ce6d1f69-6499-482b-a436-ec45e800e1f7.png/v1/fill/w_1024,h_565,strp/business_meeting_by_damaimikaz_dciprd1-fullview.png&quot; data-super-width=&quot;1024&quot; data-super-height=&quot;565&quot; data-super-transparent=&quot;true&quot; data-super-alt=&quot;Business meeting by DamaiMikaz&quot; data-super-full-img=&quot;https://images-wixmp-ed30a86b8c4ca887773594c2.wixmp.com/intermediary/f/060c5b2a-d29c-4413-a193-8ea0726072c5/dciprd1-ce6d1f69-6499-482b-a436-ec45e800e1f7.png/v1/fill/w_1024,h_565,strp/business_meeting_by_damaimikaz_dciprd1-fullview.png&quot; data-super-full-width=&quot;1024&quot; data-super-full-height=&quot;565&quot;        data-sigil=&quot;thumb&quot;&gt;
        &lt;i&gt;&lt;/i&gt;&lt;img   width=&quot;150&quot; height=&quot;83&quot; alt=&quot;Business meeting by DamaiMikaz&quot; src=&quot;https://images-wixmp-ed30a86b8c4ca887773594c2.wixmp.com/intermediary/f/060c5b2a-d29c-4413-a193-8ea0726072c5/dciprd1-ce6d1f69-6499-482b-a436-ec45e800e1f7.png/v1/fit/w_150,h_150,strp/business_meeting_by_damaimikaz_dciprd1-150.png&quot; data-src=&quot;https://images-wixmp-ed30a86b8c4ca887773594c2.wixmp.com/intermediary/f/060c5b2a-d29c-4413-a193-8ea0726072c5/dciprd1-ce6d1f69-6499-482b-a436-ec45e800e1f7.png/v1/fit/w_150,h_150,strp/business_meeting_by_damaimikaz_dciprd1-150.png&quot; srcset=&quot;https://images-wixmp-ed30a86b8c4ca887773594c2.wixmp.com/intermediary/f/060c5b2a-d29c-4413-a193-8ea0726072c5/dciprd1-ce6d1f69-6499-482b-a436-ec45e800e1f7.png/v1/fit/w_150,h_150,strp/business_meeting_by_damaimikaz_dciprd1-150.png 150w,https://images-wixmp-ed30a86b8c4ca887773594c2.wixmp.com/intermediary/f/060c5b2a-d29c-4413-a193-8ea0726072c5/dciprd1-ce6d1f69-6499-482b-a436-ec45e800e1f7.png/v1/fill/w_453,h_250,strp/business_meeting_by_damaimikaz_dciprd1-250t.png 453w,https://images-wixmp-ed30a86b8c4ca887773594c2.wixmp.com/intermediary/f/060c5b2a-d29c-4413-a193-8ea0726072c5/dciprd1-ce6d1f69-6499-482b-a436-ec45e800e1f7.png/v1/fill/w_635,h_350,strp/business_meeting_by_damaimikaz_dciprd1-350t.png 634w,https://images-wixmp-ed30a86b8c4ca887773594c2.wixmp.com/intermediary/f/060c5b2a-d29c-4413-a193-8ea0726072c5/dciprd1-ce6d1f69-6499-482b-a436-ec45e800e1f7.png/v1/fill/w_725,h_400,strp/business_meeting_by_damaimikaz_dciprd1-400t.png 725w,https://images-wixmp-ed30a86b8c4ca887773594c2.wixmp.com/intermediary/f/060c5b2a-d29c-4413-a193-8ea0726072c5/dciprd1-ce6d1f69-6499-482b-a436-ec45e800e1f7.png/v1/fill/w_1024,h_565,strp/business_meeting_by_damaimikaz_dciprd1-fullview.png 1024w&quot; sizes=&quot;150px&quot;&gt;&lt;/a&gt;&lt;/span&gt;&lt;!-- ^TTT --&gt;&lt;!-- TTT$ --&gt;&lt;/span&gt;&lt;br /&gt;&amp;nbsp;&amp;nbsp;&lt;br /&gt;&lt;br /&gt;More from this project:&lt;br /&gt;&lt;span class=&quot;shadow-holder&quot; data-embed-type=&quot;deviation&quot; data-embed-id=&quot;779658682&quot; data-embed-format=&quot;thumb&quot;&gt;&lt;span class=&quot;shadow mild&quot; &gt;&lt;a class=&quot;thumb&quot; href=&quot;https://www.deviantart.com/damaimikaz/art/Moriz-portrait-779658682&quot; title=&quot;Moriz portrait by DamaiMikaz, Jan 4, 2019 in Digital Art &amp;gt; Drawings &amp;amp; Paintings &amp;gt; People &amp;gt; Portraits&quot;data-super-img=&quot;https://images-wixmp-ed30a86b8c4ca887773594c2.wixmp.com/intermediary/f/060c5b2a-d29c-4413-a193-8ea0726072c5/dcw6shm-1bfc0606-9c99-4fc9-ae10-ea11a1fe9fd4.png/v1/fill/w_894,h_894,strp/moriz_portrait_by_damaimikaz_dcw6shm-pre.png&quot; data-super-width=&quot;894&quot; data-super-height=&quot;894&quot; data-super-transparent=&quot;true&quot; data-super-alt=&quot;Moriz portrait by DamaiMikaz&quot; data-super-full-img=&quot;https://images-wixmp-ed30a86b8c4ca887773594c2.wixmp.com/intermediary/f/060c5b2a-d29c-4413-a193-8ea0726072c5/dcw6shm-1bfc0606-9c99-4fc9-ae10-ea11a1fe9fd4.png&quot; data-super-full-width=&quot;1000&quot; data-super-full-height=&quot;1000&quot;        data-sigil=&quot;thumb&quot;&gt;
        &lt;i&gt;&lt;/i&gt;&lt;img   width=&quot;150&quot; height=&quot;150&quot; alt=&quot;Moriz portrait by DamaiMikaz&quot; src=&quot;https://images-wixmp-ed30a86b8c4ca887773594c2.wixmp.com/intermediary/f/060c5b2a-d29c-4413-a193-8ea0726072c5/dcw6shm-1bfc0606-9c99-4fc9-ae10-ea11a1fe9fd4.png/v1/fit/w_150,h_150,strp/moriz_portrait_by_damaimikaz_dcw6shm-150.png&quot; data-src=&quot;https://images-wixmp-ed30a86b8c4ca887773594c2.wixmp.com/intermediary/f/060c5b2a-d29c-4413-a193-8ea0726072c5/dcw6shm-1bfc0606-9c99-4fc9-ae10-ea11a1fe9fd4.png/v1/fit/w_150,h_150,strp/moriz_portrait_by_damaimikaz_dcw6shm-150.png&quot; srcset=&quot;https://images-wixmp-ed30a86b8c4ca887773594c2.wixmp.com/intermediary/f/060c5b2a-d29c-4413-a193-8ea0726072c5/dcw6shm-1bfc0606-9c99-4fc9-ae10-ea11a1fe9fd4.png/v1/fit/w_150,h_150,strp/moriz_portrait_by_damaimikaz_dcw6shm-150.png 150w,https://images-wixmp-ed30a86b8c4ca887773594c2.wixmp.com/intermediary/f/060c5b2a-d29c-4413-a193-8ea0726072c5/dcw6shm-1bfc0606-9c99-4fc9-ae10-ea11a1fe9fd4.png/v1/fill/w_250,h_250,strp/moriz_portrait_by_damaimikaz_dcw6shm-250t.png 250w,https://images-wixmp-ed30a86b8c4ca887773594c2.wixmp.com/intermediary/f/060c5b2a-d29c-4413-a193-8ea0726072c5/dcw6shm-1bfc0606-9c99-4fc9-ae10-ea11a1fe9fd4.png/v1/fill/w_350,h_350,strp/moriz_portrait_by_damaimikaz_dcw6shm-350t.png 350w,https://images-wixmp-ed30a86b8c4ca887773594c2.wixmp.com/intermediary/f/060c5b2a-d29c-4413-a193-8ea0726072c5/dcw6shm-1bfc0606-9c99-4fc9-ae10-ea11a1fe9fd4.png/v1/fill/w_400,h_400,strp/moriz_portrait_by_damaimikaz_dcw6shm-400t.png 400w,https://images-wixmp-ed30a86b8c4ca887773594c2.wixmp.com/intermediary/f/060c5b2a-d29c-4413-a193-8ea0726072c5/dcw6shm-1bfc0606-9c99-4fc9-ae10-ea11a1fe9fd4.png/v1/fill/w_894,h_894,strp/moriz_portrait_by_damaimikaz_dcw6shm-pre.png 894w&quot; sizes=&quot;150px&quot;&gt;&lt;/a&gt;&lt;/span&gt;&lt;!-- ^TTT --&gt;&lt;!-- TTT$ --&gt;&lt;/span&gt;&amp;nbsp;&lt;span class=&quot;shadow-holder&quot; data-embed-type=&quot;deviation&quot; data-embed-id=&quot;745531279&quot; data-embed-format=&quot;thumb&quot;&gt;&lt;span class=&quot;shadow mild&quot; &gt;&lt;a class=&quot;thumb&quot; href=&quot;https://www.deviantart.com/damaimikaz/art/Ground-Zero-did-this-to-us-745531279&quot; title=&quot;Ground Zero did this to us by DamaiMikaz, May 18, 2018 in Digital Art &amp;gt; Drawings &amp;amp; Paintings &amp;gt; Landscapes &amp;amp; Scenery&quot;data-super-img=&quot;https://images-wixmp-ed30a86b8c4ca887773594c2.wixmp.com/intermediary/f/060c5b2a-d29c-4413-a193-8ea0726072c5/dcbvbm7-c9a8cf0e-ac80-473e-a2b4-6c19bd263974.png/v1/fill/w_1025,h_780,strp/ground_zero_did_this_to_us_by_damaimikaz_dcbvbm7-pre.png&quot; data-super-width=&quot;1025&quot; data-super-height=&quot;780&quot; data-super-transparent=&quot;true&quot; data-super-alt=&quot;Ground Zero did this to us by DamaiMikaz&quot; data-super-full-img=&quot;https://images-wixmp-ed30a86b8c4ca887773594c2.wixmp.com/intermediary/f/060c5b2a-d29c-4413-a193-8ea0726072c5/dcbvbm7-c9a8cf0e-ac80-473e-a2b4-6c19bd263974.png&quot; data-super-full-width=&quot;1500&quot; data-super-full-height=&quot;1141&quot;        data-sigil=&quot;thumb&quot;&gt;
        &lt;i&gt;&lt;/i&gt;&lt;img   width=&quot;150&quot; height=&quot;114&quot; alt=&quot;Ground Zero did this to us by DamaiMikaz&quot; src=&quot;https://images-wixmp-ed30a86b8c4ca887773594c2.wixmp.com/intermediary/f/060c5b2a-d29c-4413-a193-8ea0726072c5/dcbvbm7-c9a8cf0e-ac80-473e-a2b4-6c19bd263974.png/v1/fit/w_150,h_150,strp/ground_zero_did_this_to_us_by_damaimikaz_dcbvbm7-150.png&quot; data-src=&quot;https://images-wixmp-ed30a86b8c4ca887773594c2.wixmp.com/intermediary/f/060c5b2a-d29c-4413-a193-8ea0726072c5/dcbvbm7-c9a8cf0e-ac80-473e-a2b4-6c19bd263974.png/v1/fit/w_150,h_150,strp/ground_zero_did_this_to_us_by_damaimikaz_dcbvbm7-150.png&quot; srcset=&quot;https://images-wixmp-ed30a86b8c4ca887773594c2.wixmp.com/intermediary/f/060c5b2a-d29c-4413-a193-8ea0726072c5/dcbvbm7-c9a8cf0e-ac80-473e-a2b4-6c19bd263974.png/v1/fit/w_150,h_150,strp/ground_zero_did_this_to_us_by_damaimikaz_dcbvbm7-150.png 150w,https://images-wixmp-ed30a86b8c4ca887773594c2.wixmp.com/intermediary/f/060c5b2a-d29c-4413-a193-8ea0726072c5/dcbvbm7-c9a8cf0e-ac80-473e-a2b4-6c19bd263974.png/v1/fill/w_329,h_250,strp/ground_zero_did_this_to_us_by_damaimikaz_dcbvbm7-250t.png 329w,https://images-wixmp-ed30a86b8c4ca887773594c2.wixmp.com/intermediary/f/060c5b2a-d29c-4413-a193-8ea0726072c5/dcbvbm7-c9a8cf0e-ac80-473e-a2b4-6c19bd263974.png/v1/fill/w_460,h_350,strp/ground_zero_did_this_to_us_by_damaimikaz_dcbvbm7-350t.png 460w,https://images-wixmp-ed30a86b8c4ca887773594c2.wixmp.com/intermediary/f/060c5b2a-d29c-4413-a193-8ea0726072c5/dcbvbm7-c9a8cf0e-ac80-473e-a2b4-6c19bd263974.png/v1/fill/w_526,h_400,strp/ground_zero_did_this_to_us_by_damaimikaz_dcbvbm7-400t.png 526w,https://images-wixmp-ed30a86b8c4ca887773594c2.wixmp.com/intermediary/f/060c5b2a-d29c-4413-a193-8ea0726072c5/dcbvbm7-c9a8cf0e-ac80-473e-a2b4-6c19bd263974.png/v1/fill/w_1025,h_780,strp/ground_zero_did_this_to_us_by_damaimikaz_dcbvbm7-pre.png 1025w&quot; sizes=&quot;150px&quot;&gt;&lt;/a&gt;&lt;/span&gt;&lt;!-- ^TTT --&gt;&lt;!-- TTT$ --&gt;&lt;/span&gt;&amp;nbsp;&lt;span class=&quot;shadow-holder&quot; data-embed-type=&quot;deviation&quot; data-embed-id=&quot;743147460&quot; data-embed-format=&quot;thumb&quot;&gt;&lt;span class=&quot;shadow mild&quot; &gt;&lt;a class=&quot;thumb&quot; href=&quot;https://www.deviantart.com/damaimikaz/art/ES01AAIL0014-743147460&quot; title=&quot;ES01AAIL0014 by DamaiMikaz, May 2, 2018 in Digital Art &amp;gt; Drawings &amp;amp; Paintings &amp;gt; Macabre &amp;amp; Horror&quot;data-super-img=&quot;https://images-wixmp-ed30a86b8c4ca887773594c2.wixmp.com/intermediary/f/060c5b2a-d29c-4413-a193-8ea0726072c5/dcag890-e41c8540-cdb1-43de-a299-2d787a945546.png/v1/fill/w_1176,h_679,strp/es01aail0014_by_damaimikaz_dcag890-pre.png&quot; data-super-width=&quot;1176&quot; data-super-height=&quot;679&quot; data-super-transparent=&quot;true&quot; data-super-alt=&quot;ES01AAIL0014 by DamaiMikaz&quot; data-super-full-img=&quot;https://images-wixmp-ed30a86b8c4ca887773594c2.wixmp.com/intermediary/f/060c5b2a-d29c-4413-a193-8ea0726072c5/dcag890-e41c8540-cdb1-43de-a299-2d787a945546.png&quot; data-super-full-width=&quot;1300&quot; data-super-full-height=&quot;751&quot;        data-sigil=&quot;thumb&quot;&gt;
        &lt;i&gt;&lt;/i&gt;&lt;img   width=&quot;150&quot; height=&quot;87&quot; alt=&quot;ES01AAIL0014 by DamaiMikaz&quot; src=&quot;https://images-wixmp-ed30a86b8c4ca887773594c2.wixmp.com/intermediary/f/060c5b2a-d29c-4413-a193-8ea0726072c5/dcag890-e41c8540-cdb1-43de-a299-2d787a945546.png/v1/fit/w_150,h_150,strp/es01aail0014_by_damaimikaz_dcag890-150.png&quot; data-src=&quot;https://images-wixmp-ed30a86b8c4ca887773594c2.wixmp.com/intermediary/f/060c5b2a-d29c-4413-a193-8ea0726072c5/dcag890-e41c8540-cdb1-43de-a299-2d787a945546.png/v1/fit/w_150,h_150,strp/es01aail0014_by_damaimikaz_dcag890-150.png&quot; srcset=&quot;https://images-wixmp-ed30a86b8c4ca887773594c2.wixmp.com/intermediary/f/060c5b2a-d29c-4413-a193-8ea0726072c5/dcag890-e41c8540-cdb1-43de-a299-2d787a945546.png/v1/fit/w_150,h_150,strp/es01aail0014_by_damaimikaz_dcag890-150.png 150w,https://images-wixmp-ed30a86b8c4ca887773594c2.wixmp.com/intermediary/f/060c5b2a-d29c-4413-a193-8ea0726072c5/dcag890-e41c8540-cdb1-43de-a299-2d787a945546.png/v1/fill/w_433,h_250,strp/es01aail0014_by_damaimikaz_dcag890-250t.png 433w,https://images-wixmp-ed30a86b8c4ca887773594c2.wixmp.com/intermediary/f/060c5b2a-d29c-4413-a193-8ea0726072c5/dcag890-e41c8540-cdb1-43de-a299-2d787a945546.png/v1/fill/w_606,h_350,strp/es01aail0014_by_damaimikaz_dcag890-350t.png 606w,https://images-wixmp-ed30a86b8c4ca887773594c2.wixmp.com/intermediary/f/060c5b2a-d29c-4413-a193-8ea0726072c5/dcag890-e41c8540-cdb1-43de-a299-2d787a945546.png/v1/fill/w_692,h_400,strp/es01aail0014_by_damaimikaz_dcag890-400t.png 692w,https://images-wixmp-ed30a86b8c4ca887773594c2.wixmp.com/intermediary/f/060c5b2a-d29c-4413-a193-8ea0726072c5/dcag890-e41c8540-cdb1-43de-a299-2d787a945546.png/v1/fill/w_1176,h_679,strp/es01aail0014_by_damaimikaz_dcag890-pre.png 1176w&quot; sizes=&quot;150px&quot;&gt;&lt;/a&gt;&lt;/span&gt;&lt;!-- ^TTT --&gt;&lt;!-- TTT$ --&gt;&lt;/span&gt;&amp;nbsp;&lt;span class=&quot;shadow-holder&quot; data-embed-type=&quot;deviation&quot; data-embed-id=&quot;737498071&quot; data-embed-format=&quot;thumb&quot;&gt;&lt;span class=&quot;shadow mild&quot; &gt;&lt;a class=&quot;thumb&quot; href=&quot;https://www.deviantart.com/damaimikaz/art/Smile-737498071&quot; title=&quot;Smile by DamaiMikaz, Mar 27, 2018 in Digital Art &amp;gt; Drawings &amp;amp; Paintings &amp;gt; People &amp;gt; Portraits&quot;data-super-img=&quot;https://images-wixmp-ed30a86b8c4ca887773594c2.wixmp.com/intermediary/f/060c5b2a-d29c-4413-a193-8ea0726072c5/dc7355j-6da35290-0142-497e-b0e7-feafd8980803.png/v1/fill/w_829,h_964,strp/smile_by_damaimikaz_dc7355j-pre.png&quot; data-super-width=&quot;829&quot; data-super-height=&quot;964&quot; data-super-transparent=&quot;true&quot; data-super-alt=&quot;Smile by DamaiMikaz&quot; data-super-full-img=&quot;https://images-wixmp-ed30a86b8c4ca887773594c2.wixmp.com/intermediary/f/060c5b2a-d29c-4413-a193-8ea0726072c5/dc7355j-6da35290-0142-497e-b0e7-feafd8980803.png&quot; data-super-full-width=&quot;1000&quot; data-super-full-height=&quot;1162&quot;        data-sigil=&quot;thumb&quot;&gt;
        &lt;i&gt;&lt;/i&gt;&lt;img   width=&quot;129&quot; height=&quot;150&quot; alt=&quot;Smile by DamaiMikaz&quot; src=&quot;https://images-wixmp-ed30a86b8c4ca887773594c2.wixmp.com/intermediary/f/060c5b2a-d29c-4413-a193-8ea0726072c5/dc7355j-6da35290-0142-497e-b0e7-feafd8980803.png/v1/fit/w_150,h_150,strp/smile_by_damaimikaz_dc7355j-150.png&quot; data-src=&quot;https://images-wixmp-ed30a86b8c4ca887773594c2.wixmp.com/intermediary/f/060c5b2a-d29c-4413-a193-8ea0726072c5/dc7355j-6da35290-0142-497e-b0e7-feafd8980803.png/v1/fit/w_150,h_150,strp/smile_by_damaimikaz_dc7355j-150.png&quot; srcset=&quot;https://images-wixmp-ed30a86b8c4ca887773594c2.wixmp.com/intermediary/f/060c5b2a-d29c-4413-a193-8ea0726072c5/dc7355j-6da35290-0142-497e-b0e7-feafd8980803.png/v1/fit/w_150,h_150,strp/smile_by_damaimikaz_dc7355j-150.png 129w,https://images-wixmp-ed30a86b8c4ca887773594c2.wixmp.com/intermediary/f/060c5b2a-d29c-4413-a193-8ea0726072c5/dc7355j-6da35290-0142-497e-b0e7-feafd8980803.png/v1/fill/w_215,h_250,strp/smile_by_damaimikaz_dc7355j-250t.png 215w,https://images-wixmp-ed30a86b8c4ca887773594c2.wixmp.com/intermediary/f/060c5b2a-d29c-4413-a193-8ea0726072c5/dc7355j-6da35290-0142-497e-b0e7-feafd8980803.png/v1/fill/w_301,h_350,strp/smile_by_damaimikaz_dc7355j-350t.png 301w,https://images-wixmp-ed30a86b8c4ca887773594c2.wixmp.com/intermediary/f/060c5b2a-d29c-4413-a193-8ea0726072c5/dc7355j-6da35290-0142-497e-b0e7-feafd8980803.png/v1/fill/w_344,h_400,strp/smile_by_damaimikaz_dc7355j-400t.png 344w,https://images-wixmp-ed30a86b8c4ca887773594c2.wixmp.com/intermediary/f/060c5b2a-d29c-4413-a193-8ea0726072c5/dc7355j-6da35290-0142-497e-b0e7-feafd8980803.png/v1/fill/w_829,h_964,strp/smile_by_damaimikaz_dc7355j-pre.png 829w&quot; sizes=&quot;129px&quot;&gt;&lt;/a&gt;&lt;/span&gt;&lt;!-- ^TTT --&gt;&lt;!-- TTT$ --&gt;&lt;/span&gt;&amp;nbsp;&lt;br /&gt;&lt;br /&gt;&lt;br /&gt;&lt;b&gt;Find me here:&lt;br /&gt;&lt;/b&gt;&lt;a href=&quot;https://www.deviantart.com/bad-blood/art/coffeecup-rvmp-67648682&quot; class=&quot;emoticon&quot; data-embed-type=&quot;emoticon&quot; data-embed-id=&quot;67648682&quot; data-embed-profile=&quot;deviation&quot;&gt;&lt;img src=&quot;https://orig00.deviantart.net/da19/f/2008/006/b/b/_coffeecup__rvmp_by_bad_blood.gif&quot; alt=&quot;:coffeecup: rvmp&quot; style=&quot;width:16px;height:25px&quot;&gt;&lt;/a&gt;&amp;nbsp;&lt;a class=&quot;external&quot; href=&quot;https://www.deviantart.com/users/outgoing?https://ko-fi.com/A371J3S&quot;&gt;Buy me a coffee&lt;/a&gt;&lt;br /&gt;&lt;b&gt;&lt;img src=&quot;https://e.deviantart.net/emoticons/f/facebook.gif&quot; alt=&quot;Facebook&quot; style=&quot;width: 16px; height: 16px;&quot; data-embed-type=&quot;emoticon&quot; data-embed-id=&quot;616&quot;&gt;&amp;nbsp;&lt;a href=&quot;https://www.deviantart.com/users/outgoing?http://www.facebook.com/DamaiMikazArt&quot;&gt;&lt;a class=&quot;external&quot; href=&quot;https://www.deviantart.com/users/outgoing?http://www.facebook.com/DamaiMikazArt&quot;&gt;www.facebook.com/DamaiMikazArt&lt;/a&gt;&lt;/a&gt;&lt;br /&gt;&lt;a href=&quot;https://www.deviantart.com/poserfan/art/Instagram-New-Icon-608963664&quot; class=&quot;emoticon&quot; data-embed-type=&quot;emoticon&quot; data-embed-id=&quot;608963664&quot; data-embed-profile=&quot;deviation&quot;&gt;&lt;img src=&quot;https://images-wixmp-ed30a86b8c4ca887773594c2.wixmp.com/intermediary/f/0a6e9796-d386-4234-97d1-d46c16906e81/da2k7dc-81054cd1-99a8-4653-bd88-048d077f7265.png&quot; alt=&quot;Instagram New Icon&quot; style=&quot;width:16px;height:16px&quot;&gt;&lt;/a&gt;&lt;a href=&quot;https://www.deviantart.com/users/outgoing?https://www.instagram.com/damaimikaz/&quot;&gt;&amp;nbsp;&lt;a class=&quot;external&quot; href=&quot;https://www.deviantart.com/users/outgoing?https://www.instagram.com/damaimikaz/&quot;&gt;www.instagram.com/damaimikaz/&lt;/a&gt;&lt;/a&gt;&lt;br /&gt;&lt;img src=&quot;https://e.deviantart.net/emoticons/t/twitter_2.gif&quot; alt=&quot;Twitter&quot; style=&quot;width: 16px; height: 16px;&quot; data-embed-type=&quot;emoticon&quot; data-embed-id=&quot;614&quot;&gt;&amp;nbsp;&lt;a href=&quot;https://www.deviantart.com/users/outgoing?http://twitter.com/DamaiMikaz&quot;&gt;&lt;a class=&quot;external&quot; href=&quot;https://www.deviantart.com/users/outgoing?http://twitter.com/DamaiMikaz&quot;&gt;twitter.com/DamaiMikaz&lt;/a&gt;&lt;/a&gt;&lt;br /&gt;&lt;a href=&quot;https://www.deviantart.com/vampirehelenaharper/art/YouTube-Icon-530921372&quot; class=&quot;emoticon&quot; data-embed-type=&quot;emoticon&quot; data-embed-id=&quot;530921372&quot; data-embed-profile=&quot;deviation&quot;&gt;&lt;img src=&quot;https://images-wixmp-ed30a86b8c4ca887773594c2.wixmp.com/intermediary/f/80bda55e-e860-4969-8f37-9e9d51e43927/d8s3hjw-b4c05150-baba-4ad3-bea8-b4870929a06d.png&quot; alt=&quot;YouTube Icon&quot; style=&quot;width:16px;height:16px&quot;&gt;&lt;/a&gt;&amp;nbsp;&lt;a href=&quot;https://www.deviantart.com/users/outgoing?http://www.youtube.com/user/DamaiMikaz&quot;&gt;&lt;a class=&quot;external&quot; href=&quot;https://www.deviantart.com/users/outgoing?http://www.youtube.com/user/DamaiMikaz&quot;&gt;www.youtube.com/user/DamaiMika&amp;hellip;&lt;/a&gt;&lt;/a&gt;&lt;br /&gt;&lt;/b&gt;&lt;b&gt;&lt;img src=&quot;https://e.deviantart.net/emoticons/s/star_full.gif&quot; alt=&quot;Star!&quot; style=&quot;width: 17px; height: 16px;&quot; data-embed-type=&quot;emoticon&quot; data-embed-id=&quot;450&quot;&gt;&amp;nbsp;&lt;/b&gt;&lt;a href=&quot;https://damaimikaz.deviantart.com/journal/F-A-Q-378858817&quot;&gt;F.A.Q.&lt;/a&gt;</media:description>            <media:thumbnail url="https://t00.deviantart.net/qy_-JAkLXPHnmbo6SGiF4z3LcbY=/fit-in/150x150/filters:no_upscale():origin()/pre00/1e7d/th/pre/f/2019/027/a/2/here_s_your_bag_back_by_damaimikaz-dcy5rr3.png" height="121" width="150"/>            <media:thumbnail url="https://t00.deviantart.net/5XxS_dRqSd1WXc1EZXj8jxkPW3E=/fit-in/300x900/filters:no_upscale():origin()/pre00/1e7d/th/pre/f/2019/027/a/2/here_s_your_bag_back_by_damaimikaz-dcy5rr3.png" height="241" width="300"/>            <media:thumbnail url="https://t00.deviantart.net/M1byLMv6sC7zFuUlxrxmbtKsB-Y=/300x200/filters:fixed_height(100,100):origin()/pre00/1e7d/th/pre/f/2019/027/a/2/here_s_your_bag_back_by_damaimikaz-dcy5rr3.png" height="200" width="249"/>            <media:content url="https://pre00.deviantart.net/1e7d/th/pre/f/2019/027/a/2/here_s_your_bag_back_by_damaimikaz-dcy5rr3.png" height="801" width="997" medium="image"/>            
            <description>&lt;blockquote&gt;What did you expect?&quot; Sato asked him, his red eyes glaring down on him, a faint glow still in his irises.&lt;br /&gt;Masaru didn&#039;t know what to expect. He never expected anything, maybe that was his problem. He stopped expecting things ever since his family died and he ended up alone. In his mind he already resigned to his own death by then.&lt;br /&gt;&quot;I... don&#039;t know&quot; he uttered.&lt;br /&gt; &quot;Exraion is no place for an auraless person.&quot; Sato&#039;s eyes glided over the damage he&#039;d done, completely expressionless. He didn&#039;t feel. A monster without emotions, he even admitted to that himself. Yet that little monster had protected Masaru from the scum in the outer city more than once.&lt;br /&gt;&quot;Here&#039;s you bag back&quot; Sato stated as he dropped the thing on the ground. &quot;Make sure it doesn&#039;t get stolen again.&quot;&lt;br /&gt;Masaru nodded, silently. He felt a little nauseous, the taste of blood still in his mouth. And it didn&#039;t get better thinking about the damage that was done. He couldn&#039;t stand blood. He never could, regardless of how bad those people were. A weakness they&#039;d already mocked him for more than once.&lt;br /&gt;&quot;Oh, and do me a favor&quot; Sato continued, as if he hadn&#039;t noticed. &quot;Get out of here. Find yourself a fancy apartment somewhere in the inner city. You&#039;re no good out here.&quot;&lt;/blockquote&gt;&lt;br /&gt;If you like the stuff I do and want to support me, please&amp;nbsp;&lt;a class=&quot;external&quot; href=&quot;https://www.deviantart.com/users/outgoing?https://ko-fi.com/A371J3S&quot;&gt;buy me a coffee&lt;/a&gt;&amp;nbsp;&amp;nbsp;&lt;a href=&quot;https://www.deviantart.com/linux-rules/art/Ko-fi-2017-Icon-mini-689028800&quot; class=&quot;emoticon&quot; data-embed-type=&quot;emoticon&quot; data-embed-id=&quot;689028800&quot; data-embed-profile=&quot;deviation&quot;&gt;&lt;img src=&quot;https://images-wixmp-ed30a86b8c4ca887773594c2.wixmp.com/intermediary/f/25e46574-05d5-4425-916d-e5292bb066ac/dbe8a0w-f79727fc-3974-48f5-a5be-51f249f43378.png&quot; alt=&quot;Ko-fi (2017) Icon mini&quot; style=&quot;width:21px;height:21px&quot;&gt;&lt;/a&gt;&amp;nbsp;&amp;nbsp;&lt;br /&gt;&lt;br /&gt;&lt;br /&gt;Sato and Masaru from my&amp;nbsp;&lt;a href=&quot;https://damaimikaz.deviantart.com/gallery/24477784/Project-Emion&quot;&gt;Emion&lt;/a&gt;&amp;nbsp;project.&amp;nbsp;&lt;br /&gt;More about them here:&lt;br /&gt;&amp;nbsp;&lt;span class=&quot;shadow-holder&quot; data-embed-type=&quot;deviation&quot; data-embed-id=&quot;775043539&quot; data-embed-format=&quot;thumb&quot;&gt;&lt;span class=&quot;shadow mild&quot; &gt;&lt;a class=&quot;thumb&quot; href=&quot;https://www.deviantart.com/damaimikaz/art/Encounter-775043539&quot; title=&quot;Encounter by DamaiMikaz, Dec 2, 2018 in Digital Art &amp;gt; Drawings &amp;amp; Paintings &amp;gt; Macabre &amp;amp; Horror&quot;data-super-img=&quot;https://images-wixmp-ed30a86b8c4ca887773594c2.wixmp.com/intermediary/f/060c5b2a-d29c-4413-a193-8ea0726072c5/dctfvf7-e06cc9b9-d133-4d21-a78a-3a7b2100ee31.png/v1/fill/w_820,h_974,strp/encounter_by_damaimikaz_dctfvf7-pre.png&quot; data-super-width=&quot;820&quot; data-super-height=&quot;974&quot; data-super-transparent=&quot;true&quot; data-super-alt=&quot;Encounter by DamaiMikaz&quot; data-super-full-img=&quot;https://images-wixmp-ed30a86b8c4ca887773594c2.wixmp.com/intermediary/f/060c5b2a-d29c-4413-a193-8ea0726072c5/dctfvf7-e06cc9b9-d133-4d21-a78a-3a7b2100ee31.png&quot; data-super-full-width=&quot;1100&quot; data-super-full-height=&quot;1307&quot;        data-sigil=&quot;thumb&quot;&gt;
        &lt;i&gt;&lt;/i&gt;&lt;img   width=&quot;126&quot; height=&quot;150&quot; alt=&quot;Encounter by DamaiMikaz&quot; src=&quot;https://images-wixmp-ed30a86b8c4ca887773594c2.wixmp.com/intermediary/f/060c5b2a-d29c-4413-a193-8ea0726072c5/dctfvf7-e06cc9b9-d133-4d21-a78a-3a7b2100ee31.png/v1/fit/w_150,h_150,strp/encounter_by_damaimikaz_dctfvf7-150.png&quot; data-src=&quot;https://images-wixmp-ed30a86b8c4ca887773594c2.wixmp.com/intermediary/f/060c5b2a-d29c-4413-a193-8ea0726072c5/dctfvf7-e06cc9b9-d133-4d21-a78a-3a7b2100ee31.png/v1/fit/w_150,h_150,strp/encounter_by_damaimikaz_dctfvf7-150.png&quot; srcset=&quot;https://images-wixmp-ed30a86b8c4ca887773594c2.wixmp.com/intermediary/f/060c5b2a-d29c-4413-a193-8ea0726072c5/dctfvf7-e06cc9b9-d133-4d21-a78a-3a7b2100ee31.png/v1/fit/w_150,h_150,strp/encounter_by_damaimikaz_dctfvf7-150.png 126w,https://images-wixmp-ed30a86b8c4ca887773594c2.wixmp.com/intermediary/f/060c5b2a-d29c-4413-a193-8ea0726072c5/dctfvf7-e06cc9b9-d133-4d21-a78a-3a7b2100ee31.png/v1/fill/w_210,h_250,strp/encounter_by_damaimikaz_dctfvf7-250t.png 210w,https://images-wixmp-ed30a86b8c4ca887773594c2.wixmp.com/intermediary/f/060c5b2a-d29c-4413-a193-8ea0726072c5/dctfvf7-e06cc9b9-d133-4d21-a78a-3a7b2100ee31.png/v1/crop/w_295,h_350,x_0,y_0,scl_0.26818181818182,strp/encounter_by_damaimikaz_dctfvf7-350t.png 295w,https://images-wixmp-ed30a86b8c4ca887773594c2.wixmp.com/intermediary/f/060c5b2a-d29c-4413-a193-8ea0726072c5/dctfvf7-e06cc9b9-d133-4d21-a78a-3a7b2100ee31.png/v1/fill/w_337,h_400,strp/encounter_by_damaimikaz_dctfvf7-400t.png 337w,https://images-wixmp-ed30a86b8c4ca887773594c2.wixmp.com/intermediary/f/060c5b2a-d29c-4413-a193-8ea0726072c5/dctfvf7-e06cc9b9-d133-4d21-a78a-3a7b2100ee31.png/v1/fill/w_820,h_974,strp/encounter_by_damaimikaz_dctfvf7-pre.png 820w&quot; sizes=&quot;126px&quot;&gt;&lt;/a&gt;&lt;/span&gt;&lt;!-- ^TTT --&gt;&lt;!-- TTT$ --&gt;&lt;/span&gt;&amp;nbsp;&lt;span class=&quot;shadow-holder&quot; data-embed-type=&quot;deviation&quot; data-embed-id=&quot;757029061&quot; data-embed-format=&quot;thumb&quot;&gt;&lt;span class=&quot;shadow mild&quot; &gt;&lt;a class=&quot;thumb&quot; href=&quot;https://www.deviantart.com/damaimikaz/art/Business-meeting-757029061&quot; title=&quot;Business meeting by DamaiMikaz, Jul 30, 2018 in Digital Art &amp;gt; Drawings &amp;amp; Paintings &amp;gt; Illustrations &amp;gt; Storybook&quot;data-super-img=&quot;https://images-wixmp-ed30a86b8c4ca887773594c2.wixmp.com/intermediary/f/060c5b2a-d29c-4413-a193-8ea0726072c5/dciprd1-ce6d1f69-6499-482b-a436-ec45e800e1f7.png/v1/fill/w_1024,h_565,strp/business_meeting_by_damaimikaz_dciprd1-fullview.png&quot; data-super-width=&quot;1024&quot; data-super-height=&quot;565&quot; data-super-transparent=&quot;true&quot; data-super-alt=&quot;Business meeting by DamaiMikaz&quot; data-super-full-img=&quot;https://images-wixmp-ed30a86b8c4ca887773594c2.wixmp.com/intermediary/f/060c5b2a-d29c-4413-a193-8ea0726072c5/dciprd1-ce6d1f69-6499-482b-a436-ec45e800e1f7.png/v1/fill/w_1024,h_565,strp/business_meeting_by_damaimikaz_dciprd1-fullview.png&quot; data-super-full-width=&quot;1024&quot; data-super-full-height=&quot;565&quot;        data-sigil=&quot;thumb&quot;&gt;
        &lt;i&gt;&lt;/i&gt;&lt;img   width=&quot;150&quot; height=&quot;83&quot; alt=&quot;Business meeting by DamaiMikaz&quot; src=&quot;https://images-wixmp-ed30a86b8c4ca887773594c2.wixmp.com/intermediary/f/060c5b2a-d29c-4413-a193-8ea0726072c5/dciprd1-ce6d1f69-6499-482b-a436-ec45e800e1f7.png/v1/fit/w_150,h_150,strp/business_meeting_by_damaimikaz_dciprd1-150.png&quot; data-src=&quot;https://images-wixmp-ed30a86b8c4ca887773594c2.wixmp.com/intermediary/f/060c5b2a-d29c-4413-a193-8ea0726072c5/dciprd1-ce6d1f69-6499-482b-a436-ec45e800e1f7.png/v1/fit/w_150,h_150,strp/business_meeting_by_damaimikaz_dciprd1-150.png&quot; srcset=&quot;https://images-wixmp-ed30a86b8c4ca887773594c2.wixmp.com/intermediary/f/060c5b2a-d29c-4413-a193-8ea0726072c5/dciprd1-ce6d1f69-6499-482b-a436-ec45e800e1f7.png/v1/fit/w_150,h_150,strp/business_meeting_by_damaimikaz_dciprd1-150.png 150w,https://images-wixmp-ed30a86b8c4ca887773594c2.wixmp.com/intermediary/f/060c5b2a-d29c-4413-a193-8ea0726072c5/dciprd1-ce6d1f69-6499-482b-a436-ec45e800e1f7.png/v1/fill/w_453,h_250,strp/business_meeting_by_damaimikaz_dciprd1-250t.png 453w,https://images-wixmp-ed30a86b8c4ca887773594c2.wixmp.com/intermediary/f/060c5b2a-d29c-4413-a193-8ea0726072c5/dciprd1-ce6d1f69-6499-482b-a436-ec45e800e1f7.png/v1/fill/w_635,h_350,strp/business_meeting_by_damaimikaz_dciprd1-350t.png 634w,https://images-wixmp-ed30a86b8c4ca887773594c2.wixmp.com/intermediary/f/060c5b2a-d29c-4413-a193-8ea0726072c5/dciprd1-ce6d1f69-6499-482b-a436-ec45e800e1f7.png/v1/fill/w_725,h_400,strp/business_meeting_by_damaimikaz_dciprd1-400t.png 725w,https://images-wixmp-ed30a86b8c4ca887773594c2.wixmp.com/intermediary/f/060c5b2a-d29c-4413-a193-8ea0726072c5/dciprd1-ce6d1f69-6499-482b-a436-ec45e800e1f7.png/v1/fill/w_1024,h_565,strp/business_meeting_by_damaimikaz_dciprd1-fullview.png 1024w&quot; sizes=&quot;150px&quot;&gt;&lt;/a&gt;&lt;/span&gt;&lt;!-- ^TTT --&gt;&lt;!-- TTT$ --&gt;&lt;/span&gt;&lt;br /&gt;&amp;nbsp;&amp;nbsp;&lt;br /&gt;&lt;br /&gt;More from this project:&lt;br /&gt;&lt;span class=&quot;shadow-holder&quot; data-embed-type=&quot;deviation&quot; data-embed-id=&quot;779658682&quot; data-embed-format=&quot;thumb&quot;&gt;&lt;span class=&quot;shadow mild&quot; &gt;&lt;a class=&quot;thumb&quot; href=&quot;https://www.deviantart.com/damaimikaz/art/Moriz-portrait-779658682&quot; title=&quot;Moriz portrait by DamaiMikaz, Jan 4, 2019 in Digital Art &amp;gt; Drawings &amp;amp; Paintings &amp;gt; People &amp;gt; Portraits&quot;data-super-img=&quot;https://images-wixmp-ed30a86b8c4ca887773594c2.wixmp.com/intermediary/f/060c5b2a-d29c-4413-a193-8ea0726072c5/dcw6shm-1bfc0606-9c99-4fc9-ae10-ea11a1fe9fd4.png/v1/fill/w_894,h_894,strp/moriz_portrait_by_damaimikaz_dcw6shm-pre.png&quot; data-super-width=&quot;894&quot; data-super-height=&quot;894&quot; data-super-transparent=&quot;true&quot; data-super-alt=&quot;Moriz portrait by DamaiMikaz&quot; data-super-full-img=&quot;https://images-wixmp-ed30a86b8c4ca887773594c2.wixmp.com/intermediary/f/060c5b2a-d29c-4413-a193-8ea0726072c5/dcw6shm-1bfc0606-9c99-4fc9-ae10-ea11a1fe9fd4.png&quot; data-super-full-width=&quot;1000&quot; data-super-full-height=&quot;1000&quot;        data-sigil=&quot;thumb&quot;&gt;
        &lt;i&gt;&lt;/i&gt;&lt;img   width=&quot;150&quot; height=&quot;150&quot; alt=&quot;Moriz portrait by DamaiMikaz&quot; src=&quot;https://images-wixmp-ed30a86b8c4ca887773594c2.wixmp.com/intermediary/f/060c5b2a-d29c-4413-a193-8ea0726072c5/dcw6shm-1bfc0606-9c99-4fc9-ae10-ea11a1fe9fd4.png/v1/fit/w_150,h_150,strp/moriz_portrait_by_damaimikaz_dcw6shm-150.png&quot; data-src=&quot;https://images-wixmp-ed30a86b8c4ca887773594c2.wixmp.com/intermediary/f/060c5b2a-d29c-4413-a193-8ea0726072c5/dcw6shm-1bfc0606-9c99-4fc9-ae10-ea11a1fe9fd4.png/v1/fit/w_150,h_150,strp/moriz_portrait_by_damaimikaz_dcw6shm-150.png&quot; srcset=&quot;https://images-wixmp-ed30a86b8c4ca887773594c2.wixmp.com/intermediary/f/060c5b2a-d29c-4413-a193-8ea0726072c5/dcw6shm-1bfc0606-9c99-4fc9-ae10-ea11a1fe9fd4.png/v1/fit/w_150,h_150,strp/moriz_portrait_by_damaimikaz_dcw6shm-150.png 150w,https://images-wixmp-ed30a86b8c4ca887773594c2.wixmp.com/intermediary/f/060c5b2a-d29c-4413-a193-8ea0726072c5/dcw6shm-1bfc0606-9c99-4fc9-ae10-ea11a1fe9fd4.png/v1/fill/w_250,h_250,strp/moriz_portrait_by_damaimikaz_dcw6shm-250t.png 250w,https://images-wixmp-ed30a86b8c4ca887773594c2.wixmp.com/intermediary/f/060c5b2a-d29c-4413-a193-8ea0726072c5/dcw6shm-1bfc0606-9c99-4fc9-ae10-ea11a1fe9fd4.png/v1/fill/w_350,h_350,strp/moriz_portrait_by_damaimikaz_dcw6shm-350t.png 350w,https://images-wixmp-ed30a86b8c4ca887773594c2.wixmp.com/intermediary/f/060c5b2a-d29c-4413-a193-8ea0726072c5/dcw6shm-1bfc0606-9c99-4fc9-ae10-ea11a1fe9fd4.png/v1/fill/w_400,h_400,strp/moriz_portrait_by_damaimikaz_dcw6shm-400t.png 400w,https://images-wixmp-ed30a86b8c4ca887773594c2.wixmp.com/intermediary/f/060c5b2a-d29c-4413-a193-8ea0726072c5/dcw6shm-1bfc0606-9c99-4fc9-ae10-ea11a1fe9fd4.png/v1/fill/w_894,h_894,strp/moriz_portrait_by_damaimikaz_dcw6shm-pre.png 894w&quot; sizes=&quot;150px&quot;&gt;&lt;/a&gt;&lt;/span&gt;&lt;!-- ^TTT --&gt;&lt;!-- TTT$ --&gt;&lt;/span&gt;&amp;nbsp;&lt;span class=&quot;shadow-holder&quot; data-embed-type=&quot;deviation&quot; data-embed-id=&quot;745531279&quot; data-embed-format=&quot;thumb&quot;&gt;&lt;span class=&quot;shadow mild&quot; &gt;&lt;a class=&quot;thumb&quot; href=&quot;https://www.deviantart.com/damaimikaz/art/Ground-Zero-did-this-to-us-745531279&quot; title=&quot;Ground Zero did this to us by DamaiMikaz, May 18, 2018 in Digital Art &amp;gt; Drawings &amp;amp; Paintings &amp;gt; Landscapes &amp;amp; Scenery&quot;data-super-img=&quot;https://images-wixmp-ed30a86b8c4ca887773594c2.wixmp.com/intermediary/f/060c5b2a-d29c-4413-a193-8ea0726072c5/dcbvbm7-c9a8cf0e-ac80-473e-a2b4-6c19bd263974.png/v1/fill/w_1025,h_780,strp/ground_zero_did_this_to_us_by_damaimikaz_dcbvbm7-pre.png&quot; data-super-width=&quot;1025&quot; data-super-height=&quot;780&quot; data-super-transparent=&quot;true&quot; data-super-alt=&quot;Ground Zero did this to us by DamaiMikaz&quot; data-super-full-img=&quot;https://images-wixmp-ed30a86b8c4ca887773594c2.wixmp.com/intermediary/f/060c5b2a-d29c-4413-a193-8ea0726072c5/dcbvbm7-c9a8cf0e-ac80-473e-a2b4-6c19bd263974.png&quot; data-super-full-width=&quot;1500&quot; data-super-full-height=&quot;1141&quot;        data-sigil=&quot;thumb&quot;&gt;
        &lt;i&gt;&lt;/i&gt;&lt;img   width=&quot;150&quot; height=&quot;114&quot; alt=&quot;Ground Zero did this to us by DamaiMikaz&quot; src=&quot;https://images-wixmp-ed30a86b8c4ca887773594c2.wixmp.com/intermediary/f/060c5b2a-d29c-4413-a193-8ea0726072c5/dcbvbm7-c9a8cf0e-ac80-473e-a2b4-6c19bd263974.png/v1/fit/w_150,h_150,strp/ground_zero_did_this_to_us_by_damaimikaz_dcbvbm7-150.png&quot; data-src=&quot;https://images-wixmp-ed30a86b8c4ca887773594c2.wixmp.com/intermediary/f/060c5b2a-d29c-4413-a193-8ea0726072c5/dcbvbm7-c9a8cf0e-ac80-473e-a2b4-6c19bd263974.png/v1/fit/w_150,h_150,strp/ground_zero_did_this_to_us_by_damaimikaz_dcbvbm7-150.png&quot; srcset=&quot;https://images-wixmp-ed30a86b8c4ca887773594c2.wixmp.com/intermediary/f/060c5b2a-d29c-4413-a193-8ea0726072c5/dcbvbm7-c9a8cf0e-ac80-473e-a2b4-6c19bd263974.png/v1/fit/w_150,h_150,strp/ground_zero_did_this_to_us_by_damaimikaz_dcbvbm7-150.png 150w,https://images-wixmp-ed30a86b8c4ca887773594c2.wixmp.com/intermediary/f/060c5b2a-d29c-4413-a193-8ea0726072c5/dcbvbm7-c9a8cf0e-ac80-473e-a2b4-6c19bd263974.png/v1/fill/w_329,h_250,strp/ground_zero_did_this_to_us_by_damaimikaz_dcbvbm7-250t.png 329w,https://images-wixmp-ed30a86b8c4ca887773594c2.wixmp.com/intermediary/f/060c5b2a-d29c-4413-a193-8ea0726072c5/dcbvbm7-c9a8cf0e-ac80-473e-a2b4-6c19bd263974.png/v1/fill/w_460,h_350,strp/ground_zero_did_this_to_us_by_damaimikaz_dcbvbm7-350t.png 460w,https://images-wixmp-ed30a86b8c4ca887773594c2.wixmp.com/intermediary/f/060c5b2a-d29c-4413-a193-8ea0726072c5/dcbvbm7-c9a8cf0e-ac80-473e-a2b4-6c19bd263974.png/v1/fill/w_526,h_400,strp/ground_zero_did_this_to_us_by_damaimikaz_dcbvbm7-400t.png 526w,https://images-wixmp-ed30a86b8c4ca887773594c2.wixmp.com/intermediary/f/060c5b2a-d29c-4413-a193-8ea0726072c5/dcbvbm7-c9a8cf0e-ac80-473e-a2b4-6c19bd263974.png/v1/fill/w_1025,h_780,strp/ground_zero_did_this_to_us_by_damaimikaz_dcbvbm7-pre.png 1025w&quot; sizes=&quot;150px&quot;&gt;&lt;/a&gt;&lt;/span&gt;&lt;!-- ^TTT --&gt;&lt;!-- TTT$ --&gt;&lt;/span&gt;&amp;nbsp;&lt;span class=&quot;shadow-holder&quot; data-embed-type=&quot;deviation&quot; data-embed-id=&quot;743147460&quot; data-embed-format=&quot;thumb&quot;&gt;&lt;span class=&quot;shadow mild&quot; &gt;&lt;a class=&quot;thumb&quot; href=&quot;https://www.deviantart.com/damaimikaz/art/ES01AAIL0014-743147460&quot; title=&quot;ES01AAIL0014 by DamaiMikaz, May 2, 2018 in Digital Art &amp;gt; Drawings &amp;amp; Paintings &amp;gt; Macabre &amp;amp; Horror&quot;data-super-img=&quot;https://images-wixmp-ed30a86b8c4ca887773594c2.wixmp.com/intermediary/f/060c5b2a-d29c-4413-a193-8ea0726072c5/dcag890-e41c8540-cdb1-43de-a299-2d787a945546.png/v1/fill/w_1176,h_679,strp/es01aail0014_by_damaimikaz_dcag890-pre.png&quot; data-super-width=&quot;1176&quot; data-super-height=&quot;679&quot; data-super-transparent=&quot;true&quot; data-super-alt=&quot;ES01AAIL0014 by DamaiMikaz&quot; data-super-full-img=&quot;https://images-wixmp-ed30a86b8c4ca887773594c2.wixmp.com/intermediary/f/060c5b2a-d29c-4413-a193-8ea0726072c5/dcag890-e41c8540-cdb1-43de-a299-2d787a945546.png&quot; data-super-full-width=&quot;1300&quot; data-super-full-height=&quot;751&quot;        data-sigil=&quot;thumb&quot;&gt;
        &lt;i&gt;&lt;/i&gt;&lt;img   width=&quot;150&quot; height=&quot;87&quot; alt=&quot;ES01AAIL0014 by DamaiMikaz&quot; src=&quot;https://images-wixmp-ed30a86b8c4ca887773594c2.wixmp.com/intermediary/f/060c5b2a-d29c-4413-a193-8ea0726072c5/dcag890-e41c8540-cdb1-43de-a299-2d787a945546.png/v1/fit/w_150,h_150,strp/es01aail0014_by_damaimikaz_dcag890-150.png&quot; data-src=&quot;https://images-wixmp-ed30a86b8c4ca887773594c2.wixmp.com/intermediary/f/060c5b2a-d29c-4413-a193-8ea0726072c5/dcag890-e41c8540-cdb1-43de-a299-2d787a945546.png/v1/fit/w_150,h_150,strp/es01aail0014_by_damaimikaz_dcag890-150.png&quot; srcset=&quot;https://images-wixmp-ed30a86b8c4ca887773594c2.wixmp.com/intermediary/f/060c5b2a-d29c-4413-a193-8ea0726072c5/dcag890-e41c8540-cdb1-43de-a299-2d787a945546.png/v1/fit/w_150,h_150,strp/es01aail0014_by_damaimikaz_dcag890-150.png 150w,https://images-wixmp-ed30a86b8c4ca887773594c2.wixmp.com/intermediary/f/060c5b2a-d29c-4413-a193-8ea0726072c5/dcag890-e41c8540-cdb1-43de-a299-2d787a945546.png/v1/fill/w_433,h_250,strp/es01aail0014_by_damaimikaz_dcag890-250t.png 433w,https://images-wixmp-ed30a86b8c4ca887773594c2.wixmp.com/intermediary/f/060c5b2a-d29c-4413-a193-8ea0726072c5/dcag890-e41c8540-cdb1-43de-a299-2d787a945546.png/v1/fill/w_606,h_350,strp/es01aail0014_by_damaimikaz_dcag890-350t.png 606w,https://images-wixmp-ed30a86b8c4ca887773594c2.wixmp.com/intermediary/f/060c5b2a-d29c-4413-a193-8ea0726072c5/dcag890-e41c8540-cdb1-43de-a299-2d787a945546.png/v1/fill/w_692,h_400,strp/es01aail0014_by_damaimikaz_dcag890-400t.png 692w,https://images-wixmp-ed30a86b8c4ca887773594c2.wixmp.com/intermediary/f/060c5b2a-d29c-4413-a193-8ea0726072c5/dcag890-e41c8540-cdb1-43de-a299-2d787a945546.png/v1/fill/w_1176,h_679,strp/es01aail0014_by_damaimikaz_dcag890-pre.png 1176w&quot; sizes=&quot;150px&quot;&gt;&lt;/a&gt;&lt;/span&gt;&lt;!-- ^TTT --&gt;&lt;!-- TTT$ --&gt;&lt;/span&gt;&amp;nbsp;&lt;span class=&quot;shadow-holder&quot; data-embed-type=&quot;deviation&quot; data-embed-id=&quot;737498071&quot; data-embed-format=&quot;thumb&quot;&gt;&lt;span class=&quot;shadow mild&quot; &gt;&lt;a class=&quot;thumb&quot; href=&quot;https://www.deviantart.com/damaimikaz/art/Smile-737498071&quot; title=&quot;Smile by DamaiMikaz, Mar 27, 2018 in Digital Art &amp;gt; Drawings &amp;amp; Paintings &amp;gt; People &amp;gt; Portraits&quot;data-super-img=&quot;https://images-wixmp-ed30a86b8c4ca887773594c2.wixmp.com/intermediary/f/060c5b2a-d29c-4413-a193-8ea0726072c5/dc7355j-6da35290-0142-497e-b0e7-feafd8980803.png/v1/fill/w_829,h_964,strp/smile_by_damaimikaz_dc7355j-pre.png&quot; data-super-width=&quot;829&quot; data-super-height=&quot;964&quot; data-super-transparent=&quot;true&quot; data-super-alt=&quot;Smile by DamaiMikaz&quot; data-super-full-img=&quot;https://images-wixmp-ed30a86b8c4ca887773594c2.wixmp.com/intermediary/f/060c5b2a-d29c-4413-a193-8ea0726072c5/dc7355j-6da35290-0142-497e-b0e7-feafd8980803.png&quot; data-super-full-width=&quot;1000&quot; data-super-full-height=&quot;1162&quot;        data-sigil=&quot;thumb&quot;&gt;
        &lt;i&gt;&lt;/i&gt;&lt;img   width=&quot;129&quot; height=&quot;150&quot; alt=&quot;Smile by DamaiMikaz&quot; src=&quot;https://images-wixmp-ed30a86b8c4ca887773594c2.wixmp.com/intermediary/f/060c5b2a-d29c-4413-a193-8ea0726072c5/dc7355j-6da35290-0142-497e-b0e7-feafd8980803.png/v1/fit/w_150,h_150,strp/smile_by_damaimikaz_dc7355j-150.png&quot; data-src=&quot;https://images-wixmp-ed30a86b8c4ca887773594c2.wixmp.com/intermediary/f/060c5b2a-d29c-4413-a193-8ea0726072c5/dc7355j-6da35290-0142-497e-b0e7-feafd8980803.png/v1/fit/w_150,h_150,strp/smile_by_damaimikaz_dc7355j-150.png&quot; srcset=&quot;https://images-wixmp-ed30a86b8c4ca887773594c2.wixmp.com/intermediary/f/060c5b2a-d29c-4413-a193-8ea0726072c5/dc7355j-6da35290-0142-497e-b0e7-feafd8980803.png/v1/fit/w_150,h_150,strp/smile_by_damaimikaz_dc7355j-150.png 129w,https://images-wixmp-ed30a86b8c4ca887773594c2.wixmp.com/intermediary/f/060c5b2a-d29c-4413-a193-8ea0726072c5/dc7355j-6da35290-0142-497e-b0e7-feafd8980803.png/v1/fill/w_215,h_250,strp/smile_by_damaimikaz_dc7355j-250t.png 215w,https://images-wixmp-ed30a86b8c4ca887773594c2.wixmp.com/intermediary/f/060c5b2a-d29c-4413-a193-8ea0726072c5/dc7355j-6da35290-0142-497e-b0e7-feafd8980803.png/v1/fill/w_301,h_350,strp/smile_by_damaimikaz_dc7355j-350t.png 301w,https://images-wixmp-ed30a86b8c4ca887773594c2.wixmp.com/intermediary/f/060c5b2a-d29c-4413-a193-8ea0726072c5/dc7355j-6da35290-0142-497e-b0e7-feafd8980803.png/v1/fill/w_344,h_400,strp/smile_by_damaimikaz_dc7355j-400t.png 344w,https://images-wixmp-ed30a86b8c4ca887773594c2.wixmp.com/intermediary/f/060c5b2a-d29c-4413-a193-8ea0726072c5/dc7355j-6da35290-0142-497e-b0e7-feafd8980803.png/v1/fill/w_829,h_964,strp/smile_by_damaimikaz_dc7355j-pre.png 829w&quot; sizes=&quot;129px&quot;&gt;&lt;/a&gt;&lt;/span&gt;&lt;!-- ^TTT --&gt;&lt;!-- TTT$ --&gt;&lt;/span&gt;&amp;nbsp;&lt;br /&gt;&lt;br /&gt;&lt;br /&gt;&lt;b&gt;Find me here:&lt;br /&gt;&lt;/b&gt;&lt;a href=&quot;https://www.deviantart.com/bad-blood/art/coffeecup-rvmp-67648682&quot; class=&quot;emoticon&quot; data-embed-type=&quot;emoticon&quot; data-embed-id=&quot;67648682&quot; data-embed-profile=&quot;deviation&quot;&gt;&lt;img src=&quot;https://orig00.deviantart.net/da19/f/2008/006/b/b/_coffeecup__rvmp_by_bad_blood.gif&quot; alt=&quot;:coffeecup: rvmp&quot; style=&quot;width:16px;height:25px&quot;&gt;&lt;/a&gt;&amp;nbsp;&lt;a class=&quot;external&quot; href=&quot;https://www.deviantart.com/users/outgoing?https://ko-fi.com/A371J3S&quot;&gt;Buy me a coffee&lt;/a&gt;&lt;br /&gt;&lt;b&gt;&lt;img src=&quot;https://e.deviantart.net/emoticons/f/facebook.gif&quot; alt=&quot;Facebook&quot; style=&quot;width: 16px; height: 16px;&quot; data-embed-type=&quot;emoticon&quot; data-embed-id=&quot;616&quot;&gt;&amp;nbsp;&lt;a href=&quot;https://www.deviantart.com/users/outgoing?http://www.facebook.com/DamaiMikazArt&quot;&gt;&lt;a class=&quot;external&quot; href=&quot;https://www.deviantart.com/users/outgoing?http://www.facebook.com/DamaiMikazArt&quot;&gt;www.facebook.com/DamaiMikazArt&lt;/a&gt;&lt;/a&gt;&lt;br /&gt;&lt;a href=&quot;https://www.deviantart.com/poserfan/art/Instagram-New-Icon-608963664&quot; class=&quot;emoticon&quot; data-embed-type=&quot;emoticon&quot; data-embed-id=&quot;608963664&quot; data-embed-profile=&quot;deviation&quot;&gt;&lt;img src=&quot;https://images-wixmp-ed30a86b8c4ca887773594c2.wixmp.com/intermediary/f/0a6e9796-d386-4234-97d1-d46c16906e81/da2k7dc-81054cd1-99a8-4653-bd88-048d077f7265.png&quot; alt=&quot;Instagram New Icon&quot; style=&quot;width:16px;height:16px&quot;&gt;&lt;/a&gt;&lt;a href=&quot;https://www.deviantart.com/users/outgoing?https://www.instagram.com/damaimikaz/&quot;&gt;&amp;nbsp;&lt;a class=&quot;external&quot; href=&quot;https://www.deviantart.com/users/outgoing?https://www.instagram.com/damaimikaz/&quot;&gt;www.instagram.com/damaimikaz/&lt;/a&gt;&lt;/a&gt;&lt;br /&gt;&lt;img src=&quot;https://e.deviantart.net/emoticons/t/twitter_2.gif&quot; alt=&quot;Twitter&quot; style=&quot;width: 16px; height: 16px;&quot; data-embed-type=&quot;emoticon&quot; data-embed-id=&quot;614&quot;&gt;&amp;nbsp;&lt;a href=&quot;https://www.deviantart.com/users/outgoing?http://twitter.com/DamaiMikaz&quot;&gt;&lt;a class=&quot;external&quot; href=&quot;https://www.deviantart.com/users/outgoing?http://twitter.com/DamaiMikaz&quot;&gt;twitter.com/DamaiMikaz&lt;/a&gt;&lt;/a&gt;&lt;br /&gt;&lt;a href=&quot;https://www.deviantart.com/vampirehelenaharper/art/YouTube-Icon-530921372&quot; class=&quot;emoticon&quot; data-embed-type=&quot;emoticon&quot; data-embed-id=&quot;530921372&quot; data-embed-profile=&quot;deviation&quot;&gt;&lt;img src=&quot;https://images-wixmp-ed30a86b8c4ca887773594c2.wixmp.com/intermediary/f/80bda55e-e860-4969-8f37-9e9d51e43927/d8s3hjw-b4c05150-baba-4ad3-bea8-b4870929a06d.png&quot; alt=&quot;YouTube Icon&quot; style=&quot;width:16px;height:16px&quot;&gt;&lt;/a&gt;&amp;nbsp;&lt;a href=&quot;https://www.deviantart.com/users/outgoing?http://www.youtube.com/user/DamaiMikaz&quot;&gt;&lt;a class=&quot;external&quot; href=&quot;https://www.deviantart.com/users/outgoing?http://www.youtube.com/user/DamaiMikaz&quot;&gt;www.youtube.com/user/DamaiMika&amp;hellip;&lt;/a&gt;&lt;/a&gt;&lt;br /&gt;&lt;/b&gt;&lt;b&gt;&lt;img src=&quot;https://e.deviantart.net/emoticons/s/star_full.gif&quot; alt=&quot;Star!&quot; style=&quot;width: 17px; height: 16px;&quot; data-embed-type=&quot;emoticon&quot; data-embed-id=&quot;450&quot;&gt;&amp;nbsp;&lt;/b&gt;&lt;a href=&quot;https://damaimikaz.deviantart.com/journal/F-A-Q-378858817&quot;&gt;F.A.Q.&lt;/a&gt;&lt;br /&gt;&lt;div&gt;&lt;img src=&quot;https://t00.deviantart.net/M1byLMv6sC7zFuUlxrxmbtKsB-Y=/300x200/filters:fixed_height(100,100):origin()/pre00/1e7d/th/pre/f/2019/027/a/2/here_s_your_bag_back_by_damaimikaz-dcy5rr3.png&quot; alt=&quot;thumbnail&quot; /&gt;&lt;/div&gt;</description>            </item>
                    <item>
                <title>#80 Lexis Xaveria</title>
                <link>https://gigamessy.deviantart.com/art/80-Lexis-Xaveria-783014210</link>
                <guid isPermaLink="true">https://gigamessy.deviantart.com/art/80-Lexis-Xaveria-783014210</guid>
                <pubDate>Sun, 27 Jan 2019 13:21:30 PST</pubDate>
                        <media:title type="plain">#80 Lexis Xaveria</media:title>
        <media:keywords></media:keywords>
                        <media:rating>nonadult</media:rating>
                <media:category label="Drawings">manga/digital/drawings</media:category>
        <media:credit role="author" scheme="urn:ebu">GigaMessy</media:credit>
        <media:credit role="author" scheme="urn:ebu">https://a.deviantart.net/avatars/g/i/gigamessy.png?4</media:credit>
        <media:copyright url="https://gigamessy.deviantart.com">Copyright 2019 GigaMessy</media:copyright>
            <media:community>
                <media:tags>@gigamessy</media:tags>
            </media:community>            <media:description type="html">&lt;a href=&quot;https://www.deviantart.com/diegovainilla/art/little-star-591770525&quot; class=&quot;emoticon&quot; data-embed-type=&quot;emoticon&quot; data-embed-id=&quot;591770525&quot; data-embed-profile=&quot;deviation&quot;&gt;&lt;img src=&quot;https://orig00.deviantart.net/1297/f/2018/236/7/c/little_star_by_diegovainilla-d9sbp25.gif&quot; alt=&quot;little star&quot; style=&quot;width:14px;height:15px&quot;&gt;&lt;/a&gt;&amp;nbsp;&lt;a href=&quot;http://fav.me/dbbluky&quot;&gt;Commission Info&lt;/a&gt;&amp;nbsp;&amp;nbsp; &amp;nbsp;&lt;img src=&quot;https://e.deviantart.net/emoticons/t/twitter_2.gif&quot; alt=&quot;Twitter&quot; style=&quot;width: 16px; height: 16px;&quot; data-embed-type=&quot;emoticon&quot; data-embed-id=&quot;614&quot;&gt;&amp;nbsp;&lt;a class=&quot;external&quot; href=&quot;https://www.deviantart.com/users/outgoing?https://twitter.com/GigaMessy&quot;&gt;Twitter&lt;/a&gt;&amp;nbsp;&amp;nbsp; &amp;nbsp;&amp;nbsp;&lt;a href=&quot;https://www.deviantart.com/poserfan/art/Tumblr-Icon-314822709&quot; class=&quot;emoticon&quot; data-embed-type=&quot;emoticon&quot; data-embed-id=&quot;314822709&quot; data-embed-profile=&quot;deviation&quot;&gt;&lt;img src=&quot;https://orig00.deviantart.net/28ed/f/2015/212/c/0/tumblr_icon_by_poserfan-d57fqr9.gif&quot; alt=&quot;Tumblr Icon&quot; style=&quot;width:16px;height:16px&quot;&gt;&lt;/a&gt;&amp;nbsp;&lt;a class=&quot;external&quot; href=&quot;https://www.deviantart.com/users/outgoing?https://gigamessy.tumblr.com/&quot;&gt;Tumblr&lt;/a&gt;&amp;nbsp; &amp;nbsp; &amp;nbsp;&lt;a href=&quot;https://www.deviantart.com/vampirehelenaharper/art/new-Pixiv-icon-logo-672329473&quot; class=&quot;emoticon&quot; data-embed-type=&quot;emoticon&quot; data-embed-id=&quot;672329473&quot; data-embed-profile=&quot;deviation&quot;&gt;&lt;img src=&quot;https://images-wixmp-ed30a86b8c4ca887773594c2.wixmp.com/intermediary/f/80bda55e-e860-4969-8f37-9e9d51e43927/db4acqp-0775eb86-ee43-44c7-9437-e537295063af.png&quot; alt=&quot;new Pixiv ( icon / logo )&quot; style=&quot;width:16px;height:16px&quot;&gt;&lt;/a&gt;&amp;nbsp;&lt;a class=&quot;external&quot; href=&quot;https://www.deviantart.com/users/outgoing?https://www.pixiv.net/member.php?id=30255712&quot;&gt;Pixiv&lt;/a&gt;&amp;nbsp;&amp;nbsp; &amp;nbsp;&amp;nbsp;&lt;a href=&quot;https://www.deviantart.com/vampirehelenaharper/art/YouTube-Icon-530921372&quot; class=&quot;emoticon&quot; data-embed-type=&quot;emoticon&quot; data-embed-id=&quot;530921372&quot; data-embed-profile=&quot;deviation&quot;&gt;&lt;img src=&quot;https://images-wixmp-ed30a86b8c4ca887773594c2.wixmp.com/intermediary/f/80bda55e-e860-4969-8f37-9e9d51e43927/d8s3hjw-b4c05150-baba-4ad3-bea8-b4870929a06d.png&quot; alt=&quot;YouTube Icon&quot; style=&quot;width:16px;height:16px&quot;&gt;&lt;/a&gt;&amp;nbsp;&lt;a class=&quot;external&quot; href=&quot;https://www.deviantart.com/users/outgoing?https://www.youtube.com/channel/UCEKYs3WUkFg0AUS6gbue5_A&quot;&gt;Youtube&lt;/a&gt;&amp;nbsp;&amp;nbsp; &amp;nbsp;&lt;a href=&quot;https://www.deviantart.com/liriorox/art/Gumroad-icon-2-545734859&quot; class=&quot;emoticon&quot; data-embed-type=&quot;emoticon&quot; data-embed-id=&quot;545734859&quot; data-embed-profile=&quot;deviation&quot;&gt;&lt;img src=&quot;https://images-wixmp-ed30a86b8c4ca887773594c2.wixmp.com/intermediary/f/0bd87312-636c-4da8-8502-26c542873b11/d90wzpn-47fbf5d8-7dd8-40b0-810d-f16277f51393.png&quot; alt=&quot;Gumroad icon 2&quot; style=&quot;width:16px;height:16px&quot;&gt;&lt;/a&gt;&amp;nbsp;&lt;a class=&quot;external&quot; href=&quot;https://www.deviantart.com/users/outgoing?https://gumroad.com/gigamessy&quot;&gt;Gumroad&lt;/a&gt;&lt;br /&gt;&lt;br /&gt;&lt;span class=&quot;shadow-holder&quot; data-embed-type=&quot;deviation&quot; data-embed-id=&quot;755288037&quot; data-embed-format=&quot;thumb&quot;&gt;&lt;span class=&quot;shadow mild&quot; &gt;&lt;a class=&quot;thumb&quot; href=&quot;https://www.deviantart.com/gigamessy/art/Gigabyte-Nice-755288037&quot; title=&quot;Gigabyte Nice by GigaMessy, Jul 19, 2018 in Scraps&quot;data-super-img=&quot;https://images-wixmp-ed30a86b8c4ca887773594c2.wixmp.com/intermediary/f/6a735e13-5cad-425e-bc73-008277778211/dchofz9-3c498bd1-06ef-4d0d-a6e5-87d5a4aff736.png&quot; data-super-width=&quot;50&quot; data-super-height=&quot;50&quot; data-super-transparent=&quot;false&quot; data-super-alt=&quot;Gigabyte Nice by GigaMessy&quot; data-super-full-img=&quot;https://images-wixmp-ed30a86b8c4ca887773594c2.wixmp.com/intermediary/f/6a735e13-5cad-425e-bc73-008277778211/dchofz9-3c498bd1-06ef-4d0d-a6e5-87d5a4aff736.png&quot; data-super-full-width=&quot;50&quot; data-super-full-height=&quot;50&quot;        data-sigil=&quot;thumb&quot;&gt;
        &lt;i&gt;&lt;/i&gt;&lt;img   width=&quot;50&quot; height=&quot;50&quot; alt=&quot;Gigabyte Nice by GigaMessy&quot; src=&quot;https://images-wixmp-ed30a86b8c4ca887773594c2.wixmp.com/intermediary/f/6a735e13-5cad-425e-bc73-008277778211/dchofz9-3c498bd1-06ef-4d0d-a6e5-87d5a4aff736.png&quot; data-src=&quot;https://images-wixmp-ed30a86b8c4ca887773594c2.wixmp.com/intermediary/f/6a735e13-5cad-425e-bc73-008277778211/dchofz9-3c498bd1-06ef-4d0d-a6e5-87d5a4aff736.png&quot; srcset=&quot;https://images-wixmp-ed30a86b8c4ca887773594c2.wixmp.com/intermediary/f/6a735e13-5cad-425e-bc73-008277778211/dchofz9-3c498bd1-06ef-4d0d-a6e5-87d5a4aff736.png 50w&quot; sizes=&quot;50px&quot;&gt;&lt;/a&gt;&lt;/span&gt;&lt;!-- ^TTT --&gt;&lt;!-- TTT$ --&gt;&lt;/span&gt;&amp;nbsp;Gift for &lt;span class=&quot;username-with-symbol u&quot;&gt;&lt;a class=&quot;u regular username&quot; href=&quot;https://www.deviantart.com/the-tawny-patriot&quot;&gt;The-Tawny-Patriot&lt;/a&gt;&lt;span class=&quot;user-symbol regular&quot; data-quicktip-text=&quot;&quot; data-show-tooltip=&quot;&quot; data-gruser-type=&quot;regular&quot;&gt;&lt;/span&gt;&lt;/span&gt;&amp;nbsp;winner of our 80th weekly&amp;nbsp;raffle&amp;nbsp;- original character named&amp;nbsp;&lt;span&gt;&lt;a href=&quot;https://www.deviantart.com/the-tawny-patriot/art/Lexis-Xaveria-Colour-743229691&quot;&gt;Lexis Xaveria&lt;/a&gt;&lt;/span&gt;&amp;nbsp;:3&lt;br /&gt;&lt;span class=&quot;shadow-holder&quot; data-embed-type=&quot;deviation&quot; data-embed-id=&quot;678171988&quot; data-embed-format=&quot;thumb&quot;&gt;&lt;span class=&quot;shadow mild&quot; &gt;&lt;a class=&quot;thumb&quot; href=&quot;https://www.deviantart.com/gigamessy/art/Messy-Smile-678171988&quot; title=&quot;Messy Smile by GigaMessy, May 1, 2017 in Scraps&quot;data-super-img=&quot;https://images-wixmp-ed30a86b8c4ca887773594c2.wixmp.com/intermediary/f/6a735e13-5cad-425e-bc73-008277778211/db7rkus-cac38773-e492-491d-9170-d71b0b4403be.png&quot; data-super-width=&quot;50&quot; data-super-height=&quot;50&quot; data-super-transparent=&quot;false&quot; data-super-alt=&quot;Messy Smile by GigaMessy&quot; data-super-full-img=&quot;https://images-wixmp-ed30a86b8c4ca887773594c2.wixmp.com/intermediary/f/6a735e13-5cad-425e-bc73-008277778211/db7rkus-cac38773-e492-491d-9170-d71b0b4403be.png&quot; data-super-full-width=&quot;50&quot; data-super-full-height=&quot;50&quot;        data-sigil=&quot;thumb&quot;&gt;
        &lt;i&gt;&lt;/i&gt;&lt;img   width=&quot;50&quot; height=&quot;50&quot; alt=&quot;Messy Smile by GigaMessy&quot; src=&quot;https://images-wixmp-ed30a86b8c4ca887773594c2.wixmp.com/intermediary/f/6a735e13-5cad-425e-bc73-008277778211/db7rkus-cac38773-e492-491d-9170-d71b0b4403be.png&quot; data-src=&quot;https://images-wixmp-ed30a86b8c4ca887773594c2.wixmp.com/intermediary/f/6a735e13-5cad-425e-bc73-008277778211/db7rkus-cac38773-e492-491d-9170-d71b0b4403be.png&quot; srcset=&quot;https://images-wixmp-ed30a86b8c4ca887773594c2.wixmp.com/intermediary/f/6a735e13-5cad-425e-bc73-008277778211/db7rkus-cac38773-e492-491d-9170-d71b0b4403be.png 50w&quot; sizes=&quot;50px&quot;&gt;&lt;/a&gt;&lt;/span&gt;&lt;!-- ^TTT --&gt;&lt;!-- TTT$ --&gt;&lt;/span&gt;&amp;nbsp;Hope you will like it and thanks for supporting us&amp;nbsp;&lt;span class=&quot;shadow-holder&quot; data-embed-type=&quot;deviation&quot; data-embed-id=&quot;152820468&quot; data-embed-format=&quot;thumb&quot;&gt;&lt;span class=&quot;shadow mild&quot; &gt;&lt;a class=&quot;thumb&quot; href=&quot;https://www.deviantart.com/stuck-in-suburbia/art/thatssocute-152820468&quot; title=&quot;:thatssocute: by stuck-in-suburbia, Feb 4, 2010 in Customization &amp;gt; Emoticons &amp;gt; Other&quot;        data-sigil=&quot;thumb&quot;&gt;
        &lt;i&gt;&lt;/i&gt;&lt;img   width=&quot;21&quot; height=&quot;17&quot; alt=&quot;:thatssocute: by stuck-in-suburbia&quot; src=&quot;https://orig00.deviantart.net/ac48/f/2010/034/d/5/d5b9869691a88c6b9fe9b1987b0836e9.gif&quot; data-src=&quot;https://orig00.deviantart.net/ac48/f/2010/034/d/5/d5b9869691a88c6b9fe9b1987b0836e9.gif&quot; srcset=&quot;https://orig00.deviantart.net/ac48/f/2010/034/d/5/d5b9869691a88c6b9fe9b1987b0836e9.gif 21w&quot; sizes=&quot;21px&quot;&gt;&lt;/a&gt;&lt;/span&gt;&lt;!-- ^TTT --&gt;&lt;!-- TTT$ --&gt;&lt;/span&gt;&amp;nbsp;&lt;br /&gt;&lt;span class=&quot;shadow-holder&quot; data-embed-type=&quot;deviation&quot; data-embed-id=&quot;755288037&quot; data-embed-format=&quot;thumb&quot;&gt;&lt;span class=&quot;shadow mild&quot; &gt;&lt;a class=&quot;thumb&quot; href=&quot;https://www.deviantart.com/gigamessy/art/Gigabyte-Nice-755288037&quot; title=&quot;Gigabyte Nice by GigaMessy, Jul 19, 2018 in Scraps&quot;data-super-img=&quot;https://images-wixmp-ed30a86b8c4ca887773594c2.wixmp.com/intermediary/f/6a735e13-5cad-425e-bc73-008277778211/dchofz9-3c498bd1-06ef-4d0d-a6e5-87d5a4aff736.png&quot; data-super-width=&quot;50&quot; data-super-height=&quot;50&quot; data-super-transparent=&quot;false&quot; data-super-alt=&quot;Gigabyte Nice by GigaMessy&quot; data-super-full-img=&quot;https://images-wixmp-ed30a86b8c4ca887773594c2.wixmp.com/intermediary/f/6a735e13-5cad-425e-bc73-008277778211/dchofz9-3c498bd1-06ef-4d0d-a6e5-87d5a4aff736.png&quot; data-super-full-width=&quot;50&quot; data-super-full-height=&quot;50&quot;        data-sigil=&quot;thumb&quot;&gt;
        &lt;i&gt;&lt;/i&gt;&lt;img   width=&quot;50&quot; height=&quot;50&quot; alt=&quot;Gigabyte Nice by GigaMessy&quot; src=&quot;https://images-wixmp-ed30a86b8c4ca887773594c2.wixmp.com/intermediary/f/6a735e13-5cad-425e-bc73-008277778211/dchofz9-3c498bd1-06ef-4d0d-a6e5-87d5a4aff736.png&quot; data-src=&quot;https://images-wixmp-ed30a86b8c4ca887773594c2.wixmp.com/intermediary/f/6a735e13-5cad-425e-bc73-008277778211/dchofz9-3c498bd1-06ef-4d0d-a6e5-87d5a4aff736.png&quot; srcset=&quot;https://images-wixmp-ed30a86b8c4ca887773594c2.wixmp.com/intermediary/f/6a735e13-5cad-425e-bc73-008277778211/dchofz9-3c498bd1-06ef-4d0d-a6e5-87d5a4aff736.png 50w&quot; sizes=&quot;50px&quot;&gt;&lt;/a&gt;&lt;/span&gt;&lt;!-- ^TTT --&gt;&lt;!-- TTT$ --&gt;&lt;/span&gt;&amp;nbsp;We&#039;re hosting new raffle every Sunday, if you&#039;re interested check our&amp;nbsp;&lt;a href=&quot;https://gigamessy.deviantart.com/journal/&quot;&gt;journals&lt;/a&gt;&amp;nbsp;</media:description>            <media:thumbnail url="https://t00.deviantart.net/e7My-S8riOnDS9yHMHSYQPcSQqE=/fit-in/150x150/filters:no_upscale():origin()/pre00/4ad7/th/pre/f/2019/027/d/b/_80_lexis_xaveria_by_gigamessy-dcy6pmq.png" height="150" width="113"/>            <media:thumbnail url="https://t00.deviantart.net/lGO4bzpC-vW05ZjCNaCayyy6RGw=/fit-in/300x900/filters:no_upscale():origin()/pre00/4ad7/th/pre/f/2019/027/d/b/_80_lexis_xaveria_by_gigamessy-dcy6pmq.png" height="400" width="300"/>            <media:thumbnail url="https://t00.deviantart.net/QWxX4LOs0Bk3Y4RN6FSbercFGaI=/300x200/filters:fixed_height(100,100):origin()/pre00/4ad7/th/pre/f/2019/027/d/b/_80_lexis_xaveria_by_gigamessy-dcy6pmq.png" height="200" width="150"/>            <media:content url="https://orig00.deviantart.net/ab2c/f/2019/027/d/b/_80_lexis_xaveria_by_gigamessy-dcy6pmq.png" height="1000" width="750" medium="image"/>            
            <description>&lt;a href=&quot;https://www.deviantart.com/diegovainilla/art/little-star-591770525&quot; class=&quot;emoticon&quot; data-embed-type=&quot;emoticon&quot; data-embed-id=&quot;591770525&quot; data-embed-profile=&quot;deviation&quot;&gt;&lt;img src=&quot;https://orig00.deviantart.net/1297/f/2018/236/7/c/little_star_by_diegovainilla-d9sbp25.gif&quot; alt=&quot;little star&quot; style=&quot;width:14px;height:15px&quot;&gt;&lt;/a&gt;&amp;nbsp;&lt;a href=&quot;http://fav.me/dbbluky&quot;&gt;Commission Info&lt;/a&gt;&amp;nbsp;&amp;nbsp; &amp;nbsp;&lt;img src=&quot;https://e.deviantart.net/emoticons/t/twitter_2.gif&quot; alt=&quot;Twitter&quot; style=&quot;width: 16px; height: 16px;&quot; data-embed-type=&quot;emoticon&quot; data-embed-id=&quot;614&quot;&gt;&amp;nbsp;&lt;a class=&quot;external&quot; href=&quot;https://www.deviantart.com/users/outgoing?https://twitter.com/GigaMessy&quot;&gt;Twitter&lt;/a&gt;&amp;nbsp;&amp;nbsp; &amp;nbsp;&amp;nbsp;&lt;a href=&quot;https://www.deviantart.com/poserfan/art/Tumblr-Icon-314822709&quot; class=&quot;emoticon&quot; data-embed-type=&quot;emoticon&quot; data-embed-id=&quot;314822709&quot; data-embed-profile=&quot;deviation&quot;&gt;&lt;img src=&quot;https://orig00.deviantart.net/28ed/f/2015/212/c/0/tumblr_icon_by_poserfan-d57fqr9.gif&quot; alt=&quot;Tumblr Icon&quot; style=&quot;width:16px;height:16px&quot;&gt;&lt;/a&gt;&amp;nbsp;&lt;a class=&quot;external&quot; href=&quot;https://www.deviantart.com/users/outgoing?https://gigamessy.tumblr.com/&quot;&gt;Tumblr&lt;/a&gt;&amp;nbsp; &amp;nbsp; &amp;nbsp;&lt;a href=&quot;https://www.deviantart.com/vampirehelenaharper/art/new-Pixiv-icon-logo-672329473&quot; class=&quot;emoticon&quot; data-embed-type=&quot;emoticon&quot; data-embed-id=&quot;672329473&quot; data-embed-profile=&quot;deviation&quot;&gt;&lt;img src=&quot;https://images-wixmp-ed30a86b8c4ca887773594c2.wixmp.com/intermediary/f/80bda55e-e860-4969-8f37-9e9d51e43927/db4acqp-0775eb86-ee43-44c7-9437-e537295063af.png&quot; alt=&quot;new Pixiv ( icon / logo )&quot; style=&quot;width:16px;height:16px&quot;&gt;&lt;/a&gt;&amp;nbsp;&lt;a class=&quot;external&quot; href=&quot;https://www.deviantart.com/users/outgoing?https://www.pixiv.net/member.php?id=30255712&quot;&gt;Pixiv&lt;/a&gt;&amp;nbsp;&amp;nbsp; &amp;nbsp;&amp;nbsp;&lt;a href=&quot;https://www.deviantart.com/vampirehelenaharper/art/YouTube-Icon-530921372&quot; class=&quot;emoticon&quot; data-embed-type=&quot;emoticon&quot; data-embed-id=&quot;530921372&quot; data-embed-profile=&quot;deviation&quot;&gt;&lt;img src=&quot;https://images-wixmp-ed30a86b8c4ca887773594c2.wixmp.com/intermediary/f/80bda55e-e860-4969-8f37-9e9d51e43927/d8s3hjw-b4c05150-baba-4ad3-bea8-b4870929a06d.png&quot; alt=&quot;YouTube Icon&quot; style=&quot;width:16px;height:16px&quot;&gt;&lt;/a&gt;&amp;nbsp;&lt;a class=&quot;external&quot; href=&quot;https://www.deviantart.com/users/outgoing?https://www.youtube.com/channel/UCEKYs3WUkFg0AUS6gbue5_A&quot;&gt;Youtube&lt;/a&gt;&amp;nbsp;&amp;nbsp; &amp;nbsp;&lt;a href=&quot;https://www.deviantart.com/liriorox/art/Gumroad-icon-2-545734859&quot; class=&quot;emoticon&quot; data-embed-type=&quot;emoticon&quot; data-embed-id=&quot;545734859&quot; data-embed-profile=&quot;deviation&quot;&gt;&lt;img src=&quot;https://images-wixmp-ed30a86b8c4ca887773594c2.wixmp.com/intermediary/f/0bd87312-636c-4da8-8502-26c542873b11/d90wzpn-47fbf5d8-7dd8-40b0-810d-f16277f51393.png&quot; alt=&quot;Gumroad icon 2&quot; style=&quot;width:16px;height:16px&quot;&gt;&lt;/a&gt;&amp;nbsp;&lt;a class=&quot;external&quot; href=&quot;https://www.deviantart.com/users/outgoing?https://gumroad.com/gigamessy&quot;&gt;Gumroad&lt;/a&gt;&lt;br /&gt;&lt;br /&gt;&lt;span class=&quot;shadow-holder&quot; data-embed-type=&quot;deviation&quot; data-embed-id=&quot;755288037&quot; data-embed-format=&quot;thumb&quot;&gt;&lt;span class=&quot;shadow mild&quot; &gt;&lt;a class=&quot;thumb&quot; href=&quot;https://www.deviantart.com/gigamessy/art/Gigabyte-Nice-755288037&quot; title=&quot;Gigabyte Nice by GigaMessy, Jul 19, 2018 in Scraps&quot;data-super-img=&quot;https://images-wixmp-ed30a86b8c4ca887773594c2.wixmp.com/intermediary/f/6a735e13-5cad-425e-bc73-008277778211/dchofz9-3c498bd1-06ef-4d0d-a6e5-87d5a4aff736.png&quot; data-super-width=&quot;50&quot; data-super-height=&quot;50&quot; data-super-transparent=&quot;false&quot; data-super-alt=&quot;Gigabyte Nice by GigaMessy&quot; data-super-full-img=&quot;https://images-wixmp-ed30a86b8c4ca887773594c2.wixmp.com/intermediary/f/6a735e13-5cad-425e-bc73-008277778211/dchofz9-3c498bd1-06ef-4d0d-a6e5-87d5a4aff736.png&quot; data-super-full-width=&quot;50&quot; data-super-full-height=&quot;50&quot;        data-sigil=&quot;thumb&quot;&gt;
        &lt;i&gt;&lt;/i&gt;&lt;img   width=&quot;50&quot; height=&quot;50&quot; alt=&quot;Gigabyte Nice by GigaMessy&quot; src=&quot;https://images-wixmp-ed30a86b8c4ca887773594c2.wixmp.com/intermediary/f/6a735e13-5cad-425e-bc73-008277778211/dchofz9-3c498bd1-06ef-4d0d-a6e5-87d5a4aff736.png&quot; data-src=&quot;https://images-wixmp-ed30a86b8c4ca887773594c2.wixmp.com/intermediary/f/6a735e13-5cad-425e-bc73-008277778211/dchofz9-3c498bd1-06ef-4d0d-a6e5-87d5a4aff736.png&quot; srcset=&quot;https://images-wixmp-ed30a86b8c4ca887773594c2.wixmp.com/intermediary/f/6a735e13-5cad-425e-bc73-008277778211/dchofz9-3c498bd1-06ef-4d0d-a6e5-87d5a4aff736.png 50w&quot; sizes=&quot;50px&quot;&gt;&lt;/a&gt;&lt;/span&gt;&lt;!-- ^TTT --&gt;&lt;!-- TTT$ --&gt;&lt;/span&gt;&amp;nbsp;Gift for &lt;span class=&quot;username-with-symbol u&quot;&gt;&lt;a class=&quot;u regular username&quot; href=&quot;https://www.deviantart.com/the-tawny-patriot&quot;&gt;The-Tawny-Patriot&lt;/a&gt;&lt;span class=&quot;user-symbol regular&quot; data-quicktip-text=&quot;&quot; data-show-tooltip=&quot;&quot; data-gruser-type=&quot;regular&quot;&gt;&lt;/span&gt;&lt;/span&gt;&amp;nbsp;winner of our 80th weekly&amp;nbsp;raffle&amp;nbsp;- original character named&amp;nbsp;&lt;span&gt;&lt;a href=&quot;https://www.deviantart.com/the-tawny-patriot/art/Lexis-Xaveria-Colour-743229691&quot;&gt;Lexis Xaveria&lt;/a&gt;&lt;/span&gt;&amp;nbsp;:3&lt;br /&gt;&lt;span class=&quot;shadow-holder&quot; data-embed-type=&quot;deviation&quot; data-embed-id=&quot;678171988&quot; data-embed-format=&quot;thumb&quot;&gt;&lt;span class=&quot;shadow mild&quot; &gt;&lt;a class=&quot;thumb&quot; href=&quot;https://www.deviantart.com/gigamessy/art/Messy-Smile-678171988&quot; title=&quot;Messy Smile by GigaMessy, May 1, 2017 in Scraps&quot;data-super-img=&quot;https://images-wixmp-ed30a86b8c4ca887773594c2.wixmp.com/intermediary/f/6a735e13-5cad-425e-bc73-008277778211/db7rkus-cac38773-e492-491d-9170-d71b0b4403be.png&quot; data-super-width=&quot;50&quot; data-super-height=&quot;50&quot; data-super-transparent=&quot;false&quot; data-super-alt=&quot;Messy Smile by GigaMessy&quot; data-super-full-img=&quot;https://images-wixmp-ed30a86b8c4ca887773594c2.wixmp.com/intermediary/f/6a735e13-5cad-425e-bc73-008277778211/db7rkus-cac38773-e492-491d-9170-d71b0b4403be.png&quot; data-super-full-width=&quot;50&quot; data-super-full-height=&quot;50&quot;        data-sigil=&quot;thumb&quot;&gt;
        &lt;i&gt;&lt;/i&gt;&lt;img   width=&quot;50&quot; height=&quot;50&quot; alt=&quot;Messy Smile by GigaMessy&quot; src=&quot;https://images-wixmp-ed30a86b8c4ca887773594c2.wixmp.com/intermediary/f/6a735e13-5cad-425e-bc73-008277778211/db7rkus-cac38773-e492-491d-9170-d71b0b4403be.png&quot; data-src=&quot;https://images-wixmp-ed30a86b8c4ca887773594c2.wixmp.com/intermediary/f/6a735e13-5cad-425e-bc73-008277778211/db7rkus-cac38773-e492-491d-9170-d71b0b4403be.png&quot; srcset=&quot;https://images-wixmp-ed30a86b8c4ca887773594c2.wixmp.com/intermediary/f/6a735e13-5cad-425e-bc73-008277778211/db7rkus-cac38773-e492-491d-9170-d71b0b4403be.png 50w&quot; sizes=&quot;50px&quot;&gt;&lt;/a&gt;&lt;/span&gt;&lt;!-- ^TTT --&gt;&lt;!-- TTT$ --&gt;&lt;/span&gt;&amp;nbsp;Hope you will like it and thanks for supporting us&amp;nbsp;&lt;span class=&quot;shadow-holder&quot; data-embed-type=&quot;deviation&quot; data-embed-id=&quot;152820468&quot; data-embed-format=&quot;thumb&quot;&gt;&lt;span class=&quot;shadow mild&quot; &gt;&lt;a class=&quot;thumb&quot; href=&quot;https://www.deviantart.com/stuck-in-suburbia/art/thatssocute-152820468&quot; title=&quot;:thatssocute: by stuck-in-suburbia, Feb 4, 2010 in Customization &amp;gt; Emoticons &amp;gt; Other&quot;        data-sigil=&quot;thumb&quot;&gt;
        &lt;i&gt;&lt;/i&gt;&lt;img   width=&quot;21&quot; height=&quot;17&quot; alt=&quot;:thatssocute: by stuck-in-suburbia&quot; src=&quot;https://orig00.deviantart.net/ac48/f/2010/034/d/5/d5b9869691a88c6b9fe9b1987b0836e9.gif&quot; data-src=&quot;https://orig00.deviantart.net/ac48/f/2010/034/d/5/d5b9869691a88c6b9fe9b1987b0836e9.gif&quot; srcset=&quot;https://orig00.deviantart.net/ac48/f/2010/034/d/5/d5b9869691a88c6b9fe9b1987b0836e9.gif 21w&quot; sizes=&quot;21px&quot;&gt;&lt;/a&gt;&lt;/span&gt;&lt;!-- ^TTT --&gt;&lt;!-- TTT$ --&gt;&lt;/span&gt;&amp;nbsp;&lt;br /&gt;&lt;span class=&quot;shadow-holder&quot; data-embed-type=&quot;deviation&quot; data-embed-id=&quot;755288037&quot; data-embed-format=&quot;thumb&quot;&gt;&lt;span class=&quot;shadow mild&quot; &gt;&lt;a class=&quot;thumb&quot; href=&quot;https://www.deviantart.com/gigamessy/art/Gigabyte-Nice-755288037&quot; title=&quot;Gigabyte Nice by GigaMessy, Jul 19, 2018 in Scraps&quot;data-super-img=&quot;https://images-wixmp-ed30a86b8c4ca887773594c2.wixmp.com/intermediary/f/6a735e13-5cad-425e-bc73-008277778211/dchofz9-3c498bd1-06ef-4d0d-a6e5-87d5a4aff736.png&quot; data-super-width=&quot;50&quot; data-super-height=&quot;50&quot; data-super-transparent=&quot;false&quot; data-super-alt=&quot;Gigabyte Nice by GigaMessy&quot; data-super-full-img=&quot;https://images-wixmp-ed30a86b8c4ca887773594c2.wixmp.com/intermediary/f/6a735e13-5cad-425e-bc73-008277778211/dchofz9-3c498bd1-06ef-4d0d-a6e5-87d5a4aff736.png&quot; data-super-full-width=&quot;50&quot; data-super-full-height=&quot;50&quot;        data-sigil=&quot;thumb&quot;&gt;
        &lt;i&gt;&lt;/i&gt;&lt;img   width=&quot;50&quot; height=&quot;50&quot; alt=&quot;Gigabyte Nice by GigaMessy&quot; src=&quot;https://images-wixmp-ed30a86b8c4ca887773594c2.wixmp.com/intermediary/f/6a735e13-5cad-425e-bc73-008277778211/dchofz9-3c498bd1-06ef-4d0d-a6e5-87d5a4aff736.png&quot; data-src=&quot;https://images-wixmp-ed30a86b8c4ca887773594c2.wixmp.com/intermediary/f/6a735e13-5cad-425e-bc73-008277778211/dchofz9-3c498bd1-06ef-4d0d-a6e5-87d5a4aff736.png&quot; srcset=&quot;https://images-wixmp-ed30a86b8c4ca887773594c2.wixmp.com/intermediary/f/6a735e13-5cad-425e-bc73-008277778211/dchofz9-3c498bd1-06ef-4d0d-a6e5-87d5a4aff736.png 50w&quot; sizes=&quot;50px&quot;&gt;&lt;/a&gt;&lt;/span&gt;&lt;!-- ^TTT --&gt;&lt;!-- TTT$ --&gt;&lt;/span&gt;&amp;nbsp;We&#039;re hosting new raffle every Sunday, if you&#039;re interested check our&amp;nbsp;&lt;a href=&quot;https://gigamessy.deviantart.com/journal/&quot;&gt;journals&lt;/a&gt;&amp;nbsp;&lt;br /&gt;&lt;div&gt;&lt;img src=&quot;https://t00.deviantart.net/QWxX4LOs0Bk3Y4RN6FSbercFGaI=/300x200/filters:fixed_height(100,100):origin()/pre00/4ad7/th/pre/f/2019/027/d/b/_80_lexis_xaveria_by_gigamessy-dcy6pmq.png&quot; alt=&quot;thumbnail&quot; /&gt;&lt;/div&gt;</description>            </item>
                    <item>
                <title>Onigiri King</title>
                <link>https://magion02.deviantart.com/art/Onigiri-King-782986356</link>
                <guid isPermaLink="true">https://magion02.deviantart.com/art/Onigiri-King-782986356</guid>
                <pubDate>Sun, 27 Jan 2019 08:28:30 PST</pubDate>
                        <media:title type="plain">Onigiri King</media:title>
        <media:keywords></media:keywords>
                        <media:rating>nonadult</media:rating>
                <media:category label="Portraits">digitalart/paintings/people/portraits</media:category>
        <media:credit role="author" scheme="urn:ebu">magion02</media:credit>
        <media:credit role="author" scheme="urn:ebu">https://a.deviantart.net/avatars/m/a/magion02.jpg?5</media:credit>
        <media:copyright url="https://magion02.deviantart.com">Copyright 2019 magion02</media:copyright>            <media:description type="html">Join me at&amp;nbsp;&lt;a class=&quot;external&quot; href=&quot;https://www.deviantart.com/users/outgoing?https://www.patreon.com/magion02&quot;&gt;Patreon&lt;/a&gt;&amp;nbsp;and receive the &lt;b&gt;HD version&lt;/b&gt;,&lt;b&gt;&amp;nbsp;PSD file , Step by Step Process ,&amp;nbsp; and Process Video&lt;/b&gt;&amp;nbsp;of my illustrations!&lt;br /&gt;&lt;b&gt;&lt;br /&gt;&lt;b&gt;Art book available at&amp;nbsp;&lt;a class=&quot;external&quot; href=&quot;https://www.deviantart.com/users/outgoing?http://www.magion02.com/&quot;&gt;www.magion02.com&lt;br /&gt;&lt;/a&gt;&lt;br /&gt;&lt;br /&gt;&lt;a class=&quot;external&quot; href=&quot;https://www.deviantart.com/users/outgoing?https://www.facebook.com/Magion02&quot;&gt;Facebook&lt;/a&gt;&amp;nbsp;&lt;br /&gt;&lt;br /&gt;&lt;a class=&quot;external&quot; href=&quot;https://www.deviantart.com/users/outgoing?https://www.instagram.com/magion02&quot;&gt;Instagram&lt;/a&gt;&lt;br /&gt;&lt;br /&gt;&lt;a class=&quot;external&quot; href=&quot;https://www.deviantart.com/users/outgoing?http://www.artstation.com/artist/magion02&quot;&gt;Art Station&lt;/a&gt;&lt;br /&gt;&lt;br /&gt;&lt;a class=&quot;external&quot; href=&quot;https://www.deviantart.com/users/outgoing?http://drawcrowd.com/magion02&quot;&gt;Drawcrowd&lt;/a&gt;&lt;br /&gt;&lt;br /&gt;&lt;a class=&quot;external&quot; href=&quot;https://www.deviantart.com/users/outgoing?https://twitter.com/magion02&quot;&gt;Twitter&lt;/a&gt;&lt;br /&gt;&lt;br /&gt;&lt;a class=&quot;external&quot; href=&quot;https://www.deviantart.com/users/outgoing?http://www.patreon.com/magion02&quot;&gt;Patreon&lt;/a&gt;&lt;br /&gt;&lt;br /&gt;&lt;/b&gt;&lt;/b&gt;&lt;a href=&quot;https://magion02.deviantart.com/journal/COMMISSION-Re-opens-2018-March-727417360&quot;&gt;Commission&lt;/a&gt;&amp;nbsp;&lt;b&gt;is now OPEN!&lt;/b&gt;</media:description>            <media:thumbnail url="https://t00.deviantart.net/qbiTE7xU9kmgyc8o8Ex0rlyI8L0=/fit-in/150x150/filters:no_upscale():origin()/pre00/6174/th/pre/i/2019/027/c/3/onigiri_king_by_magion02-dcy6450.jpg" height="150" width="106"/>            <media:thumbnail url="https://t00.deviantart.net/z5OgfpjmrnMaETsJP61h42ezwSA=/fit-in/300x900/filters:no_upscale():origin()/pre00/6174/th/pre/i/2019/027/c/3/onigiri_king_by_magion02-dcy6450.jpg" height="425" width="300"/>            <media:thumbnail url="https://t00.deviantart.net/rltKGoIMOJmLyhiH2K5UOclcqus=/300x200/filters:fixed_height(100,100):origin()/pre00/6174/th/pre/i/2019/027/c/3/onigiri_king_by_magion02-dcy6450.jpg" height="200" width="141"/>            <media:content url="https://img00.deviantart.net/db89/i/2019/027/c/3/onigiri_king_by_magion02-dcy6450.jpg" height="849" width="600" medium="image"/>            
            <description>Join me at&amp;nbsp;&lt;a class=&quot;external&quot; href=&quot;https://www.deviantart.com/users/outgoing?https://www.patreon.com/magion02&quot;&gt;Patreon&lt;/a&gt;&amp;nbsp;and receive the &lt;b&gt;HD version&lt;/b&gt;,&lt;b&gt;&amp;nbsp;PSD file , Step by Step Process ,&amp;nbsp; and Process Video&lt;/b&gt;&amp;nbsp;of my illustrations!&lt;br /&gt;&lt;b&gt;&lt;br /&gt;&lt;b&gt;Art book available at&amp;nbsp;&lt;a class=&quot;external&quot; href=&quot;https://www.deviantart.com/users/outgoing?http://www.magion02.com/&quot;&gt;www.magion02.com&lt;br /&gt;&lt;/a&gt;&lt;br /&gt;&lt;br /&gt;&lt;a class=&quot;external&quot; href=&quot;https://www.deviantart.com/users/outgoing?https://www.facebook.com/Magion02&quot;&gt;Facebook&lt;/a&gt;&amp;nbsp;&lt;br /&gt;&lt;br /&gt;&lt;a class=&quot;external&quot; href=&quot;https://www.deviantart.com/users/outgoing?https://www.instagram.com/magion02&quot;&gt;Instagram&lt;/a&gt;&lt;br /&gt;&lt;br /&gt;&lt;a class=&quot;external&quot; href=&quot;https://www.deviantart.com/users/outgoing?http://www.artstation.com/artist/magion02&quot;&gt;Art Station&lt;/a&gt;&lt;br /&gt;&lt;br /&gt;&lt;a class=&quot;external&quot; href=&quot;https://www.deviantart.com/users/outgoing?http://drawcrowd.com/magion02&quot;&gt;Drawcrowd&lt;/a&gt;&lt;br /&gt;&lt;br /&gt;&lt;a class=&quot;external&quot; href=&quot;https://www.deviantart.com/users/outgoing?https://twitter.com/magion02&quot;&gt;Twitter&lt;/a&gt;&lt;br /&gt;&lt;br /&gt;&lt;a class=&quot;external&quot; href=&quot;https://www.deviantart.com/users/outgoing?http://www.patreon.com/magion02&quot;&gt;Patreon&lt;/a&gt;&lt;br /&gt;&lt;br /&gt;&lt;/b&gt;&lt;/b&gt;&lt;a href=&quot;https://magion02.deviantart.com/journal/COMMISSION-Re-opens-2018-March-727417360&quot;&gt;Commission&lt;/a&gt;&amp;nbsp;&lt;b&gt;is now OPEN!&lt;/b&gt;&lt;br /&gt;&lt;div&gt;&lt;img src=&quot;https://t00.deviantart.net/rltKGoIMOJmLyhiH2K5UOclcqus=/300x200/filters:fixed_height(100,100):origin()/pre00/6174/th/pre/i/2019/027/c/3/onigiri_king_by_magion02-dcy6450.jpg&quot; alt=&quot;thumbnail&quot; /&gt;&lt;/div&gt;</description>            </item>
                    <item>
                <title>peonies</title>
                <link>https://gaudibuendia.deviantart.com/art/peonies-783010692</link>
                <guid isPermaLink="true">https://gaudibuendia.deviantart.com/art/peonies-783010692</guid>
                <pubDate>Sun, 27 Jan 2019 11:23:51 PST</pubDate>
                        <media:title type="plain">peonies</media:title>
        <media:keywords></media:keywords>
                        <media:rating>nonadult</media:rating>
                <media:category label="Landscapes &amp; Scenery">digitalart/paintings/landscapes</media:category>
        <media:credit role="author" scheme="urn:ebu">GaudiBuendia</media:credit>
        <media:credit role="author" scheme="urn:ebu">https://a.deviantart.net/avatars/g/a/gaudibuendia.jpg?3</media:credit>
        <media:copyright url="https://gaudibuendia.deviantart.com">Copyright 2019 GaudiBuendia</media:copyright>            <media:description type="html"></media:description>            <media:thumbnail url="https://t00.deviantart.net/9Vp9_DQOH68F1BVKw0Cxy10l9q0=/fit-in/150x150/filters:no_upscale():origin()/pre00/4808/th/pre/i/2019/027/2/7/peonies_by_gaudibuendia-dcy6mx0.png" height="147" width="150"/>            <media:thumbnail url="https://t00.deviantart.net/BG0UNMuYHPWvkkonyc382OZVA3A=/fit-in/300x900/filters:no_upscale():origin()/pre00/4808/th/pre/i/2019/027/2/7/peonies_by_gaudibuendia-dcy6mx0.png" height="295" width="300"/>            <media:thumbnail url="https://t00.deviantart.net/KzEO-8qa7taa-HtC7f82Ogps_9k=/300x200/filters:fixed_height(100,100):origin()/pre00/4808/th/pre/i/2019/027/2/7/peonies_by_gaudibuendia-dcy6mx0.png" height="200" width="204"/>            <media:content url="https://pre00.deviantart.net/4808/th/pre/i/2019/027/2/7/peonies_by_gaudibuendia-dcy6mx0.png" height="886" width="902" medium="image"/>            
            <description>&lt;br /&gt;&lt;div&gt;&lt;img src=&quot;https://t00.deviantart.net/KzEO-8qa7taa-HtC7f82Ogps_9k=/300x200/filters:fixed_height(100,100):origin()/pre00/4808/th/pre/i/2019/027/2/7/peonies_by_gaudibuendia-dcy6mx0.png&quot; alt=&quot;thumbnail&quot; /&gt;&lt;/div&gt;</description>            </item>
                    <item>
                <title>C: miliuu</title>
                <link>https://bunbby.deviantart.com/art/C-miliuu-782863485</link>
                <guid isPermaLink="true">https://bunbby.deviantart.com/art/C-miliuu-782863485</guid>
                <pubDate>Sun, 27 Jan 2019 02:27:44 PST</pubDate>
                        <media:title type="plain">C: miliuu</media:title>
        <media:keywords></media:keywords>
                        <media:rating>nonadult</media:rating>
                <media:category label="Drawings">manga/digital/drawings</media:category>
        <media:credit role="author" scheme="urn:ebu">bunbby</media:credit>
        <media:credit role="author" scheme="urn:ebu">https://a.deviantart.net/avatars/b/u/bunbby.gif?1</media:credit>
        <media:copyright url="https://bunbby.deviantart.com">Copyright 2019 bunbby</media:copyright>
            <media:community>
                <media:tags>@bunbbyart</media:tags>
            </media:community>            <media:description type="html">&lt;div align=&quot;-webkit-center&quot;&gt;Such an adorable character!&lt;br /&gt;Full body Commission of&amp;nbsp;&lt;span class=&quot;username-with-symbol u&quot;&gt;&lt;a class=&quot;u regular username&quot; href=&quot;https://www.deviantart.com/miliuu&quot;&gt;miliuu&lt;/a&gt;&lt;span class=&quot;user-symbol regular&quot; data-quicktip-text=&quot;&quot; data-show-tooltip=&quot;&quot; data-gruser-type=&quot;regular&quot;&gt;&lt;/span&gt;&lt;/span&gt;&amp;nbsp;&lt;a href=&quot;https://www.deviantart.com/jerikuto/art/Bunny-Emoji-32-Waving-V2-426813484&quot; class=&quot;emoticon&quot; data-embed-type=&quot;emoticon&quot; data-embed-id=&quot;426813484&quot; data-embed-profile=&quot;deviation&quot;&gt;&lt;img src=&quot;https://orig00.deviantart.net/1d17/f/2014/019/a/7/bunny_emoji_32__waving___v2__by_jerikuto-d7243e4.gif&quot; alt=&quot;Bunny Emoji-32 (Waving) [V2]&quot; style=&quot;width:45px;height:20px&quot;&gt;&lt;/a&gt;&lt;br /&gt;Thank you again for commissioning me~&amp;nbsp;&amp;#9825;&amp;nbsp;&lt;a href=&quot;https://www.deviantart.com/chipi-chiu/art/Bunny-chuu-545690466&quot; class=&quot;emoticon&quot; data-embed-type=&quot;emoticon&quot; data-embed-id=&quot;545690466&quot; data-embed-profile=&quot;deviation&quot;&gt;&lt;img src=&quot;https://orig00.deviantart.net/9716/f/2015/192/0/3/___s_by_chipi_chiu-d90w1gi.gif&quot; alt=&quot;.:Bunny chuu:.&quot; style=&quot;width:20px;height:20px&quot;&gt;&lt;/a&gt;&amp;nbsp;&lt;br /&gt;&lt;br /&gt;&lt;b&gt;Please join my&amp;nbsp;Contest&amp;nbsp;if you have the time~!&lt;/b&gt;&lt;br /&gt;&lt;span class=&quot;shadow-holder&quot; data-embed-type=&quot;deviation&quot; data-embed-id=&quot;782122118&quot; data-embed-format=&quot;thumb&quot;&gt;&lt;span class=&quot;shadow mild&quot; &gt;&lt;a href=&quot;https://www.deviantart.com/bunbby/journal/UPDATE-Draw-my-OC-Contest-OPEN-and-Art-782122118&quot; data-sigil=&quot;thumb&quot; class=&quot;thumb lit&quot; onmouseover=&quot;if (window.LitBox) LitBox.hover(this, true)&quot; onmouseout=&quot;if (window.LitBox) LitBox.out(this)&quot;&gt;&lt;i&gt;&lt;/i&gt;&lt;img class=&quot;lit journal&quot; src=&quot;https://st.deviantart.net/minish/gruzecontrol/icons/journal.gif?2&quot;&gt;&lt;span class=&quot;wrap&quot; style=&quot;width: 150px&quot;&gt;&lt;q&gt;
        &lt;strong&gt;UPDATE!! Draw my OC Contest- OPEN!($$ and Art!!)&lt;/strong&gt;&lt;b&gt;Change log:&lt;br /&gt;- entries on instagram added!&lt;br /&gt;&lt;/b&gt;&lt;br /&gt;&lt;img src=&quot;https://images-wixmp-ed30a86b8c4ca887773594c2.wixmp.com/intermediary/f/476607fc-394c-47a7-9cb5-73e23964adbf/dcwz3kv-469cb9a8-99e3-43f8-94b9-d8e3c7c27fc5.png/v1/fit/w_300,h_686,q_70,strp/draw_me__by_bunbby_dcwz3kv-300w.jpg&quot;class=&quot;gr-shrink thumb-in-thumb &quot;&gt;&lt;br /&gt;&lt;strong&gt;DRAW MY OC, FAYRE, CONTEST!!&lt;/strong&gt;&lt;br /&gt;&lt;img src=&quot;https://images-wixmp-ed30a86b8c4ca887773594c2.wixmp.com/intermediary/f/476607fc-394c-47a7-9cb5-73e23964adbf/dcxw8jc-89859284-74ac-460c-b400-4c9a3b81f529.png/v1/fit/w_300,h_900,q_70,strp/fayre___update_by_bunbby_dcxw8jc-300w.jpg&quot;class=&quot;gr-shrink thumb-in-thumb &quot;&gt;&lt;br /&gt;&lt;b&gt;&amp;#9825; Age&lt;/b&gt;:&lt;br /&gt;&amp;#10084;&amp;nbsp;18&lt;br /&gt;&lt;b&gt;&amp;#9825; Personality:&lt;/b&gt;&lt;br /&gt;&amp;#10084;&amp;nbsp;Can be a lil tsun tsun at times. She&#039;s kind, sweet and outgoing.&lt;br /&gt;&amp;#10084;&amp;nbsp;She hates being the center of attention.&lt;br /&gt;&amp;#10084;&amp;nbsp;Loathes bugs of any kind.&lt;br /&gt;&amp;#10084;&amp;nbsp;Has an obsession with arctic foxes, she will cry if she ever saw one.&lt;br /&gt;&amp;#10084;&amp;nbsp;Loves donuts, chocolates, pasta and black coffee.&amp;nbsp;&lt;br /&gt;&lt;b&gt;&amp;#9825; Notes :&lt;/b&gt;&lt;br /&gt;&amp;#10084;&amp;nbsp;&amp;nbsp;Her hair has blue streaks. (Best example is her main reference)&lt;br /&gt;&amp;#10084; Her choker is a golden key.&lt;br /&gt;&amp;#10084; Her usually floppy bunny ears stands up when she&#039;s angry /flustered and lowers down when she&#039;s sad.&lt;br /&gt;&lt;strong&gt;RULES&lt;/strong&gt;&lt;br /&gt;&lt;b&gt;&amp;#9825;&amp;nbsp; You cannot use bases/trace any art. Original works only!&lt;br /&gt;&lt;/b&gt;&lt;b&gt;&amp;#9825; Finished fully colored works only!&lt;br /&gt;&lt;/b&gt;&lt;b&gt;&amp;#9825; You cannot change&lt;/b&gt;&lt;/q&gt;&lt;/span&gt;&lt;/a&gt;&lt;/span&gt;&lt;!-- ^TTT --&gt;&lt;!-- TTT$ --&gt;&lt;/span&gt;&lt;sub&gt;&amp;nbsp;&lt;/sub&gt;&lt;br /&gt;&lt;br /&gt;&lt;/div&gt;&lt;sub&gt;&lt;div align=&quot;center&quot;&gt;&lt;sub&gt;&amp;nbsp;&lt;/sub&gt;&amp;#9825;-------------------------------&amp;nbsp;&amp;#9825;&lt;br /&gt;&lt;h3&gt;&lt;b&gt;&amp;nbsp;&lt;a class=&quot;external&quot; href=&quot;https://www.deviantart.com/users/outgoing?https://www.instagram.com/bunbbyart/&quot;&gt;Instagram!&lt;/a&gt;&amp;nbsp;&amp;#10084;&amp;nbsp;&amp;nbsp;&lt;a class=&quot;external&quot; href=&quot;https://www.deviantart.com/users/outgoing?https://www.facebook.com/bunbbyart/&quot;&gt;Facebook&lt;/a&gt;&amp;nbsp;&amp;nbsp;&amp;#10084;&amp;nbsp;&lt;a class=&quot;external&quot; href=&quot;https://www.deviantart.com/users/outgoing?https://www.youtube.com/channel/UCvYmA9PNlG-fjsO6ENbT9_A&quot;&gt;Youtube&lt;/a&gt;&amp;nbsp;&amp;nbsp;&lt;/b&gt;&lt;b&gt;&amp;#10084;&amp;nbsp;&lt;a class=&quot;external&quot; href=&quot;https://www.deviantart.com/users/outgoing?https://twitter.com/bunbbyart&quot;&gt;Twitter&lt;/a&gt;&lt;/b&gt;&lt;/h3&gt;&lt;h3&gt;&lt;b&gt;&amp;#9825;-----&amp;#9825;&lt;/b&gt;&lt;/h3&gt;&lt;h3&gt;&lt;u&gt;&lt;a href=&quot;http://fav.me/d6pf6uz&quot;&gt;&amp;nbsp; &amp;nbsp;Commission Info&lt;/a&gt;&amp;nbsp;&amp;#9825;&amp;nbsp;&amp;nbsp;&lt;/u&gt;&lt;/h3&gt;&lt;/div&gt;&lt;/sub&gt;</media:description>            <media:thumbnail url="https://t00.deviantart.net/7U1XvO-gdnxSO5Flla6ef52TCxU=/fit-in/150x150/filters:no_upscale():origin()/pre00/7170/th/pre/i/2019/027/4/0/c__miliuu_by_bunbby-dcy3hbx.png" height="150" width="97"/>            <media:thumbnail url="https://t00.deviantart.net/1aoUMfwCHH2ZYXgDWbeOydl7Mtw=/fit-in/300x900/filters:no_upscale():origin()/pre00/7170/th/pre/i/2019/027/4/0/c__miliuu_by_bunbby-dcy3hbx.png" height="465" width="300"/>            <media:thumbnail url="https://t00.deviantart.net/Bs4TOJJi5HTWJ1l96k2QrEShoRE=/300x200/filters:fixed_height(100,100):origin()/pre00/7170/th/pre/i/2019/027/4/0/c__miliuu_by_bunbby-dcy3hbx.png" height="200" width="129"/>            <media:content url="https://pre00.deviantart.net/7170/th/pre/i/2019/027/4/0/c__miliuu_by_bunbby-dcy3hbx.png" height="1113" width="718" medium="image"/>            
            <description>&lt;div align=&quot;-webkit-center&quot;&gt;Such an adorable character!&lt;br /&gt;Full body Commission of&amp;nbsp;&lt;span class=&quot;username-with-symbol u&quot;&gt;&lt;a class=&quot;u regular username&quot; href=&quot;https://www.deviantart.com/miliuu&quot;&gt;miliuu&lt;/a&gt;&lt;span class=&quot;user-symbol regular&quot; data-quicktip-text=&quot;&quot; data-show-tooltip=&quot;&quot; data-gruser-type=&quot;regular&quot;&gt;&lt;/span&gt;&lt;/span&gt;&amp;nbsp;&lt;a href=&quot;https://www.deviantart.com/jerikuto/art/Bunny-Emoji-32-Waving-V2-426813484&quot; class=&quot;emoticon&quot; data-embed-type=&quot;emoticon&quot; data-embed-id=&quot;426813484&quot; data-embed-profile=&quot;deviation&quot;&gt;&lt;img src=&quot;https://orig00.deviantart.net/1d17/f/2014/019/a/7/bunny_emoji_32__waving___v2__by_jerikuto-d7243e4.gif&quot; alt=&quot;Bunny Emoji-32 (Waving) [V2]&quot; style=&quot;width:45px;height:20px&quot;&gt;&lt;/a&gt;&lt;br /&gt;Thank you again for commissioning me~&amp;nbsp;&amp;#9825;&amp;nbsp;&lt;a href=&quot;https://www.deviantart.com/chipi-chiu/art/Bunny-chuu-545690466&quot; class=&quot;emoticon&quot; data-embed-type=&quot;emoticon&quot; data-embed-id=&quot;545690466&quot; data-embed-profile=&quot;deviation&quot;&gt;&lt;img src=&quot;https://orig00.deviantart.net/9716/f/2015/192/0/3/___s_by_chipi_chiu-d90w1gi.gif&quot; alt=&quot;.:Bunny chuu:.&quot; style=&quot;width:20px;height:20px&quot;&gt;&lt;/a&gt;&amp;nbsp;&lt;br /&gt;&lt;br /&gt;&lt;b&gt;Please join my&amp;nbsp;Contest&amp;nbsp;if you have the time~!&lt;/b&gt;&lt;br /&gt;&lt;span class=&quot;shadow-holder&quot; data-embed-type=&quot;deviation&quot; data-embed-id=&quot;782122118&quot; data-embed-format=&quot;thumb&quot;&gt;&lt;span class=&quot;shadow mild&quot; &gt;&lt;a href=&quot;https://www.deviantart.com/bunbby/journal/UPDATE-Draw-my-OC-Contest-OPEN-and-Art-782122118&quot; data-sigil=&quot;thumb&quot; class=&quot;thumb lit&quot; onmouseover=&quot;if (window.LitBox) LitBox.hover(this, true)&quot; onmouseout=&quot;if (window.LitBox) LitBox.out(this)&quot;&gt;&lt;i&gt;&lt;/i&gt;&lt;img class=&quot;lit journal&quot; src=&quot;https://st.deviantart.net/minish/gruzecontrol/icons/journal.gif?2&quot;&gt;&lt;span class=&quot;wrap&quot; style=&quot;width: 150px&quot;&gt;&lt;q&gt;
        &lt;strong&gt;UPDATE!! Draw my OC Contest- OPEN!($$ and Art!!)&lt;/strong&gt;&lt;b&gt;Change log:&lt;br /&gt;- entries on instagram added!&lt;br /&gt;&lt;/b&gt;&lt;br /&gt;&lt;img src=&quot;https://images-wixmp-ed30a86b8c4ca887773594c2.wixmp.com/intermediary/f/476607fc-394c-47a7-9cb5-73e23964adbf/dcwz3kv-469cb9a8-99e3-43f8-94b9-d8e3c7c27fc5.png/v1/fit/w_300,h_686,q_70,strp/draw_me__by_bunbby_dcwz3kv-300w.jpg&quot;class=&quot;gr-shrink thumb-in-thumb &quot;&gt;&lt;br /&gt;&lt;strong&gt;DRAW MY OC, FAYRE, CONTEST!!&lt;/strong&gt;&lt;br /&gt;&lt;img src=&quot;https://images-wixmp-ed30a86b8c4ca887773594c2.wixmp.com/intermediary/f/476607fc-394c-47a7-9cb5-73e23964adbf/dcxw8jc-89859284-74ac-460c-b400-4c9a3b81f529.png/v1/fit/w_300,h_900,q_70,strp/fayre___update_by_bunbby_dcxw8jc-300w.jpg&quot;class=&quot;gr-shrink thumb-in-thumb &quot;&gt;&lt;br /&gt;&lt;b&gt;&amp;#9825; Age&lt;/b&gt;:&lt;br /&gt;&amp;#10084;&amp;nbsp;18&lt;br /&gt;&lt;b&gt;&amp;#9825; Personality:&lt;/b&gt;&lt;br /&gt;&amp;#10084;&amp;nbsp;Can be a lil tsun tsun at times. She&#039;s kind, sweet and outgoing.&lt;br /&gt;&amp;#10084;&amp;nbsp;She hates being the center of attention.&lt;br /&gt;&amp;#10084;&amp;nbsp;Loathes bugs of any kind.&lt;br /&gt;&amp;#10084;&amp;nbsp;Has an obsession with arctic foxes, she will cry if she ever saw one.&lt;br /&gt;&amp;#10084;&amp;nbsp;Loves donuts, chocolates, pasta and black coffee.&amp;nbsp;&lt;br /&gt;&lt;b&gt;&amp;#9825; Notes :&lt;/b&gt;&lt;br /&gt;&amp;#10084;&amp;nbsp;&amp;nbsp;Her hair has blue streaks. (Best example is her main reference)&lt;br /&gt;&amp;#10084; Her choker is a golden key.&lt;br /&gt;&amp;#10084; Her usually floppy bunny ears stands up when she&#039;s angry /flustered and lowers down when she&#039;s sad.&lt;br /&gt;&lt;strong&gt;RULES&lt;/strong&gt;&lt;br /&gt;&lt;b&gt;&amp;#9825;&amp;nbsp; You cannot use bases/trace any art. Original works only!&lt;br /&gt;&lt;/b&gt;&lt;b&gt;&amp;#9825; Finished fully colored works only!&lt;br /&gt;&lt;/b&gt;&lt;b&gt;&amp;#9825; You cannot change&lt;/b&gt;&lt;/q&gt;&lt;/span&gt;&lt;/a&gt;&lt;/span&gt;&lt;!-- ^TTT --&gt;&lt;!-- TTT$ --&gt;&lt;/span&gt;&lt;sub&gt;&amp;nbsp;&lt;/sub&gt;&lt;br /&gt;&lt;br /&gt;&lt;/div&gt;&lt;sub&gt;&lt;div align=&quot;center&quot;&gt;&lt;sub&gt;&amp;nbsp;&lt;/sub&gt;&amp;#9825;-------------------------------&amp;nbsp;&amp;#9825;&lt;br /&gt;&lt;h3&gt;&lt;b&gt;&amp;nbsp;&lt;a class=&quot;external&quot; href=&quot;https://www.deviantart.com/users/outgoing?https://www.instagram.com/bunbbyart/&quot;&gt;Instagram!&lt;/a&gt;&amp;nbsp;&amp;#10084;&amp;nbsp;&amp;nbsp;&lt;a class=&quot;external&quot; href=&quot;https://www.deviantart.com/users/outgoing?https://www.facebook.com/bunbbyart/&quot;&gt;Facebook&lt;/a&gt;&amp;nbsp;&amp;nbsp;&amp;#10084;&amp;nbsp;&lt;a class=&quot;external&quot; href=&quot;https://www.deviantart.com/users/outgoing?https://www.youtube.com/channel/UCvYmA9PNlG-fjsO6ENbT9_A&quot;&gt;Youtube&lt;/a&gt;&amp;nbsp;&amp;nbsp;&lt;/b&gt;&lt;b&gt;&amp;#10084;&amp;nbsp;&lt;a class=&quot;external&quot; href=&quot;https://www.deviantart.com/users/outgoing?https://twitter.com/bunbbyart&quot;&gt;Twitter&lt;/a&gt;&lt;/b&gt;&lt;/h3&gt;&lt;h3&gt;&lt;b&gt;&amp;#9825;-----&amp;#9825;&lt;/b&gt;&lt;/h3&gt;&lt;h3&gt;&lt;u&gt;&lt;a href=&quot;http://fav.me/d6pf6uz&quot;&gt;&amp;nbsp; &amp;nbsp;Commission Info&lt;/a&gt;&amp;nbsp;&amp;#9825;&amp;nbsp;&amp;nbsp;&lt;/u&gt;&lt;/h3&gt;&lt;/div&gt;&lt;/sub&gt;&lt;br /&gt;&lt;div&gt;&lt;img src=&quot;https://t00.deviantart.net/Bs4TOJJi5HTWJ1l96k2QrEShoRE=/300x200/filters:fixed_height(100,100):origin()/pre00/7170/th/pre/i/2019/027/4/0/c__miliuu_by_bunbby-dcy3hbx.png&quot; alt=&quot;thumbnail&quot; /&gt;&lt;/div&gt;</description>            </item>
                    <item>
                <title>Through The Swamp [COMMISSION]</title>
                <link>https://arven92.deviantart.com/art/Through-The-Swamp-COMMISSION-782104074</link>
                <guid isPermaLink="true">https://arven92.deviantart.com/art/Through-The-Swamp-COMMISSION-782104074</guid>
                <pubDate>Sun, 27 Jan 2019 09:26:36 PST</pubDate>
                        <media:title type="plain">Through The Swamp [COMMISSION]</media:title>
        <media:keywords></media:keywords>
                        <media:rating>nonadult</media:rating>
                <media:category label="Fantasy">digitalart/paintings/fantasy</media:category>
        <media:credit role="author" scheme="urn:ebu">ARVEN92</media:credit>
        <media:credit role="author" scheme="urn:ebu">https://a.deviantart.net/avatars/a/r/arven92.gif?10</media:credit>
        <media:copyright url="https://arven92.deviantart.com">Copyright 2019 ARVEN92</media:copyright>
            <media:community>
                <media:tags>@Panthera_Arven</media:tags>
            </media:community>            <media:description type="html">&lt;h1 align=&quot;-webkit-center&quot;&gt;Commission me:&amp;nbsp;&amp;nbsp;&lt;span class=&quot;shadow-holder&quot; data-embed-type=&quot;deviation&quot; data-embed-id=&quot;737830357&quot; data-embed-format=&quot;thumb&quot;&gt;&lt;span class=&quot;shadow mild&quot; &gt;&lt;a class=&quot;thumb admature&quot; href=&quot;https://www.deviantart.com/arven92/art/Arven-s-2018-Commission-Prices-737830357&quot; title=&quot;Arven&amp;#039;s 2018 Commission Prices by ARVEN92, Apr 2, 2018 in Digital Art &amp;gt; Drawings &amp;amp; Paintings &amp;gt; Other&quot;data-super-img=&quot;https://images-wixmp-ed30a86b8c4ca887773594c2.wixmp.com/intermediary/f/5a837a0e-fe1c-4e50-92e2-c8b7c6bd1c1c/dc7a9jp-35ca0726-8ee5-481c-806c-18b896eecaa3.png/v1/fill/w_365,h_2187,q_70,strp/arven_s_2018_commission_prices_by_arven92_dc7a9jp-pre.jpg&quot; data-super-width=&quot;365&quot; data-super-height=&quot;2187&quot; data-super-transparent=&quot;false&quot; data-super-alt=&quot;Arven&amp;#039;s 2018 Commission Prices by ARVEN92&quot; data-super-full-img=&quot;https://images-wixmp-ed30a86b8c4ca887773594c2.wixmp.com/intermediary/f/5a837a0e-fe1c-4e50-92e2-c8b7c6bd1c1c/dc7a9jp-35ca0726-8ee5-481c-806c-18b896eecaa3.png&quot; data-super-full-width=&quot;1001&quot; data-super-full-height=&quot;5990&quot;        data-sigil=&quot;thumb&quot;&gt;
        &lt;i&gt;&lt;/i&gt;&lt;img   width=&quot;25&quot; height=&quot;150&quot; alt=&quot;Arven&amp;#039;s 2018 Commission Prices by ARVEN92&quot; src=&quot;https://images-wixmp-ed30a86b8c4ca887773594c2.wixmp.com/intermediary/f/5a837a0e-fe1c-4e50-92e2-c8b7c6bd1c1c/dc7a9jp-35ca0726-8ee5-481c-806c-18b896eecaa3.png/v1/fit/w_150,h_150,q_70,strp/arven_s_2018_commission_prices_by_arven92_dc7a9jp-150.jpg&quot; data-src=&quot;https://images-wixmp-ed30a86b8c4ca887773594c2.wixmp.com/intermediary/f/5a837a0e-fe1c-4e50-92e2-c8b7c6bd1c1c/dc7a9jp-35ca0726-8ee5-481c-806c-18b896eecaa3.png/v1/fit/w_150,h_150,q_70,strp/arven_s_2018_commission_prices_by_arven92_dc7a9jp-150.jpg&quot; srcset=&quot;https://images-wixmp-ed30a86b8c4ca887773594c2.wixmp.com/intermediary/f/5a837a0e-fe1c-4e50-92e2-c8b7c6bd1c1c/dc7a9jp-35ca0726-8ee5-481c-806c-18b896eecaa3.png/v1/fit/w_150,h_150,q_70,strp/arven_s_2018_commission_prices_by_arven92_dc7a9jp-150.jpg 25w,https://images-wixmp-ed30a86b8c4ca887773594c2.wixmp.com/intermediary/f/5a837a0e-fe1c-4e50-92e2-c8b7c6bd1c1c/dc7a9jp-35ca0726-8ee5-481c-806c-18b896eecaa3.png/v1/crop/w_100,h_251,x_0,y_0,scl_0.0999000999001,q_70,strp/arven_s_2018_commission_prices_by_arven92_dc7a9jp-250t.jpg 100w,https://images-wixmp-ed30a86b8c4ca887773594c2.wixmp.com/intermediary/f/5a837a0e-fe1c-4e50-92e2-c8b7c6bd1c1c/dc7a9jp-35ca0726-8ee5-481c-806c-18b896eecaa3.png/v1/fill/w_365,h_2187,q_70,strp/arven_s_2018_commission_prices_by_arven92_dc7a9jp-pre.jpg 365w&quot; sizes=&quot;25px&quot;&gt;&lt;/a&gt;&lt;/span&gt;&lt;!-- ^TTT --&gt;&lt;!-- TTT$ --&gt;&lt;/span&gt;&amp;nbsp;&lt;/h1&gt;&lt;div align=&quot;center&quot;&gt;&lt;h1&gt;&lt;a target=&quot;_self&quot; href=&quot;https://www.deviantart.com/patreonplz&quot; &gt;&lt;img class=&quot;avatar&quot; width=&quot;50&quot; height=&quot;50&quot; src=&quot;https://a.deviantart.net/avatars/p/a/patreonplz.png?2&quot; alt=&quot;:iconpatreonplz:&quot; title=&quot;patreonplz&quot; /&gt;&lt;/a&gt;Support on PATREON!&amp;nbsp;&lt;a class=&quot;external&quot; href=&quot;https://www.deviantart.com/users/outgoing?https://www.patreon.com/arven&quot;&gt;www.patreon.com/arven&lt;/a&gt;&lt;/h1&gt;&lt;h1&gt;&lt;a href=&quot;https://www.deviantart.com/linux-rules/art/Instagram-2016-Icon-614009938&quot; class=&quot;emoticon&quot; data-embed-type=&quot;emoticon&quot; data-embed-id=&quot;614009938&quot; data-embed-profile=&quot;deviation&quot;&gt;&lt;img src=&quot;https://images-wixmp-ed30a86b8c4ca887773594c2.wixmp.com/intermediary/f/25e46574-05d5-4425-916d-e5292bb066ac/da5kd3m-06083fe0-d5c5-449c-9314-bab7e814257a.png&quot; alt=&quot;Instagram (2016) Icon&quot; style=&quot;width:50px;height:50px&quot;&gt;&lt;/a&gt;&amp;nbsp;Follow me on INSTAGRAM!&amp;nbsp;&lt;a class=&quot;external&quot; href=&quot;https://www.deviantart.com/users/outgoing?https://www.instagram.com/panthera.arven/?hl=it&quot;&gt;www.instagram.com/panthera.arv&amp;#8230;&lt;/a&gt;&lt;/h1&gt;&lt;/div&gt;&lt;br /&gt;Finished commission for &lt;a target=&quot;_self&quot; href=&quot;https://www.deviantart.com/amar0q&quot; &gt;&lt;img class=&quot;avatar&quot; width=&quot;50&quot; height=&quot;50&quot; src=&quot;https://a.deviantart.net/avatars/a/m/amar0q.gif?7&quot; alt=&quot;:iconamar0q:&quot; title=&quot;Amar0q&quot; /&gt;&lt;/a&gt; of their wolf character crossing a swamp, accompanied by a few crawlies! (has the ability to speak to bugs.)&lt;br /&gt;&lt;br /&gt;I loved working on this! It was such a different setting and I enjoyed the idea of the bugs &lt;img src=&quot;https://e.deviantart.net/emoticons/s/smile.gif&quot; width=&quot;15&quot; height=&quot;15&quot; alt=&quot;:)&quot; data-embed-type=&quot;emoticon&quot; data-embed-id=&quot;391&quot; title=&quot;:) (Smile)&quot;/&gt;&lt;br /&gt;I hope you like it!&lt;br /&gt;&lt;br /&gt;&lt;br /&gt;&lt;div&gt;&lt;h1&gt;&lt;u&gt;&lt;a href=&quot;https://www.deviantart.com/linux-rules/art/Instagram-2016-Icon-614009938&quot; class=&quot;emoticon&quot; data-embed-type=&quot;emoticon&quot; data-embed-id=&quot;614009938&quot; data-embed-profile=&quot;deviation&quot;&gt;&lt;img src=&quot;https://images-wixmp-ed30a86b8c4ca887773594c2.wixmp.com/intermediary/f/25e46574-05d5-4425-916d-e5292bb066ac/da5kd3m-06083fe0-d5c5-449c-9314-bab7e814257a.png&quot; alt=&quot;Instagram (2016) Icon&quot; style=&quot;width:50px;height:50px&quot;&gt;&lt;/a&gt;&amp;nbsp;F&lt;b&gt;ollow me on INSTAGRAM for more art!&lt;/b&gt;&amp;nbsp;&lt;b&gt;&lt;a class=&quot;external&quot; href=&quot;https://www.deviantart.com/users/outgoing?https://www.instagram.com/panthera.arven/?hl=it&quot;&gt;www.instagram.com/panthera.arv&amp;#8230;&lt;/a&gt;&amp;nbsp;&lt;/b&gt;&lt;/u&gt;&lt;/h1&gt;&lt;u&gt;&lt;i&gt;&lt;h1&gt;&lt;b&gt;&lt;br /&gt;&lt;/b&gt;&lt;/h1&gt;&lt;/i&gt;&lt;/u&gt;&lt;span&gt;Character (c) &lt;a target=&quot;_self&quot; href=&quot;https://www.deviantart.com/amar0q&quot; &gt;&lt;img class=&quot;avatar&quot; width=&quot;50&quot; height=&quot;50&quot; src=&quot;https://a.deviantart.net/avatars/a/m/amar0q.gif?7&quot; alt=&quot;:iconamar0q:&quot; title=&quot;Amar0q&quot; /&gt;&lt;/a&gt;&lt;br /&gt;Art (c)&amp;nbsp;&lt;/span&gt;&lt;a target=&quot;_self&quot; href=&quot;https://www.deviantart.com/arven92&quot; &gt;&lt;img class=&quot;avatar&quot; width=&quot;50&quot; height=&quot;50&quot; src=&quot;https://a.deviantart.net/avatars/a/r/arven92.gif?10&quot; alt=&quot;:iconarven92:&quot; title=&quot;ARVEN92&quot; /&gt;&lt;/a&gt;&lt;br /&gt;&lt;/div&gt;</media:description>            <media:thumbnail url="https://t00.deviantart.net/qoGehwis_WN1uIQcS5nHkbQpg6s=/fit-in/150x150/filters:no_upscale():origin()/pre00/e597/th/pre/i/2019/027/7/d/through_the_swamp__commission__by_arven92-dcxn7d6.jpg" height="113" width="150"/>            <media:thumbnail url="https://t00.deviantart.net/FcRTOc3C14PiBYDVov_CV5dX184=/fit-in/300x900/filters:no_upscale():origin()/pre00/e597/th/pre/i/2019/027/7/d/through_the_swamp__commission__by_arven92-dcxn7d6.jpg" height="225" width="300"/>            <media:thumbnail url="https://t00.deviantart.net/Nn8OHoliuLJ-Tf-gCntp1ZCqs4g=/300x200/filters:fixed_height(100,100):origin()/pre00/e597/th/pre/i/2019/027/7/d/through_the_swamp__commission__by_arven92-dcxn7d6.jpg" height="200" width="266"/>            <media:content url="https://pre00.deviantart.net/e597/th/pre/i/2019/027/7/d/through_the_swamp__commission__by_arven92-dcxn7d6.jpg" height="775" width="1031" medium="image"/>            
            <description>&lt;h1 align=&quot;-webkit-center&quot;&gt;Commission me:&amp;nbsp;&amp;nbsp;&lt;span class=&quot;shadow-holder&quot; data-embed-type=&quot;deviation&quot; data-embed-id=&quot;737830357&quot; data-embed-format=&quot;thumb&quot;&gt;&lt;span class=&quot;shadow mild&quot; &gt;&lt;a class=&quot;thumb admature&quot; href=&quot;https://www.deviantart.com/arven92/art/Arven-s-2018-Commission-Prices-737830357&quot; title=&quot;Arven&amp;#039;s 2018 Commission Prices by ARVEN92, Apr 2, 2018 in Digital Art &amp;gt; Drawings &amp;amp; Paintings &amp;gt; Other&quot;data-super-img=&quot;https://images-wixmp-ed30a86b8c4ca887773594c2.wixmp.com/intermediary/f/5a837a0e-fe1c-4e50-92e2-c8b7c6bd1c1c/dc7a9jp-35ca0726-8ee5-481c-806c-18b896eecaa3.png/v1/fill/w_365,h_2187,q_70,strp/arven_s_2018_commission_prices_by_arven92_dc7a9jp-pre.jpg&quot; data-super-width=&quot;365&quot; data-super-height=&quot;2187&quot; data-super-transparent=&quot;false&quot; data-super-alt=&quot;Arven&amp;#039;s 2018 Commission Prices by ARVEN92&quot; data-super-full-img=&quot;https://images-wixmp-ed30a86b8c4ca887773594c2.wixmp.com/intermediary/f/5a837a0e-fe1c-4e50-92e2-c8b7c6bd1c1c/dc7a9jp-35ca0726-8ee5-481c-806c-18b896eecaa3.png&quot; data-super-full-width=&quot;1001&quot; data-super-full-height=&quot;5990&quot;        data-sigil=&quot;thumb&quot;&gt;
        &lt;i&gt;&lt;/i&gt;&lt;img   width=&quot;25&quot; height=&quot;150&quot; alt=&quot;Arven&amp;#039;s 2018 Commission Prices by ARVEN92&quot; src=&quot;https://images-wixmp-ed30a86b8c4ca887773594c2.wixmp.com/intermediary/f/5a837a0e-fe1c-4e50-92e2-c8b7c6bd1c1c/dc7a9jp-35ca0726-8ee5-481c-806c-18b896eecaa3.png/v1/fit/w_150,h_150,q_70,strp/arven_s_2018_commission_prices_by_arven92_dc7a9jp-150.jpg&quot; data-src=&quot;https://images-wixmp-ed30a86b8c4ca887773594c2.wixmp.com/intermediary/f/5a837a0e-fe1c-4e50-92e2-c8b7c6bd1c1c/dc7a9jp-35ca0726-8ee5-481c-806c-18b896eecaa3.png/v1/fit/w_150,h_150,q_70,strp/arven_s_2018_commission_prices_by_arven92_dc7a9jp-150.jpg&quot; srcset=&quot;https://images-wixmp-ed30a86b8c4ca887773594c2.wixmp.com/intermediary/f/5a837a0e-fe1c-4e50-92e2-c8b7c6bd1c1c/dc7a9jp-35ca0726-8ee5-481c-806c-18b896eecaa3.png/v1/fit/w_150,h_150,q_70,strp/arven_s_2018_commission_prices_by_arven92_dc7a9jp-150.jpg 25w,https://images-wixmp-ed30a86b8c4ca887773594c2.wixmp.com/intermediary/f/5a837a0e-fe1c-4e50-92e2-c8b7c6bd1c1c/dc7a9jp-35ca0726-8ee5-481c-806c-18b896eecaa3.png/v1/crop/w_100,h_251,x_0,y_0,scl_0.0999000999001,q_70,strp/arven_s_2018_commission_prices_by_arven92_dc7a9jp-250t.jpg 100w,https://images-wixmp-ed30a86b8c4ca887773594c2.wixmp.com/intermediary/f/5a837a0e-fe1c-4e50-92e2-c8b7c6bd1c1c/dc7a9jp-35ca0726-8ee5-481c-806c-18b896eecaa3.png/v1/fill/w_365,h_2187,q_70,strp/arven_s_2018_commission_prices_by_arven92_dc7a9jp-pre.jpg 365w&quot; sizes=&quot;25px&quot;&gt;&lt;/a&gt;&lt;/span&gt;&lt;!-- ^TTT --&gt;&lt;!-- TTT$ --&gt;&lt;/span&gt;&amp;nbsp;&lt;/h1&gt;&lt;div align=&quot;center&quot;&gt;&lt;h1&gt;&lt;a target=&quot;_self&quot; href=&quot;https://www.deviantart.com/patreonplz&quot; &gt;&lt;img class=&quot;avatar&quot; width=&quot;50&quot; height=&quot;50&quot; src=&quot;https://a.deviantart.net/avatars/p/a/patreonplz.png?2&quot; alt=&quot;:iconpatreonplz:&quot; title=&quot;patreonplz&quot; /&gt;&lt;/a&gt;Support on PATREON!&amp;nbsp;&lt;a class=&quot;external&quot; href=&quot;https://www.deviantart.com/users/outgoing?https://www.patreon.com/arven&quot;&gt;www.patreon.com/arven&lt;/a&gt;&lt;/h1&gt;&lt;h1&gt;&lt;a href=&quot;https://www.deviantart.com/linux-rules/art/Instagram-2016-Icon-614009938&quot; class=&quot;emoticon&quot; data-embed-type=&quot;emoticon&quot; data-embed-id=&quot;614009938&quot; data-embed-profile=&quot;deviation&quot;&gt;&lt;img src=&quot;https://images-wixmp-ed30a86b8c4ca887773594c2.wixmp.com/intermediary/f/25e46574-05d5-4425-916d-e5292bb066ac/da5kd3m-06083fe0-d5c5-449c-9314-bab7e814257a.png&quot; alt=&quot;Instagram (2016) Icon&quot; style=&quot;width:50px;height:50px&quot;&gt;&lt;/a&gt;&amp;nbsp;Follow me on INSTAGRAM!&amp;nbsp;&lt;a class=&quot;external&quot; href=&quot;https://www.deviantart.com/users/outgoing?https://www.instagram.com/panthera.arven/?hl=it&quot;&gt;www.instagram.com/panthera.arv&amp;#8230;&lt;/a&gt;&lt;/h1&gt;&lt;/div&gt;&lt;br /&gt;Finished commission for &lt;a target=&quot;_self&quot; href=&quot;https://www.deviantart.com/amar0q&quot; &gt;&lt;img class=&quot;avatar&quot; width=&quot;50&quot; height=&quot;50&quot; src=&quot;https://a.deviantart.net/avatars/a/m/amar0q.gif?7&quot; alt=&quot;:iconamar0q:&quot; title=&quot;Amar0q&quot; /&gt;&lt;/a&gt; of their wolf character crossing a swamp, accompanied by a few crawlies! (has the ability to speak to bugs.)&lt;br /&gt;&lt;br /&gt;I loved working on this! It was such a different setting and I enjoyed the idea of the bugs &lt;img src=&quot;https://e.deviantart.net/emoticons/s/smile.gif&quot; width=&quot;15&quot; height=&quot;15&quot; alt=&quot;:)&quot; data-embed-type=&quot;emoticon&quot; data-embed-id=&quot;391&quot; title=&quot;:) (Smile)&quot;/&gt;&lt;br /&gt;I hope you like it!&lt;br /&gt;&lt;br /&gt;&lt;br /&gt;&lt;div&gt;&lt;h1&gt;&lt;u&gt;&lt;a href=&quot;https://www.deviantart.com/linux-rules/art/Instagram-2016-Icon-614009938&quot; class=&quot;emoticon&quot; data-embed-type=&quot;emoticon&quot; data-embed-id=&quot;614009938&quot; data-embed-profile=&quot;deviation&quot;&gt;&lt;img src=&quot;https://images-wixmp-ed30a86b8c4ca887773594c2.wixmp.com/intermediary/f/25e46574-05d5-4425-916d-e5292bb066ac/da5kd3m-06083fe0-d5c5-449c-9314-bab7e814257a.png&quot; alt=&quot;Instagram (2016) Icon&quot; style=&quot;width:50px;height:50px&quot;&gt;&lt;/a&gt;&amp;nbsp;F&lt;b&gt;ollow me on INSTAGRAM for more art!&lt;/b&gt;&amp;nbsp;&lt;b&gt;&lt;a class=&quot;external&quot; href=&quot;https://www.deviantart.com/users/outgoing?https://www.instagram.com/panthera.arven/?hl=it&quot;&gt;www.instagram.com/panthera.arv&amp;#8230;&lt;/a&gt;&amp;nbsp;&lt;/b&gt;&lt;/u&gt;&lt;/h1&gt;&lt;u&gt;&lt;i&gt;&lt;h1&gt;&lt;b&gt;&lt;br /&gt;&lt;/b&gt;&lt;/h1&gt;&lt;/i&gt;&lt;/u&gt;&lt;span&gt;Character (c) &lt;a target=&quot;_self&quot; href=&quot;https://www.deviantart.com/amar0q&quot; &gt;&lt;img class=&quot;avatar&quot; width=&quot;50&quot; height=&quot;50&quot; src=&quot;https://a.deviantart.net/avatars/a/m/amar0q.gif?7&quot; alt=&quot;:iconamar0q:&quot; title=&quot;Amar0q&quot; /&gt;&lt;/a&gt;&lt;br /&gt;Art (c)&amp;nbsp;&lt;/span&gt;&lt;a target=&quot;_self&quot; href=&quot;https://www.deviantart.com/arven92&quot; &gt;&lt;img class=&quot;avatar&quot; width=&quot;50&quot; height=&quot;50&quot; src=&quot;https://a.deviantart.net/avatars/a/r/arven92.gif?10&quot; alt=&quot;:iconarven92:&quot; title=&quot;ARVEN92&quot; /&gt;&lt;/a&gt;&lt;br /&gt;&lt;/div&gt;&lt;br /&gt;&lt;div&gt;&lt;img src=&quot;https://t00.deviantart.net/Nn8OHoliuLJ-Tf-gCntp1ZCqs4g=/300x200/filters:fixed_height(100,100):origin()/pre00/e597/th/pre/i/2019/027/7/d/through_the_swamp__commission__by_arven92-dcxn7d6.jpg&quot; alt=&quot;thumbnail&quot; /&gt;&lt;/div&gt;</description>            </item>
                    <item>
                <title>so yknow how 21 can turn people into sweets...</title>
                <link>https://dr--worm.deviantart.com/art/so-yknow-how-21-can-turn-people-into-sweets-782909808</link>
                <guid isPermaLink="true">https://dr--worm.deviantart.com/art/so-yknow-how-21-can-turn-people-into-sweets-782909808</guid>
                <pubDate>Sat, 26 Jan 2019 19:26:17 PST</pubDate>
                        <media:title type="plain">so yknow how 21 can turn people into sweets...</media:title>
        <media:keywords></media:keywords>
                        <media:rating>adult</media:rating>
                <media:category label="Animation">digitalart/animation</media:category>
        <media:credit role="author" scheme="urn:ebu">Dr--Worm</media:credit>
        <media:credit role="author" scheme="urn:ebu">https://a.deviantart.net/avatars/d/r/dr--worm.gif?14</media:credit>
        <media:copyright url="https://dr--worm.deviantart.com">Copyright 2019 Dr--Worm</media:copyright>            <media:description type="html">Last month&#039;s Patreon animation!!&amp;nbsp;&amp;nbsp;Thanks to all the lovely folks that made this possible, Patreon has really been helpin me out financially lately and I appreciate it immensely! This month&#039;s animation poll victor was Fubuki from One Punch Man so hop on over if you wanna see that early!&lt;br /&gt;&lt;br /&gt;&lt;a class=&quot;external&quot; href=&quot;https://www.deviantart.com/users/outgoing?https://www.patreon.com/lewdlemage&quot;&gt;Patreon&lt;/a&gt;&amp;nbsp;</media:description>            <media:thumbnail url="https://t00.deviantart.net/k_9H8uc7XJDkHe-UIyaPB1LgryY=/fit-in/150x150/filters:no_upscale():origin()/pre00/0b73/th/pre/i/2019/026/a/e/so_yknow_how_21_can_turn_people_into_sweets____by_dr__worm-dcy4h2o.png" height="122" width="150"/>            <media:thumbnail url="https://t00.deviantart.net/zoALJ2ekLvYXLRHgLzxEYRI8Leo=/fit-in/300x900/filters:no_upscale():origin()/pre00/0b73/th/pre/i/2019/026/a/e/so_yknow_how_21_can_turn_people_into_sweets____by_dr__worm-dcy4h2o.png" height="245" width="300"/>            <media:thumbnail url="https://t00.deviantart.net/ZgCmqh-FwkF8VhuiHOWnnSrAfaY=/300x200/filters:fixed_height(100,100):origin()/pre00/0b73/th/pre/i/2019/026/a/e/so_yknow_how_21_can_turn_people_into_sweets____by_dr__worm-dcy4h2o.png" height="200" width="245"/>            <media:content url="https://img00.deviantart.net/bb95/i/2019/026/a/e/so_yknow_how_21_can_turn_people_into_sweets____by_dr__worm-dcy4h2o.png" height="508" width="623" medium="image"/>            
            <description>Last month&#039;s Patreon animation!!&amp;nbsp;&amp;nbsp;Thanks to all the lovely folks that made this possible, Patreon has really been helpin me out financially lately and I appreciate it immensely! This month&#039;s animation poll victor was Fubuki from One Punch Man so hop on over if you wanna see that early!&lt;br /&gt;&lt;br /&gt;&lt;a class=&quot;external&quot; href=&quot;https://www.deviantart.com/users/outgoing?https://www.patreon.com/lewdlemage&quot;&gt;Patreon&lt;/a&gt;&amp;nbsp;&lt;br /&gt;&lt;div&gt;&lt;img src=&quot;https://t00.deviantart.net/ZgCmqh-FwkF8VhuiHOWnnSrAfaY=/300x200/filters:fixed_height(100,100):origin()/pre00/0b73/th/pre/i/2019/026/a/e/so_yknow_how_21_can_turn_people_into_sweets____by_dr__worm-dcy4h2o.png&quot; alt=&quot;thumbnail&quot; /&gt;&lt;/div&gt;</description>            </item>
                    <item>
                <title>Elizabeth_nsfw</title>
                <link>https://neoartcore.deviantart.com/art/Elizabeth-nsfw-782930760</link>
                <guid isPermaLink="true">https://neoartcore.deviantart.com/art/Elizabeth-nsfw-782930760</guid>
                <pubDate>Sat, 26 Jan 2019 21:30:58 PST</pubDate>
                        <media:title type="plain">Elizabeth_nsfw</media:title>
        <media:keywords></media:keywords>
                        <media:rating>adult</media:rating>
                <media:category label="Movies &amp; TV">fanart/digital/painting/movies</media:category>
        <media:credit role="author" scheme="urn:ebu">NeoArtCorE</media:credit>
        <media:credit role="author" scheme="urn:ebu">https://a.deviantart.net/avatars/n/e/neoartcore.jpg?11</media:credit>
        <media:copyright url="https://neoartcore.deviantart.com">Copyright 2019 NeoArtCorE</media:copyright>            <media:description type="html">&lt;span&gt;It&#039;s my first time doing something like this... my heart is pounding... ^///^&lt;/span&gt;&lt;br /&gt;&lt;br /&gt;&lt;span&gt;lingerie / cast off &amp;gt;&amp;gt;&lt;/span&gt;&lt;a href=&quot;https://www.deviantart.com/users/outgoing?https://goo.gl/V6adZ4?fbclid=IwAR2LlCG7ZKYlVch-6J8RBSmcnzuLU_zrWUxoNu1p7NqFUoURlCHjlw2xd2s&quot;&gt;&lt;a class=&quot;external&quot; href=&quot;https://www.deviantart.com/users/outgoing?https://goo.gl/V6adZ4&quot;&gt;goo.gl/V6adZ4&lt;/a&gt;&lt;/a&gt;</media:description>            <media:thumbnail url="https://t00.deviantart.net/omePdVKXOUFg6e2pFdB_GSw09z8=/fit-in/150x150/filters:no_upscale():origin()/pre00/69f2/th/pre/f/2019/026/c/6/elizabeth_banner_nsfw2_by_neoartcore-dcy4x8o.png" height="106" width="150"/>            <media:thumbnail url="https://t00.deviantart.net/qiuHJziiGi0VLEKTSKd9kFW4Ths=/fit-in/300x900/filters:no_upscale():origin()/pre00/69f2/th/pre/f/2019/026/c/6/elizabeth_banner_nsfw2_by_neoartcore-dcy4x8o.png" height="212" width="300"/>            <media:thumbnail url="https://t00.deviantart.net/KsHJRmaHemkgvDasjBRKACBEg64=/300x200/filters:fixed_height(100,100):origin()/pre00/69f2/th/pre/f/2019/026/c/6/elizabeth_banner_nsfw2_by_neoartcore-dcy4x8o.png" height="200" width="283"/>            <media:content url="https://orig00.deviantart.net/8d02/f/2019/026/c/6/elizabeth_banner_nsfw2_by_neoartcore-dcy4x8o.png" height="637" width="900" medium="image"/>            
            <description>&lt;span&gt;It&#039;s my first time doing something like this... my heart is pounding... ^///^&lt;/span&gt;&lt;br /&gt;&lt;br /&gt;&lt;span&gt;lingerie / cast off &amp;gt;&amp;gt;&lt;/span&gt;&lt;a href=&quot;https://www.deviantart.com/users/outgoing?https://goo.gl/V6adZ4?fbclid=IwAR2LlCG7ZKYlVch-6J8RBSmcnzuLU_zrWUxoNu1p7NqFUoURlCHjlw2xd2s&quot;&gt;&lt;a class=&quot;external&quot; href=&quot;https://www.deviantart.com/users/outgoing?https://goo.gl/V6adZ4&quot;&gt;goo.gl/V6adZ4&lt;/a&gt;&lt;/a&gt;&lt;br /&gt;&lt;div&gt;&lt;img src=&quot;https://t00.deviantart.net/KsHJRmaHemkgvDasjBRKACBEg64=/300x200/filters:fixed_height(100,100):origin()/pre00/69f2/th/pre/f/2019/026/c/6/elizabeth_banner_nsfw2_by_neoartcore-dcy4x8o.png&quot; alt=&quot;thumbnail&quot; /&gt;&lt;/div&gt;</description>            </item>
                    <item>
                <title>comm#409 gunnthra (fire emblem)</title>
                <link>https://cutesexyrobutts.deviantart.com/art/comm-409-gunnthra-fire-emblem-783037896</link>
                <guid isPermaLink="true">https://cutesexyrobutts.deviantart.com/art/comm-409-gunnthra-fire-emblem-783037896</guid>
                <pubDate>Sun, 27 Jan 2019 14:23:20 PST</pubDate>
                        <media:title type="plain">comm#409 gunnthra (fire emblem)</media:title>
        <media:keywords></media:keywords>
                        <media:rating>adult</media:rating>
                <media:category label="Games">fanart/digital/drawings/games</media:category>
        <media:credit role="author" scheme="urn:ebu">cutesexyrobutts</media:credit>
        <media:credit role="author" scheme="urn:ebu">https://a.deviantart.net/avatars/c/u/cutesexyrobutts.png?2</media:credit>
        <media:copyright url="https://cutesexyrobutts.deviantart.com">Copyright 2019 cutesexyrobutts</media:copyright>            <media:description type="html"></media:description>            <media:thumbnail url="https://t00.deviantart.net/tK9PFwEJFVctvYjFW_Wtw1WtkSY=/fit-in/150x150/filters:no_upscale():origin()/pre00/4484/th/pre/f/2019/027/3/e/comm_409_gunnthra__fire_emblem__by_cutesexyrobutts-dcy77wo.png" height="150" width="92"/>            <media:thumbnail url="https://t00.deviantart.net/ignchjPvVBdMuQCmQizcvL7SxZI=/fit-in/300x900/filters:no_upscale():origin()/pre00/4484/th/pre/f/2019/027/3/e/comm_409_gunnthra__fire_emblem__by_cutesexyrobutts-dcy77wo.png" height="489" width="300"/>            <media:thumbnail url="https://t00.deviantart.net/k8C4Aua8An1zuWXyhQoK3k1XB2g=/300x200/filters:fixed_height(100,100):origin()/pre00/4484/th/pre/f/2019/027/3/e/comm_409_gunnthra__fire_emblem__by_cutesexyrobutts-dcy77wo.png" height="200" width="123"/>            <media:content url="https://pre00.deviantart.net/4484/th/pre/f/2019/027/3/e/comm_409_gunnthra__fire_emblem__by_cutesexyrobutts-dcy77wo.png" height="1141" width="700" medium="image"/>            
            <description>&lt;br /&gt;&lt;div&gt;&lt;img src=&quot;https://t00.deviantart.net/k8C4Aua8An1zuWXyhQoK3k1XB2g=/300x200/filters:fixed_height(100,100):origin()/pre00/4484/th/pre/f/2019/027/3/e/comm_409_gunnthra__fire_emblem__by_cutesexyrobutts-dcy77wo.png&quot; alt=&quot;thumbnail&quot; /&gt;&lt;/div&gt;</description>            </item>
                    <item>
                <title>Sunni Bunni</title>
                <link>https://w-oo-t.deviantart.com/art/Sunni-Bunni-782928431</link>
                <guid isPermaLink="true">https://w-oo-t.deviantart.com/art/Sunni-Bunni-782928431</guid>
                <pubDate>Sat, 26 Jan 2019 21:11:52 PST</pubDate>
                        <media:title type="plain">Sunni Bunni</media:title>
        <media:keywords></media:keywords>
                        <media:rating>adult</media:rating>
                <media:category label="Oekaki">manga/digital/oekaki</media:category>
        <media:credit role="author" scheme="urn:ebu">w-oo-t</media:credit>
        <media:credit role="author" scheme="urn:ebu">https://a.deviantart.net/avatars/w/_/w-oo-t.png?3</media:credit>
        <media:copyright url="https://w-oo-t.deviantart.com">Copyright 2019 w-oo-t</media:copyright>
            <media:community>
                <media:tags>@woot_art</media:tags>
            </media:community>            <media:description type="html">Doodle or Die prompt: &quot;&lt;span&gt;Sweaty girls in minimal clothing (Hot summer day)&quot; -Turulchan&lt;br /&gt;Room: NSFW&lt;br /&gt;&lt;/span&gt;</media:description>            <media:thumbnail url="https://t00.deviantart.net/MZP5YU_trkvSSFktJeGfRzfQdKE=/fit-in/150x150/filters:no_upscale():origin()/pre00/8e87/th/pre/f/2019/026/c/5/sunni_bunni_by_w_oo_t-dcy4vfz.png" height="113" width="150"/>            <media:thumbnail url="https://t00.deviantart.net/rCa7-jk_-cBA0ZXD7FTJsK7pNzs=/fit-in/300x900/filters:no_upscale():origin()/pre00/8e87/th/pre/f/2019/026/c/5/sunni_bunni_by_w_oo_t-dcy4vfz.png" height="225" width="300"/>            <media:thumbnail url="https://t00.deviantart.net/V3T9Tat_EK9oLPwv4Te9MfR9o4Q=/300x200/filters:fixed_height(100,100):origin()/pre00/8e87/th/pre/f/2019/026/c/5/sunni_bunni_by_w_oo_t-dcy4vfz.png" height="200" width="266"/>            <media:content url="https://orig00.deviantart.net/3696/f/2019/026/c/5/sunni_bunni_by_w_oo_t-dcy4vfz.png" height="638" width="850" medium="image"/>            
            <description>Doodle or Die prompt: &quot;&lt;span&gt;Sweaty girls in minimal clothing (Hot summer day)&quot; -Turulchan&lt;br /&gt;Room: NSFW&lt;br /&gt;&lt;/span&gt;&lt;br /&gt;&lt;div&gt;&lt;img src=&quot;https://t00.deviantart.net/V3T9Tat_EK9oLPwv4Te9MfR9o4Q=/300x200/filters:fixed_height(100,100):origin()/pre00/8e87/th/pre/f/2019/026/c/5/sunni_bunni_by_w_oo_t-dcy4vfz.png&quot; alt=&quot;thumbnail&quot; /&gt;&lt;/div&gt;</description>            </item>
                    <item>
                <title>Claire Redfield RE2 fan art jacketless version</title>
                <link>https://ganassa.deviantart.com/art/Claire-Redfield-RE2-fan-art-jacketless-version-782982284</link>
                <guid isPermaLink="true">https://ganassa.deviantart.com/art/Claire-Redfield-RE2-fan-art-jacketless-version-782982284</guid>
                <pubDate>Sun, 27 Jan 2019 07:52:42 PST</pubDate>
                        <media:title type="plain">Claire Redfield RE2 fan art jacketless version</media:title>
        <media:keywords></media:keywords>
                        <media:rating>adult</media:rating>
                <media:category label="Games">fanart/digital/drawings/games</media:category>
        <media:credit role="author" scheme="urn:ebu">Ganassa</media:credit>
        <media:credit role="author" scheme="urn:ebu">https://a.deviantart.net/avatars/g/a/ganassa.gif</media:credit>
        <media:copyright url="https://ganassa.deviantart.com">Copyright 2019 Ganassa</media:copyright>
            <media:community>
                <media:tags>@ganassa_artwork</media:tags>
            </media:community>            <media:description type="html">Resident Evil 2 remake is a dream remake, and Claire... Wow... She&#039;s just stunning.&lt;br /&gt;&lt;br /&gt;Enjoy the &quot;Jacketless&quot; version, more version on the way!&lt;br /&gt;&lt;br /&gt;BTW: this piece is already available on my INPRNT store!&amp;nbsp;&lt;br /&gt;&lt;br /&gt;Check it out! -&amp;gt;&amp;nbsp;&lt;a class=&quot;external&quot; href=&quot;https://www.deviantart.com/users/outgoing?https://www.inprnt.com/gallery/ganassa/resident-evil-2-claire-redfield/&quot;&gt;www.inprnt.com/gallery/ganassa&amp;hellip;&lt;/a&gt;&lt;br /&gt;&lt;br /&gt;Check out the other version!&lt;br /&gt;&lt;span class=&quot;shadow-holder&quot; data-embed-type=&quot;deviation&quot; data-embed-id=&quot;782549111&quot; data-embed-format=&quot;thumb&quot;&gt;&lt;span class=&quot;shadow mild&quot; &gt;&lt;a class=&quot;thumb ismature&quot; href=&quot;https://www.deviantart.com/ganassa/art/Claire-Redfield-Resident-Evil-2-fan-art-782549111&quot; title=&quot;Claire Redfield Resident Evil 2 fan art by Ganassa, Jan 24, 2019 in Fan Art &amp;gt; Digital Art &amp;gt; Drawings &amp;gt; Games&quot;data-super-img=&quot;https://images-wixmp-ed30a86b8c4ca887773594c2.wixmp.com/intermediary/f/b4684b33-c0f8-4fd6-a0ff-35a433e59796/dcxwqrb-08877af1-905e-4d04-a178-ae796dab56f5.jpg/v1/fill/w_751,h_1063,q_70,strp/claire_redfield_resident_evil_2_fan_art_by_ganassa_dcxwqrb-pre.jpg&quot; data-super-width=&quot;751&quot; data-super-height=&quot;1063&quot; data-super-transparent=&quot;false&quot; data-super-alt=&quot;Claire Redfield Resident Evil 2 fan art by Ganassa&quot; data-super-full-img=&quot;https://images-wixmp-ed30a86b8c4ca887773594c2.wixmp.com/intermediary/f/b4684b33-c0f8-4fd6-a0ff-35a433e59796/dcxwqrb-08877af1-905e-4d04-a178-ae796dab56f5.jpg&quot; data-super-full-width=&quot;848&quot; data-super-full-height=&quot;1200&quot;        data-sigil=&quot;thumb&quot;&gt;
                &lt;div class=&quot;thumb_agegate&quot;&gt;
            &lt;div class=&quot;agegate&quot;&gt;
                &lt;div class=&quot;nogo icon-blocked&quot;&gt;&lt;/div&gt;
                &lt;h1&gt;Mature Content&lt;/h1&gt;
            &lt;/div&gt;
        &lt;/div&gt;
        &lt;i&gt;&lt;/i&gt;&lt;img   width=&quot;106&quot; height=&quot;150&quot; alt=&quot;Claire Redfield Resident Evil 2 fan art by Ganassa&quot; src=&quot;https://images-wixmp-ed30a86b8c4ca887773594c2.wixmp.com/intermediary/f/b4684b33-c0f8-4fd6-a0ff-35a433e59796/dcxwqrb-08877af1-905e-4d04-a178-ae796dab56f5.jpg/v1/fit/w_150,h_150,q_70,strp/claire_redfield_resident_evil_2_fan_art_by_ganassa_dcxwqrb-150.jpg&quot; data-src=&quot;https://images-wixmp-ed30a86b8c4ca887773594c2.wixmp.com/intermediary/f/b4684b33-c0f8-4fd6-a0ff-35a433e59796/dcxwqrb-08877af1-905e-4d04-a178-ae796dab56f5.jpg/v1/fit/w_150,h_150,q_70,strp/claire_redfield_resident_evil_2_fan_art_by_ganassa_dcxwqrb-150.jpg&quot; srcset=&quot;https://images-wixmp-ed30a86b8c4ca887773594c2.wixmp.com/intermediary/f/b4684b33-c0f8-4fd6-a0ff-35a433e59796/dcxwqrb-08877af1-905e-4d04-a178-ae796dab56f5.jpg/v1/fit/w_150,h_150,q_70,strp/claire_redfield_resident_evil_2_fan_art_by_ganassa_dcxwqrb-150.jpg 106w,https://images-wixmp-ed30a86b8c4ca887773594c2.wixmp.com/intermediary/f/b4684b33-c0f8-4fd6-a0ff-35a433e59796/dcxwqrb-08877af1-905e-4d04-a178-ae796dab56f5.jpg/v1/fill/w_177,h_250,q_70,strp/claire_redfield_resident_evil_2_fan_art_by_ganassa_dcxwqrb-250t.jpg 177w,https://images-wixmp-ed30a86b8c4ca887773594c2.wixmp.com/intermediary/f/b4684b33-c0f8-4fd6-a0ff-35a433e59796/dcxwqrb-08877af1-905e-4d04-a178-ae796dab56f5.jpg/v1/fill/w_247,h_350,q_70,strp/claire_redfield_resident_evil_2_fan_art_by_ganassa_dcxwqrb-350t.jpg 247w,https://images-wixmp-ed30a86b8c4ca887773594c2.wixmp.com/intermediary/f/b4684b33-c0f8-4fd6-a0ff-35a433e59796/dcxwqrb-08877af1-905e-4d04-a178-ae796dab56f5.jpg/v1/fill/w_283,h_400,q_70,strp/claire_redfield_resident_evil_2_fan_art_by_ganassa_dcxwqrb-400t.jpg 283w,https://images-wixmp-ed30a86b8c4ca887773594c2.wixmp.com/intermediary/f/b4684b33-c0f8-4fd6-a0ff-35a433e59796/dcxwqrb-08877af1-905e-4d04-a178-ae796dab56f5.jpg/v1/fill/w_751,h_1063,q_70,strp/claire_redfield_resident_evil_2_fan_art_by_ganassa_dcxwqrb-pre.jpg 751w&quot; sizes=&quot;106px&quot;&gt;&lt;/a&gt;&lt;/span&gt;&lt;!-- ^TTT --&gt;&lt;!-- TTT$ --&gt;&lt;/span&gt;&lt;br /&gt;&lt;br /&gt;Enjoy!</media:description>            <media:thumbnail url="https://t00.deviantart.net/9Y7aBh1wgzxTmevSz6kMhnboZEY=/fit-in/150x150/filters:no_upscale():origin()/pre00/d3c5/th/pre/f/2019/027/e/2/claire_redfield_re2_fan_art_jacketless_version_by_ganassa-dcy60zw.jpg" height="150" width="106"/>            <media:thumbnail url="https://t00.deviantart.net/YEX_nAoTwiha_DjK2uDW1kixsEo=/fit-in/300x900/filters:no_upscale():origin()/pre00/d3c5/th/pre/f/2019/027/e/2/claire_redfield_re2_fan_art_jacketless_version_by_ganassa-dcy60zw.jpg" height="425" width="300"/>            <media:thumbnail url="https://t00.deviantart.net/oCFQD11Dnhnh3Z6OtdhkGmOKGCU=/300x200/filters:fixed_height(100,100):origin()/pre00/d3c5/th/pre/f/2019/027/e/2/claire_redfield_re2_fan_art_jacketless_version_by_ganassa-dcy60zw.jpg" height="200" width="141"/>            <media:content url="https://pre00.deviantart.net/d3c5/th/pre/f/2019/027/e/2/claire_redfield_re2_fan_art_jacketless_version_by_ganassa-dcy60zw.jpg" height="1063" width="751" medium="image"/>            
            <description>Resident Evil 2 remake is a dream remake, and Claire... Wow... She&#039;s just stunning.&lt;br /&gt;&lt;br /&gt;Enjoy the &quot;Jacketless&quot; version, more version on the way!&lt;br /&gt;&lt;br /&gt;BTW: this piece is already available on my INPRNT store!&amp;nbsp;&lt;br /&gt;&lt;br /&gt;Check it out! -&amp;gt;&amp;nbsp;&lt;a class=&quot;external&quot; href=&quot;https://www.deviantart.com/users/outgoing?https://www.inprnt.com/gallery/ganassa/resident-evil-2-claire-redfield/&quot;&gt;www.inprnt.com/gallery/ganassa&amp;hellip;&lt;/a&gt;&lt;br /&gt;&lt;br /&gt;Check out the other version!&lt;br /&gt;&lt;span class=&quot;shadow-holder&quot; data-embed-type=&quot;deviation&quot; data-embed-id=&quot;782549111&quot; data-embed-format=&quot;thumb&quot;&gt;&lt;span class=&quot;shadow mild&quot; &gt;&lt;a class=&quot;thumb ismature&quot; href=&quot;https://www.deviantart.com/ganassa/art/Claire-Redfield-Resident-Evil-2-fan-art-782549111&quot; title=&quot;Claire Redfield Resident Evil 2 fan art by Ganassa, Jan 24, 2019 in Fan Art &amp;gt; Digital Art &amp;gt; Drawings &amp;gt; Games&quot;data-super-img=&quot;https://images-wixmp-ed30a86b8c4ca887773594c2.wixmp.com/intermediary/f/b4684b33-c0f8-4fd6-a0ff-35a433e59796/dcxwqrb-08877af1-905e-4d04-a178-ae796dab56f5.jpg/v1/fill/w_751,h_1063,q_70,strp/claire_redfield_resident_evil_2_fan_art_by_ganassa_dcxwqrb-pre.jpg&quot; data-super-width=&quot;751&quot; data-super-height=&quot;1063&quot; data-super-transparent=&quot;false&quot; data-super-alt=&quot;Claire Redfield Resident Evil 2 fan art by Ganassa&quot; data-super-full-img=&quot;https://images-wixmp-ed30a86b8c4ca887773594c2.wixmp.com/intermediary/f/b4684b33-c0f8-4fd6-a0ff-35a433e59796/dcxwqrb-08877af1-905e-4d04-a178-ae796dab56f5.jpg&quot; data-super-full-width=&quot;848&quot; data-super-full-height=&quot;1200&quot;        data-sigil=&quot;thumb&quot;&gt;
                &lt;div class=&quot;thumb_agegate&quot;&gt;
            &lt;div class=&quot;agegate&quot;&gt;
                &lt;div class=&quot;nogo icon-blocked&quot;&gt;&lt;/div&gt;
                &lt;h1&gt;Mature Content&lt;/h1&gt;
            &lt;/div&gt;
        &lt;/div&gt;
        &lt;i&gt;&lt;/i&gt;&lt;img   width=&quot;106&quot; height=&quot;150&quot; alt=&quot;Claire Redfield Resident Evil 2 fan art by Ganassa&quot; src=&quot;https://images-wixmp-ed30a86b8c4ca887773594c2.wixmp.com/intermediary/f/b4684b33-c0f8-4fd6-a0ff-35a433e59796/dcxwqrb-08877af1-905e-4d04-a178-ae796dab56f5.jpg/v1/fit/w_150,h_150,q_70,strp/claire_redfield_resident_evil_2_fan_art_by_ganassa_dcxwqrb-150.jpg&quot; data-src=&quot;https://images-wixmp-ed30a86b8c4ca887773594c2.wixmp.com/intermediary/f/b4684b33-c0f8-4fd6-a0ff-35a433e59796/dcxwqrb-08877af1-905e-4d04-a178-ae796dab56f5.jpg/v1/fit/w_150,h_150,q_70,strp/claire_redfield_resident_evil_2_fan_art_by_ganassa_dcxwqrb-150.jpg&quot; srcset=&quot;https://images-wixmp-ed30a86b8c4ca887773594c2.wixmp.com/intermediary/f/b4684b33-c0f8-4fd6-a0ff-35a433e59796/dcxwqrb-08877af1-905e-4d04-a178-ae796dab56f5.jpg/v1/fit/w_150,h_150,q_70,strp/claire_redfield_resident_evil_2_fan_art_by_ganassa_dcxwqrb-150.jpg 106w,https://images-wixmp-ed30a86b8c4ca887773594c2.wixmp.com/intermediary/f/b4684b33-c0f8-4fd6-a0ff-35a433e59796/dcxwqrb-08877af1-905e-4d04-a178-ae796dab56f5.jpg/v1/fill/w_177,h_250,q_70,strp/claire_redfield_resident_evil_2_fan_art_by_ganassa_dcxwqrb-250t.jpg 177w,https://images-wixmp-ed30a86b8c4ca887773594c2.wixmp.com/intermediary/f/b4684b33-c0f8-4fd6-a0ff-35a433e59796/dcxwqrb-08877af1-905e-4d04-a178-ae796dab56f5.jpg/v1/fill/w_247,h_350,q_70,strp/claire_redfield_resident_evil_2_fan_art_by_ganassa_dcxwqrb-350t.jpg 247w,https://images-wixmp-ed30a86b8c4ca887773594c2.wixmp.com/intermediary/f/b4684b33-c0f8-4fd6-a0ff-35a433e59796/dcxwqrb-08877af1-905e-4d04-a178-ae796dab56f5.jpg/v1/fill/w_283,h_400,q_70,strp/claire_redfield_resident_evil_2_fan_art_by_ganassa_dcxwqrb-400t.jpg 283w,https://images-wixmp-ed30a86b8c4ca887773594c2.wixmp.com/intermediary/f/b4684b33-c0f8-4fd6-a0ff-35a433e59796/dcxwqrb-08877af1-905e-4d04-a178-ae796dab56f5.jpg/v1/fill/w_751,h_1063,q_70,strp/claire_redfield_resident_evil_2_fan_art_by_ganassa_dcxwqrb-pre.jpg 751w&quot; sizes=&quot;106px&quot;&gt;&lt;/a&gt;&lt;/span&gt;&lt;!-- ^TTT --&gt;&lt;!-- TTT$ --&gt;&lt;/span&gt;&lt;br /&gt;&lt;br /&gt;Enjoy!&lt;br /&gt;&lt;div&gt;&lt;img src=&quot;https://t00.deviantart.net/oCFQD11Dnhnh3Z6OtdhkGmOKGCU=/300x200/filters:fixed_height(100,100):origin()/pre00/d3c5/th/pre/f/2019/027/e/2/claire_redfield_re2_fan_art_jacketless_version_by_ganassa-dcy60zw.jpg&quot; alt=&quot;thumbnail&quot; /&gt;&lt;/div&gt;</description>            </item>
                    <item>
                <title>cravings</title>
                <link>https://dr--worm.deviantart.com/art/cravings-782908253</link>
                <guid isPermaLink="true">https://dr--worm.deviantart.com/art/cravings-782908253</guid>
                <pubDate>Sat, 26 Jan 2019 18:17:51 PST</pubDate>
                        <media:title type="plain">cravings</media:title>
        <media:keywords></media:keywords>
                        <media:rating>adult</media:rating>
                <media:category label="Drawings">manga/digital/drawings</media:category>
        <media:credit role="author" scheme="urn:ebu">Dr--Worm</media:credit>
        <media:credit role="author" scheme="urn:ebu">https://a.deviantart.net/avatars/d/r/dr--worm.gif?14</media:credit>
        <media:copyright url="https://dr--worm.deviantart.com">Copyright 2019 Dr--Worm</media:copyright>            <media:description type="html">it&#039;s already tough being cold-blooded, but then being eggnant as well!??&amp;nbsp;&lt;br /&gt;&lt;br /&gt;&lt;a class=&quot;external&quot; href=&quot;https://www.deviantart.com/users/outgoing?https://www.patreon.com/lewdlemage&quot;&gt;Patreon&lt;/a&gt;&amp;nbsp;</media:description>            <media:thumbnail url="https://t00.deviantart.net/LI039PZL394bqfrlxyByoYWGceA=/fit-in/150x150/filters:no_upscale():origin()/pre00/2497/th/pre/i/2019/026/4/2/cravings_by_dr__worm-dcy4fvh.png" height="150" width="150"/>            <media:thumbnail url="https://t00.deviantart.net/DGXPHwsb-5ts_iZVE7YRN2D7sqM=/fit-in/300x900/filters:no_upscale():origin()/pre00/2497/th/pre/i/2019/026/4/2/cravings_by_dr__worm-dcy4fvh.png" height="300" width="300"/>            <media:thumbnail url="https://t00.deviantart.net/frSCDzFhcpkcS_gUz2PxxL5rJnA=/300x200/filters:fixed_height(100,100):origin()/pre00/2497/th/pre/i/2019/026/4/2/cravings_by_dr__worm-dcy4fvh.png" height="200" width="200"/>            <media:content url="https://pre00.deviantart.net/2497/th/pre/i/2019/026/4/2/cravings_by_dr__worm-dcy4fvh.png" height="894" width="894" medium="image"/>            
            <description>it&#039;s already tough being cold-blooded, but then being eggnant as well!??&amp;nbsp;&lt;br /&gt;&lt;br /&gt;&lt;a class=&quot;external&quot; href=&quot;https://www.deviantart.com/users/outgoing?https://www.patreon.com/lewdlemage&quot;&gt;Patreon&lt;/a&gt;&amp;nbsp;&lt;br /&gt;&lt;div&gt;&lt;img src=&quot;https://t00.deviantart.net/frSCDzFhcpkcS_gUz2PxxL5rJnA=/300x200/filters:fixed_height(100,100):origin()/pre00/2497/th/pre/i/2019/026/4/2/cravings_by_dr__worm-dcy4fvh.png&quot; alt=&quot;thumbnail&quot; /&gt;&lt;/div&gt;</description>            </item>
                    <item>
                <title>No Lunch Break! Page 193</title>
                <link>https://kipteitei.deviantart.com/art/No-Lunch-Break-Page-193-783032349</link>
                <guid isPermaLink="true">https://kipteitei.deviantart.com/art/No-Lunch-Break-Page-193-783032349</guid>
                <pubDate>Sun, 27 Jan 2019 13:43:47 PST</pubDate>
                        <media:title type="plain">No Lunch Break! Page 193</media:title>
        <media:keywords></media:keywords>
                        <media:rating>adult</media:rating>
                <media:category label="Pages &amp; Panels">manga/digital/manga/pages</media:category>
        <media:credit role="author" scheme="urn:ebu">KipTeiTei</media:credit>
        <media:credit role="author" scheme="urn:ebu">https://a.deviantart.net/avatars/k/i/kipteitei.png?6</media:credit>
        <media:copyright url="https://kipteitei.deviantart.com">Copyright 2019 KipTeiTei</media:copyright>            <media:description type="html">Tina was struck by instant karma from fat-shaming her girlfriend and died on the way back to her home planet</media:description>            <media:thumbnail url="https://t00.deviantart.net/7EzM7qCKtLUYPk2X6nIw5KC3eEw=/fit-in/150x150/filters:no_upscale():origin()/pre00/e2f7/th/pre/f/2019/027/b/6/no_lunch_break__page_193_by_kipteitei-dcy73ml.jpg" height="150" width="105"/>            <media:thumbnail url="https://t00.deviantart.net/0vvr0amAp2IJozxsIfh4bzXAg_4=/fit-in/300x900/filters:no_upscale():origin()/pre00/e2f7/th/pre/f/2019/027/b/6/no_lunch_break__page_193_by_kipteitei-dcy73ml.jpg" height="429" width="300"/>            <media:thumbnail url="https://t00.deviantart.net/echDHM8sqkJFT3dXOgJ1C8sOeKk=/300x200/filters:fixed_height(100,100):origin()/pre00/e2f7/th/pre/f/2019/027/b/6/no_lunch_break__page_193_by_kipteitei-dcy73ml.jpg" height="200" width="140"/>            <media:content url="https://pre00.deviantart.net/e2f7/th/pre/f/2019/027/b/6/no_lunch_break__page_193_by_kipteitei-dcy73ml.jpg" height="1069" width="747" medium="image"/>            
            <description>Tina was struck by instant karma from fat-shaming her girlfriend and died on the way back to her home planet&lt;br /&gt;&lt;div&gt;&lt;img src=&quot;https://t00.deviantart.net/echDHM8sqkJFT3dXOgJ1C8sOeKk=/300x200/filters:fixed_height(100,100):origin()/pre00/e2f7/th/pre/f/2019/027/b/6/no_lunch_break__page_193_by_kipteitei-dcy73ml.jpg&quot; alt=&quot;thumbnail&quot; /&gt;&lt;/div&gt;</description>            </item>
                    <item>
                <title>:Commission: Madoi&#039;s Wedding</title>
                <link>https://allymoodyneko.deviantart.com/art/Commission-Madoi-s-Wedding-782896676</link>
                <guid isPermaLink="true">https://allymoodyneko.deviantart.com/art/Commission-Madoi-s-Wedding-782896676</guid>
                <pubDate>Sat, 26 Jan 2019 16:41:17 PST</pubDate>
                        <media:title type="plain">:Commission: Madoi&#039;s Wedding</media:title>
        <media:keywords></media:keywords>
                        <media:rating>adult</media:rating>
                <media:category label="Drawings">manga/digital/drawings</media:category>
        <media:credit role="author" scheme="urn:ebu">AllyMoodyNeko</media:credit>
        <media:credit role="author" scheme="urn:ebu">https://a.deviantart.net/avatars/a/l/allymoodyneko.jpg</media:credit>
        <media:copyright url="https://allymoodyneko.deviantart.com">Copyright 2019 AllyMoodyNeko</media:copyright>
            <media:community>
                <media:tags>@moodynekoart</media:tags>
            </media:community>            <media:description type="html">Commission for &lt;a target=&quot;_self&quot; href=&quot;https://www.deviantart.com/emperorbassexe&quot; &gt;&lt;img class=&quot;avatar&quot; width=&quot;50&quot; height=&quot;50&quot; src=&quot;https://a.deviantart.net/avatars/e/m/emperorbassexe.png?8&quot; alt=&quot;:iconemperorbassexe:&quot; title=&quot;EmperorBassexe&quot; /&gt;&lt;/a&gt;</media:description>            <media:thumbnail url="https://t00.deviantart.net/ExoYIZRU3I0ra-N6m2R4IkW1iZk=/fit-in/150x150/filters:no_upscale():origin()/pre00/40ab/th/pre/i/2019/026/f/0/_commission__madoi_s_wedding_by_allymoodyneko-dcy46xw.jpg" height="132" width="150"/>            <media:thumbnail url="https://t00.deviantart.net/yc5Qcjot9nc9Yy_OB4eNDGHXR7Q=/fit-in/300x900/filters:no_upscale():origin()/pre00/40ab/th/pre/i/2019/026/f/0/_commission__madoi_s_wedding_by_allymoodyneko-dcy46xw.jpg" height="264" width="300"/>            <media:thumbnail url="https://t00.deviantart.net/qAZDVOu7F7Joq-W9EjPJRTcEm80=/300x200/filters:fixed_height(100,100):origin()/pre00/40ab/th/pre/i/2019/026/f/0/_commission__madoi_s_wedding_by_allymoodyneko-dcy46xw.jpg" height="200" width="227"/>            <media:content url="https://pre00.deviantart.net/40ab/th/pre/i/2019/026/f/0/_commission__madoi_s_wedding_by_allymoodyneko-dcy46xw.jpg" height="838" width="953" medium="image"/>            
            <description>Commission for &lt;a target=&quot;_self&quot; href=&quot;https://www.deviantart.com/emperorbassexe&quot; &gt;&lt;img class=&quot;avatar&quot; width=&quot;50&quot; height=&quot;50&quot; src=&quot;https://a.deviantart.net/avatars/e/m/emperorbassexe.png?8&quot; alt=&quot;:iconemperorbassexe:&quot; title=&quot;EmperorBassexe&quot; /&gt;&lt;/a&gt;&lt;br /&gt;&lt;div&gt;&lt;img src=&quot;https://t00.deviantart.net/qAZDVOu7F7Joq-W9EjPJRTcEm80=/300x200/filters:fixed_height(100,100):origin()/pre00/40ab/th/pre/i/2019/026/f/0/_commission__madoi_s_wedding_by_allymoodyneko-dcy46xw.jpg&quot; alt=&quot;thumbnail&quot; /&gt;&lt;/div&gt;</description>            </item>
                    <item>
                <title>today we walked</title>
                <link>https://megatruh.deviantart.com/art/today-we-walked-782972530</link>
                <guid isPermaLink="true">https://megatruh.deviantart.com/art/today-we-walked-782972530</guid>
                <pubDate>Sun, 27 Jan 2019 06:14:37 PST</pubDate>
                        <media:title type="plain">today we walked</media:title>
        <media:keywords></media:keywords>
                        <media:rating>nonadult</media:rating>
                <media:category label="Landscapes &amp; Scenery">digitalart/paintings/landscapes</media:category>
        <media:credit role="author" scheme="urn:ebu">megatruh</media:credit>
        <media:credit role="author" scheme="urn:ebu">https://a.deviantart.net/avatars/m/e/megatruh.gif?8</media:credit>
        <media:copyright url="https://megatruh.deviantart.com">Copyright 2019 megatruh</media:copyright>            <media:description type="html">&lt;div&gt;&lt;sup&gt;&lt;i&gt;in deep snow.&lt;/i&gt;&lt;/sup&gt;&lt;/div&gt;&lt;div&gt;&lt;br /&gt;&lt;/div&gt;&lt;div&gt;&lt;sup&gt; commission for&amp;nbsp;&lt;span&gt;&lt;span&gt;&lt;span class=&quot;username-with-symbol u&quot;&gt;&lt;a class=&quot;u regular username&quot; href=&quot;https://www.deviantart.com/sonjataylor&quot;&gt;SonjaTaylor&lt;/a&gt;&lt;span class=&quot;user-symbol regular&quot; data-quicktip-text=&quot;&quot; data-show-tooltip=&quot;&quot; data-gruser-type=&quot;regular&quot;&gt;&lt;/span&gt;&lt;/span&gt;&lt;/span&gt; , a Christmas present for &lt;/span&gt;&lt;span&gt;&lt;span&gt;&lt;span class=&quot;username-with-symbol u&quot;&gt;&lt;a class=&quot;u regular username&quot; href=&quot;https://www.deviantart.com/ladyelasa&quot;&gt;LadyElasa&lt;/a&gt;&lt;span class=&quot;user-symbol regular&quot; data-quicktip-text=&quot;&quot; data-show-tooltip=&quot;&quot; data-gruser-type=&quot;regular&quot;&gt;&lt;/span&gt;&lt;/span&gt;&lt;/span&gt;&lt;/span&gt;&lt;/sup&gt;&lt;/div&gt;&lt;div&gt;&lt;span&gt;&lt;span&gt;&lt;br /&gt;&lt;/span&gt;&lt;/span&gt;&lt;/div&gt;&lt;div&gt;&lt;span&gt;&lt;span&gt;&lt;img src=&quot;https://e.deviantart.net/emoticons/b/blowkiss.gif&quot; width=&quot;35&quot; height=&quot;21&quot; alt=&quot;:blowkiss:&quot; data-embed-type=&quot;emoticon&quot; data-embed-id=&quot;101&quot; title=&quot;Here&amp;#039;s a kiss for you, my love!&quot;/&gt;&lt;br /&gt;&lt;/span&gt;&lt;/span&gt;&lt;/div&gt;&lt;div&gt;&lt;span&gt;&lt;span&gt;&lt;br /&gt;&lt;/span&gt;&lt;/span&gt;&lt;/div&gt;</media:description>            <media:thumbnail url="https://t00.deviantart.net/j4nVepN1MTvWW4xUnM1NGC5d_yk=/fit-in/150x150/filters:no_upscale():origin()/pre00/fc30/th/pre/f/2019/027/f/2/today_we_walked_by_megatruh-dcy5tgy.jpg" height="150" width="109"/>            <media:thumbnail url="https://t00.deviantart.net/YOLSYxGcIKI_u92N1FEncAvxADM=/fit-in/300x900/filters:no_upscale():origin()/pre00/fc30/th/pre/f/2019/027/f/2/today_we_walked_by_megatruh-dcy5tgy.jpg" height="413" width="300"/>            <media:thumbnail url="https://t00.deviantart.net/93V7qySozA432VuWCJffbjTxlEs=/300x200/filters:fixed_height(100,100):origin()/pre00/fc30/th/pre/f/2019/027/f/2/today_we_walked_by_megatruh-dcy5tgy.jpg" height="200" width="145"/>            <media:content url="https://orig00.deviantart.net/c438/f/2019/027/f/2/today_we_walked_by_megatruh-dcy5tgy.jpg" height="1000" width="727" medium="image"/>            
            <description>&lt;div&gt;&lt;sup&gt;&lt;i&gt;in deep snow.&lt;/i&gt;&lt;/sup&gt;&lt;/div&gt;&lt;div&gt;&lt;br /&gt;&lt;/div&gt;&lt;div&gt;&lt;sup&gt; commission for&amp;nbsp;&lt;span&gt;&lt;span&gt;&lt;span class=&quot;username-with-symbol u&quot;&gt;&lt;a class=&quot;u regular username&quot; href=&quot;https://www.deviantart.com/sonjataylor&quot;&gt;SonjaTaylor&lt;/a&gt;&lt;span class=&quot;user-symbol regular&quot; data-quicktip-text=&quot;&quot; data-show-tooltip=&quot;&quot; data-gruser-type=&quot;regular&quot;&gt;&lt;/span&gt;&lt;/span&gt;&lt;/span&gt; , a Christmas present for &lt;/span&gt;&lt;span&gt;&lt;span&gt;&lt;span class=&quot;username-with-symbol u&quot;&gt;&lt;a class=&quot;u regular username&quot; href=&quot;https://www.deviantart.com/ladyelasa&quot;&gt;LadyElasa&lt;/a&gt;&lt;span class=&quot;user-symbol regular&quot; data-quicktip-text=&quot;&quot; data-show-tooltip=&quot;&quot; data-gruser-type=&quot;regular&quot;&gt;&lt;/span&gt;&lt;/span&gt;&lt;/span&gt;&lt;/span&gt;&lt;/sup&gt;&lt;/div&gt;&lt;div&gt;&lt;span&gt;&lt;span&gt;&lt;br /&gt;&lt;/span&gt;&lt;/span&gt;&lt;/div&gt;&lt;div&gt;&lt;span&gt;&lt;span&gt;&lt;img src=&quot;https://e.deviantart.net/emoticons/b/blowkiss.gif&quot; width=&quot;35&quot; height=&quot;21&quot; alt=&quot;:blowkiss:&quot; data-embed-type=&quot;emoticon&quot; data-embed-id=&quot;101&quot; title=&quot;Here&amp;#039;s a kiss for you, my love!&quot;/&gt;&lt;br /&gt;&lt;/span&gt;&lt;/span&gt;&lt;/div&gt;&lt;div&gt;&lt;span&gt;&lt;span&gt;&lt;br /&gt;&lt;/span&gt;&lt;/span&gt;&lt;/div&gt;&lt;br /&gt;&lt;div&gt;&lt;img src=&quot;https://t00.deviantart.net/93V7qySozA432VuWCJffbjTxlEs=/300x200/filters:fixed_height(100,100):origin()/pre00/fc30/th/pre/f/2019/027/f/2/today_we_walked_by_megatruh-dcy5tgy.jpg&quot; alt=&quot;thumbnail&quot; /&gt;&lt;/div&gt;</description>            </item>
                    <item>
                <title>Half-Developed Homeworld</title>
                <link>https://chaosfissure.deviantart.com/art/Half-Developed-Homeworld-782905379</link>
                <guid isPermaLink="true">https://chaosfissure.deviantart.com/art/Half-Developed-Homeworld-782905379</guid>
                <pubDate>Sat, 26 Jan 2019 18:01:02 PST</pubDate>
                        <media:title type="plain">Half-Developed Homeworld</media:title>
        <media:keywords></media:keywords>
                        <media:rating>nonadult</media:rating>
                <media:category label="Raw Fractals">digitalart/fractals/rawfractal</media:category>
        <media:credit role="author" scheme="urn:ebu">ChaosFissure</media:credit>
        <media:credit role="author" scheme="urn:ebu">https://a.deviantart.net/avatars/c/h/chaosfissure.png?9</media:credit>
        <media:copyright url="https://chaosfissure.deviantart.com">Copyright 2019 ChaosFissure</media:copyright>            <media:description type="html">&lt;i&gt;The interior lights reflected along the window as I gazed between the twin planets.&amp;nbsp; The re-entry was delayed yet again due to unexpected flight patterns of the behemoths soaring through my homeworld&#039;s atmosphere, which did nothing to quell my anxiety of remaining on this ship for longer than was absolutely necessary.&lt;/i&gt;&lt;br /&gt;&lt;br /&gt;Apo + Chaotica&lt;br /&gt;____________________________________&lt;br /&gt;This image, or modifications of this image, is not to be used, reuploaded, or redistributed in any form without my prior, written permission. &amp;#169; ChaosFissure 2019</media:description>            <media:thumbnail url="https://t00.deviantart.net/akX87uX_Lz7kuKcH_3hhRl8ZdDM=/fit-in/150x150/filters:no_upscale():origin()/pre00/db38/th/pre/f/2019/026/e/e/half_developed_homeworld_by_chaosfissure-dcy4dnn.png" height="150" width="100"/>            <media:thumbnail url="https://t00.deviantart.net/p2uTb9XqE3hm-UP1TDxIN5UcAIQ=/fit-in/300x900/filters:no_upscale():origin()/pre00/db38/th/pre/f/2019/026/e/e/half_developed_homeworld_by_chaosfissure-dcy4dnn.png" height="450" width="300"/>            <media:thumbnail url="https://t00.deviantart.net/zUZDkp8wpYp6Czy_k3zc5LEhfs4=/300x200/filters:fixed_height(100,100):origin()/pre00/db38/th/pre/f/2019/026/e/e/half_developed_homeworld_by_chaosfissure-dcy4dnn.png" height="200" width="133"/>            <media:content url="https://pre00.deviantart.net/db38/th/pre/f/2019/026/e/e/half_developed_homeworld_by_chaosfissure-dcy4dnn.png" height="1095" width="730" medium="image"/>            
            <description>&lt;i&gt;The interior lights reflected along the window as I gazed between the twin planets.&amp;nbsp; The re-entry was delayed yet again due to unexpected flight patterns of the behemoths soaring through my homeworld&#039;s atmosphere, which did nothing to quell my anxiety of remaining on this ship for longer than was absolutely necessary.&lt;/i&gt;&lt;br /&gt;&lt;br /&gt;Apo + Chaotica&lt;br /&gt;____________________________________&lt;br /&gt;This image, or modifications of this image, is not to be used, reuploaded, or redistributed in any form without my prior, written permission. &amp;#169; ChaosFissure 2019&lt;br /&gt;&lt;div&gt;&lt;img src=&quot;https://t00.deviantart.net/zUZDkp8wpYp6Czy_k3zc5LEhfs4=/300x200/filters:fixed_height(100,100):origin()/pre00/db38/th/pre/f/2019/026/e/e/half_developed_homeworld_by_chaosfissure-dcy4dnn.png&quot; alt=&quot;thumbnail&quot; /&gt;&lt;/div&gt;</description>            </item>
                    <item>
                <title>Background Art</title>
                <link>https://unknownspy.deviantart.com/art/Background-Art-782969733</link>
                <guid isPermaLink="true">https://unknownspy.deviantart.com/art/Background-Art-782969733</guid>
                <pubDate>Sun, 27 Jan 2019 05:39:47 PST</pubDate>
                        <media:title type="plain">Background Art</media:title>
        <media:keywords></media:keywords>
                        <media:rating>nonadult</media:rating>
                <media:category label="Landscapes &amp; Scenery">digitalart/paintings/landscapes</media:category>
        <media:credit role="author" scheme="urn:ebu">UnknownSpy</media:credit>
        <media:credit role="author" scheme="urn:ebu">https://a.deviantart.net/avatars/u/n/unknownspy.gif?4</media:credit>
        <media:copyright url="https://unknownspy.deviantart.com">Copyright 2019 UnknownSpy</media:copyright>
            <media:community>
                <media:tags>@Inkhandprint</media:tags>
            </media:community>            <media:description type="html">For a Game Jam game.&lt;br /&gt;&lt;br /&gt;&lt;a class=&quot;external&quot; href=&quot;https://www.deviantart.com/users/outgoing?https://www.youtube.com/watch?v=kGjj_Ufg5Kg&amp;amp;list=PL96oIb2jblY1jm-PNOnZIuFa9F8N8GszX&quot;&gt;Gameplay Video&lt;/a&gt;&lt;br /&gt;&lt;br /&gt;&lt;a class=&quot;external&quot; href=&quot;https://www.deviantart.com/users/outgoing?https://globalgamejam.org/2019/games/struggles-bird&quot;&gt;globalgamejam.org/2019/games/s&amp;hellip;&lt;/a&gt;</media:description>            <media:thumbnail url="https://t00.deviantart.net/dkSxRAJ7Qq2daMvAq1zAurwyFeA=/fit-in/150x150/filters:no_upscale():origin()/pre00/1087/th/pre/i/2019/027/9/4/background_art_by_unknownspy-dcy5rb9.png" height="150" width="71"/>            <media:thumbnail url="https://t00.deviantart.net/A-zUgRMfXGrRZpvKwUSySG3tXsc=/fit-in/300x900/filters:no_upscale():origin()/pre00/1087/th/pre/i/2019/027/9/4/background_art_by_unknownspy-dcy5rb9.png" height="632" width="300"/>            <media:thumbnail url="https://t00.deviantart.net/PvqoiHhs4BOM2T6B8xvFufIPZuo=/300x200/filters:fixed_height(100,100):origin()/pre00/1087/th/pre/i/2019/027/9/4/background_art_by_unknownspy-dcy5rb9.png" height="201" width="100"/>            <media:content url="https://pre00.deviantart.net/1087/th/pre/i/2019/027/9/4/background_art_by_unknownspy-dcy5rb9.png" height="1298" width="616" medium="image"/>            
            <description>For a Game Jam game.&lt;br /&gt;&lt;br /&gt;&lt;a class=&quot;external&quot; href=&quot;https://www.deviantart.com/users/outgoing?https://www.youtube.com/watch?v=kGjj_Ufg5Kg&amp;amp;list=PL96oIb2jblY1jm-PNOnZIuFa9F8N8GszX&quot;&gt;Gameplay Video&lt;/a&gt;&lt;br /&gt;&lt;br /&gt;&lt;a class=&quot;external&quot; href=&quot;https://www.deviantart.com/users/outgoing?https://globalgamejam.org/2019/games/struggles-bird&quot;&gt;globalgamejam.org/2019/games/s&amp;hellip;&lt;/a&gt;&lt;br /&gt;&lt;div&gt;&lt;img src=&quot;https://t00.deviantart.net/PvqoiHhs4BOM2T6B8xvFufIPZuo=/300x200/filters:fixed_height(100,100):origin()/pre00/1087/th/pre/i/2019/027/9/4/background_art_by_unknownspy-dcy5rb9.png&quot; alt=&quot;thumbnail&quot; /&gt;&lt;/div&gt;</description>            </item>
                    <item>
                <title>DnD - Linnaea</title>
                <link>https://cashile.deviantart.com/art/DnD-Linnaea-782968819</link>
                <guid isPermaLink="true">https://cashile.deviantart.com/art/DnD-Linnaea-782968819</guid>
                <pubDate>Sun, 27 Jan 2019 05:41:23 PST</pubDate>
                        <media:title type="plain">DnD - Linnaea</media:title>
        <media:keywords></media:keywords>
                        <media:rating>nonadult</media:rating>
                <media:category label="Fantasy">digitalart/paintings/people/fantasy</media:category>
        <media:credit role="author" scheme="urn:ebu">Cashile</media:credit>
        <media:credit role="author" scheme="urn:ebu">https://a.deviantart.net/avatars/c/a/cashile.jpg?10</media:credit>
        <media:copyright url="https://cashile.deviantart.com">Copyright 2019 Cashile</media:copyright>            <media:description type="html">So I started watching/listening to Critical Role last year....&lt;br /&gt;&lt;br /&gt;This year i decided to change things a bit, and I got bold, and joined a party of strangers for a game of DnD.&lt;br /&gt;Possibly the best random thing i&#039;ve ever done lol.&lt;br /&gt;&lt;br /&gt;My character is a half-elven &quot;cleric&quot;. I can&#039;t tell much about her yet, so that I won&#039;t spoil it for the others. And yes, i&#039;m planning to paint every party member, eventually &lt;img src=&quot;https://e.deviantart.net/emoticons/d/dummy.gif&quot; width=&quot;21&quot; height=&quot;15&quot; alt=&quot;:dummy:&quot; data-embed-type=&quot;emoticon&quot; data-embed-id=&quot;574&quot; title=&quot;I am a dummy!&quot;/&gt;&lt;br /&gt;I know, my art style and design choices are totally different to the classic DnD arts, but I guess I wanted to make my own version of it a little bit~&lt;br /&gt;&lt;br /&gt;She is possibly the closest character to my own personality so far that i&#039;ve ever created, and also an attempt to overcome some personal things and force some changes in my life that will push me into a more healthy lifestyle.&lt;br /&gt;Namely the fact that most artists are complete loners.&lt;br /&gt;I haven&#039;t really met people in the past &lt;i&gt; decade &lt;/i&gt;&lt;br /&gt;After only one meeting I have more energy and motivation to care more about myself and of course, I can&#039;t wait to be in their company again.&lt;br /&gt;It is very surreal to think about how rare it is that we can meet likeminded people. It takes a lot of effort to take steps, and it is always a risk , especially after some bad experiences, but&lt;br /&gt;Don&#039;t be afraid. Go out there, give another chance.&lt;br /&gt;Worst thing that can happen is that time passes&amp;nbsp; by and you realize that actually nothing ever happens to you.&lt;br /&gt;&lt;br /&gt;And I know, I don&#039;t share much about myself online, even my name means &quot;concealed&quot;. But i&#039;ll try to post more &quot;stories&quot; about the art I do, and I&#039;ll try to interact with people a bit more.&lt;br /&gt;Do you have any specific wishes you&#039;d like to know? Certain tutorial types, art tips, stories about the art journey? Anything specific?&lt;br /&gt;&lt;br /&gt;And of course, thank you so much for the support over the years, and for just stopping by!&lt;br /&gt;If you have any DnD stories to tell, i&#039;m happy to read your experiences! &amp;lt;3&lt;br /&gt;&lt;br /&gt;&lt;br /&gt;&lt;br /&gt;&lt;br /&gt;&lt;br /&gt;Elsewhere:&lt;br /&gt;&lt;b&gt; Facebook &lt;/b&gt;&amp;nbsp; &lt;a class=&quot;external&quot; href=&quot;https://www.deviantart.com/users/outgoing?http://www.facebook.com/cashileart&quot;&gt;www.facebook.com/cashileart&lt;/a&gt;&lt;br /&gt;&lt;b&gt; Instagram &lt;/b&gt; &lt;a class=&quot;external&quot; href=&quot;https://www.deviantart.com/users/outgoing?https://instagram.com/cashileart&quot;&gt;instagram.com/cashileart&lt;/a&gt;&lt;br /&gt;&lt;b&gt; ArtStation &lt;/b&gt; &lt;a class=&quot;external&quot; href=&quot;https://www.deviantart.com/users/outgoing?https://www.artstation.com/artist/cashile&quot;&gt;www.artstation.com/artist/cash&amp;hellip;&lt;/a&gt;&lt;br /&gt;&lt;b&gt; FA &lt;/b&gt; &lt;a class=&quot;external&quot; href=&quot;https://www.deviantart.com/users/outgoing?http://www.furaffinity.net/user/cashile/&quot;&gt;www.furaffinity.net/user/cashi&amp;hellip;&lt;/a&gt;&lt;br /&gt;&lt;b&gt; ArtAmino &lt;/b&gt; &lt;a class=&quot;external&quot; href=&quot;https://www.deviantart.com/users/outgoing?http://aminoapps.com/page/art/5673092/cashile&quot;&gt;aminoapps.com/page/art/5673092&amp;hellip;&lt;/a&gt;&lt;br /&gt;&lt;b&gt; DrawCrowd &lt;/b&gt; &lt;a class=&quot;external&quot; href=&quot;https://www.deviantart.com/users/outgoing?http://drawcrowd.com/cashileart039f&quot;&gt;drawcrowd.com/cashileart039f&lt;/a&gt;&lt;br /&gt;&lt;b&gt; Newgrounds &lt;/b&gt;&amp;nbsp;&lt;a class=&quot;external&quot; href=&quot;https://www.deviantart.com/users/outgoing?https://cashile.newgrounds.com/&quot;&gt;cashile.newgrounds.com/&lt;/a&gt;</media:description>            <media:thumbnail url="https://t00.deviantart.net/qKooVh2Qhg-ezop6eOz12bjgpbI=/fit-in/150x150/filters:no_upscale():origin()/pre00/8690/th/pre/i/2019/027/a/c/dnd___linnaea_by_cashile-dcy5qlv.jpg" height="150" width="106"/>            <media:thumbnail url="https://t00.deviantart.net/9ZcuEwy25eZQc6MfuYXEDBNQeUQ=/fit-in/300x900/filters:no_upscale():origin()/pre00/8690/th/pre/i/2019/027/a/c/dnd___linnaea_by_cashile-dcy5qlv.jpg" height="424" width="300"/>            <media:thumbnail url="https://t00.deviantart.net/z_U6zNHx9kYnCk1118JeEEorMz0=/300x200/filters:fixed_height(100,100):origin()/pre00/8690/th/pre/i/2019/027/a/c/dnd___linnaea_by_cashile-dcy5qlv.jpg" height="200" width="141"/>            <media:content url="https://pre00.deviantart.net/8690/th/pre/i/2019/027/a/c/dnd___linnaea_by_cashile-dcy5qlv.jpg" height="1063" width="751" medium="image"/>            
            <description>So I started watching/listening to Critical Role last year....&lt;br /&gt;&lt;br /&gt;This year i decided to change things a bit, and I got bold, and joined a party of strangers for a game of DnD.&lt;br /&gt;Possibly the best random thing i&#039;ve ever done lol.&lt;br /&gt;&lt;br /&gt;My character is a half-elven &quot;cleric&quot;. I can&#039;t tell much about her yet, so that I won&#039;t spoil it for the others. And yes, i&#039;m planning to paint every party member, eventually &lt;img src=&quot;https://e.deviantart.net/emoticons/d/dummy.gif&quot; width=&quot;21&quot; height=&quot;15&quot; alt=&quot;:dummy:&quot; data-embed-type=&quot;emoticon&quot; data-embed-id=&quot;574&quot; title=&quot;I am a dummy!&quot;/&gt;&lt;br /&gt;I know, my art style and design choices are totally different to the classic DnD arts, but I guess I wanted to make my own version of it a little bit~&lt;br /&gt;&lt;br /&gt;She is possibly the closest character to my own personality so far that i&#039;ve ever created, and also an attempt to overcome some personal things and force some changes in my life that will push me into a more healthy lifestyle.&lt;br /&gt;Namely the fact that most artists are complete loners.&lt;br /&gt;I haven&#039;t really met people in the past &lt;i&gt; decade &lt;/i&gt;&lt;br /&gt;After only one meeting I have more energy and motivation to care more about myself and of course, I can&#039;t wait to be in their company again.&lt;br /&gt;It is very surreal to think about how rare it is that we can meet likeminded people. It takes a lot of effort to take steps, and it is always a risk , especially after some bad experiences, but&lt;br /&gt;Don&#039;t be afraid. Go out there, give another chance.&lt;br /&gt;Worst thing that can happen is that time passes&amp;nbsp; by and you realize that actually nothing ever happens to you.&lt;br /&gt;&lt;br /&gt;And I know, I don&#039;t share much about myself online, even my name means &quot;concealed&quot;. But i&#039;ll try to post more &quot;stories&quot; about the art I do, and I&#039;ll try to interact with people a bit more.&lt;br /&gt;Do you have any specific wishes you&#039;d like to know? Certain tutorial types, art tips, stories about the art journey? Anything specific?&lt;br /&gt;&lt;br /&gt;And of course, thank you so much for the support over the years, and for just stopping by!&lt;br /&gt;If you have any DnD stories to tell, i&#039;m happy to read your experiences! &amp;lt;3&lt;br /&gt;&lt;br /&gt;&lt;br /&gt;&lt;br /&gt;&lt;br /&gt;&lt;br /&gt;Elsewhere:&lt;br /&gt;&lt;b&gt; Facebook &lt;/b&gt;&amp;nbsp; &lt;a class=&quot;external&quot; href=&quot;https://www.deviantart.com/users/outgoing?http://www.facebook.com/cashileart&quot;&gt;www.facebook.com/cashileart&lt;/a&gt;&lt;br /&gt;&lt;b&gt; Instagram &lt;/b&gt; &lt;a class=&quot;external&quot; href=&quot;https://www.deviantart.com/users/outgoing?https://instagram.com/cashileart&quot;&gt;instagram.com/cashileart&lt;/a&gt;&lt;br /&gt;&lt;b&gt; ArtStation &lt;/b&gt; &lt;a class=&quot;external&quot; href=&quot;https://www.deviantart.com/users/outgoing?https://www.artstation.com/artist/cashile&quot;&gt;www.artstation.com/artist/cash&amp;hellip;&lt;/a&gt;&lt;br /&gt;&lt;b&gt; FA &lt;/b&gt; &lt;a class=&quot;external&quot; href=&quot;https://www.deviantart.com/users/outgoing?http://www.furaffinity.net/user/cashile/&quot;&gt;www.furaffinity.net/user/cashi&amp;hellip;&lt;/a&gt;&lt;br /&gt;&lt;b&gt; ArtAmino &lt;/b&gt; &lt;a class=&quot;external&quot; href=&quot;https://www.deviantart.com/users/outgoing?http://aminoapps.com/page/art/5673092/cashile&quot;&gt;aminoapps.com/page/art/5673092&amp;hellip;&lt;/a&gt;&lt;br /&gt;&lt;b&gt; DrawCrowd &lt;/b&gt; &lt;a class=&quot;external&quot; href=&quot;https://www.deviantart.com/users/outgoing?http://drawcrowd.com/cashileart039f&quot;&gt;drawcrowd.com/cashileart039f&lt;/a&gt;&lt;br /&gt;&lt;b&gt; Newgrounds &lt;/b&gt;&amp;nbsp;&lt;a class=&quot;external&quot; href=&quot;https://www.deviantart.com/users/outgoing?https://cashile.newgrounds.com/&quot;&gt;cashile.newgrounds.com/&lt;/a&gt;&lt;br /&gt;&lt;div&gt;&lt;img src=&quot;https://t00.deviantart.net/z_U6zNHx9kYnCk1118JeEEorMz0=/300x200/filters:fixed_height(100,100):origin()/pre00/8690/th/pre/i/2019/027/a/c/dnd___linnaea_by_cashile-dcy5qlv.jpg&quot; alt=&quot;thumbnail&quot; /&gt;&lt;/div&gt;</description>            </item>
                    <item>
                <title>im a saint im a soul</title>
                <link>https://peach-water.deviantart.com/art/im-a-saint-im-a-soul-782897752</link>
                <guid isPermaLink="true">https://peach-water.deviantart.com/art/im-a-saint-im-a-soul-782897752</guid>
                <pubDate>Sat, 26 Jan 2019 16:52:34 PST</pubDate>
                        <media:title type="plain">im a saint im a soul</media:title>
        <media:keywords></media:keywords>
                        <media:rating>nonadult</media:rating>
                <media:category label="Animals">digitalart/paintings/animals</media:category>
        <media:credit role="author" scheme="urn:ebu">peach-water</media:credit>
        <media:credit role="author" scheme="urn:ebu">https://a.deviantart.net/avatars/p/e/peach-water.png?6</media:credit>
        <media:copyright url="https://peach-water.deviantart.com">Copyright 2019 peach-water</media:copyright>            <media:description type="html">idk</media:description>            <media:thumbnail url="https://t00.deviantart.net/qyi9gKklGmVPwjf16yNIW93RWkk=/fit-in/150x150/filters:no_upscale():origin()/pre00/17cc/th/pre/f/2019/026/6/1/im_a_saint_im_a_soul_by_peach_water-dcy47rs.png" height="150" width="102"/>            <media:thumbnail url="https://t00.deviantart.net/ApsLQ0wb9gdNjeL-X9r9TXfB68s=/fit-in/300x900/filters:no_upscale():origin()/pre00/17cc/th/pre/f/2019/026/6/1/im_a_saint_im_a_soul_by_peach_water-dcy47rs.png" height="443" width="300"/>            <media:thumbnail url="https://t00.deviantart.net/ZRI_pW869ac8INuPX5c3k-r7Ib8=/300x200/filters:fixed_height(100,100):origin()/pre00/17cc/th/pre/f/2019/026/6/1/im_a_saint_im_a_soul_by_peach_water-dcy47rs.png" height="200" width="135"/>            <media:content url="https://pre00.deviantart.net/17cc/th/pre/f/2019/026/6/1/im_a_saint_im_a_soul_by_peach_water-dcy47rs.png" height="1087" width="735" medium="image"/>            
            <description>idk&lt;br /&gt;&lt;div&gt;&lt;img src=&quot;https://t00.deviantart.net/ZRI_pW869ac8INuPX5c3k-r7Ib8=/300x200/filters:fixed_height(100,100):origin()/pre00/17cc/th/pre/f/2019/026/6/1/im_a_saint_im_a_soul_by_peach_water-dcy47rs.png&quot; alt=&quot;thumbnail&quot; /&gt;&lt;/div&gt;</description>            </item>
                    <item>
                <title>Milk and Honey</title>
                <link>https://radianteld.deviantart.com/art/Milk-and-Honey-782924695</link>
                <guid isPermaLink="true">https://radianteld.deviantart.com/art/Milk-and-Honey-782924695</guid>
                <pubDate>Sat, 26 Jan 2019 20:37:56 PST</pubDate>
                        <media:title type="plain">Milk and Honey</media:title>
        <media:keywords></media:keywords>
                        <media:rating>adult</media:rating>
                <media:category label="Female">digitalart/3d/characters/female</media:category>
        <media:credit role="author" scheme="urn:ebu">RadiantEld</media:credit>
        <media:credit role="author" scheme="urn:ebu">https://a.deviantart.net/avatars/r/a/radianteld.png?13</media:credit>
        <media:copyright url="https://radianteld.deviantart.com">Copyright 2019 RadiantEld</media:copyright>            <media:description type="html">Fan art of Kokoro, Momiji, Mai, an Naotora from Dead or Alive.&lt;br /&gt;Rendered in Toolbag.&lt;br /&gt;Commissioned by &lt;span class=&quot;username-with-symbol u&quot;&gt;&lt;a class=&quot;u regular username&quot; href=&quot;https://www.deviantart.com/prodigyx17&quot;&gt;ProdigyX17&lt;/a&gt;&lt;span class=&quot;user-symbol regular&quot; data-quicktip-text=&quot;&quot; data-show-tooltip=&quot;&quot; data-gruser-type=&quot;regular&quot;&gt;&lt;/span&gt;&lt;/span&gt;&lt;br /&gt;&lt;br /&gt;XPS Models:&lt;br /&gt;Naught Faery Pack by &lt;span class=&quot;username-with-symbol u&quot;&gt;&lt;a class=&quot;u regular username&quot; href=&quot;https://www.deviantart.com/xps-fanatic&quot;&gt;XPS-Fanatic&lt;/a&gt;&lt;span class=&quot;user-symbol regular&quot; data-quicktip-text=&quot;&quot; data-show-tooltip=&quot;&quot; data-gruser-type=&quot;regular&quot;&gt;&lt;/span&gt;&lt;/span&gt;&amp;nbsp;&lt;br /&gt;&lt;br /&gt;Bonus Shots: (to be added)</media:description>            <media:thumbnail url="https://t00.deviantart.net/Bd9WmRzdDS2xoEBddmAhahvCxS4=/fit-in/150x150/filters:no_upscale():origin()/pre00/4a63/th/pre/i/2019/026/e/8/milk_and_honey_by_radianteld-dcy4sk7.png" height="115" width="150"/>            <media:thumbnail url="https://t00.deviantart.net/LUZvFnTL1-BpUdUgqivJbtgP9WU=/fit-in/300x900/filters:no_upscale():origin()/pre00/4a63/th/pre/i/2019/026/e/8/milk_and_honey_by_radianteld-dcy4sk7.png" height="230" width="300"/>            <media:thumbnail url="https://t00.deviantart.net/2xFuyU2d4O4CPzeXxEm5XDgphZ8=/300x200/filters:fixed_height(100,100):origin()/pre00/4a63/th/pre/i/2019/026/e/8/milk_and_honey_by_radianteld-dcy4sk7.png" height="200" width="261"/>            <media:content url="https://pre00.deviantart.net/4a63/th/pre/i/2019/026/e/8/milk_and_honey_by_radianteld-dcy4sk7.png" height="783" width="1020" medium="image"/>            
            <description>Fan art of Kokoro, Momiji, Mai, an Naotora from Dead or Alive.&lt;br /&gt;Rendered in Toolbag.&lt;br /&gt;Commissioned by &lt;span class=&quot;username-with-symbol u&quot;&gt;&lt;a class=&quot;u regular username&quot; href=&quot;https://www.deviantart.com/prodigyx17&quot;&gt;ProdigyX17&lt;/a&gt;&lt;span class=&quot;user-symbol regular&quot; data-quicktip-text=&quot;&quot; data-show-tooltip=&quot;&quot; data-gruser-type=&quot;regular&quot;&gt;&lt;/span&gt;&lt;/span&gt;&lt;br /&gt;&lt;br /&gt;XPS Models:&lt;br /&gt;Naught Faery Pack by &lt;span class=&quot;username-with-symbol u&quot;&gt;&lt;a class=&quot;u regular username&quot; href=&quot;https://www.deviantart.com/xps-fanatic&quot;&gt;XPS-Fanatic&lt;/a&gt;&lt;span class=&quot;user-symbol regular&quot; data-quicktip-text=&quot;&quot; data-show-tooltip=&quot;&quot; data-gruser-type=&quot;regular&quot;&gt;&lt;/span&gt;&lt;/span&gt;&amp;nbsp;&lt;br /&gt;&lt;br /&gt;Bonus Shots: (to be added)&lt;br /&gt;&lt;div&gt;&lt;img src=&quot;https://t00.deviantart.net/2xFuyU2d4O4CPzeXxEm5XDgphZ8=/300x200/filters:fixed_height(100,100):origin()/pre00/4a63/th/pre/i/2019/026/e/8/milk_and_honey_by_radianteld-dcy4sk7.png&quot; alt=&quot;thumbnail&quot; /&gt;&lt;/div&gt;</description>            </item>
                    <item>
                <title>Maria Cowkini</title>
                <link>https://xsuperix.deviantart.com/art/Maria-Cowkini-782936754</link>
                <guid isPermaLink="true">https://xsuperix.deviantart.com/art/Maria-Cowkini-782936754</guid>
                <pubDate>Sat, 26 Jan 2019 22:27:00 PST</pubDate>
                        <media:title type="plain">Maria Cowkini</media:title>
        <media:keywords></media:keywords>
                        <media:rating>adult</media:rating>
                <media:category label="Drawings">manga/digital/drawings</media:category>
        <media:credit role="author" scheme="urn:ebu">XSuperiX</media:credit>
        <media:credit role="author" scheme="urn:ebu">https://a.deviantart.net/avatars/x/s/xsuperix.png?8</media:credit>
        <media:copyright url="https://xsuperix.deviantart.com">Copyright 2019 XSuperiX</media:copyright>            <media:description type="html">New hair design for Mama Maria ^w^</media:description>            <media:thumbnail url="https://t00.deviantart.net/dVMNb-zBNlYMxYcukmTcY9uTVlU=/fit-in/150x150/filters:no_upscale():origin()/pre00/c3a0/th/pre/i/2019/026/2/2/maria_cowkini_by_xsuperix-dcy51v6.png" height="150" width="143"/>            <media:thumbnail url="https://t00.deviantart.net/817AQrhDYzA8394noeumA7KX1SQ=/fit-in/300x900/filters:no_upscale():origin()/pre00/c3a0/th/pre/i/2019/026/2/2/maria_cowkini_by_xsuperix-dcy51v6.png" height="315" width="300"/>            <media:thumbnail url="https://t00.deviantart.net/2BHXVhB1K0rEvtUoi_h6eq3qbXw=/300x200/filters:fixed_height(100,100):origin()/pre00/c3a0/th/pre/i/2019/026/2/2/maria_cowkini_by_xsuperix-dcy51v6.png" height="200" width="190"/>            <media:content url="https://pre00.deviantart.net/c3a0/th/pre/i/2019/026/2/2/maria_cowkini_by_xsuperix-dcy51v6.png" height="916" width="872" medium="image"/>            
            <description>New hair design for Mama Maria ^w^&lt;br /&gt;&lt;div&gt;&lt;img src=&quot;https://t00.deviantart.net/2BHXVhB1K0rEvtUoi_h6eq3qbXw=/300x200/filters:fixed_height(100,100):origin()/pre00/c3a0/th/pre/i/2019/026/2/2/maria_cowkini_by_xsuperix-dcy51v6.png&quot; alt=&quot;thumbnail&quot; /&gt;&lt;/div&gt;</description>            </item>
                    <item>
                <title>Stegosaurus</title>
                <link>https://deskridge.deviantart.com/art/Stegosaurus-782973369</link>
                <guid isPermaLink="true">https://deskridge.deviantart.com/art/Stegosaurus-782973369</guid>
                <pubDate>Sun, 27 Jan 2019 06:22:58 PST</pubDate>
                        <media:title type="plain">Stegosaurus</media:title>
        <media:keywords></media:keywords>
                        <media:rating>nonadult</media:rating>
                <media:category label="Animals &amp; Creatures">digitalart/3d/characters/creatures</media:category>
        <media:credit role="author" scheme="urn:ebu">deskridge</media:credit>
        <media:credit role="author" scheme="urn:ebu">https://a.deviantart.net/avatars/d/e/deskridge.jpg?3</media:credit>
        <media:copyright url="https://deskridge.deviantart.com">Copyright 2019 deskridge</media:copyright>            <media:description type="html">&lt;div&gt;Prints:&amp;nbsp;&lt;span&gt;&lt;a href=&quot;https://www.deviantart.com/users/outgoing?https://daniel-eskridge.pixels.com/featured/stegosaurus-daniel-eskridge.html&quot;&gt;&lt;a class=&quot;external&quot; href=&quot;https://www.deviantart.com/users/outgoing?https://daniel-eskridge.pixels.com/featured/stegosaurus-daniel-eskridge.html&quot;&gt;daniel-eskridge.pixels.com/fea&amp;hellip;&lt;/a&gt;&lt;/a&gt;&lt;/span&gt;&lt;/div&gt;&lt;div&gt;&lt;br /&gt;&lt;/div&gt;&lt;div&gt;A grey and brown stegosaurus, a herbivorous dinosaur, stands on a pile of boulders looking down on a late Jurassic era forest of conifers.&amp;nbsp;&lt;span&gt;3D Rendering&lt;/span&gt;&lt;/div&gt;&lt;div&gt;&lt;span&gt;&lt;br /&gt;&lt;/span&gt;&lt;/div&gt;&lt;div&gt;&lt;span&gt;This is my first image to feature a stegosaurus.&lt;/span&gt;&lt;/div&gt;&lt;div&gt;&lt;span&gt;&lt;br /&gt;&lt;/span&gt;&lt;/div&gt;&lt;div&gt;&lt;span&gt;How I make art like this: &lt;a href=&quot;https://www.deviantart.com/users/outgoing?http://fineartbydaniel.com/2017/12/18/how-i-make-art-3d-rendering/&quot;&gt;&lt;a class=&quot;external&quot; href=&quot;https://www.deviantart.com/users/outgoing?http://fineartbydaniel.com/2017/12/18/how-i-make-art-3d-rendering/&quot;&gt;fineartbydaniel.com/2017/12/18&amp;hellip;&lt;/a&gt;&lt;/a&gt;&lt;/span&gt;&lt;/div&gt;&lt;div&gt;&lt;span&gt;&lt;br /&gt;&lt;/span&gt;&lt;/div&gt;&lt;div&gt;&lt;span&gt;Thanks for looking!&lt;/span&gt;&lt;/div&gt;&lt;div&gt;&lt;span&gt;Daniel Eskridge &lt;/span&gt;&lt;/div&gt;&lt;div&gt;&lt;span&gt;&lt;br /&gt;&lt;/span&gt;&lt;/div&gt;&lt;div&gt;&lt;span&gt;P.S. Before you comment, please read my&amp;nbsp;&amp;nbsp;standard paleoart disclaimer:&lt;/span&gt;&lt;/div&gt;&lt;div&gt;&lt;span&gt;When it comes to paleoart, the images I create favor &#039;art&#039; more than &#039;paleo&#039;. While I try my best to depict animals as accurately as possible, I&#039;m make no claim that they 100% scientifically accurate. The same goes for the environment I depict them in. I am primarily interested in creating aesthetically pleasing images and paintings. Scientific accuracy comes second behind artistic expression.&lt;/span&gt;&lt;/div&gt;&lt;div&gt;&lt;span&gt;&lt;br /&gt;&lt;/span&gt;&lt;/div&gt;&lt;div&gt;&lt;span&gt;Credits:&lt;/span&gt;&lt;/div&gt;&lt;div&gt;&lt;span&gt;Base Stegosaurus Model by DinoRaul (&lt;/span&gt;&lt;span&gt;&lt;a href=&quot;https://www.deviantart.com/users/outgoing?http://introvertartist.com/stegosaurus&quot;&gt;&lt;a class=&quot;external&quot; href=&quot;https://www.deviantart.com/users/outgoing?http://introvertartist.com/stegosaurus&quot;&gt;introvertartist.com/stegosauru&amp;hellip;&lt;/a&gt;&lt;/a&gt;&lt;/span&gt;&lt;span&gt;)&lt;/span&gt;&lt;/div&gt;&lt;div&gt;&lt;span&gt;Posing done using Poser (&lt;a href=&quot;https://www.deviantart.com/users/outgoing?http://IntrovertArtist.com/Poser&quot;&gt;&lt;a class=&quot;external&quot; href=&quot;https://www.deviantart.com/users/outgoing?http://IntrovertArtist.com/Poser&quot;&gt;IntrovertArtist.com/Poser&lt;/a&gt;&lt;/a&gt;)&lt;/span&gt;&lt;/div&gt;&lt;div&gt;&lt;span&gt;Retexturing/Resculpting done in ZBrush (&lt;a href=&quot;https://www.deviantart.com/users/outgoing?http://IntrovertArtist.com/ZBrush&quot;&gt;&lt;a class=&quot;external&quot; href=&quot;https://www.deviantart.com/users/outgoing?http://IntrovertArtist.com/ZBrush&quot;&gt;IntrovertArtist.com/ZBrush&lt;/a&gt;&lt;/a&gt;)&lt;/span&gt;&lt;/div&gt;&lt;div&gt;&lt;span&gt;Environment and Rendering done in Vue (&lt;a href=&quot;https://www.deviantart.com/users/outgoing?http://IntrovertArtist.com/Vue&quot;&gt;&lt;a class=&quot;external&quot; href=&quot;https://www.deviantart.com/users/outgoing?http://IntrovertArtist.com/Vue&quot;&gt;IntrovertArtist.com/Vue&lt;/a&gt;&lt;/a&gt;)&lt;/span&gt;&lt;/div&gt;&lt;div&gt;&lt;span&gt;Compositing and Painting done in Photoshop CS (&lt;a href=&quot;https://www.deviantart.com/users/outgoing?http://fineartbydaniel.com/2018/02/03/how-to-get-photoshop/&quot;&gt;&lt;a class=&quot;external&quot; href=&quot;https://www.deviantart.com/users/outgoing?http://fineartbydaniel.com/2018/02/03/how-to-get-photoshop/&quot;&gt;fineartbydaniel.com/2018/02/03&amp;hellip;&lt;/a&gt;&lt;/a&gt;)&lt;/span&gt;&lt;/div&gt;&lt;div&gt;&lt;span&gt;Color enhancement done using Photomatix (&lt;a href=&quot;https://www.deviantart.com/users/outgoing?http://IntrovertArtist.com/Photomatix&quot;&gt;&lt;a class=&quot;external&quot; href=&quot;https://www.deviantart.com/users/outgoing?http://IntrovertArtist.com/Photomatix&quot;&gt;IntrovertArtist.com/Photomatix&lt;/a&gt;&lt;/a&gt;)&lt;/span&gt;&lt;/div&gt;&lt;div&gt;&lt;span&gt;&lt;br /&gt;&lt;/span&gt;&lt;/div&gt;&lt;div&gt;&lt;/div&gt;</media:description>            <media:thumbnail url="https://t00.deviantart.net/YFlH7KHK28v2lxS-QB3MDpJ-Hto=/fit-in/150x150/filters:no_upscale():origin()/pre00/83fa/th/pre/i/2019/027/4/7/stegosaurus_by_deskridge-dcy5u49.jpg" height="94" width="150"/>            <media:thumbnail url="https://t00.deviantart.net/75gm9lLouR6V0b-AUHn0YqZaDZE=/fit-in/300x900/filters:no_upscale():origin()/pre00/83fa/th/pre/i/2019/027/4/7/stegosaurus_by_deskridge-dcy5u49.jpg" height="188" width="300"/>            <media:thumbnail url="https://t00.deviantart.net/ShooA2r56AjvMLnVqwZ578nZHDQ=/300x200/filters:fixed_height(100,100):origin()/pre00/83fa/th/pre/i/2019/027/4/7/stegosaurus_by_deskridge-dcy5u49.jpg" height="188" width="300"/>            <media:content url="https://pre00.deviantart.net/83fa/th/pre/i/2019/027/4/7/stegosaurus_by_deskridge-dcy5u49.jpg" height="707" width="1131" medium="image"/>            
            <description>&lt;div&gt;Prints:&amp;nbsp;&lt;span&gt;&lt;a href=&quot;https://www.deviantart.com/users/outgoing?https://daniel-eskridge.pixels.com/featured/stegosaurus-daniel-eskridge.html&quot;&gt;&lt;a class=&quot;external&quot; href=&quot;https://www.deviantart.com/users/outgoing?https://daniel-eskridge.pixels.com/featured/stegosaurus-daniel-eskridge.html&quot;&gt;daniel-eskridge.pixels.com/fea&amp;hellip;&lt;/a&gt;&lt;/a&gt;&lt;/span&gt;&lt;/div&gt;&lt;div&gt;&lt;br /&gt;&lt;/div&gt;&lt;div&gt;A grey and brown stegosaurus, a herbivorous dinosaur, stands on a pile of boulders looking down on a late Jurassic era forest of conifers.&amp;nbsp;&lt;span&gt;3D Rendering&lt;/span&gt;&lt;/div&gt;&lt;div&gt;&lt;span&gt;&lt;br /&gt;&lt;/span&gt;&lt;/div&gt;&lt;div&gt;&lt;span&gt;This is my first image to feature a stegosaurus.&lt;/span&gt;&lt;/div&gt;&lt;div&gt;&lt;span&gt;&lt;br /&gt;&lt;/span&gt;&lt;/div&gt;&lt;div&gt;&lt;span&gt;How I make art like this: &lt;a href=&quot;https://www.deviantart.com/users/outgoing?http://fineartbydaniel.com/2017/12/18/how-i-make-art-3d-rendering/&quot;&gt;&lt;a class=&quot;external&quot; href=&quot;https://www.deviantart.com/users/outgoing?http://fineartbydaniel.com/2017/12/18/how-i-make-art-3d-rendering/&quot;&gt;fineartbydaniel.com/2017/12/18&amp;hellip;&lt;/a&gt;&lt;/a&gt;&lt;/span&gt;&lt;/div&gt;&lt;div&gt;&lt;span&gt;&lt;br /&gt;&lt;/span&gt;&lt;/div&gt;&lt;div&gt;&lt;span&gt;Thanks for looking!&lt;/span&gt;&lt;/div&gt;&lt;div&gt;&lt;span&gt;Daniel Eskridge &lt;/span&gt;&lt;/div&gt;&lt;div&gt;&lt;span&gt;&lt;br /&gt;&lt;/span&gt;&lt;/div&gt;&lt;div&gt;&lt;span&gt;P.S. Before you comment, please read my&amp;nbsp;&amp;nbsp;standard paleoart disclaimer:&lt;/span&gt;&lt;/div&gt;&lt;div&gt;&lt;span&gt;When it comes to paleoart, the images I create favor &#039;art&#039; more than &#039;paleo&#039;. While I try my best to depict animals as accurately as possible, I&#039;m make no claim that they 100% scientifically accurate. The same goes for the environment I depict them in. I am primarily interested in creating aesthetically pleasing images and paintings. Scientific accuracy comes second behind artistic expression.&lt;/span&gt;&lt;/div&gt;&lt;div&gt;&lt;span&gt;&lt;br /&gt;&lt;/span&gt;&lt;/div&gt;&lt;div&gt;&lt;span&gt;Credits:&lt;/span&gt;&lt;/div&gt;&lt;div&gt;&lt;span&gt;Base Stegosaurus Model by DinoRaul (&lt;/span&gt;&lt;span&gt;&lt;a href=&quot;https://www.deviantart.com/users/outgoing?http://introvertartist.com/stegosaurus&quot;&gt;&lt;a class=&quot;external&quot; href=&quot;https://www.deviantart.com/users/outgoing?http://introvertartist.com/stegosaurus&quot;&gt;introvertartist.com/stegosauru&amp;hellip;&lt;/a&gt;&lt;/a&gt;&lt;/span&gt;&lt;span&gt;)&lt;/span&gt;&lt;/div&gt;&lt;div&gt;&lt;span&gt;Posing done using Poser (&lt;a href=&quot;https://www.deviantart.com/users/outgoing?http://IntrovertArtist.com/Poser&quot;&gt;&lt;a class=&quot;external&quot; href=&quot;https://www.deviantart.com/users/outgoing?http://IntrovertArtist.com/Poser&quot;&gt;IntrovertArtist.com/Poser&lt;/a&gt;&lt;/a&gt;)&lt;/span&gt;&lt;/div&gt;&lt;div&gt;&lt;span&gt;Retexturing/Resculpting done in ZBrush (&lt;a href=&quot;https://www.deviantart.com/users/outgoing?http://IntrovertArtist.com/ZBrush&quot;&gt;&lt;a class=&quot;external&quot; href=&quot;https://www.deviantart.com/users/outgoing?http://IntrovertArtist.com/ZBrush&quot;&gt;IntrovertArtist.com/ZBrush&lt;/a&gt;&lt;/a&gt;)&lt;/span&gt;&lt;/div&gt;&lt;div&gt;&lt;span&gt;Environment and Rendering done in Vue (&lt;a href=&quot;https://www.deviantart.com/users/outgoing?http://IntrovertArtist.com/Vue&quot;&gt;&lt;a class=&quot;external&quot; href=&quot;https://www.deviantart.com/users/outgoing?http://IntrovertArtist.com/Vue&quot;&gt;IntrovertArtist.com/Vue&lt;/a&gt;&lt;/a&gt;)&lt;/span&gt;&lt;/div&gt;&lt;div&gt;&lt;span&gt;Compositing and Painting done in Photoshop CS (&lt;a href=&quot;https://www.deviantart.com/users/outgoing?http://fineartbydaniel.com/2018/02/03/how-to-get-photoshop/&quot;&gt;&lt;a class=&quot;external&quot; href=&quot;https://www.deviantart.com/users/outgoing?http://fineartbydaniel.com/2018/02/03/how-to-get-photoshop/&quot;&gt;fineartbydaniel.com/2018/02/03&amp;hellip;&lt;/a&gt;&lt;/a&gt;)&lt;/span&gt;&lt;/div&gt;&lt;div&gt;&lt;span&gt;Color enhancement done using Photomatix (&lt;a href=&quot;https://www.deviantart.com/users/outgoing?http://IntrovertArtist.com/Photomatix&quot;&gt;&lt;a class=&quot;external&quot; href=&quot;https://www.deviantart.com/users/outgoing?http://IntrovertArtist.com/Photomatix&quot;&gt;IntrovertArtist.com/Photomatix&lt;/a&gt;&lt;/a&gt;)&lt;/span&gt;&lt;/div&gt;&lt;div&gt;&lt;span&gt;&lt;br /&gt;&lt;/span&gt;&lt;/div&gt;&lt;div&gt;&lt;/div&gt;&lt;br /&gt;&lt;div&gt;&lt;img src=&quot;https://t00.deviantart.net/ShooA2r56AjvMLnVqwZ578nZHDQ=/300x200/filters:fixed_height(100,100):origin()/pre00/83fa/th/pre/i/2019/027/4/7/stegosaurus_by_deskridge-dcy5u49.jpg&quot; alt=&quot;thumbnail&quot; /&gt;&lt;/div&gt;</description>            </item>
                    <item>
                <title>Tengen Toppa Gurren-lagann  Yoko</title>
                <link>https://kommankom.deviantart.com/art/Tengen-Toppa-Gurren-lagann-Yoko-782971110</link>
                <guid isPermaLink="true">https://kommankom.deviantart.com/art/Tengen-Toppa-Gurren-lagann-Yoko-782971110</guid>
                <pubDate>Sun, 27 Jan 2019 05:53:09 PST</pubDate>
                        <media:title type="plain">Tengen Toppa Gurren-lagann  Yoko</media:title>
        <media:keywords></media:keywords>
                        <media:rating>nonadult</media:rating>
                <media:category label="Drawings">manga/digital/drawings</media:category>
        <media:credit role="author" scheme="urn:ebu">kommankom</media:credit>
        <media:credit role="author" scheme="urn:ebu">https://a.deviantart.net/avatars/k/o/kommankom.png?2</media:credit>
        <media:copyright url="https://kommankom.deviantart.com">Copyright 2019 kommankom</media:copyright>            <media:description type="html">Tengen Toppa Gurren-lagann &amp;nbsp;Yoko</media:description>            <media:thumbnail url="https://t00.deviantart.net/qYmrCbxpncNpzpNrMOQ4gSP_lnU=/fit-in/150x150/filters:no_upscale():origin()/pre00/c50f/th/pre/i/2019/027/3/3/tengen_toppa_gurren_lagann__yoko_by_kommankom-dcy5sdi.jpg" height="106" width="150"/>            <media:thumbnail url="https://t00.deviantart.net/_tw04eDMTT1aZ0gYwHyKxTs9cpU=/fit-in/300x900/filters:no_upscale():origin()/pre00/c50f/th/pre/i/2019/027/3/3/tengen_toppa_gurren_lagann__yoko_by_kommankom-dcy5sdi.jpg" height="212" width="300"/>            <media:thumbnail url="https://t00.deviantart.net/0G8kpX5UzB163ekyafLyyKzIRWs=/300x200/filters:fixed_height(100,100):origin()/pre00/c50f/th/pre/i/2019/027/3/3/tengen_toppa_gurren_lagann__yoko_by_kommankom-dcy5sdi.jpg" height="200" width="283"/>            <media:content url="https://pre00.deviantart.net/c50f/th/pre/i/2019/027/3/3/tengen_toppa_gurren_lagann__yoko_by_kommankom-dcy5sdi.jpg" height="752" width="1063" medium="image"/>            
            <description>Tengen Toppa Gurren-lagann &amp;nbsp;Yoko&lt;br /&gt;&lt;div&gt;&lt;img src=&quot;https://t00.deviantart.net/0G8kpX5UzB163ekyafLyyKzIRWs=/300x200/filters:fixed_height(100,100):origin()/pre00/c50f/th/pre/i/2019/027/3/3/tengen_toppa_gurren_lagann__yoko_by_kommankom-dcy5sdi.jpg&quot; alt=&quot;thumbnail&quot; /&gt;&lt;/div&gt;</description>            </item>
                    <item>
                <title>All my male characters</title>
                <link>https://aenaluck.deviantart.com/art/All-my-male-characters-782977860</link>
                <guid isPermaLink="true">https://aenaluck.deviantart.com/art/All-my-male-characters-782977860</guid>
                <pubDate>Sun, 27 Jan 2019 07:17:49 PST</pubDate>
                        <media:title type="plain">All my male characters</media:title>
        <media:keywords></media:keywords>
                        <media:rating>nonadult</media:rating>
                <media:category label="Pin-up">digitalart/paintings/people/pinup</media:category>
        <media:credit role="author" scheme="urn:ebu">aenaluck</media:credit>
        <media:credit role="author" scheme="urn:ebu">https://a.deviantart.net/avatars/a/e/aenaluck.jpg?2</media:credit>
        <media:copyright url="https://aenaluck.deviantart.com">Copyright 2019 aenaluck</media:copyright>            <media:description type="html">All my male characters information &amp;#129303;&lt;br /&gt;&lt;br /&gt;Please follow me on my instagram.&lt;br /&gt;And,As always, If you want the nsfw version of this pic, please support me on my patreon &amp;#129303;&amp;#128536;&lt;br /&gt;&lt;a class=&quot;external&quot; href=&quot;https://www.deviantart.com/users/outgoing?https://www.instagram.com/aenaluck_jujubes/?hl=en&quot;&gt;www.instagram.com/aenaluck_juj&amp;hellip;&lt;/a&gt;&lt;br /&gt;&lt;a class=&quot;external&quot; href=&quot;https://www.deviantart.com/users/outgoing?https://www.patreon.com/Aenaluck&quot;&gt;www.patreon.com/Aenaluck&lt;/a&gt;</media:description>            <media:thumbnail url="https://t00.deviantart.net/ZFgzST5qyt-omX_WBebjjghnCAw=/fit-in/150x150/filters:no_upscale():origin()/pre00/910d/th/pre/i/2019/027/a/4/all_my_male_characters_by_aenaluck-dcy5xl0.jpg" height="91" width="150"/>            <media:thumbnail url="https://t00.deviantart.net/IUHrzmT61KotnI45b3BCNhfkCL0=/fit-in/300x900/filters:no_upscale():origin()/pre00/910d/th/pre/i/2019/027/a/4/all_my_male_characters_by_aenaluck-dcy5xl0.jpg" height="182" width="300"/>            <media:thumbnail url="https://t00.deviantart.net/e1CNMDyfGtm6p1RlfgBO7SdwarA=/300x200/filters:fixed_height(100,100):origin()/pre00/910d/th/pre/i/2019/027/a/4/all_my_male_characters_by_aenaluck-dcy5xl0.jpg" height="182" width="300"/>            <media:content url="https://img00.deviantart.net/ea0d/i/2019/027/a/4/all_my_male_characters_by_aenaluck-dcy5xl0.jpg" height="622" width="1024" medium="image"/>            
            <description>All my male characters information &amp;#129303;&lt;br /&gt;&lt;br /&gt;Please follow me on my instagram.&lt;br /&gt;And,As always, If you want the nsfw version of this pic, please support me on my patreon &amp;#129303;&amp;#128536;&lt;br /&gt;&lt;a class=&quot;external&quot; href=&quot;https://www.deviantart.com/users/outgoing?https://www.instagram.com/aenaluck_jujubes/?hl=en&quot;&gt;www.instagram.com/aenaluck_juj&amp;hellip;&lt;/a&gt;&lt;br /&gt;&lt;a class=&quot;external&quot; href=&quot;https://www.deviantart.com/users/outgoing?https://www.patreon.com/Aenaluck&quot;&gt;www.patreon.com/Aenaluck&lt;/a&gt;&lt;br /&gt;&lt;div&gt;&lt;img src=&quot;https://t00.deviantart.net/e1CNMDyfGtm6p1RlfgBO7SdwarA=/300x200/filters:fixed_height(100,100):origin()/pre00/910d/th/pre/i/2019/027/a/4/all_my_male_characters_by_aenaluck-dcy5xl0.jpg&quot; alt=&quot;thumbnail&quot; /&gt;&lt;/div&gt;</description>            </item>
                    <item>
                <title>Transparent PNG - Ichigo (Darling in the Franxx)</title>
                <link>https://anastasiya-v.deviantart.com/art/Transparent-PNG-Ichigo-Darling-in-the-Franxx-782931305</link>
                <guid isPermaLink="true">https://anastasiya-v.deviantart.com/art/Transparent-PNG-Ichigo-Darling-in-the-Franxx-782931305</guid>
                <pubDate>Sat, 26 Jan 2019 21:36:48 PST</pubDate>
                        <media:title type="plain">Transparent PNG - Ichigo (Darling in the Franxx)</media:title>
        <media:keywords></media:keywords>
                        <media:rating>nonadult</media:rating>
                <media:category label="Other">resources/stockart/3drenders/other</media:category>
        <media:credit role="author" scheme="urn:ebu">Anastasiya-V</media:credit>
        <media:credit role="author" scheme="urn:ebu">https://a.deviantart.net/avatars/a/n/anastasiya-v.jpg?10</media:credit>
        <media:copyright url="https://anastasiya-v.deviantart.com">Copyright 2019 Anastasiya-V</media:copyright>            <media:description type="html">&lt;b&gt;&amp;#10031; The original artist did give me permission to post this. &amp;#10031;&lt;/b&gt;&lt;br /&gt;______________________________________________________&lt;br /&gt;&lt;br /&gt;Original Picture : &lt;a class=&quot;external&quot; href=&quot;https://www.deviantart.com/users/outgoing?https://www.pixiv.net/member_illust.php?mode=medium&amp;amp;illust_id=67624565&quot;&gt;Pixiv&lt;/a&gt;&lt;br /&gt;______________________________________________________&lt;br /&gt;&lt;br /&gt;&lt;b&gt; I highly recommend you to check out the original artist: &lt;/b&gt;&lt;br /&gt;&lt;br /&gt;&amp;#10147; Pixiv: &lt;a class=&quot;external&quot; href=&quot;https://www.deviantart.com/users/outgoing?https://www.pixiv.net/member.php?id=5146362&quot;&gt;5Plus&lt;/a&gt;</media:description>            <media:thumbnail url="https://t00.deviantart.net/mQfzZeedcp5wRNo55WbTCTF9Wx4=/fit-in/150x150/filters:no_upscale():origin()/pre00/c212/th/pre/i/2019/026/4/5/transparent_png___ichigo__darling_in_the_franxx__by_anastasiya_v-dcy4xnt.png" height="150" width="84"/>            <media:thumbnail url="https://t00.deviantart.net/jagA6vlSgt8DIVH-AkmEQoUHJmA=/fit-in/300x900/filters:no_upscale():origin()/pre00/c212/th/pre/i/2019/026/4/5/transparent_png___ichigo__darling_in_the_franxx__by_anastasiya_v-dcy4xnt.png" height="533" width="300"/>            <media:thumbnail url="https://t00.deviantart.net/psLSvVN6L8CfaFOBp9wnXbJ_7gA=/300x200/filters:fixed_height(100,100):origin()/pre00/c212/th/pre/i/2019/026/4/5/transparent_png___ichigo__darling_in_the_franxx__by_anastasiya_v-dcy4xnt.png" height="200" width="112"/>            <media:content url="https://pre00.deviantart.net/c212/th/pre/i/2019/026/4/5/transparent_png___ichigo__darling_in_the_franxx__by_anastasiya_v-dcy4xnt.png" height="1192" width="670" medium="image"/>            
            <description>&lt;b&gt;&amp;#10031; The original artist did give me permission to post this. &amp;#10031;&lt;/b&gt;&lt;br /&gt;______________________________________________________&lt;br /&gt;&lt;br /&gt;Original Picture : &lt;a class=&quot;external&quot; href=&quot;https://www.deviantart.com/users/outgoing?https://www.pixiv.net/member_illust.php?mode=medium&amp;amp;illust_id=67624565&quot;&gt;Pixiv&lt;/a&gt;&lt;br /&gt;______________________________________________________&lt;br /&gt;&lt;br /&gt;&lt;b&gt; I highly recommend you to check out the original artist: &lt;/b&gt;&lt;br /&gt;&lt;br /&gt;&amp;#10147; Pixiv: &lt;a class=&quot;external&quot; href=&quot;https://www.deviantart.com/users/outgoing?https://www.pixiv.net/member.php?id=5146362&quot;&gt;5Plus&lt;/a&gt;&lt;br /&gt;&lt;div&gt;&lt;img src=&quot;https://t00.deviantart.net/psLSvVN6L8CfaFOBp9wnXbJ_7gA=/300x200/filters:fixed_height(100,100):origin()/pre00/c212/th/pre/i/2019/026/4/5/transparent_png___ichigo__darling_in_the_franxx__by_anastasiya_v-dcy4xnt.png&quot; alt=&quot;thumbnail&quot; /&gt;&lt;/div&gt;</description>            </item>
                    <item>
                <title>Dark Fairy, Black-Haired Fantasy Woman Art, Iray</title>
                <link>https://shibashake.deviantart.com/art/Dark-Fairy-Black-Haired-Fantasy-Woman-Art-Iray-782199762</link>
                <guid isPermaLink="true">https://shibashake.deviantart.com/art/Dark-Fairy-Black-Haired-Fantasy-Woman-Art-Iray-782199762</guid>
                <pubDate>Sun, 27 Jan 2019 01:00:06 PST</pubDate>
                        <media:title type="plain">Dark Fairy, Black-Haired Fantasy Woman Art, Iray</media:title>
        <media:keywords></media:keywords>
                        <media:rating>nonadult</media:rating>
                <media:category label="Female">digitalart/3d/characters/female</media:category>
        <media:credit role="author" scheme="urn:ebu">shibashake</media:credit>
        <media:credit role="author" scheme="urn:ebu">https://a.deviantart.net/avatars/s/h/shibashake.jpg?2</media:credit>
        <media:copyright url="https://shibashake.deviantart.com">Copyright 2019 shibashake</media:copyright>            <media:description type="html">Created using &lt;a class=&quot;external&quot; href=&quot;https://www.deviantart.com/users/outgoing?http://witchy-ears.com/dazstudio&quot;&gt;Daz Studio&lt;/a&gt; &amp;gt; Iray &amp;gt; Photoshop.&amp;nbsp;&lt;br /&gt;&lt;br /&gt;3D-assets purchased from &lt;a class=&quot;external&quot; href=&quot;https://www.deviantart.com/users/outgoing?http://witchy-ears.com/daz3d&quot;&gt;Daz3D.com.&lt;/a&gt;&lt;br /&gt;&lt;br /&gt;&lt;strong&gt;&lt;a class=&quot;external&quot; href=&quot;https://www.deviantart.com/users/outgoing?http://thinkdrawart.com/&quot;&gt;Website&lt;/a&gt; || &lt;a class=&quot;external&quot; href=&quot;https://www.deviantart.com/users/outgoing?https://www.facebook.com/shiba.shake&quot;&gt;Facebook&lt;/a&gt; || &lt;a class=&quot;external&quot; href=&quot;https://www.deviantart.com/users/outgoing?http://witchy-ears.com/tutorial&quot;&gt;Tutorials&lt;/a&gt;&lt;/strong&gt;</media:description>            <media:thumbnail url="https://t00.deviantart.net/hRs9HAZLPz8Zak6fp7Qc_1T1KpY=/fit-in/150x150/filters:no_upscale():origin()/pre00/adb5/th/pre/i/2019/021/d/b/dark_fairy__black_haired_fantasy_woman_art__iray_by_shibashake-dcxp976.jpg" height="150" width="115"/>            <media:thumbnail url="https://t00.deviantart.net/u5DcXtVzkLtumscUobcUFLX9vwQ=/fit-in/300x900/filters:no_upscale():origin()/pre00/adb5/th/pre/i/2019/021/d/b/dark_fairy__black_haired_fantasy_woman_art__iray_by_shibashake-dcxp976.jpg" height="390" width="300"/>            <media:thumbnail url="https://t00.deviantart.net/CitpDVCxhvE_AwoiFGmLVcq2bPQ=/300x200/filters:fixed_height(100,100):origin()/pre00/adb5/th/pre/i/2019/021/d/b/dark_fairy__black_haired_fantasy_woman_art__iray_by_shibashake-dcxp976.jpg" height="200" width="154"/>            <media:content url="https://pre00.deviantart.net/adb5/th/pre/i/2019/021/d/b/dark_fairy__black_haired_fantasy_woman_art__iray_by_shibashake-dcxp976.jpg" height="1019" width="784" medium="image"/>            
            <description>Created using &lt;a class=&quot;external&quot; href=&quot;https://www.deviantart.com/users/outgoing?http://witchy-ears.com/dazstudio&quot;&gt;Daz Studio&lt;/a&gt; &amp;gt; Iray &amp;gt; Photoshop.&amp;nbsp;&lt;br /&gt;&lt;br /&gt;3D-assets purchased from &lt;a class=&quot;external&quot; href=&quot;https://www.deviantart.com/users/outgoing?http://witchy-ears.com/daz3d&quot;&gt;Daz3D.com.&lt;/a&gt;&lt;br /&gt;&lt;br /&gt;&lt;strong&gt;&lt;a class=&quot;external&quot; href=&quot;https://www.deviantart.com/users/outgoing?http://thinkdrawart.com/&quot;&gt;Website&lt;/a&gt; || &lt;a class=&quot;external&quot; href=&quot;https://www.deviantart.com/users/outgoing?https://www.facebook.com/shiba.shake&quot;&gt;Facebook&lt;/a&gt; || &lt;a class=&quot;external&quot; href=&quot;https://www.deviantart.com/users/outgoing?http://witchy-ears.com/tutorial&quot;&gt;Tutorials&lt;/a&gt;&lt;/strong&gt;&lt;br /&gt;&lt;div&gt;&lt;img src=&quot;https://t00.deviantart.net/CitpDVCxhvE_AwoiFGmLVcq2bPQ=/300x200/filters:fixed_height(100,100):origin()/pre00/adb5/th/pre/i/2019/021/d/b/dark_fairy__black_haired_fantasy_woman_art__iray_by_shibashake-dcxp976.jpg&quot; alt=&quot;thumbnail&quot; /&gt;&lt;/div&gt;</description>            </item>
                    <item>
                <title>Cat - Pencil Lineart P2U</title>
                <link>https://awkwardos.deviantart.com/art/Cat-Pencil-Lineart-P2U-782967179</link>
                <guid isPermaLink="true">https://awkwardos.deviantart.com/art/Cat-Pencil-Lineart-P2U-782967179</guid>
                <pubDate>Sun, 27 Jan 2019 05:15:30 PST</pubDate>
                        <media:title type="plain">Cat - Pencil Lineart P2U</media:title>
        <media:keywords></media:keywords>
                        <media:rating>nonadult</media:rating>
                <media:category label="Animals">digitalart/paintings/animals</media:category>
        <media:credit role="author" scheme="urn:ebu">Awkwardos</media:credit>
        <media:credit role="author" scheme="urn:ebu">https://a.deviantart.net/avatars/a/w/awkwardos.png?2</media:credit>
        <media:copyright url="https://awkwardos.deviantart.com">Copyright 2019 Awkwardos</media:copyright>            <media:description type="html">&lt;div align=&quot;left&quot;&gt;&lt;sup&gt;Who ever needs it. I&#039;m currently saving up for a bigger terrarium for my mice, so they have more space cuz they&#039;re getting close to too much right now and I&#039;d hate to put them under pressure, so I&#039;m selling this lineart in hopes of getting a few more dollars together... ;W;&lt;/sup&gt;&lt;/div&gt;&lt;div align=&quot;left&quot;&gt;&lt;br /&gt;&lt;/div&gt;&lt;div align=&quot;left&quot;&gt;Download includes .sai and .psd file!&lt;br /&gt;&lt;/div&gt;&lt;div align=&quot;left&quot;&gt;&lt;br /&gt;&lt;/div&gt;&lt;div align=&quot;left&quot;&gt;&lt;b&gt;Do&#039;s&lt;/b&gt;&lt;/div&gt;&lt;div align=&quot;left&quot;&gt;- May upload designs created with this lineart to your gallery.&lt;/div&gt;&lt;div align=&quot;left&quot;&gt;- May claim any designs you create with this lineart.&lt;/div&gt;&lt;div align=&quot;left&quot;&gt;- May sell designs created with this lineart.&lt;br /&gt;&lt;/div&gt;&lt;div align=&quot;left&quot;&gt;- May edit lineart to suit your taste.&lt;/div&gt;&lt;div align=&quot;left&quot;&gt;&lt;br /&gt;&lt;/div&gt;&lt;div align=&quot;left&quot;&gt;&lt;b&gt;Don&#039;t&#039;s&lt;/b&gt;&lt;/div&gt;&lt;div align=&quot;left&quot;&gt;- May not resell lineart.&lt;/div&gt;&lt;div align=&quot;left&quot;&gt;- May not remove watermark.&lt;/div&gt;&lt;div align=&quot;left&quot;&gt;- May not claim you have created the lineart.&lt;/div&gt;&lt;div align=&quot;left&quot;&gt;- May not share the lineart itself on other websites by reuploading it.&lt;/div&gt;</media:description>            <media:thumbnail url="https://t00.deviantart.net/RcOEn_R5FZjj10HZR40R7Zg1xjI=/fit-in/150x150/filters:no_upscale():origin()/pre00/50ba/th/pre/i/2019/027/2/5/cat___pencil_lineart_p2u_by_awkwardos-dcy5pcb.png" height="82" width="150"/>            <media:thumbnail url="https://t00.deviantart.net/dtLsrV1fiWR4t_U0mrXXb7_Anfc=/fit-in/300x900/filters:no_upscale():origin()/pre00/50ba/th/pre/i/2019/027/2/5/cat___pencil_lineart_p2u_by_awkwardos-dcy5pcb.png" height="165" width="300"/>            <media:thumbnail url="https://t00.deviantart.net/K2rTriW4sAJmIYqCAVALZuGDMJQ=/300x200/filters:fixed_height(100,100):origin()/pre00/50ba/th/pre/i/2019/027/2/5/cat___pencil_lineart_p2u_by_awkwardos-dcy5pcb.png" height="165" width="300"/>            <media:content url="https://img00.deviantart.net/13cb/i/2019/027/2/5/cat___pencil_lineart_p2u_by_awkwardos-dcy5pcb.png" height="1485" width="2705"/>            
            <description>&lt;div align=&quot;left&quot;&gt;&lt;sup&gt;Who ever needs it. I&#039;m currently saving up for a bigger terrarium for my mice, so they have more space cuz they&#039;re getting close to too much right now and I&#039;d hate to put them under pressure, so I&#039;m selling this lineart in hopes of getting a few more dollars together... ;W;&lt;/sup&gt;&lt;/div&gt;&lt;div align=&quot;left&quot;&gt;&lt;br /&gt;&lt;/div&gt;&lt;div align=&quot;left&quot;&gt;Download includes .sai and .psd file!&lt;br /&gt;&lt;/div&gt;&lt;div align=&quot;left&quot;&gt;&lt;br /&gt;&lt;/div&gt;&lt;div align=&quot;left&quot;&gt;&lt;b&gt;Do&#039;s&lt;/b&gt;&lt;/div&gt;&lt;div align=&quot;left&quot;&gt;- May upload designs created with this lineart to your gallery.&lt;/div&gt;&lt;div align=&quot;left&quot;&gt;- May claim any designs you create with this lineart.&lt;/div&gt;&lt;div align=&quot;left&quot;&gt;- May sell designs created with this lineart.&lt;br /&gt;&lt;/div&gt;&lt;div align=&quot;left&quot;&gt;- May edit lineart to suit your taste.&lt;/div&gt;&lt;div align=&quot;left&quot;&gt;&lt;br /&gt;&lt;/div&gt;&lt;div align=&quot;left&quot;&gt;&lt;b&gt;Don&#039;t&#039;s&lt;/b&gt;&lt;/div&gt;&lt;div align=&quot;left&quot;&gt;- May not resell lineart.&lt;/div&gt;&lt;div align=&quot;left&quot;&gt;- May not remove watermark.&lt;/div&gt;&lt;div align=&quot;left&quot;&gt;- May not claim you have created the lineart.&lt;/div&gt;&lt;div align=&quot;left&quot;&gt;- May not share the lineart itself on other websites by reuploading it.&lt;/div&gt;&lt;br /&gt;&lt;div&gt;&lt;img src=&quot;https://img00.deviantart.net/13cb/i/2019/027/2/5/cat___pencil_lineart_p2u_by_awkwardos-dcy5pcb.png&quot; alt=&quot;thumbnail&quot; /&gt;&lt;/div&gt;</description>            </item>
                    <item>
                <title>Magic!</title>
                <link>https://ctreuse109.deviantart.com/art/Magic-782904145</link>
                <guid isPermaLink="true">https://ctreuse109.deviantart.com/art/Magic-782904145</guid>
                <pubDate>Sat, 26 Jan 2019 17:45:00 PST</pubDate>
                        <media:title type="plain">Magic!</media:title>
        <media:keywords></media:keywords>
                        <media:rating>nonadult</media:rating>
                <media:category label="Books &amp; Novels">fanart/cartoons/digital/books</media:category>
        <media:credit role="author" scheme="urn:ebu">Ctreuse109</media:credit>
        <media:credit role="author" scheme="urn:ebu">https://a.deviantart.net/avatars/c/t/ctreuse109.png?8</media:credit>
        <media:copyright url="https://ctreuse109.deviantart.com">Copyright 2019 Ctreuse109</media:copyright>            <media:description type="html">&lt;div&gt;Eyyy...&lt;/div&gt;&lt;div&gt;&lt;br /&gt;&lt;/div&gt;&lt;div&gt;It&#039;s been a while and I have been reading lots of comics to get rid of art block. Gotta get ready for a barrage of comic fanarts I guess?&lt;/div&gt;&lt;div&gt;&lt;a class=&quot;external&quot; href=&quot;https://www.deviantart.com/users/outgoing?https://www.artstation.com/ctreuselex&quot;&gt;Also, I&#039;ve been trying out Artstation for a while, go check it out!&lt;/a&gt; &lt;img src=&quot;https://e.deviantart.net/emoticons/l/la.gif&quot; width=&quot;19&quot; height=&quot;19&quot; alt=&quot;:la:&quot; data-embed-type=&quot;emoticon&quot; data-embed-id=&quot;577&quot; title=&quot;La la la la&quot;/&gt;&lt;/div&gt;&lt;div&gt;&lt;br /&gt;&lt;/div&gt;&lt;div&gt;Zatanna Zatara and John Constatine from DC Comics.&lt;br /&gt;&lt;/div&gt;</media:description>            <media:thumbnail url="https://t00.deviantart.net/R2MyfcpUvS5-Vj8FGbPrWDH71xk=/fit-in/150x150/filters:no_upscale():origin()/pre00/4b8f/th/pre/f/2019/026/a/5/magic__by_ctreuse109-dcy4cpd.png" height="150" width="107"/>            <media:thumbnail url="https://t00.deviantart.net/H0Ec7MO7ZyjTWdFbSnPuWLFbvsE=/fit-in/300x900/filters:no_upscale():origin()/pre00/4b8f/th/pre/f/2019/026/a/5/magic__by_ctreuse109-dcy4cpd.png" height="422" width="300"/>            <media:thumbnail url="https://t00.deviantart.net/p5y-DqRjSvIhHt6tyv690ECCdpY=/300x200/filters:fixed_height(100,100):origin()/pre00/4b8f/th/pre/f/2019/026/a/5/magic__by_ctreuse109-dcy4cpd.png" height="200" width="142"/>            <media:content url="https://orig00.deviantart.net/7595/f/2019/026/a/5/magic__by_ctreuse109-dcy4cpd.png" height="1054" width="750" medium="image"/>            
            <description>&lt;div&gt;Eyyy...&lt;/div&gt;&lt;div&gt;&lt;br /&gt;&lt;/div&gt;&lt;div&gt;It&#039;s been a while and I have been reading lots of comics to get rid of art block. Gotta get ready for a barrage of comic fanarts I guess?&lt;/div&gt;&lt;div&gt;&lt;a class=&quot;external&quot; href=&quot;https://www.deviantart.com/users/outgoing?https://www.artstation.com/ctreuselex&quot;&gt;Also, I&#039;ve been trying out Artstation for a while, go check it out!&lt;/a&gt; &lt;img src=&quot;https://e.deviantart.net/emoticons/l/la.gif&quot; width=&quot;19&quot; height=&quot;19&quot; alt=&quot;:la:&quot; data-embed-type=&quot;emoticon&quot; data-embed-id=&quot;577&quot; title=&quot;La la la la&quot;/&gt;&lt;/div&gt;&lt;div&gt;&lt;br /&gt;&lt;/div&gt;&lt;div&gt;Zatanna Zatara and John Constatine from DC Comics.&lt;br /&gt;&lt;/div&gt;&lt;br /&gt;&lt;div&gt;&lt;img src=&quot;https://t00.deviantart.net/p5y-DqRjSvIhHt6tyv690ECCdpY=/300x200/filters:fixed_height(100,100):origin()/pre00/4b8f/th/pre/f/2019/026/a/5/magic__by_ctreuse109-dcy4cpd.png&quot; alt=&quot;thumbnail&quot; /&gt;&lt;/div&gt;</description>            </item>
                    <item>
                <title>Batgirl Cosplay Tickle Torture_part1</title>
                <link>https://pawfeather.deviantart.com/art/Batgirl-Cosplay-Tickle-Torture-part1-782928238</link>
                <guid isPermaLink="true">https://pawfeather.deviantart.com/art/Batgirl-Cosplay-Tickle-Torture-part1-782928238</guid>
                <pubDate>Sat, 26 Jan 2019 21:07:52 PST</pubDate>
                        <media:title type="plain">Batgirl Cosplay Tickle Torture_part1</media:title>
        <media:keywords></media:keywords>
                        <media:rating>nonadult</media:rating>
                <media:category label="Books &amp; Novels">fanart/cartoons/digital/books</media:category>
        <media:credit role="author" scheme="urn:ebu">PawFeather</media:credit>
        <media:credit role="author" scheme="urn:ebu">https://a.deviantart.net/avatars/p/a/pawfeather.png?1</media:credit>
        <media:copyright url="https://pawfeather.deviantart.com">Copyright 2019 PawFeather</media:copyright>            <media:description type="html">Part 1 of a 3 part commission for &lt;a target=&quot;_self&quot; href=&quot;https://www.deviantart.com/lespy75&quot; &gt;&lt;img class=&quot;avatar&quot; width=&quot;50&quot; height=&quot;50&quot; src=&quot;https://a.deviantart.net/avatars/default.gif&quot; alt=&quot;:iconlespy75:&quot; title=&quot;lespy75&quot; /&gt;&lt;/a&gt;&lt;br /&gt;&quot;Batgirl&quot; is in quite a predicament. One that will involve lots of laughter. &lt;img src=&quot;https://e.deviantart.net/emoticons/b/biggrin.gif&quot; width=&quot;15&quot; height=&quot;15&quot; alt=&quot;:D&quot; data-embed-type=&quot;emoticon&quot; data-embed-id=&quot;366&quot; title=&quot;:D (Big Grin)&quot;/&gt;&lt;br /&gt;&lt;br /&gt;&lt;a class=&quot;external&quot; href=&quot;https://www.deviantart.com/users/outgoing?http://www.pawfeathercomics.com&quot;&gt;&lt;b&gt;PawFeatherComics&amp;#8482;&lt;/b&gt;&lt;/a&gt; &lt;img src=&quot;https://e.deviantart.net/emoticons/t/twitter_2.gif&quot; width=&quot;16&quot; height=&quot;16&quot; alt=&quot;:twitter:&quot; data-embed-type=&quot;emoticon&quot; data-embed-id=&quot;614&quot; title=&quot;Twitter&quot;/&gt; &lt;a class=&quot;external&quot; href=&quot;https://www.deviantart.com/users/outgoing?https://twitter.com/PawFeather&quot;&gt;&lt;b&gt;Twitter&lt;/b&gt;&lt;/a&gt;&lt;span class=&quot;shadow-holder&quot; data-embed-type=&quot;deviation&quot; data-embed-id=&quot;455550600&quot; data-embed-format=&quot;thumb&quot;&gt;&lt;span class=&quot;shadow mild&quot; &gt;&lt;a class=&quot;thumb&quot; href=&quot;https://www.deviantart.com/freakyed/art/Bullet-Patreon-455550600&quot; title=&quot;.:Bullet:. Patreon by FreakyEd, May 21, 2014 in Customization &amp;gt; Emoticons &amp;gt; Chat Friendly Emotes &amp;gt; Small - up to 25x50 &amp;gt; Static&quot;data-super-img=&quot;https://images-wixmp-ed30a86b8c4ca887773594c2.wixmp.com/intermediary/f/e84b0e0f-dd81-4999-b6bc-536c4d32d85e/d7j813c-dc204c1d-c7d2-4616-b6bf-f40b92fae3b2.png&quot; data-super-width=&quot;16&quot; data-super-height=&quot;16&quot; data-super-transparent=&quot;true&quot; data-super-alt=&quot;.:Bullet:. Patreon by FreakyEd&quot; data-super-full-img=&quot;https://images-wixmp-ed30a86b8c4ca887773594c2.wixmp.com/intermediary/f/e84b0e0f-dd81-4999-b6bc-536c4d32d85e/d7j813c-dc204c1d-c7d2-4616-b6bf-f40b92fae3b2.png&quot; data-super-full-width=&quot;16&quot; data-super-full-height=&quot;16&quot;        data-sigil=&quot;thumb&quot;&gt;
        &lt;i&gt;&lt;/i&gt;&lt;img   width=&quot;16&quot; height=&quot;16&quot; alt=&quot;.:Bullet:. Patreon by FreakyEd&quot; src=&quot;https://images-wixmp-ed30a86b8c4ca887773594c2.wixmp.com/intermediary/f/e84b0e0f-dd81-4999-b6bc-536c4d32d85e/d7j813c-dc204c1d-c7d2-4616-b6bf-f40b92fae3b2.png&quot; data-src=&quot;https://images-wixmp-ed30a86b8c4ca887773594c2.wixmp.com/intermediary/f/e84b0e0f-dd81-4999-b6bc-536c4d32d85e/d7j813c-dc204c1d-c7d2-4616-b6bf-f40b92fae3b2.png&quot; srcset=&quot;https://images-wixmp-ed30a86b8c4ca887773594c2.wixmp.com/intermediary/f/e84b0e0f-dd81-4999-b6bc-536c4d32d85e/d7j813c-dc204c1d-c7d2-4616-b6bf-f40b92fae3b2.png 16w&quot; sizes=&quot;16px&quot;&gt;&lt;/a&gt;&lt;/span&gt;&lt;!-- ^TTT --&gt;&lt;!-- TTT$ --&gt;&lt;/span&gt;&lt;a class=&quot;external&quot; href=&quot;https://www.deviantart.com/users/outgoing?https://www.patreon.com/pawfeather&quot;&gt;&lt;b&gt;Patreon&lt;/b&gt;&lt;/a&gt;</media:description>            <media:thumbnail url="https://t00.deviantart.net/5mbc99gzeME9fXVpdUZy2LInqV8=/fit-in/150x150/filters:no_upscale():origin()/pre00/d3e7/th/pre/i/2019/026/b/6/batgirl_cosplay_tickle_torture_part1_by_pawfeather-dcy4vam.png" height="150" width="98"/>            <media:thumbnail url="https://t00.deviantart.net/WAQo9WmbxOzZDupFI5AJjJ6kjik=/fit-in/300x900/filters:no_upscale():origin()/pre00/d3e7/th/pre/i/2019/026/b/6/batgirl_cosplay_tickle_torture_part1_by_pawfeather-dcy4vam.png" height="458" width="300"/>            <media:thumbnail url="https://t00.deviantart.net/eWzAV5mzeKHMguBQZ3rBaVgzLyo=/300x200/filters:fixed_height(100,100):origin()/pre00/d3e7/th/pre/i/2019/026/b/6/batgirl_cosplay_tickle_torture_part1_by_pawfeather-dcy4vam.png" height="200" width="131"/>            <media:content url="https://pre00.deviantart.net/d3e7/th/pre/i/2019/026/b/6/batgirl_cosplay_tickle_torture_part1_by_pawfeather-dcy4vam.png" height="1105" width="723" medium="image"/>            
            <description>Part 1 of a 3 part commission for &lt;a target=&quot;_self&quot; href=&quot;https://www.deviantart.com/lespy75&quot; &gt;&lt;img class=&quot;avatar&quot; width=&quot;50&quot; height=&quot;50&quot; src=&quot;https://a.deviantart.net/avatars/default.gif&quot; alt=&quot;:iconlespy75:&quot; title=&quot;lespy75&quot; /&gt;&lt;/a&gt;&lt;br /&gt;&quot;Batgirl&quot; is in quite a predicament. One that will involve lots of laughter. &lt;img src=&quot;https://e.deviantart.net/emoticons/b/biggrin.gif&quot; width=&quot;15&quot; height=&quot;15&quot; alt=&quot;:D&quot; data-embed-type=&quot;emoticon&quot; data-embed-id=&quot;366&quot; title=&quot;:D (Big Grin)&quot;/&gt;&lt;br /&gt;&lt;br /&gt;&lt;a class=&quot;external&quot; href=&quot;https://www.deviantart.com/users/outgoing?http://www.pawfeathercomics.com&quot;&gt;&lt;b&gt;PawFeatherComics&amp;#8482;&lt;/b&gt;&lt;/a&gt; &lt;img src=&quot;https://e.deviantart.net/emoticons/t/twitter_2.gif&quot; width=&quot;16&quot; height=&quot;16&quot; alt=&quot;:twitter:&quot; data-embed-type=&quot;emoticon&quot; data-embed-id=&quot;614&quot; title=&quot;Twitter&quot;/&gt; &lt;a class=&quot;external&quot; href=&quot;https://www.deviantart.com/users/outgoing?https://twitter.com/PawFeather&quot;&gt;&lt;b&gt;Twitter&lt;/b&gt;&lt;/a&gt;&lt;span class=&quot;shadow-holder&quot; data-embed-type=&quot;deviation&quot; data-embed-id=&quot;455550600&quot; data-embed-format=&quot;thumb&quot;&gt;&lt;span class=&quot;shadow mild&quot; &gt;&lt;a class=&quot;thumb&quot; href=&quot;https://www.deviantart.com/freakyed/art/Bullet-Patreon-455550600&quot; title=&quot;.:Bullet:. Patreon by FreakyEd, May 21, 2014 in Customization &amp;gt; Emoticons &amp;gt; Chat Friendly Emotes &amp;gt; Small - up to 25x50 &amp;gt; Static&quot;data-super-img=&quot;https://images-wixmp-ed30a86b8c4ca887773594c2.wixmp.com/intermediary/f/e84b0e0f-dd81-4999-b6bc-536c4d32d85e/d7j813c-dc204c1d-c7d2-4616-b6bf-f40b92fae3b2.png&quot; data-super-width=&quot;16&quot; data-super-height=&quot;16&quot; data-super-transparent=&quot;true&quot; data-super-alt=&quot;.:Bullet:. Patreon by FreakyEd&quot; data-super-full-img=&quot;https://images-wixmp-ed30a86b8c4ca887773594c2.wixmp.com/intermediary/f/e84b0e0f-dd81-4999-b6bc-536c4d32d85e/d7j813c-dc204c1d-c7d2-4616-b6bf-f40b92fae3b2.png&quot; data-super-full-width=&quot;16&quot; data-super-full-height=&quot;16&quot;        data-sigil=&quot;thumb&quot;&gt;
        &lt;i&gt;&lt;/i&gt;&lt;img   width=&quot;16&quot; height=&quot;16&quot; alt=&quot;.:Bullet:. Patreon by FreakyEd&quot; src=&quot;https://images-wixmp-ed30a86b8c4ca887773594c2.wixmp.com/intermediary/f/e84b0e0f-dd81-4999-b6bc-536c4d32d85e/d7j813c-dc204c1d-c7d2-4616-b6bf-f40b92fae3b2.png&quot; data-src=&quot;https://images-wixmp-ed30a86b8c4ca887773594c2.wixmp.com/intermediary/f/e84b0e0f-dd81-4999-b6bc-536c4d32d85e/d7j813c-dc204c1d-c7d2-4616-b6bf-f40b92fae3b2.png&quot; srcset=&quot;https://images-wixmp-ed30a86b8c4ca887773594c2.wixmp.com/intermediary/f/e84b0e0f-dd81-4999-b6bc-536c4d32d85e/d7j813c-dc204c1d-c7d2-4616-b6bf-f40b92fae3b2.png 16w&quot; sizes=&quot;16px&quot;&gt;&lt;/a&gt;&lt;/span&gt;&lt;!-- ^TTT --&gt;&lt;!-- TTT$ --&gt;&lt;/span&gt;&lt;a class=&quot;external&quot; href=&quot;https://www.deviantart.com/users/outgoing?https://www.patreon.com/pawfeather&quot;&gt;&lt;b&gt;Patreon&lt;/b&gt;&lt;/a&gt;&lt;br /&gt;&lt;div&gt;&lt;img src=&quot;https://t00.deviantart.net/eWzAV5mzeKHMguBQZ3rBaVgzLyo=/300x200/filters:fixed_height(100,100):origin()/pre00/d3e7/th/pre/i/2019/026/b/6/batgirl_cosplay_tickle_torture_part1_by_pawfeather-dcy4vam.png&quot; alt=&quot;thumbnail&quot; /&gt;&lt;/div&gt;</description>            </item>
                    <item>
                <title>pix?</title>
                <link>https://fllutter.deviantart.com/art/pix-782921841</link>
                <guid isPermaLink="true">https://fllutter.deviantart.com/art/pix-782921841</guid>
                <pubDate>Sat, 26 Jan 2019 20:09:10 PST</pubDate>
                        <media:title type="plain">pix?</media:title>
        <media:keywords></media:keywords>
                        <media:rating>nonadult</media:rating>
                <media:category label="Other">digitalart/paintings/other</media:category>
        <media:credit role="author" scheme="urn:ebu">fllutter</media:credit>
        <media:credit role="author" scheme="urn:ebu">https://a.deviantart.net/avatars/f/l/fllutter.png?6</media:credit>
        <media:copyright url="https://fllutter.deviantart.com">Copyright 2019 fllutter</media:copyright>            <media:description type="html">an alolan vulpix!&lt;br /&gt;&lt;br /&gt;&lt;span&gt;...............................................................&lt;/span&gt;&lt;br /&gt;&lt;br /&gt;&lt;span&gt;Youtube:&amp;nbsp;&lt;/span&gt;&lt;a class=&quot;external&quot; href=&quot;https://www.deviantart.com/users/outgoing?https://www.youtube.com/c/flutter&quot;&gt;www.youtube.com/c/flutter&lt;/a&gt;&lt;br /&gt;&lt;span&gt;Instagram:&amp;nbsp;&lt;/span&gt;&lt;a href=&quot;https://www.deviantart.com/users/outgoing?https://instagram.com/fluttere&quot;&gt;&lt;/a&gt;&lt;a class=&quot;external&quot; href=&quot;https://www.deviantart.com/users/outgoing?https://instagram.com/fllutter&quot;&gt;instagram.com/fllutter&lt;/a&gt;&lt;br /&gt;&lt;span&gt;tumblr:&amp;nbsp;&lt;/span&gt;&lt;a href=&quot;https://www.deviantart.com/users/outgoing?https://catcowboy.tumblr.com/&quot;&gt;&lt;/a&gt;&lt;a class=&quot;external&quot; href=&quot;https://www.deviantart.com/users/outgoing?https://catcowboy.tumblr.com&quot;&gt;catcowboy.tumblr.com&lt;/a&gt;&lt;br /&gt;&lt;br /&gt;&lt;span&gt;&amp;#127752;&amp;nbsp;Please do not copy, claim, use, trace, or edit my work in any way without my written permission. Thank you!&amp;nbsp;&amp;#127752;&lt;/span&gt;</media:description>            <media:thumbnail url="https://t00.deviantart.net/wkXvOgo7AHgWZd0vCHCQ6zkqFEU=/fit-in/150x150/filters:no_upscale():origin()/pre00/dd2c/th/pre/f/2019/026/5/5/55bb6ec4773f4154f25ebe05122ac713-dcy4qcx.png" height="150" width="126"/>            <media:thumbnail url="https://t00.deviantart.net/cd3lxJZKzLMWxZzED43-M6NVIdU=/fit-in/300x900/filters:no_upscale():origin()/pre00/dd2c/th/pre/f/2019/026/5/5/55bb6ec4773f4154f25ebe05122ac713-dcy4qcx.png" height="356" width="300"/>            <media:thumbnail url="https://t00.deviantart.net/1E8kOFQMrLVSpmWjvmipED_1n3E=/300x200/filters:fixed_height(100,100):origin()/pre00/dd2c/th/pre/f/2019/026/5/5/55bb6ec4773f4154f25ebe05122ac713-dcy4qcx.png" height="200" width="168"/>            <media:content url="https://pre00.deviantart.net/dd2c/th/pre/f/2019/026/5/5/55bb6ec4773f4154f25ebe05122ac713-dcy4qcx.png" height="974" width="820" medium="image"/>            
            <description>an alolan vulpix!&lt;br /&gt;&lt;br /&gt;&lt;span&gt;...............................................................&lt;/span&gt;&lt;br /&gt;&lt;br /&gt;&lt;span&gt;Youtube:&amp;nbsp;&lt;/span&gt;&lt;a class=&quot;external&quot; href=&quot;https://www.deviantart.com/users/outgoing?https://www.youtube.com/c/flutter&quot;&gt;www.youtube.com/c/flutter&lt;/a&gt;&lt;br /&gt;&lt;span&gt;Instagram:&amp;nbsp;&lt;/span&gt;&lt;a href=&quot;https://www.deviantart.com/users/outgoing?https://instagram.com/fluttere&quot;&gt;&lt;/a&gt;&lt;a class=&quot;external&quot; href=&quot;https://www.deviantart.com/users/outgoing?https://instagram.com/fllutter&quot;&gt;instagram.com/fllutter&lt;/a&gt;&lt;br /&gt;&lt;span&gt;tumblr:&amp;nbsp;&lt;/span&gt;&lt;a href=&quot;https://www.deviantart.com/users/outgoing?https://catcowboy.tumblr.com/&quot;&gt;&lt;/a&gt;&lt;a class=&quot;external&quot; href=&quot;https://www.deviantart.com/users/outgoing?https://catcowboy.tumblr.com&quot;&gt;catcowboy.tumblr.com&lt;/a&gt;&lt;br /&gt;&lt;br /&gt;&lt;span&gt;&amp;#127752;&amp;nbsp;Please do not copy, claim, use, trace, or edit my work in any way without my written permission. Thank you!&amp;nbsp;&amp;#127752;&lt;/span&gt;&lt;br /&gt;&lt;div&gt;&lt;img src=&quot;https://t00.deviantart.net/1E8kOFQMrLVSpmWjvmipED_1n3E=/300x200/filters:fixed_height(100,100):origin()/pre00/dd2c/th/pre/f/2019/026/5/5/55bb6ec4773f4154f25ebe05122ac713-dcy4qcx.png&quot; alt=&quot;thumbnail&quot; /&gt;&lt;/div&gt;</description>            </item>
                    <item>
                <title>[OPEN] FREE art! (#81 Weekly raffle)</title>
                <link>https://gigamessy.deviantart.com/journal/OPEN-FREE-art-81-Weekly-raffle-783029025</link>
                <guid isPermaLink="true">https://gigamessy.deviantart.com/journal/OPEN-FREE-art-81-Weekly-raffle-783029025</guid>
                <pubDate>Sun, 27 Jan 2019 13:21:57 PST</pubDate>
                        <media:title type="plain">[OPEN] FREE art! (#81 Weekly raffle)</media:title>
        <media:keywords></media:keywords>
                        <media:rating>nonadult</media:rating>
                <media:category label="Personal">journals/personal</media:category>
        <media:credit role="author" scheme="urn:ebu">GigaMessy</media:credit>
        <media:credit role="author" scheme="urn:ebu">https://a.deviantart.net/avatars/g/i/gigamessy.png?4</media:credit>
        <media:copyright url="https://gigamessy.deviantart.com">Copyright 2019 GigaMessy</media:copyright>
            <media:community>
                <media:tags>@gigamessy</media:tags>
            </media:community>            <media:description type="html"></media:description>        

        <media:content url="https://gigamessy.deviantart.com/journal/OPEN-FREE-art-81-Weekly-raffle-783029025" medium="document" />
        <media:text type="html">&amp;nbsp;Meow there!&lt;br /&gt;&lt;br /&gt; Howdy!&lt;br /&gt;&lt;br /&gt; Won&#039;t be too wordy, because we already spent some time checking your jubilee entries&lt;br /&gt;&lt;br /&gt; Fancy boxes, yay!&lt;br /&gt;&lt;br /&gt; Yes, boxes. So this whole &amp;nbsp;journal will be about our last winners.&lt;br /&gt;&lt;br /&gt; So what was the point of these things?&lt;br /&gt;&lt;br /&gt; Just to divide people to three different prizes. To be short, one box contained three&lt;br /&gt; &amp;nbsp; &amp;nbsp; &amp;nbsp; &amp;nbsp; &amp;nbsp; &amp;nbsp; uncolored bust sketches, another one - two uncolored 3/4.&lt;br /&gt; &amp;nbsp; &amp;nbsp; &amp;nbsp; &amp;nbsp; &amp;nbsp; &amp;nbsp; And the last box had one colored sketch.&lt;br /&gt;&lt;br /&gt; Everyone had a chance to get something? I like it! ^^&lt;br /&gt;&lt;br /&gt; Yes yes, but better prize comes with lower odds.&lt;br /&gt; &amp;nbsp; &amp;nbsp; &amp;nbsp; &amp;nbsp; &amp;nbsp; &amp;nbsp; But how were these prizes distributed between those, you asked me?&lt;br /&gt;&lt;br /&gt; Actual</media:text>            
            <description></description>            </item>
                    <item>
                <title>Beginning</title>
                <link>https://aka-shiro.deviantart.com/art/Beginning-782990001</link>
                <guid isPermaLink="true">https://aka-shiro.deviantart.com/art/Beginning-782990001</guid>
                <pubDate>Sun, 27 Jan 2019 09:00:48 PST</pubDate>
                        <media:title type="plain">Beginning</media:title>
        <media:keywords></media:keywords>
                        <media:rating>nonadult</media:rating>
                <media:category label="Games">fanart/digital/drawings/games</media:category>
        <media:credit role="author" scheme="urn:ebu">Aka-Shiro</media:credit>
        <media:credit role="author" scheme="urn:ebu">https://a.deviantart.net/avatars/a/k/aka-shiro.png?14</media:credit>
        <media:copyright url="https://aka-shiro.deviantart.com">Copyright 2019 Aka-Shiro</media:copyright>
            <media:community>
                <media:tags>@starbottle</media:tags>
            </media:community>            <media:description type="html">I recently bought the Kingdom Hearts All in One package and started playing the first game!!! It&#039;s probably gonna take me a long time to get to KH3 at this rate but it&#039;s fun so far!&lt;br /&gt;&lt;br /&gt;&lt;br /&gt;Character &amp;#169; Kingdom Hearts, Square Enix&lt;br /&gt;Illustration &amp;#169; &lt;span class=&quot;username-with-symbol u&quot;&gt;&lt;a class=&quot;u premium username&quot; href=&quot;https://www.deviantart.com/aka-shiro&quot;&gt;Aka-Shiro&lt;/a&gt;&lt;span class=&quot;user-symbol premium&quot; data-quicktip-text=&quot;Core Member&quot; data-show-tooltip=&quot;1&quot; data-gruser-type=&quot;premium&quot;&gt;&lt;/span&gt;&lt;/span&gt;&amp;nbsp;&lt;div&gt;&lt;br /&gt;Please do not repost my works without credit, and please never trace, distribute, modify, or use without permission. Thank you very much!&lt;/div&gt;</media:description>            <media:thumbnail url="https://t00.deviantart.net/6rIOVrwMdL-9NmyjNb6nlqjiTcM=/fit-in/150x150/filters:no_upscale():origin()/pre00/0695/th/pre/f/2019/027/f/a/sora_da_by_aka_shiro-dcy66y9.png" height="150" width="62"/>            <media:thumbnail url="https://t00.deviantart.net/pBbSad6fCWaqsQwtxspouUZ5Y0s=/fit-in/300x900/filters:no_upscale():origin()/pre00/0695/th/pre/f/2019/027/f/a/sora_da_by_aka_shiro-dcy66y9.png" height="729" width="300"/>            <media:thumbnail url="https://t00.deviantart.net/mJp4CBY2tV0RNrK5IUqPb6XPpus=/300x200/filters:fixed_height(100,100):origin()/pre00/0695/th/pre/f/2019/027/f/a/sora_da_by_aka_shiro-dcy66y9.png" height="201" width="100"/>            <media:content url="https://pre00.deviantart.net/0695/th/pre/f/2019/027/f/a/sora_da_by_aka_shiro-dcy66y9.png" height="1394" width="573" medium="image"/>            
            <description>I recently bought the Kingdom Hearts All in One package and started playing the first game!!! It&#039;s probably gonna take me a long time to get to KH3 at this rate but it&#039;s fun so far!&lt;br /&gt;&lt;br /&gt;&lt;br /&gt;Character &amp;#169; Kingdom Hearts, Square Enix&lt;br /&gt;Illustration &amp;#169; &lt;span class=&quot;username-with-symbol u&quot;&gt;&lt;a class=&quot;u premium username&quot; href=&quot;https://www.deviantart.com/aka-shiro&quot;&gt;Aka-Shiro&lt;/a&gt;&lt;span class=&quot;user-symbol premium&quot; data-quicktip-text=&quot;Core Member&quot; data-show-tooltip=&quot;1&quot; data-gruser-type=&quot;premium&quot;&gt;&lt;/span&gt;&lt;/span&gt;&amp;nbsp;&lt;div&gt;&lt;br /&gt;Please do not repost my works without credit, and please never trace, distribute, modify, or use without permission. Thank you very much!&lt;/div&gt;&lt;br /&gt;&lt;div&gt;&lt;img src=&quot;https://t00.deviantart.net/mJp4CBY2tV0RNrK5IUqPb6XPpus=/300x200/filters:fixed_height(100,100):origin()/pre00/0695/th/pre/f/2019/027/f/a/sora_da_by_aka_shiro-dcy66y9.png&quot; alt=&quot;thumbnail&quot; /&gt;&lt;/div&gt;</description>            </item>
                    <item>
                <title>Sleepover</title>
                <link>https://ryner-e.deviantart.com/art/Sleepover-782972064</link>
                <guid isPermaLink="true">https://ryner-e.deviantart.com/art/Sleepover-782972064</guid>
                <pubDate>Sun, 27 Jan 2019 06:08:04 PST</pubDate>
                        <media:title type="plain">Sleepover</media:title>
        <media:keywords></media:keywords>
                        <media:rating>adult</media:rating>
                <media:category label="Drawings">manga/digital/drawings</media:category>
        <media:credit role="author" scheme="urn:ebu">Ryner-E</media:credit>
        <media:credit role="author" scheme="urn:ebu">https://a.deviantart.net/avatars/r/y/ryner-e.jpg?9</media:credit>
        <media:copyright url="https://ryner-e.deviantart.com">Copyright 2019 Ryner-E</media:copyright>            <media:description type="html">Nothing beats two ladies bound and gagged with you in the bed.&lt;br /&gt;&lt;br /&gt;A commission for &lt;a target=&quot;_self&quot; href=&quot;https://www.deviantart.com/haru-no-mangetsu&quot; &gt;&lt;img class=&quot;avatar&quot; width=&quot;50&quot; height=&quot;50&quot; src=&quot;https://a.deviantart.net/avatars/h/a/haru-no-mangetsu.jpg?14&quot; alt=&quot;:iconharu-no-mangetsu:&quot; title=&quot;Haru-no-Mangetsu&quot; /&gt;&lt;/a&gt;&lt;br /&gt;&lt;br /&gt;Featuring my Oc Freya, on the left.&lt;br /&gt;&lt;br /&gt;And two of his OC, Haru and Amaya</media:description>            <media:thumbnail url="https://t00.deviantart.net/VPUDskZG1HObHkJzwIIHM-7j2e0=/fit-in/150x150/filters:no_upscale():origin()/pre00/45df/th/pre/i/2019/027/f/7/sleepover_by_ryner_e-dcy5t40.png" height="150" width="120"/>            <media:thumbnail url="https://t00.deviantart.net/zau3GsBmqgoB_VZN0l8pVb_a2VY=/fit-in/300x900/filters:no_upscale():origin()/pre00/45df/th/pre/i/2019/027/f/7/sleepover_by_ryner_e-dcy5t40.png" height="375" width="300"/>            <media:thumbnail url="https://t00.deviantart.net/Srkv7pNwkTtgPFRPYTqCe4ko95I=/300x200/filters:fixed_height(100,100):origin()/pre00/45df/th/pre/i/2019/027/f/7/sleepover_by_ryner_e-dcy5t40.png" height="200" width="160"/>            <media:content url="https://pre00.deviantart.net/45df/th/pre/i/2019/027/f/7/sleepover_by_ryner_e-dcy5t40.png" height="1000" width="800" medium="image"/>            
            <description>Nothing beats two ladies bound and gagged with you in the bed.&lt;br /&gt;&lt;br /&gt;A commission for &lt;a target=&quot;_self&quot; href=&quot;https://www.deviantart.com/haru-no-mangetsu&quot; &gt;&lt;img class=&quot;avatar&quot; width=&quot;50&quot; height=&quot;50&quot; src=&quot;https://a.deviantart.net/avatars/h/a/haru-no-mangetsu.jpg?14&quot; alt=&quot;:iconharu-no-mangetsu:&quot; title=&quot;Haru-no-Mangetsu&quot; /&gt;&lt;/a&gt;&lt;br /&gt;&lt;br /&gt;Featuring my Oc Freya, on the left.&lt;br /&gt;&lt;br /&gt;And two of his OC, Haru and Amaya&lt;br /&gt;&lt;div&gt;&lt;img src=&quot;https://t00.deviantart.net/Srkv7pNwkTtgPFRPYTqCe4ko95I=/300x200/filters:fixed_height(100,100):origin()/pre00/45df/th/pre/i/2019/027/f/7/sleepover_by_ryner_e-dcy5t40.png&quot; alt=&quot;thumbnail&quot; /&gt;&lt;/div&gt;</description>            </item>
                    <item>
                <title>Snowy day</title>
                <link>https://tikoriko.deviantart.com/art/Snowy-day-782901685</link>
                <guid isPermaLink="true">https://tikoriko.deviantart.com/art/Snowy-day-782901685</guid>
                <pubDate>Sat, 26 Jan 2019 17:21:06 PST</pubDate>
                        <media:title type="plain">Snowy day</media:title>
        <media:keywords></media:keywords>
                        <media:rating>nonadult</media:rating>
                <media:category label="Other">cartoons/digital/comics/other</media:category>
        <media:credit role="author" scheme="urn:ebu">Tikoriko</media:credit>
        <media:credit role="author" scheme="urn:ebu">https://a.deviantart.net/avatars/t/i/tikoriko.jpg?3</media:credit>
        <media:copyright url="https://tikoriko.deviantart.com">Copyright 2019 Tikoriko</media:copyright>            <media:description type="html">The girls playing at the snow&lt;br /&gt;&lt;br /&gt;Correlation to this:&lt;a href=&quot;http://fav.me/dcxf42g&quot;&gt;fav.me/dcxf42g&lt;/a&gt;&lt;br /&gt;&lt;br /&gt;&lt;span&gt;For make a request or see some more picks check our Patron page:&lt;/span&gt;&lt;br /&gt;&lt;br /&gt;&lt;a class=&quot;external&quot; href=&quot;https://www.deviantart.com/users/outgoing?https://www.patreon.com/fjtiko&quot;&gt;www.patreon.com/fjtiko&lt;/a&gt;</media:description>            <media:thumbnail url="https://t00.deviantart.net/k1vE9VQ0mWF6h_gRCV3tzakAX84=/fit-in/150x150/filters:no_upscale():origin()/pre00/f91a/th/pre/i/2019/026/3/d/snowy_day_by_tikoriko-dcy4at1.jpg" height="118" width="150"/>            <media:thumbnail url="https://t00.deviantart.net/cJw5twvoDRptmd48m_aTkzzP0Y8=/fit-in/300x900/filters:no_upscale():origin()/pre00/f91a/th/pre/i/2019/026/3/d/snowy_day_by_tikoriko-dcy4at1.jpg" height="236" width="300"/>            <media:thumbnail url="https://t00.deviantart.net/qce7_qRmnOzZNBjIkelhoc-gcjA=/300x200/filters:fixed_height(100,100):origin()/pre00/f91a/th/pre/i/2019/026/3/d/snowy_day_by_tikoriko-dcy4at1.jpg" height="200" width="254"/>            <media:content url="https://pre00.deviantart.net/f91a/th/pre/i/2019/026/3/d/snowy_day_by_tikoriko-dcy4at1.jpg" height="793" width="1008" medium="image"/>            
            <description>The girls playing at the snow&lt;br /&gt;&lt;br /&gt;Correlation to this:&lt;a href=&quot;http://fav.me/dcxf42g&quot;&gt;fav.me/dcxf42g&lt;/a&gt;&lt;br /&gt;&lt;br /&gt;&lt;span&gt;For make a request or see some more picks check our Patron page:&lt;/span&gt;&lt;br /&gt;&lt;br /&gt;&lt;a class=&quot;external&quot; href=&quot;https://www.deviantart.com/users/outgoing?https://www.patreon.com/fjtiko&quot;&gt;www.patreon.com/fjtiko&lt;/a&gt;&lt;br /&gt;&lt;div&gt;&lt;img src=&quot;https://t00.deviantart.net/qce7_qRmnOzZNBjIkelhoc-gcjA=/300x200/filters:fixed_height(100,100):origin()/pre00/f91a/th/pre/i/2019/026/3/d/snowy_day_by_tikoriko-dcy4at1.jpg&quot; alt=&quot;thumbnail&quot; /&gt;&lt;/div&gt;</description>            </item>
                    <item>
                <title>Daring Do and the Fanfic Writers</title>
                <link>https://caroos-dungeon.deviantart.com/art/Daring-Do-and-the-Fanfic-Writers-782904064</link>
                <guid isPermaLink="true">https://caroos-dungeon.deviantart.com/art/Daring-Do-and-the-Fanfic-Writers-782904064</guid>
                <pubDate>Sat, 26 Jan 2019 17:42:06 PST</pubDate>
                        <media:title type="plain">Daring Do and the Fanfic Writers</media:title>
        <media:keywords></media:keywords>
                        <media:rating>adult</media:rating>
                <media:category label="Animals">anthro/digital/drawings/animals</media:category>
        <media:credit role="author" scheme="urn:ebu">Caroos-Dungeon</media:credit>
        <media:credit role="author" scheme="urn:ebu">https://a.deviantart.net/avatars/c/a/caroos-dungeon.png?6</media:credit>
        <media:copyright url="https://caroos-dungeon.deviantart.com">Copyright 2019 Caroos-Dungeon</media:copyright>            <media:description type="html">&lt;span&gt;A really fun commission piece brought to you by&amp;nbsp;&lt;/span&gt;&lt;a class=&quot;external&quot; href=&quot;https://www.deviantart.com/users/outgoing?http://www.furaffinity.net/user/fluttershy~&quot;&gt;&amp;nbsp;Fluttershy~&lt;/a&gt;&lt;br /&gt;&lt;br /&gt;&lt;span&gt;Rainbow and Quibble discuss their forays into Daring Do Fanfic writing, while Daring Do is so very perplexed..and maybe aroused?&lt;/span&gt;&lt;br /&gt;&lt;br /&gt;&lt;span&gt;But mostly perplexed. &lt;img src=&quot;https://e.deviantart.net/emoticons/b/biggrin.gif&quot; width=&quot;15&quot; height=&quot;15&quot; alt=&quot;:D&quot; data-embed-type=&quot;emoticon&quot; data-embed-id=&quot;366&quot; title=&quot;:D (Big Grin)&quot;/&gt;&lt;/span&gt;</media:description>            <media:thumbnail url="https://t00.deviantart.net/GBS4ClE3qw3dcQbsZmwzLG1mI7c=/fit-in/150x150/filters:no_upscale():origin()/pre00/6792/th/pre/f/2019/026/8/3/daring_do_and_the_fanfic_writers_by_caroos_dungeon-dcy4cn4.png" height="137" width="150"/>            <media:thumbnail url="https://t00.deviantart.net/TMe7m3CWbibwyvaztgqwXHIYRvY=/fit-in/300x900/filters:no_upscale():origin()/pre00/6792/th/pre/f/2019/026/8/3/daring_do_and_the_fanfic_writers_by_caroos_dungeon-dcy4cn4.png" height="275" width="300"/>            <media:thumbnail url="https://t00.deviantart.net/HGdqj0S8LOqPtY4bBFkGVzo1g0Q=/300x200/filters:fixed_height(100,100):origin()/pre00/6792/th/pre/f/2019/026/8/3/daring_do_and_the_fanfic_writers_by_caroos_dungeon-dcy4cn4.png" height="200" width="218"/>            <media:content url="https://pre00.deviantart.net/6792/th/pre/f/2019/026/8/3/daring_do_and_the_fanfic_writers_by_caroos_dungeon-dcy4cn4.png" height="855" width="934" medium="image"/>            
            <description>&lt;span&gt;A really fun commission piece brought to you by&amp;nbsp;&lt;/span&gt;&lt;a class=&quot;external&quot; href=&quot;https://www.deviantart.com/users/outgoing?http://www.furaffinity.net/user/fluttershy~&quot;&gt;&amp;nbsp;Fluttershy~&lt;/a&gt;&lt;br /&gt;&lt;br /&gt;&lt;span&gt;Rainbow and Quibble discuss their forays into Daring Do Fanfic writing, while Daring Do is so very perplexed..and maybe aroused?&lt;/span&gt;&lt;br /&gt;&lt;br /&gt;&lt;span&gt;But mostly perplexed. &lt;img src=&quot;https://e.deviantart.net/emoticons/b/biggrin.gif&quot; width=&quot;15&quot; height=&quot;15&quot; alt=&quot;:D&quot; data-embed-type=&quot;emoticon&quot; data-embed-id=&quot;366&quot; title=&quot;:D (Big Grin)&quot;/&gt;&lt;/span&gt;&lt;br /&gt;&lt;div&gt;&lt;img src=&quot;https://t00.deviantart.net/HGdqj0S8LOqPtY4bBFkGVzo1g0Q=/300x200/filters:fixed_height(100,100):origin()/pre00/6792/th/pre/f/2019/026/8/3/daring_do_and_the_fanfic_writers_by_caroos_dungeon-dcy4cn4.png&quot; alt=&quot;thumbnail&quot; /&gt;&lt;/div&gt;</description>            </item>
                    <item>
                <title>Let&#039;s go!</title>
                <link>https://sergiba.deviantart.com/art/Let-s-go-782947810</link>
                <guid isPermaLink="true">https://sergiba.deviantart.com/art/Let-s-go-782947810</guid>
                <pubDate>Sun, 27 Jan 2019 00:38:03 PST</pubDate>
                        <media:title type="plain">Let&#039;s go!</media:title>
        <media:keywords></media:keywords>
                        <media:rating>nonadult</media:rating>
                <media:category label="Landscapes">resources/stockart/nature/landscapes</media:category>
        <media:credit role="author" scheme="urn:ebu">Sergiba</media:credit>
        <media:credit role="author" scheme="urn:ebu">https://a.deviantart.net/avatars/s/e/sergiba.png?6</media:credit>
        <media:copyright url="https://sergiba.deviantart.com">Copyright 2019 Sergiba</media:copyright>             <creativeCommons:license>http://creativecommons.org/licenses/by/3.0/</creativeCommons:license>
                <media:description type="html">&lt;span&gt;&lt;span&gt;View from the Belvedere of Canazei, Dolomites, Italy.&lt;br /&gt;&lt;/span&gt;&lt;/span&gt;</media:description>            <media:thumbnail url="https://t00.deviantart.net/gEGYz1AK49GGYMtbPQ0HLT0-yrA=/fit-in/150x150/filters:no_upscale():origin()/pre00/a5d5/th/pre/i/2019/027/e/f/let_s_go__by_sergiba-dcy5aea.jpg" height="113" width="150"/>            <media:thumbnail url="https://t00.deviantart.net/ZIzL8zW_XfQAOund9jiX3A4KUU4=/fit-in/300x900/filters:no_upscale():origin()/pre00/a5d5/th/pre/i/2019/027/e/f/let_s_go__by_sergiba-dcy5aea.jpg" height="225" width="300"/>            <media:thumbnail url="https://t00.deviantart.net/LvLj397LRrUuL4oygDUwYsFktH0=/300x200/filters:fixed_height(100,100):origin()/pre00/a5d5/th/pre/i/2019/027/e/f/let_s_go__by_sergiba-dcy5aea.jpg" height="200" width="267"/>            <media:content url="https://pre00.deviantart.net/a5d5/th/pre/i/2019/027/e/f/let_s_go__by_sergiba-dcy5aea.jpg" height="774" width="1032" medium="image"/>            
            <description>&lt;span&gt;&lt;span&gt;View from the Belvedere of Canazei, Dolomites, Italy.&lt;br /&gt;&lt;/span&gt;&lt;/span&gt;&lt;br /&gt;&lt;div&gt;&lt;img src=&quot;https://t00.deviantart.net/LvLj397LRrUuL4oygDUwYsFktH0=/300x200/filters:fixed_height(100,100):origin()/pre00/a5d5/th/pre/i/2019/027/e/f/let_s_go__by_sergiba-dcy5aea.jpg&quot; alt=&quot;thumbnail&quot; /&gt;&lt;/div&gt;</description>            </item>
                    <item>
                <title>the new wow expansion is really weird</title>
                <link>https://dr--worm.deviantart.com/art/the-new-wow-expansion-is-really-weird-782907932</link>
                <guid isPermaLink="true">https://dr--worm.deviantart.com/art/the-new-wow-expansion-is-really-weird-782907932</guid>
                <pubDate>Sat, 26 Jan 2019 18:15:19 PST</pubDate>
                        <media:title type="plain">the new wow expansion is really weird</media:title>
        <media:keywords></media:keywords>
                        <media:rating>adult</media:rating>
                <media:category label="Drawings">manga/digital/drawings</media:category>
        <media:credit role="author" scheme="urn:ebu">Dr--Worm</media:credit>
        <media:credit role="author" scheme="urn:ebu">https://a.deviantart.net/avatars/d/r/dr--worm.gif?14</media:credit>
        <media:copyright url="https://dr--worm.deviantart.com">Copyright 2019 Dr--Worm</media:copyright>            <media:description type="html">im pretty sure i wouldve gotten hardcore into WoW as a kid if it hadn&#039;t been a monthly subscription... but the concept of paying money every MONTH scared my prepubescent brain&lt;br /&gt;&lt;br /&gt;&lt;a class=&quot;external&quot; href=&quot;https://www.deviantart.com/users/outgoing?https://www.patreon.com/lewdlemage&quot;&gt;Patreon&lt;/a&gt;&amp;nbsp;</media:description>            <media:thumbnail url="https://t00.deviantart.net/_LVEAZY9WGBUNSHc3ocH5lXJFXA=/fit-in/150x150/filters:no_upscale():origin()/pre00/2f92/th/pre/i/2019/026/1/7/the_new_wow_expansion_is_really_weird_by_dr__worm-dcy4fmk.png" height="150" width="103"/>            <media:thumbnail url="https://t00.deviantart.net/dL1Cfeo6RdrdeSBtmsrBfeGGRvw=/fit-in/300x900/filters:no_upscale():origin()/pre00/2f92/th/pre/i/2019/026/1/7/the_new_wow_expansion_is_really_weird_by_dr__worm-dcy4fmk.png" height="435" width="300"/>            <media:thumbnail url="https://t00.deviantart.net/botD0niWdi76THvsbw6_YVkR6nc=/300x200/filters:fixed_height(100,100):origin()/pre00/2f92/th/pre/i/2019/026/1/7/the_new_wow_expansion_is_really_weird_by_dr__worm-dcy4fmk.png" height="200" width="138"/>            <media:content url="https://pre00.deviantart.net/2f92/th/pre/i/2019/026/1/7/the_new_wow_expansion_is_really_weird_by_dr__worm-dcy4fmk.png" height="1077" width="742" medium="image"/>            
            <description>im pretty sure i wouldve gotten hardcore into WoW as a kid if it hadn&#039;t been a monthly subscription... but the concept of paying money every MONTH scared my prepubescent brain&lt;br /&gt;&lt;br /&gt;&lt;a class=&quot;external&quot; href=&quot;https://www.deviantart.com/users/outgoing?https://www.patreon.com/lewdlemage&quot;&gt;Patreon&lt;/a&gt;&amp;nbsp;&lt;br /&gt;&lt;div&gt;&lt;img src=&quot;https://t00.deviantart.net/botD0niWdi76THvsbw6_YVkR6nc=/300x200/filters:fixed_height(100,100):origin()/pre00/2f92/th/pre/i/2019/026/1/7/the_new_wow_expansion_is_really_weird_by_dr__worm-dcy4fmk.png&quot; alt=&quot;thumbnail&quot; /&gt;&lt;/div&gt;</description>            </item>
                    <item>
                <title>Tsume - Download</title>
                <link>https://ryuuexe.deviantart.com/art/Tsume-Download-782970236</link>
                <guid isPermaLink="true">https://ryuuexe.deviantart.com/art/Tsume-Download-782970236</guid>
                <pubDate>Sun, 27 Jan 2019 05:45:12 PST</pubDate>
                        <media:title type="plain">Tsume - Download</media:title>
        <media:keywords></media:keywords>
                        <media:rating>nonadult</media:rating>
                <media:category label="Weapons">digitalart/3d/objects/weapons</media:category>
        <media:credit role="author" scheme="urn:ebu">RyuuExe</media:credit>
        <media:credit role="author" scheme="urn:ebu">https://a.deviantart.net/avatars/r/y/ryuuexe.jpg?2</media:credit>
        <media:copyright url="https://ryuuexe.deviantart.com">Copyright 2019 RyuuExe</media:copyright>            <media:description type="html">&lt;span&gt;Come only with fbx. and blend.&lt;/span&gt;&lt;br /&gt;&lt;br /&gt;&lt;span&gt;Zoom in to see more detail.&lt;/span&gt;&lt;br /&gt;&lt;br /&gt;&lt;span&gt;Rules:&lt;/span&gt;&lt;br /&gt;&lt;br /&gt;&lt;span&gt;1. Don&#039;t claim as your own.&lt;/span&gt;&lt;br /&gt;&lt;br /&gt;&lt;span&gt;2. Don&#039;t redistribute or resell.&lt;/span&gt;&lt;br /&gt;&lt;br /&gt;&lt;span&gt;3. If it&#039;s for personal use you can do whatever you want with it.&lt;/span&gt;&lt;br /&gt;&lt;br /&gt;&lt;span&gt;4. For commercial or commission use send me a pm to RyuuExe#8662 on Discord or email me at ryuucmd@gmail.com&lt;/span&gt;&lt;br /&gt;&lt;br /&gt;&lt;span&gt;Credit:&lt;/span&gt;&lt;br /&gt;&lt;br /&gt;&lt;span&gt;All the models by me.&lt;/span&gt;&lt;br /&gt;&lt;br /&gt;&lt;span&gt;To support me join my Discord :&amp;nbsp;&lt;/span&gt;&lt;a class=&quot;external&quot; href=&quot;https://www.deviantart.com/users/outgoing?https://discord.gg/9S4r9Ah&quot;&gt;discord.gg/9S4r9Ah&lt;/a&gt;&lt;br /&gt;&lt;span&gt;To support me fully join my Patreon :&amp;nbsp;&lt;/span&gt;&lt;a class=&quot;external&quot; href=&quot;https://www.deviantart.com/users/outgoing?https://www.patreon.com/ryuuexe&quot;&gt;www.patreon.com/ryuuexe&lt;/a&gt;</media:description>            <media:thumbnail url="https://t00.deviantart.net/QHJVWr-y9BY_biSlfWsAlBvz-kE=/fit-in/150x150/filters:no_upscale():origin()/pre00/d885/th/pre/i/2019/027/e/e/tsume___download_by_ryuuexe-dcy5rp8.jpg" height="149" width="150"/>            <media:thumbnail url="https://t00.deviantart.net/zT5MaLIrsoWzmYEvRO-2W3gxDL4=/fit-in/300x900/filters:no_upscale():origin()/pre00/d885/th/pre/i/2019/027/e/e/tsume___download_by_ryuuexe-dcy5rp8.jpg" height="298" width="300"/>            <media:thumbnail url="https://t00.deviantart.net/GIqGSgwOXqfC-uBIRi26DH87Bcc=/300x200/filters:fixed_height(100,100):origin()/pre00/d885/th/pre/i/2019/027/e/e/tsume___download_by_ryuuexe-dcy5rp8.jpg" height="200" width="201"/>            <media:content url="https://img00.deviantart.net/20f8/i/2019/027/e/e/tsume___download_by_ryuuexe-dcy5rp8.jpg" height="3812" width="3840"/>            
            <description>&lt;span&gt;Come only with fbx. and blend.&lt;/span&gt;&lt;br /&gt;&lt;br /&gt;&lt;span&gt;Zoom in to see more detail.&lt;/span&gt;&lt;br /&gt;&lt;br /&gt;&lt;span&gt;Rules:&lt;/span&gt;&lt;br /&gt;&lt;br /&gt;&lt;span&gt;1. Don&#039;t claim as your own.&lt;/span&gt;&lt;br /&gt;&lt;br /&gt;&lt;span&gt;2. Don&#039;t redistribute or resell.&lt;/span&gt;&lt;br /&gt;&lt;br /&gt;&lt;span&gt;3. If it&#039;s for personal use you can do whatever you want with it.&lt;/span&gt;&lt;br /&gt;&lt;br /&gt;&lt;span&gt;4. For commercial or commission use send me a pm to RyuuExe#8662 on Discord or email me at ryuucmd@gmail.com&lt;/span&gt;&lt;br /&gt;&lt;br /&gt;&lt;span&gt;Credit:&lt;/span&gt;&lt;br /&gt;&lt;br /&gt;&lt;span&gt;All the models by me.&lt;/span&gt;&lt;br /&gt;&lt;br /&gt;&lt;span&gt;To support me join my Discord :&amp;nbsp;&lt;/span&gt;&lt;a class=&quot;external&quot; href=&quot;https://www.deviantart.com/users/outgoing?https://discord.gg/9S4r9Ah&quot;&gt;discord.gg/9S4r9Ah&lt;/a&gt;&lt;br /&gt;&lt;span&gt;To support me fully join my Patreon :&amp;nbsp;&lt;/span&gt;&lt;a class=&quot;external&quot; href=&quot;https://www.deviantart.com/users/outgoing?https://www.patreon.com/ryuuexe&quot;&gt;www.patreon.com/ryuuexe&lt;/a&gt;&lt;br /&gt;&lt;div&gt;&lt;img src=&quot;https://img00.deviantart.net/20f8/i/2019/027/e/e/tsume___download_by_ryuuexe-dcy5rp8.jpg&quot; alt=&quot;thumbnail&quot; /&gt;&lt;/div&gt;</description>            </item>
                    <item>
                <title>Bella</title>
                <link>https://mooonjo.deviantart.com/art/Bella-782963760</link>
                <guid isPermaLink="true">https://mooonjo.deviantart.com/art/Bella-782963760</guid>
                <pubDate>Sun, 27 Jan 2019 04:26:57 PST</pubDate>
                        <media:title type="plain">Bella</media:title>
        <media:keywords></media:keywords>
                        <media:rating>adult</media:rating>
                <media:category label="Open Format">digitalart/paintings/people/openformat</media:category>
        <media:credit role="author" scheme="urn:ebu">Mooonjo</media:credit>
        <media:credit role="author" scheme="urn:ebu">https://a.deviantart.net/avatars/m/o/mooonjo.jpg?10</media:credit>
        <media:copyright url="https://mooonjo.deviantart.com">Copyright 2019 Mooonjo</media:copyright>            <media:description type="html">Milk is good for you&amp;nbsp;&lt;a href=&quot;https://www.deviantart.com/bad-blood/art/heart-rvmp-71971784&quot; class=&quot;emoticon&quot; data-embed-type=&quot;emoticon&quot; data-embed-id=&quot;71971784&quot; data-embed-profile=&quot;deviation&quot;&gt;&lt;img src=&quot;https://orig00.deviantart.net/7080/f/2007/346/3/d/_heart__rvmp_by_bad_blood.gif&quot; alt=&quot;:heart: rvmp&quot; style=&quot;width:17px;height:15px&quot;&gt;&lt;/a&gt;&lt;a href=&quot;https://www.deviantart.com/catstam/art/Bottle-Of-Milk-Emoji-588813624&quot; class=&quot;emoticon&quot; data-embed-type=&quot;emoticon&quot; data-embed-id=&quot;588813624&quot; data-embed-profile=&quot;deviation&quot;&gt;&lt;img src=&quot;https://images-wixmp-ed30a86b8c4ca887773594c2.wixmp.com/intermediary/f/f4b0b83b-48d9-4aca-a44a-315a53f27f07/d9qkbi0-d389a326-c1a7-4d93-93a0-92b3ebe3d343.png&quot; alt=&quot;Bottle Of Milk Emoji&quot; style=&quot;width:32px;height:33px&quot;&gt;&lt;/a&gt;&amp;nbsp;&lt;br /&gt;&lt;br /&gt;I hope you all had a great 2018 and an even better 2019, I&#039;ll be here! Enjoy my first naughty submission of the year &lt;img src=&quot;https://e.deviantart.net/emoticons/w/wink.gif&quot; width=&quot;15&quot; height=&quot;15&quot; alt=&quot;;)&quot; data-embed-type=&quot;emoticon&quot; data-embed-id=&quot;387&quot; title=&quot;;) (Wink)&quot;/&gt;</media:description>            <media:thumbnail url="https://t00.deviantart.net/gIwm-nB2DSBJi3JsbmSmnrgEDCQ=/fit-in/150x150/filters:no_upscale():origin()/pre00/4099/th/pre/f/2019/027/2/7/bella_by_mooonjo-dcy5mpc.jpg" height="150" width="106"/>            <media:thumbnail url="https://t00.deviantart.net/aqe0j5ioVDdQtho751qY7fQpx9o=/fit-in/300x900/filters:no_upscale():origin()/pre00/4099/th/pre/f/2019/027/2/7/bella_by_mooonjo-dcy5mpc.jpg" height="426" width="300"/>            <media:thumbnail url="https://t00.deviantart.net/NXzCnbSMLeFom0FzUmP9U7wKpJs=/300x200/filters:fixed_height(100,100):origin()/pre00/4099/th/pre/f/2019/027/2/7/bella_by_mooonjo-dcy5mpc.jpg" height="200" width="141"/>            <media:content url="https://pre00.deviantart.net/4099/th/pre/f/2019/027/2/7/bella_by_mooonjo-dcy5mpc.jpg" height="1066" width="750" medium="image"/>            
            <description>Milk is good for you&amp;nbsp;&lt;a href=&quot;https://www.deviantart.com/bad-blood/art/heart-rvmp-71971784&quot; class=&quot;emoticon&quot; data-embed-type=&quot;emoticon&quot; data-embed-id=&quot;71971784&quot; data-embed-profile=&quot;deviation&quot;&gt;&lt;img src=&quot;https://orig00.deviantart.net/7080/f/2007/346/3/d/_heart__rvmp_by_bad_blood.gif&quot; alt=&quot;:heart: rvmp&quot; style=&quot;width:17px;height:15px&quot;&gt;&lt;/a&gt;&lt;a href=&quot;https://www.deviantart.com/catstam/art/Bottle-Of-Milk-Emoji-588813624&quot; class=&quot;emoticon&quot; data-embed-type=&quot;emoticon&quot; data-embed-id=&quot;588813624&quot; data-embed-profile=&quot;deviation&quot;&gt;&lt;img src=&quot;https://images-wixmp-ed30a86b8c4ca887773594c2.wixmp.com/intermediary/f/f4b0b83b-48d9-4aca-a44a-315a53f27f07/d9qkbi0-d389a326-c1a7-4d93-93a0-92b3ebe3d343.png&quot; alt=&quot;Bottle Of Milk Emoji&quot; style=&quot;width:32px;height:33px&quot;&gt;&lt;/a&gt;&amp;nbsp;&lt;br /&gt;&lt;br /&gt;I hope you all had a great 2018 and an even better 2019, I&#039;ll be here! Enjoy my first naughty submission of the year &lt;img src=&quot;https://e.deviantart.net/emoticons/w/wink.gif&quot; width=&quot;15&quot; height=&quot;15&quot; alt=&quot;;)&quot; data-embed-type=&quot;emoticon&quot; data-embed-id=&quot;387&quot; title=&quot;;) (Wink)&quot;/&gt;&lt;br /&gt;&lt;div&gt;&lt;img src=&quot;https://t00.deviantart.net/NXzCnbSMLeFom0FzUmP9U7wKpJs=/300x200/filters:fixed_height(100,100):origin()/pre00/4099/th/pre/f/2019/027/2/7/bella_by_mooonjo-dcy5mpc.jpg&quot; alt=&quot;thumbnail&quot; /&gt;&lt;/div&gt;</description>            </item>
                    <item>
                <title>Sci-fi Psyocke. (+NSFW optional)</title>
                <link>https://taiss14.deviantart.com/art/Sci-fi-Psyocke-NSFW-optional-783021464</link>
                <guid isPermaLink="true">https://taiss14.deviantart.com/art/Sci-fi-Psyocke-NSFW-optional-783021464</guid>
                <pubDate>Sun, 27 Jan 2019 12:41:44 PST</pubDate>
                        <media:title type="plain">Sci-fi Psyocke. (+NSFW optional)</media:title>
        <media:keywords></media:keywords>
                        <media:rating>nonadult</media:rating>
                <media:category label="Movies &amp; TV">fanart/digital/painting/movies</media:category>
        <media:credit role="author" scheme="urn:ebu">Taiss14</media:credit>
        <media:credit role="author" scheme="urn:ebu">https://a.deviantart.net/avatars/t/a/taiss14.jpg?11</media:credit>
        <media:copyright url="https://taiss14.deviantart.com">Copyright 2019 Taiss14</media:copyright>            <media:description type="html">&lt;span&gt;&lt;img src=&quot;https://e.deviantart.net/emoticons/l/love2.gif&quot; alt=&quot;Love&quot; style=&quot;width: 26px; height: 17px;&quot; data-embed-type=&quot;emoticon&quot; data-embed-id=&quot;276&quot;&gt;&amp;nbsp;&amp;nbsp;Psyocke (Marvel universe fanart), since she became a winner of the last poll on my Patreon page!&amp;nbsp;&amp;nbsp;&lt;img src=&quot;https://e.deviantart.net/emoticons/l/love2.gif&quot; alt=&quot;Love&quot; style=&quot;width: 26px; height: 17px;&quot; data-embed-type=&quot;emoticon&quot; data-embed-id=&quot;276&quot;&gt;&amp;nbsp;&lt;br /&gt;&lt;img src=&quot;https://e.deviantart.net/emoticons/h/heart.gif&quot; alt=&quot;Heart&quot; style=&quot;width: 15px; height: 13px;&quot; data-embed-type=&quot;emoticon&quot; data-embed-id=&quot;357&quot;&gt;&amp;nbsp;&amp;nbsp;During working step by step it turned out like a sci-fi-themed&amp;nbsp;&lt;/span&gt;Psyocke, I modified her outfit, and it looks like she has an alternative story/universe here. Hope you&#039;ll like it)!&amp;nbsp;&lt;span&gt;&lt;br /&gt;&lt;img src=&quot;https://e.deviantart.net/emoticons/h/heart.gif&quot; alt=&quot;Heart&quot; style=&quot;width: 15px; height: 13px;&quot; data-embed-type=&quot;emoticon&quot; data-embed-id=&quot;357&quot;&gt;&amp;nbsp;&amp;nbsp;This art art also has&lt;/span&gt;&lt;b&gt;&amp;nbsp;NSFW topless version,&lt;/b&gt;&lt;b&gt;&amp;nbsp;previews:&amp;nbsp;&lt;a class=&quot;external&quot; href=&quot;https://www.deviantart.com/users/outgoing?https://www.patreon.com/posts/24265255&quot;&gt;www.patreon.com/posts/24265255&lt;/a&gt;&lt;/b&gt;&lt;b&gt;&lt;br /&gt;&lt;br /&gt;&lt;/b&gt;&lt;b&gt;Print on Redbubble (SFW):&lt;br /&gt;&lt;/b&gt;&lt;b&gt;&lt;a class=&quot;external&quot; href=&quot;https://www.deviantart.com/users/outgoing?https://www.redbubble.com/people/taiss14/works/36602796-psylocke-sci-fi-version?asc=u&quot;&gt;www.redbubble.com/people/taiss&amp;hellip;&lt;/a&gt;&lt;br /&gt;&lt;br /&gt;&lt;/b&gt;&lt;b&gt;&lt;div align=&quot;center&quot;&gt;&lt;b&gt;To get more sexy versions of this art and all other exclusive Patreon-only content&lt;/b&gt;&lt;b&gt;&amp;nbsp;&lt;/b&gt;&lt;/div&gt;&lt;/b&gt;&lt;div align=&quot;center&quot;&gt;of all my monthly artworks&lt;br /&gt;&lt;br /&gt;&lt;br /&gt;&lt;/div&gt;&lt;b&gt;&lt;div align=&quot;center&quot;&gt;&lt;b&gt;Support me on PATREON:&amp;nbsp;&lt;/b&gt;&lt;a href=&quot;https://www.deviantart.com/users/outgoing?https://www.patreon.com/Taiss14&quot;&gt;&lt;/a&gt;&lt;a href=&quot;https://www.deviantart.com/users/outgoing?https://www.patreon.com/join/Taiss14&quot;&gt;&lt;/a&gt;&lt;a class=&quot;external&quot; href=&quot;https://www.deviantart.com/users/outgoing?https://www.patreon.com/Taiss14&quot;&gt;www.patreon.com/Taiss14&lt;/a&gt;&lt;b&gt;&lt;br /&gt;&lt;/b&gt;&lt;b&gt;&lt;/b&gt;&lt;div align=&quot;center&quot;&gt;&lt;b&gt;&lt;/b&gt;&lt;div align=&quot;start&quot;&gt;&lt;b&gt;&lt;/b&gt;&lt;div&gt;&lt;b&gt;&lt;/b&gt;&lt;div&gt;&lt;b&gt;&lt;/b&gt;&lt;div&gt;&lt;b&gt;&lt;b&gt;&lt;/b&gt;&lt;/b&gt;&lt;div align=&quot;center&quot;&gt;&lt;b&gt;&lt;/b&gt;&lt;div align=&quot;start&quot;&gt;&lt;b&gt;&lt;/b&gt;&lt;div&gt;&lt;div align=&quot;start&quot;&gt;&lt;b&gt;My $1+ Patrons get:&lt;br /&gt;&lt;br /&gt;- Access to all Patron-only posts with censored low-resolution NSFW art and art-versions (tier starts from 16.07.18).&lt;br /&gt;- Ability to vote on illustrations to be done&amp;nbsp;&lt;br /&gt;&lt;/b&gt;&lt;br /&gt;&lt;b&gt;My $5+ Patrons get:&lt;br /&gt;&lt;br /&gt;- $1 rewards&amp;nbsp;&lt;br /&gt;&lt;/b&gt;-&amp;nbsp;&lt;strong&gt;&lt;u&gt;NEW!!: All versions of NSFW artworks about CHARACTERS MAKING LOVE/HAVING SEX (at least one work per month)&lt;/u&gt;&lt;/strong&gt;&lt;br /&gt;- High resolution JPGs of all monthly artworks&amp;nbsp;(SFW &amp;nbsp;versions, at least 6 works per month)&lt;br /&gt;- main NSFW(topless) versions&amp;nbsp;&lt;br /&gt;- One Extra NSFW art-version (on my choice, preferably fanart)&lt;br /&gt;- Steps&amp;nbsp;&lt;br /&gt;- Sketches (PSD+JPG)&amp;nbsp;&lt;br /&gt;- free topless NSFW version of your commissions&lt;br /&gt;&lt;b&gt;&lt;u&gt;- NEW!:&amp;nbsp;Art-box composed of a big part of my old and new favorite art-works (all SFW+NSFW and ExtraNSFW versions)! Includes fanart of Nier Automata, League of Legends, Overwatch, World of Warcraft, Final Fantasy, Metroid, Bauonetta and more. Available starting from $5+ pledge!&amp;nbsp; &amp;nbsp; Preview:&amp;nbsp;&lt;a href=&quot;http://fav.me/dcvos9p&quot;&gt;fav.me/dcvos9p&lt;/a&gt;&lt;/u&gt;&lt;/b&gt;&lt;br /&gt;&lt;br /&gt;&lt;b&gt;My $10+ Patrons get:&lt;br /&gt;&lt;br /&gt;- $5 Pack of Rewards and&lt;/b&gt;&lt;br /&gt;- all additional SFW and NSFW(topless)&amp;nbsp;versions&lt;br /&gt;- free topless NSFW version of your commissions&lt;br /&gt;&lt;/div&gt;&lt;div align=&quot;start&quot;&gt;&lt;b&gt;- NEW!: a part of ExtraNSFW(top+bottom) versions of monthly&amp;nbsp;artworks!&lt;br /&gt;&lt;/b&gt;&lt;b&gt;&lt;u&gt;- NEW!:&amp;nbsp;Art-box composed of a big part of my old and new favorite art-works (all SFW+NSFW and ExtraNSFW versions)! Includes fanart of Nier Automata, League of Legends, Overwatch, World of Warcraft, Final Fantasy, Metroid, Bauonetta and more. Available starting from $5+ pledge!&amp;nbsp; &amp;nbsp;&amp;nbsp;&lt;/u&gt;&lt;/b&gt;&lt;b&gt;&lt;u&gt;Preview:&amp;nbsp;&lt;/u&gt;&lt;/b&gt;&lt;b&gt;&lt;u&gt;&lt;a href=&quot;http://fav.me/dcvos9p&quot;&gt;fav.me/dcvos9p&lt;/a&gt;&lt;/u&gt;&lt;/b&gt;&lt;/div&gt;&lt;div align=&quot;start&quot;&gt;&lt;br /&gt;&lt;b&gt;My $15+ Patrons get:&lt;br /&gt;&lt;/b&gt;&lt;br /&gt;&lt;b&gt;- $10 pack and&lt;/b&gt;&lt;br /&gt;- All Extra NSFW versions (top+bottom, futa, sex scenes, cum, toys, tentacles)&lt;br /&gt;- $15 Pack of Rewards from previous month!&lt;br /&gt;- free top+bottom NSFW version of your commissions&lt;br /&gt;&lt;b&gt;&lt;u&gt;- NEW!:&amp;nbsp;Art-box composed of a big part of my old and new favorite art-works (all SFW+NSFW and ExtraNSFW versions)! Includes fanart of Nier Automata, League of Legends, Overwatch, World of Warcraft, Final Fantasy, Metroid, Bauonetta and more. Available starting from $5+ pledge!&amp;nbsp; &amp;nbsp;&amp;nbsp;&lt;/u&gt;&lt;/b&gt;&lt;b&gt;&lt;u&gt;Preview:&amp;nbsp;&lt;/u&gt;&lt;/b&gt;&lt;b&gt;&lt;u&gt;&lt;a href=&quot;http://fav.me/dcvos9p&quot;&gt;fav.me/dcvos9p&lt;/a&gt;&lt;/u&gt;&lt;/b&gt;&lt;/div&gt;&lt;div align=&quot;start&quot;&gt;&lt;br /&gt;&lt;b&gt;My $20+ Patrons get:&lt;br /&gt;&lt;/b&gt;&lt;br /&gt;&lt;b&gt;- $15 pack and&lt;/b&gt;&lt;br /&gt;- Any 6 works on your choice with all Patreon-only content and versions, available for $15+ Patrons. More info:&amp;nbsp;&lt;a class=&quot;external&quot; href=&quot;https://www.deviantart.com/users/outgoing?https://www.patreon.com/posts/21313573&quot;&gt;www.patreon.com/posts/21313573&lt;/a&gt;&amp;nbsp;&lt;br /&gt;&lt;br /&gt;&lt;div align=&quot;center&quot;&gt;&lt;b&gt;Prints on Redbubble:&amp;nbsp;&lt;a class=&quot;external&quot; href=&quot;https://www.deviantart.com/users/outgoing?https://www.redbubble.com/people/taiss14/portfolio/recent?asc=u&quot;&gt;www.redbubble.com/people/taiss&amp;#8230;&lt;/a&gt;&lt;/b&gt;&lt;/div&gt;&lt;br /&gt;&lt;div&gt;&lt;div align=&quot;center&quot;&gt;&lt;b&gt;My commission info:&lt;/b&gt;&lt;/div&gt;&lt;div align=&quot;center&quot;&gt;&lt;a href=&quot;https://www.deviantart.com/deviation/598753528&quot;&gt;&lt;/a&gt;&lt;a href=&quot;http://fav.me/d9whd6g&quot;&gt;fav.me/d9whd6g&lt;/a&gt;&lt;br /&gt;&lt;/div&gt;&lt;h4 align=&quot;center&quot;&gt;&lt;br /&gt;&lt;/h4&gt;&lt;div align=&quot;center&quot;&gt;&lt;a href=&quot;https://www.deviantart.com/users/outgoing?https://www.instagram.com/taiss14_anime_art/&quot;&gt;&lt;/a&gt;&lt;h4 align=&quot;center&quot;&gt;&lt;a href=&quot;https://www.deviantart.com/users/outgoing?https://www.instagram.com/taiss14_anime_art/&quot;&gt;&lt;/a&gt;&lt;a class=&quot;external&quot; href=&quot;https://www.deviantart.com/users/outgoing?https://www.instagram.com/taiss14_anime_art/&quot;&gt;Instagram&lt;/a&gt;&lt;/h4&gt;&lt;/div&gt;&lt;div align=&quot;center&quot;&gt;&lt;a class=&quot;external&quot; href=&quot;https://www.deviantart.com/users/outgoing?http://taiss14art.tumblr.com/&quot;&gt;Tumblr&amp;nbsp;&lt;/a&gt;&lt;a href=&quot;https://www.deviantart.com/users/outgoing?http://taiss14art.tumblr.com/&quot;&gt;&lt;br /&gt;&lt;/a&gt;&lt;/div&gt;&lt;div align=&quot;center&quot;&gt;&lt;a class=&quot;external&quot; href=&quot;https://www.deviantart.com/users/outgoing?https://www.artstation.com/artist/taiss14&quot;&gt;Artstation&amp;nbsp;&lt;/a&gt;&lt;b&gt;&amp;nbsp;&lt;/b&gt;&lt;a href=&quot;https://www.deviantart.com/users/outgoing?https://www.artstation.com/artist/taiss14&quot;&gt;&lt;br /&gt;&lt;/a&gt;&lt;/div&gt;&lt;div align=&quot;center&quot;&gt;&lt;a href=&quot;https://www.deviantart.com/users/outgoing?https://www.pixiv.net/member_illust.php?id=7024497&quot;&gt;&lt;/a&gt;&lt;a class=&quot;external&quot; href=&quot;https://www.deviantart.com/users/outgoing?https://www.pixiv.net/member_illust.php?id=7024497&quot;&gt;Pixiv&lt;/a&gt;&amp;nbsp;&lt;/div&gt;&lt;/div&gt;&lt;/div&gt;&lt;/div&gt;&lt;/div&gt;&lt;/div&gt;&lt;/div&gt;&lt;/div&gt;&lt;/div&gt;&lt;/div&gt;&lt;/div&gt;&lt;/div&gt;&lt;/b&gt;</media:description>            <media:thumbnail url="https://t00.deviantart.net/hqlQ4jBIJu9YhE-fdL0HTW27lb8=/fit-in/150x150/filters:no_upscale():origin()/pre00/fe86/th/pre/i/2019/027/5/f/sci_fi_psyocke____nsfw_optional__by_taiss14-dcy6v88.jpg" height="150" width="126"/>            <media:thumbnail url="https://t00.deviantart.net/vnU39wpsaOxjTDEH9HChU24Bj7g=/fit-in/300x900/filters:no_upscale():origin()/pre00/fe86/th/pre/i/2019/027/5/f/sci_fi_psyocke____nsfw_optional__by_taiss14-dcy6v88.jpg" height="356" width="300"/>            <media:thumbnail url="https://t00.deviantart.net/sSrloR5L8EA_j5EB1vV2ml6BxCw=/300x200/filters:fixed_height(100,100):origin()/pre00/fe86/th/pre/i/2019/027/5/f/sci_fi_psyocke____nsfw_optional__by_taiss14-dcy6v88.jpg" height="200" width="168"/>            <media:content url="https://pre00.deviantart.net/fe86/th/pre/i/2019/027/5/f/sci_fi_psyocke____nsfw_optional__by_taiss14-dcy6v88.jpg" height="974" width="821" medium="image"/>            
            <description>&lt;span&gt;&lt;img src=&quot;https://e.deviantart.net/emoticons/l/love2.gif&quot; alt=&quot;Love&quot; style=&quot;width: 26px; height: 17px;&quot; data-embed-type=&quot;emoticon&quot; data-embed-id=&quot;276&quot;&gt;&amp;nbsp;&amp;nbsp;Psyocke (Marvel universe fanart), since she became a winner of the last poll on my Patreon page!&amp;nbsp;&amp;nbsp;&lt;img src=&quot;https://e.deviantart.net/emoticons/l/love2.gif&quot; alt=&quot;Love&quot; style=&quot;width: 26px; height: 17px;&quot; data-embed-type=&quot;emoticon&quot; data-embed-id=&quot;276&quot;&gt;&amp;nbsp;&lt;br /&gt;&lt;img src=&quot;https://e.deviantart.net/emoticons/h/heart.gif&quot; alt=&quot;Heart&quot; style=&quot;width: 15px; height: 13px;&quot; data-embed-type=&quot;emoticon&quot; data-embed-id=&quot;357&quot;&gt;&amp;nbsp;&amp;nbsp;During working step by step it turned out like a sci-fi-themed&amp;nbsp;&lt;/span&gt;Psyocke, I modified her outfit, and it looks like she has an alternative story/universe here. Hope you&#039;ll like it)!&amp;nbsp;&lt;span&gt;&lt;br /&gt;&lt;img src=&quot;https://e.deviantart.net/emoticons/h/heart.gif&quot; alt=&quot;Heart&quot; style=&quot;width: 15px; height: 13px;&quot; data-embed-type=&quot;emoticon&quot; data-embed-id=&quot;357&quot;&gt;&amp;nbsp;&amp;nbsp;This art art also has&lt;/span&gt;&lt;b&gt;&amp;nbsp;NSFW topless version,&lt;/b&gt;&lt;b&gt;&amp;nbsp;previews:&amp;nbsp;&lt;a class=&quot;external&quot; href=&quot;https://www.deviantart.com/users/outgoing?https://www.patreon.com/posts/24265255&quot;&gt;www.patreon.com/posts/24265255&lt;/a&gt;&lt;/b&gt;&lt;b&gt;&lt;br /&gt;&lt;br /&gt;&lt;/b&gt;&lt;b&gt;Print on Redbubble (SFW):&lt;br /&gt;&lt;/b&gt;&lt;b&gt;&lt;a class=&quot;external&quot; href=&quot;https://www.deviantart.com/users/outgoing?https://www.redbubble.com/people/taiss14/works/36602796-psylocke-sci-fi-version?asc=u&quot;&gt;www.redbubble.com/people/taiss&amp;hellip;&lt;/a&gt;&lt;br /&gt;&lt;br /&gt;&lt;/b&gt;&lt;b&gt;&lt;div align=&quot;center&quot;&gt;&lt;b&gt;To get more sexy versions of this art and all other exclusive Patreon-only content&lt;/b&gt;&lt;b&gt;&amp;nbsp;&lt;/b&gt;&lt;/div&gt;&lt;/b&gt;&lt;div align=&quot;center&quot;&gt;of all my monthly artworks&lt;br /&gt;&lt;br /&gt;&lt;br /&gt;&lt;/div&gt;&lt;b&gt;&lt;div align=&quot;center&quot;&gt;&lt;b&gt;Support me on PATREON:&amp;nbsp;&lt;/b&gt;&lt;a href=&quot;https://www.deviantart.com/users/outgoing?https://www.patreon.com/Taiss14&quot;&gt;&lt;/a&gt;&lt;a href=&quot;https://www.deviantart.com/users/outgoing?https://www.patreon.com/join/Taiss14&quot;&gt;&lt;/a&gt;&lt;a class=&quot;external&quot; href=&quot;https://www.deviantart.com/users/outgoing?https://www.patreon.com/Taiss14&quot;&gt;www.patreon.com/Taiss14&lt;/a&gt;&lt;b&gt;&lt;br /&gt;&lt;/b&gt;&lt;b&gt;&lt;/b&gt;&lt;div align=&quot;center&quot;&gt;&lt;b&gt;&lt;/b&gt;&lt;div align=&quot;start&quot;&gt;&lt;b&gt;&lt;/b&gt;&lt;div&gt;&lt;b&gt;&lt;/b&gt;&lt;div&gt;&lt;b&gt;&lt;/b&gt;&lt;div&gt;&lt;b&gt;&lt;b&gt;&lt;/b&gt;&lt;/b&gt;&lt;div align=&quot;center&quot;&gt;&lt;b&gt;&lt;/b&gt;&lt;div align=&quot;start&quot;&gt;&lt;b&gt;&lt;/b&gt;&lt;div&gt;&lt;div align=&quot;start&quot;&gt;&lt;b&gt;My $1+ Patrons get:&lt;br /&gt;&lt;br /&gt;- Access to all Patron-only posts with censored low-resolution NSFW art and art-versions (tier starts from 16.07.18).&lt;br /&gt;- Ability to vote on illustrations to be done&amp;nbsp;&lt;br /&gt;&lt;/b&gt;&lt;br /&gt;&lt;b&gt;My $5+ Patrons get:&lt;br /&gt;&lt;br /&gt;- $1 rewards&amp;nbsp;&lt;br /&gt;&lt;/b&gt;-&amp;nbsp;&lt;strong&gt;&lt;u&gt;NEW!!: All versions of NSFW artworks about CHARACTERS MAKING LOVE/HAVING SEX (at least one work per month)&lt;/u&gt;&lt;/strong&gt;&lt;br /&gt;- High resolution JPGs of all monthly artworks&amp;nbsp;(SFW &amp;nbsp;versions, at least 6 works per month)&lt;br /&gt;- main NSFW(topless) versions&amp;nbsp;&lt;br /&gt;- One Extra NSFW art-version (on my choice, preferably fanart)&lt;br /&gt;- Steps&amp;nbsp;&lt;br /&gt;- Sketches (PSD+JPG)&amp;nbsp;&lt;br /&gt;- free topless NSFW version of your commissions&lt;br /&gt;&lt;b&gt;&lt;u&gt;- NEW!:&amp;nbsp;Art-box composed of a big part of my old and new favorite art-works (all SFW+NSFW and ExtraNSFW versions)! Includes fanart of Nier Automata, League of Legends, Overwatch, World of Warcraft, Final Fantasy, Metroid, Bauonetta and more. Available starting from $5+ pledge!&amp;nbsp; &amp;nbsp; Preview:&amp;nbsp;&lt;a href=&quot;http://fav.me/dcvos9p&quot;&gt;fav.me/dcvos9p&lt;/a&gt;&lt;/u&gt;&lt;/b&gt;&lt;br /&gt;&lt;br /&gt;&lt;b&gt;My $10+ Patrons get:&lt;br /&gt;&lt;br /&gt;- $5 Pack of Rewards and&lt;/b&gt;&lt;br /&gt;- all additional SFW and NSFW(topless)&amp;nbsp;versions&lt;br /&gt;- free topless NSFW version of your commissions&lt;br /&gt;&lt;/div&gt;&lt;div align=&quot;start&quot;&gt;&lt;b&gt;- NEW!: a part of ExtraNSFW(top+bottom) versions of monthly&amp;nbsp;artworks!&lt;br /&gt;&lt;/b&gt;&lt;b&gt;&lt;u&gt;- NEW!:&amp;nbsp;Art-box composed of a big part of my old and new favorite art-works (all SFW+NSFW and ExtraNSFW versions)! Includes fanart of Nier Automata, League of Legends, Overwatch, World of Warcraft, Final Fantasy, Metroid, Bauonetta and more. Available starting from $5+ pledge!&amp;nbsp; &amp;nbsp;&amp;nbsp;&lt;/u&gt;&lt;/b&gt;&lt;b&gt;&lt;u&gt;Preview:&amp;nbsp;&lt;/u&gt;&lt;/b&gt;&lt;b&gt;&lt;u&gt;&lt;a href=&quot;http://fav.me/dcvos9p&quot;&gt;fav.me/dcvos9p&lt;/a&gt;&lt;/u&gt;&lt;/b&gt;&lt;/div&gt;&lt;div align=&quot;start&quot;&gt;&lt;br /&gt;&lt;b&gt;My $15+ Patrons get:&lt;br /&gt;&lt;/b&gt;&lt;br /&gt;&lt;b&gt;- $10 pack and&lt;/b&gt;&lt;br /&gt;- All Extra NSFW versions (top+bottom, futa, sex scenes, cum, toys, tentacles)&lt;br /&gt;- $15 Pack of Rewards from previous month!&lt;br /&gt;- free top+bottom NSFW version of your commissions&lt;br /&gt;&lt;b&gt;&lt;u&gt;- NEW!:&amp;nbsp;Art-box composed of a big part of my old and new favorite art-works (all SFW+NSFW and ExtraNSFW versions)! Includes fanart of Nier Automata, League of Legends, Overwatch, World of Warcraft, Final Fantasy, Metroid, Bauonetta and more. Available starting from $5+ pledge!&amp;nbsp; &amp;nbsp;&amp;nbsp;&lt;/u&gt;&lt;/b&gt;&lt;b&gt;&lt;u&gt;Preview:&amp;nbsp;&lt;/u&gt;&lt;/b&gt;&lt;b&gt;&lt;u&gt;&lt;a href=&quot;http://fav.me/dcvos9p&quot;&gt;fav.me/dcvos9p&lt;/a&gt;&lt;/u&gt;&lt;/b&gt;&lt;/div&gt;&lt;div align=&quot;start&quot;&gt;&lt;br /&gt;&lt;b&gt;My $20+ Patrons get:&lt;br /&gt;&lt;/b&gt;&lt;br /&gt;&lt;b&gt;- $15 pack and&lt;/b&gt;&lt;br /&gt;- Any 6 works on your choice with all Patreon-only content and versions, available for $15+ Patrons. More info:&amp;nbsp;&lt;a class=&quot;external&quot; href=&quot;https://www.deviantart.com/users/outgoing?https://www.patreon.com/posts/21313573&quot;&gt;www.patreon.com/posts/21313573&lt;/a&gt;&amp;nbsp;&lt;br /&gt;&lt;br /&gt;&lt;div align=&quot;center&quot;&gt;&lt;b&gt;Prints on Redbubble:&amp;nbsp;&lt;a class=&quot;external&quot; href=&quot;https://www.deviantart.com/users/outgoing?https://www.redbubble.com/people/taiss14/portfolio/recent?asc=u&quot;&gt;www.redbubble.com/people/taiss&amp;#8230;&lt;/a&gt;&lt;/b&gt;&lt;/div&gt;&lt;br /&gt;&lt;div&gt;&lt;div align=&quot;center&quot;&gt;&lt;b&gt;My commission info:&lt;/b&gt;&lt;/div&gt;&lt;div align=&quot;center&quot;&gt;&lt;a href=&quot;https://www.deviantart.com/deviation/598753528&quot;&gt;&lt;/a&gt;&lt;a href=&quot;http://fav.me/d9whd6g&quot;&gt;fav.me/d9whd6g&lt;/a&gt;&lt;br /&gt;&lt;/div&gt;&lt;h4 align=&quot;center&quot;&gt;&lt;br /&gt;&lt;/h4&gt;&lt;div align=&quot;center&quot;&gt;&lt;a href=&quot;https://www.deviantart.com/users/outgoing?https://www.instagram.com/taiss14_anime_art/&quot;&gt;&lt;/a&gt;&lt;h4 align=&quot;center&quot;&gt;&lt;a href=&quot;https://www.deviantart.com/users/outgoing?https://www.instagram.com/taiss14_anime_art/&quot;&gt;&lt;/a&gt;&lt;a class=&quot;external&quot; href=&quot;https://www.deviantart.com/users/outgoing?https://www.instagram.com/taiss14_anime_art/&quot;&gt;Instagram&lt;/a&gt;&lt;/h4&gt;&lt;/div&gt;&lt;div align=&quot;center&quot;&gt;&lt;a class=&quot;external&quot; href=&quot;https://www.deviantart.com/users/outgoing?http://taiss14art.tumblr.com/&quot;&gt;Tumblr&amp;nbsp;&lt;/a&gt;&lt;a href=&quot;https://www.deviantart.com/users/outgoing?http://taiss14art.tumblr.com/&quot;&gt;&lt;br /&gt;&lt;/a&gt;&lt;/div&gt;&lt;div align=&quot;center&quot;&gt;&lt;a class=&quot;external&quot; href=&quot;https://www.deviantart.com/users/outgoing?https://www.artstation.com/artist/taiss14&quot;&gt;Artstation&amp;nbsp;&lt;/a&gt;&lt;b&gt;&amp;nbsp;&lt;/b&gt;&lt;a href=&quot;https://www.deviantart.com/users/outgoing?https://www.artstation.com/artist/taiss14&quot;&gt;&lt;br /&gt;&lt;/a&gt;&lt;/div&gt;&lt;div align=&quot;center&quot;&gt;&lt;a href=&quot;https://www.deviantart.com/users/outgoing?https://www.pixiv.net/member_illust.php?id=7024497&quot;&gt;&lt;/a&gt;&lt;a class=&quot;external&quot; href=&quot;https://www.deviantart.com/users/outgoing?https://www.pixiv.net/member_illust.php?id=7024497&quot;&gt;Pixiv&lt;/a&gt;&amp;nbsp;&lt;/div&gt;&lt;/div&gt;&lt;/div&gt;&lt;/div&gt;&lt;/div&gt;&lt;/div&gt;&lt;/div&gt;&lt;/div&gt;&lt;/div&gt;&lt;/div&gt;&lt;/div&gt;&lt;/div&gt;&lt;/b&gt;&lt;br /&gt;&lt;div&gt;&lt;img src=&quot;https://t00.deviantart.net/sSrloR5L8EA_j5EB1vV2ml6BxCw=/300x200/filters:fixed_height(100,100):origin()/pre00/fe86/th/pre/i/2019/027/5/f/sci_fi_psyocke____nsfw_optional__by_taiss14-dcy6v88.jpg&quot; alt=&quot;thumbnail&quot; /&gt;&lt;/div&gt;</description>            </item>
                    <item>
                <title>A and A</title>
                <link>https://nesskain.deviantart.com/art/A-and-A-782912698</link>
                <guid isPermaLink="true">https://nesskain.deviantart.com/art/A-and-A-782912698</guid>
                <pubDate>Sat, 26 Jan 2019 18:53:50 PST</pubDate>
                        <media:title type="plain">A and A</media:title>
        <media:keywords></media:keywords>
                        <media:rating>nonadult</media:rating>
                <media:category label="Other">digitalart/paintings/other</media:category>
        <media:credit role="author" scheme="urn:ebu">Nesskain</media:credit>
        <media:credit role="author" scheme="urn:ebu">https://a.deviantart.net/avatars/n/e/nesskain.jpg?10</media:credit>
        <media:copyright url="https://nesskain.deviantart.com">Copyright 2019 Nesskain</media:copyright>            <media:description type="html">&lt;span&gt;Wasn&amp;#8217;t supposed to do some rendering but I couldn&amp;#8217;t resist.&lt;/span&gt;</media:description>            <media:thumbnail url="https://t00.deviantart.net/RUx_8dfxGIfy68x9FocZ1HuwnfI=/fit-in/150x150/filters:no_upscale():origin()/pre00/baaa/th/pre/f/2019/026/2/f/a_and_a_by_nesskain-dcy4jay.jpg" height="84" width="150"/>            <media:thumbnail url="https://t00.deviantart.net/KPMRJ6puj7EkEqHjt8ErW-8u-Sg=/fit-in/300x900/filters:no_upscale():origin()/pre00/baaa/th/pre/f/2019/026/2/f/a_and_a_by_nesskain-dcy4jay.jpg" height="169" width="300"/>            <media:thumbnail url="https://t00.deviantart.net/opeMWJMboeMmKmZkRNaMc5_U-Rg=/300x200/filters:fixed_height(100,100):origin()/pre00/baaa/th/pre/f/2019/026/2/f/a_and_a_by_nesskain-dcy4jay.jpg" height="169" width="300"/>            <media:content url="https://pre00.deviantart.net/baaa/th/pre/f/2019/026/2/f/a_and_a_by_nesskain-dcy4jay.jpg" height="670" width="1192" medium="image"/>            
            <description>&lt;span&gt;Wasn&amp;#8217;t supposed to do some rendering but I couldn&amp;#8217;t resist.&lt;/span&gt;&lt;br /&gt;&lt;div&gt;&lt;img src=&quot;https://t00.deviantart.net/opeMWJMboeMmKmZkRNaMc5_U-Rg=/300x200/filters:fixed_height(100,100):origin()/pre00/baaa/th/pre/f/2019/026/2/f/a_and_a_by_nesskain-dcy4jay.jpg&quot; alt=&quot;thumbnail&quot; /&gt;&lt;/div&gt;</description>            </item>
            </channel>
</rss>