<?xml version="1.0" encoding="utf-8"?>
<rss version="2.0" xmlns:media="http://search.yahoo.com/mrss/" xmlns:atom="http://www.w3.org/2005/Atom" xmlns:creativeCommons="http://backend.userland.com/creativeCommonsRssModule">
    <channel>
        <title>DeviantArt: Popular</title>
        <link>https://www.deviantart.com/?q=-in%3Aliterature</link>
        <description>DeviantArt RSS for Popular</description>
        <language>en-us</language>
        <copyright>Copyright 2019, DeviantArt.com</copyright>
        <pubDate>Sun, 27 Jan 2019 10:57:50 PST</pubDate>

        <generator>DeviantArt.com</generator>
        <docs>http://blogs.law.harvard.edu/tech/rss</docs>
        <atom:icon>https://st.deviantart.net/minish/touch-icons/android-192.png</atom:icon>
        <atom:link type="application/rss+xml" rel="self" href="https://backend.deviantart.com/rss.xml?type=deviation&amp;q=-in%3Aliterature&amp;order=11" />
        <atom:link rel="next" href="https://backend.deviantart.com/rss.xml?type=deviation&amp;q=-in%3Aliterature&amp;order=11&amp;offset=60" />
                    <item>
                <title>Fairy Tales: Arabian Tale</title>
                <link>https://axsens.deviantart.com/art/Fairy-Tales-Arabian-Tale-782848282</link>
                <guid isPermaLink="true">https://axsens.deviantart.com/art/Fairy-Tales-Arabian-Tale-782848282</guid>
                <pubDate>Sat, 26 Jan 2019 12:03:43 PST</pubDate>
                        <media:title type="plain">Fairy Tales: Arabian Tale</media:title>
        <media:keywords></media:keywords>
                        <media:rating>nonadult</media:rating>
                <media:category label="Fantasy">digitalart/mixedmed/fantasy</media:category>
        <media:credit role="author" scheme="urn:ebu">Axsens</media:credit>
        <media:credit role="author" scheme="urn:ebu">https://a.deviantart.net/avatars/a/x/axsens.png</media:credit>
        <media:copyright url="https://axsens.deviantart.com">Copyright 2019 Axsens</media:copyright>
            <media:community>
                <media:tags>@axsensart</media:tags>
            </media:community>            <media:description type="html">&lt;b&gt;&lt;a class=&quot;external&quot; href=&quot;https://www.deviantart.com/users/outgoing?https://patreon.com/join/axsens&quot;&gt;PATREON&lt;/a&gt;&amp;nbsp; &amp;nbsp;|&amp;nbsp; &amp;nbsp;&lt;a class=&quot;external&quot; href=&quot;https://www.deviantart.com/users/outgoing?http://redbubble.com/people/axsens&quot;&gt;PRINTS&lt;/a&gt;&amp;nbsp; &amp;nbsp;|&amp;nbsp;&amp;nbsp;&amp;nbsp;&lt;a class=&quot;external&quot; href=&quot;https://www.deviantart.com/users/outgoing?https://instagram.com/axsens&quot;&gt;INSTA&lt;/a&gt;&amp;nbsp; &amp;nbsp;|&amp;nbsp; &amp;nbsp;&lt;a class=&quot;external&quot; href=&quot;https://www.deviantart.com/users/outgoing?http://axsens.tumblr.com/&quot;&gt;TUMBLR&lt;/a&gt;&amp;nbsp; &amp;nbsp;|&amp;nbsp; &amp;nbsp;&lt;a class=&quot;external&quot; href=&quot;https://www.deviantart.com/users/outgoing?https://fb.me/axsens&quot;&gt;FACEBOOK&lt;/a&gt;&amp;nbsp; &amp;nbsp;|&amp;nbsp; &amp;nbsp;&lt;a class=&quot;external&quot; href=&quot;https://www.deviantart.com/users/outgoing?https://twitter.com/axsensart&quot;&gt;TWITTER&lt;/a&gt;&amp;nbsp; &amp;nbsp;|&amp;nbsp;&amp;nbsp;&amp;nbsp; &lt;a class=&quot;external&quot; href=&quot;https://www.deviantart.com/users/outgoing?https://artstation.com/artist/axsens&quot;&gt;ARTSTATION&lt;/a&gt;&amp;nbsp; &amp;nbsp;|&amp;nbsp; &amp;nbsp;&lt;a class=&quot;external&quot; href=&quot;https://www.deviantart.com/users/outgoing?https://youtube.com/user/AxsenArt&quot;&gt;YOUTUBE&lt;/a&gt; &lt;/b&gt;&lt;hr/&gt;&amp;nbsp;&amp;nbsp;&lt;br /&gt;I still continue this art series xD I&#039;d like to see the new film soon, and you? *_*&amp;nbsp;&lt;br /&gt;&lt;br /&gt;&lt;span&gt;&lt;div&gt;&lt;/div&gt;&lt;/span&gt;&lt;span&gt;&lt;span&gt;&lt;div&gt;&lt;div&gt;&lt;div&gt;&lt;br /&gt;&lt;/div&gt;&lt;/div&gt;&lt;/div&gt;&lt;/span&gt;&lt;/span&gt;&lt;h3&gt;&lt;b&gt;&amp;nbsp;&lt;a href=&quot;https://www.deviantart.com/rnorals/art/little-strawberry-emoji-657452379&quot; class=&quot;emoticon&quot; data-embed-type=&quot;emoticon&quot; data-embed-id=&quot;657452379&quot; data-embed-profile=&quot;deviation&quot;&gt;&lt;img src=&quot;https://orig00.deviantart.net/7c4d/f/2017/014/6/b/little_strawberry_emoji_by_rnorals-davfhi3.gif&quot; alt=&quot;little strawberry emoji&quot; style=&quot;width:20px;height:20px&quot;&gt;&lt;/a&gt;&amp;nbsp;&lt;a class=&quot;external&quot; href=&quot;https://www.deviantart.com/users/outgoing?https://www.patreon.com/posts/24242212&quot;&gt;Included rewards&lt;/a&gt;&lt;/b&gt;&lt;a href=&quot;https://www.deviantart.com/rnorals/art/little-strawberry-emoji-657452379&quot; class=&quot;emoticon&quot; data-embed-type=&quot;emoticon&quot; data-embed-id=&quot;657452379&quot; data-embed-profile=&quot;deviation&quot;&gt;&lt;img src=&quot;https://orig00.deviantart.net/7c4d/f/2017/014/6/b/little_strawberry_emoji_by_rnorals-davfhi3.gif&quot; alt=&quot;little strawberry emoji&quot; style=&quot;width:20px;height:20px&quot;&gt;&lt;/a&gt;&amp;nbsp;&amp;nbsp;&lt;/h3&gt;&lt;br /&gt;&lt;b&gt;&lt;a href=&quot;https://www.deviantart.com/profiledecor/art/F2U-Flower-Bullet-Dark-761720151&quot; class=&quot;emoticon&quot; data-embed-type=&quot;emoticon&quot; data-embed-id=&quot;761720151&quot; data-embed-profile=&quot;deviation&quot;&gt;&lt;img src=&quot;https://images-wixmp-ed30a86b8c4ca887773594c2.wixmp.com/intermediary/f/25425fb2-bc94-4349-8d8a-6eabb4d6ccd2/dclib13-4e422936-aac3-43c0-9f36-939a8c9501a5.png&quot; alt=&quot;F2U | Flower Bullet Dark&quot; style=&quot;width:11px;height:11px&quot;&gt;&lt;/a&gt;&amp;nbsp;Un&amp;#1089;&amp;#1077;nsored&amp;nbsp; + Underwear&amp;nbsp; &amp;nbsp;&lt;br /&gt;&lt;a href=&quot;https://www.deviantart.com/profiledecor/art/F2U-Flower-Bullet-Dark-761720151&quot; class=&quot;emoticon&quot; data-embed-type=&quot;emoticon&quot; data-embed-id=&quot;761720151&quot; data-embed-profile=&quot;deviation&quot;&gt;&lt;img src=&quot;https://images-wixmp-ed30a86b8c4ca887773594c2.wixmp.com/intermediary/f/25425fb2-bc94-4349-8d8a-6eabb4d6ccd2/dclib13-4e422936-aac3-43c0-9f36-939a8c9501a5.png&quot; alt=&quot;F2U | Flower Bullet Dark&quot; style=&quot;width:11px;height:11px&quot;&gt;&lt;/a&gt;&amp;nbsp;5k High-Res + Extras versions&lt;br /&gt;&lt;a href=&quot;https://www.deviantart.com/profiledecor/art/F2U-Flower-Bullet-Dark-761720151&quot; class=&quot;emoticon&quot; data-embed-type=&quot;emoticon&quot; data-embed-id=&quot;761720151&quot; data-embed-profile=&quot;deviation&quot;&gt;&lt;img src=&quot;https://images-wixmp-ed30a86b8c4ca887773594c2.wixmp.com/intermediary/f/25425fb2-bc94-4349-8d8a-6eabb4d6ccd2/dclib13-4e422936-aac3-43c0-9f36-939a8c9501a5.png&quot; alt=&quot;F2U | Flower Bullet Dark&quot; style=&quot;width:11px;height:11px&quot;&gt;&lt;/a&gt;&amp;nbsp;Process Steps + PSD&amp;nbsp;&lt;br /&gt;&lt;a href=&quot;https://www.deviantart.com/profiledecor/art/F2U-Flower-Bullet-Dark-761720151&quot; class=&quot;emoticon&quot; data-embed-type=&quot;emoticon&quot; data-embed-id=&quot;761720151&quot; data-embed-profile=&quot;deviation&quot;&gt;&lt;img src=&quot;https://images-wixmp-ed30a86b8c4ca887773594c2.wixmp.com/intermediary/f/25425fb2-bc94-4349-8d8a-6eabb4d6ccd2/dclib13-4e422936-aac3-43c0-9f36-939a8c9501a5.png&quot; alt=&quot;F2U | Flower Bullet Dark&quot; style=&quot;width:11px;height:11px&quot;&gt;&lt;/a&gt;&amp;nbsp;Video Process&amp;nbsp;&lt;/b&gt;&lt;br /&gt;of this piece and many&amp;nbsp;others available through my &lt;b&gt;&lt;a href=&quot;https://www.deviantart.com/linux-rules/art/Patreon-2017-round-Icon-ultramini-687000966&quot; class=&quot;emoticon&quot; data-embed-type=&quot;emoticon&quot; data-embed-id=&quot;687000966&quot; data-embed-profile=&quot;deviation&quot;&gt;&lt;img src=&quot;https://images-wixmp-ed30a86b8c4ca887773594c2.wixmp.com/intermediary/f/25e46574-05d5-4425-916d-e5292bb066ac/dbd0tc6-4d492c2c-904e-49ce-9c1a-82905f0f5bd2.png&quot; alt=&quot;Patreon (2017, round) Icon ultramini&quot; style=&quot;width:16px;height:16px&quot;&gt;&lt;/a&gt;&amp;nbsp;&lt;a class=&quot;external&quot; href=&quot;https://www.deviantart.com/users/outgoing?https://www.patreon.com/join/axsens&quot;&gt;patreon&lt;/a&gt;&lt;/b&gt;&lt;br /&gt;&lt;sub&gt;. . . . . . . . . . . . . . . . . . . . . . . . . . . . . . . . . . . . . . . . . . . . . . . . . . .&amp;nbsp;. . .&amp;nbsp;. . .&lt;/sub&gt;&lt;br /&gt;&lt;span class=&quot;shadow-holder&quot; data-embed-type=&quot;deviation&quot; data-embed-id=&quot;777763814&quot; data-embed-format=&quot;thumb&quot;&gt;&lt;span class=&quot;shadow mild&quot; &gt;&lt;a class=&quot;thumb&quot; href=&quot;https://www.deviantart.com/axsens/art/K-DA-Akali-V2-777763814&quot; title=&quot;K/DA Akali . V2 by Axsens, Dec 22, 2018 in Digital Art &amp;gt; Mixed Media &amp;gt; Surreal&quot;data-super-img=&quot;https://images-wixmp-ed30a86b8c4ca887773594c2.wixmp.com/intermediary/f/d3456178-ab60-492f-bcdf-00f062f9ade3/dcv26ee-f5f5c885-50bc-4e0b-afff-effcc7607764.jpg/v1/fill/w_600,h_850,q_70,strp/k_da_akali___v2_by_axsens_dcv26ee-fullview.jpg&quot; data-super-width=&quot;600&quot; data-super-height=&quot;850&quot; data-super-transparent=&quot;false&quot; data-super-alt=&quot;K/DA Akali . V2 by Axsens&quot; data-super-full-img=&quot;https://images-wixmp-ed30a86b8c4ca887773594c2.wixmp.com/intermediary/f/d3456178-ab60-492f-bcdf-00f062f9ade3/dcv26ee-f5f5c885-50bc-4e0b-afff-effcc7607764.jpg/v1/fill/w_600,h_850,q_70,strp/k_da_akali___v2_by_axsens_dcv26ee-fullview.jpg&quot; data-super-full-width=&quot;600&quot; data-super-full-height=&quot;850&quot;        data-sigil=&quot;thumb&quot;&gt;
        &lt;i&gt;&lt;/i&gt;&lt;img   width=&quot;106&quot; height=&quot;150&quot; alt=&quot;K/DA Akali . V2 by Axsens&quot; src=&quot;https://images-wixmp-ed30a86b8c4ca887773594c2.wixmp.com/intermediary/f/d3456178-ab60-492f-bcdf-00f062f9ade3/dcv26ee-f5f5c885-50bc-4e0b-afff-effcc7607764.jpg/v1/fit/w_150,h_150,q_70,strp/k_da_akali___v2_by_axsens_dcv26ee-150.jpg&quot; data-src=&quot;https://images-wixmp-ed30a86b8c4ca887773594c2.wixmp.com/intermediary/f/d3456178-ab60-492f-bcdf-00f062f9ade3/dcv26ee-f5f5c885-50bc-4e0b-afff-effcc7607764.jpg/v1/fit/w_150,h_150,q_70,strp/k_da_akali___v2_by_axsens_dcv26ee-150.jpg&quot; srcset=&quot;https://images-wixmp-ed30a86b8c4ca887773594c2.wixmp.com/intermediary/f/d3456178-ab60-492f-bcdf-00f062f9ade3/dcv26ee-f5f5c885-50bc-4e0b-afff-effcc7607764.jpg/v1/fit/w_150,h_150,q_70,strp/k_da_akali___v2_by_axsens_dcv26ee-150.jpg 106w,https://images-wixmp-ed30a86b8c4ca887773594c2.wixmp.com/intermediary/f/d3456178-ab60-492f-bcdf-00f062f9ade3/dcv26ee-f5f5c885-50bc-4e0b-afff-effcc7607764.jpg/v1/fill/w_177,h_250,q_70,strp/k_da_akali___v2_by_axsens_dcv26ee-250t.jpg 176w,https://images-wixmp-ed30a86b8c4ca887773594c2.wixmp.com/intermediary/f/d3456178-ab60-492f-bcdf-00f062f9ade3/dcv26ee-f5f5c885-50bc-4e0b-afff-effcc7607764.jpg/v1/fill/w_247,h_350,q_70,strp/k_da_akali___v2_by_axsens_dcv26ee-350t.jpg 247w,https://images-wixmp-ed30a86b8c4ca887773594c2.wixmp.com/intermediary/f/d3456178-ab60-492f-bcdf-00f062f9ade3/dcv26ee-f5f5c885-50bc-4e0b-afff-effcc7607764.jpg/v1/fill/w_283,h_400,q_70,strp/k_da_akali___v2_by_axsens_dcv26ee-400t.jpg 282w,https://images-wixmp-ed30a86b8c4ca887773594c2.wixmp.com/intermediary/f/d3456178-ab60-492f-bcdf-00f062f9ade3/dcv26ee-f5f5c885-50bc-4e0b-afff-effcc7607764.jpg/v1/fill/w_600,h_850,q_70,strp/k_da_akali___v2_by_axsens_dcv26ee-fullview.jpg 600w&quot; sizes=&quot;106px&quot;&gt;&lt;/a&gt;&lt;/span&gt;&lt;!-- ^TTT --&gt;&lt;!-- TTT$ --&gt;&lt;/span&gt;&lt;span class=&quot;shadow-holder&quot; data-embed-type=&quot;deviation&quot; data-embed-id=&quot;776955410&quot; data-embed-format=&quot;thumb&quot;&gt;&lt;span class=&quot;shadow mild&quot; &gt;&lt;a class=&quot;thumb&quot; href=&quot;https://www.deviantart.com/axsens/art/Sugar-Plum-Fairy-Mercy-776955410&quot; title=&quot;Sugar Plum Fairy Mercy by Axsens, Dec 16, 2018 in Fan Art &amp;gt; Wallpaper &amp;gt; Games&quot;data-super-img=&quot;https://images-wixmp-ed30a86b8c4ca887773594c2.wixmp.com/intermediary/f/d3456178-ab60-492f-bcdf-00f062f9ade3/dcukumq-1fa953ce-7cc2-4b3d-acd6-2160b13abdf8.jpg/v1/fill/w_600,h_850,q_70,strp/sugar_plum_fairy_mercy_by_axsens_dcukumq-fullview.jpg&quot; data-super-width=&quot;600&quot; data-super-height=&quot;850&quot; data-super-transparent=&quot;false&quot; data-super-alt=&quot;Sugar Plum Fairy Mercy by Axsens&quot; data-super-full-img=&quot;https://images-wixmp-ed30a86b8c4ca887773594c2.wixmp.com/intermediary/f/d3456178-ab60-492f-bcdf-00f062f9ade3/dcukumq-1fa953ce-7cc2-4b3d-acd6-2160b13abdf8.jpg/v1/fill/w_600,h_850,q_70,strp/sugar_plum_fairy_mercy_by_axsens_dcukumq-fullview.jpg&quot; data-super-full-width=&quot;600&quot; data-super-full-height=&quot;850&quot;        data-sigil=&quot;thumb&quot;&gt;
        &lt;i&gt;&lt;/i&gt;&lt;img   width=&quot;106&quot; height=&quot;150&quot; alt=&quot;Sugar Plum Fairy Mercy by Axsens&quot; src=&quot;https://images-wixmp-ed30a86b8c4ca887773594c2.wixmp.com/intermediary/f/d3456178-ab60-492f-bcdf-00f062f9ade3/dcukumq-1fa953ce-7cc2-4b3d-acd6-2160b13abdf8.jpg/v1/fit/w_150,h_150,q_70,strp/sugar_plum_fairy_mercy_by_axsens_dcukumq-150.jpg&quot; data-src=&quot;https://images-wixmp-ed30a86b8c4ca887773594c2.wixmp.com/intermediary/f/d3456178-ab60-492f-bcdf-00f062f9ade3/dcukumq-1fa953ce-7cc2-4b3d-acd6-2160b13abdf8.jpg/v1/fit/w_150,h_150,q_70,strp/sugar_plum_fairy_mercy_by_axsens_dcukumq-150.jpg&quot; srcset=&quot;https://images-wixmp-ed30a86b8c4ca887773594c2.wixmp.com/intermediary/f/d3456178-ab60-492f-bcdf-00f062f9ade3/dcukumq-1fa953ce-7cc2-4b3d-acd6-2160b13abdf8.jpg/v1/fit/w_150,h_150,q_70,strp/sugar_plum_fairy_mercy_by_axsens_dcukumq-150.jpg 106w,https://images-wixmp-ed30a86b8c4ca887773594c2.wixmp.com/intermediary/f/d3456178-ab60-492f-bcdf-00f062f9ade3/dcukumq-1fa953ce-7cc2-4b3d-acd6-2160b13abdf8.jpg/v1/fill/w_177,h_250,q_70,strp/sugar_plum_fairy_mercy_by_axsens_dcukumq-250t.jpg 176w,https://images-wixmp-ed30a86b8c4ca887773594c2.wixmp.com/intermediary/f/d3456178-ab60-492f-bcdf-00f062f9ade3/dcukumq-1fa953ce-7cc2-4b3d-acd6-2160b13abdf8.jpg/v1/fill/w_247,h_350,q_70,strp/sugar_plum_fairy_mercy_by_axsens_dcukumq-350t.jpg 247w,https://images-wixmp-ed30a86b8c4ca887773594c2.wixmp.com/intermediary/f/d3456178-ab60-492f-bcdf-00f062f9ade3/dcukumq-1fa953ce-7cc2-4b3d-acd6-2160b13abdf8.jpg/v1/fill/w_283,h_400,q_70,strp/sugar_plum_fairy_mercy_by_axsens_dcukumq-400t.jpg 282w,https://images-wixmp-ed30a86b8c4ca887773594c2.wixmp.com/intermediary/f/d3456178-ab60-492f-bcdf-00f062f9ade3/dcukumq-1fa953ce-7cc2-4b3d-acd6-2160b13abdf8.jpg/v1/fill/w_600,h_850,q_70,strp/sugar_plum_fairy_mercy_by_axsens_dcukumq-fullview.jpg 600w&quot; sizes=&quot;106px&quot;&gt;&lt;/a&gt;&lt;/span&gt;&lt;!-- ^TTT --&gt;&lt;!-- TTT$ --&gt;&lt;/span&gt;&lt;span class=&quot;shadow-holder&quot; data-embed-type=&quot;deviation&quot; data-embed-id=&quot;753702911&quot; data-embed-format=&quot;thumb&quot;&gt;&lt;span class=&quot;shadow mild&quot; &gt;&lt;a class=&quot;thumb&quot; href=&quot;https://www.deviantart.com/axsens/art/Fairy-Tales-Cinderella-18-optional-753702911&quot; title=&quot;Fairy Tales: Cinderella .:18+ optional:. by Axsens, Jul 9, 2018 in Fan Art &amp;gt; Digital Art &amp;gt; Drawings &amp;gt; Movies &amp;amp; TV&quot;data-super-img=&quot;https://images-wixmp-ed30a86b8c4ca887773594c2.wixmp.com/intermediary/f/d3456178-ab60-492f-bcdf-00f062f9ade3/dcgqgvz-af44b5d4-fbe3-4c15-a9b6-c00fcc8c31f0.jpg/v1/fill/w_600,h_850,q_70,strp/fairy_tales__cinderella___18__optional___by_axsens_dcgqgvz-fullview.jpg&quot; data-super-width=&quot;600&quot; data-super-height=&quot;850&quot; data-super-transparent=&quot;false&quot; data-super-alt=&quot;Fairy Tales: Cinderella .:18+ optional:. by Axsens&quot; data-super-full-img=&quot;https://images-wixmp-ed30a86b8c4ca887773594c2.wixmp.com/intermediary/f/d3456178-ab60-492f-bcdf-00f062f9ade3/dcgqgvz-af44b5d4-fbe3-4c15-a9b6-c00fcc8c31f0.jpg/v1/fill/w_600,h_850,q_70,strp/fairy_tales__cinderella___18__optional___by_axsens_dcgqgvz-fullview.jpg&quot; data-super-full-width=&quot;600&quot; data-super-full-height=&quot;850&quot;        data-sigil=&quot;thumb&quot;&gt;
        &lt;i&gt;&lt;/i&gt;&lt;img   width=&quot;106&quot; height=&quot;150&quot; alt=&quot;Fairy Tales: Cinderella .:18+ optional:. by Axsens&quot; src=&quot;https://images-wixmp-ed30a86b8c4ca887773594c2.wixmp.com/intermediary/f/d3456178-ab60-492f-bcdf-00f062f9ade3/dcgqgvz-af44b5d4-fbe3-4c15-a9b6-c00fcc8c31f0.jpg/v1/fit/w_150,h_150,q_70,strp/fairy_tales__cinderella___18__optional___by_axsens_dcgqgvz-150.jpg&quot; data-src=&quot;https://images-wixmp-ed30a86b8c4ca887773594c2.wixmp.com/intermediary/f/d3456178-ab60-492f-bcdf-00f062f9ade3/dcgqgvz-af44b5d4-fbe3-4c15-a9b6-c00fcc8c31f0.jpg/v1/fit/w_150,h_150,q_70,strp/fairy_tales__cinderella___18__optional___by_axsens_dcgqgvz-150.jpg&quot; srcset=&quot;https://images-wixmp-ed30a86b8c4ca887773594c2.wixmp.com/intermediary/f/d3456178-ab60-492f-bcdf-00f062f9ade3/dcgqgvz-af44b5d4-fbe3-4c15-a9b6-c00fcc8c31f0.jpg/v1/fit/w_150,h_150,q_70,strp/fairy_tales__cinderella___18__optional___by_axsens_dcgqgvz-150.jpg 106w,https://images-wixmp-ed30a86b8c4ca887773594c2.wixmp.com/intermediary/f/d3456178-ab60-492f-bcdf-00f062f9ade3/dcgqgvz-af44b5d4-fbe3-4c15-a9b6-c00fcc8c31f0.jpg/v1/fill/w_177,h_250,q_70,strp/fairy_tales__cinderella___18__optional___by_axsens_dcgqgvz-250t.jpg 176w,https://images-wixmp-ed30a86b8c4ca887773594c2.wixmp.com/intermediary/f/d3456178-ab60-492f-bcdf-00f062f9ade3/dcgqgvz-af44b5d4-fbe3-4c15-a9b6-c00fcc8c31f0.jpg/v1/fill/w_247,h_350,q_70,strp/fairy_tales__cinderella___18__optional___by_axsens_dcgqgvz-350t.jpg 247w,https://images-wixmp-ed30a86b8c4ca887773594c2.wixmp.com/intermediary/f/d3456178-ab60-492f-bcdf-00f062f9ade3/dcgqgvz-af44b5d4-fbe3-4c15-a9b6-c00fcc8c31f0.jpg/v1/fill/w_283,h_400,q_70,strp/fairy_tales__cinderella___18__optional___by_axsens_dcgqgvz-400t.jpg 282w,https://images-wixmp-ed30a86b8c4ca887773594c2.wixmp.com/intermediary/f/d3456178-ab60-492f-bcdf-00f062f9ade3/dcgqgvz-af44b5d4-fbe3-4c15-a9b6-c00fcc8c31f0.jpg/v1/fill/w_600,h_850,q_70,strp/fairy_tales__cinderella___18__optional___by_axsens_dcgqgvz-fullview.jpg 600w&quot; sizes=&quot;106px&quot;&gt;&lt;/a&gt;&lt;/span&gt;&lt;!-- ^TTT --&gt;&lt;!-- TTT$ --&gt;&lt;/span&gt;&lt;span class=&quot;shadow-holder&quot; data-embed-type=&quot;deviation&quot; data-embed-id=&quot;780416691&quot; data-embed-format=&quot;thumb&quot;&gt;&lt;span class=&quot;shadow mild&quot; &gt;&lt;a class=&quot;thumb&quot; href=&quot;https://www.deviantart.com/axsens/art/NiCO-780416691&quot; title=&quot;NiCO by Axsens, Jan 9, 2019 in Digital Art &amp;gt; Mixed Media &amp;gt; Sci-Fi&quot;data-super-img=&quot;https://images-wixmp-ed30a86b8c4ca887773594c2.wixmp.com/intermediary/f/d3456178-ab60-492f-bcdf-00f062f9ade3/dcwn1df-9d6b8817-ca3f-46d6-b01c-2045a0dade37.jpg/v1/fill/w_600,h_850,q_70,strp/nico_by_axsens_dcwn1df-fullview.jpg&quot; data-super-width=&quot;600&quot; data-super-height=&quot;850&quot; data-super-transparent=&quot;false&quot; data-super-alt=&quot;NiCO by Axsens&quot; data-super-full-img=&quot;https://images-wixmp-ed30a86b8c4ca887773594c2.wixmp.com/intermediary/f/d3456178-ab60-492f-bcdf-00f062f9ade3/dcwn1df-9d6b8817-ca3f-46d6-b01c-2045a0dade37.jpg/v1/fill/w_600,h_850,q_70,strp/nico_by_axsens_dcwn1df-fullview.jpg&quot; data-super-full-width=&quot;600&quot; data-super-full-height=&quot;850&quot;        data-sigil=&quot;thumb&quot;&gt;
        &lt;i&gt;&lt;/i&gt;&lt;img   width=&quot;106&quot; height=&quot;150&quot; alt=&quot;NiCO by Axsens&quot; src=&quot;https://images-wixmp-ed30a86b8c4ca887773594c2.wixmp.com/intermediary/f/d3456178-ab60-492f-bcdf-00f062f9ade3/dcwn1df-9d6b8817-ca3f-46d6-b01c-2045a0dade37.jpg/v1/fit/w_150,h_150,q_70,strp/nico_by_axsens_dcwn1df-150.jpg&quot; data-src=&quot;https://images-wixmp-ed30a86b8c4ca887773594c2.wixmp.com/intermediary/f/d3456178-ab60-492f-bcdf-00f062f9ade3/dcwn1df-9d6b8817-ca3f-46d6-b01c-2045a0dade37.jpg/v1/fit/w_150,h_150,q_70,strp/nico_by_axsens_dcwn1df-150.jpg&quot; srcset=&quot;https://images-wixmp-ed30a86b8c4ca887773594c2.wixmp.com/intermediary/f/d3456178-ab60-492f-bcdf-00f062f9ade3/dcwn1df-9d6b8817-ca3f-46d6-b01c-2045a0dade37.jpg/v1/fit/w_150,h_150,q_70,strp/nico_by_axsens_dcwn1df-150.jpg 106w,https://images-wixmp-ed30a86b8c4ca887773594c2.wixmp.com/intermediary/f/d3456178-ab60-492f-bcdf-00f062f9ade3/dcwn1df-9d6b8817-ca3f-46d6-b01c-2045a0dade37.jpg/v1/fill/w_177,h_250,q_70,strp/nico_by_axsens_dcwn1df-250t.jpg 176w,https://images-wixmp-ed30a86b8c4ca887773594c2.wixmp.com/intermediary/f/d3456178-ab60-492f-bcdf-00f062f9ade3/dcwn1df-9d6b8817-ca3f-46d6-b01c-2045a0dade37.jpg/v1/fill/w_247,h_350,q_70,strp/nico_by_axsens_dcwn1df-350t.jpg 247w,https://images-wixmp-ed30a86b8c4ca887773594c2.wixmp.com/intermediary/f/d3456178-ab60-492f-bcdf-00f062f9ade3/dcwn1df-9d6b8817-ca3f-46d6-b01c-2045a0dade37.jpg/v1/fill/w_283,h_400,q_70,strp/nico_by_axsens_dcwn1df-400t.jpg 282w,https://images-wixmp-ed30a86b8c4ca887773594c2.wixmp.com/intermediary/f/d3456178-ab60-492f-bcdf-00f062f9ade3/dcwn1df-9d6b8817-ca3f-46d6-b01c-2045a0dade37.jpg/v1/fill/w_600,h_850,q_70,strp/nico_by_axsens_dcwn1df-fullview.jpg 600w&quot; sizes=&quot;106px&quot;&gt;&lt;/a&gt;&lt;/span&gt;&lt;!-- ^TTT --&gt;&lt;!-- TTT$ --&gt;&lt;/span&gt;&lt;span class=&quot;shadow-holder&quot; data-embed-type=&quot;deviation&quot; data-embed-id=&quot;781408713&quot; data-embed-format=&quot;thumb&quot;&gt;&lt;span class=&quot;shadow mild&quot; &gt;&lt;a class=&quot;thumb&quot; href=&quot;https://www.deviantart.com/axsens/art/K-DA-Evelynn-781408713&quot; title=&quot;K/DA Evelynn by Axsens, Jan 16, 2019 in Digital Art &amp;gt; Mixed Media &amp;gt; Fantasy&quot;data-super-img=&quot;https://images-wixmp-ed30a86b8c4ca887773594c2.wixmp.com/intermediary/f/d3456178-ab60-492f-bcdf-00f062f9ade3/dcx8atl-972dc02e-3180-4047-bba6-90b73fafc9e3.jpg/v1/fill/w_600,h_850,q_70,strp/k_da_evelynn_by_axsens_dcx8atl-fullview.jpg&quot; data-super-width=&quot;600&quot; data-super-height=&quot;850&quot; data-super-transparent=&quot;false&quot; data-super-alt=&quot;K/DA Evelynn by Axsens&quot; data-super-full-img=&quot;https://images-wixmp-ed30a86b8c4ca887773594c2.wixmp.com/intermediary/f/d3456178-ab60-492f-bcdf-00f062f9ade3/dcx8atl-972dc02e-3180-4047-bba6-90b73fafc9e3.jpg/v1/fill/w_600,h_850,q_70,strp/k_da_evelynn_by_axsens_dcx8atl-fullview.jpg&quot; data-super-full-width=&quot;600&quot; data-super-full-height=&quot;850&quot;        data-sigil=&quot;thumb&quot;&gt;
        &lt;i&gt;&lt;/i&gt;&lt;img   width=&quot;106&quot; height=&quot;150&quot; alt=&quot;K/DA Evelynn by Axsens&quot; src=&quot;https://images-wixmp-ed30a86b8c4ca887773594c2.wixmp.com/intermediary/f/d3456178-ab60-492f-bcdf-00f062f9ade3/dcx8atl-972dc02e-3180-4047-bba6-90b73fafc9e3.jpg/v1/fit/w_150,h_150,q_70,strp/k_da_evelynn_by_axsens_dcx8atl-150.jpg&quot; data-src=&quot;https://images-wixmp-ed30a86b8c4ca887773594c2.wixmp.com/intermediary/f/d3456178-ab60-492f-bcdf-00f062f9ade3/dcx8atl-972dc02e-3180-4047-bba6-90b73fafc9e3.jpg/v1/fit/w_150,h_150,q_70,strp/k_da_evelynn_by_axsens_dcx8atl-150.jpg&quot; srcset=&quot;https://images-wixmp-ed30a86b8c4ca887773594c2.wixmp.com/intermediary/f/d3456178-ab60-492f-bcdf-00f062f9ade3/dcx8atl-972dc02e-3180-4047-bba6-90b73fafc9e3.jpg/v1/fit/w_150,h_150,q_70,strp/k_da_evelynn_by_axsens_dcx8atl-150.jpg 106w,https://images-wixmp-ed30a86b8c4ca887773594c2.wixmp.com/intermediary/f/d3456178-ab60-492f-bcdf-00f062f9ade3/dcx8atl-972dc02e-3180-4047-bba6-90b73fafc9e3.jpg/v1/fill/w_177,h_250,q_70,strp/k_da_evelynn_by_axsens_dcx8atl-250t.jpg 176w,https://images-wixmp-ed30a86b8c4ca887773594c2.wixmp.com/intermediary/f/d3456178-ab60-492f-bcdf-00f062f9ade3/dcx8atl-972dc02e-3180-4047-bba6-90b73fafc9e3.jpg/v1/fill/w_247,h_350,q_70,strp/k_da_evelynn_by_axsens_dcx8atl-350t.jpg 247w,https://images-wixmp-ed30a86b8c4ca887773594c2.wixmp.com/intermediary/f/d3456178-ab60-492f-bcdf-00f062f9ade3/dcx8atl-972dc02e-3180-4047-bba6-90b73fafc9e3.jpg/v1/fill/w_283,h_400,q_70,strp/k_da_evelynn_by_axsens_dcx8atl-400t.jpg 282w,https://images-wixmp-ed30a86b8c4ca887773594c2.wixmp.com/intermediary/f/d3456178-ab60-492f-bcdf-00f062f9ade3/dcx8atl-972dc02e-3180-4047-bba6-90b73fafc9e3.jpg/v1/fill/w_600,h_850,q_70,strp/k_da_evelynn_by_axsens_dcx8atl-fullview.jpg 600w&quot; sizes=&quot;106px&quot;&gt;&lt;/a&gt;&lt;/span&gt;&lt;!-- ^TTT --&gt;&lt;!-- TTT$ --&gt;&lt;/span&gt;&lt;span class=&quot;shadow-holder&quot; data-embed-type=&quot;deviation&quot; data-embed-id=&quot;778187324&quot; data-embed-format=&quot;thumb&quot;&gt;&lt;span class=&quot;shadow mild&quot; &gt;&lt;a class=&quot;thumb&quot; href=&quot;https://www.deviantart.com/axsens/art/Winter-Asuna-v2-778187324&quot; title=&quot;Winter Asuna . v2 by Axsens, Dec 25, 2018 in Fan Art &amp;gt; Manga &amp;amp; Anime &amp;gt; Digital &amp;gt; Books &amp;amp; Novels&quot;data-super-img=&quot;https://images-wixmp-ed30a86b8c4ca887773594c2.wixmp.com/intermediary/f/d3456178-ab60-492f-bcdf-00f062f9ade3/dcvb96k-662e4cd0-2e27-4688-a50d-b00717df7f45.jpg/v1/fill/w_600,h_850,q_70,strp/winter_asuna___v2_by_axsens_dcvb96k-fullview.jpg&quot; data-super-width=&quot;600&quot; data-super-height=&quot;850&quot; data-super-transparent=&quot;false&quot; data-super-alt=&quot;Winter Asuna . v2 by Axsens&quot; data-super-full-img=&quot;https://images-wixmp-ed30a86b8c4ca887773594c2.wixmp.com/intermediary/f/d3456178-ab60-492f-bcdf-00f062f9ade3/dcvb96k-662e4cd0-2e27-4688-a50d-b00717df7f45.jpg/v1/fill/w_600,h_850,q_70,strp/winter_asuna___v2_by_axsens_dcvb96k-fullview.jpg&quot; data-super-full-width=&quot;600&quot; data-super-full-height=&quot;850&quot;        data-sigil=&quot;thumb&quot;&gt;
        &lt;i&gt;&lt;/i&gt;&lt;img   width=&quot;106&quot; height=&quot;150&quot; alt=&quot;Winter Asuna . v2 by Axsens&quot; src=&quot;https://images-wixmp-ed30a86b8c4ca887773594c2.wixmp.com/intermediary/f/d3456178-ab60-492f-bcdf-00f062f9ade3/dcvb96k-662e4cd0-2e27-4688-a50d-b00717df7f45.jpg/v1/fit/w_150,h_150,q_70,strp/winter_asuna___v2_by_axsens_dcvb96k-150.jpg&quot; data-src=&quot;https://images-wixmp-ed30a86b8c4ca887773594c2.wixmp.com/intermediary/f/d3456178-ab60-492f-bcdf-00f062f9ade3/dcvb96k-662e4cd0-2e27-4688-a50d-b00717df7f45.jpg/v1/fit/w_150,h_150,q_70,strp/winter_asuna___v2_by_axsens_dcvb96k-150.jpg&quot; srcset=&quot;https://images-wixmp-ed30a86b8c4ca887773594c2.wixmp.com/intermediary/f/d3456178-ab60-492f-bcdf-00f062f9ade3/dcvb96k-662e4cd0-2e27-4688-a50d-b00717df7f45.jpg/v1/fit/w_150,h_150,q_70,strp/winter_asuna___v2_by_axsens_dcvb96k-150.jpg 106w,https://images-wixmp-ed30a86b8c4ca887773594c2.wixmp.com/intermediary/f/d3456178-ab60-492f-bcdf-00f062f9ade3/dcvb96k-662e4cd0-2e27-4688-a50d-b00717df7f45.jpg/v1/fill/w_177,h_250,q_70,strp/winter_asuna___v2_by_axsens_dcvb96k-250t.jpg 176w,https://images-wixmp-ed30a86b8c4ca887773594c2.wixmp.com/intermediary/f/d3456178-ab60-492f-bcdf-00f062f9ade3/dcvb96k-662e4cd0-2e27-4688-a50d-b00717df7f45.jpg/v1/fill/w_247,h_350,q_70,strp/winter_asuna___v2_by_axsens_dcvb96k-350t.jpg 247w,https://images-wixmp-ed30a86b8c4ca887773594c2.wixmp.com/intermediary/f/d3456178-ab60-492f-bcdf-00f062f9ade3/dcvb96k-662e4cd0-2e27-4688-a50d-b00717df7f45.jpg/v1/fill/w_283,h_400,q_70,strp/winter_asuna___v2_by_axsens_dcvb96k-400t.jpg 282w,https://images-wixmp-ed30a86b8c4ca887773594c2.wixmp.com/intermediary/f/d3456178-ab60-492f-bcdf-00f062f9ade3/dcvb96k-662e4cd0-2e27-4688-a50d-b00717df7f45.jpg/v1/fill/w_600,h_850,q_70,strp/winter_asuna___v2_by_axsens_dcvb96k-fullview.jpg 600w&quot; sizes=&quot;106px&quot;&gt;&lt;/a&gt;&lt;/span&gt;&lt;!-- ^TTT --&gt;&lt;!-- TTT$ --&gt;&lt;/span&gt;&lt;br /&gt;&amp;nbsp;&lt;a href=&quot;https://www.deviantart.com/chipi-chiu/art/Bunny-love-love-433665306&quot; class=&quot;emoticon&quot; data-embed-type=&quot;emoticon&quot; data-embed-id=&quot;433665306&quot; data-embed-profile=&quot;deviation&quot;&gt;&lt;img src=&quot;https://orig00.deviantart.net/ca1b/f/2014/043/8/5/tumblr_inline_n0vryskpqw1rxsw83_by_chipi_chiu-d766yai.gif&quot; alt=&quot;.:Bunny love love:.&quot; style=&quot;width:100px;height:20px&quot;&gt;&lt;/a&gt;&amp;nbsp;&lt;b&gt;THANK YOU VERY MUCH FOR THE COMMENTS AND SUPPORT! &lt;/b&gt;&lt;a href=&quot;https://www.deviantart.com/chipi-chiu/art/Bunny-love-love-433665306&quot; class=&quot;emoticon&quot; data-embed-type=&quot;emoticon&quot; data-embed-id=&quot;433665306&quot; data-embed-profile=&quot;deviation&quot;&gt;&lt;img src=&quot;https://orig00.deviantart.net/ca1b/f/2014/043/8/5/tumblr_inline_n0vryskpqw1rxsw83_by_chipi_chiu-d766yai.gif&quot; alt=&quot;.:Bunny love love:.&quot; style=&quot;width:100px;height:20px&quot;&gt;&lt;/a&gt;&amp;nbsp;&lt;br /&gt;&lt;hr/&gt;&amp;nbsp;</media:description>            <media:thumbnail url="https://t00.deviantart.net/1U3npJXLL23IblMRHyV0TexG2dE=/fit-in/150x150/filters:no_upscale():origin()/pre00/bc2a/th/pre/i/2019/027/b/d/fairy_tales__arabian_tale_by_axsens-dcy35lm.jpg" height="150" width="106"/>            <media:thumbnail url="https://t00.deviantart.net/7BRIgLIz724ZwXYSMLCWfUygNgI=/fit-in/300x900/filters:no_upscale():origin()/pre00/bc2a/th/pre/i/2019/027/b/d/fairy_tales__arabian_tale_by_axsens-dcy35lm.jpg" height="425" width="300"/>            <media:thumbnail url="https://t00.deviantart.net/Jjn6jfz9n-I9i9-38Sw-iKqCycE=/300x200/filters:fixed_height(100,100):origin()/pre00/bc2a/th/pre/i/2019/027/b/d/fairy_tales__arabian_tale_by_axsens-dcy35lm.jpg" height="200" width="141"/>            <media:content url="https://img00.deviantart.net/564e/i/2019/027/b/d/fairy_tales__arabian_tale_by_axsens-dcy35lm.jpg" height="849" width="600" medium="image"/>            
            <description>&lt;b&gt;&lt;a class=&quot;external&quot; href=&quot;https://www.deviantart.com/users/outgoing?https://patreon.com/join/axsens&quot;&gt;PATREON&lt;/a&gt;&amp;nbsp; &amp;nbsp;|&amp;nbsp; &amp;nbsp;&lt;a class=&quot;external&quot; href=&quot;https://www.deviantart.com/users/outgoing?http://redbubble.com/people/axsens&quot;&gt;PRINTS&lt;/a&gt;&amp;nbsp; &amp;nbsp;|&amp;nbsp;&amp;nbsp;&amp;nbsp;&lt;a class=&quot;external&quot; href=&quot;https://www.deviantart.com/users/outgoing?https://instagram.com/axsens&quot;&gt;INSTA&lt;/a&gt;&amp;nbsp; &amp;nbsp;|&amp;nbsp; &amp;nbsp;&lt;a class=&quot;external&quot; href=&quot;https://www.deviantart.com/users/outgoing?http://axsens.tumblr.com/&quot;&gt;TUMBLR&lt;/a&gt;&amp;nbsp; &amp;nbsp;|&amp;nbsp; &amp;nbsp;&lt;a class=&quot;external&quot; href=&quot;https://www.deviantart.com/users/outgoing?https://fb.me/axsens&quot;&gt;FACEBOOK&lt;/a&gt;&amp;nbsp; &amp;nbsp;|&amp;nbsp; &amp;nbsp;&lt;a class=&quot;external&quot; href=&quot;https://www.deviantart.com/users/outgoing?https://twitter.com/axsensart&quot;&gt;TWITTER&lt;/a&gt;&amp;nbsp; &amp;nbsp;|&amp;nbsp;&amp;nbsp;&amp;nbsp; &lt;a class=&quot;external&quot; href=&quot;https://www.deviantart.com/users/outgoing?https://artstation.com/artist/axsens&quot;&gt;ARTSTATION&lt;/a&gt;&amp;nbsp; &amp;nbsp;|&amp;nbsp; &amp;nbsp;&lt;a class=&quot;external&quot; href=&quot;https://www.deviantart.com/users/outgoing?https://youtube.com/user/AxsenArt&quot;&gt;YOUTUBE&lt;/a&gt; &lt;/b&gt;&lt;hr/&gt;&amp;nbsp;&amp;nbsp;&lt;br /&gt;I still continue this art series xD I&#039;d like to see the new film soon, and you? *_*&amp;nbsp;&lt;br /&gt;&lt;br /&gt;&lt;span&gt;&lt;div&gt;&lt;/div&gt;&lt;/span&gt;&lt;span&gt;&lt;span&gt;&lt;div&gt;&lt;div&gt;&lt;div&gt;&lt;br /&gt;&lt;/div&gt;&lt;/div&gt;&lt;/div&gt;&lt;/span&gt;&lt;/span&gt;&lt;h3&gt;&lt;b&gt;&amp;nbsp;&lt;a href=&quot;https://www.deviantart.com/rnorals/art/little-strawberry-emoji-657452379&quot; class=&quot;emoticon&quot; data-embed-type=&quot;emoticon&quot; data-embed-id=&quot;657452379&quot; data-embed-profile=&quot;deviation&quot;&gt;&lt;img src=&quot;https://orig00.deviantart.net/7c4d/f/2017/014/6/b/little_strawberry_emoji_by_rnorals-davfhi3.gif&quot; alt=&quot;little strawberry emoji&quot; style=&quot;width:20px;height:20px&quot;&gt;&lt;/a&gt;&amp;nbsp;&lt;a class=&quot;external&quot; href=&quot;https://www.deviantart.com/users/outgoing?https://www.patreon.com/posts/24242212&quot;&gt;Included rewards&lt;/a&gt;&lt;/b&gt;&lt;a href=&quot;https://www.deviantart.com/rnorals/art/little-strawberry-emoji-657452379&quot; class=&quot;emoticon&quot; data-embed-type=&quot;emoticon&quot; data-embed-id=&quot;657452379&quot; data-embed-profile=&quot;deviation&quot;&gt;&lt;img src=&quot;https://orig00.deviantart.net/7c4d/f/2017/014/6/b/little_strawberry_emoji_by_rnorals-davfhi3.gif&quot; alt=&quot;little strawberry emoji&quot; style=&quot;width:20px;height:20px&quot;&gt;&lt;/a&gt;&amp;nbsp;&amp;nbsp;&lt;/h3&gt;&lt;br /&gt;&lt;b&gt;&lt;a href=&quot;https://www.deviantart.com/profiledecor/art/F2U-Flower-Bullet-Dark-761720151&quot; class=&quot;emoticon&quot; data-embed-type=&quot;emoticon&quot; data-embed-id=&quot;761720151&quot; data-embed-profile=&quot;deviation&quot;&gt;&lt;img src=&quot;https://images-wixmp-ed30a86b8c4ca887773594c2.wixmp.com/intermediary/f/25425fb2-bc94-4349-8d8a-6eabb4d6ccd2/dclib13-4e422936-aac3-43c0-9f36-939a8c9501a5.png&quot; alt=&quot;F2U | Flower Bullet Dark&quot; style=&quot;width:11px;height:11px&quot;&gt;&lt;/a&gt;&amp;nbsp;Un&amp;#1089;&amp;#1077;nsored&amp;nbsp; + Underwear&amp;nbsp; &amp;nbsp;&lt;br /&gt;&lt;a href=&quot;https://www.deviantart.com/profiledecor/art/F2U-Flower-Bullet-Dark-761720151&quot; class=&quot;emoticon&quot; data-embed-type=&quot;emoticon&quot; data-embed-id=&quot;761720151&quot; data-embed-profile=&quot;deviation&quot;&gt;&lt;img src=&quot;https://images-wixmp-ed30a86b8c4ca887773594c2.wixmp.com/intermediary/f/25425fb2-bc94-4349-8d8a-6eabb4d6ccd2/dclib13-4e422936-aac3-43c0-9f36-939a8c9501a5.png&quot; alt=&quot;F2U | Flower Bullet Dark&quot; style=&quot;width:11px;height:11px&quot;&gt;&lt;/a&gt;&amp;nbsp;5k High-Res + Extras versions&lt;br /&gt;&lt;a href=&quot;https://www.deviantart.com/profiledecor/art/F2U-Flower-Bullet-Dark-761720151&quot; class=&quot;emoticon&quot; data-embed-type=&quot;emoticon&quot; data-embed-id=&quot;761720151&quot; data-embed-profile=&quot;deviation&quot;&gt;&lt;img src=&quot;https://images-wixmp-ed30a86b8c4ca887773594c2.wixmp.com/intermediary/f/25425fb2-bc94-4349-8d8a-6eabb4d6ccd2/dclib13-4e422936-aac3-43c0-9f36-939a8c9501a5.png&quot; alt=&quot;F2U | Flower Bullet Dark&quot; style=&quot;width:11px;height:11px&quot;&gt;&lt;/a&gt;&amp;nbsp;Process Steps + PSD&amp;nbsp;&lt;br /&gt;&lt;a href=&quot;https://www.deviantart.com/profiledecor/art/F2U-Flower-Bullet-Dark-761720151&quot; class=&quot;emoticon&quot; data-embed-type=&quot;emoticon&quot; data-embed-id=&quot;761720151&quot; data-embed-profile=&quot;deviation&quot;&gt;&lt;img src=&quot;https://images-wixmp-ed30a86b8c4ca887773594c2.wixmp.com/intermediary/f/25425fb2-bc94-4349-8d8a-6eabb4d6ccd2/dclib13-4e422936-aac3-43c0-9f36-939a8c9501a5.png&quot; alt=&quot;F2U | Flower Bullet Dark&quot; style=&quot;width:11px;height:11px&quot;&gt;&lt;/a&gt;&amp;nbsp;Video Process&amp;nbsp;&lt;/b&gt;&lt;br /&gt;of this piece and many&amp;nbsp;others available through my &lt;b&gt;&lt;a href=&quot;https://www.deviantart.com/linux-rules/art/Patreon-2017-round-Icon-ultramini-687000966&quot; class=&quot;emoticon&quot; data-embed-type=&quot;emoticon&quot; data-embed-id=&quot;687000966&quot; data-embed-profile=&quot;deviation&quot;&gt;&lt;img src=&quot;https://images-wixmp-ed30a86b8c4ca887773594c2.wixmp.com/intermediary/f/25e46574-05d5-4425-916d-e5292bb066ac/dbd0tc6-4d492c2c-904e-49ce-9c1a-82905f0f5bd2.png&quot; alt=&quot;Patreon (2017, round) Icon ultramini&quot; style=&quot;width:16px;height:16px&quot;&gt;&lt;/a&gt;&amp;nbsp;&lt;a class=&quot;external&quot; href=&quot;https://www.deviantart.com/users/outgoing?https://www.patreon.com/join/axsens&quot;&gt;patreon&lt;/a&gt;&lt;/b&gt;&lt;br /&gt;&lt;sub&gt;. . . . . . . . . . . . . . . . . . . . . . . . . . . . . . . . . . . . . . . . . . . . . . . . . . .&amp;nbsp;. . .&amp;nbsp;. . .&lt;/sub&gt;&lt;br /&gt;&lt;span class=&quot;shadow-holder&quot; data-embed-type=&quot;deviation&quot; data-embed-id=&quot;777763814&quot; data-embed-format=&quot;thumb&quot;&gt;&lt;span class=&quot;shadow mild&quot; &gt;&lt;a class=&quot;thumb&quot; href=&quot;https://www.deviantart.com/axsens/art/K-DA-Akali-V2-777763814&quot; title=&quot;K/DA Akali . V2 by Axsens, Dec 22, 2018 in Digital Art &amp;gt; Mixed Media &amp;gt; Surreal&quot;data-super-img=&quot;https://images-wixmp-ed30a86b8c4ca887773594c2.wixmp.com/intermediary/f/d3456178-ab60-492f-bcdf-00f062f9ade3/dcv26ee-f5f5c885-50bc-4e0b-afff-effcc7607764.jpg/v1/fill/w_600,h_850,q_70,strp/k_da_akali___v2_by_axsens_dcv26ee-fullview.jpg&quot; data-super-width=&quot;600&quot; data-super-height=&quot;850&quot; data-super-transparent=&quot;false&quot; data-super-alt=&quot;K/DA Akali . V2 by Axsens&quot; data-super-full-img=&quot;https://images-wixmp-ed30a86b8c4ca887773594c2.wixmp.com/intermediary/f/d3456178-ab60-492f-bcdf-00f062f9ade3/dcv26ee-f5f5c885-50bc-4e0b-afff-effcc7607764.jpg/v1/fill/w_600,h_850,q_70,strp/k_da_akali___v2_by_axsens_dcv26ee-fullview.jpg&quot; data-super-full-width=&quot;600&quot; data-super-full-height=&quot;850&quot;        data-sigil=&quot;thumb&quot;&gt;
        &lt;i&gt;&lt;/i&gt;&lt;img   width=&quot;106&quot; height=&quot;150&quot; alt=&quot;K/DA Akali . V2 by Axsens&quot; src=&quot;https://images-wixmp-ed30a86b8c4ca887773594c2.wixmp.com/intermediary/f/d3456178-ab60-492f-bcdf-00f062f9ade3/dcv26ee-f5f5c885-50bc-4e0b-afff-effcc7607764.jpg/v1/fit/w_150,h_150,q_70,strp/k_da_akali___v2_by_axsens_dcv26ee-150.jpg&quot; data-src=&quot;https://images-wixmp-ed30a86b8c4ca887773594c2.wixmp.com/intermediary/f/d3456178-ab60-492f-bcdf-00f062f9ade3/dcv26ee-f5f5c885-50bc-4e0b-afff-effcc7607764.jpg/v1/fit/w_150,h_150,q_70,strp/k_da_akali___v2_by_axsens_dcv26ee-150.jpg&quot; srcset=&quot;https://images-wixmp-ed30a86b8c4ca887773594c2.wixmp.com/intermediary/f/d3456178-ab60-492f-bcdf-00f062f9ade3/dcv26ee-f5f5c885-50bc-4e0b-afff-effcc7607764.jpg/v1/fit/w_150,h_150,q_70,strp/k_da_akali___v2_by_axsens_dcv26ee-150.jpg 106w,https://images-wixmp-ed30a86b8c4ca887773594c2.wixmp.com/intermediary/f/d3456178-ab60-492f-bcdf-00f062f9ade3/dcv26ee-f5f5c885-50bc-4e0b-afff-effcc7607764.jpg/v1/fill/w_177,h_250,q_70,strp/k_da_akali___v2_by_axsens_dcv26ee-250t.jpg 176w,https://images-wixmp-ed30a86b8c4ca887773594c2.wixmp.com/intermediary/f/d3456178-ab60-492f-bcdf-00f062f9ade3/dcv26ee-f5f5c885-50bc-4e0b-afff-effcc7607764.jpg/v1/fill/w_247,h_350,q_70,strp/k_da_akali___v2_by_axsens_dcv26ee-350t.jpg 247w,https://images-wixmp-ed30a86b8c4ca887773594c2.wixmp.com/intermediary/f/d3456178-ab60-492f-bcdf-00f062f9ade3/dcv26ee-f5f5c885-50bc-4e0b-afff-effcc7607764.jpg/v1/fill/w_283,h_400,q_70,strp/k_da_akali___v2_by_axsens_dcv26ee-400t.jpg 282w,https://images-wixmp-ed30a86b8c4ca887773594c2.wixmp.com/intermediary/f/d3456178-ab60-492f-bcdf-00f062f9ade3/dcv26ee-f5f5c885-50bc-4e0b-afff-effcc7607764.jpg/v1/fill/w_600,h_850,q_70,strp/k_da_akali___v2_by_axsens_dcv26ee-fullview.jpg 600w&quot; sizes=&quot;106px&quot;&gt;&lt;/a&gt;&lt;/span&gt;&lt;!-- ^TTT --&gt;&lt;!-- TTT$ --&gt;&lt;/span&gt;&lt;span class=&quot;shadow-holder&quot; data-embed-type=&quot;deviation&quot; data-embed-id=&quot;776955410&quot; data-embed-format=&quot;thumb&quot;&gt;&lt;span class=&quot;shadow mild&quot; &gt;&lt;a class=&quot;thumb&quot; href=&quot;https://www.deviantart.com/axsens/art/Sugar-Plum-Fairy-Mercy-776955410&quot; title=&quot;Sugar Plum Fairy Mercy by Axsens, Dec 16, 2018 in Fan Art &amp;gt; Wallpaper &amp;gt; Games&quot;data-super-img=&quot;https://images-wixmp-ed30a86b8c4ca887773594c2.wixmp.com/intermediary/f/d3456178-ab60-492f-bcdf-00f062f9ade3/dcukumq-1fa953ce-7cc2-4b3d-acd6-2160b13abdf8.jpg/v1/fill/w_600,h_850,q_70,strp/sugar_plum_fairy_mercy_by_axsens_dcukumq-fullview.jpg&quot; data-super-width=&quot;600&quot; data-super-height=&quot;850&quot; data-super-transparent=&quot;false&quot; data-super-alt=&quot;Sugar Plum Fairy Mercy by Axsens&quot; data-super-full-img=&quot;https://images-wixmp-ed30a86b8c4ca887773594c2.wixmp.com/intermediary/f/d3456178-ab60-492f-bcdf-00f062f9ade3/dcukumq-1fa953ce-7cc2-4b3d-acd6-2160b13abdf8.jpg/v1/fill/w_600,h_850,q_70,strp/sugar_plum_fairy_mercy_by_axsens_dcukumq-fullview.jpg&quot; data-super-full-width=&quot;600&quot; data-super-full-height=&quot;850&quot;        data-sigil=&quot;thumb&quot;&gt;
        &lt;i&gt;&lt;/i&gt;&lt;img   width=&quot;106&quot; height=&quot;150&quot; alt=&quot;Sugar Plum Fairy Mercy by Axsens&quot; src=&quot;https://images-wixmp-ed30a86b8c4ca887773594c2.wixmp.com/intermediary/f/d3456178-ab60-492f-bcdf-00f062f9ade3/dcukumq-1fa953ce-7cc2-4b3d-acd6-2160b13abdf8.jpg/v1/fit/w_150,h_150,q_70,strp/sugar_plum_fairy_mercy_by_axsens_dcukumq-150.jpg&quot; data-src=&quot;https://images-wixmp-ed30a86b8c4ca887773594c2.wixmp.com/intermediary/f/d3456178-ab60-492f-bcdf-00f062f9ade3/dcukumq-1fa953ce-7cc2-4b3d-acd6-2160b13abdf8.jpg/v1/fit/w_150,h_150,q_70,strp/sugar_plum_fairy_mercy_by_axsens_dcukumq-150.jpg&quot; srcset=&quot;https://images-wixmp-ed30a86b8c4ca887773594c2.wixmp.com/intermediary/f/d3456178-ab60-492f-bcdf-00f062f9ade3/dcukumq-1fa953ce-7cc2-4b3d-acd6-2160b13abdf8.jpg/v1/fit/w_150,h_150,q_70,strp/sugar_plum_fairy_mercy_by_axsens_dcukumq-150.jpg 106w,https://images-wixmp-ed30a86b8c4ca887773594c2.wixmp.com/intermediary/f/d3456178-ab60-492f-bcdf-00f062f9ade3/dcukumq-1fa953ce-7cc2-4b3d-acd6-2160b13abdf8.jpg/v1/fill/w_177,h_250,q_70,strp/sugar_plum_fairy_mercy_by_axsens_dcukumq-250t.jpg 176w,https://images-wixmp-ed30a86b8c4ca887773594c2.wixmp.com/intermediary/f/d3456178-ab60-492f-bcdf-00f062f9ade3/dcukumq-1fa953ce-7cc2-4b3d-acd6-2160b13abdf8.jpg/v1/fill/w_247,h_350,q_70,strp/sugar_plum_fairy_mercy_by_axsens_dcukumq-350t.jpg 247w,https://images-wixmp-ed30a86b8c4ca887773594c2.wixmp.com/intermediary/f/d3456178-ab60-492f-bcdf-00f062f9ade3/dcukumq-1fa953ce-7cc2-4b3d-acd6-2160b13abdf8.jpg/v1/fill/w_283,h_400,q_70,strp/sugar_plum_fairy_mercy_by_axsens_dcukumq-400t.jpg 282w,https://images-wixmp-ed30a86b8c4ca887773594c2.wixmp.com/intermediary/f/d3456178-ab60-492f-bcdf-00f062f9ade3/dcukumq-1fa953ce-7cc2-4b3d-acd6-2160b13abdf8.jpg/v1/fill/w_600,h_850,q_70,strp/sugar_plum_fairy_mercy_by_axsens_dcukumq-fullview.jpg 600w&quot; sizes=&quot;106px&quot;&gt;&lt;/a&gt;&lt;/span&gt;&lt;!-- ^TTT --&gt;&lt;!-- TTT$ --&gt;&lt;/span&gt;&lt;span class=&quot;shadow-holder&quot; data-embed-type=&quot;deviation&quot; data-embed-id=&quot;753702911&quot; data-embed-format=&quot;thumb&quot;&gt;&lt;span class=&quot;shadow mild&quot; &gt;&lt;a class=&quot;thumb&quot; href=&quot;https://www.deviantart.com/axsens/art/Fairy-Tales-Cinderella-18-optional-753702911&quot; title=&quot;Fairy Tales: Cinderella .:18+ optional:. by Axsens, Jul 9, 2018 in Fan Art &amp;gt; Digital Art &amp;gt; Drawings &amp;gt; Movies &amp;amp; TV&quot;data-super-img=&quot;https://images-wixmp-ed30a86b8c4ca887773594c2.wixmp.com/intermediary/f/d3456178-ab60-492f-bcdf-00f062f9ade3/dcgqgvz-af44b5d4-fbe3-4c15-a9b6-c00fcc8c31f0.jpg/v1/fill/w_600,h_850,q_70,strp/fairy_tales__cinderella___18__optional___by_axsens_dcgqgvz-fullview.jpg&quot; data-super-width=&quot;600&quot; data-super-height=&quot;850&quot; data-super-transparent=&quot;false&quot; data-super-alt=&quot;Fairy Tales: Cinderella .:18+ optional:. by Axsens&quot; data-super-full-img=&quot;https://images-wixmp-ed30a86b8c4ca887773594c2.wixmp.com/intermediary/f/d3456178-ab60-492f-bcdf-00f062f9ade3/dcgqgvz-af44b5d4-fbe3-4c15-a9b6-c00fcc8c31f0.jpg/v1/fill/w_600,h_850,q_70,strp/fairy_tales__cinderella___18__optional___by_axsens_dcgqgvz-fullview.jpg&quot; data-super-full-width=&quot;600&quot; data-super-full-height=&quot;850&quot;        data-sigil=&quot;thumb&quot;&gt;
        &lt;i&gt;&lt;/i&gt;&lt;img   width=&quot;106&quot; height=&quot;150&quot; alt=&quot;Fairy Tales: Cinderella .:18+ optional:. by Axsens&quot; src=&quot;https://images-wixmp-ed30a86b8c4ca887773594c2.wixmp.com/intermediary/f/d3456178-ab60-492f-bcdf-00f062f9ade3/dcgqgvz-af44b5d4-fbe3-4c15-a9b6-c00fcc8c31f0.jpg/v1/fit/w_150,h_150,q_70,strp/fairy_tales__cinderella___18__optional___by_axsens_dcgqgvz-150.jpg&quot; data-src=&quot;https://images-wixmp-ed30a86b8c4ca887773594c2.wixmp.com/intermediary/f/d3456178-ab60-492f-bcdf-00f062f9ade3/dcgqgvz-af44b5d4-fbe3-4c15-a9b6-c00fcc8c31f0.jpg/v1/fit/w_150,h_150,q_70,strp/fairy_tales__cinderella___18__optional___by_axsens_dcgqgvz-150.jpg&quot; srcset=&quot;https://images-wixmp-ed30a86b8c4ca887773594c2.wixmp.com/intermediary/f/d3456178-ab60-492f-bcdf-00f062f9ade3/dcgqgvz-af44b5d4-fbe3-4c15-a9b6-c00fcc8c31f0.jpg/v1/fit/w_150,h_150,q_70,strp/fairy_tales__cinderella___18__optional___by_axsens_dcgqgvz-150.jpg 106w,https://images-wixmp-ed30a86b8c4ca887773594c2.wixmp.com/intermediary/f/d3456178-ab60-492f-bcdf-00f062f9ade3/dcgqgvz-af44b5d4-fbe3-4c15-a9b6-c00fcc8c31f0.jpg/v1/fill/w_177,h_250,q_70,strp/fairy_tales__cinderella___18__optional___by_axsens_dcgqgvz-250t.jpg 176w,https://images-wixmp-ed30a86b8c4ca887773594c2.wixmp.com/intermediary/f/d3456178-ab60-492f-bcdf-00f062f9ade3/dcgqgvz-af44b5d4-fbe3-4c15-a9b6-c00fcc8c31f0.jpg/v1/fill/w_247,h_350,q_70,strp/fairy_tales__cinderella___18__optional___by_axsens_dcgqgvz-350t.jpg 247w,https://images-wixmp-ed30a86b8c4ca887773594c2.wixmp.com/intermediary/f/d3456178-ab60-492f-bcdf-00f062f9ade3/dcgqgvz-af44b5d4-fbe3-4c15-a9b6-c00fcc8c31f0.jpg/v1/fill/w_283,h_400,q_70,strp/fairy_tales__cinderella___18__optional___by_axsens_dcgqgvz-400t.jpg 282w,https://images-wixmp-ed30a86b8c4ca887773594c2.wixmp.com/intermediary/f/d3456178-ab60-492f-bcdf-00f062f9ade3/dcgqgvz-af44b5d4-fbe3-4c15-a9b6-c00fcc8c31f0.jpg/v1/fill/w_600,h_850,q_70,strp/fairy_tales__cinderella___18__optional___by_axsens_dcgqgvz-fullview.jpg 600w&quot; sizes=&quot;106px&quot;&gt;&lt;/a&gt;&lt;/span&gt;&lt;!-- ^TTT --&gt;&lt;!-- TTT$ --&gt;&lt;/span&gt;&lt;span class=&quot;shadow-holder&quot; data-embed-type=&quot;deviation&quot; data-embed-id=&quot;780416691&quot; data-embed-format=&quot;thumb&quot;&gt;&lt;span class=&quot;shadow mild&quot; &gt;&lt;a class=&quot;thumb&quot; href=&quot;https://www.deviantart.com/axsens/art/NiCO-780416691&quot; title=&quot;NiCO by Axsens, Jan 9, 2019 in Digital Art &amp;gt; Mixed Media &amp;gt; Sci-Fi&quot;data-super-img=&quot;https://images-wixmp-ed30a86b8c4ca887773594c2.wixmp.com/intermediary/f/d3456178-ab60-492f-bcdf-00f062f9ade3/dcwn1df-9d6b8817-ca3f-46d6-b01c-2045a0dade37.jpg/v1/fill/w_600,h_850,q_70,strp/nico_by_axsens_dcwn1df-fullview.jpg&quot; data-super-width=&quot;600&quot; data-super-height=&quot;850&quot; data-super-transparent=&quot;false&quot; data-super-alt=&quot;NiCO by Axsens&quot; data-super-full-img=&quot;https://images-wixmp-ed30a86b8c4ca887773594c2.wixmp.com/intermediary/f/d3456178-ab60-492f-bcdf-00f062f9ade3/dcwn1df-9d6b8817-ca3f-46d6-b01c-2045a0dade37.jpg/v1/fill/w_600,h_850,q_70,strp/nico_by_axsens_dcwn1df-fullview.jpg&quot; data-super-full-width=&quot;600&quot; data-super-full-height=&quot;850&quot;        data-sigil=&quot;thumb&quot;&gt;
        &lt;i&gt;&lt;/i&gt;&lt;img   width=&quot;106&quot; height=&quot;150&quot; alt=&quot;NiCO by Axsens&quot; src=&quot;https://images-wixmp-ed30a86b8c4ca887773594c2.wixmp.com/intermediary/f/d3456178-ab60-492f-bcdf-00f062f9ade3/dcwn1df-9d6b8817-ca3f-46d6-b01c-2045a0dade37.jpg/v1/fit/w_150,h_150,q_70,strp/nico_by_axsens_dcwn1df-150.jpg&quot; data-src=&quot;https://images-wixmp-ed30a86b8c4ca887773594c2.wixmp.com/intermediary/f/d3456178-ab60-492f-bcdf-00f062f9ade3/dcwn1df-9d6b8817-ca3f-46d6-b01c-2045a0dade37.jpg/v1/fit/w_150,h_150,q_70,strp/nico_by_axsens_dcwn1df-150.jpg&quot; srcset=&quot;https://images-wixmp-ed30a86b8c4ca887773594c2.wixmp.com/intermediary/f/d3456178-ab60-492f-bcdf-00f062f9ade3/dcwn1df-9d6b8817-ca3f-46d6-b01c-2045a0dade37.jpg/v1/fit/w_150,h_150,q_70,strp/nico_by_axsens_dcwn1df-150.jpg 106w,https://images-wixmp-ed30a86b8c4ca887773594c2.wixmp.com/intermediary/f/d3456178-ab60-492f-bcdf-00f062f9ade3/dcwn1df-9d6b8817-ca3f-46d6-b01c-2045a0dade37.jpg/v1/fill/w_177,h_250,q_70,strp/nico_by_axsens_dcwn1df-250t.jpg 176w,https://images-wixmp-ed30a86b8c4ca887773594c2.wixmp.com/intermediary/f/d3456178-ab60-492f-bcdf-00f062f9ade3/dcwn1df-9d6b8817-ca3f-46d6-b01c-2045a0dade37.jpg/v1/fill/w_247,h_350,q_70,strp/nico_by_axsens_dcwn1df-350t.jpg 247w,https://images-wixmp-ed30a86b8c4ca887773594c2.wixmp.com/intermediary/f/d3456178-ab60-492f-bcdf-00f062f9ade3/dcwn1df-9d6b8817-ca3f-46d6-b01c-2045a0dade37.jpg/v1/fill/w_283,h_400,q_70,strp/nico_by_axsens_dcwn1df-400t.jpg 282w,https://images-wixmp-ed30a86b8c4ca887773594c2.wixmp.com/intermediary/f/d3456178-ab60-492f-bcdf-00f062f9ade3/dcwn1df-9d6b8817-ca3f-46d6-b01c-2045a0dade37.jpg/v1/fill/w_600,h_850,q_70,strp/nico_by_axsens_dcwn1df-fullview.jpg 600w&quot; sizes=&quot;106px&quot;&gt;&lt;/a&gt;&lt;/span&gt;&lt;!-- ^TTT --&gt;&lt;!-- TTT$ --&gt;&lt;/span&gt;&lt;span class=&quot;shadow-holder&quot; data-embed-type=&quot;deviation&quot; data-embed-id=&quot;781408713&quot; data-embed-format=&quot;thumb&quot;&gt;&lt;span class=&quot;shadow mild&quot; &gt;&lt;a class=&quot;thumb&quot; href=&quot;https://www.deviantart.com/axsens/art/K-DA-Evelynn-781408713&quot; title=&quot;K/DA Evelynn by Axsens, Jan 16, 2019 in Digital Art &amp;gt; Mixed Media &amp;gt; Fantasy&quot;data-super-img=&quot;https://images-wixmp-ed30a86b8c4ca887773594c2.wixmp.com/intermediary/f/d3456178-ab60-492f-bcdf-00f062f9ade3/dcx8atl-972dc02e-3180-4047-bba6-90b73fafc9e3.jpg/v1/fill/w_600,h_850,q_70,strp/k_da_evelynn_by_axsens_dcx8atl-fullview.jpg&quot; data-super-width=&quot;600&quot; data-super-height=&quot;850&quot; data-super-transparent=&quot;false&quot; data-super-alt=&quot;K/DA Evelynn by Axsens&quot; data-super-full-img=&quot;https://images-wixmp-ed30a86b8c4ca887773594c2.wixmp.com/intermediary/f/d3456178-ab60-492f-bcdf-00f062f9ade3/dcx8atl-972dc02e-3180-4047-bba6-90b73fafc9e3.jpg/v1/fill/w_600,h_850,q_70,strp/k_da_evelynn_by_axsens_dcx8atl-fullview.jpg&quot; data-super-full-width=&quot;600&quot; data-super-full-height=&quot;850&quot;        data-sigil=&quot;thumb&quot;&gt;
        &lt;i&gt;&lt;/i&gt;&lt;img   width=&quot;106&quot; height=&quot;150&quot; alt=&quot;K/DA Evelynn by Axsens&quot; src=&quot;https://images-wixmp-ed30a86b8c4ca887773594c2.wixmp.com/intermediary/f/d3456178-ab60-492f-bcdf-00f062f9ade3/dcx8atl-972dc02e-3180-4047-bba6-90b73fafc9e3.jpg/v1/fit/w_150,h_150,q_70,strp/k_da_evelynn_by_axsens_dcx8atl-150.jpg&quot; data-src=&quot;https://images-wixmp-ed30a86b8c4ca887773594c2.wixmp.com/intermediary/f/d3456178-ab60-492f-bcdf-00f062f9ade3/dcx8atl-972dc02e-3180-4047-bba6-90b73fafc9e3.jpg/v1/fit/w_150,h_150,q_70,strp/k_da_evelynn_by_axsens_dcx8atl-150.jpg&quot; srcset=&quot;https://images-wixmp-ed30a86b8c4ca887773594c2.wixmp.com/intermediary/f/d3456178-ab60-492f-bcdf-00f062f9ade3/dcx8atl-972dc02e-3180-4047-bba6-90b73fafc9e3.jpg/v1/fit/w_150,h_150,q_70,strp/k_da_evelynn_by_axsens_dcx8atl-150.jpg 106w,https://images-wixmp-ed30a86b8c4ca887773594c2.wixmp.com/intermediary/f/d3456178-ab60-492f-bcdf-00f062f9ade3/dcx8atl-972dc02e-3180-4047-bba6-90b73fafc9e3.jpg/v1/fill/w_177,h_250,q_70,strp/k_da_evelynn_by_axsens_dcx8atl-250t.jpg 176w,https://images-wixmp-ed30a86b8c4ca887773594c2.wixmp.com/intermediary/f/d3456178-ab60-492f-bcdf-00f062f9ade3/dcx8atl-972dc02e-3180-4047-bba6-90b73fafc9e3.jpg/v1/fill/w_247,h_350,q_70,strp/k_da_evelynn_by_axsens_dcx8atl-350t.jpg 247w,https://images-wixmp-ed30a86b8c4ca887773594c2.wixmp.com/intermediary/f/d3456178-ab60-492f-bcdf-00f062f9ade3/dcx8atl-972dc02e-3180-4047-bba6-90b73fafc9e3.jpg/v1/fill/w_283,h_400,q_70,strp/k_da_evelynn_by_axsens_dcx8atl-400t.jpg 282w,https://images-wixmp-ed30a86b8c4ca887773594c2.wixmp.com/intermediary/f/d3456178-ab60-492f-bcdf-00f062f9ade3/dcx8atl-972dc02e-3180-4047-bba6-90b73fafc9e3.jpg/v1/fill/w_600,h_850,q_70,strp/k_da_evelynn_by_axsens_dcx8atl-fullview.jpg 600w&quot; sizes=&quot;106px&quot;&gt;&lt;/a&gt;&lt;/span&gt;&lt;!-- ^TTT --&gt;&lt;!-- TTT$ --&gt;&lt;/span&gt;&lt;span class=&quot;shadow-holder&quot; data-embed-type=&quot;deviation&quot; data-embed-id=&quot;778187324&quot; data-embed-format=&quot;thumb&quot;&gt;&lt;span class=&quot;shadow mild&quot; &gt;&lt;a class=&quot;thumb&quot; href=&quot;https://www.deviantart.com/axsens/art/Winter-Asuna-v2-778187324&quot; title=&quot;Winter Asuna . v2 by Axsens, Dec 25, 2018 in Fan Art &amp;gt; Manga &amp;amp; Anime &amp;gt; Digital &amp;gt; Books &amp;amp; Novels&quot;data-super-img=&quot;https://images-wixmp-ed30a86b8c4ca887773594c2.wixmp.com/intermediary/f/d3456178-ab60-492f-bcdf-00f062f9ade3/dcvb96k-662e4cd0-2e27-4688-a50d-b00717df7f45.jpg/v1/fill/w_600,h_850,q_70,strp/winter_asuna___v2_by_axsens_dcvb96k-fullview.jpg&quot; data-super-width=&quot;600&quot; data-super-height=&quot;850&quot; data-super-transparent=&quot;false&quot; data-super-alt=&quot;Winter Asuna . v2 by Axsens&quot; data-super-full-img=&quot;https://images-wixmp-ed30a86b8c4ca887773594c2.wixmp.com/intermediary/f/d3456178-ab60-492f-bcdf-00f062f9ade3/dcvb96k-662e4cd0-2e27-4688-a50d-b00717df7f45.jpg/v1/fill/w_600,h_850,q_70,strp/winter_asuna___v2_by_axsens_dcvb96k-fullview.jpg&quot; data-super-full-width=&quot;600&quot; data-super-full-height=&quot;850&quot;        data-sigil=&quot;thumb&quot;&gt;
        &lt;i&gt;&lt;/i&gt;&lt;img   width=&quot;106&quot; height=&quot;150&quot; alt=&quot;Winter Asuna . v2 by Axsens&quot; src=&quot;https://images-wixmp-ed30a86b8c4ca887773594c2.wixmp.com/intermediary/f/d3456178-ab60-492f-bcdf-00f062f9ade3/dcvb96k-662e4cd0-2e27-4688-a50d-b00717df7f45.jpg/v1/fit/w_150,h_150,q_70,strp/winter_asuna___v2_by_axsens_dcvb96k-150.jpg&quot; data-src=&quot;https://images-wixmp-ed30a86b8c4ca887773594c2.wixmp.com/intermediary/f/d3456178-ab60-492f-bcdf-00f062f9ade3/dcvb96k-662e4cd0-2e27-4688-a50d-b00717df7f45.jpg/v1/fit/w_150,h_150,q_70,strp/winter_asuna___v2_by_axsens_dcvb96k-150.jpg&quot; srcset=&quot;https://images-wixmp-ed30a86b8c4ca887773594c2.wixmp.com/intermediary/f/d3456178-ab60-492f-bcdf-00f062f9ade3/dcvb96k-662e4cd0-2e27-4688-a50d-b00717df7f45.jpg/v1/fit/w_150,h_150,q_70,strp/winter_asuna___v2_by_axsens_dcvb96k-150.jpg 106w,https://images-wixmp-ed30a86b8c4ca887773594c2.wixmp.com/intermediary/f/d3456178-ab60-492f-bcdf-00f062f9ade3/dcvb96k-662e4cd0-2e27-4688-a50d-b00717df7f45.jpg/v1/fill/w_177,h_250,q_70,strp/winter_asuna___v2_by_axsens_dcvb96k-250t.jpg 176w,https://images-wixmp-ed30a86b8c4ca887773594c2.wixmp.com/intermediary/f/d3456178-ab60-492f-bcdf-00f062f9ade3/dcvb96k-662e4cd0-2e27-4688-a50d-b00717df7f45.jpg/v1/fill/w_247,h_350,q_70,strp/winter_asuna___v2_by_axsens_dcvb96k-350t.jpg 247w,https://images-wixmp-ed30a86b8c4ca887773594c2.wixmp.com/intermediary/f/d3456178-ab60-492f-bcdf-00f062f9ade3/dcvb96k-662e4cd0-2e27-4688-a50d-b00717df7f45.jpg/v1/fill/w_283,h_400,q_70,strp/winter_asuna___v2_by_axsens_dcvb96k-400t.jpg 282w,https://images-wixmp-ed30a86b8c4ca887773594c2.wixmp.com/intermediary/f/d3456178-ab60-492f-bcdf-00f062f9ade3/dcvb96k-662e4cd0-2e27-4688-a50d-b00717df7f45.jpg/v1/fill/w_600,h_850,q_70,strp/winter_asuna___v2_by_axsens_dcvb96k-fullview.jpg 600w&quot; sizes=&quot;106px&quot;&gt;&lt;/a&gt;&lt;/span&gt;&lt;!-- ^TTT --&gt;&lt;!-- TTT$ --&gt;&lt;/span&gt;&lt;br /&gt;&amp;nbsp;&lt;a href=&quot;https://www.deviantart.com/chipi-chiu/art/Bunny-love-love-433665306&quot; class=&quot;emoticon&quot; data-embed-type=&quot;emoticon&quot; data-embed-id=&quot;433665306&quot; data-embed-profile=&quot;deviation&quot;&gt;&lt;img src=&quot;https://orig00.deviantart.net/ca1b/f/2014/043/8/5/tumblr_inline_n0vryskpqw1rxsw83_by_chipi_chiu-d766yai.gif&quot; alt=&quot;.:Bunny love love:.&quot; style=&quot;width:100px;height:20px&quot;&gt;&lt;/a&gt;&amp;nbsp;&lt;b&gt;THANK YOU VERY MUCH FOR THE COMMENTS AND SUPPORT! &lt;/b&gt;&lt;a href=&quot;https://www.deviantart.com/chipi-chiu/art/Bunny-love-love-433665306&quot; class=&quot;emoticon&quot; data-embed-type=&quot;emoticon&quot; data-embed-id=&quot;433665306&quot; data-embed-profile=&quot;deviation&quot;&gt;&lt;img src=&quot;https://orig00.deviantart.net/ca1b/f/2014/043/8/5/tumblr_inline_n0vryskpqw1rxsw83_by_chipi_chiu-d766yai.gif&quot; alt=&quot;.:Bunny love love:.&quot; style=&quot;width:100px;height:20px&quot;&gt;&lt;/a&gt;&amp;nbsp;&lt;br /&gt;&lt;hr/&gt;&amp;nbsp;&lt;br /&gt;&lt;div&gt;&lt;img src=&quot;https://t00.deviantart.net/Jjn6jfz9n-I9i9-38Sw-iKqCycE=/300x200/filters:fixed_height(100,100):origin()/pre00/bc2a/th/pre/i/2019/027/b/d/fairy_tales__arabian_tale_by_axsens-dcy35lm.jpg&quot; alt=&quot;thumbnail&quot; /&gt;&lt;/div&gt;</description>            </item>
                    <item>
                <title>Daily Paint 2258. Prickly Pear</title>
                <link>https://cryptid-creations.deviantart.com/art/Daily-Paint-2258-Prickly-Pear-782899031</link>
                <guid isPermaLink="true">https://cryptid-creations.deviantart.com/art/Daily-Paint-2258-Prickly-Pear-782899031</guid>
                <pubDate>Sat, 26 Jan 2019 20:00:01 PST</pubDate>
                        <media:title type="plain">Daily Paint 2258. Prickly Pear</media:title>
        <media:keywords></media:keywords>
                        <media:rating>nonadult</media:rating>
                <media:category label="Fantasy">digitalart/paintings/fantasy</media:category>
        <media:credit role="author" scheme="urn:ebu">Cryptid-Creations</media:credit>
        <media:credit role="author" scheme="urn:ebu">https://a.deviantart.net/avatars/c/r/cryptid-creations.png?1</media:credit>
        <media:copyright url="https://cryptid-creations.deviantart.com">Copyright 2019 Cryptid-Creations</media:copyright>            <media:description type="html">&lt;b&gt;&lt;/b&gt;&lt;b&gt;&lt;/b&gt;&lt;b&gt;&lt;/b&gt;&lt;b&gt;&lt;/b&gt;&lt;b&gt;&lt;/b&gt;&lt;b&gt;&lt;/b&gt;&lt;b&gt;&lt;/b&gt;&lt;b&gt;&lt;/b&gt;&lt;b&gt;&lt;/b&gt;&lt;b&gt;&lt;/b&gt;&lt;b&gt;&lt;/b&gt;&lt;b&gt;&lt;/b&gt;&lt;b&gt;&lt;/b&gt;&lt;b&gt;&lt;/b&gt;&lt;b&gt;&lt;/b&gt;&lt;b&gt;&lt;/b&gt;&lt;b&gt;&lt;/b&gt;&lt;b&gt;&lt;/b&gt;&lt;b&gt;&lt;/b&gt;&lt;b&gt;&lt;/b&gt;&lt;b&gt;&lt;/b&gt;&lt;b&gt;&lt;/b&gt;&lt;b&gt;&lt;/b&gt;&lt;b&gt;&lt;/b&gt;&lt;b&gt;&lt;/b&gt;&lt;b&gt;&lt;/b&gt;&lt;b&gt;&lt;/b&gt;&lt;b&gt;&lt;/b&gt;&lt;b&gt;&lt;/b&gt;&lt;b&gt;&lt;/b&gt;&lt;b&gt;&lt;/b&gt;&lt;b&gt;&lt;/b&gt;&lt;b&gt;&lt;/b&gt;&lt;b&gt;&lt;/b&gt;&lt;b&gt;&lt;/b&gt;&lt;b&gt;&lt;/b&gt;&lt;b&gt;&lt;/b&gt;&lt;b&gt;&lt;/b&gt;&lt;b&gt;&lt;/b&gt;&lt;b&gt;&lt;/b&gt;&lt;b&gt;&lt;/b&gt;&lt;b&gt;&lt;/b&gt;&lt;b&gt;&lt;/b&gt;&lt;b&gt;&lt;/b&gt;&lt;b&gt;&lt;/b&gt;&lt;b&gt;&lt;/b&gt;&lt;b&gt;&lt;/b&gt;&lt;b&gt;&lt;/b&gt;&lt;b&gt;&lt;/b&gt;&lt;b&gt;&lt;/b&gt;&lt;b&gt;&lt;/b&gt;&lt;b&gt;&lt;/b&gt;&lt;b&gt;&lt;/b&gt;&lt;b&gt;&lt;/b&gt;&lt;b&gt;&lt;/b&gt;&lt;b&gt;&lt;/b&gt;&lt;b&gt;&lt;/b&gt;&lt;b&gt;&lt;/b&gt;&lt;b&gt;&lt;/b&gt;&lt;b&gt;&lt;/b&gt;&lt;b&gt;&lt;/b&gt;&lt;b&gt;&lt;/b&gt;&lt;b&gt;&lt;/b&gt;&lt;b&gt;&lt;/b&gt;&lt;b&gt;&lt;/b&gt;&lt;b&gt;&lt;/b&gt;&lt;b&gt;&lt;/b&gt;&lt;b&gt;&lt;/b&gt;&lt;b&gt;&lt;/b&gt;&lt;b&gt;&lt;/b&gt;&lt;b&gt;&lt;/b&gt;&lt;b&gt;&lt;/b&gt;&lt;b&gt;&lt;/b&gt;&lt;b&gt;&lt;/b&gt;&lt;b&gt;&lt;/b&gt;&lt;b&gt;&lt;/b&gt;&lt;b&gt;&lt;/b&gt;&lt;b&gt;&lt;/b&gt;&lt;b&gt;&lt;/b&gt;&lt;b&gt;&lt;br /&gt;&lt;a class=&quot;external&quot; href=&quot;https://www.deviantart.com/users/outgoing?http://forgepublishing.com/shop/&quot;&gt;ForgePublishing.com/shop&lt;/a&gt;&lt;br /&gt;&lt;br /&gt;&lt;br /&gt;.&lt;img src=&quot;https://e.deviantart.net/emoticons/b/bulletgreen.gif&quot; width=&quot;10&quot; height=&quot;10&quot; alt=&quot;:bulletgreen:&quot; data-embed-type=&quot;emoticon&quot; data-embed-id=&quot;209&quot; title=&quot;Bullet; Green&quot;/&gt; &lt;b&gt;A big thanks to my Patrons for supporting my work! &lt;img src=&quot;https://e.deviantart.net/emoticons/s/smile.gif&quot; width=&quot;15&quot; height=&quot;15&quot; alt=&quot;:)&quot; data-embed-type=&quot;emoticon&quot; data-embed-id=&quot;391&quot; title=&quot;:) (Smile)&quot;/&gt; For time-lapses, WIP&#039;s and other goodies ---please check out my Patreon.&lt;/b&gt;&lt;b&gt;&lt;/b&gt;&lt;b&gt;&lt;/b&gt;&lt;b&gt;&lt;/b&gt;&lt;b&gt;&lt;/b&gt;&lt;b&gt;&lt;/b&gt;&lt;b&gt;&lt;/b&gt;&lt;b&gt;&lt;/b&gt;&lt;b&gt;&lt;/b&gt;&lt;b&gt;&lt;/b&gt;&lt;b&gt;&lt;/b&gt;&lt;b&gt;&lt;/b&gt;&lt;b&gt;&lt;/b&gt;&lt;b&gt;&lt;/b&gt;&lt;b&gt;&lt;/b&gt;&lt;b&gt;&lt;/b&gt;&lt;b&gt;&lt;/b&gt;&lt;b&gt;&lt;/b&gt;&lt;b&gt;&lt;/b&gt;&lt;b&gt;&lt;/b&gt;&lt;b&gt;&lt;/b&gt;&lt;b&gt;&lt;/b&gt;&lt;b&gt;&lt;/b&gt;&lt;b&gt;&lt;/b&gt;&lt;b&gt;&lt;/b&gt;&lt;b&gt;&lt;/b&gt;&lt;b&gt;&lt;/b&gt;&lt;b&gt;&lt;/b&gt;&lt;b&gt;&lt;/b&gt;&lt;b&gt;&lt;/b&gt;&lt;b&gt;&lt;/b&gt;&lt;b&gt;&lt;/b&gt;&lt;b&gt;&lt;/b&gt;&lt;b&gt;&lt;/b&gt;&lt;b&gt;&lt;/b&gt;&lt;b&gt;&lt;/b&gt;&lt;b&gt;&lt;/b&gt;&lt;b&gt;&lt;/b&gt;&lt;b&gt;&lt;/b&gt;&lt;b&gt;&lt;/b&gt;&lt;b&gt;&lt;/b&gt;&lt;b&gt;&lt;/b&gt;&lt;b&gt;&lt;/b&gt;&lt;b&gt;&lt;/b&gt;&lt;b&gt;&lt;/b&gt;&lt;b&gt;&lt;/b&gt;&lt;b&gt;&lt;/b&gt;&lt;b&gt;&lt;/b&gt;&lt;b&gt;&lt;/b&gt;&lt;b&gt;&lt;/b&gt;&lt;b&gt;&lt;/b&gt;&lt;b&gt;&lt;/b&gt;&lt;b&gt;&lt;/b&gt;&lt;b&gt;&lt;/b&gt;&lt;b&gt;&lt;/b&gt;&lt;b&gt;&lt;/b&gt;&lt;b&gt;&lt;/b&gt;&lt;b&gt;&lt;/b&gt;&lt;b&gt;&lt;/b&gt;&lt;b&gt;&lt;/b&gt;&lt;b&gt;&lt;/b&gt;&lt;b&gt;&lt;/b&gt;&lt;b&gt;&lt;/b&gt;&lt;b&gt;&lt;/b&gt;&lt;b&gt;&lt;/b&gt;&lt;b&gt;&lt;/b&gt;&lt;b&gt;&lt;/b&gt;&lt;b&gt;&lt;/b&gt;&lt;b&gt;&lt;/b&gt;&lt;b&gt;&lt;/b&gt;&lt;b&gt;&lt;/b&gt;&lt;b&gt;&lt;/b&gt;&lt;b&gt;&lt;/b&gt;&lt;b&gt;&lt;/b&gt;&lt;b&gt;&lt;/b&gt;&lt;b&gt;&lt;/b&gt;&lt;b&gt;&lt;/b&gt;&lt;b&gt;&lt;/b&gt;&lt;b&gt;&lt;/b&gt;&lt;b&gt;&lt;/b&gt;&lt;b&gt;&lt;/b&gt;&lt;b&gt;&lt;/b&gt;&lt;b&gt;&lt;/b&gt;&lt;b&gt;&lt;/b&gt;&lt;b&gt;&lt;/b&gt;&lt;b&gt;&lt;/b&gt;&lt;b&gt;&lt;/b&gt;&lt;b&gt;&lt;/b&gt;&lt;b&gt;&lt;/b&gt;&lt;b&gt;&lt;/b&gt;&lt;b&gt;&lt;/b&gt;&lt;b&gt;&lt;/b&gt;&lt;b&gt;&lt;/b&gt;&lt;b&gt;&lt;/b&gt;&lt;b&gt;&lt;/b&gt;&lt;b&gt;&lt;/b&gt;&lt;b&gt;&lt;/b&gt;&lt;b&gt;&lt;/b&gt;&lt;b&gt;&lt;/b&gt;&lt;b&gt;&lt;/b&gt;&lt;b&gt;&lt;/b&gt;&lt;b&gt;&lt;/b&gt;&lt;b&gt;&lt;/b&gt;&lt;b&gt;&lt;/b&gt;&lt;b&gt;&lt;/b&gt;&lt;b&gt;&lt;/b&gt;&lt;b&gt;&lt;/b&gt;&lt;b&gt;&lt;/b&gt;&lt;b&gt;&lt;/b&gt;&lt;b&gt;&lt;/b&gt;&lt;b&gt;&lt;/b&gt;&lt;b&gt;&lt;/b&gt;&lt;b&gt;&lt;/b&gt;&lt;b&gt;&lt;/b&gt;&lt;b&gt;&lt;/b&gt;&lt;b&gt;&lt;/b&gt;&lt;b&gt;&lt;/b&gt;&lt;b&gt;&lt;/b&gt;&lt;b&gt;&lt;/b&gt;&lt;b&gt;&lt;/b&gt;&lt;b&gt;&lt;/b&gt;&lt;b&gt;&lt;/b&gt;&lt;b&gt;&lt;/b&gt;&lt;b&gt;&lt;/b&gt;&lt;b&gt;&lt;/b&gt;&lt;b&gt;&lt;/b&gt;&lt;b&gt;&lt;/b&gt;&lt;b&gt;&lt;/b&gt;&lt;b&gt;&lt;/b&gt;&lt;b&gt;&lt;/b&gt;&lt;b&gt;&lt;/b&gt;&lt;b&gt;&lt;/b&gt;&lt;b&gt;&lt;/b&gt;&lt;b&gt;&lt;/b&gt;&lt;b&gt;&lt;/b&gt;&lt;b&gt;&lt;/b&gt;&lt;b&gt;&lt;/b&gt;&lt;b&gt;&lt;/b&gt;&lt;b&gt;&lt;/b&gt;&lt;b&gt;&lt;/b&gt;&lt;b&gt;&lt;/b&gt;&lt;b&gt;&lt;/b&gt;&lt;b&gt;&lt;/b&gt;&lt;b&gt;&lt;/b&gt;&lt;b&gt;&lt;/b&gt;&lt;b&gt;&lt;/b&gt;&lt;b&gt;&lt;/b&gt;&lt;b&gt;&lt;/b&gt;&lt;b&gt;&lt;/b&gt;&lt;b&gt;&lt;/b&gt;&lt;b&gt;&lt;/b&gt;&lt;b&gt;&lt;/b&gt;&lt;b&gt;&lt;/b&gt;&lt;b&gt;&lt;/b&gt;&lt;b&gt;&lt;/b&gt;&lt;b&gt;&lt;/b&gt;&lt;b&gt;&lt;/b&gt;&lt;b&gt;&lt;/b&gt;&lt;b&gt;&lt;/b&gt;&lt;b&gt;&lt;/b&gt;&lt;b&gt;&lt;/b&gt;&lt;b&gt;&lt;/b&gt;&lt;b&gt;&lt;/b&gt;&lt;b&gt;&lt;/b&gt;&lt;b&gt;&lt;/b&gt;&lt;b&gt;&lt;/b&gt;&lt;b&gt;&lt;/b&gt;&lt;b&gt;&lt;/b&gt;&lt;b&gt;&lt;/b&gt;&lt;b&gt;&lt;/b&gt;&lt;b&gt;&lt;/b&gt;&lt;b&gt;&lt;/b&gt;&lt;b&gt;&lt;/b&gt;&lt;b&gt;&lt;/b&gt;&lt;b&gt;&lt;/b&gt;&lt;b&gt;&lt;/b&gt;&lt;b&gt;&lt;/b&gt;&lt;b&gt;&lt;/b&gt;&lt;b&gt;&lt;/b&gt;&lt;b&gt;&lt;/b&gt;&lt;b&gt;&lt;/b&gt;&lt;b&gt;&lt;/b&gt;&lt;b&gt;&lt;/b&gt;&lt;b&gt;&lt;/b&gt;&lt;b&gt;&lt;/b&gt;&lt;b&gt;&lt;/b&gt;&lt;b&gt;&lt;/b&gt;&lt;b&gt;&lt;/b&gt;&lt;b&gt;&lt;/b&gt;&lt;b&gt;&lt;/b&gt;&lt;b&gt;&lt;/b&gt;&lt;b&gt;&lt;/b&gt;&lt;b&gt;&lt;/b&gt;&lt;b&gt;&lt;/b&gt;&lt;b&gt;&lt;/b&gt;&lt;b&gt;&lt;/b&gt;&lt;b&gt;&lt;/b&gt;&lt;b&gt;&lt;/b&gt;&lt;b&gt;&lt;/b&gt;&lt;b&gt;&lt;/b&gt;&lt;b&gt;&lt;/b&gt;&lt;b&gt;&lt;/b&gt;&lt;b&gt;&lt;/b&gt;&lt;b&gt;&lt;/b&gt;&lt;b&gt;&lt;/b&gt;&lt;b&gt;&lt;/b&gt;&lt;b&gt;&lt;/b&gt;&lt;b&gt;&lt;/b&gt;&lt;b&gt;&lt;/b&gt;&lt;b&gt;&lt;/b&gt;&lt;b&gt;&lt;/b&gt;&lt;b&gt;&lt;/b&gt;&lt;b&gt;&lt;/b&gt;&lt;b&gt;&lt;/b&gt;&lt;b&gt;&lt;/b&gt;&lt;b&gt;&lt;/b&gt;&lt;b&gt;&lt;/b&gt;&lt;b&gt;&lt;/b&gt;&lt;b&gt;&lt;/b&gt;&lt;b&gt;&lt;/b&gt;&lt;b&gt;&lt;/b&gt;&lt;b&gt;&lt;/b&gt;&lt;b&gt;&lt;/b&gt;&lt;b&gt;&lt;/b&gt;&lt;b&gt;&lt;/b&gt;&lt;b&gt;&lt;/b&gt;&lt;b&gt;&lt;/b&gt;&lt;b&gt;&lt;/b&gt;&lt;b&gt;&lt;/b&gt;&lt;b&gt;&lt;/b&gt;&lt;b&gt;&lt;/b&gt;&lt;b&gt;&lt;/b&gt;&lt;b&gt;&lt;/b&gt;&lt;b&gt;&lt;/b&gt;&lt;b&gt;&lt;/b&gt;&lt;b&gt;&lt;/b&gt;&lt;b&gt;&lt;/b&gt;&lt;b&gt;&lt;/b&gt;&lt;b&gt;&lt;/b&gt;&lt;b&gt;&lt;/b&gt;&lt;b&gt;&lt;/b&gt;&lt;b&gt;&lt;/b&gt;&lt;b&gt;&lt;/b&gt;&lt;b&gt;&lt;/b&gt;&lt;b&gt;&lt;/b&gt;&lt;b&gt;&lt;/b&gt;&lt;b&gt;&lt;/b&gt;&lt;b&gt;&lt;/b&gt;&lt;b&gt;&lt;/b&gt;&lt;b&gt;&lt;/b&gt;&lt;b&gt;&lt;/b&gt;&lt;b&gt;&lt;/b&gt;&lt;b&gt;&lt;/b&gt;&lt;b&gt;&lt;/b&gt;&lt;b&gt;&lt;/b&gt;&lt;b&gt;&lt;/b&gt;&lt;b&gt;&lt;/b&gt;&lt;b&gt;&lt;/b&gt;&lt;b&gt;&lt;/b&gt;&lt;b&gt;&lt;/b&gt;&lt;b&gt;&lt;/b&gt;&lt;b&gt;&lt;/b&gt;&lt;b&gt;&lt;/b&gt;&lt;b&gt;&lt;/b&gt;&lt;b&gt;&lt;/b&gt;&lt;b&gt;&lt;/b&gt;&lt;b&gt;&lt;/b&gt;&lt;b&gt;&lt;/b&gt;&lt;b&gt;&lt;/b&gt;&lt;b&gt;&lt;/b&gt;&lt;b&gt;&lt;/b&gt;&lt;b&gt;&lt;/b&gt;&lt;b&gt;&lt;/b&gt;&lt;b&gt;&lt;/b&gt;&lt;b&gt;&lt;/b&gt;&lt;b&gt;&lt;/b&gt;&lt;b&gt;&lt;/b&gt;&lt;b&gt;&lt;/b&gt;&lt;b&gt;&lt;/b&gt;&lt;b&gt;&lt;/b&gt;&lt;b&gt;&lt;/b&gt;&lt;b&gt;&lt;/b&gt;&lt;b&gt;&lt;/b&gt;&lt;b&gt;&lt;/b&gt;&lt;b&gt;&lt;/b&gt;&lt;b&gt;&lt;/b&gt;&lt;b&gt;&lt;/b&gt;&lt;b&gt;&lt;/b&gt;&lt;b&gt;&lt;/b&gt;&lt;b&gt;&lt;/b&gt;&lt;b&gt;&lt;/b&gt;&lt;b&gt;&lt;/b&gt;&lt;b&gt;&lt;/b&gt;&lt;b&gt;&lt;/b&gt;&lt;b&gt;&lt;/b&gt;&lt;b&gt;&lt;/b&gt;&lt;b&gt;&lt;/b&gt;&lt;b&gt;&lt;/b&gt;&lt;b&gt;&lt;/b&gt;&lt;b&gt;&lt;/b&gt;&lt;b&gt;&lt;/b&gt;&lt;b&gt;&lt;/b&gt;&lt;b&gt;&lt;/b&gt;&lt;b&gt;&lt;/b&gt;&lt;b&gt;&lt;/b&gt;&lt;b&gt;&lt;/b&gt;&lt;b&gt;&lt;/b&gt;&lt;b&gt;&lt;/b&gt;&lt;b&gt;&lt;/b&gt;&lt;b&gt;&lt;/b&gt;&lt;b&gt;&lt;/b&gt;&lt;b&gt;&lt;/b&gt;&lt;b&gt;&lt;/b&gt;&lt;b&gt;&lt;/b&gt;&lt;b&gt;&lt;/b&gt;&lt;b&gt;&lt;/b&gt;&lt;b&gt;&lt;/b&gt;&lt;b&gt;&lt;/b&gt;&lt;b&gt;&lt;/b&gt;&lt;b&gt;&lt;/b&gt;&lt;b&gt;&lt;/b&gt;&lt;b&gt;&lt;/b&gt;&lt;b&gt;&lt;/b&gt;&lt;b&gt;&lt;/b&gt;&lt;b&gt;&lt;/b&gt;&lt;b&gt;&lt;/b&gt;&lt;b&gt;&lt;/b&gt;&lt;b&gt;&lt;/b&gt;&lt;b&gt;&lt;/b&gt;&lt;b&gt;&lt;/b&gt;&lt;b&gt;&lt;/b&gt;&lt;b&gt;&lt;/b&gt;&lt;b&gt;&lt;/b&gt;&lt;b&gt;&lt;/b&gt;&lt;b&gt;&lt;/b&gt;&lt;b&gt;&lt;/b&gt;&lt;b&gt;&lt;/b&gt;&lt;b&gt;&lt;/b&gt;&lt;b&gt;&lt;/b&gt;&lt;b&gt;&lt;/b&gt;&lt;b&gt;&lt;/b&gt;&lt;b&gt;&lt;/b&gt;&lt;b&gt;&lt;/b&gt;&lt;b&gt;&lt;/b&gt;&lt;b&gt;&lt;/b&gt;&lt;b&gt;&lt;/b&gt;&lt;b&gt;&lt;/b&gt;&lt;b&gt;&lt;/b&gt;&lt;b&gt;&lt;/b&gt;&lt;b&gt;&lt;/b&gt;&lt;b&gt;&lt;/b&gt;&lt;b&gt;&lt;/b&gt;&lt;b&gt;&lt;/b&gt;&lt;b&gt;&lt;/b&gt;&lt;b&gt;&lt;/b&gt;&lt;b&gt;&lt;/b&gt;&lt;b&gt;&lt;/b&gt;&lt;b&gt;&lt;/b&gt;&lt;b&gt;&lt;/b&gt;&lt;b&gt;&lt;/b&gt;&lt;b&gt;&lt;/b&gt;&lt;b&gt;&lt;/b&gt;&lt;b&gt;&lt;/b&gt;&lt;b&gt;&lt;/b&gt;&lt;b&gt;&lt;/b&gt;&lt;b&gt;&lt;/b&gt;&lt;b&gt;&lt;/b&gt;&lt;b&gt;&lt;/b&gt;&lt;b&gt;&lt;/b&gt;&lt;b&gt;&lt;/b&gt;&lt;b&gt;&lt;/b&gt;&lt;b&gt;&lt;/b&gt;&lt;b&gt;&lt;/b&gt;&lt;b&gt;&lt;/b&gt;&lt;b&gt;&lt;/b&gt;&lt;b&gt;&lt;/b&gt;&lt;b&gt;&lt;/b&gt;&lt;b&gt;&lt;/b&gt;&lt;b&gt;&lt;/b&gt;&lt;b&gt;&lt;/b&gt;&lt;b&gt;&lt;/b&gt;&lt;b&gt;&lt;/b&gt;&lt;b&gt;&lt;/b&gt;&lt;b&gt;&lt;/b&gt;&lt;b&gt;&lt;/b&gt;&lt;b&gt;&lt;/b&gt;&lt;b&gt;&lt;/b&gt;&lt;b&gt;&lt;/b&gt;&lt;b&gt;&lt;/b&gt;&lt;b&gt;&lt;/b&gt;&lt;b&gt;&lt;/b&gt;&lt;b&gt;&lt;/b&gt;&lt;b&gt;&lt;/b&gt;&lt;b&gt;&lt;/b&gt;&lt;b&gt;&lt;/b&gt;&lt;b&gt;&lt;/b&gt;&lt;b&gt;&lt;/b&gt;&lt;b&gt;&lt;/b&gt;&lt;b&gt;&lt;/b&gt;&lt;b&gt;&lt;/b&gt;&lt;b&gt;&lt;/b&gt;&lt;b&gt;&lt;/b&gt;&lt;b&gt;&lt;/b&gt;&lt;b&gt;&lt;/b&gt;&lt;b&gt;&lt;/b&gt;&lt;b&gt;&lt;/b&gt;&lt;b&gt;&lt;/b&gt;&lt;b&gt;&lt;/b&gt;&lt;b&gt;&lt;/b&gt;&lt;b&gt;&lt;/b&gt;&lt;b&gt;&lt;/b&gt;&lt;b&gt;&lt;/b&gt;&lt;b&gt;&lt;/b&gt;&lt;b&gt;&lt;/b&gt;&lt;b&gt;&lt;/b&gt;&lt;b&gt;&lt;/b&gt;&lt;b&gt;&lt;/b&gt;&lt;b&gt;&lt;/b&gt;&lt;b&gt;&lt;/b&gt;&lt;b&gt;&lt;/b&gt;&lt;b&gt;&lt;/b&gt;&lt;b&gt;&lt;/b&gt;&lt;b&gt;&lt;/b&gt;&lt;b&gt;&lt;/b&gt;&lt;b&gt;&lt;/b&gt;&lt;b&gt;&lt;/b&gt;&lt;b&gt;&lt;/b&gt;&lt;b&gt;&lt;/b&gt;&lt;b&gt;&lt;/b&gt;&lt;b&gt;&lt;/b&gt;&lt;b&gt;&lt;/b&gt;&lt;b&gt;&lt;/b&gt;&lt;b&gt;&lt;/b&gt;&lt;b&gt;&lt;/b&gt;&lt;b&gt;&lt;/b&gt;&lt;b&gt;&lt;/b&gt;&lt;b&gt;&lt;/b&gt;&lt;b&gt;&lt;/b&gt;&lt;b&gt;&lt;/b&gt;&lt;b&gt;&lt;/b&gt;&lt;b&gt;&lt;/b&gt;&lt;b&gt;&lt;/b&gt;&lt;b&gt;&lt;/b&gt;&lt;b&gt;&lt;/b&gt;&lt;b&gt;&lt;/b&gt;&lt;b&gt;&lt;/b&gt;&lt;b&gt;&lt;/b&gt;&lt;b&gt;&lt;/b&gt;&lt;b&gt;&lt;/b&gt;&lt;b&gt;&lt;/b&gt;&lt;b&gt;&lt;/b&gt;&lt;b&gt;&lt;/b&gt;&lt;b&gt;&lt;/b&gt;&lt;b&gt;&lt;/b&gt;&lt;b&gt;&lt;/b&gt;&lt;b&gt;&lt;/b&gt;&lt;b&gt;&lt;/b&gt;&lt;b&gt;&lt;/b&gt;&lt;b&gt;&lt;/b&gt;&lt;b&gt;&lt;/b&gt;&lt;b&gt;&lt;/b&gt;&lt;b&gt;&lt;/b&gt;&lt;b&gt;&lt;/b&gt;&lt;b&gt;&lt;/b&gt;&lt;b&gt;&lt;/b&gt;&lt;b&gt;&lt;/b&gt;&lt;b&gt;&lt;/b&gt;&lt;b&gt;&lt;/b&gt;&lt;b&gt;&lt;/b&gt;&lt;b&gt;&lt;/b&gt;&lt;b&gt;&lt;/b&gt;&lt;b&gt;&lt;/b&gt;&lt;b&gt;&lt;/b&gt;&lt;b&gt;&lt;/b&gt;&lt;b&gt;&lt;/b&gt;&lt;b&gt;&lt;/b&gt;&lt;b&gt;&lt;/b&gt;&lt;b&gt;&lt;/b&gt;&lt;b&gt;&lt;/b&gt;&lt;b&gt;&lt;/b&gt;&lt;b&gt;&lt;/b&gt;&lt;b&gt;&lt;/b&gt;&lt;b&gt;&lt;/b&gt;&lt;b&gt;&lt;/b&gt;&lt;b&gt;&lt;/b&gt;&lt;b&gt;&lt;/b&gt;&lt;b&gt;&lt;/b&gt;&lt;b&gt;&lt;br /&gt;&lt;a class=&quot;external&quot; href=&quot;https://www.deviantart.com/users/outgoing?https://www.patreon.com/user?u=457132&amp;amp;ty=c&quot;&gt;Patreon&lt;/a&gt;&lt;br /&gt;&lt;img src=&quot;https://e.deviantart.net/emoticons/b/bulletgreen.gif&quot; width=&quot;10&quot; height=&quot;10&quot; alt=&quot;:bulletgreen:&quot; data-embed-type=&quot;emoticon&quot; data-embed-id=&quot;209&quot; title=&quot;Bullet; Green&quot;/&gt; &lt;b&gt;Other sites to follow my work&lt;/b&gt;&lt;b&gt;&lt;/b&gt;&lt;b&gt;&lt;/b&gt;&lt;b&gt;&lt;/b&gt;&lt;b&gt;&lt;/b&gt;&lt;b&gt;&lt;/b&gt;&lt;b&gt;&lt;/b&gt;&lt;b&gt;&lt;/b&gt;&lt;b&gt;&lt;/b&gt;&lt;b&gt;&lt;/b&gt;&lt;b&gt;&lt;/b&gt;&lt;b&gt;&lt;/b&gt;&lt;b&gt;&lt;/b&gt;&lt;b&gt;&lt;/b&gt;&lt;b&gt;&lt;/b&gt;&lt;b&gt;&lt;/b&gt;&lt;b&gt;&lt;/b&gt;&lt;b&gt;&lt;/b&gt;&lt;b&gt;&lt;/b&gt;&lt;b&gt;&lt;/b&gt;&lt;b&gt;&lt;/b&gt;&lt;b&gt;&lt;/b&gt;&lt;b&gt;&lt;/b&gt;&lt;b&gt;&lt;/b&gt;&lt;b&gt;&lt;/b&gt;&lt;b&gt;&lt;/b&gt;&lt;b&gt;&lt;/b&gt;&lt;b&gt;&lt;/b&gt;&lt;b&gt;&lt;/b&gt;&lt;b&gt;&lt;/b&gt;&lt;b&gt;&lt;/b&gt;&lt;b&gt;&lt;/b&gt;&lt;b&gt;&lt;/b&gt;&lt;b&gt;&lt;/b&gt;&lt;b&gt;&lt;/b&gt;&lt;b&gt;&lt;/b&gt;&lt;b&gt;&lt;/b&gt;&lt;b&gt;&lt;/b&gt;&lt;b&gt;&lt;/b&gt;&lt;b&gt;&lt;/b&gt;&lt;b&gt;&lt;/b&gt;&lt;b&gt;&lt;/b&gt;&lt;b&gt;&lt;/b&gt;&lt;b&gt;&lt;/b&gt;&lt;b&gt;&lt;/b&gt;&lt;b&gt;&lt;/b&gt;&lt;b&gt;&lt;/b&gt;&lt;b&gt;&lt;/b&gt;&lt;b&gt;&lt;/b&gt;&lt;b&gt;&lt;/b&gt;&lt;b&gt;&lt;/b&gt;&lt;b&gt;&lt;/b&gt;&lt;b&gt;&lt;/b&gt;&lt;b&gt;&lt;/b&gt;&lt;b&gt;&lt;/b&gt;&lt;b&gt;&lt;/b&gt;&lt;b&gt;&lt;/b&gt;&lt;b&gt;&lt;/b&gt;&lt;b&gt;&lt;/b&gt;&lt;b&gt;&lt;/b&gt;&lt;b&gt;&lt;/b&gt;&lt;b&gt;&lt;/b&gt;&lt;b&gt;&lt;/b&gt;&lt;b&gt;&lt;/b&gt;&lt;b&gt;&lt;/b&gt;&lt;b&gt;&lt;/b&gt;&lt;b&gt;&lt;/b&gt;&lt;b&gt;&lt;/b&gt;&lt;b&gt;&lt;/b&gt;&lt;b&gt;&lt;/b&gt;&lt;b&gt;&lt;/b&gt;&lt;b&gt;&lt;/b&gt;&lt;b&gt;&lt;/b&gt;&lt;b&gt;&lt;/b&gt;&lt;b&gt;&lt;/b&gt;&lt;b&gt;&lt;/b&gt;&lt;b&gt;&lt;/b&gt;&lt;b&gt;&lt;/b&gt;&lt;b&gt;&lt;/b&gt;&lt;b&gt;&lt;/b&gt;&lt;b&gt;&lt;/b&gt;&lt;b&gt;&lt;/b&gt;&lt;b&gt;&lt;/b&gt;&lt;b&gt;&lt;/b&gt;&lt;b&gt;&lt;/b&gt;&lt;b&gt;&lt;/b&gt;&lt;b&gt;&lt;/b&gt;&lt;b&gt;&lt;/b&gt;&lt;b&gt;&lt;/b&gt;&lt;b&gt;&lt;/b&gt;&lt;b&gt;&lt;/b&gt;&lt;b&gt;&lt;/b&gt;&lt;b&gt;&lt;/b&gt;&lt;b&gt;&lt;/b&gt;&lt;b&gt;&lt;/b&gt;&lt;b&gt;&lt;/b&gt;&lt;b&gt;&lt;/b&gt;&lt;b&gt;&lt;/b&gt;&lt;b&gt;&lt;/b&gt;&lt;b&gt;&lt;/b&gt;&lt;b&gt;&lt;/b&gt;&lt;b&gt;&lt;/b&gt;&lt;b&gt;&lt;/b&gt;&lt;b&gt;&lt;/b&gt;&lt;b&gt;&lt;/b&gt;&lt;b&gt;&lt;/b&gt;&lt;b&gt;&lt;/b&gt;&lt;b&gt;&lt;/b&gt;&lt;b&gt;&lt;/b&gt;&lt;b&gt;&lt;/b&gt;&lt;b&gt;&lt;/b&gt;&lt;b&gt;&lt;/b&gt;&lt;b&gt;&lt;/b&gt;&lt;b&gt;&lt;/b&gt;&lt;b&gt;&lt;/b&gt;&lt;b&gt;&lt;/b&gt;&lt;b&gt;&lt;/b&gt;&lt;b&gt;&lt;/b&gt;&lt;b&gt;&lt;/b&gt;&lt;b&gt;&lt;/b&gt;&lt;b&gt;&lt;/b&gt;&lt;b&gt;&lt;/b&gt;&lt;b&gt;&lt;/b&gt;&lt;b&gt;&lt;/b&gt;&lt;b&gt;&lt;/b&gt;&lt;b&gt;&lt;/b&gt;&lt;b&gt;&lt;/b&gt;&lt;b&gt;&lt;/b&gt;&lt;b&gt;&lt;/b&gt;&lt;b&gt;&lt;/b&gt;&lt;b&gt;&lt;/b&gt;&lt;b&gt;&lt;/b&gt;&lt;b&gt;&lt;/b&gt;&lt;b&gt;&lt;/b&gt;&lt;b&gt;&lt;/b&gt;&lt;b&gt;&lt;/b&gt;&lt;b&gt;&lt;/b&gt;&lt;b&gt;&lt;/b&gt;&lt;b&gt;&lt;/b&gt;&lt;b&gt;&lt;/b&gt;&lt;b&gt;&lt;/b&gt;&lt;b&gt;&lt;/b&gt;&lt;b&gt;&lt;/b&gt;&lt;b&gt;&lt;/b&gt;&lt;b&gt;&lt;/b&gt;&lt;b&gt;&lt;/b&gt;&lt;b&gt;&lt;/b&gt;&lt;b&gt;&lt;/b&gt;&lt;b&gt;&lt;/b&gt;&lt;b&gt;&lt;/b&gt;&lt;b&gt;&lt;/b&gt;&lt;b&gt;&lt;/b&gt;&lt;b&gt;&lt;/b&gt;&lt;b&gt;&lt;/b&gt;&lt;b&gt;&lt;/b&gt;&lt;b&gt;&lt;/b&gt;&lt;b&gt;&lt;/b&gt;&lt;b&gt;&lt;/b&gt;&lt;b&gt;&lt;/b&gt;&lt;b&gt;&lt;/b&gt;&lt;b&gt;&lt;/b&gt;&lt;b&gt;&lt;/b&gt;&lt;b&gt;&lt;/b&gt;&lt;b&gt;&lt;/b&gt;&lt;b&gt;&lt;/b&gt;&lt;b&gt;&lt;/b&gt;&lt;b&gt;&lt;/b&gt;&lt;b&gt;&lt;/b&gt;&lt;b&gt;&lt;/b&gt;&lt;b&gt;&lt;/b&gt;&lt;b&gt;&lt;/b&gt;&lt;b&gt;&lt;/b&gt;&lt;b&gt;&lt;/b&gt;&lt;b&gt;&lt;/b&gt;&lt;b&gt;&lt;/b&gt;&lt;b&gt;&lt;/b&gt;&lt;b&gt;&lt;/b&gt;&lt;b&gt;&lt;/b&gt;&lt;b&gt;&lt;/b&gt;&lt;b&gt;&lt;/b&gt;&lt;b&gt;&lt;/b&gt;&lt;b&gt;&lt;/b&gt;&lt;b&gt;&lt;/b&gt;&lt;b&gt;&lt;/b&gt;&lt;b&gt;&lt;/b&gt;&lt;b&gt;&lt;/b&gt;&lt;b&gt;&lt;/b&gt;&lt;b&gt;&lt;/b&gt;&lt;b&gt;&lt;/b&gt;&lt;b&gt;&lt;/b&gt;&lt;b&gt;&lt;/b&gt;&lt;b&gt;&lt;/b&gt;&lt;b&gt;&lt;/b&gt;&lt;b&gt;&lt;/b&gt;&lt;b&gt;&lt;/b&gt;&lt;b&gt;&lt;/b&gt;&lt;b&gt;&lt;/b&gt;&lt;b&gt;&lt;/b&gt;&lt;b&gt;&lt;/b&gt;&lt;b&gt;&lt;/b&gt;&lt;b&gt;&lt;/b&gt;&lt;b&gt;&lt;/b&gt;&lt;b&gt;&lt;/b&gt;&lt;b&gt;&lt;/b&gt;&lt;b&gt;&lt;/b&gt;&lt;b&gt;&lt;/b&gt;&lt;b&gt;&lt;/b&gt;&lt;b&gt;&lt;/b&gt;&lt;b&gt;&lt;/b&gt;&lt;b&gt;&lt;/b&gt;&lt;b&gt;&lt;/b&gt;&lt;b&gt;&lt;/b&gt;&lt;b&gt;&lt;/b&gt;&lt;b&gt;&lt;/b&gt;&lt;b&gt;&lt;/b&gt;&lt;b&gt;&lt;/b&gt;&lt;b&gt;&lt;/b&gt;&lt;b&gt;&lt;/b&gt;&lt;b&gt;&lt;/b&gt;&lt;b&gt;&lt;/b&gt;&lt;b&gt;&lt;/b&gt;&lt;b&gt;&lt;/b&gt;&lt;b&gt;&lt;/b&gt;&lt;b&gt;&lt;/b&gt;&lt;b&gt;&lt;/b&gt;&lt;b&gt;&lt;/b&gt;&lt;b&gt;&lt;/b&gt;&lt;b&gt;&lt;/b&gt;&lt;b&gt;&lt;/b&gt;&lt;b&gt;&lt;/b&gt;&lt;b&gt;&lt;/b&gt;&lt;b&gt;&lt;/b&gt;&lt;b&gt;&lt;/b&gt;&lt;b&gt;&lt;/b&gt;&lt;b&gt;&lt;/b&gt;&lt;b&gt;&lt;/b&gt;&lt;b&gt;&lt;/b&gt;&lt;b&gt;&lt;/b&gt;&lt;b&gt;&lt;/b&gt;&lt;b&gt;&lt;/b&gt;&lt;b&gt;&lt;/b&gt;&lt;b&gt;&lt;/b&gt;&lt;b&gt;&lt;/b&gt;&lt;b&gt;&lt;/b&gt;&lt;b&gt;&lt;/b&gt;&lt;b&gt;&lt;/b&gt;&lt;b&gt;&lt;/b&gt;&lt;b&gt;&lt;/b&gt;&lt;b&gt;&lt;/b&gt;&lt;b&gt;&lt;/b&gt;&lt;b&gt;&lt;/b&gt;&lt;b&gt;&lt;/b&gt;&lt;b&gt;&lt;/b&gt;&lt;b&gt;&lt;/b&gt;&lt;b&gt;&lt;/b&gt;&lt;b&gt;&lt;/b&gt;&lt;b&gt;&lt;/b&gt;&lt;b&gt;&lt;/b&gt;&lt;b&gt;&lt;/b&gt;&lt;b&gt;&lt;/b&gt;&lt;b&gt;&lt;/b&gt;&lt;b&gt;&lt;/b&gt;&lt;b&gt;&lt;/b&gt;&lt;b&gt;&lt;/b&gt;&lt;b&gt;&lt;/b&gt;&lt;b&gt;&lt;/b&gt;&lt;b&gt;&lt;/b&gt;&lt;b&gt;&lt;/b&gt;&lt;b&gt;&lt;/b&gt;&lt;b&gt;&lt;/b&gt;&lt;b&gt;&lt;/b&gt;&lt;b&gt;&lt;/b&gt;&lt;b&gt;&lt;/b&gt;&lt;b&gt;&lt;/b&gt;&lt;b&gt;&lt;/b&gt;&lt;b&gt;&lt;/b&gt;&lt;b&gt;&lt;/b&gt;&lt;b&gt;&lt;/b&gt;&lt;b&gt;&lt;/b&gt;&lt;b&gt;&lt;/b&gt;&lt;b&gt;&lt;/b&gt;&lt;b&gt;&lt;/b&gt;&lt;b&gt;&lt;/b&gt;&lt;b&gt;&lt;/b&gt;&lt;b&gt;&lt;/b&gt;&lt;b&gt;&lt;/b&gt;&lt;b&gt;&lt;/b&gt;&lt;b&gt;&lt;/b&gt;&lt;b&gt;&lt;/b&gt;&lt;b&gt;&lt;/b&gt;&lt;b&gt;&lt;/b&gt;&lt;b&gt;&lt;/b&gt;&lt;b&gt;&lt;/b&gt;&lt;b&gt;&lt;/b&gt;&lt;b&gt;&lt;/b&gt;&lt;b&gt;&lt;/b&gt;&lt;b&gt;&lt;/b&gt;&lt;b&gt;&lt;/b&gt;&lt;b&gt;&lt;/b&gt;&lt;b&gt;&lt;/b&gt;&lt;b&gt;&lt;/b&gt;&lt;b&gt;&lt;/b&gt;&lt;b&gt;&lt;/b&gt;&lt;b&gt;&lt;/b&gt;&lt;b&gt;&lt;/b&gt;&lt;b&gt;&lt;/b&gt;&lt;b&gt;&lt;/b&gt;&lt;b&gt;&lt;/b&gt;&lt;b&gt;&lt;/b&gt;&lt;b&gt;&lt;/b&gt;&lt;b&gt;&lt;/b&gt;&lt;b&gt;&lt;/b&gt;&lt;b&gt;&lt;/b&gt;&lt;b&gt;&lt;/b&gt;&lt;b&gt;&lt;/b&gt;&lt;b&gt;&lt;/b&gt;&lt;b&gt;&lt;/b&gt;&lt;b&gt;&lt;/b&gt;&lt;b&gt;&lt;/b&gt;&lt;b&gt;&lt;/b&gt;&lt;b&gt;&lt;/b&gt;&lt;b&gt;&lt;/b&gt;&lt;b&gt;&lt;/b&gt;&lt;b&gt;&lt;/b&gt;&lt;b&gt;&lt;/b&gt;&lt;b&gt;&lt;/b&gt;&lt;b&gt;&lt;/b&gt;&lt;b&gt;&lt;/b&gt;&lt;b&gt;&lt;/b&gt;&lt;b&gt;&lt;/b&gt;&lt;b&gt;&lt;/b&gt;&lt;b&gt;&lt;/b&gt;&lt;b&gt;&lt;/b&gt;&lt;b&gt;&lt;/b&gt;&lt;b&gt;&lt;/b&gt;&lt;b&gt;&lt;/b&gt;&lt;b&gt;&lt;/b&gt;&lt;b&gt;&lt;/b&gt;&lt;b&gt;&lt;/b&gt;&lt;b&gt;&lt;/b&gt;&lt;b&gt;&lt;/b&gt;&lt;b&gt;&lt;/b&gt;&lt;b&gt;&lt;/b&gt;&lt;b&gt;&lt;/b&gt;&lt;b&gt;&lt;/b&gt;&lt;b&gt;&lt;/b&gt;&lt;b&gt;&lt;/b&gt;&lt;b&gt;&lt;/b&gt;&lt;b&gt;&lt;/b&gt;&lt;b&gt;&lt;/b&gt;&lt;b&gt;&lt;/b&gt;&lt;b&gt;&lt;/b&gt;&lt;b&gt;&lt;/b&gt;&lt;b&gt;&lt;/b&gt;&lt;b&gt;&lt;/b&gt;&lt;b&gt;&lt;/b&gt;&lt;b&gt;&lt;/b&gt;&lt;b&gt;&lt;/b&gt;&lt;b&gt;&lt;/b&gt;&lt;b&gt;&lt;/b&gt;&lt;b&gt;&lt;/b&gt;&lt;b&gt;&lt;/b&gt;&lt;b&gt;&lt;/b&gt;&lt;b&gt;&lt;/b&gt;&lt;b&gt;&lt;/b&gt;&lt;b&gt;&lt;/b&gt;&lt;b&gt;&lt;/b&gt;&lt;b&gt;&lt;/b&gt;&lt;b&gt;&lt;/b&gt;&lt;b&gt;&lt;/b&gt;&lt;b&gt;&lt;/b&gt;&lt;b&gt;&lt;/b&gt;&lt;b&gt;&lt;/b&gt;&lt;b&gt;&lt;/b&gt;&lt;b&gt;&lt;/b&gt;&lt;b&gt;&lt;/b&gt;&lt;b&gt;&lt;/b&gt;&lt;b&gt;&lt;/b&gt;&lt;b&gt;&lt;/b&gt;&lt;b&gt;&lt;/b&gt;&lt;b&gt;&lt;/b&gt;&lt;b&gt;&lt;/b&gt;&lt;b&gt;&lt;/b&gt;&lt;b&gt;&lt;/b&gt;&lt;b&gt;&lt;/b&gt;&lt;b&gt;&lt;/b&gt;&lt;b&gt;&lt;/b&gt;&lt;b&gt;&lt;/b&gt;&lt;b&gt;&lt;/b&gt;&lt;b&gt;&lt;/b&gt;&lt;b&gt;&lt;/b&gt;&lt;b&gt;&lt;/b&gt;&lt;b&gt;&lt;/b&gt;&lt;b&gt;&lt;/b&gt;&lt;b&gt;&lt;/b&gt;&lt;b&gt;&lt;/b&gt;&lt;b&gt;&lt;/b&gt;&lt;b&gt;&lt;/b&gt;&lt;b&gt;&lt;/b&gt;&lt;b&gt;&lt;/b&gt;&lt;b&gt;&lt;/b&gt;&lt;b&gt;&lt;/b&gt;&lt;b&gt;&lt;/b&gt;&lt;b&gt;&lt;/b&gt;&lt;b&gt;&lt;/b&gt;&lt;b&gt;&lt;/b&gt;&lt;b&gt;&lt;/b&gt;&lt;b&gt;&lt;/b&gt;&lt;b&gt;&lt;/b&gt;&lt;b&gt;&lt;/b&gt;&lt;b&gt;&lt;/b&gt;&lt;b&gt;&lt;/b&gt;&lt;b&gt;&lt;/b&gt;&lt;b&gt;&lt;/b&gt;&lt;b&gt;&lt;/b&gt;&lt;b&gt;&lt;/b&gt;&lt;b&gt;&lt;/b&gt;&lt;b&gt;&lt;/b&gt;&lt;b&gt;&lt;/b&gt;&lt;b&gt;&lt;/b&gt;&lt;b&gt;&lt;/b&gt;&lt;b&gt;&lt;/b&gt;&lt;b&gt;&lt;/b&gt;&lt;b&gt;&lt;/b&gt;&lt;b&gt;&lt;/b&gt;&lt;b&gt;&lt;/b&gt;&lt;b&gt;&lt;/b&gt;&lt;b&gt;&lt;/b&gt;&lt;b&gt;&lt;/b&gt;&lt;b&gt;&lt;/b&gt;&lt;b&gt;&lt;/b&gt;&lt;b&gt;&lt;/b&gt;&lt;b&gt;&lt;/b&gt;&lt;b&gt;&lt;/b&gt;&lt;b&gt;&lt;/b&gt;&lt;b&gt;&lt;/b&gt;&lt;b&gt;&lt;/b&gt;&lt;b&gt;&lt;/b&gt;&lt;b&gt;&lt;/b&gt;&lt;b&gt;&lt;/b&gt;&lt;b&gt;&lt;/b&gt;&lt;b&gt;&lt;/b&gt;&lt;b&gt;&lt;/b&gt;&lt;b&gt;&lt;/b&gt;&lt;b&gt;&lt;/b&gt;&lt;b&gt;&lt;/b&gt;&lt;b&gt;&lt;/b&gt;&lt;b&gt;&lt;/b&gt;&lt;b&gt;&lt;/b&gt;&lt;b&gt;&lt;/b&gt;&lt;b&gt;&lt;/b&gt;&lt;b&gt;&lt;/b&gt;&lt;b&gt;&lt;/b&gt;&lt;b&gt;&lt;/b&gt;&lt;b&gt;&lt;/b&gt;&lt;b&gt;&lt;/b&gt;&lt;b&gt;&lt;/b&gt;&lt;b&gt;&lt;/b&gt;&lt;b&gt;&lt;/b&gt;&lt;b&gt;&lt;/b&gt;&lt;b&gt;&lt;/b&gt;&lt;b&gt;&lt;/b&gt;&lt;b&gt;&lt;/b&gt;&lt;b&gt;&lt;/b&gt;&lt;b&gt;&lt;/b&gt;&lt;b&gt;&lt;/b&gt;&lt;b&gt;&lt;/b&gt;&lt;b&gt;&lt;/b&gt;&lt;b&gt;&lt;/b&gt;&lt;b&gt;&lt;/b&gt;&lt;b&gt;&lt;/b&gt;&lt;b&gt;&lt;/b&gt;&lt;b&gt;&lt;/b&gt;&lt;b&gt;&lt;/b&gt;&lt;b&gt;&lt;/b&gt;&lt;b&gt;&lt;/b&gt;&lt;b&gt;&lt;/b&gt;&lt;b&gt;&lt;/b&gt;&lt;b&gt;&lt;/b&gt;&lt;b&gt;&lt;/b&gt;&lt;b&gt;&lt;/b&gt;&lt;b&gt;&lt;/b&gt;&lt;b&gt;&lt;/b&gt;&lt;b&gt;&lt;/b&gt;&lt;b&gt;&lt;/b&gt;&lt;b&gt;&lt;/b&gt;&lt;b&gt;&lt;/b&gt;&lt;b&gt;&lt;br /&gt;&lt;img src=&quot;https://e.deviantart.net/emoticons/f/facebook.gif&quot; width=&quot;16&quot; height=&quot;16&quot; alt=&quot;:facebook:&quot; data-embed-type=&quot;emoticon&quot; data-embed-id=&quot;616&quot; title=&quot;Facebook&quot;/&gt; &lt;a class=&quot;external&quot; href=&quot;https://www.deviantart.com/users/outgoing?https://www.facebook.com/CryptidCreations/timeline&quot;&gt;Facebook&lt;/a&gt;&lt;br /&gt;&lt;img src=&quot;https://e.deviantart.net/emoticons/t/twitter_2.gif&quot; width=&quot;16&quot; height=&quot;16&quot; alt=&quot;:twitter:&quot; data-embed-type=&quot;emoticon&quot; data-embed-id=&quot;614&quot; title=&quot;Twitter&quot;/&gt; &lt;a class=&quot;external&quot; href=&quot;https://www.deviantart.com/users/outgoing?https://twitter.com/Piper_Thibodeau&quot;&gt;Twitter&lt;/a&gt;&lt;br /&gt;&lt;img src=&quot;https://e.deviantart.net/emoticons/b/bulletgreen.gif&quot; width=&quot;10&quot; height=&quot;10&quot; alt=&quot;:bulletgreen:&quot; data-embed-type=&quot;emoticon&quot; data-embed-id=&quot;209&quot; title=&quot;Bullet; Green&quot;/&gt; For any business related inquiries please send me an e-mail at cryptidcreations@gmail.com&lt;br /&gt;&lt;/b&gt;&lt;/b&gt;&lt;/b&gt;</media:description>            <media:thumbnail url="https://t00.deviantart.net/6-3OsxP4Snf7lEwhCf_LTnmFHBo=/fit-in/150x150/filters:no_upscale():origin()/pre00/2458/th/pre/f/2019/026/9/8/daily_paint_2258__prickly_pear_by_cryptid_creations-dcy48rb.png" height="135" width="150"/>            <media:thumbnail url="https://t00.deviantart.net/Ydgu6pFOkEvpzS6tzCeDp5oxnCI=/fit-in/300x900/filters:no_upscale():origin()/pre00/2458/th/pre/f/2019/026/9/8/daily_paint_2258__prickly_pear_by_cryptid_creations-dcy48rb.png" height="270" width="300"/>            <media:thumbnail url="https://t00.deviantart.net/SjG413sKKwbfjy_RZ7C6roNmb-A=/300x200/filters:fixed_height(100,100):origin()/pre00/2458/th/pre/f/2019/026/9/8/daily_paint_2258__prickly_pear_by_cryptid_creations-dcy48rb.png" height="200" width="222"/>            <media:content url="https://orig00.deviantart.net/b1e8/f/2019/026/9/8/daily_paint_2258__prickly_pear_by_cryptid_creations-dcy48rb.png" height="721" width="800" medium="image"/>            
            <description>&lt;b&gt;&lt;/b&gt;&lt;b&gt;&lt;/b&gt;&lt;b&gt;&lt;/b&gt;&lt;b&gt;&lt;/b&gt;&lt;b&gt;&lt;/b&gt;&lt;b&gt;&lt;/b&gt;&lt;b&gt;&lt;/b&gt;&lt;b&gt;&lt;/b&gt;&lt;b&gt;&lt;/b&gt;&lt;b&gt;&lt;/b&gt;&lt;b&gt;&lt;/b&gt;&lt;b&gt;&lt;/b&gt;&lt;b&gt;&lt;/b&gt;&lt;b&gt;&lt;/b&gt;&lt;b&gt;&lt;/b&gt;&lt;b&gt;&lt;/b&gt;&lt;b&gt;&lt;/b&gt;&lt;b&gt;&lt;/b&gt;&lt;b&gt;&lt;/b&gt;&lt;b&gt;&lt;/b&gt;&lt;b&gt;&lt;/b&gt;&lt;b&gt;&lt;/b&gt;&lt;b&gt;&lt;/b&gt;&lt;b&gt;&lt;/b&gt;&lt;b&gt;&lt;/b&gt;&lt;b&gt;&lt;/b&gt;&lt;b&gt;&lt;/b&gt;&lt;b&gt;&lt;/b&gt;&lt;b&gt;&lt;/b&gt;&lt;b&gt;&lt;/b&gt;&lt;b&gt;&lt;/b&gt;&lt;b&gt;&lt;/b&gt;&lt;b&gt;&lt;/b&gt;&lt;b&gt;&lt;/b&gt;&lt;b&gt;&lt;/b&gt;&lt;b&gt;&lt;/b&gt;&lt;b&gt;&lt;/b&gt;&lt;b&gt;&lt;/b&gt;&lt;b&gt;&lt;/b&gt;&lt;b&gt;&lt;/b&gt;&lt;b&gt;&lt;/b&gt;&lt;b&gt;&lt;/b&gt;&lt;b&gt;&lt;/b&gt;&lt;b&gt;&lt;/b&gt;&lt;b&gt;&lt;/b&gt;&lt;b&gt;&lt;/b&gt;&lt;b&gt;&lt;/b&gt;&lt;b&gt;&lt;/b&gt;&lt;b&gt;&lt;/b&gt;&lt;b&gt;&lt;/b&gt;&lt;b&gt;&lt;/b&gt;&lt;b&gt;&lt;/b&gt;&lt;b&gt;&lt;/b&gt;&lt;b&gt;&lt;/b&gt;&lt;b&gt;&lt;/b&gt;&lt;b&gt;&lt;/b&gt;&lt;b&gt;&lt;/b&gt;&lt;b&gt;&lt;/b&gt;&lt;b&gt;&lt;/b&gt;&lt;b&gt;&lt;/b&gt;&lt;b&gt;&lt;/b&gt;&lt;b&gt;&lt;/b&gt;&lt;b&gt;&lt;/b&gt;&lt;b&gt;&lt;/b&gt;&lt;b&gt;&lt;/b&gt;&lt;b&gt;&lt;/b&gt;&lt;b&gt;&lt;/b&gt;&lt;b&gt;&lt;/b&gt;&lt;b&gt;&lt;/b&gt;&lt;b&gt;&lt;/b&gt;&lt;b&gt;&lt;/b&gt;&lt;b&gt;&lt;/b&gt;&lt;b&gt;&lt;/b&gt;&lt;b&gt;&lt;/b&gt;&lt;b&gt;&lt;/b&gt;&lt;b&gt;&lt;/b&gt;&lt;b&gt;&lt;/b&gt;&lt;b&gt;&lt;/b&gt;&lt;b&gt;&lt;/b&gt;&lt;b&gt;&lt;br /&gt;&lt;a class=&quot;external&quot; href=&quot;https://www.deviantart.com/users/outgoing?http://forgepublishing.com/shop/&quot;&gt;ForgePublishing.com/shop&lt;/a&gt;&lt;br /&gt;&lt;br /&gt;&lt;br /&gt;.&lt;img src=&quot;https://e.deviantart.net/emoticons/b/bulletgreen.gif&quot; width=&quot;10&quot; height=&quot;10&quot; alt=&quot;:bulletgreen:&quot; data-embed-type=&quot;emoticon&quot; data-embed-id=&quot;209&quot; title=&quot;Bullet; Green&quot;/&gt; &lt;b&gt;A big thanks to my Patrons for supporting my work! &lt;img src=&quot;https://e.deviantart.net/emoticons/s/smile.gif&quot; width=&quot;15&quot; height=&quot;15&quot; alt=&quot;:)&quot; data-embed-type=&quot;emoticon&quot; data-embed-id=&quot;391&quot; title=&quot;:) (Smile)&quot;/&gt; For time-lapses, WIP&#039;s and other goodies ---please check out my Patreon.&lt;/b&gt;&lt;b&gt;&lt;/b&gt;&lt;b&gt;&lt;/b&gt;&lt;b&gt;&lt;/b&gt;&lt;b&gt;&lt;/b&gt;&lt;b&gt;&lt;/b&gt;&lt;b&gt;&lt;/b&gt;&lt;b&gt;&lt;/b&gt;&lt;b&gt;&lt;/b&gt;&lt;b&gt;&lt;/b&gt;&lt;b&gt;&lt;/b&gt;&lt;b&gt;&lt;/b&gt;&lt;b&gt;&lt;/b&gt;&lt;b&gt;&lt;/b&gt;&lt;b&gt;&lt;/b&gt;&lt;b&gt;&lt;/b&gt;&lt;b&gt;&lt;/b&gt;&lt;b&gt;&lt;/b&gt;&lt;b&gt;&lt;/b&gt;&lt;b&gt;&lt;/b&gt;&lt;b&gt;&lt;/b&gt;&lt;b&gt;&lt;/b&gt;&lt;b&gt;&lt;/b&gt;&lt;b&gt;&lt;/b&gt;&lt;b&gt;&lt;/b&gt;&lt;b&gt;&lt;/b&gt;&lt;b&gt;&lt;/b&gt;&lt;b&gt;&lt;/b&gt;&lt;b&gt;&lt;/b&gt;&lt;b&gt;&lt;/b&gt;&lt;b&gt;&lt;/b&gt;&lt;b&gt;&lt;/b&gt;&lt;b&gt;&lt;/b&gt;&lt;b&gt;&lt;/b&gt;&lt;b&gt;&lt;/b&gt;&lt;b&gt;&lt;/b&gt;&lt;b&gt;&lt;/b&gt;&lt;b&gt;&lt;/b&gt;&lt;b&gt;&lt;/b&gt;&lt;b&gt;&lt;/b&gt;&lt;b&gt;&lt;/b&gt;&lt;b&gt;&lt;/b&gt;&lt;b&gt;&lt;/b&gt;&lt;b&gt;&lt;/b&gt;&lt;b&gt;&lt;/b&gt;&lt;b&gt;&lt;/b&gt;&lt;b&gt;&lt;/b&gt;&lt;b&gt;&lt;/b&gt;&lt;b&gt;&lt;/b&gt;&lt;b&gt;&lt;/b&gt;&lt;b&gt;&lt;/b&gt;&lt;b&gt;&lt;/b&gt;&lt;b&gt;&lt;/b&gt;&lt;b&gt;&lt;/b&gt;&lt;b&gt;&lt;/b&gt;&lt;b&gt;&lt;/b&gt;&lt;b&gt;&lt;/b&gt;&lt;b&gt;&lt;/b&gt;&lt;b&gt;&lt;/b&gt;&lt;b&gt;&lt;/b&gt;&lt;b&gt;&lt;/b&gt;&lt;b&gt;&lt;/b&gt;&lt;b&gt;&lt;/b&gt;&lt;b&gt;&lt;/b&gt;&lt;b&gt;&lt;/b&gt;&lt;b&gt;&lt;/b&gt;&lt;b&gt;&lt;/b&gt;&lt;b&gt;&lt;/b&gt;&lt;b&gt;&lt;/b&gt;&lt;b&gt;&lt;/b&gt;&lt;b&gt;&lt;/b&gt;&lt;b&gt;&lt;/b&gt;&lt;b&gt;&lt;/b&gt;&lt;b&gt;&lt;/b&gt;&lt;b&gt;&lt;/b&gt;&lt;b&gt;&lt;/b&gt;&lt;b&gt;&lt;/b&gt;&lt;b&gt;&lt;/b&gt;&lt;b&gt;&lt;/b&gt;&lt;b&gt;&lt;/b&gt;&lt;b&gt;&lt;/b&gt;&lt;b&gt;&lt;/b&gt;&lt;b&gt;&lt;/b&gt;&lt;b&gt;&lt;/b&gt;&lt;b&gt;&lt;/b&gt;&lt;b&gt;&lt;/b&gt;&lt;b&gt;&lt;/b&gt;&lt;b&gt;&lt;/b&gt;&lt;b&gt;&lt;/b&gt;&lt;b&gt;&lt;/b&gt;&lt;b&gt;&lt;/b&gt;&lt;b&gt;&lt;/b&gt;&lt;b&gt;&lt;/b&gt;&lt;b&gt;&lt;/b&gt;&lt;b&gt;&lt;/b&gt;&lt;b&gt;&lt;/b&gt;&lt;b&gt;&lt;/b&gt;&lt;b&gt;&lt;/b&gt;&lt;b&gt;&lt;/b&gt;&lt;b&gt;&lt;/b&gt;&lt;b&gt;&lt;/b&gt;&lt;b&gt;&lt;/b&gt;&lt;b&gt;&lt;/b&gt;&lt;b&gt;&lt;/b&gt;&lt;b&gt;&lt;/b&gt;&lt;b&gt;&lt;/b&gt;&lt;b&gt;&lt;/b&gt;&lt;b&gt;&lt;/b&gt;&lt;b&gt;&lt;/b&gt;&lt;b&gt;&lt;/b&gt;&lt;b&gt;&lt;/b&gt;&lt;b&gt;&lt;/b&gt;&lt;b&gt;&lt;/b&gt;&lt;b&gt;&lt;/b&gt;&lt;b&gt;&lt;/b&gt;&lt;b&gt;&lt;/b&gt;&lt;b&gt;&lt;/b&gt;&lt;b&gt;&lt;/b&gt;&lt;b&gt;&lt;/b&gt;&lt;b&gt;&lt;/b&gt;&lt;b&gt;&lt;/b&gt;&lt;b&gt;&lt;/b&gt;&lt;b&gt;&lt;/b&gt;&lt;b&gt;&lt;/b&gt;&lt;b&gt;&lt;/b&gt;&lt;b&gt;&lt;/b&gt;&lt;b&gt;&lt;/b&gt;&lt;b&gt;&lt;/b&gt;&lt;b&gt;&lt;/b&gt;&lt;b&gt;&lt;/b&gt;&lt;b&gt;&lt;/b&gt;&lt;b&gt;&lt;/b&gt;&lt;b&gt;&lt;/b&gt;&lt;b&gt;&lt;/b&gt;&lt;b&gt;&lt;/b&gt;&lt;b&gt;&lt;/b&gt;&lt;b&gt;&lt;/b&gt;&lt;b&gt;&lt;/b&gt;&lt;b&gt;&lt;/b&gt;&lt;b&gt;&lt;/b&gt;&lt;b&gt;&lt;/b&gt;&lt;b&gt;&lt;/b&gt;&lt;b&gt;&lt;/b&gt;&lt;b&gt;&lt;/b&gt;&lt;b&gt;&lt;/b&gt;&lt;b&gt;&lt;/b&gt;&lt;b&gt;&lt;/b&gt;&lt;b&gt;&lt;/b&gt;&lt;b&gt;&lt;/b&gt;&lt;b&gt;&lt;/b&gt;&lt;b&gt;&lt;/b&gt;&lt;b&gt;&lt;/b&gt;&lt;b&gt;&lt;/b&gt;&lt;b&gt;&lt;/b&gt;&lt;b&gt;&lt;/b&gt;&lt;b&gt;&lt;/b&gt;&lt;b&gt;&lt;/b&gt;&lt;b&gt;&lt;/b&gt;&lt;b&gt;&lt;/b&gt;&lt;b&gt;&lt;/b&gt;&lt;b&gt;&lt;/b&gt;&lt;b&gt;&lt;/b&gt;&lt;b&gt;&lt;/b&gt;&lt;b&gt;&lt;/b&gt;&lt;b&gt;&lt;/b&gt;&lt;b&gt;&lt;/b&gt;&lt;b&gt;&lt;/b&gt;&lt;b&gt;&lt;/b&gt;&lt;b&gt;&lt;/b&gt;&lt;b&gt;&lt;/b&gt;&lt;b&gt;&lt;/b&gt;&lt;b&gt;&lt;/b&gt;&lt;b&gt;&lt;/b&gt;&lt;b&gt;&lt;/b&gt;&lt;b&gt;&lt;/b&gt;&lt;b&gt;&lt;/b&gt;&lt;b&gt;&lt;/b&gt;&lt;b&gt;&lt;/b&gt;&lt;b&gt;&lt;/b&gt;&lt;b&gt;&lt;/b&gt;&lt;b&gt;&lt;/b&gt;&lt;b&gt;&lt;/b&gt;&lt;b&gt;&lt;/b&gt;&lt;b&gt;&lt;/b&gt;&lt;b&gt;&lt;/b&gt;&lt;b&gt;&lt;/b&gt;&lt;b&gt;&lt;/b&gt;&lt;b&gt;&lt;/b&gt;&lt;b&gt;&lt;/b&gt;&lt;b&gt;&lt;/b&gt;&lt;b&gt;&lt;/b&gt;&lt;b&gt;&lt;/b&gt;&lt;b&gt;&lt;/b&gt;&lt;b&gt;&lt;/b&gt;&lt;b&gt;&lt;/b&gt;&lt;b&gt;&lt;/b&gt;&lt;b&gt;&lt;/b&gt;&lt;b&gt;&lt;/b&gt;&lt;b&gt;&lt;/b&gt;&lt;b&gt;&lt;/b&gt;&lt;b&gt;&lt;/b&gt;&lt;b&gt;&lt;/b&gt;&lt;b&gt;&lt;/b&gt;&lt;b&gt;&lt;/b&gt;&lt;b&gt;&lt;/b&gt;&lt;b&gt;&lt;/b&gt;&lt;b&gt;&lt;/b&gt;&lt;b&gt;&lt;/b&gt;&lt;b&gt;&lt;/b&gt;&lt;b&gt;&lt;/b&gt;&lt;b&gt;&lt;/b&gt;&lt;b&gt;&lt;/b&gt;&lt;b&gt;&lt;/b&gt;&lt;b&gt;&lt;/b&gt;&lt;b&gt;&lt;/b&gt;&lt;b&gt;&lt;/b&gt;&lt;b&gt;&lt;/b&gt;&lt;b&gt;&lt;/b&gt;&lt;b&gt;&lt;/b&gt;&lt;b&gt;&lt;/b&gt;&lt;b&gt;&lt;/b&gt;&lt;b&gt;&lt;/b&gt;&lt;b&gt;&lt;/b&gt;&lt;b&gt;&lt;/b&gt;&lt;b&gt;&lt;/b&gt;&lt;b&gt;&lt;/b&gt;&lt;b&gt;&lt;/b&gt;&lt;b&gt;&lt;/b&gt;&lt;b&gt;&lt;/b&gt;&lt;b&gt;&lt;/b&gt;&lt;b&gt;&lt;/b&gt;&lt;b&gt;&lt;/b&gt;&lt;b&gt;&lt;/b&gt;&lt;b&gt;&lt;/b&gt;&lt;b&gt;&lt;/b&gt;&lt;b&gt;&lt;/b&gt;&lt;b&gt;&lt;/b&gt;&lt;b&gt;&lt;/b&gt;&lt;b&gt;&lt;/b&gt;&lt;b&gt;&lt;/b&gt;&lt;b&gt;&lt;/b&gt;&lt;b&gt;&lt;/b&gt;&lt;b&gt;&lt;/b&gt;&lt;b&gt;&lt;/b&gt;&lt;b&gt;&lt;/b&gt;&lt;b&gt;&lt;/b&gt;&lt;b&gt;&lt;/b&gt;&lt;b&gt;&lt;/b&gt;&lt;b&gt;&lt;/b&gt;&lt;b&gt;&lt;/b&gt;&lt;b&gt;&lt;/b&gt;&lt;b&gt;&lt;/b&gt;&lt;b&gt;&lt;/b&gt;&lt;b&gt;&lt;/b&gt;&lt;b&gt;&lt;/b&gt;&lt;b&gt;&lt;/b&gt;&lt;b&gt;&lt;/b&gt;&lt;b&gt;&lt;/b&gt;&lt;b&gt;&lt;/b&gt;&lt;b&gt;&lt;/b&gt;&lt;b&gt;&lt;/b&gt;&lt;b&gt;&lt;/b&gt;&lt;b&gt;&lt;/b&gt;&lt;b&gt;&lt;/b&gt;&lt;b&gt;&lt;/b&gt;&lt;b&gt;&lt;/b&gt;&lt;b&gt;&lt;/b&gt;&lt;b&gt;&lt;/b&gt;&lt;b&gt;&lt;/b&gt;&lt;b&gt;&lt;/b&gt;&lt;b&gt;&lt;/b&gt;&lt;b&gt;&lt;/b&gt;&lt;b&gt;&lt;/b&gt;&lt;b&gt;&lt;/b&gt;&lt;b&gt;&lt;/b&gt;&lt;b&gt;&lt;/b&gt;&lt;b&gt;&lt;/b&gt;&lt;b&gt;&lt;/b&gt;&lt;b&gt;&lt;/b&gt;&lt;b&gt;&lt;/b&gt;&lt;b&gt;&lt;/b&gt;&lt;b&gt;&lt;/b&gt;&lt;b&gt;&lt;/b&gt;&lt;b&gt;&lt;/b&gt;&lt;b&gt;&lt;/b&gt;&lt;b&gt;&lt;/b&gt;&lt;b&gt;&lt;/b&gt;&lt;b&gt;&lt;/b&gt;&lt;b&gt;&lt;/b&gt;&lt;b&gt;&lt;/b&gt;&lt;b&gt;&lt;/b&gt;&lt;b&gt;&lt;/b&gt;&lt;b&gt;&lt;/b&gt;&lt;b&gt;&lt;/b&gt;&lt;b&gt;&lt;/b&gt;&lt;b&gt;&lt;/b&gt;&lt;b&gt;&lt;/b&gt;&lt;b&gt;&lt;/b&gt;&lt;b&gt;&lt;/b&gt;&lt;b&gt;&lt;/b&gt;&lt;b&gt;&lt;/b&gt;&lt;b&gt;&lt;/b&gt;&lt;b&gt;&lt;/b&gt;&lt;b&gt;&lt;/b&gt;&lt;b&gt;&lt;/b&gt;&lt;b&gt;&lt;/b&gt;&lt;b&gt;&lt;/b&gt;&lt;b&gt;&lt;/b&gt;&lt;b&gt;&lt;/b&gt;&lt;b&gt;&lt;/b&gt;&lt;b&gt;&lt;/b&gt;&lt;b&gt;&lt;/b&gt;&lt;b&gt;&lt;/b&gt;&lt;b&gt;&lt;/b&gt;&lt;b&gt;&lt;/b&gt;&lt;b&gt;&lt;/b&gt;&lt;b&gt;&lt;/b&gt;&lt;b&gt;&lt;/b&gt;&lt;b&gt;&lt;/b&gt;&lt;b&gt;&lt;/b&gt;&lt;b&gt;&lt;/b&gt;&lt;b&gt;&lt;/b&gt;&lt;b&gt;&lt;/b&gt;&lt;b&gt;&lt;/b&gt;&lt;b&gt;&lt;/b&gt;&lt;b&gt;&lt;/b&gt;&lt;b&gt;&lt;/b&gt;&lt;b&gt;&lt;/b&gt;&lt;b&gt;&lt;/b&gt;&lt;b&gt;&lt;/b&gt;&lt;b&gt;&lt;/b&gt;&lt;b&gt;&lt;/b&gt;&lt;b&gt;&lt;/b&gt;&lt;b&gt;&lt;/b&gt;&lt;b&gt;&lt;/b&gt;&lt;b&gt;&lt;/b&gt;&lt;b&gt;&lt;/b&gt;&lt;b&gt;&lt;/b&gt;&lt;b&gt;&lt;/b&gt;&lt;b&gt;&lt;/b&gt;&lt;b&gt;&lt;/b&gt;&lt;b&gt;&lt;/b&gt;&lt;b&gt;&lt;/b&gt;&lt;b&gt;&lt;/b&gt;&lt;b&gt;&lt;/b&gt;&lt;b&gt;&lt;/b&gt;&lt;b&gt;&lt;/b&gt;&lt;b&gt;&lt;/b&gt;&lt;b&gt;&lt;/b&gt;&lt;b&gt;&lt;/b&gt;&lt;b&gt;&lt;/b&gt;&lt;b&gt;&lt;/b&gt;&lt;b&gt;&lt;/b&gt;&lt;b&gt;&lt;/b&gt;&lt;b&gt;&lt;/b&gt;&lt;b&gt;&lt;/b&gt;&lt;b&gt;&lt;/b&gt;&lt;b&gt;&lt;/b&gt;&lt;b&gt;&lt;/b&gt;&lt;b&gt;&lt;/b&gt;&lt;b&gt;&lt;/b&gt;&lt;b&gt;&lt;/b&gt;&lt;b&gt;&lt;/b&gt;&lt;b&gt;&lt;/b&gt;&lt;b&gt;&lt;/b&gt;&lt;b&gt;&lt;/b&gt;&lt;b&gt;&lt;/b&gt;&lt;b&gt;&lt;/b&gt;&lt;b&gt;&lt;/b&gt;&lt;b&gt;&lt;/b&gt;&lt;b&gt;&lt;/b&gt;&lt;b&gt;&lt;/b&gt;&lt;b&gt;&lt;/b&gt;&lt;b&gt;&lt;/b&gt;&lt;b&gt;&lt;/b&gt;&lt;b&gt;&lt;/b&gt;&lt;b&gt;&lt;/b&gt;&lt;b&gt;&lt;/b&gt;&lt;b&gt;&lt;/b&gt;&lt;b&gt;&lt;/b&gt;&lt;b&gt;&lt;/b&gt;&lt;b&gt;&lt;/b&gt;&lt;b&gt;&lt;/b&gt;&lt;b&gt;&lt;/b&gt;&lt;b&gt;&lt;/b&gt;&lt;b&gt;&lt;/b&gt;&lt;b&gt;&lt;/b&gt;&lt;b&gt;&lt;/b&gt;&lt;b&gt;&lt;/b&gt;&lt;b&gt;&lt;/b&gt;&lt;b&gt;&lt;/b&gt;&lt;b&gt;&lt;/b&gt;&lt;b&gt;&lt;/b&gt;&lt;b&gt;&lt;/b&gt;&lt;b&gt;&lt;/b&gt;&lt;b&gt;&lt;/b&gt;&lt;b&gt;&lt;/b&gt;&lt;b&gt;&lt;/b&gt;&lt;b&gt;&lt;/b&gt;&lt;b&gt;&lt;/b&gt;&lt;b&gt;&lt;/b&gt;&lt;b&gt;&lt;/b&gt;&lt;b&gt;&lt;/b&gt;&lt;b&gt;&lt;/b&gt;&lt;b&gt;&lt;/b&gt;&lt;b&gt;&lt;/b&gt;&lt;b&gt;&lt;/b&gt;&lt;b&gt;&lt;/b&gt;&lt;b&gt;&lt;/b&gt;&lt;b&gt;&lt;/b&gt;&lt;b&gt;&lt;/b&gt;&lt;b&gt;&lt;/b&gt;&lt;b&gt;&lt;/b&gt;&lt;b&gt;&lt;/b&gt;&lt;b&gt;&lt;/b&gt;&lt;b&gt;&lt;/b&gt;&lt;b&gt;&lt;/b&gt;&lt;b&gt;&lt;/b&gt;&lt;b&gt;&lt;/b&gt;&lt;b&gt;&lt;/b&gt;&lt;b&gt;&lt;/b&gt;&lt;b&gt;&lt;/b&gt;&lt;b&gt;&lt;/b&gt;&lt;b&gt;&lt;/b&gt;&lt;b&gt;&lt;/b&gt;&lt;b&gt;&lt;/b&gt;&lt;b&gt;&lt;/b&gt;&lt;b&gt;&lt;/b&gt;&lt;b&gt;&lt;/b&gt;&lt;b&gt;&lt;/b&gt;&lt;b&gt;&lt;/b&gt;&lt;b&gt;&lt;/b&gt;&lt;b&gt;&lt;/b&gt;&lt;b&gt;&lt;/b&gt;&lt;b&gt;&lt;/b&gt;&lt;b&gt;&lt;/b&gt;&lt;b&gt;&lt;/b&gt;&lt;b&gt;&lt;/b&gt;&lt;b&gt;&lt;/b&gt;&lt;b&gt;&lt;/b&gt;&lt;b&gt;&lt;/b&gt;&lt;b&gt;&lt;/b&gt;&lt;b&gt;&lt;/b&gt;&lt;b&gt;&lt;/b&gt;&lt;b&gt;&lt;/b&gt;&lt;b&gt;&lt;/b&gt;&lt;b&gt;&lt;/b&gt;&lt;b&gt;&lt;/b&gt;&lt;b&gt;&lt;/b&gt;&lt;b&gt;&lt;/b&gt;&lt;b&gt;&lt;/b&gt;&lt;b&gt;&lt;/b&gt;&lt;b&gt;&lt;/b&gt;&lt;b&gt;&lt;/b&gt;&lt;b&gt;&lt;/b&gt;&lt;b&gt;&lt;/b&gt;&lt;b&gt;&lt;/b&gt;&lt;b&gt;&lt;/b&gt;&lt;b&gt;&lt;/b&gt;&lt;b&gt;&lt;/b&gt;&lt;b&gt;&lt;/b&gt;&lt;b&gt;&lt;/b&gt;&lt;b&gt;&lt;/b&gt;&lt;b&gt;&lt;/b&gt;&lt;b&gt;&lt;/b&gt;&lt;b&gt;&lt;/b&gt;&lt;b&gt;&lt;/b&gt;&lt;b&gt;&lt;/b&gt;&lt;b&gt;&lt;/b&gt;&lt;b&gt;&lt;/b&gt;&lt;b&gt;&lt;/b&gt;&lt;b&gt;&lt;/b&gt;&lt;b&gt;&lt;/b&gt;&lt;b&gt;&lt;/b&gt;&lt;b&gt;&lt;/b&gt;&lt;b&gt;&lt;/b&gt;&lt;b&gt;&lt;/b&gt;&lt;b&gt;&lt;/b&gt;&lt;b&gt;&lt;/b&gt;&lt;b&gt;&lt;/b&gt;&lt;b&gt;&lt;/b&gt;&lt;b&gt;&lt;/b&gt;&lt;b&gt;&lt;/b&gt;&lt;b&gt;&lt;/b&gt;&lt;b&gt;&lt;/b&gt;&lt;b&gt;&lt;/b&gt;&lt;b&gt;&lt;/b&gt;&lt;b&gt;&lt;br /&gt;&lt;a class=&quot;external&quot; href=&quot;https://www.deviantart.com/users/outgoing?https://www.patreon.com/user?u=457132&amp;amp;ty=c&quot;&gt;Patreon&lt;/a&gt;&lt;br /&gt;&lt;img src=&quot;https://e.deviantart.net/emoticons/b/bulletgreen.gif&quot; width=&quot;10&quot; height=&quot;10&quot; alt=&quot;:bulletgreen:&quot; data-embed-type=&quot;emoticon&quot; data-embed-id=&quot;209&quot; title=&quot;Bullet; Green&quot;/&gt; &lt;b&gt;Other sites to follow my work&lt;/b&gt;&lt;b&gt;&lt;/b&gt;&lt;b&gt;&lt;/b&gt;&lt;b&gt;&lt;/b&gt;&lt;b&gt;&lt;/b&gt;&lt;b&gt;&lt;/b&gt;&lt;b&gt;&lt;/b&gt;&lt;b&gt;&lt;/b&gt;&lt;b&gt;&lt;/b&gt;&lt;b&gt;&lt;/b&gt;&lt;b&gt;&lt;/b&gt;&lt;b&gt;&lt;/b&gt;&lt;b&gt;&lt;/b&gt;&lt;b&gt;&lt;/b&gt;&lt;b&gt;&lt;/b&gt;&lt;b&gt;&lt;/b&gt;&lt;b&gt;&lt;/b&gt;&lt;b&gt;&lt;/b&gt;&lt;b&gt;&lt;/b&gt;&lt;b&gt;&lt;/b&gt;&lt;b&gt;&lt;/b&gt;&lt;b&gt;&lt;/b&gt;&lt;b&gt;&lt;/b&gt;&lt;b&gt;&lt;/b&gt;&lt;b&gt;&lt;/b&gt;&lt;b&gt;&lt;/b&gt;&lt;b&gt;&lt;/b&gt;&lt;b&gt;&lt;/b&gt;&lt;b&gt;&lt;/b&gt;&lt;b&gt;&lt;/b&gt;&lt;b&gt;&lt;/b&gt;&lt;b&gt;&lt;/b&gt;&lt;b&gt;&lt;/b&gt;&lt;b&gt;&lt;/b&gt;&lt;b&gt;&lt;/b&gt;&lt;b&gt;&lt;/b&gt;&lt;b&gt;&lt;/b&gt;&lt;b&gt;&lt;/b&gt;&lt;b&gt;&lt;/b&gt;&lt;b&gt;&lt;/b&gt;&lt;b&gt;&lt;/b&gt;&lt;b&gt;&lt;/b&gt;&lt;b&gt;&lt;/b&gt;&lt;b&gt;&lt;/b&gt;&lt;b&gt;&lt;/b&gt;&lt;b&gt;&lt;/b&gt;&lt;b&gt;&lt;/b&gt;&lt;b&gt;&lt;/b&gt;&lt;b&gt;&lt;/b&gt;&lt;b&gt;&lt;/b&gt;&lt;b&gt;&lt;/b&gt;&lt;b&gt;&lt;/b&gt;&lt;b&gt;&lt;/b&gt;&lt;b&gt;&lt;/b&gt;&lt;b&gt;&lt;/b&gt;&lt;b&gt;&lt;/b&gt;&lt;b&gt;&lt;/b&gt;&lt;b&gt;&lt;/b&gt;&lt;b&gt;&lt;/b&gt;&lt;b&gt;&lt;/b&gt;&lt;b&gt;&lt;/b&gt;&lt;b&gt;&lt;/b&gt;&lt;b&gt;&lt;/b&gt;&lt;b&gt;&lt;/b&gt;&lt;b&gt;&lt;/b&gt;&lt;b&gt;&lt;/b&gt;&lt;b&gt;&lt;/b&gt;&lt;b&gt;&lt;/b&gt;&lt;b&gt;&lt;/b&gt;&lt;b&gt;&lt;/b&gt;&lt;b&gt;&lt;/b&gt;&lt;b&gt;&lt;/b&gt;&lt;b&gt;&lt;/b&gt;&lt;b&gt;&lt;/b&gt;&lt;b&gt;&lt;/b&gt;&lt;b&gt;&lt;/b&gt;&lt;b&gt;&lt;/b&gt;&lt;b&gt;&lt;/b&gt;&lt;b&gt;&lt;/b&gt;&lt;b&gt;&lt;/b&gt;&lt;b&gt;&lt;/b&gt;&lt;b&gt;&lt;/b&gt;&lt;b&gt;&lt;/b&gt;&lt;b&gt;&lt;/b&gt;&lt;b&gt;&lt;/b&gt;&lt;b&gt;&lt;/b&gt;&lt;b&gt;&lt;/b&gt;&lt;b&gt;&lt;/b&gt;&lt;b&gt;&lt;/b&gt;&lt;b&gt;&lt;/b&gt;&lt;b&gt;&lt;/b&gt;&lt;b&gt;&lt;/b&gt;&lt;b&gt;&lt;/b&gt;&lt;b&gt;&lt;/b&gt;&lt;b&gt;&lt;/b&gt;&lt;b&gt;&lt;/b&gt;&lt;b&gt;&lt;/b&gt;&lt;b&gt;&lt;/b&gt;&lt;b&gt;&lt;/b&gt;&lt;b&gt;&lt;/b&gt;&lt;b&gt;&lt;/b&gt;&lt;b&gt;&lt;/b&gt;&lt;b&gt;&lt;/b&gt;&lt;b&gt;&lt;/b&gt;&lt;b&gt;&lt;/b&gt;&lt;b&gt;&lt;/b&gt;&lt;b&gt;&lt;/b&gt;&lt;b&gt;&lt;/b&gt;&lt;b&gt;&lt;/b&gt;&lt;b&gt;&lt;/b&gt;&lt;b&gt;&lt;/b&gt;&lt;b&gt;&lt;/b&gt;&lt;b&gt;&lt;/b&gt;&lt;b&gt;&lt;/b&gt;&lt;b&gt;&lt;/b&gt;&lt;b&gt;&lt;/b&gt;&lt;b&gt;&lt;/b&gt;&lt;b&gt;&lt;/b&gt;&lt;b&gt;&lt;/b&gt;&lt;b&gt;&lt;/b&gt;&lt;b&gt;&lt;/b&gt;&lt;b&gt;&lt;/b&gt;&lt;b&gt;&lt;/b&gt;&lt;b&gt;&lt;/b&gt;&lt;b&gt;&lt;/b&gt;&lt;b&gt;&lt;/b&gt;&lt;b&gt;&lt;/b&gt;&lt;b&gt;&lt;/b&gt;&lt;b&gt;&lt;/b&gt;&lt;b&gt;&lt;/b&gt;&lt;b&gt;&lt;/b&gt;&lt;b&gt;&lt;/b&gt;&lt;b&gt;&lt;/b&gt;&lt;b&gt;&lt;/b&gt;&lt;b&gt;&lt;/b&gt;&lt;b&gt;&lt;/b&gt;&lt;b&gt;&lt;/b&gt;&lt;b&gt;&lt;/b&gt;&lt;b&gt;&lt;/b&gt;&lt;b&gt;&lt;/b&gt;&lt;b&gt;&lt;/b&gt;&lt;b&gt;&lt;/b&gt;&lt;b&gt;&lt;/b&gt;&lt;b&gt;&lt;/b&gt;&lt;b&gt;&lt;/b&gt;&lt;b&gt;&lt;/b&gt;&lt;b&gt;&lt;/b&gt;&lt;b&gt;&lt;/b&gt;&lt;b&gt;&lt;/b&gt;&lt;b&gt;&lt;/b&gt;&lt;b&gt;&lt;/b&gt;&lt;b&gt;&lt;/b&gt;&lt;b&gt;&lt;/b&gt;&lt;b&gt;&lt;/b&gt;&lt;b&gt;&lt;/b&gt;&lt;b&gt;&lt;/b&gt;&lt;b&gt;&lt;/b&gt;&lt;b&gt;&lt;/b&gt;&lt;b&gt;&lt;/b&gt;&lt;b&gt;&lt;/b&gt;&lt;b&gt;&lt;/b&gt;&lt;b&gt;&lt;/b&gt;&lt;b&gt;&lt;/b&gt;&lt;b&gt;&lt;/b&gt;&lt;b&gt;&lt;/b&gt;&lt;b&gt;&lt;/b&gt;&lt;b&gt;&lt;/b&gt;&lt;b&gt;&lt;/b&gt;&lt;b&gt;&lt;/b&gt;&lt;b&gt;&lt;/b&gt;&lt;b&gt;&lt;/b&gt;&lt;b&gt;&lt;/b&gt;&lt;b&gt;&lt;/b&gt;&lt;b&gt;&lt;/b&gt;&lt;b&gt;&lt;/b&gt;&lt;b&gt;&lt;/b&gt;&lt;b&gt;&lt;/b&gt;&lt;b&gt;&lt;/b&gt;&lt;b&gt;&lt;/b&gt;&lt;b&gt;&lt;/b&gt;&lt;b&gt;&lt;/b&gt;&lt;b&gt;&lt;/b&gt;&lt;b&gt;&lt;/b&gt;&lt;b&gt;&lt;/b&gt;&lt;b&gt;&lt;/b&gt;&lt;b&gt;&lt;/b&gt;&lt;b&gt;&lt;/b&gt;&lt;b&gt;&lt;/b&gt;&lt;b&gt;&lt;/b&gt;&lt;b&gt;&lt;/b&gt;&lt;b&gt;&lt;/b&gt;&lt;b&gt;&lt;/b&gt;&lt;b&gt;&lt;/b&gt;&lt;b&gt;&lt;/b&gt;&lt;b&gt;&lt;/b&gt;&lt;b&gt;&lt;/b&gt;&lt;b&gt;&lt;/b&gt;&lt;b&gt;&lt;/b&gt;&lt;b&gt;&lt;/b&gt;&lt;b&gt;&lt;/b&gt;&lt;b&gt;&lt;/b&gt;&lt;b&gt;&lt;/b&gt;&lt;b&gt;&lt;/b&gt;&lt;b&gt;&lt;/b&gt;&lt;b&gt;&lt;/b&gt;&lt;b&gt;&lt;/b&gt;&lt;b&gt;&lt;/b&gt;&lt;b&gt;&lt;/b&gt;&lt;b&gt;&lt;/b&gt;&lt;b&gt;&lt;/b&gt;&lt;b&gt;&lt;/b&gt;&lt;b&gt;&lt;/b&gt;&lt;b&gt;&lt;/b&gt;&lt;b&gt;&lt;/b&gt;&lt;b&gt;&lt;/b&gt;&lt;b&gt;&lt;/b&gt;&lt;b&gt;&lt;/b&gt;&lt;b&gt;&lt;/b&gt;&lt;b&gt;&lt;/b&gt;&lt;b&gt;&lt;/b&gt;&lt;b&gt;&lt;/b&gt;&lt;b&gt;&lt;/b&gt;&lt;b&gt;&lt;/b&gt;&lt;b&gt;&lt;/b&gt;&lt;b&gt;&lt;/b&gt;&lt;b&gt;&lt;/b&gt;&lt;b&gt;&lt;/b&gt;&lt;b&gt;&lt;/b&gt;&lt;b&gt;&lt;/b&gt;&lt;b&gt;&lt;/b&gt;&lt;b&gt;&lt;/b&gt;&lt;b&gt;&lt;/b&gt;&lt;b&gt;&lt;/b&gt;&lt;b&gt;&lt;/b&gt;&lt;b&gt;&lt;/b&gt;&lt;b&gt;&lt;/b&gt;&lt;b&gt;&lt;/b&gt;&lt;b&gt;&lt;/b&gt;&lt;b&gt;&lt;/b&gt;&lt;b&gt;&lt;/b&gt;&lt;b&gt;&lt;/b&gt;&lt;b&gt;&lt;/b&gt;&lt;b&gt;&lt;/b&gt;&lt;b&gt;&lt;/b&gt;&lt;b&gt;&lt;/b&gt;&lt;b&gt;&lt;/b&gt;&lt;b&gt;&lt;/b&gt;&lt;b&gt;&lt;/b&gt;&lt;b&gt;&lt;/b&gt;&lt;b&gt;&lt;/b&gt;&lt;b&gt;&lt;/b&gt;&lt;b&gt;&lt;/b&gt;&lt;b&gt;&lt;/b&gt;&lt;b&gt;&lt;/b&gt;&lt;b&gt;&lt;/b&gt;&lt;b&gt;&lt;/b&gt;&lt;b&gt;&lt;/b&gt;&lt;b&gt;&lt;/b&gt;&lt;b&gt;&lt;/b&gt;&lt;b&gt;&lt;/b&gt;&lt;b&gt;&lt;/b&gt;&lt;b&gt;&lt;/b&gt;&lt;b&gt;&lt;/b&gt;&lt;b&gt;&lt;/b&gt;&lt;b&gt;&lt;/b&gt;&lt;b&gt;&lt;/b&gt;&lt;b&gt;&lt;/b&gt;&lt;b&gt;&lt;/b&gt;&lt;b&gt;&lt;/b&gt;&lt;b&gt;&lt;/b&gt;&lt;b&gt;&lt;/b&gt;&lt;b&gt;&lt;/b&gt;&lt;b&gt;&lt;/b&gt;&lt;b&gt;&lt;/b&gt;&lt;b&gt;&lt;/b&gt;&lt;b&gt;&lt;/b&gt;&lt;b&gt;&lt;/b&gt;&lt;b&gt;&lt;/b&gt;&lt;b&gt;&lt;/b&gt;&lt;b&gt;&lt;/b&gt;&lt;b&gt;&lt;/b&gt;&lt;b&gt;&lt;/b&gt;&lt;b&gt;&lt;/b&gt;&lt;b&gt;&lt;/b&gt;&lt;b&gt;&lt;/b&gt;&lt;b&gt;&lt;/b&gt;&lt;b&gt;&lt;/b&gt;&lt;b&gt;&lt;/b&gt;&lt;b&gt;&lt;/b&gt;&lt;b&gt;&lt;/b&gt;&lt;b&gt;&lt;/b&gt;&lt;b&gt;&lt;/b&gt;&lt;b&gt;&lt;/b&gt;&lt;b&gt;&lt;/b&gt;&lt;b&gt;&lt;/b&gt;&lt;b&gt;&lt;/b&gt;&lt;b&gt;&lt;/b&gt;&lt;b&gt;&lt;/b&gt;&lt;b&gt;&lt;/b&gt;&lt;b&gt;&lt;/b&gt;&lt;b&gt;&lt;/b&gt;&lt;b&gt;&lt;/b&gt;&lt;b&gt;&lt;/b&gt;&lt;b&gt;&lt;/b&gt;&lt;b&gt;&lt;/b&gt;&lt;b&gt;&lt;/b&gt;&lt;b&gt;&lt;/b&gt;&lt;b&gt;&lt;/b&gt;&lt;b&gt;&lt;/b&gt;&lt;b&gt;&lt;/b&gt;&lt;b&gt;&lt;/b&gt;&lt;b&gt;&lt;/b&gt;&lt;b&gt;&lt;/b&gt;&lt;b&gt;&lt;/b&gt;&lt;b&gt;&lt;/b&gt;&lt;b&gt;&lt;/b&gt;&lt;b&gt;&lt;/b&gt;&lt;b&gt;&lt;/b&gt;&lt;b&gt;&lt;/b&gt;&lt;b&gt;&lt;/b&gt;&lt;b&gt;&lt;/b&gt;&lt;b&gt;&lt;/b&gt;&lt;b&gt;&lt;/b&gt;&lt;b&gt;&lt;/b&gt;&lt;b&gt;&lt;/b&gt;&lt;b&gt;&lt;/b&gt;&lt;b&gt;&lt;/b&gt;&lt;b&gt;&lt;/b&gt;&lt;b&gt;&lt;/b&gt;&lt;b&gt;&lt;/b&gt;&lt;b&gt;&lt;/b&gt;&lt;b&gt;&lt;/b&gt;&lt;b&gt;&lt;/b&gt;&lt;b&gt;&lt;/b&gt;&lt;b&gt;&lt;/b&gt;&lt;b&gt;&lt;/b&gt;&lt;b&gt;&lt;/b&gt;&lt;b&gt;&lt;/b&gt;&lt;b&gt;&lt;/b&gt;&lt;b&gt;&lt;/b&gt;&lt;b&gt;&lt;/b&gt;&lt;b&gt;&lt;/b&gt;&lt;b&gt;&lt;/b&gt;&lt;b&gt;&lt;/b&gt;&lt;b&gt;&lt;/b&gt;&lt;b&gt;&lt;/b&gt;&lt;b&gt;&lt;/b&gt;&lt;b&gt;&lt;/b&gt;&lt;b&gt;&lt;/b&gt;&lt;b&gt;&lt;/b&gt;&lt;b&gt;&lt;/b&gt;&lt;b&gt;&lt;/b&gt;&lt;b&gt;&lt;/b&gt;&lt;b&gt;&lt;/b&gt;&lt;b&gt;&lt;/b&gt;&lt;b&gt;&lt;/b&gt;&lt;b&gt;&lt;/b&gt;&lt;b&gt;&lt;/b&gt;&lt;b&gt;&lt;/b&gt;&lt;b&gt;&lt;/b&gt;&lt;b&gt;&lt;/b&gt;&lt;b&gt;&lt;/b&gt;&lt;b&gt;&lt;/b&gt;&lt;b&gt;&lt;/b&gt;&lt;b&gt;&lt;/b&gt;&lt;b&gt;&lt;/b&gt;&lt;b&gt;&lt;/b&gt;&lt;b&gt;&lt;/b&gt;&lt;b&gt;&lt;/b&gt;&lt;b&gt;&lt;/b&gt;&lt;b&gt;&lt;/b&gt;&lt;b&gt;&lt;/b&gt;&lt;b&gt;&lt;/b&gt;&lt;b&gt;&lt;/b&gt;&lt;b&gt;&lt;/b&gt;&lt;b&gt;&lt;/b&gt;&lt;b&gt;&lt;/b&gt;&lt;b&gt;&lt;/b&gt;&lt;b&gt;&lt;/b&gt;&lt;b&gt;&lt;/b&gt;&lt;b&gt;&lt;/b&gt;&lt;b&gt;&lt;/b&gt;&lt;b&gt;&lt;/b&gt;&lt;b&gt;&lt;/b&gt;&lt;b&gt;&lt;/b&gt;&lt;b&gt;&lt;/b&gt;&lt;b&gt;&lt;/b&gt;&lt;b&gt;&lt;/b&gt;&lt;b&gt;&lt;/b&gt;&lt;b&gt;&lt;/b&gt;&lt;b&gt;&lt;/b&gt;&lt;b&gt;&lt;/b&gt;&lt;b&gt;&lt;/b&gt;&lt;b&gt;&lt;/b&gt;&lt;b&gt;&lt;/b&gt;&lt;b&gt;&lt;/b&gt;&lt;b&gt;&lt;/b&gt;&lt;b&gt;&lt;/b&gt;&lt;b&gt;&lt;/b&gt;&lt;b&gt;&lt;/b&gt;&lt;b&gt;&lt;/b&gt;&lt;b&gt;&lt;/b&gt;&lt;b&gt;&lt;/b&gt;&lt;b&gt;&lt;/b&gt;&lt;b&gt;&lt;/b&gt;&lt;b&gt;&lt;/b&gt;&lt;b&gt;&lt;/b&gt;&lt;b&gt;&lt;/b&gt;&lt;b&gt;&lt;/b&gt;&lt;b&gt;&lt;/b&gt;&lt;b&gt;&lt;/b&gt;&lt;b&gt;&lt;/b&gt;&lt;b&gt;&lt;/b&gt;&lt;b&gt;&lt;/b&gt;&lt;b&gt;&lt;/b&gt;&lt;b&gt;&lt;/b&gt;&lt;b&gt;&lt;/b&gt;&lt;b&gt;&lt;/b&gt;&lt;b&gt;&lt;/b&gt;&lt;b&gt;&lt;/b&gt;&lt;b&gt;&lt;/b&gt;&lt;b&gt;&lt;/b&gt;&lt;b&gt;&lt;/b&gt;&lt;b&gt;&lt;/b&gt;&lt;b&gt;&lt;/b&gt;&lt;b&gt;&lt;/b&gt;&lt;b&gt;&lt;/b&gt;&lt;b&gt;&lt;/b&gt;&lt;b&gt;&lt;/b&gt;&lt;b&gt;&lt;/b&gt;&lt;b&gt;&lt;/b&gt;&lt;b&gt;&lt;/b&gt;&lt;b&gt;&lt;/b&gt;&lt;b&gt;&lt;/b&gt;&lt;b&gt;&lt;/b&gt;&lt;b&gt;&lt;/b&gt;&lt;b&gt;&lt;/b&gt;&lt;b&gt;&lt;/b&gt;&lt;b&gt;&lt;/b&gt;&lt;b&gt;&lt;/b&gt;&lt;b&gt;&lt;/b&gt;&lt;b&gt;&lt;/b&gt;&lt;b&gt;&lt;/b&gt;&lt;b&gt;&lt;/b&gt;&lt;b&gt;&lt;/b&gt;&lt;b&gt;&lt;/b&gt;&lt;b&gt;&lt;/b&gt;&lt;b&gt;&lt;/b&gt;&lt;b&gt;&lt;/b&gt;&lt;b&gt;&lt;/b&gt;&lt;b&gt;&lt;/b&gt;&lt;b&gt;&lt;/b&gt;&lt;b&gt;&lt;/b&gt;&lt;b&gt;&lt;/b&gt;&lt;b&gt;&lt;/b&gt;&lt;b&gt;&lt;/b&gt;&lt;b&gt;&lt;/b&gt;&lt;b&gt;&lt;/b&gt;&lt;b&gt;&lt;/b&gt;&lt;b&gt;&lt;/b&gt;&lt;b&gt;&lt;/b&gt;&lt;b&gt;&lt;/b&gt;&lt;b&gt;&lt;/b&gt;&lt;b&gt;&lt;/b&gt;&lt;b&gt;&lt;/b&gt;&lt;b&gt;&lt;/b&gt;&lt;b&gt;&lt;/b&gt;&lt;b&gt;&lt;/b&gt;&lt;b&gt;&lt;/b&gt;&lt;b&gt;&lt;/b&gt;&lt;b&gt;&lt;/b&gt;&lt;b&gt;&lt;/b&gt;&lt;b&gt;&lt;/b&gt;&lt;b&gt;&lt;/b&gt;&lt;b&gt;&lt;/b&gt;&lt;b&gt;&lt;/b&gt;&lt;b&gt;&lt;/b&gt;&lt;b&gt;&lt;/b&gt;&lt;b&gt;&lt;/b&gt;&lt;b&gt;&lt;/b&gt;&lt;b&gt;&lt;/b&gt;&lt;b&gt;&lt;/b&gt;&lt;b&gt;&lt;/b&gt;&lt;b&gt;&lt;/b&gt;&lt;b&gt;&lt;/b&gt;&lt;b&gt;&lt;/b&gt;&lt;b&gt;&lt;/b&gt;&lt;b&gt;&lt;br /&gt;&lt;img src=&quot;https://e.deviantart.net/emoticons/f/facebook.gif&quot; width=&quot;16&quot; height=&quot;16&quot; alt=&quot;:facebook:&quot; data-embed-type=&quot;emoticon&quot; data-embed-id=&quot;616&quot; title=&quot;Facebook&quot;/&gt; &lt;a class=&quot;external&quot; href=&quot;https://www.deviantart.com/users/outgoing?https://www.facebook.com/CryptidCreations/timeline&quot;&gt;Facebook&lt;/a&gt;&lt;br /&gt;&lt;img src=&quot;https://e.deviantart.net/emoticons/t/twitter_2.gif&quot; width=&quot;16&quot; height=&quot;16&quot; alt=&quot;:twitter:&quot; data-embed-type=&quot;emoticon&quot; data-embed-id=&quot;614&quot; title=&quot;Twitter&quot;/&gt; &lt;a class=&quot;external&quot; href=&quot;https://www.deviantart.com/users/outgoing?https://twitter.com/Piper_Thibodeau&quot;&gt;Twitter&lt;/a&gt;&lt;br /&gt;&lt;img src=&quot;https://e.deviantart.net/emoticons/b/bulletgreen.gif&quot; width=&quot;10&quot; height=&quot;10&quot; alt=&quot;:bulletgreen:&quot; data-embed-type=&quot;emoticon&quot; data-embed-id=&quot;209&quot; title=&quot;Bullet; Green&quot;/&gt; For any business related inquiries please send me an e-mail at cryptidcreations@gmail.com&lt;br /&gt;&lt;/b&gt;&lt;/b&gt;&lt;/b&gt;&lt;br /&gt;&lt;div&gt;&lt;img src=&quot;https://t00.deviantart.net/SjG413sKKwbfjy_RZ7C6roNmb-A=/300x200/filters:fixed_height(100,100):origin()/pre00/2458/th/pre/f/2019/026/9/8/daily_paint_2258__prickly_pear_by_cryptid_creations-dcy48rb.png&quot; alt=&quot;thumbnail&quot; /&gt;&lt;/div&gt;</description>            </item>
                    <item>
                <title>Link taking his shirt off</title>
                <link>https://laovaan.deviantart.com/art/Link-taking-his-shirt-off-782880556</link>
                <guid isPermaLink="true">https://laovaan.deviantart.com/art/Link-taking-his-shirt-off-782880556</guid>
                <pubDate>Sat, 26 Jan 2019 14:35:18 PST</pubDate>
                        <media:title type="plain">Link taking his shirt off</media:title>
        <media:keywords></media:keywords>
                        <media:rating>nonadult</media:rating>
                <media:category label="Drawings">manga/traditional/drawings</media:category>
        <media:credit role="author" scheme="urn:ebu">Laovaan</media:credit>
        <media:credit role="author" scheme="urn:ebu">https://a.deviantart.net/avatars/l/a/laovaan.gif?6</media:credit>
        <media:copyright url="https://laovaan.deviantart.com">Copyright 2019 Laovaan</media:copyright>            <media:description type="html">Painted this one in a livestream :3</media:description>            <media:thumbnail url="https://t00.deviantart.net/D1HxE42tV1Z7qbzB3gfhgeCTqSM=/fit-in/150x150/filters:no_upscale():origin()/pre00/b94d/th/pre/i/2019/026/c/c/link_taking_his_shirt_off_by_laovaan-dcy3ui4.jpg" height="150" width="150"/>            <media:thumbnail url="https://t00.deviantart.net/D4Q_UaDILrprlRl-f6jUPZKRGxI=/fit-in/300x900/filters:no_upscale():origin()/pre00/b94d/th/pre/i/2019/026/c/c/link_taking_his_shirt_off_by_laovaan-dcy3ui4.jpg" height="300" width="300"/>            <media:thumbnail url="https://t00.deviantart.net/WufjTyf2Eoqu3RBWzkYkZ5mfI84=/300x200/filters:fixed_height(100,100):origin()/pre00/b94d/th/pre/i/2019/026/c/c/link_taking_his_shirt_off_by_laovaan-dcy3ui4.jpg" height="200" width="200"/>            <media:content url="https://img00.deviantart.net/d072/i/2019/026/c/c/link_taking_his_shirt_off_by_laovaan-dcy3ui4.jpg" height="800" width="800" medium="image"/>            
            <description>Painted this one in a livestream :3&lt;br /&gt;&lt;div&gt;&lt;img src=&quot;https://t00.deviantart.net/WufjTyf2Eoqu3RBWzkYkZ5mfI84=/300x200/filters:fixed_height(100,100):origin()/pre00/b94d/th/pre/i/2019/026/c/c/link_taking_his_shirt_off_by_laovaan-dcy3ui4.jpg&quot; alt=&quot;thumbnail&quot; /&gt;&lt;/div&gt;</description>            </item>
                    <item>
                <title>Mera</title>
                <link>https://olchas.deviantart.com/art/Mera-782871369</link>
                <guid isPermaLink="true">https://olchas.deviantart.com/art/Mera-782871369</guid>
                <pubDate>Sat, 26 Jan 2019 13:42:27 PST</pubDate>
                        <media:title type="plain">Mera</media:title>
        <media:keywords></media:keywords>
                        <media:rating>nonadult</media:rating>
                <media:category label="Movies &amp; TV">fanart/wallpaper/movies</media:category>
        <media:credit role="author" scheme="urn:ebu">OlchaS</media:credit>
        <media:credit role="author" scheme="urn:ebu">https://a.deviantart.net/avatars/o/l/olchas.jpg?14</media:credit>
        <media:copyright url="https://olchas.deviantart.com">Copyright 2019 OlchaS</media:copyright>            <media:description type="html">&lt;h3&gt;&lt;a href=&quot;https://www.deviantart.com/linux-rules/art/Patreon-2017-wordmark-orange-Icon-687052841&quot; class=&quot;emoticon&quot; data-embed-type=&quot;emoticon&quot; data-embed-id=&quot;687052841&quot; data-embed-profile=&quot;deviation&quot;&gt;&lt;img src=&quot;https://images-wixmp-ed30a86b8c4ca887773594c2.wixmp.com/intermediary/f/25e46574-05d5-4425-916d-e5292bb066ac/dbd1xd5-cb2c6097-a8be-46be-bb50-bd9d3ad796d4.png&quot; alt=&quot;Patreon (2017, wordmark, orange) Icon&quot; style=&quot;width:50px;height:25px&quot;&gt;&lt;/a&gt;&amp;nbsp;&lt;a class=&quot;external&quot; href=&quot;https://www.deviantart.com/users/outgoing?https://www.patreon.com/olchas&quot;&gt;Help Support me on Patreon and get special rewards &amp;lt;3&lt;/a&gt;&lt;/h3&gt;&lt;p&gt;&lt;a class=&quot;external&quot; href=&quot;https://www.deviantart.com/users/outgoing?http://olchas.tumblr.com/&quot;&gt;Tumblr&lt;/a&gt;&amp;nbsp;&amp;nbsp;&lt;a class=&quot;external&quot; href=&quot;https://www.deviantart.com/users/outgoing?https://vk.com/olchas_art&quot;&gt;VKontakte&lt;/a&gt;&amp;nbsp;&lt;a class=&quot;external&quot; href=&quot;https://www.deviantart.com/users/outgoing?https://twitter.com/OlchaSArt&quot;&gt;Twitter&lt;/a&gt;&lt;br /&gt;&lt;br /&gt;&lt;span&gt;And artwork with the first poll winner on Patreon is done, yay! \^0^/ I created many sketches with Mera and chose this one in the result. Maybe it doesn&#039;t represent the character in the best way but I really wanted to try this angle and composition, hope you enjoy &amp;#128150;&lt;br /&gt;&lt;br /&gt;&lt;/span&gt;&lt;/p&gt;&lt;p&gt;&lt;strong&gt;My awesome January patrons will get &lt;/strong&gt;(&lt;a class=&quot;external&quot; href=&quot;https://www.deviantart.com/users/outgoing?https://www.patreon.com/posts/mera-nsfw-24220579&quot;&gt;Mera :nsfw optional:&lt;/a&gt;)&lt;/p&gt;&lt;p&gt;&lt;/p&gt;&lt;p&gt;&lt;br /&gt;&lt;span&gt;&amp;#127754;&lt;/span&gt;&amp;nbsp; big-size image - new wallpaper! (two versions: as the one above and with wider hips, sfw+nsfw)&lt;br /&gt;&lt;span&gt;&amp;#127754;&lt;/span&gt;&lt;strong&gt;&amp;nbsp; NSFW&amp;nbsp;&lt;/strong&gt;version&lt;br /&gt;&lt;span&gt;&amp;#127754;&lt;/span&gt;&amp;nbsp;&amp;nbsp;step-by-step&lt;br /&gt;&lt;span&gt;&amp;#127754;&lt;/span&gt;&amp;nbsp; brushes&lt;br /&gt;&lt;br /&gt;&lt;b&gt;If you like my arts and want help me to continue to draw for you, you can support me on&lt;/b&gt;&lt;span&gt;&amp;nbsp;&lt;/span&gt;&lt;a href=&quot;https://www.deviantart.com/freakyed/art/Bullet-Patreon-455550600&quot; class=&quot;emoticon&quot; data-embed-type=&quot;emoticon&quot; data-embed-id=&quot;455550600&quot; data-embed-profile=&quot;deviation&quot;&gt;&lt;img src=&quot;https://images-wixmp-ed30a86b8c4ca887773594c2.wixmp.com/intermediary/f/e84b0e0f-dd81-4999-b6bc-536c4d32d85e/d7j813c-dc204c1d-c7d2-4616-b6bf-f40b92fae3b2.png&quot; alt=&quot;.:Bullet:. Patreon&quot; style=&quot;width:16px;height:16px&quot;&gt;&lt;/a&gt;&lt;a class=&quot;external&quot; href=&quot;https://www.deviantart.com/users/outgoing?https://www.patreon.com/olchas&quot;&gt;Patreon&lt;/a&gt;&lt;span&gt;! Any kind of help is very important to me!&lt;br /&gt;&lt;br /&gt;Thank you very-very much for favs and comments! ^3^ Wish you all a happy weekend!&lt;a href=&quot;https://www.deviantart.com/bad-blood/art/heart-rvmp-71971784&quot; class=&quot;emoticon&quot; data-embed-type=&quot;emoticon&quot; data-embed-id=&quot;71971784&quot; data-embed-profile=&quot;deviation&quot;&gt;&lt;img src=&quot;https://orig00.deviantart.net/7080/f/2007/346/3/d/_heart__rvmp_by_bad_blood.gif&quot; alt=&quot;:heart: rvmp&quot; style=&quot;width:17px;height:15px&quot;&gt;&lt;/a&gt;&amp;nbsp;&lt;br /&gt;&lt;br /&gt;&lt;/span&gt;&lt;span&gt;&lt;a href=&quot;https://www.deviantart.com/empressofroses/art/Pixel-Sparkle-Divider-2-740301912&quot; class=&quot;emoticon&quot; data-embed-type=&quot;emoticon&quot; data-embed-id=&quot;740301912&quot; data-embed-profile=&quot;deviation&quot;&gt;&lt;img src=&quot;https://orig00.deviantart.net/d3db/f/2018/103/b/d/graphs_pixelsparkledivider2_by_starlightdreamspirit-dc8r8m0.gif&quot; alt=&quot;Pixel Sparkle Divider 2&quot; style=&quot;width:59px;height:13px&quot;&gt;&lt;/a&gt;&amp;nbsp;&lt;a href=&quot;https://www.deviantart.com/empressofroses/art/Pixel-Sparkle-Divider-2-740301912&quot; class=&quot;emoticon&quot; data-embed-type=&quot;emoticon&quot; data-embed-id=&quot;740301912&quot; data-embed-profile=&quot;deviation&quot;&gt;&lt;img src=&quot;https://orig00.deviantart.net/d3db/f/2018/103/b/d/graphs_pixelsparkledivider2_by_starlightdreamspirit-dc8r8m0.gif&quot; alt=&quot;Pixel Sparkle Divider 2&quot; style=&quot;width:59px;height:13px&quot;&gt;&lt;/a&gt;&amp;nbsp;&lt;a href=&quot;https://www.deviantart.com/empressofroses/art/Pixel-Sparkle-Divider-2-740301912&quot; class=&quot;emoticon&quot; data-embed-type=&quot;emoticon&quot; data-embed-id=&quot;740301912&quot; data-embed-profile=&quot;deviation&quot;&gt;&lt;img src=&quot;https://orig00.deviantart.net/d3db/f/2018/103/b/d/graphs_pixelsparkledivider2_by_starlightdreamspirit-dc8r8m0.gif&quot; alt=&quot;Pixel Sparkle Divider 2&quot; style=&quot;width:59px;height:13px&quot;&gt;&lt;/a&gt;&amp;nbsp;&lt;br /&gt;&lt;/span&gt;&lt;span&gt;&amp;nbsp;&lt;span class=&quot;shadow-holder&quot; data-embed-type=&quot;deviation&quot; data-embed-id=&quot;781001817&quot; data-embed-format=&quot;thumb&quot;&gt;&lt;span class=&quot;shadow mild&quot; &gt;&lt;a class=&quot;thumb&quot; href=&quot;https://www.deviantart.com/olchas/art/Snow-Bunny-Riven-by-OlchaS-781001817&quot; title=&quot;Snow Bunny Riven by OlchaS by OlchaS, Jan 13, 2019 in Fan Art &amp;gt; Digital Art &amp;gt; Painting &amp;amp; Airbrushing &amp;gt; Games&quot;data-super-img=&quot;https://images-wixmp-ed30a86b8c4ca887773594c2.wixmp.com/intermediary/f/63b831f3-cc8e-4259-8c3f-2cc8f6edbda0/dcwzkux-6d6c244f-20e7-48c4-92a4-0cf5d6998389.jpg&quot; data-super-width=&quot;600&quot; data-super-height=&quot;900&quot; data-super-transparent=&quot;false&quot; data-super-alt=&quot;Snow Bunny Riven by OlchaS by OlchaS&quot; data-super-full-img=&quot;https://images-wixmp-ed30a86b8c4ca887773594c2.wixmp.com/intermediary/f/63b831f3-cc8e-4259-8c3f-2cc8f6edbda0/dcwzkux-6d6c244f-20e7-48c4-92a4-0cf5d6998389.jpg&quot; data-super-full-width=&quot;600&quot; data-super-full-height=&quot;900&quot;        data-sigil=&quot;thumb&quot;&gt;
        &lt;i&gt;&lt;/i&gt;&lt;img   width=&quot;100&quot; height=&quot;150&quot; alt=&quot;Snow Bunny Riven by OlchaS by OlchaS&quot; src=&quot;https://images-wixmp-ed30a86b8c4ca887773594c2.wixmp.com/intermediary/f/63b831f3-cc8e-4259-8c3f-2cc8f6edbda0/dcwzkux-6d6c244f-20e7-48c4-92a4-0cf5d6998389.jpg/v1/fit/w_150,h_150,q_70,strp/snow_bunny_riven_by_olchas_by_olchas_dcwzkux-150.jpg&quot; data-src=&quot;https://images-wixmp-ed30a86b8c4ca887773594c2.wixmp.com/intermediary/f/63b831f3-cc8e-4259-8c3f-2cc8f6edbda0/dcwzkux-6d6c244f-20e7-48c4-92a4-0cf5d6998389.jpg/v1/fit/w_150,h_150,q_70,strp/snow_bunny_riven_by_olchas_by_olchas_dcwzkux-150.jpg&quot; srcset=&quot;https://images-wixmp-ed30a86b8c4ca887773594c2.wixmp.com/intermediary/f/63b831f3-cc8e-4259-8c3f-2cc8f6edbda0/dcwzkux-6d6c244f-20e7-48c4-92a4-0cf5d6998389.jpg/v1/fit/w_150,h_150,q_70,strp/snow_bunny_riven_by_olchas_by_olchas_dcwzkux-150.jpg 100w,https://images-wixmp-ed30a86b8c4ca887773594c2.wixmp.com/intermediary/f/63b831f3-cc8e-4259-8c3f-2cc8f6edbda0/dcwzkux-6d6c244f-20e7-48c4-92a4-0cf5d6998389.jpg/v1/crop/w_167,h_250,x_0,y_0,scl_0.27833333333333,q_70,strp/snow_bunny_riven_by_olchas_by_olchas_dcwzkux-250t.jpg 167w,https://images-wixmp-ed30a86b8c4ca887773594c2.wixmp.com/intermediary/f/63b831f3-cc8e-4259-8c3f-2cc8f6edbda0/dcwzkux-6d6c244f-20e7-48c4-92a4-0cf5d6998389.jpg/v1/fill/w_233,h_350,q_70,strp/snow_bunny_riven_by_olchas_by_olchas_dcwzkux-350t.jpg 233w,https://images-wixmp-ed30a86b8c4ca887773594c2.wixmp.com/intermediary/f/63b831f3-cc8e-4259-8c3f-2cc8f6edbda0/dcwzkux-6d6c244f-20e7-48c4-92a4-0cf5d6998389.jpg/v1/crop/w_267,h_400,x_0,y_0,scl_0.445,q_70,strp/snow_bunny_riven_by_olchas_by_olchas_dcwzkux-400t.jpg 267w,https://images-wixmp-ed30a86b8c4ca887773594c2.wixmp.com/intermediary/f/63b831f3-cc8e-4259-8c3f-2cc8f6edbda0/dcwzkux-6d6c244f-20e7-48c4-92a4-0cf5d6998389.jpg 600w&quot; sizes=&quot;100px&quot;&gt;&lt;/a&gt;&lt;/span&gt;&lt;!-- ^TTT --&gt;&lt;!-- TTT$ --&gt;&lt;/span&gt;&lt;/span&gt;&lt;span&gt;&amp;nbsp;&lt;/span&gt;&lt;span class=&quot;shadow-holder&quot; data-embed-type=&quot;deviation&quot; data-embed-id=&quot;782302917&quot; data-embed-format=&quot;thumb&quot;&gt;&lt;span class=&quot;shadow mild&quot; &gt;&lt;a class=&quot;thumb&quot; href=&quot;https://www.deviantart.com/olchas/art/Features-of-Winter-Atago-782302917&quot; title=&quot;Features of Winter Atago by OlchaS, Jan 22, 2019 in Fan Art &amp;gt; Digital Art &amp;gt; Painting &amp;amp; Airbrushing &amp;gt; Games&quot;data-super-img=&quot;https://images-wixmp-ed30a86b8c4ca887773594c2.wixmp.com/intermediary/f/63b831f3-cc8e-4259-8c3f-2cc8f6edbda0/dcxrgsl-bf3663ce-871a-448f-89fe-7e78c910e19d.jpg&quot; data-super-width=&quot;601&quot; data-super-height=&quot;900&quot; data-super-transparent=&quot;false&quot; data-super-alt=&quot;Features of Winter Atago by OlchaS&quot; data-super-full-img=&quot;https://images-wixmp-ed30a86b8c4ca887773594c2.wixmp.com/intermediary/f/63b831f3-cc8e-4259-8c3f-2cc8f6edbda0/dcxrgsl-bf3663ce-871a-448f-89fe-7e78c910e19d.jpg&quot; data-super-full-width=&quot;601&quot; data-super-full-height=&quot;900&quot;        data-sigil=&quot;thumb&quot;&gt;
        &lt;i&gt;&lt;/i&gt;&lt;img   width=&quot;100&quot; height=&quot;150&quot; alt=&quot;Features of Winter Atago by OlchaS&quot; src=&quot;https://images-wixmp-ed30a86b8c4ca887773594c2.wixmp.com/intermediary/f/63b831f3-cc8e-4259-8c3f-2cc8f6edbda0/dcxrgsl-bf3663ce-871a-448f-89fe-7e78c910e19d.jpg/v1/fit/w_150,h_150,q_70,strp/features_of_winter_atago_by_olchas_dcxrgsl-150.jpg&quot; data-src=&quot;https://images-wixmp-ed30a86b8c4ca887773594c2.wixmp.com/intermediary/f/63b831f3-cc8e-4259-8c3f-2cc8f6edbda0/dcxrgsl-bf3663ce-871a-448f-89fe-7e78c910e19d.jpg/v1/fit/w_150,h_150,q_70,strp/features_of_winter_atago_by_olchas_dcxrgsl-150.jpg&quot; srcset=&quot;https://images-wixmp-ed30a86b8c4ca887773594c2.wixmp.com/intermediary/f/63b831f3-cc8e-4259-8c3f-2cc8f6edbda0/dcxrgsl-bf3663ce-871a-448f-89fe-7e78c910e19d.jpg/v1/fit/w_150,h_150,q_70,strp/features_of_winter_atago_by_olchas_dcxrgsl-150.jpg 100w,https://images-wixmp-ed30a86b8c4ca887773594c2.wixmp.com/intermediary/f/63b831f3-cc8e-4259-8c3f-2cc8f6edbda0/dcxrgsl-bf3663ce-871a-448f-89fe-7e78c910e19d.jpg/v1/fill/w_167,h_250,q_70,strp/features_of_winter_atago_by_olchas_dcxrgsl-250t.jpg 167w,https://images-wixmp-ed30a86b8c4ca887773594c2.wixmp.com/intermediary/f/63b831f3-cc8e-4259-8c3f-2cc8f6edbda0/dcxrgsl-bf3663ce-871a-448f-89fe-7e78c910e19d.jpg/v1/fill/w_234,h_350,q_70,strp/features_of_winter_atago_by_olchas_dcxrgsl-350t.jpg 234w,https://images-wixmp-ed30a86b8c4ca887773594c2.wixmp.com/intermediary/f/63b831f3-cc8e-4259-8c3f-2cc8f6edbda0/dcxrgsl-bf3663ce-871a-448f-89fe-7e78c910e19d.jpg/v1/fill/w_267,h_400,q_70,strp/features_of_winter_atago_by_olchas_dcxrgsl-400t.jpg 267w,https://images-wixmp-ed30a86b8c4ca887773594c2.wixmp.com/intermediary/f/63b831f3-cc8e-4259-8c3f-2cc8f6edbda0/dcxrgsl-bf3663ce-871a-448f-89fe-7e78c910e19d.jpg 601w&quot; sizes=&quot;100px&quot;&gt;&lt;/a&gt;&lt;/span&gt;&lt;!-- ^TTT --&gt;&lt;!-- TTT$ --&gt;&lt;/span&gt;&amp;nbsp;&lt;span class=&quot;shadow-holder&quot; data-embed-type=&quot;deviation&quot; data-embed-id=&quot;774768574&quot; data-embed-format=&quot;thumb&quot;&gt;&lt;span class=&quot;shadow mild&quot; &gt;&lt;a class=&quot;thumb&quot; href=&quot;https://www.deviantart.com/olchas/art/Royal-Icing-Artoria-Pendragon-Lancer-Alter-774768574&quot; title=&quot;Royal Icing Artoria Pendragon Lancer Alter by OlchaS, Nov 30, 2018 in Fan Art &amp;gt; Manga &amp;amp; Anime &amp;gt; Digital &amp;gt; Games&quot;data-super-img=&quot;https://images-wixmp-ed30a86b8c4ca887773594c2.wixmp.com/intermediary/f/63b831f3-cc8e-4259-8c3f-2cc8f6edbda0/dct9z9a-c42ab068-d1cc-48ac-a961-300aed9accce.jpg&quot; data-super-width=&quot;601&quot; data-super-height=&quot;900&quot; data-super-transparent=&quot;false&quot; data-super-alt=&quot;Royal Icing Artoria Pendragon Lancer Alter by OlchaS&quot; data-super-full-img=&quot;https://images-wixmp-ed30a86b8c4ca887773594c2.wixmp.com/intermediary/f/63b831f3-cc8e-4259-8c3f-2cc8f6edbda0/dct9z9a-c42ab068-d1cc-48ac-a961-300aed9accce.jpg&quot; data-super-full-width=&quot;601&quot; data-super-full-height=&quot;900&quot;        data-sigil=&quot;thumb&quot;&gt;
        &lt;i&gt;&lt;/i&gt;&lt;img   width=&quot;100&quot; height=&quot;150&quot; alt=&quot;Royal Icing Artoria Pendragon Lancer Alter by OlchaS&quot; src=&quot;https://images-wixmp-ed30a86b8c4ca887773594c2.wixmp.com/intermediary/f/63b831f3-cc8e-4259-8c3f-2cc8f6edbda0/dct9z9a-c42ab068-d1cc-48ac-a961-300aed9accce.jpg/v1/fit/w_150,h_150,q_70,strp/royal_icing_artoria_pendragon_lancer_alter_by_olchas_dct9z9a-150.jpg&quot; data-src=&quot;https://images-wixmp-ed30a86b8c4ca887773594c2.wixmp.com/intermediary/f/63b831f3-cc8e-4259-8c3f-2cc8f6edbda0/dct9z9a-c42ab068-d1cc-48ac-a961-300aed9accce.jpg/v1/fit/w_150,h_150,q_70,strp/royal_icing_artoria_pendragon_lancer_alter_by_olchas_dct9z9a-150.jpg&quot; srcset=&quot;https://images-wixmp-ed30a86b8c4ca887773594c2.wixmp.com/intermediary/f/63b831f3-cc8e-4259-8c3f-2cc8f6edbda0/dct9z9a-c42ab068-d1cc-48ac-a961-300aed9accce.jpg/v1/fit/w_150,h_150,q_70,strp/royal_icing_artoria_pendragon_lancer_alter_by_olchas_dct9z9a-150.jpg 100w,https://images-wixmp-ed30a86b8c4ca887773594c2.wixmp.com/intermediary/f/63b831f3-cc8e-4259-8c3f-2cc8f6edbda0/dct9z9a-c42ab068-d1cc-48ac-a961-300aed9accce.jpg/v1/fill/w_167,h_250,q_70,strp/royal_icing_artoria_pendragon_lancer_alter_by_olchas_dct9z9a-250t.jpg 167w,https://images-wixmp-ed30a86b8c4ca887773594c2.wixmp.com/intermediary/f/63b831f3-cc8e-4259-8c3f-2cc8f6edbda0/dct9z9a-c42ab068-d1cc-48ac-a961-300aed9accce.jpg/v1/fill/w_234,h_350,q_70,strp/royal_icing_artoria_pendragon_lancer_alter_by_olchas_dct9z9a-350t.jpg 234w,https://images-wixmp-ed30a86b8c4ca887773594c2.wixmp.com/intermediary/f/63b831f3-cc8e-4259-8c3f-2cc8f6edbda0/dct9z9a-c42ab068-d1cc-48ac-a961-300aed9accce.jpg/v1/fill/w_267,h_400,q_70,strp/royal_icing_artoria_pendragon_lancer_alter_by_olchas_dct9z9a-400t.jpg 267w,https://images-wixmp-ed30a86b8c4ca887773594c2.wixmp.com/intermediary/f/63b831f3-cc8e-4259-8c3f-2cc8f6edbda0/dct9z9a-c42ab068-d1cc-48ac-a961-300aed9accce.jpg 601w&quot; sizes=&quot;100px&quot;&gt;&lt;/a&gt;&lt;/span&gt;&lt;!-- ^TTT --&gt;&lt;!-- TTT$ --&gt;&lt;/span&gt;&lt;span&gt;&amp;nbsp;&lt;/span&gt;&lt;span class=&quot;shadow-holder&quot; data-embed-type=&quot;deviation&quot; data-embed-id=&quot;778776243&quot; data-embed-format=&quot;thumb&quot;&gt;&lt;span class=&quot;shadow mild&quot; &gt;&lt;a class=&quot;thumb&quot; href=&quot;https://www.deviantart.com/olchas/art/XMas-2B-778776243&quot; title=&quot;XMas 2B by OlchaS, Dec 29, 2018 in Fan Art &amp;gt; Digital Art &amp;gt; Painting &amp;amp; Airbrushing &amp;gt; Games&quot;data-super-img=&quot;https://images-wixmp-ed30a86b8c4ca887773594c2.wixmp.com/intermediary/f/63b831f3-cc8e-4259-8c3f-2cc8f6edbda0/dcvnvlf-809a5b4e-4086-40a8-8170-527e6f1f49a2.jpg&quot; data-super-width=&quot;600&quot; data-super-height=&quot;900&quot; data-super-transparent=&quot;false&quot; data-super-alt=&quot;XMas 2B by OlchaS&quot; data-super-full-img=&quot;https://images-wixmp-ed30a86b8c4ca887773594c2.wixmp.com/intermediary/f/63b831f3-cc8e-4259-8c3f-2cc8f6edbda0/dcvnvlf-809a5b4e-4086-40a8-8170-527e6f1f49a2.jpg&quot; data-super-full-width=&quot;600&quot; data-super-full-height=&quot;900&quot;        data-sigil=&quot;thumb&quot;&gt;
        &lt;i&gt;&lt;/i&gt;&lt;img   width=&quot;100&quot; height=&quot;150&quot; alt=&quot;XMas 2B by OlchaS&quot; src=&quot;https://images-wixmp-ed30a86b8c4ca887773594c2.wixmp.com/intermediary/f/63b831f3-cc8e-4259-8c3f-2cc8f6edbda0/dcvnvlf-809a5b4e-4086-40a8-8170-527e6f1f49a2.jpg/v1/fit/w_150,h_150,q_70,strp/xmas_2b_by_olchas_dcvnvlf-150.jpg&quot; data-src=&quot;https://images-wixmp-ed30a86b8c4ca887773594c2.wixmp.com/intermediary/f/63b831f3-cc8e-4259-8c3f-2cc8f6edbda0/dcvnvlf-809a5b4e-4086-40a8-8170-527e6f1f49a2.jpg/v1/fit/w_150,h_150,q_70,strp/xmas_2b_by_olchas_dcvnvlf-150.jpg&quot; srcset=&quot;https://images-wixmp-ed30a86b8c4ca887773594c2.wixmp.com/intermediary/f/63b831f3-cc8e-4259-8c3f-2cc8f6edbda0/dcvnvlf-809a5b4e-4086-40a8-8170-527e6f1f49a2.jpg/v1/fit/w_150,h_150,q_70,strp/xmas_2b_by_olchas_dcvnvlf-150.jpg 100w,https://images-wixmp-ed30a86b8c4ca887773594c2.wixmp.com/intermediary/f/63b831f3-cc8e-4259-8c3f-2cc8f6edbda0/dcvnvlf-809a5b4e-4086-40a8-8170-527e6f1f49a2.jpg/v1/crop/w_167,h_250,x_0,y_0,scl_0.27833333333333,q_70,strp/xmas_2b_by_olchas_dcvnvlf-250t.jpg 167w,https://images-wixmp-ed30a86b8c4ca887773594c2.wixmp.com/intermediary/f/63b831f3-cc8e-4259-8c3f-2cc8f6edbda0/dcvnvlf-809a5b4e-4086-40a8-8170-527e6f1f49a2.jpg/v1/fill/w_233,h_350,q_70,strp/xmas_2b_by_olchas_dcvnvlf-350t.jpg 233w,https://images-wixmp-ed30a86b8c4ca887773594c2.wixmp.com/intermediary/f/63b831f3-cc8e-4259-8c3f-2cc8f6edbda0/dcvnvlf-809a5b4e-4086-40a8-8170-527e6f1f49a2.jpg/v1/crop/w_267,h_400,x_0,y_0,scl_0.445,q_70,strp/xmas_2b_by_olchas_dcvnvlf-400t.jpg 267w,https://images-wixmp-ed30a86b8c4ca887773594c2.wixmp.com/intermediary/f/63b831f3-cc8e-4259-8c3f-2cc8f6edbda0/dcvnvlf-809a5b4e-4086-40a8-8170-527e6f1f49a2.jpg 600w&quot; sizes=&quot;100px&quot;&gt;&lt;/a&gt;&lt;/span&gt;&lt;!-- ^TTT --&gt;&lt;!-- TTT$ --&gt;&lt;/span&gt;&lt;span&gt;&amp;nbsp;&lt;/span&gt;&lt;span class=&quot;shadow-holder&quot; data-embed-type=&quot;deviation&quot; data-embed-id=&quot;775634550&quot; data-embed-format=&quot;thumb&quot;&gt;&lt;span class=&quot;shadow mild&quot; &gt;&lt;a class=&quot;thumb&quot; href=&quot;https://www.deviantart.com/olchas/art/Belfast-775634550&quot; title=&quot;Belfast by OlchaS, Dec 6, 2018 in Fan Art &amp;gt; Manga &amp;amp; Anime &amp;gt; Digital &amp;gt; Games&quot;data-super-img=&quot;https://images-wixmp-ed30a86b8c4ca887773594c2.wixmp.com/intermediary/f/63b831f3-cc8e-4259-8c3f-2cc8f6edbda0/dctsjg6-ecc5ffb2-ab46-471b-add5-e10fb6340ca9.jpg&quot; data-super-width=&quot;600&quot; data-super-height=&quot;900&quot; data-super-transparent=&quot;false&quot; data-super-alt=&quot;Belfast by OlchaS&quot; data-super-full-img=&quot;https://images-wixmp-ed30a86b8c4ca887773594c2.wixmp.com/intermediary/f/63b831f3-cc8e-4259-8c3f-2cc8f6edbda0/dctsjg6-ecc5ffb2-ab46-471b-add5-e10fb6340ca9.jpg&quot; data-super-full-width=&quot;600&quot; data-super-full-height=&quot;900&quot;        data-sigil=&quot;thumb&quot;&gt;
        &lt;i&gt;&lt;/i&gt;&lt;img   width=&quot;100&quot; height=&quot;150&quot; alt=&quot;Belfast by OlchaS&quot; src=&quot;https://images-wixmp-ed30a86b8c4ca887773594c2.wixmp.com/intermediary/f/63b831f3-cc8e-4259-8c3f-2cc8f6edbda0/dctsjg6-ecc5ffb2-ab46-471b-add5-e10fb6340ca9.jpg/v1/fit/w_150,h_150,q_70,strp/belfast_by_olchas_dctsjg6-150.jpg&quot; data-src=&quot;https://images-wixmp-ed30a86b8c4ca887773594c2.wixmp.com/intermediary/f/63b831f3-cc8e-4259-8c3f-2cc8f6edbda0/dctsjg6-ecc5ffb2-ab46-471b-add5-e10fb6340ca9.jpg/v1/fit/w_150,h_150,q_70,strp/belfast_by_olchas_dctsjg6-150.jpg&quot; srcset=&quot;https://images-wixmp-ed30a86b8c4ca887773594c2.wixmp.com/intermediary/f/63b831f3-cc8e-4259-8c3f-2cc8f6edbda0/dctsjg6-ecc5ffb2-ab46-471b-add5-e10fb6340ca9.jpg/v1/fit/w_150,h_150,q_70,strp/belfast_by_olchas_dctsjg6-150.jpg 100w,https://images-wixmp-ed30a86b8c4ca887773594c2.wixmp.com/intermediary/f/63b831f3-cc8e-4259-8c3f-2cc8f6edbda0/dctsjg6-ecc5ffb2-ab46-471b-add5-e10fb6340ca9.jpg/v1/crop/w_167,h_250,x_0,y_0,scl_0.27833333333333,q_70,strp/belfast_by_olchas_dctsjg6-250t.jpg 167w,https://images-wixmp-ed30a86b8c4ca887773594c2.wixmp.com/intermediary/f/63b831f3-cc8e-4259-8c3f-2cc8f6edbda0/dctsjg6-ecc5ffb2-ab46-471b-add5-e10fb6340ca9.jpg/v1/fill/w_233,h_350,q_70,strp/belfast_by_olchas_dctsjg6-350t.jpg 233w,https://images-wixmp-ed30a86b8c4ca887773594c2.wixmp.com/intermediary/f/63b831f3-cc8e-4259-8c3f-2cc8f6edbda0/dctsjg6-ecc5ffb2-ab46-471b-add5-e10fb6340ca9.jpg/v1/crop/w_267,h_400,x_0,y_0,scl_0.445,q_70,strp/belfast_by_olchas_dctsjg6-400t.jpg 267w,https://images-wixmp-ed30a86b8c4ca887773594c2.wixmp.com/intermediary/f/63b831f3-cc8e-4259-8c3f-2cc8f6edbda0/dctsjg6-ecc5ffb2-ab46-471b-add5-e10fb6340ca9.jpg 600w&quot; sizes=&quot;100px&quot;&gt;&lt;/a&gt;&lt;/span&gt;&lt;!-- ^TTT --&gt;&lt;!-- TTT$ --&gt;&lt;/span&gt;&lt;/p&gt;</media:description>            <media:thumbnail url="https://t00.deviantart.net/7e0tem8yIB2SJY6m1w3IJdsbiP4=/fit-in/150x150/filters:no_upscale():origin()/pre00/32d9/th/pre/f/2019/026/2/6/mera_by_olchas-dcy3nex.jpg" height="84" width="150"/>            <media:thumbnail url="https://t00.deviantart.net/7-7BAG2FA4T6U2OGkMpSy6_gWNA=/fit-in/300x900/filters:no_upscale():origin()/pre00/32d9/th/pre/f/2019/026/2/6/mera_by_olchas-dcy3nex.jpg" height="169" width="300"/>            <media:thumbnail url="https://t00.deviantart.net/wYzlCHtLKTvT95z8ZQwemL7dilg=/300x200/filters:fixed_height(100,100):origin()/pre00/32d9/th/pre/f/2019/026/2/6/mera_by_olchas-dcy3nex.jpg" height="169" width="300"/>            <media:content url="https://orig00.deviantart.net/c6aa/f/2019/026/2/6/mera_by_olchas-dcy3nex.jpg" height="563" width="1000" medium="image"/>            
            <description>&lt;h3&gt;&lt;a href=&quot;https://www.deviantart.com/linux-rules/art/Patreon-2017-wordmark-orange-Icon-687052841&quot; class=&quot;emoticon&quot; data-embed-type=&quot;emoticon&quot; data-embed-id=&quot;687052841&quot; data-embed-profile=&quot;deviation&quot;&gt;&lt;img src=&quot;https://images-wixmp-ed30a86b8c4ca887773594c2.wixmp.com/intermediary/f/25e46574-05d5-4425-916d-e5292bb066ac/dbd1xd5-cb2c6097-a8be-46be-bb50-bd9d3ad796d4.png&quot; alt=&quot;Patreon (2017, wordmark, orange) Icon&quot; style=&quot;width:50px;height:25px&quot;&gt;&lt;/a&gt;&amp;nbsp;&lt;a class=&quot;external&quot; href=&quot;https://www.deviantart.com/users/outgoing?https://www.patreon.com/olchas&quot;&gt;Help Support me on Patreon and get special rewards &amp;lt;3&lt;/a&gt;&lt;/h3&gt;&lt;p&gt;&lt;a class=&quot;external&quot; href=&quot;https://www.deviantart.com/users/outgoing?http://olchas.tumblr.com/&quot;&gt;Tumblr&lt;/a&gt;&amp;nbsp;&amp;nbsp;&lt;a class=&quot;external&quot; href=&quot;https://www.deviantart.com/users/outgoing?https://vk.com/olchas_art&quot;&gt;VKontakte&lt;/a&gt;&amp;nbsp;&lt;a class=&quot;external&quot; href=&quot;https://www.deviantart.com/users/outgoing?https://twitter.com/OlchaSArt&quot;&gt;Twitter&lt;/a&gt;&lt;br /&gt;&lt;br /&gt;&lt;span&gt;And artwork with the first poll winner on Patreon is done, yay! \^0^/ I created many sketches with Mera and chose this one in the result. Maybe it doesn&#039;t represent the character in the best way but I really wanted to try this angle and composition, hope you enjoy &amp;#128150;&lt;br /&gt;&lt;br /&gt;&lt;/span&gt;&lt;/p&gt;&lt;p&gt;&lt;strong&gt;My awesome January patrons will get &lt;/strong&gt;(&lt;a class=&quot;external&quot; href=&quot;https://www.deviantart.com/users/outgoing?https://www.patreon.com/posts/mera-nsfw-24220579&quot;&gt;Mera :nsfw optional:&lt;/a&gt;)&lt;/p&gt;&lt;p&gt;&lt;/p&gt;&lt;p&gt;&lt;br /&gt;&lt;span&gt;&amp;#127754;&lt;/span&gt;&amp;nbsp; big-size image - new wallpaper! (two versions: as the one above and with wider hips, sfw+nsfw)&lt;br /&gt;&lt;span&gt;&amp;#127754;&lt;/span&gt;&lt;strong&gt;&amp;nbsp; NSFW&amp;nbsp;&lt;/strong&gt;version&lt;br /&gt;&lt;span&gt;&amp;#127754;&lt;/span&gt;&amp;nbsp;&amp;nbsp;step-by-step&lt;br /&gt;&lt;span&gt;&amp;#127754;&lt;/span&gt;&amp;nbsp; brushes&lt;br /&gt;&lt;br /&gt;&lt;b&gt;If you like my arts and want help me to continue to draw for you, you can support me on&lt;/b&gt;&lt;span&gt;&amp;nbsp;&lt;/span&gt;&lt;a href=&quot;https://www.deviantart.com/freakyed/art/Bullet-Patreon-455550600&quot; class=&quot;emoticon&quot; data-embed-type=&quot;emoticon&quot; data-embed-id=&quot;455550600&quot; data-embed-profile=&quot;deviation&quot;&gt;&lt;img src=&quot;https://images-wixmp-ed30a86b8c4ca887773594c2.wixmp.com/intermediary/f/e84b0e0f-dd81-4999-b6bc-536c4d32d85e/d7j813c-dc204c1d-c7d2-4616-b6bf-f40b92fae3b2.png&quot; alt=&quot;.:Bullet:. Patreon&quot; style=&quot;width:16px;height:16px&quot;&gt;&lt;/a&gt;&lt;a class=&quot;external&quot; href=&quot;https://www.deviantart.com/users/outgoing?https://www.patreon.com/olchas&quot;&gt;Patreon&lt;/a&gt;&lt;span&gt;! Any kind of help is very important to me!&lt;br /&gt;&lt;br /&gt;Thank you very-very much for favs and comments! ^3^ Wish you all a happy weekend!&lt;a href=&quot;https://www.deviantart.com/bad-blood/art/heart-rvmp-71971784&quot; class=&quot;emoticon&quot; data-embed-type=&quot;emoticon&quot; data-embed-id=&quot;71971784&quot; data-embed-profile=&quot;deviation&quot;&gt;&lt;img src=&quot;https://orig00.deviantart.net/7080/f/2007/346/3/d/_heart__rvmp_by_bad_blood.gif&quot; alt=&quot;:heart: rvmp&quot; style=&quot;width:17px;height:15px&quot;&gt;&lt;/a&gt;&amp;nbsp;&lt;br /&gt;&lt;br /&gt;&lt;/span&gt;&lt;span&gt;&lt;a href=&quot;https://www.deviantart.com/empressofroses/art/Pixel-Sparkle-Divider-2-740301912&quot; class=&quot;emoticon&quot; data-embed-type=&quot;emoticon&quot; data-embed-id=&quot;740301912&quot; data-embed-profile=&quot;deviation&quot;&gt;&lt;img src=&quot;https://orig00.deviantart.net/d3db/f/2018/103/b/d/graphs_pixelsparkledivider2_by_starlightdreamspirit-dc8r8m0.gif&quot; alt=&quot;Pixel Sparkle Divider 2&quot; style=&quot;width:59px;height:13px&quot;&gt;&lt;/a&gt;&amp;nbsp;&lt;a href=&quot;https://www.deviantart.com/empressofroses/art/Pixel-Sparkle-Divider-2-740301912&quot; class=&quot;emoticon&quot; data-embed-type=&quot;emoticon&quot; data-embed-id=&quot;740301912&quot; data-embed-profile=&quot;deviation&quot;&gt;&lt;img src=&quot;https://orig00.deviantart.net/d3db/f/2018/103/b/d/graphs_pixelsparkledivider2_by_starlightdreamspirit-dc8r8m0.gif&quot; alt=&quot;Pixel Sparkle Divider 2&quot; style=&quot;width:59px;height:13px&quot;&gt;&lt;/a&gt;&amp;nbsp;&lt;a href=&quot;https://www.deviantart.com/empressofroses/art/Pixel-Sparkle-Divider-2-740301912&quot; class=&quot;emoticon&quot; data-embed-type=&quot;emoticon&quot; data-embed-id=&quot;740301912&quot; data-embed-profile=&quot;deviation&quot;&gt;&lt;img src=&quot;https://orig00.deviantart.net/d3db/f/2018/103/b/d/graphs_pixelsparkledivider2_by_starlightdreamspirit-dc8r8m0.gif&quot; alt=&quot;Pixel Sparkle Divider 2&quot; style=&quot;width:59px;height:13px&quot;&gt;&lt;/a&gt;&amp;nbsp;&lt;br /&gt;&lt;/span&gt;&lt;span&gt;&amp;nbsp;&lt;span class=&quot;shadow-holder&quot; data-embed-type=&quot;deviation&quot; data-embed-id=&quot;781001817&quot; data-embed-format=&quot;thumb&quot;&gt;&lt;span class=&quot;shadow mild&quot; &gt;&lt;a class=&quot;thumb&quot; href=&quot;https://www.deviantart.com/olchas/art/Snow-Bunny-Riven-by-OlchaS-781001817&quot; title=&quot;Snow Bunny Riven by OlchaS by OlchaS, Jan 13, 2019 in Fan Art &amp;gt; Digital Art &amp;gt; Painting &amp;amp; Airbrushing &amp;gt; Games&quot;data-super-img=&quot;https://images-wixmp-ed30a86b8c4ca887773594c2.wixmp.com/intermediary/f/63b831f3-cc8e-4259-8c3f-2cc8f6edbda0/dcwzkux-6d6c244f-20e7-48c4-92a4-0cf5d6998389.jpg&quot; data-super-width=&quot;600&quot; data-super-height=&quot;900&quot; data-super-transparent=&quot;false&quot; data-super-alt=&quot;Snow Bunny Riven by OlchaS by OlchaS&quot; data-super-full-img=&quot;https://images-wixmp-ed30a86b8c4ca887773594c2.wixmp.com/intermediary/f/63b831f3-cc8e-4259-8c3f-2cc8f6edbda0/dcwzkux-6d6c244f-20e7-48c4-92a4-0cf5d6998389.jpg&quot; data-super-full-width=&quot;600&quot; data-super-full-height=&quot;900&quot;        data-sigil=&quot;thumb&quot;&gt;
        &lt;i&gt;&lt;/i&gt;&lt;img   width=&quot;100&quot; height=&quot;150&quot; alt=&quot;Snow Bunny Riven by OlchaS by OlchaS&quot; src=&quot;https://images-wixmp-ed30a86b8c4ca887773594c2.wixmp.com/intermediary/f/63b831f3-cc8e-4259-8c3f-2cc8f6edbda0/dcwzkux-6d6c244f-20e7-48c4-92a4-0cf5d6998389.jpg/v1/fit/w_150,h_150,q_70,strp/snow_bunny_riven_by_olchas_by_olchas_dcwzkux-150.jpg&quot; data-src=&quot;https://images-wixmp-ed30a86b8c4ca887773594c2.wixmp.com/intermediary/f/63b831f3-cc8e-4259-8c3f-2cc8f6edbda0/dcwzkux-6d6c244f-20e7-48c4-92a4-0cf5d6998389.jpg/v1/fit/w_150,h_150,q_70,strp/snow_bunny_riven_by_olchas_by_olchas_dcwzkux-150.jpg&quot; srcset=&quot;https://images-wixmp-ed30a86b8c4ca887773594c2.wixmp.com/intermediary/f/63b831f3-cc8e-4259-8c3f-2cc8f6edbda0/dcwzkux-6d6c244f-20e7-48c4-92a4-0cf5d6998389.jpg/v1/fit/w_150,h_150,q_70,strp/snow_bunny_riven_by_olchas_by_olchas_dcwzkux-150.jpg 100w,https://images-wixmp-ed30a86b8c4ca887773594c2.wixmp.com/intermediary/f/63b831f3-cc8e-4259-8c3f-2cc8f6edbda0/dcwzkux-6d6c244f-20e7-48c4-92a4-0cf5d6998389.jpg/v1/crop/w_167,h_250,x_0,y_0,scl_0.27833333333333,q_70,strp/snow_bunny_riven_by_olchas_by_olchas_dcwzkux-250t.jpg 167w,https://images-wixmp-ed30a86b8c4ca887773594c2.wixmp.com/intermediary/f/63b831f3-cc8e-4259-8c3f-2cc8f6edbda0/dcwzkux-6d6c244f-20e7-48c4-92a4-0cf5d6998389.jpg/v1/fill/w_233,h_350,q_70,strp/snow_bunny_riven_by_olchas_by_olchas_dcwzkux-350t.jpg 233w,https://images-wixmp-ed30a86b8c4ca887773594c2.wixmp.com/intermediary/f/63b831f3-cc8e-4259-8c3f-2cc8f6edbda0/dcwzkux-6d6c244f-20e7-48c4-92a4-0cf5d6998389.jpg/v1/crop/w_267,h_400,x_0,y_0,scl_0.445,q_70,strp/snow_bunny_riven_by_olchas_by_olchas_dcwzkux-400t.jpg 267w,https://images-wixmp-ed30a86b8c4ca887773594c2.wixmp.com/intermediary/f/63b831f3-cc8e-4259-8c3f-2cc8f6edbda0/dcwzkux-6d6c244f-20e7-48c4-92a4-0cf5d6998389.jpg 600w&quot; sizes=&quot;100px&quot;&gt;&lt;/a&gt;&lt;/span&gt;&lt;!-- ^TTT --&gt;&lt;!-- TTT$ --&gt;&lt;/span&gt;&lt;/span&gt;&lt;span&gt;&amp;nbsp;&lt;/span&gt;&lt;span class=&quot;shadow-holder&quot; data-embed-type=&quot;deviation&quot; data-embed-id=&quot;782302917&quot; data-embed-format=&quot;thumb&quot;&gt;&lt;span class=&quot;shadow mild&quot; &gt;&lt;a class=&quot;thumb&quot; href=&quot;https://www.deviantart.com/olchas/art/Features-of-Winter-Atago-782302917&quot; title=&quot;Features of Winter Atago by OlchaS, Jan 22, 2019 in Fan Art &amp;gt; Digital Art &amp;gt; Painting &amp;amp; Airbrushing &amp;gt; Games&quot;data-super-img=&quot;https://images-wixmp-ed30a86b8c4ca887773594c2.wixmp.com/intermediary/f/63b831f3-cc8e-4259-8c3f-2cc8f6edbda0/dcxrgsl-bf3663ce-871a-448f-89fe-7e78c910e19d.jpg&quot; data-super-width=&quot;601&quot; data-super-height=&quot;900&quot; data-super-transparent=&quot;false&quot; data-super-alt=&quot;Features of Winter Atago by OlchaS&quot; data-super-full-img=&quot;https://images-wixmp-ed30a86b8c4ca887773594c2.wixmp.com/intermediary/f/63b831f3-cc8e-4259-8c3f-2cc8f6edbda0/dcxrgsl-bf3663ce-871a-448f-89fe-7e78c910e19d.jpg&quot; data-super-full-width=&quot;601&quot; data-super-full-height=&quot;900&quot;        data-sigil=&quot;thumb&quot;&gt;
        &lt;i&gt;&lt;/i&gt;&lt;img   width=&quot;100&quot; height=&quot;150&quot; alt=&quot;Features of Winter Atago by OlchaS&quot; src=&quot;https://images-wixmp-ed30a86b8c4ca887773594c2.wixmp.com/intermediary/f/63b831f3-cc8e-4259-8c3f-2cc8f6edbda0/dcxrgsl-bf3663ce-871a-448f-89fe-7e78c910e19d.jpg/v1/fit/w_150,h_150,q_70,strp/features_of_winter_atago_by_olchas_dcxrgsl-150.jpg&quot; data-src=&quot;https://images-wixmp-ed30a86b8c4ca887773594c2.wixmp.com/intermediary/f/63b831f3-cc8e-4259-8c3f-2cc8f6edbda0/dcxrgsl-bf3663ce-871a-448f-89fe-7e78c910e19d.jpg/v1/fit/w_150,h_150,q_70,strp/features_of_winter_atago_by_olchas_dcxrgsl-150.jpg&quot; srcset=&quot;https://images-wixmp-ed30a86b8c4ca887773594c2.wixmp.com/intermediary/f/63b831f3-cc8e-4259-8c3f-2cc8f6edbda0/dcxrgsl-bf3663ce-871a-448f-89fe-7e78c910e19d.jpg/v1/fit/w_150,h_150,q_70,strp/features_of_winter_atago_by_olchas_dcxrgsl-150.jpg 100w,https://images-wixmp-ed30a86b8c4ca887773594c2.wixmp.com/intermediary/f/63b831f3-cc8e-4259-8c3f-2cc8f6edbda0/dcxrgsl-bf3663ce-871a-448f-89fe-7e78c910e19d.jpg/v1/fill/w_167,h_250,q_70,strp/features_of_winter_atago_by_olchas_dcxrgsl-250t.jpg 167w,https://images-wixmp-ed30a86b8c4ca887773594c2.wixmp.com/intermediary/f/63b831f3-cc8e-4259-8c3f-2cc8f6edbda0/dcxrgsl-bf3663ce-871a-448f-89fe-7e78c910e19d.jpg/v1/fill/w_234,h_350,q_70,strp/features_of_winter_atago_by_olchas_dcxrgsl-350t.jpg 234w,https://images-wixmp-ed30a86b8c4ca887773594c2.wixmp.com/intermediary/f/63b831f3-cc8e-4259-8c3f-2cc8f6edbda0/dcxrgsl-bf3663ce-871a-448f-89fe-7e78c910e19d.jpg/v1/fill/w_267,h_400,q_70,strp/features_of_winter_atago_by_olchas_dcxrgsl-400t.jpg 267w,https://images-wixmp-ed30a86b8c4ca887773594c2.wixmp.com/intermediary/f/63b831f3-cc8e-4259-8c3f-2cc8f6edbda0/dcxrgsl-bf3663ce-871a-448f-89fe-7e78c910e19d.jpg 601w&quot; sizes=&quot;100px&quot;&gt;&lt;/a&gt;&lt;/span&gt;&lt;!-- ^TTT --&gt;&lt;!-- TTT$ --&gt;&lt;/span&gt;&amp;nbsp;&lt;span class=&quot;shadow-holder&quot; data-embed-type=&quot;deviation&quot; data-embed-id=&quot;774768574&quot; data-embed-format=&quot;thumb&quot;&gt;&lt;span class=&quot;shadow mild&quot; &gt;&lt;a class=&quot;thumb&quot; href=&quot;https://www.deviantart.com/olchas/art/Royal-Icing-Artoria-Pendragon-Lancer-Alter-774768574&quot; title=&quot;Royal Icing Artoria Pendragon Lancer Alter by OlchaS, Nov 30, 2018 in Fan Art &amp;gt; Manga &amp;amp; Anime &amp;gt; Digital &amp;gt; Games&quot;data-super-img=&quot;https://images-wixmp-ed30a86b8c4ca887773594c2.wixmp.com/intermediary/f/63b831f3-cc8e-4259-8c3f-2cc8f6edbda0/dct9z9a-c42ab068-d1cc-48ac-a961-300aed9accce.jpg&quot; data-super-width=&quot;601&quot; data-super-height=&quot;900&quot; data-super-transparent=&quot;false&quot; data-super-alt=&quot;Royal Icing Artoria Pendragon Lancer Alter by OlchaS&quot; data-super-full-img=&quot;https://images-wixmp-ed30a86b8c4ca887773594c2.wixmp.com/intermediary/f/63b831f3-cc8e-4259-8c3f-2cc8f6edbda0/dct9z9a-c42ab068-d1cc-48ac-a961-300aed9accce.jpg&quot; data-super-full-width=&quot;601&quot; data-super-full-height=&quot;900&quot;        data-sigil=&quot;thumb&quot;&gt;
        &lt;i&gt;&lt;/i&gt;&lt;img   width=&quot;100&quot; height=&quot;150&quot; alt=&quot;Royal Icing Artoria Pendragon Lancer Alter by OlchaS&quot; src=&quot;https://images-wixmp-ed30a86b8c4ca887773594c2.wixmp.com/intermediary/f/63b831f3-cc8e-4259-8c3f-2cc8f6edbda0/dct9z9a-c42ab068-d1cc-48ac-a961-300aed9accce.jpg/v1/fit/w_150,h_150,q_70,strp/royal_icing_artoria_pendragon_lancer_alter_by_olchas_dct9z9a-150.jpg&quot; data-src=&quot;https://images-wixmp-ed30a86b8c4ca887773594c2.wixmp.com/intermediary/f/63b831f3-cc8e-4259-8c3f-2cc8f6edbda0/dct9z9a-c42ab068-d1cc-48ac-a961-300aed9accce.jpg/v1/fit/w_150,h_150,q_70,strp/royal_icing_artoria_pendragon_lancer_alter_by_olchas_dct9z9a-150.jpg&quot; srcset=&quot;https://images-wixmp-ed30a86b8c4ca887773594c2.wixmp.com/intermediary/f/63b831f3-cc8e-4259-8c3f-2cc8f6edbda0/dct9z9a-c42ab068-d1cc-48ac-a961-300aed9accce.jpg/v1/fit/w_150,h_150,q_70,strp/royal_icing_artoria_pendragon_lancer_alter_by_olchas_dct9z9a-150.jpg 100w,https://images-wixmp-ed30a86b8c4ca887773594c2.wixmp.com/intermediary/f/63b831f3-cc8e-4259-8c3f-2cc8f6edbda0/dct9z9a-c42ab068-d1cc-48ac-a961-300aed9accce.jpg/v1/fill/w_167,h_250,q_70,strp/royal_icing_artoria_pendragon_lancer_alter_by_olchas_dct9z9a-250t.jpg 167w,https://images-wixmp-ed30a86b8c4ca887773594c2.wixmp.com/intermediary/f/63b831f3-cc8e-4259-8c3f-2cc8f6edbda0/dct9z9a-c42ab068-d1cc-48ac-a961-300aed9accce.jpg/v1/fill/w_234,h_350,q_70,strp/royal_icing_artoria_pendragon_lancer_alter_by_olchas_dct9z9a-350t.jpg 234w,https://images-wixmp-ed30a86b8c4ca887773594c2.wixmp.com/intermediary/f/63b831f3-cc8e-4259-8c3f-2cc8f6edbda0/dct9z9a-c42ab068-d1cc-48ac-a961-300aed9accce.jpg/v1/fill/w_267,h_400,q_70,strp/royal_icing_artoria_pendragon_lancer_alter_by_olchas_dct9z9a-400t.jpg 267w,https://images-wixmp-ed30a86b8c4ca887773594c2.wixmp.com/intermediary/f/63b831f3-cc8e-4259-8c3f-2cc8f6edbda0/dct9z9a-c42ab068-d1cc-48ac-a961-300aed9accce.jpg 601w&quot; sizes=&quot;100px&quot;&gt;&lt;/a&gt;&lt;/span&gt;&lt;!-- ^TTT --&gt;&lt;!-- TTT$ --&gt;&lt;/span&gt;&lt;span&gt;&amp;nbsp;&lt;/span&gt;&lt;span class=&quot;shadow-holder&quot; data-embed-type=&quot;deviation&quot; data-embed-id=&quot;778776243&quot; data-embed-format=&quot;thumb&quot;&gt;&lt;span class=&quot;shadow mild&quot; &gt;&lt;a class=&quot;thumb&quot; href=&quot;https://www.deviantart.com/olchas/art/XMas-2B-778776243&quot; title=&quot;XMas 2B by OlchaS, Dec 29, 2018 in Fan Art &amp;gt; Digital Art &amp;gt; Painting &amp;amp; Airbrushing &amp;gt; Games&quot;data-super-img=&quot;https://images-wixmp-ed30a86b8c4ca887773594c2.wixmp.com/intermediary/f/63b831f3-cc8e-4259-8c3f-2cc8f6edbda0/dcvnvlf-809a5b4e-4086-40a8-8170-527e6f1f49a2.jpg&quot; data-super-width=&quot;600&quot; data-super-height=&quot;900&quot; data-super-transparent=&quot;false&quot; data-super-alt=&quot;XMas 2B by OlchaS&quot; data-super-full-img=&quot;https://images-wixmp-ed30a86b8c4ca887773594c2.wixmp.com/intermediary/f/63b831f3-cc8e-4259-8c3f-2cc8f6edbda0/dcvnvlf-809a5b4e-4086-40a8-8170-527e6f1f49a2.jpg&quot; data-super-full-width=&quot;600&quot; data-super-full-height=&quot;900&quot;        data-sigil=&quot;thumb&quot;&gt;
        &lt;i&gt;&lt;/i&gt;&lt;img   width=&quot;100&quot; height=&quot;150&quot; alt=&quot;XMas 2B by OlchaS&quot; src=&quot;https://images-wixmp-ed30a86b8c4ca887773594c2.wixmp.com/intermediary/f/63b831f3-cc8e-4259-8c3f-2cc8f6edbda0/dcvnvlf-809a5b4e-4086-40a8-8170-527e6f1f49a2.jpg/v1/fit/w_150,h_150,q_70,strp/xmas_2b_by_olchas_dcvnvlf-150.jpg&quot; data-src=&quot;https://images-wixmp-ed30a86b8c4ca887773594c2.wixmp.com/intermediary/f/63b831f3-cc8e-4259-8c3f-2cc8f6edbda0/dcvnvlf-809a5b4e-4086-40a8-8170-527e6f1f49a2.jpg/v1/fit/w_150,h_150,q_70,strp/xmas_2b_by_olchas_dcvnvlf-150.jpg&quot; srcset=&quot;https://images-wixmp-ed30a86b8c4ca887773594c2.wixmp.com/intermediary/f/63b831f3-cc8e-4259-8c3f-2cc8f6edbda0/dcvnvlf-809a5b4e-4086-40a8-8170-527e6f1f49a2.jpg/v1/fit/w_150,h_150,q_70,strp/xmas_2b_by_olchas_dcvnvlf-150.jpg 100w,https://images-wixmp-ed30a86b8c4ca887773594c2.wixmp.com/intermediary/f/63b831f3-cc8e-4259-8c3f-2cc8f6edbda0/dcvnvlf-809a5b4e-4086-40a8-8170-527e6f1f49a2.jpg/v1/crop/w_167,h_250,x_0,y_0,scl_0.27833333333333,q_70,strp/xmas_2b_by_olchas_dcvnvlf-250t.jpg 167w,https://images-wixmp-ed30a86b8c4ca887773594c2.wixmp.com/intermediary/f/63b831f3-cc8e-4259-8c3f-2cc8f6edbda0/dcvnvlf-809a5b4e-4086-40a8-8170-527e6f1f49a2.jpg/v1/fill/w_233,h_350,q_70,strp/xmas_2b_by_olchas_dcvnvlf-350t.jpg 233w,https://images-wixmp-ed30a86b8c4ca887773594c2.wixmp.com/intermediary/f/63b831f3-cc8e-4259-8c3f-2cc8f6edbda0/dcvnvlf-809a5b4e-4086-40a8-8170-527e6f1f49a2.jpg/v1/crop/w_267,h_400,x_0,y_0,scl_0.445,q_70,strp/xmas_2b_by_olchas_dcvnvlf-400t.jpg 267w,https://images-wixmp-ed30a86b8c4ca887773594c2.wixmp.com/intermediary/f/63b831f3-cc8e-4259-8c3f-2cc8f6edbda0/dcvnvlf-809a5b4e-4086-40a8-8170-527e6f1f49a2.jpg 600w&quot; sizes=&quot;100px&quot;&gt;&lt;/a&gt;&lt;/span&gt;&lt;!-- ^TTT --&gt;&lt;!-- TTT$ --&gt;&lt;/span&gt;&lt;span&gt;&amp;nbsp;&lt;/span&gt;&lt;span class=&quot;shadow-holder&quot; data-embed-type=&quot;deviation&quot; data-embed-id=&quot;775634550&quot; data-embed-format=&quot;thumb&quot;&gt;&lt;span class=&quot;shadow mild&quot; &gt;&lt;a class=&quot;thumb&quot; href=&quot;https://www.deviantart.com/olchas/art/Belfast-775634550&quot; title=&quot;Belfast by OlchaS, Dec 6, 2018 in Fan Art &amp;gt; Manga &amp;amp; Anime &amp;gt; Digital &amp;gt; Games&quot;data-super-img=&quot;https://images-wixmp-ed30a86b8c4ca887773594c2.wixmp.com/intermediary/f/63b831f3-cc8e-4259-8c3f-2cc8f6edbda0/dctsjg6-ecc5ffb2-ab46-471b-add5-e10fb6340ca9.jpg&quot; data-super-width=&quot;600&quot; data-super-height=&quot;900&quot; data-super-transparent=&quot;false&quot; data-super-alt=&quot;Belfast by OlchaS&quot; data-super-full-img=&quot;https://images-wixmp-ed30a86b8c4ca887773594c2.wixmp.com/intermediary/f/63b831f3-cc8e-4259-8c3f-2cc8f6edbda0/dctsjg6-ecc5ffb2-ab46-471b-add5-e10fb6340ca9.jpg&quot; data-super-full-width=&quot;600&quot; data-super-full-height=&quot;900&quot;        data-sigil=&quot;thumb&quot;&gt;
        &lt;i&gt;&lt;/i&gt;&lt;img   width=&quot;100&quot; height=&quot;150&quot; alt=&quot;Belfast by OlchaS&quot; src=&quot;https://images-wixmp-ed30a86b8c4ca887773594c2.wixmp.com/intermediary/f/63b831f3-cc8e-4259-8c3f-2cc8f6edbda0/dctsjg6-ecc5ffb2-ab46-471b-add5-e10fb6340ca9.jpg/v1/fit/w_150,h_150,q_70,strp/belfast_by_olchas_dctsjg6-150.jpg&quot; data-src=&quot;https://images-wixmp-ed30a86b8c4ca887773594c2.wixmp.com/intermediary/f/63b831f3-cc8e-4259-8c3f-2cc8f6edbda0/dctsjg6-ecc5ffb2-ab46-471b-add5-e10fb6340ca9.jpg/v1/fit/w_150,h_150,q_70,strp/belfast_by_olchas_dctsjg6-150.jpg&quot; srcset=&quot;https://images-wixmp-ed30a86b8c4ca887773594c2.wixmp.com/intermediary/f/63b831f3-cc8e-4259-8c3f-2cc8f6edbda0/dctsjg6-ecc5ffb2-ab46-471b-add5-e10fb6340ca9.jpg/v1/fit/w_150,h_150,q_70,strp/belfast_by_olchas_dctsjg6-150.jpg 100w,https://images-wixmp-ed30a86b8c4ca887773594c2.wixmp.com/intermediary/f/63b831f3-cc8e-4259-8c3f-2cc8f6edbda0/dctsjg6-ecc5ffb2-ab46-471b-add5-e10fb6340ca9.jpg/v1/crop/w_167,h_250,x_0,y_0,scl_0.27833333333333,q_70,strp/belfast_by_olchas_dctsjg6-250t.jpg 167w,https://images-wixmp-ed30a86b8c4ca887773594c2.wixmp.com/intermediary/f/63b831f3-cc8e-4259-8c3f-2cc8f6edbda0/dctsjg6-ecc5ffb2-ab46-471b-add5-e10fb6340ca9.jpg/v1/fill/w_233,h_350,q_70,strp/belfast_by_olchas_dctsjg6-350t.jpg 233w,https://images-wixmp-ed30a86b8c4ca887773594c2.wixmp.com/intermediary/f/63b831f3-cc8e-4259-8c3f-2cc8f6edbda0/dctsjg6-ecc5ffb2-ab46-471b-add5-e10fb6340ca9.jpg/v1/crop/w_267,h_400,x_0,y_0,scl_0.445,q_70,strp/belfast_by_olchas_dctsjg6-400t.jpg 267w,https://images-wixmp-ed30a86b8c4ca887773594c2.wixmp.com/intermediary/f/63b831f3-cc8e-4259-8c3f-2cc8f6edbda0/dctsjg6-ecc5ffb2-ab46-471b-add5-e10fb6340ca9.jpg 600w&quot; sizes=&quot;100px&quot;&gt;&lt;/a&gt;&lt;/span&gt;&lt;!-- ^TTT --&gt;&lt;!-- TTT$ --&gt;&lt;/span&gt;&lt;/p&gt;&lt;br /&gt;&lt;div&gt;&lt;img src=&quot;https://t00.deviantart.net/wYzlCHtLKTvT95z8ZQwemL7dilg=/300x200/filters:fixed_height(100,100):origin()/pre00/32d9/th/pre/f/2019/026/2/6/mera_by_olchas-dcy3nex.jpg&quot; alt=&quot;thumbnail&quot; /&gt;&lt;/div&gt;</description>            </item>
                    <item>
                <title>Modern Mogal Graffiti #003 Mysterious Dragon Daddy</title>
                <link>https://shepherd0821.deviantart.com/art/Modern-Mogal-Graffiti-003-Mysterious-Dragon-Daddy-782874761</link>
                <guid isPermaLink="true">https://shepherd0821.deviantart.com/art/Modern-Mogal-Graffiti-003-Mysterious-Dragon-Daddy-782874761</guid>
                <pubDate>Sat, 26 Jan 2019 13:54:41 PST</pubDate>
                        <media:title type="plain">Modern Mogal Graffiti #003 Mysterious Dragon Daddy</media:title>
        <media:keywords></media:keywords>
                        <media:rating>nonadult</media:rating>
                <media:category label="Pages">cartoons/digital/comics/pages</media:category>
        <media:credit role="author" scheme="urn:ebu">shepherd0821</media:credit>
        <media:credit role="author" scheme="urn:ebu">https://a.deviantart.net/avatars/s/h/shepherd0821.jpg?2</media:credit>
        <media:copyright url="https://shepherd0821.deviantart.com">Copyright 2019 shepherd0821</media:copyright>            <media:description type="html">Grrrrrrr</media:description>            <media:thumbnail url="https://t00.deviantart.net/57eI--KsS7ftpbIRoimMaWkGuzA=/fit-in/150x150/filters:no_upscale():origin()/pre00/5969/th/pre/f/2019/026/1/b/modern_mogal_graffiti__003_mysterious_dragon_daddy_by_shepherd0821-dcy3q15.jpg" height="150" width="104"/>            <media:thumbnail url="https://t00.deviantart.net/M6pTIUfVheDduw6l63HkZlqL56I=/fit-in/300x900/filters:no_upscale():origin()/pre00/5969/th/pre/f/2019/026/1/b/modern_mogal_graffiti__003_mysterious_dragon_daddy_by_shepherd0821-dcy3q15.jpg" height="435" width="300"/>            <media:thumbnail url="https://t00.deviantart.net/Cwolq7cQ7JwYE4kKX7RWANtEOXc=/300x200/filters:fixed_height(100,100):origin()/pre00/5969/th/pre/f/2019/026/1/b/modern_mogal_graffiti__003_mysterious_dragon_daddy_by_shepherd0821-dcy3q15.jpg" height="200" width="138"/>            <media:content url="https://pre00.deviantart.net/5969/th/pre/f/2019/026/1/b/modern_mogal_graffiti__003_mysterious_dragon_daddy_by_shepherd0821-dcy3q15.jpg" height="1076" width="743" medium="image"/>            
            <description>Grrrrrrr&lt;br /&gt;&lt;div&gt;&lt;img src=&quot;https://t00.deviantart.net/Cwolq7cQ7JwYE4kKX7RWANtEOXc=/300x200/filters:fixed_height(100,100):origin()/pre00/5969/th/pre/f/2019/026/1/b/modern_mogal_graffiti__003_mysterious_dragon_daddy_by_shepherd0821-dcy3q15.jpg&quot; alt=&quot;thumbnail&quot; /&gt;&lt;/div&gt;</description>            </item>
                    <item>
                <title>Dreamscape</title>
                <link>https://maplespyder.deviantart.com/art/Dreamscape-782891417</link>
                <guid isPermaLink="true">https://maplespyder.deviantart.com/art/Dreamscape-782891417</guid>
                <pubDate>Sat, 26 Jan 2019 15:55:45 PST</pubDate>
                        <media:title type="plain">Dreamscape</media:title>
        <media:keywords></media:keywords>
                        <media:rating>nonadult</media:rating>
                <media:category label="Animals">digitalart/paintings/animals</media:category>
        <media:credit role="author" scheme="urn:ebu">MapleSpyder</media:credit>
        <media:credit role="author" scheme="urn:ebu">https://a.deviantart.net/avatars/m/a/maplespyder.jpg?11</media:credit>
        <media:copyright url="https://maplespyder.deviantart.com">Copyright 2019 MapleSpyder</media:copyright>
            <media:community>
                <media:tags>@Maplespyder</media:tags>
            </media:community>            <media:description type="html">&lt;a class=&quot;external&quot; href=&quot;https://www.deviantart.com/users/outgoing?https://twitter.com/MaplespyderART&quot;&gt;Art Twitter&lt;/a&gt;&amp;nbsp;|&amp;nbsp;&lt;a class=&quot;external&quot; href=&quot;https://www.deviantart.com/users/outgoing?http://maplespyderart.tumblr.com/&quot;&gt;Art Tumblr&lt;/a&gt;&amp;nbsp;|&amp;nbsp;&amp;nbsp;&lt;a class=&quot;external&quot; href=&quot;https://www.deviantart.com/users/outgoing?https://instagram.com/maplespyder/&quot;&gt;Instagram&lt;/a&gt;&amp;nbsp;| &amp;nbsp;&lt;a class=&quot;external&quot; href=&quot;https://www.deviantart.com/users/outgoing?https://twitter.com/Maplespyder&quot;&gt;Twitter&lt;/a&gt;&amp;nbsp;|&amp;nbsp;</media:description>            <media:thumbnail url="https://t00.deviantart.net/JFLZsEU2VUBgDGh2WWQo0_YzZDE=/fit-in/150x150/filters:no_upscale():origin()/pre00/4a3b/th/pre/f/2019/026/b/5/jay2_by_maplespyder-dcy42vt.png" height="150" width="115"/>            <media:thumbnail url="https://t00.deviantart.net/8OafokyWJCmVJsPhkCYjXYbLKKY=/fit-in/300x900/filters:no_upscale():origin()/pre00/4a3b/th/pre/f/2019/026/b/5/jay2_by_maplespyder-dcy42vt.png" height="391" width="300"/>            <media:thumbnail url="https://t00.deviantart.net/W77I2VPpE9LvEfXDGUyJ-c_LrIU=/300x200/filters:fixed_height(100,100):origin()/pre00/4a3b/th/pre/f/2019/026/b/5/jay2_by_maplespyder-dcy42vt.png" height="200" width="154"/>            <media:content url="https://pre00.deviantart.net/4a3b/th/pre/f/2019/026/b/5/jay2_by_maplespyder-dcy42vt.png" height="1020" width="783" medium="image"/>            
            <description>&lt;a class=&quot;external&quot; href=&quot;https://www.deviantart.com/users/outgoing?https://twitter.com/MaplespyderART&quot;&gt;Art Twitter&lt;/a&gt;&amp;nbsp;|&amp;nbsp;&lt;a class=&quot;external&quot; href=&quot;https://www.deviantart.com/users/outgoing?http://maplespyderart.tumblr.com/&quot;&gt;Art Tumblr&lt;/a&gt;&amp;nbsp;|&amp;nbsp;&amp;nbsp;&lt;a class=&quot;external&quot; href=&quot;https://www.deviantart.com/users/outgoing?https://instagram.com/maplespyder/&quot;&gt;Instagram&lt;/a&gt;&amp;nbsp;| &amp;nbsp;&lt;a class=&quot;external&quot; href=&quot;https://www.deviantart.com/users/outgoing?https://twitter.com/Maplespyder&quot;&gt;Twitter&lt;/a&gt;&amp;nbsp;|&amp;nbsp;&lt;br /&gt;&lt;div&gt;&lt;img src=&quot;https://t00.deviantart.net/W77I2VPpE9LvEfXDGUyJ-c_LrIU=/300x200/filters:fixed_height(100,100):origin()/pre00/4a3b/th/pre/f/2019/026/b/5/jay2_by_maplespyder-dcy42vt.png&quot; alt=&quot;thumbnail&quot; /&gt;&lt;/div&gt;</description>            </item>
                    <item>
                <title>Starburst -Early Days-</title>
                <link>https://uotapo.deviantart.com/art/Starburst-Early-Days-782922656</link>
                <guid isPermaLink="true">https://uotapo.deviantart.com/art/Starburst-Early-Days-782922656</guid>
                <pubDate>Sat, 26 Jan 2019 20:23:57 PST</pubDate>
                        <media:title type="plain">Starburst -Early Days-</media:title>
        <media:keywords></media:keywords>
                        <media:rating>nonadult</media:rating>
                <media:category label="Movies &amp; TV">fanart/cartoons/digital/movies</media:category>
        <media:credit role="author" scheme="urn:ebu">uotapo</media:credit>
        <media:credit role="author" scheme="urn:ebu">https://a.deviantart.net/avatars/u/o/uotapo.jpg?1</media:credit>
        <media:copyright url="https://uotapo.deviantart.com">Copyright 2019 uotapo</media:copyright>            <media:description type="html"></media:description>            <media:thumbnail url="https://t00.deviantart.net/FoRKccj49PcBP2KYT8eakUtvADM=/fit-in/150x150/filters:no_upscale():origin()/pre00/be86/th/pre/f/2019/027/b/1/starburst__early_days__by_uotapo-dcy4qzk.jpg" height="117" width="150"/>            <media:thumbnail url="https://t00.deviantart.net/FhEeYB8n-2_WYiau0nBzAXoIeDo=/fit-in/300x900/filters:no_upscale():origin()/pre00/be86/th/pre/f/2019/027/b/1/starburst__early_days__by_uotapo-dcy4qzk.jpg" height="234" width="300"/>            <media:thumbnail url="https://t00.deviantart.net/aemJ8OgzZyq60OWekC81w6z0e44=/300x200/filters:fixed_height(100,100):origin()/pre00/be86/th/pre/f/2019/027/b/1/starburst__early_days__by_uotapo-dcy4qzk.jpg" height="200" width="256"/>            <media:content url="https://pre00.deviantart.net/be86/th/pre/f/2019/027/b/1/starburst__early_days__by_uotapo-dcy4qzk.jpg" height="789" width="1012" medium="image"/>            
            <description>&lt;br /&gt;&lt;div&gt;&lt;img src=&quot;https://t00.deviantart.net/aemJ8OgzZyq60OWekC81w6z0e44=/300x200/filters:fixed_height(100,100):origin()/pre00/be86/th/pre/f/2019/027/b/1/starburst__early_days__by_uotapo-dcy4qzk.jpg&quot; alt=&quot;thumbnail&quot; /&gt;&lt;/div&gt;</description>            </item>
                    <item>
                <title>SP - Trail</title>
                <link>https://joeyjazz.deviantart.com/art/SP-Trail-782860763</link>
                <guid isPermaLink="true">https://joeyjazz.deviantart.com/art/SP-Trail-782860763</guid>
                <pubDate>Sat, 26 Jan 2019 12:14:33 PST</pubDate>
                        <media:title type="plain">SP - Trail</media:title>
        <media:keywords></media:keywords>
                        <media:rating>nonadult</media:rating>
                <media:category label="HDTV &amp; Widescreen">customization/wallpaper/widescreen</media:category>
        <media:credit role="author" scheme="urn:ebu">JoeyJazz</media:credit>
        <media:credit role="author" scheme="urn:ebu">https://a.deviantart.net/avatars/j/o/joeyjazz.jpg?9</media:credit>
        <media:copyright url="https://joeyjazz.deviantart.com">Copyright 2019 JoeyJazz</media:copyright>            <media:description type="html">Day 26, 2 hours ... tomorrow is Sunday.. ..I hate Sundays..&lt;br /&gt;&lt;br /&gt;Pack contains:&lt;br /&gt;Resolutions:&lt;br /&gt;Standard/MAC:&lt;br /&gt;2048x1536&lt;br /&gt;1920x1536&lt;br /&gt;Widescreen:&lt;br /&gt;2560x1024&lt;br /&gt;2560x1440&lt;br /&gt;&lt;br /&gt;If you have smaller resolution, just fit it into your screen.&lt;br /&gt;&lt;br /&gt;INSTAGRAM: &lt;a class=&quot;external&quot; href=&quot;https://www.deviantart.com/users/outgoing?https://www.instagram.com/joejazzcz/&quot;&gt;www.instagram.com/joejazzcz/&lt;/a&gt;&lt;br /&gt;ARTSTATION: &lt;a class=&quot;external&quot; href=&quot;https://www.deviantart.com/users/outgoing?https://www.artstation.com/joejazz&quot;&gt;www.artstation.com/joejazz&lt;/a&gt;&lt;br /&gt;&lt;br /&gt;For your personal desktop use ONLY!&lt;br /&gt;&lt;a target=&quot;_self&quot; href=&quot;https://www.deviantart.com/donotuseplz&quot; &gt;&lt;img class=&quot;avatar&quot; width=&quot;50&quot; height=&quot;50&quot; src=&quot;https://a.deviantart.net/avatars/d/o/donotuseplz.gif?2&quot; alt=&quot;:icondonotuseplz:&quot; title=&quot;DoNotUsePlz&quot; /&gt;&lt;/a&gt;&lt;a target=&quot;_self&quot; href=&quot;https://www.deviantart.com/myartplz&quot; &gt;&lt;img class=&quot;avatar&quot; width=&quot;50&quot; height=&quot;50&quot; src=&quot;https://a.deviantart.net/avatars/m/y/myartplz.gif?2&quot; alt=&quot;:iconmyartplz:&quot; title=&quot;MyArtPlz&quot; /&gt;&lt;/a&gt;</media:description>            <media:thumbnail url="https://t00.deviantart.net/s2eb7HZU4ABosynWqc1VGwXAEBQ=/fit-in/150x150/filters:no_upscale():origin()/pre00/c89b/th/pre/i/2019/026/9/2/sp___trail_by_joeyjazz-dcy3f8b.jpg" height="84" width="150"/>            <media:thumbnail url="https://t00.deviantart.net/pElCW6OY7ngoScyY2ZzTrhmdwl4=/fit-in/300x900/filters:no_upscale():origin()/pre00/c89b/th/pre/i/2019/026/9/2/sp___trail_by_joeyjazz-dcy3f8b.jpg" height="169" width="300"/>            <media:thumbnail url="https://t00.deviantart.net/JRiGpdc2ANdF4TTgnAZIEwur6bo=/300x200/filters:fixed_height(100,100):origin()/pre00/c89b/th/pre/i/2019/026/9/2/sp___trail_by_joeyjazz-dcy3f8b.jpg" height="169" width="300"/>            <media:content url="https://img00.deviantart.net/ca08/i/2019/026/9/2/sp___trail_by_joeyjazz-dcy3f8b.jpg" height="844" width="1500"/>            
            <description>Day 26, 2 hours ... tomorrow is Sunday.. ..I hate Sundays..&lt;br /&gt;&lt;br /&gt;Pack contains:&lt;br /&gt;Resolutions:&lt;br /&gt;Standard/MAC:&lt;br /&gt;2048x1536&lt;br /&gt;1920x1536&lt;br /&gt;Widescreen:&lt;br /&gt;2560x1024&lt;br /&gt;2560x1440&lt;br /&gt;&lt;br /&gt;If you have smaller resolution, just fit it into your screen.&lt;br /&gt;&lt;br /&gt;INSTAGRAM: &lt;a class=&quot;external&quot; href=&quot;https://www.deviantart.com/users/outgoing?https://www.instagram.com/joejazzcz/&quot;&gt;www.instagram.com/joejazzcz/&lt;/a&gt;&lt;br /&gt;ARTSTATION: &lt;a class=&quot;external&quot; href=&quot;https://www.deviantart.com/users/outgoing?https://www.artstation.com/joejazz&quot;&gt;www.artstation.com/joejazz&lt;/a&gt;&lt;br /&gt;&lt;br /&gt;For your personal desktop use ONLY!&lt;br /&gt;&lt;a target=&quot;_self&quot; href=&quot;https://www.deviantart.com/donotuseplz&quot; &gt;&lt;img class=&quot;avatar&quot; width=&quot;50&quot; height=&quot;50&quot; src=&quot;https://a.deviantart.net/avatars/d/o/donotuseplz.gif?2&quot; alt=&quot;:icondonotuseplz:&quot; title=&quot;DoNotUsePlz&quot; /&gt;&lt;/a&gt;&lt;a target=&quot;_self&quot; href=&quot;https://www.deviantart.com/myartplz&quot; &gt;&lt;img class=&quot;avatar&quot; width=&quot;50&quot; height=&quot;50&quot; src=&quot;https://a.deviantart.net/avatars/m/y/myartplz.gif?2&quot; alt=&quot;:iconmyartplz:&quot; title=&quot;MyArtPlz&quot; /&gt;&lt;/a&gt;&lt;br /&gt;&lt;div&gt;&lt;img src=&quot;https://img00.deviantart.net/ca08/i/2019/026/9/2/sp___trail_by_joeyjazz-dcy3f8b.jpg&quot; alt=&quot;thumbnail&quot; /&gt;&lt;/div&gt;</description>            </item>
                    <item>
                <title>Bendy and Sonic in: hell or highspeeds</title>
                <link>https://fnafmangl.deviantart.com/art/Bendy-and-Sonic-in-hell-or-highspeeds-782863647</link>
                <guid isPermaLink="true">https://fnafmangl.deviantart.com/art/Bendy-and-Sonic-in-hell-or-highspeeds-782863647</guid>
                <pubDate>Sat, 26 Jan 2019 12:50:29 PST</pubDate>
                        <media:title type="plain">Bendy and Sonic in: hell or highspeeds</media:title>
        <media:keywords></media:keywords>
                        <media:rating>nonadult</media:rating>
                <media:category label="Games">fanart/digital/vector/games</media:category>
        <media:credit role="author" scheme="urn:ebu">fnafmangl</media:credit>
        <media:credit role="author" scheme="urn:ebu">https://a.deviantart.net/avatars/f/n/fnafmangl.png?6</media:credit>
        <media:copyright url="https://fnafmangl.deviantart.com">Copyright 2019 fnafmangl</media:copyright>
            <media:community>
                <media:tags>@Fnafmangl1</media:tags>
            </media:community>            <media:description type="html">&lt;div&gt;SANIC &lt;a href=&quot;https://www.deviantart.com/edencrafty127/art/Ya-Dun-Goofed-Now-BOI-aka-Sonic-intensifies-658247277&quot; class=&quot;emoticon&quot; data-embed-type=&quot;emoticon&quot; data-embed-id=&quot;658247277&quot; data-embed-profile=&quot;deviation&quot;&gt;&lt;img src=&quot;https://orig00.deviantart.net/a6af/f/2017/018/8/d/ya_dun_goofed_now_boi_aka_sonic_intensifies_by_edencrafty127-davwiul.gif&quot; alt=&quot;Ya Dun Goofed Now BOI aka Sonic intensifies&quot; style=&quot;width:50px;height:50px&quot;&gt;&lt;/a&gt;&amp;nbsp;&lt;br /&gt;&lt;/div&gt;&lt;div&gt;Bendy doesn&#039;t like being put aside, it&#039;s him and he alone the star of the show FUCK&lt;br /&gt;&lt;/div&gt;&lt;div&gt;&lt;br /&gt;&lt;/div&gt;&lt;div&gt;just a fun idea hohoho given that right now I&#039;m doing some Sonic stuffs&lt;/div&gt;&lt;div&gt;i hope you like!&lt;/div&gt;&lt;div&gt;&lt;h2&gt;&amp;nbsp;&amp;nbsp;&amp;nbsp;&amp;nbsp;&amp;nbsp;&amp;nbsp;&amp;nbsp;&amp;nbsp;&amp;nbsp;&amp;nbsp;&amp;nbsp;&amp;nbsp;&amp;nbsp;&amp;nbsp;&amp;nbsp;&amp;nbsp;&amp;nbsp;&amp;nbsp;&amp;nbsp;&amp;nbsp;&amp;nbsp;&amp;nbsp;&amp;nbsp;&amp;nbsp;&amp;nbsp;&amp;nbsp;&amp;nbsp;&amp;nbsp;&amp;nbsp;&amp;nbsp;&amp;nbsp;&amp;nbsp;&amp;nbsp;&amp;nbsp;&amp;nbsp;&amp;nbsp;&amp;nbsp;&amp;nbsp;&amp;nbsp;&amp;nbsp;&amp;nbsp;&amp;nbsp;&amp;nbsp;&amp;nbsp;&amp;nbsp;&amp;nbsp; &quot;Bendy and Sonic in: hell or highspeeds&quot;&lt;/h2&gt;&lt;br /&gt;&lt;div&gt;&lt;i&gt;&lt;i&gt;&lt;span&gt;&lt;span&gt;&lt;span&gt;&lt;span&gt;&lt;b&gt;&lt;span&gt;If you want others art : &lt;span class=&quot;shadow-holder&quot; data-embed-type=&quot;deviation&quot; data-embed-id=&quot;758952934&quot; data-embed-format=&quot;thumb&quot;&gt;&lt;span class=&quot;shadow mild&quot; &gt;&lt;a class=&quot;thumb&quot; href=&quot;https://www.deviantart.com/fnafmangl/art/FNAF-in-Ultimate-Custom-Night-758952934&quot; title=&quot;FNAF in: Ultimate Custom Night by fnafmangl, Aug 11, 2018 in Fan Art &amp;gt; Digital Art &amp;gt; Vector &amp;gt; Games&quot;data-super-img=&quot;https://images-wixmp-ed30a86b8c4ca887773594c2.wixmp.com/intermediary/f/d70d1263-8078-4ce3-a78f-af3f62f1f557/dcjuzty-2b85663d-5f9d-40f5-b5b2-3f3ca0ffb4c7.png&quot; data-super-width=&quot;720&quot; data-super-height=&quot;522&quot; data-super-transparent=&quot;true&quot; data-super-alt=&quot;FNAF in: Ultimate Custom Night by fnafmangl&quot; data-super-full-img=&quot;https://images-wixmp-ed30a86b8c4ca887773594c2.wixmp.com/intermediary/f/d70d1263-8078-4ce3-a78f-af3f62f1f557/dcjuzty-2b85663d-5f9d-40f5-b5b2-3f3ca0ffb4c7.png&quot; data-super-full-width=&quot;720&quot; data-super-full-height=&quot;522&quot;        data-sigil=&quot;thumb&quot;&gt;
        &lt;i&gt;&lt;/i&gt;&lt;img   width=&quot;150&quot; height=&quot;109&quot; alt=&quot;FNAF in: Ultimate Custom Night by fnafmangl&quot; src=&quot;https://images-wixmp-ed30a86b8c4ca887773594c2.wixmp.com/intermediary/f/d70d1263-8078-4ce3-a78f-af3f62f1f557/dcjuzty-2b85663d-5f9d-40f5-b5b2-3f3ca0ffb4c7.png/v1/fit/w_150,h_150,strp/fnaf_in__ultimate_custom_night_by_fnafmangl_dcjuzty-150.png&quot; data-src=&quot;https://images-wixmp-ed30a86b8c4ca887773594c2.wixmp.com/intermediary/f/d70d1263-8078-4ce3-a78f-af3f62f1f557/dcjuzty-2b85663d-5f9d-40f5-b5b2-3f3ca0ffb4c7.png/v1/fit/w_150,h_150,strp/fnaf_in__ultimate_custom_night_by_fnafmangl_dcjuzty-150.png&quot; srcset=&quot;https://images-wixmp-ed30a86b8c4ca887773594c2.wixmp.com/intermediary/f/d70d1263-8078-4ce3-a78f-af3f62f1f557/dcjuzty-2b85663d-5f9d-40f5-b5b2-3f3ca0ffb4c7.png/v1/fit/w_150,h_150,strp/fnaf_in__ultimate_custom_night_by_fnafmangl_dcjuzty-150.png 150w,https://images-wixmp-ed30a86b8c4ca887773594c2.wixmp.com/intermediary/f/d70d1263-8078-4ce3-a78f-af3f62f1f557/dcjuzty-2b85663d-5f9d-40f5-b5b2-3f3ca0ffb4c7.png/v1/fill/w_345,h_250,strp/fnaf_in__ultimate_custom_night_by_fnafmangl_dcjuzty-250t.png 345w,https://images-wixmp-ed30a86b8c4ca887773594c2.wixmp.com/intermediary/f/d70d1263-8078-4ce3-a78f-af3f62f1f557/dcjuzty-2b85663d-5f9d-40f5-b5b2-3f3ca0ffb4c7.png/v1/fill/w_483,h_350,strp/fnaf_in__ultimate_custom_night_by_fnafmangl_dcjuzty-350t.png 483w,https://images-wixmp-ed30a86b8c4ca887773594c2.wixmp.com/intermediary/f/d70d1263-8078-4ce3-a78f-af3f62f1f557/dcjuzty-2b85663d-5f9d-40f5-b5b2-3f3ca0ffb4c7.png/v1/fill/w_552,h_400,strp/fnaf_in__ultimate_custom_night_by_fnafmangl_dcjuzty-400t.png 552w,https://images-wixmp-ed30a86b8c4ca887773594c2.wixmp.com/intermediary/f/d70d1263-8078-4ce3-a78f-af3f62f1f557/dcjuzty-2b85663d-5f9d-40f5-b5b2-3f3ca0ffb4c7.png 720w&quot; sizes=&quot;150px&quot;&gt;&lt;/a&gt;&lt;/span&gt;&lt;!-- ^TTT --&gt;&lt;!-- TTT$ --&gt;&lt;/span&gt;&lt;/span&gt;&lt;/b&gt;&lt;/span&gt;&lt;/span&gt;&lt;/span&gt;&lt;/span&gt;&lt;/i&gt;&lt;/i&gt;&lt;i&gt;&lt;i&gt;&lt;span&gt;&lt;span&gt;&lt;span&gt;&lt;span&gt;&lt;b&gt;&lt;span&gt; &lt;/span&gt;&lt;/b&gt;&lt;/span&gt;&lt;/span&gt;&lt;/span&gt;&lt;/span&gt;&lt;/i&gt;&lt;/i&gt; &lt;span class=&quot;shadow-holder&quot; data-embed-type=&quot;deviation&quot; data-embed-id=&quot;772036035&quot; data-embed-format=&quot;thumb&quot;&gt;&lt;span class=&quot;shadow mild&quot; &gt;&lt;a class=&quot;thumb&quot; href=&quot;https://www.deviantart.com/fnafmangl/art/DELTARUNE-772036035&quot; title=&quot;DELTARUNE by fnafmangl, Nov 10, 2018 in Fan Art &amp;gt; Digital Art &amp;gt; Vector &amp;gt; Games&quot;data-super-img=&quot;https://images-wixmp-ed30a86b8c4ca887773594c2.wixmp.com/intermediary/f/d70d1263-8078-4ce3-a78f-af3f62f1f557/dcrnetf-6d493a18-552e-41d0-b566-69666ce1d92a.png&quot; data-super-width=&quot;654&quot; data-super-height=&quot;539&quot; data-super-transparent=&quot;false&quot; data-super-alt=&quot;DELTARUNE by fnafmangl&quot; data-super-full-img=&quot;https://images-wixmp-ed30a86b8c4ca887773594c2.wixmp.com/intermediary/f/d70d1263-8078-4ce3-a78f-af3f62f1f557/dcrnetf-6d493a18-552e-41d0-b566-69666ce1d92a.png&quot; data-super-full-width=&quot;654&quot; data-super-full-height=&quot;539&quot;        data-sigil=&quot;thumb&quot;&gt;
        &lt;i&gt;&lt;/i&gt;&lt;img   width=&quot;150&quot; height=&quot;124&quot; alt=&quot;DELTARUNE by fnafmangl&quot; src=&quot;https://images-wixmp-ed30a86b8c4ca887773594c2.wixmp.com/intermediary/f/d70d1263-8078-4ce3-a78f-af3f62f1f557/dcrnetf-6d493a18-552e-41d0-b566-69666ce1d92a.png/v1/fit/w_150,h_150,q_70,strp/deltarune_by_fnafmangl_dcrnetf-150.jpg&quot; data-src=&quot;https://images-wixmp-ed30a86b8c4ca887773594c2.wixmp.com/intermediary/f/d70d1263-8078-4ce3-a78f-af3f62f1f557/dcrnetf-6d493a18-552e-41d0-b566-69666ce1d92a.png/v1/fit/w_150,h_150,q_70,strp/deltarune_by_fnafmangl_dcrnetf-150.jpg&quot; srcset=&quot;https://images-wixmp-ed30a86b8c4ca887773594c2.wixmp.com/intermediary/f/d70d1263-8078-4ce3-a78f-af3f62f1f557/dcrnetf-6d493a18-552e-41d0-b566-69666ce1d92a.png/v1/fit/w_150,h_150,q_70,strp/deltarune_by_fnafmangl_dcrnetf-150.jpg 150w,https://images-wixmp-ed30a86b8c4ca887773594c2.wixmp.com/intermediary/f/d70d1263-8078-4ce3-a78f-af3f62f1f557/dcrnetf-6d493a18-552e-41d0-b566-69666ce1d92a.png/v1/fill/w_303,h_250,q_70,strp/deltarune_by_fnafmangl_dcrnetf-250t.jpg 303w,https://images-wixmp-ed30a86b8c4ca887773594c2.wixmp.com/intermediary/f/d70d1263-8078-4ce3-a78f-af3f62f1f557/dcrnetf-6d493a18-552e-41d0-b566-69666ce1d92a.png/v1/fill/w_425,h_350,q_70,strp/deltarune_by_fnafmangl_dcrnetf-350t.jpg 425w,https://images-wixmp-ed30a86b8c4ca887773594c2.wixmp.com/intermediary/f/d70d1263-8078-4ce3-a78f-af3f62f1f557/dcrnetf-6d493a18-552e-41d0-b566-69666ce1d92a.png/v1/fill/w_485,h_400,q_70,strp/deltarune_by_fnafmangl_dcrnetf-400t.jpg 485w,https://images-wixmp-ed30a86b8c4ca887773594c2.wixmp.com/intermediary/f/d70d1263-8078-4ce3-a78f-af3f62f1f557/dcrnetf-6d493a18-552e-41d0-b566-69666ce1d92a.png 654w&quot; sizes=&quot;150px&quot;&gt;&lt;/a&gt;&lt;/span&gt;&lt;!-- ^TTT --&gt;&lt;!-- TTT$ --&gt;&lt;/span&gt; &lt;span class=&quot;shadow-holder&quot; data-embed-type=&quot;deviation&quot; data-embed-id=&quot;774885260&quot; data-embed-format=&quot;thumb&quot;&gt;&lt;span class=&quot;shadow mild&quot; &gt;&lt;a class=&quot;thumb&quot; href=&quot;https://www.deviantart.com/fnafmangl/art/Spongebob-Squarepants-774885260&quot; title=&quot;Spongebob Squarepants by fnafmangl, Dec 1, 2018 in Fan Art &amp;gt; Digital Art &amp;gt; Vector &amp;gt; Games&quot;data-super-img=&quot;https://images-wixmp-ed30a86b8c4ca887773594c2.wixmp.com/intermediary/f/d70d1263-8078-4ce3-a78f-af3f62f1f557/dctchak-59fd4cd4-b5ed-4f8b-9509-6ef747c2f59b.png&quot; data-super-width=&quot;710&quot; data-super-height=&quot;519&quot; data-super-transparent=&quot;false&quot; data-super-alt=&quot;Spongebob Squarepants by fnafmangl&quot; data-super-full-img=&quot;https://images-wixmp-ed30a86b8c4ca887773594c2.wixmp.com/intermediary/f/d70d1263-8078-4ce3-a78f-af3f62f1f557/dctchak-59fd4cd4-b5ed-4f8b-9509-6ef747c2f59b.png&quot; data-super-full-width=&quot;710&quot; data-super-full-height=&quot;519&quot;        data-sigil=&quot;thumb&quot;&gt;
        &lt;i&gt;&lt;/i&gt;&lt;img   width=&quot;150&quot; height=&quot;110&quot; alt=&quot;Spongebob Squarepants by fnafmangl&quot; src=&quot;https://images-wixmp-ed30a86b8c4ca887773594c2.wixmp.com/intermediary/f/d70d1263-8078-4ce3-a78f-af3f62f1f557/dctchak-59fd4cd4-b5ed-4f8b-9509-6ef747c2f59b.png/v1/fit/w_150,h_150,q_70,strp/spongebob_squarepants_by_fnafmangl_dctchak-150.jpg&quot; data-src=&quot;https://images-wixmp-ed30a86b8c4ca887773594c2.wixmp.com/intermediary/f/d70d1263-8078-4ce3-a78f-af3f62f1f557/dctchak-59fd4cd4-b5ed-4f8b-9509-6ef747c2f59b.png/v1/fit/w_150,h_150,q_70,strp/spongebob_squarepants_by_fnafmangl_dctchak-150.jpg&quot; srcset=&quot;https://images-wixmp-ed30a86b8c4ca887773594c2.wixmp.com/intermediary/f/d70d1263-8078-4ce3-a78f-af3f62f1f557/dctchak-59fd4cd4-b5ed-4f8b-9509-6ef747c2f59b.png/v1/fit/w_150,h_150,q_70,strp/spongebob_squarepants_by_fnafmangl_dctchak-150.jpg 150w,https://images-wixmp-ed30a86b8c4ca887773594c2.wixmp.com/intermediary/f/d70d1263-8078-4ce3-a78f-af3f62f1f557/dctchak-59fd4cd4-b5ed-4f8b-9509-6ef747c2f59b.png/v1/fill/w_342,h_250,q_70,strp/spongebob_squarepants_by_fnafmangl_dctchak-250t.jpg 342w,https://images-wixmp-ed30a86b8c4ca887773594c2.wixmp.com/intermediary/f/d70d1263-8078-4ce3-a78f-af3f62f1f557/dctchak-59fd4cd4-b5ed-4f8b-9509-6ef747c2f59b.png/v1/fill/w_479,h_350,q_70,strp/spongebob_squarepants_by_fnafmangl_dctchak-350t.jpg 479w,https://images-wixmp-ed30a86b8c4ca887773594c2.wixmp.com/intermediary/f/d70d1263-8078-4ce3-a78f-af3f62f1f557/dctchak-59fd4cd4-b5ed-4f8b-9509-6ef747c2f59b.png/v1/fill/w_547,h_400,q_70,strp/spongebob_squarepants_by_fnafmangl_dctchak-400t.jpg 547w,https://images-wixmp-ed30a86b8c4ca887773594c2.wixmp.com/intermediary/f/d70d1263-8078-4ce3-a78f-af3f62f1f557/dctchak-59fd4cd4-b5ed-4f8b-9509-6ef747c2f59b.png 710w&quot; sizes=&quot;150px&quot;&gt;&lt;/a&gt;&lt;/span&gt;&lt;!-- ^TTT --&gt;&lt;!-- TTT$ --&gt;&lt;/span&gt;&lt;/div&gt;&lt;div&gt;&amp;nbsp; &amp;nbsp; &amp;nbsp; &amp;nbsp; &amp;nbsp; &amp;nbsp; &amp;nbsp; &amp;nbsp; &amp;nbsp; &amp;nbsp; &amp;nbsp; &amp;nbsp; &amp;nbsp; &amp;nbsp; &amp;nbsp; &amp;nbsp; &amp;nbsp; &amp;nbsp; &amp;nbsp; &amp;nbsp; &lt;span class=&quot;shadow-holder&quot; data-embed-type=&quot;deviation&quot; data-embed-id=&quot;777779907&quot; data-embed-format=&quot;thumb&quot;&gt;&lt;span class=&quot;shadow mild&quot; &gt;&lt;a class=&quot;thumb&quot; href=&quot;https://www.deviantart.com/fnafmangl/art/Batim-Fnaf-and-Cuphead-in-Happy-Holidays-777779907&quot; title=&quot;Batim, Fnaf and Cuphead in: Happy Holidays! by fnafmangl, Dec 22, 2018 in Fan Art &amp;gt; Digital Art &amp;gt; Vector &amp;gt; Games&quot;data-super-img=&quot;https://images-wixmp-ed30a86b8c4ca887773594c2.wixmp.com/intermediary/f/d70d1263-8078-4ce3-a78f-af3f62f1f557/dcv2itf-ddec1505-7b1f-4ff8-82d8-5122b4925859.png&quot; data-super-width=&quot;898&quot; data-super-height=&quot;668&quot; data-super-transparent=&quot;true&quot; data-super-alt=&quot;Batim, Fnaf and Cuphead in: Happy Holidays! by fnafmangl&quot; data-super-full-img=&quot;https://images-wixmp-ed30a86b8c4ca887773594c2.wixmp.com/intermediary/f/d70d1263-8078-4ce3-a78f-af3f62f1f557/dcv2itf-ddec1505-7b1f-4ff8-82d8-5122b4925859.png&quot; data-super-full-width=&quot;898&quot; data-super-full-height=&quot;668&quot;        data-sigil=&quot;thumb&quot;&gt;
        &lt;i&gt;&lt;/i&gt;&lt;img   width=&quot;150&quot; height=&quot;112&quot; alt=&quot;Batim, Fnaf and Cuphead in: Happy Holidays! by fnafmangl&quot; src=&quot;https://images-wixmp-ed30a86b8c4ca887773594c2.wixmp.com/intermediary/f/d70d1263-8078-4ce3-a78f-af3f62f1f557/dcv2itf-ddec1505-7b1f-4ff8-82d8-5122b4925859.png/v1/fit/w_150,h_150,strp/batim__fnaf_and_cuphead_in__happy_holidays__by_fnafmangl_dcv2itf-150.png&quot; data-src=&quot;https://images-wixmp-ed30a86b8c4ca887773594c2.wixmp.com/intermediary/f/d70d1263-8078-4ce3-a78f-af3f62f1f557/dcv2itf-ddec1505-7b1f-4ff8-82d8-5122b4925859.png/v1/fit/w_150,h_150,strp/batim__fnaf_and_cuphead_in__happy_holidays__by_fnafmangl_dcv2itf-150.png&quot; srcset=&quot;https://images-wixmp-ed30a86b8c4ca887773594c2.wixmp.com/intermediary/f/d70d1263-8078-4ce3-a78f-af3f62f1f557/dcv2itf-ddec1505-7b1f-4ff8-82d8-5122b4925859.png/v1/fit/w_150,h_150,strp/batim__fnaf_and_cuphead_in__happy_holidays__by_fnafmangl_dcv2itf-150.png 150w,https://images-wixmp-ed30a86b8c4ca887773594c2.wixmp.com/intermediary/f/d70d1263-8078-4ce3-a78f-af3f62f1f557/dcv2itf-ddec1505-7b1f-4ff8-82d8-5122b4925859.png/v1/fill/w_336,h_250,strp/batim__fnaf_and_cuphead_in__happy_holidays__by_fnafmangl_dcv2itf-250t.png 336w,https://images-wixmp-ed30a86b8c4ca887773594c2.wixmp.com/intermediary/f/d70d1263-8078-4ce3-a78f-af3f62f1f557/dcv2itf-ddec1505-7b1f-4ff8-82d8-5122b4925859.png/v1/fill/w_471,h_350,strp/batim__fnaf_and_cuphead_in__happy_holidays__by_fnafmangl_dcv2itf-350t.png 471w,https://images-wixmp-ed30a86b8c4ca887773594c2.wixmp.com/intermediary/f/d70d1263-8078-4ce3-a78f-af3f62f1f557/dcv2itf-ddec1505-7b1f-4ff8-82d8-5122b4925859.png/v1/fill/w_538,h_400,strp/batim__fnaf_and_cuphead_in__happy_holidays__by_fnafmangl_dcv2itf-400t.png 538w,https://images-wixmp-ed30a86b8c4ca887773594c2.wixmp.com/intermediary/f/d70d1263-8078-4ce3-a78f-af3f62f1f557/dcv2itf-ddec1505-7b1f-4ff8-82d8-5122b4925859.png 898w&quot; sizes=&quot;150px&quot;&gt;&lt;/a&gt;&lt;/span&gt;&lt;!-- ^TTT --&gt;&lt;!-- TTT$ --&gt;&lt;/span&gt; &lt;span class=&quot;shadow-holder&quot; data-embed-type=&quot;deviation&quot; data-embed-id=&quot;778761010&quot; data-embed-format=&quot;thumb&quot;&gt;&lt;span class=&quot;shadow mild&quot; &gt;&lt;a class=&quot;thumb&quot; href=&quot;https://www.deviantart.com/fnafmangl/art/Sonic-1930-s-style-778761010&quot; title=&quot;Sonic 1930&amp;#039;s style by fnafmangl, Dec 29, 2018 in Fan Art &amp;gt; Digital Art &amp;gt; Vector &amp;gt; Games&quot;data-super-img=&quot;https://images-wixmp-ed30a86b8c4ca887773594c2.wixmp.com/intermediary/f/d70d1263-8078-4ce3-a78f-af3f62f1f557/dcvnjua-2dd3838b-97f5-4f75-ac35-5c2c0d1d1722.png/v1/fill/w_600,h_483,strp/sonic_1930_s_style_by_fnafmangl_dcvnjua-fullview.png&quot; data-super-width=&quot;600&quot; data-super-height=&quot;483&quot; data-super-transparent=&quot;true&quot; data-super-alt=&quot;Sonic 1930&amp;#039;s style by fnafmangl&quot; data-super-full-img=&quot;https://images-wixmp-ed30a86b8c4ca887773594c2.wixmp.com/intermediary/f/d70d1263-8078-4ce3-a78f-af3f62f1f557/dcvnjua-2dd3838b-97f5-4f75-ac35-5c2c0d1d1722.png/v1/fill/w_600,h_483,strp/sonic_1930_s_style_by_fnafmangl_dcvnjua-fullview.png&quot; data-super-full-width=&quot;600&quot; data-super-full-height=&quot;483&quot;        data-sigil=&quot;thumb&quot;&gt;
        &lt;i&gt;&lt;/i&gt;&lt;img   width=&quot;150&quot; height=&quot;121&quot; alt=&quot;Sonic 1930&amp;#039;s style by fnafmangl&quot; src=&quot;https://images-wixmp-ed30a86b8c4ca887773594c2.wixmp.com/intermediary/f/d70d1263-8078-4ce3-a78f-af3f62f1f557/dcvnjua-2dd3838b-97f5-4f75-ac35-5c2c0d1d1722.png/v1/fit/w_150,h_150,strp/sonic_1930_s_style_by_fnafmangl_dcvnjua-150.png&quot; data-src=&quot;https://images-wixmp-ed30a86b8c4ca887773594c2.wixmp.com/intermediary/f/d70d1263-8078-4ce3-a78f-af3f62f1f557/dcvnjua-2dd3838b-97f5-4f75-ac35-5c2c0d1d1722.png/v1/fit/w_150,h_150,strp/sonic_1930_s_style_by_fnafmangl_dcvnjua-150.png&quot; srcset=&quot;https://images-wixmp-ed30a86b8c4ca887773594c2.wixmp.com/intermediary/f/d70d1263-8078-4ce3-a78f-af3f62f1f557/dcvnjua-2dd3838b-97f5-4f75-ac35-5c2c0d1d1722.png/v1/fit/w_150,h_150,strp/sonic_1930_s_style_by_fnafmangl_dcvnjua-150.png 150w,https://images-wixmp-ed30a86b8c4ca887773594c2.wixmp.com/intermediary/f/d70d1263-8078-4ce3-a78f-af3f62f1f557/dcvnjua-2dd3838b-97f5-4f75-ac35-5c2c0d1d1722.png/v1/fill/w_311,h_250,strp/sonic_1930_s_style_by_fnafmangl_dcvnjua-250t.png 311w,https://images-wixmp-ed30a86b8c4ca887773594c2.wixmp.com/intermediary/f/d70d1263-8078-4ce3-a78f-af3f62f1f557/dcvnjua-2dd3838b-97f5-4f75-ac35-5c2c0d1d1722.png/v1/fill/w_435,h_350,strp/sonic_1930_s_style_by_fnafmangl_dcvnjua-350t.png 435w,https://images-wixmp-ed30a86b8c4ca887773594c2.wixmp.com/intermediary/f/d70d1263-8078-4ce3-a78f-af3f62f1f557/dcvnjua-2dd3838b-97f5-4f75-ac35-5c2c0d1d1722.png/v1/fill/w_497,h_400,strp/sonic_1930_s_style_by_fnafmangl_dcvnjua-400t.png 497w,https://images-wixmp-ed30a86b8c4ca887773594c2.wixmp.com/intermediary/f/d70d1263-8078-4ce3-a78f-af3f62f1f557/dcvnjua-2dd3838b-97f5-4f75-ac35-5c2c0d1d1722.png/v1/fill/w_600,h_483,strp/sonic_1930_s_style_by_fnafmangl_dcvnjua-fullview.png 600w&quot; sizes=&quot;150px&quot;&gt;&lt;/a&gt;&lt;/span&gt;&lt;!-- ^TTT --&gt;&lt;!-- TTT$ --&gt;&lt;/span&gt; &lt;span class=&quot;shadow-holder&quot; data-embed-type=&quot;deviation&quot; data-embed-id=&quot;780848405&quot; data-embed-format=&quot;thumb&quot;&gt;&lt;span class=&quot;shadow mild&quot; &gt;&lt;a class=&quot;thumb&quot; href=&quot;https://www.deviantart.com/fnafmangl/art/Sonic-and-friends-780848405&quot; title=&quot;Sonic and friends by fnafmangl, Jan 12, 2019 in Fan Art &amp;gt; Digital Art &amp;gt; Vector &amp;gt; Games&quot;data-super-img=&quot;https://images-wixmp-ed30a86b8c4ca887773594c2.wixmp.com/intermediary/f/d70d1263-8078-4ce3-a78f-af3f62f1f557/dcwwahh-d5b895da-9801-4f35-bfc4-aa953f3fb1f5.png&quot; data-super-width=&quot;649&quot; data-super-height=&quot;522&quot; data-super-transparent=&quot;true&quot; data-super-alt=&quot;Sonic and friends by fnafmangl&quot; data-super-full-img=&quot;https://images-wixmp-ed30a86b8c4ca887773594c2.wixmp.com/intermediary/f/d70d1263-8078-4ce3-a78f-af3f62f1f557/dcwwahh-d5b895da-9801-4f35-bfc4-aa953f3fb1f5.png&quot; data-super-full-width=&quot;649&quot; data-super-full-height=&quot;522&quot;        data-sigil=&quot;thumb&quot;&gt;
        &lt;i&gt;&lt;/i&gt;&lt;img   width=&quot;150&quot; height=&quot;121&quot; alt=&quot;Sonic and friends by fnafmangl&quot; src=&quot;https://images-wixmp-ed30a86b8c4ca887773594c2.wixmp.com/intermediary/f/d70d1263-8078-4ce3-a78f-af3f62f1f557/dcwwahh-d5b895da-9801-4f35-bfc4-aa953f3fb1f5.png/v1/fit/w_150,h_150,strp/sonic_and_friends_by_fnafmangl_dcwwahh-150.png&quot; data-src=&quot;https://images-wixmp-ed30a86b8c4ca887773594c2.wixmp.com/intermediary/f/d70d1263-8078-4ce3-a78f-af3f62f1f557/dcwwahh-d5b895da-9801-4f35-bfc4-aa953f3fb1f5.png/v1/fit/w_150,h_150,strp/sonic_and_friends_by_fnafmangl_dcwwahh-150.png&quot; srcset=&quot;https://images-wixmp-ed30a86b8c4ca887773594c2.wixmp.com/intermediary/f/d70d1263-8078-4ce3-a78f-af3f62f1f557/dcwwahh-d5b895da-9801-4f35-bfc4-aa953f3fb1f5.png/v1/fit/w_150,h_150,strp/sonic_and_friends_by_fnafmangl_dcwwahh-150.png 150w,https://images-wixmp-ed30a86b8c4ca887773594c2.wixmp.com/intermediary/f/d70d1263-8078-4ce3-a78f-af3f62f1f557/dcwwahh-d5b895da-9801-4f35-bfc4-aa953f3fb1f5.png/v1/fill/w_311,h_250,strp/sonic_and_friends_by_fnafmangl_dcwwahh-250t.png 311w,https://images-wixmp-ed30a86b8c4ca887773594c2.wixmp.com/intermediary/f/d70d1263-8078-4ce3-a78f-af3f62f1f557/dcwwahh-d5b895da-9801-4f35-bfc4-aa953f3fb1f5.png/v1/fill/w_435,h_350,strp/sonic_and_friends_by_fnafmangl_dcwwahh-350t.png 435w,https://images-wixmp-ed30a86b8c4ca887773594c2.wixmp.com/intermediary/f/d70d1263-8078-4ce3-a78f-af3f62f1f557/dcwwahh-d5b895da-9801-4f35-bfc4-aa953f3fb1f5.png/v1/fill/w_497,h_400,strp/sonic_and_friends_by_fnafmangl_dcwwahh-400t.png 497w,https://images-wixmp-ed30a86b8c4ca887773594c2.wixmp.com/intermediary/f/d70d1263-8078-4ce3-a78f-af3f62f1f557/dcwwahh-d5b895da-9801-4f35-bfc4-aa953f3fb1f5.png 649w&quot; sizes=&quot;150px&quot;&gt;&lt;/a&gt;&lt;/span&gt;&lt;!-- ^TTT --&gt;&lt;!-- TTT$ --&gt;&lt;/span&gt;&lt;br /&gt;&lt;/div&gt;&lt;div&gt;&lt;div&gt;&lt;i&gt;&lt;i&gt;&lt;span&gt;&lt;span&gt;&lt;i&gt;&lt;i&gt;&lt;span&gt;&lt;span&gt;&lt;br /&gt;&lt;/span&gt;&lt;/span&gt;&lt;/i&gt;&lt;/i&gt;&lt;/span&gt;&lt;/span&gt;&lt;/i&gt;&lt;/i&gt;&lt;/div&gt;&lt;div&gt;&lt;i&gt;&lt;i&gt;&lt;span&gt;&lt;span&gt;Sonic the hedgehog &amp;#169; &lt;/span&gt;&lt;/span&gt;&lt;/i&gt;Sega&lt;/i&gt;&lt;/div&gt;&lt;div&gt;&lt;i&gt;Bendy and the ink machine &lt;/i&gt;&lt;i&gt;&lt;i&gt;&lt;span&gt;&lt;span&gt;&amp;#169; themealty&lt;/span&gt;&lt;/span&gt;&lt;/i&gt;&lt;/i&gt;&lt;br /&gt;&lt;i&gt;&lt;i&gt;&lt;span&gt;&lt;span&gt;&lt;/span&gt;&lt;/span&gt;&lt;/i&gt;&lt;i&gt;&lt;span&gt;&lt;span&gt;&lt;/span&gt;&lt;span&gt;Draw &amp;#169;&lt;span&gt;&lt;span class=&quot;username-with-symbol u&quot;&gt;&lt;a class=&quot;u premium username&quot; href=&quot;https://www.deviantart.com/fnafmangl&quot;&gt;fnafmangl&lt;/a&gt;&lt;span class=&quot;user-symbol premium&quot; data-quicktip-text=&quot;Core Member&quot; data-show-tooltip=&quot;1&quot; data-gruser-type=&quot;premium&quot;&gt;&lt;/span&gt;&lt;/span&gt; me &lt;/span&gt;&lt;/span&gt;&lt;/span&gt;&lt;/i&gt;&lt;/i&gt;&lt;/div&gt;&lt;/div&gt;&lt;/div&gt;</media:description>            <media:thumbnail url="https://t00.deviantart.net/ERNrx-L71XUPSfEhTF1THHsNyWQ=/fit-in/150x150/filters:no_upscale():origin()/pre00/1700/th/pre/f/2019/027/b/d/bendy_and_sonic_in__hell_or_highspeeds_by_fnafmangl-dcy3hgf.png" height="99" width="150"/>            <media:thumbnail url="https://t00.deviantart.net/WBfQ1GbrPu6BEi_lcmK07DNwuKc=/fit-in/300x900/filters:no_upscale():origin()/pre00/1700/th/pre/f/2019/027/b/d/bendy_and_sonic_in__hell_or_highspeeds_by_fnafmangl-dcy3hgf.png" height="199" width="300"/>            <media:thumbnail url="https://t00.deviantart.net/eAZUR0nIHvLIftYfudS6Gc3tmWE=/300x200/filters:fixed_height(100,100):origin()/pre00/1700/th/pre/f/2019/027/b/d/bendy_and_sonic_in__hell_or_highspeeds_by_fnafmangl-dcy3hgf.png" height="199" width="300"/>            <media:content url="https://orig00.deviantart.net/4eb3/f/2019/027/b/d/bendy_and_sonic_in__hell_or_highspeeds_by_fnafmangl-dcy3hgf.png" height="423" width="638" medium="image"/>            
            <description>&lt;div&gt;SANIC &lt;a href=&quot;https://www.deviantart.com/edencrafty127/art/Ya-Dun-Goofed-Now-BOI-aka-Sonic-intensifies-658247277&quot; class=&quot;emoticon&quot; data-embed-type=&quot;emoticon&quot; data-embed-id=&quot;658247277&quot; data-embed-profile=&quot;deviation&quot;&gt;&lt;img src=&quot;https://orig00.deviantart.net/a6af/f/2017/018/8/d/ya_dun_goofed_now_boi_aka_sonic_intensifies_by_edencrafty127-davwiul.gif&quot; alt=&quot;Ya Dun Goofed Now BOI aka Sonic intensifies&quot; style=&quot;width:50px;height:50px&quot;&gt;&lt;/a&gt;&amp;nbsp;&lt;br /&gt;&lt;/div&gt;&lt;div&gt;Bendy doesn&#039;t like being put aside, it&#039;s him and he alone the star of the show FUCK&lt;br /&gt;&lt;/div&gt;&lt;div&gt;&lt;br /&gt;&lt;/div&gt;&lt;div&gt;just a fun idea hohoho given that right now I&#039;m doing some Sonic stuffs&lt;/div&gt;&lt;div&gt;i hope you like!&lt;/div&gt;&lt;div&gt;&lt;h2&gt;&amp;nbsp;&amp;nbsp;&amp;nbsp;&amp;nbsp;&amp;nbsp;&amp;nbsp;&amp;nbsp;&amp;nbsp;&amp;nbsp;&amp;nbsp;&amp;nbsp;&amp;nbsp;&amp;nbsp;&amp;nbsp;&amp;nbsp;&amp;nbsp;&amp;nbsp;&amp;nbsp;&amp;nbsp;&amp;nbsp;&amp;nbsp;&amp;nbsp;&amp;nbsp;&amp;nbsp;&amp;nbsp;&amp;nbsp;&amp;nbsp;&amp;nbsp;&amp;nbsp;&amp;nbsp;&amp;nbsp;&amp;nbsp;&amp;nbsp;&amp;nbsp;&amp;nbsp;&amp;nbsp;&amp;nbsp;&amp;nbsp;&amp;nbsp;&amp;nbsp;&amp;nbsp;&amp;nbsp;&amp;nbsp;&amp;nbsp;&amp;nbsp;&amp;nbsp; &quot;Bendy and Sonic in: hell or highspeeds&quot;&lt;/h2&gt;&lt;br /&gt;&lt;div&gt;&lt;i&gt;&lt;i&gt;&lt;span&gt;&lt;span&gt;&lt;span&gt;&lt;span&gt;&lt;b&gt;&lt;span&gt;If you want others art : &lt;span class=&quot;shadow-holder&quot; data-embed-type=&quot;deviation&quot; data-embed-id=&quot;758952934&quot; data-embed-format=&quot;thumb&quot;&gt;&lt;span class=&quot;shadow mild&quot; &gt;&lt;a class=&quot;thumb&quot; href=&quot;https://www.deviantart.com/fnafmangl/art/FNAF-in-Ultimate-Custom-Night-758952934&quot; title=&quot;FNAF in: Ultimate Custom Night by fnafmangl, Aug 11, 2018 in Fan Art &amp;gt; Digital Art &amp;gt; Vector &amp;gt; Games&quot;data-super-img=&quot;https://images-wixmp-ed30a86b8c4ca887773594c2.wixmp.com/intermediary/f/d70d1263-8078-4ce3-a78f-af3f62f1f557/dcjuzty-2b85663d-5f9d-40f5-b5b2-3f3ca0ffb4c7.png&quot; data-super-width=&quot;720&quot; data-super-height=&quot;522&quot; data-super-transparent=&quot;true&quot; data-super-alt=&quot;FNAF in: Ultimate Custom Night by fnafmangl&quot; data-super-full-img=&quot;https://images-wixmp-ed30a86b8c4ca887773594c2.wixmp.com/intermediary/f/d70d1263-8078-4ce3-a78f-af3f62f1f557/dcjuzty-2b85663d-5f9d-40f5-b5b2-3f3ca0ffb4c7.png&quot; data-super-full-width=&quot;720&quot; data-super-full-height=&quot;522&quot;        data-sigil=&quot;thumb&quot;&gt;
        &lt;i&gt;&lt;/i&gt;&lt;img   width=&quot;150&quot; height=&quot;109&quot; alt=&quot;FNAF in: Ultimate Custom Night by fnafmangl&quot; src=&quot;https://images-wixmp-ed30a86b8c4ca887773594c2.wixmp.com/intermediary/f/d70d1263-8078-4ce3-a78f-af3f62f1f557/dcjuzty-2b85663d-5f9d-40f5-b5b2-3f3ca0ffb4c7.png/v1/fit/w_150,h_150,strp/fnaf_in__ultimate_custom_night_by_fnafmangl_dcjuzty-150.png&quot; data-src=&quot;https://images-wixmp-ed30a86b8c4ca887773594c2.wixmp.com/intermediary/f/d70d1263-8078-4ce3-a78f-af3f62f1f557/dcjuzty-2b85663d-5f9d-40f5-b5b2-3f3ca0ffb4c7.png/v1/fit/w_150,h_150,strp/fnaf_in__ultimate_custom_night_by_fnafmangl_dcjuzty-150.png&quot; srcset=&quot;https://images-wixmp-ed30a86b8c4ca887773594c2.wixmp.com/intermediary/f/d70d1263-8078-4ce3-a78f-af3f62f1f557/dcjuzty-2b85663d-5f9d-40f5-b5b2-3f3ca0ffb4c7.png/v1/fit/w_150,h_150,strp/fnaf_in__ultimate_custom_night_by_fnafmangl_dcjuzty-150.png 150w,https://images-wixmp-ed30a86b8c4ca887773594c2.wixmp.com/intermediary/f/d70d1263-8078-4ce3-a78f-af3f62f1f557/dcjuzty-2b85663d-5f9d-40f5-b5b2-3f3ca0ffb4c7.png/v1/fill/w_345,h_250,strp/fnaf_in__ultimate_custom_night_by_fnafmangl_dcjuzty-250t.png 345w,https://images-wixmp-ed30a86b8c4ca887773594c2.wixmp.com/intermediary/f/d70d1263-8078-4ce3-a78f-af3f62f1f557/dcjuzty-2b85663d-5f9d-40f5-b5b2-3f3ca0ffb4c7.png/v1/fill/w_483,h_350,strp/fnaf_in__ultimate_custom_night_by_fnafmangl_dcjuzty-350t.png 483w,https://images-wixmp-ed30a86b8c4ca887773594c2.wixmp.com/intermediary/f/d70d1263-8078-4ce3-a78f-af3f62f1f557/dcjuzty-2b85663d-5f9d-40f5-b5b2-3f3ca0ffb4c7.png/v1/fill/w_552,h_400,strp/fnaf_in__ultimate_custom_night_by_fnafmangl_dcjuzty-400t.png 552w,https://images-wixmp-ed30a86b8c4ca887773594c2.wixmp.com/intermediary/f/d70d1263-8078-4ce3-a78f-af3f62f1f557/dcjuzty-2b85663d-5f9d-40f5-b5b2-3f3ca0ffb4c7.png 720w&quot; sizes=&quot;150px&quot;&gt;&lt;/a&gt;&lt;/span&gt;&lt;!-- ^TTT --&gt;&lt;!-- TTT$ --&gt;&lt;/span&gt;&lt;/span&gt;&lt;/b&gt;&lt;/span&gt;&lt;/span&gt;&lt;/span&gt;&lt;/span&gt;&lt;/i&gt;&lt;/i&gt;&lt;i&gt;&lt;i&gt;&lt;span&gt;&lt;span&gt;&lt;span&gt;&lt;span&gt;&lt;b&gt;&lt;span&gt; &lt;/span&gt;&lt;/b&gt;&lt;/span&gt;&lt;/span&gt;&lt;/span&gt;&lt;/span&gt;&lt;/i&gt;&lt;/i&gt; &lt;span class=&quot;shadow-holder&quot; data-embed-type=&quot;deviation&quot; data-embed-id=&quot;772036035&quot; data-embed-format=&quot;thumb&quot;&gt;&lt;span class=&quot;shadow mild&quot; &gt;&lt;a class=&quot;thumb&quot; href=&quot;https://www.deviantart.com/fnafmangl/art/DELTARUNE-772036035&quot; title=&quot;DELTARUNE by fnafmangl, Nov 10, 2018 in Fan Art &amp;gt; Digital Art &amp;gt; Vector &amp;gt; Games&quot;data-super-img=&quot;https://images-wixmp-ed30a86b8c4ca887773594c2.wixmp.com/intermediary/f/d70d1263-8078-4ce3-a78f-af3f62f1f557/dcrnetf-6d493a18-552e-41d0-b566-69666ce1d92a.png&quot; data-super-width=&quot;654&quot; data-super-height=&quot;539&quot; data-super-transparent=&quot;false&quot; data-super-alt=&quot;DELTARUNE by fnafmangl&quot; data-super-full-img=&quot;https://images-wixmp-ed30a86b8c4ca887773594c2.wixmp.com/intermediary/f/d70d1263-8078-4ce3-a78f-af3f62f1f557/dcrnetf-6d493a18-552e-41d0-b566-69666ce1d92a.png&quot; data-super-full-width=&quot;654&quot; data-super-full-height=&quot;539&quot;        data-sigil=&quot;thumb&quot;&gt;
        &lt;i&gt;&lt;/i&gt;&lt;img   width=&quot;150&quot; height=&quot;124&quot; alt=&quot;DELTARUNE by fnafmangl&quot; src=&quot;https://images-wixmp-ed30a86b8c4ca887773594c2.wixmp.com/intermediary/f/d70d1263-8078-4ce3-a78f-af3f62f1f557/dcrnetf-6d493a18-552e-41d0-b566-69666ce1d92a.png/v1/fit/w_150,h_150,q_70,strp/deltarune_by_fnafmangl_dcrnetf-150.jpg&quot; data-src=&quot;https://images-wixmp-ed30a86b8c4ca887773594c2.wixmp.com/intermediary/f/d70d1263-8078-4ce3-a78f-af3f62f1f557/dcrnetf-6d493a18-552e-41d0-b566-69666ce1d92a.png/v1/fit/w_150,h_150,q_70,strp/deltarune_by_fnafmangl_dcrnetf-150.jpg&quot; srcset=&quot;https://images-wixmp-ed30a86b8c4ca887773594c2.wixmp.com/intermediary/f/d70d1263-8078-4ce3-a78f-af3f62f1f557/dcrnetf-6d493a18-552e-41d0-b566-69666ce1d92a.png/v1/fit/w_150,h_150,q_70,strp/deltarune_by_fnafmangl_dcrnetf-150.jpg 150w,https://images-wixmp-ed30a86b8c4ca887773594c2.wixmp.com/intermediary/f/d70d1263-8078-4ce3-a78f-af3f62f1f557/dcrnetf-6d493a18-552e-41d0-b566-69666ce1d92a.png/v1/fill/w_303,h_250,q_70,strp/deltarune_by_fnafmangl_dcrnetf-250t.jpg 303w,https://images-wixmp-ed30a86b8c4ca887773594c2.wixmp.com/intermediary/f/d70d1263-8078-4ce3-a78f-af3f62f1f557/dcrnetf-6d493a18-552e-41d0-b566-69666ce1d92a.png/v1/fill/w_425,h_350,q_70,strp/deltarune_by_fnafmangl_dcrnetf-350t.jpg 425w,https://images-wixmp-ed30a86b8c4ca887773594c2.wixmp.com/intermediary/f/d70d1263-8078-4ce3-a78f-af3f62f1f557/dcrnetf-6d493a18-552e-41d0-b566-69666ce1d92a.png/v1/fill/w_485,h_400,q_70,strp/deltarune_by_fnafmangl_dcrnetf-400t.jpg 485w,https://images-wixmp-ed30a86b8c4ca887773594c2.wixmp.com/intermediary/f/d70d1263-8078-4ce3-a78f-af3f62f1f557/dcrnetf-6d493a18-552e-41d0-b566-69666ce1d92a.png 654w&quot; sizes=&quot;150px&quot;&gt;&lt;/a&gt;&lt;/span&gt;&lt;!-- ^TTT --&gt;&lt;!-- TTT$ --&gt;&lt;/span&gt; &lt;span class=&quot;shadow-holder&quot; data-embed-type=&quot;deviation&quot; data-embed-id=&quot;774885260&quot; data-embed-format=&quot;thumb&quot;&gt;&lt;span class=&quot;shadow mild&quot; &gt;&lt;a class=&quot;thumb&quot; href=&quot;https://www.deviantart.com/fnafmangl/art/Spongebob-Squarepants-774885260&quot; title=&quot;Spongebob Squarepants by fnafmangl, Dec 1, 2018 in Fan Art &amp;gt; Digital Art &amp;gt; Vector &amp;gt; Games&quot;data-super-img=&quot;https://images-wixmp-ed30a86b8c4ca887773594c2.wixmp.com/intermediary/f/d70d1263-8078-4ce3-a78f-af3f62f1f557/dctchak-59fd4cd4-b5ed-4f8b-9509-6ef747c2f59b.png&quot; data-super-width=&quot;710&quot; data-super-height=&quot;519&quot; data-super-transparent=&quot;false&quot; data-super-alt=&quot;Spongebob Squarepants by fnafmangl&quot; data-super-full-img=&quot;https://images-wixmp-ed30a86b8c4ca887773594c2.wixmp.com/intermediary/f/d70d1263-8078-4ce3-a78f-af3f62f1f557/dctchak-59fd4cd4-b5ed-4f8b-9509-6ef747c2f59b.png&quot; data-super-full-width=&quot;710&quot; data-super-full-height=&quot;519&quot;        data-sigil=&quot;thumb&quot;&gt;
        &lt;i&gt;&lt;/i&gt;&lt;img   width=&quot;150&quot; height=&quot;110&quot; alt=&quot;Spongebob Squarepants by fnafmangl&quot; src=&quot;https://images-wixmp-ed30a86b8c4ca887773594c2.wixmp.com/intermediary/f/d70d1263-8078-4ce3-a78f-af3f62f1f557/dctchak-59fd4cd4-b5ed-4f8b-9509-6ef747c2f59b.png/v1/fit/w_150,h_150,q_70,strp/spongebob_squarepants_by_fnafmangl_dctchak-150.jpg&quot; data-src=&quot;https://images-wixmp-ed30a86b8c4ca887773594c2.wixmp.com/intermediary/f/d70d1263-8078-4ce3-a78f-af3f62f1f557/dctchak-59fd4cd4-b5ed-4f8b-9509-6ef747c2f59b.png/v1/fit/w_150,h_150,q_70,strp/spongebob_squarepants_by_fnafmangl_dctchak-150.jpg&quot; srcset=&quot;https://images-wixmp-ed30a86b8c4ca887773594c2.wixmp.com/intermediary/f/d70d1263-8078-4ce3-a78f-af3f62f1f557/dctchak-59fd4cd4-b5ed-4f8b-9509-6ef747c2f59b.png/v1/fit/w_150,h_150,q_70,strp/spongebob_squarepants_by_fnafmangl_dctchak-150.jpg 150w,https://images-wixmp-ed30a86b8c4ca887773594c2.wixmp.com/intermediary/f/d70d1263-8078-4ce3-a78f-af3f62f1f557/dctchak-59fd4cd4-b5ed-4f8b-9509-6ef747c2f59b.png/v1/fill/w_342,h_250,q_70,strp/spongebob_squarepants_by_fnafmangl_dctchak-250t.jpg 342w,https://images-wixmp-ed30a86b8c4ca887773594c2.wixmp.com/intermediary/f/d70d1263-8078-4ce3-a78f-af3f62f1f557/dctchak-59fd4cd4-b5ed-4f8b-9509-6ef747c2f59b.png/v1/fill/w_479,h_350,q_70,strp/spongebob_squarepants_by_fnafmangl_dctchak-350t.jpg 479w,https://images-wixmp-ed30a86b8c4ca887773594c2.wixmp.com/intermediary/f/d70d1263-8078-4ce3-a78f-af3f62f1f557/dctchak-59fd4cd4-b5ed-4f8b-9509-6ef747c2f59b.png/v1/fill/w_547,h_400,q_70,strp/spongebob_squarepants_by_fnafmangl_dctchak-400t.jpg 547w,https://images-wixmp-ed30a86b8c4ca887773594c2.wixmp.com/intermediary/f/d70d1263-8078-4ce3-a78f-af3f62f1f557/dctchak-59fd4cd4-b5ed-4f8b-9509-6ef747c2f59b.png 710w&quot; sizes=&quot;150px&quot;&gt;&lt;/a&gt;&lt;/span&gt;&lt;!-- ^TTT --&gt;&lt;!-- TTT$ --&gt;&lt;/span&gt;&lt;/div&gt;&lt;div&gt;&amp;nbsp; &amp;nbsp; &amp;nbsp; &amp;nbsp; &amp;nbsp; &amp;nbsp; &amp;nbsp; &amp;nbsp; &amp;nbsp; &amp;nbsp; &amp;nbsp; &amp;nbsp; &amp;nbsp; &amp;nbsp; &amp;nbsp; &amp;nbsp; &amp;nbsp; &amp;nbsp; &amp;nbsp; &amp;nbsp; &lt;span class=&quot;shadow-holder&quot; data-embed-type=&quot;deviation&quot; data-embed-id=&quot;777779907&quot; data-embed-format=&quot;thumb&quot;&gt;&lt;span class=&quot;shadow mild&quot; &gt;&lt;a class=&quot;thumb&quot; href=&quot;https://www.deviantart.com/fnafmangl/art/Batim-Fnaf-and-Cuphead-in-Happy-Holidays-777779907&quot; title=&quot;Batim, Fnaf and Cuphead in: Happy Holidays! by fnafmangl, Dec 22, 2018 in Fan Art &amp;gt; Digital Art &amp;gt; Vector &amp;gt; Games&quot;data-super-img=&quot;https://images-wixmp-ed30a86b8c4ca887773594c2.wixmp.com/intermediary/f/d70d1263-8078-4ce3-a78f-af3f62f1f557/dcv2itf-ddec1505-7b1f-4ff8-82d8-5122b4925859.png&quot; data-super-width=&quot;898&quot; data-super-height=&quot;668&quot; data-super-transparent=&quot;true&quot; data-super-alt=&quot;Batim, Fnaf and Cuphead in: Happy Holidays! by fnafmangl&quot; data-super-full-img=&quot;https://images-wixmp-ed30a86b8c4ca887773594c2.wixmp.com/intermediary/f/d70d1263-8078-4ce3-a78f-af3f62f1f557/dcv2itf-ddec1505-7b1f-4ff8-82d8-5122b4925859.png&quot; data-super-full-width=&quot;898&quot; data-super-full-height=&quot;668&quot;        data-sigil=&quot;thumb&quot;&gt;
        &lt;i&gt;&lt;/i&gt;&lt;img   width=&quot;150&quot; height=&quot;112&quot; alt=&quot;Batim, Fnaf and Cuphead in: Happy Holidays! by fnafmangl&quot; src=&quot;https://images-wixmp-ed30a86b8c4ca887773594c2.wixmp.com/intermediary/f/d70d1263-8078-4ce3-a78f-af3f62f1f557/dcv2itf-ddec1505-7b1f-4ff8-82d8-5122b4925859.png/v1/fit/w_150,h_150,strp/batim__fnaf_and_cuphead_in__happy_holidays__by_fnafmangl_dcv2itf-150.png&quot; data-src=&quot;https://images-wixmp-ed30a86b8c4ca887773594c2.wixmp.com/intermediary/f/d70d1263-8078-4ce3-a78f-af3f62f1f557/dcv2itf-ddec1505-7b1f-4ff8-82d8-5122b4925859.png/v1/fit/w_150,h_150,strp/batim__fnaf_and_cuphead_in__happy_holidays__by_fnafmangl_dcv2itf-150.png&quot; srcset=&quot;https://images-wixmp-ed30a86b8c4ca887773594c2.wixmp.com/intermediary/f/d70d1263-8078-4ce3-a78f-af3f62f1f557/dcv2itf-ddec1505-7b1f-4ff8-82d8-5122b4925859.png/v1/fit/w_150,h_150,strp/batim__fnaf_and_cuphead_in__happy_holidays__by_fnafmangl_dcv2itf-150.png 150w,https://images-wixmp-ed30a86b8c4ca887773594c2.wixmp.com/intermediary/f/d70d1263-8078-4ce3-a78f-af3f62f1f557/dcv2itf-ddec1505-7b1f-4ff8-82d8-5122b4925859.png/v1/fill/w_336,h_250,strp/batim__fnaf_and_cuphead_in__happy_holidays__by_fnafmangl_dcv2itf-250t.png 336w,https://images-wixmp-ed30a86b8c4ca887773594c2.wixmp.com/intermediary/f/d70d1263-8078-4ce3-a78f-af3f62f1f557/dcv2itf-ddec1505-7b1f-4ff8-82d8-5122b4925859.png/v1/fill/w_471,h_350,strp/batim__fnaf_and_cuphead_in__happy_holidays__by_fnafmangl_dcv2itf-350t.png 471w,https://images-wixmp-ed30a86b8c4ca887773594c2.wixmp.com/intermediary/f/d70d1263-8078-4ce3-a78f-af3f62f1f557/dcv2itf-ddec1505-7b1f-4ff8-82d8-5122b4925859.png/v1/fill/w_538,h_400,strp/batim__fnaf_and_cuphead_in__happy_holidays__by_fnafmangl_dcv2itf-400t.png 538w,https://images-wixmp-ed30a86b8c4ca887773594c2.wixmp.com/intermediary/f/d70d1263-8078-4ce3-a78f-af3f62f1f557/dcv2itf-ddec1505-7b1f-4ff8-82d8-5122b4925859.png 898w&quot; sizes=&quot;150px&quot;&gt;&lt;/a&gt;&lt;/span&gt;&lt;!-- ^TTT --&gt;&lt;!-- TTT$ --&gt;&lt;/span&gt; &lt;span class=&quot;shadow-holder&quot; data-embed-type=&quot;deviation&quot; data-embed-id=&quot;778761010&quot; data-embed-format=&quot;thumb&quot;&gt;&lt;span class=&quot;shadow mild&quot; &gt;&lt;a class=&quot;thumb&quot; href=&quot;https://www.deviantart.com/fnafmangl/art/Sonic-1930-s-style-778761010&quot; title=&quot;Sonic 1930&amp;#039;s style by fnafmangl, Dec 29, 2018 in Fan Art &amp;gt; Digital Art &amp;gt; Vector &amp;gt; Games&quot;data-super-img=&quot;https://images-wixmp-ed30a86b8c4ca887773594c2.wixmp.com/intermediary/f/d70d1263-8078-4ce3-a78f-af3f62f1f557/dcvnjua-2dd3838b-97f5-4f75-ac35-5c2c0d1d1722.png/v1/fill/w_600,h_483,strp/sonic_1930_s_style_by_fnafmangl_dcvnjua-fullview.png&quot; data-super-width=&quot;600&quot; data-super-height=&quot;483&quot; data-super-transparent=&quot;true&quot; data-super-alt=&quot;Sonic 1930&amp;#039;s style by fnafmangl&quot; data-super-full-img=&quot;https://images-wixmp-ed30a86b8c4ca887773594c2.wixmp.com/intermediary/f/d70d1263-8078-4ce3-a78f-af3f62f1f557/dcvnjua-2dd3838b-97f5-4f75-ac35-5c2c0d1d1722.png/v1/fill/w_600,h_483,strp/sonic_1930_s_style_by_fnafmangl_dcvnjua-fullview.png&quot; data-super-full-width=&quot;600&quot; data-super-full-height=&quot;483&quot;        data-sigil=&quot;thumb&quot;&gt;
        &lt;i&gt;&lt;/i&gt;&lt;img   width=&quot;150&quot; height=&quot;121&quot; alt=&quot;Sonic 1930&amp;#039;s style by fnafmangl&quot; src=&quot;https://images-wixmp-ed30a86b8c4ca887773594c2.wixmp.com/intermediary/f/d70d1263-8078-4ce3-a78f-af3f62f1f557/dcvnjua-2dd3838b-97f5-4f75-ac35-5c2c0d1d1722.png/v1/fit/w_150,h_150,strp/sonic_1930_s_style_by_fnafmangl_dcvnjua-150.png&quot; data-src=&quot;https://images-wixmp-ed30a86b8c4ca887773594c2.wixmp.com/intermediary/f/d70d1263-8078-4ce3-a78f-af3f62f1f557/dcvnjua-2dd3838b-97f5-4f75-ac35-5c2c0d1d1722.png/v1/fit/w_150,h_150,strp/sonic_1930_s_style_by_fnafmangl_dcvnjua-150.png&quot; srcset=&quot;https://images-wixmp-ed30a86b8c4ca887773594c2.wixmp.com/intermediary/f/d70d1263-8078-4ce3-a78f-af3f62f1f557/dcvnjua-2dd3838b-97f5-4f75-ac35-5c2c0d1d1722.png/v1/fit/w_150,h_150,strp/sonic_1930_s_style_by_fnafmangl_dcvnjua-150.png 150w,https://images-wixmp-ed30a86b8c4ca887773594c2.wixmp.com/intermediary/f/d70d1263-8078-4ce3-a78f-af3f62f1f557/dcvnjua-2dd3838b-97f5-4f75-ac35-5c2c0d1d1722.png/v1/fill/w_311,h_250,strp/sonic_1930_s_style_by_fnafmangl_dcvnjua-250t.png 311w,https://images-wixmp-ed30a86b8c4ca887773594c2.wixmp.com/intermediary/f/d70d1263-8078-4ce3-a78f-af3f62f1f557/dcvnjua-2dd3838b-97f5-4f75-ac35-5c2c0d1d1722.png/v1/fill/w_435,h_350,strp/sonic_1930_s_style_by_fnafmangl_dcvnjua-350t.png 435w,https://images-wixmp-ed30a86b8c4ca887773594c2.wixmp.com/intermediary/f/d70d1263-8078-4ce3-a78f-af3f62f1f557/dcvnjua-2dd3838b-97f5-4f75-ac35-5c2c0d1d1722.png/v1/fill/w_497,h_400,strp/sonic_1930_s_style_by_fnafmangl_dcvnjua-400t.png 497w,https://images-wixmp-ed30a86b8c4ca887773594c2.wixmp.com/intermediary/f/d70d1263-8078-4ce3-a78f-af3f62f1f557/dcvnjua-2dd3838b-97f5-4f75-ac35-5c2c0d1d1722.png/v1/fill/w_600,h_483,strp/sonic_1930_s_style_by_fnafmangl_dcvnjua-fullview.png 600w&quot; sizes=&quot;150px&quot;&gt;&lt;/a&gt;&lt;/span&gt;&lt;!-- ^TTT --&gt;&lt;!-- TTT$ --&gt;&lt;/span&gt; &lt;span class=&quot;shadow-holder&quot; data-embed-type=&quot;deviation&quot; data-embed-id=&quot;780848405&quot; data-embed-format=&quot;thumb&quot;&gt;&lt;span class=&quot;shadow mild&quot; &gt;&lt;a class=&quot;thumb&quot; href=&quot;https://www.deviantart.com/fnafmangl/art/Sonic-and-friends-780848405&quot; title=&quot;Sonic and friends by fnafmangl, Jan 12, 2019 in Fan Art &amp;gt; Digital Art &amp;gt; Vector &amp;gt; Games&quot;data-super-img=&quot;https://images-wixmp-ed30a86b8c4ca887773594c2.wixmp.com/intermediary/f/d70d1263-8078-4ce3-a78f-af3f62f1f557/dcwwahh-d5b895da-9801-4f35-bfc4-aa953f3fb1f5.png&quot; data-super-width=&quot;649&quot; data-super-height=&quot;522&quot; data-super-transparent=&quot;true&quot; data-super-alt=&quot;Sonic and friends by fnafmangl&quot; data-super-full-img=&quot;https://images-wixmp-ed30a86b8c4ca887773594c2.wixmp.com/intermediary/f/d70d1263-8078-4ce3-a78f-af3f62f1f557/dcwwahh-d5b895da-9801-4f35-bfc4-aa953f3fb1f5.png&quot; data-super-full-width=&quot;649&quot; data-super-full-height=&quot;522&quot;        data-sigil=&quot;thumb&quot;&gt;
        &lt;i&gt;&lt;/i&gt;&lt;img   width=&quot;150&quot; height=&quot;121&quot; alt=&quot;Sonic and friends by fnafmangl&quot; src=&quot;https://images-wixmp-ed30a86b8c4ca887773594c2.wixmp.com/intermediary/f/d70d1263-8078-4ce3-a78f-af3f62f1f557/dcwwahh-d5b895da-9801-4f35-bfc4-aa953f3fb1f5.png/v1/fit/w_150,h_150,strp/sonic_and_friends_by_fnafmangl_dcwwahh-150.png&quot; data-src=&quot;https://images-wixmp-ed30a86b8c4ca887773594c2.wixmp.com/intermediary/f/d70d1263-8078-4ce3-a78f-af3f62f1f557/dcwwahh-d5b895da-9801-4f35-bfc4-aa953f3fb1f5.png/v1/fit/w_150,h_150,strp/sonic_and_friends_by_fnafmangl_dcwwahh-150.png&quot; srcset=&quot;https://images-wixmp-ed30a86b8c4ca887773594c2.wixmp.com/intermediary/f/d70d1263-8078-4ce3-a78f-af3f62f1f557/dcwwahh-d5b895da-9801-4f35-bfc4-aa953f3fb1f5.png/v1/fit/w_150,h_150,strp/sonic_and_friends_by_fnafmangl_dcwwahh-150.png 150w,https://images-wixmp-ed30a86b8c4ca887773594c2.wixmp.com/intermediary/f/d70d1263-8078-4ce3-a78f-af3f62f1f557/dcwwahh-d5b895da-9801-4f35-bfc4-aa953f3fb1f5.png/v1/fill/w_311,h_250,strp/sonic_and_friends_by_fnafmangl_dcwwahh-250t.png 311w,https://images-wixmp-ed30a86b8c4ca887773594c2.wixmp.com/intermediary/f/d70d1263-8078-4ce3-a78f-af3f62f1f557/dcwwahh-d5b895da-9801-4f35-bfc4-aa953f3fb1f5.png/v1/fill/w_435,h_350,strp/sonic_and_friends_by_fnafmangl_dcwwahh-350t.png 435w,https://images-wixmp-ed30a86b8c4ca887773594c2.wixmp.com/intermediary/f/d70d1263-8078-4ce3-a78f-af3f62f1f557/dcwwahh-d5b895da-9801-4f35-bfc4-aa953f3fb1f5.png/v1/fill/w_497,h_400,strp/sonic_and_friends_by_fnafmangl_dcwwahh-400t.png 497w,https://images-wixmp-ed30a86b8c4ca887773594c2.wixmp.com/intermediary/f/d70d1263-8078-4ce3-a78f-af3f62f1f557/dcwwahh-d5b895da-9801-4f35-bfc4-aa953f3fb1f5.png 649w&quot; sizes=&quot;150px&quot;&gt;&lt;/a&gt;&lt;/span&gt;&lt;!-- ^TTT --&gt;&lt;!-- TTT$ --&gt;&lt;/span&gt;&lt;br /&gt;&lt;/div&gt;&lt;div&gt;&lt;div&gt;&lt;i&gt;&lt;i&gt;&lt;span&gt;&lt;span&gt;&lt;i&gt;&lt;i&gt;&lt;span&gt;&lt;span&gt;&lt;br /&gt;&lt;/span&gt;&lt;/span&gt;&lt;/i&gt;&lt;/i&gt;&lt;/span&gt;&lt;/span&gt;&lt;/i&gt;&lt;/i&gt;&lt;/div&gt;&lt;div&gt;&lt;i&gt;&lt;i&gt;&lt;span&gt;&lt;span&gt;Sonic the hedgehog &amp;#169; &lt;/span&gt;&lt;/span&gt;&lt;/i&gt;Sega&lt;/i&gt;&lt;/div&gt;&lt;div&gt;&lt;i&gt;Bendy and the ink machine &lt;/i&gt;&lt;i&gt;&lt;i&gt;&lt;span&gt;&lt;span&gt;&amp;#169; themealty&lt;/span&gt;&lt;/span&gt;&lt;/i&gt;&lt;/i&gt;&lt;br /&gt;&lt;i&gt;&lt;i&gt;&lt;span&gt;&lt;span&gt;&lt;/span&gt;&lt;/span&gt;&lt;/i&gt;&lt;i&gt;&lt;span&gt;&lt;span&gt;&lt;/span&gt;&lt;span&gt;Draw &amp;#169;&lt;span&gt;&lt;span class=&quot;username-with-symbol u&quot;&gt;&lt;a class=&quot;u premium username&quot; href=&quot;https://www.deviantart.com/fnafmangl&quot;&gt;fnafmangl&lt;/a&gt;&lt;span class=&quot;user-symbol premium&quot; data-quicktip-text=&quot;Core Member&quot; data-show-tooltip=&quot;1&quot; data-gruser-type=&quot;premium&quot;&gt;&lt;/span&gt;&lt;/span&gt; me &lt;/span&gt;&lt;/span&gt;&lt;/span&gt;&lt;/i&gt;&lt;/i&gt;&lt;/div&gt;&lt;/div&gt;&lt;/div&gt;&lt;br /&gt;&lt;div&gt;&lt;img src=&quot;https://t00.deviantart.net/eAZUR0nIHvLIftYfudS6Gc3tmWE=/300x200/filters:fixed_height(100,100):origin()/pre00/1700/th/pre/f/2019/027/b/d/bendy_and_sonic_in__hell_or_highspeeds_by_fnafmangl-dcy3hgf.png&quot; alt=&quot;thumbnail&quot; /&gt;&lt;/div&gt;</description>            </item>
                    <item>
                <title>Sleeping Alice</title>
                <link>https://irenhorrors.deviantart.com/art/Sleeping-Alice-782954399</link>
                <guid isPermaLink="true">https://irenhorrors.deviantart.com/art/Sleeping-Alice-782954399</guid>
                <pubDate>Sun, 27 Jan 2019 02:22:22 PST</pubDate>
                        <media:title type="plain">Sleeping Alice</media:title>
        <media:keywords></media:keywords>
                        <media:rating>nonadult</media:rating>
                <media:category label="Fantasy">digitalart/mixedmed/fantasy</media:category>
        <media:credit role="author" scheme="urn:ebu">IrenHorrors</media:credit>
        <media:credit role="author" scheme="urn:ebu">https://a.deviantart.net/avatars/i/r/irenhorrors.jpg?8</media:credit>
        <media:copyright url="https://irenhorrors.deviantart.com">Copyright 2019 IrenHorrors</media:copyright>             <creativeCommons:license>http://creativecommons.org/licenses/by-nc-nd/3.0/</creativeCommons:license>
                <media:description type="html">&lt;h3 align=&quot;start&quot;&gt;&lt;a class=&quot;external&quot; href=&quot;https://www.deviantart.com/users/outgoing?https://instagram.com/irenhorrors/&quot;&gt;Instagram&lt;/a&gt;&amp;nbsp;|&amp;nbsp;&lt;a class=&quot;external&quot; href=&quot;https://www.deviantart.com/users/outgoing?https://www.facebook.com/pages/Iren-Horrors/615736865167450&quot;&gt;Facebook&lt;/a&gt;&amp;nbsp;|&amp;nbsp;&lt;a class=&quot;external&quot; href=&quot;https://www.deviantart.com/users/outgoing?https://society6.com/irenhorrors&quot;&gt;Shop&lt;/a&gt;&amp;nbsp;&lt;/h3&gt;&lt;br /&gt;(Music: Shinedown - Her Name is Alice)&lt;br /&gt;&lt;br /&gt;Happy Birthday to Lewis Carroll who was born on this day in 1832 &amp;#128007; His Alice stories are one of my favorite things in this world &amp;#9824;&amp;#65039;&lt;br /&gt;&lt;br /&gt;&lt;br /&gt;This is an update of my piece from 2014:&lt;br /&gt;&lt;br /&gt;&lt;span class=&quot;shadow-holder&quot; data-embed-type=&quot;deviation&quot; data-embed-id=&quot;4748958922283724&quot; data-embed-format=&quot;thumb&quot;&gt;&lt;span class=&quot;shadow mild&quot; &gt;&lt;a class=&quot;thumb&quot; href=&quot;https://sta.sh/01ard5lzub4c&quot; title=&quot;Img 2486 by IrenHorrors, Jan 27, 2019&quot;data-super-img=&quot;https://images-wixmp-ed30a86b8c4ca887773594c2.wixmp.com/intermediary/f/6ec0d49d-038d-4900-b498-c8cc3863c8e8/dcy5fm8-f4f87fc0-0f77-487f-94e9-89ea3fb4d1ed.jpg/v1/fill/w_661,h_1209,q_70,strp/img_2486_by_irenhorrors_dcy5fm8-pre.jpg&quot; data-super-width=&quot;661&quot; data-super-height=&quot;1209&quot; data-super-transparent=&quot;false&quot; data-super-alt=&quot;Img 2486 by IrenHorrors&quot; data-super-full-img=&quot;https://api-da.wixmp.com/_api/download/file?downloadToken=eyJ0eXAiOiJKV1QiLCJhbGciOiJIUzI1NiJ9.eyJzdWIiOiJ1cm46YXBwOjdlMGQxODg5ODIyNjQzNzNhNWYwZDQxNWVhMGQyNmUwIiwiaXNzIjoidXJuOmFwcDo3ZTBkMTg4OTgyMjY0MzczYTVmMGQ0MTVlYTBkMjZlMCIsImV4cCI6MTU0ODU4NTEwNSwiaWF0IjoxNTQ4NTg0NDk1LCJqdGkiOiI1YzRkODYzOTExNmUzIiwib2JqIjpudWxsLCJhdWQiOlsidXJuOnNlcnZpY2U6ZmlsZS5kb3dubG9hZCJdLCJwYXlsb2FkIjp7InBhdGgiOiJcL2ZcLzZlYzBkNDlkLTAzOGQtNDkwMC1iNDk4LWM4Y2MzODYzYzhlOFwvZGN5NWZtOC1mNGY4N2ZjMC0wZjc3LTQ4N2YtOTRlOS04OWVhM2ZiNGQxZWQuanBnIn19.UYfK_nP0PSUNG58QqmKbNX4-N4UMVHcMM0gsRhjLcM0&quot; data-super-full-width=&quot;1135&quot; data-super-full-height=&quot;2077&quot;        data-sigil=&quot;thumb&quot;&gt;
        &lt;i&gt;&lt;/i&gt;&lt;img   width=&quot;82&quot; height=&quot;150&quot; alt=&quot;Img 2486 by IrenHorrors&quot; src=&quot;https://images-wixmp-ed30a86b8c4ca887773594c2.wixmp.com/intermediary/f/6ec0d49d-038d-4900-b498-c8cc3863c8e8/dcy5fm8-f4f87fc0-0f77-487f-94e9-89ea3fb4d1ed.jpg/v1/fit/w_150,h_150,q_70,strp/img_2486_by_irenhorrors_dcy5fm8-150.jpg&quot; data-src=&quot;https://images-wixmp-ed30a86b8c4ca887773594c2.wixmp.com/intermediary/f/6ec0d49d-038d-4900-b498-c8cc3863c8e8/dcy5fm8-f4f87fc0-0f77-487f-94e9-89ea3fb4d1ed.jpg/v1/fit/w_150,h_150,q_70,strp/img_2486_by_irenhorrors_dcy5fm8-150.jpg&quot; srcset=&quot;https://images-wixmp-ed30a86b8c4ca887773594c2.wixmp.com/intermediary/f/6ec0d49d-038d-4900-b498-c8cc3863c8e8/dcy5fm8-f4f87fc0-0f77-487f-94e9-89ea3fb4d1ed.jpg/v1/fit/w_150,h_150,q_70,strp/img_2486_by_irenhorrors_dcy5fm8-150.jpg 82w,https://images-wixmp-ed30a86b8c4ca887773594c2.wixmp.com/intermediary/f/6ec0d49d-038d-4900-b498-c8cc3863c8e8/dcy5fm8-f4f87fc0-0f77-487f-94e9-89ea3fb4d1ed.jpg/v1/crop/w_137,h_250,x_0,y_0,scl_0.12070484581498,q_70,strp/img_2486_by_irenhorrors_dcy5fm8-250t.jpg 137w,https://images-wixmp-ed30a86b8c4ca887773594c2.wixmp.com/intermediary/f/6ec0d49d-038d-4900-b498-c8cc3863c8e8/dcy5fm8-f4f87fc0-0f77-487f-94e9-89ea3fb4d1ed.jpg/v1/fill/w_191,h_350,q_70,strp/img_2486_by_irenhorrors_dcy5fm8-350t.jpg 191w,https://images-wixmp-ed30a86b8c4ca887773594c2.wixmp.com/intermediary/f/6ec0d49d-038d-4900-b498-c8cc3863c8e8/dcy5fm8-f4f87fc0-0f77-487f-94e9-89ea3fb4d1ed.jpg/v1/crop/w_219,h_400,x_0,y_0,scl_0.19295154185022,q_70,strp/img_2486_by_irenhorrors_dcy5fm8-400t.jpg 219w,https://images-wixmp-ed30a86b8c4ca887773594c2.wixmp.com/intermediary/f/6ec0d49d-038d-4900-b498-c8cc3863c8e8/dcy5fm8-f4f87fc0-0f77-487f-94e9-89ea3fb4d1ed.jpg/v1/fill/w_661,h_1209,q_70,strp/img_2486_by_irenhorrors_dcy5fm8-pre.jpg 661w&quot; sizes=&quot;82px&quot;&gt;&lt;/a&gt;&lt;/span&gt;&lt;!-- ^TTT --&gt;&lt;!-- TTT$ --&gt;&lt;/span&gt;</media:description>            <media:thumbnail url="https://t00.deviantart.net/qrauARjvYYFF5KeiezvOeNK4mgg=/fit-in/150x150/filters:no_upscale():origin()/pre00/4902/th/pre/i/2019/027/4/b/sleeping_alice_by_irenhorrors-dcy5fhb.jpg" height="150" width="150"/>            <media:thumbnail url="https://t00.deviantart.net/yVFW61Cs9a6zpSU_8yhacunMoNg=/fit-in/300x900/filters:no_upscale():origin()/pre00/4902/th/pre/i/2019/027/4/b/sleeping_alice_by_irenhorrors-dcy5fhb.jpg" height="300" width="300"/>            <media:thumbnail url="https://t00.deviantart.net/qLkHpBlSntwSfE2i-eDEDca1i9k=/300x200/filters:fixed_height(100,100):origin()/pre00/4902/th/pre/i/2019/027/4/b/sleeping_alice_by_irenhorrors-dcy5fhb.jpg" height="200" width="200"/>            <media:content url="https://img00.deviantart.net/ee8a/i/2019/027/4/b/sleeping_alice_by_irenhorrors-dcy5fhb.jpg" height="800" width="800" medium="image"/>            
            <description>&lt;h3 align=&quot;start&quot;&gt;&lt;a class=&quot;external&quot; href=&quot;https://www.deviantart.com/users/outgoing?https://instagram.com/irenhorrors/&quot;&gt;Instagram&lt;/a&gt;&amp;nbsp;|&amp;nbsp;&lt;a class=&quot;external&quot; href=&quot;https://www.deviantart.com/users/outgoing?https://www.facebook.com/pages/Iren-Horrors/615736865167450&quot;&gt;Facebook&lt;/a&gt;&amp;nbsp;|&amp;nbsp;&lt;a class=&quot;external&quot; href=&quot;https://www.deviantart.com/users/outgoing?https://society6.com/irenhorrors&quot;&gt;Shop&lt;/a&gt;&amp;nbsp;&lt;/h3&gt;&lt;br /&gt;(Music: Shinedown - Her Name is Alice)&lt;br /&gt;&lt;br /&gt;Happy Birthday to Lewis Carroll who was born on this day in 1832 &amp;#128007; His Alice stories are one of my favorite things in this world &amp;#9824;&amp;#65039;&lt;br /&gt;&lt;br /&gt;&lt;br /&gt;This is an update of my piece from 2014:&lt;br /&gt;&lt;br /&gt;&lt;span class=&quot;shadow-holder&quot; data-embed-type=&quot;deviation&quot; data-embed-id=&quot;4748958922283724&quot; data-embed-format=&quot;thumb&quot;&gt;&lt;span class=&quot;shadow mild&quot; &gt;&lt;a class=&quot;thumb&quot; href=&quot;https://sta.sh/01ard5lzub4c&quot; title=&quot;Img 2486 by IrenHorrors, Jan 27, 2019&quot;data-super-img=&quot;https://images-wixmp-ed30a86b8c4ca887773594c2.wixmp.com/intermediary/f/6ec0d49d-038d-4900-b498-c8cc3863c8e8/dcy5fm8-f4f87fc0-0f77-487f-94e9-89ea3fb4d1ed.jpg/v1/fill/w_661,h_1209,q_70,strp/img_2486_by_irenhorrors_dcy5fm8-pre.jpg&quot; data-super-width=&quot;661&quot; data-super-height=&quot;1209&quot; data-super-transparent=&quot;false&quot; data-super-alt=&quot;Img 2486 by IrenHorrors&quot; data-super-full-img=&quot;https://api-da.wixmp.com/_api/download/file?downloadToken=eyJ0eXAiOiJKV1QiLCJhbGciOiJIUzI1NiJ9.eyJzdWIiOiJ1cm46YXBwOjdlMGQxODg5ODIyNjQzNzNhNWYwZDQxNWVhMGQyNmUwIiwiaXNzIjoidXJuOmFwcDo3ZTBkMTg4OTgyMjY0MzczYTVmMGQ0MTVlYTBkMjZlMCIsImV4cCI6MTU0ODU4NTEwNSwiaWF0IjoxNTQ4NTg0NDk1LCJqdGkiOiI1YzRkODYzOTExNmUzIiwib2JqIjpudWxsLCJhdWQiOlsidXJuOnNlcnZpY2U6ZmlsZS5kb3dubG9hZCJdLCJwYXlsb2FkIjp7InBhdGgiOiJcL2ZcLzZlYzBkNDlkLTAzOGQtNDkwMC1iNDk4LWM4Y2MzODYzYzhlOFwvZGN5NWZtOC1mNGY4N2ZjMC0wZjc3LTQ4N2YtOTRlOS04OWVhM2ZiNGQxZWQuanBnIn19.UYfK_nP0PSUNG58QqmKbNX4-N4UMVHcMM0gsRhjLcM0&quot; data-super-full-width=&quot;1135&quot; data-super-full-height=&quot;2077&quot;        data-sigil=&quot;thumb&quot;&gt;
        &lt;i&gt;&lt;/i&gt;&lt;img   width=&quot;82&quot; height=&quot;150&quot; alt=&quot;Img 2486 by IrenHorrors&quot; src=&quot;https://images-wixmp-ed30a86b8c4ca887773594c2.wixmp.com/intermediary/f/6ec0d49d-038d-4900-b498-c8cc3863c8e8/dcy5fm8-f4f87fc0-0f77-487f-94e9-89ea3fb4d1ed.jpg/v1/fit/w_150,h_150,q_70,strp/img_2486_by_irenhorrors_dcy5fm8-150.jpg&quot; data-src=&quot;https://images-wixmp-ed30a86b8c4ca887773594c2.wixmp.com/intermediary/f/6ec0d49d-038d-4900-b498-c8cc3863c8e8/dcy5fm8-f4f87fc0-0f77-487f-94e9-89ea3fb4d1ed.jpg/v1/fit/w_150,h_150,q_70,strp/img_2486_by_irenhorrors_dcy5fm8-150.jpg&quot; srcset=&quot;https://images-wixmp-ed30a86b8c4ca887773594c2.wixmp.com/intermediary/f/6ec0d49d-038d-4900-b498-c8cc3863c8e8/dcy5fm8-f4f87fc0-0f77-487f-94e9-89ea3fb4d1ed.jpg/v1/fit/w_150,h_150,q_70,strp/img_2486_by_irenhorrors_dcy5fm8-150.jpg 82w,https://images-wixmp-ed30a86b8c4ca887773594c2.wixmp.com/intermediary/f/6ec0d49d-038d-4900-b498-c8cc3863c8e8/dcy5fm8-f4f87fc0-0f77-487f-94e9-89ea3fb4d1ed.jpg/v1/crop/w_137,h_250,x_0,y_0,scl_0.12070484581498,q_70,strp/img_2486_by_irenhorrors_dcy5fm8-250t.jpg 137w,https://images-wixmp-ed30a86b8c4ca887773594c2.wixmp.com/intermediary/f/6ec0d49d-038d-4900-b498-c8cc3863c8e8/dcy5fm8-f4f87fc0-0f77-487f-94e9-89ea3fb4d1ed.jpg/v1/fill/w_191,h_350,q_70,strp/img_2486_by_irenhorrors_dcy5fm8-350t.jpg 191w,https://images-wixmp-ed30a86b8c4ca887773594c2.wixmp.com/intermediary/f/6ec0d49d-038d-4900-b498-c8cc3863c8e8/dcy5fm8-f4f87fc0-0f77-487f-94e9-89ea3fb4d1ed.jpg/v1/crop/w_219,h_400,x_0,y_0,scl_0.19295154185022,q_70,strp/img_2486_by_irenhorrors_dcy5fm8-400t.jpg 219w,https://images-wixmp-ed30a86b8c4ca887773594c2.wixmp.com/intermediary/f/6ec0d49d-038d-4900-b498-c8cc3863c8e8/dcy5fm8-f4f87fc0-0f77-487f-94e9-89ea3fb4d1ed.jpg/v1/fill/w_661,h_1209,q_70,strp/img_2486_by_irenhorrors_dcy5fm8-pre.jpg 661w&quot; sizes=&quot;82px&quot;&gt;&lt;/a&gt;&lt;/span&gt;&lt;!-- ^TTT --&gt;&lt;!-- TTT$ --&gt;&lt;/span&gt;&lt;br /&gt;&lt;div&gt;&lt;img src=&quot;https://t00.deviantart.net/qLkHpBlSntwSfE2i-eDEDca1i9k=/300x200/filters:fixed_height(100,100):origin()/pre00/4902/th/pre/i/2019/027/4/b/sleeping_alice_by_irenhorrors-dcy5fhb.jpg&quot; alt=&quot;thumbnail&quot; /&gt;&lt;/div&gt;</description>            </item>
                    <item>
                <title>Dark One</title>
                <link>https://thegreyzen.deviantart.com/art/Dark-One-782863273</link>
                <guid isPermaLink="true">https://thegreyzen.deviantart.com/art/Dark-One-782863273</guid>
                <pubDate>Sat, 26 Jan 2019 12:31:16 PST</pubDate>
                        <media:title type="plain">Dark One</media:title>
        <media:keywords></media:keywords>
                        <media:rating>nonadult</media:rating>
                <media:category label="Games">fanart/digital/drawings/games</media:category>
        <media:credit role="author" scheme="urn:ebu">thegreyzen</media:credit>
        <media:credit role="author" scheme="urn:ebu">https://a.deviantart.net/avatars/t/h/thegreyzen.jpg?2</media:credit>
        <media:copyright url="https://thegreyzen.deviantart.com">Copyright 2019 thegreyzen</media:copyright>            <media:description type="html">Join me adventures on:&amp;nbsp;&lt;a class=&quot;external&quot; href=&quot;https://www.deviantart.com/users/outgoing?http://thegreyzen.tumblr.com/&quot;&gt;Tumblr&lt;/a&gt; /&amp;nbsp;&lt;a class=&quot;external&quot; href=&quot;https://www.deviantart.com/users/outgoing?https://www.facebook.com/thegreyzen/&quot;&gt;Facebook&lt;/a&gt; /&amp;nbsp;&lt;a class=&quot;external&quot; href=&quot;https://www.deviantart.com/users/outgoing?https://twitter.com/thegreyzen&quot;&gt;Twitter&lt;/a&gt; /&amp;nbsp;&lt;a class=&quot;external&quot; href=&quot;https://www.deviantart.com/users/outgoing?https://www.instagram.com/thegreyzen1/&quot;&gt;Instagram&lt;/a&gt;&lt;br /&gt;&lt;br /&gt;I miss Adventure Time ^^&quot;&lt;br /&gt;anyways, we can talk about Dharkon now right?&amp;nbsp;&lt;br /&gt;&lt;br /&gt;Other Comics&lt;br /&gt;&amp;nbsp;&lt;span class=&quot;shadow-holder&quot; data-embed-type=&quot;deviation&quot; data-embed-id=&quot;781882801&quot; data-embed-format=&quot;thumb&quot;&gt;&lt;span class=&quot;shadow mild&quot; &gt;&lt;a class=&quot;thumb&quot; href=&quot;https://www.deviantart.com/thegreyzen/art/Men-with-swords-781882801&quot; title=&quot;Men with swords by thegreyzen, Jan 19, 2019 in Fan Art &amp;gt; Digital Art &amp;gt; Drawings &amp;gt; Games&quot;data-super-img=&quot;https://images-wixmp-ed30a86b8c4ca887773594c2.wixmp.com/intermediary/f/13332692-13b0-4296-8a11-57f75b2723fe/dcxigmp-392a2542-4491-4a0b-9099-0a09361ae482.jpg&quot; data-super-width=&quot;601&quot; data-super-height=&quot;559&quot; data-super-transparent=&quot;false&quot; data-super-alt=&quot;Men with swords by thegreyzen&quot; data-super-full-img=&quot;https://images-wixmp-ed30a86b8c4ca887773594c2.wixmp.com/intermediary/f/13332692-13b0-4296-8a11-57f75b2723fe/dcxigmp-392a2542-4491-4a0b-9099-0a09361ae482.jpg&quot; data-super-full-width=&quot;601&quot; data-super-full-height=&quot;559&quot;        data-sigil=&quot;thumb&quot;&gt;
        &lt;i&gt;&lt;/i&gt;&lt;img   width=&quot;150&quot; height=&quot;140&quot; alt=&quot;Men with swords by thegreyzen&quot; src=&quot;https://images-wixmp-ed30a86b8c4ca887773594c2.wixmp.com/intermediary/f/13332692-13b0-4296-8a11-57f75b2723fe/dcxigmp-392a2542-4491-4a0b-9099-0a09361ae482.jpg/v1/fit/w_150,h_150,q_70,strp/men_with_swords_by_thegreyzen_dcxigmp-150.jpg&quot; data-src=&quot;https://images-wixmp-ed30a86b8c4ca887773594c2.wixmp.com/intermediary/f/13332692-13b0-4296-8a11-57f75b2723fe/dcxigmp-392a2542-4491-4a0b-9099-0a09361ae482.jpg/v1/fit/w_150,h_150,q_70,strp/men_with_swords_by_thegreyzen_dcxigmp-150.jpg&quot; srcset=&quot;https://images-wixmp-ed30a86b8c4ca887773594c2.wixmp.com/intermediary/f/13332692-13b0-4296-8a11-57f75b2723fe/dcxigmp-392a2542-4491-4a0b-9099-0a09361ae482.jpg/v1/fit/w_150,h_150,q_70,strp/men_with_swords_by_thegreyzen_dcxigmp-150.jpg 150w,https://images-wixmp-ed30a86b8c4ca887773594c2.wixmp.com/intermediary/f/13332692-13b0-4296-8a11-57f75b2723fe/dcxigmp-392a2542-4491-4a0b-9099-0a09361ae482.jpg/v1/fill/w_269,h_250,q_70,strp/men_with_swords_by_thegreyzen_dcxigmp-250t.jpg 269w,https://images-wixmp-ed30a86b8c4ca887773594c2.wixmp.com/intermediary/f/13332692-13b0-4296-8a11-57f75b2723fe/dcxigmp-392a2542-4491-4a0b-9099-0a09361ae482.jpg/v1/fill/w_376,h_350,q_70,strp/men_with_swords_by_thegreyzen_dcxigmp-350t.jpg 376w,https://images-wixmp-ed30a86b8c4ca887773594c2.wixmp.com/intermediary/f/13332692-13b0-4296-8a11-57f75b2723fe/dcxigmp-392a2542-4491-4a0b-9099-0a09361ae482.jpg/v1/fill/w_430,h_400,q_70,strp/men_with_swords_by_thegreyzen_dcxigmp-400t.jpg 430w,https://images-wixmp-ed30a86b8c4ca887773594c2.wixmp.com/intermediary/f/13332692-13b0-4296-8a11-57f75b2723fe/dcxigmp-392a2542-4491-4a0b-9099-0a09361ae482.jpg 601w&quot; sizes=&quot;150px&quot;&gt;&lt;/a&gt;&lt;/span&gt;&lt;!-- ^TTT --&gt;&lt;!-- TTT$ --&gt;&lt;/span&gt;&amp;nbsp;&lt;span class=&quot;shadow-holder&quot; data-embed-type=&quot;deviation&quot; data-embed-id=&quot;780873559&quot; data-embed-format=&quot;thumb&quot;&gt;&lt;span class=&quot;shadow mild&quot; &gt;&lt;a class=&quot;thumb&quot; href=&quot;https://www.deviantart.com/thegreyzen/art/Bob-3-The-Dabbing-780873559&quot; title=&quot;Bob 3 The Dabbing by thegreyzen, Jan 12, 2019 in Fan Art &amp;gt; Digital Art &amp;gt; Drawings &amp;gt; Games&quot;data-super-img=&quot;https://images-wixmp-ed30a86b8c4ca887773594c2.wixmp.com/intermediary/f/13332692-13b0-4296-8a11-57f75b2723fe/dcwwtw7-6da4dfc0-0413-4cea-bb38-ca4472d498a1.jpg&quot; data-super-width=&quot;581&quot; data-super-height=&quot;541&quot; data-super-transparent=&quot;false&quot; data-super-alt=&quot;Bob 3 The Dabbing by thegreyzen&quot; data-super-full-img=&quot;https://images-wixmp-ed30a86b8c4ca887773594c2.wixmp.com/intermediary/f/13332692-13b0-4296-8a11-57f75b2723fe/dcwwtw7-6da4dfc0-0413-4cea-bb38-ca4472d498a1.jpg&quot; data-super-full-width=&quot;581&quot; data-super-full-height=&quot;541&quot;        data-sigil=&quot;thumb&quot;&gt;
        &lt;i&gt;&lt;/i&gt;&lt;img   width=&quot;150&quot; height=&quot;140&quot; alt=&quot;Bob 3 The Dabbing by thegreyzen&quot; src=&quot;https://images-wixmp-ed30a86b8c4ca887773594c2.wixmp.com/intermediary/f/13332692-13b0-4296-8a11-57f75b2723fe/dcwwtw7-6da4dfc0-0413-4cea-bb38-ca4472d498a1.jpg/v1/fit/w_150,h_150,q_70,strp/bob_3_the_dabbing_by_thegreyzen_dcwwtw7-150.jpg&quot; data-src=&quot;https://images-wixmp-ed30a86b8c4ca887773594c2.wixmp.com/intermediary/f/13332692-13b0-4296-8a11-57f75b2723fe/dcwwtw7-6da4dfc0-0413-4cea-bb38-ca4472d498a1.jpg/v1/fit/w_150,h_150,q_70,strp/bob_3_the_dabbing_by_thegreyzen_dcwwtw7-150.jpg&quot; srcset=&quot;https://images-wixmp-ed30a86b8c4ca887773594c2.wixmp.com/intermediary/f/13332692-13b0-4296-8a11-57f75b2723fe/dcwwtw7-6da4dfc0-0413-4cea-bb38-ca4472d498a1.jpg/v1/fit/w_150,h_150,q_70,strp/bob_3_the_dabbing_by_thegreyzen_dcwwtw7-150.jpg 150w,https://images-wixmp-ed30a86b8c4ca887773594c2.wixmp.com/intermediary/f/13332692-13b0-4296-8a11-57f75b2723fe/dcwwtw7-6da4dfc0-0413-4cea-bb38-ca4472d498a1.jpg/v1/fill/w_268,h_250,q_70,strp/bob_3_the_dabbing_by_thegreyzen_dcwwtw7-250t.jpg 268w,https://images-wixmp-ed30a86b8c4ca887773594c2.wixmp.com/intermediary/f/13332692-13b0-4296-8a11-57f75b2723fe/dcwwtw7-6da4dfc0-0413-4cea-bb38-ca4472d498a1.jpg/v1/fill/w_376,h_350,q_70,strp/bob_3_the_dabbing_by_thegreyzen_dcwwtw7-350t.jpg 376w,https://images-wixmp-ed30a86b8c4ca887773594c2.wixmp.com/intermediary/f/13332692-13b0-4296-8a11-57f75b2723fe/dcwwtw7-6da4dfc0-0413-4cea-bb38-ca4472d498a1.jpg/v1/fill/w_430,h_400,q_70,strp/bob_3_the_dabbing_by_thegreyzen_dcwwtw7-400t.jpg 430w,https://images-wixmp-ed30a86b8c4ca887773594c2.wixmp.com/intermediary/f/13332692-13b0-4296-8a11-57f75b2723fe/dcwwtw7-6da4dfc0-0413-4cea-bb38-ca4472d498a1.jpg 581w&quot; sizes=&quot;150px&quot;&gt;&lt;/a&gt;&lt;/span&gt;&lt;!-- ^TTT --&gt;&lt;!-- TTT$ --&gt;&lt;/span&gt;&amp;nbsp;&lt;span class=&quot;shadow-holder&quot; data-embed-type=&quot;deviation&quot; data-embed-id=&quot;779842711&quot; data-embed-format=&quot;thumb&quot;&gt;&lt;span class=&quot;shadow mild&quot; &gt;&lt;a class=&quot;thumb&quot; href=&quot;https://www.deviantart.com/thegreyzen/art/2-Songs-779842711&quot; title=&quot;2 Songs by thegreyzen, Jan 5, 2019 in Fan Art &amp;gt; Digital Art &amp;gt; Drawings &amp;gt; Games&quot;data-super-img=&quot;https://images-wixmp-ed30a86b8c4ca887773594c2.wixmp.com/intermediary/f/13332692-13b0-4296-8a11-57f75b2723fe/dcwaqhj-80f87de5-a3b4-4a14-b9d8-0e0cc30d5e98.jpg&quot; data-super-width=&quot;579&quot; data-super-height=&quot;296&quot; data-super-transparent=&quot;false&quot; data-super-alt=&quot;2 Songs by thegreyzen&quot; data-super-full-img=&quot;https://images-wixmp-ed30a86b8c4ca887773594c2.wixmp.com/intermediary/f/13332692-13b0-4296-8a11-57f75b2723fe/dcwaqhj-80f87de5-a3b4-4a14-b9d8-0e0cc30d5e98.jpg&quot; data-super-full-width=&quot;579&quot; data-super-full-height=&quot;296&quot;        data-sigil=&quot;thumb&quot;&gt;
        &lt;i&gt;&lt;/i&gt;&lt;img   width=&quot;150&quot; height=&quot;77&quot; alt=&quot;2 Songs by thegreyzen&quot; src=&quot;https://images-wixmp-ed30a86b8c4ca887773594c2.wixmp.com/intermediary/f/13332692-13b0-4296-8a11-57f75b2723fe/dcwaqhj-80f87de5-a3b4-4a14-b9d8-0e0cc30d5e98.jpg/v1/fit/w_150,h_150,q_70,strp/2_songs_by_thegreyzen_dcwaqhj-150.jpg&quot; data-src=&quot;https://images-wixmp-ed30a86b8c4ca887773594c2.wixmp.com/intermediary/f/13332692-13b0-4296-8a11-57f75b2723fe/dcwaqhj-80f87de5-a3b4-4a14-b9d8-0e0cc30d5e98.jpg/v1/fit/w_150,h_150,q_70,strp/2_songs_by_thegreyzen_dcwaqhj-150.jpg&quot; srcset=&quot;https://images-wixmp-ed30a86b8c4ca887773594c2.wixmp.com/intermediary/f/13332692-13b0-4296-8a11-57f75b2723fe/dcwaqhj-80f87de5-a3b4-4a14-b9d8-0e0cc30d5e98.jpg/v1/fit/w_150,h_150,q_70,strp/2_songs_by_thegreyzen_dcwaqhj-150.jpg 150w,https://images-wixmp-ed30a86b8c4ca887773594c2.wixmp.com/intermediary/f/13332692-13b0-4296-8a11-57f75b2723fe/dcwaqhj-80f87de5-a3b4-4a14-b9d8-0e0cc30d5e98.jpg/v1/fill/w_489,h_250,q_70,strp/2_songs_by_thegreyzen_dcwaqhj-250t.jpg 489w,https://images-wixmp-ed30a86b8c4ca887773594c2.wixmp.com/intermediary/f/13332692-13b0-4296-8a11-57f75b2723fe/dcwaqhj-80f87de5-a3b4-4a14-b9d8-0e0cc30d5e98.jpg 579w&quot; sizes=&quot;150px&quot;&gt;&lt;/a&gt;&lt;/span&gt;&lt;!-- ^TTT --&gt;&lt;!-- TTT$ --&gt;&lt;/span&gt;&amp;nbsp;&lt;span class=&quot;shadow-holder&quot; data-embed-type=&quot;deviation&quot; data-embed-id=&quot;779277826&quot; data-embed-format=&quot;thumb&quot;&gt;&lt;span class=&quot;shadow mild&quot; &gt;&lt;a class=&quot;thumb&quot; href=&quot;https://www.deviantart.com/thegreyzen/art/YOU-JERK-779277826&quot; title=&quot;YOU JERK! by thegreyzen, Jan 1, 2019 in Fan Art &amp;gt; Digital Art &amp;gt; Drawings &amp;gt; Games&quot;data-super-img=&quot;https://images-wixmp-ed30a86b8c4ca887773594c2.wixmp.com/intermediary/f/13332692-13b0-4296-8a11-57f75b2723fe/dcvymma-cd014bc9-4d28-4130-93a4-4314df57cfd6.jpg&quot; data-super-width=&quot;584&quot; data-super-height=&quot;295&quot; data-super-transparent=&quot;false&quot; data-super-alt=&quot;YOU JERK! by thegreyzen&quot; data-super-full-img=&quot;https://images-wixmp-ed30a86b8c4ca887773594c2.wixmp.com/intermediary/f/13332692-13b0-4296-8a11-57f75b2723fe/dcvymma-cd014bc9-4d28-4130-93a4-4314df57cfd6.jpg&quot; data-super-full-width=&quot;584&quot; data-super-full-height=&quot;295&quot;        data-sigil=&quot;thumb&quot;&gt;
        &lt;i&gt;&lt;/i&gt;&lt;img   width=&quot;150&quot; height=&quot;76&quot; alt=&quot;YOU JERK! by thegreyzen&quot; src=&quot;https://images-wixmp-ed30a86b8c4ca887773594c2.wixmp.com/intermediary/f/13332692-13b0-4296-8a11-57f75b2723fe/dcvymma-cd014bc9-4d28-4130-93a4-4314df57cfd6.jpg/v1/fit/w_150,h_150,q_70,strp/you_jerk__by_thegreyzen_dcvymma-150.jpg&quot; data-src=&quot;https://images-wixmp-ed30a86b8c4ca887773594c2.wixmp.com/intermediary/f/13332692-13b0-4296-8a11-57f75b2723fe/dcvymma-cd014bc9-4d28-4130-93a4-4314df57cfd6.jpg/v1/fit/w_150,h_150,q_70,strp/you_jerk__by_thegreyzen_dcvymma-150.jpg&quot; srcset=&quot;https://images-wixmp-ed30a86b8c4ca887773594c2.wixmp.com/intermediary/f/13332692-13b0-4296-8a11-57f75b2723fe/dcvymma-cd014bc9-4d28-4130-93a4-4314df57cfd6.jpg/v1/fit/w_150,h_150,q_70,strp/you_jerk__by_thegreyzen_dcvymma-150.jpg 150w,https://images-wixmp-ed30a86b8c4ca887773594c2.wixmp.com/intermediary/f/13332692-13b0-4296-8a11-57f75b2723fe/dcvymma-cd014bc9-4d28-4130-93a4-4314df57cfd6.jpg/v1/fill/w_495,h_250,q_70,strp/you_jerk__by_thegreyzen_dcvymma-250t.jpg 495w,https://images-wixmp-ed30a86b8c4ca887773594c2.wixmp.com/intermediary/f/13332692-13b0-4296-8a11-57f75b2723fe/dcvymma-cd014bc9-4d28-4130-93a4-4314df57cfd6.jpg 584w&quot; sizes=&quot;150px&quot;&gt;&lt;/a&gt;&lt;/span&gt;&lt;!-- ^TTT --&gt;&lt;!-- TTT$ --&gt;&lt;/span&gt;&amp;nbsp;&lt;span class=&quot;shadow-holder&quot; data-embed-type=&quot;deviation&quot; data-embed-id=&quot;778900321&quot; data-embed-format=&quot;thumb&quot;&gt;&lt;span class=&quot;shadow mild&quot; &gt;&lt;a class=&quot;thumb&quot; href=&quot;https://www.deviantart.com/thegreyzen/art/I-m-ok-778900321&quot; title=&quot;I&amp;#039;m ok by thegreyzen, Dec 30, 2018 in Fan Art &amp;gt; Digital Art &amp;gt; Drawings &amp;gt; Games&quot;data-super-img=&quot;https://images-wixmp-ed30a86b8c4ca887773594c2.wixmp.com/intermediary/f/13332692-13b0-4296-8a11-57f75b2723fe/dcvqjc1-8a454ccf-4399-4e84-81c5-2b24d14e0ba7.jpg&quot; data-super-width=&quot;582&quot; data-super-height=&quot;540&quot; data-super-transparent=&quot;false&quot; data-super-alt=&quot;I&amp;#039;m ok by thegreyzen&quot; data-super-full-img=&quot;https://images-wixmp-ed30a86b8c4ca887773594c2.wixmp.com/intermediary/f/13332692-13b0-4296-8a11-57f75b2723fe/dcvqjc1-8a454ccf-4399-4e84-81c5-2b24d14e0ba7.jpg&quot; data-super-full-width=&quot;582&quot; data-super-full-height=&quot;540&quot;        data-sigil=&quot;thumb&quot;&gt;
        &lt;i&gt;&lt;/i&gt;&lt;img   width=&quot;150&quot; height=&quot;139&quot; alt=&quot;I&amp;#039;m ok by thegreyzen&quot; src=&quot;https://images-wixmp-ed30a86b8c4ca887773594c2.wixmp.com/intermediary/f/13332692-13b0-4296-8a11-57f75b2723fe/dcvqjc1-8a454ccf-4399-4e84-81c5-2b24d14e0ba7.jpg/v1/fit/w_150,h_150,q_70,strp/i_m_ok_by_thegreyzen_dcvqjc1-150.jpg&quot; data-src=&quot;https://images-wixmp-ed30a86b8c4ca887773594c2.wixmp.com/intermediary/f/13332692-13b0-4296-8a11-57f75b2723fe/dcvqjc1-8a454ccf-4399-4e84-81c5-2b24d14e0ba7.jpg/v1/fit/w_150,h_150,q_70,strp/i_m_ok_by_thegreyzen_dcvqjc1-150.jpg&quot; srcset=&quot;https://images-wixmp-ed30a86b8c4ca887773594c2.wixmp.com/intermediary/f/13332692-13b0-4296-8a11-57f75b2723fe/dcvqjc1-8a454ccf-4399-4e84-81c5-2b24d14e0ba7.jpg/v1/fit/w_150,h_150,q_70,strp/i_m_ok_by_thegreyzen_dcvqjc1-150.jpg 150w,https://images-wixmp-ed30a86b8c4ca887773594c2.wixmp.com/intermediary/f/13332692-13b0-4296-8a11-57f75b2723fe/dcvqjc1-8a454ccf-4399-4e84-81c5-2b24d14e0ba7.jpg/v1/fill/w_269,h_250,q_70,strp/i_m_ok_by_thegreyzen_dcvqjc1-250t.jpg 269w,https://images-wixmp-ed30a86b8c4ca887773594c2.wixmp.com/intermediary/f/13332692-13b0-4296-8a11-57f75b2723fe/dcvqjc1-8a454ccf-4399-4e84-81c5-2b24d14e0ba7.jpg/v1/fill/w_377,h_350,q_70,strp/i_m_ok_by_thegreyzen_dcvqjc1-350t.jpg 377w,https://images-wixmp-ed30a86b8c4ca887773594c2.wixmp.com/intermediary/f/13332692-13b0-4296-8a11-57f75b2723fe/dcvqjc1-8a454ccf-4399-4e84-81c5-2b24d14e0ba7.jpg/v1/fill/w_431,h_400,q_70,strp/i_m_ok_by_thegreyzen_dcvqjc1-400t.jpg 431w,https://images-wixmp-ed30a86b8c4ca887773594c2.wixmp.com/intermediary/f/13332692-13b0-4296-8a11-57f75b2723fe/dcvqjc1-8a454ccf-4399-4e84-81c5-2b24d14e0ba7.jpg 582w&quot; sizes=&quot;150px&quot;&gt;&lt;/a&gt;&lt;/span&gt;&lt;!-- ^TTT --&gt;&lt;!-- TTT$ --&gt;&lt;/span&gt;&amp;nbsp;&lt;span class=&quot;shadow-holder&quot; data-embed-type=&quot;deviation&quot; data-embed-id=&quot;777783347&quot; data-embed-format=&quot;thumb&quot;&gt;&lt;span class=&quot;shadow mild&quot; &gt;&lt;a class=&quot;thumb&quot; href=&quot;https://www.deviantart.com/thegreyzen/art/MUSCLES-777783347&quot; title=&quot;MUSCLES! by thegreyzen, Dec 22, 2018 in Fan Art &amp;gt; Digital Art &amp;gt; Drawings &amp;gt; Games&quot;data-super-img=&quot;https://images-wixmp-ed30a86b8c4ca887773594c2.wixmp.com/intermediary/f/13332692-13b0-4296-8a11-57f75b2723fe/dcv2lgz-3a0da273-2b26-4233-a4c3-34e110f25c17.jpg&quot; data-super-width=&quot;585&quot; data-super-height=&quot;599&quot; data-super-transparent=&quot;false&quot; data-super-alt=&quot;MUSCLES! by thegreyzen&quot; data-super-full-img=&quot;https://images-wixmp-ed30a86b8c4ca887773594c2.wixmp.com/intermediary/f/13332692-13b0-4296-8a11-57f75b2723fe/dcv2lgz-3a0da273-2b26-4233-a4c3-34e110f25c17.jpg&quot; data-super-full-width=&quot;585&quot; data-super-full-height=&quot;599&quot;        data-sigil=&quot;thumb&quot;&gt;
        &lt;i&gt;&lt;/i&gt;&lt;img   width=&quot;146&quot; height=&quot;150&quot; alt=&quot;MUSCLES! by thegreyzen&quot; src=&quot;https://images-wixmp-ed30a86b8c4ca887773594c2.wixmp.com/intermediary/f/13332692-13b0-4296-8a11-57f75b2723fe/dcv2lgz-3a0da273-2b26-4233-a4c3-34e110f25c17.jpg/v1/fit/w_150,h_150,q_70,strp/muscles__by_thegreyzen_dcv2lgz-150.jpg&quot; data-src=&quot;https://images-wixmp-ed30a86b8c4ca887773594c2.wixmp.com/intermediary/f/13332692-13b0-4296-8a11-57f75b2723fe/dcv2lgz-3a0da273-2b26-4233-a4c3-34e110f25c17.jpg/v1/fit/w_150,h_150,q_70,strp/muscles__by_thegreyzen_dcv2lgz-150.jpg&quot; srcset=&quot;https://images-wixmp-ed30a86b8c4ca887773594c2.wixmp.com/intermediary/f/13332692-13b0-4296-8a11-57f75b2723fe/dcv2lgz-3a0da273-2b26-4233-a4c3-34e110f25c17.jpg/v1/fit/w_150,h_150,q_70,strp/muscles__by_thegreyzen_dcv2lgz-150.jpg 146w,https://images-wixmp-ed30a86b8c4ca887773594c2.wixmp.com/intermediary/f/13332692-13b0-4296-8a11-57f75b2723fe/dcv2lgz-3a0da273-2b26-4233-a4c3-34e110f25c17.jpg/v1/fill/w_244,h_250,q_70,strp/muscles__by_thegreyzen_dcv2lgz-250t.jpg 244w,https://images-wixmp-ed30a86b8c4ca887773594c2.wixmp.com/intermediary/f/13332692-13b0-4296-8a11-57f75b2723fe/dcv2lgz-3a0da273-2b26-4233-a4c3-34e110f25c17.jpg/v1/fill/w_342,h_350,q_70,strp/muscles__by_thegreyzen_dcv2lgz-350t.jpg 342w,https://images-wixmp-ed30a86b8c4ca887773594c2.wixmp.com/intermediary/f/13332692-13b0-4296-8a11-57f75b2723fe/dcv2lgz-3a0da273-2b26-4233-a4c3-34e110f25c17.jpg/v1/fill/w_391,h_400,q_70,strp/muscles__by_thegreyzen_dcv2lgz-400t.jpg 391w,https://images-wixmp-ed30a86b8c4ca887773594c2.wixmp.com/intermediary/f/13332692-13b0-4296-8a11-57f75b2723fe/dcv2lgz-3a0da273-2b26-4233-a4c3-34e110f25c17.jpg 585w&quot; sizes=&quot;146px&quot;&gt;&lt;/a&gt;&lt;/span&gt;&lt;!-- ^TTT --&gt;&lt;!-- TTT$ --&gt;&lt;/span&gt;&amp;nbsp;</media:description>            <media:thumbnail url="https://t00.deviantart.net/__IBLuoXRrEKLe4Fe-qb8gfBArU=/fit-in/150x150/filters:no_upscale():origin()/pre00/43f8/th/pre/f/2019/026/3/c/dark_one_by_thegreyzen-dcy3h61.jpg" height="139" width="150"/>            <media:thumbnail url="https://t00.deviantart.net/F9ZsJHctjLArje0IQ-6bnvbzccM=/fit-in/300x900/filters:no_upscale():origin()/pre00/43f8/th/pre/f/2019/026/3/c/dark_one_by_thegreyzen-dcy3h61.jpg" height="279" width="300"/>            <media:thumbnail url="https://t00.deviantart.net/gw6brYa2edYDBmimdEYcp1qNGh0=/300x200/filters:fixed_height(100,100):origin()/pre00/43f8/th/pre/f/2019/026/3/c/dark_one_by_thegreyzen-dcy3h61.jpg" height="200" width="215"/>            <media:content url="https://orig00.deviantart.net/8c6d/f/2019/026/3/c/dark_one_by_thegreyzen-dcy3h61.jpg" height="556" width="598" medium="image"/>            
            <description>Join me adventures on:&amp;nbsp;&lt;a class=&quot;external&quot; href=&quot;https://www.deviantart.com/users/outgoing?http://thegreyzen.tumblr.com/&quot;&gt;Tumblr&lt;/a&gt; /&amp;nbsp;&lt;a class=&quot;external&quot; href=&quot;https://www.deviantart.com/users/outgoing?https://www.facebook.com/thegreyzen/&quot;&gt;Facebook&lt;/a&gt; /&amp;nbsp;&lt;a class=&quot;external&quot; href=&quot;https://www.deviantart.com/users/outgoing?https://twitter.com/thegreyzen&quot;&gt;Twitter&lt;/a&gt; /&amp;nbsp;&lt;a class=&quot;external&quot; href=&quot;https://www.deviantart.com/users/outgoing?https://www.instagram.com/thegreyzen1/&quot;&gt;Instagram&lt;/a&gt;&lt;br /&gt;&lt;br /&gt;I miss Adventure Time ^^&quot;&lt;br /&gt;anyways, we can talk about Dharkon now right?&amp;nbsp;&lt;br /&gt;&lt;br /&gt;Other Comics&lt;br /&gt;&amp;nbsp;&lt;span class=&quot;shadow-holder&quot; data-embed-type=&quot;deviation&quot; data-embed-id=&quot;781882801&quot; data-embed-format=&quot;thumb&quot;&gt;&lt;span class=&quot;shadow mild&quot; &gt;&lt;a class=&quot;thumb&quot; href=&quot;https://www.deviantart.com/thegreyzen/art/Men-with-swords-781882801&quot; title=&quot;Men with swords by thegreyzen, Jan 19, 2019 in Fan Art &amp;gt; Digital Art &amp;gt; Drawings &amp;gt; Games&quot;data-super-img=&quot;https://images-wixmp-ed30a86b8c4ca887773594c2.wixmp.com/intermediary/f/13332692-13b0-4296-8a11-57f75b2723fe/dcxigmp-392a2542-4491-4a0b-9099-0a09361ae482.jpg&quot; data-super-width=&quot;601&quot; data-super-height=&quot;559&quot; data-super-transparent=&quot;false&quot; data-super-alt=&quot;Men with swords by thegreyzen&quot; data-super-full-img=&quot;https://images-wixmp-ed30a86b8c4ca887773594c2.wixmp.com/intermediary/f/13332692-13b0-4296-8a11-57f75b2723fe/dcxigmp-392a2542-4491-4a0b-9099-0a09361ae482.jpg&quot; data-super-full-width=&quot;601&quot; data-super-full-height=&quot;559&quot;        data-sigil=&quot;thumb&quot;&gt;
        &lt;i&gt;&lt;/i&gt;&lt;img   width=&quot;150&quot; height=&quot;140&quot; alt=&quot;Men with swords by thegreyzen&quot; src=&quot;https://images-wixmp-ed30a86b8c4ca887773594c2.wixmp.com/intermediary/f/13332692-13b0-4296-8a11-57f75b2723fe/dcxigmp-392a2542-4491-4a0b-9099-0a09361ae482.jpg/v1/fit/w_150,h_150,q_70,strp/men_with_swords_by_thegreyzen_dcxigmp-150.jpg&quot; data-src=&quot;https://images-wixmp-ed30a86b8c4ca887773594c2.wixmp.com/intermediary/f/13332692-13b0-4296-8a11-57f75b2723fe/dcxigmp-392a2542-4491-4a0b-9099-0a09361ae482.jpg/v1/fit/w_150,h_150,q_70,strp/men_with_swords_by_thegreyzen_dcxigmp-150.jpg&quot; srcset=&quot;https://images-wixmp-ed30a86b8c4ca887773594c2.wixmp.com/intermediary/f/13332692-13b0-4296-8a11-57f75b2723fe/dcxigmp-392a2542-4491-4a0b-9099-0a09361ae482.jpg/v1/fit/w_150,h_150,q_70,strp/men_with_swords_by_thegreyzen_dcxigmp-150.jpg 150w,https://images-wixmp-ed30a86b8c4ca887773594c2.wixmp.com/intermediary/f/13332692-13b0-4296-8a11-57f75b2723fe/dcxigmp-392a2542-4491-4a0b-9099-0a09361ae482.jpg/v1/fill/w_269,h_250,q_70,strp/men_with_swords_by_thegreyzen_dcxigmp-250t.jpg 269w,https://images-wixmp-ed30a86b8c4ca887773594c2.wixmp.com/intermediary/f/13332692-13b0-4296-8a11-57f75b2723fe/dcxigmp-392a2542-4491-4a0b-9099-0a09361ae482.jpg/v1/fill/w_376,h_350,q_70,strp/men_with_swords_by_thegreyzen_dcxigmp-350t.jpg 376w,https://images-wixmp-ed30a86b8c4ca887773594c2.wixmp.com/intermediary/f/13332692-13b0-4296-8a11-57f75b2723fe/dcxigmp-392a2542-4491-4a0b-9099-0a09361ae482.jpg/v1/fill/w_430,h_400,q_70,strp/men_with_swords_by_thegreyzen_dcxigmp-400t.jpg 430w,https://images-wixmp-ed30a86b8c4ca887773594c2.wixmp.com/intermediary/f/13332692-13b0-4296-8a11-57f75b2723fe/dcxigmp-392a2542-4491-4a0b-9099-0a09361ae482.jpg 601w&quot; sizes=&quot;150px&quot;&gt;&lt;/a&gt;&lt;/span&gt;&lt;!-- ^TTT --&gt;&lt;!-- TTT$ --&gt;&lt;/span&gt;&amp;nbsp;&lt;span class=&quot;shadow-holder&quot; data-embed-type=&quot;deviation&quot; data-embed-id=&quot;780873559&quot; data-embed-format=&quot;thumb&quot;&gt;&lt;span class=&quot;shadow mild&quot; &gt;&lt;a class=&quot;thumb&quot; href=&quot;https://www.deviantart.com/thegreyzen/art/Bob-3-The-Dabbing-780873559&quot; title=&quot;Bob 3 The Dabbing by thegreyzen, Jan 12, 2019 in Fan Art &amp;gt; Digital Art &amp;gt; Drawings &amp;gt; Games&quot;data-super-img=&quot;https://images-wixmp-ed30a86b8c4ca887773594c2.wixmp.com/intermediary/f/13332692-13b0-4296-8a11-57f75b2723fe/dcwwtw7-6da4dfc0-0413-4cea-bb38-ca4472d498a1.jpg&quot; data-super-width=&quot;581&quot; data-super-height=&quot;541&quot; data-super-transparent=&quot;false&quot; data-super-alt=&quot;Bob 3 The Dabbing by thegreyzen&quot; data-super-full-img=&quot;https://images-wixmp-ed30a86b8c4ca887773594c2.wixmp.com/intermediary/f/13332692-13b0-4296-8a11-57f75b2723fe/dcwwtw7-6da4dfc0-0413-4cea-bb38-ca4472d498a1.jpg&quot; data-super-full-width=&quot;581&quot; data-super-full-height=&quot;541&quot;        data-sigil=&quot;thumb&quot;&gt;
        &lt;i&gt;&lt;/i&gt;&lt;img   width=&quot;150&quot; height=&quot;140&quot; alt=&quot;Bob 3 The Dabbing by thegreyzen&quot; src=&quot;https://images-wixmp-ed30a86b8c4ca887773594c2.wixmp.com/intermediary/f/13332692-13b0-4296-8a11-57f75b2723fe/dcwwtw7-6da4dfc0-0413-4cea-bb38-ca4472d498a1.jpg/v1/fit/w_150,h_150,q_70,strp/bob_3_the_dabbing_by_thegreyzen_dcwwtw7-150.jpg&quot; data-src=&quot;https://images-wixmp-ed30a86b8c4ca887773594c2.wixmp.com/intermediary/f/13332692-13b0-4296-8a11-57f75b2723fe/dcwwtw7-6da4dfc0-0413-4cea-bb38-ca4472d498a1.jpg/v1/fit/w_150,h_150,q_70,strp/bob_3_the_dabbing_by_thegreyzen_dcwwtw7-150.jpg&quot; srcset=&quot;https://images-wixmp-ed30a86b8c4ca887773594c2.wixmp.com/intermediary/f/13332692-13b0-4296-8a11-57f75b2723fe/dcwwtw7-6da4dfc0-0413-4cea-bb38-ca4472d498a1.jpg/v1/fit/w_150,h_150,q_70,strp/bob_3_the_dabbing_by_thegreyzen_dcwwtw7-150.jpg 150w,https://images-wixmp-ed30a86b8c4ca887773594c2.wixmp.com/intermediary/f/13332692-13b0-4296-8a11-57f75b2723fe/dcwwtw7-6da4dfc0-0413-4cea-bb38-ca4472d498a1.jpg/v1/fill/w_268,h_250,q_70,strp/bob_3_the_dabbing_by_thegreyzen_dcwwtw7-250t.jpg 268w,https://images-wixmp-ed30a86b8c4ca887773594c2.wixmp.com/intermediary/f/13332692-13b0-4296-8a11-57f75b2723fe/dcwwtw7-6da4dfc0-0413-4cea-bb38-ca4472d498a1.jpg/v1/fill/w_376,h_350,q_70,strp/bob_3_the_dabbing_by_thegreyzen_dcwwtw7-350t.jpg 376w,https://images-wixmp-ed30a86b8c4ca887773594c2.wixmp.com/intermediary/f/13332692-13b0-4296-8a11-57f75b2723fe/dcwwtw7-6da4dfc0-0413-4cea-bb38-ca4472d498a1.jpg/v1/fill/w_430,h_400,q_70,strp/bob_3_the_dabbing_by_thegreyzen_dcwwtw7-400t.jpg 430w,https://images-wixmp-ed30a86b8c4ca887773594c2.wixmp.com/intermediary/f/13332692-13b0-4296-8a11-57f75b2723fe/dcwwtw7-6da4dfc0-0413-4cea-bb38-ca4472d498a1.jpg 581w&quot; sizes=&quot;150px&quot;&gt;&lt;/a&gt;&lt;/span&gt;&lt;!-- ^TTT --&gt;&lt;!-- TTT$ --&gt;&lt;/span&gt;&amp;nbsp;&lt;span class=&quot;shadow-holder&quot; data-embed-type=&quot;deviation&quot; data-embed-id=&quot;779842711&quot; data-embed-format=&quot;thumb&quot;&gt;&lt;span class=&quot;shadow mild&quot; &gt;&lt;a class=&quot;thumb&quot; href=&quot;https://www.deviantart.com/thegreyzen/art/2-Songs-779842711&quot; title=&quot;2 Songs by thegreyzen, Jan 5, 2019 in Fan Art &amp;gt; Digital Art &amp;gt; Drawings &amp;gt; Games&quot;data-super-img=&quot;https://images-wixmp-ed30a86b8c4ca887773594c2.wixmp.com/intermediary/f/13332692-13b0-4296-8a11-57f75b2723fe/dcwaqhj-80f87de5-a3b4-4a14-b9d8-0e0cc30d5e98.jpg&quot; data-super-width=&quot;579&quot; data-super-height=&quot;296&quot; data-super-transparent=&quot;false&quot; data-super-alt=&quot;2 Songs by thegreyzen&quot; data-super-full-img=&quot;https://images-wixmp-ed30a86b8c4ca887773594c2.wixmp.com/intermediary/f/13332692-13b0-4296-8a11-57f75b2723fe/dcwaqhj-80f87de5-a3b4-4a14-b9d8-0e0cc30d5e98.jpg&quot; data-super-full-width=&quot;579&quot; data-super-full-height=&quot;296&quot;        data-sigil=&quot;thumb&quot;&gt;
        &lt;i&gt;&lt;/i&gt;&lt;img   width=&quot;150&quot; height=&quot;77&quot; alt=&quot;2 Songs by thegreyzen&quot; src=&quot;https://images-wixmp-ed30a86b8c4ca887773594c2.wixmp.com/intermediary/f/13332692-13b0-4296-8a11-57f75b2723fe/dcwaqhj-80f87de5-a3b4-4a14-b9d8-0e0cc30d5e98.jpg/v1/fit/w_150,h_150,q_70,strp/2_songs_by_thegreyzen_dcwaqhj-150.jpg&quot; data-src=&quot;https://images-wixmp-ed30a86b8c4ca887773594c2.wixmp.com/intermediary/f/13332692-13b0-4296-8a11-57f75b2723fe/dcwaqhj-80f87de5-a3b4-4a14-b9d8-0e0cc30d5e98.jpg/v1/fit/w_150,h_150,q_70,strp/2_songs_by_thegreyzen_dcwaqhj-150.jpg&quot; srcset=&quot;https://images-wixmp-ed30a86b8c4ca887773594c2.wixmp.com/intermediary/f/13332692-13b0-4296-8a11-57f75b2723fe/dcwaqhj-80f87de5-a3b4-4a14-b9d8-0e0cc30d5e98.jpg/v1/fit/w_150,h_150,q_70,strp/2_songs_by_thegreyzen_dcwaqhj-150.jpg 150w,https://images-wixmp-ed30a86b8c4ca887773594c2.wixmp.com/intermediary/f/13332692-13b0-4296-8a11-57f75b2723fe/dcwaqhj-80f87de5-a3b4-4a14-b9d8-0e0cc30d5e98.jpg/v1/fill/w_489,h_250,q_70,strp/2_songs_by_thegreyzen_dcwaqhj-250t.jpg 489w,https://images-wixmp-ed30a86b8c4ca887773594c2.wixmp.com/intermediary/f/13332692-13b0-4296-8a11-57f75b2723fe/dcwaqhj-80f87de5-a3b4-4a14-b9d8-0e0cc30d5e98.jpg 579w&quot; sizes=&quot;150px&quot;&gt;&lt;/a&gt;&lt;/span&gt;&lt;!-- ^TTT --&gt;&lt;!-- TTT$ --&gt;&lt;/span&gt;&amp;nbsp;&lt;span class=&quot;shadow-holder&quot; data-embed-type=&quot;deviation&quot; data-embed-id=&quot;779277826&quot; data-embed-format=&quot;thumb&quot;&gt;&lt;span class=&quot;shadow mild&quot; &gt;&lt;a class=&quot;thumb&quot; href=&quot;https://www.deviantart.com/thegreyzen/art/YOU-JERK-779277826&quot; title=&quot;YOU JERK! by thegreyzen, Jan 1, 2019 in Fan Art &amp;gt; Digital Art &amp;gt; Drawings &amp;gt; Games&quot;data-super-img=&quot;https://images-wixmp-ed30a86b8c4ca887773594c2.wixmp.com/intermediary/f/13332692-13b0-4296-8a11-57f75b2723fe/dcvymma-cd014bc9-4d28-4130-93a4-4314df57cfd6.jpg&quot; data-super-width=&quot;584&quot; data-super-height=&quot;295&quot; data-super-transparent=&quot;false&quot; data-super-alt=&quot;YOU JERK! by thegreyzen&quot; data-super-full-img=&quot;https://images-wixmp-ed30a86b8c4ca887773594c2.wixmp.com/intermediary/f/13332692-13b0-4296-8a11-57f75b2723fe/dcvymma-cd014bc9-4d28-4130-93a4-4314df57cfd6.jpg&quot; data-super-full-width=&quot;584&quot; data-super-full-height=&quot;295&quot;        data-sigil=&quot;thumb&quot;&gt;
        &lt;i&gt;&lt;/i&gt;&lt;img   width=&quot;150&quot; height=&quot;76&quot; alt=&quot;YOU JERK! by thegreyzen&quot; src=&quot;https://images-wixmp-ed30a86b8c4ca887773594c2.wixmp.com/intermediary/f/13332692-13b0-4296-8a11-57f75b2723fe/dcvymma-cd014bc9-4d28-4130-93a4-4314df57cfd6.jpg/v1/fit/w_150,h_150,q_70,strp/you_jerk__by_thegreyzen_dcvymma-150.jpg&quot; data-src=&quot;https://images-wixmp-ed30a86b8c4ca887773594c2.wixmp.com/intermediary/f/13332692-13b0-4296-8a11-57f75b2723fe/dcvymma-cd014bc9-4d28-4130-93a4-4314df57cfd6.jpg/v1/fit/w_150,h_150,q_70,strp/you_jerk__by_thegreyzen_dcvymma-150.jpg&quot; srcset=&quot;https://images-wixmp-ed30a86b8c4ca887773594c2.wixmp.com/intermediary/f/13332692-13b0-4296-8a11-57f75b2723fe/dcvymma-cd014bc9-4d28-4130-93a4-4314df57cfd6.jpg/v1/fit/w_150,h_150,q_70,strp/you_jerk__by_thegreyzen_dcvymma-150.jpg 150w,https://images-wixmp-ed30a86b8c4ca887773594c2.wixmp.com/intermediary/f/13332692-13b0-4296-8a11-57f75b2723fe/dcvymma-cd014bc9-4d28-4130-93a4-4314df57cfd6.jpg/v1/fill/w_495,h_250,q_70,strp/you_jerk__by_thegreyzen_dcvymma-250t.jpg 495w,https://images-wixmp-ed30a86b8c4ca887773594c2.wixmp.com/intermediary/f/13332692-13b0-4296-8a11-57f75b2723fe/dcvymma-cd014bc9-4d28-4130-93a4-4314df57cfd6.jpg 584w&quot; sizes=&quot;150px&quot;&gt;&lt;/a&gt;&lt;/span&gt;&lt;!-- ^TTT --&gt;&lt;!-- TTT$ --&gt;&lt;/span&gt;&amp;nbsp;&lt;span class=&quot;shadow-holder&quot; data-embed-type=&quot;deviation&quot; data-embed-id=&quot;778900321&quot; data-embed-format=&quot;thumb&quot;&gt;&lt;span class=&quot;shadow mild&quot; &gt;&lt;a class=&quot;thumb&quot; href=&quot;https://www.deviantart.com/thegreyzen/art/I-m-ok-778900321&quot; title=&quot;I&amp;#039;m ok by thegreyzen, Dec 30, 2018 in Fan Art &amp;gt; Digital Art &amp;gt; Drawings &amp;gt; Games&quot;data-super-img=&quot;https://images-wixmp-ed30a86b8c4ca887773594c2.wixmp.com/intermediary/f/13332692-13b0-4296-8a11-57f75b2723fe/dcvqjc1-8a454ccf-4399-4e84-81c5-2b24d14e0ba7.jpg&quot; data-super-width=&quot;582&quot; data-super-height=&quot;540&quot; data-super-transparent=&quot;false&quot; data-super-alt=&quot;I&amp;#039;m ok by thegreyzen&quot; data-super-full-img=&quot;https://images-wixmp-ed30a86b8c4ca887773594c2.wixmp.com/intermediary/f/13332692-13b0-4296-8a11-57f75b2723fe/dcvqjc1-8a454ccf-4399-4e84-81c5-2b24d14e0ba7.jpg&quot; data-super-full-width=&quot;582&quot; data-super-full-height=&quot;540&quot;        data-sigil=&quot;thumb&quot;&gt;
        &lt;i&gt;&lt;/i&gt;&lt;img   width=&quot;150&quot; height=&quot;139&quot; alt=&quot;I&amp;#039;m ok by thegreyzen&quot; src=&quot;https://images-wixmp-ed30a86b8c4ca887773594c2.wixmp.com/intermediary/f/13332692-13b0-4296-8a11-57f75b2723fe/dcvqjc1-8a454ccf-4399-4e84-81c5-2b24d14e0ba7.jpg/v1/fit/w_150,h_150,q_70,strp/i_m_ok_by_thegreyzen_dcvqjc1-150.jpg&quot; data-src=&quot;https://images-wixmp-ed30a86b8c4ca887773594c2.wixmp.com/intermediary/f/13332692-13b0-4296-8a11-57f75b2723fe/dcvqjc1-8a454ccf-4399-4e84-81c5-2b24d14e0ba7.jpg/v1/fit/w_150,h_150,q_70,strp/i_m_ok_by_thegreyzen_dcvqjc1-150.jpg&quot; srcset=&quot;https://images-wixmp-ed30a86b8c4ca887773594c2.wixmp.com/intermediary/f/13332692-13b0-4296-8a11-57f75b2723fe/dcvqjc1-8a454ccf-4399-4e84-81c5-2b24d14e0ba7.jpg/v1/fit/w_150,h_150,q_70,strp/i_m_ok_by_thegreyzen_dcvqjc1-150.jpg 150w,https://images-wixmp-ed30a86b8c4ca887773594c2.wixmp.com/intermediary/f/13332692-13b0-4296-8a11-57f75b2723fe/dcvqjc1-8a454ccf-4399-4e84-81c5-2b24d14e0ba7.jpg/v1/fill/w_269,h_250,q_70,strp/i_m_ok_by_thegreyzen_dcvqjc1-250t.jpg 269w,https://images-wixmp-ed30a86b8c4ca887773594c2.wixmp.com/intermediary/f/13332692-13b0-4296-8a11-57f75b2723fe/dcvqjc1-8a454ccf-4399-4e84-81c5-2b24d14e0ba7.jpg/v1/fill/w_377,h_350,q_70,strp/i_m_ok_by_thegreyzen_dcvqjc1-350t.jpg 377w,https://images-wixmp-ed30a86b8c4ca887773594c2.wixmp.com/intermediary/f/13332692-13b0-4296-8a11-57f75b2723fe/dcvqjc1-8a454ccf-4399-4e84-81c5-2b24d14e0ba7.jpg/v1/fill/w_431,h_400,q_70,strp/i_m_ok_by_thegreyzen_dcvqjc1-400t.jpg 431w,https://images-wixmp-ed30a86b8c4ca887773594c2.wixmp.com/intermediary/f/13332692-13b0-4296-8a11-57f75b2723fe/dcvqjc1-8a454ccf-4399-4e84-81c5-2b24d14e0ba7.jpg 582w&quot; sizes=&quot;150px&quot;&gt;&lt;/a&gt;&lt;/span&gt;&lt;!-- ^TTT --&gt;&lt;!-- TTT$ --&gt;&lt;/span&gt;&amp;nbsp;&lt;span class=&quot;shadow-holder&quot; data-embed-type=&quot;deviation&quot; data-embed-id=&quot;777783347&quot; data-embed-format=&quot;thumb&quot;&gt;&lt;span class=&quot;shadow mild&quot; &gt;&lt;a class=&quot;thumb&quot; href=&quot;https://www.deviantart.com/thegreyzen/art/MUSCLES-777783347&quot; title=&quot;MUSCLES! by thegreyzen, Dec 22, 2018 in Fan Art &amp;gt; Digital Art &amp;gt; Drawings &amp;gt; Games&quot;data-super-img=&quot;https://images-wixmp-ed30a86b8c4ca887773594c2.wixmp.com/intermediary/f/13332692-13b0-4296-8a11-57f75b2723fe/dcv2lgz-3a0da273-2b26-4233-a4c3-34e110f25c17.jpg&quot; data-super-width=&quot;585&quot; data-super-height=&quot;599&quot; data-super-transparent=&quot;false&quot; data-super-alt=&quot;MUSCLES! by thegreyzen&quot; data-super-full-img=&quot;https://images-wixmp-ed30a86b8c4ca887773594c2.wixmp.com/intermediary/f/13332692-13b0-4296-8a11-57f75b2723fe/dcv2lgz-3a0da273-2b26-4233-a4c3-34e110f25c17.jpg&quot; data-super-full-width=&quot;585&quot; data-super-full-height=&quot;599&quot;        data-sigil=&quot;thumb&quot;&gt;
        &lt;i&gt;&lt;/i&gt;&lt;img   width=&quot;146&quot; height=&quot;150&quot; alt=&quot;MUSCLES! by thegreyzen&quot; src=&quot;https://images-wixmp-ed30a86b8c4ca887773594c2.wixmp.com/intermediary/f/13332692-13b0-4296-8a11-57f75b2723fe/dcv2lgz-3a0da273-2b26-4233-a4c3-34e110f25c17.jpg/v1/fit/w_150,h_150,q_70,strp/muscles__by_thegreyzen_dcv2lgz-150.jpg&quot; data-src=&quot;https://images-wixmp-ed30a86b8c4ca887773594c2.wixmp.com/intermediary/f/13332692-13b0-4296-8a11-57f75b2723fe/dcv2lgz-3a0da273-2b26-4233-a4c3-34e110f25c17.jpg/v1/fit/w_150,h_150,q_70,strp/muscles__by_thegreyzen_dcv2lgz-150.jpg&quot; srcset=&quot;https://images-wixmp-ed30a86b8c4ca887773594c2.wixmp.com/intermediary/f/13332692-13b0-4296-8a11-57f75b2723fe/dcv2lgz-3a0da273-2b26-4233-a4c3-34e110f25c17.jpg/v1/fit/w_150,h_150,q_70,strp/muscles__by_thegreyzen_dcv2lgz-150.jpg 146w,https://images-wixmp-ed30a86b8c4ca887773594c2.wixmp.com/intermediary/f/13332692-13b0-4296-8a11-57f75b2723fe/dcv2lgz-3a0da273-2b26-4233-a4c3-34e110f25c17.jpg/v1/fill/w_244,h_250,q_70,strp/muscles__by_thegreyzen_dcv2lgz-250t.jpg 244w,https://images-wixmp-ed30a86b8c4ca887773594c2.wixmp.com/intermediary/f/13332692-13b0-4296-8a11-57f75b2723fe/dcv2lgz-3a0da273-2b26-4233-a4c3-34e110f25c17.jpg/v1/fill/w_342,h_350,q_70,strp/muscles__by_thegreyzen_dcv2lgz-350t.jpg 342w,https://images-wixmp-ed30a86b8c4ca887773594c2.wixmp.com/intermediary/f/13332692-13b0-4296-8a11-57f75b2723fe/dcv2lgz-3a0da273-2b26-4233-a4c3-34e110f25c17.jpg/v1/fill/w_391,h_400,q_70,strp/muscles__by_thegreyzen_dcv2lgz-400t.jpg 391w,https://images-wixmp-ed30a86b8c4ca887773594c2.wixmp.com/intermediary/f/13332692-13b0-4296-8a11-57f75b2723fe/dcv2lgz-3a0da273-2b26-4233-a4c3-34e110f25c17.jpg 585w&quot; sizes=&quot;146px&quot;&gt;&lt;/a&gt;&lt;/span&gt;&lt;!-- ^TTT --&gt;&lt;!-- TTT$ --&gt;&lt;/span&gt;&amp;nbsp;&lt;br /&gt;&lt;div&gt;&lt;img src=&quot;https://t00.deviantart.net/gw6brYa2edYDBmimdEYcp1qNGh0=/300x200/filters:fixed_height(100,100):origin()/pre00/43f8/th/pre/f/2019/026/3/c/dark_one_by_thegreyzen-dcy3h61.jpg&quot; alt=&quot;thumbnail&quot; /&gt;&lt;/div&gt;</description>            </item>
                    <item>
                <title>Nord: Character (creature) design</title>
                <link>https://booublik.deviantart.com/art/Nord-Character-creature-design-782858689</link>
                <guid isPermaLink="true">https://booublik.deviantart.com/art/Nord-Character-creature-design-782858689</guid>
                <pubDate>Sat, 26 Jan 2019 12:02:46 PST</pubDate>
                        <media:title type="plain">Nord: Character (creature) design</media:title>
        <media:keywords></media:keywords>
                        <media:rating>nonadult</media:rating>
                <media:category label="Other">digitalart/paintings/other</media:category>
        <media:credit role="author" scheme="urn:ebu">booublik</media:credit>
        <media:credit role="author" scheme="urn:ebu">https://a.deviantart.net/avatars/b/o/booublik.jpg?2</media:credit>
        <media:copyright url="https://booublik.deviantart.com">Copyright 2019 booublik</media:copyright>            <media:description type="html">&lt;div&gt;&lt;div&gt;&lt;div&gt;&lt;div&gt;Alright so as the exam I made these for is passed I want to show you how The Ideal Right Work Process is expected to be starting from this one&amp;nbsp;&lt;a href=&quot;http://fav.me/dcxl8n4&quot;&gt;fav.me/dcxl8n4&lt;/a&gt;&amp;nbsp;than there goes&amp;nbsp;&amp;nbsp;&lt;a href=&quot;http://fav.me/dcxq1ej&quot;&gt;fav.me/dcxq1ej&lt;/a&gt;&amp;nbsp;&amp;nbsp;&lt;a href=&quot;http://fav.me/dcxz13z&quot;&gt;fav.me/dcxz13z&lt;/a&gt;&amp;nbsp;and&amp;nbsp;&lt;a href=&quot;http://fav.me/dcy0h5r&quot;&gt;fav.me/dcy0h5r&lt;/a&gt;&lt;br /&gt;&lt;br /&gt;And here&#039;s the result&lt;br /&gt;&lt;br /&gt;I meant these to be the creatures living in my in-game story. The Sun and The Moon are going through the world that just starts to be made. They move from the most like finished area of The Woods to the location of The Dark where it all started. So their temple is located in The Woods. There is also the people village if you move forward a little bit. Than there is Water location and Stone location after them, and further everithing is in The Dark.&lt;/div&gt;&lt;/div&gt;&lt;/div&gt;&lt;/div&gt;</media:description>            <media:thumbnail url="https://t00.deviantart.net/ouDDE6bEddrKb4vMvSnCWXrDkws=/fit-in/150x150/filters:no_upscale():origin()/pre00/9ecd/th/pre/i/2019/026/c/a/nord__character__creature__design_by_booublik-dcy3dmp.jpg" height="150" width="105"/>            <media:thumbnail url="https://t00.deviantart.net/DPpj8vt8z3ihjt709Xb7GbYrpvA=/fit-in/300x900/filters:no_upscale():origin()/pre00/9ecd/th/pre/i/2019/026/c/a/nord__character__creature__design_by_booublik-dcy3dmp.jpg" height="430" width="300"/>            <media:thumbnail url="https://t00.deviantart.net/hMnnGgSmwqVHqfFLbA0G5UOQD0I=/300x200/filters:fixed_height(100,100):origin()/pre00/9ecd/th/pre/i/2019/026/c/a/nord__character__creature__design_by_booublik-dcy3dmp.jpg" height="200" width="140"/>            <media:content url="https://pre00.deviantart.net/9ecd/th/pre/i/2019/026/c/a/nord__character__creature__design_by_booublik-dcy3dmp.jpg" height="1070" width="747" medium="image"/>            
            <description>&lt;div&gt;&lt;div&gt;&lt;div&gt;&lt;div&gt;Alright so as the exam I made these for is passed I want to show you how The Ideal Right Work Process is expected to be starting from this one&amp;nbsp;&lt;a href=&quot;http://fav.me/dcxl8n4&quot;&gt;fav.me/dcxl8n4&lt;/a&gt;&amp;nbsp;than there goes&amp;nbsp;&amp;nbsp;&lt;a href=&quot;http://fav.me/dcxq1ej&quot;&gt;fav.me/dcxq1ej&lt;/a&gt;&amp;nbsp;&amp;nbsp;&lt;a href=&quot;http://fav.me/dcxz13z&quot;&gt;fav.me/dcxz13z&lt;/a&gt;&amp;nbsp;and&amp;nbsp;&lt;a href=&quot;http://fav.me/dcy0h5r&quot;&gt;fav.me/dcy0h5r&lt;/a&gt;&lt;br /&gt;&lt;br /&gt;And here&#039;s the result&lt;br /&gt;&lt;br /&gt;I meant these to be the creatures living in my in-game story. The Sun and The Moon are going through the world that just starts to be made. They move from the most like finished area of The Woods to the location of The Dark where it all started. So their temple is located in The Woods. There is also the people village if you move forward a little bit. Than there is Water location and Stone location after them, and further everithing is in The Dark.&lt;/div&gt;&lt;/div&gt;&lt;/div&gt;&lt;/div&gt;&lt;br /&gt;&lt;div&gt;&lt;img src=&quot;https://t00.deviantart.net/hMnnGgSmwqVHqfFLbA0G5UOQD0I=/300x200/filters:fixed_height(100,100):origin()/pre00/9ecd/th/pre/i/2019/026/c/a/nord__character__creature__design_by_booublik-dcy3dmp.jpg&quot; alt=&quot;thumbnail&quot; /&gt;&lt;/div&gt;</description>            </item>
                    <item>
                <title>Infernape Used Flare Blitz</title>
                <link>https://tamarinfrog.deviantart.com/art/Infernape-Used-Flare-Blitz-782853373</link>
                <guid isPermaLink="true">https://tamarinfrog.deviantart.com/art/Infernape-Used-Flare-Blitz-782853373</guid>
                <pubDate>Sat, 26 Jan 2019 11:19:47 PST</pubDate>
                        <media:title type="plain">Infernape Used Flare Blitz</media:title>
        <media:keywords></media:keywords>
                        <media:rating>nonadult</media:rating>
                <media:category label="Games">fanart/digital/drawings/games</media:category>
        <media:credit role="author" scheme="urn:ebu">TamarinFrog</media:credit>
        <media:credit role="author" scheme="urn:ebu">https://a.deviantart.net/avatars/t/a/tamarinfrog.gif?1</media:credit>
        <media:copyright url="https://tamarinfrog.deviantart.com">Copyright 2019 TamarinFrog</media:copyright>            <media:description type="html">Infernape using flare blitz for Pokemon&amp;nbsp;gen4 tribute project.&lt;br /&gt;&lt;br /&gt;Gen 4 is my favorite, so I chose to claim three favorites from the many I have, hehe. Here, infernape.&lt;br /&gt;&lt;br /&gt;About the project:&amp;nbsp;&lt;span class=&quot;shadow-holder&quot; data-embed-type=&quot;deviation&quot; data-embed-id=&quot;781939110&quot; data-embed-format=&quot;thumb&quot;&gt;&lt;span class=&quot;shadow mild&quot; &gt;&lt;a href=&quot;https://www.deviantart.com/ga-hq-contributors/journal/The-Pokemon-Gen-IV-Tribute-starts-right-now-781939110&quot; data-sigil=&quot;thumb&quot; class=&quot;thumb lit&quot; onmouseover=&quot;if (window.LitBox) LitBox.hover(this, true)&quot; onmouseout=&quot;if (window.LitBox) LitBox.out(this)&quot;&gt;&lt;i&gt;&lt;/i&gt;&lt;img class=&quot;lit journal&quot; src=&quot;https://st.deviantart.net/minish/gruzecontrol/icons/journal.gif?2&quot;&gt;&lt;span class=&quot;wrap&quot; style=&quot;width: 150px&quot;&gt;&lt;q&gt;
        &lt;strong&gt;The Pokemon Gen IV Tribute starts right now!&lt;/strong&gt;&lt;img src=&quot;https://images-wixmp-ed30a86b8c4ca887773594c2.wixmp.com/intermediary/f/92ef25f3-84b2-477f-b15c-177b00330e91/dcxkjyn-1ed53742-51cb-49dc-9ca0-549fd8b0d2bd.png/v1/fit/w_300,h_900,strp/pokemon_gen_iv_art_collaboration_logo_by_superedco_dcxkjyn-300w.png&quot;class=&quot;gr-shrink thumb-in-thumb &quot;&gt;&lt;br /&gt;Surprise, surprise &lt;img src=&quot;https://e.deviantart.net/emoticons/s/smile.gif&quot; width=&quot;15&quot; height=&quot;15&quot; alt=&quot;:-)&quot; data-embed-type=&quot;emoticon&quot; data-embed-id=&quot;392&quot; title=&quot;:-) (Smile)&quot;/&gt;&lt;br /&gt;Since I myself, and also &lt;span class=&quot;username-with-symbol&quot;&gt;&lt;span class=&quot;premium username&quot;&gt;shinragod&lt;/span&gt;&lt;span class=&quot;user-symbol premium nolink&quot; data-quicktip-text=&quot;Core Member&quot; data-show-tooltip=&quot;1&quot; data-gruser-type=&quot;premium&quot;&gt;&lt;/span&gt;&lt;/span&gt; &lt;span class=&quot;username-with-symbol&quot;&gt;&lt;span class=&quot;premium username&quot;&gt;Hedgey&lt;/span&gt;&lt;span class=&quot;user-symbol premium nolink&quot; data-quicktip-text=&quot;Core Member&quot; data-show-tooltip=&quot;1&quot; data-gruser-type=&quot;premium&quot;&gt;&lt;/span&gt;&lt;/span&gt; and &lt;span class=&quot;username-with-symbol&quot;&gt;&lt;span class=&quot;premium username&quot;&gt;freqrexy&lt;/span&gt;&lt;span class=&quot;user-symbol premium nolink&quot; data-quicktip-text=&quot;Core Member&quot; data-show-tooltip=&quot;1&quot; data-gruser-type=&quot;premium&quot;&gt;&lt;/span&gt;&lt;/span&gt; are currently working on the last galleries for our Pokemon Gen III Tribute I thought it can not hurt to start with the Pokemon Gen IV Project already slowly and only for you, the GA-HQ Contributors who participated in previous art collaborations.&lt;br /&gt;Examples from our Gen III Tribute:&lt;br /&gt;&lt;img src=&quot;https://images-wixmp-ed30a86b8c4ca887773594c2.wixmp.com/intermediary/f/5eb07839-d73e-4f5e-be70-57dc3f336c1e/dco3qb0-f2f6db35-cb3e-46cf-abfb-7aadc82e20eb.png/v1/fit/w_300,h_900,strp/treecko___absorb_by_viral_zone_dco3qb0-300w.png&quot;class=&quot;gr-shrink thumb-in-thumb &quot;&gt; &lt;img src=&quot;https://images-wixmp-ed30a86b8c4ca887773594c2.wixmp.com/intermediary/f/9b39b62e-f49b-48a7-9a77-d894b5ab7bb8/dbzw2zh-2594825b-0799-4853-8a17-497224765cb5.png/v1/fit/w_300,h_900,strp/combusken_used_double_kick__by_saskle_dbzw2zh-300w.png&quot;class=&quot;gr-shrink thumb-in-thumb &quot;&gt; &lt;img src=&quot;https://images-wixmp-ed30a86b8c4ca887773594c2.wixmp.com/intermediary/f/ea4e2220-6186-4074-9fc6-272377f6e63d/dcogy5e-c2e4a3a5-af81-4b13-8e41-6593242fd032.png/v1/fit/w_300,h_900,strp/silcoon_iron_defense_by_yggdrassal_dcogy5e-300w.png&quot;class=&quot;gr-shrink thumb-in-thumb &quot;&gt;&lt;br /&gt;You can see the progress of our Gen III Tribute here btw: http://www.game-art-hq.com/128460/the-game-art-hq-community-presents-the-pokemon-generation-iii-art-collaboration/&lt;br /&gt;Since Friday, I am finetuning/finishing 1-3 of the 170 galleries and am sharing one gallery per day currently via the @gamearthq Twitter account.&lt;br /&gt;You are welcome to follow it of course. It&#039;s also useful if you can share your own Twitter accounts so I can tag and link you all in the Tweets.&lt;br /&gt;I am going to create a new &quot;main hub&quot; for the Pokemon Tribute galleries THIS WEEK on Game&lt;/q&gt;&lt;/span&gt;&lt;/a&gt;&lt;/span&gt;&lt;!-- ^TTT --&gt;&lt;!-- TTT$ --&gt;&lt;/span&gt;</media:description>            <media:thumbnail url="https://t00.deviantart.net/z8mRe0Z9XH3UK_2OlCgY024cYmE=/fit-in/150x150/filters:no_upscale():origin()/pre00/cb1f/th/pre/f/2019/026/b/4/infernape_used_flare_blitz_by_tamarinfrog-dcy39j1.png" height="150" width="108"/>            <media:thumbnail url="https://t00.deviantart.net/7MJuVuJInGZelD04DkY_APx7jvQ=/fit-in/300x900/filters:no_upscale():origin()/pre00/cb1f/th/pre/f/2019/026/b/4/infernape_used_flare_blitz_by_tamarinfrog-dcy39j1.png" height="415" width="300"/>            <media:thumbnail url="https://t00.deviantart.net/t3x1vp-pV9z7FKCaZlhf8WjMouE=/300x200/filters:fixed_height(100,100):origin()/pre00/cb1f/th/pre/f/2019/026/b/4/infernape_used_flare_blitz_by_tamarinfrog-dcy39j1.png" height="200" width="144"/>            <media:content url="https://pre00.deviantart.net/cb1f/th/pre/f/2019/026/b/4/infernape_used_flare_blitz_by_tamarinfrog-dcy39j1.png" height="1052" width="760" medium="image"/>            
            <description>Infernape using flare blitz for Pokemon&amp;nbsp;gen4 tribute project.&lt;br /&gt;&lt;br /&gt;Gen 4 is my favorite, so I chose to claim three favorites from the many I have, hehe. Here, infernape.&lt;br /&gt;&lt;br /&gt;About the project:&amp;nbsp;&lt;span class=&quot;shadow-holder&quot; data-embed-type=&quot;deviation&quot; data-embed-id=&quot;781939110&quot; data-embed-format=&quot;thumb&quot;&gt;&lt;span class=&quot;shadow mild&quot; &gt;&lt;a href=&quot;https://www.deviantart.com/ga-hq-contributors/journal/The-Pokemon-Gen-IV-Tribute-starts-right-now-781939110&quot; data-sigil=&quot;thumb&quot; class=&quot;thumb lit&quot; onmouseover=&quot;if (window.LitBox) LitBox.hover(this, true)&quot; onmouseout=&quot;if (window.LitBox) LitBox.out(this)&quot;&gt;&lt;i&gt;&lt;/i&gt;&lt;img class=&quot;lit journal&quot; src=&quot;https://st.deviantart.net/minish/gruzecontrol/icons/journal.gif?2&quot;&gt;&lt;span class=&quot;wrap&quot; style=&quot;width: 150px&quot;&gt;&lt;q&gt;
        &lt;strong&gt;The Pokemon Gen IV Tribute starts right now!&lt;/strong&gt;&lt;img src=&quot;https://images-wixmp-ed30a86b8c4ca887773594c2.wixmp.com/intermediary/f/92ef25f3-84b2-477f-b15c-177b00330e91/dcxkjyn-1ed53742-51cb-49dc-9ca0-549fd8b0d2bd.png/v1/fit/w_300,h_900,strp/pokemon_gen_iv_art_collaboration_logo_by_superedco_dcxkjyn-300w.png&quot;class=&quot;gr-shrink thumb-in-thumb &quot;&gt;&lt;br /&gt;Surprise, surprise &lt;img src=&quot;https://e.deviantart.net/emoticons/s/smile.gif&quot; width=&quot;15&quot; height=&quot;15&quot; alt=&quot;:-)&quot; data-embed-type=&quot;emoticon&quot; data-embed-id=&quot;392&quot; title=&quot;:-) (Smile)&quot;/&gt;&lt;br /&gt;Since I myself, and also &lt;span class=&quot;username-with-symbol&quot;&gt;&lt;span class=&quot;premium username&quot;&gt;shinragod&lt;/span&gt;&lt;span class=&quot;user-symbol premium nolink&quot; data-quicktip-text=&quot;Core Member&quot; data-show-tooltip=&quot;1&quot; data-gruser-type=&quot;premium&quot;&gt;&lt;/span&gt;&lt;/span&gt; &lt;span class=&quot;username-with-symbol&quot;&gt;&lt;span class=&quot;premium username&quot;&gt;Hedgey&lt;/span&gt;&lt;span class=&quot;user-symbol premium nolink&quot; data-quicktip-text=&quot;Core Member&quot; data-show-tooltip=&quot;1&quot; data-gruser-type=&quot;premium&quot;&gt;&lt;/span&gt;&lt;/span&gt; and &lt;span class=&quot;username-with-symbol&quot;&gt;&lt;span class=&quot;premium username&quot;&gt;freqrexy&lt;/span&gt;&lt;span class=&quot;user-symbol premium nolink&quot; data-quicktip-text=&quot;Core Member&quot; data-show-tooltip=&quot;1&quot; data-gruser-type=&quot;premium&quot;&gt;&lt;/span&gt;&lt;/span&gt; are currently working on the last galleries for our Pokemon Gen III Tribute I thought it can not hurt to start with the Pokemon Gen IV Project already slowly and only for you, the GA-HQ Contributors who participated in previous art collaborations.&lt;br /&gt;Examples from our Gen III Tribute:&lt;br /&gt;&lt;img src=&quot;https://images-wixmp-ed30a86b8c4ca887773594c2.wixmp.com/intermediary/f/5eb07839-d73e-4f5e-be70-57dc3f336c1e/dco3qb0-f2f6db35-cb3e-46cf-abfb-7aadc82e20eb.png/v1/fit/w_300,h_900,strp/treecko___absorb_by_viral_zone_dco3qb0-300w.png&quot;class=&quot;gr-shrink thumb-in-thumb &quot;&gt; &lt;img src=&quot;https://images-wixmp-ed30a86b8c4ca887773594c2.wixmp.com/intermediary/f/9b39b62e-f49b-48a7-9a77-d894b5ab7bb8/dbzw2zh-2594825b-0799-4853-8a17-497224765cb5.png/v1/fit/w_300,h_900,strp/combusken_used_double_kick__by_saskle_dbzw2zh-300w.png&quot;class=&quot;gr-shrink thumb-in-thumb &quot;&gt; &lt;img src=&quot;https://images-wixmp-ed30a86b8c4ca887773594c2.wixmp.com/intermediary/f/ea4e2220-6186-4074-9fc6-272377f6e63d/dcogy5e-c2e4a3a5-af81-4b13-8e41-6593242fd032.png/v1/fit/w_300,h_900,strp/silcoon_iron_defense_by_yggdrassal_dcogy5e-300w.png&quot;class=&quot;gr-shrink thumb-in-thumb &quot;&gt;&lt;br /&gt;You can see the progress of our Gen III Tribute here btw: http://www.game-art-hq.com/128460/the-game-art-hq-community-presents-the-pokemon-generation-iii-art-collaboration/&lt;br /&gt;Since Friday, I am finetuning/finishing 1-3 of the 170 galleries and am sharing one gallery per day currently via the @gamearthq Twitter account.&lt;br /&gt;You are welcome to follow it of course. It&#039;s also useful if you can share your own Twitter accounts so I can tag and link you all in the Tweets.&lt;br /&gt;I am going to create a new &quot;main hub&quot; for the Pokemon Tribute galleries THIS WEEK on Game&lt;/q&gt;&lt;/span&gt;&lt;/a&gt;&lt;/span&gt;&lt;!-- ^TTT --&gt;&lt;!-- TTT$ --&gt;&lt;/span&gt;&lt;br /&gt;&lt;div&gt;&lt;img src=&quot;https://t00.deviantart.net/t3x1vp-pV9z7FKCaZlhf8WjMouE=/300x200/filters:fixed_height(100,100):origin()/pre00/cb1f/th/pre/f/2019/026/b/4/infernape_used_flare_blitz_by_tamarinfrog-dcy39j1.png&quot; alt=&quot;thumbnail&quot; /&gt;&lt;/div&gt;</description>            </item>
                    <item>
                <title>Widowmaker</title>
                <link>https://kate-fox.deviantart.com/art/Widowmaker-782988248</link>
                <guid isPermaLink="true">https://kate-fox.deviantart.com/art/Widowmaker-782988248</guid>
                <pubDate>Sun, 27 Jan 2019 08:48:36 PST</pubDate>
                        <media:title type="plain">Widowmaker</media:title>
        <media:keywords></media:keywords>
                        <media:rating>nonadult</media:rating>
                <media:category label="Other">digitalart/paintings/other</media:category>
        <media:credit role="author" scheme="urn:ebu">Kate-FoX</media:credit>
        <media:credit role="author" scheme="urn:ebu">https://a.deviantart.net/avatars/k/a/kate-fox.gif?12</media:credit>
        <media:copyright url="https://kate-fox.deviantart.com">Copyright 2019 Kate-FoX</media:copyright>            <media:description type="html">&lt;div&gt; &lt;div&gt; &lt;div&gt; &lt;div&gt;&lt;b&gt;&lt;img src=&quot;https://e.deviantart.net/emoticons/s/shamrock.gif&quot; alt=&quot;St. Patricks Day!&quot; style=&quot;width: 15px; height: 15px;&quot; data-embed-type=&quot;emoticon&quot; data-embed-id=&quot;449&quot;&gt; &lt;a class=&quot;external&quot; href=&quot;https://www.deviantart.com/users/outgoing?https://www.patreon.com/katefox&quot;&gt;&lt;b&gt;Patreon&lt;/b&gt;&lt;/a&gt; &lt;img src=&quot;https://e.deviantart.net/emoticons/s/shamrock.gif&quot; alt=&quot;St. Patricks Day!&quot; style=&quot;width: 15px; height: 15px;&quot; data-embed-type=&quot;emoticon&quot; data-embed-id=&quot;449&quot;&gt;&amp;nbsp;&lt;a class=&quot;external&quot; href=&quot;https://www.deviantart.com/users/outgoing?https://www.artstation.com/artist/Kate-FoX&quot;&gt;ArtStation&lt;/a&gt; &lt;img src=&quot;https://e.deviantart.net/emoticons/s/shamrock.gif&quot; alt=&quot;St. Patricks Day!&quot; style=&quot;width: 15px; height: 15px;&quot; data-embed-type=&quot;emoticon&quot; data-embed-id=&quot;449&quot;&gt;&amp;nbsp;&lt;a class=&quot;external&quot; href=&quot;https://www.deviantart.com/users/outgoing?https://katefoxart.tumblr.com/&quot;&gt;Tumblr&lt;/a&gt;&amp;nbsp;&lt;img src=&quot;https://e.deviantart.net/emoticons/s/shamrock.gif&quot; alt=&quot;St. Patricks Day!&quot; style=&quot;width: 15px; height: 15px;&quot; data-embed-type=&quot;emoticon&quot; data-embed-id=&quot;449&quot;&gt;&amp;nbsp; &lt;a class=&quot;external&quot; href=&quot;https://www.deviantart.com/users/outgoing?https://vk.com/whisper_of_a_ninetailed&quot;&gt;VK&lt;/a&gt;&amp;nbsp;&lt;img src=&quot;https://e.deviantart.net/emoticons/s/shamrock.gif&quot; alt=&quot;St. Patricks Day!&quot; style=&quot;width: 15px; height: 15px;&quot; data-embed-type=&quot;emoticon&quot; data-embed-id=&quot;449&quot;&gt; &lt;a class=&quot;external&quot; href=&quot;https://www.deviantart.com/users/outgoing?https://www.facebook.com/katherinesoloveva&quot;&gt;FB&lt;/a&gt;&lt;/b&gt;&lt;b&gt; &lt;img src=&quot;https://e.deviantart.net/emoticons/s/shamrock.gif&quot; alt=&quot;St. Patricks Day!&quot; style=&quot;width: 15px; height: 15px;&quot; data-embed-type=&quot;emoticon&quot; data-embed-id=&quot;449&quot;&gt;&lt;/b&gt; &lt;a class=&quot;external&quot; href=&quot;https://www.deviantart.com/users/outgoing?https://www.instagram.com/kate_fox_art/&quot;&gt;Instagram&lt;/a&gt;&lt;b&gt; &lt;img src=&quot;https://e.deviantart.net/emoticons/s/shamrock.gif&quot; alt=&quot;St. Patricks Day!&quot; style=&quot;width: 15px; height: 15px;&quot; data-embed-type=&quot;emoticon&quot; data-embed-id=&quot;449&quot;&gt;&lt;/b&gt;&lt;b&gt; &lt;a class=&quot;external&quot; href=&quot;https://www.deviantart.com/users/outgoing?https://gumroad.com/kate_fox&quot;&gt;Gumroad&lt;/a&gt;&lt;/b&gt;&lt;b&gt; &lt;img src=&quot;https://e.deviantart.net/emoticons/s/shamrock.gif&quot; alt=&quot;St. Patricks Day!&quot; style=&quot;width: 15px; height: 15px;&quot; data-embed-type=&quot;emoticon&quot; data-embed-id=&quot;449&quot;&gt;&lt;/b&gt;&lt;div&gt;&lt;span&gt;&lt;p&gt;&lt;b&gt;Music: &lt;/b&gt;&lt;span&gt;&lt;b&gt;&lt;strong&gt;Overwatch Song - I Played Widow&lt;/strong&gt;&lt;/b&gt;&lt;/span&gt;&lt;/p&gt;&lt;/span&gt;&lt;span&gt;&lt;/span&gt;&lt;span&gt;&lt;/span&gt;&lt;/div&gt;&lt;b&gt;&lt;span&gt;&lt;span&gt;&lt;/span&gt;&lt;/span&gt;&lt;/b&gt;&lt;span&gt;&lt;/span&gt;&lt;p&gt;&lt;span&gt;Hey! &lt;span&gt;&lt;span&gt;If&lt;/span&gt; &lt;span&gt;you&lt;/span&gt; &lt;span&gt;like&lt;/span&gt; &lt;span&gt;my work&lt;/span&gt;&lt;span&gt;:&lt;/span&gt;&lt;/span&gt;&lt;br /&gt;Watch me: &lt;a href=&quot;https://kate-fox.deviantart.com/&quot;&gt;kate-fox.deviantart.com/ &lt;/a&gt;&lt;/span&gt;&lt;br /&gt;&lt;span&gt;&lt;span&gt;&lt;a class=&quot;external&quot; href=&quot;https://www.deviantart.com/users/outgoing?https://www.artstation.com/kate-fox&quot;&gt;www.artstation.com/kate-fox&lt;/a&gt;&lt;br /&gt;&lt;/span&gt;Support me: &lt;b&gt;&lt;a class=&quot;external&quot; href=&quot;https://www.deviantart.com/users/outgoing?https://www.patreon.com/katefox&quot;&gt;&lt;b&gt;Patreon&lt;/b&gt;&lt;/a&gt; &lt;/b&gt;&lt;b&gt;&lt;br /&gt;or&lt;br /&gt;&lt;a class=&quot;external&quot; href=&quot;https://www.deviantart.com/users/outgoing?https://ko-fi.com/V7V35LXL&quot;&gt;Buy Me a Coffee&lt;/a&gt;&lt;/b&gt;&lt;/span&gt;&lt;b&gt;&lt;br /&gt;&lt;/b&gt;&lt;/p&gt;&lt;span&gt;&lt;/span&gt;&lt;h3&gt;&lt;a class=&quot;external&quot; href=&quot;https://www.deviantart.com/users/outgoing?https://www.patreon.com/katefox&quot;&gt;&lt;b&gt;High Resolution, Video process and &lt;/b&gt;&lt;b&gt;&lt;strong&gt;My sketch brush &lt;/strong&gt;&lt;em&gt;.SUT-file for&lt;/em&gt;&lt;strong&gt; CLIP STUDIO PAINT &lt;/strong&gt;are &lt;/b&gt;&lt;b&gt;available through my patreon!&lt;/b&gt;&lt;/a&gt;&lt;/h3&gt;&lt;/div&gt; &lt;/div&gt;&lt;/div&gt; &lt;/div&gt;</media:description>            <media:thumbnail url="https://t00.deviantart.net/WezqaRjn5scfZH9YBQPlcn9a-sM=/fit-in/150x150/filters:no_upscale():origin()/pre00/657f/th/pre/f/2019/027/9/a/9a1700c201b8536b9f43be6e7cd7b647-dcy65lk.jpg" height="150" width="106"/>            <media:thumbnail url="https://t00.deviantart.net/eFx65VVy3YaAXWfdaL4Ane9BE_I=/fit-in/300x900/filters:no_upscale():origin()/pre00/657f/th/pre/f/2019/027/9/a/9a1700c201b8536b9f43be6e7cd7b647-dcy65lk.jpg" height="424" width="300"/>            <media:thumbnail url="https://t00.deviantart.net/YR77fz7UaZDzu0T0vvlxiLo6MXs=/300x200/filters:fixed_height(100,100):origin()/pre00/657f/th/pre/f/2019/027/9/a/9a1700c201b8536b9f43be6e7cd7b647-dcy65lk.jpg" height="200" width="141"/>            <media:content url="https://pre00.deviantart.net/657f/th/pre/f/2019/027/9/a/9a1700c201b8536b9f43be6e7cd7b647-dcy65lk.jpg" height="1063" width="752" medium="image"/>            
            <description>&lt;div&gt; &lt;div&gt; &lt;div&gt; &lt;div&gt;&lt;b&gt;&lt;img src=&quot;https://e.deviantart.net/emoticons/s/shamrock.gif&quot; alt=&quot;St. Patricks Day!&quot; style=&quot;width: 15px; height: 15px;&quot; data-embed-type=&quot;emoticon&quot; data-embed-id=&quot;449&quot;&gt; &lt;a class=&quot;external&quot; href=&quot;https://www.deviantart.com/users/outgoing?https://www.patreon.com/katefox&quot;&gt;&lt;b&gt;Patreon&lt;/b&gt;&lt;/a&gt; &lt;img src=&quot;https://e.deviantart.net/emoticons/s/shamrock.gif&quot; alt=&quot;St. Patricks Day!&quot; style=&quot;width: 15px; height: 15px;&quot; data-embed-type=&quot;emoticon&quot; data-embed-id=&quot;449&quot;&gt;&amp;nbsp;&lt;a class=&quot;external&quot; href=&quot;https://www.deviantart.com/users/outgoing?https://www.artstation.com/artist/Kate-FoX&quot;&gt;ArtStation&lt;/a&gt; &lt;img src=&quot;https://e.deviantart.net/emoticons/s/shamrock.gif&quot; alt=&quot;St. Patricks Day!&quot; style=&quot;width: 15px; height: 15px;&quot; data-embed-type=&quot;emoticon&quot; data-embed-id=&quot;449&quot;&gt;&amp;nbsp;&lt;a class=&quot;external&quot; href=&quot;https://www.deviantart.com/users/outgoing?https://katefoxart.tumblr.com/&quot;&gt;Tumblr&lt;/a&gt;&amp;nbsp;&lt;img src=&quot;https://e.deviantart.net/emoticons/s/shamrock.gif&quot; alt=&quot;St. Patricks Day!&quot; style=&quot;width: 15px; height: 15px;&quot; data-embed-type=&quot;emoticon&quot; data-embed-id=&quot;449&quot;&gt;&amp;nbsp; &lt;a class=&quot;external&quot; href=&quot;https://www.deviantart.com/users/outgoing?https://vk.com/whisper_of_a_ninetailed&quot;&gt;VK&lt;/a&gt;&amp;nbsp;&lt;img src=&quot;https://e.deviantart.net/emoticons/s/shamrock.gif&quot; alt=&quot;St. Patricks Day!&quot; style=&quot;width: 15px; height: 15px;&quot; data-embed-type=&quot;emoticon&quot; data-embed-id=&quot;449&quot;&gt; &lt;a class=&quot;external&quot; href=&quot;https://www.deviantart.com/users/outgoing?https://www.facebook.com/katherinesoloveva&quot;&gt;FB&lt;/a&gt;&lt;/b&gt;&lt;b&gt; &lt;img src=&quot;https://e.deviantart.net/emoticons/s/shamrock.gif&quot; alt=&quot;St. Patricks Day!&quot; style=&quot;width: 15px; height: 15px;&quot; data-embed-type=&quot;emoticon&quot; data-embed-id=&quot;449&quot;&gt;&lt;/b&gt; &lt;a class=&quot;external&quot; href=&quot;https://www.deviantart.com/users/outgoing?https://www.instagram.com/kate_fox_art/&quot;&gt;Instagram&lt;/a&gt;&lt;b&gt; &lt;img src=&quot;https://e.deviantart.net/emoticons/s/shamrock.gif&quot; alt=&quot;St. Patricks Day!&quot; style=&quot;width: 15px; height: 15px;&quot; data-embed-type=&quot;emoticon&quot; data-embed-id=&quot;449&quot;&gt;&lt;/b&gt;&lt;b&gt; &lt;a class=&quot;external&quot; href=&quot;https://www.deviantart.com/users/outgoing?https://gumroad.com/kate_fox&quot;&gt;Gumroad&lt;/a&gt;&lt;/b&gt;&lt;b&gt; &lt;img src=&quot;https://e.deviantart.net/emoticons/s/shamrock.gif&quot; alt=&quot;St. Patricks Day!&quot; style=&quot;width: 15px; height: 15px;&quot; data-embed-type=&quot;emoticon&quot; data-embed-id=&quot;449&quot;&gt;&lt;/b&gt;&lt;div&gt;&lt;span&gt;&lt;p&gt;&lt;b&gt;Music: &lt;/b&gt;&lt;span&gt;&lt;b&gt;&lt;strong&gt;Overwatch Song - I Played Widow&lt;/strong&gt;&lt;/b&gt;&lt;/span&gt;&lt;/p&gt;&lt;/span&gt;&lt;span&gt;&lt;/span&gt;&lt;span&gt;&lt;/span&gt;&lt;/div&gt;&lt;b&gt;&lt;span&gt;&lt;span&gt;&lt;/span&gt;&lt;/span&gt;&lt;/b&gt;&lt;span&gt;&lt;/span&gt;&lt;p&gt;&lt;span&gt;Hey! &lt;span&gt;&lt;span&gt;If&lt;/span&gt; &lt;span&gt;you&lt;/span&gt; &lt;span&gt;like&lt;/span&gt; &lt;span&gt;my work&lt;/span&gt;&lt;span&gt;:&lt;/span&gt;&lt;/span&gt;&lt;br /&gt;Watch me: &lt;a href=&quot;https://kate-fox.deviantart.com/&quot;&gt;kate-fox.deviantart.com/ &lt;/a&gt;&lt;/span&gt;&lt;br /&gt;&lt;span&gt;&lt;span&gt;&lt;a class=&quot;external&quot; href=&quot;https://www.deviantart.com/users/outgoing?https://www.artstation.com/kate-fox&quot;&gt;www.artstation.com/kate-fox&lt;/a&gt;&lt;br /&gt;&lt;/span&gt;Support me: &lt;b&gt;&lt;a class=&quot;external&quot; href=&quot;https://www.deviantart.com/users/outgoing?https://www.patreon.com/katefox&quot;&gt;&lt;b&gt;Patreon&lt;/b&gt;&lt;/a&gt; &lt;/b&gt;&lt;b&gt;&lt;br /&gt;or&lt;br /&gt;&lt;a class=&quot;external&quot; href=&quot;https://www.deviantart.com/users/outgoing?https://ko-fi.com/V7V35LXL&quot;&gt;Buy Me a Coffee&lt;/a&gt;&lt;/b&gt;&lt;/span&gt;&lt;b&gt;&lt;br /&gt;&lt;/b&gt;&lt;/p&gt;&lt;span&gt;&lt;/span&gt;&lt;h3&gt;&lt;a class=&quot;external&quot; href=&quot;https://www.deviantart.com/users/outgoing?https://www.patreon.com/katefox&quot;&gt;&lt;b&gt;High Resolution, Video process and &lt;/b&gt;&lt;b&gt;&lt;strong&gt;My sketch brush &lt;/strong&gt;&lt;em&gt;.SUT-file for&lt;/em&gt;&lt;strong&gt; CLIP STUDIO PAINT &lt;/strong&gt;are &lt;/b&gt;&lt;b&gt;available through my patreon!&lt;/b&gt;&lt;/a&gt;&lt;/h3&gt;&lt;/div&gt; &lt;/div&gt;&lt;/div&gt; &lt;/div&gt;&lt;br /&gt;&lt;div&gt;&lt;img src=&quot;https://t00.deviantart.net/YR77fz7UaZDzu0T0vvlxiLo6MXs=/300x200/filters:fixed_height(100,100):origin()/pre00/657f/th/pre/f/2019/027/9/a/9a1700c201b8536b9f43be6e7cd7b647-dcy65lk.jpg&quot; alt=&quot;thumbnail&quot; /&gt;&lt;/div&gt;</description>            </item>
                    <item>
                <title>NEW YEAR NEW PRETZEL *clap*</title>
                <link>https://piemationsart.deviantart.com/art/NEW-YEAR-NEW-PRETZEL-clap-782910818</link>
                <guid isPermaLink="true">https://piemationsart.deviantart.com/art/NEW-YEAR-NEW-PRETZEL-clap-782910818</guid>
                <pubDate>Sat, 26 Jan 2019 18:37:15 PST</pubDate>
                        <media:title type="plain">NEW YEAR NEW PRETZEL *clap*</media:title>
        <media:keywords></media:keywords>
                        <media:rating>nonadult</media:rating>
                <media:category label="Animals">anthro/digital/drawings/animals</media:category>
        <media:credit role="author" scheme="urn:ebu">PiemationsArt</media:credit>
        <media:credit role="author" scheme="urn:ebu">https://a.deviantart.net/avatars/p/i/piemationsart.png?14</media:credit>
        <media:copyright url="https://piemationsart.deviantart.com">Copyright 2019 PiemationsArt</media:copyright>            <media:description type="html">it&#039;s like a fusion of all his previous versions&lt;br /&gt;wing arms are BACK BABY</media:description>            <media:thumbnail url="https://t00.deviantart.net/lyZ5sTVlqtcTKDqHGkHw0cNv5sY=/fit-in/150x150/filters:no_upscale():origin()/pre00/3d0b/th/pre/i/2019/026/7/5/new_year_new_pretzel__clap__by_piemationsart-dcy4huq.png" height="110" width="150"/>            <media:thumbnail url="https://t00.deviantart.net/VNXlgT4_QPIZDWP1rFFNR9JkIJs=/fit-in/300x900/filters:no_upscale():origin()/pre00/3d0b/th/pre/i/2019/026/7/5/new_year_new_pretzel__clap__by_piemationsart-dcy4huq.png" height="219" width="300"/>            <media:thumbnail url="https://t00.deviantart.net/aIVr1uNVxZvXCe0N6LuT5e1IL9w=/300x200/filters:fixed_height(100,100):origin()/pre00/3d0b/th/pre/i/2019/026/7/5/new_year_new_pretzel__clap__by_piemationsart-dcy4huq.png" height="200" width="274"/>            <media:content url="https://pre00.deviantart.net/3d0b/th/pre/i/2019/026/7/5/new_year_new_pretzel__clap__by_piemationsart-dcy4huq.png" height="764" width="1046" medium="image"/>            
            <description>it&#039;s like a fusion of all his previous versions&lt;br /&gt;wing arms are BACK BABY&lt;br /&gt;&lt;div&gt;&lt;img src=&quot;https://t00.deviantart.net/aIVr1uNVxZvXCe0N6LuT5e1IL9w=/300x200/filters:fixed_height(100,100):origin()/pre00/3d0b/th/pre/i/2019/026/7/5/new_year_new_pretzel__clap__by_piemationsart-dcy4huq.png&quot; alt=&quot;thumbnail&quot; /&gt;&lt;/div&gt;</description>            </item>
                    <item>
                <title>Mrs. Fluffles</title>
                <link>https://chiakiro.deviantart.com/art/Mrs-Fluffles-782850227</link>
                <guid isPermaLink="true">https://chiakiro.deviantart.com/art/Mrs-Fluffles-782850227</guid>
                <pubDate>Sat, 26 Jan 2019 11:09:04 PST</pubDate>
                        <media:title type="plain">Mrs. Fluffles</media:title>
        <media:keywords></media:keywords>
                        <media:rating>nonadult</media:rating>
                <media:category label="Animals">digitalart/paintings/animals</media:category>
        <media:credit role="author" scheme="urn:ebu">Chiakiro</media:credit>
        <media:credit role="author" scheme="urn:ebu">https://a.deviantart.net/avatars/c/h/chiakiro.png?4</media:credit>
        <media:copyright url="https://chiakiro.deviantart.com">Copyright 2019 Chiakiro</media:copyright>            <media:description type="html">Painted an old sketch</media:description>            <media:thumbnail url="https://t00.deviantart.net/mPd4_kJNH-Vz1ZWk0jPTiL7pQac=/fit-in/150x150/filters:no_upscale():origin()/pre00/4974/th/pre/f/2019/026/a/7/mrs__fluffles_by_chiakiro-dcy373n.png" height="95" width="150"/>            <media:thumbnail url="https://t00.deviantart.net/p8qSEXfrw9RAEPZ_CEmWgkbcuZU=/fit-in/300x900/filters:no_upscale():origin()/pre00/4974/th/pre/f/2019/026/a/7/mrs__fluffles_by_chiakiro-dcy373n.png" height="190" width="300"/>            <media:thumbnail url="https://t00.deviantart.net/-4l0xLMgXi__ASJqVb-TO9ZaL2g=/300x200/filters:fixed_height(100,100):origin()/pre00/4974/th/pre/f/2019/026/a/7/mrs__fluffles_by_chiakiro-dcy373n.png" height="190" width="300"/>            <media:content url="https://orig00.deviantart.net/fad1/f/2019/026/a/7/mrs__fluffles_by_chiakiro-dcy373n.png" height="622" width="980" medium="image"/>            
            <description>Painted an old sketch&lt;br /&gt;&lt;div&gt;&lt;img src=&quot;https://t00.deviantart.net/-4l0xLMgXi__ASJqVb-TO9ZaL2g=/300x200/filters:fixed_height(100,100):origin()/pre00/4974/th/pre/f/2019/026/a/7/mrs__fluffles_by_chiakiro-dcy373n.png&quot; alt=&quot;thumbnail&quot; /&gt;&lt;/div&gt;</description>            </item>
                    <item>
                <title>Butterfly girl</title>
                <link>https://akizero1510.deviantart.com/art/Butterfly-girl-782951108</link>
                <guid isPermaLink="true">https://akizero1510.deviantart.com/art/Butterfly-girl-782951108</guid>
                <pubDate>Sun, 27 Jan 2019 01:26:41 PST</pubDate>
                        <media:title type="plain">Butterfly girl</media:title>
        <media:keywords></media:keywords>
                        <media:rating>nonadult</media:rating>
                <media:category label="Portraits">digitalart/paintings/people/portraits</media:category>
        <media:credit role="author" scheme="urn:ebu">AkiZero1510</media:credit>
        <media:credit role="author" scheme="urn:ebu">https://a.deviantart.net/avatars/a/k/akizero1510.jpg?4</media:credit>
        <media:copyright url="https://akizero1510.deviantart.com">Copyright 2019 AkiZero1510</media:copyright>
            <media:community>
                <media:tags>@zero15101991</media:tags>
            </media:community>            <media:description type="html">&lt;span&gt;Commission for&amp;nbsp;&lt;/span&gt;&lt;a href=&quot;https://www.deviantart.com/bluesketchingwalrus&quot;&gt;BlueSketchingWalrus&lt;/a&gt;&lt;span&gt;&lt;/span&gt;&lt;span&gt;&lt;br /&gt;Hope you guys enjoy! (&amp;#65378;&amp;#65381;&amp;#969;&amp;#65381;)&amp;#65378;&lt;/span&gt;</media:description>            <media:thumbnail url="https://t00.deviantart.net/qKJ3my3W1iHjchk_uAcneVnP-Qw=/fit-in/150x150/filters:no_upscale():origin()/pre00/3ee5/th/pre/f/2019/027/4/e/butterfly_girl_by_akizero1510-dcy5cxw.jpg" height="150" width="106"/>            <media:thumbnail url="https://t00.deviantart.net/sQ39MzWb7AQUWYEa3NShS0Wz1-I=/fit-in/300x900/filters:no_upscale():origin()/pre00/3ee5/th/pre/f/2019/027/4/e/butterfly_girl_by_akizero1510-dcy5cxw.jpg" height="425" width="300"/>            <media:thumbnail url="https://t00.deviantart.net/HRvApMhJa9N9n9SLEabSVZJiaW0=/300x200/filters:fixed_height(100,100):origin()/pre00/3ee5/th/pre/f/2019/027/4/e/butterfly_girl_by_akizero1510-dcy5cxw.jpg" height="200" width="141"/>            <media:content url="https://pre00.deviantart.net/3ee5/th/pre/f/2019/027/4/e/butterfly_girl_by_akizero1510-dcy5cxw.jpg" height="1063" width="751" medium="image"/>            
            <description>&lt;span&gt;Commission for&amp;nbsp;&lt;/span&gt;&lt;a href=&quot;https://www.deviantart.com/bluesketchingwalrus&quot;&gt;BlueSketchingWalrus&lt;/a&gt;&lt;span&gt;&lt;/span&gt;&lt;span&gt;&lt;br /&gt;Hope you guys enjoy! (&amp;#65378;&amp;#65381;&amp;#969;&amp;#65381;)&amp;#65378;&lt;/span&gt;&lt;br /&gt;&lt;div&gt;&lt;img src=&quot;https://t00.deviantart.net/HRvApMhJa9N9n9SLEabSVZJiaW0=/300x200/filters:fixed_height(100,100):origin()/pre00/3ee5/th/pre/f/2019/027/4/e/butterfly_girl_by_akizero1510-dcy5cxw.jpg&quot; alt=&quot;thumbnail&quot; /&gt;&lt;/div&gt;</description>            </item>
                    <item>
                <title>Honchkrow Used Nasty Plot</title>
                <link>https://tamarinfrog.deviantart.com/art/Honchkrow-Used-Nasty-Plot-782854035</link>
                <guid isPermaLink="true">https://tamarinfrog.deviantart.com/art/Honchkrow-Used-Nasty-Plot-782854035</guid>
                <pubDate>Sat, 26 Jan 2019 11:22:41 PST</pubDate>
                        <media:title type="plain">Honchkrow Used Nasty Plot</media:title>
        <media:keywords></media:keywords>
                        <media:rating>nonadult</media:rating>
                <media:category label="Games">fanart/digital/drawings/games</media:category>
        <media:credit role="author" scheme="urn:ebu">TamarinFrog</media:credit>
        <media:credit role="author" scheme="urn:ebu">https://a.deviantart.net/avatars/t/a/tamarinfrog.gif?1</media:credit>
        <media:copyright url="https://tamarinfrog.deviantart.com">Copyright 2019 TamarinFrog</media:copyright>            <media:description type="html">Honchkrow using Nasty Plot for Pokemon&amp;nbsp;gen4 tribute project.&lt;br /&gt;&lt;br /&gt;Gen 4 is my favorite, so I chose to claim three favorites from the many I have, hehe. Here, honchkrow&lt;br /&gt;&lt;br /&gt;About the project:&amp;nbsp;&lt;span class=&quot;shadow-holder&quot; data-embed-type=&quot;deviation&quot; data-embed-id=&quot;781939110&quot; data-embed-format=&quot;thumb&quot;&gt;&lt;span class=&quot;shadow mild&quot; &gt;&lt;a href=&quot;https://www.deviantart.com/ga-hq-contributors/journal/The-Pokemon-Gen-IV-Tribute-starts-right-now-781939110&quot; data-sigil=&quot;thumb&quot; class=&quot;thumb lit&quot; onmouseover=&quot;if (window.LitBox) LitBox.hover(this, true)&quot; onmouseout=&quot;if (window.LitBox) LitBox.out(this)&quot;&gt;&lt;i&gt;&lt;/i&gt;&lt;img class=&quot;lit journal&quot; src=&quot;https://st.deviantart.net/minish/gruzecontrol/icons/journal.gif?2&quot;&gt;&lt;span class=&quot;wrap&quot; style=&quot;width: 150px&quot;&gt;&lt;q&gt;
        &lt;strong&gt;The Pokemon Gen IV Tribute starts right now!&lt;/strong&gt;&lt;img src=&quot;https://images-wixmp-ed30a86b8c4ca887773594c2.wixmp.com/intermediary/f/92ef25f3-84b2-477f-b15c-177b00330e91/dcxkjyn-1ed53742-51cb-49dc-9ca0-549fd8b0d2bd.png/v1/fit/w_300,h_900,strp/pokemon_gen_iv_art_collaboration_logo_by_superedco_dcxkjyn-300w.png&quot;class=&quot;gr-shrink thumb-in-thumb &quot;&gt;&lt;br /&gt;Surprise, surprise &lt;img src=&quot;https://e.deviantart.net/emoticons/s/smile.gif&quot; width=&quot;15&quot; height=&quot;15&quot; alt=&quot;:-)&quot; data-embed-type=&quot;emoticon&quot; data-embed-id=&quot;392&quot; title=&quot;:-) (Smile)&quot;/&gt;&lt;br /&gt;Since I myself, and also &lt;span class=&quot;username-with-symbol&quot;&gt;&lt;span class=&quot;premium username&quot;&gt;shinragod&lt;/span&gt;&lt;span class=&quot;user-symbol premium nolink&quot; data-quicktip-text=&quot;Core Member&quot; data-show-tooltip=&quot;1&quot; data-gruser-type=&quot;premium&quot;&gt;&lt;/span&gt;&lt;/span&gt; &lt;span class=&quot;username-with-symbol&quot;&gt;&lt;span class=&quot;premium username&quot;&gt;Hedgey&lt;/span&gt;&lt;span class=&quot;user-symbol premium nolink&quot; data-quicktip-text=&quot;Core Member&quot; data-show-tooltip=&quot;1&quot; data-gruser-type=&quot;premium&quot;&gt;&lt;/span&gt;&lt;/span&gt; and &lt;span class=&quot;username-with-symbol&quot;&gt;&lt;span class=&quot;premium username&quot;&gt;freqrexy&lt;/span&gt;&lt;span class=&quot;user-symbol premium nolink&quot; data-quicktip-text=&quot;Core Member&quot; data-show-tooltip=&quot;1&quot; data-gruser-type=&quot;premium&quot;&gt;&lt;/span&gt;&lt;/span&gt; are currently working on the last galleries for our Pokemon Gen III Tribute I thought it can not hurt to start with the Pokemon Gen IV Project already slowly and only for you, the GA-HQ Contributors who participated in previous art collaborations.&lt;br /&gt;Examples from our Gen III Tribute:&lt;br /&gt;&lt;img src=&quot;https://images-wixmp-ed30a86b8c4ca887773594c2.wixmp.com/intermediary/f/5eb07839-d73e-4f5e-be70-57dc3f336c1e/dco3qb0-f2f6db35-cb3e-46cf-abfb-7aadc82e20eb.png/v1/fit/w_300,h_900,strp/treecko___absorb_by_viral_zone_dco3qb0-300w.png&quot;class=&quot;gr-shrink thumb-in-thumb &quot;&gt; &lt;img src=&quot;https://images-wixmp-ed30a86b8c4ca887773594c2.wixmp.com/intermediary/f/9b39b62e-f49b-48a7-9a77-d894b5ab7bb8/dbzw2zh-2594825b-0799-4853-8a17-497224765cb5.png/v1/fit/w_300,h_900,strp/combusken_used_double_kick__by_saskle_dbzw2zh-300w.png&quot;class=&quot;gr-shrink thumb-in-thumb &quot;&gt; &lt;img src=&quot;https://images-wixmp-ed30a86b8c4ca887773594c2.wixmp.com/intermediary/f/ea4e2220-6186-4074-9fc6-272377f6e63d/dcogy5e-c2e4a3a5-af81-4b13-8e41-6593242fd032.png/v1/fit/w_300,h_900,strp/silcoon_iron_defense_by_yggdrassal_dcogy5e-300w.png&quot;class=&quot;gr-shrink thumb-in-thumb &quot;&gt;&lt;br /&gt;You can see the progress of our Gen III Tribute here btw: http://www.game-art-hq.com/128460/the-game-art-hq-community-presents-the-pokemon-generation-iii-art-collaboration/&lt;br /&gt;Since Friday, I am finetuning/finishing 1-3 of the 170 galleries and am sharing one gallery per day currently via the @gamearthq Twitter account.&lt;br /&gt;You are welcome to follow it of course. It&#039;s also useful if you can share your own Twitter accounts so I can tag and link you all in the Tweets.&lt;br /&gt;I am going to create a new &quot;main hub&quot; for the Pokemon Tribute galleries THIS WEEK on Game&lt;/q&gt;&lt;/span&gt;&lt;/a&gt;&lt;/span&gt;&lt;!-- ^TTT --&gt;&lt;!-- TTT$ --&gt;&lt;/span&gt;</media:description>            <media:thumbnail url="https://t00.deviantart.net/fS3f-hbT-hyvO1mm5X5Mq7hmGnQ=/fit-in/150x150/filters:no_upscale():origin()/pre00/0153/th/pre/f/2019/026/a/5/honchkrow_used_nasty_plot_by_tamarinfrog-dcy3a1f.png" height="150" width="114"/>            <media:thumbnail url="https://t00.deviantart.net/yl1SkGbaPTWmni0VUmnFtZVCFn4=/fit-in/300x900/filters:no_upscale():origin()/pre00/0153/th/pre/f/2019/026/a/5/honchkrow_used_nasty_plot_by_tamarinfrog-dcy3a1f.png" height="396" width="300"/>            <media:thumbnail url="https://t00.deviantart.net/jH7ya-vNtnUZ6uJThBRMvy96pZI=/300x200/filters:fixed_height(100,100):origin()/pre00/0153/th/pre/f/2019/026/a/5/honchkrow_used_nasty_plot_by_tamarinfrog-dcy3a1f.png" height="200" width="151"/>            <media:content url="https://pre00.deviantart.net/0153/th/pre/f/2019/026/a/5/honchkrow_used_nasty_plot_by_tamarinfrog-dcy3a1f.png" height="1027" width="778" medium="image"/>            
            <description>Honchkrow using Nasty Plot for Pokemon&amp;nbsp;gen4 tribute project.&lt;br /&gt;&lt;br /&gt;Gen 4 is my favorite, so I chose to claim three favorites from the many I have, hehe. Here, honchkrow&lt;br /&gt;&lt;br /&gt;About the project:&amp;nbsp;&lt;span class=&quot;shadow-holder&quot; data-embed-type=&quot;deviation&quot; data-embed-id=&quot;781939110&quot; data-embed-format=&quot;thumb&quot;&gt;&lt;span class=&quot;shadow mild&quot; &gt;&lt;a href=&quot;https://www.deviantart.com/ga-hq-contributors/journal/The-Pokemon-Gen-IV-Tribute-starts-right-now-781939110&quot; data-sigil=&quot;thumb&quot; class=&quot;thumb lit&quot; onmouseover=&quot;if (window.LitBox) LitBox.hover(this, true)&quot; onmouseout=&quot;if (window.LitBox) LitBox.out(this)&quot;&gt;&lt;i&gt;&lt;/i&gt;&lt;img class=&quot;lit journal&quot; src=&quot;https://st.deviantart.net/minish/gruzecontrol/icons/journal.gif?2&quot;&gt;&lt;span class=&quot;wrap&quot; style=&quot;width: 150px&quot;&gt;&lt;q&gt;
        &lt;strong&gt;The Pokemon Gen IV Tribute starts right now!&lt;/strong&gt;&lt;img src=&quot;https://images-wixmp-ed30a86b8c4ca887773594c2.wixmp.com/intermediary/f/92ef25f3-84b2-477f-b15c-177b00330e91/dcxkjyn-1ed53742-51cb-49dc-9ca0-549fd8b0d2bd.png/v1/fit/w_300,h_900,strp/pokemon_gen_iv_art_collaboration_logo_by_superedco_dcxkjyn-300w.png&quot;class=&quot;gr-shrink thumb-in-thumb &quot;&gt;&lt;br /&gt;Surprise, surprise &lt;img src=&quot;https://e.deviantart.net/emoticons/s/smile.gif&quot; width=&quot;15&quot; height=&quot;15&quot; alt=&quot;:-)&quot; data-embed-type=&quot;emoticon&quot; data-embed-id=&quot;392&quot; title=&quot;:-) (Smile)&quot;/&gt;&lt;br /&gt;Since I myself, and also &lt;span class=&quot;username-with-symbol&quot;&gt;&lt;span class=&quot;premium username&quot;&gt;shinragod&lt;/span&gt;&lt;span class=&quot;user-symbol premium nolink&quot; data-quicktip-text=&quot;Core Member&quot; data-show-tooltip=&quot;1&quot; data-gruser-type=&quot;premium&quot;&gt;&lt;/span&gt;&lt;/span&gt; &lt;span class=&quot;username-with-symbol&quot;&gt;&lt;span class=&quot;premium username&quot;&gt;Hedgey&lt;/span&gt;&lt;span class=&quot;user-symbol premium nolink&quot; data-quicktip-text=&quot;Core Member&quot; data-show-tooltip=&quot;1&quot; data-gruser-type=&quot;premium&quot;&gt;&lt;/span&gt;&lt;/span&gt; and &lt;span class=&quot;username-with-symbol&quot;&gt;&lt;span class=&quot;premium username&quot;&gt;freqrexy&lt;/span&gt;&lt;span class=&quot;user-symbol premium nolink&quot; data-quicktip-text=&quot;Core Member&quot; data-show-tooltip=&quot;1&quot; data-gruser-type=&quot;premium&quot;&gt;&lt;/span&gt;&lt;/span&gt; are currently working on the last galleries for our Pokemon Gen III Tribute I thought it can not hurt to start with the Pokemon Gen IV Project already slowly and only for you, the GA-HQ Contributors who participated in previous art collaborations.&lt;br /&gt;Examples from our Gen III Tribute:&lt;br /&gt;&lt;img src=&quot;https://images-wixmp-ed30a86b8c4ca887773594c2.wixmp.com/intermediary/f/5eb07839-d73e-4f5e-be70-57dc3f336c1e/dco3qb0-f2f6db35-cb3e-46cf-abfb-7aadc82e20eb.png/v1/fit/w_300,h_900,strp/treecko___absorb_by_viral_zone_dco3qb0-300w.png&quot;class=&quot;gr-shrink thumb-in-thumb &quot;&gt; &lt;img src=&quot;https://images-wixmp-ed30a86b8c4ca887773594c2.wixmp.com/intermediary/f/9b39b62e-f49b-48a7-9a77-d894b5ab7bb8/dbzw2zh-2594825b-0799-4853-8a17-497224765cb5.png/v1/fit/w_300,h_900,strp/combusken_used_double_kick__by_saskle_dbzw2zh-300w.png&quot;class=&quot;gr-shrink thumb-in-thumb &quot;&gt; &lt;img src=&quot;https://images-wixmp-ed30a86b8c4ca887773594c2.wixmp.com/intermediary/f/ea4e2220-6186-4074-9fc6-272377f6e63d/dcogy5e-c2e4a3a5-af81-4b13-8e41-6593242fd032.png/v1/fit/w_300,h_900,strp/silcoon_iron_defense_by_yggdrassal_dcogy5e-300w.png&quot;class=&quot;gr-shrink thumb-in-thumb &quot;&gt;&lt;br /&gt;You can see the progress of our Gen III Tribute here btw: http://www.game-art-hq.com/128460/the-game-art-hq-community-presents-the-pokemon-generation-iii-art-collaboration/&lt;br /&gt;Since Friday, I am finetuning/finishing 1-3 of the 170 galleries and am sharing one gallery per day currently via the @gamearthq Twitter account.&lt;br /&gt;You are welcome to follow it of course. It&#039;s also useful if you can share your own Twitter accounts so I can tag and link you all in the Tweets.&lt;br /&gt;I am going to create a new &quot;main hub&quot; for the Pokemon Tribute galleries THIS WEEK on Game&lt;/q&gt;&lt;/span&gt;&lt;/a&gt;&lt;/span&gt;&lt;!-- ^TTT --&gt;&lt;!-- TTT$ --&gt;&lt;/span&gt;&lt;br /&gt;&lt;div&gt;&lt;img src=&quot;https://t00.deviantart.net/jH7ya-vNtnUZ6uJThBRMvy96pZI=/300x200/filters:fixed_height(100,100):origin()/pre00/0153/th/pre/f/2019/026/a/5/honchkrow_used_nasty_plot_by_tamarinfrog-dcy3a1f.png&quot; alt=&quot;thumbnail&quot; /&gt;&lt;/div&gt;</description>            </item>
                    <item>
                <title>Peni Parker - Spiderverse</title>
                <link>https://chinchongcha.deviantart.com/art/Peni-Parker-Spiderverse-782964640</link>
                <guid isPermaLink="true">https://chinchongcha.deviantart.com/art/Peni-Parker-Spiderverse-782964640</guid>
                <pubDate>Sun, 27 Jan 2019 04:34:58 PST</pubDate>
                        <media:title type="plain">Peni Parker - Spiderverse</media:title>
        <media:keywords></media:keywords>
                        <media:rating>nonadult</media:rating>
                <media:category label="Drawings">manga/digital/drawings</media:category>
        <media:credit role="author" scheme="urn:ebu">chinchongcha</media:credit>
        <media:credit role="author" scheme="urn:ebu">https://a.deviantart.net/avatars/c/h/chinchongcha.jpg?9</media:credit>
        <media:copyright url="https://chinchongcha.deviantart.com">Copyright 2019 chinchongcha</media:copyright>            <media:description type="html">&lt;div&gt; &lt;div&gt; &lt;div&gt; &lt;div&gt;&lt;div&gt; &lt;div&gt; &lt;div&gt; &lt;div&gt;&lt;div&gt; &lt;div&gt; &lt;div&gt; &lt;div&gt;&lt;div&gt; &lt;div&gt; &lt;div&gt; &lt;div&gt;&lt;div&gt; &lt;div&gt; &lt;div&gt; &lt;div&gt;&lt;div&gt; &lt;div&gt; &lt;div&gt; &lt;div&gt;&lt;div&gt; &lt;div&gt; &lt;div&gt; &lt;div&gt;&lt;div&gt; &lt;div&gt; &lt;div&gt; &lt;div&gt;&lt;a class=&quot;external&quot; href=&quot;https://www.deviantart.com/users/outgoing?https://twitter.com/ChinchongchaArt&quot;&gt;Twitter&lt;/a&gt; |&amp;nbsp; &lt;a class=&quot;external&quot; href=&quot;https://www.deviantart.com/users/outgoing?https://www.pixiv.net/member.php?id=15606923&quot;&gt;Pixiv &lt;/a&gt;&lt;/div&gt; &lt;/div&gt;&lt;/div&gt; &lt;/div&gt;&lt;/div&gt; &lt;/div&gt;&lt;/div&gt; &lt;/div&gt;&lt;/div&gt; &lt;/div&gt;&lt;/div&gt; &lt;/div&gt;&lt;/div&gt; &lt;/div&gt;&lt;/div&gt; &lt;/div&gt;&lt;/div&gt; &lt;/div&gt;&lt;/div&gt; &lt;/div&gt;&lt;/div&gt; &lt;/div&gt;&lt;/div&gt; &lt;/div&gt;&lt;/div&gt; &lt;/div&gt;&lt;/div&gt; &lt;/div&gt;&lt;/div&gt; &lt;/div&gt;&lt;/div&gt; &lt;/div&gt;</media:description>            <media:thumbnail url="https://t00.deviantart.net/0QsNaVUi5yxeRtkDWMrWkuH2ais=/fit-in/150x150/filters:no_upscale():origin()/pre00/15ec/th/pre/f/2019/027/3/c/3c2005b65fe1f1e6edadc98bbf9bcb15-dcy5nds.png" height="150" width="106"/>            <media:thumbnail url="https://t00.deviantart.net/PjZPDliaervjShxD62SOlTsAK60=/fit-in/300x900/filters:no_upscale():origin()/pre00/15ec/th/pre/f/2019/027/3/c/3c2005b65fe1f1e6edadc98bbf9bcb15-dcy5nds.png" height="424" width="300"/>            <media:thumbnail url="https://t00.deviantart.net/E3gLfQiMLr5n5X1p4VytnDyk2OE=/300x200/filters:fixed_height(100,100):origin()/pre00/15ec/th/pre/f/2019/027/3/c/3c2005b65fe1f1e6edadc98bbf9bcb15-dcy5nds.png" height="200" width="141"/>            <media:content url="https://pre00.deviantart.net/15ec/th/pre/f/2019/027/3/c/3c2005b65fe1f1e6edadc98bbf9bcb15-dcy5nds.png" height="1063" width="752" medium="image"/>            
            <description>&lt;div&gt; &lt;div&gt; &lt;div&gt; &lt;div&gt;&lt;div&gt; &lt;div&gt; &lt;div&gt; &lt;div&gt;&lt;div&gt; &lt;div&gt; &lt;div&gt; &lt;div&gt;&lt;div&gt; &lt;div&gt; &lt;div&gt; &lt;div&gt;&lt;div&gt; &lt;div&gt; &lt;div&gt; &lt;div&gt;&lt;div&gt; &lt;div&gt; &lt;div&gt; &lt;div&gt;&lt;div&gt; &lt;div&gt; &lt;div&gt; &lt;div&gt;&lt;div&gt; &lt;div&gt; &lt;div&gt; &lt;div&gt;&lt;a class=&quot;external&quot; href=&quot;https://www.deviantart.com/users/outgoing?https://twitter.com/ChinchongchaArt&quot;&gt;Twitter&lt;/a&gt; |&amp;nbsp; &lt;a class=&quot;external&quot; href=&quot;https://www.deviantart.com/users/outgoing?https://www.pixiv.net/member.php?id=15606923&quot;&gt;Pixiv &lt;/a&gt;&lt;/div&gt; &lt;/div&gt;&lt;/div&gt; &lt;/div&gt;&lt;/div&gt; &lt;/div&gt;&lt;/div&gt; &lt;/div&gt;&lt;/div&gt; &lt;/div&gt;&lt;/div&gt; &lt;/div&gt;&lt;/div&gt; &lt;/div&gt;&lt;/div&gt; &lt;/div&gt;&lt;/div&gt; &lt;/div&gt;&lt;/div&gt; &lt;/div&gt;&lt;/div&gt; &lt;/div&gt;&lt;/div&gt; &lt;/div&gt;&lt;/div&gt; &lt;/div&gt;&lt;/div&gt; &lt;/div&gt;&lt;/div&gt; &lt;/div&gt;&lt;/div&gt; &lt;/div&gt;&lt;br /&gt;&lt;div&gt;&lt;img src=&quot;https://t00.deviantart.net/E3gLfQiMLr5n5X1p4VytnDyk2OE=/300x200/filters:fixed_height(100,100):origin()/pre00/15ec/th/pre/f/2019/027/3/c/3c2005b65fe1f1e6edadc98bbf9bcb15-dcy5nds.png&quot; alt=&quot;thumbnail&quot; /&gt;&lt;/div&gt;</description>            </item>
                    <item>
                <title>Reina&#039;s Angel - main cover</title>
                <link>https://dvixie.deviantart.com/art/Reina-s-Angel-main-cover-782865392</link>
                <guid isPermaLink="true">https://dvixie.deviantart.com/art/Reina-s-Angel-main-cover-782865392</guid>
                <pubDate>Sat, 26 Jan 2019 12:45:52 PST</pubDate>
                        <media:title type="plain">Reina&#039;s Angel - main cover</media:title>
        <media:keywords></media:keywords>
                        <media:rating>nonadult</media:rating>
                <media:category label="Animals">anthro/digital/drawings/animals</media:category>
        <media:credit role="author" scheme="urn:ebu">DVixie</media:credit>
        <media:credit role="author" scheme="urn:ebu">https://a.deviantart.net/avatars/d/v/dvixie.png?5</media:credit>
        <media:copyright url="https://dvixie.deviantart.com">Copyright 2019 DVixie</media:copyright>
            <media:community>
                <media:tags>@d_vixie</media:tags>
            </media:community>            <media:description type="html">Soon....</media:description>            <media:thumbnail url="https://t00.deviantart.net/B1snnWX4_1Buyx24Y3p5sEFzdzs=/fit-in/150x150/filters:no_upscale():origin()/pre00/cad9/th/pre/i/2019/026/c/d/reina_s_angel___main_cover_by_dvixie-dcy3isw.png" height="150" width="107"/>            <media:thumbnail url="https://t00.deviantart.net/PWOsR7JSvN0MeyImblINlYph3zc=/fit-in/300x900/filters:no_upscale():origin()/pre00/cad9/th/pre/i/2019/026/c/d/reina_s_angel___main_cover_by_dvixie-dcy3isw.png" height="422" width="300"/>            <media:thumbnail url="https://t00.deviantart.net/YWpVQ3-qVeWtDUc5oYqF6jS-EyM=/300x200/filters:fixed_height(100,100):origin()/pre00/cad9/th/pre/i/2019/026/c/d/reina_s_angel___main_cover_by_dvixie-dcy3isw.png" height="200" width="142"/>            <media:content url="https://pre00.deviantart.net/cad9/th/pre/i/2019/026/c/d/reina_s_angel___main_cover_by_dvixie-dcy3isw.png" height="1061" width="753" medium="image"/>            
            <description>Soon....&lt;br /&gt;&lt;div&gt;&lt;img src=&quot;https://t00.deviantart.net/YWpVQ3-qVeWtDUc5oYqF6jS-EyM=/300x200/filters:fixed_height(100,100):origin()/pre00/cad9/th/pre/i/2019/026/c/d/reina_s_angel___main_cover_by_dvixie-dcy3isw.png&quot; alt=&quot;thumbnail&quot; /&gt;&lt;/div&gt;</description>            </item>
                    <item>
                <title>Hair Tutorial</title>
                <link>https://believethehorror.deviantart.com/art/Hair-Tutorial-782872093</link>
                <guid isPermaLink="true">https://believethehorror.deviantart.com/art/Hair-Tutorial-782872093</guid>
                <pubDate>Sat, 26 Jan 2019 13:40:52 PST</pubDate>
                        <media:title type="plain">Hair Tutorial</media:title>
        <media:keywords></media:keywords>
                        <media:rating>nonadult</media:rating>
                <media:category label="Photoshop">resources/tutorials/digiart/dpadigi/photoshop</media:category>
        <media:credit role="author" scheme="urn:ebu">BelieveTheHorror</media:credit>
        <media:credit role="author" scheme="urn:ebu">https://a.deviantart.net/avatars/b/e/believethehorror.png?3</media:credit>
        <media:copyright url="https://believethehorror.deviantart.com">Copyright 2019 BelieveTheHorror</media:copyright>            <media:description type="html">&lt;i&gt;I&#039;m still not the best at hair so I did another study turned tutorial. I still really like how I&#039;m doing it right now though &lt;sub&gt;Especially if you compare it with my earlier works lol&lt;/sub&gt;&lt;br /&gt;&lt;br /&gt;Still be warned, step 6 is pretty difficult and took me along time to get it right, I still think its one of the nicest ways to draw hair though so totally worth the effort &amp;gt;w&amp;gt;&lt;br /&gt;&lt;br /&gt;Hope it can be useful to you guys too!&lt;/i&gt;&lt;br /&gt;&lt;b&gt;&lt;br /&gt;&lt;br /&gt;Some other tutorials of mine:&lt;/b&gt;&lt;br /&gt;&lt;a href=&quot;https://www.deviantart.com/believethehorror/art/Rose-Tutorial-782166433&quot;&gt;Rose Tutorial&lt;/a&gt;&lt;br /&gt;&lt;a href=&quot;https://www.deviantart.com/believethehorror/art/Grassy-Rock-Tutorial-779673309&quot;&gt;Grassy Rock Tutorial&lt;/a&gt;&lt;br /&gt;&lt;a href=&quot;https://www.deviantart.com/believethehorror/art/Feather-Bird-Tutorial-772433822&quot;&gt;Feather/Bird Tutorial&lt;/a&gt;&lt;br /&gt;&lt;a href=&quot;https://www.deviantart.com/believethehorror/art/Tear-Tutorial-764804817&quot;&gt;Tear Tutorial&lt;/a&gt;&lt;br /&gt;&lt;a href=&quot;https://www.deviantart.com/believethehorror/art/Ice-Tutorial-764130956&quot;&gt;Ice Tutorial&lt;/a&gt;&lt;br /&gt;&lt;a href=&quot;https://www.deviantart.com/believethehorror/art/Lava-Tutorial-763991071&quot;&gt;Lava Tutorial&lt;/a&gt;&lt;br /&gt;&lt;a href=&quot;https://www.deviantart.com/believethehorror/art/Water-Tutorial-762147894&quot;&gt;Water Tutorial&lt;/a&gt;&lt;br /&gt;&lt;a href=&quot;https://www.deviantart.com/believethehorror/art/Electricity-Tutorial-755135019&quot;&gt;Electricity Tutorial&lt;/a&gt;&lt;br /&gt;&lt;a href=&quot;https://www.deviantart.com/believethehorror/art/Fire-Tutorial-745715316&quot;&gt;Fire Tutorial&lt;/a&gt;&lt;br /&gt;&lt;a href=&quot;https://www.deviantart.com/believethehorror/art/Wound-Tutorial-744531237&quot;&gt;Wound Tutorial&lt;/a&gt;&lt;br /&gt;&lt;a href=&quot;https://www.deviantart.com/believethehorror/art/Cloud-Tutorial-744688024&quot;&gt;Cloud Tutorial&lt;/a&gt;</media:description>            <media:thumbnail url="https://t00.deviantart.net/o_GBVgJxwLG9WnzreYu6d-VF2GQ=/fit-in/150x150/filters:no_upscale():origin()/pre00/809f/th/pre/i/2019/026/8/8/hair_tutorial_by_believethehorror-dcy3nz1.png" height="87" width="150"/>            <media:thumbnail url="https://t00.deviantart.net/cVLwE6VW2HZlMiKlScA8n7Tk-wM=/fit-in/300x900/filters:no_upscale():origin()/pre00/809f/th/pre/i/2019/026/8/8/hair_tutorial_by_believethehorror-dcy3nz1.png" height="174" width="300"/>            <media:thumbnail url="https://t00.deviantart.net/C3kmEDOJR6RCuX467xIpAnCUkH4=/300x200/filters:fixed_height(100,100):origin()/pre00/809f/th/pre/i/2019/026/8/8/hair_tutorial_by_believethehorror-dcy3nz1.png" height="174" width="300"/>            <media:content url="https://pre00.deviantart.net/809f/th/pre/i/2019/026/8/8/hair_tutorial_by_believethehorror-dcy3nz1.png" height="680" width="1175" medium="image"/>            
            <description>&lt;i&gt;I&#039;m still not the best at hair so I did another study turned tutorial. I still really like how I&#039;m doing it right now though &lt;sub&gt;Especially if you compare it with my earlier works lol&lt;/sub&gt;&lt;br /&gt;&lt;br /&gt;Still be warned, step 6 is pretty difficult and took me along time to get it right, I still think its one of the nicest ways to draw hair though so totally worth the effort &amp;gt;w&amp;gt;&lt;br /&gt;&lt;br /&gt;Hope it can be useful to you guys too!&lt;/i&gt;&lt;br /&gt;&lt;b&gt;&lt;br /&gt;&lt;br /&gt;Some other tutorials of mine:&lt;/b&gt;&lt;br /&gt;&lt;a href=&quot;https://www.deviantart.com/believethehorror/art/Rose-Tutorial-782166433&quot;&gt;Rose Tutorial&lt;/a&gt;&lt;br /&gt;&lt;a href=&quot;https://www.deviantart.com/believethehorror/art/Grassy-Rock-Tutorial-779673309&quot;&gt;Grassy Rock Tutorial&lt;/a&gt;&lt;br /&gt;&lt;a href=&quot;https://www.deviantart.com/believethehorror/art/Feather-Bird-Tutorial-772433822&quot;&gt;Feather/Bird Tutorial&lt;/a&gt;&lt;br /&gt;&lt;a href=&quot;https://www.deviantart.com/believethehorror/art/Tear-Tutorial-764804817&quot;&gt;Tear Tutorial&lt;/a&gt;&lt;br /&gt;&lt;a href=&quot;https://www.deviantart.com/believethehorror/art/Ice-Tutorial-764130956&quot;&gt;Ice Tutorial&lt;/a&gt;&lt;br /&gt;&lt;a href=&quot;https://www.deviantart.com/believethehorror/art/Lava-Tutorial-763991071&quot;&gt;Lava Tutorial&lt;/a&gt;&lt;br /&gt;&lt;a href=&quot;https://www.deviantart.com/believethehorror/art/Water-Tutorial-762147894&quot;&gt;Water Tutorial&lt;/a&gt;&lt;br /&gt;&lt;a href=&quot;https://www.deviantart.com/believethehorror/art/Electricity-Tutorial-755135019&quot;&gt;Electricity Tutorial&lt;/a&gt;&lt;br /&gt;&lt;a href=&quot;https://www.deviantart.com/believethehorror/art/Fire-Tutorial-745715316&quot;&gt;Fire Tutorial&lt;/a&gt;&lt;br /&gt;&lt;a href=&quot;https://www.deviantart.com/believethehorror/art/Wound-Tutorial-744531237&quot;&gt;Wound Tutorial&lt;/a&gt;&lt;br /&gt;&lt;a href=&quot;https://www.deviantart.com/believethehorror/art/Cloud-Tutorial-744688024&quot;&gt;Cloud Tutorial&lt;/a&gt;&lt;br /&gt;&lt;div&gt;&lt;img src=&quot;https://t00.deviantart.net/C3kmEDOJR6RCuX467xIpAnCUkH4=/300x200/filters:fixed_height(100,100):origin()/pre00/809f/th/pre/i/2019/026/8/8/hair_tutorial_by_believethehorror-dcy3nz1.png&quot; alt=&quot;thumbnail&quot; /&gt;&lt;/div&gt;</description>            </item>
                    <item>
                <title>Dragon Sighting</title>
                <link>https://seerlight.deviantart.com/art/Dragon-Sighting-782756660</link>
                <guid isPermaLink="true">https://seerlight.deviantart.com/art/Dragon-Sighting-782756660</guid>
                <pubDate>Sat, 26 Jan 2019 11:00:07 PST</pubDate>
                        <media:title type="plain">Dragon Sighting</media:title>
        <media:keywords></media:keywords>
                        <media:rating>nonadult</media:rating>
                <media:category label="Fantasy">digitalart/paintings/fantasy</media:category>
        <media:credit role="author" scheme="urn:ebu">SeerLight</media:credit>
        <media:credit role="author" scheme="urn:ebu">https://a.deviantart.net/avatars/s/e/seerlight.gif?13</media:credit>
        <media:copyright url="https://seerlight.deviantart.com">Copyright 2019 SeerLight</media:copyright>            <media:description type="html">&lt;span&gt;Social Media Links:&amp;nbsp;&lt;/span&gt;&lt;a class=&quot;external&quot; href=&quot;https://www.deviantart.com/users/outgoing?https://www.instagram.com/seerlight/&quot;&gt;INSTAGRAM&amp;nbsp;&lt;/a&gt;&lt;img src=&quot;https://e.deviantart.net/emoticons/b/bulletorange.gif&quot; alt=&quot;Bullet; Orange&quot; style=&quot;width: 10px; height: 10px;&quot; data-embed-type=&quot;emoticon&quot; data-embed-id=&quot;567&quot;&gt;&lt;a class=&quot;external&quot; href=&quot;https://www.deviantart.com/users/outgoing?https://www.facebook.com/seerlight/&quot;&gt;FACEBOOK&lt;/a&gt;&lt;img src=&quot;https://e.deviantart.net/emoticons/b/bulletblue.gif&quot; alt=&quot;Bullet; Blue&quot; style=&quot;width: 10px; height: 10px;&quot; data-embed-type=&quot;emoticon&quot; data-embed-id=&quot;211&quot;&gt;&lt;a class=&quot;external&quot; href=&quot;https://www.deviantart.com/users/outgoing?https://twitter.com/SeerStuff&quot;&gt;TWITTER&lt;/a&gt;&lt;img src=&quot;https://e.deviantart.net/emoticons/b/bulletorange.gif&quot; alt=&quot;Bullet; Orange&quot; style=&quot;width: 10px; height: 10px;&quot; data-embed-type=&quot;emoticon&quot; data-embed-id=&quot;567&quot;&gt;&lt;a class=&quot;external&quot; href=&quot;https://www.deviantart.com/users/outgoing?https://www.artstation.com/seer&quot;&gt;ARTSTATION&lt;/a&gt;&lt;b&gt;&lt;img src=&quot;https://e.deviantart.net/emoticons/b/bulletblue.gif&quot; alt=&quot;Bullet; Blue&quot; style=&quot;width: 10px; height: 10px;&quot; data-embed-type=&quot;emoticon&quot; data-embed-id=&quot;211&quot;&gt;&lt;/b&gt;&lt;a class=&quot;external&quot; href=&quot;https://www.deviantart.com/users/outgoing?https://www.youtube.com/channel/UCWPoFKsUrn5iCnHB1B9GeaA&quot;&gt;YOUTUBE&lt;/a&gt;&lt;b&gt;&lt;img src=&quot;https://e.deviantart.net/emoticons/b/bulletorange.gif&quot; alt=&quot;Bullet; Orange&quot; style=&quot;width: 10px; height: 10px;&quot; data-embed-type=&quot;emoticon&quot; data-embed-id=&quot;567&quot;&gt;&lt;/b&gt;&lt;a class=&quot;external&quot; href=&quot;https://www.deviantart.com/users/outgoing?https://www.redbubble.com/people/SeerStuff/shop&quot;&gt;REDBUBBLE&lt;/a&gt;&lt;img src=&quot;https://e.deviantart.net/emoticons/b/bulletblue.gif&quot; alt=&quot;Bullet; Blue&quot; style=&quot;width: 10px; height: 10px;&quot; data-embed-type=&quot;emoticon&quot; data-embed-id=&quot;211&quot;&gt;&lt;a class=&quot;external&quot; href=&quot;https://www.deviantart.com/users/outgoing?https://seerlight.wixsite.com/commission&quot;&gt;COMMISSIONS&lt;/a&gt;&lt;br /&gt;&lt;br /&gt;I wanted to try something different and did a scenery with lineart! If you get ghibli vibes from this, its because it was very ghibli inspired. XD&lt;br /&gt;&lt;br /&gt;&lt;b&gt;More from me ~&lt;br /&gt;&lt;span class=&quot;shadow-holder&quot; data-embed-type=&quot;deviation&quot; data-embed-id=&quot;781625001&quot; data-embed-format=&quot;thumb&quot;&gt;&lt;span class=&quot;shadow mild&quot; &gt;&lt;a class=&quot;thumb&quot; href=&quot;https://www.deviantart.com/seerlight/art/Bathhouse-781625001&quot; title=&quot;Bathhouse by SeerLight, Jan 19, 2019 in Fan Art &amp;gt; Manga &amp;amp; Anime &amp;gt; Digital &amp;gt; Movies &amp;amp; TV&quot;data-super-img=&quot;https://images-wixmp-ed30a86b8c4ca887773594c2.wixmp.com/intermediary/f/4d94eabf-4257-437f-a08d-5ee63b69705f/dcxcxpl-02585a96-19af-4aaf-89b5-b88724a8da6d.jpg/v1/fill/w_755,h_1058,q_70,strp/bathhouse_by_seerlight_dcxcxpl-pre.jpg&quot; data-super-width=&quot;755&quot; data-super-height=&quot;1058&quot; data-super-transparent=&quot;false&quot; data-super-alt=&quot;Bathhouse by SeerLight&quot; data-super-full-img=&quot;https://images-wixmp-ed30a86b8c4ca887773594c2.wixmp.com/intermediary/f/4d94eabf-4257-437f-a08d-5ee63b69705f/dcxcxpl-02585a96-19af-4aaf-89b5-b88724a8da6d.jpg/v1/fill/w_1280,h_1793,q_70,strp/bathhouse_by_seerlight_dcxcxpl-fullview.jpg&quot; data-super-full-width=&quot;1280&quot; data-super-full-height=&quot;1793&quot;        data-sigil=&quot;thumb&quot;&gt;
        &lt;i&gt;&lt;/i&gt;&lt;img   width=&quot;107&quot; height=&quot;150&quot; alt=&quot;Bathhouse by SeerLight&quot; src=&quot;https://images-wixmp-ed30a86b8c4ca887773594c2.wixmp.com/intermediary/f/4d94eabf-4257-437f-a08d-5ee63b69705f/dcxcxpl-02585a96-19af-4aaf-89b5-b88724a8da6d.jpg/v1/fit/w_150,h_150,q_70,strp/bathhouse_by_seerlight_dcxcxpl-150.jpg&quot; data-src=&quot;https://images-wixmp-ed30a86b8c4ca887773594c2.wixmp.com/intermediary/f/4d94eabf-4257-437f-a08d-5ee63b69705f/dcxcxpl-02585a96-19af-4aaf-89b5-b88724a8da6d.jpg/v1/fit/w_150,h_150,q_70,strp/bathhouse_by_seerlight_dcxcxpl-150.jpg&quot; srcset=&quot;https://images-wixmp-ed30a86b8c4ca887773594c2.wixmp.com/intermediary/f/4d94eabf-4257-437f-a08d-5ee63b69705f/dcxcxpl-02585a96-19af-4aaf-89b5-b88724a8da6d.jpg/v1/fit/w_150,h_150,q_70,strp/bathhouse_by_seerlight_dcxcxpl-150.jpg 107w,https://images-wixmp-ed30a86b8c4ca887773594c2.wixmp.com/intermediary/f/4d94eabf-4257-437f-a08d-5ee63b69705f/dcxcxpl-02585a96-19af-4aaf-89b5-b88724a8da6d.jpg/v1/crop/w_179,h_250,x_0,y_0,scl_0.086473429951691,q_70,strp/bathhouse_by_seerlight_dcxcxpl-250t.jpg 178w,https://images-wixmp-ed30a86b8c4ca887773594c2.wixmp.com/intermediary/f/4d94eabf-4257-437f-a08d-5ee63b69705f/dcxcxpl-02585a96-19af-4aaf-89b5-b88724a8da6d.jpg/v1/fill/w_250,h_350,q_70,strp/bathhouse_by_seerlight_dcxcxpl-350t.jpg 250w,https://images-wixmp-ed30a86b8c4ca887773594c2.wixmp.com/intermediary/f/4d94eabf-4257-437f-a08d-5ee63b69705f/dcxcxpl-02585a96-19af-4aaf-89b5-b88724a8da6d.jpg/v1/fill/w_286,h_400,q_70,strp/bathhouse_by_seerlight_dcxcxpl-400t.jpg 286w,https://images-wixmp-ed30a86b8c4ca887773594c2.wixmp.com/intermediary/f/4d94eabf-4257-437f-a08d-5ee63b69705f/dcxcxpl-02585a96-19af-4aaf-89b5-b88724a8da6d.jpg/v1/fill/w_755,h_1058,q_70,strp/bathhouse_by_seerlight_dcxcxpl-pre.jpg 755w&quot; sizes=&quot;107px&quot;&gt;&lt;/a&gt;&lt;/span&gt;&lt;!-- ^TTT --&gt;&lt;!-- TTT$ --&gt;&lt;/span&gt;&lt;span class=&quot;shadow-holder&quot; data-embed-type=&quot;deviation&quot; data-embed-id=&quot;743542427&quot; data-embed-format=&quot;thumb&quot;&gt;&lt;span class=&quot;shadow mild&quot; &gt;&lt;a class=&quot;thumb&quot; href=&quot;https://www.deviantart.com/seerlight/art/Let-s-Go-Home-743542427&quot; title=&quot;Let&amp;#039;s Go Home by SeerLight, May 5, 2018 in Customization &amp;gt; Wallpaper &amp;gt; Landscapes &amp;amp; Scenery &amp;gt; Cities &amp;amp; Structures&quot;data-super-img=&quot;https://images-wixmp-ed30a86b8c4ca887773594c2.wixmp.com/intermediary/f/4d94eabf-4257-437f-a08d-5ee63b69705f/dcaop0b-0cd79070-ab2b-45d9-b2fc-55fa3463837a.jpg/v1/fill/w_1264,h_632,q_70,strp/let_s_go_home_by_seerlight_dcaop0b-pre.jpg&quot; data-super-width=&quot;1264&quot; data-super-height=&quot;632&quot; data-super-transparent=&quot;false&quot; data-super-alt=&quot;Let&amp;#039;s Go Home by SeerLight&quot; data-super-full-img=&quot;https://images-wixmp-ed30a86b8c4ca887773594c2.wixmp.com/intermediary/f/4d94eabf-4257-437f-a08d-5ee63b69705f/dcaop0b-0cd79070-ab2b-45d9-b2fc-55fa3463837a.jpg&quot; data-super-full-width=&quot;3464&quot; data-super-full-height=&quot;1732&quot;        data-sigil=&quot;thumb&quot;&gt;
        &lt;i&gt;&lt;/i&gt;&lt;img   width=&quot;150&quot; height=&quot;75&quot; alt=&quot;Let&amp;#039;s Go Home by SeerLight&quot; src=&quot;https://images-wixmp-ed30a86b8c4ca887773594c2.wixmp.com/intermediary/f/4d94eabf-4257-437f-a08d-5ee63b69705f/dcaop0b-0cd79070-ab2b-45d9-b2fc-55fa3463837a.jpg/v1/fit/w_150,h_150,q_70,strp/let_s_go_home_by_seerlight_dcaop0b-150.jpg&quot; data-src=&quot;https://images-wixmp-ed30a86b8c4ca887773594c2.wixmp.com/intermediary/f/4d94eabf-4257-437f-a08d-5ee63b69705f/dcaop0b-0cd79070-ab2b-45d9-b2fc-55fa3463837a.jpg/v1/fit/w_150,h_150,q_70,strp/let_s_go_home_by_seerlight_dcaop0b-150.jpg&quot; srcset=&quot;https://images-wixmp-ed30a86b8c4ca887773594c2.wixmp.com/intermediary/f/4d94eabf-4257-437f-a08d-5ee63b69705f/dcaop0b-0cd79070-ab2b-45d9-b2fc-55fa3463837a.jpg/v1/fit/w_150,h_150,q_70,strp/let_s_go_home_by_seerlight_dcaop0b-150.jpg 150w,https://images-wixmp-ed30a86b8c4ca887773594c2.wixmp.com/intermediary/f/4d94eabf-4257-437f-a08d-5ee63b69705f/dcaop0b-0cd79070-ab2b-45d9-b2fc-55fa3463837a.jpg/v1/fill/w_500,h_250,q_70,strp/let_s_go_home_by_seerlight_dcaop0b-250t.jpg 500w,https://images-wixmp-ed30a86b8c4ca887773594c2.wixmp.com/intermediary/f/4d94eabf-4257-437f-a08d-5ee63b69705f/dcaop0b-0cd79070-ab2b-45d9-b2fc-55fa3463837a.jpg/v1/fill/w_700,h_350,q_70,strp/let_s_go_home_by_seerlight_dcaop0b-350t.jpg 700w,https://images-wixmp-ed30a86b8c4ca887773594c2.wixmp.com/intermediary/f/4d94eabf-4257-437f-a08d-5ee63b69705f/dcaop0b-0cd79070-ab2b-45d9-b2fc-55fa3463837a.jpg/v1/fill/w_800,h_400,q_70,strp/let_s_go_home_by_seerlight_dcaop0b-400t.jpg 800w,https://images-wixmp-ed30a86b8c4ca887773594c2.wixmp.com/intermediary/f/4d94eabf-4257-437f-a08d-5ee63b69705f/dcaop0b-0cd79070-ab2b-45d9-b2fc-55fa3463837a.jpg/v1/fill/w_1264,h_632,q_70,strp/let_s_go_home_by_seerlight_dcaop0b-pre.jpg 1264w&quot; sizes=&quot;150px&quot;&gt;&lt;/a&gt;&lt;/span&gt;&lt;!-- ^TTT --&gt;&lt;!-- TTT$ --&gt;&lt;/span&gt;&lt;span class=&quot;shadow-holder&quot; data-embed-type=&quot;deviation&quot; data-embed-id=&quot;751712625&quot; data-embed-format=&quot;thumb&quot;&gt;&lt;span class=&quot;shadow mild&quot; &gt;&lt;a class=&quot;thumb&quot; href=&quot;https://www.deviantart.com/seerlight/art/I-m-Home-751712625&quot; title=&quot;I&amp;#039;m Home by SeerLight, Jun 29, 2018 in Digital Art &amp;gt; Drawings &amp;amp; Paintings &amp;gt; Landscapes &amp;amp; Scenery&quot;data-super-img=&quot;https://images-wixmp-ed30a86b8c4ca887773594c2.wixmp.com/intermediary/f/4d94eabf-4257-437f-a08d-5ee63b69705f/dcfjt69-53ad844d-7880-4cef-a5ce-c3c314812e47.jpg/v1/fill/w_774,h_1032,q_70,strp/i_m_home_by_seerlight_dcfjt69-pre.jpg&quot; data-super-width=&quot;774&quot; data-super-height=&quot;1033&quot; data-super-transparent=&quot;false&quot; data-super-alt=&quot;I&amp;#039;m Home by SeerLight&quot; data-super-full-img=&quot;https://images-wixmp-ed30a86b8c4ca887773594c2.wixmp.com/intermediary/f/4d94eabf-4257-437f-a08d-5ee63b69705f/dcfjt69-53ad844d-7880-4cef-a5ce-c3c314812e47.jpg/v1/fill/w_1024,h_1366,q_70,strp/i_m_home_by_seerlight_dcfjt69-fullview.jpg&quot; data-super-full-width=&quot;1024&quot; data-super-full-height=&quot;1366&quot;        data-sigil=&quot;thumb&quot;&gt;
        &lt;i&gt;&lt;/i&gt;&lt;img   width=&quot;112&quot; height=&quot;150&quot; alt=&quot;I&amp;#039;m Home by SeerLight&quot; src=&quot;https://images-wixmp-ed30a86b8c4ca887773594c2.wixmp.com/intermediary/f/4d94eabf-4257-437f-a08d-5ee63b69705f/dcfjt69-53ad844d-7880-4cef-a5ce-c3c314812e47.jpg/v1/fit/w_150,h_150,q_70,strp/i_m_home_by_seerlight_dcfjt69-150.jpg&quot; data-src=&quot;https://images-wixmp-ed30a86b8c4ca887773594c2.wixmp.com/intermediary/f/4d94eabf-4257-437f-a08d-5ee63b69705f/dcfjt69-53ad844d-7880-4cef-a5ce-c3c314812e47.jpg/v1/fit/w_150,h_150,q_70,strp/i_m_home_by_seerlight_dcfjt69-150.jpg&quot; srcset=&quot;https://images-wixmp-ed30a86b8c4ca887773594c2.wixmp.com/intermediary/f/4d94eabf-4257-437f-a08d-5ee63b69705f/dcfjt69-53ad844d-7880-4cef-a5ce-c3c314812e47.jpg/v1/fit/w_150,h_150,q_70,strp/i_m_home_by_seerlight_dcfjt69-150.jpg 112w,https://images-wixmp-ed30a86b8c4ca887773594c2.wixmp.com/intermediary/f/4d94eabf-4257-437f-a08d-5ee63b69705f/dcfjt69-53ad844d-7880-4cef-a5ce-c3c314812e47.jpg/v1/crop/w_188,h_250,x_0,y_0,scl_0.088637435172089,q_70,strp/i_m_home_by_seerlight_dcfjt69-250t.jpg 187w,https://images-wixmp-ed30a86b8c4ca887773594c2.wixmp.com/intermediary/f/4d94eabf-4257-437f-a08d-5ee63b69705f/dcfjt69-53ad844d-7880-4cef-a5ce-c3c314812e47.jpg/v1/crop/w_263,h_350,x_0,y_0,scl_0.12399811409712,q_70,strp/i_m_home_by_seerlight_dcfjt69-350t.jpg 262w,https://images-wixmp-ed30a86b8c4ca887773594c2.wixmp.com/intermediary/f/4d94eabf-4257-437f-a08d-5ee63b69705f/dcfjt69-53ad844d-7880-4cef-a5ce-c3c314812e47.jpg/v1/fill/w_300,h_400,q_70,strp/i_m_home_by_seerlight_dcfjt69-400t.jpg 300w,https://images-wixmp-ed30a86b8c4ca887773594c2.wixmp.com/intermediary/f/4d94eabf-4257-437f-a08d-5ee63b69705f/dcfjt69-53ad844d-7880-4cef-a5ce-c3c314812e47.jpg/v1/fill/w_774,h_1032,q_70,strp/i_m_home_by_seerlight_dcfjt69-pre.jpg 774w&quot; sizes=&quot;112px&quot;&gt;&lt;/a&gt;&lt;/span&gt;&lt;!-- ^TTT --&gt;&lt;!-- TTT$ --&gt;&lt;/span&gt;&lt;span class=&quot;shadow-holder&quot; data-embed-type=&quot;deviation&quot; data-embed-id=&quot;760212877&quot; data-embed-format=&quot;thumb&quot;&gt;&lt;span class=&quot;shadow mild&quot; &gt;&lt;a class=&quot;thumb&quot; href=&quot;https://www.deviantart.com/seerlight/art/Angel-of-the-Junkyard-760212877&quot; title=&quot;Angel of the Junkyard by SeerLight, Aug 24, 2018 in Customization &amp;gt; Wallpaper &amp;gt; Landscapes &amp;amp; Scenery &amp;gt; Cities &amp;amp; Structures&quot;data-super-img=&quot;https://images-wixmp-ed30a86b8c4ca887773594c2.wixmp.com/intermediary/f/4d94eabf-4257-437f-a08d-5ee63b69705f/dckm00d-3f5462c2-3a6e-4c0b-ad51-ab84b5f40f58.jpg/v1/fill/w_1024,h_512,q_70,strp/angel_of_the_junkyard_by_seerlight_dckm00d-fullview.jpg&quot; data-super-width=&quot;1024&quot; data-super-height=&quot;512&quot; data-super-transparent=&quot;false&quot; data-super-alt=&quot;Angel of the Junkyard by SeerLight&quot; data-super-full-img=&quot;https://images-wixmp-ed30a86b8c4ca887773594c2.wixmp.com/intermediary/f/4d94eabf-4257-437f-a08d-5ee63b69705f/dckm00d-3f5462c2-3a6e-4c0b-ad51-ab84b5f40f58.jpg/v1/fill/w_1024,h_512,q_70,strp/angel_of_the_junkyard_by_seerlight_dckm00d-fullview.jpg&quot; data-super-full-width=&quot;1024&quot; data-super-full-height=&quot;512&quot;        data-sigil=&quot;thumb&quot;&gt;
        &lt;i&gt;&lt;/i&gt;&lt;img   width=&quot;150&quot; height=&quot;75&quot; alt=&quot;Angel of the Junkyard by SeerLight&quot; src=&quot;https://images-wixmp-ed30a86b8c4ca887773594c2.wixmp.com/intermediary/f/4d94eabf-4257-437f-a08d-5ee63b69705f/dckm00d-3f5462c2-3a6e-4c0b-ad51-ab84b5f40f58.jpg/v1/fit/w_150,h_150,q_70,strp/angel_of_the_junkyard_by_seerlight_dckm00d-150.jpg&quot; data-src=&quot;https://images-wixmp-ed30a86b8c4ca887773594c2.wixmp.com/intermediary/f/4d94eabf-4257-437f-a08d-5ee63b69705f/dckm00d-3f5462c2-3a6e-4c0b-ad51-ab84b5f40f58.jpg/v1/fit/w_150,h_150,q_70,strp/angel_of_the_junkyard_by_seerlight_dckm00d-150.jpg&quot; srcset=&quot;https://images-wixmp-ed30a86b8c4ca887773594c2.wixmp.com/intermediary/f/4d94eabf-4257-437f-a08d-5ee63b69705f/dckm00d-3f5462c2-3a6e-4c0b-ad51-ab84b5f40f58.jpg/v1/fit/w_150,h_150,q_70,strp/angel_of_the_junkyard_by_seerlight_dckm00d-150.jpg 150w,https://images-wixmp-ed30a86b8c4ca887773594c2.wixmp.com/intermediary/f/4d94eabf-4257-437f-a08d-5ee63b69705f/dckm00d-3f5462c2-3a6e-4c0b-ad51-ab84b5f40f58.jpg/v1/fill/w_500,h_250,q_70,strp/angel_of_the_junkyard_by_seerlight_dckm00d-250t.jpg 500w,https://images-wixmp-ed30a86b8c4ca887773594c2.wixmp.com/intermediary/f/4d94eabf-4257-437f-a08d-5ee63b69705f/dckm00d-3f5462c2-3a6e-4c0b-ad51-ab84b5f40f58.jpg/v1/fill/w_700,h_350,q_70,strp/angel_of_the_junkyard_by_seerlight_dckm00d-350t.jpg 700w,https://images-wixmp-ed30a86b8c4ca887773594c2.wixmp.com/intermediary/f/4d94eabf-4257-437f-a08d-5ee63b69705f/dckm00d-3f5462c2-3a6e-4c0b-ad51-ab84b5f40f58.jpg/v1/fill/w_800,h_400,q_70,strp/angel_of_the_junkyard_by_seerlight_dckm00d-400t.jpg 800w,https://images-wixmp-ed30a86b8c4ca887773594c2.wixmp.com/intermediary/f/4d94eabf-4257-437f-a08d-5ee63b69705f/dckm00d-3f5462c2-3a6e-4c0b-ad51-ab84b5f40f58.jpg/v1/fill/w_1024,h_512,q_70,strp/angel_of_the_junkyard_by_seerlight_dckm00d-fullview.jpg 1024w&quot; sizes=&quot;150px&quot;&gt;&lt;/a&gt;&lt;/span&gt;&lt;!-- ^TTT --&gt;&lt;!-- TTT$ --&gt;&lt;/span&gt;&lt;span class=&quot;shadow-holder&quot; data-embed-type=&quot;deviation&quot; data-embed-id=&quot;772112342&quot; data-embed-format=&quot;thumb&quot;&gt;&lt;span class=&quot;shadow mild&quot; &gt;&lt;a class=&quot;thumb&quot; href=&quot;https://www.deviantart.com/seerlight/art/A-Rainy-Night-772112342&quot; title=&quot;A Rainy Night by SeerLight, Nov 16, 2018 in Customization &amp;gt; Wallpaper &amp;gt; Landscapes &amp;amp; Scenery &amp;gt; Cities &amp;amp; Structures&quot;data-super-img=&quot;https://images-wixmp-ed30a86b8c4ca887773594c2.wixmp.com/intermediary/f/4d94eabf-4257-437f-a08d-5ee63b69705f/dcrp1p2-ed7c2f84-24e2-4a10-ab43-f3821618bf77.jpg/v1/fill/w_1024,h_512,q_70,strp/a_rainy_night_by_seerlight_dcrp1p2-fullview.jpg&quot; data-super-width=&quot;1024&quot; data-super-height=&quot;512&quot; data-super-transparent=&quot;false&quot; data-super-alt=&quot;A Rainy Night by SeerLight&quot; data-super-full-img=&quot;https://images-wixmp-ed30a86b8c4ca887773594c2.wixmp.com/intermediary/f/4d94eabf-4257-437f-a08d-5ee63b69705f/dcrp1p2-ed7c2f84-24e2-4a10-ab43-f3821618bf77.jpg/v1/fill/w_1024,h_512,q_70,strp/a_rainy_night_by_seerlight_dcrp1p2-fullview.jpg&quot; data-super-full-width=&quot;1024&quot; data-super-full-height=&quot;512&quot;        data-sigil=&quot;thumb&quot;&gt;
        &lt;i&gt;&lt;/i&gt;&lt;img   width=&quot;150&quot; height=&quot;75&quot; alt=&quot;A Rainy Night by SeerLight&quot; src=&quot;https://images-wixmp-ed30a86b8c4ca887773594c2.wixmp.com/intermediary/f/4d94eabf-4257-437f-a08d-5ee63b69705f/dcrp1p2-ed7c2f84-24e2-4a10-ab43-f3821618bf77.jpg/v1/fit/w_150,h_150,q_70,strp/a_rainy_night_by_seerlight_dcrp1p2-150.jpg&quot; data-src=&quot;https://images-wixmp-ed30a86b8c4ca887773594c2.wixmp.com/intermediary/f/4d94eabf-4257-437f-a08d-5ee63b69705f/dcrp1p2-ed7c2f84-24e2-4a10-ab43-f3821618bf77.jpg/v1/fit/w_150,h_150,q_70,strp/a_rainy_night_by_seerlight_dcrp1p2-150.jpg&quot; srcset=&quot;https://images-wixmp-ed30a86b8c4ca887773594c2.wixmp.com/intermediary/f/4d94eabf-4257-437f-a08d-5ee63b69705f/dcrp1p2-ed7c2f84-24e2-4a10-ab43-f3821618bf77.jpg/v1/fit/w_150,h_150,q_70,strp/a_rainy_night_by_seerlight_dcrp1p2-150.jpg 150w,https://images-wixmp-ed30a86b8c4ca887773594c2.wixmp.com/intermediary/f/4d94eabf-4257-437f-a08d-5ee63b69705f/dcrp1p2-ed7c2f84-24e2-4a10-ab43-f3821618bf77.jpg/v1/fill/w_500,h_250,q_70,strp/a_rainy_night_by_seerlight_dcrp1p2-250t.jpg 500w,https://images-wixmp-ed30a86b8c4ca887773594c2.wixmp.com/intermediary/f/4d94eabf-4257-437f-a08d-5ee63b69705f/dcrp1p2-ed7c2f84-24e2-4a10-ab43-f3821618bf77.jpg/v1/fill/w_700,h_350,q_70,strp/a_rainy_night_by_seerlight_dcrp1p2-350t.jpg 700w,https://images-wixmp-ed30a86b8c4ca887773594c2.wixmp.com/intermediary/f/4d94eabf-4257-437f-a08d-5ee63b69705f/dcrp1p2-ed7c2f84-24e2-4a10-ab43-f3821618bf77.jpg/v1/fill/w_800,h_400,q_70,strp/a_rainy_night_by_seerlight_dcrp1p2-400t.jpg 800w,https://images-wixmp-ed30a86b8c4ca887773594c2.wixmp.com/intermediary/f/4d94eabf-4257-437f-a08d-5ee63b69705f/dcrp1p2-ed7c2f84-24e2-4a10-ab43-f3821618bf77.jpg/v1/fill/w_1024,h_512,q_70,strp/a_rainy_night_by_seerlight_dcrp1p2-fullview.jpg 1024w&quot; sizes=&quot;150px&quot;&gt;&lt;/a&gt;&lt;/span&gt;&lt;!-- ^TTT --&gt;&lt;!-- TTT$ --&gt;&lt;/span&gt;&lt;span class=&quot;shadow-holder&quot; data-embed-type=&quot;deviation&quot; data-embed-id=&quot;769142949&quot; data-embed-format=&quot;thumb&quot;&gt;&lt;span class=&quot;shadow mild&quot; &gt;&lt;a class=&quot;thumb&quot; href=&quot;https://www.deviantart.com/seerlight/art/A-Quiet-Night-769142949&quot; title=&quot;A Quiet Night by SeerLight, Oct 20, 2018 in Digital Art &amp;gt; Drawings &amp;amp; Paintings &amp;gt; Landscapes &amp;amp; Scenery&quot;data-super-img=&quot;https://images-wixmp-ed30a86b8c4ca887773594c2.wixmp.com/intermediary/f/4d94eabf-4257-437f-a08d-5ee63b69705f/dcpxehx-aea75142-bc25-46c7-8db2-27629eaed7b7.jpg/v1/fill/w_730,h_1095,q_70,strp/a_quiet_night_by_seerlight_dcpxehx-pre.jpg&quot; data-super-width=&quot;730&quot; data-super-height=&quot;1095&quot; data-super-transparent=&quot;false&quot; data-super-alt=&quot;A Quiet Night by SeerLight&quot; data-super-full-img=&quot;https://images-wixmp-ed30a86b8c4ca887773594c2.wixmp.com/intermediary/f/4d94eabf-4257-437f-a08d-5ee63b69705f/dcpxehx-aea75142-bc25-46c7-8db2-27629eaed7b7.jpg/v1/fill/w_1024,h_1536,q_70,strp/a_quiet_night_by_seerlight_dcpxehx-fullview.jpg&quot; data-super-full-width=&quot;1024&quot; data-super-full-height=&quot;1536&quot;        data-sigil=&quot;thumb&quot;&gt;
        &lt;i&gt;&lt;/i&gt;&lt;img   width=&quot;100&quot; height=&quot;150&quot; alt=&quot;A Quiet Night by SeerLight&quot; src=&quot;https://images-wixmp-ed30a86b8c4ca887773594c2.wixmp.com/intermediary/f/4d94eabf-4257-437f-a08d-5ee63b69705f/dcpxehx-aea75142-bc25-46c7-8db2-27629eaed7b7.jpg/v1/fit/w_150,h_150,q_70,strp/a_quiet_night_by_seerlight_dcpxehx-150.jpg&quot; data-src=&quot;https://images-wixmp-ed30a86b8c4ca887773594c2.wixmp.com/intermediary/f/4d94eabf-4257-437f-a08d-5ee63b69705f/dcpxehx-aea75142-bc25-46c7-8db2-27629eaed7b7.jpg/v1/fit/w_150,h_150,q_70,strp/a_quiet_night_by_seerlight_dcpxehx-150.jpg&quot; srcset=&quot;https://images-wixmp-ed30a86b8c4ca887773594c2.wixmp.com/intermediary/f/4d94eabf-4257-437f-a08d-5ee63b69705f/dcpxehx-aea75142-bc25-46c7-8db2-27629eaed7b7.jpg/v1/fit/w_150,h_150,q_70,strp/a_quiet_night_by_seerlight_dcpxehx-150.jpg 100w,https://images-wixmp-ed30a86b8c4ca887773594c2.wixmp.com/intermediary/f/4d94eabf-4257-437f-a08d-5ee63b69705f/dcpxehx-aea75142-bc25-46c7-8db2-27629eaed7b7.jpg/v1/crop/w_167,h_250,x_0,y_0,scl_0.0835,q_70,strp/a_quiet_night_by_seerlight_dcpxehx-250t.jpg 167w,https://images-wixmp-ed30a86b8c4ca887773594c2.wixmp.com/intermediary/f/4d94eabf-4257-437f-a08d-5ee63b69705f/dcpxehx-aea75142-bc25-46c7-8db2-27629eaed7b7.jpg/v1/fill/w_233,h_350,q_70,strp/a_quiet_night_by_seerlight_dcpxehx-350t.jpg 233w,https://images-wixmp-ed30a86b8c4ca887773594c2.wixmp.com/intermediary/f/4d94eabf-4257-437f-a08d-5ee63b69705f/dcpxehx-aea75142-bc25-46c7-8db2-27629eaed7b7.jpg/v1/crop/w_267,h_400,x_0,y_0,scl_0.1335,q_70,strp/a_quiet_night_by_seerlight_dcpxehx-400t.jpg 267w,https://images-wixmp-ed30a86b8c4ca887773594c2.wixmp.com/intermediary/f/4d94eabf-4257-437f-a08d-5ee63b69705f/dcpxehx-aea75142-bc25-46c7-8db2-27629eaed7b7.jpg/v1/fill/w_730,h_1095,q_70,strp/a_quiet_night_by_seerlight_dcpxehx-pre.jpg 730w&quot; sizes=&quot;100px&quot;&gt;&lt;/a&gt;&lt;/span&gt;&lt;!-- ^TTT --&gt;&lt;!-- TTT$ --&gt;&lt;/span&gt;&lt;/b&gt;</media:description>            <media:thumbnail url="https://t00.deviantart.net/eC9pyMYI__nEnSqYb36QcnGy-BE=/fit-in/150x150/filters:no_upscale():origin()/pre00/b157/th/pre/i/2019/025/2/9/dragon_sighting_by_seerlight-dcy16wk.jpg" height="150" width="100"/>            <media:thumbnail url="https://t00.deviantart.net/V7IbHDqVA3sxQFkvmOuWwtTJkhQ=/fit-in/300x900/filters:no_upscale():origin()/pre00/b157/th/pre/i/2019/025/2/9/dragon_sighting_by_seerlight-dcy16wk.jpg" height="450" width="300"/>            <media:thumbnail url="https://t00.deviantart.net/Rp7KLGBNx6chIZN0FD6sgxR7iag=/300x200/filters:fixed_height(100,100):origin()/pre00/b157/th/pre/i/2019/025/2/9/dragon_sighting_by_seerlight-dcy16wk.jpg" height="200" width="133"/>            <media:content url="https://pre00.deviantart.net/b157/th/pre/i/2019/025/2/9/dragon_sighting_by_seerlight-dcy16wk.jpg" height="1095" width="730" medium="image"/>            
            <description>&lt;span&gt;Social Media Links:&amp;nbsp;&lt;/span&gt;&lt;a class=&quot;external&quot; href=&quot;https://www.deviantart.com/users/outgoing?https://www.instagram.com/seerlight/&quot;&gt;INSTAGRAM&amp;nbsp;&lt;/a&gt;&lt;img src=&quot;https://e.deviantart.net/emoticons/b/bulletorange.gif&quot; alt=&quot;Bullet; Orange&quot; style=&quot;width: 10px; height: 10px;&quot; data-embed-type=&quot;emoticon&quot; data-embed-id=&quot;567&quot;&gt;&lt;a class=&quot;external&quot; href=&quot;https://www.deviantart.com/users/outgoing?https://www.facebook.com/seerlight/&quot;&gt;FACEBOOK&lt;/a&gt;&lt;img src=&quot;https://e.deviantart.net/emoticons/b/bulletblue.gif&quot; alt=&quot;Bullet; Blue&quot; style=&quot;width: 10px; height: 10px;&quot; data-embed-type=&quot;emoticon&quot; data-embed-id=&quot;211&quot;&gt;&lt;a class=&quot;external&quot; href=&quot;https://www.deviantart.com/users/outgoing?https://twitter.com/SeerStuff&quot;&gt;TWITTER&lt;/a&gt;&lt;img src=&quot;https://e.deviantart.net/emoticons/b/bulletorange.gif&quot; alt=&quot;Bullet; Orange&quot; style=&quot;width: 10px; height: 10px;&quot; data-embed-type=&quot;emoticon&quot; data-embed-id=&quot;567&quot;&gt;&lt;a class=&quot;external&quot; href=&quot;https://www.deviantart.com/users/outgoing?https://www.artstation.com/seer&quot;&gt;ARTSTATION&lt;/a&gt;&lt;b&gt;&lt;img src=&quot;https://e.deviantart.net/emoticons/b/bulletblue.gif&quot; alt=&quot;Bullet; Blue&quot; style=&quot;width: 10px; height: 10px;&quot; data-embed-type=&quot;emoticon&quot; data-embed-id=&quot;211&quot;&gt;&lt;/b&gt;&lt;a class=&quot;external&quot; href=&quot;https://www.deviantart.com/users/outgoing?https://www.youtube.com/channel/UCWPoFKsUrn5iCnHB1B9GeaA&quot;&gt;YOUTUBE&lt;/a&gt;&lt;b&gt;&lt;img src=&quot;https://e.deviantart.net/emoticons/b/bulletorange.gif&quot; alt=&quot;Bullet; Orange&quot; style=&quot;width: 10px; height: 10px;&quot; data-embed-type=&quot;emoticon&quot; data-embed-id=&quot;567&quot;&gt;&lt;/b&gt;&lt;a class=&quot;external&quot; href=&quot;https://www.deviantart.com/users/outgoing?https://www.redbubble.com/people/SeerStuff/shop&quot;&gt;REDBUBBLE&lt;/a&gt;&lt;img src=&quot;https://e.deviantart.net/emoticons/b/bulletblue.gif&quot; alt=&quot;Bullet; Blue&quot; style=&quot;width: 10px; height: 10px;&quot; data-embed-type=&quot;emoticon&quot; data-embed-id=&quot;211&quot;&gt;&lt;a class=&quot;external&quot; href=&quot;https://www.deviantart.com/users/outgoing?https://seerlight.wixsite.com/commission&quot;&gt;COMMISSIONS&lt;/a&gt;&lt;br /&gt;&lt;br /&gt;I wanted to try something different and did a scenery with lineart! If you get ghibli vibes from this, its because it was very ghibli inspired. XD&lt;br /&gt;&lt;br /&gt;&lt;b&gt;More from me ~&lt;br /&gt;&lt;span class=&quot;shadow-holder&quot; data-embed-type=&quot;deviation&quot; data-embed-id=&quot;781625001&quot; data-embed-format=&quot;thumb&quot;&gt;&lt;span class=&quot;shadow mild&quot; &gt;&lt;a class=&quot;thumb&quot; href=&quot;https://www.deviantart.com/seerlight/art/Bathhouse-781625001&quot; title=&quot;Bathhouse by SeerLight, Jan 19, 2019 in Fan Art &amp;gt; Manga &amp;amp; Anime &amp;gt; Digital &amp;gt; Movies &amp;amp; TV&quot;data-super-img=&quot;https://images-wixmp-ed30a86b8c4ca887773594c2.wixmp.com/intermediary/f/4d94eabf-4257-437f-a08d-5ee63b69705f/dcxcxpl-02585a96-19af-4aaf-89b5-b88724a8da6d.jpg/v1/fill/w_755,h_1058,q_70,strp/bathhouse_by_seerlight_dcxcxpl-pre.jpg&quot; data-super-width=&quot;755&quot; data-super-height=&quot;1058&quot; data-super-transparent=&quot;false&quot; data-super-alt=&quot;Bathhouse by SeerLight&quot; data-super-full-img=&quot;https://images-wixmp-ed30a86b8c4ca887773594c2.wixmp.com/intermediary/f/4d94eabf-4257-437f-a08d-5ee63b69705f/dcxcxpl-02585a96-19af-4aaf-89b5-b88724a8da6d.jpg/v1/fill/w_1280,h_1793,q_70,strp/bathhouse_by_seerlight_dcxcxpl-fullview.jpg&quot; data-super-full-width=&quot;1280&quot; data-super-full-height=&quot;1793&quot;        data-sigil=&quot;thumb&quot;&gt;
        &lt;i&gt;&lt;/i&gt;&lt;img   width=&quot;107&quot; height=&quot;150&quot; alt=&quot;Bathhouse by SeerLight&quot; src=&quot;https://images-wixmp-ed30a86b8c4ca887773594c2.wixmp.com/intermediary/f/4d94eabf-4257-437f-a08d-5ee63b69705f/dcxcxpl-02585a96-19af-4aaf-89b5-b88724a8da6d.jpg/v1/fit/w_150,h_150,q_70,strp/bathhouse_by_seerlight_dcxcxpl-150.jpg&quot; data-src=&quot;https://images-wixmp-ed30a86b8c4ca887773594c2.wixmp.com/intermediary/f/4d94eabf-4257-437f-a08d-5ee63b69705f/dcxcxpl-02585a96-19af-4aaf-89b5-b88724a8da6d.jpg/v1/fit/w_150,h_150,q_70,strp/bathhouse_by_seerlight_dcxcxpl-150.jpg&quot; srcset=&quot;https://images-wixmp-ed30a86b8c4ca887773594c2.wixmp.com/intermediary/f/4d94eabf-4257-437f-a08d-5ee63b69705f/dcxcxpl-02585a96-19af-4aaf-89b5-b88724a8da6d.jpg/v1/fit/w_150,h_150,q_70,strp/bathhouse_by_seerlight_dcxcxpl-150.jpg 107w,https://images-wixmp-ed30a86b8c4ca887773594c2.wixmp.com/intermediary/f/4d94eabf-4257-437f-a08d-5ee63b69705f/dcxcxpl-02585a96-19af-4aaf-89b5-b88724a8da6d.jpg/v1/crop/w_179,h_250,x_0,y_0,scl_0.086473429951691,q_70,strp/bathhouse_by_seerlight_dcxcxpl-250t.jpg 178w,https://images-wixmp-ed30a86b8c4ca887773594c2.wixmp.com/intermediary/f/4d94eabf-4257-437f-a08d-5ee63b69705f/dcxcxpl-02585a96-19af-4aaf-89b5-b88724a8da6d.jpg/v1/fill/w_250,h_350,q_70,strp/bathhouse_by_seerlight_dcxcxpl-350t.jpg 250w,https://images-wixmp-ed30a86b8c4ca887773594c2.wixmp.com/intermediary/f/4d94eabf-4257-437f-a08d-5ee63b69705f/dcxcxpl-02585a96-19af-4aaf-89b5-b88724a8da6d.jpg/v1/fill/w_286,h_400,q_70,strp/bathhouse_by_seerlight_dcxcxpl-400t.jpg 286w,https://images-wixmp-ed30a86b8c4ca887773594c2.wixmp.com/intermediary/f/4d94eabf-4257-437f-a08d-5ee63b69705f/dcxcxpl-02585a96-19af-4aaf-89b5-b88724a8da6d.jpg/v1/fill/w_755,h_1058,q_70,strp/bathhouse_by_seerlight_dcxcxpl-pre.jpg 755w&quot; sizes=&quot;107px&quot;&gt;&lt;/a&gt;&lt;/span&gt;&lt;!-- ^TTT --&gt;&lt;!-- TTT$ --&gt;&lt;/span&gt;&lt;span class=&quot;shadow-holder&quot; data-embed-type=&quot;deviation&quot; data-embed-id=&quot;743542427&quot; data-embed-format=&quot;thumb&quot;&gt;&lt;span class=&quot;shadow mild&quot; &gt;&lt;a class=&quot;thumb&quot; href=&quot;https://www.deviantart.com/seerlight/art/Let-s-Go-Home-743542427&quot; title=&quot;Let&amp;#039;s Go Home by SeerLight, May 5, 2018 in Customization &amp;gt; Wallpaper &amp;gt; Landscapes &amp;amp; Scenery &amp;gt; Cities &amp;amp; Structures&quot;data-super-img=&quot;https://images-wixmp-ed30a86b8c4ca887773594c2.wixmp.com/intermediary/f/4d94eabf-4257-437f-a08d-5ee63b69705f/dcaop0b-0cd79070-ab2b-45d9-b2fc-55fa3463837a.jpg/v1/fill/w_1264,h_632,q_70,strp/let_s_go_home_by_seerlight_dcaop0b-pre.jpg&quot; data-super-width=&quot;1264&quot; data-super-height=&quot;632&quot; data-super-transparent=&quot;false&quot; data-super-alt=&quot;Let&amp;#039;s Go Home by SeerLight&quot; data-super-full-img=&quot;https://images-wixmp-ed30a86b8c4ca887773594c2.wixmp.com/intermediary/f/4d94eabf-4257-437f-a08d-5ee63b69705f/dcaop0b-0cd79070-ab2b-45d9-b2fc-55fa3463837a.jpg&quot; data-super-full-width=&quot;3464&quot; data-super-full-height=&quot;1732&quot;        data-sigil=&quot;thumb&quot;&gt;
        &lt;i&gt;&lt;/i&gt;&lt;img   width=&quot;150&quot; height=&quot;75&quot; alt=&quot;Let&amp;#039;s Go Home by SeerLight&quot; src=&quot;https://images-wixmp-ed30a86b8c4ca887773594c2.wixmp.com/intermediary/f/4d94eabf-4257-437f-a08d-5ee63b69705f/dcaop0b-0cd79070-ab2b-45d9-b2fc-55fa3463837a.jpg/v1/fit/w_150,h_150,q_70,strp/let_s_go_home_by_seerlight_dcaop0b-150.jpg&quot; data-src=&quot;https://images-wixmp-ed30a86b8c4ca887773594c2.wixmp.com/intermediary/f/4d94eabf-4257-437f-a08d-5ee63b69705f/dcaop0b-0cd79070-ab2b-45d9-b2fc-55fa3463837a.jpg/v1/fit/w_150,h_150,q_70,strp/let_s_go_home_by_seerlight_dcaop0b-150.jpg&quot; srcset=&quot;https://images-wixmp-ed30a86b8c4ca887773594c2.wixmp.com/intermediary/f/4d94eabf-4257-437f-a08d-5ee63b69705f/dcaop0b-0cd79070-ab2b-45d9-b2fc-55fa3463837a.jpg/v1/fit/w_150,h_150,q_70,strp/let_s_go_home_by_seerlight_dcaop0b-150.jpg 150w,https://images-wixmp-ed30a86b8c4ca887773594c2.wixmp.com/intermediary/f/4d94eabf-4257-437f-a08d-5ee63b69705f/dcaop0b-0cd79070-ab2b-45d9-b2fc-55fa3463837a.jpg/v1/fill/w_500,h_250,q_70,strp/let_s_go_home_by_seerlight_dcaop0b-250t.jpg 500w,https://images-wixmp-ed30a86b8c4ca887773594c2.wixmp.com/intermediary/f/4d94eabf-4257-437f-a08d-5ee63b69705f/dcaop0b-0cd79070-ab2b-45d9-b2fc-55fa3463837a.jpg/v1/fill/w_700,h_350,q_70,strp/let_s_go_home_by_seerlight_dcaop0b-350t.jpg 700w,https://images-wixmp-ed30a86b8c4ca887773594c2.wixmp.com/intermediary/f/4d94eabf-4257-437f-a08d-5ee63b69705f/dcaop0b-0cd79070-ab2b-45d9-b2fc-55fa3463837a.jpg/v1/fill/w_800,h_400,q_70,strp/let_s_go_home_by_seerlight_dcaop0b-400t.jpg 800w,https://images-wixmp-ed30a86b8c4ca887773594c2.wixmp.com/intermediary/f/4d94eabf-4257-437f-a08d-5ee63b69705f/dcaop0b-0cd79070-ab2b-45d9-b2fc-55fa3463837a.jpg/v1/fill/w_1264,h_632,q_70,strp/let_s_go_home_by_seerlight_dcaop0b-pre.jpg 1264w&quot; sizes=&quot;150px&quot;&gt;&lt;/a&gt;&lt;/span&gt;&lt;!-- ^TTT --&gt;&lt;!-- TTT$ --&gt;&lt;/span&gt;&lt;span class=&quot;shadow-holder&quot; data-embed-type=&quot;deviation&quot; data-embed-id=&quot;751712625&quot; data-embed-format=&quot;thumb&quot;&gt;&lt;span class=&quot;shadow mild&quot; &gt;&lt;a class=&quot;thumb&quot; href=&quot;https://www.deviantart.com/seerlight/art/I-m-Home-751712625&quot; title=&quot;I&amp;#039;m Home by SeerLight, Jun 29, 2018 in Digital Art &amp;gt; Drawings &amp;amp; Paintings &amp;gt; Landscapes &amp;amp; Scenery&quot;data-super-img=&quot;https://images-wixmp-ed30a86b8c4ca887773594c2.wixmp.com/intermediary/f/4d94eabf-4257-437f-a08d-5ee63b69705f/dcfjt69-53ad844d-7880-4cef-a5ce-c3c314812e47.jpg/v1/fill/w_774,h_1032,q_70,strp/i_m_home_by_seerlight_dcfjt69-pre.jpg&quot; data-super-width=&quot;774&quot; data-super-height=&quot;1033&quot; data-super-transparent=&quot;false&quot; data-super-alt=&quot;I&amp;#039;m Home by SeerLight&quot; data-super-full-img=&quot;https://images-wixmp-ed30a86b8c4ca887773594c2.wixmp.com/intermediary/f/4d94eabf-4257-437f-a08d-5ee63b69705f/dcfjt69-53ad844d-7880-4cef-a5ce-c3c314812e47.jpg/v1/fill/w_1024,h_1366,q_70,strp/i_m_home_by_seerlight_dcfjt69-fullview.jpg&quot; data-super-full-width=&quot;1024&quot; data-super-full-height=&quot;1366&quot;        data-sigil=&quot;thumb&quot;&gt;
        &lt;i&gt;&lt;/i&gt;&lt;img   width=&quot;112&quot; height=&quot;150&quot; alt=&quot;I&amp;#039;m Home by SeerLight&quot; src=&quot;https://images-wixmp-ed30a86b8c4ca887773594c2.wixmp.com/intermediary/f/4d94eabf-4257-437f-a08d-5ee63b69705f/dcfjt69-53ad844d-7880-4cef-a5ce-c3c314812e47.jpg/v1/fit/w_150,h_150,q_70,strp/i_m_home_by_seerlight_dcfjt69-150.jpg&quot; data-src=&quot;https://images-wixmp-ed30a86b8c4ca887773594c2.wixmp.com/intermediary/f/4d94eabf-4257-437f-a08d-5ee63b69705f/dcfjt69-53ad844d-7880-4cef-a5ce-c3c314812e47.jpg/v1/fit/w_150,h_150,q_70,strp/i_m_home_by_seerlight_dcfjt69-150.jpg&quot; srcset=&quot;https://images-wixmp-ed30a86b8c4ca887773594c2.wixmp.com/intermediary/f/4d94eabf-4257-437f-a08d-5ee63b69705f/dcfjt69-53ad844d-7880-4cef-a5ce-c3c314812e47.jpg/v1/fit/w_150,h_150,q_70,strp/i_m_home_by_seerlight_dcfjt69-150.jpg 112w,https://images-wixmp-ed30a86b8c4ca887773594c2.wixmp.com/intermediary/f/4d94eabf-4257-437f-a08d-5ee63b69705f/dcfjt69-53ad844d-7880-4cef-a5ce-c3c314812e47.jpg/v1/crop/w_188,h_250,x_0,y_0,scl_0.088637435172089,q_70,strp/i_m_home_by_seerlight_dcfjt69-250t.jpg 187w,https://images-wixmp-ed30a86b8c4ca887773594c2.wixmp.com/intermediary/f/4d94eabf-4257-437f-a08d-5ee63b69705f/dcfjt69-53ad844d-7880-4cef-a5ce-c3c314812e47.jpg/v1/crop/w_263,h_350,x_0,y_0,scl_0.12399811409712,q_70,strp/i_m_home_by_seerlight_dcfjt69-350t.jpg 262w,https://images-wixmp-ed30a86b8c4ca887773594c2.wixmp.com/intermediary/f/4d94eabf-4257-437f-a08d-5ee63b69705f/dcfjt69-53ad844d-7880-4cef-a5ce-c3c314812e47.jpg/v1/fill/w_300,h_400,q_70,strp/i_m_home_by_seerlight_dcfjt69-400t.jpg 300w,https://images-wixmp-ed30a86b8c4ca887773594c2.wixmp.com/intermediary/f/4d94eabf-4257-437f-a08d-5ee63b69705f/dcfjt69-53ad844d-7880-4cef-a5ce-c3c314812e47.jpg/v1/fill/w_774,h_1032,q_70,strp/i_m_home_by_seerlight_dcfjt69-pre.jpg 774w&quot; sizes=&quot;112px&quot;&gt;&lt;/a&gt;&lt;/span&gt;&lt;!-- ^TTT --&gt;&lt;!-- TTT$ --&gt;&lt;/span&gt;&lt;span class=&quot;shadow-holder&quot; data-embed-type=&quot;deviation&quot; data-embed-id=&quot;760212877&quot; data-embed-format=&quot;thumb&quot;&gt;&lt;span class=&quot;shadow mild&quot; &gt;&lt;a class=&quot;thumb&quot; href=&quot;https://www.deviantart.com/seerlight/art/Angel-of-the-Junkyard-760212877&quot; title=&quot;Angel of the Junkyard by SeerLight, Aug 24, 2018 in Customization &amp;gt; Wallpaper &amp;gt; Landscapes &amp;amp; Scenery &amp;gt; Cities &amp;amp; Structures&quot;data-super-img=&quot;https://images-wixmp-ed30a86b8c4ca887773594c2.wixmp.com/intermediary/f/4d94eabf-4257-437f-a08d-5ee63b69705f/dckm00d-3f5462c2-3a6e-4c0b-ad51-ab84b5f40f58.jpg/v1/fill/w_1024,h_512,q_70,strp/angel_of_the_junkyard_by_seerlight_dckm00d-fullview.jpg&quot; data-super-width=&quot;1024&quot; data-super-height=&quot;512&quot; data-super-transparent=&quot;false&quot; data-super-alt=&quot;Angel of the Junkyard by SeerLight&quot; data-super-full-img=&quot;https://images-wixmp-ed30a86b8c4ca887773594c2.wixmp.com/intermediary/f/4d94eabf-4257-437f-a08d-5ee63b69705f/dckm00d-3f5462c2-3a6e-4c0b-ad51-ab84b5f40f58.jpg/v1/fill/w_1024,h_512,q_70,strp/angel_of_the_junkyard_by_seerlight_dckm00d-fullview.jpg&quot; data-super-full-width=&quot;1024&quot; data-super-full-height=&quot;512&quot;        data-sigil=&quot;thumb&quot;&gt;
        &lt;i&gt;&lt;/i&gt;&lt;img   width=&quot;150&quot; height=&quot;75&quot; alt=&quot;Angel of the Junkyard by SeerLight&quot; src=&quot;https://images-wixmp-ed30a86b8c4ca887773594c2.wixmp.com/intermediary/f/4d94eabf-4257-437f-a08d-5ee63b69705f/dckm00d-3f5462c2-3a6e-4c0b-ad51-ab84b5f40f58.jpg/v1/fit/w_150,h_150,q_70,strp/angel_of_the_junkyard_by_seerlight_dckm00d-150.jpg&quot; data-src=&quot;https://images-wixmp-ed30a86b8c4ca887773594c2.wixmp.com/intermediary/f/4d94eabf-4257-437f-a08d-5ee63b69705f/dckm00d-3f5462c2-3a6e-4c0b-ad51-ab84b5f40f58.jpg/v1/fit/w_150,h_150,q_70,strp/angel_of_the_junkyard_by_seerlight_dckm00d-150.jpg&quot; srcset=&quot;https://images-wixmp-ed30a86b8c4ca887773594c2.wixmp.com/intermediary/f/4d94eabf-4257-437f-a08d-5ee63b69705f/dckm00d-3f5462c2-3a6e-4c0b-ad51-ab84b5f40f58.jpg/v1/fit/w_150,h_150,q_70,strp/angel_of_the_junkyard_by_seerlight_dckm00d-150.jpg 150w,https://images-wixmp-ed30a86b8c4ca887773594c2.wixmp.com/intermediary/f/4d94eabf-4257-437f-a08d-5ee63b69705f/dckm00d-3f5462c2-3a6e-4c0b-ad51-ab84b5f40f58.jpg/v1/fill/w_500,h_250,q_70,strp/angel_of_the_junkyard_by_seerlight_dckm00d-250t.jpg 500w,https://images-wixmp-ed30a86b8c4ca887773594c2.wixmp.com/intermediary/f/4d94eabf-4257-437f-a08d-5ee63b69705f/dckm00d-3f5462c2-3a6e-4c0b-ad51-ab84b5f40f58.jpg/v1/fill/w_700,h_350,q_70,strp/angel_of_the_junkyard_by_seerlight_dckm00d-350t.jpg 700w,https://images-wixmp-ed30a86b8c4ca887773594c2.wixmp.com/intermediary/f/4d94eabf-4257-437f-a08d-5ee63b69705f/dckm00d-3f5462c2-3a6e-4c0b-ad51-ab84b5f40f58.jpg/v1/fill/w_800,h_400,q_70,strp/angel_of_the_junkyard_by_seerlight_dckm00d-400t.jpg 800w,https://images-wixmp-ed30a86b8c4ca887773594c2.wixmp.com/intermediary/f/4d94eabf-4257-437f-a08d-5ee63b69705f/dckm00d-3f5462c2-3a6e-4c0b-ad51-ab84b5f40f58.jpg/v1/fill/w_1024,h_512,q_70,strp/angel_of_the_junkyard_by_seerlight_dckm00d-fullview.jpg 1024w&quot; sizes=&quot;150px&quot;&gt;&lt;/a&gt;&lt;/span&gt;&lt;!-- ^TTT --&gt;&lt;!-- TTT$ --&gt;&lt;/span&gt;&lt;span class=&quot;shadow-holder&quot; data-embed-type=&quot;deviation&quot; data-embed-id=&quot;772112342&quot; data-embed-format=&quot;thumb&quot;&gt;&lt;span class=&quot;shadow mild&quot; &gt;&lt;a class=&quot;thumb&quot; href=&quot;https://www.deviantart.com/seerlight/art/A-Rainy-Night-772112342&quot; title=&quot;A Rainy Night by SeerLight, Nov 16, 2018 in Customization &amp;gt; Wallpaper &amp;gt; Landscapes &amp;amp; Scenery &amp;gt; Cities &amp;amp; Structures&quot;data-super-img=&quot;https://images-wixmp-ed30a86b8c4ca887773594c2.wixmp.com/intermediary/f/4d94eabf-4257-437f-a08d-5ee63b69705f/dcrp1p2-ed7c2f84-24e2-4a10-ab43-f3821618bf77.jpg/v1/fill/w_1024,h_512,q_70,strp/a_rainy_night_by_seerlight_dcrp1p2-fullview.jpg&quot; data-super-width=&quot;1024&quot; data-super-height=&quot;512&quot; data-super-transparent=&quot;false&quot; data-super-alt=&quot;A Rainy Night by SeerLight&quot; data-super-full-img=&quot;https://images-wixmp-ed30a86b8c4ca887773594c2.wixmp.com/intermediary/f/4d94eabf-4257-437f-a08d-5ee63b69705f/dcrp1p2-ed7c2f84-24e2-4a10-ab43-f3821618bf77.jpg/v1/fill/w_1024,h_512,q_70,strp/a_rainy_night_by_seerlight_dcrp1p2-fullview.jpg&quot; data-super-full-width=&quot;1024&quot; data-super-full-height=&quot;512&quot;        data-sigil=&quot;thumb&quot;&gt;
        &lt;i&gt;&lt;/i&gt;&lt;img   width=&quot;150&quot; height=&quot;75&quot; alt=&quot;A Rainy Night by SeerLight&quot; src=&quot;https://images-wixmp-ed30a86b8c4ca887773594c2.wixmp.com/intermediary/f/4d94eabf-4257-437f-a08d-5ee63b69705f/dcrp1p2-ed7c2f84-24e2-4a10-ab43-f3821618bf77.jpg/v1/fit/w_150,h_150,q_70,strp/a_rainy_night_by_seerlight_dcrp1p2-150.jpg&quot; data-src=&quot;https://images-wixmp-ed30a86b8c4ca887773594c2.wixmp.com/intermediary/f/4d94eabf-4257-437f-a08d-5ee63b69705f/dcrp1p2-ed7c2f84-24e2-4a10-ab43-f3821618bf77.jpg/v1/fit/w_150,h_150,q_70,strp/a_rainy_night_by_seerlight_dcrp1p2-150.jpg&quot; srcset=&quot;https://images-wixmp-ed30a86b8c4ca887773594c2.wixmp.com/intermediary/f/4d94eabf-4257-437f-a08d-5ee63b69705f/dcrp1p2-ed7c2f84-24e2-4a10-ab43-f3821618bf77.jpg/v1/fit/w_150,h_150,q_70,strp/a_rainy_night_by_seerlight_dcrp1p2-150.jpg 150w,https://images-wixmp-ed30a86b8c4ca887773594c2.wixmp.com/intermediary/f/4d94eabf-4257-437f-a08d-5ee63b69705f/dcrp1p2-ed7c2f84-24e2-4a10-ab43-f3821618bf77.jpg/v1/fill/w_500,h_250,q_70,strp/a_rainy_night_by_seerlight_dcrp1p2-250t.jpg 500w,https://images-wixmp-ed30a86b8c4ca887773594c2.wixmp.com/intermediary/f/4d94eabf-4257-437f-a08d-5ee63b69705f/dcrp1p2-ed7c2f84-24e2-4a10-ab43-f3821618bf77.jpg/v1/fill/w_700,h_350,q_70,strp/a_rainy_night_by_seerlight_dcrp1p2-350t.jpg 700w,https://images-wixmp-ed30a86b8c4ca887773594c2.wixmp.com/intermediary/f/4d94eabf-4257-437f-a08d-5ee63b69705f/dcrp1p2-ed7c2f84-24e2-4a10-ab43-f3821618bf77.jpg/v1/fill/w_800,h_400,q_70,strp/a_rainy_night_by_seerlight_dcrp1p2-400t.jpg 800w,https://images-wixmp-ed30a86b8c4ca887773594c2.wixmp.com/intermediary/f/4d94eabf-4257-437f-a08d-5ee63b69705f/dcrp1p2-ed7c2f84-24e2-4a10-ab43-f3821618bf77.jpg/v1/fill/w_1024,h_512,q_70,strp/a_rainy_night_by_seerlight_dcrp1p2-fullview.jpg 1024w&quot; sizes=&quot;150px&quot;&gt;&lt;/a&gt;&lt;/span&gt;&lt;!-- ^TTT --&gt;&lt;!-- TTT$ --&gt;&lt;/span&gt;&lt;span class=&quot;shadow-holder&quot; data-embed-type=&quot;deviation&quot; data-embed-id=&quot;769142949&quot; data-embed-format=&quot;thumb&quot;&gt;&lt;span class=&quot;shadow mild&quot; &gt;&lt;a class=&quot;thumb&quot; href=&quot;https://www.deviantart.com/seerlight/art/A-Quiet-Night-769142949&quot; title=&quot;A Quiet Night by SeerLight, Oct 20, 2018 in Digital Art &amp;gt; Drawings &amp;amp; Paintings &amp;gt; Landscapes &amp;amp; Scenery&quot;data-super-img=&quot;https://images-wixmp-ed30a86b8c4ca887773594c2.wixmp.com/intermediary/f/4d94eabf-4257-437f-a08d-5ee63b69705f/dcpxehx-aea75142-bc25-46c7-8db2-27629eaed7b7.jpg/v1/fill/w_730,h_1095,q_70,strp/a_quiet_night_by_seerlight_dcpxehx-pre.jpg&quot; data-super-width=&quot;730&quot; data-super-height=&quot;1095&quot; data-super-transparent=&quot;false&quot; data-super-alt=&quot;A Quiet Night by SeerLight&quot; data-super-full-img=&quot;https://images-wixmp-ed30a86b8c4ca887773594c2.wixmp.com/intermediary/f/4d94eabf-4257-437f-a08d-5ee63b69705f/dcpxehx-aea75142-bc25-46c7-8db2-27629eaed7b7.jpg/v1/fill/w_1024,h_1536,q_70,strp/a_quiet_night_by_seerlight_dcpxehx-fullview.jpg&quot; data-super-full-width=&quot;1024&quot; data-super-full-height=&quot;1536&quot;        data-sigil=&quot;thumb&quot;&gt;
        &lt;i&gt;&lt;/i&gt;&lt;img   width=&quot;100&quot; height=&quot;150&quot; alt=&quot;A Quiet Night by SeerLight&quot; src=&quot;https://images-wixmp-ed30a86b8c4ca887773594c2.wixmp.com/intermediary/f/4d94eabf-4257-437f-a08d-5ee63b69705f/dcpxehx-aea75142-bc25-46c7-8db2-27629eaed7b7.jpg/v1/fit/w_150,h_150,q_70,strp/a_quiet_night_by_seerlight_dcpxehx-150.jpg&quot; data-src=&quot;https://images-wixmp-ed30a86b8c4ca887773594c2.wixmp.com/intermediary/f/4d94eabf-4257-437f-a08d-5ee63b69705f/dcpxehx-aea75142-bc25-46c7-8db2-27629eaed7b7.jpg/v1/fit/w_150,h_150,q_70,strp/a_quiet_night_by_seerlight_dcpxehx-150.jpg&quot; srcset=&quot;https://images-wixmp-ed30a86b8c4ca887773594c2.wixmp.com/intermediary/f/4d94eabf-4257-437f-a08d-5ee63b69705f/dcpxehx-aea75142-bc25-46c7-8db2-27629eaed7b7.jpg/v1/fit/w_150,h_150,q_70,strp/a_quiet_night_by_seerlight_dcpxehx-150.jpg 100w,https://images-wixmp-ed30a86b8c4ca887773594c2.wixmp.com/intermediary/f/4d94eabf-4257-437f-a08d-5ee63b69705f/dcpxehx-aea75142-bc25-46c7-8db2-27629eaed7b7.jpg/v1/crop/w_167,h_250,x_0,y_0,scl_0.0835,q_70,strp/a_quiet_night_by_seerlight_dcpxehx-250t.jpg 167w,https://images-wixmp-ed30a86b8c4ca887773594c2.wixmp.com/intermediary/f/4d94eabf-4257-437f-a08d-5ee63b69705f/dcpxehx-aea75142-bc25-46c7-8db2-27629eaed7b7.jpg/v1/fill/w_233,h_350,q_70,strp/a_quiet_night_by_seerlight_dcpxehx-350t.jpg 233w,https://images-wixmp-ed30a86b8c4ca887773594c2.wixmp.com/intermediary/f/4d94eabf-4257-437f-a08d-5ee63b69705f/dcpxehx-aea75142-bc25-46c7-8db2-27629eaed7b7.jpg/v1/crop/w_267,h_400,x_0,y_0,scl_0.1335,q_70,strp/a_quiet_night_by_seerlight_dcpxehx-400t.jpg 267w,https://images-wixmp-ed30a86b8c4ca887773594c2.wixmp.com/intermediary/f/4d94eabf-4257-437f-a08d-5ee63b69705f/dcpxehx-aea75142-bc25-46c7-8db2-27629eaed7b7.jpg/v1/fill/w_730,h_1095,q_70,strp/a_quiet_night_by_seerlight_dcpxehx-pre.jpg 730w&quot; sizes=&quot;100px&quot;&gt;&lt;/a&gt;&lt;/span&gt;&lt;!-- ^TTT --&gt;&lt;!-- TTT$ --&gt;&lt;/span&gt;&lt;/b&gt;&lt;br /&gt;&lt;div&gt;&lt;img src=&quot;https://t00.deviantart.net/Rp7KLGBNx6chIZN0FD6sgxR7iag=/300x200/filters:fixed_height(100,100):origin()/pre00/b157/th/pre/i/2019/025/2/9/dragon_sighting_by_seerlight-dcy16wk.jpg&quot; alt=&quot;thumbnail&quot; /&gt;&lt;/div&gt;</description>            </item>
                    <item>
                <title>Gilded Eeveelutions Series: Sylveon</title>
                <link>https://virize.deviantart.com/art/Gilded-Eeveelutions-Series-Sylveon-782510963</link>
                <guid isPermaLink="true">https://virize.deviantart.com/art/Gilded-Eeveelutions-Series-Sylveon-782510963</guid>
                <pubDate>Sat, 26 Jan 2019 12:28:51 PST</pubDate>
                        <media:title type="plain">Gilded Eeveelutions Series: Sylveon</media:title>
        <media:keywords></media:keywords>
                        <media:rating>nonadult</media:rating>
                <media:category label="Games">fanart/traditional/drawings/games</media:category>
        <media:credit role="author" scheme="urn:ebu">Virize</media:credit>
        <media:credit role="author" scheme="urn:ebu">https://a.deviantart.net/avatars/v/i/virize.png?4</media:credit>
        <media:copyright url="https://virize.deviantart.com">Copyright 2019 Virize</media:copyright>            <media:description type="html">&lt;p&gt;&lt;a href=&quot;https://www.deviantart.com/virize/gallery/68205983/Gilded-Eeveelution-Series&quot;&gt;&lt;b&gt;Gilded Eeveelutions Series:&lt;/b&gt;&lt;/a&gt; A collection of works that features the harmony of black and gold!&lt;br /&gt;&lt;br/&gt;&lt;br /&gt;&lt;span&gt;My second favourite Eeveelution, but definitely the cutest (*&amp;#180; &amp;#969; `)&lt;br /&gt;&lt;br /&gt;&lt;/span&gt;The last piece of this series! I had a lot of fun with this, especially getting to try the Pilot Super Color Gold Pen for the first time for that delicious metallic shine. It&#039;s pretty difficult to work with, but you can&#039;t deny that it&#039;s probably one of the best metallic pens I&#039;ve used in a while! I&#039;ll have to try some other gold markers for comparison purposes sometime though c:&lt;br /&gt;&lt;br /&gt;&lt;b&gt;Prints of this are available on my &lt;a class=&quot;external&quot; href=&quot;https://www.deviantart.com/users/outgoing?https://www.etsy.com/ca/shop/Virize&quot;&gt;Etsy!&lt;/a&gt;&lt;/b&gt;&lt;/p&gt;&lt;small&gt;&lt;br /&gt;Strathmore 400 Series Smooth Bristol&lt;br /&gt;Pigma Micron Pen&lt;br /&gt;Shinhan Touch Twin Brush Markers&lt;br /&gt;Pilot Super Color Gold Pen&lt;br /&gt;White Gel Pen&lt;br /&gt;&lt;br /&gt;&lt;i&gt;Originally posted on May 11th, 2016&lt;/i&gt;&lt;/small&gt;&lt;br /&gt;&lt;br /&gt;&lt;hr/&gt;&lt;br /&gt;&lt;b&gt;&amp;#8902;&amp;nbsp;&lt;a class=&quot;external&quot; href=&quot;https://www.deviantart.com/users/outgoing?https://www.etsy.com/ca/shop/Virize&quot;&gt;etsy&lt;/a&gt;&amp;nbsp;&amp;#8902;&amp;nbsp;&lt;a class=&quot;external&quot; href=&quot;https://www.deviantart.com/users/outgoing?https://www.instagram.com/virizeze/&quot;&gt;instagram&lt;/a&gt;&amp;nbsp;&amp;#8902;&amp;nbsp;&lt;a class=&quot;external&quot; href=&quot;https://www.deviantart.com/users/outgoing?http://virize.tumblr.com/&quot;&gt;tumblr&lt;/a&gt;&amp;nbsp;&amp;#8902;&amp;nbsp;&lt;a class=&quot;external&quot; href=&quot;https://www.deviantart.com/users/outgoing?https://twitter.com/virizeze&quot;&gt;twitter&lt;/a&gt;&amp;nbsp;&amp;#8902;&lt;/b&gt;&lt;br /&gt;&lt;small&gt;&lt;br /&gt;&lt;b&gt;All rights reserved. Do not repost, redistribute, claim, copy, or edit my work in any way.&lt;br /&gt;All work is subject to copyright and cannot be used, modified, or reproduced without written consent.&lt;/b&gt;&lt;br /&gt;&lt;br /&gt;Sylveon is &amp;#169; Game Freak&lt;/small&gt;</media:description>            <media:thumbnail url="https://t00.deviantart.net/WX5A71GozQsvG1d2DuKZgo8p1hc=/fit-in/150x150/filters:no_upscale():origin()/pre00/7af6/th/pre/f/2019/023/9/1/gildedeeveelutions_sylveon_600px__by_virize-dcxvxbn.png" height="150" width="118"/>            <media:thumbnail url="https://t00.deviantart.net/DrQE2mDtWHDtu0WM3mJgAiBJ5OM=/fit-in/300x900/filters:no_upscale():origin()/pre00/7af6/th/pre/f/2019/023/9/1/gildedeeveelutions_sylveon_600px__by_virize-dcxvxbn.png" height="382" width="300"/>            <media:thumbnail url="https://t00.deviantart.net/JjBe_eTAEhDWSydMBuOPLfe-Cn4=/300x200/filters:fixed_height(100,100):origin()/pre00/7af6/th/pre/f/2019/023/9/1/gildedeeveelutions_sylveon_600px__by_virize-dcxvxbn.png" height="200" width="157"/>            <media:content url="https://orig00.deviantart.net/020b/f/2019/023/9/1/gildedeeveelutions_sylveon_600px__by_virize-dcxvxbn.png" height="763" width="600" medium="image"/>            
            <description>&lt;p&gt;&lt;a href=&quot;https://www.deviantart.com/virize/gallery/68205983/Gilded-Eeveelution-Series&quot;&gt;&lt;b&gt;Gilded Eeveelutions Series:&lt;/b&gt;&lt;/a&gt; A collection of works that features the harmony of black and gold!&lt;br /&gt;&lt;br/&gt;&lt;br /&gt;&lt;span&gt;My second favourite Eeveelution, but definitely the cutest (*&amp;#180; &amp;#969; `)&lt;br /&gt;&lt;br /&gt;&lt;/span&gt;The last piece of this series! I had a lot of fun with this, especially getting to try the Pilot Super Color Gold Pen for the first time for that delicious metallic shine. It&#039;s pretty difficult to work with, but you can&#039;t deny that it&#039;s probably one of the best metallic pens I&#039;ve used in a while! I&#039;ll have to try some other gold markers for comparison purposes sometime though c:&lt;br /&gt;&lt;br /&gt;&lt;b&gt;Prints of this are available on my &lt;a class=&quot;external&quot; href=&quot;https://www.deviantart.com/users/outgoing?https://www.etsy.com/ca/shop/Virize&quot;&gt;Etsy!&lt;/a&gt;&lt;/b&gt;&lt;/p&gt;&lt;small&gt;&lt;br /&gt;Strathmore 400 Series Smooth Bristol&lt;br /&gt;Pigma Micron Pen&lt;br /&gt;Shinhan Touch Twin Brush Markers&lt;br /&gt;Pilot Super Color Gold Pen&lt;br /&gt;White Gel Pen&lt;br /&gt;&lt;br /&gt;&lt;i&gt;Originally posted on May 11th, 2016&lt;/i&gt;&lt;/small&gt;&lt;br /&gt;&lt;br /&gt;&lt;hr/&gt;&lt;br /&gt;&lt;b&gt;&amp;#8902;&amp;nbsp;&lt;a class=&quot;external&quot; href=&quot;https://www.deviantart.com/users/outgoing?https://www.etsy.com/ca/shop/Virize&quot;&gt;etsy&lt;/a&gt;&amp;nbsp;&amp;#8902;&amp;nbsp;&lt;a class=&quot;external&quot; href=&quot;https://www.deviantart.com/users/outgoing?https://www.instagram.com/virizeze/&quot;&gt;instagram&lt;/a&gt;&amp;nbsp;&amp;#8902;&amp;nbsp;&lt;a class=&quot;external&quot; href=&quot;https://www.deviantart.com/users/outgoing?http://virize.tumblr.com/&quot;&gt;tumblr&lt;/a&gt;&amp;nbsp;&amp;#8902;&amp;nbsp;&lt;a class=&quot;external&quot; href=&quot;https://www.deviantart.com/users/outgoing?https://twitter.com/virizeze&quot;&gt;twitter&lt;/a&gt;&amp;nbsp;&amp;#8902;&lt;/b&gt;&lt;br /&gt;&lt;small&gt;&lt;br /&gt;&lt;b&gt;All rights reserved. Do not repost, redistribute, claim, copy, or edit my work in any way.&lt;br /&gt;All work is subject to copyright and cannot be used, modified, or reproduced without written consent.&lt;/b&gt;&lt;br /&gt;&lt;br /&gt;Sylveon is &amp;#169; Game Freak&lt;/small&gt;&lt;br /&gt;&lt;div&gt;&lt;img src=&quot;https://t00.deviantart.net/JjBe_eTAEhDWSydMBuOPLfe-Cn4=/300x200/filters:fixed_height(100,100):origin()/pre00/7af6/th/pre/f/2019/023/9/1/gildedeeveelutions_sylveon_600px__by_virize-dcxvxbn.png&quot; alt=&quot;thumbnail&quot; /&gt;&lt;/div&gt;</description>            </item>
                    <item>
                <title>.:The Craft of...Cookies?:. (EqG Shorts)</title>
                <link>https://the-butcher-x.deviantart.com/art/The-Craft-of-Cookies-EqG-Shorts-782914627</link>
                <guid isPermaLink="true">https://the-butcher-x.deviantart.com/art/The-Craft-of-Cookies-EqG-Shorts-782914627</guid>
                <pubDate>Sat, 26 Jan 2019 19:14:42 PST</pubDate>
                        <media:title type="plain">.:The Craft of...Cookies?:. (EqG Shorts)</media:title>
        <media:keywords></media:keywords>
                        <media:rating>nonadult</media:rating>
                <media:category label="Other">fanart/digital/drawings/other</media:category>
        <media:credit role="author" scheme="urn:ebu">The-Butcher-X</media:credit>
        <media:credit role="author" scheme="urn:ebu">https://a.deviantart.net/avatars/t/h/the-butcher-x.png?1</media:credit>
        <media:copyright url="https://the-butcher-x.deviantart.com">Copyright 2019 The-Butcher-X</media:copyright>
            <media:community>
                <media:tags>@mlpandeqg</media:tags>
            </media:community>            <media:description type="html">Sorry, but I had to do this XD&lt;br /&gt;&lt;br /&gt;Alternative ver:&amp;nbsp;&lt;span class=&quot;shadow-holder&quot; data-embed-type=&quot;deviation&quot; data-embed-id=&quot;201074993512593&quot; data-embed-format=&quot;thumb&quot;&gt;&lt;span class=&quot;shadow mild&quot; &gt;&lt;a class=&quot;thumb&quot; href=&quot;https://sta.sh/01z9wkrj98x&quot; title=&quot;Sin ttulo-608-1 by The-Butcher-X, Jan 27, 2019&quot;data-super-img=&quot;https://images-wixmp-ed30a86b8c4ca887773594c2.wixmp.com/intermediary/f/940fced9-db60-4299-8d69-56825b1e47ff/dcy4kv8-a324301c-9c2a-4735-b361-c02388f73271.png/v1/fill/w_910,h_878,q_70,strp/sin_ttulo_608_1_by_the_butcher_x_dcy4kv8-pre.jpg&quot; data-super-width=&quot;910&quot; data-super-height=&quot;878&quot; data-super-transparent=&quot;false&quot; data-super-alt=&quot;Sin ttulo-608-1 by The-Butcher-X&quot; data-super-full-img=&quot;https://api-da.wixmp.com/_api/download/file?downloadToken=eyJ0eXAiOiJKV1QiLCJhbGciOiJIUzI1NiJ9.eyJzdWIiOiJ1cm46YXBwOjdlMGQxODg5ODIyNjQzNzNhNWYwZDQxNWVhMGQyNmUwIiwiaXNzIjoidXJuOmFwcDo3ZTBkMTg4OTgyMjY0MzczYTVmMGQ0MTVlYTBkMjZlMCIsImV4cCI6MTU0ODU1OTM0MSwiaWF0IjoxNTQ4NTU4NzMxLCJqdGkiOiI1YzRkMjE5NTc2NzNmIiwib2JqIjpudWxsLCJhdWQiOlsidXJuOnNlcnZpY2U6ZmlsZS5kb3dubG9hZCJdLCJwYXlsb2FkIjp7InBhdGgiOiJcL2ZcLzk0MGZjZWQ5LWRiNjAtNDI5OS04ZDY5LTU2ODI1YjFlNDdmZlwvZGN5NGt2OC1hMzI0MzAxYy05YzJhLTQ3MzUtYjM2MS1jMDIzODhmNzMyNzEucG5nIn19.LhIGIQAYMUtVFtkZmBxzgkODBp-NYU7oMOP7ayel1hg&quot; data-super-full-width=&quot;1160&quot; data-super-full-height=&quot;1120&quot;        data-sigil=&quot;thumb&quot;&gt;
        &lt;i&gt;&lt;/i&gt;&lt;img   width=&quot;150&quot; height=&quot;145&quot; alt=&quot;Sin ttulo-608-1 by The-Butcher-X&quot; src=&quot;https://images-wixmp-ed30a86b8c4ca887773594c2.wixmp.com/intermediary/f/940fced9-db60-4299-8d69-56825b1e47ff/dcy4kv8-a324301c-9c2a-4735-b361-c02388f73271.png/v1/fit/w_150,h_150,q_70,strp/sin_ttulo_608_1_by_the_butcher_x_dcy4kv8-150.jpg&quot; data-src=&quot;https://images-wixmp-ed30a86b8c4ca887773594c2.wixmp.com/intermediary/f/940fced9-db60-4299-8d69-56825b1e47ff/dcy4kv8-a324301c-9c2a-4735-b361-c02388f73271.png/v1/fit/w_150,h_150,q_70,strp/sin_ttulo_608_1_by_the_butcher_x_dcy4kv8-150.jpg&quot; srcset=&quot;https://images-wixmp-ed30a86b8c4ca887773594c2.wixmp.com/intermediary/f/940fced9-db60-4299-8d69-56825b1e47ff/dcy4kv8-a324301c-9c2a-4735-b361-c02388f73271.png/v1/fit/w_150,h_150,q_70,strp/sin_ttulo_608_1_by_the_butcher_x_dcy4kv8-150.jpg 150w,https://images-wixmp-ed30a86b8c4ca887773594c2.wixmp.com/intermediary/f/940fced9-db60-4299-8d69-56825b1e47ff/dcy4kv8-a324301c-9c2a-4735-b361-c02388f73271.png/v1/fill/w_259,h_250,q_70,strp/sin_ttulo_608_1_by_the_butcher_x_dcy4kv8-250t.jpg 259w,https://images-wixmp-ed30a86b8c4ca887773594c2.wixmp.com/intermediary/f/940fced9-db60-4299-8d69-56825b1e47ff/dcy4kv8-a324301c-9c2a-4735-b361-c02388f73271.png/v1/fill/w_363,h_350,q_70,strp/sin_ttulo_608_1_by_the_butcher_x_dcy4kv8-350t.jpg 363w,https://images-wixmp-ed30a86b8c4ca887773594c2.wixmp.com/intermediary/f/940fced9-db60-4299-8d69-56825b1e47ff/dcy4kv8-a324301c-9c2a-4735-b361-c02388f73271.png/v1/fill/w_414,h_400,q_70,strp/sin_ttulo_608_1_by_the_butcher_x_dcy4kv8-400t.jpg 414w,https://images-wixmp-ed30a86b8c4ca887773594c2.wixmp.com/intermediary/f/940fced9-db60-4299-8d69-56825b1e47ff/dcy4kv8-a324301c-9c2a-4735-b361-c02388f73271.png/v1/fill/w_910,h_878,q_70,strp/sin_ttulo_608_1_by_the_butcher_x_dcy4kv8-pre.jpg 910w&quot; sizes=&quot;150px&quot;&gt;&lt;/a&gt;&lt;/span&gt;&lt;!-- ^TTT --&gt;&lt;!-- TTT$ --&gt;&lt;/span&gt;&lt;br /&gt;&lt;br /&gt;&lt;span&gt;Enjoy&amp;nbsp;&lt;img src=&quot;https://e.deviantart.net/emoticons/b/biggrin.gif&quot; alt=&quot;:D (Big Grin)&quot; style=&quot;width: 15px; height: 15px;&quot; data-embed-type=&quot;emoticon&quot; data-embed-id=&quot;366&quot;&gt;&lt;br /&gt;&lt;br /&gt;My Pages:&lt;/span&gt;&lt;br /&gt;&lt;a target=&quot;_self&quot; href=&quot;https://www.deviantart.com/tumblrplz&quot; &gt;&lt;img class=&quot;avatar&quot; width=&quot;50&quot; height=&quot;50&quot; src=&quot;https://a.deviantart.net/avatars/t/u/tumblrplz.png?2&quot; alt=&quot;:icontumblrplz:&quot; title=&quot;Tumblrplz&quot; /&gt;&lt;/a&gt;&lt;span&gt;&amp;nbsp;&lt;a class=&quot;external&quot; href=&quot;https://www.deviantart.com/users/outgoing?http://the-butcher-x.tumblr.com/&quot;&gt;the-butcher-x.tumblr.com/&lt;/a&gt;&lt;/span&gt;&lt;br /&gt;&lt;a target=&quot;_self&quot; href=&quot;https://www.deviantart.com/youtube-plz&quot; &gt;&lt;img class=&quot;avatar&quot; width=&quot;50&quot; height=&quot;50&quot; src=&quot;https://a.deviantart.net/avatars/y/o/youtube-plz.png?2&quot; alt=&quot;:iconyoutube-plz:&quot; title=&quot;Youtube-plz&quot; /&gt;&lt;/a&gt;&lt;span&gt;&amp;nbsp;&lt;/span&gt;&lt;a class=&quot;external&quot; href=&quot;https://www.deviantart.com/users/outgoing?https://www.youtube.com/user/Butch407&quot;&gt;www.youtube.com/user/Butch407&lt;/a&gt;&lt;span&gt;&lt;/span&gt;&lt;br /&gt;&lt;a target=&quot;_self&quot; href=&quot;https://www.deviantart.com/facebook-plz&quot; &gt;&lt;img class=&quot;avatar&quot; width=&quot;50&quot; height=&quot;50&quot; src=&quot;https://a.deviantart.net/avatars/f/a/facebook-plz.jpg?2&quot; alt=&quot;:iconfacebook-plz:&quot; title=&quot;facebook-plz&quot; /&gt;&lt;/a&gt;&lt;span&gt;&amp;nbsp;&lt;/span&gt;&lt;a class=&quot;external&quot; href=&quot;https://www.deviantart.com/users/outgoing?https://www.facebook.com/thebutcherx/&quot;&gt;www.facebook.com/thebutcherx/&lt;/a&gt;&lt;span&gt;&lt;/span&gt;&lt;br /&gt;&lt;a target=&quot;_self&quot; href=&quot;https://www.deviantart.com/twitterplz&quot; &gt;&lt;img class=&quot;avatar&quot; width=&quot;50&quot; height=&quot;50&quot; src=&quot;https://a.deviantart.net/avatars/t/w/twitterplz.gif?1&quot; alt=&quot;:icontwitterplz:&quot; title=&quot;twitterplz&quot; /&gt;&lt;/a&gt;&lt;span&gt;&amp;nbsp;&lt;/span&gt;&lt;a class=&quot;external&quot; href=&quot;https://www.deviantart.com/users/outgoing?https://twitter.com/mlpandeqg&quot;&gt;twitter.com/mlpandeqg&lt;/a&gt;&lt;br /&gt;&lt;a target=&quot;_self&quot; href=&quot;https://www.deviantart.com/patreonplz&quot; &gt;&lt;img class=&quot;avatar&quot; width=&quot;50&quot; height=&quot;50&quot; src=&quot;https://a.deviantart.net/avatars/p/a/patreonplz.png?2&quot; alt=&quot;:iconpatreonplz:&quot; title=&quot;patreonplz&quot; /&gt;&lt;/a&gt;&lt;span&gt;&amp;nbsp;&lt;/span&gt;&lt;a class=&quot;external&quot; href=&quot;https://www.deviantart.com/users/outgoing?https://www.patreon.com/thebutcherx&quot;&gt;www.patreon.com/thebutcherx&lt;/a&gt;&lt;span&gt;&lt;br /&gt;&lt;span class=&quot;shadow-holder&quot; data-embed-type=&quot;deviation&quot; data-embed-id=&quot;529701190&quot; data-embed-format=&quot;thumb&quot;&gt;&lt;span class=&quot;shadow mild&quot; &gt;&lt;a class=&quot;thumb&quot; href=&quot;https://www.deviantart.com/th3emoo/art/Pixiv-529701190&quot; title=&quot;Pixiv by Th3EmOo, Apr 30, 2015 in Customization &amp;gt; Icons &amp;gt; Other&quot;data-super-img=&quot;https://images-wixmp-ed30a86b8c4ca887773594c2.wixmp.com/intermediary/f/182d3b70-4c99-4a6e-b62b-3a4adeba7f21/d8rdc1y-b9e4c045-43a9-4b15-ad6e-9626d851379e.png&quot; data-super-width=&quot;50&quot; data-super-height=&quot;50&quot; data-super-transparent=&quot;true&quot; data-super-alt=&quot;Pixiv by Th3EmOo&quot; data-super-full-img=&quot;https://images-wixmp-ed30a86b8c4ca887773594c2.wixmp.com/intermediary/f/182d3b70-4c99-4a6e-b62b-3a4adeba7f21/d8rdc1y-b9e4c045-43a9-4b15-ad6e-9626d851379e.png&quot; data-super-full-width=&quot;50&quot; data-super-full-height=&quot;50&quot;        data-sigil=&quot;thumb&quot;&gt;
        &lt;i&gt;&lt;/i&gt;&lt;img   width=&quot;50&quot; height=&quot;50&quot; alt=&quot;Pixiv by Th3EmOo&quot; src=&quot;https://images-wixmp-ed30a86b8c4ca887773594c2.wixmp.com/intermediary/f/182d3b70-4c99-4a6e-b62b-3a4adeba7f21/d8rdc1y-b9e4c045-43a9-4b15-ad6e-9626d851379e.png&quot; data-src=&quot;https://images-wixmp-ed30a86b8c4ca887773594c2.wixmp.com/intermediary/f/182d3b70-4c99-4a6e-b62b-3a4adeba7f21/d8rdc1y-b9e4c045-43a9-4b15-ad6e-9626d851379e.png&quot; srcset=&quot;https://images-wixmp-ed30a86b8c4ca887773594c2.wixmp.com/intermediary/f/182d3b70-4c99-4a6e-b62b-3a4adeba7f21/d8rdc1y-b9e4c045-43a9-4b15-ad6e-9626d851379e.png 50w&quot; sizes=&quot;50px&quot;&gt;&lt;/a&gt;&lt;/span&gt;&lt;!-- ^TTT --&gt;&lt;!-- TTT$ --&gt;&lt;/span&gt;&lt;a class=&quot;external&quot; href=&quot;https://www.deviantart.com/users/outgoing?https://www.pixiv.net/member.php?id=36285054&quot;&gt;www.pixiv.net/member.php?id=36&amp;#8230;&lt;/a&gt;&lt;br /&gt;&lt;a target=&quot;_self&quot; href=&quot;https://www.deviantart.com/newgroundsplz&quot; &gt;&lt;img class=&quot;avatar&quot; width=&quot;50&quot; height=&quot;50&quot; src=&quot;https://a.deviantart.net/avatars/n/e/newgroundsplz.gif?2&quot; alt=&quot;:iconnewgroundsplz:&quot; title=&quot;newgroundsplz&quot; /&gt;&lt;/a&gt;&amp;nbsp;&lt;a class=&quot;external&quot; href=&quot;https://www.deviantart.com/users/outgoing?https://the-butcher-x.newgrounds.com/&quot;&gt;the-butcher-x.newgrounds.com/&lt;/a&gt;&lt;br /&gt;&lt;a target=&quot;_self&quot; href=&quot;https://www.deviantart.com/ko-fiplz&quot; &gt;&lt;img class=&quot;avatar&quot; width=&quot;50&quot; height=&quot;50&quot; src=&quot;https://a.deviantart.net/avatars/k/o/ko-fiplz.png?3&quot; alt=&quot;:iconko-fiplz:&quot; title=&quot;ko-fiplz&quot; /&gt;&lt;/a&gt;&amp;nbsp;&lt;/span&gt;&lt;a class=&quot;external&quot; href=&quot;https://www.deviantart.com/users/outgoing?https://www.ko-fi.com/thebutcherx&quot;&gt;www.ko-fi.com/thebutcherx&lt;/a&gt;&lt;br /&gt;&lt;br /&gt;Pinkie Pie (My Little Pony: Equestria Girls Shorts)</media:description>            <media:thumbnail url="https://t00.deviantart.net/BjNmlcGCDcpiLChcrbixn4q45SE=/fit-in/150x150/filters:no_upscale():origin()/pre00/bc28/th/pre/i/2019/026/f/1/__the_craft_of___cookies_____eqg_shorts__by_the_butcher_x-dcy4ksj.png" height="145" width="150"/>            <media:thumbnail url="https://t00.deviantart.net/pX97lVxHYtDIRzWauja671jqeIk=/fit-in/300x900/filters:no_upscale():origin()/pre00/bc28/th/pre/i/2019/026/f/1/__the_craft_of___cookies_____eqg_shorts__by_the_butcher_x-dcy4ksj.png" height="290" width="300"/>            <media:thumbnail url="https://t00.deviantart.net/QESwSNqeTVBcWnFJTyCS7It4Pt4=/300x200/filters:fixed_height(100,100):origin()/pre00/bc28/th/pre/i/2019/026/f/1/__the_craft_of___cookies_____eqg_shorts__by_the_butcher_x-dcy4ksj.png" height="200" width="207"/>            <media:content url="https://pre00.deviantart.net/bc28/th/pre/i/2019/026/f/1/__the_craft_of___cookies_____eqg_shorts__by_the_butcher_x-dcy4ksj.png" height="879" width="910" medium="image"/>            
            <description>Sorry, but I had to do this XD&lt;br /&gt;&lt;br /&gt;Alternative ver:&amp;nbsp;&lt;span class=&quot;shadow-holder&quot; data-embed-type=&quot;deviation&quot; data-embed-id=&quot;201074993512593&quot; data-embed-format=&quot;thumb&quot;&gt;&lt;span class=&quot;shadow mild&quot; &gt;&lt;a class=&quot;thumb&quot; href=&quot;https://sta.sh/01z9wkrj98x&quot; title=&quot;Sin ttulo-608-1 by The-Butcher-X, Jan 27, 2019&quot;data-super-img=&quot;https://images-wixmp-ed30a86b8c4ca887773594c2.wixmp.com/intermediary/f/940fced9-db60-4299-8d69-56825b1e47ff/dcy4kv8-a324301c-9c2a-4735-b361-c02388f73271.png/v1/fill/w_910,h_878,q_70,strp/sin_ttulo_608_1_by_the_butcher_x_dcy4kv8-pre.jpg&quot; data-super-width=&quot;910&quot; data-super-height=&quot;878&quot; data-super-transparent=&quot;false&quot; data-super-alt=&quot;Sin ttulo-608-1 by The-Butcher-X&quot; data-super-full-img=&quot;https://api-da.wixmp.com/_api/download/file?downloadToken=eyJ0eXAiOiJKV1QiLCJhbGciOiJIUzI1NiJ9.eyJzdWIiOiJ1cm46YXBwOjdlMGQxODg5ODIyNjQzNzNhNWYwZDQxNWVhMGQyNmUwIiwiaXNzIjoidXJuOmFwcDo3ZTBkMTg4OTgyMjY0MzczYTVmMGQ0MTVlYTBkMjZlMCIsImV4cCI6MTU0ODU1OTM0MSwiaWF0IjoxNTQ4NTU4NzMxLCJqdGkiOiI1YzRkMjE5NTc2NzNmIiwib2JqIjpudWxsLCJhdWQiOlsidXJuOnNlcnZpY2U6ZmlsZS5kb3dubG9hZCJdLCJwYXlsb2FkIjp7InBhdGgiOiJcL2ZcLzk0MGZjZWQ5LWRiNjAtNDI5OS04ZDY5LTU2ODI1YjFlNDdmZlwvZGN5NGt2OC1hMzI0MzAxYy05YzJhLTQ3MzUtYjM2MS1jMDIzODhmNzMyNzEucG5nIn19.LhIGIQAYMUtVFtkZmBxzgkODBp-NYU7oMOP7ayel1hg&quot; data-super-full-width=&quot;1160&quot; data-super-full-height=&quot;1120&quot;        data-sigil=&quot;thumb&quot;&gt;
        &lt;i&gt;&lt;/i&gt;&lt;img   width=&quot;150&quot; height=&quot;145&quot; alt=&quot;Sin ttulo-608-1 by The-Butcher-X&quot; src=&quot;https://images-wixmp-ed30a86b8c4ca887773594c2.wixmp.com/intermediary/f/940fced9-db60-4299-8d69-56825b1e47ff/dcy4kv8-a324301c-9c2a-4735-b361-c02388f73271.png/v1/fit/w_150,h_150,q_70,strp/sin_ttulo_608_1_by_the_butcher_x_dcy4kv8-150.jpg&quot; data-src=&quot;https://images-wixmp-ed30a86b8c4ca887773594c2.wixmp.com/intermediary/f/940fced9-db60-4299-8d69-56825b1e47ff/dcy4kv8-a324301c-9c2a-4735-b361-c02388f73271.png/v1/fit/w_150,h_150,q_70,strp/sin_ttulo_608_1_by_the_butcher_x_dcy4kv8-150.jpg&quot; srcset=&quot;https://images-wixmp-ed30a86b8c4ca887773594c2.wixmp.com/intermediary/f/940fced9-db60-4299-8d69-56825b1e47ff/dcy4kv8-a324301c-9c2a-4735-b361-c02388f73271.png/v1/fit/w_150,h_150,q_70,strp/sin_ttulo_608_1_by_the_butcher_x_dcy4kv8-150.jpg 150w,https://images-wixmp-ed30a86b8c4ca887773594c2.wixmp.com/intermediary/f/940fced9-db60-4299-8d69-56825b1e47ff/dcy4kv8-a324301c-9c2a-4735-b361-c02388f73271.png/v1/fill/w_259,h_250,q_70,strp/sin_ttulo_608_1_by_the_butcher_x_dcy4kv8-250t.jpg 259w,https://images-wixmp-ed30a86b8c4ca887773594c2.wixmp.com/intermediary/f/940fced9-db60-4299-8d69-56825b1e47ff/dcy4kv8-a324301c-9c2a-4735-b361-c02388f73271.png/v1/fill/w_363,h_350,q_70,strp/sin_ttulo_608_1_by_the_butcher_x_dcy4kv8-350t.jpg 363w,https://images-wixmp-ed30a86b8c4ca887773594c2.wixmp.com/intermediary/f/940fced9-db60-4299-8d69-56825b1e47ff/dcy4kv8-a324301c-9c2a-4735-b361-c02388f73271.png/v1/fill/w_414,h_400,q_70,strp/sin_ttulo_608_1_by_the_butcher_x_dcy4kv8-400t.jpg 414w,https://images-wixmp-ed30a86b8c4ca887773594c2.wixmp.com/intermediary/f/940fced9-db60-4299-8d69-56825b1e47ff/dcy4kv8-a324301c-9c2a-4735-b361-c02388f73271.png/v1/fill/w_910,h_878,q_70,strp/sin_ttulo_608_1_by_the_butcher_x_dcy4kv8-pre.jpg 910w&quot; sizes=&quot;150px&quot;&gt;&lt;/a&gt;&lt;/span&gt;&lt;!-- ^TTT --&gt;&lt;!-- TTT$ --&gt;&lt;/span&gt;&lt;br /&gt;&lt;br /&gt;&lt;span&gt;Enjoy&amp;nbsp;&lt;img src=&quot;https://e.deviantart.net/emoticons/b/biggrin.gif&quot; alt=&quot;:D (Big Grin)&quot; style=&quot;width: 15px; height: 15px;&quot; data-embed-type=&quot;emoticon&quot; data-embed-id=&quot;366&quot;&gt;&lt;br /&gt;&lt;br /&gt;My Pages:&lt;/span&gt;&lt;br /&gt;&lt;a target=&quot;_self&quot; href=&quot;https://www.deviantart.com/tumblrplz&quot; &gt;&lt;img class=&quot;avatar&quot; width=&quot;50&quot; height=&quot;50&quot; src=&quot;https://a.deviantart.net/avatars/t/u/tumblrplz.png?2&quot; alt=&quot;:icontumblrplz:&quot; title=&quot;Tumblrplz&quot; /&gt;&lt;/a&gt;&lt;span&gt;&amp;nbsp;&lt;a class=&quot;external&quot; href=&quot;https://www.deviantart.com/users/outgoing?http://the-butcher-x.tumblr.com/&quot;&gt;the-butcher-x.tumblr.com/&lt;/a&gt;&lt;/span&gt;&lt;br /&gt;&lt;a target=&quot;_self&quot; href=&quot;https://www.deviantart.com/youtube-plz&quot; &gt;&lt;img class=&quot;avatar&quot; width=&quot;50&quot; height=&quot;50&quot; src=&quot;https://a.deviantart.net/avatars/y/o/youtube-plz.png?2&quot; alt=&quot;:iconyoutube-plz:&quot; title=&quot;Youtube-plz&quot; /&gt;&lt;/a&gt;&lt;span&gt;&amp;nbsp;&lt;/span&gt;&lt;a class=&quot;external&quot; href=&quot;https://www.deviantart.com/users/outgoing?https://www.youtube.com/user/Butch407&quot;&gt;www.youtube.com/user/Butch407&lt;/a&gt;&lt;span&gt;&lt;/span&gt;&lt;br /&gt;&lt;a target=&quot;_self&quot; href=&quot;https://www.deviantart.com/facebook-plz&quot; &gt;&lt;img class=&quot;avatar&quot; width=&quot;50&quot; height=&quot;50&quot; src=&quot;https://a.deviantart.net/avatars/f/a/facebook-plz.jpg?2&quot; alt=&quot;:iconfacebook-plz:&quot; title=&quot;facebook-plz&quot; /&gt;&lt;/a&gt;&lt;span&gt;&amp;nbsp;&lt;/span&gt;&lt;a class=&quot;external&quot; href=&quot;https://www.deviantart.com/users/outgoing?https://www.facebook.com/thebutcherx/&quot;&gt;www.facebook.com/thebutcherx/&lt;/a&gt;&lt;span&gt;&lt;/span&gt;&lt;br /&gt;&lt;a target=&quot;_self&quot; href=&quot;https://www.deviantart.com/twitterplz&quot; &gt;&lt;img class=&quot;avatar&quot; width=&quot;50&quot; height=&quot;50&quot; src=&quot;https://a.deviantart.net/avatars/t/w/twitterplz.gif?1&quot; alt=&quot;:icontwitterplz:&quot; title=&quot;twitterplz&quot; /&gt;&lt;/a&gt;&lt;span&gt;&amp;nbsp;&lt;/span&gt;&lt;a class=&quot;external&quot; href=&quot;https://www.deviantart.com/users/outgoing?https://twitter.com/mlpandeqg&quot;&gt;twitter.com/mlpandeqg&lt;/a&gt;&lt;br /&gt;&lt;a target=&quot;_self&quot; href=&quot;https://www.deviantart.com/patreonplz&quot; &gt;&lt;img class=&quot;avatar&quot; width=&quot;50&quot; height=&quot;50&quot; src=&quot;https://a.deviantart.net/avatars/p/a/patreonplz.png?2&quot; alt=&quot;:iconpatreonplz:&quot; title=&quot;patreonplz&quot; /&gt;&lt;/a&gt;&lt;span&gt;&amp;nbsp;&lt;/span&gt;&lt;a class=&quot;external&quot; href=&quot;https://www.deviantart.com/users/outgoing?https://www.patreon.com/thebutcherx&quot;&gt;www.patreon.com/thebutcherx&lt;/a&gt;&lt;span&gt;&lt;br /&gt;&lt;span class=&quot;shadow-holder&quot; data-embed-type=&quot;deviation&quot; data-embed-id=&quot;529701190&quot; data-embed-format=&quot;thumb&quot;&gt;&lt;span class=&quot;shadow mild&quot; &gt;&lt;a class=&quot;thumb&quot; href=&quot;https://www.deviantart.com/th3emoo/art/Pixiv-529701190&quot; title=&quot;Pixiv by Th3EmOo, Apr 30, 2015 in Customization &amp;gt; Icons &amp;gt; Other&quot;data-super-img=&quot;https://images-wixmp-ed30a86b8c4ca887773594c2.wixmp.com/intermediary/f/182d3b70-4c99-4a6e-b62b-3a4adeba7f21/d8rdc1y-b9e4c045-43a9-4b15-ad6e-9626d851379e.png&quot; data-super-width=&quot;50&quot; data-super-height=&quot;50&quot; data-super-transparent=&quot;true&quot; data-super-alt=&quot;Pixiv by Th3EmOo&quot; data-super-full-img=&quot;https://images-wixmp-ed30a86b8c4ca887773594c2.wixmp.com/intermediary/f/182d3b70-4c99-4a6e-b62b-3a4adeba7f21/d8rdc1y-b9e4c045-43a9-4b15-ad6e-9626d851379e.png&quot; data-super-full-width=&quot;50&quot; data-super-full-height=&quot;50&quot;        data-sigil=&quot;thumb&quot;&gt;
        &lt;i&gt;&lt;/i&gt;&lt;img   width=&quot;50&quot; height=&quot;50&quot; alt=&quot;Pixiv by Th3EmOo&quot; src=&quot;https://images-wixmp-ed30a86b8c4ca887773594c2.wixmp.com/intermediary/f/182d3b70-4c99-4a6e-b62b-3a4adeba7f21/d8rdc1y-b9e4c045-43a9-4b15-ad6e-9626d851379e.png&quot; data-src=&quot;https://images-wixmp-ed30a86b8c4ca887773594c2.wixmp.com/intermediary/f/182d3b70-4c99-4a6e-b62b-3a4adeba7f21/d8rdc1y-b9e4c045-43a9-4b15-ad6e-9626d851379e.png&quot; srcset=&quot;https://images-wixmp-ed30a86b8c4ca887773594c2.wixmp.com/intermediary/f/182d3b70-4c99-4a6e-b62b-3a4adeba7f21/d8rdc1y-b9e4c045-43a9-4b15-ad6e-9626d851379e.png 50w&quot; sizes=&quot;50px&quot;&gt;&lt;/a&gt;&lt;/span&gt;&lt;!-- ^TTT --&gt;&lt;!-- TTT$ --&gt;&lt;/span&gt;&lt;a class=&quot;external&quot; href=&quot;https://www.deviantart.com/users/outgoing?https://www.pixiv.net/member.php?id=36285054&quot;&gt;www.pixiv.net/member.php?id=36&amp;#8230;&lt;/a&gt;&lt;br /&gt;&lt;a target=&quot;_self&quot; href=&quot;https://www.deviantart.com/newgroundsplz&quot; &gt;&lt;img class=&quot;avatar&quot; width=&quot;50&quot; height=&quot;50&quot; src=&quot;https://a.deviantart.net/avatars/n/e/newgroundsplz.gif?2&quot; alt=&quot;:iconnewgroundsplz:&quot; title=&quot;newgroundsplz&quot; /&gt;&lt;/a&gt;&amp;nbsp;&lt;a class=&quot;external&quot; href=&quot;https://www.deviantart.com/users/outgoing?https://the-butcher-x.newgrounds.com/&quot;&gt;the-butcher-x.newgrounds.com/&lt;/a&gt;&lt;br /&gt;&lt;a target=&quot;_self&quot; href=&quot;https://www.deviantart.com/ko-fiplz&quot; &gt;&lt;img class=&quot;avatar&quot; width=&quot;50&quot; height=&quot;50&quot; src=&quot;https://a.deviantart.net/avatars/k/o/ko-fiplz.png?3&quot; alt=&quot;:iconko-fiplz:&quot; title=&quot;ko-fiplz&quot; /&gt;&lt;/a&gt;&amp;nbsp;&lt;/span&gt;&lt;a class=&quot;external&quot; href=&quot;https://www.deviantart.com/users/outgoing?https://www.ko-fi.com/thebutcherx&quot;&gt;www.ko-fi.com/thebutcherx&lt;/a&gt;&lt;br /&gt;&lt;br /&gt;Pinkie Pie (My Little Pony: Equestria Girls Shorts)&lt;br /&gt;&lt;div&gt;&lt;img src=&quot;https://t00.deviantart.net/QESwSNqeTVBcWnFJTyCS7It4Pt4=/300x200/filters:fixed_height(100,100):origin()/pre00/bc28/th/pre/i/2019/026/f/1/__the_craft_of___cookies_____eqg_shorts__by_the_butcher_x-dcy4ksj.png&quot; alt=&quot;thumbnail&quot; /&gt;&lt;/div&gt;</description>            </item>
                    <item>
                <title>Bidoof Used Cut</title>
                <link>https://tamarinfrog.deviantart.com/art/Bidoof-Used-Cut-782853912</link>
                <guid isPermaLink="true">https://tamarinfrog.deviantart.com/art/Bidoof-Used-Cut-782853912</guid>
                <pubDate>Sat, 26 Jan 2019 11:21:22 PST</pubDate>
                        <media:title type="plain">Bidoof Used Cut</media:title>
        <media:keywords></media:keywords>
                        <media:rating>nonadult</media:rating>
                <media:category label="Games">fanart/digital/drawings/games</media:category>
        <media:credit role="author" scheme="urn:ebu">TamarinFrog</media:credit>
        <media:credit role="author" scheme="urn:ebu">https://a.deviantart.net/avatars/t/a/tamarinfrog.gif?1</media:credit>
        <media:copyright url="https://tamarinfrog.deviantart.com">Copyright 2019 TamarinFrog</media:copyright>            <media:description type="html">Bidoof using cut for Pokemon&amp;nbsp;gen4 tribute project.&lt;br /&gt;&lt;br /&gt;Gen 4 is my favorite, so I chose to claim three favorites from the many I have, hehe. Here, bidoof&lt;br /&gt;&lt;br /&gt;About the project:&amp;nbsp;&lt;span class=&quot;shadow-holder&quot; data-embed-type=&quot;deviation&quot; data-embed-id=&quot;781939110&quot; data-embed-format=&quot;thumb&quot;&gt;&lt;span class=&quot;shadow mild&quot; &gt;&lt;a href=&quot;https://www.deviantart.com/ga-hq-contributors/journal/The-Pokemon-Gen-IV-Tribute-starts-right-now-781939110&quot; data-sigil=&quot;thumb&quot; class=&quot;thumb lit&quot; onmouseover=&quot;if (window.LitBox) LitBox.hover(this, true)&quot; onmouseout=&quot;if (window.LitBox) LitBox.out(this)&quot;&gt;&lt;i&gt;&lt;/i&gt;&lt;img class=&quot;lit journal&quot; src=&quot;https://st.deviantart.net/minish/gruzecontrol/icons/journal.gif?2&quot;&gt;&lt;span class=&quot;wrap&quot; style=&quot;width: 150px&quot;&gt;&lt;q&gt;
        &lt;strong&gt;The Pokemon Gen IV Tribute starts right now!&lt;/strong&gt;&lt;img src=&quot;https://images-wixmp-ed30a86b8c4ca887773594c2.wixmp.com/intermediary/f/92ef25f3-84b2-477f-b15c-177b00330e91/dcxkjyn-1ed53742-51cb-49dc-9ca0-549fd8b0d2bd.png/v1/fit/w_300,h_900,strp/pokemon_gen_iv_art_collaboration_logo_by_superedco_dcxkjyn-300w.png&quot;class=&quot;gr-shrink thumb-in-thumb &quot;&gt;&lt;br /&gt;Surprise, surprise &lt;img src=&quot;https://e.deviantart.net/emoticons/s/smile.gif&quot; width=&quot;15&quot; height=&quot;15&quot; alt=&quot;:-)&quot; data-embed-type=&quot;emoticon&quot; data-embed-id=&quot;392&quot; title=&quot;:-) (Smile)&quot;/&gt;&lt;br /&gt;Since I myself, and also &lt;span class=&quot;username-with-symbol&quot;&gt;&lt;span class=&quot;premium username&quot;&gt;shinragod&lt;/span&gt;&lt;span class=&quot;user-symbol premium nolink&quot; data-quicktip-text=&quot;Core Member&quot; data-show-tooltip=&quot;1&quot; data-gruser-type=&quot;premium&quot;&gt;&lt;/span&gt;&lt;/span&gt; &lt;span class=&quot;username-with-symbol&quot;&gt;&lt;span class=&quot;premium username&quot;&gt;Hedgey&lt;/span&gt;&lt;span class=&quot;user-symbol premium nolink&quot; data-quicktip-text=&quot;Core Member&quot; data-show-tooltip=&quot;1&quot; data-gruser-type=&quot;premium&quot;&gt;&lt;/span&gt;&lt;/span&gt; and &lt;span class=&quot;username-with-symbol&quot;&gt;&lt;span class=&quot;premium username&quot;&gt;freqrexy&lt;/span&gt;&lt;span class=&quot;user-symbol premium nolink&quot; data-quicktip-text=&quot;Core Member&quot; data-show-tooltip=&quot;1&quot; data-gruser-type=&quot;premium&quot;&gt;&lt;/span&gt;&lt;/span&gt; are currently working on the last galleries for our Pokemon Gen III Tribute I thought it can not hurt to start with the Pokemon Gen IV Project already slowly and only for you, the GA-HQ Contributors who participated in previous art collaborations.&lt;br /&gt;Examples from our Gen III Tribute:&lt;br /&gt;&lt;img src=&quot;https://images-wixmp-ed30a86b8c4ca887773594c2.wixmp.com/intermediary/f/5eb07839-d73e-4f5e-be70-57dc3f336c1e/dco3qb0-f2f6db35-cb3e-46cf-abfb-7aadc82e20eb.png/v1/fit/w_300,h_900,strp/treecko___absorb_by_viral_zone_dco3qb0-300w.png&quot;class=&quot;gr-shrink thumb-in-thumb &quot;&gt; &lt;img src=&quot;https://images-wixmp-ed30a86b8c4ca887773594c2.wixmp.com/intermediary/f/9b39b62e-f49b-48a7-9a77-d894b5ab7bb8/dbzw2zh-2594825b-0799-4853-8a17-497224765cb5.png/v1/fit/w_300,h_900,strp/combusken_used_double_kick__by_saskle_dbzw2zh-300w.png&quot;class=&quot;gr-shrink thumb-in-thumb &quot;&gt; &lt;img src=&quot;https://images-wixmp-ed30a86b8c4ca887773594c2.wixmp.com/intermediary/f/ea4e2220-6186-4074-9fc6-272377f6e63d/dcogy5e-c2e4a3a5-af81-4b13-8e41-6593242fd032.png/v1/fit/w_300,h_900,strp/silcoon_iron_defense_by_yggdrassal_dcogy5e-300w.png&quot;class=&quot;gr-shrink thumb-in-thumb &quot;&gt;&lt;br /&gt;You can see the progress of our Gen III Tribute here btw: http://www.game-art-hq.com/128460/the-game-art-hq-community-presents-the-pokemon-generation-iii-art-collaboration/&lt;br /&gt;Since Friday, I am finetuning/finishing 1-3 of the 170 galleries and am sharing one gallery per day currently via the @gamearthq Twitter account.&lt;br /&gt;You are welcome to follow it of course. It&#039;s also useful if you can share your own Twitter accounts so I can tag and link you all in the Tweets.&lt;br /&gt;I am going to create a new &quot;main hub&quot; for the Pokemon Tribute galleries THIS WEEK on Game&lt;/q&gt;&lt;/span&gt;&lt;/a&gt;&lt;/span&gt;&lt;!-- ^TTT --&gt;&lt;!-- TTT$ --&gt;&lt;/span&gt;</media:description>            <media:thumbnail url="https://t00.deviantart.net/1RPyWw6e9RfXVApoIMa1ZoNaE5E=/fit-in/150x150/filters:no_upscale():origin()/pre00/553e/th/pre/f/2019/026/4/2/bidoof_used_cut_by_tamarinfrog-dcy39y0.png" height="150" width="111"/>            <media:thumbnail url="https://t00.deviantart.net/nKikV1jQKQzoiPZKhkLmrwd7xR0=/fit-in/300x900/filters:no_upscale():origin()/pre00/553e/th/pre/f/2019/026/4/2/bidoof_used_cut_by_tamarinfrog-dcy39y0.png" height="406" width="300"/>            <media:thumbnail url="https://t00.deviantart.net/LKL0uvqq9wiMah3Nxe2839Npwbs=/300x200/filters:fixed_height(100,100):origin()/pre00/553e/th/pre/f/2019/026/4/2/bidoof_used_cut_by_tamarinfrog-dcy39y0.png" height="200" width="148"/>            <media:content url="https://pre00.deviantart.net/553e/th/pre/f/2019/026/4/2/bidoof_used_cut_by_tamarinfrog-dcy39y0.png" height="1040" width="768" medium="image"/>            
            <description>Bidoof using cut for Pokemon&amp;nbsp;gen4 tribute project.&lt;br /&gt;&lt;br /&gt;Gen 4 is my favorite, so I chose to claim three favorites from the many I have, hehe. Here, bidoof&lt;br /&gt;&lt;br /&gt;About the project:&amp;nbsp;&lt;span class=&quot;shadow-holder&quot; data-embed-type=&quot;deviation&quot; data-embed-id=&quot;781939110&quot; data-embed-format=&quot;thumb&quot;&gt;&lt;span class=&quot;shadow mild&quot; &gt;&lt;a href=&quot;https://www.deviantart.com/ga-hq-contributors/journal/The-Pokemon-Gen-IV-Tribute-starts-right-now-781939110&quot; data-sigil=&quot;thumb&quot; class=&quot;thumb lit&quot; onmouseover=&quot;if (window.LitBox) LitBox.hover(this, true)&quot; onmouseout=&quot;if (window.LitBox) LitBox.out(this)&quot;&gt;&lt;i&gt;&lt;/i&gt;&lt;img class=&quot;lit journal&quot; src=&quot;https://st.deviantart.net/minish/gruzecontrol/icons/journal.gif?2&quot;&gt;&lt;span class=&quot;wrap&quot; style=&quot;width: 150px&quot;&gt;&lt;q&gt;
        &lt;strong&gt;The Pokemon Gen IV Tribute starts right now!&lt;/strong&gt;&lt;img src=&quot;https://images-wixmp-ed30a86b8c4ca887773594c2.wixmp.com/intermediary/f/92ef25f3-84b2-477f-b15c-177b00330e91/dcxkjyn-1ed53742-51cb-49dc-9ca0-549fd8b0d2bd.png/v1/fit/w_300,h_900,strp/pokemon_gen_iv_art_collaboration_logo_by_superedco_dcxkjyn-300w.png&quot;class=&quot;gr-shrink thumb-in-thumb &quot;&gt;&lt;br /&gt;Surprise, surprise &lt;img src=&quot;https://e.deviantart.net/emoticons/s/smile.gif&quot; width=&quot;15&quot; height=&quot;15&quot; alt=&quot;:-)&quot; data-embed-type=&quot;emoticon&quot; data-embed-id=&quot;392&quot; title=&quot;:-) (Smile)&quot;/&gt;&lt;br /&gt;Since I myself, and also &lt;span class=&quot;username-with-symbol&quot;&gt;&lt;span class=&quot;premium username&quot;&gt;shinragod&lt;/span&gt;&lt;span class=&quot;user-symbol premium nolink&quot; data-quicktip-text=&quot;Core Member&quot; data-show-tooltip=&quot;1&quot; data-gruser-type=&quot;premium&quot;&gt;&lt;/span&gt;&lt;/span&gt; &lt;span class=&quot;username-with-symbol&quot;&gt;&lt;span class=&quot;premium username&quot;&gt;Hedgey&lt;/span&gt;&lt;span class=&quot;user-symbol premium nolink&quot; data-quicktip-text=&quot;Core Member&quot; data-show-tooltip=&quot;1&quot; data-gruser-type=&quot;premium&quot;&gt;&lt;/span&gt;&lt;/span&gt; and &lt;span class=&quot;username-with-symbol&quot;&gt;&lt;span class=&quot;premium username&quot;&gt;freqrexy&lt;/span&gt;&lt;span class=&quot;user-symbol premium nolink&quot; data-quicktip-text=&quot;Core Member&quot; data-show-tooltip=&quot;1&quot; data-gruser-type=&quot;premium&quot;&gt;&lt;/span&gt;&lt;/span&gt; are currently working on the last galleries for our Pokemon Gen III Tribute I thought it can not hurt to start with the Pokemon Gen IV Project already slowly and only for you, the GA-HQ Contributors who participated in previous art collaborations.&lt;br /&gt;Examples from our Gen III Tribute:&lt;br /&gt;&lt;img src=&quot;https://images-wixmp-ed30a86b8c4ca887773594c2.wixmp.com/intermediary/f/5eb07839-d73e-4f5e-be70-57dc3f336c1e/dco3qb0-f2f6db35-cb3e-46cf-abfb-7aadc82e20eb.png/v1/fit/w_300,h_900,strp/treecko___absorb_by_viral_zone_dco3qb0-300w.png&quot;class=&quot;gr-shrink thumb-in-thumb &quot;&gt; &lt;img src=&quot;https://images-wixmp-ed30a86b8c4ca887773594c2.wixmp.com/intermediary/f/9b39b62e-f49b-48a7-9a77-d894b5ab7bb8/dbzw2zh-2594825b-0799-4853-8a17-497224765cb5.png/v1/fit/w_300,h_900,strp/combusken_used_double_kick__by_saskle_dbzw2zh-300w.png&quot;class=&quot;gr-shrink thumb-in-thumb &quot;&gt; &lt;img src=&quot;https://images-wixmp-ed30a86b8c4ca887773594c2.wixmp.com/intermediary/f/ea4e2220-6186-4074-9fc6-272377f6e63d/dcogy5e-c2e4a3a5-af81-4b13-8e41-6593242fd032.png/v1/fit/w_300,h_900,strp/silcoon_iron_defense_by_yggdrassal_dcogy5e-300w.png&quot;class=&quot;gr-shrink thumb-in-thumb &quot;&gt;&lt;br /&gt;You can see the progress of our Gen III Tribute here btw: http://www.game-art-hq.com/128460/the-game-art-hq-community-presents-the-pokemon-generation-iii-art-collaboration/&lt;br /&gt;Since Friday, I am finetuning/finishing 1-3 of the 170 galleries and am sharing one gallery per day currently via the @gamearthq Twitter account.&lt;br /&gt;You are welcome to follow it of course. It&#039;s also useful if you can share your own Twitter accounts so I can tag and link you all in the Tweets.&lt;br /&gt;I am going to create a new &quot;main hub&quot; for the Pokemon Tribute galleries THIS WEEK on Game&lt;/q&gt;&lt;/span&gt;&lt;/a&gt;&lt;/span&gt;&lt;!-- ^TTT --&gt;&lt;!-- TTT$ --&gt;&lt;/span&gt;&lt;br /&gt;&lt;div&gt;&lt;img src=&quot;https://t00.deviantart.net/LKL0uvqq9wiMah3Nxe2839Npwbs=/300x200/filters:fixed_height(100,100):origin()/pre00/553e/th/pre/f/2019/026/4/2/bidoof_used_cut_by_tamarinfrog-dcy39y0.png&quot; alt=&quot;thumbnail&quot; /&gt;&lt;/div&gt;</description>            </item>
                    <item>
                <title>monthly vote - lady maria (bloodborne)</title>
                <link>https://cutesexyrobutts.deviantart.com/art/monthly-vote-lady-maria-bloodborne-782881938</link>
                <guid isPermaLink="true">https://cutesexyrobutts.deviantart.com/art/monthly-vote-lady-maria-bloodborne-782881938</guid>
                <pubDate>Sat, 26 Jan 2019 14:45:13 PST</pubDate>
                        <media:title type="plain">monthly vote - lady maria (bloodborne)</media:title>
        <media:keywords></media:keywords>
                        <media:rating>adult</media:rating>
                <media:category label="Games">fanart/digital/drawings/games</media:category>
        <media:credit role="author" scheme="urn:ebu">cutesexyrobutts</media:credit>
        <media:credit role="author" scheme="urn:ebu">https://a.deviantart.net/avatars/c/u/cutesexyrobutts.png?2</media:credit>
        <media:copyright url="https://cutesexyrobutts.deviantart.com">Copyright 2019 cutesexyrobutts</media:copyright>            <media:description type="html"></media:description>            <media:thumbnail url="https://t00.deviantart.net/2fVJ6-ni2rrkY9Bd4_ibM_r4Jls=/fit-in/150x150/filters:no_upscale():origin()/pre00/d730/th/pre/i/2019/026/7/1/monthly_vote___lady_maria__bloodborne__by_cutesexyrobutts-dcy3vki.png" height="90" width="150"/>            <media:thumbnail url="https://t00.deviantart.net/3vl3YGzS1KfeMLLqx894xdGMZRQ=/fit-in/300x900/filters:no_upscale():origin()/pre00/d730/th/pre/i/2019/026/7/1/monthly_vote___lady_maria__bloodborne__by_cutesexyrobutts-dcy3vki.png" height="181" width="300"/>            <media:thumbnail url="https://t00.deviantart.net/ga1IE5u0nrtU8weVl9M47fAk3T8=/300x200/filters:fixed_height(100,100):origin()/pre00/d730/th/pre/i/2019/026/7/1/monthly_vote___lady_maria__bloodborne__by_cutesexyrobutts-dcy3vki.png" height="181" width="300"/>            <media:content url="https://pre00.deviantart.net/d730/th/pre/i/2019/026/7/1/monthly_vote___lady_maria__bloodborne__by_cutesexyrobutts-dcy3vki.png" height="694" width="1152" medium="image"/>            
            <description>&lt;br /&gt;&lt;div&gt;&lt;img src=&quot;https://t00.deviantart.net/ga1IE5u0nrtU8weVl9M47fAk3T8=/300x200/filters:fixed_height(100,100):origin()/pre00/d730/th/pre/i/2019/026/7/1/monthly_vote___lady_maria__bloodborne__by_cutesexyrobutts-dcy3vki.png&quot; alt=&quot;thumbnail&quot; /&gt;&lt;/div&gt;</description>            </item>
                    <item>
                <title>so yknow how 21 can turn people into sweets...</title>
                <link>https://dr--worm.deviantart.com/art/so-yknow-how-21-can-turn-people-into-sweets-782909808</link>
                <guid isPermaLink="true">https://dr--worm.deviantart.com/art/so-yknow-how-21-can-turn-people-into-sweets-782909808</guid>
                <pubDate>Sat, 26 Jan 2019 19:26:17 PST</pubDate>
                        <media:title type="plain">so yknow how 21 can turn people into sweets...</media:title>
        <media:keywords></media:keywords>
                        <media:rating>adult</media:rating>
                <media:category label="Animation">digitalart/animation</media:category>
        <media:credit role="author" scheme="urn:ebu">Dr--Worm</media:credit>
        <media:credit role="author" scheme="urn:ebu">https://a.deviantart.net/avatars/d/r/dr--worm.gif?14</media:credit>
        <media:copyright url="https://dr--worm.deviantart.com">Copyright 2019 Dr--Worm</media:copyright>            <media:description type="html">Last month&#039;s Patreon animation!!&amp;nbsp;&amp;nbsp;Thanks to all the lovely folks that made this possible, Patreon has really been helpin me out financially lately and I appreciate it immensely! This month&#039;s animation poll victor was Fubuki from One Punch Man so hop on over if you wanna see that early!&lt;br /&gt;&lt;br /&gt;&lt;a class=&quot;external&quot; href=&quot;https://www.deviantart.com/users/outgoing?https://www.patreon.com/lewdlemage&quot;&gt;Patreon&lt;/a&gt;&amp;nbsp;</media:description>            <media:thumbnail url="https://t00.deviantart.net/k_9H8uc7XJDkHe-UIyaPB1LgryY=/fit-in/150x150/filters:no_upscale():origin()/pre00/0b73/th/pre/i/2019/026/a/e/so_yknow_how_21_can_turn_people_into_sweets____by_dr__worm-dcy4h2o.png" height="122" width="150"/>            <media:thumbnail url="https://t00.deviantart.net/zoALJ2ekLvYXLRHgLzxEYRI8Leo=/fit-in/300x900/filters:no_upscale():origin()/pre00/0b73/th/pre/i/2019/026/a/e/so_yknow_how_21_can_turn_people_into_sweets____by_dr__worm-dcy4h2o.png" height="245" width="300"/>            <media:thumbnail url="https://t00.deviantart.net/ZgCmqh-FwkF8VhuiHOWnnSrAfaY=/300x200/filters:fixed_height(100,100):origin()/pre00/0b73/th/pre/i/2019/026/a/e/so_yknow_how_21_can_turn_people_into_sweets____by_dr__worm-dcy4h2o.png" height="200" width="245"/>            <media:content url="https://img00.deviantart.net/bb95/i/2019/026/a/e/so_yknow_how_21_can_turn_people_into_sweets____by_dr__worm-dcy4h2o.png" height="508" width="623" medium="image"/>            
            <description>Last month&#039;s Patreon animation!!&amp;nbsp;&amp;nbsp;Thanks to all the lovely folks that made this possible, Patreon has really been helpin me out financially lately and I appreciate it immensely! This month&#039;s animation poll victor was Fubuki from One Punch Man so hop on over if you wanna see that early!&lt;br /&gt;&lt;br /&gt;&lt;a class=&quot;external&quot; href=&quot;https://www.deviantart.com/users/outgoing?https://www.patreon.com/lewdlemage&quot;&gt;Patreon&lt;/a&gt;&amp;nbsp;&lt;br /&gt;&lt;div&gt;&lt;img src=&quot;https://t00.deviantart.net/ZgCmqh-FwkF8VhuiHOWnnSrAfaY=/300x200/filters:fixed_height(100,100):origin()/pre00/0b73/th/pre/i/2019/026/a/e/so_yknow_how_21_can_turn_people_into_sweets____by_dr__worm-dcy4h2o.png&quot; alt=&quot;thumbnail&quot; /&gt;&lt;/div&gt;</description>            </item>
                    <item>
                <title>C: Pichi Daki Comp</title>
                <link>https://cakehoarder.deviantart.com/art/C-Pichi-Daki-Comp-782848424</link>
                <guid isPermaLink="true">https://cakehoarder.deviantart.com/art/C-Pichi-Daki-Comp-782848424</guid>
                <pubDate>Sat, 26 Jan 2019 11:28:58 PST</pubDate>
                        <media:title type="plain">C: Pichi Daki Comp</media:title>
        <media:keywords></media:keywords>
                        <media:rating>adult</media:rating>
                <media:category label="Drawings">manga/digital/drawings</media:category>
        <media:credit role="author" scheme="urn:ebu">Cakehoarder</media:credit>
        <media:credit role="author" scheme="urn:ebu">https://a.deviantart.net/avatars/c/a/cakehoarder.jpg?10</media:credit>
        <media:copyright url="https://cakehoarder.deviantart.com">Copyright 2019 Cakehoarder</media:copyright>            <media:description type="html">Commission for &lt;a target=&quot;_self&quot; href=&quot;https://www.deviantart.com/cowszers&quot; &gt;&lt;img class=&quot;avatar&quot; width=&quot;50&quot; height=&quot;50&quot; src=&quot;https://a.deviantart.net/avatars/c/o/cowszers.png?8&quot; alt=&quot;:iconcowszers:&quot; title=&quot;Cowszers&quot; /&gt;&lt;/a&gt; of &lt;a target=&quot;_self&quot; href=&quot;https://www.deviantart.com/cakefeeder&quot; &gt;&lt;img class=&quot;avatar&quot; width=&quot;50&quot; height=&quot;50&quot; src=&quot;https://a.deviantart.net/avatars/c/a/cakefeeder.gif?4&quot; alt=&quot;:iconcakefeeder:&quot; title=&quot;CakeFeeder&quot; /&gt;&lt;/a&gt;&#039;s oc, pichi! it&#039;s actually a dakimakura, but I don&#039;t want sites to steal it and sell it, but I also don&#039;t wanna put a big stinky watermark over the darn thing! SO please enjoy the daki (cropped) :&amp;gt;</media:description>            <media:thumbnail url="https://t00.deviantart.net/UhCt9ncWhQjKr5cKEgcKttT9r1U=/fit-in/150x150/filters:no_upscale():origin()/pre00/53af/th/pre/f/2019/026/6/9/c__pichi_daki_comp_by_cakehoarder-dcy35pk.png" height="116" width="150"/>            <media:thumbnail url="https://t00.deviantart.net/SLUWG8xMNXrPF8g5nfxx6Vc1z70=/fit-in/300x900/filters:no_upscale():origin()/pre00/53af/th/pre/f/2019/026/6/9/c__pichi_daki_comp_by_cakehoarder-dcy35pk.png" height="233" width="300"/>            <media:thumbnail url="https://t00.deviantart.net/tNcj3oFsI3uiKPLGHnaaxoBpRVw=/300x200/filters:fixed_height(100,100):origin()/pre00/53af/th/pre/f/2019/026/6/9/c__pichi_daki_comp_by_cakehoarder-dcy35pk.png" height="200" width="258"/>            <media:content url="https://pre00.deviantart.net/53af/th/pre/f/2019/026/6/9/c__pichi_daki_comp_by_cakehoarder-dcy35pk.png" height="787" width="1015" medium="image"/>            
            <description>Commission for &lt;a target=&quot;_self&quot; href=&quot;https://www.deviantart.com/cowszers&quot; &gt;&lt;img class=&quot;avatar&quot; width=&quot;50&quot; height=&quot;50&quot; src=&quot;https://a.deviantart.net/avatars/c/o/cowszers.png?8&quot; alt=&quot;:iconcowszers:&quot; title=&quot;Cowszers&quot; /&gt;&lt;/a&gt; of &lt;a target=&quot;_self&quot; href=&quot;https://www.deviantart.com/cakefeeder&quot; &gt;&lt;img class=&quot;avatar&quot; width=&quot;50&quot; height=&quot;50&quot; src=&quot;https://a.deviantart.net/avatars/c/a/cakefeeder.gif?4&quot; alt=&quot;:iconcakefeeder:&quot; title=&quot;CakeFeeder&quot; /&gt;&lt;/a&gt;&#039;s oc, pichi! it&#039;s actually a dakimakura, but I don&#039;t want sites to steal it and sell it, but I also don&#039;t wanna put a big stinky watermark over the darn thing! SO please enjoy the daki (cropped) :&amp;gt;&lt;br /&gt;&lt;div&gt;&lt;img src=&quot;https://t00.deviantart.net/tNcj3oFsI3uiKPLGHnaaxoBpRVw=/300x200/filters:fixed_height(100,100):origin()/pre00/53af/th/pre/f/2019/026/6/9/c__pichi_daki_comp_by_cakehoarder-dcy35pk.png&quot; alt=&quot;thumbnail&quot; /&gt;&lt;/div&gt;</description>            </item>
                    <item>
                <title>Elizabeth_nsfw</title>
                <link>https://neoartcore.deviantart.com/art/Elizabeth-nsfw-782930760</link>
                <guid isPermaLink="true">https://neoartcore.deviantart.com/art/Elizabeth-nsfw-782930760</guid>
                <pubDate>Sat, 26 Jan 2019 21:30:58 PST</pubDate>
                        <media:title type="plain">Elizabeth_nsfw</media:title>
        <media:keywords></media:keywords>
                        <media:rating>adult</media:rating>
                <media:category label="Movies &amp; TV">fanart/digital/painting/movies</media:category>
        <media:credit role="author" scheme="urn:ebu">NeoArtCorE</media:credit>
        <media:credit role="author" scheme="urn:ebu">https://a.deviantart.net/avatars/n/e/neoartcore.jpg?11</media:credit>
        <media:copyright url="https://neoartcore.deviantart.com">Copyright 2019 NeoArtCorE</media:copyright>            <media:description type="html">&lt;span&gt;It&#039;s my first time doing something like this... my heart is pounding... ^///^&lt;/span&gt;&lt;br /&gt;&lt;br /&gt;&lt;span&gt;lingerie / cast off &amp;gt;&amp;gt;&lt;/span&gt;&lt;a href=&quot;https://www.deviantart.com/users/outgoing?https://goo.gl/V6adZ4?fbclid=IwAR2LlCG7ZKYlVch-6J8RBSmcnzuLU_zrWUxoNu1p7NqFUoURlCHjlw2xd2s&quot;&gt;&lt;a class=&quot;external&quot; href=&quot;https://www.deviantart.com/users/outgoing?https://goo.gl/V6adZ4&quot;&gt;goo.gl/V6adZ4&lt;/a&gt;&lt;/a&gt;</media:description>            <media:thumbnail url="https://t00.deviantart.net/omePdVKXOUFg6e2pFdB_GSw09z8=/fit-in/150x150/filters:no_upscale():origin()/pre00/69f2/th/pre/f/2019/026/c/6/elizabeth_banner_nsfw2_by_neoartcore-dcy4x8o.png" height="106" width="150"/>            <media:thumbnail url="https://t00.deviantart.net/qiuHJziiGi0VLEKTSKd9kFW4Ths=/fit-in/300x900/filters:no_upscale():origin()/pre00/69f2/th/pre/f/2019/026/c/6/elizabeth_banner_nsfw2_by_neoartcore-dcy4x8o.png" height="212" width="300"/>            <media:thumbnail url="https://t00.deviantart.net/KsHJRmaHemkgvDasjBRKACBEg64=/300x200/filters:fixed_height(100,100):origin()/pre00/69f2/th/pre/f/2019/026/c/6/elizabeth_banner_nsfw2_by_neoartcore-dcy4x8o.png" height="200" width="283"/>            <media:content url="https://orig00.deviantart.net/8d02/f/2019/026/c/6/elizabeth_banner_nsfw2_by_neoartcore-dcy4x8o.png" height="637" width="900" medium="image"/>            
            <description>&lt;span&gt;It&#039;s my first time doing something like this... my heart is pounding... ^///^&lt;/span&gt;&lt;br /&gt;&lt;br /&gt;&lt;span&gt;lingerie / cast off &amp;gt;&amp;gt;&lt;/span&gt;&lt;a href=&quot;https://www.deviantart.com/users/outgoing?https://goo.gl/V6adZ4?fbclid=IwAR2LlCG7ZKYlVch-6J8RBSmcnzuLU_zrWUxoNu1p7NqFUoURlCHjlw2xd2s&quot;&gt;&lt;a class=&quot;external&quot; href=&quot;https://www.deviantart.com/users/outgoing?https://goo.gl/V6adZ4&quot;&gt;goo.gl/V6adZ4&lt;/a&gt;&lt;/a&gt;&lt;br /&gt;&lt;div&gt;&lt;img src=&quot;https://t00.deviantart.net/KsHJRmaHemkgvDasjBRKACBEg64=/300x200/filters:fixed_height(100,100):origin()/pre00/69f2/th/pre/f/2019/026/c/6/elizabeth_banner_nsfw2_by_neoartcore-dcy4x8o.png&quot; alt=&quot;thumbnail&quot; /&gt;&lt;/div&gt;</description>            </item>
                    <item>
                <title>Shork tiddies</title>
                <link>https://doomxwolf.deviantart.com/art/Shork-tiddies-782867717</link>
                <guid isPermaLink="true">https://doomxwolf.deviantart.com/art/Shork-tiddies-782867717</guid>
                <pubDate>Sat, 26 Jan 2019 13:04:21 PST</pubDate>
                        <media:title type="plain">Shork tiddies</media:title>
        <media:keywords></media:keywords>
                        <media:rating>adult</media:rating>
                <media:category label="Other">anthro/digital/other</media:category>
        <media:credit role="author" scheme="urn:ebu">DoomXWolf</media:credit>
        <media:credit role="author" scheme="urn:ebu">https://a.deviantart.net/avatars/d/o/doomxwolf.png?5</media:credit>
        <media:copyright url="https://doomxwolf.deviantart.com">Copyright 2019 DoomXWolf</media:copyright>            <media:description type="html">Long time no see the fishy!&lt;br /&gt;&lt;br /&gt;High Res Pics and more available on my&amp;nbsp;&lt;acronym title=&quot;Patreon&quot;&gt;&lt;a class=&quot;external&quot; href=&quot;https://www.deviantart.com/users/outgoing?https://www.patreon.com/DooMXWolf&quot;&gt;Patreon&lt;/a&gt;&lt;/acronym&gt;&lt;br /&gt;&lt;br /&gt;You can also follow me on:&lt;br /&gt;&lt;acronym title=&quot;Twitter&quot;&gt;&lt;a class=&quot;external&quot; href=&quot;https://www.deviantart.com/users/outgoing?https://twitter.com/ThatoneDooMWolf&quot;&gt;Twitter&lt;/a&gt;&lt;/acronym&gt;&lt;br /&gt;&lt;acronym title=&quot;Furaffinity&quot;&gt;&lt;a class=&quot;external&quot; href=&quot;https://www.deviantart.com/users/outgoing?http://www.furaffinity.net/user/doomthewolf&quot;&gt;Furaffinity&lt;/a&gt;&lt;/acronym&gt;&lt;br /&gt;&lt;acronym title=&quot;Facebook&quot;&gt;&lt;a class=&quot;external&quot; href=&quot;https://www.deviantart.com/users/outgoing?https://www.facebook.com/DoomsDen&quot;&gt;Facebook&lt;/a&gt;&lt;/acronym&gt;&lt;br /&gt;&lt;br /&gt;&lt;br /&gt;Do NOT edit/alter my art&lt;br /&gt;Do NOT use this character without my permission.&lt;br /&gt;&lt;br /&gt;Sally &amp;#169; &lt;a target=&quot;_self&quot; href=&quot;https://www.deviantart.com/doomxwolf&quot; &gt;&lt;img class=&quot;avatar&quot; width=&quot;50&quot; height=&quot;50&quot; src=&quot;https://a.deviantart.net/avatars/d/o/doomxwolf.png?5&quot; alt=&quot;:icondoomxwolf:&quot; title=&quot;DoomXWolf&quot; /&gt;&lt;/a&gt;</media:description>            <media:thumbnail url="https://t00.deviantart.net/IV9xRHyCMDOr2j_ptEyX5l6YVbc=/fit-in/150x150/filters:no_upscale():origin()/pre00/22d6/th/pre/i/2019/026/7/2/shork_tiddies_by_doomxwolf-dcy3klh.png" height="150" width="111"/>            <media:thumbnail url="https://t00.deviantart.net/X94wCfcepkPHlqytfoZw_yJWE7E=/fit-in/300x900/filters:no_upscale():origin()/pre00/22d6/th/pre/i/2019/026/7/2/shork_tiddies_by_doomxwolf-dcy3klh.png" height="404" width="300"/>            <media:thumbnail url="https://t00.deviantart.net/l0Rt2KiLEV2R9Ow75qCdZeNdkCw=/300x200/filters:fixed_height(100,100):origin()/pre00/22d6/th/pre/i/2019/026/7/2/shork_tiddies_by_doomxwolf-dcy3klh.png" height="200" width="149"/>            <media:content url="https://pre00.deviantart.net/22d6/th/pre/i/2019/026/7/2/shork_tiddies_by_doomxwolf-dcy3klh.png" height="1037" width="770" medium="image"/>            
            <description>Long time no see the fishy!&lt;br /&gt;&lt;br /&gt;High Res Pics and more available on my&amp;nbsp;&lt;acronym title=&quot;Patreon&quot;&gt;&lt;a class=&quot;external&quot; href=&quot;https://www.deviantart.com/users/outgoing?https://www.patreon.com/DooMXWolf&quot;&gt;Patreon&lt;/a&gt;&lt;/acronym&gt;&lt;br /&gt;&lt;br /&gt;You can also follow me on:&lt;br /&gt;&lt;acronym title=&quot;Twitter&quot;&gt;&lt;a class=&quot;external&quot; href=&quot;https://www.deviantart.com/users/outgoing?https://twitter.com/ThatoneDooMWolf&quot;&gt;Twitter&lt;/a&gt;&lt;/acronym&gt;&lt;br /&gt;&lt;acronym title=&quot;Furaffinity&quot;&gt;&lt;a class=&quot;external&quot; href=&quot;https://www.deviantart.com/users/outgoing?http://www.furaffinity.net/user/doomthewolf&quot;&gt;Furaffinity&lt;/a&gt;&lt;/acronym&gt;&lt;br /&gt;&lt;acronym title=&quot;Facebook&quot;&gt;&lt;a class=&quot;external&quot; href=&quot;https://www.deviantart.com/users/outgoing?https://www.facebook.com/DoomsDen&quot;&gt;Facebook&lt;/a&gt;&lt;/acronym&gt;&lt;br /&gt;&lt;br /&gt;&lt;br /&gt;Do NOT edit/alter my art&lt;br /&gt;Do NOT use this character without my permission.&lt;br /&gt;&lt;br /&gt;Sally &amp;#169; &lt;a target=&quot;_self&quot; href=&quot;https://www.deviantart.com/doomxwolf&quot; &gt;&lt;img class=&quot;avatar&quot; width=&quot;50&quot; height=&quot;50&quot; src=&quot;https://a.deviantart.net/avatars/d/o/doomxwolf.png?5&quot; alt=&quot;:icondoomxwolf:&quot; title=&quot;DoomXWolf&quot; /&gt;&lt;/a&gt;&lt;br /&gt;&lt;div&gt;&lt;img src=&quot;https://t00.deviantart.net/l0Rt2KiLEV2R9Ow75qCdZeNdkCw=/300x200/filters:fixed_height(100,100):origin()/pre00/22d6/th/pre/i/2019/026/7/2/shork_tiddies_by_doomxwolf-dcy3klh.png&quot; alt=&quot;thumbnail&quot; /&gt;&lt;/div&gt;</description>            </item>
                    <item>
                <title>Honolulu</title>
                <link>https://songjikyo.deviantart.com/art/Honolulu-782841812</link>
                <guid isPermaLink="true">https://songjikyo.deviantart.com/art/Honolulu-782841812</guid>
                <pubDate>Sat, 26 Jan 2019 10:56:07 PST</pubDate>
                        <media:title type="plain">Honolulu</media:title>
        <media:keywords></media:keywords>
                        <media:rating>adult</media:rating>
                <media:category label="Games">fanart/digital/painting/games</media:category>
        <media:credit role="author" scheme="urn:ebu">SongJiKyo</media:credit>
        <media:credit role="author" scheme="urn:ebu">https://a.deviantart.net/avatars/s/o/songjikyo.png</media:credit>
        <media:copyright url="https://songjikyo.deviantart.com">Copyright 2019 SongJiKyo</media:copyright>            <media:description type="html">Honolulu from Azur lane&amp;nbsp; &amp;gt;w&amp;lt; ) /&amp;nbsp;&amp;nbsp;&lt;br /&gt;I will make highscholl unifrom for her soon :&#039;D&amp;nbsp;&lt;br /&gt;&lt;span&gt;Become my patron to get:&amp;nbsp;&lt;br /&gt;&lt;br /&gt;+Full size images .PNG&lt;br /&gt;&lt;/span&gt;&lt;p&gt;+Images step process&amp;nbsp;&lt;/p&gt;&lt;p&gt;+PSDs ( with all layer )&lt;/p&gt;&lt;p&gt;+PSDs NSFW file&amp;nbsp;&lt;i&gt;( with all layer )&lt;/i&gt;&lt;/p&gt;&lt;p&gt;+NSFW.JPG&lt;br /&gt;&lt;br /&gt;+NSFW.PNG&amp;nbsp;&lt;i&gt;( full size images ) (HD)&lt;br /&gt;&lt;br /&gt;&lt;a class=&quot;external&quot; href=&quot;https://www.deviantart.com/users/outgoing?http://www.patreon.com/kyomon&quot;&gt;My Patreon&lt;/a&gt;&amp;nbsp;&amp;nbsp;&amp;nbsp; &amp;nbsp;&amp;nbsp;&lt;a class=&quot;external&quot; href=&quot;https://www.deviantart.com/users/outgoing?http://gumroad.com/kyomon&quot;&gt;My Guroad&lt;/a&gt;&amp;nbsp;&amp;nbsp;&lt;br /&gt;&lt;/i&gt;&lt;br /&gt;Thank you so much for visiting my patreon&amp;nbsp;&lt;img src=&quot;https://e.deviantart.net/emoticons/h/hug.gif&quot; alt=&quot;Hug&quot; style=&quot;width: 38px; height: 15px;&quot; data-embed-type=&quot;emoticon&quot; data-embed-id=&quot;160&quot;&gt;&amp;nbsp;&lt;img src=&quot;https://e.deviantart.net/emoticons/h/heart.gif&quot; alt=&quot;Heart&quot; style=&quot;width: 15px; height: 13px;&quot; data-embed-type=&quot;emoticon&quot; data-embed-id=&quot;357&quot;&gt;&amp;nbsp;&lt;img src=&quot;https://e.deviantart.net/emoticons/h/heart.gif&quot; alt=&quot;Heart&quot; style=&quot;width: 15px; height: 13px;&quot; data-embed-type=&quot;emoticon&quot; data-embed-id=&quot;357&quot;&gt;&amp;nbsp;&lt;img src=&quot;https://e.deviantart.net/emoticons/h/heart.gif&quot; alt=&quot;Heart&quot; style=&quot;width: 15px; height: 13px;&quot; data-embed-type=&quot;emoticon&quot; data-embed-id=&quot;357&quot;&gt;&amp;nbsp;&lt;i&gt;&lt;br /&gt;_________________________________________&lt;br /&gt;&lt;/i&gt;&amp;#9733; Intagram:&amp;nbsp;&lt;a class=&quot;external&quot; href=&quot;https://www.deviantart.com/users/outgoing?https://www.instagram.com/kyoomon/&quot;&gt;www.instagram.com/kyoomon/&lt;/a&gt;&lt;br /&gt;&amp;#9733; Tumblr:&amp;nbsp;&lt;a class=&quot;external&quot; href=&quot;https://www.deviantart.com/users/outgoing?https://www.tumblr.com/blog/kyoomon&quot;&gt;www.tumblr.com/blog/kyoomon&lt;/a&gt;&lt;br /&gt;&amp;#9733; FB:&amp;nbsp;&lt;a class=&quot;external&quot; href=&quot;https://www.deviantart.com/users/outgoing?https://www.facebook.com/pages/Kyomon/1604399993158775&quot;&gt;www.facebook.com/pages/Kyomon/&amp;#8230;&lt;/a&gt;&lt;br /&gt;&lt;span&gt;&amp;#9733; Twitter:&amp;nbsp;&lt;/span&gt;&lt;a class=&quot;external&quot; href=&quot;https://www.deviantart.com/users/outgoing?https://twitter.com/KyoMonn&quot;&gt;twitter.com/KyoMonn&lt;/a&gt;&lt;span&gt;&amp;nbsp;&lt;/span&gt;&lt;/p&gt;</media:description>            <media:thumbnail url="https://t00.deviantart.net/mmbU7dYCKjqY3w_w7z5oUgzlT0k=/fit-in/150x150/filters:no_upscale():origin()/pre00/0990/th/pre/f/2019/026/d/e/honolulu_by_songjikyo-dcy30lw.png" height="150" width="108"/>            <media:thumbnail url="https://t00.deviantart.net/s9GEYzVDD-IUBEXNvPEIHwYbaYY=/fit-in/300x900/filters:no_upscale():origin()/pre00/0990/th/pre/f/2019/026/d/e/honolulu_by_songjikyo-dcy30lw.png" height="416" width="300"/>            <media:thumbnail url="https://t00.deviantart.net/cSjs3LCQvgi2iCFIi4oRTKc5irM=/300x200/filters:fixed_height(100,100):origin()/pre00/0990/th/pre/f/2019/026/d/e/honolulu_by_songjikyo-dcy30lw.png" height="200" width="144"/>            <media:content url="https://orig00.deviantart.net/2ded/f/2019/026/d/e/honolulu_by_songjikyo-dcy30lw.png" height="762" width="550" medium="image"/>            
            <description>Honolulu from Azur lane&amp;nbsp; &amp;gt;w&amp;lt; ) /&amp;nbsp;&amp;nbsp;&lt;br /&gt;I will make highscholl unifrom for her soon :&#039;D&amp;nbsp;&lt;br /&gt;&lt;span&gt;Become my patron to get:&amp;nbsp;&lt;br /&gt;&lt;br /&gt;+Full size images .PNG&lt;br /&gt;&lt;/span&gt;&lt;p&gt;+Images step process&amp;nbsp;&lt;/p&gt;&lt;p&gt;+PSDs ( with all layer )&lt;/p&gt;&lt;p&gt;+PSDs NSFW file&amp;nbsp;&lt;i&gt;( with all layer )&lt;/i&gt;&lt;/p&gt;&lt;p&gt;+NSFW.JPG&lt;br /&gt;&lt;br /&gt;+NSFW.PNG&amp;nbsp;&lt;i&gt;( full size images ) (HD)&lt;br /&gt;&lt;br /&gt;&lt;a class=&quot;external&quot; href=&quot;https://www.deviantart.com/users/outgoing?http://www.patreon.com/kyomon&quot;&gt;My Patreon&lt;/a&gt;&amp;nbsp;&amp;nbsp;&amp;nbsp; &amp;nbsp;&amp;nbsp;&lt;a class=&quot;external&quot; href=&quot;https://www.deviantart.com/users/outgoing?http://gumroad.com/kyomon&quot;&gt;My Guroad&lt;/a&gt;&amp;nbsp;&amp;nbsp;&lt;br /&gt;&lt;/i&gt;&lt;br /&gt;Thank you so much for visiting my patreon&amp;nbsp;&lt;img src=&quot;https://e.deviantart.net/emoticons/h/hug.gif&quot; alt=&quot;Hug&quot; style=&quot;width: 38px; height: 15px;&quot; data-embed-type=&quot;emoticon&quot; data-embed-id=&quot;160&quot;&gt;&amp;nbsp;&lt;img src=&quot;https://e.deviantart.net/emoticons/h/heart.gif&quot; alt=&quot;Heart&quot; style=&quot;width: 15px; height: 13px;&quot; data-embed-type=&quot;emoticon&quot; data-embed-id=&quot;357&quot;&gt;&amp;nbsp;&lt;img src=&quot;https://e.deviantart.net/emoticons/h/heart.gif&quot; alt=&quot;Heart&quot; style=&quot;width: 15px; height: 13px;&quot; data-embed-type=&quot;emoticon&quot; data-embed-id=&quot;357&quot;&gt;&amp;nbsp;&lt;img src=&quot;https://e.deviantart.net/emoticons/h/heart.gif&quot; alt=&quot;Heart&quot; style=&quot;width: 15px; height: 13px;&quot; data-embed-type=&quot;emoticon&quot; data-embed-id=&quot;357&quot;&gt;&amp;nbsp;&lt;i&gt;&lt;br /&gt;_________________________________________&lt;br /&gt;&lt;/i&gt;&amp;#9733; Intagram:&amp;nbsp;&lt;a class=&quot;external&quot; href=&quot;https://www.deviantart.com/users/outgoing?https://www.instagram.com/kyoomon/&quot;&gt;www.instagram.com/kyoomon/&lt;/a&gt;&lt;br /&gt;&amp;#9733; Tumblr:&amp;nbsp;&lt;a class=&quot;external&quot; href=&quot;https://www.deviantart.com/users/outgoing?https://www.tumblr.com/blog/kyoomon&quot;&gt;www.tumblr.com/blog/kyoomon&lt;/a&gt;&lt;br /&gt;&amp;#9733; FB:&amp;nbsp;&lt;a class=&quot;external&quot; href=&quot;https://www.deviantart.com/users/outgoing?https://www.facebook.com/pages/Kyomon/1604399993158775&quot;&gt;www.facebook.com/pages/Kyomon/&amp;#8230;&lt;/a&gt;&lt;br /&gt;&lt;span&gt;&amp;#9733; Twitter:&amp;nbsp;&lt;/span&gt;&lt;a class=&quot;external&quot; href=&quot;https://www.deviantart.com/users/outgoing?https://twitter.com/KyoMonn&quot;&gt;twitter.com/KyoMonn&lt;/a&gt;&lt;span&gt;&amp;nbsp;&lt;/span&gt;&lt;/p&gt;&lt;br /&gt;&lt;div&gt;&lt;img src=&quot;https://t00.deviantart.net/cSjs3LCQvgi2iCFIi4oRTKc5irM=/300x200/filters:fixed_height(100,100):origin()/pre00/0990/th/pre/f/2019/026/d/e/honolulu_by_songjikyo-dcy30lw.png&quot; alt=&quot;thumbnail&quot; /&gt;&lt;/div&gt;</description>            </item>
                    <item>
                <title>Fat Dva Teasing Fat Mei (NSFW)</title>
                <link>https://sweetnessadmirer.deviantart.com/art/Fat-Dva-Teasing-Fat-Mei-NSFW-782876647</link>
                <guid isPermaLink="true">https://sweetnessadmirer.deviantart.com/art/Fat-Dva-Teasing-Fat-Mei-NSFW-782876647</guid>
                <pubDate>Sat, 26 Jan 2019 14:19:20 PST</pubDate>
                        <media:title type="plain">Fat Dva Teasing Fat Mei (NSFW)</media:title>
        <media:keywords></media:keywords>
                        <media:rating>adult</media:rating>
                <media:category label="Pin-up">digitalart/paintings/people/pinup</media:category>
        <media:credit role="author" scheme="urn:ebu">SweetnessAdmirer</media:credit>
        <media:credit role="author" scheme="urn:ebu">https://a.deviantart.net/avatars/s/w/sweetnessadmirer.jpg?2</media:credit>
        <media:copyright url="https://sweetnessadmirer.deviantart.com">Copyright 2019 SweetnessAdmirer</media:copyright>            <media:description type="html">The title seems pretty self explanatory?&amp;nbsp;&lt;br /&gt;This was an anonymous commission to make a fat Dva and Mei getting very toughy-feely! a bit more risque than I normally do but was still fun to tackle. Enjoy everyone!</media:description>            <media:thumbnail url="https://t00.deviantart.net/NZLzDM1EGyzHpxJ8BAZ50YWaCB8=/fit-in/150x150/filters:no_upscale():origin()/pre00/89a3/th/pre/f/2019/026/b/1/fat_dva_teasing_fat_mei__nsfw__by_sweetnessadmirer-dcy3rhj.jpg" height="87" width="150"/>            <media:thumbnail url="https://t00.deviantart.net/oUgX_czzwsHzxRSuQ3e9hU_ys-Y=/fit-in/300x900/filters:no_upscale():origin()/pre00/89a3/th/pre/f/2019/026/b/1/fat_dva_teasing_fat_mei__nsfw__by_sweetnessadmirer-dcy3rhj.jpg" height="175" width="300"/>            <media:thumbnail url="https://t00.deviantart.net/DXncGfpUwu7paz6UdEA4U54kZsc=/300x200/filters:fixed_height(100,100):origin()/pre00/89a3/th/pre/f/2019/026/b/1/fat_dva_teasing_fat_mei__nsfw__by_sweetnessadmirer-dcy3rhj.jpg" height="175" width="300"/>            <media:content url="https://pre00.deviantart.net/89a3/th/pre/f/2019/026/b/1/fat_dva_teasing_fat_mei__nsfw__by_sweetnessadmirer-dcy3rhj.jpg" height="682" width="1172" medium="image"/>            
            <description>The title seems pretty self explanatory?&amp;nbsp;&lt;br /&gt;This was an anonymous commission to make a fat Dva and Mei getting very toughy-feely! a bit more risque than I normally do but was still fun to tackle. Enjoy everyone!&lt;br /&gt;&lt;div&gt;&lt;img src=&quot;https://t00.deviantart.net/DXncGfpUwu7paz6UdEA4U54kZsc=/300x200/filters:fixed_height(100,100):origin()/pre00/89a3/th/pre/f/2019/026/b/1/fat_dva_teasing_fat_mei__nsfw__by_sweetnessadmirer-dcy3rhj.jpg&quot; alt=&quot;thumbnail&quot; /&gt;&lt;/div&gt;</description>            </item>
                    <item>
                <title>D.va Mecha</title>
                <link>https://lord-dominik.deviantart.com/art/D-va-Mecha-782888939</link>
                <guid isPermaLink="true">https://lord-dominik.deviantart.com/art/D-va-Mecha-782888939</guid>
                <pubDate>Sat, 26 Jan 2019 15:38:30 PST</pubDate>
                        <media:title type="plain">D.va Mecha</media:title>
        <media:keywords></media:keywords>
                        <media:rating>adult</media:rating>
                <media:category label="Games">fanart/digital/drawings/games</media:category>
        <media:credit role="author" scheme="urn:ebu">Lord-Dominik</media:credit>
        <media:credit role="author" scheme="urn:ebu">https://a.deviantart.net/avatars/l/o/lord-dominik.png?3</media:credit>
        <media:copyright url="https://lord-dominik.deviantart.com">Copyright 2019 Lord-Dominik</media:copyright>            <media:description type="html">&lt;img src=&quot;https://e.deviantart.net/emoticons/s/star_full.gif&quot; alt=&quot;Star!&quot; style=&quot;width: 17px; height: 16px;&quot; data-embed-type=&quot;emoticon&quot; data-embed-id=&quot;450&quot;&gt;&lt;span&gt;&amp;nbsp; &amp;nbsp;&amp;nbsp;&lt;/span&gt;&lt;img src=&quot;https://e.deviantart.net/emoticons/s/star_full.gif&quot; alt=&quot;Star!&quot; style=&quot;width: 17px; height: 16px;&quot; data-embed-type=&quot;emoticon&quot; data-embed-id=&quot;450&quot;&gt;&lt;span&gt;&amp;nbsp; &amp;nbsp;&amp;nbsp;&lt;/span&gt;&lt;img src=&quot;https://e.deviantart.net/emoticons/s/star_full.gif&quot; alt=&quot;Star!&quot; style=&quot;width: 17px; height: 16px;&quot; data-embed-type=&quot;emoticon&quot; data-embed-id=&quot;450&quot;&gt;&lt;span&gt;&amp;nbsp; &amp;nbsp;&amp;nbsp;&lt;/span&gt;&lt;img src=&quot;https://e.deviantart.net/emoticons/s/star_full.gif&quot; alt=&quot;Star!&quot; style=&quot;width: 17px; height: 16px;&quot; data-embed-type=&quot;emoticon&quot; data-embed-id=&quot;450&quot;&gt;&lt;span&gt;&amp;nbsp; &amp;nbsp;&amp;nbsp;&lt;/span&gt;&lt;img src=&quot;https://e.deviantart.net/emoticons/s/star_full.gif&quot; alt=&quot;Star!&quot; style=&quot;width: 17px; height: 16px;&quot; data-embed-type=&quot;emoticon&quot; data-embed-id=&quot;450&quot;&gt;&lt;span&gt;&amp;nbsp; &amp;nbsp;&amp;nbsp;&lt;/span&gt;&lt;img src=&quot;https://e.deviantart.net/emoticons/s/star_full.gif&quot; alt=&quot;Star!&quot; style=&quot;width: 17px; height: 16px;&quot; data-embed-type=&quot;emoticon&quot; data-embed-id=&quot;450&quot;&gt;&lt;span&gt;&amp;nbsp; &amp;nbsp;&amp;nbsp;&lt;/span&gt;&lt;img src=&quot;https://e.deviantart.net/emoticons/s/star_full.gif&quot; alt=&quot;Star!&quot; style=&quot;width: 17px; height: 16px;&quot; data-embed-type=&quot;emoticon&quot; data-embed-id=&quot;450&quot;&gt;&lt;span&gt;&amp;nbsp; &amp;nbsp;&amp;nbsp;&lt;/span&gt;&lt;img src=&quot;https://e.deviantart.net/emoticons/s/star_full.gif&quot; alt=&quot;Star!&quot; style=&quot;width: 17px; height: 16px;&quot; data-embed-type=&quot;emoticon&quot; data-embed-id=&quot;450&quot;&gt;&lt;span&gt;&amp;nbsp; &amp;nbsp;&amp;nbsp;&lt;/span&gt;&lt;img src=&quot;https://e.deviantart.net/emoticons/s/star_full.gif&quot; alt=&quot;Star!&quot; style=&quot;width: 17px; height: 16px;&quot; data-embed-type=&quot;emoticon&quot; data-embed-id=&quot;450&quot;&gt;&lt;br /&gt;&lt;br /&gt;&lt;a href=&quot;https://www.deviantart.com/poserfan/art/Patreon-Icon-543304473&quot; class=&quot;emoticon&quot; data-embed-type=&quot;emoticon&quot; data-embed-id=&quot;543304473&quot; data-embed-profile=&quot;deviation&quot;&gt;&lt;img src=&quot;https://images-wixmp-ed30a86b8c4ca887773594c2.wixmp.com/intermediary/f/0a6e9796-d386-4234-97d1-d46c16906e81/d8zgwex-5864a807-08a9-4167-a686-55d51e951ded.png&quot; alt=&quot;Patreon Icon&quot; style=&quot;width:16px;height:16px&quot;&gt;&lt;/a&gt;&lt;span&gt;&amp;nbsp;&lt;/span&gt;&lt;a class=&quot;external&quot; href=&quot;https://www.deviantart.com/users/outgoing?http://www.patreon.com/lorddominik&quot;&gt;Patreon Page&lt;/a&gt;&lt;span&gt;&amp;nbsp;&lt;/span&gt;&lt;a href=&quot;https://www.deviantart.com/poserfan/art/Patreon-Icon-543304473&quot; class=&quot;emoticon&quot; data-embed-type=&quot;emoticon&quot; data-embed-id=&quot;543304473&quot; data-embed-profile=&quot;deviation&quot;&gt;&lt;img src=&quot;https://images-wixmp-ed30a86b8c4ca887773594c2.wixmp.com/intermediary/f/0a6e9796-d386-4234-97d1-d46c16906e81/d8zgwex-5864a807-08a9-4167-a686-55d51e951ded.png&quot; alt=&quot;Patreon Icon&quot; style=&quot;width:16px;height:16px&quot;&gt;&lt;/a&gt;&lt;span&gt;&amp;nbsp;&amp;nbsp;&lt;/span&gt;&lt;a href=&quot;https://www.deviantart.com/liriorox/art/Gumroad-icon-2-545734859&quot; class=&quot;emoticon&quot; data-embed-type=&quot;emoticon&quot; data-embed-id=&quot;545734859&quot; data-embed-profile=&quot;deviation&quot;&gt;&lt;img src=&quot;https://images-wixmp-ed30a86b8c4ca887773594c2.wixmp.com/intermediary/f/0bd87312-636c-4da8-8502-26c542873b11/d90wzpn-47fbf5d8-7dd8-40b0-810d-f16277f51393.png&quot; alt=&quot;Gumroad icon 2&quot; style=&quot;width:16px;height:16px&quot;&gt;&lt;/a&gt;&lt;span&gt;&amp;nbsp;&amp;nbsp;&lt;/span&gt;&lt;a class=&quot;external&quot; href=&quot;https://www.deviantart.com/users/outgoing?https://gumroad.com/lorddominik&quot;&gt;Gumroad&lt;/a&gt;&lt;span&gt;&amp;nbsp;&lt;/span&gt;&lt;a href=&quot;https://www.deviantart.com/liriorox/art/Gumroad-icon-2-545734859&quot; class=&quot;emoticon&quot; data-embed-type=&quot;emoticon&quot; data-embed-id=&quot;545734859&quot; data-embed-profile=&quot;deviation&quot;&gt;&lt;img src=&quot;https://images-wixmp-ed30a86b8c4ca887773594c2.wixmp.com/intermediary/f/0bd87312-636c-4da8-8502-26c542873b11/d90wzpn-47fbf5d8-7dd8-40b0-810d-f16277f51393.png&quot; alt=&quot;Gumroad icon 2&quot; style=&quot;width:16px;height:16px&quot;&gt;&lt;/a&gt;&lt;span&gt;&amp;lt;-PSD, NSFW, other versions, WIPs, etc&amp;nbsp;&lt;/span&gt;&lt;br /&gt;&lt;br /&gt;&lt;span&gt;You can support me and get access:&amp;nbsp;&lt;/span&gt;&lt;br /&gt;&lt;span&gt;&amp;nbsp; &amp;nbsp;&amp;nbsp;&amp;nbsp; &amp;nbsp;&amp;nbsp;&lt;/span&gt;&lt;img src=&quot;https://e.deviantart.net/emoticons/b/bulletgreen.gif&quot; alt=&quot;Bullet; Green&quot; style=&quot;width: 10px; height: 10px;&quot; data-embed-type=&quot;emoticon&quot; data-embed-id=&quot;209&quot;&gt;&lt;span&gt;&amp;nbsp;High resolution illustrations&amp;nbsp;&lt;/span&gt;&lt;br /&gt;&lt;span&gt;&amp;nbsp; &amp;nbsp; &amp;nbsp; &amp;nbsp;&amp;nbsp;&lt;/span&gt;&lt;img src=&quot;https://e.deviantart.net/emoticons/b/bulletgreen.gif&quot; alt=&quot;Bullet; Green&quot; style=&quot;width: 10px; height: 10px;&quot; data-embed-type=&quot;emoticon&quot; data-embed-id=&quot;209&quot;&gt;&lt;span&gt;&amp;nbsp;Linework / sketches&amp;nbsp; &amp;nbsp;&amp;nbsp;&lt;/span&gt;&lt;br /&gt;&lt;span&gt;&amp;nbsp; &amp;nbsp;&amp;nbsp;&amp;nbsp; &amp;nbsp;&amp;nbsp;&lt;/span&gt;&lt;img src=&quot;https://e.deviantart.net/emoticons/b/bulletgreen.gif&quot; alt=&quot;Bullet; Green&quot; style=&quot;width: 10px; height: 10px;&quot; data-embed-type=&quot;emoticon&quot; data-embed-id=&quot;209&quot;&gt;&lt;span&gt;&amp;nbsp;Original resolution&amp;nbsp; &amp;nbsp;&lt;/span&gt;&lt;br /&gt;&lt;span&gt;&amp;nbsp; &amp;nbsp;&amp;nbsp;&amp;nbsp; &amp;nbsp;&amp;nbsp;&lt;/span&gt;&lt;img src=&quot;https://e.deviantart.net/emoticons/b/bulletgreen.gif&quot; alt=&quot;Bullet; Green&quot; style=&quot;width: 10px; height: 10px;&quot; data-embed-type=&quot;emoticon&quot; data-embed-id=&quot;209&quot;&gt;&lt;span&gt;&amp;nbsp;Bikini Version &amp;nbsp;&lt;/span&gt;&lt;br /&gt;&lt;span&gt;&amp;nbsp; &amp;nbsp;&amp;nbsp;&amp;nbsp; &amp;nbsp;&amp;nbsp;&lt;/span&gt;&lt;img src=&quot;https://e.deviantart.net/emoticons/b/bulletgreen.gif&quot; alt=&quot;Bullet; Green&quot; style=&quot;width: 10px; height: 10px;&quot; data-embed-type=&quot;emoticon&quot; data-embed-id=&quot;209&quot;&gt;&lt;span&gt;&amp;nbsp;NSFW Version&amp;nbsp;&lt;/span&gt;&lt;br /&gt;&lt;br /&gt;&lt;img src=&quot;https://e.deviantart.net/emoticons/s/star_full.gif&quot; alt=&quot;Star!&quot; style=&quot;width: 17px; height: 16px;&quot; data-embed-type=&quot;emoticon&quot; data-embed-id=&quot;450&quot;&gt;&lt;span&gt;&amp;nbsp; &amp;nbsp;&amp;nbsp;&lt;/span&gt;&lt;img src=&quot;https://e.deviantart.net/emoticons/s/star_full.gif&quot; alt=&quot;Star!&quot; style=&quot;width: 17px; height: 16px;&quot; data-embed-type=&quot;emoticon&quot; data-embed-id=&quot;450&quot;&gt;&lt;span&gt;&amp;nbsp; &amp;nbsp;&amp;nbsp;&lt;/span&gt;&lt;img src=&quot;https://e.deviantart.net/emoticons/s/star_full.gif&quot; alt=&quot;Star!&quot; style=&quot;width: 17px; height: 16px;&quot; data-embed-type=&quot;emoticon&quot; data-embed-id=&quot;450&quot;&gt;&lt;span&gt;&amp;nbsp; &amp;nbsp;&amp;nbsp;&lt;/span&gt;&lt;img src=&quot;https://e.deviantart.net/emoticons/s/star_full.gif&quot; alt=&quot;Star!&quot; style=&quot;width: 17px; height: 16px;&quot; data-embed-type=&quot;emoticon&quot; data-embed-id=&quot;450&quot;&gt;&lt;span&gt;&amp;nbsp; &amp;nbsp;&amp;nbsp;&lt;/span&gt;&lt;img src=&quot;https://e.deviantart.net/emoticons/s/star_full.gif&quot; alt=&quot;Star!&quot; style=&quot;width: 17px; height: 16px;&quot; data-embed-type=&quot;emoticon&quot; data-embed-id=&quot;450&quot;&gt;&lt;span&gt;&amp;nbsp; &amp;nbsp;&amp;nbsp;&lt;/span&gt;&lt;img src=&quot;https://e.deviantart.net/emoticons/s/star_full.gif&quot; alt=&quot;Star!&quot; style=&quot;width: 17px; height: 16px;&quot; data-embed-type=&quot;emoticon&quot; data-embed-id=&quot;450&quot;&gt;&lt;span&gt;&amp;nbsp; &amp;nbsp;&amp;nbsp;&lt;/span&gt;&lt;img src=&quot;https://e.deviantart.net/emoticons/s/star_full.gif&quot; alt=&quot;Star!&quot; style=&quot;width: 17px; height: 16px;&quot; data-embed-type=&quot;emoticon&quot; data-embed-id=&quot;450&quot;&gt;&lt;span&gt;&amp;nbsp; &amp;nbsp;&amp;nbsp;&lt;/span&gt;&lt;img src=&quot;https://e.deviantart.net/emoticons/s/star_full.gif&quot; alt=&quot;Star!&quot; style=&quot;width: 17px; height: 16px;&quot; data-embed-type=&quot;emoticon&quot; data-embed-id=&quot;450&quot;&gt;&lt;span&gt;&amp;nbsp; &amp;nbsp;&amp;nbsp;&lt;/span&gt;&lt;img src=&quot;https://e.deviantart.net/emoticons/s/star_full.gif&quot; alt=&quot;Star!&quot; style=&quot;width: 17px; height: 16px;&quot; data-embed-type=&quot;emoticon&quot; data-embed-id=&quot;450&quot;&gt;&lt;span&gt;&amp;nbsp; &amp;nbsp;&amp;nbsp;&lt;/span&gt;&lt;img src=&quot;https://e.deviantart.net/emoticons/s/star_full.gif&quot; alt=&quot;Star!&quot; style=&quot;width: 17px; height: 16px;&quot; data-embed-type=&quot;emoticon&quot; data-embed-id=&quot;450&quot;&gt;</media:description>            <media:thumbnail url="https://t00.deviantart.net/Q4XxSL5s9nRyhM3FnTSS1HBL1iw=/fit-in/150x150/filters:no_upscale():origin()/pre00/defa/th/pre/i/2019/026/f/2/d_va_mecha_by_lord_dominik-dcy40yz.png" height="150" width="108"/>            <media:thumbnail url="https://t00.deviantart.net/H7scvzO4UOFsSrl77K8a_5GlwWQ=/fit-in/300x900/filters:no_upscale():origin()/pre00/defa/th/pre/i/2019/026/f/2/d_va_mecha_by_lord_dominik-dcy40yz.png" height="417" width="300"/>            <media:thumbnail url="https://t00.deviantart.net/govkOg0Sl3zKR20TxmQaCA35meA=/300x200/filters:fixed_height(100,100):origin()/pre00/defa/th/pre/i/2019/026/f/2/d_va_mecha_by_lord_dominik-dcy40yz.png" height="200" width="144"/>            <media:content url="https://pre00.deviantart.net/defa/th/pre/i/2019/026/f/2/d_va_mecha_by_lord_dominik-dcy40yz.png" height="1054" width="758" medium="image"/>            
            <description>&lt;img src=&quot;https://e.deviantart.net/emoticons/s/star_full.gif&quot; alt=&quot;Star!&quot; style=&quot;width: 17px; height: 16px;&quot; data-embed-type=&quot;emoticon&quot; data-embed-id=&quot;450&quot;&gt;&lt;span&gt;&amp;nbsp; &amp;nbsp;&amp;nbsp;&lt;/span&gt;&lt;img src=&quot;https://e.deviantart.net/emoticons/s/star_full.gif&quot; alt=&quot;Star!&quot; style=&quot;width: 17px; height: 16px;&quot; data-embed-type=&quot;emoticon&quot; data-embed-id=&quot;450&quot;&gt;&lt;span&gt;&amp;nbsp; &amp;nbsp;&amp;nbsp;&lt;/span&gt;&lt;img src=&quot;https://e.deviantart.net/emoticons/s/star_full.gif&quot; alt=&quot;Star!&quot; style=&quot;width: 17px; height: 16px;&quot; data-embed-type=&quot;emoticon&quot; data-embed-id=&quot;450&quot;&gt;&lt;span&gt;&amp;nbsp; &amp;nbsp;&amp;nbsp;&lt;/span&gt;&lt;img src=&quot;https://e.deviantart.net/emoticons/s/star_full.gif&quot; alt=&quot;Star!&quot; style=&quot;width: 17px; height: 16px;&quot; data-embed-type=&quot;emoticon&quot; data-embed-id=&quot;450&quot;&gt;&lt;span&gt;&amp;nbsp; &amp;nbsp;&amp;nbsp;&lt;/span&gt;&lt;img src=&quot;https://e.deviantart.net/emoticons/s/star_full.gif&quot; alt=&quot;Star!&quot; style=&quot;width: 17px; height: 16px;&quot; data-embed-type=&quot;emoticon&quot; data-embed-id=&quot;450&quot;&gt;&lt;span&gt;&amp;nbsp; &amp;nbsp;&amp;nbsp;&lt;/span&gt;&lt;img src=&quot;https://e.deviantart.net/emoticons/s/star_full.gif&quot; alt=&quot;Star!&quot; style=&quot;width: 17px; height: 16px;&quot; data-embed-type=&quot;emoticon&quot; data-embed-id=&quot;450&quot;&gt;&lt;span&gt;&amp;nbsp; &amp;nbsp;&amp;nbsp;&lt;/span&gt;&lt;img src=&quot;https://e.deviantart.net/emoticons/s/star_full.gif&quot; alt=&quot;Star!&quot; style=&quot;width: 17px; height: 16px;&quot; data-embed-type=&quot;emoticon&quot; data-embed-id=&quot;450&quot;&gt;&lt;span&gt;&amp;nbsp; &amp;nbsp;&amp;nbsp;&lt;/span&gt;&lt;img src=&quot;https://e.deviantart.net/emoticons/s/star_full.gif&quot; alt=&quot;Star!&quot; style=&quot;width: 17px; height: 16px;&quot; data-embed-type=&quot;emoticon&quot; data-embed-id=&quot;450&quot;&gt;&lt;span&gt;&amp;nbsp; &amp;nbsp;&amp;nbsp;&lt;/span&gt;&lt;img src=&quot;https://e.deviantart.net/emoticons/s/star_full.gif&quot; alt=&quot;Star!&quot; style=&quot;width: 17px; height: 16px;&quot; data-embed-type=&quot;emoticon&quot; data-embed-id=&quot;450&quot;&gt;&lt;br /&gt;&lt;br /&gt;&lt;a href=&quot;https://www.deviantart.com/poserfan/art/Patreon-Icon-543304473&quot; class=&quot;emoticon&quot; data-embed-type=&quot;emoticon&quot; data-embed-id=&quot;543304473&quot; data-embed-profile=&quot;deviation&quot;&gt;&lt;img src=&quot;https://images-wixmp-ed30a86b8c4ca887773594c2.wixmp.com/intermediary/f/0a6e9796-d386-4234-97d1-d46c16906e81/d8zgwex-5864a807-08a9-4167-a686-55d51e951ded.png&quot; alt=&quot;Patreon Icon&quot; style=&quot;width:16px;height:16px&quot;&gt;&lt;/a&gt;&lt;span&gt;&amp;nbsp;&lt;/span&gt;&lt;a class=&quot;external&quot; href=&quot;https://www.deviantart.com/users/outgoing?http://www.patreon.com/lorddominik&quot;&gt;Patreon Page&lt;/a&gt;&lt;span&gt;&amp;nbsp;&lt;/span&gt;&lt;a href=&quot;https://www.deviantart.com/poserfan/art/Patreon-Icon-543304473&quot; class=&quot;emoticon&quot; data-embed-type=&quot;emoticon&quot; data-embed-id=&quot;543304473&quot; data-embed-profile=&quot;deviation&quot;&gt;&lt;img src=&quot;https://images-wixmp-ed30a86b8c4ca887773594c2.wixmp.com/intermediary/f/0a6e9796-d386-4234-97d1-d46c16906e81/d8zgwex-5864a807-08a9-4167-a686-55d51e951ded.png&quot; alt=&quot;Patreon Icon&quot; style=&quot;width:16px;height:16px&quot;&gt;&lt;/a&gt;&lt;span&gt;&amp;nbsp;&amp;nbsp;&lt;/span&gt;&lt;a href=&quot;https://www.deviantart.com/liriorox/art/Gumroad-icon-2-545734859&quot; class=&quot;emoticon&quot; data-embed-type=&quot;emoticon&quot; data-embed-id=&quot;545734859&quot; data-embed-profile=&quot;deviation&quot;&gt;&lt;img src=&quot;https://images-wixmp-ed30a86b8c4ca887773594c2.wixmp.com/intermediary/f/0bd87312-636c-4da8-8502-26c542873b11/d90wzpn-47fbf5d8-7dd8-40b0-810d-f16277f51393.png&quot; alt=&quot;Gumroad icon 2&quot; style=&quot;width:16px;height:16px&quot;&gt;&lt;/a&gt;&lt;span&gt;&amp;nbsp;&amp;nbsp;&lt;/span&gt;&lt;a class=&quot;external&quot; href=&quot;https://www.deviantart.com/users/outgoing?https://gumroad.com/lorddominik&quot;&gt;Gumroad&lt;/a&gt;&lt;span&gt;&amp;nbsp;&lt;/span&gt;&lt;a href=&quot;https://www.deviantart.com/liriorox/art/Gumroad-icon-2-545734859&quot; class=&quot;emoticon&quot; data-embed-type=&quot;emoticon&quot; data-embed-id=&quot;545734859&quot; data-embed-profile=&quot;deviation&quot;&gt;&lt;img src=&quot;https://images-wixmp-ed30a86b8c4ca887773594c2.wixmp.com/intermediary/f/0bd87312-636c-4da8-8502-26c542873b11/d90wzpn-47fbf5d8-7dd8-40b0-810d-f16277f51393.png&quot; alt=&quot;Gumroad icon 2&quot; style=&quot;width:16px;height:16px&quot;&gt;&lt;/a&gt;&lt;span&gt;&amp;lt;-PSD, NSFW, other versions, WIPs, etc&amp;nbsp;&lt;/span&gt;&lt;br /&gt;&lt;br /&gt;&lt;span&gt;You can support me and get access:&amp;nbsp;&lt;/span&gt;&lt;br /&gt;&lt;span&gt;&amp;nbsp; &amp;nbsp;&amp;nbsp;&amp;nbsp; &amp;nbsp;&amp;nbsp;&lt;/span&gt;&lt;img src=&quot;https://e.deviantart.net/emoticons/b/bulletgreen.gif&quot; alt=&quot;Bullet; Green&quot; style=&quot;width: 10px; height: 10px;&quot; data-embed-type=&quot;emoticon&quot; data-embed-id=&quot;209&quot;&gt;&lt;span&gt;&amp;nbsp;High resolution illustrations&amp;nbsp;&lt;/span&gt;&lt;br /&gt;&lt;span&gt;&amp;nbsp; &amp;nbsp; &amp;nbsp; &amp;nbsp;&amp;nbsp;&lt;/span&gt;&lt;img src=&quot;https://e.deviantart.net/emoticons/b/bulletgreen.gif&quot; alt=&quot;Bullet; Green&quot; style=&quot;width: 10px; height: 10px;&quot; data-embed-type=&quot;emoticon&quot; data-embed-id=&quot;209&quot;&gt;&lt;span&gt;&amp;nbsp;Linework / sketches&amp;nbsp; &amp;nbsp;&amp;nbsp;&lt;/span&gt;&lt;br /&gt;&lt;span&gt;&amp;nbsp; &amp;nbsp;&amp;nbsp;&amp;nbsp; &amp;nbsp;&amp;nbsp;&lt;/span&gt;&lt;img src=&quot;https://e.deviantart.net/emoticons/b/bulletgreen.gif&quot; alt=&quot;Bullet; Green&quot; style=&quot;width: 10px; height: 10px;&quot; data-embed-type=&quot;emoticon&quot; data-embed-id=&quot;209&quot;&gt;&lt;span&gt;&amp;nbsp;Original resolution&amp;nbsp; &amp;nbsp;&lt;/span&gt;&lt;br /&gt;&lt;span&gt;&amp;nbsp; &amp;nbsp;&amp;nbsp;&amp;nbsp; &amp;nbsp;&amp;nbsp;&lt;/span&gt;&lt;img src=&quot;https://e.deviantart.net/emoticons/b/bulletgreen.gif&quot; alt=&quot;Bullet; Green&quot; style=&quot;width: 10px; height: 10px;&quot; data-embed-type=&quot;emoticon&quot; data-embed-id=&quot;209&quot;&gt;&lt;span&gt;&amp;nbsp;Bikini Version &amp;nbsp;&lt;/span&gt;&lt;br /&gt;&lt;span&gt;&amp;nbsp; &amp;nbsp;&amp;nbsp;&amp;nbsp; &amp;nbsp;&amp;nbsp;&lt;/span&gt;&lt;img src=&quot;https://e.deviantart.net/emoticons/b/bulletgreen.gif&quot; alt=&quot;Bullet; Green&quot; style=&quot;width: 10px; height: 10px;&quot; data-embed-type=&quot;emoticon&quot; data-embed-id=&quot;209&quot;&gt;&lt;span&gt;&amp;nbsp;NSFW Version&amp;nbsp;&lt;/span&gt;&lt;br /&gt;&lt;br /&gt;&lt;img src=&quot;https://e.deviantart.net/emoticons/s/star_full.gif&quot; alt=&quot;Star!&quot; style=&quot;width: 17px; height: 16px;&quot; data-embed-type=&quot;emoticon&quot; data-embed-id=&quot;450&quot;&gt;&lt;span&gt;&amp;nbsp; &amp;nbsp;&amp;nbsp;&lt;/span&gt;&lt;img src=&quot;https://e.deviantart.net/emoticons/s/star_full.gif&quot; alt=&quot;Star!&quot; style=&quot;width: 17px; height: 16px;&quot; data-embed-type=&quot;emoticon&quot; data-embed-id=&quot;450&quot;&gt;&lt;span&gt;&amp;nbsp; &amp;nbsp;&amp;nbsp;&lt;/span&gt;&lt;img src=&quot;https://e.deviantart.net/emoticons/s/star_full.gif&quot; alt=&quot;Star!&quot; style=&quot;width: 17px; height: 16px;&quot; data-embed-type=&quot;emoticon&quot; data-embed-id=&quot;450&quot;&gt;&lt;span&gt;&amp;nbsp; &amp;nbsp;&amp;nbsp;&lt;/span&gt;&lt;img src=&quot;https://e.deviantart.net/emoticons/s/star_full.gif&quot; alt=&quot;Star!&quot; style=&quot;width: 17px; height: 16px;&quot; data-embed-type=&quot;emoticon&quot; data-embed-id=&quot;450&quot;&gt;&lt;span&gt;&amp;nbsp; &amp;nbsp;&amp;nbsp;&lt;/span&gt;&lt;img src=&quot;https://e.deviantart.net/emoticons/s/star_full.gif&quot; alt=&quot;Star!&quot; style=&quot;width: 17px; height: 16px;&quot; data-embed-type=&quot;emoticon&quot; data-embed-id=&quot;450&quot;&gt;&lt;span&gt;&amp;nbsp; &amp;nbsp;&amp;nbsp;&lt;/span&gt;&lt;img src=&quot;https://e.deviantart.net/emoticons/s/star_full.gif&quot; alt=&quot;Star!&quot; style=&quot;width: 17px; height: 16px;&quot; data-embed-type=&quot;emoticon&quot; data-embed-id=&quot;450&quot;&gt;&lt;span&gt;&amp;nbsp; &amp;nbsp;&amp;nbsp;&lt;/span&gt;&lt;img src=&quot;https://e.deviantart.net/emoticons/s/star_full.gif&quot; alt=&quot;Star!&quot; style=&quot;width: 17px; height: 16px;&quot; data-embed-type=&quot;emoticon&quot; data-embed-id=&quot;450&quot;&gt;&lt;span&gt;&amp;nbsp; &amp;nbsp;&amp;nbsp;&lt;/span&gt;&lt;img src=&quot;https://e.deviantart.net/emoticons/s/star_full.gif&quot; alt=&quot;Star!&quot; style=&quot;width: 17px; height: 16px;&quot; data-embed-type=&quot;emoticon&quot; data-embed-id=&quot;450&quot;&gt;&lt;span&gt;&amp;nbsp; &amp;nbsp;&amp;nbsp;&lt;/span&gt;&lt;img src=&quot;https://e.deviantart.net/emoticons/s/star_full.gif&quot; alt=&quot;Star!&quot; style=&quot;width: 17px; height: 16px;&quot; data-embed-type=&quot;emoticon&quot; data-embed-id=&quot;450&quot;&gt;&lt;span&gt;&amp;nbsp; &amp;nbsp;&amp;nbsp;&lt;/span&gt;&lt;img src=&quot;https://e.deviantart.net/emoticons/s/star_full.gif&quot; alt=&quot;Star!&quot; style=&quot;width: 17px; height: 16px;&quot; data-embed-type=&quot;emoticon&quot; data-embed-id=&quot;450&quot;&gt;&lt;br /&gt;&lt;div&gt;&lt;img src=&quot;https://t00.deviantart.net/govkOg0Sl3zKR20TxmQaCA35meA=/300x200/filters:fixed_height(100,100):origin()/pre00/defa/th/pre/i/2019/026/f/2/d_va_mecha_by_lord_dominik-dcy40yz.png&quot; alt=&quot;thumbnail&quot; /&gt;&lt;/div&gt;</description>            </item>
                    <item>
                <title>Stream1.20.19: Sharc</title>
                <link>https://cross-crescent.deviantart.com/art/Stream1-20-19-Sharc-782619801</link>
                <guid isPermaLink="true">https://cross-crescent.deviantart.com/art/Stream1-20-19-Sharc-782619801</guid>
                <pubDate>Sat, 26 Jan 2019 12:59:25 PST</pubDate>
                        <media:title type="plain">Stream1.20.19: Sharc</media:title>
        <media:keywords></media:keywords>
                        <media:rating>adult</media:rating>
                <media:category label="Fantasy">digitalart/paintings/fantasy</media:category>
        <media:credit role="author" scheme="urn:ebu">Cross-Crescent</media:credit>
        <media:credit role="author" scheme="urn:ebu">https://a.deviantart.net/avatars/c/r/cross-crescent.gif?8</media:credit>
        <media:copyright url="https://cross-crescent.deviantart.com">Copyright 2019 Cross-Crescent</media:copyright>            <media:description type="html">A comm for Sharc.</media:description>            <media:thumbnail url="https://t00.deviantart.net/6W_KBEbYkrrigaEQjci40_UOMhg=/fit-in/150x150/filters:no_upscale():origin()/pre00/4fe4/th/pre/f/2019/026/b/f/stream1_20_19__sharc_by_cross_crescent-dcxy9ax.png" height="76" width="150"/>            <media:thumbnail url="https://t00.deviantart.net/bHe1Eci9MrZIO4RhgzRx6U6O-Ko=/fit-in/300x900/filters:no_upscale():origin()/pre00/4fe4/th/pre/f/2019/026/b/f/stream1_20_19__sharc_by_cross_crescent-dcxy9ax.png" height="152" width="300"/>            <media:thumbnail url="https://t00.deviantart.net/v8ODSf6KrznBLMyrNZ1pIhGD9No=/300x200/filters:fixed_height(100,100):origin()/pre00/4fe4/th/pre/f/2019/026/b/f/stream1_20_19__sharc_by_cross_crescent-dcxy9ax.png" height="152" width="300"/>            <media:content url="https://pre00.deviantart.net/4fe4/th/pre/f/2019/026/b/f/stream1_20_19__sharc_by_cross_crescent-dcxy9ax.png" height="637" width="1255" medium="image"/>            
            <description>A comm for Sharc.&lt;br /&gt;&lt;div&gt;&lt;img src=&quot;https://t00.deviantart.net/v8ODSf6KrznBLMyrNZ1pIhGD9No=/300x200/filters:fixed_height(100,100):origin()/pre00/4fe4/th/pre/f/2019/026/b/f/stream1_20_19__sharc_by_cross_crescent-dcxy9ax.png&quot; alt=&quot;thumbnail&quot; /&gt;&lt;/div&gt;</description>            </item>
                    <item>
                <title>Sunni Bunni</title>
                <link>https://w-oo-t.deviantart.com/art/Sunni-Bunni-782928431</link>
                <guid isPermaLink="true">https://w-oo-t.deviantart.com/art/Sunni-Bunni-782928431</guid>
                <pubDate>Sat, 26 Jan 2019 21:11:52 PST</pubDate>
                        <media:title type="plain">Sunni Bunni</media:title>
        <media:keywords></media:keywords>
                        <media:rating>adult</media:rating>
                <media:category label="Oekaki">manga/digital/oekaki</media:category>
        <media:credit role="author" scheme="urn:ebu">w-oo-t</media:credit>
        <media:credit role="author" scheme="urn:ebu">https://a.deviantart.net/avatars/w/_/w-oo-t.png?3</media:credit>
        <media:copyright url="https://w-oo-t.deviantart.com">Copyright 2019 w-oo-t</media:copyright>
            <media:community>
                <media:tags>@woot_art</media:tags>
            </media:community>            <media:description type="html">Doodle or Die prompt: &quot;&lt;span&gt;Sweaty girls in minimal clothing (Hot summer day)&quot; -Turulchan&lt;br /&gt;Room: NSFW&lt;br /&gt;&lt;/span&gt;</media:description>            <media:thumbnail url="https://t00.deviantart.net/MZP5YU_trkvSSFktJeGfRzfQdKE=/fit-in/150x150/filters:no_upscale():origin()/pre00/8e87/th/pre/f/2019/026/c/5/sunni_bunni_by_w_oo_t-dcy4vfz.png" height="113" width="150"/>            <media:thumbnail url="https://t00.deviantart.net/rCa7-jk_-cBA0ZXD7FTJsK7pNzs=/fit-in/300x900/filters:no_upscale():origin()/pre00/8e87/th/pre/f/2019/026/c/5/sunni_bunni_by_w_oo_t-dcy4vfz.png" height="225" width="300"/>            <media:thumbnail url="https://t00.deviantart.net/V3T9Tat_EK9oLPwv4Te9MfR9o4Q=/300x200/filters:fixed_height(100,100):origin()/pre00/8e87/th/pre/f/2019/026/c/5/sunni_bunni_by_w_oo_t-dcy4vfz.png" height="200" width="266"/>            <media:content url="https://orig00.deviantart.net/3696/f/2019/026/c/5/sunni_bunni_by_w_oo_t-dcy4vfz.png" height="638" width="850" medium="image"/>            
            <description>Doodle or Die prompt: &quot;&lt;span&gt;Sweaty girls in minimal clothing (Hot summer day)&quot; -Turulchan&lt;br /&gt;Room: NSFW&lt;br /&gt;&lt;/span&gt;&lt;br /&gt;&lt;div&gt;&lt;img src=&quot;https://t00.deviantart.net/V3T9Tat_EK9oLPwv4Te9MfR9o4Q=/300x200/filters:fixed_height(100,100):origin()/pre00/8e87/th/pre/f/2019/026/c/5/sunni_bunni_by_w_oo_t-dcy4vfz.png&quot; alt=&quot;thumbnail&quot; /&gt;&lt;/div&gt;</description>            </item>
                    <item>
                <title>cravings</title>
                <link>https://dr--worm.deviantart.com/art/cravings-782908253</link>
                <guid isPermaLink="true">https://dr--worm.deviantart.com/art/cravings-782908253</guid>
                <pubDate>Sat, 26 Jan 2019 18:17:51 PST</pubDate>
                        <media:title type="plain">cravings</media:title>
        <media:keywords></media:keywords>
                        <media:rating>adult</media:rating>
                <media:category label="Drawings">manga/digital/drawings</media:category>
        <media:credit role="author" scheme="urn:ebu">Dr--Worm</media:credit>
        <media:credit role="author" scheme="urn:ebu">https://a.deviantart.net/avatars/d/r/dr--worm.gif?14</media:credit>
        <media:copyright url="https://dr--worm.deviantart.com">Copyright 2019 Dr--Worm</media:copyright>            <media:description type="html">it&#039;s already tough being cold-blooded, but then being eggnant as well!??&amp;nbsp;&lt;br /&gt;&lt;br /&gt;&lt;a class=&quot;external&quot; href=&quot;https://www.deviantart.com/users/outgoing?https://www.patreon.com/lewdlemage&quot;&gt;Patreon&lt;/a&gt;&amp;nbsp;</media:description>            <media:thumbnail url="https://t00.deviantart.net/LI039PZL394bqfrlxyByoYWGceA=/fit-in/150x150/filters:no_upscale():origin()/pre00/2497/th/pre/i/2019/026/4/2/cravings_by_dr__worm-dcy4fvh.png" height="150" width="150"/>            <media:thumbnail url="https://t00.deviantart.net/DGXPHwsb-5ts_iZVE7YRN2D7sqM=/fit-in/300x900/filters:no_upscale():origin()/pre00/2497/th/pre/i/2019/026/4/2/cravings_by_dr__worm-dcy4fvh.png" height="300" width="300"/>            <media:thumbnail url="https://t00.deviantart.net/frSCDzFhcpkcS_gUz2PxxL5rJnA=/300x200/filters:fixed_height(100,100):origin()/pre00/2497/th/pre/i/2019/026/4/2/cravings_by_dr__worm-dcy4fvh.png" height="200" width="200"/>            <media:content url="https://pre00.deviantart.net/2497/th/pre/i/2019/026/4/2/cravings_by_dr__worm-dcy4fvh.png" height="894" width="894" medium="image"/>            
            <description>it&#039;s already tough being cold-blooded, but then being eggnant as well!??&amp;nbsp;&lt;br /&gt;&lt;br /&gt;&lt;a class=&quot;external&quot; href=&quot;https://www.deviantart.com/users/outgoing?https://www.patreon.com/lewdlemage&quot;&gt;Patreon&lt;/a&gt;&amp;nbsp;&lt;br /&gt;&lt;div&gt;&lt;img src=&quot;https://t00.deviantart.net/frSCDzFhcpkcS_gUz2PxxL5rJnA=/300x200/filters:fixed_height(100,100):origin()/pre00/2497/th/pre/i/2019/026/4/2/cravings_by_dr__worm-dcy4fvh.png&quot; alt=&quot;thumbnail&quot; /&gt;&lt;/div&gt;</description>            </item>
                    <item>
                <title>P.P.C. Leaf Green Sketch EX</title>
                <link>https://triangles3.deviantart.com/art/P-P-C-Leaf-Green-Sketch-EX-782867450</link>
                <guid isPermaLink="true">https://triangles3.deviantart.com/art/P-P-C-Leaf-Green-Sketch-EX-782867450</guid>
                <pubDate>Sat, 26 Jan 2019 13:02:47 PST</pubDate>
                        <media:title type="plain">P.P.C. Leaf Green Sketch EX</media:title>
        <media:keywords></media:keywords>
                        <media:rating>adult</media:rating>
                <media:category label="Drawings">manga/digital/drawings</media:category>
        <media:credit role="author" scheme="urn:ebu">Triangles3</media:credit>
        <media:credit role="author" scheme="urn:ebu">https://a.deviantart.net/avatars/t/r/triangles3.png?5</media:credit>
        <media:copyright url="https://triangles3.deviantart.com">Copyright 2019 Triangles3</media:copyright>            <media:description type="html">I heard some people really wanted to get under those socks...&lt;br /&gt;&lt;br /&gt;&lt;i&gt; hehhh &lt;/i&gt;&lt;br /&gt;&lt;br /&gt;&lt;br /&gt;&lt;br /&gt;&lt;br /&gt;Oh and check my last post. This is included in the zip files. Yup! Zip file is up!</media:description>            <media:thumbnail url="https://t00.deviantart.net/oeq7lhgH3TNp9rC7yz6PhRmsdJI=/fit-in/150x150/filters:no_upscale():origin()/pre00/8368/th/pre/i/2019/026/a/b/p_p_c__leaf_green_sketch_ex_by_triangles3-dcy3ke2.jpg" height="150" width="116"/>            <media:thumbnail url="https://t00.deviantart.net/7QCoHiWF-kuA1V1Wj6HtoiBzYng=/fit-in/300x900/filters:no_upscale():origin()/pre00/8368/th/pre/i/2019/026/a/b/p_p_c__leaf_green_sketch_ex_by_triangles3-dcy3ke2.jpg" height="388" width="300"/>            <media:thumbnail url="https://t00.deviantart.net/0W6-__zvL6Zg_Oek_OLeLJU6_9Y=/300x200/filters:fixed_height(100,100):origin()/pre00/8368/th/pre/i/2019/026/a/b/p_p_c__leaf_green_sketch_ex_by_triangles3-dcy3ke2.jpg" height="200" width="154"/>            <media:content url="https://pre00.deviantart.net/8368/th/pre/i/2019/026/a/b/p_p_c__leaf_green_sketch_ex_by_triangles3-dcy3ke2.jpg" height="1017" width="785" medium="image"/>            
            <description>I heard some people really wanted to get under those socks...&lt;br /&gt;&lt;br /&gt;&lt;i&gt; hehhh &lt;/i&gt;&lt;br /&gt;&lt;br /&gt;&lt;br /&gt;&lt;br /&gt;&lt;br /&gt;Oh and check my last post. This is included in the zip files. Yup! Zip file is up!&lt;br /&gt;&lt;div&gt;&lt;img src=&quot;https://t00.deviantart.net/0W6-__zvL6Zg_Oek_OLeLJU6_9Y=/300x200/filters:fixed_height(100,100):origin()/pre00/8368/th/pre/i/2019/026/a/b/p_p_c__leaf_green_sketch_ex_by_triangles3-dcy3ke2.jpg&quot; alt=&quot;thumbnail&quot; /&gt;&lt;/div&gt;</description>            </item>
                    <item>
                <title>Stream1.20.19: T-Danger</title>
                <link>https://cross-crescent.deviantart.com/art/Stream1-20-19-T-Danger-782619828</link>
                <guid isPermaLink="true">https://cross-crescent.deviantart.com/art/Stream1-20-19-T-Danger-782619828</guid>
                <pubDate>Sat, 26 Jan 2019 12:59:28 PST</pubDate>
                        <media:title type="plain">Stream1.20.19: T-Danger</media:title>
        <media:keywords></media:keywords>
                        <media:rating>adult</media:rating>
                <media:category label="Drawings">manga/digital/drawings</media:category>
        <media:credit role="author" scheme="urn:ebu">Cross-Crescent</media:credit>
        <media:credit role="author" scheme="urn:ebu">https://a.deviantart.net/avatars/c/r/cross-crescent.gif?8</media:credit>
        <media:copyright url="https://cross-crescent.deviantart.com">Copyright 2019 Cross-Crescent</media:copyright>            <media:description type="html">A comm for &lt;a target=&quot;_self&quot; href=&quot;https://www.deviantart.com/t-danger&quot; &gt;&lt;img class=&quot;avatar&quot; width=&quot;50&quot; height=&quot;50&quot; src=&quot;https://a.deviantart.net/avatars/t/_/t-danger.gif?1&quot; alt=&quot;:icont-danger:&quot; title=&quot;T-Danger&quot; /&gt;&lt;/a&gt;</media:description>            <media:thumbnail url="https://t00.deviantart.net/8SfsVaYSZ40SWGH6E0vUYP5Hrbk=/fit-in/150x150/filters:no_upscale():origin()/pre00/b12f/th/pre/f/2019/026/3/1/stream1_20_19__t_danger_by_cross_crescent-dcxy9bo.png" height="90" width="150"/>            <media:thumbnail url="https://t00.deviantart.net/cozRZwMfg06Rm2Sb5CKsZDqQryI=/fit-in/300x900/filters:no_upscale():origin()/pre00/b12f/th/pre/f/2019/026/3/1/stream1_20_19__t_danger_by_cross_crescent-dcxy9bo.png" height="181" width="300"/>            <media:thumbnail url="https://t00.deviantart.net/SNquT2MC_0Aau7uhww0A7aRRJLw=/300x200/filters:fixed_height(100,100):origin()/pre00/b12f/th/pre/f/2019/026/3/1/stream1_20_19__t_danger_by_cross_crescent-dcxy9bo.png" height="181" width="300"/>            <media:content url="https://pre00.deviantart.net/b12f/th/pre/f/2019/026/3/1/stream1_20_19__t_danger_by_cross_crescent-dcxy9bo.png" height="694" width="1152" medium="image"/>            
            <description>A comm for &lt;a target=&quot;_self&quot; href=&quot;https://www.deviantart.com/t-danger&quot; &gt;&lt;img class=&quot;avatar&quot; width=&quot;50&quot; height=&quot;50&quot; src=&quot;https://a.deviantart.net/avatars/t/_/t-danger.gif?1&quot; alt=&quot;:icont-danger:&quot; title=&quot;T-Danger&quot; /&gt;&lt;/a&gt;&lt;br /&gt;&lt;div&gt;&lt;img src=&quot;https://t00.deviantart.net/SNquT2MC_0Aau7uhww0A7aRRJLw=/300x200/filters:fixed_height(100,100):origin()/pre00/b12f/th/pre/f/2019/026/3/1/stream1_20_19__t_danger_by_cross_crescent-dcxy9bo.png&quot; alt=&quot;thumbnail&quot; /&gt;&lt;/div&gt;</description>            </item>
                    <item>
                <title>:Commission: Madoi&#039;s Wedding</title>
                <link>https://allymoodyneko.deviantart.com/art/Commission-Madoi-s-Wedding-782896676</link>
                <guid isPermaLink="true">https://allymoodyneko.deviantart.com/art/Commission-Madoi-s-Wedding-782896676</guid>
                <pubDate>Sat, 26 Jan 2019 16:41:17 PST</pubDate>
                        <media:title type="plain">:Commission: Madoi&#039;s Wedding</media:title>
        <media:keywords></media:keywords>
                        <media:rating>adult</media:rating>
                <media:category label="Drawings">manga/digital/drawings</media:category>
        <media:credit role="author" scheme="urn:ebu">AllyMoodyNeko</media:credit>
        <media:credit role="author" scheme="urn:ebu">https://a.deviantart.net/avatars/a/l/allymoodyneko.jpg</media:credit>
        <media:copyright url="https://allymoodyneko.deviantart.com">Copyright 2019 AllyMoodyNeko</media:copyright>
            <media:community>
                <media:tags>@moodynekoart</media:tags>
            </media:community>            <media:description type="html">Commission for &lt;a target=&quot;_self&quot; href=&quot;https://www.deviantart.com/emperorbassexe&quot; &gt;&lt;img class=&quot;avatar&quot; width=&quot;50&quot; height=&quot;50&quot; src=&quot;https://a.deviantart.net/avatars/e/m/emperorbassexe.png?8&quot; alt=&quot;:iconemperorbassexe:&quot; title=&quot;EmperorBassexe&quot; /&gt;&lt;/a&gt;</media:description>            <media:thumbnail url="https://t00.deviantart.net/ExoYIZRU3I0ra-N6m2R4IkW1iZk=/fit-in/150x150/filters:no_upscale():origin()/pre00/40ab/th/pre/i/2019/026/f/0/_commission__madoi_s_wedding_by_allymoodyneko-dcy46xw.jpg" height="132" width="150"/>            <media:thumbnail url="https://t00.deviantart.net/yc5Qcjot9nc9Yy_OB4eNDGHXR7Q=/fit-in/300x900/filters:no_upscale():origin()/pre00/40ab/th/pre/i/2019/026/f/0/_commission__madoi_s_wedding_by_allymoodyneko-dcy46xw.jpg" height="264" width="300"/>            <media:thumbnail url="https://t00.deviantart.net/qAZDVOu7F7Joq-W9EjPJRTcEm80=/300x200/filters:fixed_height(100,100):origin()/pre00/40ab/th/pre/i/2019/026/f/0/_commission__madoi_s_wedding_by_allymoodyneko-dcy46xw.jpg" height="200" width="227"/>            <media:content url="https://pre00.deviantart.net/40ab/th/pre/i/2019/026/f/0/_commission__madoi_s_wedding_by_allymoodyneko-dcy46xw.jpg" height="838" width="953" medium="image"/>            
            <description>Commission for &lt;a target=&quot;_self&quot; href=&quot;https://www.deviantart.com/emperorbassexe&quot; &gt;&lt;img class=&quot;avatar&quot; width=&quot;50&quot; height=&quot;50&quot; src=&quot;https://a.deviantart.net/avatars/e/m/emperorbassexe.png?8&quot; alt=&quot;:iconemperorbassexe:&quot; title=&quot;EmperorBassexe&quot; /&gt;&lt;/a&gt;&lt;br /&gt;&lt;div&gt;&lt;img src=&quot;https://t00.deviantart.net/qAZDVOu7F7Joq-W9EjPJRTcEm80=/300x200/filters:fixed_height(100,100):origin()/pre00/40ab/th/pre/i/2019/026/f/0/_commission__madoi_s_wedding_by_allymoodyneko-dcy46xw.jpg&quot; alt=&quot;thumbnail&quot; /&gt;&lt;/div&gt;</description>            </item>
                    <item>
                <title>[MMD] Heart Choker (Download)</title>
                <link>https://danna-mmd.deviantart.com/art/MMD-Heart-Choker-Download-782899532</link>
                <guid isPermaLink="true">https://danna-mmd.deviantart.com/art/MMD-Heart-Choker-Download-782899532</guid>
                <pubDate>Sat, 26 Jan 2019 17:05:02 PST</pubDate>
                        <media:title type="plain">[MMD] Heart Choker (Download)</media:title>
        <media:keywords></media:keywords>
                        <media:rating>nonadult</media:rating>
                <media:category label="3D Models">resources/3dmodels</media:category>
        <media:credit role="author" scheme="urn:ebu">Danna-MMD</media:credit>
        <media:credit role="author" scheme="urn:ebu">https://a.deviantart.net/avatars/d/a/danna-mmd.png?10</media:credit>
        <media:copyright url="https://danna-mmd.deviantart.com">Copyright 2019 Danna-MMD</media:copyright>            <media:description type="html">&lt;small&gt; A cute Heart Choker&lt;br /&gt;&lt;br /&gt;Ripped from Sims4&lt;br /&gt;&lt;br /&gt;Please follow these rules:&lt;br /&gt;+ Please Credit me (@)Danna-MMD +&amp;nbsp;&lt;span&gt;Pralinesims&lt;/span&gt;&lt;br /&gt;+ Feel free to Edit, be creative&lt;br /&gt;+ Distribution only on finished model. (Outfit downloads do not count)&lt;br /&gt;- Do not claim as yours&lt;br /&gt;- Do not use for commercial use&lt;br /&gt;- NO R-18/NC-17/Fetish&lt;br /&gt;- Do not export to other programs/games, must stay in MMD format&lt;br /&gt;&lt;br /&gt;Download: To the right, under the favorites buttons&lt;/small&gt;</media:description>            <media:thumbnail url="https://t00.deviantart.net/qHSpKqBS4RyPOxIM4X-gRt_i3gU=/fit-in/150x150/filters:no_upscale():origin()/pre00/2488/th/pre/i/2019/026/d/4/_mmd__heart_choker__download__by_danna_mmd-dcy4958.png" height="141" width="150"/>            <media:thumbnail url="https://t00.deviantart.net/8SzGd2HqgcZbiINXvL8h8YMuyus=/fit-in/300x900/filters:no_upscale():origin()/pre00/2488/th/pre/i/2019/026/d/4/_mmd__heart_choker__download__by_danna_mmd-dcy4958.png" height="282" width="300"/>            <media:thumbnail url="https://t00.deviantart.net/Hrkclso49qjLU3_0FXayTGbogBc=/300x200/filters:fixed_height(100,100):origin()/pre00/2488/th/pre/i/2019/026/d/4/_mmd__heart_choker__download__by_danna_mmd-dcy4958.png" height="200" width="213"/>            <media:content url="https://img00.deviantart.net/3993/i/2019/026/d/4/_mmd__heart_choker__download__by_danna_mmd-dcy4958.png" height="1080" width="1149"/>            
            <description>&lt;small&gt; A cute Heart Choker&lt;br /&gt;&lt;br /&gt;Ripped from Sims4&lt;br /&gt;&lt;br /&gt;Please follow these rules:&lt;br /&gt;+ Please Credit me (@)Danna-MMD +&amp;nbsp;&lt;span&gt;Pralinesims&lt;/span&gt;&lt;br /&gt;+ Feel free to Edit, be creative&lt;br /&gt;+ Distribution only on finished model. (Outfit downloads do not count)&lt;br /&gt;- Do not claim as yours&lt;br /&gt;- Do not use for commercial use&lt;br /&gt;- NO R-18/NC-17/Fetish&lt;br /&gt;- Do not export to other programs/games, must stay in MMD format&lt;br /&gt;&lt;br /&gt;Download: To the right, under the favorites buttons&lt;/small&gt;&lt;br /&gt;&lt;div&gt;&lt;img src=&quot;https://img00.deviantart.net/3993/i/2019/026/d/4/_mmd__heart_choker__download__by_danna_mmd-dcy4958.png&quot; alt=&quot;thumbnail&quot; /&gt;&lt;/div&gt;</description>            </item>
                    <item>
                <title>R63 Baymax</title>
                <link>https://superspoe.deviantart.com/art/R63-Baymax-782887894</link>
                <guid isPermaLink="true">https://superspoe.deviantart.com/art/R63-Baymax-782887894</guid>
                <pubDate>Sat, 26 Jan 2019 15:31:17 PST</pubDate>
                        <media:title type="plain">R63 Baymax</media:title>
        <media:keywords></media:keywords>
                        <media:rating>nonadult</media:rating>
                <media:category label="Drawings">cartoons/digital/cartoons/drawings</media:category>
        <media:credit role="author" scheme="urn:ebu">SuperSpoe</media:credit>
        <media:credit role="author" scheme="urn:ebu">https://a.deviantart.net/avatars/s/u/superspoe.png?7</media:credit>
        <media:copyright url="https://superspoe.deviantart.com">Copyright 2019 SuperSpoe</media:copyright>            <media:description type="html">big hero 6 is forgetable AF but it has some redeeming qualities</media:description>            <media:thumbnail url="https://t00.deviantart.net/EoKu8feK1PpS6cvcsgobj-Wc4_4=/fit-in/150x150/filters:no_upscale():origin()/pre00/3fbd/th/pre/i/2019/026/0/4/r63_baymax_by_superspoe-dcy405y.png" height="150" width="144"/>            <media:thumbnail url="https://t00.deviantart.net/mBTnQJ23Sf6AufS-IiKjCQbBwdw=/fit-in/300x900/filters:no_upscale():origin()/pre00/3fbd/th/pre/i/2019/026/0/4/r63_baymax_by_superspoe-dcy405y.png" height="313" width="300"/>            <media:thumbnail url="https://t00.deviantart.net/WiEuCB3Kdz753h8c_4LluZrUHg0=/300x200/filters:fixed_height(100,100):origin()/pre00/3fbd/th/pre/i/2019/026/0/4/r63_baymax_by_superspoe-dcy405y.png" height="200" width="192"/>            <media:content url="https://pre00.deviantart.net/3fbd/th/pre/i/2019/026/0/4/r63_baymax_by_superspoe-dcy405y.png" height="913" width="876" medium="image"/>            
            <description>big hero 6 is forgetable AF but it has some redeeming qualities&lt;br /&gt;&lt;div&gt;&lt;img src=&quot;https://t00.deviantart.net/WiEuCB3Kdz753h8c_4LluZrUHg0=/300x200/filters:fixed_height(100,100):origin()/pre00/3fbd/th/pre/i/2019/026/0/4/r63_baymax_by_superspoe-dcy405y.png&quot; alt=&quot;thumbnail&quot; /&gt;&lt;/div&gt;</description>            </item>
                    <item>
                <title>Stream1.20.19: Dleagueman</title>
                <link>https://cross-crescent.deviantart.com/art/Stream1-20-19-Dleagueman-782619765</link>
                <guid isPermaLink="true">https://cross-crescent.deviantart.com/art/Stream1-20-19-Dleagueman-782619765</guid>
                <pubDate>Sat, 26 Jan 2019 12:59:23 PST</pubDate>
                        <media:title type="plain">Stream1.20.19: Dleagueman</media:title>
        <media:keywords></media:keywords>
                        <media:rating>adult</media:rating>
                <media:category label="Drawings">manga/digital/drawings</media:category>
        <media:credit role="author" scheme="urn:ebu">Cross-Crescent</media:credit>
        <media:credit role="author" scheme="urn:ebu">https://a.deviantart.net/avatars/c/r/cross-crescent.gif?8</media:credit>
        <media:copyright url="https://cross-crescent.deviantart.com">Copyright 2019 Cross-Crescent</media:copyright>            <media:description type="html">A comm for &lt;a target=&quot;_self&quot; href=&quot;https://www.deviantart.com/dleagueman&quot; &gt;&lt;img class=&quot;avatar&quot; width=&quot;50&quot; height=&quot;50&quot; src=&quot;https://a.deviantart.net/avatars/d/l/dleagueman.png?3&quot; alt=&quot;:icondleagueman:&quot; title=&quot;DLeagueman&quot; /&gt;&lt;/a&gt;</media:description>            <media:thumbnail url="https://t00.deviantart.net/osSWLrf4catbk_wTvEG74ZqEvWI=/fit-in/150x150/filters:no_upscale():origin()/pre00/0b73/th/pre/f/2019/026/6/2/stream1_20_19__dleagueman_by_cross_crescent-dcxy99x.png" height="60" width="150"/>            <media:thumbnail url="https://t00.deviantart.net/FLvCIO7oU-U4qiTdixqm_oe-GjM=/fit-in/300x900/filters:no_upscale():origin()/pre00/0b73/th/pre/f/2019/026/6/2/stream1_20_19__dleagueman_by_cross_crescent-dcxy99x.png" height="120" width="300"/>            <media:thumbnail url="https://t00.deviantart.net/iJiOA15Q39WiNX5gMRci2mru1OQ=/300x200/filters:fixed_height(100,100):origin()/pre00/0b73/th/pre/f/2019/026/6/2/stream1_20_19__dleagueman_by_cross_crescent-dcxy99x.png" height="120" width="300"/>            <media:content url="https://pre00.deviantart.net/0b73/th/pre/f/2019/026/6/2/stream1_20_19__dleagueman_by_cross_crescent-dcxy99x.png" height="565" width="1415" medium="image"/>            
            <description>A comm for &lt;a target=&quot;_self&quot; href=&quot;https://www.deviantart.com/dleagueman&quot; &gt;&lt;img class=&quot;avatar&quot; width=&quot;50&quot; height=&quot;50&quot; src=&quot;https://a.deviantart.net/avatars/d/l/dleagueman.png?3&quot; alt=&quot;:icondleagueman:&quot; title=&quot;DLeagueman&quot; /&gt;&lt;/a&gt;&lt;br /&gt;&lt;div&gt;&lt;img src=&quot;https://t00.deviantart.net/iJiOA15Q39WiNX5gMRci2mru1OQ=/300x200/filters:fixed_height(100,100):origin()/pre00/0b73/th/pre/f/2019/026/6/2/stream1_20_19__dleagueman_by_cross_crescent-dcxy99x.png&quot; alt=&quot;thumbnail&quot; /&gt;&lt;/div&gt;</description>            </item>
                    <item>
                <title>Embrace your solitude...</title>
                <link>https://cricketumpire.deviantart.com/art/Embrace-your-solitude-782890343</link>
                <guid isPermaLink="true">https://cricketumpire.deviantart.com/art/Embrace-your-solitude-782890343</guid>
                <pubDate>Sat, 26 Jan 2019 16:08:46 PST</pubDate>
                        <media:title type="plain">Embrace your solitude...</media:title>
        <media:keywords></media:keywords>
                        <media:rating>nonadult</media:rating>
                <media:category label="Landscapes">photography/nature/landscapes</media:category>
        <media:credit role="author" scheme="urn:ebu">cricketumpire</media:credit>
        <media:credit role="author" scheme="urn:ebu">https://a.deviantart.net/avatars/c/r/cricketumpire.jpg?2</media:credit>
        <media:copyright url="https://cricketumpire.deviantart.com">Copyright 2019 cricketumpire</media:copyright>            <media:description type="html">&lt;p align=&quot;center&quot;&gt;&lt;b&gt;&lt;br /&gt;&amp;nbsp; &amp;nbsp;&amp;nbsp;Every time I stand before a beautiful beach, its waves seem to whisper to me: If you choose the simple things &lt;br /&gt;&lt;br /&gt;&amp;nbsp; &amp;nbsp; &amp;nbsp;and find joy in nature&#039;s simple treasures, life and living need not be so hard.&amp;nbsp; &amp;nbsp; &amp;nbsp;&amp;nbsp;&lt;br /&gt;&lt;br /&gt;&amp;nbsp; &amp;nbsp; &amp;nbsp; &amp;nbsp; &amp;nbsp;&lt;/b&gt;&lt;a href=&quot;https://www.deviantart.com/psivamp/art/beach-92709502&quot; class=&quot;emoticon&quot; data-embed-type=&quot;emoticon&quot; data-embed-id=&quot;92709502&quot; data-embed-profile=&quot;deviation&quot;&gt;&lt;img src=&quot;https://orig00.deviantart.net/2d7e/f/2008/206/a/2/a207feb9ab1dcdcba9d3a260e530b938.gif&quot; alt=&quot;:beach:&quot; style=&quot;width:57px;height:42px&quot;&gt;&lt;/a&gt;&lt;b&gt;&amp;nbsp;&amp;nbsp; &amp;nbsp;&lt;/b&gt;&lt;b&gt;&amp;nbsp; &amp;nbsp;&amp;nbsp;&lt;/b&gt;&lt;b&gt;&amp;nbsp;&lt;/b&gt;&lt;b&gt;&amp;nbsp; &amp;nbsp; &amp;nbsp; &amp;nbsp; &amp;nbsp; &amp;nbsp; &amp;nbsp; &amp;nbsp; &amp;nbsp; &amp;nbsp; &amp;nbsp; &amp;nbsp; &amp;nbsp; &amp;nbsp; &amp;nbsp; &amp;nbsp; &amp;nbsp; &amp;nbsp; &amp;nbsp; &amp;nbsp; &amp;nbsp; &amp;nbsp; &amp;nbsp; &amp;nbsp; &amp;nbsp; &amp;nbsp; &amp;nbsp; &amp;nbsp; &amp;nbsp; &amp;nbsp; &amp;nbsp; &amp;nbsp; &amp;nbsp; &amp;nbsp; &amp;nbsp; &amp;nbsp; &amp;nbsp; &amp;nbsp; &amp;nbsp; &amp;nbsp; &amp;nbsp; &amp;nbsp; &amp;nbsp; &amp;nbsp; &amp;nbsp; &amp;nbsp; &amp;nbsp; &amp;nbsp; &amp;nbsp; &amp;nbsp; &amp;nbsp; &amp;nbsp; &amp;nbsp; &amp;nbsp; &amp;nbsp; &amp;nbsp; &amp;nbsp;~&amp;nbsp; &amp;nbsp;&lt;/b&gt;&lt;i&gt;Psyche Roxas-Mendoza&lt;/i&gt;&lt;/p&gt;&lt;p align=&quot;right&quot;&gt;&lt;i&gt;&amp;nbsp; &amp;nbsp; &amp;nbsp;&amp;nbsp;&lt;/i&gt;&lt;/p&gt;</media:description>            <media:thumbnail url="https://t00.deviantart.net/nV3ms4aSrdh_jxuRvTOVXOk_MOs=/fit-in/150x150/filters:no_upscale():origin()/pre00/057f/th/pre/i/2019/026/4/c/embrace_your_solitude____by_cricketumpire-dcy421z.jpg" height="100" width="150"/>            <media:thumbnail url="https://t00.deviantart.net/nwMXYn1PCKxa8Yugo4T1C188Rrw=/fit-in/300x900/filters:no_upscale():origin()/pre00/057f/th/pre/i/2019/026/4/c/embrace_your_solitude____by_cricketumpire-dcy421z.jpg" height="199" width="300"/>            <media:thumbnail url="https://t00.deviantart.net/G9zz2qZPip6yE4qzBBzB1s1b2qY=/300x200/filters:fixed_height(100,100):origin()/pre00/057f/th/pre/i/2019/026/4/c/embrace_your_solitude____by_cricketumpire-dcy421z.jpg" height="199" width="300"/>            <media:content url="https://pre00.deviantart.net/057f/th/pre/i/2019/026/4/c/embrace_your_solitude____by_cricketumpire-dcy421z.jpg" height="729" width="1096" medium="image"/>            
            <description>&lt;p align=&quot;center&quot;&gt;&lt;b&gt;&lt;br /&gt;&amp;nbsp; &amp;nbsp;&amp;nbsp;Every time I stand before a beautiful beach, its waves seem to whisper to me: If you choose the simple things &lt;br /&gt;&lt;br /&gt;&amp;nbsp; &amp;nbsp; &amp;nbsp;and find joy in nature&#039;s simple treasures, life and living need not be so hard.&amp;nbsp; &amp;nbsp; &amp;nbsp;&amp;nbsp;&lt;br /&gt;&lt;br /&gt;&amp;nbsp; &amp;nbsp; &amp;nbsp; &amp;nbsp; &amp;nbsp;&lt;/b&gt;&lt;a href=&quot;https://www.deviantart.com/psivamp/art/beach-92709502&quot; class=&quot;emoticon&quot; data-embed-type=&quot;emoticon&quot; data-embed-id=&quot;92709502&quot; data-embed-profile=&quot;deviation&quot;&gt;&lt;img src=&quot;https://orig00.deviantart.net/2d7e/f/2008/206/a/2/a207feb9ab1dcdcba9d3a260e530b938.gif&quot; alt=&quot;:beach:&quot; style=&quot;width:57px;height:42px&quot;&gt;&lt;/a&gt;&lt;b&gt;&amp;nbsp;&amp;nbsp; &amp;nbsp;&lt;/b&gt;&lt;b&gt;&amp;nbsp; &amp;nbsp;&amp;nbsp;&lt;/b&gt;&lt;b&gt;&amp;nbsp;&lt;/b&gt;&lt;b&gt;&amp;nbsp; &amp;nbsp; &amp;nbsp; &amp;nbsp; &amp;nbsp; &amp;nbsp; &amp;nbsp; &amp;nbsp; &amp;nbsp; &amp;nbsp; &amp;nbsp; &amp;nbsp; &amp;nbsp; &amp;nbsp; &amp;nbsp; &amp;nbsp; &amp;nbsp; &amp;nbsp; &amp;nbsp; &amp;nbsp; &amp;nbsp; &amp;nbsp; &amp;nbsp; &amp;nbsp; &amp;nbsp; &amp;nbsp; &amp;nbsp; &amp;nbsp; &amp;nbsp; &amp;nbsp; &amp;nbsp; &amp;nbsp; &amp;nbsp; &amp;nbsp; &amp;nbsp; &amp;nbsp; &amp;nbsp; &amp;nbsp; &amp;nbsp; &amp;nbsp; &amp;nbsp; &amp;nbsp; &amp;nbsp; &amp;nbsp; &amp;nbsp; &amp;nbsp; &amp;nbsp; &amp;nbsp; &amp;nbsp; &amp;nbsp; &amp;nbsp; &amp;nbsp; &amp;nbsp; &amp;nbsp; &amp;nbsp; &amp;nbsp; &amp;nbsp;~&amp;nbsp; &amp;nbsp;&lt;/b&gt;&lt;i&gt;Psyche Roxas-Mendoza&lt;/i&gt;&lt;/p&gt;&lt;p align=&quot;right&quot;&gt;&lt;i&gt;&amp;nbsp; &amp;nbsp; &amp;nbsp;&amp;nbsp;&lt;/i&gt;&lt;/p&gt;&lt;br /&gt;&lt;div&gt;&lt;img src=&quot;https://t00.deviantart.net/G9zz2qZPip6yE4qzBBzB1s1b2qY=/300x200/filters:fixed_height(100,100):origin()/pre00/057f/th/pre/i/2019/026/4/c/embrace_your_solitude____by_cricketumpire-dcy421z.jpg&quot; alt=&quot;thumbnail&quot; /&gt;&lt;/div&gt;</description>            </item>
                    <item>
                <title>Midnight Descends</title>
                <link>https://jora-bora.deviantart.com/art/Midnight-Descends-782872819</link>
                <guid isPermaLink="true">https://jora-bora.deviantart.com/art/Midnight-Descends-782872819</guid>
                <pubDate>Sat, 26 Jan 2019 13:48:24 PST</pubDate>
                        <media:title type="plain">Midnight Descends</media:title>
        <media:keywords></media:keywords>
                        <media:rating>nonadult</media:rating>
                <media:category label="Movies &amp; TV">fanart/digital/drawings/movies</media:category>
        <media:credit role="author" scheme="urn:ebu">Jora-Bora</media:credit>
        <media:credit role="author" scheme="urn:ebu">https://a.deviantart.net/avatars/j/o/jora-bora.png?11</media:credit>
        <media:copyright url="https://jora-bora.deviantart.com">Copyright 2019 Jora-Bora</media:copyright>            <media:description type="html">Patreon Voters&#039; Pick Winner for January 2019!&lt;br /&gt;&lt;br /&gt;A sequel to &quot;Midnight Snack.&quot; I have ideas about this scenario that I&#039;ll keep to myself for now...&lt;br /&gt;&lt;br /&gt;&lt;span&gt;If you want access to high resolution, unwatermarked images, new stuff a month before it goes public, and even source files of all of my work&amp;nbsp;&lt;/span&gt;&lt;a class=&quot;external&quot; href=&quot;https://www.deviantart.com/users/outgoing?https://t.umblr.com/redirect?z=https%3A%2F%2Fwww.patreon.com%2FJoraBora&amp;amp;t=NDZhZWY3ZmYzNjA2ZDg4NTg3MDMwOThhNjQ1NmY1ZTg2N2Q5M2IyZSxKWWtRcmNvMg%3D%3D&amp;amp;b=t%3APnWQRS0VCdEGa8QFwr8gDg&amp;amp;p=https%3A%2F%2Fjora-bora.tumblr.com%2Fpost%2F174097613433%2Fsketch-commissions-from-todays-stream-had-to&quot;&gt;&lt;i&gt;consider supporting me on Patreon!&lt;/i&gt;&lt;/a&gt;</media:description>            <media:thumbnail url="https://t00.deviantart.net/5TAUz6sh74EQGH3ImtHaNE_eg1E=/fit-in/150x150/filters:no_upscale():origin()/pre00/c124/th/pre/i/2019/026/5/e/midnight_descends_by_jora_bora-dcy3oj7.png" height="150" width="100"/>            <media:thumbnail url="https://t00.deviantart.net/msHpjKjx_QEXck45WJnBruAAc18=/fit-in/300x900/filters:no_upscale():origin()/pre00/c124/th/pre/i/2019/026/5/e/midnight_descends_by_jora_bora-dcy3oj7.png" height="450" width="300"/>            <media:thumbnail url="https://t00.deviantart.net/qKxHr4-8mjNm-Co3g4UhOwzN8GA=/300x200/filters:fixed_height(100,100):origin()/pre00/c124/th/pre/i/2019/026/5/e/midnight_descends_by_jora_bora-dcy3oj7.png" height="200" width="133"/>            <media:content url="https://pre00.deviantart.net/c124/th/pre/i/2019/026/5/e/midnight_descends_by_jora_bora-dcy3oj7.png" height="1094" width="730" medium="image"/>            
            <description>Patreon Voters&#039; Pick Winner for January 2019!&lt;br /&gt;&lt;br /&gt;A sequel to &quot;Midnight Snack.&quot; I have ideas about this scenario that I&#039;ll keep to myself for now...&lt;br /&gt;&lt;br /&gt;&lt;span&gt;If you want access to high resolution, unwatermarked images, new stuff a month before it goes public, and even source files of all of my work&amp;nbsp;&lt;/span&gt;&lt;a class=&quot;external&quot; href=&quot;https://www.deviantart.com/users/outgoing?https://t.umblr.com/redirect?z=https%3A%2F%2Fwww.patreon.com%2FJoraBora&amp;amp;t=NDZhZWY3ZmYzNjA2ZDg4NTg3MDMwOThhNjQ1NmY1ZTg2N2Q5M2IyZSxKWWtRcmNvMg%3D%3D&amp;amp;b=t%3APnWQRS0VCdEGa8QFwr8gDg&amp;amp;p=https%3A%2F%2Fjora-bora.tumblr.com%2Fpost%2F174097613433%2Fsketch-commissions-from-todays-stream-had-to&quot;&gt;&lt;i&gt;consider supporting me on Patreon!&lt;/i&gt;&lt;/a&gt;&lt;br /&gt;&lt;div&gt;&lt;img src=&quot;https://t00.deviantart.net/qKxHr4-8mjNm-Co3g4UhOwzN8GA=/300x200/filters:fixed_height(100,100):origin()/pre00/c124/th/pre/i/2019/026/5/e/midnight_descends_by_jora_bora-dcy3oj7.png&quot; alt=&quot;thumbnail&quot; /&gt;&lt;/div&gt;</description>            </item>
                    <item>
                <title>Deltarune | Gentle in the Dark</title>
                <link>https://atlas-white.deviantart.com/art/Deltarune-Gentle-in-the-Dark-782768474</link>
                <guid isPermaLink="true">https://atlas-white.deviantart.com/art/Deltarune-Gentle-in-the-Dark-782768474</guid>
                <pubDate>Sat, 26 Jan 2019 12:00:04 PST</pubDate>
                        <media:title type="plain">Deltarune | Gentle in the Dark</media:title>
        <media:keywords></media:keywords>
                        <media:rating>nonadult</media:rating>
                <media:category label="Games">fanart/digital/drawings/games</media:category>
        <media:credit role="author" scheme="urn:ebu">Atlas-White</media:credit>
        <media:credit role="author" scheme="urn:ebu">https://a.deviantart.net/avatars/a/t/atlas-white.gif?7</media:credit>
        <media:copyright url="https://atlas-white.deviantart.com">Copyright 2019 Atlas-White</media:copyright>            <media:description type="html">&lt;div align=&quot;-webkit-center&quot;&gt;|&amp;nbsp;&lt;a href=&quot;https://atlas-white.deviantart.com/journal/New-Commission-Info-534533454&quot;&gt;Commission Info&lt;/a&gt;&amp;nbsp;|&amp;nbsp;&lt;a href=&quot;https://atlas-white.deviantart.com/journal/Customs-OPEN-737719933&quot;&gt;Customs&lt;/a&gt;&amp;nbsp;|&amp;nbsp;&lt;a class=&quot;external&quot; href=&quot;https://www.deviantart.com/users/outgoing?https://patreon.com/atlaswhite&quot;&gt;Patreon&lt;/a&gt;&lt;b&gt;&amp;nbsp;&amp;nbsp;&lt;/b&gt;|&lt;br /&gt;&lt;br /&gt;&lt;/div&gt;&lt;div align=&quot;-webkit-center&quot;&gt;&lt;a href=&quot;https://www.deviantart.com/empressofroses/art/Pixel-Rose-Divider-Black-679409429&quot; class=&quot;emoticon&quot; data-embed-type=&quot;emoticon&quot; data-embed-id=&quot;679409429&quot; data-embed-profile=&quot;deviation&quot;&gt;&lt;img src=&quot;https://orig00.deviantart.net/133e/f/2017/127/9/a/pixel_rose_divider___black_by_starlightdreamspirit-db8i3o5.gif&quot; alt=&quot;Pixel Rose Divider - Black&quot; style=&quot;width:58px;height:19px&quot;&gt;&lt;/a&gt;&lt;br /&gt;&lt;br /&gt;&lt;i&gt;&amp;nbsp;&lt;br /&gt;&amp;#10077;&amp;nbsp; Hey, cheer up. Everything&#039;s gonna be better tomorrow. You&#039;ll see . &amp;#10078;&lt;br /&gt;&lt;/i&gt;&lt;br /&gt;&lt;br /&gt;&lt;div align=&quot;center&quot;&gt;&lt;span class=&quot;shadow-holder&quot; data-embed-type=&quot;deviation&quot; data-embed-id=&quot;5499719688307960&quot; data-embed-format=&quot;thumb&quot;&gt;&lt;span class=&quot;shadow mild&quot; &gt;&lt;a class=&quot;thumb&quot; href=&quot;https://sta.sh/01i5hkcfv3zs&quot; title=&quot;Crown Divider for use by Atlas White ONLY by Atlas-White, May 17, 2018&quot;        data-sigil=&quot;thumb&quot;&gt;
        &lt;i&gt;&lt;/i&gt;&lt;img   width=&quot;149&quot; height=&quot;39&quot; alt=&quot;Crown Divider for use by Atlas White ONLY by Atlas-White&quot; src=&quot;https://orig00.deviantart.net/ff66/f/2018/137/a/1/crown_divider_for_use_by_atlas_white_only_by_atlas_white-dcbtc0k.gif&quot; data-src=&quot;https://orig00.deviantart.net/ff66/f/2018/137/a/1/crown_divider_for_use_by_atlas_white_only_by_atlas_white-dcbtc0k.gif&quot; srcset=&quot;https://orig00.deviantart.net/ff66/f/2018/137/a/1/crown_divider_for_use_by_atlas_white_only_by_atlas_white-dcbtc0k.gif 149w&quot; sizes=&quot;149px&quot;&gt;&lt;/a&gt;&lt;/span&gt;&lt;!-- ^TTT --&gt;&lt;!-- TTT$ --&gt;&lt;/span&gt;&lt;br /&gt;&lt;a href=&quot;https://sta.sh/01i5hkcfv3zs&quot; title=&quot;Crown Divider for use by Atlas White ONLY by Atlas-White, May 17, 2018&quot;&gt;&lt;/a&gt;&lt;a href=&quot;https://sta.sh/01i5hkcfv3zs&quot; title=&quot;Crown Divider for use by Atlas White ONLY by Atlas-White, May 17, 2018&quot;&gt;&lt;/a&gt;&lt;/div&gt;&lt;div align=&quot;center&quot;&gt;&lt;div align=&quot;center&quot;&gt;&lt;div align=&quot;center&quot;&gt;&lt;/div&gt;&lt;/div&gt;&lt;/div&gt;&lt;div align=&quot;-webkit-center&quot;&gt;&lt;br /&gt;&lt;/div&gt;&lt;a href=&quot;https://www.deviantart.com/diegovainilla/art/pink-heart-big-591683781&quot; class=&quot;emoticon&quot; data-embed-type=&quot;emoticon&quot; data-embed-id=&quot;591683781&quot; data-embed-profile=&quot;deviation&quot;&gt;&lt;img src=&quot;https://orig00.deviantart.net/83bf/f/2017/152/e/d/big_pink_heart_by_diegovainilla-d9s9u4l.gif&quot; alt=&quot;pink heart {big}&quot; style=&quot;width:15px;height:15px&quot;&gt;&lt;/a&gt;&amp;nbsp;&amp;nbsp;Remember, a positive comment goes a long way!&amp;nbsp;&lt;a href=&quot;https://www.deviantart.com/diegovainilla/art/pink-heart-big-591683781&quot; class=&quot;emoticon&quot; data-embed-type=&quot;emoticon&quot; data-embed-id=&quot;591683781&quot; data-embed-profile=&quot;deviation&quot;&gt;&lt;img src=&quot;https://orig00.deviantart.net/83bf/f/2017/152/e/d/big_pink_heart_by_diegovainilla-d9s9u4l.gif&quot; alt=&quot;pink heart {big}&quot; style=&quot;width:15px;height:15px&quot;&gt;&lt;/a&gt;&amp;nbsp;&lt;br /&gt;&lt;br /&gt;&lt;a class=&quot;external&quot; href=&quot;https://www.deviantart.com/users/outgoing?https://ko-fi.com/A861BK4&quot;&gt;If you enjoy my work, please consider buying me a coffee!&lt;br /&gt;&lt;/a&gt;&lt;br /&gt;&lt;a class=&quot;external&quot; href=&quot;https://www.deviantart.com/users/outgoing?http://patreon.com/atlaswhite&quot;&gt;Or you could become a Patron and gain rad rewards like free art for supporting me!&lt;br /&gt;&lt;/a&gt;&lt;br /&gt;And thanks. I couldn&#039;t do it without you.&lt;br /&gt;&lt;br /&gt;&lt;a href=&quot;https://www.deviantart.com/empressofroses/art/Pixel-Rose-Divider-Black-679409429&quot; class=&quot;emoticon&quot; data-embed-type=&quot;emoticon&quot; data-embed-id=&quot;679409429&quot; data-embed-profile=&quot;deviation&quot;&gt;&lt;img src=&quot;https://orig00.deviantart.net/133e/f/2017/127/9/a/pixel_rose_divider___black_by_starlightdreamspirit-db8i3o5.gif&quot; alt=&quot;Pixel Rose Divider - Black&quot; style=&quot;width:58px;height:19px&quot;&gt;&lt;/a&gt;&lt;br /&gt;&lt;br /&gt;&lt;span class=&quot;shadow-holder&quot; data-embed-type=&quot;deviation&quot; data-embed-id=&quot;770962541&quot; data-embed-format=&quot;thumb&quot;&gt;&lt;span class=&quot;shadow mild&quot; &gt;&lt;a class=&quot;thumb&quot; href=&quot;https://www.deviantart.com/atlas-white/art/DELTARUNE-770962541&quot; title=&quot;DELTARUNE by Atlas-White, Nov 2, 2018 in Fan Art &amp;gt; Digital Art &amp;gt; Drawings &amp;gt; Games&quot;data-super-img=&quot;https://images-wixmp-ed30a86b8c4ca887773594c2.wixmp.com/intermediary/f/5d42e814-5059-46f0-a12b-ed5f5263d93a/dcr0ei5-a60280cf-8b1e-4f4d-a4a3-9e1d94df416e.png/v1/fill/w_1024,h_569,q_80,strp/deltarune_by_atlas_white_dcr0ei5-fullview.jpg&quot; data-super-width=&quot;1024&quot; data-super-height=&quot;569&quot; data-super-transparent=&quot;false&quot; data-super-alt=&quot;DELTARUNE by Atlas-White&quot; data-super-full-img=&quot;https://images-wixmp-ed30a86b8c4ca887773594c2.wixmp.com/intermediary/f/5d42e814-5059-46f0-a12b-ed5f5263d93a/dcr0ei5-a60280cf-8b1e-4f4d-a4a3-9e1d94df416e.png/v1/fill/w_1024,h_569,q_80,strp/deltarune_by_atlas_white_dcr0ei5-fullview.jpg&quot; data-super-full-width=&quot;1024&quot; data-super-full-height=&quot;569&quot;        data-sigil=&quot;thumb&quot;&gt;
        &lt;i&gt;&lt;/i&gt;&lt;img   width=&quot;150&quot; height=&quot;83&quot; alt=&quot;DELTARUNE by Atlas-White&quot; src=&quot;https://images-wixmp-ed30a86b8c4ca887773594c2.wixmp.com/intermediary/f/5d42e814-5059-46f0-a12b-ed5f5263d93a/dcr0ei5-a60280cf-8b1e-4f4d-a4a3-9e1d94df416e.png/v1/fit/w_150,h_150,q_70,strp/deltarune_by_atlas_white_dcr0ei5-150.jpg&quot; data-src=&quot;https://images-wixmp-ed30a86b8c4ca887773594c2.wixmp.com/intermediary/f/5d42e814-5059-46f0-a12b-ed5f5263d93a/dcr0ei5-a60280cf-8b1e-4f4d-a4a3-9e1d94df416e.png/v1/fit/w_150,h_150,q_70,strp/deltarune_by_atlas_white_dcr0ei5-150.jpg&quot; srcset=&quot;https://images-wixmp-ed30a86b8c4ca887773594c2.wixmp.com/intermediary/f/5d42e814-5059-46f0-a12b-ed5f5263d93a/dcr0ei5-a60280cf-8b1e-4f4d-a4a3-9e1d94df416e.png/v1/fit/w_150,h_150,q_70,strp/deltarune_by_atlas_white_dcr0ei5-150.jpg 150w,https://images-wixmp-ed30a86b8c4ca887773594c2.wixmp.com/intermediary/f/5d42e814-5059-46f0-a12b-ed5f5263d93a/dcr0ei5-a60280cf-8b1e-4f4d-a4a3-9e1d94df416e.png/v1/fill/w_450,h_250,q_70,strp/deltarune_by_atlas_white_dcr0ei5-250t.jpg 450w,https://images-wixmp-ed30a86b8c4ca887773594c2.wixmp.com/intermediary/f/5d42e814-5059-46f0-a12b-ed5f5263d93a/dcr0ei5-a60280cf-8b1e-4f4d-a4a3-9e1d94df416e.png/v1/fill/w_630,h_350,q_70,strp/deltarune_by_atlas_white_dcr0ei5-350t.jpg 630w,https://images-wixmp-ed30a86b8c4ca887773594c2.wixmp.com/intermediary/f/5d42e814-5059-46f0-a12b-ed5f5263d93a/dcr0ei5-a60280cf-8b1e-4f4d-a4a3-9e1d94df416e.png/v1/fill/w_720,h_400,q_70,strp/deltarune_by_atlas_white_dcr0ei5-400t.jpg 720w,https://images-wixmp-ed30a86b8c4ca887773594c2.wixmp.com/intermediary/f/5d42e814-5059-46f0-a12b-ed5f5263d93a/dcr0ei5-a60280cf-8b1e-4f4d-a4a3-9e1d94df416e.png/v1/fill/w_1024,h_569,q_80,strp/deltarune_by_atlas_white_dcr0ei5-fullview.jpg 1024w&quot; sizes=&quot;150px&quot;&gt;&lt;/a&gt;&lt;/span&gt;&lt;!-- ^TTT --&gt;&lt;!-- TTT$ --&gt;&lt;/span&gt;&amp;nbsp;&lt;span class=&quot;shadow-holder&quot; data-embed-type=&quot;deviation&quot; data-embed-id=&quot;773937370&quot; data-embed-format=&quot;thumb&quot;&gt;&lt;span class=&quot;shadow mild&quot; &gt;&lt;a class=&quot;thumb&quot; href=&quot;https://www.deviantart.com/atlas-white/art/Deltarune-Seam-and-Jevil-773937370&quot; title=&quot;Deltarune | Seam and Jevil by Atlas-White, Nov 24, 2018 in Fan Art &amp;gt; Digital Art &amp;gt; Drawings &amp;gt; Games&quot;data-super-img=&quot;https://images-wixmp-ed30a86b8c4ca887773594c2.wixmp.com/intermediary/f/5d42e814-5059-46f0-a12b-ed5f5263d93a/dcss5wa-832cd0c7-045b-4739-8ead-b5bec2e7f2d6.png/v1/fill/w_1058,h_755,q_70,strp/deltarune___seam_and_jevil_by_atlas_white_dcss5wa-pre.jpg&quot; data-super-width=&quot;1058&quot; data-super-height=&quot;755&quot; data-super-transparent=&quot;false&quot; data-super-alt=&quot;Deltarune | Seam and Jevil by Atlas-White&quot; data-super-full-img=&quot;https://images-wixmp-ed30a86b8c4ca887773594c2.wixmp.com/intermediary/f/5d42e814-5059-46f0-a12b-ed5f5263d93a/dcss5wa-832cd0c7-045b-4739-8ead-b5bec2e7f2d6.png&quot; data-super-full-width=&quot;1400&quot; data-super-full-height=&quot;1000&quot;        data-sigil=&quot;thumb&quot;&gt;
        &lt;i&gt;&lt;/i&gt;&lt;img   width=&quot;150&quot; height=&quot;107&quot; alt=&quot;Deltarune | Seam and Jevil by Atlas-White&quot; src=&quot;https://images-wixmp-ed30a86b8c4ca887773594c2.wixmp.com/intermediary/f/5d42e814-5059-46f0-a12b-ed5f5263d93a/dcss5wa-832cd0c7-045b-4739-8ead-b5bec2e7f2d6.png/v1/fit/w_150,h_150,q_70,strp/deltarune___seam_and_jevil_by_atlas_white_dcss5wa-150.jpg&quot; data-src=&quot;https://images-wixmp-ed30a86b8c4ca887773594c2.wixmp.com/intermediary/f/5d42e814-5059-46f0-a12b-ed5f5263d93a/dcss5wa-832cd0c7-045b-4739-8ead-b5bec2e7f2d6.png/v1/fit/w_150,h_150,q_70,strp/deltarune___seam_and_jevil_by_atlas_white_dcss5wa-150.jpg&quot; srcset=&quot;https://images-wixmp-ed30a86b8c4ca887773594c2.wixmp.com/intermediary/f/5d42e814-5059-46f0-a12b-ed5f5263d93a/dcss5wa-832cd0c7-045b-4739-8ead-b5bec2e7f2d6.png/v1/fit/w_150,h_150,q_70,strp/deltarune___seam_and_jevil_by_atlas_white_dcss5wa-150.jpg 150w,https://images-wixmp-ed30a86b8c4ca887773594c2.wixmp.com/intermediary/f/5d42e814-5059-46f0-a12b-ed5f5263d93a/dcss5wa-832cd0c7-045b-4739-8ead-b5bec2e7f2d6.png/v1/fill/w_350,h_250,q_70,strp/deltarune___seam_and_jevil_by_atlas_white_dcss5wa-250t.jpg 350w,https://images-wixmp-ed30a86b8c4ca887773594c2.wixmp.com/intermediary/f/5d42e814-5059-46f0-a12b-ed5f5263d93a/dcss5wa-832cd0c7-045b-4739-8ead-b5bec2e7f2d6.png/v1/fill/w_490,h_350,q_70,strp/deltarune___seam_and_jevil_by_atlas_white_dcss5wa-350t.jpg 490w,https://images-wixmp-ed30a86b8c4ca887773594c2.wixmp.com/intermediary/f/5d42e814-5059-46f0-a12b-ed5f5263d93a/dcss5wa-832cd0c7-045b-4739-8ead-b5bec2e7f2d6.png/v1/fill/w_560,h_400,q_70,strp/deltarune___seam_and_jevil_by_atlas_white_dcss5wa-400t.jpg 560w,https://images-wixmp-ed30a86b8c4ca887773594c2.wixmp.com/intermediary/f/5d42e814-5059-46f0-a12b-ed5f5263d93a/dcss5wa-832cd0c7-045b-4739-8ead-b5bec2e7f2d6.png/v1/fill/w_1058,h_755,q_70,strp/deltarune___seam_and_jevil_by_atlas_white_dcss5wa-pre.jpg 1058w&quot; sizes=&quot;150px&quot;&gt;&lt;/a&gt;&lt;/span&gt;&lt;!-- ^TTT --&gt;&lt;!-- TTT$ --&gt;&lt;/span&gt;&amp;nbsp;&lt;span class=&quot;shadow-holder&quot; data-embed-type=&quot;deviation&quot; data-embed-id=&quot;775904008&quot; data-embed-format=&quot;thumb&quot;&gt;&lt;span class=&quot;shadow mild&quot; &gt;&lt;a class=&quot;thumb&quot; href=&quot;https://www.deviantart.com/atlas-white/art/Deltarune-Sunset-Kiss-Kiss-Meme-775904008&quot; title=&quot;Deltarune | Sunset Kiss | Kiss Meme by Atlas-White, Dec 8, 2018 in Fan Art &amp;gt; Digital Art &amp;gt; Drawings &amp;gt; Games&quot;data-super-img=&quot;https://images-wixmp-ed30a86b8c4ca887773594c2.wixmp.com/intermediary/f/5d42e814-5059-46f0-a12b-ed5f5263d93a/dctybd4-c8f4d648-70ee-4eea-8c0b-55aca3f3d6b2.png&quot; data-super-width=&quot;700&quot; data-super-height=&quot;900&quot; data-super-transparent=&quot;false&quot; data-super-alt=&quot;Deltarune | Sunset Kiss | Kiss Meme by Atlas-White&quot; data-super-full-img=&quot;https://images-wixmp-ed30a86b8c4ca887773594c2.wixmp.com/intermediary/f/5d42e814-5059-46f0-a12b-ed5f5263d93a/dctybd4-c8f4d648-70ee-4eea-8c0b-55aca3f3d6b2.png&quot; data-super-full-width=&quot;700&quot; data-super-full-height=&quot;900&quot;        data-sigil=&quot;thumb&quot;&gt;
        &lt;i&gt;&lt;/i&gt;&lt;img   width=&quot;117&quot; height=&quot;150&quot; alt=&quot;Deltarune | Sunset Kiss | Kiss Meme by Atlas-White&quot; src=&quot;https://images-wixmp-ed30a86b8c4ca887773594c2.wixmp.com/intermediary/f/5d42e814-5059-46f0-a12b-ed5f5263d93a/dctybd4-c8f4d648-70ee-4eea-8c0b-55aca3f3d6b2.png/v1/fit/w_150,h_150,q_70,strp/deltarune___sunset_kiss___kiss_meme_by_atlas_white_dctybd4-150.jpg&quot; data-src=&quot;https://images-wixmp-ed30a86b8c4ca887773594c2.wixmp.com/intermediary/f/5d42e814-5059-46f0-a12b-ed5f5263d93a/dctybd4-c8f4d648-70ee-4eea-8c0b-55aca3f3d6b2.png/v1/fit/w_150,h_150,q_70,strp/deltarune___sunset_kiss___kiss_meme_by_atlas_white_dctybd4-150.jpg&quot; srcset=&quot;https://images-wixmp-ed30a86b8c4ca887773594c2.wixmp.com/intermediary/f/5d42e814-5059-46f0-a12b-ed5f5263d93a/dctybd4-c8f4d648-70ee-4eea-8c0b-55aca3f3d6b2.png/v1/fit/w_150,h_150,q_70,strp/deltarune___sunset_kiss___kiss_meme_by_atlas_white_dctybd4-150.jpg 117w,https://images-wixmp-ed30a86b8c4ca887773594c2.wixmp.com/intermediary/f/5d42e814-5059-46f0-a12b-ed5f5263d93a/dctybd4-c8f4d648-70ee-4eea-8c0b-55aca3f3d6b2.png/v1/crop/w_194,h_250,x_0,y_0,scl_0.27857142857143,q_70,strp/deltarune___sunset_kiss___kiss_meme_by_atlas_white_dctybd4-250t.jpg 194w,https://images-wixmp-ed30a86b8c4ca887773594c2.wixmp.com/intermediary/f/5d42e814-5059-46f0-a12b-ed5f5263d93a/dctybd4-c8f4d648-70ee-4eea-8c0b-55aca3f3d6b2.png/v1/fill/w_272,h_350,q_70,strp/deltarune___sunset_kiss___kiss_meme_by_atlas_white_dctybd4-350t.jpg 272w,https://images-wixmp-ed30a86b8c4ca887773594c2.wixmp.com/intermediary/f/5d42e814-5059-46f0-a12b-ed5f5263d93a/dctybd4-c8f4d648-70ee-4eea-8c0b-55aca3f3d6b2.png/v1/fill/w_311,h_400,q_70,strp/deltarune___sunset_kiss___kiss_meme_by_atlas_white_dctybd4-400t.jpg 311w,https://images-wixmp-ed30a86b8c4ca887773594c2.wixmp.com/intermediary/f/5d42e814-5059-46f0-a12b-ed5f5263d93a/dctybd4-c8f4d648-70ee-4eea-8c0b-55aca3f3d6b2.png 700w&quot; sizes=&quot;117px&quot;&gt;&lt;/a&gt;&lt;/span&gt;&lt;!-- ^TTT --&gt;&lt;!-- TTT$ --&gt;&lt;/span&gt;&amp;nbsp;&lt;span class=&quot;shadow-holder&quot; data-embed-type=&quot;deviation&quot; data-embed-id=&quot;737081883&quot; data-embed-format=&quot;thumb&quot;&gt;&lt;span class=&quot;shadow mild&quot; &gt;&lt;a class=&quot;thumb&quot; href=&quot;https://www.deviantart.com/atlas-white/art/UF-You-Are-My-Star-CE-737081883&quot; title=&quot;UF - You Are My Star [CE] by Atlas-White, Mar 24, 2018 in Fan Art &amp;gt; Digital Art &amp;gt; Drawings &amp;gt; Games&quot;data-super-img=&quot;https://images-wixmp-ed30a86b8c4ca887773594c2.wixmp.com/intermediary/f/5d42e814-5059-46f0-a12b-ed5f5263d93a/dc6u80r-b7d55a75-aa9d-4053-9e4e-a62645c5b984.png/v1/fill/w_792,h_1009,q_70,strp/uf___you_are_my_star__ce__by_atlas_white_dc6u80r-pre.jpg&quot; data-super-width=&quot;792&quot; data-super-height=&quot;1009&quot; data-super-transparent=&quot;false&quot; data-super-alt=&quot;UF - You Are My Star [CE] by Atlas-White&quot; data-super-full-img=&quot;https://images-wixmp-ed30a86b8c4ca887773594c2.wixmp.com/intermediary/f/5d42e814-5059-46f0-a12b-ed5f5263d93a/dc6u80r-b7d55a75-aa9d-4053-9e4e-a62645c5b984.png&quot; data-super-full-width=&quot;800&quot; data-super-full-height=&quot;1020&quot;        data-sigil=&quot;thumb&quot;&gt;
        &lt;i&gt;&lt;/i&gt;&lt;img   width=&quot;118&quot; height=&quot;150&quot; alt=&quot;UF - You Are My Star [CE] by Atlas-White&quot; src=&quot;https://images-wixmp-ed30a86b8c4ca887773594c2.wixmp.com/intermediary/f/5d42e814-5059-46f0-a12b-ed5f5263d93a/dc6u80r-b7d55a75-aa9d-4053-9e4e-a62645c5b984.png/v1/fit/w_150,h_150,q_70,strp/uf___you_are_my_star__ce__by_atlas_white_dc6u80r-150.jpg&quot; data-src=&quot;https://images-wixmp-ed30a86b8c4ca887773594c2.wixmp.com/intermediary/f/5d42e814-5059-46f0-a12b-ed5f5263d93a/dc6u80r-b7d55a75-aa9d-4053-9e4e-a62645c5b984.png/v1/fit/w_150,h_150,q_70,strp/uf___you_are_my_star__ce__by_atlas_white_dc6u80r-150.jpg&quot; srcset=&quot;https://images-wixmp-ed30a86b8c4ca887773594c2.wixmp.com/intermediary/f/5d42e814-5059-46f0-a12b-ed5f5263d93a/dc6u80r-b7d55a75-aa9d-4053-9e4e-a62645c5b984.png/v1/fit/w_150,h_150,q_70,strp/uf___you_are_my_star__ce__by_atlas_white_dc6u80r-150.jpg 118w,https://images-wixmp-ed30a86b8c4ca887773594c2.wixmp.com/intermediary/f/5d42e814-5059-46f0-a12b-ed5f5263d93a/dc6u80r-b7d55a75-aa9d-4053-9e4e-a62645c5b984.png/v1/fill/w_196,h_250,q_70,strp/uf___you_are_my_star__ce__by_atlas_white_dc6u80r-250t.jpg 196w,https://images-wixmp-ed30a86b8c4ca887773594c2.wixmp.com/intermediary/f/5d42e814-5059-46f0-a12b-ed5f5263d93a/dc6u80r-b7d55a75-aa9d-4053-9e4e-a62645c5b984.png/v1/crop/w_275,h_350,x_0,y_0,scl_0.34375,q_70,strp/uf___you_are_my_star__ce__by_atlas_white_dc6u80r-350t.jpg 275w,https://images-wixmp-ed30a86b8c4ca887773594c2.wixmp.com/intermediary/f/5d42e814-5059-46f0-a12b-ed5f5263d93a/dc6u80r-b7d55a75-aa9d-4053-9e4e-a62645c5b984.png/v1/fill/w_314,h_400,q_70,strp/uf___you_are_my_star__ce__by_atlas_white_dc6u80r-400t.jpg 314w,https://images-wixmp-ed30a86b8c4ca887773594c2.wixmp.com/intermediary/f/5d42e814-5059-46f0-a12b-ed5f5263d93a/dc6u80r-b7d55a75-aa9d-4053-9e4e-a62645c5b984.png/v1/fill/w_792,h_1009,q_70,strp/uf___you_are_my_star__ce__by_atlas_white_dc6u80r-pre.jpg 792w&quot; sizes=&quot;118px&quot;&gt;&lt;/a&gt;&lt;/span&gt;&lt;!-- ^TTT --&gt;&lt;!-- TTT$ --&gt;&lt;/span&gt;&amp;nbsp;&amp;nbsp;&amp;nbsp;&lt;br /&gt;&lt;/div&gt;</media:description>            <media:thumbnail url="https://t00.deviantart.net/opOgq3NCzTNzx-ZOsWfWVXmQ2Dw=/fit-in/150x150/filters:no_upscale():origin()/pre00/e667/th/pre/f/2019/025/e/b/deltarune___gentle_in_the_dark_by_atlas_white-dcy1g0q.png" height="150" width="150"/>            <media:thumbnail url="https://t00.deviantart.net/GFBeBVk2RWtOtxZV8Im1DRFoCoY=/fit-in/300x900/filters:no_upscale():origin()/pre00/e667/th/pre/f/2019/025/e/b/deltarune___gentle_in_the_dark_by_atlas_white-dcy1g0q.png" height="300" width="300"/>            <media:thumbnail url="https://t00.deviantart.net/GliaN8wiRvR5x-kkGUMmJOes4p0=/300x200/filters:fixed_height(100,100):origin()/pre00/e667/th/pre/f/2019/025/e/b/deltarune___gentle_in_the_dark_by_atlas_white-dcy1g0q.png" height="200" width="200"/>            <media:content url="https://pre00.deviantart.net/e667/th/pre/f/2019/025/e/b/deltarune___gentle_in_the_dark_by_atlas_white-dcy1g0q.png" height="894" width="894" medium="image"/>            
            <description>&lt;div align=&quot;-webkit-center&quot;&gt;|&amp;nbsp;&lt;a href=&quot;https://atlas-white.deviantart.com/journal/New-Commission-Info-534533454&quot;&gt;Commission Info&lt;/a&gt;&amp;nbsp;|&amp;nbsp;&lt;a href=&quot;https://atlas-white.deviantart.com/journal/Customs-OPEN-737719933&quot;&gt;Customs&lt;/a&gt;&amp;nbsp;|&amp;nbsp;&lt;a class=&quot;external&quot; href=&quot;https://www.deviantart.com/users/outgoing?https://patreon.com/atlaswhite&quot;&gt;Patreon&lt;/a&gt;&lt;b&gt;&amp;nbsp;&amp;nbsp;&lt;/b&gt;|&lt;br /&gt;&lt;br /&gt;&lt;/div&gt;&lt;div align=&quot;-webkit-center&quot;&gt;&lt;a href=&quot;https://www.deviantart.com/empressofroses/art/Pixel-Rose-Divider-Black-679409429&quot; class=&quot;emoticon&quot; data-embed-type=&quot;emoticon&quot; data-embed-id=&quot;679409429&quot; data-embed-profile=&quot;deviation&quot;&gt;&lt;img src=&quot;https://orig00.deviantart.net/133e/f/2017/127/9/a/pixel_rose_divider___black_by_starlightdreamspirit-db8i3o5.gif&quot; alt=&quot;Pixel Rose Divider - Black&quot; style=&quot;width:58px;height:19px&quot;&gt;&lt;/a&gt;&lt;br /&gt;&lt;br /&gt;&lt;i&gt;&amp;nbsp;&lt;br /&gt;&amp;#10077;&amp;nbsp; Hey, cheer up. Everything&#039;s gonna be better tomorrow. You&#039;ll see . &amp;#10078;&lt;br /&gt;&lt;/i&gt;&lt;br /&gt;&lt;br /&gt;&lt;div align=&quot;center&quot;&gt;&lt;span class=&quot;shadow-holder&quot; data-embed-type=&quot;deviation&quot; data-embed-id=&quot;5499719688307960&quot; data-embed-format=&quot;thumb&quot;&gt;&lt;span class=&quot;shadow mild&quot; &gt;&lt;a class=&quot;thumb&quot; href=&quot;https://sta.sh/01i5hkcfv3zs&quot; title=&quot;Crown Divider for use by Atlas White ONLY by Atlas-White, May 17, 2018&quot;        data-sigil=&quot;thumb&quot;&gt;
        &lt;i&gt;&lt;/i&gt;&lt;img   width=&quot;149&quot; height=&quot;39&quot; alt=&quot;Crown Divider for use by Atlas White ONLY by Atlas-White&quot; src=&quot;https://orig00.deviantart.net/ff66/f/2018/137/a/1/crown_divider_for_use_by_atlas_white_only_by_atlas_white-dcbtc0k.gif&quot; data-src=&quot;https://orig00.deviantart.net/ff66/f/2018/137/a/1/crown_divider_for_use_by_atlas_white_only_by_atlas_white-dcbtc0k.gif&quot; srcset=&quot;https://orig00.deviantart.net/ff66/f/2018/137/a/1/crown_divider_for_use_by_atlas_white_only_by_atlas_white-dcbtc0k.gif 149w&quot; sizes=&quot;149px&quot;&gt;&lt;/a&gt;&lt;/span&gt;&lt;!-- ^TTT --&gt;&lt;!-- TTT$ --&gt;&lt;/span&gt;&lt;br /&gt;&lt;a href=&quot;https://sta.sh/01i5hkcfv3zs&quot; title=&quot;Crown Divider for use by Atlas White ONLY by Atlas-White, May 17, 2018&quot;&gt;&lt;/a&gt;&lt;a href=&quot;https://sta.sh/01i5hkcfv3zs&quot; title=&quot;Crown Divider for use by Atlas White ONLY by Atlas-White, May 17, 2018&quot;&gt;&lt;/a&gt;&lt;/div&gt;&lt;div align=&quot;center&quot;&gt;&lt;div align=&quot;center&quot;&gt;&lt;div align=&quot;center&quot;&gt;&lt;/div&gt;&lt;/div&gt;&lt;/div&gt;&lt;div align=&quot;-webkit-center&quot;&gt;&lt;br /&gt;&lt;/div&gt;&lt;a href=&quot;https://www.deviantart.com/diegovainilla/art/pink-heart-big-591683781&quot; class=&quot;emoticon&quot; data-embed-type=&quot;emoticon&quot; data-embed-id=&quot;591683781&quot; data-embed-profile=&quot;deviation&quot;&gt;&lt;img src=&quot;https://orig00.deviantart.net/83bf/f/2017/152/e/d/big_pink_heart_by_diegovainilla-d9s9u4l.gif&quot; alt=&quot;pink heart {big}&quot; style=&quot;width:15px;height:15px&quot;&gt;&lt;/a&gt;&amp;nbsp;&amp;nbsp;Remember, a positive comment goes a long way!&amp;nbsp;&lt;a href=&quot;https://www.deviantart.com/diegovainilla/art/pink-heart-big-591683781&quot; class=&quot;emoticon&quot; data-embed-type=&quot;emoticon&quot; data-embed-id=&quot;591683781&quot; data-embed-profile=&quot;deviation&quot;&gt;&lt;img src=&quot;https://orig00.deviantart.net/83bf/f/2017/152/e/d/big_pink_heart_by_diegovainilla-d9s9u4l.gif&quot; alt=&quot;pink heart {big}&quot; style=&quot;width:15px;height:15px&quot;&gt;&lt;/a&gt;&amp;nbsp;&lt;br /&gt;&lt;br /&gt;&lt;a class=&quot;external&quot; href=&quot;https://www.deviantart.com/users/outgoing?https://ko-fi.com/A861BK4&quot;&gt;If you enjoy my work, please consider buying me a coffee!&lt;br /&gt;&lt;/a&gt;&lt;br /&gt;&lt;a class=&quot;external&quot; href=&quot;https://www.deviantart.com/users/outgoing?http://patreon.com/atlaswhite&quot;&gt;Or you could become a Patron and gain rad rewards like free art for supporting me!&lt;br /&gt;&lt;/a&gt;&lt;br /&gt;And thanks. I couldn&#039;t do it without you.&lt;br /&gt;&lt;br /&gt;&lt;a href=&quot;https://www.deviantart.com/empressofroses/art/Pixel-Rose-Divider-Black-679409429&quot; class=&quot;emoticon&quot; data-embed-type=&quot;emoticon&quot; data-embed-id=&quot;679409429&quot; data-embed-profile=&quot;deviation&quot;&gt;&lt;img src=&quot;https://orig00.deviantart.net/133e/f/2017/127/9/a/pixel_rose_divider___black_by_starlightdreamspirit-db8i3o5.gif&quot; alt=&quot;Pixel Rose Divider - Black&quot; style=&quot;width:58px;height:19px&quot;&gt;&lt;/a&gt;&lt;br /&gt;&lt;br /&gt;&lt;span class=&quot;shadow-holder&quot; data-embed-type=&quot;deviation&quot; data-embed-id=&quot;770962541&quot; data-embed-format=&quot;thumb&quot;&gt;&lt;span class=&quot;shadow mild&quot; &gt;&lt;a class=&quot;thumb&quot; href=&quot;https://www.deviantart.com/atlas-white/art/DELTARUNE-770962541&quot; title=&quot;DELTARUNE by Atlas-White, Nov 2, 2018 in Fan Art &amp;gt; Digital Art &amp;gt; Drawings &amp;gt; Games&quot;data-super-img=&quot;https://images-wixmp-ed30a86b8c4ca887773594c2.wixmp.com/intermediary/f/5d42e814-5059-46f0-a12b-ed5f5263d93a/dcr0ei5-a60280cf-8b1e-4f4d-a4a3-9e1d94df416e.png/v1/fill/w_1024,h_569,q_80,strp/deltarune_by_atlas_white_dcr0ei5-fullview.jpg&quot; data-super-width=&quot;1024&quot; data-super-height=&quot;569&quot; data-super-transparent=&quot;false&quot; data-super-alt=&quot;DELTARUNE by Atlas-White&quot; data-super-full-img=&quot;https://images-wixmp-ed30a86b8c4ca887773594c2.wixmp.com/intermediary/f/5d42e814-5059-46f0-a12b-ed5f5263d93a/dcr0ei5-a60280cf-8b1e-4f4d-a4a3-9e1d94df416e.png/v1/fill/w_1024,h_569,q_80,strp/deltarune_by_atlas_white_dcr0ei5-fullview.jpg&quot; data-super-full-width=&quot;1024&quot; data-super-full-height=&quot;569&quot;        data-sigil=&quot;thumb&quot;&gt;
        &lt;i&gt;&lt;/i&gt;&lt;img   width=&quot;150&quot; height=&quot;83&quot; alt=&quot;DELTARUNE by Atlas-White&quot; src=&quot;https://images-wixmp-ed30a86b8c4ca887773594c2.wixmp.com/intermediary/f/5d42e814-5059-46f0-a12b-ed5f5263d93a/dcr0ei5-a60280cf-8b1e-4f4d-a4a3-9e1d94df416e.png/v1/fit/w_150,h_150,q_70,strp/deltarune_by_atlas_white_dcr0ei5-150.jpg&quot; data-src=&quot;https://images-wixmp-ed30a86b8c4ca887773594c2.wixmp.com/intermediary/f/5d42e814-5059-46f0-a12b-ed5f5263d93a/dcr0ei5-a60280cf-8b1e-4f4d-a4a3-9e1d94df416e.png/v1/fit/w_150,h_150,q_70,strp/deltarune_by_atlas_white_dcr0ei5-150.jpg&quot; srcset=&quot;https://images-wixmp-ed30a86b8c4ca887773594c2.wixmp.com/intermediary/f/5d42e814-5059-46f0-a12b-ed5f5263d93a/dcr0ei5-a60280cf-8b1e-4f4d-a4a3-9e1d94df416e.png/v1/fit/w_150,h_150,q_70,strp/deltarune_by_atlas_white_dcr0ei5-150.jpg 150w,https://images-wixmp-ed30a86b8c4ca887773594c2.wixmp.com/intermediary/f/5d42e814-5059-46f0-a12b-ed5f5263d93a/dcr0ei5-a60280cf-8b1e-4f4d-a4a3-9e1d94df416e.png/v1/fill/w_450,h_250,q_70,strp/deltarune_by_atlas_white_dcr0ei5-250t.jpg 450w,https://images-wixmp-ed30a86b8c4ca887773594c2.wixmp.com/intermediary/f/5d42e814-5059-46f0-a12b-ed5f5263d93a/dcr0ei5-a60280cf-8b1e-4f4d-a4a3-9e1d94df416e.png/v1/fill/w_630,h_350,q_70,strp/deltarune_by_atlas_white_dcr0ei5-350t.jpg 630w,https://images-wixmp-ed30a86b8c4ca887773594c2.wixmp.com/intermediary/f/5d42e814-5059-46f0-a12b-ed5f5263d93a/dcr0ei5-a60280cf-8b1e-4f4d-a4a3-9e1d94df416e.png/v1/fill/w_720,h_400,q_70,strp/deltarune_by_atlas_white_dcr0ei5-400t.jpg 720w,https://images-wixmp-ed30a86b8c4ca887773594c2.wixmp.com/intermediary/f/5d42e814-5059-46f0-a12b-ed5f5263d93a/dcr0ei5-a60280cf-8b1e-4f4d-a4a3-9e1d94df416e.png/v1/fill/w_1024,h_569,q_80,strp/deltarune_by_atlas_white_dcr0ei5-fullview.jpg 1024w&quot; sizes=&quot;150px&quot;&gt;&lt;/a&gt;&lt;/span&gt;&lt;!-- ^TTT --&gt;&lt;!-- TTT$ --&gt;&lt;/span&gt;&amp;nbsp;&lt;span class=&quot;shadow-holder&quot; data-embed-type=&quot;deviation&quot; data-embed-id=&quot;773937370&quot; data-embed-format=&quot;thumb&quot;&gt;&lt;span class=&quot;shadow mild&quot; &gt;&lt;a class=&quot;thumb&quot; href=&quot;https://www.deviantart.com/atlas-white/art/Deltarune-Seam-and-Jevil-773937370&quot; title=&quot;Deltarune | Seam and Jevil by Atlas-White, Nov 24, 2018 in Fan Art &amp;gt; Digital Art &amp;gt; Drawings &amp;gt; Games&quot;data-super-img=&quot;https://images-wixmp-ed30a86b8c4ca887773594c2.wixmp.com/intermediary/f/5d42e814-5059-46f0-a12b-ed5f5263d93a/dcss5wa-832cd0c7-045b-4739-8ead-b5bec2e7f2d6.png/v1/fill/w_1058,h_755,q_70,strp/deltarune___seam_and_jevil_by_atlas_white_dcss5wa-pre.jpg&quot; data-super-width=&quot;1058&quot; data-super-height=&quot;755&quot; data-super-transparent=&quot;false&quot; data-super-alt=&quot;Deltarune | Seam and Jevil by Atlas-White&quot; data-super-full-img=&quot;https://images-wixmp-ed30a86b8c4ca887773594c2.wixmp.com/intermediary/f/5d42e814-5059-46f0-a12b-ed5f5263d93a/dcss5wa-832cd0c7-045b-4739-8ead-b5bec2e7f2d6.png&quot; data-super-full-width=&quot;1400&quot; data-super-full-height=&quot;1000&quot;        data-sigil=&quot;thumb&quot;&gt;
        &lt;i&gt;&lt;/i&gt;&lt;img   width=&quot;150&quot; height=&quot;107&quot; alt=&quot;Deltarune | Seam and Jevil by Atlas-White&quot; src=&quot;https://images-wixmp-ed30a86b8c4ca887773594c2.wixmp.com/intermediary/f/5d42e814-5059-46f0-a12b-ed5f5263d93a/dcss5wa-832cd0c7-045b-4739-8ead-b5bec2e7f2d6.png/v1/fit/w_150,h_150,q_70,strp/deltarune___seam_and_jevil_by_atlas_white_dcss5wa-150.jpg&quot; data-src=&quot;https://images-wixmp-ed30a86b8c4ca887773594c2.wixmp.com/intermediary/f/5d42e814-5059-46f0-a12b-ed5f5263d93a/dcss5wa-832cd0c7-045b-4739-8ead-b5bec2e7f2d6.png/v1/fit/w_150,h_150,q_70,strp/deltarune___seam_and_jevil_by_atlas_white_dcss5wa-150.jpg&quot; srcset=&quot;https://images-wixmp-ed30a86b8c4ca887773594c2.wixmp.com/intermediary/f/5d42e814-5059-46f0-a12b-ed5f5263d93a/dcss5wa-832cd0c7-045b-4739-8ead-b5bec2e7f2d6.png/v1/fit/w_150,h_150,q_70,strp/deltarune___seam_and_jevil_by_atlas_white_dcss5wa-150.jpg 150w,https://images-wixmp-ed30a86b8c4ca887773594c2.wixmp.com/intermediary/f/5d42e814-5059-46f0-a12b-ed5f5263d93a/dcss5wa-832cd0c7-045b-4739-8ead-b5bec2e7f2d6.png/v1/fill/w_350,h_250,q_70,strp/deltarune___seam_and_jevil_by_atlas_white_dcss5wa-250t.jpg 350w,https://images-wixmp-ed30a86b8c4ca887773594c2.wixmp.com/intermediary/f/5d42e814-5059-46f0-a12b-ed5f5263d93a/dcss5wa-832cd0c7-045b-4739-8ead-b5bec2e7f2d6.png/v1/fill/w_490,h_350,q_70,strp/deltarune___seam_and_jevil_by_atlas_white_dcss5wa-350t.jpg 490w,https://images-wixmp-ed30a86b8c4ca887773594c2.wixmp.com/intermediary/f/5d42e814-5059-46f0-a12b-ed5f5263d93a/dcss5wa-832cd0c7-045b-4739-8ead-b5bec2e7f2d6.png/v1/fill/w_560,h_400,q_70,strp/deltarune___seam_and_jevil_by_atlas_white_dcss5wa-400t.jpg 560w,https://images-wixmp-ed30a86b8c4ca887773594c2.wixmp.com/intermediary/f/5d42e814-5059-46f0-a12b-ed5f5263d93a/dcss5wa-832cd0c7-045b-4739-8ead-b5bec2e7f2d6.png/v1/fill/w_1058,h_755,q_70,strp/deltarune___seam_and_jevil_by_atlas_white_dcss5wa-pre.jpg 1058w&quot; sizes=&quot;150px&quot;&gt;&lt;/a&gt;&lt;/span&gt;&lt;!-- ^TTT --&gt;&lt;!-- TTT$ --&gt;&lt;/span&gt;&amp;nbsp;&lt;span class=&quot;shadow-holder&quot; data-embed-type=&quot;deviation&quot; data-embed-id=&quot;775904008&quot; data-embed-format=&quot;thumb&quot;&gt;&lt;span class=&quot;shadow mild&quot; &gt;&lt;a class=&quot;thumb&quot; href=&quot;https://www.deviantart.com/atlas-white/art/Deltarune-Sunset-Kiss-Kiss-Meme-775904008&quot; title=&quot;Deltarune | Sunset Kiss | Kiss Meme by Atlas-White, Dec 8, 2018 in Fan Art &amp;gt; Digital Art &amp;gt; Drawings &amp;gt; Games&quot;data-super-img=&quot;https://images-wixmp-ed30a86b8c4ca887773594c2.wixmp.com/intermediary/f/5d42e814-5059-46f0-a12b-ed5f5263d93a/dctybd4-c8f4d648-70ee-4eea-8c0b-55aca3f3d6b2.png&quot; data-super-width=&quot;700&quot; data-super-height=&quot;900&quot; data-super-transparent=&quot;false&quot; data-super-alt=&quot;Deltarune | Sunset Kiss | Kiss Meme by Atlas-White&quot; data-super-full-img=&quot;https://images-wixmp-ed30a86b8c4ca887773594c2.wixmp.com/intermediary/f/5d42e814-5059-46f0-a12b-ed5f5263d93a/dctybd4-c8f4d648-70ee-4eea-8c0b-55aca3f3d6b2.png&quot; data-super-full-width=&quot;700&quot; data-super-full-height=&quot;900&quot;        data-sigil=&quot;thumb&quot;&gt;
        &lt;i&gt;&lt;/i&gt;&lt;img   width=&quot;117&quot; height=&quot;150&quot; alt=&quot;Deltarune | Sunset Kiss | Kiss Meme by Atlas-White&quot; src=&quot;https://images-wixmp-ed30a86b8c4ca887773594c2.wixmp.com/intermediary/f/5d42e814-5059-46f0-a12b-ed5f5263d93a/dctybd4-c8f4d648-70ee-4eea-8c0b-55aca3f3d6b2.png/v1/fit/w_150,h_150,q_70,strp/deltarune___sunset_kiss___kiss_meme_by_atlas_white_dctybd4-150.jpg&quot; data-src=&quot;https://images-wixmp-ed30a86b8c4ca887773594c2.wixmp.com/intermediary/f/5d42e814-5059-46f0-a12b-ed5f5263d93a/dctybd4-c8f4d648-70ee-4eea-8c0b-55aca3f3d6b2.png/v1/fit/w_150,h_150,q_70,strp/deltarune___sunset_kiss___kiss_meme_by_atlas_white_dctybd4-150.jpg&quot; srcset=&quot;https://images-wixmp-ed30a86b8c4ca887773594c2.wixmp.com/intermediary/f/5d42e814-5059-46f0-a12b-ed5f5263d93a/dctybd4-c8f4d648-70ee-4eea-8c0b-55aca3f3d6b2.png/v1/fit/w_150,h_150,q_70,strp/deltarune___sunset_kiss___kiss_meme_by_atlas_white_dctybd4-150.jpg 117w,https://images-wixmp-ed30a86b8c4ca887773594c2.wixmp.com/intermediary/f/5d42e814-5059-46f0-a12b-ed5f5263d93a/dctybd4-c8f4d648-70ee-4eea-8c0b-55aca3f3d6b2.png/v1/crop/w_194,h_250,x_0,y_0,scl_0.27857142857143,q_70,strp/deltarune___sunset_kiss___kiss_meme_by_atlas_white_dctybd4-250t.jpg 194w,https://images-wixmp-ed30a86b8c4ca887773594c2.wixmp.com/intermediary/f/5d42e814-5059-46f0-a12b-ed5f5263d93a/dctybd4-c8f4d648-70ee-4eea-8c0b-55aca3f3d6b2.png/v1/fill/w_272,h_350,q_70,strp/deltarune___sunset_kiss___kiss_meme_by_atlas_white_dctybd4-350t.jpg 272w,https://images-wixmp-ed30a86b8c4ca887773594c2.wixmp.com/intermediary/f/5d42e814-5059-46f0-a12b-ed5f5263d93a/dctybd4-c8f4d648-70ee-4eea-8c0b-55aca3f3d6b2.png/v1/fill/w_311,h_400,q_70,strp/deltarune___sunset_kiss___kiss_meme_by_atlas_white_dctybd4-400t.jpg 311w,https://images-wixmp-ed30a86b8c4ca887773594c2.wixmp.com/intermediary/f/5d42e814-5059-46f0-a12b-ed5f5263d93a/dctybd4-c8f4d648-70ee-4eea-8c0b-55aca3f3d6b2.png 700w&quot; sizes=&quot;117px&quot;&gt;&lt;/a&gt;&lt;/span&gt;&lt;!-- ^TTT --&gt;&lt;!-- TTT$ --&gt;&lt;/span&gt;&amp;nbsp;&lt;span class=&quot;shadow-holder&quot; data-embed-type=&quot;deviation&quot; data-embed-id=&quot;737081883&quot; data-embed-format=&quot;thumb&quot;&gt;&lt;span class=&quot;shadow mild&quot; &gt;&lt;a class=&quot;thumb&quot; href=&quot;https://www.deviantart.com/atlas-white/art/UF-You-Are-My-Star-CE-737081883&quot; title=&quot;UF - You Are My Star [CE] by Atlas-White, Mar 24, 2018 in Fan Art &amp;gt; Digital Art &amp;gt; Drawings &amp;gt; Games&quot;data-super-img=&quot;https://images-wixmp-ed30a86b8c4ca887773594c2.wixmp.com/intermediary/f/5d42e814-5059-46f0-a12b-ed5f5263d93a/dc6u80r-b7d55a75-aa9d-4053-9e4e-a62645c5b984.png/v1/fill/w_792,h_1009,q_70,strp/uf___you_are_my_star__ce__by_atlas_white_dc6u80r-pre.jpg&quot; data-super-width=&quot;792&quot; data-super-height=&quot;1009&quot; data-super-transparent=&quot;false&quot; data-super-alt=&quot;UF - You Are My Star [CE] by Atlas-White&quot; data-super-full-img=&quot;https://images-wixmp-ed30a86b8c4ca887773594c2.wixmp.com/intermediary/f/5d42e814-5059-46f0-a12b-ed5f5263d93a/dc6u80r-b7d55a75-aa9d-4053-9e4e-a62645c5b984.png&quot; data-super-full-width=&quot;800&quot; data-super-full-height=&quot;1020&quot;        data-sigil=&quot;thumb&quot;&gt;
        &lt;i&gt;&lt;/i&gt;&lt;img   width=&quot;118&quot; height=&quot;150&quot; alt=&quot;UF - You Are My Star [CE] by Atlas-White&quot; src=&quot;https://images-wixmp-ed30a86b8c4ca887773594c2.wixmp.com/intermediary/f/5d42e814-5059-46f0-a12b-ed5f5263d93a/dc6u80r-b7d55a75-aa9d-4053-9e4e-a62645c5b984.png/v1/fit/w_150,h_150,q_70,strp/uf___you_are_my_star__ce__by_atlas_white_dc6u80r-150.jpg&quot; data-src=&quot;https://images-wixmp-ed30a86b8c4ca887773594c2.wixmp.com/intermediary/f/5d42e814-5059-46f0-a12b-ed5f5263d93a/dc6u80r-b7d55a75-aa9d-4053-9e4e-a62645c5b984.png/v1/fit/w_150,h_150,q_70,strp/uf___you_are_my_star__ce__by_atlas_white_dc6u80r-150.jpg&quot; srcset=&quot;https://images-wixmp-ed30a86b8c4ca887773594c2.wixmp.com/intermediary/f/5d42e814-5059-46f0-a12b-ed5f5263d93a/dc6u80r-b7d55a75-aa9d-4053-9e4e-a62645c5b984.png/v1/fit/w_150,h_150,q_70,strp/uf___you_are_my_star__ce__by_atlas_white_dc6u80r-150.jpg 118w,https://images-wixmp-ed30a86b8c4ca887773594c2.wixmp.com/intermediary/f/5d42e814-5059-46f0-a12b-ed5f5263d93a/dc6u80r-b7d55a75-aa9d-4053-9e4e-a62645c5b984.png/v1/fill/w_196,h_250,q_70,strp/uf___you_are_my_star__ce__by_atlas_white_dc6u80r-250t.jpg 196w,https://images-wixmp-ed30a86b8c4ca887773594c2.wixmp.com/intermediary/f/5d42e814-5059-46f0-a12b-ed5f5263d93a/dc6u80r-b7d55a75-aa9d-4053-9e4e-a62645c5b984.png/v1/crop/w_275,h_350,x_0,y_0,scl_0.34375,q_70,strp/uf___you_are_my_star__ce__by_atlas_white_dc6u80r-350t.jpg 275w,https://images-wixmp-ed30a86b8c4ca887773594c2.wixmp.com/intermediary/f/5d42e814-5059-46f0-a12b-ed5f5263d93a/dc6u80r-b7d55a75-aa9d-4053-9e4e-a62645c5b984.png/v1/fill/w_314,h_400,q_70,strp/uf___you_are_my_star__ce__by_atlas_white_dc6u80r-400t.jpg 314w,https://images-wixmp-ed30a86b8c4ca887773594c2.wixmp.com/intermediary/f/5d42e814-5059-46f0-a12b-ed5f5263d93a/dc6u80r-b7d55a75-aa9d-4053-9e4e-a62645c5b984.png/v1/fill/w_792,h_1009,q_70,strp/uf___you_are_my_star__ce__by_atlas_white_dc6u80r-pre.jpg 792w&quot; sizes=&quot;118px&quot;&gt;&lt;/a&gt;&lt;/span&gt;&lt;!-- ^TTT --&gt;&lt;!-- TTT$ --&gt;&lt;/span&gt;&amp;nbsp;&amp;nbsp;&amp;nbsp;&lt;br /&gt;&lt;/div&gt;&lt;br /&gt;&lt;div&gt;&lt;img src=&quot;https://t00.deviantart.net/GliaN8wiRvR5x-kkGUMmJOes4p0=/300x200/filters:fixed_height(100,100):origin()/pre00/e667/th/pre/f/2019/025/e/b/deltarune___gentle_in_the_dark_by_atlas_white-dcy1g0q.png&quot; alt=&quot;thumbnail&quot; /&gt;&lt;/div&gt;</description>            </item>
                    <item>
                <title>Winter Princesses</title>
                <link>https://bellhenge.deviantart.com/art/Winter-Princesses-782949315</link>
                <guid isPermaLink="true">https://bellhenge.deviantart.com/art/Winter-Princesses-782949315</guid>
                <pubDate>Sun, 27 Jan 2019 00:58:03 PST</pubDate>
                        <media:title type="plain">Winter Princesses</media:title>
        <media:keywords></media:keywords>
                        <media:rating>nonadult</media:rating>
                <media:category label="Games">fanart/digital/drawings/games</media:category>
        <media:credit role="author" scheme="urn:ebu">bellhenge</media:credit>
        <media:credit role="author" scheme="urn:ebu">https://a.deviantart.net/avatars/b/e/bellhenge.png?12</media:credit>
        <media:copyright url="https://bellhenge.deviantart.com">Copyright 2019 bellhenge</media:copyright>            <media:description type="html">Winter Princesses [Zelda: Breath of the Wild][Super Mario Odyssey]&lt;br /&gt;&lt;b&gt;&lt;a href=&quot;https://www.deviantart.com/bellhenge/art/Winter-Zelda-719308015&quot;&gt;--- Winter Zelda&lt;/a&gt;&lt;/b&gt;&lt;br /&gt;&lt;b&gt;&lt;a href=&quot;https://www.deviantart.com/bellhenge/art/Winter-Peach-727916627&quot;&gt;--- Winter Peach&lt;/a&gt;&lt;/b&gt;&lt;br /&gt;&lt;b&gt;&lt;a class=&quot;external&quot; href=&quot;https://www.deviantart.com/users/outgoing?https://twitter.com/bellhenge&quot;&gt;Twitter&lt;/a&gt;&lt;/b&gt; I forbid reposting my art without the source.</media:description>            <media:thumbnail url="https://t00.deviantart.net/leUbwiUX3VSANiKZkFHtPAjq37Q=/fit-in/150x150/filters:no_upscale():origin()/pre00/f2f7/th/pre/f/2019/027/9/b/winter_princesses_by_bellhenge-dcy5bk3.jpg" height="150" width="113"/>            <media:thumbnail url="https://t00.deviantart.net/OU9bPRZztmr8G0YfrAXK4jXgg-g=/fit-in/300x900/filters:no_upscale():origin()/pre00/f2f7/th/pre/f/2019/027/9/b/winter_princesses_by_bellhenge-dcy5bk3.jpg" height="400" width="300"/>            <media:thumbnail url="https://t00.deviantart.net/77y9bMV5zE2NSQd9aqMpR2a6c80=/300x200/filters:fixed_height(100,100):origin()/pre00/f2f7/th/pre/f/2019/027/9/b/winter_princesses_by_bellhenge-dcy5bk3.jpg" height="200" width="150"/>            <media:content url="https://orig00.deviantart.net/065d/f/2019/027/9/b/winter_princesses_by_bellhenge-dcy5bk3.jpg" height="800" width="600" medium="image"/>            
            <description>Winter Princesses [Zelda: Breath of the Wild][Super Mario Odyssey]&lt;br /&gt;&lt;b&gt;&lt;a href=&quot;https://www.deviantart.com/bellhenge/art/Winter-Zelda-719308015&quot;&gt;--- Winter Zelda&lt;/a&gt;&lt;/b&gt;&lt;br /&gt;&lt;b&gt;&lt;a href=&quot;https://www.deviantart.com/bellhenge/art/Winter-Peach-727916627&quot;&gt;--- Winter Peach&lt;/a&gt;&lt;/b&gt;&lt;br /&gt;&lt;b&gt;&lt;a class=&quot;external&quot; href=&quot;https://www.deviantart.com/users/outgoing?https://twitter.com/bellhenge&quot;&gt;Twitter&lt;/a&gt;&lt;/b&gt; I forbid reposting my art without the source.&lt;br /&gt;&lt;div&gt;&lt;img src=&quot;https://t00.deviantart.net/77y9bMV5zE2NSQd9aqMpR2a6c80=/300x200/filters:fixed_height(100,100):origin()/pre00/f2f7/th/pre/f/2019/027/9/b/winter_princesses_by_bellhenge-dcy5bk3.jpg&quot; alt=&quot;thumbnail&quot; /&gt;&lt;/div&gt;</description>            </item>
                    <item>
                <title>Cosmia massage 012619</title>
                <link>https://paulgq.deviantart.com/art/Cosmia-massage-012619-782851451</link>
                <guid isPermaLink="true">https://paulgq.deviantart.com/art/Cosmia-massage-012619-782851451</guid>
                <pubDate>Sat, 26 Jan 2019 11:04:24 PST</pubDate>
                        <media:title type="plain">Cosmia massage 012619</media:title>
        <media:keywords></media:keywords>
                        <media:rating>adult</media:rating>
                <media:category label="Drawings">manga/digital/drawings</media:category>
        <media:credit role="author" scheme="urn:ebu">PaulGQ</media:credit>
        <media:credit role="author" scheme="urn:ebu">https://a.deviantart.net/avatars/p/a/paulgq.gif?8</media:credit>
        <media:copyright url="https://paulgq.deviantart.com">Copyright 2019 PaulGQ</media:copyright>            <media:description type="html"></media:description>            <media:thumbnail url="https://t00.deviantart.net/KNCQBsEFk3OOHD1iL5Cv3tpV7tg=/fit-in/150x150/filters:no_upscale():origin()/pre00/13be/th/pre/f/2019/026/6/f/cosmia_012619_f_by_paulgq-dcy381n.png" height="137" width="150"/>            <media:thumbnail url="https://t00.deviantart.net/bR3xBULc1-6zG8zAq6oBb1jDeC0=/fit-in/300x900/filters:no_upscale():origin()/pre00/13be/th/pre/f/2019/026/6/f/cosmia_012619_f_by_paulgq-dcy381n.png" height="274" width="300"/>            <media:thumbnail url="https://t00.deviantart.net/jVumCY57go2DFu_P0fsE_00kbsA=/300x200/filters:fixed_height(100,100):origin()/pre00/13be/th/pre/f/2019/026/6/f/cosmia_012619_f_by_paulgq-dcy381n.png" height="200" width="219"/>            <media:content url="https://orig00.deviantart.net/d78b/f/2019/026/6/f/cosmia_012619_f_by_paulgq-dcy381n.png" height="733" width="803" medium="image"/>            
            <description>&lt;br /&gt;&lt;div&gt;&lt;img src=&quot;https://t00.deviantart.net/jVumCY57go2DFu_P0fsE_00kbsA=/300x200/filters:fixed_height(100,100):origin()/pre00/13be/th/pre/f/2019/026/6/f/cosmia_012619_f_by_paulgq-dcy381n.png&quot; alt=&quot;thumbnail&quot; /&gt;&lt;/div&gt;</description>            </item>
                    <item>
                <title>Silverblossoms&#039;s OC Tokki</title>
                <link>https://inma.deviantart.com/art/Silverblossoms-s-OC-Tokki-782875316</link>
                <guid isPermaLink="true">https://inma.deviantart.com/art/Silverblossoms-s-OC-Tokki-782875316</guid>
                <pubDate>Sat, 26 Jan 2019 14:01:25 PST</pubDate>
                        <media:title type="plain">Silverblossoms&#039;s OC Tokki</media:title>
        <media:keywords></media:keywords>
                        <media:rating>nonadult</media:rating>
                <media:category label="Drawings">manga/digital/drawings</media:category>
        <media:credit role="author" scheme="urn:ebu">inma</media:credit>
        <media:credit role="author" scheme="urn:ebu">https://a.deviantart.net/avatars/i/n/inma.gif?13</media:credit>
        <media:copyright url="https://inma.deviantart.com">Copyright 2019 inma</media:copyright>
            <media:community>
                <media:tags>@inmapollito</media:tags>
            </media:community>            <media:description type="html">&lt;div&gt;This was a quick doodle I made of &lt;a target=&quot;_self&quot; href=&quot;https://www.deviantart.com/silverblossoms&quot; &gt;&lt;img class=&quot;avatar&quot; width=&quot;50&quot; height=&quot;50&quot; src=&quot;https://a.deviantart.net/avatars/s/i/silverblossoms.gif?10&quot; alt=&quot;:iconsilverblossoms:&quot; title=&quot;silverblossoms&quot; /&gt;&lt;/a&gt;&#039;s lovely OC Tokki &lt;img src=&quot;https://e.deviantart.net/emoticons/h/heart.gif&quot; width=&quot;15&quot; height=&quot;13&quot; alt=&quot;:heart:&quot; data-embed-type=&quot;emoticon&quot; data-embed-id=&quot;357&quot; title=&quot;Heart&quot;/&gt; I fell in love with her design, so I asked for permission to draw her.&lt;/div&gt;&lt;div&gt;&lt;br /&gt;&lt;/div&gt;&lt;div&gt;This is the original:&lt;/div&gt;&lt;div&gt;&lt;span class=&quot;shadow-holder&quot; data-embed-type=&quot;deviation&quot; data-embed-id=&quot;721300012&quot; data-embed-format=&quot;thumb&quot;&gt;&lt;span class=&quot;shadow mild&quot; &gt;&lt;a class=&quot;thumb&quot; href=&quot;https://www.deviantart.com/silverblossoms/art/OC-Tokki-721300012&quot; title=&quot;[OC] Tokki by silverblossoms, Dec 22, 2017 in Manga &amp;amp; Anime &amp;gt; Digital Media &amp;gt; Drawings&quot;data-super-img=&quot;https://images-wixmp-ed30a86b8c4ca887773594c2.wixmp.com/intermediary/f/b3b70df7-e971-43bc-b218-09fa38358948/dbxfyng-730b4538-7423-4ba2-a137-dea8cd5bc4a8.png/v1/fill/w_894,h_894,q_70,strp/_oc__tokki_by_silverblossoms_dbxfyng-pre.jpg&quot; data-super-width=&quot;894&quot; data-super-height=&quot;894&quot; data-super-transparent=&quot;false&quot; data-super-alt=&quot;[OC] Tokki by silverblossoms&quot; data-super-full-img=&quot;https://images-wixmp-ed30a86b8c4ca887773594c2.wixmp.com/intermediary/f/b3b70df7-e971-43bc-b218-09fa38358948/dbxfyng-730b4538-7423-4ba2-a137-dea8cd5bc4a8.png/v1/fill/w_1024,h_1024,q_80,strp/_oc__tokki_by_silverblossoms_dbxfyng-fullview.jpg&quot; data-super-full-width=&quot;1024&quot; data-super-full-height=&quot;1024&quot;        data-sigil=&quot;thumb&quot;&gt;
        &lt;i&gt;&lt;/i&gt;&lt;img   width=&quot;150&quot; height=&quot;150&quot; alt=&quot;[OC] Tokki by silverblossoms&quot; src=&quot;https://images-wixmp-ed30a86b8c4ca887773594c2.wixmp.com/intermediary/f/b3b70df7-e971-43bc-b218-09fa38358948/dbxfyng-730b4538-7423-4ba2-a137-dea8cd5bc4a8.png/v1/fit/w_150,h_150,q_70,strp/_oc__tokki_by_silverblossoms_dbxfyng-150.jpg&quot; data-src=&quot;https://images-wixmp-ed30a86b8c4ca887773594c2.wixmp.com/intermediary/f/b3b70df7-e971-43bc-b218-09fa38358948/dbxfyng-730b4538-7423-4ba2-a137-dea8cd5bc4a8.png/v1/fit/w_150,h_150,q_70,strp/_oc__tokki_by_silverblossoms_dbxfyng-150.jpg&quot; srcset=&quot;https://images-wixmp-ed30a86b8c4ca887773594c2.wixmp.com/intermediary/f/b3b70df7-e971-43bc-b218-09fa38358948/dbxfyng-730b4538-7423-4ba2-a137-dea8cd5bc4a8.png/v1/fit/w_150,h_150,q_70,strp/_oc__tokki_by_silverblossoms_dbxfyng-150.jpg 150w,https://images-wixmp-ed30a86b8c4ca887773594c2.wixmp.com/intermediary/f/b3b70df7-e971-43bc-b218-09fa38358948/dbxfyng-730b4538-7423-4ba2-a137-dea8cd5bc4a8.png/v1/fill/w_250,h_250,q_70,strp/_oc__tokki_by_silverblossoms_dbxfyng-250t.jpg 250w,https://images-wixmp-ed30a86b8c4ca887773594c2.wixmp.com/intermediary/f/b3b70df7-e971-43bc-b218-09fa38358948/dbxfyng-730b4538-7423-4ba2-a137-dea8cd5bc4a8.png/v1/fill/w_350,h_350,q_70,strp/_oc__tokki_by_silverblossoms_dbxfyng-350t.jpg 350w,https://images-wixmp-ed30a86b8c4ca887773594c2.wixmp.com/intermediary/f/b3b70df7-e971-43bc-b218-09fa38358948/dbxfyng-730b4538-7423-4ba2-a137-dea8cd5bc4a8.png/v1/fill/w_400,h_400,q_70,strp/_oc__tokki_by_silverblossoms_dbxfyng-400t.jpg 400w,https://images-wixmp-ed30a86b8c4ca887773594c2.wixmp.com/intermediary/f/b3b70df7-e971-43bc-b218-09fa38358948/dbxfyng-730b4538-7423-4ba2-a137-dea8cd5bc4a8.png/v1/fill/w_894,h_894,q_70,strp/_oc__tokki_by_silverblossoms_dbxfyng-pre.jpg 894w&quot; sizes=&quot;150px&quot;&gt;&lt;/a&gt;&lt;/span&gt;&lt;!-- ^TTT --&gt;&lt;!-- TTT$ --&gt;&lt;/span&gt;&lt;/div&gt;&lt;div&gt;&lt;br /&gt;&lt;/div&gt;&lt;div&gt;Isn&#039;t she the cutest thing?? Go give the artist some love for her great job~&lt;br /&gt;&lt;/div&gt;</media:description>            <media:thumbnail url="https://t00.deviantart.net/DvC9Sn5Q6N4ay9lkaG-X4zbyrpg=/fit-in/150x150/filters:no_upscale():origin()/pre00/883b/th/pre/f/2019/026/b/f/2019_01_25_silverblossoms_tokki_by_inma-dcy3qgk.jpg" height="150" width="98"/>            <media:thumbnail url="https://t00.deviantart.net/q_bOlHPy52yrNhIeZRPuJ7xEjUg=/fit-in/300x900/filters:no_upscale():origin()/pre00/883b/th/pre/f/2019/026/b/f/2019_01_25_silverblossoms_tokki_by_inma-dcy3qgk.jpg" height="457" width="300"/>            <media:thumbnail url="https://t00.deviantart.net/6p06Tr4MGv6o3UEn54S6RGuuyzQ=/300x200/filters:fixed_height(100,100):origin()/pre00/883b/th/pre/f/2019/026/b/f/2019_01_25_silverblossoms_tokki_by_inma-dcy3qgk.jpg" height="200" width="131"/>            <media:content url="https://pre00.deviantart.net/883b/th/pre/f/2019/026/b/f/2019_01_25_silverblossoms_tokki_by_inma-dcy3qgk.jpg" height="1104" width="724" medium="image"/>            
            <description>&lt;div&gt;This was a quick doodle I made of &lt;a target=&quot;_self&quot; href=&quot;https://www.deviantart.com/silverblossoms&quot; &gt;&lt;img class=&quot;avatar&quot; width=&quot;50&quot; height=&quot;50&quot; src=&quot;https://a.deviantart.net/avatars/s/i/silverblossoms.gif?10&quot; alt=&quot;:iconsilverblossoms:&quot; title=&quot;silverblossoms&quot; /&gt;&lt;/a&gt;&#039;s lovely OC Tokki &lt;img src=&quot;https://e.deviantart.net/emoticons/h/heart.gif&quot; width=&quot;15&quot; height=&quot;13&quot; alt=&quot;:heart:&quot; data-embed-type=&quot;emoticon&quot; data-embed-id=&quot;357&quot; title=&quot;Heart&quot;/&gt; I fell in love with her design, so I asked for permission to draw her.&lt;/div&gt;&lt;div&gt;&lt;br /&gt;&lt;/div&gt;&lt;div&gt;This is the original:&lt;/div&gt;&lt;div&gt;&lt;span class=&quot;shadow-holder&quot; data-embed-type=&quot;deviation&quot; data-embed-id=&quot;721300012&quot; data-embed-format=&quot;thumb&quot;&gt;&lt;span class=&quot;shadow mild&quot; &gt;&lt;a class=&quot;thumb&quot; href=&quot;https://www.deviantart.com/silverblossoms/art/OC-Tokki-721300012&quot; title=&quot;[OC] Tokki by silverblossoms, Dec 22, 2017 in Manga &amp;amp; Anime &amp;gt; Digital Media &amp;gt; Drawings&quot;data-super-img=&quot;https://images-wixmp-ed30a86b8c4ca887773594c2.wixmp.com/intermediary/f/b3b70df7-e971-43bc-b218-09fa38358948/dbxfyng-730b4538-7423-4ba2-a137-dea8cd5bc4a8.png/v1/fill/w_894,h_894,q_70,strp/_oc__tokki_by_silverblossoms_dbxfyng-pre.jpg&quot; data-super-width=&quot;894&quot; data-super-height=&quot;894&quot; data-super-transparent=&quot;false&quot; data-super-alt=&quot;[OC] Tokki by silverblossoms&quot; data-super-full-img=&quot;https://images-wixmp-ed30a86b8c4ca887773594c2.wixmp.com/intermediary/f/b3b70df7-e971-43bc-b218-09fa38358948/dbxfyng-730b4538-7423-4ba2-a137-dea8cd5bc4a8.png/v1/fill/w_1024,h_1024,q_80,strp/_oc__tokki_by_silverblossoms_dbxfyng-fullview.jpg&quot; data-super-full-width=&quot;1024&quot; data-super-full-height=&quot;1024&quot;        data-sigil=&quot;thumb&quot;&gt;
        &lt;i&gt;&lt;/i&gt;&lt;img   width=&quot;150&quot; height=&quot;150&quot; alt=&quot;[OC] Tokki by silverblossoms&quot; src=&quot;https://images-wixmp-ed30a86b8c4ca887773594c2.wixmp.com/intermediary/f/b3b70df7-e971-43bc-b218-09fa38358948/dbxfyng-730b4538-7423-4ba2-a137-dea8cd5bc4a8.png/v1/fit/w_150,h_150,q_70,strp/_oc__tokki_by_silverblossoms_dbxfyng-150.jpg&quot; data-src=&quot;https://images-wixmp-ed30a86b8c4ca887773594c2.wixmp.com/intermediary/f/b3b70df7-e971-43bc-b218-09fa38358948/dbxfyng-730b4538-7423-4ba2-a137-dea8cd5bc4a8.png/v1/fit/w_150,h_150,q_70,strp/_oc__tokki_by_silverblossoms_dbxfyng-150.jpg&quot; srcset=&quot;https://images-wixmp-ed30a86b8c4ca887773594c2.wixmp.com/intermediary/f/b3b70df7-e971-43bc-b218-09fa38358948/dbxfyng-730b4538-7423-4ba2-a137-dea8cd5bc4a8.png/v1/fit/w_150,h_150,q_70,strp/_oc__tokki_by_silverblossoms_dbxfyng-150.jpg 150w,https://images-wixmp-ed30a86b8c4ca887773594c2.wixmp.com/intermediary/f/b3b70df7-e971-43bc-b218-09fa38358948/dbxfyng-730b4538-7423-4ba2-a137-dea8cd5bc4a8.png/v1/fill/w_250,h_250,q_70,strp/_oc__tokki_by_silverblossoms_dbxfyng-250t.jpg 250w,https://images-wixmp-ed30a86b8c4ca887773594c2.wixmp.com/intermediary/f/b3b70df7-e971-43bc-b218-09fa38358948/dbxfyng-730b4538-7423-4ba2-a137-dea8cd5bc4a8.png/v1/fill/w_350,h_350,q_70,strp/_oc__tokki_by_silverblossoms_dbxfyng-350t.jpg 350w,https://images-wixmp-ed30a86b8c4ca887773594c2.wixmp.com/intermediary/f/b3b70df7-e971-43bc-b218-09fa38358948/dbxfyng-730b4538-7423-4ba2-a137-dea8cd5bc4a8.png/v1/fill/w_400,h_400,q_70,strp/_oc__tokki_by_silverblossoms_dbxfyng-400t.jpg 400w,https://images-wixmp-ed30a86b8c4ca887773594c2.wixmp.com/intermediary/f/b3b70df7-e971-43bc-b218-09fa38358948/dbxfyng-730b4538-7423-4ba2-a137-dea8cd5bc4a8.png/v1/fill/w_894,h_894,q_70,strp/_oc__tokki_by_silverblossoms_dbxfyng-pre.jpg 894w&quot; sizes=&quot;150px&quot;&gt;&lt;/a&gt;&lt;/span&gt;&lt;!-- ^TTT --&gt;&lt;!-- TTT$ --&gt;&lt;/span&gt;&lt;/div&gt;&lt;div&gt;&lt;br /&gt;&lt;/div&gt;&lt;div&gt;Isn&#039;t she the cutest thing?? Go give the artist some love for her great job~&lt;br /&gt;&lt;/div&gt;&lt;br /&gt;&lt;div&gt;&lt;img src=&quot;https://t00.deviantart.net/6p06Tr4MGv6o3UEn54S6RGuuyzQ=/300x200/filters:fixed_height(100,100):origin()/pre00/883b/th/pre/f/2019/026/b/f/2019_01_25_silverblossoms_tokki_by_inma-dcy3qgk.jpg&quot; alt=&quot;thumbnail&quot; /&gt;&lt;/div&gt;</description>            </item>
                    <item>
                <title>C: miliuu</title>
                <link>https://bunbby.deviantart.com/art/C-miliuu-782863485</link>
                <guid isPermaLink="true">https://bunbby.deviantart.com/art/C-miliuu-782863485</guid>
                <pubDate>Sun, 27 Jan 2019 02:27:44 PST</pubDate>
                        <media:title type="plain">C: miliuu</media:title>
        <media:keywords></media:keywords>
                        <media:rating>nonadult</media:rating>
                <media:category label="Drawings">manga/digital/drawings</media:category>
        <media:credit role="author" scheme="urn:ebu">bunbby</media:credit>
        <media:credit role="author" scheme="urn:ebu">https://a.deviantart.net/avatars/b/u/bunbby.gif?1</media:credit>
        <media:copyright url="https://bunbby.deviantart.com">Copyright 2019 bunbby</media:copyright>
            <media:community>
                <media:tags>@bunbbyart</media:tags>
            </media:community>            <media:description type="html">&lt;div align=&quot;-webkit-center&quot;&gt;Such an adorable character!&lt;br /&gt;Full body Commission of&amp;nbsp;&lt;span class=&quot;username-with-symbol u&quot;&gt;&lt;a class=&quot;u regular username&quot; href=&quot;https://www.deviantart.com/miliuu&quot;&gt;miliuu&lt;/a&gt;&lt;span class=&quot;user-symbol regular&quot; data-quicktip-text=&quot;&quot; data-show-tooltip=&quot;&quot; data-gruser-type=&quot;regular&quot;&gt;&lt;/span&gt;&lt;/span&gt;&amp;nbsp;&lt;a href=&quot;https://www.deviantart.com/jerikuto/art/Bunny-Emoji-32-Waving-V2-426813484&quot; class=&quot;emoticon&quot; data-embed-type=&quot;emoticon&quot; data-embed-id=&quot;426813484&quot; data-embed-profile=&quot;deviation&quot;&gt;&lt;img src=&quot;https://orig00.deviantart.net/1d17/f/2014/019/a/7/bunny_emoji_32__waving___v2__by_jerikuto-d7243e4.gif&quot; alt=&quot;Bunny Emoji-32 (Waving) [V2]&quot; style=&quot;width:45px;height:20px&quot;&gt;&lt;/a&gt;&lt;br /&gt;Thank you again for commissioning me~&amp;nbsp;&amp;#9825;&amp;nbsp;&lt;a href=&quot;https://www.deviantart.com/chipi-chiu/art/Bunny-chuu-545690466&quot; class=&quot;emoticon&quot; data-embed-type=&quot;emoticon&quot; data-embed-id=&quot;545690466&quot; data-embed-profile=&quot;deviation&quot;&gt;&lt;img src=&quot;https://orig00.deviantart.net/9716/f/2015/192/0/3/___s_by_chipi_chiu-d90w1gi.gif&quot; alt=&quot;.:Bunny chuu:.&quot; style=&quot;width:20px;height:20px&quot;&gt;&lt;/a&gt;&amp;nbsp;&lt;br /&gt;&lt;br /&gt;&lt;b&gt;Please join my&amp;nbsp;Contest&amp;nbsp;if you have the time~!&lt;/b&gt;&lt;br /&gt;&lt;span class=&quot;shadow-holder&quot; data-embed-type=&quot;deviation&quot; data-embed-id=&quot;782122118&quot; data-embed-format=&quot;thumb&quot;&gt;&lt;span class=&quot;shadow mild&quot; &gt;&lt;a href=&quot;https://www.deviantart.com/bunbby/journal/UPDATE-Draw-my-OC-Contest-OPEN-and-Art-782122118&quot; data-sigil=&quot;thumb&quot; class=&quot;thumb lit&quot; onmouseover=&quot;if (window.LitBox) LitBox.hover(this, true)&quot; onmouseout=&quot;if (window.LitBox) LitBox.out(this)&quot;&gt;&lt;i&gt;&lt;/i&gt;&lt;img class=&quot;lit journal&quot; src=&quot;https://st.deviantart.net/minish/gruzecontrol/icons/journal.gif?2&quot;&gt;&lt;span class=&quot;wrap&quot; style=&quot;width: 150px&quot;&gt;&lt;q&gt;
        &lt;strong&gt;UPDATE!! Draw my OC Contest- OPEN!($$ and Art!!)&lt;/strong&gt;&lt;b&gt;Change log:&lt;br /&gt;- entries on instagram added!&lt;br /&gt;&lt;/b&gt;&lt;br /&gt;&lt;img src=&quot;https://images-wixmp-ed30a86b8c4ca887773594c2.wixmp.com/intermediary/f/476607fc-394c-47a7-9cb5-73e23964adbf/dcwz3kv-469cb9a8-99e3-43f8-94b9-d8e3c7c27fc5.png/v1/fit/w_300,h_686,q_70,strp/draw_me__by_bunbby_dcwz3kv-300w.jpg&quot;class=&quot;gr-shrink thumb-in-thumb &quot;&gt;&lt;br /&gt;&lt;strong&gt;DRAW MY OC, FAYRE, CONTEST!!&lt;/strong&gt;&lt;br /&gt;&lt;img src=&quot;https://images-wixmp-ed30a86b8c4ca887773594c2.wixmp.com/intermediary/f/476607fc-394c-47a7-9cb5-73e23964adbf/dcxw8jc-89859284-74ac-460c-b400-4c9a3b81f529.png/v1/fit/w_300,h_900,q_70,strp/fayre___update_by_bunbby_dcxw8jc-300w.jpg&quot;class=&quot;gr-shrink thumb-in-thumb &quot;&gt;&lt;br /&gt;&lt;b&gt;&amp;#9825; Age&lt;/b&gt;:&lt;br /&gt;&amp;#10084;&amp;nbsp;18&lt;br /&gt;&lt;b&gt;&amp;#9825; Personality:&lt;/b&gt;&lt;br /&gt;&amp;#10084;&amp;nbsp;Can be a lil tsun tsun at times. She&#039;s kind, sweet and outgoing.&lt;br /&gt;&amp;#10084;&amp;nbsp;She hates being the center of attention.&lt;br /&gt;&amp;#10084;&amp;nbsp;Loathes bugs of any kind.&lt;br /&gt;&amp;#10084;&amp;nbsp;Has an obsession with arctic foxes, she will cry if she ever saw one.&lt;br /&gt;&amp;#10084;&amp;nbsp;Loves donuts, chocolates, pasta and black coffee.&amp;nbsp;&lt;br /&gt;&lt;b&gt;&amp;#9825; Notes :&lt;/b&gt;&lt;br /&gt;&amp;#10084;&amp;nbsp;&amp;nbsp;Her hair has blue streaks. (Best example is her main reference)&lt;br /&gt;&amp;#10084; Her choker is a golden key.&lt;br /&gt;&amp;#10084; Her usually floppy bunny ears stands up when she&#039;s angry /flustered and lowers down when she&#039;s sad.&lt;br /&gt;&lt;strong&gt;RULES&lt;/strong&gt;&lt;br /&gt;&lt;b&gt;&amp;#9825;&amp;nbsp; You cannot use bases/trace any art. Original works only!&lt;br /&gt;&lt;/b&gt;&lt;b&gt;&amp;#9825; Finished fully colored works only!&lt;br /&gt;&lt;/b&gt;&lt;b&gt;&amp;#9825; You cannot change&lt;/b&gt;&lt;/q&gt;&lt;/span&gt;&lt;/a&gt;&lt;/span&gt;&lt;!-- ^TTT --&gt;&lt;!-- TTT$ --&gt;&lt;/span&gt;&lt;sub&gt;&amp;nbsp;&lt;/sub&gt;&lt;br /&gt;&lt;br /&gt;&lt;/div&gt;&lt;sub&gt;&lt;div align=&quot;center&quot;&gt;&lt;sub&gt;&amp;nbsp;&lt;/sub&gt;&amp;#9825;-------------------------------&amp;nbsp;&amp;#9825;&lt;br /&gt;&lt;h3&gt;&lt;b&gt;&amp;nbsp;&lt;a class=&quot;external&quot; href=&quot;https://www.deviantart.com/users/outgoing?https://www.instagram.com/bunbbyart/&quot;&gt;Instagram!&lt;/a&gt;&amp;nbsp;&amp;#10084;&amp;nbsp;&amp;nbsp;&lt;a class=&quot;external&quot; href=&quot;https://www.deviantart.com/users/outgoing?https://www.facebook.com/bunbbyart/&quot;&gt;Facebook&lt;/a&gt;&amp;nbsp;&amp;nbsp;&amp;#10084;&amp;nbsp;&lt;a class=&quot;external&quot; href=&quot;https://www.deviantart.com/users/outgoing?https://www.youtube.com/channel/UCvYmA9PNlG-fjsO6ENbT9_A&quot;&gt;Youtube&lt;/a&gt;&amp;nbsp;&amp;nbsp;&lt;/b&gt;&lt;b&gt;&amp;#10084;&amp;nbsp;&lt;a class=&quot;external&quot; href=&quot;https://www.deviantart.com/users/outgoing?https://twitter.com/bunbbyart&quot;&gt;Twitter&lt;/a&gt;&lt;/b&gt;&lt;/h3&gt;&lt;h3&gt;&lt;b&gt;&amp;#9825;-----&amp;#9825;&lt;/b&gt;&lt;/h3&gt;&lt;h3&gt;&lt;u&gt;&lt;a href=&quot;http://fav.me/d6pf6uz&quot;&gt;&amp;nbsp; &amp;nbsp;Commission Info&lt;/a&gt;&amp;nbsp;&amp;#9825;&amp;nbsp;&amp;nbsp;&lt;/u&gt;&lt;/h3&gt;&lt;/div&gt;&lt;/sub&gt;</media:description>            <media:thumbnail url="https://t00.deviantart.net/7U1XvO-gdnxSO5Flla6ef52TCxU=/fit-in/150x150/filters:no_upscale():origin()/pre00/7170/th/pre/i/2019/027/4/0/c__miliuu_by_bunbby-dcy3hbx.png" height="150" width="97"/>            <media:thumbnail url="https://t00.deviantart.net/1aoUMfwCHH2ZYXgDWbeOydl7Mtw=/fit-in/300x900/filters:no_upscale():origin()/pre00/7170/th/pre/i/2019/027/4/0/c__miliuu_by_bunbby-dcy3hbx.png" height="465" width="300"/>            <media:thumbnail url="https://t00.deviantart.net/Bs4TOJJi5HTWJ1l96k2QrEShoRE=/300x200/filters:fixed_height(100,100):origin()/pre00/7170/th/pre/i/2019/027/4/0/c__miliuu_by_bunbby-dcy3hbx.png" height="200" width="129"/>            <media:content url="https://pre00.deviantart.net/7170/th/pre/i/2019/027/4/0/c__miliuu_by_bunbby-dcy3hbx.png" height="1113" width="718" medium="image"/>            
            <description>&lt;div align=&quot;-webkit-center&quot;&gt;Such an adorable character!&lt;br /&gt;Full body Commission of&amp;nbsp;&lt;span class=&quot;username-with-symbol u&quot;&gt;&lt;a class=&quot;u regular username&quot; href=&quot;https://www.deviantart.com/miliuu&quot;&gt;miliuu&lt;/a&gt;&lt;span class=&quot;user-symbol regular&quot; data-quicktip-text=&quot;&quot; data-show-tooltip=&quot;&quot; data-gruser-type=&quot;regular&quot;&gt;&lt;/span&gt;&lt;/span&gt;&amp;nbsp;&lt;a href=&quot;https://www.deviantart.com/jerikuto/art/Bunny-Emoji-32-Waving-V2-426813484&quot; class=&quot;emoticon&quot; data-embed-type=&quot;emoticon&quot; data-embed-id=&quot;426813484&quot; data-embed-profile=&quot;deviation&quot;&gt;&lt;img src=&quot;https://orig00.deviantart.net/1d17/f/2014/019/a/7/bunny_emoji_32__waving___v2__by_jerikuto-d7243e4.gif&quot; alt=&quot;Bunny Emoji-32 (Waving) [V2]&quot; style=&quot;width:45px;height:20px&quot;&gt;&lt;/a&gt;&lt;br /&gt;Thank you again for commissioning me~&amp;nbsp;&amp;#9825;&amp;nbsp;&lt;a href=&quot;https://www.deviantart.com/chipi-chiu/art/Bunny-chuu-545690466&quot; class=&quot;emoticon&quot; data-embed-type=&quot;emoticon&quot; data-embed-id=&quot;545690466&quot; data-embed-profile=&quot;deviation&quot;&gt;&lt;img src=&quot;https://orig00.deviantart.net/9716/f/2015/192/0/3/___s_by_chipi_chiu-d90w1gi.gif&quot; alt=&quot;.:Bunny chuu:.&quot; style=&quot;width:20px;height:20px&quot;&gt;&lt;/a&gt;&amp;nbsp;&lt;br /&gt;&lt;br /&gt;&lt;b&gt;Please join my&amp;nbsp;Contest&amp;nbsp;if you have the time~!&lt;/b&gt;&lt;br /&gt;&lt;span class=&quot;shadow-holder&quot; data-embed-type=&quot;deviation&quot; data-embed-id=&quot;782122118&quot; data-embed-format=&quot;thumb&quot;&gt;&lt;span class=&quot;shadow mild&quot; &gt;&lt;a href=&quot;https://www.deviantart.com/bunbby/journal/UPDATE-Draw-my-OC-Contest-OPEN-and-Art-782122118&quot; data-sigil=&quot;thumb&quot; class=&quot;thumb lit&quot; onmouseover=&quot;if (window.LitBox) LitBox.hover(this, true)&quot; onmouseout=&quot;if (window.LitBox) LitBox.out(this)&quot;&gt;&lt;i&gt;&lt;/i&gt;&lt;img class=&quot;lit journal&quot; src=&quot;https://st.deviantart.net/minish/gruzecontrol/icons/journal.gif?2&quot;&gt;&lt;span class=&quot;wrap&quot; style=&quot;width: 150px&quot;&gt;&lt;q&gt;
        &lt;strong&gt;UPDATE!! Draw my OC Contest- OPEN!($$ and Art!!)&lt;/strong&gt;&lt;b&gt;Change log:&lt;br /&gt;- entries on instagram added!&lt;br /&gt;&lt;/b&gt;&lt;br /&gt;&lt;img src=&quot;https://images-wixmp-ed30a86b8c4ca887773594c2.wixmp.com/intermediary/f/476607fc-394c-47a7-9cb5-73e23964adbf/dcwz3kv-469cb9a8-99e3-43f8-94b9-d8e3c7c27fc5.png/v1/fit/w_300,h_686,q_70,strp/draw_me__by_bunbby_dcwz3kv-300w.jpg&quot;class=&quot;gr-shrink thumb-in-thumb &quot;&gt;&lt;br /&gt;&lt;strong&gt;DRAW MY OC, FAYRE, CONTEST!!&lt;/strong&gt;&lt;br /&gt;&lt;img src=&quot;https://images-wixmp-ed30a86b8c4ca887773594c2.wixmp.com/intermediary/f/476607fc-394c-47a7-9cb5-73e23964adbf/dcxw8jc-89859284-74ac-460c-b400-4c9a3b81f529.png/v1/fit/w_300,h_900,q_70,strp/fayre___update_by_bunbby_dcxw8jc-300w.jpg&quot;class=&quot;gr-shrink thumb-in-thumb &quot;&gt;&lt;br /&gt;&lt;b&gt;&amp;#9825; Age&lt;/b&gt;:&lt;br /&gt;&amp;#10084;&amp;nbsp;18&lt;br /&gt;&lt;b&gt;&amp;#9825; Personality:&lt;/b&gt;&lt;br /&gt;&amp;#10084;&amp;nbsp;Can be a lil tsun tsun at times. She&#039;s kind, sweet and outgoing.&lt;br /&gt;&amp;#10084;&amp;nbsp;She hates being the center of attention.&lt;br /&gt;&amp;#10084;&amp;nbsp;Loathes bugs of any kind.&lt;br /&gt;&amp;#10084;&amp;nbsp;Has an obsession with arctic foxes, she will cry if she ever saw one.&lt;br /&gt;&amp;#10084;&amp;nbsp;Loves donuts, chocolates, pasta and black coffee.&amp;nbsp;&lt;br /&gt;&lt;b&gt;&amp;#9825; Notes :&lt;/b&gt;&lt;br /&gt;&amp;#10084;&amp;nbsp;&amp;nbsp;Her hair has blue streaks. (Best example is her main reference)&lt;br /&gt;&amp;#10084; Her choker is a golden key.&lt;br /&gt;&amp;#10084; Her usually floppy bunny ears stands up when she&#039;s angry /flustered and lowers down when she&#039;s sad.&lt;br /&gt;&lt;strong&gt;RULES&lt;/strong&gt;&lt;br /&gt;&lt;b&gt;&amp;#9825;&amp;nbsp; You cannot use bases/trace any art. Original works only!&lt;br /&gt;&lt;/b&gt;&lt;b&gt;&amp;#9825; Finished fully colored works only!&lt;br /&gt;&lt;/b&gt;&lt;b&gt;&amp;#9825; You cannot change&lt;/b&gt;&lt;/q&gt;&lt;/span&gt;&lt;/a&gt;&lt;/span&gt;&lt;!-- ^TTT --&gt;&lt;!-- TTT$ --&gt;&lt;/span&gt;&lt;sub&gt;&amp;nbsp;&lt;/sub&gt;&lt;br /&gt;&lt;br /&gt;&lt;/div&gt;&lt;sub&gt;&lt;div align=&quot;center&quot;&gt;&lt;sub&gt;&amp;nbsp;&lt;/sub&gt;&amp;#9825;-------------------------------&amp;nbsp;&amp;#9825;&lt;br /&gt;&lt;h3&gt;&lt;b&gt;&amp;nbsp;&lt;a class=&quot;external&quot; href=&quot;https://www.deviantart.com/users/outgoing?https://www.instagram.com/bunbbyart/&quot;&gt;Instagram!&lt;/a&gt;&amp;nbsp;&amp;#10084;&amp;nbsp;&amp;nbsp;&lt;a class=&quot;external&quot; href=&quot;https://www.deviantart.com/users/outgoing?https://www.facebook.com/bunbbyart/&quot;&gt;Facebook&lt;/a&gt;&amp;nbsp;&amp;nbsp;&amp;#10084;&amp;nbsp;&lt;a class=&quot;external&quot; href=&quot;https://www.deviantart.com/users/outgoing?https://www.youtube.com/channel/UCvYmA9PNlG-fjsO6ENbT9_A&quot;&gt;Youtube&lt;/a&gt;&amp;nbsp;&amp;nbsp;&lt;/b&gt;&lt;b&gt;&amp;#10084;&amp;nbsp;&lt;a class=&quot;external&quot; href=&quot;https://www.deviantart.com/users/outgoing?https://twitter.com/bunbbyart&quot;&gt;Twitter&lt;/a&gt;&lt;/b&gt;&lt;/h3&gt;&lt;h3&gt;&lt;b&gt;&amp;#9825;-----&amp;#9825;&lt;/b&gt;&lt;/h3&gt;&lt;h3&gt;&lt;u&gt;&lt;a href=&quot;http://fav.me/d6pf6uz&quot;&gt;&amp;nbsp; &amp;nbsp;Commission Info&lt;/a&gt;&amp;nbsp;&amp;#9825;&amp;nbsp;&amp;nbsp;&lt;/u&gt;&lt;/h3&gt;&lt;/div&gt;&lt;/sub&gt;&lt;br /&gt;&lt;div&gt;&lt;img src=&quot;https://t00.deviantart.net/Bs4TOJJi5HTWJ1l96k2QrEShoRE=/300x200/filters:fixed_height(100,100):origin()/pre00/7170/th/pre/i/2019/027/4/0/c__miliuu_by_bunbby-dcy3hbx.png&quot; alt=&quot;thumbnail&quot; /&gt;&lt;/div&gt;</description>            </item>
                    <item>
                <title>Smash Girls Art Pack: #05 Lucina</title>
                <link>https://ambris.deviantart.com/art/Smash-Girls-Art-Pack-05-Lucina-782868826</link>
                <guid isPermaLink="true">https://ambris.deviantart.com/art/Smash-Girls-Art-Pack-05-Lucina-782868826</guid>
                <pubDate>Sat, 26 Jan 2019 13:13:35 PST</pubDate>
                        <media:title type="plain">Smash Girls Art Pack: #05 Lucina</media:title>
        <media:keywords></media:keywords>
                        <media:rating>nonadult</media:rating>
                <media:category label="Games">fanart/digital/drawings/games</media:category>
        <media:credit role="author" scheme="urn:ebu">Ambris</media:credit>
        <media:credit role="author" scheme="urn:ebu">https://a.deviantart.net/avatars/a/m/ambris.png?7</media:credit>
        <media:copyright url="https://ambris.deviantart.com">Copyright 2019 Ambris</media:copyright>            <media:description type="html">&lt;ul&gt;&lt;li&gt;Everyone&amp;#8217;s favorite Future&amp;nbsp;&lt;strike&gt;Waifu&lt;/strike&gt;&amp;nbsp;Witness is here!&lt;/li&gt;&lt;li&gt;&lt;span&gt;Interested in alternate slightly lewder versions?&lt;/span&gt;&amp;nbsp;&lt;a class=&quot;external&quot; href=&quot;https://www.deviantart.com/users/outgoing?https://goo.gl/forms/txMCRJ2LUUAhKVV03&quot;&gt;Consider contributing $10 to this artpack now.&amp;nbsp;&lt;/a&gt;Not only will this get you every pin-up made in this project, but your contribution will fund more pin-ups AND you&amp;#8217;ll get the vote on who gets drawn next.&lt;br /&gt;&lt;/li&gt;&lt;li&gt;Current order is:&lt;br /&gt;&lt;strike&gt;- Samus&lt;br /&gt;- Isabelle&lt;br /&gt;- Corrin&lt;/strike&gt;&lt;br /&gt;&lt;strike&gt;- Palutena&lt;/strike&gt;&lt;br /&gt;&lt;strike&gt;- Lucina&lt;/strike&gt;&lt;br /&gt;- Rosalina&lt;br /&gt;- Zelda&lt;br /&gt;- Inkling Girl&lt;br /&gt;- Bayonetta&lt;br /&gt;- Pokemon Trainer&lt;br /&gt;- Wii Fit Trainer&lt;br /&gt;- ???&lt;/li&gt;&lt;/ul&gt;&lt;p&gt;As of this post (1-24-19) Robin has a clear lead for the next pin-up! Contribute now to support your favorite.&lt;/p&gt;&lt;ul&gt;&lt;li&gt;&lt;span&gt;Already bought this artpack?&lt;/span&gt;&amp;nbsp;Feel free to contribute again anytime&amp;#8211;this is an ongoing project that&amp;#8217;ll stay active until every girl has been drawn~&lt;/li&gt;&lt;/ul&gt;&lt;h2&gt;&lt;a class=&quot;external&quot; href=&quot;https://www.deviantart.com/users/outgoing?https://goo.gl/forms/txMCRJ2LUUAhKVV03&quot;&gt;&amp;#8211; Click here to buy this art pack now &amp;#8211;&lt;/a&gt;&lt;/h2&gt;</media:description>            <media:thumbnail url="https://t00.deviantart.net/owIx9OLzOi7S-Nh1fCB1t9LBKoQ=/fit-in/150x150/filters:no_upscale():origin()/pre00/39f4/th/pre/i/2019/026/1/4/smash_girls_art_pack___05_lucina_by_ambris-dcy3lga.png" height="150" width="97"/>            <media:thumbnail url="https://t00.deviantart.net/Fch0QaReZ6fvt_pr1-TxEob_ug8=/fit-in/300x900/filters:no_upscale():origin()/pre00/39f4/th/pre/i/2019/026/1/4/smash_girls_art_pack___05_lucina_by_ambris-dcy3lga.png" height="465" width="300"/>            <media:thumbnail url="https://t00.deviantart.net/D8cWimMGtmUcLsVZY8stl07NxMU=/300x200/filters:fixed_height(100,100):origin()/pre00/39f4/th/pre/i/2019/026/1/4/smash_girls_art_pack___05_lucina_by_ambris-dcy3lga.png" height="200" width="129"/>            <media:content url="https://pre00.deviantart.net/39f4/th/pre/i/2019/026/1/4/smash_girls_art_pack___05_lucina_by_ambris-dcy3lga.png" height="1113" width="718" medium="image"/>            
            <description>&lt;ul&gt;&lt;li&gt;Everyone&amp;#8217;s favorite Future&amp;nbsp;&lt;strike&gt;Waifu&lt;/strike&gt;&amp;nbsp;Witness is here!&lt;/li&gt;&lt;li&gt;&lt;span&gt;Interested in alternate slightly lewder versions?&lt;/span&gt;&amp;nbsp;&lt;a class=&quot;external&quot; href=&quot;https://www.deviantart.com/users/outgoing?https://goo.gl/forms/txMCRJ2LUUAhKVV03&quot;&gt;Consider contributing $10 to this artpack now.&amp;nbsp;&lt;/a&gt;Not only will this get you every pin-up made in this project, but your contribution will fund more pin-ups AND you&amp;#8217;ll get the vote on who gets drawn next.&lt;br /&gt;&lt;/li&gt;&lt;li&gt;Current order is:&lt;br /&gt;&lt;strike&gt;- Samus&lt;br /&gt;- Isabelle&lt;br /&gt;- Corrin&lt;/strike&gt;&lt;br /&gt;&lt;strike&gt;- Palutena&lt;/strike&gt;&lt;br /&gt;&lt;strike&gt;- Lucina&lt;/strike&gt;&lt;br /&gt;- Rosalina&lt;br /&gt;- Zelda&lt;br /&gt;- Inkling Girl&lt;br /&gt;- Bayonetta&lt;br /&gt;- Pokemon Trainer&lt;br /&gt;- Wii Fit Trainer&lt;br /&gt;- ???&lt;/li&gt;&lt;/ul&gt;&lt;p&gt;As of this post (1-24-19) Robin has a clear lead for the next pin-up! Contribute now to support your favorite.&lt;/p&gt;&lt;ul&gt;&lt;li&gt;&lt;span&gt;Already bought this artpack?&lt;/span&gt;&amp;nbsp;Feel free to contribute again anytime&amp;#8211;this is an ongoing project that&amp;#8217;ll stay active until every girl has been drawn~&lt;/li&gt;&lt;/ul&gt;&lt;h2&gt;&lt;a class=&quot;external&quot; href=&quot;https://www.deviantart.com/users/outgoing?https://goo.gl/forms/txMCRJ2LUUAhKVV03&quot;&gt;&amp;#8211; Click here to buy this art pack now &amp;#8211;&lt;/a&gt;&lt;/h2&gt;&lt;br /&gt;&lt;div&gt;&lt;img src=&quot;https://t00.deviantart.net/D8cWimMGtmUcLsVZY8stl07NxMU=/300x200/filters:fixed_height(100,100):origin()/pre00/39f4/th/pre/i/2019/026/1/4/smash_girls_art_pack___05_lucina_by_ambris-dcy3lga.png&quot; alt=&quot;thumbnail&quot; /&gt;&lt;/div&gt;</description>            </item>
                    <item>
                <title>COMM SR | 10 | Eizenvaltz</title>
                <link>https://iyokani.deviantart.com/art/COMM-SR-10-Eizenvaltz-782797498</link>
                <guid isPermaLink="true">https://iyokani.deviantart.com/art/COMM-SR-10-Eizenvaltz-782797498</guid>
                <pubDate>Sat, 26 Jan 2019 11:37:37 PST</pubDate>
                        <media:title type="plain">COMM SR | 10 | Eizenvaltz</media:title>
        <media:keywords></media:keywords>
                        <media:rating>nonadult</media:rating>
                <media:category label="Drawings">manga/digital/drawings</media:category>
        <media:credit role="author" scheme="urn:ebu">Iyokani</media:credit>
        <media:credit role="author" scheme="urn:ebu">https://a.deviantart.net/avatars/i/y/iyokani.gif?11</media:credit>
        <media:copyright url="https://iyokani.deviantart.com">Copyright 2019 Iyokani</media:copyright>
            <media:community>
                <media:tags>@Iyo_kani</media:tags>
            </media:community>            <media:description type="html">&lt;span&gt;Thanks&amp;nbsp;you so much&amp;nbsp;&lt;/span&gt;&lt;span class=&quot;username-with-symbol u&quot;&gt;&lt;a class=&quot;u regular username&quot; href=&quot;https://www.deviantart.com/scarletruby&quot;&gt;ScarletRuby&lt;/a&gt;&lt;span class=&quot;user-symbol regular&quot; data-quicktip-text=&quot;&quot; data-show-tooltip=&quot;&quot; data-gruser-type=&quot;regular&quot;&gt;&lt;/span&gt;&lt;/span&gt;&lt;span&gt;&amp;nbsp; for commission me&amp;nbsp;&lt;/span&gt;&lt;a target=&quot;_self&quot; href=&quot;https://www.deviantart.com/brohugplz&quot; &gt;&lt;img class=&quot;avatar&quot; width=&quot;50&quot; height=&quot;50&quot; src=&quot;https://a.deviantart.net/avatars/b/r/brohugplz.gif?1&quot; alt=&quot;:iconbrohugplz:&quot; title=&quot;brohugplz&quot; /&gt;&lt;/a&gt;&lt;span&gt;&amp;nbsp;&lt;/span&gt;&lt;br /&gt;&lt;span&gt;I love his palet color *A*&lt;/span&gt;&lt;br /&gt;&lt;br /&gt;&lt;b&gt;SPEED PAINTING:&lt;/b&gt;&lt;span&gt;&amp;nbsp;(soon)&lt;/span&gt;&lt;br /&gt;&lt;br /&gt;&lt;span&gt;Thanks&amp;nbsp;you for viewing!&amp;nbsp;&lt;/span&gt;&lt;br /&gt;&lt;a class=&quot;external&quot; href=&quot;https://www.deviantart.com/users/outgoing?https://www.patreon.com/iyokani&quot;&gt;&lt;b&gt;PATREON&lt;/b&gt;&lt;/a&gt;&lt;span&gt;&amp;nbsp;|&amp;nbsp;&lt;/span&gt;&lt;a class=&quot;external&quot; href=&quot;https://www.deviantart.com/users/outgoing?https://www.facebook.com/Iyokani/&quot;&gt;&lt;b&gt;FACEBOOK&lt;/b&gt;&amp;nbsp;&lt;/a&gt;&lt;span&gt;&amp;nbsp;|&amp;nbsp;&lt;/span&gt;&lt;a class=&quot;external&quot; href=&quot;https://www.deviantart.com/users/outgoing?https://www.youtube.com/c/Iyokani&quot;&gt;&lt;b&gt;YOUTUBE&lt;/b&gt;&amp;nbsp;&lt;/a&gt;&lt;span&gt;&amp;nbsp;|&amp;nbsp;&lt;/span&gt;&lt;a class=&quot;external&quot; href=&quot;https://www.deviantart.com/users/outgoing?https://gumroad.com/iyokani&quot;&gt;&lt;b&gt;GUMROAD&lt;/b&gt;&amp;nbsp;&lt;/a&gt;&lt;span&gt;&amp;nbsp;|&amp;nbsp;&lt;/span&gt;&lt;a class=&quot;external&quot; href=&quot;https://www.deviantart.com/users/outgoing?https://iyokani.tumblr.com/&quot;&gt;&lt;b&gt;TUMBLR&lt;/b&gt;&amp;nbsp;&lt;/a&gt;&lt;span&gt;&amp;nbsp;|&amp;nbsp;&lt;/span&gt;&lt;a class=&quot;external&quot; href=&quot;https://www.deviantart.com/users/outgoing?https://twitter.com/Iyo_kani&quot;&gt;&lt;b&gt;TWITTER&lt;/b&gt;&amp;nbsp;&lt;/a&gt;&lt;span&gt;&amp;nbsp;|&amp;nbsp;&lt;/span&gt;&lt;a class=&quot;external&quot; href=&quot;https://www.deviantart.com/users/outgoing?https://www.instagram.com/iyo_kani/&quot;&gt;&lt;b&gt;INSTAGRAM&lt;/b&gt;&amp;nbsp;&lt;/a&gt;</media:description>            <media:thumbnail url="https://t00.deviantart.net/RqL_yvAc0tzdUiIZ5UEoVDLoUZg=/fit-in/150x150/filters:no_upscale():origin()/pre00/fc84/th/pre/f/2019/026/7/a/7abc192bdbd04a5cd7645d1cb3ba8a33-dcy22ey.jpg" height="150" width="87"/>            <media:thumbnail url="https://t00.deviantart.net/wf4bSGGyFeDHm-zx4m_79QfSpkM=/fit-in/300x900/filters:no_upscale():origin()/pre00/fc84/th/pre/f/2019/026/7/a/7abc192bdbd04a5cd7645d1cb3ba8a33-dcy22ey.jpg" height="517" width="300"/>            <media:thumbnail url="https://t00.deviantart.net/gd49l5huEhcd5BKCQHAdQpOxgnY=/300x200/filters:fixed_height(100,100):origin()/pre00/fc84/th/pre/f/2019/026/7/a/7abc192bdbd04a5cd7645d1cb3ba8a33-dcy22ey.jpg" height="200" width="116"/>            <media:content url="https://pre00.deviantart.net/fc84/th/pre/f/2019/026/7/a/7abc192bdbd04a5cd7645d1cb3ba8a33-dcy22ey.jpg" height="1173" width="681" medium="image"/>            
            <description>&lt;span&gt;Thanks&amp;nbsp;you so much&amp;nbsp;&lt;/span&gt;&lt;span class=&quot;username-with-symbol u&quot;&gt;&lt;a class=&quot;u regular username&quot; href=&quot;https://www.deviantart.com/scarletruby&quot;&gt;ScarletRuby&lt;/a&gt;&lt;span class=&quot;user-symbol regular&quot; data-quicktip-text=&quot;&quot; data-show-tooltip=&quot;&quot; data-gruser-type=&quot;regular&quot;&gt;&lt;/span&gt;&lt;/span&gt;&lt;span&gt;&amp;nbsp; for commission me&amp;nbsp;&lt;/span&gt;&lt;a target=&quot;_self&quot; href=&quot;https://www.deviantart.com/brohugplz&quot; &gt;&lt;img class=&quot;avatar&quot; width=&quot;50&quot; height=&quot;50&quot; src=&quot;https://a.deviantart.net/avatars/b/r/brohugplz.gif?1&quot; alt=&quot;:iconbrohugplz:&quot; title=&quot;brohugplz&quot; /&gt;&lt;/a&gt;&lt;span&gt;&amp;nbsp;&lt;/span&gt;&lt;br /&gt;&lt;span&gt;I love his palet color *A*&lt;/span&gt;&lt;br /&gt;&lt;br /&gt;&lt;b&gt;SPEED PAINTING:&lt;/b&gt;&lt;span&gt;&amp;nbsp;(soon)&lt;/span&gt;&lt;br /&gt;&lt;br /&gt;&lt;span&gt;Thanks&amp;nbsp;you for viewing!&amp;nbsp;&lt;/span&gt;&lt;br /&gt;&lt;a class=&quot;external&quot; href=&quot;https://www.deviantart.com/users/outgoing?https://www.patreon.com/iyokani&quot;&gt;&lt;b&gt;PATREON&lt;/b&gt;&lt;/a&gt;&lt;span&gt;&amp;nbsp;|&amp;nbsp;&lt;/span&gt;&lt;a class=&quot;external&quot; href=&quot;https://www.deviantart.com/users/outgoing?https://www.facebook.com/Iyokani/&quot;&gt;&lt;b&gt;FACEBOOK&lt;/b&gt;&amp;nbsp;&lt;/a&gt;&lt;span&gt;&amp;nbsp;|&amp;nbsp;&lt;/span&gt;&lt;a class=&quot;external&quot; href=&quot;https://www.deviantart.com/users/outgoing?https://www.youtube.com/c/Iyokani&quot;&gt;&lt;b&gt;YOUTUBE&lt;/b&gt;&amp;nbsp;&lt;/a&gt;&lt;span&gt;&amp;nbsp;|&amp;nbsp;&lt;/span&gt;&lt;a class=&quot;external&quot; href=&quot;https://www.deviantart.com/users/outgoing?https://gumroad.com/iyokani&quot;&gt;&lt;b&gt;GUMROAD&lt;/b&gt;&amp;nbsp;&lt;/a&gt;&lt;span&gt;&amp;nbsp;|&amp;nbsp;&lt;/span&gt;&lt;a class=&quot;external&quot; href=&quot;https://www.deviantart.com/users/outgoing?https://iyokani.tumblr.com/&quot;&gt;&lt;b&gt;TUMBLR&lt;/b&gt;&amp;nbsp;&lt;/a&gt;&lt;span&gt;&amp;nbsp;|&amp;nbsp;&lt;/span&gt;&lt;a class=&quot;external&quot; href=&quot;https://www.deviantart.com/users/outgoing?https://twitter.com/Iyo_kani&quot;&gt;&lt;b&gt;TWITTER&lt;/b&gt;&amp;nbsp;&lt;/a&gt;&lt;span&gt;&amp;nbsp;|&amp;nbsp;&lt;/span&gt;&lt;a class=&quot;external&quot; href=&quot;https://www.deviantart.com/users/outgoing?https://www.instagram.com/iyo_kani/&quot;&gt;&lt;b&gt;INSTAGRAM&lt;/b&gt;&amp;nbsp;&lt;/a&gt;&lt;br /&gt;&lt;div&gt;&lt;img src=&quot;https://t00.deviantart.net/gd49l5huEhcd5BKCQHAdQpOxgnY=/300x200/filters:fixed_height(100,100):origin()/pre00/fc84/th/pre/f/2019/026/7/a/7abc192bdbd04a5cd7645d1cb3ba8a33-dcy22ey.jpg&quot; alt=&quot;thumbnail&quot; /&gt;&lt;/div&gt;</description>            </item>
                    <item>
                <title>Pure beauty</title>
                <link>https://thefirebomb.deviantart.com/art/Pure-beauty-782869723</link>
                <guid isPermaLink="true">https://thefirebomb.deviantart.com/art/Pure-beauty-782869723</guid>
                <pubDate>Sat, 26 Jan 2019 13:18:37 PST</pubDate>
                        <media:title type="plain">Pure beauty</media:title>
        <media:keywords></media:keywords>
                        <media:rating>nonadult</media:rating>
                <media:category label="Fashion Portraits">photography/people/fashion</media:category>
        <media:credit role="author" scheme="urn:ebu">thefirebomb</media:credit>
        <media:credit role="author" scheme="urn:ebu">https://a.deviantart.net/avatars/t/h/thefirebomb.jpg?1</media:credit>
        <media:copyright url="https://thefirebomb.deviantart.com">Copyright 2019 thefirebomb</media:copyright>            <media:description type="html"></media:description>            <media:thumbnail url="https://t00.deviantart.net/XAlATKSlis7X9h9Obo-LXkxnShQ=/fit-in/150x150/filters:no_upscale():origin()/pre00/d4ff/th/pre/f/2019/026/b/a/i63a2643_by_thefirebomb-dcy3m57.png" height="150" width="100"/>            <media:thumbnail url="https://t00.deviantart.net/MZ37eXD923XPH50AkIO1OQPBqbk=/fit-in/300x900/filters:no_upscale():origin()/pre00/d4ff/th/pre/f/2019/026/b/a/i63a2643_by_thefirebomb-dcy3m57.png" height="450" width="300"/>            <media:thumbnail url="https://t00.deviantart.net/5b9wym0pp-fzpEDe1PNRWi-X7SI=/300x200/filters:fixed_height(100,100):origin()/pre00/d4ff/th/pre/f/2019/026/b/a/i63a2643_by_thefirebomb-dcy3m57.png" height="200" width="133"/>            <media:content url="https://orig00.deviantart.net/289f/f/2019/026/b/a/i63a2643_by_thefirebomb-dcy3m57.png" height="750" width="500" medium="image"/>            
            <description>&lt;br /&gt;&lt;div&gt;&lt;img src=&quot;https://t00.deviantart.net/5b9wym0pp-fzpEDe1PNRWi-X7SI=/300x200/filters:fixed_height(100,100):origin()/pre00/d4ff/th/pre/f/2019/026/b/a/i63a2643_by_thefirebomb-dcy3m57.png&quot; alt=&quot;thumbnail&quot; /&gt;&lt;/div&gt;</description>            </item>
                    <item>
                <title>Imminent danger</title>
                <link>https://ellysiumn.deviantart.com/art/Imminent-danger-781027101</link>
                <guid isPermaLink="true">https://ellysiumn.deviantart.com/art/Imminent-danger-781027101</guid>
                <pubDate>Sun, 27 Jan 2019 00:23:43 PST</pubDate>
                        <media:title type="plain">Imminent danger</media:title>
        <media:keywords></media:keywords>
                        <media:rating>nonadult</media:rating>
                <media:category label="HDTV &amp; Widescreen">customization/wallpaper/widescreen</media:category>
        <media:credit role="author" scheme="urn:ebu">Ellysiumn</media:credit>
        <media:credit role="author" scheme="urn:ebu">https://a.deviantart.net/avatars/e/l/ellysiumn.jpg?10</media:credit>
        <media:copyright url="https://ellysiumn.deviantart.com">Copyright 2019 Ellysiumn</media:copyright>
            <media:community>
                <media:tags>@Ellysiumn</media:tags>
            </media:community>            <media:description type="html">&lt;span&gt;Premium 4k wallpaper for personal use only.&lt;br /&gt;&lt;br /&gt;Copyright &amp;#169; by Gene Raz von Edler aka Ellysiumn. All rights reserved.&amp;nbsp;&lt;/span&gt;&lt;br /&gt;&lt;span&gt;My artwork may not be reproduced, copied, edited, published or uploaded in any&amp;nbsp;&lt;/span&gt;&lt;br /&gt;&lt;span&gt;way without my written permission.&lt;br /&gt;&lt;br /&gt;&lt;a class=&quot;external&quot; href=&quot;https://www.deviantart.com/users/outgoing?https://unsplash.com&quot;&gt;4x4&lt;/a&gt;&lt;br /&gt;Pyramid ~&lt;/span&gt;&lt;span&gt;&amp;nbsp;&lt;/span&gt;&lt;span&gt;&lt;span class=&quot;username-with-symbol u&quot;&gt;&lt;a class=&quot;u regular username&quot; href=&quot;https://www.deviantart.com/chiletrek&quot;&gt;Chiletrek&lt;/a&gt;&lt;span class=&quot;user-symbol regular&quot; data-quicktip-text=&quot;&quot; data-show-tooltip=&quot;&quot; data-gruser-type=&quot;regular&quot;&gt;&lt;/span&gt;&lt;/span&gt;&amp;nbsp;is NOT stock. I used with his written permission.&lt;/span&gt;&lt;span&gt;&lt;br /&gt;&lt;/span&gt;&lt;span&gt;Everything else is painted and my own resources.&lt;/span&gt;&lt;br /&gt;&lt;span&gt;Tools: PS CC 2018 and Wacom Intuos Pro L.&lt;/span&gt;&lt;br /&gt;&lt;br /&gt;&lt;br /&gt;&lt;a class=&quot;external&quot; href=&quot;https://www.deviantart.com/users/outgoing?https://www.instagram.com/ellysiumnarts/&quot;&gt;Instagram&lt;/a&gt;&lt;br /&gt;&lt;a class=&quot;external&quot; href=&quot;https://www.deviantart.com/users/outgoing?https://twitter.com/Ellysiumn&quot;&gt;Twitter&lt;/a&gt;&lt;br /&gt;&lt;a class=&quot;external&quot; href=&quot;https://www.deviantart.com/users/outgoing?https://www.artstation.com/genesisrazvonedler&quot;&gt;ArtStation&lt;/a&gt;</media:description>            <media:thumbnail url="https://t00.deviantart.net/vqZuXyE1Sg3uaStm686S4AD7Bdg=/fit-in/150x150/filters:no_upscale():origin()/pre00/d2ed/th/pre/i/2019/016/d/1/imminent_danger_by_ellysiumn-dcx04d9.jpg" height="84" width="150"/>            <media:thumbnail url="https://t00.deviantart.net/s65hckUsbqyebGF9SCdusqRuaj8=/fit-in/300x900/filters:no_upscale():origin()/pre00/d2ed/th/pre/i/2019/016/d/1/imminent_danger_by_ellysiumn-dcx04d9.jpg" height="169" width="300"/>            <media:thumbnail url="https://t00.deviantart.net/QDuZawuo2XWto_ievkT0O3NeEAk=/300x200/filters:fixed_height(100,100):origin()/pre00/d2ed/th/pre/i/2019/016/d/1/imminent_danger_by_ellysiumn-dcx04d9.jpg" height="169" width="300"/>            <media:content url="https://img00.deviantart.net/bc01/i/2019/016/d/1/imminent_danger_by_ellysiumn-dcx04d9.jpg" height="576" width="1024" medium="image"/>            
            <description>&lt;span&gt;Premium 4k wallpaper for personal use only.&lt;br /&gt;&lt;br /&gt;Copyright &amp;#169; by Gene Raz von Edler aka Ellysiumn. All rights reserved.&amp;nbsp;&lt;/span&gt;&lt;br /&gt;&lt;span&gt;My artwork may not be reproduced, copied, edited, published or uploaded in any&amp;nbsp;&lt;/span&gt;&lt;br /&gt;&lt;span&gt;way without my written permission.&lt;br /&gt;&lt;br /&gt;&lt;a class=&quot;external&quot; href=&quot;https://www.deviantart.com/users/outgoing?https://unsplash.com&quot;&gt;4x4&lt;/a&gt;&lt;br /&gt;Pyramid ~&lt;/span&gt;&lt;span&gt;&amp;nbsp;&lt;/span&gt;&lt;span&gt;&lt;span class=&quot;username-with-symbol u&quot;&gt;&lt;a class=&quot;u regular username&quot; href=&quot;https://www.deviantart.com/chiletrek&quot;&gt;Chiletrek&lt;/a&gt;&lt;span class=&quot;user-symbol regular&quot; data-quicktip-text=&quot;&quot; data-show-tooltip=&quot;&quot; data-gruser-type=&quot;regular&quot;&gt;&lt;/span&gt;&lt;/span&gt;&amp;nbsp;is NOT stock. I used with his written permission.&lt;/span&gt;&lt;span&gt;&lt;br /&gt;&lt;/span&gt;&lt;span&gt;Everything else is painted and my own resources.&lt;/span&gt;&lt;br /&gt;&lt;span&gt;Tools: PS CC 2018 and Wacom Intuos Pro L.&lt;/span&gt;&lt;br /&gt;&lt;br /&gt;&lt;br /&gt;&lt;a class=&quot;external&quot; href=&quot;https://www.deviantart.com/users/outgoing?https://www.instagram.com/ellysiumnarts/&quot;&gt;Instagram&lt;/a&gt;&lt;br /&gt;&lt;a class=&quot;external&quot; href=&quot;https://www.deviantart.com/users/outgoing?https://twitter.com/Ellysiumn&quot;&gt;Twitter&lt;/a&gt;&lt;br /&gt;&lt;a class=&quot;external&quot; href=&quot;https://www.deviantart.com/users/outgoing?https://www.artstation.com/genesisrazvonedler&quot;&gt;ArtStation&lt;/a&gt;&lt;br /&gt;&lt;div&gt;&lt;img src=&quot;https://t00.deviantart.net/QDuZawuo2XWto_ievkT0O3NeEAk=/300x200/filters:fixed_height(100,100):origin()/pre00/d2ed/th/pre/i/2019/016/d/1/imminent_danger_by_ellysiumn-dcx04d9.jpg&quot; alt=&quot;thumbnail&quot; /&gt;&lt;/div&gt;</description>            </item>
                    <item>
                <title>im a saint im a soul</title>
                <link>https://peach-water.deviantart.com/art/im-a-saint-im-a-soul-782897752</link>
                <guid isPermaLink="true">https://peach-water.deviantart.com/art/im-a-saint-im-a-soul-782897752</guid>
                <pubDate>Sat, 26 Jan 2019 16:52:34 PST</pubDate>
                        <media:title type="plain">im a saint im a soul</media:title>
        <media:keywords></media:keywords>
                        <media:rating>nonadult</media:rating>
                <media:category label="Animals">digitalart/paintings/animals</media:category>
        <media:credit role="author" scheme="urn:ebu">peach-water</media:credit>
        <media:credit role="author" scheme="urn:ebu">https://a.deviantart.net/avatars/p/e/peach-water.png?6</media:credit>
        <media:copyright url="https://peach-water.deviantart.com">Copyright 2019 peach-water</media:copyright>            <media:description type="html">idk</media:description>            <media:thumbnail url="https://t00.deviantart.net/qyi9gKklGmVPwjf16yNIW93RWkk=/fit-in/150x150/filters:no_upscale():origin()/pre00/17cc/th/pre/f/2019/026/6/1/im_a_saint_im_a_soul_by_peach_water-dcy47rs.png" height="150" width="102"/>            <media:thumbnail url="https://t00.deviantart.net/ApsLQ0wb9gdNjeL-X9r9TXfB68s=/fit-in/300x900/filters:no_upscale():origin()/pre00/17cc/th/pre/f/2019/026/6/1/im_a_saint_im_a_soul_by_peach_water-dcy47rs.png" height="443" width="300"/>            <media:thumbnail url="https://t00.deviantart.net/ZRI_pW869ac8INuPX5c3k-r7Ib8=/300x200/filters:fixed_height(100,100):origin()/pre00/17cc/th/pre/f/2019/026/6/1/im_a_saint_im_a_soul_by_peach_water-dcy47rs.png" height="200" width="135"/>            <media:content url="https://pre00.deviantart.net/17cc/th/pre/f/2019/026/6/1/im_a_saint_im_a_soul_by_peach_water-dcy47rs.png" height="1087" width="735" medium="image"/>            
            <description>idk&lt;br /&gt;&lt;div&gt;&lt;img src=&quot;https://t00.deviantart.net/ZRI_pW869ac8INuPX5c3k-r7Ib8=/300x200/filters:fixed_height(100,100):origin()/pre00/17cc/th/pre/f/2019/026/6/1/im_a_saint_im_a_soul_by_peach_water-dcy47rs.png&quot; alt=&quot;thumbnail&quot; /&gt;&lt;/div&gt;</description>            </item>
                    <item>
                <title>Tondemonai - Download</title>
                <link>https://ryuuexe.deviantart.com/art/Tondemonai-Download-782850495</link>
                <guid isPermaLink="true">https://ryuuexe.deviantart.com/art/Tondemonai-Download-782850495</guid>
                <pubDate>Sat, 26 Jan 2019 10:59:19 PST</pubDate>
                        <media:title type="plain">Tondemonai - Download</media:title>
        <media:keywords></media:keywords>
                        <media:rating>nonadult</media:rating>
                <media:category label="Weapons">digitalart/3d/objects/weapons</media:category>
        <media:credit role="author" scheme="urn:ebu">RyuuExe</media:credit>
        <media:credit role="author" scheme="urn:ebu">https://a.deviantart.net/avatars/r/y/ryuuexe.jpg?2</media:credit>
        <media:copyright url="https://ryuuexe.deviantart.com">Copyright 2019 RyuuExe</media:copyright>            <media:description type="html">Thank you so much everyone for 2000 watcher&#039;s &amp;lt;3 here is my gift ^^&lt;br /&gt;&lt;br /&gt;&lt;span&gt;Come only with fbx. and blend.&lt;/span&gt;&lt;br /&gt;&lt;br /&gt;&lt;span&gt;Zoom in to see more detail.&lt;/span&gt;&lt;br /&gt;&lt;br /&gt;&lt;span&gt;Rules:&lt;/span&gt;&lt;br /&gt;&lt;br /&gt;&lt;span&gt;1. Don&#039;t claim as your own.&lt;/span&gt;&lt;br /&gt;&lt;br /&gt;&lt;span&gt;2. Don&#039;t redistribute or resell.&lt;/span&gt;&lt;br /&gt;&lt;br /&gt;&lt;span&gt;3. If it&#039;s for personal use you can do whatever you want with it.&lt;/span&gt;&lt;br /&gt;&lt;br /&gt;&lt;span&gt;4. For commercial or commission use send me a pm to RyuuExe#8662 on Discord or email me at ryuucmd@gmail.com&lt;/span&gt;&lt;br /&gt;&lt;br /&gt;&lt;span&gt;Credit:&lt;/span&gt;&lt;br /&gt;&lt;br /&gt;&lt;span&gt;All the models by me.&lt;/span&gt;&lt;br /&gt;&lt;br /&gt;&lt;span&gt;To support me join my Discord :&amp;nbsp;&lt;/span&gt;&lt;a class=&quot;external&quot; href=&quot;https://www.deviantart.com/users/outgoing?https://discord.gg/9S4r9Ah&quot;&gt;discord.gg/9S4r9Ah&lt;/a&gt;&lt;br /&gt;&lt;span&gt;To support me fully join my Patreon :&amp;nbsp;&lt;/span&gt;&lt;a class=&quot;external&quot; href=&quot;https://www.deviantart.com/users/outgoing?https://www.patreon.com/ryuuexe&quot;&gt;www.patreon.com/ryuuexe&lt;/a&gt;</media:description>            <media:thumbnail url="https://t00.deviantart.net/R9zez1vn80IQJeXLRspIC0B5NdE=/fit-in/150x150/filters:no_upscale():origin()/pre00/a4cf/th/pre/i/2019/026/c/2/tondemonai___download_by_ryuuexe-dcy37b3.jpg" height="84" width="150"/>            <media:thumbnail url="https://t00.deviantart.net/7MCOpNoh_Pn38b_L6rsqlWiAP48=/fit-in/300x900/filters:no_upscale():origin()/pre00/a4cf/th/pre/i/2019/026/c/2/tondemonai___download_by_ryuuexe-dcy37b3.jpg" height="169" width="300"/>            <media:thumbnail url="https://t00.deviantart.net/NKCqCxuyE6mkLgeRwiE65Bi7ED4=/300x200/filters:fixed_height(100,100):origin()/pre00/a4cf/th/pre/i/2019/026/c/2/tondemonai___download_by_ryuuexe-dcy37b3.jpg" height="169" width="300"/>            <media:content url="https://img00.deviantart.net/a1fd/i/2019/026/c/2/tondemonai___download_by_ryuuexe-dcy37b3.jpg" height="2160" width="3840"/>            
            <description>Thank you so much everyone for 2000 watcher&#039;s &amp;lt;3 here is my gift ^^&lt;br /&gt;&lt;br /&gt;&lt;span&gt;Come only with fbx. and blend.&lt;/span&gt;&lt;br /&gt;&lt;br /&gt;&lt;span&gt;Zoom in to see more detail.&lt;/span&gt;&lt;br /&gt;&lt;br /&gt;&lt;span&gt;Rules:&lt;/span&gt;&lt;br /&gt;&lt;br /&gt;&lt;span&gt;1. Don&#039;t claim as your own.&lt;/span&gt;&lt;br /&gt;&lt;br /&gt;&lt;span&gt;2. Don&#039;t redistribute or resell.&lt;/span&gt;&lt;br /&gt;&lt;br /&gt;&lt;span&gt;3. If it&#039;s for personal use you can do whatever you want with it.&lt;/span&gt;&lt;br /&gt;&lt;br /&gt;&lt;span&gt;4. For commercial or commission use send me a pm to RyuuExe#8662 on Discord or email me at ryuucmd@gmail.com&lt;/span&gt;&lt;br /&gt;&lt;br /&gt;&lt;span&gt;Credit:&lt;/span&gt;&lt;br /&gt;&lt;br /&gt;&lt;span&gt;All the models by me.&lt;/span&gt;&lt;br /&gt;&lt;br /&gt;&lt;span&gt;To support me join my Discord :&amp;nbsp;&lt;/span&gt;&lt;a class=&quot;external&quot; href=&quot;https://www.deviantart.com/users/outgoing?https://discord.gg/9S4r9Ah&quot;&gt;discord.gg/9S4r9Ah&lt;/a&gt;&lt;br /&gt;&lt;span&gt;To support me fully join my Patreon :&amp;nbsp;&lt;/span&gt;&lt;a class=&quot;external&quot; href=&quot;https://www.deviantart.com/users/outgoing?https://www.patreon.com/ryuuexe&quot;&gt;www.patreon.com/ryuuexe&lt;/a&gt;&lt;br /&gt;&lt;div&gt;&lt;img src=&quot;https://img00.deviantart.net/a1fd/i/2019/026/c/2/tondemonai___download_by_ryuuexe-dcy37b3.jpg&quot; alt=&quot;thumbnail&quot; /&gt;&lt;/div&gt;</description>            </item>
                    <item>
                <title>[TWWM] Headshots</title>
                <link>https://trollgirl.deviantart.com/art/TWWM-Headshots-782917081</link>
                <guid isPermaLink="true">https://trollgirl.deviantart.com/art/TWWM-Headshots-782917081</guid>
                <pubDate>Sat, 26 Jan 2019 19:36:28 PST</pubDate>
                        <media:title type="plain">[TWWM] Headshots</media:title>
        <media:keywords></media:keywords>
                        <media:rating>nonadult</media:rating>
                <media:category label="Fantasy">digitalart/paintings/fantasy</media:category>
        <media:credit role="author" scheme="urn:ebu">TrollGirl</media:credit>
        <media:credit role="author" scheme="urn:ebu">https://a.deviantart.net/avatars/t/r/trollgirl.png?3</media:credit>
        <media:copyright url="https://trollgirl.deviantart.com">Copyright 2019 TrollGirl</media:copyright>            <media:description type="html">Getting me some tiny portrait practice!&lt;br /&gt;----------------------------&lt;br /&gt;Tabula for &lt;a href=&quot;https://www.deviantart.com/tarynsgate&quot;&gt;tarynsgate&lt;/a&gt;&lt;br /&gt;Base Score: 10 AP (Shaded Illustration)&lt;br /&gt;+5 AP (Abstract/Minimal Background)&lt;br /&gt;+5 AP (Elemental: 5 AP * 1)&lt;br /&gt;+5 AP (Personal Work Bonus)&lt;br /&gt;+10 AP (Other Esk Bonus: 10 AP * 1)&lt;br /&gt;Total AP per submission: 35&lt;br /&gt;Base Score: 4 GP (Shaded Illustration)&lt;br /&gt;+2 GP (Abstract/Minimal Background)&lt;br /&gt;+5 GP (Elemental: 5 GP * 1)&lt;br /&gt;Total GP per submission: 11&lt;br /&gt;&lt;br /&gt;----------------------------&lt;br /&gt;1811 for&amp;nbsp;&lt;a href=&quot;https://www.deviantart.com/twodles&quot;&gt;twodles&lt;/a&gt;&lt;br /&gt;Base Score: 10 AP (Shaded Illustration)&lt;br /&gt;+5 AP (Abstract/Minimal Background)&lt;br /&gt;+5 AP (Personal Work Bonus)&lt;br /&gt;+10 AP (Other Esk Bonus: 10 AP * 1)&lt;br /&gt;Total AP per submission: 30&lt;br /&gt;Base Score: 4 GP (Shaded Illustration)&lt;br /&gt;+2 GP (Abstract/Minimal Background)&lt;br /&gt;Total GP per submission: 6&lt;br /&gt;&lt;br /&gt;----------------------------&lt;br /&gt;792 for &lt;span class=&quot;username-with-symbol u&quot;&gt;&lt;a class=&quot;u premium username&quot; href=&quot;https://www.deviantart.com/aracollie&quot;&gt;aracollie&lt;/a&gt;&lt;span class=&quot;user-symbol premium&quot; data-quicktip-text=&quot;Core Member&quot; data-show-tooltip=&quot;1&quot; data-gruser-type=&quot;premium&quot;&gt;&lt;/span&gt;&lt;/span&gt;&amp;nbsp;&lt;br /&gt;Base Score: 10 AP (Shaded Illustration)&lt;br /&gt;+5 AP (Abstract/Minimal Background)&lt;br /&gt;+5 AP (Personal Work Bonus)&lt;br /&gt;+10 AP (Other Esk Bonus: 10 AP * 1)&lt;br /&gt;Total AP per submission: 30&lt;br /&gt;Base Score: 4 GP (Shaded Illustration)&lt;br /&gt;+2 GP (Abstract/Minimal Background)&lt;br /&gt;Total GP per submission: 6</media:description>            <media:thumbnail url="https://t00.deviantart.net/kElbXBcXjrchVD10dtjZaE56Jzw=/fit-in/150x150/filters:no_upscale():origin()/pre00/dc25/th/pre/i/2019/027/9/a/_twwm__headshots_by_trollgirl-dcy4mop.jpg" height="67" width="150"/>            <media:thumbnail url="https://t00.deviantart.net/UX6XR7HIIQRe2BiFTae95AhFnls=/fit-in/300x900/filters:no_upscale():origin()/pre00/dc25/th/pre/i/2019/027/9/a/_twwm__headshots_by_trollgirl-dcy4mop.jpg" height="133" width="300"/>            <media:thumbnail url="https://t00.deviantart.net/U2tpd8F-3A1TW3AJSNn6Os4bxK8=/300x200/filters:fixed_height(100,100):origin()/pre00/dc25/th/pre/i/2019/027/9/a/_twwm__headshots_by_trollgirl-dcy4mop.jpg" height="133" width="300"/>            <media:content url="https://img00.deviantart.net/0be6/i/2019/027/9/a/_twwm__headshots_by_trollgirl-dcy4mop.jpg" height="355" width="800" medium="image"/>            
            <description>Getting me some tiny portrait practice!&lt;br /&gt;----------------------------&lt;br /&gt;Tabula for &lt;a href=&quot;https://www.deviantart.com/tarynsgate&quot;&gt;tarynsgate&lt;/a&gt;&lt;br /&gt;Base Score: 10 AP (Shaded Illustration)&lt;br /&gt;+5 AP (Abstract/Minimal Background)&lt;br /&gt;+5 AP (Elemental: 5 AP * 1)&lt;br /&gt;+5 AP (Personal Work Bonus)&lt;br /&gt;+10 AP (Other Esk Bonus: 10 AP * 1)&lt;br /&gt;Total AP per submission: 35&lt;br /&gt;Base Score: 4 GP (Shaded Illustration)&lt;br /&gt;+2 GP (Abstract/Minimal Background)&lt;br /&gt;+5 GP (Elemental: 5 GP * 1)&lt;br /&gt;Total GP per submission: 11&lt;br /&gt;&lt;br /&gt;----------------------------&lt;br /&gt;1811 for&amp;nbsp;&lt;a href=&quot;https://www.deviantart.com/twodles&quot;&gt;twodles&lt;/a&gt;&lt;br /&gt;Base Score: 10 AP (Shaded Illustration)&lt;br /&gt;+5 AP (Abstract/Minimal Background)&lt;br /&gt;+5 AP (Personal Work Bonus)&lt;br /&gt;+10 AP (Other Esk Bonus: 10 AP * 1)&lt;br /&gt;Total AP per submission: 30&lt;br /&gt;Base Score: 4 GP (Shaded Illustration)&lt;br /&gt;+2 GP (Abstract/Minimal Background)&lt;br /&gt;Total GP per submission: 6&lt;br /&gt;&lt;br /&gt;----------------------------&lt;br /&gt;792 for &lt;span class=&quot;username-with-symbol u&quot;&gt;&lt;a class=&quot;u premium username&quot; href=&quot;https://www.deviantart.com/aracollie&quot;&gt;aracollie&lt;/a&gt;&lt;span class=&quot;user-symbol premium&quot; data-quicktip-text=&quot;Core Member&quot; data-show-tooltip=&quot;1&quot; data-gruser-type=&quot;premium&quot;&gt;&lt;/span&gt;&lt;/span&gt;&amp;nbsp;&lt;br /&gt;Base Score: 10 AP (Shaded Illustration)&lt;br /&gt;+5 AP (Abstract/Minimal Background)&lt;br /&gt;+5 AP (Personal Work Bonus)&lt;br /&gt;+10 AP (Other Esk Bonus: 10 AP * 1)&lt;br /&gt;Total AP per submission: 30&lt;br /&gt;Base Score: 4 GP (Shaded Illustration)&lt;br /&gt;+2 GP (Abstract/Minimal Background)&lt;br /&gt;Total GP per submission: 6&lt;br /&gt;&lt;div&gt;&lt;img src=&quot;https://t00.deviantart.net/U2tpd8F-3A1TW3AJSNn6Os4bxK8=/300x200/filters:fixed_height(100,100):origin()/pre00/dc25/th/pre/i/2019/027/9/a/_twwm__headshots_by_trollgirl-dcy4mop.jpg&quot; alt=&quot;thumbnail&quot; /&gt;&lt;/div&gt;</description>            </item>
                    <item>
                <title>- World Gaze -</title>
                <link>https://str-lite.deviantart.com/art/World-Gaze-782787627</link>
                <guid isPermaLink="true">https://str-lite.deviantart.com/art/World-Gaze-782787627</guid>
                <pubDate>Sat, 26 Jan 2019 14:04:04 PST</pubDate>
                        <media:title type="plain">- World Gaze -</media:title>
        <media:keywords></media:keywords>
                        <media:rating>nonadult</media:rating>
                <media:category label="Animations">flash/animations</media:category>
        <media:credit role="author" scheme="urn:ebu">StR-Lite</media:credit>
        <media:credit role="author" scheme="urn:ebu">https://a.deviantart.net/avatars/s/t/str-lite.gif?3</media:credit>
        <media:copyright url="https://str-lite.deviantart.com">Copyright 2019 StR-Lite</media:copyright>             <creativeCommons:license>http://creativecommons.org/licenses/by-nc-nd/3.0/</creativeCommons:license>
                <media:description type="html">&lt;i&gt;&lt;br /&gt;&quot;...The world carves into shape based on the consequences of today.&lt;br /&gt;&lt;br /&gt;&amp;nbsp; &amp;nbsp;&amp;nbsp;Where will you lead it to?&quot;&lt;br /&gt;&lt;/i&gt;&lt;br /&gt;&lt;hr/&gt;&lt;br /&gt;&lt;br /&gt;Press &quot;spacebar&quot; to toggle its appearance.&lt;br /&gt;&lt;br /&gt;Another pixel project! Initially, it was meant to function in a way that the appearance of this animation changes &lt;i&gt;based on your device&#039;s time that you&#039;re viewing it,&lt;/i&gt;&amp;nbsp;but because my flash ran into technical problems and bugs from doing so, that was a little disheartening to me.&lt;br /&gt;On the bright side, taking this alternate way would let you view these three appearances in one go: twilight, night and day.&lt;br /&gt;&lt;br /&gt;Back at it again with cityscapes, haha.&lt;br /&gt;&lt;br /&gt;Music credit: &lt;a class=&quot;external&quot; href=&quot;https://www.deviantart.com/users/outgoing?https://www.newgrounds.com/audio/listen/797142&quot;&gt;&quot;Blueshift&quot;&lt;/a&gt; by LawnReality. Check &#039;em out!&lt;br /&gt;Starla | Elanolia &amp;#169; &lt;span class=&quot;username-with-symbol u&quot;&gt;&lt;a class=&quot;u regular username&quot; href=&quot;https://www.deviantart.com/str-lite&quot;&gt;StR-Lite&lt;/a&gt;&lt;span class=&quot;user-symbol regular&quot; data-quicktip-text=&quot;&quot; data-show-tooltip=&quot;&quot; data-gruser-type=&quot;regular&quot;&gt;&lt;/span&gt;&lt;/span&gt;.</media:description>            <media:thumbnail url="https://img00.deviantart.net/4171/i/2019/026/6/8/__world_gaze___by_str_lite-dcy1usr.gif" height="150" width="150"/>            <media:thumbnail url="https://img00.deviantart.net/4171/i/2019/026/6/8/__world_gaze___by_str_lite-dcy1usr.gif" height="150" width="150"/>            <media:thumbnail url="https://img00.deviantart.net/4171/i/2019/026/6/8/__world_gaze___by_str_lite-dcy1usr.gif" height="150" width="150"/>            <media:content url="https://img00.deviantart.net/4171/i/2019/026/6/8/__world_gaze___by_str_lite-dcy1usr.gif" height="150" width="150"/>            
            <description>&lt;i&gt;&lt;br /&gt;&quot;...The world carves into shape based on the consequences of today.&lt;br /&gt;&lt;br /&gt;&amp;nbsp; &amp;nbsp;&amp;nbsp;Where will you lead it to?&quot;&lt;br /&gt;&lt;/i&gt;&lt;br /&gt;&lt;hr/&gt;&lt;br /&gt;&lt;br /&gt;Press &quot;spacebar&quot; to toggle its appearance.&lt;br /&gt;&lt;br /&gt;Another pixel project! Initially, it was meant to function in a way that the appearance of this animation changes &lt;i&gt;based on your device&#039;s time that you&#039;re viewing it,&lt;/i&gt;&amp;nbsp;but because my flash ran into technical problems and bugs from doing so, that was a little disheartening to me.&lt;br /&gt;On the bright side, taking this alternate way would let you view these three appearances in one go: twilight, night and day.&lt;br /&gt;&lt;br /&gt;Back at it again with cityscapes, haha.&lt;br /&gt;&lt;br /&gt;Music credit: &lt;a class=&quot;external&quot; href=&quot;https://www.deviantart.com/users/outgoing?https://www.newgrounds.com/audio/listen/797142&quot;&gt;&quot;Blueshift&quot;&lt;/a&gt; by LawnReality. Check &#039;em out!&lt;br /&gt;Starla | Elanolia &amp;#169; &lt;span class=&quot;username-with-symbol u&quot;&gt;&lt;a class=&quot;u regular username&quot; href=&quot;https://www.deviantart.com/str-lite&quot;&gt;StR-Lite&lt;/a&gt;&lt;span class=&quot;user-symbol regular&quot; data-quicktip-text=&quot;&quot; data-show-tooltip=&quot;&quot; data-gruser-type=&quot;regular&quot;&gt;&lt;/span&gt;&lt;/span&gt;.&lt;br /&gt;&lt;div&gt;&lt;img src=&quot;https://img00.deviantart.net/4171/i/2019/026/6/8/__world_gaze___by_str_lite-dcy1usr.gif&quot; alt=&quot;thumbnail&quot; /&gt;&lt;/div&gt;</description>            </item>
                    <item>
                <title>Commission</title>
                <link>https://holivi.deviantart.com/art/Commission-782885404</link>
                <guid isPermaLink="true">https://holivi.deviantart.com/art/Commission-782885404</guid>
                <pubDate>Sat, 26 Jan 2019 15:11:50 PST</pubDate>
                        <media:title type="plain">Commission</media:title>
        <media:keywords></media:keywords>
                        <media:rating>nonadult</media:rating>
                <media:category label="Animals">anthro/digital/drawings/animals</media:category>
        <media:credit role="author" scheme="urn:ebu">Holivi</media:credit>
        <media:credit role="author" scheme="urn:ebu">https://a.deviantart.net/avatars/h/o/holivi.jpg?14</media:credit>
        <media:copyright url="https://holivi.deviantart.com">Copyright 2019 Holivi</media:copyright>             <creativeCommons:license>http://creativecommons.org/licenses/by-nc-nd/3.0/</creativeCommons:license>
                <media:description type="html">&lt;span&gt;YAY! My first Bird-commission^^&lt;/span&gt;</media:description>            <media:thumbnail url="https://t00.deviantart.net/AZIb5JeFe5paHaMrV37gbb2IYVk=/fit-in/150x150/filters:no_upscale():origin()/pre00/bbc2/th/pre/i/2019/026/c/f/commission_by_holivi-dcy3y8s.jpg" height="94" width="150"/>            <media:thumbnail url="https://t00.deviantart.net/laVYR8O6YoKNhxN3f-klsggk_z0=/fit-in/300x900/filters:no_upscale():origin()/pre00/bbc2/th/pre/i/2019/026/c/f/commission_by_holivi-dcy3y8s.jpg" height="187" width="300"/>            <media:thumbnail url="https://t00.deviantart.net/s_0mTBOTX_qXpragz2MetZVZVKI=/300x200/filters:fixed_height(100,100):origin()/pre00/bbc2/th/pre/i/2019/026/c/f/commission_by_holivi-dcy3y8s.jpg" height="187" width="300"/>            <media:content url="https://img00.deviantart.net/1d24/i/2019/026/c/f/commission_by_holivi-dcy3y8s.jpg" height="640" width="1024" medium="image"/>            
            <description>&lt;span&gt;YAY! My first Bird-commission^^&lt;/span&gt;&lt;br /&gt;&lt;div&gt;&lt;img src=&quot;https://t00.deviantart.net/s_0mTBOTX_qXpragz2MetZVZVKI=/300x200/filters:fixed_height(100,100):origin()/pre00/bbc2/th/pre/i/2019/026/c/f/commission_by_holivi-dcy3y8s.jpg&quot; alt=&quot;thumbnail&quot; /&gt;&lt;/div&gt;</description>            </item>
                    <item>
                <title>Milk and Honey</title>
                <link>https://radianteld.deviantart.com/art/Milk-and-Honey-782924695</link>
                <guid isPermaLink="true">https://radianteld.deviantart.com/art/Milk-and-Honey-782924695</guid>
                <pubDate>Sat, 26 Jan 2019 20:37:56 PST</pubDate>
                        <media:title type="plain">Milk and Honey</media:title>
        <media:keywords></media:keywords>
                        <media:rating>adult</media:rating>
                <media:category label="Female">digitalart/3d/characters/female</media:category>
        <media:credit role="author" scheme="urn:ebu">RadiantEld</media:credit>
        <media:credit role="author" scheme="urn:ebu">https://a.deviantart.net/avatars/r/a/radianteld.png?13</media:credit>
        <media:copyright url="https://radianteld.deviantart.com">Copyright 2019 RadiantEld</media:copyright>            <media:description type="html">Fan art of Kokoro, Momiji, Mai, an Naotora from Dead or Alive.&lt;br /&gt;Rendered in Toolbag.&lt;br /&gt;Commissioned by &lt;span class=&quot;username-with-symbol u&quot;&gt;&lt;a class=&quot;u regular username&quot; href=&quot;https://www.deviantart.com/prodigyx17&quot;&gt;ProdigyX17&lt;/a&gt;&lt;span class=&quot;user-symbol regular&quot; data-quicktip-text=&quot;&quot; data-show-tooltip=&quot;&quot; data-gruser-type=&quot;regular&quot;&gt;&lt;/span&gt;&lt;/span&gt;&lt;br /&gt;&lt;br /&gt;XPS Models:&lt;br /&gt;Naught Faery Pack by &lt;span class=&quot;username-with-symbol u&quot;&gt;&lt;a class=&quot;u regular username&quot; href=&quot;https://www.deviantart.com/xps-fanatic&quot;&gt;XPS-Fanatic&lt;/a&gt;&lt;span class=&quot;user-symbol regular&quot; data-quicktip-text=&quot;&quot; data-show-tooltip=&quot;&quot; data-gruser-type=&quot;regular&quot;&gt;&lt;/span&gt;&lt;/span&gt;&amp;nbsp;&lt;br /&gt;&lt;br /&gt;Bonus Shots: (to be added)</media:description>            <media:thumbnail url="https://t00.deviantart.net/Bd9WmRzdDS2xoEBddmAhahvCxS4=/fit-in/150x150/filters:no_upscale():origin()/pre00/4a63/th/pre/i/2019/026/e/8/milk_and_honey_by_radianteld-dcy4sk7.png" height="115" width="150"/>            <media:thumbnail url="https://t00.deviantart.net/LUZvFnTL1-BpUdUgqivJbtgP9WU=/fit-in/300x900/filters:no_upscale():origin()/pre00/4a63/th/pre/i/2019/026/e/8/milk_and_honey_by_radianteld-dcy4sk7.png" height="230" width="300"/>            <media:thumbnail url="https://t00.deviantart.net/2xFuyU2d4O4CPzeXxEm5XDgphZ8=/300x200/filters:fixed_height(100,100):origin()/pre00/4a63/th/pre/i/2019/026/e/8/milk_and_honey_by_radianteld-dcy4sk7.png" height="200" width="261"/>            <media:content url="https://pre00.deviantart.net/4a63/th/pre/i/2019/026/e/8/milk_and_honey_by_radianteld-dcy4sk7.png" height="783" width="1020" medium="image"/>            
            <description>Fan art of Kokoro, Momiji, Mai, an Naotora from Dead or Alive.&lt;br /&gt;Rendered in Toolbag.&lt;br /&gt;Commissioned by &lt;span class=&quot;username-with-symbol u&quot;&gt;&lt;a class=&quot;u regular username&quot; href=&quot;https://www.deviantart.com/prodigyx17&quot;&gt;ProdigyX17&lt;/a&gt;&lt;span class=&quot;user-symbol regular&quot; data-quicktip-text=&quot;&quot; data-show-tooltip=&quot;&quot; data-gruser-type=&quot;regular&quot;&gt;&lt;/span&gt;&lt;/span&gt;&lt;br /&gt;&lt;br /&gt;XPS Models:&lt;br /&gt;Naught Faery Pack by &lt;span class=&quot;username-with-symbol u&quot;&gt;&lt;a class=&quot;u regular username&quot; href=&quot;https://www.deviantart.com/xps-fanatic&quot;&gt;XPS-Fanatic&lt;/a&gt;&lt;span class=&quot;user-symbol regular&quot; data-quicktip-text=&quot;&quot; data-show-tooltip=&quot;&quot; data-gruser-type=&quot;regular&quot;&gt;&lt;/span&gt;&lt;/span&gt;&amp;nbsp;&lt;br /&gt;&lt;br /&gt;Bonus Shots: (to be added)&lt;br /&gt;&lt;div&gt;&lt;img src=&quot;https://t00.deviantart.net/2xFuyU2d4O4CPzeXxEm5XDgphZ8=/300x200/filters:fixed_height(100,100):origin()/pre00/4a63/th/pre/i/2019/026/e/8/milk_and_honey_by_radianteld-dcy4sk7.png&quot; alt=&quot;thumbnail&quot; /&gt;&lt;/div&gt;</description>            </item>
                    <item>
                <title>Half-Developed Homeworld</title>
                <link>https://chaosfissure.deviantart.com/art/Half-Developed-Homeworld-782905379</link>
                <guid isPermaLink="true">https://chaosfissure.deviantart.com/art/Half-Developed-Homeworld-782905379</guid>
                <pubDate>Sat, 26 Jan 2019 18:01:02 PST</pubDate>
                        <media:title type="plain">Half-Developed Homeworld</media:title>
        <media:keywords></media:keywords>
                        <media:rating>nonadult</media:rating>
                <media:category label="Raw Fractals">digitalart/fractals/rawfractal</media:category>
        <media:credit role="author" scheme="urn:ebu">ChaosFissure</media:credit>
        <media:credit role="author" scheme="urn:ebu">https://a.deviantart.net/avatars/c/h/chaosfissure.png?9</media:credit>
        <media:copyright url="https://chaosfissure.deviantart.com">Copyright 2019 ChaosFissure</media:copyright>            <media:description type="html">&lt;i&gt;The interior lights reflected along the window as I gazed between the twin planets.&amp;nbsp; The re-entry was delayed yet again due to unexpected flight patterns of the behemoths soaring through my homeworld&#039;s atmosphere, which did nothing to quell my anxiety of remaining on this ship for longer than was absolutely necessary.&lt;/i&gt;&lt;br /&gt;&lt;br /&gt;Apo + Chaotica&lt;br /&gt;____________________________________&lt;br /&gt;This image, or modifications of this image, is not to be used, reuploaded, or redistributed in any form without my prior, written permission. &amp;#169; ChaosFissure 2019</media:description>            <media:thumbnail url="https://t00.deviantart.net/akX87uX_Lz7kuKcH_3hhRl8ZdDM=/fit-in/150x150/filters:no_upscale():origin()/pre00/db38/th/pre/f/2019/026/e/e/half_developed_homeworld_by_chaosfissure-dcy4dnn.png" height="150" width="100"/>            <media:thumbnail url="https://t00.deviantart.net/p2uTb9XqE3hm-UP1TDxIN5UcAIQ=/fit-in/300x900/filters:no_upscale():origin()/pre00/db38/th/pre/f/2019/026/e/e/half_developed_homeworld_by_chaosfissure-dcy4dnn.png" height="450" width="300"/>            <media:thumbnail url="https://t00.deviantart.net/zUZDkp8wpYp6Czy_k3zc5LEhfs4=/300x200/filters:fixed_height(100,100):origin()/pre00/db38/th/pre/f/2019/026/e/e/half_developed_homeworld_by_chaosfissure-dcy4dnn.png" height="200" width="133"/>            <media:content url="https://pre00.deviantart.net/db38/th/pre/f/2019/026/e/e/half_developed_homeworld_by_chaosfissure-dcy4dnn.png" height="1095" width="730" medium="image"/>            
            <description>&lt;i&gt;The interior lights reflected along the window as I gazed between the twin planets.&amp;nbsp; The re-entry was delayed yet again due to unexpected flight patterns of the behemoths soaring through my homeworld&#039;s atmosphere, which did nothing to quell my anxiety of remaining on this ship for longer than was absolutely necessary.&lt;/i&gt;&lt;br /&gt;&lt;br /&gt;Apo + Chaotica&lt;br /&gt;____________________________________&lt;br /&gt;This image, or modifications of this image, is not to be used, reuploaded, or redistributed in any form without my prior, written permission. &amp;#169; ChaosFissure 2019&lt;br /&gt;&lt;div&gt;&lt;img src=&quot;https://t00.deviantart.net/zUZDkp8wpYp6Czy_k3zc5LEhfs4=/300x200/filters:fixed_height(100,100):origin()/pre00/db38/th/pre/f/2019/026/e/e/half_developed_homeworld_by_chaosfissure-dcy4dnn.png&quot; alt=&quot;thumbnail&quot; /&gt;&lt;/div&gt;</description>            </item>
            </channel>
</rss>