<?xml version="1.0" encoding="utf-8"?>
<rss version="2.0" xmlns:media="http://search.yahoo.com/mrss/" xmlns:atom="http://www.w3.org/2005/Atom" xmlns:creativeCommons="http://backend.userland.com/creativeCommonsRssModule">
    <channel>
        <title>DeviantArt: Popular</title>
        <link>https://www.deviantart.com/popular-all-time/</link>
        <description>DeviantArt RSS for Popular</description>
        <language>en-us</language>
        <copyright>Copyright 2019, DeviantArt.com</copyright>
        <pubDate>Sat, 12 Jan 2019 15:29:21 PST</pubDate>

        <generator>DeviantArt.com</generator>
        <docs>http://blogs.law.harvard.edu/tech/rss</docs>
        <atom:icon>https://st.deviantart.net/minish/touch-icons/android-192.png</atom:icon>
        <atom:link type="application/rss+xml" rel="self" href="https://backend.deviantart.com/rss.xml?type=deviation&amp;order=9" />
        <atom:link rel="next" href="https://backend.deviantart.com/rss.xml?type=deviation&amp;order=9&amp;offset=60" />
        <item>
            <title>Guard</title>
            <link>https://wlop.deviantart.com/art/Guard-578845362</link>
            <guid isPermaLink="true">https://wlop.deviantart.com/art/Guard-578845362</guid>
            <pubDate>Sat, 19 Dec 2015 00:51:47 PST</pubDate>
            <media:title type="plain">Guard</media:title>
            <media:keywords></media:keywords>
            <media:rating>nonadult</media:rating>
            <media:category label="Landscapes &amp; Scenery">digitalart/paintings/landscapes</media:category>
            <media:credit role="author" scheme="urn:ebu">wlop</media:credit>
            <media:credit role="author" scheme="urn:ebu">https://a.deviantart.net/avatars/w/l/wlop.jpg?7</media:credit>
            <media:copyright url="https://wlop.deviantart.com">Copyright 2015-2019 wlop</media:copyright>
            <media:community>
                <media:tags>@wlopwangling</media:tags>
            </media:community>            <media:description type="html">&lt;b&gt;|&lt;a class=&quot;external&quot; href=&quot;https://www.deviantart.com/users/outgoing?https://www.facebook.com/pages/Wlop/129572140567260?ref=stream&quot;&gt;Facebook&lt;/a&gt;&amp;nbsp;|&amp;nbsp;&lt;a class=&quot;external&quot; href=&quot;https://www.deviantart.com/users/outgoing?https://www.patreon.com/wlop&quot;&gt;Patreon&lt;/a&gt;&amp;nbsp;|&amp;nbsp;&lt;a class=&quot;external&quot; href=&quot;https://www.deviantart.com/users/outgoing?http://wlopwangling.tumblr.com/&quot;&gt;Tumblr&lt;/a&gt;&amp;nbsp;|&amp;nbsp;&lt;a class=&quot;external&quot; href=&quot;https://www.deviantart.com/users/outgoing?https://twitter.com/wlopwangling&quot;&gt;Twitter&lt;/a&gt;&amp;nbsp;|&amp;nbsp;&lt;a class=&quot;external&quot; href=&quot;https://www.deviantart.com/users/outgoing?https://www.artstation.com/artist/wlop&quot;&gt;Artstation&lt;/a&gt;&amp;nbsp;|&amp;nbsp;&lt;a class=&quot;external&quot; href=&quot;https://www.deviantart.com/users/outgoing?http://tapastic.com/series/GhostBlade&quot;&gt;Tapastic&lt;/a&gt;|&lt;br /&gt;&lt;br /&gt;I&#039;ll always be here, behind you&lt;br /&gt;&lt;/b&gt;&lt;span&gt;&lt;br /&gt;I&#039;ll provide full normal speed video process on my patreon:&lt;/span&gt;&lt;a class=&quot;external&quot; href=&quot;https://www.deviantart.com/users/outgoing?https://www.patreon.com/wlop&quot;&gt;www.patreon.com/wlop&lt;/a&gt;&lt;br /&gt;&lt;span&gt;&lt;br /&gt;You can also support me on creating my own comic Ghostblade on my patreon:&amp;nbsp;&lt;/span&gt;&lt;a class=&quot;external&quot; href=&quot;https://www.deviantart.com/users/outgoing?https://www.patreon.com/wlop&quot;&gt;www.patreon.com/wlop&lt;/a&gt;&lt;br /&gt;&lt;br /&gt;&lt;span&gt;As rewards, you will get:&amp;nbsp;&lt;/span&gt;&lt;br /&gt;&lt;span&gt;&amp;gt; full size image&amp;nbsp;&lt;/span&gt;&lt;br /&gt;&lt;span&gt;&amp;gt; PSD file with steps in different layer, and brush set&amp;nbsp;&lt;/span&gt;&lt;br /&gt;&lt;span&gt;&amp;gt; HD, normal speed process video&lt;/span&gt;</media:description>            <media:thumbnail url="https://t00.deviantart.net/3QwGLWfEbA89cthiCtmbcxAzgL8=/fit-in/150x150/filters:no_upscale():origin()/pre00/1857/th/pre/i/2018/053/e/8/guard_by_wlop-d9kmnxu.jpg" height="84" width="150"/>            <media:thumbnail url="https://t00.deviantart.net/vzr4-uHtDR7zDTJ1HWReuE9F4Lg=/fit-in/300x900/filters:no_upscale():origin()/pre00/1857/th/pre/i/2018/053/e/8/guard_by_wlop-d9kmnxu.jpg" height="168" width="300"/>            <media:thumbnail url="https://t00.deviantart.net/NkyNt-CbTrTF3xChYBCmhd5i8Rc=/300x200/filters:fixed_height(100,100):origin()/pre00/1857/th/pre/i/2018/053/e/8/guard_by_wlop-d9kmnxu.jpg" height="168" width="300"/>            <media:content url="https://pre00.deviantart.net/1857/th/pre/i/2018/053/e/8/guard_by_wlop-d9kmnxu.jpg" height="668" width="1196" medium="image"/>
            <description>&lt;b&gt;|&lt;a class=&quot;external&quot; href=&quot;https://www.deviantart.com/users/outgoing?https://www.facebook.com/pages/Wlop/129572140567260?ref=stream&quot;&gt;Facebook&lt;/a&gt;&amp;nbsp;|&amp;nbsp;&lt;a class=&quot;external&quot; href=&quot;https://www.deviantart.com/users/outgoing?https://www.patreon.com/wlop&quot;&gt;Patreon&lt;/a&gt;&amp;nbsp;|&amp;nbsp;&lt;a class=&quot;external&quot; href=&quot;https://www.deviantart.com/users/outgoing?http://wlopwangling.tumblr.com/&quot;&gt;Tumblr&lt;/a&gt;&amp;nbsp;|&amp;nbsp;&lt;a class=&quot;external&quot; href=&quot;https://www.deviantart.com/users/outgoing?https://twitter.com/wlopwangling&quot;&gt;Twitter&lt;/a&gt;&amp;nbsp;|&amp;nbsp;&lt;a class=&quot;external&quot; href=&quot;https://www.deviantart.com/users/outgoing?https://www.artstation.com/artist/wlop&quot;&gt;Artstation&lt;/a&gt;&amp;nbsp;|&amp;nbsp;&lt;a class=&quot;external&quot; href=&quot;https://www.deviantart.com/users/outgoing?http://tapastic.com/series/GhostBlade&quot;&gt;Tapastic&lt;/a&gt;|&lt;br /&gt;&lt;br /&gt;I&#039;ll always be here, behind you&lt;br /&gt;&lt;/b&gt;&lt;span&gt;&lt;br /&gt;I&#039;ll provide full normal speed video process on my patreon:&lt;/span&gt;&lt;a class=&quot;external&quot; href=&quot;https://www.deviantart.com/users/outgoing?https://www.patreon.com/wlop&quot;&gt;www.patreon.com/wlop&lt;/a&gt;&lt;br /&gt;&lt;span&gt;&lt;br /&gt;You can also support me on creating my own comic Ghostblade on my patreon:&amp;nbsp;&lt;/span&gt;&lt;a class=&quot;external&quot; href=&quot;https://www.deviantart.com/users/outgoing?https://www.patreon.com/wlop&quot;&gt;www.patreon.com/wlop&lt;/a&gt;&lt;br /&gt;&lt;br /&gt;&lt;span&gt;As rewards, you will get:&amp;nbsp;&lt;/span&gt;&lt;br /&gt;&lt;span&gt;&amp;gt; full size image&amp;nbsp;&lt;/span&gt;&lt;br /&gt;&lt;span&gt;&amp;gt; PSD file with steps in different layer, and brush set&amp;nbsp;&lt;/span&gt;&lt;br /&gt;&lt;span&gt;&amp;gt; HD, normal speed process video&lt;/span&gt;&lt;br /&gt;&lt;div&gt;&lt;img src=&quot;https://t00.deviantart.net/NkyNt-CbTrTF3xChYBCmhd5i8Rc=/300x200/filters:fixed_height(100,100):origin()/pre00/1857/th/pre/i/2018/053/e/8/guard_by_wlop-d9kmnxu.jpg&quot; alt=&quot;thumbnail&quot; /&gt;&lt;/div&gt;</description>            </item>
        <item>
            <title>rays of reflection</title>
            <link>https://ssilence.deviantart.com/art/rays-of-reflection-1359942</link>
            <guid isPermaLink="true">https://ssilence.deviantart.com/art/rays-of-reflection-1359942</guid>
            <pubDate>Sat, 22 Feb 2003 06:47:10 PST</pubDate>
            <media:title type="plain">rays of reflection</media:title>
            <media:keywords></media:keywords>
            <media:rating>nonadult</media:rating>
            <media:category label="Landscapes">photography/nature/landscapes</media:category>
            <media:credit role="author" scheme="urn:ebu">ssilence</media:credit>
            <media:credit role="author" scheme="urn:ebu">https://a.deviantart.net/avatars/s/s/ssilence.gif</media:credit>
            <media:copyright url="https://ssilence.deviantart.com">Copyright 2003-2019 ssilence</media:copyright>            <media:description type="html">Shot today in a little wood, near the town!</media:description>            <media:thumbnail url="https://t00.deviantart.net/eVMPCCfWAkvMmZpZagfJj6_MMOU=/fit-in/150x150/filters:no_upscale():origin()/pre00/ce06/th/pre/f/2008/190/e/d/rays_of_reflection_by_ssilence.jpg" height="150" width="114"/>            <media:thumbnail url="https://t00.deviantart.net/OjHvqsQUWUvfbCZ5wvD1Ztd8IqE=/fit-in/300x900/filters:no_upscale():origin()/pre00/ce06/th/pre/f/2008/190/e/d/rays_of_reflection_by_ssilence.jpg" height="396" width="300"/>            <media:thumbnail url="https://t00.deviantart.net/pyodvZzNqwKRcpF12lp-FvCslsg=/300x200/filters:fixed_height(100,100):origin()/pre00/ce06/th/pre/f/2008/190/e/d/rays_of_reflection_by_ssilence.jpg" height="200" width="152"/>            <media:content url="https://orig00.deviantart.net/8d94/f/2008/190/e/d/rays_of_reflection_by_ssilence.jpg" height="825" width="625" medium="image"/>
            <description>Shot today in a little wood, near the town!&lt;br /&gt;&lt;div&gt;&lt;img src=&quot;https://t00.deviantart.net/pyodvZzNqwKRcpF12lp-FvCslsg=/300x200/filters:fixed_height(100,100):origin()/pre00/ce06/th/pre/f/2008/190/e/d/rays_of_reflection_by_ssilence.jpg&quot; alt=&quot;thumbnail&quot; /&gt;&lt;/div&gt;</description>            </item>
        <item>
            <title>hades and persephone 2</title>
            <link>https://sandara.deviantart.com/art/hades-and-persephone-2-210920648</link>
            <guid isPermaLink="true">https://sandara.deviantart.com/art/hades-and-persephone-2-210920648</guid>
            <pubDate>Sun, 29 May 2011 23:02:30 PDT</pubDate>
            <media:title type="plain">hades and persephone 2</media:title>
            <media:keywords></media:keywords>
            <media:rating>nonadult</media:rating>
            <media:category label="Fantasy">digitalart/paintings/fantasy</media:category>
            <media:credit role="author" scheme="urn:ebu">sandara</media:credit>
            <media:credit role="author" scheme="urn:ebu">https://a.deviantart.net/avatars/s/a/sandara.jpg</media:credit>
            <media:copyright url="https://sandara.deviantart.com">Copyright 2011-2019 sandara</media:copyright>            <media:description type="html">You can now buy this print as a laptop, ipad or iphone skin here! &lt;img src=&quot;http://e.deviantart.net/emoticons/s/smile.gif&quot; width=&quot;15&quot; height=&quot;15&quot; alt=&quot;:)&quot; data-embed-type=&quot;emoticon&quot; data-embed-id=&quot;391&quot; title=&quot;:) (Smile)&quot;/&gt;&lt;br /&gt;&lt;br /&gt;&lt;a class=&quot;external&quot; href=&quot;http://www.deviantart.com/users/outgoing?http://society6.com/sandara/Hades-and-Persephone-s41_Laptop-Skin&quot;&gt;society6.com/sandara/Hades-and&amp;hellip;&lt;/a&gt;&lt;br /&gt;&lt;br /&gt;&lt;br /&gt;EDIT : thank you everyone who fav&#039;ed and commented on this pic! i&#039;m totally blown away by the response here. i never expected so many people would like this pic so much! so... a big thank you to all of you! &lt;img src=&quot;http://e.deviantart.net/emoticons/h/heart.gif&quot; width=&quot;15&quot; height=&quot;13&quot; alt=&quot;:heart:&quot; data-embed-type=&quot;emoticon&quot; data-embed-id=&quot;357&quot; title=&quot;Heart&quot;/&gt;&lt;br /&gt;&lt;br /&gt;...&lt;br /&gt;she&#039;s not dead, just fainted.&lt;br /&gt;&lt;br /&gt;oh, and also, pose ref from : &lt;a href=&quot;http://fav.me/d25yyd1&quot;&gt;fav.me/d25yyd1&lt;/a&gt;&lt;br /&gt;&lt;br /&gt;AND.... here&#039;s the original sketch of the couple from 2008 &lt;br /&gt;&lt;br /&gt;(omg so long ago) which i had said i would repaint, but i didn&#039;t lol. &lt;a href=&quot;http://fav.me/d1ifk16&quot;&gt;fav.me/d1ifk16&lt;/a&gt;&lt;br /&gt;&lt;br /&gt;---------------------&lt;br /&gt;&lt;br /&gt;iconlilachiccups: wrote a pretty long story based on this &lt;img src=&quot;http://e.deviantart.net/emoticons/s/smile.gif&quot; width=&quot;15&quot; height=&quot;15&quot; alt=&quot;:)&quot; data-embed-type=&quot;emoticon&quot; data-embed-id=&quot;391&quot; title=&quot;:) (Smile)&quot;/&gt; &lt;a href=&quot;http://lilachiccups.deviantart.com/art/Petals-and-Ash-Part-1-298058276&quot;&gt;lilachiccups.deviantart.com/ar&amp;hellip;&lt;/a&gt;&lt;br /&gt;&lt;br /&gt;&lt;a target=&quot;_self&quot; href=&quot;http://alexiathehedgehog123.deviantart.com/&quot; &gt;&lt;img class=&quot;avatar&quot; width=&quot;50&quot; height=&quot;50&quot; src=&quot;http://a.deviantart.net/avatars/a/l/alexiathehedgehog123.jpg?8&quot; alt=&quot;:iconalexiathehedgehog123:&quot; title=&quot;AlexiatheHedgehog123&quot; /&gt;&lt;/a&gt; wrote a short story based on this pic : &lt;a href=&quot;http://alexiathehedgehog123.deviantart.com/art/Temptation-211092936&quot;&gt;alexiathehedgehog123.deviantar&amp;hellip;&lt;/a&gt;&lt;br /&gt;&lt;img src=&quot;http://e.deviantart.net/emoticons/s/smile.gif&quot; width=&quot;15&quot; height=&quot;15&quot; alt=&quot;:)&quot; data-embed-type=&quot;emoticon&quot; data-embed-id=&quot;391&quot; title=&quot;:) (Smile)&quot;/&gt;&lt;br /&gt;&lt;br /&gt;&lt;a target=&quot;_self&quot; href=&quot;http://ramenowl.deviantart.com/&quot; &gt;&lt;img class=&quot;avatar&quot; width=&quot;50&quot; height=&quot;50&quot; src=&quot;http://a.deviantart.net/avatars/r/a/ramenowl.jpg?7&quot; alt=&quot;:iconramenowl:&quot; title=&quot;RamenOwl&quot; /&gt;&lt;/a&gt; wrote a poem based on this:&lt;a href=&quot;http://ramenowl.deviantart.com/art/Inspired-211696009&quot;&gt;ramenowl.deviantart.com/art/In&amp;hellip;&lt;/a&gt;&lt;br /&gt;&lt;img src=&quot;http://e.deviantart.net/emoticons/s/smile.gif&quot; width=&quot;15&quot; height=&quot;15&quot; alt=&quot;:)&quot; data-embed-type=&quot;emoticon&quot; data-embed-id=&quot;391&quot; title=&quot;:) (Smile)&quot;/&gt; and also a story! : &lt;a href=&quot;http://fav.me/d3i1n8u&quot;&gt;fav.me/d3i1n8u&lt;/a&gt;&lt;br /&gt;&lt;br /&gt;&lt;a target=&quot;_self&quot; href=&quot;http://the-blue-wolf.deviantart.com/&quot; &gt;&lt;img class=&quot;avatar&quot; width=&quot;50&quot; height=&quot;50&quot; src=&quot;http://a.deviantart.net/avatars/t/h/the-blue-wolf.gif?3&quot; alt=&quot;:iconthe-blue-wolf:&quot; title=&quot;The-blue-wolf&quot; /&gt;&lt;/a&gt; wrote a poem based on this picture : &lt;a href=&quot;http://fav.me/d3izje6&quot;&gt;fav.me/d3izje6&lt;/a&gt; &lt;img src=&quot;http://e.deviantart.net/emoticons/s/smile.gif&quot; width=&quot;15&quot; height=&quot;15&quot; alt=&quot;:)&quot; data-embed-type=&quot;emoticon&quot; data-embed-id=&quot;391&quot; title=&quot;:) (Smile)&quot;/&gt;&lt;br /&gt;&lt;br /&gt;&lt;a target=&quot;_self&quot; href=&quot;http://al130.deviantart.com/&quot; &gt;&lt;img class=&quot;avatar&quot; width=&quot;50&quot; height=&quot;50&quot; src=&quot;http://a.deviantart.net/avatars/a/l/al130.jpg?1&quot; alt=&quot;:iconal130:&quot; title=&quot;al130&quot; /&gt;&lt;/a&gt; wrote a series of poems inspired by this image : &lt;a href=&quot;http://fav.me/d3l8el6&quot;&gt;fav.me/d3l8el6&lt;/a&gt; &lt;br /&gt;&lt;br /&gt;&lt;a target=&quot;_self&quot; href=&quot;http://xxdark-maidenxx.deviantart.com/&quot; &gt;&lt;img class=&quot;avatar&quot; width=&quot;50&quot; height=&quot;50&quot; src=&quot;http://a.deviantart.net/avatars/x/x/xxdark-maidenxx.jpg?4&quot; alt=&quot;:iconxxdark-maidenxx:&quot; title=&quot;XxDark-MaidenxX&quot; /&gt;&lt;/a&gt; wrote a poem based on this pic : &lt;a href=&quot;http://fav.me/d3law74&quot;&gt;fav.me/d3law74&lt;/a&gt;&lt;br /&gt;&lt;br /&gt;&lt;a target=&quot;_self&quot; href=&quot;http://kkunkitty.deviantart.com/&quot; &gt;&lt;img class=&quot;avatar&quot; width=&quot;50&quot; height=&quot;50&quot; src=&quot;http://a.deviantart.net/avatars/k/k/kkunkitty.png?4&quot; alt=&quot;:iconkkunkitty:&quot; title=&quot;kkunkitty&quot; /&gt;&lt;/a&gt; wrote a short piece for it here : &lt;a href=&quot;http://kkunkitty.deviantart.com/art/His-Outstretched-Tentative-Hand-334890885&quot;&gt;kkunkitty.deviantart.com/art/H&amp;hellip;&lt;/a&gt;&lt;br /&gt;&lt;br /&gt;&lt;a target=&quot;_self&quot; href=&quot;http://writingbycandlelight.deviantart.com/&quot; &gt;&lt;img class=&quot;avatar&quot; width=&quot;50&quot; height=&quot;50&quot; src=&quot;http://a.deviantart.net/avatars/w/r/writingbycandlelight.gif?2&quot; alt=&quot;:iconwritingbycandlelight:&quot; title=&quot;WritingByCandlelight&quot; /&gt;&lt;/a&gt; wrote a story based on this image :&lt;a href=&quot;http://writingbycandlelight.deviantart.com/art/Hades-and-Persephone-Part-1-341232452&quot;&gt;writingbycandlelight.deviantar&amp;hellip;&lt;/a&gt;&lt;br /&gt;&lt;br /&gt;&lt;a target=&quot;_self&quot; href=&quot;http://shearwaterhydrangea.deviantart.com/&quot; &gt;&lt;img class=&quot;avatar&quot; width=&quot;50&quot; height=&quot;50&quot; src=&quot;http://a.deviantart.net/avatars/s/h/shearwaterhydrangea.jpg?3&quot; alt=&quot;:iconshearwaterhydrangea:&quot; title=&quot;ShearwaterHydrangea&quot; /&gt;&lt;/a&gt; wrote a poem inspired by this pic : &lt;a href=&quot;http://shearwaterhydrangea.deviantart.com/art/Hades-and-Persephone-430204527&quot;&gt;shearwaterhydrangea.deviantart&amp;hellip;&lt;/a&gt;&lt;br /&gt;&lt;br /&gt;&lt;a href=&quot;http://hammer777.deviantart.com/art/Hades-Wasn-t-Cold-505271223&quot;&gt;&lt;a target=&quot;_self&quot; href=&quot;http://hammer777.deviantart.com/&quot; &gt;&lt;img class=&quot;avatar&quot; width=&quot;50&quot; height=&quot;50&quot; src=&quot;http://a.deviantart.net/avatars/h/a/hammer777.jpg?1&quot; alt=&quot;:iconhammer777:&quot; title=&quot;hammer777&quot; /&gt;&lt;/a&gt; wrote a short story inspired by this pic : &lt;/a&gt;&lt;a href=&quot;http://hammer777.deviantart.com/art/Hades-Wasn-t-Cold-505271223&quot;&gt;Hades Wasn&#039;t Cold&lt;/a&gt;&lt;br /&gt;&lt;br /&gt;&lt;br /&gt;&lt;a href=&quot;http://atticraiders.deviantart.com/art/Faint-of-Heart-Persephone-and-Hades-Romance-513090101?ga_submit_new=10%253A1423601768&quot;&gt;&lt;a target=&quot;_self&quot; href=&quot;http://atticraiders.deviantart.com/&quot; &gt;&lt;img class=&quot;avatar&quot; width=&quot;50&quot; height=&quot;50&quot; src=&quot;http://a.deviantart.net/avatars/a/t/atticraiders.jpg?2&quot; alt=&quot;:iconatticraiders:&quot; title=&quot;AtticRaiders&quot; /&gt;&lt;/a&gt; did a photoshoot based on this!&lt;br /&gt;&amp;nbsp;Faint of Heart - &lt;/a&gt;&lt;a href=&quot;http://atticraiders.deviantart.com/art/Faint-of-Heart-Persephone-and-Hades-Romance-513090101&quot;&gt;Faint of Heart - Persephone and Hades Romance&lt;/a&gt;&lt;br /&gt;---------------------&lt;br /&gt;&lt;br /&gt;omg! Someone tattooed this on their leg! &lt;a class=&quot;external&quot; href=&quot;http://www.deviantart.com/users/outgoing?https://www.facebook.com/photo.php?fbid=562387567131902&amp;set=pb.138036782900318.-2207520000.1379904353.&amp;amp;type=3&amp;amp;theater&quot;&gt;www.facebook.com/photo.php?fbi&amp;hellip;&lt;/a&gt;&lt;br /&gt;Thank you! &lt;img src=&quot;http://e.deviantart.net/emoticons/b/biggrin.gif&quot; width=&quot;15&quot; height=&quot;15&quot; alt=&quot;:D&quot; data-embed-type=&quot;emoticon&quot; data-embed-id=&quot;366&quot; title=&quot;:D (Big Grin)&quot;/&gt; I&#039;m honored! It was done by Sarah Miller, looks great!&lt;br /&gt;&lt;br /&gt;&lt;br /&gt;large wallpaper version here : &lt;a href=&quot;http://sandara.deviantart.com/art/HnP2-wallpaper-211228898&quot;&gt;sandara.deviantart.com/art/HnP&amp;hellip;&lt;/a&gt;</media:description>            <media:thumbnail url="https://t00.deviantart.net/oSVAd9oEodHyKNAeKLBLFIWso90=/fit-in/150x150/filters:no_upscale():origin()/pre00/8b18/th/pre/f/2017/068/d/5/hades_and_persephone_2_by_sandara-d3hkrew.jpg" height="94" width="150"/>            <media:thumbnail url="https://t00.deviantart.net/xzttbNk_2Bvm_UhYx3VHR82kN9s=/fit-in/300x900/filters:no_upscale():origin()/pre00/8b18/th/pre/f/2017/068/d/5/hades_and_persephone_2_by_sandara-d3hkrew.jpg" height="188" width="300"/>            <media:thumbnail url="https://t00.deviantart.net/fjIV6iQBnAVxDMt-9bWmcZYYyoI=/300x200/filters:fixed_height(100,100):origin()/pre00/8b18/th/pre/f/2017/068/d/5/hades_and_persephone_2_by_sandara-d3hkrew.jpg" height="188" width="300"/>            <media:content url="https://pre00.deviantart.net/8b18/th/pre/f/2017/068/d/5/hades_and_persephone_2_by_sandara-d3hkrew.jpg" height="708" width="1129" medium="image"/>
            <description>You can now buy this print as a laptop, ipad or iphone skin here! &lt;img src=&quot;http://e.deviantart.net/emoticons/s/smile.gif&quot; width=&quot;15&quot; height=&quot;15&quot; alt=&quot;:)&quot; data-embed-type=&quot;emoticon&quot; data-embed-id=&quot;391&quot; title=&quot;:) (Smile)&quot;/&gt;&lt;br /&gt;&lt;br /&gt;&lt;a class=&quot;external&quot; href=&quot;http://www.deviantart.com/users/outgoing?http://society6.com/sandara/Hades-and-Persephone-s41_Laptop-Skin&quot;&gt;society6.com/sandara/Hades-and&amp;hellip;&lt;/a&gt;&lt;br /&gt;&lt;br /&gt;&lt;br /&gt;EDIT : thank you everyone who fav&#039;ed and commented on this pic! i&#039;m totally blown away by the response here. i never expected so many people would like this pic so much! so... a big thank you to all of you! &lt;img src=&quot;http://e.deviantart.net/emoticons/h/heart.gif&quot; width=&quot;15&quot; height=&quot;13&quot; alt=&quot;:heart:&quot; data-embed-type=&quot;emoticon&quot; data-embed-id=&quot;357&quot; title=&quot;Heart&quot;/&gt;&lt;br /&gt;&lt;br /&gt;...&lt;br /&gt;she&#039;s not dead, just fainted.&lt;br /&gt;&lt;br /&gt;oh, and also, pose ref from : &lt;a href=&quot;http://fav.me/d25yyd1&quot;&gt;fav.me/d25yyd1&lt;/a&gt;&lt;br /&gt;&lt;br /&gt;AND.... here&#039;s the original sketch of the couple from 2008 &lt;br /&gt;&lt;br /&gt;(omg so long ago) which i had said i would repaint, but i didn&#039;t lol. &lt;a href=&quot;http://fav.me/d1ifk16&quot;&gt;fav.me/d1ifk16&lt;/a&gt;&lt;br /&gt;&lt;br /&gt;---------------------&lt;br /&gt;&lt;br /&gt;iconlilachiccups: wrote a pretty long story based on this &lt;img src=&quot;http://e.deviantart.net/emoticons/s/smile.gif&quot; width=&quot;15&quot; height=&quot;15&quot; alt=&quot;:)&quot; data-embed-type=&quot;emoticon&quot; data-embed-id=&quot;391&quot; title=&quot;:) (Smile)&quot;/&gt; &lt;a href=&quot;http://lilachiccups.deviantart.com/art/Petals-and-Ash-Part-1-298058276&quot;&gt;lilachiccups.deviantart.com/ar&amp;hellip;&lt;/a&gt;&lt;br /&gt;&lt;br /&gt;&lt;a target=&quot;_self&quot; href=&quot;http://alexiathehedgehog123.deviantart.com/&quot; &gt;&lt;img class=&quot;avatar&quot; width=&quot;50&quot; height=&quot;50&quot; src=&quot;http://a.deviantart.net/avatars/a/l/alexiathehedgehog123.jpg?8&quot; alt=&quot;:iconalexiathehedgehog123:&quot; title=&quot;AlexiatheHedgehog123&quot; /&gt;&lt;/a&gt; wrote a short story based on this pic : &lt;a href=&quot;http://alexiathehedgehog123.deviantart.com/art/Temptation-211092936&quot;&gt;alexiathehedgehog123.deviantar&amp;hellip;&lt;/a&gt;&lt;br /&gt;&lt;img src=&quot;http://e.deviantart.net/emoticons/s/smile.gif&quot; width=&quot;15&quot; height=&quot;15&quot; alt=&quot;:)&quot; data-embed-type=&quot;emoticon&quot; data-embed-id=&quot;391&quot; title=&quot;:) (Smile)&quot;/&gt;&lt;br /&gt;&lt;br /&gt;&lt;a target=&quot;_self&quot; href=&quot;http://ramenowl.deviantart.com/&quot; &gt;&lt;img class=&quot;avatar&quot; width=&quot;50&quot; height=&quot;50&quot; src=&quot;http://a.deviantart.net/avatars/r/a/ramenowl.jpg?7&quot; alt=&quot;:iconramenowl:&quot; title=&quot;RamenOwl&quot; /&gt;&lt;/a&gt; wrote a poem based on this:&lt;a href=&quot;http://ramenowl.deviantart.com/art/Inspired-211696009&quot;&gt;ramenowl.deviantart.com/art/In&amp;hellip;&lt;/a&gt;&lt;br /&gt;&lt;img src=&quot;http://e.deviantart.net/emoticons/s/smile.gif&quot; width=&quot;15&quot; height=&quot;15&quot; alt=&quot;:)&quot; data-embed-type=&quot;emoticon&quot; data-embed-id=&quot;391&quot; title=&quot;:) (Smile)&quot;/&gt; and also a story! : &lt;a href=&quot;http://fav.me/d3i1n8u&quot;&gt;fav.me/d3i1n8u&lt;/a&gt;&lt;br /&gt;&lt;br /&gt;&lt;a target=&quot;_self&quot; href=&quot;http://the-blue-wolf.deviantart.com/&quot; &gt;&lt;img class=&quot;avatar&quot; width=&quot;50&quot; height=&quot;50&quot; src=&quot;http://a.deviantart.net/avatars/t/h/the-blue-wolf.gif?3&quot; alt=&quot;:iconthe-blue-wolf:&quot; title=&quot;The-blue-wolf&quot; /&gt;&lt;/a&gt; wrote a poem based on this picture : &lt;a href=&quot;http://fav.me/d3izje6&quot;&gt;fav.me/d3izje6&lt;/a&gt; &lt;img src=&quot;http://e.deviantart.net/emoticons/s/smile.gif&quot; width=&quot;15&quot; height=&quot;15&quot; alt=&quot;:)&quot; data-embed-type=&quot;emoticon&quot; data-embed-id=&quot;391&quot; title=&quot;:) (Smile)&quot;/&gt;&lt;br /&gt;&lt;br /&gt;&lt;a target=&quot;_self&quot; href=&quot;http://al130.deviantart.com/&quot; &gt;&lt;img class=&quot;avatar&quot; width=&quot;50&quot; height=&quot;50&quot; src=&quot;http://a.deviantart.net/avatars/a/l/al130.jpg?1&quot; alt=&quot;:iconal130:&quot; title=&quot;al130&quot; /&gt;&lt;/a&gt; wrote a series of poems inspired by this image : &lt;a href=&quot;http://fav.me/d3l8el6&quot;&gt;fav.me/d3l8el6&lt;/a&gt; &lt;br /&gt;&lt;br /&gt;&lt;a target=&quot;_self&quot; href=&quot;http://xxdark-maidenxx.deviantart.com/&quot; &gt;&lt;img class=&quot;avatar&quot; width=&quot;50&quot; height=&quot;50&quot; src=&quot;http://a.deviantart.net/avatars/x/x/xxdark-maidenxx.jpg?4&quot; alt=&quot;:iconxxdark-maidenxx:&quot; title=&quot;XxDark-MaidenxX&quot; /&gt;&lt;/a&gt; wrote a poem based on this pic : &lt;a href=&quot;http://fav.me/d3law74&quot;&gt;fav.me/d3law74&lt;/a&gt;&lt;br /&gt;&lt;br /&gt;&lt;a target=&quot;_self&quot; href=&quot;http://kkunkitty.deviantart.com/&quot; &gt;&lt;img class=&quot;avatar&quot; width=&quot;50&quot; height=&quot;50&quot; src=&quot;http://a.deviantart.net/avatars/k/k/kkunkitty.png?4&quot; alt=&quot;:iconkkunkitty:&quot; title=&quot;kkunkitty&quot; /&gt;&lt;/a&gt; wrote a short piece for it here : &lt;a href=&quot;http://kkunkitty.deviantart.com/art/His-Outstretched-Tentative-Hand-334890885&quot;&gt;kkunkitty.deviantart.com/art/H&amp;hellip;&lt;/a&gt;&lt;br /&gt;&lt;br /&gt;&lt;a target=&quot;_self&quot; href=&quot;http://writingbycandlelight.deviantart.com/&quot; &gt;&lt;img class=&quot;avatar&quot; width=&quot;50&quot; height=&quot;50&quot; src=&quot;http://a.deviantart.net/avatars/w/r/writingbycandlelight.gif?2&quot; alt=&quot;:iconwritingbycandlelight:&quot; title=&quot;WritingByCandlelight&quot; /&gt;&lt;/a&gt; wrote a story based on this image :&lt;a href=&quot;http://writingbycandlelight.deviantart.com/art/Hades-and-Persephone-Part-1-341232452&quot;&gt;writingbycandlelight.deviantar&amp;hellip;&lt;/a&gt;&lt;br /&gt;&lt;br /&gt;&lt;a target=&quot;_self&quot; href=&quot;http://shearwaterhydrangea.deviantart.com/&quot; &gt;&lt;img class=&quot;avatar&quot; width=&quot;50&quot; height=&quot;50&quot; src=&quot;http://a.deviantart.net/avatars/s/h/shearwaterhydrangea.jpg?3&quot; alt=&quot;:iconshearwaterhydrangea:&quot; title=&quot;ShearwaterHydrangea&quot; /&gt;&lt;/a&gt; wrote a poem inspired by this pic : &lt;a href=&quot;http://shearwaterhydrangea.deviantart.com/art/Hades-and-Persephone-430204527&quot;&gt;shearwaterhydrangea.deviantart&amp;hellip;&lt;/a&gt;&lt;br /&gt;&lt;br /&gt;&lt;a href=&quot;http://hammer777.deviantart.com/art/Hades-Wasn-t-Cold-505271223&quot;&gt;&lt;a target=&quot;_self&quot; href=&quot;http://hammer777.deviantart.com/&quot; &gt;&lt;img class=&quot;avatar&quot; width=&quot;50&quot; height=&quot;50&quot; src=&quot;http://a.deviantart.net/avatars/h/a/hammer777.jpg?1&quot; alt=&quot;:iconhammer777:&quot; title=&quot;hammer777&quot; /&gt;&lt;/a&gt; wrote a short story inspired by this pic : &lt;/a&gt;&lt;a href=&quot;http://hammer777.deviantart.com/art/Hades-Wasn-t-Cold-505271223&quot;&gt;Hades Wasn&#039;t Cold&lt;/a&gt;&lt;br /&gt;&lt;br /&gt;&lt;br /&gt;&lt;a href=&quot;http://atticraiders.deviantart.com/art/Faint-of-Heart-Persephone-and-Hades-Romance-513090101?ga_submit_new=10%253A1423601768&quot;&gt;&lt;a target=&quot;_self&quot; href=&quot;http://atticraiders.deviantart.com/&quot; &gt;&lt;img class=&quot;avatar&quot; width=&quot;50&quot; height=&quot;50&quot; src=&quot;http://a.deviantart.net/avatars/a/t/atticraiders.jpg?2&quot; alt=&quot;:iconatticraiders:&quot; title=&quot;AtticRaiders&quot; /&gt;&lt;/a&gt; did a photoshoot based on this!&lt;br /&gt;&amp;nbsp;Faint of Heart - &lt;/a&gt;&lt;a href=&quot;http://atticraiders.deviantart.com/art/Faint-of-Heart-Persephone-and-Hades-Romance-513090101&quot;&gt;Faint of Heart - Persephone and Hades Romance&lt;/a&gt;&lt;br /&gt;---------------------&lt;br /&gt;&lt;br /&gt;omg! Someone tattooed this on their leg! &lt;a class=&quot;external&quot; href=&quot;http://www.deviantart.com/users/outgoing?https://www.facebook.com/photo.php?fbid=562387567131902&amp;set=pb.138036782900318.-2207520000.1379904353.&amp;amp;type=3&amp;amp;theater&quot;&gt;www.facebook.com/photo.php?fbi&amp;hellip;&lt;/a&gt;&lt;br /&gt;Thank you! &lt;img src=&quot;http://e.deviantart.net/emoticons/b/biggrin.gif&quot; width=&quot;15&quot; height=&quot;15&quot; alt=&quot;:D&quot; data-embed-type=&quot;emoticon&quot; data-embed-id=&quot;366&quot; title=&quot;:D (Big Grin)&quot;/&gt; I&#039;m honored! It was done by Sarah Miller, looks great!&lt;br /&gt;&lt;br /&gt;&lt;br /&gt;large wallpaper version here : &lt;a href=&quot;http://sandara.deviantart.com/art/HnP2-wallpaper-211228898&quot;&gt;sandara.deviantart.com/art/HnP&amp;hellip;&lt;/a&gt;&lt;br /&gt;&lt;div&gt;&lt;img src=&quot;https://t00.deviantart.net/fjIV6iQBnAVxDMt-9bWmcZYYyoI=/300x200/filters:fixed_height(100,100):origin()/pre00/8b18/th/pre/f/2017/068/d/5/hades_and_persephone_2_by_sandara-d3hkrew.jpg&quot; alt=&quot;thumbnail&quot; /&gt;&lt;/div&gt;</description>            </item>
        <item>
            <title>Pony Creator Full Version</title>
            <link>https://generalzoi.deviantart.com/art/Pony-Creator-Full-Version-254295904</link>
            <guid isPermaLink="true">https://generalzoi.deviantart.com/art/Pony-Creator-Full-Version-254295904</guid>
            <pubDate>Sun, 21 Aug 2011 18:26:33 PDT</pubDate>
            <media:title type="plain">Pony Creator Full Version</media:title>
            <media:keywords></media:keywords>
            <media:rating>nonadult</media:rating>
            <media:category label="Games">flash/games</media:category>
            <media:credit role="author" scheme="urn:ebu">generalzoi</media:credit>
            <media:credit role="author" scheme="urn:ebu">https://a.deviantart.net/avatars/g/e/generalzoi.png</media:credit>
            <media:copyright url="https://generalzoi.deviantart.com">Copyright 2011-2019 generalzoi</media:copyright>            <media:description type="html">&lt;h1&gt;Hey everyone!&lt;/h1&gt; &lt;a class=&quot;external&quot; href=&quot;http://www.deviantart.com/users/outgoing?https://play.google.com/store/apps/details?id=air.zoi.ponycreator&quot;&gt;The Pony Creator is now available in app form for Android!&lt;/a&gt; The iOS version is coming. Check out my &lt;a class=&quot;external&quot; href=&quot;http://www.deviantart.com/users/outgoing?http://ponycreator.tumblr.com/post/53722189458/well-lets-talk-about-this-app-a-bit-shall-we&quot;&gt;Tumblr post&lt;/a&gt; and &lt;a class=&quot;external&quot; href=&quot;http://www.deviantart.com/users/outgoing?http://ponycreator.tumblr.com/tagged/progress+shots&quot;&gt;progress shots&lt;/a&gt; to get a preview of the app.&lt;br /&gt;&lt;br /&gt;-----&lt;br /&gt;&lt;br /&gt;&lt;b&gt;Please ask permission before uploading this game to other sites.&lt;/b&gt;&lt;br /&gt;&lt;br /&gt;&lt;b&gt;&lt;a href=&quot;http://generalzoi.deviantart.com/journal/43484478/&quot;&gt;&lt;u&gt;I made a compilation post for everyone&#039;s ponycodes.&lt;/u&gt;&lt;/a&gt;&lt;/b&gt; If you want to share a code, please comment there!&lt;br /&gt;&lt;br /&gt;&lt;br /&gt;Well! A little late, but we all managed, didn&#039;t we? I had initially imagined I&#039;d have a lot to say here, but darn if it isn&#039;t slipping my mind. Let&#039;s have a quick rundown:&lt;br /&gt;&lt;br /&gt;This new game is much more complex than the previous version. As such, there is an in-game Help. PLEASE READ IT.&lt;br /&gt;&lt;br /&gt;I did my best with the credits, but if I forgot to credit you for something, or you&#039;d like to use a different name/website on the credits screen, just let me know.&lt;br /&gt;&lt;br /&gt;&lt;b&gt;NOTES&lt;/b&gt;&lt;br /&gt;The new method for importing cutie marks doesn&#039;t seem to like high resolution images as much. Keep in mind, the cutie mark when the pony is medium size is only 38x38 pixels, so if the image is too large the scaling will make the image impossible to see. If you import an image and it looks like nothing happened, try using a lower resolution image.&lt;br /&gt;&lt;br /&gt;You need at least Flash Player 10 to be able to import cutie marks and export images. &lt;a class=&quot;external&quot; href=&quot;http://www.deviantart.com/users/outgoing?http://www.adobe.com/software/flash/about/&quot;&gt;&lt;u&gt;You can check your version of Flash player and update it on the Adobe website.&lt;/u&gt;&lt;/a&gt;&lt;br /&gt;&lt;br /&gt;&lt;b&gt;Some important points:&lt;/b&gt;&lt;br /&gt;&lt;ul&gt;&lt;br /&gt; &lt;li&gt;&lt;b&gt;Yes,&lt;/b&gt; you can share images from the game. If you upload them to dA though, they need to go in your Scrapbook as per &lt;a href=&quot;http://help.deviantart.com/502/&quot;&gt;dA policy.&lt;/a&gt;&lt;/li&gt;&lt;br /&gt; &lt;li&gt;&lt;b&gt;Yes,&lt;/b&gt; you can make &lt;b&gt;free&lt;/b&gt; adoptables. Adoptables may not be sold for money or dA points.&lt;/li&gt;&lt;br /&gt; &lt;li&gt;&lt;b&gt;Yes,&lt;/b&gt; there are some bugs in the game. I talk about most of them in the Help, but if you see anything else egregious let me know!&lt;/li&gt;&lt;br /&gt; &lt;li&gt;&lt;b&gt;No,&lt;/b&gt; I am not accepting further suggestions or content. This is it, guys. I think there&#039;s plenty here to entertain you.&lt;/li&gt;&lt;br /&gt; &lt;li&gt;&lt;b&gt;No,&lt;/b&gt; you may not post the game itself to your website or any other place to share Flash files.&lt;/li&gt;&lt;br /&gt;&lt;li&gt;The &lt;b&gt;ponycode&lt;/b&gt; is different from the &lt;b&gt;accessory code&lt;/b&gt; and the &lt;b&gt;pose code&lt;/b&gt;. Each window has it&#039;s own code, because the code would have been too long to put all together. Make sure you&#039;re saving the correct code!&lt;/li&gt;&lt;br /&gt;&lt;li&gt;I don&#039;t care if you manipulate the image you get from the game. Seriously, draw on it, add to it, do whatever you like. You don&#039;t have to ask my permission to draw on an image.&lt;/li&gt;&lt;br /&gt;&lt;/ul&gt;&lt;br /&gt;&lt;br /&gt;Pony Creator © 2011 General Zoi&lt;br /&gt;My Little Pony © Hasbro&lt;br /&gt;&lt;a class=&quot;external&quot; href=&quot;http://www.deviantart.com/users/outgoing?http://www.mspaintadventures.com/?s=6&quot;&gt;Homestuck&lt;/a&gt; © Andrew Hussie&lt;br /&gt;Avatar: The Last Airbender © Nickelodeon&lt;br /&gt;&lt;br /&gt;&lt;br /&gt;Disabling comments because it got to be a bit much for me to handle! The &lt;a href=&quot;http://generalzoi.deviantart.com/journal/43484478/&quot;&gt;&lt;u&gt;Ponycode Compilation Post&lt;/u&gt;&lt;/a&gt; is still open!</media:description>            <media:thumbnail url="https://img00.deviantart.net/baa4/i/2011/241/b/9/pony_creator_full_version_by_generalzoi-d47efz4.png" height="150" width="150"/>            <media:thumbnail url="https://img00.deviantart.net/baa4/i/2011/241/b/9/pony_creator_full_version_by_generalzoi-d47efz4.png" height="150" width="150"/>            <media:thumbnail url="https://img00.deviantart.net/baa4/i/2011/241/b/9/pony_creator_full_version_by_generalzoi-d47efz4.png" height="150" width="150"/>            <media:content url="https://img00.deviantart.net/baa4/i/2011/241/b/9/pony_creator_full_version_by_generalzoi-d47efz4.png" height="150" width="150"/>
            <description>&lt;h1&gt;Hey everyone!&lt;/h1&gt; &lt;a class=&quot;external&quot; href=&quot;http://www.deviantart.com/users/outgoing?https://play.google.com/store/apps/details?id=air.zoi.ponycreator&quot;&gt;The Pony Creator is now available in app form for Android!&lt;/a&gt; The iOS version is coming. Check out my &lt;a class=&quot;external&quot; href=&quot;http://www.deviantart.com/users/outgoing?http://ponycreator.tumblr.com/post/53722189458/well-lets-talk-about-this-app-a-bit-shall-we&quot;&gt;Tumblr post&lt;/a&gt; and &lt;a class=&quot;external&quot; href=&quot;http://www.deviantart.com/users/outgoing?http://ponycreator.tumblr.com/tagged/progress+shots&quot;&gt;progress shots&lt;/a&gt; to get a preview of the app.&lt;br /&gt;&lt;br /&gt;-----&lt;br /&gt;&lt;br /&gt;&lt;b&gt;Please ask permission before uploading this game to other sites.&lt;/b&gt;&lt;br /&gt;&lt;br /&gt;&lt;b&gt;&lt;a href=&quot;http://generalzoi.deviantart.com/journal/43484478/&quot;&gt;&lt;u&gt;I made a compilation post for everyone&#039;s ponycodes.&lt;/u&gt;&lt;/a&gt;&lt;/b&gt; If you want to share a code, please comment there!&lt;br /&gt;&lt;br /&gt;&lt;br /&gt;Well! A little late, but we all managed, didn&#039;t we? I had initially imagined I&#039;d have a lot to say here, but darn if it isn&#039;t slipping my mind. Let&#039;s have a quick rundown:&lt;br /&gt;&lt;br /&gt;This new game is much more complex than the previous version. As such, there is an in-game Help. PLEASE READ IT.&lt;br /&gt;&lt;br /&gt;I did my best with the credits, but if I forgot to credit you for something, or you&#039;d like to use a different name/website on the credits screen, just let me know.&lt;br /&gt;&lt;br /&gt;&lt;b&gt;NOTES&lt;/b&gt;&lt;br /&gt;The new method for importing cutie marks doesn&#039;t seem to like high resolution images as much. Keep in mind, the cutie mark when the pony is medium size is only 38x38 pixels, so if the image is too large the scaling will make the image impossible to see. If you import an image and it looks like nothing happened, try using a lower resolution image.&lt;br /&gt;&lt;br /&gt;You need at least Flash Player 10 to be able to import cutie marks and export images. &lt;a class=&quot;external&quot; href=&quot;http://www.deviantart.com/users/outgoing?http://www.adobe.com/software/flash/about/&quot;&gt;&lt;u&gt;You can check your version of Flash player and update it on the Adobe website.&lt;/u&gt;&lt;/a&gt;&lt;br /&gt;&lt;br /&gt;&lt;b&gt;Some important points:&lt;/b&gt;&lt;br /&gt;&lt;ul&gt;&lt;br /&gt; &lt;li&gt;&lt;b&gt;Yes,&lt;/b&gt; you can share images from the game. If you upload them to dA though, they need to go in your Scrapbook as per &lt;a href=&quot;http://help.deviantart.com/502/&quot;&gt;dA policy.&lt;/a&gt;&lt;/li&gt;&lt;br /&gt; &lt;li&gt;&lt;b&gt;Yes,&lt;/b&gt; you can make &lt;b&gt;free&lt;/b&gt; adoptables. Adoptables may not be sold for money or dA points.&lt;/li&gt;&lt;br /&gt; &lt;li&gt;&lt;b&gt;Yes,&lt;/b&gt; there are some bugs in the game. I talk about most of them in the Help, but if you see anything else egregious let me know!&lt;/li&gt;&lt;br /&gt; &lt;li&gt;&lt;b&gt;No,&lt;/b&gt; I am not accepting further suggestions or content. This is it, guys. I think there&#039;s plenty here to entertain you.&lt;/li&gt;&lt;br /&gt; &lt;li&gt;&lt;b&gt;No,&lt;/b&gt; you may not post the game itself to your website or any other place to share Flash files.&lt;/li&gt;&lt;br /&gt;&lt;li&gt;The &lt;b&gt;ponycode&lt;/b&gt; is different from the &lt;b&gt;accessory code&lt;/b&gt; and the &lt;b&gt;pose code&lt;/b&gt;. Each window has it&#039;s own code, because the code would have been too long to put all together. Make sure you&#039;re saving the correct code!&lt;/li&gt;&lt;br /&gt;&lt;li&gt;I don&#039;t care if you manipulate the image you get from the game. Seriously, draw on it, add to it, do whatever you like. You don&#039;t have to ask my permission to draw on an image.&lt;/li&gt;&lt;br /&gt;&lt;/ul&gt;&lt;br /&gt;&lt;br /&gt;Pony Creator © 2011 General Zoi&lt;br /&gt;My Little Pony © Hasbro&lt;br /&gt;&lt;a class=&quot;external&quot; href=&quot;http://www.deviantart.com/users/outgoing?http://www.mspaintadventures.com/?s=6&quot;&gt;Homestuck&lt;/a&gt; © Andrew Hussie&lt;br /&gt;Avatar: The Last Airbender © Nickelodeon&lt;br /&gt;&lt;br /&gt;&lt;br /&gt;Disabling comments because it got to be a bit much for me to handle! The &lt;a href=&quot;http://generalzoi.deviantart.com/journal/43484478/&quot;&gt;&lt;u&gt;Ponycode Compilation Post&lt;/u&gt;&lt;/a&gt; is still open!&lt;br /&gt;&lt;div&gt;&lt;img src=&quot;https://img00.deviantart.net/baa4/i/2011/241/b/9/pony_creator_full_version_by_generalzoi-d47efz4.png&quot; alt=&quot;thumbnail&quot; /&gt;&lt;/div&gt;</description>            </item>
        <item>
            <title>Countdown</title>
            <link>https://yuumei.deviantart.com/art/Countdown-217677913</link>
            <guid isPermaLink="true">https://yuumei.deviantart.com/art/Countdown-217677913</guid>
            <pubDate>Sun, 10 Jul 2011 09:16:08 PDT</pubDate>
            <media:title type="plain">Countdown</media:title>
            <media:keywords></media:keywords>
            <media:rating>nonadult</media:rating>
            <media:category label="Conceptual">digitalart/paintings/illustrations/conceptual</media:category>
            <media:credit role="author" scheme="urn:ebu">yuumei</media:credit>
            <media:credit role="author" scheme="urn:ebu">https://a.deviantart.net/avatars/y/u/yuumei.gif?4</media:credit>
            <media:copyright url="https://yuumei.deviantart.com">Copyright 2011-2019 yuumei</media:copyright>            <media:description type="html">&lt;b&gt;&lt;a class=&quot;external&quot; href=&quot;http://www.deviantart.com/users/outgoing?http://yuumeiart.com/&quot;&gt;YUUMEIART.COM&lt;/a&gt;&lt;/b&gt;&lt;b&gt;&lt;img src=&quot;http://e.deviantart.net/emoticons/b/bulletred.gif&quot; width=&quot;10&quot; height=&quot;10&quot; alt=&quot;:bulletred:&quot; data-embed-type=&quot;emoticon&quot; data-embed-id=&quot;210&quot; title=&quot;Bullet; Red&quot;/&gt;&lt;a class=&quot;external&quot; href=&quot;http://www.deviantart.com/users/outgoing?http://www.facebook.com/pages/Yuumei/115014698547313?ref=ts&quot;&gt;FACEBOOK&lt;/a&gt;&lt;img src=&quot;http://e.deviantart.net/emoticons/b/bulletorange.gif&quot; width=&quot;10&quot; height=&quot;10&quot; alt=&quot;:bulletorange:&quot; data-embed-type=&quot;emoticon&quot; data-embed-id=&quot;567&quot; title=&quot;Bullet; Orange&quot;/&gt;&lt;a class=&quot;external&quot; href=&quot;http://www.deviantart.com/users/outgoing?http://yuumei-art.tumblr.com/&quot;&gt;TUMBLR&lt;/a&gt;&lt;img src=&quot;http://e.deviantart.net/emoticons/b/bulletyellow.gif&quot; width=&quot;10&quot; height=&quot;10&quot; alt=&quot;:bulletyellow:&quot; data-embed-type=&quot;emoticon&quot; data-embed-id=&quot;566&quot; title=&quot;Bullet; Yellow&quot;/&gt;&lt;a class=&quot;external&quot; href=&quot;http://www.deviantart.com/users/outgoing?http://twitter.com/yuumei_Art&quot;&gt;TWITTER&lt;/a&gt;&lt;img src=&quot;http://e.deviantart.net/emoticons/b/bulletgreen.gif&quot; width=&quot;10&quot; height=&quot;10&quot; alt=&quot;:bulletgreen:&quot; data-embed-type=&quot;emoticon&quot; data-embed-id=&quot;209&quot; title=&quot;Bullet; Green&quot;/&gt;&lt;/b&gt;&lt;b&gt;&lt;a class=&quot;external&quot; href=&quot;http://www.deviantart.com/users/outgoing?http://www.pixiv.net/member.php?id=3137712&quot;&gt;PIXIV&lt;/a&gt;&lt;img src=&quot;http://e.deviantart.net/emoticons/b/bulletblue.gif&quot; width=&quot;10&quot; height=&quot;10&quot; alt=&quot;:bulletblue:&quot; data-embed-type=&quot;emoticon&quot; data-embed-id=&quot;211&quot; title=&quot;Bullet; Blue&quot;/&gt;&lt;a class=&quot;external&quot; href=&quot;http://www.deviantart.com/users/outgoing?https://www.youtube.com/c/YuumeiArt&quot;&gt;YOUTUBE&lt;/a&gt;&lt;/b&gt;&lt;br /&gt;&lt;br /&gt;While many of us enjoy the luxury of watching TV on our couch with a cold can of soda or beer, the ice caps are melting at an alarming rate. Polar bears that need the ice to hunt and survive are drowning or starving; sometimes forced to search through dumpsters to survive. &lt;a class=&quot;external&quot; href=&quot;http://www.deviantart.com/users/outgoing?http://www.timesonline.co.uk/tol/news/uk/article767459.ece&quot;&gt;www.timesonline.co.uk/tol/news&amp;hellip;&lt;/a&gt;&lt;br /&gt;&lt;br /&gt;Global warming is undeniably here. 2000-present date was the warmest decade on record worldwide &lt;a class=&quot;external&quot; href=&quot;http://www.deviantart.com/users/outgoing?http://www.epa.gov/climatechange/indicators/slideshow.html?placeValuesBeforeTB_=savedValues&amp;TB_iframe=true&amp;amp;height=550&amp;amp;width=800&quot;&gt;www.epa.gov/climatechange/indi&amp;hellip;&lt;/a&gt;. This is not part of the natural climate change but a human induced and an abnormally accelerated increase in temperature. Waiting for the countdown until all the ice caps and glacier have melted and water level has risen is not an option. &lt;br /&gt;&lt;br /&gt;Many of us think that helping to prevent global warming is just about driving a hybrid car, or getting solar panels, which most people can&#039;t afford, so why bother? &lt;br /&gt;&lt;br /&gt;While fossil fuel burning cars are a huge source of green house gasses, many other things also add up to create the problem. The manufacturing of anything takes up energy, which is usually created by burning fossil fuel like gas and coal. Relying on oil also lets big oil companies like BP and ExxonMobile get away with oil spills time and time again (with the most recent large spill in Yellowstone national park &lt;a class=&quot;external&quot; href=&quot;http://www.deviantart.com/users/outgoing?http://billingsgazette.com/news/local/article_5142be5c-aaec-11e0-b62d-001cc4c002e0.html&quot;&gt;billingsgazette.com/news/local&amp;hellip;&lt;/a&gt;) With that in mind, I&#039;m not saying we should give up everything we own and live in the wild, but any amount of reduce, reuse, and recycle will lessen the amount of new products that needs manufacturing. And that&#039;s something we can all do.&lt;br /&gt;&lt;br /&gt;Taking public transportation, carpooling, or riding a bike are a cost efficient and healthy way to save energy and money. Even eating less meat (especially cows and pigs), can greatly help because it takes more energy to raise a cow than some crops of the same nutritional value. Cows are also a huge source of methane, which is another type of greenhouse gases that&#039;s responsible for global warming. &lt;br /&gt;&lt;br /&gt;There are many other small things that we can all do help the environment like turning off the lights when we&#039;re not in the room, or not using the AC or heater if we could just take off or put on a jacket instead. &lt;br /&gt;&lt;br /&gt;Change is not waiting for the scientists and government to come up with the solution, change starts with the little things we can do everyday.&lt;br /&gt;&lt;br /&gt;For more simple ways to help:&lt;br /&gt;&lt;a class=&quot;external&quot; href=&quot;http://www.deviantart.com/users/outgoing?http://www.epa.gov/climatechange/wycd/index.html&quot;&gt; what we can do at home&lt;/a&gt;&lt;br /&gt;&lt;a class=&quot;external&quot; href=&quot;http://www.deviantart.com/users/outgoing?http://www.stopglobalwarming.org/&quot;&gt;www.stopglobalwarming.org&lt;/a&gt;&lt;br /&gt;&lt;a class=&quot;external&quot; href=&quot;http://www.deviantart.com/users/outgoing?http://www.plantabillion.org/?s_eng=google&amp;amp;s_ce=normal&amp;amp;s_med=ppc&amp;amp;s_dis=search&amp;amp;s_cs=text&amp;amp;s_cid=Billion+Trees+-+High+Priority&amp;amp;s_ag=Billion+Trees+Brand&amp;amp;s_kwd=how%20to%20stop%20global%20warming&amp;amp;s_mt=b&amp;amp;gclid=CJeegvuT96kCFQYbQgoda0fOYA&quot;&gt; Plant a billion trees&lt;/a&gt;&lt;br /&gt;&lt;a class=&quot;external&quot; href=&quot;http://www.deviantart.com/users/outgoing?http://www.nrdc.org/globalwarming/qthinice.asp&quot;&gt; what the heck are we doing to arctic ice?&lt;/a&gt;&lt;br /&gt;&lt;br /&gt;All profits from dA prints, not just from this image, are donated to environmental and animal welfare organizations.&lt;br /&gt;&lt;br /&gt;&lt;a class=&quot;external&quot; href=&quot;http://www.deviantart.com/users/outgoing?http://www.facebook.com/pages/Yuumei/115014698547313?ref=ts&quot;&gt;Facebook&lt;/a&gt;&lt;br /&gt;&lt;a class=&quot;external&quot; href=&quot;http://www.deviantart.com/users/outgoing?http://twitter.com/yuumei_dA&quot;&gt;Twitter&lt;/a&gt;&lt;br /&gt;&lt;br /&gt;~~~~&lt;br /&gt;It has come to my attention that my work closely resembles this one &lt;a href=&quot;http://pepey.deviantart.com/art/global-warming-PSA-time-127400866&quot;&gt;pepey.deviantart.com/art/globa&amp;hellip;&lt;/a&gt; which was made 2 years before mine. I have never seen this until after I posted my drawing, and people started telling me about the similarities between the two. I did not copy the idea and the similarities are purely coincidental. Congrats to &lt;span class=&quot;username-with-symbol u&quot;&gt;&lt;a class=&quot;u regular username&quot; href=&quot;http://pepey.deviantart.com&quot;&gt;pepey&lt;/a&gt;&lt;span class=&quot;user-symbol regular&quot; data-quicktip-text=&quot;&quot; data-show-tooltip=&quot;&quot; data-gruser-type=&quot;regular&quot;&gt;&lt;/span&gt;&lt;/span&gt; who came up with it first, but please do not assume that I plagiarized.&lt;br /&gt;&lt;br /&gt;&lt;span class=&quot;shadow-holder&quot; data-embed-type=&quot;deviation&quot; data-embed-id=&quot;326029212&quot; data-embed-format=&quot;thumb&quot;&gt;&lt;span class=&quot;shadow mild&quot; style=&quot;display:block&quot; &gt;&lt;a class=&quot;thumb&quot; href=&quot;http://yuumei.deviantart.com/art/Guilty-326029212&quot; title=&quot;Guilty by yuumei, Sep 8, 2012 in Digital Art &amp;gt; Drawings &amp;amp; Paintings &amp;gt; Fantasy&quot; data-super-img=&quot;http://pre03.deviantart.net/eac0/th/pre/f/2012/252/5/2/524b737ef36f1ef45a999b5deee3b96b-d5e3xr0.jpg&quot; data-super-width=&quot;774&quot; data-super-height=&quot;1032&quot; data-super-transparent=&quot;false&quot; data-super-full-img=&quot;http://orig02.deviantart.net/a128/f/2012/252/5/2/524b737ef36f1ef45a999b5deee3b96b-d5e3xr0.jpg&quot; data-super-full-width=&quot;1000&quot; data-super-full-height=&quot;1333&quot;&gt;&lt;i&gt;&lt;/i&gt;&lt;img   width=&quot;113&quot; height=&quot;150&quot; alt=&quot;Guilty by yuumei&quot; src=&quot;http://t14.deviantart.net/fxKm7DE6qyj1Qrx4bwEayFvKY58=/fit-in/150x150/filters:no_upscale():origin()/pre03/eac0/th/pre/f/2012/252/5/2/524b737ef36f1ef45a999b5deee3b96b-d5e3xr0.jpg&quot; data-src=&quot;http://t14.deviantart.net/fxKm7DE6qyj1Qrx4bwEayFvKY58=/fit-in/150x150/filters:no_upscale():origin()/pre03/eac0/th/pre/f/2012/252/5/2/524b737ef36f1ef45a999b5deee3b96b-d5e3xr0.jpg&quot;&gt;&lt;/a&gt;&lt;/span&gt;&lt;!-- ^TTT --&gt;&lt;!-- TTT$ --&gt;&lt;/span&gt;&lt;span class=&quot;shadow-holder&quot; data-embed-type=&quot;deviation&quot; data-embed-id=&quot;309785871&quot; data-embed-format=&quot;thumb&quot;&gt;&lt;span class=&quot;shadow mild&quot; style=&quot;display:block&quot; &gt;&lt;a class=&quot;thumb&quot; href=&quot;http://yuumei.deviantart.com/art/Black-Black-Heart-309785871&quot; title=&quot;Black Black Heart by yuumei, Jun 21, 2012 in Digital Art &amp;gt; Drawings &amp;amp; Paintings &amp;gt; Macabre &amp;amp; Horror&quot; data-super-img=&quot;http://pre00.deviantart.net/3d78/th/pre/f/2012/173/d/5/black_black_heart_by_yuumei-d54fsb3.jpg&quot; data-super-width=&quot;632&quot; data-super-height=&quot;1264&quot; data-super-transparent=&quot;false&quot; data-super-full-img=&quot;http://orig02.deviantart.net/bab8/f/2012/173/d/5/black_black_heart_by_yuumei-d54fsb3.jpg&quot; data-super-full-width=&quot;800&quot; data-super-full-height=&quot;1600&quot;&gt;&lt;i&gt;&lt;/i&gt;&lt;img   width=&quot;75&quot; height=&quot;150&quot; alt=&quot;Black Black Heart by yuumei&quot; src=&quot;http://t07.deviantart.net/uBZH_GquvwWMWAoqaLItJ1wyCt4=/fit-in/150x150/filters:no_upscale():origin()/pre00/3d78/th/pre/f/2012/173/d/5/black_black_heart_by_yuumei-d54fsb3.jpg&quot; data-src=&quot;http://t07.deviantart.net/uBZH_GquvwWMWAoqaLItJ1wyCt4=/fit-in/150x150/filters:no_upscale():origin()/pre00/3d78/th/pre/f/2012/173/d/5/black_black_heart_by_yuumei-d54fsb3.jpg&quot;&gt;&lt;/a&gt;&lt;/span&gt;&lt;!-- ^TTT --&gt;&lt;!-- TTT$ --&gt;&lt;/span&gt;&lt;span class=&quot;shadow-holder&quot; data-embed-type=&quot;deviation&quot; data-embed-id=&quot;411341821&quot; data-embed-format=&quot;thumb&quot;&gt;&lt;span class=&quot;shadow mild&quot; style=&quot;display:block&quot; &gt;&lt;a class=&quot;thumb&quot; href=&quot;http://yuumei.deviantart.com/art/Legacy-411341821&quot; title=&quot;Legacy by yuumei, Nov 3, 2013 in Digital Art &amp;gt; Drawings &amp;amp; Paintings &amp;gt; Illustrations &amp;gt; Storybook&quot; data-super-img=&quot;http://pre06.deviantart.net/441e/th/pre/f/2013/307/d/c/legacy_by_yuumei-d6swhdp.jpg&quot; data-super-width=&quot;669&quot; data-super-height=&quot;1194&quot; data-super-transparent=&quot;false&quot; data-super-full-img=&quot;http://orig08.deviantart.net/5126/f/2013/307/d/c/legacy_by_yuumei-d6swhdp.jpg&quot; data-super-full-width=&quot;1000&quot; data-super-full-height=&quot;1783&quot;&gt;&lt;i&gt;&lt;/i&gt;&lt;img   width=&quot;84&quot; height=&quot;150&quot; alt=&quot;Legacy by yuumei&quot; src=&quot;http://t07.deviantart.net/rIPVb1PeKidpWai_ZJZwujO_L3s=/fit-in/150x150/filters:no_upscale():origin()/pre06/441e/th/pre/f/2013/307/d/c/legacy_by_yuumei-d6swhdp.jpg&quot; data-src=&quot;http://t07.deviantart.net/rIPVb1PeKidpWai_ZJZwujO_L3s=/fit-in/150x150/filters:no_upscale():origin()/pre06/441e/th/pre/f/2013/307/d/c/legacy_by_yuumei-d6swhdp.jpg&quot;&gt;&lt;/a&gt;&lt;/span&gt;&lt;!-- ^TTT --&gt;&lt;!-- TTT$ --&gt;&lt;/span&gt;</media:description>            <media:thumbnail url="https://t00.deviantart.net/wlb5d2Nt0JrTvpia5djn6iJWxis=/fit-in/150x150/filters:no_upscale():origin()/pre00/0cba/th/pre/i/2014/099/b/6/countdown_by_yuumei-d3lllcp.png" height="150" width="57"/>            <media:thumbnail url="https://t00.deviantart.net/Gf54BO_pBGMQbT17GLmWcns6y9M=/fit-in/300x900/filters:no_upscale():origin()/pre00/0cba/th/pre/i/2014/099/b/6/countdown_by_yuumei-d3lllcp.png" height="796" width="300"/>            <media:thumbnail url="https://t00.deviantart.net/Ce8oJE6h6WqkdXg5o7NgzQ4W7uM=/300x200/filters:fixed_height(100,100):origin()/pre00/0cba/th/pre/i/2014/099/b/6/countdown_by_yuumei-d3lllcp.png" height="201" width="100"/>            <media:content url="https://pre00.deviantart.net/0cba/th/pre/i/2014/099/b/6/countdown_by_yuumei-d3lllcp.png" height="1456" width="549" medium="image"/>
            <description>&lt;b&gt;&lt;a class=&quot;external&quot; href=&quot;http://www.deviantart.com/users/outgoing?http://yuumeiart.com/&quot;&gt;YUUMEIART.COM&lt;/a&gt;&lt;/b&gt;&lt;b&gt;&lt;img src=&quot;http://e.deviantart.net/emoticons/b/bulletred.gif&quot; width=&quot;10&quot; height=&quot;10&quot; alt=&quot;:bulletred:&quot; data-embed-type=&quot;emoticon&quot; data-embed-id=&quot;210&quot; title=&quot;Bullet; Red&quot;/&gt;&lt;a class=&quot;external&quot; href=&quot;http://www.deviantart.com/users/outgoing?http://www.facebook.com/pages/Yuumei/115014698547313?ref=ts&quot;&gt;FACEBOOK&lt;/a&gt;&lt;img src=&quot;http://e.deviantart.net/emoticons/b/bulletorange.gif&quot; width=&quot;10&quot; height=&quot;10&quot; alt=&quot;:bulletorange:&quot; data-embed-type=&quot;emoticon&quot; data-embed-id=&quot;567&quot; title=&quot;Bullet; Orange&quot;/&gt;&lt;a class=&quot;external&quot; href=&quot;http://www.deviantart.com/users/outgoing?http://yuumei-art.tumblr.com/&quot;&gt;TUMBLR&lt;/a&gt;&lt;img src=&quot;http://e.deviantart.net/emoticons/b/bulletyellow.gif&quot; width=&quot;10&quot; height=&quot;10&quot; alt=&quot;:bulletyellow:&quot; data-embed-type=&quot;emoticon&quot; data-embed-id=&quot;566&quot; title=&quot;Bullet; Yellow&quot;/&gt;&lt;a class=&quot;external&quot; href=&quot;http://www.deviantart.com/users/outgoing?http://twitter.com/yuumei_Art&quot;&gt;TWITTER&lt;/a&gt;&lt;img src=&quot;http://e.deviantart.net/emoticons/b/bulletgreen.gif&quot; width=&quot;10&quot; height=&quot;10&quot; alt=&quot;:bulletgreen:&quot; data-embed-type=&quot;emoticon&quot; data-embed-id=&quot;209&quot; title=&quot;Bullet; Green&quot;/&gt;&lt;/b&gt;&lt;b&gt;&lt;a class=&quot;external&quot; href=&quot;http://www.deviantart.com/users/outgoing?http://www.pixiv.net/member.php?id=3137712&quot;&gt;PIXIV&lt;/a&gt;&lt;img src=&quot;http://e.deviantart.net/emoticons/b/bulletblue.gif&quot; width=&quot;10&quot; height=&quot;10&quot; alt=&quot;:bulletblue:&quot; data-embed-type=&quot;emoticon&quot; data-embed-id=&quot;211&quot; title=&quot;Bullet; Blue&quot;/&gt;&lt;a class=&quot;external&quot; href=&quot;http://www.deviantart.com/users/outgoing?https://www.youtube.com/c/YuumeiArt&quot;&gt;YOUTUBE&lt;/a&gt;&lt;/b&gt;&lt;br /&gt;&lt;br /&gt;While many of us enjoy the luxury of watching TV on our couch with a cold can of soda or beer, the ice caps are melting at an alarming rate. Polar bears that need the ice to hunt and survive are drowning or starving; sometimes forced to search through dumpsters to survive. &lt;a class=&quot;external&quot; href=&quot;http://www.deviantart.com/users/outgoing?http://www.timesonline.co.uk/tol/news/uk/article767459.ece&quot;&gt;www.timesonline.co.uk/tol/news&amp;hellip;&lt;/a&gt;&lt;br /&gt;&lt;br /&gt;Global warming is undeniably here. 2000-present date was the warmest decade on record worldwide &lt;a class=&quot;external&quot; href=&quot;http://www.deviantart.com/users/outgoing?http://www.epa.gov/climatechange/indicators/slideshow.html?placeValuesBeforeTB_=savedValues&amp;TB_iframe=true&amp;amp;height=550&amp;amp;width=800&quot;&gt;www.epa.gov/climatechange/indi&amp;hellip;&lt;/a&gt;. This is not part of the natural climate change but a human induced and an abnormally accelerated increase in temperature. Waiting for the countdown until all the ice caps and glacier have melted and water level has risen is not an option. &lt;br /&gt;&lt;br /&gt;Many of us think that helping to prevent global warming is just about driving a hybrid car, or getting solar panels, which most people can&#039;t afford, so why bother? &lt;br /&gt;&lt;br /&gt;While fossil fuel burning cars are a huge source of green house gasses, many other things also add up to create the problem. The manufacturing of anything takes up energy, which is usually created by burning fossil fuel like gas and coal. Relying on oil also lets big oil companies like BP and ExxonMobile get away with oil spills time and time again (with the most recent large spill in Yellowstone national park &lt;a class=&quot;external&quot; href=&quot;http://www.deviantart.com/users/outgoing?http://billingsgazette.com/news/local/article_5142be5c-aaec-11e0-b62d-001cc4c002e0.html&quot;&gt;billingsgazette.com/news/local&amp;hellip;&lt;/a&gt;) With that in mind, I&#039;m not saying we should give up everything we own and live in the wild, but any amount of reduce, reuse, and recycle will lessen the amount of new products that needs manufacturing. And that&#039;s something we can all do.&lt;br /&gt;&lt;br /&gt;Taking public transportation, carpooling, or riding a bike are a cost efficient and healthy way to save energy and money. Even eating less meat (especially cows and pigs), can greatly help because it takes more energy to raise a cow than some crops of the same nutritional value. Cows are also a huge source of methane, which is another type of greenhouse gases that&#039;s responsible for global warming. &lt;br /&gt;&lt;br /&gt;There are many other small things that we can all do help the environment like turning off the lights when we&#039;re not in the room, or not using the AC or heater if we could just take off or put on a jacket instead. &lt;br /&gt;&lt;br /&gt;Change is not waiting for the scientists and government to come up with the solution, change starts with the little things we can do everyday.&lt;br /&gt;&lt;br /&gt;For more simple ways to help:&lt;br /&gt;&lt;a class=&quot;external&quot; href=&quot;http://www.deviantart.com/users/outgoing?http://www.epa.gov/climatechange/wycd/index.html&quot;&gt; what we can do at home&lt;/a&gt;&lt;br /&gt;&lt;a class=&quot;external&quot; href=&quot;http://www.deviantart.com/users/outgoing?http://www.stopglobalwarming.org/&quot;&gt;www.stopglobalwarming.org&lt;/a&gt;&lt;br /&gt;&lt;a class=&quot;external&quot; href=&quot;http://www.deviantart.com/users/outgoing?http://www.plantabillion.org/?s_eng=google&amp;amp;s_ce=normal&amp;amp;s_med=ppc&amp;amp;s_dis=search&amp;amp;s_cs=text&amp;amp;s_cid=Billion+Trees+-+High+Priority&amp;amp;s_ag=Billion+Trees+Brand&amp;amp;s_kwd=how%20to%20stop%20global%20warming&amp;amp;s_mt=b&amp;amp;gclid=CJeegvuT96kCFQYbQgoda0fOYA&quot;&gt; Plant a billion trees&lt;/a&gt;&lt;br /&gt;&lt;a class=&quot;external&quot; href=&quot;http://www.deviantart.com/users/outgoing?http://www.nrdc.org/globalwarming/qthinice.asp&quot;&gt; what the heck are we doing to arctic ice?&lt;/a&gt;&lt;br /&gt;&lt;br /&gt;All profits from dA prints, not just from this image, are donated to environmental and animal welfare organizations.&lt;br /&gt;&lt;br /&gt;&lt;a class=&quot;external&quot; href=&quot;http://www.deviantart.com/users/outgoing?http://www.facebook.com/pages/Yuumei/115014698547313?ref=ts&quot;&gt;Facebook&lt;/a&gt;&lt;br /&gt;&lt;a class=&quot;external&quot; href=&quot;http://www.deviantart.com/users/outgoing?http://twitter.com/yuumei_dA&quot;&gt;Twitter&lt;/a&gt;&lt;br /&gt;&lt;br /&gt;~~~~&lt;br /&gt;It has come to my attention that my work closely resembles this one &lt;a href=&quot;http://pepey.deviantart.com/art/global-warming-PSA-time-127400866&quot;&gt;pepey.deviantart.com/art/globa&amp;hellip;&lt;/a&gt; which was made 2 years before mine. I have never seen this until after I posted my drawing, and people started telling me about the similarities between the two. I did not copy the idea and the similarities are purely coincidental. Congrats to &lt;span class=&quot;username-with-symbol u&quot;&gt;&lt;a class=&quot;u regular username&quot; href=&quot;http://pepey.deviantart.com&quot;&gt;pepey&lt;/a&gt;&lt;span class=&quot;user-symbol regular&quot; data-quicktip-text=&quot;&quot; data-show-tooltip=&quot;&quot; data-gruser-type=&quot;regular&quot;&gt;&lt;/span&gt;&lt;/span&gt; who came up with it first, but please do not assume that I plagiarized.&lt;br /&gt;&lt;br /&gt;&lt;span class=&quot;shadow-holder&quot; data-embed-type=&quot;deviation&quot; data-embed-id=&quot;326029212&quot; data-embed-format=&quot;thumb&quot;&gt;&lt;span class=&quot;shadow mild&quot; style=&quot;display:block&quot; &gt;&lt;a class=&quot;thumb&quot; href=&quot;http://yuumei.deviantart.com/art/Guilty-326029212&quot; title=&quot;Guilty by yuumei, Sep 8, 2012 in Digital Art &amp;gt; Drawings &amp;amp; Paintings &amp;gt; Fantasy&quot; data-super-img=&quot;http://pre03.deviantart.net/eac0/th/pre/f/2012/252/5/2/524b737ef36f1ef45a999b5deee3b96b-d5e3xr0.jpg&quot; data-super-width=&quot;774&quot; data-super-height=&quot;1032&quot; data-super-transparent=&quot;false&quot; data-super-full-img=&quot;http://orig02.deviantart.net/a128/f/2012/252/5/2/524b737ef36f1ef45a999b5deee3b96b-d5e3xr0.jpg&quot; data-super-full-width=&quot;1000&quot; data-super-full-height=&quot;1333&quot;&gt;&lt;i&gt;&lt;/i&gt;&lt;img   width=&quot;113&quot; height=&quot;150&quot; alt=&quot;Guilty by yuumei&quot; src=&quot;http://t14.deviantart.net/fxKm7DE6qyj1Qrx4bwEayFvKY58=/fit-in/150x150/filters:no_upscale():origin()/pre03/eac0/th/pre/f/2012/252/5/2/524b737ef36f1ef45a999b5deee3b96b-d5e3xr0.jpg&quot; data-src=&quot;http://t14.deviantart.net/fxKm7DE6qyj1Qrx4bwEayFvKY58=/fit-in/150x150/filters:no_upscale():origin()/pre03/eac0/th/pre/f/2012/252/5/2/524b737ef36f1ef45a999b5deee3b96b-d5e3xr0.jpg&quot;&gt;&lt;/a&gt;&lt;/span&gt;&lt;!-- ^TTT --&gt;&lt;!-- TTT$ --&gt;&lt;/span&gt;&lt;span class=&quot;shadow-holder&quot; data-embed-type=&quot;deviation&quot; data-embed-id=&quot;309785871&quot; data-embed-format=&quot;thumb&quot;&gt;&lt;span class=&quot;shadow mild&quot; style=&quot;display:block&quot; &gt;&lt;a class=&quot;thumb&quot; href=&quot;http://yuumei.deviantart.com/art/Black-Black-Heart-309785871&quot; title=&quot;Black Black Heart by yuumei, Jun 21, 2012 in Digital Art &amp;gt; Drawings &amp;amp; Paintings &amp;gt; Macabre &amp;amp; Horror&quot; data-super-img=&quot;http://pre00.deviantart.net/3d78/th/pre/f/2012/173/d/5/black_black_heart_by_yuumei-d54fsb3.jpg&quot; data-super-width=&quot;632&quot; data-super-height=&quot;1264&quot; data-super-transparent=&quot;false&quot; data-super-full-img=&quot;http://orig02.deviantart.net/bab8/f/2012/173/d/5/black_black_heart_by_yuumei-d54fsb3.jpg&quot; data-super-full-width=&quot;800&quot; data-super-full-height=&quot;1600&quot;&gt;&lt;i&gt;&lt;/i&gt;&lt;img   width=&quot;75&quot; height=&quot;150&quot; alt=&quot;Black Black Heart by yuumei&quot; src=&quot;http://t07.deviantart.net/uBZH_GquvwWMWAoqaLItJ1wyCt4=/fit-in/150x150/filters:no_upscale():origin()/pre00/3d78/th/pre/f/2012/173/d/5/black_black_heart_by_yuumei-d54fsb3.jpg&quot; data-src=&quot;http://t07.deviantart.net/uBZH_GquvwWMWAoqaLItJ1wyCt4=/fit-in/150x150/filters:no_upscale():origin()/pre00/3d78/th/pre/f/2012/173/d/5/black_black_heart_by_yuumei-d54fsb3.jpg&quot;&gt;&lt;/a&gt;&lt;/span&gt;&lt;!-- ^TTT --&gt;&lt;!-- TTT$ --&gt;&lt;/span&gt;&lt;span class=&quot;shadow-holder&quot; data-embed-type=&quot;deviation&quot; data-embed-id=&quot;411341821&quot; data-embed-format=&quot;thumb&quot;&gt;&lt;span class=&quot;shadow mild&quot; style=&quot;display:block&quot; &gt;&lt;a class=&quot;thumb&quot; href=&quot;http://yuumei.deviantart.com/art/Legacy-411341821&quot; title=&quot;Legacy by yuumei, Nov 3, 2013 in Digital Art &amp;gt; Drawings &amp;amp; Paintings &amp;gt; Illustrations &amp;gt; Storybook&quot; data-super-img=&quot;http://pre06.deviantart.net/441e/th/pre/f/2013/307/d/c/legacy_by_yuumei-d6swhdp.jpg&quot; data-super-width=&quot;669&quot; data-super-height=&quot;1194&quot; data-super-transparent=&quot;false&quot; data-super-full-img=&quot;http://orig08.deviantart.net/5126/f/2013/307/d/c/legacy_by_yuumei-d6swhdp.jpg&quot; data-super-full-width=&quot;1000&quot; data-super-full-height=&quot;1783&quot;&gt;&lt;i&gt;&lt;/i&gt;&lt;img   width=&quot;84&quot; height=&quot;150&quot; alt=&quot;Legacy by yuumei&quot; src=&quot;http://t07.deviantart.net/rIPVb1PeKidpWai_ZJZwujO_L3s=/fit-in/150x150/filters:no_upscale():origin()/pre06/441e/th/pre/f/2013/307/d/c/legacy_by_yuumei-d6swhdp.jpg&quot; data-src=&quot;http://t07.deviantart.net/rIPVb1PeKidpWai_ZJZwujO_L3s=/fit-in/150x150/filters:no_upscale():origin()/pre06/441e/th/pre/f/2013/307/d/c/legacy_by_yuumei-d6swhdp.jpg&quot;&gt;&lt;/a&gt;&lt;/span&gt;&lt;!-- ^TTT --&gt;&lt;!-- TTT$ --&gt;&lt;/span&gt;&lt;br /&gt;&lt;div&gt;&lt;img src=&quot;https://t00.deviantart.net/Ce8oJE6h6WqkdXg5o7NgzQ4W7uM=/300x200/filters:fixed_height(100,100):origin()/pre00/0cba/th/pre/i/2014/099/b/6/countdown_by_yuumei-d3lllcp.png&quot; alt=&quot;thumbnail&quot; /&gt;&lt;/div&gt;</description>            </item>
        <item>
            <title>On that day humanity received a grim reminder</title>
            <link>https://ladygt.deviantart.com/art/On-that-day-humanity-received-a-grim-reminder-495267727</link>
            <guid isPermaLink="true">https://ladygt.deviantart.com/art/On-that-day-humanity-received-a-grim-reminder-495267727</guid>
            <pubDate>Tue, 18 Nov 2014 14:12:17 PST</pubDate>
            <media:title type="plain">On that day humanity received a grim reminder</media:title>
            <media:keywords></media:keywords>
            <media:rating>nonadult</media:rating>
            <media:category label="Animation">digitalart/animation</media:category>
            <media:credit role="author" scheme="urn:ebu">LadyGT</media:credit>
            <media:credit role="author" scheme="urn:ebu">https://a.deviantart.net/avatars/l/a/ladygt.jpg?2</media:credit>
            <media:copyright url="https://ladygt.deviantart.com">Copyright 2014-2019 LadyGT</media:copyright>
            <media:community>
                <media:tags>@LadyGT_DA</media:tags>
            </media:community>            <media:description type="html">&lt;span&gt;....we lived in fear of the Titans.&lt;br /&gt;&lt;br /&gt;Shingeki no Kyojin (c) Hajime Isayama&lt;br /&gt;Dumb animation by me&lt;br /&gt;&lt;br /&gt;&lt;/span&gt;&lt;h3&gt;FOLLOW ME ON:&lt;/h3&gt;&lt;br /&gt;&lt;span&gt;&lt;a target=&quot;_self&quot; href=&quot;http://fbplz.deviantart.com/&quot; &gt;&lt;img class=&quot;avatar&quot; src=&quot;http://a.deviantart.net/avatars/f/b/fbplz.png?1&quot; alt=&quot;:iconfbplz:&quot; title=&quot;fbplz&quot; /&gt;&lt;/a&gt;&amp;nbsp;&lt;a class=&quot;external&quot; href=&quot;http://www.deviantart.com/users/outgoing?https://www.facebook.com/Ladygt.art&quot;&gt;www.facebook.com/Ladygt.art&lt;/a&gt;&lt;/span&gt;&lt;br /&gt;&lt;span&gt;&lt;a target=&quot;_self&quot; href=&quot;http://tumblrplz.deviantart.com/&quot; &gt;&lt;img class=&quot;avatar&quot; src=&quot;http://a.deviantart.net/avatars/t/u/tumblrplz.png?1&quot; alt=&quot;:icontumblrplz:&quot; title=&quot;Tumblrplz&quot; /&gt;&lt;/a&gt; &lt;a class=&quot;external&quot; href=&quot;http://www.deviantart.com/users/outgoing?http://ladygt.tumblr.com/&quot;&gt;ladygt.tumblr.com/&lt;/a&gt;&lt;/span&gt;&lt;br /&gt;&lt;span&gt;&lt;a target=&quot;_self&quot; href=&quot;http://twitterplz.deviantart.com/&quot; &gt;&lt;img class=&quot;avatar&quot; src=&quot;http://a.deviantart.net/avatars/t/w/twitterplz.gif?1&quot; alt=&quot;:icontwitterplz:&quot; title=&quot;twitterplz&quot; /&gt;&lt;/a&gt; &lt;a class=&quot;external&quot; href=&quot;http://www.deviantart.com/users/outgoing?https://twitter.com/LadyGT_DA&quot;&gt;twitter.com/LadyGT_DA&lt;/a&gt;&lt;/span&gt;&lt;br /&gt;&lt;span&gt;&lt;a target=&quot;_self&quot; href=&quot;http://youtube-plz.deviantart.com/&quot; &gt;&lt;img class=&quot;avatar&quot; src=&quot;http://a.deviantart.net/avatars/y/o/youtube-plz.png?1&quot; alt=&quot;:iconyoutube-plz:&quot; title=&quot;Youtube-plz&quot; /&gt;&lt;/a&gt; &lt;a class=&quot;external&quot; href=&quot;http://www.deviantart.com/users/outgoing?http://www.youtube.com/Ladygt93&quot;&gt;www.youtube.com/Ladygt93&lt;/a&gt;&lt;/span&gt;&lt;br /&gt;&lt;span&gt;Pixiv &lt;a class=&quot;external&quot; href=&quot;http://www.deviantart.com/users/outgoing?http://www.pixiv.net/member.php?id=5179832&quot;&gt;www.pixiv.net/member.php?id=51&amp;hellip;&lt;/a&gt;&lt;/span&gt;&lt;br /&gt;&lt;span&gt;&lt;a target=&quot;_self&quot; href=&quot;http://livestreamplz.deviantart.com/&quot; &gt;&lt;img class=&quot;avatar&quot; src=&quot;http://a.deviantart.net/avatars/l/i/livestreamplz.png?2&quot; alt=&quot;:iconlivestreamplz:&quot; title=&quot;livestreamplz&quot; /&gt;&lt;/a&gt; &lt;a class=&quot;external&quot; href=&quot;http://www.deviantart.com/users/outgoing?http://www.livestream.com/Ladygt93?t=516534&quot;&gt;www.livestream.com/Ladygt93?t=&amp;hellip;&lt;/a&gt;&lt;/span&gt;&lt;span&gt;&lt;br /&gt;&lt;br /&gt;&lt;br /&gt;&lt;/span&gt;</media:description>            <media:thumbnail url="https://orig00.deviantart.net/6f14/f/2014/322/4/8/on_that_day_humanity_received_a_grim_reminder_by_ladygt-d86vb0v.gif" height="109" width="125"/>            <media:thumbnail url="https://orig00.deviantart.net/6f14/f/2014/322/4/8/on_that_day_humanity_received_a_grim_reminder_by_ladygt-d86vb0v.gif" height="109" width="125"/>            <media:thumbnail url="https://orig00.deviantart.net/6f14/f/2014/322/4/8/on_that_day_humanity_received_a_grim_reminder_by_ladygt-d86vb0v.gif" height="109" width="125"/>            <media:content url="https://orig00.deviantart.net/6f14/f/2014/322/4/8/on_that_day_humanity_received_a_grim_reminder_by_ladygt-d86vb0v.gif" height="109" width="125" medium="image"/>
            <description>&lt;span&gt;....we lived in fear of the Titans.&lt;br /&gt;&lt;br /&gt;Shingeki no Kyojin (c) Hajime Isayama&lt;br /&gt;Dumb animation by me&lt;br /&gt;&lt;br /&gt;&lt;/span&gt;&lt;h3&gt;FOLLOW ME ON:&lt;/h3&gt;&lt;br /&gt;&lt;span&gt;&lt;a target=&quot;_self&quot; href=&quot;http://fbplz.deviantart.com/&quot; &gt;&lt;img class=&quot;avatar&quot; src=&quot;http://a.deviantart.net/avatars/f/b/fbplz.png?1&quot; alt=&quot;:iconfbplz:&quot; title=&quot;fbplz&quot; /&gt;&lt;/a&gt;&amp;nbsp;&lt;a class=&quot;external&quot; href=&quot;http://www.deviantart.com/users/outgoing?https://www.facebook.com/Ladygt.art&quot;&gt;www.facebook.com/Ladygt.art&lt;/a&gt;&lt;/span&gt;&lt;br /&gt;&lt;span&gt;&lt;a target=&quot;_self&quot; href=&quot;http://tumblrplz.deviantart.com/&quot; &gt;&lt;img class=&quot;avatar&quot; src=&quot;http://a.deviantart.net/avatars/t/u/tumblrplz.png?1&quot; alt=&quot;:icontumblrplz:&quot; title=&quot;Tumblrplz&quot; /&gt;&lt;/a&gt; &lt;a class=&quot;external&quot; href=&quot;http://www.deviantart.com/users/outgoing?http://ladygt.tumblr.com/&quot;&gt;ladygt.tumblr.com/&lt;/a&gt;&lt;/span&gt;&lt;br /&gt;&lt;span&gt;&lt;a target=&quot;_self&quot; href=&quot;http://twitterplz.deviantart.com/&quot; &gt;&lt;img class=&quot;avatar&quot; src=&quot;http://a.deviantart.net/avatars/t/w/twitterplz.gif?1&quot; alt=&quot;:icontwitterplz:&quot; title=&quot;twitterplz&quot; /&gt;&lt;/a&gt; &lt;a class=&quot;external&quot; href=&quot;http://www.deviantart.com/users/outgoing?https://twitter.com/LadyGT_DA&quot;&gt;twitter.com/LadyGT_DA&lt;/a&gt;&lt;/span&gt;&lt;br /&gt;&lt;span&gt;&lt;a target=&quot;_self&quot; href=&quot;http://youtube-plz.deviantart.com/&quot; &gt;&lt;img class=&quot;avatar&quot; src=&quot;http://a.deviantart.net/avatars/y/o/youtube-plz.png?1&quot; alt=&quot;:iconyoutube-plz:&quot; title=&quot;Youtube-plz&quot; /&gt;&lt;/a&gt; &lt;a class=&quot;external&quot; href=&quot;http://www.deviantart.com/users/outgoing?http://www.youtube.com/Ladygt93&quot;&gt;www.youtube.com/Ladygt93&lt;/a&gt;&lt;/span&gt;&lt;br /&gt;&lt;span&gt;Pixiv &lt;a class=&quot;external&quot; href=&quot;http://www.deviantart.com/users/outgoing?http://www.pixiv.net/member.php?id=5179832&quot;&gt;www.pixiv.net/member.php?id=51&amp;hellip;&lt;/a&gt;&lt;/span&gt;&lt;br /&gt;&lt;span&gt;&lt;a target=&quot;_self&quot; href=&quot;http://livestreamplz.deviantart.com/&quot; &gt;&lt;img class=&quot;avatar&quot; src=&quot;http://a.deviantart.net/avatars/l/i/livestreamplz.png?2&quot; alt=&quot;:iconlivestreamplz:&quot; title=&quot;livestreamplz&quot; /&gt;&lt;/a&gt; &lt;a class=&quot;external&quot; href=&quot;http://www.deviantart.com/users/outgoing?http://www.livestream.com/Ladygt93?t=516534&quot;&gt;www.livestream.com/Ladygt93?t=&amp;hellip;&lt;/a&gt;&lt;/span&gt;&lt;span&gt;&lt;br /&gt;&lt;br /&gt;&lt;br /&gt;&lt;/span&gt;&lt;br /&gt;&lt;div&gt;&lt;img src=&quot;https://orig00.deviantart.net/6f14/f/2014/322/4/8/on_that_day_humanity_received_a_grim_reminder_by_ladygt-d86vb0v.gif&quot; alt=&quot;thumbnail&quot; /&gt;&lt;/div&gt;</description>            </item>
        <item>
            <title>Animator vs. Animation</title>
            <link>https://alanbecker.deviantart.com/art/Animator-vs-Animation-34244097</link>
            <guid isPermaLink="true">https://alanbecker.deviantart.com/art/Animator-vs-Animation-34244097</guid>
            <pubDate>Sat, 03 Jun 2006 15:48:09 PDT</pubDate>
            <media:title type="plain">Animator vs. Animation</media:title>
            <media:keywords></media:keywords>
            <media:rating>nonadult</media:rating>
            <media:category label="Animations">flash/animations</media:category>
            <media:credit role="author" scheme="urn:ebu">alanbecker</media:credit>
            <media:credit role="author" scheme="urn:ebu">https://a.deviantart.net/avatars/a/l/alanbecker.png?2</media:credit>
            <media:copyright url="https://alanbecker.deviantart.com">Copyright 2006-2019 alanbecker</media:copyright>            <media:description type="html">An animator faces his own animation in deadly combat. The battlefield? The Flash interface itself.&lt;br /&gt;A stick figure is created by an animator with the intent to torture. The stick figure drawn by the animator will be using everything he can find - the brush tool, the eraser tool - to get back at his tormentor. It&#039;s resourcefulness versus power. Who will win? You can find out yourself.&lt;br /&gt;&lt;br /&gt;Watch number 2!&lt;br /&gt;&lt;a href=&quot;http://alanbecker.deviantart.com/art/Animator-vs-Animation-II-50891749&quot;&gt;alanbecker.deviantart.com/art/&amp;hellip;&lt;/a&gt;&lt;br /&gt;&lt;br /&gt;Watch number 3!&lt;br /&gt;&lt;a href=&quot;http://alanbecker.deviantart.com/art/Animator-vs-Animation-III-262738425&quot;&gt;alanbecker.deviantart.com/art/&amp;hellip;&lt;/a&gt;&lt;br /&gt;&lt;br /&gt;Visit my website!&lt;br /&gt;&lt;a class=&quot;external&quot; href=&quot;http://www.deviantart.com/users/outgoing?http://www.alanbecker.net&quot;&gt;www.alanbecker.net&lt;/a&gt;&lt;br /&gt;&lt;br /&gt;Also, if you would like to learn how to do something like this, visit my video tutorial channel: &lt;a class=&quot;external&quot; href=&quot;http://www.deviantart.com/users/outgoing?http://www.youtube.com/alanbeckertutorials&quot;&gt;www.youtube.com/alanbeckertuto&amp;hellip;&lt;/a&gt;&lt;br /&gt;&lt;br /&gt;Here&#039;s my twitter too if you want to know when I make another animation:&lt;br /&gt;&lt;a class=&quot;external&quot; href=&quot;http://www.deviantart.com/users/outgoing?http://www.twitter.com/alanthebecker&quot;&gt;www.twitter.com/alanthebecker&lt;/a&gt;&lt;br /&gt;&lt;br /&gt;My Kickstarter campaign to fund the making of number 4 was successful! &lt;br /&gt;&lt;a class=&quot;external&quot; href=&quot;http://www.deviantart.com/users/outgoing?http://www.kickstarter.com/projects/1650065662/animator-vs-animation-iv-animated-short-film&quot;&gt;www.kickstarter.com/projects/1&amp;hellip;&lt;/a&gt;&lt;br /&gt;If you missed it, you can still buy rewards. &lt;a class=&quot;external&quot; href=&quot;http://www.deviantart.com/users/outgoing?http://www.alanbecker.net/donate&quot;&gt;www.alanbecker.net/donate&lt;/a&gt;</media:description>            <media:thumbnail url="https://img00.deviantart.net/faed/i/2007/077/5/2/animator_vs__animation_by_alanbecker.gif" height="100" width="100"/>            <media:thumbnail url="https://img00.deviantart.net/faed/i/2007/077/5/2/animator_vs__animation_by_alanbecker.gif" height="100" width="100"/>            <media:thumbnail url="https://img00.deviantart.net/faed/i/2007/077/5/2/animator_vs__animation_by_alanbecker.gif" height="100" width="100"/>            <media:content url="https://img00.deviantart.net/faed/i/2007/077/5/2/animator_vs__animation_by_alanbecker.gif" height="100" width="100"/>
            <description>An animator faces his own animation in deadly combat. The battlefield? The Flash interface itself.&lt;br /&gt;A stick figure is created by an animator with the intent to torture. The stick figure drawn by the animator will be using everything he can find - the brush tool, the eraser tool - to get back at his tormentor. It&#039;s resourcefulness versus power. Who will win? You can find out yourself.&lt;br /&gt;&lt;br /&gt;Watch number 2!&lt;br /&gt;&lt;a href=&quot;http://alanbecker.deviantart.com/art/Animator-vs-Animation-II-50891749&quot;&gt;alanbecker.deviantart.com/art/&amp;hellip;&lt;/a&gt;&lt;br /&gt;&lt;br /&gt;Watch number 3!&lt;br /&gt;&lt;a href=&quot;http://alanbecker.deviantart.com/art/Animator-vs-Animation-III-262738425&quot;&gt;alanbecker.deviantart.com/art/&amp;hellip;&lt;/a&gt;&lt;br /&gt;&lt;br /&gt;Visit my website!&lt;br /&gt;&lt;a class=&quot;external&quot; href=&quot;http://www.deviantart.com/users/outgoing?http://www.alanbecker.net&quot;&gt;www.alanbecker.net&lt;/a&gt;&lt;br /&gt;&lt;br /&gt;Also, if you would like to learn how to do something like this, visit my video tutorial channel: &lt;a class=&quot;external&quot; href=&quot;http://www.deviantart.com/users/outgoing?http://www.youtube.com/alanbeckertutorials&quot;&gt;www.youtube.com/alanbeckertuto&amp;hellip;&lt;/a&gt;&lt;br /&gt;&lt;br /&gt;Here&#039;s my twitter too if you want to know when I make another animation:&lt;br /&gt;&lt;a class=&quot;external&quot; href=&quot;http://www.deviantart.com/users/outgoing?http://www.twitter.com/alanthebecker&quot;&gt;www.twitter.com/alanthebecker&lt;/a&gt;&lt;br /&gt;&lt;br /&gt;My Kickstarter campaign to fund the making of number 4 was successful! &lt;br /&gt;&lt;a class=&quot;external&quot; href=&quot;http://www.deviantart.com/users/outgoing?http://www.kickstarter.com/projects/1650065662/animator-vs-animation-iv-animated-short-film&quot;&gt;www.kickstarter.com/projects/1&amp;hellip;&lt;/a&gt;&lt;br /&gt;If you missed it, you can still buy rewards. &lt;a class=&quot;external&quot; href=&quot;http://www.deviantart.com/users/outgoing?http://www.alanbecker.net/donate&quot;&gt;www.alanbecker.net/donate&lt;/a&gt;&lt;br /&gt;&lt;div&gt;&lt;img src=&quot;https://img00.deviantart.net/faed/i/2007/077/5/2/animator_vs__animation_by_alanbecker.gif&quot; alt=&quot;thumbnail&quot; /&gt;&lt;/div&gt;</description>            </item>
        <item>
            <title>Stitch and Toothless</title>
            <link>https://tsaoshin.deviantart.com/art/Stitch-and-Toothless-453739840</link>
            <guid isPermaLink="true">https://tsaoshin.deviantart.com/art/Stitch-and-Toothless-453739840</guid>
            <pubDate>Mon, 12 May 2014 17:12:39 PDT</pubDate>
            <media:title type="plain">Stitch and Toothless</media:title>
            <media:keywords></media:keywords>
            <media:rating>nonadult</media:rating>
            <media:category label="Movies &amp; TV">fanart/digital/painting/movies</media:category>
            <media:credit role="author" scheme="urn:ebu">TsaoShin</media:credit>
            <media:credit role="author" scheme="urn:ebu">https://a.deviantart.net/avatars/t/s/tsaoshin.gif?3</media:credit>
            <media:copyright url="https://tsaoshin.deviantart.com">Copyright 2014-2019 TsaoShin</media:copyright>
            <media:community>
                <media:tags>@tsaoshin</media:tags>
            </media:community>            <media:description type="html">&lt;div&gt;&lt;div&gt;&lt;b&gt;&lt;b&gt;&lt;a href=&quot;https://www.deviantart.com/poserfan/art/Twitch-Icon-610621096&quot; class=&quot;emoticon&quot; data-embed-type=&quot;emoticon&quot; data-embed-id=&quot;610621096&quot; data-embed-profile=&quot;deviation&quot;&gt;&lt;img src=&quot;https://orig00.deviantart.net/123b/f/2016/143/4/0/twitch_by_poserfan-da3jq94.png&quot; alt=&quot;Twitch Icon&quot; style=&quot;width:16px;height:16px&quot;&gt;&lt;/a&gt; &lt;a class=&quot;external&quot; href=&quot;https://www.deviantart.com/users/outgoing?https://www.twitch.tv/tsaoshin&quot;&gt;Twitch livestreams&lt;/a&gt; | &lt;a href=&quot;https://www.deviantart.com/vampirehelenaharper/art/YouTube-Icon-530921372&quot; class=&quot;emoticon&quot; data-embed-type=&quot;emoticon&quot; data-embed-id=&quot;530921372&quot; data-embed-profile=&quot;deviation&quot;&gt;&lt;img src=&quot;https://orig00.deviantart.net/5732/f/2015/136/d/1/d154643100280d68a4a16fad04b0afcf-d8s3hjw.png&quot; alt=&quot;YouTube Icon&quot; style=&quot;width:16px;height:16px&quot;&gt;&lt;/a&gt;&amp;nbsp;&lt;a class=&quot;external&quot; href=&quot;https://www.deviantart.com/users/outgoing?https://www.youtube.com/tsaoshin&quot;&gt;Youtube channel&lt;/a&gt; |&amp;nbsp;&lt;a href=&quot;https://www.deviantart.com/vampirehelenaharper/art/Instagram-Icon-530632421&quot; class=&quot;emoticon&quot; data-embed-type=&quot;emoticon&quot; data-embed-id=&quot;530632421&quot; data-embed-profile=&quot;deviation&quot;&gt;&lt;img src=&quot;https://orig00.deviantart.net/0f12/f/2015/144/d/e/instagram_icon_by_vampirehelenaharper-d8rxalh.png&quot; alt=&quot;Instagram Icon&quot; style=&quot;width:16px;height:16px&quot;&gt;&lt;/a&gt; &lt;a class=&quot;external&quot; href=&quot;https://www.deviantart.com/users/outgoing?https://instagram.com/tsaoshin&quot;&gt;Instagram&lt;/a&gt; | &lt;a href=&quot;https://www.deviantart.com/linux-rules/art/Twitter-Icon-ultramini-597034380&quot; class=&quot;emoticon&quot; data-embed-type=&quot;emoticon&quot; data-embed-id=&quot;597034380&quot; data-embed-profile=&quot;deviation&quot;&gt;&lt;img src=&quot;https://orig00.deviantart.net/3272/f/2016/076/0/d/twitter_icon_ultramini_by_linux_rules-d9vgioc.png&quot; alt=&quot;Twitter Icon ultramini&quot; style=&quot;width:16px;height:16px&quot;&gt;&lt;/a&gt; &lt;a class=&quot;external&quot; href=&quot;https://www.deviantart.com/users/outgoing?https://twitter.com/tsaoshin&quot;&gt;Twitter&lt;/a&gt;&lt;/b&gt;&lt;/b&gt;&lt;/div&gt;&lt;/div&gt;&lt;div&gt;&lt;br /&gt;&lt;/div&gt;&lt;div&gt;Stitch and Toothless having a jammy jam &lt;img src=&quot;https://e.deviantart.net/emoticons/b/biggrin.gif&quot; width=&quot;15&quot; height=&quot;15&quot; alt=&quot;:D&quot; data-embed-type=&quot;emoticon&quot; data-embed-id=&quot;366&quot; title=&quot;:D (Big Grin)&quot;/&gt;&lt;/div&gt;&lt;br /&gt;My favorite characters by the amazing &lt;span class=&quot;username-with-symbol u&quot;&gt;&lt;a class=&quot;u senior username&quot; href=&quot;https://www.deviantart.com/alohalilo&quot;&gt;alohalilo&lt;/a&gt;&lt;span class=&quot;user-symbol senior&quot; data-quicktip-text=&quot;Senior Member&quot; data-show-tooltip=&quot;1&quot; data-gruser-type=&quot;senior&quot;&gt;&lt;/span&gt;&lt;/span&gt;&amp;nbsp;&lt;br /&gt;&lt;br /&gt;&lt;span&gt;Created with Adobe Photoshop.&lt;/span&gt;&lt;br /&gt;&lt;br /&gt;&lt;span&gt;Share on&amp;nbsp;&lt;/span&gt;&lt;a class=&quot;external&quot; href=&quot;https://www.deviantart.com/users/outgoing?http://www.facebook.com/tsaoshin.fans&quot;&gt;facebook&lt;/a&gt;&lt;span&gt;&amp;nbsp;or &lt;a class=&quot;external&quot; href=&quot;https://www.deviantart.com/users/outgoing?http://tsaoshin.com/post/85573082213/stitch-and-toothless-jammy-jam&quot;&gt;tumblr&lt;/a&gt;!&lt;/span&gt;&lt;div&gt;&lt;br /&gt;&lt;/div&gt;&lt;span&gt;See my other art with Toothless, HTTYD, and Stitch!:&lt;/span&gt;&lt;br /&gt;&lt;span&gt;&lt;span class=&quot;shadow-holder&quot; data-embed-type=&quot;deviation&quot; data-embed-id=&quot;406416951&quot; data-embed-format=&quot;thumb&quot;&gt;&lt;span class=&quot;shadow mild&quot; &gt;&lt;a class=&quot;thumb&quot; href=&quot;https://www.deviantart.com/tsaoshin/art/A-Very-HTTYD-Halloween-406416951&quot; title=&quot;A Very HTTYD Halloween by TsaoShin, Oct 10, 2013 in Fan Art &amp;gt; Digital Art &amp;gt; Painting &amp;amp; Airbrushing &amp;gt; Movies &amp;amp; TV&quot;data-super-img=&quot;https://pre00.deviantart.net/b743/th/pre/i/2013/283/0/c/a_very_httyd_halloween_by_tsaoshin-d6pyxbr.png&quot; data-super-width=&quot;1095&quot; data-super-height=&quot;730&quot; data-super-transparent=&quot;false&quot; data-super-alt=&quot;A Very HTTYD Halloween by TsaoShin&quot; data-super-full-img=&quot;https://img00.deviantart.net/42ef/i/2013/283/0/c/a_very_httyd_halloween_by_tsaoshin-d6pyxbr.png&quot; data-super-full-width=&quot;1280&quot; data-super-full-height=&quot;854&quot;        data-sigil=&quot;thumb&quot;&gt;
            &lt;i&gt;&lt;/i&gt;&lt;img   width=&quot;150&quot; height=&quot;100&quot; alt=&quot;A Very HTTYD Halloween by TsaoShin&quot; src=&quot;https://t00.deviantart.net/mmWo1tH1IQO-Co1BTfknexyyDTI=/fit-in/150x150/filters:no_upscale():origin()/pre00/b743/th/pre/i/2013/283/0/c/a_very_httyd_halloween_by_tsaoshin-d6pyxbr.png&quot; data-src=&quot;https://t00.deviantart.net/mmWo1tH1IQO-Co1BTfknexyyDTI=/fit-in/150x150/filters:no_upscale():origin()/pre00/b743/th/pre/i/2013/283/0/c/a_very_httyd_halloween_by_tsaoshin-d6pyxbr.png&quot; srcset=&quot;https://t00.deviantart.net/mmWo1tH1IQO-Co1BTfknexyyDTI=/fit-in/150x150/filters:no_upscale():origin()/pre00/b743/th/pre/i/2013/283/0/c/a_very_httyd_halloween_by_tsaoshin-d6pyxbr.png 150w,https://t00.deviantart.net/7SFP6N-9YHr98ckp_SMTS_EZalE=/fit-in/500x250/filters:fixed_height(100,100):origin()/pre00/b743/th/pre/i/2013/283/0/c/a_very_httyd_halloween_by_tsaoshin-d6pyxbr.png 375w,https://t00.deviantart.net/iRA_SwdTP2SOXQpXgYliF5E0SQk=/fit-in/700x350/filters:fixed_height(100,100):origin()/pre00/b743/th/pre/i/2013/283/0/c/a_very_httyd_halloween_by_tsaoshin-d6pyxbr.png 525w,https://t00.deviantart.net/aj8qdKXqbW-7WfoUA5-qvKEfaO4=/fit-in/800x400/filters:fixed_height(100,100):origin()/pre00/b743/th/pre/i/2013/283/0/c/a_very_httyd_halloween_by_tsaoshin-d6pyxbr.png 600w,https://pre00.deviantart.net/b743/th/pre/i/2013/283/0/c/a_very_httyd_halloween_by_tsaoshin-d6pyxbr.png 1095w&quot; sizes=&quot;150px&quot;&gt;&lt;/a&gt;&lt;/span&gt;&lt;!-- ^TTT --&gt;&lt;!-- TTT$ --&gt;&lt;/span&gt;&lt;span class=&quot;shadow-holder&quot; data-embed-type=&quot;deviation&quot; data-embed-id=&quot;201751811&quot; data-embed-format=&quot;thumb&quot;&gt;&lt;span class=&quot;shadow mild&quot; &gt;&lt;a class=&quot;thumb&quot; href=&quot;https://www.deviantart.com/tsaoshin/art/Hiccup-s-Treasure-Map-201751811&quot; title=&quot;Hiccup&amp;#039;s Treasure Map by TsaoShin, Mar 21, 2011 in Fan Art &amp;gt; Digital Art &amp;gt; Painting &amp;amp; Airbrushing &amp;gt; Movies &amp;amp; TV&quot;data-super-img=&quot;https://pre00.deviantart.net/927b/th/pre/f/2011/079/a/4/hiccup__s_treasure_map_by_tsaoshin-d3c48oz.jpg&quot; data-super-width=&quot;1112&quot; data-super-height=&quot;719&quot; data-super-transparent=&quot;false&quot; data-super-alt=&quot;Hiccup&amp;#039;s Treasure Map by TsaoShin&quot; data-super-full-img=&quot;https://orig00.deviantart.net/35ca/f/2011/079/a/4/hiccup__s_treasure_map_by_tsaoshin-d3c48oz.jpg&quot; data-super-full-width=&quot;1280&quot; data-super-full-height=&quot;828&quot;        data-sigil=&quot;thumb&quot;&gt;
            &lt;i&gt;&lt;/i&gt;&lt;img   width=&quot;150&quot; height=&quot;97&quot; alt=&quot;Hiccup&amp;#039;s Treasure Map by TsaoShin&quot; src=&quot;https://t00.deviantart.net/LlLmY-L6jhbxTeEdjzT0Vh-6QIY=/fit-in/150x150/filters:no_upscale():origin()/pre00/927b/th/pre/f/2011/079/a/4/hiccup__s_treasure_map_by_tsaoshin-d3c48oz.jpg&quot; data-src=&quot;https://t00.deviantart.net/LlLmY-L6jhbxTeEdjzT0Vh-6QIY=/fit-in/150x150/filters:no_upscale():origin()/pre00/927b/th/pre/f/2011/079/a/4/hiccup__s_treasure_map_by_tsaoshin-d3c48oz.jpg&quot; srcset=&quot;https://t00.deviantart.net/LlLmY-L6jhbxTeEdjzT0Vh-6QIY=/fit-in/150x150/filters:no_upscale():origin()/pre00/927b/th/pre/f/2011/079/a/4/hiccup__s_treasure_map_by_tsaoshin-d3c48oz.jpg 150w,https://t00.deviantart.net/g-zM9ASmsaeDKkeeVOre8rWqVKU=/fit-in/500x250/filters:fixed_height(100,100):origin()/pre00/927b/th/pre/f/2011/079/a/4/hiccup__s_treasure_map_by_tsaoshin-d3c48oz.jpg 386w,https://t00.deviantart.net/pYoSVoNM_aGc_-ymwOj80HIGF2I=/fit-in/700x350/filters:fixed_height(100,100):origin()/pre00/927b/th/pre/f/2011/079/a/4/hiccup__s_treasure_map_by_tsaoshin-d3c48oz.jpg 541w,https://t00.deviantart.net/6whv4DGZYah-qeMBOK9OeiXbqoY=/fit-in/800x400/filters:fixed_height(100,100):origin()/pre00/927b/th/pre/f/2011/079/a/4/hiccup__s_treasure_map_by_tsaoshin-d3c48oz.jpg 618w,https://pre00.deviantart.net/927b/th/pre/f/2011/079/a/4/hiccup__s_treasure_map_by_tsaoshin-d3c48oz.jpg 1112w&quot; sizes=&quot;150px&quot;&gt;&lt;/a&gt;&lt;/span&gt;&lt;!-- ^TTT --&gt;&lt;!-- TTT$ --&gt;&lt;/span&gt;&lt;span class=&quot;shadow-holder&quot; data-embed-type=&quot;deviation&quot; data-embed-id=&quot;161193703&quot; data-embed-format=&quot;thumb&quot;&gt;&lt;span class=&quot;shadow mild&quot; &gt;&lt;a class=&quot;thumb&quot; href=&quot;https://www.deviantart.com/tsaoshin/art/Forbidden-Friendship-161193703&quot; title=&quot;Forbidden Friendship by TsaoShin, Apr 18, 2010 in Fan Art &amp;gt; Digital Art &amp;gt; Drawings &amp;gt; Movies &amp;amp; TV&quot;data-super-img=&quot;https://orig00.deviantart.net/151b/f/2010/110/8/3/forbidden_friendship_by_tsaoshin.jpg&quot; data-super-width=&quot;1024&quot; data-super-height=&quot;663&quot; data-super-transparent=&quot;false&quot; data-super-alt=&quot;Forbidden Friendship by TsaoShin&quot; data-super-full-img=&quot;https://orig00.deviantart.net/151b/f/2010/110/8/3/forbidden_friendship_by_tsaoshin.jpg&quot; data-super-full-width=&quot;1024&quot; data-super-full-height=&quot;663&quot;        data-sigil=&quot;thumb&quot;&gt;
            &lt;i&gt;&lt;/i&gt;&lt;img   width=&quot;150&quot; height=&quot;97&quot; alt=&quot;Forbidden Friendship by TsaoShin&quot; src=&quot;https://t00.deviantart.net/latUspvfr9ab7K40vsq-EwySJTg=/fit-in/150x150/filters:no_upscale():origin()/pre00/c547/th/pre/f/2010/110/8/3/forbidden_friendship_by_tsaoshin.jpg&quot; data-src=&quot;https://t00.deviantart.net/latUspvfr9ab7K40vsq-EwySJTg=/fit-in/150x150/filters:no_upscale():origin()/pre00/c547/th/pre/f/2010/110/8/3/forbidden_friendship_by_tsaoshin.jpg&quot; srcset=&quot;https://t00.deviantart.net/latUspvfr9ab7K40vsq-EwySJTg=/fit-in/150x150/filters:no_upscale():origin()/pre00/c547/th/pre/f/2010/110/8/3/forbidden_friendship_by_tsaoshin.jpg 150w,https://t00.deviantart.net/m3-DKty6oWZ4CQZlFOYNSEA8_l8=/fit-in/500x250/filters:fixed_height(100,100):origin()/pre00/c547/th/pre/f/2010/110/8/3/forbidden_friendship_by_tsaoshin.jpg 386w,https://t00.deviantart.net/XrORG1Ra9r8KKTFhUFVMVzOV--k=/fit-in/700x350/filters:fixed_height(100,100):origin()/pre00/c547/th/pre/f/2010/110/8/3/forbidden_friendship_by_tsaoshin.jpg 541w,https://t00.deviantart.net/SCFUj2x1FVDAZPQt1qjtyqto0uQ=/fit-in/800x400/filters:fixed_height(100,100):origin()/pre00/c547/th/pre/f/2010/110/8/3/forbidden_friendship_by_tsaoshin.jpg 618w,https://orig00.deviantart.net/151b/f/2010/110/8/3/forbidden_friendship_by_tsaoshin.jpg 1024w&quot; sizes=&quot;150px&quot;&gt;&lt;/a&gt;&lt;/span&gt;&lt;!-- ^TTT --&gt;&lt;!-- TTT$ --&gt;&lt;/span&gt;&lt;span class=&quot;shadow-holder&quot; data-embed-type=&quot;deviation&quot; data-embed-id=&quot;282647144&quot; data-embed-format=&quot;thumb&quot;&gt;&lt;span class=&quot;shadow mild&quot; &gt;&lt;a class=&quot;thumb&quot; href=&quot;https://www.deviantart.com/tsaoshin/art/HTTYD-Dragon-s-Dinner-Party-282647144&quot; title=&quot;HTTYD: Dragon&amp;#039;s Dinner Party by TsaoShin, Feb 1, 2012 in Fan Art &amp;gt; Digital Art &amp;gt; Drawings &amp;gt; Movies &amp;amp; TV&quot;data-super-img=&quot;https://pre00.deviantart.net/d230/th/pre/i/2012/031/6/7/httyd__dragon__s_dinner_party_by_tsaoshin-d4oa3xk.jpg&quot; data-super-width=&quot;1112&quot; data-super-height=&quot;719&quot; data-super-transparent=&quot;false&quot; data-super-alt=&quot;HTTYD: Dragon&amp;#039;s Dinner Party by TsaoShin&quot; data-super-full-img=&quot;https://img00.deviantart.net/f3b8/i/2012/031/6/7/httyd__dragon__s_dinner_party_by_tsaoshin-d4oa3xk.jpg&quot; data-super-full-width=&quot;1280&quot; data-super-full-height=&quot;828&quot;        data-sigil=&quot;thumb&quot;&gt;
            &lt;i&gt;&lt;/i&gt;&lt;img   width=&quot;150&quot; height=&quot;97&quot; alt=&quot;HTTYD: Dragon&amp;#039;s Dinner Party by TsaoShin&quot; src=&quot;https://t00.deviantart.net/d7jd1rz-M0LbQdDX_4f1e7h_UYM=/fit-in/150x150/filters:no_upscale():origin()/pre00/d230/th/pre/i/2012/031/6/7/httyd__dragon__s_dinner_party_by_tsaoshin-d4oa3xk.jpg&quot; data-src=&quot;https://t00.deviantart.net/d7jd1rz-M0LbQdDX_4f1e7h_UYM=/fit-in/150x150/filters:no_upscale():origin()/pre00/d230/th/pre/i/2012/031/6/7/httyd__dragon__s_dinner_party_by_tsaoshin-d4oa3xk.jpg&quot; srcset=&quot;https://t00.deviantart.net/d7jd1rz-M0LbQdDX_4f1e7h_UYM=/fit-in/150x150/filters:no_upscale():origin()/pre00/d230/th/pre/i/2012/031/6/7/httyd__dragon__s_dinner_party_by_tsaoshin-d4oa3xk.jpg 150w,https://t00.deviantart.net/0DF59E6RkOoun3NZ-qdhRnn9Hf0=/fit-in/500x250/filters:fixed_height(100,100):origin()/pre00/d230/th/pre/i/2012/031/6/7/httyd__dragon__s_dinner_party_by_tsaoshin-d4oa3xk.jpg 386w,https://t00.deviantart.net/eDnZ2BFwB1il3tdHnkD07d_-hkc=/fit-in/700x350/filters:fixed_height(100,100):origin()/pre00/d230/th/pre/i/2012/031/6/7/httyd__dragon__s_dinner_party_by_tsaoshin-d4oa3xk.jpg 541w,https://t00.deviantart.net/2CuW1H3B3hIAe7mu4y_6OyO2gok=/fit-in/800x400/filters:fixed_height(100,100):origin()/pre00/d230/th/pre/i/2012/031/6/7/httyd__dragon__s_dinner_party_by_tsaoshin-d4oa3xk.jpg 618w,https://pre00.deviantart.net/d230/th/pre/i/2012/031/6/7/httyd__dragon__s_dinner_party_by_tsaoshin-d4oa3xk.jpg 1112w&quot; sizes=&quot;150px&quot;&gt;&lt;/a&gt;&lt;/span&gt;&lt;!-- ^TTT --&gt;&lt;!-- TTT$ --&gt;&lt;/span&gt;&lt;span class=&quot;shadow-holder&quot; data-embed-type=&quot;deviation&quot; data-embed-id=&quot;379501907&quot; data-embed-format=&quot;thumb&quot;&gt;&lt;span class=&quot;shadow mild&quot; &gt;&lt;a class=&quot;thumb&quot; href=&quot;https://www.deviantart.com/tsaoshin/art/Toothless-Sculpture-2-379501907&quot; title=&quot;Toothless Sculpture 2 by TsaoShin, Jun 20, 2013 in Traditional Art &amp;gt; Sculpture &amp;gt; Figurative&quot;data-super-img=&quot;https://img00.deviantart.net/5152/i/2013/171/d/2/toothless_sculpture_2_by_tsaoshin-d69y1jn.jpg&quot; data-super-width=&quot;1024&quot; data-super-height=&quot;683&quot; data-super-transparent=&quot;false&quot; data-super-alt=&quot;Toothless Sculpture 2 by TsaoShin&quot; data-super-full-img=&quot;https://img00.deviantart.net/5152/i/2013/171/d/2/toothless_sculpture_2_by_tsaoshin-d69y1jn.jpg&quot; data-super-full-width=&quot;1024&quot; data-super-full-height=&quot;683&quot;        data-sigil=&quot;thumb&quot;&gt;
            &lt;i&gt;&lt;/i&gt;&lt;img   width=&quot;150&quot; height=&quot;100&quot; alt=&quot;Toothless Sculpture 2 by TsaoShin&quot; src=&quot;https://t00.deviantart.net/nWACT7KMODgRkQRZhx5dqPQvaO8=/fit-in/150x150/filters:no_upscale():origin()/pre00/3005/th/pre/i/2013/171/d/2/toothless_sculpture_2_by_tsaoshin-d69y1jn.jpg&quot; data-src=&quot;https://t00.deviantart.net/nWACT7KMODgRkQRZhx5dqPQvaO8=/fit-in/150x150/filters:no_upscale():origin()/pre00/3005/th/pre/i/2013/171/d/2/toothless_sculpture_2_by_tsaoshin-d69y1jn.jpg&quot; srcset=&quot;https://t00.deviantart.net/nWACT7KMODgRkQRZhx5dqPQvaO8=/fit-in/150x150/filters:no_upscale():origin()/pre00/3005/th/pre/i/2013/171/d/2/toothless_sculpture_2_by_tsaoshin-d69y1jn.jpg 150w,https://t00.deviantart.net/vEGCcNBCGXg_xp4OMBOHkSFMxQ4=/fit-in/500x250/filters:fixed_height(100,100):origin()/pre00/3005/th/pre/i/2013/171/d/2/toothless_sculpture_2_by_tsaoshin-d69y1jn.jpg 375w,https://t00.deviantart.net/4BnMkpAvYc647RbqMhE-OPsZ-uU=/fit-in/700x350/filters:fixed_height(100,100):origin()/pre00/3005/th/pre/i/2013/171/d/2/toothless_sculpture_2_by_tsaoshin-d69y1jn.jpg 525w,https://t00.deviantart.net/UT9iJQ1LtnykemJZBKvef_Z2LoM=/fit-in/800x400/filters:fixed_height(100,100):origin()/pre00/3005/th/pre/i/2013/171/d/2/toothless_sculpture_2_by_tsaoshin-d69y1jn.jpg 600w,https://img00.deviantart.net/5152/i/2013/171/d/2/toothless_sculpture_2_by_tsaoshin-d69y1jn.jpg 1024w&quot; sizes=&quot;150px&quot;&gt;&lt;/a&gt;&lt;/span&gt;&lt;!-- ^TTT --&gt;&lt;!-- TTT$ --&gt;&lt;/span&gt;&lt;span class=&quot;shadow-holder&quot; data-embed-type=&quot;deviation&quot; data-embed-id=&quot;401411619&quot; data-embed-format=&quot;thumb&quot;&gt;&lt;span class=&quot;shadow mild&quot; &gt;&lt;a class=&quot;thumb&quot; href=&quot;https://www.deviantart.com/tsaoshin/art/He-Mele-NO-Lilo-401411619&quot; title=&quot;He Mele NO Lilo by TsaoShin, Sep 19, 2013 in Fan Art &amp;gt; Cartoons &amp;amp; Comics &amp;gt; Digital &amp;gt; Movies &amp;amp; TV&quot;data-super-img=&quot;https://pre00.deviantart.net/085b/th/pre/i/2013/262/a/a/he_mele_no_lilo_by_tsaoshin-d6mzn6r.png&quot; data-super-width=&quot;1095&quot; data-super-height=&quot;730&quot; data-super-transparent=&quot;false&quot; data-super-alt=&quot;He Mele NO Lilo by TsaoShin&quot; data-super-full-img=&quot;https://img00.deviantart.net/3f52/i/2013/262/a/a/he_mele_no_lilo_by_tsaoshin-d6mzn6r.png&quot; data-super-full-width=&quot;1280&quot; data-super-full-height=&quot;854&quot;        data-sigil=&quot;thumb&quot;&gt;
            &lt;i&gt;&lt;/i&gt;&lt;img   width=&quot;150&quot; height=&quot;100&quot; alt=&quot;He Mele NO Lilo by TsaoShin&quot; src=&quot;https://t00.deviantart.net/oaTjcJBCooUFIecNxVdyW6fkjLQ=/fit-in/150x150/filters:no_upscale():origin()/pre00/085b/th/pre/i/2013/262/a/a/he_mele_no_lilo_by_tsaoshin-d6mzn6r.png&quot; data-src=&quot;https://t00.deviantart.net/oaTjcJBCooUFIecNxVdyW6fkjLQ=/fit-in/150x150/filters:no_upscale():origin()/pre00/085b/th/pre/i/2013/262/a/a/he_mele_no_lilo_by_tsaoshin-d6mzn6r.png&quot; srcset=&quot;https://t00.deviantart.net/oaTjcJBCooUFIecNxVdyW6fkjLQ=/fit-in/150x150/filters:no_upscale():origin()/pre00/085b/th/pre/i/2013/262/a/a/he_mele_no_lilo_by_tsaoshin-d6mzn6r.png 150w,https://t00.deviantart.net/JqUBFaDDXPIPlnjvzDsEbqxpwKc=/fit-in/500x250/filters:fixed_height(100,100):origin()/pre00/085b/th/pre/i/2013/262/a/a/he_mele_no_lilo_by_tsaoshin-d6mzn6r.png 375w,https://t00.deviantart.net/5GlHFhYUQDdAhfDN8yR6shIpu3U=/fit-in/700x350/filters:fixed_height(100,100):origin()/pre00/085b/th/pre/i/2013/262/a/a/he_mele_no_lilo_by_tsaoshin-d6mzn6r.png 525w,https://t00.deviantart.net/_CA48GVq0AY2Us95Q0xpVK0wUEM=/fit-in/800x400/filters:fixed_height(100,100):origin()/pre00/085b/th/pre/i/2013/262/a/a/he_mele_no_lilo_by_tsaoshin-d6mzn6r.png 600w,https://pre00.deviantart.net/085b/th/pre/i/2013/262/a/a/he_mele_no_lilo_by_tsaoshin-d6mzn6r.png 1095w&quot; sizes=&quot;150px&quot;&gt;&lt;/a&gt;&lt;/span&gt;&lt;!-- ^TTT --&gt;&lt;!-- TTT$ --&gt;&lt;/span&gt;&lt;/span&gt;</media:description>            <media:thumbnail url="https://t00.deviantart.net/bSxxQ8h6VJbfFOytPmHGvs5VpIU=/fit-in/150x150/filters:no_upscale():origin()/pre00/0577/th/pre/i/2014/132/7/1/stitch_and_toothless_by_tsaoshin-d7i57wg.png" height="100" width="150"/>            <media:thumbnail url="https://t00.deviantart.net/fW1K8-OEOwdeM581fBC1soLE7Mc=/fit-in/300x900/filters:no_upscale():origin()/pre00/0577/th/pre/i/2014/132/7/1/stitch_and_toothless_by_tsaoshin-d7i57wg.png" height="200" width="300"/>            <media:thumbnail url="https://t00.deviantart.net/TI0WeCxnMEQFeD3uIhxwDz1jY4E=/300x200/filters:fixed_height(100,100):origin()/pre00/0577/th/pre/i/2014/132/7/1/stitch_and_toothless_by_tsaoshin-d7i57wg.png" height="200" width="300"/>            <media:content url="https://pre00.deviantart.net/0577/th/pre/i/2014/132/7/1/stitch_and_toothless_by_tsaoshin-d7i57wg.png" height="730" width="1095" medium="image"/>
            <description>&lt;div&gt;&lt;div&gt;&lt;b&gt;&lt;b&gt;&lt;a href=&quot;https://www.deviantart.com/poserfan/art/Twitch-Icon-610621096&quot; class=&quot;emoticon&quot; data-embed-type=&quot;emoticon&quot; data-embed-id=&quot;610621096&quot; data-embed-profile=&quot;deviation&quot;&gt;&lt;img src=&quot;https://orig00.deviantart.net/123b/f/2016/143/4/0/twitch_by_poserfan-da3jq94.png&quot; alt=&quot;Twitch Icon&quot; style=&quot;width:16px;height:16px&quot;&gt;&lt;/a&gt; &lt;a class=&quot;external&quot; href=&quot;https://www.deviantart.com/users/outgoing?https://www.twitch.tv/tsaoshin&quot;&gt;Twitch livestreams&lt;/a&gt; | &lt;a href=&quot;https://www.deviantart.com/vampirehelenaharper/art/YouTube-Icon-530921372&quot; class=&quot;emoticon&quot; data-embed-type=&quot;emoticon&quot; data-embed-id=&quot;530921372&quot; data-embed-profile=&quot;deviation&quot;&gt;&lt;img src=&quot;https://orig00.deviantart.net/5732/f/2015/136/d/1/d154643100280d68a4a16fad04b0afcf-d8s3hjw.png&quot; alt=&quot;YouTube Icon&quot; style=&quot;width:16px;height:16px&quot;&gt;&lt;/a&gt;&amp;nbsp;&lt;a class=&quot;external&quot; href=&quot;https://www.deviantart.com/users/outgoing?https://www.youtube.com/tsaoshin&quot;&gt;Youtube channel&lt;/a&gt; |&amp;nbsp;&lt;a href=&quot;https://www.deviantart.com/vampirehelenaharper/art/Instagram-Icon-530632421&quot; class=&quot;emoticon&quot; data-embed-type=&quot;emoticon&quot; data-embed-id=&quot;530632421&quot; data-embed-profile=&quot;deviation&quot;&gt;&lt;img src=&quot;https://orig00.deviantart.net/0f12/f/2015/144/d/e/instagram_icon_by_vampirehelenaharper-d8rxalh.png&quot; alt=&quot;Instagram Icon&quot; style=&quot;width:16px;height:16px&quot;&gt;&lt;/a&gt; &lt;a class=&quot;external&quot; href=&quot;https://www.deviantart.com/users/outgoing?https://instagram.com/tsaoshin&quot;&gt;Instagram&lt;/a&gt; | &lt;a href=&quot;https://www.deviantart.com/linux-rules/art/Twitter-Icon-ultramini-597034380&quot; class=&quot;emoticon&quot; data-embed-type=&quot;emoticon&quot; data-embed-id=&quot;597034380&quot; data-embed-profile=&quot;deviation&quot;&gt;&lt;img src=&quot;https://orig00.deviantart.net/3272/f/2016/076/0/d/twitter_icon_ultramini_by_linux_rules-d9vgioc.png&quot; alt=&quot;Twitter Icon ultramini&quot; style=&quot;width:16px;height:16px&quot;&gt;&lt;/a&gt; &lt;a class=&quot;external&quot; href=&quot;https://www.deviantart.com/users/outgoing?https://twitter.com/tsaoshin&quot;&gt;Twitter&lt;/a&gt;&lt;/b&gt;&lt;/b&gt;&lt;/div&gt;&lt;/div&gt;&lt;div&gt;&lt;br /&gt;&lt;/div&gt;&lt;div&gt;Stitch and Toothless having a jammy jam &lt;img src=&quot;https://e.deviantart.net/emoticons/b/biggrin.gif&quot; width=&quot;15&quot; height=&quot;15&quot; alt=&quot;:D&quot; data-embed-type=&quot;emoticon&quot; data-embed-id=&quot;366&quot; title=&quot;:D (Big Grin)&quot;/&gt;&lt;/div&gt;&lt;br /&gt;My favorite characters by the amazing &lt;span class=&quot;username-with-symbol u&quot;&gt;&lt;a class=&quot;u senior username&quot; href=&quot;https://www.deviantart.com/alohalilo&quot;&gt;alohalilo&lt;/a&gt;&lt;span class=&quot;user-symbol senior&quot; data-quicktip-text=&quot;Senior Member&quot; data-show-tooltip=&quot;1&quot; data-gruser-type=&quot;senior&quot;&gt;&lt;/span&gt;&lt;/span&gt;&amp;nbsp;&lt;br /&gt;&lt;br /&gt;&lt;span&gt;Created with Adobe Photoshop.&lt;/span&gt;&lt;br /&gt;&lt;br /&gt;&lt;span&gt;Share on&amp;nbsp;&lt;/span&gt;&lt;a class=&quot;external&quot; href=&quot;https://www.deviantart.com/users/outgoing?http://www.facebook.com/tsaoshin.fans&quot;&gt;facebook&lt;/a&gt;&lt;span&gt;&amp;nbsp;or &lt;a class=&quot;external&quot; href=&quot;https://www.deviantart.com/users/outgoing?http://tsaoshin.com/post/85573082213/stitch-and-toothless-jammy-jam&quot;&gt;tumblr&lt;/a&gt;!&lt;/span&gt;&lt;div&gt;&lt;br /&gt;&lt;/div&gt;&lt;span&gt;See my other art with Toothless, HTTYD, and Stitch!:&lt;/span&gt;&lt;br /&gt;&lt;span&gt;&lt;span class=&quot;shadow-holder&quot; data-embed-type=&quot;deviation&quot; data-embed-id=&quot;406416951&quot; data-embed-format=&quot;thumb&quot;&gt;&lt;span class=&quot;shadow mild&quot; &gt;&lt;a class=&quot;thumb&quot; href=&quot;https://www.deviantart.com/tsaoshin/art/A-Very-HTTYD-Halloween-406416951&quot; title=&quot;A Very HTTYD Halloween by TsaoShin, Oct 10, 2013 in Fan Art &amp;gt; Digital Art &amp;gt; Painting &amp;amp; Airbrushing &amp;gt; Movies &amp;amp; TV&quot;data-super-img=&quot;https://pre00.deviantart.net/b743/th/pre/i/2013/283/0/c/a_very_httyd_halloween_by_tsaoshin-d6pyxbr.png&quot; data-super-width=&quot;1095&quot; data-super-height=&quot;730&quot; data-super-transparent=&quot;false&quot; data-super-alt=&quot;A Very HTTYD Halloween by TsaoShin&quot; data-super-full-img=&quot;https://img00.deviantart.net/42ef/i/2013/283/0/c/a_very_httyd_halloween_by_tsaoshin-d6pyxbr.png&quot; data-super-full-width=&quot;1280&quot; data-super-full-height=&quot;854&quot;        data-sigil=&quot;thumb&quot;&gt;
                &lt;i&gt;&lt;/i&gt;&lt;img   width=&quot;150&quot; height=&quot;100&quot; alt=&quot;A Very HTTYD Halloween by TsaoShin&quot; src=&quot;https://t00.deviantart.net/mmWo1tH1IQO-Co1BTfknexyyDTI=/fit-in/150x150/filters:no_upscale():origin()/pre00/b743/th/pre/i/2013/283/0/c/a_very_httyd_halloween_by_tsaoshin-d6pyxbr.png&quot; data-src=&quot;https://t00.deviantart.net/mmWo1tH1IQO-Co1BTfknexyyDTI=/fit-in/150x150/filters:no_upscale():origin()/pre00/b743/th/pre/i/2013/283/0/c/a_very_httyd_halloween_by_tsaoshin-d6pyxbr.png&quot; srcset=&quot;https://t00.deviantart.net/mmWo1tH1IQO-Co1BTfknexyyDTI=/fit-in/150x150/filters:no_upscale():origin()/pre00/b743/th/pre/i/2013/283/0/c/a_very_httyd_halloween_by_tsaoshin-d6pyxbr.png 150w,https://t00.deviantart.net/7SFP6N-9YHr98ckp_SMTS_EZalE=/fit-in/500x250/filters:fixed_height(100,100):origin()/pre00/b743/th/pre/i/2013/283/0/c/a_very_httyd_halloween_by_tsaoshin-d6pyxbr.png 375w,https://t00.deviantart.net/iRA_SwdTP2SOXQpXgYliF5E0SQk=/fit-in/700x350/filters:fixed_height(100,100):origin()/pre00/b743/th/pre/i/2013/283/0/c/a_very_httyd_halloween_by_tsaoshin-d6pyxbr.png 525w,https://t00.deviantart.net/aj8qdKXqbW-7WfoUA5-qvKEfaO4=/fit-in/800x400/filters:fixed_height(100,100):origin()/pre00/b743/th/pre/i/2013/283/0/c/a_very_httyd_halloween_by_tsaoshin-d6pyxbr.png 600w,https://pre00.deviantart.net/b743/th/pre/i/2013/283/0/c/a_very_httyd_halloween_by_tsaoshin-d6pyxbr.png 1095w&quot; sizes=&quot;150px&quot;&gt;&lt;/a&gt;&lt;/span&gt;&lt;!-- ^TTT --&gt;&lt;!-- TTT$ --&gt;&lt;/span&gt;&lt;span class=&quot;shadow-holder&quot; data-embed-type=&quot;deviation&quot; data-embed-id=&quot;201751811&quot; data-embed-format=&quot;thumb&quot;&gt;&lt;span class=&quot;shadow mild&quot; &gt;&lt;a class=&quot;thumb&quot; href=&quot;https://www.deviantart.com/tsaoshin/art/Hiccup-s-Treasure-Map-201751811&quot; title=&quot;Hiccup&amp;#039;s Treasure Map by TsaoShin, Mar 21, 2011 in Fan Art &amp;gt; Digital Art &amp;gt; Painting &amp;amp; Airbrushing &amp;gt; Movies &amp;amp; TV&quot;data-super-img=&quot;https://pre00.deviantart.net/927b/th/pre/f/2011/079/a/4/hiccup__s_treasure_map_by_tsaoshin-d3c48oz.jpg&quot; data-super-width=&quot;1112&quot; data-super-height=&quot;719&quot; data-super-transparent=&quot;false&quot; data-super-alt=&quot;Hiccup&amp;#039;s Treasure Map by TsaoShin&quot; data-super-full-img=&quot;https://orig00.deviantart.net/35ca/f/2011/079/a/4/hiccup__s_treasure_map_by_tsaoshin-d3c48oz.jpg&quot; data-super-full-width=&quot;1280&quot; data-super-full-height=&quot;828&quot;        data-sigil=&quot;thumb&quot;&gt;
                &lt;i&gt;&lt;/i&gt;&lt;img   width=&quot;150&quot; height=&quot;97&quot; alt=&quot;Hiccup&amp;#039;s Treasure Map by TsaoShin&quot; src=&quot;https://t00.deviantart.net/LlLmY-L6jhbxTeEdjzT0Vh-6QIY=/fit-in/150x150/filters:no_upscale():origin()/pre00/927b/th/pre/f/2011/079/a/4/hiccup__s_treasure_map_by_tsaoshin-d3c48oz.jpg&quot; data-src=&quot;https://t00.deviantart.net/LlLmY-L6jhbxTeEdjzT0Vh-6QIY=/fit-in/150x150/filters:no_upscale():origin()/pre00/927b/th/pre/f/2011/079/a/4/hiccup__s_treasure_map_by_tsaoshin-d3c48oz.jpg&quot; srcset=&quot;https://t00.deviantart.net/LlLmY-L6jhbxTeEdjzT0Vh-6QIY=/fit-in/150x150/filters:no_upscale():origin()/pre00/927b/th/pre/f/2011/079/a/4/hiccup__s_treasure_map_by_tsaoshin-d3c48oz.jpg 150w,https://t00.deviantart.net/g-zM9ASmsaeDKkeeVOre8rWqVKU=/fit-in/500x250/filters:fixed_height(100,100):origin()/pre00/927b/th/pre/f/2011/079/a/4/hiccup__s_treasure_map_by_tsaoshin-d3c48oz.jpg 386w,https://t00.deviantart.net/pYoSVoNM_aGc_-ymwOj80HIGF2I=/fit-in/700x350/filters:fixed_height(100,100):origin()/pre00/927b/th/pre/f/2011/079/a/4/hiccup__s_treasure_map_by_tsaoshin-d3c48oz.jpg 541w,https://t00.deviantart.net/6whv4DGZYah-qeMBOK9OeiXbqoY=/fit-in/800x400/filters:fixed_height(100,100):origin()/pre00/927b/th/pre/f/2011/079/a/4/hiccup__s_treasure_map_by_tsaoshin-d3c48oz.jpg 618w,https://pre00.deviantart.net/927b/th/pre/f/2011/079/a/4/hiccup__s_treasure_map_by_tsaoshin-d3c48oz.jpg 1112w&quot; sizes=&quot;150px&quot;&gt;&lt;/a&gt;&lt;/span&gt;&lt;!-- ^TTT --&gt;&lt;!-- TTT$ --&gt;&lt;/span&gt;&lt;span class=&quot;shadow-holder&quot; data-embed-type=&quot;deviation&quot; data-embed-id=&quot;161193703&quot; data-embed-format=&quot;thumb&quot;&gt;&lt;span class=&quot;shadow mild&quot; &gt;&lt;a class=&quot;thumb&quot; href=&quot;https://www.deviantart.com/tsaoshin/art/Forbidden-Friendship-161193703&quot; title=&quot;Forbidden Friendship by TsaoShin, Apr 18, 2010 in Fan Art &amp;gt; Digital Art &amp;gt; Drawings &amp;gt; Movies &amp;amp; TV&quot;data-super-img=&quot;https://orig00.deviantart.net/151b/f/2010/110/8/3/forbidden_friendship_by_tsaoshin.jpg&quot; data-super-width=&quot;1024&quot; data-super-height=&quot;663&quot; data-super-transparent=&quot;false&quot; data-super-alt=&quot;Forbidden Friendship by TsaoShin&quot; data-super-full-img=&quot;https://orig00.deviantart.net/151b/f/2010/110/8/3/forbidden_friendship_by_tsaoshin.jpg&quot; data-super-full-width=&quot;1024&quot; data-super-full-height=&quot;663&quot;        data-sigil=&quot;thumb&quot;&gt;
                &lt;i&gt;&lt;/i&gt;&lt;img   width=&quot;150&quot; height=&quot;97&quot; alt=&quot;Forbidden Friendship by TsaoShin&quot; src=&quot;https://t00.deviantart.net/latUspvfr9ab7K40vsq-EwySJTg=/fit-in/150x150/filters:no_upscale():origin()/pre00/c547/th/pre/f/2010/110/8/3/forbidden_friendship_by_tsaoshin.jpg&quot; data-src=&quot;https://t00.deviantart.net/latUspvfr9ab7K40vsq-EwySJTg=/fit-in/150x150/filters:no_upscale():origin()/pre00/c547/th/pre/f/2010/110/8/3/forbidden_friendship_by_tsaoshin.jpg&quot; srcset=&quot;https://t00.deviantart.net/latUspvfr9ab7K40vsq-EwySJTg=/fit-in/150x150/filters:no_upscale():origin()/pre00/c547/th/pre/f/2010/110/8/3/forbidden_friendship_by_tsaoshin.jpg 150w,https://t00.deviantart.net/m3-DKty6oWZ4CQZlFOYNSEA8_l8=/fit-in/500x250/filters:fixed_height(100,100):origin()/pre00/c547/th/pre/f/2010/110/8/3/forbidden_friendship_by_tsaoshin.jpg 386w,https://t00.deviantart.net/XrORG1Ra9r8KKTFhUFVMVzOV--k=/fit-in/700x350/filters:fixed_height(100,100):origin()/pre00/c547/th/pre/f/2010/110/8/3/forbidden_friendship_by_tsaoshin.jpg 541w,https://t00.deviantart.net/SCFUj2x1FVDAZPQt1qjtyqto0uQ=/fit-in/800x400/filters:fixed_height(100,100):origin()/pre00/c547/th/pre/f/2010/110/8/3/forbidden_friendship_by_tsaoshin.jpg 618w,https://orig00.deviantart.net/151b/f/2010/110/8/3/forbidden_friendship_by_tsaoshin.jpg 1024w&quot; sizes=&quot;150px&quot;&gt;&lt;/a&gt;&lt;/span&gt;&lt;!-- ^TTT --&gt;&lt;!-- TTT$ --&gt;&lt;/span&gt;&lt;span class=&quot;shadow-holder&quot; data-embed-type=&quot;deviation&quot; data-embed-id=&quot;282647144&quot; data-embed-format=&quot;thumb&quot;&gt;&lt;span class=&quot;shadow mild&quot; &gt;&lt;a class=&quot;thumb&quot; href=&quot;https://www.deviantart.com/tsaoshin/art/HTTYD-Dragon-s-Dinner-Party-282647144&quot; title=&quot;HTTYD: Dragon&amp;#039;s Dinner Party by TsaoShin, Feb 1, 2012 in Fan Art &amp;gt; Digital Art &amp;gt; Drawings &amp;gt; Movies &amp;amp; TV&quot;data-super-img=&quot;https://pre00.deviantart.net/d230/th/pre/i/2012/031/6/7/httyd__dragon__s_dinner_party_by_tsaoshin-d4oa3xk.jpg&quot; data-super-width=&quot;1112&quot; data-super-height=&quot;719&quot; data-super-transparent=&quot;false&quot; data-super-alt=&quot;HTTYD: Dragon&amp;#039;s Dinner Party by TsaoShin&quot; data-super-full-img=&quot;https://img00.deviantart.net/f3b8/i/2012/031/6/7/httyd__dragon__s_dinner_party_by_tsaoshin-d4oa3xk.jpg&quot; data-super-full-width=&quot;1280&quot; data-super-full-height=&quot;828&quot;        data-sigil=&quot;thumb&quot;&gt;
                &lt;i&gt;&lt;/i&gt;&lt;img   width=&quot;150&quot; height=&quot;97&quot; alt=&quot;HTTYD: Dragon&amp;#039;s Dinner Party by TsaoShin&quot; src=&quot;https://t00.deviantart.net/d7jd1rz-M0LbQdDX_4f1e7h_UYM=/fit-in/150x150/filters:no_upscale():origin()/pre00/d230/th/pre/i/2012/031/6/7/httyd__dragon__s_dinner_party_by_tsaoshin-d4oa3xk.jpg&quot; data-src=&quot;https://t00.deviantart.net/d7jd1rz-M0LbQdDX_4f1e7h_UYM=/fit-in/150x150/filters:no_upscale():origin()/pre00/d230/th/pre/i/2012/031/6/7/httyd__dragon__s_dinner_party_by_tsaoshin-d4oa3xk.jpg&quot; srcset=&quot;https://t00.deviantart.net/d7jd1rz-M0LbQdDX_4f1e7h_UYM=/fit-in/150x150/filters:no_upscale():origin()/pre00/d230/th/pre/i/2012/031/6/7/httyd__dragon__s_dinner_party_by_tsaoshin-d4oa3xk.jpg 150w,https://t00.deviantart.net/0DF59E6RkOoun3NZ-qdhRnn9Hf0=/fit-in/500x250/filters:fixed_height(100,100):origin()/pre00/d230/th/pre/i/2012/031/6/7/httyd__dragon__s_dinner_party_by_tsaoshin-d4oa3xk.jpg 386w,https://t00.deviantart.net/eDnZ2BFwB1il3tdHnkD07d_-hkc=/fit-in/700x350/filters:fixed_height(100,100):origin()/pre00/d230/th/pre/i/2012/031/6/7/httyd__dragon__s_dinner_party_by_tsaoshin-d4oa3xk.jpg 541w,https://t00.deviantart.net/2CuW1H3B3hIAe7mu4y_6OyO2gok=/fit-in/800x400/filters:fixed_height(100,100):origin()/pre00/d230/th/pre/i/2012/031/6/7/httyd__dragon__s_dinner_party_by_tsaoshin-d4oa3xk.jpg 618w,https://pre00.deviantart.net/d230/th/pre/i/2012/031/6/7/httyd__dragon__s_dinner_party_by_tsaoshin-d4oa3xk.jpg 1112w&quot; sizes=&quot;150px&quot;&gt;&lt;/a&gt;&lt;/span&gt;&lt;!-- ^TTT --&gt;&lt;!-- TTT$ --&gt;&lt;/span&gt;&lt;span class=&quot;shadow-holder&quot; data-embed-type=&quot;deviation&quot; data-embed-id=&quot;379501907&quot; data-embed-format=&quot;thumb&quot;&gt;&lt;span class=&quot;shadow mild&quot; &gt;&lt;a class=&quot;thumb&quot; href=&quot;https://www.deviantart.com/tsaoshin/art/Toothless-Sculpture-2-379501907&quot; title=&quot;Toothless Sculpture 2 by TsaoShin, Jun 20, 2013 in Traditional Art &amp;gt; Sculpture &amp;gt; Figurative&quot;data-super-img=&quot;https://img00.deviantart.net/5152/i/2013/171/d/2/toothless_sculpture_2_by_tsaoshin-d69y1jn.jpg&quot; data-super-width=&quot;1024&quot; data-super-height=&quot;683&quot; data-super-transparent=&quot;false&quot; data-super-alt=&quot;Toothless Sculpture 2 by TsaoShin&quot; data-super-full-img=&quot;https://img00.deviantart.net/5152/i/2013/171/d/2/toothless_sculpture_2_by_tsaoshin-d69y1jn.jpg&quot; data-super-full-width=&quot;1024&quot; data-super-full-height=&quot;683&quot;        data-sigil=&quot;thumb&quot;&gt;
                &lt;i&gt;&lt;/i&gt;&lt;img   width=&quot;150&quot; height=&quot;100&quot; alt=&quot;Toothless Sculpture 2 by TsaoShin&quot; src=&quot;https://t00.deviantart.net/nWACT7KMODgRkQRZhx5dqPQvaO8=/fit-in/150x150/filters:no_upscale():origin()/pre00/3005/th/pre/i/2013/171/d/2/toothless_sculpture_2_by_tsaoshin-d69y1jn.jpg&quot; data-src=&quot;https://t00.deviantart.net/nWACT7KMODgRkQRZhx5dqPQvaO8=/fit-in/150x150/filters:no_upscale():origin()/pre00/3005/th/pre/i/2013/171/d/2/toothless_sculpture_2_by_tsaoshin-d69y1jn.jpg&quot; srcset=&quot;https://t00.deviantart.net/nWACT7KMODgRkQRZhx5dqPQvaO8=/fit-in/150x150/filters:no_upscale():origin()/pre00/3005/th/pre/i/2013/171/d/2/toothless_sculpture_2_by_tsaoshin-d69y1jn.jpg 150w,https://t00.deviantart.net/vEGCcNBCGXg_xp4OMBOHkSFMxQ4=/fit-in/500x250/filters:fixed_height(100,100):origin()/pre00/3005/th/pre/i/2013/171/d/2/toothless_sculpture_2_by_tsaoshin-d69y1jn.jpg 375w,https://t00.deviantart.net/4BnMkpAvYc647RbqMhE-OPsZ-uU=/fit-in/700x350/filters:fixed_height(100,100):origin()/pre00/3005/th/pre/i/2013/171/d/2/toothless_sculpture_2_by_tsaoshin-d69y1jn.jpg 525w,https://t00.deviantart.net/UT9iJQ1LtnykemJZBKvef_Z2LoM=/fit-in/800x400/filters:fixed_height(100,100):origin()/pre00/3005/th/pre/i/2013/171/d/2/toothless_sculpture_2_by_tsaoshin-d69y1jn.jpg 600w,https://img00.deviantart.net/5152/i/2013/171/d/2/toothless_sculpture_2_by_tsaoshin-d69y1jn.jpg 1024w&quot; sizes=&quot;150px&quot;&gt;&lt;/a&gt;&lt;/span&gt;&lt;!-- ^TTT --&gt;&lt;!-- TTT$ --&gt;&lt;/span&gt;&lt;span class=&quot;shadow-holder&quot; data-embed-type=&quot;deviation&quot; data-embed-id=&quot;401411619&quot; data-embed-format=&quot;thumb&quot;&gt;&lt;span class=&quot;shadow mild&quot; &gt;&lt;a class=&quot;thumb&quot; href=&quot;https://www.deviantart.com/tsaoshin/art/He-Mele-NO-Lilo-401411619&quot; title=&quot;He Mele NO Lilo by TsaoShin, Sep 19, 2013 in Fan Art &amp;gt; Cartoons &amp;amp; Comics &amp;gt; Digital &amp;gt; Movies &amp;amp; TV&quot;data-super-img=&quot;https://pre00.deviantart.net/085b/th/pre/i/2013/262/a/a/he_mele_no_lilo_by_tsaoshin-d6mzn6r.png&quot; data-super-width=&quot;1095&quot; data-super-height=&quot;730&quot; data-super-transparent=&quot;false&quot; data-super-alt=&quot;He Mele NO Lilo by TsaoShin&quot; data-super-full-img=&quot;https://img00.deviantart.net/3f52/i/2013/262/a/a/he_mele_no_lilo_by_tsaoshin-d6mzn6r.png&quot; data-super-full-width=&quot;1280&quot; data-super-full-height=&quot;854&quot;        data-sigil=&quot;thumb&quot;&gt;
                &lt;i&gt;&lt;/i&gt;&lt;img   width=&quot;150&quot; height=&quot;100&quot; alt=&quot;He Mele NO Lilo by TsaoShin&quot; src=&quot;https://t00.deviantart.net/oaTjcJBCooUFIecNxVdyW6fkjLQ=/fit-in/150x150/filters:no_upscale():origin()/pre00/085b/th/pre/i/2013/262/a/a/he_mele_no_lilo_by_tsaoshin-d6mzn6r.png&quot; data-src=&quot;https://t00.deviantart.net/oaTjcJBCooUFIecNxVdyW6fkjLQ=/fit-in/150x150/filters:no_upscale():origin()/pre00/085b/th/pre/i/2013/262/a/a/he_mele_no_lilo_by_tsaoshin-d6mzn6r.png&quot; srcset=&quot;https://t00.deviantart.net/oaTjcJBCooUFIecNxVdyW6fkjLQ=/fit-in/150x150/filters:no_upscale():origin()/pre00/085b/th/pre/i/2013/262/a/a/he_mele_no_lilo_by_tsaoshin-d6mzn6r.png 150w,https://t00.deviantart.net/JqUBFaDDXPIPlnjvzDsEbqxpwKc=/fit-in/500x250/filters:fixed_height(100,100):origin()/pre00/085b/th/pre/i/2013/262/a/a/he_mele_no_lilo_by_tsaoshin-d6mzn6r.png 375w,https://t00.deviantart.net/5GlHFhYUQDdAhfDN8yR6shIpu3U=/fit-in/700x350/filters:fixed_height(100,100):origin()/pre00/085b/th/pre/i/2013/262/a/a/he_mele_no_lilo_by_tsaoshin-d6mzn6r.png 525w,https://t00.deviantart.net/_CA48GVq0AY2Us95Q0xpVK0wUEM=/fit-in/800x400/filters:fixed_height(100,100):origin()/pre00/085b/th/pre/i/2013/262/a/a/he_mele_no_lilo_by_tsaoshin-d6mzn6r.png 600w,https://pre00.deviantart.net/085b/th/pre/i/2013/262/a/a/he_mele_no_lilo_by_tsaoshin-d6mzn6r.png 1095w&quot; sizes=&quot;150px&quot;&gt;&lt;/a&gt;&lt;/span&gt;&lt;!-- ^TTT --&gt;&lt;!-- TTT$ --&gt;&lt;/span&gt;&lt;/span&gt;&lt;br /&gt;&lt;div&gt;&lt;img src=&quot;https://t00.deviantart.net/TI0WeCxnMEQFeD3uIhxwDz1jY4E=/300x200/filters:fixed_height(100,100):origin()/pre00/0577/th/pre/i/2014/132/7/1/stitch_and_toothless_by_tsaoshin-d7i57wg.png&quot; alt=&quot;thumbnail&quot; /&gt;&lt;/div&gt;</description>            </item>
        <item>
            <title>Guitar-Emote-Hero revamp</title>
            <link>https://cookiemagik.deviantart.com/art/Guitar-Emote-Hero-revamp-90626388</link>
            <guid isPermaLink="true">https://cookiemagik.deviantart.com/art/Guitar-Emote-Hero-revamp-90626388</guid>
            <pubDate>Fri, 04 Jul 2008 05:25:39 PDT</pubDate>
            <media:title type="plain">Guitar-Emote-Hero revamp</media:title>
            <media:keywords></media:keywords>
            <media:rating>nonadult</media:rating>
            <media:category label="Other">customization/emoticons/other</media:category>
            <media:credit role="author" scheme="urn:ebu">CookiemagiK</media:credit>
            <media:credit role="author" scheme="urn:ebu">https://a.deviantart.net/avatars/c/o/cookiemagik.gif?10</media:credit>
            <media:copyright url="https://cookiemagik.deviantart.com">Copyright 2008-2019 CookiemagiK</media:copyright>            <media:description type="html">Finished at last! &lt;img src=&quot;http://e.deviantart.net/emoticons/f/faint.gif&quot; width=&quot;18&quot; height=&quot;17&quot; alt=&quot;:faint:&quot; title=&quot;I think I&#039;ve fainted.&quot;/&gt;&lt;br /&gt;Took me 3 loooong days! and to think that I actually considered giving up. (I&#039;m glad I didn&#039;t &lt;img src=&quot;http://e.deviantart.net/emoticons/r/razz.gif&quot; width=&quot;15&quot; height=&quot;15&quot; alt=&quot;=p&quot; title=&quot;=p (Razz)&quot;/&gt; )&lt;br /&gt;&lt;br /&gt;This is a revamp of my old &lt;a href=&quot;http://cookiemagik.deviantart.com/art/Guitar-emote-Hero-70400581&quot;&gt;Guitar emote hero&lt;/a&gt; emote that I made last year. Hope you like it &lt;img src=&quot;http://e.deviantart.net/emoticons/s/smile.gif&quot; width=&quot;15&quot; height=&quot;15&quot; alt=&quot;:)&quot; title=&quot;:) (Smile)&quot;/&gt;&lt;br /&gt;&lt;br /&gt;Created using &lt;b&gt;Adobe Fireworks CS3&lt;/b&gt;&lt;br /&gt;Frames: 120&lt;br /&gt;Frame rate: 0.08&lt;br /&gt;Layers: *dies from counting*&lt;br /&gt;Time spent: a lot &lt;img src=&quot;http://e.deviantart.net/emoticons/letters/=p.gif&quot; width=&quot;15&quot; height=&quot;15&quot; alt=&quot;:p&quot; title=&quot;:p (Lick)&quot;/&gt;&lt;br /&gt;&lt;br /&gt;&lt;br /&gt;Yay DD! &lt;a href=&quot;http://excitedplz.deviantart.com/&quot;&gt;&lt;img class=&quot;avatar&quot; src=&quot;http://a.deviantart.net/avatars/e/x/excitedplz.gif&quot; alt=&quot;:iconexcitedplz:&quot; title=&quot;excitedplz&quot;/&gt;&lt;/a&gt;&lt;br /&gt;Thanks `&lt;a class=&quot;u&quot; href=&quot;http://chimpantalones.deviantart.com/&quot;&gt;Chimpantalones&lt;/a&gt; !! ~&lt;a class=&quot;u&quot; href=&quot;http://revesburger.deviantart.com/&quot;&gt;revesburger&lt;/a&gt; !! and the 22 others who suggested it!!! &lt;img src=&quot;http://e.deviantart.net/emoticons/l/lol.gif&quot; width=&quot;15&quot; height=&quot;15&quot; alt=&quot;:lol:&quot; title=&quot;LOL&quot;/&gt;&lt;br /&gt;&lt;a href=&quot;http://redbullglompplz.deviantart.com/&quot;&gt;&lt;img class=&quot;avatar&quot; src=&quot;http://a.deviantart.net/avatars/r/e/redbullglompplz.gif&quot; alt=&quot;:iconredbullglompplz:&quot; title=&quot;redbullglompplz&quot;/&gt;&lt;/a&gt;&lt;br /&gt;&lt;br /&gt;And thanks everyone for all the wonderful comments ^__^</media:description>            <media:thumbnail url="https://orig00.deviantart.net/8bc4/f/2009/137/9/9/guitar_emote_hero_revamp_by_cookiemagik.gif" height="149" width="149"/>            <media:thumbnail url="https://orig00.deviantart.net/8bc4/f/2009/137/9/9/guitar_emote_hero_revamp_by_cookiemagik.gif" height="149" width="149"/>            <media:thumbnail url="https://orig00.deviantart.net/8bc4/f/2009/137/9/9/guitar_emote_hero_revamp_by_cookiemagik.gif" height="149" width="149"/>            <media:content url="https://orig00.deviantart.net/8bc4/f/2009/137/9/9/guitar_emote_hero_revamp_by_cookiemagik.gif" height="149" width="149" medium="image"/>
            <description>Finished at last! &lt;img src=&quot;http://e.deviantart.net/emoticons/f/faint.gif&quot; width=&quot;18&quot; height=&quot;17&quot; alt=&quot;:faint:&quot; title=&quot;I think I&#039;ve fainted.&quot;/&gt;&lt;br /&gt;Took me 3 loooong days! and to think that I actually considered giving up. (I&#039;m glad I didn&#039;t &lt;img src=&quot;http://e.deviantart.net/emoticons/r/razz.gif&quot; width=&quot;15&quot; height=&quot;15&quot; alt=&quot;=p&quot; title=&quot;=p (Razz)&quot;/&gt; )&lt;br /&gt;&lt;br /&gt;This is a revamp of my old &lt;a href=&quot;http://cookiemagik.deviantart.com/art/Guitar-emote-Hero-70400581&quot;&gt;Guitar emote hero&lt;/a&gt; emote that I made last year. Hope you like it &lt;img src=&quot;http://e.deviantart.net/emoticons/s/smile.gif&quot; width=&quot;15&quot; height=&quot;15&quot; alt=&quot;:)&quot; title=&quot;:) (Smile)&quot;/&gt;&lt;br /&gt;&lt;br /&gt;Created using &lt;b&gt;Adobe Fireworks CS3&lt;/b&gt;&lt;br /&gt;Frames: 120&lt;br /&gt;Frame rate: 0.08&lt;br /&gt;Layers: *dies from counting*&lt;br /&gt;Time spent: a lot &lt;img src=&quot;http://e.deviantart.net/emoticons/letters/=p.gif&quot; width=&quot;15&quot; height=&quot;15&quot; alt=&quot;:p&quot; title=&quot;:p (Lick)&quot;/&gt;&lt;br /&gt;&lt;br /&gt;&lt;br /&gt;Yay DD! &lt;a href=&quot;http://excitedplz.deviantart.com/&quot;&gt;&lt;img class=&quot;avatar&quot; src=&quot;http://a.deviantart.net/avatars/e/x/excitedplz.gif&quot; alt=&quot;:iconexcitedplz:&quot; title=&quot;excitedplz&quot;/&gt;&lt;/a&gt;&lt;br /&gt;Thanks `&lt;a class=&quot;u&quot; href=&quot;http://chimpantalones.deviantart.com/&quot;&gt;Chimpantalones&lt;/a&gt; !! ~&lt;a class=&quot;u&quot; href=&quot;http://revesburger.deviantart.com/&quot;&gt;revesburger&lt;/a&gt; !! and the 22 others who suggested it!!! &lt;img src=&quot;http://e.deviantart.net/emoticons/l/lol.gif&quot; width=&quot;15&quot; height=&quot;15&quot; alt=&quot;:lol:&quot; title=&quot;LOL&quot;/&gt;&lt;br /&gt;&lt;a href=&quot;http://redbullglompplz.deviantart.com/&quot;&gt;&lt;img class=&quot;avatar&quot; src=&quot;http://a.deviantart.net/avatars/r/e/redbullglompplz.gif&quot; alt=&quot;:iconredbullglompplz:&quot; title=&quot;redbullglompplz&quot;/&gt;&lt;/a&gt;&lt;br /&gt;&lt;br /&gt;And thanks everyone for all the wonderful comments ^__^&lt;br /&gt;&lt;div&gt;&lt;img src=&quot;https://orig00.deviantart.net/8bc4/f/2009/137/9/9/guitar_emote_hero_revamp_by_cookiemagik.gif&quot; alt=&quot;thumbnail&quot; /&gt;&lt;/div&gt;</description>            </item>
        <item>
            <title>Forgotten Fairytales</title>
            <link>https://zemotion.deviantart.com/art/Forgotten-Fairytales-58397032</link>
            <guid isPermaLink="true">https://zemotion.deviantart.com/art/Forgotten-Fairytales-58397032</guid>
            <pubDate>Mon, 25 Jun 2007 10:36:14 PDT</pubDate>
            <media:title type="plain">Forgotten Fairytales</media:title>
            <media:keywords></media:keywords>
            <media:rating>nonadult</media:rating>
            <media:category label="Emotive Portraits">photography/people/emotive</media:category>
            <media:credit role="author" scheme="urn:ebu">zemotion</media:credit>
            <media:credit role="author" scheme="urn:ebu">https://a.deviantart.net/avatars/z/e/zemotion.jpg</media:credit>
            <media:copyright url="https://zemotion.deviantart.com">Copyright 2007-2019 zemotion</media:copyright>
            <media:community>
                <media:tags>@zemotion</media:tags>
            </media:community>            <media:description type="html">&lt;sub&gt;&lt;i&gt;&lt;b&gt;she believed and held on&lt;br /&gt;to everything that was once promised,&lt;br /&gt;&lt;br /&gt;everything that would be,&lt;br /&gt;fading away...&lt;/b&gt;&lt;/i&gt;&lt;br /&gt;&lt;br /&gt;---&lt;/sub&gt;&lt;sub&gt;&lt;br /&gt;Photography: Zhang Jingna&lt;br /&gt;Model: Sveta&lt;/sub&gt;&lt;sub&gt;&lt;br /&gt;&lt;br /&gt;&lt;/sub&gt;&lt;span&gt;Get prints for this piece here! &amp;#128073;&amp;nbsp;&lt;b&gt;&lt;a class=&quot;external&quot; href=&quot;http://www.deviantart.com/users/outgoing?https://www.motherlandchronicles.com/store/forgotten-fairytales-zemotion-print&quot;&gt;www.motherlandchronicles.com/s&amp;hellip;&lt;/a&gt;&lt;/b&gt;&lt;/span&gt;&lt;b&gt;&lt;br /&gt;&lt;/b&gt;&lt;sub&gt;&lt;br /&gt;&lt;/sub&gt;&lt;span&gt;&lt;span&gt;&lt;span&gt;&lt;span&gt;&lt;span&gt;&lt;span&gt;&amp;#10024; My photography course, Artistic Portrait Photography:&amp;nbsp; &lt;b&gt;&lt;a class=&quot;external&quot; href=&quot;https://www.deviantart.com/users/outgoing?https://zemt.io/n-learn&quot;&gt;&lt;span&gt;http://&lt;/span&gt;zemt.io/n-learn&lt;/a&gt;&lt;/b&gt; &amp;#128513; &lt;br /&gt;&lt;br /&gt;Follow me~! &lt;br /&gt;- &lt;a href=&quot;http://www.deviantart.com/users/outgoing?http://facebook.com/zemotion&quot;&gt;&lt;a class=&quot;external&quot; href=&quot;http://www.deviantart.com/users/outgoing?http://facebook.com/zemotion&quot;&gt;facebook.com/zemotion&lt;/a&gt;&lt;/a&gt;&lt;br /&gt; - &lt;/span&gt;&lt;/span&gt;&lt;/span&gt;&lt;span&gt;&lt;span&gt;&lt;span&gt;&lt;a class=&quot;external&quot; href=&quot;http://www.deviantart.com/users/outgoing?http://instagram.com/zemotion&quot;&gt;Instagram&lt;/a&gt; &lt;br /&gt;- &lt;a class=&quot;external&quot; href=&quot;http://www.deviantart.com/users/outgoing?http://zemotion.tumblr.com/&quot;&gt;&lt;span&gt;http://&lt;/span&gt;&lt;span&gt;&lt;/span&gt;zemotion.tumblr.com&lt;/a&gt;&lt;/span&gt;&lt;/span&gt;&lt;/span&gt;&lt;/span&gt;&lt;/span&gt;&lt;/span&gt;&lt;sub&gt;&lt;br /&gt;&lt;/sub&gt;&lt;sub&gt;&lt;br /&gt;&lt;/sub&gt;&lt;br /&gt;&lt;a target=&quot;_self&quot; href=&quot;http://donotuseplz.deviantart.com/&quot; &gt;&lt;img class=&quot;avatar&quot; width=&quot;50&quot; height=&quot;50&quot; src=&quot;http://a.deviantart.net/avatars/d/o/donotuseplz.gif?2&quot; alt=&quot;:icondonotuseplz:&quot; title=&quot;DoNotUsePlz&quot; /&gt;&lt;/a&gt;&lt;a target=&quot;_self&quot; href=&quot;http://myartplz.deviantart.com/&quot; &gt;&lt;img class=&quot;avatar&quot; width=&quot;50&quot; height=&quot;50&quot; src=&quot;http://a.deviantart.net/avatars/m/y/myartplz.gif?2&quot; alt=&quot;:iconmyartplz:&quot; title=&quot;MyArtPlz&quot; /&gt;&lt;/a&gt;&lt;br /&gt;&lt;br /&gt;&amp;#169; &lt;a class=&quot;external&quot; href=&quot;http://www.deviantart.com/users/outgoing?http://zhangjingna.com&quot;&gt;Zhang Jingna&lt;/a&gt;&lt;br /&gt;&lt;a href=&quot;https://zemotion.deviantart.com/journal/11874041/&quot;&gt;&lt;b&gt;Copyright Notice&lt;/b&gt;&lt;/a&gt;</media:description>            <media:thumbnail url="https://t00.deviantart.net/ihitMx7bYv66IeZ2XDe9b6HghvM=/fit-in/150x150/filters:no_upscale():origin()/pre00/6f21/th/pre/f/2013/311/2/5/forgotten_fairytales_by_zemotion-dyrnfs.jpg" height="150" width="113"/>            <media:thumbnail url="https://t00.deviantart.net/pr5wFVhVBCvdDBHTObtJVWPGs6A=/fit-in/300x900/filters:no_upscale():origin()/pre00/6f21/th/pre/f/2013/311/2/5/forgotten_fairytales_by_zemotion-dyrnfs.jpg" height="400" width="300"/>            <media:thumbnail url="https://t00.deviantart.net/KnI2iyVljPhiCFLJvt4gFpWxL6Q=/300x200/filters:fixed_height(100,100):origin()/pre00/6f21/th/pre/f/2013/311/2/5/forgotten_fairytales_by_zemotion-dyrnfs.jpg" height="200" width="150"/>            <media:content url="https://orig00.deviantart.net/5aee/f/2013/311/2/5/forgotten_fairytales_by_zemotion-dyrnfs.jpg" height="642" width="482" medium="image"/>
            <description>&lt;sub&gt;&lt;i&gt;&lt;b&gt;she believed and held on&lt;br /&gt;to everything that was once promised,&lt;br /&gt;&lt;br /&gt;everything that would be,&lt;br /&gt;fading away...&lt;/b&gt;&lt;/i&gt;&lt;br /&gt;&lt;br /&gt;---&lt;/sub&gt;&lt;sub&gt;&lt;br /&gt;Photography: Zhang Jingna&lt;br /&gt;Model: Sveta&lt;/sub&gt;&lt;sub&gt;&lt;br /&gt;&lt;br /&gt;&lt;/sub&gt;&lt;span&gt;Get prints for this piece here! &amp;#128073;&amp;nbsp;&lt;b&gt;&lt;a class=&quot;external&quot; href=&quot;http://www.deviantart.com/users/outgoing?https://www.motherlandchronicles.com/store/forgotten-fairytales-zemotion-print&quot;&gt;www.motherlandchronicles.com/s&amp;hellip;&lt;/a&gt;&lt;/b&gt;&lt;/span&gt;&lt;b&gt;&lt;br /&gt;&lt;/b&gt;&lt;sub&gt;&lt;br /&gt;&lt;/sub&gt;&lt;span&gt;&lt;span&gt;&lt;span&gt;&lt;span&gt;&lt;span&gt;&lt;span&gt;&amp;#10024; My photography course, Artistic Portrait Photography:&amp;nbsp; &lt;b&gt;&lt;a class=&quot;external&quot; href=&quot;https://www.deviantart.com/users/outgoing?https://zemt.io/n-learn&quot;&gt;&lt;span&gt;http://&lt;/span&gt;zemt.io/n-learn&lt;/a&gt;&lt;/b&gt; &amp;#128513; &lt;br /&gt;&lt;br /&gt;Follow me~! &lt;br /&gt;- &lt;a href=&quot;http://www.deviantart.com/users/outgoing?http://facebook.com/zemotion&quot;&gt;&lt;a class=&quot;external&quot; href=&quot;http://www.deviantart.com/users/outgoing?http://facebook.com/zemotion&quot;&gt;facebook.com/zemotion&lt;/a&gt;&lt;/a&gt;&lt;br /&gt; - &lt;/span&gt;&lt;/span&gt;&lt;/span&gt;&lt;span&gt;&lt;span&gt;&lt;span&gt;&lt;a class=&quot;external&quot; href=&quot;http://www.deviantart.com/users/outgoing?http://instagram.com/zemotion&quot;&gt;Instagram&lt;/a&gt; &lt;br /&gt;- &lt;a class=&quot;external&quot; href=&quot;http://www.deviantart.com/users/outgoing?http://zemotion.tumblr.com/&quot;&gt;&lt;span&gt;http://&lt;/span&gt;&lt;span&gt;&lt;/span&gt;zemotion.tumblr.com&lt;/a&gt;&lt;/span&gt;&lt;/span&gt;&lt;/span&gt;&lt;/span&gt;&lt;/span&gt;&lt;/span&gt;&lt;sub&gt;&lt;br /&gt;&lt;/sub&gt;&lt;sub&gt;&lt;br /&gt;&lt;/sub&gt;&lt;br /&gt;&lt;a target=&quot;_self&quot; href=&quot;http://donotuseplz.deviantart.com/&quot; &gt;&lt;img class=&quot;avatar&quot; width=&quot;50&quot; height=&quot;50&quot; src=&quot;http://a.deviantart.net/avatars/d/o/donotuseplz.gif?2&quot; alt=&quot;:icondonotuseplz:&quot; title=&quot;DoNotUsePlz&quot; /&gt;&lt;/a&gt;&lt;a target=&quot;_self&quot; href=&quot;http://myartplz.deviantart.com/&quot; &gt;&lt;img class=&quot;avatar&quot; width=&quot;50&quot; height=&quot;50&quot; src=&quot;http://a.deviantart.net/avatars/m/y/myartplz.gif?2&quot; alt=&quot;:iconmyartplz:&quot; title=&quot;MyArtPlz&quot; /&gt;&lt;/a&gt;&lt;br /&gt;&lt;br /&gt;&amp;#169; &lt;a class=&quot;external&quot; href=&quot;http://www.deviantart.com/users/outgoing?http://zhangjingna.com&quot;&gt;Zhang Jingna&lt;/a&gt;&lt;br /&gt;&lt;a href=&quot;https://zemotion.deviantart.com/journal/11874041/&quot;&gt;&lt;b&gt;Copyright Notice&lt;/b&gt;&lt;/a&gt;&lt;br /&gt;&lt;div&gt;&lt;img src=&quot;https://t00.deviantart.net/KnI2iyVljPhiCFLJvt4gFpWxL6Q=/300x200/filters:fixed_height(100,100):origin()/pre00/6f21/th/pre/f/2013/311/2/5/forgotten_fairytales_by_zemotion-dyrnfs.jpg&quot; alt=&quot;thumbnail&quot; /&gt;&lt;/div&gt;</description>            </item>
        <item>
            <title>Loss</title>
            <link>https://lycanium.deviantart.com/art/Loss-468754170</link>
            <guid isPermaLink="true">https://lycanium.deviantart.com/art/Loss-468754170</guid>
            <pubDate>Thu, 17 Jul 2014 11:08:07 PDT</pubDate>
            <media:title type="plain">Loss</media:title>
            <media:keywords></media:keywords>
            <media:rating>nonadult</media:rating>
            <media:category label="Animals">traditional/paintings/animals</media:category>
            <media:credit role="author" scheme="urn:ebu">Lycanium</media:credit>
            <media:credit role="author" scheme="urn:ebu">https://a.deviantart.net/avatars/l/y/lycanium.png?3</media:credit>
            <media:copyright url="https://lycanium.deviantart.com">Copyright 2014-2019 Lycanium</media:copyright>            <media:description type="html">&lt;p&gt;&lt;b&gt;&lt;span&gt;Available as print, here:&amp;nbsp;&lt;a class=&quot;external&quot; href=&quot;http://www.deviantart.com/users/outgoing?https://society6.com/imaginarywolf&quot;&gt;society6.com/imaginarywolf&lt;/a&gt;&lt;br /&gt;&lt;br /&gt;&lt;br /&gt;&lt;/span&gt;&lt;/b&gt;&lt;/p&gt;&lt;p&gt;&lt;b&gt;&lt;span&gt;Edit, please read&amp;nbsp;&lt;br /&gt; &lt;br /&gt; &lt;/span&gt;&lt;/b&gt;&lt;span&gt;this image have been stolen, altered and posted on multiple social media. So if you see this on 9gag, twitter, Facebook, or Tumblr with quotations like &amp;#8220;My pain means nothing if you are hurt&amp;#8221;, &amp;#8220;pain is relative&amp;#8221;, or &amp;#8220;new me- older me&amp;#8221;, you id be thankful if informed me. I&#039;m not on many other social media sites expect for tumblr, so if you stumble across this anywhere&amp;nbsp;I&#039;d greatful if you comment with link back to here&lt;/span&gt;&lt;span&gt;&lt;/span&gt;&lt;/p&gt;&lt;p&gt; &lt;/p&gt;&lt;p&gt;&lt;span&gt;The captions mentioned above are not wrong. You are free to interpret this image however you want: as a story of a mother wolf who failed to protect her cub, or as a symbolic comparison of pain.&amp;nbsp;&lt;/span&gt;&lt;/p&gt;&lt;b&gt;&lt;span class=&quot;shadow-holder&quot; data-embed-type=&quot;deviation&quot; data-embed-id=&quot;384750432&quot; data-embed-format=&quot;thumb&quot;&gt;&lt;span class=&quot;shadow mild&quot; &gt;&lt;a class=&quot;thumb&quot; href=&quot;http://blaue-rose.deviantart.com/art/All-Rights-Reserved-Stamp-384750432&quot; title=&quot;All Rights Reserved Stamp by Blaue-Rose, Jul 12, 2013 in DeviantArt Related &amp;gt; Deviant Stamps&quot;        data-sigil=&quot;thumb&quot;&gt;
            &lt;i&gt;&lt;/i&gt;&lt;img   width=&quot;99&quot; height=&quot;56&quot; alt=&quot;All Rights Reserved Stamp by Blaue-Rose&quot; src=&quot;http://orig09.deviantart.net/79e3/f/2013/193/3/6/all_rights_reserved_stamp_by_blaue_rose-d6d2jc0.gif&quot; data-src=&quot;http://orig09.deviantart.net/79e3/f/2013/193/3/6/all_rights_reserved_stamp_by_blaue_rose-d6d2jc0.gif&quot; srcset=&quot;http://orig09.deviantart.net/79e3/f/2013/193/3/6/all_rights_reserved_stamp_by_blaue_rose-d6d2jc0.gif 99w&quot; sizes=&quot;99px&quot;&gt;&lt;/a&gt;&lt;/span&gt;&lt;!-- ^TTT --&gt;&lt;!-- TTT$ --&gt;&lt;/span&gt;&lt;br /&gt;&lt;br /&gt;*cries over own sad art*&lt;br /&gt;&lt;br /&gt;&lt;small&gt; &lt;a target=&quot;_self&quot; href=&quot;http://jangaaliian.deviantart.com/&quot; &gt;&lt;img class=&quot;avatar&quot; width=&quot;50&quot; height=&quot;50&quot; src=&quot;http://a.deviantart.net/avatars/j/a/jangaaliian.jpg?4&quot; alt=&quot;:iconjangaaliian:&quot; title=&quot;Jangaaliian&quot; /&gt;&lt;/a&gt; gave me an idea for a drawing and I developed it into this &lt;small&gt;&lt;br /&gt;...&lt;/small&gt;&lt;/small&gt;&lt;/b&gt;</media:description>            <media:thumbnail url="https://t00.deviantart.net/sedjl_EiZ8XKq6cvCfY8C_x5gpw=/fit-in/150x150/filters:no_upscale():origin()/pre00/2891/th/pre/i/2014/198/f/5/loss_by_imaginary_wolf-d7r3116.jpg" height="89" width="150"/>            <media:thumbnail url="https://t00.deviantart.net/4u18WDmrVC48Hz1h12mAfOu-LCo=/fit-in/300x900/filters:no_upscale():origin()/pre00/2891/th/pre/i/2014/198/f/5/loss_by_imaginary_wolf-d7r3116.jpg" height="177" width="300"/>            <media:thumbnail url="https://t00.deviantart.net/Bq3V4roVxb5RQDIGA9UV59jf_OU=/300x200/filters:fixed_height(100,100):origin()/pre00/2891/th/pre/i/2014/198/f/5/loss_by_imaginary_wolf-d7r3116.jpg" height="177" width="300"/>            <media:content url="https://img00.deviantart.net/93ea/i/2014/198/f/5/loss_by_imaginary_wolf-d7r3116.jpg" height="605" width="1024" medium="image"/>
            <description>&lt;p&gt;&lt;b&gt;&lt;span&gt;Available as print, here:&amp;nbsp;&lt;a class=&quot;external&quot; href=&quot;http://www.deviantart.com/users/outgoing?https://society6.com/imaginarywolf&quot;&gt;society6.com/imaginarywolf&lt;/a&gt;&lt;br /&gt;&lt;br /&gt;&lt;br /&gt;&lt;/span&gt;&lt;/b&gt;&lt;/p&gt;&lt;p&gt;&lt;b&gt;&lt;span&gt;Edit, please read&amp;nbsp;&lt;br /&gt; &lt;br /&gt; &lt;/span&gt;&lt;/b&gt;&lt;span&gt;this image have been stolen, altered and posted on multiple social media. So if you see this on 9gag, twitter, Facebook, or Tumblr with quotations like &amp;#8220;My pain means nothing if you are hurt&amp;#8221;, &amp;#8220;pain is relative&amp;#8221;, or &amp;#8220;new me- older me&amp;#8221;, you id be thankful if informed me. I&#039;m not on many other social media sites expect for tumblr, so if you stumble across this anywhere&amp;nbsp;I&#039;d greatful if you comment with link back to here&lt;/span&gt;&lt;span&gt;&lt;/span&gt;&lt;/p&gt;&lt;p&gt; &lt;/p&gt;&lt;p&gt;&lt;span&gt;The captions mentioned above are not wrong. You are free to interpret this image however you want: as a story of a mother wolf who failed to protect her cub, or as a symbolic comparison of pain.&amp;nbsp;&lt;/span&gt;&lt;/p&gt;&lt;b&gt;&lt;span class=&quot;shadow-holder&quot; data-embed-type=&quot;deviation&quot; data-embed-id=&quot;384750432&quot; data-embed-format=&quot;thumb&quot;&gt;&lt;span class=&quot;shadow mild&quot; &gt;&lt;a class=&quot;thumb&quot; href=&quot;http://blaue-rose.deviantart.com/art/All-Rights-Reserved-Stamp-384750432&quot; title=&quot;All Rights Reserved Stamp by Blaue-Rose, Jul 12, 2013 in DeviantArt Related &amp;gt; Deviant Stamps&quot;        data-sigil=&quot;thumb&quot;&gt;
                &lt;i&gt;&lt;/i&gt;&lt;img   width=&quot;99&quot; height=&quot;56&quot; alt=&quot;All Rights Reserved Stamp by Blaue-Rose&quot; src=&quot;http://orig09.deviantart.net/79e3/f/2013/193/3/6/all_rights_reserved_stamp_by_blaue_rose-d6d2jc0.gif&quot; data-src=&quot;http://orig09.deviantart.net/79e3/f/2013/193/3/6/all_rights_reserved_stamp_by_blaue_rose-d6d2jc0.gif&quot; srcset=&quot;http://orig09.deviantart.net/79e3/f/2013/193/3/6/all_rights_reserved_stamp_by_blaue_rose-d6d2jc0.gif 99w&quot; sizes=&quot;99px&quot;&gt;&lt;/a&gt;&lt;/span&gt;&lt;!-- ^TTT --&gt;&lt;!-- TTT$ --&gt;&lt;/span&gt;&lt;br /&gt;&lt;br /&gt;*cries over own sad art*&lt;br /&gt;&lt;br /&gt;&lt;small&gt; &lt;a target=&quot;_self&quot; href=&quot;http://jangaaliian.deviantart.com/&quot; &gt;&lt;img class=&quot;avatar&quot; width=&quot;50&quot; height=&quot;50&quot; src=&quot;http://a.deviantart.net/avatars/j/a/jangaaliian.jpg?4&quot; alt=&quot;:iconjangaaliian:&quot; title=&quot;Jangaaliian&quot; /&gt;&lt;/a&gt; gave me an idea for a drawing and I developed it into this &lt;small&gt;&lt;br /&gt;...&lt;/small&gt;&lt;/small&gt;&lt;/b&gt;&lt;br /&gt;&lt;div&gt;&lt;img src=&quot;https://t00.deviantart.net/Bq3V4roVxb5RQDIGA9UV59jf_OU=/300x200/filters:fixed_height(100,100):origin()/pre00/2891/th/pre/i/2014/198/f/5/loss_by_imaginary_wolf-d7r3116.jpg&quot; alt=&quot;thumbnail&quot; /&gt;&lt;/div&gt;</description>            </item>
        <item>
            <title>Wonder Woman Return</title>
            <link>https://artgerm.deviantart.com/art/Wonder-Woman-Return-189437368</link>
            <guid isPermaLink="true">https://artgerm.deviantart.com/art/Wonder-Woman-Return-189437368</guid>
            <pubDate>Mon, 13 Dec 2010 00:39:44 PST</pubDate>
            <media:title type="plain">Wonder Woman Return</media:title>
            <media:keywords></media:keywords>
            <media:rating>nonadult</media:rating>
            <media:category label="Pin-up">digitalart/paintings/people/pinup</media:category>
            <media:credit role="author" scheme="urn:ebu">Artgerm</media:credit>
            <media:credit role="author" scheme="urn:ebu">https://a.deviantart.net/avatars/a/r/artgerm.gif</media:credit>
            <media:copyright url="https://artgerm.deviantart.com">Copyright 2010-2019 Artgerm</media:copyright>            <media:description type="html">This is something I did for fun, cos personally I still prefer the old costume of wonder woman instead of the latest design. &lt;img src=&quot;http://e.deviantart.net/emoticons/s/smile.gif&quot; width=&quot;15&quot; height=&quot;15&quot; alt=&quot;:)&quot; title=&quot;:) (Smile)&quot;/&gt;</media:description>            <media:thumbnail url="https://t00.deviantart.net/namCbJZkJSFC8qggTTUti4r7oBM=/fit-in/150x150/filters:no_upscale():origin()/pre00/3912/th/pre/f/2010/347/7/8/wonder_woman_return_by_artgerm-d34sat4.jpg" height="150" width="99"/>            <media:thumbnail url="https://t00.deviantart.net/YZVKplzIK8kdPJkAkqvgT5QIAOc=/fit-in/300x900/filters:no_upscale():origin()/pre00/3912/th/pre/f/2010/347/7/8/wonder_woman_return_by_artgerm-d34sat4.jpg" height="455" width="300"/>            <media:thumbnail url="https://t00.deviantart.net/Ss_e437YPTAXuxLcLI55rm33_zw=/300x200/filters:fixed_height(100,100):origin()/pre00/3912/th/pre/f/2010/347/7/8/wonder_woman_return_by_artgerm-d34sat4.jpg" height="200" width="132"/>            <media:content url="https://orig00.deviantart.net/3a8a/f/2010/347/7/8/wonder_woman_return_by_artgerm-d34sat4.jpg" height="900" width="593" medium="image"/>
            <description>This is something I did for fun, cos personally I still prefer the old costume of wonder woman instead of the latest design. &lt;img src=&quot;http://e.deviantart.net/emoticons/s/smile.gif&quot; width=&quot;15&quot; height=&quot;15&quot; alt=&quot;:)&quot; title=&quot;:) (Smile)&quot;/&gt;&lt;br /&gt;&lt;div&gt;&lt;img src=&quot;https://t00.deviantart.net/Ss_e437YPTAXuxLcLI55rm33_zw=/300x200/filters:fixed_height(100,100):origin()/pre00/3912/th/pre/f/2010/347/7/8/wonder_woman_return_by_artgerm-d34sat4.jpg&quot; alt=&quot;thumbnail&quot; /&gt;&lt;/div&gt;</description>            </item>
        <item>
            <title>.MISSING YOU.</title>
            <link>https://evol1314.deviantart.com/art/MISSING-YOU-37713602</link>
            <guid isPermaLink="true">https://evol1314.deviantart.com/art/MISSING-YOU-37713602</guid>
            <pubDate>Wed, 09 Aug 2006 15:01:23 PDT</pubDate>
            <media:title type="plain">.MISSING YOU.</media:title>
            <media:keywords></media:keywords>
            <media:rating>nonadult</media:rating>
            <media:category label="Emotional">digitalart/photomanip/emotional</media:category>
            <media:credit role="author" scheme="urn:ebu">evol1314</media:credit>
            <media:credit role="author" scheme="urn:ebu">https://a.deviantart.net/avatars/e/v/evol1314.jpg</media:credit>
            <media:copyright url="https://evol1314.deviantart.com">Copyright 2006-2019 evol1314</media:copyright>            <media:description type="html">a touch from being together&lt;br /&gt;a tear for being apart&lt;br /&gt;although you&amp;#039;re not by my side &lt;br /&gt;you&amp;#039;re always in my heart&lt;br /&gt;&lt;br /&gt;missing you. &lt;br /&gt;&lt;br /&gt;i wanted to make a very simple poem to go along with this piece, keeping it basic and direct maintain focus on the core feeling of missing someone. Both was composed to speak universally to all perspectives of all those in love.&lt;br /&gt;Whether you&amp;#039;ve lost a love one, or is no longer in a relationship with that someone whom you still care about, from business trips to long distance relationship, i hope it will in some small way help you feel better. &lt;br /&gt;-------------------------------------------------------&lt;br /&gt;.i hope it gives you guys a sense of relation, which makes making it worth while...&lt;br /&gt;&lt;br /&gt;&amp;#9829;</media:description>            <media:thumbnail url="https://t00.deviantart.net/ev-lKzgUtgItsw-aWrXRbhuXQoQ=/fit-in/150x150/filters:no_upscale():origin()/pre00/81a6/th/pre/i/2009/011/1/5/_missing_you__by_evol1314.jpg" height="150" width="115"/>            <media:thumbnail url="https://t00.deviantart.net/pNT_HP_WtcTyLj1uY-TuTcmxa6M=/fit-in/300x900/filters:no_upscale():origin()/pre00/81a6/th/pre/i/2009/011/1/5/_missing_you__by_evol1314.jpg" height="391" width="300"/>            <media:thumbnail url="https://t00.deviantart.net/oOrrnafK6BIxxMIWp8ZWcSVdCD8=/300x200/filters:fixed_height(100,100):origin()/pre00/81a6/th/pre/i/2009/011/1/5/_missing_you__by_evol1314.jpg" height="200" width="154"/>            <media:content url="https://img00.deviantart.net/0743/i/2009/011/1/5/_missing_you__by_evol1314.jpg" height="781" width="600" medium="image"/>
            <description>a touch from being together&lt;br /&gt;a tear for being apart&lt;br /&gt;although you&amp;#039;re not by my side &lt;br /&gt;you&amp;#039;re always in my heart&lt;br /&gt;&lt;br /&gt;missing you. &lt;br /&gt;&lt;br /&gt;i wanted to make a very simple poem to go along with this piece, keeping it basic and direct maintain focus on the core feeling of missing someone. Both was composed to speak universally to all perspectives of all those in love.&lt;br /&gt;Whether you&amp;#039;ve lost a love one, or is no longer in a relationship with that someone whom you still care about, from business trips to long distance relationship, i hope it will in some small way help you feel better. &lt;br /&gt;-------------------------------------------------------&lt;br /&gt;.i hope it gives you guys a sense of relation, which makes making it worth while...&lt;br /&gt;&lt;br /&gt;&amp;#9829;&lt;br /&gt;&lt;div&gt;&lt;img src=&quot;https://t00.deviantart.net/oOrrnafK6BIxxMIWp8ZWcSVdCD8=/300x200/filters:fixed_height(100,100):origin()/pre00/81a6/th/pre/i/2009/011/1/5/_missing_you__by_evol1314.jpg&quot; alt=&quot;thumbnail&quot; /&gt;&lt;/div&gt;</description>            </item>
        <item>
            <title>Ice cream</title>
            <link>https://jiyu-kaze.deviantart.com/art/Ice-cream-437235329</link>
            <guid isPermaLink="true">https://jiyu-kaze.deviantart.com/art/Ice-cream-437235329</guid>
            <pubDate>Fri, 28 Feb 2014 07:12:20 PST</pubDate>
            <media:title type="plain">Ice cream</media:title>
            <media:keywords></media:keywords>
            <media:rating>nonadult</media:rating>
            <media:category label="Portraits">digitalart/paintings/people/portraits</media:category>
            <media:credit role="author" scheme="urn:ebu">Jiyu-Kaze</media:credit>
            <media:credit role="author" scheme="urn:ebu">https://a.deviantart.net/avatars/j/i/jiyu-kaze.gif?8</media:credit>
            <media:copyright url="https://jiyu-kaze.deviantart.com">Copyright 2014-2019 Jiyu-Kaze</media:copyright>             <creativeCommons:license>http://creativecommons.org/licenses/by-nc-nd/3.0/</creativeCommons:license>
            <media:description type="html">finally T.T ...&amp;nbsp;&lt;br /&gt;&lt;br /&gt;&lt;br /&gt;step by step: &lt;a class=&quot;external&quot; href=&quot;http://www.deviantart.com/users/outgoing?https://www.facebook.com/photo.php?fbid=604410012982274&amp;set=a.590138841076058.1073741828.505782986178311&amp;amp;type=1&amp;amp;theater&quot;&gt;www.facebook.com/photo.php?fbi&amp;hellip;&lt;/a&gt;&lt;br /&gt;&lt;div&gt;&lt;br /&gt;more:&amp;nbsp;&lt;span class=&quot;shadow-holder&quot; data-embed-type=&quot;deviation&quot; data-embed-id=&quot;425918408&quot; data-embed-format=&quot;thumb&quot;&gt;&lt;span class=&quot;shadow mild&quot; &gt;&lt;a class=&quot;thumb&quot; href=&quot;http://jiyu-kaze.deviantart.com/art/blastoise-425918408&quot; title=&quot;blastoise by Jiyu-Kaze, Jan 10, 2014 in Fan Art &amp;gt; Digital Art &amp;gt; Painting &amp;amp; Airbrushing &amp;gt; Games&quot; data-super-img=&quot;http://th06.deviantart.net/fs71/PRE/f/2014/009/8/0/blastoise_by_jiyu_kaze-d71kwqw.jpg&quot; data-super-width=&quot;826&quot; data-super-height=&quot;967&quot; data-super-transparent=&quot;false&quot; data-super-full-img=&quot;http://fc09.deviantart.net/fs71/f/2014/009/8/0/blastoise_by_jiyu_kaze-d71kwqw.jpg&quot; data-super-full-width=&quot;1281&quot; data-super-full-height=&quot;1500&quot;&gt;&lt;i&gt;&lt;/i&gt;&lt;img   width=&quot;128&quot; height=&quot;150&quot; alt=&quot;blastoise by Jiyu-Kaze&quot; src=&quot;http://th03.deviantart.net/fs71/150/f/2014/009/8/0/blastoise_by_jiyu_kaze-d71kwqw.jpg&quot; data-src=&quot;http://th03.deviantart.net/fs71/150/f/2014/009/8/0/blastoise_by_jiyu_kaze-d71kwqw.jpg&quot;&gt;&lt;/a&gt;&lt;/span&gt;&lt;!-- ^TTT --&gt;&lt;!-- TTT$ --&gt;&lt;/span&gt;&amp;nbsp;&lt;span class=&quot;shadow-holder&quot; data-embed-type=&quot;deviation&quot; data-embed-id=&quot;426455905&quot; data-embed-format=&quot;thumb&quot;&gt;&lt;span class=&quot;shadow mild&quot; &gt;&lt;a class=&quot;thumb&quot; href=&quot;http://jiyu-kaze.deviantart.com/art/practice-426455905&quot; title=&quot;practice by Jiyu-Kaze, Jan 12, 2014 in Digital Art &amp;gt; Drawings &amp;amp; Paintings &amp;gt; Other&quot; data-super-img=&quot;http://th01.deviantart.net/fs70/PRE/f/2014/012/2/f/let_it_by_jiyu_kaze-d71wfhd.jpg&quot; data-super-width=&quot;1302&quot; data-super-height=&quot;614&quot; data-super-transparent=&quot;false&quot; data-super-full-img=&quot;http://fc01.deviantart.net/fs70/f/2014/012/2/f/let_it_by_jiyu_kaze-d71wfhd.jpg&quot; data-super-full-width=&quot;2652&quot; data-super-full-height=&quot;1250&quot;&gt;&lt;i&gt;&lt;/i&gt;&lt;img   width=&quot;150&quot; height=&quot;71&quot; alt=&quot;practice by Jiyu-Kaze&quot; src=&quot;http://th04.deviantart.net/fs70/150/f/2014/012/2/f/let_it_by_jiyu_kaze-d71wfhd.jpg&quot; data-src=&quot;http://th04.deviantart.net/fs70/150/f/2014/012/2/f/let_it_by_jiyu_kaze-d71wfhd.jpg&quot;&gt;&lt;/a&gt;&lt;/span&gt;&lt;!-- ^TTT --&gt;&lt;!-- TTT$ --&gt;&lt;/span&gt;&lt;span class=&quot;shadow-holder&quot; data-embed-type=&quot;deviation&quot; data-embed-id=&quot;366532554&quot; data-embed-format=&quot;thumb&quot;&gt;&lt;span class=&quot;shadow mild&quot; &gt;&lt;a class=&quot;thumb&quot; href=&quot;http://jiyu-kaze.deviantart.com/art/Soul-Eater-366532554&quot; title=&quot;Soul Eater by Jiyu-Kaze, Apr 19, 2013 in Digital Art &amp;gt; Drawings &amp;amp; Paintings &amp;gt; Fantasy&quot; data-super-img=&quot;http://th00.deviantart.net/fs71/PRE/f/2013/109/0/b/0b2b00fa14d317cdbd3676c2d5026754-d6282bu.jpg&quot; data-super-width=&quot;1192&quot; data-super-height=&quot;670&quot; data-super-transparent=&quot;false&quot; data-super-full-img=&quot;http://fc02.deviantart.net/fs71/f/2013/109/0/b/0b2b00fa14d317cdbd3676c2d5026754-d6282bu.jpg&quot; data-super-full-width=&quot;1920&quot; data-super-full-height=&quot;1080&quot;&gt;&lt;i&gt;&lt;/i&gt;&lt;img   width=&quot;150&quot; height=&quot;84&quot; alt=&quot;Soul Eater by Jiyu-Kaze&quot; src=&quot;http://th04.deviantart.net/fs71/150/f/2013/109/0/b/0b2b00fa14d317cdbd3676c2d5026754-d6282bu.jpg&quot; data-src=&quot;http://th04.deviantart.net/fs71/150/f/2013/109/0/b/0b2b00fa14d317cdbd3676c2d5026754-d6282bu.jpg&quot;&gt;&lt;/a&gt;&lt;/span&gt;&lt;!-- ^TTT --&gt;&lt;!-- TTT$ --&gt;&lt;/span&gt;&lt;br /&gt;&lt;br /&gt;&lt;span&gt;facebook:&amp;nbsp;&lt;/span&gt;&lt;a class=&quot;external&quot; href=&quot;http://www.deviantart.com/users/outgoing?https://www.facebook.com/jkaze0&quot;&gt;www.facebook.com/jkaze0&lt;/a&gt;&lt;br /&gt;&lt;span&gt;print:&amp;nbsp;&lt;/span&gt;&lt;a class=&quot;external&quot; href=&quot;http://www.deviantart.com/users/outgoing?http://bit.ly/1gb9Bgf&quot;&gt;bit.ly/1gb9Bgf&lt;/a&gt;&lt;br /&gt;&lt;br /&gt;&lt;br /&gt;&lt;/div&gt;</media:description>            <media:thumbnail url="https://t00.deviantart.net/8HQulxyd-H3bE5LRWtsYxht2Vz8=/fit-in/150x150/filters:no_upscale():origin()/pre00/8fc9/th/pre/f/2014/073/7/f/elsa__frozen__by_jiyu_kaze-d78bgxt.jpg" height="150" width="97"/>            <media:thumbnail url="https://t00.deviantart.net/jLL9n_gq46xKIc2e8o6aJs6roIQ=/fit-in/300x900/filters:no_upscale():origin()/pre00/8fc9/th/pre/f/2014/073/7/f/elsa__frozen__by_jiyu_kaze-d78bgxt.jpg" height="464" width="300"/>            <media:thumbnail url="https://t00.deviantart.net/WHcSnUv3Nno4GtcyIQHjxoEpOtE=/300x200/filters:fixed_height(100,100):origin()/pre00/8fc9/th/pre/f/2014/073/7/f/elsa__frozen__by_jiyu_kaze-d78bgxt.jpg" height="200" width="129"/>            <media:content url="https://pre00.deviantart.net/8fc9/th/pre/f/2014/073/7/f/elsa__frozen__by_jiyu_kaze-d78bgxt.jpg" height="1112" width="719" medium="image"/>
            <description>finally T.T ...&amp;nbsp;&lt;br /&gt;&lt;br /&gt;&lt;br /&gt;step by step: &lt;a class=&quot;external&quot; href=&quot;http://www.deviantart.com/users/outgoing?https://www.facebook.com/photo.php?fbid=604410012982274&amp;set=a.590138841076058.1073741828.505782986178311&amp;amp;type=1&amp;amp;theater&quot;&gt;www.facebook.com/photo.php?fbi&amp;hellip;&lt;/a&gt;&lt;br /&gt;&lt;div&gt;&lt;br /&gt;more:&amp;nbsp;&lt;span class=&quot;shadow-holder&quot; data-embed-type=&quot;deviation&quot; data-embed-id=&quot;425918408&quot; data-embed-format=&quot;thumb&quot;&gt;&lt;span class=&quot;shadow mild&quot; &gt;&lt;a class=&quot;thumb&quot; href=&quot;http://jiyu-kaze.deviantart.com/art/blastoise-425918408&quot; title=&quot;blastoise by Jiyu-Kaze, Jan 10, 2014 in Fan Art &amp;gt; Digital Art &amp;gt; Painting &amp;amp; Airbrushing &amp;gt; Games&quot; data-super-img=&quot;http://th06.deviantart.net/fs71/PRE/f/2014/009/8/0/blastoise_by_jiyu_kaze-d71kwqw.jpg&quot; data-super-width=&quot;826&quot; data-super-height=&quot;967&quot; data-super-transparent=&quot;false&quot; data-super-full-img=&quot;http://fc09.deviantart.net/fs71/f/2014/009/8/0/blastoise_by_jiyu_kaze-d71kwqw.jpg&quot; data-super-full-width=&quot;1281&quot; data-super-full-height=&quot;1500&quot;&gt;&lt;i&gt;&lt;/i&gt;&lt;img   width=&quot;128&quot; height=&quot;150&quot; alt=&quot;blastoise by Jiyu-Kaze&quot; src=&quot;http://th03.deviantart.net/fs71/150/f/2014/009/8/0/blastoise_by_jiyu_kaze-d71kwqw.jpg&quot; data-src=&quot;http://th03.deviantart.net/fs71/150/f/2014/009/8/0/blastoise_by_jiyu_kaze-d71kwqw.jpg&quot;&gt;&lt;/a&gt;&lt;/span&gt;&lt;!-- ^TTT --&gt;&lt;!-- TTT$ --&gt;&lt;/span&gt;&amp;nbsp;&lt;span class=&quot;shadow-holder&quot; data-embed-type=&quot;deviation&quot; data-embed-id=&quot;426455905&quot; data-embed-format=&quot;thumb&quot;&gt;&lt;span class=&quot;shadow mild&quot; &gt;&lt;a class=&quot;thumb&quot; href=&quot;http://jiyu-kaze.deviantart.com/art/practice-426455905&quot; title=&quot;practice by Jiyu-Kaze, Jan 12, 2014 in Digital Art &amp;gt; Drawings &amp;amp; Paintings &amp;gt; Other&quot; data-super-img=&quot;http://th01.deviantart.net/fs70/PRE/f/2014/012/2/f/let_it_by_jiyu_kaze-d71wfhd.jpg&quot; data-super-width=&quot;1302&quot; data-super-height=&quot;614&quot; data-super-transparent=&quot;false&quot; data-super-full-img=&quot;http://fc01.deviantart.net/fs70/f/2014/012/2/f/let_it_by_jiyu_kaze-d71wfhd.jpg&quot; data-super-full-width=&quot;2652&quot; data-super-full-height=&quot;1250&quot;&gt;&lt;i&gt;&lt;/i&gt;&lt;img   width=&quot;150&quot; height=&quot;71&quot; alt=&quot;practice by Jiyu-Kaze&quot; src=&quot;http://th04.deviantart.net/fs70/150/f/2014/012/2/f/let_it_by_jiyu_kaze-d71wfhd.jpg&quot; data-src=&quot;http://th04.deviantart.net/fs70/150/f/2014/012/2/f/let_it_by_jiyu_kaze-d71wfhd.jpg&quot;&gt;&lt;/a&gt;&lt;/span&gt;&lt;!-- ^TTT --&gt;&lt;!-- TTT$ --&gt;&lt;/span&gt;&lt;span class=&quot;shadow-holder&quot; data-embed-type=&quot;deviation&quot; data-embed-id=&quot;366532554&quot; data-embed-format=&quot;thumb&quot;&gt;&lt;span class=&quot;shadow mild&quot; &gt;&lt;a class=&quot;thumb&quot; href=&quot;http://jiyu-kaze.deviantart.com/art/Soul-Eater-366532554&quot; title=&quot;Soul Eater by Jiyu-Kaze, Apr 19, 2013 in Digital Art &amp;gt; Drawings &amp;amp; Paintings &amp;gt; Fantasy&quot; data-super-img=&quot;http://th00.deviantart.net/fs71/PRE/f/2013/109/0/b/0b2b00fa14d317cdbd3676c2d5026754-d6282bu.jpg&quot; data-super-width=&quot;1192&quot; data-super-height=&quot;670&quot; data-super-transparent=&quot;false&quot; data-super-full-img=&quot;http://fc02.deviantart.net/fs71/f/2013/109/0/b/0b2b00fa14d317cdbd3676c2d5026754-d6282bu.jpg&quot; data-super-full-width=&quot;1920&quot; data-super-full-height=&quot;1080&quot;&gt;&lt;i&gt;&lt;/i&gt;&lt;img   width=&quot;150&quot; height=&quot;84&quot; alt=&quot;Soul Eater by Jiyu-Kaze&quot; src=&quot;http://th04.deviantart.net/fs71/150/f/2013/109/0/b/0b2b00fa14d317cdbd3676c2d5026754-d6282bu.jpg&quot; data-src=&quot;http://th04.deviantart.net/fs71/150/f/2013/109/0/b/0b2b00fa14d317cdbd3676c2d5026754-d6282bu.jpg&quot;&gt;&lt;/a&gt;&lt;/span&gt;&lt;!-- ^TTT --&gt;&lt;!-- TTT$ --&gt;&lt;/span&gt;&lt;br /&gt;&lt;br /&gt;&lt;span&gt;facebook:&amp;nbsp;&lt;/span&gt;&lt;a class=&quot;external&quot; href=&quot;http://www.deviantart.com/users/outgoing?https://www.facebook.com/jkaze0&quot;&gt;www.facebook.com/jkaze0&lt;/a&gt;&lt;br /&gt;&lt;span&gt;print:&amp;nbsp;&lt;/span&gt;&lt;a class=&quot;external&quot; href=&quot;http://www.deviantart.com/users/outgoing?http://bit.ly/1gb9Bgf&quot;&gt;bit.ly/1gb9Bgf&lt;/a&gt;&lt;br /&gt;&lt;br /&gt;&lt;br /&gt;&lt;/div&gt;&lt;br /&gt;&lt;div&gt;&lt;img src=&quot;https://t00.deviantart.net/WHcSnUv3Nno4GtcyIQHjxoEpOtE=/300x200/filters:fixed_height(100,100):origin()/pre00/8fc9/th/pre/f/2014/073/7/f/elsa__frozen__by_jiyu_kaze-d78bgxt.jpg&quot; alt=&quot;thumbnail&quot; /&gt;&lt;/div&gt;</description>            </item>
        <item>
            <title>Alice</title>
            <link>https://sachakalis.deviantart.com/art/Alice-129462584</link>
            <guid isPermaLink="true">https://sachakalis.deviantart.com/art/Alice-129462584</guid>
            <pubDate>Tue, 14 Jul 2009 07:26:55 PDT</pubDate>
            <media:title type="plain">Alice</media:title>
            <media:keywords></media:keywords>
            <media:rating>nonadult</media:rating>
            <media:category label="Cosplay">photography/people/cosplay</media:category>
            <media:credit role="author" scheme="urn:ebu">SachaKalis</media:credit>
            <media:credit role="author" scheme="urn:ebu">https://a.deviantart.net/avatars/s/a/sachakalis.jpg?12</media:credit>
            <media:copyright url="https://sachakalis.deviantart.com">Copyright 2009-2019 SachaKalis</media:copyright>            <media:description type="html">&lt;b&gt;Alice in WaterLand&lt;/b&gt;&lt;br /&gt;&lt;br /&gt;&lt;span class=&quot;shadow-holder&quot;&gt;&lt;span class=&quot;shadow mild&quot; &gt;&lt;a class=&quot;thumb&quot; href=&quot;http://Sugarock99.deviantart.com/art/Alice-Looking-Glass-126004644&quot; title=&quot;Alice-Looking Glass by *Sugarock99, Jun 15, 2009 in Photography &amp;gt; Miscellaneous&quot; super_img=&quot;http://fc03.deviantart.net/fs70/f/2010/273/c/a/ca24f17a9458dcf88a1d9ac0a7b96dbb-d230pt0.jpg&quot; super_w=&quot;750&quot; super_h=&quot;750&quot;&gt;&lt;i&gt;&lt;/i&gt;&lt;img width=&quot;150&quot; height=&quot;150&quot; src=&quot;http://th04.deviantart.net/fs70/150/f/2010/273/c/a/ca24f17a9458dcf88a1d9ac0a7b96dbb-d230pt0.jpg&quot; data-src=&quot;http://th04.deviantart.net/fs70/150/f/2010/273/c/a/ca24f17a9458dcf88a1d9ac0a7b96dbb-d230pt0.jpg&quot;&gt;&lt;/a&gt;&lt;/span&gt;&lt;!-- ^TTT --&gt;&lt;!-- TTT$ --&gt;&lt;/span&gt; &lt;span class=&quot;shadow-holder&quot;&gt;&lt;span class=&quot;shadow mild&quot; &gt;&lt;a class=&quot;thumb&quot; href=&quot;http://Sugarock99.deviantart.com/art/High-Tea-124437871&quot; title=&quot;High Tea by *Sugarock99, Jun 1, 2009 in Photography &amp;gt; People &amp;amp; Portraits &amp;gt; Spontaneous Portraits&quot; super_img=&quot;http://fc00.deviantart.net/fs71/f/2010/273/3/7/high_tea_by_sugarock99-d2234vj.jpg&quot; super_w=&quot;750&quot; super_h=&quot;750&quot;&gt;&lt;i&gt;&lt;/i&gt;&lt;img width=&quot;150&quot; height=&quot;150&quot; src=&quot;http://th00.deviantart.net/fs71/150/f/2010/273/3/7/high_tea_by_sugarock99-d2234vj.jpg&quot; data-src=&quot;http://th00.deviantart.net/fs71/150/f/2010/273/3/7/high_tea_by_sugarock99-d2234vj.jpg&quot;&gt;&lt;/a&gt;&lt;/span&gt;&lt;!-- ^TTT --&gt;&lt;!-- TTT$ --&gt;&lt;/span&gt;&lt;br /&gt;&lt;span class=&quot;shadow-holder&quot;&gt;&lt;span class=&quot;shadow mild&quot; &gt;&lt;a class=&quot;thumb&quot; href=&quot;http://Sugarock99.deviantart.com/art/Alice-s-Flamingo-123007965&quot; title=&quot;Alice&#039;s Flamingo by *Sugarock99, May 19, 2009 in Photography &amp;gt; People &amp;amp; Portraits &amp;gt; Miscellaneous&quot; super_img=&quot;http://fc06.deviantart.net/fs71/f/2010/273/8/a/alice__s_flamingo_by_sugarock99-d218hjx.jpg&quot; super_w=&quot;753&quot; super_h=&quot;750&quot;&gt;&lt;i&gt;&lt;/i&gt;&lt;img width=&quot;150&quot; height=&quot;149&quot; src=&quot;http://th05.deviantart.net/fs71/150/f/2010/273/8/a/alice__s_flamingo_by_sugarock99-d218hjx.jpg&quot; data-src=&quot;http://th05.deviantart.net/fs71/150/f/2010/273/8/a/alice__s_flamingo_by_sugarock99-d218hjx.jpg&quot;&gt;&lt;/a&gt;&lt;/span&gt;&lt;!-- ^TTT --&gt;&lt;!-- TTT$ --&gt;&lt;/span&gt; &lt;span class=&quot;shadow-holder&quot;&gt;&lt;span class=&quot;shadow mild&quot; &gt;&lt;a class=&quot;thumb&quot; href=&quot;http://Sugarock99.deviantart.com/art/Alice-cards-137001726&quot; title=&quot;Alice cards by *Sugarock99, Sep 14, 2009 in Photography &amp;gt; People &amp;amp; Portraits &amp;gt; Cosplay&quot; super_img=&quot;http://fc03.deviantart.net/fs71/f/2010/273/4/9/alice_cards_by_sugarock99-d29kf7i.jpg&quot; super_w=&quot;720&quot; super_h=&quot;720&quot;&gt;&lt;i&gt;&lt;/i&gt;&lt;img width=&quot;150&quot; height=&quot;150&quot; src=&quot;http://th06.deviantart.net/fs71/150/f/2010/273/4/9/alice_cards_by_sugarock99-d29kf7i.jpg&quot; data-src=&quot;http://th06.deviantart.net/fs71/150/f/2010/273/4/9/alice_cards_by_sugarock99-d29kf7i.jpg&quot;&gt;&lt;/a&gt;&lt;/span&gt;&lt;!-- ^TTT --&gt;&lt;!-- TTT$ --&gt;&lt;/span&gt;&lt;br /&gt;&lt;br /&gt;&lt;a class=&quot;external&quot; href=&quot;http://www.deviantart.com/users/outgoing?http://elenakalisphoto.com/&quot;&gt;&lt;b&gt;My Site &lt;/b&gt;&lt;/a&gt;&lt;br /&gt; &lt;a class=&quot;external&quot; href=&quot;http://www.deviantart.com/users/outgoing?http://www.facebook.com/pages/Elena-Kalis/164510520134?ref=search&amp;amp;sid=714894117.698437499..1&quot;&gt;&lt;b&gt;FaceBook &lt;/b&gt;&lt;/a&gt;</media:description>            <media:thumbnail url="https://t00.deviantart.net/jPjbC8EZeaLGvxGdvbb3Fcpvb34=/fit-in/150x150/filters:no_upscale():origin()/pre00/0022/th/pre/f/2010/273/a/c/alice_by_sugarock99-d252tyw.jpg" height="150" width="150"/>            <media:thumbnail url="https://t00.deviantart.net/NnCBldkndeN0vhJx4vBezwpMxfA=/fit-in/300x900/filters:no_upscale():origin()/pre00/0022/th/pre/f/2010/273/a/c/alice_by_sugarock99-d252tyw.jpg" height="300" width="300"/>            <media:thumbnail url="https://t00.deviantart.net/oSj6fiqyE4k_RvBkL6svr5VB3fM=/300x200/filters:fixed_height(100,100):origin()/pre00/0022/th/pre/f/2010/273/a/c/alice_by_sugarock99-d252tyw.jpg" height="200" width="200"/>            <media:content url="https://orig00.deviantart.net/beeb/f/2010/273/a/c/alice_by_sugarock99-d252tyw.jpg" height="750" width="750" medium="image"/>
            <description>&lt;b&gt;Alice in WaterLand&lt;/b&gt;&lt;br /&gt;&lt;br /&gt;&lt;span class=&quot;shadow-holder&quot;&gt;&lt;span class=&quot;shadow mild&quot; &gt;&lt;a class=&quot;thumb&quot; href=&quot;http://Sugarock99.deviantart.com/art/Alice-Looking-Glass-126004644&quot; title=&quot;Alice-Looking Glass by *Sugarock99, Jun 15, 2009 in Photography &amp;gt; Miscellaneous&quot; super_img=&quot;http://fc03.deviantart.net/fs70/f/2010/273/c/a/ca24f17a9458dcf88a1d9ac0a7b96dbb-d230pt0.jpg&quot; super_w=&quot;750&quot; super_h=&quot;750&quot;&gt;&lt;i&gt;&lt;/i&gt;&lt;img width=&quot;150&quot; height=&quot;150&quot; src=&quot;http://th04.deviantart.net/fs70/150/f/2010/273/c/a/ca24f17a9458dcf88a1d9ac0a7b96dbb-d230pt0.jpg&quot; data-src=&quot;http://th04.deviantart.net/fs70/150/f/2010/273/c/a/ca24f17a9458dcf88a1d9ac0a7b96dbb-d230pt0.jpg&quot;&gt;&lt;/a&gt;&lt;/span&gt;&lt;!-- ^TTT --&gt;&lt;!-- TTT$ --&gt;&lt;/span&gt; &lt;span class=&quot;shadow-holder&quot;&gt;&lt;span class=&quot;shadow mild&quot; &gt;&lt;a class=&quot;thumb&quot; href=&quot;http://Sugarock99.deviantart.com/art/High-Tea-124437871&quot; title=&quot;High Tea by *Sugarock99, Jun 1, 2009 in Photography &amp;gt; People &amp;amp; Portraits &amp;gt; Spontaneous Portraits&quot; super_img=&quot;http://fc00.deviantart.net/fs71/f/2010/273/3/7/high_tea_by_sugarock99-d2234vj.jpg&quot; super_w=&quot;750&quot; super_h=&quot;750&quot;&gt;&lt;i&gt;&lt;/i&gt;&lt;img width=&quot;150&quot; height=&quot;150&quot; src=&quot;http://th00.deviantart.net/fs71/150/f/2010/273/3/7/high_tea_by_sugarock99-d2234vj.jpg&quot; data-src=&quot;http://th00.deviantart.net/fs71/150/f/2010/273/3/7/high_tea_by_sugarock99-d2234vj.jpg&quot;&gt;&lt;/a&gt;&lt;/span&gt;&lt;!-- ^TTT --&gt;&lt;!-- TTT$ --&gt;&lt;/span&gt;&lt;br /&gt;&lt;span class=&quot;shadow-holder&quot;&gt;&lt;span class=&quot;shadow mild&quot; &gt;&lt;a class=&quot;thumb&quot; href=&quot;http://Sugarock99.deviantart.com/art/Alice-s-Flamingo-123007965&quot; title=&quot;Alice&#039;s Flamingo by *Sugarock99, May 19, 2009 in Photography &amp;gt; People &amp;amp; Portraits &amp;gt; Miscellaneous&quot; super_img=&quot;http://fc06.deviantart.net/fs71/f/2010/273/8/a/alice__s_flamingo_by_sugarock99-d218hjx.jpg&quot; super_w=&quot;753&quot; super_h=&quot;750&quot;&gt;&lt;i&gt;&lt;/i&gt;&lt;img width=&quot;150&quot; height=&quot;149&quot; src=&quot;http://th05.deviantart.net/fs71/150/f/2010/273/8/a/alice__s_flamingo_by_sugarock99-d218hjx.jpg&quot; data-src=&quot;http://th05.deviantart.net/fs71/150/f/2010/273/8/a/alice__s_flamingo_by_sugarock99-d218hjx.jpg&quot;&gt;&lt;/a&gt;&lt;/span&gt;&lt;!-- ^TTT --&gt;&lt;!-- TTT$ --&gt;&lt;/span&gt; &lt;span class=&quot;shadow-holder&quot;&gt;&lt;span class=&quot;shadow mild&quot; &gt;&lt;a class=&quot;thumb&quot; href=&quot;http://Sugarock99.deviantart.com/art/Alice-cards-137001726&quot; title=&quot;Alice cards by *Sugarock99, Sep 14, 2009 in Photography &amp;gt; People &amp;amp; Portraits &amp;gt; Cosplay&quot; super_img=&quot;http://fc03.deviantart.net/fs71/f/2010/273/4/9/alice_cards_by_sugarock99-d29kf7i.jpg&quot; super_w=&quot;720&quot; super_h=&quot;720&quot;&gt;&lt;i&gt;&lt;/i&gt;&lt;img width=&quot;150&quot; height=&quot;150&quot; src=&quot;http://th06.deviantart.net/fs71/150/f/2010/273/4/9/alice_cards_by_sugarock99-d29kf7i.jpg&quot; data-src=&quot;http://th06.deviantart.net/fs71/150/f/2010/273/4/9/alice_cards_by_sugarock99-d29kf7i.jpg&quot;&gt;&lt;/a&gt;&lt;/span&gt;&lt;!-- ^TTT --&gt;&lt;!-- TTT$ --&gt;&lt;/span&gt;&lt;br /&gt;&lt;br /&gt;&lt;a class=&quot;external&quot; href=&quot;http://www.deviantart.com/users/outgoing?http://elenakalisphoto.com/&quot;&gt;&lt;b&gt;My Site &lt;/b&gt;&lt;/a&gt;&lt;br /&gt; &lt;a class=&quot;external&quot; href=&quot;http://www.deviantart.com/users/outgoing?http://www.facebook.com/pages/Elena-Kalis/164510520134?ref=search&amp;amp;sid=714894117.698437499..1&quot;&gt;&lt;b&gt;FaceBook &lt;/b&gt;&lt;/a&gt;&lt;br /&gt;&lt;div&gt;&lt;img src=&quot;https://t00.deviantart.net/oSj6fiqyE4k_RvBkL6svr5VB3fM=/300x200/filters:fixed_height(100,100):origin()/pre00/0022/th/pre/f/2010/273/a/c/alice_by_sugarock99-d252tyw.jpg&quot; alt=&quot;thumbnail&quot; /&gt;&lt;/div&gt;</description>            </item>
        <item>
            <title>Be Careful</title>
            <link>https://antontang.deviantart.com/art/Be-Careful-160786906</link>
            <guid isPermaLink="true">https://antontang.deviantart.com/art/Be-Careful-160786906</guid>
            <pubDate>Thu, 15 Apr 2010 00:17:27 PDT</pubDate>
            <media:title type="plain">Be Careful</media:title>
            <media:keywords></media:keywords>
            <media:rating>nonadult</media:rating>
            <media:category label="Dolls and Figures">photography/still/figures</media:category>
            <media:credit role="author" scheme="urn:ebu">antontang</media:credit>
            <media:credit role="author" scheme="urn:ebu">https://a.deviantart.net/avatars/a/n/antontang.gif?4</media:credit>
            <media:copyright url="https://antontang.deviantart.com">Copyright 2010-2019 antontang</media:copyright>            <media:description type="html">| &lt;b&gt;&lt;a class=&quot;external&quot; href=&quot;http://www.deviantart.com/users/outgoing?http://www.antontang.com/&quot;&gt;Website&lt;/a&gt;&lt;/b&gt; | &lt;b&gt;&lt;a class=&quot;external&quot; href=&quot;http://www.deviantart.com/users/outgoing?http://www.facebook.com/pages/Anton-Tang/145225618839720?ref=ts&quot;&gt;Facebook&lt;/a&gt;&lt;/b&gt; | &lt;b&gt;&lt;a class=&quot;external&quot; href=&quot;http://www.deviantart.com/users/outgoing?http://www.twitter.com/antontang&quot;&gt;Twitter&lt;/a&gt;&lt;/b&gt; | &lt;b&gt;&lt;a class=&quot;external&quot; href=&quot;http://www.deviantart.com/users/outgoing?http://instagram.com/antontang&quot;&gt;Instagram&lt;/a&gt;&lt;/b&gt; |.&lt;br /&gt;&lt;br /&gt;Don&#039;t worry I will catch you if you fall.</media:description>            <media:thumbnail url="https://t00.deviantart.net/qAs508QnJFutQ-dEpiOgoqVd2aw=/fit-in/150x150/filters:no_upscale():origin()/pre00/c7bd/th/pre/i/2013/209/1/8/be_careful_by_antontang-d2nq7yy.jpg" height="100" width="150"/>            <media:thumbnail url="https://t00.deviantart.net/r0VRqoDzG_4b5zVhVRTuzIjnup8=/fit-in/300x900/filters:no_upscale():origin()/pre00/c7bd/th/pre/i/2013/209/1/8/be_careful_by_antontang-d2nq7yy.jpg" height="200" width="300"/>            <media:thumbnail url="https://t00.deviantart.net/Jl2DhyXDTDIgJPBYnsUcMtuMnYs=/300x200/filters:fixed_height(100,100):origin()/pre00/c7bd/th/pre/i/2013/209/1/8/be_careful_by_antontang-d2nq7yy.jpg" height="200" width="300"/>            <media:content url="https://img00.deviantart.net/0917/i/2013/209/1/8/be_careful_by_antontang-d2nq7yy.jpg" height="400" width="600" medium="image"/>
            <description>| &lt;b&gt;&lt;a class=&quot;external&quot; href=&quot;http://www.deviantart.com/users/outgoing?http://www.antontang.com/&quot;&gt;Website&lt;/a&gt;&lt;/b&gt; | &lt;b&gt;&lt;a class=&quot;external&quot; href=&quot;http://www.deviantart.com/users/outgoing?http://www.facebook.com/pages/Anton-Tang/145225618839720?ref=ts&quot;&gt;Facebook&lt;/a&gt;&lt;/b&gt; | &lt;b&gt;&lt;a class=&quot;external&quot; href=&quot;http://www.deviantart.com/users/outgoing?http://www.twitter.com/antontang&quot;&gt;Twitter&lt;/a&gt;&lt;/b&gt; | &lt;b&gt;&lt;a class=&quot;external&quot; href=&quot;http://www.deviantart.com/users/outgoing?http://instagram.com/antontang&quot;&gt;Instagram&lt;/a&gt;&lt;/b&gt; |.&lt;br /&gt;&lt;br /&gt;Don&#039;t worry I will catch you if you fall.&lt;br /&gt;&lt;div&gt;&lt;img src=&quot;https://t00.deviantart.net/Jl2DhyXDTDIgJPBYnsUcMtuMnYs=/300x200/filters:fixed_height(100,100):origin()/pre00/c7bd/th/pre/i/2013/209/1/8/be_careful_by_antontang-d2nq7yy.jpg&quot; alt=&quot;thumbnail&quot; /&gt;&lt;/div&gt;</description>            </item>
        <item>
            <title>SakuraSky</title>
            <link>https://yosinori.deviantart.com/art/SakuraSky-137753990</link>
            <guid isPermaLink="true">https://yosinori.deviantart.com/art/SakuraSky-137753990</guid>
            <pubDate>Mon, 21 Sep 2009 06:16:24 PDT</pubDate>
            <media:title type="plain">SakuraSky</media:title>
            <media:keywords></media:keywords>
            <media:rating>nonadult</media:rating>
            <media:category label="Other">digitalart/paintings/other</media:category>
            <media:credit role="author" scheme="urn:ebu">yosinori</media:credit>
            <media:credit role="author" scheme="urn:ebu">https://a.deviantart.net/avatars/y/o/yosinori.png?1</media:credit>
            <media:copyright url="https://yosinori.deviantart.com">Copyright 2009-2019 yosinori</media:copyright>            <media:description type="html">Student council president and the king of beasts</media:description>            <media:thumbnail url="https://t00.deviantart.net/f6oFCKQ9t-tbd7kCl0Up_TJpQmQ=/fit-in/150x150/filters:no_upscale():origin()/pre00/96d6/th/pre/f/2009/264/a/8/sakurasky_by_yosinori.jpg" height="150" width="150"/>            <media:thumbnail url="https://t00.deviantart.net/kLjkGW3W6JIPXZcS8W9O8xCHc3M=/fit-in/300x900/filters:no_upscale():origin()/pre00/96d6/th/pre/f/2009/264/a/8/sakurasky_by_yosinori.jpg" height="300" width="300"/>            <media:thumbnail url="https://t00.deviantart.net/o0qs-pWho8efEN0Uyv3Y7WYLJRA=/300x200/filters:fixed_height(100,100):origin()/pre00/96d6/th/pre/f/2009/264/a/8/sakurasky_by_yosinori.jpg" height="200" width="200"/>            <media:content url="https://pre00.deviantart.net/96d6/th/pre/f/2009/264/a/8/sakurasky_by_yosinori.jpg" height="894" width="894" medium="image"/>
            <description>Student council president and the king of beasts&lt;br /&gt;&lt;div&gt;&lt;img src=&quot;https://t00.deviantart.net/o0qs-pWho8efEN0Uyv3Y7WYLJRA=/300x200/filters:fixed_height(100,100):origin()/pre00/96d6/th/pre/f/2009/264/a/8/sakurasky_by_yosinori.jpg&quot; alt=&quot;thumbnail&quot; /&gt;&lt;/div&gt;</description>            </item>
        <item>
            <title>Chibi Maker 1.1</title>
            <link>https://gen8.deviantart.com/art/Chibi-Maker-1-1-346025144</link>
            <guid isPermaLink="true">https://gen8.deviantart.com/art/Chibi-Maker-1-1-346025144</guid>
            <pubDate>Tue, 01 Jan 2013 04:02:35 PST</pubDate>
            <media:title type="plain">Chibi Maker 1.1</media:title>
            <media:keywords></media:keywords>
            <media:rating>nonadult</media:rating>
            <media:category label="Interactive">flash/interactive</media:category>
            <media:credit role="author" scheme="urn:ebu">gen8</media:credit>
            <media:credit role="author" scheme="urn:ebu">https://a.deviantart.net/avatars/g/e/gen8.png?11</media:credit>
            <media:copyright url="https://gen8.deviantart.com">Copyright 2013-2019 gen8</media:copyright>            <media:description type="html">&lt;b&gt;WAAAAAA My first Daily Deviation!! Thank you so much everyone for your continued support &lt;img src=&quot;http://e.deviantart.net/emoticons/s/smile.gif&quot; width=&quot;15&quot; height=&quot;15&quot; alt=&quot;=)&quot; data-embed-type=&quot;emoticon&quot; data-embed-id=&quot;390&quot; title=&quot;=) (Smile)&quot;/&gt;&lt;/b&gt;&lt;br /&gt;&lt;br /&gt;&lt;b&gt;Now Version 1.1&lt;/b&gt; - An update to the Chibi Maker is complete, for details please click the link on the loading screen!&lt;br /&gt;&lt;br /&gt;A year or more in the making, and to kick off 2013 in style I present to you gen8&#039;s Chibi Maker! &lt;img src=&quot;http://e.deviantart.net/emoticons/b/biggrin.gif&quot; width=&quot;15&quot; height=&quot;15&quot; alt=&quot;=D&quot; data-embed-type=&quot;emoticon&quot; data-embed-id=&quot;367&quot; title=&quot;=D (Big Grin)&quot;/&gt;&lt;br /&gt;After enjoying working on the Anime Face Maker, I thought it was about time to get a full-body flash game happening. Finally, it&#039;s here! Now you can decide on more than just the face, with clothing, accessories, and props to dress up your very own chibi.&lt;br /&gt;As always, please do enjoy!&lt;br /&gt;&lt;br /&gt;---&lt;br /&gt;&lt;img src=&quot;http://e.deviantart.net/emoticons/b/bulletblue.gif&quot; width=&quot;10&quot; height=&quot;10&quot; alt=&quot;:bulletblue:&quot; data-embed-type=&quot;emoticon&quot; data-embed-id=&quot;211&quot; title=&quot;Bullet; Blue&quot;/&gt; &lt;b&gt;How to save:&lt;/b&gt; There is finally a SAVE button! Click it and choose a destination for your image. It should, but if your image doesn&#039;t save as a .jpg by default, please add an extension to the file name (such as .jpg or .png). If you have problems with saving, please use the print screen method to save.&lt;br /&gt;&lt;br /&gt;&lt;img src=&quot;http://e.deviantart.net/emoticons/b/bulletblue.gif&quot; width=&quot;10&quot; height=&quot;10&quot; alt=&quot;:bulletblue:&quot; data-embed-type=&quot;emoticon&quot; data-embed-id=&quot;211&quot; title=&quot;Bullet; Blue&quot;/&gt; &lt;b&gt;Trouble playing?:&lt;/b&gt; If you&#039;re having trouble playing this, try using the &quot;Download File&quot; option on the right of the screen. Make sure you have the latest version of Flash installed on your computer, too!&lt;br /&gt;You may also have issues if you are using Internet Explorer as your browser, in which case try the above or &lt;b&gt;right click and select &quot;play&quot;&lt;/b&gt; to progress to the maker. Or, &lt;b&gt;use another browser like Firefox or Chrome&lt;/b&gt; (Internet Explorer is bad and you should feel bad).&lt;br /&gt;&lt;br /&gt;&lt;img src=&quot;http://e.deviantart.net/emoticons/b/bulletblue.gif&quot; width=&quot;10&quot; height=&quot;10&quot; alt=&quot;:bulletblue:&quot; data-embed-type=&quot;emoticon&quot; data-embed-id=&quot;211&quot; title=&quot;Bullet; Blue&quot;/&gt; &lt;b&gt;Trouble playing on my Tablet / Mobile device:&lt;/b&gt; This game was made in Flash, which is no longer widely supported by tablet and mobile devices. You can only play this on a computer.&lt;br /&gt;&lt;br /&gt;&lt;img src=&quot;http://e.deviantart.net/emoticons/b/bulletblue.gif&quot; width=&quot;10&quot; height=&quot;10&quot; alt=&quot;:bulletblue:&quot; data-embed-type=&quot;emoticon&quot; data-embed-id=&quot;211&quot; title=&quot;Bullet; Blue&quot;/&gt; &lt;b&gt;Uploading and Copyright: &lt;/b&gt; If you want to show other people what you have made, you are welcome to upload it into your scraps on DA, not your main gallery. This is against DA&#039;s rules and could be removed. If you remove the credit tag, please make sure to link back here in your image description. You&#039;re also welcome to use it to make a DA icon or ID for yourself. Please do NOT use this program for adoptables or sell art made with it for points or monetary gain.&lt;br /&gt;&lt;br /&gt;&lt;img src=&quot;http://e.deviantart.net/emoticons/b/bulletblue.gif&quot; width=&quot;10&quot; height=&quot;10&quot; alt=&quot;:bulletblue:&quot; data-embed-type=&quot;emoticon&quot; data-embed-id=&quot;211&quot; title=&quot;Bullet; Blue&quot;/&gt;&amp;nbsp;&lt;b&gt;Uploading and Copyright #2:&amp;nbsp;&lt;/b&gt;I am often asked &quot;Can I use my Chibi for xxx&quot; on sites outside of DA, like blogs, Youtube, personal websites and projects.&amp;nbsp;As long as you aren&#039;t making money off of it, yes, yes and triple yes! Please use your creations anywhere and everywhere, if you can credit this game or me that would be great but not necessary.&amp;nbsp;&lt;br /&gt;&lt;br /&gt;---&lt;br /&gt;&lt;br /&gt;Chibi Maker 1.1 (C) &lt;span class=&quot;username-with-symbol u&quot;&gt;&lt;a class=&quot;u regular username&quot; href=&quot;http://gen8.deviantart.com&quot;&gt;gen8&lt;/a&gt;&lt;span class=&quot;user-symbol regular&quot; data-quicktip-text=&quot;&quot; data-show-tooltip=&quot;&quot; data-gruser-type=&quot;regular&quot;&gt;&lt;/span&gt;&lt;/span&gt; 2011-2016&lt;br /&gt;Made in Flash CS5&lt;br /&gt;A million trillion thanks to &lt;span class=&quot;username-with-symbol u&quot;&gt;&lt;a class=&quot;u regular username&quot; href=&quot;http://kritter5x.deviantart.com&quot;&gt;Kritter5x&lt;/a&gt;&lt;span class=&quot;user-symbol regular&quot; data-quicktip-text=&quot;&quot; data-show-tooltip=&quot;&quot; data-gruser-type=&quot;regular&quot;&gt;&lt;/span&gt;&lt;/span&gt; as always, for testing, code and support!</media:description>            <media:thumbnail url="https://t00.deviantart.net/VRY8nUlhZ3dAsaHMqU2MgjaNJ-Q=/fit-in/150x150/filters:no_upscale():origin()/pre00/0ac6/th/pre/f/2013/012/0/1/chibi_maker_1_1_by_gen8-d5q0ipk.jpg" height="100" width="150"/>            <media:thumbnail url="https://orig00.deviantart.net/11ee/f/2013/012/0/1/chibi_maker_1_1_by_gen8-d5q0ipk.jpg" height="200" width="300"/>            <media:thumbnail url="https://orig00.deviantart.net/11ee/f/2013/012/0/1/chibi_maker_1_1_by_gen8-d5q0ipk.jpg" height="200" width="300"/>            <media:content url="https://orig00.deviantart.net/11ee/f/2013/012/0/1/chibi_maker_1_1_by_gen8-d5q0ipk.jpg" height="200" width="300"/>
            <description>&lt;b&gt;WAAAAAA My first Daily Deviation!! Thank you so much everyone for your continued support &lt;img src=&quot;http://e.deviantart.net/emoticons/s/smile.gif&quot; width=&quot;15&quot; height=&quot;15&quot; alt=&quot;=)&quot; data-embed-type=&quot;emoticon&quot; data-embed-id=&quot;390&quot; title=&quot;=) (Smile)&quot;/&gt;&lt;/b&gt;&lt;br /&gt;&lt;br /&gt;&lt;b&gt;Now Version 1.1&lt;/b&gt; - An update to the Chibi Maker is complete, for details please click the link on the loading screen!&lt;br /&gt;&lt;br /&gt;A year or more in the making, and to kick off 2013 in style I present to you gen8&#039;s Chibi Maker! &lt;img src=&quot;http://e.deviantart.net/emoticons/b/biggrin.gif&quot; width=&quot;15&quot; height=&quot;15&quot; alt=&quot;=D&quot; data-embed-type=&quot;emoticon&quot; data-embed-id=&quot;367&quot; title=&quot;=D (Big Grin)&quot;/&gt;&lt;br /&gt;After enjoying working on the Anime Face Maker, I thought it was about time to get a full-body flash game happening. Finally, it&#039;s here! Now you can decide on more than just the face, with clothing, accessories, and props to dress up your very own chibi.&lt;br /&gt;As always, please do enjoy!&lt;br /&gt;&lt;br /&gt;---&lt;br /&gt;&lt;img src=&quot;http://e.deviantart.net/emoticons/b/bulletblue.gif&quot; width=&quot;10&quot; height=&quot;10&quot; alt=&quot;:bulletblue:&quot; data-embed-type=&quot;emoticon&quot; data-embed-id=&quot;211&quot; title=&quot;Bullet; Blue&quot;/&gt; &lt;b&gt;How to save:&lt;/b&gt; There is finally a SAVE button! Click it and choose a destination for your image. It should, but if your image doesn&#039;t save as a .jpg by default, please add an extension to the file name (such as .jpg or .png). If you have problems with saving, please use the print screen method to save.&lt;br /&gt;&lt;br /&gt;&lt;img src=&quot;http://e.deviantart.net/emoticons/b/bulletblue.gif&quot; width=&quot;10&quot; height=&quot;10&quot; alt=&quot;:bulletblue:&quot; data-embed-type=&quot;emoticon&quot; data-embed-id=&quot;211&quot; title=&quot;Bullet; Blue&quot;/&gt; &lt;b&gt;Trouble playing?:&lt;/b&gt; If you&#039;re having trouble playing this, try using the &quot;Download File&quot; option on the right of the screen. Make sure you have the latest version of Flash installed on your computer, too!&lt;br /&gt;You may also have issues if you are using Internet Explorer as your browser, in which case try the above or &lt;b&gt;right click and select &quot;play&quot;&lt;/b&gt; to progress to the maker. Or, &lt;b&gt;use another browser like Firefox or Chrome&lt;/b&gt; (Internet Explorer is bad and you should feel bad).&lt;br /&gt;&lt;br /&gt;&lt;img src=&quot;http://e.deviantart.net/emoticons/b/bulletblue.gif&quot; width=&quot;10&quot; height=&quot;10&quot; alt=&quot;:bulletblue:&quot; data-embed-type=&quot;emoticon&quot; data-embed-id=&quot;211&quot; title=&quot;Bullet; Blue&quot;/&gt; &lt;b&gt;Trouble playing on my Tablet / Mobile device:&lt;/b&gt; This game was made in Flash, which is no longer widely supported by tablet and mobile devices. You can only play this on a computer.&lt;br /&gt;&lt;br /&gt;&lt;img src=&quot;http://e.deviantart.net/emoticons/b/bulletblue.gif&quot; width=&quot;10&quot; height=&quot;10&quot; alt=&quot;:bulletblue:&quot; data-embed-type=&quot;emoticon&quot; data-embed-id=&quot;211&quot; title=&quot;Bullet; Blue&quot;/&gt; &lt;b&gt;Uploading and Copyright: &lt;/b&gt; If you want to show other people what you have made, you are welcome to upload it into your scraps on DA, not your main gallery. This is against DA&#039;s rules and could be removed. If you remove the credit tag, please make sure to link back here in your image description. You&#039;re also welcome to use it to make a DA icon or ID for yourself. Please do NOT use this program for adoptables or sell art made with it for points or monetary gain.&lt;br /&gt;&lt;br /&gt;&lt;img src=&quot;http://e.deviantart.net/emoticons/b/bulletblue.gif&quot; width=&quot;10&quot; height=&quot;10&quot; alt=&quot;:bulletblue:&quot; data-embed-type=&quot;emoticon&quot; data-embed-id=&quot;211&quot; title=&quot;Bullet; Blue&quot;/&gt;&amp;nbsp;&lt;b&gt;Uploading and Copyright #2:&amp;nbsp;&lt;/b&gt;I am often asked &quot;Can I use my Chibi for xxx&quot; on sites outside of DA, like blogs, Youtube, personal websites and projects.&amp;nbsp;As long as you aren&#039;t making money off of it, yes, yes and triple yes! Please use your creations anywhere and everywhere, if you can credit this game or me that would be great but not necessary.&amp;nbsp;&lt;br /&gt;&lt;br /&gt;---&lt;br /&gt;&lt;br /&gt;Chibi Maker 1.1 (C) &lt;span class=&quot;username-with-symbol u&quot;&gt;&lt;a class=&quot;u regular username&quot; href=&quot;http://gen8.deviantart.com&quot;&gt;gen8&lt;/a&gt;&lt;span class=&quot;user-symbol regular&quot; data-quicktip-text=&quot;&quot; data-show-tooltip=&quot;&quot; data-gruser-type=&quot;regular&quot;&gt;&lt;/span&gt;&lt;/span&gt; 2011-2016&lt;br /&gt;Made in Flash CS5&lt;br /&gt;A million trillion thanks to &lt;span class=&quot;username-with-symbol u&quot;&gt;&lt;a class=&quot;u regular username&quot; href=&quot;http://kritter5x.deviantart.com&quot;&gt;Kritter5x&lt;/a&gt;&lt;span class=&quot;user-symbol regular&quot; data-quicktip-text=&quot;&quot; data-show-tooltip=&quot;&quot; data-gruser-type=&quot;regular&quot;&gt;&lt;/span&gt;&lt;/span&gt; as always, for testing, code and support!&lt;br /&gt;&lt;div&gt;&lt;img src=&quot;https://orig00.deviantart.net/11ee/f/2013/012/0/1/chibi_maker_1_1_by_gen8-d5q0ipk.jpg&quot; alt=&quot;thumbnail&quot; /&gt;&lt;/div&gt;</description>            </item>
        <item>
            <title>GAME ON</title>
            <link>https://cartoongirl7.deviantart.com/art/GAME-ON-120602289</link>
            <guid isPermaLink="true">https://cartoongirl7.deviantart.com/art/GAME-ON-120602289</guid>
            <pubDate>Sun, 26 Apr 2009 17:16:46 PDT</pubDate>
            <media:title type="plain">GAME ON</media:title>
            <media:keywords></media:keywords>
            <media:rating>nonadult</media:rating>
            <media:category label="Games">fanart/traditional/drawings/games</media:category>
            <media:credit role="author" scheme="urn:ebu">cartoongirl7</media:credit>
            <media:credit role="author" scheme="urn:ebu">https://a.deviantart.net/avatars/c/a/cartoongirl7.gif?1</media:credit>
            <media:copyright url="https://cartoongirl7.deviantart.com">Copyright 2009-2019 cartoongirl7</media:copyright>
            <media:community>
                <media:tags>@myrollingstar</media:tags>
            </media:community>            <media:description type="html">&lt;b&gt;Time:&lt;/b&gt; 60+ hours.&lt;br /&gt;&lt;b&gt;Materials: &lt;u&gt;TRADITIONAL.&lt;/u&gt;&lt;/b&gt; Copic multiliner and Copic sketch markers. &lt;br /&gt;&lt;b&gt;Size:&lt;/b&gt; 3 pieces of A4 paper taped together (approximately 11.5 x 22 inches), digitally connected using Photoshop CS3. &lt;br /&gt;&lt;br /&gt;&lt;b&gt;WALKTHROUGH:&lt;/b&gt; &lt;a href=&quot;http://cartoongirl7.deviantart.com/art/WALKTHROUGH-Game-On-121989769&quot;&gt;[link]&lt;/a&gt;&lt;br /&gt;&lt;br /&gt;&lt;u&gt;&lt;b&gt;There are 18 Elebits total (the little red and blue creatures). Can you find them all?&lt;/b&gt;&lt;/u&gt;&lt;br /&gt;&lt;br /&gt;If you guys were wondering about my sudden two-month hiatus, THIS WAS WHY. I&#039;ve been working on and off (mostly off OTL;; ) on this piece for about 6 weeks in preparation for Anime Expo artist alley. Consider it a tribute to all the games and gamers out there!&lt;br /&gt;&lt;br /&gt;The Nintendo DS is probably my favorite console along with my trusty old school PS2. DS ports many of my favorite series, so I figured I can cram them all into one picture since I&#039;m too lazy to draw separate pictures of each of the O3O&lt;br /&gt;&lt;br /&gt;It was very hard choosing which games to put in here. If I had more time and paper space, I&#039;d stick quite a few more in there, but was big enough as it is. There is a total of 47 characters from 16 different games in this piece. &lt;br /&gt;&lt;br /&gt;The sketching was the hardest and longest part, for sure. Coloring went relatively smooth except for those little elebits that&#039;s practically invading every corner of the picture. The smallest one is about 1/3 the size of my fingernail. I spent some time studying the art of each game because I didn&#039;t want to deviate TOO far from the original style. Each game has its own way of lining and coloring, and I tried to incorporate those aspects into my own style without having everything look like a huge mess. I ended up with a somewhat organized clutter. &lt;br /&gt;&lt;br /&gt;Drawing and coloring the picture was only half battle. Connecting three separately scanned pictures took about five hours on its own. I became very acquainted with the clone tool because of this. Sadly, a lot of the colors and shades were lost through scanning. I had to go back and adjust individual colors to make it look like the original, but there are still some that can&#039;t be fixed (darn those reds and oranges) orz;;&lt;br /&gt;&lt;br /&gt;&lt;br /&gt;&lt;sub&gt;Girl playing the DS in the front designed by me.&lt;br /&gt;Game characters (c) whoever they belong to. &lt;br /&gt;&lt;br /&gt;List of games included: Final Fantasy (Chocobo Tales, Tactics, Crystal Chronicles), Pokemon, Professor Layton, Super Mario, Mario Kart, World Ends With You, Kirby, Elebits, Phoenix Wright, Zelda: Phantom Hourglass, Harvest Moon, Disgaea, Bomberman, Ninja Town. &lt;/sub&gt;&lt;br /&gt;&lt;br /&gt;Also, I&#039;M SORRY IF I DIDN&#039;T INCLUDE YOUR FAVORITE GAME. I COULDN&#039;T TAKE IT ANYMORE AFTER FILLING THREE PIECES OF PAPER.</media:description>            <media:thumbnail url="https://t00.deviantart.net/L0m0PH0HDXqM5rAPH517j_PccNY=/fit-in/150x150/filters:no_upscale():origin()/pre00/090e/th/pre/f/2010/138/e/b/game_on_by_cartoongirl7.jpg" height="90" width="150"/>            <media:thumbnail url="https://t00.deviantart.net/sOMiEr2uXgd7x09U7cZTf7aSxW0=/fit-in/300x900/filters:no_upscale():origin()/pre00/090e/th/pre/f/2010/138/e/b/game_on_by_cartoongirl7.jpg" height="179" width="300"/>            <media:thumbnail url="https://t00.deviantart.net/VHDDISYGS4brIOwO4vKEiaFftyA=/300x200/filters:fixed_height(100,100):origin()/pre00/090e/th/pre/f/2010/138/e/b/game_on_by_cartoongirl7.jpg" height="179" width="300"/>            <media:content url="https://pre00.deviantart.net/090e/th/pre/f/2010/138/e/b/game_on_by_cartoongirl7.jpg" height="691" width="1156" medium="image"/>
            <description>&lt;b&gt;Time:&lt;/b&gt; 60+ hours.&lt;br /&gt;&lt;b&gt;Materials: &lt;u&gt;TRADITIONAL.&lt;/u&gt;&lt;/b&gt; Copic multiliner and Copic sketch markers. &lt;br /&gt;&lt;b&gt;Size:&lt;/b&gt; 3 pieces of A4 paper taped together (approximately 11.5 x 22 inches), digitally connected using Photoshop CS3. &lt;br /&gt;&lt;br /&gt;&lt;b&gt;WALKTHROUGH:&lt;/b&gt; &lt;a href=&quot;http://cartoongirl7.deviantart.com/art/WALKTHROUGH-Game-On-121989769&quot;&gt;[link]&lt;/a&gt;&lt;br /&gt;&lt;br /&gt;&lt;u&gt;&lt;b&gt;There are 18 Elebits total (the little red and blue creatures). Can you find them all?&lt;/b&gt;&lt;/u&gt;&lt;br /&gt;&lt;br /&gt;If you guys were wondering about my sudden two-month hiatus, THIS WAS WHY. I&#039;ve been working on and off (mostly off OTL;; ) on this piece for about 6 weeks in preparation for Anime Expo artist alley. Consider it a tribute to all the games and gamers out there!&lt;br /&gt;&lt;br /&gt;The Nintendo DS is probably my favorite console along with my trusty old school PS2. DS ports many of my favorite series, so I figured I can cram them all into one picture since I&#039;m too lazy to draw separate pictures of each of the O3O&lt;br /&gt;&lt;br /&gt;It was very hard choosing which games to put in here. If I had more time and paper space, I&#039;d stick quite a few more in there, but was big enough as it is. There is a total of 47 characters from 16 different games in this piece. &lt;br /&gt;&lt;br /&gt;The sketching was the hardest and longest part, for sure. Coloring went relatively smooth except for those little elebits that&#039;s practically invading every corner of the picture. The smallest one is about 1/3 the size of my fingernail. I spent some time studying the art of each game because I didn&#039;t want to deviate TOO far from the original style. Each game has its own way of lining and coloring, and I tried to incorporate those aspects into my own style without having everything look like a huge mess. I ended up with a somewhat organized clutter. &lt;br /&gt;&lt;br /&gt;Drawing and coloring the picture was only half battle. Connecting three separately scanned pictures took about five hours on its own. I became very acquainted with the clone tool because of this. Sadly, a lot of the colors and shades were lost through scanning. I had to go back and adjust individual colors to make it look like the original, but there are still some that can&#039;t be fixed (darn those reds and oranges) orz;;&lt;br /&gt;&lt;br /&gt;&lt;br /&gt;&lt;sub&gt;Girl playing the DS in the front designed by me.&lt;br /&gt;Game characters (c) whoever they belong to. &lt;br /&gt;&lt;br /&gt;List of games included: Final Fantasy (Chocobo Tales, Tactics, Crystal Chronicles), Pokemon, Professor Layton, Super Mario, Mario Kart, World Ends With You, Kirby, Elebits, Phoenix Wright, Zelda: Phantom Hourglass, Harvest Moon, Disgaea, Bomberman, Ninja Town. &lt;/sub&gt;&lt;br /&gt;&lt;br /&gt;Also, I&#039;M SORRY IF I DIDN&#039;T INCLUDE YOUR FAVORITE GAME. I COULDN&#039;T TAKE IT ANYMORE AFTER FILLING THREE PIECES OF PAPER.&lt;br /&gt;&lt;div&gt;&lt;img src=&quot;https://t00.deviantart.net/VHDDISYGS4brIOwO4vKEiaFftyA=/300x200/filters:fixed_height(100,100):origin()/pre00/090e/th/pre/f/2010/138/e/b/game_on_by_cartoongirl7.jpg&quot; alt=&quot;thumbnail&quot; /&gt;&lt;/div&gt;</description>            </item>
        <item>
            <title>Home and the Fairies</title>
            <link>https://zancan.deviantart.com/art/Home-and-the-Fairies-21248847</link>
            <guid isPermaLink="true">https://zancan.deviantart.com/art/Home-and-the-Fairies-21248847</guid>
            <pubDate>Mon, 01 Aug 2005 12:18:29 PDT</pubDate>
            <media:title type="plain">Home and the Fairies</media:title>
            <media:keywords></media:keywords>
            <media:rating>nonadult</media:rating>
            <media:category label="Fantasy">traditional/paintings/fantasy</media:category>
            <media:credit role="author" scheme="urn:ebu">zancan</media:credit>
            <media:credit role="author" scheme="urn:ebu">https://a.deviantart.net/avatars/z/a/zancan.gif</media:credit>
            <media:copyright url="https://zancan.deviantart.com">Copyright 2005-2019 zancan</media:copyright>            <media:description type="html">&lt;i&gt;So you caught me in this reverie,&lt;br /&gt;There at home where I could stay for hours.&lt;br /&gt;You thought I was trapped from within.&lt;br /&gt;&lt;br /&gt;I won&amp;#039;t blame you, if you couldn&amp;#039;t notice&lt;br /&gt;That my aloneness was filled&lt;br /&gt;Richer than all the madnesses and frenzies&lt;br /&gt;You all live in.&lt;br /&gt;&lt;br /&gt;The austere discomfort I am coiled in &lt;br /&gt;Beneath that hole on the ceiling&lt;br /&gt;Is a whole universe of fancies &lt;br /&gt;And the sweetest haven for heart and soul. &lt;br /&gt;&lt;/i&gt;&lt;br /&gt;-------------------------------------------------&lt;br /&gt;Oil painting on canvas - 120x80 cm (47.3x31.5 inch)&lt;br /&gt;March 2005&lt;br /&gt;Making-of steps &lt;a href=&quot;http://www.deviantart.com/users/outgoing?http://www.2roqs.com/Projets/Zancan/HomeAndFairies/&quot;&gt;here&lt;/a&gt;.&lt;br /&gt;Related scrap &lt;a href=&quot;http://www.deviantart.com/deviation/17211509/&quot;&gt;here&lt;/a&gt;.&lt;br /&gt;(I do live in a small appartment)</media:description>            <media:thumbnail url="https://t00.deviantart.net/yJM8tdDgNmTWQ3t2OTOGwpJWMkU=/fit-in/150x150/filters:no_upscale():origin()/pre00/64af/th/pre/i/2005/213/9/2/home_and_the_fairies_by_zancan.jpg" height="150" width="100"/>            <media:thumbnail url="https://t00.deviantart.net/AMVvdvOM-VBx-XB0-BcZQyv0-XU=/fit-in/300x900/filters:no_upscale():origin()/pre00/64af/th/pre/i/2005/213/9/2/home_and_the_fairies_by_zancan.jpg" height="450" width="300"/>            <media:thumbnail url="https://t00.deviantart.net/8Nfi79MtJ5vwdOF0I0R6YyEvN-k=/300x200/filters:fixed_height(100,100):origin()/pre00/64af/th/pre/i/2005/213/9/2/home_and_the_fairies_by_zancan.jpg" height="200" width="133"/>            <media:content url="https://pre00.deviantart.net/64af/th/pre/i/2005/213/9/2/home_and_the_fairies_by_zancan.jpg" height="1095" width="730" medium="image"/>
            <description>&lt;i&gt;So you caught me in this reverie,&lt;br /&gt;There at home where I could stay for hours.&lt;br /&gt;You thought I was trapped from within.&lt;br /&gt;&lt;br /&gt;I won&amp;#039;t blame you, if you couldn&amp;#039;t notice&lt;br /&gt;That my aloneness was filled&lt;br /&gt;Richer than all the madnesses and frenzies&lt;br /&gt;You all live in.&lt;br /&gt;&lt;br /&gt;The austere discomfort I am coiled in &lt;br /&gt;Beneath that hole on the ceiling&lt;br /&gt;Is a whole universe of fancies &lt;br /&gt;And the sweetest haven for heart and soul. &lt;br /&gt;&lt;/i&gt;&lt;br /&gt;-------------------------------------------------&lt;br /&gt;Oil painting on canvas - 120x80 cm (47.3x31.5 inch)&lt;br /&gt;March 2005&lt;br /&gt;Making-of steps &lt;a href=&quot;http://www.deviantart.com/users/outgoing?http://www.2roqs.com/Projets/Zancan/HomeAndFairies/&quot;&gt;here&lt;/a&gt;.&lt;br /&gt;Related scrap &lt;a href=&quot;http://www.deviantart.com/deviation/17211509/&quot;&gt;here&lt;/a&gt;.&lt;br /&gt;(I do live in a small appartment)&lt;br /&gt;&lt;div&gt;&lt;img src=&quot;https://t00.deviantart.net/8Nfi79MtJ5vwdOF0I0R6YyEvN-k=/300x200/filters:fixed_height(100,100):origin()/pre00/64af/th/pre/i/2005/213/9/2/home_and_the_fairies_by_zancan.jpg&quot; alt=&quot;thumbnail&quot; /&gt;&lt;/div&gt;</description>            </item>
        <item>
            <title>The Workstation 2</title>
            <link>https://jujika.deviantart.com/art/The-Workstation-2-19440784</link>
            <guid isPermaLink="true">https://jujika.deviantart.com/art/The-Workstation-2-19440784</guid>
            <pubDate>Tue, 14 Jun 2005 08:37:13 PDT</pubDate>
            <media:title type="plain">The Workstation 2</media:title>
            <media:keywords></media:keywords>
            <media:rating>nonadult</media:rating>
            <media:category label="People">digitalart/other/people</media:category>
            <media:credit role="author" scheme="urn:ebu">Jujika</media:credit>
            <media:credit role="author" scheme="urn:ebu">https://a.deviantart.net/avatars/j/u/jujika.gif</media:credit>
            <media:copyright url="https://jujika.deviantart.com">Copyright 2005-2019 Jujika</media:copyright>            <media:description type="html">Photoshop cs and Painter 8</media:description>            <media:thumbnail url="https://t00.deviantart.net/ihzzon2ECBoP41zJ5wlZ9Mz3o1w=/fit-in/150x150/filters:no_upscale():origin()/pre00/2145/th/pre/i/2005/165/4/3/the_workstation_2_by_jujika.jpg" height="129" width="150"/>            <media:thumbnail url="https://t00.deviantart.net/hTdl3IrImxijE86T0Nzv_M86BmU=/fit-in/300x900/filters:no_upscale():origin()/pre00/2145/th/pre/i/2005/165/4/3/the_workstation_2_by_jujika.jpg" height="258" width="300"/>            <media:thumbnail url="https://t00.deviantart.net/uafyLQvGvRtsXHJMBt7fZRg_MjE=/300x200/filters:fixed_height(100,100):origin()/pre00/2145/th/pre/i/2005/165/4/3/the_workstation_2_by_jujika.jpg" height="200" width="233"/>            <media:content url="https://pre00.deviantart.net/2145/th/pre/i/2005/165/4/3/the_workstation_2_by_jujika.jpg" height="828" width="965" medium="image"/>
            <description>Photoshop cs and Painter 8&lt;br /&gt;&lt;div&gt;&lt;img src=&quot;https://t00.deviantart.net/uafyLQvGvRtsXHJMBt7fZRg_MjE=/300x200/filters:fixed_height(100,100):origin()/pre00/2145/th/pre/i/2005/165/4/3/the_workstation_2_by_jujika.jpg&quot; alt=&quot;thumbnail&quot; /&gt;&lt;/div&gt;</description>            </item>
        <item>
            <title>Imprint</title>
            <link>https://destinyblue.deviantart.com/art/Imprint-416909600</link>
            <guid isPermaLink="true">https://destinyblue.deviantart.com/art/Imprint-416909600</guid>
            <pubDate>Sat, 30 Nov 2013 10:04:34 PST</pubDate>
            <media:title type="plain">Imprint</media:title>
            <media:keywords></media:keywords>
            <media:rating>nonadult</media:rating>
            <media:category label="Drawings">manga/digital/drawings</media:category>
            <media:credit role="author" scheme="urn:ebu">DestinyBlue</media:credit>
            <media:credit role="author" scheme="urn:ebu">https://a.deviantart.net/avatars/d/e/destinyblue.png?1</media:credit>
            <media:copyright url="https://destinyblue.deviantart.com">Copyright 2013-2019 DestinyBlue</media:copyright>            <media:description type="html">&lt;b&gt;People leave marks on us.&lt;/b&gt; This is Paige; a long time ago she opened her heart and gave it to someone...&lt;span class=&quot;shadow-holder&quot; data-embed-type=&quot;deviation&quot; data-embed-id=&quot;317203783&quot; data-embed-format=&quot;thumb&quot;&gt;&lt;span class=&quot;shadow mild&quot; &gt;&lt;a class=&quot;thumb&quot; href=&quot;https://www.deviantart.com/destinyblue/art/Open-my-Heart-to-You-317203783&quot; title=&quot;Open my Heart to You by DestinyBlue, Jul 27, 2012 in Digital Art &amp;gt; Drawings &amp;amp; Paintings &amp;gt; Illustrations &amp;gt; Conceptual&quot;data-super-img=&quot;https://pre00.deviantart.net/a10e/th/pre/f/2012/208/2/7/open_my_heart_to_you_by_destinyblue-d58us07.jpg&quot; data-super-width=&quot;751&quot; data-super-height=&quot;1064&quot; data-super-transparent=&quot;false&quot; data-super-alt=&quot;Open my Heart to You by DestinyBlue&quot; data-super-full-img=&quot;https://orig00.deviantart.net/7db5/f/2012/208/2/7/open_my_heart_to_you_by_destinyblue-d58us07.jpg&quot; data-super-full-width=&quot;753&quot; data-super-full-height=&quot;1067&quot;        data-sigil=&quot;thumb&quot;&gt;
            &lt;i&gt;&lt;/i&gt;&lt;img   width=&quot;106&quot; height=&quot;150&quot; alt=&quot;Open my Heart to You by DestinyBlue&quot; src=&quot;https://t00.deviantart.net/ZsmhfQxHypTZDeUesFGqqY_eKHc=/fit-in/150x150/filters:no_upscale():origin()/pre00/a10e/th/pre/f/2012/208/2/7/open_my_heart_to_you_by_destinyblue-d58us07.jpg&quot; data-src=&quot;https://t00.deviantart.net/ZsmhfQxHypTZDeUesFGqqY_eKHc=/fit-in/150x150/filters:no_upscale():origin()/pre00/a10e/th/pre/f/2012/208/2/7/open_my_heart_to_you_by_destinyblue-d58us07.jpg&quot; srcset=&quot;https://t00.deviantart.net/ZsmhfQxHypTZDeUesFGqqY_eKHc=/fit-in/150x150/filters:no_upscale():origin()/pre00/a10e/th/pre/f/2012/208/2/7/open_my_heart_to_you_by_destinyblue-d58us07.jpg 106w,https://t00.deviantart.net/_mxnm_2i_xqyo9XU8v2R01ImTyo=/fit-in/500x250/filters:fixed_height(100,100):origin()/pre00/a10e/th/pre/f/2012/208/2/7/open_my_heart_to_you_by_destinyblue-d58us07.jpg 176w,https://t00.deviantart.net/SBLCFAKXB6FizM6DW1xibtR6VII=/fit-in/700x350/filters:fixed_height(100,100):origin()/pre00/a10e/th/pre/f/2012/208/2/7/open_my_heart_to_you_by_destinyblue-d58us07.jpg 247w,https://t00.deviantart.net/gUXjOhmMQ7LkOeFFQEDY962f_BM=/fit-in/800x400/filters:fixed_height(100,100):origin()/pre00/a10e/th/pre/f/2012/208/2/7/open_my_heart_to_you_by_destinyblue-d58us07.jpg 282w,https://pre00.deviantart.net/a10e/th/pre/f/2012/208/2/7/open_my_heart_to_you_by_destinyblue-d58us07.jpg 751w&quot; sizes=&quot;106px&quot;&gt;&lt;/a&gt;&lt;/span&gt;&lt;!-- ^TTT --&gt;&lt;!-- TTT$ --&gt;&lt;/span&gt;&amp;nbsp; &amp;nbsp;but unfortunately it was rejected&amp;nbsp;&lt;span class=&quot;shadow-holder&quot; data-embed-type=&quot;deviation&quot; data-embed-id=&quot;308221391&quot; data-embed-format=&quot;thumb&quot;&gt;&lt;span class=&quot;shadow mild&quot; &gt;&lt;a class=&quot;thumb&quot; href=&quot;https://www.deviantart.com/destinyblue/art/Sew-Closed-my-Soul-308221391&quot; title=&quot;Sew Closed my Soul by DestinyBlue, Jun 14, 2012 in Manga &amp;amp; Anime &amp;gt; Digital Media &amp;gt; Drawings&quot;data-super-img=&quot;https://orig00.deviantart.net/392f/f/2012/165/5/f/sew_closed_my_soul_by_destinyblue-d53i95b.jpg&quot; data-super-width=&quot;722&quot; data-super-height=&quot;956&quot; data-super-transparent=&quot;false&quot; data-super-alt=&quot;Sew Closed my Soul by DestinyBlue&quot; data-super-full-img=&quot;https://orig00.deviantart.net/392f/f/2012/165/5/f/sew_closed_my_soul_by_destinyblue-d53i95b.jpg&quot; data-super-full-width=&quot;722&quot; data-super-full-height=&quot;956&quot;        data-sigil=&quot;thumb&quot;&gt;
            &lt;i&gt;&lt;/i&gt;&lt;img   width=&quot;113&quot; height=&quot;150&quot; alt=&quot;Sew Closed my Soul by DestinyBlue&quot; src=&quot;https://t00.deviantart.net/l-mgzYqm9qVbxvRH5M4M8kWfIlg=/fit-in/150x150/filters:no_upscale():origin()/pre00/ccf1/th/pre/f/2012/165/5/f/sew_closed_my_soul_by_destinyblue-d53i95b.jpg&quot; data-src=&quot;https://t00.deviantart.net/l-mgzYqm9qVbxvRH5M4M8kWfIlg=/fit-in/150x150/filters:no_upscale():origin()/pre00/ccf1/th/pre/f/2012/165/5/f/sew_closed_my_soul_by_destinyblue-d53i95b.jpg&quot; srcset=&quot;https://t00.deviantart.net/l-mgzYqm9qVbxvRH5M4M8kWfIlg=/fit-in/150x150/filters:no_upscale():origin()/pre00/ccf1/th/pre/f/2012/165/5/f/sew_closed_my_soul_by_destinyblue-d53i95b.jpg 113w,https://t00.deviantart.net/pgCsOXBvmoI0dA_6LY9vGlRe5uE=/fit-in/500x250/filters:fixed_height(100,100):origin()/pre00/ccf1/th/pre/f/2012/165/5/f/sew_closed_my_soul_by_destinyblue-d53i95b.jpg 189w,https://t00.deviantart.net/3rkH2XgFceNSBXgdPO1yZfUjNXc=/fit-in/700x350/filters:fixed_height(100,100):origin()/pre00/ccf1/th/pre/f/2012/165/5/f/sew_closed_my_soul_by_destinyblue-d53i95b.jpg 264w,https://t00.deviantart.net/gH4mIvDCIKXEMILKkwBnc9JeMNo=/fit-in/800x400/filters:fixed_height(100,100):origin()/pre00/ccf1/th/pre/f/2012/165/5/f/sew_closed_my_soul_by_destinyblue-d53i95b.jpg 302w,https://orig00.deviantart.net/392f/f/2012/165/5/f/sew_closed_my_soul_by_destinyblue-d53i95b.jpg 722w&quot; sizes=&quot;113px&quot;&gt;&lt;/a&gt;&lt;/span&gt;&lt;!-- ^TTT --&gt;&lt;!-- TTT$ --&gt;&lt;/span&gt;,&amp;nbsp;time helped repair the damage...&lt;span class=&quot;shadow-holder&quot; data-embed-type=&quot;deviation&quot; data-embed-id=&quot;339371965&quot; data-embed-format=&quot;thumb&quot;&gt;&lt;span class=&quot;shadow mild&quot; &gt;&lt;a class=&quot;thumb&quot; href=&quot;https://www.deviantart.com/destinyblue/art/Abandoned-339371965&quot; title=&quot;Abandoned by DestinyBlue, Nov 24, 2012 in Digital Art &amp;gt; Drawings &amp;amp; Paintings &amp;gt; Illustrations &amp;gt; Conceptual&quot;data-super-img=&quot;https://pre00.deviantart.net/3b12/th/pre/f/2012/328/8/b/abandoned_by_destinyblue-d5m1x31.jpg&quot; data-super-width=&quot;762&quot; data-super-height=&quot;1048&quot; data-super-transparent=&quot;false&quot; data-super-alt=&quot;Abandoned by DestinyBlue&quot; data-super-full-img=&quot;https://orig00.deviantart.net/acaf/f/2012/328/8/b/abandoned_by_destinyblue-d5m1x31.jpg&quot; data-super-full-width=&quot;952&quot; data-super-full-height=&quot;1309&quot;        data-sigil=&quot;thumb&quot;&gt;
            &lt;i&gt;&lt;/i&gt;&lt;img   width=&quot;109&quot; height=&quot;150&quot; alt=&quot;Abandoned by DestinyBlue&quot; src=&quot;https://t00.deviantart.net/UDN3CtREoW3u3smlwVFjIJ2WNfk=/fit-in/150x150/filters:no_upscale():origin()/pre00/3b12/th/pre/f/2012/328/8/b/abandoned_by_destinyblue-d5m1x31.jpg&quot; data-src=&quot;https://t00.deviantart.net/UDN3CtREoW3u3smlwVFjIJ2WNfk=/fit-in/150x150/filters:no_upscale():origin()/pre00/3b12/th/pre/f/2012/328/8/b/abandoned_by_destinyblue-d5m1x31.jpg&quot; srcset=&quot;https://t00.deviantart.net/UDN3CtREoW3u3smlwVFjIJ2WNfk=/fit-in/150x150/filters:no_upscale():origin()/pre00/3b12/th/pre/f/2012/328/8/b/abandoned_by_destinyblue-d5m1x31.jpg 109w,https://t00.deviantart.net/k7QHWMbKyefI-vxB5GTdw6e7uUo=/fit-in/500x250/filters:fixed_height(100,100):origin()/pre00/3b12/th/pre/f/2012/328/8/b/abandoned_by_destinyblue-d5m1x31.jpg 182w,https://t00.deviantart.net/DcQkkrwGoDks2q5R4hso8orEiuM=/fit-in/700x350/filters:fixed_height(100,100):origin()/pre00/3b12/th/pre/f/2012/328/8/b/abandoned_by_destinyblue-d5m1x31.jpg 255w,https://t00.deviantart.net/bKMN-tM9oESIL2OR2m62IeH_Ph8=/fit-in/800x400/filters:fixed_height(100,100):origin()/pre00/3b12/th/pre/f/2012/328/8/b/abandoned_by_destinyblue-d5m1x31.jpg 291w,https://pre00.deviantart.net/3b12/th/pre/f/2012/328/8/b/abandoned_by_destinyblue-d5m1x31.jpg 762w&quot; sizes=&quot;109px&quot;&gt;&lt;/a&gt;&lt;/span&gt;&lt;!-- ^TTT --&gt;&lt;!-- TTT$ --&gt;&lt;/span&gt;&amp;nbsp;and slowly it got better. Now she is older and wiser. But the first person she loved still leaves a mark on her. An imprint, she will never be naive again, but she will be wiser and stronger. She won&#039;t forget, but she can now let it go, she&#039;ll forever have it imprinted into who she is.&amp;nbsp;&lt;div&gt;&lt;br /&gt;&lt;/div&gt;&lt;div&gt;&lt;br /&gt;&lt;/div&gt;&lt;div&gt;There will be many people who leave imprints on Paige, just like the important people in our lives leave imprints on us, our families, teachers, friends, lovers, even strangers... I have met many people who have left their mark on me, some I didn&#039;t even know their name...&lt;/div&gt;&lt;div&gt;&lt;br /&gt;&lt;/div&gt;&lt;div&gt;&lt;br /&gt;&lt;/div&gt;&lt;div&gt;If there&#039;s one thing we know about Paige now, its that her insides glow! &lt;img src=&quot;https://e.deviantart.net/emoticons/letters/=p.gif&quot; width=&quot;15&quot; height=&quot;15&quot; alt=&quot;:P&quot; data-embed-type=&quot;emoticon&quot; data-embed-id=&quot;395&quot; title=&quot;:P (Lick)&quot;/&gt;&lt;/div&gt;&lt;div&gt;&lt;br /&gt;&lt;/div&gt;&lt;div&gt;&lt;br /&gt;&lt;/div&gt;&lt;div&gt;Peace, love and your handprints all over me! &lt;img src=&quot;https://e.deviantart.net/emoticons/h/heart.gif&quot; width=&quot;15&quot; height=&quot;13&quot; alt=&quot;:heart:&quot; data-embed-type=&quot;emoticon&quot; data-embed-id=&quot;357&quot; title=&quot;Heart&quot;/&gt;&lt;img src=&quot;https://e.deviantart.net/emoticons/h/heart.gif&quot; width=&quot;15&quot; height=&quot;13&quot; alt=&quot;:heart:&quot; data-embed-type=&quot;emoticon&quot; data-embed-id=&quot;357&quot; title=&quot;Heart&quot;/&gt;&lt;br /&gt;~Blue x&lt;/div&gt;&lt;div&gt;&lt;br /&gt;&lt;div&gt;&lt;u&gt;&lt;/u&gt;&lt;p&gt;&lt;hr/&gt;&lt;/p&gt;&lt;h3&gt;&lt;b&gt;&lt;br /&gt;&lt;/b&gt;&lt;/h3&gt;&lt;h3&gt;&lt;b&gt; |&lt;b&gt;&lt;a class=&quot;external&quot; href=&quot;https://www.deviantart.com/users/outgoing?http://www.destinybluestore.com/&quot;&gt;S&lt;u&gt;&lt;u&gt;tore&lt;/u&gt;&lt;/u&gt;&lt;/a&gt;&lt;/b&gt;&lt;b&gt;|&lt;/b&gt;&lt;b&gt;&lt;a class=&quot;external&quot; href=&quot;https://www.deviantart.com/users/outgoing?http://www.facebook.com/DestinyBlue&quot;&gt;&lt;b&gt;&lt;u&gt;Facebook&lt;/u&gt;&amp;nbsp;&lt;/b&gt;&lt;/a&gt;|&lt;a class=&quot;external&quot; href=&quot;https://www.deviantart.com/users/outgoing?http://instagram.com/destinyblue/&quot;&gt;&lt;b&gt;Instagram&lt;/b&gt;&lt;/a&gt;&amp;nbsp;|&lt;a class=&quot;external&quot; href=&quot;https://www.deviantart.com/users/outgoing?https://twitter.com/destinyblueart&quot;&gt;&lt;b&gt;Twitter&lt;/b&gt;&lt;/a&gt;|&lt;a class=&quot;external&quot; href=&quot;https://www.deviantart.com/users/outgoing?http://destinyblue.tumblr.com/&quot;&gt;&lt;b&gt;T&lt;u&gt;umblr&lt;/u&gt;&lt;/b&gt;&lt;/a&gt;&amp;nbsp;|&lt;/b&gt;&lt;a href=&quot;https://www.deviantart.com/destinyblue/journal/Frequently-Asked-Questions-357990497&quot;&gt;FAQ&lt;/a&gt;|&lt;/b&gt;&lt;/h3&gt;&lt;p&gt;&lt;b&gt;&lt;b&gt;&lt;br /&gt;&lt;hr/&gt;&lt;/b&gt;&lt;/b&gt;&lt;/p&gt;&lt;br /&gt;&lt;div&gt;&lt;b&gt;~Featured Artwork~&lt;/b&gt;&lt;br /&gt;&lt;span class=&quot;shadow-holder&quot; data-embed-type=&quot;deviation&quot; data-embed-id=&quot;412332135&quot; data-embed-format=&quot;thumb&quot;&gt;&lt;span class=&quot;shadow mild&quot; &gt;&lt;a class=&quot;thumb&quot; href=&quot;https://www.deviantart.com/destinyblue/art/Inspiration-412332135&quot; title=&quot;Inspiration by DestinyBlue, Nov 8, 2013 in Manga &amp;amp; Anime &amp;gt; Traditional Media &amp;gt; Drawings&quot;data-super-img=&quot;https://orig00.deviantart.net/2654/f/2013/312/4/f/inspiration_by_destinyblue-d6thpif.jpg&quot; data-super-width=&quot;459&quot; data-super-height=&quot;619&quot; data-super-transparent=&quot;false&quot; data-super-alt=&quot;Inspiration by DestinyBlue&quot; data-super-full-img=&quot;https://orig00.deviantart.net/2654/f/2013/312/4/f/inspiration_by_destinyblue-d6thpif.jpg&quot; data-super-full-width=&quot;459&quot; data-super-full-height=&quot;619&quot;        data-sigil=&quot;thumb&quot;&gt;
            &lt;i&gt;&lt;/i&gt;&lt;img   width=&quot;111&quot; height=&quot;150&quot; alt=&quot;Inspiration by DestinyBlue&quot; src=&quot;https://t00.deviantart.net/EWyMwQUkrmq9Lgdxs3AwtrfG7Mc=/fit-in/150x150/filters:no_upscale():origin()/pre00/d455/th/pre/f/2013/312/4/f/inspiration_by_destinyblue-d6thpif.jpg&quot; data-src=&quot;https://t00.deviantart.net/EWyMwQUkrmq9Lgdxs3AwtrfG7Mc=/fit-in/150x150/filters:no_upscale():origin()/pre00/d455/th/pre/f/2013/312/4/f/inspiration_by_destinyblue-d6thpif.jpg&quot; srcset=&quot;https://t00.deviantart.net/EWyMwQUkrmq9Lgdxs3AwtrfG7Mc=/fit-in/150x150/filters:no_upscale():origin()/pre00/d455/th/pre/f/2013/312/4/f/inspiration_by_destinyblue-d6thpif.jpg 111w,https://t00.deviantart.net/tA1gUlJIMKqMIl6-0lGytG6D9dE=/fit-in/500x250/filters:fixed_height(100,100):origin()/pre00/d455/th/pre/f/2013/312/4/f/inspiration_by_destinyblue-d6thpif.jpg 185w,https://t00.deviantart.net/M-wBuzqNa2CfUSGuQOfAkDkJ6VQ=/fit-in/700x350/filters:fixed_height(100,100):origin()/pre00/d455/th/pre/f/2013/312/4/f/inspiration_by_destinyblue-d6thpif.jpg 260w,https://t00.deviantart.net/yvvoQ9iulfsjxjpayhiaj4ANdzU=/fit-in/800x400/filters:fixed_height(100,100):origin()/pre00/d455/th/pre/f/2013/312/4/f/inspiration_by_destinyblue-d6thpif.jpg 297w,https://orig00.deviantart.net/2654/f/2013/312/4/f/inspiration_by_destinyblue-d6thpif.jpg 459w&quot; sizes=&quot;111px&quot;&gt;&lt;/a&gt;&lt;/span&gt;&lt;!-- ^TTT --&gt;&lt;!-- TTT$ --&gt;&lt;/span&gt;&lt;span class=&quot;shadow-holder&quot; data-embed-type=&quot;deviation&quot; data-embed-id=&quot;433560066&quot; data-embed-format=&quot;thumb&quot;&gt;&lt;span class=&quot;shadow mild&quot; &gt;&lt;a class=&quot;thumb&quot; href=&quot;https://www.deviantart.com/destinyblue/art/Not-Alone-433560066&quot; title=&quot;Not Alone by DestinyBlue, Feb 13, 2014 in Digital Art &amp;gt; Drawings &amp;amp; Paintings &amp;gt; Animals&quot;data-super-img=&quot;https://pre00.deviantart.net/97d0/th/pre/f/2014/043/8/7/not_alone_by_destinyblue-d764p36.jpg&quot; data-super-width=&quot;1105&quot; data-super-height=&quot;723&quot; data-super-transparent=&quot;false&quot; data-super-alt=&quot;Not Alone by DestinyBlue&quot; data-super-full-img=&quot;https://orig00.deviantart.net/c68b/f/2014/043/8/7/not_alone_by_destinyblue-d764p36.jpg&quot; data-super-full-width=&quot;1304&quot; data-super-full-height=&quot;854&quot;        data-sigil=&quot;thumb&quot;&gt;
            &lt;i&gt;&lt;/i&gt;&lt;img   width=&quot;150&quot; height=&quot;98&quot; alt=&quot;Not Alone by DestinyBlue&quot; src=&quot;https://t00.deviantart.net/jszOA73wifhQUBPgWW8r8-mJ_7E=/fit-in/150x150/filters:no_upscale():origin()/pre00/97d0/th/pre/f/2014/043/8/7/not_alone_by_destinyblue-d764p36.jpg&quot; data-src=&quot;https://t00.deviantart.net/jszOA73wifhQUBPgWW8r8-mJ_7E=/fit-in/150x150/filters:no_upscale():origin()/pre00/97d0/th/pre/f/2014/043/8/7/not_alone_by_destinyblue-d764p36.jpg&quot; srcset=&quot;https://t00.deviantart.net/jszOA73wifhQUBPgWW8r8-mJ_7E=/fit-in/150x150/filters:no_upscale():origin()/pre00/97d0/th/pre/f/2014/043/8/7/not_alone_by_destinyblue-d764p36.jpg 150w,https://t00.deviantart.net/y3t95EXP2SFjg7n3-kPbAXpV1-Q=/fit-in/500x250/filters:fixed_height(100,100):origin()/pre00/97d0/th/pre/f/2014/043/8/7/not_alone_by_destinyblue-d764p36.jpg 382w,https://t00.deviantart.net/M4gZWOgcSAbHAKe1BU_v5turtLc=/fit-in/700x350/filters:fixed_height(100,100):origin()/pre00/97d0/th/pre/f/2014/043/8/7/not_alone_by_destinyblue-d764p36.jpg 534w,https://t00.deviantart.net/JSvSnbgn_91ZbdR0PmDo3UJXEZo=/fit-in/800x400/filters:fixed_height(100,100):origin()/pre00/97d0/th/pre/f/2014/043/8/7/not_alone_by_destinyblue-d764p36.jpg 611w,https://pre00.deviantart.net/97d0/th/pre/f/2014/043/8/7/not_alone_by_destinyblue-d764p36.jpg 1105w&quot; sizes=&quot;150px&quot;&gt;&lt;/a&gt;&lt;/span&gt;&lt;!-- ^TTT --&gt;&lt;!-- TTT$ --&gt;&lt;/span&gt;&lt;span class=&quot;shadow-holder&quot; data-embed-type=&quot;deviation&quot; data-embed-id=&quot;439042957&quot; data-embed-format=&quot;thumb&quot;&gt;&lt;span class=&quot;shadow mild&quot; &gt;&lt;a class=&quot;thumb&quot; href=&quot;https://www.deviantart.com/destinyblue/art/WARPAINT-439042957&quot; title=&quot;WARPAINT by DestinyBlue, Mar 8, 2014 in Manga &amp;amp; Anime &amp;gt; Digital Media &amp;gt; Drawings&quot;data-super-img=&quot;https://img00.deviantart.net/9ba9/i/2014/129/2/e/warpaint_by_destinyblue-d79e7pp.jpg&quot; data-super-width=&quot;600&quot; data-super-height=&quot;781&quot; data-super-transparent=&quot;false&quot; data-super-alt=&quot;WARPAINT by DestinyBlue&quot; data-super-full-img=&quot;https://img00.deviantart.net/9ba9/i/2014/129/2/e/warpaint_by_destinyblue-d79e7pp.jpg&quot; data-super-full-width=&quot;600&quot; data-super-full-height=&quot;781&quot;        data-sigil=&quot;thumb&quot;&gt;
            &lt;i&gt;&lt;/i&gt;&lt;img   width=&quot;115&quot; height=&quot;150&quot; alt=&quot;WARPAINT by DestinyBlue&quot; src=&quot;https://t00.deviantart.net/EIuYDN2f3KPnNZvEjm0kaOJeiyY=/fit-in/150x150/filters:no_upscale():origin()/pre00/d1be/th/pre/i/2014/129/2/e/warpaint_by_destinyblue-d79e7pp.jpg&quot; data-src=&quot;https://t00.deviantart.net/EIuYDN2f3KPnNZvEjm0kaOJeiyY=/fit-in/150x150/filters:no_upscale():origin()/pre00/d1be/th/pre/i/2014/129/2/e/warpaint_by_destinyblue-d79e7pp.jpg&quot; srcset=&quot;https://t00.deviantart.net/EIuYDN2f3KPnNZvEjm0kaOJeiyY=/fit-in/150x150/filters:no_upscale():origin()/pre00/d1be/th/pre/i/2014/129/2/e/warpaint_by_destinyblue-d79e7pp.jpg 115w,https://t00.deviantart.net/2NRT6FKokL4Xi7QmaU6lZWeT6e0=/fit-in/500x250/filters:fixed_height(100,100):origin()/pre00/d1be/th/pre/i/2014/129/2/e/warpaint_by_destinyblue-d79e7pp.jpg 192w,https://t00.deviantart.net/kudCG678LJk-TlWDAi5wVoWsGbk=/fit-in/700x350/filters:fixed_height(100,100):origin()/pre00/d1be/th/pre/i/2014/129/2/e/warpaint_by_destinyblue-d79e7pp.jpg 269w,https://t00.deviantart.net/ZyVE7thJnL_tIA72_DKRgWehMoY=/fit-in/800x400/filters:fixed_height(100,100):origin()/pre00/d1be/th/pre/i/2014/129/2/e/warpaint_by_destinyblue-d79e7pp.jpg 307w,https://img00.deviantart.net/9ba9/i/2014/129/2/e/warpaint_by_destinyblue-d79e7pp.jpg 600w&quot; sizes=&quot;115px&quot;&gt;&lt;/a&gt;&lt;/span&gt;&lt;!-- ^TTT --&gt;&lt;!-- TTT$ --&gt;&lt;/span&gt;&lt;/div&gt;&lt;br /&gt;&lt;/div&gt;&lt;/div&gt;</media:description>            <media:thumbnail url="https://t00.deviantart.net/HWR1xfDWVMyEhfCHzVpLrA8u-xs=/fit-in/150x150/filters:no_upscale():origin()/pre00/5638/th/pre/f/2013/334/2/d/imprint_by_destinyblue-d6w7ti8.jpg" height="150" width="111"/>            <media:thumbnail url="https://t00.deviantart.net/DOuZdA7PvnQ-q1S3bOKJTzBrmP4=/fit-in/300x900/filters:no_upscale():origin()/pre00/5638/th/pre/f/2013/334/2/d/imprint_by_destinyblue-d6w7ti8.jpg" height="407" width="300"/>            <media:thumbnail url="https://t00.deviantart.net/5wK2WP-x8Bi9SOmjJtMMVgDU1qg=/300x200/filters:fixed_height(100,100):origin()/pre00/5638/th/pre/f/2013/334/2/d/imprint_by_destinyblue-d6w7ti8.jpg" height="200" width="148"/>            <media:content url="https://pre00.deviantart.net/5638/th/pre/f/2013/334/2/d/imprint_by_destinyblue-d6w7ti8.jpg" height="1041" width="768" medium="image"/>
            <description>&lt;b&gt;People leave marks on us.&lt;/b&gt; This is Paige; a long time ago she opened her heart and gave it to someone...&lt;span class=&quot;shadow-holder&quot; data-embed-type=&quot;deviation&quot; data-embed-id=&quot;317203783&quot; data-embed-format=&quot;thumb&quot;&gt;&lt;span class=&quot;shadow mild&quot; &gt;&lt;a class=&quot;thumb&quot; href=&quot;https://www.deviantart.com/destinyblue/art/Open-my-Heart-to-You-317203783&quot; title=&quot;Open my Heart to You by DestinyBlue, Jul 27, 2012 in Digital Art &amp;gt; Drawings &amp;amp; Paintings &amp;gt; Illustrations &amp;gt; Conceptual&quot;data-super-img=&quot;https://pre00.deviantart.net/a10e/th/pre/f/2012/208/2/7/open_my_heart_to_you_by_destinyblue-d58us07.jpg&quot; data-super-width=&quot;751&quot; data-super-height=&quot;1064&quot; data-super-transparent=&quot;false&quot; data-super-alt=&quot;Open my Heart to You by DestinyBlue&quot; data-super-full-img=&quot;https://orig00.deviantart.net/7db5/f/2012/208/2/7/open_my_heart_to_you_by_destinyblue-d58us07.jpg&quot; data-super-full-width=&quot;753&quot; data-super-full-height=&quot;1067&quot;        data-sigil=&quot;thumb&quot;&gt;
                &lt;i&gt;&lt;/i&gt;&lt;img   width=&quot;106&quot; height=&quot;150&quot; alt=&quot;Open my Heart to You by DestinyBlue&quot; src=&quot;https://t00.deviantart.net/ZsmhfQxHypTZDeUesFGqqY_eKHc=/fit-in/150x150/filters:no_upscale():origin()/pre00/a10e/th/pre/f/2012/208/2/7/open_my_heart_to_you_by_destinyblue-d58us07.jpg&quot; data-src=&quot;https://t00.deviantart.net/ZsmhfQxHypTZDeUesFGqqY_eKHc=/fit-in/150x150/filters:no_upscale():origin()/pre00/a10e/th/pre/f/2012/208/2/7/open_my_heart_to_you_by_destinyblue-d58us07.jpg&quot; srcset=&quot;https://t00.deviantart.net/ZsmhfQxHypTZDeUesFGqqY_eKHc=/fit-in/150x150/filters:no_upscale():origin()/pre00/a10e/th/pre/f/2012/208/2/7/open_my_heart_to_you_by_destinyblue-d58us07.jpg 106w,https://t00.deviantart.net/_mxnm_2i_xqyo9XU8v2R01ImTyo=/fit-in/500x250/filters:fixed_height(100,100):origin()/pre00/a10e/th/pre/f/2012/208/2/7/open_my_heart_to_you_by_destinyblue-d58us07.jpg 176w,https://t00.deviantart.net/SBLCFAKXB6FizM6DW1xibtR6VII=/fit-in/700x350/filters:fixed_height(100,100):origin()/pre00/a10e/th/pre/f/2012/208/2/7/open_my_heart_to_you_by_destinyblue-d58us07.jpg 247w,https://t00.deviantart.net/gUXjOhmMQ7LkOeFFQEDY962f_BM=/fit-in/800x400/filters:fixed_height(100,100):origin()/pre00/a10e/th/pre/f/2012/208/2/7/open_my_heart_to_you_by_destinyblue-d58us07.jpg 282w,https://pre00.deviantart.net/a10e/th/pre/f/2012/208/2/7/open_my_heart_to_you_by_destinyblue-d58us07.jpg 751w&quot; sizes=&quot;106px&quot;&gt;&lt;/a&gt;&lt;/span&gt;&lt;!-- ^TTT --&gt;&lt;!-- TTT$ --&gt;&lt;/span&gt;&amp;nbsp; &amp;nbsp;but unfortunately it was rejected&amp;nbsp;&lt;span class=&quot;shadow-holder&quot; data-embed-type=&quot;deviation&quot; data-embed-id=&quot;308221391&quot; data-embed-format=&quot;thumb&quot;&gt;&lt;span class=&quot;shadow mild&quot; &gt;&lt;a class=&quot;thumb&quot; href=&quot;https://www.deviantart.com/destinyblue/art/Sew-Closed-my-Soul-308221391&quot; title=&quot;Sew Closed my Soul by DestinyBlue, Jun 14, 2012 in Manga &amp;amp; Anime &amp;gt; Digital Media &amp;gt; Drawings&quot;data-super-img=&quot;https://orig00.deviantart.net/392f/f/2012/165/5/f/sew_closed_my_soul_by_destinyblue-d53i95b.jpg&quot; data-super-width=&quot;722&quot; data-super-height=&quot;956&quot; data-super-transparent=&quot;false&quot; data-super-alt=&quot;Sew Closed my Soul by DestinyBlue&quot; data-super-full-img=&quot;https://orig00.deviantart.net/392f/f/2012/165/5/f/sew_closed_my_soul_by_destinyblue-d53i95b.jpg&quot; data-super-full-width=&quot;722&quot; data-super-full-height=&quot;956&quot;        data-sigil=&quot;thumb&quot;&gt;
                &lt;i&gt;&lt;/i&gt;&lt;img   width=&quot;113&quot; height=&quot;150&quot; alt=&quot;Sew Closed my Soul by DestinyBlue&quot; src=&quot;https://t00.deviantart.net/l-mgzYqm9qVbxvRH5M4M8kWfIlg=/fit-in/150x150/filters:no_upscale():origin()/pre00/ccf1/th/pre/f/2012/165/5/f/sew_closed_my_soul_by_destinyblue-d53i95b.jpg&quot; data-src=&quot;https://t00.deviantart.net/l-mgzYqm9qVbxvRH5M4M8kWfIlg=/fit-in/150x150/filters:no_upscale():origin()/pre00/ccf1/th/pre/f/2012/165/5/f/sew_closed_my_soul_by_destinyblue-d53i95b.jpg&quot; srcset=&quot;https://t00.deviantart.net/l-mgzYqm9qVbxvRH5M4M8kWfIlg=/fit-in/150x150/filters:no_upscale():origin()/pre00/ccf1/th/pre/f/2012/165/5/f/sew_closed_my_soul_by_destinyblue-d53i95b.jpg 113w,https://t00.deviantart.net/pgCsOXBvmoI0dA_6LY9vGlRe5uE=/fit-in/500x250/filters:fixed_height(100,100):origin()/pre00/ccf1/th/pre/f/2012/165/5/f/sew_closed_my_soul_by_destinyblue-d53i95b.jpg 189w,https://t00.deviantart.net/3rkH2XgFceNSBXgdPO1yZfUjNXc=/fit-in/700x350/filters:fixed_height(100,100):origin()/pre00/ccf1/th/pre/f/2012/165/5/f/sew_closed_my_soul_by_destinyblue-d53i95b.jpg 264w,https://t00.deviantart.net/gH4mIvDCIKXEMILKkwBnc9JeMNo=/fit-in/800x400/filters:fixed_height(100,100):origin()/pre00/ccf1/th/pre/f/2012/165/5/f/sew_closed_my_soul_by_destinyblue-d53i95b.jpg 302w,https://orig00.deviantart.net/392f/f/2012/165/5/f/sew_closed_my_soul_by_destinyblue-d53i95b.jpg 722w&quot; sizes=&quot;113px&quot;&gt;&lt;/a&gt;&lt;/span&gt;&lt;!-- ^TTT --&gt;&lt;!-- TTT$ --&gt;&lt;/span&gt;,&amp;nbsp;time helped repair the damage...&lt;span class=&quot;shadow-holder&quot; data-embed-type=&quot;deviation&quot; data-embed-id=&quot;339371965&quot; data-embed-format=&quot;thumb&quot;&gt;&lt;span class=&quot;shadow mild&quot; &gt;&lt;a class=&quot;thumb&quot; href=&quot;https://www.deviantart.com/destinyblue/art/Abandoned-339371965&quot; title=&quot;Abandoned by DestinyBlue, Nov 24, 2012 in Digital Art &amp;gt; Drawings &amp;amp; Paintings &amp;gt; Illustrations &amp;gt; Conceptual&quot;data-super-img=&quot;https://pre00.deviantart.net/3b12/th/pre/f/2012/328/8/b/abandoned_by_destinyblue-d5m1x31.jpg&quot; data-super-width=&quot;762&quot; data-super-height=&quot;1048&quot; data-super-transparent=&quot;false&quot; data-super-alt=&quot;Abandoned by DestinyBlue&quot; data-super-full-img=&quot;https://orig00.deviantart.net/acaf/f/2012/328/8/b/abandoned_by_destinyblue-d5m1x31.jpg&quot; data-super-full-width=&quot;952&quot; data-super-full-height=&quot;1309&quot;        data-sigil=&quot;thumb&quot;&gt;
                &lt;i&gt;&lt;/i&gt;&lt;img   width=&quot;109&quot; height=&quot;150&quot; alt=&quot;Abandoned by DestinyBlue&quot; src=&quot;https://t00.deviantart.net/UDN3CtREoW3u3smlwVFjIJ2WNfk=/fit-in/150x150/filters:no_upscale():origin()/pre00/3b12/th/pre/f/2012/328/8/b/abandoned_by_destinyblue-d5m1x31.jpg&quot; data-src=&quot;https://t00.deviantart.net/UDN3CtREoW3u3smlwVFjIJ2WNfk=/fit-in/150x150/filters:no_upscale():origin()/pre00/3b12/th/pre/f/2012/328/8/b/abandoned_by_destinyblue-d5m1x31.jpg&quot; srcset=&quot;https://t00.deviantart.net/UDN3CtREoW3u3smlwVFjIJ2WNfk=/fit-in/150x150/filters:no_upscale():origin()/pre00/3b12/th/pre/f/2012/328/8/b/abandoned_by_destinyblue-d5m1x31.jpg 109w,https://t00.deviantart.net/k7QHWMbKyefI-vxB5GTdw6e7uUo=/fit-in/500x250/filters:fixed_height(100,100):origin()/pre00/3b12/th/pre/f/2012/328/8/b/abandoned_by_destinyblue-d5m1x31.jpg 182w,https://t00.deviantart.net/DcQkkrwGoDks2q5R4hso8orEiuM=/fit-in/700x350/filters:fixed_height(100,100):origin()/pre00/3b12/th/pre/f/2012/328/8/b/abandoned_by_destinyblue-d5m1x31.jpg 255w,https://t00.deviantart.net/bKMN-tM9oESIL2OR2m62IeH_Ph8=/fit-in/800x400/filters:fixed_height(100,100):origin()/pre00/3b12/th/pre/f/2012/328/8/b/abandoned_by_destinyblue-d5m1x31.jpg 291w,https://pre00.deviantart.net/3b12/th/pre/f/2012/328/8/b/abandoned_by_destinyblue-d5m1x31.jpg 762w&quot; sizes=&quot;109px&quot;&gt;&lt;/a&gt;&lt;/span&gt;&lt;!-- ^TTT --&gt;&lt;!-- TTT$ --&gt;&lt;/span&gt;&amp;nbsp;and slowly it got better. Now she is older and wiser. But the first person she loved still leaves a mark on her. An imprint, she will never be naive again, but she will be wiser and stronger. She won&#039;t forget, but she can now let it go, she&#039;ll forever have it imprinted into who she is.&amp;nbsp;&lt;div&gt;&lt;br /&gt;&lt;/div&gt;&lt;div&gt;&lt;br /&gt;&lt;/div&gt;&lt;div&gt;There will be many people who leave imprints on Paige, just like the important people in our lives leave imprints on us, our families, teachers, friends, lovers, even strangers... I have met many people who have left their mark on me, some I didn&#039;t even know their name...&lt;/div&gt;&lt;div&gt;&lt;br /&gt;&lt;/div&gt;&lt;div&gt;&lt;br /&gt;&lt;/div&gt;&lt;div&gt;If there&#039;s one thing we know about Paige now, its that her insides glow! &lt;img src=&quot;https://e.deviantart.net/emoticons/letters/=p.gif&quot; width=&quot;15&quot; height=&quot;15&quot; alt=&quot;:P&quot; data-embed-type=&quot;emoticon&quot; data-embed-id=&quot;395&quot; title=&quot;:P (Lick)&quot;/&gt;&lt;/div&gt;&lt;div&gt;&lt;br /&gt;&lt;/div&gt;&lt;div&gt;&lt;br /&gt;&lt;/div&gt;&lt;div&gt;Peace, love and your handprints all over me! &lt;img src=&quot;https://e.deviantart.net/emoticons/h/heart.gif&quot; width=&quot;15&quot; height=&quot;13&quot; alt=&quot;:heart:&quot; data-embed-type=&quot;emoticon&quot; data-embed-id=&quot;357&quot; title=&quot;Heart&quot;/&gt;&lt;img src=&quot;https://e.deviantart.net/emoticons/h/heart.gif&quot; width=&quot;15&quot; height=&quot;13&quot; alt=&quot;:heart:&quot; data-embed-type=&quot;emoticon&quot; data-embed-id=&quot;357&quot; title=&quot;Heart&quot;/&gt;&lt;br /&gt;~Blue x&lt;/div&gt;&lt;div&gt;&lt;br /&gt;&lt;div&gt;&lt;u&gt;&lt;/u&gt;&lt;p&gt;&lt;hr/&gt;&lt;/p&gt;&lt;h3&gt;&lt;b&gt;&lt;br /&gt;&lt;/b&gt;&lt;/h3&gt;&lt;h3&gt;&lt;b&gt; |&lt;b&gt;&lt;a class=&quot;external&quot; href=&quot;https://www.deviantart.com/users/outgoing?http://www.destinybluestore.com/&quot;&gt;S&lt;u&gt;&lt;u&gt;tore&lt;/u&gt;&lt;/u&gt;&lt;/a&gt;&lt;/b&gt;&lt;b&gt;|&lt;/b&gt;&lt;b&gt;&lt;a class=&quot;external&quot; href=&quot;https://www.deviantart.com/users/outgoing?http://www.facebook.com/DestinyBlue&quot;&gt;&lt;b&gt;&lt;u&gt;Facebook&lt;/u&gt;&amp;nbsp;&lt;/b&gt;&lt;/a&gt;|&lt;a class=&quot;external&quot; href=&quot;https://www.deviantart.com/users/outgoing?http://instagram.com/destinyblue/&quot;&gt;&lt;b&gt;Instagram&lt;/b&gt;&lt;/a&gt;&amp;nbsp;|&lt;a class=&quot;external&quot; href=&quot;https://www.deviantart.com/users/outgoing?https://twitter.com/destinyblueart&quot;&gt;&lt;b&gt;Twitter&lt;/b&gt;&lt;/a&gt;|&lt;a class=&quot;external&quot; href=&quot;https://www.deviantart.com/users/outgoing?http://destinyblue.tumblr.com/&quot;&gt;&lt;b&gt;T&lt;u&gt;umblr&lt;/u&gt;&lt;/b&gt;&lt;/a&gt;&amp;nbsp;|&lt;/b&gt;&lt;a href=&quot;https://www.deviantart.com/destinyblue/journal/Frequently-Asked-Questions-357990497&quot;&gt;FAQ&lt;/a&gt;|&lt;/b&gt;&lt;/h3&gt;&lt;p&gt;&lt;b&gt;&lt;b&gt;&lt;br /&gt;&lt;hr/&gt;&lt;/b&gt;&lt;/b&gt;&lt;/p&gt;&lt;br /&gt;&lt;div&gt;&lt;b&gt;~Featured Artwork~&lt;/b&gt;&lt;br /&gt;&lt;span class=&quot;shadow-holder&quot; data-embed-type=&quot;deviation&quot; data-embed-id=&quot;412332135&quot; data-embed-format=&quot;thumb&quot;&gt;&lt;span class=&quot;shadow mild&quot; &gt;&lt;a class=&quot;thumb&quot; href=&quot;https://www.deviantart.com/destinyblue/art/Inspiration-412332135&quot; title=&quot;Inspiration by DestinyBlue, Nov 8, 2013 in Manga &amp;amp; Anime &amp;gt; Traditional Media &amp;gt; Drawings&quot;data-super-img=&quot;https://orig00.deviantart.net/2654/f/2013/312/4/f/inspiration_by_destinyblue-d6thpif.jpg&quot; data-super-width=&quot;459&quot; data-super-height=&quot;619&quot; data-super-transparent=&quot;false&quot; data-super-alt=&quot;Inspiration by DestinyBlue&quot; data-super-full-img=&quot;https://orig00.deviantart.net/2654/f/2013/312/4/f/inspiration_by_destinyblue-d6thpif.jpg&quot; data-super-full-width=&quot;459&quot; data-super-full-height=&quot;619&quot;        data-sigil=&quot;thumb&quot;&gt;
                &lt;i&gt;&lt;/i&gt;&lt;img   width=&quot;111&quot; height=&quot;150&quot; alt=&quot;Inspiration by DestinyBlue&quot; src=&quot;https://t00.deviantart.net/EWyMwQUkrmq9Lgdxs3AwtrfG7Mc=/fit-in/150x150/filters:no_upscale():origin()/pre00/d455/th/pre/f/2013/312/4/f/inspiration_by_destinyblue-d6thpif.jpg&quot; data-src=&quot;https://t00.deviantart.net/EWyMwQUkrmq9Lgdxs3AwtrfG7Mc=/fit-in/150x150/filters:no_upscale():origin()/pre00/d455/th/pre/f/2013/312/4/f/inspiration_by_destinyblue-d6thpif.jpg&quot; srcset=&quot;https://t00.deviantart.net/EWyMwQUkrmq9Lgdxs3AwtrfG7Mc=/fit-in/150x150/filters:no_upscale():origin()/pre00/d455/th/pre/f/2013/312/4/f/inspiration_by_destinyblue-d6thpif.jpg 111w,https://t00.deviantart.net/tA1gUlJIMKqMIl6-0lGytG6D9dE=/fit-in/500x250/filters:fixed_height(100,100):origin()/pre00/d455/th/pre/f/2013/312/4/f/inspiration_by_destinyblue-d6thpif.jpg 185w,https://t00.deviantart.net/M-wBuzqNa2CfUSGuQOfAkDkJ6VQ=/fit-in/700x350/filters:fixed_height(100,100):origin()/pre00/d455/th/pre/f/2013/312/4/f/inspiration_by_destinyblue-d6thpif.jpg 260w,https://t00.deviantart.net/yvvoQ9iulfsjxjpayhiaj4ANdzU=/fit-in/800x400/filters:fixed_height(100,100):origin()/pre00/d455/th/pre/f/2013/312/4/f/inspiration_by_destinyblue-d6thpif.jpg 297w,https://orig00.deviantart.net/2654/f/2013/312/4/f/inspiration_by_destinyblue-d6thpif.jpg 459w&quot; sizes=&quot;111px&quot;&gt;&lt;/a&gt;&lt;/span&gt;&lt;!-- ^TTT --&gt;&lt;!-- TTT$ --&gt;&lt;/span&gt;&lt;span class=&quot;shadow-holder&quot; data-embed-type=&quot;deviation&quot; data-embed-id=&quot;433560066&quot; data-embed-format=&quot;thumb&quot;&gt;&lt;span class=&quot;shadow mild&quot; &gt;&lt;a class=&quot;thumb&quot; href=&quot;https://www.deviantart.com/destinyblue/art/Not-Alone-433560066&quot; title=&quot;Not Alone by DestinyBlue, Feb 13, 2014 in Digital Art &amp;gt; Drawings &amp;amp; Paintings &amp;gt; Animals&quot;data-super-img=&quot;https://pre00.deviantart.net/97d0/th/pre/f/2014/043/8/7/not_alone_by_destinyblue-d764p36.jpg&quot; data-super-width=&quot;1105&quot; data-super-height=&quot;723&quot; data-super-transparent=&quot;false&quot; data-super-alt=&quot;Not Alone by DestinyBlue&quot; data-super-full-img=&quot;https://orig00.deviantart.net/c68b/f/2014/043/8/7/not_alone_by_destinyblue-d764p36.jpg&quot; data-super-full-width=&quot;1304&quot; data-super-full-height=&quot;854&quot;        data-sigil=&quot;thumb&quot;&gt;
                &lt;i&gt;&lt;/i&gt;&lt;img   width=&quot;150&quot; height=&quot;98&quot; alt=&quot;Not Alone by DestinyBlue&quot; src=&quot;https://t00.deviantart.net/jszOA73wifhQUBPgWW8r8-mJ_7E=/fit-in/150x150/filters:no_upscale():origin()/pre00/97d0/th/pre/f/2014/043/8/7/not_alone_by_destinyblue-d764p36.jpg&quot; data-src=&quot;https://t00.deviantart.net/jszOA73wifhQUBPgWW8r8-mJ_7E=/fit-in/150x150/filters:no_upscale():origin()/pre00/97d0/th/pre/f/2014/043/8/7/not_alone_by_destinyblue-d764p36.jpg&quot; srcset=&quot;https://t00.deviantart.net/jszOA73wifhQUBPgWW8r8-mJ_7E=/fit-in/150x150/filters:no_upscale():origin()/pre00/97d0/th/pre/f/2014/043/8/7/not_alone_by_destinyblue-d764p36.jpg 150w,https://t00.deviantart.net/y3t95EXP2SFjg7n3-kPbAXpV1-Q=/fit-in/500x250/filters:fixed_height(100,100):origin()/pre00/97d0/th/pre/f/2014/043/8/7/not_alone_by_destinyblue-d764p36.jpg 382w,https://t00.deviantart.net/M4gZWOgcSAbHAKe1BU_v5turtLc=/fit-in/700x350/filters:fixed_height(100,100):origin()/pre00/97d0/th/pre/f/2014/043/8/7/not_alone_by_destinyblue-d764p36.jpg 534w,https://t00.deviantart.net/JSvSnbgn_91ZbdR0PmDo3UJXEZo=/fit-in/800x400/filters:fixed_height(100,100):origin()/pre00/97d0/th/pre/f/2014/043/8/7/not_alone_by_destinyblue-d764p36.jpg 611w,https://pre00.deviantart.net/97d0/th/pre/f/2014/043/8/7/not_alone_by_destinyblue-d764p36.jpg 1105w&quot; sizes=&quot;150px&quot;&gt;&lt;/a&gt;&lt;/span&gt;&lt;!-- ^TTT --&gt;&lt;!-- TTT$ --&gt;&lt;/span&gt;&lt;span class=&quot;shadow-holder&quot; data-embed-type=&quot;deviation&quot; data-embed-id=&quot;439042957&quot; data-embed-format=&quot;thumb&quot;&gt;&lt;span class=&quot;shadow mild&quot; &gt;&lt;a class=&quot;thumb&quot; href=&quot;https://www.deviantart.com/destinyblue/art/WARPAINT-439042957&quot; title=&quot;WARPAINT by DestinyBlue, Mar 8, 2014 in Manga &amp;amp; Anime &amp;gt; Digital Media &amp;gt; Drawings&quot;data-super-img=&quot;https://img00.deviantart.net/9ba9/i/2014/129/2/e/warpaint_by_destinyblue-d79e7pp.jpg&quot; data-super-width=&quot;600&quot; data-super-height=&quot;781&quot; data-super-transparent=&quot;false&quot; data-super-alt=&quot;WARPAINT by DestinyBlue&quot; data-super-full-img=&quot;https://img00.deviantart.net/9ba9/i/2014/129/2/e/warpaint_by_destinyblue-d79e7pp.jpg&quot; data-super-full-width=&quot;600&quot; data-super-full-height=&quot;781&quot;        data-sigil=&quot;thumb&quot;&gt;
                &lt;i&gt;&lt;/i&gt;&lt;img   width=&quot;115&quot; height=&quot;150&quot; alt=&quot;WARPAINT by DestinyBlue&quot; src=&quot;https://t00.deviantart.net/EIuYDN2f3KPnNZvEjm0kaOJeiyY=/fit-in/150x150/filters:no_upscale():origin()/pre00/d1be/th/pre/i/2014/129/2/e/warpaint_by_destinyblue-d79e7pp.jpg&quot; data-src=&quot;https://t00.deviantart.net/EIuYDN2f3KPnNZvEjm0kaOJeiyY=/fit-in/150x150/filters:no_upscale():origin()/pre00/d1be/th/pre/i/2014/129/2/e/warpaint_by_destinyblue-d79e7pp.jpg&quot; srcset=&quot;https://t00.deviantart.net/EIuYDN2f3KPnNZvEjm0kaOJeiyY=/fit-in/150x150/filters:no_upscale():origin()/pre00/d1be/th/pre/i/2014/129/2/e/warpaint_by_destinyblue-d79e7pp.jpg 115w,https://t00.deviantart.net/2NRT6FKokL4Xi7QmaU6lZWeT6e0=/fit-in/500x250/filters:fixed_height(100,100):origin()/pre00/d1be/th/pre/i/2014/129/2/e/warpaint_by_destinyblue-d79e7pp.jpg 192w,https://t00.deviantart.net/kudCG678LJk-TlWDAi5wVoWsGbk=/fit-in/700x350/filters:fixed_height(100,100):origin()/pre00/d1be/th/pre/i/2014/129/2/e/warpaint_by_destinyblue-d79e7pp.jpg 269w,https://t00.deviantart.net/ZyVE7thJnL_tIA72_DKRgWehMoY=/fit-in/800x400/filters:fixed_height(100,100):origin()/pre00/d1be/th/pre/i/2014/129/2/e/warpaint_by_destinyblue-d79e7pp.jpg 307w,https://img00.deviantart.net/9ba9/i/2014/129/2/e/warpaint_by_destinyblue-d79e7pp.jpg 600w&quot; sizes=&quot;115px&quot;&gt;&lt;/a&gt;&lt;/span&gt;&lt;!-- ^TTT --&gt;&lt;!-- TTT$ --&gt;&lt;/span&gt;&lt;/div&gt;&lt;br /&gt;&lt;/div&gt;&lt;/div&gt;&lt;br /&gt;&lt;div&gt;&lt;img src=&quot;https://t00.deviantart.net/5wK2WP-x8Bi9SOmjJtMMVgDU1qg=/300x200/filters:fixed_height(100,100):origin()/pre00/5638/th/pre/f/2013/334/2/d/imprint_by_destinyblue-d6w7ti8.jpg&quot; alt=&quot;thumbnail&quot; /&gt;&lt;/div&gt;</description>            </item>
        <item>
            <title>Rainbow Dash Morning</title>
            <link>https://sakimichan.deviantart.com/art/Rainbow-Dash-Morning-535398877</link>
            <guid isPermaLink="true">https://sakimichan.deviantart.com/art/Rainbow-Dash-Morning-535398877</guid>
            <pubDate>Mon, 25 May 2015 17:17:27 PDT</pubDate>
            <media:title type="plain">Rainbow Dash Morning</media:title>
            <media:keywords></media:keywords>
            <media:rating>nonadult</media:rating>
            <media:category label="Movies &amp; TV">fanart/digital/drawings/movies</media:category>
            <media:credit role="author" scheme="urn:ebu">sakimichan</media:credit>
            <media:credit role="author" scheme="urn:ebu">https://a.deviantart.net/avatars/s/a/sakimichan.jpg?4</media:credit>
            <media:copyright url="https://sakimichan.deviantart.com">Copyright 2015-2019 sakimichan</media:copyright>            <media:description type="html">&lt;p&gt;&lt;a class=&quot;external&quot; href=&quot;http://www.deviantart.com/users/outgoing?https://www.facebook.com/pages/Sakimi-chan/1409836239257534&quot;&gt;&lt;b&gt;Face Book&amp;nbsp;&lt;/b&gt;&lt;/a&gt;ll&lt;a class=&quot;external&quot; href=&quot;http://www.deviantart.com/users/outgoing?http://sakimichanart.storenvy.com/&quot;&gt;Online Store&lt;/a&gt;&amp;nbsp;ll&amp;nbsp;&lt;a class=&quot;external&quot; href=&quot;http://www.deviantart.com/users/outgoing?http://sakimichan.tumblr.com/&quot;&gt;Tumblr&lt;/a&gt;&amp;nbsp;ll&amp;nbsp;&lt;b&gt;&lt;a class=&quot;external&quot; href=&quot;http://www.deviantart.com/users/outgoing?http://www.patreon.com/sakimichan&quot;&gt;&lt;b&gt;Help support me on Patreon and get special perks&lt;/b&gt;&amp;lt;3&lt;/a&gt;&lt;/b&gt;ll&lt;b&gt;&lt;a class=&quot;external&quot; href=&quot;http://www.deviantart.com/users/outgoing?http://www.artstation.com/artist/sakimichan&quot;&gt;Artstation&lt;/a&gt;&lt;/b&gt;l&lt;b&gt;&lt;a class=&quot;external&quot; href=&quot;http://www.deviantart.com/users/outgoing?http://instagram.com/sakimi.chan/&quot;&gt;&lt;b&gt;Instagram(new)&lt;/b&gt;&lt;/a&gt;&lt;/b&gt;&amp;nbsp;&lt;b&gt;&lt;a class=&quot;external&quot; href=&quot;http://www.deviantart.com/users/outgoing?https://gumroad.com/sakimichan&quot;&gt;&lt;b&gt;gumroad(tutorial store)&lt;/b&gt;&lt;/a&gt;&lt;/b&gt; &lt;br /&gt;&lt;br /&gt; Rainbow Dash&#039;s my Fav MLP *_* I&#039;m not a total fan but I do enjoy watching the show and i love the pony designs !Here&#039;s my take on my fav pony. I also tried a few things with this piece as well so it might look more experimental/rough compared to my other pieces ^_^&lt;br /&gt;&lt;br /&gt;&amp;#10053; PSD&lt;br /&gt;&amp;#10053;full video process&lt;br /&gt;&amp;#10053;High res jpg for this piece and many others will be made&amp;nbsp;&lt;br /&gt;&lt;/p&gt;&lt;h4&gt;&amp;#10053;&lt;a class=&quot;external&quot; href=&quot;http://www.deviantart.com/users/outgoing?https://www.patreon.com/creation?hid=2499745&amp;amp;rf=371321&quot;&gt;&amp;nbsp;available through my patreon&amp;nbsp;&lt;/a&gt;&lt;/h4&gt;&lt;span class=&quot;shadow-holder&quot; data-embed-type=&quot;deviation&quot; data-embed-id=&quot;534136514&quot; data-embed-format=&quot;thumb&quot;&gt;&lt;span class=&quot;shadow mild&quot; &gt;&lt;a class=&quot;thumb&quot; href=&quot;http://sakimichan.deviantart.com/art/Female-Male-look-up-Down-tutorial-pack-promo-534136514&quot; title=&quot;Female. Male look up/Down tutorial pack .promo. by sakimichan, May 20, 2015 in Resources &amp;amp; Stock Images &amp;gt; Tutorials &amp;gt; Digital Art &amp;gt; Drawing &amp;amp; Painting &amp;gt; Photoshop&quot; data-super-img=&quot;http://pre07.deviantart.net/7c40/th/pre/f/2015/139/2/1/212529858c290b4148cee514c4d83cff-d8u0ede.jpg&quot; data-super-width=&quot;978&quot; data-super-height=&quot;817&quot; data-super-transparent=&quot;false&quot; data-super-full-img=&quot;http://orig06.deviantart.net/95ae/f/2015/139/2/1/212529858c290b4148cee514c4d83cff-d8u0ede.jpg&quot; data-super-full-width=&quot;1000&quot; data-super-full-height=&quot;836&quot;&gt;&lt;i&gt;&lt;/i&gt;&lt;img   width=&quot;150&quot; height=&quot;125&quot; alt=&quot;Female. Male look up/Down tutorial pack .promo. by sakimichan&quot; src=&quot;http://t09.deviantart.net/1V7YUDDG_WMFIMTeI837FjR_WHA=/fit-in/150x150/filters:no_upscale():origin()/pre07/7c40/th/pre/f/2015/139/2/1/212529858c290b4148cee514c4d83cff-d8u0ede.jpg&quot; data-src=&quot;http://t09.deviantart.net/1V7YUDDG_WMFIMTeI837FjR_WHA=/fit-in/150x150/filters:no_upscale():origin()/pre07/7c40/th/pre/f/2015/139/2/1/212529858c290b4148cee514c4d83cff-d8u0ede.jpg&quot;&gt;&lt;/a&gt;&lt;/span&gt;&lt;!-- ^TTT --&gt;&lt;!-- TTT$ --&gt;&lt;/span&gt;&lt;span class=&quot;shadow-holder&quot; data-embed-type=&quot;deviation&quot; data-embed-id=&quot;534724689&quot; data-embed-format=&quot;thumb&quot;&gt;&lt;span class=&quot;shadow mild&quot; style=&quot;display:block&quot; &gt;&lt;a class=&quot;thumb&quot; href=&quot;http://sakimichan.deviantart.com/art/Female-Male-Front-fullbody-tutorial-pack-promo-534724689&quot; title=&quot;Female. Male Front fullbody tutorial pack .promo. by sakimichan, May 23, 2015 in Resources &amp;amp; Stock Images &amp;gt; Tutorials &amp;gt; Digital Art &amp;gt; Drawing &amp;amp; Painting &amp;gt; Photoshop&quot; data-super-img=&quot;http://pre01.deviantart.net/3b8a/th/pre/f/2015/142/d/4/d4b99f3266fd022ac5df8b1a0c2d9b85-d8ud07l.jpg&quot; data-super-width=&quot;843&quot; data-super-height=&quot;948&quot; data-super-transparent=&quot;false&quot; data-super-full-img=&quot;http://orig07.deviantart.net/04c9/f/2015/142/d/4/d4b99f3266fd022ac5df8b1a0c2d9b85-d8ud07l.jpg&quot; data-super-full-width=&quot;890&quot; data-super-full-height=&quot;1000&quot;&gt;&lt;i&gt;&lt;/i&gt;&lt;img   width=&quot;134&quot; height=&quot;150&quot; alt=&quot;Female. Male Front fullbody tutorial pack .promo. by sakimichan&quot; src=&quot;http://t15.deviantart.net/CmmvwXVquK9xcKcCtwAc5rQwJxY=/fit-in/150x150/filters:no_upscale():origin()/pre01/3b8a/th/pre/f/2015/142/d/4/d4b99f3266fd022ac5df8b1a0c2d9b85-d8ud07l.jpg&quot; data-src=&quot;http://t15.deviantart.net/CmmvwXVquK9xcKcCtwAc5rQwJxY=/fit-in/150x150/filters:no_upscale():origin()/pre01/3b8a/th/pre/f/2015/142/d/4/d4b99f3266fd022ac5df8b1a0c2d9b85-d8ud07l.jpg&quot;&gt;&lt;/a&gt;&lt;/span&gt;&lt;!-- ^TTT --&gt;&lt;!-- TTT$ --&gt;&lt;/span&gt;&lt;span class=&quot;shadow-holder&quot; data-embed-type=&quot;deviation&quot; data-embed-id=&quot;534520930&quot; data-embed-format=&quot;thumb&quot;&gt;&lt;span class=&quot;shadow mild&quot; style=&quot;display:block&quot; &gt;&lt;a class=&quot;thumb&quot; href=&quot;http://sakimichan.deviantart.com/art/Last-Unicorn-534520930&quot; title=&quot;Last Unicorn by sakimichan, May 22, 2015 in Digital Art &amp;gt; Drawings &amp;amp; Paintings &amp;gt; Fantasy&quot; data-super-img=&quot;http://orig09.deviantart.net/102a/f/2015/141/2/e/2e1b05b7f4c3926fece6028b6822fc41-d8u8mzm.jpg&quot; data-super-width=&quot;695&quot; data-super-height=&quot;900&quot; data-super-transparent=&quot;false&quot;&gt;&lt;i&gt;&lt;/i&gt;&lt;img   width=&quot;116&quot; height=&quot;150&quot; alt=&quot;Last Unicorn by sakimichan&quot; src=&quot;http://t09.deviantart.net/WCdPkDXZl2AZx8No71qtGfxg_aA=/fit-in/150x150/filters:no_upscale():origin()/pre00/c90b/th/pre/f/2015/141/2/e/2e1b05b7f4c3926fece6028b6822fc41-d8u8mzm.jpg&quot; data-src=&quot;http://t09.deviantart.net/WCdPkDXZl2AZx8No71qtGfxg_aA=/fit-in/150x150/filters:no_upscale():origin()/pre00/c90b/th/pre/f/2015/141/2/e/2e1b05b7f4c3926fece6028b6822fc41-d8u8mzm.jpg&quot;&gt;&lt;/a&gt;&lt;/span&gt;&lt;!-- ^TTT --&gt;&lt;!-- TTT$ --&gt;&lt;/span&gt;&lt;span class=&quot;shadow-holder&quot; data-embed-type=&quot;deviation&quot; data-embed-id=&quot;534941119&quot; data-embed-format=&quot;thumb&quot;&gt;&lt;span class=&quot;shadow mild&quot; style=&quot;display:block&quot; &gt;&lt;a class=&quot;thumb&quot; href=&quot;http://sakimichan.deviantart.com/art/Fighter-Girl-Design-534941119&quot; title=&quot;Fighter Girl Design by sakimichan, May 24, 2015 in Digital Art &amp;gt; Drawings &amp;amp; Paintings &amp;gt; People &amp;gt; Open Format&quot; data-super-img=&quot;http://orig04.deviantart.net/6a61/f/2015/143/6/6/662b0ac3952f184c4115c766f0963497-d8uhn7j.jpg&quot; data-super-width=&quot;695&quot; data-super-height=&quot;900&quot; data-super-transparent=&quot;false&quot;&gt;&lt;i&gt;&lt;/i&gt;&lt;img   width=&quot;116&quot; height=&quot;150&quot; alt=&quot;Fighter Girl Design by sakimichan&quot; src=&quot;http://t01.deviantart.net/YsESFz6aZ9rtNADv657OLTASqEE=/fit-in/150x150/filters:no_upscale():origin()/pre01/e55e/th/pre/f/2015/143/6/6/662b0ac3952f184c4115c766f0963497-d8uhn7j.jpg&quot; data-src=&quot;http://t01.deviantart.net/YsESFz6aZ9rtNADv657OLTASqEE=/fit-in/150x150/filters:no_upscale():origin()/pre01/e55e/th/pre/f/2015/143/6/6/662b0ac3952f184c4115c766f0963497-d8uhn7j.jpg&quot;&gt;&lt;/a&gt;&lt;/span&gt;&lt;!-- ^TTT --&gt;&lt;!-- TTT$ --&gt;&lt;/span&gt;&lt;span class=&quot;shadow-holder&quot; data-embed-type=&quot;deviation&quot; data-embed-id=&quot;535172855&quot; data-embed-format=&quot;thumb&quot;&gt;&lt;span class=&quot;shadow mild&quot; &gt;&lt;a class=&quot;thumb&quot; href=&quot;http://sakimichan.deviantart.com/art/Character-concept-voice-over-prt-4-prom-535172855&quot; title=&quot;Character concept voice over prt 4 .prom. by sakimichan, May 25, 2015 in Resources &amp;amp; Stock Images &amp;gt; Tutorials &amp;gt; Digital Art &amp;gt; Drawing &amp;amp; Painting &amp;gt; Photoshop&quot; data-super-img=&quot;http://img10.deviantart.net/c32c/i/2015/144/8/f/character_concept_voice_over_prt_4__prom__by_sakimichan-d8umm0n.jpg&quot; data-super-width=&quot;800&quot; data-super-height=&quot;781&quot; data-super-transparent=&quot;false&quot;&gt;&lt;i&gt;&lt;/i&gt;&lt;img   width=&quot;150&quot; height=&quot;147&quot; alt=&quot;Character concept voice over prt 4 .prom. by sakimichan&quot; src=&quot;http://t08.deviantart.net/u6dkFCex9Mr9UX_grVLjiA_X5kA=/fit-in/150x150/filters:no_upscale():origin()/pre08/2be8/th/pre/i/2015/144/8/f/character_concept_voice_over_prt_4__prom__by_sakimichan-d8umm0n.jpg&quot; data-src=&quot;http://t08.deviantart.net/u6dkFCex9Mr9UX_grVLjiA_X5kA=/fit-in/150x150/filters:no_upscale():origin()/pre08/2be8/th/pre/i/2015/144/8/f/character_concept_voice_over_prt_4__prom__by_sakimichan-d8umm0n.jpg&quot;&gt;&lt;/a&gt;&lt;/span&gt;&lt;!-- ^TTT --&gt;&lt;!-- TTT$ --&gt;&lt;/span&gt;&lt;br /&gt;&lt;br /&gt;&lt;a href=&quot;http://sakimichan.deviantart.com/journal/Patreon-Rewards-Archive-498302321&quot;&gt;&lt;br /&gt;Patreon reward archive&amp;nbsp;&lt;/a&gt;( see what rewards you can get by helping support me !)&lt;br /&gt;Thank you for your interest!&lt;br /&gt;&lt;br /&gt;used: photoshop CS6</media:description>            <media:thumbnail url="https://t00.deviantart.net/Wbq9UlXLI1VTXZrJQnofkExIiJs=/fit-in/150x150/filters:no_upscale():origin()/pre00/781e/th/pre/f/2015/145/7/a/7a78ef01827d17bd793414dca49d3d39-d8urgf1.jpg" height="150" width="116"/>            <media:thumbnail url="https://t00.deviantart.net/za4NboQY__AKzgID7exm14OzAGY=/fit-in/300x900/filters:no_upscale():origin()/pre00/781e/th/pre/f/2015/145/7/a/7a78ef01827d17bd793414dca49d3d39-d8urgf1.jpg" height="388" width="300"/>            <media:thumbnail url="https://t00.deviantart.net/luz_wab3Cn48-UWLmw_4QFiQvDg=/300x200/filters:fixed_height(100,100):origin()/pre00/781e/th/pre/f/2015/145/7/a/7a78ef01827d17bd793414dca49d3d39-d8urgf1.jpg" height="200" width="154"/>            <media:content url="https://orig00.deviantart.net/2aa6/f/2015/145/7/a/7a78ef01827d17bd793414dca49d3d39-d8urgf1.jpg" height="900" width="695" medium="image"/>
            <description>&lt;p&gt;&lt;a class=&quot;external&quot; href=&quot;http://www.deviantart.com/users/outgoing?https://www.facebook.com/pages/Sakimi-chan/1409836239257534&quot;&gt;&lt;b&gt;Face Book&amp;nbsp;&lt;/b&gt;&lt;/a&gt;ll&lt;a class=&quot;external&quot; href=&quot;http://www.deviantart.com/users/outgoing?http://sakimichanart.storenvy.com/&quot;&gt;Online Store&lt;/a&gt;&amp;nbsp;ll&amp;nbsp;&lt;a class=&quot;external&quot; href=&quot;http://www.deviantart.com/users/outgoing?http://sakimichan.tumblr.com/&quot;&gt;Tumblr&lt;/a&gt;&amp;nbsp;ll&amp;nbsp;&lt;b&gt;&lt;a class=&quot;external&quot; href=&quot;http://www.deviantart.com/users/outgoing?http://www.patreon.com/sakimichan&quot;&gt;&lt;b&gt;Help support me on Patreon and get special perks&lt;/b&gt;&amp;lt;3&lt;/a&gt;&lt;/b&gt;ll&lt;b&gt;&lt;a class=&quot;external&quot; href=&quot;http://www.deviantart.com/users/outgoing?http://www.artstation.com/artist/sakimichan&quot;&gt;Artstation&lt;/a&gt;&lt;/b&gt;l&lt;b&gt;&lt;a class=&quot;external&quot; href=&quot;http://www.deviantart.com/users/outgoing?http://instagram.com/sakimi.chan/&quot;&gt;&lt;b&gt;Instagram(new)&lt;/b&gt;&lt;/a&gt;&lt;/b&gt;&amp;nbsp;&lt;b&gt;&lt;a class=&quot;external&quot; href=&quot;http://www.deviantart.com/users/outgoing?https://gumroad.com/sakimichan&quot;&gt;&lt;b&gt;gumroad(tutorial store)&lt;/b&gt;&lt;/a&gt;&lt;/b&gt; &lt;br /&gt;&lt;br /&gt; Rainbow Dash&#039;s my Fav MLP *_* I&#039;m not a total fan but I do enjoy watching the show and i love the pony designs !Here&#039;s my take on my fav pony. I also tried a few things with this piece as well so it might look more experimental/rough compared to my other pieces ^_^&lt;br /&gt;&lt;br /&gt;&amp;#10053; PSD&lt;br /&gt;&amp;#10053;full video process&lt;br /&gt;&amp;#10053;High res jpg for this piece and many others will be made&amp;nbsp;&lt;br /&gt;&lt;/p&gt;&lt;h4&gt;&amp;#10053;&lt;a class=&quot;external&quot; href=&quot;http://www.deviantart.com/users/outgoing?https://www.patreon.com/creation?hid=2499745&amp;amp;rf=371321&quot;&gt;&amp;nbsp;available through my patreon&amp;nbsp;&lt;/a&gt;&lt;/h4&gt;&lt;span class=&quot;shadow-holder&quot; data-embed-type=&quot;deviation&quot; data-embed-id=&quot;534136514&quot; data-embed-format=&quot;thumb&quot;&gt;&lt;span class=&quot;shadow mild&quot; &gt;&lt;a class=&quot;thumb&quot; href=&quot;http://sakimichan.deviantart.com/art/Female-Male-look-up-Down-tutorial-pack-promo-534136514&quot; title=&quot;Female. Male look up/Down tutorial pack .promo. by sakimichan, May 20, 2015 in Resources &amp;amp; Stock Images &amp;gt; Tutorials &amp;gt; Digital Art &amp;gt; Drawing &amp;amp; Painting &amp;gt; Photoshop&quot; data-super-img=&quot;http://pre07.deviantart.net/7c40/th/pre/f/2015/139/2/1/212529858c290b4148cee514c4d83cff-d8u0ede.jpg&quot; data-super-width=&quot;978&quot; data-super-height=&quot;817&quot; data-super-transparent=&quot;false&quot; data-super-full-img=&quot;http://orig06.deviantart.net/95ae/f/2015/139/2/1/212529858c290b4148cee514c4d83cff-d8u0ede.jpg&quot; data-super-full-width=&quot;1000&quot; data-super-full-height=&quot;836&quot;&gt;&lt;i&gt;&lt;/i&gt;&lt;img   width=&quot;150&quot; height=&quot;125&quot; alt=&quot;Female. Male look up/Down tutorial pack .promo. by sakimichan&quot; src=&quot;http://t09.deviantart.net/1V7YUDDG_WMFIMTeI837FjR_WHA=/fit-in/150x150/filters:no_upscale():origin()/pre07/7c40/th/pre/f/2015/139/2/1/212529858c290b4148cee514c4d83cff-d8u0ede.jpg&quot; data-src=&quot;http://t09.deviantart.net/1V7YUDDG_WMFIMTeI837FjR_WHA=/fit-in/150x150/filters:no_upscale():origin()/pre07/7c40/th/pre/f/2015/139/2/1/212529858c290b4148cee514c4d83cff-d8u0ede.jpg&quot;&gt;&lt;/a&gt;&lt;/span&gt;&lt;!-- ^TTT --&gt;&lt;!-- TTT$ --&gt;&lt;/span&gt;&lt;span class=&quot;shadow-holder&quot; data-embed-type=&quot;deviation&quot; data-embed-id=&quot;534724689&quot; data-embed-format=&quot;thumb&quot;&gt;&lt;span class=&quot;shadow mild&quot; style=&quot;display:block&quot; &gt;&lt;a class=&quot;thumb&quot; href=&quot;http://sakimichan.deviantart.com/art/Female-Male-Front-fullbody-tutorial-pack-promo-534724689&quot; title=&quot;Female. Male Front fullbody tutorial pack .promo. by sakimichan, May 23, 2015 in Resources &amp;amp; Stock Images &amp;gt; Tutorials &amp;gt; Digital Art &amp;gt; Drawing &amp;amp; Painting &amp;gt; Photoshop&quot; data-super-img=&quot;http://pre01.deviantart.net/3b8a/th/pre/f/2015/142/d/4/d4b99f3266fd022ac5df8b1a0c2d9b85-d8ud07l.jpg&quot; data-super-width=&quot;843&quot; data-super-height=&quot;948&quot; data-super-transparent=&quot;false&quot; data-super-full-img=&quot;http://orig07.deviantart.net/04c9/f/2015/142/d/4/d4b99f3266fd022ac5df8b1a0c2d9b85-d8ud07l.jpg&quot; data-super-full-width=&quot;890&quot; data-super-full-height=&quot;1000&quot;&gt;&lt;i&gt;&lt;/i&gt;&lt;img   width=&quot;134&quot; height=&quot;150&quot; alt=&quot;Female. Male Front fullbody tutorial pack .promo. by sakimichan&quot; src=&quot;http://t15.deviantart.net/CmmvwXVquK9xcKcCtwAc5rQwJxY=/fit-in/150x150/filters:no_upscale():origin()/pre01/3b8a/th/pre/f/2015/142/d/4/d4b99f3266fd022ac5df8b1a0c2d9b85-d8ud07l.jpg&quot; data-src=&quot;http://t15.deviantart.net/CmmvwXVquK9xcKcCtwAc5rQwJxY=/fit-in/150x150/filters:no_upscale():origin()/pre01/3b8a/th/pre/f/2015/142/d/4/d4b99f3266fd022ac5df8b1a0c2d9b85-d8ud07l.jpg&quot;&gt;&lt;/a&gt;&lt;/span&gt;&lt;!-- ^TTT --&gt;&lt;!-- TTT$ --&gt;&lt;/span&gt;&lt;span class=&quot;shadow-holder&quot; data-embed-type=&quot;deviation&quot; data-embed-id=&quot;534520930&quot; data-embed-format=&quot;thumb&quot;&gt;&lt;span class=&quot;shadow mild&quot; style=&quot;display:block&quot; &gt;&lt;a class=&quot;thumb&quot; href=&quot;http://sakimichan.deviantart.com/art/Last-Unicorn-534520930&quot; title=&quot;Last Unicorn by sakimichan, May 22, 2015 in Digital Art &amp;gt; Drawings &amp;amp; Paintings &amp;gt; Fantasy&quot; data-super-img=&quot;http://orig09.deviantart.net/102a/f/2015/141/2/e/2e1b05b7f4c3926fece6028b6822fc41-d8u8mzm.jpg&quot; data-super-width=&quot;695&quot; data-super-height=&quot;900&quot; data-super-transparent=&quot;false&quot;&gt;&lt;i&gt;&lt;/i&gt;&lt;img   width=&quot;116&quot; height=&quot;150&quot; alt=&quot;Last Unicorn by sakimichan&quot; src=&quot;http://t09.deviantart.net/WCdPkDXZl2AZx8No71qtGfxg_aA=/fit-in/150x150/filters:no_upscale():origin()/pre00/c90b/th/pre/f/2015/141/2/e/2e1b05b7f4c3926fece6028b6822fc41-d8u8mzm.jpg&quot; data-src=&quot;http://t09.deviantart.net/WCdPkDXZl2AZx8No71qtGfxg_aA=/fit-in/150x150/filters:no_upscale():origin()/pre00/c90b/th/pre/f/2015/141/2/e/2e1b05b7f4c3926fece6028b6822fc41-d8u8mzm.jpg&quot;&gt;&lt;/a&gt;&lt;/span&gt;&lt;!-- ^TTT --&gt;&lt;!-- TTT$ --&gt;&lt;/span&gt;&lt;span class=&quot;shadow-holder&quot; data-embed-type=&quot;deviation&quot; data-embed-id=&quot;534941119&quot; data-embed-format=&quot;thumb&quot;&gt;&lt;span class=&quot;shadow mild&quot; style=&quot;display:block&quot; &gt;&lt;a class=&quot;thumb&quot; href=&quot;http://sakimichan.deviantart.com/art/Fighter-Girl-Design-534941119&quot; title=&quot;Fighter Girl Design by sakimichan, May 24, 2015 in Digital Art &amp;gt; Drawings &amp;amp; Paintings &amp;gt; People &amp;gt; Open Format&quot; data-super-img=&quot;http://orig04.deviantart.net/6a61/f/2015/143/6/6/662b0ac3952f184c4115c766f0963497-d8uhn7j.jpg&quot; data-super-width=&quot;695&quot; data-super-height=&quot;900&quot; data-super-transparent=&quot;false&quot;&gt;&lt;i&gt;&lt;/i&gt;&lt;img   width=&quot;116&quot; height=&quot;150&quot; alt=&quot;Fighter Girl Design by sakimichan&quot; src=&quot;http://t01.deviantart.net/YsESFz6aZ9rtNADv657OLTASqEE=/fit-in/150x150/filters:no_upscale():origin()/pre01/e55e/th/pre/f/2015/143/6/6/662b0ac3952f184c4115c766f0963497-d8uhn7j.jpg&quot; data-src=&quot;http://t01.deviantart.net/YsESFz6aZ9rtNADv657OLTASqEE=/fit-in/150x150/filters:no_upscale():origin()/pre01/e55e/th/pre/f/2015/143/6/6/662b0ac3952f184c4115c766f0963497-d8uhn7j.jpg&quot;&gt;&lt;/a&gt;&lt;/span&gt;&lt;!-- ^TTT --&gt;&lt;!-- TTT$ --&gt;&lt;/span&gt;&lt;span class=&quot;shadow-holder&quot; data-embed-type=&quot;deviation&quot; data-embed-id=&quot;535172855&quot; data-embed-format=&quot;thumb&quot;&gt;&lt;span class=&quot;shadow mild&quot; &gt;&lt;a class=&quot;thumb&quot; href=&quot;http://sakimichan.deviantart.com/art/Character-concept-voice-over-prt-4-prom-535172855&quot; title=&quot;Character concept voice over prt 4 .prom. by sakimichan, May 25, 2015 in Resources &amp;amp; Stock Images &amp;gt; Tutorials &amp;gt; Digital Art &amp;gt; Drawing &amp;amp; Painting &amp;gt; Photoshop&quot; data-super-img=&quot;http://img10.deviantart.net/c32c/i/2015/144/8/f/character_concept_voice_over_prt_4__prom__by_sakimichan-d8umm0n.jpg&quot; data-super-width=&quot;800&quot; data-super-height=&quot;781&quot; data-super-transparent=&quot;false&quot;&gt;&lt;i&gt;&lt;/i&gt;&lt;img   width=&quot;150&quot; height=&quot;147&quot; alt=&quot;Character concept voice over prt 4 .prom. by sakimichan&quot; src=&quot;http://t08.deviantart.net/u6dkFCex9Mr9UX_grVLjiA_X5kA=/fit-in/150x150/filters:no_upscale():origin()/pre08/2be8/th/pre/i/2015/144/8/f/character_concept_voice_over_prt_4__prom__by_sakimichan-d8umm0n.jpg&quot; data-src=&quot;http://t08.deviantart.net/u6dkFCex9Mr9UX_grVLjiA_X5kA=/fit-in/150x150/filters:no_upscale():origin()/pre08/2be8/th/pre/i/2015/144/8/f/character_concept_voice_over_prt_4__prom__by_sakimichan-d8umm0n.jpg&quot;&gt;&lt;/a&gt;&lt;/span&gt;&lt;!-- ^TTT --&gt;&lt;!-- TTT$ --&gt;&lt;/span&gt;&lt;br /&gt;&lt;br /&gt;&lt;a href=&quot;http://sakimichan.deviantart.com/journal/Patreon-Rewards-Archive-498302321&quot;&gt;&lt;br /&gt;Patreon reward archive&amp;nbsp;&lt;/a&gt;( see what rewards you can get by helping support me !)&lt;br /&gt;Thank you for your interest!&lt;br /&gt;&lt;br /&gt;used: photoshop CS6&lt;br /&gt;&lt;div&gt;&lt;img src=&quot;https://t00.deviantart.net/luz_wab3Cn48-UWLmw_4QFiQvDg=/300x200/filters:fixed_height(100,100):origin()/pre00/781e/th/pre/f/2015/145/7/a/7a78ef01827d17bd793414dca49d3d39-d8urgf1.jpg&quot; alt=&quot;thumbnail&quot; /&gt;&lt;/div&gt;</description>            </item>
        <item>
            <title>two prostitutes</title>
            <link>https://cellar-fcp.deviantart.com/art/two-prostitutes-106774403</link>
            <guid isPermaLink="true">https://cellar-fcp.deviantart.com/art/two-prostitutes-106774403</guid>
            <pubDate>Fri, 19 Dec 2008 09:55:36 PST</pubDate>
            <media:title type="plain">two prostitutes</media:title>
            <media:keywords></media:keywords>
            <media:rating>nonadult</media:rating>
            <media:category label="Other">digitalart/paintings/other</media:category>
            <media:credit role="author" scheme="urn:ebu">cellar-fcp</media:credit>
            <media:credit role="author" scheme="urn:ebu">https://a.deviantart.net/avatars/c/e/cellar-fcp.jpg?3</media:credit>
            <media:copyright url="https://cellar-fcp.deviantart.com">Copyright 2008-2019 cellar-fcp</media:copyright>            <media:description type="html">prostitutes series 1&lt;br /&gt;drawing for the illustration book &quot;&amp;#40367;~EROTICA&quot;.&lt;br /&gt;&lt;br /&gt;(welcome to use this image to other web page of art, hope link back to here or credit, thank you support &lt;img src=&quot;http://e.deviantart.net/emoticons/s/smile.gif&quot; width=&quot;15&quot; height=&quot;15&quot; alt=&quot;:)&quot; data-embed-type=&quot;emoticon&quot; data-embed-id=&quot;391&quot; title=&quot;:) (Smile)&quot;/&gt; )&lt;br /&gt;&lt;br /&gt;book design by &lt;a target=&quot;_self&quot; href=&quot;http://langewong.deviantart.com/&quot; &gt;&lt;img class=&quot;avatar&quot; src=&quot;http://a.deviantart.net/avatars/l/a/langewong.jpg?1&quot; alt=&quot;:iconlangewong:&quot; title=&quot;Langewong&quot; /&gt;&lt;/a&gt; &lt;br /&gt;&lt;a href=&quot;http://langewong.deviantart.com/art/book-design-106652718&quot;&gt;langewong.deviantart.com/art/b&amp;hellip;&lt;/a&gt;</media:description>            <media:thumbnail url="https://t00.deviantart.net/0QO02N2jTCN3-L1nvcdpYq2WDFY=/fit-in/150x150/filters:no_upscale():origin()/pre00/f06b/th/pre/f/2008/354/a/8/two_prostitutes_by_cellar_fcp.jpg" height="106" width="150"/>            <media:thumbnail url="https://t00.deviantart.net/MphmnV-wu10tYeepb5wOYpaLCCY=/fit-in/300x900/filters:no_upscale():origin()/pre00/f06b/th/pre/f/2008/354/a/8/two_prostitutes_by_cellar_fcp.jpg" height="212" width="300"/>            <media:thumbnail url="https://t00.deviantart.net/2OpFkGH3SH4JNRObTZRNU8BInEQ=/300x200/filters:fixed_height(100,100):origin()/pre00/f06b/th/pre/f/2008/354/a/8/two_prostitutes_by_cellar_fcp.jpg" height="200" width="283"/>            <media:content url="https://pre00.deviantart.net/f06b/th/pre/f/2008/354/a/8/two_prostitutes_by_cellar_fcp.jpg" height="752" width="1063" medium="image"/>
            <description>prostitutes series 1&lt;br /&gt;drawing for the illustration book &quot;&amp;#40367;~EROTICA&quot;.&lt;br /&gt;&lt;br /&gt;(welcome to use this image to other web page of art, hope link back to here or credit, thank you support &lt;img src=&quot;http://e.deviantart.net/emoticons/s/smile.gif&quot; width=&quot;15&quot; height=&quot;15&quot; alt=&quot;:)&quot; data-embed-type=&quot;emoticon&quot; data-embed-id=&quot;391&quot; title=&quot;:) (Smile)&quot;/&gt; )&lt;br /&gt;&lt;br /&gt;book design by &lt;a target=&quot;_self&quot; href=&quot;http://langewong.deviantart.com/&quot; &gt;&lt;img class=&quot;avatar&quot; src=&quot;http://a.deviantart.net/avatars/l/a/langewong.jpg?1&quot; alt=&quot;:iconlangewong:&quot; title=&quot;Langewong&quot; /&gt;&lt;/a&gt; &lt;br /&gt;&lt;a href=&quot;http://langewong.deviantart.com/art/book-design-106652718&quot;&gt;langewong.deviantart.com/art/b&amp;hellip;&lt;/a&gt;&lt;br /&gt;&lt;div&gt;&lt;img src=&quot;https://t00.deviantart.net/2OpFkGH3SH4JNRObTZRNU8BInEQ=/300x200/filters:fixed_height(100,100):origin()/pre00/f06b/th/pre/f/2008/354/a/8/two_prostitutes_by_cellar_fcp.jpg&quot; alt=&quot;thumbnail&quot; /&gt;&lt;/div&gt;</description>            </item>
        <item>
            <title>7:15 a.m.</title>
            <link>https://eumenidi.deviantart.com/art/7-15-a-m-439536595</link>
            <guid isPermaLink="true">https://eumenidi.deviantart.com/art/7-15-a-m-439536595</guid>
            <pubDate>Mon, 10 Mar 2014 13:31:13 PDT</pubDate>
            <media:title type="plain">7:15 a.m.</media:title>
            <media:keywords></media:keywords>
            <media:rating>nonadult</media:rating>
            <media:category label="Movies &amp; TV">fanart/cartoons/digital/movies</media:category>
            <media:credit role="author" scheme="urn:ebu">Eumenidi</media:credit>
            <media:credit role="author" scheme="urn:ebu">https://a.deviantart.net/avatars/e/u/eumenidi.gif?7</media:credit>
            <media:copyright url="https://eumenidi.deviantart.com">Copyright 2014-2019 Eumenidi</media:copyright>            <media:description type="html">&lt;p&gt;&lt;span&gt;&lt;i&gt;&lt;b&gt;Part 2:&lt;/b&gt; &lt;a href=&quot;http://fav.me/d9vxtb4&quot;&gt;fav.me/d9vxtb4&lt;/a&gt;&lt;br /&gt;&lt;br /&gt;From left to right: Anna (Frozen), Elsa (Frozen), Rapunzel (Tangled), Ariel (The Little Mermaid), Tiana (The Princess and the Frog), Aurora (Sleeping Beauty), Belle (Beauty and the Beast), Snow White (Snow White and the Seven Dwarfs), Cinderella (Cinderella), Merida (Brave),&amp;nbsp; Jasmine (Aladdin).&lt;/i&gt;&lt;/span&gt;&lt;/p&gt;&lt;p&gt;&lt;span&gt;&lt;/span&gt;&lt;i&gt;This is a birthday gift for a friend of mine. Well, it took me quite a while to finish this illustration, about 45 hours of work over three weeks. &lt;img src=&quot;http://e.deviantart.net/emoticons/f/faint.gif&quot; width=&quot;18&quot; height=&quot;17&quot; alt=&quot;:faint:&quot; data-embed-type=&quot;emoticon&quot; data-embed-id=&quot;420&quot; title=&quot;I think I&amp;#039;ve fainted.&quot;/&gt; I&#039;m happy with the end result.&lt;br /&gt;&lt;/i&gt;&lt;i&gt;It was fun to draw. Hope you like it.&lt;br /&gt;&lt;br /&gt;You guys are amazing! Thank you for all the comments, I&#039;m sorry I can&#039;t reply to everyone but I read them all.^-^&lt;/i&gt;&lt;span&gt;&lt;br /&gt;&lt;br /&gt;&lt;/span&gt;&lt;i&gt;Used: Photoshop CS5 - Wacom Intuos4&amp;nbsp;&lt;/i&gt;&lt;/p&gt;&lt;p&gt;&lt;span&gt;&lt;i&gt;&lt;span&gt;Disney Princess_ &amp;#169;Disney&amp;nbsp;&lt;br /&gt;&lt;br /&gt;EDIT: Wow, I got a Daily Deviation... I&#039;m speechless. Thank you so much! &amp;nbsp;&lt;br /&gt;&lt;/span&gt;&lt;/i&gt;&lt;/span&gt;&lt;/p&gt;</media:description>            <media:thumbnail url="https://t00.deviantart.net/k9Fxzym2HX-SkkEbOvBhIf2wApI=/fit-in/150x150/filters:no_upscale():origin()/pre00/9568/th/pre/i/2014/079/d/7/7_15_a_m__by_eumenidi-d79oslv.jpg" height="99" width="150"/>            <media:thumbnail url="https://t00.deviantart.net/hgv10G5AQgOSugznHaMi_F6--yI=/fit-in/300x900/filters:no_upscale():origin()/pre00/9568/th/pre/i/2014/079/d/7/7_15_a_m__by_eumenidi-d79oslv.jpg" height="198" width="300"/>            <media:thumbnail url="https://t00.deviantart.net/uF7qkmfAGbT_sYJlrNses_gxpqQ=/300x200/filters:fixed_height(100,100):origin()/pre00/9568/th/pre/i/2014/079/d/7/7_15_a_m__by_eumenidi-d79oslv.jpg" height="198" width="300"/>            <media:content url="https://pre00.deviantart.net/9568/th/pre/i/2014/079/d/7/7_15_a_m__by_eumenidi-d79oslv.jpg" height="726" width="1100" medium="image"/>
            <description>&lt;p&gt;&lt;span&gt;&lt;i&gt;&lt;b&gt;Part 2:&lt;/b&gt; &lt;a href=&quot;http://fav.me/d9vxtb4&quot;&gt;fav.me/d9vxtb4&lt;/a&gt;&lt;br /&gt;&lt;br /&gt;From left to right: Anna (Frozen), Elsa (Frozen), Rapunzel (Tangled), Ariel (The Little Mermaid), Tiana (The Princess and the Frog), Aurora (Sleeping Beauty), Belle (Beauty and the Beast), Snow White (Snow White and the Seven Dwarfs), Cinderella (Cinderella), Merida (Brave),&amp;nbsp; Jasmine (Aladdin).&lt;/i&gt;&lt;/span&gt;&lt;/p&gt;&lt;p&gt;&lt;span&gt;&lt;/span&gt;&lt;i&gt;This is a birthday gift for a friend of mine. Well, it took me quite a while to finish this illustration, about 45 hours of work over three weeks. &lt;img src=&quot;http://e.deviantart.net/emoticons/f/faint.gif&quot; width=&quot;18&quot; height=&quot;17&quot; alt=&quot;:faint:&quot; data-embed-type=&quot;emoticon&quot; data-embed-id=&quot;420&quot; title=&quot;I think I&amp;#039;ve fainted.&quot;/&gt; I&#039;m happy with the end result.&lt;br /&gt;&lt;/i&gt;&lt;i&gt;It was fun to draw. Hope you like it.&lt;br /&gt;&lt;br /&gt;You guys are amazing! Thank you for all the comments, I&#039;m sorry I can&#039;t reply to everyone but I read them all.^-^&lt;/i&gt;&lt;span&gt;&lt;br /&gt;&lt;br /&gt;&lt;/span&gt;&lt;i&gt;Used: Photoshop CS5 - Wacom Intuos4&amp;nbsp;&lt;/i&gt;&lt;/p&gt;&lt;p&gt;&lt;span&gt;&lt;i&gt;&lt;span&gt;Disney Princess_ &amp;#169;Disney&amp;nbsp;&lt;br /&gt;&lt;br /&gt;EDIT: Wow, I got a Daily Deviation... I&#039;m speechless. Thank you so much! &amp;nbsp;&lt;br /&gt;&lt;/span&gt;&lt;/i&gt;&lt;/span&gt;&lt;/p&gt;&lt;br /&gt;&lt;div&gt;&lt;img src=&quot;https://t00.deviantart.net/uF7qkmfAGbT_sYJlrNses_gxpqQ=/300x200/filters:fixed_height(100,100):origin()/pre00/9568/th/pre/i/2014/079/d/7/7_15_a_m__by_eumenidi-d79oslv.jpg&quot; alt=&quot;thumbnail&quot; /&gt;&lt;/div&gt;</description>            </item>
        <item>
            <title>BRUSHES</title>
            <link>https://aarongriffinart.deviantart.com/art/BRUSHES-609357781</link>
            <guid isPermaLink="true">https://aarongriffinart.deviantart.com/art/BRUSHES-609357781</guid>
            <pubDate>Mon, 16 May 2016 07:26:49 PDT</pubDate>
            <media:title type="plain">BRUSHES</media:title>
            <media:keywords></media:keywords>
            <media:rating>nonadult</media:rating>
            <media:category label="Photoshop Brushes">resources/applications/psbrushes</media:category>
            <media:credit role="author" scheme="urn:ebu">AaronGriffinArt</media:credit>
            <media:credit role="author" scheme="urn:ebu">https://a.deviantart.net/avatars/a/a/aarongriffinart.png?6</media:credit>
            <media:copyright url="https://aarongriffinart.deviantart.com">Copyright 2016-2019 AaronGriffinArt</media:copyright>            <media:description type="html">Hey everyone,&lt;br /&gt;&lt;br /&gt;I have been getting a lot of requests recently regarding the brushes I use in my current paintings. Feel free to download them and try them out! &lt;img src=&quot;http://e.deviantart.net/emoticons/s/smile.gif&quot; width=&quot;15&quot; height=&quot;15&quot; alt=&quot;:)&quot; data-embed-type=&quot;emoticon&quot; data-embed-id=&quot;391&quot; title=&quot;:) (Smile)&quot;/&gt;</media:description>            <media:thumbnail url="https://t00.deviantart.net/QKGEwC7v8V_eULjxDrXCD_TkRYY=/fit-in/150x150/filters:no_upscale():origin()/pre00/ba70/th/pre/f/2016/137/d/2/brushes_by_aarongriffinart-da2snh1.jpg" height="74" width="150"/>            <media:thumbnail url="https://t00.deviantart.net/ztiunq7QhyIZwtq4heXWKGADykY=/fit-in/300x900/filters:no_upscale():origin()/pre00/ba70/th/pre/f/2016/137/d/2/brushes_by_aarongriffinart-da2snh1.jpg" height="149" width="300"/>            <media:thumbnail url="https://t00.deviantart.net/mZeaRbct5HepyWwUDnDpfhMokLE=/300x200/filters:fixed_height(100,100):origin()/pre00/ba70/th/pre/f/2016/137/d/2/brushes_by_aarongriffinart-da2snh1.jpg" height="149" width="300"/>            <media:content url="https://orig00.deviantart.net/9362/f/2016/137/d/2/brushes_by_aarongriffinart-da2snh1.jpg" height="877" width="1770"/>
            <description>Hey everyone,&lt;br /&gt;&lt;br /&gt;I have been getting a lot of requests recently regarding the brushes I use in my current paintings. Feel free to download them and try them out! &lt;img src=&quot;http://e.deviantart.net/emoticons/s/smile.gif&quot; width=&quot;15&quot; height=&quot;15&quot; alt=&quot;:)&quot; data-embed-type=&quot;emoticon&quot; data-embed-id=&quot;391&quot; title=&quot;:) (Smile)&quot;/&gt;&lt;br /&gt;&lt;div&gt;&lt;img src=&quot;https://orig00.deviantart.net/9362/f/2016/137/d/2/brushes_by_aarongriffinart-da2snh1.jpg&quot; alt=&quot;thumbnail&quot; /&gt;&lt;/div&gt;</description>            </item>
        <item>
            <title>My Brush Pack</title>
            <link>https://danluvisiart.deviantart.com/art/My-Brush-Pack-118954791</link>
            <guid isPermaLink="true">https://danluvisiart.deviantart.com/art/My-Brush-Pack-118954791</guid>
            <pubDate>Sun, 12 Apr 2009 00:45:35 PDT</pubDate>
            <media:title type="plain">My Brush Pack</media:title>
            <media:keywords></media:keywords>
            <media:rating>nonadult</media:rating>
            <media:category label="Photoshop Brushes">resources/applications/psbrushes</media:category>
            <media:credit role="author" scheme="urn:ebu">DanLuVisiArt</media:credit>
            <media:credit role="author" scheme="urn:ebu">https://a.deviantart.net/avatars/d/a/danluvisiart.jpg?1</media:credit>
            <media:copyright url="https://danluvisiart.deviantart.com">Copyright 2009-2019 DanLuVisiArt</media:copyright>            <media:description type="html">So these are really the only brushes I use, period. I barely, ever, use custom weird funky brushes unless its for design purpose. I find this collection achieves exactly what I want, and haven&amp;#039;t searched elsewhere. It&amp;#039;s like my Holy Grail so I figured all of you digi painters could use them as well!&lt;br /&gt;&lt;br /&gt;Now you might be like &quot;Why such a small list?&quot; I don&amp;#039;t mean this in an arrogant way , but I can really achieve any feeling I want with these brushes, just get used to them, play with it and it&amp;#039;ll work out! They did for me. &lt;br /&gt;&lt;br /&gt;I have a run down below on what each brush is used for in a painting:&lt;br /&gt;&lt;br /&gt;&lt;b&gt;Brushes&lt;/b&gt;&lt;br /&gt;&lt;br /&gt;&lt;b&gt;Standard Brush&lt;/b&gt;: This is what I use to drop my basic colors when quickly slapping down what I want. I seldom use it for actual detailing, but if I need to block in thick patches I&amp;#039;ll use this brush.&lt;br /&gt;&lt;br /&gt;&lt;b&gt;Detailing Painting Brush&lt;/b&gt;: My favorite brush next to the fur brush. This one is simply used to get those nooks and crannies. If I were to use the brush above for 25% of the painting, this would be the other 75%. &lt;br /&gt;&lt;br /&gt;&lt;b&gt;Lighting Brush&lt;/b&gt; You know all those lens flares, over bright lights, shiny glowing areas I do? This is the brush. Use it softly and  you&amp;#039;ll achieve a nice bloom in your lighting.&lt;br /&gt;&lt;br /&gt;&lt;b&gt;Detailing Lighting Brush&lt;/b&gt; For tinier spots, harder lighting areas.&lt;br /&gt;&lt;br /&gt;&lt;b&gt;Texture Brush&lt;/b&gt;: I use this brush mostly for pores, dabbles on the skin, bumpy surfaces, or just to give texture to skin in general. Works like a charm.&lt;br /&gt;&lt;br /&gt;&lt;b&gt;Hair Brush/Smudge Brush&lt;/b&gt; Pretty Self Explanatory. Do I start off painting hair with this brush? No, I use the Standard Painting Brush then I go over it with this brush to create the strands/etc. As for the smudging, this is my ideal color mixer when I need to blend tones, acts like a bristle brush and merges all those nice colors together to create a creamy feel. &lt;br /&gt;&lt;br /&gt;&lt;b&gt;Chalk Brush&lt;/b&gt;: I use this for clouds sometimes, smoke, or just patching in colors. Works better than I can explain.&lt;br /&gt;&lt;br /&gt;&lt;b&gt;Hard Ink Brush&lt;/b&gt;: This I use rarely, but when I do use it, it really helps. Usually for adding glare, or tight highlights on certian objects to make them pop. Like the girls earring. &lt;br /&gt;&lt;br /&gt;&lt;b&gt;Texture Brush # 2 &lt;/b&gt;: This one I use a lot to get nice pores, that sweaty look or just overall skin texture. &lt;br /&gt;&lt;br /&gt;&lt;b&gt; Cloud Brush #1-3&lt;/b&gt;: Used to paint clouds, nuff&amp;#039; said.&lt;br /&gt;&lt;br /&gt;&lt;b&gt;Abrams Lighting Brush&lt;/b&gt;: I love this brush. In my &quot;INSIDE THE BEAST&quot; image, all those lighting effects you guys talked about were used with this brush. &lt;br /&gt;&lt;br /&gt;&lt;b&gt;Speckle Brush&lt;/b&gt;: Used for skin again, or to dirty something up.&lt;br /&gt;&lt;br /&gt;&lt;b&gt;Debris Brush&lt;/b&gt;: Need to create dirt flying? Tiny bumps on a sexy leg? This is it sucka. &lt;br /&gt;&lt;br /&gt;&lt;b&gt;Fur Brush&lt;/b&gt;: UNF! My favorite brush. I use this for skin, fur, cloth, metal, sparks, debris, glass, anything. It&amp;#039;s a hard shell to crack, but once you do..it&amp;#039;s a GREAT brush. &lt;br /&gt;&lt;br /&gt;&lt;b&gt;Pore Brush&lt;/b&gt;: Literally my 489474th brush used for skin/pores. &lt;br /&gt;&lt;br /&gt;&lt;b&gt;Glass Brush&lt;/b&gt;: Used to create shattered glass, papers flying, etc. &lt;br /&gt;&lt;br /&gt;&lt;br /&gt;Have fun!!&lt;br /&gt;&lt;br /&gt;&lt;u&gt;Also, all I ask is if you download them, I don&amp;#039;t expect any credit. But at least fav the pack, so they can be seen by more users. &lt;/u&gt;&lt;br /&gt;&lt;br /&gt;Thank you.</media:description>            <media:thumbnail url="https://t00.deviantart.net/aAPT59a4SVGraiODMu-KXWCI3vw=/fit-in/150x150/filters:no_upscale():origin()/pre00/a4af/th/pre/i/2009/102/5/d/my_brush_pack_by_adonihs.jpg" height="69" width="150"/>            <media:thumbnail url="https://t00.deviantart.net/hNEFvOiGVQJ8-T1iJhuDWDK8RyE=/fit-in/300x900/filters:no_upscale():origin()/pre00/a4af/th/pre/i/2009/102/5/d/my_brush_pack_by_adonihs.jpg" height="139" width="300"/>            <media:thumbnail url="https://t00.deviantart.net/imog_8lEGJL1ovGGZXpf7IUd8bA=/300x200/filters:fixed_height(100,100):origin()/pre00/a4af/th/pre/i/2009/102/5/d/my_brush_pack_by_adonihs.jpg" height="139" width="300"/>            <media:content url="https://img00.deviantart.net/9d2e/i/2009/102/5/d/my_brush_pack_by_adonihs.jpg" height="740" width="1601"/>
            <description>So these are really the only brushes I use, period. I barely, ever, use custom weird funky brushes unless its for design purpose. I find this collection achieves exactly what I want, and haven&amp;#039;t searched elsewhere. It&amp;#039;s like my Holy Grail so I figured all of you digi painters could use them as well!&lt;br /&gt;&lt;br /&gt;Now you might be like &quot;Why such a small list?&quot; I don&amp;#039;t mean this in an arrogant way , but I can really achieve any feeling I want with these brushes, just get used to them, play with it and it&amp;#039;ll work out! They did for me. &lt;br /&gt;&lt;br /&gt;I have a run down below on what each brush is used for in a painting:&lt;br /&gt;&lt;br /&gt;&lt;b&gt;Brushes&lt;/b&gt;&lt;br /&gt;&lt;br /&gt;&lt;b&gt;Standard Brush&lt;/b&gt;: This is what I use to drop my basic colors when quickly slapping down what I want. I seldom use it for actual detailing, but if I need to block in thick patches I&amp;#039;ll use this brush.&lt;br /&gt;&lt;br /&gt;&lt;b&gt;Detailing Painting Brush&lt;/b&gt;: My favorite brush next to the fur brush. This one is simply used to get those nooks and crannies. If I were to use the brush above for 25% of the painting, this would be the other 75%. &lt;br /&gt;&lt;br /&gt;&lt;b&gt;Lighting Brush&lt;/b&gt; You know all those lens flares, over bright lights, shiny glowing areas I do? This is the brush. Use it softly and  you&amp;#039;ll achieve a nice bloom in your lighting.&lt;br /&gt;&lt;br /&gt;&lt;b&gt;Detailing Lighting Brush&lt;/b&gt; For tinier spots, harder lighting areas.&lt;br /&gt;&lt;br /&gt;&lt;b&gt;Texture Brush&lt;/b&gt;: I use this brush mostly for pores, dabbles on the skin, bumpy surfaces, or just to give texture to skin in general. Works like a charm.&lt;br /&gt;&lt;br /&gt;&lt;b&gt;Hair Brush/Smudge Brush&lt;/b&gt; Pretty Self Explanatory. Do I start off painting hair with this brush? No, I use the Standard Painting Brush then I go over it with this brush to create the strands/etc. As for the smudging, this is my ideal color mixer when I need to blend tones, acts like a bristle brush and merges all those nice colors together to create a creamy feel. &lt;br /&gt;&lt;br /&gt;&lt;b&gt;Chalk Brush&lt;/b&gt;: I use this for clouds sometimes, smoke, or just patching in colors. Works better than I can explain.&lt;br /&gt;&lt;br /&gt;&lt;b&gt;Hard Ink Brush&lt;/b&gt;: This I use rarely, but when I do use it, it really helps. Usually for adding glare, or tight highlights on certian objects to make them pop. Like the girls earring. &lt;br /&gt;&lt;br /&gt;&lt;b&gt;Texture Brush # 2 &lt;/b&gt;: This one I use a lot to get nice pores, that sweaty look or just overall skin texture. &lt;br /&gt;&lt;br /&gt;&lt;b&gt; Cloud Brush #1-3&lt;/b&gt;: Used to paint clouds, nuff&amp;#039; said.&lt;br /&gt;&lt;br /&gt;&lt;b&gt;Abrams Lighting Brush&lt;/b&gt;: I love this brush. In my &quot;INSIDE THE BEAST&quot; image, all those lighting effects you guys talked about were used with this brush. &lt;br /&gt;&lt;br /&gt;&lt;b&gt;Speckle Brush&lt;/b&gt;: Used for skin again, or to dirty something up.&lt;br /&gt;&lt;br /&gt;&lt;b&gt;Debris Brush&lt;/b&gt;: Need to create dirt flying? Tiny bumps on a sexy leg? This is it sucka. &lt;br /&gt;&lt;br /&gt;&lt;b&gt;Fur Brush&lt;/b&gt;: UNF! My favorite brush. I use this for skin, fur, cloth, metal, sparks, debris, glass, anything. It&amp;#039;s a hard shell to crack, but once you do..it&amp;#039;s a GREAT brush. &lt;br /&gt;&lt;br /&gt;&lt;b&gt;Pore Brush&lt;/b&gt;: Literally my 489474th brush used for skin/pores. &lt;br /&gt;&lt;br /&gt;&lt;b&gt;Glass Brush&lt;/b&gt;: Used to create shattered glass, papers flying, etc. &lt;br /&gt;&lt;br /&gt;&lt;br /&gt;Have fun!!&lt;br /&gt;&lt;br /&gt;&lt;u&gt;Also, all I ask is if you download them, I don&amp;#039;t expect any credit. But at least fav the pack, so they can be seen by more users. &lt;/u&gt;&lt;br /&gt;&lt;br /&gt;Thank you.&lt;br /&gt;&lt;div&gt;&lt;img src=&quot;https://img00.deviantart.net/9d2e/i/2009/102/5/d/my_brush_pack_by_adonihs.jpg&quot; alt=&quot;thumbnail&quot; /&gt;&lt;/div&gt;</description>            </item>
        <item>
            <title>Luxury</title>
            <link>https://lilyas.deviantart.com/art/Luxury-89432405</link>
            <guid isPermaLink="true">https://lilyas.deviantart.com/art/Luxury-89432405</guid>
            <pubDate>Sun, 22 Jun 2008 11:03:25 PDT</pubDate>
            <media:title type="plain">Luxury</media:title>
            <media:keywords></media:keywords>
            <media:rating>nonadult</media:rating>
            <media:category label="Flowers, Trees &amp; Plants">photography/nature/flora</media:category>
            <media:credit role="author" scheme="urn:ebu">Lilyas</media:credit>
            <media:credit role="author" scheme="urn:ebu">https://a.deviantart.net/avatars/l/i/lilyas.gif?1</media:credit>
            <media:copyright url="https://lilyas.deviantart.com">Copyright 2008-2019 Lilyas</media:copyright>            <media:description type="html">&lt;div align=&quot;center&quot;&gt;&lt;h2&gt;Follow me on Facebook!&lt;br /&gt;&lt;a href=&quot;http://www.deviantart.com/users/outgoing?http://www.facebook.com/pages/LilyAS/123661254314898&quot;&gt;&lt;img src=&quot;http://e.deviantart.net/emoticons/b/bulletblue.gif&quot; width=&quot;10&quot; height=&quot;10&quot; alt=&quot;:bulletblue:&quot; data-embed-type=&quot;emoticon&quot; data-embed-id=&quot;211&quot; title=&quot;Bullet; Blue&quot;/&gt; LilyAS Fan Page &lt;img src=&quot;http://e.deviantart.net/emoticons/b/bulletblue.gif&quot; width=&quot;10&quot; height=&quot;10&quot; alt=&quot;:bulletblue:&quot; data-embed-type=&quot;emoticon&quot; data-embed-id=&quot;211&quot; title=&quot;Bullet; Blue&quot;/&gt;&lt;/a&gt;&lt;/h2&gt;&lt;br /&gt;&lt;br /&gt;&lt;span class=&quot;shadow-holder&quot; data-embed-type=&quot;deviation&quot; data-embed-id=&quot;162891126&quot; data-embed-format=&quot;thumb&quot;&gt;&lt;span class=&quot;shadow mild&quot; &gt;&lt;a class=&quot;thumb&quot; href=&quot;http://lilyas.deviantart.com/art/Become-a-Fan-on-Facebook-162891126&quot; title=&quot;Become a Fan on Facebook by Lilyas, May 4, 2010 in DeviantArt Related &amp;gt; deviantID&quot; data-super-img=&quot;http://orig15.deviantart.net/b633/f/2010/123/a/7/a7eb831657ef6e58f7311bcfc86b4ac6.jpg&quot; data-super-width=&quot;500&quot; data-super-height=&quot;700&quot; data-super-transparent=&quot;false&quot; data-super-full-img=&quot;http://orig15.deviantart.net/b633/f/2010/123/a/7/a7eb831657ef6e58f7311bcfc86b4ac6.jpg&quot; data-super-full-width=&quot;500&quot; data-super-full-height=&quot;700&quot;        data-sigil=&quot;thumb&quot;&gt;
            &lt;i&gt;&lt;/i&gt;&lt;img   width=&quot;107&quot; height=&quot;150&quot; alt=&quot;Become a Fan on Facebook by Lilyas&quot; src=&quot;http://t12.deviantart.net/a-KG5ggjdqS2zzq683IcAZajwCg=/fit-in/150x150/filters:no_upscale():origin()/pre15/e3b1/th/pre/f/2010/123/a/7/a7eb831657ef6e58f7311bcfc86b4ac6.jpg&quot; data-src=&quot;http://t12.deviantart.net/a-KG5ggjdqS2zzq683IcAZajwCg=/fit-in/150x150/filters:no_upscale():origin()/pre15/e3b1/th/pre/f/2010/123/a/7/a7eb831657ef6e58f7311bcfc86b4ac6.jpg&quot; srcset=&quot;http://t12.deviantart.net/a-KG5ggjdqS2zzq683IcAZajwCg=/fit-in/150x150/filters:no_upscale():origin()/pre15/e3b1/th/pre/f/2010/123/a/7/a7eb831657ef6e58f7311bcfc86b4ac6.jpg 107w,http://t10.deviantart.net/sjBVYVunmNrMXCKLLBNOqqRpiQU=/fit-in/700x350/filters:fixed_height(100,100):origin()/pre15/e3b1/th/pre/f/2010/123/a/7/a7eb831657ef6e58f7311bcfc86b4ac6.jpg 250w,http://t10.deviantart.net/CHn1Y5eSj56DYkrI-SDYdK7_5uY=/fit-in/800x400/filters:fixed_height(100,100):origin()/pre15/e3b1/th/pre/f/2010/123/a/7/a7eb831657ef6e58f7311bcfc86b4ac6.jpg 286w,http://orig15.deviantart.net/b633/f/2010/123/a/7/a7eb831657ef6e58f7311bcfc86b4ac6.jpg 500w&quot; sizes=&quot;107px&quot;&gt;&lt;/a&gt;&lt;/span&gt;&lt;!-- ^TTT --&gt;&lt;!-- TTT$ --&gt;&lt;/span&gt;&lt;/div&gt;&lt;br /&gt;&lt;br /&gt;&lt;hr/&gt;&lt;br /&gt;&lt;br /&gt;&lt;b&gt;UPDATE &lt;sub&gt;October 27, 2008&lt;/sub&gt;&lt;/b&gt;&lt;br /&gt;&lt;br /&gt;Print quality of the picture refined.&lt;br /&gt;&lt;br /&gt;&lt;br /&gt;&lt;img src=&quot;http://e.deviantart.net/emoticons/s/star_full.gif&quot; width=&quot;17&quot; height=&quot;16&quot; alt=&quot;:star:&quot; data-embed-type=&quot;emoticon&quot; data-embed-id=&quot;450&quot; title=&quot;Star!&quot;/&gt; &lt;b&gt;&lt;a href=&quot;http://lilyas.deviantart.com/gallery/#Waterdrops&quot;&gt;My Waterdrops Collection&lt;/a&gt;&lt;/b&gt;&lt;br /&gt;&lt;br /&gt;&lt;img src=&quot;http://e.deviantart.net/emoticons/s/star_full.gif&quot; width=&quot;17&quot; height=&quot;16&quot; alt=&quot;:star:&quot; data-embed-type=&quot;emoticon&quot; data-embed-id=&quot;450&quot; title=&quot;Star!&quot;/&gt; &lt;b&gt;&lt;a href=&quot;http://lilyas.deviantart.com/art/Magical-Roses-CALENDAR-2009-92175547&quot;&gt;MAGICAL ROSES CALENDAR 2017&lt;/a&gt;&lt;/b&gt;&lt;br /&gt;&lt;br /&gt;&lt;span class=&quot;shadow-holder&quot; data-embed-type=&quot;deviation&quot; data-embed-id=&quot;92175547&quot; data-embed-format=&quot;thumb&quot;&gt;&lt;span class=&quot;shadow mild&quot; &gt;&lt;a class=&quot;thumb hasprint&quot; href=&quot;http://lilyas.deviantart.com/art/Magical-Roses-CALENDAR-92175547&quot; title=&quot;Magical Roses - CALENDAR by Lilyas, Jul 19, 2008 in Photography &amp;gt; Darkroom &amp;gt; Digital &amp;gt; Digital Overlays&quot; data-super-img=&quot;http://pre00.deviantart.net/c87d/th/pre/i/2016/325/1/9/magical_roses___calendar_by_lilyas-d1ivn3v.jpg&quot; data-super-width=&quot;894&quot; data-super-height=&quot;894&quot; data-super-transparent=&quot;false&quot; data-super-full-img=&quot;http://img07.deviantart.net/6645/i/2016/325/1/9/magical_roses___calendar_by_lilyas-d1ivn3v.jpg&quot; data-super-full-width=&quot;900&quot; data-super-full-height=&quot;900&quot;        data-sigil=&quot;thumb&quot;&gt;
            &lt;i&gt;&lt;/i&gt;&lt;img   width=&quot;150&quot; height=&quot;150&quot; alt=&quot;Magical Roses - CALENDAR by Lilyas&quot; src=&quot;http://t00.deviantart.net/QVCvqCnoLNaLZrRyEgCV-iGk_YQ=/fit-in/150x150/filters:no_upscale():origin()/pre00/c87d/th/pre/i/2016/325/1/9/magical_roses___calendar_by_lilyas-d1ivn3v.jpg&quot; data-src=&quot;http://t00.deviantart.net/QVCvqCnoLNaLZrRyEgCV-iGk_YQ=/fit-in/150x150/filters:no_upscale():origin()/pre00/c87d/th/pre/i/2016/325/1/9/magical_roses___calendar_by_lilyas-d1ivn3v.jpg&quot; srcset=&quot;http://t00.deviantart.net/QVCvqCnoLNaLZrRyEgCV-iGk_YQ=/fit-in/150x150/filters:no_upscale():origin()/pre00/c87d/th/pre/i/2016/325/1/9/magical_roses___calendar_by_lilyas-d1ivn3v.jpg 150w,http://t03.deviantart.net/e3z2txGwTnSvZJAUbNEq6PBz84o=/fit-in/700x350/filters:fixed_height(100,100):origin()/pre00/c87d/th/pre/i/2016/325/1/9/magical_roses___calendar_by_lilyas-d1ivn3v.jpg 350w,http://t10.deviantart.net/KKz7vMUmXlngy_4E8fe0aVHmiaE=/fit-in/800x400/filters:fixed_height(100,100):origin()/pre00/c87d/th/pre/i/2016/325/1/9/magical_roses___calendar_by_lilyas-d1ivn3v.jpg 400w,http://pre00.deviantart.net/c87d/th/pre/i/2016/325/1/9/magical_roses___calendar_by_lilyas-d1ivn3v.jpg 894w&quot; sizes=&quot;150px&quot;&gt;&lt;/a&gt;&lt;/span&gt;&lt;!-- ^TTT --&gt;&lt;!-- TTT$ --&gt;&lt;/span&gt;&lt;br /&gt;&lt;br /&gt;My most popular rose photo &lt;b&gt;&lt;a href=&quot;http://lilyas.deviantart.com/art/Luxury-89432405&quot;&gt;Luxury&lt;/a&gt;&lt;/b&gt; can be purchased not only in my DA shop but also in a big poster shop in the Internet as maxi poster for &amp;#8364; 6.99!&lt;br /&gt;&lt;br /&gt;&lt;img src=&quot;http://e.deviantart.net/emoticons/b/bulletred.gif&quot; width=&quot;10&quot; height=&quot;10&quot; alt=&quot;:bulletred:&quot; data-embed-type=&quot;emoticon&quot; data-embed-id=&quot;210&quot; title=&quot;Bullet; Red&quot;/&gt;&lt;img src=&quot;http://e.deviantart.net/emoticons/b/bulletorange.gif&quot; width=&quot;10&quot; height=&quot;10&quot; alt=&quot;:bulletorange:&quot; data-embed-type=&quot;emoticon&quot; data-embed-id=&quot;567&quot; title=&quot;Bullet; Orange&quot;/&gt;&lt;img src=&quot;http://e.deviantart.net/emoticons/b/bulletyellow.gif&quot; width=&quot;10&quot; height=&quot;10&quot; alt=&quot;:bulletyellow:&quot; data-embed-type=&quot;emoticon&quot; data-embed-id=&quot;566&quot; title=&quot;Bullet; Yellow&quot;/&gt;&lt;img src=&quot;http://e.deviantart.net/emoticons/b/bulletgreen.gif&quot; width=&quot;10&quot; height=&quot;10&quot; alt=&quot;:bulletgreen:&quot; data-embed-type=&quot;emoticon&quot; data-embed-id=&quot;209&quot; title=&quot;Bullet; Green&quot;/&gt;&lt;img src=&quot;http://e.deviantart.net/emoticons/b/bulletblue.gif&quot; width=&quot;10&quot; height=&quot;10&quot; alt=&quot;:bulletblue:&quot; data-embed-type=&quot;emoticon&quot; data-embed-id=&quot;211&quot; title=&quot;Bullet; Blue&quot;/&gt;&lt;img src=&quot;http://e.deviantart.net/emoticons/b/bulletpurple.gif&quot; width=&quot;10&quot; height=&quot;10&quot; alt=&quot;:bulletpurple:&quot; data-embed-type=&quot;emoticon&quot; data-embed-id=&quot;212&quot; title=&quot;Bullet; Purple&quot;/&gt;&lt;img src=&quot;http://e.deviantart.net/emoticons/b/bulletred.gif&quot; width=&quot;10&quot; height=&quot;10&quot; alt=&quot;:bulletred:&quot; data-embed-type=&quot;emoticon&quot; data-embed-id=&quot;210&quot; title=&quot;Bullet; Red&quot;/&gt;&lt;img src=&quot;http://e.deviantart.net/emoticons/b/bulletorange.gif&quot; width=&quot;10&quot; height=&quot;10&quot; alt=&quot;:bulletorange:&quot; data-embed-type=&quot;emoticon&quot; data-embed-id=&quot;567&quot; title=&quot;Bullet; Orange&quot;/&gt;&lt;img src=&quot;http://e.deviantart.net/emoticons/b/bulletyellow.gif&quot; width=&quot;10&quot; height=&quot;10&quot; alt=&quot;:bulletyellow:&quot; data-embed-type=&quot;emoticon&quot; data-embed-id=&quot;566&quot; title=&quot;Bullet; Yellow&quot;/&gt;&lt;img src=&quot;http://e.deviantart.net/emoticons/b/bulletgreen.gif&quot; width=&quot;10&quot; height=&quot;10&quot; alt=&quot;:bulletgreen:&quot; data-embed-type=&quot;emoticon&quot; data-embed-id=&quot;209&quot; title=&quot;Bullet; Green&quot;/&gt;&lt;img src=&quot;http://e.deviantart.net/emoticons/b/bulletblue.gif&quot; width=&quot;10&quot; height=&quot;10&quot; alt=&quot;:bulletblue:&quot; data-embed-type=&quot;emoticon&quot; data-embed-id=&quot;211&quot; title=&quot;Bullet; Blue&quot;/&gt;&lt;img src=&quot;http://e.deviantart.net/emoticons/b/bulletpurple.gif&quot; width=&quot;10&quot; height=&quot;10&quot; alt=&quot;:bulletpurple:&quot; data-embed-type=&quot;emoticon&quot; data-embed-id=&quot;212&quot; title=&quot;Bullet; Purple&quot;/&gt;&lt;img src=&quot;http://e.deviantart.net/emoticons/b/bulletred.gif&quot; width=&quot;10&quot; height=&quot;10&quot; alt=&quot;:bulletred:&quot; data-embed-type=&quot;emoticon&quot; data-embed-id=&quot;210&quot; title=&quot;Bullet; Red&quot;/&gt;&lt;img src=&quot;http://e.deviantart.net/emoticons/b/bulletorange.gif&quot; width=&quot;10&quot; height=&quot;10&quot; alt=&quot;:bulletorange:&quot; data-embed-type=&quot;emoticon&quot; data-embed-id=&quot;567&quot; title=&quot;Bullet; Orange&quot;/&gt;&lt;img src=&quot;http://e.deviantart.net/emoticons/b/bulletyellow.gif&quot; width=&quot;10&quot; height=&quot;10&quot; alt=&quot;:bulletyellow:&quot; data-embed-type=&quot;emoticon&quot; data-embed-id=&quot;566&quot; title=&quot;Bullet; Yellow&quot;/&gt;&lt;img src=&quot;http://e.deviantart.net/emoticons/b/bulletgreen.gif&quot; width=&quot;10&quot; height=&quot;10&quot; alt=&quot;:bulletgreen:&quot; data-embed-type=&quot;emoticon&quot; data-embed-id=&quot;209&quot; title=&quot;Bullet; Green&quot;/&gt;&lt;img src=&quot;http://e.deviantart.net/emoticons/b/bulletblue.gif&quot; width=&quot;10&quot; height=&quot;10&quot; alt=&quot;:bulletblue:&quot; data-embed-type=&quot;emoticon&quot; data-embed-id=&quot;211&quot; title=&quot;Bullet; Blue&quot;/&gt;&lt;img src=&quot;http://e.deviantart.net/emoticons/b/bulletpurple.gif&quot; width=&quot;10&quot; height=&quot;10&quot; alt=&quot;:bulletpurple:&quot; data-embed-type=&quot;emoticon&quot; data-embed-id=&quot;212&quot; title=&quot;Bullet; Purple&quot;/&gt;&lt;img src=&quot;http://e.deviantart.net/emoticons/b/bulletred.gif&quot; width=&quot;10&quot; height=&quot;10&quot; alt=&quot;:bulletred:&quot; data-embed-type=&quot;emoticon&quot; data-embed-id=&quot;210&quot; title=&quot;Bullet; Red&quot;/&gt;&lt;img src=&quot;http://e.deviantart.net/emoticons/b/bulletorange.gif&quot; width=&quot;10&quot; height=&quot;10&quot; alt=&quot;:bulletorange:&quot; data-embed-type=&quot;emoticon&quot; data-embed-id=&quot;567&quot; title=&quot;Bullet; Orange&quot;/&gt;&lt;img src=&quot;http://e.deviantart.net/emoticons/b/bulletyellow.gif&quot; width=&quot;10&quot; height=&quot;10&quot; alt=&quot;:bulletyellow:&quot; data-embed-type=&quot;emoticon&quot; data-embed-id=&quot;566&quot; title=&quot;Bullet; Yellow&quot;/&gt;&lt;img src=&quot;http://e.deviantart.net/emoticons/b/bulletgreen.gif&quot; width=&quot;10&quot; height=&quot;10&quot; alt=&quot;:bulletgreen:&quot; data-embed-type=&quot;emoticon&quot; data-embed-id=&quot;209&quot; title=&quot;Bullet; Green&quot;/&gt;&lt;img src=&quot;http://e.deviantart.net/emoticons/b/bulletblue.gif&quot; width=&quot;10&quot; height=&quot;10&quot; alt=&quot;:bulletblue:&quot; data-embed-type=&quot;emoticon&quot; data-embed-id=&quot;211&quot; title=&quot;Bullet; Blue&quot;/&gt;&lt;img src=&quot;http://e.deviantart.net/emoticons/b/bulletpurple.gif&quot; width=&quot;10&quot; height=&quot;10&quot; alt=&quot;:bulletpurple:&quot; data-embed-type=&quot;emoticon&quot; data-embed-id=&quot;212&quot; title=&quot;Bullet; Purple&quot;/&gt;&lt;img src=&quot;http://e.deviantart.net/emoticons/b/bulletred.gif&quot; width=&quot;10&quot; height=&quot;10&quot; alt=&quot;:bulletred:&quot; data-embed-type=&quot;emoticon&quot; data-embed-id=&quot;210&quot; title=&quot;Bullet; Red&quot;/&gt;&lt;img src=&quot;http://e.deviantart.net/emoticons/b/bulletorange.gif&quot; width=&quot;10&quot; height=&quot;10&quot; alt=&quot;:bulletorange:&quot; data-embed-type=&quot;emoticon&quot; data-embed-id=&quot;567&quot; title=&quot;Bullet; Orange&quot;/&gt;&lt;img src=&quot;http://e.deviantart.net/emoticons/b/bulletyellow.gif&quot; width=&quot;10&quot; height=&quot;10&quot; alt=&quot;:bulletyellow:&quot; data-embed-type=&quot;emoticon&quot; data-embed-id=&quot;566&quot; title=&quot;Bullet; Yellow&quot;/&gt;&lt;img src=&quot;http://e.deviantart.net/emoticons/b/bulletgreen.gif&quot; width=&quot;10&quot; height=&quot;10&quot; alt=&quot;:bulletgreen:&quot; data-embed-type=&quot;emoticon&quot; data-embed-id=&quot;209&quot; title=&quot;Bullet; Green&quot;/&gt;&lt;img src=&quot;http://e.deviantart.net/emoticons/b/bulletblue.gif&quot; width=&quot;10&quot; height=&quot;10&quot; alt=&quot;:bulletblue:&quot; data-embed-type=&quot;emoticon&quot; data-embed-id=&quot;211&quot; title=&quot;Bullet; Blue&quot;/&gt;&lt;img src=&quot;http://e.deviantart.net/emoticons/b/bulletpurple.gif&quot; width=&quot;10&quot; height=&quot;10&quot; alt=&quot;:bulletpurple:&quot; data-embed-type=&quot;emoticon&quot; data-embed-id=&quot;212&quot; title=&quot;Bullet; Purple&quot;/&gt;&lt;br /&gt;&lt;h4&gt;&lt;img src=&quot;http://e.deviantart.net/emoticons/p/pride.gif&quot; width=&quot;15&quot; height=&quot;15&quot; alt=&quot;:pride:&quot; data-embed-type=&quot;emoticon&quot; data-embed-id=&quot;199&quot; title=&quot;Pride&quot;/&gt; &lt;a class=&quot;external&quot; href=&quot;http://www.deviantart.com/users/outgoing?http://reindersshop.com/index.php/sec4/Luxury-Rose.html?wsact=articledetail&amp;amp;articletype_id=3&amp;amp;page=1&amp;amp;article_id=18535&amp;amp;category_id=110&amp;amp;&quot;&gt;Get your LUXURY poster here&lt;/a&gt; &lt;img src=&quot;http://e.deviantart.net/emoticons/p/pride.gif&quot; width=&quot;15&quot; height=&quot;15&quot; alt=&quot;:pride:&quot; data-embed-type=&quot;emoticon&quot; data-embed-id=&quot;199&quot; title=&quot;Pride&quot;/&gt;&lt;/h4&gt;&lt;img src=&quot;http://e.deviantart.net/emoticons/b/bulletred.gif&quot; width=&quot;10&quot; height=&quot;10&quot; alt=&quot;:bulletred:&quot; data-embed-type=&quot;emoticon&quot; data-embed-id=&quot;210&quot; title=&quot;Bullet; Red&quot;/&gt;&lt;img src=&quot;http://e.deviantart.net/emoticons/b/bulletorange.gif&quot; width=&quot;10&quot; height=&quot;10&quot; alt=&quot;:bulletorange:&quot; data-embed-type=&quot;emoticon&quot; data-embed-id=&quot;567&quot; title=&quot;Bullet; Orange&quot;/&gt;&lt;img src=&quot;http://e.deviantart.net/emoticons/b/bulletyellow.gif&quot; width=&quot;10&quot; height=&quot;10&quot; alt=&quot;:bulletyellow:&quot; data-embed-type=&quot;emoticon&quot; data-embed-id=&quot;566&quot; title=&quot;Bullet; Yellow&quot;/&gt;&lt;img src=&quot;http://e.deviantart.net/emoticons/b/bulletgreen.gif&quot; width=&quot;10&quot; height=&quot;10&quot; alt=&quot;:bulletgreen:&quot; data-embed-type=&quot;emoticon&quot; data-embed-id=&quot;209&quot; title=&quot;Bullet; Green&quot;/&gt;&lt;img src=&quot;http://e.deviantart.net/emoticons/b/bulletblue.gif&quot; width=&quot;10&quot; height=&quot;10&quot; alt=&quot;:bulletblue:&quot; data-embed-type=&quot;emoticon&quot; data-embed-id=&quot;211&quot; title=&quot;Bullet; Blue&quot;/&gt;&lt;img src=&quot;http://e.deviantart.net/emoticons/b/bulletpurple.gif&quot; width=&quot;10&quot; height=&quot;10&quot; alt=&quot;:bulletpurple:&quot; data-embed-type=&quot;emoticon&quot; data-embed-id=&quot;212&quot; title=&quot;Bullet; Purple&quot;/&gt;&lt;img src=&quot;http://e.deviantart.net/emoticons/b/bulletred.gif&quot; width=&quot;10&quot; height=&quot;10&quot; alt=&quot;:bulletred:&quot; data-embed-type=&quot;emoticon&quot; data-embed-id=&quot;210&quot; title=&quot;Bullet; Red&quot;/&gt;&lt;img src=&quot;http://e.deviantart.net/emoticons/b/bulletorange.gif&quot; width=&quot;10&quot; height=&quot;10&quot; alt=&quot;:bulletorange:&quot; data-embed-type=&quot;emoticon&quot; data-embed-id=&quot;567&quot; title=&quot;Bullet; Orange&quot;/&gt;&lt;img src=&quot;http://e.deviantart.net/emoticons/b/bulletyellow.gif&quot; width=&quot;10&quot; height=&quot;10&quot; alt=&quot;:bulletyellow:&quot; data-embed-type=&quot;emoticon&quot; data-embed-id=&quot;566&quot; title=&quot;Bullet; Yellow&quot;/&gt;&lt;img src=&quot;http://e.deviantart.net/emoticons/b/bulletgreen.gif&quot; width=&quot;10&quot; height=&quot;10&quot; alt=&quot;:bulletgreen:&quot; data-embed-type=&quot;emoticon&quot; data-embed-id=&quot;209&quot; title=&quot;Bullet; Green&quot;/&gt;&lt;img src=&quot;http://e.deviantart.net/emoticons/b/bulletblue.gif&quot; width=&quot;10&quot; height=&quot;10&quot; alt=&quot;:bulletblue:&quot; data-embed-type=&quot;emoticon&quot; data-embed-id=&quot;211&quot; title=&quot;Bullet; Blue&quot;/&gt;&lt;img src=&quot;http://e.deviantart.net/emoticons/b/bulletpurple.gif&quot; width=&quot;10&quot; height=&quot;10&quot; alt=&quot;:bulletpurple:&quot; data-embed-type=&quot;emoticon&quot; data-embed-id=&quot;212&quot; title=&quot;Bullet; Purple&quot;/&gt;&lt;img src=&quot;http://e.deviantart.net/emoticons/b/bulletred.gif&quot; width=&quot;10&quot; height=&quot;10&quot; alt=&quot;:bulletred:&quot; data-embed-type=&quot;emoticon&quot; data-embed-id=&quot;210&quot; title=&quot;Bullet; Red&quot;/&gt;&lt;img src=&quot;http://e.deviantart.net/emoticons/b/bulletorange.gif&quot; width=&quot;10&quot; height=&quot;10&quot; alt=&quot;:bulletorange:&quot; data-embed-type=&quot;emoticon&quot; data-embed-id=&quot;567&quot; title=&quot;Bullet; Orange&quot;/&gt;&lt;img src=&quot;http://e.deviantart.net/emoticons/b/bulletyellow.gif&quot; width=&quot;10&quot; height=&quot;10&quot; alt=&quot;:bulletyellow:&quot; data-embed-type=&quot;emoticon&quot; data-embed-id=&quot;566&quot; title=&quot;Bullet; Yellow&quot;/&gt;&lt;img src=&quot;http://e.deviantart.net/emoticons/b/bulletgreen.gif&quot; width=&quot;10&quot; height=&quot;10&quot; alt=&quot;:bulletgreen:&quot; data-embed-type=&quot;emoticon&quot; data-embed-id=&quot;209&quot; title=&quot;Bullet; Green&quot;/&gt;&lt;img src=&quot;http://e.deviantart.net/emoticons/b/bulletblue.gif&quot; width=&quot;10&quot; height=&quot;10&quot; alt=&quot;:bulletblue:&quot; data-embed-type=&quot;emoticon&quot; data-embed-id=&quot;211&quot; title=&quot;Bullet; Blue&quot;/&gt;&lt;img src=&quot;http://e.deviantart.net/emoticons/b/bulletpurple.gif&quot; width=&quot;10&quot; height=&quot;10&quot; alt=&quot;:bulletpurple:&quot; data-embed-type=&quot;emoticon&quot; data-embed-id=&quot;212&quot; title=&quot;Bullet; Purple&quot;/&gt;&lt;img src=&quot;http://e.deviantart.net/emoticons/b/bulletred.gif&quot; width=&quot;10&quot; height=&quot;10&quot; alt=&quot;:bulletred:&quot; data-embed-type=&quot;emoticon&quot; data-embed-id=&quot;210&quot; title=&quot;Bullet; Red&quot;/&gt;&lt;img src=&quot;http://e.deviantart.net/emoticons/b/bulletorange.gif&quot; width=&quot;10&quot; height=&quot;10&quot; alt=&quot;:bulletorange:&quot; data-embed-type=&quot;emoticon&quot; data-embed-id=&quot;567&quot; title=&quot;Bullet; Orange&quot;/&gt;&lt;img src=&quot;http://e.deviantart.net/emoticons/b/bulletyellow.gif&quot; width=&quot;10&quot; height=&quot;10&quot; alt=&quot;:bulletyellow:&quot; data-embed-type=&quot;emoticon&quot; data-embed-id=&quot;566&quot; title=&quot;Bullet; Yellow&quot;/&gt;&lt;img src=&quot;http://e.deviantart.net/emoticons/b/bulletgreen.gif&quot; width=&quot;10&quot; height=&quot;10&quot; alt=&quot;:bulletgreen:&quot; data-embed-type=&quot;emoticon&quot; data-embed-id=&quot;209&quot; title=&quot;Bullet; Green&quot;/&gt;&lt;img src=&quot;http://e.deviantart.net/emoticons/b/bulletblue.gif&quot; width=&quot;10&quot; height=&quot;10&quot; alt=&quot;:bulletblue:&quot; data-embed-type=&quot;emoticon&quot; data-embed-id=&quot;211&quot; title=&quot;Bullet; Blue&quot;/&gt;&lt;img src=&quot;http://e.deviantart.net/emoticons/b/bulletpurple.gif&quot; width=&quot;10&quot; height=&quot;10&quot; alt=&quot;:bulletpurple:&quot; data-embed-type=&quot;emoticon&quot; data-embed-id=&quot;212&quot; title=&quot;Bullet; Purple&quot;/&gt;&lt;img src=&quot;http://e.deviantart.net/emoticons/b/bulletred.gif&quot; width=&quot;10&quot; height=&quot;10&quot; alt=&quot;:bulletred:&quot; data-embed-type=&quot;emoticon&quot; data-embed-id=&quot;210&quot; title=&quot;Bullet; Red&quot;/&gt;&lt;img src=&quot;http://e.deviantart.net/emoticons/b/bulletorange.gif&quot; width=&quot;10&quot; height=&quot;10&quot; alt=&quot;:bulletorange:&quot; data-embed-type=&quot;emoticon&quot; data-embed-id=&quot;567&quot; title=&quot;Bullet; Orange&quot;/&gt;&lt;img src=&quot;http://e.deviantart.net/emoticons/b/bulletyellow.gif&quot; width=&quot;10&quot; height=&quot;10&quot; alt=&quot;:bulletyellow:&quot; data-embed-type=&quot;emoticon&quot; data-embed-id=&quot;566&quot; title=&quot;Bullet; Yellow&quot;/&gt;&lt;img src=&quot;http://e.deviantart.net/emoticons/b/bulletgreen.gif&quot; width=&quot;10&quot; height=&quot;10&quot; alt=&quot;:bulletgreen:&quot; data-embed-type=&quot;emoticon&quot; data-embed-id=&quot;209&quot; title=&quot;Bullet; Green&quot;/&gt;&lt;img src=&quot;http://e.deviantart.net/emoticons/b/bulletblue.gif&quot; width=&quot;10&quot; height=&quot;10&quot; alt=&quot;:bulletblue:&quot; data-embed-type=&quot;emoticon&quot; data-embed-id=&quot;211&quot; title=&quot;Bullet; Blue&quot;/&gt;&lt;img src=&quot;http://e.deviantart.net/emoticons/b/bulletpurple.gif&quot; width=&quot;10&quot; height=&quot;10&quot; alt=&quot;:bulletpurple:&quot; data-embed-type=&quot;emoticon&quot; data-embed-id=&quot;212&quot; title=&quot;Bullet; Purple&quot;/&gt;&lt;br /&gt;&lt;br /&gt;&lt;hr/&gt;&lt;br /&gt;&lt;br /&gt;These roses are pure luxury! You should see them in reality, wow - this red is breathtaking! And the smell - to die for!!!&lt;br /&gt;&lt;br /&gt;They grow in my neighbours garden, the whole garden is full of roses. I desaturated the background to bring out the amazing color of the petals. also the drops add to the whole composition.&lt;br /&gt;&lt;br /&gt;You can find the original colored rose on my photo account &lt;span class=&quot;username-with-symbol u&quot;&gt;&lt;a class=&quot;u regular username&quot; href=&quot;http://viliggoly.deviantart.com&quot;&gt;Viliggoly&lt;/a&gt;&lt;span class=&quot;user-symbol regular&quot; data-quicktip-text=&quot;&quot; data-show-tooltip=&quot;&quot; data-gruser-type=&quot;regular&quot;&gt;&lt;/span&gt;&lt;/span&gt;: &lt;a href=&quot;http://viliggoly.deviantart.com/art/Luxury-original-89589949&quot;&gt;viliggoly.deviantart.com/art/L&amp;hellip;&lt;/a&gt; and here: &lt;a class=&quot;external&quot; href=&quot;http://www.deviantart.com/users/outgoing?http://home.arcor.de/6n.plus.minus.1/The-Star.jpg&quot;&gt;home.arcor.de/6n.plus.minus.1/&amp;hellip;&lt;/a&gt;&lt;br /&gt;&lt;br /&gt;The title is handwritten like in all other pieces of the rose series.&lt;br /&gt;&lt;br /&gt;&lt;hr/&gt;&lt;br /&gt;&lt;br /&gt;&lt;b&gt;&lt;u&gt;The complete series:&lt;/u&gt; &lt;img src=&quot;http://e.deviantart.net/emoticons/b/bulletred.gif&quot; width=&quot;10&quot; height=&quot;10&quot; alt=&quot;:bulletred:&quot; data-embed-type=&quot;emoticon&quot; data-embed-id=&quot;210&quot; title=&quot;Bullet; Red&quot;/&gt;&lt;img src=&quot;http://e.deviantart.net/emoticons/b/bulletorange.gif&quot; width=&quot;10&quot; height=&quot;10&quot; alt=&quot;:bulletorange:&quot; data-embed-type=&quot;emoticon&quot; data-embed-id=&quot;567&quot; title=&quot;Bullet; Orange&quot;/&gt;&lt;img src=&quot;http://e.deviantart.net/emoticons/b/bulletyellow.gif&quot; width=&quot;10&quot; height=&quot;10&quot; alt=&quot;:bulletyellow:&quot; data-embed-type=&quot;emoticon&quot; data-embed-id=&quot;566&quot; title=&quot;Bullet; Yellow&quot;/&gt; &lt;a href=&quot;http://lilyas.deviantart.com/gallery/#Magical-Roses&quot;&gt;Magical Roses&lt;/a&gt;&lt;/b&gt;&lt;br /&gt;&lt;br /&gt;&lt;img src=&quot;http://e.deviantart.net/emoticons/s/star_full.gif&quot; width=&quot;17&quot; height=&quot;16&quot; alt=&quot;:star:&quot; data-embed-type=&quot;emoticon&quot; data-embed-id=&quot;450&quot; title=&quot;Star!&quot;/&gt; &lt;b&gt;RED: &lt;a href=&quot;http://lilyas.deviantart.com/art/Luxury-89432405&quot;&gt;Luxury&lt;/a&gt;&lt;/b&gt;&lt;br /&gt;&lt;img src=&quot;http://e.deviantart.net/emoticons/s/star_full.gif&quot; width=&quot;17&quot; height=&quot;16&quot; alt=&quot;:star:&quot; data-embed-type=&quot;emoticon&quot; data-embed-id=&quot;450&quot; title=&quot;Star!&quot;/&gt; &lt;b&gt;BLUE: &lt;a href=&quot;http://lilyas.deviantart.com/art/Crystal-89536929&quot;&gt;Crystal&lt;/a&gt;&lt;/b&gt;&lt;br /&gt;&lt;img src=&quot;http://e.deviantart.net/emoticons/s/star_full.gif&quot; width=&quot;17&quot; height=&quot;16&quot; alt=&quot;:star:&quot; data-embed-type=&quot;emoticon&quot; data-embed-id=&quot;450&quot; title=&quot;Star!&quot;/&gt; &lt;b&gt;GOLD: &lt;a href=&quot;http://lilyas.deviantart.com/art/Precious-89557985&quot;&gt;Precious&lt;/a&gt;&lt;/b&gt;&lt;br /&gt;&lt;img src=&quot;http://e.deviantart.net/emoticons/s/star_full.gif&quot; width=&quot;17&quot; height=&quot;16&quot; alt=&quot;:star:&quot; data-embed-type=&quot;emoticon&quot; data-embed-id=&quot;450&quot; title=&quot;Star!&quot;/&gt; &lt;b&gt;PURPLE: &lt;a href=&quot;http://lilyas.deviantart.com/art/Passionata-89646636&quot;&gt;Passionata&lt;/a&gt;&lt;/b&gt;&lt;br /&gt;&lt;img src=&quot;http://e.deviantart.net/emoticons/s/star_full.gif&quot; width=&quot;17&quot; height=&quot;16&quot; alt=&quot;:star:&quot; data-embed-type=&quot;emoticon&quot; data-embed-id=&quot;450&quot; title=&quot;Star!&quot;/&gt; &lt;b&gt;SILVER: &lt;a href=&quot;http://lilyas.deviantart.com/art/Metallica-89755502&quot;&gt;Metallica&lt;/a&gt;&lt;/b&gt; &lt;br /&gt;&lt;img src=&quot;http://e.deviantart.net/emoticons/s/star_full.gif&quot; width=&quot;17&quot; height=&quot;16&quot; alt=&quot;:star:&quot; data-embed-type=&quot;emoticon&quot; data-embed-id=&quot;450&quot; title=&quot;Star!&quot;/&gt; &lt;b&gt;BLACK: &lt;a href=&quot;http://lilyas.deviantart.com/art/Onyx-89849763&quot;&gt;Onyx&lt;/a&gt;&lt;/b&gt;&lt;br /&gt;&lt;img src=&quot;http://e.deviantart.net/emoticons/s/star_full.gif&quot; width=&quot;17&quot; height=&quot;16&quot; alt=&quot;:star:&quot; data-embed-type=&quot;emoticon&quot; data-embed-id=&quot;450&quot; title=&quot;Star!&quot;/&gt; &lt;b&gt;WHITE: &lt;a href=&quot;http://lilyas.deviantart.com/art/Sinfonia-90054442&quot;&gt;Sinfonia&lt;/a&gt;&lt;/b&gt;&lt;br /&gt;&lt;img src=&quot;http://e.deviantart.net/emoticons/s/star_full.gif&quot; width=&quot;17&quot; height=&quot;16&quot; alt=&quot;:star:&quot; data-embed-type=&quot;emoticon&quot; data-embed-id=&quot;450&quot; title=&quot;Star!&quot;/&gt; &lt;b&gt;GREEN: &lt;a href=&quot;http://lilyas.deviantart.com/art/Paradise-90147762&quot;&gt;Paradise&lt;/a&gt;&lt;/b&gt; &lt;br /&gt;&lt;img src=&quot;http://e.deviantart.net/emoticons/s/star_full.gif&quot; width=&quot;17&quot; height=&quot;16&quot; alt=&quot;:star:&quot; data-embed-type=&quot;emoticon&quot; data-embed-id=&quot;450&quot; title=&quot;Star!&quot;/&gt; &lt;b&gt;ORANGE: &lt;a href=&quot;http://lilyas.deviantart.com/art/Brillante-90249947&quot;&gt;Brillante&lt;/a&gt;&lt;/b&gt;&lt;br /&gt;&lt;img src=&quot;http://e.deviantart.net/emoticons/s/star_full.gif&quot; width=&quot;17&quot; height=&quot;16&quot; alt=&quot;:star:&quot; data-embed-type=&quot;emoticon&quot; data-embed-id=&quot;450&quot; title=&quot;Star!&quot;/&gt; &lt;b&gt;PINK: &lt;a href=&quot;http://lilyas.deviantart.com/art/Innocence-90350282&quot;&gt;Innocence&lt;/a&gt;&lt;/b&gt; &lt;br /&gt;&lt;img src=&quot;http://e.deviantart.net/emoticons/s/star_full.gif&quot; width=&quot;17&quot; height=&quot;16&quot; alt=&quot;:star:&quot; data-embed-type=&quot;emoticon&quot; data-embed-id=&quot;450&quot; title=&quot;Star!&quot;/&gt; &lt;b&gt;RAINBOW: &lt;a href=&quot;http://lilyas.deviantart.com/art/Perfection-90456984&quot;&gt;Perfection&lt;/a&gt;&lt;/b&gt; &lt;br /&gt;&lt;img src=&quot;http://e.deviantart.net/emoticons/s/star_full.gif&quot; width=&quot;17&quot; height=&quot;16&quot; alt=&quot;:star:&quot; data-embed-type=&quot;emoticon&quot; data-embed-id=&quot;450&quot; title=&quot;Star!&quot;/&gt; &lt;b&gt;NATURAL COLORS: &lt;a href=&quot;http://lilyas.deviantart.com/art/Star-of-Roses-90582126&quot;&gt;Star of Roses&lt;/a&gt;&lt;/b&gt;&lt;br /&gt;&lt;br /&gt;&lt;b&gt;EXTRA &amp;gt;&amp;gt;&amp;gt; &lt;img src=&quot;http://e.deviantart.net/emoticons/s/star_full.gif&quot; width=&quot;17&quot; height=&quot;16&quot; alt=&quot;:star:&quot; data-embed-type=&quot;emoticon&quot; data-embed-id=&quot;450&quot; title=&quot;Star!&quot;/&gt; YELLOW: &lt;a href=&quot;http://lilyas.deviantart.com/art/Regina-91986758&quot;&gt;Regina&lt;/a&gt;&lt;/b&gt;&lt;br /&gt;&lt;br /&gt;&lt;br /&gt;&lt;sub&gt;Photo taken with Canon EOS 30D, edited in Photoshop CS3.&lt;/sub&gt;&lt;br /&gt;&lt;br /&gt;&lt;br /&gt;&lt;br /&gt;&lt;b&gt;More roses on my photo account&lt;/b&gt;&lt;br /&gt;&lt;br /&gt;&lt;a target=&quot;_self&quot; href=&quot;http://viliggoly.deviantart.com/&quot; &gt;&lt;img class=&quot;avatar&quot; width=&quot;50&quot; height=&quot;50&quot; src=&quot;http://a.deviantart.net/avatars/v/i/viliggoly.gif&quot; alt=&quot;:iconviliggoly:&quot; title=&quot;Viliggoly&quot; /&gt;&lt;/a&gt;&lt;br /&gt;&lt;br /&gt;&lt;br /&gt;&lt;br /&gt;&lt;sub&gt;&lt;b&gt;&amp;#169; Copyright&lt;/b&gt; by Lily A. Seidel 2008. All rights reserved. You may not use my work without my written permission.&lt;/sub&gt;</media:description>            <media:thumbnail url="https://t00.deviantart.net/vsluAmrUn6grElgmunV-Ar20LHI=/fit-in/150x150/filters:no_upscale():origin()/pre00/e23c/th/pre/f/2008/301/5/a/5a09315ee42ac66a4f6e86c69d255544.jpg" height="150" width="108"/>            <media:thumbnail url="https://t00.deviantart.net/cXvs_VmheU-F1nU9nRzfyLNLSc0=/fit-in/300x900/filters:no_upscale():origin()/pre00/e23c/th/pre/f/2008/301/5/a/5a09315ee42ac66a4f6e86c69d255544.jpg" height="419" width="300"/>            <media:thumbnail url="https://t00.deviantart.net/34hBMNW1ahg_XdMx59SjflZhynk=/300x200/filters:fixed_height(100,100):origin()/pre00/e23c/th/pre/f/2008/301/5/a/5a09315ee42ac66a4f6e86c69d255544.jpg" height="200" width="143"/>            <media:content url="https://orig00.deviantart.net/92dc/f/2008/301/5/a/5a09315ee42ac66a4f6e86c69d255544.jpg" height="837" width="600" medium="image"/>
            <description>&lt;div align=&quot;center&quot;&gt;&lt;h2&gt;Follow me on Facebook!&lt;br /&gt;&lt;a href=&quot;http://www.deviantart.com/users/outgoing?http://www.facebook.com/pages/LilyAS/123661254314898&quot;&gt;&lt;img src=&quot;http://e.deviantart.net/emoticons/b/bulletblue.gif&quot; width=&quot;10&quot; height=&quot;10&quot; alt=&quot;:bulletblue:&quot; data-embed-type=&quot;emoticon&quot; data-embed-id=&quot;211&quot; title=&quot;Bullet; Blue&quot;/&gt; LilyAS Fan Page &lt;img src=&quot;http://e.deviantart.net/emoticons/b/bulletblue.gif&quot; width=&quot;10&quot; height=&quot;10&quot; alt=&quot;:bulletblue:&quot; data-embed-type=&quot;emoticon&quot; data-embed-id=&quot;211&quot; title=&quot;Bullet; Blue&quot;/&gt;&lt;/a&gt;&lt;/h2&gt;&lt;br /&gt;&lt;br /&gt;&lt;span class=&quot;shadow-holder&quot; data-embed-type=&quot;deviation&quot; data-embed-id=&quot;162891126&quot; data-embed-format=&quot;thumb&quot;&gt;&lt;span class=&quot;shadow mild&quot; &gt;&lt;a class=&quot;thumb&quot; href=&quot;http://lilyas.deviantart.com/art/Become-a-Fan-on-Facebook-162891126&quot; title=&quot;Become a Fan on Facebook by Lilyas, May 4, 2010 in DeviantArt Related &amp;gt; deviantID&quot; data-super-img=&quot;http://orig15.deviantart.net/b633/f/2010/123/a/7/a7eb831657ef6e58f7311bcfc86b4ac6.jpg&quot; data-super-width=&quot;500&quot; data-super-height=&quot;700&quot; data-super-transparent=&quot;false&quot; data-super-full-img=&quot;http://orig15.deviantart.net/b633/f/2010/123/a/7/a7eb831657ef6e58f7311bcfc86b4ac6.jpg&quot; data-super-full-width=&quot;500&quot; data-super-full-height=&quot;700&quot;        data-sigil=&quot;thumb&quot;&gt;
                &lt;i&gt;&lt;/i&gt;&lt;img   width=&quot;107&quot; height=&quot;150&quot; alt=&quot;Become a Fan on Facebook by Lilyas&quot; src=&quot;http://t12.deviantart.net/a-KG5ggjdqS2zzq683IcAZajwCg=/fit-in/150x150/filters:no_upscale():origin()/pre15/e3b1/th/pre/f/2010/123/a/7/a7eb831657ef6e58f7311bcfc86b4ac6.jpg&quot; data-src=&quot;http://t12.deviantart.net/a-KG5ggjdqS2zzq683IcAZajwCg=/fit-in/150x150/filters:no_upscale():origin()/pre15/e3b1/th/pre/f/2010/123/a/7/a7eb831657ef6e58f7311bcfc86b4ac6.jpg&quot; srcset=&quot;http://t12.deviantart.net/a-KG5ggjdqS2zzq683IcAZajwCg=/fit-in/150x150/filters:no_upscale():origin()/pre15/e3b1/th/pre/f/2010/123/a/7/a7eb831657ef6e58f7311bcfc86b4ac6.jpg 107w,http://t10.deviantart.net/sjBVYVunmNrMXCKLLBNOqqRpiQU=/fit-in/700x350/filters:fixed_height(100,100):origin()/pre15/e3b1/th/pre/f/2010/123/a/7/a7eb831657ef6e58f7311bcfc86b4ac6.jpg 250w,http://t10.deviantart.net/CHn1Y5eSj56DYkrI-SDYdK7_5uY=/fit-in/800x400/filters:fixed_height(100,100):origin()/pre15/e3b1/th/pre/f/2010/123/a/7/a7eb831657ef6e58f7311bcfc86b4ac6.jpg 286w,http://orig15.deviantart.net/b633/f/2010/123/a/7/a7eb831657ef6e58f7311bcfc86b4ac6.jpg 500w&quot; sizes=&quot;107px&quot;&gt;&lt;/a&gt;&lt;/span&gt;&lt;!-- ^TTT --&gt;&lt;!-- TTT$ --&gt;&lt;/span&gt;&lt;/div&gt;&lt;br /&gt;&lt;br /&gt;&lt;hr/&gt;&lt;br /&gt;&lt;br /&gt;&lt;b&gt;UPDATE &lt;sub&gt;October 27, 2008&lt;/sub&gt;&lt;/b&gt;&lt;br /&gt;&lt;br /&gt;Print quality of the picture refined.&lt;br /&gt;&lt;br /&gt;&lt;br /&gt;&lt;img src=&quot;http://e.deviantart.net/emoticons/s/star_full.gif&quot; width=&quot;17&quot; height=&quot;16&quot; alt=&quot;:star:&quot; data-embed-type=&quot;emoticon&quot; data-embed-id=&quot;450&quot; title=&quot;Star!&quot;/&gt; &lt;b&gt;&lt;a href=&quot;http://lilyas.deviantart.com/gallery/#Waterdrops&quot;&gt;My Waterdrops Collection&lt;/a&gt;&lt;/b&gt;&lt;br /&gt;&lt;br /&gt;&lt;img src=&quot;http://e.deviantart.net/emoticons/s/star_full.gif&quot; width=&quot;17&quot; height=&quot;16&quot; alt=&quot;:star:&quot; data-embed-type=&quot;emoticon&quot; data-embed-id=&quot;450&quot; title=&quot;Star!&quot;/&gt; &lt;b&gt;&lt;a href=&quot;http://lilyas.deviantart.com/art/Magical-Roses-CALENDAR-2009-92175547&quot;&gt;MAGICAL ROSES CALENDAR 2017&lt;/a&gt;&lt;/b&gt;&lt;br /&gt;&lt;br /&gt;&lt;span class=&quot;shadow-holder&quot; data-embed-type=&quot;deviation&quot; data-embed-id=&quot;92175547&quot; data-embed-format=&quot;thumb&quot;&gt;&lt;span class=&quot;shadow mild&quot; &gt;&lt;a class=&quot;thumb hasprint&quot; href=&quot;http://lilyas.deviantart.com/art/Magical-Roses-CALENDAR-92175547&quot; title=&quot;Magical Roses - CALENDAR by Lilyas, Jul 19, 2008 in Photography &amp;gt; Darkroom &amp;gt; Digital &amp;gt; Digital Overlays&quot; data-super-img=&quot;http://pre00.deviantart.net/c87d/th/pre/i/2016/325/1/9/magical_roses___calendar_by_lilyas-d1ivn3v.jpg&quot; data-super-width=&quot;894&quot; data-super-height=&quot;894&quot; data-super-transparent=&quot;false&quot; data-super-full-img=&quot;http://img07.deviantart.net/6645/i/2016/325/1/9/magical_roses___calendar_by_lilyas-d1ivn3v.jpg&quot; data-super-full-width=&quot;900&quot; data-super-full-height=&quot;900&quot;        data-sigil=&quot;thumb&quot;&gt;
                &lt;i&gt;&lt;/i&gt;&lt;img   width=&quot;150&quot; height=&quot;150&quot; alt=&quot;Magical Roses - CALENDAR by Lilyas&quot; src=&quot;http://t00.deviantart.net/QVCvqCnoLNaLZrRyEgCV-iGk_YQ=/fit-in/150x150/filters:no_upscale():origin()/pre00/c87d/th/pre/i/2016/325/1/9/magical_roses___calendar_by_lilyas-d1ivn3v.jpg&quot; data-src=&quot;http://t00.deviantart.net/QVCvqCnoLNaLZrRyEgCV-iGk_YQ=/fit-in/150x150/filters:no_upscale():origin()/pre00/c87d/th/pre/i/2016/325/1/9/magical_roses___calendar_by_lilyas-d1ivn3v.jpg&quot; srcset=&quot;http://t00.deviantart.net/QVCvqCnoLNaLZrRyEgCV-iGk_YQ=/fit-in/150x150/filters:no_upscale():origin()/pre00/c87d/th/pre/i/2016/325/1/9/magical_roses___calendar_by_lilyas-d1ivn3v.jpg 150w,http://t03.deviantart.net/e3z2txGwTnSvZJAUbNEq6PBz84o=/fit-in/700x350/filters:fixed_height(100,100):origin()/pre00/c87d/th/pre/i/2016/325/1/9/magical_roses___calendar_by_lilyas-d1ivn3v.jpg 350w,http://t10.deviantart.net/KKz7vMUmXlngy_4E8fe0aVHmiaE=/fit-in/800x400/filters:fixed_height(100,100):origin()/pre00/c87d/th/pre/i/2016/325/1/9/magical_roses___calendar_by_lilyas-d1ivn3v.jpg 400w,http://pre00.deviantart.net/c87d/th/pre/i/2016/325/1/9/magical_roses___calendar_by_lilyas-d1ivn3v.jpg 894w&quot; sizes=&quot;150px&quot;&gt;&lt;/a&gt;&lt;/span&gt;&lt;!-- ^TTT --&gt;&lt;!-- TTT$ --&gt;&lt;/span&gt;&lt;br /&gt;&lt;br /&gt;My most popular rose photo &lt;b&gt;&lt;a href=&quot;http://lilyas.deviantart.com/art/Luxury-89432405&quot;&gt;Luxury&lt;/a&gt;&lt;/b&gt; can be purchased not only in my DA shop but also in a big poster shop in the Internet as maxi poster for &amp;#8364; 6.99!&lt;br /&gt;&lt;br /&gt;&lt;img src=&quot;http://e.deviantart.net/emoticons/b/bulletred.gif&quot; width=&quot;10&quot; height=&quot;10&quot; alt=&quot;:bulletred:&quot; data-embed-type=&quot;emoticon&quot; data-embed-id=&quot;210&quot; title=&quot;Bullet; Red&quot;/&gt;&lt;img src=&quot;http://e.deviantart.net/emoticons/b/bulletorange.gif&quot; width=&quot;10&quot; height=&quot;10&quot; alt=&quot;:bulletorange:&quot; data-embed-type=&quot;emoticon&quot; data-embed-id=&quot;567&quot; title=&quot;Bullet; Orange&quot;/&gt;&lt;img src=&quot;http://e.deviantart.net/emoticons/b/bulletyellow.gif&quot; width=&quot;10&quot; height=&quot;10&quot; alt=&quot;:bulletyellow:&quot; data-embed-type=&quot;emoticon&quot; data-embed-id=&quot;566&quot; title=&quot;Bullet; Yellow&quot;/&gt;&lt;img src=&quot;http://e.deviantart.net/emoticons/b/bulletgreen.gif&quot; width=&quot;10&quot; height=&quot;10&quot; alt=&quot;:bulletgreen:&quot; data-embed-type=&quot;emoticon&quot; data-embed-id=&quot;209&quot; title=&quot;Bullet; Green&quot;/&gt;&lt;img src=&quot;http://e.deviantart.net/emoticons/b/bulletblue.gif&quot; width=&quot;10&quot; height=&quot;10&quot; alt=&quot;:bulletblue:&quot; data-embed-type=&quot;emoticon&quot; data-embed-id=&quot;211&quot; title=&quot;Bullet; Blue&quot;/&gt;&lt;img src=&quot;http://e.deviantart.net/emoticons/b/bulletpurple.gif&quot; width=&quot;10&quot; height=&quot;10&quot; alt=&quot;:bulletpurple:&quot; data-embed-type=&quot;emoticon&quot; data-embed-id=&quot;212&quot; title=&quot;Bullet; Purple&quot;/&gt;&lt;img src=&quot;http://e.deviantart.net/emoticons/b/bulletred.gif&quot; width=&quot;10&quot; height=&quot;10&quot; alt=&quot;:bulletred:&quot; data-embed-type=&quot;emoticon&quot; data-embed-id=&quot;210&quot; title=&quot;Bullet; Red&quot;/&gt;&lt;img src=&quot;http://e.deviantart.net/emoticons/b/bulletorange.gif&quot; width=&quot;10&quot; height=&quot;10&quot; alt=&quot;:bulletorange:&quot; data-embed-type=&quot;emoticon&quot; data-embed-id=&quot;567&quot; title=&quot;Bullet; Orange&quot;/&gt;&lt;img src=&quot;http://e.deviantart.net/emoticons/b/bulletyellow.gif&quot; width=&quot;10&quot; height=&quot;10&quot; alt=&quot;:bulletyellow:&quot; data-embed-type=&quot;emoticon&quot; data-embed-id=&quot;566&quot; title=&quot;Bullet; Yellow&quot;/&gt;&lt;img src=&quot;http://e.deviantart.net/emoticons/b/bulletgreen.gif&quot; width=&quot;10&quot; height=&quot;10&quot; alt=&quot;:bulletgreen:&quot; data-embed-type=&quot;emoticon&quot; data-embed-id=&quot;209&quot; title=&quot;Bullet; Green&quot;/&gt;&lt;img src=&quot;http://e.deviantart.net/emoticons/b/bulletblue.gif&quot; width=&quot;10&quot; height=&quot;10&quot; alt=&quot;:bulletblue:&quot; data-embed-type=&quot;emoticon&quot; data-embed-id=&quot;211&quot; title=&quot;Bullet; Blue&quot;/&gt;&lt;img src=&quot;http://e.deviantart.net/emoticons/b/bulletpurple.gif&quot; width=&quot;10&quot; height=&quot;10&quot; alt=&quot;:bulletpurple:&quot; data-embed-type=&quot;emoticon&quot; data-embed-id=&quot;212&quot; title=&quot;Bullet; Purple&quot;/&gt;&lt;img src=&quot;http://e.deviantart.net/emoticons/b/bulletred.gif&quot; width=&quot;10&quot; height=&quot;10&quot; alt=&quot;:bulletred:&quot; data-embed-type=&quot;emoticon&quot; data-embed-id=&quot;210&quot; title=&quot;Bullet; Red&quot;/&gt;&lt;img src=&quot;http://e.deviantart.net/emoticons/b/bulletorange.gif&quot; width=&quot;10&quot; height=&quot;10&quot; alt=&quot;:bulletorange:&quot; data-embed-type=&quot;emoticon&quot; data-embed-id=&quot;567&quot; title=&quot;Bullet; Orange&quot;/&gt;&lt;img src=&quot;http://e.deviantart.net/emoticons/b/bulletyellow.gif&quot; width=&quot;10&quot; height=&quot;10&quot; alt=&quot;:bulletyellow:&quot; data-embed-type=&quot;emoticon&quot; data-embed-id=&quot;566&quot; title=&quot;Bullet; Yellow&quot;/&gt;&lt;img src=&quot;http://e.deviantart.net/emoticons/b/bulletgreen.gif&quot; width=&quot;10&quot; height=&quot;10&quot; alt=&quot;:bulletgreen:&quot; data-embed-type=&quot;emoticon&quot; data-embed-id=&quot;209&quot; title=&quot;Bullet; Green&quot;/&gt;&lt;img src=&quot;http://e.deviantart.net/emoticons/b/bulletblue.gif&quot; width=&quot;10&quot; height=&quot;10&quot; alt=&quot;:bulletblue:&quot; data-embed-type=&quot;emoticon&quot; data-embed-id=&quot;211&quot; title=&quot;Bullet; Blue&quot;/&gt;&lt;img src=&quot;http://e.deviantart.net/emoticons/b/bulletpurple.gif&quot; width=&quot;10&quot; height=&quot;10&quot; alt=&quot;:bulletpurple:&quot; data-embed-type=&quot;emoticon&quot; data-embed-id=&quot;212&quot; title=&quot;Bullet; Purple&quot;/&gt;&lt;img src=&quot;http://e.deviantart.net/emoticons/b/bulletred.gif&quot; width=&quot;10&quot; height=&quot;10&quot; alt=&quot;:bulletred:&quot; data-embed-type=&quot;emoticon&quot; data-embed-id=&quot;210&quot; title=&quot;Bullet; Red&quot;/&gt;&lt;img src=&quot;http://e.deviantart.net/emoticons/b/bulletorange.gif&quot; width=&quot;10&quot; height=&quot;10&quot; alt=&quot;:bulletorange:&quot; data-embed-type=&quot;emoticon&quot; data-embed-id=&quot;567&quot; title=&quot;Bullet; Orange&quot;/&gt;&lt;img src=&quot;http://e.deviantart.net/emoticons/b/bulletyellow.gif&quot; width=&quot;10&quot; height=&quot;10&quot; alt=&quot;:bulletyellow:&quot; data-embed-type=&quot;emoticon&quot; data-embed-id=&quot;566&quot; title=&quot;Bullet; Yellow&quot;/&gt;&lt;img src=&quot;http://e.deviantart.net/emoticons/b/bulletgreen.gif&quot; width=&quot;10&quot; height=&quot;10&quot; alt=&quot;:bulletgreen:&quot; data-embed-type=&quot;emoticon&quot; data-embed-id=&quot;209&quot; title=&quot;Bullet; Green&quot;/&gt;&lt;img src=&quot;http://e.deviantart.net/emoticons/b/bulletblue.gif&quot; width=&quot;10&quot; height=&quot;10&quot; alt=&quot;:bulletblue:&quot; data-embed-type=&quot;emoticon&quot; data-embed-id=&quot;211&quot; title=&quot;Bullet; Blue&quot;/&gt;&lt;img src=&quot;http://e.deviantart.net/emoticons/b/bulletpurple.gif&quot; width=&quot;10&quot; height=&quot;10&quot; alt=&quot;:bulletpurple:&quot; data-embed-type=&quot;emoticon&quot; data-embed-id=&quot;212&quot; title=&quot;Bullet; Purple&quot;/&gt;&lt;img src=&quot;http://e.deviantart.net/emoticons/b/bulletred.gif&quot; width=&quot;10&quot; height=&quot;10&quot; alt=&quot;:bulletred:&quot; data-embed-type=&quot;emoticon&quot; data-embed-id=&quot;210&quot; title=&quot;Bullet; Red&quot;/&gt;&lt;img src=&quot;http://e.deviantart.net/emoticons/b/bulletorange.gif&quot; width=&quot;10&quot; height=&quot;10&quot; alt=&quot;:bulletorange:&quot; data-embed-type=&quot;emoticon&quot; data-embed-id=&quot;567&quot; title=&quot;Bullet; Orange&quot;/&gt;&lt;img src=&quot;http://e.deviantart.net/emoticons/b/bulletyellow.gif&quot; width=&quot;10&quot; height=&quot;10&quot; alt=&quot;:bulletyellow:&quot; data-embed-type=&quot;emoticon&quot; data-embed-id=&quot;566&quot; title=&quot;Bullet; Yellow&quot;/&gt;&lt;img src=&quot;http://e.deviantart.net/emoticons/b/bulletgreen.gif&quot; width=&quot;10&quot; height=&quot;10&quot; alt=&quot;:bulletgreen:&quot; data-embed-type=&quot;emoticon&quot; data-embed-id=&quot;209&quot; title=&quot;Bullet; Green&quot;/&gt;&lt;img src=&quot;http://e.deviantart.net/emoticons/b/bulletblue.gif&quot; width=&quot;10&quot; height=&quot;10&quot; alt=&quot;:bulletblue:&quot; data-embed-type=&quot;emoticon&quot; data-embed-id=&quot;211&quot; title=&quot;Bullet; Blue&quot;/&gt;&lt;img src=&quot;http://e.deviantart.net/emoticons/b/bulletpurple.gif&quot; width=&quot;10&quot; height=&quot;10&quot; alt=&quot;:bulletpurple:&quot; data-embed-type=&quot;emoticon&quot; data-embed-id=&quot;212&quot; title=&quot;Bullet; Purple&quot;/&gt;&lt;br /&gt;&lt;h4&gt;&lt;img src=&quot;http://e.deviantart.net/emoticons/p/pride.gif&quot; width=&quot;15&quot; height=&quot;15&quot; alt=&quot;:pride:&quot; data-embed-type=&quot;emoticon&quot; data-embed-id=&quot;199&quot; title=&quot;Pride&quot;/&gt; &lt;a class=&quot;external&quot; href=&quot;http://www.deviantart.com/users/outgoing?http://reindersshop.com/index.php/sec4/Luxury-Rose.html?wsact=articledetail&amp;amp;articletype_id=3&amp;amp;page=1&amp;amp;article_id=18535&amp;amp;category_id=110&amp;amp;&quot;&gt;Get your LUXURY poster here&lt;/a&gt; &lt;img src=&quot;http://e.deviantart.net/emoticons/p/pride.gif&quot; width=&quot;15&quot; height=&quot;15&quot; alt=&quot;:pride:&quot; data-embed-type=&quot;emoticon&quot; data-embed-id=&quot;199&quot; title=&quot;Pride&quot;/&gt;&lt;/h4&gt;&lt;img src=&quot;http://e.deviantart.net/emoticons/b/bulletred.gif&quot; width=&quot;10&quot; height=&quot;10&quot; alt=&quot;:bulletred:&quot; data-embed-type=&quot;emoticon&quot; data-embed-id=&quot;210&quot; title=&quot;Bullet; Red&quot;/&gt;&lt;img src=&quot;http://e.deviantart.net/emoticons/b/bulletorange.gif&quot; width=&quot;10&quot; height=&quot;10&quot; alt=&quot;:bulletorange:&quot; data-embed-type=&quot;emoticon&quot; data-embed-id=&quot;567&quot; title=&quot;Bullet; Orange&quot;/&gt;&lt;img src=&quot;http://e.deviantart.net/emoticons/b/bulletyellow.gif&quot; width=&quot;10&quot; height=&quot;10&quot; alt=&quot;:bulletyellow:&quot; data-embed-type=&quot;emoticon&quot; data-embed-id=&quot;566&quot; title=&quot;Bullet; Yellow&quot;/&gt;&lt;img src=&quot;http://e.deviantart.net/emoticons/b/bulletgreen.gif&quot; width=&quot;10&quot; height=&quot;10&quot; alt=&quot;:bulletgreen:&quot; data-embed-type=&quot;emoticon&quot; data-embed-id=&quot;209&quot; title=&quot;Bullet; Green&quot;/&gt;&lt;img src=&quot;http://e.deviantart.net/emoticons/b/bulletblue.gif&quot; width=&quot;10&quot; height=&quot;10&quot; alt=&quot;:bulletblue:&quot; data-embed-type=&quot;emoticon&quot; data-embed-id=&quot;211&quot; title=&quot;Bullet; Blue&quot;/&gt;&lt;img src=&quot;http://e.deviantart.net/emoticons/b/bulletpurple.gif&quot; width=&quot;10&quot; height=&quot;10&quot; alt=&quot;:bulletpurple:&quot; data-embed-type=&quot;emoticon&quot; data-embed-id=&quot;212&quot; title=&quot;Bullet; Purple&quot;/&gt;&lt;img src=&quot;http://e.deviantart.net/emoticons/b/bulletred.gif&quot; width=&quot;10&quot; height=&quot;10&quot; alt=&quot;:bulletred:&quot; data-embed-type=&quot;emoticon&quot; data-embed-id=&quot;210&quot; title=&quot;Bullet; Red&quot;/&gt;&lt;img src=&quot;http://e.deviantart.net/emoticons/b/bulletorange.gif&quot; width=&quot;10&quot; height=&quot;10&quot; alt=&quot;:bulletorange:&quot; data-embed-type=&quot;emoticon&quot; data-embed-id=&quot;567&quot; title=&quot;Bullet; Orange&quot;/&gt;&lt;img src=&quot;http://e.deviantart.net/emoticons/b/bulletyellow.gif&quot; width=&quot;10&quot; height=&quot;10&quot; alt=&quot;:bulletyellow:&quot; data-embed-type=&quot;emoticon&quot; data-embed-id=&quot;566&quot; title=&quot;Bullet; Yellow&quot;/&gt;&lt;img src=&quot;http://e.deviantart.net/emoticons/b/bulletgreen.gif&quot; width=&quot;10&quot; height=&quot;10&quot; alt=&quot;:bulletgreen:&quot; data-embed-type=&quot;emoticon&quot; data-embed-id=&quot;209&quot; title=&quot;Bullet; Green&quot;/&gt;&lt;img src=&quot;http://e.deviantart.net/emoticons/b/bulletblue.gif&quot; width=&quot;10&quot; height=&quot;10&quot; alt=&quot;:bulletblue:&quot; data-embed-type=&quot;emoticon&quot; data-embed-id=&quot;211&quot; title=&quot;Bullet; Blue&quot;/&gt;&lt;img src=&quot;http://e.deviantart.net/emoticons/b/bulletpurple.gif&quot; width=&quot;10&quot; height=&quot;10&quot; alt=&quot;:bulletpurple:&quot; data-embed-type=&quot;emoticon&quot; data-embed-id=&quot;212&quot; title=&quot;Bullet; Purple&quot;/&gt;&lt;img src=&quot;http://e.deviantart.net/emoticons/b/bulletred.gif&quot; width=&quot;10&quot; height=&quot;10&quot; alt=&quot;:bulletred:&quot; data-embed-type=&quot;emoticon&quot; data-embed-id=&quot;210&quot; title=&quot;Bullet; Red&quot;/&gt;&lt;img src=&quot;http://e.deviantart.net/emoticons/b/bulletorange.gif&quot; width=&quot;10&quot; height=&quot;10&quot; alt=&quot;:bulletorange:&quot; data-embed-type=&quot;emoticon&quot; data-embed-id=&quot;567&quot; title=&quot;Bullet; Orange&quot;/&gt;&lt;img src=&quot;http://e.deviantart.net/emoticons/b/bulletyellow.gif&quot; width=&quot;10&quot; height=&quot;10&quot; alt=&quot;:bulletyellow:&quot; data-embed-type=&quot;emoticon&quot; data-embed-id=&quot;566&quot; title=&quot;Bullet; Yellow&quot;/&gt;&lt;img src=&quot;http://e.deviantart.net/emoticons/b/bulletgreen.gif&quot; width=&quot;10&quot; height=&quot;10&quot; alt=&quot;:bulletgreen:&quot; data-embed-type=&quot;emoticon&quot; data-embed-id=&quot;209&quot; title=&quot;Bullet; Green&quot;/&gt;&lt;img src=&quot;http://e.deviantart.net/emoticons/b/bulletblue.gif&quot; width=&quot;10&quot; height=&quot;10&quot; alt=&quot;:bulletblue:&quot; data-embed-type=&quot;emoticon&quot; data-embed-id=&quot;211&quot; title=&quot;Bullet; Blue&quot;/&gt;&lt;img src=&quot;http://e.deviantart.net/emoticons/b/bulletpurple.gif&quot; width=&quot;10&quot; height=&quot;10&quot; alt=&quot;:bulletpurple:&quot; data-embed-type=&quot;emoticon&quot; data-embed-id=&quot;212&quot; title=&quot;Bullet; Purple&quot;/&gt;&lt;img src=&quot;http://e.deviantart.net/emoticons/b/bulletred.gif&quot; width=&quot;10&quot; height=&quot;10&quot; alt=&quot;:bulletred:&quot; data-embed-type=&quot;emoticon&quot; data-embed-id=&quot;210&quot; title=&quot;Bullet; Red&quot;/&gt;&lt;img src=&quot;http://e.deviantart.net/emoticons/b/bulletorange.gif&quot; width=&quot;10&quot; height=&quot;10&quot; alt=&quot;:bulletorange:&quot; data-embed-type=&quot;emoticon&quot; data-embed-id=&quot;567&quot; title=&quot;Bullet; Orange&quot;/&gt;&lt;img src=&quot;http://e.deviantart.net/emoticons/b/bulletyellow.gif&quot; width=&quot;10&quot; height=&quot;10&quot; alt=&quot;:bulletyellow:&quot; data-embed-type=&quot;emoticon&quot; data-embed-id=&quot;566&quot; title=&quot;Bullet; Yellow&quot;/&gt;&lt;img src=&quot;http://e.deviantart.net/emoticons/b/bulletgreen.gif&quot; width=&quot;10&quot; height=&quot;10&quot; alt=&quot;:bulletgreen:&quot; data-embed-type=&quot;emoticon&quot; data-embed-id=&quot;209&quot; title=&quot;Bullet; Green&quot;/&gt;&lt;img src=&quot;http://e.deviantart.net/emoticons/b/bulletblue.gif&quot; width=&quot;10&quot; height=&quot;10&quot; alt=&quot;:bulletblue:&quot; data-embed-type=&quot;emoticon&quot; data-embed-id=&quot;211&quot; title=&quot;Bullet; Blue&quot;/&gt;&lt;img src=&quot;http://e.deviantart.net/emoticons/b/bulletpurple.gif&quot; width=&quot;10&quot; height=&quot;10&quot; alt=&quot;:bulletpurple:&quot; data-embed-type=&quot;emoticon&quot; data-embed-id=&quot;212&quot; title=&quot;Bullet; Purple&quot;/&gt;&lt;img src=&quot;http://e.deviantart.net/emoticons/b/bulletred.gif&quot; width=&quot;10&quot; height=&quot;10&quot; alt=&quot;:bulletred:&quot; data-embed-type=&quot;emoticon&quot; data-embed-id=&quot;210&quot; title=&quot;Bullet; Red&quot;/&gt;&lt;img src=&quot;http://e.deviantart.net/emoticons/b/bulletorange.gif&quot; width=&quot;10&quot; height=&quot;10&quot; alt=&quot;:bulletorange:&quot; data-embed-type=&quot;emoticon&quot; data-embed-id=&quot;567&quot; title=&quot;Bullet; Orange&quot;/&gt;&lt;img src=&quot;http://e.deviantart.net/emoticons/b/bulletyellow.gif&quot; width=&quot;10&quot; height=&quot;10&quot; alt=&quot;:bulletyellow:&quot; data-embed-type=&quot;emoticon&quot; data-embed-id=&quot;566&quot; title=&quot;Bullet; Yellow&quot;/&gt;&lt;img src=&quot;http://e.deviantart.net/emoticons/b/bulletgreen.gif&quot; width=&quot;10&quot; height=&quot;10&quot; alt=&quot;:bulletgreen:&quot; data-embed-type=&quot;emoticon&quot; data-embed-id=&quot;209&quot; title=&quot;Bullet; Green&quot;/&gt;&lt;img src=&quot;http://e.deviantart.net/emoticons/b/bulletblue.gif&quot; width=&quot;10&quot; height=&quot;10&quot; alt=&quot;:bulletblue:&quot; data-embed-type=&quot;emoticon&quot; data-embed-id=&quot;211&quot; title=&quot;Bullet; Blue&quot;/&gt;&lt;img src=&quot;http://e.deviantart.net/emoticons/b/bulletpurple.gif&quot; width=&quot;10&quot; height=&quot;10&quot; alt=&quot;:bulletpurple:&quot; data-embed-type=&quot;emoticon&quot; data-embed-id=&quot;212&quot; title=&quot;Bullet; Purple&quot;/&gt;&lt;br /&gt;&lt;br /&gt;&lt;hr/&gt;&lt;br /&gt;&lt;br /&gt;These roses are pure luxury! You should see them in reality, wow - this red is breathtaking! And the smell - to die for!!!&lt;br /&gt;&lt;br /&gt;They grow in my neighbours garden, the whole garden is full of roses. I desaturated the background to bring out the amazing color of the petals. also the drops add to the whole composition.&lt;br /&gt;&lt;br /&gt;You can find the original colored rose on my photo account &lt;span class=&quot;username-with-symbol u&quot;&gt;&lt;a class=&quot;u regular username&quot; href=&quot;http://viliggoly.deviantart.com&quot;&gt;Viliggoly&lt;/a&gt;&lt;span class=&quot;user-symbol regular&quot; data-quicktip-text=&quot;&quot; data-show-tooltip=&quot;&quot; data-gruser-type=&quot;regular&quot;&gt;&lt;/span&gt;&lt;/span&gt;: &lt;a href=&quot;http://viliggoly.deviantart.com/art/Luxury-original-89589949&quot;&gt;viliggoly.deviantart.com/art/L&amp;hellip;&lt;/a&gt; and here: &lt;a class=&quot;external&quot; href=&quot;http://www.deviantart.com/users/outgoing?http://home.arcor.de/6n.plus.minus.1/The-Star.jpg&quot;&gt;home.arcor.de/6n.plus.minus.1/&amp;hellip;&lt;/a&gt;&lt;br /&gt;&lt;br /&gt;The title is handwritten like in all other pieces of the rose series.&lt;br /&gt;&lt;br /&gt;&lt;hr/&gt;&lt;br /&gt;&lt;br /&gt;&lt;b&gt;&lt;u&gt;The complete series:&lt;/u&gt; &lt;img src=&quot;http://e.deviantart.net/emoticons/b/bulletred.gif&quot; width=&quot;10&quot; height=&quot;10&quot; alt=&quot;:bulletred:&quot; data-embed-type=&quot;emoticon&quot; data-embed-id=&quot;210&quot; title=&quot;Bullet; Red&quot;/&gt;&lt;img src=&quot;http://e.deviantart.net/emoticons/b/bulletorange.gif&quot; width=&quot;10&quot; height=&quot;10&quot; alt=&quot;:bulletorange:&quot; data-embed-type=&quot;emoticon&quot; data-embed-id=&quot;567&quot; title=&quot;Bullet; Orange&quot;/&gt;&lt;img src=&quot;http://e.deviantart.net/emoticons/b/bulletyellow.gif&quot; width=&quot;10&quot; height=&quot;10&quot; alt=&quot;:bulletyellow:&quot; data-embed-type=&quot;emoticon&quot; data-embed-id=&quot;566&quot; title=&quot;Bullet; Yellow&quot;/&gt; &lt;a href=&quot;http://lilyas.deviantart.com/gallery/#Magical-Roses&quot;&gt;Magical Roses&lt;/a&gt;&lt;/b&gt;&lt;br /&gt;&lt;br /&gt;&lt;img src=&quot;http://e.deviantart.net/emoticons/s/star_full.gif&quot; width=&quot;17&quot; height=&quot;16&quot; alt=&quot;:star:&quot; data-embed-type=&quot;emoticon&quot; data-embed-id=&quot;450&quot; title=&quot;Star!&quot;/&gt; &lt;b&gt;RED: &lt;a href=&quot;http://lilyas.deviantart.com/art/Luxury-89432405&quot;&gt;Luxury&lt;/a&gt;&lt;/b&gt;&lt;br /&gt;&lt;img src=&quot;http://e.deviantart.net/emoticons/s/star_full.gif&quot; width=&quot;17&quot; height=&quot;16&quot; alt=&quot;:star:&quot; data-embed-type=&quot;emoticon&quot; data-embed-id=&quot;450&quot; title=&quot;Star!&quot;/&gt; &lt;b&gt;BLUE: &lt;a href=&quot;http://lilyas.deviantart.com/art/Crystal-89536929&quot;&gt;Crystal&lt;/a&gt;&lt;/b&gt;&lt;br /&gt;&lt;img src=&quot;http://e.deviantart.net/emoticons/s/star_full.gif&quot; width=&quot;17&quot; height=&quot;16&quot; alt=&quot;:star:&quot; data-embed-type=&quot;emoticon&quot; data-embed-id=&quot;450&quot; title=&quot;Star!&quot;/&gt; &lt;b&gt;GOLD: &lt;a href=&quot;http://lilyas.deviantart.com/art/Precious-89557985&quot;&gt;Precious&lt;/a&gt;&lt;/b&gt;&lt;br /&gt;&lt;img src=&quot;http://e.deviantart.net/emoticons/s/star_full.gif&quot; width=&quot;17&quot; height=&quot;16&quot; alt=&quot;:star:&quot; data-embed-type=&quot;emoticon&quot; data-embed-id=&quot;450&quot; title=&quot;Star!&quot;/&gt; &lt;b&gt;PURPLE: &lt;a href=&quot;http://lilyas.deviantart.com/art/Passionata-89646636&quot;&gt;Passionata&lt;/a&gt;&lt;/b&gt;&lt;br /&gt;&lt;img src=&quot;http://e.deviantart.net/emoticons/s/star_full.gif&quot; width=&quot;17&quot; height=&quot;16&quot; alt=&quot;:star:&quot; data-embed-type=&quot;emoticon&quot; data-embed-id=&quot;450&quot; title=&quot;Star!&quot;/&gt; &lt;b&gt;SILVER: &lt;a href=&quot;http://lilyas.deviantart.com/art/Metallica-89755502&quot;&gt;Metallica&lt;/a&gt;&lt;/b&gt; &lt;br /&gt;&lt;img src=&quot;http://e.deviantart.net/emoticons/s/star_full.gif&quot; width=&quot;17&quot; height=&quot;16&quot; alt=&quot;:star:&quot; data-embed-type=&quot;emoticon&quot; data-embed-id=&quot;450&quot; title=&quot;Star!&quot;/&gt; &lt;b&gt;BLACK: &lt;a href=&quot;http://lilyas.deviantart.com/art/Onyx-89849763&quot;&gt;Onyx&lt;/a&gt;&lt;/b&gt;&lt;br /&gt;&lt;img src=&quot;http://e.deviantart.net/emoticons/s/star_full.gif&quot; width=&quot;17&quot; height=&quot;16&quot; alt=&quot;:star:&quot; data-embed-type=&quot;emoticon&quot; data-embed-id=&quot;450&quot; title=&quot;Star!&quot;/&gt; &lt;b&gt;WHITE: &lt;a href=&quot;http://lilyas.deviantart.com/art/Sinfonia-90054442&quot;&gt;Sinfonia&lt;/a&gt;&lt;/b&gt;&lt;br /&gt;&lt;img src=&quot;http://e.deviantart.net/emoticons/s/star_full.gif&quot; width=&quot;17&quot; height=&quot;16&quot; alt=&quot;:star:&quot; data-embed-type=&quot;emoticon&quot; data-embed-id=&quot;450&quot; title=&quot;Star!&quot;/&gt; &lt;b&gt;GREEN: &lt;a href=&quot;http://lilyas.deviantart.com/art/Paradise-90147762&quot;&gt;Paradise&lt;/a&gt;&lt;/b&gt; &lt;br /&gt;&lt;img src=&quot;http://e.deviantart.net/emoticons/s/star_full.gif&quot; width=&quot;17&quot; height=&quot;16&quot; alt=&quot;:star:&quot; data-embed-type=&quot;emoticon&quot; data-embed-id=&quot;450&quot; title=&quot;Star!&quot;/&gt; &lt;b&gt;ORANGE: &lt;a href=&quot;http://lilyas.deviantart.com/art/Brillante-90249947&quot;&gt;Brillante&lt;/a&gt;&lt;/b&gt;&lt;br /&gt;&lt;img src=&quot;http://e.deviantart.net/emoticons/s/star_full.gif&quot; width=&quot;17&quot; height=&quot;16&quot; alt=&quot;:star:&quot; data-embed-type=&quot;emoticon&quot; data-embed-id=&quot;450&quot; title=&quot;Star!&quot;/&gt; &lt;b&gt;PINK: &lt;a href=&quot;http://lilyas.deviantart.com/art/Innocence-90350282&quot;&gt;Innocence&lt;/a&gt;&lt;/b&gt; &lt;br /&gt;&lt;img src=&quot;http://e.deviantart.net/emoticons/s/star_full.gif&quot; width=&quot;17&quot; height=&quot;16&quot; alt=&quot;:star:&quot; data-embed-type=&quot;emoticon&quot; data-embed-id=&quot;450&quot; title=&quot;Star!&quot;/&gt; &lt;b&gt;RAINBOW: &lt;a href=&quot;http://lilyas.deviantart.com/art/Perfection-90456984&quot;&gt;Perfection&lt;/a&gt;&lt;/b&gt; &lt;br /&gt;&lt;img src=&quot;http://e.deviantart.net/emoticons/s/star_full.gif&quot; width=&quot;17&quot; height=&quot;16&quot; alt=&quot;:star:&quot; data-embed-type=&quot;emoticon&quot; data-embed-id=&quot;450&quot; title=&quot;Star!&quot;/&gt; &lt;b&gt;NATURAL COLORS: &lt;a href=&quot;http://lilyas.deviantart.com/art/Star-of-Roses-90582126&quot;&gt;Star of Roses&lt;/a&gt;&lt;/b&gt;&lt;br /&gt;&lt;br /&gt;&lt;b&gt;EXTRA &amp;gt;&amp;gt;&amp;gt; &lt;img src=&quot;http://e.deviantart.net/emoticons/s/star_full.gif&quot; width=&quot;17&quot; height=&quot;16&quot; alt=&quot;:star:&quot; data-embed-type=&quot;emoticon&quot; data-embed-id=&quot;450&quot; title=&quot;Star!&quot;/&gt; YELLOW: &lt;a href=&quot;http://lilyas.deviantart.com/art/Regina-91986758&quot;&gt;Regina&lt;/a&gt;&lt;/b&gt;&lt;br /&gt;&lt;br /&gt;&lt;br /&gt;&lt;sub&gt;Photo taken with Canon EOS 30D, edited in Photoshop CS3.&lt;/sub&gt;&lt;br /&gt;&lt;br /&gt;&lt;br /&gt;&lt;br /&gt;&lt;b&gt;More roses on my photo account&lt;/b&gt;&lt;br /&gt;&lt;br /&gt;&lt;a target=&quot;_self&quot; href=&quot;http://viliggoly.deviantart.com/&quot; &gt;&lt;img class=&quot;avatar&quot; width=&quot;50&quot; height=&quot;50&quot; src=&quot;http://a.deviantart.net/avatars/v/i/viliggoly.gif&quot; alt=&quot;:iconviliggoly:&quot; title=&quot;Viliggoly&quot; /&gt;&lt;/a&gt;&lt;br /&gt;&lt;br /&gt;&lt;br /&gt;&lt;br /&gt;&lt;sub&gt;&lt;b&gt;&amp;#169; Copyright&lt;/b&gt; by Lily A. Seidel 2008. All rights reserved. You may not use my work without my written permission.&lt;/sub&gt;&lt;br /&gt;&lt;div&gt;&lt;img src=&quot;https://t00.deviantart.net/34hBMNW1ahg_XdMx59SjflZhynk=/300x200/filters:fixed_height(100,100):origin()/pre00/e23c/th/pre/f/2008/301/5/a/5a09315ee42ac66a4f6e86c69d255544.jpg&quot; alt=&quot;thumbnail&quot; /&gt;&lt;/div&gt;</description>            </item>
        <item>
            <title>Evolution of Pearl design</title>
            <link>https://dav-19.deviantart.com/art/Evolution-of-Pearl-design-557458499</link>
            <guid isPermaLink="true">https://dav-19.deviantart.com/art/Evolution-of-Pearl-design-557458499</guid>
            <pubDate>Mon, 31 Aug 2015 13:04:33 PDT</pubDate>
            <media:title type="plain">Evolution of Pearl design</media:title>
            <media:keywords></media:keywords>
            <media:rating>nonadult</media:rating>
            <media:category label="Animation">digitalart/animation</media:category>
            <media:credit role="author" scheme="urn:ebu">DAV-19</media:credit>
            <media:credit role="author" scheme="urn:ebu">https://a.deviantart.net/avatars/d/a/dav-19.gif?5</media:credit>
            <media:copyright url="https://dav-19.deviantart.com">Copyright 2015-2019 DAV-19</media:copyright>            <media:description type="html">&lt;p&gt;&lt;span&gt;Pearl from &quot;Steven Universe&quot;. &lt;/span&gt;&lt;/p&gt; &lt;p&gt;&lt;span&gt;Her design is so often changed &lt;/span&gt;&lt;a href=&quot;http://www.deviantart.com/users/outgoing?http://savepic.org/7655410.jpg&quot;&gt;&lt;span&gt;&lt;a class=&quot;external&quot; href=&quot;http://www.deviantart.com/users/outgoing?http://savepic.org/7655410.jpg&quot;&gt;savepic.org/7655410.jpg&lt;/a&gt;&lt;/span&gt;&lt;/a&gt;&lt;span&gt; &lt;span&gt;&lt;/span&gt;&lt;/span&gt;&lt;/p&gt; &lt;p&gt;&lt;span&gt;&amp;nbsp;&lt;/span&gt;&lt;/p&gt; &lt;p&gt;&lt;span&gt;&lt;span class=&quot;shadow-holder&quot; data-embed-type=&quot;deviation&quot; data-embed-id=&quot;203333839&quot; data-embed-format=&quot;thumb&quot;&gt;&lt;span class=&quot;shadow mild&quot; &gt;&lt;a class=&quot;thumb&quot; href=&quot;http://pfv0-stamp.deviantart.com/art/Tumblr-Stamp-203333839&quot; title=&quot;Tumblr. Stamp by PFV0-Stamp, Apr 3, 2011 in DeviantArt Related &amp;gt; Deviant Stamps&quot; data-super-img=&quot;http://orig13.deviantart.net/d761/f/2011/092/e/b/tumblr__stamp_by_pfv0_stamp-d3d25e7.png&quot; data-super-width=&quot;99&quot; data-super-height=&quot;56&quot; data-super-transparent=&quot;true&quot;&gt;&lt;i&gt;&lt;/i&gt;&lt;img   width=&quot;99&quot; height=&quot;56&quot; alt=&quot;Tumblr. Stamp by PFV0-Stamp&quot; src=&quot;http://orig13.deviantart.net/d761/f/2011/092/e/b/tumblr__stamp_by_pfv0_stamp-d3d25e7.png&quot; data-src=&quot;http://orig13.deviantart.net/d761/f/2011/092/e/b/tumblr__stamp_by_pfv0_stamp-d3d25e7.png&quot;&gt;&lt;/a&gt;&lt;/span&gt;&lt;!-- ^TTT --&gt;&lt;!-- TTT$ --&gt;&lt;/span&gt;&lt;/span&gt; &lt;/p&gt; &lt;p&gt;&lt;span&gt;My Tumblr &lt;a class=&quot;external&quot; href=&quot;http://www.deviantart.com/users/outgoing?http://dav-19.tumblr.com/&quot;&gt;dav-19.tumblr.com/&lt;/a&gt; &lt;/span&gt;&lt;/p&gt;</media:description>            <media:thumbnail url="https://orig00.deviantart.net/7ae4/f/2015/243/3/1/evolution_of_pearl_design_by_dav_19-d97w9qb.gif" height="150" width="150"/>            <media:thumbnail url="https://orig00.deviantart.net/7ae4/f/2015/243/3/1/evolution_of_pearl_design_by_dav_19-d97w9qb.gif" height="150" width="150"/>            <media:thumbnail url="https://orig00.deviantart.net/7ae4/f/2015/243/3/1/evolution_of_pearl_design_by_dav_19-d97w9qb.gif" height="150" width="150"/>            <media:content url="https://orig00.deviantart.net/7ae4/f/2015/243/3/1/evolution_of_pearl_design_by_dav_19-d97w9qb.gif" height="150" width="150" medium="image"/>
            <description>&lt;p&gt;&lt;span&gt;Pearl from &quot;Steven Universe&quot;. &lt;/span&gt;&lt;/p&gt; &lt;p&gt;&lt;span&gt;Her design is so often changed &lt;/span&gt;&lt;a href=&quot;http://www.deviantart.com/users/outgoing?http://savepic.org/7655410.jpg&quot;&gt;&lt;span&gt;&lt;a class=&quot;external&quot; href=&quot;http://www.deviantart.com/users/outgoing?http://savepic.org/7655410.jpg&quot;&gt;savepic.org/7655410.jpg&lt;/a&gt;&lt;/span&gt;&lt;/a&gt;&lt;span&gt; &lt;span&gt;&lt;/span&gt;&lt;/span&gt;&lt;/p&gt; &lt;p&gt;&lt;span&gt;&amp;nbsp;&lt;/span&gt;&lt;/p&gt; &lt;p&gt;&lt;span&gt;&lt;span class=&quot;shadow-holder&quot; data-embed-type=&quot;deviation&quot; data-embed-id=&quot;203333839&quot; data-embed-format=&quot;thumb&quot;&gt;&lt;span class=&quot;shadow mild&quot; &gt;&lt;a class=&quot;thumb&quot; href=&quot;http://pfv0-stamp.deviantart.com/art/Tumblr-Stamp-203333839&quot; title=&quot;Tumblr. Stamp by PFV0-Stamp, Apr 3, 2011 in DeviantArt Related &amp;gt; Deviant Stamps&quot; data-super-img=&quot;http://orig13.deviantart.net/d761/f/2011/092/e/b/tumblr__stamp_by_pfv0_stamp-d3d25e7.png&quot; data-super-width=&quot;99&quot; data-super-height=&quot;56&quot; data-super-transparent=&quot;true&quot;&gt;&lt;i&gt;&lt;/i&gt;&lt;img   width=&quot;99&quot; height=&quot;56&quot; alt=&quot;Tumblr. Stamp by PFV0-Stamp&quot; src=&quot;http://orig13.deviantart.net/d761/f/2011/092/e/b/tumblr__stamp_by_pfv0_stamp-d3d25e7.png&quot; data-src=&quot;http://orig13.deviantart.net/d761/f/2011/092/e/b/tumblr__stamp_by_pfv0_stamp-d3d25e7.png&quot;&gt;&lt;/a&gt;&lt;/span&gt;&lt;!-- ^TTT --&gt;&lt;!-- TTT$ --&gt;&lt;/span&gt;&lt;/span&gt; &lt;/p&gt; &lt;p&gt;&lt;span&gt;My Tumblr &lt;a class=&quot;external&quot; href=&quot;http://www.deviantart.com/users/outgoing?http://dav-19.tumblr.com/&quot;&gt;dav-19.tumblr.com/&lt;/a&gt; &lt;/span&gt;&lt;/p&gt;&lt;br /&gt;&lt;div&gt;&lt;img src=&quot;https://orig00.deviantart.net/7ae4/f/2015/243/3/1/evolution_of_pearl_design_by_dav_19-d97w9qb.gif&quot; alt=&quot;thumbnail&quot; /&gt;&lt;/div&gt;</description>            </item>
        <item>
            <title>Prisoner of my own</title>
            <link>https://shimoda7.deviantart.com/art/Prisoner-of-my-own-33234157</link>
            <guid isPermaLink="true">https://shimoda7.deviantart.com/art/Prisoner-of-my-own-33234157</guid>
            <pubDate>Sat, 13 May 2006 12:17:28 PDT</pubDate>
            <media:title type="plain">Prisoner of my own</media:title>
            <media:keywords></media:keywords>
            <media:rating>nonadult</media:rating>
            <media:category label="Surreal">traditional/drawings/surreal</media:category>
            <media:credit role="author" scheme="urn:ebu">shimoda7</media:credit>
            <media:credit role="author" scheme="urn:ebu">https://a.deviantart.net/avatars/s/h/shimoda7.jpg</media:credit>
            <media:copyright url="https://shimoda7.deviantart.com">Copyright 2006-2019 shimoda7</media:copyright>            <media:description type="html">&lt;b&gt;Update 24-12-2009&lt;/b&gt;&lt;br /&gt;1. Due to the many irrelevant comments I&amp;#039;m disabling the comment feature for this work. Sorry folks.&lt;br /&gt;2. Yes, this is the drawing that Shia LaBeouf has tattooed on his ribcage.&lt;br /&gt;&lt;br /&gt;&lt;br /&gt;This drawing is about being a prisoner of your own actions and choices. It shows how I felt when I was going through a tough period in my life.&lt;br /&gt;&lt;br /&gt;- graphite on Lana drawing paper&lt;br /&gt;- photo reference (my own hand)&lt;br /&gt;- about 12 hours&lt;br /&gt;- 12&quot; x 9&quot;&lt;br /&gt;&lt;br /&gt;Hope you like it.</media:description>            <media:thumbnail url="https://t00.deviantart.net/FKtGn8tnyXfRjc9PVfEPGsf5WP0=/fit-in/150x150/filters:no_upscale():origin()/pre00/8605/th/pre/i/2006/241/b/b/prisoner_of_my_own_by_shimoda7.jpg" height="113" width="150"/>            <media:thumbnail url="https://t00.deviantart.net/shKsLbzHPKI7GwFUs0G9AVsPp_M=/fit-in/300x900/filters:no_upscale():origin()/pre00/8605/th/pre/i/2006/241/b/b/prisoner_of_my_own_by_shimoda7.jpg" height="227" width="300"/>            <media:thumbnail url="https://t00.deviantart.net/8JiBxxo7GhsJt2DgYngJ-WcOCn4=/300x200/filters:fixed_height(100,100):origin()/pre00/8605/th/pre/i/2006/241/b/b/prisoner_of_my_own_by_shimoda7.jpg" height="200" width="265"/>            <media:content url="https://img00.deviantart.net/b151/i/2006/241/b/b/prisoner_of_my_own_by_shimoda7.jpg" height="582" width="770" medium="image"/>
            <description>&lt;b&gt;Update 24-12-2009&lt;/b&gt;&lt;br /&gt;1. Due to the many irrelevant comments I&amp;#039;m disabling the comment feature for this work. Sorry folks.&lt;br /&gt;2. Yes, this is the drawing that Shia LaBeouf has tattooed on his ribcage.&lt;br /&gt;&lt;br /&gt;&lt;br /&gt;This drawing is about being a prisoner of your own actions and choices. It shows how I felt when I was going through a tough period in my life.&lt;br /&gt;&lt;br /&gt;- graphite on Lana drawing paper&lt;br /&gt;- photo reference (my own hand)&lt;br /&gt;- about 12 hours&lt;br /&gt;- 12&quot; x 9&quot;&lt;br /&gt;&lt;br /&gt;Hope you like it.&lt;br /&gt;&lt;div&gt;&lt;img src=&quot;https://t00.deviantart.net/8JiBxxo7GhsJt2DgYngJ-WcOCn4=/300x200/filters:fixed_height(100,100):origin()/pre00/8605/th/pre/i/2006/241/b/b/prisoner_of_my_own_by_shimoda7.jpg&quot; alt=&quot;thumbnail&quot; /&gt;&lt;/div&gt;</description>            </item>
        <item>
            <title>Doctor Who</title>
            <link>https://joe-roberts.deviantart.com/art/Doctor-Who-185066735</link>
            <guid isPermaLink="true">https://joe-roberts.deviantart.com/art/Doctor-Who-185066735</guid>
            <pubDate>Thu, 04 Nov 2010 19:36:40 PDT</pubDate>
            <media:title type="plain">Doctor Who</media:title>
            <media:keywords></media:keywords>
            <media:rating>nonadult</media:rating>
            <media:category label="Fractal Manipulations">digitalart/fractals/manipulations</media:category>
            <media:credit role="author" scheme="urn:ebu">Joe-Roberts</media:credit>
            <media:credit role="author" scheme="urn:ebu">https://a.deviantart.net/avatars/j/o/joe-roberts.jpg?3</media:credit>
            <media:copyright url="https://joe-roberts.deviantart.com">Copyright 2010-2019 Joe-Roberts</media:copyright>            <media:description type="html">Doctor Who</media:description>            <media:thumbnail url="https://t00.deviantart.net/DWQ0T7wkQhFoGwiibtQpoRXxMUc=/fit-in/150x150/filters:no_upscale():origin()/pre00/29ad/th/pre/f/2016/286/8/5/doctor_who_by_joe_roberts-d326men.jpg" height="105" width="150"/>            <media:thumbnail url="https://t00.deviantart.net/dW2zi2G2DJeoUD0qIJH-EwwVxy0=/fit-in/300x900/filters:no_upscale():origin()/pre00/29ad/th/pre/f/2016/286/8/5/doctor_who_by_joe_roberts-d326men.jpg" height="210" width="300"/>            <media:thumbnail url="https://t00.deviantart.net/ht9XG3qz86sZ0PqWidoGJ4eNBrk=/300x200/filters:fixed_height(100,100):origin()/pre00/29ad/th/pre/f/2016/286/8/5/doctor_who_by_joe_roberts-d326men.jpg" height="200" width="286"/>            <media:content url="https://orig00.deviantart.net/400c/f/2016/286/8/5/doctor_who_by_joe_roberts-d326men.jpg" height="489" width="700" medium="image"/>
            <description>Doctor Who&lt;br /&gt;&lt;div&gt;&lt;img src=&quot;https://t00.deviantart.net/ht9XG3qz86sZ0PqWidoGJ4eNBrk=/300x200/filters:fixed_height(100,100):origin()/pre00/29ad/th/pre/f/2016/286/8/5/doctor_who_by_joe_roberts-d326men.jpg&quot; alt=&quot;thumbnail&quot; /&gt;&lt;/div&gt;</description>            </item>
        <item>
            <title>:Enjoy_your_breakfast_</title>
            <link>https://nocturnalmoth.deviantart.com/art/Enjoy-your-breakfast-77445089</link>
            <guid isPermaLink="true">https://nocturnalmoth.deviantart.com/art/Enjoy-your-breakfast-77445089</guid>
            <pubDate>Fri, 15 Feb 2008 06:25:32 PST</pubDate>
            <media:title type="plain">:Enjoy_your_breakfast_</media:title>
            <media:keywords></media:keywords>
            <media:rating>nonadult</media:rating>
            <media:category label="Humorous">photography/humour</media:category>
            <media:credit role="author" scheme="urn:ebu">nocturnalMoTH</media:credit>
            <media:credit role="author" scheme="urn:ebu">https://a.deviantart.net/avatars/n/o/nocturnalmoth.jpg?1</media:credit>
            <media:copyright url="https://nocturnalmoth.deviantart.com">Copyright 2008-2019 nocturnalMoTH</media:copyright>            <media:description type="html">I do this all the time...&lt;br /&gt;&lt;br /&gt;I know the golden rule; the &quot;it&#039;s only funny the first time&quot; rule, but I couldn&#039;t help myself.. I&#039;ve got many more of these, I could put them in my scraps, but I figure you&#039;ve all had enough of these terrorized eggs.&lt;br /&gt;&lt;sup&gt;I haven&#039;t.. *smirk*&lt;/sup&gt;&lt;br /&gt;&lt;br /&gt;&lt;br /&gt;&lt;sub&gt;photo and idea: EMS/MoTH (still me, in case you didn&#039;t know..)&lt;/sub&gt;&lt;br /&gt;&lt;br /&gt;&lt;br /&gt;&lt;br /&gt;&lt;br /&gt;&lt;br /&gt;&lt;br /&gt;&lt;br /&gt;&lt;br /&gt;----edit------&lt;br /&gt;&lt;br /&gt;phiew!!&lt;br /&gt;5 hours flat, and I&#039;m finally done reading all the comments! But unfortunately I don&#039;t think I could live through answering all of them... so I&#039;ll sum it up here by saying:&lt;br /&gt;&lt;b&gt; Thank YOU so much for your comment!! all of you! &lt;img src=&quot;http://e.deviantart.net/emoticons/h/heart.gif&quot; width=&quot;15&quot; height=&quot;13&quot; alt=&quot;:heart:&quot; title=&quot;Heart - :heart:&quot;/&gt; &lt;/b&gt; I just can&#039;t believe how fast this absurd little picture gained popularity - or that it gained popularity at all, for that matter.. xD&lt;br /&gt;but thank you, thank you all so incredibly much! *glomps the lot of ya!*</media:description>            <media:thumbnail url="https://t00.deviantart.net/iiOYUY6KDvyDZfHiTWdHBd7gz7I=/fit-in/150x150/filters:no_upscale():origin()/pre00/2903/th/pre/i/2015/126/0/a/_enjoy_your_breakfast__by_nocturnalmoth-d1a3x0h.jpg" height="113" width="150"/>            <media:thumbnail url="https://t00.deviantart.net/Fn6I4E6Boh9ErxMzGbLsDVP-BDA=/fit-in/300x900/filters:no_upscale():origin()/pre00/2903/th/pre/i/2015/126/0/a/_enjoy_your_breakfast__by_nocturnalmoth-d1a3x0h.jpg" height="225" width="300"/>            <media:thumbnail url="https://t00.deviantart.net/RyI0K7D-qgKKN-NfJ2SJu791-eU=/300x200/filters:fixed_height(100,100):origin()/pre00/2903/th/pre/i/2015/126/0/a/_enjoy_your_breakfast__by_nocturnalmoth-d1a3x0h.jpg" height="200" width="267"/>            <media:content url="https://img00.deviantart.net/d42b/i/2015/126/0/a/_enjoy_your_breakfast__by_nocturnalmoth-d1a3x0h.jpg" height="600" width="800" medium="image"/>
            <description>I do this all the time...&lt;br /&gt;&lt;br /&gt;I know the golden rule; the &quot;it&#039;s only funny the first time&quot; rule, but I couldn&#039;t help myself.. I&#039;ve got many more of these, I could put them in my scraps, but I figure you&#039;ve all had enough of these terrorized eggs.&lt;br /&gt;&lt;sup&gt;I haven&#039;t.. *smirk*&lt;/sup&gt;&lt;br /&gt;&lt;br /&gt;&lt;br /&gt;&lt;sub&gt;photo and idea: EMS/MoTH (still me, in case you didn&#039;t know..)&lt;/sub&gt;&lt;br /&gt;&lt;br /&gt;&lt;br /&gt;&lt;br /&gt;&lt;br /&gt;&lt;br /&gt;&lt;br /&gt;&lt;br /&gt;&lt;br /&gt;----edit------&lt;br /&gt;&lt;br /&gt;phiew!!&lt;br /&gt;5 hours flat, and I&#039;m finally done reading all the comments! But unfortunately I don&#039;t think I could live through answering all of them... so I&#039;ll sum it up here by saying:&lt;br /&gt;&lt;b&gt; Thank YOU so much for your comment!! all of you! &lt;img src=&quot;http://e.deviantart.net/emoticons/h/heart.gif&quot; width=&quot;15&quot; height=&quot;13&quot; alt=&quot;:heart:&quot; title=&quot;Heart - :heart:&quot;/&gt; &lt;/b&gt; I just can&#039;t believe how fast this absurd little picture gained popularity - or that it gained popularity at all, for that matter.. xD&lt;br /&gt;but thank you, thank you all so incredibly much! *glomps the lot of ya!*&lt;br /&gt;&lt;div&gt;&lt;img src=&quot;https://t00.deviantart.net/RyI0K7D-qgKKN-NfJ2SJu791-eU=/300x200/filters:fixed_height(100,100):origin()/pre00/2903/th/pre/i/2015/126/0/a/_enjoy_your_breakfast__by_nocturnalmoth-d1a3x0h.jpg&quot; alt=&quot;thumbnail&quot; /&gt;&lt;/div&gt;</description>            </item>
        <item>
            <title>Death Note: This Is Heaven</title>
            <link>https://behindinfinity.deviantart.com/art/Death-Note-This-Is-Heaven-52682456</link>
            <guid isPermaLink="true">https://behindinfinity.deviantart.com/art/Death-Note-This-Is-Heaven-52682456</guid>
            <pubDate>Sat, 07 Apr 2007 19:43:52 PDT</pubDate>
            <media:title type="plain">Death Note: This Is Heaven</media:title>
            <media:keywords></media:keywords>
            <media:rating>nonadult</media:rating>
            <media:category label="Cosplay">photography/people/cosplay</media:category>
            <media:credit role="author" scheme="urn:ebu">behindinfinity</media:credit>
            <media:credit role="author" scheme="urn:ebu">https://a.deviantart.net/avatars/b/e/behindinfinity.gif</media:credit>
            <media:copyright url="https://behindinfinity.deviantart.com">Copyright 2007-2019 behindinfinity</media:copyright>
            <media:community>
                <media:tags>@skybluedays</media:tags>
            </media:community>             <creativeCommons:license>http://creativecommons.org/licenses/by-nc-nd/3.0/</creativeCommons:license>
            <media:description type="html">It was a dull day at headquarters, so Watari agreed to accompany the three to get a little snack. It was only for this store that L would risk staying outside. Light had no interest in the petite confections, but after much persuasion by Misa, he gave in and had a little devil&#039;s food cake.&lt;br /&gt;&lt;br /&gt;&lt;sub&gt;The store is called Cupcakes by Sonja. The store people were so nice. Didn&#039;t apprehend us for taking so many pictures even though we&#039;re really not allowed to without a permit. Although the fact that our team bought over a dozen cupcakes must have helped. Haha.&lt;/sub&gt;&lt;br /&gt;&lt;br /&gt;&lt;br /&gt;&lt;a target=&quot;_self&quot; href=&quot;http://behindinfinity.deviantart.com/&quot; &gt;&lt;img class=&quot;avatar&quot; src=&quot;http://a.deviantart.net/avatars/b/e/behindinfinity.gif&quot; alt=&quot;:iconbehindinfinity:&quot; title=&quot;behindinfinity&quot; /&gt;&lt;/a&gt; myself as Light Yagami&lt;br /&gt;&lt;a target=&quot;_self&quot; href=&quot;http://merkymerx.deviantart.com/&quot; &gt;&lt;img class=&quot;avatar&quot; src=&quot;http://a.deviantart.net/avatars/m/e/merkymerx.gif&quot; alt=&quot;:iconmerkymerx:&quot; title=&quot;merkymerx&quot; /&gt;&lt;/a&gt; Miguel as L&lt;br /&gt;&lt;a target=&quot;_self&quot; href=&quot;http://snowpeachdrop.deviantart.com/&quot; &gt;&lt;img class=&quot;avatar&quot; src=&quot;http://a.deviantart.net/avatars/s/n/snowpeachdrop.gif?1&quot; alt=&quot;:iconsnowpeachdrop:&quot; title=&quot;snowpeachdrop&quot; /&gt;&lt;/a&gt; China as Misa Amane&lt;br /&gt;&lt;img src=&quot;http://e.deviantart.net/emoticons/c/camera.gif&quot; width=&quot;15&quot; height=&quot;20&quot; alt=&quot;:camera:&quot; data-embed-type=&quot;emoticon&quot; data-embed-id=&quot;193&quot; title=&quot;Camera&quot;/&gt; photography by Sandra Dans &lt;span class=&quot;username-with-symbol u&quot;&gt;&lt;a class=&quot;u regular username&quot; href=&quot;http://littlesailboat.deviantart.com&quot;&gt;littlesailboat&lt;/a&gt;&lt;span class=&quot;user-symbol regular&quot; data-quicktip-text=&quot;&quot; data-show-tooltip=&quot;&quot; data-gruser-type=&quot;regular&quot;&gt;&lt;/span&gt;&lt;/span&gt;&lt;br /&gt;&lt;br /&gt;Death Note &amp;#169; &amp;#22823;&amp;#22580;&amp;#12388;&amp;#12368;&amp;#12415; (&amp;#332;ba Tsugumi)&lt;br /&gt;&lt;br /&gt;&lt;br /&gt;some other Death Note submissions:&lt;br /&gt;&lt;span class=&quot;shadow-holder&quot; data-embed-type=&quot;deviation&quot; data-embed-id=&quot;67607526&quot; data-embed-format=&quot;thumb&quot;&gt;&lt;span class=&quot;shadow mild&quot; &gt;&lt;a class=&quot;thumb&quot; href=&quot;http://behindinfinity.deviantart.com/art/Death-Note-Walk-This-Way-67607526&quot; title=&quot;Death Note: Walk This Way by behindinfinity, Oct 17, 2007 in Photography &amp;gt; People &amp;amp; Portraits &amp;gt; Cosplay&quot; data-super-img=&quot;http://orig13.deviantart.net/c8cf/f/2007/291/6/6/death_note__walk_this_way_by_behindinfinity.jpg&quot; data-super-width=&quot;800&quot; data-super-height=&quot;600&quot; data-super-transparent=&quot;false&quot;&gt;&lt;i&gt;&lt;/i&gt;&lt;img   width=&quot;150&quot; height=&quot;113&quot; alt=&quot;Death Note: Walk This Way by behindinfinity&quot; src=&quot;http://t00.deviantart.net/1jA4C2QOvsR-zscf8JFxIiJrzS8=/fit-in/150x150/filters:no_upscale():origin()/pre14/1304/th/pre/f/2007/291/6/6/death_note__walk_this_way_by_behindinfinity.jpg&quot; data-src=&quot;http://t00.deviantart.net/1jA4C2QOvsR-zscf8JFxIiJrzS8=/fit-in/150x150/filters:no_upscale():origin()/pre14/1304/th/pre/f/2007/291/6/6/death_note__walk_this_way_by_behindinfinity.jpg&quot;&gt;&lt;/a&gt;&lt;/span&gt;&lt;!-- ^TTT --&gt;&lt;!-- TTT$ --&gt;&lt;/span&gt; &lt;span class=&quot;shadow-holder&quot; data-embed-type=&quot;deviation&quot; data-embed-id=&quot;69585386&quot; data-embed-format=&quot;thumb&quot;&gt;&lt;span class=&quot;shadow mild&quot; &gt;&lt;a class=&quot;thumb&quot; href=&quot;http://behindinfinity.deviantart.com/art/Death-Note-Shinigami-69585386&quot; title=&quot;Death Note: Shinigami by behindinfinity, Nov 11, 2007 in Photography &amp;gt; People &amp;amp; Portraits &amp;gt; Cosplay&quot; data-super-img=&quot;http://orig10.deviantart.net/a637/f/2007/315/e/7/death_note__shinigami_by_behindinfinity.jpg&quot; data-super-width=&quot;800&quot; data-super-height=&quot;584&quot; data-super-transparent=&quot;false&quot;&gt;&lt;i&gt;&lt;/i&gt;&lt;img   width=&quot;150&quot; height=&quot;110&quot; alt=&quot;Death Note: Shinigami by behindinfinity&quot; src=&quot;http://t10.deviantart.net/pkqV6UTWDuzXk_vapR8qV6BJ2NQ=/fit-in/150x150/filters:no_upscale():origin()/pre00/24c8/th/pre/f/2007/315/e/7/death_note__shinigami_by_behindinfinity.jpg&quot; data-src=&quot;http://t10.deviantart.net/pkqV6UTWDuzXk_vapR8qV6BJ2NQ=/fit-in/150x150/filters:no_upscale():origin()/pre00/24c8/th/pre/f/2007/315/e/7/death_note__shinigami_by_behindinfinity.jpg&quot;&gt;&lt;/a&gt;&lt;/span&gt;&lt;!-- ^TTT --&gt;&lt;!-- TTT$ --&gt;&lt;/span&gt;&lt;br /&gt;&lt;span class=&quot;shadow-holder&quot; data-embed-type=&quot;deviation&quot; data-embed-id=&quot;52019317&quot; data-embed-format=&quot;thumb&quot;&gt;&lt;span class=&quot;shadow mild&quot; style=&quot;display:block&quot; &gt;&lt;a class=&quot;thumb&quot; href=&quot;http://behindinfinity.deviantart.com/art/L-is-for-quot-Loved-quot-52019317&quot; title=&quot;L is for &amp;quot;Loved&amp;quot; by behindinfinity, Mar 30, 2007 in Photography &amp;gt; People &amp;amp; Portraits &amp;gt; Cosplay&quot; data-super-img=&quot;http://img02.deviantart.net/b709/i/2007/090/b/c/l_is_for___loved___by_behindinfinity.jpg&quot; data-super-width=&quot;400&quot; data-super-height=&quot;643&quot; data-super-transparent=&quot;false&quot;&gt;&lt;i&gt;&lt;/i&gt;&lt;img   width=&quot;93&quot; height=&quot;150&quot; alt=&quot;L is for &amp;quot;Loved&amp;quot; by behindinfinity&quot; src=&quot;http://t11.deviantart.net/j4I3JC4W99z-9zkLEnmEeUbENqI=/fit-in/150x150/filters:no_upscale():origin()/pre03/25e2/th/pre/i/2007/090/b/c/l_is_for___loved___by_behindinfinity.jpg&quot; data-src=&quot;http://t11.deviantart.net/j4I3JC4W99z-9zkLEnmEeUbENqI=/fit-in/150x150/filters:no_upscale():origin()/pre03/25e2/th/pre/i/2007/090/b/c/l_is_for___loved___by_behindinfinity.jpg&quot;&gt;&lt;/a&gt;&lt;/span&gt;&lt;!-- ^TTT --&gt;&lt;!-- TTT$ --&gt;&lt;/span&gt; &lt;span class=&quot;shadow-holder&quot; data-embed-type=&quot;deviation&quot; data-embed-id=&quot;52075777&quot; data-embed-format=&quot;thumb&quot;&gt;&lt;span class=&quot;shadow mild&quot; style=&quot;display:block&quot; &gt;&lt;a class=&quot;thumb&quot; href=&quot;http://behindinfinity.deviantart.com/art/Sweet-Death-52075777&quot; title=&quot;Sweet Death by behindinfinity, Mar 30, 2007 in Photography &amp;gt; People &amp;amp; Portraits &amp;gt; Cosplay&quot; data-super-img=&quot;http://img09.deviantart.net/43f1/i/2007/089/d/e/sweet_death_by_behindinfinity.jpg&quot; data-super-width=&quot;400&quot; data-super-height=&quot;640&quot; data-super-transparent=&quot;false&quot;&gt;&lt;i&gt;&lt;/i&gt;&lt;img   width=&quot;94&quot; height=&quot;150&quot; alt=&quot;Sweet Death by behindinfinity&quot; src=&quot;http://t09.deviantart.net/gdsdQpGBF14NSgm9BVifvohA7vs=/fit-in/150x150/filters:no_upscale():origin()/pre03/109b/th/pre/i/2007/089/d/e/sweet_death_by_behindinfinity.jpg&quot; data-src=&quot;http://t09.deviantart.net/gdsdQpGBF14NSgm9BVifvohA7vs=/fit-in/150x150/filters:no_upscale():origin()/pre03/109b/th/pre/i/2007/089/d/e/sweet_death_by_behindinfinity.jpg&quot;&gt;&lt;/a&gt;&lt;/span&gt;&lt;!-- ^TTT --&gt;&lt;!-- TTT$ --&gt;&lt;/span&gt; &lt;span class=&quot;shadow-holder&quot; data-embed-type=&quot;deviation&quot; data-embed-id=&quot;53466346&quot; data-embed-format=&quot;thumb&quot;&gt;&lt;span class=&quot;shadow mild&quot; style=&quot;display:block&quot; &gt;&lt;a class=&quot;thumb&quot; href=&quot;http://behindinfinity.deviantart.com/art/Manifesto-of-a-Killer-53466346&quot; title=&quot;Manifesto of a Killer by behindinfinity, Apr 17, 2007 in Photography &amp;gt; People &amp;amp; Portraits &amp;gt; Cosplay&quot; data-super-img=&quot;http://orig06.deviantart.net/66a5/f/2008/131/1/d/manifesto_of_a_killer_by_behindinfinity.jpg&quot; data-super-width=&quot;498&quot; data-super-height=&quot;800&quot; data-super-transparent=&quot;false&quot;&gt;&lt;i&gt;&lt;/i&gt;&lt;img   width=&quot;93&quot; height=&quot;150&quot; alt=&quot;Manifesto of a Killer by behindinfinity&quot; src=&quot;http://t14.deviantart.net/tAprxzr1skb8L2wqGixBnMIN65A=/fit-in/150x150/filters:no_upscale():origin()/pre10/7990/th/pre/f/2008/131/1/d/manifesto_of_a_killer_by_behindinfinity.jpg&quot; data-src=&quot;http://t14.deviantart.net/tAprxzr1skb8L2wqGixBnMIN65A=/fit-in/150x150/filters:no_upscale():origin()/pre10/7990/th/pre/f/2008/131/1/d/manifesto_of_a_killer_by_behindinfinity.jpg&quot;&gt;&lt;/a&gt;&lt;/span&gt;&lt;!-- ^TTT --&gt;&lt;!-- TTT$ --&gt;&lt;/span&gt;</media:description>            <media:thumbnail url="https://t00.deviantart.net/o_g3rnXq7pyu5vJAmn6BLxv5IzM=/fit-in/150x150/filters:no_upscale():origin()/pre00/07e7/th/pre/f/2008/132/f/5/death_note__this_is_heaven_by_behindinfinity.jpg" height="150" width="92"/>            <media:thumbnail url="https://t00.deviantart.net/txTQLt1czZv0yqL4ZBzT_PsuCy4=/fit-in/300x900/filters:no_upscale():origin()/pre00/07e7/th/pre/f/2008/132/f/5/death_note__this_is_heaven_by_behindinfinity.jpg" height="490" width="300"/>            <media:thumbnail url="https://t00.deviantart.net/_-xT3fpm1b6h8hUS1XYIcvbc4jg=/300x200/filters:fixed_height(100,100):origin()/pre00/07e7/th/pre/f/2008/132/f/5/death_note__this_is_heaven_by_behindinfinity.jpg" height="200" width="122"/>            <media:content url="https://orig00.deviantart.net/acba/f/2008/132/f/5/death_note__this_is_heaven_by_behindinfinity.jpg" height="850" width="520" medium="image"/>
            <description>It was a dull day at headquarters, so Watari agreed to accompany the three to get a little snack. It was only for this store that L would risk staying outside. Light had no interest in the petite confections, but after much persuasion by Misa, he gave in and had a little devil&#039;s food cake.&lt;br /&gt;&lt;br /&gt;&lt;sub&gt;The store is called Cupcakes by Sonja. The store people were so nice. Didn&#039;t apprehend us for taking so many pictures even though we&#039;re really not allowed to without a permit. Although the fact that our team bought over a dozen cupcakes must have helped. Haha.&lt;/sub&gt;&lt;br /&gt;&lt;br /&gt;&lt;br /&gt;&lt;a target=&quot;_self&quot; href=&quot;http://behindinfinity.deviantart.com/&quot; &gt;&lt;img class=&quot;avatar&quot; src=&quot;http://a.deviantart.net/avatars/b/e/behindinfinity.gif&quot; alt=&quot;:iconbehindinfinity:&quot; title=&quot;behindinfinity&quot; /&gt;&lt;/a&gt; myself as Light Yagami&lt;br /&gt;&lt;a target=&quot;_self&quot; href=&quot;http://merkymerx.deviantart.com/&quot; &gt;&lt;img class=&quot;avatar&quot; src=&quot;http://a.deviantart.net/avatars/m/e/merkymerx.gif&quot; alt=&quot;:iconmerkymerx:&quot; title=&quot;merkymerx&quot; /&gt;&lt;/a&gt; Miguel as L&lt;br /&gt;&lt;a target=&quot;_self&quot; href=&quot;http://snowpeachdrop.deviantart.com/&quot; &gt;&lt;img class=&quot;avatar&quot; src=&quot;http://a.deviantart.net/avatars/s/n/snowpeachdrop.gif?1&quot; alt=&quot;:iconsnowpeachdrop:&quot; title=&quot;snowpeachdrop&quot; /&gt;&lt;/a&gt; China as Misa Amane&lt;br /&gt;&lt;img src=&quot;http://e.deviantart.net/emoticons/c/camera.gif&quot; width=&quot;15&quot; height=&quot;20&quot; alt=&quot;:camera:&quot; data-embed-type=&quot;emoticon&quot; data-embed-id=&quot;193&quot; title=&quot;Camera&quot;/&gt; photography by Sandra Dans &lt;span class=&quot;username-with-symbol u&quot;&gt;&lt;a class=&quot;u regular username&quot; href=&quot;http://littlesailboat.deviantart.com&quot;&gt;littlesailboat&lt;/a&gt;&lt;span class=&quot;user-symbol regular&quot; data-quicktip-text=&quot;&quot; data-show-tooltip=&quot;&quot; data-gruser-type=&quot;regular&quot;&gt;&lt;/span&gt;&lt;/span&gt;&lt;br /&gt;&lt;br /&gt;Death Note &amp;#169; &amp;#22823;&amp;#22580;&amp;#12388;&amp;#12368;&amp;#12415; (&amp;#332;ba Tsugumi)&lt;br /&gt;&lt;br /&gt;&lt;br /&gt;some other Death Note submissions:&lt;br /&gt;&lt;span class=&quot;shadow-holder&quot; data-embed-type=&quot;deviation&quot; data-embed-id=&quot;67607526&quot; data-embed-format=&quot;thumb&quot;&gt;&lt;span class=&quot;shadow mild&quot; &gt;&lt;a class=&quot;thumb&quot; href=&quot;http://behindinfinity.deviantart.com/art/Death-Note-Walk-This-Way-67607526&quot; title=&quot;Death Note: Walk This Way by behindinfinity, Oct 17, 2007 in Photography &amp;gt; People &amp;amp; Portraits &amp;gt; Cosplay&quot; data-super-img=&quot;http://orig13.deviantart.net/c8cf/f/2007/291/6/6/death_note__walk_this_way_by_behindinfinity.jpg&quot; data-super-width=&quot;800&quot; data-super-height=&quot;600&quot; data-super-transparent=&quot;false&quot;&gt;&lt;i&gt;&lt;/i&gt;&lt;img   width=&quot;150&quot; height=&quot;113&quot; alt=&quot;Death Note: Walk This Way by behindinfinity&quot; src=&quot;http://t00.deviantart.net/1jA4C2QOvsR-zscf8JFxIiJrzS8=/fit-in/150x150/filters:no_upscale():origin()/pre14/1304/th/pre/f/2007/291/6/6/death_note__walk_this_way_by_behindinfinity.jpg&quot; data-src=&quot;http://t00.deviantart.net/1jA4C2QOvsR-zscf8JFxIiJrzS8=/fit-in/150x150/filters:no_upscale():origin()/pre14/1304/th/pre/f/2007/291/6/6/death_note__walk_this_way_by_behindinfinity.jpg&quot;&gt;&lt;/a&gt;&lt;/span&gt;&lt;!-- ^TTT --&gt;&lt;!-- TTT$ --&gt;&lt;/span&gt; &lt;span class=&quot;shadow-holder&quot; data-embed-type=&quot;deviation&quot; data-embed-id=&quot;69585386&quot; data-embed-format=&quot;thumb&quot;&gt;&lt;span class=&quot;shadow mild&quot; &gt;&lt;a class=&quot;thumb&quot; href=&quot;http://behindinfinity.deviantart.com/art/Death-Note-Shinigami-69585386&quot; title=&quot;Death Note: Shinigami by behindinfinity, Nov 11, 2007 in Photography &amp;gt; People &amp;amp; Portraits &amp;gt; Cosplay&quot; data-super-img=&quot;http://orig10.deviantart.net/a637/f/2007/315/e/7/death_note__shinigami_by_behindinfinity.jpg&quot; data-super-width=&quot;800&quot; data-super-height=&quot;584&quot; data-super-transparent=&quot;false&quot;&gt;&lt;i&gt;&lt;/i&gt;&lt;img   width=&quot;150&quot; height=&quot;110&quot; alt=&quot;Death Note: Shinigami by behindinfinity&quot; src=&quot;http://t10.deviantart.net/pkqV6UTWDuzXk_vapR8qV6BJ2NQ=/fit-in/150x150/filters:no_upscale():origin()/pre00/24c8/th/pre/f/2007/315/e/7/death_note__shinigami_by_behindinfinity.jpg&quot; data-src=&quot;http://t10.deviantart.net/pkqV6UTWDuzXk_vapR8qV6BJ2NQ=/fit-in/150x150/filters:no_upscale():origin()/pre00/24c8/th/pre/f/2007/315/e/7/death_note__shinigami_by_behindinfinity.jpg&quot;&gt;&lt;/a&gt;&lt;/span&gt;&lt;!-- ^TTT --&gt;&lt;!-- TTT$ --&gt;&lt;/span&gt;&lt;br /&gt;&lt;span class=&quot;shadow-holder&quot; data-embed-type=&quot;deviation&quot; data-embed-id=&quot;52019317&quot; data-embed-format=&quot;thumb&quot;&gt;&lt;span class=&quot;shadow mild&quot; style=&quot;display:block&quot; &gt;&lt;a class=&quot;thumb&quot; href=&quot;http://behindinfinity.deviantart.com/art/L-is-for-quot-Loved-quot-52019317&quot; title=&quot;L is for &amp;quot;Loved&amp;quot; by behindinfinity, Mar 30, 2007 in Photography &amp;gt; People &amp;amp; Portraits &amp;gt; Cosplay&quot; data-super-img=&quot;http://img02.deviantart.net/b709/i/2007/090/b/c/l_is_for___loved___by_behindinfinity.jpg&quot; data-super-width=&quot;400&quot; data-super-height=&quot;643&quot; data-super-transparent=&quot;false&quot;&gt;&lt;i&gt;&lt;/i&gt;&lt;img   width=&quot;93&quot; height=&quot;150&quot; alt=&quot;L is for &amp;quot;Loved&amp;quot; by behindinfinity&quot; src=&quot;http://t11.deviantart.net/j4I3JC4W99z-9zkLEnmEeUbENqI=/fit-in/150x150/filters:no_upscale():origin()/pre03/25e2/th/pre/i/2007/090/b/c/l_is_for___loved___by_behindinfinity.jpg&quot; data-src=&quot;http://t11.deviantart.net/j4I3JC4W99z-9zkLEnmEeUbENqI=/fit-in/150x150/filters:no_upscale():origin()/pre03/25e2/th/pre/i/2007/090/b/c/l_is_for___loved___by_behindinfinity.jpg&quot;&gt;&lt;/a&gt;&lt;/span&gt;&lt;!-- ^TTT --&gt;&lt;!-- TTT$ --&gt;&lt;/span&gt; &lt;span class=&quot;shadow-holder&quot; data-embed-type=&quot;deviation&quot; data-embed-id=&quot;52075777&quot; data-embed-format=&quot;thumb&quot;&gt;&lt;span class=&quot;shadow mild&quot; style=&quot;display:block&quot; &gt;&lt;a class=&quot;thumb&quot; href=&quot;http://behindinfinity.deviantart.com/art/Sweet-Death-52075777&quot; title=&quot;Sweet Death by behindinfinity, Mar 30, 2007 in Photography &amp;gt; People &amp;amp; Portraits &amp;gt; Cosplay&quot; data-super-img=&quot;http://img09.deviantart.net/43f1/i/2007/089/d/e/sweet_death_by_behindinfinity.jpg&quot; data-super-width=&quot;400&quot; data-super-height=&quot;640&quot; data-super-transparent=&quot;false&quot;&gt;&lt;i&gt;&lt;/i&gt;&lt;img   width=&quot;94&quot; height=&quot;150&quot; alt=&quot;Sweet Death by behindinfinity&quot; src=&quot;http://t09.deviantart.net/gdsdQpGBF14NSgm9BVifvohA7vs=/fit-in/150x150/filters:no_upscale():origin()/pre03/109b/th/pre/i/2007/089/d/e/sweet_death_by_behindinfinity.jpg&quot; data-src=&quot;http://t09.deviantart.net/gdsdQpGBF14NSgm9BVifvohA7vs=/fit-in/150x150/filters:no_upscale():origin()/pre03/109b/th/pre/i/2007/089/d/e/sweet_death_by_behindinfinity.jpg&quot;&gt;&lt;/a&gt;&lt;/span&gt;&lt;!-- ^TTT --&gt;&lt;!-- TTT$ --&gt;&lt;/span&gt; &lt;span class=&quot;shadow-holder&quot; data-embed-type=&quot;deviation&quot; data-embed-id=&quot;53466346&quot; data-embed-format=&quot;thumb&quot;&gt;&lt;span class=&quot;shadow mild&quot; style=&quot;display:block&quot; &gt;&lt;a class=&quot;thumb&quot; href=&quot;http://behindinfinity.deviantart.com/art/Manifesto-of-a-Killer-53466346&quot; title=&quot;Manifesto of a Killer by behindinfinity, Apr 17, 2007 in Photography &amp;gt; People &amp;amp; Portraits &amp;gt; Cosplay&quot; data-super-img=&quot;http://orig06.deviantart.net/66a5/f/2008/131/1/d/manifesto_of_a_killer_by_behindinfinity.jpg&quot; data-super-width=&quot;498&quot; data-super-height=&quot;800&quot; data-super-transparent=&quot;false&quot;&gt;&lt;i&gt;&lt;/i&gt;&lt;img   width=&quot;93&quot; height=&quot;150&quot; alt=&quot;Manifesto of a Killer by behindinfinity&quot; src=&quot;http://t14.deviantart.net/tAprxzr1skb8L2wqGixBnMIN65A=/fit-in/150x150/filters:no_upscale():origin()/pre10/7990/th/pre/f/2008/131/1/d/manifesto_of_a_killer_by_behindinfinity.jpg&quot; data-src=&quot;http://t14.deviantart.net/tAprxzr1skb8L2wqGixBnMIN65A=/fit-in/150x150/filters:no_upscale():origin()/pre10/7990/th/pre/f/2008/131/1/d/manifesto_of_a_killer_by_behindinfinity.jpg&quot;&gt;&lt;/a&gt;&lt;/span&gt;&lt;!-- ^TTT --&gt;&lt;!-- TTT$ --&gt;&lt;/span&gt;&lt;br /&gt;&lt;div&gt;&lt;img src=&quot;https://t00.deviantart.net/_-xT3fpm1b6h8hUS1XYIcvbc4jg=/300x200/filters:fixed_height(100,100):origin()/pre00/07e7/th/pre/f/2008/132/f/5/death_note__this_is_heaven_by_behindinfinity.jpg&quot; alt=&quot;thumbnail&quot; /&gt;&lt;/div&gt;</description>            </item>
        <item>
            <title>smile for the camera</title>
            <link>https://briannacherrygarcia.deviantart.com/art/smile-for-the-camera-42854459</link>
            <guid isPermaLink="true">https://briannacherrygarcia.deviantart.com/art/smile-for-the-camera-42854459</guid>
            <pubDate>Sat, 11 Nov 2006 00:38:15 PST</pubDate>
            <media:title type="plain">smile for the camera</media:title>
            <media:keywords></media:keywords>
            <media:rating>nonadult</media:rating>
            <media:category label="Movies &amp; TV">fanart/digital/painting/movies</media:category>
            <media:credit role="author" scheme="urn:ebu">briannacherrygarcia</media:credit>
            <media:credit role="author" scheme="urn:ebu">https://a.deviantart.net/avatars/b/r/briannacherrygarcia.png</media:credit>
            <media:copyright url="https://briannacherrygarcia.deviantart.com">Copyright 2006-2019 briannacherrygarcia</media:copyright>            <media:description type="html">SPARKLY PINK BACKGROUND OF DOOOOOOOOM! I got tired of seeing all the D*sney princesses in the same old boring &lt;i&gt;princess-y&lt;/i&gt; poses. &lt;img src=&quot;http://e.deviantart.net/emoticons/x/xd.gif&quot; width=&quot;15&quot; height=&quot;15&quot; alt=&quot;:XD:&quot; data-embed-type=&quot;emoticon&quot; data-embed-id=&quot;93&quot; title=&quot;XD&quot;/&gt; Sometimes they just need to let loose and go crazy.&lt;br /&gt;&lt;br /&gt;This was inspired by &lt;span class=&quot;username-with-symbol u&quot;&gt;&lt;a class=&quot;u premium username&quot; href=&quot;http://anime-ray.deviantart.com&quot; &gt;Anime-Ray&lt;/a&gt;&lt;span class=&quot;user-symbol premium&quot; data-quicktip-text=&quot;Premium Member&quot; data-show-tooltip=&quot;1&quot; data-gruser-type=&quot;premium&quot;&gt;&lt;/span&gt;&lt;/span&gt;&#039;s piece found here &lt;a href=&quot;http://www.deviantart.com/deviation/40946667/&quot;&gt;www.deviantart.com/deviation/4&amp;hellip;&lt;/a&gt; . I saw his picture and was inspired to do my own. &lt;img src=&quot;http://e.deviantart.net/emoticons/b/biggrin.gif&quot; width=&quot;15&quot; height=&quot;15&quot; alt=&quot;:D&quot; data-embed-type=&quot;emoticon&quot; data-embed-id=&quot;366&quot; title=&quot;:D (Big Grin)&quot;/&gt;&lt;br /&gt;&lt;br /&gt;Photoshop CS2</media:description>            <media:thumbnail url="https://t00.deviantart.net/MtqC4niR75RvmdpdE6g2Fe2e6oI=/fit-in/150x150/filters:no_upscale():origin()/pre00/c42d/th/pre/f/2011/288/4/9/smile_for_the_camera_by_bri_chan-dpiipn.jpg" height="133" width="150"/>            <media:thumbnail url="https://t00.deviantart.net/po6Xod48Bu794rt2NrA06Zwq_WQ=/fit-in/300x900/filters:no_upscale():origin()/pre00/c42d/th/pre/f/2011/288/4/9/smile_for_the_camera_by_bri_chan-dpiipn.jpg" height="265" width="300"/>            <media:thumbnail url="https://t00.deviantart.net/Vwz-vInAycknHgoUxcct-l2HM-M=/300x200/filters:fixed_height(100,100):origin()/pre00/c42d/th/pre/f/2011/288/4/9/smile_for_the_camera_by_bri_chan-dpiipn.jpg" height="200" width="226"/>            <media:content url="https://orig00.deviantart.net/93c8/f/2011/288/4/9/smile_for_the_camera_by_bri_chan-dpiipn.jpg" height="796" width="900" medium="image"/>
            <description>SPARKLY PINK BACKGROUND OF DOOOOOOOOM! I got tired of seeing all the D*sney princesses in the same old boring &lt;i&gt;princess-y&lt;/i&gt; poses. &lt;img src=&quot;http://e.deviantart.net/emoticons/x/xd.gif&quot; width=&quot;15&quot; height=&quot;15&quot; alt=&quot;:XD:&quot; data-embed-type=&quot;emoticon&quot; data-embed-id=&quot;93&quot; title=&quot;XD&quot;/&gt; Sometimes they just need to let loose and go crazy.&lt;br /&gt;&lt;br /&gt;This was inspired by &lt;span class=&quot;username-with-symbol u&quot;&gt;&lt;a class=&quot;u premium username&quot; href=&quot;http://anime-ray.deviantart.com&quot; &gt;Anime-Ray&lt;/a&gt;&lt;span class=&quot;user-symbol premium&quot; data-quicktip-text=&quot;Premium Member&quot; data-show-tooltip=&quot;1&quot; data-gruser-type=&quot;premium&quot;&gt;&lt;/span&gt;&lt;/span&gt;&#039;s piece found here &lt;a href=&quot;http://www.deviantart.com/deviation/40946667/&quot;&gt;www.deviantart.com/deviation/4&amp;hellip;&lt;/a&gt; . I saw his picture and was inspired to do my own. &lt;img src=&quot;http://e.deviantart.net/emoticons/b/biggrin.gif&quot; width=&quot;15&quot; height=&quot;15&quot; alt=&quot;:D&quot; data-embed-type=&quot;emoticon&quot; data-embed-id=&quot;366&quot; title=&quot;:D (Big Grin)&quot;/&gt;&lt;br /&gt;&lt;br /&gt;Photoshop CS2&lt;br /&gt;&lt;div&gt;&lt;img src=&quot;https://t00.deviantart.net/Vwz-vInAycknHgoUxcct-l2HM-M=/300x200/filters:fixed_height(100,100):origin()/pre00/c42d/th/pre/f/2011/288/4/9/smile_for_the_camera_by_bri_chan-dpiipn.jpg&quot; alt=&quot;thumbnail&quot; /&gt;&lt;/div&gt;</description>            </item>
        <item>
            <title>Facial Reference: The Eyes</title>
            <link>https://cgcookie.deviantart.com/art/Facial-Reference-The-Eyes-327176361</link>
            <guid isPermaLink="true">https://cgcookie.deviantart.com/art/Facial-Reference-The-Eyes-327176361</guid>
            <pubDate>Fri, 14 Sep 2012 13:58:13 PDT</pubDate>
            <media:title type="plain">Facial Reference: The Eyes</media:title>
            <media:keywords></media:keywords>
            <media:rating>nonadult</media:rating>
            <media:category label="Photoshop">resources/tutorials/digiart/dpadigi/photoshop</media:category>
            <media:credit role="author" scheme="urn:ebu">CGCookie</media:credit>
            <media:credit role="author" scheme="urn:ebu">https://a.deviantart.net/avatars/c/g/cgcookie.png?5</media:credit>
            <media:copyright url="https://cgcookie.deviantart.com">Copyright 2012-2019 CGCookie</media:copyright>            <media:description type="html">&lt;h2&gt;Check out and Download the Eyes Reference&amp;nbsp;&lt;a class=&quot;external&quot; href=&quot;http://www.deviantart.com/users/outgoing?https://cgcookie.com/resource/the-eye-reference/&quot;&gt;HERE&lt;/a&gt;&lt;/h2&gt;Artist:&amp;nbsp;&lt;a href=&quot;http://tvonn9.deviantart.com/gallery/&quot;&gt;Tim Von Rueden (vonn)&lt;/a&gt;&lt;br /&gt;&lt;p&gt;This reference resource gives some tips and step by step visual guides on how to draw and shade the eyes.&lt;br /&gt;&lt;br /&gt;The other Cookie Facial Reference Tips:&lt;br /&gt;&lt;br /&gt;&lt;span class=&quot;shadow-holder&quot; data-embed-type=&quot;deviation&quot; data-embed-id=&quot;347944277&quot; data-embed-format=&quot;thumb&quot;&gt;&lt;span class=&quot;shadow mild&quot; &gt;&lt;a class=&quot;thumb&quot; href=&quot;http://cgcookie.deviantart.com/art/Facial-Reference-The-Lips-347944277&quot; title=&quot;Facial Reference: The Lips by CGCookie, Jan 11, 2013 in Designs &amp;amp; Interfaces &amp;gt; Game Development Art &amp;gt; Game Concepts &amp;amp; Illustrations &amp;gt; Characters, Animals &amp;amp; Monsters&quot;data-super-img=&quot;http://img14.deviantart.net/c55a/i/2016/014/9/4/facial_reference__the_lips_by_cgcookie-d5r5nit.jpg&quot; data-super-width=&quot;900&quot; data-super-height=&quot;825&quot; data-super-transparent=&quot;false&quot; data-super-alt=&quot;Facial Reference: The Lips by CGCookie&quot; data-super-full-img=&quot;http://img14.deviantart.net/c55a/i/2016/014/9/4/facial_reference__the_lips_by_cgcookie-d5r5nit.jpg&quot; data-super-full-width=&quot;900&quot; data-super-full-height=&quot;825&quot;        data-sigil=&quot;thumb&quot;&gt;
            &lt;i&gt;&lt;/i&gt;&lt;img   width=&quot;150&quot; height=&quot;138&quot; alt=&quot;Facial Reference: The Lips by CGCookie&quot; src=&quot;http://t01.deviantart.net/QIs5i_VVhc6ljzDzTKnXnSQNhvU=/fit-in/150x150/filters:no_upscale():origin()/pre12/095c/th/pre/i/2016/014/9/4/facial_reference__the_lips_by_cgcookie-d5r5nit.jpg&quot; data-src=&quot;http://t01.deviantart.net/QIs5i_VVhc6ljzDzTKnXnSQNhvU=/fit-in/150x150/filters:no_upscale():origin()/pre12/095c/th/pre/i/2016/014/9/4/facial_reference__the_lips_by_cgcookie-d5r5nit.jpg&quot; srcset=&quot;http://t01.deviantart.net/QIs5i_VVhc6ljzDzTKnXnSQNhvU=/fit-in/150x150/filters:no_upscale():origin()/pre12/095c/th/pre/i/2016/014/9/4/facial_reference__the_lips_by_cgcookie-d5r5nit.jpg 150w,http://t13.deviantart.net/Jn1BfRoISl6W7eM-GxRHmF9nYXk=/fit-in/700x350/filters:fixed_height(100,100):origin()/pre12/095c/th/pre/i/2016/014/9/4/facial_reference__the_lips_by_cgcookie-d5r5nit.jpg 382w,http://t14.deviantart.net/xhWG_vqi5De0fzL6yUsCVFdfMYg=/fit-in/800x400/filters:fixed_height(100,100):origin()/pre12/095c/th/pre/i/2016/014/9/4/facial_reference__the_lips_by_cgcookie-d5r5nit.jpg 436w,http://img14.deviantart.net/c55a/i/2016/014/9/4/facial_reference__the_lips_by_cgcookie-d5r5nit.jpg 900w&quot; sizes=&quot;150px&quot;&gt;&lt;/a&gt;&lt;/span&gt;&lt;!-- ^TTT --&gt;&lt;!-- TTT$ --&gt;&lt;/span&gt;&amp;nbsp;&amp;nbsp;&lt;span class=&quot;shadow-holder&quot; data-embed-type=&quot;deviation&quot; data-embed-id=&quot;355788582&quot; data-embed-format=&quot;thumb&quot;&gt;&lt;span class=&quot;shadow mild&quot; &gt;&lt;a class=&quot;thumb&quot; href=&quot;http://cgcookie.deviantart.com/art/Facial-Reference-The-Ears-355788582&quot; title=&quot;Facial Reference: The Ears by CGCookie, Feb 22, 2013 in Resources &amp;amp; Stock Images &amp;gt; Tutorials &amp;gt; Digital Art &amp;gt; Drawing &amp;amp; Painting &amp;gt; Photoshop&quot;data-super-img=&quot;http://img13.deviantart.net/d2ee/i/2016/014/6/9/facial_reference__the_ears_by_cgcookie-d5vts86.jpg&quot; data-super-width=&quot;800&quot; data-super-height=&quot;733&quot; data-super-transparent=&quot;false&quot; data-super-alt=&quot;Facial Reference: The Ears by CGCookie&quot; data-super-full-img=&quot;http://img13.deviantart.net/d2ee/i/2016/014/6/9/facial_reference__the_ears_by_cgcookie-d5vts86.jpg&quot; data-super-full-width=&quot;800&quot; data-super-full-height=&quot;733&quot;        data-sigil=&quot;thumb&quot;&gt;
            &lt;i&gt;&lt;/i&gt;&lt;img   width=&quot;150&quot; height=&quot;138&quot; alt=&quot;Facial Reference: The Ears by CGCookie&quot; src=&quot;http://t05.deviantart.net/UAeYfMw-XWjPyA4e_JVuIBIL5bU=/fit-in/150x150/filters:no_upscale():origin()/pre12/8e7a/th/pre/i/2016/014/6/9/facial_reference__the_ears_by_cgcookie-d5vts86.jpg&quot; data-src=&quot;http://t05.deviantart.net/UAeYfMw-XWjPyA4e_JVuIBIL5bU=/fit-in/150x150/filters:no_upscale():origin()/pre12/8e7a/th/pre/i/2016/014/6/9/facial_reference__the_ears_by_cgcookie-d5vts86.jpg&quot; srcset=&quot;http://t05.deviantart.net/UAeYfMw-XWjPyA4e_JVuIBIL5bU=/fit-in/150x150/filters:no_upscale():origin()/pre12/8e7a/th/pre/i/2016/014/6/9/facial_reference__the_ears_by_cgcookie-d5vts86.jpg 150w,http://t09.deviantart.net/rMe2vpOj2NYpD6RtO4u2zar084Q=/fit-in/700x350/filters:fixed_height(100,100):origin()/pre12/8e7a/th/pre/i/2016/014/6/9/facial_reference__the_ears_by_cgcookie-d5vts86.jpg 382w,http://t10.deviantart.net/4y2mUWvdsYvhb38vtA_sVrIYv5w=/fit-in/800x400/filters:fixed_height(100,100):origin()/pre12/8e7a/th/pre/i/2016/014/6/9/facial_reference__the_ears_by_cgcookie-d5vts86.jpg 436w,http://img13.deviantart.net/d2ee/i/2016/014/6/9/facial_reference__the_ears_by_cgcookie-d5vts86.jpg 800w&quot; sizes=&quot;150px&quot;&gt;&lt;/a&gt;&lt;/span&gt;&lt;!-- ^TTT --&gt;&lt;!-- TTT$ --&gt;&lt;/span&gt;&amp;nbsp;&lt;span class=&quot;shadow-holder&quot; data-embed-type=&quot;deviation&quot; data-embed-id=&quot;342487080&quot; data-embed-format=&quot;thumb&quot;&gt;&lt;span class=&quot;shadow mild&quot; &gt;&lt;a class=&quot;thumb&quot; href=&quot;http://cgcookie.deviantart.com/art/Facial-Reference-The-Nose-342487080&quot; title=&quot;Facial Reference: The Nose by CGCookie, Dec 12, 2012 in Resources &amp;amp; Stock Images &amp;gt; Tutorials &amp;gt; Traditional Art &amp;gt; Drawing &amp;gt; Human Anatomy&quot;data-super-img=&quot;http://img02.deviantart.net/9420/i/2016/014/a/5/facial_reference__the_nose_by_cgcookie-d5nwoq0.jpg&quot; data-super-width=&quot;800&quot; data-super-height=&quot;733&quot; data-super-transparent=&quot;false&quot; data-super-alt=&quot;Facial Reference: The Nose by CGCookie&quot; data-super-full-img=&quot;http://img02.deviantart.net/9420/i/2016/014/a/5/facial_reference__the_nose_by_cgcookie-d5nwoq0.jpg&quot; data-super-full-width=&quot;800&quot; data-super-full-height=&quot;733&quot;        data-sigil=&quot;thumb&quot;&gt;
            &lt;i&gt;&lt;/i&gt;&lt;img   width=&quot;150&quot; height=&quot;138&quot; alt=&quot;Facial Reference: The Nose by CGCookie&quot; src=&quot;http://t07.deviantart.net/5kPW60I4WrSGNZNONADcAIZBJRU=/fit-in/150x150/filters:no_upscale():origin()/pre02/79b0/th/pre/i/2016/014/a/5/facial_reference__the_nose_by_cgcookie-d5nwoq0.jpg&quot; data-src=&quot;http://t07.deviantart.net/5kPW60I4WrSGNZNONADcAIZBJRU=/fit-in/150x150/filters:no_upscale():origin()/pre02/79b0/th/pre/i/2016/014/a/5/facial_reference__the_nose_by_cgcookie-d5nwoq0.jpg&quot; srcset=&quot;http://t07.deviantart.net/5kPW60I4WrSGNZNONADcAIZBJRU=/fit-in/150x150/filters:no_upscale():origin()/pre02/79b0/th/pre/i/2016/014/a/5/facial_reference__the_nose_by_cgcookie-d5nwoq0.jpg 150w,http://t11.deviantart.net/iEtVf-kSreGNJHIrzwUFUZ6EaHo=/fit-in/700x350/filters:fixed_height(100,100):origin()/pre02/79b0/th/pre/i/2016/014/a/5/facial_reference__the_nose_by_cgcookie-d5nwoq0.jpg 382w,http://t08.deviantart.net/DUMxykDk01Y_mBkH9m-JVf9Z7PA=/fit-in/800x400/filters:fixed_height(100,100):origin()/pre02/79b0/th/pre/i/2016/014/a/5/facial_reference__the_nose_by_cgcookie-d5nwoq0.jpg 436w,http://img02.deviantart.net/9420/i/2016/014/a/5/facial_reference__the_nose_by_cgcookie-d5nwoq0.jpg 800w&quot; sizes=&quot;150px&quot;&gt;&lt;/a&gt;&lt;/span&gt;&lt;!-- ^TTT --&gt;&lt;!-- TTT$ --&gt;&lt;/span&gt;&amp;nbsp;&lt;span class=&quot;shadow-holder&quot; data-embed-type=&quot;deviation&quot; data-embed-id=&quot;327176361&quot; data-embed-format=&quot;thumb&quot;&gt;&lt;span class=&quot;shadow mild&quot; &gt;&lt;a class=&quot;thumb&quot; href=&quot;http://cgcookie.deviantart.com/art/Facial-Reference-The-Eyes-327176361&quot; title=&quot;Facial Reference: The Eyes by CGCookie, Sep 14, 2012 in Resources &amp;amp; Stock Images &amp;gt; Tutorials &amp;gt; Other&quot;data-super-img=&quot;http://pre13.deviantart.net/c289/th/pre/f/2016/014/d/b/facial_reference__the_eyes_by_cgcookie-d5esiw9.jpg&quot; data-super-width=&quot;934&quot; data-super-height=&quot;856&quot; data-super-transparent=&quot;false&quot; data-super-alt=&quot;Facial Reference: The Eyes by CGCookie&quot; data-super-full-img=&quot;http://orig12.deviantart.net/4724/f/2016/014/d/b/facial_reference__the_eyes_by_cgcookie-d5esiw9.jpg&quot; data-super-full-width=&quot;3600&quot; data-super-full-height=&quot;3300&quot;        data-sigil=&quot;thumb&quot;&gt;
            &lt;i&gt;&lt;/i&gt;&lt;img   width=&quot;150&quot; height=&quot;138&quot; alt=&quot;Facial Reference: The Eyes by CGCookie&quot; src=&quot;http://t01.deviantart.net/QNrywxxAVKwJ9RqA1pqUWPMGhrI=/fit-in/150x150/filters:no_upscale():origin()/pre13/c289/th/pre/f/2016/014/d/b/facial_reference__the_eyes_by_cgcookie-d5esiw9.jpg&quot; data-src=&quot;http://t01.deviantart.net/QNrywxxAVKwJ9RqA1pqUWPMGhrI=/fit-in/150x150/filters:no_upscale():origin()/pre13/c289/th/pre/f/2016/014/d/b/facial_reference__the_eyes_by_cgcookie-d5esiw9.jpg&quot; srcset=&quot;http://t01.deviantart.net/QNrywxxAVKwJ9RqA1pqUWPMGhrI=/fit-in/150x150/filters:no_upscale():origin()/pre13/c289/th/pre/f/2016/014/d/b/facial_reference__the_eyes_by_cgcookie-d5esiw9.jpg 150w,http://t13.deviantart.net/Fppysbu0STSyjHIFMOdW6D-d3-Y=/fit-in/700x350/filters:fixed_height(100,100):origin()/pre13/c289/th/pre/f/2016/014/d/b/facial_reference__the_eyes_by_cgcookie-d5esiw9.jpg 382w,http://t14.deviantart.net/gDlX9HLh-dpOQHYAS-dlNo0FJD8=/fit-in/800x400/filters:fixed_height(100,100):origin()/pre13/c289/th/pre/f/2016/014/d/b/facial_reference__the_eyes_by_cgcookie-d5esiw9.jpg 436w,http://pre13.deviantart.net/c289/th/pre/f/2016/014/d/b/facial_reference__the_eyes_by_cgcookie-d5esiw9.jpg 934w&quot; sizes=&quot;150px&quot;&gt;&lt;/a&gt;&lt;/span&gt;&lt;!-- ^TTT --&gt;&lt;!-- TTT$ --&gt;&lt;/span&gt;&amp;nbsp;&lt;br /&gt;&lt;/p&gt;</media:description>            <media:thumbnail url="https://t00.deviantart.net/rHFhAG6jLBydmYi7KdY3RhwtYUs=/fit-in/150x150/filters:no_upscale():origin()/pre00/c289/th/pre/f/2016/014/d/b/facial_reference__the_eyes_by_cgcookie-d5esiw9.jpg" height="138" width="150"/>            <media:thumbnail url="https://t00.deviantart.net/Txu_AUF3jzxAPfS6sH1t5xlqGLM=/fit-in/300x900/filters:no_upscale():origin()/pre00/c289/th/pre/f/2016/014/d/b/facial_reference__the_eyes_by_cgcookie-d5esiw9.jpg" height="275" width="300"/>            <media:thumbnail url="https://t00.deviantart.net/s1adjRUEW3BjUdy6VRTEbt9xktU=/300x200/filters:fixed_height(100,100):origin()/pre00/c289/th/pre/f/2016/014/d/b/facial_reference__the_eyes_by_cgcookie-d5esiw9.jpg" height="200" width="218"/>            <media:content url="https://pre00.deviantart.net/c289/th/pre/f/2016/014/d/b/facial_reference__the_eyes_by_cgcookie-d5esiw9.jpg" height="856" width="934" medium="image"/>
            <description>&lt;h2&gt;Check out and Download the Eyes Reference&amp;nbsp;&lt;a class=&quot;external&quot; href=&quot;http://www.deviantart.com/users/outgoing?https://cgcookie.com/resource/the-eye-reference/&quot;&gt;HERE&lt;/a&gt;&lt;/h2&gt;Artist:&amp;nbsp;&lt;a href=&quot;http://tvonn9.deviantart.com/gallery/&quot;&gt;Tim Von Rueden (vonn)&lt;/a&gt;&lt;br /&gt;&lt;p&gt;This reference resource gives some tips and step by step visual guides on how to draw and shade the eyes.&lt;br /&gt;&lt;br /&gt;The other Cookie Facial Reference Tips:&lt;br /&gt;&lt;br /&gt;&lt;span class=&quot;shadow-holder&quot; data-embed-type=&quot;deviation&quot; data-embed-id=&quot;347944277&quot; data-embed-format=&quot;thumb&quot;&gt;&lt;span class=&quot;shadow mild&quot; &gt;&lt;a class=&quot;thumb&quot; href=&quot;http://cgcookie.deviantart.com/art/Facial-Reference-The-Lips-347944277&quot; title=&quot;Facial Reference: The Lips by CGCookie, Jan 11, 2013 in Designs &amp;amp; Interfaces &amp;gt; Game Development Art &amp;gt; Game Concepts &amp;amp; Illustrations &amp;gt; Characters, Animals &amp;amp; Monsters&quot;data-super-img=&quot;http://img14.deviantart.net/c55a/i/2016/014/9/4/facial_reference__the_lips_by_cgcookie-d5r5nit.jpg&quot; data-super-width=&quot;900&quot; data-super-height=&quot;825&quot; data-super-transparent=&quot;false&quot; data-super-alt=&quot;Facial Reference: The Lips by CGCookie&quot; data-super-full-img=&quot;http://img14.deviantart.net/c55a/i/2016/014/9/4/facial_reference__the_lips_by_cgcookie-d5r5nit.jpg&quot; data-super-full-width=&quot;900&quot; data-super-full-height=&quot;825&quot;        data-sigil=&quot;thumb&quot;&gt;
                &lt;i&gt;&lt;/i&gt;&lt;img   width=&quot;150&quot; height=&quot;138&quot; alt=&quot;Facial Reference: The Lips by CGCookie&quot; src=&quot;http://t01.deviantart.net/QIs5i_VVhc6ljzDzTKnXnSQNhvU=/fit-in/150x150/filters:no_upscale():origin()/pre12/095c/th/pre/i/2016/014/9/4/facial_reference__the_lips_by_cgcookie-d5r5nit.jpg&quot; data-src=&quot;http://t01.deviantart.net/QIs5i_VVhc6ljzDzTKnXnSQNhvU=/fit-in/150x150/filters:no_upscale():origin()/pre12/095c/th/pre/i/2016/014/9/4/facial_reference__the_lips_by_cgcookie-d5r5nit.jpg&quot; srcset=&quot;http://t01.deviantart.net/QIs5i_VVhc6ljzDzTKnXnSQNhvU=/fit-in/150x150/filters:no_upscale():origin()/pre12/095c/th/pre/i/2016/014/9/4/facial_reference__the_lips_by_cgcookie-d5r5nit.jpg 150w,http://t13.deviantart.net/Jn1BfRoISl6W7eM-GxRHmF9nYXk=/fit-in/700x350/filters:fixed_height(100,100):origin()/pre12/095c/th/pre/i/2016/014/9/4/facial_reference__the_lips_by_cgcookie-d5r5nit.jpg 382w,http://t14.deviantart.net/xhWG_vqi5De0fzL6yUsCVFdfMYg=/fit-in/800x400/filters:fixed_height(100,100):origin()/pre12/095c/th/pre/i/2016/014/9/4/facial_reference__the_lips_by_cgcookie-d5r5nit.jpg 436w,http://img14.deviantart.net/c55a/i/2016/014/9/4/facial_reference__the_lips_by_cgcookie-d5r5nit.jpg 900w&quot; sizes=&quot;150px&quot;&gt;&lt;/a&gt;&lt;/span&gt;&lt;!-- ^TTT --&gt;&lt;!-- TTT$ --&gt;&lt;/span&gt;&amp;nbsp;&amp;nbsp;&lt;span class=&quot;shadow-holder&quot; data-embed-type=&quot;deviation&quot; data-embed-id=&quot;355788582&quot; data-embed-format=&quot;thumb&quot;&gt;&lt;span class=&quot;shadow mild&quot; &gt;&lt;a class=&quot;thumb&quot; href=&quot;http://cgcookie.deviantart.com/art/Facial-Reference-The-Ears-355788582&quot; title=&quot;Facial Reference: The Ears by CGCookie, Feb 22, 2013 in Resources &amp;amp; Stock Images &amp;gt; Tutorials &amp;gt; Digital Art &amp;gt; Drawing &amp;amp; Painting &amp;gt; Photoshop&quot;data-super-img=&quot;http://img13.deviantart.net/d2ee/i/2016/014/6/9/facial_reference__the_ears_by_cgcookie-d5vts86.jpg&quot; data-super-width=&quot;800&quot; data-super-height=&quot;733&quot; data-super-transparent=&quot;false&quot; data-super-alt=&quot;Facial Reference: The Ears by CGCookie&quot; data-super-full-img=&quot;http://img13.deviantart.net/d2ee/i/2016/014/6/9/facial_reference__the_ears_by_cgcookie-d5vts86.jpg&quot; data-super-full-width=&quot;800&quot; data-super-full-height=&quot;733&quot;        data-sigil=&quot;thumb&quot;&gt;
                &lt;i&gt;&lt;/i&gt;&lt;img   width=&quot;150&quot; height=&quot;138&quot; alt=&quot;Facial Reference: The Ears by CGCookie&quot; src=&quot;http://t05.deviantart.net/UAeYfMw-XWjPyA4e_JVuIBIL5bU=/fit-in/150x150/filters:no_upscale():origin()/pre12/8e7a/th/pre/i/2016/014/6/9/facial_reference__the_ears_by_cgcookie-d5vts86.jpg&quot; data-src=&quot;http://t05.deviantart.net/UAeYfMw-XWjPyA4e_JVuIBIL5bU=/fit-in/150x150/filters:no_upscale():origin()/pre12/8e7a/th/pre/i/2016/014/6/9/facial_reference__the_ears_by_cgcookie-d5vts86.jpg&quot; srcset=&quot;http://t05.deviantart.net/UAeYfMw-XWjPyA4e_JVuIBIL5bU=/fit-in/150x150/filters:no_upscale():origin()/pre12/8e7a/th/pre/i/2016/014/6/9/facial_reference__the_ears_by_cgcookie-d5vts86.jpg 150w,http://t09.deviantart.net/rMe2vpOj2NYpD6RtO4u2zar084Q=/fit-in/700x350/filters:fixed_height(100,100):origin()/pre12/8e7a/th/pre/i/2016/014/6/9/facial_reference__the_ears_by_cgcookie-d5vts86.jpg 382w,http://t10.deviantart.net/4y2mUWvdsYvhb38vtA_sVrIYv5w=/fit-in/800x400/filters:fixed_height(100,100):origin()/pre12/8e7a/th/pre/i/2016/014/6/9/facial_reference__the_ears_by_cgcookie-d5vts86.jpg 436w,http://img13.deviantart.net/d2ee/i/2016/014/6/9/facial_reference__the_ears_by_cgcookie-d5vts86.jpg 800w&quot; sizes=&quot;150px&quot;&gt;&lt;/a&gt;&lt;/span&gt;&lt;!-- ^TTT --&gt;&lt;!-- TTT$ --&gt;&lt;/span&gt;&amp;nbsp;&lt;span class=&quot;shadow-holder&quot; data-embed-type=&quot;deviation&quot; data-embed-id=&quot;342487080&quot; data-embed-format=&quot;thumb&quot;&gt;&lt;span class=&quot;shadow mild&quot; &gt;&lt;a class=&quot;thumb&quot; href=&quot;http://cgcookie.deviantart.com/art/Facial-Reference-The-Nose-342487080&quot; title=&quot;Facial Reference: The Nose by CGCookie, Dec 12, 2012 in Resources &amp;amp; Stock Images &amp;gt; Tutorials &amp;gt; Traditional Art &amp;gt; Drawing &amp;gt; Human Anatomy&quot;data-super-img=&quot;http://img02.deviantart.net/9420/i/2016/014/a/5/facial_reference__the_nose_by_cgcookie-d5nwoq0.jpg&quot; data-super-width=&quot;800&quot; data-super-height=&quot;733&quot; data-super-transparent=&quot;false&quot; data-super-alt=&quot;Facial Reference: The Nose by CGCookie&quot; data-super-full-img=&quot;http://img02.deviantart.net/9420/i/2016/014/a/5/facial_reference__the_nose_by_cgcookie-d5nwoq0.jpg&quot; data-super-full-width=&quot;800&quot; data-super-full-height=&quot;733&quot;        data-sigil=&quot;thumb&quot;&gt;
                &lt;i&gt;&lt;/i&gt;&lt;img   width=&quot;150&quot; height=&quot;138&quot; alt=&quot;Facial Reference: The Nose by CGCookie&quot; src=&quot;http://t07.deviantart.net/5kPW60I4WrSGNZNONADcAIZBJRU=/fit-in/150x150/filters:no_upscale():origin()/pre02/79b0/th/pre/i/2016/014/a/5/facial_reference__the_nose_by_cgcookie-d5nwoq0.jpg&quot; data-src=&quot;http://t07.deviantart.net/5kPW60I4WrSGNZNONADcAIZBJRU=/fit-in/150x150/filters:no_upscale():origin()/pre02/79b0/th/pre/i/2016/014/a/5/facial_reference__the_nose_by_cgcookie-d5nwoq0.jpg&quot; srcset=&quot;http://t07.deviantart.net/5kPW60I4WrSGNZNONADcAIZBJRU=/fit-in/150x150/filters:no_upscale():origin()/pre02/79b0/th/pre/i/2016/014/a/5/facial_reference__the_nose_by_cgcookie-d5nwoq0.jpg 150w,http://t11.deviantart.net/iEtVf-kSreGNJHIrzwUFUZ6EaHo=/fit-in/700x350/filters:fixed_height(100,100):origin()/pre02/79b0/th/pre/i/2016/014/a/5/facial_reference__the_nose_by_cgcookie-d5nwoq0.jpg 382w,http://t08.deviantart.net/DUMxykDk01Y_mBkH9m-JVf9Z7PA=/fit-in/800x400/filters:fixed_height(100,100):origin()/pre02/79b0/th/pre/i/2016/014/a/5/facial_reference__the_nose_by_cgcookie-d5nwoq0.jpg 436w,http://img02.deviantart.net/9420/i/2016/014/a/5/facial_reference__the_nose_by_cgcookie-d5nwoq0.jpg 800w&quot; sizes=&quot;150px&quot;&gt;&lt;/a&gt;&lt;/span&gt;&lt;!-- ^TTT --&gt;&lt;!-- TTT$ --&gt;&lt;/span&gt;&amp;nbsp;&lt;span class=&quot;shadow-holder&quot; data-embed-type=&quot;deviation&quot; data-embed-id=&quot;327176361&quot; data-embed-format=&quot;thumb&quot;&gt;&lt;span class=&quot;shadow mild&quot; &gt;&lt;a class=&quot;thumb&quot; href=&quot;http://cgcookie.deviantart.com/art/Facial-Reference-The-Eyes-327176361&quot; title=&quot;Facial Reference: The Eyes by CGCookie, Sep 14, 2012 in Resources &amp;amp; Stock Images &amp;gt; Tutorials &amp;gt; Other&quot;data-super-img=&quot;http://pre13.deviantart.net/c289/th/pre/f/2016/014/d/b/facial_reference__the_eyes_by_cgcookie-d5esiw9.jpg&quot; data-super-width=&quot;934&quot; data-super-height=&quot;856&quot; data-super-transparent=&quot;false&quot; data-super-alt=&quot;Facial Reference: The Eyes by CGCookie&quot; data-super-full-img=&quot;http://orig12.deviantart.net/4724/f/2016/014/d/b/facial_reference__the_eyes_by_cgcookie-d5esiw9.jpg&quot; data-super-full-width=&quot;3600&quot; data-super-full-height=&quot;3300&quot;        data-sigil=&quot;thumb&quot;&gt;
                &lt;i&gt;&lt;/i&gt;&lt;img   width=&quot;150&quot; height=&quot;138&quot; alt=&quot;Facial Reference: The Eyes by CGCookie&quot; src=&quot;http://t01.deviantart.net/QNrywxxAVKwJ9RqA1pqUWPMGhrI=/fit-in/150x150/filters:no_upscale():origin()/pre13/c289/th/pre/f/2016/014/d/b/facial_reference__the_eyes_by_cgcookie-d5esiw9.jpg&quot; data-src=&quot;http://t01.deviantart.net/QNrywxxAVKwJ9RqA1pqUWPMGhrI=/fit-in/150x150/filters:no_upscale():origin()/pre13/c289/th/pre/f/2016/014/d/b/facial_reference__the_eyes_by_cgcookie-d5esiw9.jpg&quot; srcset=&quot;http://t01.deviantart.net/QNrywxxAVKwJ9RqA1pqUWPMGhrI=/fit-in/150x150/filters:no_upscale():origin()/pre13/c289/th/pre/f/2016/014/d/b/facial_reference__the_eyes_by_cgcookie-d5esiw9.jpg 150w,http://t13.deviantart.net/Fppysbu0STSyjHIFMOdW6D-d3-Y=/fit-in/700x350/filters:fixed_height(100,100):origin()/pre13/c289/th/pre/f/2016/014/d/b/facial_reference__the_eyes_by_cgcookie-d5esiw9.jpg 382w,http://t14.deviantart.net/gDlX9HLh-dpOQHYAS-dlNo0FJD8=/fit-in/800x400/filters:fixed_height(100,100):origin()/pre13/c289/th/pre/f/2016/014/d/b/facial_reference__the_eyes_by_cgcookie-d5esiw9.jpg 436w,http://pre13.deviantart.net/c289/th/pre/f/2016/014/d/b/facial_reference__the_eyes_by_cgcookie-d5esiw9.jpg 934w&quot; sizes=&quot;150px&quot;&gt;&lt;/a&gt;&lt;/span&gt;&lt;!-- ^TTT --&gt;&lt;!-- TTT$ --&gt;&lt;/span&gt;&amp;nbsp;&lt;br /&gt;&lt;/p&gt;&lt;br /&gt;&lt;div&gt;&lt;img src=&quot;https://t00.deviantart.net/s1adjRUEW3BjUdy6VRTEbt9xktU=/300x200/filters:fixed_height(100,100):origin()/pre00/c289/th/pre/f/2016/014/d/b/facial_reference__the_eyes_by_cgcookie-d5esiw9.jpg&quot; alt=&quot;thumbnail&quot; /&gt;&lt;/div&gt;</description>            </item>
        <item>
            <title>-Eevee-</title>
            <link>https://arvalis.deviantart.com/art/Eevee-340935802</link>
            <guid isPermaLink="true">https://arvalis.deviantart.com/art/Eevee-340935802</guid>
            <pubDate>Sun, 02 Dec 2012 17:46:13 PST</pubDate>
            <media:title type="plain">-Eevee-</media:title>
            <media:keywords></media:keywords>
            <media:rating>nonadult</media:rating>
            <media:category label="Games">fanart/digital/painting/games</media:category>
            <media:credit role="author" scheme="urn:ebu">arvalis</media:credit>
            <media:credit role="author" scheme="urn:ebu">https://a.deviantart.net/avatars/a/r/arvalis.png?10</media:credit>
            <media:copyright url="https://arvalis.deviantart.com">Copyright 2012-2019 arvalis</media:copyright>
            <media:community>
                <media:tags>@arvalis</media:tags>
            </media:community>             <creativeCommons:license>http://creativecommons.org/licenses/by-nc-nd/3.0/</creativeCommons:license>
            <media:description type="html">&lt;div align=&quot;center&quot;&gt;&lt;b&gt;&lt;acronym title=&quot;there be prints&quot;&gt;&lt;strong&gt;| &lt;a class=&quot;external&quot; href=&quot;http://www.deviantart.com/users/outgoing?http://www.patreon.com/arvalis&quot;&gt;PATREON&lt;/a&gt; | &lt;a class=&quot;external&quot; href=&quot;http://www.deviantart.com/users/outgoing?http://grimchild.tumblr.com/&quot;&gt;TUMBLR&lt;/a&gt; | &lt;a class=&quot;external&quot; href=&quot;http://www.deviantart.com/users/outgoing?https://twitter.com/arvalis&quot;&gt;TWITTER&lt;/a&gt; | &lt;a class=&quot;external&quot; href=&quot;http://www.deviantart.com/users/outgoing?https://www.facebook.com/rjpalmer.artist&quot;&gt;FACEBOOK&lt;/a&gt; |&lt;/strong&gt;&lt;/acronym&gt;&lt;/b&gt;&lt;br /&gt;&lt;b&gt;&lt;acronym title=&quot;there be prints&quot;&gt;&lt;strong&gt;&lt;/strong&gt;&lt;/acronym&gt;&lt;/b&gt;&lt;/div&gt;&lt;b&gt;&lt;acronym title=&quot;there be prints&quot;&gt;&lt;strong&gt;&lt;br /&gt;&lt;/strong&gt;&lt;a class=&quot;external&quot; href=&quot;http://www.deviantart.com/users/outgoing?http://www.redbubble.com/people/arvalis/portfolio&quot;&gt;PRINT STORE-BUY THIS THERE&lt;/a&gt;&lt;/acronym&gt;&lt;/b&gt;&lt;br /&gt;&lt;br /&gt;Boy this one took forever to get done, it has 8 equally important Pokemon, what a hassle. It was done as a commission for a private client. You can watch almost the entire process over at &lt;a class=&quot;external&quot; href=&quot;http://www.deviantart.com/users/outgoing?http://www.livestream.com/arvalis&quot;&gt;My Livestream Channel&lt;/a&gt;. Now for the flavor text.&lt;br /&gt;&lt;br /&gt;Eevees are one of the most unique Pokemon, possessing extreme adaptability. When left in the wild, their surroundings shape their physical form. They are capable of extreme growth in a matter of a few years with radical shifts in their anatomy. When under tutelage of a trainer, Eevee can remain unchanged if kept in a stable environment.&lt;br /&gt;&lt;br /&gt;Vaporeon is the result of an Eevee living near a coastline. Trainers can replicate this effect by keeping mined ocean side ore, known colloquially as water stones, around the Eevee while it is trained. Vaporeon are particularly sturdy, capable of living for up to 130 years in one case. &lt;br /&gt;&lt;br /&gt;Jolteon is one of the fastest Pokemon one can encounter. They can reach speeds of nearly 80mph(130km/h). Jolteon is excessively dangerous as it is covered in sharp quills in which it is capable of ejecting from its hindquarter at attackers. Jolteon occurs when an Eevee is repeatedly exposed to low levels of electricity, trainers can purchase an electrically charged dense piece of ore and keep in the presence of their Eevee. There have been legends however of Eevee being struck by lightning and evolving on the spot, though the scientific community completely dismisses this.&lt;br /&gt;&lt;br /&gt;Flareon are seen as the natural progression of Eevee as they bear the most similarity to them. Flareon occur in the wild when living near volcanic soil and in some cases, hot geysers. Trainers can keep chunk of condensed volcanic ash around their Eevee to encourage Flareon development. Their dense fur acts as a dense barrier against extreme heat, contrary to the popular belief that it would overheat them. Flareon are particularly fond of ground dwelling grass Pokemon, often seen digging up Oddishes and playing with them before they eat them.&lt;br /&gt;&lt;br /&gt;Espeon rarely if ever occur in the wild. They are the result of an Eevee being kept in a warm climate or home and being treated exceptionally well. A developing Espeon will require much sunlight as vitamin D is required to aid in the development of a larger brain pan. It can be very unsettling when a trainer&#039;s Eevee starts to rapidly lose its coat, but this is normal and should be looked at as a healthy sign of development. Espeon are the noted for their extreme intelligence and surprising speed.&lt;br /&gt;&lt;br /&gt;Umbreon are the only member of the Eevee family that is exclusively nocturnal. They are very cautious animals and move very slowly. They are very tough and can fight consistently for hours and take little wear and tear. &lt;br /&gt;&lt;br /&gt;Leafeon are nimble forest dwellers. They grow a high density of moss in their fur giving them the appearance of being green. It is the only herbivorous member of the Eevee family, feeding heavily on low lying plants and tree sap. Thanks in part to the sap diet, their saliva is very sticky. When they groom themselves, they often get all manner of plant life and fallen leaves stuck to them. They are also unique in that the paw of an Eevee becomes more hoof-like which lends itself the forest life they lead. They are often the only seen member of the Eevee species in temperate rain forests.&lt;br /&gt;&lt;br /&gt;Glaceon is dumb.&lt;br /&gt;&lt;br /&gt;&lt;br /&gt;&lt;b&gt;Other Realistic Pokemon&lt;/b&gt;&lt;br /&gt;&lt;span class=&quot;shadow-holder&quot; data-embed-type=&quot;deviation&quot; data-embed-id=&quot;334476729&quot; data-embed-format=&quot;thumb&quot;&gt;&lt;span class=&quot;shadow mild&quot; &gt;&lt;a class=&quot;thumb&quot; href=&quot;http://arvalis.deviantart.com/art/Gengar-334476729&quot; title=&quot;-Gengar- by arvalis, Oct 26, 2012 in Fan Art &amp;gt; Digital Art &amp;gt; Painting &amp;amp; Airbrushing &amp;gt; Games&quot; data-super-img=&quot;http://th09.deviantart.net/fs70/PRE/f/2012/300/8/b/_gengar__by_arvalis-d5j4zw9.jpg&quot; data-super-width=&quot;1152&quot; data-super-height=&quot;694&quot; data-super-transparent=&quot;false&quot; data-super-full-img=&quot;http://fc09.deviantart.net/fs70/f/2012/300/8/b/_gengar__by_arvalis-d5j4zw9.jpg&quot; data-super-full-width=&quot;6000&quot; data-super-full-height=&quot;3614&quot;&gt;&lt;i&gt;&lt;/i&gt;&lt;img   width=&quot;150&quot; height=&quot;90&quot; alt=&quot;-Gengar- by arvalis&quot; src=&quot;http://th04.deviantart.net/fs70/150/f/2012/300/8/b/_gengar__by_arvalis-d5j4zw9.jpg&quot; data-src=&quot;http://th04.deviantart.net/fs70/150/f/2012/300/8/b/_gengar__by_arvalis-d5j4zw9.jpg&quot;&gt;&lt;/a&gt;&lt;/span&gt;&lt;!-- ^TTT --&gt;&lt;!-- TTT$ --&gt;&lt;/span&gt; &lt;span class=&quot;shadow-holder&quot; data-embed-type=&quot;deviation&quot; data-embed-id=&quot;333735717&quot; data-embed-format=&quot;thumb&quot;&gt;&lt;span class=&quot;shadow mild&quot; &gt;&lt;a class=&quot;thumb&quot; href=&quot;http://arvalis.deviantart.com/art/Mewtwo-333735717&quot; title=&quot;-Mewtwo- by arvalis, Oct 22, 2012 in Fan Art &amp;gt; Digital Art &amp;gt; Painting &amp;amp; Airbrushing &amp;gt; Games&quot; data-super-img=&quot;http://th09.deviantart.net/fs71/PRE/f/2012/296/2/a/_mewtwo__by_arvalis-d5ip44l.jpg&quot; data-super-width=&quot;927&quot; data-super-height=&quot;862&quot; data-super-transparent=&quot;false&quot; data-super-full-img=&quot;http://fc05.deviantart.net/fs71/f/2012/296/2/a/_mewtwo__by_arvalis-d5ip44l.jpg&quot; data-super-full-width=&quot;4437&quot; data-super-full-height=&quot;4128&quot;&gt;&lt;i&gt;&lt;/i&gt;&lt;img   width=&quot;150&quot; height=&quot;140&quot; alt=&quot;-Mewtwo- by arvalis&quot; src=&quot;http://th00.deviantart.net/fs71/150/f/2012/296/2/a/_mewtwo__by_arvalis-d5ip44l.jpg&quot; data-src=&quot;http://th00.deviantart.net/fs71/150/f/2012/296/2/a/_mewtwo__by_arvalis-d5ip44l.jpg&quot;&gt;&lt;/a&gt;&lt;/span&gt;&lt;!-- ^TTT --&gt;&lt;!-- TTT$ --&gt;&lt;/span&gt; &lt;span class=&quot;shadow-holder&quot; data-embed-type=&quot;deviation&quot; data-embed-id=&quot;332940295&quot; data-embed-format=&quot;thumb&quot;&gt;&lt;span class=&quot;shadow mild&quot; &gt;&lt;a class=&quot;thumb&quot; href=&quot;http://arvalis.deviantart.com/art/Blastoise-332940295&quot; title=&quot;-Blastoise- by arvalis, Oct 17, 2012 in Fan Art &amp;gt; Digital Art &amp;gt; Painting &amp;amp; Airbrushing &amp;gt; Games&quot; data-super-img=&quot;http://th06.deviantart.net/fs71/PRE/f/2012/291/d/0/_blastoise__by_arvalis-d5i82dj.jpg&quot; data-super-width=&quot;1021&quot; data-super-height=&quot;782&quot; data-super-transparent=&quot;false&quot; data-super-full-img=&quot;http://fc03.deviantart.net/fs71/f/2012/291/d/0/_blastoise__by_arvalis-d5i82dj.jpg&quot; data-super-full-width=&quot;5100&quot; data-super-full-height=&quot;3908&quot;&gt;&lt;i&gt;&lt;/i&gt;&lt;img   width=&quot;150&quot; height=&quot;115&quot; alt=&quot;-Blastoise- by arvalis&quot; src=&quot;http://th05.deviantart.net/fs71/150/f/2012/291/d/0/_blastoise__by_arvalis-d5i82dj.jpg&quot; data-src=&quot;http://th05.deviantart.net/fs71/150/f/2012/291/d/0/_blastoise__by_arvalis-d5i82dj.jpg&quot;&gt;&lt;/a&gt;&lt;/span&gt;&lt;!-- ^TTT --&gt;&lt;!-- TTT$ --&gt;&lt;/span&gt; &lt;span class=&quot;shadow-holder&quot; data-embed-type=&quot;deviation&quot; data-embed-id=&quot;332237244&quot; data-embed-format=&quot;thumb&quot;&gt;&lt;span class=&quot;shadow mild&quot; &gt;&lt;a class=&quot;thumb&quot; href=&quot;http://arvalis.deviantart.com/art/Bulbasaur-332237244&quot; title=&quot;-Bulbasaur- by arvalis, Oct 13, 2012 in Fan Art &amp;gt; Digital Art &amp;gt; Painting &amp;amp; Airbrushing &amp;gt; Games&quot; data-super-img=&quot;http://th03.deviantart.net/fs71/PRE/f/2012/287/5/4/_bulbasaur__by_arvalis-d5hszwc.jpg&quot; data-super-width=&quot;1049&quot; data-super-height=&quot;762&quot; data-super-transparent=&quot;false&quot; data-super-full-img=&quot;http://fc02.deviantart.net/fs71/f/2012/287/5/4/_bulbasaur__by_arvalis-d5hszwc.jpg&quot; data-super-full-width=&quot;4991&quot; data-super-full-height=&quot;3627&quot;&gt;&lt;i&gt;&lt;/i&gt;&lt;img   width=&quot;150&quot; height=&quot;109&quot; alt=&quot;-Bulbasaur- by arvalis&quot; src=&quot;http://th04.deviantart.net/fs71/150/f/2012/287/5/4/_bulbasaur__by_arvalis-d5hszwc.jpg&quot; data-src=&quot;http://th04.deviantart.net/fs71/150/f/2012/287/5/4/_bulbasaur__by_arvalis-d5hszwc.jpg&quot;&gt;&lt;/a&gt;&lt;/span&gt;&lt;!-- ^TTT --&gt;&lt;!-- TTT$ --&gt;&lt;/span&gt; &lt;span class=&quot;shadow-holder&quot; data-embed-type=&quot;deviation&quot; data-embed-id=&quot;331684789&quot; data-embed-format=&quot;thumb&quot;&gt;&lt;span class=&quot;shadow mild&quot; &gt;&lt;a class=&quot;thumb&quot; href=&quot;http://arvalis.deviantart.com/art/Charizard-331684789&quot; title=&quot;-Charizard- by arvalis, Oct 10, 2012 in Fan Art &amp;gt; Digital Art &amp;gt; Drawings &amp;gt; Games&quot; data-super-img=&quot;http://th02.deviantart.net/fs70/PRE/f/2012/284/0/0/_charizard__by_arvalis-d5hh5md.jpg&quot; data-super-width=&quot;1169&quot; data-super-height=&quot;684&quot; data-super-transparent=&quot;false&quot; data-super-full-img=&quot;http://fc09.deviantart.net/fs70/f/2012/284/0/0/_charizard__by_arvalis-d5hh5md.jpg&quot; data-super-full-width=&quot;5143&quot; data-super-full-height=&quot;3008&quot;&gt;&lt;i&gt;&lt;/i&gt;&lt;img   width=&quot;150&quot; height=&quot;88&quot; alt=&quot;-Charizard- by arvalis&quot; src=&quot;http://th09.deviantart.net/fs70/150/f/2012/284/0/0/_charizard__by_arvalis-d5hh5md.jpg&quot; data-src=&quot;http://th09.deviantart.net/fs70/150/f/2012/284/0/0/_charizard__by_arvalis-d5hh5md.jpg&quot;&gt;&lt;/a&gt;&lt;/span&gt;&lt;!-- ^TTT --&gt;&lt;!-- TTT$ --&gt;&lt;/span&gt; &lt;span class=&quot;shadow-holder&quot; data-embed-type=&quot;deviation&quot; data-embed-id=&quot;330244373&quot; data-embed-format=&quot;thumb&quot;&gt;&lt;span class=&quot;shadow mild&quot; &gt;&lt;a class=&quot;thumb&quot; href=&quot;http://arvalis.deviantart.com/art/Dragonite-330244373&quot; title=&quot;-Dragonite- by arvalis, Oct 1, 2012 in Fan Art &amp;gt; Digital Art &amp;gt; Painting &amp;amp; Airbrushing &amp;gt; Games&quot; data-super-img=&quot;http://th01.deviantart.net/fs71/PRE/f/2012/275/6/d/_dragonite__by_arvalis-d5gma6t.jpg&quot; data-super-width=&quot;991&quot; data-super-height=&quot;807&quot; data-super-transparent=&quot;false&quot; data-super-full-img=&quot;http://fc06.deviantart.net/fs71/f/2012/275/6/d/_dragonite__by_arvalis-d5gma6t.jpg&quot; data-super-full-width=&quot;4200&quot; data-super-full-height=&quot;3420&quot;&gt;&lt;i&gt;&lt;/i&gt;&lt;img   width=&quot;150&quot; height=&quot;122&quot; alt=&quot;-Dragonite- by arvalis&quot; src=&quot;http://th08.deviantart.net/fs71/150/f/2012/275/6/d/_dragonite__by_arvalis-d5gma6t.jpg&quot; data-src=&quot;http://th08.deviantart.net/fs71/150/f/2012/275/6/d/_dragonite__by_arvalis-d5gma6t.jpg&quot;&gt;&lt;/a&gt;&lt;/span&gt;&lt;!-- ^TTT --&gt;&lt;!-- TTT$ --&gt;&lt;/span&gt;&lt;br /&gt;&lt;br /&gt;&lt;b&gt;&lt;a class=&quot;external&quot; href=&quot;http://www.deviantart.com/users/outgoing?http://grimchild.tumblr.com&quot;&gt;Tumblr Art Blog&lt;/a&gt;&lt;/b&gt;&lt;br /&gt;Photoshop CS5: 20-25 hours&lt;br /&gt;Eevee&amp;#169;Nintendo</media:description>            <media:thumbnail url="https://t00.deviantart.net/t_6Nipcgw1i5fraT6MSyvTqP-Ao=/fit-in/150x150/filters:no_upscale():origin()/pre00/27b4/th/pre/f/2012/337/7/b/_eevee__by_arvalis-d5mzfqy.jpg" height="67" width="150"/>            <media:thumbnail url="https://t00.deviantart.net/MTcMmCQKMLxUGy7GVqH2gsqCBV4=/fit-in/300x900/filters:no_upscale():origin()/pre00/27b4/th/pre/f/2012/337/7/b/_eevee__by_arvalis-d5mzfqy.jpg" height="135" width="300"/>            <media:thumbnail url="https://t00.deviantart.net/o5QMpdmkfH-MPuzptzFb9L2i4Gg=/300x200/filters:fixed_height(100,100):origin()/pre00/27b4/th/pre/f/2012/337/7/b/_eevee__by_arvalis-d5mzfqy.jpg" height="135" width="300"/>            <media:content url="https://pre00.deviantart.net/27b4/th/pre/f/2012/337/7/b/_eevee__by_arvalis-d5mzfqy.jpg" height="599" width="1333" medium="image"/>
            <description>&lt;div align=&quot;center&quot;&gt;&lt;b&gt;&lt;acronym title=&quot;there be prints&quot;&gt;&lt;strong&gt;| &lt;a class=&quot;external&quot; href=&quot;http://www.deviantart.com/users/outgoing?http://www.patreon.com/arvalis&quot;&gt;PATREON&lt;/a&gt; | &lt;a class=&quot;external&quot; href=&quot;http://www.deviantart.com/users/outgoing?http://grimchild.tumblr.com/&quot;&gt;TUMBLR&lt;/a&gt; | &lt;a class=&quot;external&quot; href=&quot;http://www.deviantart.com/users/outgoing?https://twitter.com/arvalis&quot;&gt;TWITTER&lt;/a&gt; | &lt;a class=&quot;external&quot; href=&quot;http://www.deviantart.com/users/outgoing?https://www.facebook.com/rjpalmer.artist&quot;&gt;FACEBOOK&lt;/a&gt; |&lt;/strong&gt;&lt;/acronym&gt;&lt;/b&gt;&lt;br /&gt;&lt;b&gt;&lt;acronym title=&quot;there be prints&quot;&gt;&lt;strong&gt;&lt;/strong&gt;&lt;/acronym&gt;&lt;/b&gt;&lt;/div&gt;&lt;b&gt;&lt;acronym title=&quot;there be prints&quot;&gt;&lt;strong&gt;&lt;br /&gt;&lt;/strong&gt;&lt;a class=&quot;external&quot; href=&quot;http://www.deviantart.com/users/outgoing?http://www.redbubble.com/people/arvalis/portfolio&quot;&gt;PRINT STORE-BUY THIS THERE&lt;/a&gt;&lt;/acronym&gt;&lt;/b&gt;&lt;br /&gt;&lt;br /&gt;Boy this one took forever to get done, it has 8 equally important Pokemon, what a hassle. It was done as a commission for a private client. You can watch almost the entire process over at &lt;a class=&quot;external&quot; href=&quot;http://www.deviantart.com/users/outgoing?http://www.livestream.com/arvalis&quot;&gt;My Livestream Channel&lt;/a&gt;. Now for the flavor text.&lt;br /&gt;&lt;br /&gt;Eevees are one of the most unique Pokemon, possessing extreme adaptability. When left in the wild, their surroundings shape their physical form. They are capable of extreme growth in a matter of a few years with radical shifts in their anatomy. When under tutelage of a trainer, Eevee can remain unchanged if kept in a stable environment.&lt;br /&gt;&lt;br /&gt;Vaporeon is the result of an Eevee living near a coastline. Trainers can replicate this effect by keeping mined ocean side ore, known colloquially as water stones, around the Eevee while it is trained. Vaporeon are particularly sturdy, capable of living for up to 130 years in one case. &lt;br /&gt;&lt;br /&gt;Jolteon is one of the fastest Pokemon one can encounter. They can reach speeds of nearly 80mph(130km/h). Jolteon is excessively dangerous as it is covered in sharp quills in which it is capable of ejecting from its hindquarter at attackers. Jolteon occurs when an Eevee is repeatedly exposed to low levels of electricity, trainers can purchase an electrically charged dense piece of ore and keep in the presence of their Eevee. There have been legends however of Eevee being struck by lightning and evolving on the spot, though the scientific community completely dismisses this.&lt;br /&gt;&lt;br /&gt;Flareon are seen as the natural progression of Eevee as they bear the most similarity to them. Flareon occur in the wild when living near volcanic soil and in some cases, hot geysers. Trainers can keep chunk of condensed volcanic ash around their Eevee to encourage Flareon development. Their dense fur acts as a dense barrier against extreme heat, contrary to the popular belief that it would overheat them. Flareon are particularly fond of ground dwelling grass Pokemon, often seen digging up Oddishes and playing with them before they eat them.&lt;br /&gt;&lt;br /&gt;Espeon rarely if ever occur in the wild. They are the result of an Eevee being kept in a warm climate or home and being treated exceptionally well. A developing Espeon will require much sunlight as vitamin D is required to aid in the development of a larger brain pan. It can be very unsettling when a trainer&#039;s Eevee starts to rapidly lose its coat, but this is normal and should be looked at as a healthy sign of development. Espeon are the noted for their extreme intelligence and surprising speed.&lt;br /&gt;&lt;br /&gt;Umbreon are the only member of the Eevee family that is exclusively nocturnal. They are very cautious animals and move very slowly. They are very tough and can fight consistently for hours and take little wear and tear. &lt;br /&gt;&lt;br /&gt;Leafeon are nimble forest dwellers. They grow a high density of moss in their fur giving them the appearance of being green. It is the only herbivorous member of the Eevee family, feeding heavily on low lying plants and tree sap. Thanks in part to the sap diet, their saliva is very sticky. When they groom themselves, they often get all manner of plant life and fallen leaves stuck to them. They are also unique in that the paw of an Eevee becomes more hoof-like which lends itself the forest life they lead. They are often the only seen member of the Eevee species in temperate rain forests.&lt;br /&gt;&lt;br /&gt;Glaceon is dumb.&lt;br /&gt;&lt;br /&gt;&lt;br /&gt;&lt;b&gt;Other Realistic Pokemon&lt;/b&gt;&lt;br /&gt;&lt;span class=&quot;shadow-holder&quot; data-embed-type=&quot;deviation&quot; data-embed-id=&quot;334476729&quot; data-embed-format=&quot;thumb&quot;&gt;&lt;span class=&quot;shadow mild&quot; &gt;&lt;a class=&quot;thumb&quot; href=&quot;http://arvalis.deviantart.com/art/Gengar-334476729&quot; title=&quot;-Gengar- by arvalis, Oct 26, 2012 in Fan Art &amp;gt; Digital Art &amp;gt; Painting &amp;amp; Airbrushing &amp;gt; Games&quot; data-super-img=&quot;http://th09.deviantart.net/fs70/PRE/f/2012/300/8/b/_gengar__by_arvalis-d5j4zw9.jpg&quot; data-super-width=&quot;1152&quot; data-super-height=&quot;694&quot; data-super-transparent=&quot;false&quot; data-super-full-img=&quot;http://fc09.deviantart.net/fs70/f/2012/300/8/b/_gengar__by_arvalis-d5j4zw9.jpg&quot; data-super-full-width=&quot;6000&quot; data-super-full-height=&quot;3614&quot;&gt;&lt;i&gt;&lt;/i&gt;&lt;img   width=&quot;150&quot; height=&quot;90&quot; alt=&quot;-Gengar- by arvalis&quot; src=&quot;http://th04.deviantart.net/fs70/150/f/2012/300/8/b/_gengar__by_arvalis-d5j4zw9.jpg&quot; data-src=&quot;http://th04.deviantart.net/fs70/150/f/2012/300/8/b/_gengar__by_arvalis-d5j4zw9.jpg&quot;&gt;&lt;/a&gt;&lt;/span&gt;&lt;!-- ^TTT --&gt;&lt;!-- TTT$ --&gt;&lt;/span&gt; &lt;span class=&quot;shadow-holder&quot; data-embed-type=&quot;deviation&quot; data-embed-id=&quot;333735717&quot; data-embed-format=&quot;thumb&quot;&gt;&lt;span class=&quot;shadow mild&quot; &gt;&lt;a class=&quot;thumb&quot; href=&quot;http://arvalis.deviantart.com/art/Mewtwo-333735717&quot; title=&quot;-Mewtwo- by arvalis, Oct 22, 2012 in Fan Art &amp;gt; Digital Art &amp;gt; Painting &amp;amp; Airbrushing &amp;gt; Games&quot; data-super-img=&quot;http://th09.deviantart.net/fs71/PRE/f/2012/296/2/a/_mewtwo__by_arvalis-d5ip44l.jpg&quot; data-super-width=&quot;927&quot; data-super-height=&quot;862&quot; data-super-transparent=&quot;false&quot; data-super-full-img=&quot;http://fc05.deviantart.net/fs71/f/2012/296/2/a/_mewtwo__by_arvalis-d5ip44l.jpg&quot; data-super-full-width=&quot;4437&quot; data-super-full-height=&quot;4128&quot;&gt;&lt;i&gt;&lt;/i&gt;&lt;img   width=&quot;150&quot; height=&quot;140&quot; alt=&quot;-Mewtwo- by arvalis&quot; src=&quot;http://th00.deviantart.net/fs71/150/f/2012/296/2/a/_mewtwo__by_arvalis-d5ip44l.jpg&quot; data-src=&quot;http://th00.deviantart.net/fs71/150/f/2012/296/2/a/_mewtwo__by_arvalis-d5ip44l.jpg&quot;&gt;&lt;/a&gt;&lt;/span&gt;&lt;!-- ^TTT --&gt;&lt;!-- TTT$ --&gt;&lt;/span&gt; &lt;span class=&quot;shadow-holder&quot; data-embed-type=&quot;deviation&quot; data-embed-id=&quot;332940295&quot; data-embed-format=&quot;thumb&quot;&gt;&lt;span class=&quot;shadow mild&quot; &gt;&lt;a class=&quot;thumb&quot; href=&quot;http://arvalis.deviantart.com/art/Blastoise-332940295&quot; title=&quot;-Blastoise- by arvalis, Oct 17, 2012 in Fan Art &amp;gt; Digital Art &amp;gt; Painting &amp;amp; Airbrushing &amp;gt; Games&quot; data-super-img=&quot;http://th06.deviantart.net/fs71/PRE/f/2012/291/d/0/_blastoise__by_arvalis-d5i82dj.jpg&quot; data-super-width=&quot;1021&quot; data-super-height=&quot;782&quot; data-super-transparent=&quot;false&quot; data-super-full-img=&quot;http://fc03.deviantart.net/fs71/f/2012/291/d/0/_blastoise__by_arvalis-d5i82dj.jpg&quot; data-super-full-width=&quot;5100&quot; data-super-full-height=&quot;3908&quot;&gt;&lt;i&gt;&lt;/i&gt;&lt;img   width=&quot;150&quot; height=&quot;115&quot; alt=&quot;-Blastoise- by arvalis&quot; src=&quot;http://th05.deviantart.net/fs71/150/f/2012/291/d/0/_blastoise__by_arvalis-d5i82dj.jpg&quot; data-src=&quot;http://th05.deviantart.net/fs71/150/f/2012/291/d/0/_blastoise__by_arvalis-d5i82dj.jpg&quot;&gt;&lt;/a&gt;&lt;/span&gt;&lt;!-- ^TTT --&gt;&lt;!-- TTT$ --&gt;&lt;/span&gt; &lt;span class=&quot;shadow-holder&quot; data-embed-type=&quot;deviation&quot; data-embed-id=&quot;332237244&quot; data-embed-format=&quot;thumb&quot;&gt;&lt;span class=&quot;shadow mild&quot; &gt;&lt;a class=&quot;thumb&quot; href=&quot;http://arvalis.deviantart.com/art/Bulbasaur-332237244&quot; title=&quot;-Bulbasaur- by arvalis, Oct 13, 2012 in Fan Art &amp;gt; Digital Art &amp;gt; Painting &amp;amp; Airbrushing &amp;gt; Games&quot; data-super-img=&quot;http://th03.deviantart.net/fs71/PRE/f/2012/287/5/4/_bulbasaur__by_arvalis-d5hszwc.jpg&quot; data-super-width=&quot;1049&quot; data-super-height=&quot;762&quot; data-super-transparent=&quot;false&quot; data-super-full-img=&quot;http://fc02.deviantart.net/fs71/f/2012/287/5/4/_bulbasaur__by_arvalis-d5hszwc.jpg&quot; data-super-full-width=&quot;4991&quot; data-super-full-height=&quot;3627&quot;&gt;&lt;i&gt;&lt;/i&gt;&lt;img   width=&quot;150&quot; height=&quot;109&quot; alt=&quot;-Bulbasaur- by arvalis&quot; src=&quot;http://th04.deviantart.net/fs71/150/f/2012/287/5/4/_bulbasaur__by_arvalis-d5hszwc.jpg&quot; data-src=&quot;http://th04.deviantart.net/fs71/150/f/2012/287/5/4/_bulbasaur__by_arvalis-d5hszwc.jpg&quot;&gt;&lt;/a&gt;&lt;/span&gt;&lt;!-- ^TTT --&gt;&lt;!-- TTT$ --&gt;&lt;/span&gt; &lt;span class=&quot;shadow-holder&quot; data-embed-type=&quot;deviation&quot; data-embed-id=&quot;331684789&quot; data-embed-format=&quot;thumb&quot;&gt;&lt;span class=&quot;shadow mild&quot; &gt;&lt;a class=&quot;thumb&quot; href=&quot;http://arvalis.deviantart.com/art/Charizard-331684789&quot; title=&quot;-Charizard- by arvalis, Oct 10, 2012 in Fan Art &amp;gt; Digital Art &amp;gt; Drawings &amp;gt; Games&quot; data-super-img=&quot;http://th02.deviantart.net/fs70/PRE/f/2012/284/0/0/_charizard__by_arvalis-d5hh5md.jpg&quot; data-super-width=&quot;1169&quot; data-super-height=&quot;684&quot; data-super-transparent=&quot;false&quot; data-super-full-img=&quot;http://fc09.deviantart.net/fs70/f/2012/284/0/0/_charizard__by_arvalis-d5hh5md.jpg&quot; data-super-full-width=&quot;5143&quot; data-super-full-height=&quot;3008&quot;&gt;&lt;i&gt;&lt;/i&gt;&lt;img   width=&quot;150&quot; height=&quot;88&quot; alt=&quot;-Charizard- by arvalis&quot; src=&quot;http://th09.deviantart.net/fs70/150/f/2012/284/0/0/_charizard__by_arvalis-d5hh5md.jpg&quot; data-src=&quot;http://th09.deviantart.net/fs70/150/f/2012/284/0/0/_charizard__by_arvalis-d5hh5md.jpg&quot;&gt;&lt;/a&gt;&lt;/span&gt;&lt;!-- ^TTT --&gt;&lt;!-- TTT$ --&gt;&lt;/span&gt; &lt;span class=&quot;shadow-holder&quot; data-embed-type=&quot;deviation&quot; data-embed-id=&quot;330244373&quot; data-embed-format=&quot;thumb&quot;&gt;&lt;span class=&quot;shadow mild&quot; &gt;&lt;a class=&quot;thumb&quot; href=&quot;http://arvalis.deviantart.com/art/Dragonite-330244373&quot; title=&quot;-Dragonite- by arvalis, Oct 1, 2012 in Fan Art &amp;gt; Digital Art &amp;gt; Painting &amp;amp; Airbrushing &amp;gt; Games&quot; data-super-img=&quot;http://th01.deviantart.net/fs71/PRE/f/2012/275/6/d/_dragonite__by_arvalis-d5gma6t.jpg&quot; data-super-width=&quot;991&quot; data-super-height=&quot;807&quot; data-super-transparent=&quot;false&quot; data-super-full-img=&quot;http://fc06.deviantart.net/fs71/f/2012/275/6/d/_dragonite__by_arvalis-d5gma6t.jpg&quot; data-super-full-width=&quot;4200&quot; data-super-full-height=&quot;3420&quot;&gt;&lt;i&gt;&lt;/i&gt;&lt;img   width=&quot;150&quot; height=&quot;122&quot; alt=&quot;-Dragonite- by arvalis&quot; src=&quot;http://th08.deviantart.net/fs71/150/f/2012/275/6/d/_dragonite__by_arvalis-d5gma6t.jpg&quot; data-src=&quot;http://th08.deviantart.net/fs71/150/f/2012/275/6/d/_dragonite__by_arvalis-d5gma6t.jpg&quot;&gt;&lt;/a&gt;&lt;/span&gt;&lt;!-- ^TTT --&gt;&lt;!-- TTT$ --&gt;&lt;/span&gt;&lt;br /&gt;&lt;br /&gt;&lt;b&gt;&lt;a class=&quot;external&quot; href=&quot;http://www.deviantart.com/users/outgoing?http://grimchild.tumblr.com&quot;&gt;Tumblr Art Blog&lt;/a&gt;&lt;/b&gt;&lt;br /&gt;Photoshop CS5: 20-25 hours&lt;br /&gt;Eevee&amp;#169;Nintendo&lt;br /&gt;&lt;div&gt;&lt;img src=&quot;https://t00.deviantart.net/o5QMpdmkfH-MPuzptzFb9L2i4Gg=/300x200/filters:fixed_height(100,100):origin()/pre00/27b4/th/pre/f/2012/337/7/b/_eevee__by_arvalis-d5mzfqy.jpg&quot; alt=&quot;thumbnail&quot; /&gt;&lt;/div&gt;</description>            </item>
        <item>
            <title>Luna Simulator</title>
            <link>https://doublewbrothers.deviantart.com/art/Luna-Simulator-444869520</link>
            <guid isPermaLink="true">https://doublewbrothers.deviantart.com/art/Luna-Simulator-444869520</guid>
            <pubDate>Thu, 03 Apr 2014 06:28:11 PDT</pubDate>
            <media:title type="plain">Luna Simulator</media:title>
            <media:keywords></media:keywords>
            <media:rating>nonadult</media:rating>
            <media:category label="Movies &amp; TV">fanart/cartoons/digital/movies</media:category>
            <media:credit role="author" scheme="urn:ebu">doubleWbrothers</media:credit>
            <media:credit role="author" scheme="urn:ebu">https://a.deviantart.net/avatars/d/o/doublewbrothers.jpg?2</media:credit>
            <media:copyright url="https://doublewbrothers.deviantart.com">Copyright 2014-2019 doubleWbrothers</media:copyright>            <media:description type="html">Now she can have some sweet dreams too.&lt;br /&gt;&lt;br /&gt;Go to the poll and choose who will get a Simulator next!&lt;br /&gt;(Poll closed/Derpy won)&lt;br /&gt;&lt;br /&gt;Check out the other Ponies!&lt;br /&gt;Pinkie:&amp;nbsp; &lt;a href=&quot;http://doublewbrothers.deviantart.com/art/Pinkie-Simulator-421169933?q=gallery%3AdoubleWbrothers&amp;amp;qo=3&quot;&gt;doublewbrothers.deviantart.com&amp;hellip;&lt;/a&gt;&lt;br /&gt;Fluttershy: &lt;a href=&quot;http://doublewbrothers.deviantart.com/art/Fluttershy-Simulator-442703020?q=gallery%3AdoubleWbrothers&amp;amp;qo=0&quot;&gt;doublewbrothers.deviantart.com&amp;hellip;&lt;/a&gt;&lt;br /&gt;Derpy: &lt;a href=&quot;http://doublewbrothers.deviantart.com/art/Derpy-Simulator-450875751&quot;&gt;doublewbrothers.deviantart.com&amp;hellip;&lt;/a&gt;&lt;br /&gt;Chrysalis: &lt;a href=&quot;http://doublewbrothers.deviantart.com/art/Chrysalis-Simulator-464320921?ga_submit_new=10%253A1404044931&amp;ga_type=edit&amp;amp;ga_changes=1&amp;amp;ga_recent=1&quot;&gt;doublewbrothers.deviantart.com&amp;hellip;&lt;/a&gt;&lt;br /&gt;Celestia: &lt;a href=&quot;http://doublewbrothers.deviantart.com/art/Celestia-simulator-475368460?q=gallery%3AdoubleWbrothers&amp;amp;qo=0&quot;&gt;doublewbrothers.deviantart.com&amp;hellip;&lt;/a&gt;&lt;br /&gt;Discord:&amp;nbsp;&amp;nbsp;&amp;nbsp; Vinyl and Octavia:&amp;nbsp;&amp;nbsp;&amp;nbsp;&amp;nbsp; Sunset Shimmer:&amp;nbsp;&amp;nbsp;&amp;nbsp;&amp;nbsp;&amp;nbsp;&amp;nbsp; Lyra:&lt;br /&gt;&amp;nbsp;&amp;nbsp; &amp;nbsp; &lt;span class=&quot;shadow-holder&quot; data-embed-type=&quot;deviation&quot; data-embed-id=&quot;500598260&quot; data-embed-format=&quot;thumb&quot;&gt;&lt;span class=&quot;shadow mild&quot; &gt;&lt;a class=&quot;thumb&quot; href=&quot;http://doublewbrothers.deviantart.com/art/Discord-Simulator-500598260&quot; title=&quot;Discord Simulator by doubleWbrothers, Dec 16, 2014 in Fan Art &amp;gt; Cartoons &amp;amp; Comics &amp;gt; Digital &amp;gt; Movies &amp;amp; TV&quot; data-super-img=&quot;http://pre10.deviantart.net/0190/th/pre/i/2014/350/f/5/discord_simulator_by_doublewbrothers-d8a1k38.jpg&quot; data-super-width=&quot;139&quot; data-super-height=&quot;3577&quot; data-super-transparent=&quot;false&quot; data-super-full-img=&quot;http://img10.deviantart.net/cbba/i/2014/350/f/5/discord_simulator_by_doublewbrothers-d8a1k38.jpg&quot; data-super-full-width=&quot;1024&quot; data-super-full-height=&quot;26164&quot;&gt;&lt;i&gt;&lt;/i&gt;&lt;img   width=&quot;6&quot; height=&quot;150&quot; alt=&quot;Discord Simulator by doubleWbrothers&quot; src=&quot;http://t05.deviantart.net/F52V4x31Vwf04pJ-DVvn3SHXC7g=/fit-in/150x150/filters:no_upscale():origin()/pre10/0190/th/pre/i/2014/350/f/5/discord_simulator_by_doublewbrothers-d8a1k38.jpg&quot; data-src=&quot;http://t05.deviantart.net/F52V4x31Vwf04pJ-DVvn3SHXC7g=/fit-in/150x150/filters:no_upscale():origin()/pre10/0190/th/pre/i/2014/350/f/5/discord_simulator_by_doublewbrothers-d8a1k38.jpg&quot;&gt;&lt;/a&gt;&lt;/span&gt;&lt;!-- ^TTT --&gt;&lt;!-- TTT$ --&gt;&lt;/span&gt;&amp;nbsp;&amp;nbsp;&amp;nbsp;&amp;nbsp;&amp;nbsp;&amp;nbsp;&amp;nbsp;&amp;nbsp;&amp;nbsp;&amp;nbsp;&amp;nbsp;&amp;nbsp;&amp;nbsp;&amp;nbsp; &amp;nbsp;&amp;nbsp; &amp;nbsp;&amp;nbsp;&amp;nbsp; &lt;span class=&quot;shadow-holder&quot; data-embed-type=&quot;deviation&quot; data-embed-id=&quot;524187732&quot; data-embed-format=&quot;thumb&quot;&gt;&lt;span class=&quot;shadow mild&quot; &gt;&lt;a class=&quot;thumb&quot; href=&quot;http://doublewbrothers.deviantart.com/art/Vinyl-Scratch-and-Octavia-Simulator-524187732&quot; title=&quot;Vinyl Scratch and Octavia Simulator by doubleWbrothers, Apr 2, 2015 in Fan Art &amp;gt; Cartoons &amp;amp; Comics &amp;gt; Digital &amp;gt; Movies &amp;amp; TV&quot; data-super-img=&quot;http://pre08.deviantart.net/ef3c/th/pre/i/2015/092/1/b/vinyl_scratch_and_octavia_simulator_by_doublewbrothers-d8o35uc.jpg&quot; data-super-width=&quot;167&quot; data-super-height=&quot;3577&quot; data-super-transparent=&quot;false&quot; data-super-full-img=&quot;http://img05.deviantart.net/6d6b/i/2015/092/1/b/vinyl_scratch_and_octavia_simulator_by_doublewbrothers-d8o35uc.jpg&quot; data-super-full-width=&quot;1024&quot; data-super-full-height=&quot;21778&quot;&gt;&lt;i&gt;&lt;/i&gt;&lt;img   width=&quot;7&quot; height=&quot;150&quot; alt=&quot;Vinyl Scratch and Octavia Simulator by doubleWbrothers&quot; src=&quot;http://t14.deviantart.net/Mc3MJjVPmZlFbv-XB0sDU17OpsA=/fit-in/150x150/filters:no_upscale():origin()/pre08/ef3c/th/pre/i/2015/092/1/b/vinyl_scratch_and_octavia_simulator_by_doublewbrothers-d8o35uc.jpg&quot; data-src=&quot;http://t14.deviantart.net/Mc3MJjVPmZlFbv-XB0sDU17OpsA=/fit-in/150x150/filters:no_upscale():origin()/pre08/ef3c/th/pre/i/2015/092/1/b/vinyl_scratch_and_octavia_simulator_by_doublewbrothers-d8o35uc.jpg&quot;&gt;&lt;/a&gt;&lt;/span&gt;&lt;!-- ^TTT --&gt;&lt;!-- TTT$ --&gt;&lt;/span&gt;&amp;nbsp;&amp;nbsp;&amp;nbsp;&amp;nbsp;&amp;nbsp;&amp;nbsp;&amp;nbsp;&amp;nbsp;&amp;nbsp;&amp;nbsp;&amp;nbsp;&amp;nbsp;&amp;nbsp;&amp;nbsp;&amp;nbsp;&amp;nbsp;&amp;nbsp;&amp;nbsp;&amp;nbsp;&amp;nbsp;&amp;nbsp;&amp;nbsp;&amp;nbsp; &amp;nbsp; &amp;nbsp; &amp;nbsp; &lt;span class=&quot;shadow-holder&quot; data-embed-type=&quot;deviation&quot; data-embed-id=&quot;575898316&quot; data-embed-format=&quot;thumb&quot;&gt;&lt;span class=&quot;shadow mild&quot; &gt;&lt;a class=&quot;thumb&quot; href=&quot;http://doublewbrothers.deviantart.com/art/Sunset-Shimmer-Simulator-575898316&quot; title=&quot;Sunset Shimmer Simulator by doubleWbrothers, Dec 3, 2015 in Fan Art &amp;gt; Cartoons &amp;amp; Comics &amp;gt; Digital &amp;gt; Movies &amp;amp; TV&quot; data-super-img=&quot;http://pre02.deviantart.net/2937/th/pre/i/2015/337/0/d/sunset_shimmer_simulator_by_doublewbrothers-d9ivhzg.jpg&quot; data-super-width=&quot;145&quot; data-super-height=&quot;3577&quot; data-super-transparent=&quot;false&quot; data-super-full-img=&quot;http://img07.deviantart.net/e72c/i/2015/337/0/d/sunset_shimmer_simulator_by_doublewbrothers-d9ivhzg.jpg&quot; data-super-full-width=&quot;1024&quot; data-super-full-height=&quot;25188&quot;&gt;&lt;i&gt;&lt;/i&gt;&lt;img   width=&quot;6&quot; height=&quot;150&quot; alt=&quot;Sunset Shimmer Simulator by doubleWbrothers&quot; src=&quot;http://t06.deviantart.net/uK9uQMy1NGzWhb29Ay42TCQ1nuM=/fit-in/150x150/filters:no_upscale():origin()/pre02/2937/th/pre/i/2015/337/0/d/sunset_shimmer_simulator_by_doublewbrothers-d9ivhzg.jpg&quot; data-src=&quot;http://t06.deviantart.net/uK9uQMy1NGzWhb29Ay42TCQ1nuM=/fit-in/150x150/filters:no_upscale():origin()/pre02/2937/th/pre/i/2015/337/0/d/sunset_shimmer_simulator_by_doublewbrothers-d9ivhzg.jpg&quot;&gt;&lt;/a&gt;&lt;/span&gt;&lt;!-- ^TTT --&gt;&lt;!-- TTT$ --&gt;&lt;/span&gt;&amp;nbsp;&amp;nbsp;&amp;nbsp;&amp;nbsp;&amp;nbsp;&amp;nbsp;&amp;nbsp;&amp;nbsp;&amp;nbsp;&amp;nbsp;&amp;nbsp;&amp;nbsp;&amp;nbsp;&amp;nbsp;&amp;nbsp;&amp;nbsp;&amp;nbsp;&amp;nbsp;&amp;nbsp;&amp;nbsp;&amp;nbsp;&amp;nbsp;&amp;nbsp; &lt;span class=&quot;shadow-holder&quot; data-embed-type=&quot;deviation&quot; data-embed-id=&quot;599014395&quot; data-embed-format=&quot;thumb&quot;&gt;&lt;span class=&quot;shadow mild&quot; &gt;&lt;a class=&quot;thumb&quot; href=&quot;http://doublewbrothers.deviantart.com/art/Lyra-Simulator-599014395&quot; title=&quot;Lyra Simulator by doubleWbrothers, Mar 26, 2016 in Fan Art &amp;gt; Cartoons &amp;amp; Comics &amp;gt; Digital &amp;gt; Movies &amp;amp; TV&quot; data-super-img=&quot;http://pre15.deviantart.net/5069/th/pre/i/2016/086/8/1/lyra_simulator_by_doublewbrothers-d9wmygr.jpg&quot; data-super-width=&quot;140&quot; data-super-height=&quot;3577&quot; data-super-transparent=&quot;false&quot; data-super-full-img=&quot;http://img10.deviantart.net/8420/i/2016/086/8/1/lyra_simulator_by_doublewbrothers-d9wmygr.jpg&quot; data-super-full-width=&quot;900&quot; data-super-full-height=&quot;22976&quot;&gt;&lt;i&gt;&lt;/i&gt;&lt;img   width=&quot;6&quot; height=&quot;150&quot; alt=&quot;Lyra Simulator by doubleWbrothers&quot; src=&quot;http://t07.deviantart.net/8Qdb_nQmLen0Gr9E4gDnVgh8z-M=/fit-in/150x150/filters:no_upscale():origin()/pre15/5069/th/pre/i/2016/086/8/1/lyra_simulator_by_doublewbrothers-d9wmygr.jpg&quot; data-src=&quot;http://t07.deviantart.net/8Qdb_nQmLen0Gr9E4gDnVgh8z-M=/fit-in/150x150/filters:no_upscale():origin()/pre15/5069/th/pre/i/2016/086/8/1/lyra_simulator_by_doublewbrothers-d9wmygr.jpg&quot;&gt;&lt;/a&gt;&lt;/span&gt;&lt;!-- ^TTT --&gt;&lt;!-- TTT$ --&gt;&lt;/span&gt;&lt;br /&gt;(More coming soon.)</media:description>            <media:thumbnail url="https://t00.deviantart.net/WyWJYGXtZzpVtgx8jjnJww5vpNc=/fit-in/150x150/filters:no_upscale():origin()/pre00/7637/th/pre/i/2014/093/2/1/luna_simulator_by_doublewbrothers-d7cv3io.jpg" height="150" width="7"/>            <media:thumbnail url="https://t00.deviantart.net/wLjiY9HaeVU0twSvT77DILLlFIA=/fit-in/300x900/filters:no_upscale():origin()/pre00/7637/th/pre/i/2014/093/2/1/luna_simulator_by_doublewbrothers-d7cv3io.jpg" height="900" width="42"/>            <media:thumbnail url="https://t00.deviantart.net/gdlwRt8SglJV7ehrAt_FczJ9Q9w=/300x200/filters:fixed_height(100,100):origin()/pre00/7637/th/pre/i/2014/093/2/1/luna_simulator_by_doublewbrothers-d7cv3io.jpg" height="201" width="100"/>            <media:content url="https://pre00.deviantart.net/7637/th/pre/i/2014/093/2/1/luna_simulator_by_doublewbrothers-d7cv3io.jpg" height="3577" width="166" medium="image"/>
            <description>Now she can have some sweet dreams too.&lt;br /&gt;&lt;br /&gt;Go to the poll and choose who will get a Simulator next!&lt;br /&gt;(Poll closed/Derpy won)&lt;br /&gt;&lt;br /&gt;Check out the other Ponies!&lt;br /&gt;Pinkie:&amp;nbsp; &lt;a href=&quot;http://doublewbrothers.deviantart.com/art/Pinkie-Simulator-421169933?q=gallery%3AdoubleWbrothers&amp;amp;qo=3&quot;&gt;doublewbrothers.deviantart.com&amp;hellip;&lt;/a&gt;&lt;br /&gt;Fluttershy: &lt;a href=&quot;http://doublewbrothers.deviantart.com/art/Fluttershy-Simulator-442703020?q=gallery%3AdoubleWbrothers&amp;amp;qo=0&quot;&gt;doublewbrothers.deviantart.com&amp;hellip;&lt;/a&gt;&lt;br /&gt;Derpy: &lt;a href=&quot;http://doublewbrothers.deviantart.com/art/Derpy-Simulator-450875751&quot;&gt;doublewbrothers.deviantart.com&amp;hellip;&lt;/a&gt;&lt;br /&gt;Chrysalis: &lt;a href=&quot;http://doublewbrothers.deviantart.com/art/Chrysalis-Simulator-464320921?ga_submit_new=10%253A1404044931&amp;ga_type=edit&amp;amp;ga_changes=1&amp;amp;ga_recent=1&quot;&gt;doublewbrothers.deviantart.com&amp;hellip;&lt;/a&gt;&lt;br /&gt;Celestia: &lt;a href=&quot;http://doublewbrothers.deviantart.com/art/Celestia-simulator-475368460?q=gallery%3AdoubleWbrothers&amp;amp;qo=0&quot;&gt;doublewbrothers.deviantart.com&amp;hellip;&lt;/a&gt;&lt;br /&gt;Discord:&amp;nbsp;&amp;nbsp;&amp;nbsp; Vinyl and Octavia:&amp;nbsp;&amp;nbsp;&amp;nbsp;&amp;nbsp; Sunset Shimmer:&amp;nbsp;&amp;nbsp;&amp;nbsp;&amp;nbsp;&amp;nbsp;&amp;nbsp; Lyra:&lt;br /&gt;&amp;nbsp;&amp;nbsp; &amp;nbsp; &lt;span class=&quot;shadow-holder&quot; data-embed-type=&quot;deviation&quot; data-embed-id=&quot;500598260&quot; data-embed-format=&quot;thumb&quot;&gt;&lt;span class=&quot;shadow mild&quot; &gt;&lt;a class=&quot;thumb&quot; href=&quot;http://doublewbrothers.deviantart.com/art/Discord-Simulator-500598260&quot; title=&quot;Discord Simulator by doubleWbrothers, Dec 16, 2014 in Fan Art &amp;gt; Cartoons &amp;amp; Comics &amp;gt; Digital &amp;gt; Movies &amp;amp; TV&quot; data-super-img=&quot;http://pre10.deviantart.net/0190/th/pre/i/2014/350/f/5/discord_simulator_by_doublewbrothers-d8a1k38.jpg&quot; data-super-width=&quot;139&quot; data-super-height=&quot;3577&quot; data-super-transparent=&quot;false&quot; data-super-full-img=&quot;http://img10.deviantart.net/cbba/i/2014/350/f/5/discord_simulator_by_doublewbrothers-d8a1k38.jpg&quot; data-super-full-width=&quot;1024&quot; data-super-full-height=&quot;26164&quot;&gt;&lt;i&gt;&lt;/i&gt;&lt;img   width=&quot;6&quot; height=&quot;150&quot; alt=&quot;Discord Simulator by doubleWbrothers&quot; src=&quot;http://t05.deviantart.net/F52V4x31Vwf04pJ-DVvn3SHXC7g=/fit-in/150x150/filters:no_upscale():origin()/pre10/0190/th/pre/i/2014/350/f/5/discord_simulator_by_doublewbrothers-d8a1k38.jpg&quot; data-src=&quot;http://t05.deviantart.net/F52V4x31Vwf04pJ-DVvn3SHXC7g=/fit-in/150x150/filters:no_upscale():origin()/pre10/0190/th/pre/i/2014/350/f/5/discord_simulator_by_doublewbrothers-d8a1k38.jpg&quot;&gt;&lt;/a&gt;&lt;/span&gt;&lt;!-- ^TTT --&gt;&lt;!-- TTT$ --&gt;&lt;/span&gt;&amp;nbsp;&amp;nbsp;&amp;nbsp;&amp;nbsp;&amp;nbsp;&amp;nbsp;&amp;nbsp;&amp;nbsp;&amp;nbsp;&amp;nbsp;&amp;nbsp;&amp;nbsp;&amp;nbsp;&amp;nbsp; &amp;nbsp;&amp;nbsp; &amp;nbsp;&amp;nbsp;&amp;nbsp; &lt;span class=&quot;shadow-holder&quot; data-embed-type=&quot;deviation&quot; data-embed-id=&quot;524187732&quot; data-embed-format=&quot;thumb&quot;&gt;&lt;span class=&quot;shadow mild&quot; &gt;&lt;a class=&quot;thumb&quot; href=&quot;http://doublewbrothers.deviantart.com/art/Vinyl-Scratch-and-Octavia-Simulator-524187732&quot; title=&quot;Vinyl Scratch and Octavia Simulator by doubleWbrothers, Apr 2, 2015 in Fan Art &amp;gt; Cartoons &amp;amp; Comics &amp;gt; Digital &amp;gt; Movies &amp;amp; TV&quot; data-super-img=&quot;http://pre08.deviantart.net/ef3c/th/pre/i/2015/092/1/b/vinyl_scratch_and_octavia_simulator_by_doublewbrothers-d8o35uc.jpg&quot; data-super-width=&quot;167&quot; data-super-height=&quot;3577&quot; data-super-transparent=&quot;false&quot; data-super-full-img=&quot;http://img05.deviantart.net/6d6b/i/2015/092/1/b/vinyl_scratch_and_octavia_simulator_by_doublewbrothers-d8o35uc.jpg&quot; data-super-full-width=&quot;1024&quot; data-super-full-height=&quot;21778&quot;&gt;&lt;i&gt;&lt;/i&gt;&lt;img   width=&quot;7&quot; height=&quot;150&quot; alt=&quot;Vinyl Scratch and Octavia Simulator by doubleWbrothers&quot; src=&quot;http://t14.deviantart.net/Mc3MJjVPmZlFbv-XB0sDU17OpsA=/fit-in/150x150/filters:no_upscale():origin()/pre08/ef3c/th/pre/i/2015/092/1/b/vinyl_scratch_and_octavia_simulator_by_doublewbrothers-d8o35uc.jpg&quot; data-src=&quot;http://t14.deviantart.net/Mc3MJjVPmZlFbv-XB0sDU17OpsA=/fit-in/150x150/filters:no_upscale():origin()/pre08/ef3c/th/pre/i/2015/092/1/b/vinyl_scratch_and_octavia_simulator_by_doublewbrothers-d8o35uc.jpg&quot;&gt;&lt;/a&gt;&lt;/span&gt;&lt;!-- ^TTT --&gt;&lt;!-- TTT$ --&gt;&lt;/span&gt;&amp;nbsp;&amp;nbsp;&amp;nbsp;&amp;nbsp;&amp;nbsp;&amp;nbsp;&amp;nbsp;&amp;nbsp;&amp;nbsp;&amp;nbsp;&amp;nbsp;&amp;nbsp;&amp;nbsp;&amp;nbsp;&amp;nbsp;&amp;nbsp;&amp;nbsp;&amp;nbsp;&amp;nbsp;&amp;nbsp;&amp;nbsp;&amp;nbsp;&amp;nbsp; &amp;nbsp; &amp;nbsp; &amp;nbsp; &lt;span class=&quot;shadow-holder&quot; data-embed-type=&quot;deviation&quot; data-embed-id=&quot;575898316&quot; data-embed-format=&quot;thumb&quot;&gt;&lt;span class=&quot;shadow mild&quot; &gt;&lt;a class=&quot;thumb&quot; href=&quot;http://doublewbrothers.deviantart.com/art/Sunset-Shimmer-Simulator-575898316&quot; title=&quot;Sunset Shimmer Simulator by doubleWbrothers, Dec 3, 2015 in Fan Art &amp;gt; Cartoons &amp;amp; Comics &amp;gt; Digital &amp;gt; Movies &amp;amp; TV&quot; data-super-img=&quot;http://pre02.deviantart.net/2937/th/pre/i/2015/337/0/d/sunset_shimmer_simulator_by_doublewbrothers-d9ivhzg.jpg&quot; data-super-width=&quot;145&quot; data-super-height=&quot;3577&quot; data-super-transparent=&quot;false&quot; data-super-full-img=&quot;http://img07.deviantart.net/e72c/i/2015/337/0/d/sunset_shimmer_simulator_by_doublewbrothers-d9ivhzg.jpg&quot; data-super-full-width=&quot;1024&quot; data-super-full-height=&quot;25188&quot;&gt;&lt;i&gt;&lt;/i&gt;&lt;img   width=&quot;6&quot; height=&quot;150&quot; alt=&quot;Sunset Shimmer Simulator by doubleWbrothers&quot; src=&quot;http://t06.deviantart.net/uK9uQMy1NGzWhb29Ay42TCQ1nuM=/fit-in/150x150/filters:no_upscale():origin()/pre02/2937/th/pre/i/2015/337/0/d/sunset_shimmer_simulator_by_doublewbrothers-d9ivhzg.jpg&quot; data-src=&quot;http://t06.deviantart.net/uK9uQMy1NGzWhb29Ay42TCQ1nuM=/fit-in/150x150/filters:no_upscale():origin()/pre02/2937/th/pre/i/2015/337/0/d/sunset_shimmer_simulator_by_doublewbrothers-d9ivhzg.jpg&quot;&gt;&lt;/a&gt;&lt;/span&gt;&lt;!-- ^TTT --&gt;&lt;!-- TTT$ --&gt;&lt;/span&gt;&amp;nbsp;&amp;nbsp;&amp;nbsp;&amp;nbsp;&amp;nbsp;&amp;nbsp;&amp;nbsp;&amp;nbsp;&amp;nbsp;&amp;nbsp;&amp;nbsp;&amp;nbsp;&amp;nbsp;&amp;nbsp;&amp;nbsp;&amp;nbsp;&amp;nbsp;&amp;nbsp;&amp;nbsp;&amp;nbsp;&amp;nbsp;&amp;nbsp;&amp;nbsp; &lt;span class=&quot;shadow-holder&quot; data-embed-type=&quot;deviation&quot; data-embed-id=&quot;599014395&quot; data-embed-format=&quot;thumb&quot;&gt;&lt;span class=&quot;shadow mild&quot; &gt;&lt;a class=&quot;thumb&quot; href=&quot;http://doublewbrothers.deviantart.com/art/Lyra-Simulator-599014395&quot; title=&quot;Lyra Simulator by doubleWbrothers, Mar 26, 2016 in Fan Art &amp;gt; Cartoons &amp;amp; Comics &amp;gt; Digital &amp;gt; Movies &amp;amp; TV&quot; data-super-img=&quot;http://pre15.deviantart.net/5069/th/pre/i/2016/086/8/1/lyra_simulator_by_doublewbrothers-d9wmygr.jpg&quot; data-super-width=&quot;140&quot; data-super-height=&quot;3577&quot; data-super-transparent=&quot;false&quot; data-super-full-img=&quot;http://img10.deviantart.net/8420/i/2016/086/8/1/lyra_simulator_by_doublewbrothers-d9wmygr.jpg&quot; data-super-full-width=&quot;900&quot; data-super-full-height=&quot;22976&quot;&gt;&lt;i&gt;&lt;/i&gt;&lt;img   width=&quot;6&quot; height=&quot;150&quot; alt=&quot;Lyra Simulator by doubleWbrothers&quot; src=&quot;http://t07.deviantart.net/8Qdb_nQmLen0Gr9E4gDnVgh8z-M=/fit-in/150x150/filters:no_upscale():origin()/pre15/5069/th/pre/i/2016/086/8/1/lyra_simulator_by_doublewbrothers-d9wmygr.jpg&quot; data-src=&quot;http://t07.deviantart.net/8Qdb_nQmLen0Gr9E4gDnVgh8z-M=/fit-in/150x150/filters:no_upscale():origin()/pre15/5069/th/pre/i/2016/086/8/1/lyra_simulator_by_doublewbrothers-d9wmygr.jpg&quot;&gt;&lt;/a&gt;&lt;/span&gt;&lt;!-- ^TTT --&gt;&lt;!-- TTT$ --&gt;&lt;/span&gt;&lt;br /&gt;(More coming soon.)&lt;br /&gt;&lt;div&gt;&lt;img src=&quot;https://t00.deviantart.net/gdlwRt8SglJV7ehrAt_FczJ9Q9w=/300x200/filters:fixed_height(100,100):origin()/pre00/7637/th/pre/i/2014/093/2/1/luna_simulator_by_doublewbrothers-d7cv3io.jpg&quot; alt=&quot;thumbnail&quot; /&gt;&lt;/div&gt;</description>            </item>
        <item>
            <title>Undertale Universe</title>
            <link>https://yamsgarden.deviantart.com/art/Undertale-Universe-580085004</link>
            <guid isPermaLink="true">https://yamsgarden.deviantart.com/art/Undertale-Universe-580085004</guid>
            <pubDate>Thu, 24 Dec 2015 20:13:00 PST</pubDate>
            <media:title type="plain">Undertale Universe</media:title>
            <media:keywords></media:keywords>
            <media:rating>nonadult</media:rating>
            <media:category label="Games">fanart/digital/drawings/games</media:category>
            <media:credit role="author" scheme="urn:ebu">YAMsgarden</media:credit>
            <media:credit role="author" scheme="urn:ebu">https://a.deviantart.net/avatars/y/a/yamsgarden.gif?2</media:credit>
            <media:copyright url="https://yamsgarden.deviantart.com">Copyright 2015-2019 YAMsgarden</media:copyright>            <media:description type="html">&lt;a class=&quot;external&quot; href=&quot;http://www.deviantart.com/users/outgoing?http://yamsgarden.tumblr.com/post/135887894720/106-drawings-1-super-duper-long-bg-6-scenes&quot;&gt;Tumblr&lt;/a&gt; &lt;p&gt;&lt;a href=&quot;http://www.deviantart.com/users/outgoing?https://www.patreon.com/yamsgarden?ty=h&quot;&gt;Support my art on Patreon &lt;img src=&quot;http://e.deviantart.net/emoticons/b/biggrin.gif&quot; width=&quot;15&quot; height=&quot;15&quot; alt=&quot;:D&quot; data-embed-type=&quot;emoticon&quot; data-embed-id=&quot;366&quot; title=&quot;:D (Big Grin)&quot;/&gt;&lt;/a&gt;&amp;nbsp;&lt;br /&gt;&lt;br /&gt;&lt;strong&gt;Please don&amp;#8217;t repost, use or edit my art thank you!!! &lt;/strong&gt;&lt;/p&gt; - 106 drawings +&amp;nbsp; 1 super duper long BG&lt;br /&gt;- 6 scenes &lt;br /&gt;~ Time: 20 hours&lt;br /&gt;&lt;br /&gt;You can see the BG over here &lt;img src=&quot;http://e.deviantart.net/emoticons/b/biggrin.gif&quot; width=&quot;15&quot; height=&quot;15&quot; alt=&quot;:D&quot; data-embed-type=&quot;emoticon&quot; data-embed-id=&quot;366&quot; title=&quot;:D (Big Grin)&quot;/&gt;&lt;br /&gt;&lt;span class=&quot;shadow-holder&quot; data-embed-type=&quot;deviation&quot; data-embed-id=&quot;580083446&quot; data-embed-format=&quot;thumb&quot;&gt;&lt;span class=&quot;shadow mild&quot; &gt;&lt;a class=&quot;thumb&quot; href=&quot;http://yamsgarden.deviantart.com/art/Undertale-Universe-BG-580083446&quot; title=&quot;Undertale Universe BG by YAMsgarden, Dec 24, 2015 in Fan Art &amp;gt; Digital Art &amp;gt; Drawings &amp;gt; Games&quot; data-super-img=&quot;http://pre14.deviantart.net/ba7e/th/pre/f/2015/358/7/c/7c94d6eb0fb994d1fa8a09497e638989-d9ld792.jpg&quot; data-super-width=&quot;260&quot; data-super-height=&quot;3073&quot; data-super-transparent=&quot;false&quot; data-super-full-img=&quot;http://orig00.deviantart.net/ade2/f/2015/358/7/c/7c94d6eb0fb994d1fa8a09497e638989-d9ld792.jpg&quot; data-super-full-width=&quot;300&quot; data-super-full-height=&quot;3543&quot;&gt;&lt;i&gt;&lt;/i&gt;&lt;img   width=&quot;13&quot; height=&quot;150&quot; alt=&quot;Undertale Universe BG by YAMsgarden&quot; src=&quot;http://t04.deviantart.net/6lTUXtaSd3dPFTbsVvr_bHsM5A0=/fit-in/150x150/filters:no_upscale():origin()/pre14/ba7e/th/pre/f/2015/358/7/c/7c94d6eb0fb994d1fa8a09497e638989-d9ld792.jpg&quot; data-src=&quot;http://t04.deviantart.net/6lTUXtaSd3dPFTbsVvr_bHsM5A0=/fit-in/150x150/filters:no_upscale():origin()/pre14/ba7e/th/pre/f/2015/358/7/c/7c94d6eb0fb994d1fa8a09497e638989-d9ld792.jpg&quot;&gt;&lt;/a&gt;&lt;/span&gt;&lt;!-- ^TTT --&gt;&lt;!-- TTT$ --&gt;&lt;/span&gt;&lt;br /&gt;&lt;br /&gt;&lt;h1&gt;OHOHOHOHO MERRY XMAS EVERYBODY!!!&lt;/h1&gt;&lt;br /&gt;&lt;br /&gt;Not only to celebrate the new STEVEN BOMB COMING JANUARY 4TH,&lt;br /&gt;but also BIG THANKS TO ALL OF YOUR SUPPORT DEAR WATCHERS/FOLLOWERS/POTATOES &lt;a target=&quot;_self&quot; href=&quot;http://durrhurrplz.deviantart.com/&quot; &gt;&lt;img class=&quot;avatar&quot; width=&quot;50&quot; height=&quot;50&quot; src=&quot;http://a.deviantart.net/avatars/d/u/durrhurrplz.png?1&quot; alt=&quot;:icondurrhurrplz:&quot; title=&quot;durrhurrplz&quot; /&gt;&lt;/a&gt;&lt;br /&gt;&lt;br /&gt;Also little note about the speed of the BG,&lt;br /&gt;I couldn&#039;t control how fast it moved because of the limitation of photoshop...&lt;br /&gt;but hey, the effect still works YEYEAH&lt;a target=&quot;_self&quot; href=&quot;http://squeeeeplz.deviantart.com/&quot; &gt;&lt;img class=&quot;avatar&quot; width=&quot;50&quot; height=&quot;50&quot; src=&quot;http://a.deviantart.net/avatars/s/q/squeeeeplz.gif?3&quot; alt=&quot;:iconsqueeeeplz:&quot; title=&quot;squeeeeplz&quot; /&gt;&lt;/a&gt;&lt;br /&gt;&lt;br /&gt;I wish to all of you amazing holidays, lots of kisses and lots of love &lt;img src=&quot;http://e.deviantart.net/emoticons/h/heart.gif&quot; width=&quot;15&quot; height=&quot;13&quot; alt=&quot;:heart:&quot; data-embed-type=&quot;emoticon&quot; data-embed-id=&quot;357&quot; title=&quot;Heart&quot;/&gt;!!!&lt;br /&gt;&lt;br /&gt;Made with my Tablet, Paint Tool SAI and Photoshop.&lt;br /&gt;&lt;strong&gt;&lt;strong&gt;All characters &lt;span&gt;&amp;#169; &lt;/span&gt;&lt;/strong&gt;Toby Fox&lt;br /&gt;&lt;/strong&gt;&lt;strong&gt;&lt;strong&gt;&lt;span&gt;BG inspired by Steven Universe 2nd opening&lt;/span&gt;&lt;/strong&gt;&lt;br /&gt;&lt;/strong&gt;</media:description>            <media:thumbnail url="https://orig00.deviantart.net/5e72/f/2015/358/4/7/undertale_universe_by_yamsgarden-d9ld8gc.gif" height="90" width="150"/>            <media:thumbnail url="https://orig00.deviantart.net/5e72/f/2015/358/4/7/undertale_universe_by_yamsgarden-d9ld8gc.gif" height="90" width="150"/>            <media:thumbnail url="https://orig00.deviantart.net/5e72/f/2015/358/4/7/undertale_universe_by_yamsgarden-d9ld8gc.gif" height="90" width="150"/>            <media:content url="https://orig00.deviantart.net/5e72/f/2015/358/4/7/undertale_universe_by_yamsgarden-d9ld8gc.gif" height="90" width="150" medium="image"/>
            <description>&lt;a class=&quot;external&quot; href=&quot;http://www.deviantart.com/users/outgoing?http://yamsgarden.tumblr.com/post/135887894720/106-drawings-1-super-duper-long-bg-6-scenes&quot;&gt;Tumblr&lt;/a&gt; &lt;p&gt;&lt;a href=&quot;http://www.deviantart.com/users/outgoing?https://www.patreon.com/yamsgarden?ty=h&quot;&gt;Support my art on Patreon &lt;img src=&quot;http://e.deviantart.net/emoticons/b/biggrin.gif&quot; width=&quot;15&quot; height=&quot;15&quot; alt=&quot;:D&quot; data-embed-type=&quot;emoticon&quot; data-embed-id=&quot;366&quot; title=&quot;:D (Big Grin)&quot;/&gt;&lt;/a&gt;&amp;nbsp;&lt;br /&gt;&lt;br /&gt;&lt;strong&gt;Please don&amp;#8217;t repost, use or edit my art thank you!!! &lt;/strong&gt;&lt;/p&gt; - 106 drawings +&amp;nbsp; 1 super duper long BG&lt;br /&gt;- 6 scenes &lt;br /&gt;~ Time: 20 hours&lt;br /&gt;&lt;br /&gt;You can see the BG over here &lt;img src=&quot;http://e.deviantart.net/emoticons/b/biggrin.gif&quot; width=&quot;15&quot; height=&quot;15&quot; alt=&quot;:D&quot; data-embed-type=&quot;emoticon&quot; data-embed-id=&quot;366&quot; title=&quot;:D (Big Grin)&quot;/&gt;&lt;br /&gt;&lt;span class=&quot;shadow-holder&quot; data-embed-type=&quot;deviation&quot; data-embed-id=&quot;580083446&quot; data-embed-format=&quot;thumb&quot;&gt;&lt;span class=&quot;shadow mild&quot; &gt;&lt;a class=&quot;thumb&quot; href=&quot;http://yamsgarden.deviantart.com/art/Undertale-Universe-BG-580083446&quot; title=&quot;Undertale Universe BG by YAMsgarden, Dec 24, 2015 in Fan Art &amp;gt; Digital Art &amp;gt; Drawings &amp;gt; Games&quot; data-super-img=&quot;http://pre14.deviantart.net/ba7e/th/pre/f/2015/358/7/c/7c94d6eb0fb994d1fa8a09497e638989-d9ld792.jpg&quot; data-super-width=&quot;260&quot; data-super-height=&quot;3073&quot; data-super-transparent=&quot;false&quot; data-super-full-img=&quot;http://orig00.deviantart.net/ade2/f/2015/358/7/c/7c94d6eb0fb994d1fa8a09497e638989-d9ld792.jpg&quot; data-super-full-width=&quot;300&quot; data-super-full-height=&quot;3543&quot;&gt;&lt;i&gt;&lt;/i&gt;&lt;img   width=&quot;13&quot; height=&quot;150&quot; alt=&quot;Undertale Universe BG by YAMsgarden&quot; src=&quot;http://t04.deviantart.net/6lTUXtaSd3dPFTbsVvr_bHsM5A0=/fit-in/150x150/filters:no_upscale():origin()/pre14/ba7e/th/pre/f/2015/358/7/c/7c94d6eb0fb994d1fa8a09497e638989-d9ld792.jpg&quot; data-src=&quot;http://t04.deviantart.net/6lTUXtaSd3dPFTbsVvr_bHsM5A0=/fit-in/150x150/filters:no_upscale():origin()/pre14/ba7e/th/pre/f/2015/358/7/c/7c94d6eb0fb994d1fa8a09497e638989-d9ld792.jpg&quot;&gt;&lt;/a&gt;&lt;/span&gt;&lt;!-- ^TTT --&gt;&lt;!-- TTT$ --&gt;&lt;/span&gt;&lt;br /&gt;&lt;br /&gt;&lt;h1&gt;OHOHOHOHO MERRY XMAS EVERYBODY!!!&lt;/h1&gt;&lt;br /&gt;&lt;br /&gt;Not only to celebrate the new STEVEN BOMB COMING JANUARY 4TH,&lt;br /&gt;but also BIG THANKS TO ALL OF YOUR SUPPORT DEAR WATCHERS/FOLLOWERS/POTATOES &lt;a target=&quot;_self&quot; href=&quot;http://durrhurrplz.deviantart.com/&quot; &gt;&lt;img class=&quot;avatar&quot; width=&quot;50&quot; height=&quot;50&quot; src=&quot;http://a.deviantart.net/avatars/d/u/durrhurrplz.png?1&quot; alt=&quot;:icondurrhurrplz:&quot; title=&quot;durrhurrplz&quot; /&gt;&lt;/a&gt;&lt;br /&gt;&lt;br /&gt;Also little note about the speed of the BG,&lt;br /&gt;I couldn&#039;t control how fast it moved because of the limitation of photoshop...&lt;br /&gt;but hey, the effect still works YEYEAH&lt;a target=&quot;_self&quot; href=&quot;http://squeeeeplz.deviantart.com/&quot; &gt;&lt;img class=&quot;avatar&quot; width=&quot;50&quot; height=&quot;50&quot; src=&quot;http://a.deviantart.net/avatars/s/q/squeeeeplz.gif?3&quot; alt=&quot;:iconsqueeeeplz:&quot; title=&quot;squeeeeplz&quot; /&gt;&lt;/a&gt;&lt;br /&gt;&lt;br /&gt;I wish to all of you amazing holidays, lots of kisses and lots of love &lt;img src=&quot;http://e.deviantart.net/emoticons/h/heart.gif&quot; width=&quot;15&quot; height=&quot;13&quot; alt=&quot;:heart:&quot; data-embed-type=&quot;emoticon&quot; data-embed-id=&quot;357&quot; title=&quot;Heart&quot;/&gt;!!!&lt;br /&gt;&lt;br /&gt;Made with my Tablet, Paint Tool SAI and Photoshop.&lt;br /&gt;&lt;strong&gt;&lt;strong&gt;All characters &lt;span&gt;&amp;#169; &lt;/span&gt;&lt;/strong&gt;Toby Fox&lt;br /&gt;&lt;/strong&gt;&lt;strong&gt;&lt;strong&gt;&lt;span&gt;BG inspired by Steven Universe 2nd opening&lt;/span&gt;&lt;/strong&gt;&lt;br /&gt;&lt;/strong&gt;&lt;br /&gt;&lt;div&gt;&lt;img src=&quot;https://orig00.deviantart.net/5e72/f/2015/358/4/7/undertale_universe_by_yamsgarden-d9ld8gc.gif&quot; alt=&quot;thumbnail&quot; /&gt;&lt;/div&gt;</description>            </item>
        <item>
            <title>Freedom</title>
            <link>https://tyt2000.deviantart.com/art/Freedom-19490162</link>
            <guid isPermaLink="true">https://tyt2000.deviantart.com/art/Freedom-19490162</guid>
            <pubDate>Wed, 15 Jun 2005 14:22:35 PDT</pubDate>
            <media:title type="plain">Freedom</media:title>
            <media:keywords></media:keywords>
            <media:rating>nonadult</media:rating>
            <media:category label="Conceptual">photography/conceptual</media:category>
            <media:credit role="author" scheme="urn:ebu">tyt2000</media:credit>
            <media:credit role="author" scheme="urn:ebu">https://a.deviantart.net/avatars/t/y/tyt2000.jpg?1</media:credit>
            <media:copyright url="https://tyt2000.deviantart.com">Copyright 2005-2019 tyt2000</media:copyright>            <media:description type="html">Have you ever been in a shell, counting the days, to finally be free...? This is, simply, Freedom...&lt;br /&gt;&lt;br /&gt;purchase a print of this photo &lt;a href=&quot;http://www.deviantart.com/print/18443782/&quot;&gt;[link]&lt;/a&gt;&lt;br /&gt;&lt;br /&gt;more work on my website &lt;a class=&quot;external&quot; href=&quot;http://www.deviantart.com/users/outgoing?http://thameraltassan.com&quot;&gt;[link]&lt;/a&gt;</media:description>            <media:thumbnail url="https://t00.deviantart.net/-nE4xh4CYWyh588ARr7GWmyK8js=/fit-in/150x150/filters:no_upscale():origin()/pre00/c192/th/pre/f/2008/040/6/1/615865faddc59fee.jpg" height="104" width="150"/>            <media:thumbnail url="https://t00.deviantart.net/BU64Z3G5vM2gTHAjUpW3qOlKPyg=/fit-in/300x900/filters:no_upscale():origin()/pre00/c192/th/pre/f/2008/040/6/1/615865faddc59fee.jpg" height="207" width="300"/>            <media:thumbnail url="https://t00.deviantart.net/HJcPIJZ-EpZcuxAGtd-hExzQOwk=/300x200/filters:fixed_height(100,100):origin()/pre00/c192/th/pre/f/2008/040/6/1/615865faddc59fee.jpg" height="200" width="290"/>            <media:content url="https://orig00.deviantart.net/369b/f/2008/040/6/1/615865faddc59fee.jpg" height="345" width="500" medium="image"/>
            <description>Have you ever been in a shell, counting the days, to finally be free...? This is, simply, Freedom...&lt;br /&gt;&lt;br /&gt;purchase a print of this photo &lt;a href=&quot;http://www.deviantart.com/print/18443782/&quot;&gt;[link]&lt;/a&gt;&lt;br /&gt;&lt;br /&gt;more work on my website &lt;a class=&quot;external&quot; href=&quot;http://www.deviantart.com/users/outgoing?http://thameraltassan.com&quot;&gt;[link]&lt;/a&gt;&lt;br /&gt;&lt;div&gt;&lt;img src=&quot;https://t00.deviantart.net/HJcPIJZ-EpZcuxAGtd-hExzQOwk=/300x200/filters:fixed_height(100,100):origin()/pre00/c192/th/pre/f/2008/040/6/1/615865faddc59fee.jpg&quot; alt=&quot;thumbnail&quot; /&gt;&lt;/div&gt;</description>            </item>
        <item>
            <title>Join the Waiting List for DeviantArt Eclipse</title>
            <link>https://danlev.deviantart.com/journal/Join-the-Waiting-List-for-DeviantArt-Eclipse-771801397</link>
            <guid isPermaLink="true">https://danlev.deviantart.com/journal/Join-the-Waiting-List-for-DeviantArt-Eclipse-771801397</guid>
            <pubDate>Thu, 08 Nov 2018 15:26:39 PST</pubDate>
            <media:title type="plain">Join the Waiting List for DeviantArt Eclipse</media:title>
            <media:keywords></media:keywords>
            <media:rating>nonadult</media:rating>
            <media:category label="Personal">journals/personal</media:category>
            <media:credit role="author" scheme="urn:ebu">danlev</media:credit>
            <media:credit role="author" scheme="urn:ebu">https://a.deviantart.net/avatars/d/a/danlev.jpg</media:credit>
            <media:copyright url="https://danlev.deviantart.com">Copyright 2018-2019 danlev</media:copyright>
            <media:community>
                <media:tags>@danlev</media:tags>
            </media:community>            <media:description type="html"></media:description>

            <media:content url="https://danlev.deviantart.com/journal/Join-the-Waiting-List-for-DeviantArt-Eclipse-771801397" medium="document" />
            <media:text type="html">

                Thanks to the efforts of AriBanks and her supporters, youâ€™ve gotten a glimpse of DeviantArt Eclipse. So now you probably want in? Weâ€™re stoked that you want access to the new redesign and to experience DeviantArt in dark or light.
                To get DeviantArt Eclipse:
                Favourite this journal
                Comment below (and while youâ€™re at it, feel free to tag a friend or two who may want to try it too!)
                Weâ€™ll add you to our growing list of deviants interested in stepping into the new phase with Eclipse. Keep in mind Eclipse will be steadily rolled out to deviants in batches over the coming weeks and months, so donâ€™t fret if you havenâ€™t received a notification just yet!</media:text>
            <description></description>            </item>
        <item>
            <title>FREE PHOTOSHOP/GIMP BRUSHES! + Explanation</title>
            <link>https://jonasdero.deviantart.com/art/FREE-PHOTOSHOP-GIMP-BRUSHES-Explanation-348274576</link>
            <guid isPermaLink="true">https://jonasdero.deviantart.com/art/FREE-PHOTOSHOP-GIMP-BRUSHES-Explanation-348274576</guid>
            <pubDate>Sun, 13 Jan 2013 05:09:28 PST</pubDate>
            <media:title type="plain">FREE PHOTOSHOP/GIMP BRUSHES! + Explanation</media:title>
            <media:keywords></media:keywords>
            <media:rating>nonadult</media:rating>
            <media:category label="Photoshop Brushes">resources/applications/psbrushes</media:category>
            <media:credit role="author" scheme="urn:ebu">JonasDeRo</media:credit>
            <media:credit role="author" scheme="urn:ebu">https://a.deviantart.net/avatars/j/o/jonasdero.jpg?2</media:credit>
            <media:copyright url="https://jonasdero.deviantart.com">Copyright 2013-2019 JonasDeRo</media:copyright>            <media:description type="html">&lt;img src=&quot;//s.deviantart.net/emoticons/f/facebook.gif&quot; alt=&quot;Facebook&quot; style=&quot;width: 16px; height: 16px;&quot; data-embed-type=&quot;emoticon&quot; data-embed-id=&quot;616&quot;&gt;&amp;nbsp;Follow Me :&lt;a class=&quot;external&quot; href=&quot;http://www.deviantart.com/users/outgoing?http://www.facebook.com/jonas.dero&quot;&gt;www.facebook.com/jonas.dero&lt;/a&gt;&lt;br /&gt;My Website:&lt;a class=&quot;external&quot; href=&quot;http://www.deviantart.com/users/outgoing?http://www.jonasdero.be&quot;&gt;www.jonasdero.be&lt;/a&gt;&lt;br /&gt;My Textures:&lt;a class=&quot;external&quot; href=&quot;http://www.deviantart.com/users/outgoing?http://www.cgtextures.com/&quot;&gt;www.cgtextures.com/&lt;/a&gt;&lt;br /&gt;&lt;br /&gt;-----------------------------------------------------------------------------------&lt;br /&gt;&lt;img src=&quot;//s.deviantart.net/emoticons/b/bulletblue.gif&quot; alt=&quot;Bullet; Blue&quot; style=&quot;width: 10px; height: 10px;&quot; data-embed-type=&quot;emoticon&quot; data-embed-id=&quot;211&quot;&gt;&amp;nbsp;Click the IMAGE to read the brush explanation guide.&lt;br /&gt;&lt;div&gt;&lt;img src=&quot;//s.deviantart.net/emoticons/b/bulletblue.gif&quot; alt=&quot;Bullet; Blue&quot; style=&quot;width: 10px; height: 10px;&quot; data-embed-type=&quot;emoticon&quot; data-embed-id=&quot;211&quot;&gt;&lt;span&gt;&amp;nbsp;&lt;/span&gt;Click the DOWNLOADS button to download for CS6.&lt;br /&gt;&lt;div&gt;&lt;img src=&quot;//s.deviantart.net/emoticons/b/bulletblue.gif&quot; alt=&quot;Bullet; Blue&quot; style=&quot;width: 10px; height: 10px;&quot; data-embed-type=&quot;emoticon&quot; data-embed-id=&quot;211&quot;&gt;&lt;span&gt;&amp;nbsp;&lt;/span&gt;Click this LINK: &lt;a class=&quot;external&quot; href=&quot;http://www.deviantart.com/users/outgoing?http://goo.gl/GrFFKp&quot;&gt;goo.gl/GrFFKp&lt;/a&gt; for GIMP, CS5 and older.&lt;br /&gt;-----------------------------------------------------------------------------------&lt;br /&gt;&lt;br /&gt;Most importantly SHARE or FAVOURITE to spread the &lt;img src=&quot;http://e.deviantart.net/emoticons/f/favheart.gif&quot; width=&quot;15&quot; height=&quot;14&quot; alt=&quot;:+favlove:&quot; data-embed-type=&quot;emoticon&quot; data-embed-id=&quot;195&quot; title=&quot;+favlove&quot;/&gt;&lt;div&gt;And thanks to the people who created many of these brushes including Dan Luvisi, Levi Peterfy, Jaime Jones and many more&lt;/div&gt;&lt;div&gt;who allowed editing and distributing them!&lt;/div&gt;&lt;div&gt;&lt;br /&gt;&lt;/div&gt;&lt;div&gt;&lt;br /&gt;&lt;/div&gt;&lt;div&gt;&lt;img src=&quot;//s.deviantart.net/emoticons/p/pc2.gif&quot; alt=&quot;Personal Computer&quot; style=&quot;width: 37px; height: 22px;&quot; data-embed-type=&quot;emoticon&quot; data-embed-id=&quot;167&quot;&gt;&amp;nbsp;&amp;nbsp;EDIT:&lt;/div&gt;&lt;div&gt;Thanks to Ozan-LeBlanC for converting the brushes to CS5 and older!&lt;/div&gt;&lt;/div&gt;&lt;/div&gt;</media:description>            <media:thumbnail url="https://t00.deviantart.net/Tr94x1O-AfjNq3omluLeJCnbsok=/fit-in/150x150/filters:no_upscale():origin()/pre00/3ff1/th/pre/f/2014/015/9/3/free_photoshop_gimp_brushes____explanation_by_jonasdero-d5rcqds.jpg" height="150" width="91"/>            <media:thumbnail url="https://t00.deviantart.net/Fj2ApZBmXekLOV7DARTkJdB_s_Q=/fit-in/300x900/filters:no_upscale():origin()/pre00/3ff1/th/pre/f/2014/015/9/3/free_photoshop_gimp_brushes____explanation_by_jonasdero-d5rcqds.jpg" height="495" width="300"/>            <media:thumbnail url="https://t00.deviantart.net/EyqrpYpOTOWo-UsyTsaEVnuWx0A=/300x200/filters:fixed_height(100,100):origin()/pre00/3ff1/th/pre/f/2014/015/9/3/free_photoshop_gimp_brushes____explanation_by_jonasdero-d5rcqds.jpg" height="200" width="121"/>            <media:content url="https://orig00.deviantart.net/ad4d/f/2014/015/9/3/free_photoshop_gimp_brushes____explanation_by_jonasdero-d5rcqds.jpg" height="2143" width="1300"/>
            <description>&lt;img src=&quot;//s.deviantart.net/emoticons/f/facebook.gif&quot; alt=&quot;Facebook&quot; style=&quot;width: 16px; height: 16px;&quot; data-embed-type=&quot;emoticon&quot; data-embed-id=&quot;616&quot;&gt;&amp;nbsp;Follow Me :&lt;a class=&quot;external&quot; href=&quot;http://www.deviantart.com/users/outgoing?http://www.facebook.com/jonas.dero&quot;&gt;www.facebook.com/jonas.dero&lt;/a&gt;&lt;br /&gt;My Website:&lt;a class=&quot;external&quot; href=&quot;http://www.deviantart.com/users/outgoing?http://www.jonasdero.be&quot;&gt;www.jonasdero.be&lt;/a&gt;&lt;br /&gt;My Textures:&lt;a class=&quot;external&quot; href=&quot;http://www.deviantart.com/users/outgoing?http://www.cgtextures.com/&quot;&gt;www.cgtextures.com/&lt;/a&gt;&lt;br /&gt;&lt;br /&gt;-----------------------------------------------------------------------------------&lt;br /&gt;&lt;img src=&quot;//s.deviantart.net/emoticons/b/bulletblue.gif&quot; alt=&quot;Bullet; Blue&quot; style=&quot;width: 10px; height: 10px;&quot; data-embed-type=&quot;emoticon&quot; data-embed-id=&quot;211&quot;&gt;&amp;nbsp;Click the IMAGE to read the brush explanation guide.&lt;br /&gt;&lt;div&gt;&lt;img src=&quot;//s.deviantart.net/emoticons/b/bulletblue.gif&quot; alt=&quot;Bullet; Blue&quot; style=&quot;width: 10px; height: 10px;&quot; data-embed-type=&quot;emoticon&quot; data-embed-id=&quot;211&quot;&gt;&lt;span&gt;&amp;nbsp;&lt;/span&gt;Click the DOWNLOADS button to download for CS6.&lt;br /&gt;&lt;div&gt;&lt;img src=&quot;//s.deviantart.net/emoticons/b/bulletblue.gif&quot; alt=&quot;Bullet; Blue&quot; style=&quot;width: 10px; height: 10px;&quot; data-embed-type=&quot;emoticon&quot; data-embed-id=&quot;211&quot;&gt;&lt;span&gt;&amp;nbsp;&lt;/span&gt;Click this LINK: &lt;a class=&quot;external&quot; href=&quot;http://www.deviantart.com/users/outgoing?http://goo.gl/GrFFKp&quot;&gt;goo.gl/GrFFKp&lt;/a&gt; for GIMP, CS5 and older.&lt;br /&gt;-----------------------------------------------------------------------------------&lt;br /&gt;&lt;br /&gt;Most importantly SHARE or FAVOURITE to spread the &lt;img src=&quot;http://e.deviantart.net/emoticons/f/favheart.gif&quot; width=&quot;15&quot; height=&quot;14&quot; alt=&quot;:+favlove:&quot; data-embed-type=&quot;emoticon&quot; data-embed-id=&quot;195&quot; title=&quot;+favlove&quot;/&gt;&lt;div&gt;And thanks to the people who created many of these brushes including Dan Luvisi, Levi Peterfy, Jaime Jones and many more&lt;/div&gt;&lt;div&gt;who allowed editing and distributing them!&lt;/div&gt;&lt;div&gt;&lt;br /&gt;&lt;/div&gt;&lt;div&gt;&lt;br /&gt;&lt;/div&gt;&lt;div&gt;&lt;img src=&quot;//s.deviantart.net/emoticons/p/pc2.gif&quot; alt=&quot;Personal Computer&quot; style=&quot;width: 37px; height: 22px;&quot; data-embed-type=&quot;emoticon&quot; data-embed-id=&quot;167&quot;&gt;&amp;nbsp;&amp;nbsp;EDIT:&lt;/div&gt;&lt;div&gt;Thanks to Ozan-LeBlanC for converting the brushes to CS5 and older!&lt;/div&gt;&lt;/div&gt;&lt;/div&gt;&lt;br /&gt;&lt;div&gt;&lt;img src=&quot;https://orig00.deviantart.net/ad4d/f/2014/015/9/3/free_photoshop_gimp_brushes____explanation_by_jonasdero-d5rcqds.jpg&quot; alt=&quot;thumbnail&quot; /&gt;&lt;/div&gt;</description>            </item>
        <item>
            <title>The Lights</title>
            <link>https://alicexz.deviantart.com/art/The-Lights-203459866</link>
            <guid isPermaLink="true">https://alicexz.deviantart.com/art/The-Lights-203459866</guid>
            <pubDate>Sun, 03 Apr 2011 12:17:28 PDT</pubDate>
            <media:title type="plain">The Lights</media:title>
            <media:keywords></media:keywords>
            <media:rating>nonadult</media:rating>
            <media:category label="Movies &amp; TV">fanart/wallpaper/movies</media:category>
            <media:credit role="author" scheme="urn:ebu">alicexz</media:credit>
            <media:credit role="author" scheme="urn:ebu">https://a.deviantart.net/avatars/a/l/alicexz.png?2</media:credit>
            <media:copyright url="https://alicexz.deviantart.com">Copyright 2011-2019 alicexz</media:copyright>            <media:description type="html">&lt;blockquote&gt;&lt;h1&gt;&lt;a class=&quot;external&quot; href=&quot;http://www.deviantart.com/users/outgoing?http://society6.com/alicexz/The-Lights_Print&quot;&gt;PRINT AVAILABLE&lt;/a&gt;&lt;/h1&gt;&lt;/blockquote&gt;Commission for &lt;span class=&quot;username-with-symbol u&quot;&gt;&lt;span class=&quot;simple-symbol&quot;&gt;~&lt;/span&gt;&lt;a class=&quot;u regular username&quot; href=&quot;http://devonlizz.deviantart.com&quot; &gt;devonlizz&lt;/a&gt;&lt;span class=&quot;user-symbol regular &quot; data-quicktip-text=&quot;&quot; data-show-tooltip=&quot;&quot;&gt;&lt;/span&gt;&lt;/span&gt;, who wanted something from the (awesome) lantern scene in &lt;i&gt;Tangled&lt;/i&gt;. Done over&amp;nbsp;&lt;a class=&quot;external&quot; href=&quot;http://www.deviantart.com/users/outgoing?http://livestream.com/alicexz&quot;&gt;Livestream&lt;/a&gt;, you can watch the entire process video: &lt;a class=&quot;external&quot; href=&quot;http://www.deviantart.com/users/outgoing?http://livestre.am/GRt9&quot;&gt;livestre.am/GRt9&lt;/a&gt; For those who caught the stream, thanks for watching!&lt;br /&gt;&lt;br /&gt;Drawn in Adobe Photoshop with a Wacom tablet, inspired by early &lt;i&gt;Tangled&lt;/i&gt; concept art &lt;a class=&quot;external&quot; href=&quot;http://www.deviantart.com/users/outgoing?http://2.bp.blogspot.com/_ZaxNLfRw-rc/TMjfa4aQ8uI/AAAAAAAAALU/waOrsU3dClQ/s1600/concept_art4.jpg&quot;&gt;by Jeffrey Turley&lt;/a&gt;, as well this scene from the film: &lt;a class=&quot;external&quot; href=&quot;http://www.deviantart.com/users/outgoing?http://youtu.be/9mayDR-PlXo&quot;&gt;youtu.be/9mayDR-PlXo&lt;/a&gt; Total painting time about 2.5 hours. Hit Download Image on the right for a free wallpaper size. (1600x1000px)&lt;br /&gt;&lt;br /&gt;&lt;span class=&quot;shadow-holder&quot; deviationid=&quot;202218274&quot; data-embed-type=&quot;deviation&quot; data-embed-id=&quot;202218274&quot; data-embed-format=&quot;thumb&quot;&gt;&lt;span class=&quot;shadow mild&quot; &gt;&lt;a class=&quot;thumb admature&quot; href=&quot;http://alicexz.deviantart.com/art/Rapunzel-202218274&quot; title=&quot;Rapunzel by alicexz, Mar 24, 2011 in Fan Art &amp;gt; Wallpaper &amp;gt; Other&quot; data-super-img=&quot;http://th08.deviantart.net/fs71/PRE/f/2011/083/8/a/rapunzel_by_alicexz-d3ce8ma.jpg&quot; data-super-width=&quot;1131&quot; data-super-height=&quot;707&quot; data-super-transparent=&quot;false&quot; data-super-full-img=&quot;http://fc08.deviantart.net/fs71/f/2011/083/8/a/rapunzel_by_alicexz-d3ce8ma.jpg&quot; data-super-full-width=&quot;1440&quot; data-super-full-height=&quot;900&quot;&gt;&lt;i&gt;&lt;/i&gt;&lt;img   width=&quot;150&quot; height=&quot;94&quot; alt=&quot;Rapunzel by alicexz&quot; src=&quot;http://th05.deviantart.net/fs71/150/f/2011/083/8/a/rapunzel_by_alicexz-d3ce8ma.jpg&quot; data-src=&quot;http://th05.deviantart.net/fs71/150/f/2011/083/8/a/rapunzel_by_alicexz-d3ce8ma.jpg&quot;&gt;&lt;/a&gt;&lt;/span&gt;&lt;!-- ^TTT --&gt;&lt;!-- TTT$ --&gt;&lt;/span&gt; &lt;span class=&quot;shadow-holder&quot; deviationid=&quot;192232374&quot; data-embed-type=&quot;deviation&quot; data-embed-id=&quot;192232374&quot; data-embed-format=&quot;thumb&quot;&gt;&lt;span class=&quot;shadow mild&quot; &gt;&lt;a class=&quot;thumb&quot; href=&quot;http://alicexz.deviantart.com/art/This-Provincial-Life-192232374&quot; title=&quot;This Provincial Life by alicexz, Jan 4, 2011 in Fan Art &amp;gt; Wallpaper &amp;gt; Movies &amp;amp; TV&quot; data-super-img=&quot;http://th09.deviantart.net/fs70/PRE/f/2011/004/c/c/this_provincial_life_by_alicexz-d36g7g6.jpg&quot; data-super-width=&quot;1131&quot; data-super-height=&quot;707&quot; data-super-transparent=&quot;false&quot; data-super-full-img=&quot;http://fc09.deviantart.net/fs70/f/2011/004/c/c/this_provincial_life_by_alicexz-d36g7g6.jpg&quot; data-super-full-width=&quot;1600&quot; data-super-full-height=&quot;1000&quot;&gt;&lt;i&gt;&lt;/i&gt;&lt;img   width=&quot;150&quot; height=&quot;94&quot; alt=&quot;This Provincial Life by alicexz&quot; src=&quot;http://th01.deviantart.net/fs70/150/f/2011/004/c/c/this_provincial_life_by_alicexz-d36g7g6.jpg&quot; data-src=&quot;http://th01.deviantart.net/fs70/150/f/2011/004/c/c/this_provincial_life_by_alicexz-d36g7g6.jpg&quot;&gt;&lt;/a&gt;&lt;/span&gt;&lt;!-- ^TTT --&gt;&lt;!-- TTT$ --&gt;&lt;/span&gt;&lt;br /&gt;&lt;br /&gt;&lt;b&gt;&lt;small&gt;Artwork by Alice X. Zhang&lt;/small&gt;&lt;/b&gt;&lt;br /&gt;&lt;b&gt;&lt;a class=&quot;external&quot; href=&quot;http://www.deviantart.com/users/outgoing?http://www.alicexz.com&quot;&gt;www.alicexz.com&lt;/a&gt;&lt;/b&gt; &amp;mdash; &lt;small&gt;&lt;b&gt;&lt;a class=&quot;external&quot; href=&quot;http://www.deviantart.com/users/outgoing?http://alicexz.tumblr.com&quot;&gt;SKETCHBLOG&lt;/a&gt;&lt;/b&gt; | &lt;b&gt;&lt;a class=&quot;external&quot; href=&quot;http://www.deviantart.com/users/outgoing?http://instagram.com/alicexz&quot;&gt;INSTAGRAM&lt;/a&gt;&lt;/b&gt; | &lt;b&gt;&lt;a class=&quot;external&quot; href=&quot;http://www.deviantart.com/users/outgoing?http://www.facebook.com/alicexz.art&quot;&gt;FACEBOOK&lt;/a&gt;&lt;/b&gt; | &lt;b&gt;&lt;a class=&quot;external&quot; href=&quot;http://www.deviantart.com/users/outgoing?http://twitter.com/alicexz&quot;&gt;TWITTER&lt;/a&gt;&lt;/b&gt; | &lt;b&gt;&lt;a class=&quot;external&quot; href=&quot;http://www.deviantart.com/users/outgoing?http://society6.com/alicexz&quot;&gt;SOCIETY6&lt;/a&gt;&lt;/b&gt;&lt;/small&gt;</media:description>            <media:thumbnail url="https://t00.deviantart.net/6xtJ_AuiQK2i6MtI09HhBzsDOIc=/fit-in/150x150/filters:no_upscale():origin()/pre00/c28c/th/pre/f/2011/093/a/2/the_lights_by_alicexz-d3d4umy.jpg" height="98" width="150"/>            <media:thumbnail url="https://t00.deviantart.net/ruzUXYMTyNAQWeq-jzvVcJRTg0M=/fit-in/300x900/filters:no_upscale():origin()/pre00/c28c/th/pre/f/2011/093/a/2/the_lights_by_alicexz-d3d4umy.jpg" height="195" width="300"/>            <media:thumbnail url="https://t00.deviantart.net/KPGkdefTn_CdcnZO_PY3CaTbPqg=/300x200/filters:fixed_height(100,100):origin()/pre00/c28c/th/pre/f/2011/093/a/2/the_lights_by_alicexz-d3d4umy.jpg" height="195" width="300"/>            <media:content url="https://pre00.deviantart.net/c28c/th/pre/f/2011/093/a/2/the_lights_by_alicexz-d3d4umy.jpg" height="721" width="1109" medium="image"/>
            <description>&lt;blockquote&gt;&lt;h1&gt;&lt;a class=&quot;external&quot; href=&quot;http://www.deviantart.com/users/outgoing?http://society6.com/alicexz/The-Lights_Print&quot;&gt;PRINT AVAILABLE&lt;/a&gt;&lt;/h1&gt;&lt;/blockquote&gt;Commission for &lt;span class=&quot;username-with-symbol u&quot;&gt;&lt;span class=&quot;simple-symbol&quot;&gt;~&lt;/span&gt;&lt;a class=&quot;u regular username&quot; href=&quot;http://devonlizz.deviantart.com&quot; &gt;devonlizz&lt;/a&gt;&lt;span class=&quot;user-symbol regular &quot; data-quicktip-text=&quot;&quot; data-show-tooltip=&quot;&quot;&gt;&lt;/span&gt;&lt;/span&gt;, who wanted something from the (awesome) lantern scene in &lt;i&gt;Tangled&lt;/i&gt;. Done over&amp;nbsp;&lt;a class=&quot;external&quot; href=&quot;http://www.deviantart.com/users/outgoing?http://livestream.com/alicexz&quot;&gt;Livestream&lt;/a&gt;, you can watch the entire process video: &lt;a class=&quot;external&quot; href=&quot;http://www.deviantart.com/users/outgoing?http://livestre.am/GRt9&quot;&gt;livestre.am/GRt9&lt;/a&gt; For those who caught the stream, thanks for watching!&lt;br /&gt;&lt;br /&gt;Drawn in Adobe Photoshop with a Wacom tablet, inspired by early &lt;i&gt;Tangled&lt;/i&gt; concept art &lt;a class=&quot;external&quot; href=&quot;http://www.deviantart.com/users/outgoing?http://2.bp.blogspot.com/_ZaxNLfRw-rc/TMjfa4aQ8uI/AAAAAAAAALU/waOrsU3dClQ/s1600/concept_art4.jpg&quot;&gt;by Jeffrey Turley&lt;/a&gt;, as well this scene from the film: &lt;a class=&quot;external&quot; href=&quot;http://www.deviantart.com/users/outgoing?http://youtu.be/9mayDR-PlXo&quot;&gt;youtu.be/9mayDR-PlXo&lt;/a&gt; Total painting time about 2.5 hours. Hit Download Image on the right for a free wallpaper size. (1600x1000px)&lt;br /&gt;&lt;br /&gt;&lt;span class=&quot;shadow-holder&quot; deviationid=&quot;202218274&quot; data-embed-type=&quot;deviation&quot; data-embed-id=&quot;202218274&quot; data-embed-format=&quot;thumb&quot;&gt;&lt;span class=&quot;shadow mild&quot; &gt;&lt;a class=&quot;thumb admature&quot; href=&quot;http://alicexz.deviantart.com/art/Rapunzel-202218274&quot; title=&quot;Rapunzel by alicexz, Mar 24, 2011 in Fan Art &amp;gt; Wallpaper &amp;gt; Other&quot; data-super-img=&quot;http://th08.deviantart.net/fs71/PRE/f/2011/083/8/a/rapunzel_by_alicexz-d3ce8ma.jpg&quot; data-super-width=&quot;1131&quot; data-super-height=&quot;707&quot; data-super-transparent=&quot;false&quot; data-super-full-img=&quot;http://fc08.deviantart.net/fs71/f/2011/083/8/a/rapunzel_by_alicexz-d3ce8ma.jpg&quot; data-super-full-width=&quot;1440&quot; data-super-full-height=&quot;900&quot;&gt;&lt;i&gt;&lt;/i&gt;&lt;img   width=&quot;150&quot; height=&quot;94&quot; alt=&quot;Rapunzel by alicexz&quot; src=&quot;http://th05.deviantart.net/fs71/150/f/2011/083/8/a/rapunzel_by_alicexz-d3ce8ma.jpg&quot; data-src=&quot;http://th05.deviantart.net/fs71/150/f/2011/083/8/a/rapunzel_by_alicexz-d3ce8ma.jpg&quot;&gt;&lt;/a&gt;&lt;/span&gt;&lt;!-- ^TTT --&gt;&lt;!-- TTT$ --&gt;&lt;/span&gt; &lt;span class=&quot;shadow-holder&quot; deviationid=&quot;192232374&quot; data-embed-type=&quot;deviation&quot; data-embed-id=&quot;192232374&quot; data-embed-format=&quot;thumb&quot;&gt;&lt;span class=&quot;shadow mild&quot; &gt;&lt;a class=&quot;thumb&quot; href=&quot;http://alicexz.deviantart.com/art/This-Provincial-Life-192232374&quot; title=&quot;This Provincial Life by alicexz, Jan 4, 2011 in Fan Art &amp;gt; Wallpaper &amp;gt; Movies &amp;amp; TV&quot; data-super-img=&quot;http://th09.deviantart.net/fs70/PRE/f/2011/004/c/c/this_provincial_life_by_alicexz-d36g7g6.jpg&quot; data-super-width=&quot;1131&quot; data-super-height=&quot;707&quot; data-super-transparent=&quot;false&quot; data-super-full-img=&quot;http://fc09.deviantart.net/fs70/f/2011/004/c/c/this_provincial_life_by_alicexz-d36g7g6.jpg&quot; data-super-full-width=&quot;1600&quot; data-super-full-height=&quot;1000&quot;&gt;&lt;i&gt;&lt;/i&gt;&lt;img   width=&quot;150&quot; height=&quot;94&quot; alt=&quot;This Provincial Life by alicexz&quot; src=&quot;http://th01.deviantart.net/fs70/150/f/2011/004/c/c/this_provincial_life_by_alicexz-d36g7g6.jpg&quot; data-src=&quot;http://th01.deviantart.net/fs70/150/f/2011/004/c/c/this_provincial_life_by_alicexz-d36g7g6.jpg&quot;&gt;&lt;/a&gt;&lt;/span&gt;&lt;!-- ^TTT --&gt;&lt;!-- TTT$ --&gt;&lt;/span&gt;&lt;br /&gt;&lt;br /&gt;&lt;b&gt;&lt;small&gt;Artwork by Alice X. Zhang&lt;/small&gt;&lt;/b&gt;&lt;br /&gt;&lt;b&gt;&lt;a class=&quot;external&quot; href=&quot;http://www.deviantart.com/users/outgoing?http://www.alicexz.com&quot;&gt;www.alicexz.com&lt;/a&gt;&lt;/b&gt; &amp;mdash; &lt;small&gt;&lt;b&gt;&lt;a class=&quot;external&quot; href=&quot;http://www.deviantart.com/users/outgoing?http://alicexz.tumblr.com&quot;&gt;SKETCHBLOG&lt;/a&gt;&lt;/b&gt; | &lt;b&gt;&lt;a class=&quot;external&quot; href=&quot;http://www.deviantart.com/users/outgoing?http://instagram.com/alicexz&quot;&gt;INSTAGRAM&lt;/a&gt;&lt;/b&gt; | &lt;b&gt;&lt;a class=&quot;external&quot; href=&quot;http://www.deviantart.com/users/outgoing?http://www.facebook.com/alicexz.art&quot;&gt;FACEBOOK&lt;/a&gt;&lt;/b&gt; | &lt;b&gt;&lt;a class=&quot;external&quot; href=&quot;http://www.deviantart.com/users/outgoing?http://twitter.com/alicexz&quot;&gt;TWITTER&lt;/a&gt;&lt;/b&gt; | &lt;b&gt;&lt;a class=&quot;external&quot; href=&quot;http://www.deviantart.com/users/outgoing?http://society6.com/alicexz&quot;&gt;SOCIETY6&lt;/a&gt;&lt;/b&gt;&lt;/small&gt;&lt;br /&gt;&lt;div&gt;&lt;img src=&quot;https://t00.deviantart.net/KPGkdefTn_CdcnZO_PY3CaTbPqg=/300x200/filters:fixed_height(100,100):origin()/pre00/c28c/th/pre/f/2011/093/a/2/the_lights_by_alicexz-d3d4umy.jpg&quot; alt=&quot;thumbnail&quot; /&gt;&lt;/div&gt;</description>            </item>
        <item>
            <title>Angel of Fire</title>
            <link>https://garun.deviantart.com/art/Angel-of-Fire-1377260</link>
            <guid isPermaLink="true">https://garun.deviantart.com/art/Angel-of-Fire-1377260</guid>
            <pubDate>Tue, 25 Feb 2003 12:00:00 PST</pubDate>
            <media:title type="plain">Angel of Fire</media:title>
            <media:keywords></media:keywords>
            <media:rating>nonadult</media:rating>
            <media:category label="Drawings">manga/digital/drawings</media:category>
            <media:credit role="author" scheme="urn:ebu">garun</media:credit>
            <media:credit role="author" scheme="urn:ebu">https://a.deviantart.net/avatars/g/a/garun.gif</media:credit>
            <media:copyright url="https://garun.deviantart.com">Copyright 2003-2019 garun</media:copyright>            <media:description type="html">This pic for the Elemental Calendar 2003 co-project which I proceeded  with my friends.&lt;br&gt;
            My duty is The Angel of Fire</media:description>            <media:thumbnail url="https://t00.deviantart.net/BD6LEJKtv5Y-k9c4mwUKqb9nbdE=/fit-in/150x150/filters:no_upscale():origin()/pre00/d9d9/th/pre/i/2005/190/a/9/angel_of_fire_by_garun.jpg" height="150" width="100"/>            <media:thumbnail url="https://t00.deviantart.net/hFb6gkGarnH7X8UCub8H4HhCWSI=/fit-in/300x900/filters:no_upscale():origin()/pre00/d9d9/th/pre/i/2005/190/a/9/angel_of_fire_by_garun.jpg" height="450" width="300"/>            <media:thumbnail url="https://t00.deviantart.net/x1NG00VKtsg-7NSc7QKS8ay8fc8=/300x200/filters:fixed_height(100,100):origin()/pre00/d9d9/th/pre/i/2005/190/a/9/angel_of_fire_by_garun.jpg" height="200" width="133"/>            <media:content url="https://img00.deviantart.net/236e/i/2005/190/a/9/angel_of_fire_by_garun.jpg" height="900" width="600" medium="image"/>
            <description>This pic for the Elemental Calendar 2003 co-project which I proceeded  with my friends.&lt;br&gt;
                My duty is The Angel of Fire&lt;br /&gt;&lt;div&gt;&lt;img src=&quot;https://t00.deviantart.net/x1NG00VKtsg-7NSc7QKS8ay8fc8=/300x200/filters:fixed_height(100,100):origin()/pre00/d9d9/th/pre/i/2005/190/a/9/angel_of_fire_by_garun.jpg&quot; alt=&quot;thumbnail&quot; /&gt;&lt;/div&gt;</description>            </item>
        <item>
            <title>Seasonscape</title>
            <link>https://alexiuss.deviantart.com/art/Seasonscape-69489448</link>
            <guid isPermaLink="true">https://alexiuss.deviantart.com/art/Seasonscape-69489448</guid>
            <pubDate>Sat, 10 Nov 2007 14:22:54 PST</pubDate>
            <media:title type="plain">Seasonscape</media:title>
            <media:keywords></media:keywords>
            <media:rating>nonadult</media:rating>
            <media:category label="Landscapes &amp; Scenery">digitalart/paintings/landscapes</media:category>
            <media:credit role="author" scheme="urn:ebu">alexiuss</media:credit>
            <media:credit role="author" scheme="urn:ebu">https://a.deviantart.net/avatars/a/l/alexiuss.png?5</media:credit>
            <media:copyright url="https://alexiuss.deviantart.com">Copyright 2007-2019 alexiuss</media:copyright>            <media:description type="html">&lt;b&gt;&lt;a target=&quot;_self&quot; href=&quot;https://www.deviantart.com/captainfanclub&quot; &gt;&lt;img class=&quot;avatar group&quot; width=&quot;100&quot; height=&quot;50&quot; src=&quot;https://a.deviantart.net/avatars/c/a/captainfanclub.png?1&quot; alt=&quot;:iconcaptainfanclub:&quot; title=&quot;CaptainFanClub&quot; /&gt;&lt;/a&gt; &lt;a target=&quot;_self&quot; href=&quot;https://www.deviantart.com/saysplz&quot; &gt;&lt;img class=&quot;avatar&quot; width=&quot;50&quot; height=&quot;50&quot; src=&quot;https://a.deviantart.net/avatars/s/a/saysplz.gif&quot; alt=&quot;:iconsaysplz:&quot; title=&quot;saysplz&quot; /&gt;&lt;/a&gt;&lt;a class=&quot;external&quot; href=&quot;https://www.deviantart.com/users/outgoing?http://romanticallyapocalyptic.com/1&quot;&gt;WANT MORE DELICIOUS ARTS? READ ROMANTICALLY APOCALYPTIC&lt;/a&gt; &lt;a class=&quot;external&quot; href=&quot;https://www.deviantart.com/users/outgoing?http://WWW.ROM.AC&quot;&gt;WWW.ROM.AC&lt;/a&gt;&lt;br /&gt;&lt;/b&gt;</media:description>            <media:thumbnail url="https://t00.deviantart.net/JYhDGF9ZczK-o70JDq1BdrxSWeQ=/fit-in/150x150/filters:no_upscale():origin()/pre00/373b/th/pre/f/2008/349/1/9/seasonscape_by_alexiuss.jpg" height="78" width="150"/>            <media:thumbnail url="https://t00.deviantart.net/WdF3MmaU71Do_XKVmmZVR6eSAEE=/fit-in/300x900/filters:no_upscale():origin()/pre00/373b/th/pre/f/2008/349/1/9/seasonscape_by_alexiuss.jpg" height="156" width="300"/>            <media:thumbnail url="https://t00.deviantart.net/Qt-Oc34BlmTpzSOgkxamlAcDWvc=/300x200/filters:fixed_height(100,100):origin()/pre00/373b/th/pre/f/2008/349/1/9/seasonscape_by_alexiuss.jpg" height="156" width="300"/>            <media:content url="https://pre00.deviantart.net/373b/th/pre/f/2008/349/1/9/seasonscape_by_alexiuss.jpg" height="644" width="1241" medium="image"/>
            <description>&lt;b&gt;&lt;a target=&quot;_self&quot; href=&quot;https://www.deviantart.com/captainfanclub&quot; &gt;&lt;img class=&quot;avatar group&quot; width=&quot;100&quot; height=&quot;50&quot; src=&quot;https://a.deviantart.net/avatars/c/a/captainfanclub.png?1&quot; alt=&quot;:iconcaptainfanclub:&quot; title=&quot;CaptainFanClub&quot; /&gt;&lt;/a&gt; &lt;a target=&quot;_self&quot; href=&quot;https://www.deviantart.com/saysplz&quot; &gt;&lt;img class=&quot;avatar&quot; width=&quot;50&quot; height=&quot;50&quot; src=&quot;https://a.deviantart.net/avatars/s/a/saysplz.gif&quot; alt=&quot;:iconsaysplz:&quot; title=&quot;saysplz&quot; /&gt;&lt;/a&gt;&lt;a class=&quot;external&quot; href=&quot;https://www.deviantart.com/users/outgoing?http://romanticallyapocalyptic.com/1&quot;&gt;WANT MORE DELICIOUS ARTS? READ ROMANTICALLY APOCALYPTIC&lt;/a&gt; &lt;a class=&quot;external&quot; href=&quot;https://www.deviantart.com/users/outgoing?http://WWW.ROM.AC&quot;&gt;WWW.ROM.AC&lt;/a&gt;&lt;br /&gt;&lt;/b&gt;&lt;br /&gt;&lt;div&gt;&lt;img src=&quot;https://t00.deviantart.net/Qt-Oc34BlmTpzSOgkxamlAcDWvc=/300x200/filters:fixed_height(100,100):origin()/pre00/373b/th/pre/f/2008/349/1/9/seasonscape_by_alexiuss.jpg&quot; alt=&quot;thumbnail&quot; /&gt;&lt;/div&gt;</description>            </item>
        <item>
            <title>Natural History</title>
            <link>https://lithiumpicnic.deviantart.com/art/Natural-History-24867853</link>
            <guid isPermaLink="true">https://lithiumpicnic.deviantart.com/art/Natural-History-24867853</guid>
            <pubDate>Sat, 05 Nov 2005 12:36:50 PST</pubDate>
            <media:title type="plain">Natural History</media:title>
            <media:keywords></media:keywords>
            <media:rating>nonadult</media:rating>
            <media:category label="Fashion Portraits">photography/people/fashion</media:category>
            <media:credit role="author" scheme="urn:ebu">lithiumpicnic</media:credit>
            <media:credit role="author" scheme="urn:ebu">https://a.deviantart.net/avatars/l/i/lithiumpicnic.jpg?2</media:credit>
            <media:copyright url="https://lithiumpicnic.deviantart.com">Copyright 2005-2019 lithiumpicnic</media:copyright>
            <media:community>
                <media:tags>@lithium_picnic</media:tags>
            </media:community>            <media:description type="html">model: apnea&lt;br /&gt;
            makeup and styling by model&lt;br /&gt;
            lady pheasant headdress and choker by Peacock Blue &lt;a href=&quot;http://www.peacock-blue.com&quot;&gt;[link]&lt;/a&gt;&lt;br /&gt;
            &lt;br /&gt;
            9x12 print available at DA and a few other sizes here: &lt;a href=&quot;http://lithiumpicnic.fotki.com/prints_for_sale/&quot;&gt;[link]&lt;/a&gt;</media:description>            <media:thumbnail url="https://t00.deviantart.net/PdkVYGIHMeHMYfFbJJruQz6pGI4=/fit-in/150x150/filters:no_upscale():origin()/pre00/9c55/th/pre/i/2005/309/3/4/natural_history_by_lithiumpicnic.jpg" height="150" width="100"/>            <media:thumbnail url="https://t00.deviantart.net/Ok4qxBK0z_BLCADPbq2WWamJ41A=/fit-in/300x900/filters:no_upscale():origin()/pre00/9c55/th/pre/i/2005/309/3/4/natural_history_by_lithiumpicnic.jpg" height="450" width="300"/>            <media:thumbnail url="https://t00.deviantart.net/i-lfeYXJgtDCOISLWtt8m0WCAJw=/300x200/filters:fixed_height(100,100):origin()/pre00/9c55/th/pre/i/2005/309/3/4/natural_history_by_lithiumpicnic.jpg" height="200" width="133"/>            <media:content url="https://img00.deviantart.net/e1f0/i/2005/309/3/4/natural_history_by_lithiumpicnic.jpg" height="800" width="533" medium="image"/>
            <description>model: apnea&lt;br /&gt;
                makeup and styling by model&lt;br /&gt;
                lady pheasant headdress and choker by Peacock Blue &lt;a href=&quot;http://www.peacock-blue.com&quot;&gt;[link]&lt;/a&gt;&lt;br /&gt;
                &lt;br /&gt;
                9x12 print available at DA and a few other sizes here: &lt;a href=&quot;http://lithiumpicnic.fotki.com/prints_for_sale/&quot;&gt;[link]&lt;/a&gt;&lt;br /&gt;&lt;div&gt;&lt;img src=&quot;https://t00.deviantart.net/i-lfeYXJgtDCOISLWtt8m0WCAJw=/300x200/filters:fixed_height(100,100):origin()/pre00/9c55/th/pre/i/2005/309/3/4/natural_history_by_lithiumpicnic.jpg&quot; alt=&quot;thumbnail&quot; /&gt;&lt;/div&gt;</description>            </item>
        <item>
            <title>The City</title>
            <link>https://asuka111.deviantart.com/art/The-City-171261927</link>
            <guid isPermaLink="true">https://asuka111.deviantart.com/art/The-City-171261927</guid>
            <pubDate>Wed, 14 Jul 2010 03:12:50 PDT</pubDate>
            <media:title type="plain">The City</media:title>
            <media:keywords></media:keywords>
            <media:rating>nonadult</media:rating>
            <media:category label="Landscapes &amp; Scenery">digitalart/paintings/landscapes</media:category>
            <media:credit role="author" scheme="urn:ebu">asuka111</media:credit>
            <media:credit role="author" scheme="urn:ebu">https://a.deviantart.net/avatars/a/s/asuka111.jpg?2</media:credit>
            <media:copyright url="https://asuka111.deviantart.com">Copyright 2010-2019 asuka111</media:copyright>            <media:description type="html">Chaotic scenery of the city. &lt;br /&gt;Inspiration from Bangkok &#039;s Silom road.</media:description>            <media:thumbnail url="https://t00.deviantart.net/WGpYSVfXaew_rDpwTXJevYkndlE=/fit-in/150x150/filters:no_upscale():origin()/pre00/61cc/th/pre/i/2010/195/8/d/the_city_by_asuka111.jpg" height="114" width="150"/>            <media:thumbnail url="https://t00.deviantart.net/zAlRXG36MDxrMtRI1I6UBGihoI8=/fit-in/300x900/filters:no_upscale():origin()/pre00/61cc/th/pre/i/2010/195/8/d/the_city_by_asuka111.jpg" height="227" width="300"/>            <media:thumbnail url="https://t00.deviantart.net/WWjjzvY-qfo2f3IhwgrNq4YfLCw=/300x200/filters:fixed_height(100,100):origin()/pre00/61cc/th/pre/i/2010/195/8/d/the_city_by_asuka111.jpg" height="200" width="264"/>            <media:content url="https://img00.deviantart.net/394a/i/2010/195/8/d/the_city_by_asuka111.jpg" height="776" width="1024" medium="image"/>
            <description>Chaotic scenery of the city. &lt;br /&gt;Inspiration from Bangkok &#039;s Silom road.&lt;br /&gt;&lt;div&gt;&lt;img src=&quot;https://t00.deviantart.net/WWjjzvY-qfo2f3IhwgrNq4YfLCw=/300x200/filters:fixed_height(100,100):origin()/pre00/61cc/th/pre/i/2010/195/8/d/the_city_by_asuka111.jpg&quot; alt=&quot;thumbnail&quot; /&gt;&lt;/div&gt;</description>            </item>
        <item>
            <title>Infinite Dreams</title>
            <link>https://rhads.deviantart.com/art/Infinite-Dreams-327473896</link>
            <guid isPermaLink="true">https://rhads.deviantart.com/art/Infinite-Dreams-327473896</guid>
            <pubDate>Sun, 16 Sep 2012 00:01:53 PDT</pubDate>
            <media:title type="plain">Infinite Dreams</media:title>
            <media:keywords></media:keywords>
            <media:rating>nonadult</media:rating>
            <media:category label="Surreal">digitalart/paintings/surreal</media:category>
            <media:credit role="author" scheme="urn:ebu">RHADS</media:credit>
            <media:credit role="author" scheme="urn:ebu">https://a.deviantart.net/avatars/r/h/rhads.png?14</media:credit>
            <media:copyright url="https://rhads.deviantart.com">Copyright 2012-2019 RHADS</media:copyright>            <media:description type="html">music at the moment: Whitesnake - The Deeper The Love/&lt;br /&gt;&lt;br /&gt;&lt;br /&gt;one click here, plz:&lt;br /&gt;&lt;img src=&quot;http://e.deviantart.net/emoticons/b/below.gif&quot; width=&quot;15&quot; height=&quot;15&quot; alt=&quot;:below:&quot; data-embed-type=&quot;emoticon&quot; data-embed-id=&quot;48&quot; title=&quot;Post Below&quot;/&gt;&lt;img src=&quot;http://e.deviantart.net/emoticons/b/below.gif&quot; width=&quot;15&quot; height=&quot;15&quot; alt=&quot;:below:&quot; data-embed-type=&quot;emoticon&quot; data-embed-id=&quot;48&quot; title=&quot;Post Below&quot;/&gt; &lt;br /&gt;&lt;a href=&quot;http://rhads.deviantart.com/&quot;&gt;rhads.deviantart.com/&lt;/a&gt;&lt;br /&gt;&lt;img src=&quot;http://e.deviantart.net/emoticons/a/above.gif&quot; width=&quot;15&quot; height=&quot;15&quot; alt=&quot;:above:&quot; data-embed-type=&quot;emoticon&quot; data-embed-id=&quot;49&quot; title=&quot;Post Above&quot;/&gt;&lt;img src=&quot;http://e.deviantart.net/emoticons/a/above.gif&quot; width=&quot;15&quot; height=&quot;15&quot; alt=&quot;:above:&quot; data-embed-type=&quot;emoticon&quot; data-embed-id=&quot;49&quot; title=&quot;Post Above&quot;/&gt;&lt;br /&gt;&lt;br /&gt;also&lt;br /&gt;&lt;span class=&quot;shadow-holder&quot; deviationid=&quot;335848873&quot; data-embed-type=&quot;deviation&quot; data-embed-id=&quot;335848873&quot; data-embed-format=&quot;thumb&quot;&gt;&lt;span class=&quot;shadow mild&quot; &gt;&lt;a class=&quot;thumb hasprint&quot; href=&quot;http://rhads.deviantart.com/art/Endless-Journey-335848873&quot; title=&quot;Endless Journey by RHADS, Nov 4, 2012 in Digital Art &amp;gt; Drawings &amp;gt; Surreal&quot; data-super-img=&quot;http://th00.deviantart.net/fs71/PRE/i/2012/308/b/c/endless_journey_by_rhads-d5jyend.jpg&quot; data-super-width=&quot;894&quot; data-super-height=&quot;894&quot; data-super-transparent=&quot;false&quot; data-super-full-img=&quot;http://fc08.deviantart.net/fs71/i/2012/308/b/c/endless_journey_by_rhads-d5jyend.jpg&quot; data-super-full-width=&quot;900&quot; data-super-full-height=&quot;900&quot;&gt;&lt;i&gt;&lt;/i&gt;&lt;img   width=&quot;150&quot; height=&quot;150&quot; alt=&quot;Endless Journey by RHADS&quot; src=&quot;http://th09.deviantart.net/fs71/150/i/2012/308/b/c/endless_journey_by_rhads-d5jyend.jpg&quot; data-src=&quot;http://th09.deviantart.net/fs71/150/i/2012/308/b/c/endless_journey_by_rhads-d5jyend.jpg&quot;&gt;&lt;/a&gt;&lt;/span&gt;&lt;!-- ^TTT --&gt;&lt;!-- TTT$ --&gt;&lt;/span&gt; &lt;span class=&quot;shadow-holder&quot; deviationid=&quot;343275834&quot; data-embed-type=&quot;deviation&quot; data-embed-id=&quot;343275834&quot; data-embed-format=&quot;thumb&quot;&gt;&lt;span class=&quot;shadow mild&quot; &gt;&lt;a class=&quot;thumb hasprint&quot; href=&quot;http://rhads.deviantart.com/art/Deep-Breath-343275834&quot; title=&quot;Deep Breath by RHADS, Dec 17, 2012 in Digital Art &amp;gt; Drawings &amp;gt; Surreal&quot; data-super-img=&quot;http://fc06.deviantart.net/fs70/i/2012/351/a/1/deep_breath_by_rhads-d5odlbu.jpg&quot; data-super-width=&quot;800&quot; data-super-height=&quot;960&quot; data-super-transparent=&quot;false&quot;&gt;&lt;i&gt;&lt;/i&gt;&lt;img   width=&quot;125&quot; height=&quot;150&quot; alt=&quot;Deep Breath by RHADS&quot; src=&quot;http://th08.deviantart.net/fs70/150/i/2012/351/a/1/deep_breath_by_rhads-d5odlbu.jpg&quot; data-src=&quot;http://th08.deviantart.net/fs70/150/i/2012/351/a/1/deep_breath_by_rhads-d5odlbu.jpg&quot;&gt;&lt;/a&gt;&lt;/span&gt;&lt;!-- ^TTT --&gt;&lt;!-- TTT$ --&gt;&lt;/span&gt;&amp;nbsp;&lt;span class=&quot;shadow-holder&quot; deviationid=&quot;422865667&quot; data-embed-type=&quot;deviation&quot; data-embed-id=&quot;422865667&quot; data-embed-format=&quot;thumb&quot;&gt;&lt;span class=&quot;shadow mild&quot; &gt;&lt;a class=&quot;thumb hasprint&quot; href=&quot;http://rhads.deviantart.com/art/Dreamkiller-422865667&quot; title=&quot;Dreamkiller by RHADS, Dec 29, 2013 in Digital Art &amp;gt; Drawings &amp;amp; Paintings &amp;gt; Surreal&quot; data-super-img=&quot;http://fc08.deviantart.net/fs70/i/2013/362/0/1/dreamkiller_by_rhads-d6zrh8j.jpg&quot; data-super-width=&quot;900&quot; data-super-height=&quot;601&quot; data-super-transparent=&quot;false&quot;&gt;&lt;i&gt;&lt;/i&gt;&lt;img   width=&quot;150&quot; height=&quot;100&quot; alt=&quot;Dreamkiller by RHADS&quot; src=&quot;http://th04.deviantart.net/fs70/150/i/2013/362/0/1/dreamkiller_by_rhads-d6zrh8j.jpg&quot; data-src=&quot;http://th04.deviantart.net/fs70/150/i/2013/362/0/1/dreamkiller_by_rhads-d6zrh8j.jpg&quot;&gt;&lt;/a&gt;&lt;/span&gt;&lt;!-- ^TTT --&gt;&lt;!-- TTT$ --&gt;&lt;/span&gt;&lt;br /&gt;&lt;br /&gt;&amp;#1074;&amp;#1082;&amp;#1086;&amp;#1085;&amp;#1090;&amp;#1072;&amp;#1082;&amp;#1090; &lt;a class=&quot;external&quot; href=&quot;http://www.deviantart.com/users/outgoing?http://vk.com/rhads&quot;&gt;vk.com/rhads&lt;/a&gt;&lt;br /&gt;facebook &lt;a class=&quot;external&quot; href=&quot;http://www.deviantart.com/users/outgoing?http://www.facebook.com/therhads&quot;&gt;www.facebook.com/therhads&lt;/a&gt;&lt;br /&gt;youtube &lt;a class=&quot;external&quot; href=&quot;http://www.deviantart.com/users/outgoing?http://www.youtube.com/user/ThArt001&quot;&gt;www.youtube.com/user/ThArt001&lt;/a&gt;</media:description>            <media:thumbnail url="https://t00.deviantart.net/N7P-ym2Gpiw9X_C64SDzOKnvQvc=/fit-in/150x150/filters:no_upscale():origin()/pre00/c7dc/th/pre/i/2013/361/c/3/infinite_dreams_by_rhads-d5eywh4.jpg" height="129" width="150"/>            <media:thumbnail url="https://t00.deviantart.net/VnE3Y4wXser5rRDtJGmi3ojZH7w=/fit-in/300x900/filters:no_upscale():origin()/pre00/c7dc/th/pre/i/2013/361/c/3/infinite_dreams_by_rhads-d5eywh4.jpg" height="258" width="300"/>            <media:thumbnail url="https://t00.deviantart.net/SUN1Cgltj6WasYCp9wMp0my26PU=/300x200/filters:fixed_height(100,100):origin()/pre00/c7dc/th/pre/i/2013/361/c/3/infinite_dreams_by_rhads-d5eywh4.jpg" height="200" width="233"/>            <media:content url="https://img00.deviantart.net/3b73/i/2013/361/c/3/infinite_dreams_by_rhads-d5eywh4.jpg" height="774" width="900" medium="image"/>
            <description>music at the moment: Whitesnake - The Deeper The Love/&lt;br /&gt;&lt;br /&gt;&lt;br /&gt;one click here, plz:&lt;br /&gt;&lt;img src=&quot;http://e.deviantart.net/emoticons/b/below.gif&quot; width=&quot;15&quot; height=&quot;15&quot; alt=&quot;:below:&quot; data-embed-type=&quot;emoticon&quot; data-embed-id=&quot;48&quot; title=&quot;Post Below&quot;/&gt;&lt;img src=&quot;http://e.deviantart.net/emoticons/b/below.gif&quot; width=&quot;15&quot; height=&quot;15&quot; alt=&quot;:below:&quot; data-embed-type=&quot;emoticon&quot; data-embed-id=&quot;48&quot; title=&quot;Post Below&quot;/&gt; &lt;br /&gt;&lt;a href=&quot;http://rhads.deviantart.com/&quot;&gt;rhads.deviantart.com/&lt;/a&gt;&lt;br /&gt;&lt;img src=&quot;http://e.deviantart.net/emoticons/a/above.gif&quot; width=&quot;15&quot; height=&quot;15&quot; alt=&quot;:above:&quot; data-embed-type=&quot;emoticon&quot; data-embed-id=&quot;49&quot; title=&quot;Post Above&quot;/&gt;&lt;img src=&quot;http://e.deviantart.net/emoticons/a/above.gif&quot; width=&quot;15&quot; height=&quot;15&quot; alt=&quot;:above:&quot; data-embed-type=&quot;emoticon&quot; data-embed-id=&quot;49&quot; title=&quot;Post Above&quot;/&gt;&lt;br /&gt;&lt;br /&gt;also&lt;br /&gt;&lt;span class=&quot;shadow-holder&quot; deviationid=&quot;335848873&quot; data-embed-type=&quot;deviation&quot; data-embed-id=&quot;335848873&quot; data-embed-format=&quot;thumb&quot;&gt;&lt;span class=&quot;shadow mild&quot; &gt;&lt;a class=&quot;thumb hasprint&quot; href=&quot;http://rhads.deviantart.com/art/Endless-Journey-335848873&quot; title=&quot;Endless Journey by RHADS, Nov 4, 2012 in Digital Art &amp;gt; Drawings &amp;gt; Surreal&quot; data-super-img=&quot;http://th00.deviantart.net/fs71/PRE/i/2012/308/b/c/endless_journey_by_rhads-d5jyend.jpg&quot; data-super-width=&quot;894&quot; data-super-height=&quot;894&quot; data-super-transparent=&quot;false&quot; data-super-full-img=&quot;http://fc08.deviantart.net/fs71/i/2012/308/b/c/endless_journey_by_rhads-d5jyend.jpg&quot; data-super-full-width=&quot;900&quot; data-super-full-height=&quot;900&quot;&gt;&lt;i&gt;&lt;/i&gt;&lt;img   width=&quot;150&quot; height=&quot;150&quot; alt=&quot;Endless Journey by RHADS&quot; src=&quot;http://th09.deviantart.net/fs71/150/i/2012/308/b/c/endless_journey_by_rhads-d5jyend.jpg&quot; data-src=&quot;http://th09.deviantart.net/fs71/150/i/2012/308/b/c/endless_journey_by_rhads-d5jyend.jpg&quot;&gt;&lt;/a&gt;&lt;/span&gt;&lt;!-- ^TTT --&gt;&lt;!-- TTT$ --&gt;&lt;/span&gt; &lt;span class=&quot;shadow-holder&quot; deviationid=&quot;343275834&quot; data-embed-type=&quot;deviation&quot; data-embed-id=&quot;343275834&quot; data-embed-format=&quot;thumb&quot;&gt;&lt;span class=&quot;shadow mild&quot; &gt;&lt;a class=&quot;thumb hasprint&quot; href=&quot;http://rhads.deviantart.com/art/Deep-Breath-343275834&quot; title=&quot;Deep Breath by RHADS, Dec 17, 2012 in Digital Art &amp;gt; Drawings &amp;gt; Surreal&quot; data-super-img=&quot;http://fc06.deviantart.net/fs70/i/2012/351/a/1/deep_breath_by_rhads-d5odlbu.jpg&quot; data-super-width=&quot;800&quot; data-super-height=&quot;960&quot; data-super-transparent=&quot;false&quot;&gt;&lt;i&gt;&lt;/i&gt;&lt;img   width=&quot;125&quot; height=&quot;150&quot; alt=&quot;Deep Breath by RHADS&quot; src=&quot;http://th08.deviantart.net/fs70/150/i/2012/351/a/1/deep_breath_by_rhads-d5odlbu.jpg&quot; data-src=&quot;http://th08.deviantart.net/fs70/150/i/2012/351/a/1/deep_breath_by_rhads-d5odlbu.jpg&quot;&gt;&lt;/a&gt;&lt;/span&gt;&lt;!-- ^TTT --&gt;&lt;!-- TTT$ --&gt;&lt;/span&gt;&amp;nbsp;&lt;span class=&quot;shadow-holder&quot; deviationid=&quot;422865667&quot; data-embed-type=&quot;deviation&quot; data-embed-id=&quot;422865667&quot; data-embed-format=&quot;thumb&quot;&gt;&lt;span class=&quot;shadow mild&quot; &gt;&lt;a class=&quot;thumb hasprint&quot; href=&quot;http://rhads.deviantart.com/art/Dreamkiller-422865667&quot; title=&quot;Dreamkiller by RHADS, Dec 29, 2013 in Digital Art &amp;gt; Drawings &amp;amp; Paintings &amp;gt; Surreal&quot; data-super-img=&quot;http://fc08.deviantart.net/fs70/i/2013/362/0/1/dreamkiller_by_rhads-d6zrh8j.jpg&quot; data-super-width=&quot;900&quot; data-super-height=&quot;601&quot; data-super-transparent=&quot;false&quot;&gt;&lt;i&gt;&lt;/i&gt;&lt;img   width=&quot;150&quot; height=&quot;100&quot; alt=&quot;Dreamkiller by RHADS&quot; src=&quot;http://th04.deviantart.net/fs70/150/i/2013/362/0/1/dreamkiller_by_rhads-d6zrh8j.jpg&quot; data-src=&quot;http://th04.deviantart.net/fs70/150/i/2013/362/0/1/dreamkiller_by_rhads-d6zrh8j.jpg&quot;&gt;&lt;/a&gt;&lt;/span&gt;&lt;!-- ^TTT --&gt;&lt;!-- TTT$ --&gt;&lt;/span&gt;&lt;br /&gt;&lt;br /&gt;&amp;#1074;&amp;#1082;&amp;#1086;&amp;#1085;&amp;#1090;&amp;#1072;&amp;#1082;&amp;#1090; &lt;a class=&quot;external&quot; href=&quot;http://www.deviantart.com/users/outgoing?http://vk.com/rhads&quot;&gt;vk.com/rhads&lt;/a&gt;&lt;br /&gt;facebook &lt;a class=&quot;external&quot; href=&quot;http://www.deviantart.com/users/outgoing?http://www.facebook.com/therhads&quot;&gt;www.facebook.com/therhads&lt;/a&gt;&lt;br /&gt;youtube &lt;a class=&quot;external&quot; href=&quot;http://www.deviantart.com/users/outgoing?http://www.youtube.com/user/ThArt001&quot;&gt;www.youtube.com/user/ThArt001&lt;/a&gt;&lt;br /&gt;&lt;div&gt;&lt;img src=&quot;https://t00.deviantart.net/SUN1Cgltj6WasYCp9wMp0my26PU=/300x200/filters:fixed_height(100,100):origin()/pre00/c7dc/th/pre/i/2013/361/c/3/infinite_dreams_by_rhads-d5eywh4.jpg&quot; alt=&quot;thumbnail&quot; /&gt;&lt;/div&gt;</description>            </item>
        <item>
            <title>kitchen</title>
            <link>https://zain7.deviantart.com/art/kitchen-130558032</link>
            <guid isPermaLink="true">https://zain7.deviantart.com/art/kitchen-130558032</guid>
            <pubDate>Thu, 23 Jul 2009 02:25:58 PDT</pubDate>
            <media:title type="plain">kitchen</media:title>
            <media:keywords></media:keywords>
            <media:rating>nonadult</media:rating>
            <media:category label="Other">digitalart/paintings/other</media:category>
            <media:credit role="author" scheme="urn:ebu">zain7</media:credit>
            <media:credit role="author" scheme="urn:ebu">https://a.deviantart.net/avatars/z/a/zain7.jpg?1</media:credit>
            <media:copyright url="https://zain7.deviantart.com">Copyright 2009-2019 zain7</media:copyright>            <media:description type="html">A girl in the kitchen &lt;img src=&quot;http://e.deviantart.net/emoticons/s/smile.gif&quot; width=&quot;15&quot; height=&quot;15&quot; alt=&quot;:-)&quot; title=&quot;:-) (Smile)&quot; /&gt;</media:description>            <media:thumbnail url="https://t00.deviantart.net/n8NkypyUCB2ezM7iVdwGba9sVec=/fit-in/150x150/filters:no_upscale():origin()/pre00/cab8/th/pre/f/2009/204/6/5/kitchen_by_zain7.jpg" height="150" width="106"/>            <media:thumbnail url="https://t00.deviantart.net/lceWEylySynfa47BPvXoeL8Ffsw=/fit-in/300x900/filters:no_upscale():origin()/pre00/cab8/th/pre/f/2009/204/6/5/kitchen_by_zain7.jpg" height="425" width="300"/>            <media:thumbnail url="https://t00.deviantart.net/6gq_ZIAlArTRfP-DN-QqbekD_Xg=/300x200/filters:fixed_height(100,100):origin()/pre00/cab8/th/pre/f/2009/204/6/5/kitchen_by_zain7.jpg" height="200" width="141"/>            <media:content url="https://pre00.deviantart.net/cab8/th/pre/f/2009/204/6/5/kitchen_by_zain7.jpg" height="1064" width="751" medium="image"/>
            <description>A girl in the kitchen &lt;img src=&quot;http://e.deviantart.net/emoticons/s/smile.gif&quot; width=&quot;15&quot; height=&quot;15&quot; alt=&quot;:-)&quot; title=&quot;:-) (Smile)&quot; /&gt;&lt;br /&gt;&lt;div&gt;&lt;img src=&quot;https://t00.deviantart.net/6gq_ZIAlArTRfP-DN-QqbekD_Xg=/300x200/filters:fixed_height(100,100):origin()/pre00/cab8/th/pre/f/2009/204/6/5/kitchen_by_zain7.jpg&quot; alt=&quot;thumbnail&quot; /&gt;&lt;/div&gt;</description>            </item>
        <item>
            <title>-because we share life-</title>
            <link>https://fangedfem.deviantart.com/art/because-we-share-life-16216518</link>
            <guid isPermaLink="true">https://fangedfem.deviantart.com/art/because-we-share-life-16216518</guid>
            <pubDate>Thu, 17 Mar 2005 18:48:16 PST</pubDate>
            <media:title type="plain">-because we share life-</media:title>
            <media:keywords></media:keywords>
            <media:rating>nonadult</media:rating>
            <media:category label="Domesticated Animals">photography/nature/domestic</media:category>
            <media:credit role="author" scheme="urn:ebu">fangedfem</media:credit>
            <media:credit role="author" scheme="urn:ebu">https://a.deviantart.net/avatars/f/a/fangedfem.gif?2</media:credit>
            <media:copyright url="https://fangedfem.deviantart.com">Copyright 2005-2019 fangedfem</media:copyright>            <media:description type="html">A shot with one of my foster kitten babies. Nothing like a tiny soul puurring next to you to make the world right again &lt;img src=&quot;http://e.deviantart.net/emoticons/l/love2.gif&quot; width=&quot;26&quot; height=&quot;17&quot; alt=&quot;:love:&quot; title=&quot;Love&quot;/&gt;&lt;br /&gt;&lt;br /&gt;(This image gets so many comments its impossible for me reply to each one but KNOW that I do read them and it makes me very happy that so many people enjoy this photo- THANK YOU! &lt;img src=&quot;http://e.deviantart.net/emoticons/h/heart.gif&quot; width=&quot;15&quot; height=&quot;13&quot; alt=&quot;:heart:&quot; title=&quot;Heart&quot;/&gt; )&lt;br /&gt;&lt;br /&gt;&lt;b&gt;NOTE: DONT LITTER! Spay and neuter your pets! While baby animals are very cute there are too many in the world that have to be euthanized each day because of overpopulation! Dont contribute to more deaths!! &lt;/b&gt;</media:description>            <media:thumbnail url="https://t00.deviantart.net/CWgaNefr7RGuTO9FZOIDpsSrXh0=/fit-in/150x150/filters:no_upscale():origin()/pre00/d490/th/pre/f/2011/198/a/8/a829fc8f685a7975982fe02282d131bb-d9nkqu.jpg" height="112" width="150"/>            <media:thumbnail url="https://t00.deviantart.net/YxcsjYcEjbUVMbqJeOFHhuGbeWU=/fit-in/300x900/filters:no_upscale():origin()/pre00/d490/th/pre/f/2011/198/a/8/a829fc8f685a7975982fe02282d131bb-d9nkqu.jpg" height="224" width="300"/>            <media:thumbnail url="https://t00.deviantart.net/TX86ck4lqs4dWIxuj_NwGUm2jqs=/300x200/filters:fixed_height(100,100):origin()/pre00/d490/th/pre/f/2011/198/a/8/a829fc8f685a7975982fe02282d131bb-d9nkqu.jpg" height="200" width="268"/>            <media:content url="https://orig00.deviantart.net/42f6/f/2011/198/a/8/a829fc8f685a7975982fe02282d131bb-d9nkqu.jpg" height="504" width="675" medium="image"/>
            <description>A shot with one of my foster kitten babies. Nothing like a tiny soul puurring next to you to make the world right again &lt;img src=&quot;http://e.deviantart.net/emoticons/l/love2.gif&quot; width=&quot;26&quot; height=&quot;17&quot; alt=&quot;:love:&quot; title=&quot;Love&quot;/&gt;&lt;br /&gt;&lt;br /&gt;(This image gets so many comments its impossible for me reply to each one but KNOW that I do read them and it makes me very happy that so many people enjoy this photo- THANK YOU! &lt;img src=&quot;http://e.deviantart.net/emoticons/h/heart.gif&quot; width=&quot;15&quot; height=&quot;13&quot; alt=&quot;:heart:&quot; title=&quot;Heart&quot;/&gt; )&lt;br /&gt;&lt;br /&gt;&lt;b&gt;NOTE: DONT LITTER! Spay and neuter your pets! While baby animals are very cute there are too many in the world that have to be euthanized each day because of overpopulation! Dont contribute to more deaths!! &lt;/b&gt;&lt;br /&gt;&lt;div&gt;&lt;img src=&quot;https://t00.deviantart.net/TX86ck4lqs4dWIxuj_NwGUm2jqs=/300x200/filters:fixed_height(100,100):origin()/pre00/d490/th/pre/f/2011/198/a/8/a829fc8f685a7975982fe02282d131bb-d9nkqu.jpg&quot; alt=&quot;thumbnail&quot; /&gt;&lt;/div&gt;</description>            </item>
        <item>
            <title>Aeolian Shooting</title>
            <link>https://wlop.deviantart.com/art/Aeolian-Shooting-565748710</link>
            <guid isPermaLink="true">https://wlop.deviantart.com/art/Aeolian-Shooting-565748710</guid>
            <pubDate>Mon, 12 Oct 2015 01:36:22 PDT</pubDate>
            <media:title type="plain">Aeolian Shooting</media:title>
            <media:keywords></media:keywords>
            <media:rating>nonadult</media:rating>
            <media:category label="Fantasy">digitalart/paintings/fantasy</media:category>
            <media:credit role="author" scheme="urn:ebu">wlop</media:credit>
            <media:credit role="author" scheme="urn:ebu">https://a.deviantart.net/avatars/w/l/wlop.jpg?7</media:credit>
            <media:copyright url="https://wlop.deviantart.com">Copyright 2015-2019 wlop</media:copyright>
            <media:community>
                <media:tags>@wlopwangling</media:tags>
            </media:community>            <media:description type="html">&lt;b&gt;&amp;nbsp;|&lt;a class=&quot;external&quot; href=&quot;https://www.deviantart.com/users/outgoing?https://www.facebook.com/pages/Wlop/129572140567260?ref=stream&quot;&gt;Facebook&lt;/a&gt;&amp;nbsp;|&amp;nbsp;&lt;a class=&quot;external&quot; href=&quot;https://www.deviantart.com/users/outgoing?https://www.patreon.com/wlop&quot;&gt;Patreon&lt;/a&gt;&amp;nbsp;|&amp;nbsp;&lt;a class=&quot;external&quot; href=&quot;https://www.deviantart.com/users/outgoing?http://wlopwangling.tumblr.com/&quot;&gt;Tumblr&lt;/a&gt;&amp;nbsp;|&amp;nbsp;&lt;a class=&quot;external&quot; href=&quot;https://www.deviantart.com/users/outgoing?https://twitter.com/wlopwangling&quot;&gt;Twitter&lt;/a&gt;&amp;nbsp;|&amp;nbsp;&lt;a class=&quot;external&quot; href=&quot;https://www.deviantart.com/users/outgoing?https://www.artstation.com/artist/wlop&quot;&gt;Artstation&lt;/a&gt;&amp;nbsp;|&amp;nbsp;&lt;a class=&quot;external&quot; href=&quot;https://www.deviantart.com/users/outgoing?http://tapastic.com/series/GhostBlade&quot;&gt;Tapastic&lt;/a&gt;|&lt;/b&gt;&lt;span&gt;&lt;br /&gt;&lt;br /&gt;Original character&amp;nbsp;&lt;/span&gt;&lt;span&gt;in my comic GhostBlade!&amp;nbsp;&lt;br /&gt;&lt;/span&gt;&lt;span&gt;Video tutorial:&amp;nbsp;&lt;a class=&quot;external&quot; href=&quot;https://www.deviantart.com/users/outgoing?https://www.youtube.com/watch?v=Trz0r-0ULtw&quot;&gt;www.youtube.com/watch?v=Trz0r-&amp;hellip;&lt;/a&gt;&lt;br /&gt;I&#039;ll provide full normal speed video process on my patreon:&lt;/span&gt;&lt;a class=&quot;external&quot; href=&quot;https://www.deviantart.com/users/outgoing?https://www.patreon.com/wlop&quot;&gt;www.patreon.com/wlop&lt;/a&gt;&lt;br /&gt;&lt;span&gt;&lt;br /&gt;You can also support me on creating my own comic Ghostblade on my patreon:&amp;nbsp;&lt;/span&gt;&lt;a class=&quot;external&quot; href=&quot;https://www.deviantart.com/users/outgoing?https://www.patreon.com/wlop&quot;&gt;www.patreon.com/wlop&lt;/a&gt;&lt;br /&gt;&lt;br /&gt;&lt;span&gt;As rewards, you will get:&amp;nbsp;&lt;/span&gt;&lt;br /&gt;&lt;span&gt;&amp;gt; full size image&amp;nbsp;&lt;/span&gt;&lt;br /&gt;&lt;span&gt;&amp;gt; PSD file with steps in different layer, and brush set&amp;nbsp;&lt;/span&gt;&lt;br /&gt;&lt;span&gt;&amp;gt; HD, normal speed process video&lt;br /&gt;&lt;br /&gt;&lt;span class=&quot;shadow-holder&quot; data-embed-type=&quot;deviation&quot; data-embed-id=&quot;509464616&quot; data-embed-format=&quot;thumb&quot;&gt;&lt;span class=&quot;shadow mild&quot; &gt;&lt;a class=&quot;thumb hasprint&quot; href=&quot;https://wlop.deviantart.com/art/Aeolian-509464616&quot; title=&quot;Aeolian by wlop, Jan 25, 2015 in Digital Art &amp;gt; Drawings &amp;amp; Paintings &amp;gt; Fantasy&quot;data-super-img=&quot;https://img00.deviantart.net/2b15/i/2015/036/c/9/aeolian_by_wlop-d8fblew.jpg&quot; data-super-width=&quot;900&quot; data-super-height=&quot;676&quot; data-super-transparent=&quot;false&quot; data-super-alt=&quot;Aeolian by wlop&quot; data-super-full-img=&quot;https://img00.deviantart.net/2b15/i/2015/036/c/9/aeolian_by_wlop-d8fblew.jpg&quot; data-super-full-width=&quot;900&quot; data-super-full-height=&quot;676&quot;        data-sigil=&quot;thumb&quot;&gt;
            &lt;i&gt;&lt;/i&gt;&lt;img   width=&quot;150&quot; height=&quot;113&quot; alt=&quot;Aeolian by wlop&quot; src=&quot;https://t00.deviantart.net/dUtoWa73_eKk_8wS2RjOd1jAaE8=/fit-in/150x150/filters:no_upscale():origin()/pre00/fb01/th/pre/i/2015/036/c/9/aeolian_by_wlop-d8fblew.jpg&quot; data-src=&quot;https://t00.deviantart.net/dUtoWa73_eKk_8wS2RjOd1jAaE8=/fit-in/150x150/filters:no_upscale():origin()/pre00/fb01/th/pre/i/2015/036/c/9/aeolian_by_wlop-d8fblew.jpg&quot; srcset=&quot;https://t00.deviantart.net/dUtoWa73_eKk_8wS2RjOd1jAaE8=/fit-in/150x150/filters:no_upscale():origin()/pre00/fb01/th/pre/i/2015/036/c/9/aeolian_by_wlop-d8fblew.jpg 150w,https://t00.deviantart.net/MXhKqM8_5it2vgKXcaMx8v6WH1c=/fit-in/700x350/filters:fixed_height(100,100):origin()/pre00/fb01/th/pre/i/2015/036/c/9/aeolian_by_wlop-d8fblew.jpg 466w,https://t00.deviantart.net/FhaOpHRAhugMp-hrwsSSTUKhKe0=/fit-in/800x400/filters:fixed_height(100,100):origin()/pre00/fb01/th/pre/i/2015/036/c/9/aeolian_by_wlop-d8fblew.jpg 533w,https://img00.deviantart.net/2b15/i/2015/036/c/9/aeolian_by_wlop-d8fblew.jpg 900w&quot; sizes=&quot;150px&quot;&gt;&lt;/a&gt;&lt;/span&gt;&lt;!-- ^TTT --&gt;&lt;!-- TTT$ --&gt;&lt;/span&gt;&lt;br /&gt;&lt;/span&gt;</media:description>            <media:thumbnail url="https://t00.deviantart.net/lZEnyzVnMFLiYuLkeBnr78SjIEo=/fit-in/150x150/filters:no_upscale():origin()/pre00/6c28/th/pre/i/2018/152/3/b/aeolian_shooting_by_wlop-d9ctyhy.jpg" height="87" width="150"/>            <media:thumbnail url="https://t00.deviantart.net/KJrH7SLfYZNeOfaEWL1Y9AHJFAc=/fit-in/300x900/filters:no_upscale():origin()/pre00/6c28/th/pre/i/2018/152/3/b/aeolian_shooting_by_wlop-d9ctyhy.jpg" height="174" width="300"/>            <media:thumbnail url="https://t00.deviantart.net/H3niL4Ra9WNCsjyFeYDP36izEfA=/300x200/filters:fixed_height(100,100):origin()/pre00/6c28/th/pre/i/2018/152/3/b/aeolian_shooting_by_wlop-d9ctyhy.jpg" height="174" width="300"/>            <media:content url="https://img00.deviantart.net/12f2/i/2018/152/3/b/aeolian_shooting_by_wlop-d9ctyhy.jpg" height="523" width="900" medium="image"/>
            <description>&lt;b&gt;&amp;nbsp;|&lt;a class=&quot;external&quot; href=&quot;https://www.deviantart.com/users/outgoing?https://www.facebook.com/pages/Wlop/129572140567260?ref=stream&quot;&gt;Facebook&lt;/a&gt;&amp;nbsp;|&amp;nbsp;&lt;a class=&quot;external&quot; href=&quot;https://www.deviantart.com/users/outgoing?https://www.patreon.com/wlop&quot;&gt;Patreon&lt;/a&gt;&amp;nbsp;|&amp;nbsp;&lt;a class=&quot;external&quot; href=&quot;https://www.deviantart.com/users/outgoing?http://wlopwangling.tumblr.com/&quot;&gt;Tumblr&lt;/a&gt;&amp;nbsp;|&amp;nbsp;&lt;a class=&quot;external&quot; href=&quot;https://www.deviantart.com/users/outgoing?https://twitter.com/wlopwangling&quot;&gt;Twitter&lt;/a&gt;&amp;nbsp;|&amp;nbsp;&lt;a class=&quot;external&quot; href=&quot;https://www.deviantart.com/users/outgoing?https://www.artstation.com/artist/wlop&quot;&gt;Artstation&lt;/a&gt;&amp;nbsp;|&amp;nbsp;&lt;a class=&quot;external&quot; href=&quot;https://www.deviantart.com/users/outgoing?http://tapastic.com/series/GhostBlade&quot;&gt;Tapastic&lt;/a&gt;|&lt;/b&gt;&lt;span&gt;&lt;br /&gt;&lt;br /&gt;Original character&amp;nbsp;&lt;/span&gt;&lt;span&gt;in my comic GhostBlade!&amp;nbsp;&lt;br /&gt;&lt;/span&gt;&lt;span&gt;Video tutorial:&amp;nbsp;&lt;a class=&quot;external&quot; href=&quot;https://www.deviantart.com/users/outgoing?https://www.youtube.com/watch?v=Trz0r-0ULtw&quot;&gt;www.youtube.com/watch?v=Trz0r-&amp;hellip;&lt;/a&gt;&lt;br /&gt;I&#039;ll provide full normal speed video process on my patreon:&lt;/span&gt;&lt;a class=&quot;external&quot; href=&quot;https://www.deviantart.com/users/outgoing?https://www.patreon.com/wlop&quot;&gt;www.patreon.com/wlop&lt;/a&gt;&lt;br /&gt;&lt;span&gt;&lt;br /&gt;You can also support me on creating my own comic Ghostblade on my patreon:&amp;nbsp;&lt;/span&gt;&lt;a class=&quot;external&quot; href=&quot;https://www.deviantart.com/users/outgoing?https://www.patreon.com/wlop&quot;&gt;www.patreon.com/wlop&lt;/a&gt;&lt;br /&gt;&lt;br /&gt;&lt;span&gt;As rewards, you will get:&amp;nbsp;&lt;/span&gt;&lt;br /&gt;&lt;span&gt;&amp;gt; full size image&amp;nbsp;&lt;/span&gt;&lt;br /&gt;&lt;span&gt;&amp;gt; PSD file with steps in different layer, and brush set&amp;nbsp;&lt;/span&gt;&lt;br /&gt;&lt;span&gt;&amp;gt; HD, normal speed process video&lt;br /&gt;&lt;br /&gt;&lt;span class=&quot;shadow-holder&quot; data-embed-type=&quot;deviation&quot; data-embed-id=&quot;509464616&quot; data-embed-format=&quot;thumb&quot;&gt;&lt;span class=&quot;shadow mild&quot; &gt;&lt;a class=&quot;thumb hasprint&quot; href=&quot;https://wlop.deviantart.com/art/Aeolian-509464616&quot; title=&quot;Aeolian by wlop, Jan 25, 2015 in Digital Art &amp;gt; Drawings &amp;amp; Paintings &amp;gt; Fantasy&quot;data-super-img=&quot;https://img00.deviantart.net/2b15/i/2015/036/c/9/aeolian_by_wlop-d8fblew.jpg&quot; data-super-width=&quot;900&quot; data-super-height=&quot;676&quot; data-super-transparent=&quot;false&quot; data-super-alt=&quot;Aeolian by wlop&quot; data-super-full-img=&quot;https://img00.deviantart.net/2b15/i/2015/036/c/9/aeolian_by_wlop-d8fblew.jpg&quot; data-super-full-width=&quot;900&quot; data-super-full-height=&quot;676&quot;        data-sigil=&quot;thumb&quot;&gt;
                &lt;i&gt;&lt;/i&gt;&lt;img   width=&quot;150&quot; height=&quot;113&quot; alt=&quot;Aeolian by wlop&quot; src=&quot;https://t00.deviantart.net/dUtoWa73_eKk_8wS2RjOd1jAaE8=/fit-in/150x150/filters:no_upscale():origin()/pre00/fb01/th/pre/i/2015/036/c/9/aeolian_by_wlop-d8fblew.jpg&quot; data-src=&quot;https://t00.deviantart.net/dUtoWa73_eKk_8wS2RjOd1jAaE8=/fit-in/150x150/filters:no_upscale():origin()/pre00/fb01/th/pre/i/2015/036/c/9/aeolian_by_wlop-d8fblew.jpg&quot; srcset=&quot;https://t00.deviantart.net/dUtoWa73_eKk_8wS2RjOd1jAaE8=/fit-in/150x150/filters:no_upscale():origin()/pre00/fb01/th/pre/i/2015/036/c/9/aeolian_by_wlop-d8fblew.jpg 150w,https://t00.deviantart.net/MXhKqM8_5it2vgKXcaMx8v6WH1c=/fit-in/700x350/filters:fixed_height(100,100):origin()/pre00/fb01/th/pre/i/2015/036/c/9/aeolian_by_wlop-d8fblew.jpg 466w,https://t00.deviantart.net/FhaOpHRAhugMp-hrwsSSTUKhKe0=/fit-in/800x400/filters:fixed_height(100,100):origin()/pre00/fb01/th/pre/i/2015/036/c/9/aeolian_by_wlop-d8fblew.jpg 533w,https://img00.deviantart.net/2b15/i/2015/036/c/9/aeolian_by_wlop-d8fblew.jpg 900w&quot; sizes=&quot;150px&quot;&gt;&lt;/a&gt;&lt;/span&gt;&lt;!-- ^TTT --&gt;&lt;!-- TTT$ --&gt;&lt;/span&gt;&lt;br /&gt;&lt;/span&gt;&lt;br /&gt;&lt;div&gt;&lt;img src=&quot;https://t00.deviantart.net/H3niL4Ra9WNCsjyFeYDP36izEfA=/300x200/filters:fixed_height(100,100):origin()/pre00/6c28/th/pre/i/2018/152/3/b/aeolian_shooting_by_wlop-d9ctyhy.jpg&quot; alt=&quot;thumbnail&quot; /&gt;&lt;/div&gt;</description>            </item>
        <item>
            <title>MtG: Gift of Orzhova</title>
            <link>https://algenpfleger.deviantart.com/art/MtG-Gift-of-Orzhova-350255043</link>
            <guid isPermaLink="true">https://algenpfleger.deviantart.com/art/MtG-Gift-of-Orzhova-350255043</guid>
            <pubDate>Thu, 24 Jan 2013 03:36:53 PST</pubDate>
            <media:title type="plain">MtG: Gift of Orzhova</media:title>
            <media:keywords></media:keywords>
            <media:rating>nonadult</media:rating>
            <media:category label="Fantasy">digitalart/paintings/fantasy</media:category>
            <media:credit role="author" scheme="urn:ebu">algenpfleger</media:credit>
            <media:credit role="author" scheme="urn:ebu">https://a.deviantart.net/avatars/a/l/algenpfleger.jpg?3</media:credit>
            <media:copyright url="https://algenpfleger.deviantart.com">Copyright 2013-2019 algenpfleger</media:copyright>
            <media:community>
                <media:tags>@algenpfleger</media:tags>
            </media:community>            <media:description type="html">Hey folks! This is a piece I did for Magic: The Gathering&#039;s new Gatecrash expansion.&lt;br /&gt;&lt;br /&gt;Follow me on Facebook! :3 -&amp;gt;&amp;gt; &lt;a class=&quot;external&quot; href=&quot;http://www.deviantart.com/users/outgoing?http://www.facebook.com/algenpflegerdesu?ref=hl&quot;&gt;[link]&lt;/a&gt;</media:description>            <media:thumbnail url="https://t00.deviantart.net/aLEKNxuxdH9IVH3YYvYORW9Vd5c=/fit-in/150x150/filters:no_upscale():origin()/pre00/dc88/th/pre/f/2013/024/1/7/mtg__gift_of_orzhova_by_algenpfleger-d5sj6ir.jpg" height="110" width="150"/>            <media:thumbnail url="https://t00.deviantart.net/8oI6tKuThgS1twzFWbF3LnlWkqw=/fit-in/300x900/filters:no_upscale():origin()/pre00/dc88/th/pre/f/2013/024/1/7/mtg__gift_of_orzhova_by_algenpfleger-d5sj6ir.jpg" height="219" width="300"/>            <media:thumbnail url="https://t00.deviantart.net/Rm9YZNAAm1cB10FSWmrGO6SeQnk=/300x200/filters:fixed_height(100,100):origin()/pre00/dc88/th/pre/f/2013/024/1/7/mtg__gift_of_orzhova_by_algenpfleger-d5sj6ir.jpg" height="200" width="274"/>            <media:content url="https://orig00.deviantart.net/c78e/f/2013/024/1/7/mtg__gift_of_orzhova_by_algenpfleger-d5sj6ir.jpg" height="731" width="1000" medium="image"/>
            <description>Hey folks! This is a piece I did for Magic: The Gathering&#039;s new Gatecrash expansion.&lt;br /&gt;&lt;br /&gt;Follow me on Facebook! :3 -&amp;gt;&amp;gt; &lt;a class=&quot;external&quot; href=&quot;http://www.deviantart.com/users/outgoing?http://www.facebook.com/algenpflegerdesu?ref=hl&quot;&gt;[link]&lt;/a&gt;&lt;br /&gt;&lt;div&gt;&lt;img src=&quot;https://t00.deviantart.net/Rm9YZNAAm1cB10FSWmrGO6SeQnk=/300x200/filters:fixed_height(100,100):origin()/pre00/dc88/th/pre/f/2013/024/1/7/mtg__gift_of_orzhova_by_algenpfleger-d5sj6ir.jpg&quot; alt=&quot;thumbnail&quot; /&gt;&lt;/div&gt;</description>            </item>
        <item>
            <title>A slice of life</title>
            <link>https://gilad.deviantart.com/art/A-slice-of-life-64298703</link>
            <guid isPermaLink="true">https://gilad.deviantart.com/art/A-slice-of-life-64298703</guid>
            <pubDate>Fri, 07 Sep 2007 02:13:16 PDT</pubDate>
            <media:title type="plain">A slice of life</media:title>
            <media:keywords></media:keywords>
            <media:rating>nonadult</media:rating>
            <media:category label="Waterscapes">photography/nature/waterscapes</media:category>
            <media:credit role="author" scheme="urn:ebu">gilad</media:credit>
            <media:credit role="author" scheme="urn:ebu">https://a.deviantart.net/avatars/g/i/gilad.gif</media:credit>
            <media:copyright url="https://gilad.deviantart.com">Copyright 2007-2019 gilad</media:copyright>            <media:description type="html">&lt;sub&gt;&lt;b&gt;&lt;br /&gt;
            Life is rushing to make up on lost time&lt;br /&gt;
            I have to stop and catch my breath&lt;br /&gt;
            Move to the stands and catch a good sit&lt;br /&gt;
            Take some time to look around&lt;br /&gt;
            Get myself a slice of life&lt;br /&gt;
            Just so I can stay sane&lt;br /&gt;
            Going through my life&lt;br /&gt;
            &lt;/b&gt;&lt;br /&gt;
            &lt;br /&gt;
            ****&lt;br /&gt;
            &lt;br /&gt;
            30 seconds exposure, freezing a slice of life.&lt;br /&gt;
            Jaffa, Israel&lt;br /&gt;
            G&lt;/sub&gt;</media:description>            <media:thumbnail url="https://t00.deviantart.net/4DjEeESKBU8PBkREU9fHeSJIFdk=/fit-in/150x150/filters:no_upscale():origin()/pre00/8fae/th/pre/f/2007/250/3/a/a_slice_of_life_by_gilad.jpg" height="103" width="150"/>            <media:thumbnail url="https://t00.deviantart.net/TVCEEspDZogP2f_wub8MuyeOnRA=/fit-in/300x900/filters:no_upscale():origin()/pre00/8fae/th/pre/f/2007/250/3/a/a_slice_of_life_by_gilad.jpg" height="206" width="300"/>            <media:thumbnail url="https://t00.deviantart.net/Y1qo6GQLnmexnXcNxo3igkttdqo=/300x200/filters:fixed_height(100,100):origin()/pre00/8fae/th/pre/f/2007/250/3/a/a_slice_of_life_by_gilad.jpg" height="200" width="291"/>            <media:content url="https://orig00.deviantart.net/f0b3/f/2007/250/3/a/a_slice_of_life_by_gilad.jpg" height="600" width="873" medium="image"/>
            <description>&lt;sub&gt;&lt;b&gt;&lt;br /&gt;
                Life is rushing to make up on lost time&lt;br /&gt;
                I have to stop and catch my breath&lt;br /&gt;
                Move to the stands and catch a good sit&lt;br /&gt;
                Take some time to look around&lt;br /&gt;
                Get myself a slice of life&lt;br /&gt;
                Just so I can stay sane&lt;br /&gt;
                Going through my life&lt;br /&gt;
                &lt;/b&gt;&lt;br /&gt;
                &lt;br /&gt;
                ****&lt;br /&gt;
                &lt;br /&gt;
                30 seconds exposure, freezing a slice of life.&lt;br /&gt;
                Jaffa, Israel&lt;br /&gt;
                G&lt;/sub&gt;&lt;br /&gt;&lt;div&gt;&lt;img src=&quot;https://t00.deviantart.net/Y1qo6GQLnmexnXcNxo3igkttdqo=/300x200/filters:fixed_height(100,100):origin()/pre00/8fae/th/pre/f/2007/250/3/a/a_slice_of_life_by_gilad.jpg&quot; alt=&quot;thumbnail&quot; /&gt;&lt;/div&gt;</description>            </item>
        <item>
            <title>A Distant Figure</title>
            <link>https://thetragictruth-of-me.deviantart.com/art/A-Distant-Figure-42014576</link>
            <guid isPermaLink="true">https://thetragictruth-of-me.deviantart.com/art/A-Distant-Figure-42014576</guid>
            <pubDate>Thu, 26 Oct 2006 12:11:07 PDT</pubDate>
            <media:title type="plain">A Distant Figure</media:title>
            <media:keywords></media:keywords>
            <media:rating>nonadult</media:rating>
            <media:category label="Spontaneous Portraits">photography/people/spontaneous</media:category>
            <media:credit role="author" scheme="urn:ebu">TheTragicTruth-Of-Me</media:credit>
            <media:credit role="author" scheme="urn:ebu">https://a.deviantart.net/avatars/t/h/thetragictruth-of-me.gif</media:credit>
            <media:copyright url="https://thetragictruth-of-me.deviantart.com">Copyright 2006-2019 TheTragicTruth-Of-Me</media:copyright>            <media:description type="html">Turns to ash.&lt;br /&gt;
            &lt;br /&gt;
            &lt;br /&gt;
            &lt;br /&gt;
            &lt;br /&gt;
            Self.&lt;br /&gt;
            Taken a while back.</media:description>            <media:thumbnail url="https://t00.deviantart.net/roRkyJfwkAxLSDJX09I2jt0SX1w=/fit-in/150x150/filters:no_upscale():origin()/pre00/ebb3/th/pre/i/2006/299/4/5/a_distant_figure_by_thetragictruth_of_me.jpg" height="150" width="100"/>            <media:thumbnail url="https://t00.deviantart.net/E89mfs697ciCL_N5xlgAg4H9fXQ=/fit-in/300x900/filters:no_upscale():origin()/pre00/ebb3/th/pre/i/2006/299/4/5/a_distant_figure_by_thetragictruth_of_me.jpg" height="449" width="300"/>            <media:thumbnail url="https://t00.deviantart.net/4baS_syKMlNbuAkd7ctrwx2IKlk=/300x200/filters:fixed_height(100,100):origin()/pre00/ebb3/th/pre/i/2006/299/4/5/a_distant_figure_by_thetragictruth_of_me.jpg" height="200" width="133"/>            <media:content url="https://img00.deviantart.net/feb2/i/2006/299/4/5/a_distant_figure_by_thetragictruth_of_me.jpg" height="866" width="578" medium="image"/>
            <description>Turns to ash.&lt;br /&gt;
                &lt;br /&gt;
                &lt;br /&gt;
                &lt;br /&gt;
                &lt;br /&gt;
                Self.&lt;br /&gt;
                Taken a while back.&lt;br /&gt;&lt;div&gt;&lt;img src=&quot;https://t00.deviantart.net/4baS_syKMlNbuAkd7ctrwx2IKlk=/300x200/filters:fixed_height(100,100):origin()/pre00/ebb3/th/pre/i/2006/299/4/5/a_distant_figure_by_thetragictruth_of_me.jpg&quot; alt=&quot;thumbnail&quot; /&gt;&lt;/div&gt;</description>            </item>
        <item>
            <title>Guilty</title>
            <link>https://yuumei.deviantart.com/art/Guilty-326029212</link>
            <guid isPermaLink="true">https://yuumei.deviantart.com/art/Guilty-326029212</guid>
            <pubDate>Sat, 08 Sep 2012 08:54:40 PDT</pubDate>
            <media:title type="plain">Guilty</media:title>
            <media:keywords></media:keywords>
            <media:rating>nonadult</media:rating>
            <media:category label="Fantasy">digitalart/paintings/fantasy</media:category>
            <media:credit role="author" scheme="urn:ebu">yuumei</media:credit>
            <media:credit role="author" scheme="urn:ebu">https://a.deviantart.net/avatars/y/u/yuumei.gif?4</media:credit>
            <media:copyright url="https://yuumei.deviantart.com">Copyright 2012-2019 yuumei</media:copyright>            <media:description type="html">&lt;div align=&quot;center&quot;&gt;&lt;b&gt;&lt;img src=&quot;http://e.deviantart.net/emoticons/s/star_full.gif&quot; width=&quot;17&quot; height=&quot;16&quot; alt=&quot;:star:&quot; data-embed-type=&quot;emoticon&quot; data-embed-id=&quot;450&quot; title=&quot;Star!&quot;/&gt;&lt;a class=&quot;external&quot; href=&quot;http://www.deviantart.com/users/outgoing?http://www.yuumeiart.com/shop/&quot;&gt;ONLINE SHOP&lt;/a&gt;&lt;img src=&quot;http://e.deviantart.net/emoticons/s/star_full.gif&quot; width=&quot;17&quot; height=&quot;16&quot; alt=&quot;:star:&quot; data-embed-type=&quot;emoticon&quot; data-embed-id=&quot;450&quot; title=&quot;Star!&quot;/&gt;&lt;/b&gt;&lt;/div&gt;&lt;br /&gt;&lt;div align=&quot;center&quot;&gt;&lt;a class=&quot;external&quot; href=&quot;http://www.deviantart.com/users/outgoing?http://yuumeiart.com/&quot;&gt;YUUMEIART.COM&lt;/a&gt;&lt;b&gt;&lt;img src=&quot;http://e.deviantart.net/emoticons/b/bulletred.gif&quot; width=&quot;10&quot; height=&quot;10&quot; alt=&quot;:bulletred:&quot; data-embed-type=&quot;emoticon&quot; data-embed-id=&quot;210&quot; title=&quot;Bullet; Red&quot;/&gt;&lt;/b&gt;&lt;a class=&quot;external&quot; href=&quot;http://www.deviantart.com/users/outgoing?http://www.facebook.com/pages/Yuumei/115014698547313?ref=ts&quot;&gt;FACEBOOK&lt;/a&gt;&lt;b&gt;&lt;img src=&quot;http://e.deviantart.net/emoticons/b/bulletorange.gif&quot; width=&quot;10&quot; height=&quot;10&quot; alt=&quot;:bulletorange:&quot; data-embed-type=&quot;emoticon&quot; data-embed-id=&quot;567&quot; title=&quot;Bullet; Orange&quot;/&gt;&lt;/b&gt;&lt;a class=&quot;external&quot; href=&quot;http://www.deviantart.com/users/outgoing?http://yuumei-art.tumblr.com/&quot;&gt;TUMBLR&lt;/a&gt;&lt;b&gt;&lt;img src=&quot;http://e.deviantart.net/emoticons/b/bulletyellow.gif&quot; width=&quot;10&quot; height=&quot;10&quot; alt=&quot;:bulletyellow:&quot; data-embed-type=&quot;emoticon&quot; data-embed-id=&quot;566&quot; title=&quot;Bullet; Yellow&quot;/&gt;&lt;/b&gt;&lt;a class=&quot;external&quot; href=&quot;http://www.deviantart.com/users/outgoing?http://twitter.com/yuumei_Art&quot;&gt;TWITTER&lt;/a&gt;&lt;b&gt;&lt;img src=&quot;http://e.deviantart.net/emoticons/b/bulletgreen.gif&quot; width=&quot;10&quot; height=&quot;10&quot; alt=&quot;:bulletgreen:&quot; data-embed-type=&quot;emoticon&quot; data-embed-id=&quot;209&quot; title=&quot;Bullet; Green&quot;/&gt;&lt;/b&gt;&lt;a class=&quot;external&quot; href=&quot;http://www.deviantart.com/users/outgoing?http://www.pixiv.net/member.php?id=3137712&quot;&gt;PIXIV&lt;/a&gt;&lt;b&gt;&lt;img src=&quot;http://e.deviantart.net/emoticons/b/bulletblue.gif&quot; width=&quot;10&quot; height=&quot;10&quot; alt=&quot;:bulletblue:&quot; data-embed-type=&quot;emoticon&quot; data-embed-id=&quot;211&quot; title=&quot;Bullet; Blue&quot;/&gt;&lt;/b&gt;&lt;a class=&quot;external&quot; href=&quot;http://www.deviantart.com/users/outgoing?https://www.youtube.com/c/YuumeiArt&quot;&gt;YOUTUBE&lt;/a&gt;&lt;b&gt;&lt;img src=&quot;http://e.deviantart.net/emoticons/b/bulletpurple.gif&quot; width=&quot;10&quot; height=&quot;10&quot; alt=&quot;:bulletpurple:&quot; data-embed-type=&quot;emoticon&quot; data-embed-id=&quot;212&quot; title=&quot;Bullet; Purple&quot;/&gt;&lt;/b&gt;&lt;a class=&quot;external&quot; href=&quot;http://www.deviantart.com/users/outgoing?https://www.instagram.com/yuumeiart/&quot;&gt;INSTAGRAM&amp;nbsp;&lt;/a&gt;&lt;b&gt;&lt;img src=&quot;http://e.deviantart.net/emoticons/b/bulletred.gif&quot; width=&quot;10&quot; height=&quot;10&quot; alt=&quot;:bulletred:&quot; data-embed-type=&quot;emoticon&quot; data-embed-id=&quot;210&quot; title=&quot;Bullet; Red&quot;/&gt;&lt;/b&gt;&lt;a class=&quot;external&quot; href=&quot;http://www.deviantart.com/users/outgoing?https://www.artstation.com/artist/yuumei&quot;&gt;ARTSTATION&lt;/a&gt;&lt;/div&gt;&lt;br /&gt;&lt;br /&gt;&lt;i&gt; With wings of death &lt;br /&gt;And crown of black &lt;br /&gt;A sea monster more terrifying &lt;br /&gt;Than any creature of the deep &lt;br /&gt;Is this the epitome of man? &lt;br /&gt;All pride for greedy production &lt;br /&gt;So serene in self-destruction &lt;br /&gt;If suicide is a crime &lt;br /&gt;We would all be guilty &lt;/i&gt;&lt;br /&gt;&lt;br /&gt;&lt;h3&gt;The Problem:&lt;/h3&gt;&lt;br /&gt;&lt;img src=&quot;http://e.deviantart.net/emoticons/b/bulletred.gif&quot; width=&quot;10&quot; height=&quot;10&quot; alt=&quot;:bulletred:&quot; data-embed-type=&quot;emoticon&quot; data-embed-id=&quot;210&quot; title=&quot;Bullet; Red&quot;/&gt; Bycatch is all the unwanted animals that accidentally get caught in fishing nets and lines. An estimated 300,000 whales, dolphins and porpoises die as bycatch each year, because they are unable to escape when caught in nets. 100,000 albatrosses are killed by longline fisheries every year and because of this, many species are facing extinction. Bycatch victims also include sea turtles, sharks, and other marine mammals. &lt;a class=&quot;external&quot; href=&quot;http://www.deviantart.com/users/outgoing?http://www.greenpeace.org/international/en/campaigns/oceans/bycatch/&quot;&gt;www.greenpeace.org/internation&amp;hellip;&lt;/a&gt;&lt;br /&gt;&lt;br /&gt;&lt;img src=&quot;http://e.deviantart.net/emoticons/b/bulletred.gif&quot; width=&quot;10&quot; height=&quot;10&quot; alt=&quot;:bulletred:&quot; data-embed-type=&quot;emoticon&quot; data-embed-id=&quot;210&quot; title=&quot;Bullet; Red&quot;/&gt; More than 100 million sharks are killed each year for their fins. Endangering many species who have suffered a population decline of 90-99%. To put that in perspective, imagine 9 out of every 10 person you know is dead. In comparison, only a few people are killed each year by sharks. That&amp;#8217;s right, more people die from falling coconuts than sharks. &lt;a class=&quot;external&quot; href=&quot;http://www.deviantart.com/users/outgoing?http://blogs.scientificamerican.com/extinction-countdown/2012/07/18/hong-kong-imported-10-million-kilograms-shark-fins/&quot;&gt;blogs.scientificamerican.com/e&amp;hellip;&lt;/a&gt;&lt;br /&gt;&lt;br /&gt;&lt;img src=&quot;http://e.deviantart.net/emoticons/b/bulletred.gif&quot; width=&quot;10&quot; height=&quot;10&quot; alt=&quot;:bulletred:&quot; data-embed-type=&quot;emoticon&quot; data-embed-id=&quot;210&quot; title=&quot;Bullet; Red&quot;/&gt; Globally 100,000 marine mammals and sea turtles, and 1 million sea birds die every year from ingesting or becoming entangled in marine debris. &lt;a class=&quot;external&quot; href=&quot;http://www.deviantart.com/users/outgoing?http://www.seaturtlefoundation.org/threats/human/threats-rubbish/&quot;&gt;www.seaturtlefoundation.org/th&amp;hellip;&lt;/a&gt;&lt;br /&gt;&lt;br /&gt;&lt;img src=&quot;http://e.deviantart.net/emoticons/b/bulletred.gif&quot; width=&quot;10&quot; height=&quot;10&quot; alt=&quot;:bulletred:&quot; data-embed-type=&quot;emoticon&quot; data-embed-id=&quot;210&quot; title=&quot;Bullet; Red&quot;/&gt; Oil spills happen everyday. About 20,000 oil spills are reported to the U.S. government annually, and that&amp;#8217;s just America. It&amp;#8217;s hard to estimate how many occur globally since not all spills are even reported. As long as we rely on fossil oil, spills will happen everyday and everywhere, but they happen so often that they don&amp;#8217;t even make the news. Not only do the oil spills kill wildlife, but they also pollute the water and food chain, meaning the fish we eat contains toxins from the oil spills. &lt;a class=&quot;external&quot; href=&quot;http://www.deviantart.com/users/outgoing?http://www.good.is/post/big-oil-s-dirty-secret-there-s-a-serious-spill-almost-daily-in-america/&quot;&gt;www.good.is/post/big-oil-s-dir&amp;hellip;&lt;/a&gt;&lt;br /&gt;&lt;br /&gt;&lt;h3&gt;The Solution::&lt;/h3&gt;&lt;br /&gt;&lt;br /&gt;&lt;img src=&quot;http://e.deviantart.net/emoticons/b/bulletgreen.gif&quot; width=&quot;10&quot; height=&quot;10&quot; alt=&quot;:bulletgreen:&quot; data-embed-type=&quot;emoticon&quot; data-embed-id=&quot;209&quot; title=&quot;Bullet; Green&quot;/&gt; Pick up your trash. It&amp;#8217;s not that hard. Don&amp;#8217;t just throw plastic bags and other crap on the street. It&amp;#8217;s going to get washed into the streams and oceans where it can choke and kill many endangered wildlife.&lt;br /&gt;&lt;br /&gt;&lt;img src=&quot;http://e.deviantart.net/emoticons/b/bulletgreen.gif&quot; width=&quot;10&quot; height=&quot;10&quot; alt=&quot;:bulletgreen:&quot; data-embed-type=&quot;emoticon&quot; data-embed-id=&quot;209&quot; title=&quot;Bullet; Green&quot;/&gt; Recycle what you can. Those plastic bottles can be made into other things so don&amp;#8217;t just trash them, recycle them.&lt;br /&gt;&lt;br /&gt;&lt;img src=&quot;http://e.deviantart.net/emoticons/b/bulletgreen.gif&quot; width=&quot;10&quot; height=&quot;10&quot; alt=&quot;:bulletgreen:&quot; data-embed-type=&quot;emoticon&quot; data-embed-id=&quot;209&quot; title=&quot;Bullet; Green&quot;/&gt; Be conscious of what you eat. It&amp;#8217;s nothing extreme like becoming a vegan. Helping endangered animals can be as simple as buying the right kind of seafood. The Monterey Bay Aquarium has many guides and free pocket books on which seafood is eco friendly to eat, and there are plenty of choices so it&amp;#8217;s not the end of the world for your stomach, and better yet, it&amp;#8217;s not going to be the end of the world for those endangered species. &lt;a class=&quot;external&quot; href=&quot;http://www.deviantart.com/users/outgoing?http://www.montereybayaquarium.org/cr/cr_seafoodwatch/sfw_recommendations.aspx&quot;&gt;www.montereybayaquarium.org/cr&amp;hellip;&lt;/a&gt;&lt;br /&gt;&lt;br /&gt;&lt;img src=&quot;http://e.deviantart.net/emoticons/b/bulletgreen.gif&quot; width=&quot;10&quot; height=&quot;10&quot; alt=&quot;:bulletgreen:&quot; data-embed-type=&quot;emoticon&quot; data-embed-id=&quot;209&quot; title=&quot;Bullet; Green&quot;/&gt; Switch to a hybrid car if you can, or try to use more public transportation. You&amp;#8217;ll save money on gas, and save the environment from toxic spills and global warming. Not only that, you can buy food from your local farmers market where food is locally grown, and not transported across the world by burning petroleum. &lt;br /&gt;&lt;br /&gt;&lt;img src=&quot;http://e.deviantart.net/emoticons/b/bulletgreen.gif&quot; width=&quot;10&quot; height=&quot;10&quot; alt=&quot;:bulletgreen:&quot; data-embed-type=&quot;emoticon&quot; data-embed-id=&quot;209&quot; title=&quot;Bullet; Green&quot;/&gt; Lastly, spread the word. Education is the best cure. Many people don&amp;#8217;t watch what they eat simply because they&amp;#8217;re unaware of the environmental damage humans are causing. People need to understand that helping the environment is simply helping themselves. Once the over fished tuna goes extinct, and all the other animals that eat tuna also dies off, what&amp;#8217;s there left for us? So even if you don&amp;#8217;t care about the animals themselves, do it for yourself and your children. Don&amp;#8217;t let anyone stay ignorant, because the future they ruin will be your future as well. Spread the word, reblog, share, tweet, word of mouth, do what you can to cure ignorance. &lt;br /&gt;&lt;br /&gt;Thank you!&lt;br /&gt;&lt;br /&gt;&lt;span class=&quot;shadow-holder&quot; data-embed-type=&quot;deviation&quot; data-embed-id=&quot;217677913&quot; data-embed-format=&quot;thumb&quot;&gt;&lt;span class=&quot;shadow mild&quot; &gt;&lt;a class=&quot;thumb&quot; href=&quot;http://yuumei.deviantart.com/art/Countdown-217677913&quot; title=&quot;Countdown by yuumei, Jul 10, 2011 in Digital Art &amp;gt; Drawings &amp;amp; Paintings &amp;gt; Illustrations &amp;gt; Conceptual&quot; data-super-img=&quot;http://pre07.deviantart.net/0cba/th/pre/i/2014/099/b/6/countdown_by_yuumei-d3lllcp.png&quot; data-super-width=&quot;549&quot; data-super-height=&quot;1456&quot; data-super-transparent=&quot;true&quot; data-super-full-img=&quot;http://img05.deviantart.net/7860/i/2014/099/b/6/countdown_by_yuumei-d3lllcp.png&quot; data-super-full-width=&quot;800&quot; data-super-full-height=&quot;2122&quot;&gt;&lt;i&gt;&lt;/i&gt;&lt;img   width=&quot;57&quot; height=&quot;150&quot; alt=&quot;Countdown by yuumei&quot; src=&quot;http://t12.deviantart.net/YDg2zrg_KgXYGz1JC2arDojQxNQ=/fit-in/150x150/filters:no_upscale():origin()/pre07/0cba/th/pre/i/2014/099/b/6/countdown_by_yuumei-d3lllcp.png&quot; data-src=&quot;http://t12.deviantart.net/YDg2zrg_KgXYGz1JC2arDojQxNQ=/fit-in/150x150/filters:no_upscale():origin()/pre07/0cba/th/pre/i/2014/099/b/6/countdown_by_yuumei-d3lllcp.png&quot;&gt;&lt;/a&gt;&lt;/span&gt;&lt;!-- ^TTT --&gt;&lt;!-- TTT$ --&gt;&lt;/span&gt;&lt;span class=&quot;shadow-holder&quot; data-embed-type=&quot;deviation&quot; data-embed-id=&quot;309785871&quot; data-embed-format=&quot;thumb&quot;&gt;&lt;span class=&quot;shadow mild&quot; &gt;&lt;a class=&quot;thumb&quot; href=&quot;http://yuumei.deviantart.com/art/Black-Black-Heart-309785871&quot; title=&quot;Black Black Heart by yuumei, Jun 21, 2012 in Digital Art &amp;gt; Drawings &amp;amp; Paintings &amp;gt; Macabre &amp;amp; Horror&quot; data-super-img=&quot;http://pre00.deviantart.net/3d78/th/pre/f/2012/173/d/5/black_black_heart_by_yuumei-d54fsb3.jpg&quot; data-super-width=&quot;632&quot; data-super-height=&quot;1264&quot; data-super-transparent=&quot;false&quot; data-super-full-img=&quot;http://orig02.deviantart.net/bab8/f/2012/173/d/5/black_black_heart_by_yuumei-d54fsb3.jpg&quot; data-super-full-width=&quot;800&quot; data-super-full-height=&quot;1600&quot;&gt;&lt;i&gt;&lt;/i&gt;&lt;img   width=&quot;75&quot; height=&quot;150&quot; alt=&quot;Black Black Heart by yuumei&quot; src=&quot;http://t07.deviantart.net/uBZH_GquvwWMWAoqaLItJ1wyCt4=/fit-in/150x150/filters:no_upscale():origin()/pre00/3d78/th/pre/f/2012/173/d/5/black_black_heart_by_yuumei-d54fsb3.jpg&quot; data-src=&quot;http://t07.deviantart.net/uBZH_GquvwWMWAoqaLItJ1wyCt4=/fit-in/150x150/filters:no_upscale():origin()/pre00/3d78/th/pre/f/2012/173/d/5/black_black_heart_by_yuumei-d54fsb3.jpg&quot;&gt;&lt;/a&gt;&lt;/span&gt;&lt;!-- ^TTT --&gt;&lt;!-- TTT$ --&gt;&lt;/span&gt;&lt;span class=&quot;shadow-holder&quot; data-embed-type=&quot;deviation&quot; data-embed-id=&quot;411341821&quot; data-embed-format=&quot;thumb&quot;&gt;&lt;span class=&quot;shadow mild&quot; &gt;&lt;a class=&quot;thumb&quot; href=&quot;http://yuumei.deviantart.com/art/Legacy-411341821&quot; title=&quot;Legacy by yuumei, Nov 3, 2013 in Digital Art &amp;gt; Drawings &amp;amp; Paintings &amp;gt; Illustrations &amp;gt; Storybook&quot; data-super-img=&quot;http://pre06.deviantart.net/441e/th/pre/f/2013/307/d/c/legacy_by_yuumei-d6swhdp.jpg&quot; data-super-width=&quot;669&quot; data-super-height=&quot;1194&quot; data-super-transparent=&quot;false&quot; data-super-full-img=&quot;http://orig08.deviantart.net/5126/f/2013/307/d/c/legacy_by_yuumei-d6swhdp.jpg&quot; data-super-full-width=&quot;1000&quot; data-super-full-height=&quot;1783&quot;&gt;&lt;i&gt;&lt;/i&gt;&lt;img   width=&quot;84&quot; height=&quot;150&quot; alt=&quot;Legacy by yuumei&quot; src=&quot;http://t07.deviantart.net/rIPVb1PeKidpWai_ZJZwujO_L3s=/fit-in/150x150/filters:no_upscale():origin()/pre06/441e/th/pre/f/2013/307/d/c/legacy_by_yuumei-d6swhdp.jpg&quot; data-src=&quot;http://t07.deviantart.net/rIPVb1PeKidpWai_ZJZwujO_L3s=/fit-in/150x150/filters:no_upscale():origin()/pre06/441e/th/pre/f/2013/307/d/c/legacy_by_yuumei-d6swhdp.jpg&quot;&gt;&lt;/a&gt;&lt;/span&gt;&lt;!-- ^TTT --&gt;&lt;!-- TTT$ --&gt;&lt;/span&gt;</media:description>            <media:thumbnail url="https://t00.deviantart.net/V3_S4dzCYV6hX4XicMP9QCyXvXU=/fit-in/150x150/filters:no_upscale():origin()/pre00/eac0/th/pre/f/2012/252/5/2/524b737ef36f1ef45a999b5deee3b96b-d5e3xr0.jpg" height="150" width="113"/>            <media:thumbnail url="https://t00.deviantart.net/qheUIdYhL4FXCd0JQoTI_7fcWoU=/fit-in/300x900/filters:no_upscale():origin()/pre00/eac0/th/pre/f/2012/252/5/2/524b737ef36f1ef45a999b5deee3b96b-d5e3xr0.jpg" height="400" width="300"/>            <media:thumbnail url="https://t00.deviantart.net/B0p5R7KiTNGrdQw2vgzW3sHeeZc=/300x200/filters:fixed_height(100,100):origin()/pre00/eac0/th/pre/f/2012/252/5/2/524b737ef36f1ef45a999b5deee3b96b-d5e3xr0.jpg" height="200" width="150"/>            <media:content url="https://pre00.deviantart.net/eac0/th/pre/f/2012/252/5/2/524b737ef36f1ef45a999b5deee3b96b-d5e3xr0.jpg" height="1032" width="774" medium="image"/>
            <description>&lt;div align=&quot;center&quot;&gt;&lt;b&gt;&lt;img src=&quot;http://e.deviantart.net/emoticons/s/star_full.gif&quot; width=&quot;17&quot; height=&quot;16&quot; alt=&quot;:star:&quot; data-embed-type=&quot;emoticon&quot; data-embed-id=&quot;450&quot; title=&quot;Star!&quot;/&gt;&lt;a class=&quot;external&quot; href=&quot;http://www.deviantart.com/users/outgoing?http://www.yuumeiart.com/shop/&quot;&gt;ONLINE SHOP&lt;/a&gt;&lt;img src=&quot;http://e.deviantart.net/emoticons/s/star_full.gif&quot; width=&quot;17&quot; height=&quot;16&quot; alt=&quot;:star:&quot; data-embed-type=&quot;emoticon&quot; data-embed-id=&quot;450&quot; title=&quot;Star!&quot;/&gt;&lt;/b&gt;&lt;/div&gt;&lt;br /&gt;&lt;div align=&quot;center&quot;&gt;&lt;a class=&quot;external&quot; href=&quot;http://www.deviantart.com/users/outgoing?http://yuumeiart.com/&quot;&gt;YUUMEIART.COM&lt;/a&gt;&lt;b&gt;&lt;img src=&quot;http://e.deviantart.net/emoticons/b/bulletred.gif&quot; width=&quot;10&quot; height=&quot;10&quot; alt=&quot;:bulletred:&quot; data-embed-type=&quot;emoticon&quot; data-embed-id=&quot;210&quot; title=&quot;Bullet; Red&quot;/&gt;&lt;/b&gt;&lt;a class=&quot;external&quot; href=&quot;http://www.deviantart.com/users/outgoing?http://www.facebook.com/pages/Yuumei/115014698547313?ref=ts&quot;&gt;FACEBOOK&lt;/a&gt;&lt;b&gt;&lt;img src=&quot;http://e.deviantart.net/emoticons/b/bulletorange.gif&quot; width=&quot;10&quot; height=&quot;10&quot; alt=&quot;:bulletorange:&quot; data-embed-type=&quot;emoticon&quot; data-embed-id=&quot;567&quot; title=&quot;Bullet; Orange&quot;/&gt;&lt;/b&gt;&lt;a class=&quot;external&quot; href=&quot;http://www.deviantart.com/users/outgoing?http://yuumei-art.tumblr.com/&quot;&gt;TUMBLR&lt;/a&gt;&lt;b&gt;&lt;img src=&quot;http://e.deviantart.net/emoticons/b/bulletyellow.gif&quot; width=&quot;10&quot; height=&quot;10&quot; alt=&quot;:bulletyellow:&quot; data-embed-type=&quot;emoticon&quot; data-embed-id=&quot;566&quot; title=&quot;Bullet; Yellow&quot;/&gt;&lt;/b&gt;&lt;a class=&quot;external&quot; href=&quot;http://www.deviantart.com/users/outgoing?http://twitter.com/yuumei_Art&quot;&gt;TWITTER&lt;/a&gt;&lt;b&gt;&lt;img src=&quot;http://e.deviantart.net/emoticons/b/bulletgreen.gif&quot; width=&quot;10&quot; height=&quot;10&quot; alt=&quot;:bulletgreen:&quot; data-embed-type=&quot;emoticon&quot; data-embed-id=&quot;209&quot; title=&quot;Bullet; Green&quot;/&gt;&lt;/b&gt;&lt;a class=&quot;external&quot; href=&quot;http://www.deviantart.com/users/outgoing?http://www.pixiv.net/member.php?id=3137712&quot;&gt;PIXIV&lt;/a&gt;&lt;b&gt;&lt;img src=&quot;http://e.deviantart.net/emoticons/b/bulletblue.gif&quot; width=&quot;10&quot; height=&quot;10&quot; alt=&quot;:bulletblue:&quot; data-embed-type=&quot;emoticon&quot; data-embed-id=&quot;211&quot; title=&quot;Bullet; Blue&quot;/&gt;&lt;/b&gt;&lt;a class=&quot;external&quot; href=&quot;http://www.deviantart.com/users/outgoing?https://www.youtube.com/c/YuumeiArt&quot;&gt;YOUTUBE&lt;/a&gt;&lt;b&gt;&lt;img src=&quot;http://e.deviantart.net/emoticons/b/bulletpurple.gif&quot; width=&quot;10&quot; height=&quot;10&quot; alt=&quot;:bulletpurple:&quot; data-embed-type=&quot;emoticon&quot; data-embed-id=&quot;212&quot; title=&quot;Bullet; Purple&quot;/&gt;&lt;/b&gt;&lt;a class=&quot;external&quot; href=&quot;http://www.deviantart.com/users/outgoing?https://www.instagram.com/yuumeiart/&quot;&gt;INSTAGRAM&amp;nbsp;&lt;/a&gt;&lt;b&gt;&lt;img src=&quot;http://e.deviantart.net/emoticons/b/bulletred.gif&quot; width=&quot;10&quot; height=&quot;10&quot; alt=&quot;:bulletred:&quot; data-embed-type=&quot;emoticon&quot; data-embed-id=&quot;210&quot; title=&quot;Bullet; Red&quot;/&gt;&lt;/b&gt;&lt;a class=&quot;external&quot; href=&quot;http://www.deviantart.com/users/outgoing?https://www.artstation.com/artist/yuumei&quot;&gt;ARTSTATION&lt;/a&gt;&lt;/div&gt;&lt;br /&gt;&lt;br /&gt;&lt;i&gt; With wings of death &lt;br /&gt;And crown of black &lt;br /&gt;A sea monster more terrifying &lt;br /&gt;Than any creature of the deep &lt;br /&gt;Is this the epitome of man? &lt;br /&gt;All pride for greedy production &lt;br /&gt;So serene in self-destruction &lt;br /&gt;If suicide is a crime &lt;br /&gt;We would all be guilty &lt;/i&gt;&lt;br /&gt;&lt;br /&gt;&lt;h3&gt;The Problem:&lt;/h3&gt;&lt;br /&gt;&lt;img src=&quot;http://e.deviantart.net/emoticons/b/bulletred.gif&quot; width=&quot;10&quot; height=&quot;10&quot; alt=&quot;:bulletred:&quot; data-embed-type=&quot;emoticon&quot; data-embed-id=&quot;210&quot; title=&quot;Bullet; Red&quot;/&gt; Bycatch is all the unwanted animals that accidentally get caught in fishing nets and lines. An estimated 300,000 whales, dolphins and porpoises die as bycatch each year, because they are unable to escape when caught in nets. 100,000 albatrosses are killed by longline fisheries every year and because of this, many species are facing extinction. Bycatch victims also include sea turtles, sharks, and other marine mammals. &lt;a class=&quot;external&quot; href=&quot;http://www.deviantart.com/users/outgoing?http://www.greenpeace.org/international/en/campaigns/oceans/bycatch/&quot;&gt;www.greenpeace.org/internation&amp;hellip;&lt;/a&gt;&lt;br /&gt;&lt;br /&gt;&lt;img src=&quot;http://e.deviantart.net/emoticons/b/bulletred.gif&quot; width=&quot;10&quot; height=&quot;10&quot; alt=&quot;:bulletred:&quot; data-embed-type=&quot;emoticon&quot; data-embed-id=&quot;210&quot; title=&quot;Bullet; Red&quot;/&gt; More than 100 million sharks are killed each year for their fins. Endangering many species who have suffered a population decline of 90-99%. To put that in perspective, imagine 9 out of every 10 person you know is dead. In comparison, only a few people are killed each year by sharks. That&amp;#8217;s right, more people die from falling coconuts than sharks. &lt;a class=&quot;external&quot; href=&quot;http://www.deviantart.com/users/outgoing?http://blogs.scientificamerican.com/extinction-countdown/2012/07/18/hong-kong-imported-10-million-kilograms-shark-fins/&quot;&gt;blogs.scientificamerican.com/e&amp;hellip;&lt;/a&gt;&lt;br /&gt;&lt;br /&gt;&lt;img src=&quot;http://e.deviantart.net/emoticons/b/bulletred.gif&quot; width=&quot;10&quot; height=&quot;10&quot; alt=&quot;:bulletred:&quot; data-embed-type=&quot;emoticon&quot; data-embed-id=&quot;210&quot; title=&quot;Bullet; Red&quot;/&gt; Globally 100,000 marine mammals and sea turtles, and 1 million sea birds die every year from ingesting or becoming entangled in marine debris. &lt;a class=&quot;external&quot; href=&quot;http://www.deviantart.com/users/outgoing?http://www.seaturtlefoundation.org/threats/human/threats-rubbish/&quot;&gt;www.seaturtlefoundation.org/th&amp;hellip;&lt;/a&gt;&lt;br /&gt;&lt;br /&gt;&lt;img src=&quot;http://e.deviantart.net/emoticons/b/bulletred.gif&quot; width=&quot;10&quot; height=&quot;10&quot; alt=&quot;:bulletred:&quot; data-embed-type=&quot;emoticon&quot; data-embed-id=&quot;210&quot; title=&quot;Bullet; Red&quot;/&gt; Oil spills happen everyday. About 20,000 oil spills are reported to the U.S. government annually, and that&amp;#8217;s just America. It&amp;#8217;s hard to estimate how many occur globally since not all spills are even reported. As long as we rely on fossil oil, spills will happen everyday and everywhere, but they happen so often that they don&amp;#8217;t even make the news. Not only do the oil spills kill wildlife, but they also pollute the water and food chain, meaning the fish we eat contains toxins from the oil spills. &lt;a class=&quot;external&quot; href=&quot;http://www.deviantart.com/users/outgoing?http://www.good.is/post/big-oil-s-dirty-secret-there-s-a-serious-spill-almost-daily-in-america/&quot;&gt;www.good.is/post/big-oil-s-dir&amp;hellip;&lt;/a&gt;&lt;br /&gt;&lt;br /&gt;&lt;h3&gt;The Solution::&lt;/h3&gt;&lt;br /&gt;&lt;br /&gt;&lt;img src=&quot;http://e.deviantart.net/emoticons/b/bulletgreen.gif&quot; width=&quot;10&quot; height=&quot;10&quot; alt=&quot;:bulletgreen:&quot; data-embed-type=&quot;emoticon&quot; data-embed-id=&quot;209&quot; title=&quot;Bullet; Green&quot;/&gt; Pick up your trash. It&amp;#8217;s not that hard. Don&amp;#8217;t just throw plastic bags and other crap on the street. It&amp;#8217;s going to get washed into the streams and oceans where it can choke and kill many endangered wildlife.&lt;br /&gt;&lt;br /&gt;&lt;img src=&quot;http://e.deviantart.net/emoticons/b/bulletgreen.gif&quot; width=&quot;10&quot; height=&quot;10&quot; alt=&quot;:bulletgreen:&quot; data-embed-type=&quot;emoticon&quot; data-embed-id=&quot;209&quot; title=&quot;Bullet; Green&quot;/&gt; Recycle what you can. Those plastic bottles can be made into other things so don&amp;#8217;t just trash them, recycle them.&lt;br /&gt;&lt;br /&gt;&lt;img src=&quot;http://e.deviantart.net/emoticons/b/bulletgreen.gif&quot; width=&quot;10&quot; height=&quot;10&quot; alt=&quot;:bulletgreen:&quot; data-embed-type=&quot;emoticon&quot; data-embed-id=&quot;209&quot; title=&quot;Bullet; Green&quot;/&gt; Be conscious of what you eat. It&amp;#8217;s nothing extreme like becoming a vegan. Helping endangered animals can be as simple as buying the right kind of seafood. The Monterey Bay Aquarium has many guides and free pocket books on which seafood is eco friendly to eat, and there are plenty of choices so it&amp;#8217;s not the end of the world for your stomach, and better yet, it&amp;#8217;s not going to be the end of the world for those endangered species. &lt;a class=&quot;external&quot; href=&quot;http://www.deviantart.com/users/outgoing?http://www.montereybayaquarium.org/cr/cr_seafoodwatch/sfw_recommendations.aspx&quot;&gt;www.montereybayaquarium.org/cr&amp;hellip;&lt;/a&gt;&lt;br /&gt;&lt;br /&gt;&lt;img src=&quot;http://e.deviantart.net/emoticons/b/bulletgreen.gif&quot; width=&quot;10&quot; height=&quot;10&quot; alt=&quot;:bulletgreen:&quot; data-embed-type=&quot;emoticon&quot; data-embed-id=&quot;209&quot; title=&quot;Bullet; Green&quot;/&gt; Switch to a hybrid car if you can, or try to use more public transportation. You&amp;#8217;ll save money on gas, and save the environment from toxic spills and global warming. Not only that, you can buy food from your local farmers market where food is locally grown, and not transported across the world by burning petroleum. &lt;br /&gt;&lt;br /&gt;&lt;img src=&quot;http://e.deviantart.net/emoticons/b/bulletgreen.gif&quot; width=&quot;10&quot; height=&quot;10&quot; alt=&quot;:bulletgreen:&quot; data-embed-type=&quot;emoticon&quot; data-embed-id=&quot;209&quot; title=&quot;Bullet; Green&quot;/&gt; Lastly, spread the word. Education is the best cure. Many people don&amp;#8217;t watch what they eat simply because they&amp;#8217;re unaware of the environmental damage humans are causing. People need to understand that helping the environment is simply helping themselves. Once the over fished tuna goes extinct, and all the other animals that eat tuna also dies off, what&amp;#8217;s there left for us? So even if you don&amp;#8217;t care about the animals themselves, do it for yourself and your children. Don&amp;#8217;t let anyone stay ignorant, because the future they ruin will be your future as well. Spread the word, reblog, share, tweet, word of mouth, do what you can to cure ignorance. &lt;br /&gt;&lt;br /&gt;Thank you!&lt;br /&gt;&lt;br /&gt;&lt;span class=&quot;shadow-holder&quot; data-embed-type=&quot;deviation&quot; data-embed-id=&quot;217677913&quot; data-embed-format=&quot;thumb&quot;&gt;&lt;span class=&quot;shadow mild&quot; &gt;&lt;a class=&quot;thumb&quot; href=&quot;http://yuumei.deviantart.com/art/Countdown-217677913&quot; title=&quot;Countdown by yuumei, Jul 10, 2011 in Digital Art &amp;gt; Drawings &amp;amp; Paintings &amp;gt; Illustrations &amp;gt; Conceptual&quot; data-super-img=&quot;http://pre07.deviantart.net/0cba/th/pre/i/2014/099/b/6/countdown_by_yuumei-d3lllcp.png&quot; data-super-width=&quot;549&quot; data-super-height=&quot;1456&quot; data-super-transparent=&quot;true&quot; data-super-full-img=&quot;http://img05.deviantart.net/7860/i/2014/099/b/6/countdown_by_yuumei-d3lllcp.png&quot; data-super-full-width=&quot;800&quot; data-super-full-height=&quot;2122&quot;&gt;&lt;i&gt;&lt;/i&gt;&lt;img   width=&quot;57&quot; height=&quot;150&quot; alt=&quot;Countdown by yuumei&quot; src=&quot;http://t12.deviantart.net/YDg2zrg_KgXYGz1JC2arDojQxNQ=/fit-in/150x150/filters:no_upscale():origin()/pre07/0cba/th/pre/i/2014/099/b/6/countdown_by_yuumei-d3lllcp.png&quot; data-src=&quot;http://t12.deviantart.net/YDg2zrg_KgXYGz1JC2arDojQxNQ=/fit-in/150x150/filters:no_upscale():origin()/pre07/0cba/th/pre/i/2014/099/b/6/countdown_by_yuumei-d3lllcp.png&quot;&gt;&lt;/a&gt;&lt;/span&gt;&lt;!-- ^TTT --&gt;&lt;!-- TTT$ --&gt;&lt;/span&gt;&lt;span class=&quot;shadow-holder&quot; data-embed-type=&quot;deviation&quot; data-embed-id=&quot;309785871&quot; data-embed-format=&quot;thumb&quot;&gt;&lt;span class=&quot;shadow mild&quot; &gt;&lt;a class=&quot;thumb&quot; href=&quot;http://yuumei.deviantart.com/art/Black-Black-Heart-309785871&quot; title=&quot;Black Black Heart by yuumei, Jun 21, 2012 in Digital Art &amp;gt; Drawings &amp;amp; Paintings &amp;gt; Macabre &amp;amp; Horror&quot; data-super-img=&quot;http://pre00.deviantart.net/3d78/th/pre/f/2012/173/d/5/black_black_heart_by_yuumei-d54fsb3.jpg&quot; data-super-width=&quot;632&quot; data-super-height=&quot;1264&quot; data-super-transparent=&quot;false&quot; data-super-full-img=&quot;http://orig02.deviantart.net/bab8/f/2012/173/d/5/black_black_heart_by_yuumei-d54fsb3.jpg&quot; data-super-full-width=&quot;800&quot; data-super-full-height=&quot;1600&quot;&gt;&lt;i&gt;&lt;/i&gt;&lt;img   width=&quot;75&quot; height=&quot;150&quot; alt=&quot;Black Black Heart by yuumei&quot; src=&quot;http://t07.deviantart.net/uBZH_GquvwWMWAoqaLItJ1wyCt4=/fit-in/150x150/filters:no_upscale():origin()/pre00/3d78/th/pre/f/2012/173/d/5/black_black_heart_by_yuumei-d54fsb3.jpg&quot; data-src=&quot;http://t07.deviantart.net/uBZH_GquvwWMWAoqaLItJ1wyCt4=/fit-in/150x150/filters:no_upscale():origin()/pre00/3d78/th/pre/f/2012/173/d/5/black_black_heart_by_yuumei-d54fsb3.jpg&quot;&gt;&lt;/a&gt;&lt;/span&gt;&lt;!-- ^TTT --&gt;&lt;!-- TTT$ --&gt;&lt;/span&gt;&lt;span class=&quot;shadow-holder&quot; data-embed-type=&quot;deviation&quot; data-embed-id=&quot;411341821&quot; data-embed-format=&quot;thumb&quot;&gt;&lt;span class=&quot;shadow mild&quot; &gt;&lt;a class=&quot;thumb&quot; href=&quot;http://yuumei.deviantart.com/art/Legacy-411341821&quot; title=&quot;Legacy by yuumei, Nov 3, 2013 in Digital Art &amp;gt; Drawings &amp;amp; Paintings &amp;gt; Illustrations &amp;gt; Storybook&quot; data-super-img=&quot;http://pre06.deviantart.net/441e/th/pre/f/2013/307/d/c/legacy_by_yuumei-d6swhdp.jpg&quot; data-super-width=&quot;669&quot; data-super-height=&quot;1194&quot; data-super-transparent=&quot;false&quot; data-super-full-img=&quot;http://orig08.deviantart.net/5126/f/2013/307/d/c/legacy_by_yuumei-d6swhdp.jpg&quot; data-super-full-width=&quot;1000&quot; data-super-full-height=&quot;1783&quot;&gt;&lt;i&gt;&lt;/i&gt;&lt;img   width=&quot;84&quot; height=&quot;150&quot; alt=&quot;Legacy by yuumei&quot; src=&quot;http://t07.deviantart.net/rIPVb1PeKidpWai_ZJZwujO_L3s=/fit-in/150x150/filters:no_upscale():origin()/pre06/441e/th/pre/f/2013/307/d/c/legacy_by_yuumei-d6swhdp.jpg&quot; data-src=&quot;http://t07.deviantart.net/rIPVb1PeKidpWai_ZJZwujO_L3s=/fit-in/150x150/filters:no_upscale():origin()/pre06/441e/th/pre/f/2013/307/d/c/legacy_by_yuumei-d6swhdp.jpg&quot;&gt;&lt;/a&gt;&lt;/span&gt;&lt;!-- ^TTT --&gt;&lt;!-- TTT$ --&gt;&lt;/span&gt;&lt;br /&gt;&lt;div&gt;&lt;img src=&quot;https://t00.deviantart.net/B0p5R7KiTNGrdQw2vgzW3sHeeZc=/300x200/filters:fixed_height(100,100):origin()/pre00/eac0/th/pre/f/2012/252/5/2/524b737ef36f1ef45a999b5deee3b96b-d5e3xr0.jpg&quot; alt=&quot;thumbnail&quot; /&gt;&lt;/div&gt;</description>            </item>
        <item>
            <title>30 PREMIUM SPACE BRUSHES - VOLUME I</title>
            <link>https://era-7.deviantart.com/art/30-PREMIUM-SPACE-BRUSHES-VOLUME-I-718548515</link>
            <guid isPermaLink="true">https://era-7.deviantart.com/art/30-PREMIUM-SPACE-BRUSHES-VOLUME-I-718548515</guid>
            <pubDate>Tue, 05 Dec 2017 01:05:20 PST</pubDate>
            <media:title type="plain">30 PREMIUM SPACE BRUSHES - VOLUME I</media:title>
            <media:keywords></media:keywords>
            <media:rating>nonadult</media:rating>
            <media:category label="Photoshop Brushes">resources/applications/psbrushes</media:category>
            <media:credit role="author" scheme="urn:ebu">ERA-7</media:credit>
            <media:credit role="author" scheme="urn:ebu">https://a.deviantart.net/avatars/e/r/era-7.gif?15</media:credit>
            <media:copyright url="https://era-7.deviantart.com">Copyright 2017-2019 ERA-7</media:copyright>            <media:description type="html">&lt;h3&gt;Attention! I moved to a new account &lt;span class=&quot;username-with-symbol u&quot;&gt;&lt;a class=&quot;u premium username&quot; href=&quot;https://era7.deviantart.com&quot;&gt;ERA7&lt;/a&gt;&lt;span class=&quot;user-symbol premium&quot; data-quicktip-text=&quot;Core Member&quot; data-show-tooltip=&quot;1&quot; data-gruser-type=&quot;premium&quot;&gt;&lt;/span&gt;&lt;/span&gt;! Watch all new updates there! The current is not active anymore!&lt;/h3&gt;&lt;br /&gt;&lt;img src=&quot;https://e.deviantart.net/emoticons/n/new.gif&quot; width=&quot;30&quot; height=&quot;27&quot; alt=&quot;:new:&quot; data-embed-type=&quot;emoticon&quot; data-embed-id=&quot;109&quot; title=&quot;New&quot;/&gt;&lt;img src=&quot;https://e.deviantart.net/emoticons/n/new.gif&quot; width=&quot;30&quot; height=&quot;27&quot; alt=&quot;:new:&quot; data-embed-type=&quot;emoticon&quot; data-embed-id=&quot;109&quot; title=&quot;New&quot;/&gt;&lt;img src=&quot;https://e.deviantart.net/emoticons/n/new.gif&quot; width=&quot;30&quot; height=&quot;27&quot; alt=&quot;:new:&quot; data-embed-type=&quot;emoticon&quot; data-embed-id=&quot;109&quot; title=&quot;New&quot;/&gt;&lt;img src=&quot;https://e.deviantart.net/emoticons/n/new.gif&quot; width=&quot;30&quot; height=&quot;27&quot; alt=&quot;:new:&quot; data-embed-type=&quot;emoticon&quot; data-embed-id=&quot;109&quot; title=&quot;New&quot;/&gt;&lt;img src=&quot;https://e.deviantart.net/emoticons/n/new.gif&quot; width=&quot;30&quot; height=&quot;27&quot; alt=&quot;:new:&quot; data-embed-type=&quot;emoticon&quot; data-embed-id=&quot;109&quot; title=&quot;New&quot;/&gt;&lt;img src=&quot;https://e.deviantart.net/emoticons/n/new.gif&quot; width=&quot;30&quot; height=&quot;27&quot; alt=&quot;:new:&quot; data-embed-type=&quot;emoticon&quot; data-embed-id=&quot;109&quot; title=&quot;New&quot;/&gt;&lt;img src=&quot;https://e.deviantart.net/emoticons/n/new.gif&quot; width=&quot;30&quot; height=&quot;27&quot; alt=&quot;:new:&quot; data-embed-type=&quot;emoticon&quot; data-embed-id=&quot;109&quot; title=&quot;New&quot;/&gt;&lt;img src=&quot;https://e.deviantart.net/emoticons/n/new.gif&quot; width=&quot;30&quot; height=&quot;27&quot; alt=&quot;:new:&quot; data-embed-type=&quot;emoticon&quot; data-embed-id=&quot;109&quot; title=&quot;New&quot;/&gt;&lt;img src=&quot;https://e.deviantart.net/emoticons/n/new.gif&quot; width=&quot;30&quot; height=&quot;27&quot; alt=&quot;:new:&quot; data-embed-type=&quot;emoticon&quot; data-embed-id=&quot;109&quot; title=&quot;New&quot;/&gt;&lt;img src=&quot;https://e.deviantart.net/emoticons/n/new.gif&quot; width=&quot;30&quot; height=&quot;27&quot; alt=&quot;:new:&quot; data-embed-type=&quot;emoticon&quot; data-embed-id=&quot;109&quot; title=&quot;New&quot;/&gt;&lt;img src=&quot;https://e.deviantart.net/emoticons/n/new.gif&quot; width=&quot;30&quot; height=&quot;27&quot; alt=&quot;:new:&quot; data-embed-type=&quot;emoticon&quot; data-embed-id=&quot;109&quot; title=&quot;New&quot;/&gt;&lt;img src=&quot;https://e.deviantart.net/emoticons/n/new.gif&quot; width=&quot;30&quot; height=&quot;27&quot; alt=&quot;:new:&quot; data-embed-type=&quot;emoticon&quot; data-embed-id=&quot;109&quot; title=&quot;New&quot;/&gt;&lt;img src=&quot;https://e.deviantart.net/emoticons/n/new.gif&quot; width=&quot;30&quot; height=&quot;27&quot; alt=&quot;:new:&quot; data-embed-type=&quot;emoticon&quot; data-embed-id=&quot;109&quot; title=&quot;New&quot;/&gt;&lt;img src=&quot;https://e.deviantart.net/emoticons/n/new.gif&quot; width=&quot;30&quot; height=&quot;27&quot; alt=&quot;:new:&quot; data-embed-type=&quot;emoticon&quot; data-embed-id=&quot;109&quot; title=&quot;New&quot;/&gt;&lt;img src=&quot;https://e.deviantart.net/emoticons/n/new.gif&quot; width=&quot;30&quot; height=&quot;27&quot; alt=&quot;:new:&quot; data-embed-type=&quot;emoticon&quot; data-embed-id=&quot;109&quot; title=&quot;New&quot;/&gt;&lt;img src=&quot;https://e.deviantart.net/emoticons/n/new.gif&quot; width=&quot;30&quot; height=&quot;27&quot; alt=&quot;:new:&quot; data-embed-type=&quot;emoticon&quot; data-embed-id=&quot;109&quot; title=&quot;New&quot;/&gt;&lt;br /&gt;&lt;hr/&gt;&lt;br /&gt;&lt;b&gt;Only&lt;/b&gt; &lt;b&gt;$9,90&lt;/b&gt; &lt;b&gt;or 990 &lt;img src=&quot;https://e.deviantart.net/emoticons/p/points.gif&quot; width=&quot;20&quot; height=&quot;14&quot; alt=&quot;:points:&quot; data-embed-type=&quot;emoticon&quot; data-embed-id=&quot;589&quot; title=&quot;Points&quot;/&gt;!&lt;/b&gt;&lt;br /&gt;&lt;br /&gt;&lt;b&gt;&lt;h4&gt;Also available on &lt;a class=&quot;external&quot; href=&quot;https://www.deviantart.com/users/outgoing?https://gumroad.com/l/KZHDL&quot;&gt;Gumroad&lt;/a&gt;!&lt;/h4&gt;&lt;/b&gt;&lt;br /&gt;&lt;img src=&quot;https://e.deviantart.net/emoticons/s/star_full.gif&quot; width=&quot;17&quot; height=&quot;16&quot; alt=&quot;:star:&quot; data-embed-type=&quot;emoticon&quot; data-embed-id=&quot;450&quot; title=&quot;Star!&quot;/&gt;&lt;img src=&quot;https://e.deviantart.net/emoticons/s/star_full.gif&quot; width=&quot;17&quot; height=&quot;16&quot; alt=&quot;:star:&quot; data-embed-type=&quot;emoticon&quot; data-embed-id=&quot;450&quot; title=&quot;Star!&quot;/&gt;&lt;img src=&quot;https://e.deviantart.net/emoticons/s/star_full.gif&quot; width=&quot;17&quot; height=&quot;16&quot; alt=&quot;:star:&quot; data-embed-type=&quot;emoticon&quot; data-embed-id=&quot;450&quot; title=&quot;Star!&quot;/&gt;&lt;img src=&quot;https://e.deviantart.net/emoticons/s/star_full.gif&quot; width=&quot;17&quot; height=&quot;16&quot; alt=&quot;:star:&quot; data-embed-type=&quot;emoticon&quot; data-embed-id=&quot;450&quot; title=&quot;Star!&quot;/&gt;&lt;img src=&quot;https://e.deviantart.net/emoticons/s/star_full.gif&quot; width=&quot;17&quot; height=&quot;16&quot; alt=&quot;:star:&quot; data-embed-type=&quot;emoticon&quot; data-embed-id=&quot;450&quot; title=&quot;Star!&quot;/&gt;&lt;img src=&quot;https://e.deviantart.net/emoticons/s/star_full.gif&quot; width=&quot;17&quot; height=&quot;16&quot; alt=&quot;:star:&quot; data-embed-type=&quot;emoticon&quot; data-embed-id=&quot;450&quot; title=&quot;Star!&quot;/&gt;&lt;img src=&quot;https://e.deviantart.net/emoticons/s/star_full.gif&quot; width=&quot;17&quot; height=&quot;16&quot; alt=&quot;:star:&quot; data-embed-type=&quot;emoticon&quot; data-embed-id=&quot;450&quot; title=&quot;Star!&quot;/&gt;&lt;img src=&quot;https://e.deviantart.net/emoticons/s/star_full.gif&quot; width=&quot;17&quot; height=&quot;16&quot; alt=&quot;:star:&quot; data-embed-type=&quot;emoticon&quot; data-embed-id=&quot;450&quot; title=&quot;Star!&quot;/&gt;&lt;img src=&quot;https://e.deviantart.net/emoticons/s/star_full.gif&quot; width=&quot;17&quot; height=&quot;16&quot; alt=&quot;:star:&quot; data-embed-type=&quot;emoticon&quot; data-embed-id=&quot;450&quot; title=&quot;Star!&quot;/&gt;&lt;img src=&quot;https://e.deviantart.net/emoticons/s/star_full.gif&quot; width=&quot;17&quot; height=&quot;16&quot; alt=&quot;:star:&quot; data-embed-type=&quot;emoticon&quot; data-embed-id=&quot;450&quot; title=&quot;Star!&quot;/&gt;&lt;img src=&quot;https://e.deviantart.net/emoticons/s/star_full.gif&quot; width=&quot;17&quot; height=&quot;16&quot; alt=&quot;:star:&quot; data-embed-type=&quot;emoticon&quot; data-embed-id=&quot;450&quot; title=&quot;Star!&quot;/&gt;&lt;img src=&quot;https://e.deviantart.net/emoticons/s/star_full.gif&quot; width=&quot;17&quot; height=&quot;16&quot; alt=&quot;:star:&quot; data-embed-type=&quot;emoticon&quot; data-embed-id=&quot;450&quot; title=&quot;Star!&quot;/&gt;&lt;img src=&quot;https://e.deviantart.net/emoticons/s/star_full.gif&quot; width=&quot;17&quot; height=&quot;16&quot; alt=&quot;:star:&quot; data-embed-type=&quot;emoticon&quot; data-embed-id=&quot;450&quot; title=&quot;Star!&quot;/&gt;&lt;br /&gt;&lt;b&gt;30 PREMIUM SPACE BRUSHES Volume I - the first exclusive edition which includes epic &lt;u&gt;SPACE BRUSHES&lt;/u&gt;, the first official &lt;u&gt;tutorials&lt;/u&gt;&amp;nbsp;and &lt;u&gt;21 excellent premium Star Textures&lt;/u&gt;! &lt;/b&gt; &lt;img src=&quot;https://e.deviantart.net/emoticons/l/la.gif&quot; width=&quot;19&quot; height=&quot;19&quot; alt=&quot;:la:&quot; data-embed-type=&quot;emoticon&quot; data-embed-id=&quot;577&quot; title=&quot;La la la la&quot;/&gt; Photoshop required! &lt;img src=&quot;https://e.deviantart.net/emoticons/n/nod.gif&quot; width=&quot;15&quot; height=&quot;15&quot; alt=&quot;:nod:&quot; data-embed-type=&quot;emoticon&quot; data-embed-id=&quot;334&quot; title=&quot;Nod&quot;/&gt; Use all Packs for commercial and non-commercial purposes! And you don&#039;t need to credit me! &lt;img src=&quot;https://e.deviantart.net/emoticons/s/smile.gif&quot; width=&quot;15&quot; height=&quot;15&quot; alt=&quot;=)&quot; data-embed-type=&quot;emoticon&quot; data-embed-id=&quot;390&quot; title=&quot;=) (Smile)&quot;/&gt;&lt;br /&gt;&lt;br /&gt;&lt;strike&gt;&lt;b&gt;&amp;gt;&amp;gt; [Christmas Sale - Until 01.03.2018] &amp;lt;&amp;lt;&lt;/b&gt; &lt;/strike&gt;&lt;br /&gt;&lt;br /&gt;&lt;b&gt;Pack Include:&lt;/b&gt;&lt;br /&gt;- 30 SPACE BRUSHES for Photoshop (in .ABR format). &lt;b&gt;Photoshop CC and above required. &lt;/b&gt;&lt;br /&gt;- PDF book with short guide &amp;amp; 3 tutorials. 21 pages.&lt;br /&gt;- 21 excellent premium Star Textures. The size of each file is 2560x1440px.&lt;br /&gt;- All files have an original brightness and contrast. I a bit changed them for preview version.&lt;br /&gt;&lt;br /&gt;&lt;span class=&quot;shadow-holder&quot; data-embed-type=&quot;deviation&quot; data-embed-id=&quot;688366815&quot; data-embed-format=&quot;thumb&quot;&gt;&lt;span class=&quot;shadow mild&quot; &gt;&lt;a class=&quot;thumb&quot; href=&quot;https://era-7.deviantart.com/art/20-SUPER-HQ-SPACE-BACKGROUNDS-PACK-16-688366815&quot; title=&quot;20 SUPER HQ SPACE BACKGROUNDS - PACK 16 by ERA-7, Jun 24, 2017 in Resources &amp;amp; Stock Images &amp;gt; Stock Images &amp;gt; Nature &amp;gt; Skies &amp;amp; Space&quot;data-super-img=&quot;https://pre00.deviantart.net/2175/th/pre/i/2018/022/c/0/20_super_hq_space_backgrounds___pack_16_by_era_7-dbdu38f.jpg&quot; data-super-width=&quot;1133&quot; data-super-height=&quot;705&quot; data-super-transparent=&quot;false&quot; data-super-alt=&quot;20 SUPER HQ SPACE BACKGROUNDS - PACK 16 by ERA-7&quot; data-super-full-img=&quot;https://img00.deviantart.net/701b/i/2018/022/c/0/20_super_hq_space_backgrounds___pack_16_by_era_7-dbdu38f.jpg&quot; data-super-full-width=&quot;1600&quot; data-super-full-height=&quot;996&quot;        data-sigil=&quot;thumb&quot;&gt;
            &lt;i&gt;&lt;/i&gt;&lt;img   width=&quot;150&quot; height=&quot;93&quot; alt=&quot;20 SUPER HQ SPACE BACKGROUNDS - PACK 16 by ERA-7&quot; src=&quot;https://t00.deviantart.net/vL-pZNA_yqxJiU9KiY6QFF4fbIU=/fit-in/150x150/filters:no_upscale():origin()/pre00/2175/th/pre/i/2018/022/c/0/20_super_hq_space_backgrounds___pack_16_by_era_7-dbdu38f.jpg&quot; data-src=&quot;https://t00.deviantart.net/vL-pZNA_yqxJiU9KiY6QFF4fbIU=/fit-in/150x150/filters:no_upscale():origin()/pre00/2175/th/pre/i/2018/022/c/0/20_super_hq_space_backgrounds___pack_16_by_era_7-dbdu38f.jpg&quot; srcset=&quot;https://t00.deviantart.net/vL-pZNA_yqxJiU9KiY6QFF4fbIU=/fit-in/150x150/filters:no_upscale():origin()/pre00/2175/th/pre/i/2018/022/c/0/20_super_hq_space_backgrounds___pack_16_by_era_7-dbdu38f.jpg 150w,https://t00.deviantart.net/2pQmduZxRziWiZBJo-4OXT6Qluk=/fit-in/700x350/filters:fixed_height(100,100):origin()/pre00/2175/th/pre/i/2018/022/c/0/20_super_hq_space_backgrounds___pack_16_by_era_7-dbdu38f.jpg 562w,https://t00.deviantart.net/Uh1RXsoDtBCWsnkgsxRnNewtVgA=/fit-in/800x400/filters:fixed_height(100,100):origin()/pre00/2175/th/pre/i/2018/022/c/0/20_super_hq_space_backgrounds___pack_16_by_era_7-dbdu38f.jpg 643w,https://pre00.deviantart.net/2175/th/pre/i/2018/022/c/0/20_super_hq_space_backgrounds___pack_16_by_era_7-dbdu38f.jpg 1133w&quot; sizes=&quot;150px&quot;&gt;&lt;/a&gt;&lt;/span&gt;&lt;!-- ^TTT --&gt;&lt;!-- TTT$ --&gt;&lt;/span&gt;&lt;span class=&quot;shadow-holder&quot; data-embed-type=&quot;deviation&quot; data-embed-id=&quot;716706088&quot; data-embed-format=&quot;thumb&quot;&gt;&lt;span class=&quot;shadow mild&quot; &gt;&lt;a class=&quot;thumb&quot; href=&quot;https://era-7.deviantart.com/art/60-PREMIUM-SPACE-TEXTURES-I-PACK-25-716706088&quot; title=&quot;60 PREMIUM SPACE TEXTURES I - PACK 25 by ERA-7, Nov 24, 2017 in Resources &amp;amp; Stock Images &amp;gt; Stock Images &amp;gt; Nature &amp;gt; Skies &amp;amp; Space&quot;data-super-img=&quot;https://pre00.deviantart.net/e33d/th/pre/f/2017/335/c/3/60_premium_space_textures_i___pack_25_by_era_7-dbuphyg.jpg&quot; data-super-width=&quot;1151&quot; data-super-height=&quot;694&quot; data-super-transparent=&quot;false&quot; data-super-alt=&quot;60 PREMIUM SPACE TEXTURES I - PACK 25 by ERA-7&quot; data-super-full-img=&quot;https://orig00.deviantart.net/aec7/f/2017/335/c/3/60_premium_space_textures_i___pack_25_by_era_7-dbuphyg.jpg&quot; data-super-full-width=&quot;2500&quot; data-super-full-height=&quot;1509&quot;        data-sigil=&quot;thumb&quot;&gt;
            &lt;i&gt;&lt;/i&gt;&lt;img   width=&quot;150&quot; height=&quot;91&quot; alt=&quot;60 PREMIUM SPACE TEXTURES I - PACK 25 by ERA-7&quot; src=&quot;https://t00.deviantart.net/0W-UiKiFbLs-BL8vrSguXbeIxa8=/fit-in/150x150/filters:no_upscale():origin()/pre00/e33d/th/pre/f/2017/335/c/3/60_premium_space_textures_i___pack_25_by_era_7-dbuphyg.jpg&quot; data-src=&quot;https://t00.deviantart.net/0W-UiKiFbLs-BL8vrSguXbeIxa8=/fit-in/150x150/filters:no_upscale():origin()/pre00/e33d/th/pre/f/2017/335/c/3/60_premium_space_textures_i___pack_25_by_era_7-dbuphyg.jpg&quot; srcset=&quot;https://t00.deviantart.net/0W-UiKiFbLs-BL8vrSguXbeIxa8=/fit-in/150x150/filters:no_upscale():origin()/pre00/e33d/th/pre/f/2017/335/c/3/60_premium_space_textures_i___pack_25_by_era_7-dbuphyg.jpg 150w,https://t00.deviantart.net/4jqwKVBnVpegwPkEb9u_JQD2IL4=/fit-in/700x350/filters:fixed_height(100,100):origin()/pre00/e33d/th/pre/f/2017/335/c/3/60_premium_space_textures_i___pack_25_by_era_7-dbuphyg.jpg 580w,https://t00.deviantart.net/oyYT3bips7v0FUtgvlMddkhCS4Y=/fit-in/800x400/filters:fixed_height(100,100):origin()/pre00/e33d/th/pre/f/2017/335/c/3/60_premium_space_textures_i___pack_25_by_era_7-dbuphyg.jpg 663w,https://pre00.deviantart.net/e33d/th/pre/f/2017/335/c/3/60_premium_space_textures_i___pack_25_by_era_7-dbuphyg.jpg 1151w&quot; sizes=&quot;150px&quot;&gt;&lt;/a&gt;&lt;/span&gt;&lt;!-- ^TTT --&gt;&lt;!-- TTT$ --&gt;&lt;/span&gt;&lt;br /&gt;&lt;b&gt;If you don&#039;t have points you may get them here - &lt;span class=&quot;username-with-symbol u&quot;&gt;&lt;a class=&quot;u hell username&quot; href=&quot;https://dahub.deviantart.com&quot;&gt;dAhub&lt;/a&gt;&lt;span class=&quot;user-symbol hell&quot; data-quicktip-text=&quot;Core Member &amp;#039;til Hell Freezes Over&quot; data-show-tooltip=&quot;1&quot; data-gruser-type=&quot;hell&quot;&gt;&lt;/span&gt;&lt;/span&gt;! &lt;img src=&quot;https://e.deviantart.net/emoticons/l/la.gif&quot; width=&quot;19&quot; height=&quot;19&quot; alt=&quot;:la:&quot; data-embed-type=&quot;emoticon&quot; data-embed-id=&quot;577&quot; title=&quot;La la la la&quot;/&gt;&lt;/b&gt;&lt;br /&gt;&lt;br /&gt;&lt;b&gt;&lt;h3&gt; Feel free to watch me and join to my page on &lt;a class=&quot;external&quot; href=&quot;https://www.deviantart.com/users/outgoing?https://www.facebook.com/spiritustheuniverse/&quot;&gt;Facebook&lt;/a&gt; !&lt;/h3&gt;&lt;/b&gt;&lt;br /&gt;&lt;span class=&quot;shadow-holder&quot; data-embed-type=&quot;deviation&quot; data-embed-id=&quot;702765994&quot; data-embed-format=&quot;thumb&quot;&gt;&lt;span class=&quot;shadow mild&quot; &gt;&lt;a class=&quot;thumb&quot; href=&quot;https://era-7.deviantart.com/art/11-FREE-GAS-GIANTS-PACK-24-702765994&quot; title=&quot;11 FREE GAS GIANTS - PACK 24 by ERA-7, Sep 4, 2017 in Resources &amp;amp; Stock Images &amp;gt; Stock Images &amp;gt; Nature &amp;gt; Skies &amp;amp; Space&quot;        data-sigil=&quot;thumb&quot;&gt;
            &lt;i&gt;&lt;/i&gt;&lt;img   width=&quot;150&quot; height=&quot;113&quot; alt=&quot;11 FREE GAS GIANTS - PACK 24 by ERA-7&quot; src=&quot;https://t00.deviantart.net/RViMZYRLF-GbJJYRYTb9fULAC7M=/fit-in/150x150/filters:no_upscale():origin()/pre00/1bf2/th/pre/f/2017/247/b/2/11_free_gas_giants___pack_24_by_era_7-dbmeppm.jpg&quot; data-src=&quot;https://t00.deviantart.net/RViMZYRLF-GbJJYRYTb9fULAC7M=/fit-in/150x150/filters:no_upscale():origin()/pre00/1bf2/th/pre/f/2017/247/b/2/11_free_gas_giants___pack_24_by_era_7-dbmeppm.jpg&quot; srcset=&quot;https://t00.deviantart.net/RViMZYRLF-GbJJYRYTb9fULAC7M=/fit-in/150x150/filters:no_upscale():origin()/pre00/1bf2/th/pre/f/2017/247/b/2/11_free_gas_giants___pack_24_by_era_7-dbmeppm.jpg 150w,https://t00.deviantart.net/vu-SNilJMJlUVjUcZ4GDdskFuH4=/fit-in/700x350/filters:fixed_height(100,100):origin()/pre00/1bf2/th/pre/f/2017/247/b/2/11_free_gas_giants___pack_24_by_era_7-dbmeppm.jpg 463w,https://t00.deviantart.net/EhsvTTv1JlKSce_FS9UbLtQz_4Q=/fit-in/800x400/filters:fixed_height(100,100):origin()/pre00/1bf2/th/pre/f/2017/247/b/2/11_free_gas_giants___pack_24_by_era_7-dbmeppm.jpg 529w,https://pre00.deviantart.net/1bf2/th/pre/f/2017/247/b/2/11_free_gas_giants___pack_24_by_era_7-dbmeppm.jpg 1029w&quot; sizes=&quot;150px&quot;&gt;&lt;/a&gt;&lt;/span&gt;&lt;!-- ^TTT --&gt;&lt;!-- TTT$ --&gt;&lt;/span&gt;&lt;span class=&quot;shadow-holder&quot; data-embed-type=&quot;deviation&quot; data-embed-id=&quot;695158977&quot; data-embed-format=&quot;thumb&quot;&gt;&lt;span class=&quot;shadow mild&quot; &gt;&lt;a class=&quot;thumb&quot; href=&quot;https://era-7.deviantart.com/art/40-PREMIUM-SCI-FI-TEXTURES-PACK-21-695158977&quot; title=&quot;40 PREMIUM SCI-FI TEXTURES - PACK 21 by ERA-7, Jul 27, 2017 in Resources &amp;amp; Stock Images &amp;gt; Stock Images &amp;gt; Nature &amp;gt; Skies &amp;amp; Space&quot;data-super-img=&quot;https://pre00.deviantart.net/a305/th/pre/f/2017/208/d/8/40_premium_sci_fi_textures___pack_21_by_era_7-dbhvo3l.jpg&quot; data-super-width=&quot;1029&quot; data-super-height=&quot;777&quot; data-super-transparent=&quot;false&quot; data-super-alt=&quot;40 PREMIUM SCI-FI TEXTURES - PACK 21 by ERA-7&quot; data-super-full-img=&quot;https://orig00.deviantart.net/03b5/f/2017/208/d/8/40_premium_sci_fi_textures___pack_21_by_era_7-dbhvo3l.jpg&quot; data-super-full-width=&quot;2074&quot; data-super-full-height=&quot;1566&quot;        data-sigil=&quot;thumb&quot;&gt;
            &lt;i&gt;&lt;/i&gt;&lt;img   width=&quot;150&quot; height=&quot;113&quot; alt=&quot;40 PREMIUM SCI-FI TEXTURES - PACK 21 by ERA-7&quot; src=&quot;https://t00.deviantart.net/SLx8e6XkiLVfjGd5znIGE0mLRd4=/fit-in/150x150/filters:no_upscale():origin()/pre00/a305/th/pre/f/2017/208/d/8/40_premium_sci_fi_textures___pack_21_by_era_7-dbhvo3l.jpg&quot; data-src=&quot;https://t00.deviantart.net/SLx8e6XkiLVfjGd5znIGE0mLRd4=/fit-in/150x150/filters:no_upscale():origin()/pre00/a305/th/pre/f/2017/208/d/8/40_premium_sci_fi_textures___pack_21_by_era_7-dbhvo3l.jpg&quot; srcset=&quot;https://t00.deviantart.net/SLx8e6XkiLVfjGd5znIGE0mLRd4=/fit-in/150x150/filters:no_upscale():origin()/pre00/a305/th/pre/f/2017/208/d/8/40_premium_sci_fi_textures___pack_21_by_era_7-dbhvo3l.jpg 150w,https://t00.deviantart.net/k2kHHRUizgO1OXx58gtoZhTf8yk=/fit-in/700x350/filters:fixed_height(100,100):origin()/pre00/a305/th/pre/f/2017/208/d/8/40_premium_sci_fi_textures___pack_21_by_era_7-dbhvo3l.jpg 464w,https://t00.deviantart.net/Wy7K3LlNUgwuDPMkc_miWQV64V4=/fit-in/800x400/filters:fixed_height(100,100):origin()/pre00/a305/th/pre/f/2017/208/d/8/40_premium_sci_fi_textures___pack_21_by_era_7-dbhvo3l.jpg 530w,https://pre00.deviantart.net/a305/th/pre/f/2017/208/d/8/40_premium_sci_fi_textures___pack_21_by_era_7-dbhvo3l.jpg 1029w&quot; sizes=&quot;150px&quot;&gt;&lt;/a&gt;&lt;/span&gt;&lt;!-- ^TTT --&gt;&lt;!-- TTT$ --&gt;&lt;/span&gt;&lt;span class=&quot;shadow-holder&quot; data-embed-type=&quot;deviation&quot; data-embed-id=&quot;682099577&quot; data-embed-format=&quot;thumb&quot;&gt;&lt;span class=&quot;shadow mild&quot; &gt;&lt;a class=&quot;thumb&quot; href=&quot;https://era-7.deviantart.com/art/30-SPACE-BACKGROUNDS-PACK-2-682099577&quot; title=&quot;30 SPACE BACKGROUNDS - PACK 2 by ERA-7, May 22, 2017 in Resources &amp;amp; Stock Images &amp;gt; Stock Images &amp;gt; Nature &amp;gt; Skies &amp;amp; Space&quot;        data-sigil=&quot;thumb&quot;&gt;
            &lt;i&gt;&lt;/i&gt;&lt;img   width=&quot;150&quot; height=&quot;102&quot; alt=&quot;30 SPACE BACKGROUNDS - PACK 2 by ERA-7&quot; src=&quot;https://t00.deviantart.net/vwl9ehca7wfjKIRhDGPPXb8PfS4=/fit-in/150x150/filters:no_upscale():origin()/pre00/2435/th/pre/f/2017/142/9/d/30_space_backgrounds___pack_2_by_era_7-dba3reh.jpg&quot; data-src=&quot;https://t00.deviantart.net/vwl9ehca7wfjKIRhDGPPXb8PfS4=/fit-in/150x150/filters:no_upscale():origin()/pre00/2435/th/pre/f/2017/142/9/d/30_space_backgrounds___pack_2_by_era_7-dba3reh.jpg&quot; srcset=&quot;https://t00.deviantart.net/vwl9ehca7wfjKIRhDGPPXb8PfS4=/fit-in/150x150/filters:no_upscale():origin()/pre00/2435/th/pre/f/2017/142/9/d/30_space_backgrounds___pack_2_by_era_7-dba3reh.jpg 150w,https://t00.deviantart.net/bISSoAvofTf2UaYCxY6h9OriT0s=/fit-in/700x350/filters:fixed_height(100,100):origin()/pre00/2435/th/pre/f/2017/142/9/d/30_space_backgrounds___pack_2_by_era_7-dba3reh.jpg 517w,https://t00.deviantart.net/cpquAuR8d0WGYTc6_xgBKiQeAP0=/fit-in/800x400/filters:fixed_height(100,100):origin()/pre00/2435/th/pre/f/2017/142/9/d/30_space_backgrounds___pack_2_by_era_7-dba3reh.jpg 591w,https://pre00.deviantart.net/2435/th/pre/f/2017/142/9/d/30_space_backgrounds___pack_2_by_era_7-dba3reh.jpg 1086w&quot; sizes=&quot;150px&quot;&gt;&lt;/a&gt;&lt;/span&gt;&lt;!-- ^TTT --&gt;&lt;!-- TTT$ --&gt;&lt;/span&gt;&lt;span class=&quot;shadow-holder&quot; data-embed-type=&quot;deviation&quot; data-embed-id=&quot;665242242&quot; data-embed-format=&quot;thumb&quot;&gt;&lt;span class=&quot;shadow mild&quot; &gt;&lt;a class=&quot;thumb&quot; href=&quot;https://era-7.deviantart.com/art/WORMHOLE-665242242&quot; title=&quot;WORMHOLE by ERA-7, Feb 23, 2017 in Digital Art &amp;gt; Drawings &amp;amp; Paintings &amp;gt; Space Art&quot;data-super-img=&quot;https://pre00.deviantart.net/cd0b/th/pre/f/2017/054/4/4/wormhole_by_era_7-db02g76.jpg&quot; data-super-width=&quot;1192&quot; data-super-height=&quot;670&quot; data-super-transparent=&quot;false&quot; data-super-alt=&quot;WORMHOLE by ERA-7&quot; data-super-full-img=&quot;https://orig00.deviantart.net/402c/f/2017/054/4/4/wormhole_by_era_7-db02g76.jpg&quot; data-super-full-width=&quot;2560&quot; data-super-full-height=&quot;1440&quot;        data-sigil=&quot;thumb&quot;&gt;
            &lt;i&gt;&lt;/i&gt;&lt;img   width=&quot;150&quot; height=&quot;84&quot; alt=&quot;WORMHOLE by ERA-7&quot; src=&quot;https://t00.deviantart.net/nW7h95uQNOqPIkJgXD8cQRg6HJI=/fit-in/150x150/filters:no_upscale():origin()/pre00/cd0b/th/pre/f/2017/054/4/4/wormhole_by_era_7-db02g76.jpg&quot; data-src=&quot;https://t00.deviantart.net/nW7h95uQNOqPIkJgXD8cQRg6HJI=/fit-in/150x150/filters:no_upscale():origin()/pre00/cd0b/th/pre/f/2017/054/4/4/wormhole_by_era_7-db02g76.jpg&quot; srcset=&quot;https://t00.deviantart.net/nW7h95uQNOqPIkJgXD8cQRg6HJI=/fit-in/150x150/filters:no_upscale():origin()/pre00/cd0b/th/pre/f/2017/054/4/4/wormhole_by_era_7-db02g76.jpg 150w,https://t00.deviantart.net/YAlOUvM3gg8YBj-CDzkUxX-224M=/fit-in/700x350/filters:fixed_height(100,100):origin()/pre00/cd0b/th/pre/f/2017/054/4/4/wormhole_by_era_7-db02g76.jpg 622w,https://t00.deviantart.net/pUwk3xL97LN6OuXRkqXlQ_TTaLA=/fit-in/800x400/filters:fixed_height(100,100):origin()/pre00/cd0b/th/pre/f/2017/054/4/4/wormhole_by_era_7-db02g76.jpg 711w,https://pre00.deviantart.net/cd0b/th/pre/f/2017/054/4/4/wormhole_by_era_7-db02g76.jpg 1192w&quot; sizes=&quot;150px&quot;&gt;&lt;/a&gt;&lt;/span&gt;&lt;!-- ^TTT --&gt;&lt;!-- TTT$ --&gt;&lt;/span&gt;</media:description>            <media:thumbnail url="https://t00.deviantart.net/KFRKxvMYKcsRISzluP_kTXdMPAg=/fit-in/150x150/filters:no_upscale():origin()/pre00/6312/th/pre/f/2017/339/b/7/30_premium_space_brushes___volume_i_by_era_7-dbvszkz.jpg" height="80" width="150"/>            <media:thumbnail url="https://t00.deviantart.net/Hv-MXXBSq-4zvXRWTDg2WQduVEU=/fit-in/300x900/filters:no_upscale():origin()/pre00/6312/th/pre/f/2017/339/b/7/30_premium_space_brushes___volume_i_by_era_7-dbvszkz.jpg" height="161" width="300"/>            <media:thumbnail url="https://t00.deviantart.net/c-jLhSVMUI3hhZX12nnf27Fe0jI=/300x200/filters:fixed_height(100,100):origin()/pre00/6312/th/pre/f/2017/339/b/7/30_premium_space_brushes___volume_i_by_era_7-dbvszkz.jpg" height="161" width="300"/>            <media:content url="https://pre00.deviantart.net/6312/th/pre/f/2017/339/b/7/30_premium_space_brushes___volume_i_by_era_7-dbvszkz.jpg" height="655" width="1221" medium="image"/>
            <description>&lt;h3&gt;Attention! I moved to a new account &lt;span class=&quot;username-with-symbol u&quot;&gt;&lt;a class=&quot;u premium username&quot; href=&quot;https://era7.deviantart.com&quot;&gt;ERA7&lt;/a&gt;&lt;span class=&quot;user-symbol premium&quot; data-quicktip-text=&quot;Core Member&quot; data-show-tooltip=&quot;1&quot; data-gruser-type=&quot;premium&quot;&gt;&lt;/span&gt;&lt;/span&gt;! Watch all new updates there! The current is not active anymore!&lt;/h3&gt;&lt;br /&gt;&lt;img src=&quot;https://e.deviantart.net/emoticons/n/new.gif&quot; width=&quot;30&quot; height=&quot;27&quot; alt=&quot;:new:&quot; data-embed-type=&quot;emoticon&quot; data-embed-id=&quot;109&quot; title=&quot;New&quot;/&gt;&lt;img src=&quot;https://e.deviantart.net/emoticons/n/new.gif&quot; width=&quot;30&quot; height=&quot;27&quot; alt=&quot;:new:&quot; data-embed-type=&quot;emoticon&quot; data-embed-id=&quot;109&quot; title=&quot;New&quot;/&gt;&lt;img src=&quot;https://e.deviantart.net/emoticons/n/new.gif&quot; width=&quot;30&quot; height=&quot;27&quot; alt=&quot;:new:&quot; data-embed-type=&quot;emoticon&quot; data-embed-id=&quot;109&quot; title=&quot;New&quot;/&gt;&lt;img src=&quot;https://e.deviantart.net/emoticons/n/new.gif&quot; width=&quot;30&quot; height=&quot;27&quot; alt=&quot;:new:&quot; data-embed-type=&quot;emoticon&quot; data-embed-id=&quot;109&quot; title=&quot;New&quot;/&gt;&lt;img src=&quot;https://e.deviantart.net/emoticons/n/new.gif&quot; width=&quot;30&quot; height=&quot;27&quot; alt=&quot;:new:&quot; data-embed-type=&quot;emoticon&quot; data-embed-id=&quot;109&quot; title=&quot;New&quot;/&gt;&lt;img src=&quot;https://e.deviantart.net/emoticons/n/new.gif&quot; width=&quot;30&quot; height=&quot;27&quot; alt=&quot;:new:&quot; data-embed-type=&quot;emoticon&quot; data-embed-id=&quot;109&quot; title=&quot;New&quot;/&gt;&lt;img src=&quot;https://e.deviantart.net/emoticons/n/new.gif&quot; width=&quot;30&quot; height=&quot;27&quot; alt=&quot;:new:&quot; data-embed-type=&quot;emoticon&quot; data-embed-id=&quot;109&quot; title=&quot;New&quot;/&gt;&lt;img src=&quot;https://e.deviantart.net/emoticons/n/new.gif&quot; width=&quot;30&quot; height=&quot;27&quot; alt=&quot;:new:&quot; data-embed-type=&quot;emoticon&quot; data-embed-id=&quot;109&quot; title=&quot;New&quot;/&gt;&lt;img src=&quot;https://e.deviantart.net/emoticons/n/new.gif&quot; width=&quot;30&quot; height=&quot;27&quot; alt=&quot;:new:&quot; data-embed-type=&quot;emoticon&quot; data-embed-id=&quot;109&quot; title=&quot;New&quot;/&gt;&lt;img src=&quot;https://e.deviantart.net/emoticons/n/new.gif&quot; width=&quot;30&quot; height=&quot;27&quot; alt=&quot;:new:&quot; data-embed-type=&quot;emoticon&quot; data-embed-id=&quot;109&quot; title=&quot;New&quot;/&gt;&lt;img src=&quot;https://e.deviantart.net/emoticons/n/new.gif&quot; width=&quot;30&quot; height=&quot;27&quot; alt=&quot;:new:&quot; data-embed-type=&quot;emoticon&quot; data-embed-id=&quot;109&quot; title=&quot;New&quot;/&gt;&lt;img src=&quot;https://e.deviantart.net/emoticons/n/new.gif&quot; width=&quot;30&quot; height=&quot;27&quot; alt=&quot;:new:&quot; data-embed-type=&quot;emoticon&quot; data-embed-id=&quot;109&quot; title=&quot;New&quot;/&gt;&lt;img src=&quot;https://e.deviantart.net/emoticons/n/new.gif&quot; width=&quot;30&quot; height=&quot;27&quot; alt=&quot;:new:&quot; data-embed-type=&quot;emoticon&quot; data-embed-id=&quot;109&quot; title=&quot;New&quot;/&gt;&lt;img src=&quot;https://e.deviantart.net/emoticons/n/new.gif&quot; width=&quot;30&quot; height=&quot;27&quot; alt=&quot;:new:&quot; data-embed-type=&quot;emoticon&quot; data-embed-id=&quot;109&quot; title=&quot;New&quot;/&gt;&lt;img src=&quot;https://e.deviantart.net/emoticons/n/new.gif&quot; width=&quot;30&quot; height=&quot;27&quot; alt=&quot;:new:&quot; data-embed-type=&quot;emoticon&quot; data-embed-id=&quot;109&quot; title=&quot;New&quot;/&gt;&lt;img src=&quot;https://e.deviantart.net/emoticons/n/new.gif&quot; width=&quot;30&quot; height=&quot;27&quot; alt=&quot;:new:&quot; data-embed-type=&quot;emoticon&quot; data-embed-id=&quot;109&quot; title=&quot;New&quot;/&gt;&lt;br /&gt;&lt;hr/&gt;&lt;br /&gt;&lt;b&gt;Only&lt;/b&gt; &lt;b&gt;$9,90&lt;/b&gt; &lt;b&gt;or 990 &lt;img src=&quot;https://e.deviantart.net/emoticons/p/points.gif&quot; width=&quot;20&quot; height=&quot;14&quot; alt=&quot;:points:&quot; data-embed-type=&quot;emoticon&quot; data-embed-id=&quot;589&quot; title=&quot;Points&quot;/&gt;!&lt;/b&gt;&lt;br /&gt;&lt;br /&gt;&lt;b&gt;&lt;h4&gt;Also available on &lt;a class=&quot;external&quot; href=&quot;https://www.deviantart.com/users/outgoing?https://gumroad.com/l/KZHDL&quot;&gt;Gumroad&lt;/a&gt;!&lt;/h4&gt;&lt;/b&gt;&lt;br /&gt;&lt;img src=&quot;https://e.deviantart.net/emoticons/s/star_full.gif&quot; width=&quot;17&quot; height=&quot;16&quot; alt=&quot;:star:&quot; data-embed-type=&quot;emoticon&quot; data-embed-id=&quot;450&quot; title=&quot;Star!&quot;/&gt;&lt;img src=&quot;https://e.deviantart.net/emoticons/s/star_full.gif&quot; width=&quot;17&quot; height=&quot;16&quot; alt=&quot;:star:&quot; data-embed-type=&quot;emoticon&quot; data-embed-id=&quot;450&quot; title=&quot;Star!&quot;/&gt;&lt;img src=&quot;https://e.deviantart.net/emoticons/s/star_full.gif&quot; width=&quot;17&quot; height=&quot;16&quot; alt=&quot;:star:&quot; data-embed-type=&quot;emoticon&quot; data-embed-id=&quot;450&quot; title=&quot;Star!&quot;/&gt;&lt;img src=&quot;https://e.deviantart.net/emoticons/s/star_full.gif&quot; width=&quot;17&quot; height=&quot;16&quot; alt=&quot;:star:&quot; data-embed-type=&quot;emoticon&quot; data-embed-id=&quot;450&quot; title=&quot;Star!&quot;/&gt;&lt;img src=&quot;https://e.deviantart.net/emoticons/s/star_full.gif&quot; width=&quot;17&quot; height=&quot;16&quot; alt=&quot;:star:&quot; data-embed-type=&quot;emoticon&quot; data-embed-id=&quot;450&quot; title=&quot;Star!&quot;/&gt;&lt;img src=&quot;https://e.deviantart.net/emoticons/s/star_full.gif&quot; width=&quot;17&quot; height=&quot;16&quot; alt=&quot;:star:&quot; data-embed-type=&quot;emoticon&quot; data-embed-id=&quot;450&quot; title=&quot;Star!&quot;/&gt;&lt;img src=&quot;https://e.deviantart.net/emoticons/s/star_full.gif&quot; width=&quot;17&quot; height=&quot;16&quot; alt=&quot;:star:&quot; data-embed-type=&quot;emoticon&quot; data-embed-id=&quot;450&quot; title=&quot;Star!&quot;/&gt;&lt;img src=&quot;https://e.deviantart.net/emoticons/s/star_full.gif&quot; width=&quot;17&quot; height=&quot;16&quot; alt=&quot;:star:&quot; data-embed-type=&quot;emoticon&quot; data-embed-id=&quot;450&quot; title=&quot;Star!&quot;/&gt;&lt;img src=&quot;https://e.deviantart.net/emoticons/s/star_full.gif&quot; width=&quot;17&quot; height=&quot;16&quot; alt=&quot;:star:&quot; data-embed-type=&quot;emoticon&quot; data-embed-id=&quot;450&quot; title=&quot;Star!&quot;/&gt;&lt;img src=&quot;https://e.deviantart.net/emoticons/s/star_full.gif&quot; width=&quot;17&quot; height=&quot;16&quot; alt=&quot;:star:&quot; data-embed-type=&quot;emoticon&quot; data-embed-id=&quot;450&quot; title=&quot;Star!&quot;/&gt;&lt;img src=&quot;https://e.deviantart.net/emoticons/s/star_full.gif&quot; width=&quot;17&quot; height=&quot;16&quot; alt=&quot;:star:&quot; data-embed-type=&quot;emoticon&quot; data-embed-id=&quot;450&quot; title=&quot;Star!&quot;/&gt;&lt;img src=&quot;https://e.deviantart.net/emoticons/s/star_full.gif&quot; width=&quot;17&quot; height=&quot;16&quot; alt=&quot;:star:&quot; data-embed-type=&quot;emoticon&quot; data-embed-id=&quot;450&quot; title=&quot;Star!&quot;/&gt;&lt;img src=&quot;https://e.deviantart.net/emoticons/s/star_full.gif&quot; width=&quot;17&quot; height=&quot;16&quot; alt=&quot;:star:&quot; data-embed-type=&quot;emoticon&quot; data-embed-id=&quot;450&quot; title=&quot;Star!&quot;/&gt;&lt;br /&gt;&lt;b&gt;30 PREMIUM SPACE BRUSHES Volume I - the first exclusive edition which includes epic &lt;u&gt;SPACE BRUSHES&lt;/u&gt;, the first official &lt;u&gt;tutorials&lt;/u&gt;&amp;nbsp;and &lt;u&gt;21 excellent premium Star Textures&lt;/u&gt;! &lt;/b&gt; &lt;img src=&quot;https://e.deviantart.net/emoticons/l/la.gif&quot; width=&quot;19&quot; height=&quot;19&quot; alt=&quot;:la:&quot; data-embed-type=&quot;emoticon&quot; data-embed-id=&quot;577&quot; title=&quot;La la la la&quot;/&gt; Photoshop required! &lt;img src=&quot;https://e.deviantart.net/emoticons/n/nod.gif&quot; width=&quot;15&quot; height=&quot;15&quot; alt=&quot;:nod:&quot; data-embed-type=&quot;emoticon&quot; data-embed-id=&quot;334&quot; title=&quot;Nod&quot;/&gt; Use all Packs for commercial and non-commercial purposes! And you don&#039;t need to credit me! &lt;img src=&quot;https://e.deviantart.net/emoticons/s/smile.gif&quot; width=&quot;15&quot; height=&quot;15&quot; alt=&quot;=)&quot; data-embed-type=&quot;emoticon&quot; data-embed-id=&quot;390&quot; title=&quot;=) (Smile)&quot;/&gt;&lt;br /&gt;&lt;br /&gt;&lt;strike&gt;&lt;b&gt;&amp;gt;&amp;gt; [Christmas Sale - Until 01.03.2018] &amp;lt;&amp;lt;&lt;/b&gt; &lt;/strike&gt;&lt;br /&gt;&lt;br /&gt;&lt;b&gt;Pack Include:&lt;/b&gt;&lt;br /&gt;- 30 SPACE BRUSHES for Photoshop (in .ABR format). &lt;b&gt;Photoshop CC and above required. &lt;/b&gt;&lt;br /&gt;- PDF book with short guide &amp;amp; 3 tutorials. 21 pages.&lt;br /&gt;- 21 excellent premium Star Textures. The size of each file is 2560x1440px.&lt;br /&gt;- All files have an original brightness and contrast. I a bit changed them for preview version.&lt;br /&gt;&lt;br /&gt;&lt;span class=&quot;shadow-holder&quot; data-embed-type=&quot;deviation&quot; data-embed-id=&quot;688366815&quot; data-embed-format=&quot;thumb&quot;&gt;&lt;span class=&quot;shadow mild&quot; &gt;&lt;a class=&quot;thumb&quot; href=&quot;https://era-7.deviantart.com/art/20-SUPER-HQ-SPACE-BACKGROUNDS-PACK-16-688366815&quot; title=&quot;20 SUPER HQ SPACE BACKGROUNDS - PACK 16 by ERA-7, Jun 24, 2017 in Resources &amp;amp; Stock Images &amp;gt; Stock Images &amp;gt; Nature &amp;gt; Skies &amp;amp; Space&quot;data-super-img=&quot;https://pre00.deviantart.net/2175/th/pre/i/2018/022/c/0/20_super_hq_space_backgrounds___pack_16_by_era_7-dbdu38f.jpg&quot; data-super-width=&quot;1133&quot; data-super-height=&quot;705&quot; data-super-transparent=&quot;false&quot; data-super-alt=&quot;20 SUPER HQ SPACE BACKGROUNDS - PACK 16 by ERA-7&quot; data-super-full-img=&quot;https://img00.deviantart.net/701b/i/2018/022/c/0/20_super_hq_space_backgrounds___pack_16_by_era_7-dbdu38f.jpg&quot; data-super-full-width=&quot;1600&quot; data-super-full-height=&quot;996&quot;        data-sigil=&quot;thumb&quot;&gt;
                &lt;i&gt;&lt;/i&gt;&lt;img   width=&quot;150&quot; height=&quot;93&quot; alt=&quot;20 SUPER HQ SPACE BACKGROUNDS - PACK 16 by ERA-7&quot; src=&quot;https://t00.deviantart.net/vL-pZNA_yqxJiU9KiY6QFF4fbIU=/fit-in/150x150/filters:no_upscale():origin()/pre00/2175/th/pre/i/2018/022/c/0/20_super_hq_space_backgrounds___pack_16_by_era_7-dbdu38f.jpg&quot; data-src=&quot;https://t00.deviantart.net/vL-pZNA_yqxJiU9KiY6QFF4fbIU=/fit-in/150x150/filters:no_upscale():origin()/pre00/2175/th/pre/i/2018/022/c/0/20_super_hq_space_backgrounds___pack_16_by_era_7-dbdu38f.jpg&quot; srcset=&quot;https://t00.deviantart.net/vL-pZNA_yqxJiU9KiY6QFF4fbIU=/fit-in/150x150/filters:no_upscale():origin()/pre00/2175/th/pre/i/2018/022/c/0/20_super_hq_space_backgrounds___pack_16_by_era_7-dbdu38f.jpg 150w,https://t00.deviantart.net/2pQmduZxRziWiZBJo-4OXT6Qluk=/fit-in/700x350/filters:fixed_height(100,100):origin()/pre00/2175/th/pre/i/2018/022/c/0/20_super_hq_space_backgrounds___pack_16_by_era_7-dbdu38f.jpg 562w,https://t00.deviantart.net/Uh1RXsoDtBCWsnkgsxRnNewtVgA=/fit-in/800x400/filters:fixed_height(100,100):origin()/pre00/2175/th/pre/i/2018/022/c/0/20_super_hq_space_backgrounds___pack_16_by_era_7-dbdu38f.jpg 643w,https://pre00.deviantart.net/2175/th/pre/i/2018/022/c/0/20_super_hq_space_backgrounds___pack_16_by_era_7-dbdu38f.jpg 1133w&quot; sizes=&quot;150px&quot;&gt;&lt;/a&gt;&lt;/span&gt;&lt;!-- ^TTT --&gt;&lt;!-- TTT$ --&gt;&lt;/span&gt;&lt;span class=&quot;shadow-holder&quot; data-embed-type=&quot;deviation&quot; data-embed-id=&quot;716706088&quot; data-embed-format=&quot;thumb&quot;&gt;&lt;span class=&quot;shadow mild&quot; &gt;&lt;a class=&quot;thumb&quot; href=&quot;https://era-7.deviantart.com/art/60-PREMIUM-SPACE-TEXTURES-I-PACK-25-716706088&quot; title=&quot;60 PREMIUM SPACE TEXTURES I - PACK 25 by ERA-7, Nov 24, 2017 in Resources &amp;amp; Stock Images &amp;gt; Stock Images &amp;gt; Nature &amp;gt; Skies &amp;amp; Space&quot;data-super-img=&quot;https://pre00.deviantart.net/e33d/th/pre/f/2017/335/c/3/60_premium_space_textures_i___pack_25_by_era_7-dbuphyg.jpg&quot; data-super-width=&quot;1151&quot; data-super-height=&quot;694&quot; data-super-transparent=&quot;false&quot; data-super-alt=&quot;60 PREMIUM SPACE TEXTURES I - PACK 25 by ERA-7&quot; data-super-full-img=&quot;https://orig00.deviantart.net/aec7/f/2017/335/c/3/60_premium_space_textures_i___pack_25_by_era_7-dbuphyg.jpg&quot; data-super-full-width=&quot;2500&quot; data-super-full-height=&quot;1509&quot;        data-sigil=&quot;thumb&quot;&gt;
                &lt;i&gt;&lt;/i&gt;&lt;img   width=&quot;150&quot; height=&quot;91&quot; alt=&quot;60 PREMIUM SPACE TEXTURES I - PACK 25 by ERA-7&quot; src=&quot;https://t00.deviantart.net/0W-UiKiFbLs-BL8vrSguXbeIxa8=/fit-in/150x150/filters:no_upscale():origin()/pre00/e33d/th/pre/f/2017/335/c/3/60_premium_space_textures_i___pack_25_by_era_7-dbuphyg.jpg&quot; data-src=&quot;https://t00.deviantart.net/0W-UiKiFbLs-BL8vrSguXbeIxa8=/fit-in/150x150/filters:no_upscale():origin()/pre00/e33d/th/pre/f/2017/335/c/3/60_premium_space_textures_i___pack_25_by_era_7-dbuphyg.jpg&quot; srcset=&quot;https://t00.deviantart.net/0W-UiKiFbLs-BL8vrSguXbeIxa8=/fit-in/150x150/filters:no_upscale():origin()/pre00/e33d/th/pre/f/2017/335/c/3/60_premium_space_textures_i___pack_25_by_era_7-dbuphyg.jpg 150w,https://t00.deviantart.net/4jqwKVBnVpegwPkEb9u_JQD2IL4=/fit-in/700x350/filters:fixed_height(100,100):origin()/pre00/e33d/th/pre/f/2017/335/c/3/60_premium_space_textures_i___pack_25_by_era_7-dbuphyg.jpg 580w,https://t00.deviantart.net/oyYT3bips7v0FUtgvlMddkhCS4Y=/fit-in/800x400/filters:fixed_height(100,100):origin()/pre00/e33d/th/pre/f/2017/335/c/3/60_premium_space_textures_i___pack_25_by_era_7-dbuphyg.jpg 663w,https://pre00.deviantart.net/e33d/th/pre/f/2017/335/c/3/60_premium_space_textures_i___pack_25_by_era_7-dbuphyg.jpg 1151w&quot; sizes=&quot;150px&quot;&gt;&lt;/a&gt;&lt;/span&gt;&lt;!-- ^TTT --&gt;&lt;!-- TTT$ --&gt;&lt;/span&gt;&lt;br /&gt;&lt;b&gt;If you don&#039;t have points you may get them here - &lt;span class=&quot;username-with-symbol u&quot;&gt;&lt;a class=&quot;u hell username&quot; href=&quot;https://dahub.deviantart.com&quot;&gt;dAhub&lt;/a&gt;&lt;span class=&quot;user-symbol hell&quot; data-quicktip-text=&quot;Core Member &amp;#039;til Hell Freezes Over&quot; data-show-tooltip=&quot;1&quot; data-gruser-type=&quot;hell&quot;&gt;&lt;/span&gt;&lt;/span&gt;! &lt;img src=&quot;https://e.deviantart.net/emoticons/l/la.gif&quot; width=&quot;19&quot; height=&quot;19&quot; alt=&quot;:la:&quot; data-embed-type=&quot;emoticon&quot; data-embed-id=&quot;577&quot; title=&quot;La la la la&quot;/&gt;&lt;/b&gt;&lt;br /&gt;&lt;br /&gt;&lt;b&gt;&lt;h3&gt; Feel free to watch me and join to my page on &lt;a class=&quot;external&quot; href=&quot;https://www.deviantart.com/users/outgoing?https://www.facebook.com/spiritustheuniverse/&quot;&gt;Facebook&lt;/a&gt; !&lt;/h3&gt;&lt;/b&gt;&lt;br /&gt;&lt;span class=&quot;shadow-holder&quot; data-embed-type=&quot;deviation&quot; data-embed-id=&quot;702765994&quot; data-embed-format=&quot;thumb&quot;&gt;&lt;span class=&quot;shadow mild&quot; &gt;&lt;a class=&quot;thumb&quot; href=&quot;https://era-7.deviantart.com/art/11-FREE-GAS-GIANTS-PACK-24-702765994&quot; title=&quot;11 FREE GAS GIANTS - PACK 24 by ERA-7, Sep 4, 2017 in Resources &amp;amp; Stock Images &amp;gt; Stock Images &amp;gt; Nature &amp;gt; Skies &amp;amp; Space&quot;        data-sigil=&quot;thumb&quot;&gt;
                &lt;i&gt;&lt;/i&gt;&lt;img   width=&quot;150&quot; height=&quot;113&quot; alt=&quot;11 FREE GAS GIANTS - PACK 24 by ERA-7&quot; src=&quot;https://t00.deviantart.net/RViMZYRLF-GbJJYRYTb9fULAC7M=/fit-in/150x150/filters:no_upscale():origin()/pre00/1bf2/th/pre/f/2017/247/b/2/11_free_gas_giants___pack_24_by_era_7-dbmeppm.jpg&quot; data-src=&quot;https://t00.deviantart.net/RViMZYRLF-GbJJYRYTb9fULAC7M=/fit-in/150x150/filters:no_upscale():origin()/pre00/1bf2/th/pre/f/2017/247/b/2/11_free_gas_giants___pack_24_by_era_7-dbmeppm.jpg&quot; srcset=&quot;https://t00.deviantart.net/RViMZYRLF-GbJJYRYTb9fULAC7M=/fit-in/150x150/filters:no_upscale():origin()/pre00/1bf2/th/pre/f/2017/247/b/2/11_free_gas_giants___pack_24_by_era_7-dbmeppm.jpg 150w,https://t00.deviantart.net/vu-SNilJMJlUVjUcZ4GDdskFuH4=/fit-in/700x350/filters:fixed_height(100,100):origin()/pre00/1bf2/th/pre/f/2017/247/b/2/11_free_gas_giants___pack_24_by_era_7-dbmeppm.jpg 463w,https://t00.deviantart.net/EhsvTTv1JlKSce_FS9UbLtQz_4Q=/fit-in/800x400/filters:fixed_height(100,100):origin()/pre00/1bf2/th/pre/f/2017/247/b/2/11_free_gas_giants___pack_24_by_era_7-dbmeppm.jpg 529w,https://pre00.deviantart.net/1bf2/th/pre/f/2017/247/b/2/11_free_gas_giants___pack_24_by_era_7-dbmeppm.jpg 1029w&quot; sizes=&quot;150px&quot;&gt;&lt;/a&gt;&lt;/span&gt;&lt;!-- ^TTT --&gt;&lt;!-- TTT$ --&gt;&lt;/span&gt;&lt;span class=&quot;shadow-holder&quot; data-embed-type=&quot;deviation&quot; data-embed-id=&quot;695158977&quot; data-embed-format=&quot;thumb&quot;&gt;&lt;span class=&quot;shadow mild&quot; &gt;&lt;a class=&quot;thumb&quot; href=&quot;https://era-7.deviantart.com/art/40-PREMIUM-SCI-FI-TEXTURES-PACK-21-695158977&quot; title=&quot;40 PREMIUM SCI-FI TEXTURES - PACK 21 by ERA-7, Jul 27, 2017 in Resources &amp;amp; Stock Images &amp;gt; Stock Images &amp;gt; Nature &amp;gt; Skies &amp;amp; Space&quot;data-super-img=&quot;https://pre00.deviantart.net/a305/th/pre/f/2017/208/d/8/40_premium_sci_fi_textures___pack_21_by_era_7-dbhvo3l.jpg&quot; data-super-width=&quot;1029&quot; data-super-height=&quot;777&quot; data-super-transparent=&quot;false&quot; data-super-alt=&quot;40 PREMIUM SCI-FI TEXTURES - PACK 21 by ERA-7&quot; data-super-full-img=&quot;https://orig00.deviantart.net/03b5/f/2017/208/d/8/40_premium_sci_fi_textures___pack_21_by_era_7-dbhvo3l.jpg&quot; data-super-full-width=&quot;2074&quot; data-super-full-height=&quot;1566&quot;        data-sigil=&quot;thumb&quot;&gt;
                &lt;i&gt;&lt;/i&gt;&lt;img   width=&quot;150&quot; height=&quot;113&quot; alt=&quot;40 PREMIUM SCI-FI TEXTURES - PACK 21 by ERA-7&quot; src=&quot;https://t00.deviantart.net/SLx8e6XkiLVfjGd5znIGE0mLRd4=/fit-in/150x150/filters:no_upscale():origin()/pre00/a305/th/pre/f/2017/208/d/8/40_premium_sci_fi_textures___pack_21_by_era_7-dbhvo3l.jpg&quot; data-src=&quot;https://t00.deviantart.net/SLx8e6XkiLVfjGd5znIGE0mLRd4=/fit-in/150x150/filters:no_upscale():origin()/pre00/a305/th/pre/f/2017/208/d/8/40_premium_sci_fi_textures___pack_21_by_era_7-dbhvo3l.jpg&quot; srcset=&quot;https://t00.deviantart.net/SLx8e6XkiLVfjGd5znIGE0mLRd4=/fit-in/150x150/filters:no_upscale():origin()/pre00/a305/th/pre/f/2017/208/d/8/40_premium_sci_fi_textures___pack_21_by_era_7-dbhvo3l.jpg 150w,https://t00.deviantart.net/k2kHHRUizgO1OXx58gtoZhTf8yk=/fit-in/700x350/filters:fixed_height(100,100):origin()/pre00/a305/th/pre/f/2017/208/d/8/40_premium_sci_fi_textures___pack_21_by_era_7-dbhvo3l.jpg 464w,https://t00.deviantart.net/Wy7K3LlNUgwuDPMkc_miWQV64V4=/fit-in/800x400/filters:fixed_height(100,100):origin()/pre00/a305/th/pre/f/2017/208/d/8/40_premium_sci_fi_textures___pack_21_by_era_7-dbhvo3l.jpg 530w,https://pre00.deviantart.net/a305/th/pre/f/2017/208/d/8/40_premium_sci_fi_textures___pack_21_by_era_7-dbhvo3l.jpg 1029w&quot; sizes=&quot;150px&quot;&gt;&lt;/a&gt;&lt;/span&gt;&lt;!-- ^TTT --&gt;&lt;!-- TTT$ --&gt;&lt;/span&gt;&lt;span class=&quot;shadow-holder&quot; data-embed-type=&quot;deviation&quot; data-embed-id=&quot;682099577&quot; data-embed-format=&quot;thumb&quot;&gt;&lt;span class=&quot;shadow mild&quot; &gt;&lt;a class=&quot;thumb&quot; href=&quot;https://era-7.deviantart.com/art/30-SPACE-BACKGROUNDS-PACK-2-682099577&quot; title=&quot;30 SPACE BACKGROUNDS - PACK 2 by ERA-7, May 22, 2017 in Resources &amp;amp; Stock Images &amp;gt; Stock Images &amp;gt; Nature &amp;gt; Skies &amp;amp; Space&quot;        data-sigil=&quot;thumb&quot;&gt;
                &lt;i&gt;&lt;/i&gt;&lt;img   width=&quot;150&quot; height=&quot;102&quot; alt=&quot;30 SPACE BACKGROUNDS - PACK 2 by ERA-7&quot; src=&quot;https://t00.deviantart.net/vwl9ehca7wfjKIRhDGPPXb8PfS4=/fit-in/150x150/filters:no_upscale():origin()/pre00/2435/th/pre/f/2017/142/9/d/30_space_backgrounds___pack_2_by_era_7-dba3reh.jpg&quot; data-src=&quot;https://t00.deviantart.net/vwl9ehca7wfjKIRhDGPPXb8PfS4=/fit-in/150x150/filters:no_upscale():origin()/pre00/2435/th/pre/f/2017/142/9/d/30_space_backgrounds___pack_2_by_era_7-dba3reh.jpg&quot; srcset=&quot;https://t00.deviantart.net/vwl9ehca7wfjKIRhDGPPXb8PfS4=/fit-in/150x150/filters:no_upscale():origin()/pre00/2435/th/pre/f/2017/142/9/d/30_space_backgrounds___pack_2_by_era_7-dba3reh.jpg 150w,https://t00.deviantart.net/bISSoAvofTf2UaYCxY6h9OriT0s=/fit-in/700x350/filters:fixed_height(100,100):origin()/pre00/2435/th/pre/f/2017/142/9/d/30_space_backgrounds___pack_2_by_era_7-dba3reh.jpg 517w,https://t00.deviantart.net/cpquAuR8d0WGYTc6_xgBKiQeAP0=/fit-in/800x400/filters:fixed_height(100,100):origin()/pre00/2435/th/pre/f/2017/142/9/d/30_space_backgrounds___pack_2_by_era_7-dba3reh.jpg 591w,https://pre00.deviantart.net/2435/th/pre/f/2017/142/9/d/30_space_backgrounds___pack_2_by_era_7-dba3reh.jpg 1086w&quot; sizes=&quot;150px&quot;&gt;&lt;/a&gt;&lt;/span&gt;&lt;!-- ^TTT --&gt;&lt;!-- TTT$ --&gt;&lt;/span&gt;&lt;span class=&quot;shadow-holder&quot; data-embed-type=&quot;deviation&quot; data-embed-id=&quot;665242242&quot; data-embed-format=&quot;thumb&quot;&gt;&lt;span class=&quot;shadow mild&quot; &gt;&lt;a class=&quot;thumb&quot; href=&quot;https://era-7.deviantart.com/art/WORMHOLE-665242242&quot; title=&quot;WORMHOLE by ERA-7, Feb 23, 2017 in Digital Art &amp;gt; Drawings &amp;amp; Paintings &amp;gt; Space Art&quot;data-super-img=&quot;https://pre00.deviantart.net/cd0b/th/pre/f/2017/054/4/4/wormhole_by_era_7-db02g76.jpg&quot; data-super-width=&quot;1192&quot; data-super-height=&quot;670&quot; data-super-transparent=&quot;false&quot; data-super-alt=&quot;WORMHOLE by ERA-7&quot; data-super-full-img=&quot;https://orig00.deviantart.net/402c/f/2017/054/4/4/wormhole_by_era_7-db02g76.jpg&quot; data-super-full-width=&quot;2560&quot; data-super-full-height=&quot;1440&quot;        data-sigil=&quot;thumb&quot;&gt;
                &lt;i&gt;&lt;/i&gt;&lt;img   width=&quot;150&quot; height=&quot;84&quot; alt=&quot;WORMHOLE by ERA-7&quot; src=&quot;https://t00.deviantart.net/nW7h95uQNOqPIkJgXD8cQRg6HJI=/fit-in/150x150/filters:no_upscale():origin()/pre00/cd0b/th/pre/f/2017/054/4/4/wormhole_by_era_7-db02g76.jpg&quot; data-src=&quot;https://t00.deviantart.net/nW7h95uQNOqPIkJgXD8cQRg6HJI=/fit-in/150x150/filters:no_upscale():origin()/pre00/cd0b/th/pre/f/2017/054/4/4/wormhole_by_era_7-db02g76.jpg&quot; srcset=&quot;https://t00.deviantart.net/nW7h95uQNOqPIkJgXD8cQRg6HJI=/fit-in/150x150/filters:no_upscale():origin()/pre00/cd0b/th/pre/f/2017/054/4/4/wormhole_by_era_7-db02g76.jpg 150w,https://t00.deviantart.net/YAlOUvM3gg8YBj-CDzkUxX-224M=/fit-in/700x350/filters:fixed_height(100,100):origin()/pre00/cd0b/th/pre/f/2017/054/4/4/wormhole_by_era_7-db02g76.jpg 622w,https://t00.deviantart.net/pUwk3xL97LN6OuXRkqXlQ_TTaLA=/fit-in/800x400/filters:fixed_height(100,100):origin()/pre00/cd0b/th/pre/f/2017/054/4/4/wormhole_by_era_7-db02g76.jpg 711w,https://pre00.deviantart.net/cd0b/th/pre/f/2017/054/4/4/wormhole_by_era_7-db02g76.jpg 1192w&quot; sizes=&quot;150px&quot;&gt;&lt;/a&gt;&lt;/span&gt;&lt;!-- ^TTT --&gt;&lt;!-- TTT$ --&gt;&lt;/span&gt;&lt;br /&gt;&lt;div&gt;&lt;img src=&quot;https://t00.deviantart.net/c-jLhSVMUI3hhZX12nnf27Fe0jI=/300x200/filters:fixed_height(100,100):origin()/pre00/6312/th/pre/f/2017/339/b/7/30_premium_space_brushes___volume_i_by_era_7-dbvszkz.jpg&quot; alt=&quot;thumbnail&quot; /&gt;&lt;/div&gt;</description>            </item>
        <item>
            <title>The Simpsonzu</title>
            <link>https://spacecoyote.deviantart.com/art/The-Simpsonzu-46036660</link>
            <guid isPermaLink="true">https://spacecoyote.deviantart.com/art/The-Simpsonzu-46036660</guid>
            <pubDate>Fri, 05 Jan 2007 14:41:05 PST</pubDate>
            <media:title type="plain">The Simpsonzu</media:title>
            <media:keywords></media:keywords>
            <media:rating>nonadult</media:rating>
            <media:category label="Other">fanart/cartoons/digital/other</media:category>
            <media:credit role="author" scheme="urn:ebu">spacecoyote</media:credit>
            <media:credit role="author" scheme="urn:ebu">https://a.deviantart.net/avatars/s/p/spacecoyote.png?7</media:credit>
            <media:copyright url="https://spacecoyote.deviantart.com">Copyright 2007-2019 spacecoyote</media:copyright>
            <media:community>
                <media:tags>@spacecoyotl</media:tags>
            </media:community>            <media:description type="html">Oh my god WHAT HAPPENED TO THEM&lt;br /&gt;
            &lt;br /&gt;
            (Based on &lt;a href=&quot;http://i3.tinypic.com/34s049c.jpg&quot;&gt;this official piece&lt;/a&gt;.)&lt;br /&gt;
            &lt;br /&gt;
            &lt;b&gt;EDIT:&lt;/b&gt; Oh man, this got on the front page of deviantART, and now it&#039;s on digg.com. If I knew this piece would receive so much attention, I would&#039;ve done a better job.&lt;br /&gt;
            &lt;br /&gt;
            &lt;b&gt;EDIT2:&lt;/b&gt; This was originally drawn with the intention of scaring my friends. I never imagined it would be posted ALL OVER THE INTERNET.&lt;br /&gt;
            &lt;br /&gt;
            If you liked this, see my &lt;a href=&quot;http://www.deviantart.com/deviation/46124117/&quot;&gt;Futurama picture&lt;/a&gt;.&lt;br /&gt;
            &lt;br /&gt;
            &lt;b&gt;EDIT 3:&lt;/b&gt; Holy cow! This picture has earned me &lt;a href=&quot;http://news.deviantart.com/article/25036/&quot;&gt;huge job opportunities&lt;/a&gt;. A big thank you to everyone who linked to this picture.</media:description>            <media:thumbnail url="https://t00.deviantart.net/JaQJZ41Y3HuG1-FpwXVNKEyY8b8=/fit-in/150x150/filters:no_upscale():origin()/pre00/0bcb/th/pre/f/2007/005/e/0/the_simpsonzu_by_spacecoyote.jpg" height="104" width="150"/>            <media:thumbnail url="https://t00.deviantart.net/vkj2N_vfuOeRnSKD2zpDX-mSP60=/fit-in/300x900/filters:no_upscale():origin()/pre00/0bcb/th/pre/f/2007/005/e/0/the_simpsonzu_by_spacecoyote.jpg" height="208" width="300"/>            <media:thumbnail url="https://t00.deviantart.net/YjSXCLRne5ghu46mV0AJ0nPDhnI=/300x200/filters:fixed_height(100,100):origin()/pre00/0bcb/th/pre/f/2007/005/e/0/the_simpsonzu_by_spacecoyote.jpg" height="200" width="288"/>            <media:content url="https://orig00.deviantart.net/7fee/f/2007/005/e/0/the_simpsonzu_by_spacecoyote.jpg" height="599" width="864" medium="image"/>
            <description>Oh my god WHAT HAPPENED TO THEM&lt;br /&gt;
                &lt;br /&gt;
                (Based on &lt;a href=&quot;http://i3.tinypic.com/34s049c.jpg&quot;&gt;this official piece&lt;/a&gt;.)&lt;br /&gt;
                &lt;br /&gt;
                &lt;b&gt;EDIT:&lt;/b&gt; Oh man, this got on the front page of deviantART, and now it&#039;s on digg.com. If I knew this piece would receive so much attention, I would&#039;ve done a better job.&lt;br /&gt;
                &lt;br /&gt;
                &lt;b&gt;EDIT2:&lt;/b&gt; This was originally drawn with the intention of scaring my friends. I never imagined it would be posted ALL OVER THE INTERNET.&lt;br /&gt;
                &lt;br /&gt;
                If you liked this, see my &lt;a href=&quot;http://www.deviantart.com/deviation/46124117/&quot;&gt;Futurama picture&lt;/a&gt;.&lt;br /&gt;
                &lt;br /&gt;
                &lt;b&gt;EDIT 3:&lt;/b&gt; Holy cow! This picture has earned me &lt;a href=&quot;http://news.deviantart.com/article/25036/&quot;&gt;huge job opportunities&lt;/a&gt;. A big thank you to everyone who linked to this picture.&lt;br /&gt;&lt;div&gt;&lt;img src=&quot;https://t00.deviantart.net/YjSXCLRne5ghu46mV0AJ0nPDhnI=/300x200/filters:fixed_height(100,100):origin()/pre00/0bcb/th/pre/f/2007/005/e/0/the_simpsonzu_by_spacecoyote.jpg&quot; alt=&quot;thumbnail&quot; /&gt;&lt;/div&gt;</description>            </item>
        <item>
            <title>Circle of No</title>
            <link>https://tsaoshin.deviantart.com/art/Circle-of-No-391757272</link>
            <guid isPermaLink="true">https://tsaoshin.deviantart.com/art/Circle-of-No-391757272</guid>
            <pubDate>Thu, 08 Aug 2013 15:35:45 PDT</pubDate>
            <media:title type="plain">Circle of No</media:title>
            <media:keywords></media:keywords>
            <media:rating>nonadult</media:rating>
            <media:category label="Animals">digitalart/paintings/animals</media:category>
            <media:credit role="author" scheme="urn:ebu">TsaoShin</media:credit>
            <media:credit role="author" scheme="urn:ebu">https://a.deviantart.net/avatars/t/s/tsaoshin.gif?3</media:credit>
            <media:copyright url="https://tsaoshin.deviantart.com">Copyright 2013-2019 TsaoShin</media:copyright>
            <media:community>
                <media:tags>@tsaoshin</media:tags>
            </media:community>            <media:description type="html">&lt;div&gt;&lt;div&gt;&lt;b&gt;&lt;b&gt;&lt;a href=&quot;https://www.deviantart.com/poserfan/art/Twitch-Icon-610621096&quot; class=&quot;emoticon&quot; data-embed-type=&quot;emoticon&quot; data-embed-id=&quot;610621096&quot; data-embed-profile=&quot;deviation&quot;&gt;&lt;img src=&quot;https://orig00.deviantart.net/123b/f/2016/143/4/0/twitch_by_poserfan-da3jq94.png&quot; alt=&quot;Twitch Icon&quot; style=&quot;width:16px;height:16px&quot;&gt;&lt;/a&gt; &lt;a class=&quot;external&quot; href=&quot;https://www.deviantart.com/users/outgoing?https://www.twitch.tv/tsaoshin&quot;&gt;Twitch livestreams&lt;/a&gt; | &lt;a href=&quot;https://www.deviantart.com/vampirehelenaharper/art/YouTube-Icon-530921372&quot; class=&quot;emoticon&quot; data-embed-type=&quot;emoticon&quot; data-embed-id=&quot;530921372&quot; data-embed-profile=&quot;deviation&quot;&gt;&lt;img src=&quot;https://orig00.deviantart.net/5732/f/2015/136/d/1/d154643100280d68a4a16fad04b0afcf-d8s3hjw.png&quot; alt=&quot;YouTube Icon&quot; style=&quot;width:16px;height:16px&quot;&gt;&lt;/a&gt;&amp;nbsp;&lt;a class=&quot;external&quot; href=&quot;https://www.deviantart.com/users/outgoing?https://www.youtube.com/tsaoshin&quot;&gt;Youtube channel&lt;/a&gt; |&amp;nbsp;&lt;a href=&quot;https://www.deviantart.com/vampirehelenaharper/art/Instagram-Icon-530632421&quot; class=&quot;emoticon&quot; data-embed-type=&quot;emoticon&quot; data-embed-id=&quot;530632421&quot; data-embed-profile=&quot;deviation&quot;&gt;&lt;img src=&quot;https://orig00.deviantart.net/0f12/f/2015/144/d/e/instagram_icon_by_vampirehelenaharper-d8rxalh.png&quot; alt=&quot;Instagram Icon&quot; style=&quot;width:16px;height:16px&quot;&gt;&lt;/a&gt; &lt;a class=&quot;external&quot; href=&quot;https://www.deviantart.com/users/outgoing?https://instagram.com/tsaoshin&quot;&gt;Instagram&lt;/a&gt; | &lt;a href=&quot;https://www.deviantart.com/linux-rules/art/Twitter-Icon-ultramini-597034380&quot; class=&quot;emoticon&quot; data-embed-type=&quot;emoticon&quot; data-embed-id=&quot;597034380&quot; data-embed-profile=&quot;deviation&quot;&gt;&lt;img src=&quot;https://orig00.deviantart.net/3272/f/2016/076/0/d/twitter_icon_ultramini_by_linux_rules-d9vgioc.png&quot; alt=&quot;Twitter Icon ultramini&quot; style=&quot;width:16px;height:16px&quot;&gt;&lt;/a&gt; &lt;a class=&quot;external&quot; href=&quot;https://www.deviantart.com/users/outgoing?https://twitter.com/tsaoshin&quot;&gt;Twitter&lt;/a&gt;&lt;/b&gt;&lt;/b&gt;&lt;/div&gt;&lt;/div&gt;&lt;div&gt;&lt;br /&gt;&lt;/div&gt;&lt;div&gt;Behold your new leader!&lt;/div&gt;&lt;br /&gt;This is a continuation of my Grumpy Cat Disney mash up series. Lion King is my favorite Disney animated masterpiece so I feel a little guilty doing this. Only a little! Next up: Tangled&lt;br /&gt;&lt;br /&gt;Created with Adobe Photoshop.&lt;br /&gt;&lt;br /&gt;Excellent comments:&lt;br /&gt;&quot;Everything the light touches I hate&quot;&lt;br /&gt;&quot;The results are in: You are not the father!&quot;&lt;br /&gt;&lt;br /&gt;Follow me on &lt;a class=&quot;external&quot; href=&quot;https://www.deviantart.com/users/outgoing?http://www.facebook.com/tsaoshin.fans&quot;&gt;facebook&lt;/a&gt; or &lt;a class=&quot;external&quot; href=&quot;https://www.deviantart.com/users/outgoing?tsaoshin.tumblr.com&quot;&gt;tumblr&lt;/a&gt;!&lt;br /&gt;&lt;b&gt;&lt;sub&gt;&lt;br /&gt;Other drawings in the series:&lt;br /&gt;&lt;span class=&quot;shadow-holder&quot; data-embed-type=&quot;deviation&quot; data-embed-id=&quot;401411619&quot; data-embed-format=&quot;thumb&quot;&gt;&lt;span class=&quot;shadow mild&quot; &gt;&lt;a class=&quot;thumb&quot; href=&quot;https://www.deviantart.com/tsaoshin/art/He-Mele-NO-Lilo-401411619&quot; title=&quot;He Mele NO Lilo by TsaoShin, Sep 19, 2013 in Fan Art &amp;gt; Cartoons &amp;amp; Comics &amp;gt; Digital &amp;gt; Movies &amp;amp; TV&quot;data-super-img=&quot;https://pre00.deviantart.net/085b/th/pre/i/2013/262/a/a/he_mele_no_lilo_by_tsaoshin-d6mzn6r.png&quot; data-super-width=&quot;1095&quot; data-super-height=&quot;730&quot; data-super-transparent=&quot;false&quot; data-super-alt=&quot;He Mele NO Lilo by TsaoShin&quot; data-super-full-img=&quot;https://img00.deviantart.net/3f52/i/2013/262/a/a/he_mele_no_lilo_by_tsaoshin-d6mzn6r.png&quot; data-super-full-width=&quot;1280&quot; data-super-full-height=&quot;854&quot;        data-sigil=&quot;thumb&quot;&gt;
            &lt;i&gt;&lt;/i&gt;&lt;img   width=&quot;150&quot; height=&quot;100&quot; alt=&quot;He Mele NO Lilo by TsaoShin&quot; src=&quot;https://t00.deviantart.net/oaTjcJBCooUFIecNxVdyW6fkjLQ=/fit-in/150x150/filters:no_upscale():origin()/pre00/085b/th/pre/i/2013/262/a/a/he_mele_no_lilo_by_tsaoshin-d6mzn6r.png&quot; data-src=&quot;https://t00.deviantart.net/oaTjcJBCooUFIecNxVdyW6fkjLQ=/fit-in/150x150/filters:no_upscale():origin()/pre00/085b/th/pre/i/2013/262/a/a/he_mele_no_lilo_by_tsaoshin-d6mzn6r.png&quot; srcset=&quot;https://t00.deviantart.net/oaTjcJBCooUFIecNxVdyW6fkjLQ=/fit-in/150x150/filters:no_upscale():origin()/pre00/085b/th/pre/i/2013/262/a/a/he_mele_no_lilo_by_tsaoshin-d6mzn6r.png 150w,https://t00.deviantart.net/JqUBFaDDXPIPlnjvzDsEbqxpwKc=/fit-in/500x250/filters:fixed_height(100,100):origin()/pre00/085b/th/pre/i/2013/262/a/a/he_mele_no_lilo_by_tsaoshin-d6mzn6r.png 375w,https://t00.deviantart.net/5GlHFhYUQDdAhfDN8yR6shIpu3U=/fit-in/700x350/filters:fixed_height(100,100):origin()/pre00/085b/th/pre/i/2013/262/a/a/he_mele_no_lilo_by_tsaoshin-d6mzn6r.png 525w,https://t00.deviantart.net/_CA48GVq0AY2Us95Q0xpVK0wUEM=/fit-in/800x400/filters:fixed_height(100,100):origin()/pre00/085b/th/pre/i/2013/262/a/a/he_mele_no_lilo_by_tsaoshin-d6mzn6r.png 600w,https://pre00.deviantart.net/085b/th/pre/i/2013/262/a/a/he_mele_no_lilo_by_tsaoshin-d6mzn6r.png 1095w&quot; sizes=&quot;150px&quot;&gt;&lt;/a&gt;&lt;/span&gt;&lt;!-- ^TTT --&gt;&lt;!-- TTT$ --&gt;&lt;/span&gt;&lt;span class=&quot;shadow-holder&quot; data-embed-type=&quot;deviation&quot; data-embed-id=&quot;396789062&quot; data-embed-format=&quot;thumb&quot;&gt;&lt;span class=&quot;shadow mild&quot; &gt;&lt;a class=&quot;thumb&quot; href=&quot;https://www.deviantart.com/tsaoshin/art/Tale-As-Old-As-No-396789062&quot; title=&quot;Tale As Old As No by TsaoShin, Aug 29, 2013 in Fan Art &amp;gt; Anthro &amp;gt; Digital &amp;gt; Movies &amp;amp; TV&quot;data-super-img=&quot;https://pre00.deviantart.net/02ba/th/pre/i/2013/241/f/e/tale_as_old_as_no_by_tsaoshin-d6k8kee.png&quot; data-super-width=&quot;1095&quot; data-super-height=&quot;730&quot; data-super-transparent=&quot;true&quot; data-super-alt=&quot;Tale As Old As No by TsaoShin&quot; data-super-full-img=&quot;https://img00.deviantart.net/c923/i/2013/241/f/e/tale_as_old_as_no_by_tsaoshin-d6k8kee.png&quot; data-super-full-width=&quot;1280&quot; data-super-full-height=&quot;854&quot;        data-sigil=&quot;thumb&quot;&gt;
            &lt;i&gt;&lt;/i&gt;&lt;img   width=&quot;150&quot; height=&quot;100&quot; alt=&quot;Tale As Old As No by TsaoShin&quot; src=&quot;https://t00.deviantart.net/PnvWYNUvUqYVFQcs7hQ3v8Ys6SE=/fit-in/150x150/filters:no_upscale():origin()/pre00/02ba/th/pre/i/2013/241/f/e/tale_as_old_as_no_by_tsaoshin-d6k8kee.png&quot; data-src=&quot;https://t00.deviantart.net/PnvWYNUvUqYVFQcs7hQ3v8Ys6SE=/fit-in/150x150/filters:no_upscale():origin()/pre00/02ba/th/pre/i/2013/241/f/e/tale_as_old_as_no_by_tsaoshin-d6k8kee.png&quot; srcset=&quot;https://t00.deviantart.net/PnvWYNUvUqYVFQcs7hQ3v8Ys6SE=/fit-in/150x150/filters:no_upscale():origin()/pre00/02ba/th/pre/i/2013/241/f/e/tale_as_old_as_no_by_tsaoshin-d6k8kee.png 150w,https://t00.deviantart.net/P0Obrcgo8Z9mQoOfmp1lWurE_HQ=/fit-in/500x250/filters:fixed_height(100,100):origin()/pre00/02ba/th/pre/i/2013/241/f/e/tale_as_old_as_no_by_tsaoshin-d6k8kee.png 375w,https://t00.deviantart.net/-r46RWjywAP7C259O-Ddc-Q7hdk=/fit-in/700x350/filters:fixed_height(100,100):origin()/pre00/02ba/th/pre/i/2013/241/f/e/tale_as_old_as_no_by_tsaoshin-d6k8kee.png 525w,https://t00.deviantart.net/qbTGrl1ZnYMytzGBeNCp8kH-JHk=/fit-in/800x400/filters:fixed_height(100,100):origin()/pre00/02ba/th/pre/i/2013/241/f/e/tale_as_old_as_no_by_tsaoshin-d6k8kee.png 600w,https://pre00.deviantart.net/02ba/th/pre/i/2013/241/f/e/tale_as_old_as_no_by_tsaoshin-d6k8kee.png 1095w&quot; sizes=&quot;150px&quot;&gt;&lt;/a&gt;&lt;/span&gt;&lt;!-- ^TTT --&gt;&lt;!-- TTT$ --&gt;&lt;/span&gt;&lt;span class=&quot;shadow-holder&quot; data-embed-type=&quot;deviation&quot; data-embed-id=&quot;398379641&quot; data-embed-format=&quot;thumb&quot;&gt;&lt;span class=&quot;shadow mild&quot; &gt;&lt;a class=&quot;thumb&quot; href=&quot;https://www.deviantart.com/tsaoshin/art/When-You-Wish-Upon-A-No-398379641&quot; title=&quot;When You Wish Upon A No by TsaoShin, Sep 5, 2013 in Cartoons &amp;amp; Comics &amp;gt; Digital Media &amp;gt; Cartoons &amp;gt; Paintings&quot;data-super-img=&quot;https://pre00.deviantart.net/586b/th/pre/i/2013/248/2/8/when_you_wish_upon_a_no_by_tsaoshin-d6l6np5.png&quot; data-super-width=&quot;1095&quot; data-super-height=&quot;730&quot; data-super-transparent=&quot;true&quot; data-super-alt=&quot;When You Wish Upon A No by TsaoShin&quot; data-super-full-img=&quot;https://img00.deviantart.net/1ccd/i/2013/248/2/8/when_you_wish_upon_a_no_by_tsaoshin-d6l6np5.png&quot; data-super-full-width=&quot;1280&quot; data-super-full-height=&quot;854&quot;        data-sigil=&quot;thumb&quot;&gt;
            &lt;i&gt;&lt;/i&gt;&lt;img   width=&quot;150&quot; height=&quot;100&quot; alt=&quot;When You Wish Upon A No by TsaoShin&quot; src=&quot;https://t00.deviantart.net/CmJF77qvvrm-Mgs2DbRIav8KtYY=/fit-in/150x150/filters:no_upscale():origin()/pre00/586b/th/pre/i/2013/248/2/8/when_you_wish_upon_a_no_by_tsaoshin-d6l6np5.png&quot; data-src=&quot;https://t00.deviantart.net/CmJF77qvvrm-Mgs2DbRIav8KtYY=/fit-in/150x150/filters:no_upscale():origin()/pre00/586b/th/pre/i/2013/248/2/8/when_you_wish_upon_a_no_by_tsaoshin-d6l6np5.png&quot; srcset=&quot;https://t00.deviantart.net/CmJF77qvvrm-Mgs2DbRIav8KtYY=/fit-in/150x150/filters:no_upscale():origin()/pre00/586b/th/pre/i/2013/248/2/8/when_you_wish_upon_a_no_by_tsaoshin-d6l6np5.png 150w,https://t00.deviantart.net/Qn2VXVUnjt1pOyn_qprFkdI1qiU=/fit-in/500x250/filters:fixed_height(100,100):origin()/pre00/586b/th/pre/i/2013/248/2/8/when_you_wish_upon_a_no_by_tsaoshin-d6l6np5.png 375w,https://t00.deviantart.net/z3UzT0vGjxRIkciJhGG_oPw6nqo=/fit-in/700x350/filters:fixed_height(100,100):origin()/pre00/586b/th/pre/i/2013/248/2/8/when_you_wish_upon_a_no_by_tsaoshin-d6l6np5.png 525w,https://t00.deviantart.net/deopxz9puvTd_eiWvCMPGHtGyZA=/fit-in/800x400/filters:fixed_height(100,100):origin()/pre00/586b/th/pre/i/2013/248/2/8/when_you_wish_upon_a_no_by_tsaoshin-d6l6np5.png 600w,https://pre00.deviantart.net/586b/th/pre/i/2013/248/2/8/when_you_wish_upon_a_no_by_tsaoshin-d6l6np5.png 1095w&quot; sizes=&quot;150px&quot;&gt;&lt;/a&gt;&lt;/span&gt;&lt;!-- ^TTT --&gt;&lt;!-- TTT$ --&gt;&lt;/span&gt;&lt;span class=&quot;shadow-holder&quot; data-embed-type=&quot;deviation&quot; data-embed-id=&quot;395194478&quot; data-embed-format=&quot;thumb&quot;&gt;&lt;span class=&quot;shadow mild&quot; &gt;&lt;a class=&quot;thumb&quot; href=&quot;https://www.deviantart.com/tsaoshin/art/When-Will-My-No-Begin-395194478&quot; title=&quot;When Will My No Begin by TsaoShin, Aug 22, 2013 in Digital Art &amp;gt; Drawings &amp;amp; Paintings &amp;gt; Other&quot;data-super-img=&quot;https://pre00.deviantart.net/09bd/th/pre/i/2013/234/a/5/when_will_my_no_begin_by_tsaoshin-d6jae0e.png&quot; data-super-width=&quot;1095&quot; data-super-height=&quot;730&quot; data-super-transparent=&quot;true&quot; data-super-alt=&quot;When Will My No Begin by TsaoShin&quot; data-super-full-img=&quot;https://img00.deviantart.net/8705/i/2013/234/a/5/when_will_my_no_begin_by_tsaoshin-d6jae0e.png&quot; data-super-full-width=&quot;1280&quot; data-super-full-height=&quot;854&quot;        data-sigil=&quot;thumb&quot;&gt;
            &lt;i&gt;&lt;/i&gt;&lt;img   width=&quot;150&quot; height=&quot;100&quot; alt=&quot;When Will My No Begin by TsaoShin&quot; src=&quot;https://t00.deviantart.net/h8gSipzOuEvyQDyOx862BFpsYiw=/fit-in/150x150/filters:no_upscale():origin()/pre00/09bd/th/pre/i/2013/234/a/5/when_will_my_no_begin_by_tsaoshin-d6jae0e.png&quot; data-src=&quot;https://t00.deviantart.net/h8gSipzOuEvyQDyOx862BFpsYiw=/fit-in/150x150/filters:no_upscale():origin()/pre00/09bd/th/pre/i/2013/234/a/5/when_will_my_no_begin_by_tsaoshin-d6jae0e.png&quot; srcset=&quot;https://t00.deviantart.net/h8gSipzOuEvyQDyOx862BFpsYiw=/fit-in/150x150/filters:no_upscale():origin()/pre00/09bd/th/pre/i/2013/234/a/5/when_will_my_no_begin_by_tsaoshin-d6jae0e.png 150w,https://t00.deviantart.net/Xqe42h44SHEN26PsJ89d4_Y5UKY=/fit-in/500x250/filters:fixed_height(100,100):origin()/pre00/09bd/th/pre/i/2013/234/a/5/when_will_my_no_begin_by_tsaoshin-d6jae0e.png 375w,https://t00.deviantart.net/bZ22FWkx2KiUSEI51rBzjOPxRQ4=/fit-in/700x350/filters:fixed_height(100,100):origin()/pre00/09bd/th/pre/i/2013/234/a/5/when_will_my_no_begin_by_tsaoshin-d6jae0e.png 525w,https://t00.deviantart.net/LX52V2IPIZZlQHtJ79eCrMQo8ts=/fit-in/800x400/filters:fixed_height(100,100):origin()/pre00/09bd/th/pre/i/2013/234/a/5/when_will_my_no_begin_by_tsaoshin-d6jae0e.png 600w,https://pre00.deviantart.net/09bd/th/pre/i/2013/234/a/5/when_will_my_no_begin_by_tsaoshin-d6jae0e.png 1095w&quot; sizes=&quot;150px&quot;&gt;&lt;/a&gt;&lt;/span&gt;&lt;!-- ^TTT --&gt;&lt;!-- TTT$ --&gt;&lt;/span&gt;&lt;span class=&quot;shadow-holder&quot; data-embed-type=&quot;deviation&quot; data-embed-id=&quot;388260981&quot; data-embed-format=&quot;thumb&quot;&gt;&lt;span class=&quot;shadow mild&quot; &gt;&lt;a class=&quot;thumb hasprint&quot; href=&quot;https://www.deviantart.com/tsaoshin/art/Part-of-Your-No-388260981&quot; title=&quot;Part of Your No by TsaoShin, Jul 25, 2013 in Digital Art &amp;gt; Drawings &amp;amp; Paintings &amp;gt; Animals&quot;data-super-img=&quot;https://pre00.deviantart.net/e5d6/th/pre/i/2013/206/5/c/part_of_your_no_by_tsaoshin-d6f5s39.png&quot; data-super-width=&quot;1095&quot; data-super-height=&quot;730&quot; data-super-transparent=&quot;true&quot; data-super-alt=&quot;Part of Your No by TsaoShin&quot; data-super-full-img=&quot;https://img00.deviantart.net/0d5d/i/2013/206/5/c/part_of_your_no_by_tsaoshin-d6f5s39.png&quot; data-super-full-width=&quot;1280&quot; data-super-full-height=&quot;854&quot;        data-sigil=&quot;thumb&quot;&gt;
            &lt;i&gt;&lt;/i&gt;&lt;img   width=&quot;150&quot; height=&quot;100&quot; alt=&quot;Part of Your No by TsaoShin&quot; src=&quot;https://t00.deviantart.net/UU2yLtd7EpqlukpbW326fQfY_dk=/fit-in/150x150/filters:no_upscale():origin()/pre00/e5d6/th/pre/i/2013/206/5/c/part_of_your_no_by_tsaoshin-d6f5s39.png&quot; data-src=&quot;https://t00.deviantart.net/UU2yLtd7EpqlukpbW326fQfY_dk=/fit-in/150x150/filters:no_upscale():origin()/pre00/e5d6/th/pre/i/2013/206/5/c/part_of_your_no_by_tsaoshin-d6f5s39.png&quot; srcset=&quot;https://t00.deviantart.net/UU2yLtd7EpqlukpbW326fQfY_dk=/fit-in/150x150/filters:no_upscale():origin()/pre00/e5d6/th/pre/i/2013/206/5/c/part_of_your_no_by_tsaoshin-d6f5s39.png 150w,https://t00.deviantart.net/72xMY2lhdBQBL_B-jzDsuCCeh5s=/fit-in/500x250/filters:fixed_height(100,100):origin()/pre00/e5d6/th/pre/i/2013/206/5/c/part_of_your_no_by_tsaoshin-d6f5s39.png 375w,https://t00.deviantart.net/mzmOamXRkMY8EMGd_M7e8162M7I=/fit-in/700x350/filters:fixed_height(100,100):origin()/pre00/e5d6/th/pre/i/2013/206/5/c/part_of_your_no_by_tsaoshin-d6f5s39.png 525w,https://t00.deviantart.net/eIhX2WawNoV5khMrLDpL_7R8AHg=/fit-in/800x400/filters:fixed_height(100,100):origin()/pre00/e5d6/th/pre/i/2013/206/5/c/part_of_your_no_by_tsaoshin-d6f5s39.png 600w,https://pre00.deviantart.net/e5d6/th/pre/i/2013/206/5/c/part_of_your_no_by_tsaoshin-d6f5s39.png 1095w&quot; sizes=&quot;150px&quot;&gt;&lt;/a&gt;&lt;/span&gt;&lt;!-- ^TTT --&gt;&lt;!-- TTT$ --&gt;&lt;/span&gt;&lt;span class=&quot;shadow-holder&quot; data-embed-type=&quot;deviation&quot; data-embed-id=&quot;390029774&quot; data-embed-format=&quot;thumb&quot;&gt;&lt;span class=&quot;shadow mild&quot; &gt;&lt;a class=&quot;thumb&quot; href=&quot;https://www.deviantart.com/tsaoshin/art/A-Whole-New-No-390029774&quot; title=&quot;A Whole New No by TsaoShin, Aug 1, 2013 in Cartoons &amp;amp; Comics &amp;gt; Digital Media &amp;gt; Cartoons &amp;gt; Paintings&quot;data-super-img=&quot;https://pre00.deviantart.net/df20/th/pre/i/2013/213/2/3/a_whole_new_no_by_tsaoshin-d6g7owe.png&quot; data-super-width=&quot;1095&quot; data-super-height=&quot;730&quot; data-super-transparent=&quot;true&quot; data-super-alt=&quot;A Whole New No by TsaoShin&quot; data-super-full-img=&quot;https://img00.deviantart.net/3781/i/2013/213/2/3/a_whole_new_no_by_tsaoshin-d6g7owe.png&quot; data-super-full-width=&quot;1280&quot; data-super-full-height=&quot;854&quot;        data-sigil=&quot;thumb&quot;&gt;
            &lt;i&gt;&lt;/i&gt;&lt;img   width=&quot;150&quot; height=&quot;100&quot; alt=&quot;A Whole New No by TsaoShin&quot; src=&quot;https://t00.deviantart.net/VtuNXDex2EethdMJEHKfbH8K1EE=/fit-in/150x150/filters:no_upscale():origin()/pre00/df20/th/pre/i/2013/213/2/3/a_whole_new_no_by_tsaoshin-d6g7owe.png&quot; data-src=&quot;https://t00.deviantart.net/VtuNXDex2EethdMJEHKfbH8K1EE=/fit-in/150x150/filters:no_upscale():origin()/pre00/df20/th/pre/i/2013/213/2/3/a_whole_new_no_by_tsaoshin-d6g7owe.png&quot; srcset=&quot;https://t00.deviantart.net/VtuNXDex2EethdMJEHKfbH8K1EE=/fit-in/150x150/filters:no_upscale():origin()/pre00/df20/th/pre/i/2013/213/2/3/a_whole_new_no_by_tsaoshin-d6g7owe.png 150w,https://t00.deviantart.net/TRVdFL1ci9VqtJ7FVAkcYSxc4Fk=/fit-in/500x250/filters:fixed_height(100,100):origin()/pre00/df20/th/pre/i/2013/213/2/3/a_whole_new_no_by_tsaoshin-d6g7owe.png 375w,https://t00.deviantart.net/nqEJR0z-NYMaspg1q44F6OYWQ7A=/fit-in/700x350/filters:fixed_height(100,100):origin()/pre00/df20/th/pre/i/2013/213/2/3/a_whole_new_no_by_tsaoshin-d6g7owe.png 525w,https://t00.deviantart.net/ZFNHgfUU4qdYBZaxfjeG-CI03Wk=/fit-in/800x400/filters:fixed_height(100,100):origin()/pre00/df20/th/pre/i/2013/213/2/3/a_whole_new_no_by_tsaoshin-d6g7owe.png 600w,https://pre00.deviantart.net/df20/th/pre/i/2013/213/2/3/a_whole_new_no_by_tsaoshin-d6g7owe.png 1095w&quot; sizes=&quot;150px&quot;&gt;&lt;/a&gt;&lt;/span&gt;&lt;!-- ^TTT --&gt;&lt;!-- TTT$ --&gt;&lt;/span&gt;&lt;/sub&gt;&lt;/b&gt;</media:description>            <media:thumbnail url="https://t00.deviantart.net/JF-LntSbX7PXjd8FYi286fZeqO0=/fit-in/150x150/filters:no_upscale():origin()/pre00/e984/th/pre/i/2013/220/e/d/circle_of_no_by_tsaoshin-d6h8pug.png" height="100" width="150"/>            <media:thumbnail url="https://t00.deviantart.net/OmnptVxZqNxPTuS843UZxp0OoVQ=/fit-in/300x900/filters:no_upscale():origin()/pre00/e984/th/pre/i/2013/220/e/d/circle_of_no_by_tsaoshin-d6h8pug.png" height="200" width="300"/>            <media:thumbnail url="https://t00.deviantart.net/Y-7Z2TmSdtnXtWZQA-11DGU0dXI=/300x200/filters:fixed_height(100,100):origin()/pre00/e984/th/pre/i/2013/220/e/d/circle_of_no_by_tsaoshin-d6h8pug.png" height="200" width="300"/>            <media:content url="https://pre00.deviantart.net/e984/th/pre/i/2013/220/e/d/circle_of_no_by_tsaoshin-d6h8pug.png" height="730" width="1095" medium="image"/>
            <description>&lt;div&gt;&lt;div&gt;&lt;b&gt;&lt;b&gt;&lt;a href=&quot;https://www.deviantart.com/poserfan/art/Twitch-Icon-610621096&quot; class=&quot;emoticon&quot; data-embed-type=&quot;emoticon&quot; data-embed-id=&quot;610621096&quot; data-embed-profile=&quot;deviation&quot;&gt;&lt;img src=&quot;https://orig00.deviantart.net/123b/f/2016/143/4/0/twitch_by_poserfan-da3jq94.png&quot; alt=&quot;Twitch Icon&quot; style=&quot;width:16px;height:16px&quot;&gt;&lt;/a&gt; &lt;a class=&quot;external&quot; href=&quot;https://www.deviantart.com/users/outgoing?https://www.twitch.tv/tsaoshin&quot;&gt;Twitch livestreams&lt;/a&gt; | &lt;a href=&quot;https://www.deviantart.com/vampirehelenaharper/art/YouTube-Icon-530921372&quot; class=&quot;emoticon&quot; data-embed-type=&quot;emoticon&quot; data-embed-id=&quot;530921372&quot; data-embed-profile=&quot;deviation&quot;&gt;&lt;img src=&quot;https://orig00.deviantart.net/5732/f/2015/136/d/1/d154643100280d68a4a16fad04b0afcf-d8s3hjw.png&quot; alt=&quot;YouTube Icon&quot; style=&quot;width:16px;height:16px&quot;&gt;&lt;/a&gt;&amp;nbsp;&lt;a class=&quot;external&quot; href=&quot;https://www.deviantart.com/users/outgoing?https://www.youtube.com/tsaoshin&quot;&gt;Youtube channel&lt;/a&gt; |&amp;nbsp;&lt;a href=&quot;https://www.deviantart.com/vampirehelenaharper/art/Instagram-Icon-530632421&quot; class=&quot;emoticon&quot; data-embed-type=&quot;emoticon&quot; data-embed-id=&quot;530632421&quot; data-embed-profile=&quot;deviation&quot;&gt;&lt;img src=&quot;https://orig00.deviantart.net/0f12/f/2015/144/d/e/instagram_icon_by_vampirehelenaharper-d8rxalh.png&quot; alt=&quot;Instagram Icon&quot; style=&quot;width:16px;height:16px&quot;&gt;&lt;/a&gt; &lt;a class=&quot;external&quot; href=&quot;https://www.deviantart.com/users/outgoing?https://instagram.com/tsaoshin&quot;&gt;Instagram&lt;/a&gt; | &lt;a href=&quot;https://www.deviantart.com/linux-rules/art/Twitter-Icon-ultramini-597034380&quot; class=&quot;emoticon&quot; data-embed-type=&quot;emoticon&quot; data-embed-id=&quot;597034380&quot; data-embed-profile=&quot;deviation&quot;&gt;&lt;img src=&quot;https://orig00.deviantart.net/3272/f/2016/076/0/d/twitter_icon_ultramini_by_linux_rules-d9vgioc.png&quot; alt=&quot;Twitter Icon ultramini&quot; style=&quot;width:16px;height:16px&quot;&gt;&lt;/a&gt; &lt;a class=&quot;external&quot; href=&quot;https://www.deviantart.com/users/outgoing?https://twitter.com/tsaoshin&quot;&gt;Twitter&lt;/a&gt;&lt;/b&gt;&lt;/b&gt;&lt;/div&gt;&lt;/div&gt;&lt;div&gt;&lt;br /&gt;&lt;/div&gt;&lt;div&gt;Behold your new leader!&lt;/div&gt;&lt;br /&gt;This is a continuation of my Grumpy Cat Disney mash up series. Lion King is my favorite Disney animated masterpiece so I feel a little guilty doing this. Only a little! Next up: Tangled&lt;br /&gt;&lt;br /&gt;Created with Adobe Photoshop.&lt;br /&gt;&lt;br /&gt;Excellent comments:&lt;br /&gt;&quot;Everything the light touches I hate&quot;&lt;br /&gt;&quot;The results are in: You are not the father!&quot;&lt;br /&gt;&lt;br /&gt;Follow me on &lt;a class=&quot;external&quot; href=&quot;https://www.deviantart.com/users/outgoing?http://www.facebook.com/tsaoshin.fans&quot;&gt;facebook&lt;/a&gt; or &lt;a class=&quot;external&quot; href=&quot;https://www.deviantart.com/users/outgoing?tsaoshin.tumblr.com&quot;&gt;tumblr&lt;/a&gt;!&lt;br /&gt;&lt;b&gt;&lt;sub&gt;&lt;br /&gt;Other drawings in the series:&lt;br /&gt;&lt;span class=&quot;shadow-holder&quot; data-embed-type=&quot;deviation&quot; data-embed-id=&quot;401411619&quot; data-embed-format=&quot;thumb&quot;&gt;&lt;span class=&quot;shadow mild&quot; &gt;&lt;a class=&quot;thumb&quot; href=&quot;https://www.deviantart.com/tsaoshin/art/He-Mele-NO-Lilo-401411619&quot; title=&quot;He Mele NO Lilo by TsaoShin, Sep 19, 2013 in Fan Art &amp;gt; Cartoons &amp;amp; Comics &amp;gt; Digital &amp;gt; Movies &amp;amp; TV&quot;data-super-img=&quot;https://pre00.deviantart.net/085b/th/pre/i/2013/262/a/a/he_mele_no_lilo_by_tsaoshin-d6mzn6r.png&quot; data-super-width=&quot;1095&quot; data-super-height=&quot;730&quot; data-super-transparent=&quot;false&quot; data-super-alt=&quot;He Mele NO Lilo by TsaoShin&quot; data-super-full-img=&quot;https://img00.deviantart.net/3f52/i/2013/262/a/a/he_mele_no_lilo_by_tsaoshin-d6mzn6r.png&quot; data-super-full-width=&quot;1280&quot; data-super-full-height=&quot;854&quot;        data-sigil=&quot;thumb&quot;&gt;
                &lt;i&gt;&lt;/i&gt;&lt;img   width=&quot;150&quot; height=&quot;100&quot; alt=&quot;He Mele NO Lilo by TsaoShin&quot; src=&quot;https://t00.deviantart.net/oaTjcJBCooUFIecNxVdyW6fkjLQ=/fit-in/150x150/filters:no_upscale():origin()/pre00/085b/th/pre/i/2013/262/a/a/he_mele_no_lilo_by_tsaoshin-d6mzn6r.png&quot; data-src=&quot;https://t00.deviantart.net/oaTjcJBCooUFIecNxVdyW6fkjLQ=/fit-in/150x150/filters:no_upscale():origin()/pre00/085b/th/pre/i/2013/262/a/a/he_mele_no_lilo_by_tsaoshin-d6mzn6r.png&quot; srcset=&quot;https://t00.deviantart.net/oaTjcJBCooUFIecNxVdyW6fkjLQ=/fit-in/150x150/filters:no_upscale():origin()/pre00/085b/th/pre/i/2013/262/a/a/he_mele_no_lilo_by_tsaoshin-d6mzn6r.png 150w,https://t00.deviantart.net/JqUBFaDDXPIPlnjvzDsEbqxpwKc=/fit-in/500x250/filters:fixed_height(100,100):origin()/pre00/085b/th/pre/i/2013/262/a/a/he_mele_no_lilo_by_tsaoshin-d6mzn6r.png 375w,https://t00.deviantart.net/5GlHFhYUQDdAhfDN8yR6shIpu3U=/fit-in/700x350/filters:fixed_height(100,100):origin()/pre00/085b/th/pre/i/2013/262/a/a/he_mele_no_lilo_by_tsaoshin-d6mzn6r.png 525w,https://t00.deviantart.net/_CA48GVq0AY2Us95Q0xpVK0wUEM=/fit-in/800x400/filters:fixed_height(100,100):origin()/pre00/085b/th/pre/i/2013/262/a/a/he_mele_no_lilo_by_tsaoshin-d6mzn6r.png 600w,https://pre00.deviantart.net/085b/th/pre/i/2013/262/a/a/he_mele_no_lilo_by_tsaoshin-d6mzn6r.png 1095w&quot; sizes=&quot;150px&quot;&gt;&lt;/a&gt;&lt;/span&gt;&lt;!-- ^TTT --&gt;&lt;!-- TTT$ --&gt;&lt;/span&gt;&lt;span class=&quot;shadow-holder&quot; data-embed-type=&quot;deviation&quot; data-embed-id=&quot;396789062&quot; data-embed-format=&quot;thumb&quot;&gt;&lt;span class=&quot;shadow mild&quot; &gt;&lt;a class=&quot;thumb&quot; href=&quot;https://www.deviantart.com/tsaoshin/art/Tale-As-Old-As-No-396789062&quot; title=&quot;Tale As Old As No by TsaoShin, Aug 29, 2013 in Fan Art &amp;gt; Anthro &amp;gt; Digital &amp;gt; Movies &amp;amp; TV&quot;data-super-img=&quot;https://pre00.deviantart.net/02ba/th/pre/i/2013/241/f/e/tale_as_old_as_no_by_tsaoshin-d6k8kee.png&quot; data-super-width=&quot;1095&quot; data-super-height=&quot;730&quot; data-super-transparent=&quot;true&quot; data-super-alt=&quot;Tale As Old As No by TsaoShin&quot; data-super-full-img=&quot;https://img00.deviantart.net/c923/i/2013/241/f/e/tale_as_old_as_no_by_tsaoshin-d6k8kee.png&quot; data-super-full-width=&quot;1280&quot; data-super-full-height=&quot;854&quot;        data-sigil=&quot;thumb&quot;&gt;
                &lt;i&gt;&lt;/i&gt;&lt;img   width=&quot;150&quot; height=&quot;100&quot; alt=&quot;Tale As Old As No by TsaoShin&quot; src=&quot;https://t00.deviantart.net/PnvWYNUvUqYVFQcs7hQ3v8Ys6SE=/fit-in/150x150/filters:no_upscale():origin()/pre00/02ba/th/pre/i/2013/241/f/e/tale_as_old_as_no_by_tsaoshin-d6k8kee.png&quot; data-src=&quot;https://t00.deviantart.net/PnvWYNUvUqYVFQcs7hQ3v8Ys6SE=/fit-in/150x150/filters:no_upscale():origin()/pre00/02ba/th/pre/i/2013/241/f/e/tale_as_old_as_no_by_tsaoshin-d6k8kee.png&quot; srcset=&quot;https://t00.deviantart.net/PnvWYNUvUqYVFQcs7hQ3v8Ys6SE=/fit-in/150x150/filters:no_upscale():origin()/pre00/02ba/th/pre/i/2013/241/f/e/tale_as_old_as_no_by_tsaoshin-d6k8kee.png 150w,https://t00.deviantart.net/P0Obrcgo8Z9mQoOfmp1lWurE_HQ=/fit-in/500x250/filters:fixed_height(100,100):origin()/pre00/02ba/th/pre/i/2013/241/f/e/tale_as_old_as_no_by_tsaoshin-d6k8kee.png 375w,https://t00.deviantart.net/-r46RWjywAP7C259O-Ddc-Q7hdk=/fit-in/700x350/filters:fixed_height(100,100):origin()/pre00/02ba/th/pre/i/2013/241/f/e/tale_as_old_as_no_by_tsaoshin-d6k8kee.png 525w,https://t00.deviantart.net/qbTGrl1ZnYMytzGBeNCp8kH-JHk=/fit-in/800x400/filters:fixed_height(100,100):origin()/pre00/02ba/th/pre/i/2013/241/f/e/tale_as_old_as_no_by_tsaoshin-d6k8kee.png 600w,https://pre00.deviantart.net/02ba/th/pre/i/2013/241/f/e/tale_as_old_as_no_by_tsaoshin-d6k8kee.png 1095w&quot; sizes=&quot;150px&quot;&gt;&lt;/a&gt;&lt;/span&gt;&lt;!-- ^TTT --&gt;&lt;!-- TTT$ --&gt;&lt;/span&gt;&lt;span class=&quot;shadow-holder&quot; data-embed-type=&quot;deviation&quot; data-embed-id=&quot;398379641&quot; data-embed-format=&quot;thumb&quot;&gt;&lt;span class=&quot;shadow mild&quot; &gt;&lt;a class=&quot;thumb&quot; href=&quot;https://www.deviantart.com/tsaoshin/art/When-You-Wish-Upon-A-No-398379641&quot; title=&quot;When You Wish Upon A No by TsaoShin, Sep 5, 2013 in Cartoons &amp;amp; Comics &amp;gt; Digital Media &amp;gt; Cartoons &amp;gt; Paintings&quot;data-super-img=&quot;https://pre00.deviantart.net/586b/th/pre/i/2013/248/2/8/when_you_wish_upon_a_no_by_tsaoshin-d6l6np5.png&quot; data-super-width=&quot;1095&quot; data-super-height=&quot;730&quot; data-super-transparent=&quot;true&quot; data-super-alt=&quot;When You Wish Upon A No by TsaoShin&quot; data-super-full-img=&quot;https://img00.deviantart.net/1ccd/i/2013/248/2/8/when_you_wish_upon_a_no_by_tsaoshin-d6l6np5.png&quot; data-super-full-width=&quot;1280&quot; data-super-full-height=&quot;854&quot;        data-sigil=&quot;thumb&quot;&gt;
                &lt;i&gt;&lt;/i&gt;&lt;img   width=&quot;150&quot; height=&quot;100&quot; alt=&quot;When You Wish Upon A No by TsaoShin&quot; src=&quot;https://t00.deviantart.net/CmJF77qvvrm-Mgs2DbRIav8KtYY=/fit-in/150x150/filters:no_upscale():origin()/pre00/586b/th/pre/i/2013/248/2/8/when_you_wish_upon_a_no_by_tsaoshin-d6l6np5.png&quot; data-src=&quot;https://t00.deviantart.net/CmJF77qvvrm-Mgs2DbRIav8KtYY=/fit-in/150x150/filters:no_upscale():origin()/pre00/586b/th/pre/i/2013/248/2/8/when_you_wish_upon_a_no_by_tsaoshin-d6l6np5.png&quot; srcset=&quot;https://t00.deviantart.net/CmJF77qvvrm-Mgs2DbRIav8KtYY=/fit-in/150x150/filters:no_upscale():origin()/pre00/586b/th/pre/i/2013/248/2/8/when_you_wish_upon_a_no_by_tsaoshin-d6l6np5.png 150w,https://t00.deviantart.net/Qn2VXVUnjt1pOyn_qprFkdI1qiU=/fit-in/500x250/filters:fixed_height(100,100):origin()/pre00/586b/th/pre/i/2013/248/2/8/when_you_wish_upon_a_no_by_tsaoshin-d6l6np5.png 375w,https://t00.deviantart.net/z3UzT0vGjxRIkciJhGG_oPw6nqo=/fit-in/700x350/filters:fixed_height(100,100):origin()/pre00/586b/th/pre/i/2013/248/2/8/when_you_wish_upon_a_no_by_tsaoshin-d6l6np5.png 525w,https://t00.deviantart.net/deopxz9puvTd_eiWvCMPGHtGyZA=/fit-in/800x400/filters:fixed_height(100,100):origin()/pre00/586b/th/pre/i/2013/248/2/8/when_you_wish_upon_a_no_by_tsaoshin-d6l6np5.png 600w,https://pre00.deviantart.net/586b/th/pre/i/2013/248/2/8/when_you_wish_upon_a_no_by_tsaoshin-d6l6np5.png 1095w&quot; sizes=&quot;150px&quot;&gt;&lt;/a&gt;&lt;/span&gt;&lt;!-- ^TTT --&gt;&lt;!-- TTT$ --&gt;&lt;/span&gt;&lt;span class=&quot;shadow-holder&quot; data-embed-type=&quot;deviation&quot; data-embed-id=&quot;395194478&quot; data-embed-format=&quot;thumb&quot;&gt;&lt;span class=&quot;shadow mild&quot; &gt;&lt;a class=&quot;thumb&quot; href=&quot;https://www.deviantart.com/tsaoshin/art/When-Will-My-No-Begin-395194478&quot; title=&quot;When Will My No Begin by TsaoShin, Aug 22, 2013 in Digital Art &amp;gt; Drawings &amp;amp; Paintings &amp;gt; Other&quot;data-super-img=&quot;https://pre00.deviantart.net/09bd/th/pre/i/2013/234/a/5/when_will_my_no_begin_by_tsaoshin-d6jae0e.png&quot; data-super-width=&quot;1095&quot; data-super-height=&quot;730&quot; data-super-transparent=&quot;true&quot; data-super-alt=&quot;When Will My No Begin by TsaoShin&quot; data-super-full-img=&quot;https://img00.deviantart.net/8705/i/2013/234/a/5/when_will_my_no_begin_by_tsaoshin-d6jae0e.png&quot; data-super-full-width=&quot;1280&quot; data-super-full-height=&quot;854&quot;        data-sigil=&quot;thumb&quot;&gt;
                &lt;i&gt;&lt;/i&gt;&lt;img   width=&quot;150&quot; height=&quot;100&quot; alt=&quot;When Will My No Begin by TsaoShin&quot; src=&quot;https://t00.deviantart.net/h8gSipzOuEvyQDyOx862BFpsYiw=/fit-in/150x150/filters:no_upscale():origin()/pre00/09bd/th/pre/i/2013/234/a/5/when_will_my_no_begin_by_tsaoshin-d6jae0e.png&quot; data-src=&quot;https://t00.deviantart.net/h8gSipzOuEvyQDyOx862BFpsYiw=/fit-in/150x150/filters:no_upscale():origin()/pre00/09bd/th/pre/i/2013/234/a/5/when_will_my_no_begin_by_tsaoshin-d6jae0e.png&quot; srcset=&quot;https://t00.deviantart.net/h8gSipzOuEvyQDyOx862BFpsYiw=/fit-in/150x150/filters:no_upscale():origin()/pre00/09bd/th/pre/i/2013/234/a/5/when_will_my_no_begin_by_tsaoshin-d6jae0e.png 150w,https://t00.deviantart.net/Xqe42h44SHEN26PsJ89d4_Y5UKY=/fit-in/500x250/filters:fixed_height(100,100):origin()/pre00/09bd/th/pre/i/2013/234/a/5/when_will_my_no_begin_by_tsaoshin-d6jae0e.png 375w,https://t00.deviantart.net/bZ22FWkx2KiUSEI51rBzjOPxRQ4=/fit-in/700x350/filters:fixed_height(100,100):origin()/pre00/09bd/th/pre/i/2013/234/a/5/when_will_my_no_begin_by_tsaoshin-d6jae0e.png 525w,https://t00.deviantart.net/LX52V2IPIZZlQHtJ79eCrMQo8ts=/fit-in/800x400/filters:fixed_height(100,100):origin()/pre00/09bd/th/pre/i/2013/234/a/5/when_will_my_no_begin_by_tsaoshin-d6jae0e.png 600w,https://pre00.deviantart.net/09bd/th/pre/i/2013/234/a/5/when_will_my_no_begin_by_tsaoshin-d6jae0e.png 1095w&quot; sizes=&quot;150px&quot;&gt;&lt;/a&gt;&lt;/span&gt;&lt;!-- ^TTT --&gt;&lt;!-- TTT$ --&gt;&lt;/span&gt;&lt;span class=&quot;shadow-holder&quot; data-embed-type=&quot;deviation&quot; data-embed-id=&quot;388260981&quot; data-embed-format=&quot;thumb&quot;&gt;&lt;span class=&quot;shadow mild&quot; &gt;&lt;a class=&quot;thumb hasprint&quot; href=&quot;https://www.deviantart.com/tsaoshin/art/Part-of-Your-No-388260981&quot; title=&quot;Part of Your No by TsaoShin, Jul 25, 2013 in Digital Art &amp;gt; Drawings &amp;amp; Paintings &amp;gt; Animals&quot;data-super-img=&quot;https://pre00.deviantart.net/e5d6/th/pre/i/2013/206/5/c/part_of_your_no_by_tsaoshin-d6f5s39.png&quot; data-super-width=&quot;1095&quot; data-super-height=&quot;730&quot; data-super-transparent=&quot;true&quot; data-super-alt=&quot;Part of Your No by TsaoShin&quot; data-super-full-img=&quot;https://img00.deviantart.net/0d5d/i/2013/206/5/c/part_of_your_no_by_tsaoshin-d6f5s39.png&quot; data-super-full-width=&quot;1280&quot; data-super-full-height=&quot;854&quot;        data-sigil=&quot;thumb&quot;&gt;
                &lt;i&gt;&lt;/i&gt;&lt;img   width=&quot;150&quot; height=&quot;100&quot; alt=&quot;Part of Your No by TsaoShin&quot; src=&quot;https://t00.deviantart.net/UU2yLtd7EpqlukpbW326fQfY_dk=/fit-in/150x150/filters:no_upscale():origin()/pre00/e5d6/th/pre/i/2013/206/5/c/part_of_your_no_by_tsaoshin-d6f5s39.png&quot; data-src=&quot;https://t00.deviantart.net/UU2yLtd7EpqlukpbW326fQfY_dk=/fit-in/150x150/filters:no_upscale():origin()/pre00/e5d6/th/pre/i/2013/206/5/c/part_of_your_no_by_tsaoshin-d6f5s39.png&quot; srcset=&quot;https://t00.deviantart.net/UU2yLtd7EpqlukpbW326fQfY_dk=/fit-in/150x150/filters:no_upscale():origin()/pre00/e5d6/th/pre/i/2013/206/5/c/part_of_your_no_by_tsaoshin-d6f5s39.png 150w,https://t00.deviantart.net/72xMY2lhdBQBL_B-jzDsuCCeh5s=/fit-in/500x250/filters:fixed_height(100,100):origin()/pre00/e5d6/th/pre/i/2013/206/5/c/part_of_your_no_by_tsaoshin-d6f5s39.png 375w,https://t00.deviantart.net/mzmOamXRkMY8EMGd_M7e8162M7I=/fit-in/700x350/filters:fixed_height(100,100):origin()/pre00/e5d6/th/pre/i/2013/206/5/c/part_of_your_no_by_tsaoshin-d6f5s39.png 525w,https://t00.deviantart.net/eIhX2WawNoV5khMrLDpL_7R8AHg=/fit-in/800x400/filters:fixed_height(100,100):origin()/pre00/e5d6/th/pre/i/2013/206/5/c/part_of_your_no_by_tsaoshin-d6f5s39.png 600w,https://pre00.deviantart.net/e5d6/th/pre/i/2013/206/5/c/part_of_your_no_by_tsaoshin-d6f5s39.png 1095w&quot; sizes=&quot;150px&quot;&gt;&lt;/a&gt;&lt;/span&gt;&lt;!-- ^TTT --&gt;&lt;!-- TTT$ --&gt;&lt;/span&gt;&lt;span class=&quot;shadow-holder&quot; data-embed-type=&quot;deviation&quot; data-embed-id=&quot;390029774&quot; data-embed-format=&quot;thumb&quot;&gt;&lt;span class=&quot;shadow mild&quot; &gt;&lt;a class=&quot;thumb&quot; href=&quot;https://www.deviantart.com/tsaoshin/art/A-Whole-New-No-390029774&quot; title=&quot;A Whole New No by TsaoShin, Aug 1, 2013 in Cartoons &amp;amp; Comics &amp;gt; Digital Media &amp;gt; Cartoons &amp;gt; Paintings&quot;data-super-img=&quot;https://pre00.deviantart.net/df20/th/pre/i/2013/213/2/3/a_whole_new_no_by_tsaoshin-d6g7owe.png&quot; data-super-width=&quot;1095&quot; data-super-height=&quot;730&quot; data-super-transparent=&quot;true&quot; data-super-alt=&quot;A Whole New No by TsaoShin&quot; data-super-full-img=&quot;https://img00.deviantart.net/3781/i/2013/213/2/3/a_whole_new_no_by_tsaoshin-d6g7owe.png&quot; data-super-full-width=&quot;1280&quot; data-super-full-height=&quot;854&quot;        data-sigil=&quot;thumb&quot;&gt;
                &lt;i&gt;&lt;/i&gt;&lt;img   width=&quot;150&quot; height=&quot;100&quot; alt=&quot;A Whole New No by TsaoShin&quot; src=&quot;https://t00.deviantart.net/VtuNXDex2EethdMJEHKfbH8K1EE=/fit-in/150x150/filters:no_upscale():origin()/pre00/df20/th/pre/i/2013/213/2/3/a_whole_new_no_by_tsaoshin-d6g7owe.png&quot; data-src=&quot;https://t00.deviantart.net/VtuNXDex2EethdMJEHKfbH8K1EE=/fit-in/150x150/filters:no_upscale():origin()/pre00/df20/th/pre/i/2013/213/2/3/a_whole_new_no_by_tsaoshin-d6g7owe.png&quot; srcset=&quot;https://t00.deviantart.net/VtuNXDex2EethdMJEHKfbH8K1EE=/fit-in/150x150/filters:no_upscale():origin()/pre00/df20/th/pre/i/2013/213/2/3/a_whole_new_no_by_tsaoshin-d6g7owe.png 150w,https://t00.deviantart.net/TRVdFL1ci9VqtJ7FVAkcYSxc4Fk=/fit-in/500x250/filters:fixed_height(100,100):origin()/pre00/df20/th/pre/i/2013/213/2/3/a_whole_new_no_by_tsaoshin-d6g7owe.png 375w,https://t00.deviantart.net/nqEJR0z-NYMaspg1q44F6OYWQ7A=/fit-in/700x350/filters:fixed_height(100,100):origin()/pre00/df20/th/pre/i/2013/213/2/3/a_whole_new_no_by_tsaoshin-d6g7owe.png 525w,https://t00.deviantart.net/ZFNHgfUU4qdYBZaxfjeG-CI03Wk=/fit-in/800x400/filters:fixed_height(100,100):origin()/pre00/df20/th/pre/i/2013/213/2/3/a_whole_new_no_by_tsaoshin-d6g7owe.png 600w,https://pre00.deviantart.net/df20/th/pre/i/2013/213/2/3/a_whole_new_no_by_tsaoshin-d6g7owe.png 1095w&quot; sizes=&quot;150px&quot;&gt;&lt;/a&gt;&lt;/span&gt;&lt;!-- ^TTT --&gt;&lt;!-- TTT$ --&gt;&lt;/span&gt;&lt;/sub&gt;&lt;/b&gt;&lt;br /&gt;&lt;div&gt;&lt;img src=&quot;https://t00.deviantart.net/Y-7Z2TmSdtnXtWZQA-11DGU0dXI=/300x200/filters:fixed_height(100,100):origin()/pre00/e984/th/pre/i/2013/220/e/d/circle_of_no_by_tsaoshin-d6h8pug.png&quot; alt=&quot;thumbnail&quot; /&gt;&lt;/div&gt;</description>            </item>
        <item>
            <title>DeviantArt Point Calculator</title>
            <link>https://charfade.deviantart.com/art/DeviantArt-Point-Calculator-252802121</link>
            <guid isPermaLink="true">https://charfade.deviantart.com/art/DeviantArt-Point-Calculator-252802121</guid>
            <pubDate>Sun, 14 Aug 2011 10:14:19 PDT</pubDate>
            <media:title type="plain">DeviantArt Point Calculator</media:title>
            <media:keywords></media:keywords>
            <media:rating>nonadult</media:rating>
            <media:category label="Utilities">flash/utilities</media:category>
            <media:credit role="author" scheme="urn:ebu">charfade</media:credit>
            <media:credit role="author" scheme="urn:ebu">https://a.deviantart.net/avatars/c/h/charfade.png?3</media:credit>
            <media:copyright url="https://charfade.deviantart.com">Copyright 2011-2019 charfade</media:copyright>
            <media:community>
                <media:tags>@CassChalk</media:tags>
            </media:community>            <media:description type="html">&lt;h2&gt;&lt;b&gt;DeviantArt USD to Point Calculator&lt;/b&gt; &lt;/h2&gt;Alpha version 1.6&lt;br /&gt;THIS CALCULATOR USES UNITED STATES DOLLAR (USD) CURRENCY AND CONVERTS DOLLAR AMOUNT INTO DEVIANTART POINTS. &lt;br /&gt;&lt;br /&gt;Created in Adobe Flash CS3 AS 2.0&lt;br /&gt;&lt;br /&gt;&lt;h2&gt;&lt;b&gt;Premium Content | Commission Widget Disclaimer&lt;/b&gt;&lt;/h2&gt;&lt;br /&gt;As of Jan 2013 DeviantArt introduced a way to generate earnings using either st.ash or uploading DA deviations as Premium Content. &lt;a href=&quot;http://my.deviantart.com/art/Selling-on-the-Premium-Content-Platform-358249310&quot;&gt;my.deviantart.com/art/Selling-&amp;hellip;&lt;/a&gt; (This also applies to the Commission Widget ) This allows you to earn money by selling additional downloadable content or services. It can be withdrawn as real world currency or converted back to DA &lt;img src=&quot;https://e.deviantart.net/emoticons/p/points.gif&quot; width=&quot;20&quot; height=&quot;14&quot; alt=&quot;:points:&quot; data-embed-type=&quot;emoticon&quot; data-embed-id=&quot;589&quot; title=&quot;Points&quot;/&gt; It is important to know when uploading Premium content values you are only accounting for your &quot;Gross Earnings&quot; at the time of upload. This is the value before the 20% tax gets taken out. This calculator accounts for your &quot;Net Earnings&quot;. Net (or Nett) refers to the amount left over after all tax deductions are made. &lt;b&gt;If you are uploading Premium Content or offering Commissions please account for the 20% tax before you use this calculator. &lt;/b&gt; &lt;br /&gt;&lt;br /&gt;100&lt;img src=&quot;https://e.deviantart.net/emoticons/p/points.gif&quot; width=&quot;20&quot; height=&quot;14&quot; alt=&quot;:points:&quot; data-embed-type=&quot;emoticon&quot; data-embed-id=&quot;589&quot; title=&quot;Points&quot;/&gt; = 1$ (is your Gross Earnings) only before the 20% tax gets taken out. After 80&lt;img src=&quot;https://e.deviantart.net/emoticons/p/points.gif&quot; width=&quot;20&quot; height=&quot;14&quot; alt=&quot;:points:&quot; data-embed-type=&quot;emoticon&quot; data-embed-id=&quot;589&quot; title=&quot;Points&quot;/&gt; = 1$ (is your Net Earnings). &lt;br /&gt;&lt;br /&gt;Your &lt;b&gt;Net Earnings&lt;/b&gt; is the actual value points are worth across DeviantArt. When you click on the &quot;shops tab &amp;gt; Points Balance&quot; it will show your net points total for your account. &lt;br /&gt;&lt;br /&gt;Basically what you need to do is find out what you want to charge per transaction and add 20%. Mapped out here is the first $100 with the added 20% conversion. In other words if you want to make 5 dollars, you would actually charge 6.25 So on and so forth.&amp;nbsp;&lt;br /&gt;&lt;br /&gt;[ $what you want to make = $what you should charge ]&lt;br /&gt;&lt;br /&gt;$1 = (Not listing, you should be charging more for your art )&amp;nbsp;&lt;br /&gt;&lt;span&gt;$5 = $6.25&lt;/span&gt;&lt;br /&gt;&lt;span&gt;$10 = $12.50&lt;/span&gt;&lt;br /&gt;&lt;span&gt;$15 = $18.75&lt;/span&gt;&lt;br /&gt;&lt;span&gt;$20 = $25&lt;/span&gt;&lt;br /&gt;&lt;span&gt;$25 = $31.25&lt;/span&gt;&lt;br /&gt;&lt;span&gt;$30 = $37.50&lt;/span&gt;&lt;br /&gt;&lt;span&gt;$35 = $43.75&lt;/span&gt;&lt;br /&gt;&lt;span&gt;$40 = $50&lt;/span&gt;&lt;br /&gt;&lt;span&gt;$45 = $56.25&lt;/span&gt;&lt;br /&gt;&lt;span&gt;$50 = $62.50&lt;/span&gt;&lt;br /&gt;&lt;span&gt;$55 = $68.75&lt;/span&gt;&lt;br /&gt;&lt;span&gt;$60 = $75&lt;/span&gt;&lt;br /&gt;&lt;span&gt;$65 = $81.25&lt;/span&gt;&lt;br /&gt;&lt;span&gt;$70 = $87.50&lt;/span&gt;&lt;br /&gt;&lt;span&gt;$75 = $93.75&lt;/span&gt;&lt;br /&gt;&lt;span&gt;$80 = $100&lt;/span&gt;&lt;br /&gt;&lt;span&gt;$85 = $106.25&lt;/span&gt;&lt;br /&gt;&lt;span&gt;$90 = $112.5&lt;/span&gt;&lt;br /&gt;&lt;span&gt;$95 = $118.75&lt;/span&gt;&lt;br /&gt;&lt;span&gt;$100 = $125&lt;br /&gt;&lt;br /&gt;&lt;/span&gt;More on how to price your art,&amp;nbsp; please read this journal:&amp;nbsp;&lt;a href=&quot;https://www.deviantart.com/dansyron/journal/YOUR-ART-HAS-VALUE-and-how-to-price-it-589455064&quot;&gt;YOUR ART HAS VALUE! (and how to price it)&lt;/a&gt;&lt;br /&gt;&lt;br /&gt;&lt;h2&gt;&lt;b&gt;Artist Comments&lt;/b&gt;&lt;/h2&gt;&lt;br /&gt;Part of the reason why I&#039;ve strayed away from doing point commissions on DA is because I&#039;m really not good at math. Figuring out the conversion rate between USD amount into DA points takes me about 2-5 minutes per calculation. (I have to usually triple check my math ) Which is why this calculator was born! My husband did the coding for it and I designed the interface and how it functions. There is one other Deviant art point converter &lt;a href=&quot;http://fav.me/d30haz0&quot;&gt;fav.me/d30haz0&lt;/a&gt; but I wasn&#039;t happy with the drop down feature as its function wasn&#039;t really necessary. Important things to note, we tested this calculator on many of the items in the DA store. All the calculations came out correctly with out the round up feature. &lt;br /&gt;&lt;br /&gt;When using this calculator you need to use the decimal to indicate cents. Using no decimal will indicate just the dollar amount. &lt;br /&gt;&lt;br /&gt;If you find any bugs or anything wonky please comment or send me a note. This flash file is intended to also help other artists! Sharing is caring, but please credit the original source. &lt;br /&gt;&lt;br /&gt;&lt;br /&gt;&lt;h2&gt;&lt;b&gt;What are points?&lt;/b&gt;&lt;/h2&gt;&lt;br /&gt;&amp;#9658; b0r3d13 did an excellent job breaking down the basics of points! so check it out! &lt;a href=&quot;http://fav.me/d4aq13e&quot;&gt;fav.me/d4aq13e&lt;/a&gt;&lt;br /&gt;&lt;br /&gt;&lt;h2&gt;&lt;b&gt;Regarding different country&#039;s currency&#039;s&lt;/b&gt;&lt;/h2&gt;&lt;br /&gt;&lt;img src=&quot;https://e.deviantart.net/emoticons/e/earth2.gif&quot; width=&quot;17&quot; height=&quot;17&quot; alt=&quot;:earth:&quot; data-embed-type=&quot;emoticon&quot; data-embed-id=&quot;158&quot; title=&quot;Earth&quot;/&gt; Its been suggested by multiple people that there should be different currency&#039;s represented by this calculator. We actually planed to do this but hit a pretty major road block. Since the currency exchange rate changes daily, we would have to pull the numbers daily as well for the equation to work. Right we&#039;re now not sure how to do this or even if it is possible. So for now I suggest using Oanda currency converter &lt;a class=&quot;external&quot; href=&quot;https://www.deviantart.com/users/outgoing?http://www.oanda.com/currency/converter/&quot;&gt;www.oanda.com/currency/convert&amp;hellip;&lt;/a&gt; after using this point conversion calculator. &lt;br /&gt;&lt;br /&gt;&lt;span class=&quot;shadow-holder&quot; data-embed-type=&quot;deviation&quot; data-embed-id=&quot;105504303&quot; data-embed-format=&quot;thumb&quot;&gt;&lt;span class=&quot;shadow mild&quot; &gt;&lt;a class=&quot;thumb&quot; href=&quot;https://www.deviantart.com/uniquenudes/art/DD-Honor-Stamp-105504303&quot; title=&quot;DD Honor Stamp by UniqueNudes, Dec 5, 2008 in DeviantArt Related &amp;gt; Deviant Stamps&quot;data-super-img=&quot;https://orig00.deviantart.net/bfcb/f/2008/340/6/5/dd_honor_stamp_by_uniquenudes.jpg&quot; data-super-width=&quot;99&quot; data-super-height=&quot;56&quot; data-super-transparent=&quot;false&quot; data-super-alt=&quot;DD Honor Stamp by UniqueNudes&quot; data-super-full-img=&quot;https://orig00.deviantart.net/bfcb/f/2008/340/6/5/dd_honor_stamp_by_uniquenudes.jpg&quot; data-super-full-width=&quot;99&quot; data-super-full-height=&quot;56&quot;        data-sigil=&quot;thumb&quot;&gt;
            &lt;i&gt;&lt;/i&gt;&lt;img   width=&quot;99&quot; height=&quot;56&quot; alt=&quot;DD Honor Stamp by UniqueNudes&quot; src=&quot;https://orig00.deviantart.net/bfcb/f/2008/340/6/5/dd_honor_stamp_by_uniquenudes.jpg&quot; data-src=&quot;https://orig00.deviantart.net/bfcb/f/2008/340/6/5/dd_honor_stamp_by_uniquenudes.jpg&quot; srcset=&quot;https://orig00.deviantart.net/bfcb/f/2008/340/6/5/dd_honor_stamp_by_uniquenudes.jpg 99w&quot; sizes=&quot;99px&quot;&gt;&lt;/a&gt;&lt;/span&gt;&lt;!-- ^TTT --&gt;&lt;!-- TTT$ --&gt;&lt;/span&gt;&lt;br /&gt;Thank you for the DD and all the wonderful comments! Honestly it was a surprise. I just wanted to make an easy to use converter which has a simple to use interface with no buttons, drop down menus or fuss. I hope this will serve the Deviant Community well!&lt;br /&gt;&lt;br /&gt;Alternatively, some people like to troll high profile areas. This is your only warning: All trolling comments will be hidden and all trolls will be placed on my block list. &lt;br /&gt;&lt;br /&gt;Also do not beg for points in the comments section. I will report them as spam.&amp;nbsp;&lt;br /&gt;&lt;br /&gt;&lt;b&gt;Credits and Special Thanks to:&lt;/b&gt;&lt;br /&gt;DeviantArt Logo = n0M3n &lt;a href=&quot;http://fav.me/dapiac&quot;&gt;fav.me/dapiac&lt;/a&gt;&lt;br /&gt;DeviantArt Point Logo = atti12 &lt;a href=&quot;http://fav.me/d2qvmkf&quot;&gt;fav.me/d2qvmkf&lt;/a&gt;&lt;br /&gt;Math Conversion Documentation = RenaKigakari &lt;a href=&quot;http://renakigakari.deviantart.com/&quot;&gt;renakigakari.deviantart.com/&lt;/a&gt;&lt;br /&gt;&lt;br /&gt;&lt;span class=&quot;shadow-holder&quot; data-embed-type=&quot;deviation&quot; data-embed-id=&quot;172668931&quot; data-embed-format=&quot;thumb&quot;&gt;&lt;span class=&quot;shadow mild&quot; &gt;&lt;a class=&quot;thumb&quot; href=&quot;https://www.deviantart.com/kawaiilizzie/art/PLEASE-DONATE-POINTS-stamp-172668931&quot; title=&quot;PLEASE DONATE POINTS stamp by KawaiiLizzie, Jul 25, 2010 in DeviantArt Related &amp;gt; Deviant Stamps&quot;data-super-img=&quot;https://orig00.deviantart.net/5f5e/f/2010/206/6/2/6219be8060bcc9dd3a5b6968eb5b9462.png&quot; data-super-width=&quot;99&quot; data-super-height=&quot;56&quot; data-super-transparent=&quot;true&quot; data-super-alt=&quot;PLEASE DONATE POINTS stamp by KawaiiLizzie&quot; data-super-full-img=&quot;https://orig00.deviantart.net/5f5e/f/2010/206/6/2/6219be8060bcc9dd3a5b6968eb5b9462.png&quot; data-super-full-width=&quot;99&quot; data-super-full-height=&quot;56&quot;        data-sigil=&quot;thumb&quot;&gt;
            &lt;i&gt;&lt;/i&gt;&lt;img   width=&quot;99&quot; height=&quot;56&quot; alt=&quot;PLEASE DONATE POINTS stamp by KawaiiLizzie&quot; src=&quot;https://orig00.deviantart.net/5f5e/f/2010/206/6/2/6219be8060bcc9dd3a5b6968eb5b9462.png&quot; data-src=&quot;https://orig00.deviantart.net/5f5e/f/2010/206/6/2/6219be8060bcc9dd3a5b6968eb5b9462.png&quot; srcset=&quot;https://orig00.deviantart.net/5f5e/f/2010/206/6/2/6219be8060bcc9dd3a5b6968eb5b9462.png 99w&quot; sizes=&quot;99px&quot;&gt;&lt;/a&gt;&lt;/span&gt;&lt;!-- ^TTT --&gt;&lt;!-- TTT$ --&gt;&lt;/span&gt;&lt;br /&gt;&lt;img src=&quot;https://e.deviantart.net/emoticons/p/points.gif&quot; width=&quot;20&quot; height=&quot;14&quot; alt=&quot;:points:&quot; data-embed-type=&quot;emoticon&quot; data-embed-id=&quot;589&quot; title=&quot;Points&quot;/&gt; Use this calculator often? Any donation is much appreciated for the long hours put into my free resources. See my DA homepage Thanks!&lt;br /&gt;&lt;br /&gt;&lt;img src=&quot;https://e.deviantart.net/emoticons/b/bug.gif&quot; width=&quot;15&quot; height=&quot;15&quot; alt=&quot;:bug:&quot; data-embed-type=&quot;emoticon&quot; data-embed-id=&quot;269&quot; title=&quot;Bug&quot;/&gt; &lt;img src=&quot;https://e.deviantart.net/emoticons/b/bug.gif&quot; width=&quot;15&quot; height=&quot;15&quot; alt=&quot;:bug:&quot; data-embed-type=&quot;emoticon&quot; data-embed-id=&quot;269&quot; title=&quot;Bug&quot;/&gt; &lt;h2&gt;&lt;b&gt;Version number and Bug Notes &lt;/b&gt;&lt;/h2&gt;&lt;img src=&quot;https://e.deviantart.net/emoticons/b/bug.gif&quot; width=&quot;15&quot; height=&quot;15&quot; alt=&quot;:bug:&quot; data-embed-type=&quot;emoticon&quot; data-embed-id=&quot;269&quot; title=&quot;Bug&quot;/&gt; &lt;img src=&quot;https://e.deviantart.net/emoticons/b/bug.gif&quot; width=&quot;15&quot; height=&quot;15&quot; alt=&quot;:bug:&quot; data-embed-type=&quot;emoticon&quot; data-embed-id=&quot;269&quot; title=&quot;Bug&quot;/&gt;&lt;br /&gt;&lt;br /&gt;&lt;b&gt;v1.6&lt;/b&gt; My previous versions had the entire thing working with numbers. When dealing with numbers, it makes adding a 0 behind a decimal somewhat difficult. I&amp;#8217;m sure there are a thousand easier ways to do it but this was seems to be working with flying colors. Now it works using strings instead of numerical values. I converted the string into a number and run the math. Meanwhile, I have all these checks on the string to make sure the number fields look exactly how its intended to be used. I also changed the way it hunts for zeroes and decimals which makes it much more efficient. &lt;br /&gt;&lt;br /&gt;In short re-wrote most of the engine for these fixes. Thanks to Tekarah, murisakii, oujinx, Dediggefedde, Elemental-Quest, and jujukittychick for the bug reports. If anything else seems wonky please let me know in the comments below. &lt;br /&gt;&lt;br /&gt;&lt;b&gt;v1.5&lt;/b&gt; - Thanks for the DD! and with more eyes means more bugs to debunk! &lt;br /&gt;&lt;br /&gt;Kodai-Az-Kite reported the over 9000 bug. To where if you typed in $112.52 it should = 9001 but instead gave you 9001.6. This was an easy fix, a rounding calculation was disabled in version 1.4 so we just re-enabled it. &lt;br /&gt;&lt;br /&gt;cybertim reported the endless zero bug to where 00100 = 5120, while 100 = 8000. This was a bit more complex to fix. Not to say anyone would really need to put 000 before the number but if you did it broke it. So the fix was to convert the number into a string and put it back in. Hopefully this fixes the issue while not breaking anything else. &lt;br /&gt;&lt;br /&gt;&lt;b&gt;v1.4&lt;/b&gt; - Allows for you to copy and paste the content. Didn&#039;t allow you too in older versions. &lt;br /&gt;&lt;br /&gt;&lt;b&gt;v1.3&lt;/b&gt; - Fixed the crappy backspace to 0 issue. Now you can type in the field boxes without getting the hang up.&lt;br /&gt;&lt;br /&gt;&lt;b&gt;v1.2&lt;/b&gt; - Made a edit if you want to know how much DA Points are worth in dollar amount you can type in the DA Point text field. Auto highlight in text field is now active. However this change is a little weird in that if you backspace the 0 the file can hang up a tad. If this happens click in the field to reactive it or ctrl+a to auto select. &lt;br /&gt;&lt;br /&gt;&lt;b&gt;v1.1&lt;/b&gt; - Small bug, if you typed in a dollar amount with characters exceeding 13 spaces, DA point value showed decimal places. Quick fix this version limited how many characters you type in the USD field box. Bug reported by 10Sly10 &lt;br /&gt;&lt;br /&gt;&lt;b&gt;V1.0&lt;/b&gt; - DA Alpha launch original version</media:description>            <media:thumbnail url="https://img00.deviantart.net/6613/i/2012/189/f/f/deviantart_point_calculator_by_charfade-d46ifd5.png" height="143" width="143"/>            <media:thumbnail url="https://img00.deviantart.net/6613/i/2012/189/f/f/deviantart_point_calculator_by_charfade-d46ifd5.png" height="143" width="143"/>            <media:thumbnail url="https://img00.deviantart.net/6613/i/2012/189/f/f/deviantart_point_calculator_by_charfade-d46ifd5.png" height="143" width="143"/>            <media:content url="https://img00.deviantart.net/6613/i/2012/189/f/f/deviantart_point_calculator_by_charfade-d46ifd5.png" height="143" width="143"/>
            <description>&lt;h2&gt;&lt;b&gt;DeviantArt USD to Point Calculator&lt;/b&gt; &lt;/h2&gt;Alpha version 1.6&lt;br /&gt;THIS CALCULATOR USES UNITED STATES DOLLAR (USD) CURRENCY AND CONVERTS DOLLAR AMOUNT INTO DEVIANTART POINTS. &lt;br /&gt;&lt;br /&gt;Created in Adobe Flash CS3 AS 2.0&lt;br /&gt;&lt;br /&gt;&lt;h2&gt;&lt;b&gt;Premium Content | Commission Widget Disclaimer&lt;/b&gt;&lt;/h2&gt;&lt;br /&gt;As of Jan 2013 DeviantArt introduced a way to generate earnings using either st.ash or uploading DA deviations as Premium Content. &lt;a href=&quot;http://my.deviantart.com/art/Selling-on-the-Premium-Content-Platform-358249310&quot;&gt;my.deviantart.com/art/Selling-&amp;hellip;&lt;/a&gt; (This also applies to the Commission Widget ) This allows you to earn money by selling additional downloadable content or services. It can be withdrawn as real world currency or converted back to DA &lt;img src=&quot;https://e.deviantart.net/emoticons/p/points.gif&quot; width=&quot;20&quot; height=&quot;14&quot; alt=&quot;:points:&quot; data-embed-type=&quot;emoticon&quot; data-embed-id=&quot;589&quot; title=&quot;Points&quot;/&gt; It is important to know when uploading Premium content values you are only accounting for your &quot;Gross Earnings&quot; at the time of upload. This is the value before the 20% tax gets taken out. This calculator accounts for your &quot;Net Earnings&quot;. Net (or Nett) refers to the amount left over after all tax deductions are made. &lt;b&gt;If you are uploading Premium Content or offering Commissions please account for the 20% tax before you use this calculator. &lt;/b&gt; &lt;br /&gt;&lt;br /&gt;100&lt;img src=&quot;https://e.deviantart.net/emoticons/p/points.gif&quot; width=&quot;20&quot; height=&quot;14&quot; alt=&quot;:points:&quot; data-embed-type=&quot;emoticon&quot; data-embed-id=&quot;589&quot; title=&quot;Points&quot;/&gt; = 1$ (is your Gross Earnings) only before the 20% tax gets taken out. After 80&lt;img src=&quot;https://e.deviantart.net/emoticons/p/points.gif&quot; width=&quot;20&quot; height=&quot;14&quot; alt=&quot;:points:&quot; data-embed-type=&quot;emoticon&quot; data-embed-id=&quot;589&quot; title=&quot;Points&quot;/&gt; = 1$ (is your Net Earnings). &lt;br /&gt;&lt;br /&gt;Your &lt;b&gt;Net Earnings&lt;/b&gt; is the actual value points are worth across DeviantArt. When you click on the &quot;shops tab &amp;gt; Points Balance&quot; it will show your net points total for your account. &lt;br /&gt;&lt;br /&gt;Basically what you need to do is find out what you want to charge per transaction and add 20%. Mapped out here is the first $100 with the added 20% conversion. In other words if you want to make 5 dollars, you would actually charge 6.25 So on and so forth.&amp;nbsp;&lt;br /&gt;&lt;br /&gt;[ $what you want to make = $what you should charge ]&lt;br /&gt;&lt;br /&gt;$1 = (Not listing, you should be charging more for your art )&amp;nbsp;&lt;br /&gt;&lt;span&gt;$5 = $6.25&lt;/span&gt;&lt;br /&gt;&lt;span&gt;$10 = $12.50&lt;/span&gt;&lt;br /&gt;&lt;span&gt;$15 = $18.75&lt;/span&gt;&lt;br /&gt;&lt;span&gt;$20 = $25&lt;/span&gt;&lt;br /&gt;&lt;span&gt;$25 = $31.25&lt;/span&gt;&lt;br /&gt;&lt;span&gt;$30 = $37.50&lt;/span&gt;&lt;br /&gt;&lt;span&gt;$35 = $43.75&lt;/span&gt;&lt;br /&gt;&lt;span&gt;$40 = $50&lt;/span&gt;&lt;br /&gt;&lt;span&gt;$45 = $56.25&lt;/span&gt;&lt;br /&gt;&lt;span&gt;$50 = $62.50&lt;/span&gt;&lt;br /&gt;&lt;span&gt;$55 = $68.75&lt;/span&gt;&lt;br /&gt;&lt;span&gt;$60 = $75&lt;/span&gt;&lt;br /&gt;&lt;span&gt;$65 = $81.25&lt;/span&gt;&lt;br /&gt;&lt;span&gt;$70 = $87.50&lt;/span&gt;&lt;br /&gt;&lt;span&gt;$75 = $93.75&lt;/span&gt;&lt;br /&gt;&lt;span&gt;$80 = $100&lt;/span&gt;&lt;br /&gt;&lt;span&gt;$85 = $106.25&lt;/span&gt;&lt;br /&gt;&lt;span&gt;$90 = $112.5&lt;/span&gt;&lt;br /&gt;&lt;span&gt;$95 = $118.75&lt;/span&gt;&lt;br /&gt;&lt;span&gt;$100 = $125&lt;br /&gt;&lt;br /&gt;&lt;/span&gt;More on how to price your art,&amp;nbsp; please read this journal:&amp;nbsp;&lt;a href=&quot;https://www.deviantart.com/dansyron/journal/YOUR-ART-HAS-VALUE-and-how-to-price-it-589455064&quot;&gt;YOUR ART HAS VALUE! (and how to price it)&lt;/a&gt;&lt;br /&gt;&lt;br /&gt;&lt;h2&gt;&lt;b&gt;Artist Comments&lt;/b&gt;&lt;/h2&gt;&lt;br /&gt;Part of the reason why I&#039;ve strayed away from doing point commissions on DA is because I&#039;m really not good at math. Figuring out the conversion rate between USD amount into DA points takes me about 2-5 minutes per calculation. (I have to usually triple check my math ) Which is why this calculator was born! My husband did the coding for it and I designed the interface and how it functions. There is one other Deviant art point converter &lt;a href=&quot;http://fav.me/d30haz0&quot;&gt;fav.me/d30haz0&lt;/a&gt; but I wasn&#039;t happy with the drop down feature as its function wasn&#039;t really necessary. Important things to note, we tested this calculator on many of the items in the DA store. All the calculations came out correctly with out the round up feature. &lt;br /&gt;&lt;br /&gt;When using this calculator you need to use the decimal to indicate cents. Using no decimal will indicate just the dollar amount. &lt;br /&gt;&lt;br /&gt;If you find any bugs or anything wonky please comment or send me a note. This flash file is intended to also help other artists! Sharing is caring, but please credit the original source. &lt;br /&gt;&lt;br /&gt;&lt;br /&gt;&lt;h2&gt;&lt;b&gt;What are points?&lt;/b&gt;&lt;/h2&gt;&lt;br /&gt;&amp;#9658; b0r3d13 did an excellent job breaking down the basics of points! so check it out! &lt;a href=&quot;http://fav.me/d4aq13e&quot;&gt;fav.me/d4aq13e&lt;/a&gt;&lt;br /&gt;&lt;br /&gt;&lt;h2&gt;&lt;b&gt;Regarding different country&#039;s currency&#039;s&lt;/b&gt;&lt;/h2&gt;&lt;br /&gt;&lt;img src=&quot;https://e.deviantart.net/emoticons/e/earth2.gif&quot; width=&quot;17&quot; height=&quot;17&quot; alt=&quot;:earth:&quot; data-embed-type=&quot;emoticon&quot; data-embed-id=&quot;158&quot; title=&quot;Earth&quot;/&gt; Its been suggested by multiple people that there should be different currency&#039;s represented by this calculator. We actually planed to do this but hit a pretty major road block. Since the currency exchange rate changes daily, we would have to pull the numbers daily as well for the equation to work. Right we&#039;re now not sure how to do this or even if it is possible. So for now I suggest using Oanda currency converter &lt;a class=&quot;external&quot; href=&quot;https://www.deviantart.com/users/outgoing?http://www.oanda.com/currency/converter/&quot;&gt;www.oanda.com/currency/convert&amp;hellip;&lt;/a&gt; after using this point conversion calculator. &lt;br /&gt;&lt;br /&gt;&lt;span class=&quot;shadow-holder&quot; data-embed-type=&quot;deviation&quot; data-embed-id=&quot;105504303&quot; data-embed-format=&quot;thumb&quot;&gt;&lt;span class=&quot;shadow mild&quot; &gt;&lt;a class=&quot;thumb&quot; href=&quot;https://www.deviantart.com/uniquenudes/art/DD-Honor-Stamp-105504303&quot; title=&quot;DD Honor Stamp by UniqueNudes, Dec 5, 2008 in DeviantArt Related &amp;gt; Deviant Stamps&quot;data-super-img=&quot;https://orig00.deviantart.net/bfcb/f/2008/340/6/5/dd_honor_stamp_by_uniquenudes.jpg&quot; data-super-width=&quot;99&quot; data-super-height=&quot;56&quot; data-super-transparent=&quot;false&quot; data-super-alt=&quot;DD Honor Stamp by UniqueNudes&quot; data-super-full-img=&quot;https://orig00.deviantart.net/bfcb/f/2008/340/6/5/dd_honor_stamp_by_uniquenudes.jpg&quot; data-super-full-width=&quot;99&quot; data-super-full-height=&quot;56&quot;        data-sigil=&quot;thumb&quot;&gt;
                &lt;i&gt;&lt;/i&gt;&lt;img   width=&quot;99&quot; height=&quot;56&quot; alt=&quot;DD Honor Stamp by UniqueNudes&quot; src=&quot;https://orig00.deviantart.net/bfcb/f/2008/340/6/5/dd_honor_stamp_by_uniquenudes.jpg&quot; data-src=&quot;https://orig00.deviantart.net/bfcb/f/2008/340/6/5/dd_honor_stamp_by_uniquenudes.jpg&quot; srcset=&quot;https://orig00.deviantart.net/bfcb/f/2008/340/6/5/dd_honor_stamp_by_uniquenudes.jpg 99w&quot; sizes=&quot;99px&quot;&gt;&lt;/a&gt;&lt;/span&gt;&lt;!-- ^TTT --&gt;&lt;!-- TTT$ --&gt;&lt;/span&gt;&lt;br /&gt;Thank you for the DD and all the wonderful comments! Honestly it was a surprise. I just wanted to make an easy to use converter which has a simple to use interface with no buttons, drop down menus or fuss. I hope this will serve the Deviant Community well!&lt;br /&gt;&lt;br /&gt;Alternatively, some people like to troll high profile areas. This is your only warning: All trolling comments will be hidden and all trolls will be placed on my block list. &lt;br /&gt;&lt;br /&gt;Also do not beg for points in the comments section. I will report them as spam.&amp;nbsp;&lt;br /&gt;&lt;br /&gt;&lt;b&gt;Credits and Special Thanks to:&lt;/b&gt;&lt;br /&gt;DeviantArt Logo = n0M3n &lt;a href=&quot;http://fav.me/dapiac&quot;&gt;fav.me/dapiac&lt;/a&gt;&lt;br /&gt;DeviantArt Point Logo = atti12 &lt;a href=&quot;http://fav.me/d2qvmkf&quot;&gt;fav.me/d2qvmkf&lt;/a&gt;&lt;br /&gt;Math Conversion Documentation = RenaKigakari &lt;a href=&quot;http://renakigakari.deviantart.com/&quot;&gt;renakigakari.deviantart.com/&lt;/a&gt;&lt;br /&gt;&lt;br /&gt;&lt;span class=&quot;shadow-holder&quot; data-embed-type=&quot;deviation&quot; data-embed-id=&quot;172668931&quot; data-embed-format=&quot;thumb&quot;&gt;&lt;span class=&quot;shadow mild&quot; &gt;&lt;a class=&quot;thumb&quot; href=&quot;https://www.deviantart.com/kawaiilizzie/art/PLEASE-DONATE-POINTS-stamp-172668931&quot; title=&quot;PLEASE DONATE POINTS stamp by KawaiiLizzie, Jul 25, 2010 in DeviantArt Related &amp;gt; Deviant Stamps&quot;data-super-img=&quot;https://orig00.deviantart.net/5f5e/f/2010/206/6/2/6219be8060bcc9dd3a5b6968eb5b9462.png&quot; data-super-width=&quot;99&quot; data-super-height=&quot;56&quot; data-super-transparent=&quot;true&quot; data-super-alt=&quot;PLEASE DONATE POINTS stamp by KawaiiLizzie&quot; data-super-full-img=&quot;https://orig00.deviantart.net/5f5e/f/2010/206/6/2/6219be8060bcc9dd3a5b6968eb5b9462.png&quot; data-super-full-width=&quot;99&quot; data-super-full-height=&quot;56&quot;        data-sigil=&quot;thumb&quot;&gt;
                &lt;i&gt;&lt;/i&gt;&lt;img   width=&quot;99&quot; height=&quot;56&quot; alt=&quot;PLEASE DONATE POINTS stamp by KawaiiLizzie&quot; src=&quot;https://orig00.deviantart.net/5f5e/f/2010/206/6/2/6219be8060bcc9dd3a5b6968eb5b9462.png&quot; data-src=&quot;https://orig00.deviantart.net/5f5e/f/2010/206/6/2/6219be8060bcc9dd3a5b6968eb5b9462.png&quot; srcset=&quot;https://orig00.deviantart.net/5f5e/f/2010/206/6/2/6219be8060bcc9dd3a5b6968eb5b9462.png 99w&quot; sizes=&quot;99px&quot;&gt;&lt;/a&gt;&lt;/span&gt;&lt;!-- ^TTT --&gt;&lt;!-- TTT$ --&gt;&lt;/span&gt;&lt;br /&gt;&lt;img src=&quot;https://e.deviantart.net/emoticons/p/points.gif&quot; width=&quot;20&quot; height=&quot;14&quot; alt=&quot;:points:&quot; data-embed-type=&quot;emoticon&quot; data-embed-id=&quot;589&quot; title=&quot;Points&quot;/&gt; Use this calculator often? Any donation is much appreciated for the long hours put into my free resources. See my DA homepage Thanks!&lt;br /&gt;&lt;br /&gt;&lt;img src=&quot;https://e.deviantart.net/emoticons/b/bug.gif&quot; width=&quot;15&quot; height=&quot;15&quot; alt=&quot;:bug:&quot; data-embed-type=&quot;emoticon&quot; data-embed-id=&quot;269&quot; title=&quot;Bug&quot;/&gt; &lt;img src=&quot;https://e.deviantart.net/emoticons/b/bug.gif&quot; width=&quot;15&quot; height=&quot;15&quot; alt=&quot;:bug:&quot; data-embed-type=&quot;emoticon&quot; data-embed-id=&quot;269&quot; title=&quot;Bug&quot;/&gt; &lt;h2&gt;&lt;b&gt;Version number and Bug Notes &lt;/b&gt;&lt;/h2&gt;&lt;img src=&quot;https://e.deviantart.net/emoticons/b/bug.gif&quot; width=&quot;15&quot; height=&quot;15&quot; alt=&quot;:bug:&quot; data-embed-type=&quot;emoticon&quot; data-embed-id=&quot;269&quot; title=&quot;Bug&quot;/&gt; &lt;img src=&quot;https://e.deviantart.net/emoticons/b/bug.gif&quot; width=&quot;15&quot; height=&quot;15&quot; alt=&quot;:bug:&quot; data-embed-type=&quot;emoticon&quot; data-embed-id=&quot;269&quot; title=&quot;Bug&quot;/&gt;&lt;br /&gt;&lt;br /&gt;&lt;b&gt;v1.6&lt;/b&gt; My previous versions had the entire thing working with numbers. When dealing with numbers, it makes adding a 0 behind a decimal somewhat difficult. I&amp;#8217;m sure there are a thousand easier ways to do it but this was seems to be working with flying colors. Now it works using strings instead of numerical values. I converted the string into a number and run the math. Meanwhile, I have all these checks on the string to make sure the number fields look exactly how its intended to be used. I also changed the way it hunts for zeroes and decimals which makes it much more efficient. &lt;br /&gt;&lt;br /&gt;In short re-wrote most of the engine for these fixes. Thanks to Tekarah, murisakii, oujinx, Dediggefedde, Elemental-Quest, and jujukittychick for the bug reports. If anything else seems wonky please let me know in the comments below. &lt;br /&gt;&lt;br /&gt;&lt;b&gt;v1.5&lt;/b&gt; - Thanks for the DD! and with more eyes means more bugs to debunk! &lt;br /&gt;&lt;br /&gt;Kodai-Az-Kite reported the over 9000 bug. To where if you typed in $112.52 it should = 9001 but instead gave you 9001.6. This was an easy fix, a rounding calculation was disabled in version 1.4 so we just re-enabled it. &lt;br /&gt;&lt;br /&gt;cybertim reported the endless zero bug to where 00100 = 5120, while 100 = 8000. This was a bit more complex to fix. Not to say anyone would really need to put 000 before the number but if you did it broke it. So the fix was to convert the number into a string and put it back in. Hopefully this fixes the issue while not breaking anything else. &lt;br /&gt;&lt;br /&gt;&lt;b&gt;v1.4&lt;/b&gt; - Allows for you to copy and paste the content. Didn&#039;t allow you too in older versions. &lt;br /&gt;&lt;br /&gt;&lt;b&gt;v1.3&lt;/b&gt; - Fixed the crappy backspace to 0 issue. Now you can type in the field boxes without getting the hang up.&lt;br /&gt;&lt;br /&gt;&lt;b&gt;v1.2&lt;/b&gt; - Made a edit if you want to know how much DA Points are worth in dollar amount you can type in the DA Point text field. Auto highlight in text field is now active. However this change is a little weird in that if you backspace the 0 the file can hang up a tad. If this happens click in the field to reactive it or ctrl+a to auto select. &lt;br /&gt;&lt;br /&gt;&lt;b&gt;v1.1&lt;/b&gt; - Small bug, if you typed in a dollar amount with characters exceeding 13 spaces, DA point value showed decimal places. Quick fix this version limited how many characters you type in the USD field box. Bug reported by 10Sly10 &lt;br /&gt;&lt;br /&gt;&lt;b&gt;V1.0&lt;/b&gt; - DA Alpha launch original version&lt;br /&gt;&lt;div&gt;&lt;img src=&quot;https://img00.deviantart.net/6613/i/2012/189/f/f/deviantart_point_calculator_by_charfade-d46ifd5.png&quot; alt=&quot;thumbnail&quot; /&gt;&lt;/div&gt;</description>            </item>
        <item>
            <title>The Midnight Game. II</title>
            <link>https://zemotion.deviantart.com/art/The-Midnight-Game-II-71797088</link>
            <guid isPermaLink="true">https://zemotion.deviantart.com/art/The-Midnight-Game-II-71797088</guid>
            <pubDate>Mon, 10 Dec 2007 04:48:16 PST</pubDate>
            <media:title type="plain">The Midnight Game. II</media:title>
            <media:keywords></media:keywords>
            <media:rating>nonadult</media:rating>
            <media:category label="Other">photography/misc</media:category>
            <media:credit role="author" scheme="urn:ebu">zemotion</media:credit>
            <media:credit role="author" scheme="urn:ebu">https://a.deviantart.net/avatars/z/e/zemotion.jpg</media:credit>
            <media:copyright url="https://zemotion.deviantart.com">Copyright 2007-2019 zemotion</media:copyright>
            <media:community>
                <media:tags>@zemotion</media:tags>
            </media:community>            <media:description type="html">&lt;i&gt;&lt;b&gt;The Twins&lt;/b&gt;&lt;/i&gt;&lt;br /&gt;---&lt;br /&gt;Models: Shaoyang (left), &lt;span class=&quot;username-with-symbol u&quot;&gt;&lt;a class=&quot;u regular username&quot; href=&quot;http://kagetsuki.deviantart.com&quot;&gt;Kagetsuki&lt;/a&gt;&lt;span class=&quot;user-symbol regular&quot; data-quicktip-text=&quot;&quot; data-show-tooltip=&quot;&quot; data-gruser-type=&quot;regular&quot;&gt;&lt;/span&gt;&lt;/span&gt; (right)&lt;br /&gt;Photo/direction: me&lt;br /&gt;Makeup/hair/styling by models&lt;br /&gt;Dresses from Mary Magdalene, shoes on Kagetsuki from Moi-m&amp;#234;me-Moiti&amp;#233;. &lt;br /&gt;&lt;br /&gt;This is not cosplay. ^^&lt;br /&gt;&lt;br /&gt;&lt;b&gt;The Midnight Game Series&lt;/b&gt;&lt;br /&gt;&lt;span class=&quot;shadow-holder&quot; data-embed-type=&quot;deviation&quot; data-embed-id=&quot;70171379&quot; data-embed-format=&quot;thumb&quot;&gt;&lt;span class=&quot;shadow mild&quot; &gt;&lt;a class=&quot;thumb&quot; href=&quot;http://zemotion.deviantart.com/art/The-Midnight-Game-70171379&quot; title=&quot;The Midnight Game. by zemotion, Nov 19, 2007 in Photography &amp;gt; Other&quot; data-super-img=&quot;http://orig01.deviantart.net/7fb3/f/2007/323/2/f/2fbe56bdfdd84488.jpg&quot; data-super-width=&quot;602&quot; data-super-height=&quot;432&quot; data-super-transparent=&quot;false&quot;&gt;&lt;i&gt;&lt;/i&gt;&lt;img   width=&quot;150&quot; height=&quot;108&quot; alt=&quot;The Midnight Game. by zemotion&quot; src=&quot;http://t10.deviantart.net/C8XyO5x8Ns6sZxqD3sKAxx3prMs=/fit-in/150x150/filters:no_upscale():origin()/pre15/6ed6/th/pre/f/2007/323/2/f/2fbe56bdfdd84488.jpg&quot; data-src=&quot;http://t10.deviantart.net/C8XyO5x8Ns6sZxqD3sKAxx3prMs=/fit-in/150x150/filters:no_upscale():origin()/pre15/6ed6/th/pre/f/2007/323/2/f/2fbe56bdfdd84488.jpg&quot;&gt;&lt;/a&gt;&lt;/span&gt;&lt;!-- ^TTT --&gt;&lt;!-- TTT$ --&gt;&lt;/span&gt;&lt;span class=&quot;shadow-holder&quot; data-embed-type=&quot;deviation&quot; data-embed-id=&quot;71797088&quot; data-embed-format=&quot;thumb&quot;&gt;&lt;span class=&quot;shadow mild&quot; style=&quot;display:block&quot; &gt;&lt;a class=&quot;thumb&quot; href=&quot;http://zemotion.deviantart.com/art/The-Midnight-Game-II-71797088&quot; title=&quot;The Midnight Game. II by zemotion, Dec 10, 2007 in Photography &amp;gt; Other&quot; data-super-img=&quot;http://orig03.deviantart.net/93da/f/2007/344/8/e/8e1c1acb097c07bb.jpg&quot; data-super-width=&quot;402&quot; data-super-height=&quot;602&quot; data-super-transparent=&quot;false&quot;&gt;&lt;i&gt;&lt;/i&gt;&lt;img   width=&quot;100&quot; height=&quot;150&quot; alt=&quot;The Midnight Game. II by zemotion&quot; src=&quot;http://t14.deviantart.net/A54GcTxa72ZM_ksFAY0gokf9hr8=/fit-in/150x150/filters:no_upscale():origin()/pre06/a89b/th/pre/f/2007/344/8/e/8e1c1acb097c07bb.jpg&quot; data-src=&quot;http://t14.deviantart.net/A54GcTxa72ZM_ksFAY0gokf9hr8=/fit-in/150x150/filters:no_upscale():origin()/pre06/a89b/th/pre/f/2007/344/8/e/8e1c1acb097c07bb.jpg&quot;&gt;&lt;/a&gt;&lt;/span&gt;&lt;!-- ^TTT --&gt;&lt;!-- TTT$ --&gt;&lt;/span&gt;&lt;span class=&quot;shadow-holder&quot; data-embed-type=&quot;deviation&quot; data-embed-id=&quot;74636070&quot; data-embed-format=&quot;thumb&quot;&gt;&lt;span class=&quot;shadow mild&quot; style=&quot;display:block&quot; &gt;&lt;a class=&quot;thumb&quot; href=&quot;http://zemotion.deviantart.com/art/The-Midnight-Game-III-74636070&quot; title=&quot;The Midnight Game. III by zemotion, Jan 14, 2008 in Photography &amp;gt; People &amp;amp; Portraits &amp;gt; Fashion Portraits&quot; data-super-img=&quot;http://orig02.deviantart.net/705d/f/2008/014/3/c/3c3e0f0ca6598228.jpg&quot; data-super-width=&quot;504&quot; data-super-height=&quot;602&quot; data-super-transparent=&quot;false&quot;&gt;&lt;i&gt;&lt;/i&gt;&lt;img   width=&quot;126&quot; height=&quot;150&quot; alt=&quot;The Midnight Game. III by zemotion&quot; src=&quot;http://t00.deviantart.net/yyVZERkrbaRzYBwWHV0eGNd3-mU=/fit-in/150x150/filters:no_upscale():origin()/pre08/76ee/th/pre/f/2008/014/3/c/3c3e0f0ca6598228.jpg&quot; data-src=&quot;http://t00.deviantart.net/yyVZERkrbaRzYBwWHV0eGNd3-mU=/fit-in/150x150/filters:no_upscale():origin()/pre08/76ee/th/pre/f/2008/014/3/c/3c3e0f0ca6598228.jpg&quot;&gt;&lt;/a&gt;&lt;/span&gt;&lt;!-- ^TTT --&gt;&lt;!-- TTT$ --&gt;&lt;/span&gt;&lt;br /&gt;&lt;br /&gt;&amp;#169; &lt;a class=&quot;external&quot; href=&quot;http://www.deviantart.com/users/outgoing?http://zhangjingna.com&quot;&gt;Zhang Jingna&lt;/a&gt;&lt;br /&gt;&lt;a href=&quot;http://zemotion.deviantart.com/journal/11874041/&quot;&gt;&lt;b&gt;Copyright Notice&lt;/b&gt;&lt;/a&gt;&lt;br /&gt;&lt;span&gt;&lt;span&gt;&lt;span&gt;&lt;span&gt;&lt;span&gt;&lt;span&gt;&lt;br /&gt;&amp;#10024; My photography course, Artistic Portrait Photography:&amp;nbsp; &lt;b&gt;&lt;a class=&quot;external&quot; href=&quot;http://www.deviantart.com/users/outgoing?http://zemt.io/n-learn&quot;&gt;&lt;span&gt;http://&lt;/span&gt;zemt.io/n-learn&lt;/a&gt;&lt;/b&gt; &amp;#128513; &lt;br /&gt;&lt;br /&gt;Follow me~! &lt;br /&gt;- &lt;a href=&quot;http://www.deviantart.com/users/outgoing?http://facebook.com/zemotion&quot;&gt;&lt;a class=&quot;external&quot; href=&quot;http://www.deviantart.com/users/outgoing?http://facebook.com/zemotion&quot;&gt;facebook.com/zemotion&lt;/a&gt;&lt;/a&gt;&lt;br /&gt; - &lt;/span&gt;&lt;/span&gt;&lt;/span&gt;&lt;span&gt;&lt;span&gt;&lt;span&gt;&lt;a class=&quot;external&quot; href=&quot;http://www.deviantart.com/users/outgoing?http://instagram.com/zemotion&quot;&gt;Instagram&lt;/a&gt; &lt;br /&gt;- &lt;a class=&quot;external&quot; href=&quot;http://www.deviantart.com/users/outgoing?http://zemotion.tumblr.com/&quot;&gt;&lt;span&gt;http://&lt;/span&gt;&lt;span&gt;&lt;/span&gt;zemotion.tumblr.com&lt;/a&gt;&lt;/span&gt;&lt;/span&gt;&lt;/span&gt;&lt;/span&gt;&lt;/span&gt;&lt;/span&gt;&lt;br /&gt;&lt;a href=&quot;http://www.deviantart.com/users/outgoing?http://instagram.com/zemotion&quot;&gt;&lt;/a&gt;</media:description>            <media:thumbnail url="https://t00.deviantart.net/NfLQnY5IPot42CnFrq6roOqbtDc=/fit-in/150x150/filters:no_upscale():origin()/pre00/a89b/th/pre/f/2007/344/8/e/8e1c1acb097c07bb.jpg" height="150" width="100"/>            <media:thumbnail url="https://t00.deviantart.net/c9kEUdNl3YUvO9mYparErGxgD-8=/fit-in/300x900/filters:no_upscale():origin()/pre00/a89b/th/pre/f/2007/344/8/e/8e1c1acb097c07bb.jpg" height="449" width="300"/>            <media:thumbnail url="https://t00.deviantart.net/c1PfAEw-uLP2VfRA17PamVdMduc=/300x200/filters:fixed_height(100,100):origin()/pre00/a89b/th/pre/f/2007/344/8/e/8e1c1acb097c07bb.jpg" height="200" width="134"/>            <media:content url="https://orig00.deviantart.net/93da/f/2007/344/8/e/8e1c1acb097c07bb.jpg" height="602" width="402" medium="image"/>
            <description>&lt;i&gt;&lt;b&gt;The Twins&lt;/b&gt;&lt;/i&gt;&lt;br /&gt;---&lt;br /&gt;Models: Shaoyang (left), &lt;span class=&quot;username-with-symbol u&quot;&gt;&lt;a class=&quot;u regular username&quot; href=&quot;http://kagetsuki.deviantart.com&quot;&gt;Kagetsuki&lt;/a&gt;&lt;span class=&quot;user-symbol regular&quot; data-quicktip-text=&quot;&quot; data-show-tooltip=&quot;&quot; data-gruser-type=&quot;regular&quot;&gt;&lt;/span&gt;&lt;/span&gt; (right)&lt;br /&gt;Photo/direction: me&lt;br /&gt;Makeup/hair/styling by models&lt;br /&gt;Dresses from Mary Magdalene, shoes on Kagetsuki from Moi-m&amp;#234;me-Moiti&amp;#233;. &lt;br /&gt;&lt;br /&gt;This is not cosplay. ^^&lt;br /&gt;&lt;br /&gt;&lt;b&gt;The Midnight Game Series&lt;/b&gt;&lt;br /&gt;&lt;span class=&quot;shadow-holder&quot; data-embed-type=&quot;deviation&quot; data-embed-id=&quot;70171379&quot; data-embed-format=&quot;thumb&quot;&gt;&lt;span class=&quot;shadow mild&quot; &gt;&lt;a class=&quot;thumb&quot; href=&quot;http://zemotion.deviantart.com/art/The-Midnight-Game-70171379&quot; title=&quot;The Midnight Game. by zemotion, Nov 19, 2007 in Photography &amp;gt; Other&quot; data-super-img=&quot;http://orig01.deviantart.net/7fb3/f/2007/323/2/f/2fbe56bdfdd84488.jpg&quot; data-super-width=&quot;602&quot; data-super-height=&quot;432&quot; data-super-transparent=&quot;false&quot;&gt;&lt;i&gt;&lt;/i&gt;&lt;img   width=&quot;150&quot; height=&quot;108&quot; alt=&quot;The Midnight Game. by zemotion&quot; src=&quot;http://t10.deviantart.net/C8XyO5x8Ns6sZxqD3sKAxx3prMs=/fit-in/150x150/filters:no_upscale():origin()/pre15/6ed6/th/pre/f/2007/323/2/f/2fbe56bdfdd84488.jpg&quot; data-src=&quot;http://t10.deviantart.net/C8XyO5x8Ns6sZxqD3sKAxx3prMs=/fit-in/150x150/filters:no_upscale():origin()/pre15/6ed6/th/pre/f/2007/323/2/f/2fbe56bdfdd84488.jpg&quot;&gt;&lt;/a&gt;&lt;/span&gt;&lt;!-- ^TTT --&gt;&lt;!-- TTT$ --&gt;&lt;/span&gt;&lt;span class=&quot;shadow-holder&quot; data-embed-type=&quot;deviation&quot; data-embed-id=&quot;71797088&quot; data-embed-format=&quot;thumb&quot;&gt;&lt;span class=&quot;shadow mild&quot; style=&quot;display:block&quot; &gt;&lt;a class=&quot;thumb&quot; href=&quot;http://zemotion.deviantart.com/art/The-Midnight-Game-II-71797088&quot; title=&quot;The Midnight Game. II by zemotion, Dec 10, 2007 in Photography &amp;gt; Other&quot; data-super-img=&quot;http://orig03.deviantart.net/93da/f/2007/344/8/e/8e1c1acb097c07bb.jpg&quot; data-super-width=&quot;402&quot; data-super-height=&quot;602&quot; data-super-transparent=&quot;false&quot;&gt;&lt;i&gt;&lt;/i&gt;&lt;img   width=&quot;100&quot; height=&quot;150&quot; alt=&quot;The Midnight Game. II by zemotion&quot; src=&quot;http://t14.deviantart.net/A54GcTxa72ZM_ksFAY0gokf9hr8=/fit-in/150x150/filters:no_upscale():origin()/pre06/a89b/th/pre/f/2007/344/8/e/8e1c1acb097c07bb.jpg&quot; data-src=&quot;http://t14.deviantart.net/A54GcTxa72ZM_ksFAY0gokf9hr8=/fit-in/150x150/filters:no_upscale():origin()/pre06/a89b/th/pre/f/2007/344/8/e/8e1c1acb097c07bb.jpg&quot;&gt;&lt;/a&gt;&lt;/span&gt;&lt;!-- ^TTT --&gt;&lt;!-- TTT$ --&gt;&lt;/span&gt;&lt;span class=&quot;shadow-holder&quot; data-embed-type=&quot;deviation&quot; data-embed-id=&quot;74636070&quot; data-embed-format=&quot;thumb&quot;&gt;&lt;span class=&quot;shadow mild&quot; style=&quot;display:block&quot; &gt;&lt;a class=&quot;thumb&quot; href=&quot;http://zemotion.deviantart.com/art/The-Midnight-Game-III-74636070&quot; title=&quot;The Midnight Game. III by zemotion, Jan 14, 2008 in Photography &amp;gt; People &amp;amp; Portraits &amp;gt; Fashion Portraits&quot; data-super-img=&quot;http://orig02.deviantart.net/705d/f/2008/014/3/c/3c3e0f0ca6598228.jpg&quot; data-super-width=&quot;504&quot; data-super-height=&quot;602&quot; data-super-transparent=&quot;false&quot;&gt;&lt;i&gt;&lt;/i&gt;&lt;img   width=&quot;126&quot; height=&quot;150&quot; alt=&quot;The Midnight Game. III by zemotion&quot; src=&quot;http://t00.deviantart.net/yyVZERkrbaRzYBwWHV0eGNd3-mU=/fit-in/150x150/filters:no_upscale():origin()/pre08/76ee/th/pre/f/2008/014/3/c/3c3e0f0ca6598228.jpg&quot; data-src=&quot;http://t00.deviantart.net/yyVZERkrbaRzYBwWHV0eGNd3-mU=/fit-in/150x150/filters:no_upscale():origin()/pre08/76ee/th/pre/f/2008/014/3/c/3c3e0f0ca6598228.jpg&quot;&gt;&lt;/a&gt;&lt;/span&gt;&lt;!-- ^TTT --&gt;&lt;!-- TTT$ --&gt;&lt;/span&gt;&lt;br /&gt;&lt;br /&gt;&amp;#169; &lt;a class=&quot;external&quot; href=&quot;http://www.deviantart.com/users/outgoing?http://zhangjingna.com&quot;&gt;Zhang Jingna&lt;/a&gt;&lt;br /&gt;&lt;a href=&quot;http://zemotion.deviantart.com/journal/11874041/&quot;&gt;&lt;b&gt;Copyright Notice&lt;/b&gt;&lt;/a&gt;&lt;br /&gt;&lt;span&gt;&lt;span&gt;&lt;span&gt;&lt;span&gt;&lt;span&gt;&lt;span&gt;&lt;br /&gt;&amp;#10024; My photography course, Artistic Portrait Photography:&amp;nbsp; &lt;b&gt;&lt;a class=&quot;external&quot; href=&quot;http://www.deviantart.com/users/outgoing?http://zemt.io/n-learn&quot;&gt;&lt;span&gt;http://&lt;/span&gt;zemt.io/n-learn&lt;/a&gt;&lt;/b&gt; &amp;#128513; &lt;br /&gt;&lt;br /&gt;Follow me~! &lt;br /&gt;- &lt;a href=&quot;http://www.deviantart.com/users/outgoing?http://facebook.com/zemotion&quot;&gt;&lt;a class=&quot;external&quot; href=&quot;http://www.deviantart.com/users/outgoing?http://facebook.com/zemotion&quot;&gt;facebook.com/zemotion&lt;/a&gt;&lt;/a&gt;&lt;br /&gt; - &lt;/span&gt;&lt;/span&gt;&lt;/span&gt;&lt;span&gt;&lt;span&gt;&lt;span&gt;&lt;a class=&quot;external&quot; href=&quot;http://www.deviantart.com/users/outgoing?http://instagram.com/zemotion&quot;&gt;Instagram&lt;/a&gt; &lt;br /&gt;- &lt;a class=&quot;external&quot; href=&quot;http://www.deviantart.com/users/outgoing?http://zemotion.tumblr.com/&quot;&gt;&lt;span&gt;http://&lt;/span&gt;&lt;span&gt;&lt;/span&gt;zemotion.tumblr.com&lt;/a&gt;&lt;/span&gt;&lt;/span&gt;&lt;/span&gt;&lt;/span&gt;&lt;/span&gt;&lt;/span&gt;&lt;br /&gt;&lt;a href=&quot;http://www.deviantart.com/users/outgoing?http://instagram.com/zemotion&quot;&gt;&lt;/a&gt;&lt;br /&gt;&lt;div&gt;&lt;img src=&quot;https://t00.deviantart.net/c1PfAEw-uLP2VfRA17PamVdMduc=/300x200/filters:fixed_height(100,100):origin()/pre00/a89b/th/pre/f/2007/344/8/e/8e1c1acb097c07bb.jpg&quot; alt=&quot;thumbnail&quot; /&gt;&lt;/div&gt;</description>            </item>
        <item>
            <title>Painting a green world</title>
            <link>https://hellobaby.deviantart.com/art/Painting-a-green-world-143138165</link>
            <guid isPermaLink="true">https://hellobaby.deviantart.com/art/Painting-a-green-world-143138165</guid>
            <pubDate>Tue, 10 Nov 2009 04:58:15 PST</pubDate>
            <media:title type="plain">Painting a green world</media:title>
            <media:keywords></media:keywords>
            <media:rating>nonadult</media:rating>
            <media:category label="Surreal">traditional/drawings/surreal</media:category>
            <media:credit role="author" scheme="urn:ebu">Hellobaby</media:credit>
            <media:credit role="author" scheme="urn:ebu">https://a.deviantart.net/avatars/h/e/hellobaby.gif?8</media:credit>
            <media:copyright url="https://hellobaby.deviantart.com">Copyright 2009-2019 Hellobaby</media:copyright>            <media:description type="html">&lt;i&gt;Making a better world. &lt;br /&gt;Painting darken day becomes brighter.&lt;br /&gt;Painting another green world...&lt;br /&gt;An artist can do that, I believe&lt;img src=&quot;http://e.deviantart.net/emoticons/l/love2.gif&quot; width=&quot;26&quot; height=&quot;17&quot; alt=&quot;:love:&quot; data-embed-type=&quot;emoticon&quot; data-embed-id=&quot;276&quot; title=&quot;Love&quot;/&gt;&lt;br /&gt;&lt;sub&gt;Make art not war&lt;img src=&quot;http://e.deviantart.net/emoticons/h/heart.gif&quot; width=&quot;15&quot; height=&quot;13&quot; alt=&quot;:heart:&quot; data-embed-type=&quot;emoticon&quot; data-embed-id=&quot;357&quot; title=&quot;Heart&quot;/&gt;.&lt;/sub&gt;&lt;/i&gt;&lt;br /&gt;----------------------------------------------------------&lt;br /&gt;&lt;br /&gt;&lt;img src=&quot;http://e.deviantart.net/emoticons/b/bulletgreen.gif&quot; width=&quot;10&quot; height=&quot;10&quot; alt=&quot;:bulletgreen:&quot; data-embed-type=&quot;emoticon&quot; data-embed-id=&quot;209&quot; title=&quot;Bullet; Green&quot;/&gt;&lt;b&gt;&lt;a class=&quot;external&quot; href=&quot;http://www.deviantart.com/users/outgoing?http://seha.alriyadh.gov.sa/ph/contents.aspx?aid=3679&quot;&gt;100 ways to save the environment&lt;/a&gt;&lt;/b&gt;&lt;br /&gt;&lt;br /&gt;&lt;br /&gt;Tools: Mechanical pencil + Faber Castel classic colors pencil + credit: cloud of &lt;span class=&quot;username-with-symbol u&quot;&gt;&lt;span class=&quot;simple-symbol&quot;&gt;~&lt;/span&gt;&lt;a class=&quot;u regular username&quot; href=&quot;http://javierzhx.deviantart.com&quot; &gt;JavierZhX&lt;/a&gt;&lt;span class=&quot;user-symbol regular &quot; data-quicktip-text=&quot;&quot; data-show-tooltip=&quot;&quot;&gt;&lt;/span&gt;&lt;/span&gt;. Please read my &lt;a href=&quot;http://hellobaby.deviantart.com/journal/26988325/#comments&quot;&gt;FAQ&lt;/a&gt; before asking cause you may get your questions in it. That will save your time and mine. Thanks&lt;img src=&quot;http://e.deviantart.net/emoticons/t/tighthug.gif&quot; width=&quot;40&quot; height=&quot;18&quot; alt=&quot;:tighthug:&quot; data-embed-type=&quot;emoticon&quot; data-embed-id=&quot;582&quot; title=&quot;Tight Hug&quot;/&gt;&lt;br /&gt;&lt;br /&gt;This is my personal fav work so I hope you like it too, &lt;img src=&quot;http://e.deviantart.net/emoticons/s/smooch.gif&quot; width=&quot;35&quot; height=&quot;16&quot; alt=&quot;:smooch:&quot; data-embed-type=&quot;emoticon&quot; data-embed-id=&quot;462&quot; title=&quot;Smooooch!&quot;/&gt;&lt;br /&gt;Have a nice day &amp;amp; thanks for awesome supporting &lt;img src=&quot;http://e.deviantart.net/emoticons/k/kiss2.gif&quot; width=&quot;17&quot; height=&quot;12&quot; alt=&quot;:kiss:&quot; data-embed-type=&quot;emoticon&quot; data-embed-id=&quot;287&quot; title=&quot;Kiss&quot;/&gt;&lt;br /&gt;&lt;br /&gt;-Another works from Colors series:&lt;br /&gt;Green&lt;span class=&quot;shadow-holder&quot; deviationid=&quot;143138165&quot; data-embed-type=&quot;deviation&quot; data-embed-id=&quot;143138165&quot; data-embed-format=&quot;thumb&quot;&gt;&lt;span class=&quot;shadow mild&quot; &gt;&lt;a class=&quot;thumb hasprint&quot; href=&quot;http://hellobaby.deviantart.com/art/Painting-a-green-world-143138165&quot; title=&quot;Painting a green world by Hellobaby, Nov 10, 2009 in Traditional Art &amp;gt; Drawings &amp;gt; Surreal&quot; data-super-img=&quot;http://fc01.deviantart.net/fs71/f/2009/341/a/2/Painting_a_green_world_by_hellobaby.jpg&quot; data-super-width=&quot;600&quot; data-super-height=&quot;855&quot; data-super-transparent=&quot;false&quot;&gt;&lt;i&gt;&lt;/i&gt;&lt;img   width=&quot;105&quot; height=&quot;150&quot; src=&quot;http://th03.deviantart.net/fs71/150/f/2009/341/a/2/Painting_a_green_world_by_hellobaby.jpg&quot; data-src=&quot;http://th03.deviantart.net/fs71/150/f/2009/341/a/2/Painting_a_green_world_by_hellobaby.jpg&quot;&gt;&lt;/a&gt;&lt;/span&gt;&lt;!-- ^TTT --&gt;&lt;!-- TTT$ --&gt;&lt;/span&gt; - Blue:&lt;span class=&quot;shadow-holder&quot; deviationid=&quot;171028854&quot; data-embed-type=&quot;deviation&quot; data-embed-id=&quot;171028854&quot; data-embed-format=&quot;thumb&quot;&gt;&lt;span class=&quot;shadow mild&quot; &gt;&lt;a class=&quot;thumb hasprint&quot; href=&quot;http://hellobaby.deviantart.com/art/Running-away-from-blue-171028854&quot; title=&quot;Running away from blue by Hellobaby, Jul 12, 2010 in Traditional Art &amp;gt; Drawings &amp;gt; Abstract&quot; data-super-img=&quot;http://fc01.deviantart.net/fs70/f/2010/201/2/8/Running_away_from_blue_by_hellobaby.jpg&quot; data-super-width=&quot;909&quot; data-super-height=&quot;650&quot; data-super-transparent=&quot;false&quot;&gt;&lt;i&gt;&lt;/i&gt;&lt;img   width=&quot;150&quot; height=&quot;107&quot; src=&quot;http://th04.deviantart.net/fs70/150/f/2010/201/2/8/Running_away_from_blue_by_hellobaby.jpg&quot; data-src=&quot;http://th04.deviantart.net/fs70/150/f/2010/201/2/8/Running_away_from_blue_by_hellobaby.jpg&quot;&gt;&lt;/a&gt;&lt;/span&gt;&lt;!-- ^TTT --&gt;&lt;!-- TTT$ --&gt;&lt;/span&gt; - Yellow:&lt;span class=&quot;shadow-holder&quot; deviationid=&quot;183025004&quot; data-embed-type=&quot;deviation&quot; data-embed-id=&quot;183025004&quot; data-embed-format=&quot;thumb&quot;&gt;&lt;span class=&quot;shadow mild&quot; &gt;&lt;a class=&quot;thumb&quot; href=&quot;http://hellobaby.deviantart.com/art/Sound-of-life-183025004&quot; title=&quot;Sound of life by Hellobaby, Oct 17, 2010 in Traditional Art &amp;gt; Paintings &amp;gt; Fantasy&quot; data-super-img=&quot;http://fc04.deviantart.net/fs71/f/2010/295/5/0/sound_of_life_by_hellobaby-d30yuzw.jpg&quot; data-super-width=&quot;814&quot; data-super-height=&quot;700&quot; data-super-transparent=&quot;false&quot;&gt;&lt;i&gt;&lt;/i&gt;&lt;img   width=&quot;150&quot; height=&quot;129&quot; src=&quot;http://th03.deviantart.net/fs71/150/f/2010/295/5/0/sound_of_life_by_hellobaby-d30yuzw.jpg&quot; data-src=&quot;http://th03.deviantart.net/fs71/150/f/2010/295/5/0/sound_of_life_by_hellobaby-d30yuzw.jpg&quot;&gt;&lt;/a&gt;&lt;/span&gt;&lt;!-- ^TTT --&gt;&lt;!-- TTT$ --&gt;&lt;/span&gt; - Brown:&lt;span class=&quot;shadow-holder&quot; deviationid=&quot;189888953&quot; data-embed-type=&quot;deviation&quot; data-embed-id=&quot;189888953&quot; data-embed-format=&quot;thumb&quot;&gt;&lt;span class=&quot;shadow mild&quot; &gt;&lt;a class=&quot;thumb hasprint&quot; href=&quot;http://hellobaby.deviantart.com/art/Whisper-of-Earth-189888953&quot; title=&quot;Whisper of Earth by Hellobaby, Dec 17, 2010 in Traditional Art &amp;gt; Drawings &amp;gt; Illustration &amp;gt; Conceptual&quot; data-super-img=&quot;http://fc02.deviantart.net/fs71/f/2010/351/9/c/whisper_of_earth_by_hellobaby-d351z95.jpg&quot; data-super-width=&quot;580&quot; data-super-height=&quot;848&quot; data-super-transparent=&quot;false&quot;&gt;&lt;i&gt;&lt;/i&gt;&lt;img   width=&quot;103&quot; height=&quot;150&quot; src=&quot;http://th05.deviantart.net/fs71/150/f/2010/351/9/c/whisper_of_earth_by_hellobaby-d351z95.jpg&quot; data-src=&quot;http://th05.deviantart.net/fs71/150/f/2010/351/9/c/whisper_of_earth_by_hellobaby-d351z95.jpg&quot;&gt;&lt;/a&gt;&lt;/span&gt;&lt;!-- ^TTT --&gt;&lt;!-- TTT$ --&gt;&lt;/span&gt; - Red:&lt;span class=&quot;shadow-holder&quot; deviationid=&quot;150137711&quot; data-embed-type=&quot;deviation&quot; data-embed-id=&quot;150137711&quot; data-embed-format=&quot;thumb&quot;&gt;&lt;span class=&quot;shadow mild&quot; &gt;&lt;a class=&quot;thumb hasprint&quot; href=&quot;http://hellobaby.deviantart.com/art/Feeling-My-Red-Heart-150137711&quot; title=&quot;Feeling My Red Heart by Hellobaby, Jan 12, 2010 in Traditional Art &amp;gt; Drawings &amp;gt; Other&quot; data-super-img=&quot;http://fc01.deviantart.net/fs70/f/2010/012/4/d/Feeling_My_Red_Heart_by_hellobaby.jpg&quot; data-super-width=&quot;800&quot; data-super-height=&quot;564&quot; data-super-transparent=&quot;false&quot;&gt;&lt;i&gt;&lt;/i&gt;&lt;img   width=&quot;150&quot; height=&quot;106&quot; src=&quot;http://th03.deviantart.net/fs70/150/f/2010/012/4/d/Feeling_My_Red_Heart_by_hellobaby.jpg&quot; data-src=&quot;http://th03.deviantart.net/fs70/150/f/2010/012/4/d/Feeling_My_Red_Heart_by_hellobaby.jpg&quot;&gt;&lt;/a&gt;&lt;/span&gt;&lt;!-- ^TTT --&gt;&lt;!-- TTT$ --&gt;&lt;/span&gt; - Orange:&lt;span class=&quot;shadow-holder&quot; deviationid=&quot;255682446&quot; data-embed-type=&quot;deviation&quot; data-embed-id=&quot;255682446&quot; data-embed-format=&quot;thumb&quot;&gt;&lt;span class=&quot;shadow mild&quot; &gt;&lt;a class=&quot;thumb&quot; href=&quot;http://hellobaby.deviantart.com/art/Reborn-in-a-new-personality-255682446&quot; title=&quot;Reborn in a new personality by Hellobaby, Aug 29, 2011 in Traditional Art &amp;gt; Drawings &amp;gt; Illustration &amp;gt; Conceptual&quot; data-super-img=&quot;http://fc01.deviantart.net/fs70/f/2011/241/3/c/reborn_in_a_new_personality_by_hellobaby-d4885u6.jpg&quot; data-super-width=&quot;529&quot; data-super-height=&quot;750&quot; data-super-transparent=&quot;false&quot;&gt;&lt;i&gt;&lt;/i&gt;&lt;img   width=&quot;106&quot; height=&quot;150&quot; src=&quot;http://th03.deviantart.net/fs70/150/f/2011/241/3/c/reborn_in_a_new_personality_by_hellobaby-d4885u6.jpg&quot; data-src=&quot;http://th03.deviantart.net/fs70/150/f/2011/241/3/c/reborn_in_a_new_personality_by_hellobaby-d4885u6.jpg&quot;&gt;&lt;/a&gt;&lt;/span&gt;&lt;!-- ^TTT --&gt;&lt;!-- TTT$ --&gt;&lt;/span&gt; - Rainbow:&lt;span class=&quot;shadow-holder&quot; deviationid=&quot;247535432&quot; data-embed-type=&quot;deviation&quot; data-embed-id=&quot;247535432&quot; data-embed-format=&quot;thumb&quot;&gt;&lt;span class=&quot;shadow mild&quot; &gt;&lt;a class=&quot;thumb&quot; href=&quot;http://hellobaby.deviantart.com/art/Please-dont-take-my-dream-away-247535432&quot; title=&quot;Please dont take my dream away by Hellobaby, Aug 3, 2011 in Traditional Art &amp;gt; Paintings &amp;gt; Other&quot; data-super-img=&quot;http://fc01.deviantart.net/fs71/f/2011/215/1/d/please_dont_take_my_dream_away_by_hellobaby-d43djk8.jpg&quot; data-super-width=&quot;500&quot; data-super-height=&quot;710&quot; data-super-transparent=&quot;false&quot;&gt;&lt;i&gt;&lt;/i&gt;&lt;img   width=&quot;106&quot; height=&quot;150&quot; src=&quot;http://th00.deviantart.net/fs71/150/f/2011/215/1/d/please_dont_take_my_dream_away_by_hellobaby-d43djk8.jpg&quot; data-src=&quot;http://th00.deviantart.net/fs71/150/f/2011/215/1/d/please_dont_take_my_dream_away_by_hellobaby-d43djk8.jpg&quot;&gt;&lt;/a&gt;&lt;/span&gt;&lt;!-- ^TTT --&gt;&lt;!-- TTT$ --&gt;&lt;/span&gt; - Purple:&lt;span class=&quot;shadow-holder&quot; deviationid=&quot;208683123&quot; data-embed-type=&quot;deviation&quot; data-embed-id=&quot;208683123&quot; data-embed-format=&quot;thumb&quot;&gt;&lt;span class=&quot;shadow mild&quot; &gt;&lt;a class=&quot;thumb&quot; href=&quot;http://hellobaby.deviantart.com/art/Touching-my-memories-208683123&quot; title=&quot;Touching my memories by Hellobaby, May 13, 2011 in Traditional Art &amp;gt; Paintings &amp;gt; Other&quot; data-super-img=&quot;http://fc07.deviantart.net/fs71/f/2011/133/8/a/1305316848_touching_my_memories_by_hellobaby-d3g8sxf.jpg&quot; data-super-width=&quot;600&quot; data-super-height=&quot;675&quot; data-super-transparent=&quot;false&quot;&gt;&lt;i&gt;&lt;/i&gt;&lt;img   width=&quot;133&quot; height=&quot;150&quot; src=&quot;http://th08.deviantart.net/fs71/150/f/2011/133/8/a/1305316848_touching_my_memories_by_hellobaby-d3g8sxf.jpg&quot; data-src=&quot;http://th08.deviantart.net/fs71/150/f/2011/133/8/a/1305316848_touching_my_memories_by_hellobaby-d3g8sxf.jpg&quot;&gt;&lt;/a&gt;&lt;/span&gt;&lt;!-- ^TTT --&gt;&lt;!-- TTT$ --&gt;&lt;/span&gt;&lt;br /&gt;&lt;br /&gt;And for more &amp;amp; complete series can be found here: &lt;a href=&quot;http://hellobaby.deviantart.com/gallery/8878857&quot;&gt;hellobaby.deviantart.com/galle&amp;hellip;&lt;/a&gt;&lt;br /&gt;&lt;br /&gt;Also for &lt;a href=&quot;http://www.yuumei.deviantart.com/journal/27065037/&quot;&gt;Green contest&lt;/a&gt;, though it&#039;s for green contest but I dont want to draw whole pic with green &lt;img src=&quot;http://e.deviantart.net/emoticons/s/smile.gif&quot; width=&quot;15&quot; height=&quot;15&quot; alt=&quot;:)&quot; data-embed-type=&quot;emoticon&quot; data-embed-id=&quot;391&quot; title=&quot;:) (Smile)&quot;/&gt;, I want to bring green out &lt;img src=&quot;http://e.deviantart.net/emoticons/x/xd.gif&quot; width=&quot;15&quot; height=&quot;15&quot; alt=&quot;:XD:&quot; data-embed-type=&quot;emoticon&quot; data-embed-id=&quot;93&quot; title=&quot;XD&quot;/&gt; so hope it looks fine &lt;img src=&quot;http://e.deviantart.net/emoticons/m/meow.gif&quot; width=&quot;15&quot; height=&quot;15&quot; alt=&quot;:meow:&quot; data-embed-type=&quot;emoticon&quot; data-embed-id=&quot;578&quot; title=&quot;Meow :3&quot;/&gt;</media:description>            <media:thumbnail url="https://t00.deviantart.net/LPUyZ7Ua-x-bP64DvVdBN5XhdiQ=/fit-in/150x150/filters:no_upscale():origin()/pre00/9fc7/th/pre/f/2009/341/a/2/painting_a_green_world_by_hellobaby.jpg" height="150" width="105"/>            <media:thumbnail url="https://t00.deviantart.net/N3XVMKsycoVJKiVKoyBdPd-zTi8=/fit-in/300x900/filters:no_upscale():origin()/pre00/9fc7/th/pre/f/2009/341/a/2/painting_a_green_world_by_hellobaby.jpg" height="428" width="300"/>            <media:thumbnail url="https://t00.deviantart.net/15H_WBCg8dHnN92OgxIkdUStCfA=/300x200/filters:fixed_height(100,100):origin()/pre00/9fc7/th/pre/f/2009/341/a/2/painting_a_green_world_by_hellobaby.jpg" height="200" width="140"/>            <media:content url="https://orig00.deviantart.net/5756/f/2009/341/a/2/painting_a_green_world_by_hellobaby.jpg" height="855" width="600" medium="image"/>
            <description>&lt;i&gt;Making a better world. &lt;br /&gt;Painting darken day becomes brighter.&lt;br /&gt;Painting another green world...&lt;br /&gt;An artist can do that, I believe&lt;img src=&quot;http://e.deviantart.net/emoticons/l/love2.gif&quot; width=&quot;26&quot; height=&quot;17&quot; alt=&quot;:love:&quot; data-embed-type=&quot;emoticon&quot; data-embed-id=&quot;276&quot; title=&quot;Love&quot;/&gt;&lt;br /&gt;&lt;sub&gt;Make art not war&lt;img src=&quot;http://e.deviantart.net/emoticons/h/heart.gif&quot; width=&quot;15&quot; height=&quot;13&quot; alt=&quot;:heart:&quot; data-embed-type=&quot;emoticon&quot; data-embed-id=&quot;357&quot; title=&quot;Heart&quot;/&gt;.&lt;/sub&gt;&lt;/i&gt;&lt;br /&gt;----------------------------------------------------------&lt;br /&gt;&lt;br /&gt;&lt;img src=&quot;http://e.deviantart.net/emoticons/b/bulletgreen.gif&quot; width=&quot;10&quot; height=&quot;10&quot; alt=&quot;:bulletgreen:&quot; data-embed-type=&quot;emoticon&quot; data-embed-id=&quot;209&quot; title=&quot;Bullet; Green&quot;/&gt;&lt;b&gt;&lt;a class=&quot;external&quot; href=&quot;http://www.deviantart.com/users/outgoing?http://seha.alriyadh.gov.sa/ph/contents.aspx?aid=3679&quot;&gt;100 ways to save the environment&lt;/a&gt;&lt;/b&gt;&lt;br /&gt;&lt;br /&gt;&lt;br /&gt;Tools: Mechanical pencil + Faber Castel classic colors pencil + credit: cloud of &lt;span class=&quot;username-with-symbol u&quot;&gt;&lt;span class=&quot;simple-symbol&quot;&gt;~&lt;/span&gt;&lt;a class=&quot;u regular username&quot; href=&quot;http://javierzhx.deviantart.com&quot; &gt;JavierZhX&lt;/a&gt;&lt;span class=&quot;user-symbol regular &quot; data-quicktip-text=&quot;&quot; data-show-tooltip=&quot;&quot;&gt;&lt;/span&gt;&lt;/span&gt;. Please read my &lt;a href=&quot;http://hellobaby.deviantart.com/journal/26988325/#comments&quot;&gt;FAQ&lt;/a&gt; before asking cause you may get your questions in it. That will save your time and mine. Thanks&lt;img src=&quot;http://e.deviantart.net/emoticons/t/tighthug.gif&quot; width=&quot;40&quot; height=&quot;18&quot; alt=&quot;:tighthug:&quot; data-embed-type=&quot;emoticon&quot; data-embed-id=&quot;582&quot; title=&quot;Tight Hug&quot;/&gt;&lt;br /&gt;&lt;br /&gt;This is my personal fav work so I hope you like it too, &lt;img src=&quot;http://e.deviantart.net/emoticons/s/smooch.gif&quot; width=&quot;35&quot; height=&quot;16&quot; alt=&quot;:smooch:&quot; data-embed-type=&quot;emoticon&quot; data-embed-id=&quot;462&quot; title=&quot;Smooooch!&quot;/&gt;&lt;br /&gt;Have a nice day &amp;amp; thanks for awesome supporting &lt;img src=&quot;http://e.deviantart.net/emoticons/k/kiss2.gif&quot; width=&quot;17&quot; height=&quot;12&quot; alt=&quot;:kiss:&quot; data-embed-type=&quot;emoticon&quot; data-embed-id=&quot;287&quot; title=&quot;Kiss&quot;/&gt;&lt;br /&gt;&lt;br /&gt;-Another works from Colors series:&lt;br /&gt;Green&lt;span class=&quot;shadow-holder&quot; deviationid=&quot;143138165&quot; data-embed-type=&quot;deviation&quot; data-embed-id=&quot;143138165&quot; data-embed-format=&quot;thumb&quot;&gt;&lt;span class=&quot;shadow mild&quot; &gt;&lt;a class=&quot;thumb hasprint&quot; href=&quot;http://hellobaby.deviantart.com/art/Painting-a-green-world-143138165&quot; title=&quot;Painting a green world by Hellobaby, Nov 10, 2009 in Traditional Art &amp;gt; Drawings &amp;gt; Surreal&quot; data-super-img=&quot;http://fc01.deviantart.net/fs71/f/2009/341/a/2/Painting_a_green_world_by_hellobaby.jpg&quot; data-super-width=&quot;600&quot; data-super-height=&quot;855&quot; data-super-transparent=&quot;false&quot;&gt;&lt;i&gt;&lt;/i&gt;&lt;img   width=&quot;105&quot; height=&quot;150&quot; src=&quot;http://th03.deviantart.net/fs71/150/f/2009/341/a/2/Painting_a_green_world_by_hellobaby.jpg&quot; data-src=&quot;http://th03.deviantart.net/fs71/150/f/2009/341/a/2/Painting_a_green_world_by_hellobaby.jpg&quot;&gt;&lt;/a&gt;&lt;/span&gt;&lt;!-- ^TTT --&gt;&lt;!-- TTT$ --&gt;&lt;/span&gt; - Blue:&lt;span class=&quot;shadow-holder&quot; deviationid=&quot;171028854&quot; data-embed-type=&quot;deviation&quot; data-embed-id=&quot;171028854&quot; data-embed-format=&quot;thumb&quot;&gt;&lt;span class=&quot;shadow mild&quot; &gt;&lt;a class=&quot;thumb hasprint&quot; href=&quot;http://hellobaby.deviantart.com/art/Running-away-from-blue-171028854&quot; title=&quot;Running away from blue by Hellobaby, Jul 12, 2010 in Traditional Art &amp;gt; Drawings &amp;gt; Abstract&quot; data-super-img=&quot;http://fc01.deviantart.net/fs70/f/2010/201/2/8/Running_away_from_blue_by_hellobaby.jpg&quot; data-super-width=&quot;909&quot; data-super-height=&quot;650&quot; data-super-transparent=&quot;false&quot;&gt;&lt;i&gt;&lt;/i&gt;&lt;img   width=&quot;150&quot; height=&quot;107&quot; src=&quot;http://th04.deviantart.net/fs70/150/f/2010/201/2/8/Running_away_from_blue_by_hellobaby.jpg&quot; data-src=&quot;http://th04.deviantart.net/fs70/150/f/2010/201/2/8/Running_away_from_blue_by_hellobaby.jpg&quot;&gt;&lt;/a&gt;&lt;/span&gt;&lt;!-- ^TTT --&gt;&lt;!-- TTT$ --&gt;&lt;/span&gt; - Yellow:&lt;span class=&quot;shadow-holder&quot; deviationid=&quot;183025004&quot; data-embed-type=&quot;deviation&quot; data-embed-id=&quot;183025004&quot; data-embed-format=&quot;thumb&quot;&gt;&lt;span class=&quot;shadow mild&quot; &gt;&lt;a class=&quot;thumb&quot; href=&quot;http://hellobaby.deviantart.com/art/Sound-of-life-183025004&quot; title=&quot;Sound of life by Hellobaby, Oct 17, 2010 in Traditional Art &amp;gt; Paintings &amp;gt; Fantasy&quot; data-super-img=&quot;http://fc04.deviantart.net/fs71/f/2010/295/5/0/sound_of_life_by_hellobaby-d30yuzw.jpg&quot; data-super-width=&quot;814&quot; data-super-height=&quot;700&quot; data-super-transparent=&quot;false&quot;&gt;&lt;i&gt;&lt;/i&gt;&lt;img   width=&quot;150&quot; height=&quot;129&quot; src=&quot;http://th03.deviantart.net/fs71/150/f/2010/295/5/0/sound_of_life_by_hellobaby-d30yuzw.jpg&quot; data-src=&quot;http://th03.deviantart.net/fs71/150/f/2010/295/5/0/sound_of_life_by_hellobaby-d30yuzw.jpg&quot;&gt;&lt;/a&gt;&lt;/span&gt;&lt;!-- ^TTT --&gt;&lt;!-- TTT$ --&gt;&lt;/span&gt; - Brown:&lt;span class=&quot;shadow-holder&quot; deviationid=&quot;189888953&quot; data-embed-type=&quot;deviation&quot; data-embed-id=&quot;189888953&quot; data-embed-format=&quot;thumb&quot;&gt;&lt;span class=&quot;shadow mild&quot; &gt;&lt;a class=&quot;thumb hasprint&quot; href=&quot;http://hellobaby.deviantart.com/art/Whisper-of-Earth-189888953&quot; title=&quot;Whisper of Earth by Hellobaby, Dec 17, 2010 in Traditional Art &amp;gt; Drawings &amp;gt; Illustration &amp;gt; Conceptual&quot; data-super-img=&quot;http://fc02.deviantart.net/fs71/f/2010/351/9/c/whisper_of_earth_by_hellobaby-d351z95.jpg&quot; data-super-width=&quot;580&quot; data-super-height=&quot;848&quot; data-super-transparent=&quot;false&quot;&gt;&lt;i&gt;&lt;/i&gt;&lt;img   width=&quot;103&quot; height=&quot;150&quot; src=&quot;http://th05.deviantart.net/fs71/150/f/2010/351/9/c/whisper_of_earth_by_hellobaby-d351z95.jpg&quot; data-src=&quot;http://th05.deviantart.net/fs71/150/f/2010/351/9/c/whisper_of_earth_by_hellobaby-d351z95.jpg&quot;&gt;&lt;/a&gt;&lt;/span&gt;&lt;!-- ^TTT --&gt;&lt;!-- TTT$ --&gt;&lt;/span&gt; - Red:&lt;span class=&quot;shadow-holder&quot; deviationid=&quot;150137711&quot; data-embed-type=&quot;deviation&quot; data-embed-id=&quot;150137711&quot; data-embed-format=&quot;thumb&quot;&gt;&lt;span class=&quot;shadow mild&quot; &gt;&lt;a class=&quot;thumb hasprint&quot; href=&quot;http://hellobaby.deviantart.com/art/Feeling-My-Red-Heart-150137711&quot; title=&quot;Feeling My Red Heart by Hellobaby, Jan 12, 2010 in Traditional Art &amp;gt; Drawings &amp;gt; Other&quot; data-super-img=&quot;http://fc01.deviantart.net/fs70/f/2010/012/4/d/Feeling_My_Red_Heart_by_hellobaby.jpg&quot; data-super-width=&quot;800&quot; data-super-height=&quot;564&quot; data-super-transparent=&quot;false&quot;&gt;&lt;i&gt;&lt;/i&gt;&lt;img   width=&quot;150&quot; height=&quot;106&quot; src=&quot;http://th03.deviantart.net/fs70/150/f/2010/012/4/d/Feeling_My_Red_Heart_by_hellobaby.jpg&quot; data-src=&quot;http://th03.deviantart.net/fs70/150/f/2010/012/4/d/Feeling_My_Red_Heart_by_hellobaby.jpg&quot;&gt;&lt;/a&gt;&lt;/span&gt;&lt;!-- ^TTT --&gt;&lt;!-- TTT$ --&gt;&lt;/span&gt; - Orange:&lt;span class=&quot;shadow-holder&quot; deviationid=&quot;255682446&quot; data-embed-type=&quot;deviation&quot; data-embed-id=&quot;255682446&quot; data-embed-format=&quot;thumb&quot;&gt;&lt;span class=&quot;shadow mild&quot; &gt;&lt;a class=&quot;thumb&quot; href=&quot;http://hellobaby.deviantart.com/art/Reborn-in-a-new-personality-255682446&quot; title=&quot;Reborn in a new personality by Hellobaby, Aug 29, 2011 in Traditional Art &amp;gt; Drawings &amp;gt; Illustration &amp;gt; Conceptual&quot; data-super-img=&quot;http://fc01.deviantart.net/fs70/f/2011/241/3/c/reborn_in_a_new_personality_by_hellobaby-d4885u6.jpg&quot; data-super-width=&quot;529&quot; data-super-height=&quot;750&quot; data-super-transparent=&quot;false&quot;&gt;&lt;i&gt;&lt;/i&gt;&lt;img   width=&quot;106&quot; height=&quot;150&quot; src=&quot;http://th03.deviantart.net/fs70/150/f/2011/241/3/c/reborn_in_a_new_personality_by_hellobaby-d4885u6.jpg&quot; data-src=&quot;http://th03.deviantart.net/fs70/150/f/2011/241/3/c/reborn_in_a_new_personality_by_hellobaby-d4885u6.jpg&quot;&gt;&lt;/a&gt;&lt;/span&gt;&lt;!-- ^TTT --&gt;&lt;!-- TTT$ --&gt;&lt;/span&gt; - Rainbow:&lt;span class=&quot;shadow-holder&quot; deviationid=&quot;247535432&quot; data-embed-type=&quot;deviation&quot; data-embed-id=&quot;247535432&quot; data-embed-format=&quot;thumb&quot;&gt;&lt;span class=&quot;shadow mild&quot; &gt;&lt;a class=&quot;thumb&quot; href=&quot;http://hellobaby.deviantart.com/art/Please-dont-take-my-dream-away-247535432&quot; title=&quot;Please dont take my dream away by Hellobaby, Aug 3, 2011 in Traditional Art &amp;gt; Paintings &amp;gt; Other&quot; data-super-img=&quot;http://fc01.deviantart.net/fs71/f/2011/215/1/d/please_dont_take_my_dream_away_by_hellobaby-d43djk8.jpg&quot; data-super-width=&quot;500&quot; data-super-height=&quot;710&quot; data-super-transparent=&quot;false&quot;&gt;&lt;i&gt;&lt;/i&gt;&lt;img   width=&quot;106&quot; height=&quot;150&quot; src=&quot;http://th00.deviantart.net/fs71/150/f/2011/215/1/d/please_dont_take_my_dream_away_by_hellobaby-d43djk8.jpg&quot; data-src=&quot;http://th00.deviantart.net/fs71/150/f/2011/215/1/d/please_dont_take_my_dream_away_by_hellobaby-d43djk8.jpg&quot;&gt;&lt;/a&gt;&lt;/span&gt;&lt;!-- ^TTT --&gt;&lt;!-- TTT$ --&gt;&lt;/span&gt; - Purple:&lt;span class=&quot;shadow-holder&quot; deviationid=&quot;208683123&quot; data-embed-type=&quot;deviation&quot; data-embed-id=&quot;208683123&quot; data-embed-format=&quot;thumb&quot;&gt;&lt;span class=&quot;shadow mild&quot; &gt;&lt;a class=&quot;thumb&quot; href=&quot;http://hellobaby.deviantart.com/art/Touching-my-memories-208683123&quot; title=&quot;Touching my memories by Hellobaby, May 13, 2011 in Traditional Art &amp;gt; Paintings &amp;gt; Other&quot; data-super-img=&quot;http://fc07.deviantart.net/fs71/f/2011/133/8/a/1305316848_touching_my_memories_by_hellobaby-d3g8sxf.jpg&quot; data-super-width=&quot;600&quot; data-super-height=&quot;675&quot; data-super-transparent=&quot;false&quot;&gt;&lt;i&gt;&lt;/i&gt;&lt;img   width=&quot;133&quot; height=&quot;150&quot; src=&quot;http://th08.deviantart.net/fs71/150/f/2011/133/8/a/1305316848_touching_my_memories_by_hellobaby-d3g8sxf.jpg&quot; data-src=&quot;http://th08.deviantart.net/fs71/150/f/2011/133/8/a/1305316848_touching_my_memories_by_hellobaby-d3g8sxf.jpg&quot;&gt;&lt;/a&gt;&lt;/span&gt;&lt;!-- ^TTT --&gt;&lt;!-- TTT$ --&gt;&lt;/span&gt;&lt;br /&gt;&lt;br /&gt;And for more &amp;amp; complete series can be found here: &lt;a href=&quot;http://hellobaby.deviantart.com/gallery/8878857&quot;&gt;hellobaby.deviantart.com/galle&amp;hellip;&lt;/a&gt;&lt;br /&gt;&lt;br /&gt;Also for &lt;a href=&quot;http://www.yuumei.deviantart.com/journal/27065037/&quot;&gt;Green contest&lt;/a&gt;, though it&#039;s for green contest but I dont want to draw whole pic with green &lt;img src=&quot;http://e.deviantart.net/emoticons/s/smile.gif&quot; width=&quot;15&quot; height=&quot;15&quot; alt=&quot;:)&quot; data-embed-type=&quot;emoticon&quot; data-embed-id=&quot;391&quot; title=&quot;:) (Smile)&quot;/&gt;, I want to bring green out &lt;img src=&quot;http://e.deviantart.net/emoticons/x/xd.gif&quot; width=&quot;15&quot; height=&quot;15&quot; alt=&quot;:XD:&quot; data-embed-type=&quot;emoticon&quot; data-embed-id=&quot;93&quot; title=&quot;XD&quot;/&gt; so hope it looks fine &lt;img src=&quot;http://e.deviantart.net/emoticons/m/meow.gif&quot; width=&quot;15&quot; height=&quot;15&quot; alt=&quot;:meow:&quot; data-embed-type=&quot;emoticon&quot; data-embed-id=&quot;578&quot; title=&quot;Meow :3&quot;/&gt;&lt;br /&gt;&lt;div&gt;&lt;img src=&quot;https://t00.deviantart.net/15H_WBCg8dHnN92OgxIkdUStCfA=/300x200/filters:fixed_height(100,100):origin()/pre00/9fc7/th/pre/f/2009/341/a/2/painting_a_green_world_by_hellobaby.jpg&quot; alt=&quot;thumbnail&quot; /&gt;&lt;/div&gt;</description>            </item>
    </channel>
</rss>