<?xml version="1.0" encoding="utf-8"?>
<rss version="2.0" xmlns:media="http://search.yahoo.com/mrss/" xmlns:atom="http://www.w3.org/2005/Atom" xmlns:creativeCommons="http://backend.userland.com/creativeCommonsRssModule">
    <channel>
        <title>DeviantArt: Newest</title>
        <link>https://www.deviantart.com/newest/</link>
        <description>DeviantArt RSS for Newest</description>
        <language>en-us</language>
        <copyright>Copyright 2019, DeviantArt.com</copyright>
        <pubDate>Sun, 27 Jan 2019 17:24:47 PST</pubDate>

        <generator>DeviantArt.com</generator>
        <docs>http://blogs.law.harvard.edu/tech/rss</docs>
        <atom:icon>https://st.deviantart.net/minish/touch-icons/android-192.png</atom:icon>
        <atom:link type="application/rss+xml" rel="self" href="https://backend.deviantart.com/rss.xml?type=deviation&amp;order=5" />
        <atom:link rel="next" href="https://backend.deviantart.com/rss.xml?type=deviation&amp;order=5&amp;offset=60" />
                    <item>
                <title>agent 8</title>
                <link>https://140kph.deviantart.com/art/agent-8-783063555</link>
                <guid isPermaLink="true">https://140kph.deviantart.com/art/agent-8-783063555</guid>
                <pubDate>Sun, 27 Jan 2019 17:24:46 PST</pubDate>
                        <media:title type="plain">agent 8</media:title>
        <media:keywords></media:keywords>
                        <media:rating>nonadult</media:rating>
                <media:category label="Drawings">manga/digital/drawings</media:category>
        <media:credit role="author" scheme="urn:ebu">140kph</media:credit>
        <media:credit role="author" scheme="urn:ebu">https://a.deviantart.net/avatars/1/4/140kph.jpg?13</media:credit>
        <media:copyright url="https://140kph.deviantart.com">Copyright 2019 140kph</media:copyright>            <media:description type="html"></media:description>            <media:thumbnail url="https://t00.deviantart.net/H1nJ7mAmNPzyvZ4v7vke3PbdFPo=/fit-in/150x150/filters:no_upscale():origin()/pre00/aaca/th/pre/i/2019/027/6/4/agent_8_by_140kph-dcy7rpf.png" height="150" width="97"/>            <media:thumbnail url="https://t00.deviantart.net/Ln1iSmZb2yhhc0VAczdo8wjebbM=/fit-in/300x900/filters:no_upscale():origin()/pre00/aaca/th/pre/i/2019/027/6/4/agent_8_by_140kph-dcy7rpf.png" height="465" width="300"/>            <media:thumbnail url="https://t00.deviantart.net/GA2dCQzeHkjApKl6CRiPkkf7qgQ=/300x200/filters:fixed_height(100,100):origin()/pre00/aaca/th/pre/i/2019/027/6/4/agent_8_by_140kph-dcy7rpf.png" height="200" width="129"/>            <media:content url="https://pre00.deviantart.net/aaca/th/pre/i/2019/027/6/4/agent_8_by_140kph-dcy7rpf.png" height="1113" width="718" medium="image"/>            
            <description>&lt;br /&gt;&lt;div&gt;&lt;img src=&quot;https://t00.deviantart.net/GA2dCQzeHkjApKl6CRiPkkf7qgQ=/300x200/filters:fixed_height(100,100):origin()/pre00/aaca/th/pre/i/2019/027/6/4/agent_8_by_140kph-dcy7rpf.png&quot; alt=&quot;thumbnail&quot; /&gt;&lt;/div&gt;</description>            </item>
                    <item>
                <title>Blep</title>
                <link>https://fideo-ardena.deviantart.com/art/Blep-783060751</link>
                <guid isPermaLink="true">https://fideo-ardena.deviantart.com/art/Blep-783060751</guid>
                <pubDate>Sun, 27 Jan 2019 17:24:44 PST</pubDate>
                        <media:title type="plain">Blep</media:title>
        <media:keywords></media:keywords>
                        <media:rating>nonadult</media:rating>
                <media:category label="Games">fanart/traditional/drawings/games</media:category>
        <media:credit role="author" scheme="urn:ebu">Fideo-Ardena</media:credit>
        <media:credit role="author" scheme="urn:ebu">https://a.deviantart.net/avatars/f/i/fideo-ardena.jpg?7</media:credit>
        <media:copyright url="https://fideo-ardena.deviantart.com">Copyright 2019 Fideo-Ardena</media:copyright>            <media:description type="html">Just like you!&amp;nbsp;&lt;br /&gt;Though it might need more work...</media:description>            <media:thumbnail url="https://t00.deviantart.net/dJk94nPGR0piD2Qib-z5Ltu7ynI=/fit-in/150x150/filters:no_upscale():origin()/pre00/3c8a/th/pre/f/2019/027/3/9/blep_by_fideo_ardena-dcy7pjj.png" height="150" width="149"/>            <media:thumbnail url="https://t00.deviantart.net/VnAW329S2hZkzmx1UWIMAhwXuW0=/fit-in/300x900/filters:no_upscale():origin()/pre00/3c8a/th/pre/f/2019/027/3/9/blep_by_fideo_ardena-dcy7pjj.png" height="302" width="300"/>            <media:thumbnail url="https://t00.deviantart.net/HpmyKNBzef94xpBkVFacBnPAstw=/300x200/filters:fixed_height(100,100):origin()/pre00/3c8a/th/pre/f/2019/027/3/9/blep_by_fideo_ardena-dcy7pjj.png" height="200" width="199"/>            <media:content url="https://pre00.deviantart.net/3c8a/th/pre/f/2019/027/3/9/blep_by_fideo_ardena-dcy7pjj.png" height="897" width="891" medium="image"/>            
            <description>Just like you!&amp;nbsp;&lt;br /&gt;Though it might need more work...&lt;br /&gt;&lt;div&gt;&lt;img src=&quot;https://t00.deviantart.net/HpmyKNBzef94xpBkVFacBnPAstw=/300x200/filters:fixed_height(100,100):origin()/pre00/3c8a/th/pre/f/2019/027/3/9/blep_by_fideo_ardena-dcy7pjj.png&quot; alt=&quot;thumbnail&quot; /&gt;&lt;/div&gt;</description>            </item>
                    <item>
                <title>Hollow Ref Sheet</title>
                <link>https://cojiu.deviantart.com/art/Hollow-Ref-Sheet-783063455</link>
                <guid isPermaLink="true">https://cojiu.deviantart.com/art/Hollow-Ref-Sheet-783063455</guid>
                <pubDate>Sun, 27 Jan 2019 17:24:44 PST</pubDate>
                        <media:title type="plain">Hollow Ref Sheet</media:title>
        <media:keywords></media:keywords>
                        <media:rating>nonadult</media:rating>
                <media:category label="Drawings">manga/digital/drawings</media:category>
        <media:credit role="author" scheme="urn:ebu">cojiu</media:credit>
        <media:credit role="author" scheme="urn:ebu">https://a.deviantart.net/avatars/c/o/cojiu.png?2</media:credit>
        <media:copyright url="https://cojiu.deviantart.com">Copyright 2019 cojiu</media:copyright>            <media:description type="html">an ref sheet of vampire bab Hollow I got him from &lt;span class=&quot;username-with-symbol u&quot;&gt;&lt;a class=&quot;u regular username&quot; href=&quot;https://www.deviantart.com/maxisded808&quot;&gt;MaxIsDed808&lt;/a&gt;&lt;span class=&quot;user-symbol regular&quot; data-quicktip-text=&quot;&quot; data-show-tooltip=&quot;&quot; data-gruser-type=&quot;regular&quot;&gt;&lt;/span&gt;&lt;/span&gt;&amp;nbsp;&lt;br /&gt;&lt;br /&gt;he is cute&amp;nbsp;&lt;br /&gt;&lt;br /&gt;Hollow - Me</media:description>            <media:thumbnail url="https://t00.deviantart.net/xhbPgZqVp2dJ9kOFOpmWFqW1G48=/fit-in/150x150/filters:no_upscale():origin()/pre00/4a9f/th/pre/f/2019/027/d/f/hollow_ref_sheet_by_cojiu-dcy7rmn.png" height="112" width="150"/>            <media:thumbnail url="https://t00.deviantart.net/iLXnW8yyyu5Ai18SIhuo-DEuqWg=/fit-in/300x900/filters:no_upscale():origin()/pre00/4a9f/th/pre/f/2019/027/d/f/hollow_ref_sheet_by_cojiu-dcy7rmn.png" height="223" width="300"/>            <media:thumbnail url="https://t00.deviantart.net/IsJRQ6mjvLJVivwUBVXN9NCl1NI=/300x200/filters:fixed_height(100,100):origin()/pre00/4a9f/th/pre/f/2019/027/d/f/hollow_ref_sheet_by_cojiu-dcy7rmn.png" height="200" width="269"/>            <media:content url="https://pre00.deviantart.net/4a9f/th/pre/f/2019/027/d/f/hollow_ref_sheet_by_cojiu-dcy7rmn.png" height="771" width="1036" medium="image"/>            
            <description>an ref sheet of vampire bab Hollow I got him from &lt;span class=&quot;username-with-symbol u&quot;&gt;&lt;a class=&quot;u regular username&quot; href=&quot;https://www.deviantart.com/maxisded808&quot;&gt;MaxIsDed808&lt;/a&gt;&lt;span class=&quot;user-symbol regular&quot; data-quicktip-text=&quot;&quot; data-show-tooltip=&quot;&quot; data-gruser-type=&quot;regular&quot;&gt;&lt;/span&gt;&lt;/span&gt;&amp;nbsp;&lt;br /&gt;&lt;br /&gt;he is cute&amp;nbsp;&lt;br /&gt;&lt;br /&gt;Hollow - Me&lt;br /&gt;&lt;div&gt;&lt;img src=&quot;https://t00.deviantart.net/IsJRQ6mjvLJVivwUBVXN9NCl1NI=/300x200/filters:fixed_height(100,100):origin()/pre00/4a9f/th/pre/f/2019/027/d/f/hollow_ref_sheet_by_cojiu-dcy7rmn.png&quot; alt=&quot;thumbnail&quot; /&gt;&lt;/div&gt;</description>            </item>
                    <item>
                <title>these are my wings</title>
                <link>https://princee29.deviantart.com/art/these-are-my-wings-783063623</link>
                <guid isPermaLink="true">https://princee29.deviantart.com/art/these-are-my-wings-783063623</guid>
                <pubDate>Sun, 27 Jan 2019 17:24:41 PST</pubDate>
                        <media:title type="plain">these are my wings</media:title>
        <media:keywords></media:keywords>
                        <media:rating>adult</media:rating>
                <media:category label="Animals">anthro/digital/drawings/animals</media:category>
        <media:credit role="author" scheme="urn:ebu">princee29</media:credit>
        <media:credit role="author" scheme="urn:ebu">https://a.deviantart.net/avatars/p/r/princee29.gif?4</media:credit>
        <media:copyright url="https://princee29.deviantart.com">Copyright 2019 princee29</media:copyright>            <media:description type="html">jan 2019</media:description>            <media:thumbnail url="https://t00.deviantart.net/gVz42pcIPGec7sUTkZRsSe33crM=/fit-in/150x150/filters:no_upscale():origin()/pre00/e9c8/th/pre/f/2019/027/a/9/these_are_my_wings_by_princee29-dcy7rrb.png" height="150" width="98"/>            <media:thumbnail url="https://t00.deviantart.net/S_tAfSLImDkV7bRjoh2JD6seLlk=/fit-in/300x900/filters:no_upscale():origin()/pre00/e9c8/th/pre/f/2019/027/a/9/these_are_my_wings_by_princee29-dcy7rrb.png" height="457" width="300"/>            <media:thumbnail url="https://t00.deviantart.net/ScC7UEoRokZWeDMlohlaqbKiWyc=/300x200/filters:fixed_height(100,100):origin()/pre00/e9c8/th/pre/f/2019/027/a/9/these_are_my_wings_by_princee29-dcy7rrb.png" height="200" width="131"/>            <media:content url="https://pre00.deviantart.net/e9c8/th/pre/f/2019/027/a/9/these_are_my_wings_by_princee29-dcy7rrb.png" height="1104" width="724" medium="image"/>            
            <description>jan 2019&lt;br /&gt;&lt;div&gt;&lt;img src=&quot;https://t00.deviantart.net/ScC7UEoRokZWeDMlohlaqbKiWyc=/300x200/filters:fixed_height(100,100):origin()/pre00/e9c8/th/pre/f/2019/027/a/9/these_are_my_wings_by_princee29-dcy7rrb.png&quot; alt=&quot;thumbnail&quot; /&gt;&lt;/div&gt;</description>            </item>
                    <item>
                <title>Seamless Ree&#039;textures (59)</title>
                <link>https://denicedell.deviantart.com/art/Seamless-Ree-textures-59-783057591</link>
                <guid isPermaLink="true">https://denicedell.deviantart.com/art/Seamless-Ree-textures-59-783057591</guid>
                <pubDate>Sun, 27 Jan 2019 17:24:41 PST</pubDate>
                        <media:title type="plain">Seamless Ree&#039;textures (59)</media:title>
        <media:keywords></media:keywords>
                        <media:rating>nonadult</media:rating>
                <media:category label="Abstract">customization/wallpaper/abstract</media:category>
        <media:credit role="author" scheme="urn:ebu">Denicedell</media:credit>
        <media:credit role="author" scheme="urn:ebu">https://a.deviantart.net/avatars/d/e/denicedell.png?2</media:credit>
        <media:copyright url="https://denicedell.deviantart.com">Copyright 2019 Denicedell</media:copyright>            <media:description type="html"></media:description>            <media:thumbnail url="https://t00.deviantart.net/Fzlk4XpCunyG5yHVyi4hKti-7RE=/fit-in/150x150/filters:no_upscale():origin()/pre00/86a0/th/pre/f/2019/027/0/0/seamless_ree_textures__59__by_denicedell-dcy7n3r.png" height="150" width="150"/>            <media:thumbnail url="https://t00.deviantart.net/ngcmzwGMtRNOHjN0sYAoYs6G7_Y=/fit-in/300x900/filters:no_upscale():origin()/pre00/86a0/th/pre/f/2019/027/0/0/seamless_ree_textures__59__by_denicedell-dcy7n3r.png" height="300" width="300"/>            <media:thumbnail url="https://t00.deviantart.net/7uqYK33DJnYa4kvlfFbBfEBdjMk=/300x200/filters:fixed_height(100,100):origin()/pre00/86a0/th/pre/f/2019/027/0/0/seamless_ree_textures__59__by_denicedell-dcy7n3r.png" height="200" width="200"/>            <media:content url="https://pre00.deviantart.net/86a0/th/pre/f/2019/027/0/0/seamless_ree_textures__59__by_denicedell-dcy7n3r.png" height="894" width="894" medium="image"/>            
            <description>&lt;br /&gt;&lt;div&gt;&lt;img src=&quot;https://t00.deviantart.net/7uqYK33DJnYa4kvlfFbBfEBdjMk=/300x200/filters:fixed_height(100,100):origin()/pre00/86a0/th/pre/f/2019/027/0/0/seamless_ree_textures__59__by_denicedell-dcy7n3r.png&quot; alt=&quot;thumbnail&quot; /&gt;&lt;/div&gt;</description>            </item>
                    <item>
                <title>Untitled</title>
                <link>https://maluxen.deviantart.com/art/Untitled-783058210</link>
                <guid isPermaLink="true">https://maluxen.deviantart.com/art/Untitled-783058210</guid>
                <pubDate>Sun, 27 Jan 2019 17:24:41 PST</pubDate>
                        <media:title type="plain">Untitled</media:title>
        <media:keywords></media:keywords>
                        <media:rating>nonadult</media:rating>
                <media:category label="Weather and Sky">photography/nature/sky</media:category>
        <media:credit role="author" scheme="urn:ebu">Maluxen</media:credit>
        <media:credit role="author" scheme="urn:ebu">https://a.deviantart.net/avatars/m/a/maluxen.png?2</media:credit>
        <media:copyright url="https://maluxen.deviantart.com">Copyright 2019 Maluxen</media:copyright>            <media:description type="html">- Not for free use -&lt;br /&gt;&lt;a target=&quot;_self&quot; href=&quot;https://www.deviantart.com/donotuseplz&quot; &gt;&lt;img class=&quot;avatar&quot; width=&quot;50&quot; height=&quot;50&quot; src=&quot;https://a.deviantart.net/avatars/d/o/donotuseplz.gif?2&quot; alt=&quot;:icondonotuseplz:&quot; title=&quot;DoNotUsePlz&quot; /&gt;&lt;/a&gt;&lt;a target=&quot;_self&quot; href=&quot;https://www.deviantart.com/myartplz&quot; &gt;&lt;img class=&quot;avatar&quot; width=&quot;50&quot; height=&quot;50&quot; src=&quot;https://a.deviantart.net/avatars/m/y/myartplz.gif?2&quot; alt=&quot;:iconmyartplz:&quot; title=&quot;MyArtPlz&quot; /&gt;&lt;/a&gt;</media:description>            <media:thumbnail url="https://t00.deviantart.net/9GH9iLIJAOxPJZCcqHlX3LYNuAM=/fit-in/150x150/filters:no_upscale():origin()/pre00/5fe3/th/pre/i/2019/027/e/0/untitled_by_maluxen-dcy7nky.jpg" height="92" width="150"/>            <media:thumbnail url="https://t00.deviantart.net/jlGo8VOjyI6twCiPHeUMVljN3PA=/fit-in/300x900/filters:no_upscale():origin()/pre00/5fe3/th/pre/i/2019/027/e/0/untitled_by_maluxen-dcy7nky.jpg" height="184" width="300"/>            <media:thumbnail url="https://t00.deviantart.net/FcXI77qGmyOo7zkQho3XeLjYjDE=/300x200/filters:fixed_height(100,100):origin()/pre00/5fe3/th/pre/i/2019/027/e/0/untitled_by_maluxen-dcy7nky.jpg" height="184" width="300"/>            <media:content url="https://img00.deviantart.net/d13d/i/2019/027/e/0/untitled_by_maluxen-dcy7nky.jpg" height="627" width="1024" medium="image"/>            
            <description>- Not for free use -&lt;br /&gt;&lt;a target=&quot;_self&quot; href=&quot;https://www.deviantart.com/donotuseplz&quot; &gt;&lt;img class=&quot;avatar&quot; width=&quot;50&quot; height=&quot;50&quot; src=&quot;https://a.deviantart.net/avatars/d/o/donotuseplz.gif?2&quot; alt=&quot;:icondonotuseplz:&quot; title=&quot;DoNotUsePlz&quot; /&gt;&lt;/a&gt;&lt;a target=&quot;_self&quot; href=&quot;https://www.deviantart.com/myartplz&quot; &gt;&lt;img class=&quot;avatar&quot; width=&quot;50&quot; height=&quot;50&quot; src=&quot;https://a.deviantart.net/avatars/m/y/myartplz.gif?2&quot; alt=&quot;:iconmyartplz:&quot; title=&quot;MyArtPlz&quot; /&gt;&lt;/a&gt;&lt;br /&gt;&lt;div&gt;&lt;img src=&quot;https://t00.deviantart.net/FcXI77qGmyOo7zkQho3XeLjYjDE=/300x200/filters:fixed_height(100,100):origin()/pre00/5fe3/th/pre/i/2019/027/e/0/untitled_by_maluxen-dcy7nky.jpg&quot; alt=&quot;thumbnail&quot; /&gt;&lt;/div&gt;</description>            </item>
                    <item>
                <title>|C| Clair |</title>
                <link>https://cockatielle.deviantart.com/art/C-Clair-783063250</link>
                <guid isPermaLink="true">https://cockatielle.deviantart.com/art/C-Clair-783063250</guid>
                <pubDate>Sun, 27 Jan 2019 17:24:38 PST</pubDate>
                        <media:title type="plain">|C| Clair |</media:title>
        <media:keywords></media:keywords>
                        <media:rating>nonadult</media:rating>
                <media:category label="Other">fanart/digital/other</media:category>
        <media:credit role="author" scheme="urn:ebu">Cockatielle</media:credit>
        <media:credit role="author" scheme="urn:ebu">https://a.deviantart.net/avatars/c/o/cockatielle.jpg?12</media:credit>
        <media:copyright url="https://cockatielle.deviantart.com">Copyright 2019 Cockatielle</media:copyright>
            <media:community>
                <media:tags>@Cockatielle</media:tags>
            </media:community>            <media:description type="html">&lt;div align=&quot;center&quot;&gt;&lt;i&gt;Commission for &lt;span class=&quot;username-with-symbol u&quot;&gt;&lt;a class=&quot;u beta username&quot; href=&quot;https://www.deviantart.com/goosehudson&quot;&gt;GooseHudson&lt;/a&gt;&lt;span class=&quot;user-symbol beta&quot; data-quicktip-text=&quot;Beta Tester&quot; data-show-tooltip=&quot;1&quot; data-gruser-type=&quot;beta&quot;&gt;&lt;/span&gt;&lt;/span&gt; &amp;lt;3&lt;/i&gt;&lt;/div&gt;&lt;i&gt;&lt;div align=&quot;center&quot;&gt;&lt;br /&gt;&lt;/div&gt;&lt;div align=&quot;center&quot;&gt;&lt;i&gt;Hope you like it!&lt;img src=&quot;https://e.deviantart.net/emoticons/l/la.gif&quot; alt=&quot;La la la la&quot; style=&quot;width: 19px; height: 19px;&quot; data-embed-type=&quot;emoticon&quot; data-embed-id=&quot;577&quot;&gt;&amp;nbsp;&lt;/i&gt;&lt;/div&gt;&lt;/i&gt;</media:description>            <media:thumbnail url="https://t00.deviantart.net/EIMJgjQoCIa1eOC6HWDyzrOXgXs=/fit-in/150x150/filters:no_upscale():origin()/pre00/6937/th/pre/f/2019/027/1/7/_c__clair___by_cockatielle-dcy7rgy.png" height="150" width="143"/>            <media:thumbnail url="https://t00.deviantart.net/zBb2P5iPVeI9TvDUfzS1IzHUwCM=/fit-in/300x900/filters:no_upscale():origin()/pre00/6937/th/pre/f/2019/027/1/7/_c__clair___by_cockatielle-dcy7rgy.png" height="314" width="300"/>            <media:thumbnail url="https://t00.deviantart.net/wUcCDdmbwV7nh6WspnBT_wtjejY=/300x200/filters:fixed_height(100,100):origin()/pre00/6937/th/pre/f/2019/027/1/7/_c__clair___by_cockatielle-dcy7rgy.png" height="200" width="191"/>            <media:content url="https://orig00.deviantart.net/9606/f/2019/027/1/7/_c__clair___by_cockatielle-dcy7rgy.png" height="745" width="711" medium="image"/>            
            <description>&lt;div align=&quot;center&quot;&gt;&lt;i&gt;Commission for &lt;span class=&quot;username-with-symbol u&quot;&gt;&lt;a class=&quot;u beta username&quot; href=&quot;https://www.deviantart.com/goosehudson&quot;&gt;GooseHudson&lt;/a&gt;&lt;span class=&quot;user-symbol beta&quot; data-quicktip-text=&quot;Beta Tester&quot; data-show-tooltip=&quot;1&quot; data-gruser-type=&quot;beta&quot;&gt;&lt;/span&gt;&lt;/span&gt; &amp;lt;3&lt;/i&gt;&lt;/div&gt;&lt;i&gt;&lt;div align=&quot;center&quot;&gt;&lt;br /&gt;&lt;/div&gt;&lt;div align=&quot;center&quot;&gt;&lt;i&gt;Hope you like it!&lt;img src=&quot;https://e.deviantart.net/emoticons/l/la.gif&quot; alt=&quot;La la la la&quot; style=&quot;width: 19px; height: 19px;&quot; data-embed-type=&quot;emoticon&quot; data-embed-id=&quot;577&quot;&gt;&amp;nbsp;&lt;/i&gt;&lt;/div&gt;&lt;/i&gt;&lt;br /&gt;&lt;div&gt;&lt;img src=&quot;https://t00.deviantart.net/wUcCDdmbwV7nh6WspnBT_wtjejY=/300x200/filters:fixed_height(100,100):origin()/pre00/6937/th/pre/f/2019/027/1/7/_c__clair___by_cockatielle-dcy7rgy.png&quot; alt=&quot;thumbnail&quot; /&gt;&lt;/div&gt;</description>            </item>
                    <item>
                <title>Pt2</title>
                <link>https://friskvore.deviantart.com/art/Pt2-783063585</link>
                <guid isPermaLink="true">https://friskvore.deviantart.com/art/Pt2-783063585</guid>
                <pubDate>Sun, 27 Jan 2019 17:24:37 PST</pubDate>
                        <media:title type="plain">Pt2</media:title>
        <media:keywords></media:keywords>
                        <media:rating>nonadult</media:rating>
                <media:category label="Oekaki">manga/digital/oekaki</media:category>
        <media:credit role="author" scheme="urn:ebu">Friskvore</media:credit>
        <media:credit role="author" scheme="urn:ebu">https://a.deviantart.net/avatars/f/r/friskvore.jpg?2</media:credit>
        <media:copyright url="https://friskvore.deviantart.com">Copyright 2019 Friskvore</media:copyright>            <media:description type="html"></media:description>            <media:thumbnail url="https://t00.deviantart.net/FLoB-Lp89ZrjI4Z2wvjsHhdcLRk=/fit-in/150x150/filters:no_upscale():origin()/pre00/cdb2/th/pre/i/2019/027/0/8/pt2_by_friskvore-dcy7rq9.png" height="84" width="150"/>            <media:thumbnail url="https://t00.deviantart.net/LI7FngLEFwbsRsvOxZDyB4C_RXI=/fit-in/300x900/filters:no_upscale():origin()/pre00/cdb2/th/pre/i/2019/027/0/8/pt2_by_friskvore-dcy7rq9.png" height="169" width="300"/>            <media:thumbnail url="https://t00.deviantart.net/AeYDDim49xe0xu9z-9JZGHvzI-Q=/300x200/filters:fixed_height(100,100):origin()/pre00/cdb2/th/pre/i/2019/027/0/8/pt2_by_friskvore-dcy7rq9.png" height="169" width="300"/>            <media:content url="https://img00.deviantart.net/c852/i/2019/027/0/8/pt2_by_friskvore-dcy7rq9.png" height="576" width="1024" medium="image"/>            
            <description>&lt;br /&gt;&lt;div&gt;&lt;img src=&quot;https://t00.deviantart.net/AeYDDim49xe0xu9z-9JZGHvzI-Q=/300x200/filters:fixed_height(100,100):origin()/pre00/cdb2/th/pre/i/2019/027/0/8/pt2_by_friskvore-dcy7rq9.png&quot; alt=&quot;thumbnail&quot; /&gt;&lt;/div&gt;</description>            </item>
                    <item>
                <title>|C| SinnerForSans |</title>
                <link>https://cockatielle.deviantart.com/art/C-SinnerForSans-783063246</link>
                <guid isPermaLink="true">https://cockatielle.deviantart.com/art/C-SinnerForSans-783063246</guid>
                <pubDate>Sun, 27 Jan 2019 17:24:36 PST</pubDate>
                        <media:title type="plain">|C| SinnerForSans |</media:title>
        <media:keywords></media:keywords>
                        <media:rating>nonadult</media:rating>
                <media:category label="Other">fanart/digital/other</media:category>
        <media:credit role="author" scheme="urn:ebu">Cockatielle</media:credit>
        <media:credit role="author" scheme="urn:ebu">https://a.deviantart.net/avatars/c/o/cockatielle.jpg?12</media:credit>
        <media:copyright url="https://cockatielle.deviantart.com">Copyright 2019 Cockatielle</media:copyright>
            <media:community>
                <media:tags>@Cockatielle</media:tags>
            </media:community>            <media:description type="html">&lt;div align=&quot;center&quot;&gt;&lt;span&gt;&lt;i&gt;Commission for &lt;span class=&quot;username-with-symbol u&quot;&gt;&lt;a class=&quot;u regular username&quot; href=&quot;https://www.deviantart.com/sinnerforsans&quot;&gt;SinnerForSans&lt;/a&gt;&lt;span class=&quot;user-symbol regular&quot; data-quicktip-text=&quot;&quot; data-show-tooltip=&quot;&quot; data-gruser-type=&quot;regular&quot;&gt;&lt;/span&gt;&lt;/span&gt; &amp;lt;3&lt;/i&gt;&lt;/span&gt;&lt;/div&gt;&lt;div align=&quot;center&quot;&gt;&lt;i&gt;&lt;br /&gt;&lt;/i&gt;&lt;/div&gt;&lt;div align=&quot;center&quot;&gt;&lt;span&gt;&lt;i&gt;Hope you like it!&lt;img src=&quot;https://e.deviantart.net/emoticons/l/love2.gif&quot; alt=&quot;Love&quot; style=&quot;width: 26px; height: 17px;&quot; data-embed-type=&quot;emoticon&quot; data-embed-id=&quot;276&quot;&gt;&amp;nbsp;&lt;/i&gt;&lt;/span&gt;&lt;/div&gt;</media:description>            <media:thumbnail url="https://t00.deviantart.net/VnKfZYE94BU32oQdiKgRwVsp_r4=/fit-in/150x150/filters:no_upscale():origin()/pre00/e555/th/pre/f/2019/027/8/a/_c__sinnerforsans___by_cockatielle-dcy7rgu.png" height="150" width="143"/>            <media:thumbnail url="https://t00.deviantart.net/kqlkRFCaNqXZoNQYWRAzTnyXav8=/fit-in/300x900/filters:no_upscale():origin()/pre00/e555/th/pre/f/2019/027/8/a/_c__sinnerforsans___by_cockatielle-dcy7rgu.png" height="314" width="300"/>            <media:thumbnail url="https://t00.deviantart.net/KtLzJzeFUOP_U8uqwojbUOl9wyA=/300x200/filters:fixed_height(100,100):origin()/pre00/e555/th/pre/f/2019/027/8/a/_c__sinnerforsans___by_cockatielle-dcy7rgu.png" height="200" width="191"/>            <media:content url="https://orig00.deviantart.net/7914/f/2019/027/8/a/_c__sinnerforsans___by_cockatielle-dcy7rgu.png" height="745" width="711" medium="image"/>            
            <description>&lt;div align=&quot;center&quot;&gt;&lt;span&gt;&lt;i&gt;Commission for &lt;span class=&quot;username-with-symbol u&quot;&gt;&lt;a class=&quot;u regular username&quot; href=&quot;https://www.deviantart.com/sinnerforsans&quot;&gt;SinnerForSans&lt;/a&gt;&lt;span class=&quot;user-symbol regular&quot; data-quicktip-text=&quot;&quot; data-show-tooltip=&quot;&quot; data-gruser-type=&quot;regular&quot;&gt;&lt;/span&gt;&lt;/span&gt; &amp;lt;3&lt;/i&gt;&lt;/span&gt;&lt;/div&gt;&lt;div align=&quot;center&quot;&gt;&lt;i&gt;&lt;br /&gt;&lt;/i&gt;&lt;/div&gt;&lt;div align=&quot;center&quot;&gt;&lt;span&gt;&lt;i&gt;Hope you like it!&lt;img src=&quot;https://e.deviantart.net/emoticons/l/love2.gif&quot; alt=&quot;Love&quot; style=&quot;width: 26px; height: 17px;&quot; data-embed-type=&quot;emoticon&quot; data-embed-id=&quot;276&quot;&gt;&amp;nbsp;&lt;/i&gt;&lt;/span&gt;&lt;/div&gt;&lt;br /&gt;&lt;div&gt;&lt;img src=&quot;https://t00.deviantart.net/KtLzJzeFUOP_U8uqwojbUOl9wyA=/300x200/filters:fixed_height(100,100):origin()/pre00/e555/th/pre/f/2019/027/8/a/_c__sinnerforsans___by_cockatielle-dcy7rgu.png&quot; alt=&quot;thumbnail&quot; /&gt;&lt;/div&gt;</description>            </item>
                    <item>
                <title>Seamless Ree&#039;textures (8)</title>
                <link>https://denicedell.deviantart.com/art/Seamless-Ree-textures-8-783058272</link>
                <guid isPermaLink="true">https://denicedell.deviantart.com/art/Seamless-Ree-textures-8-783058272</guid>
                <pubDate>Sun, 27 Jan 2019 17:24:36 PST</pubDate>
                        <media:title type="plain">Seamless Ree&#039;textures (8)</media:title>
        <media:keywords></media:keywords>
                        <media:rating>nonadult</media:rating>
                <media:category label="Abstract">customization/wallpaper/abstract</media:category>
        <media:credit role="author" scheme="urn:ebu">Denicedell</media:credit>
        <media:credit role="author" scheme="urn:ebu">https://a.deviantart.net/avatars/d/e/denicedell.png?2</media:credit>
        <media:copyright url="https://denicedell.deviantart.com">Copyright 2019 Denicedell</media:copyright>            <media:description type="html"></media:description>            <media:thumbnail url="https://t00.deviantart.net/0LlxD9k53rx3xPmIkTnIPnNLFqA=/fit-in/150x150/filters:no_upscale():origin()/pre00/b9fb/th/pre/f/2019/027/a/4/seamless_ree_textures__8__by_denicedell-dcy7nmo.jpg" height="129" width="150"/>            <media:thumbnail url="https://t00.deviantart.net/-bPoYycgo4EkJOeYjFw8PSp7uu4=/fit-in/300x900/filters:no_upscale():origin()/pre00/b9fb/th/pre/f/2019/027/a/4/seamless_ree_textures__8__by_denicedell-dcy7nmo.jpg" height="258" width="300"/>            <media:thumbnail url="https://t00.deviantart.net/nPBP3UhK_h6HNaF-UDOjp21owfs=/300x200/filters:fixed_height(100,100):origin()/pre00/b9fb/th/pre/f/2019/027/a/4/seamless_ree_textures__8__by_denicedell-dcy7nmo.jpg" height="200" width="232"/>            <media:content url="https://pre00.deviantart.net/b9fb/th/pre/f/2019/027/a/4/seamless_ree_textures__8__by_denicedell-dcy7nmo.jpg" height="830" width="963" medium="image"/>            
            <description>&lt;br /&gt;&lt;div&gt;&lt;img src=&quot;https://t00.deviantart.net/nPBP3UhK_h6HNaF-UDOjp21owfs=/300x200/filters:fixed_height(100,100):origin()/pre00/b9fb/th/pre/f/2019/027/a/4/seamless_ree_textures__8__by_denicedell-dcy7nmo.jpg&quot; alt=&quot;thumbnail&quot; /&gt;&lt;/div&gt;</description>            </item>
                    <item>
                <title>Poster Girl Character Design for WeebSupreme</title>
                <link>https://fllamjr.deviantart.com/art/Poster-Girl-Character-Design-for-WeebSupreme-783057306</link>
                <guid isPermaLink="true">https://fllamjr.deviantart.com/art/Poster-Girl-Character-Design-for-WeebSupreme-783057306</guid>
                <pubDate>Sun, 27 Jan 2019 17:24:36 PST</pubDate>
                        <media:title type="plain">Poster Girl Character Design for WeebSupreme</media:title>
        <media:keywords></media:keywords>
                        <media:rating>nonadult</media:rating>
                <media:category label="Conceptual">digitalart/paintings/illustrations/conceptual</media:category>
        <media:credit role="author" scheme="urn:ebu">fllamjr</media:credit>
        <media:credit role="author" scheme="urn:ebu">https://a.deviantart.net/avatars/f/l/fllamjr.png?15</media:credit>
        <media:copyright url="https://fllamjr.deviantart.com">Copyright 2019 fllamjr</media:copyright>             <creativeCommons:license>http://creativecommons.org/licenses/by-nc-nd/3.0/</creativeCommons:license>
                <media:description type="html">&lt;span&gt;Commission for character design of WeebSupreme&#039;s Poster Girl as well as 2 poses with specific clothes and poses.&lt;br /&gt;&amp;nbsp;&lt;/span&gt;&lt;br /&gt;&lt;span&gt;Uncensored/no watermark version may be available in their site or for purchase as t-shirts in the future.&amp;nbsp;&lt;br /&gt;&lt;/span&gt;&lt;br /&gt;&lt;span&gt;Thank you for viewing and all the likes!&lt;br /&gt;&lt;br /&gt;Done in Clip Studio Paint&lt;/span&gt;</media:description>            <media:thumbnail url="https://t00.deviantart.net/c_sSb2Zh_N_3dHdiuaUWBV4qCgg=/fit-in/150x150/filters:no_upscale():origin()/pre00/42e2/th/pre/i/2019/027/d/9/poster_girl_character_design_for_weebsupreme_by_fllamjr-dcy7mvu.jpg" height="150" width="120"/>            <media:thumbnail url="https://t00.deviantart.net/PbH_IvNIrxnbkTc3905hqz2oOJw=/fit-in/300x900/filters:no_upscale():origin()/pre00/42e2/th/pre/i/2019/027/d/9/poster_girl_character_design_for_weebsupreme_by_fllamjr-dcy7mvu.jpg" height="375" width="300"/>            <media:thumbnail url="https://t00.deviantart.net/RLJeSpCHFc51HzDNSK4aH4DGmsQ=/300x200/filters:fixed_height(100,100):origin()/pre00/42e2/th/pre/i/2019/027/d/9/poster_girl_character_design_for_weebsupreme_by_fllamjr-dcy7mvu.jpg" height="200" width="160"/>            <media:content url="https://img00.deviantart.net/f39a/i/2019/027/d/9/poster_girl_character_design_for_weebsupreme_by_fllamjr-dcy7mvu.jpg" height="750" width="600" medium="image"/>            
            <description>&lt;span&gt;Commission for character design of WeebSupreme&#039;s Poster Girl as well as 2 poses with specific clothes and poses.&lt;br /&gt;&amp;nbsp;&lt;/span&gt;&lt;br /&gt;&lt;span&gt;Uncensored/no watermark version may be available in their site or for purchase as t-shirts in the future.&amp;nbsp;&lt;br /&gt;&lt;/span&gt;&lt;br /&gt;&lt;span&gt;Thank you for viewing and all the likes!&lt;br /&gt;&lt;br /&gt;Done in Clip Studio Paint&lt;/span&gt;&lt;br /&gt;&lt;div&gt;&lt;img src=&quot;https://t00.deviantart.net/RLJeSpCHFc51HzDNSK4aH4DGmsQ=/300x200/filters:fixed_height(100,100):origin()/pre00/42e2/th/pre/i/2019/027/d/9/poster_girl_character_design_for_weebsupreme_by_fllamjr-dcy7mvu.jpg&quot; alt=&quot;thumbnail&quot; /&gt;&lt;/div&gt;</description>            </item>
                    <item>
                <title>warming tootsies by electric heater</title>
                <link>https://footsockfan86.deviantart.com/art/warming-tootsies-by-electric-heater-783063630</link>
                <guid isPermaLink="true">https://footsockfan86.deviantart.com/art/warming-tootsies-by-electric-heater-783063630</guid>
                <pubDate>Sun, 27 Jan 2019 17:24:36 PST</pubDate>
                        <media:title type="plain">warming tootsies by electric heater</media:title>
        <media:keywords></media:keywords>
                        <media:rating>adult</media:rating>
                <media:category label="Other">photography/misc</media:category>
        <media:credit role="author" scheme="urn:ebu">footsockfan86</media:credit>
        <media:credit role="author" scheme="urn:ebu">https://a.deviantart.net/avatars/f/o/footsockfan86.jpg?2</media:credit>
        <media:copyright url="https://footsockfan86.deviantart.com">Copyright 2019 footsockfan86</media:copyright>            <media:description type="html"></media:description>            <media:thumbnail url="https://t00.deviantart.net/tIsPNKVC_3uWIZHptiPSXaown5M=/fit-in/150x150/filters:no_upscale():origin()/pre00/e1c5/th/pre/i/2019/027/3/0/warming_tootsies_by_electric_heater_by_footsockfan86-dcy7rri.jpg" height="150" width="84"/>            <media:thumbnail url="https://t00.deviantart.net/_OoMlR27KVvBjqwgrqMwJpsubM0=/fit-in/300x900/filters:no_upscale():origin()/pre00/e1c5/th/pre/i/2019/027/3/0/warming_tootsies_by_electric_heater_by_footsockfan86-dcy7rri.jpg" height="533" width="300"/>            <media:thumbnail url="https://t00.deviantart.net/vABcIm7PdLXnIw1fKvY230szE-A=/300x200/filters:fixed_height(100,100):origin()/pre00/e1c5/th/pre/i/2019/027/3/0/warming_tootsies_by_electric_heater_by_footsockfan86-dcy7rri.jpg" height="200" width="113"/>            <media:content url="https://img00.deviantart.net/007d/i/2019/027/3/0/warming_tootsies_by_electric_heater_by_footsockfan86-dcy7rri.jpg" height="1066" width="600" medium="image"/>            
            <description>&lt;br /&gt;&lt;div&gt;&lt;img src=&quot;https://t00.deviantart.net/vABcIm7PdLXnIw1fKvY230szE-A=/300x200/filters:fixed_height(100,100):origin()/pre00/e1c5/th/pre/i/2019/027/3/0/warming_tootsies_by_electric_heater_by_footsockfan86-dcy7rri.jpg&quot; alt=&quot;thumbnail&quot; /&gt;&lt;/div&gt;</description>            </item>
                    <item>
                <title> Dsc0074</title>
                <link>https://lonewolfmann.deviantart.com/art/Dsc0074-783063367</link>
                <guid isPermaLink="true">https://lonewolfmann.deviantart.com/art/Dsc0074-783063367</guid>
                <pubDate>Sun, 27 Jan 2019 17:24:33 PST</pubDate>
                        <media:title type="plain"> Dsc0074</media:title>
        <media:keywords></media:keywords>
                        <media:rating>nonadult</media:rating>
                <media:category label="Other">photography/nature/other</media:category>
        <media:credit role="author" scheme="urn:ebu">Lonewolfmann</media:credit>
        <media:credit role="author" scheme="urn:ebu">https://a.deviantart.net/avatars/l/o/lonewolfmann.jpg?2</media:credit>
        <media:copyright url="https://lonewolfmann.deviantart.com">Copyright 2019 Lonewolfmann</media:copyright>            <media:description type="html"></media:description>            <media:thumbnail url="https://t00.deviantart.net/1XgJAj8sN7-ADqWk6EsNGopqzhI=/fit-in/150x150/filters:no_upscale():origin()/pre00/c4ee/th/pre/i/2019/027/b/7/_dsc0074_by_lonewolfmann-dcy7rk7.jpg" height="100" width="150"/>            <media:thumbnail url="https://t00.deviantart.net/6HQi84Oc4erS3AR5xj1cEOKP7y8=/fit-in/300x900/filters:no_upscale():origin()/pre00/c4ee/th/pre/i/2019/027/b/7/_dsc0074_by_lonewolfmann-dcy7rk7.jpg" height="200" width="300"/>            <media:thumbnail url="https://t00.deviantart.net/RKpZGWpRmz7G4AVOoOw7-VLBIPQ=/300x200/filters:fixed_height(100,100):origin()/pre00/c4ee/th/pre/i/2019/027/b/7/_dsc0074_by_lonewolfmann-dcy7rk7.jpg" height="200" width="300"/>            <media:content url="https://pre00.deviantart.net/c4ee/th/pre/i/2019/027/b/7/_dsc0074_by_lonewolfmann-dcy7rk7.jpg" height="729" width="1096" medium="image"/>            
            <description>&lt;br /&gt;&lt;div&gt;&lt;img src=&quot;https://t00.deviantart.net/RKpZGWpRmz7G4AVOoOw7-VLBIPQ=/300x200/filters:fixed_height(100,100):origin()/pre00/c4ee/th/pre/i/2019/027/b/7/_dsc0074_by_lonewolfmann-dcy7rk7.jpg&quot; alt=&quot;thumbnail&quot; /&gt;&lt;/div&gt;</description>            </item>
                    <item>
                <title>Elias Pettersson Canucks Desktop Wallpaper NHL</title>
                <link>https://motzaburger.deviantart.com/art/Elias-Pettersson-Canucks-Desktop-Wallpaper-NHL-783063370</link>
                <guid isPermaLink="true">https://motzaburger.deviantart.com/art/Elias-Pettersson-Canucks-Desktop-Wallpaper-NHL-783063370</guid>
                <pubDate>Sun, 27 Jan 2019 17:24:32 PST</pubDate>
                        <media:title type="plain">Elias Pettersson Canucks Desktop Wallpaper NHL</media:title>
        <media:keywords></media:keywords>
                        <media:rating>nonadult</media:rating>
                <media:category label="Other">fanart/wallpaper/other</media:category>
        <media:credit role="author" scheme="urn:ebu">motzaburger</media:credit>
        <media:credit role="author" scheme="urn:ebu">https://a.deviantart.net/avatars/m/o/motzaburger.png?4</media:credit>
        <media:copyright url="https://motzaburger.deviantart.com">Copyright 2019 motzaburger</media:copyright>             <creativeCommons:license>http://creativecommons.org/licenses/by-nc-nd/3.0/</creativeCommons:license>
                <media:description type="html"></media:description>            <media:thumbnail url="https://t00.deviantart.net/OkDw7CfHJGFPUc4oQ0DdPLQa5fg=/fit-in/150x150/filters:no_upscale():origin()/pre00/c5fe/th/pre/f/2019/027/b/8/elias_pettersson_canucks_desktop_wallpaper_nhl_by_motzaburger-dcy7rka.jpg" height="94" width="150"/>            <media:thumbnail url="https://t00.deviantart.net/24OI1XcsiBu4cxYPSLGAnyjeqWU=/fit-in/300x900/filters:no_upscale():origin()/pre00/c5fe/th/pre/f/2019/027/b/8/elias_pettersson_canucks_desktop_wallpaper_nhl_by_motzaburger-dcy7rka.jpg" height="188" width="300"/>            <media:thumbnail url="https://t00.deviantart.net/5yc1N1dNK0R-t296dTt4f2VmIpM=/300x200/filters:fixed_height(100,100):origin()/pre00/c5fe/th/pre/f/2019/027/b/8/elias_pettersson_canucks_desktop_wallpaper_nhl_by_motzaburger-dcy7rka.jpg" height="188" width="300"/>            <media:content url="https://pre00.deviantart.net/c5fe/th/pre/f/2019/027/b/8/elias_pettersson_canucks_desktop_wallpaper_nhl_by_motzaburger-dcy7rka.jpg" height="707" width="1131" medium="image"/>            
            <description>&lt;br /&gt;&lt;div&gt;&lt;img src=&quot;https://t00.deviantart.net/5yc1N1dNK0R-t296dTt4f2VmIpM=/300x200/filters:fixed_height(100,100):origin()/pre00/c5fe/th/pre/f/2019/027/b/8/elias_pettersson_canucks_desktop_wallpaper_nhl_by_motzaburger-dcy7rka.jpg&quot; alt=&quot;thumbnail&quot; /&gt;&lt;/div&gt;</description>            </item>
                    <item>
                <title>LIVESTREAM ONLINE</title>
                <link>https://nate-draws.deviantart.com/art/LIVESTREAM-ONLINE-783063593</link>
                <guid isPermaLink="true">https://nate-draws.deviantart.com/art/LIVESTREAM-ONLINE-783063593</guid>
                <pubDate>Sun, 27 Jan 2019 17:24:32 PST</pubDate>
                        <media:title type="plain">LIVESTREAM ONLINE</media:title>
        <media:keywords></media:keywords>
                        <media:rating>nonadult</media:rating>
                <media:category label="Animals">anthro/digital/drawings/animals</media:category>
        <media:credit role="author" scheme="urn:ebu">nate-draws</media:credit>
        <media:credit role="author" scheme="urn:ebu">https://a.deviantart.net/avatars/n/a/nate-draws.png?6</media:credit>
        <media:copyright url="https://nate-draws.deviantart.com">Copyright 2019 nate-draws</media:copyright>            <media:description type="html">&amp;#127752; LIVE STREAMING &amp;#127752;&lt;br /&gt;Mic: OFF | Music: ON &lt;br /&gt;&lt;br /&gt;Come keep me company in the chat! Working on a little Neopets doodle and Furnal Equinox merch &lt;br /&gt;&lt;br /&gt;&lt;a class=&quot;external&quot; href=&quot;https://www.deviantart.com/users/outgoing?https://picarto.tv/natedrws&quot;&gt;picarto.tv/natedrws&lt;/a&gt;</media:description>            <media:thumbnail url="https://t00.deviantart.net/MXgsRqAe9K_AMNRbRKFVZNkElKI=/fit-in/150x150/filters:no_upscale():origin()/pre00/3765/th/pre/i/2019/027/7/f/livestream_online_by_nate_draws-dcy7rqh.jpg" height="113" width="150"/>            <media:thumbnail url="https://t00.deviantart.net/HcPUAX6rXlNKLJvomeaEsy0VuaY=/fit-in/300x900/filters:no_upscale():origin()/pre00/3765/th/pre/i/2019/027/7/f/livestream_online_by_nate_draws-dcy7rqh.jpg" height="225" width="300"/>            <media:thumbnail url="https://t00.deviantart.net/GHhkIG1t_iBjM4Wo_IO2xF5hJiY=/300x200/filters:fixed_height(100,100):origin()/pre00/3765/th/pre/i/2019/027/7/f/livestream_online_by_nate_draws-dcy7rqh.jpg" height="200" width="267"/>            <media:content url="https://img00.deviantart.net/324f/i/2019/027/7/f/livestream_online_by_nate_draws-dcy7rqh.jpg" height="768" width="1024" medium="image"/>            
            <description>&amp;#127752; LIVE STREAMING &amp;#127752;&lt;br /&gt;Mic: OFF | Music: ON &lt;br /&gt;&lt;br /&gt;Come keep me company in the chat! Working on a little Neopets doodle and Furnal Equinox merch &lt;br /&gt;&lt;br /&gt;&lt;a class=&quot;external&quot; href=&quot;https://www.deviantart.com/users/outgoing?https://picarto.tv/natedrws&quot;&gt;picarto.tv/natedrws&lt;/a&gt;&lt;br /&gt;&lt;div&gt;&lt;img src=&quot;https://t00.deviantart.net/GHhkIG1t_iBjM4Wo_IO2xF5hJiY=/300x200/filters:fixed_height(100,100):origin()/pre00/3765/th/pre/i/2019/027/7/f/livestream_online_by_nate_draws-dcy7rqh.jpg&quot; alt=&quot;thumbnail&quot; /&gt;&lt;/div&gt;</description>            </item>
                    <item>
                <title>Seamless Ree&#039;textures (12)</title>
                <link>https://denicedell.deviantart.com/art/Seamless-Ree-textures-12-783058189</link>
                <guid isPermaLink="true">https://denicedell.deviantart.com/art/Seamless-Ree-textures-12-783058189</guid>
                <pubDate>Sun, 27 Jan 2019 17:24:32 PST</pubDate>
                        <media:title type="plain">Seamless Ree&#039;textures (12)</media:title>
        <media:keywords></media:keywords>
                        <media:rating>nonadult</media:rating>
                <media:category label="Abstract">customization/wallpaper/abstract</media:category>
        <media:credit role="author" scheme="urn:ebu">Denicedell</media:credit>
        <media:credit role="author" scheme="urn:ebu">https://a.deviantart.net/avatars/d/e/denicedell.png?2</media:credit>
        <media:copyright url="https://denicedell.deviantart.com">Copyright 2019 Denicedell</media:copyright>            <media:description type="html"></media:description>            <media:thumbnail url="https://t00.deviantart.net/KoOPofzpIu3Otg3aypjT0K7TDyg=/fit-in/150x150/filters:no_upscale():origin()/pre00/a029/th/pre/f/2019/027/a/8/seamless_ree_textures__12__by_denicedell-dcy7nkd.png" height="150" width="150"/>            <media:thumbnail url="https://t00.deviantart.net/wqFjVjZn4kjtDltzlJx0kxRDSWU=/fit-in/300x900/filters:no_upscale():origin()/pre00/a029/th/pre/f/2019/027/a/8/seamless_ree_textures__12__by_denicedell-dcy7nkd.png" height="300" width="300"/>            <media:thumbnail url="https://t00.deviantart.net/mq3-O4UPatPGoS3qHcmH_4DDg6A=/300x200/filters:fixed_height(100,100):origin()/pre00/a029/th/pre/f/2019/027/a/8/seamless_ree_textures__12__by_denicedell-dcy7nkd.png" height="200" width="200"/>            <media:content url="https://pre00.deviantart.net/a029/th/pre/f/2019/027/a/8/seamless_ree_textures__12__by_denicedell-dcy7nkd.png" height="894" width="894" medium="image"/>            
            <description>&lt;br /&gt;&lt;div&gt;&lt;img src=&quot;https://t00.deviantart.net/mq3-O4UPatPGoS3qHcmH_4DDg6A=/300x200/filters:fixed_height(100,100):origin()/pre00/a029/th/pre/f/2019/027/a/8/seamless_ree_textures__12__by_denicedell-dcy7nkd.png&quot; alt=&quot;thumbnail&quot; /&gt;&lt;/div&gt;</description>            </item>
                    <item>
                <title>Seamless Ree&#039;textures (18)</title>
                <link>https://denicedell.deviantart.com/art/Seamless-Ree-textures-18-783058071</link>
                <guid isPermaLink="true">https://denicedell.deviantart.com/art/Seamless-Ree-textures-18-783058071</guid>
                <pubDate>Sun, 27 Jan 2019 17:24:31 PST</pubDate>
                        <media:title type="plain">Seamless Ree&#039;textures (18)</media:title>
        <media:keywords></media:keywords>
                        <media:rating>nonadult</media:rating>
                <media:category label="Abstract">customization/wallpaper/abstract</media:category>
        <media:credit role="author" scheme="urn:ebu">Denicedell</media:credit>
        <media:credit role="author" scheme="urn:ebu">https://a.deviantart.net/avatars/d/e/denicedell.png?2</media:credit>
        <media:copyright url="https://denicedell.deviantart.com">Copyright 2019 Denicedell</media:copyright>            <media:description type="html"></media:description>            <media:thumbnail url="https://t00.deviantart.net/dH6G3RPsGEkeGdLnr0j1WkWOB9A=/fit-in/150x150/filters:no_upscale():origin()/pre00/7ba8/th/pre/i/2019/027/f/8/seamless_ree_textures__18__by_denicedell-dcy7nh3.png" height="108" width="150"/>            <media:thumbnail url="https://t00.deviantart.net/k-1Q-E3TOndX6X2jv4RcjmlieK8=/fit-in/300x900/filters:no_upscale():origin()/pre00/7ba8/th/pre/i/2019/027/f/8/seamless_ree_textures__18__by_denicedell-dcy7nh3.png" height="215" width="300"/>            <media:thumbnail url="https://t00.deviantart.net/KQxvxy1HO4ag433u4YFoDbI1_vI=/300x200/filters:fixed_height(100,100):origin()/pre00/7ba8/th/pre/i/2019/027/f/8/seamless_ree_textures__18__by_denicedell-dcy7nh3.png" height="200" width="278"/>            <media:content url="https://pre00.deviantart.net/7ba8/th/pre/i/2019/027/f/8/seamless_ree_textures__18__by_denicedell-dcy7nh3.png" height="757" width="1055" medium="image"/>            
            <description>&lt;br /&gt;&lt;div&gt;&lt;img src=&quot;https://t00.deviantart.net/KQxvxy1HO4ag433u4YFoDbI1_vI=/300x200/filters:fixed_height(100,100):origin()/pre00/7ba8/th/pre/i/2019/027/f/8/seamless_ree_textures__18__by_denicedell-dcy7nh3.png&quot; alt=&quot;thumbnail&quot; /&gt;&lt;/div&gt;</description>            </item>
                    <item>
                <title>jamie </title>
                <link>https://existentialnobody.deviantart.com/art/jamie-783063621</link>
                <guid isPermaLink="true">https://existentialnobody.deviantart.com/art/jamie-783063621</guid>
                <pubDate>Sun, 27 Jan 2019 17:24:30 PST</pubDate>
                        <media:title type="plain">jamie </media:title>
        <media:keywords></media:keywords>
                        <media:rating>nonadult</media:rating>
                <media:category label="Other">traditional/other</media:category>
        <media:credit role="author" scheme="urn:ebu">ExistentialNobody</media:credit>
        <media:credit role="author" scheme="urn:ebu">https://a.deviantart.net/avatars/e/x/existentialnobody.jpg?10</media:credit>
        <media:copyright url="https://existentialnobody.deviantart.com">Copyright 2019 ExistentialNobody</media:copyright>            <media:description type="html">info on the boye : &lt;br /&gt;&lt;br /&gt;Jamison Frey&lt;br /&gt;19 years old &lt;br /&gt;Male&lt;br /&gt;Asexual / Panromantic&lt;br /&gt;&lt;br /&gt;&amp;lt;&amp;gt;&amp;lt;&amp;gt;&amp;lt;&amp;gt;&amp;lt;&amp;gt;&amp;lt;&amp;gt;&lt;br /&gt;&lt;br /&gt;Borrower&lt;br /&gt;8 inches tall &lt;br /&gt;He&#039;s considered a bit taller than others of his kind.&lt;br /&gt;&lt;br /&gt;&amp;lt;&amp;gt;&amp;lt;&amp;gt;&amp;lt;&amp;gt;&amp;lt;&amp;gt;&amp;lt;&amp;gt;&lt;br /&gt;&lt;br /&gt;Anxious, can sometimes be irrational. Cautious during &quot;borrowing.&quot; He prefers to be alone so no one is there to slow him down.&lt;br /&gt;&lt;br /&gt;&amp;lt;&amp;gt;&amp;lt;&amp;gt;&amp;lt;&amp;gt;&amp;lt;&amp;gt;&amp;lt;&amp;gt;&lt;br /&gt;&lt;br /&gt;Decent climber. He has an injured leg though, so it makes it more difficult and painful to run and climb. &lt;br /&gt;&lt;br /&gt;&amp;lt;&amp;gt;&amp;lt;&amp;gt;&amp;lt;&amp;gt;&amp;lt;&amp;gt;&amp;lt;&amp;gt;&lt;br /&gt;&lt;br /&gt;(( yeah im aware that these little shits would have literally NO chance of survival. &lt;br /&gt;&lt;br /&gt;and some people don&#039;t read this far down, or really bother reading descriptions. so uhm &lt;br /&gt;&lt;br /&gt;sup</media:description>            <media:thumbnail url="https://t00.deviantart.net/YrnXwARlEgOSQIHZE78DaGD6WdI=/fit-in/150x150/filters:no_upscale():origin()/pre00/7d51/th/pre/i/2019/027/5/a/jamie__by_existentialnobody-dcy7rr9.jpg" height="150" width="145"/>            <media:thumbnail url="https://t00.deviantart.net/t6TLfXGjSGGTwrPf8Lgc6UkRDF4=/fit-in/300x900/filters:no_upscale():origin()/pre00/7d51/th/pre/i/2019/027/5/a/jamie__by_existentialnobody-dcy7rr9.jpg" height="311" width="300"/>            <media:thumbnail url="https://t00.deviantart.net/QvYnEKdsfvVqtM9FVFS6olUEySw=/300x200/filters:fixed_height(100,100):origin()/pre00/7d51/th/pre/i/2019/027/5/a/jamie__by_existentialnobody-dcy7rr9.jpg" height="200" width="193"/>            <media:content url="https://pre00.deviantart.net/7d51/th/pre/i/2019/027/5/a/jamie__by_existentialnobody-dcy7rr9.jpg" height="910" width="878" medium="image"/>            
            <description>info on the boye : &lt;br /&gt;&lt;br /&gt;Jamison Frey&lt;br /&gt;19 years old &lt;br /&gt;Male&lt;br /&gt;Asexual / Panromantic&lt;br /&gt;&lt;br /&gt;&amp;lt;&amp;gt;&amp;lt;&amp;gt;&amp;lt;&amp;gt;&amp;lt;&amp;gt;&amp;lt;&amp;gt;&lt;br /&gt;&lt;br /&gt;Borrower&lt;br /&gt;8 inches tall &lt;br /&gt;He&#039;s considered a bit taller than others of his kind.&lt;br /&gt;&lt;br /&gt;&amp;lt;&amp;gt;&amp;lt;&amp;gt;&amp;lt;&amp;gt;&amp;lt;&amp;gt;&amp;lt;&amp;gt;&lt;br /&gt;&lt;br /&gt;Anxious, can sometimes be irrational. Cautious during &quot;borrowing.&quot; He prefers to be alone so no one is there to slow him down.&lt;br /&gt;&lt;br /&gt;&amp;lt;&amp;gt;&amp;lt;&amp;gt;&amp;lt;&amp;gt;&amp;lt;&amp;gt;&amp;lt;&amp;gt;&lt;br /&gt;&lt;br /&gt;Decent climber. He has an injured leg though, so it makes it more difficult and painful to run and climb. &lt;br /&gt;&lt;br /&gt;&amp;lt;&amp;gt;&amp;lt;&amp;gt;&amp;lt;&amp;gt;&amp;lt;&amp;gt;&amp;lt;&amp;gt;&lt;br /&gt;&lt;br /&gt;(( yeah im aware that these little shits would have literally NO chance of survival. &lt;br /&gt;&lt;br /&gt;and some people don&#039;t read this far down, or really bother reading descriptions. so uhm &lt;br /&gt;&lt;br /&gt;sup&lt;br /&gt;&lt;div&gt;&lt;img src=&quot;https://t00.deviantart.net/QvYnEKdsfvVqtM9FVFS6olUEySw=/300x200/filters:fixed_height(100,100):origin()/pre00/7d51/th/pre/i/2019/027/5/a/jamie__by_existentialnobody-dcy7rr9.jpg&quot; alt=&quot;thumbnail&quot; /&gt;&lt;/div&gt;</description>            </item>
                    <item>
                <title>Seamless Ree&#039;textures (13)</title>
                <link>https://denicedell.deviantart.com/art/Seamless-Ree-textures-13-783058181</link>
                <guid isPermaLink="true">https://denicedell.deviantart.com/art/Seamless-Ree-textures-13-783058181</guid>
                <pubDate>Sun, 27 Jan 2019 17:24:30 PST</pubDate>
                        <media:title type="plain">Seamless Ree&#039;textures (13)</media:title>
        <media:keywords></media:keywords>
                        <media:rating>nonadult</media:rating>
                <media:category label="Abstract">customization/wallpaper/abstract</media:category>
        <media:credit role="author" scheme="urn:ebu">Denicedell</media:credit>
        <media:credit role="author" scheme="urn:ebu">https://a.deviantart.net/avatars/d/e/denicedell.png?2</media:credit>
        <media:copyright url="https://denicedell.deviantart.com">Copyright 2019 Denicedell</media:copyright>            <media:description type="html"></media:description>            <media:thumbnail url="https://t00.deviantart.net/v8fSHffx2moVS-ixWxHLrgoaFjM=/fit-in/150x150/filters:no_upscale():origin()/pre00/8c8c/th/pre/f/2019/027/6/9/seamless_ree_textures__13__by_denicedell-dcy7nk5.jpg" height="121" width="150"/>            <media:thumbnail url="https://t00.deviantart.net/FvNI_NFyoFkhMsPmkcgR-JszdLA=/fit-in/300x900/filters:no_upscale():origin()/pre00/8c8c/th/pre/f/2019/027/6/9/seamless_ree_textures__13__by_denicedell-dcy7nk5.jpg" height="242" width="300"/>            <media:thumbnail url="https://t00.deviantart.net/xOklsvnXAovF_vqkGquyvdgkL8A=/300x200/filters:fixed_height(100,100):origin()/pre00/8c8c/th/pre/f/2019/027/6/9/seamless_ree_textures__13__by_denicedell-dcy7nk5.jpg" height="200" width="248"/>            <media:content url="https://pre00.deviantart.net/8c8c/th/pre/f/2019/027/6/9/seamless_ree_textures__13__by_denicedell-dcy7nk5.jpg" height="803" width="995" medium="image"/>            
            <description>&lt;br /&gt;&lt;div&gt;&lt;img src=&quot;https://t00.deviantart.net/xOklsvnXAovF_vqkGquyvdgkL8A=/300x200/filters:fixed_height(100,100):origin()/pre00/8c8c/th/pre/f/2019/027/6/9/seamless_ree_textures__13__by_denicedell-dcy7nk5.jpg&quot; alt=&quot;thumbnail&quot; /&gt;&lt;/div&gt;</description>            </item>
                    <item>
                <title>Tir</title>
                <link>https://danielle-chan.deviantart.com/art/Tir-783063036</link>
                <guid isPermaLink="true">https://danielle-chan.deviantart.com/art/Tir-783063036</guid>
                <pubDate>Sun, 27 Jan 2019 17:24:29 PST</pubDate>
                        <media:title type="plain">Tir</media:title>
        <media:keywords></media:keywords>
                        <media:rating>nonadult</media:rating>
                <media:category label="Drawings">manga/digital/drawings</media:category>
        <media:credit role="author" scheme="urn:ebu">Danielle-chan</media:credit>
        <media:credit role="author" scheme="urn:ebu">https://a.deviantart.net/avatars/d/a/danielle-chan.gif?9</media:credit>
        <media:copyright url="https://danielle-chan.deviantart.com">Copyright 2019 Danielle-chan</media:copyright>            <media:description type="html">My charmini! I finally got to sit down and finish some stuff this weekend.&amp;nbsp;&lt;br /&gt;&lt;br /&gt;Species owned by &lt;span class=&quot;username-with-symbol u&quot;&gt;&lt;a class=&quot;u beta username&quot; href=&quot;https://www.deviantart.com/scarletscreations&quot;&gt;scarletscreations&lt;/a&gt;&lt;span class=&quot;user-symbol beta&quot; data-quicktip-text=&quot;Beta Tester&quot; data-show-tooltip=&quot;1&quot; data-gruser-type=&quot;beta&quot;&gt;&lt;/span&gt;&lt;/span&gt;</media:description>            <media:thumbnail url="https://t00.deviantart.net/B034BeH9l0GneIpb00i1mq7nNtc=/fit-in/150x150/filters:no_upscale():origin()/pre00/8d40/th/pre/i/2019/027/1/8/tir_by_danielle_chan-dcy7rb0.png" height="150" width="133"/>            <media:thumbnail url="https://t00.deviantart.net/VGdE4s3xJK9Jv-wdiBGAKyCabQQ=/fit-in/300x900/filters:no_upscale():origin()/pre00/8d40/th/pre/i/2019/027/1/8/tir_by_danielle_chan-dcy7rb0.png" height="337" width="300"/>            <media:thumbnail url="https://t00.deviantart.net/MjJHAJAPZAkz_EsO_fXF1QktdZ0=/300x200/filters:fixed_height(100,100):origin()/pre00/8d40/th/pre/i/2019/027/1/8/tir_by_danielle_chan-dcy7rb0.png" height="200" width="178"/>            <media:content url="https://pre00.deviantart.net/8d40/th/pre/i/2019/027/1/8/tir_by_danielle_chan-dcy7rb0.png" height="948" width="843" medium="image"/>            
            <description>My charmini! I finally got to sit down and finish some stuff this weekend.&amp;nbsp;&lt;br /&gt;&lt;br /&gt;Species owned by &lt;span class=&quot;username-with-symbol u&quot;&gt;&lt;a class=&quot;u beta username&quot; href=&quot;https://www.deviantart.com/scarletscreations&quot;&gt;scarletscreations&lt;/a&gt;&lt;span class=&quot;user-symbol beta&quot; data-quicktip-text=&quot;Beta Tester&quot; data-show-tooltip=&quot;1&quot; data-gruser-type=&quot;beta&quot;&gt;&lt;/span&gt;&lt;/span&gt;&lt;br /&gt;&lt;div&gt;&lt;img src=&quot;https://t00.deviantart.net/MjJHAJAPZAkz_EsO_fXF1QktdZ0=/300x200/filters:fixed_height(100,100):origin()/pre00/8d40/th/pre/i/2019/027/1/8/tir_by_danielle_chan-dcy7rb0.png&quot; alt=&quot;thumbnail&quot; /&gt;&lt;/div&gt;</description>            </item>
                    <item>
                <title>Seamless Ree&#039;textures (9)</title>
                <link>https://denicedell.deviantart.com/art/Seamless-Ree-textures-9-783058256</link>
                <guid isPermaLink="true">https://denicedell.deviantart.com/art/Seamless-Ree-textures-9-783058256</guid>
                <pubDate>Sun, 27 Jan 2019 17:24:29 PST</pubDate>
                        <media:title type="plain">Seamless Ree&#039;textures (9)</media:title>
        <media:keywords></media:keywords>
                        <media:rating>nonadult</media:rating>
                <media:category label="Abstract">customization/wallpaper/abstract</media:category>
        <media:credit role="author" scheme="urn:ebu">Denicedell</media:credit>
        <media:credit role="author" scheme="urn:ebu">https://a.deviantart.net/avatars/d/e/denicedell.png?2</media:credit>
        <media:copyright url="https://denicedell.deviantart.com">Copyright 2019 Denicedell</media:copyright>            <media:description type="html"></media:description>            <media:thumbnail url="https://t00.deviantart.net/HEmVqVaq56-0JSTUseDZakuZceg=/fit-in/150x150/filters:no_upscale():origin()/pre00/afc8/th/pre/f/2019/027/1/7/seamless_ree_textures__9__by_denicedell-dcy7nm8.jpg" height="121" width="150"/>            <media:thumbnail url="https://t00.deviantart.net/bpyMNOpYebk3BHZRprNK7ajlm4M=/fit-in/300x900/filters:no_upscale():origin()/pre00/afc8/th/pre/f/2019/027/1/7/seamless_ree_textures__9__by_denicedell-dcy7nm8.jpg" height="242" width="300"/>            <media:thumbnail url="https://t00.deviantart.net/82HxwqfH0itpi_lIIAiYwg72XSA=/300x200/filters:fixed_height(100,100):origin()/pre00/afc8/th/pre/f/2019/027/1/7/seamless_ree_textures__9__by_denicedell-dcy7nm8.jpg" height="200" width="248"/>            <media:content url="https://pre00.deviantart.net/afc8/th/pre/f/2019/027/1/7/seamless_ree_textures__9__by_denicedell-dcy7nm8.jpg" height="803" width="995" medium="image"/>            
            <description>&lt;br /&gt;&lt;div&gt;&lt;img src=&quot;https://t00.deviantart.net/82HxwqfH0itpi_lIIAiYwg72XSA=/300x200/filters:fixed_height(100,100):origin()/pre00/afc8/th/pre/f/2019/027/1/7/seamless_ree_textures__9__by_denicedell-dcy7nm8.jpg&quot; alt=&quot;thumbnail&quot; /&gt;&lt;/div&gt;</description>            </item>
                    <item>
                <title>request ~</title>
                <link>https://lowfy.deviantart.com/art/request-783063446</link>
                <guid isPermaLink="true">https://lowfy.deviantart.com/art/request-783063446</guid>
                <pubDate>Sun, 27 Jan 2019 17:24:28 PST</pubDate>
                        <media:title type="plain">request ~</media:title>
        <media:keywords></media:keywords>
                        <media:rating>nonadult</media:rating>
                <media:category label="Animals">digitalart/paintings/animals</media:category>
        <media:credit role="author" scheme="urn:ebu">Lowfy</media:credit>
        <media:credit role="author" scheme="urn:ebu">https://a.deviantart.net/avatars/l/o/lowfy.png?12</media:credit>
        <media:copyright url="https://lowfy.deviantart.com">Copyright 2019 Lowfy</media:copyright>            <media:description type="html">for &lt;a target=&quot;_self&quot; href=&quot;https://www.deviantart.com/pinkierose76&quot; &gt;&lt;img class=&quot;avatar&quot; width=&quot;50&quot; height=&quot;50&quot; src=&quot;https://a.deviantart.net/avatars/p/i/pinkierose76.png?11&quot; alt=&quot;:iconpinkierose76:&quot; title=&quot;pinkierose76&quot; /&gt;&lt;/a&gt;</media:description>            <media:thumbnail url="https://t00.deviantart.net/hJ7P-mqwOiuhEWoC9YuWKyaqSVs=/fit-in/150x150/filters:no_upscale():origin()/pre00/b86a/th/pre/f/2019/027/5/b/request___by_lowfy-dcy7rme.png" height="113" width="150"/>            <media:thumbnail url="https://t00.deviantart.net/U5U-8gn-7OBHR5sDL-JGQ9pblnU=/fit-in/300x900/filters:no_upscale():origin()/pre00/b86a/th/pre/f/2019/027/5/b/request___by_lowfy-dcy7rme.png" height="225" width="300"/>            <media:thumbnail url="https://t00.deviantart.net/0ZpwxhPmJORCAcfFtmbVO6pIYCg=/300x200/filters:fixed_height(100,100):origin()/pre00/b86a/th/pre/f/2019/027/5/b/request___by_lowfy-dcy7rme.png" height="200" width="267"/>            <media:content url="https://orig00.deviantart.net/f024/f/2019/027/5/b/request___by_lowfy-dcy7rme.png" height="768" width="1024" medium="image"/>            
            <description>for &lt;a target=&quot;_self&quot; href=&quot;https://www.deviantart.com/pinkierose76&quot; &gt;&lt;img class=&quot;avatar&quot; width=&quot;50&quot; height=&quot;50&quot; src=&quot;https://a.deviantart.net/avatars/p/i/pinkierose76.png?11&quot; alt=&quot;:iconpinkierose76:&quot; title=&quot;pinkierose76&quot; /&gt;&lt;/a&gt;&lt;br /&gt;&lt;div&gt;&lt;img src=&quot;https://t00.deviantart.net/0ZpwxhPmJORCAcfFtmbVO6pIYCg=/300x200/filters:fixed_height(100,100):origin()/pre00/b86a/th/pre/f/2019/027/5/b/request___by_lowfy-dcy7rme.png&quot; alt=&quot;thumbnail&quot; /&gt;&lt;/div&gt;</description>            </item>
                    <item>
                <title>lowkey proud of this skech</title>
                <link>https://on-33.deviantart.com/art/lowkey-proud-of-this-skech-783063613</link>
                <guid isPermaLink="true">https://on-33.deviantart.com/art/lowkey-proud-of-this-skech-783063613</guid>
                <pubDate>Sun, 27 Jan 2019 17:24:27 PST</pubDate>
                        <media:title type="plain">lowkey proud of this skech</media:title>
        <media:keywords></media:keywords>
                        <media:rating>nonadult</media:rating>
                <media:category label="Other">digitalart/paintings/other</media:category>
        <media:credit role="author" scheme="urn:ebu">ON-33</media:credit>
        <media:credit role="author" scheme="urn:ebu">https://a.deviantart.net/avatars/o/n/on-33.jpg?9</media:credit>
        <media:copyright url="https://on-33.deviantart.com">Copyright 2019 ON-33</media:copyright>            <media:description type="html">Its for an animation :000000</media:description>            <media:thumbnail url="https://t00.deviantart.net/GFT2nmg-VC5HkT1_CtTsjr78Jb4=/fit-in/150x150/filters:no_upscale():origin()/pre00/e097/th/pre/i/2019/027/6/1/lowkey_proud_of_this_skech_by_on_33-dcy7rr1.jpg" height="84" width="150"/>            <media:thumbnail url="https://t00.deviantart.net/L0sP29CkFf8OcLqnckuU6I1QpjI=/fit-in/300x900/filters:no_upscale():origin()/pre00/e097/th/pre/i/2019/027/6/1/lowkey_proud_of_this_skech_by_on_33-dcy7rr1.jpg" height="169" width="300"/>            <media:thumbnail url="https://t00.deviantart.net/RqzeKjjO6MV_In9zB9H9IOZ_BHg=/300x200/filters:fixed_height(100,100):origin()/pre00/e097/th/pre/i/2019/027/6/1/lowkey_proud_of_this_skech_by_on_33-dcy7rr1.jpg" height="169" width="300"/>            <media:content url="https://pre00.deviantart.net/e097/th/pre/i/2019/027/6/1/lowkey_proud_of_this_skech_by_on_33-dcy7rr1.jpg" height="670" width="1192" medium="image"/>            
            <description>Its for an animation :000000&lt;br /&gt;&lt;div&gt;&lt;img src=&quot;https://t00.deviantart.net/RqzeKjjO6MV_In9zB9H9IOZ_BHg=/300x200/filters:fixed_height(100,100):origin()/pre00/e097/th/pre/i/2019/027/6/1/lowkey_proud_of_this_skech_by_on_33-dcy7rr1.jpg&quot; alt=&quot;thumbnail&quot; /&gt;&lt;/div&gt;</description>            </item>
                    <item>
                <title>Shikatani Itsuki Fanart (Yarichin Bitch Club)</title>
                <link>https://kaitoitsuki.deviantart.com/art/Shikatani-Itsuki-Fanart-Yarichin-Bitch-Club-783062784</link>
                <guid isPermaLink="true">https://kaitoitsuki.deviantart.com/art/Shikatani-Itsuki-Fanart-Yarichin-Bitch-Club-783062784</guid>
                <pubDate>Sun, 27 Jan 2019 17:24:27 PST</pubDate>
                        <media:title type="plain">Shikatani Itsuki Fanart (Yarichin Bitch Club)</media:title>
        <media:keywords></media:keywords>
                        <media:rating>nonadult</media:rating>
                <media:category label="Other">fanart/manga/traditional/other</media:category>
        <media:credit role="author" scheme="urn:ebu">KaitoItsuki</media:credit>
        <media:credit role="author" scheme="urn:ebu">https://a.deviantart.net/avatars/k/a/kaitoitsuki.jpg?2</media:credit>
        <media:copyright url="https://kaitoitsuki.deviantart.com">Copyright 2019 KaitoItsuki</media:copyright>            <media:description type="html"></media:description>            <media:thumbnail url="https://t00.deviantart.net/J-moP-Wydf9PRa_2-6s0dbC-0l0=/fit-in/150x150/filters:no_upscale():origin()/pre00/d5fe/th/pre/i/2019/027/7/6/shikatani_itsuki_fanart__yarichin_bitch_club__by_kaitoitsuki-dcy7r40.jpg" height="150" width="108"/>            <media:thumbnail url="https://t00.deviantart.net/Hoi1Gz17mTkTCnHSOz0vlZ5BYaw=/fit-in/300x900/filters:no_upscale():origin()/pre00/d5fe/th/pre/i/2019/027/7/6/shikatani_itsuki_fanart__yarichin_bitch_club__by_kaitoitsuki-dcy7r40.jpg" height="418" width="300"/>            <media:thumbnail url="https://t00.deviantart.net/Ti45rL0PiCkfVDIM6_yI5WKyUmg=/300x200/filters:fixed_height(100,100):origin()/pre00/d5fe/th/pre/i/2019/027/7/6/shikatani_itsuki_fanart__yarichin_bitch_club__by_kaitoitsuki-dcy7r40.jpg" height="200" width="143"/>            <media:content url="https://pre00.deviantart.net/d5fe/th/pre/i/2019/027/7/6/shikatani_itsuki_fanart__yarichin_bitch_club__by_kaitoitsuki-dcy7r40.jpg" height="1056" width="757" medium="image"/>            
            <description>&lt;br /&gt;&lt;div&gt;&lt;img src=&quot;https://t00.deviantart.net/Ti45rL0PiCkfVDIM6_yI5WKyUmg=/300x200/filters:fixed_height(100,100):origin()/pre00/d5fe/th/pre/i/2019/027/7/6/shikatani_itsuki_fanart__yarichin_bitch_club__by_kaitoitsuki-dcy7r40.jpg&quot; alt=&quot;thumbnail&quot; /&gt;&lt;/div&gt;</description>            </item>
                    <item>
                <title>Seamless Ree&#039;textures (31)</title>
                <link>https://denicedell.deviantart.com/art/Seamless-Ree-textures-31-783057871</link>
                <guid isPermaLink="true">https://denicedell.deviantart.com/art/Seamless-Ree-textures-31-783057871</guid>
                <pubDate>Sun, 27 Jan 2019 17:24:27 PST</pubDate>
                        <media:title type="plain">Seamless Ree&#039;textures (31)</media:title>
        <media:keywords></media:keywords>
                        <media:rating>nonadult</media:rating>
                <media:category label="Abstract">customization/wallpaper/abstract</media:category>
        <media:credit role="author" scheme="urn:ebu">Denicedell</media:credit>
        <media:credit role="author" scheme="urn:ebu">https://a.deviantart.net/avatars/d/e/denicedell.png?2</media:credit>
        <media:copyright url="https://denicedell.deviantart.com">Copyright 2019 Denicedell</media:copyright>            <media:description type="html"></media:description>            <media:thumbnail url="https://t00.deviantart.net/7NafSt7RY8muggbflfp5x15HzrM=/fit-in/150x150/filters:no_upscale():origin()/pre00/1af8/th/pre/f/2019/027/4/8/seamless_ree_textures__31__by_denicedell-dcy7nbj.png" height="150" width="150"/>            <media:thumbnail url="https://t00.deviantart.net/Bgixrt6cvk4dAQjILDAt4-7pNM8=/fit-in/300x900/filters:no_upscale():origin()/pre00/1af8/th/pre/f/2019/027/4/8/seamless_ree_textures__31__by_denicedell-dcy7nbj.png" height="300" width="300"/>            <media:thumbnail url="https://t00.deviantart.net/iUJf0C0nYLxMAnE9yinwX1o5-0Y=/300x200/filters:fixed_height(100,100):origin()/pre00/1af8/th/pre/f/2019/027/4/8/seamless_ree_textures__31__by_denicedell-dcy7nbj.png" height="200" width="200"/>            <media:content url="https://pre00.deviantart.net/1af8/th/pre/f/2019/027/4/8/seamless_ree_textures__31__by_denicedell-dcy7nbj.png" height="894" width="894" medium="image"/>            
            <description>&lt;br /&gt;&lt;div&gt;&lt;img src=&quot;https://t00.deviantart.net/iUJf0C0nYLxMAnE9yinwX1o5-0Y=/300x200/filters:fixed_height(100,100):origin()/pre00/1af8/th/pre/f/2019/027/4/8/seamless_ree_textures__31__by_denicedell-dcy7nbj.png&quot; alt=&quot;thumbnail&quot; /&gt;&lt;/div&gt;</description>            </item>
                    <item>
                <title>Oh Dear God</title>
                <link>https://bluerosewarrior.deviantart.com/art/Oh-Dear-God-783063603</link>
                <guid isPermaLink="true">https://bluerosewarrior.deviantart.com/art/Oh-Dear-God-783063603</guid>
                <pubDate>Sun, 27 Jan 2019 17:24:27 PST</pubDate>
                        <media:title type="plain">Oh Dear God</media:title>
        <media:keywords></media:keywords>
                        <media:rating>nonadult</media:rating>
                <media:category label="Drawings">manga/traditional/drawings</media:category>
        <media:credit role="author" scheme="urn:ebu">BlueRoseWarrior</media:credit>
        <media:credit role="author" scheme="urn:ebu">https://a.deviantart.net/avatars/b/l/bluerosewarrior.jpg</media:credit>
        <media:copyright url="https://bluerosewarrior.deviantart.com">Copyright 2019 BlueRoseWarrior</media:copyright>            <media:description type="html">So uh.....remember the Bowserette memes?&lt;br /&gt;&lt;br /&gt;I..sorta.. Made a one with Woody&lt;br /&gt;&lt;br /&gt;Tbh I&#039;m actually kinda proud &lt;br /&gt;&lt;br /&gt;Should I do a colored version&lt;br /&gt;&lt;br /&gt;(Ps: plz don&#039;t hate meh for this)</media:description>            <media:thumbnail url="https://t00.deviantart.net/wEuUsmNMRtvsoh3mxDsMeK4tHPE=/fit-in/150x150/filters:no_upscale():origin()/pre00/54dc/th/pre/i/2019/027/4/0/oh_dear_god_by_bluerosewarrior-dcy7rqr.jpg" height="150" width="84"/>            <media:thumbnail url="https://t00.deviantart.net/cvyOYD7Qt11xFxr9GOExeSyAmwQ=/fit-in/300x900/filters:no_upscale():origin()/pre00/54dc/th/pre/i/2019/027/4/0/oh_dear_god_by_bluerosewarrior-dcy7rqr.jpg" height="533" width="300"/>            <media:thumbnail url="https://t00.deviantart.net/qPkG6b2yv_DS_EWhE_fMjxL7Ag0=/300x200/filters:fixed_height(100,100):origin()/pre00/54dc/th/pre/i/2019/027/4/0/oh_dear_god_by_bluerosewarrior-dcy7rqr.jpg" height="200" width="113"/>            <media:content url="https://img00.deviantart.net/beb5/i/2019/027/4/0/oh_dear_god_by_bluerosewarrior-dcy7rqr.jpg" height="1067" width="600" medium="image"/>            
            <description>So uh.....remember the Bowserette memes?&lt;br /&gt;&lt;br /&gt;I..sorta.. Made a one with Woody&lt;br /&gt;&lt;br /&gt;Tbh I&#039;m actually kinda proud &lt;br /&gt;&lt;br /&gt;Should I do a colored version&lt;br /&gt;&lt;br /&gt;(Ps: plz don&#039;t hate meh for this)&lt;br /&gt;&lt;div&gt;&lt;img src=&quot;https://t00.deviantart.net/qPkG6b2yv_DS_EWhE_fMjxL7Ag0=/300x200/filters:fixed_height(100,100):origin()/pre00/54dc/th/pre/i/2019/027/4/0/oh_dear_god_by_bluerosewarrior-dcy7rqr.jpg&quot; alt=&quot;thumbnail&quot; /&gt;&lt;/div&gt;</description>            </item>
                    <item>
                <title>Seamless Ree&#039;textures (30)</title>
                <link>https://denicedell.deviantart.com/art/Seamless-Ree-textures-30-783057885</link>
                <guid isPermaLink="true">https://denicedell.deviantart.com/art/Seamless-Ree-textures-30-783057885</guid>
                <pubDate>Sun, 27 Jan 2019 17:24:26 PST</pubDate>
                        <media:title type="plain">Seamless Ree&#039;textures (30)</media:title>
        <media:keywords></media:keywords>
                        <media:rating>nonadult</media:rating>
                <media:category label="Abstract">customization/wallpaper/abstract</media:category>
        <media:credit role="author" scheme="urn:ebu">Denicedell</media:credit>
        <media:credit role="author" scheme="urn:ebu">https://a.deviantart.net/avatars/d/e/denicedell.png?2</media:credit>
        <media:copyright url="https://denicedell.deviantart.com">Copyright 2019 Denicedell</media:copyright>            <media:description type="html"></media:description>            <media:thumbnail url="https://t00.deviantart.net/4kuVHZj--aCtdScmFh0TOvV4f70=/fit-in/150x150/filters:no_upscale():origin()/pre00/4b6a/th/pre/f/2019/027/a/c/seamless_ree_textures__30__by_denicedell-dcy7nbx.png" height="150" width="150"/>            <media:thumbnail url="https://t00.deviantart.net/Bc8q-zXAqp7Vxurw1zC_5P6ZFfk=/fit-in/300x900/filters:no_upscale():origin()/pre00/4b6a/th/pre/f/2019/027/a/c/seamless_ree_textures__30__by_denicedell-dcy7nbx.png" height="300" width="300"/>            <media:thumbnail url="https://t00.deviantart.net/NkcnZQE5Qq3OjHOB6AMG-1h6zns=/300x200/filters:fixed_height(100,100):origin()/pre00/4b6a/th/pre/f/2019/027/a/c/seamless_ree_textures__30__by_denicedell-dcy7nbx.png" height="200" width="200"/>            <media:content url="https://pre00.deviantart.net/4b6a/th/pre/f/2019/027/a/c/seamless_ree_textures__30__by_denicedell-dcy7nbx.png" height="894" width="894" medium="image"/>            
            <description>&lt;br /&gt;&lt;div&gt;&lt;img src=&quot;https://t00.deviantart.net/NkcnZQE5Qq3OjHOB6AMG-1h6zns=/300x200/filters:fixed_height(100,100):origin()/pre00/4b6a/th/pre/f/2019/027/a/c/seamless_ree_textures__30__by_denicedell-dcy7nbx.png&quot; alt=&quot;thumbnail&quot; /&gt;&lt;/div&gt;</description>            </item>
                    <item>
                <title>Cedars 10974</title>
                <link>https://eyeofgalyx.deviantart.com/art/Cedars-10974-783063501</link>
                <guid isPermaLink="true">https://eyeofgalyx.deviantart.com/art/Cedars-10974-783063501</guid>
                <pubDate>Sun, 27 Jan 2019 17:24:26 PST</pubDate>
                        <media:title type="plain">Cedars 10974</media:title>
        <media:keywords></media:keywords>
                        <media:rating>nonadult</media:rating>
                <media:category label="Animals">digitalart/paintings/animals</media:category>
        <media:credit role="author" scheme="urn:ebu">EyeOfGalyx</media:credit>
        <media:credit role="author" scheme="urn:ebu">https://a.deviantart.net/avatars/e/y/eyeofgalyx.png?5</media:credit>
        <media:copyright url="https://eyeofgalyx.deviantart.com">Copyright 2019 EyeOfGalyx</media:copyright>            <media:description type="html">&lt;div align=&quot;left&quot;&gt;&lt;b&gt;Name&lt;/b&gt;: Cedars&lt;br /&gt;&lt;b&gt;Nicknames&lt;/b&gt;:&amp;nbsp;&lt;br /&gt;&lt;/div&gt;&lt;div align=&quot;left&quot;&gt;&lt;b&gt;ID&lt;/b&gt;:&amp;nbsp;10974&lt;br /&gt;&lt;/div&gt;&lt;div align=&quot;left&quot;&gt;&lt;b&gt;Species&lt;/b&gt;:&amp;nbsp;&lt;span class=&quot;username-with-symbol u&quot;&gt;&lt;a class=&quot;u super group username&quot; href=&quot;https://www.deviantart.com/dracostryx&quot;&gt;DracoStryx&lt;/a&gt;&lt;span class=&quot;user-symbol super group&quot; data-quicktip-text=&quot;Super Group&quot; data-show-tooltip=&quot;1&quot; data-gruser-type=&quot;super group&quot; data-clickthrough=&quot;http://groups.deviantart.com&quot;&gt;&lt;/span&gt;&lt;/span&gt;&lt;/div&gt;&lt;div align=&quot;left&quot;&gt;&lt;b&gt;Type&lt;/b&gt;:&amp;nbsp;Common Corva&lt;br /&gt;&lt;/div&gt;&lt;div align=&quot;left&quot;&gt;&lt;b&gt;Owner&lt;/b&gt;:&amp;nbsp;&lt;span class=&quot;username-with-symbol u&quot;&gt;&lt;a class=&quot;u premium username&quot; href=&quot;https://www.deviantart.com/silbernefuchs&quot;&gt;silbernefuchs&lt;/a&gt;&lt;span class=&quot;user-symbol premium&quot; data-quicktip-text=&quot;Core Member&quot; data-show-tooltip=&quot;1&quot; data-gruser-type=&quot;premium&quot;&gt;&lt;/span&gt;&lt;/span&gt;&lt;/div&gt;&lt;div align=&quot;left&quot;&gt;&lt;b&gt;Sex&lt;/b&gt;:&amp;nbsp;Male&lt;br /&gt;&lt;/div&gt;&lt;div align=&quot;left&quot;&gt;&lt;b&gt;Genotype&lt;/b&gt;: ee/Aa/ss/nH&lt;br /&gt;&lt;b&gt;Phenotype&lt;/b&gt;: Hooded Soil&lt;br /&gt;&lt;b&gt;Free Marks&lt;/b&gt;: Mask, eye shadow, minimal white/black&lt;br /&gt;&lt;b&gt;Tail&lt;/b&gt;:&lt;b&gt;&amp;nbsp;&lt;/b&gt;Standard&lt;br /&gt;&lt;/div&gt;&lt;div align=&quot;left&quot;&gt;&lt;b&gt;Mutations&lt;/b&gt;:&amp;nbsp;&lt;br /&gt;&lt;/div&gt;&lt;div align=&quot;left&quot;&gt;&lt;b&gt;Biorhythm&lt;/b&gt;: Diurnal&lt;br /&gt;&lt;b&gt;Health&lt;/b&gt;: Healthy&lt;br /&gt;&lt;b&gt;Status&lt;/b&gt;:&amp;nbsp;Omega&lt;/div&gt;&lt;div align=&quot;left&quot;&gt;&lt;br /&gt;&lt;/div&gt;&lt;div align=&quot;left&quot;&gt;&lt;b&gt;Companions&lt;/b&gt;:&amp;nbsp;&lt;br /&gt;&lt;b&gt;Tack&lt;/b&gt;:&amp;nbsp;&lt;br /&gt;&lt;b&gt;Breath Ability&lt;/b&gt;:&amp;nbsp;&lt;br /&gt;&lt;/div&gt;&lt;div align=&quot;left&quot;&gt;&lt;br /&gt;&lt;/div&gt;&lt;div align=&quot;left&quot;&gt;&lt;b&gt;Personality&lt;/b&gt;:&amp;nbsp;Curious | Mild | Playful | Agreeable | Optimistic&lt;br /&gt;&lt;/div&gt;&lt;div align=&quot;left&quot;&gt;&lt;br /&gt;&lt;/div&gt;&lt;div align=&quot;left&quot;&gt;Likes: Letting others take charge, discovering things, getting into everything&lt;/div&gt;&lt;div align=&quot;left&quot;&gt;&lt;br /&gt;&lt;/div&gt;&lt;div align=&quot;left&quot;&gt;Dislikes: Being left out of something&lt;br /&gt;&lt;/div&gt;&lt;div align=&quot;left&quot;&gt;&lt;br /&gt;&lt;/div&gt;&lt;div align=&quot;left&quot;&gt;The most laid-back of&amp;nbsp;&lt;a href=&quot;http://fav.me/d9sxjld&quot;&gt;Rhuuk 1810&lt;/a&gt;&#039;s and&amp;nbsp;&lt;a href=&quot;http://fav.me/daw08cf&quot;&gt;Rheyn 6586&lt;/a&gt;&#039;s three children, but then, given the general disposition of the triplets, it&#039;s not saying very much. With a somewhat more easygoing temperament than his siblings, Cedars is content to let his brothers - and anyone else - take a leadership position over him, provided that they supply him with ample opportunities to sate his curiosity. Cedars&amp;nbsp;and his brothers - Aspens and Maples - spend most of their time wandering about Picos&#039; homestead and surrounding areas exploring and looking for anything they can get their beaks into.&lt;/div&gt;&lt;div align=&quot;left&quot;&gt;&lt;br /&gt;&lt;b&gt;Origins&lt;/b&gt;:&amp;nbsp;&lt;a href=&quot;https://comments.deviantart.com/1/762675607/4672307947&quot;&gt;Breeding&lt;/a&gt;.&lt;br /&gt;&lt;/div&gt;&lt;div align=&quot;left&quot;&gt;&lt;div align=&quot;-webkit-center&quot;&gt;&lt;div align=&quot;left&quot;&gt;&lt;b&gt;Lineage&lt;/b&gt;:&amp;nbsp;&lt;br /&gt;&lt;/div&gt;&lt;/div&gt;&lt;div align=&quot;-webkit-center&quot;&gt;&lt;div align=&quot;left&quot;&gt;&lt;div align=&quot;left&quot;&gt;------------------------------------------ SSS:&amp;nbsp;&lt;a href=&quot;http://fav.me/d8sx6oz&quot;&gt;Zephyr 027&lt;/a&gt;&lt;/div&gt;&lt;div align=&quot;left&quot;&gt;----------------- SS:&amp;nbsp;&lt;a href=&quot;http://fav.me/d9ia7ef&quot;&gt;Castor 948&lt;/a&gt;&lt;/div&gt;&lt;div align=&quot;left&quot;&gt;------------------------------------------ SSD: Unknown&lt;/div&gt;&lt;div align=&quot;left&quot;&gt;&lt;b&gt;Sire:&lt;/b&gt;&amp;nbsp;&lt;a href=&quot;http://fav.me/d9sxjld&quot;&gt;Rhuuk 1810&lt;/a&gt;&lt;br /&gt;&lt;/div&gt;&lt;div align=&quot;left&quot;&gt;------------------------------------------ SDS:&amp;nbsp;&lt;a href=&quot;http://fav.me/d8q7rt0&quot;&gt;Myth 007&lt;/a&gt;&lt;/div&gt;&lt;div align=&quot;left&quot;&gt;----------------- SD:&amp;nbsp;&lt;a href=&quot;http://fav.me/d9jf8hu&quot;&gt;Mar 997 DECEASED&lt;/a&gt;&lt;br /&gt;&lt;/div&gt;&lt;div align=&quot;left&quot;&gt;------------------------------------------ SDD: Unknown&lt;br /&gt;&lt;br /&gt;&lt;/div&gt;&lt;div align=&quot;left&quot;&gt;------------------------------------------ DSS: Unknown&lt;/div&gt;&lt;div align=&quot;left&quot;&gt;----------------- DS:&amp;nbsp;&lt;a href=&quot;http://fav.me/d9wan1l&quot;&gt;Berry 2302&lt;/a&gt;&lt;/div&gt;&lt;div align=&quot;left&quot;&gt;------------------------------------------ DSD:&amp;nbsp;&lt;a href=&quot;http://fav.me/d9w93ur&quot;&gt;Capri 2210&lt;/a&gt;&lt;/div&gt;&lt;div align=&quot;left&quot;&gt;&lt;b&gt;Dam:&lt;/b&gt;&amp;nbsp;&lt;a href=&quot;http://fav.me/daw08cf&quot;&gt;Rheyn 6586&lt;/a&gt;&lt;br /&gt;&lt;/div&gt;&lt;div align=&quot;left&quot;&gt;------------------------------------------ DDS: Unknown&lt;/div&gt;&lt;div align=&quot;left&quot;&gt;----------------- DD:&amp;nbsp;&lt;a href=&quot;http://fav.me/dageddc&quot;&gt;Verda 4830&lt;/a&gt;&lt;br /&gt;&lt;/div&gt;&lt;div align=&quot;left&quot;&gt;------------------------------------------ DDD: Unknown&lt;br /&gt;&lt;br /&gt;&lt;b&gt;Design by:&lt;/b&gt;&amp;nbsp;&lt;span class=&quot;username-with-symbol u&quot;&gt;&lt;a class=&quot;u premium username&quot; href=&quot;https://www.deviantart.com/silbernefuchs&quot;&gt;silbernefuchs&lt;/a&gt;&lt;span class=&quot;user-symbol premium&quot; data-quicktip-text=&quot;Core Member&quot; data-show-tooltip=&quot;1&quot; data-gruser-type=&quot;premium&quot;&gt;&lt;/span&gt;&lt;/span&gt;&lt;/div&gt;&lt;/div&gt;&lt;/div&gt;&lt;/div&gt;</media:description>            <media:thumbnail url="https://t00.deviantart.net/ElwVquPp_2GEs92TnE-WZWlsMMk=/fit-in/150x150/filters:no_upscale():origin()/pre00/bc5e/th/pre/f/2019/027/e/2/cedars_10974_by_eyeofgalyx-dcy7rnx.png" height="85" width="150"/>            <media:thumbnail url="https://t00.deviantart.net/gkPMiG_RQxT2d8CWJTI2LsA__-k=/fit-in/300x900/filters:no_upscale():origin()/pre00/bc5e/th/pre/f/2019/027/e/2/cedars_10974_by_eyeofgalyx-dcy7rnx.png" height="170" width="300"/>            <media:thumbnail url="https://t00.deviantart.net/qZho5chgI2_VgG3BhkC58-x8Ow0=/300x200/filters:fixed_height(100,100):origin()/pre00/bc5e/th/pre/f/2019/027/e/2/cedars_10974_by_eyeofgalyx-dcy7rnx.png" height="170" width="300"/>            <media:content url="https://pre00.deviantart.net/bc5e/th/pre/f/2019/027/e/2/cedars_10974_by_eyeofgalyx-dcy7rnx.png" height="673" width="1187" medium="image"/>            
            <description>&lt;div align=&quot;left&quot;&gt;&lt;b&gt;Name&lt;/b&gt;: Cedars&lt;br /&gt;&lt;b&gt;Nicknames&lt;/b&gt;:&amp;nbsp;&lt;br /&gt;&lt;/div&gt;&lt;div align=&quot;left&quot;&gt;&lt;b&gt;ID&lt;/b&gt;:&amp;nbsp;10974&lt;br /&gt;&lt;/div&gt;&lt;div align=&quot;left&quot;&gt;&lt;b&gt;Species&lt;/b&gt;:&amp;nbsp;&lt;span class=&quot;username-with-symbol u&quot;&gt;&lt;a class=&quot;u super group username&quot; href=&quot;https://www.deviantart.com/dracostryx&quot;&gt;DracoStryx&lt;/a&gt;&lt;span class=&quot;user-symbol super group&quot; data-quicktip-text=&quot;Super Group&quot; data-show-tooltip=&quot;1&quot; data-gruser-type=&quot;super group&quot; data-clickthrough=&quot;http://groups.deviantart.com&quot;&gt;&lt;/span&gt;&lt;/span&gt;&lt;/div&gt;&lt;div align=&quot;left&quot;&gt;&lt;b&gt;Type&lt;/b&gt;:&amp;nbsp;Common Corva&lt;br /&gt;&lt;/div&gt;&lt;div align=&quot;left&quot;&gt;&lt;b&gt;Owner&lt;/b&gt;:&amp;nbsp;&lt;span class=&quot;username-with-symbol u&quot;&gt;&lt;a class=&quot;u premium username&quot; href=&quot;https://www.deviantart.com/silbernefuchs&quot;&gt;silbernefuchs&lt;/a&gt;&lt;span class=&quot;user-symbol premium&quot; data-quicktip-text=&quot;Core Member&quot; data-show-tooltip=&quot;1&quot; data-gruser-type=&quot;premium&quot;&gt;&lt;/span&gt;&lt;/span&gt;&lt;/div&gt;&lt;div align=&quot;left&quot;&gt;&lt;b&gt;Sex&lt;/b&gt;:&amp;nbsp;Male&lt;br /&gt;&lt;/div&gt;&lt;div align=&quot;left&quot;&gt;&lt;b&gt;Genotype&lt;/b&gt;: ee/Aa/ss/nH&lt;br /&gt;&lt;b&gt;Phenotype&lt;/b&gt;: Hooded Soil&lt;br /&gt;&lt;b&gt;Free Marks&lt;/b&gt;: Mask, eye shadow, minimal white/black&lt;br /&gt;&lt;b&gt;Tail&lt;/b&gt;:&lt;b&gt;&amp;nbsp;&lt;/b&gt;Standard&lt;br /&gt;&lt;/div&gt;&lt;div align=&quot;left&quot;&gt;&lt;b&gt;Mutations&lt;/b&gt;:&amp;nbsp;&lt;br /&gt;&lt;/div&gt;&lt;div align=&quot;left&quot;&gt;&lt;b&gt;Biorhythm&lt;/b&gt;: Diurnal&lt;br /&gt;&lt;b&gt;Health&lt;/b&gt;: Healthy&lt;br /&gt;&lt;b&gt;Status&lt;/b&gt;:&amp;nbsp;Omega&lt;/div&gt;&lt;div align=&quot;left&quot;&gt;&lt;br /&gt;&lt;/div&gt;&lt;div align=&quot;left&quot;&gt;&lt;b&gt;Companions&lt;/b&gt;:&amp;nbsp;&lt;br /&gt;&lt;b&gt;Tack&lt;/b&gt;:&amp;nbsp;&lt;br /&gt;&lt;b&gt;Breath Ability&lt;/b&gt;:&amp;nbsp;&lt;br /&gt;&lt;/div&gt;&lt;div align=&quot;left&quot;&gt;&lt;br /&gt;&lt;/div&gt;&lt;div align=&quot;left&quot;&gt;&lt;b&gt;Personality&lt;/b&gt;:&amp;nbsp;Curious | Mild | Playful | Agreeable | Optimistic&lt;br /&gt;&lt;/div&gt;&lt;div align=&quot;left&quot;&gt;&lt;br /&gt;&lt;/div&gt;&lt;div align=&quot;left&quot;&gt;Likes: Letting others take charge, discovering things, getting into everything&lt;/div&gt;&lt;div align=&quot;left&quot;&gt;&lt;br /&gt;&lt;/div&gt;&lt;div align=&quot;left&quot;&gt;Dislikes: Being left out of something&lt;br /&gt;&lt;/div&gt;&lt;div align=&quot;left&quot;&gt;&lt;br /&gt;&lt;/div&gt;&lt;div align=&quot;left&quot;&gt;The most laid-back of&amp;nbsp;&lt;a href=&quot;http://fav.me/d9sxjld&quot;&gt;Rhuuk 1810&lt;/a&gt;&#039;s and&amp;nbsp;&lt;a href=&quot;http://fav.me/daw08cf&quot;&gt;Rheyn 6586&lt;/a&gt;&#039;s three children, but then, given the general disposition of the triplets, it&#039;s not saying very much. With a somewhat more easygoing temperament than his siblings, Cedars is content to let his brothers - and anyone else - take a leadership position over him, provided that they supply him with ample opportunities to sate his curiosity. Cedars&amp;nbsp;and his brothers - Aspens and Maples - spend most of their time wandering about Picos&#039; homestead and surrounding areas exploring and looking for anything they can get their beaks into.&lt;/div&gt;&lt;div align=&quot;left&quot;&gt;&lt;br /&gt;&lt;b&gt;Origins&lt;/b&gt;:&amp;nbsp;&lt;a href=&quot;https://comments.deviantart.com/1/762675607/4672307947&quot;&gt;Breeding&lt;/a&gt;.&lt;br /&gt;&lt;/div&gt;&lt;div align=&quot;left&quot;&gt;&lt;div align=&quot;-webkit-center&quot;&gt;&lt;div align=&quot;left&quot;&gt;&lt;b&gt;Lineage&lt;/b&gt;:&amp;nbsp;&lt;br /&gt;&lt;/div&gt;&lt;/div&gt;&lt;div align=&quot;-webkit-center&quot;&gt;&lt;div align=&quot;left&quot;&gt;&lt;div align=&quot;left&quot;&gt;------------------------------------------ SSS:&amp;nbsp;&lt;a href=&quot;http://fav.me/d8sx6oz&quot;&gt;Zephyr 027&lt;/a&gt;&lt;/div&gt;&lt;div align=&quot;left&quot;&gt;----------------- SS:&amp;nbsp;&lt;a href=&quot;http://fav.me/d9ia7ef&quot;&gt;Castor 948&lt;/a&gt;&lt;/div&gt;&lt;div align=&quot;left&quot;&gt;------------------------------------------ SSD: Unknown&lt;/div&gt;&lt;div align=&quot;left&quot;&gt;&lt;b&gt;Sire:&lt;/b&gt;&amp;nbsp;&lt;a href=&quot;http://fav.me/d9sxjld&quot;&gt;Rhuuk 1810&lt;/a&gt;&lt;br /&gt;&lt;/div&gt;&lt;div align=&quot;left&quot;&gt;------------------------------------------ SDS:&amp;nbsp;&lt;a href=&quot;http://fav.me/d8q7rt0&quot;&gt;Myth 007&lt;/a&gt;&lt;/div&gt;&lt;div align=&quot;left&quot;&gt;----------------- SD:&amp;nbsp;&lt;a href=&quot;http://fav.me/d9jf8hu&quot;&gt;Mar 997 DECEASED&lt;/a&gt;&lt;br /&gt;&lt;/div&gt;&lt;div align=&quot;left&quot;&gt;------------------------------------------ SDD: Unknown&lt;br /&gt;&lt;br /&gt;&lt;/div&gt;&lt;div align=&quot;left&quot;&gt;------------------------------------------ DSS: Unknown&lt;/div&gt;&lt;div align=&quot;left&quot;&gt;----------------- DS:&amp;nbsp;&lt;a href=&quot;http://fav.me/d9wan1l&quot;&gt;Berry 2302&lt;/a&gt;&lt;/div&gt;&lt;div align=&quot;left&quot;&gt;------------------------------------------ DSD:&amp;nbsp;&lt;a href=&quot;http://fav.me/d9w93ur&quot;&gt;Capri 2210&lt;/a&gt;&lt;/div&gt;&lt;div align=&quot;left&quot;&gt;&lt;b&gt;Dam:&lt;/b&gt;&amp;nbsp;&lt;a href=&quot;http://fav.me/daw08cf&quot;&gt;Rheyn 6586&lt;/a&gt;&lt;br /&gt;&lt;/div&gt;&lt;div align=&quot;left&quot;&gt;------------------------------------------ DDS: Unknown&lt;/div&gt;&lt;div align=&quot;left&quot;&gt;----------------- DD:&amp;nbsp;&lt;a href=&quot;http://fav.me/dageddc&quot;&gt;Verda 4830&lt;/a&gt;&lt;br /&gt;&lt;/div&gt;&lt;div align=&quot;left&quot;&gt;------------------------------------------ DDD: Unknown&lt;br /&gt;&lt;br /&gt;&lt;b&gt;Design by:&lt;/b&gt;&amp;nbsp;&lt;span class=&quot;username-with-symbol u&quot;&gt;&lt;a class=&quot;u premium username&quot; href=&quot;https://www.deviantart.com/silbernefuchs&quot;&gt;silbernefuchs&lt;/a&gt;&lt;span class=&quot;user-symbol premium&quot; data-quicktip-text=&quot;Core Member&quot; data-show-tooltip=&quot;1&quot; data-gruser-type=&quot;premium&quot;&gt;&lt;/span&gt;&lt;/span&gt;&lt;/div&gt;&lt;/div&gt;&lt;/div&gt;&lt;/div&gt;&lt;br /&gt;&lt;div&gt;&lt;img src=&quot;https://t00.deviantart.net/qZho5chgI2_VgG3BhkC58-x8Ow0=/300x200/filters:fixed_height(100,100):origin()/pre00/bc5e/th/pre/f/2019/027/e/2/cedars_10974_by_eyeofgalyx-dcy7rnx.png&quot; alt=&quot;thumbnail&quot; /&gt;&lt;/div&gt;</description>            </item>
                    <item>
                <title>Seamless Ree&#039;textures (16)</title>
                <link>https://denicedell.deviantart.com/art/Seamless-Ree-textures-16-783058114</link>
                <guid isPermaLink="true">https://denicedell.deviantart.com/art/Seamless-Ree-textures-16-783058114</guid>
                <pubDate>Sun, 27 Jan 2019 17:24:26 PST</pubDate>
                        <media:title type="plain">Seamless Ree&#039;textures (16)</media:title>
        <media:keywords></media:keywords>
                        <media:rating>nonadult</media:rating>
                <media:category label="Abstract">customization/wallpaper/abstract</media:category>
        <media:credit role="author" scheme="urn:ebu">Denicedell</media:credit>
        <media:credit role="author" scheme="urn:ebu">https://a.deviantart.net/avatars/d/e/denicedell.png?2</media:credit>
        <media:copyright url="https://denicedell.deviantart.com">Copyright 2019 Denicedell</media:copyright>            <media:description type="html"></media:description>            <media:thumbnail url="https://t00.deviantart.net/paI6wfeoEUuX9ZtCvRci_knuCXc=/fit-in/150x150/filters:no_upscale():origin()/pre00/0f64/th/pre/i/2019/027/3/b/seamless_ree_textures__16__by_denicedell-dcy7nia.png" height="108" width="150"/>            <media:thumbnail url="https://t00.deviantart.net/6injszXkkWy8nlX7lv5lqxUYnGo=/fit-in/300x900/filters:no_upscale():origin()/pre00/0f64/th/pre/i/2019/027/3/b/seamless_ree_textures__16__by_denicedell-dcy7nia.png" height="215" width="300"/>            <media:thumbnail url="https://t00.deviantart.net/fsm5eseGizYzBhwXxy1ERKhulpc=/300x200/filters:fixed_height(100,100):origin()/pre00/0f64/th/pre/i/2019/027/3/b/seamless_ree_textures__16__by_denicedell-dcy7nia.png" height="200" width="278"/>            <media:content url="https://pre00.deviantart.net/0f64/th/pre/i/2019/027/3/b/seamless_ree_textures__16__by_denicedell-dcy7nia.png" height="757" width="1055" medium="image"/>            
            <description>&lt;br /&gt;&lt;div&gt;&lt;img src=&quot;https://t00.deviantart.net/fsm5eseGizYzBhwXxy1ERKhulpc=/300x200/filters:fixed_height(100,100):origin()/pre00/0f64/th/pre/i/2019/027/3/b/seamless_ree_textures__16__by_denicedell-dcy7nia.png&quot; alt=&quot;thumbnail&quot; /&gt;&lt;/div&gt;</description>            </item>
                    <item>
                <title>Page vs the Boss (part 2)</title>
                <link>https://themarriedgamers.deviantart.com/art/Page-vs-the-Boss-part-2-783063030</link>
                <guid isPermaLink="true">https://themarriedgamers.deviantart.com/art/Page-vs-the-Boss-part-2-783063030</guid>
                <pubDate>Sun, 27 Jan 2019 17:24:25 PST</pubDate>
                        <media:title type="plain">Page vs the Boss (part 2)</media:title>
        <media:keywords></media:keywords>
                        <media:rating>adult</media:rating>
                <media:category label="Drawings">cartoons/traditional/cartoons/drawings</media:category>
        <media:credit role="author" scheme="urn:ebu">theMarriedGamers</media:credit>
        <media:credit role="author" scheme="urn:ebu">https://a.deviantart.net/avatars/t/h/themarriedgamers.png?6</media:credit>
        <media:copyright url="https://themarriedgamers.deviantart.com">Copyright 2019 theMarriedGamers</media:copyright>            <media:description type="html">Page finds her bubble butt on the menu! The comedic second part to Page vs the Boss features Page being spanked by a purse for the first time too! Remember, the married Gamers universe is a world where people don&amp;#8217;t get written up at work, they get spanked!</media:description>            <media:thumbnail url="https://t00.deviantart.net/KrPkdlxhHdDLfzyf8KBOGJhn9Y0=/fit-in/150x150/filters:no_upscale():origin()/pre00/f0b9/th/pre/f/2019/027/1/5/page_vs_the_boss__part_2__by_themarriedgamers-dcy7rau.jpg" height="150" width="124"/>            <media:thumbnail url="https://t00.deviantart.net/_61tqNdAATSoDRbh5-Ia7gHKtkw=/fit-in/300x900/filters:no_upscale():origin()/pre00/f0b9/th/pre/f/2019/027/1/5/page_vs_the_boss__part_2__by_themarriedgamers-dcy7rau.jpg" height="362" width="300"/>            <media:thumbnail url="https://t00.deviantart.net/cA5c-LsxjxGP4mbQ89OdHyimYzE=/300x200/filters:fixed_height(100,100):origin()/pre00/f0b9/th/pre/f/2019/027/1/5/page_vs_the_boss__part_2__by_themarriedgamers-dcy7rau.jpg" height="200" width="166"/>            <media:content url="https://orig00.deviantart.net/c42c/f/2019/027/1/5/page_vs_the_boss__part_2__by_themarriedgamers-dcy7rau.jpg" height="906" width="750" medium="image"/>            
            <description>Page finds her bubble butt on the menu! The comedic second part to Page vs the Boss features Page being spanked by a purse for the first time too! Remember, the married Gamers universe is a world where people don&amp;#8217;t get written up at work, they get spanked!&lt;br /&gt;&lt;div&gt;&lt;img src=&quot;https://t00.deviantart.net/cA5c-LsxjxGP4mbQ89OdHyimYzE=/300x200/filters:fixed_height(100,100):origin()/pre00/f0b9/th/pre/f/2019/027/1/5/page_vs_the_boss__part_2__by_themarriedgamers-dcy7rau.jpg&quot; alt=&quot;thumbnail&quot; /&gt;&lt;/div&gt;</description>            </item>
                    <item>
                <title>Seamless Ree&#039;textures (45)</title>
                <link>https://denicedell.deviantart.com/art/Seamless-Ree-textures-45-783057720</link>
                <guid isPermaLink="true">https://denicedell.deviantart.com/art/Seamless-Ree-textures-45-783057720</guid>
                <pubDate>Sun, 27 Jan 2019 17:24:24 PST</pubDate>
                        <media:title type="plain">Seamless Ree&#039;textures (45)</media:title>
        <media:keywords></media:keywords>
                        <media:rating>nonadult</media:rating>
                <media:category label="Abstract">customization/wallpaper/abstract</media:category>
        <media:credit role="author" scheme="urn:ebu">Denicedell</media:credit>
        <media:credit role="author" scheme="urn:ebu">https://a.deviantart.net/avatars/d/e/denicedell.png?2</media:credit>
        <media:copyright url="https://denicedell.deviantart.com">Copyright 2019 Denicedell</media:copyright>            <media:description type="html"></media:description>            <media:thumbnail url="https://t00.deviantart.net/vs7LBeZsaMP7HTXsNh19p5i958k=/fit-in/150x150/filters:no_upscale():origin()/pre00/a524/th/pre/f/2019/027/e/f/seamless_ree_textures__45__by_denicedell-dcy7n7c.png" height="150" width="150"/>            <media:thumbnail url="https://t00.deviantart.net/sA1LTg1xmZCM60FbI2Fo1SJdI2k=/fit-in/300x900/filters:no_upscale():origin()/pre00/a524/th/pre/f/2019/027/e/f/seamless_ree_textures__45__by_denicedell-dcy7n7c.png" height="300" width="300"/>            <media:thumbnail url="https://t00.deviantart.net/vy7WtVUm3kOkDmWYWYPo7Ho6UWA=/300x200/filters:fixed_height(100,100):origin()/pre00/a524/th/pre/f/2019/027/e/f/seamless_ree_textures__45__by_denicedell-dcy7n7c.png" height="200" width="200"/>            <media:content url="https://pre00.deviantart.net/a524/th/pre/f/2019/027/e/f/seamless_ree_textures__45__by_denicedell-dcy7n7c.png" height="894" width="894" medium="image"/>            
            <description>&lt;br /&gt;&lt;div&gt;&lt;img src=&quot;https://t00.deviantart.net/vy7WtVUm3kOkDmWYWYPo7Ho6UWA=/300x200/filters:fixed_height(100,100):origin()/pre00/a524/th/pre/f/2019/027/e/f/seamless_ree_textures__45__by_denicedell-dcy7n7c.png&quot; alt=&quot;thumbnail&quot; /&gt;&lt;/div&gt;</description>            </item>
                    <item>
                <title>Friends 2</title>
                <link>https://softestgem.deviantart.com/art/Friends-2-783063532</link>
                <guid isPermaLink="true">https://softestgem.deviantart.com/art/Friends-2-783063532</guid>
                <pubDate>Sun, 27 Jan 2019 17:24:23 PST</pubDate>
                        <media:title type="plain">Friends 2</media:title>
        <media:keywords></media:keywords>
                        <media:rating>nonadult</media:rating>
                <media:category label="Other">digitalart/paintings/other</media:category>
        <media:credit role="author" scheme="urn:ebu">SoftestGem</media:credit>
        <media:credit role="author" scheme="urn:ebu">https://a.deviantart.net/avatars/s/o/softestgem.png?1</media:credit>
        <media:copyright url="https://softestgem.deviantart.com">Copyright 2019 SoftestGem</media:copyright>            <media:description type="html">Pink Sugar Quartz and Amethyst</media:description>            <media:thumbnail url="https://t00.deviantart.net/1bwhqQN0E7-W9w_nJd4rrJVogCs=/fit-in/150x150/filters:no_upscale():origin()/pre00/e080/th/pre/i/2019/027/b/6/friends_2_by_softestgem-dcy7ros.png" height="150" width="133"/>            <media:thumbnail url="https://t00.deviantart.net/b5-H9cvlsM2fiBA0sJtebxfWo-o=/fit-in/300x900/filters:no_upscale():origin()/pre00/e080/th/pre/i/2019/027/b/6/friends_2_by_softestgem-dcy7ros.png" height="338" width="300"/>            <media:thumbnail url="https://t00.deviantart.net/hh_trKbuMTrXvyb77T5N9JvNyuE=/300x200/filters:fixed_height(100,100):origin()/pre00/e080/th/pre/i/2019/027/b/6/friends_2_by_softestgem-dcy7ros.png" height="200" width="178"/>            <media:content url="https://pre00.deviantart.net/e080/th/pre/i/2019/027/b/6/friends_2_by_softestgem-dcy7ros.png" height="948" width="843" medium="image"/>            
            <description>Pink Sugar Quartz and Amethyst&lt;br /&gt;&lt;div&gt;&lt;img src=&quot;https://t00.deviantart.net/hh_trKbuMTrXvyb77T5N9JvNyuE=/300x200/filters:fixed_height(100,100):origin()/pre00/e080/th/pre/i/2019/027/b/6/friends_2_by_softestgem-dcy7ros.png&quot; alt=&quot;thumbnail&quot; /&gt;&lt;/div&gt;</description>            </item>
                    <item>
                <title>Seamless Ree&#039;textures (36)</title>
                <link>https://denicedell.deviantart.com/art/Seamless-Ree-textures-36-783057820</link>
                <guid isPermaLink="true">https://denicedell.deviantart.com/art/Seamless-Ree-textures-36-783057820</guid>
                <pubDate>Sun, 27 Jan 2019 17:24:23 PST</pubDate>
                        <media:title type="plain">Seamless Ree&#039;textures (36)</media:title>
        <media:keywords></media:keywords>
                        <media:rating>nonadult</media:rating>
                <media:category label="Abstract">customization/wallpaper/abstract</media:category>
        <media:credit role="author" scheme="urn:ebu">Denicedell</media:credit>
        <media:credit role="author" scheme="urn:ebu">https://a.deviantart.net/avatars/d/e/denicedell.png?2</media:credit>
        <media:copyright url="https://denicedell.deviantart.com">Copyright 2019 Denicedell</media:copyright>            <media:description type="html"></media:description>            <media:thumbnail url="https://t00.deviantart.net/3zLmPI_sCD_iSaMig86DKbayKhE=/fit-in/150x150/filters:no_upscale():origin()/pre00/98d0/th/pre/f/2019/027/8/5/seamless_ree_textures__36__by_denicedell-dcy7na4.png" height="150" width="150"/>            <media:thumbnail url="https://t00.deviantart.net/si3cddd-nX4BUF4N7Vrn5W2ER8g=/fit-in/300x900/filters:no_upscale():origin()/pre00/98d0/th/pre/f/2019/027/8/5/seamless_ree_textures__36__by_denicedell-dcy7na4.png" height="300" width="300"/>            <media:thumbnail url="https://t00.deviantart.net/E_cVaEmvupzPHQUi9dkpKqvzdW8=/300x200/filters:fixed_height(100,100):origin()/pre00/98d0/th/pre/f/2019/027/8/5/seamless_ree_textures__36__by_denicedell-dcy7na4.png" height="200" width="200"/>            <media:content url="https://pre00.deviantart.net/98d0/th/pre/f/2019/027/8/5/seamless_ree_textures__36__by_denicedell-dcy7na4.png" height="894" width="894" medium="image"/>            
            <description>&lt;br /&gt;&lt;div&gt;&lt;img src=&quot;https://t00.deviantart.net/E_cVaEmvupzPHQUi9dkpKqvzdW8=/300x200/filters:fixed_height(100,100):origin()/pre00/98d0/th/pre/f/2019/027/8/5/seamless_ree_textures__36__by_denicedell-dcy7na4.png&quot; alt=&quot;thumbnail&quot; /&gt;&lt;/div&gt;</description>            </item>
                    <item>
                <title>Manticore</title>
                <link>https://foxflaim.deviantart.com/art/Manticore-783063252</link>
                <guid isPermaLink="true">https://foxflaim.deviantart.com/art/Manticore-783063252</guid>
                <pubDate>Sun, 27 Jan 2019 17:24:22 PST</pubDate>
                        <media:title type="plain">Manticore</media:title>
        <media:keywords></media:keywords>
                        <media:rating>nonadult</media:rating>
                <media:category label="Other">digitalart/paintings/other</media:category>
        <media:credit role="author" scheme="urn:ebu">foxflaim</media:credit>
        <media:credit role="author" scheme="urn:ebu">https://a.deviantart.net/avatars/f/o/foxflaim.gif?2</media:credit>
        <media:copyright url="https://foxflaim.deviantart.com">Copyright 2019 foxflaim</media:copyright>            <media:description type="html">&lt;div&gt;wanted to do a doodle.... I haven&#039;t had much time to draw lately, and I&#039;ve been pretty stressed.&lt;/div&gt;&lt;div&gt;&lt;br /&gt;&lt;/div&gt;&lt;div&gt;Thinking about sticking this on redbubble as a sticker. What do you guys think?&lt;br /&gt;&lt;/div&gt;</media:description>            <media:thumbnail url="https://t00.deviantart.net/ZUsRpVYM6tvitW2AlP8BEXz0jH8=/fit-in/150x150/filters:no_upscale():origin()/pre00/0615/th/pre/f/2019/027/9/8/manticore_by_foxflaim-dcy7rh0.png" height="119" width="150"/>            <media:thumbnail url="https://t00.deviantart.net/8QnKOYEkhH4hioW_h0FILff2o-0=/fit-in/300x900/filters:no_upscale():origin()/pre00/0615/th/pre/f/2019/027/9/8/manticore_by_foxflaim-dcy7rh0.png" height="238" width="300"/>            <media:thumbnail url="https://t00.deviantart.net/Ams1ISSrWONqVqmy95JGtsElCcs=/300x200/filters:fixed_height(100,100):origin()/pre00/0615/th/pre/f/2019/027/9/8/manticore_by_foxflaim-dcy7rh0.png" height="200" width="252"/>            <media:content url="https://orig00.deviantart.net/c28e/f/2019/027/9/8/manticore_by_foxflaim-dcy7rh0.png" height="685" width="864" medium="image"/>            
            <description>&lt;div&gt;wanted to do a doodle.... I haven&#039;t had much time to draw lately, and I&#039;ve been pretty stressed.&lt;/div&gt;&lt;div&gt;&lt;br /&gt;&lt;/div&gt;&lt;div&gt;Thinking about sticking this on redbubble as a sticker. What do you guys think?&lt;br /&gt;&lt;/div&gt;&lt;br /&gt;&lt;div&gt;&lt;img src=&quot;https://t00.deviantart.net/Ams1ISSrWONqVqmy95JGtsElCcs=/300x200/filters:fixed_height(100,100):origin()/pre00/0615/th/pre/f/2019/027/9/8/manticore_by_foxflaim-dcy7rh0.png&quot; alt=&quot;thumbnail&quot; /&gt;&lt;/div&gt;</description>            </item>
                    <item>
                <title>Swallowed Whole 54</title>
                <link>https://vorefile.deviantart.com/art/Swallowed-Whole-54-783063550</link>
                <guid isPermaLink="true">https://vorefile.deviantart.com/art/Swallowed-Whole-54-783063550</guid>
                <pubDate>Sun, 27 Jan 2019 17:24:22 PST</pubDate>
                        <media:title type="plain">Swallowed Whole 54</media:title>
        <media:keywords></media:keywords>
                        <media:rating>nonadult</media:rating>
                <media:category label="Horror &amp; Macabre">photography/horror</media:category>
        <media:credit role="author" scheme="urn:ebu">VoreFile</media:credit>
        <media:credit role="author" scheme="urn:ebu">https://a.deviantart.net/avatars/v/o/vorefile.png?4</media:credit>
        <media:copyright url="https://vorefile.deviantart.com">Copyright 2019 VoreFile</media:copyright>            <media:description type="html">She climbs the stairs at the parking garage...</media:description>            <media:thumbnail url="https://t00.deviantart.net/2auvXPkHZSbYqKovbwSQnYUFxZU=/fit-in/150x150/filters:no_upscale():origin()/pre00/2c4d/th/pre/f/2019/027/7/7/swallowed_whole_54_by_vorefile-dcy7rpa.jpg" height="84" width="150"/>            <media:thumbnail url="https://t00.deviantart.net/8qlYSl572oWHXE220qNpxXYQfMo=/fit-in/300x900/filters:no_upscale():origin()/pre00/2c4d/th/pre/f/2019/027/7/7/swallowed_whole_54_by_vorefile-dcy7rpa.jpg" height="169" width="300"/>            <media:thumbnail url="https://t00.deviantart.net/YE-BAaO-Z0jWO1qV7TWN5DLxpsU=/300x200/filters:fixed_height(100,100):origin()/pre00/2c4d/th/pre/f/2019/027/7/7/swallowed_whole_54_by_vorefile-dcy7rpa.jpg" height="169" width="300"/>            <media:content url="https://pre00.deviantart.net/2c4d/th/pre/f/2019/027/7/7/swallowed_whole_54_by_vorefile-dcy7rpa.jpg" height="670" width="1192" medium="image"/>            
            <description>She climbs the stairs at the parking garage...&lt;br /&gt;&lt;div&gt;&lt;img src=&quot;https://t00.deviantart.net/YE-BAaO-Z0jWO1qV7TWN5DLxpsU=/300x200/filters:fixed_height(100,100):origin()/pre00/2c4d/th/pre/f/2019/027/7/7/swallowed_whole_54_by_vorefile-dcy7rpa.jpg&quot; alt=&quot;thumbnail&quot; /&gt;&lt;/div&gt;</description>            </item>
                    <item>
                <title>Ao (Payment 2/2)</title>
                <link>https://digitalpanda534.deviantart.com/art/Ao-Payment-2-2-783063551</link>
                <guid isPermaLink="true">https://digitalpanda534.deviantart.com/art/Ao-Payment-2-2-783063551</guid>
                <pubDate>Sun, 27 Jan 2019 17:24:21 PST</pubDate>
                        <media:title type="plain">Ao (Payment 2/2)</media:title>
        <media:keywords></media:keywords>
                        <media:rating>nonadult</media:rating>
                <media:category label="Non-Isometric">digitalart/pixelart/characters/noniso</media:category>
        <media:credit role="author" scheme="urn:ebu">DigitalPanda534</media:credit>
        <media:credit role="author" scheme="urn:ebu">https://a.deviantart.net/avatars/d/i/digitalpanda534.png?8</media:credit>
        <media:copyright url="https://digitalpanda534.deviantart.com">Copyright 2019 DigitalPanda534</media:copyright>            <media:description type="html">For &lt;a target=&quot;_self&quot; href=&quot;https://www.deviantart.com/hollow-jack&quot; &gt;&lt;img class=&quot;avatar&quot; width=&quot;50&quot; height=&quot;50&quot; src=&quot;https://a.deviantart.net/avatars/h/o/hollow-jack.png?9&quot; alt=&quot;:iconhollow-jack:&quot; title=&quot;Hollow-Jack&quot; /&gt;&lt;/a&gt;</media:description>            <media:thumbnail url="https://t00.deviantart.net/UwaNKoJF8BMCDcrPncUAqy8bBQM=/fit-in/150x150/filters:no_upscale():origin()/pre00/2bf6/th/pre/f/2019/027/7/8/ao__payment_2_2__by_digitalpanda534-dcy7rpb.png" height="150" width="103"/>            <media:thumbnail url="https://t00.deviantart.net/nIMKOvAPZbryvgsr_ER7N0ZAPNU=/fit-in/300x900/filters:no_upscale():origin()/pre00/2bf6/th/pre/f/2019/027/7/8/ao__payment_2_2__by_digitalpanda534-dcy7rpb.png" height="435" width="300"/>            <media:thumbnail url="https://t00.deviantart.net/nIHypYQfUS9CHzv4giJZcuuFlg0=/300x200/filters:fixed_height(100,100):origin()/pre00/2bf6/th/pre/f/2019/027/7/8/ao__payment_2_2__by_digitalpanda534-dcy7rpb.png" height="200" width="138"/>            <media:content url="https://orig00.deviantart.net/7c98/f/2019/027/7/8/ao__payment_2_2__by_digitalpanda534-dcy7rpb.png" height="450" width="310" medium="image"/>            
            <description>For &lt;a target=&quot;_self&quot; href=&quot;https://www.deviantart.com/hollow-jack&quot; &gt;&lt;img class=&quot;avatar&quot; width=&quot;50&quot; height=&quot;50&quot; src=&quot;https://a.deviantart.net/avatars/h/o/hollow-jack.png?9&quot; alt=&quot;:iconhollow-jack:&quot; title=&quot;Hollow-Jack&quot; /&gt;&lt;/a&gt;&lt;br /&gt;&lt;div&gt;&lt;img src=&quot;https://t00.deviantart.net/nIHypYQfUS9CHzv4giJZcuuFlg0=/300x200/filters:fixed_height(100,100):origin()/pre00/2bf6/th/pre/f/2019/027/7/8/ao__payment_2_2__by_digitalpanda534-dcy7rpb.png&quot; alt=&quot;thumbnail&quot; /&gt;&lt;/div&gt;</description>            </item>
                    <item>
                <title>Seamless Ree&#039;textures (34)</title>
                <link>https://denicedell.deviantart.com/art/Seamless-Ree-textures-34-783057839</link>
                <guid isPermaLink="true">https://denicedell.deviantart.com/art/Seamless-Ree-textures-34-783057839</guid>
                <pubDate>Sun, 27 Jan 2019 17:24:21 PST</pubDate>
                        <media:title type="plain">Seamless Ree&#039;textures (34)</media:title>
        <media:keywords></media:keywords>
                        <media:rating>nonadult</media:rating>
                <media:category label="Abstract">customization/wallpaper/abstract</media:category>
        <media:credit role="author" scheme="urn:ebu">Denicedell</media:credit>
        <media:credit role="author" scheme="urn:ebu">https://a.deviantart.net/avatars/d/e/denicedell.png?2</media:credit>
        <media:copyright url="https://denicedell.deviantart.com">Copyright 2019 Denicedell</media:copyright>            <media:description type="html"></media:description>            <media:thumbnail url="https://t00.deviantart.net/XBtV5ZG-pPEuCOfQdlYecdhVjnM=/fit-in/150x150/filters:no_upscale():origin()/pre00/551a/th/pre/f/2019/027/9/e/seamless_ree_textures__34__by_denicedell-dcy7nan.png" height="150" width="150"/>            <media:thumbnail url="https://t00.deviantart.net/1vbFXXHVxvPOp_ezZLEIcBp-0Pg=/fit-in/300x900/filters:no_upscale():origin()/pre00/551a/th/pre/f/2019/027/9/e/seamless_ree_textures__34__by_denicedell-dcy7nan.png" height="300" width="300"/>            <media:thumbnail url="https://t00.deviantart.net/H6kbnbcZxVgoPu8WuzPGyNNWB3c=/300x200/filters:fixed_height(100,100):origin()/pre00/551a/th/pre/f/2019/027/9/e/seamless_ree_textures__34__by_denicedell-dcy7nan.png" height="200" width="200"/>            <media:content url="https://pre00.deviantart.net/551a/th/pre/f/2019/027/9/e/seamless_ree_textures__34__by_denicedell-dcy7nan.png" height="894" width="894" medium="image"/>            
            <description>&lt;br /&gt;&lt;div&gt;&lt;img src=&quot;https://t00.deviantart.net/H6kbnbcZxVgoPu8WuzPGyNNWB3c=/300x200/filters:fixed_height(100,100):origin()/pre00/551a/th/pre/f/2019/027/9/e/seamless_ree_textures__34__by_denicedell-dcy7nan.png&quot; alt=&quot;thumbnail&quot; /&gt;&lt;/div&gt;</description>            </item>
                    <item>
                <title>Seamless Ree&#039;textures (23)</title>
                <link>https://denicedell.deviantart.com/art/Seamless-Ree-textures-23-783057968</link>
                <guid isPermaLink="true">https://denicedell.deviantart.com/art/Seamless-Ree-textures-23-783057968</guid>
                <pubDate>Sun, 27 Jan 2019 17:24:20 PST</pubDate>
                        <media:title type="plain">Seamless Ree&#039;textures (23)</media:title>
        <media:keywords></media:keywords>
                        <media:rating>nonadult</media:rating>
                <media:category label="Abstract">customization/wallpaper/abstract</media:category>
        <media:credit role="author" scheme="urn:ebu">Denicedell</media:credit>
        <media:credit role="author" scheme="urn:ebu">https://a.deviantart.net/avatars/d/e/denicedell.png?2</media:credit>
        <media:copyright url="https://denicedell.deviantart.com">Copyright 2019 Denicedell</media:copyright>            <media:description type="html"></media:description>            <media:thumbnail url="https://t00.deviantart.net/II3ZYVO1lhe9sllDXrr3bj3DmJ4=/fit-in/150x150/filters:no_upscale():origin()/pre00/b3d0/th/pre/f/2019/027/8/c/seamless_ree_textures__23__by_denicedell-dcy7ne8.jpg" height="150" width="150"/>            <media:thumbnail url="https://t00.deviantart.net/pwVCCQ6opOY0FcUufUWS6hEOFB0=/fit-in/300x900/filters:no_upscale():origin()/pre00/b3d0/th/pre/f/2019/027/8/c/seamless_ree_textures__23__by_denicedell-dcy7ne8.jpg" height="300" width="300"/>            <media:thumbnail url="https://t00.deviantart.net/zSdpv3XriO3duCwEOTZ_G-XNuSU=/300x200/filters:fixed_height(100,100):origin()/pre00/b3d0/th/pre/f/2019/027/8/c/seamless_ree_textures__23__by_denicedell-dcy7ne8.jpg" height="200" width="200"/>            <media:content url="https://pre00.deviantart.net/b3d0/th/pre/f/2019/027/8/c/seamless_ree_textures__23__by_denicedell-dcy7ne8.jpg" height="894" width="894" medium="image"/>            
            <description>&lt;br /&gt;&lt;div&gt;&lt;img src=&quot;https://t00.deviantart.net/zSdpv3XriO3duCwEOTZ_G-XNuSU=/300x200/filters:fixed_height(100,100):origin()/pre00/b3d0/th/pre/f/2019/027/8/c/seamless_ree_textures__23__by_denicedell-dcy7ne8.jpg&quot; alt=&quot;thumbnail&quot; /&gt;&lt;/div&gt;</description>            </item>
                    <item>
                <title>Shiba pup</title>
                <link>https://weaselmcdiesel.deviantart.com/art/Shiba-pup-783063597</link>
                <guid isPermaLink="true">https://weaselmcdiesel.deviantart.com/art/Shiba-pup-783063597</guid>
                <pubDate>Sun, 27 Jan 2019 17:24:19 PST</pubDate>
                        <media:title type="plain">Shiba pup</media:title>
        <media:keywords></media:keywords>
                        <media:rating>nonadult</media:rating>
                <media:category label="Animals">traditional/paintings/animals</media:category>
        <media:credit role="author" scheme="urn:ebu">WeaselMcDiesel</media:credit>
        <media:credit role="author" scheme="urn:ebu">https://a.deviantart.net/avatars/w/e/weaselmcdiesel.png?2</media:credit>
        <media:copyright url="https://weaselmcdiesel.deviantart.com">Copyright 2019 WeaselMcDiesel</media:copyright>            <media:description type="html">Yknow just one dog would be nice&lt;br /&gt;&lt;sub&gt; &lt;sub&gt; &lt;sub&gt; &lt;sub&gt;nobody look at my four cats who probably couldn&amp;#8217;t handle a dog&lt;/sub&gt;&lt;/sub&gt;&lt;/sub&gt;&lt;/sub&gt;</media:description>            <media:thumbnail url="https://t00.deviantart.net/YmpkLelVg7o_ePPnpNJICHPdivc=/fit-in/150x150/filters:no_upscale():origin()/pre00/5212/th/pre/i/2019/027/a/0/shiba_pup_by_weaselmcdiesel-dcy7rql.jpg" height="112" width="150"/>            <media:thumbnail url="https://t00.deviantart.net/libarc5X_L-fU1qUOi5fnwV9DKU=/fit-in/300x900/filters:no_upscale():origin()/pre00/5212/th/pre/i/2019/027/a/0/shiba_pup_by_weaselmcdiesel-dcy7rql.jpg" height="225" width="300"/>            <media:thumbnail url="https://t00.deviantart.net/Wm2p5_H6rhqlvuETBdTkM7NZRPE=/300x200/filters:fixed_height(100,100):origin()/pre00/5212/th/pre/i/2019/027/a/0/shiba_pup_by_weaselmcdiesel-dcy7rql.jpg" height="200" width="267"/>            <media:content url="https://pre00.deviantart.net/5212/th/pre/i/2019/027/a/0/shiba_pup_by_weaselmcdiesel-dcy7rql.jpg" height="774" width="1033" medium="image"/>            
            <description>Yknow just one dog would be nice&lt;br /&gt;&lt;sub&gt; &lt;sub&gt; &lt;sub&gt; &lt;sub&gt;nobody look at my four cats who probably couldn&amp;#8217;t handle a dog&lt;/sub&gt;&lt;/sub&gt;&lt;/sub&gt;&lt;/sub&gt;&lt;br /&gt;&lt;div&gt;&lt;img src=&quot;https://t00.deviantart.net/Wm2p5_H6rhqlvuETBdTkM7NZRPE=/300x200/filters:fixed_height(100,100):origin()/pre00/5212/th/pre/i/2019/027/a/0/shiba_pup_by_weaselmcdiesel-dcy7rql.jpg&quot; alt=&quot;thumbnail&quot; /&gt;&lt;/div&gt;</description>            </item>
                    <item>
                <title>Seamless Ree&#039;textures (2)</title>
                <link>https://denicedell.deviantart.com/art/Seamless-Ree-textures-2-783058411</link>
                <guid isPermaLink="true">https://denicedell.deviantart.com/art/Seamless-Ree-textures-2-783058411</guid>
                <pubDate>Sun, 27 Jan 2019 17:24:19 PST</pubDate>
                        <media:title type="plain">Seamless Ree&#039;textures (2)</media:title>
        <media:keywords></media:keywords>
                        <media:rating>nonadult</media:rating>
                <media:category label="Abstract">customization/wallpaper/abstract</media:category>
        <media:credit role="author" scheme="urn:ebu">Denicedell</media:credit>
        <media:credit role="author" scheme="urn:ebu">https://a.deviantart.net/avatars/d/e/denicedell.png?2</media:credit>
        <media:copyright url="https://denicedell.deviantart.com">Copyright 2019 Denicedell</media:copyright>            <media:description type="html"></media:description>            <media:thumbnail url="https://t00.deviantart.net/d-mmvVYw-7PL74TkSae5HFEfKRo=/fit-in/150x150/filters:no_upscale():origin()/pre00/438a/th/pre/f/2019/027/2/d/seamless_ree_textures__2__by_denicedell-dcy7nqj.png" height="150" width="99"/>            <media:thumbnail url="https://t00.deviantart.net/Hu4DbgkyomYjR0_jsVAvpUvi8hQ=/fit-in/300x900/filters:no_upscale():origin()/pre00/438a/th/pre/f/2019/027/2/d/seamless_ree_textures__2__by_denicedell-dcy7nqj.png" height="453" width="300"/>            <media:thumbnail url="https://t00.deviantart.net/Zw3HofSBvWGDfLPh__mcS0-FLpo=/300x200/filters:fixed_height(100,100):origin()/pre00/438a/th/pre/f/2019/027/2/d/seamless_ree_textures__2__by_denicedell-dcy7nqj.png" height="200" width="132"/>            <media:content url="https://pre00.deviantart.net/438a/th/pre/f/2019/027/2/d/seamless_ree_textures__2__by_denicedell-dcy7nqj.png" height="1099" width="727" medium="image"/>            
            <description>&lt;br /&gt;&lt;div&gt;&lt;img src=&quot;https://t00.deviantart.net/Zw3HofSBvWGDfLPh__mcS0-FLpo=/300x200/filters:fixed_height(100,100):origin()/pre00/438a/th/pre/f/2019/027/2/d/seamless_ree_textures__2__by_denicedell-dcy7nqj.png&quot; alt=&quot;thumbnail&quot; /&gt;&lt;/div&gt;</description>            </item>
                    <item>
                <title>Yellow</title>
                <link>https://pleasant-nightmare.deviantart.com/art/Yellow-783063413</link>
                <guid isPermaLink="true">https://pleasant-nightmare.deviantart.com/art/Yellow-783063413</guid>
                <pubDate>Sun, 27 Jan 2019 17:24:19 PST</pubDate>
                        <media:title type="plain">Yellow</media:title>
        <media:keywords></media:keywords>
                        <media:rating>nonadult</media:rating>
                <media:category label="Other">digitalart/paintings/other</media:category>
        <media:credit role="author" scheme="urn:ebu">Pleasant-Nightmare</media:credit>
        <media:credit role="author" scheme="urn:ebu">https://a.deviantart.net/avatars/p/l/pleasant-nightmare.png?10</media:credit>
        <media:copyright url="https://pleasant-nightmare.deviantart.com">Copyright 2019 Pleasant-Nightmare</media:copyright>            <media:description type="html">Another one of them&lt;br /&gt;&lt;br /&gt;They&#039;re really rude for a &quot;happy&quot; emotion</media:description>            <media:thumbnail url="https://t00.deviantart.net/zwOSWmAlTZ3eilq3WMJrIiqZCWE=/fit-in/150x150/filters:no_upscale():origin()/pre00/7430/th/pre/i/2019/027/e/5/yellow_by_pleasant_nightmare-dcy7rlh.png" height="110" width="150"/>            <media:thumbnail url="https://t00.deviantart.net/uvikCu0M2upwoYaLZt6aSwTKgOk=/fit-in/300x900/filters:no_upscale():origin()/pre00/7430/th/pre/i/2019/027/e/5/yellow_by_pleasant_nightmare-dcy7rlh.png" height="220" width="300"/>            <media:thumbnail url="https://t00.deviantart.net/a13V3R9Njfh06FRoPvbtQ6qEzXg=/300x200/filters:fixed_height(100,100):origin()/pre00/7430/th/pre/i/2019/027/e/5/yellow_by_pleasant_nightmare-dcy7rlh.png" height="200" width="273"/>            <media:content url="https://pre00.deviantart.net/7430/th/pre/i/2019/027/e/5/yellow_by_pleasant_nightmare-dcy7rlh.png" height="765" width="1044" medium="image"/>            
            <description>Another one of them&lt;br /&gt;&lt;br /&gt;They&#039;re really rude for a &quot;happy&quot; emotion&lt;br /&gt;&lt;div&gt;&lt;img src=&quot;https://t00.deviantart.net/a13V3R9Njfh06FRoPvbtQ6qEzXg=/300x200/filters:fixed_height(100,100):origin()/pre00/7430/th/pre/i/2019/027/e/5/yellow_by_pleasant_nightmare-dcy7rlh.png&quot; alt=&quot;thumbnail&quot; /&gt;&lt;/div&gt;</description>            </item>
                    <item>
                <title>Seamless Ree&#039;textures (50)</title>
                <link>https://denicedell.deviantart.com/art/Seamless-Ree-textures-50-783057682</link>
                <guid isPermaLink="true">https://denicedell.deviantart.com/art/Seamless-Ree-textures-50-783057682</guid>
                <pubDate>Sun, 27 Jan 2019 17:24:18 PST</pubDate>
                        <media:title type="plain">Seamless Ree&#039;textures (50)</media:title>
        <media:keywords></media:keywords>
                        <media:rating>nonadult</media:rating>
                <media:category label="Abstract">customization/wallpaper/abstract</media:category>
        <media:credit role="author" scheme="urn:ebu">Denicedell</media:credit>
        <media:credit role="author" scheme="urn:ebu">https://a.deviantart.net/avatars/d/e/denicedell.png?2</media:credit>
        <media:copyright url="https://denicedell.deviantart.com">Copyright 2019 Denicedell</media:copyright>            <media:description type="html"></media:description>            <media:thumbnail url="https://t00.deviantart.net/D2TNKhW-bRVAVEox4a0P3QJ9Kkg=/fit-in/150x150/filters:no_upscale():origin()/pre00/e1de/th/pre/f/2019/027/4/c/seamless_ree_textures__50__by_denicedell-dcy7n6a.png" height="150" width="150"/>            <media:thumbnail url="https://t00.deviantart.net/I-JrJMz7wNenwr50PTSVTzgwG_4=/fit-in/300x900/filters:no_upscale():origin()/pre00/e1de/th/pre/f/2019/027/4/c/seamless_ree_textures__50__by_denicedell-dcy7n6a.png" height="300" width="300"/>            <media:thumbnail url="https://t00.deviantart.net/2AdU6zoAtAoufAf9ZDlLbSHmLEs=/300x200/filters:fixed_height(100,100):origin()/pre00/e1de/th/pre/f/2019/027/4/c/seamless_ree_textures__50__by_denicedell-dcy7n6a.png" height="200" width="200"/>            <media:content url="https://pre00.deviantart.net/e1de/th/pre/f/2019/027/4/c/seamless_ree_textures__50__by_denicedell-dcy7n6a.png" height="894" width="894" medium="image"/>            
            <description>&lt;br /&gt;&lt;div&gt;&lt;img src=&quot;https://t00.deviantart.net/2AdU6zoAtAoufAf9ZDlLbSHmLEs=/300x200/filters:fixed_height(100,100):origin()/pre00/e1de/th/pre/f/2019/027/4/c/seamless_ree_textures__50__by_denicedell-dcy7n6a.png&quot; alt=&quot;thumbnail&quot; /&gt;&lt;/div&gt;</description>            </item>
                    <item>
                <title>Seamless Ree&#039;textures (28)</title>
                <link>https://denicedell.deviantart.com/art/Seamless-Ree-textures-28-783057909</link>
                <guid isPermaLink="true">https://denicedell.deviantart.com/art/Seamless-Ree-textures-28-783057909</guid>
                <pubDate>Sun, 27 Jan 2019 17:24:17 PST</pubDate>
                        <media:title type="plain">Seamless Ree&#039;textures (28)</media:title>
        <media:keywords></media:keywords>
                        <media:rating>nonadult</media:rating>
                <media:category label="Abstract">customization/wallpaper/abstract</media:category>
        <media:credit role="author" scheme="urn:ebu">Denicedell</media:credit>
        <media:credit role="author" scheme="urn:ebu">https://a.deviantart.net/avatars/d/e/denicedell.png?2</media:credit>
        <media:copyright url="https://denicedell.deviantart.com">Copyright 2019 Denicedell</media:copyright>            <media:description type="html"></media:description>            <media:thumbnail url="https://t00.deviantart.net/gzZukh8HMhzWBvfz0hPp0oF7qIc=/fit-in/150x150/filters:no_upscale():origin()/pre00/ec82/th/pre/f/2019/027/7/c/seamless_ree_textures__28__by_denicedell-dcy7ncl.png" height="150" width="150"/>            <media:thumbnail url="https://t00.deviantart.net/xW9Ya-OX3SipovobMD2w-s4Jr9s=/fit-in/300x900/filters:no_upscale():origin()/pre00/ec82/th/pre/f/2019/027/7/c/seamless_ree_textures__28__by_denicedell-dcy7ncl.png" height="300" width="300"/>            <media:thumbnail url="https://t00.deviantart.net/PLGXEVuMLL7mJzN2zkA5pf6s5lc=/300x200/filters:fixed_height(100,100):origin()/pre00/ec82/th/pre/f/2019/027/7/c/seamless_ree_textures__28__by_denicedell-dcy7ncl.png" height="200" width="200"/>            <media:content url="https://pre00.deviantart.net/ec82/th/pre/f/2019/027/7/c/seamless_ree_textures__28__by_denicedell-dcy7ncl.png" height="894" width="894" medium="image"/>            
            <description>&lt;br /&gt;&lt;div&gt;&lt;img src=&quot;https://t00.deviantart.net/PLGXEVuMLL7mJzN2zkA5pf6s5lc=/300x200/filters:fixed_height(100,100):origin()/pre00/ec82/th/pre/f/2019/027/7/c/seamless_ree_textures__28__by_denicedell-dcy7ncl.png&quot; alt=&quot;thumbnail&quot; /&gt;&lt;/div&gt;</description>            </item>
                    <item>
                <title>Seamless Ree&#039;textures (19)</title>
                <link>https://denicedell.deviantart.com/art/Seamless-Ree-textures-19-783058051</link>
                <guid isPermaLink="true">https://denicedell.deviantart.com/art/Seamless-Ree-textures-19-783058051</guid>
                <pubDate>Sun, 27 Jan 2019 17:24:16 PST</pubDate>
                        <media:title type="plain">Seamless Ree&#039;textures (19)</media:title>
        <media:keywords></media:keywords>
                        <media:rating>nonadult</media:rating>
                <media:category label="Abstract">customization/wallpaper/abstract</media:category>
        <media:credit role="author" scheme="urn:ebu">Denicedell</media:credit>
        <media:credit role="author" scheme="urn:ebu">https://a.deviantart.net/avatars/d/e/denicedell.png?2</media:credit>
        <media:copyright url="https://denicedell.deviantart.com">Copyright 2019 Denicedell</media:copyright>            <media:description type="html"></media:description>            <media:thumbnail url="https://t00.deviantart.net/9f-gT_TS9I8Fr-eCk4ZOH3evTRo=/fit-in/150x150/filters:no_upscale():origin()/pre00/2370/th/pre/f/2019/027/2/d/seamless_ree_textures__19__by_denicedell-dcy7ngj.png" height="150" width="150"/>            <media:thumbnail url="https://t00.deviantart.net/uj8tLRAzA7UkLD168yJc0yXGvbM=/fit-in/300x900/filters:no_upscale():origin()/pre00/2370/th/pre/f/2019/027/2/d/seamless_ree_textures__19__by_denicedell-dcy7ngj.png" height="300" width="300"/>            <media:thumbnail url="https://t00.deviantart.net/Ek6aAGN4sfXGLy-NfTqf0mJO47M=/300x200/filters:fixed_height(100,100):origin()/pre00/2370/th/pre/f/2019/027/2/d/seamless_ree_textures__19__by_denicedell-dcy7ngj.png" height="200" width="200"/>            <media:content url="https://pre00.deviantart.net/2370/th/pre/f/2019/027/2/d/seamless_ree_textures__19__by_denicedell-dcy7ngj.png" height="894" width="894" medium="image"/>            
            <description>&lt;br /&gt;&lt;div&gt;&lt;img src=&quot;https://t00.deviantart.net/Ek6aAGN4sfXGLy-NfTqf0mJO47M=/300x200/filters:fixed_height(100,100):origin()/pre00/2370/th/pre/f/2019/027/2/d/seamless_ree_textures__19__by_denicedell-dcy7ngj.png&quot; alt=&quot;thumbnail&quot; /&gt;&lt;/div&gt;</description>            </item>
                    <item>
                <title>Slice of Breeze 17 -Session-</title>
                <link>https://elgranelegido.deviantart.com/art/Slice-of-Breeze-17-Session-783063375</link>
                <guid isPermaLink="true">https://elgranelegido.deviantart.com/art/Slice-of-Breeze-17-Session-783063375</guid>
                <pubDate>Sun, 27 Jan 2019 17:24:15 PST</pubDate>
                        <media:title type="plain">Slice of Breeze 17 -Session-</media:title>
        <media:keywords></media:keywords>
                        <media:rating>adult</media:rating>
                <media:category label="Drawings">manga/digital/drawings</media:category>
        <media:credit role="author" scheme="urn:ebu">ElGranElegido</media:credit>
        <media:credit role="author" scheme="urn:ebu">https://a.deviantart.net/avatars/e/l/elgranelegido.jpg?2</media:credit>
        <media:copyright url="https://elgranelegido.deviantart.com">Copyright 2019 ElGranElegido</media:copyright>            <media:description type="html">The most muscular pose that can cause people to faint!&lt;br /&gt;&lt;br /&gt;&lt;br /&gt;&lt;br /&gt;&lt;br /&gt;Art by &lt;a target=&quot;_self&quot; href=&quot;https://www.deviantart.com/siegfried129&quot; &gt;&lt;img class=&quot;avatar&quot; width=&quot;50&quot; height=&quot;50&quot; src=&quot;https://a.deviantart.net/avatars/s/i/siegfried129.gif?2&quot; alt=&quot;:iconsiegfried129:&quot; title=&quot;Siegfried129&quot; /&gt;&lt;/a&gt;&lt;br /&gt;&lt;br /&gt;Chl&amp;#246;e belong to your server &lt;a target=&quot;_self&quot; href=&quot;https://www.deviantart.com/elgranelegido&quot; &gt;&lt;img class=&quot;avatar&quot; width=&quot;50&quot; height=&quot;50&quot; src=&quot;https://a.deviantart.net/avatars/e/l/elgranelegido.jpg?2&quot; alt=&quot;:iconelgranelegido:&quot; title=&quot;ElGranElegido&quot; /&gt;&lt;/a&gt;</media:description>            <media:thumbnail url="https://t00.deviantart.net/8wIwEEWuwbF4NVCUWyBRAmStfO4=/fit-in/150x150/filters:no_upscale():origin()/pre00/3495/th/pre/i/2019/027/0/8/slice_of_breeze_17__session__by_elgranelegido-dcy7rkf.png" height="140" width="150"/>            <media:thumbnail url="https://t00.deviantart.net/5f0MlxMHsLKgf3qVorjchYSooFU=/fit-in/300x900/filters:no_upscale():origin()/pre00/3495/th/pre/i/2019/027/0/8/slice_of_breeze_17__session__by_elgranelegido-dcy7rkf.png" height="279" width="300"/>            <media:thumbnail url="https://t00.deviantart.net/Wk0mRq1XbcUor47mq8SvJoOSuIA=/300x200/filters:fixed_height(100,100):origin()/pre00/3495/th/pre/i/2019/027/0/8/slice_of_breeze_17__session__by_elgranelegido-dcy7rkf.png" height="200" width="215"/>            <media:content url="https://pre00.deviantart.net/3495/th/pre/i/2019/027/0/8/slice_of_breeze_17__session__by_elgranelegido-dcy7rkf.png" height="862" width="927" medium="image"/>            
            <description>The most muscular pose that can cause people to faint!&lt;br /&gt;&lt;br /&gt;&lt;br /&gt;&lt;br /&gt;&lt;br /&gt;Art by &lt;a target=&quot;_self&quot; href=&quot;https://www.deviantart.com/siegfried129&quot; &gt;&lt;img class=&quot;avatar&quot; width=&quot;50&quot; height=&quot;50&quot; src=&quot;https://a.deviantart.net/avatars/s/i/siegfried129.gif?2&quot; alt=&quot;:iconsiegfried129:&quot; title=&quot;Siegfried129&quot; /&gt;&lt;/a&gt;&lt;br /&gt;&lt;br /&gt;Chl&amp;#246;e belong to your server &lt;a target=&quot;_self&quot; href=&quot;https://www.deviantart.com/elgranelegido&quot; &gt;&lt;img class=&quot;avatar&quot; width=&quot;50&quot; height=&quot;50&quot; src=&quot;https://a.deviantart.net/avatars/e/l/elgranelegido.jpg?2&quot; alt=&quot;:iconelgranelegido:&quot; title=&quot;ElGranElegido&quot; /&gt;&lt;/a&gt;&lt;br /&gt;&lt;div&gt;&lt;img src=&quot;https://t00.deviantart.net/Wk0mRq1XbcUor47mq8SvJoOSuIA=/300x200/filters:fixed_height(100,100):origin()/pre00/3495/th/pre/i/2019/027/0/8/slice_of_breeze_17__session__by_elgranelegido-dcy7rkf.png&quot; alt=&quot;thumbnail&quot; /&gt;&lt;/div&gt;</description>            </item>
                    <item>
                <title>Wunderkinder</title>
                <link>https://cowboybootboy.deviantart.com/art/Wunderkinder-783063084</link>
                <guid isPermaLink="true">https://cowboybootboy.deviantart.com/art/Wunderkinder-783063084</guid>
                <pubDate>Sun, 27 Jan 2019 17:24:14 PST</pubDate>
                        <media:title type="plain">Wunderkinder</media:title>
        <media:keywords></media:keywords>
                        <media:rating>nonadult</media:rating>
                <media:category label="Fantasy">digitalart/paintings/people/fantasy</media:category>
        <media:credit role="author" scheme="urn:ebu">cowboybootboy</media:credit>
        <media:credit role="author" scheme="urn:ebu">https://a.deviantart.net/avatars/c/o/cowboybootboy.gif?6</media:credit>
        <media:copyright url="https://cowboybootboy.deviantart.com">Copyright 2019 cowboybootboy</media:copyright>            <media:description type="html">&lt;sub&gt;This is the main thing I worked on during my break&lt;br /&gt;they&#039;re a performance/dance troupe that world reknown &lt;br /&gt;their outfits are filled with moth and butterfly motifs&amp;nbsp;&lt;br /&gt;the butterflies are on the right (morpho and monarch)&lt;br /&gt;and moths are on the left (poodle and luna)&lt;br /&gt;their personalities co-insist with whether they&#039;re a moth (more serious, restrained but refined) or a butterfly (more free form, dramatic but explosive)&amp;nbsp;&lt;br /&gt;but yeah&lt;br /&gt;there&#039;d be more but all my files aren&#039;t opening rn so I just. did it&lt;br /&gt;these designs are heavily wip but yeah&lt;br /&gt;enjoy&lt;/sub&gt;</media:description>            <media:thumbnail url="https://t00.deviantart.net/_UR1OEhXRxowUCroZGOJKSfgg-0=/fit-in/150x150/filters:no_upscale():origin()/pre00/a78b/th/pre/i/2019/027/a/8/wunderkinder_by_cowboybootboy-dcy7rcc.png" height="55" width="150"/>            <media:thumbnail url="https://t00.deviantart.net/klaFW1ciAFHHvkULLu6LcFKi274=/fit-in/300x900/filters:no_upscale():origin()/pre00/a78b/th/pre/i/2019/027/a/8/wunderkinder_by_cowboybootboy-dcy7rcc.png" height="110" width="300"/>            <media:thumbnail url="https://t00.deviantart.net/QCj27MDWH8m9w6ffcFKFWLJSciM=/300x200/filters:fixed_height(100,100):origin()/pre00/a78b/th/pre/i/2019/027/a/8/wunderkinder_by_cowboybootboy-dcy7rcc.png" height="110" width="300"/>            <media:content url="https://img00.deviantart.net/00a6/i/2019/027/a/8/wunderkinder_by_cowboybootboy-dcy7rcc.png" height="469" width="1280" medium="image"/>            
            <description>&lt;sub&gt;This is the main thing I worked on during my break&lt;br /&gt;they&#039;re a performance/dance troupe that world reknown &lt;br /&gt;their outfits are filled with moth and butterfly motifs&amp;nbsp;&lt;br /&gt;the butterflies are on the right (morpho and monarch)&lt;br /&gt;and moths are on the left (poodle and luna)&lt;br /&gt;their personalities co-insist with whether they&#039;re a moth (more serious, restrained but refined) or a butterfly (more free form, dramatic but explosive)&amp;nbsp;&lt;br /&gt;but yeah&lt;br /&gt;there&#039;d be more but all my files aren&#039;t opening rn so I just. did it&lt;br /&gt;these designs are heavily wip but yeah&lt;br /&gt;enjoy&lt;/sub&gt;&lt;br /&gt;&lt;div&gt;&lt;img src=&quot;https://t00.deviantart.net/QCj27MDWH8m9w6ffcFKFWLJSciM=/300x200/filters:fixed_height(100,100):origin()/pre00/a78b/th/pre/i/2019/027/a/8/wunderkinder_by_cowboybootboy-dcy7rcc.png&quot; alt=&quot;thumbnail&quot; /&gt;&lt;/div&gt;</description>            </item>
                    <item>
                <title>ExpoLight-Graphic-Arts-Unicorn-1989-0001 (Pen--In</title>
                <link>https://expolight-uk.deviantart.com/art/ExpoLight-Graphic-Arts-Unicorn-1989-0001-Pen-In-783063553</link>
                <guid isPermaLink="true">https://expolight-uk.deviantart.com/art/ExpoLight-Graphic-Arts-Unicorn-1989-0001-Pen-In-783063553</guid>
                <pubDate>Sun, 27 Jan 2019 17:24:13 PST</pubDate>
                        <media:title type="plain">ExpoLight-Graphic-Arts-Unicorn-1989-0001 (Pen--In</media:title>
        <media:keywords></media:keywords>
                        <media:rating>nonadult</media:rating>
                <media:category label="Other">traditional/other</media:category>
        <media:credit role="author" scheme="urn:ebu">ExpoLight-UK</media:credit>
        <media:credit role="author" scheme="urn:ebu">https://a.deviantart.net/avatars/e/x/expolight-uk.jpg?8</media:credit>
        <media:copyright url="https://expolight-uk.deviantart.com">Copyright 2019 ExpoLight-UK</media:copyright>            <media:description type="html">ExpoLight-Graphic-Arts-Collection 1977-2002 (Artworks-SP)&lt;br /&gt;&lt;br /&gt;A Collection of Pen &amp;amp; Ink Illustrations &amp;amp; Mixed Media.&lt;br /&gt;Hand drawn with pencil &amp;amp; rendered with a Rotring Pen on CS10 Line Paper / Original Artwork Size A3. &lt;br /&gt;Some Images have been coloured with with Caran D&#039;ache Swisscolor Colouring Pencils &amp;amp; Felt Tip Pens.&lt;br /&gt;Other images have been tinted using Jasc Paint Shop Pro 9&lt;br /&gt;Scanned with a Spot tech Scantak 3C Color Scanner on a Computer using Jasc Paint Shop Pro 9.</media:description>            <media:thumbnail url="https://t00.deviantart.net/G1Ytn4XPtyGi_2aSU5Rryk9HT5w=/fit-in/150x150/filters:no_upscale():origin()/pre00/1894/th/pre/f/2019/027/a/7/expolight_graphic_arts_unicorn_1989_0001__pen__in_by_expolight_uk-dcy7rpd.jpg" height="150" width="100"/>            <media:thumbnail url="https://t00.deviantart.net/v7k5dPXJoRQi89GnPm58Xq_9FYo=/fit-in/300x900/filters:no_upscale():origin()/pre00/1894/th/pre/f/2019/027/a/7/expolight_graphic_arts_unicorn_1989_0001__pen__in_by_expolight_uk-dcy7rpd.jpg" height="451" width="300"/>            <media:thumbnail url="https://t00.deviantart.net/_aA1zqFJ-rqI37mBmdrBcBr0jwM=/300x200/filters:fixed_height(100,100):origin()/pre00/1894/th/pre/f/2019/027/a/7/expolight_graphic_arts_unicorn_1989_0001__pen__in_by_expolight_uk-dcy7rpd.jpg" height="200" width="133"/>            <media:content url="https://pre00.deviantart.net/1894/th/pre/f/2019/027/a/7/expolight_graphic_arts_unicorn_1989_0001__pen__in_by_expolight_uk-dcy7rpd.jpg" height="1096" width="729" medium="image"/>            
            <description>ExpoLight-Graphic-Arts-Collection 1977-2002 (Artworks-SP)&lt;br /&gt;&lt;br /&gt;A Collection of Pen &amp;amp; Ink Illustrations &amp;amp; Mixed Media.&lt;br /&gt;Hand drawn with pencil &amp;amp; rendered with a Rotring Pen on CS10 Line Paper / Original Artwork Size A3. &lt;br /&gt;Some Images have been coloured with with Caran D&#039;ache Swisscolor Colouring Pencils &amp;amp; Felt Tip Pens.&lt;br /&gt;Other images have been tinted using Jasc Paint Shop Pro 9&lt;br /&gt;Scanned with a Spot tech Scantak 3C Color Scanner on a Computer using Jasc Paint Shop Pro 9.&lt;br /&gt;&lt;div&gt;&lt;img src=&quot;https://t00.deviantart.net/_aA1zqFJ-rqI37mBmdrBcBr0jwM=/300x200/filters:fixed_height(100,100):origin()/pre00/1894/th/pre/f/2019/027/a/7/expolight_graphic_arts_unicorn_1989_0001__pen__in_by_expolight_uk-dcy7rpd.jpg&quot; alt=&quot;thumbnail&quot; /&gt;&lt;/div&gt;</description>            </item>
                    <item>
                <title>Very serious OC drawing</title>
                <link>https://rindenfresse.deviantart.com/art/Very-serious-OC-drawing-783063496</link>
                <guid isPermaLink="true">https://rindenfresse.deviantart.com/art/Very-serious-OC-drawing-783063496</guid>
                <pubDate>Sun, 27 Jan 2019 17:24:10 PST</pubDate>
                        <media:title type="plain">Very serious OC drawing</media:title>
        <media:keywords></media:keywords>
                        <media:rating>nonadult</media:rating>
                <media:category label="Fantasy">digitalart/paintings/fantasy</media:category>
        <media:credit role="author" scheme="urn:ebu">Rindenfresse</media:credit>
        <media:credit role="author" scheme="urn:ebu">https://a.deviantart.net/avatars/r/i/rindenfresse.gif?10</media:credit>
        <media:copyright url="https://rindenfresse.deviantart.com">Copyright 2019 Rindenfresse</media:copyright>            <media:description type="html"></media:description>            <media:thumbnail url="https://t00.deviantart.net/ccllFXZygcelCC1K1h9PenI6oqA=/fit-in/150x150/filters:no_upscale():origin()/pre00/bd91/th/pre/i/2019/027/4/9/very_serious_oc_drawing_by_rindenfresse-dcy7rns.png" height="89" width="150"/>            <media:thumbnail url="https://t00.deviantart.net/6_AVqlPioju0u-k7kjGrjBogDfM=/fit-in/300x900/filters:no_upscale():origin()/pre00/bd91/th/pre/i/2019/027/4/9/very_serious_oc_drawing_by_rindenfresse-dcy7rns.png" height="177" width="300"/>            <media:thumbnail url="https://t00.deviantart.net/vwZltH71545mQLSdoMJpKew-6H0=/300x200/filters:fixed_height(100,100):origin()/pre00/bd91/th/pre/i/2019/027/4/9/very_serious_oc_drawing_by_rindenfresse-dcy7rns.png" height="177" width="300"/>            <media:content url="https://img00.deviantart.net/c1f7/i/2019/027/4/9/very_serious_oc_drawing_by_rindenfresse-dcy7rns.png" height="605" width="1024" medium="image"/>            
            <description>&lt;br /&gt;&lt;div&gt;&lt;img src=&quot;https://t00.deviantart.net/vwZltH71545mQLSdoMJpKew-6H0=/300x200/filters:fixed_height(100,100):origin()/pre00/bd91/th/pre/i/2019/027/4/9/very_serious_oc_drawing_by_rindenfresse-dcy7rns.png&quot; alt=&quot;thumbnail&quot; /&gt;&lt;/div&gt;</description>            </item>
                    <item>
                <title>Day 27: Unlikely Pairings: Nightmare</title>
                <link>https://snoopy7c7.deviantart.com/art/Day-27-Unlikely-Pairings-Nightmare-782919293</link>
                <guid isPermaLink="true">https://snoopy7c7.deviantart.com/art/Day-27-Unlikely-Pairings-Nightmare-782919293</guid>
                <pubDate>Sun, 27 Jan 2019 17:24:10 PST</pubDate>
                        <media:title type="plain">Day 27: Unlikely Pairings: Nightmare</media:title>
        <media:keywords></media:keywords>
                        <media:rating>nonadult</media:rating>
                <media:category label="Movies &amp; TV">fanart/digital/drawings/movies</media:category>
        <media:credit role="author" scheme="urn:ebu">Snoopy7c7</media:credit>
        <media:credit role="author" scheme="urn:ebu">https://a.deviantart.net/avatars/s/n/snoopy7c7.png?6</media:credit>
        <media:copyright url="https://snoopy7c7.deviantart.com">Copyright 2019 Snoopy7c7</media:copyright>            <media:description type="html">The real question is whose nightmare this really is? Just as sort of joke from my Life&#039;s a Breeze story, nah Mythic won&#039;t EVER have to worry about someone like Jeremiah sweeping Light away. But on the other hand, he does have to worry about someone...</media:description>            <media:thumbnail url="https://t00.deviantart.net/ltsZNBbLWinMDTKXLzbcFNU9zjw=/fit-in/150x150/filters:no_upscale():origin()/pre00/5980/th/pre/i/2019/026/0/5/day_27__unlikely_pairings__nightmare_by_snoopy7c7-dcy4oe5.png" height="150" width="134"/>            <media:thumbnail url="https://t00.deviantart.net/ZL75UDGJsz71-9sh0TYPBCLib7Y=/fit-in/300x900/filters:no_upscale():origin()/pre00/5980/th/pre/i/2019/026/0/5/day_27__unlikely_pairings__nightmare_by_snoopy7c7-dcy4oe5.png" height="336" width="300"/>            <media:thumbnail url="https://t00.deviantart.net/IKBtaLyWmlHf_OZIBV0c9AvPaJ4=/300x200/filters:fixed_height(100,100):origin()/pre00/5980/th/pre/i/2019/026/0/5/day_27__unlikely_pairings__nightmare_by_snoopy7c7-dcy4oe5.png" height="200" width="179"/>            <media:content url="https://pre00.deviantart.net/5980/th/pre/i/2019/026/0/5/day_27__unlikely_pairings__nightmare_by_snoopy7c7-dcy4oe5.png" height="946" width="845" medium="image"/>            
            <description>The real question is whose nightmare this really is? Just as sort of joke from my Life&#039;s a Breeze story, nah Mythic won&#039;t EVER have to worry about someone like Jeremiah sweeping Light away. But on the other hand, he does have to worry about someone...&lt;br /&gt;&lt;div&gt;&lt;img src=&quot;https://t00.deviantart.net/IKBtaLyWmlHf_OZIBV0c9AvPaJ4=/300x200/filters:fixed_height(100,100):origin()/pre00/5980/th/pre/i/2019/026/0/5/day_27__unlikely_pairings__nightmare_by_snoopy7c7-dcy4oe5.png&quot; alt=&quot;thumbnail&quot; /&gt;&lt;/div&gt;</description>            </item>
                    <item>
                <title>I don&#039;t have a creative title for this</title>
                <link>https://wynter-reverie.deviantart.com/art/I-don-t-have-a-creative-title-for-this-783063060</link>
                <guid isPermaLink="true">https://wynter-reverie.deviantart.com/art/I-don-t-have-a-creative-title-for-this-783063060</guid>
                <pubDate>Sun, 27 Jan 2019 17:24:08 PST</pubDate>
                        <media:title type="plain">I don&#039;t have a creative title for this</media:title>
        <media:keywords></media:keywords>
                        <media:rating>nonadult</media:rating>
                <media:category label="Drawings">manga/traditional/drawings</media:category>
        <media:credit role="author" scheme="urn:ebu">Wynter-Reverie</media:credit>
        <media:credit role="author" scheme="urn:ebu">https://a.deviantart.net/avatars/w/y/wynter-reverie.jpg?12</media:credit>
        <media:copyright url="https://wynter-reverie.deviantart.com">Copyright 2019 Wynter-Reverie</media:copyright>            <media:description type="html">So I have been away for a long minute, dealing with the usual mess of depression and angst that comes with adulthood not being what you wish it could be or not even being able to make it better.&amp;nbsp;&lt;br /&gt;&lt;br /&gt;Anywho, my mother bought me the big set of touch 3 alcohol markers and this is what came from playing around with them and honestly not really caring much about design. As always, I liked it better before I colored it but at least it doesn&#039;t look horrible in my opinion. Leaving you all with this I am hoping to get more active again as I continue to improve myself and hopefully one day find a meaning for my existence.&amp;nbsp;&lt;br /&gt;&lt;br /&gt;I am now off to do the work of the college, wish me luck&amp;nbsp;&lt;br /&gt;&lt;br /&gt;~&amp;lt;3</media:description>            <media:thumbnail url="https://t00.deviantart.net/XdGW4C2RnTcoQgaKDZy-8TEeV98=/fit-in/150x150/filters:no_upscale():origin()/pre00/29cd/th/pre/i/2019/027/4/7/i_don_t_have_a_creative_title_for_this_by_wynter_reverie-dcy7rbo.jpg" height="150" width="112"/>            <media:thumbnail url="https://t00.deviantart.net/6wZFzQBJVaUsewJlM4kvXd6DJV4=/fit-in/300x900/filters:no_upscale():origin()/pre00/29cd/th/pre/i/2019/027/4/7/i_don_t_have_a_creative_title_for_this_by_wynter_reverie-dcy7rbo.jpg" height="400" width="300"/>            <media:thumbnail url="https://t00.deviantart.net/hkqBN5nb1fvWR6VG71jA-fBzUmQ=/300x200/filters:fixed_height(100,100):origin()/pre00/29cd/th/pre/i/2019/027/4/7/i_don_t_have_a_creative_title_for_this_by_wynter_reverie-dcy7rbo.jpg" height="200" width="150"/>            <media:content url="https://pre00.deviantart.net/29cd/th/pre/i/2019/027/4/7/i_don_t_have_a_creative_title_for_this_by_wynter_reverie-dcy7rbo.jpg" height="1033" width="774" medium="image"/>            
            <description>So I have been away for a long minute, dealing with the usual mess of depression and angst that comes with adulthood not being what you wish it could be or not even being able to make it better.&amp;nbsp;&lt;br /&gt;&lt;br /&gt;Anywho, my mother bought me the big set of touch 3 alcohol markers and this is what came from playing around with them and honestly not really caring much about design. As always, I liked it better before I colored it but at least it doesn&#039;t look horrible in my opinion. Leaving you all with this I am hoping to get more active again as I continue to improve myself and hopefully one day find a meaning for my existence.&amp;nbsp;&lt;br /&gt;&lt;br /&gt;I am now off to do the work of the college, wish me luck&amp;nbsp;&lt;br /&gt;&lt;br /&gt;~&amp;lt;3&lt;br /&gt;&lt;div&gt;&lt;img src=&quot;https://t00.deviantart.net/hkqBN5nb1fvWR6VG71jA-fBzUmQ=/300x200/filters:fixed_height(100,100):origin()/pre00/29cd/th/pre/i/2019/027/4/7/i_don_t_have_a_creative_title_for_this_by_wynter_reverie-dcy7rbo.jpg&quot; alt=&quot;thumbnail&quot; /&gt;&lt;/div&gt;</description>            </item>
                    <item>
                <title>peech (adopt//open)</title>
                <link>https://idonthavesexwithpans.deviantart.com/art/peech-adopt-open-783061670</link>
                <guid isPermaLink="true">https://idonthavesexwithpans.deviantart.com/art/peech-adopt-open-783061670</guid>
                <pubDate>Sun, 27 Jan 2019 17:24:04 PST</pubDate>
                        <media:title type="plain">peech (adopt//open)</media:title>
        <media:keywords></media:keywords>
                        <media:rating>nonadult</media:rating>
                <media:category label="Adoptables">darelated/deviousfun/adoptables</media:category>
        <media:credit role="author" scheme="urn:ebu">idonthavesexwithpans</media:credit>
        <media:credit role="author" scheme="urn:ebu">https://a.deviantart.net/avatars/i/d/idonthavesexwithpans.png?9</media:credit>
        <media:copyright url="https://idonthavesexwithpans.deviantart.com">Copyright 2019 idonthavesexwithpans</media:copyright>            <media:description type="html">100 points&lt;br /&gt;owner: none</media:description>            <media:thumbnail url="https://t00.deviantart.net/KC9NMkcrIR8a2Fx0PlkviZfZ9eI=/fit-in/150x150/filters:no_upscale():origin()/pre00/fd53/th/pre/f/2019/027/7/b/peech__adopt__open__by_idonthavesexwithpans-dcy7q92.png" height="76" width="150"/>            <media:thumbnail url="https://t00.deviantart.net/5JiC1ojvE8XzscVrCb5BWvoc2XE=/fit-in/300x900/filters:no_upscale():origin()/pre00/fd53/th/pre/f/2019/027/7/b/peech__adopt__open__by_idonthavesexwithpans-dcy7q92.png" height="152" width="300"/>            <media:thumbnail url="https://t00.deviantart.net/Y8lZ9n4Q-Jy-PtRqwMaWuZjgsO0=/300x200/filters:fixed_height(100,100):origin()/pre00/fd53/th/pre/f/2019/027/7/b/peech__adopt__open__by_idonthavesexwithpans-dcy7q92.png" height="152" width="300"/>            <media:content url="https://pre00.deviantart.net/fd53/th/pre/f/2019/027/7/b/peech__adopt__open__by_idonthavesexwithpans-dcy7q92.png" height="635" width="1258" medium="image"/>            
            <description>100 points&lt;br /&gt;owner: none&lt;br /&gt;&lt;div&gt;&lt;img src=&quot;https://t00.deviantart.net/Y8lZ9n4Q-Jy-PtRqwMaWuZjgsO0=/300x200/filters:fixed_height(100,100):origin()/pre00/fd53/th/pre/f/2019/027/7/b/peech__adopt__open__by_idonthavesexwithpans-dcy7q92.png&quot; alt=&quot;thumbnail&quot; /&gt;&lt;/div&gt;</description>            </item>
                    <item>
                <title>Europe during the First World War / Great War</title>
                <link>https://zerolixice.deviantart.com/art/Europe-during-the-First-World-War-Great-War-783063488</link>
                <guid isPermaLink="true">https://zerolixice.deviantart.com/art/Europe-during-the-First-World-War-Great-War-783063488</guid>
                <pubDate>Sun, 27 Jan 2019 17:24:01 PST</pubDate>
                        <media:title type="plain">Europe during the First World War / Great War</media:title>
        <media:keywords></media:keywords>
                        <media:rating>nonadult</media:rating>
                <media:category label="DeviantArt">customization/wallpaper/deviantart</media:category>
        <media:credit role="author" scheme="urn:ebu">ZeroLixIce</media:credit>
        <media:credit role="author" scheme="urn:ebu">https://a.deviantart.net/avatars/z/e/zerolixice.jpg?3</media:credit>
        <media:copyright url="https://zerolixice.deviantart.com">Copyright 2019 ZeroLixIce</media:copyright>            <media:description type="html"></media:description>            <media:thumbnail url="https://t00.deviantart.net/ByrbIyvmEbiy9aeA8wCHknQqs8w=/fit-in/150x150/filters:no_upscale():origin()/pre00/4f41/th/pre/f/2019/027/d/d/europa_entreguerras_by_zerolixice-dcy7rnk.png" height="150" width="150"/>            <media:thumbnail url="https://t00.deviantart.net/jEBxLmEW8zvuztnfrKJOQO9agFk=/fit-in/300x900/filters:no_upscale():origin()/pre00/4f41/th/pre/f/2019/027/d/d/europa_entreguerras_by_zerolixice-dcy7rnk.png" height="300" width="300"/>            <media:thumbnail url="https://t00.deviantart.net/ykj9nnZBiLoxXwSjixS8uJcFeW0=/300x200/filters:fixed_height(100,100):origin()/pre00/4f41/th/pre/f/2019/027/d/d/europa_entreguerras_by_zerolixice-dcy7rnk.png" height="200" width="200"/>            <media:content url="https://orig00.deviantart.net/a464/f/2019/027/d/d/europa_entreguerras_by_zerolixice-dcy7rnk.png" height="600" width="600" medium="image"/>            
            <description>&lt;br /&gt;&lt;div&gt;&lt;img src=&quot;https://t00.deviantart.net/ykj9nnZBiLoxXwSjixS8uJcFeW0=/300x200/filters:fixed_height(100,100):origin()/pre00/4f41/th/pre/f/2019/027/d/d/europa_entreguerras_by_zerolixice-dcy7rnk.png&quot; alt=&quot;thumbnail&quot; /&gt;&lt;/div&gt;</description>            </item>
                    <item>
                <title>TMMS: Small Microraptor</title>
                <link>https://tigeressbird324.deviantart.com/art/TMMS-Small-Microraptor-783063422</link>
                <guid isPermaLink="true">https://tigeressbird324.deviantart.com/art/TMMS-Small-Microraptor-783063422</guid>
                <pubDate>Sun, 27 Jan 2019 17:23:59 PST</pubDate>
                        <media:title type="plain">TMMS: Small Microraptor</media:title>
        <media:keywords></media:keywords>
                        <media:rating>nonadult</media:rating>
                <media:category label="Movies &amp; TV">fanart/cartoons/traditional/movies</media:category>
        <media:credit role="author" scheme="urn:ebu">TigeressBird324</media:credit>
        <media:credit role="author" scheme="urn:ebu">https://a.deviantart.net/avatars/t/i/tigeressbird324.jpg?2</media:credit>
        <media:copyright url="https://tigeressbird324.deviantart.com">Copyright 2019 TigeressBird324</media:copyright>            <media:description type="html"></media:description>            <media:thumbnail url="https://t00.deviantart.net/2zBkTzcSKL-pfKHFh2QBQ8CMTAc=/fit-in/150x150/filters:no_upscale():origin()/pre00/25a2/th/pre/i/2019/027/4/1/tmms__small_microraptor_by_tigeressbird324-dcy7rlq.jpg" height="150" width="113"/>            <media:thumbnail url="https://t00.deviantart.net/4NjZgLrEQ4Mp5HI3VW-9KCnGtWI=/fit-in/300x900/filters:no_upscale():origin()/pre00/25a2/th/pre/i/2019/027/4/1/tmms__small_microraptor_by_tigeressbird324-dcy7rlq.jpg" height="400" width="300"/>            <media:thumbnail url="https://t00.deviantart.net/QdYv2yKF_Svx_pQ3Tt68QeaZJJ4=/300x200/filters:fixed_height(100,100):origin()/pre00/25a2/th/pre/i/2019/027/4/1/tmms__small_microraptor_by_tigeressbird324-dcy7rlq.jpg" height="200" width="150"/>            <media:content url="https://pre00.deviantart.net/25a2/th/pre/i/2019/027/4/1/tmms__small_microraptor_by_tigeressbird324-dcy7rlq.jpg" height="1032" width="774" medium="image"/>            
            <description>&lt;br /&gt;&lt;div&gt;&lt;img src=&quot;https://t00.deviantart.net/QdYv2yKF_Svx_pQ3Tt68QeaZJJ4=/300x200/filters:fixed_height(100,100):origin()/pre00/25a2/th/pre/i/2019/027/4/1/tmms__small_microraptor_by_tigeressbird324-dcy7rlq.jpg&quot; alt=&quot;thumbnail&quot; /&gt;&lt;/div&gt;</description>            </item>
                    <item>
                <title>No. 1 - Mac Miller </title>
                <link>https://sjlively0128.deviantart.com/art/No-1-Mac-Miller-783063540</link>
                <guid isPermaLink="true">https://sjlively0128.deviantart.com/art/No-1-Mac-Miller-783063540</guid>
                <pubDate>Sun, 27 Jan 2019 17:23:57 PST</pubDate>
                        <media:title type="plain">No. 1 - Mac Miller </media:title>
        <media:keywords></media:keywords>
                        <media:rating>nonadult</media:rating>
                <media:category label="Portraits">digitalart/paintings/people/portraits</media:category>
        <media:credit role="author" scheme="urn:ebu">sjlively0128</media:credit>
        <media:credit role="author" scheme="urn:ebu">https://a.deviantart.net/avatars/s/j/sjlively0128.png?2</media:credit>
        <media:copyright url="https://sjlively0128.deviantart.com">Copyright 2019 sjlively0128</media:copyright>            <media:description type="html">The first illustration I created on my iPad.</media:description>            <media:thumbnail url="https://t00.deviantart.net/XSvfY5Xggxd3Rv4WEpWy1NMuVpc=/fit-in/150x150/filters:no_upscale():origin()/pre00/791f/th/pre/i/2019/027/1/8/no__1___mac_miller__by_sjlively0128-dcy7rp0.png" height="113" width="150"/>            <media:thumbnail url="https://t00.deviantart.net/YHaeqfQuaj9GtGPAqiYUV8UKVvo=/fit-in/300x900/filters:no_upscale():origin()/pre00/791f/th/pre/i/2019/027/1/8/no__1___mac_miller__by_sjlively0128-dcy7rp0.png" height="225" width="300"/>            <media:thumbnail url="https://t00.deviantart.net/sczph0NjrCRBEOeVcMe_9xnOjXo=/300x200/filters:fixed_height(100,100):origin()/pre00/791f/th/pre/i/2019/027/1/8/no__1___mac_miller__by_sjlively0128-dcy7rp0.png" height="200" width="267"/>            <media:content url="https://pre00.deviantart.net/791f/th/pre/i/2019/027/1/8/no__1___mac_miller__by_sjlively0128-dcy7rp0.png" height="774" width="1032" medium="image"/>            
            <description>The first illustration I created on my iPad.&lt;br /&gt;&lt;div&gt;&lt;img src=&quot;https://t00.deviantart.net/sczph0NjrCRBEOeVcMe_9xnOjXo=/300x200/filters:fixed_height(100,100):origin()/pre00/791f/th/pre/i/2019/027/1/8/no__1___mac_miller__by_sjlively0128-dcy7rp0.png&quot; alt=&quot;thumbnail&quot; /&gt;&lt;/div&gt;</description>            </item>
                    <item>
                <title>cool mop my man</title>
                <link>https://fastener.deviantart.com/art/cool-mop-my-man-783063364</link>
                <guid isPermaLink="true">https://fastener.deviantart.com/art/cool-mop-my-man-783063364</guid>
                <pubDate>Sun, 27 Jan 2019 17:23:56 PST</pubDate>
                        <media:title type="plain">cool mop my man</media:title>
        <media:keywords></media:keywords>
                        <media:rating>nonadult</media:rating>
                <media:category label="Animals">digitalart/paintings/animals</media:category>
        <media:credit role="author" scheme="urn:ebu">fastener</media:credit>
        <media:credit role="author" scheme="urn:ebu">https://a.deviantart.net/avatars/f/a/fastener.gif?2</media:credit>
        <media:copyright url="https://fastener.deviantart.com">Copyright 2019 fastener</media:copyright>            <media:description type="html">doodle page trade with &lt;span class=&quot;username-with-symbol u&quot;&gt;&lt;a class=&quot;u premium username&quot; href=&quot;https://www.deviantart.com/005xen&quot;&gt;005xen&lt;/a&gt;&lt;span class=&quot;user-symbol premium&quot; data-quicktip-text=&quot;Core Member&quot; data-show-tooltip=&quot;1&quot; data-gruser-type=&quot;premium&quot;&gt;&lt;/span&gt;&lt;/span&gt;&lt;br /&gt;&lt;br /&gt;I love this character v cool.... srry if I butchered them or anything. I tried to do a few / make it unique.&amp;nbsp;</media:description>            <media:thumbnail url="https://t00.deviantart.net/M5vRYT7D825kkYmmpV3xS1F6VYM=/fit-in/150x150/filters:no_upscale():origin()/pre00/cc5f/th/pre/i/2019/027/1/3/cool_mop_my_man_by_fastener-dcy7rk4.png" height="113" width="150"/>            <media:thumbnail url="https://t00.deviantart.net/jAugjYQqGtEMTkfktFESdx5KQsg=/fit-in/300x900/filters:no_upscale():origin()/pre00/cc5f/th/pre/i/2019/027/1/3/cool_mop_my_man_by_fastener-dcy7rk4.png" height="226" width="300"/>            <media:thumbnail url="https://t00.deviantart.net/TVtDyO1YNybXAh5No9jD7cHFjLo=/300x200/filters:fixed_height(100,100):origin()/pre00/cc5f/th/pre/i/2019/027/1/3/cool_mop_my_man_by_fastener-dcy7rk4.png" height="200" width="265"/>            <media:content url="https://pre00.deviantart.net/cc5f/th/pre/i/2019/027/1/3/cool_mop_my_man_by_fastener-dcy7rk4.png" height="776" width="1030" medium="image"/>            
            <description>doodle page trade with &lt;span class=&quot;username-with-symbol u&quot;&gt;&lt;a class=&quot;u premium username&quot; href=&quot;https://www.deviantart.com/005xen&quot;&gt;005xen&lt;/a&gt;&lt;span class=&quot;user-symbol premium&quot; data-quicktip-text=&quot;Core Member&quot; data-show-tooltip=&quot;1&quot; data-gruser-type=&quot;premium&quot;&gt;&lt;/span&gt;&lt;/span&gt;&lt;br /&gt;&lt;br /&gt;I love this character v cool.... srry if I butchered them or anything. I tried to do a few / make it unique.&amp;nbsp;&lt;br /&gt;&lt;div&gt;&lt;img src=&quot;https://t00.deviantart.net/TVtDyO1YNybXAh5No9jD7cHFjLo=/300x200/filters:fixed_height(100,100):origin()/pre00/cc5f/th/pre/i/2019/027/1/3/cool_mop_my_man_by_fastener-dcy7rk4.png&quot; alt=&quot;thumbnail&quot; /&gt;&lt;/div&gt;</description>            </item>
                    <item>
                <title>Abby and The Blankie</title>
                <link>https://teaphotography.deviantart.com/art/Abby-and-The-Blankie-782481725</link>
                <guid isPermaLink="true">https://teaphotography.deviantart.com/art/Abby-and-The-Blankie-782481725</guid>
                <pubDate>Sun, 27 Jan 2019 17:23:55 PST</pubDate>
                        <media:title type="plain">Abby and The Blankie</media:title>
        <media:keywords></media:keywords>
                        <media:rating>nonadult</media:rating>
                <media:category label="Domesticated Animals">photography/nature/domestic</media:category>
        <media:credit role="author" scheme="urn:ebu">TeaPhotography</media:credit>
        <media:credit role="author" scheme="urn:ebu">https://a.deviantart.net/avatars/t/e/teaphotography.jpg?4</media:credit>
        <media:copyright url="https://teaphotography.deviantart.com">Copyright 2019 TeaPhotography</media:copyright>            <media:description type="html">&lt;div&gt;This is Abby! I adore her to pieces!. &lt;img src=&quot;https://e.deviantart.net/emoticons/l/lol.gif&quot; width=&quot;15&quot; height=&quot;15&quot; alt=&quot;:lol:&quot; data-embed-type=&quot;emoticon&quot; data-embed-id=&quot;384&quot; title=&quot;LOL&quot;/&gt;&lt;/div&gt;&lt;div&gt;She was the first of the several cats, (and needed no invitation) to try out the crocheted &quot;baby or kitten-sized&quot; blanket that I commission from &lt;br /&gt;&lt;/div&gt;&lt;div&gt;&lt;span class=&quot;username-with-symbol u&quot;&gt;&lt;a class=&quot;u premium username&quot; href=&quot;https://www.deviantart.com/kittysib&quot;&gt;KittySib&lt;/a&gt;&lt;span class=&quot;user-symbol premium&quot; data-quicktip-text=&quot;Core Member&quot; data-show-tooltip=&quot;1&quot; data-gruser-type=&quot;premium&quot;&gt;&lt;/span&gt;&lt;/span&gt; &lt;a target=&quot;_self&quot; href=&quot;https://www.deviantart.com/kittysib&quot; &gt;&lt;img class=&quot;avatar&quot; width=&quot;50&quot; height=&quot;50&quot; src=&quot;https://a.deviantart.net/avatars/k/i/kittysib.png?10&quot; alt=&quot;:iconkittysib:&quot; title=&quot;KittySib&quot; /&gt;&lt;/a&gt; for Christmas. &lt;br /&gt;&lt;/div&gt;&lt;div&gt;I had been dreaming of doing this with &lt;span class=&quot;username-with-symbol u&quot;&gt;&lt;a class=&quot;u premium username&quot; href=&quot;https://www.deviantart.com/kittysib&quot;&gt;KittySib&lt;/a&gt;&lt;span class=&quot;user-symbol premium&quot; data-quicktip-text=&quot;Core Member&quot; data-show-tooltip=&quot;1&quot; data-gruser-type=&quot;premium&quot;&gt;&lt;/span&gt;&lt;/span&gt; for a while, about a year.&lt;/div&gt;&lt;div&gt;&lt;br /&gt;&lt;/div&gt;&lt;div&gt;Unfortunately my Chihuahua eats the stuffing out of the trim of the traditional-types of cat beds, among eating other cat toys despite the slew of his own doggie toys...&lt;/div&gt;&lt;div&gt;...so, I had been wondering if a blanket would work. &lt;span class=&quot;username-with-symbol u&quot;&gt;&lt;a class=&quot;u premium username&quot; href=&quot;https://www.deviantart.com/kittysib&quot;&gt;KittySib&lt;/a&gt;&lt;span class=&quot;user-symbol premium&quot; data-quicktip-text=&quot;Core Member&quot; data-show-tooltip=&quot;1&quot; data-gruser-type=&quot;premium&quot;&gt;&lt;/span&gt;&lt;/span&gt; is soooo talented. The great quality yarn is soft but strong. It is crocheted nice and tight, and the cats haven&#039;t even made a single pull. Of course I do trim their nails- and if you, a shelter, or a vet trims your cats nails, you really shouldn&#039;t have a problem. Of course it would be perfect for a baby, too.&lt;/div&gt;&lt;div&gt;&lt;br /&gt;&lt;/div&gt;&lt;div&gt;When it came it was actually bigger than I realized it would be! It goes from my feet to my chest. It&#039;s quite long for a person, just not side to side- after all I didn&#039;t order one for a tall human. &lt;br /&gt;&lt;/div&gt;&lt;div&gt;If you are at least interested in taking a look at &lt;span class=&quot;username-with-symbol u&quot;&gt;&lt;a class=&quot;u premium username&quot; href=&quot;https://www.deviantart.com/kittysib&quot;&gt;KittySib&lt;/a&gt;&lt;span class=&quot;user-symbol premium&quot; data-quicktip-text=&quot;Core Member&quot; data-show-tooltip=&quot;1&quot; data-gruser-type=&quot;premium&quot;&gt;&lt;/span&gt;&lt;/span&gt; &#039;s work, I do HIGHLY recommend it. Her skills are phenomenal and simply put, professional. &lt;img src=&quot;https://e.deviantart.net/emoticons/n/nod.gif&quot; width=&quot;15&quot; height=&quot;15&quot; alt=&quot;:nod:&quot; data-embed-type=&quot;emoticon&quot; data-embed-id=&quot;334&quot; title=&quot;Nod&quot;/&gt;&lt;br /&gt;&lt;/div&gt;&lt;div&gt;&lt;br /&gt;&lt;/div&gt;&lt;div&gt;Please &lt;img src=&quot;https://e.deviantart.net/emoticons/n/note.gif&quot; width=&quot;14&quot; height=&quot;14&quot; alt=&quot;:note:&quot; data-embed-type=&quot;emoticon&quot; data-embed-id=&quot;266&quot; title=&quot;Note&quot;/&gt; to get more light on Abby&#039;s face, I had to brighten the photo a bit, so the blanket colours look a little brighter than they really are. I feel that&#039;s only fair to mention. But click on it BIG to see &lt;span class=&quot;username-with-symbol u&quot;&gt;&lt;a class=&quot;u premium username&quot; href=&quot;https://www.deviantart.com/kittysib&quot;&gt;KittySib&lt;/a&gt;&lt;span class=&quot;user-symbol premium&quot; data-quicktip-text=&quot;Core Member&quot; data-show-tooltip=&quot;1&quot; data-gruser-type=&quot;premium&quot;&gt;&lt;/span&gt;&lt;/span&gt; &#039;s true madskills! &lt;img src=&quot;https://e.deviantart.net/emoticons/h/heart.gif&quot; width=&quot;15&quot; height=&quot;13&quot; alt=&quot;:heart:&quot; data-embed-type=&quot;emoticon&quot; data-embed-id=&quot;357&quot; title=&quot;Heart&quot;/&gt;&lt;br /&gt;&lt;/div&gt;&lt;div&gt;&lt;br /&gt;&lt;/div&gt;&lt;div&gt;&lt;a href=&quot;https://www.deviantart.com/kittysib&quot;&gt;www.deviantart.com/kittysib&lt;/a&gt;&lt;/div&gt;&lt;div&gt;&lt;br /&gt;&lt;/div&gt;&lt;div&gt;&lt;span class=&quot;shadow-holder&quot; data-embed-type=&quot;deviation&quot; data-embed-id=&quot;493856930&quot; data-embed-format=&quot;thumb&quot;&gt;&lt;span class=&quot;shadow mild&quot; &gt;&lt;a class=&quot;thumb&quot; href=&quot;https://www.deviantart.com/kittysib/art/Party-Time-Blanket-493856930&quot; title=&quot;Party Time Blanket by KittySib, Nov 10, 2014 in Artisan Crafts &amp;gt; Needlework &amp;gt; Crochet&quot;data-super-img=&quot;https://images-wixmp-ed30a86b8c4ca887773594c2.wixmp.com/intermediary/f/b14c3f55-2366-4fc7-80d6-8a7a669fcfdb/d8612g2-ae38d716-3be5-44fd-82b9-a1d7ccec62ad.jpg&quot; data-super-width=&quot;570&quot; data-super-height=&quot;321&quot; data-super-transparent=&quot;false&quot; data-super-alt=&quot;Party Time Blanket by KittySib&quot; data-super-full-img=&quot;https://images-wixmp-ed30a86b8c4ca887773594c2.wixmp.com/intermediary/f/b14c3f55-2366-4fc7-80d6-8a7a669fcfdb/d8612g2-ae38d716-3be5-44fd-82b9-a1d7ccec62ad.jpg&quot; data-super-full-width=&quot;570&quot; data-super-full-height=&quot;321&quot;        data-sigil=&quot;thumb&quot;&gt;
        &lt;i&gt;&lt;/i&gt;&lt;img   width=&quot;150&quot; height=&quot;84&quot; alt=&quot;Party Time Blanket by KittySib&quot; src=&quot;https://images-wixmp-ed30a86b8c4ca887773594c2.wixmp.com/intermediary/f/b14c3f55-2366-4fc7-80d6-8a7a669fcfdb/d8612g2-ae38d716-3be5-44fd-82b9-a1d7ccec62ad.jpg/v1/fit/w_150,h_150,q_70,strp/party_time_blanket_by_kittysib_d8612g2-150.jpg&quot; data-src=&quot;https://images-wixmp-ed30a86b8c4ca887773594c2.wixmp.com/intermediary/f/b14c3f55-2366-4fc7-80d6-8a7a669fcfdb/d8612g2-ae38d716-3be5-44fd-82b9-a1d7ccec62ad.jpg/v1/fit/w_150,h_150,q_70,strp/party_time_blanket_by_kittysib_d8612g2-150.jpg&quot; srcset=&quot;https://images-wixmp-ed30a86b8c4ca887773594c2.wixmp.com/intermediary/f/b14c3f55-2366-4fc7-80d6-8a7a669fcfdb/d8612g2-ae38d716-3be5-44fd-82b9-a1d7ccec62ad.jpg/v1/fit/w_150,h_150,q_70,strp/party_time_blanket_by_kittysib_d8612g2-150.jpg 150w,https://images-wixmp-ed30a86b8c4ca887773594c2.wixmp.com/intermediary/f/b14c3f55-2366-4fc7-80d6-8a7a669fcfdb/d8612g2-ae38d716-3be5-44fd-82b9-a1d7ccec62ad.jpg/v1/fill/w_444,h_250,q_70,strp/party_time_blanket_by_kittysib_d8612g2-250t.jpg 444w,https://images-wixmp-ed30a86b8c4ca887773594c2.wixmp.com/intermediary/f/b14c3f55-2366-4fc7-80d6-8a7a669fcfdb/d8612g2-ae38d716-3be5-44fd-82b9-a1d7ccec62ad.jpg 570w&quot; sizes=&quot;150px&quot;&gt;&lt;/a&gt;&lt;/span&gt;&lt;!-- ^TTT --&gt;&lt;!-- TTT$ --&gt;&lt;/span&gt;&amp;nbsp;&lt;span class=&quot;shadow-holder&quot; data-embed-type=&quot;deviation&quot; data-embed-id=&quot;480177534&quot; data-embed-format=&quot;thumb&quot;&gt;&lt;span class=&quot;shadow mild&quot; &gt;&lt;a class=&quot;thumb&quot; href=&quot;https://www.deviantart.com/kittysib/art/Mermaid-Lagoon-480177534&quot; title=&quot;Mermaid Lagoon by KittySib, Sep 3, 2014 in Artisan Crafts &amp;gt; Needlework &amp;gt; Crochet&quot;data-super-img=&quot;https://images-wixmp-ed30a86b8c4ca887773594c2.wixmp.com/intermediary/f/b14c3f55-2366-4fc7-80d6-8a7a669fcfdb/d7xvvcu-43e862fe-8a00-44df-b8d1-c30d1b7c89b7.jpg/v1/fill/w_783,h_1020,q_70,strp/mermaid_lagoon_by_kittysib_d7xvvcu-pre.jpg&quot; data-super-width=&quot;783&quot; data-super-height=&quot;1020&quot; data-super-transparent=&quot;false&quot; data-super-alt=&quot;Mermaid Lagoon by KittySib&quot; data-super-full-img=&quot;https://images-wixmp-ed30a86b8c4ca887773594c2.wixmp.com/intermediary/f/b14c3f55-2366-4fc7-80d6-8a7a669fcfdb/d7xvvcu-43e862fe-8a00-44df-b8d1-c30d1b7c89b7.jpg/v1/fill/w_1024,h_1333,q_70,strp/mermaid_lagoon_by_kittysib_d7xvvcu-fullview.jpg&quot; data-super-full-width=&quot;1024&quot; data-super-full-height=&quot;1333&quot;        data-sigil=&quot;thumb&quot;&gt;
        &lt;i&gt;&lt;/i&gt;&lt;img   width=&quot;115&quot; height=&quot;150&quot; alt=&quot;Mermaid Lagoon by KittySib&quot; src=&quot;https://images-wixmp-ed30a86b8c4ca887773594c2.wixmp.com/intermediary/f/b14c3f55-2366-4fc7-80d6-8a7a669fcfdb/d7xvvcu-43e862fe-8a00-44df-b8d1-c30d1b7c89b7.jpg/v1/fit/w_150,h_150,q_70,strp/mermaid_lagoon_by_kittysib_d7xvvcu-150.jpg&quot; data-src=&quot;https://images-wixmp-ed30a86b8c4ca887773594c2.wixmp.com/intermediary/f/b14c3f55-2366-4fc7-80d6-8a7a669fcfdb/d7xvvcu-43e862fe-8a00-44df-b8d1-c30d1b7c89b7.jpg/v1/fit/w_150,h_150,q_70,strp/mermaid_lagoon_by_kittysib_d7xvvcu-150.jpg&quot; srcset=&quot;https://images-wixmp-ed30a86b8c4ca887773594c2.wixmp.com/intermediary/f/b14c3f55-2366-4fc7-80d6-8a7a669fcfdb/d7xvvcu-43e862fe-8a00-44df-b8d1-c30d1b7c89b7.jpg/v1/fit/w_150,h_150,q_70,strp/mermaid_lagoon_by_kittysib_d7xvvcu-150.jpg 115w,https://images-wixmp-ed30a86b8c4ca887773594c2.wixmp.com/intermediary/f/b14c3f55-2366-4fc7-80d6-8a7a669fcfdb/d7xvvcu-43e862fe-8a00-44df-b8d1-c30d1b7c89b7.jpg/v1/fill/w_192,h_250,q_70,strp/mermaid_lagoon_by_kittysib_d7xvvcu-250t.jpg 192w,https://images-wixmp-ed30a86b8c4ca887773594c2.wixmp.com/intermediary/f/b14c3f55-2366-4fc7-80d6-8a7a669fcfdb/d7xvvcu-43e862fe-8a00-44df-b8d1-c30d1b7c89b7.jpg/v1/fill/w_269,h_350,q_70,strp/mermaid_lagoon_by_kittysib_d7xvvcu-350t.jpg 269w,https://images-wixmp-ed30a86b8c4ca887773594c2.wixmp.com/intermediary/f/b14c3f55-2366-4fc7-80d6-8a7a669fcfdb/d7xvvcu-43e862fe-8a00-44df-b8d1-c30d1b7c89b7.jpg/v1/fill/w_307,h_400,q_70,strp/mermaid_lagoon_by_kittysib_d7xvvcu-400t.jpg 307w,https://images-wixmp-ed30a86b8c4ca887773594c2.wixmp.com/intermediary/f/b14c3f55-2366-4fc7-80d6-8a7a669fcfdb/d7xvvcu-43e862fe-8a00-44df-b8d1-c30d1b7c89b7.jpg/v1/fill/w_783,h_1020,q_70,strp/mermaid_lagoon_by_kittysib_d7xvvcu-pre.jpg 783w&quot; sizes=&quot;115px&quot;&gt;&lt;/a&gt;&lt;/span&gt;&lt;!-- ^TTT --&gt;&lt;!-- TTT$ --&gt;&lt;/span&gt; &lt;span class=&quot;shadow-holder&quot; data-embed-type=&quot;deviation&quot; data-embed-id=&quot;493937871&quot; data-embed-format=&quot;thumb&quot;&gt;&lt;span class=&quot;shadow mild&quot; &gt;&lt;a class=&quot;thumb&quot; href=&quot;https://www.deviantart.com/kittysib/art/Mistletoe-Holiday-Blanket-493937871&quot; title=&quot;Mistletoe Holiday Blanket by KittySib, Nov 11, 2014 in Artisan Crafts &amp;gt; Needlework &amp;gt; Crochet&quot;data-super-img=&quot;https://images-wixmp-ed30a86b8c4ca887773594c2.wixmp.com/intermediary/f/b14c3f55-2366-4fc7-80d6-8a7a669fcfdb/d862swf-9ba833cc-0506-4317-9166-179dd57a9e68.jpg&quot; data-super-width=&quot;570&quot; data-super-height=&quot;321&quot; data-super-transparent=&quot;false&quot; data-super-alt=&quot;Mistletoe Holiday Blanket by KittySib&quot; data-super-full-img=&quot;https://images-wixmp-ed30a86b8c4ca887773594c2.wixmp.com/intermediary/f/b14c3f55-2366-4fc7-80d6-8a7a669fcfdb/d862swf-9ba833cc-0506-4317-9166-179dd57a9e68.jpg&quot; data-super-full-width=&quot;570&quot; data-super-full-height=&quot;321&quot;        data-sigil=&quot;thumb&quot;&gt;
        &lt;i&gt;&lt;/i&gt;&lt;img   width=&quot;150&quot; height=&quot;84&quot; alt=&quot;Mistletoe Holiday Blanket by KittySib&quot; src=&quot;https://images-wixmp-ed30a86b8c4ca887773594c2.wixmp.com/intermediary/f/b14c3f55-2366-4fc7-80d6-8a7a669fcfdb/d862swf-9ba833cc-0506-4317-9166-179dd57a9e68.jpg/v1/fit/w_150,h_150,q_70,strp/mistletoe_holiday_blanket_by_kittysib_d862swf-150.jpg&quot; data-src=&quot;https://images-wixmp-ed30a86b8c4ca887773594c2.wixmp.com/intermediary/f/b14c3f55-2366-4fc7-80d6-8a7a669fcfdb/d862swf-9ba833cc-0506-4317-9166-179dd57a9e68.jpg/v1/fit/w_150,h_150,q_70,strp/mistletoe_holiday_blanket_by_kittysib_d862swf-150.jpg&quot; srcset=&quot;https://images-wixmp-ed30a86b8c4ca887773594c2.wixmp.com/intermediary/f/b14c3f55-2366-4fc7-80d6-8a7a669fcfdb/d862swf-9ba833cc-0506-4317-9166-179dd57a9e68.jpg/v1/fit/w_150,h_150,q_70,strp/mistletoe_holiday_blanket_by_kittysib_d862swf-150.jpg 150w,https://images-wixmp-ed30a86b8c4ca887773594c2.wixmp.com/intermediary/f/b14c3f55-2366-4fc7-80d6-8a7a669fcfdb/d862swf-9ba833cc-0506-4317-9166-179dd57a9e68.jpg/v1/fill/w_444,h_250,q_70,strp/mistletoe_holiday_blanket_by_kittysib_d862swf-250t.jpg 444w,https://images-wixmp-ed30a86b8c4ca887773594c2.wixmp.com/intermediary/f/b14c3f55-2366-4fc7-80d6-8a7a669fcfdb/d862swf-9ba833cc-0506-4317-9166-179dd57a9e68.jpg 570w&quot; sizes=&quot;150px&quot;&gt;&lt;/a&gt;&lt;/span&gt;&lt;!-- ^TTT --&gt;&lt;!-- TTT$ --&gt;&lt;/span&gt;&lt;/div&gt;&lt;div&gt;&lt;br /&gt;&lt;/div&gt;&lt;div&gt;Now, go feel free to see more, ask her more, and see what&#039;s current on her ETSY account!!! &lt;img src=&quot;https://e.deviantart.net/emoticons/l/love2.gif&quot; width=&quot;26&quot; height=&quot;17&quot; alt=&quot;:love:&quot; data-embed-type=&quot;emoticon&quot; data-embed-id=&quot;276&quot; title=&quot;Love&quot;/&gt; &lt;br /&gt;&lt;/div&gt;&lt;div&gt;&lt;br /&gt;&lt;/div&gt;&lt;div&gt;&lt;br /&gt;&lt;/div&gt;&lt;div&gt;~~~~~~~~~&lt;img src=&quot;https://e.deviantart.net/emoticons/r/rose.gif&quot; alt=&quot;Rose&quot; style=&quot;width: 15px; height: 15px;&quot; data-embed-type=&quot;emoticon&quot; data-embed-id=&quot;314&quot;&gt;&lt;/div&gt;&lt;div&gt;&lt;br /&gt;[ &lt;img src=&quot;https://e.deviantart.net/emoticons/n/note.gif&quot; alt=&quot;Note&quot; style=&quot;width: 14px; height: 14px;&quot; data-embed-type=&quot;emoticon&quot; data-embed-id=&quot;266&quot;&gt; NOTE: Thank you, in advance, for any &lt;img src=&quot;https://e.deviantart.net/emoticons/p/plusfav.gif&quot; alt=&quot;+fav&quot; style=&quot;width: 15px; height: 16px;&quot; data-embed-type=&quot;emoticon&quot; data-embed-id=&quot;194&quot;&gt;&#039;s I may receive for this image. &lt;img src=&quot;https://e.deviantart.net/emoticons/t/thanks.gif&quot; alt=&quot;Thanks for everything!&quot; style=&quot;width: 15px; height: 15px;&quot; data-embed-type=&quot;emoticon&quot; data-embed-id=&quot;488&quot;&gt; &lt;img src=&quot;https://e.deviantart.net/emoticons/a/aww.gif&quot; alt=&quot;Aww&quot; style=&quot;width: 15px; height: 15px;&quot; data-embed-type=&quot;emoticon&quot; data-embed-id=&quot;349&quot;&gt; &lt;img src=&quot;https://e.deviantart.net/emoticons/r/rose.gif&quot; alt=&quot;Rose&quot; style=&quot;width: 15px; height: 15px;&quot; data-embed-type=&quot;emoticon&quot; data-embed-id=&quot;314&quot;&gt; I am honoured and grateful that anyone would think well enough to &lt;img src=&quot;https://e.deviantart.net/emoticons/p/plusfav.gif&quot; alt=&quot;+fav&quot; style=&quot;width: 15px; height: 16px;&quot; data-embed-type=&quot;emoticon&quot; data-embed-id=&quot;194&quot;&gt; it. &lt;img src=&quot;https://e.deviantart.net/emoticons/n/nod.gif&quot; alt=&quot;Nod&quot; style=&quot;width: 15px; height: 15px;&quot; data-embed-type=&quot;emoticon&quot; data-embed-id=&quot;334&quot;&gt; So thank you from the bottom of my heart &lt;img src=&quot;https://e.deviantart.net/emoticons/h/heart.gif&quot; alt=&quot;Heart&quot; style=&quot;width: 15px; height: 13px;&quot; data-embed-type=&quot;emoticon&quot; data-embed-id=&quot;357&quot;&gt; . I understand if you don&#039;t have time to comment, but thank you for any kind comments, too. &lt;img src=&quot;https://e.deviantart.net/emoticons/a/aww.gif&quot; alt=&quot;Aww&quot; style=&quot;width: 15px; height: 15px;&quot; data-embed-type=&quot;emoticon&quot; data-embed-id=&quot;349&quot;&gt; It&#039;s important to know this NOW, as I may NOT be able to do individual thank-you&#039;s for &lt;img src=&quot;https://e.deviantart.net/emoticons/p/plusfav.gif&quot; alt=&quot;+fav&quot; style=&quot;width: 15px; height: 16px;&quot; data-embed-type=&quot;emoticon&quot; data-embed-id=&quot;194&quot;&gt;&#039;s, or in case I cannot respond to each comment, either. Thanks for understanding. &lt;img src=&quot;https://e.deviantart.net/emoticons/t/thanks.gif&quot; alt=&quot;Thanks for everything!&quot; style=&quot;width: 15px; height: 15px;&quot; data-embed-type=&quot;emoticon&quot; data-embed-id=&quot;488&quot;&gt; And, if you just came to view, I appreciate that, too.&lt;br /&gt;&lt;img src=&quot;https://e.deviantart.net/emoticons/w/w00t.gif&quot; alt=&quot;w00t!&quot; style=&quot;width: 23px; height: 23px;&quot; data-embed-type=&quot;emoticon&quot; data-embed-id=&quot;97&quot;&gt; ]&lt;br /&gt;&lt;br /&gt;************&lt;br /&gt;Respect &amp;#65533; Tea Photography. &lt;br /&gt;ALL work produced by Tea of &amp;#65533; Tea Photography is protected, and shall NOT be reproduced, altered, or used in ANY kind of way.&lt;/div&gt;</media:description>            <media:thumbnail url="https://t00.deviantart.net/SS4vAh4DJNcWMuxqbZo-55RSiF8=/fit-in/150x150/filters:no_upscale():origin()/pre00/b47f/th/pre/i/2019/027/7/4/abby_and_the_blankie_by_teaphotography-dcxvarh.jpg" height="150" width="109"/>            <media:thumbnail url="https://t00.deviantart.net/eabujxUe5h4L9EBN0w0DNXJBKbc=/fit-in/300x900/filters:no_upscale():origin()/pre00/b47f/th/pre/i/2019/027/7/4/abby_and_the_blankie_by_teaphotography-dcxvarh.jpg" height="414" width="300"/>            <media:thumbnail url="https://t00.deviantart.net/TN6XkQuX_rk1wZeXhNe1t6ZlGJ0=/300x200/filters:fixed_height(100,100):origin()/pre00/b47f/th/pre/i/2019/027/7/4/abby_and_the_blankie_by_teaphotography-dcxvarh.jpg" height="200" width="145"/>            <media:content url="https://pre00.deviantart.net/b47f/th/pre/i/2019/027/7/4/abby_and_the_blankie_by_teaphotography-dcxvarh.jpg" height="1050" width="761" medium="image"/>            
            <description>&lt;div&gt;This is Abby! I adore her to pieces!. &lt;img src=&quot;https://e.deviantart.net/emoticons/l/lol.gif&quot; width=&quot;15&quot; height=&quot;15&quot; alt=&quot;:lol:&quot; data-embed-type=&quot;emoticon&quot; data-embed-id=&quot;384&quot; title=&quot;LOL&quot;/&gt;&lt;/div&gt;&lt;div&gt;She was the first of the several cats, (and needed no invitation) to try out the crocheted &quot;baby or kitten-sized&quot; blanket that I commission from &lt;br /&gt;&lt;/div&gt;&lt;div&gt;&lt;span class=&quot;username-with-symbol u&quot;&gt;&lt;a class=&quot;u premium username&quot; href=&quot;https://www.deviantart.com/kittysib&quot;&gt;KittySib&lt;/a&gt;&lt;span class=&quot;user-symbol premium&quot; data-quicktip-text=&quot;Core Member&quot; data-show-tooltip=&quot;1&quot; data-gruser-type=&quot;premium&quot;&gt;&lt;/span&gt;&lt;/span&gt; &lt;a target=&quot;_self&quot; href=&quot;https://www.deviantart.com/kittysib&quot; &gt;&lt;img class=&quot;avatar&quot; width=&quot;50&quot; height=&quot;50&quot; src=&quot;https://a.deviantart.net/avatars/k/i/kittysib.png?10&quot; alt=&quot;:iconkittysib:&quot; title=&quot;KittySib&quot; /&gt;&lt;/a&gt; for Christmas. &lt;br /&gt;&lt;/div&gt;&lt;div&gt;I had been dreaming of doing this with &lt;span class=&quot;username-with-symbol u&quot;&gt;&lt;a class=&quot;u premium username&quot; href=&quot;https://www.deviantart.com/kittysib&quot;&gt;KittySib&lt;/a&gt;&lt;span class=&quot;user-symbol premium&quot; data-quicktip-text=&quot;Core Member&quot; data-show-tooltip=&quot;1&quot; data-gruser-type=&quot;premium&quot;&gt;&lt;/span&gt;&lt;/span&gt; for a while, about a year.&lt;/div&gt;&lt;div&gt;&lt;br /&gt;&lt;/div&gt;&lt;div&gt;Unfortunately my Chihuahua eats the stuffing out of the trim of the traditional-types of cat beds, among eating other cat toys despite the slew of his own doggie toys...&lt;/div&gt;&lt;div&gt;...so, I had been wondering if a blanket would work. &lt;span class=&quot;username-with-symbol u&quot;&gt;&lt;a class=&quot;u premium username&quot; href=&quot;https://www.deviantart.com/kittysib&quot;&gt;KittySib&lt;/a&gt;&lt;span class=&quot;user-symbol premium&quot; data-quicktip-text=&quot;Core Member&quot; data-show-tooltip=&quot;1&quot; data-gruser-type=&quot;premium&quot;&gt;&lt;/span&gt;&lt;/span&gt; is soooo talented. The great quality yarn is soft but strong. It is crocheted nice and tight, and the cats haven&#039;t even made a single pull. Of course I do trim their nails- and if you, a shelter, or a vet trims your cats nails, you really shouldn&#039;t have a problem. Of course it would be perfect for a baby, too.&lt;/div&gt;&lt;div&gt;&lt;br /&gt;&lt;/div&gt;&lt;div&gt;When it came it was actually bigger than I realized it would be! It goes from my feet to my chest. It&#039;s quite long for a person, just not side to side- after all I didn&#039;t order one for a tall human. &lt;br /&gt;&lt;/div&gt;&lt;div&gt;If you are at least interested in taking a look at &lt;span class=&quot;username-with-symbol u&quot;&gt;&lt;a class=&quot;u premium username&quot; href=&quot;https://www.deviantart.com/kittysib&quot;&gt;KittySib&lt;/a&gt;&lt;span class=&quot;user-symbol premium&quot; data-quicktip-text=&quot;Core Member&quot; data-show-tooltip=&quot;1&quot; data-gruser-type=&quot;premium&quot;&gt;&lt;/span&gt;&lt;/span&gt; &#039;s work, I do HIGHLY recommend it. Her skills are phenomenal and simply put, professional. &lt;img src=&quot;https://e.deviantart.net/emoticons/n/nod.gif&quot; width=&quot;15&quot; height=&quot;15&quot; alt=&quot;:nod:&quot; data-embed-type=&quot;emoticon&quot; data-embed-id=&quot;334&quot; title=&quot;Nod&quot;/&gt;&lt;br /&gt;&lt;/div&gt;&lt;div&gt;&lt;br /&gt;&lt;/div&gt;&lt;div&gt;Please &lt;img src=&quot;https://e.deviantart.net/emoticons/n/note.gif&quot; width=&quot;14&quot; height=&quot;14&quot; alt=&quot;:note:&quot; data-embed-type=&quot;emoticon&quot; data-embed-id=&quot;266&quot; title=&quot;Note&quot;/&gt; to get more light on Abby&#039;s face, I had to brighten the photo a bit, so the blanket colours look a little brighter than they really are. I feel that&#039;s only fair to mention. But click on it BIG to see &lt;span class=&quot;username-with-symbol u&quot;&gt;&lt;a class=&quot;u premium username&quot; href=&quot;https://www.deviantart.com/kittysib&quot;&gt;KittySib&lt;/a&gt;&lt;span class=&quot;user-symbol premium&quot; data-quicktip-text=&quot;Core Member&quot; data-show-tooltip=&quot;1&quot; data-gruser-type=&quot;premium&quot;&gt;&lt;/span&gt;&lt;/span&gt; &#039;s true madskills! &lt;img src=&quot;https://e.deviantart.net/emoticons/h/heart.gif&quot; width=&quot;15&quot; height=&quot;13&quot; alt=&quot;:heart:&quot; data-embed-type=&quot;emoticon&quot; data-embed-id=&quot;357&quot; title=&quot;Heart&quot;/&gt;&lt;br /&gt;&lt;/div&gt;&lt;div&gt;&lt;br /&gt;&lt;/div&gt;&lt;div&gt;&lt;a href=&quot;https://www.deviantart.com/kittysib&quot;&gt;www.deviantart.com/kittysib&lt;/a&gt;&lt;/div&gt;&lt;div&gt;&lt;br /&gt;&lt;/div&gt;&lt;div&gt;&lt;span class=&quot;shadow-holder&quot; data-embed-type=&quot;deviation&quot; data-embed-id=&quot;493856930&quot; data-embed-format=&quot;thumb&quot;&gt;&lt;span class=&quot;shadow mild&quot; &gt;&lt;a class=&quot;thumb&quot; href=&quot;https://www.deviantart.com/kittysib/art/Party-Time-Blanket-493856930&quot; title=&quot;Party Time Blanket by KittySib, Nov 10, 2014 in Artisan Crafts &amp;gt; Needlework &amp;gt; Crochet&quot;data-super-img=&quot;https://images-wixmp-ed30a86b8c4ca887773594c2.wixmp.com/intermediary/f/b14c3f55-2366-4fc7-80d6-8a7a669fcfdb/d8612g2-ae38d716-3be5-44fd-82b9-a1d7ccec62ad.jpg&quot; data-super-width=&quot;570&quot; data-super-height=&quot;321&quot; data-super-transparent=&quot;false&quot; data-super-alt=&quot;Party Time Blanket by KittySib&quot; data-super-full-img=&quot;https://images-wixmp-ed30a86b8c4ca887773594c2.wixmp.com/intermediary/f/b14c3f55-2366-4fc7-80d6-8a7a669fcfdb/d8612g2-ae38d716-3be5-44fd-82b9-a1d7ccec62ad.jpg&quot; data-super-full-width=&quot;570&quot; data-super-full-height=&quot;321&quot;        data-sigil=&quot;thumb&quot;&gt;
        &lt;i&gt;&lt;/i&gt;&lt;img   width=&quot;150&quot; height=&quot;84&quot; alt=&quot;Party Time Blanket by KittySib&quot; src=&quot;https://images-wixmp-ed30a86b8c4ca887773594c2.wixmp.com/intermediary/f/b14c3f55-2366-4fc7-80d6-8a7a669fcfdb/d8612g2-ae38d716-3be5-44fd-82b9-a1d7ccec62ad.jpg/v1/fit/w_150,h_150,q_70,strp/party_time_blanket_by_kittysib_d8612g2-150.jpg&quot; data-src=&quot;https://images-wixmp-ed30a86b8c4ca887773594c2.wixmp.com/intermediary/f/b14c3f55-2366-4fc7-80d6-8a7a669fcfdb/d8612g2-ae38d716-3be5-44fd-82b9-a1d7ccec62ad.jpg/v1/fit/w_150,h_150,q_70,strp/party_time_blanket_by_kittysib_d8612g2-150.jpg&quot; srcset=&quot;https://images-wixmp-ed30a86b8c4ca887773594c2.wixmp.com/intermediary/f/b14c3f55-2366-4fc7-80d6-8a7a669fcfdb/d8612g2-ae38d716-3be5-44fd-82b9-a1d7ccec62ad.jpg/v1/fit/w_150,h_150,q_70,strp/party_time_blanket_by_kittysib_d8612g2-150.jpg 150w,https://images-wixmp-ed30a86b8c4ca887773594c2.wixmp.com/intermediary/f/b14c3f55-2366-4fc7-80d6-8a7a669fcfdb/d8612g2-ae38d716-3be5-44fd-82b9-a1d7ccec62ad.jpg/v1/fill/w_444,h_250,q_70,strp/party_time_blanket_by_kittysib_d8612g2-250t.jpg 444w,https://images-wixmp-ed30a86b8c4ca887773594c2.wixmp.com/intermediary/f/b14c3f55-2366-4fc7-80d6-8a7a669fcfdb/d8612g2-ae38d716-3be5-44fd-82b9-a1d7ccec62ad.jpg 570w&quot; sizes=&quot;150px&quot;&gt;&lt;/a&gt;&lt;/span&gt;&lt;!-- ^TTT --&gt;&lt;!-- TTT$ --&gt;&lt;/span&gt;&amp;nbsp;&lt;span class=&quot;shadow-holder&quot; data-embed-type=&quot;deviation&quot; data-embed-id=&quot;480177534&quot; data-embed-format=&quot;thumb&quot;&gt;&lt;span class=&quot;shadow mild&quot; &gt;&lt;a class=&quot;thumb&quot; href=&quot;https://www.deviantart.com/kittysib/art/Mermaid-Lagoon-480177534&quot; title=&quot;Mermaid Lagoon by KittySib, Sep 3, 2014 in Artisan Crafts &amp;gt; Needlework &amp;gt; Crochet&quot;data-super-img=&quot;https://images-wixmp-ed30a86b8c4ca887773594c2.wixmp.com/intermediary/f/b14c3f55-2366-4fc7-80d6-8a7a669fcfdb/d7xvvcu-43e862fe-8a00-44df-b8d1-c30d1b7c89b7.jpg/v1/fill/w_783,h_1020,q_70,strp/mermaid_lagoon_by_kittysib_d7xvvcu-pre.jpg&quot; data-super-width=&quot;783&quot; data-super-height=&quot;1020&quot; data-super-transparent=&quot;false&quot; data-super-alt=&quot;Mermaid Lagoon by KittySib&quot; data-super-full-img=&quot;https://images-wixmp-ed30a86b8c4ca887773594c2.wixmp.com/intermediary/f/b14c3f55-2366-4fc7-80d6-8a7a669fcfdb/d7xvvcu-43e862fe-8a00-44df-b8d1-c30d1b7c89b7.jpg/v1/fill/w_1024,h_1333,q_70,strp/mermaid_lagoon_by_kittysib_d7xvvcu-fullview.jpg&quot; data-super-full-width=&quot;1024&quot; data-super-full-height=&quot;1333&quot;        data-sigil=&quot;thumb&quot;&gt;
        &lt;i&gt;&lt;/i&gt;&lt;img   width=&quot;115&quot; height=&quot;150&quot; alt=&quot;Mermaid Lagoon by KittySib&quot; src=&quot;https://images-wixmp-ed30a86b8c4ca887773594c2.wixmp.com/intermediary/f/b14c3f55-2366-4fc7-80d6-8a7a669fcfdb/d7xvvcu-43e862fe-8a00-44df-b8d1-c30d1b7c89b7.jpg/v1/fit/w_150,h_150,q_70,strp/mermaid_lagoon_by_kittysib_d7xvvcu-150.jpg&quot; data-src=&quot;https://images-wixmp-ed30a86b8c4ca887773594c2.wixmp.com/intermediary/f/b14c3f55-2366-4fc7-80d6-8a7a669fcfdb/d7xvvcu-43e862fe-8a00-44df-b8d1-c30d1b7c89b7.jpg/v1/fit/w_150,h_150,q_70,strp/mermaid_lagoon_by_kittysib_d7xvvcu-150.jpg&quot; srcset=&quot;https://images-wixmp-ed30a86b8c4ca887773594c2.wixmp.com/intermediary/f/b14c3f55-2366-4fc7-80d6-8a7a669fcfdb/d7xvvcu-43e862fe-8a00-44df-b8d1-c30d1b7c89b7.jpg/v1/fit/w_150,h_150,q_70,strp/mermaid_lagoon_by_kittysib_d7xvvcu-150.jpg 115w,https://images-wixmp-ed30a86b8c4ca887773594c2.wixmp.com/intermediary/f/b14c3f55-2366-4fc7-80d6-8a7a669fcfdb/d7xvvcu-43e862fe-8a00-44df-b8d1-c30d1b7c89b7.jpg/v1/fill/w_192,h_250,q_70,strp/mermaid_lagoon_by_kittysib_d7xvvcu-250t.jpg 192w,https://images-wixmp-ed30a86b8c4ca887773594c2.wixmp.com/intermediary/f/b14c3f55-2366-4fc7-80d6-8a7a669fcfdb/d7xvvcu-43e862fe-8a00-44df-b8d1-c30d1b7c89b7.jpg/v1/fill/w_269,h_350,q_70,strp/mermaid_lagoon_by_kittysib_d7xvvcu-350t.jpg 269w,https://images-wixmp-ed30a86b8c4ca887773594c2.wixmp.com/intermediary/f/b14c3f55-2366-4fc7-80d6-8a7a669fcfdb/d7xvvcu-43e862fe-8a00-44df-b8d1-c30d1b7c89b7.jpg/v1/fill/w_307,h_400,q_70,strp/mermaid_lagoon_by_kittysib_d7xvvcu-400t.jpg 307w,https://images-wixmp-ed30a86b8c4ca887773594c2.wixmp.com/intermediary/f/b14c3f55-2366-4fc7-80d6-8a7a669fcfdb/d7xvvcu-43e862fe-8a00-44df-b8d1-c30d1b7c89b7.jpg/v1/fill/w_783,h_1020,q_70,strp/mermaid_lagoon_by_kittysib_d7xvvcu-pre.jpg 783w&quot; sizes=&quot;115px&quot;&gt;&lt;/a&gt;&lt;/span&gt;&lt;!-- ^TTT --&gt;&lt;!-- TTT$ --&gt;&lt;/span&gt; &lt;span class=&quot;shadow-holder&quot; data-embed-type=&quot;deviation&quot; data-embed-id=&quot;493937871&quot; data-embed-format=&quot;thumb&quot;&gt;&lt;span class=&quot;shadow mild&quot; &gt;&lt;a class=&quot;thumb&quot; href=&quot;https://www.deviantart.com/kittysib/art/Mistletoe-Holiday-Blanket-493937871&quot; title=&quot;Mistletoe Holiday Blanket by KittySib, Nov 11, 2014 in Artisan Crafts &amp;gt; Needlework &amp;gt; Crochet&quot;data-super-img=&quot;https://images-wixmp-ed30a86b8c4ca887773594c2.wixmp.com/intermediary/f/b14c3f55-2366-4fc7-80d6-8a7a669fcfdb/d862swf-9ba833cc-0506-4317-9166-179dd57a9e68.jpg&quot; data-super-width=&quot;570&quot; data-super-height=&quot;321&quot; data-super-transparent=&quot;false&quot; data-super-alt=&quot;Mistletoe Holiday Blanket by KittySib&quot; data-super-full-img=&quot;https://images-wixmp-ed30a86b8c4ca887773594c2.wixmp.com/intermediary/f/b14c3f55-2366-4fc7-80d6-8a7a669fcfdb/d862swf-9ba833cc-0506-4317-9166-179dd57a9e68.jpg&quot; data-super-full-width=&quot;570&quot; data-super-full-height=&quot;321&quot;        data-sigil=&quot;thumb&quot;&gt;
        &lt;i&gt;&lt;/i&gt;&lt;img   width=&quot;150&quot; height=&quot;84&quot; alt=&quot;Mistletoe Holiday Blanket by KittySib&quot; src=&quot;https://images-wixmp-ed30a86b8c4ca887773594c2.wixmp.com/intermediary/f/b14c3f55-2366-4fc7-80d6-8a7a669fcfdb/d862swf-9ba833cc-0506-4317-9166-179dd57a9e68.jpg/v1/fit/w_150,h_150,q_70,strp/mistletoe_holiday_blanket_by_kittysib_d862swf-150.jpg&quot; data-src=&quot;https://images-wixmp-ed30a86b8c4ca887773594c2.wixmp.com/intermediary/f/b14c3f55-2366-4fc7-80d6-8a7a669fcfdb/d862swf-9ba833cc-0506-4317-9166-179dd57a9e68.jpg/v1/fit/w_150,h_150,q_70,strp/mistletoe_holiday_blanket_by_kittysib_d862swf-150.jpg&quot; srcset=&quot;https://images-wixmp-ed30a86b8c4ca887773594c2.wixmp.com/intermediary/f/b14c3f55-2366-4fc7-80d6-8a7a669fcfdb/d862swf-9ba833cc-0506-4317-9166-179dd57a9e68.jpg/v1/fit/w_150,h_150,q_70,strp/mistletoe_holiday_blanket_by_kittysib_d862swf-150.jpg 150w,https://images-wixmp-ed30a86b8c4ca887773594c2.wixmp.com/intermediary/f/b14c3f55-2366-4fc7-80d6-8a7a669fcfdb/d862swf-9ba833cc-0506-4317-9166-179dd57a9e68.jpg/v1/fill/w_444,h_250,q_70,strp/mistletoe_holiday_blanket_by_kittysib_d862swf-250t.jpg 444w,https://images-wixmp-ed30a86b8c4ca887773594c2.wixmp.com/intermediary/f/b14c3f55-2366-4fc7-80d6-8a7a669fcfdb/d862swf-9ba833cc-0506-4317-9166-179dd57a9e68.jpg 570w&quot; sizes=&quot;150px&quot;&gt;&lt;/a&gt;&lt;/span&gt;&lt;!-- ^TTT --&gt;&lt;!-- TTT$ --&gt;&lt;/span&gt;&lt;/div&gt;&lt;div&gt;&lt;br /&gt;&lt;/div&gt;&lt;div&gt;Now, go feel free to see more, ask her more, and see what&#039;s current on her ETSY account!!! &lt;img src=&quot;https://e.deviantart.net/emoticons/l/love2.gif&quot; width=&quot;26&quot; height=&quot;17&quot; alt=&quot;:love:&quot; data-embed-type=&quot;emoticon&quot; data-embed-id=&quot;276&quot; title=&quot;Love&quot;/&gt; &lt;br /&gt;&lt;/div&gt;&lt;div&gt;&lt;br /&gt;&lt;/div&gt;&lt;div&gt;&lt;br /&gt;&lt;/div&gt;&lt;div&gt;~~~~~~~~~&lt;img src=&quot;https://e.deviantart.net/emoticons/r/rose.gif&quot; alt=&quot;Rose&quot; style=&quot;width: 15px; height: 15px;&quot; data-embed-type=&quot;emoticon&quot; data-embed-id=&quot;314&quot;&gt;&lt;/div&gt;&lt;div&gt;&lt;br /&gt;[ &lt;img src=&quot;https://e.deviantart.net/emoticons/n/note.gif&quot; alt=&quot;Note&quot; style=&quot;width: 14px; height: 14px;&quot; data-embed-type=&quot;emoticon&quot; data-embed-id=&quot;266&quot;&gt; NOTE: Thank you, in advance, for any &lt;img src=&quot;https://e.deviantart.net/emoticons/p/plusfav.gif&quot; alt=&quot;+fav&quot; style=&quot;width: 15px; height: 16px;&quot; data-embed-type=&quot;emoticon&quot; data-embed-id=&quot;194&quot;&gt;&#039;s I may receive for this image. &lt;img src=&quot;https://e.deviantart.net/emoticons/t/thanks.gif&quot; alt=&quot;Thanks for everything!&quot; style=&quot;width: 15px; height: 15px;&quot; data-embed-type=&quot;emoticon&quot; data-embed-id=&quot;488&quot;&gt; &lt;img src=&quot;https://e.deviantart.net/emoticons/a/aww.gif&quot; alt=&quot;Aww&quot; style=&quot;width: 15px; height: 15px;&quot; data-embed-type=&quot;emoticon&quot; data-embed-id=&quot;349&quot;&gt; &lt;img src=&quot;https://e.deviantart.net/emoticons/r/rose.gif&quot; alt=&quot;Rose&quot; style=&quot;width: 15px; height: 15px;&quot; data-embed-type=&quot;emoticon&quot; data-embed-id=&quot;314&quot;&gt; I am honoured and grateful that anyone would think well enough to &lt;img src=&quot;https://e.deviantart.net/emoticons/p/plusfav.gif&quot; alt=&quot;+fav&quot; style=&quot;width: 15px; height: 16px;&quot; data-embed-type=&quot;emoticon&quot; data-embed-id=&quot;194&quot;&gt; it. &lt;img src=&quot;https://e.deviantart.net/emoticons/n/nod.gif&quot; alt=&quot;Nod&quot; style=&quot;width: 15px; height: 15px;&quot; data-embed-type=&quot;emoticon&quot; data-embed-id=&quot;334&quot;&gt; So thank you from the bottom of my heart &lt;img src=&quot;https://e.deviantart.net/emoticons/h/heart.gif&quot; alt=&quot;Heart&quot; style=&quot;width: 15px; height: 13px;&quot; data-embed-type=&quot;emoticon&quot; data-embed-id=&quot;357&quot;&gt; . I understand if you don&#039;t have time to comment, but thank you for any kind comments, too. &lt;img src=&quot;https://e.deviantart.net/emoticons/a/aww.gif&quot; alt=&quot;Aww&quot; style=&quot;width: 15px; height: 15px;&quot; data-embed-type=&quot;emoticon&quot; data-embed-id=&quot;349&quot;&gt; It&#039;s important to know this NOW, as I may NOT be able to do individual thank-you&#039;s for &lt;img src=&quot;https://e.deviantart.net/emoticons/p/plusfav.gif&quot; alt=&quot;+fav&quot; style=&quot;width: 15px; height: 16px;&quot; data-embed-type=&quot;emoticon&quot; data-embed-id=&quot;194&quot;&gt;&#039;s, or in case I cannot respond to each comment, either. Thanks for understanding. &lt;img src=&quot;https://e.deviantart.net/emoticons/t/thanks.gif&quot; alt=&quot;Thanks for everything!&quot; style=&quot;width: 15px; height: 15px;&quot; data-embed-type=&quot;emoticon&quot; data-embed-id=&quot;488&quot;&gt; And, if you just came to view, I appreciate that, too.&lt;br /&gt;&lt;img src=&quot;https://e.deviantart.net/emoticons/w/w00t.gif&quot; alt=&quot;w00t!&quot; style=&quot;width: 23px; height: 23px;&quot; data-embed-type=&quot;emoticon&quot; data-embed-id=&quot;97&quot;&gt; ]&lt;br /&gt;&lt;br /&gt;************&lt;br /&gt;Respect &amp;#65533; Tea Photography. &lt;br /&gt;ALL work produced by Tea of &amp;#65533; Tea Photography is protected, and shall NOT be reproduced, altered, or used in ANY kind of way.&lt;/div&gt;&lt;br /&gt;&lt;div&gt;&lt;img src=&quot;https://t00.deviantart.net/TN6XkQuX_rk1wZeXhNe1t6ZlGJ0=/300x200/filters:fixed_height(100,100):origin()/pre00/b47f/th/pre/i/2019/027/7/4/abby_and_the_blankie_by_teaphotography-dcxvarh.jpg&quot; alt=&quot;thumbnail&quot; /&gt;&lt;/div&gt;</description>            </item>
                    <item>
                <title>Untitled</title>
                <link>https://maluxen.deviantart.com/art/Untitled-783058160</link>
                <guid isPermaLink="true">https://maluxen.deviantart.com/art/Untitled-783058160</guid>
                <pubDate>Sun, 27 Jan 2019 17:23:55 PST</pubDate>
                        <media:title type="plain">Untitled</media:title>
        <media:keywords></media:keywords>
                        <media:rating>nonadult</media:rating>
                <media:category label="Performing Arts">photography/journalism/performing</media:category>
        <media:credit role="author" scheme="urn:ebu">Maluxen</media:credit>
        <media:credit role="author" scheme="urn:ebu">https://a.deviantart.net/avatars/m/a/maluxen.png?2</media:credit>
        <media:copyright url="https://maluxen.deviantart.com">Copyright 2019 Maluxen</media:copyright>            <media:description type="html">- Not for free use -&lt;br /&gt;&lt;a target=&quot;_self&quot; href=&quot;https://www.deviantart.com/donotuseplz&quot; &gt;&lt;img class=&quot;avatar&quot; width=&quot;50&quot; height=&quot;50&quot; src=&quot;https://a.deviantart.net/avatars/d/o/donotuseplz.gif?2&quot; alt=&quot;:icondonotuseplz:&quot; title=&quot;DoNotUsePlz&quot; /&gt;&lt;/a&gt;&lt;a target=&quot;_self&quot; href=&quot;https://www.deviantart.com/myartplz&quot; &gt;&lt;img class=&quot;avatar&quot; width=&quot;50&quot; height=&quot;50&quot; src=&quot;https://a.deviantart.net/avatars/m/y/myartplz.gif?2&quot; alt=&quot;:iconmyartplz:&quot; title=&quot;MyArtPlz&quot; /&gt;&lt;/a&gt;</media:description>            <media:thumbnail url="https://t00.deviantart.net/R8kR1CUR8k3RL3u2yBLh2qqwqtU=/fit-in/150x150/filters:no_upscale():origin()/pre00/2f90/th/pre/i/2019/027/3/0/untitled_by_maluxen-dcy7njk.jpg" height="100" width="150"/>            <media:thumbnail url="https://t00.deviantart.net/lNP6iK0e9ZuLB3rLPvDnN7Dr_eM=/fit-in/300x900/filters:no_upscale():origin()/pre00/2f90/th/pre/i/2019/027/3/0/untitled_by_maluxen-dcy7njk.jpg" height="199" width="300"/>            <media:thumbnail url="https://t00.deviantart.net/TtVI5uG6SxyfPhCtRlHXb2r6838=/300x200/filters:fixed_height(100,100):origin()/pre00/2f90/th/pre/i/2019/027/3/0/untitled_by_maluxen-dcy7njk.jpg" height="199" width="300"/>            <media:content url="https://img00.deviantart.net/3460/i/2019/027/3/0/untitled_by_maluxen-dcy7njk.jpg" height="680" width="1024" medium="image"/>            
            <description>- Not for free use -&lt;br /&gt;&lt;a target=&quot;_self&quot; href=&quot;https://www.deviantart.com/donotuseplz&quot; &gt;&lt;img class=&quot;avatar&quot; width=&quot;50&quot; height=&quot;50&quot; src=&quot;https://a.deviantart.net/avatars/d/o/donotuseplz.gif?2&quot; alt=&quot;:icondonotuseplz:&quot; title=&quot;DoNotUsePlz&quot; /&gt;&lt;/a&gt;&lt;a target=&quot;_self&quot; href=&quot;https://www.deviantart.com/myartplz&quot; &gt;&lt;img class=&quot;avatar&quot; width=&quot;50&quot; height=&quot;50&quot; src=&quot;https://a.deviantart.net/avatars/m/y/myartplz.gif?2&quot; alt=&quot;:iconmyartplz:&quot; title=&quot;MyArtPlz&quot; /&gt;&lt;/a&gt;&lt;br /&gt;&lt;div&gt;&lt;img src=&quot;https://t00.deviantart.net/TtVI5uG6SxyfPhCtRlHXb2r6838=/300x200/filters:fixed_height(100,100):origin()/pre00/2f90/th/pre/i/2019/027/3/0/untitled_by_maluxen-dcy7njk.jpg&quot; alt=&quot;thumbnail&quot; /&gt;&lt;/div&gt;</description>            </item>
                    <item>
                <title>art trade for  jared</title>
                <link>https://jonalexis.deviantart.com/art/art-trade-for-jared-783063535</link>
                <guid isPermaLink="true">https://jonalexis.deviantart.com/art/art-trade-for-jared-783063535</guid>
                <pubDate>Sun, 27 Jan 2019 17:23:51 PST</pubDate>
                        <media:title type="plain">art trade for  jared</media:title>
        <media:keywords></media:keywords>
                        <media:rating>nonadult</media:rating>
                <media:category label="Fantasy">traditional/drawings/fantasy</media:category>
        <media:credit role="author" scheme="urn:ebu">Jonalexis</media:credit>
        <media:credit role="author" scheme="urn:ebu">https://a.deviantart.net/avatars/j/o/jonalexis.jpg?3</media:credit>
        <media:copyright url="https://jonalexis.deviantart.com">Copyright 2019 Jonalexis</media:copyright>            <media:description type="html">Espero que te guste el dibujo y nos vemos en el siguiente blog adios :3&lt;br/&gt;&lt;span class=&quot;username-with-symbol u&quot;&gt;&lt;a class=&quot;u premium username&quot; href=&quot;https://www.deviantart.com/jaredthefox92&quot;&gt;JaredtheFox92&lt;/a&gt;&lt;span class=&quot;user-symbol premium&quot; data-quicktip-text=&quot;Core Member&quot; data-show-tooltip=&quot;1&quot; data-gruser-type=&quot;premium&quot;&gt;&lt;/span&gt;&lt;/span&gt;</media:description>            <media:thumbnail url="https://t00.deviantart.net/AGcMTLZNO2gXL3-5pISIZ6XxX-E=/fit-in/150x150/filters:no_upscale():origin()/pre00/bf4b/th/pre/i/2019/027/3/8/art_trade_for__jared_by_jonalexis-dcy7rov.jpg" height="108" width="150"/>            <media:thumbnail url="https://t00.deviantart.net/qmec5422DMbZ2H9vx2OCX7jb254=/fit-in/300x900/filters:no_upscale():origin()/pre00/bf4b/th/pre/i/2019/027/3/8/art_trade_for__jared_by_jonalexis-dcy7rov.jpg" height="216" width="300"/>            <media:thumbnail url="https://t00.deviantart.net/I_yi8STQhWJ6gJzu_Sry6a0FpKg=/300x200/filters:fixed_height(100,100):origin()/pre00/bf4b/th/pre/i/2019/027/3/8/art_trade_for__jared_by_jonalexis-dcy7rov.jpg" height="200" width="278"/>            <media:content url="https://img00.deviantart.net/dab2/i/2019/027/3/8/art_trade_for__jared_by_jonalexis-dcy7rov.jpg" height="736" width="1024" medium="image"/>            
            <description>Espero que te guste el dibujo y nos vemos en el siguiente blog adios :3&lt;br/&gt;&lt;span class=&quot;username-with-symbol u&quot;&gt;&lt;a class=&quot;u premium username&quot; href=&quot;https://www.deviantart.com/jaredthefox92&quot;&gt;JaredtheFox92&lt;/a&gt;&lt;span class=&quot;user-symbol premium&quot; data-quicktip-text=&quot;Core Member&quot; data-show-tooltip=&quot;1&quot; data-gruser-type=&quot;premium&quot;&gt;&lt;/span&gt;&lt;/span&gt;&lt;br /&gt;&lt;div&gt;&lt;img src=&quot;https://t00.deviantart.net/I_yi8STQhWJ6gJzu_Sry6a0FpKg=/300x200/filters:fixed_height(100,100):origin()/pre00/bf4b/th/pre/i/2019/027/3/8/art_trade_for__jared_by_jonalexis-dcy7rov.jpg&quot; alt=&quot;thumbnail&quot; /&gt;&lt;/div&gt;</description>            </item>
                    <item>
                <title>Busts Comm</title>
                <link>https://ramunefur-hiatus.deviantart.com/art/Busts-Comm-783063056</link>
                <guid isPermaLink="true">https://ramunefur-hiatus.deviantart.com/art/Busts-Comm-783063056</guid>
                <pubDate>Sun, 27 Jan 2019 17:23:50 PST</pubDate>
                        <media:title type="plain">Busts Comm</media:title>
        <media:keywords></media:keywords>
                        <media:rating>nonadult</media:rating>
                <media:category label="Fantasy &amp; Mythology">anthro/digital/drawings/fantasy</media:category>
        <media:credit role="author" scheme="urn:ebu">Ramunefur-Hiatus</media:credit>
        <media:credit role="author" scheme="urn:ebu">https://a.deviantart.net/avatars/r/a/ramunefur-hiatus.png?14</media:credit>
        <media:copyright url="https://ramunefur-hiatus.deviantart.com">Copyright 2019 Ramunefur-Hiatus</media:copyright>            <media:description type="html">&lt;span&gt;For my commissions widget!&lt;/span&gt;&lt;br /&gt;&lt;span&gt;Commissions are currently open. I apologize if the price seems a bit high, i want to make sure that i&#039;m at least earning minimum wage for my work as to avoid pricing problems in the future. Even if i&#039;m being paid in DA points.&lt;/span&gt;</media:description>            <media:thumbnail url="https://t00.deviantart.net/4AsmVc6-KkfCJ9tBpIRUHuKtI28=/fit-in/150x150/filters:no_upscale():origin()/pre00/6b88/th/pre/f/2019/027/4/a/busts_comm_by_ramunefur_hiatus-dcy7rbk.png" height="145" width="150"/>            <media:thumbnail url="https://t00.deviantart.net/wZV54sQrC3rzU7PJaIzfasoE3Lg=/fit-in/300x900/filters:no_upscale():origin()/pre00/6b88/th/pre/f/2019/027/4/a/busts_comm_by_ramunefur_hiatus-dcy7rbk.png" height="290" width="300"/>            <media:thumbnail url="https://t00.deviantart.net/RG7OXMmqD8Q1GGHdY3NvAYmAEy4=/300x200/filters:fixed_height(100,100):origin()/pre00/6b88/th/pre/f/2019/027/4/a/busts_comm_by_ramunefur_hiatus-dcy7rbk.png" height="200" width="207"/>            <media:content url="https://orig00.deviantart.net/0887/f/2019/027/4/a/busts_comm_by_ramunefur_hiatus-dcy7rbk.png" height="580" width="600" medium="image"/>            
            <description>&lt;span&gt;For my commissions widget!&lt;/span&gt;&lt;br /&gt;&lt;span&gt;Commissions are currently open. I apologize if the price seems a bit high, i want to make sure that i&#039;m at least earning minimum wage for my work as to avoid pricing problems in the future. Even if i&#039;m being paid in DA points.&lt;/span&gt;&lt;br /&gt;&lt;div&gt;&lt;img src=&quot;https://t00.deviantart.net/RG7OXMmqD8Q1GGHdY3NvAYmAEy4=/300x200/filters:fixed_height(100,100):origin()/pre00/6b88/th/pre/f/2019/027/4/a/busts_comm_by_ramunefur_hiatus-dcy7rbk.png&quot; alt=&quot;thumbnail&quot; /&gt;&lt;/div&gt;</description>            </item>
                    <item>
                <title>HEEEEY COMMISSIONS ARE OPEN! GO CHECK THEM OUT PLZ</title>
                <link>https://sweeterie.deviantart.com/art/HEEEEY-COMMISSIONS-ARE-OPEN-GO-CHECK-THEM-OUT-PLZ-783063401</link>
                <guid isPermaLink="true">https://sweeterie.deviantart.com/art/HEEEEY-COMMISSIONS-ARE-OPEN-GO-CHECK-THEM-OUT-PLZ-783063401</guid>
                <pubDate>Sun, 27 Jan 2019 17:23:50 PST</pubDate>
                        <media:title type="plain">HEEEEY COMMISSIONS ARE OPEN! GO CHECK THEM OUT PLZ</media:title>
        <media:keywords></media:keywords>
                        <media:rating>nonadult</media:rating>
                <media:category label="Fantasy">digitalart/paintings/fantasy</media:category>
        <media:credit role="author" scheme="urn:ebu">Sweeterie</media:credit>
        <media:credit role="author" scheme="urn:ebu">https://a.deviantart.net/avatars/s/w/sweeterie.gif?4</media:credit>
        <media:copyright url="https://sweeterie.deviantart.com">Copyright 2019 Sweeterie</media:copyright>            <media:description type="html">&lt;span class=&quot;shadow-holder&quot; data-embed-type=&quot;deviation&quot; data-embed-id=&quot;782925837&quot; data-embed-format=&quot;thumb&quot;&gt;&lt;span class=&quot;shadow mild&quot; &gt;&lt;a href=&quot;https://www.deviantart.com/sweeterie/journal/Commission-prices-Open-5-5-slots-782925837&quot; data-sigil=&quot;thumb&quot; class=&quot;thumb lit&quot; onmouseover=&quot;if (window.LitBox) LitBox.hover(this, true)&quot; onmouseout=&quot;if (window.LitBox) LitBox.out(this)&quot;&gt;&lt;i&gt;&lt;/i&gt;&lt;img class=&quot;lit journal&quot; src=&quot;https://st.deviantart.net/minish/gruzecontrol/icons/journal.gif?2&quot;&gt;&lt;span class=&quot;wrap&quot; style=&quot;width: 150px&quot;&gt;&lt;q&gt;
        &lt;strong&gt;Commission prices (Open 5/5 slots)&lt;/strong&gt;&lt;i&gt;I can take points and paypal!&amp;nbsp;&lt;br /&gt;What I can do&lt;br /&gt;Gore&lt;br /&gt;Mild NSFW&lt;br /&gt;Ponies&lt;br /&gt;Anthros&lt;br /&gt;Birds&lt;br /&gt;Monsters&amp;nbsp;&lt;br /&gt;Fill this form&amp;nbsp;&lt;br /&gt;Commission type:&lt;br /&gt;Character ref(s): Digital only&lt;br /&gt;Background: Transparent,simple,ect&lt;br /&gt;Extra:&lt;br /&gt;Payment type: Points or paypal&lt;br /&gt;&lt;b&gt;MSPaint Doodles&lt;br /&gt;&lt;img src=&quot;https://images-wixmp-ed30a86b8c4ca887773594c2.wixmp.com/intermediary/f/c5eb991d-3a89-4d05-99e5-55bfa922a02b/dcxhjgc-3b9c77cd-9791-4b87-988c-45c2715cbdb3.png/v1/fit/w_300,h_505,strp/nice_fluffy_cloud__c__by_sweeterie_dcxhjgc-300w.png&quot;class=&quot;gr-shrink thumb-in-thumb &quot;&gt;&lt;/b&gt;&lt;/i&gt;&lt;img src=&quot;https://images-wixmp-ed30a86b8c4ca887773594c2.wixmp.com/intermediary/f/c5eb991d-3a89-4d05-99e5-55bfa922a02b/dcwwnih-290724c0-4651-4e72-99a8-83ad09afd857.png/v1/fit/w_300,h_344,strp/welp_fuck_by_sweeterie_dcwwnih-300w.png&quot;class=&quot;gr-shrink thumb-in-thumb &quot;&gt;&lt;img src=&quot;https://images-wixmp-ed30a86b8c4ca887773594c2.wixmp.com/intermediary/f/c5eb991d-3a89-4d05-99e5-55bfa922a02b/dcwfiex-063bfdc0-f6d4-454a-9864-293bc65465c0.png/v1/fit/w_300,h_900,strp/mspaint_gummy_no_extra_by_sweeterie_dcwfiex-300w.png&quot;class=&quot;gr-shrink thumb-in-thumb &quot;&gt;&lt;img src=&quot;https://images-wixmp-ed30a86b8c4ca887773594c2.wixmp.com/intermediary/f/c5eb991d-3a89-4d05-99e5-55bfa922a02b/dcxebzo-c9c51e45-755f-467c-8217-b693cb13daee.png/v1/fit/w_300,h_500,q_70,strp/damn_knee_by_sweeterie_dcxebzo-300w.jpg&quot;class=&quot;gr-shrink thumb-in-thumb &quot;&gt;&lt;br /&gt;&lt;b&gt;Types&lt;/b&gt;&lt;br /&gt;Fullbody- 500 points/$5&lt;br /&gt;Headshot- 300 points/ $3&lt;br /&gt;&lt;i&gt;&lt;b&gt;Cell shaded&amp;nbsp;&lt;br /&gt;&lt;img src=&quot;https://images-wixmp-ed30a86b8c4ca887773594c2.wixmp.com/intermediary/f/c5eb991d-3a89-4d05-99e5-55bfa922a02b/dcuky0j-50f924de-28c0-4920-9639-b07d09b52cf8.png/v1/fit/w_300,h_900,strp/come_take_a_break__com__by_sweeterie_dcuky0j-300w.png&quot;class=&quot;gr-shrink thumb-in-thumb &quot;&gt;&lt;/b&gt;&lt;/i&gt;&lt;img src=&quot;https://images-wixmp-ed30a86b8c4ca887773594c2.wixmp.com/intermediary/f/c5eb991d-3a89-4d05-99e5-55bfa922a02b/dcst81k-8c5ac255-572d-4aa7-8e2e-ad838adacabd.png/v1/fit/w_300,h_800,strp/i_m_snapper_and_dapper__c__by_sweeterie_dcst81k-300w.png&quot;class=&quot;gr-shrink thumb-in-thumb &quot;&gt;&lt;img src=&quot;https://images-wixmp-ed30a86b8c4ca887773594c2.wixmp.com/intermediary/f/c5eb991d-3a89-4d05-99e5-55bfa922a02b/dcv1vih-a1caa40b-4fac-4f00-a7d8-ba08d97feece.png/v1/fit/w_300,h_900,strp/woof_woof_by_sweeterie_dcv1vih-300w.png&quot;class=&quot;gr-shrink thumb-in-thumb &quot;&gt;&lt;img src=&quot;https://images-wixmp-ed30a86b8c4ca887773594c2.wixmp.com/intermediary/f/c5eb991d-3a89-4d05-99e5-55bfa922a02b/dcsseqa-2bab480f-76a9-4b39-b0cb-e291d914ba01.png/v1/fit/w_300,h_900,strp/up_up_and_away_we_go__at__by_sweeterie_dcsseqa-300w.png&quot;class=&quot;gr-shrink thumb-in-thumb &quot;&gt;&lt;img src=&quot;https://images-wixmp-ed30a86b8c4ca887773594c2.wixmp.com/intermediary/f/c5eb991d-3a89-4d05-99e5-55bfa922a02b/dcxv5i2-9727da23-7c39-4214-adfb-a145535763b6.png/v1/fit/w_300,h_768,strp/does_it_look_like_i_give_a_crap_by_sweeterie_dcxv5i2-300w.png&quot;class=&quot;gr-shrink thumb-in-thumb &quot;&gt;&lt;br /&gt;&lt;b&gt;Types&amp;nbsp;&lt;br /&gt;&lt;/b&gt;Head shot- 300 points/$3&lt;br /&gt;Chibi- 500 points/$5&lt;br /&gt;Fullbody- 700 points/$7&lt;br /&gt;Extra character= +300 points/$3&lt;br /&gt;Complex background= 500 points/$5&lt;br /&gt;&lt;i&gt;Soft shaded&lt;br /&gt;&lt;img src=&quot;https://images-wixmp-ed30a86b8c4ca887773594c2.wixmp.com/intermediary/f/c5eb991d-3a89-4d05-99e5-55bfa922a02b/dcsva5p-1eece0f2-10c5-4ee0-9d21-2ad4216a3263.png/v1/fit/w_300,h_900,strp/i_can_fly_higher_if_i_try__2_2_contest_prize__by_sweeterie_dcsva5p-300w.png&quot;class=&quot;gr-shrink thumb-in-thumb &quot;&gt;&lt;img src=&quot;https://images-wixmp-ed30a86b8c4ca887773594c2.wixmp.com/intermediary/f/c5eb991d-3a89-4d05-99e5-55bfa922a02b/dcpg3bu-25a47235-d265-4064-a319-3286edd936a4.png/v1/fit/w_300,h_900,strp/relaxes_in_french___at__by_sweeterie_dcpg3bu-300w.png&quot;class=&quot;gr-shrink thumb-in-thumb &quot;&gt;Girls are capable of murder by &lt;span class=&quot;username-with-symbol&quot;&gt;&lt;span class=&quot;premium username&quot;&gt;Sweeterie&lt;/span&gt;&lt;span class=&quot;user-symbol premium nolink&quot; data-quicktip-text=&quot;Core Member&quot; data-show-tooltip=&quot;1&quot; data-gruser-type=&quot;premium&quot;&gt;&lt;/span&gt;&lt;/span&gt;&lt;/i&gt;&lt;i&gt;&lt;br /&gt;&lt;b&gt;Types&lt;br /&gt;&lt;/b&gt;Chibi- 500 points/$5&lt;br /&gt;Fullbody- 700 points/$7&lt;br /&gt;Extra character= +300 po&lt;/i&gt;&lt;/q&gt;&lt;/span&gt;&lt;/a&gt;&lt;/span&gt;&lt;!-- ^TTT --&gt;&lt;!-- TTT$ --&gt;&lt;/span&gt;&lt;span class=&quot;shadow-holder&quot; data-embed-type=&quot;deviation&quot; data-embed-id=&quot;782925837&quot; data-embed-format=&quot;thumb&quot;&gt;&lt;span class=&quot;shadow mild&quot; &gt;&lt;a href=&quot;https://www.deviantart.com/sweeterie/journal/Commission-prices-Open-5-5-slots-782925837&quot; data-sigil=&quot;thumb&quot; class=&quot;thumb lit&quot; onmouseover=&quot;if (window.LitBox) LitBox.hover(this, true)&quot; onmouseout=&quot;if (window.LitBox) LitBox.out(this)&quot;&gt;&lt;i&gt;&lt;/i&gt;&lt;img class=&quot;lit journal&quot; src=&quot;https://st.deviantart.net/minish/gruzecontrol/icons/journal.gif?2&quot;&gt;&lt;span class=&quot;wrap&quot; style=&quot;width: 150px&quot;&gt;&lt;q&gt;
        &lt;strong&gt;Commission prices (Open 5/5 slots)&lt;/strong&gt;&lt;i&gt;I can take points and paypal!&amp;nbsp;&lt;br /&gt;What I can do&lt;br /&gt;Gore&lt;br /&gt;Mild NSFW&lt;br /&gt;Ponies&lt;br /&gt;Anthros&lt;br /&gt;Birds&lt;br /&gt;Monsters&amp;nbsp;&lt;br /&gt;Fill this form&amp;nbsp;&lt;br /&gt;Commission type:&lt;br /&gt;Character ref(s): Digital only&lt;br /&gt;Background: Transparent,simple,ect&lt;br /&gt;Extra:&lt;br /&gt;Payment type: Points or paypal&lt;br /&gt;&lt;b&gt;MSPaint Doodles&lt;br /&gt;&lt;img src=&quot;https://images-wixmp-ed30a86b8c4ca887773594c2.wixmp.com/intermediary/f/c5eb991d-3a89-4d05-99e5-55bfa922a02b/dcxhjgc-3b9c77cd-9791-4b87-988c-45c2715cbdb3.png/v1/fit/w_300,h_505,strp/nice_fluffy_cloud__c__by_sweeterie_dcxhjgc-300w.png&quot;class=&quot;gr-shrink thumb-in-thumb &quot;&gt;&lt;/b&gt;&lt;/i&gt;&lt;img src=&quot;https://images-wixmp-ed30a86b8c4ca887773594c2.wixmp.com/intermediary/f/c5eb991d-3a89-4d05-99e5-55bfa922a02b/dcwwnih-290724c0-4651-4e72-99a8-83ad09afd857.png/v1/fit/w_300,h_344,strp/welp_fuck_by_sweeterie_dcwwnih-300w.png&quot;class=&quot;gr-shrink thumb-in-thumb &quot;&gt;&lt;img src=&quot;https://images-wixmp-ed30a86b8c4ca887773594c2.wixmp.com/intermediary/f/c5eb991d-3a89-4d05-99e5-55bfa922a02b/dcwfiex-063bfdc0-f6d4-454a-9864-293bc65465c0.png/v1/fit/w_300,h_900,strp/mspaint_gummy_no_extra_by_sweeterie_dcwfiex-300w.png&quot;class=&quot;gr-shrink thumb-in-thumb &quot;&gt;&lt;img src=&quot;https://images-wixmp-ed30a86b8c4ca887773594c2.wixmp.com/intermediary/f/c5eb991d-3a89-4d05-99e5-55bfa922a02b/dcxebzo-c9c51e45-755f-467c-8217-b693cb13daee.png/v1/fit/w_300,h_500,q_70,strp/damn_knee_by_sweeterie_dcxebzo-300w.jpg&quot;class=&quot;gr-shrink thumb-in-thumb &quot;&gt;&lt;br /&gt;&lt;b&gt;Types&lt;/b&gt;&lt;br /&gt;Fullbody- 500 points/$5&lt;br /&gt;Headshot- 300 points/ $3&lt;br /&gt;&lt;i&gt;&lt;b&gt;Cell shaded&amp;nbsp;&lt;br /&gt;&lt;img src=&quot;https://images-wixmp-ed30a86b8c4ca887773594c2.wixmp.com/intermediary/f/c5eb991d-3a89-4d05-99e5-55bfa922a02b/dcuky0j-50f924de-28c0-4920-9639-b07d09b52cf8.png/v1/fit/w_300,h_900,strp/come_take_a_break__com__by_sweeterie_dcuky0j-300w.png&quot;class=&quot;gr-shrink thumb-in-thumb &quot;&gt;&lt;/b&gt;&lt;/i&gt;&lt;img src=&quot;https://images-wixmp-ed30a86b8c4ca887773594c2.wixmp.com/intermediary/f/c5eb991d-3a89-4d05-99e5-55bfa922a02b/dcst81k-8c5ac255-572d-4aa7-8e2e-ad838adacabd.png/v1/fit/w_300,h_800,strp/i_m_snapper_and_dapper__c__by_sweeterie_dcst81k-300w.png&quot;class=&quot;gr-shrink thumb-in-thumb &quot;&gt;&lt;img src=&quot;https://images-wixmp-ed30a86b8c4ca887773594c2.wixmp.com/intermediary/f/c5eb991d-3a89-4d05-99e5-55bfa922a02b/dcv1vih-a1caa40b-4fac-4f00-a7d8-ba08d97feece.png/v1/fit/w_300,h_900,strp/woof_woof_by_sweeterie_dcv1vih-300w.png&quot;class=&quot;gr-shrink thumb-in-thumb &quot;&gt;&lt;img src=&quot;https://images-wixmp-ed30a86b8c4ca887773594c2.wixmp.com/intermediary/f/c5eb991d-3a89-4d05-99e5-55bfa922a02b/dcsseqa-2bab480f-76a9-4b39-b0cb-e291d914ba01.png/v1/fit/w_300,h_900,strp/up_up_and_away_we_go__at__by_sweeterie_dcsseqa-300w.png&quot;class=&quot;gr-shrink thumb-in-thumb &quot;&gt;&lt;img src=&quot;https://images-wixmp-ed30a86b8c4ca887773594c2.wixmp.com/intermediary/f/c5eb991d-3a89-4d05-99e5-55bfa922a02b/dcxv5i2-9727da23-7c39-4214-adfb-a145535763b6.png/v1/fit/w_300,h_768,strp/does_it_look_like_i_give_a_crap_by_sweeterie_dcxv5i2-300w.png&quot;class=&quot;gr-shrink thumb-in-thumb &quot;&gt;&lt;br /&gt;&lt;b&gt;Types&amp;nbsp;&lt;br /&gt;&lt;/b&gt;Head shot- 300 points/$3&lt;br /&gt;Chibi- 500 points/$5&lt;br /&gt;Fullbody- 700 points/$7&lt;br /&gt;Extra character= +300 points/$3&lt;br /&gt;Complex background= 500 points/$5&lt;br /&gt;&lt;i&gt;Soft shaded&lt;br /&gt;&lt;img src=&quot;https://images-wixmp-ed30a86b8c4ca887773594c2.wixmp.com/intermediary/f/c5eb991d-3a89-4d05-99e5-55bfa922a02b/dcsva5p-1eece0f2-10c5-4ee0-9d21-2ad4216a3263.png/v1/fit/w_300,h_900,strp/i_can_fly_higher_if_i_try__2_2_contest_prize__by_sweeterie_dcsva5p-300w.png&quot;class=&quot;gr-shrink thumb-in-thumb &quot;&gt;&lt;img src=&quot;https://images-wixmp-ed30a86b8c4ca887773594c2.wixmp.com/intermediary/f/c5eb991d-3a89-4d05-99e5-55bfa922a02b/dcpg3bu-25a47235-d265-4064-a319-3286edd936a4.png/v1/fit/w_300,h_900,strp/relaxes_in_french___at__by_sweeterie_dcpg3bu-300w.png&quot;class=&quot;gr-shrink thumb-in-thumb &quot;&gt;Girls are capable of murder by &lt;span class=&quot;username-with-symbol&quot;&gt;&lt;span class=&quot;premium username&quot;&gt;Sweeterie&lt;/span&gt;&lt;span class=&quot;user-symbol premium nolink&quot; data-quicktip-text=&quot;Core Member&quot; data-show-tooltip=&quot;1&quot; data-gruser-type=&quot;premium&quot;&gt;&lt;/span&gt;&lt;/span&gt;&lt;/i&gt;&lt;i&gt;&lt;br /&gt;&lt;b&gt;Types&lt;br /&gt;&lt;/b&gt;Chibi- 500 points/$5&lt;br /&gt;Fullbody- 700 points/$7&lt;br /&gt;Extra character= +300 po&lt;/i&gt;&lt;/q&gt;&lt;/span&gt;&lt;/a&gt;&lt;/span&gt;&lt;!-- ^TTT --&gt;&lt;!-- TTT$ --&gt;&lt;/span&gt;&lt;span class=&quot;shadow-holder&quot; data-embed-type=&quot;deviation&quot; data-embed-id=&quot;782925837&quot; data-embed-format=&quot;thumb&quot;&gt;&lt;span class=&quot;shadow mild&quot; &gt;&lt;a href=&quot;https://www.deviantart.com/sweeterie/journal/Commission-prices-Open-5-5-slots-782925837&quot; data-sigil=&quot;thumb&quot; class=&quot;thumb lit&quot; onmouseover=&quot;if (window.LitBox) LitBox.hover(this, true)&quot; onmouseout=&quot;if (window.LitBox) LitBox.out(this)&quot;&gt;&lt;i&gt;&lt;/i&gt;&lt;img class=&quot;lit journal&quot; src=&quot;https://st.deviantart.net/minish/gruzecontrol/icons/journal.gif?2&quot;&gt;&lt;span class=&quot;wrap&quot; style=&quot;width: 150px&quot;&gt;&lt;q&gt;
        &lt;strong&gt;Commission prices (Open 5/5 slots)&lt;/strong&gt;&lt;i&gt;I can take points and paypal!&amp;nbsp;&lt;br /&gt;What I can do&lt;br /&gt;Gore&lt;br /&gt;Mild NSFW&lt;br /&gt;Ponies&lt;br /&gt;Anthros&lt;br /&gt;Birds&lt;br /&gt;Monsters&amp;nbsp;&lt;br /&gt;Fill this form&amp;nbsp;&lt;br /&gt;Commission type:&lt;br /&gt;Character ref(s): Digital only&lt;br /&gt;Background: Transparent,simple,ect&lt;br /&gt;Extra:&lt;br /&gt;Payment type: Points or paypal&lt;br /&gt;&lt;b&gt;MSPaint Doodles&lt;br /&gt;&lt;img src=&quot;https://images-wixmp-ed30a86b8c4ca887773594c2.wixmp.com/intermediary/f/c5eb991d-3a89-4d05-99e5-55bfa922a02b/dcxhjgc-3b9c77cd-9791-4b87-988c-45c2715cbdb3.png/v1/fit/w_300,h_505,strp/nice_fluffy_cloud__c__by_sweeterie_dcxhjgc-300w.png&quot;class=&quot;gr-shrink thumb-in-thumb &quot;&gt;&lt;/b&gt;&lt;/i&gt;&lt;img src=&quot;https://images-wixmp-ed30a86b8c4ca887773594c2.wixmp.com/intermediary/f/c5eb991d-3a89-4d05-99e5-55bfa922a02b/dcwwnih-290724c0-4651-4e72-99a8-83ad09afd857.png/v1/fit/w_300,h_344,strp/welp_fuck_by_sweeterie_dcwwnih-300w.png&quot;class=&quot;gr-shrink thumb-in-thumb &quot;&gt;&lt;img src=&quot;https://images-wixmp-ed30a86b8c4ca887773594c2.wixmp.com/intermediary/f/c5eb991d-3a89-4d05-99e5-55bfa922a02b/dcwfiex-063bfdc0-f6d4-454a-9864-293bc65465c0.png/v1/fit/w_300,h_900,strp/mspaint_gummy_no_extra_by_sweeterie_dcwfiex-300w.png&quot;class=&quot;gr-shrink thumb-in-thumb &quot;&gt;&lt;img src=&quot;https://images-wixmp-ed30a86b8c4ca887773594c2.wixmp.com/intermediary/f/c5eb991d-3a89-4d05-99e5-55bfa922a02b/dcxebzo-c9c51e45-755f-467c-8217-b693cb13daee.png/v1/fit/w_300,h_500,q_70,strp/damn_knee_by_sweeterie_dcxebzo-300w.jpg&quot;class=&quot;gr-shrink thumb-in-thumb &quot;&gt;&lt;br /&gt;&lt;b&gt;Types&lt;/b&gt;&lt;br /&gt;Fullbody- 500 points/$5&lt;br /&gt;Headshot- 300 points/ $3&lt;br /&gt;&lt;i&gt;&lt;b&gt;Cell shaded&amp;nbsp;&lt;br /&gt;&lt;img src=&quot;https://images-wixmp-ed30a86b8c4ca887773594c2.wixmp.com/intermediary/f/c5eb991d-3a89-4d05-99e5-55bfa922a02b/dcuky0j-50f924de-28c0-4920-9639-b07d09b52cf8.png/v1/fit/w_300,h_900,strp/come_take_a_break__com__by_sweeterie_dcuky0j-300w.png&quot;class=&quot;gr-shrink thumb-in-thumb &quot;&gt;&lt;/b&gt;&lt;/i&gt;&lt;img src=&quot;https://images-wixmp-ed30a86b8c4ca887773594c2.wixmp.com/intermediary/f/c5eb991d-3a89-4d05-99e5-55bfa922a02b/dcst81k-8c5ac255-572d-4aa7-8e2e-ad838adacabd.png/v1/fit/w_300,h_800,strp/i_m_snapper_and_dapper__c__by_sweeterie_dcst81k-300w.png&quot;class=&quot;gr-shrink thumb-in-thumb &quot;&gt;&lt;img src=&quot;https://images-wixmp-ed30a86b8c4ca887773594c2.wixmp.com/intermediary/f/c5eb991d-3a89-4d05-99e5-55bfa922a02b/dcv1vih-a1caa40b-4fac-4f00-a7d8-ba08d97feece.png/v1/fit/w_300,h_900,strp/woof_woof_by_sweeterie_dcv1vih-300w.png&quot;class=&quot;gr-shrink thumb-in-thumb &quot;&gt;&lt;img src=&quot;https://images-wixmp-ed30a86b8c4ca887773594c2.wixmp.com/intermediary/f/c5eb991d-3a89-4d05-99e5-55bfa922a02b/dcsseqa-2bab480f-76a9-4b39-b0cb-e291d914ba01.png/v1/fit/w_300,h_900,strp/up_up_and_away_we_go__at__by_sweeterie_dcsseqa-300w.png&quot;class=&quot;gr-shrink thumb-in-thumb &quot;&gt;&lt;img src=&quot;https://images-wixmp-ed30a86b8c4ca887773594c2.wixmp.com/intermediary/f/c5eb991d-3a89-4d05-99e5-55bfa922a02b/dcxv5i2-9727da23-7c39-4214-adfb-a145535763b6.png/v1/fit/w_300,h_768,strp/does_it_look_like_i_give_a_crap_by_sweeterie_dcxv5i2-300w.png&quot;class=&quot;gr-shrink thumb-in-thumb &quot;&gt;&lt;br /&gt;&lt;b&gt;Types&amp;nbsp;&lt;br /&gt;&lt;/b&gt;Head shot- 300 points/$3&lt;br /&gt;Chibi- 500 points/$5&lt;br /&gt;Fullbody- 700 points/$7&lt;br /&gt;Extra character= +300 points/$3&lt;br /&gt;Complex background= 500 points/$5&lt;br /&gt;&lt;i&gt;Soft shaded&lt;br /&gt;&lt;img src=&quot;https://images-wixmp-ed30a86b8c4ca887773594c2.wixmp.com/intermediary/f/c5eb991d-3a89-4d05-99e5-55bfa922a02b/dcsva5p-1eece0f2-10c5-4ee0-9d21-2ad4216a3263.png/v1/fit/w_300,h_900,strp/i_can_fly_higher_if_i_try__2_2_contest_prize__by_sweeterie_dcsva5p-300w.png&quot;class=&quot;gr-shrink thumb-in-thumb &quot;&gt;&lt;img src=&quot;https://images-wixmp-ed30a86b8c4ca887773594c2.wixmp.com/intermediary/f/c5eb991d-3a89-4d05-99e5-55bfa922a02b/dcpg3bu-25a47235-d265-4064-a319-3286edd936a4.png/v1/fit/w_300,h_900,strp/relaxes_in_french___at__by_sweeterie_dcpg3bu-300w.png&quot;class=&quot;gr-shrink thumb-in-thumb &quot;&gt;Girls are capable of murder by &lt;span class=&quot;username-with-symbol&quot;&gt;&lt;span class=&quot;premium username&quot;&gt;Sweeterie&lt;/span&gt;&lt;span class=&quot;user-symbol premium nolink&quot; data-quicktip-text=&quot;Core Member&quot; data-show-tooltip=&quot;1&quot; data-gruser-type=&quot;premium&quot;&gt;&lt;/span&gt;&lt;/span&gt;&lt;/i&gt;&lt;i&gt;&lt;br /&gt;&lt;b&gt;Types&lt;br /&gt;&lt;/b&gt;Chibi- 500 points/$5&lt;br /&gt;Fullbody- 700 points/$7&lt;br /&gt;Extra character= +300 po&lt;/i&gt;&lt;/q&gt;&lt;/span&gt;&lt;/a&gt;&lt;/span&gt;&lt;!-- ^TTT --&gt;&lt;!-- TTT$ --&gt;&lt;/span&gt;&lt;span class=&quot;shadow-holder&quot; data-embed-type=&quot;deviation&quot; data-embed-id=&quot;782925837&quot; data-embed-format=&quot;thumb&quot;&gt;&lt;span class=&quot;shadow mild&quot; &gt;&lt;a href=&quot;https://www.deviantart.com/sweeterie/journal/Commission-prices-Open-5-5-slots-782925837&quot; data-sigil=&quot;thumb&quot; class=&quot;thumb lit&quot; onmouseover=&quot;if (window.LitBox) LitBox.hover(this, true)&quot; onmouseout=&quot;if (window.LitBox) LitBox.out(this)&quot;&gt;&lt;i&gt;&lt;/i&gt;&lt;img class=&quot;lit journal&quot; src=&quot;https://st.deviantart.net/minish/gruzecontrol/icons/journal.gif?2&quot;&gt;&lt;span class=&quot;wrap&quot; style=&quot;width: 150px&quot;&gt;&lt;q&gt;
        &lt;strong&gt;Commission prices (Open 5/5 slots)&lt;/strong&gt;&lt;i&gt;I can take points and paypal!&amp;nbsp;&lt;br /&gt;What I can do&lt;br /&gt;Gore&lt;br /&gt;Mild NSFW&lt;br /&gt;Ponies&lt;br /&gt;Anthros&lt;br /&gt;Birds&lt;br /&gt;Monsters&amp;nbsp;&lt;br /&gt;Fill this form&amp;nbsp;&lt;br /&gt;Commission type:&lt;br /&gt;Character ref(s): Digital only&lt;br /&gt;Background: Transparent,simple,ect&lt;br /&gt;Extra:&lt;br /&gt;Payment type: Points or paypal&lt;br /&gt;&lt;b&gt;MSPaint Doodles&lt;br /&gt;&lt;img src=&quot;https://images-wixmp-ed30a86b8c4ca887773594c2.wixmp.com/intermediary/f/c5eb991d-3a89-4d05-99e5-55bfa922a02b/dcxhjgc-3b9c77cd-9791-4b87-988c-45c2715cbdb3.png/v1/fit/w_300,h_505,strp/nice_fluffy_cloud__c__by_sweeterie_dcxhjgc-300w.png&quot;class=&quot;gr-shrink thumb-in-thumb &quot;&gt;&lt;/b&gt;&lt;/i&gt;&lt;img src=&quot;https://images-wixmp-ed30a86b8c4ca887773594c2.wixmp.com/intermediary/f/c5eb991d-3a89-4d05-99e5-55bfa922a02b/dcwwnih-290724c0-4651-4e72-99a8-83ad09afd857.png/v1/fit/w_300,h_344,strp/welp_fuck_by_sweeterie_dcwwnih-300w.png&quot;class=&quot;gr-shrink thumb-in-thumb &quot;&gt;&lt;img src=&quot;https://images-wixmp-ed30a86b8c4ca887773594c2.wixmp.com/intermediary/f/c5eb991d-3a89-4d05-99e5-55bfa922a02b/dcwfiex-063bfdc0-f6d4-454a-9864-293bc65465c0.png/v1/fit/w_300,h_900,strp/mspaint_gummy_no_extra_by_sweeterie_dcwfiex-300w.png&quot;class=&quot;gr-shrink thumb-in-thumb &quot;&gt;&lt;img src=&quot;https://images-wixmp-ed30a86b8c4ca887773594c2.wixmp.com/intermediary/f/c5eb991d-3a89-4d05-99e5-55bfa922a02b/dcxebzo-c9c51e45-755f-467c-8217-b693cb13daee.png/v1/fit/w_300,h_500,q_70,strp/damn_knee_by_sweeterie_dcxebzo-300w.jpg&quot;class=&quot;gr-shrink thumb-in-thumb &quot;&gt;&lt;br /&gt;&lt;b&gt;Types&lt;/b&gt;&lt;br /&gt;Fullbody- 500 points/$5&lt;br /&gt;Headshot- 300 points/ $3&lt;br /&gt;&lt;i&gt;&lt;b&gt;Cell shaded&amp;nbsp;&lt;br /&gt;&lt;img src=&quot;https://images-wixmp-ed30a86b8c4ca887773594c2.wixmp.com/intermediary/f/c5eb991d-3a89-4d05-99e5-55bfa922a02b/dcuky0j-50f924de-28c0-4920-9639-b07d09b52cf8.png/v1/fit/w_300,h_900,strp/come_take_a_break__com__by_sweeterie_dcuky0j-300w.png&quot;class=&quot;gr-shrink thumb-in-thumb &quot;&gt;&lt;/b&gt;&lt;/i&gt;&lt;img src=&quot;https://images-wixmp-ed30a86b8c4ca887773594c2.wixmp.com/intermediary/f/c5eb991d-3a89-4d05-99e5-55bfa922a02b/dcst81k-8c5ac255-572d-4aa7-8e2e-ad838adacabd.png/v1/fit/w_300,h_800,strp/i_m_snapper_and_dapper__c__by_sweeterie_dcst81k-300w.png&quot;class=&quot;gr-shrink thumb-in-thumb &quot;&gt;&lt;img src=&quot;https://images-wixmp-ed30a86b8c4ca887773594c2.wixmp.com/intermediary/f/c5eb991d-3a89-4d05-99e5-55bfa922a02b/dcv1vih-a1caa40b-4fac-4f00-a7d8-ba08d97feece.png/v1/fit/w_300,h_900,strp/woof_woof_by_sweeterie_dcv1vih-300w.png&quot;class=&quot;gr-shrink thumb-in-thumb &quot;&gt;&lt;img src=&quot;https://images-wixmp-ed30a86b8c4ca887773594c2.wixmp.com/intermediary/f/c5eb991d-3a89-4d05-99e5-55bfa922a02b/dcsseqa-2bab480f-76a9-4b39-b0cb-e291d914ba01.png/v1/fit/w_300,h_900,strp/up_up_and_away_we_go__at__by_sweeterie_dcsseqa-300w.png&quot;class=&quot;gr-shrink thumb-in-thumb &quot;&gt;&lt;img src=&quot;https://images-wixmp-ed30a86b8c4ca887773594c2.wixmp.com/intermediary/f/c5eb991d-3a89-4d05-99e5-55bfa922a02b/dcxv5i2-9727da23-7c39-4214-adfb-a145535763b6.png/v1/fit/w_300,h_768,strp/does_it_look_like_i_give_a_crap_by_sweeterie_dcxv5i2-300w.png&quot;class=&quot;gr-shrink thumb-in-thumb &quot;&gt;&lt;br /&gt;&lt;b&gt;Types&amp;nbsp;&lt;br /&gt;&lt;/b&gt;Head shot- 300 points/$3&lt;br /&gt;Chibi- 500 points/$5&lt;br /&gt;Fullbody- 700 points/$7&lt;br /&gt;Extra character= +300 points/$3&lt;br /&gt;Complex background= 500 points/$5&lt;br /&gt;&lt;i&gt;Soft shaded&lt;br /&gt;&lt;img src=&quot;https://images-wixmp-ed30a86b8c4ca887773594c2.wixmp.com/intermediary/f/c5eb991d-3a89-4d05-99e5-55bfa922a02b/dcsva5p-1eece0f2-10c5-4ee0-9d21-2ad4216a3263.png/v1/fit/w_300,h_900,strp/i_can_fly_higher_if_i_try__2_2_contest_prize__by_sweeterie_dcsva5p-300w.png&quot;class=&quot;gr-shrink thumb-in-thumb &quot;&gt;&lt;img src=&quot;https://images-wixmp-ed30a86b8c4ca887773594c2.wixmp.com/intermediary/f/c5eb991d-3a89-4d05-99e5-55bfa922a02b/dcpg3bu-25a47235-d265-4064-a319-3286edd936a4.png/v1/fit/w_300,h_900,strp/relaxes_in_french___at__by_sweeterie_dcpg3bu-300w.png&quot;class=&quot;gr-shrink thumb-in-thumb &quot;&gt;Girls are capable of murder by &lt;span class=&quot;username-with-symbol&quot;&gt;&lt;span class=&quot;premium username&quot;&gt;Sweeterie&lt;/span&gt;&lt;span class=&quot;user-symbol premium nolink&quot; data-quicktip-text=&quot;Core Member&quot; data-show-tooltip=&quot;1&quot; data-gruser-type=&quot;premium&quot;&gt;&lt;/span&gt;&lt;/span&gt;&lt;/i&gt;&lt;i&gt;&lt;br /&gt;&lt;b&gt;Types&lt;br /&gt;&lt;/b&gt;Chibi- 500 points/$5&lt;br /&gt;Fullbody- 700 points/$7&lt;br /&gt;Extra character= +300 po&lt;/i&gt;&lt;/q&gt;&lt;/span&gt;&lt;/a&gt;&lt;/span&gt;&lt;!-- ^TTT --&gt;&lt;!-- TTT$ --&gt;&lt;/span&gt;&lt;span class=&quot;shadow-holder&quot; data-embed-type=&quot;deviation&quot; data-embed-id=&quot;782925837&quot; data-embed-format=&quot;thumb&quot;&gt;&lt;span class=&quot;shadow mild&quot; &gt;&lt;a href=&quot;https://www.deviantart.com/sweeterie/journal/Commission-prices-Open-5-5-slots-782925837&quot; data-sigil=&quot;thumb&quot; class=&quot;thumb lit&quot; onmouseover=&quot;if (window.LitBox) LitBox.hover(this, true)&quot; onmouseout=&quot;if (window.LitBox) LitBox.out(this)&quot;&gt;&lt;i&gt;&lt;/i&gt;&lt;img class=&quot;lit journal&quot; src=&quot;https://st.deviantart.net/minish/gruzecontrol/icons/journal.gif?2&quot;&gt;&lt;span class=&quot;wrap&quot; style=&quot;width: 150px&quot;&gt;&lt;q&gt;
        &lt;strong&gt;Commission prices (Open 5/5 slots)&lt;/strong&gt;&lt;i&gt;I can take points and paypal!&amp;nbsp;&lt;br /&gt;What I can do&lt;br /&gt;Gore&lt;br /&gt;Mild NSFW&lt;br /&gt;Ponies&lt;br /&gt;Anthros&lt;br /&gt;Birds&lt;br /&gt;Monsters&amp;nbsp;&lt;br /&gt;Fill this form&amp;nbsp;&lt;br /&gt;Commission type:&lt;br /&gt;Character ref(s): Digital only&lt;br /&gt;Background: Transparent,simple,ect&lt;br /&gt;Extra:&lt;br /&gt;Payment type: Points or paypal&lt;br /&gt;&lt;b&gt;MSPaint Doodles&lt;br /&gt;&lt;img src=&quot;https://images-wixmp-ed30a86b8c4ca887773594c2.wixmp.com/intermediary/f/c5eb991d-3a89-4d05-99e5-55bfa922a02b/dcxhjgc-3b9c77cd-9791-4b87-988c-45c2715cbdb3.png/v1/fit/w_300,h_505,strp/nice_fluffy_cloud__c__by_sweeterie_dcxhjgc-300w.png&quot;class=&quot;gr-shrink thumb-in-thumb &quot;&gt;&lt;/b&gt;&lt;/i&gt;&lt;img src=&quot;https://images-wixmp-ed30a86b8c4ca887773594c2.wixmp.com/intermediary/f/c5eb991d-3a89-4d05-99e5-55bfa922a02b/dcwwnih-290724c0-4651-4e72-99a8-83ad09afd857.png/v1/fit/w_300,h_344,strp/welp_fuck_by_sweeterie_dcwwnih-300w.png&quot;class=&quot;gr-shrink thumb-in-thumb &quot;&gt;&lt;img src=&quot;https://images-wixmp-ed30a86b8c4ca887773594c2.wixmp.com/intermediary/f/c5eb991d-3a89-4d05-99e5-55bfa922a02b/dcwfiex-063bfdc0-f6d4-454a-9864-293bc65465c0.png/v1/fit/w_300,h_900,strp/mspaint_gummy_no_extra_by_sweeterie_dcwfiex-300w.png&quot;class=&quot;gr-shrink thumb-in-thumb &quot;&gt;&lt;img src=&quot;https://images-wixmp-ed30a86b8c4ca887773594c2.wixmp.com/intermediary/f/c5eb991d-3a89-4d05-99e5-55bfa922a02b/dcxebzo-c9c51e45-755f-467c-8217-b693cb13daee.png/v1/fit/w_300,h_500,q_70,strp/damn_knee_by_sweeterie_dcxebzo-300w.jpg&quot;class=&quot;gr-shrink thumb-in-thumb &quot;&gt;&lt;br /&gt;&lt;b&gt;Types&lt;/b&gt;&lt;br /&gt;Fullbody- 500 points/$5&lt;br /&gt;Headshot- 300 points/ $3&lt;br /&gt;&lt;i&gt;&lt;b&gt;Cell shaded&amp;nbsp;&lt;br /&gt;&lt;img src=&quot;https://images-wixmp-ed30a86b8c4ca887773594c2.wixmp.com/intermediary/f/c5eb991d-3a89-4d05-99e5-55bfa922a02b/dcuky0j-50f924de-28c0-4920-9639-b07d09b52cf8.png/v1/fit/w_300,h_900,strp/come_take_a_break__com__by_sweeterie_dcuky0j-300w.png&quot;class=&quot;gr-shrink thumb-in-thumb &quot;&gt;&lt;/b&gt;&lt;/i&gt;&lt;img src=&quot;https://images-wixmp-ed30a86b8c4ca887773594c2.wixmp.com/intermediary/f/c5eb991d-3a89-4d05-99e5-55bfa922a02b/dcst81k-8c5ac255-572d-4aa7-8e2e-ad838adacabd.png/v1/fit/w_300,h_800,strp/i_m_snapper_and_dapper__c__by_sweeterie_dcst81k-300w.png&quot;class=&quot;gr-shrink thumb-in-thumb &quot;&gt;&lt;img src=&quot;https://images-wixmp-ed30a86b8c4ca887773594c2.wixmp.com/intermediary/f/c5eb991d-3a89-4d05-99e5-55bfa922a02b/dcv1vih-a1caa40b-4fac-4f00-a7d8-ba08d97feece.png/v1/fit/w_300,h_900,strp/woof_woof_by_sweeterie_dcv1vih-300w.png&quot;class=&quot;gr-shrink thumb-in-thumb &quot;&gt;&lt;img src=&quot;https://images-wixmp-ed30a86b8c4ca887773594c2.wixmp.com/intermediary/f/c5eb991d-3a89-4d05-99e5-55bfa922a02b/dcsseqa-2bab480f-76a9-4b39-b0cb-e291d914ba01.png/v1/fit/w_300,h_900,strp/up_up_and_away_we_go__at__by_sweeterie_dcsseqa-300w.png&quot;class=&quot;gr-shrink thumb-in-thumb &quot;&gt;&lt;img src=&quot;https://images-wixmp-ed30a86b8c4ca887773594c2.wixmp.com/intermediary/f/c5eb991d-3a89-4d05-99e5-55bfa922a02b/dcxv5i2-9727da23-7c39-4214-adfb-a145535763b6.png/v1/fit/w_300,h_768,strp/does_it_look_like_i_give_a_crap_by_sweeterie_dcxv5i2-300w.png&quot;class=&quot;gr-shrink thumb-in-thumb &quot;&gt;&lt;br /&gt;&lt;b&gt;Types&amp;nbsp;&lt;br /&gt;&lt;/b&gt;Head shot- 300 points/$3&lt;br /&gt;Chibi- 500 points/$5&lt;br /&gt;Fullbody- 700 points/$7&lt;br /&gt;Extra character= +300 points/$3&lt;br /&gt;Complex background= 500 points/$5&lt;br /&gt;&lt;i&gt;Soft shaded&lt;br /&gt;&lt;img src=&quot;https://images-wixmp-ed30a86b8c4ca887773594c2.wixmp.com/intermediary/f/c5eb991d-3a89-4d05-99e5-55bfa922a02b/dcsva5p-1eece0f2-10c5-4ee0-9d21-2ad4216a3263.png/v1/fit/w_300,h_900,strp/i_can_fly_higher_if_i_try__2_2_contest_prize__by_sweeterie_dcsva5p-300w.png&quot;class=&quot;gr-shrink thumb-in-thumb &quot;&gt;&lt;img src=&quot;https://images-wixmp-ed30a86b8c4ca887773594c2.wixmp.com/intermediary/f/c5eb991d-3a89-4d05-99e5-55bfa922a02b/dcpg3bu-25a47235-d265-4064-a319-3286edd936a4.png/v1/fit/w_300,h_900,strp/relaxes_in_french___at__by_sweeterie_dcpg3bu-300w.png&quot;class=&quot;gr-shrink thumb-in-thumb &quot;&gt;Girls are capable of murder by &lt;span class=&quot;username-with-symbol&quot;&gt;&lt;span class=&quot;premium username&quot;&gt;Sweeterie&lt;/span&gt;&lt;span class=&quot;user-symbol premium nolink&quot; data-quicktip-text=&quot;Core Member&quot; data-show-tooltip=&quot;1&quot; data-gruser-type=&quot;premium&quot;&gt;&lt;/span&gt;&lt;/span&gt;&lt;/i&gt;&lt;i&gt;&lt;br /&gt;&lt;b&gt;Types&lt;br /&gt;&lt;/b&gt;Chibi- 500 points/$5&lt;br /&gt;Fullbody- 700 points/$7&lt;br /&gt;Extra character= +300 po&lt;/i&gt;&lt;/q&gt;&lt;/span&gt;&lt;/a&gt;&lt;/span&gt;&lt;!-- ^TTT --&gt;&lt;!-- TTT$ --&gt;&lt;/span&gt;&lt;span class=&quot;shadow-holder&quot; data-embed-type=&quot;deviation&quot; data-embed-id=&quot;782925837&quot; data-embed-format=&quot;thumb&quot;&gt;&lt;span class=&quot;shadow mild&quot; &gt;&lt;a href=&quot;https://www.deviantart.com/sweeterie/journal/Commission-prices-Open-5-5-slots-782925837&quot; data-sigil=&quot;thumb&quot; class=&quot;thumb lit&quot; onmouseover=&quot;if (window.LitBox) LitBox.hover(this, true)&quot; onmouseout=&quot;if (window.LitBox) LitBox.out(this)&quot;&gt;&lt;i&gt;&lt;/i&gt;&lt;img class=&quot;lit journal&quot; src=&quot;https://st.deviantart.net/minish/gruzecontrol/icons/journal.gif?2&quot;&gt;&lt;span class=&quot;wrap&quot; style=&quot;width: 150px&quot;&gt;&lt;q&gt;
        &lt;strong&gt;Commission prices (Open 5/5 slots)&lt;/strong&gt;&lt;i&gt;I can take points and paypal!&amp;nbsp;&lt;br /&gt;What I can do&lt;br /&gt;Gore&lt;br /&gt;Mild NSFW&lt;br /&gt;Ponies&lt;br /&gt;Anthros&lt;br /&gt;Birds&lt;br /&gt;Monsters&amp;nbsp;&lt;br /&gt;Fill this form&amp;nbsp;&lt;br /&gt;Commission type:&lt;br /&gt;Character ref(s): Digital only&lt;br /&gt;Background: Transparent,simple,ect&lt;br /&gt;Extra:&lt;br /&gt;Payment type: Points or paypal&lt;br /&gt;&lt;b&gt;MSPaint Doodles&lt;br /&gt;&lt;img src=&quot;https://images-wixmp-ed30a86b8c4ca887773594c2.wixmp.com/intermediary/f/c5eb991d-3a89-4d05-99e5-55bfa922a02b/dcxhjgc-3b9c77cd-9791-4b87-988c-45c2715cbdb3.png/v1/fit/w_300,h_505,strp/nice_fluffy_cloud__c__by_sweeterie_dcxhjgc-300w.png&quot;class=&quot;gr-shrink thumb-in-thumb &quot;&gt;&lt;/b&gt;&lt;/i&gt;&lt;img src=&quot;https://images-wixmp-ed30a86b8c4ca887773594c2.wixmp.com/intermediary/f/c5eb991d-3a89-4d05-99e5-55bfa922a02b/dcwwnih-290724c0-4651-4e72-99a8-83ad09afd857.png/v1/fit/w_300,h_344,strp/welp_fuck_by_sweeterie_dcwwnih-300w.png&quot;class=&quot;gr-shrink thumb-in-thumb &quot;&gt;&lt;img src=&quot;https://images-wixmp-ed30a86b8c4ca887773594c2.wixmp.com/intermediary/f/c5eb991d-3a89-4d05-99e5-55bfa922a02b/dcwfiex-063bfdc0-f6d4-454a-9864-293bc65465c0.png/v1/fit/w_300,h_900,strp/mspaint_gummy_no_extra_by_sweeterie_dcwfiex-300w.png&quot;class=&quot;gr-shrink thumb-in-thumb &quot;&gt;&lt;img src=&quot;https://images-wixmp-ed30a86b8c4ca887773594c2.wixmp.com/intermediary/f/c5eb991d-3a89-4d05-99e5-55bfa922a02b/dcxebzo-c9c51e45-755f-467c-8217-b693cb13daee.png/v1/fit/w_300,h_500,q_70,strp/damn_knee_by_sweeterie_dcxebzo-300w.jpg&quot;class=&quot;gr-shrink thumb-in-thumb &quot;&gt;&lt;br /&gt;&lt;b&gt;Types&lt;/b&gt;&lt;br /&gt;Fullbody- 500 points/$5&lt;br /&gt;Headshot- 300 points/ $3&lt;br /&gt;&lt;i&gt;&lt;b&gt;Cell shaded&amp;nbsp;&lt;br /&gt;&lt;img src=&quot;https://images-wixmp-ed30a86b8c4ca887773594c2.wixmp.com/intermediary/f/c5eb991d-3a89-4d05-99e5-55bfa922a02b/dcuky0j-50f924de-28c0-4920-9639-b07d09b52cf8.png/v1/fit/w_300,h_900,strp/come_take_a_break__com__by_sweeterie_dcuky0j-300w.png&quot;class=&quot;gr-shrink thumb-in-thumb &quot;&gt;&lt;/b&gt;&lt;/i&gt;&lt;img src=&quot;https://images-wixmp-ed30a86b8c4ca887773594c2.wixmp.com/intermediary/f/c5eb991d-3a89-4d05-99e5-55bfa922a02b/dcst81k-8c5ac255-572d-4aa7-8e2e-ad838adacabd.png/v1/fit/w_300,h_800,strp/i_m_snapper_and_dapper__c__by_sweeterie_dcst81k-300w.png&quot;class=&quot;gr-shrink thumb-in-thumb &quot;&gt;&lt;img src=&quot;https://images-wixmp-ed30a86b8c4ca887773594c2.wixmp.com/intermediary/f/c5eb991d-3a89-4d05-99e5-55bfa922a02b/dcv1vih-a1caa40b-4fac-4f00-a7d8-ba08d97feece.png/v1/fit/w_300,h_900,strp/woof_woof_by_sweeterie_dcv1vih-300w.png&quot;class=&quot;gr-shrink thumb-in-thumb &quot;&gt;&lt;img src=&quot;https://images-wixmp-ed30a86b8c4ca887773594c2.wixmp.com/intermediary/f/c5eb991d-3a89-4d05-99e5-55bfa922a02b/dcsseqa-2bab480f-76a9-4b39-b0cb-e291d914ba01.png/v1/fit/w_300,h_900,strp/up_up_and_away_we_go__at__by_sweeterie_dcsseqa-300w.png&quot;class=&quot;gr-shrink thumb-in-thumb &quot;&gt;&lt;img src=&quot;https://images-wixmp-ed30a86b8c4ca887773594c2.wixmp.com/intermediary/f/c5eb991d-3a89-4d05-99e5-55bfa922a02b/dcxv5i2-9727da23-7c39-4214-adfb-a145535763b6.png/v1/fit/w_300,h_768,strp/does_it_look_like_i_give_a_crap_by_sweeterie_dcxv5i2-300w.png&quot;class=&quot;gr-shrink thumb-in-thumb &quot;&gt;&lt;br /&gt;&lt;b&gt;Types&amp;nbsp;&lt;br /&gt;&lt;/b&gt;Head shot- 300 points/$3&lt;br /&gt;Chibi- 500 points/$5&lt;br /&gt;Fullbody- 700 points/$7&lt;br /&gt;Extra character= +300 points/$3&lt;br /&gt;Complex background= 500 points/$5&lt;br /&gt;&lt;i&gt;Soft shaded&lt;br /&gt;&lt;img src=&quot;https://images-wixmp-ed30a86b8c4ca887773594c2.wixmp.com/intermediary/f/c5eb991d-3a89-4d05-99e5-55bfa922a02b/dcsva5p-1eece0f2-10c5-4ee0-9d21-2ad4216a3263.png/v1/fit/w_300,h_900,strp/i_can_fly_higher_if_i_try__2_2_contest_prize__by_sweeterie_dcsva5p-300w.png&quot;class=&quot;gr-shrink thumb-in-thumb &quot;&gt;&lt;img src=&quot;https://images-wixmp-ed30a86b8c4ca887773594c2.wixmp.com/intermediary/f/c5eb991d-3a89-4d05-99e5-55bfa922a02b/dcpg3bu-25a47235-d265-4064-a319-3286edd936a4.png/v1/fit/w_300,h_900,strp/relaxes_in_french___at__by_sweeterie_dcpg3bu-300w.png&quot;class=&quot;gr-shrink thumb-in-thumb &quot;&gt;Girls are capable of murder by &lt;span class=&quot;username-with-symbol&quot;&gt;&lt;span class=&quot;premium username&quot;&gt;Sweeterie&lt;/span&gt;&lt;span class=&quot;user-symbol premium nolink&quot; data-quicktip-text=&quot;Core Member&quot; data-show-tooltip=&quot;1&quot; data-gruser-type=&quot;premium&quot;&gt;&lt;/span&gt;&lt;/span&gt;&lt;/i&gt;&lt;i&gt;&lt;br /&gt;&lt;b&gt;Types&lt;br /&gt;&lt;/b&gt;Chibi- 500 points/$5&lt;br /&gt;Fullbody- 700 points/$7&lt;br /&gt;Extra character= +300 po&lt;/i&gt;&lt;/q&gt;&lt;/span&gt;&lt;/a&gt;&lt;/span&gt;&lt;!-- ^TTT --&gt;&lt;!-- TTT$ --&gt;&lt;/span&gt;</media:description>            <media:thumbnail url="https://t00.deviantart.net/q9DUq2lYeYxVNlSO0nM4b2dgnnE=/fit-in/150x150/filters:no_upscale():origin()/pre00/024f/th/pre/f/2019/027/f/8/commissions_open_by_sweeterie-dcy7rl5.png" height="87" width="150"/>            <media:thumbnail url="https://t00.deviantart.net/b0ssdV0wNrEdGI_THxBuLMcJmh0=/fit-in/300x900/filters:no_upscale():origin()/pre00/024f/th/pre/f/2019/027/f/8/commissions_open_by_sweeterie-dcy7rl5.png" height="175" width="300"/>            <media:thumbnail url="https://t00.deviantart.net/8JE2-TmAxrtdi_fRU4lrbYy5xrQ=/300x200/filters:fixed_height(100,100):origin()/pre00/024f/th/pre/f/2019/027/f/8/commissions_open_by_sweeterie-dcy7rl5.png" height="175" width="300"/>            <media:content url="https://orig00.deviantart.net/9e15/f/2019/027/f/8/commissions_open_by_sweeterie-dcy7rl5.png" height="584" width="1002" medium="image"/>            
            <description>&lt;span class=&quot;shadow-holder&quot; data-embed-type=&quot;deviation&quot; data-embed-id=&quot;782925837&quot; data-embed-format=&quot;thumb&quot;&gt;&lt;span class=&quot;shadow mild&quot; &gt;&lt;a href=&quot;https://www.deviantart.com/sweeterie/journal/Commission-prices-Open-5-5-slots-782925837&quot; data-sigil=&quot;thumb&quot; class=&quot;thumb lit&quot; onmouseover=&quot;if (window.LitBox) LitBox.hover(this, true)&quot; onmouseout=&quot;if (window.LitBox) LitBox.out(this)&quot;&gt;&lt;i&gt;&lt;/i&gt;&lt;img class=&quot;lit journal&quot; src=&quot;https://st.deviantart.net/minish/gruzecontrol/icons/journal.gif?2&quot;&gt;&lt;span class=&quot;wrap&quot; style=&quot;width: 150px&quot;&gt;&lt;q&gt;
        &lt;strong&gt;Commission prices (Open 5/5 slots)&lt;/strong&gt;&lt;i&gt;I can take points and paypal!&amp;nbsp;&lt;br /&gt;What I can do&lt;br /&gt;Gore&lt;br /&gt;Mild NSFW&lt;br /&gt;Ponies&lt;br /&gt;Anthros&lt;br /&gt;Birds&lt;br /&gt;Monsters&amp;nbsp;&lt;br /&gt;Fill this form&amp;nbsp;&lt;br /&gt;Commission type:&lt;br /&gt;Character ref(s): Digital only&lt;br /&gt;Background: Transparent,simple,ect&lt;br /&gt;Extra:&lt;br /&gt;Payment type: Points or paypal&lt;br /&gt;&lt;b&gt;MSPaint Doodles&lt;br /&gt;&lt;img src=&quot;https://images-wixmp-ed30a86b8c4ca887773594c2.wixmp.com/intermediary/f/c5eb991d-3a89-4d05-99e5-55bfa922a02b/dcxhjgc-3b9c77cd-9791-4b87-988c-45c2715cbdb3.png/v1/fit/w_300,h_505,strp/nice_fluffy_cloud__c__by_sweeterie_dcxhjgc-300w.png&quot;class=&quot;gr-shrink thumb-in-thumb &quot;&gt;&lt;/b&gt;&lt;/i&gt;&lt;img src=&quot;https://images-wixmp-ed30a86b8c4ca887773594c2.wixmp.com/intermediary/f/c5eb991d-3a89-4d05-99e5-55bfa922a02b/dcwwnih-290724c0-4651-4e72-99a8-83ad09afd857.png/v1/fit/w_300,h_344,strp/welp_fuck_by_sweeterie_dcwwnih-300w.png&quot;class=&quot;gr-shrink thumb-in-thumb &quot;&gt;&lt;img src=&quot;https://images-wixmp-ed30a86b8c4ca887773594c2.wixmp.com/intermediary/f/c5eb991d-3a89-4d05-99e5-55bfa922a02b/dcwfiex-063bfdc0-f6d4-454a-9864-293bc65465c0.png/v1/fit/w_300,h_900,strp/mspaint_gummy_no_extra_by_sweeterie_dcwfiex-300w.png&quot;class=&quot;gr-shrink thumb-in-thumb &quot;&gt;&lt;img src=&quot;https://images-wixmp-ed30a86b8c4ca887773594c2.wixmp.com/intermediary/f/c5eb991d-3a89-4d05-99e5-55bfa922a02b/dcxebzo-c9c51e45-755f-467c-8217-b693cb13daee.png/v1/fit/w_300,h_500,q_70,strp/damn_knee_by_sweeterie_dcxebzo-300w.jpg&quot;class=&quot;gr-shrink thumb-in-thumb &quot;&gt;&lt;br /&gt;&lt;b&gt;Types&lt;/b&gt;&lt;br /&gt;Fullbody- 500 points/$5&lt;br /&gt;Headshot- 300 points/ $3&lt;br /&gt;&lt;i&gt;&lt;b&gt;Cell shaded&amp;nbsp;&lt;br /&gt;&lt;img src=&quot;https://images-wixmp-ed30a86b8c4ca887773594c2.wixmp.com/intermediary/f/c5eb991d-3a89-4d05-99e5-55bfa922a02b/dcuky0j-50f924de-28c0-4920-9639-b07d09b52cf8.png/v1/fit/w_300,h_900,strp/come_take_a_break__com__by_sweeterie_dcuky0j-300w.png&quot;class=&quot;gr-shrink thumb-in-thumb &quot;&gt;&lt;/b&gt;&lt;/i&gt;&lt;img src=&quot;https://images-wixmp-ed30a86b8c4ca887773594c2.wixmp.com/intermediary/f/c5eb991d-3a89-4d05-99e5-55bfa922a02b/dcst81k-8c5ac255-572d-4aa7-8e2e-ad838adacabd.png/v1/fit/w_300,h_800,strp/i_m_snapper_and_dapper__c__by_sweeterie_dcst81k-300w.png&quot;class=&quot;gr-shrink thumb-in-thumb &quot;&gt;&lt;img src=&quot;https://images-wixmp-ed30a86b8c4ca887773594c2.wixmp.com/intermediary/f/c5eb991d-3a89-4d05-99e5-55bfa922a02b/dcv1vih-a1caa40b-4fac-4f00-a7d8-ba08d97feece.png/v1/fit/w_300,h_900,strp/woof_woof_by_sweeterie_dcv1vih-300w.png&quot;class=&quot;gr-shrink thumb-in-thumb &quot;&gt;&lt;img src=&quot;https://images-wixmp-ed30a86b8c4ca887773594c2.wixmp.com/intermediary/f/c5eb991d-3a89-4d05-99e5-55bfa922a02b/dcsseqa-2bab480f-76a9-4b39-b0cb-e291d914ba01.png/v1/fit/w_300,h_900,strp/up_up_and_away_we_go__at__by_sweeterie_dcsseqa-300w.png&quot;class=&quot;gr-shrink thumb-in-thumb &quot;&gt;&lt;img src=&quot;https://images-wixmp-ed30a86b8c4ca887773594c2.wixmp.com/intermediary/f/c5eb991d-3a89-4d05-99e5-55bfa922a02b/dcxv5i2-9727da23-7c39-4214-adfb-a145535763b6.png/v1/fit/w_300,h_768,strp/does_it_look_like_i_give_a_crap_by_sweeterie_dcxv5i2-300w.png&quot;class=&quot;gr-shrink thumb-in-thumb &quot;&gt;&lt;br /&gt;&lt;b&gt;Types&amp;nbsp;&lt;br /&gt;&lt;/b&gt;Head shot- 300 points/$3&lt;br /&gt;Chibi- 500 points/$5&lt;br /&gt;Fullbody- 700 points/$7&lt;br /&gt;Extra character= +300 points/$3&lt;br /&gt;Complex background= 500 points/$5&lt;br /&gt;&lt;i&gt;Soft shaded&lt;br /&gt;&lt;img src=&quot;https://images-wixmp-ed30a86b8c4ca887773594c2.wixmp.com/intermediary/f/c5eb991d-3a89-4d05-99e5-55bfa922a02b/dcsva5p-1eece0f2-10c5-4ee0-9d21-2ad4216a3263.png/v1/fit/w_300,h_900,strp/i_can_fly_higher_if_i_try__2_2_contest_prize__by_sweeterie_dcsva5p-300w.png&quot;class=&quot;gr-shrink thumb-in-thumb &quot;&gt;&lt;img src=&quot;https://images-wixmp-ed30a86b8c4ca887773594c2.wixmp.com/intermediary/f/c5eb991d-3a89-4d05-99e5-55bfa922a02b/dcpg3bu-25a47235-d265-4064-a319-3286edd936a4.png/v1/fit/w_300,h_900,strp/relaxes_in_french___at__by_sweeterie_dcpg3bu-300w.png&quot;class=&quot;gr-shrink thumb-in-thumb &quot;&gt;Girls are capable of murder by &lt;span class=&quot;username-with-symbol&quot;&gt;&lt;span class=&quot;premium username&quot;&gt;Sweeterie&lt;/span&gt;&lt;span class=&quot;user-symbol premium nolink&quot; data-quicktip-text=&quot;Core Member&quot; data-show-tooltip=&quot;1&quot; data-gruser-type=&quot;premium&quot;&gt;&lt;/span&gt;&lt;/span&gt;&lt;/i&gt;&lt;i&gt;&lt;br /&gt;&lt;b&gt;Types&lt;br /&gt;&lt;/b&gt;Chibi- 500 points/$5&lt;br /&gt;Fullbody- 700 points/$7&lt;br /&gt;Extra character= +300 po&lt;/i&gt;&lt;/q&gt;&lt;/span&gt;&lt;/a&gt;&lt;/span&gt;&lt;!-- ^TTT --&gt;&lt;!-- TTT$ --&gt;&lt;/span&gt;&lt;span class=&quot;shadow-holder&quot; data-embed-type=&quot;deviation&quot; data-embed-id=&quot;782925837&quot; data-embed-format=&quot;thumb&quot;&gt;&lt;span class=&quot;shadow mild&quot; &gt;&lt;a href=&quot;https://www.deviantart.com/sweeterie/journal/Commission-prices-Open-5-5-slots-782925837&quot; data-sigil=&quot;thumb&quot; class=&quot;thumb lit&quot; onmouseover=&quot;if (window.LitBox) LitBox.hover(this, true)&quot; onmouseout=&quot;if (window.LitBox) LitBox.out(this)&quot;&gt;&lt;i&gt;&lt;/i&gt;&lt;img class=&quot;lit journal&quot; src=&quot;https://st.deviantart.net/minish/gruzecontrol/icons/journal.gif?2&quot;&gt;&lt;span class=&quot;wrap&quot; style=&quot;width: 150px&quot;&gt;&lt;q&gt;
        &lt;strong&gt;Commission prices (Open 5/5 slots)&lt;/strong&gt;&lt;i&gt;I can take points and paypal!&amp;nbsp;&lt;br /&gt;What I can do&lt;br /&gt;Gore&lt;br /&gt;Mild NSFW&lt;br /&gt;Ponies&lt;br /&gt;Anthros&lt;br /&gt;Birds&lt;br /&gt;Monsters&amp;nbsp;&lt;br /&gt;Fill this form&amp;nbsp;&lt;br /&gt;Commission type:&lt;br /&gt;Character ref(s): Digital only&lt;br /&gt;Background: Transparent,simple,ect&lt;br /&gt;Extra:&lt;br /&gt;Payment type: Points or paypal&lt;br /&gt;&lt;b&gt;MSPaint Doodles&lt;br /&gt;&lt;img src=&quot;https://images-wixmp-ed30a86b8c4ca887773594c2.wixmp.com/intermediary/f/c5eb991d-3a89-4d05-99e5-55bfa922a02b/dcxhjgc-3b9c77cd-9791-4b87-988c-45c2715cbdb3.png/v1/fit/w_300,h_505,strp/nice_fluffy_cloud__c__by_sweeterie_dcxhjgc-300w.png&quot;class=&quot;gr-shrink thumb-in-thumb &quot;&gt;&lt;/b&gt;&lt;/i&gt;&lt;img src=&quot;https://images-wixmp-ed30a86b8c4ca887773594c2.wixmp.com/intermediary/f/c5eb991d-3a89-4d05-99e5-55bfa922a02b/dcwwnih-290724c0-4651-4e72-99a8-83ad09afd857.png/v1/fit/w_300,h_344,strp/welp_fuck_by_sweeterie_dcwwnih-300w.png&quot;class=&quot;gr-shrink thumb-in-thumb &quot;&gt;&lt;img src=&quot;https://images-wixmp-ed30a86b8c4ca887773594c2.wixmp.com/intermediary/f/c5eb991d-3a89-4d05-99e5-55bfa922a02b/dcwfiex-063bfdc0-f6d4-454a-9864-293bc65465c0.png/v1/fit/w_300,h_900,strp/mspaint_gummy_no_extra_by_sweeterie_dcwfiex-300w.png&quot;class=&quot;gr-shrink thumb-in-thumb &quot;&gt;&lt;img src=&quot;https://images-wixmp-ed30a86b8c4ca887773594c2.wixmp.com/intermediary/f/c5eb991d-3a89-4d05-99e5-55bfa922a02b/dcxebzo-c9c51e45-755f-467c-8217-b693cb13daee.png/v1/fit/w_300,h_500,q_70,strp/damn_knee_by_sweeterie_dcxebzo-300w.jpg&quot;class=&quot;gr-shrink thumb-in-thumb &quot;&gt;&lt;br /&gt;&lt;b&gt;Types&lt;/b&gt;&lt;br /&gt;Fullbody- 500 points/$5&lt;br /&gt;Headshot- 300 points/ $3&lt;br /&gt;&lt;i&gt;&lt;b&gt;Cell shaded&amp;nbsp;&lt;br /&gt;&lt;img src=&quot;https://images-wixmp-ed30a86b8c4ca887773594c2.wixmp.com/intermediary/f/c5eb991d-3a89-4d05-99e5-55bfa922a02b/dcuky0j-50f924de-28c0-4920-9639-b07d09b52cf8.png/v1/fit/w_300,h_900,strp/come_take_a_break__com__by_sweeterie_dcuky0j-300w.png&quot;class=&quot;gr-shrink thumb-in-thumb &quot;&gt;&lt;/b&gt;&lt;/i&gt;&lt;img src=&quot;https://images-wixmp-ed30a86b8c4ca887773594c2.wixmp.com/intermediary/f/c5eb991d-3a89-4d05-99e5-55bfa922a02b/dcst81k-8c5ac255-572d-4aa7-8e2e-ad838adacabd.png/v1/fit/w_300,h_800,strp/i_m_snapper_and_dapper__c__by_sweeterie_dcst81k-300w.png&quot;class=&quot;gr-shrink thumb-in-thumb &quot;&gt;&lt;img src=&quot;https://images-wixmp-ed30a86b8c4ca887773594c2.wixmp.com/intermediary/f/c5eb991d-3a89-4d05-99e5-55bfa922a02b/dcv1vih-a1caa40b-4fac-4f00-a7d8-ba08d97feece.png/v1/fit/w_300,h_900,strp/woof_woof_by_sweeterie_dcv1vih-300w.png&quot;class=&quot;gr-shrink thumb-in-thumb &quot;&gt;&lt;img src=&quot;https://images-wixmp-ed30a86b8c4ca887773594c2.wixmp.com/intermediary/f/c5eb991d-3a89-4d05-99e5-55bfa922a02b/dcsseqa-2bab480f-76a9-4b39-b0cb-e291d914ba01.png/v1/fit/w_300,h_900,strp/up_up_and_away_we_go__at__by_sweeterie_dcsseqa-300w.png&quot;class=&quot;gr-shrink thumb-in-thumb &quot;&gt;&lt;img src=&quot;https://images-wixmp-ed30a86b8c4ca887773594c2.wixmp.com/intermediary/f/c5eb991d-3a89-4d05-99e5-55bfa922a02b/dcxv5i2-9727da23-7c39-4214-adfb-a145535763b6.png/v1/fit/w_300,h_768,strp/does_it_look_like_i_give_a_crap_by_sweeterie_dcxv5i2-300w.png&quot;class=&quot;gr-shrink thumb-in-thumb &quot;&gt;&lt;br /&gt;&lt;b&gt;Types&amp;nbsp;&lt;br /&gt;&lt;/b&gt;Head shot- 300 points/$3&lt;br /&gt;Chibi- 500 points/$5&lt;br /&gt;Fullbody- 700 points/$7&lt;br /&gt;Extra character= +300 points/$3&lt;br /&gt;Complex background= 500 points/$5&lt;br /&gt;&lt;i&gt;Soft shaded&lt;br /&gt;&lt;img src=&quot;https://images-wixmp-ed30a86b8c4ca887773594c2.wixmp.com/intermediary/f/c5eb991d-3a89-4d05-99e5-55bfa922a02b/dcsva5p-1eece0f2-10c5-4ee0-9d21-2ad4216a3263.png/v1/fit/w_300,h_900,strp/i_can_fly_higher_if_i_try__2_2_contest_prize__by_sweeterie_dcsva5p-300w.png&quot;class=&quot;gr-shrink thumb-in-thumb &quot;&gt;&lt;img src=&quot;https://images-wixmp-ed30a86b8c4ca887773594c2.wixmp.com/intermediary/f/c5eb991d-3a89-4d05-99e5-55bfa922a02b/dcpg3bu-25a47235-d265-4064-a319-3286edd936a4.png/v1/fit/w_300,h_900,strp/relaxes_in_french___at__by_sweeterie_dcpg3bu-300w.png&quot;class=&quot;gr-shrink thumb-in-thumb &quot;&gt;Girls are capable of murder by &lt;span class=&quot;username-with-symbol&quot;&gt;&lt;span class=&quot;premium username&quot;&gt;Sweeterie&lt;/span&gt;&lt;span class=&quot;user-symbol premium nolink&quot; data-quicktip-text=&quot;Core Member&quot; data-show-tooltip=&quot;1&quot; data-gruser-type=&quot;premium&quot;&gt;&lt;/span&gt;&lt;/span&gt;&lt;/i&gt;&lt;i&gt;&lt;br /&gt;&lt;b&gt;Types&lt;br /&gt;&lt;/b&gt;Chibi- 500 points/$5&lt;br /&gt;Fullbody- 700 points/$7&lt;br /&gt;Extra character= +300 po&lt;/i&gt;&lt;/q&gt;&lt;/span&gt;&lt;/a&gt;&lt;/span&gt;&lt;!-- ^TTT --&gt;&lt;!-- TTT$ --&gt;&lt;/span&gt;&lt;span class=&quot;shadow-holder&quot; data-embed-type=&quot;deviation&quot; data-embed-id=&quot;782925837&quot; data-embed-format=&quot;thumb&quot;&gt;&lt;span class=&quot;shadow mild&quot; &gt;&lt;a href=&quot;https://www.deviantart.com/sweeterie/journal/Commission-prices-Open-5-5-slots-782925837&quot; data-sigil=&quot;thumb&quot; class=&quot;thumb lit&quot; onmouseover=&quot;if (window.LitBox) LitBox.hover(this, true)&quot; onmouseout=&quot;if (window.LitBox) LitBox.out(this)&quot;&gt;&lt;i&gt;&lt;/i&gt;&lt;img class=&quot;lit journal&quot; src=&quot;https://st.deviantart.net/minish/gruzecontrol/icons/journal.gif?2&quot;&gt;&lt;span class=&quot;wrap&quot; style=&quot;width: 150px&quot;&gt;&lt;q&gt;
        &lt;strong&gt;Commission prices (Open 5/5 slots)&lt;/strong&gt;&lt;i&gt;I can take points and paypal!&amp;nbsp;&lt;br /&gt;What I can do&lt;br /&gt;Gore&lt;br /&gt;Mild NSFW&lt;br /&gt;Ponies&lt;br /&gt;Anthros&lt;br /&gt;Birds&lt;br /&gt;Monsters&amp;nbsp;&lt;br /&gt;Fill this form&amp;nbsp;&lt;br /&gt;Commission type:&lt;br /&gt;Character ref(s): Digital only&lt;br /&gt;Background: Transparent,simple,ect&lt;br /&gt;Extra:&lt;br /&gt;Payment type: Points or paypal&lt;br /&gt;&lt;b&gt;MSPaint Doodles&lt;br /&gt;&lt;img src=&quot;https://images-wixmp-ed30a86b8c4ca887773594c2.wixmp.com/intermediary/f/c5eb991d-3a89-4d05-99e5-55bfa922a02b/dcxhjgc-3b9c77cd-9791-4b87-988c-45c2715cbdb3.png/v1/fit/w_300,h_505,strp/nice_fluffy_cloud__c__by_sweeterie_dcxhjgc-300w.png&quot;class=&quot;gr-shrink thumb-in-thumb &quot;&gt;&lt;/b&gt;&lt;/i&gt;&lt;img src=&quot;https://images-wixmp-ed30a86b8c4ca887773594c2.wixmp.com/intermediary/f/c5eb991d-3a89-4d05-99e5-55bfa922a02b/dcwwnih-290724c0-4651-4e72-99a8-83ad09afd857.png/v1/fit/w_300,h_344,strp/welp_fuck_by_sweeterie_dcwwnih-300w.png&quot;class=&quot;gr-shrink thumb-in-thumb &quot;&gt;&lt;img src=&quot;https://images-wixmp-ed30a86b8c4ca887773594c2.wixmp.com/intermediary/f/c5eb991d-3a89-4d05-99e5-55bfa922a02b/dcwfiex-063bfdc0-f6d4-454a-9864-293bc65465c0.png/v1/fit/w_300,h_900,strp/mspaint_gummy_no_extra_by_sweeterie_dcwfiex-300w.png&quot;class=&quot;gr-shrink thumb-in-thumb &quot;&gt;&lt;img src=&quot;https://images-wixmp-ed30a86b8c4ca887773594c2.wixmp.com/intermediary/f/c5eb991d-3a89-4d05-99e5-55bfa922a02b/dcxebzo-c9c51e45-755f-467c-8217-b693cb13daee.png/v1/fit/w_300,h_500,q_70,strp/damn_knee_by_sweeterie_dcxebzo-300w.jpg&quot;class=&quot;gr-shrink thumb-in-thumb &quot;&gt;&lt;br /&gt;&lt;b&gt;Types&lt;/b&gt;&lt;br /&gt;Fullbody- 500 points/$5&lt;br /&gt;Headshot- 300 points/ $3&lt;br /&gt;&lt;i&gt;&lt;b&gt;Cell shaded&amp;nbsp;&lt;br /&gt;&lt;img src=&quot;https://images-wixmp-ed30a86b8c4ca887773594c2.wixmp.com/intermediary/f/c5eb991d-3a89-4d05-99e5-55bfa922a02b/dcuky0j-50f924de-28c0-4920-9639-b07d09b52cf8.png/v1/fit/w_300,h_900,strp/come_take_a_break__com__by_sweeterie_dcuky0j-300w.png&quot;class=&quot;gr-shrink thumb-in-thumb &quot;&gt;&lt;/b&gt;&lt;/i&gt;&lt;img src=&quot;https://images-wixmp-ed30a86b8c4ca887773594c2.wixmp.com/intermediary/f/c5eb991d-3a89-4d05-99e5-55bfa922a02b/dcst81k-8c5ac255-572d-4aa7-8e2e-ad838adacabd.png/v1/fit/w_300,h_800,strp/i_m_snapper_and_dapper__c__by_sweeterie_dcst81k-300w.png&quot;class=&quot;gr-shrink thumb-in-thumb &quot;&gt;&lt;img src=&quot;https://images-wixmp-ed30a86b8c4ca887773594c2.wixmp.com/intermediary/f/c5eb991d-3a89-4d05-99e5-55bfa922a02b/dcv1vih-a1caa40b-4fac-4f00-a7d8-ba08d97feece.png/v1/fit/w_300,h_900,strp/woof_woof_by_sweeterie_dcv1vih-300w.png&quot;class=&quot;gr-shrink thumb-in-thumb &quot;&gt;&lt;img src=&quot;https://images-wixmp-ed30a86b8c4ca887773594c2.wixmp.com/intermediary/f/c5eb991d-3a89-4d05-99e5-55bfa922a02b/dcsseqa-2bab480f-76a9-4b39-b0cb-e291d914ba01.png/v1/fit/w_300,h_900,strp/up_up_and_away_we_go__at__by_sweeterie_dcsseqa-300w.png&quot;class=&quot;gr-shrink thumb-in-thumb &quot;&gt;&lt;img src=&quot;https://images-wixmp-ed30a86b8c4ca887773594c2.wixmp.com/intermediary/f/c5eb991d-3a89-4d05-99e5-55bfa922a02b/dcxv5i2-9727da23-7c39-4214-adfb-a145535763b6.png/v1/fit/w_300,h_768,strp/does_it_look_like_i_give_a_crap_by_sweeterie_dcxv5i2-300w.png&quot;class=&quot;gr-shrink thumb-in-thumb &quot;&gt;&lt;br /&gt;&lt;b&gt;Types&amp;nbsp;&lt;br /&gt;&lt;/b&gt;Head shot- 300 points/$3&lt;br /&gt;Chibi- 500 points/$5&lt;br /&gt;Fullbody- 700 points/$7&lt;br /&gt;Extra character= +300 points/$3&lt;br /&gt;Complex background= 500 points/$5&lt;br /&gt;&lt;i&gt;Soft shaded&lt;br /&gt;&lt;img src=&quot;https://images-wixmp-ed30a86b8c4ca887773594c2.wixmp.com/intermediary/f/c5eb991d-3a89-4d05-99e5-55bfa922a02b/dcsva5p-1eece0f2-10c5-4ee0-9d21-2ad4216a3263.png/v1/fit/w_300,h_900,strp/i_can_fly_higher_if_i_try__2_2_contest_prize__by_sweeterie_dcsva5p-300w.png&quot;class=&quot;gr-shrink thumb-in-thumb &quot;&gt;&lt;img src=&quot;https://images-wixmp-ed30a86b8c4ca887773594c2.wixmp.com/intermediary/f/c5eb991d-3a89-4d05-99e5-55bfa922a02b/dcpg3bu-25a47235-d265-4064-a319-3286edd936a4.png/v1/fit/w_300,h_900,strp/relaxes_in_french___at__by_sweeterie_dcpg3bu-300w.png&quot;class=&quot;gr-shrink thumb-in-thumb &quot;&gt;Girls are capable of murder by &lt;span class=&quot;username-with-symbol&quot;&gt;&lt;span class=&quot;premium username&quot;&gt;Sweeterie&lt;/span&gt;&lt;span class=&quot;user-symbol premium nolink&quot; data-quicktip-text=&quot;Core Member&quot; data-show-tooltip=&quot;1&quot; data-gruser-type=&quot;premium&quot;&gt;&lt;/span&gt;&lt;/span&gt;&lt;/i&gt;&lt;i&gt;&lt;br /&gt;&lt;b&gt;Types&lt;br /&gt;&lt;/b&gt;Chibi- 500 points/$5&lt;br /&gt;Fullbody- 700 points/$7&lt;br /&gt;Extra character= +300 po&lt;/i&gt;&lt;/q&gt;&lt;/span&gt;&lt;/a&gt;&lt;/span&gt;&lt;!-- ^TTT --&gt;&lt;!-- TTT$ --&gt;&lt;/span&gt;&lt;span class=&quot;shadow-holder&quot; data-embed-type=&quot;deviation&quot; data-embed-id=&quot;782925837&quot; data-embed-format=&quot;thumb&quot;&gt;&lt;span class=&quot;shadow mild&quot; &gt;&lt;a href=&quot;https://www.deviantart.com/sweeterie/journal/Commission-prices-Open-5-5-slots-782925837&quot; data-sigil=&quot;thumb&quot; class=&quot;thumb lit&quot; onmouseover=&quot;if (window.LitBox) LitBox.hover(this, true)&quot; onmouseout=&quot;if (window.LitBox) LitBox.out(this)&quot;&gt;&lt;i&gt;&lt;/i&gt;&lt;img class=&quot;lit journal&quot; src=&quot;https://st.deviantart.net/minish/gruzecontrol/icons/journal.gif?2&quot;&gt;&lt;span class=&quot;wrap&quot; style=&quot;width: 150px&quot;&gt;&lt;q&gt;
        &lt;strong&gt;Commission prices (Open 5/5 slots)&lt;/strong&gt;&lt;i&gt;I can take points and paypal!&amp;nbsp;&lt;br /&gt;What I can do&lt;br /&gt;Gore&lt;br /&gt;Mild NSFW&lt;br /&gt;Ponies&lt;br /&gt;Anthros&lt;br /&gt;Birds&lt;br /&gt;Monsters&amp;nbsp;&lt;br /&gt;Fill this form&amp;nbsp;&lt;br /&gt;Commission type:&lt;br /&gt;Character ref(s): Digital only&lt;br /&gt;Background: Transparent,simple,ect&lt;br /&gt;Extra:&lt;br /&gt;Payment type: Points or paypal&lt;br /&gt;&lt;b&gt;MSPaint Doodles&lt;br /&gt;&lt;img src=&quot;https://images-wixmp-ed30a86b8c4ca887773594c2.wixmp.com/intermediary/f/c5eb991d-3a89-4d05-99e5-55bfa922a02b/dcxhjgc-3b9c77cd-9791-4b87-988c-45c2715cbdb3.png/v1/fit/w_300,h_505,strp/nice_fluffy_cloud__c__by_sweeterie_dcxhjgc-300w.png&quot;class=&quot;gr-shrink thumb-in-thumb &quot;&gt;&lt;/b&gt;&lt;/i&gt;&lt;img src=&quot;https://images-wixmp-ed30a86b8c4ca887773594c2.wixmp.com/intermediary/f/c5eb991d-3a89-4d05-99e5-55bfa922a02b/dcwwnih-290724c0-4651-4e72-99a8-83ad09afd857.png/v1/fit/w_300,h_344,strp/welp_fuck_by_sweeterie_dcwwnih-300w.png&quot;class=&quot;gr-shrink thumb-in-thumb &quot;&gt;&lt;img src=&quot;https://images-wixmp-ed30a86b8c4ca887773594c2.wixmp.com/intermediary/f/c5eb991d-3a89-4d05-99e5-55bfa922a02b/dcwfiex-063bfdc0-f6d4-454a-9864-293bc65465c0.png/v1/fit/w_300,h_900,strp/mspaint_gummy_no_extra_by_sweeterie_dcwfiex-300w.png&quot;class=&quot;gr-shrink thumb-in-thumb &quot;&gt;&lt;img src=&quot;https://images-wixmp-ed30a86b8c4ca887773594c2.wixmp.com/intermediary/f/c5eb991d-3a89-4d05-99e5-55bfa922a02b/dcxebzo-c9c51e45-755f-467c-8217-b693cb13daee.png/v1/fit/w_300,h_500,q_70,strp/damn_knee_by_sweeterie_dcxebzo-300w.jpg&quot;class=&quot;gr-shrink thumb-in-thumb &quot;&gt;&lt;br /&gt;&lt;b&gt;Types&lt;/b&gt;&lt;br /&gt;Fullbody- 500 points/$5&lt;br /&gt;Headshot- 300 points/ $3&lt;br /&gt;&lt;i&gt;&lt;b&gt;Cell shaded&amp;nbsp;&lt;br /&gt;&lt;img src=&quot;https://images-wixmp-ed30a86b8c4ca887773594c2.wixmp.com/intermediary/f/c5eb991d-3a89-4d05-99e5-55bfa922a02b/dcuky0j-50f924de-28c0-4920-9639-b07d09b52cf8.png/v1/fit/w_300,h_900,strp/come_take_a_break__com__by_sweeterie_dcuky0j-300w.png&quot;class=&quot;gr-shrink thumb-in-thumb &quot;&gt;&lt;/b&gt;&lt;/i&gt;&lt;img src=&quot;https://images-wixmp-ed30a86b8c4ca887773594c2.wixmp.com/intermediary/f/c5eb991d-3a89-4d05-99e5-55bfa922a02b/dcst81k-8c5ac255-572d-4aa7-8e2e-ad838adacabd.png/v1/fit/w_300,h_800,strp/i_m_snapper_and_dapper__c__by_sweeterie_dcst81k-300w.png&quot;class=&quot;gr-shrink thumb-in-thumb &quot;&gt;&lt;img src=&quot;https://images-wixmp-ed30a86b8c4ca887773594c2.wixmp.com/intermediary/f/c5eb991d-3a89-4d05-99e5-55bfa922a02b/dcv1vih-a1caa40b-4fac-4f00-a7d8-ba08d97feece.png/v1/fit/w_300,h_900,strp/woof_woof_by_sweeterie_dcv1vih-300w.png&quot;class=&quot;gr-shrink thumb-in-thumb &quot;&gt;&lt;img src=&quot;https://images-wixmp-ed30a86b8c4ca887773594c2.wixmp.com/intermediary/f/c5eb991d-3a89-4d05-99e5-55bfa922a02b/dcsseqa-2bab480f-76a9-4b39-b0cb-e291d914ba01.png/v1/fit/w_300,h_900,strp/up_up_and_away_we_go__at__by_sweeterie_dcsseqa-300w.png&quot;class=&quot;gr-shrink thumb-in-thumb &quot;&gt;&lt;img src=&quot;https://images-wixmp-ed30a86b8c4ca887773594c2.wixmp.com/intermediary/f/c5eb991d-3a89-4d05-99e5-55bfa922a02b/dcxv5i2-9727da23-7c39-4214-adfb-a145535763b6.png/v1/fit/w_300,h_768,strp/does_it_look_like_i_give_a_crap_by_sweeterie_dcxv5i2-300w.png&quot;class=&quot;gr-shrink thumb-in-thumb &quot;&gt;&lt;br /&gt;&lt;b&gt;Types&amp;nbsp;&lt;br /&gt;&lt;/b&gt;Head shot- 300 points/$3&lt;br /&gt;Chibi- 500 points/$5&lt;br /&gt;Fullbody- 700 points/$7&lt;br /&gt;Extra character= +300 points/$3&lt;br /&gt;Complex background= 500 points/$5&lt;br /&gt;&lt;i&gt;Soft shaded&lt;br /&gt;&lt;img src=&quot;https://images-wixmp-ed30a86b8c4ca887773594c2.wixmp.com/intermediary/f/c5eb991d-3a89-4d05-99e5-55bfa922a02b/dcsva5p-1eece0f2-10c5-4ee0-9d21-2ad4216a3263.png/v1/fit/w_300,h_900,strp/i_can_fly_higher_if_i_try__2_2_contest_prize__by_sweeterie_dcsva5p-300w.png&quot;class=&quot;gr-shrink thumb-in-thumb &quot;&gt;&lt;img src=&quot;https://images-wixmp-ed30a86b8c4ca887773594c2.wixmp.com/intermediary/f/c5eb991d-3a89-4d05-99e5-55bfa922a02b/dcpg3bu-25a47235-d265-4064-a319-3286edd936a4.png/v1/fit/w_300,h_900,strp/relaxes_in_french___at__by_sweeterie_dcpg3bu-300w.png&quot;class=&quot;gr-shrink thumb-in-thumb &quot;&gt;Girls are capable of murder by &lt;span class=&quot;username-with-symbol&quot;&gt;&lt;span class=&quot;premium username&quot;&gt;Sweeterie&lt;/span&gt;&lt;span class=&quot;user-symbol premium nolink&quot; data-quicktip-text=&quot;Core Member&quot; data-show-tooltip=&quot;1&quot; data-gruser-type=&quot;premium&quot;&gt;&lt;/span&gt;&lt;/span&gt;&lt;/i&gt;&lt;i&gt;&lt;br /&gt;&lt;b&gt;Types&lt;br /&gt;&lt;/b&gt;Chibi- 500 points/$5&lt;br /&gt;Fullbody- 700 points/$7&lt;br /&gt;Extra character= +300 po&lt;/i&gt;&lt;/q&gt;&lt;/span&gt;&lt;/a&gt;&lt;/span&gt;&lt;!-- ^TTT --&gt;&lt;!-- TTT$ --&gt;&lt;/span&gt;&lt;span class=&quot;shadow-holder&quot; data-embed-type=&quot;deviation&quot; data-embed-id=&quot;782925837&quot; data-embed-format=&quot;thumb&quot;&gt;&lt;span class=&quot;shadow mild&quot; &gt;&lt;a href=&quot;https://www.deviantart.com/sweeterie/journal/Commission-prices-Open-5-5-slots-782925837&quot; data-sigil=&quot;thumb&quot; class=&quot;thumb lit&quot; onmouseover=&quot;if (window.LitBox) LitBox.hover(this, true)&quot; onmouseout=&quot;if (window.LitBox) LitBox.out(this)&quot;&gt;&lt;i&gt;&lt;/i&gt;&lt;img class=&quot;lit journal&quot; src=&quot;https://st.deviantart.net/minish/gruzecontrol/icons/journal.gif?2&quot;&gt;&lt;span class=&quot;wrap&quot; style=&quot;width: 150px&quot;&gt;&lt;q&gt;
        &lt;strong&gt;Commission prices (Open 5/5 slots)&lt;/strong&gt;&lt;i&gt;I can take points and paypal!&amp;nbsp;&lt;br /&gt;What I can do&lt;br /&gt;Gore&lt;br /&gt;Mild NSFW&lt;br /&gt;Ponies&lt;br /&gt;Anthros&lt;br /&gt;Birds&lt;br /&gt;Monsters&amp;nbsp;&lt;br /&gt;Fill this form&amp;nbsp;&lt;br /&gt;Commission type:&lt;br /&gt;Character ref(s): Digital only&lt;br /&gt;Background: Transparent,simple,ect&lt;br /&gt;Extra:&lt;br /&gt;Payment type: Points or paypal&lt;br /&gt;&lt;b&gt;MSPaint Doodles&lt;br /&gt;&lt;img src=&quot;https://images-wixmp-ed30a86b8c4ca887773594c2.wixmp.com/intermediary/f/c5eb991d-3a89-4d05-99e5-55bfa922a02b/dcxhjgc-3b9c77cd-9791-4b87-988c-45c2715cbdb3.png/v1/fit/w_300,h_505,strp/nice_fluffy_cloud__c__by_sweeterie_dcxhjgc-300w.png&quot;class=&quot;gr-shrink thumb-in-thumb &quot;&gt;&lt;/b&gt;&lt;/i&gt;&lt;img src=&quot;https://images-wixmp-ed30a86b8c4ca887773594c2.wixmp.com/intermediary/f/c5eb991d-3a89-4d05-99e5-55bfa922a02b/dcwwnih-290724c0-4651-4e72-99a8-83ad09afd857.png/v1/fit/w_300,h_344,strp/welp_fuck_by_sweeterie_dcwwnih-300w.png&quot;class=&quot;gr-shrink thumb-in-thumb &quot;&gt;&lt;img src=&quot;https://images-wixmp-ed30a86b8c4ca887773594c2.wixmp.com/intermediary/f/c5eb991d-3a89-4d05-99e5-55bfa922a02b/dcwfiex-063bfdc0-f6d4-454a-9864-293bc65465c0.png/v1/fit/w_300,h_900,strp/mspaint_gummy_no_extra_by_sweeterie_dcwfiex-300w.png&quot;class=&quot;gr-shrink thumb-in-thumb &quot;&gt;&lt;img src=&quot;https://images-wixmp-ed30a86b8c4ca887773594c2.wixmp.com/intermediary/f/c5eb991d-3a89-4d05-99e5-55bfa922a02b/dcxebzo-c9c51e45-755f-467c-8217-b693cb13daee.png/v1/fit/w_300,h_500,q_70,strp/damn_knee_by_sweeterie_dcxebzo-300w.jpg&quot;class=&quot;gr-shrink thumb-in-thumb &quot;&gt;&lt;br /&gt;&lt;b&gt;Types&lt;/b&gt;&lt;br /&gt;Fullbody- 500 points/$5&lt;br /&gt;Headshot- 300 points/ $3&lt;br /&gt;&lt;i&gt;&lt;b&gt;Cell shaded&amp;nbsp;&lt;br /&gt;&lt;img src=&quot;https://images-wixmp-ed30a86b8c4ca887773594c2.wixmp.com/intermediary/f/c5eb991d-3a89-4d05-99e5-55bfa922a02b/dcuky0j-50f924de-28c0-4920-9639-b07d09b52cf8.png/v1/fit/w_300,h_900,strp/come_take_a_break__com__by_sweeterie_dcuky0j-300w.png&quot;class=&quot;gr-shrink thumb-in-thumb &quot;&gt;&lt;/b&gt;&lt;/i&gt;&lt;img src=&quot;https://images-wixmp-ed30a86b8c4ca887773594c2.wixmp.com/intermediary/f/c5eb991d-3a89-4d05-99e5-55bfa922a02b/dcst81k-8c5ac255-572d-4aa7-8e2e-ad838adacabd.png/v1/fit/w_300,h_800,strp/i_m_snapper_and_dapper__c__by_sweeterie_dcst81k-300w.png&quot;class=&quot;gr-shrink thumb-in-thumb &quot;&gt;&lt;img src=&quot;https://images-wixmp-ed30a86b8c4ca887773594c2.wixmp.com/intermediary/f/c5eb991d-3a89-4d05-99e5-55bfa922a02b/dcv1vih-a1caa40b-4fac-4f00-a7d8-ba08d97feece.png/v1/fit/w_300,h_900,strp/woof_woof_by_sweeterie_dcv1vih-300w.png&quot;class=&quot;gr-shrink thumb-in-thumb &quot;&gt;&lt;img src=&quot;https://images-wixmp-ed30a86b8c4ca887773594c2.wixmp.com/intermediary/f/c5eb991d-3a89-4d05-99e5-55bfa922a02b/dcsseqa-2bab480f-76a9-4b39-b0cb-e291d914ba01.png/v1/fit/w_300,h_900,strp/up_up_and_away_we_go__at__by_sweeterie_dcsseqa-300w.png&quot;class=&quot;gr-shrink thumb-in-thumb &quot;&gt;&lt;img src=&quot;https://images-wixmp-ed30a86b8c4ca887773594c2.wixmp.com/intermediary/f/c5eb991d-3a89-4d05-99e5-55bfa922a02b/dcxv5i2-9727da23-7c39-4214-adfb-a145535763b6.png/v1/fit/w_300,h_768,strp/does_it_look_like_i_give_a_crap_by_sweeterie_dcxv5i2-300w.png&quot;class=&quot;gr-shrink thumb-in-thumb &quot;&gt;&lt;br /&gt;&lt;b&gt;Types&amp;nbsp;&lt;br /&gt;&lt;/b&gt;Head shot- 300 points/$3&lt;br /&gt;Chibi- 500 points/$5&lt;br /&gt;Fullbody- 700 points/$7&lt;br /&gt;Extra character= +300 points/$3&lt;br /&gt;Complex background= 500 points/$5&lt;br /&gt;&lt;i&gt;Soft shaded&lt;br /&gt;&lt;img src=&quot;https://images-wixmp-ed30a86b8c4ca887773594c2.wixmp.com/intermediary/f/c5eb991d-3a89-4d05-99e5-55bfa922a02b/dcsva5p-1eece0f2-10c5-4ee0-9d21-2ad4216a3263.png/v1/fit/w_300,h_900,strp/i_can_fly_higher_if_i_try__2_2_contest_prize__by_sweeterie_dcsva5p-300w.png&quot;class=&quot;gr-shrink thumb-in-thumb &quot;&gt;&lt;img src=&quot;https://images-wixmp-ed30a86b8c4ca887773594c2.wixmp.com/intermediary/f/c5eb991d-3a89-4d05-99e5-55bfa922a02b/dcpg3bu-25a47235-d265-4064-a319-3286edd936a4.png/v1/fit/w_300,h_900,strp/relaxes_in_french___at__by_sweeterie_dcpg3bu-300w.png&quot;class=&quot;gr-shrink thumb-in-thumb &quot;&gt;Girls are capable of murder by &lt;span class=&quot;username-with-symbol&quot;&gt;&lt;span class=&quot;premium username&quot;&gt;Sweeterie&lt;/span&gt;&lt;span class=&quot;user-symbol premium nolink&quot; data-quicktip-text=&quot;Core Member&quot; data-show-tooltip=&quot;1&quot; data-gruser-type=&quot;premium&quot;&gt;&lt;/span&gt;&lt;/span&gt;&lt;/i&gt;&lt;i&gt;&lt;br /&gt;&lt;b&gt;Types&lt;br /&gt;&lt;/b&gt;Chibi- 500 points/$5&lt;br /&gt;Fullbody- 700 points/$7&lt;br /&gt;Extra character= +300 po&lt;/i&gt;&lt;/q&gt;&lt;/span&gt;&lt;/a&gt;&lt;/span&gt;&lt;!-- ^TTT --&gt;&lt;!-- TTT$ --&gt;&lt;/span&gt;&lt;span class=&quot;shadow-holder&quot; data-embed-type=&quot;deviation&quot; data-embed-id=&quot;782925837&quot; data-embed-format=&quot;thumb&quot;&gt;&lt;span class=&quot;shadow mild&quot; &gt;&lt;a href=&quot;https://www.deviantart.com/sweeterie/journal/Commission-prices-Open-5-5-slots-782925837&quot; data-sigil=&quot;thumb&quot; class=&quot;thumb lit&quot; onmouseover=&quot;if (window.LitBox) LitBox.hover(this, true)&quot; onmouseout=&quot;if (window.LitBox) LitBox.out(this)&quot;&gt;&lt;i&gt;&lt;/i&gt;&lt;img class=&quot;lit journal&quot; src=&quot;https://st.deviantart.net/minish/gruzecontrol/icons/journal.gif?2&quot;&gt;&lt;span class=&quot;wrap&quot; style=&quot;width: 150px&quot;&gt;&lt;q&gt;
        &lt;strong&gt;Commission prices (Open 5/5 slots)&lt;/strong&gt;&lt;i&gt;I can take points and paypal!&amp;nbsp;&lt;br /&gt;What I can do&lt;br /&gt;Gore&lt;br /&gt;Mild NSFW&lt;br /&gt;Ponies&lt;br /&gt;Anthros&lt;br /&gt;Birds&lt;br /&gt;Monsters&amp;nbsp;&lt;br /&gt;Fill this form&amp;nbsp;&lt;br /&gt;Commission type:&lt;br /&gt;Character ref(s): Digital only&lt;br /&gt;Background: Transparent,simple,ect&lt;br /&gt;Extra:&lt;br /&gt;Payment type: Points or paypal&lt;br /&gt;&lt;b&gt;MSPaint Doodles&lt;br /&gt;&lt;img src=&quot;https://images-wixmp-ed30a86b8c4ca887773594c2.wixmp.com/intermediary/f/c5eb991d-3a89-4d05-99e5-55bfa922a02b/dcxhjgc-3b9c77cd-9791-4b87-988c-45c2715cbdb3.png/v1/fit/w_300,h_505,strp/nice_fluffy_cloud__c__by_sweeterie_dcxhjgc-300w.png&quot;class=&quot;gr-shrink thumb-in-thumb &quot;&gt;&lt;/b&gt;&lt;/i&gt;&lt;img src=&quot;https://images-wixmp-ed30a86b8c4ca887773594c2.wixmp.com/intermediary/f/c5eb991d-3a89-4d05-99e5-55bfa922a02b/dcwwnih-290724c0-4651-4e72-99a8-83ad09afd857.png/v1/fit/w_300,h_344,strp/welp_fuck_by_sweeterie_dcwwnih-300w.png&quot;class=&quot;gr-shrink thumb-in-thumb &quot;&gt;&lt;img src=&quot;https://images-wixmp-ed30a86b8c4ca887773594c2.wixmp.com/intermediary/f/c5eb991d-3a89-4d05-99e5-55bfa922a02b/dcwfiex-063bfdc0-f6d4-454a-9864-293bc65465c0.png/v1/fit/w_300,h_900,strp/mspaint_gummy_no_extra_by_sweeterie_dcwfiex-300w.png&quot;class=&quot;gr-shrink thumb-in-thumb &quot;&gt;&lt;img src=&quot;https://images-wixmp-ed30a86b8c4ca887773594c2.wixmp.com/intermediary/f/c5eb991d-3a89-4d05-99e5-55bfa922a02b/dcxebzo-c9c51e45-755f-467c-8217-b693cb13daee.png/v1/fit/w_300,h_500,q_70,strp/damn_knee_by_sweeterie_dcxebzo-300w.jpg&quot;class=&quot;gr-shrink thumb-in-thumb &quot;&gt;&lt;br /&gt;&lt;b&gt;Types&lt;/b&gt;&lt;br /&gt;Fullbody- 500 points/$5&lt;br /&gt;Headshot- 300 points/ $3&lt;br /&gt;&lt;i&gt;&lt;b&gt;Cell shaded&amp;nbsp;&lt;br /&gt;&lt;img src=&quot;https://images-wixmp-ed30a86b8c4ca887773594c2.wixmp.com/intermediary/f/c5eb991d-3a89-4d05-99e5-55bfa922a02b/dcuky0j-50f924de-28c0-4920-9639-b07d09b52cf8.png/v1/fit/w_300,h_900,strp/come_take_a_break__com__by_sweeterie_dcuky0j-300w.png&quot;class=&quot;gr-shrink thumb-in-thumb &quot;&gt;&lt;/b&gt;&lt;/i&gt;&lt;img src=&quot;https://images-wixmp-ed30a86b8c4ca887773594c2.wixmp.com/intermediary/f/c5eb991d-3a89-4d05-99e5-55bfa922a02b/dcst81k-8c5ac255-572d-4aa7-8e2e-ad838adacabd.png/v1/fit/w_300,h_800,strp/i_m_snapper_and_dapper__c__by_sweeterie_dcst81k-300w.png&quot;class=&quot;gr-shrink thumb-in-thumb &quot;&gt;&lt;img src=&quot;https://images-wixmp-ed30a86b8c4ca887773594c2.wixmp.com/intermediary/f/c5eb991d-3a89-4d05-99e5-55bfa922a02b/dcv1vih-a1caa40b-4fac-4f00-a7d8-ba08d97feece.png/v1/fit/w_300,h_900,strp/woof_woof_by_sweeterie_dcv1vih-300w.png&quot;class=&quot;gr-shrink thumb-in-thumb &quot;&gt;&lt;img src=&quot;https://images-wixmp-ed30a86b8c4ca887773594c2.wixmp.com/intermediary/f/c5eb991d-3a89-4d05-99e5-55bfa922a02b/dcsseqa-2bab480f-76a9-4b39-b0cb-e291d914ba01.png/v1/fit/w_300,h_900,strp/up_up_and_away_we_go__at__by_sweeterie_dcsseqa-300w.png&quot;class=&quot;gr-shrink thumb-in-thumb &quot;&gt;&lt;img src=&quot;https://images-wixmp-ed30a86b8c4ca887773594c2.wixmp.com/intermediary/f/c5eb991d-3a89-4d05-99e5-55bfa922a02b/dcxv5i2-9727da23-7c39-4214-adfb-a145535763b6.png/v1/fit/w_300,h_768,strp/does_it_look_like_i_give_a_crap_by_sweeterie_dcxv5i2-300w.png&quot;class=&quot;gr-shrink thumb-in-thumb &quot;&gt;&lt;br /&gt;&lt;b&gt;Types&amp;nbsp;&lt;br /&gt;&lt;/b&gt;Head shot- 300 points/$3&lt;br /&gt;Chibi- 500 points/$5&lt;br /&gt;Fullbody- 700 points/$7&lt;br /&gt;Extra character= +300 points/$3&lt;br /&gt;Complex background= 500 points/$5&lt;br /&gt;&lt;i&gt;Soft shaded&lt;br /&gt;&lt;img src=&quot;https://images-wixmp-ed30a86b8c4ca887773594c2.wixmp.com/intermediary/f/c5eb991d-3a89-4d05-99e5-55bfa922a02b/dcsva5p-1eece0f2-10c5-4ee0-9d21-2ad4216a3263.png/v1/fit/w_300,h_900,strp/i_can_fly_higher_if_i_try__2_2_contest_prize__by_sweeterie_dcsva5p-300w.png&quot;class=&quot;gr-shrink thumb-in-thumb &quot;&gt;&lt;img src=&quot;https://images-wixmp-ed30a86b8c4ca887773594c2.wixmp.com/intermediary/f/c5eb991d-3a89-4d05-99e5-55bfa922a02b/dcpg3bu-25a47235-d265-4064-a319-3286edd936a4.png/v1/fit/w_300,h_900,strp/relaxes_in_french___at__by_sweeterie_dcpg3bu-300w.png&quot;class=&quot;gr-shrink thumb-in-thumb &quot;&gt;Girls are capable of murder by &lt;span class=&quot;username-with-symbol&quot;&gt;&lt;span class=&quot;premium username&quot;&gt;Sweeterie&lt;/span&gt;&lt;span class=&quot;user-symbol premium nolink&quot; data-quicktip-text=&quot;Core Member&quot; data-show-tooltip=&quot;1&quot; data-gruser-type=&quot;premium&quot;&gt;&lt;/span&gt;&lt;/span&gt;&lt;/i&gt;&lt;i&gt;&lt;br /&gt;&lt;b&gt;Types&lt;br /&gt;&lt;/b&gt;Chibi- 500 points/$5&lt;br /&gt;Fullbody- 700 points/$7&lt;br /&gt;Extra character= +300 po&lt;/i&gt;&lt;/q&gt;&lt;/span&gt;&lt;/a&gt;&lt;/span&gt;&lt;!-- ^TTT --&gt;&lt;!-- TTT$ --&gt;&lt;/span&gt;&lt;br /&gt;&lt;div&gt;&lt;img src=&quot;https://t00.deviantart.net/8JE2-TmAxrtdi_fRU4lrbYy5xrQ=/300x200/filters:fixed_height(100,100):origin()/pre00/024f/th/pre/f/2019/027/f/8/commissions_open_by_sweeterie-dcy7rl5.png&quot; alt=&quot;thumbnail&quot; /&gt;&lt;/div&gt;</description>            </item>
            </channel>
</rss>