<?xml version="1.0" encoding="utf-8"?>
<rss version="2.0" xmlns:media="http://search.yahoo.com/mrss/" xmlns:atom="http://www.w3.org/2005/Atom" xmlns:creativeCommons="http://backend.userland.com/creativeCommonsRssModule">
    <channel>
        <title>DeviantArt: Newest Tag:ragecomic</title>
        <link>https://www.deviantart.com/newest/?q=tag%3Aragecomic</link>
        <description>DeviantArt RSS for Newest Tag:ragecomic</description>
        <language>en-us</language>
        <copyright>Copyright 2019, DeviantArt.com</copyright>
        <pubDate>Wed, 30 Jan 2019 15:28:33 PST</pubDate>

        <generator>DeviantArt.com</generator>
        <docs>http://blogs.law.harvard.edu/tech/rss</docs>
        <atom:icon>https://st.deviantart.net/minish/touch-icons/android-192.png</atom:icon>
        <atom:link type="application/rss+xml" rel="self" href="https://backend.deviantart.com/rss.xml?type=deviation&amp;q=tag%3Aragecomic&amp;order=5" />
        <atom:link rel="next" href="https://backend.deviantart.com/rss.xml?type=deviation&amp;q=tag%3Aragecomic&amp;order=5&amp;offset=60" />
                    <item>
                <title>Something about MLP</title>
                <link>https://shadowbonnie5.deviantart.com/art/Something-about-MLP-781169110</link>
                <guid isPermaLink="true">https://shadowbonnie5.deviantart.com/art/Something-about-MLP-781169110</guid>
                <pubDate>Mon, 14 Jan 2019 16:18:57 PST</pubDate>
                        <media:title type="plain">Something about MLP</media:title>
        <media:keywords></media:keywords>
                        <media:rating>nonadult</media:rating>
                <media:category label="Other">cartoons/digital/comics/other</media:category>
        <media:credit role="author" scheme="urn:ebu">Shadowbonnie5</media:credit>
        <media:credit role="author" scheme="urn:ebu">https://a.deviantart.net/avatars/s/h/shadowbonnie5.jpg?3</media:credit>
        <media:copyright url="https://shadowbonnie5.deviantart.com">Copyright 2019 Shadowbonnie5</media:copyright>            <media:description type="html">Fluttershy is my favorite</media:description>            <media:thumbnail url="https://t00.deviantart.net/N3sJx6LIoC7LNqYDH8mZChiglF0=/fit-in/150x150/filters:no_upscale():origin()/pre00/2d0a/th/pre/f/2019/014/3/1/mlpisbestshow_by_shadowbonnie5-dcx35xy.png" height="111" width="150"/>            <media:thumbnail url="https://t00.deviantart.net/Vkronvs2YJElWlECmob0Gb_UF-U=/fit-in/300x900/filters:no_upscale():origin()/pre00/2d0a/th/pre/f/2019/014/3/1/mlpisbestshow_by_shadowbonnie5-dcx35xy.png" height="222" width="300"/>            <media:thumbnail url="https://t00.deviantart.net/eie8leyjHiC-7lOw29D-mxOhT-o=/300x200/filters:fixed_height(100,100):origin()/pre00/2d0a/th/pre/f/2019/014/3/1/mlpisbestshow_by_shadowbonnie5-dcx35xy.png" height="200" width="271"/>            <media:content url="https://orig00.deviantart.net/c851/f/2019/014/3/1/mlpisbestshow_by_shadowbonnie5-dcx35xy.png" height="481" width="651" medium="image"/>            
            <description>Fluttershy is my favorite&lt;br /&gt;&lt;div&gt;&lt;img src=&quot;https://t00.deviantart.net/eie8leyjHiC-7lOw29D-mxOhT-o=/300x200/filters:fixed_height(100,100):origin()/pre00/2d0a/th/pre/f/2019/014/3/1/mlpisbestshow_by_shadowbonnie5-dcx35xy.png&quot; alt=&quot;thumbnail&quot; /&gt;&lt;/div&gt;</description>            </item>
                    <item>
                <title>RageCards</title>
                <link>https://minos28.deviantart.com/art/RageCards-780543355</link>
                <guid isPermaLink="true">https://minos28.deviantart.com/art/RageCards-780543355</guid>
                <pubDate>Thu, 10 Jan 2019 08:35:45 PST</pubDate>
                        <media:title type="plain">RageCards</media:title>
        <media:keywords></media:keywords>
                        <media:rating>nonadult</media:rating>
                <media:category label="Other">fanart/digital/drawings/other</media:category>
        <media:credit role="author" scheme="urn:ebu">Minos28</media:credit>
        <media:credit role="author" scheme="urn:ebu">https://a.deviantart.net/avatars/m/i/minos28.png?2</media:credit>
        <media:copyright url="https://minos28.deviantart.com">Copyright 2019 Minos28</media:copyright>            <media:description type="html">&lt;h2&gt;Rage Cards - Classic memes on playing cards!&lt;/h2&gt;</media:description>            <media:thumbnail url="https://t00.deviantart.net/ySiITDxIZoLhGuhQwK27Fte3AVY=/fit-in/150x150/filters:no_upscale():origin()/pre00/e6aa/th/pre/i/2019/010/6/3/ragecards_by_minos28-dcwpr3v.jpg" height="98" width="150"/>            <media:thumbnail url="https://t00.deviantart.net/ja4RNHJofdAq0hOHdBuGI8piOKk=/fit-in/300x900/filters:no_upscale():origin()/pre00/e6aa/th/pre/i/2019/010/6/3/ragecards_by_minos28-dcwpr3v.jpg" height="196" width="300"/>            <media:thumbnail url="https://t00.deviantart.net/YltyHQ2Rn3kovqomIxTyA4kAZxM=/300x200/filters:fixed_height(100,100):origin()/pre00/e6aa/th/pre/i/2019/010/6/3/ragecards_by_minos28-dcwpr3v.jpg" height="196" width="300"/>            <media:content url="https://pre00.deviantart.net/e6aa/th/pre/i/2019/010/6/3/ragecards_by_minos28-dcwpr3v.jpg" height="722" width="1106" medium="image"/>            
            <description>&lt;h2&gt;Rage Cards - Classic memes on playing cards!&lt;/h2&gt;&lt;br /&gt;&lt;div&gt;&lt;img src=&quot;https://t00.deviantart.net/YltyHQ2Rn3kovqomIxTyA4kAZxM=/300x200/filters:fixed_height(100,100):origin()/pre00/e6aa/th/pre/i/2019/010/6/3/ragecards_by_minos28-dcwpr3v.jpg&quot; alt=&quot;thumbnail&quot; /&gt;&lt;/div&gt;</description>            </item>
                    <item>
                <title>Surf The Internet Is Now Illegal?</title>
                <link>https://audiomachineforlife.deviantart.com/art/Surf-The-Internet-Is-Now-Illegal-779982192</link>
                <guid isPermaLink="true">https://audiomachineforlife.deviantart.com/art/Surf-The-Internet-Is-Now-Illegal-779982192</guid>
                <pubDate>Sun, 06 Jan 2019 07:46:00 PST</pubDate>
                        <media:title type="plain">Surf The Internet Is Now Illegal?</media:title>
        <media:keywords></media:keywords>
                        <media:rating>nonadult</media:rating>
                <media:category label="Other">cartoons/digital/comics/other</media:category>
        <media:credit role="author" scheme="urn:ebu">AudiomachineForLife</media:credit>
        <media:credit role="author" scheme="urn:ebu">https://a.deviantart.net/avatars/a/u/audiomachineforlife.jpg?2</media:credit>
        <media:copyright url="https://audiomachineforlife.deviantart.com">Copyright 2019 AudiomachineForLife</media:copyright>            <media:description type="html">We all know this will happen is Article 13 being passed.&lt;br /&gt;Music used:&lt;br /&gt;Linkin Park - Numb&lt;br /&gt;Audiomachine - Mind War&lt;br /&gt;Audiomachine - Objects In Motion</media:description>            <media:thumbnail url="https://t00.deviantart.net/bFNC-3LXPrMLigYtLM13mSobv5k=/fit-in/150x150/filters:no_upscale():origin()/pre00/7d67/th/pre/i/2019/006/b/4/surf_the_internet_is_now_illegal__by_audiomachineforlife-dcwdq40.jpg" height="150" width="111"/>            <media:thumbnail url="https://t00.deviantart.net/9K1zEDSWJeMFSthvXAGic0sKQK8=/fit-in/300x900/filters:no_upscale():origin()/pre00/7d67/th/pre/i/2019/006/b/4/surf_the_internet_is_now_illegal__by_audiomachineforlife-dcwdq40.jpg" height="406" width="300"/>            <media:thumbnail url="https://t00.deviantart.net/9JJNdWUEJ8JrK3eMtDWzoY7j4CU=/300x200/filters:fixed_height(100,100):origin()/pre00/7d67/th/pre/i/2019/006/b/4/surf_the_internet_is_now_illegal__by_audiomachineforlife-dcwdq40.jpg" height="200" width="148"/>            <media:content url="https://img00.deviantart.net/25bd/i/2019/006/b/4/surf_the_internet_is_now_illegal__by_audiomachineforlife-dcwdq40.jpg" height="541" width="400" medium="image"/>            
            <description>We all know this will happen is Article 13 being passed.&lt;br /&gt;Music used:&lt;br /&gt;Linkin Park - Numb&lt;br /&gt;Audiomachine - Mind War&lt;br /&gt;Audiomachine - Objects In Motion&lt;br /&gt;&lt;div&gt;&lt;img src=&quot;https://t00.deviantart.net/9JJNdWUEJ8JrK3eMtDWzoY7j4CU=/300x200/filters:fixed_height(100,100):origin()/pre00/7d67/th/pre/i/2019/006/b/4/surf_the_internet_is_now_illegal__by_audiomachineforlife-dcwdq40.jpg&quot; alt=&quot;thumbnail&quot; /&gt;&lt;/div&gt;</description>            </item>
                    <item>
                <title>2018 wasn&#039;t THAT bad...</title>
                <link>https://shadowbonnie5.deviantart.com/art/2018-wasn-t-THAT-bad-777942515</link>
                <guid isPermaLink="true">https://shadowbonnie5.deviantart.com/art/2018-wasn-t-THAT-bad-777942515</guid>
                <pubDate>Sun, 23 Dec 2018 14:36:08 PST</pubDate>
                        <media:title type="plain">2018 wasn&#039;t THAT bad...</media:title>
        <media:keywords></media:keywords>
                        <media:rating>nonadult</media:rating>
                <media:category label="Other">cartoons/digital/comics/other</media:category>
        <media:credit role="author" scheme="urn:ebu">Shadowbonnie5</media:credit>
        <media:credit role="author" scheme="urn:ebu">https://a.deviantart.net/avatars/s/h/shadowbonnie5.jpg?3</media:credit>
        <media:copyright url="https://shadowbonnie5.deviantart.com">Copyright 2018-2019 Shadowbonnie5</media:copyright>            <media:description type="html">Just think of the good things.&amp;nbsp;</media:description>            <media:thumbnail url="https://t00.deviantart.net/msxopUvGmJvnF2rGsSNdJ7Q3noY=/fit-in/150x150/filters:no_upscale():origin()/pre00/9bcc/th/pre/f/2018/357/6/c/2018wasntthatbadafterall_by_shadowbonnie5-dcv60ab.png" height="111" width="150"/>            <media:thumbnail url="https://t00.deviantart.net/Dnee3kIOXKHvMRMfPwvURNNwr2g=/fit-in/300x900/filters:no_upscale():origin()/pre00/9bcc/th/pre/f/2018/357/6/c/2018wasntthatbadafterall_by_shadowbonnie5-dcv60ab.png" height="222" width="300"/>            <media:thumbnail url="https://t00.deviantart.net/q7ix1dK7ftklvxLolO0gQh9onW8=/300x200/filters:fixed_height(100,100):origin()/pre00/9bcc/th/pre/f/2018/357/6/c/2018wasntthatbadafterall_by_shadowbonnie5-dcv60ab.png" height="200" width="271"/>            <media:content url="https://orig00.deviantart.net/cdec/f/2018/357/6/c/2018wasntthatbadafterall_by_shadowbonnie5-dcv60ab.png" height="481" width="651" medium="image"/>            
            <description>Just think of the good things.&amp;nbsp;&lt;br /&gt;&lt;div&gt;&lt;img src=&quot;https://t00.deviantart.net/q7ix1dK7ftklvxLolO0gQh9onW8=/300x200/filters:fixed_height(100,100):origin()/pre00/9bcc/th/pre/f/2018/357/6/c/2018wasntthatbadafterall_by_shadowbonnie5-dcv60ab.png&quot; alt=&quot;thumbnail&quot; /&gt;&lt;/div&gt;</description>            </item>
                    <item>
                <title>Chess Humor.</title>
                <link>https://dth-incorproductions.deviantart.com/art/Chess-Humor-775932398</link>
                <guid isPermaLink="true">https://dth-incorproductions.deviantart.com/art/Chess-Humor-775932398</guid>
                <pubDate>Sat, 08 Dec 2018 16:24:54 PST</pubDate>
                        <media:title type="plain">Chess Humor.</media:title>
        <media:keywords></media:keywords>
                        <media:rating>nonadult</media:rating>
                <media:category label="Memes">darelated/deviousfun/memes</media:category>
        <media:credit role="author" scheme="urn:ebu">DTH-Incorproductions</media:credit>
        <media:credit role="author" scheme="urn:ebu">https://a.deviantart.net/avatars/d/t/dth-incorproductions.jpg?2</media:credit>
        <media:copyright url="https://dth-incorproductions.deviantart.com">Copyright 2018-2019 DTH-Incorproductions</media:copyright>            <media:description type="html">Everybody makes this mistake at least once....if you&#039;re a chess player. If one were to play this game and become really good at it, then you would get the joke.</media:description>            <media:thumbnail url="https://t00.deviantart.net/MnBDkekqcbqK04t46I-p0_L1Am8=/fit-in/150x150/filters:no_upscale():origin()/pre00/2421/th/pre/f/2018/342/7/7/chess_humor__by_dth_incorproductions-dctyx9q.png" height="150" width="150"/>            <media:thumbnail url="https://t00.deviantart.net/i68CuCjNWfJn-02UyFsC9llWfuY=/fit-in/300x900/filters:no_upscale():origin()/pre00/2421/th/pre/f/2018/342/7/7/chess_humor__by_dth_incorproductions-dctyx9q.png" height="301" width="300"/>            <media:thumbnail url="https://t00.deviantart.net/EPfW6SaTXeHsCnhDHentOyg4Uoo=/300x200/filters:fixed_height(100,100):origin()/pre00/2421/th/pre/f/2018/342/7/7/chess_humor__by_dth_incorproductions-dctyx9q.png" height="200" width="200"/>            <media:content url="https://orig00.deviantart.net/7e04/f/2018/342/7/7/chess_humor__by_dth_incorproductions-dctyx9q.png" height="480" width="479" medium="image"/>            
            <description>Everybody makes this mistake at least once....if you&#039;re a chess player. If one were to play this game and become really good at it, then you would get the joke.&lt;br /&gt;&lt;div&gt;&lt;img src=&quot;https://t00.deviantart.net/EPfW6SaTXeHsCnhDHentOyg4Uoo=/300x200/filters:fixed_height(100,100):origin()/pre00/2421/th/pre/f/2018/342/7/7/chess_humor__by_dth_incorproductions-dctyx9q.png&quot; alt=&quot;thumbnail&quot; /&gt;&lt;/div&gt;</description>            </item>
                    <item>
                <title>Somebody? Anybody?</title>
                <link>https://shadowbonnie5.deviantart.com/art/Somebody-Anybody-775071907</link>
                <guid isPermaLink="true">https://shadowbonnie5.deviantart.com/art/Somebody-Anybody-775071907</guid>
                <pubDate>Sun, 02 Dec 2018 12:47:47 PST</pubDate>
                        <media:title type="plain">Somebody? Anybody?</media:title>
        <media:keywords></media:keywords>
                        <media:rating>nonadult</media:rating>
                <media:category label="Other">cartoons/digital/cartoons/other</media:category>
        <media:credit role="author" scheme="urn:ebu">Shadowbonnie5</media:credit>
        <media:credit role="author" scheme="urn:ebu">https://a.deviantart.net/avatars/s/h/shadowbonnie5.jpg?3</media:credit>
        <media:copyright url="https://shadowbonnie5.deviantart.com">Copyright 2018-2019 Shadowbonnie5</media:copyright>            <media:description type="html">Of all my years reading rage comics, I still have no idea what this is.&lt;br /&gt;&lt;br /&gt;Also, no. This isn&#039;t my big project.</media:description>            <media:thumbnail url="https://t00.deviantart.net/SNZ_-QyRKb4wlc_rqfDIzIW3vY0=/fit-in/150x150/filters:no_upscale():origin()/pre00/222f/th/pre/f/2018/336/3/5/wtf_is_this_by_shadowbonnie5-dctghb7.png" height="111" width="150"/>            <media:thumbnail url="https://t00.deviantart.net/HfWEVNCdV-2Eps-1oE3BrSoPX9k=/fit-in/300x900/filters:no_upscale():origin()/pre00/222f/th/pre/f/2018/336/3/5/wtf_is_this_by_shadowbonnie5-dctghb7.png" height="222" width="300"/>            <media:thumbnail url="https://t00.deviantart.net/bX65RUsKs-GV9VeV_PqFI6m8TVs=/300x200/filters:fixed_height(100,100):origin()/pre00/222f/th/pre/f/2018/336/3/5/wtf_is_this_by_shadowbonnie5-dctghb7.png" height="200" width="271"/>            <media:content url="https://orig00.deviantart.net/ab71/f/2018/336/3/5/wtf_is_this_by_shadowbonnie5-dctghb7.png" height="481" width="651" medium="image"/>            
            <description>Of all my years reading rage comics, I still have no idea what this is.&lt;br /&gt;&lt;br /&gt;Also, no. This isn&#039;t my big project.&lt;br /&gt;&lt;div&gt;&lt;img src=&quot;https://t00.deviantart.net/bX65RUsKs-GV9VeV_PqFI6m8TVs=/300x200/filters:fixed_height(100,100):origin()/pre00/222f/th/pre/f/2018/336/3/5/wtf_is_this_by_shadowbonnie5-dctghb7.png&quot; alt=&quot;thumbnail&quot; /&gt;&lt;/div&gt;</description>            </item>
                    <item>
                <title>Super Crown...</title>
                <link>https://shadowbonnie5.deviantart.com/art/Super-Crown-774140095</link>
                <guid isPermaLink="true">https://shadowbonnie5.deviantart.com/art/Super-Crown-774140095</guid>
                <pubDate>Sun, 25 Nov 2018 17:18:03 PST</pubDate>
                        <media:title type="plain">Super Crown...</media:title>
        <media:keywords></media:keywords>
                        <media:rating>nonadult</media:rating>
                <media:category label="Other">cartoons/digital/comics/other</media:category>
        <media:credit role="author" scheme="urn:ebu">Shadowbonnie5</media:credit>
        <media:credit role="author" scheme="urn:ebu">https://a.deviantart.net/avatars/s/h/shadowbonnie5.jpg?3</media:credit>
        <media:copyright url="https://shadowbonnie5.deviantart.com">Copyright 2018-2019 Shadowbonnie5</media:copyright>            <media:description type="html">I&#039;ll bet this is whats really happening.</media:description>            <media:thumbnail url="https://t00.deviantart.net/HwZmsh4TYUnknq_RqGTcedDGeZc=/fit-in/150x150/filters:no_upscale():origin()/pre00/bd4c/th/pre/f/2018/329/7/7/ragesupercrown_by_shadowbonnie5-dcswibj.png" height="150" width="102"/>            <media:thumbnail url="https://t00.deviantart.net/u_RcXJ-yCemNdxvVafhwB51zhAo=/fit-in/300x900/filters:no_upscale():origin()/pre00/bd4c/th/pre/f/2018/329/7/7/ragesupercrown_by_shadowbonnie5-dcswibj.png" height="443" width="300"/>            <media:thumbnail url="https://t00.deviantart.net/t6eggwsl0FFbC-5tvDGgu1HzRnE=/300x200/filters:fixed_height(100,100):origin()/pre00/bd4c/th/pre/f/2018/329/7/7/ragesupercrown_by_shadowbonnie5-dcswibj.png" height="200" width="135"/>            <media:content url="https://orig00.deviantart.net/85df/f/2018/329/7/7/ragesupercrown_by_shadowbonnie5-dcswibj.png" height="961" width="651" medium="image"/>            
            <description>I&#039;ll bet this is whats really happening.&lt;br /&gt;&lt;div&gt;&lt;img src=&quot;https://t00.deviantart.net/t6eggwsl0FFbC-5tvDGgu1HzRnE=/300x200/filters:fixed_height(100,100):origin()/pre00/bd4c/th/pre/f/2018/329/7/7/ragesupercrown_by_shadowbonnie5-dcswibj.png&quot; alt=&quot;thumbnail&quot; /&gt;&lt;/div&gt;</description>            </item>
                    <item>
                <title>Pikachu&#039;s Most Cringe Worthy Moment</title>
                <link>https://shadowbonnie5.deviantart.com/art/Pikachu-s-Most-Cringe-Worthy-Moment-773921251</link>
                <guid isPermaLink="true">https://shadowbonnie5.deviantart.com/art/Pikachu-s-Most-Cringe-Worthy-Moment-773921251</guid>
                <pubDate>Sat, 24 Nov 2018 07:29:51 PST</pubDate>
                        <media:title type="plain">Pikachu&#039;s Most Cringe Worthy Moment</media:title>
        <media:keywords></media:keywords>
                        <media:rating>nonadult</media:rating>
                <media:category label="Other">cartoons/digital/comics/other</media:category>
        <media:credit role="author" scheme="urn:ebu">Shadowbonnie5</media:credit>
        <media:credit role="author" scheme="urn:ebu">https://a.deviantart.net/avatars/s/h/shadowbonnie5.jpg?3</media:credit>
        <media:copyright url="https://shadowbonnie5.deviantart.com">Copyright 2018-2019 Shadowbonnie5</media:copyright>            <media:description type="html">&amp;lt;_&amp;lt;</media:description>            <media:thumbnail url="https://t00.deviantart.net/PgPlnLrNhjq35r5yinfdKUS4ZsA=/fit-in/150x150/filters:no_upscale():origin()/pre00/3cc9/th/pre/f/2018/328/7/a/ragecomicpikachu_by_shadowbonnie5-dcsrtgj.png" height="111" width="150"/>            <media:thumbnail url="https://t00.deviantart.net/cChAxsJ9h9UWFffZB7211NH-xg4=/fit-in/300x900/filters:no_upscale():origin()/pre00/3cc9/th/pre/f/2018/328/7/a/ragecomicpikachu_by_shadowbonnie5-dcsrtgj.png" height="222" width="300"/>            <media:thumbnail url="https://t00.deviantart.net/HSM1Iag-w_kuQ58OJOrlpvttuO0=/300x200/filters:fixed_height(100,100):origin()/pre00/3cc9/th/pre/f/2018/328/7/a/ragecomicpikachu_by_shadowbonnie5-dcsrtgj.png" height="200" width="271"/>            <media:content url="https://orig00.deviantart.net/88b7/f/2018/328/7/a/ragecomicpikachu_by_shadowbonnie5-dcsrtgj.png" height="481" width="651" medium="image"/>            
            <description>&amp;lt;_&amp;lt;&lt;br /&gt;&lt;div&gt;&lt;img src=&quot;https://t00.deviantart.net/HSM1Iag-w_kuQ58OJOrlpvttuO0=/300x200/filters:fixed_height(100,100):origin()/pre00/3cc9/th/pre/f/2018/328/7/a/ragecomicpikachu_by_shadowbonnie5-dcsrtgj.png&quot; alt=&quot;thumbnail&quot; /&gt;&lt;/div&gt;</description>            </item>
                    <item>
                <title>Water Temple SUCKS (Lynn Jr, Rigby, Quagsire, DP)</title>
                <link>https://crumbly105.deviantart.com/art/Water-Temple-SUCKS-Lynn-Jr-Rigby-Quagsire-DP-773515846</link>
                <guid isPermaLink="true">https://crumbly105.deviantart.com/art/Water-Temple-SUCKS-Lynn-Jr-Rigby-Quagsire-DP-773515846</guid>
                <pubDate>Wed, 21 Nov 2018 07:09:32 PST</pubDate>
                        <media:title type="plain">Water Temple SUCKS (Lynn Jr, Rigby, Quagsire, DP)</media:title>
        <media:keywords></media:keywords>
                        <media:rating>nonadult</media:rating>
                <media:category label="Drawings">cartoons/traditional/cartoons/drawings</media:category>
        <media:credit role="author" scheme="urn:ebu">Crumbly105</media:credit>
        <media:credit role="author" scheme="urn:ebu">https://a.deviantart.net/avatars/c/r/crumbly105.jpg?7</media:credit>
        <media:copyright url="https://crumbly105.deviantart.com">Copyright 2018-2019 Crumbly105</media:copyright>            <media:description type="html">Oh the Water Temple from The Legend Of Zelda: Ocarina Of Time, the one of most infamous level in all of Zelda, if not all of Video Games. Since it&#039;s OOT&#039;s birthday, I figured why not upload another artwork to celebrate it&#039;s 20th Anniversary, since my previous one just got favoured &lt;img src=&quot;https://e.deviantart.net/emoticons/s/smile.gif&quot; width=&quot;15&quot; height=&quot;15&quot; alt=&quot;:)&quot; data-embed-type=&quot;emoticon&quot; data-embed-id=&quot;391&quot; title=&quot;:) (Smile)&quot;/&gt;&lt;br /&gt;&lt;br /&gt;This one consists the characters of Lynn Jr. (Loud House), Rigby (Regular Show), Quagsire (Pokemon), and Deadpool (Marvel), all going through the hell hole known as the water temple built by the Zoras, with them discussing their opinions. It&#039;d probably go like this&lt;br /&gt;&lt;br /&gt;Lynn Jr (Angry): I hate this stupid place, it&#039;s no fun. I&#039;M LYNN JR, I&#039;M NUMBER ONE!!!!!!! GRRRRRRRRR&lt;br /&gt;&lt;br /&gt;Rigby (Bored): Dude, thatSo lame, (looks at Quagsire) can&#039;t believe you enjoyed it&lt;br /&gt;&lt;br /&gt;Quagsire (Calm): QUUUAAAGSIIIREEE (IT wasn&#039;t that bad)&lt;br /&gt;&lt;br /&gt;Rigby (Bored): That&#039;s because you have 3D Glasses&lt;br /&gt;&lt;br /&gt;Deadpool (Freaking Out): OH GOD THIS IS WORSE THAN THAT TIME MARVEL BANNED US FROM THEIR CROSSOVER WITH CAPCOM&amp;nbsp;&lt;br /&gt;&lt;br /&gt;I decided to add aura around Lynn, as if she had angry aura like what anime characters had in anime. I also decided to make Rigby look at Quagsire (who&#039;s wearing a headband), to make it seem like they are having a conversation. To make it seem like the Water Temple, I added dark link behind Deadpool, A Tektite and and Spike Ball trolling Lynn Jr, a Gold Skulltula, Iron boots Hovering Quagsire with a pause button if you know what I mean l&lt;img src=&quot;https://e.deviantart.net/emoticons/s/smile.gif&quot; width=&quot;15&quot; height=&quot;15&quot; alt=&quot;:)&quot; data-embed-type=&quot;emoticon&quot; data-embed-id=&quot;391&quot; title=&quot;:) (Smile)&quot;/&gt;, and finally for the finishing touch, the boss of the temple Morpha Giving the Finger to all of the characters.&amp;nbsp;&lt;br /&gt;&lt;br /&gt;By the way did you catch that references in the picture? Trust me,&amp;nbsp; they&#039;re hilarious &lt;img src=&quot;https://e.deviantart.net/emoticons/s/smile.gif&quot; width=&quot;15&quot; height=&quot;15&quot; alt=&quot;:)&quot; data-embed-type=&quot;emoticon&quot; data-embed-id=&quot;391&quot; title=&quot;:) (Smile)&quot;/&gt;.&amp;nbsp;&lt;br /&gt;&lt;br /&gt;All characters in this picture are owned by their respected owners. &lt;br /&gt;Lynn Jr, Nickelodeon, Viacom&lt;br /&gt;Rigby, Cartoon Network&lt;br /&gt;Quagsire, Nintendo, The Pokemon Company&lt;br /&gt;Deadpool, Marvel, 20th Century Fox&lt;br /&gt;Dark Link, Morpha, Tektite, Spike Ball, Iron Boots, and Gold Skulltula, Nintendo&amp;nbsp;&lt;br /&gt;Pause Button, No One&lt;br /&gt;&lt;br /&gt;Anyway people, hope you guys have a great time, and I&#039;ll see you guys next time.&lt;br /&gt;&lt;br /&gt;Happy 20th Anniversary Ocarina of Time&amp;nbsp;</media:description>            <media:thumbnail url="https://t00.deviantart.net/X0F95fl3fnhCOj2NJqkr9YruNqI=/fit-in/150x150/filters:no_upscale():origin()/pre00/9664/th/pre/i/2018/325/6/0/water_temple_sucks__lynn_jr__rigby__quagsire__dp__by_crumbly105-dcsj4na.jpg" height="100" width="150"/>            <media:thumbnail url="https://t00.deviantart.net/pnKKSH2qMi40iMAJP8yiBhYX7FQ=/fit-in/300x900/filters:no_upscale():origin()/pre00/9664/th/pre/i/2018/325/6/0/water_temple_sucks__lynn_jr__rigby__quagsire__dp__by_crumbly105-dcsj4na.jpg" height="200" width="300"/>            <media:thumbnail url="https://t00.deviantart.net/kPA8B9e02eohqlbO4mjN77KmwUQ=/300x200/filters:fixed_height(100,100):origin()/pre00/9664/th/pre/i/2018/325/6/0/water_temple_sucks__lynn_jr__rigby__quagsire__dp__by_crumbly105-dcsj4na.jpg" height="200" width="300"/>            <media:content url="https://img00.deviantart.net/14d4/i/2018/325/6/0/water_temple_sucks__lynn_jr__rigby__quagsire__dp__by_crumbly105-dcsj4na.jpg" height="683" width="1024" medium="image"/>            
            <description>Oh the Water Temple from The Legend Of Zelda: Ocarina Of Time, the one of most infamous level in all of Zelda, if not all of Video Games. Since it&#039;s OOT&#039;s birthday, I figured why not upload another artwork to celebrate it&#039;s 20th Anniversary, since my previous one just got favoured &lt;img src=&quot;https://e.deviantart.net/emoticons/s/smile.gif&quot; width=&quot;15&quot; height=&quot;15&quot; alt=&quot;:)&quot; data-embed-type=&quot;emoticon&quot; data-embed-id=&quot;391&quot; title=&quot;:) (Smile)&quot;/&gt;&lt;br /&gt;&lt;br /&gt;This one consists the characters of Lynn Jr. (Loud House), Rigby (Regular Show), Quagsire (Pokemon), and Deadpool (Marvel), all going through the hell hole known as the water temple built by the Zoras, with them discussing their opinions. It&#039;d probably go like this&lt;br /&gt;&lt;br /&gt;Lynn Jr (Angry): I hate this stupid place, it&#039;s no fun. I&#039;M LYNN JR, I&#039;M NUMBER ONE!!!!!!! GRRRRRRRRR&lt;br /&gt;&lt;br /&gt;Rigby (Bored): Dude, thatSo lame, (looks at Quagsire) can&#039;t believe you enjoyed it&lt;br /&gt;&lt;br /&gt;Quagsire (Calm): QUUUAAAGSIIIREEE (IT wasn&#039;t that bad)&lt;br /&gt;&lt;br /&gt;Rigby (Bored): That&#039;s because you have 3D Glasses&lt;br /&gt;&lt;br /&gt;Deadpool (Freaking Out): OH GOD THIS IS WORSE THAN THAT TIME MARVEL BANNED US FROM THEIR CROSSOVER WITH CAPCOM&amp;nbsp;&lt;br /&gt;&lt;br /&gt;I decided to add aura around Lynn, as if she had angry aura like what anime characters had in anime. I also decided to make Rigby look at Quagsire (who&#039;s wearing a headband), to make it seem like they are having a conversation. To make it seem like the Water Temple, I added dark link behind Deadpool, A Tektite and and Spike Ball trolling Lynn Jr, a Gold Skulltula, Iron boots Hovering Quagsire with a pause button if you know what I mean l&lt;img src=&quot;https://e.deviantart.net/emoticons/s/smile.gif&quot; width=&quot;15&quot; height=&quot;15&quot; alt=&quot;:)&quot; data-embed-type=&quot;emoticon&quot; data-embed-id=&quot;391&quot; title=&quot;:) (Smile)&quot;/&gt;, and finally for the finishing touch, the boss of the temple Morpha Giving the Finger to all of the characters.&amp;nbsp;&lt;br /&gt;&lt;br /&gt;By the way did you catch that references in the picture? Trust me,&amp;nbsp; they&#039;re hilarious &lt;img src=&quot;https://e.deviantart.net/emoticons/s/smile.gif&quot; width=&quot;15&quot; height=&quot;15&quot; alt=&quot;:)&quot; data-embed-type=&quot;emoticon&quot; data-embed-id=&quot;391&quot; title=&quot;:) (Smile)&quot;/&gt;.&amp;nbsp;&lt;br /&gt;&lt;br /&gt;All characters in this picture are owned by their respected owners. &lt;br /&gt;Lynn Jr, Nickelodeon, Viacom&lt;br /&gt;Rigby, Cartoon Network&lt;br /&gt;Quagsire, Nintendo, The Pokemon Company&lt;br /&gt;Deadpool, Marvel, 20th Century Fox&lt;br /&gt;Dark Link, Morpha, Tektite, Spike Ball, Iron Boots, and Gold Skulltula, Nintendo&amp;nbsp;&lt;br /&gt;Pause Button, No One&lt;br /&gt;&lt;br /&gt;Anyway people, hope you guys have a great time, and I&#039;ll see you guys next time.&lt;br /&gt;&lt;br /&gt;Happy 20th Anniversary Ocarina of Time&amp;nbsp;&lt;br /&gt;&lt;div&gt;&lt;img src=&quot;https://t00.deviantart.net/kPA8B9e02eohqlbO4mjN77KmwUQ=/300x200/filters:fixed_height(100,100):origin()/pre00/9664/th/pre/i/2018/325/6/0/water_temple_sucks__lynn_jr__rigby__quagsire__dp__by_crumbly105-dcsj4na.jpg&quot; alt=&quot;thumbnail&quot; /&gt;&lt;/div&gt;</description>            </item>
                    <item>
                <title>Terraria Meme that only Terraria players will get</title>
                <link>https://shadowbonnie5.deviantart.com/art/Terraria-Meme-that-only-Terraria-players-will-get-772744986</link>
                <guid isPermaLink="true">https://shadowbonnie5.deviantart.com/art/Terraria-Meme-that-only-Terraria-players-will-get-772744986</guid>
                <pubDate>Thu, 15 Nov 2018 14:15:40 PST</pubDate>
                        <media:title type="plain">Terraria Meme that only Terraria players will get</media:title>
        <media:keywords></media:keywords>
                        <media:rating>nonadult</media:rating>
                <media:category label="Strips">cartoons/digital/comics/strips</media:category>
        <media:credit role="author" scheme="urn:ebu">Shadowbonnie5</media:credit>
        <media:credit role="author" scheme="urn:ebu">https://a.deviantart.net/avatars/s/h/shadowbonnie5.jpg?3</media:credit>
        <media:copyright url="https://shadowbonnie5.deviantart.com">Copyright 2018-2019 Shadowbonnie5</media:copyright>            <media:description type="html">If you get the joke, then +10 kudos points for you!&amp;nbsp;&lt;a href=&quot;https://www.deviantart.com/scorpion81/art/Thumbs-Up-199221802&quot; class=&quot;emoticon&quot; data-embed-type=&quot;emoticon&quot; data-embed-id=&quot;199221802&quot; data-embed-profile=&quot;deviation&quot;&gt;&lt;img src=&quot;https://orig00.deviantart.net/94ae/f/2011/059/9/f/thumbs_up_by_scorpion81-d3am0iy.gif&quot; alt=&quot;Thumbs Up&quot; style=&quot;width:22px;height:18px&quot;&gt;&lt;/a&gt;&amp;nbsp;</media:description>            <media:thumbnail url="https://t00.deviantart.net/otwaAQDy6sJ2N5b45Nfgfax7sZw=/fit-in/150x150/filters:no_upscale():origin()/pre00/f776/th/pre/f/2018/319/3/9/terraria_rage_comic_by_shadowbonnie5-dcs2lui.png" height="150" width="102"/>            <media:thumbnail url="https://t00.deviantart.net/SFBHDbY_YGziWAcbcSSBy7VWD2Y=/fit-in/300x900/filters:no_upscale():origin()/pre00/f776/th/pre/f/2018/319/3/9/terraria_rage_comic_by_shadowbonnie5-dcs2lui.png" height="443" width="300"/>            <media:thumbnail url="https://t00.deviantart.net/TYCdMmp1tyfyIkIX9JnfSp-eAHc=/300x200/filters:fixed_height(100,100):origin()/pre00/f776/th/pre/f/2018/319/3/9/terraria_rage_comic_by_shadowbonnie5-dcs2lui.png" height="200" width="135"/>            <media:content url="https://orig00.deviantart.net/5cea/f/2018/319/3/9/terraria_rage_comic_by_shadowbonnie5-dcs2lui.png" height="961" width="651" medium="image"/>            
            <description>If you get the joke, then +10 kudos points for you!&amp;nbsp;&lt;a href=&quot;https://www.deviantart.com/scorpion81/art/Thumbs-Up-199221802&quot; class=&quot;emoticon&quot; data-embed-type=&quot;emoticon&quot; data-embed-id=&quot;199221802&quot; data-embed-profile=&quot;deviation&quot;&gt;&lt;img src=&quot;https://orig00.deviantart.net/94ae/f/2011/059/9/f/thumbs_up_by_scorpion81-d3am0iy.gif&quot; alt=&quot;Thumbs Up&quot; style=&quot;width:22px;height:18px&quot;&gt;&lt;/a&gt;&amp;nbsp;&lt;br /&gt;&lt;div&gt;&lt;img src=&quot;https://t00.deviantart.net/TYCdMmp1tyfyIkIX9JnfSp-eAHc=/300x200/filters:fixed_height(100,100):origin()/pre00/f776/th/pre/f/2018/319/3/9/terraria_rage_comic_by_shadowbonnie5-dcs2lui.png&quot; alt=&quot;thumbnail&quot; /&gt;&lt;/div&gt;</description>            </item>
                    <item>
                <title>Why I use mechanical pencils</title>
                <link>https://shadowbonnie5.deviantart.com/art/Why-I-use-mechanical-pencils-767773385</link>
                <guid isPermaLink="true">https://shadowbonnie5.deviantart.com/art/Why-I-use-mechanical-pencils-767773385</guid>
                <pubDate>Wed, 10 Oct 2018 15:05:48 PDT</pubDate>
                        <media:title type="plain">Why I use mechanical pencils</media:title>
        <media:keywords></media:keywords>
                        <media:rating>nonadult</media:rating>
                <media:category label="Other">cartoons/digital/comics/other</media:category>
        <media:credit role="author" scheme="urn:ebu">Shadowbonnie5</media:credit>
        <media:credit role="author" scheme="urn:ebu">https://a.deviantart.net/avatars/s/h/shadowbonnie5.jpg?3</media:credit>
        <media:copyright url="https://shadowbonnie5.deviantart.com">Copyright 2018-2019 Shadowbonnie5</media:copyright>            <media:description type="html">I&#039;ve gone through so much pain that day...</media:description>            <media:thumbnail url="https://t00.deviantart.net/dpamkVapepywjH70J_B5a2v8-i8=/fit-in/150x150/filters:no_upscale():origin()/pre00/bcda/th/pre/f/2018/283/7/2/ragecomic2_by_shadowbonnie5-dcp41qh.png" height="150" width="29"/>            <media:thumbnail url="https://t00.deviantart.net/3cG92JFLVidFUHgdSCfQJUKGeMw=/fit-in/300x900/filters:no_upscale():origin()/pre00/bcda/th/pre/f/2018/283/7/2/ragecomic2_by_shadowbonnie5-dcp41qh.png" height="900" width="174"/>            <media:thumbnail url="https://t00.deviantart.net/ndMYM5rXcVcBlaz6hT6ZeO2rUNI=/300x200/filters:fixed_height(100,100):origin()/pre00/bcda/th/pre/f/2018/283/7/2/ragecomic2_by_shadowbonnie5-dcp41qh.png" height="201" width="100"/>            <media:content url="https://pre00.deviantart.net/bcda/th/pre/f/2018/283/7/2/ragecomic2_by_shadowbonnie5-dcp41qh.png" height="2032" width="393" medium="image"/>            
            <description>I&#039;ve gone through so much pain that day...&lt;br /&gt;&lt;div&gt;&lt;img src=&quot;https://t00.deviantart.net/ndMYM5rXcVcBlaz6hT6ZeO2rUNI=/300x200/filters:fixed_height(100,100):origin()/pre00/bcda/th/pre/f/2018/283/7/2/ragecomic2_by_shadowbonnie5-dcp41qh.png&quot; alt=&quot;thumbnail&quot; /&gt;&lt;/div&gt;</description>            </item>
                    <item>
                <title>Pillar Of Memes(Winx Club MLG Version)</title>
                <link>https://audiomachineforlife.deviantart.com/art/Pillar-Of-Memes-Winx-Club-MLG-Version-767063564</link>
                <guid isPermaLink="true">https://audiomachineforlife.deviantart.com/art/Pillar-Of-Memes-Winx-Club-MLG-Version-767063564</guid>
                <pubDate>Fri, 05 Oct 2018 22:06:08 PDT</pubDate>
                        <media:title type="plain">Pillar Of Memes(Winx Club MLG Version)</media:title>
        <media:keywords></media:keywords>
                        <media:rating>nonadult</media:rating>
                <media:category label="Other">cartoons/digital/comics/other</media:category>
        <media:credit role="author" scheme="urn:ebu">AudiomachineForLife</media:credit>
        <media:credit role="author" scheme="urn:ebu">https://a.deviantart.net/avatars/a/u/audiomachineforlife.jpg?2</media:credit>
        <media:copyright url="https://audiomachineforlife.deviantart.com">Copyright 2018-2019 AudiomachineForLife</media:copyright>            <media:description type="html">One of my original project for all Winx Club fans and Major League Gaming fans.It took me a lot of times to complete this,so hope you like it!&lt;br /&gt;Image from Winx Club: Sirenix Power.&lt;br /&gt;Effects are:&lt;br /&gt;Forever Alone&lt;br /&gt;Airhorn&lt;br /&gt;MLG Minigun&lt;br /&gt;Illuminati&lt;br /&gt;Doritos&lt;br /&gt;Mountain Dew&lt;br /&gt;MLG Glasses&lt;br /&gt;They&#039;re all come from Major League Gaming!&lt;br /&gt;&lt;br /&gt;&lt;br /&gt;&lt;br /&gt;&lt;br /&gt;Music used:&lt;br /&gt;Position Music - Lust For Power&lt;br /&gt;Alliance - Rise Above&lt;br /&gt;Epic Score - Galactic Eclipse&lt;br /&gt;Audiomachine - By The Hand Of The Mortal&lt;br /&gt;Really Slow Motion - Legendary&lt;br /&gt;Audiomachine - Eternal Flame&lt;br /&gt;Thomas Bergersen - Final Frontier&lt;br /&gt;Two Steps From Hell - Battleborne&lt;br /&gt;Audiomachine - Guardians At The Gate(Access Denied Dubstep Edit)</media:description>            <media:thumbnail url="https://t00.deviantart.net/UT_jLEvBn3BLguJtSAHm4HU8Cws=/fit-in/150x150/filters:no_upscale():origin()/pre00/e9b8/th/pre/f/2018/278/c/3/c32d2024ed1161636c04e035b3d8c272-dcoou18.png" height="72" width="150"/>            <media:thumbnail url="https://t00.deviantart.net/uhQltP_Xn_Jl96ZN-kOBLovMrak=/fit-in/300x900/filters:no_upscale():origin()/pre00/e9b8/th/pre/f/2018/278/c/3/c32d2024ed1161636c04e035b3d8c272-dcoou18.png" height="143" width="300"/>            <media:thumbnail url="https://t00.deviantart.net/8_Q9p1qDfbBj-WwqWR8dVYKDk9M=/300x200/filters:fixed_height(100,100):origin()/pre00/e9b8/th/pre/f/2018/278/c/3/c32d2024ed1161636c04e035b3d8c272-dcoou18.png" height="143" width="300"/>            <media:content url="https://orig00.deviantart.net/d577/f/2018/278/c/3/c32d2024ed1161636c04e035b3d8c272-dcoou18.png" height="403" width="843" medium="image"/>            
            <description>One of my original project for all Winx Club fans and Major League Gaming fans.It took me a lot of times to complete this,so hope you like it!&lt;br /&gt;Image from Winx Club: Sirenix Power.&lt;br /&gt;Effects are:&lt;br /&gt;Forever Alone&lt;br /&gt;Airhorn&lt;br /&gt;MLG Minigun&lt;br /&gt;Illuminati&lt;br /&gt;Doritos&lt;br /&gt;Mountain Dew&lt;br /&gt;MLG Glasses&lt;br /&gt;They&#039;re all come from Major League Gaming!&lt;br /&gt;&lt;br /&gt;&lt;br /&gt;&lt;br /&gt;&lt;br /&gt;Music used:&lt;br /&gt;Position Music - Lust For Power&lt;br /&gt;Alliance - Rise Above&lt;br /&gt;Epic Score - Galactic Eclipse&lt;br /&gt;Audiomachine - By The Hand Of The Mortal&lt;br /&gt;Really Slow Motion - Legendary&lt;br /&gt;Audiomachine - Eternal Flame&lt;br /&gt;Thomas Bergersen - Final Frontier&lt;br /&gt;Two Steps From Hell - Battleborne&lt;br /&gt;Audiomachine - Guardians At The Gate(Access Denied Dubstep Edit)&lt;br /&gt;&lt;div&gt;&lt;img src=&quot;https://t00.deviantart.net/8_Q9p1qDfbBj-WwqWR8dVYKDk9M=/300x200/filters:fixed_height(100,100):origin()/pre00/e9b8/th/pre/f/2018/278/c/3/c32d2024ed1161636c04e035b3d8c272-dcoou18.png&quot; alt=&quot;thumbnail&quot; /&gt;&lt;/div&gt;</description>            </item>
                    <item>
                <title>TROLLING IN A NUTSHELL</title>
                <link>https://bigotemushroom.deviantart.com/art/TROLLING-IN-A-NUTSHELL-765395930</link>
                <guid isPermaLink="true">https://bigotemushroom.deviantart.com/art/TROLLING-IN-A-NUTSHELL-765395930</guid>
                <pubDate>Mon, 24 Sep 2018 14:37:59 PDT</pubDate>
                        <media:title type="plain">TROLLING IN A NUTSHELL</media:title>
        <media:keywords></media:keywords>
                        <media:rating>nonadult</media:rating>
                <media:category label="Storybook">digitalart/paintings/illustrations/storybook</media:category>
        <media:credit role="author" scheme="urn:ebu">BigoteMushroom</media:credit>
        <media:credit role="author" scheme="urn:ebu">https://a.deviantart.net/avatars/b/i/bigotemushroom.png?2</media:credit>
        <media:copyright url="https://bigotemushroom.deviantart.com">Copyright 2018-2019 BigoteMushroom</media:copyright>            <media:description type="html"></media:description>            <media:thumbnail url="https://t00.deviantart.net/lCMR1wYnitYimutnRH1H3rX0e0w=/fit-in/150x150/filters:no_upscale():origin()/pre00/7b60/th/pre/i/2018/267/f/8/trolling_in_a_nutshell_by_bigotemushroom-dcnp3a2.png" height="150" width="109"/>            <media:thumbnail url="https://t00.deviantart.net/136lY6ZwxfDTxMAo4sMzE0HCAqA=/fit-in/300x900/filters:no_upscale():origin()/pre00/7b60/th/pre/i/2018/267/f/8/trolling_in_a_nutshell_by_bigotemushroom-dcnp3a2.png" height="415" width="300"/>            <media:thumbnail url="https://t00.deviantart.net/0O7rF35cArbc57xberSH4JqfOhg=/300x200/filters:fixed_height(100,100):origin()/pre00/7b60/th/pre/i/2018/267/f/8/trolling_in_a_nutshell_by_bigotemushroom-dcnp3a2.png" height="200" width="145"/>            <media:content url="https://pre00.deviantart.net/7b60/th/pre/i/2018/267/f/8/trolling_in_a_nutshell_by_bigotemushroom-dcnp3a2.png" height="1051" width="760" medium="image"/>            
            <description>&lt;br /&gt;&lt;div&gt;&lt;img src=&quot;https://t00.deviantart.net/0O7rF35cArbc57xberSH4JqfOhg=/300x200/filters:fixed_height(100,100):origin()/pre00/7b60/th/pre/i/2018/267/f/8/trolling_in_a_nutshell_by_bigotemushroom-dcnp3a2.png&quot; alt=&quot;thumbnail&quot; /&gt;&lt;/div&gt;</description>            </item>
                    <item>
                <title>The Taco Bell Story</title>
                <link>https://itscs117.deviantart.com/art/The-Taco-Bell-Story-764024687</link>
                <guid isPermaLink="true">https://itscs117.deviantart.com/art/The-Taco-Bell-Story-764024687</guid>
                <pubDate>Fri, 14 Sep 2018 22:07:47 PDT</pubDate>
                        <media:title type="plain">The Taco Bell Story</media:title>
        <media:keywords></media:keywords>
                        <media:rating>nonadult</media:rating>
                <media:category label="Strips">cartoons/digital/comics/strips</media:category>
        <media:credit role="author" scheme="urn:ebu">ITSCS117</media:credit>
        <media:credit role="author" scheme="urn:ebu">https://a.deviantart.net/avatars/i/t/itscs117.jpg?2</media:credit>
        <media:copyright url="https://itscs117.deviantart.com">Copyright 2018-2019 ITSCS117</media:copyright>            <media:description type="html">A true story that happened last month involving taco bell.</media:description>            <media:thumbnail url="https://t00.deviantart.net/UblCl-gEB-O9pjJ-mP83Umk5zNk=/fit-in/150x150/filters:no_upscale():origin()/pre00/0195/th/pre/i/2018/257/a/6/the_taco_bell_story_by_itscs117-dcmvp7z.jpg" height="150" width="76"/>            <media:thumbnail url="https://t00.deviantart.net/QxYT5RAVV3tcQNWh44Ry8_y1YwE=/fit-in/300x900/filters:no_upscale():origin()/pre00/0195/th/pre/i/2018/257/a/6/the_taco_bell_story_by_itscs117-dcmvp7z.jpg" height="591" width="300"/>            <media:thumbnail url="https://t00.deviantart.net/lADywxqE8WO6V4jj-Qpjenph3VA=/300x200/filters:fixed_height(100,100):origin()/pre00/0195/th/pre/i/2018/257/a/6/the_taco_bell_story_by_itscs117-dcmvp7z.jpg" height="200" width="101"/>            <media:content url="https://pre00.deviantart.net/0195/th/pre/i/2018/257/a/6/the_taco_bell_story_by_itscs117-dcmvp7z.jpg" height="1255" width="636" medium="image"/>            
            <description>A true story that happened last month involving taco bell.&lt;br /&gt;&lt;div&gt;&lt;img src=&quot;https://t00.deviantart.net/lADywxqE8WO6V4jj-Qpjenph3VA=/300x200/filters:fixed_height(100,100):origin()/pre00/0195/th/pre/i/2018/257/a/6/the_taco_bell_story_by_itscs117-dcmvp7z.jpg&quot; alt=&quot;thumbnail&quot; /&gt;&lt;/div&gt;</description>            </item>
                    <item>
                <title>Equestria And Our World </title>
                <link>https://dksponge13.deviantart.com/art/Equestria-And-Our-World-761586745</link>
                <guid isPermaLink="true">https://dksponge13.deviantart.com/art/Equestria-And-Our-World-761586745</guid>
                <pubDate>Tue, 28 Aug 2018 17:22:31 PDT</pubDate>
                        <media:title type="plain">Equestria And Our World </media:title>
        <media:keywords></media:keywords>
                        <media:rating>nonadult</media:rating>
                <media:category label="Strips">cartoons/digital/comics/strips</media:category>
        <media:credit role="author" scheme="urn:ebu">dksponge13</media:credit>
        <media:credit role="author" scheme="urn:ebu">https://a.deviantart.net/avatars/d/k/dksponge13.jpg?12</media:credit>
        <media:copyright url="https://dksponge13.deviantart.com">Copyright 2018-2019 dksponge13</media:copyright>            <media:description type="html">A little poetic comic I did years ago. &amp;#128513; (This is actually a remake. The original&#039;s been lost for a long time)&lt;br /&gt;&lt;br /&gt;Made using Rage Maker&lt;br /&gt;&lt;br /&gt;-&lt;br /&gt;&lt;br /&gt;My Little Pony &amp;#169; Hasbro</media:description>            <media:thumbnail url="https://t00.deviantart.net/NOui-spw8UrBXMOUTH_0PTXhZUM=/fit-in/150x150/filters:no_upscale():origin()/pre00/ea7a/th/pre/i/2018/240/c/f/equestria_and_our_world__by_dksponge13-dclfg3d.jpg" height="150" width="49"/>            <media:thumbnail url="https://t00.deviantart.net/y4839IeO1pUMmh8oD0lRmVPCsUM=/fit-in/300x900/filters:no_upscale():origin()/pre00/ea7a/th/pre/i/2018/240/c/f/equestria_and_our_world__by_dksponge13-dclfg3d.jpg" height="900" width="293"/>            <media:thumbnail url="https://t00.deviantart.net/s3ojil-lghA68LY7eiAa5VKt9js=/300x200/filters:fixed_height(100,100):origin()/pre00/ea7a/th/pre/i/2018/240/c/f/equestria_and_our_world__by_dksponge13-dclfg3d.jpg" height="201" width="100"/>            <media:content url="https://pre00.deviantart.net/ea7a/th/pre/i/2018/240/c/f/equestria_and_our_world__by_dksponge13-dclfg3d.jpg" height="1567" width="510" medium="image"/>            
            <description>A little poetic comic I did years ago. &amp;#128513; (This is actually a remake. The original&#039;s been lost for a long time)&lt;br /&gt;&lt;br /&gt;Made using Rage Maker&lt;br /&gt;&lt;br /&gt;-&lt;br /&gt;&lt;br /&gt;My Little Pony &amp;#169; Hasbro&lt;br /&gt;&lt;div&gt;&lt;img src=&quot;https://t00.deviantart.net/s3ojil-lghA68LY7eiAa5VKt9js=/300x200/filters:fixed_height(100,100):origin()/pre00/ea7a/th/pre/i/2018/240/c/f/equestria_and_our_world__by_dksponge13-dclfg3d.jpg&quot; alt=&quot;thumbnail&quot; /&gt;&lt;/div&gt;</description>            </item>
                    <item>
                <title>Old drawing of angry desk flip guy</title>
                <link>https://cbuck3838.deviantart.com/art/Old-drawing-of-angry-desk-flip-guy-758380983</link>
                <guid isPermaLink="true">https://cbuck3838.deviantart.com/art/Old-drawing-of-angry-desk-flip-guy-758380983</guid>
                <pubDate>Tue, 07 Aug 2018 18:55:13 PDT</pubDate>
                        <media:title type="plain">Old drawing of angry desk flip guy</media:title>
        <media:keywords></media:keywords>
                        <media:rating>nonadult</media:rating>
                <media:category label="Other">traditional/drawings/other</media:category>
        <media:credit role="author" scheme="urn:ebu">cbuck3838</media:credit>
        <media:credit role="author" scheme="urn:ebu">https://a.deviantart.net/avatars/c/b/cbuck3838.jpg?6</media:credit>
        <media:copyright url="https://cbuck3838.deviantart.com">Copyright 2018-2019 cbuck3838</media:copyright>            <media:description type="html">This is an old drawing of a rage comic or meme I drew were the Stickman is flipping his own desk, literally! Anyways, I will post 2 more drawings tonight, then I&amp;#8217;m going to bed. So good night everyone!! &amp;#128564;</media:description>            <media:thumbnail url="https://t00.deviantart.net/HR-f0Q0ZHc_1HMvET4jiBMJXRGU=/fit-in/150x150/filters:no_upscale():origin()/pre00/31ee/th/pre/i/2018/219/a/d/old_drawing_of_angry_desk_flip_guy_by_cbuck3838-dcjiqif.jpg" height="113" width="150"/>            <media:thumbnail url="https://t00.deviantart.net/guypFCqI-edwsP06ci9Y8kZp6b8=/fit-in/300x900/filters:no_upscale():origin()/pre00/31ee/th/pre/i/2018/219/a/d/old_drawing_of_angry_desk_flip_guy_by_cbuck3838-dcjiqif.jpg" height="225" width="300"/>            <media:thumbnail url="https://t00.deviantart.net/e4Zm28bHVtPJk7ZfgjClmwMFzyQ=/300x200/filters:fixed_height(100,100):origin()/pre00/31ee/th/pre/i/2018/219/a/d/old_drawing_of_angry_desk_flip_guy_by_cbuck3838-dcjiqif.jpg" height="200" width="267"/>            <media:content url="https://img00.deviantart.net/6121/i/2018/219/a/d/old_drawing_of_angry_desk_flip_guy_by_cbuck3838-dcjiqif.jpg" height="768" width="1024" medium="image"/>            
            <description>This is an old drawing of a rage comic or meme I drew were the Stickman is flipping his own desk, literally! Anyways, I will post 2 more drawings tonight, then I&amp;#8217;m going to bed. So good night everyone!! &amp;#128564;&lt;br /&gt;&lt;div&gt;&lt;img src=&quot;https://t00.deviantart.net/e4Zm28bHVtPJk7ZfgjClmwMFzyQ=/300x200/filters:fixed_height(100,100):origin()/pre00/31ee/th/pre/i/2018/219/a/d/old_drawing_of_angry_desk_flip_guy_by_cbuck3838-dcjiqif.jpg&quot; alt=&quot;thumbnail&quot; /&gt;&lt;/div&gt;</description>            </item>
                    <item>
                <title>[Meme] Walmart Grandma (True Story)</title>
                <link>https://itscs117.deviantart.com/art/Meme-Walmart-Grandma-True-Story-757209386</link>
                <guid isPermaLink="true">https://itscs117.deviantart.com/art/Meme-Walmart-Grandma-True-Story-757209386</guid>
                <pubDate>Tue, 31 Jul 2018 12:35:51 PDT</pubDate>
                        <media:title type="plain">[Meme] Walmart Grandma (True Story)</media:title>
        <media:keywords></media:keywords>
                        <media:rating>nonadult</media:rating>
                <media:category label="Strips">cartoons/digital/comics/strips</media:category>
        <media:credit role="author" scheme="urn:ebu">ITSCS117</media:credit>
        <media:credit role="author" scheme="urn:ebu">https://a.deviantart.net/avatars/i/t/itscs117.jpg?2</media:credit>
        <media:copyright url="https://itscs117.deviantart.com">Copyright 2018-2019 ITSCS117</media:copyright>            <media:description type="html">A true story remade in a rage comic. All I wanted was a Price Tag!!!</media:description>            <media:thumbnail url="https://t00.deviantart.net/ybgZ8wrQmHChHjFeWRdJIj8CSf0=/fit-in/150x150/filters:no_upscale():origin()/pre00/50f3/th/pre/i/2018/212/c/e/_meme__walmart_grandma__true_story__by_itscs117-dcitmi2.png" height="150" width="48"/>            <media:thumbnail url="https://t00.deviantart.net/JZBJYmexNGh9UrIqG6Q0tEzPVhQ=/fit-in/300x900/filters:no_upscale():origin()/pre00/50f3/th/pre/i/2018/212/c/e/_meme__walmart_grandma__true_story__by_itscs117-dcitmi2.png" height="900" width="288"/>            <media:thumbnail url="https://t00.deviantart.net/wn6KvNiIqlbx-7MHH_itGR8vqoo=/300x200/filters:fixed_height(100,100):origin()/pre00/50f3/th/pre/i/2018/212/c/e/_meme__walmart_grandma__true_story__by_itscs117-dcitmi2.png" height="201" width="100"/>            <media:content url="https://pre00.deviantart.net/50f3/th/pre/i/2018/212/c/e/_meme__walmart_grandma__true_story__by_itscs117-dcitmi2.png" height="1581" width="505" medium="image"/>            
            <description>A true story remade in a rage comic. All I wanted was a Price Tag!!!&lt;br /&gt;&lt;div&gt;&lt;img src=&quot;https://t00.deviantart.net/wn6KvNiIqlbx-7MHH_itGR8vqoo=/300x200/filters:fixed_height(100,100):origin()/pre00/50f3/th/pre/i/2018/212/c/e/_meme__walmart_grandma__true_story__by_itscs117-dcitmi2.png&quot; alt=&quot;thumbnail&quot; /&gt;&lt;/div&gt;</description>            </item>
                    <item>
                <title>that&#039;s not how you pronounce these words.</title>
                <link>https://videakias.deviantart.com/art/that-s-not-how-you-pronounce-these-words-756748294</link>
                <guid isPermaLink="true">https://videakias.deviantart.com/art/that-s-not-how-you-pronounce-these-words-756748294</guid>
                <pubDate>Sat, 28 Jul 2018 14:32:59 PDT</pubDate>
                        <media:title type="plain">that&#039;s not how you pronounce these words.</media:title>
        <media:keywords></media:keywords>
                        <media:rating>nonadult</media:rating>
                <media:category label="Movies &amp; TV">fanart/cartoons/traditional/movies</media:category>
        <media:credit role="author" scheme="urn:ebu">videakias</media:credit>
        <media:credit role="author" scheme="urn:ebu">https://a.deviantart.net/avatars/v/i/videakias.png?5</media:credit>
        <media:copyright url="https://videakias.deviantart.com">Copyright 2018-2019 videakias</media:copyright>             <creativeCommons:license>http://creativecommons.org/licenses/by-nc-nd/3.0/</creativeCommons:license>
                <media:description type="html">&lt;div&gt;&lt;a class=&quot;external&quot; href=&quot;https://www.deviantart.com/users/outgoing?https://www.youtube.com/watch?v=n5Ffv8cACcw&quot;&gt;www.youtube.com/watch?v=n5Ffv8&amp;hellip;&lt;/a&gt;&lt;/div&gt;&lt;div&gt;almost every word in this video is pronounced wrong.&lt;/div&gt;&lt;div&gt;&lt;br /&gt;&lt;/div&gt;&lt;div&gt;&lt;br /&gt;&lt;/div&gt;&lt;div&gt;but at least her voice is nice.&lt;br /&gt;&lt;/div&gt;</media:description>            <media:thumbnail url="https://t00.deviantart.net/oGheyWUa6xzmKCJtrZlkQ8bXfV4=/fit-in/150x150/filters:no_upscale():origin()/pre00/457f/th/pre/f/2018/209/7/4/my_ears_by_videakias-dcijqpy.png" height="150" width="137"/>            <media:thumbnail url="https://t00.deviantart.net/uGvJXEkVvgkXnewU3iEk2vOZZbE=/fit-in/300x900/filters:no_upscale():origin()/pre00/457f/th/pre/f/2018/209/7/4/my_ears_by_videakias-dcijqpy.png" height="330" width="300"/>            <media:thumbnail url="https://t00.deviantart.net/pwUfPP4yTet1obFZbP0kx3VjOXM=/300x200/filters:fixed_height(100,100):origin()/pre00/457f/th/pre/f/2018/209/7/4/my_ears_by_videakias-dcijqpy.png" height="200" width="182"/>            <media:content url="https://orig00.deviantart.net/41ab/f/2018/209/7/4/my_ears_by_videakias-dcijqpy.png" height="936" width="852" medium="image"/>            
            <description>&lt;div&gt;&lt;a class=&quot;external&quot; href=&quot;https://www.deviantart.com/users/outgoing?https://www.youtube.com/watch?v=n5Ffv8cACcw&quot;&gt;www.youtube.com/watch?v=n5Ffv8&amp;hellip;&lt;/a&gt;&lt;/div&gt;&lt;div&gt;almost every word in this video is pronounced wrong.&lt;/div&gt;&lt;div&gt;&lt;br /&gt;&lt;/div&gt;&lt;div&gt;&lt;br /&gt;&lt;/div&gt;&lt;div&gt;but at least her voice is nice.&lt;br /&gt;&lt;/div&gt;&lt;br /&gt;&lt;div&gt;&lt;img src=&quot;https://t00.deviantart.net/pwUfPP4yTet1obFZbP0kx3VjOXM=/300x200/filters:fixed_height(100,100):origin()/pre00/457f/th/pre/f/2018/209/7/4/my_ears_by_videakias-dcijqpy.png&quot; alt=&quot;thumbnail&quot; /&gt;&lt;/div&gt;</description>            </item>
                    <item>
                <title>Boardroom Suggestion:No Trollface allowed to sad</title>
                <link>https://audiomachineforlife.deviantart.com/art/Boardroom-Suggestion-No-Trollface-allowed-to-sad-749256887</link>
                <guid isPermaLink="true">https://audiomachineforlife.deviantart.com/art/Boardroom-Suggestion-No-Trollface-allowed-to-sad-749256887</guid>
                <pubDate>Mon, 11 Jun 2018 07:47:37 PDT</pubDate>
                        <media:title type="plain">Boardroom Suggestion:No Trollface allowed to sad</media:title>
        <media:keywords></media:keywords>
                        <media:rating>nonadult</media:rating>
                <media:category label="Other">cartoons/digital/comics/other</media:category>
        <media:credit role="author" scheme="urn:ebu">AudiomachineForLife</media:credit>
        <media:credit role="author" scheme="urn:ebu">https://a.deviantart.net/avatars/a/u/audiomachineforlife.jpg?2</media:credit>
        <media:copyright url="https://audiomachineforlife.deviantart.com">Copyright 2018-2019 AudiomachineForLife</media:copyright>            <media:description type="html">Rules #1 before join Trollface Club:You&#039;re not allowed to sad at any time.&lt;br /&gt;Music used:&lt;br /&gt;Really Slow Motion - Gender&lt;br /&gt;Really Slow Motion - They Will Break You&lt;br /&gt;Audiomachine - Phalanx&lt;br /&gt;Audiomachine - Apocalyptic Warnings</media:description>            <media:thumbnail url="https://t00.deviantart.net/ZRqZjKZxVmT3NMvIRDP4TdiH6bI=/fit-in/150x150/filters:no_upscale():origin()/pre00/91f9/th/pre/f/2018/162/4/d/boardroom_suggestion_no_trollface_allowed_to_sad_by_audiomachineforlife-dce36bb.jpg" height="150" width="114"/>            <media:thumbnail url="https://t00.deviantart.net/C3_tk8ewOhjvvdWis4EKSWqHqrA=/fit-in/300x900/filters:no_upscale():origin()/pre00/91f9/th/pre/f/2018/162/4/d/boardroom_suggestion_no_trollface_allowed_to_sad_by_audiomachineforlife-dce36bb.jpg" height="394" width="300"/>            <media:thumbnail url="https://t00.deviantart.net/yfTBG5aOUpxvfEWwfL2Ma8u7kqU=/300x200/filters:fixed_height(100,100):origin()/pre00/91f9/th/pre/f/2018/162/4/d/boardroom_suggestion_no_trollface_allowed_to_sad_by_audiomachineforlife-dce36bb.jpg" height="200" width="152"/>            <media:content url="https://orig00.deviantart.net/1b8d/f/2018/162/4/d/boardroom_suggestion_no_trollface_allowed_to_sad_by_audiomachineforlife-dce36bb.jpg" height="652" width="497" medium="image"/>            
            <description>Rules #1 before join Trollface Club:You&#039;re not allowed to sad at any time.&lt;br /&gt;Music used:&lt;br /&gt;Really Slow Motion - Gender&lt;br /&gt;Really Slow Motion - They Will Break You&lt;br /&gt;Audiomachine - Phalanx&lt;br /&gt;Audiomachine - Apocalyptic Warnings&lt;br /&gt;&lt;div&gt;&lt;img src=&quot;https://t00.deviantart.net/yfTBG5aOUpxvfEWwfL2Ma8u7kqU=/300x200/filters:fixed_height(100,100):origin()/pre00/91f9/th/pre/f/2018/162/4/d/boardroom_suggestion_no_trollface_allowed_to_sad_by_audiomachineforlife-dce36bb.jpg&quot; alt=&quot;thumbnail&quot; /&gt;&lt;/div&gt;</description>            </item>
                    <item>
                <title>Loli-rock</title>
                <link>https://audiomachineforlife.deviantart.com/art/Loli-rock-749100731</link>
                <guid isPermaLink="true">https://audiomachineforlife.deviantart.com/art/Loli-rock-749100731</guid>
                <pubDate>Sun, 10 Jun 2018 08:08:15 PDT</pubDate>
                        <media:title type="plain">Loli-rock</media:title>
        <media:keywords></media:keywords>
                        <media:rating>nonadult</media:rating>
                <media:category label="Other">cartoons/digital/comics/other</media:category>
        <media:credit role="author" scheme="urn:ebu">AudiomachineForLife</media:credit>
        <media:credit role="author" scheme="urn:ebu">https://a.deviantart.net/avatars/a/u/audiomachineforlife.jpg?2</media:credit>
        <media:copyright url="https://audiomachineforlife.deviantart.com">Copyright 2018-2019 AudiomachineForLife</media:copyright>            <media:description type="html">Credit to Mroyer782 for this meme.&lt;br /&gt;Iris,one member of Lolirock is also work as a customer care.Then,Iris got a phone call from OMG Run guy,said his name is Loli and being chased by a rock&lt;br /&gt;Music used:&lt;br /&gt;Two Steps From Hell - Children Of The Sun&lt;br /&gt;Two Steps From Hell - Undying Love(Extended)&lt;br /&gt;Two Steps From Hell - Freedom Fighters&lt;br /&gt;Two Steps From Hell - Heart Of Courage&lt;br /&gt;Two Steps From Hell - False King&lt;br /&gt;Two Steps From Hell - Enigmatic Soul&lt;br /&gt;Two Steps From Hell - Immortal&lt;br /&gt;Two Steps From Hell - Merchant Prince&lt;br /&gt;Two Steps From Hell - Ocean Princess</media:description>            <media:thumbnail url="https://t00.deviantart.net/DX2rqwfuyraHoLZtczSLhrgSdAs=/fit-in/150x150/filters:no_upscale():origin()/pre00/95e6/th/pre/f/2018/161/4/6/loli_rock_by_audiomachineforlife-dcdzttn.jpg" height="150" width="133"/>            <media:thumbnail url="https://t00.deviantart.net/5DvCwdCzg8iy0YEUtK26yyYRAD4=/fit-in/300x900/filters:no_upscale():origin()/pre00/95e6/th/pre/f/2018/161/4/6/loli_rock_by_audiomachineforlife-dcdzttn.jpg" height="338" width="300"/>            <media:thumbnail url="https://t00.deviantart.net/DxKRgKtkJauxcGeNc9ybzuFmdvo=/300x200/filters:fixed_height(100,100):origin()/pre00/95e6/th/pre/f/2018/161/4/6/loli_rock_by_audiomachineforlife-dcdzttn.jpg" height="200" width="178"/>            <media:content url="https://orig00.deviantart.net/8ec1/f/2018/161/4/6/loli_rock_by_audiomachineforlife-dcdzttn.jpg" height="350" width="311" medium="image"/>            
            <description>Credit to Mroyer782 for this meme.&lt;br /&gt;Iris,one member of Lolirock is also work as a customer care.Then,Iris got a phone call from OMG Run guy,said his name is Loli and being chased by a rock&lt;br /&gt;Music used:&lt;br /&gt;Two Steps From Hell - Children Of The Sun&lt;br /&gt;Two Steps From Hell - Undying Love(Extended)&lt;br /&gt;Two Steps From Hell - Freedom Fighters&lt;br /&gt;Two Steps From Hell - Heart Of Courage&lt;br /&gt;Two Steps From Hell - False King&lt;br /&gt;Two Steps From Hell - Enigmatic Soul&lt;br /&gt;Two Steps From Hell - Immortal&lt;br /&gt;Two Steps From Hell - Merchant Prince&lt;br /&gt;Two Steps From Hell - Ocean Princess&lt;br /&gt;&lt;div&gt;&lt;img src=&quot;https://t00.deviantart.net/DxKRgKtkJauxcGeNc9ybzuFmdvo=/300x200/filters:fixed_height(100,100):origin()/pre00/95e6/th/pre/f/2018/161/4/6/loli_rock_by_audiomachineforlife-dcdzttn.jpg&quot; alt=&quot;thumbnail&quot; /&gt;&lt;/div&gt;</description>            </item>
                    <item>
                <title>Baldi&#039;s Basics in Rage and Memes</title>
                <link>https://shadowbonnie5.deviantart.com/art/Baldi-s-Basics-in-Rage-and-Memes-747477746</link>
                <guid isPermaLink="true">https://shadowbonnie5.deviantart.com/art/Baldi-s-Basics-in-Rage-and-Memes-747477746</guid>
                <pubDate>Wed, 30 May 2018 21:49:02 PDT</pubDate>
                        <media:title type="plain">Baldi&#039;s Basics in Rage and Memes</media:title>
        <media:keywords></media:keywords>
                        <media:rating>nonadult</media:rating>
                <media:category label="Other">cartoons/digital/comics/other</media:category>
        <media:credit role="author" scheme="urn:ebu">Shadowbonnie5</media:credit>
        <media:credit role="author" scheme="urn:ebu">https://a.deviantart.net/avatars/s/h/shadowbonnie5.jpg?3</media:credit>
        <media:copyright url="https://shadowbonnie5.deviantart.com">Copyright 2018-2019 Shadowbonnie5</media:copyright>            <media:description type="html">But why tho Baldi?&amp;nbsp;&lt;a href=&quot;https://gksrhkdtmd.deviantart.com/art/Baldi-s-basics-in-education-and-learning-gif-747001966&quot; class=&quot;emoticon&quot; data-embed-type=&quot;emoticon&quot; data-embed-id=&quot;747001966&quot; data-embed-profile=&quot;deviation&quot;&gt;&lt;img src=&quot;https://orig00.deviantart.net/1ab9/f/2018/147/3/7/baldi_s_basics_in_education_and_learning__gif__by_gksrhkdtmd-dccquem.gif&quot; alt=&quot;Baldi&amp;#039;s basics in education and learning (gif)&quot; style=&quot;width:50px;height:50px&quot;&gt;&lt;/a&gt;&amp;nbsp;</media:description>            <media:thumbnail url="https://t00.deviantart.net/GztMIkkd0_FfoIz8dbGWFSnfWUI=/fit-in/150x150/filters:no_upscale():origin()/pre00/8fc0/th/pre/f/2018/150/5/8/baldis_basics_in_rage_comics_and_memes_by_shadowbonnie5-dcd11iq.png" height="56" width="150"/>            <media:thumbnail url="https://t00.deviantart.net/RjmYYZpRg9pP2NRHWg1vsy7HIBM=/fit-in/300x900/filters:no_upscale():origin()/pre00/8fc0/th/pre/f/2018/150/5/8/baldis_basics_in_rage_comics_and_memes_by_shadowbonnie5-dcd11iq.png" height="111" width="300"/>            <media:thumbnail url="https://t00.deviantart.net/XwVvvBzoS7TGXbAKz_5cOLYqofA=/300x200/filters:fixed_height(100,100):origin()/pre00/8fc0/th/pre/f/2018/150/5/8/baldis_basics_in_rage_comics_and_memes_by_shadowbonnie5-dcd11iq.png" height="111" width="300"/>            <media:content url="https://orig00.deviantart.net/ac20/f/2018/150/5/8/baldis_basics_in_rage_comics_and_memes_by_shadowbonnie5-dcd11iq.png" height="241" width="651" medium="image"/>            
            <description>But why tho Baldi?&amp;nbsp;&lt;a href=&quot;https://gksrhkdtmd.deviantart.com/art/Baldi-s-basics-in-education-and-learning-gif-747001966&quot; class=&quot;emoticon&quot; data-embed-type=&quot;emoticon&quot; data-embed-id=&quot;747001966&quot; data-embed-profile=&quot;deviation&quot;&gt;&lt;img src=&quot;https://orig00.deviantart.net/1ab9/f/2018/147/3/7/baldi_s_basics_in_education_and_learning__gif__by_gksrhkdtmd-dccquem.gif&quot; alt=&quot;Baldi&amp;#039;s basics in education and learning (gif)&quot; style=&quot;width:50px;height:50px&quot;&gt;&lt;/a&gt;&amp;nbsp;&lt;br /&gt;&lt;div&gt;&lt;img src=&quot;https://t00.deviantart.net/XwVvvBzoS7TGXbAKz_5cOLYqofA=/300x200/filters:fixed_height(100,100):origin()/pre00/8fc0/th/pre/f/2018/150/5/8/baldis_basics_in_rage_comics_and_memes_by_shadowbonnie5-dcd11iq.png&quot; alt=&quot;thumbnail&quot; /&gt;&lt;/div&gt;</description>            </item>
                    <item>
                <title>Worse yet, I work at this same restaurant</title>
                <link>https://shadowbonnie5.deviantart.com/art/Worse-yet-I-work-at-this-same-restaurant-747409225</link>
                <guid isPermaLink="true">https://shadowbonnie5.deviantart.com/art/Worse-yet-I-work-at-this-same-restaurant-747409225</guid>
                <pubDate>Wed, 30 May 2018 13:07:49 PDT</pubDate>
                        <media:title type="plain">Worse yet, I work at this same restaurant</media:title>
        <media:keywords></media:keywords>
                        <media:rating>nonadult</media:rating>
                <media:category label="Strips">cartoons/digital/comics/strips</media:category>
        <media:credit role="author" scheme="urn:ebu">Shadowbonnie5</media:credit>
        <media:credit role="author" scheme="urn:ebu">https://a.deviantart.net/avatars/s/h/shadowbonnie5.jpg?3</media:credit>
        <media:copyright url="https://shadowbonnie5.deviantart.com">Copyright 2018-2019 Shadowbonnie5</media:copyright>            <media:description type="html">First rage comic!</media:description>            <media:thumbnail url="https://t00.deviantart.net/SX4L34O5MM3mIcROTEeDxBGZ-gM=/fit-in/150x150/filters:no_upscale():origin()/pre00/34ee/th/pre/f/2018/150/d/6/ragecomic_by_shadowbonnie5-dcczknd.png" height="150" width="102"/>            <media:thumbnail url="https://t00.deviantart.net/E16KTDPQU7r2OOdWld3HQFPAed4=/fit-in/300x900/filters:no_upscale():origin()/pre00/34ee/th/pre/f/2018/150/d/6/ragecomic_by_shadowbonnie5-dcczknd.png" height="443" width="300"/>            <media:thumbnail url="https://t00.deviantart.net/eAzI1Z9qDlioI0VnRlj6EeGdjIY=/300x200/filters:fixed_height(100,100):origin()/pre00/34ee/th/pre/f/2018/150/d/6/ragecomic_by_shadowbonnie5-dcczknd.png" height="200" width="135"/>            <media:content url="https://orig00.deviantart.net/dd5a/f/2018/150/d/6/ragecomic_by_shadowbonnie5-dcczknd.png" height="961" width="651" medium="image"/>            
            <description>First rage comic!&lt;br /&gt;&lt;div&gt;&lt;img src=&quot;https://t00.deviantart.net/eAzI1Z9qDlioI0VnRlj6EeGdjIY=/300x200/filters:fixed_height(100,100):origin()/pre00/34ee/th/pre/f/2018/150/d/6/ragecomic_by_shadowbonnie5-dcczknd.png&quot; alt=&quot;thumbnail&quot; /&gt;&lt;/div&gt;</description>            </item>
                    <item>
                <title>Call of Duty: True Capitalist Warfare</title>
                <link>https://dragonsnake9989.deviantart.com/art/Call-of-Duty-True-Capitalist-Warfare-745366082</link>
                <guid isPermaLink="true">https://dragonsnake9989.deviantart.com/art/Call-of-Duty-True-Capitalist-Warfare-745366082</guid>
                <pubDate>Thu, 17 May 2018 08:28:01 PDT</pubDate>
                        <media:title type="plain">Call of Duty: True Capitalist Warfare</media:title>
        <media:keywords></media:keywords>
                        <media:rating>nonadult</media:rating>
                <media:category label="Sci-Fi">digitalart/paintings/scifi</media:category>
        <media:credit role="author" scheme="urn:ebu">DragonSnake9989</media:credit>
        <media:credit role="author" scheme="urn:ebu">https://a.deviantart.net/avatars/d/r/dragonsnake9989.png?5</media:credit>
        <media:copyright url="https://dragonsnake9989.deviantart.com">Copyright 2018-2019 DragonSnake9989</media:copyright>            <media:description type="html">Before you jumped the shark at me, this is a &lt;b&gt;parody intention&lt;/b&gt; on True Capitalists Radio and the upcoming Call of Duty: Black Ops 4.&lt;br /&gt;&lt;br /&gt;...Okay, you know what? This one deserve an attention.&lt;br /&gt;&lt;br /&gt;When I heard the news that Call of Duty: Black Ops 4 becomes the Battle Royale game and the single-player campaign mode was (allegedly) removed before the reveal trailer, I&#039;ve decided to draw this pic to poke fun at it.&lt;br /&gt;&lt;br /&gt;This artwork is pretty much difficult to draw for me. Drawing troll faces from rage comics are okay but the background and pinpointing Austin, Texas from outer space on low orbit and the exact spot for the cover art are very challenging for me but I finally get the job done. During my work, I just laughed out loud myself when I look at it because it&#039;s funny. &lt;img src=&quot;https://e.deviantart.net/emoticons/x/xd.gif&quot; width=&quot;15&quot; height=&quot;15&quot; alt=&quot;:XD:&quot; data-embed-type=&quot;emoticon&quot; data-embed-id=&quot;93&quot; title=&quot;XD&quot;/&gt;&lt;br /&gt;&lt;br /&gt;This artwork was supposed to be for poking fun at Ghost, a radio show host from True Capitalist Radio before his last show ended this year, but I&#039;ve decided to poke at both TCR and Call of Duty.&lt;br /&gt;&lt;br /&gt;Though officially I&#039;m not one of those guys from 4Chan, I&#039;m just an artist who do some cool and crazy stuff around my work. Also, I&#039;ve added Easter Eggs. Can you find them? &lt;img src=&quot;https://e.deviantart.net/emoticons/s/smile.gif&quot; width=&quot;15&quot; height=&quot;15&quot; alt=&quot;:)&quot; data-embed-type=&quot;emoticon&quot; data-embed-id=&quot;391&quot; title=&quot;:) (Smile)&quot;/&gt;&lt;br /&gt;&lt;br /&gt;In case if you don&#039;t know who Ghost really is, then here&#039;s the link to proof it: &lt;a class=&quot;external&quot; href=&quot;https://www.deviantart.com/users/outgoing?https://truecapitalist.miraheze.org/wiki/Ghost&quot;&gt;truecapitalist.miraheze.org/wi&amp;hellip;&lt;/a&gt;&lt;br /&gt;&lt;br /&gt;Hope you like this one, fellas. Enjoy my artwork! &lt;img src=&quot;https://e.deviantart.net/emoticons/b/biggrin.gif&quot; width=&quot;15&quot; height=&quot;15&quot; alt=&quot;:D&quot; data-embed-type=&quot;emoticon&quot; data-embed-id=&quot;366&quot; title=&quot;:D (Big Grin)&quot;/&gt;&lt;br /&gt;&lt;br /&gt;&lt;hr/&gt;&lt;br /&gt;&lt;b&gt;&lt;i&gt;&amp;#8220;Troll Warfare, Internet Warfare, Troll Ops, Rage Commandos, call it whatever you like. We love this idea and game. We do not forgive Activision but we do not forget this awesome game!&amp;#8221;&lt;/i&gt;&lt;/b&gt;&lt;br /&gt;-Anonymous&lt;br /&gt;&lt;br /&gt;&lt;b&gt;&lt;i&gt;&amp;#8220;Oh my, this game is totally legit!&amp;#8221;&lt;/i&gt;&lt;/b&gt;&lt;br /&gt;-Tub Guy&lt;br /&gt;&lt;br /&gt;&lt;b&gt;&lt;i&gt;&amp;#8220;What the fuck is this shit?!&amp;#8221;&lt;/i&gt;&lt;/b&gt;&lt;br /&gt;-Infinity Wards&lt;br /&gt;&lt;br /&gt;&lt;b&gt;&lt;i&gt;&amp;#8220;Troll Commandos in Space Marines uniforms?! Really??&amp;#8221;&lt;/i&gt;&lt;/b&gt;&lt;br /&gt;-Treyarch&lt;br /&gt;&lt;br /&gt;&lt;b&gt;&lt;i&gt;We didn&#039;t made the game like this!&lt;/i&gt;&lt;/b&gt;&lt;br /&gt;-Activision&lt;br /&gt;&lt;br /&gt;&lt;b&gt;&lt;i&gt;&amp;#8220;You sick twisted sonavabitch! You made a video game to poke a fun out of me to make me look like a freaking bad guy and make Capitalism look bad while you troll terrorist scumbags and cyber vermin assholes are bunch of heroes dressing up like a GODDAMN United States space marines to take me down in outer space like freaking Thanos from the Avengers movie and this is what I get a respect from you, you stupid little fu - *cans.wav* - That&#039;s it! Stick a fork at me-- I&#039;m done! I&#039;m done! Stick a fork at me, I&#039;m Goddamn done!! I&#039;m done with this crappy game!&amp;#8221;&lt;/i&gt;&lt;/b&gt;&lt;br /&gt;-Ghost, the True Capitalists Radio host&lt;br /&gt;&lt;br /&gt;It is the year 2020 CE, two years after President Donald Trump died by a fatal heart attack by eating too much junk foods and our country was in a complete disarray and in great chaos until the True Capitalist Radio host, the man they called him &amp;#8220;Ghost&amp;#8221; suddenly became the President of the United States and changed the world what they should&#039;ve done years ago forever. Now two years later, America has become known as the Greater Republic of Texas and it is a totalitarian far-right regime that brought them back to the dark age and the nightmare was realized from an iconic novel from Orson Welles&amp;#8217; &amp;#8220;1984&amp;#8221;. Their freedom of speech and expression was taken away from the people and the public medias, democrats and liberals were expelled, banned and crushed from politics, marshal law&#039;d the entire system and social media, and invaded and conquered half of the world as we know it and transformed into a world of greedy intoxication of the reshaped Capitalism with Communism influential experimentations which they already knew it. Even worse, President Ghost have implemented microtransactions and loot boxes into law and everyone and I mean everybody must pay up their cash if they want go on with their daily lives as well to continue play the game and they&#039;re going to get away with it?!&lt;br /&gt;&lt;br /&gt;Someone has to stop him and his brutal oppressive regime... Until now.&lt;br /&gt;&lt;br /&gt;You are Private James Ramirez, a member of Rage Commandos, a squad of rag-tag freedom fighters from the old United States and the free world of the internet battle against the Capitalist Army on a global scale and liberate America from President Ghost and his Inner Circle before they will destroy us all.&lt;br /&gt;&lt;br /&gt;* &lt;b&gt;&lt;i&gt;An All-New Single-Player Campaign Mission&lt;/i&gt;&lt;/b&gt; - Play as a member of Rage Commandos as you fight your way for freedom against the True Capitalist Regime in a full linear storyline, from the jungle warfare in Viet-f***ing-Nam to the war-torn nation of People&#039;s Republic of China to the heart of the American battlefield including Austin, the capital of the Greater Republic of Texas, to duke it out in outer space and on the moon so pack your bags and grab your guns, rookies! You&amp;#8217;re gonna be Space Marines! Written by the Award-losing writers from Call of Duty: Ghost and Call of Duty: Infinite Warfare and inspired from Micheal Bay&#039;s patriotic movies like The Rock, Bad Boys 1 &amp;amp; 2, Pearl Harbor, 13 Hours, and the Transformers franchise.&lt;br /&gt;&lt;br /&gt;* &lt;b&gt;&lt;i&gt;Classic Multiplayer Mode&lt;/i&gt;&lt;/b&gt; - Go head-2-head with your opponents in boots-to-the-ground classic, on solo or team deathmatch in a battleground like in the war-torn University of Texas, the defense of border wall between Mexico and Texas, the urban warfare in Shanghai, from Hue to Ho Chi Minh City in Vietnam, and fan-favorite map of Nuketown in Texas Style with a brand new Ninja Knifing/Punching Mode and no penalty problem at all with grieving and trolling funny stupid people and squeakers! Oh, we didn&amp;#8217;t forget our classic Zombies Mode and the return of Aliens Mode where you fight off the invaders on your home planet or their home turf on Mars!&lt;br /&gt;&lt;br /&gt;* &lt;b&gt;&lt;i&gt;Meet the Cast of Interesting Characters&lt;/i&gt;&lt;/b&gt; - Meet the friends and foes alike like iconic troll faces from Rage Comics and the folks from True Capitalist Regime&#039;s Inner Circle and Enemy&#039;s List like Vice-President Engineer, Tyrone, Mister Fortune Cookies, The Guru, Paco, Mahmoud/Machmoud, Alex Jones, Ghetto Capitalist, Tub Guy, Tri$ha, Asho, The Internet Buttstalker, Suck Mah D*** Guy, Xarahox the Piano Man, Tzeki, Coodoo17, GOOFY_BONE, The African Booty Scratcher, Teutonic Plague, bmar86, K-K-K-Keemstar from DramaAlert, The Brony Network and more to encounter during the gameplay! Including Call of Duty characters like Alex Mason, Frank Woods, Victor Reznov, Captain John &amp;#8220;Soap&amp;#8221; MacTavish, Captain John Price, Sergeant Foley (voiced by Keith David) and more of your favorite characters and Bronies in the game!&lt;br /&gt;&lt;br /&gt;* &lt;b&gt;&lt;i&gt;Best Music Soundtracks&lt;/i&gt;&lt;/b&gt; - Scored by well-talented Hans Zimmer, best known to all your favorite movies, along with Xarahox the Piano and the songs from broke-back Nickelback including the internet remixes with splices and such! Including the newly-added soundtrack of &amp;#8220;Space Oddity&amp;#8221; done by David Bowie and cover-done by Lady Heroine and &amp;#8220;F*** You, Texas&amp;#8221; by Tom Mathis!&lt;br /&gt;&lt;br /&gt;* &lt;b&gt;&lt;i&gt;All the Rage, All the Fun&lt;/i&gt;&lt;/b&gt; - Play endless time this game with all good times with epic drama, humor, and hilarious rage-quitting moments with cans.wav along the way with memes like Nyan Cat, Y U NO, U MAD BRO, and Ramirez Does Everything!</media:description>            <media:thumbnail url="https://t00.deviantart.net/R572jSqwFQr_dE9Z16cmaLqevr0=/fit-in/150x150/filters:no_upscale():origin()/pre00/8508/th/pre/f/2018/137/e/7/call_of_duty__true_capitalist_warfare_by_dragonsnake9989-dcbrs5e.png" height="84" width="150"/>            <media:thumbnail url="https://t00.deviantart.net/pdpsY_11ujuCePulAUqJPoTqQqQ=/fit-in/300x900/filters:no_upscale():origin()/pre00/8508/th/pre/f/2018/137/e/7/call_of_duty__true_capitalist_warfare_by_dragonsnake9989-dcbrs5e.png" height="169" width="300"/>            <media:thumbnail url="https://t00.deviantart.net/Bdh4CFjtBEVIWl8ftcC8Fsa5uIc=/300x200/filters:fixed_height(100,100):origin()/pre00/8508/th/pre/f/2018/137/e/7/call_of_duty__true_capitalist_warfare_by_dragonsnake9989-dcbrs5e.png" height="169" width="300"/>            <media:content url="https://pre00.deviantart.net/8508/th/pre/f/2018/137/e/7/call_of_duty__true_capitalist_warfare_by_dragonsnake9989-dcbrs5e.png" height="670" width="1192" medium="image"/>            
            <description>Before you jumped the shark at me, this is a &lt;b&gt;parody intention&lt;/b&gt; on True Capitalists Radio and the upcoming Call of Duty: Black Ops 4.&lt;br /&gt;&lt;br /&gt;...Okay, you know what? This one deserve an attention.&lt;br /&gt;&lt;br /&gt;When I heard the news that Call of Duty: Black Ops 4 becomes the Battle Royale game and the single-player campaign mode was (allegedly) removed before the reveal trailer, I&#039;ve decided to draw this pic to poke fun at it.&lt;br /&gt;&lt;br /&gt;This artwork is pretty much difficult to draw for me. Drawing troll faces from rage comics are okay but the background and pinpointing Austin, Texas from outer space on low orbit and the exact spot for the cover art are very challenging for me but I finally get the job done. During my work, I just laughed out loud myself when I look at it because it&#039;s funny. &lt;img src=&quot;https://e.deviantart.net/emoticons/x/xd.gif&quot; width=&quot;15&quot; height=&quot;15&quot; alt=&quot;:XD:&quot; data-embed-type=&quot;emoticon&quot; data-embed-id=&quot;93&quot; title=&quot;XD&quot;/&gt;&lt;br /&gt;&lt;br /&gt;This artwork was supposed to be for poking fun at Ghost, a radio show host from True Capitalist Radio before his last show ended this year, but I&#039;ve decided to poke at both TCR and Call of Duty.&lt;br /&gt;&lt;br /&gt;Though officially I&#039;m not one of those guys from 4Chan, I&#039;m just an artist who do some cool and crazy stuff around my work. Also, I&#039;ve added Easter Eggs. Can you find them? &lt;img src=&quot;https://e.deviantart.net/emoticons/s/smile.gif&quot; width=&quot;15&quot; height=&quot;15&quot; alt=&quot;:)&quot; data-embed-type=&quot;emoticon&quot; data-embed-id=&quot;391&quot; title=&quot;:) (Smile)&quot;/&gt;&lt;br /&gt;&lt;br /&gt;In case if you don&#039;t know who Ghost really is, then here&#039;s the link to proof it: &lt;a class=&quot;external&quot; href=&quot;https://www.deviantart.com/users/outgoing?https://truecapitalist.miraheze.org/wiki/Ghost&quot;&gt;truecapitalist.miraheze.org/wi&amp;hellip;&lt;/a&gt;&lt;br /&gt;&lt;br /&gt;Hope you like this one, fellas. Enjoy my artwork! &lt;img src=&quot;https://e.deviantart.net/emoticons/b/biggrin.gif&quot; width=&quot;15&quot; height=&quot;15&quot; alt=&quot;:D&quot; data-embed-type=&quot;emoticon&quot; data-embed-id=&quot;366&quot; title=&quot;:D (Big Grin)&quot;/&gt;&lt;br /&gt;&lt;br /&gt;&lt;hr/&gt;&lt;br /&gt;&lt;b&gt;&lt;i&gt;&amp;#8220;Troll Warfare, Internet Warfare, Troll Ops, Rage Commandos, call it whatever you like. We love this idea and game. We do not forgive Activision but we do not forget this awesome game!&amp;#8221;&lt;/i&gt;&lt;/b&gt;&lt;br /&gt;-Anonymous&lt;br /&gt;&lt;br /&gt;&lt;b&gt;&lt;i&gt;&amp;#8220;Oh my, this game is totally legit!&amp;#8221;&lt;/i&gt;&lt;/b&gt;&lt;br /&gt;-Tub Guy&lt;br /&gt;&lt;br /&gt;&lt;b&gt;&lt;i&gt;&amp;#8220;What the fuck is this shit?!&amp;#8221;&lt;/i&gt;&lt;/b&gt;&lt;br /&gt;-Infinity Wards&lt;br /&gt;&lt;br /&gt;&lt;b&gt;&lt;i&gt;&amp;#8220;Troll Commandos in Space Marines uniforms?! Really??&amp;#8221;&lt;/i&gt;&lt;/b&gt;&lt;br /&gt;-Treyarch&lt;br /&gt;&lt;br /&gt;&lt;b&gt;&lt;i&gt;We didn&#039;t made the game like this!&lt;/i&gt;&lt;/b&gt;&lt;br /&gt;-Activision&lt;br /&gt;&lt;br /&gt;&lt;b&gt;&lt;i&gt;&amp;#8220;You sick twisted sonavabitch! You made a video game to poke a fun out of me to make me look like a freaking bad guy and make Capitalism look bad while you troll terrorist scumbags and cyber vermin assholes are bunch of heroes dressing up like a GODDAMN United States space marines to take me down in outer space like freaking Thanos from the Avengers movie and this is what I get a respect from you, you stupid little fu - *cans.wav* - That&#039;s it! Stick a fork at me-- I&#039;m done! I&#039;m done! Stick a fork at me, I&#039;m Goddamn done!! I&#039;m done with this crappy game!&amp;#8221;&lt;/i&gt;&lt;/b&gt;&lt;br /&gt;-Ghost, the True Capitalists Radio host&lt;br /&gt;&lt;br /&gt;It is the year 2020 CE, two years after President Donald Trump died by a fatal heart attack by eating too much junk foods and our country was in a complete disarray and in great chaos until the True Capitalist Radio host, the man they called him &amp;#8220;Ghost&amp;#8221; suddenly became the President of the United States and changed the world what they should&#039;ve done years ago forever. Now two years later, America has become known as the Greater Republic of Texas and it is a totalitarian far-right regime that brought them back to the dark age and the nightmare was realized from an iconic novel from Orson Welles&amp;#8217; &amp;#8220;1984&amp;#8221;. Their freedom of speech and expression was taken away from the people and the public medias, democrats and liberals were expelled, banned and crushed from politics, marshal law&#039;d the entire system and social media, and invaded and conquered half of the world as we know it and transformed into a world of greedy intoxication of the reshaped Capitalism with Communism influential experimentations which they already knew it. Even worse, President Ghost have implemented microtransactions and loot boxes into law and everyone and I mean everybody must pay up their cash if they want go on with their daily lives as well to continue play the game and they&#039;re going to get away with it?!&lt;br /&gt;&lt;br /&gt;Someone has to stop him and his brutal oppressive regime... Until now.&lt;br /&gt;&lt;br /&gt;You are Private James Ramirez, a member of Rage Commandos, a squad of rag-tag freedom fighters from the old United States and the free world of the internet battle against the Capitalist Army on a global scale and liberate America from President Ghost and his Inner Circle before they will destroy us all.&lt;br /&gt;&lt;br /&gt;* &lt;b&gt;&lt;i&gt;An All-New Single-Player Campaign Mission&lt;/i&gt;&lt;/b&gt; - Play as a member of Rage Commandos as you fight your way for freedom against the True Capitalist Regime in a full linear storyline, from the jungle warfare in Viet-f***ing-Nam to the war-torn nation of People&#039;s Republic of China to the heart of the American battlefield including Austin, the capital of the Greater Republic of Texas, to duke it out in outer space and on the moon so pack your bags and grab your guns, rookies! You&amp;#8217;re gonna be Space Marines! Written by the Award-losing writers from Call of Duty: Ghost and Call of Duty: Infinite Warfare and inspired from Micheal Bay&#039;s patriotic movies like The Rock, Bad Boys 1 &amp;amp; 2, Pearl Harbor, 13 Hours, and the Transformers franchise.&lt;br /&gt;&lt;br /&gt;* &lt;b&gt;&lt;i&gt;Classic Multiplayer Mode&lt;/i&gt;&lt;/b&gt; - Go head-2-head with your opponents in boots-to-the-ground classic, on solo or team deathmatch in a battleground like in the war-torn University of Texas, the defense of border wall between Mexico and Texas, the urban warfare in Shanghai, from Hue to Ho Chi Minh City in Vietnam, and fan-favorite map of Nuketown in Texas Style with a brand new Ninja Knifing/Punching Mode and no penalty problem at all with grieving and trolling funny stupid people and squeakers! Oh, we didn&amp;#8217;t forget our classic Zombies Mode and the return of Aliens Mode where you fight off the invaders on your home planet or their home turf on Mars!&lt;br /&gt;&lt;br /&gt;* &lt;b&gt;&lt;i&gt;Meet the Cast of Interesting Characters&lt;/i&gt;&lt;/b&gt; - Meet the friends and foes alike like iconic troll faces from Rage Comics and the folks from True Capitalist Regime&#039;s Inner Circle and Enemy&#039;s List like Vice-President Engineer, Tyrone, Mister Fortune Cookies, The Guru, Paco, Mahmoud/Machmoud, Alex Jones, Ghetto Capitalist, Tub Guy, Tri$ha, Asho, The Internet Buttstalker, Suck Mah D*** Guy, Xarahox the Piano Man, Tzeki, Coodoo17, GOOFY_BONE, The African Booty Scratcher, Teutonic Plague, bmar86, K-K-K-Keemstar from DramaAlert, The Brony Network and more to encounter during the gameplay! Including Call of Duty characters like Alex Mason, Frank Woods, Victor Reznov, Captain John &amp;#8220;Soap&amp;#8221; MacTavish, Captain John Price, Sergeant Foley (voiced by Keith David) and more of your favorite characters and Bronies in the game!&lt;br /&gt;&lt;br /&gt;* &lt;b&gt;&lt;i&gt;Best Music Soundtracks&lt;/i&gt;&lt;/b&gt; - Scored by well-talented Hans Zimmer, best known to all your favorite movies, along with Xarahox the Piano and the songs from broke-back Nickelback including the internet remixes with splices and such! Including the newly-added soundtrack of &amp;#8220;Space Oddity&amp;#8221; done by David Bowie and cover-done by Lady Heroine and &amp;#8220;F*** You, Texas&amp;#8221; by Tom Mathis!&lt;br /&gt;&lt;br /&gt;* &lt;b&gt;&lt;i&gt;All the Rage, All the Fun&lt;/i&gt;&lt;/b&gt; - Play endless time this game with all good times with epic drama, humor, and hilarious rage-quitting moments with cans.wav along the way with memes like Nyan Cat, Y U NO, U MAD BRO, and Ramirez Does Everything!&lt;br /&gt;&lt;div&gt;&lt;img src=&quot;https://t00.deviantart.net/Bdh4CFjtBEVIWl8ftcC8Fsa5uIc=/300x200/filters:fixed_height(100,100):origin()/pre00/8508/th/pre/f/2018/137/e/7/call_of_duty__true_capitalist_warfare_by_dragonsnake9989-dcbrs5e.png&quot; alt=&quot;thumbnail&quot; /&gt;&lt;/div&gt;</description>            </item>
                    <item>
                <title>Parachute</title>
                <link>https://videakias.deviantart.com/art/Parachute-745108793</link>
                <guid isPermaLink="true">https://videakias.deviantart.com/art/Parachute-745108793</guid>
                <pubDate>Tue, 15 May 2018 13:23:15 PDT</pubDate>
                        <media:title type="plain">Parachute</media:title>
        <media:keywords></media:keywords>
                        <media:rating>nonadult</media:rating>
                <media:category label="Movies &amp; TV">fanart/cartoons/traditional/movies</media:category>
        <media:credit role="author" scheme="urn:ebu">videakias</media:credit>
        <media:credit role="author" scheme="urn:ebu">https://a.deviantart.net/avatars/v/i/videakias.png?5</media:credit>
        <media:copyright url="https://videakias.deviantart.com">Copyright 2018-2019 videakias</media:copyright>             <creativeCommons:license>http://creativecommons.org/licenses/by-nc-nd/3.0/</creativeCommons:license>
                <media:description type="html">parachutes?oh you mean these things kids wear because they are scared of a few scratches.&lt;br /&gt;&lt;br /&gt;&lt;br /&gt;the only battle royale game i paly is paladins realm royale because it is the only one that my 200 euro laptop from 2015 can handle.&lt;br /&gt;the game is still on alpha,i like how this game does not give us parachutes.&lt;br /&gt;i have played a little pubg and fortnite in an internet cafe,fortnite is hard,pubg is easy.&lt;br /&gt;they are both good games.&lt;br /&gt;paladin is an okay game it did some things right and some things wrong.</media:description>            <media:thumbnail url="https://t00.deviantart.net/t3QiE8o1mEfLXN8Oph_2PWKUuHQ=/fit-in/150x150/filters:no_upscale():origin()/pre00/d1a7/th/pre/f/2018/135/4/6/parachute_by_videakias-dcbm9mh.png" height="90" width="150"/>            <media:thumbnail url="https://t00.deviantart.net/SV9s7sqmRLyZbAe1ybWDTomAe60=/fit-in/300x900/filters:no_upscale():origin()/pre00/d1a7/th/pre/f/2018/135/4/6/parachute_by_videakias-dcbm9mh.png" height="181" width="300"/>            <media:thumbnail url="https://t00.deviantart.net/8FiY_oiC1742UNpvDnFSE9t5es4=/300x200/filters:fixed_height(100,100):origin()/pre00/d1a7/th/pre/f/2018/135/4/6/parachute_by_videakias-dcbm9mh.png" height="181" width="300"/>            <media:content url="https://orig00.deviantart.net/1b49/f/2018/135/4/6/parachute_by_videakias-dcbm9mh.png" height="586" width="972" medium="image"/>            
            <description>parachutes?oh you mean these things kids wear because they are scared of a few scratches.&lt;br /&gt;&lt;br /&gt;&lt;br /&gt;the only battle royale game i paly is paladins realm royale because it is the only one that my 200 euro laptop from 2015 can handle.&lt;br /&gt;the game is still on alpha,i like how this game does not give us parachutes.&lt;br /&gt;i have played a little pubg and fortnite in an internet cafe,fortnite is hard,pubg is easy.&lt;br /&gt;they are both good games.&lt;br /&gt;paladin is an okay game it did some things right and some things wrong.&lt;br /&gt;&lt;div&gt;&lt;img src=&quot;https://t00.deviantart.net/8FiY_oiC1742UNpvDnFSE9t5es4=/300x200/filters:fixed_height(100,100):origin()/pre00/d1a7/th/pre/f/2018/135/4/6/parachute_by_videakias-dcbm9mh.png&quot; alt=&quot;thumbnail&quot; /&gt;&lt;/div&gt;</description>            </item>
                    <item>
                <title>FUCK THIS SHIT I&#039;M OUT</title>
                <link>https://startheinklingdraws.deviantart.com/art/FUCK-THIS-SHIT-I-M-OUT-739757627</link>
                <guid isPermaLink="true">https://startheinklingdraws.deviantart.com/art/FUCK-THIS-SHIT-I-M-OUT-739757627</guid>
                <pubDate>Tue, 10 Apr 2018 07:17:56 PDT</pubDate>
                        <media:title type="plain">FUCK THIS SHIT I&#039;M OUT</media:title>
        <media:keywords></media:keywords>
                        <media:rating>nonadult</media:rating>
                <media:category label="Memes">darelated/deviousfun/memes</media:category>
        <media:credit role="author" scheme="urn:ebu">StarTheInklingDraws</media:credit>
        <media:credit role="author" scheme="urn:ebu">https://a.deviantart.net/avatars/s/t/startheinklingdraws.gif?8</media:credit>
        <media:copyright url="https://startheinklingdraws.deviantart.com">Copyright 2018-2019 StarTheInklingDraws</media:copyright>            <media:description type="html">Actual picture of me in this situation &lt;img src=&quot;https://e.deviantart.net/emoticons/r/rofl.gif&quot; width=&quot;29&quot; height=&quot;27&quot; alt=&quot;:rofl:&quot; data-embed-type=&quot;emoticon&quot; data-embed-id=&quot;182&quot; title=&quot;rofl&quot;/&gt;&amp;nbsp;&lt;br /&gt;&lt;br /&gt;(It&#039;s my birthday today so I decided to post something funny)&lt;br /&gt;&lt;br /&gt;The art on the bottom is mine, but I drew the grass and the house with the smoke</media:description>            <media:thumbnail url="https://t00.deviantart.net/KB8bjN8lFnCBuNwekb6H_0MYknw=/fit-in/150x150/filters:no_upscale():origin()/pre00/05f3/th/pre/i/2018/100/6/f/fuck_this_shit_i_m_out_by_ninxthedragonetdraws-dc8fkmz.png" height="150" width="88"/>            <media:thumbnail url="https://t00.deviantart.net/_n5jKprichTI44KPT1ze5F3t5sw=/fit-in/300x900/filters:no_upscale():origin()/pre00/05f3/th/pre/i/2018/100/6/f/fuck_this_shit_i_m_out_by_ninxthedragonetdraws-dc8fkmz.png" height="513" width="300"/>            <media:thumbnail url="https://t00.deviantart.net/YnZ1LCYP1tkfGlmODdmMCcxPzro=/300x200/filters:fixed_height(100,100):origin()/pre00/05f3/th/pre/i/2018/100/6/f/fuck_this_shit_i_m_out_by_ninxthedragonetdraws-dc8fkmz.png" height="200" width="117"/>            <media:content url="https://pre00.deviantart.net/05f3/th/pre/i/2018/100/6/f/fuck_this_shit_i_m_out_by_ninxthedragonetdraws-dc8fkmz.png" height="1169" width="683" medium="image"/>            
            <description>Actual picture of me in this situation &lt;img src=&quot;https://e.deviantart.net/emoticons/r/rofl.gif&quot; width=&quot;29&quot; height=&quot;27&quot; alt=&quot;:rofl:&quot; data-embed-type=&quot;emoticon&quot; data-embed-id=&quot;182&quot; title=&quot;rofl&quot;/&gt;&amp;nbsp;&lt;br /&gt;&lt;br /&gt;(It&#039;s my birthday today so I decided to post something funny)&lt;br /&gt;&lt;br /&gt;The art on the bottom is mine, but I drew the grass and the house with the smoke&lt;br /&gt;&lt;div&gt;&lt;img src=&quot;https://t00.deviantart.net/YnZ1LCYP1tkfGlmODdmMCcxPzro=/300x200/filters:fixed_height(100,100):origin()/pre00/05f3/th/pre/i/2018/100/6/f/fuck_this_shit_i_m_out_by_ninxthedragonetdraws-dc8fkmz.png&quot; alt=&quot;thumbnail&quot; /&gt;&lt;/div&gt;</description>            </item>
                    <item>
                <title>how to make any girl love you</title>
                <link>https://videakias.deviantart.com/art/how-to-make-any-girl-love-you-739505703</link>
                <guid isPermaLink="true">https://videakias.deviantart.com/art/how-to-make-any-girl-love-you-739505703</guid>
                <pubDate>Sun, 08 Apr 2018 14:13:59 PDT</pubDate>
                        <media:title type="plain">how to make any girl love you</media:title>
        <media:keywords></media:keywords>
                        <media:rating>nonadult</media:rating>
                <media:category label="Movies &amp; TV">fanart/cartoons/traditional/movies</media:category>
        <media:credit role="author" scheme="urn:ebu">videakias</media:credit>
        <media:credit role="author" scheme="urn:ebu">https://a.deviantart.net/avatars/v/i/videakias.png?5</media:credit>
        <media:copyright url="https://videakias.deviantart.com">Copyright 2018-2019 videakias</media:copyright>             <creativeCommons:license>http://creativecommons.org/licenses/by-nc-nd/3.0/</creativeCommons:license>
                <media:description type="html">stockholme syndrome is when people have positive feelings for their kidnapers.</media:description>            <media:thumbnail url="https://t00.deviantart.net/gEeEmMH-axYRThUo15prvsMkg1o=/fit-in/150x150/filters:no_upscale():origin()/pre00/3561/th/pre/i/2018/101/2/a/how_to_make_any_girl_love_you_by_videakias-dc8a693.png" height="150" width="127"/>            <media:thumbnail url="https://t00.deviantart.net/AGEJe8h_khB5EOuMM9kEQ7bBwsQ=/fit-in/300x900/filters:no_upscale():origin()/pre00/3561/th/pre/i/2018/101/2/a/how_to_make_any_girl_love_you_by_videakias-dc8a693.png" height="354" width="300"/>            <media:thumbnail url="https://t00.deviantart.net/9nHSubwLgS53HwK1JI1gQ-zuz8g=/300x200/filters:fixed_height(100,100):origin()/pre00/3561/th/pre/i/2018/101/2/a/how_to_make_any_girl_love_you_by_videakias-dc8a693.png" height="200" width="170"/>            <media:content url="https://pre00.deviantart.net/3561/th/pre/i/2018/101/2/a/how_to_make_any_girl_love_you_by_videakias-dc8a693.png" height="971" width="823" medium="image"/>            
            <description>stockholme syndrome is when people have positive feelings for their kidnapers.&lt;br /&gt;&lt;div&gt;&lt;img src=&quot;https://t00.deviantart.net/9nHSubwLgS53HwK1JI1gQ-zuz8g=/300x200/filters:fixed_height(100,100):origin()/pre00/3561/th/pre/i/2018/101/2/a/how_to_make_any_girl_love_you_by_videakias-dc8a693.png&quot; alt=&quot;thumbnail&quot; /&gt;&lt;/div&gt;</description>            </item>
                    <item>
                <title>Derpina Comic III</title>
                <link>https://giantpanda.deviantart.com/art/Derpina-Comic-III-738541502</link>
                <guid isPermaLink="true">https://giantpanda.deviantart.com/art/Derpina-Comic-III-738541502</guid>
                <pubDate>Mon, 02 Apr 2018 14:11:50 PDT</pubDate>
                        <media:title type="plain">Derpina Comic III</media:title>
        <media:keywords></media:keywords>
                        <media:rating>adult</media:rating>
                <media:category label="People">cartoons/digital/cartoons/oekaki/people</media:category>
        <media:credit role="author" scheme="urn:ebu">GiantPanda</media:credit>
        <media:credit role="author" scheme="urn:ebu">https://a.deviantart.net/avatars/g/i/giantpanda.jpg?6</media:credit>
        <media:copyright url="https://giantpanda.deviantart.com">Copyright 2018-2019 GiantPanda</media:copyright>            <media:description type="html">I like to revisit gallery items from previous years and reattempt them at my current skill level.&amp;nbsp; I have done this sequence twice before.&amp;nbsp; I think this one is better looking than the predecessors, even if there are only two steps.&lt;br /&gt;&lt;br /&gt;First attempt:&amp;nbsp;&amp;nbsp;&lt;a href=&quot;http://fav.me/d6hzhgj&quot;&gt;fav.me/d6hzhgj&lt;/a&gt;&lt;br /&gt;Second Attempt:&amp;nbsp;&lt;a href=&quot;http://fav.me/d73bhoz&quot;&gt;fav.me/d73bhoz&lt;/a&gt;</media:description>            <media:thumbnail url="https://t00.deviantart.net/t2g7LVl5REaNCpn6Jc0aYs6oFwo=/fit-in/150x150/filters:no_upscale():origin()/pre00/57e5/th/pre/i/2018/092/d/f/derpina_comic_iii_by_giantpanda-dc7pi9q.png" height="120" width="150"/>            <media:thumbnail url="https://t00.deviantart.net/Yp8Yqc3Y9ZXwUww5wZCki9kfd0c=/fit-in/300x900/filters:no_upscale():origin()/pre00/57e5/th/pre/i/2018/092/d/f/derpina_comic_iii_by_giantpanda-dc7pi9q.png" height="240" width="300"/>            <media:thumbnail url="https://t00.deviantart.net/j_G3YOUPi21nsY0gll9w82sIVfM=/300x200/filters:fixed_height(100,100):origin()/pre00/57e5/th/pre/i/2018/092/d/f/derpina_comic_iii_by_giantpanda-dc7pi9q.png" height="200" width="250"/>            <media:content url="https://pre00.deviantart.net/57e5/th/pre/i/2018/092/d/f/derpina_comic_iii_by_giantpanda-dc7pi9q.png" height="799" width="1000" medium="image"/>            
            <description>I like to revisit gallery items from previous years and reattempt them at my current skill level.&amp;nbsp; I have done this sequence twice before.&amp;nbsp; I think this one is better looking than the predecessors, even if there are only two steps.&lt;br /&gt;&lt;br /&gt;First attempt:&amp;nbsp;&amp;nbsp;&lt;a href=&quot;http://fav.me/d6hzhgj&quot;&gt;fav.me/d6hzhgj&lt;/a&gt;&lt;br /&gt;Second Attempt:&amp;nbsp;&lt;a href=&quot;http://fav.me/d73bhoz&quot;&gt;fav.me/d73bhoz&lt;/a&gt;&lt;br /&gt;&lt;div&gt;&lt;img src=&quot;https://t00.deviantart.net/j_G3YOUPi21nsY0gll9w82sIVfM=/300x200/filters:fixed_height(100,100):origin()/pre00/57e5/th/pre/i/2018/092/d/f/derpina_comic_iii_by_giantpanda-dc7pi9q.png&quot; alt=&quot;thumbnail&quot; /&gt;&lt;/div&gt;</description>            </item>
                    <item>
                <title>Electronic Engineering</title>
                <link>https://videakias.deviantart.com/art/Electronic-Engineering-732145230</link>
                <guid isPermaLink="true">https://videakias.deviantart.com/art/Electronic-Engineering-732145230</guid>
                <pubDate>Wed, 21 Feb 2018 14:47:07 PST</pubDate>
                        <media:title type="plain">Electronic Engineering</media:title>
        <media:keywords></media:keywords>
                        <media:rating>nonadult</media:rating>
                <media:category label="Movies &amp; TV">fanart/cartoons/traditional/movies</media:category>
        <media:credit role="author" scheme="urn:ebu">videakias</media:credit>
        <media:credit role="author" scheme="urn:ebu">https://a.deviantart.net/avatars/v/i/videakias.png?5</media:credit>
        <media:copyright url="https://videakias.deviantart.com">Copyright 2018-2019 videakias</media:copyright>             <creativeCommons:license>http://creativecommons.org/licenses/by-nc-nd/3.0/</creativeCommons:license>
                <media:description type="html">i am a student at an electronic engineering tei.&lt;br /&gt;right now i have almost no idea what i am doing.&lt;br /&gt;i fucking hate those laboratory lessons where he have to use programs like matlab.&lt;br /&gt;i hate this program.&lt;br /&gt;the things we learned when we first started using it were almost irrelevant with the things we do now.</media:description>            <media:thumbnail url="https://t00.deviantart.net/gzMGiH5LhyXzv1VCi2hNyvY0vS4=/fit-in/150x150/filters:no_upscale():origin()/pre00/2cf9/th/pre/f/2018/052/4/6/electronic_engineering_by_videakias-dc3wevi.png" height="118" width="150"/>            <media:thumbnail url="https://t00.deviantart.net/-YouNdh2XYiYl8Zd0h1ElAAE4DY=/fit-in/300x900/filters:no_upscale():origin()/pre00/2cf9/th/pre/f/2018/052/4/6/electronic_engineering_by_videakias-dc3wevi.png" height="235" width="300"/>            <media:thumbnail url="https://t00.deviantart.net/238tUVn_7AyUf-kEGI1Zg9-84YE=/300x200/filters:fixed_height(100,100):origin()/pre00/2cf9/th/pre/f/2018/052/4/6/electronic_engineering_by_videakias-dc3wevi.png" height="200" width="255"/>            <media:content url="https://orig00.deviantart.net/5ff5/f/2018/052/4/6/electronic_engineering_by_videakias-dc3wevi.png" height="605" width="771" medium="image"/>            
            <description>i am a student at an electronic engineering tei.&lt;br /&gt;right now i have almost no idea what i am doing.&lt;br /&gt;i fucking hate those laboratory lessons where he have to use programs like matlab.&lt;br /&gt;i hate this program.&lt;br /&gt;the things we learned when we first started using it were almost irrelevant with the things we do now.&lt;br /&gt;&lt;div&gt;&lt;img src=&quot;https://t00.deviantart.net/238tUVn_7AyUf-kEGI1Zg9-84YE=/300x200/filters:fixed_height(100,100):origin()/pre00/2cf9/th/pre/f/2018/052/4/6/electronic_engineering_by_videakias-dc3wevi.png&quot; alt=&quot;thumbnail&quot; /&gt;&lt;/div&gt;</description>            </item>
                    <item>
                <title>Photoshop.exe is no longer working</title>
                <link>https://articathecatox.deviantart.com/art/Photoshop-exe-is-no-longer-working-731708221</link>
                <guid isPermaLink="true">https://articathecatox.deviantart.com/art/Photoshop-exe-is-no-longer-working-731708221</guid>
                <pubDate>Sun, 18 Feb 2018 22:40:52 PST</pubDate>
                        <media:title type="plain">Photoshop.exe is no longer working</media:title>
        <media:keywords></media:keywords>
                        <media:rating>nonadult</media:rating>
                <media:category label="Pages">cartoons/digital/comics/pages</media:category>
        <media:credit role="author" scheme="urn:ebu">ArticaTheCatox</media:credit>
        <media:credit role="author" scheme="urn:ebu">https://a.deviantart.net/avatars/a/r/articathecatox.png?6</media:credit>
        <media:copyright url="https://articathecatox.deviantart.com">Copyright 2018-2019 ArticaTheCatox</media:copyright>            <media:description type="html">My photoshop was being a dick so I vented in firealpaca. Was proud enough of the result to post it for you guys</media:description>            <media:thumbnail url="https://t00.deviantart.net/b7is36TjOWFb9PId_zfkPlzWnRg=/fit-in/150x150/filters:no_upscale():origin()/pre00/8565/th/pre/f/2018/049/4/e/4ea999dab90c80a8618d41b0435d9eaf-dc3n1od.png" height="150" width="150"/>            <media:thumbnail url="https://t00.deviantart.net/ZKOcRv0pr3NI_2Ja4rz0IhvU7bA=/fit-in/300x900/filters:no_upscale():origin()/pre00/8565/th/pre/f/2018/049/4/e/4ea999dab90c80a8618d41b0435d9eaf-dc3n1od.png" height="300" width="300"/>            <media:thumbnail url="https://t00.deviantart.net/r_9bgBhrRUBHS7FReZ92Rr0IT6Q=/300x200/filters:fixed_height(100,100):origin()/pre00/8565/th/pre/f/2018/049/4/e/4ea999dab90c80a8618d41b0435d9eaf-dc3n1od.png" height="200" width="200"/>            <media:content url="https://pre00.deviantart.net/8565/th/pre/f/2018/049/4/e/4ea999dab90c80a8618d41b0435d9eaf-dc3n1od.png" height="894" width="894" medium="image"/>            
            <description>My photoshop was being a dick so I vented in firealpaca. Was proud enough of the result to post it for you guys&lt;br /&gt;&lt;div&gt;&lt;img src=&quot;https://t00.deviantart.net/r_9bgBhrRUBHS7FReZ92Rr0IT6Q=/300x200/filters:fixed_height(100,100):origin()/pre00/8565/th/pre/f/2018/049/4/e/4ea999dab90c80a8618d41b0435d9eaf-dc3n1od.png&quot; alt=&quot;thumbnail&quot; /&gt;&lt;/div&gt;</description>            </item>
                    <item>
                <title>FROZEN OVER #7 - Who Cares About Ice?</title>
                <link>https://jordodeskjockey.deviantart.com/art/FROZEN-OVER-7-Who-Cares-About-Ice-729646972</link>
                <guid isPermaLink="true">https://jordodeskjockey.deviantart.com/art/FROZEN-OVER-7-Who-Cares-About-Ice-729646972</guid>
                <pubDate>Tue, 06 Feb 2018 21:38:20 PST</pubDate>
                        <media:title type="plain">FROZEN OVER #7 - Who Cares About Ice?</media:title>
        <media:keywords></media:keywords>
                        <media:rating>nonadult</media:rating>
                <media:category label="Strips">cartoons/digital/comics/strips</media:category>
        <media:credit role="author" scheme="urn:ebu">JordoDeskjockey</media:credit>
        <media:credit role="author" scheme="urn:ebu">https://a.deviantart.net/avatars/j/o/jordodeskjockey.png?7</media:credit>
        <media:copyright url="https://jordodeskjockey.deviantart.com">Copyright 2018-2019 JordoDeskjockey</media:copyright>            <media:description type="html">From a series of comics I draw when the New England winters push me to my break point.</media:description>            <media:thumbnail url="https://t00.deviantart.net/uTNitlUER1oT2Qms0ed1AKpU1DQ=/fit-in/150x150/filters:no_upscale():origin()/pre00/adfc/th/pre/i/2019/025/e/6/frozen_over__7___who_cares_about_ice__by_jordodeskjockey-dc2ev7g.png" height="114" width="150"/>            <media:thumbnail url="https://t00.deviantart.net/MrmZ8bRYsNJi6dy5PwqJQW6xjdY=/fit-in/300x900/filters:no_upscale():origin()/pre00/adfc/th/pre/i/2019/025/e/6/frozen_over__7___who_cares_about_ice__by_jordodeskjockey-dc2ev7g.png" height="228" width="300"/>            <media:thumbnail url="https://t00.deviantart.net/tUu-rc2aHwr70gdpvylqwEF6ZGA=/300x200/filters:fixed_height(100,100):origin()/pre00/adfc/th/pre/i/2019/025/e/6/frozen_over__7___who_cares_about_ice__by_jordodeskjockey-dc2ev7g.png" height="200" width="263"/>            <media:content url="https://img00.deviantart.net/8170/i/2019/025/e/6/frozen_over__7___who_cares_about_ice__by_jordodeskjockey-dc2ev7g.png" height="685" width="900" medium="image"/>            
            <description>From a series of comics I draw when the New England winters push me to my break point.&lt;br /&gt;&lt;div&gt;&lt;img src=&quot;https://t00.deviantart.net/tUu-rc2aHwr70gdpvylqwEF6ZGA=/300x200/filters:fixed_height(100,100):origin()/pre00/adfc/th/pre/i/2019/025/e/6/frozen_over__7___who_cares_about_ice__by_jordodeskjockey-dc2ev7g.png&quot; alt=&quot;thumbnail&quot; /&gt;&lt;/div&gt;</description>            </item>
                    <item>
                <title>ARE YOU FUCKING KIDDING ME?!</title>
                <link>https://startheinklingdraws.deviantart.com/art/ARE-YOU-FUCKING-KIDDING-ME-728905541</link>
                <guid isPermaLink="true">https://startheinklingdraws.deviantart.com/art/ARE-YOU-FUCKING-KIDDING-ME-728905541</guid>
                <pubDate>Fri, 02 Feb 2018 16:09:07 PST</pubDate>
                        <media:title type="plain">ARE YOU FUCKING KIDDING ME?!</media:title>
        <media:keywords></media:keywords>
                        <media:rating>nonadult</media:rating>
                <media:category label="Memes">darelated/deviousfun/memes</media:category>
        <media:credit role="author" scheme="urn:ebu">StarTheInklingDraws</media:credit>
        <media:credit role="author" scheme="urn:ebu">https://a.deviantart.net/avatars/s/t/startheinklingdraws.gif?8</media:credit>
        <media:copyright url="https://startheinklingdraws.deviantart.com">Copyright 2018-2019 StarTheInklingDraws</media:copyright>            <media:description type="html">This happens all the time.&lt;br /&gt;&lt;br /&gt;I set up rules on my comment section about not saying &quot;Thanks for the Fav!&quot; and they do it anyway &lt;img src=&quot;https://e.deviantart.net/emoticons/s/stare.gif&quot; width=&quot;15&quot; height=&quot;15&quot; alt=&quot;:stare:&quot; data-embed-type=&quot;emoticon&quot; data-embed-id=&quot;594&quot; title=&quot;Stare&quot;/&gt;&lt;br /&gt;&lt;br /&gt;Also, people sometimes ZIP PAST THE RULES WITHOUT READING THEM.&amp;nbsp;&lt;br /&gt;&lt;br /&gt;Are you serious?!&amp;nbsp;&lt;a href=&quot;https://doremisanyouluv.deviantart.com/art/Pearl-are-you-serious-Splatoon2-691525303&quot; class=&quot;emoticon&quot; data-embed-type=&quot;emoticon&quot; data-embed-id=&quot;691525303&quot; data-embed-profile=&quot;deviation&quot;&gt;&lt;img src=&quot;https://orig00.deviantart.net/110b/f/2017/190/3/5/pearl__are_you_serious__splatoon2__by_doremisanyouluv-dbfpsc7.gif&quot; alt=&quot;Pearl (are you serious)(Splatoon2)&quot; style=&quot;width:50px;height:50px&quot;&gt;&lt;/a&gt;&amp;nbsp;&lt;br /&gt;&lt;br /&gt;I fucking hate people sometimes.&lt;br /&gt;&lt;br /&gt;Sorry for the rant, I had to get it out of my chest. Cause it happened a few minutes ago.&lt;br /&gt;&lt;br /&gt;Don&#039;t hate me &amp;gt;~&amp;lt;</media:description>            <media:thumbnail url="https://t00.deviantart.net/tkTlQZb38rM92YTDlWqzidFH9HQ=/fit-in/150x150/filters:no_upscale():origin()/pre00/b1ac/th/pre/f/2018/033/0/1/are_you_fucking_kidding_me___by_ninxthedragonetdraws-dc1yz45.png" height="150" width="112"/>            <media:thumbnail url="https://t00.deviantart.net/FtTHK5MbQS7nmppeDw-Kmmn1ulM=/fit-in/300x900/filters:no_upscale():origin()/pre00/b1ac/th/pre/f/2018/033/0/1/are_you_fucking_kidding_me___by_ninxthedragonetdraws-dc1yz45.png" height="402" width="300"/>            <media:thumbnail url="https://t00.deviantart.net/eq-RWVLqFg8ooGU_XKlRmghQbnQ=/300x200/filters:fixed_height(100,100):origin()/pre00/b1ac/th/pre/f/2018/033/0/1/are_you_fucking_kidding_me___by_ninxthedragonetdraws-dc1yz45.png" height="200" width="149"/>            <media:content url="https://orig00.deviantart.net/a1f8/f/2018/033/0/1/are_you_fucking_kidding_me___by_ninxthedragonetdraws-dc1yz45.png" height="804" width="600" medium="image"/>            
            <description>This happens all the time.&lt;br /&gt;&lt;br /&gt;I set up rules on my comment section about not saying &quot;Thanks for the Fav!&quot; and they do it anyway &lt;img src=&quot;https://e.deviantart.net/emoticons/s/stare.gif&quot; width=&quot;15&quot; height=&quot;15&quot; alt=&quot;:stare:&quot; data-embed-type=&quot;emoticon&quot; data-embed-id=&quot;594&quot; title=&quot;Stare&quot;/&gt;&lt;br /&gt;&lt;br /&gt;Also, people sometimes ZIP PAST THE RULES WITHOUT READING THEM.&amp;nbsp;&lt;br /&gt;&lt;br /&gt;Are you serious?!&amp;nbsp;&lt;a href=&quot;https://doremisanyouluv.deviantart.com/art/Pearl-are-you-serious-Splatoon2-691525303&quot; class=&quot;emoticon&quot; data-embed-type=&quot;emoticon&quot; data-embed-id=&quot;691525303&quot; data-embed-profile=&quot;deviation&quot;&gt;&lt;img src=&quot;https://orig00.deviantart.net/110b/f/2017/190/3/5/pearl__are_you_serious__splatoon2__by_doremisanyouluv-dbfpsc7.gif&quot; alt=&quot;Pearl (are you serious)(Splatoon2)&quot; style=&quot;width:50px;height:50px&quot;&gt;&lt;/a&gt;&amp;nbsp;&lt;br /&gt;&lt;br /&gt;I fucking hate people sometimes.&lt;br /&gt;&lt;br /&gt;Sorry for the rant, I had to get it out of my chest. Cause it happened a few minutes ago.&lt;br /&gt;&lt;br /&gt;Don&#039;t hate me &amp;gt;~&amp;lt;&lt;br /&gt;&lt;div&gt;&lt;img src=&quot;https://t00.deviantart.net/eq-RWVLqFg8ooGU_XKlRmghQbnQ=/300x200/filters:fixed_height(100,100):origin()/pre00/b1ac/th/pre/f/2018/033/0/1/are_you_fucking_kidding_me___by_ninxthedragonetdraws-dc1yz45.png&quot; alt=&quot;thumbnail&quot; /&gt;&lt;/div&gt;</description>            </item>
                    <item>
                <title>FROZEN OVER #6 - Happiness Is A Warm Hair Dryer</title>
                <link>https://jordodeskjockey.deviantart.com/art/FROZEN-OVER-6-Happiness-Is-A-Warm-Hair-Dryer-727580419</link>
                <guid isPermaLink="true">https://jordodeskjockey.deviantart.com/art/FROZEN-OVER-6-Happiness-Is-A-Warm-Hair-Dryer-727580419</guid>
                <pubDate>Thu, 25 Jan 2018 20:17:01 PST</pubDate>
                        <media:title type="plain">FROZEN OVER #6 - Happiness Is A Warm Hair Dryer</media:title>
        <media:keywords></media:keywords>
                        <media:rating>nonadult</media:rating>
                <media:category label="Strips">cartoons/digital/comics/strips</media:category>
        <media:credit role="author" scheme="urn:ebu">JordoDeskjockey</media:credit>
        <media:credit role="author" scheme="urn:ebu">https://a.deviantart.net/avatars/j/o/jordodeskjockey.png?7</media:credit>
        <media:copyright url="https://jordodeskjockey.deviantart.com">Copyright 2018-2019 JordoDeskjockey</media:copyright>            <media:description type="html">From a series of comics I draw when the New England winters push me to my break point.</media:description>            <media:thumbnail url="https://t00.deviantart.net/gDBWGSHdyTPyW8FbVRu5FXkLaU8=/fit-in/150x150/filters:no_upscale():origin()/pre00/4c1f/th/pre/i/2019/026/3/8/frozen_over__6___happiness_is_a_warm_hair_dryer_by_jordodeskjockey-dc16kn7.png" height="114" width="150"/>            <media:thumbnail url="https://t00.deviantart.net/DlXIpd0SPsp7F_D00uSxpMhaThc=/fit-in/300x900/filters:no_upscale():origin()/pre00/4c1f/th/pre/i/2019/026/3/8/frozen_over__6___happiness_is_a_warm_hair_dryer_by_jordodeskjockey-dc16kn7.png" height="228" width="300"/>            <media:thumbnail url="https://t00.deviantart.net/KBCxL7kstuRh0i-WlaNs0kwHeA8=/300x200/filters:fixed_height(100,100):origin()/pre00/4c1f/th/pre/i/2019/026/3/8/frozen_over__6___happiness_is_a_warm_hair_dryer_by_jordodeskjockey-dc16kn7.png" height="200" width="263"/>            <media:content url="https://img00.deviantart.net/6dff/i/2019/026/3/8/frozen_over__6___happiness_is_a_warm_hair_dryer_by_jordodeskjockey-dc16kn7.png" height="685" width="900" medium="image"/>            
            <description>From a series of comics I draw when the New England winters push me to my break point.&lt;br /&gt;&lt;div&gt;&lt;img src=&quot;https://t00.deviantart.net/KBCxL7kstuRh0i-WlaNs0kwHeA8=/300x200/filters:fixed_height(100,100):origin()/pre00/4c1f/th/pre/i/2019/026/3/8/frozen_over__6___happiness_is_a_warm_hair_dryer_by_jordodeskjockey-dc16kn7.png&quot; alt=&quot;thumbnail&quot; /&gt;&lt;/div&gt;</description>            </item>
                    <item>
                <title>FROZEN OVER #5 - Some Places Never Freeze Over</title>
                <link>https://jordodeskjockey.deviantart.com/art/FROZEN-OVER-5-Some-Places-Never-Freeze-Over-727580015</link>
                <guid isPermaLink="true">https://jordodeskjockey.deviantart.com/art/FROZEN-OVER-5-Some-Places-Never-Freeze-Over-727580015</guid>
                <pubDate>Thu, 25 Jan 2018 20:14:43 PST</pubDate>
                        <media:title type="plain">FROZEN OVER #5 - Some Places Never Freeze Over</media:title>
        <media:keywords></media:keywords>
                        <media:rating>nonadult</media:rating>
                <media:category label="Strips">cartoons/digital/comics/strips</media:category>
        <media:credit role="author" scheme="urn:ebu">JordoDeskjockey</media:credit>
        <media:credit role="author" scheme="urn:ebu">https://a.deviantart.net/avatars/j/o/jordodeskjockey.png?7</media:credit>
        <media:copyright url="https://jordodeskjockey.deviantart.com">Copyright 2018-2019 JordoDeskjockey</media:copyright>            <media:description type="html">From a series of comics I draw when the New England winters push me to my break point.</media:description>            <media:thumbnail url="https://t00.deviantart.net/Jjuex2e25CkRPsmxhIeavK31gU0=/fit-in/150x150/filters:no_upscale():origin()/pre00/7523/th/pre/i/2019/026/d/4/frozen_over__5___some_places_never_freeze_over_by_jordodeskjockey-dc16kbz.png" height="114" width="150"/>            <media:thumbnail url="https://t00.deviantart.net/LQeFml09gSmkbzwj_9-BTuPpuJs=/fit-in/300x900/filters:no_upscale():origin()/pre00/7523/th/pre/i/2019/026/d/4/frozen_over__5___some_places_never_freeze_over_by_jordodeskjockey-dc16kbz.png" height="228" width="300"/>            <media:thumbnail url="https://t00.deviantart.net/uc95qgQkIrUHfUIrjbMMmm1l7xE=/300x200/filters:fixed_height(100,100):origin()/pre00/7523/th/pre/i/2019/026/d/4/frozen_over__5___some_places_never_freeze_over_by_jordodeskjockey-dc16kbz.png" height="200" width="263"/>            <media:content url="https://img00.deviantart.net/f9d6/i/2019/026/d/4/frozen_over__5___some_places_never_freeze_over_by_jordodeskjockey-dc16kbz.png" height="684" width="900" medium="image"/>            
            <description>From a series of comics I draw when the New England winters push me to my break point.&lt;br /&gt;&lt;div&gt;&lt;img src=&quot;https://t00.deviantart.net/uc95qgQkIrUHfUIrjbMMmm1l7xE=/300x200/filters:fixed_height(100,100):origin()/pre00/7523/th/pre/i/2019/026/d/4/frozen_over__5___some_places_never_freeze_over_by_jordodeskjockey-dc16kbz.png&quot; alt=&quot;thumbnail&quot; /&gt;&lt;/div&gt;</description>            </item>
                    <item>
                <title>FROZEN OVER #4 - Time for the Movies</title>
                <link>https://jordodeskjockey.deviantart.com/art/FROZEN-OVER-4-Time-for-the-Movies-727578890</link>
                <guid isPermaLink="true">https://jordodeskjockey.deviantart.com/art/FROZEN-OVER-4-Time-for-the-Movies-727578890</guid>
                <pubDate>Thu, 25 Jan 2018 20:03:47 PST</pubDate>
                        <media:title type="plain">FROZEN OVER #4 - Time for the Movies</media:title>
        <media:keywords></media:keywords>
                        <media:rating>nonadult</media:rating>
                <media:category label="Strips">cartoons/digital/comics/strips</media:category>
        <media:credit role="author" scheme="urn:ebu">JordoDeskjockey</media:credit>
        <media:credit role="author" scheme="urn:ebu">https://a.deviantart.net/avatars/j/o/jordodeskjockey.png?7</media:credit>
        <media:copyright url="https://jordodeskjockey.deviantart.com">Copyright 2018-2019 JordoDeskjockey</media:copyright>            <media:description type="html">From a series of comics I draw when the New England winters push me to my break point.</media:description>            <media:thumbnail url="https://t00.deviantart.net/iDoQIp2sJAtB-XbhWlK62dW-hOw=/fit-in/150x150/filters:no_upscale():origin()/pre00/f77c/th/pre/i/2019/026/5/3/frozen_over__4___time_for_the_movies_by_jordodeskjockey-dc16jgq.png" height="114" width="150"/>            <media:thumbnail url="https://t00.deviantart.net/H7Pj8eK7x3PcdKhgzTWymjTzBIA=/fit-in/300x900/filters:no_upscale():origin()/pre00/f77c/th/pre/i/2019/026/5/3/frozen_over__4___time_for_the_movies_by_jordodeskjockey-dc16jgq.png" height="229" width="300"/>            <media:thumbnail url="https://t00.deviantart.net/lvoKXnzYO7APC0ZFprhYJCy83OI=/300x200/filters:fixed_height(100,100):origin()/pre00/f77c/th/pre/i/2019/026/5/3/frozen_over__4___time_for_the_movies_by_jordodeskjockey-dc16jgq.png" height="200" width="262"/>            <media:content url="https://img00.deviantart.net/bcf2/i/2019/026/5/3/frozen_over__4___time_for_the_movies_by_jordodeskjockey-dc16jgq.png" height="687" width="900" medium="image"/>            
            <description>From a series of comics I draw when the New England winters push me to my break point.&lt;br /&gt;&lt;div&gt;&lt;img src=&quot;https://t00.deviantart.net/lvoKXnzYO7APC0ZFprhYJCy83OI=/300x200/filters:fixed_height(100,100):origin()/pre00/f77c/th/pre/i/2019/026/5/3/frozen_over__4___time_for_the_movies_by_jordodeskjockey-dc16jgq.png&quot; alt=&quot;thumbnail&quot; /&gt;&lt;/div&gt;</description>            </item>
                    <item>
                <title>FROZEN OVER #3 - Death Take Me</title>
                <link>https://jordodeskjockey.deviantart.com/art/FROZEN-OVER-3-Death-Take-Me-727578092</link>
                <guid isPermaLink="true">https://jordodeskjockey.deviantart.com/art/FROZEN-OVER-3-Death-Take-Me-727578092</guid>
                <pubDate>Thu, 25 Jan 2018 19:57:36 PST</pubDate>
                        <media:title type="plain">FROZEN OVER #3 - Death Take Me</media:title>
        <media:keywords></media:keywords>
                        <media:rating>nonadult</media:rating>
                <media:category label="Strips">cartoons/digital/comics/strips</media:category>
        <media:credit role="author" scheme="urn:ebu">JordoDeskjockey</media:credit>
        <media:credit role="author" scheme="urn:ebu">https://a.deviantart.net/avatars/j/o/jordodeskjockey.png?7</media:credit>
        <media:copyright url="https://jordodeskjockey.deviantart.com">Copyright 2018-2019 JordoDeskjockey</media:copyright>            <media:description type="html">From a series of comics I draw when the New England winters push me to my break point.</media:description>            <media:thumbnail url="https://t00.deviantart.net/zMVKgIjlMmeaec2UKWH_4fx5d0M=/fit-in/150x150/filters:no_upscale():origin()/pre00/6b6a/th/pre/i/2019/026/4/c/frozen_over__3___death_take_me_by_jordodeskjockey-dc16iuk.png" height="114" width="150"/>            <media:thumbnail url="https://t00.deviantart.net/B3H50ib741V6WgvDMj9U_vFYNP0=/fit-in/300x900/filters:no_upscale():origin()/pre00/6b6a/th/pre/i/2019/026/4/c/frozen_over__3___death_take_me_by_jordodeskjockey-dc16iuk.png" height="229" width="300"/>            <media:thumbnail url="https://t00.deviantart.net/xfrVQGF_56ptYH6Dc-dn_Zx0GEs=/300x200/filters:fixed_height(100,100):origin()/pre00/6b6a/th/pre/i/2019/026/4/c/frozen_over__3___death_take_me_by_jordodeskjockey-dc16iuk.png" height="200" width="262"/>            <media:content url="https://img00.deviantart.net/e928/i/2019/026/4/c/frozen_over__3___death_take_me_by_jordodeskjockey-dc16iuk.png" height="687" width="900" medium="image"/>            
            <description>From a series of comics I draw when the New England winters push me to my break point.&lt;br /&gt;&lt;div&gt;&lt;img src=&quot;https://t00.deviantart.net/xfrVQGF_56ptYH6Dc-dn_Zx0GEs=/300x200/filters:fixed_height(100,100):origin()/pre00/6b6a/th/pre/i/2019/026/4/c/frozen_over__3___death_take_me_by_jordodeskjockey-dc16iuk.png&quot; alt=&quot;thumbnail&quot; /&gt;&lt;/div&gt;</description>            </item>
                    <item>
                <title>FROZEN OVER #2 - Finally Finished</title>
                <link>https://jordodeskjockey.deviantart.com/art/FROZEN-OVER-2-Finally-Finished-727577709</link>
                <guid isPermaLink="true">https://jordodeskjockey.deviantart.com/art/FROZEN-OVER-2-Finally-Finished-727577709</guid>
                <pubDate>Thu, 25 Jan 2018 19:55:26 PST</pubDate>
                        <media:title type="plain">FROZEN OVER #2 - Finally Finished</media:title>
        <media:keywords></media:keywords>
                        <media:rating>nonadult</media:rating>
                <media:category label="Strips">cartoons/digital/comics/strips</media:category>
        <media:credit role="author" scheme="urn:ebu">JordoDeskjockey</media:credit>
        <media:credit role="author" scheme="urn:ebu">https://a.deviantart.net/avatars/j/o/jordodeskjockey.png?7</media:credit>
        <media:copyright url="https://jordodeskjockey.deviantart.com">Copyright 2018-2019 JordoDeskjockey</media:copyright>            <media:description type="html">From a series of comics I draw when the New England winters push me to my break point.</media:description>            <media:thumbnail url="https://t00.deviantart.net/O40eBdxBqvPjBEcj-9uKkDEb6v8=/fit-in/150x150/filters:no_upscale():origin()/pre00/132b/th/pre/i/2019/026/c/1/frozen_over__2___finally_finished_by_jordodeskjockey-dc16ijx.png" height="114" width="150"/>            <media:thumbnail url="https://t00.deviantart.net/ebvJh7SE_peTfaCOsL8kHzGjbAo=/fit-in/300x900/filters:no_upscale():origin()/pre00/132b/th/pre/i/2019/026/c/1/frozen_over__2___finally_finished_by_jordodeskjockey-dc16ijx.png" height="229" width="300"/>            <media:thumbnail url="https://t00.deviantart.net/ZqPOENR6MGR8u_LY0PTdeG-hDCs=/300x200/filters:fixed_height(100,100):origin()/pre00/132b/th/pre/i/2019/026/c/1/frozen_over__2___finally_finished_by_jordodeskjockey-dc16ijx.png" height="200" width="262"/>            <media:content url="https://img00.deviantart.net/de51/i/2019/026/c/1/frozen_over__2___finally_finished_by_jordodeskjockey-dc16ijx.png" height="687" width="900" medium="image"/>            
            <description>From a series of comics I draw when the New England winters push me to my break point.&lt;br /&gt;&lt;div&gt;&lt;img src=&quot;https://t00.deviantart.net/ZqPOENR6MGR8u_LY0PTdeG-hDCs=/300x200/filters:fixed_height(100,100):origin()/pre00/132b/th/pre/i/2019/026/c/1/frozen_over__2___finally_finished_by_jordodeskjockey-dc16ijx.png&quot; alt=&quot;thumbnail&quot; /&gt;&lt;/div&gt;</description>            </item>
                    <item>
                <title>FROZEN OVER #1 - Snowplows</title>
                <link>https://jordodeskjockey.deviantart.com/art/FROZEN-OVER-1-Snowplows-727577019</link>
                <guid isPermaLink="true">https://jordodeskjockey.deviantart.com/art/FROZEN-OVER-1-Snowplows-727577019</guid>
                <pubDate>Thu, 25 Jan 2018 19:51:51 PST</pubDate>
                        <media:title type="plain">FROZEN OVER #1 - Snowplows</media:title>
        <media:keywords></media:keywords>
                        <media:rating>nonadult</media:rating>
                <media:category label="Strips">cartoons/digital/comics/strips</media:category>
        <media:credit role="author" scheme="urn:ebu">JordoDeskjockey</media:credit>
        <media:credit role="author" scheme="urn:ebu">https://a.deviantart.net/avatars/j/o/jordodeskjockey.png?7</media:credit>
        <media:copyright url="https://jordodeskjockey.deviantart.com">Copyright 2018-2019 JordoDeskjockey</media:copyright>            <media:description type="html">The first of a series of comics I draw when the New England winters start frustrating me to my break point.&lt;br /&gt;&lt;br /&gt;This isn&#039;t even one of my favorites, but it&#039;s the first I did.&amp;nbsp; So, I uploaded it regardless.</media:description>            <media:thumbnail url="https://t00.deviantart.net/mmR4h07c2F6sbzSRD1i1C_CrsoA=/fit-in/150x150/filters:no_upscale():origin()/pre00/077c/th/pre/i/2019/026/3/6/frozen_over__1___snowplows_by_jordodeskjockey-dc16i0r.png" height="114" width="150"/>            <media:thumbnail url="https://t00.deviantart.net/Q8uMA1Gl7R2saDVQKbLojkjgKKI=/fit-in/300x900/filters:no_upscale():origin()/pre00/077c/th/pre/i/2019/026/3/6/frozen_over__1___snowplows_by_jordodeskjockey-dc16i0r.png" height="228" width="300"/>            <media:thumbnail url="https://t00.deviantart.net/lCKqSXeBBxlIe2ZIITPHtda94So=/300x200/filters:fixed_height(100,100):origin()/pre00/077c/th/pre/i/2019/026/3/6/frozen_over__1___snowplows_by_jordodeskjockey-dc16i0r.png" height="200" width="263"/>            <media:content url="https://img00.deviantart.net/2b4d/i/2019/026/3/6/frozen_over__1___snowplows_by_jordodeskjockey-dc16i0r.png" height="685" width="900" medium="image"/>            
            <description>The first of a series of comics I draw when the New England winters start frustrating me to my break point.&lt;br /&gt;&lt;br /&gt;This isn&#039;t even one of my favorites, but it&#039;s the first I did.&amp;nbsp; So, I uploaded it regardless.&lt;br /&gt;&lt;div&gt;&lt;img src=&quot;https://t00.deviantart.net/lCKqSXeBBxlIe2ZIITPHtda94So=/300x200/filters:fixed_height(100,100):origin()/pre00/077c/th/pre/i/2019/026/3/6/frozen_over__1___snowplows_by_jordodeskjockey-dc16i0r.png&quot; alt=&quot;thumbnail&quot; /&gt;&lt;/div&gt;</description>            </item>
                    <item>
                <title>crappity crap #2</title>
                <link>https://fivepines.deviantart.com/art/crappity-crap-2-721155802</link>
                <guid isPermaLink="true">https://fivepines.deviantart.com/art/crappity-crap-2-721155802</guid>
                <pubDate>Wed, 20 Dec 2017 23:48:26 PST</pubDate>
                        <media:title type="plain">crappity crap #2</media:title>
        <media:keywords></media:keywords>
                        <media:rating>nonadult</media:rating>
                <media:category label="Pages">cartoons/digital/comics/pages</media:category>
        <media:credit role="author" scheme="urn:ebu">FivePines</media:credit>
        <media:credit role="author" scheme="urn:ebu">https://a.deviantart.net/avatars/f/i/fivepines.png?8</media:credit>
        <media:copyright url="https://fivepines.deviantart.com">Copyright 2017-2019 FivePines</media:copyright>            <media:description type="html">Reddit users ravage over a simple rage comic made with MS Paint.&lt;br /&gt;&lt;br /&gt;I&#039;ll be making real traditional art soon. Be patient guys.&lt;br /&gt;&lt;br /&gt;you can make your own rage comics here: &lt;a class=&quot;external&quot; href=&quot;https://www.deviantart.com/users/outgoing?http://ragemaker.net/&quot;&gt;ragemaker.net/&lt;/a&gt;</media:description>            <media:thumbnail url="https://t00.deviantart.net/4hWAZUSn4FSjVrM8l1MufB2CDyI=/fit-in/150x150/filters:no_upscale():origin()/pre00/affb/th/pre/f/2017/358/9/8/crappity_crap__2_by_fivepines-dbxcvdm.png" height="150" width="81"/>            <media:thumbnail url="https://t00.deviantart.net/BbTWyTvV58l0YrYRx4XfoatvhkA=/fit-in/300x900/filters:no_upscale():origin()/pre00/affb/th/pre/f/2017/358/9/8/crappity_crap__2_by_fivepines-dbxcvdm.png" height="553" width="300"/>            <media:thumbnail url="https://t00.deviantart.net/fWLCAMvbTgKWw1A7MdotKPBjH4I=/300x200/filters:fixed_height(100,100):origin()/pre00/affb/th/pre/f/2017/358/9/8/crappity_crap__2_by_fivepines-dbxcvdm.png" height="200" width="108"/>            <media:content url="https://orig00.deviantart.net/2d92/f/2017/358/9/8/crappity_crap__2_by_fivepines-dbxcvdm.png" height="1201" width="651" medium="image"/>            
            <description>Reddit users ravage over a simple rage comic made with MS Paint.&lt;br /&gt;&lt;br /&gt;I&#039;ll be making real traditional art soon. Be patient guys.&lt;br /&gt;&lt;br /&gt;you can make your own rage comics here: &lt;a class=&quot;external&quot; href=&quot;https://www.deviantart.com/users/outgoing?http://ragemaker.net/&quot;&gt;ragemaker.net/&lt;/a&gt;&lt;br /&gt;&lt;div&gt;&lt;img src=&quot;https://t00.deviantart.net/fWLCAMvbTgKWw1A7MdotKPBjH4I=/300x200/filters:fixed_height(100,100):origin()/pre00/affb/th/pre/f/2017/358/9/8/crappity_crap__2_by_fivepines-dbxcvdm.png&quot; alt=&quot;thumbnail&quot; /&gt;&lt;/div&gt;</description>            </item>
                    <item>
                <title>crappity crap</title>
                <link>https://fivepines.deviantart.com/art/crappity-crap-721155476</link>
                <guid isPermaLink="true">https://fivepines.deviantart.com/art/crappity-crap-721155476</guid>
                <pubDate>Wed, 20 Dec 2017 23:45:08 PST</pubDate>
                        <media:title type="plain">crappity crap</media:title>
        <media:keywords></media:keywords>
                        <media:rating>nonadult</media:rating>
                <media:category label="Pages">cartoons/digital/comics/pages</media:category>
        <media:credit role="author" scheme="urn:ebu">FivePines</media:credit>
        <media:credit role="author" scheme="urn:ebu">https://a.deviantart.net/avatars/f/i/fivepines.png?8</media:credit>
        <media:copyright url="https://fivepines.deviantart.com">Copyright 2017-2019 FivePines</media:copyright>            <media:description type="html">A father exposes his son&#039;s bad actions.&lt;br /&gt;&lt;br /&gt;you can make your own rage comic here: &lt;a class=&quot;external&quot; href=&quot;https://www.deviantart.com/users/outgoing?http://ragemaker.net/&quot;&gt;ragemaker.net/&lt;/a&gt;</media:description>            <media:thumbnail url="https://t00.deviantart.net/zc8NXvn-Fea30WwT256aQJyO0Pg=/fit-in/150x150/filters:no_upscale():origin()/pre00/49d7/th/pre/f/2017/358/7/7/crappity_crap_by_fivepines-dbxcv4k.png" height="150" width="81"/>            <media:thumbnail url="https://t00.deviantart.net/6m5UGLIyQ3clsHfH5btCcpzersU=/fit-in/300x900/filters:no_upscale():origin()/pre00/49d7/th/pre/f/2017/358/7/7/crappity_crap_by_fivepines-dbxcv4k.png" height="553" width="300"/>            <media:thumbnail url="https://t00.deviantart.net/ADq-2c5LZnxGSV9XiALrn66H25o=/300x200/filters:fixed_height(100,100):origin()/pre00/49d7/th/pre/f/2017/358/7/7/crappity_crap_by_fivepines-dbxcv4k.png" height="200" width="108"/>            <media:content url="https://orig00.deviantart.net/80bd/f/2017/358/7/7/crappity_crap_by_fivepines-dbxcv4k.png" height="1201" width="651" medium="image"/>            
            <description>A father exposes his son&#039;s bad actions.&lt;br /&gt;&lt;br /&gt;you can make your own rage comic here: &lt;a class=&quot;external&quot; href=&quot;https://www.deviantart.com/users/outgoing?http://ragemaker.net/&quot;&gt;ragemaker.net/&lt;/a&gt;&lt;br /&gt;&lt;div&gt;&lt;img src=&quot;https://t00.deviantart.net/ADq-2c5LZnxGSV9XiALrn66H25o=/300x200/filters:fixed_height(100,100):origin()/pre00/49d7/th/pre/f/2017/358/7/7/crappity_crap_by_fivepines-dbxcv4k.png&quot; alt=&quot;thumbnail&quot; /&gt;&lt;/div&gt;</description>            </item>
                    <item>
                <title>Rarity&#039;s Cutie Mark In Spongebob </title>
                <link>https://dksponge13.deviantart.com/art/Rarity-s-Cutie-Mark-In-Spongebob-720200298</link>
                <guid isPermaLink="true">https://dksponge13.deviantart.com/art/Rarity-s-Cutie-Mark-In-Spongebob-720200298</guid>
                <pubDate>Fri, 15 Dec 2017 09:21:34 PST</pubDate>
                        <media:title type="plain">Rarity&#039;s Cutie Mark In Spongebob </media:title>
        <media:keywords></media:keywords>
                        <media:rating>nonadult</media:rating>
                <media:category label="Strips">cartoons/digital/comics/strips</media:category>
        <media:credit role="author" scheme="urn:ebu">dksponge13</media:credit>
        <media:credit role="author" scheme="urn:ebu">https://a.deviantart.net/avatars/d/k/dksponge13.jpg?12</media:credit>
        <media:copyright url="https://dksponge13.deviantart.com">Copyright 2017-2019 dksponge13</media:copyright>            <media:description type="html">Title says it all. A little rage comic I did about a year or so ago.&lt;br /&gt;&lt;br /&gt;Surely I&#039;m not the only one who thought this...right?&lt;br /&gt;&lt;br /&gt;My Little Pony &amp;#169; Hasbro&lt;br /&gt;Spongebob SquarePants &amp;#169; Nickelodeon/Stephen Hillenburg</media:description>            <media:thumbnail url="https://t00.deviantart.net/Z2AqEYQwXVe8Z533G_d66YIa8K8=/fit-in/150x150/filters:no_upscale():origin()/pre00/888c/th/pre/i/2017/349/7/8/rarity_s_cutie_mark_in_spongebob__by_dksponge13-dbwse3u.jpg" height="150" width="78"/>            <media:thumbnail url="https://t00.deviantart.net/hCnbPHwagy1FcrFIpDvXHzaORsc=/fit-in/300x900/filters:no_upscale():origin()/pre00/888c/th/pre/i/2017/349/7/8/rarity_s_cutie_mark_in_spongebob__by_dksponge13-dbwse3u.jpg" height="576" width="300"/>            <media:thumbnail url="https://t00.deviantart.net/H7_nNMXpQ7VRS4tugkZUOKam3RY=/300x200/filters:fixed_height(100,100):origin()/pre00/888c/th/pre/i/2017/349/7/8/rarity_s_cutie_mark_in_spongebob__by_dksponge13-dbwse3u.jpg" height="200" width="104"/>            <media:content url="https://img00.deviantart.net/97d7/i/2017/349/7/8/rarity_s_cutie_mark_in_spongebob__by_dksponge13-dbwse3u.jpg" height="1152" width="600" medium="image"/>            
            <description>Title says it all. A little rage comic I did about a year or so ago.&lt;br /&gt;&lt;br /&gt;Surely I&#039;m not the only one who thought this...right?&lt;br /&gt;&lt;br /&gt;My Little Pony &amp;#169; Hasbro&lt;br /&gt;Spongebob SquarePants &amp;#169; Nickelodeon/Stephen Hillenburg&lt;br /&gt;&lt;div&gt;&lt;img src=&quot;https://t00.deviantart.net/H7_nNMXpQ7VRS4tugkZUOKam3RY=/300x200/filters:fixed_height(100,100):origin()/pre00/888c/th/pre/i/2017/349/7/8/rarity_s_cutie_mark_in_spongebob__by_dksponge13-dbwse3u.jpg&quot; alt=&quot;thumbnail&quot; /&gt;&lt;/div&gt;</description>            </item>
                    <item>
                <title>Rage comic: Grades - 2013</title>
                <link>https://fawnyowl.deviantart.com/art/Rage-comic-Grades-2013-719774590</link>
                <guid isPermaLink="true">https://fawnyowl.deviantart.com/art/Rage-comic-Grades-2013-719774590</guid>
                <pubDate>Tue, 12 Dec 2017 14:19:10 PST</pubDate>
                        <media:title type="plain">Rage comic: Grades - 2013</media:title>
        <media:keywords></media:keywords>
                        <media:rating>nonadult</media:rating>
                <media:category label="Scraps">scraps</media:category>
        <media:credit role="author" scheme="urn:ebu">FawnyOwl</media:credit>
        <media:credit role="author" scheme="urn:ebu">https://a.deviantart.net/avatars/f/a/fawnyowl.png?2</media:credit>
        <media:copyright url="https://fawnyowl.deviantart.com">Copyright 2017-2019 FawnyOwl</media:copyright>            <media:description type="html">It was the end of the year and I was thinking of the final exams - this came out of my head xD&lt;br /&gt;&lt;br /&gt;In NZ we don&#039;t actually grade our work by &quot;A+, A, A-, B+&quot; etc. We grade it by &quot;Not Achieved(F), Achieved(probably around C, C+?), Merit(maybe B+) and Excellence(A+)&quot;.&lt;br /&gt;&lt;br /&gt;&lt;br /&gt;&lt;b&gt;&lt;i&gt;!!I don&#039;t own or take credit for Rage Comics!!&lt;/i&gt;&lt;/b&gt;</media:description>            <media:thumbnail url="https://t00.deviantart.net/2NsbBUoJbLXVI6wkAx46NWxRbTQ=/fit-in/150x150/filters:no_upscale():origin()/pre00/c39c/th/pre/i/2017/346/1/2/rage_comic__grades___2013_by_fawnyowl-dbwj9mm.jpg" height="113" width="150"/>            <media:thumbnail url="https://t00.deviantart.net/vuo8v3YdFEYA6o0HEpGiQsedWt8=/fit-in/300x900/filters:no_upscale():origin()/pre00/c39c/th/pre/i/2017/346/1/2/rage_comic__grades___2013_by_fawnyowl-dbwj9mm.jpg" height="225" width="300"/>            <media:thumbnail url="https://t00.deviantart.net/six1xufP0uCYJgDs8PFDsqLoQ7o=/300x200/filters:fixed_height(100,100):origin()/pre00/c39c/th/pre/i/2017/346/1/2/rage_comic__grades___2013_by_fawnyowl-dbwj9mm.jpg" height="200" width="267"/>            <media:content url="https://img00.deviantart.net/98be/i/2017/346/1/2/rage_comic__grades___2013_by_fawnyowl-dbwj9mm.jpg" height="450" width="600" medium="image"/>            
            <description>It was the end of the year and I was thinking of the final exams - this came out of my head xD&lt;br /&gt;&lt;br /&gt;In NZ we don&#039;t actually grade our work by &quot;A+, A, A-, B+&quot; etc. We grade it by &quot;Not Achieved(F), Achieved(probably around C, C+?), Merit(maybe B+) and Excellence(A+)&quot;.&lt;br /&gt;&lt;br /&gt;&lt;br /&gt;&lt;b&gt;&lt;i&gt;!!I don&#039;t own or take credit for Rage Comics!!&lt;/i&gt;&lt;/b&gt;&lt;br /&gt;&lt;div&gt;&lt;img src=&quot;https://t00.deviantart.net/six1xufP0uCYJgDs8PFDsqLoQ7o=/300x200/filters:fixed_height(100,100):origin()/pre00/c39c/th/pre/i/2017/346/1/2/rage_comic__grades___2013_by_fawnyowl-dbwj9mm.jpg&quot; alt=&quot;thumbnail&quot; /&gt;&lt;/div&gt;</description>            </item>
                    <item>
                <title>Rage Comic: Apple - 2013</title>
                <link>https://fawnyowl.deviantart.com/art/Rage-Comic-Apple-2013-719772605</link>
                <guid isPermaLink="true">https://fawnyowl.deviantart.com/art/Rage-Comic-Apple-2013-719772605</guid>
                <pubDate>Tue, 12 Dec 2017 14:03:47 PST</pubDate>
                        <media:title type="plain">Rage Comic: Apple - 2013</media:title>
        <media:keywords></media:keywords>
                        <media:rating>nonadult</media:rating>
                <media:category label="Scraps">scraps</media:category>
        <media:credit role="author" scheme="urn:ebu">FawnyOwl</media:credit>
        <media:credit role="author" scheme="urn:ebu">https://a.deviantart.net/avatars/f/a/fawnyowl.png?2</media:credit>
        <media:copyright url="https://fawnyowl.deviantart.com">Copyright 2017-2019 FawnyOwl</media:copyright>            <media:description type="html">I think 2013 was my big &quot;meme phase&quot;. Y&#039;know, Rage Comics, LOLcats, cringy sayings kids repeated &lt;i&gt;way &lt;/i&gt;too much but was cool because the Internet did it and your parents never understood... that sort of thing.&lt;br /&gt;&lt;br /&gt;I thought the idea was pretty cool to put Poppi in as an unofficial R.C. character. Plus I think this was the first time I experimented with &quot;still&quot; squash-and-stretch (panel 4) and it came out pretty successful.&lt;br /&gt;&lt;br /&gt;&lt;i&gt;!!I don&#039;t own or take credit for Rage Comics!!&lt;/i&gt;</media:description>            <media:thumbnail url="https://t00.deviantart.net/JRV0StryfSQQ1iR2puX6F-4Sp8g=/fit-in/150x150/filters:no_upscale():origin()/pre00/d3d8/th/pre/i/2017/346/f/a/rage_comic__apple___2013_by_fawnyowl-dbwj83h.jpg" height="113" width="150"/>            <media:thumbnail url="https://t00.deviantart.net/n2xPHHchPZPoLY7L_NtDIZB8URc=/fit-in/300x900/filters:no_upscale():origin()/pre00/d3d8/th/pre/i/2017/346/f/a/rage_comic__apple___2013_by_fawnyowl-dbwj83h.jpg" height="225" width="300"/>            <media:thumbnail url="https://t00.deviantart.net/fsHFw4GE05uOhINdRZbkOzMRzCY=/300x200/filters:fixed_height(100,100):origin()/pre00/d3d8/th/pre/i/2017/346/f/a/rage_comic__apple___2013_by_fawnyowl-dbwj83h.jpg" height="200" width="267"/>            <media:content url="https://img00.deviantart.net/f6d1/i/2017/346/f/a/rage_comic__apple___2013_by_fawnyowl-dbwj83h.jpg" height="450" width="600" medium="image"/>            
            <description>I think 2013 was my big &quot;meme phase&quot;. Y&#039;know, Rage Comics, LOLcats, cringy sayings kids repeated &lt;i&gt;way &lt;/i&gt;too much but was cool because the Internet did it and your parents never understood... that sort of thing.&lt;br /&gt;&lt;br /&gt;I thought the idea was pretty cool to put Poppi in as an unofficial R.C. character. Plus I think this was the first time I experimented with &quot;still&quot; squash-and-stretch (panel 4) and it came out pretty successful.&lt;br /&gt;&lt;br /&gt;&lt;i&gt;!!I don&#039;t own or take credit for Rage Comics!!&lt;/i&gt;&lt;br /&gt;&lt;div&gt;&lt;img src=&quot;https://t00.deviantart.net/fsHFw4GE05uOhINdRZbkOzMRzCY=/300x200/filters:fixed_height(100,100):origin()/pre00/d3d8/th/pre/i/2017/346/f/a/rage_comic__apple___2013_by_fawnyowl-dbwj83h.jpg&quot; alt=&quot;thumbnail&quot; /&gt;&lt;/div&gt;</description>            </item>
                    <item>
                <title>Rage Comic 24</title>
                <link>https://befree2209.deviantart.com/art/Rage-Comic-24-718937638</link>
                <guid isPermaLink="true">https://befree2209.deviantart.com/art/Rage-Comic-24-718937638</guid>
                <pubDate>Thu, 07 Dec 2017 13:48:03 PST</pubDate>
                        <media:title type="plain">Rage Comic 24</media:title>
        <media:keywords></media:keywords>
                        <media:rating>nonadult</media:rating>
                <media:category label="Other">cartoons/digital/comics/other</media:category>
        <media:credit role="author" scheme="urn:ebu">befree2209</media:credit>
        <media:credit role="author" scheme="urn:ebu">https://a.deviantart.net/avatars/b/e/befree2209.png?1</media:credit>
        <media:copyright url="https://befree2209.deviantart.com">Copyright 2017-2019 befree2209</media:copyright>            <media:description type="html">It&#039;s been a while.</media:description>            <media:thumbnail url="https://t00.deviantart.net/_fDqH1hUTnUMD08e8XhXxBadI4k=/fit-in/150x150/filters:no_upscale():origin()/pre00/3441/th/pre/f/2017/341/9/0/rage_comic_24_by_befree2209-dbw1bty.png" height="150" width="81"/>            <media:thumbnail url="https://t00.deviantart.net/Ilr7BxLC1hIaizM8hPH7rc5YPOA=/fit-in/300x900/filters:no_upscale():origin()/pre00/3441/th/pre/f/2017/341/9/0/rage_comic_24_by_befree2209-dbw1bty.png" height="553" width="300"/>            <media:thumbnail url="https://t00.deviantart.net/1wvQUxKctYsIQVepEbj5fyjJJ-w=/300x200/filters:fixed_height(100,100):origin()/pre00/3441/th/pre/f/2017/341/9/0/rage_comic_24_by_befree2209-dbw1bty.png" height="200" width="108"/>            <media:content url="https://orig00.deviantart.net/8b2e/f/2017/341/9/0/rage_comic_24_by_befree2209-dbw1bty.png" height="1201" width="651" medium="image"/>            
            <description>It&#039;s been a while.&lt;br /&gt;&lt;div&gt;&lt;img src=&quot;https://t00.deviantart.net/1wvQUxKctYsIQVepEbj5fyjJJ-w=/300x200/filters:fixed_height(100,100):origin()/pre00/3441/th/pre/f/2017/341/9/0/rage_comic_24_by_befree2209-dbw1bty.png&quot; alt=&quot;thumbnail&quot; /&gt;&lt;/div&gt;</description>            </item>
                    <item>
                <title>YoYo Games</title>
                <link>https://animacionespola.deviantart.com/art/YoYo-Games-718108745</link>
                <guid isPermaLink="true">https://animacionespola.deviantart.com/art/YoYo-Games-718108745</guid>
                <pubDate>Sat, 02 Dec 2017 12:57:57 PST</pubDate>
                        <media:title type="plain">YoYo Games</media:title>
        <media:keywords></media:keywords>
                        <media:rating>nonadult</media:rating>
                <media:category label="Other">cartoons/digital/comics/other</media:category>
        <media:credit role="author" scheme="urn:ebu">animacionespola</media:credit>
        <media:credit role="author" scheme="urn:ebu">https://a.deviantart.net/avatars/a/n/animacionespola.png?5</media:credit>
        <media:copyright url="https://animacionespola.deviantart.com">Copyright 2017-2019 animacionespola</media:copyright>            <media:description type="html"></media:description>            <media:thumbnail url="https://t00.deviantart.net/WK6y64wNREicWXkzYauCwCH56nU=/fit-in/150x150/filters:no_upscale():origin()/pre00/a1b7/th/pre/f/2017/336/5/e/yoyo_games_by_animacionespola-dbvjk95.png" height="150" width="100"/>            <media:thumbnail url="https://t00.deviantart.net/RkBc_T4WZddPEqO7EOA0hWNs498=/fit-in/300x900/filters:no_upscale():origin()/pre00/a1b7/th/pre/f/2017/336/5/e/yoyo_games_by_animacionespola-dbvjk95.png" height="448" width="300"/>            <media:thumbnail url="https://t00.deviantart.net/JlYx1Sgb6z_pllKn81vRReHWtQY=/300x200/filters:fixed_height(100,100):origin()/pre00/a1b7/th/pre/f/2017/336/5/e/yoyo_games_by_animacionespola-dbvjk95.png" height="200" width="134"/>            <media:content url="https://orig00.deviantart.net/2e8b/f/2017/336/5/e/yoyo_games_by_animacionespola-dbvjk95.png" height="747" width="500" medium="image"/>            
            <description>&lt;br /&gt;&lt;div&gt;&lt;img src=&quot;https://t00.deviantart.net/JlYx1Sgb6z_pllKn81vRReHWtQY=/300x200/filters:fixed_height(100,100):origin()/pre00/a1b7/th/pre/f/2017/336/5/e/yoyo_games_by_animacionespola-dbvjk95.png&quot; alt=&quot;thumbnail&quot; /&gt;&lt;/div&gt;</description>            </item>
                    <item>
                <title>Starbound - Ranger Danger II</title>
                <link>https://mistermannco.deviantart.com/art/Starbound-Ranger-Danger-II-713735642</link>
                <guid isPermaLink="true">https://mistermannco.deviantart.com/art/Starbound-Ranger-Danger-II-713735642</guid>
                <pubDate>Mon, 06 Nov 2017 09:36:12 PST</pubDate>
                        <media:title type="plain">Starbound - Ranger Danger II</media:title>
        <media:keywords></media:keywords>
                        <media:rating>nonadult</media:rating>
                <media:category label="Games">fanart/traditional/drawings/games</media:category>
        <media:credit role="author" scheme="urn:ebu">MisterMannCo</media:credit>
        <media:credit role="author" scheme="urn:ebu">https://a.deviantart.net/avatars/m/i/mistermannco.jpg?3</media:credit>
        <media:copyright url="https://mistermannco.deviantart.com">Copyright 2017-2019 MisterMannCo</media:copyright>            <media:description type="html">Todays lesson about: Not learning anything from the pevious lesson and attempt Again, without inspecting any holes or anything for more florans.&lt;br /&gt;Note to self: After countless falls from medium/high grounds and bone breaking, i was fortunate enough that i have gotten used to such pain.&lt;br /&gt;&lt;br /&gt;&lt;span&gt;(This is an old drawing dating back around 2013-2014&#039;ish)&lt;/span&gt;</media:description>            <media:thumbnail url="https://t00.deviantart.net/AgH1RUo9sGzYMdHfiu0Q_9jCqzo=/fit-in/150x150/filters:no_upscale():origin()/pre00/798f/th/pre/i/2017/310/2/4/starbound___ranger_danger_ii_by_mistermannco-dbsxty2.jpg" height="51" width="150"/>            <media:thumbnail url="https://t00.deviantart.net/aD3aUHKWc29JX4cwzrDrn2gPQGM=/fit-in/300x900/filters:no_upscale():origin()/pre00/798f/th/pre/i/2017/310/2/4/starbound___ranger_danger_ii_by_mistermannco-dbsxty2.jpg" height="102" width="300"/>            <media:thumbnail url="https://t00.deviantart.net/Nh3LJsSybHIEClnMNO0Um5Ob6q8=/300x200/filters:fixed_height(100,100):origin()/pre00/798f/th/pre/i/2017/310/2/4/starbound___ranger_danger_ii_by_mistermannco-dbsxty2.jpg" height="102" width="300"/>            <media:content url="https://pre00.deviantart.net/798f/th/pre/i/2017/310/2/4/starbound___ranger_danger_ii_by_mistermannco-dbsxty2.jpg" height="522" width="1532" medium="image"/>            
            <description>Todays lesson about: Not learning anything from the pevious lesson and attempt Again, without inspecting any holes or anything for more florans.&lt;br /&gt;Note to self: After countless falls from medium/high grounds and bone breaking, i was fortunate enough that i have gotten used to such pain.&lt;br /&gt;&lt;br /&gt;&lt;span&gt;(This is an old drawing dating back around 2013-2014&#039;ish)&lt;/span&gt;&lt;br /&gt;&lt;div&gt;&lt;img src=&quot;https://t00.deviantart.net/Nh3LJsSybHIEClnMNO0Um5Ob6q8=/300x200/filters:fixed_height(100,100):origin()/pre00/798f/th/pre/i/2017/310/2/4/starbound___ranger_danger_ii_by_mistermannco-dbsxty2.jpg&quot; alt=&quot;thumbnail&quot; /&gt;&lt;/div&gt;</description>            </item>
                    <item>
                <title>Starbound - Ranger Danger I</title>
                <link>https://mistermannco.deviantart.com/art/Starbound-Ranger-Danger-I-713733775</link>
                <guid isPermaLink="true">https://mistermannco.deviantart.com/art/Starbound-Ranger-Danger-I-713733775</guid>
                <pubDate>Mon, 06 Nov 2017 09:13:36 PST</pubDate>
                        <media:title type="plain">Starbound - Ranger Danger I</media:title>
        <media:keywords></media:keywords>
                        <media:rating>nonadult</media:rating>
                <media:category label="Games">fanart/traditional/drawings/games</media:category>
        <media:credit role="author" scheme="urn:ebu">MisterMannCo</media:credit>
        <media:credit role="author" scheme="urn:ebu">https://a.deviantart.net/avatars/m/i/mistermannco.jpg?3</media:credit>
        <media:copyright url="https://mistermannco.deviantart.com">Copyright 2017-2019 MisterMannCo</media:copyright>            <media:description type="html">Todays lesson about: Not to give Visual compliments to florans, especially if they&#039;re the armed type&lt;br /&gt;Note to self: Try not to get beheaded onto a spear next time, the headache it comes with Fukken Hurts!&lt;br /&gt;&lt;br /&gt;(This is an old drawing dating back around 2013-2014&#039;ish)</media:description>            <media:thumbnail url="https://t00.deviantart.net/4HxcJUHvndYUijjm857Ye8m8J8s=/fit-in/150x150/filters:no_upscale():origin()/pre00/9cd5/th/pre/i/2017/310/7/7/starbound___ranger_danger_i_by_mistermannco-dbsxsi7.jpg" height="95" width="150"/>            <media:thumbnail url="https://t00.deviantart.net/BxBnQwvylrh90aJ01G56q9SuDWo=/fit-in/300x900/filters:no_upscale():origin()/pre00/9cd5/th/pre/i/2017/310/7/7/starbound___ranger_danger_i_by_mistermannco-dbsxsi7.jpg" height="190" width="300"/>            <media:thumbnail url="https://t00.deviantart.net/amxtRca-K7eFytyW9SxIP9pGaE0=/300x200/filters:fixed_height(100,100):origin()/pre00/9cd5/th/pre/i/2017/310/7/7/starbound___ranger_danger_i_by_mistermannco-dbsxsi7.jpg" height="190" width="300"/>            <media:content url="https://pre00.deviantart.net/9cd5/th/pre/i/2017/310/7/7/starbound___ranger_danger_i_by_mistermannco-dbsxsi7.jpg" height="711" width="1123" medium="image"/>            
            <description>Todays lesson about: Not to give Visual compliments to florans, especially if they&#039;re the armed type&lt;br /&gt;Note to self: Try not to get beheaded onto a spear next time, the headache it comes with Fukken Hurts!&lt;br /&gt;&lt;br /&gt;(This is an old drawing dating back around 2013-2014&#039;ish)&lt;br /&gt;&lt;div&gt;&lt;img src=&quot;https://t00.deviantart.net/amxtRca-K7eFytyW9SxIP9pGaE0=/300x200/filters:fixed_height(100,100):origin()/pre00/9cd5/th/pre/i/2017/310/7/7/starbound___ranger_danger_i_by_mistermannco-dbsxsi7.jpg&quot; alt=&quot;thumbnail&quot; /&gt;&lt;/div&gt;</description>            </item>
                    <item>
                <title>Ryu No</title>
                <link>https://daksdoodles.deviantart.com/art/Ryu-No-706009929</link>
                <guid isPermaLink="true">https://daksdoodles.deviantart.com/art/Ryu-No-706009929</guid>
                <pubDate>Sat, 23 Sep 2017 14:15:26 PDT</pubDate>
                        <media:title type="plain">Ryu No</media:title>
        <media:keywords></media:keywords>
                        <media:rating>nonadult</media:rating>
                <media:category label="Games">fanart/digital/drawings/games</media:category>
        <media:credit role="author" scheme="urn:ebu">DaksDoodles</media:credit>
        <media:credit role="author" scheme="urn:ebu">https://a.deviantart.net/avatars/d/a/daksdoodles.jpg?11</media:credit>
        <media:copyright url="https://daksdoodles.deviantart.com">Copyright 2017-2019 DaksDoodles</media:copyright>            <media:description type="html">In my unpopular opinion, Rage Comics are still funny to me. And I miss them.</media:description>            <media:thumbnail url="https://t00.deviantart.net/RSkQ1L17PHqroNBYR69SlI7BCYw=/fit-in/150x150/filters:no_upscale():origin()/pre00/d5a9/th/pre/f/2017/266/6/c/ryu_no_by_daksdoodles-dboc8qx.png" height="56" width="150"/>            <media:thumbnail url="https://t00.deviantart.net/gQ6CazPyoJVT-jn8Q0c0nwxZ9Hk=/fit-in/300x900/filters:no_upscale():origin()/pre00/d5a9/th/pre/f/2017/266/6/c/ryu_no_by_daksdoodles-dboc8qx.png" height="113" width="300"/>            <media:thumbnail url="https://t00.deviantart.net/y3GAK3vQ0Qedn88HHnD2IX6KJ1w=/300x200/filters:fixed_height(100,100):origin()/pre00/d5a9/th/pre/f/2017/266/6/c/ryu_no_by_daksdoodles-dboc8qx.png" height="113" width="300"/>            <media:content url="https://orig00.deviantart.net/6111/f/2017/266/6/c/ryu_no_by_daksdoodles-dboc8qx.png" height="120" width="320" medium="image"/>            
            <description>In my unpopular opinion, Rage Comics are still funny to me. And I miss them.&lt;br /&gt;&lt;div&gt;&lt;img src=&quot;https://t00.deviantart.net/y3GAK3vQ0Qedn88HHnD2IX6KJ1w=/300x200/filters:fixed_height(100,100):origin()/pre00/d5a9/th/pre/f/2017/266/6/c/ryu_no_by_daksdoodles-dboc8qx.png&quot; alt=&quot;thumbnail&quot; /&gt;&lt;/div&gt;</description>            </item>
                    <item>
                <title>Feel like a Villain</title>
                <link>https://catsdontdraw.deviantart.com/art/Feel-like-a-Villain-705220493</link>
                <guid isPermaLink="true">https://catsdontdraw.deviantart.com/art/Feel-like-a-Villain-705220493</guid>
                <pubDate>Mon, 18 Sep 2017 19:19:30 PDT</pubDate>
                        <media:title type="plain">Feel like a Villain</media:title>
        <media:keywords></media:keywords>
                        <media:rating>nonadult</media:rating>
                <media:category label="Other">fanart/digital/other</media:category>
        <media:credit role="author" scheme="urn:ebu">CatsDontDraw</media:credit>
        <media:credit role="author" scheme="urn:ebu">https://a.deviantart.net/avatars/c/a/catsdontdraw.jpg?1</media:credit>
        <media:copyright url="https://catsdontdraw.deviantart.com">Copyright 2017-2019 CatsDontDraw</media:copyright>             <creativeCommons:license>http://creativecommons.org/licenses/by-nc-nd/3.0/</creativeCommons:license>
                <media:description type="html">I seriously dont know what im doing with my life XDD</media:description>            <media:thumbnail url="https://t00.deviantart.net/H--5wWL99qc2021xFwGs0742X7k=/fit-in/150x150/filters:no_upscale():origin()/pre00/7739/th/pre/f/2017/261/3/7/feel_like_a_villain_by_nekokami_sama-dbnvbm5.jpg" height="138" width="150"/>            <media:thumbnail url="https://t00.deviantart.net/a4cLsG6-U4hfJueJ1CaLsoW_aPE=/fit-in/300x900/filters:no_upscale():origin()/pre00/7739/th/pre/f/2017/261/3/7/feel_like_a_villain_by_nekokami_sama-dbnvbm5.jpg" height="276" width="300"/>            <media:thumbnail url="https://t00.deviantart.net/v0mMRFmO07see4-5gUNoRatdv6g=/300x200/filters:fixed_height(100,100):origin()/pre00/7739/th/pre/f/2017/261/3/7/feel_like_a_villain_by_nekokami_sama-dbnvbm5.jpg" height="200" width="217"/>            <media:content url="https://orig00.deviantart.net/81df/f/2017/261/3/7/feel_like_a_villain_by_nekokami_sama-dbnvbm5.jpg" height="737" width="800" medium="image"/>            
            <description>I seriously dont know what im doing with my life XDD&lt;br /&gt;&lt;div&gt;&lt;img src=&quot;https://t00.deviantart.net/v0mMRFmO07see4-5gUNoRatdv6g=/300x200/filters:fixed_height(100,100):origin()/pre00/7739/th/pre/f/2017/261/3/7/feel_like_a_villain_by_nekokami_sama-dbnvbm5.jpg&quot; alt=&quot;thumbnail&quot; /&gt;&lt;/div&gt;</description>            </item>
                    <item>
                <title>Rage comic: Night in the woods fans</title>
                <link>https://cabiscool.deviantart.com/art/Rage-comic-Night-in-the-woods-fans-704502423</link>
                <guid isPermaLink="true">https://cabiscool.deviantart.com/art/Rage-comic-Night-in-the-woods-fans-704502423</guid>
                <pubDate>Thu, 14 Sep 2017 19:14:43 PDT</pubDate>
                        <media:title type="plain">Rage comic: Night in the woods fans</media:title>
        <media:keywords></media:keywords>
                        <media:rating>nonadult</media:rating>
                <media:category label="Other">cartoons/digital/comics/other</media:category>
        <media:credit role="author" scheme="urn:ebu">Cabiscool</media:credit>
        <media:credit role="author" scheme="urn:ebu">https://a.deviantart.net/avatars/c/a/cabiscool.jpg?7</media:credit>
        <media:copyright url="https://cabiscool.deviantart.com">Copyright 2017-2019 Cabiscool</media:copyright>            <media:description type="html">I know that no makes memes like this anymore but I still beat the dead horse. &lt;br /&gt;&lt;br /&gt;I don&#039;t own Night in the woods</media:description>            <media:thumbnail url="https://t00.deviantart.net/vJYy1hpPRuk5xUEv0Zdnu4SpW5k=/fit-in/150x150/filters:no_upscale():origin()/pre00/0d03/th/pre/i/2017/257/3/3/rage_comic__night_in_the_woods_fans_by_cabiscool-dbnfxjr.jpg" height="115" width="150"/>            <media:thumbnail url="https://t00.deviantart.net/U1bIgBj3VN6OYCiJz47pEszv--U=/fit-in/300x900/filters:no_upscale():origin()/pre00/0d03/th/pre/i/2017/257/3/3/rage_comic__night_in_the_woods_fans_by_cabiscool-dbnfxjr.jpg" height="230" width="300"/>            <media:thumbnail url="https://t00.deviantart.net/sHRXu3UrtKWACHmcjIzMz8eh9PQ=/300x200/filters:fixed_height(100,100):origin()/pre00/0d03/th/pre/i/2017/257/3/3/rage_comic__night_in_the_woods_fans_by_cabiscool-dbnfxjr.jpg" height="200" width="260"/>            <media:content url="https://img00.deviantart.net/8504/i/2017/257/3/3/rage_comic__night_in_the_woods_fans_by_cabiscool-dbnfxjr.jpg" height="461" width="600" medium="image"/>            
            <description>I know that no makes memes like this anymore but I still beat the dead horse. &lt;br /&gt;&lt;br /&gt;I don&#039;t own Night in the woods&lt;br /&gt;&lt;div&gt;&lt;img src=&quot;https://t00.deviantart.net/sHRXu3UrtKWACHmcjIzMz8eh9PQ=/300x200/filters:fixed_height(100,100):origin()/pre00/0d03/th/pre/i/2017/257/3/3/rage_comic__night_in_the_woods_fans_by_cabiscool-dbnfxjr.jpg&quot; alt=&quot;thumbnail&quot; /&gt;&lt;/div&gt;</description>            </item>
                    <item>
                <title>Ransom</title>
                <link>https://tornado9797.deviantart.com/art/Ransom-692674777</link>
                <guid isPermaLink="true">https://tornado9797.deviantart.com/art/Ransom-692674777</guid>
                <pubDate>Sat, 15 Jul 2017 06:39:44 PDT</pubDate>
                        <media:title type="plain">Ransom</media:title>
        <media:keywords></media:keywords>
                        <media:rating>adult</media:rating>
                <media:category label="Scraps">scraps</media:category>
        <media:credit role="author" scheme="urn:ebu">Tornado9797</media:credit>
        <media:credit role="author" scheme="urn:ebu">https://a.deviantart.net/avatars/t/o/tornado9797.png?12</media:credit>
        <media:copyright url="https://tornado9797.deviantart.com">Copyright 2017-2019 Tornado9797</media:copyright>            <media:description type="html">The only reason why this dumb thing exists was because it was a requirement to become a mod on /r/Dumbsford lol.</media:description>            <media:thumbnail url="https://t00.deviantart.net/eNFjKqDJ2wENWvZue9CQwhSbYAM=/fit-in/150x150/filters:no_upscale():origin()/pre00/8873/th/pre/f/2017/196/6/3/ransom_by_tornado9797-dbgefa1.png" height="114" width="150"/>            <media:thumbnail url="https://t00.deviantart.net/PRDEjNzGidFxV-Ir0bJ5nx30qRg=/fit-in/300x900/filters:no_upscale():origin()/pre00/8873/th/pre/f/2017/196/6/3/ransom_by_tornado9797-dbgefa1.png" height="229" width="300"/>            <media:thumbnail url="https://t00.deviantart.net/5tR-JA0RHD6hJ2kX9UoJMxYlKR8=/300x200/filters:fixed_height(100,100):origin()/pre00/8873/th/pre/f/2017/196/6/3/ransom_by_tornado9797-dbgefa1.png" height="200" width="262"/>            <media:content url="https://orig00.deviantart.net/7bd0/f/2017/196/6/3/ransom_by_tornado9797-dbgefa1.png" height="585" width="767" medium="image"/>            
            <description>The only reason why this dumb thing exists was because it was a requirement to become a mod on /r/Dumbsford lol.&lt;br /&gt;&lt;div&gt;&lt;img src=&quot;https://t00.deviantart.net/5tR-JA0RHD6hJ2kX9UoJMxYlKR8=/300x200/filters:fixed_height(100,100):origin()/pre00/8873/th/pre/f/2017/196/6/3/ransom_by_tornado9797-dbgefa1.png&quot; alt=&quot;thumbnail&quot; /&gt;&lt;/div&gt;</description>            </item>
                    <item>
                <title>Ragecomic 1 : Notes-de-musique</title>
                <link>https://oltscript313.deviantart.com/art/Ragecomic-1-Notes-de-musique-691730800</link>
                <guid isPermaLink="true">https://oltscript313.deviantart.com/art/Ragecomic-1-Notes-de-musique-691730800</guid>
                <pubDate>Mon, 10 Jul 2017 15:10:56 PDT</pubDate>
                        <media:title type="plain">Ragecomic 1 : Notes-de-musique</media:title>
        <media:keywords></media:keywords>
                        <media:rating>nonadult</media:rating>
                <media:category label="Strips">cartoons/digital/comics/strips</media:category>
        <media:credit role="author" scheme="urn:ebu">OltScript313</media:credit>
        <media:credit role="author" scheme="urn:ebu">https://a.deviantart.net/avatars/o/l/oltscript313.png?14</media:credit>
        <media:copyright url="https://oltscript313.deviantart.com">Copyright 2017-2019 OltScript313</media:copyright>            <media:description type="html">Mon premier ragecomic ! &lt;img src=&quot;http://e.deviantart.net/emoticons/b/biggrin.gif&quot; width=&quot;15&quot; height=&quot;15&quot; alt=&quot;:D&quot; data-embed-type=&quot;emoticon&quot; data-embed-id=&quot;366&quot; title=&quot;:D (Big Grin)&quot;/&gt;&lt;br /&gt;Un, &amp;#224; propos de la musique, hehe ! &lt;img src=&quot;http://e.deviantart.net/emoticons/b/biggrin.gif&quot; width=&quot;15&quot; height=&quot;15&quot; alt=&quot;:D&quot; data-embed-type=&quot;emoticon&quot; data-embed-id=&quot;366&quot; title=&quot;:D (Big Grin)&quot;/&gt;&lt;br /&gt;&lt;br /&gt;Fait le : Dimanche 9 Juillet 2017 &amp;#224; 00 heure et 7 minutes !</media:description>            <media:thumbnail url="https://t00.deviantart.net/CosxLJqHn9Sw2F5N-cAV2Z9yx6g=/fit-in/150x150/filters:no_upscale():origin()/pre00/f9f3/th/pre/f/2017/191/5/6/ragecomic_1___notes_de_musique_by_jajan313-dbfu6wg.png" height="111" width="150"/>            <media:thumbnail url="https://t00.deviantart.net/mKaIdrXOO3mtojLYR0ebCLLiA8k=/fit-in/300x900/filters:no_upscale():origin()/pre00/f9f3/th/pre/f/2017/191/5/6/ragecomic_1___notes_de_musique_by_jajan313-dbfu6wg.png" height="222" width="300"/>            <media:thumbnail url="https://t00.deviantart.net/M-uE7dbzSvNcE4fpDeaRiqR5_t8=/300x200/filters:fixed_height(100,100):origin()/pre00/f9f3/th/pre/f/2017/191/5/6/ragecomic_1___notes_de_musique_by_jajan313-dbfu6wg.png" height="200" width="271"/>            <media:content url="https://orig00.deviantart.net/b136/f/2017/191/5/6/ragecomic_1___notes_de_musique_by_jajan313-dbfu6wg.png" height="481" width="651" medium="image"/>            
            <description>Mon premier ragecomic ! &lt;img src=&quot;http://e.deviantart.net/emoticons/b/biggrin.gif&quot; width=&quot;15&quot; height=&quot;15&quot; alt=&quot;:D&quot; data-embed-type=&quot;emoticon&quot; data-embed-id=&quot;366&quot; title=&quot;:D (Big Grin)&quot;/&gt;&lt;br /&gt;Un, &amp;#224; propos de la musique, hehe ! &lt;img src=&quot;http://e.deviantart.net/emoticons/b/biggrin.gif&quot; width=&quot;15&quot; height=&quot;15&quot; alt=&quot;:D&quot; data-embed-type=&quot;emoticon&quot; data-embed-id=&quot;366&quot; title=&quot;:D (Big Grin)&quot;/&gt;&lt;br /&gt;&lt;br /&gt;Fait le : Dimanche 9 Juillet 2017 &amp;#224; 00 heure et 7 minutes !&lt;br /&gt;&lt;div&gt;&lt;img src=&quot;https://t00.deviantart.net/M-uE7dbzSvNcE4fpDeaRiqR5_t8=/300x200/filters:fixed_height(100,100):origin()/pre00/f9f3/th/pre/f/2017/191/5/6/ragecomic_1___notes_de_musique_by_jajan313-dbfu6wg.png&quot; alt=&quot;thumbnail&quot; /&gt;&lt;/div&gt;</description>            </item>
                    <item>
                <title>Me Gusta - Acrylic Ragecomic</title>
                <link>https://solidwheel02.deviantart.com/art/Me-Gusta-Acrylic-Ragecomic-689815952</link>
                <guid isPermaLink="true">https://solidwheel02.deviantart.com/art/Me-Gusta-Acrylic-Ragecomic-689815952</guid>
                <pubDate>Sat, 01 Jul 2017 08:20:30 PDT</pubDate>
                        <media:title type="plain">Me Gusta - Acrylic Ragecomic</media:title>
        <media:keywords></media:keywords>
                        <media:rating>nonadult</media:rating>
                <media:category label="Pop Art">traditional/paintings/pop</media:category>
        <media:credit role="author" scheme="urn:ebu">solidwheel02</media:credit>
        <media:credit role="author" scheme="urn:ebu">https://a.deviantart.net/avatars/s/o/solidwheel02.jpg?1</media:credit>
        <media:copyright url="https://solidwheel02.deviantart.com">Copyright 2017-2019 solidwheel02</media:copyright>            <media:description type="html">Me Gusta.</media:description>            <media:thumbnail url="https://t00.deviantart.net/GJEdp8hkHg9pL6AX2N9fixx9u8k=/fit-in/150x150/filters:no_upscale():origin()/pre00/9ef3/th/pre/i/2017/182/2/f/me_gusta___acrylic_ragecomic_by_solidwheel02-dbep5e8.jpg" height="150" width="113"/>            <media:thumbnail url="https://t00.deviantart.net/eOvUY2edoY_jZajGsuXi36bUek4=/fit-in/300x900/filters:no_upscale():origin()/pre00/9ef3/th/pre/i/2017/182/2/f/me_gusta___acrylic_ragecomic_by_solidwheel02-dbep5e8.jpg" height="400" width="300"/>            <media:thumbnail url="https://t00.deviantart.net/cPciLdo3tZZa2trGIvsSxeIM74M=/300x200/filters:fixed_height(100,100):origin()/pre00/9ef3/th/pre/i/2017/182/2/f/me_gusta___acrylic_ragecomic_by_solidwheel02-dbep5e8.jpg" height="200" width="150"/>            <media:content url="https://pre00.deviantart.net/9ef3/th/pre/i/2017/182/2/f/me_gusta___acrylic_ragecomic_by_solidwheel02-dbep5e8.jpg" height="1032" width="774" medium="image"/>            
            <description>Me Gusta.&lt;br /&gt;&lt;div&gt;&lt;img src=&quot;https://t00.deviantart.net/cPciLdo3tZZa2trGIvsSxeIM74M=/300x200/filters:fixed_height(100,100):origin()/pre00/9ef3/th/pre/i/2017/182/2/f/me_gusta___acrylic_ragecomic_by_solidwheel02-dbep5e8.jpg&quot; alt=&quot;thumbnail&quot; /&gt;&lt;/div&gt;</description>            </item>
                    <item>
                <title>Relatable meem 2</title>
                <link>https://jeffblorpofficial.deviantart.com/art/Relatable-meem-2-688715217</link>
                <guid isPermaLink="true">https://jeffblorpofficial.deviantart.com/art/Relatable-meem-2-688715217</guid>
                <pubDate>Sun, 25 Jun 2017 19:09:42 PDT</pubDate>
                        <media:title type="plain">Relatable meem 2</media:title>
        <media:keywords></media:keywords>
                        <media:rating>nonadult</media:rating>
                <media:category label="Humourous">digitalart/photomanip/humourous</media:category>
        <media:credit role="author" scheme="urn:ebu">JeffBlorpOfficial</media:credit>
        <media:credit role="author" scheme="urn:ebu">https://a.deviantart.net/avatars/j/e/jeffblorpofficial.png?5</media:credit>
        <media:copyright url="https://jeffblorpofficial.deviantart.com">Copyright 2017-2019 JeffBlorpOfficial</media:copyright>            <media:description type="html">hey guys so today i wanted to show2d u guy another mem i made on paint microsoft 3 and i think it truened out pretty good. yhsnk (tank)</media:description>            <media:thumbnail url="https://t00.deviantart.net/WBS8WV1LH9Iah5JwK0q8xTrM_y8=/fit-in/150x150/filters:no_upscale():origin()/pre00/a38f/th/pre/f/2017/176/6/8/meem_by_jeffblorpofficial-dbe1k29.jpg" height="112" width="150"/>            <media:thumbnail url="https://orig00.deviantart.net/a444/f/2017/176/6/8/meem_by_jeffblorpofficial-dbe1k29.jpg" height="194" width="259"/>            <media:thumbnail url="https://orig00.deviantart.net/a444/f/2017/176/6/8/meem_by_jeffblorpofficial-dbe1k29.jpg" height="194" width="259"/>            <media:content url="https://orig00.deviantart.net/a444/f/2017/176/6/8/meem_by_jeffblorpofficial-dbe1k29.jpg" height="194" width="259" medium="image"/>            
            <description>hey guys so today i wanted to show2d u guy another mem i made on paint microsoft 3 and i think it truened out pretty good. yhsnk (tank)&lt;br /&gt;&lt;div&gt;&lt;img src=&quot;https://orig00.deviantart.net/a444/f/2017/176/6/8/meem_by_jeffblorpofficial-dbe1k29.jpg&quot; alt=&quot;thumbnail&quot; /&gt;&lt;/div&gt;</description>            </item>
                    <item>
                <title>Y U NO Rage Comic - Acrylic</title>
                <link>https://solidwheel02.deviantart.com/art/Y-U-NO-Rage-Comic-Acrylic-688216815</link>
                <guid isPermaLink="true">https://solidwheel02.deviantart.com/art/Y-U-NO-Rage-Comic-Acrylic-688216815</guid>
                <pubDate>Fri, 23 Jun 2017 09:56:20 PDT</pubDate>
                        <media:title type="plain">Y U NO Rage Comic - Acrylic</media:title>
        <media:keywords></media:keywords>
                        <media:rating>nonadult</media:rating>
                <media:category label="Pop Art">traditional/paintings/pop</media:category>
        <media:credit role="author" scheme="urn:ebu">solidwheel02</media:credit>
        <media:credit role="author" scheme="urn:ebu">https://a.deviantart.net/avatars/s/o/solidwheel02.jpg?1</media:credit>
        <media:copyright url="https://solidwheel02.deviantart.com">Copyright 2017-2019 solidwheel02</media:copyright>            <media:description type="html">Y U NO Guy.&amp;nbsp;</media:description>            <media:thumbnail url="https://t00.deviantart.net/K-d5jWyvlmHpIWWPhDYgLDyzQec=/fit-in/150x150/filters:no_upscale():origin()/pre00/b0eb/th/pre/i/2017/174/3/f/y_u_no_rage_comic___acrylic_by_solidwheel02-dbdqvhr.jpg" height="150" width="113"/>            <media:thumbnail url="https://t00.deviantart.net/omCmK-3jbVUHPd2lyr1hLeAY9Ls=/fit-in/300x900/filters:no_upscale():origin()/pre00/b0eb/th/pre/i/2017/174/3/f/y_u_no_rage_comic___acrylic_by_solidwheel02-dbdqvhr.jpg" height="400" width="300"/>            <media:thumbnail url="https://t00.deviantart.net/8KomfgDdetLIydJpf_hcIy-4xc4=/300x200/filters:fixed_height(100,100):origin()/pre00/b0eb/th/pre/i/2017/174/3/f/y_u_no_rage_comic___acrylic_by_solidwheel02-dbdqvhr.jpg" height="200" width="150"/>            <media:content url="https://pre00.deviantart.net/b0eb/th/pre/i/2017/174/3/f/y_u_no_rage_comic___acrylic_by_solidwheel02-dbdqvhr.jpg" height="1032" width="774" medium="image"/>            
            <description>Y U NO Guy.&amp;nbsp;&lt;br /&gt;&lt;div&gt;&lt;img src=&quot;https://t00.deviantart.net/8KomfgDdetLIydJpf_hcIy-4xc4=/300x200/filters:fixed_height(100,100):origin()/pre00/b0eb/th/pre/i/2017/174/3/f/y_u_no_rage_comic___acrylic_by_solidwheel02-dbdqvhr.jpg&quot; alt=&quot;thumbnail&quot; /&gt;&lt;/div&gt;</description>            </item>
                    <item>
                <title>E3 2017: Now with Rainbows</title>
                <link>https://ronnoc01.deviantart.com/art/E3-2017-Now-with-Rainbows-687970021</link>
                <guid isPermaLink="true">https://ronnoc01.deviantart.com/art/E3-2017-Now-with-Rainbows-687970021</guid>
                <pubDate>Thu, 22 Jun 2017 02:52:31 PDT</pubDate>
                        <media:title type="plain">E3 2017: Now with Rainbows</media:title>
        <media:keywords></media:keywords>
                        <media:rating>nonadult</media:rating>
                <media:category label="Strips">cartoons/digital/comics/strips</media:category>
        <media:credit role="author" scheme="urn:ebu">Ronnoc01</media:credit>
        <media:credit role="author" scheme="urn:ebu">https://a.deviantart.net/avatars/r/o/ronnoc01.jpg?6</media:credit>
        <media:copyright url="https://ronnoc01.deviantart.com">Copyright 2017-2019 Ronnoc01</media:copyright>            <media:description type="html">E3 2017 may have been stolen by Nintendo, but there was still plenty to get hyped about.</media:description>            <media:thumbnail url="https://t00.deviantart.net/3d2Ad7Y8NmwkBq7K0zsefqzNucw=/fit-in/150x150/filters:no_upscale():origin()/pre00/11fb/th/pre/f/2017/173/4/2/e3_2017__now_with_rainbows_by_ronnoc01-dbdll2d.png" height="111" width="150"/>            <media:thumbnail url="https://t00.deviantart.net/e8jCogbl4YSynparCg-6UHRfJc4=/fit-in/300x900/filters:no_upscale():origin()/pre00/11fb/th/pre/f/2017/173/4/2/e3_2017__now_with_rainbows_by_ronnoc01-dbdll2d.png" height="222" width="300"/>            <media:thumbnail url="https://t00.deviantart.net/ijPjluyaZ5nVFxCd0sbFmbd9Uzg=/300x200/filters:fixed_height(100,100):origin()/pre00/11fb/th/pre/f/2017/173/4/2/e3_2017__now_with_rainbows_by_ronnoc01-dbdll2d.png" height="200" width="271"/>            <media:content url="https://orig00.deviantart.net/34c5/f/2017/173/4/2/e3_2017__now_with_rainbows_by_ronnoc01-dbdll2d.png" height="481" width="651" medium="image"/>            
            <description>E3 2017 may have been stolen by Nintendo, but there was still plenty to get hyped about.&lt;br /&gt;&lt;div&gt;&lt;img src=&quot;https://t00.deviantart.net/ijPjluyaZ5nVFxCd0sbFmbd9Uzg=/300x200/filters:fixed_height(100,100):origin()/pre00/11fb/th/pre/f/2017/173/4/2/e3_2017__now_with_rainbows_by_ronnoc01-dbdll2d.png&quot; alt=&quot;thumbnail&quot; /&gt;&lt;/div&gt;</description>            </item>
                    <item>
                <title>Pride</title>
                <link>https://vorebellies503.deviantart.com/art/Pride-683982771</link>
                <guid isPermaLink="true">https://vorebellies503.deviantart.com/art/Pride-683982771</guid>
                <pubDate>Thu, 01 Jun 2017 16:56:56 PDT</pubDate>
                        <media:title type="plain">Pride</media:title>
        <media:keywords></media:keywords>
                        <media:rating>nonadult</media:rating>
                <media:category label="Pages &amp; Panels">manga/digital/manga/pages</media:category>
        <media:credit role="author" scheme="urn:ebu">vorebellies503</media:credit>
        <media:credit role="author" scheme="urn:ebu">https://a.deviantart.net/avatars/v/o/vorebellies503.png?2</media:credit>
        <media:copyright url="https://vorebellies503.deviantart.com">Copyright 2017-2019 vorebellies503</media:copyright>            <media:description type="html"></media:description>            <media:thumbnail url="https://t00.deviantart.net/8fm-PCM15Y9M8LvGL2_q_UzBplw=/fit-in/150x150/filters:no_upscale():origin()/pre00/a5ef/th/pre/i/2017/152/b/6/pride_by_vorebellies503-dbb84hf.png" height="72" width="150"/>            <media:thumbnail url="https://t00.deviantart.net/-WjcCNWG8mgVQhqp7ykmwvT6Hes=/fit-in/300x900/filters:no_upscale():origin()/pre00/a5ef/th/pre/i/2017/152/b/6/pride_by_vorebellies503-dbb84hf.png" height="144" width="300"/>            <media:thumbnail url="https://t00.deviantart.net/ffYARXB6JNabjNiKW8NIj182Tuw=/300x200/filters:fixed_height(100,100):origin()/pre00/a5ef/th/pre/i/2017/152/b/6/pride_by_vorebellies503-dbb84hf.png" height="144" width="300"/>            <media:content url="https://img00.deviantart.net/2dbf/i/2017/152/b/6/pride_by_vorebellies503-dbb84hf.png" height="490" width="1024" medium="image"/>            
            <description>&lt;br /&gt;&lt;div&gt;&lt;img src=&quot;https://t00.deviantart.net/ffYARXB6JNabjNiKW8NIj182Tuw=/300x200/filters:fixed_height(100,100):origin()/pre00/a5ef/th/pre/i/2017/152/b/6/pride_by_vorebellies503-dbb84hf.png&quot; alt=&quot;thumbnail&quot; /&gt;&lt;/div&gt;</description>            </item>
                    <item>
                <title>The Campania Arc in a nutshell ragecomic</title>
                <link>https://lalottered.deviantart.com/art/The-Campania-Arc-in-a-nutshell-ragecomic-682208275</link>
                <guid isPermaLink="true">https://lalottered.deviantart.com/art/The-Campania-Arc-in-a-nutshell-ragecomic-682208275</guid>
                <pubDate>Tue, 23 May 2017 07:30:55 PDT</pubDate>
                        <media:title type="plain">The Campania Arc in a nutshell ragecomic</media:title>
        <media:keywords></media:keywords>
                        <media:rating>nonadult</media:rating>
                <media:category label="Other">fanart/manga/digital/other</media:category>
        <media:credit role="author" scheme="urn:ebu">Lalottered</media:credit>
        <media:credit role="author" scheme="urn:ebu">https://a.deviantart.net/avatars/l/a/lalottered.jpg?4</media:credit>
        <media:copyright url="https://lalottered.deviantart.com">Copyright 2017-2019 Lalottered</media:copyright>            <media:description type="html">Seriously though this is the thing I remember the most.</media:description>            <media:thumbnail url="https://t00.deviantart.net/Bn0uDMIy2fqA2mwLZCMh7jZ5KeA=/fit-in/150x150/filters:no_upscale():origin()/pre00/2a50/th/pre/f/2017/143/0/e/ragecomic_by_lalottered-dba639v.png" height="150" width="68"/>            <media:thumbnail url="https://t00.deviantart.net/eIRZrh0Av7Jeo62Mtb9HM4z3lYc=/fit-in/300x900/filters:no_upscale():origin()/pre00/2a50/th/pre/f/2017/143/0/e/ragecomic_by_lalottered-dba639v.png" height="664" width="300"/>            <media:thumbnail url="https://t00.deviantart.net/4L0IqIi4-4uSeNEr-C79Kz58gUs=/300x200/filters:fixed_height(100,100):origin()/pre00/2a50/th/pre/f/2017/143/0/e/ragecomic_by_lalottered-dba639v.png" height="201" width="100"/>            <media:content url="https://pre00.deviantart.net/2a50/th/pre/f/2017/143/0/e/ragecomic_by_lalottered-dba639v.png" height="1330" width="601" medium="image"/>            
            <description>Seriously though this is the thing I remember the most.&lt;br /&gt;&lt;div&gt;&lt;img src=&quot;https://t00.deviantart.net/4L0IqIi4-4uSeNEr-C79Kz58gUs=/300x200/filters:fixed_height(100,100):origin()/pre00/2a50/th/pre/f/2017/143/0/e/ragecomic_by_lalottered-dba639v.png&quot; alt=&quot;thumbnail&quot; /&gt;&lt;/div&gt;</description>            </item>
                    <item>
                <title>Troll Vore</title>
                <link>https://vorebellies503.deviantart.com/art/Troll-Vore-677137327</link>
                <guid isPermaLink="true">https://vorebellies503.deviantart.com/art/Troll-Vore-677137327</guid>
                <pubDate>Tue, 25 Apr 2017 20:43:15 PDT</pubDate>
                        <media:title type="plain">Troll Vore</media:title>
        <media:keywords></media:keywords>
                        <media:rating>nonadult</media:rating>
                <media:category label="Drawings">manga/digital/drawings</media:category>
        <media:credit role="author" scheme="urn:ebu">vorebellies503</media:credit>
        <media:credit role="author" scheme="urn:ebu">https://a.deviantart.net/avatars/v/o/vorebellies503.png?2</media:credit>
        <media:copyright url="https://vorebellies503.deviantart.com">Copyright 2017-2019 vorebellies503</media:copyright>            <media:description type="html"></media:description>            <media:thumbnail url="https://t00.deviantart.net/MSFt2i1SPfAbxExosf3yQEHGEu8=/fit-in/150x150/filters:no_upscale():origin()/pre00/3505/th/pre/i/2017/115/9/1/troll_vore_by_vorebellies503-db75ei7.png" height="150" width="109"/>            <media:thumbnail url="https://t00.deviantart.net/f5HYDEHsN8Llsa9fCK7ekFYOx8Q=/fit-in/300x900/filters:no_upscale():origin()/pre00/3505/th/pre/i/2017/115/9/1/troll_vore_by_vorebellies503-db75ei7.png" height="413" width="300"/>            <media:thumbnail url="https://t00.deviantart.net/0CGdY-tdOc0nZG3y8pbAOCxyzjE=/300x200/filters:fixed_height(100,100):origin()/pre00/3505/th/pre/i/2017/115/9/1/troll_vore_by_vorebellies503-db75ei7.png" height="200" width="145"/>            <media:content url="https://pre00.deviantart.net/3505/th/pre/i/2017/115/9/1/troll_vore_by_vorebellies503-db75ei7.png" height="1049" width="762" medium="image"/>            
            <description>&lt;br /&gt;&lt;div&gt;&lt;img src=&quot;https://t00.deviantart.net/0CGdY-tdOc0nZG3y8pbAOCxyzjE=/300x200/filters:fixed_height(100,100):origin()/pre00/3505/th/pre/i/2017/115/9/1/troll_vore_by_vorebellies503-db75ei7.png&quot; alt=&quot;thumbnail&quot; /&gt;&lt;/div&gt;</description>            </item>
                    <item>
                <title>Going up stairs - Everyone else vs Me</title>
                <link>https://junited.deviantart.com/art/Going-up-stairs-Everyone-else-vs-Me-676184691</link>
                <guid isPermaLink="true">https://junited.deviantart.com/art/Going-up-stairs-Everyone-else-vs-Me-676184691</guid>
                <pubDate>Fri, 21 Apr 2017 00:49:07 PDT</pubDate>
                        <media:title type="plain">Going up stairs - Everyone else vs Me</media:title>
        <media:keywords></media:keywords>
                        <media:rating>nonadult</media:rating>
                <media:category label="Other">cartoons/digital/comics/other</media:category>
        <media:credit role="author" scheme="urn:ebu">Junited</media:credit>
        <media:credit role="author" scheme="urn:ebu">https://a.deviantart.net/avatars/j/u/junited.gif?7</media:credit>
        <media:copyright url="https://junited.deviantart.com">Copyright 2017-2019 Junited</media:copyright>            <media:description type="html">Lololololololololo</media:description>            <media:thumbnail url="https://t00.deviantart.net/wSQu0VakgTpvBW_UvezEc69cYUQ=/fit-in/150x150/filters:no_upscale():origin()/pre00/7785/th/pre/f/2017/111/f/a/going_up_stairs___everyone_else_vs_me_by_junited-db6kzg3.png" height="93" width="150"/>            <media:thumbnail url="https://t00.deviantart.net/aCAotAcE0fW2wre0TcCPcKntpdw=/fit-in/300x900/filters:no_upscale():origin()/pre00/7785/th/pre/f/2017/111/f/a/going_up_stairs___everyone_else_vs_me_by_junited-db6kzg3.png" height="186" width="300"/>            <media:thumbnail url="https://t00.deviantart.net/U0ydyH7o4cOgzxKpzZhe935gwrM=/300x200/filters:fixed_height(100,100):origin()/pre00/7785/th/pre/f/2017/111/f/a/going_up_stairs___everyone_else_vs_me_by_junited-db6kzg3.png" height="186" width="300"/>            <media:content url="https://orig00.deviantart.net/fede/f/2017/111/f/a/going_up_stairs___everyone_else_vs_me_by_junited-db6kzg3.png" height="507" width="819" medium="image"/>            
            <description>Lololololololololo&lt;br /&gt;&lt;div&gt;&lt;img src=&quot;https://t00.deviantart.net/U0ydyH7o4cOgzxKpzZhe935gwrM=/300x200/filters:fixed_height(100,100):origin()/pre00/7785/th/pre/f/2017/111/f/a/going_up_stairs___everyone_else_vs_me_by_junited-db6kzg3.png&quot; alt=&quot;thumbnail&quot; /&gt;&lt;/div&gt;</description>            </item>
                    <item>
                <title>I Am The Bored One</title>
                <link>https://clawinginmyclaw.deviantart.com/art/I-Am-The-Bored-One-671450283</link>
                <guid isPermaLink="true">https://clawinginmyclaw.deviantart.com/art/I-Am-The-Bored-One-671450283</guid>
                <pubDate>Mon, 27 Mar 2017 16:09:55 PDT</pubDate>
                        <media:title type="plain">I Am The Bored One</media:title>
        <media:keywords></media:keywords>
                        <media:rating>nonadult</media:rating>
                <media:category label="Strips">cartoons/digital/comics/strips</media:category>
        <media:credit role="author" scheme="urn:ebu">Clawinginmyclaw</media:credit>
        <media:credit role="author" scheme="urn:ebu">https://a.deviantart.net/avatars/c/l/clawinginmyclaw.png?5</media:credit>
        <media:copyright url="https://clawinginmyclaw.deviantart.com">Copyright 2017-2019 Clawinginmyclaw</media:copyright>            <media:description type="html"></media:description>            <media:thumbnail url="https://t00.deviantart.net/ru3Wxo63JIznGdtz-02qnYXWG_Q=/fit-in/150x150/filters:no_upscale():origin()/pre00/3644/th/pre/f/2017/086/2/5/i_am_the_one_by_clawinginmyclaw-db3ricr.png" height="111" width="150"/>            <media:thumbnail url="https://t00.deviantart.net/_rouSZxZYx_VUF1a0_lSg8xvf_w=/fit-in/300x900/filters:no_upscale():origin()/pre00/3644/th/pre/f/2017/086/2/5/i_am_the_one_by_clawinginmyclaw-db3ricr.png" height="222" width="300"/>            <media:thumbnail url="https://t00.deviantart.net/yu4ypVFE8QYjC1guHJxZPsof6sg=/300x200/filters:fixed_height(100,100):origin()/pre00/3644/th/pre/f/2017/086/2/5/i_am_the_one_by_clawinginmyclaw-db3ricr.png" height="200" width="271"/>            <media:content url="https://orig00.deviantart.net/8eba/f/2017/086/2/5/i_am_the_one_by_clawinginmyclaw-db3ricr.png" height="481" width="651" medium="image"/>            
            <description>&lt;br /&gt;&lt;div&gt;&lt;img src=&quot;https://t00.deviantart.net/yu4ypVFE8QYjC1guHJxZPsof6sg=/300x200/filters:fixed_height(100,100):origin()/pre00/3644/th/pre/f/2017/086/2/5/i_am_the_one_by_clawinginmyclaw-db3ricr.png&quot; alt=&quot;thumbnail&quot; /&gt;&lt;/div&gt;</description>            </item>
            </channel>
</rss>