<?xml version="1.0" encoding="utf-8"?>
<rss version="2.0" xmlns:media="http://search.yahoo.com/mrss/" xmlns:atom="http://www.w3.org/2005/Atom" xmlns:creativeCommons="http://backend.userland.com/creativeCommonsRssModule">
    <channel>
        <title>DeviantArt: Daily Deviations</title>
        <link>https://www.deviantart.com/daily-deviations</link>
        <description>DeviantArt RSS for Daily Deviations</description>
        <language>en-us</language>
        <copyright>Copyright 2019, DeviantArt.com</copyright>
        <pubDate>Sun, 27 Jan 2019 11:21:03 PST</pubDate>

        <generator>DeviantArt.com</generator>
        <docs>http://blogs.law.harvard.edu/tech/rss</docs>
        <atom:icon>https://st.deviantart.net/minish/touch-icons/android-192.png</atom:icon>
        <atom:link type="application/rss+xml" rel="self" href="https://backend.deviantart.com/rss.xml?q=special%3Add+startts%3A2019-01-27&amp;type=deviation" />
        <atom:link rel="previous" href="https://backend.deviantart.com/rss.xml?q=special%3Add+startts%3A2019-01-26&amp;type=deviation" />
                    <item>
                <title>X and Zero Two Point Oh</title>
                <link>https://herms85.deviantart.com/art/X-and-Zero-Two-Point-Oh-780587089</link>
                <guid isPermaLink="true">https://herms85.deviantart.com/art/X-and-Zero-Two-Point-Oh-780587089</guid>
                <pubDate>Thu, 10 Jan 2019 14:50:51 PST</pubDate>
                        <media:title type="plain">X and Zero Two Point Oh</media:title>
        <media:keywords></media:keywords>
                        <media:rating>nonadult</media:rating>
                <media:category label="Games">fanart/digital/drawings/games</media:category>
        <media:credit role="author" scheme="urn:ebu">herms85</media:credit>
        <media:credit role="author" scheme="urn:ebu">https://a.deviantart.net/avatars/h/e/herms85.jpg?3</media:credit>
        <media:copyright url="https://herms85.deviantart.com">Copyright 2019 herms85</media:copyright>
            <media:community>
                <media:tags>@mattherms</media:tags>
            </media:community>            <media:description type="html">Reworking an older print into the rad-as-hell &quot;Ver Ke&quot; designs for X and Zero. Love all the details these guys have!&amp;nbsp;&lt;br /&gt;&lt;br /&gt;You can order a print of this from Shark Robot!&amp;nbsp;&lt;a class=&quot;external&quot; href=&quot;https://www.deviantart.com/users/outgoing?https://sharkrobot.com/products/mmx2-0&quot;&gt;sharkrobot.com/products/mmx2-0&lt;/a&gt;</media:description>            <media:thumbnail url="https://t00.deviantart.net/yW5WKybbAO3aVe6VD4EyityYDlQ=/fit-in/150x150/filters:no_upscale():origin()/pre00/5ccd/th/pre/f/2019/010/0/c/0c77e4579d43680eca19d26d116b58dd-dcwqoup.jpg" height="150" width="97"/>            <media:thumbnail url="https://t00.deviantart.net/PcGH1DcSeghHqmunoa7dxZdpmmw=/fit-in/300x900/filters:no_upscale():origin()/pre00/5ccd/th/pre/f/2019/010/0/c/0c77e4579d43680eca19d26d116b58dd-dcwqoup.jpg" height="464" width="300"/>            <media:thumbnail url="https://t00.deviantart.net/OXLsuhDVAh7dWFjynZ3zJOwrySE=/300x200/filters:fixed_height(100,100):origin()/pre00/5ccd/th/pre/f/2019/010/0/c/0c77e4579d43680eca19d26d116b58dd-dcwqoup.jpg" height="200" width="129"/>            <media:content url="https://pre00.deviantart.net/5ccd/th/pre/f/2019/010/0/c/0c77e4579d43680eca19d26d116b58dd-dcwqoup.jpg" height="1111" width="719" medium="image"/>            
            <description>Reworking an older print into the rad-as-hell &quot;Ver Ke&quot; designs for X and Zero. Love all the details these guys have!&amp;nbsp;&lt;br /&gt;&lt;br /&gt;You can order a print of this from Shark Robot!&amp;nbsp;&lt;a class=&quot;external&quot; href=&quot;https://www.deviantart.com/users/outgoing?https://sharkrobot.com/products/mmx2-0&quot;&gt;sharkrobot.com/products/mmx2-0&lt;/a&gt;&lt;br /&gt;&lt;div&gt;&lt;img src=&quot;https://t00.deviantart.net/OXLsuhDVAh7dWFjynZ3zJOwrySE=/300x200/filters:fixed_height(100,100):origin()/pre00/5ccd/th/pre/f/2019/010/0/c/0c77e4579d43680eca19d26d116b58dd-dcwqoup.jpg&quot; alt=&quot;thumbnail&quot; /&gt;&lt;/div&gt;</description>            </item>
                    <item>
                <title>Hangar Bay</title>
                <link>https://mikedoscher.deviantart.com/art/Hangar-Bay-782300692</link>
                <guid isPermaLink="true">https://mikedoscher.deviantart.com/art/Hangar-Bay-782300692</guid>
                <pubDate>Tue, 22 Jan 2019 12:51:29 PST</pubDate>
                        <media:title type="plain">Hangar Bay</media:title>
        <media:keywords></media:keywords>
                        <media:rating>nonadult</media:rating>
                <media:category label="Sci-Fi">digitalart/paintings/scifi</media:category>
        <media:credit role="author" scheme="urn:ebu">MikeDoscher</media:credit>
        <media:credit role="author" scheme="urn:ebu">https://a.deviantart.net/avatars/m/i/mikedoscher.gif</media:credit>
        <media:copyright url="https://mikedoscher.deviantart.com">Copyright 2019 MikeDoscher</media:copyright>            <media:description type="html">&lt;span&gt;The ATM-73 &#039;Minotaur&#039; is an adaptation of the venerable AT-70 assault transport, being extensively rebuilt to serve as a combat transport for armored infantry and even some powered suits in the 10-ton range on an external rack.&amp;nbsp;&lt;/span&gt;</media:description>            <media:thumbnail url="https://t00.deviantart.net/D3ro-HOrxAOOvM3GYF-e-m7dZUY=/fit-in/150x150/filters:no_upscale():origin()/pre00/f071/th/pre/i/2019/022/5/6/hangar_bay_by_mikedoscher-dcxrf2s.jpg" height="84" width="150"/>            <media:thumbnail url="https://t00.deviantart.net/bo-zt_wiIw_scU9EsBJO2ohoO8w=/fit-in/300x900/filters:no_upscale():origin()/pre00/f071/th/pre/i/2019/022/5/6/hangar_bay_by_mikedoscher-dcxrf2s.jpg" height="169" width="300"/>            <media:thumbnail url="https://t00.deviantart.net/2v2yxeVp6iHgiPfKMCORX-orTuk=/300x200/filters:fixed_height(100,100):origin()/pre00/f071/th/pre/i/2019/022/5/6/hangar_bay_by_mikedoscher-dcxrf2s.jpg" height="169" width="300"/>            <media:content url="https://img00.deviantart.net/b878/i/2019/022/5/6/hangar_bay_by_mikedoscher-dcxrf2s.jpg" height="576" width="1024" medium="image"/>            
            <description>&lt;span&gt;The ATM-73 &#039;Minotaur&#039; is an adaptation of the venerable AT-70 assault transport, being extensively rebuilt to serve as a combat transport for armored infantry and even some powered suits in the 10-ton range on an external rack.&amp;nbsp;&lt;/span&gt;&lt;br /&gt;&lt;div&gt;&lt;img src=&quot;https://t00.deviantart.net/2v2yxeVp6iHgiPfKMCORX-orTuk=/300x200/filters:fixed_height(100,100):origin()/pre00/f071/th/pre/i/2019/022/5/6/hangar_bay_by_mikedoscher-dcxrf2s.jpg&quot; alt=&quot;thumbnail&quot; /&gt;&lt;/div&gt;</description>            </item>
                    <item>
                <title>Winter in New England</title>
                <link>https://prettyflour.deviantart.com/art/Winter-in-New-England-775477118</link>
                <guid isPermaLink="true">https://prettyflour.deviantart.com/art/Winter-in-New-England-775477118</guid>
                <pubDate>Wed, 05 Dec 2018 09:50:53 PST</pubDate>
                        <media:title type="plain">Winter in New England</media:title>
        <media:keywords></media:keywords>
                        <media:rating>nonadult</media:rating>
                <media:category label="Traditional Fixed Forms">literature/poetry/narrative/fixed</media:category>
        <media:credit role="author" scheme="urn:ebu">prettyflour</media:credit>
        <media:credit role="author" scheme="urn:ebu">https://a.deviantart.net/avatars/p/r/prettyflour.jpg?3</media:credit>
        <media:copyright url="https://prettyflour.deviantart.com">Copyright 2018-2019 prettyflour</media:copyright>            <media:description type="html">&lt;p&gt;&lt;b&gt;Ottava Rima&amp;nbsp;&lt;/b&gt;rhymes abababcc, and numerous medieval and Renaissance Italian poems were composed in this stanza pattern.&lt;br /&gt;&lt;br /&gt;Written for DFC 2018 @ &lt;a target=&quot;_self&quot; href=&quot;https://www.deviantart.com/projectdfc&quot; &gt;&lt;img class=&quot;avatar group&quot; width=&quot;100&quot; height=&quot;50&quot; src=&quot;https://a.deviantart.net/avatars/p/r/projectdfc.gif?1&quot; alt=&quot;:iconprojectdfc:&quot; title=&quot;ProjectDFC&quot; /&gt;&lt;/a&gt;&amp;nbsp; &amp;nbsp;&lt;span class=&quot;shadow-holder&quot; data-embed-type=&quot;deviation&quot; data-embed-id=&quot;774557122&quot; data-embed-format=&quot;thumb&quot;&gt;&lt;span class=&quot;shadow mild&quot; &gt;&lt;a class=&quot;thumb&quot; href=&quot;https://www.deviantart.com/kiwi-damnation/art/December-Form-Challenge-DFC-2018-774557122&quot; title=&quot;December Form Challenge (DFC) 2018 by kiwi-damnation, Nov 28, 2018 in Resources &amp;amp; Stock Images &amp;gt; Tutorials &amp;gt; Writing&quot;        data-sigil=&quot;thumb&quot;&gt;
        &lt;i&gt;&lt;/i&gt;&lt;img   width=&quot;150&quot; height=&quot;116&quot; alt=&quot;December Form Challenge (DFC) 2018 by kiwi-damnation&quot; src=&quot;https://t00.deviantart.net/fPys-bi6BmMuAH9kKJB2yk8sZzw=/fit-in/150x150/filters:no_upscale():origin()/pre00/c883/th/pre/f/2018/334/9/e/december_form_challenge__dfc__2018_by_kiwi_damnation-dct5g3m.jpg&quot; data-src=&quot;https://t00.deviantart.net/fPys-bi6BmMuAH9kKJB2yk8sZzw=/fit-in/150x150/filters:no_upscale():origin()/pre00/c883/th/pre/f/2018/334/9/e/december_form_challenge__dfc__2018_by_kiwi_damnation-dct5g3m.jpg&quot; srcset=&quot;https://t00.deviantart.net/fPys-bi6BmMuAH9kKJB2yk8sZzw=/fit-in/150x150/filters:no_upscale():origin()/pre00/c883/th/pre/f/2018/334/9/e/december_form_challenge__dfc__2018_by_kiwi_damnation-dct5g3m.jpg 150w,https://t00.deviantart.net/M8TbF7ghVt6CivgleNVrD6MZdO4=/500x250/filters:fixed_height(100,100):origin()/pre00/c883/th/pre/f/2018/334/9/e/december_form_challenge__dfc__2018_by_kiwi_damnation-dct5g3m.jpg 324w,https://t00.deviantart.net/p0Lk-d-4FfiRe-B0-PThTElvy00=/700x350/filters:fixed_height(100,100):origin()/pre00/c883/th/pre/f/2018/334/9/e/december_form_challenge__dfc__2018_by_kiwi_damnation-dct5g3m.jpg 453w,https://t00.deviantart.net/hnya96mu_gRIsU6UyqvpqLJFVDM=/800x400/filters:fixed_height(100,100):origin()/pre00/c883/th/pre/f/2018/334/9/e/december_form_challenge__dfc__2018_by_kiwi_damnation-dct5g3m.jpg 518w,https://orig00.deviantart.net/e861/f/2018/334/9/e/december_form_challenge__dfc__2018_by_kiwi_damnation-dct5g3m.jpg 650w&quot; sizes=&quot;150px&quot;&gt;&lt;/a&gt;&lt;/span&gt;&lt;!-- ^TTT --&gt;&lt;!-- TTT$ --&gt;&lt;/span&gt;&lt;br /&gt;&lt;br /&gt;&lt;/p&gt;&lt;span class=&quot;shadow-holder&quot; data-embed-type=&quot;deviation&quot; data-embed-id=&quot;774275563&quot; data-embed-format=&quot;thumb&quot;&gt;&lt;span class=&quot;shadow mild&quot; &gt;&lt;a href=&quot;https://www.deviantart.com/onewiththestars/journal/Project-DFC-December-Form-Challenge-2018-774275563&quot; data-sigil=&quot;thumb&quot; class=&quot;thumb lit&quot; onmouseover=&quot;if (window.LitBox) LitBox.hover(this, true)&quot; onmouseout=&quot;if (window.LitBox) LitBox.out(this)&quot;&gt;&lt;i&gt;&lt;/i&gt;&lt;img class=&quot;lit journal&quot; src=&quot;https://st.deviantart.net/minish/gruzecontrol/icons/journal.gif?2&quot;&gt;&lt;span class=&quot;wrap&quot; style=&quot;width: 150px&quot;&gt;&lt;q&gt;
        &lt;strong&gt;Project DFC: December Form Challenge 2018&lt;/strong&gt;&lt;br /&gt;&lt;strong&gt;It&#039;s tiiiiiiiiimmmmeeee....&lt;/strong&gt;&lt;br /&gt;&lt;strong&gt;This is the namesake event of &lt;span class=&quot;username-with-symbol&quot;&gt;&lt;span class=&quot;super group username&quot;&gt;ProjectDFC&lt;/span&gt;&lt;span class=&quot;user-symbol super group nolink&quot; data-quicktip-text=&quot;Super Group&quot; data-show-tooltip=&quot;1&quot; data-gruser-type=&quot;super group&quot; data-clickthrough=&quot;http://groups.deviantart.com&quot;&gt;&lt;/span&gt;&lt;/span&gt;; the 2018 December Form Challenge is heeeeeerrrreeee!&lt;/strong&gt;&lt;br /&gt;Hello everyone!&amp;nbsp; &lt;img src=&quot;https://e.deviantart.net/emoticons/w/wave1.gif&quot; alt=&quot;Hi!&quot; style=&quot;width: 25px; height: 20px;&quot; data-embed-type=&quot;emoticon&quot; data-embed-id=&quot;437&quot;&gt;&amp;nbsp; OneWithTheStars here and welcome to &lt;span class=&quot;username-with-symbol&quot;&gt;&lt;span class=&quot;super group username&quot;&gt;ProjectDFC&lt;/span&gt;&lt;span class=&quot;user-symbol super group nolink&quot; data-quicktip-text=&quot;Super Group&quot; data-show-tooltip=&quot;1&quot; data-gruser-type=&quot;super group&quot; data-clickthrough=&quot;http://groups.deviantart.com&quot;&gt;&lt;/span&gt;&lt;/span&gt;&#039;s 2018 main event!&lt;br /&gt;I haven&#039;t had the pleasure to be around for it during its entirety, however, we have a VERY exciting DFC this year!&amp;nbsp; We are celebrating the decennial of this absolutely marvelous challenge that has inspired monthly challenges of poetic forms, bringing together fellow poets as we &lt;strike&gt;torture&lt;/strike&gt; challenge ourselves with just a sampling of the many, many poetic forms in existence around the world.&amp;nbsp; We also have a new contributor; please everyone give a hand in welcoming &lt;span class=&quot;username-with-symbol&quot;&gt;&lt;span class=&quot;beta username&quot;&gt;Amarantheans&lt;/span&gt;&lt;span class=&quot;user-symbol beta nolink&quot; data-quicktip-text=&quot;Beta Tester&quot; data-show-tooltip=&quot;1&quot; data-gruser-type=&quot;beta&quot;&gt;&lt;/span&gt;&lt;/span&gt; to our group!&amp;nbsp; She&#039;s a wonderful person I&#039;ve come to know over the past couple of years and enjoys poetic forms as much as the rest of us.&lt;br /&gt;&lt;/q&gt;&lt;/span&gt;&lt;/a&gt;&lt;/span&gt;&lt;!-- ^TTT --&gt;&lt;!-- TTT$ --&gt;&lt;/span&gt;&lt;br /&gt;&lt;br /&gt;&lt;br /&gt;&lt;p&gt;&lt;/p&gt;</media:description>        

        <media:content url="https://prettyflour.deviantart.com/art/Winter-in-New-England-775477118" medium="document" />
        <media:text type="html">Flurries circle and swirl in a neat little dance,&lt;br /&gt;landing peacefully among the newly fallen snow,&lt;br /&gt;off the children go into the white expanse&lt;br /&gt;where copious amounts of snowballs they will throw;&lt;br /&gt;they&amp;#8217;ll run and laugh and around they will prance,&lt;br /&gt;ending the day with a steaming cup of hot cocoa;&lt;br /&gt;not a single complaint of the wind or cold,&lt;br /&gt;just another New England winter to behold. </media:text>            
            <description>&lt;p&gt;&lt;b&gt;Ottava Rima&amp;nbsp;&lt;/b&gt;rhymes abababcc, and numerous medieval and Renaissance Italian poems were composed in this stanza pattern.&lt;br /&gt;&lt;br /&gt;Written for DFC 2018 @ &lt;a target=&quot;_self&quot; href=&quot;https://www.deviantart.com/projectdfc&quot; &gt;&lt;img class=&quot;avatar group&quot; width=&quot;100&quot; height=&quot;50&quot; src=&quot;https://a.deviantart.net/avatars/p/r/projectdfc.gif?1&quot; alt=&quot;:iconprojectdfc:&quot; title=&quot;ProjectDFC&quot; /&gt;&lt;/a&gt;&amp;nbsp; &amp;nbsp;&lt;span class=&quot;shadow-holder&quot; data-embed-type=&quot;deviation&quot; data-embed-id=&quot;774557122&quot; data-embed-format=&quot;thumb&quot;&gt;&lt;span class=&quot;shadow mild&quot; &gt;&lt;a class=&quot;thumb&quot; href=&quot;https://www.deviantart.com/kiwi-damnation/art/December-Form-Challenge-DFC-2018-774557122&quot; title=&quot;December Form Challenge (DFC) 2018 by kiwi-damnation, Nov 28, 2018 in Resources &amp;amp; Stock Images &amp;gt; Tutorials &amp;gt; Writing&quot;        data-sigil=&quot;thumb&quot;&gt;
        &lt;i&gt;&lt;/i&gt;&lt;img   width=&quot;150&quot; height=&quot;116&quot; alt=&quot;December Form Challenge (DFC) 2018 by kiwi-damnation&quot; src=&quot;https://t00.deviantart.net/fPys-bi6BmMuAH9kKJB2yk8sZzw=/fit-in/150x150/filters:no_upscale():origin()/pre00/c883/th/pre/f/2018/334/9/e/december_form_challenge__dfc__2018_by_kiwi_damnation-dct5g3m.jpg&quot; data-src=&quot;https://t00.deviantart.net/fPys-bi6BmMuAH9kKJB2yk8sZzw=/fit-in/150x150/filters:no_upscale():origin()/pre00/c883/th/pre/f/2018/334/9/e/december_form_challenge__dfc__2018_by_kiwi_damnation-dct5g3m.jpg&quot; srcset=&quot;https://t00.deviantart.net/fPys-bi6BmMuAH9kKJB2yk8sZzw=/fit-in/150x150/filters:no_upscale():origin()/pre00/c883/th/pre/f/2018/334/9/e/december_form_challenge__dfc__2018_by_kiwi_damnation-dct5g3m.jpg 150w,https://t00.deviantart.net/M8TbF7ghVt6CivgleNVrD6MZdO4=/500x250/filters:fixed_height(100,100):origin()/pre00/c883/th/pre/f/2018/334/9/e/december_form_challenge__dfc__2018_by_kiwi_damnation-dct5g3m.jpg 324w,https://t00.deviantart.net/p0Lk-d-4FfiRe-B0-PThTElvy00=/700x350/filters:fixed_height(100,100):origin()/pre00/c883/th/pre/f/2018/334/9/e/december_form_challenge__dfc__2018_by_kiwi_damnation-dct5g3m.jpg 453w,https://t00.deviantart.net/hnya96mu_gRIsU6UyqvpqLJFVDM=/800x400/filters:fixed_height(100,100):origin()/pre00/c883/th/pre/f/2018/334/9/e/december_form_challenge__dfc__2018_by_kiwi_damnation-dct5g3m.jpg 518w,https://orig00.deviantart.net/e861/f/2018/334/9/e/december_form_challenge__dfc__2018_by_kiwi_damnation-dct5g3m.jpg 650w&quot; sizes=&quot;150px&quot;&gt;&lt;/a&gt;&lt;/span&gt;&lt;!-- ^TTT --&gt;&lt;!-- TTT$ --&gt;&lt;/span&gt;&lt;br /&gt;&lt;br /&gt;&lt;/p&gt;&lt;span class=&quot;shadow-holder&quot; data-embed-type=&quot;deviation&quot; data-embed-id=&quot;774275563&quot; data-embed-format=&quot;thumb&quot;&gt;&lt;span class=&quot;shadow mild&quot; &gt;&lt;a href=&quot;https://www.deviantart.com/onewiththestars/journal/Project-DFC-December-Form-Challenge-2018-774275563&quot; data-sigil=&quot;thumb&quot; class=&quot;thumb lit&quot; onmouseover=&quot;if (window.LitBox) LitBox.hover(this, true)&quot; onmouseout=&quot;if (window.LitBox) LitBox.out(this)&quot;&gt;&lt;i&gt;&lt;/i&gt;&lt;img class=&quot;lit journal&quot; src=&quot;https://st.deviantart.net/minish/gruzecontrol/icons/journal.gif?2&quot;&gt;&lt;span class=&quot;wrap&quot; style=&quot;width: 150px&quot;&gt;&lt;q&gt;
        &lt;strong&gt;Project DFC: December Form Challenge 2018&lt;/strong&gt;&lt;br /&gt;&lt;strong&gt;It&#039;s tiiiiiiiiimmmmeeee....&lt;/strong&gt;&lt;br /&gt;&lt;strong&gt;This is the namesake event of &lt;span class=&quot;username-with-symbol&quot;&gt;&lt;span class=&quot;super group username&quot;&gt;ProjectDFC&lt;/span&gt;&lt;span class=&quot;user-symbol super group nolink&quot; data-quicktip-text=&quot;Super Group&quot; data-show-tooltip=&quot;1&quot; data-gruser-type=&quot;super group&quot; data-clickthrough=&quot;http://groups.deviantart.com&quot;&gt;&lt;/span&gt;&lt;/span&gt;; the 2018 December Form Challenge is heeeeeerrrreeee!&lt;/strong&gt;&lt;br /&gt;Hello everyone!&amp;nbsp; &lt;img src=&quot;https://e.deviantart.net/emoticons/w/wave1.gif&quot; alt=&quot;Hi!&quot; style=&quot;width: 25px; height: 20px;&quot; data-embed-type=&quot;emoticon&quot; data-embed-id=&quot;437&quot;&gt;&amp;nbsp; OneWithTheStars here and welcome to &lt;span class=&quot;username-with-symbol&quot;&gt;&lt;span class=&quot;super group username&quot;&gt;ProjectDFC&lt;/span&gt;&lt;span class=&quot;user-symbol super group nolink&quot; data-quicktip-text=&quot;Super Group&quot; data-show-tooltip=&quot;1&quot; data-gruser-type=&quot;super group&quot; data-clickthrough=&quot;http://groups.deviantart.com&quot;&gt;&lt;/span&gt;&lt;/span&gt;&#039;s 2018 main event!&lt;br /&gt;I haven&#039;t had the pleasure to be around for it during its entirety, however, we have a VERY exciting DFC this year!&amp;nbsp; We are celebrating the decennial of this absolutely marvelous challenge that has inspired monthly challenges of poetic forms, bringing together fellow poets as we &lt;strike&gt;torture&lt;/strike&gt; challenge ourselves with just a sampling of the many, many poetic forms in existence around the world.&amp;nbsp; We also have a new contributor; please everyone give a hand in welcoming &lt;span class=&quot;username-with-symbol&quot;&gt;&lt;span class=&quot;beta username&quot;&gt;Amarantheans&lt;/span&gt;&lt;span class=&quot;user-symbol beta nolink&quot; data-quicktip-text=&quot;Beta Tester&quot; data-show-tooltip=&quot;1&quot; data-gruser-type=&quot;beta&quot;&gt;&lt;/span&gt;&lt;/span&gt; to our group!&amp;nbsp; She&#039;s a wonderful person I&#039;ve come to know over the past couple of years and enjoys poetic forms as much as the rest of us.&lt;br /&gt;&lt;/q&gt;&lt;/span&gt;&lt;/a&gt;&lt;/span&gt;&lt;!-- ^TTT --&gt;&lt;!-- TTT$ --&gt;&lt;/span&gt;&lt;br /&gt;&lt;br /&gt;&lt;br /&gt;&lt;p&gt;&lt;/p&gt;</description>            </item>
                    <item>
                <title>[C] Jia</title>
                <link>https://hatsukibambi.deviantart.com/art/C-Jia-781519692</link>
                <guid isPermaLink="true">https://hatsukibambi.deviantart.com/art/C-Jia-781519692</guid>
                <pubDate>Thu, 17 Jan 2019 08:19:58 PST</pubDate>
                        <media:title type="plain">[C] Jia</media:title>
        <media:keywords></media:keywords>
                        <media:rating>nonadult</media:rating>
                <media:category label="Drawings">manga/digital/drawings</media:category>
        <media:credit role="author" scheme="urn:ebu">hatsukibambi</media:credit>
        <media:credit role="author" scheme="urn:ebu">https://a.deviantart.net/avatars/h/a/hatsukibambi.gif</media:credit>
        <media:copyright url="https://hatsukibambi.deviantart.com">Copyright 2019 hatsukibambi</media:copyright>            <media:description type="html">Detailed chibi commission for &lt;a target=&quot;_self&quot; href=&quot;https://www.deviantart.com/cammiio&quot; &gt;&lt;img class=&quot;avatar&quot; width=&quot;50&quot; height=&quot;50&quot; src=&quot;https://a.deviantart.net/avatars/c/a/cammiio.png?3&quot; alt=&quot;:iconcammiio:&quot; title=&quot;Cammiio&quot; /&gt;&lt;/a&gt; of her beautiful character Jai&lt;br /&gt;I loved draw her so much!! &amp;lt;3&lt;br /&gt;&lt;br /&gt;Species &lt;a target=&quot;_self&quot; href=&quot;https://www.deviantart.com/anniverse&quot; &gt;&lt;img class=&quot;avatar group&quot; width=&quot;100&quot; height=&quot;50&quot; src=&quot;https://a.deviantart.net/avatars/a/n/anniverse.gif?6&quot; alt=&quot;:iconanniverse:&quot; title=&quot;Anniverse&quot; /&gt;&lt;/a&gt;</media:description>            <media:thumbnail url="https://t00.deviantart.net/9GB0tI_5_apJWKtK2Lr2lmAaZn8=/fit-in/150x150/filters:no_upscale():origin()/pre00/7a32/th/pre/i/2019/017/1/f/_c__jia_by_hatsukibambi-dcxaogc.png" height="150" width="150"/>            <media:thumbnail url="https://t00.deviantart.net/AcAHHELrZoxAwOylYyBVdUMB5l8=/fit-in/300x900/filters:no_upscale():origin()/pre00/7a32/th/pre/i/2019/017/1/f/_c__jia_by_hatsukibambi-dcxaogc.png" height="300" width="300"/>            <media:thumbnail url="https://t00.deviantart.net/E4quwGup9Ly54Mn3_AB5c-PDHOA=/300x200/filters:fixed_height(100,100):origin()/pre00/7a32/th/pre/i/2019/017/1/f/_c__jia_by_hatsukibambi-dcxaogc.png" height="200" width="200"/>            <media:content url="https://img00.deviantart.net/2488/i/2019/017/1/f/_c__jia_by_hatsukibambi-dcxaogc.png" height="600" width="600" medium="image"/>            
            <description>Detailed chibi commission for &lt;a target=&quot;_self&quot; href=&quot;https://www.deviantart.com/cammiio&quot; &gt;&lt;img class=&quot;avatar&quot; width=&quot;50&quot; height=&quot;50&quot; src=&quot;https://a.deviantart.net/avatars/c/a/cammiio.png?3&quot; alt=&quot;:iconcammiio:&quot; title=&quot;Cammiio&quot; /&gt;&lt;/a&gt; of her beautiful character Jai&lt;br /&gt;I loved draw her so much!! &amp;lt;3&lt;br /&gt;&lt;br /&gt;Species &lt;a target=&quot;_self&quot; href=&quot;https://www.deviantart.com/anniverse&quot; &gt;&lt;img class=&quot;avatar group&quot; width=&quot;100&quot; height=&quot;50&quot; src=&quot;https://a.deviantart.net/avatars/a/n/anniverse.gif?6&quot; alt=&quot;:iconanniverse:&quot; title=&quot;Anniverse&quot; /&gt;&lt;/a&gt;&lt;br /&gt;&lt;div&gt;&lt;img src=&quot;https://t00.deviantart.net/E4quwGup9Ly54Mn3_AB5c-PDHOA=/300x200/filters:fixed_height(100,100):origin()/pre00/7a32/th/pre/i/2019/017/1/f/_c__jia_by_hatsukibambi-dcxaogc.png&quot; alt=&quot;thumbnail&quot; /&gt;&lt;/div&gt;</description>            </item>
                    <item>
                <title>Left or Right?</title>
                <link>https://miharashi.deviantart.com/art/Left-or-Right-774196946</link>
                <guid isPermaLink="true">https://miharashi.deviantart.com/art/Left-or-Right-774196946</guid>
                <pubDate>Mon, 26 Nov 2018 05:00:46 PST</pubDate>
                        <media:title type="plain">Left or Right?</media:title>
        <media:keywords></media:keywords>
                        <media:rating>nonadult</media:rating>
                <media:category label="City Life">photography/civilization/city</media:category>
        <media:credit role="author" scheme="urn:ebu">miharashi</media:credit>
        <media:credit role="author" scheme="urn:ebu">https://a.deviantart.net/avatars/m/i/miharashi.png?2</media:credit>
        <media:copyright url="https://miharashi.deviantart.com">Copyright 2018-2019 miharashi</media:copyright>             <creativeCommons:license>http://creativecommons.org/licenses/by-nc-nd/3.0/</creativeCommons:license>
                <media:description type="html">Tokyo, November 2018</media:description>            <media:thumbnail url="https://t00.deviantart.net/YtY-ugkXEOk2WwDPs0uT66jRJ_Y=/fit-in/150x150/filters:no_upscale():origin()/pre00/9ca3/th/pre/f/2018/330/8/1/left_or_right_by_miharashi-dcsxq6q.jpg" height="150" width="102"/>            <media:thumbnail url="https://t00.deviantart.net/7sq4sBNJQ-iwIYzm6bUK9v83wwA=/fit-in/300x900/filters:no_upscale():origin()/pre00/9ca3/th/pre/f/2018/330/8/1/left_or_right_by_miharashi-dcsxq6q.jpg" height="443" width="300"/>            <media:thumbnail url="https://t00.deviantart.net/-LZtnZxjhdbrB4VdZNaJ0oZStoU=/300x200/filters:fixed_height(100,100):origin()/pre00/9ca3/th/pre/f/2018/330/8/1/left_or_right_by_miharashi-dcsxq6q.jpg" height="200" width="136"/>            <media:content url="https://pre00.deviantart.net/9ca3/th/pre/f/2018/330/8/1/left_or_right_by_miharashi-dcsxq6q.jpg" height="1086" width="736" medium="image"/>            
            <description>Tokyo, November 2018&lt;br /&gt;&lt;div&gt;&lt;img src=&quot;https://t00.deviantart.net/-LZtnZxjhdbrB4VdZNaJ0oZStoU=/300x200/filters:fixed_height(100,100):origin()/pre00/9ca3/th/pre/f/2018/330/8/1/left_or_right_by_miharashi-dcsxq6q.jpg&quot; alt=&quot;thumbnail&quot; /&gt;&lt;/div&gt;</description>            </item>
                    <item>
                <title>Part 6 Jessica Rabbit t-shirt art finished</title>
                <link>https://therealtigersblood.deviantart.com/art/Part-6-Jessica-Rabbit-t-shirt-art-finished-761521482</link>
                <guid isPermaLink="true">https://therealtigersblood.deviantart.com/art/Part-6-Jessica-Rabbit-t-shirt-art-finished-761521482</guid>
                <pubDate>Tue, 28 Aug 2018 08:49:43 PDT</pubDate>
                        <media:title type="plain">Part 6 Jessica Rabbit t-shirt art finished</media:title>
        <media:keywords></media:keywords>
                        <media:rating>nonadult</media:rating>
                <media:category label="Cross Stitch &amp; Embroidery">artisan/needlework/embroidery</media:category>
        <media:credit role="author" scheme="urn:ebu">TheRealTigersblood</media:credit>
        <media:credit role="author" scheme="urn:ebu">https://a.deviantart.net/avatars/t/h/therealtigersblood.jpg?2</media:credit>
        <media:copyright url="https://therealtigersblood.deviantart.com">Copyright 2018-2019 TheRealTigersblood</media:copyright>            <media:description type="html">Finished embroidery of Jessica Rabbit. Ready for framing.</media:description>            <media:thumbnail url="https://t00.deviantart.net/NqpLWaGCMQGNGUVXOJO3yh4pKpo=/fit-in/150x150/filters:no_upscale():origin()/pre00/2b76/th/pre/i/2018/240/5/0/part_6_jessica_rabbit_t_shirt_art_finished_by_therealtigersblood-dcle1qi.jpg" height="150" width="113"/>            <media:thumbnail url="https://t00.deviantart.net/nv2QWCX993X0SdXlmLDnNoi2o8M=/fit-in/300x900/filters:no_upscale():origin()/pre00/2b76/th/pre/i/2018/240/5/0/part_6_jessica_rabbit_t_shirt_art_finished_by_therealtigersblood-dcle1qi.jpg" height="400" width="300"/>            <media:thumbnail url="https://t00.deviantart.net/l77ZW-SWyfShFF383OT3SgpnMd4=/300x200/filters:fixed_height(100,100):origin()/pre00/2b76/th/pre/i/2018/240/5/0/part_6_jessica_rabbit_t_shirt_art_finished_by_therealtigersblood-dcle1qi.jpg" height="200" width="150"/>            <media:content url="https://pre00.deviantart.net/2b76/th/pre/i/2018/240/5/0/part_6_jessica_rabbit_t_shirt_art_finished_by_therealtigersblood-dcle1qi.jpg" height="1032" width="774" medium="image"/>            
            <description>Finished embroidery of Jessica Rabbit. Ready for framing.&lt;br /&gt;&lt;div&gt;&lt;img src=&quot;https://t00.deviantart.net/l77ZW-SWyfShFF383OT3SgpnMd4=/300x200/filters:fixed_height(100,100):origin()/pre00/2b76/th/pre/i/2018/240/5/0/part_6_jessica_rabbit_t_shirt_art_finished_by_therealtigersblood-dcle1qi.jpg&quot; alt=&quot;thumbnail&quot; /&gt;&lt;/div&gt;</description>            </item>
                    <item>
                <title>Gathering</title>
                <link>https://antares69.deviantart.com/art/Gathering-782398571</link>
                <guid isPermaLink="true">https://antares69.deviantart.com/art/Gathering-782398571</guid>
                <pubDate>Wed, 23 Jan 2019 05:41:39 PST</pubDate>
                        <media:title type="plain">Gathering</media:title>
        <media:keywords></media:keywords>
                        <media:rating>nonadult</media:rating>
                <media:category label="Landscapes &amp; Scenery">digitalart/paintings/landscapes</media:category>
        <media:credit role="author" scheme="urn:ebu">Antares69</media:credit>
        <media:credit role="author" scheme="urn:ebu">https://a.deviantart.net/avatars/a/n/antares69.jpg?8</media:credit>
        <media:copyright url="https://antares69.deviantart.com">Copyright 2019 Antares69</media:copyright>            <media:description type="html">Personal work... I&#039;m glad to finally finish this... The original color block is completely different from this piece.&lt;br /&gt;I&#039;ve been keeping the color block/sketch for 3 years maybe and decided to finish It this month, and It turns out into something completely different.&lt;br /&gt;I still want to play around with lasso tools and brush strokes, so decided to finish this piece using that method.&lt;br /&gt;&lt;br /&gt;The title Itself just something random that pop up in my mind. &lt;br /&gt;Too tired to think about some fancy great title these days...&lt;br /&gt;&lt;br /&gt;I think I&#039;ll continue finish a lot of my unfinished personal work for now. &lt;br /&gt;There are plenty of It...&amp;nbsp;&lt;br /&gt;&lt;br /&gt;I also post extra stuff on my Instagram that I never post here if you interest to check.&lt;br /&gt;&lt;br /&gt;Thank you for looking.&lt;br /&gt;&lt;br /&gt;&lt;br /&gt;&lt;a class=&quot;external&quot; href=&quot;https://www.deviantart.com/users/outgoing?https://www.instagram.com/vicky_jb18/&quot;&gt;My Instagram&lt;/a&gt;&lt;br /&gt;&lt;a href=&quot;http://vickybawangun.daportfolio.com/&quot;&gt;My Portfolio&lt;/a&gt;&lt;br /&gt;&lt;a class=&quot;external&quot; href=&quot;https://www.deviantart.com/users/outgoing?https://www.artstation.com/artist/vickyB18&quot;&gt;Artstation Page&lt;/a&gt;&lt;br /&gt;&lt;a class=&quot;external&quot; href=&quot;https://www.deviantart.com/users/outgoing?https://vickyb18.artstation.com/&quot;&gt;Artstation Portfolio Page&lt;/a&gt;</media:description>            <media:thumbnail url="https://t00.deviantart.net/gLJM3jF_iR6uNFzLwHWsrEUQ5Ts=/fit-in/150x150/filters:no_upscale():origin()/pre00/e154/th/pre/f/2019/023/4/0/gathering_by_antares69-dcxtiln.jpg" height="75" width="150"/>            <media:thumbnail url="https://t00.deviantart.net/M9RmIunrPDal2bf86T2nXbtUAfI=/fit-in/300x900/filters:no_upscale():origin()/pre00/e154/th/pre/f/2019/023/4/0/gathering_by_antares69-dcxtiln.jpg" height="151" width="300"/>            <media:thumbnail url="https://t00.deviantart.net/imS7JkQnFSgNEBdDh0REs-yOqjk=/300x200/filters:fixed_height(100,100):origin()/pre00/e154/th/pre/f/2019/023/4/0/gathering_by_antares69-dcxtiln.jpg" height="151" width="300"/>            <media:content url="https://pre00.deviantart.net/e154/th/pre/f/2019/023/4/0/gathering_by_antares69-dcxtiln.jpg" height="634" width="1261" medium="image"/>            
            <description>Personal work... I&#039;m glad to finally finish this... The original color block is completely different from this piece.&lt;br /&gt;I&#039;ve been keeping the color block/sketch for 3 years maybe and decided to finish It this month, and It turns out into something completely different.&lt;br /&gt;I still want to play around with lasso tools and brush strokes, so decided to finish this piece using that method.&lt;br /&gt;&lt;br /&gt;The title Itself just something random that pop up in my mind. &lt;br /&gt;Too tired to think about some fancy great title these days...&lt;br /&gt;&lt;br /&gt;I think I&#039;ll continue finish a lot of my unfinished personal work for now. &lt;br /&gt;There are plenty of It...&amp;nbsp;&lt;br /&gt;&lt;br /&gt;I also post extra stuff on my Instagram that I never post here if you interest to check.&lt;br /&gt;&lt;br /&gt;Thank you for looking.&lt;br /&gt;&lt;br /&gt;&lt;br /&gt;&lt;a class=&quot;external&quot; href=&quot;https://www.deviantart.com/users/outgoing?https://www.instagram.com/vicky_jb18/&quot;&gt;My Instagram&lt;/a&gt;&lt;br /&gt;&lt;a href=&quot;http://vickybawangun.daportfolio.com/&quot;&gt;My Portfolio&lt;/a&gt;&lt;br /&gt;&lt;a class=&quot;external&quot; href=&quot;https://www.deviantart.com/users/outgoing?https://www.artstation.com/artist/vickyB18&quot;&gt;Artstation Page&lt;/a&gt;&lt;br /&gt;&lt;a class=&quot;external&quot; href=&quot;https://www.deviantart.com/users/outgoing?https://vickyb18.artstation.com/&quot;&gt;Artstation Portfolio Page&lt;/a&gt;&lt;br /&gt;&lt;div&gt;&lt;img src=&quot;https://t00.deviantart.net/imS7JkQnFSgNEBdDh0REs-yOqjk=/300x200/filters:fixed_height(100,100):origin()/pre00/e154/th/pre/f/2019/023/4/0/gathering_by_antares69-dcxtiln.jpg&quot; alt=&quot;thumbnail&quot; /&gt;&lt;/div&gt;</description>            </item>
                    <item>
                <title>Spirited Away Fanart - Chihiro</title>
                <link>https://asur-misoa.deviantart.com/art/Spirited-Away-Fanart-Chihiro-777761708</link>
                <guid isPermaLink="true">https://asur-misoa.deviantart.com/art/Spirited-Away-Fanart-Chihiro-777761708</guid>
                <pubDate>Sat, 22 Dec 2018 10:14:19 PST</pubDate>
                        <media:title type="plain">Spirited Away Fanart - Chihiro</media:title>
        <media:keywords></media:keywords>
                        <media:rating>nonadult</media:rating>
                <media:category label="Movies &amp; TV">fanart/manga/digital/movies</media:category>
        <media:credit role="author" scheme="urn:ebu">Asur-Misoa</media:credit>
        <media:credit role="author" scheme="urn:ebu">https://a.deviantart.net/avatars/a/s/asur-misoa.jpg?5</media:credit>
        <media:copyright url="https://asur-misoa.deviantart.com">Copyright 2018-2019 Asur-Misoa</media:copyright>            <media:description type="html"></media:description>            <media:thumbnail url="https://t00.deviantart.net/ZXptX5_ScozYjQsW1oenDNQgQfc=/fit-in/150x150/filters:no_upscale():origin()/pre00/0e37/th/pre/f/2018/356/e/7/secretsantab9b_by_asur_misoa-dcv24rw.jpg" height="150" width="85"/>            <media:thumbnail url="https://t00.deviantart.net/hY_gPH6nuxFc8eEQcHL8OjEkOZY=/fit-in/300x900/filters:no_upscale():origin()/pre00/0e37/th/pre/f/2018/356/e/7/secretsantab9b_by_asur_misoa-dcv24rw.jpg" height="528" width="300"/>            <media:thumbnail url="https://t00.deviantart.net/X8WU4i_arkqh0c7qYdS0R9kZvsU=/300x200/filters:fixed_height(100,100):origin()/pre00/0e37/th/pre/f/2018/356/e/7/secretsantab9b_by_asur_misoa-dcv24rw.jpg" height="200" width="114"/>            <media:content url="https://pre00.deviantart.net/0e37/th/pre/f/2018/356/e/7/secretsantab9b_by_asur_misoa-dcv24rw.jpg" height="1186" width="674" medium="image"/>            
            <description>&lt;br /&gt;&lt;div&gt;&lt;img src=&quot;https://t00.deviantart.net/X8WU4i_arkqh0c7qYdS0R9kZvsU=/300x200/filters:fixed_height(100,100):origin()/pre00/0e37/th/pre/f/2018/356/e/7/secretsantab9b_by_asur_misoa-dcv24rw.jpg&quot; alt=&quot;thumbnail&quot; /&gt;&lt;/div&gt;</description>            </item>
                    <item>
                <title>Frost Fairy</title>
                <link>https://fairytas.deviantart.com/art/Frost-Fairy-782095331</link>
                <guid isPermaLink="true">https://fairytas.deviantart.com/art/Frost-Fairy-782095331</guid>
                <pubDate>Fri, 25 Jan 2019 06:00:01 PST</pubDate>
                        <media:title type="plain">Frost Fairy</media:title>
        <media:keywords></media:keywords>
                        <media:rating>nonadult</media:rating>
                <media:category label="Character &amp; Theme">artisan/costumes/costumes/character</media:category>
        <media:credit role="author" scheme="urn:ebu">Fairytas</media:credit>
        <media:credit role="author" scheme="urn:ebu">https://a.deviantart.net/avatars/f/a/fairytas.jpg?3</media:credit>
        <media:copyright url="https://fairytas.deviantart.com">Copyright 2019 Fairytas</media:copyright>            <media:description type="html">Fairy-like on earth advancing,&lt;br /&gt;All transforming, all entrancing,&lt;br /&gt;Playing on their way and dancing,&lt;br /&gt;&amp;nbsp;&amp;nbsp;&amp;nbsp;&amp;nbsp;&amp;nbsp;&amp;nbsp;&amp;nbsp; Soil-untarnished yet,&lt;br /&gt;&lt;br /&gt;Silver stars from sky are dropping,&lt;br /&gt;Little fairies skipping, hopping,&lt;br /&gt;On the roofs and turrets popping,&lt;br /&gt;&amp;nbsp;&amp;nbsp;&amp;nbsp;&amp;nbsp;&amp;nbsp;&amp;nbsp;&amp;nbsp; Crowns with diamonds set.&lt;br /&gt;&lt;br /&gt;Greeting nature&amp;#8217;s silver wedding,&lt;br /&gt;Argent splendor they are shedding,&lt;br /&gt;And a bridal veil outspreading,&lt;br /&gt;&lt;i&gt;&amp;nbsp;&amp;nbsp;&amp;nbsp;&amp;nbsp;&amp;nbsp;&amp;nbsp;&amp;nbsp; Like a silver net;&lt;/i&gt;&lt;br /&gt;&lt;br /&gt;&lt;i&gt;Philip M. Raskin&lt;/i&gt;&lt;br /&gt;&lt;br /&gt;I teamed up with @thecrookedfeather and created a frost themed armor and dress to go with thecrookedfeathers frost wings!&amp;nbsp;&lt;br /&gt;&lt;div&gt;&lt;br /&gt;&lt;/div&gt;&lt;br /&gt;Frost dress/model/photgraphy:&amp;nbsp;&lt;a href=&quot;https://www.deviantart.com/users/outgoing?https://www.fairytas.com/&quot;&gt;&lt;div&gt;&lt;a class=&quot;external&quot; href=&quot;https://www.deviantart.com/users/outgoing?https://www.fairytas.com&quot;&gt;www.fairytas.com&lt;/a&gt;&lt;/div&gt;&lt;/a&gt;&lt;br /&gt;Frost wings:&amp;nbsp;&lt;a href=&quot;https://www.deviantart.com/users/outgoing?https://www.thecrookedfeather.com/&quot;&gt;&lt;div&gt;&lt;a class=&quot;external&quot; href=&quot;https://www.deviantart.com/users/outgoing?https://www.thecrookedfeather.com/&quot;&gt;www.thecrookedfeather.com/&lt;/a&gt;&lt;/div&gt;&lt;/a&gt;</media:description>            <media:thumbnail url="https://t00.deviantart.net/AEfCgX8dLeqvp5xuegRiK9R3Zgg=/fit-in/150x150/filters:no_upscale():origin()/pre00/cef0/th/pre/f/2019/021/5/5/web2_by_fairytas-dcxn0mb.jpg" height="150" width="100"/>            <media:thumbnail url="https://t00.deviantart.net/GfBFyz7QCdWhbDnXAyc3sUPKhro=/fit-in/300x900/filters:no_upscale():origin()/pre00/cef0/th/pre/f/2019/021/5/5/web2_by_fairytas-dcxn0mb.jpg" height="450" width="300"/>            <media:thumbnail url="https://t00.deviantart.net/Bci8wUjlucK9RciIOiCG16lfmJM=/300x200/filters:fixed_height(100,100):origin()/pre00/cef0/th/pre/f/2019/021/5/5/web2_by_fairytas-dcxn0mb.jpg" height="200" width="133"/>            <media:content url="https://orig00.deviantart.net/b17e/f/2019/021/5/5/web2_by_fairytas-dcxn0mb.jpg" height="900" width="600" medium="image"/>            
            <description>Fairy-like on earth advancing,&lt;br /&gt;All transforming, all entrancing,&lt;br /&gt;Playing on their way and dancing,&lt;br /&gt;&amp;nbsp;&amp;nbsp;&amp;nbsp;&amp;nbsp;&amp;nbsp;&amp;nbsp;&amp;nbsp; Soil-untarnished yet,&lt;br /&gt;&lt;br /&gt;Silver stars from sky are dropping,&lt;br /&gt;Little fairies skipping, hopping,&lt;br /&gt;On the roofs and turrets popping,&lt;br /&gt;&amp;nbsp;&amp;nbsp;&amp;nbsp;&amp;nbsp;&amp;nbsp;&amp;nbsp;&amp;nbsp; Crowns with diamonds set.&lt;br /&gt;&lt;br /&gt;Greeting nature&amp;#8217;s silver wedding,&lt;br /&gt;Argent splendor they are shedding,&lt;br /&gt;And a bridal veil outspreading,&lt;br /&gt;&lt;i&gt;&amp;nbsp;&amp;nbsp;&amp;nbsp;&amp;nbsp;&amp;nbsp;&amp;nbsp;&amp;nbsp; Like a silver net;&lt;/i&gt;&lt;br /&gt;&lt;br /&gt;&lt;i&gt;Philip M. Raskin&lt;/i&gt;&lt;br /&gt;&lt;br /&gt;I teamed up with @thecrookedfeather and created a frost themed armor and dress to go with thecrookedfeathers frost wings!&amp;nbsp;&lt;br /&gt;&lt;div&gt;&lt;br /&gt;&lt;/div&gt;&lt;br /&gt;Frost dress/model/photgraphy:&amp;nbsp;&lt;a href=&quot;https://www.deviantart.com/users/outgoing?https://www.fairytas.com/&quot;&gt;&lt;div&gt;&lt;a class=&quot;external&quot; href=&quot;https://www.deviantart.com/users/outgoing?https://www.fairytas.com&quot;&gt;www.fairytas.com&lt;/a&gt;&lt;/div&gt;&lt;/a&gt;&lt;br /&gt;Frost wings:&amp;nbsp;&lt;a href=&quot;https://www.deviantart.com/users/outgoing?https://www.thecrookedfeather.com/&quot;&gt;&lt;div&gt;&lt;a class=&quot;external&quot; href=&quot;https://www.deviantart.com/users/outgoing?https://www.thecrookedfeather.com/&quot;&gt;www.thecrookedfeather.com/&lt;/a&gt;&lt;/div&gt;&lt;/a&gt;&lt;br /&gt;&lt;div&gt;&lt;img src=&quot;https://t00.deviantart.net/Bci8wUjlucK9RciIOiCG16lfmJM=/300x200/filters:fixed_height(100,100):origin()/pre00/cef0/th/pre/f/2019/021/5/5/web2_by_fairytas-dcxn0mb.jpg&quot; alt=&quot;thumbnail&quot; /&gt;&lt;/div&gt;</description>            </item>
                    <item>
                <title>Overgrowth</title>
                <link>https://gawki.deviantart.com/art/Overgrowth-782352436</link>
                <guid isPermaLink="true">https://gawki.deviantart.com/art/Overgrowth-782352436</guid>
                <pubDate>Tue, 22 Jan 2019 19:17:44 PST</pubDate>
                        <media:title type="plain">Overgrowth</media:title>
        <media:keywords></media:keywords>
                        <media:rating>nonadult</media:rating>
                <media:category label="Fantasy">digitalart/paintings/fantasy</media:category>
        <media:credit role="author" scheme="urn:ebu">gawki</media:credit>
        <media:credit role="author" scheme="urn:ebu">https://a.deviantart.net/avatars/g/a/gawki.png?7</media:credit>
        <media:copyright url="https://gawki.deviantart.com">Copyright 2019 gawki</media:copyright>            <media:description type="html">The most detailed piece I&amp;#8217;ve ever made and I hadn&amp;#8217;t posted the full finish here yet!&amp;nbsp;&lt;br /&gt;Also, it&amp;#8217;s available now as a limited edition print, too!&amp;nbsp;&lt;a class=&quot;external&quot; href=&quot;https://www.deviantart.com/users/outgoing?https://t.umblr.com/redirect?z=https%3A%2F%2Fwww.etsy.com%2Flisting%2F677122919%2F&amp;amp;t=YjIxOGM5NTAyMTM5MWQ1ZDUzZWFmYzk5MmM4MTliNThhNTZkYzY4MyxsRG1SNWlSOA%3D%3D&amp;amp;b=t%3A2IGMv5YoOoFGLC5F9cW-Eg&amp;amp;p=http%3A%2F%2Fgawki.tumblr.com%2Fpost%2F182233622051%2Fovergrowth-the-most-detailed-piece-ive-ever-made&amp;amp;m=1&quot;&gt;Click here!&lt;/a&gt;</media:description>            <media:thumbnail url="https://t00.deviantart.net/a0It2rkf9eBytMT8yb1rYN-IR6M=/fit-in/150x150/filters:no_upscale():origin()/pre00/4e90/th/pre/f/2019/022/1/c/overgrowth_by_gawki-dcxsj04.png" height="52" width="150"/>            <media:thumbnail url="https://t00.deviantart.net/5dPlsO-qDW9Hngk4chD7uvdwgqY=/fit-in/300x900/filters:no_upscale():origin()/pre00/4e90/th/pre/f/2019/022/1/c/overgrowth_by_gawki-dcxsj04.png" height="103" width="300"/>            <media:thumbnail url="https://t00.deviantart.net/cUSgqyB70UExhts8qj4LvkUUXSs=/300x200/filters:fixed_height(100,100):origin()/pre00/4e90/th/pre/f/2019/022/1/c/overgrowth_by_gawki-dcxsj04.png" height="103" width="300"/>            <media:content url="https://pre00.deviantart.net/4e90/th/pre/f/2019/022/1/c/overgrowth_by_gawki-dcxsj04.png" height="524" width="1525" medium="image"/>            
            <description>The most detailed piece I&amp;#8217;ve ever made and I hadn&amp;#8217;t posted the full finish here yet!&amp;nbsp;&lt;br /&gt;Also, it&amp;#8217;s available now as a limited edition print, too!&amp;nbsp;&lt;a class=&quot;external&quot; href=&quot;https://www.deviantart.com/users/outgoing?https://t.umblr.com/redirect?z=https%3A%2F%2Fwww.etsy.com%2Flisting%2F677122919%2F&amp;amp;t=YjIxOGM5NTAyMTM5MWQ1ZDUzZWFmYzk5MmM4MTliNThhNTZkYzY4MyxsRG1SNWlSOA%3D%3D&amp;amp;b=t%3A2IGMv5YoOoFGLC5F9cW-Eg&amp;amp;p=http%3A%2F%2Fgawki.tumblr.com%2Fpost%2F182233622051%2Fovergrowth-the-most-detailed-piece-ive-ever-made&amp;amp;m=1&quot;&gt;Click here!&lt;/a&gt;&lt;br /&gt;&lt;div&gt;&lt;img src=&quot;https://t00.deviantart.net/cUSgqyB70UExhts8qj4LvkUUXSs=/300x200/filters:fixed_height(100,100):origin()/pre00/4e90/th/pre/f/2019/022/1/c/overgrowth_by_gawki-dcxsj04.png&quot; alt=&quot;thumbnail&quot; /&gt;&lt;/div&gt;</description>            </item>
                    <item>
                <title>Green Moss Terrarium Ring</title>
                <link>https://valkyrievale.deviantart.com/art/Green-Moss-Terrarium-Ring-781125866</link>
                <guid isPermaLink="true">https://valkyrievale.deviantart.com/art/Green-Moss-Terrarium-Ring-781125866</guid>
                <pubDate>Mon, 14 Jan 2019 10:56:02 PST</pubDate>
                        <media:title type="plain">Green Moss Terrarium Ring</media:title>
        <media:keywords></media:keywords>
                        <media:rating>nonadult</media:rating>
                <media:category label="Rings">artisan/jewelry/rings</media:category>
        <media:credit role="author" scheme="urn:ebu">ValkyrieVale</media:credit>
        <media:credit role="author" scheme="urn:ebu">https://a.deviantart.net/avatars/v/a/valkyrievale.png?4</media:credit>
        <media:copyright url="https://valkyrievale.deviantart.com">Copyright 2019 ValkyrieVale</media:copyright>            <media:description type="html">&lt;span&gt;This is clear resin in a facet shaped silicon mold with green moss embedded in it then cured to make the center. That center piece was attached to an adjustable ring. Additional green moss was attached around and painted with more UV resin and cured again.&lt;/span&gt;&lt;br /&gt;&lt;br /&gt;&lt;span&gt;The moss around the ring is slightly lightly/gently/dully pokey. I took care to make the ring comfortable while being worn while keeping its unique style.&lt;/span&gt;&lt;br /&gt;&lt;br /&gt;&lt;span&gt;On my Etsy&amp;nbsp;&lt;/span&gt;&lt;a class=&quot;external&quot; href=&quot;https://www.deviantart.com/users/outgoing?https://www.etsy.com/listing/648416922/green-moss-terrarium-adjustable-ring?ref=shop_home_active_9&quot;&gt;HERE&lt;/a&gt;&lt;br /&gt;&lt;br /&gt;&lt;span&gt;This is a adjustable size ring!&lt;br /&gt;&lt;br /&gt;&lt;/span&gt;&lt;a class=&quot;external&quot; href=&quot;https://www.deviantart.com/users/outgoing?https://www.etsy.com/shop/MidnightValkyrieArt&quot;&gt;Etsy (MidnightValkyrieArt)&lt;/a&gt;&lt;br /&gt;&lt;a class=&quot;external&quot; href=&quot;https://www.deviantart.com/users/outgoing?https://valkyrievalecrafts.tumblr.com/&quot;&gt;tumblr (handcrafted items)&lt;/a&gt;&lt;br /&gt;&lt;br /&gt;&lt;a class=&quot;external&quot; href=&quot;https://www.deviantart.com/users/outgoing?http://valkyrievale.tumblr.com/&quot;&gt;tumblr&lt;/a&gt;&lt;br /&gt;&lt;a class=&quot;external&quot; href=&quot;https://www.deviantart.com/users/outgoing?https://twitter.com/ValkyrieVale&quot;&gt;twitter&lt;/a&gt;&lt;br /&gt;&lt;a class=&quot;external&quot; href=&quot;https://www.deviantart.com/users/outgoing?https://www.facebook.com/ValkyrieVale/&quot;&gt;facebook&lt;/a&gt;&lt;br /&gt;&lt;a class=&quot;external&quot; href=&quot;https://www.deviantart.com/users/outgoing?https://www.instagram.com/valkyrievale/&quot;&gt;Instagram&lt;/a&gt;&lt;br /&gt;&lt;a class=&quot;external&quot; href=&quot;https://www.deviantart.com/users/outgoing?https://www.redbubble.com/people/valkyrievale?asc=u&quot;&gt;RedBubble&lt;/a&gt;&lt;span&gt;&lt;br /&gt;&lt;/span&gt;</media:description>            <media:thumbnail url="https://t00.deviantart.net/wf4vTOqkkLSAxQOLHicKb01R0aE=/fit-in/150x150/filters:no_upscale():origin()/pre00/b538/th/pre/i/2019/014/5/e/green_moss_terrarium_ring_by_valkyrievale-dcx28kq.png" height="148" width="150"/>            <media:thumbnail url="https://t00.deviantart.net/_jlt91ooYHfPquYIVIvsjTTD5Co=/fit-in/300x900/filters:no_upscale():origin()/pre00/b538/th/pre/i/2019/014/5/e/green_moss_terrarium_ring_by_valkyrievale-dcx28kq.png" height="297" width="300"/>            <media:thumbnail url="https://t00.deviantart.net/fBL4Nx_QJnOkUYpsbRxfaPekCTE=/300x200/filters:fixed_height(100,100):origin()/pre00/b538/th/pre/i/2019/014/5/e/green_moss_terrarium_ring_by_valkyrievale-dcx28kq.png" height="200" width="202"/>            <media:content url="https://pre00.deviantart.net/b538/th/pre/i/2019/014/5/e/green_moss_terrarium_ring_by_valkyrievale-dcx28kq.png" height="889" width="899" medium="image"/>            
            <description>&lt;span&gt;This is clear resin in a facet shaped silicon mold with green moss embedded in it then cured to make the center. That center piece was attached to an adjustable ring. Additional green moss was attached around and painted with more UV resin and cured again.&lt;/span&gt;&lt;br /&gt;&lt;br /&gt;&lt;span&gt;The moss around the ring is slightly lightly/gently/dully pokey. I took care to make the ring comfortable while being worn while keeping its unique style.&lt;/span&gt;&lt;br /&gt;&lt;br /&gt;&lt;span&gt;On my Etsy&amp;nbsp;&lt;/span&gt;&lt;a class=&quot;external&quot; href=&quot;https://www.deviantart.com/users/outgoing?https://www.etsy.com/listing/648416922/green-moss-terrarium-adjustable-ring?ref=shop_home_active_9&quot;&gt;HERE&lt;/a&gt;&lt;br /&gt;&lt;br /&gt;&lt;span&gt;This is a adjustable size ring!&lt;br /&gt;&lt;br /&gt;&lt;/span&gt;&lt;a class=&quot;external&quot; href=&quot;https://www.deviantart.com/users/outgoing?https://www.etsy.com/shop/MidnightValkyrieArt&quot;&gt;Etsy (MidnightValkyrieArt)&lt;/a&gt;&lt;br /&gt;&lt;a class=&quot;external&quot; href=&quot;https://www.deviantart.com/users/outgoing?https://valkyrievalecrafts.tumblr.com/&quot;&gt;tumblr (handcrafted items)&lt;/a&gt;&lt;br /&gt;&lt;br /&gt;&lt;a class=&quot;external&quot; href=&quot;https://www.deviantart.com/users/outgoing?http://valkyrievale.tumblr.com/&quot;&gt;tumblr&lt;/a&gt;&lt;br /&gt;&lt;a class=&quot;external&quot; href=&quot;https://www.deviantart.com/users/outgoing?https://twitter.com/ValkyrieVale&quot;&gt;twitter&lt;/a&gt;&lt;br /&gt;&lt;a class=&quot;external&quot; href=&quot;https://www.deviantart.com/users/outgoing?https://www.facebook.com/ValkyrieVale/&quot;&gt;facebook&lt;/a&gt;&lt;br /&gt;&lt;a class=&quot;external&quot; href=&quot;https://www.deviantart.com/users/outgoing?https://www.instagram.com/valkyrievale/&quot;&gt;Instagram&lt;/a&gt;&lt;br /&gt;&lt;a class=&quot;external&quot; href=&quot;https://www.deviantart.com/users/outgoing?https://www.redbubble.com/people/valkyrievale?asc=u&quot;&gt;RedBubble&lt;/a&gt;&lt;span&gt;&lt;br /&gt;&lt;/span&gt;&lt;br /&gt;&lt;div&gt;&lt;img src=&quot;https://t00.deviantart.net/fBL4Nx_QJnOkUYpsbRxfaPekCTE=/300x200/filters:fixed_height(100,100):origin()/pre00/b538/th/pre/i/2019/014/5/e/green_moss_terrarium_ring_by_valkyrievale-dcx28kq.png&quot; alt=&quot;thumbnail&quot; /&gt;&lt;/div&gt;</description>            </item>
                    <item>
                <title>Touch of Life</title>
                <link>https://tornadoeyesart.deviantart.com/art/Touch-of-Life-780260271</link>
                <guid isPermaLink="true">https://tornadoeyesart.deviantart.com/art/Touch-of-Life-780260271</guid>
                <pubDate>Wed, 09 Jan 2019 10:28:43 PST</pubDate>
                        <media:title type="plain">Touch of Life</media:title>
        <media:keywords></media:keywords>
                        <media:rating>nonadult</media:rating>
                <media:category label="Fantasy">digitalart/photomanip/fantasy</media:category>
        <media:credit role="author" scheme="urn:ebu">tornadoeyesART</media:credit>
        <media:credit role="author" scheme="urn:ebu">https://a.deviantart.net/avatars/t/o/tornadoeyesart.jpg?2</media:credit>
        <media:copyright url="https://tornadoeyesart.deviantart.com">Copyright 2019 tornadoeyesART</media:copyright>             <creativeCommons:license>http://creativecommons.org/licenses/by-nc-nd/3.0/</creativeCommons:license>
                <media:description type="html">&lt;div align=&quot;center&quot;&gt;Hi! Tornadoeyes will be my new username. I&#039;ve changed my art identity. Hopefully I&#039;ll have enough points one day to change my name here too lol. Even if I only use the site for stock purposes now.&lt;br /&gt;Enjoy my new work &lt;img src=&quot;https://e.deviantart.net/emoticons/s/smile.gif&quot; width=&quot;15&quot; height=&quot;15&quot; alt=&quot;:)&quot; data-embed-type=&quot;emoticon&quot; data-embed-id=&quot;391&quot; title=&quot;:) (Smile)&quot;/&gt;&amp;nbsp; Something made super fast while being sick in bed.&amp;nbsp;&lt;br /&gt;&lt;br /&gt;&lt;br /&gt;__________________________________________________________________&lt;br /&gt;stock images:&lt;br /&gt;&lt;br /&gt;&lt;a href=&quot;https://www.deviantart.com/frozenstocks/art/UNRESTRICTED-Falling-Autumn-Leaves-463635812&quot;&gt;UNRESTRICTED - Falling Autumn Leaves&lt;/a&gt;&lt;br /&gt;&lt;a href=&quot;https://www.deviantart.com/ladesire/art/Vine-631966565&quot;&gt;Vine&lt;/a&gt;&lt;br /&gt;&lt;br /&gt;&lt;a href=&quot;https://www.deviantart.com/aledjonesdigitalart/art/Hanging-Leafy-Branches-PNG-460990238&quot;&gt;Hanging Leafy Branches PNG..&lt;/a&gt;&lt;br /&gt;&lt;a href=&quot;https://www.deviantart.com/makiskan/art/Canaries-PNG-665316767&quot;&gt;Canaries PNG&lt;/a&gt;&lt;br /&gt;&lt;a href=&quot;https://www.deviantart.com/darkonelh/art/LIGHT-BEAM-brushes-106102441&quot;&gt;LIGHT BEAM brushes&lt;/a&gt;&lt;br /&gt;&lt;a href=&quot;https://www.deviantart.com/ryrax/art/Ryrax-s-Sparkle-Brushes-01-21970471&quot;&gt;Ryrax&#039;s Sparkle Brushes 01&lt;/a&gt;&lt;br /&gt;&lt;a href=&quot;https://www.deviantart.com/astrals-stock/art/What-Was-That-46677101&quot;&gt;What Was That&lt;/a&gt;&lt;br /&gt;&lt;a href=&quot;https://www.deviantart.com/jean52/art/Flowers-PNG-623630436&quot;&gt;Flowers PNG&lt;/a&gt;&lt;br /&gt;&lt;a href=&quot;https://www.deviantart.com/jean52/art/Flowers-PNG-585682494&quot;&gt;Flowers PNG&lt;/a&gt;&lt;br /&gt;&lt;a href=&quot;https://www.deviantart.com/brizzolatto55/art/Branches-11-525100884&quot;&gt;Branches 11&lt;/a&gt;&lt;br /&gt;&lt;a href=&quot;https://www.deviantart.com/passagere-da/art/Branches-2-298333487&quot;&gt;Branches 2&lt;/a&gt;&lt;br /&gt;&lt;a href=&quot;https://www.deviantart.com/neriah-stock/art/Head-Profile-View-80241454&quot;&gt;Head Profile View&lt;/a&gt;&lt;br /&gt;&lt;a href=&quot;https://www.deviantart.com/cherrykastock/art/Branches-188217316&quot;&gt;Branches&lt;/a&gt;&lt;br /&gt;&lt;a href=&quot;https://www.deviantart.com/isostock/art/Statue-001-121413111&quot;&gt;Statue 001&lt;/a&gt;&lt;br /&gt;&lt;a href=&quot;https://www.deviantart.com/almudena-stock/art/Statue-4-316301961&quot;&gt;Statue 4&lt;/a&gt;&lt;br /&gt;&lt;br /&gt;&lt;br /&gt;________________&lt;br /&gt;&lt;span&gt;COPYRIGHTED WORK.&lt;/span&gt;&lt;br /&gt;&lt;span&gt;Don&#039;t steal, reproduce or upload anywhere without my written permission.&lt;/span&gt;&lt;br /&gt;&lt;a class=&quot;external&quot; href=&quot;https://www.deviantart.com/users/outgoing?https://www.copyrighted.com/work/0E6ULT07CORLSogj&quot;&gt;www.copyrighted.com/work/0E6UL&amp;#8230;&lt;/a&gt;&lt;br /&gt;&lt;br /&gt;&lt;/div&gt;</media:description>            <media:thumbnail url="https://t00.deviantart.net/j3TrzsU2Usw2T047U02OPhSOvHE=/fit-in/150x150/filters:no_upscale():origin()/pre00/c0ac/th/pre/i/2019/009/f/2/touch_of_life_by_adoreluna-dcwjoof.jpg" height="69" width="150"/>            <media:thumbnail url="https://t00.deviantart.net/RF3uTOb8mOH4P7PlYWBerHkDe0A=/fit-in/300x900/filters:no_upscale():origin()/pre00/c0ac/th/pre/i/2019/009/f/2/touch_of_life_by_adoreluna-dcwjoof.jpg" height="139" width="300"/>            <media:thumbnail url="https://t00.deviantart.net/4uZBipoGoxLrnBfsVo89aAfxtGo=/300x200/filters:fixed_height(100,100):origin()/pre00/c0ac/th/pre/i/2019/009/f/2/touch_of_life_by_adoreluna-dcwjoof.jpg" height="139" width="300"/>            <media:content url="https://img00.deviantart.net/01c8/i/2019/009/f/2/touch_of_life_by_adoreluna-dcwjoof.jpg" height="592" width="1280" medium="image"/>            
            <description>&lt;div align=&quot;center&quot;&gt;Hi! Tornadoeyes will be my new username. I&#039;ve changed my art identity. Hopefully I&#039;ll have enough points one day to change my name here too lol. Even if I only use the site for stock purposes now.&lt;br /&gt;Enjoy my new work &lt;img src=&quot;https://e.deviantart.net/emoticons/s/smile.gif&quot; width=&quot;15&quot; height=&quot;15&quot; alt=&quot;:)&quot; data-embed-type=&quot;emoticon&quot; data-embed-id=&quot;391&quot; title=&quot;:) (Smile)&quot;/&gt;&amp;nbsp; Something made super fast while being sick in bed.&amp;nbsp;&lt;br /&gt;&lt;br /&gt;&lt;br /&gt;__________________________________________________________________&lt;br /&gt;stock images:&lt;br /&gt;&lt;br /&gt;&lt;a href=&quot;https://www.deviantart.com/frozenstocks/art/UNRESTRICTED-Falling-Autumn-Leaves-463635812&quot;&gt;UNRESTRICTED - Falling Autumn Leaves&lt;/a&gt;&lt;br /&gt;&lt;a href=&quot;https://www.deviantart.com/ladesire/art/Vine-631966565&quot;&gt;Vine&lt;/a&gt;&lt;br /&gt;&lt;br /&gt;&lt;a href=&quot;https://www.deviantart.com/aledjonesdigitalart/art/Hanging-Leafy-Branches-PNG-460990238&quot;&gt;Hanging Leafy Branches PNG..&lt;/a&gt;&lt;br /&gt;&lt;a href=&quot;https://www.deviantart.com/makiskan/art/Canaries-PNG-665316767&quot;&gt;Canaries PNG&lt;/a&gt;&lt;br /&gt;&lt;a href=&quot;https://www.deviantart.com/darkonelh/art/LIGHT-BEAM-brushes-106102441&quot;&gt;LIGHT BEAM brushes&lt;/a&gt;&lt;br /&gt;&lt;a href=&quot;https://www.deviantart.com/ryrax/art/Ryrax-s-Sparkle-Brushes-01-21970471&quot;&gt;Ryrax&#039;s Sparkle Brushes 01&lt;/a&gt;&lt;br /&gt;&lt;a href=&quot;https://www.deviantart.com/astrals-stock/art/What-Was-That-46677101&quot;&gt;What Was That&lt;/a&gt;&lt;br /&gt;&lt;a href=&quot;https://www.deviantart.com/jean52/art/Flowers-PNG-623630436&quot;&gt;Flowers PNG&lt;/a&gt;&lt;br /&gt;&lt;a href=&quot;https://www.deviantart.com/jean52/art/Flowers-PNG-585682494&quot;&gt;Flowers PNG&lt;/a&gt;&lt;br /&gt;&lt;a href=&quot;https://www.deviantart.com/brizzolatto55/art/Branches-11-525100884&quot;&gt;Branches 11&lt;/a&gt;&lt;br /&gt;&lt;a href=&quot;https://www.deviantart.com/passagere-da/art/Branches-2-298333487&quot;&gt;Branches 2&lt;/a&gt;&lt;br /&gt;&lt;a href=&quot;https://www.deviantart.com/neriah-stock/art/Head-Profile-View-80241454&quot;&gt;Head Profile View&lt;/a&gt;&lt;br /&gt;&lt;a href=&quot;https://www.deviantart.com/cherrykastock/art/Branches-188217316&quot;&gt;Branches&lt;/a&gt;&lt;br /&gt;&lt;a href=&quot;https://www.deviantart.com/isostock/art/Statue-001-121413111&quot;&gt;Statue 001&lt;/a&gt;&lt;br /&gt;&lt;a href=&quot;https://www.deviantart.com/almudena-stock/art/Statue-4-316301961&quot;&gt;Statue 4&lt;/a&gt;&lt;br /&gt;&lt;br /&gt;&lt;br /&gt;________________&lt;br /&gt;&lt;span&gt;COPYRIGHTED WORK.&lt;/span&gt;&lt;br /&gt;&lt;span&gt;Don&#039;t steal, reproduce or upload anywhere without my written permission.&lt;/span&gt;&lt;br /&gt;&lt;a class=&quot;external&quot; href=&quot;https://www.deviantart.com/users/outgoing?https://www.copyrighted.com/work/0E6ULT07CORLSogj&quot;&gt;www.copyrighted.com/work/0E6UL&amp;#8230;&lt;/a&gt;&lt;br /&gt;&lt;br /&gt;&lt;/div&gt;&lt;br /&gt;&lt;div&gt;&lt;img src=&quot;https://t00.deviantart.net/4uZBipoGoxLrnBfsVo89aAfxtGo=/300x200/filters:fixed_height(100,100):origin()/pre00/c0ac/th/pre/i/2019/009/f/2/touch_of_life_by_adoreluna-dcwjoof.jpg&quot; alt=&quot;thumbnail&quot; /&gt;&lt;/div&gt;</description>            </item>
                    <item>
                <title>Giles #3 comic cover</title>
                <link>https://stevenjamesmorris.deviantart.com/art/Giles-3-comic-cover-728556519</link>
                <guid isPermaLink="true">https://stevenjamesmorris.deviantart.com/art/Giles-3-comic-cover-728556519</guid>
                <pubDate>Wed, 31 Jan 2018 14:12:22 PST</pubDate>
                        <media:title type="plain">Giles #3 comic cover</media:title>
        <media:keywords></media:keywords>
                        <media:rating>nonadult</media:rating>
                <media:category label="Other">cartoons/digital/comics/other</media:category>
        <media:credit role="author" scheme="urn:ebu">StevenJamesMorris</media:credit>
        <media:credit role="author" scheme="urn:ebu">https://a.deviantart.net/avatars/s/t/stevenjamesmorris.jpg?2</media:credit>
        <media:copyright url="https://stevenjamesmorris.deviantart.com">Copyright 2018-2019 StevenJamesMorris</media:copyright>            <media:description type="html">My comic cover for &lt;i&gt;Giles&lt;/i&gt;, #3 of 4.&amp;nbsp;</media:description>            <media:thumbnail url="https://t00.deviantart.net/xf55iUbEo9Sgks5--2f2Iwuwciw=/fit-in/150x150/filters:no_upscale():origin()/pre00/095e/th/pre/f/2018/031/8/3/giles__3_comic_cover_by_stevenjamesmorris-dc1rht3.jpg" height="150" width="100"/>            <media:thumbnail url="https://t00.deviantart.net/4wGZ3XycYwAs4Q6CV_h2NGRBAKY=/fit-in/300x900/filters:no_upscale():origin()/pre00/095e/th/pre/f/2018/031/8/3/giles__3_comic_cover_by_stevenjamesmorris-dc1rht3.jpg" height="450" width="300"/>            <media:thumbnail url="https://t00.deviantart.net/hyEclVGUYV7MBMWRl6C09bTuqtA=/300x200/filters:fixed_height(100,100):origin()/pre00/095e/th/pre/f/2018/031/8/3/giles__3_comic_cover_by_stevenjamesmorris-dc1rht3.jpg" height="200" width="133"/>            <media:content url="https://orig00.deviantart.net/4e43/f/2018/031/8/3/giles__3_comic_cover_by_stevenjamesmorris-dc1rht3.jpg" height="800" width="533" medium="image"/>            
            <description>My comic cover for &lt;i&gt;Giles&lt;/i&gt;, #3 of 4.&amp;nbsp;&lt;br /&gt;&lt;div&gt;&lt;img src=&quot;https://t00.deviantart.net/hyEclVGUYV7MBMWRl6C09bTuqtA=/300x200/filters:fixed_height(100,100):origin()/pre00/095e/th/pre/f/2018/031/8/3/giles__3_comic_cover_by_stevenjamesmorris-dc1rht3.jpg&quot; alt=&quot;thumbnail&quot; /&gt;&lt;/div&gt;</description>            </item>
                    <item>
                <title>.: The Pillars of Creation :.</title>
                <link>https://hugogracaphotography.deviantart.com/art/The-Pillars-of-Creation-782265818</link>
                <guid isPermaLink="true">https://hugogracaphotography.deviantart.com/art/The-Pillars-of-Creation-782265818</guid>
                <pubDate>Tue, 22 Jan 2019 07:35:17 PST</pubDate>
                        <media:title type="plain">.: The Pillars of Creation :.</media:title>
        <media:keywords></media:keywords>
                        <media:rating>nonadult</media:rating>
                <media:category label="Waterscapes">photography/nature/waterscapes</media:category>
        <media:credit role="author" scheme="urn:ebu">hugogracaphotography</media:credit>
        <media:credit role="author" scheme="urn:ebu">https://a.deviantart.net/avatars/h/u/hugogracaphotography.jpg?4</media:credit>
        <media:copyright url="https://hugogracaphotography.deviantart.com">Copyright 2019 hugogracaphotography</media:copyright>             <creativeCommons:license>http://creativecommons.org/licenses/by-nc-nd/3.0/</creativeCommons:license>
                <media:description type="html">&lt;div&gt;&lt;p&gt;&amp;#8226; Taken at Cabo da Roca, Sintra - Portugal. Unfortunately the weather wasn&#039;t that great plus i totally forgot my ND filters at home, lesson learned - Always double check the gear!&lt;br /&gt;&amp;#8226; Raw edition / Lum. masks.&lt;br /&gt;&amp;#8226; Thank you so much for all the views and comments!&lt;br /&gt;&lt;br /&gt;--- &lt;br /&gt;Follow me @:&lt;br /&gt;&lt;br /&gt;&amp;#8226; &lt;a class=&quot;external&quot; href=&quot;https://www.deviantart.com/users/outgoing?https://www.hugograca.com&quot;&gt;www.hugograca.com&lt;/a&gt; &lt;br /&gt;&amp;#8226; &lt;a class=&quot;external&quot; href=&quot;https://www.deviantart.com/users/outgoing?https://www.facebook.com/HugoGracaPhotography/&quot;&gt;www.facebook.com/HugoGracaPhotography/&lt;/a&gt;&lt;br /&gt;&amp;#8226; &lt;a class=&quot;external&quot; href=&quot;https://www.deviantart.com/users/outgoing?https://www.500px.com/hugogracaphotography&quot;&gt;www.500px.com/hugogracaphotography&lt;/a&gt;&lt;br /&gt;&amp;#8226; &lt;a class=&quot;external&quot; href=&quot;https://www.deviantart.com/users/outgoing?http://www.instagram.com/hugogphotography/&quot;&gt;www.instagram.com/hugogphotography/&lt;/a&gt;&lt;br /&gt;&lt;br /&gt;&lt;/p&gt;&lt;/div&gt;</media:description>            <media:thumbnail url="https://t00.deviantart.net/mh8d92Rm27cZKi_j6iHjUIe2F_c=/fit-in/150x150/filters:no_upscale():origin()/pre00/d63e/th/pre/i/2019/022/5/4/___the_pillars_of_creation____by_hugogracaphotography-dcxqo62.jpg" height="150" width="99"/>            <media:thumbnail url="https://t00.deviantart.net/ahwwqinGzYPaRin82c1X6kJa1GE=/fit-in/300x900/filters:no_upscale():origin()/pre00/d63e/th/pre/i/2019/022/5/4/___the_pillars_of_creation____by_hugogracaphotography-dcxqo62.jpg" height="455" width="300"/>            <media:thumbnail url="https://t00.deviantart.net/GaU6-raXirqz_WosRb5leYJPmlg=/300x200/filters:fixed_height(100,100):origin()/pre00/d63e/th/pre/i/2019/022/5/4/___the_pillars_of_creation____by_hugogracaphotography-dcxqo62.jpg" height="200" width="132"/>            <media:content url="https://pre00.deviantart.net/d63e/th/pre/i/2019/022/5/4/___the_pillars_of_creation____by_hugogracaphotography-dcxqo62.jpg" height="1101" width="725" medium="image"/>            
            <description>&lt;div&gt;&lt;p&gt;&amp;#8226; Taken at Cabo da Roca, Sintra - Portugal. Unfortunately the weather wasn&#039;t that great plus i totally forgot my ND filters at home, lesson learned - Always double check the gear!&lt;br /&gt;&amp;#8226; Raw edition / Lum. masks.&lt;br /&gt;&amp;#8226; Thank you so much for all the views and comments!&lt;br /&gt;&lt;br /&gt;--- &lt;br /&gt;Follow me @:&lt;br /&gt;&lt;br /&gt;&amp;#8226; &lt;a class=&quot;external&quot; href=&quot;https://www.deviantart.com/users/outgoing?https://www.hugograca.com&quot;&gt;www.hugograca.com&lt;/a&gt; &lt;br /&gt;&amp;#8226; &lt;a class=&quot;external&quot; href=&quot;https://www.deviantart.com/users/outgoing?https://www.facebook.com/HugoGracaPhotography/&quot;&gt;www.facebook.com/HugoGracaPhotography/&lt;/a&gt;&lt;br /&gt;&amp;#8226; &lt;a class=&quot;external&quot; href=&quot;https://www.deviantart.com/users/outgoing?https://www.500px.com/hugogracaphotography&quot;&gt;www.500px.com/hugogracaphotography&lt;/a&gt;&lt;br /&gt;&amp;#8226; &lt;a class=&quot;external&quot; href=&quot;https://www.deviantart.com/users/outgoing?http://www.instagram.com/hugogphotography/&quot;&gt;www.instagram.com/hugogphotography/&lt;/a&gt;&lt;br /&gt;&lt;br /&gt;&lt;/p&gt;&lt;/div&gt;&lt;br /&gt;&lt;div&gt;&lt;img src=&quot;https://t00.deviantart.net/GaU6-raXirqz_WosRb5leYJPmlg=/300x200/filters:fixed_height(100,100):origin()/pre00/d63e/th/pre/i/2019/022/5/4/___the_pillars_of_creation____by_hugogracaphotography-dcxqo62.jpg&quot; alt=&quot;thumbnail&quot; /&gt;&lt;/div&gt;</description>            </item>
                    <item>
                <title>Something has gone totally wrong</title>
                <link>https://enchanted-april.deviantart.com/art/Something-has-gone-totally-wrong-781840964</link>
                <guid isPermaLink="true">https://enchanted-april.deviantart.com/art/Something-has-gone-totally-wrong-781840964</guid>
                <pubDate>Sat, 19 Jan 2019 14:50:50 PST</pubDate>
                        <media:title type="plain">Something has gone totally wrong</media:title>
        <media:keywords></media:keywords>
                        <media:rating>nonadult</media:rating>
                <media:category label="Fantasy">digitalart/3d/scenes/fantasy</media:category>
        <media:credit role="author" scheme="urn:ebu">Enchanted-April</media:credit>
        <media:credit role="author" scheme="urn:ebu">https://a.deviantart.net/avatars/e/n/enchanted-april.gif?1</media:credit>
        <media:copyright url="https://enchanted-april.deviantart.com">Copyright 2019 Enchanted-April</media:copyright>            <media:description type="html">&lt;div&gt;So today I finally finished a project that was stuck in my pipeline for half an year. Frustrating crushes and other difficulties were stopping me every time until I decided to&lt;/div&gt;&lt;div&gt;upgrade my system. I doubled my RAM and ruined me for a new GPU - yeah, a fine GTX1080Ti! And it was worth it even if I have to live now on water and dry bread &lt;img src=&quot;https://e.deviantart.net/emoticons/w/wink.gif&quot; width=&quot;15&quot; height=&quot;15&quot; alt=&quot;;-)&quot; data-embed-type=&quot;emoticon&quot; data-embed-id=&quot;388&quot; title=&quot;;-) (Wink)&quot;/&gt;&lt;/div&gt;&lt;div&gt;And I had to experiment with dForce to improve my skills. Btw., the Duchess Dress by Sshodan is gorgeous and the textures so precious - I&#039;m in love with it. &lt;br /&gt;&lt;/div&gt;&lt;div&gt;&lt;br /&gt;&lt;/div&gt;&lt;div&gt;&amp;nbsp;&amp;nbsp;&amp;nbsp;&amp;nbsp;&amp;nbsp;&amp;nbsp;&amp;nbsp;&amp;nbsp;&amp;nbsp;&amp;nbsp;&amp;nbsp;&amp;nbsp;&amp;nbsp;&amp;nbsp;&amp;nbsp;&amp;nbsp;&amp;nbsp;&amp;nbsp;&amp;nbsp;&amp;nbsp;&amp;nbsp;&amp;nbsp;&amp;nbsp;&amp;nbsp;&amp;nbsp;&amp;nbsp;&amp;nbsp;&amp;nbsp;&amp;nbsp;&amp;nbsp;&amp;nbsp;&amp;nbsp;&amp;nbsp;&amp;nbsp;&amp;nbsp;&amp;nbsp;&amp;nbsp;&amp;nbsp;&amp;nbsp;&amp;nbsp;&amp;nbsp;&amp;nbsp;&amp;nbsp;&amp;nbsp;&amp;nbsp;&amp;nbsp;&amp;nbsp;&amp;nbsp;&amp;nbsp;&amp;nbsp;&amp;nbsp;&amp;nbsp;&amp;nbsp;&amp;nbsp;&amp;nbsp;&amp;nbsp;&amp;nbsp;&amp;nbsp;&amp;nbsp;&amp;nbsp;&amp;nbsp;&amp;nbsp;&amp;nbsp;&amp;nbsp;&amp;nbsp;&amp;nbsp;&amp;nbsp;&amp;nbsp;&amp;nbsp;&amp;nbsp;&amp;nbsp;&amp;nbsp;&amp;nbsp;&amp;nbsp;&amp;nbsp;&amp;nbsp;&amp;nbsp;&amp;nbsp;&amp;nbsp;&amp;nbsp;&amp;nbsp;&amp;nbsp;&amp;nbsp;&amp;nbsp;&amp;nbsp;&amp;nbsp;&amp;nbsp;&amp;nbsp;&amp;nbsp;&amp;nbsp;&amp;nbsp;&amp;nbsp;&amp;nbsp;&amp;nbsp;&amp;nbsp;&amp;nbsp;&amp;nbsp;&amp;nbsp;&amp;nbsp;&amp;nbsp;&amp;nbsp;&amp;nbsp;&amp;nbsp;&amp;nbsp;&amp;nbsp;&amp;nbsp;&amp;nbsp;&amp;nbsp;&amp;nbsp;&amp;nbsp;&amp;nbsp;&amp;nbsp;&amp;nbsp;&amp;nbsp;&amp;nbsp; &lt;a href=&quot;https://www.deviantart.com/fmr0/art/Icon-Pink-Rose-699580680&quot; class=&quot;emoticon&quot; data-embed-type=&quot;emoticon&quot; data-embed-id=&quot;699580680&quot; data-embed-profile=&quot;deviation&quot;&gt;&lt;img src=&quot;https://images-wixmp-ed30a86b8c4ca887773594c2.wixmp.com/intermediary/f/34f65666-f7d7-4a43-80d1-48a9c74c8183/dbkifwo-6f418594-e439-43a6-92d3-67f96af8243e.png&quot; alt=&quot;Icon - Pink Rose&quot; style=&quot;width:50px;height:50px&quot;&gt;&lt;/a&gt;&amp;nbsp;&lt;br /&gt;&lt;/div&gt;&lt;div&gt;Please enlarge to have a sharper view...&lt;br /&gt;&lt;/div&gt;&lt;div&gt;Rendered as usual in DAZ with Iray and postworked in PS.&lt;/div&gt;&lt;div&gt;All Content from DAZ and Rero.&lt;/div&gt;&lt;div&gt;&lt;br /&gt;&lt;/div&gt;&lt;div&gt;&lt;ul&gt;&lt;li&gt;&lt;a class=&quot;external&quot; href=&quot;https://www.deviantart.com/users/outgoing?https://www.daz3d.com/gallery/images/click/725211/19906&quot;&gt;The DAZ Rose&lt;/a&gt;&lt;/li&gt;&lt;li&gt;&lt;a class=&quot;external&quot; href=&quot;https://www.deviantart.com/users/outgoing?https://www.daz3d.com/gallery/images/click/725211/21505&quot;&gt;Swords of History&lt;/a&gt;&lt;/li&gt;&lt;li&gt;&lt;a class=&quot;external&quot; href=&quot;https://www.deviantart.com/users/outgoing?https://www.daz3d.com/gallery/images/click/725211/28546&quot;&gt;Traveler&#039;s Naturals - Brambles&lt;/a&gt;&lt;/li&gt;&lt;li&gt;&lt;a class=&quot;external&quot; href=&quot;https://www.deviantart.com/users/outgoing?https://www.daz3d.com/gallery/images/click/725211/32459&quot;&gt;Epic Props: Godrays &amp;amp; Volumetric Light for Iray&lt;/a&gt;&lt;/li&gt;&lt;li&gt;&lt;a class=&quot;external&quot; href=&quot;https://www.deviantart.com/users/outgoing?https://www.daz3d.com/gallery/images/click/725211/34217&quot;&gt;Super Sleeky Hair for Genesis 3 Female(s) and Genesis 3 Male(s) and OOT Hairblending 2.0&lt;/a&gt;&lt;/li&gt;&lt;li&gt;&lt;a class=&quot;external&quot; href=&quot;https://www.deviantart.com/users/outgoing?https://www.daz3d.com/gallery/images/click/725211/40393&quot;&gt;MICK (Medieval Interior Construction Kit)&lt;/a&gt;&lt;/li&gt;&lt;li&gt;&lt;a class=&quot;external&quot; href=&quot;https://www.deviantart.com/users/outgoing?https://www.daz3d.com/gallery/images/click/725211/46225&quot;&gt;FWSA Jett HD for Genesis 8 Male&lt;/a&gt;&lt;/li&gt;&lt;li&gt;&lt;a class=&quot;external&quot; href=&quot;https://www.deviantart.com/users/outgoing?https://www.daz3d.com/gallery/images/click/725211/48731&quot;&gt;Tudor Living 2&lt;/a&gt;&lt;/li&gt;&lt;li&gt;&lt;a class=&quot;external&quot; href=&quot;https://www.deviantart.com/users/outgoing?https://www.daz3d.com/gallery/images/click/725211/50365&quot;&gt;Southern Noble Outfit for Genesis 8 Male(s)&lt;/a&gt;&lt;/li&gt;&lt;li&gt;&lt;a class=&quot;external&quot; href=&quot;https://www.deviantart.com/users/outgoing?https://www.daz3d.com/gallery/images/click/725211/51833&quot;&gt;Etta HD for Edie 8&lt;/a&gt;&lt;/li&gt;&lt;li&gt;&lt;a class=&quot;external&quot; href=&quot;https://www.deviantart.com/users/outgoing?https://www.daz3d.com/gallery/images/click/725211/55453&quot;&gt;dForce Duchess Dress for Genesis 3 and 8 Female(s)&lt;/a&gt;&lt;/li&gt;&lt;/ul&gt;&lt;/div&gt;</media:description>            <media:thumbnail url="https://t00.deviantart.net/H0o5LMBbeYIMJuw3ZWUujOmFZUY=/fit-in/150x150/filters:no_upscale():origin()/pre00/d906/th/pre/i/2019/019/d/c/something_has_gone_totally_wrong_by_enchanted_april-dcxhkck.jpg" height="109" width="150"/>            <media:thumbnail url="https://t00.deviantart.net/doLZxFUmKzez7xAr5cbbGpk5qIQ=/fit-in/300x900/filters:no_upscale():origin()/pre00/d906/th/pre/i/2019/019/d/c/something_has_gone_totally_wrong_by_enchanted_april-dcxhkck.jpg" height="218" width="300"/>            <media:thumbnail url="https://t00.deviantart.net/YiR-HzjdpCs10Gydlo8MAtLim7o=/300x200/filters:fixed_height(100,100):origin()/pre00/d906/th/pre/i/2019/019/d/c/something_has_gone_totally_wrong_by_enchanted_april-dcxhkck.jpg" height="200" width="276"/>            <media:content url="https://pre00.deviantart.net/d906/th/pre/i/2019/019/d/c/something_has_gone_totally_wrong_by_enchanted_april-dcxhkck.jpg" height="761" width="1050" medium="image"/>            
            <description>&lt;div&gt;So today I finally finished a project that was stuck in my pipeline for half an year. Frustrating crushes and other difficulties were stopping me every time until I decided to&lt;/div&gt;&lt;div&gt;upgrade my system. I doubled my RAM and ruined me for a new GPU - yeah, a fine GTX1080Ti! And it was worth it even if I have to live now on water and dry bread &lt;img src=&quot;https://e.deviantart.net/emoticons/w/wink.gif&quot; width=&quot;15&quot; height=&quot;15&quot; alt=&quot;;-)&quot; data-embed-type=&quot;emoticon&quot; data-embed-id=&quot;388&quot; title=&quot;;-) (Wink)&quot;/&gt;&lt;/div&gt;&lt;div&gt;And I had to experiment with dForce to improve my skills. Btw., the Duchess Dress by Sshodan is gorgeous and the textures so precious - I&#039;m in love with it. &lt;br /&gt;&lt;/div&gt;&lt;div&gt;&lt;br /&gt;&lt;/div&gt;&lt;div&gt;&amp;nbsp;&amp;nbsp;&amp;nbsp;&amp;nbsp;&amp;nbsp;&amp;nbsp;&amp;nbsp;&amp;nbsp;&amp;nbsp;&amp;nbsp;&amp;nbsp;&amp;nbsp;&amp;nbsp;&amp;nbsp;&amp;nbsp;&amp;nbsp;&amp;nbsp;&amp;nbsp;&amp;nbsp;&amp;nbsp;&amp;nbsp;&amp;nbsp;&amp;nbsp;&amp;nbsp;&amp;nbsp;&amp;nbsp;&amp;nbsp;&amp;nbsp;&amp;nbsp;&amp;nbsp;&amp;nbsp;&amp;nbsp;&amp;nbsp;&amp;nbsp;&amp;nbsp;&amp;nbsp;&amp;nbsp;&amp;nbsp;&amp;nbsp;&amp;nbsp;&amp;nbsp;&amp;nbsp;&amp;nbsp;&amp;nbsp;&amp;nbsp;&amp;nbsp;&amp;nbsp;&amp;nbsp;&amp;nbsp;&amp;nbsp;&amp;nbsp;&amp;nbsp;&amp;nbsp;&amp;nbsp;&amp;nbsp;&amp;nbsp;&amp;nbsp;&amp;nbsp;&amp;nbsp;&amp;nbsp;&amp;nbsp;&amp;nbsp;&amp;nbsp;&amp;nbsp;&amp;nbsp;&amp;nbsp;&amp;nbsp;&amp;nbsp;&amp;nbsp;&amp;nbsp;&amp;nbsp;&amp;nbsp;&amp;nbsp;&amp;nbsp;&amp;nbsp;&amp;nbsp;&amp;nbsp;&amp;nbsp;&amp;nbsp;&amp;nbsp;&amp;nbsp;&amp;nbsp;&amp;nbsp;&amp;nbsp;&amp;nbsp;&amp;nbsp;&amp;nbsp;&amp;nbsp;&amp;nbsp;&amp;nbsp;&amp;nbsp;&amp;nbsp;&amp;nbsp;&amp;nbsp;&amp;nbsp;&amp;nbsp;&amp;nbsp;&amp;nbsp;&amp;nbsp;&amp;nbsp;&amp;nbsp;&amp;nbsp;&amp;nbsp;&amp;nbsp;&amp;nbsp;&amp;nbsp;&amp;nbsp;&amp;nbsp;&amp;nbsp;&amp;nbsp;&amp;nbsp;&amp;nbsp;&amp;nbsp;&amp;nbsp;&amp;nbsp; &lt;a href=&quot;https://www.deviantart.com/fmr0/art/Icon-Pink-Rose-699580680&quot; class=&quot;emoticon&quot; data-embed-type=&quot;emoticon&quot; data-embed-id=&quot;699580680&quot; data-embed-profile=&quot;deviation&quot;&gt;&lt;img src=&quot;https://images-wixmp-ed30a86b8c4ca887773594c2.wixmp.com/intermediary/f/34f65666-f7d7-4a43-80d1-48a9c74c8183/dbkifwo-6f418594-e439-43a6-92d3-67f96af8243e.png&quot; alt=&quot;Icon - Pink Rose&quot; style=&quot;width:50px;height:50px&quot;&gt;&lt;/a&gt;&amp;nbsp;&lt;br /&gt;&lt;/div&gt;&lt;div&gt;Please enlarge to have a sharper view...&lt;br /&gt;&lt;/div&gt;&lt;div&gt;Rendered as usual in DAZ with Iray and postworked in PS.&lt;/div&gt;&lt;div&gt;All Content from DAZ and Rero.&lt;/div&gt;&lt;div&gt;&lt;br /&gt;&lt;/div&gt;&lt;div&gt;&lt;ul&gt;&lt;li&gt;&lt;a class=&quot;external&quot; href=&quot;https://www.deviantart.com/users/outgoing?https://www.daz3d.com/gallery/images/click/725211/19906&quot;&gt;The DAZ Rose&lt;/a&gt;&lt;/li&gt;&lt;li&gt;&lt;a class=&quot;external&quot; href=&quot;https://www.deviantart.com/users/outgoing?https://www.daz3d.com/gallery/images/click/725211/21505&quot;&gt;Swords of History&lt;/a&gt;&lt;/li&gt;&lt;li&gt;&lt;a class=&quot;external&quot; href=&quot;https://www.deviantart.com/users/outgoing?https://www.daz3d.com/gallery/images/click/725211/28546&quot;&gt;Traveler&#039;s Naturals - Brambles&lt;/a&gt;&lt;/li&gt;&lt;li&gt;&lt;a class=&quot;external&quot; href=&quot;https://www.deviantart.com/users/outgoing?https://www.daz3d.com/gallery/images/click/725211/32459&quot;&gt;Epic Props: Godrays &amp;amp; Volumetric Light for Iray&lt;/a&gt;&lt;/li&gt;&lt;li&gt;&lt;a class=&quot;external&quot; href=&quot;https://www.deviantart.com/users/outgoing?https://www.daz3d.com/gallery/images/click/725211/34217&quot;&gt;Super Sleeky Hair for Genesis 3 Female(s) and Genesis 3 Male(s) and OOT Hairblending 2.0&lt;/a&gt;&lt;/li&gt;&lt;li&gt;&lt;a class=&quot;external&quot; href=&quot;https://www.deviantart.com/users/outgoing?https://www.daz3d.com/gallery/images/click/725211/40393&quot;&gt;MICK (Medieval Interior Construction Kit)&lt;/a&gt;&lt;/li&gt;&lt;li&gt;&lt;a class=&quot;external&quot; href=&quot;https://www.deviantart.com/users/outgoing?https://www.daz3d.com/gallery/images/click/725211/46225&quot;&gt;FWSA Jett HD for Genesis 8 Male&lt;/a&gt;&lt;/li&gt;&lt;li&gt;&lt;a class=&quot;external&quot; href=&quot;https://www.deviantart.com/users/outgoing?https://www.daz3d.com/gallery/images/click/725211/48731&quot;&gt;Tudor Living 2&lt;/a&gt;&lt;/li&gt;&lt;li&gt;&lt;a class=&quot;external&quot; href=&quot;https://www.deviantart.com/users/outgoing?https://www.daz3d.com/gallery/images/click/725211/50365&quot;&gt;Southern Noble Outfit for Genesis 8 Male(s)&lt;/a&gt;&lt;/li&gt;&lt;li&gt;&lt;a class=&quot;external&quot; href=&quot;https://www.deviantart.com/users/outgoing?https://www.daz3d.com/gallery/images/click/725211/51833&quot;&gt;Etta HD for Edie 8&lt;/a&gt;&lt;/li&gt;&lt;li&gt;&lt;a class=&quot;external&quot; href=&quot;https://www.deviantart.com/users/outgoing?https://www.daz3d.com/gallery/images/click/725211/55453&quot;&gt;dForce Duchess Dress for Genesis 3 and 8 Female(s)&lt;/a&gt;&lt;/li&gt;&lt;/ul&gt;&lt;/div&gt;&lt;br /&gt;&lt;div&gt;&lt;img src=&quot;https://t00.deviantart.net/YiR-HzjdpCs10Gydlo8MAtLim7o=/300x200/filters:fixed_height(100,100):origin()/pre00/d906/th/pre/i/2019/019/d/c/something_has_gone_totally_wrong_by_enchanted_april-dcxhkck.jpg&quot; alt=&quot;thumbnail&quot; /&gt;&lt;/div&gt;</description>            </item>
                    <item>
                <title>On the way to the sun</title>
                <link>https://serghiosart.deviantart.com/art/On-the-way-to-the-sun-781480455</link>
                <guid isPermaLink="true">https://serghiosart.deviantart.com/art/On-the-way-to-the-sun-781480455</guid>
                <pubDate>Wed, 16 Jan 2019 23:03:55 PST</pubDate>
                        <media:title type="plain">On the way to the sun</media:title>
        <media:keywords></media:keywords>
                        <media:rating>nonadult</media:rating>
                <media:category label="Landscapes &amp; Scenery">traditional/paintings/landscapes</media:category>
        <media:credit role="author" scheme="urn:ebu">Serghiosart</media:credit>
        <media:credit role="author" scheme="urn:ebu">https://a.deviantart.net/avatars/s/e/serghiosart.jpg?2</media:credit>
        <media:copyright url="https://serghiosart.deviantart.com">Copyright 2019 Serghiosart</media:copyright>            <media:description type="html">A beautiful seascape with plenty of sunlight. Oil on canvas. 40x60 cm.</media:description>            <media:thumbnail url="https://t00.deviantart.net/moWt89B83-qW6p600FKN3OlL7rI=/fit-in/150x150/filters:no_upscale():origin()/pre00/fbeb/th/pre/i/2019/016/b/6/on_the_way_to_the_sun_by_serghiosart-dcx9u6f.jpg" height="100" width="150"/>            <media:thumbnail url="https://t00.deviantart.net/6R0qddniRpHr9zInI3qrJhO41ts=/fit-in/300x900/filters:no_upscale():origin()/pre00/fbeb/th/pre/i/2019/016/b/6/on_the_way_to_the_sun_by_serghiosart-dcx9u6f.jpg" height="199" width="300"/>            <media:thumbnail url="https://t00.deviantart.net/xC_vI53Yv1rOce65n_d96oBAC6U=/300x200/filters:fixed_height(100,100):origin()/pre00/fbeb/th/pre/i/2019/016/b/6/on_the_way_to_the_sun_by_serghiosart-dcx9u6f.jpg" height="199" width="300"/>            <media:content url="https://img00.deviantart.net/89dc/i/2019/016/b/6/on_the_way_to_the_sun_by_serghiosart-dcx9u6f.jpg" height="681" width="1024" medium="image"/>            
            <description>A beautiful seascape with plenty of sunlight. Oil on canvas. 40x60 cm.&lt;br /&gt;&lt;div&gt;&lt;img src=&quot;https://t00.deviantart.net/xC_vI53Yv1rOce65n_d96oBAC6U=/300x200/filters:fixed_height(100,100):origin()/pre00/fbeb/th/pre/i/2019/016/b/6/on_the_way_to_the_sun_by_serghiosart-dcx9u6f.jpg&quot; alt=&quot;thumbnail&quot; /&gt;&lt;/div&gt;</description>            </item>
                    <item>
                <title>Demon</title>
                <link>https://aikuroa.deviantart.com/art/Demon-763367790</link>
                <guid isPermaLink="true">https://aikuroa.deviantart.com/art/Demon-763367790</guid>
                <pubDate>Sun, 09 Sep 2018 22:45:17 PDT</pubDate>
                        <media:title type="plain">Demon</media:title>
        <media:keywords></media:keywords>
                        <media:rating>nonadult</media:rating>
                <media:category label="Fantasy">digitalart/paintings/fantasy</media:category>
        <media:credit role="author" scheme="urn:ebu">Aikuroa</media:credit>
        <media:credit role="author" scheme="urn:ebu">https://a.deviantart.net/avatars/a/i/aikuroa.jpg?3</media:credit>
        <media:copyright url="https://aikuroa.deviantart.com">Copyright 2018-2019 Aikuroa</media:copyright>            <media:description type="html">Rough sketch of someone from demon race. Owners of pure dark essence element and legendary creatures in my own world.&amp;nbsp;</media:description>            <media:thumbnail url="https://t00.deviantart.net/2C8qrEwqKTQH2Fe5ticr4cWEfKw=/fit-in/150x150/filters:no_upscale():origin()/pre00/deba/th/pre/i/2018/252/4/0/demon_by_aikuroa-dcmhmcu.jpg" height="150" width="127"/>            <media:thumbnail url="https://t00.deviantart.net/k8FcrkHfCjNy49nOmBEfqq2hPaY=/fit-in/300x900/filters:no_upscale():origin()/pre00/deba/th/pre/i/2018/252/4/0/demon_by_aikuroa-dcmhmcu.jpg" height="353" width="300"/>            <media:thumbnail url="https://t00.deviantart.net/AB_zOSuLLUqvSIfy371Q7B4DR5o=/300x200/filters:fixed_height(100,100):origin()/pre00/deba/th/pre/i/2018/252/4/0/demon_by_aikuroa-dcmhmcu.jpg" height="200" width="170"/>            <media:content url="https://pre00.deviantart.net/deba/th/pre/i/2018/252/4/0/demon_by_aikuroa-dcmhmcu.jpg" height="970" width="824" medium="image"/>            
            <description>Rough sketch of someone from demon race. Owners of pure dark essence element and legendary creatures in my own world.&amp;nbsp;&lt;br /&gt;&lt;div&gt;&lt;img src=&quot;https://t00.deviantart.net/AB_zOSuLLUqvSIfy371Q7B4DR5o=/300x200/filters:fixed_height(100,100):origin()/pre00/deba/th/pre/i/2018/252/4/0/demon_by_aikuroa-dcmhmcu.jpg&quot; alt=&quot;thumbnail&quot; /&gt;&lt;/div&gt;</description>            </item>
                    <item>
                <title>Troll Bends Fir</title>
                <link>https://zouberi.deviantart.com/art/Troll-Bends-Fir-772478889</link>
                <guid isPermaLink="true">https://zouberi.deviantart.com/art/Troll-Bends-Fir-772478889</guid>
                <pubDate>Wed, 14 Nov 2018 07:40:14 PST</pubDate>
                        <media:title type="plain">Troll Bends Fir</media:title>
        <media:keywords></media:keywords>
                        <media:rating>nonadult</media:rating>
                <media:category label="Concerts &amp; Musicians">photography/journalism/concerts</media:category>
        <media:credit role="author" scheme="urn:ebu">Zouberi</media:credit>
        <media:credit role="author" scheme="urn:ebu">https://a.deviantart.net/avatars/z/o/zouberi.gif?2</media:credit>
        <media:copyright url="https://zouberi.deviantart.com">Copyright 2018-2019 Zouberi</media:copyright>            <media:description type="html">&lt;b&gt;&lt;img src=&quot;https://e.deviantart.net/emoticons/p/pointr.gif&quot; width=&quot;11&quot; height=&quot;10&quot; alt=&quot;:pointr:&quot; data-embed-type=&quot;emoticon&quot; data-embed-id=&quot;178&quot; title=&quot;Point Right&quot;/&gt; &lt;a href=&quot;http://zouberi.darkfolio.com/&quot;&gt;Portfolio&lt;/a&gt; &lt;img src=&quot;https://e.deviantart.net/emoticons/p/pointr.gif&quot; width=&quot;11&quot; height=&quot;10&quot; alt=&quot;:pointr:&quot; data-embed-type=&quot;emoticon&quot; data-embed-id=&quot;178&quot; title=&quot;Point Right&quot;/&gt; &lt;a class=&quot;external&quot; href=&quot;https://www.deviantart.com/users/outgoing?https://www.facebook.com/zouberiphotography&quot;&gt;Facebook&lt;/a&gt; &lt;img src=&quot;https://e.deviantart.net/emoticons/p/pointr.gif&quot; width=&quot;11&quot; height=&quot;10&quot; alt=&quot;:pointr:&quot; data-embed-type=&quot;emoticon&quot; data-embed-id=&quot;178&quot; title=&quot;Point Right&quot;/&gt; &lt;a class=&quot;external&quot; href=&quot;https://www.deviantart.com/users/outgoing?http://500px.com/Zouberi&quot;&gt;500px&lt;/a&gt; &lt;img src=&quot;https://e.deviantart.net/emoticons/p/pointr.gif&quot; width=&quot;11&quot; height=&quot;10&quot; alt=&quot;:pointr:&quot; data-embed-type=&quot;emoticon&quot; data-embed-id=&quot;178&quot; title=&quot;Point Right&quot;/&gt; &lt;a class=&quot;external&quot; href=&quot;https://www.deviantart.com/users/outgoing?https://www.flickr.com/photos/zouberiphotography/&quot;&gt;Flickr&lt;/a&gt; &lt;img src=&quot;https://e.deviantart.net/emoticons/p/pointr.gif&quot; width=&quot;11&quot; height=&quot;10&quot; alt=&quot;:pointr:&quot; data-embed-type=&quot;emoticon&quot; data-embed-id=&quot;178&quot; title=&quot;Point Right&quot;/&gt; &lt;a class=&quot;external&quot; href=&quot;https://www.deviantart.com/users/outgoing?https://www.instagram.com/zouberiphotography/&quot;&gt;Instagram&lt;/a&gt;&lt;/b&gt;&lt;br /&gt;&lt;br /&gt;&lt;img src=&quot;https://e.deviantart.net/emoticons/b/bulletblack.gif&quot; width=&quot;10&quot; height=&quot;10&quot; alt=&quot;:bulletblack:&quot; data-embed-type=&quot;emoticon&quot; data-embed-id=&quot;564&quot; title=&quot;Bullet; Black&quot;/&gt; &lt;i&gt;Troll Bends Fir&lt;/i&gt; @ Tanzt! Festival, Munich, Germany, 2018.&lt;br /&gt;&lt;br /&gt;&lt;span class=&quot;shadow-holder&quot; data-embed-type=&quot;deviation&quot; data-embed-id=&quot;667141368&quot; data-embed-format=&quot;thumb&quot;&gt;&lt;span class=&quot;shadow mild&quot; &gt;&lt;a class=&quot;thumb&quot; href=&quot;https://www.deviantart.com/zouberi/art/Finsterforst-667141368&quot; title=&quot;Finsterforst by Zouberi, Mar 31, 2017 in Photography &amp;gt; Photojournalism &amp;gt; Concerts &amp;amp; Musicians&quot;data-super-img=&quot;https://images-wixmp-ed30a86b8c4ca887773594c2.wixmp.com/intermediary/f/c61763d6-aba5-4ef0-85c3-a9f49d85d66d/db175ko-37db1035-1828-45dc-ab47-bc2cb86474f8.jpg/v1/fill/w_800,h_639,q_70,strp/finsterforst_by_zouberi_db175ko-fullview.jpg&quot; data-super-width=&quot;800&quot; data-super-height=&quot;639&quot; data-super-transparent=&quot;false&quot; data-super-alt=&quot;Finsterforst by Zouberi&quot; data-super-full-img=&quot;https://images-wixmp-ed30a86b8c4ca887773594c2.wixmp.com/intermediary/f/c61763d6-aba5-4ef0-85c3-a9f49d85d66d/db175ko-37db1035-1828-45dc-ab47-bc2cb86474f8.jpg/v1/fill/w_800,h_639,q_70,strp/finsterforst_by_zouberi_db175ko-fullview.jpg&quot; data-super-full-width=&quot;800&quot; data-super-full-height=&quot;639&quot;        data-sigil=&quot;thumb&quot;&gt;
        &lt;i&gt;&lt;/i&gt;&lt;img   width=&quot;150&quot; height=&quot;120&quot; alt=&quot;Finsterforst by Zouberi&quot; src=&quot;https://images-wixmp-ed30a86b8c4ca887773594c2.wixmp.com/intermediary/f/c61763d6-aba5-4ef0-85c3-a9f49d85d66d/db175ko-37db1035-1828-45dc-ab47-bc2cb86474f8.jpg/v1/fit/w_150,h_150,q_70,strp/finsterforst_by_zouberi_db175ko-150.jpg&quot; data-src=&quot;https://images-wixmp-ed30a86b8c4ca887773594c2.wixmp.com/intermediary/f/c61763d6-aba5-4ef0-85c3-a9f49d85d66d/db175ko-37db1035-1828-45dc-ab47-bc2cb86474f8.jpg/v1/fit/w_150,h_150,q_70,strp/finsterforst_by_zouberi_db175ko-150.jpg&quot; srcset=&quot;https://images-wixmp-ed30a86b8c4ca887773594c2.wixmp.com/intermediary/f/c61763d6-aba5-4ef0-85c3-a9f49d85d66d/db175ko-37db1035-1828-45dc-ab47-bc2cb86474f8.jpg/v1/fit/w_150,h_150,q_70,strp/finsterforst_by_zouberi_db175ko-150.jpg 150w,https://images-wixmp-ed30a86b8c4ca887773594c2.wixmp.com/intermediary/f/c61763d6-aba5-4ef0-85c3-a9f49d85d66d/db175ko-37db1035-1828-45dc-ab47-bc2cb86474f8.jpg/v1/fill/w_313,h_250,q_70,strp/finsterforst_by_zouberi_db175ko-250t.jpg 313w,https://images-wixmp-ed30a86b8c4ca887773594c2.wixmp.com/intermediary/f/c61763d6-aba5-4ef0-85c3-a9f49d85d66d/db175ko-37db1035-1828-45dc-ab47-bc2cb86474f8.jpg/v1/fill/w_439,h_350,q_70,strp/finsterforst_by_zouberi_db175ko-350t.jpg 438w,https://images-wixmp-ed30a86b8c4ca887773594c2.wixmp.com/intermediary/f/c61763d6-aba5-4ef0-85c3-a9f49d85d66d/db175ko-37db1035-1828-45dc-ab47-bc2cb86474f8.jpg/v1/fill/w_502,h_400,q_70,strp/finsterforst_by_zouberi_db175ko-400t.jpg 501w,https://images-wixmp-ed30a86b8c4ca887773594c2.wixmp.com/intermediary/f/c61763d6-aba5-4ef0-85c3-a9f49d85d66d/db175ko-37db1035-1828-45dc-ab47-bc2cb86474f8.jpg/v1/fill/w_800,h_639,q_70,strp/finsterforst_by_zouberi_db175ko-fullview.jpg 800w&quot; sizes=&quot;150px&quot;&gt;&lt;/a&gt;&lt;/span&gt;&lt;!-- ^TTT --&gt;&lt;!-- TTT$ --&gt;&lt;/span&gt;&lt;span class=&quot;shadow-holder&quot; data-embed-type=&quot;deviation&quot; data-embed-id=&quot;762528342&quot; data-embed-format=&quot;thumb&quot;&gt;&lt;span class=&quot;shadow mild&quot; &gt;&lt;a class=&quot;thumb&quot; href=&quot;https://www.deviantart.com/zouberi/art/Celtica-I-762528342&quot; title=&quot;Celtica I by Zouberi, Sep 4, 2018 in Photography &amp;gt; Photojournalism &amp;gt; Concerts &amp;amp; Musicians&quot;data-super-img=&quot;https://images-wixmp-ed30a86b8c4ca887773594c2.wixmp.com/intermediary/f/c61763d6-aba5-4ef0-85c3-a9f49d85d66d/dclzmmu-d4068b35-5db2-4384-a48c-43bef95a93af.jpg/v1/fill/w_800,h_534,q_70,strp/celtica_i_by_zouberi_dclzmmu-fullview.jpg&quot; data-super-width=&quot;800&quot; data-super-height=&quot;534&quot; data-super-transparent=&quot;false&quot; data-super-alt=&quot;Celtica I by Zouberi&quot; data-super-full-img=&quot;https://images-wixmp-ed30a86b8c4ca887773594c2.wixmp.com/intermediary/f/c61763d6-aba5-4ef0-85c3-a9f49d85d66d/dclzmmu-d4068b35-5db2-4384-a48c-43bef95a93af.jpg/v1/fill/w_800,h_534,q_70,strp/celtica_i_by_zouberi_dclzmmu-fullview.jpg&quot; data-super-full-width=&quot;800&quot; data-super-full-height=&quot;534&quot;        data-sigil=&quot;thumb&quot;&gt;
        &lt;i&gt;&lt;/i&gt;&lt;img   width=&quot;150&quot; height=&quot;100&quot; alt=&quot;Celtica I by Zouberi&quot; src=&quot;https://images-wixmp-ed30a86b8c4ca887773594c2.wixmp.com/intermediary/f/c61763d6-aba5-4ef0-85c3-a9f49d85d66d/dclzmmu-d4068b35-5db2-4384-a48c-43bef95a93af.jpg/v1/fit/w_150,h_150,q_70,strp/celtica_i_by_zouberi_dclzmmu-150.jpg&quot; data-src=&quot;https://images-wixmp-ed30a86b8c4ca887773594c2.wixmp.com/intermediary/f/c61763d6-aba5-4ef0-85c3-a9f49d85d66d/dclzmmu-d4068b35-5db2-4384-a48c-43bef95a93af.jpg/v1/fit/w_150,h_150,q_70,strp/celtica_i_by_zouberi_dclzmmu-150.jpg&quot; srcset=&quot;https://images-wixmp-ed30a86b8c4ca887773594c2.wixmp.com/intermediary/f/c61763d6-aba5-4ef0-85c3-a9f49d85d66d/dclzmmu-d4068b35-5db2-4384-a48c-43bef95a93af.jpg/v1/fit/w_150,h_150,q_70,strp/celtica_i_by_zouberi_dclzmmu-150.jpg 150w,https://images-wixmp-ed30a86b8c4ca887773594c2.wixmp.com/intermediary/f/c61763d6-aba5-4ef0-85c3-a9f49d85d66d/dclzmmu-d4068b35-5db2-4384-a48c-43bef95a93af.jpg/v1/fill/w_375,h_250,q_70,strp/celtica_i_by_zouberi_dclzmmu-250t.jpg 375w,https://images-wixmp-ed30a86b8c4ca887773594c2.wixmp.com/intermediary/f/c61763d6-aba5-4ef0-85c3-a9f49d85d66d/dclzmmu-d4068b35-5db2-4384-a48c-43bef95a93af.jpg/v1/fill/w_525,h_350,q_70,strp/celtica_i_by_zouberi_dclzmmu-350t.jpg 524w,https://images-wixmp-ed30a86b8c4ca887773594c2.wixmp.com/intermediary/f/c61763d6-aba5-4ef0-85c3-a9f49d85d66d/dclzmmu-d4068b35-5db2-4384-a48c-43bef95a93af.jpg/v1/fill/w_600,h_400,q_70,strp/celtica_i_by_zouberi_dclzmmu-400t.jpg 599w,https://images-wixmp-ed30a86b8c4ca887773594c2.wixmp.com/intermediary/f/c61763d6-aba5-4ef0-85c3-a9f49d85d66d/dclzmmu-d4068b35-5db2-4384-a48c-43bef95a93af.jpg/v1/fill/w_800,h_534,q_70,strp/celtica_i_by_zouberi_dclzmmu-fullview.jpg 800w&quot; sizes=&quot;150px&quot;&gt;&lt;/a&gt;&lt;/span&gt;&lt;!-- ^TTT --&gt;&lt;!-- TTT$ --&gt;&lt;/span&gt;&lt;span class=&quot;shadow-holder&quot; data-embed-type=&quot;deviation&quot; data-embed-id=&quot;763771413&quot; data-embed-format=&quot;thumb&quot;&gt;&lt;span class=&quot;shadow mild&quot; &gt;&lt;a class=&quot;thumb&quot; href=&quot;https://www.deviantart.com/zouberi/art/And-then-she-came-763771413&quot; title=&quot;And then she came by Zouberi, Sep 13, 2018 in Photography &amp;gt; Photojournalism &amp;gt; Concerts &amp;amp; Musicians&quot;data-super-img=&quot;https://images-wixmp-ed30a86b8c4ca887773594c2.wixmp.com/intermediary/f/c61763d6-aba5-4ef0-85c3-a9f49d85d66d/dcmq9sl-ba357a5b-143b-4280-b402-2b2e1d7741f9.jpg/v1/fill/w_800,h_534,q_70,strp/and_then_she_came_by_zouberi_dcmq9sl-fullview.jpg&quot; data-super-width=&quot;800&quot; data-super-height=&quot;534&quot; data-super-transparent=&quot;false&quot; data-super-alt=&quot;And then she came by Zouberi&quot; data-super-full-img=&quot;https://images-wixmp-ed30a86b8c4ca887773594c2.wixmp.com/intermediary/f/c61763d6-aba5-4ef0-85c3-a9f49d85d66d/dcmq9sl-ba357a5b-143b-4280-b402-2b2e1d7741f9.jpg/v1/fill/w_800,h_534,q_70,strp/and_then_she_came_by_zouberi_dcmq9sl-fullview.jpg&quot; data-super-full-width=&quot;800&quot; data-super-full-height=&quot;534&quot;        data-sigil=&quot;thumb&quot;&gt;
        &lt;i&gt;&lt;/i&gt;&lt;img   width=&quot;150&quot; height=&quot;100&quot; alt=&quot;And then she came by Zouberi&quot; src=&quot;https://images-wixmp-ed30a86b8c4ca887773594c2.wixmp.com/intermediary/f/c61763d6-aba5-4ef0-85c3-a9f49d85d66d/dcmq9sl-ba357a5b-143b-4280-b402-2b2e1d7741f9.jpg/v1/fit/w_150,h_150,q_70,strp/and_then_she_came_by_zouberi_dcmq9sl-150.jpg&quot; data-src=&quot;https://images-wixmp-ed30a86b8c4ca887773594c2.wixmp.com/intermediary/f/c61763d6-aba5-4ef0-85c3-a9f49d85d66d/dcmq9sl-ba357a5b-143b-4280-b402-2b2e1d7741f9.jpg/v1/fit/w_150,h_150,q_70,strp/and_then_she_came_by_zouberi_dcmq9sl-150.jpg&quot; srcset=&quot;https://images-wixmp-ed30a86b8c4ca887773594c2.wixmp.com/intermediary/f/c61763d6-aba5-4ef0-85c3-a9f49d85d66d/dcmq9sl-ba357a5b-143b-4280-b402-2b2e1d7741f9.jpg/v1/fit/w_150,h_150,q_70,strp/and_then_she_came_by_zouberi_dcmq9sl-150.jpg 150w,https://images-wixmp-ed30a86b8c4ca887773594c2.wixmp.com/intermediary/f/c61763d6-aba5-4ef0-85c3-a9f49d85d66d/dcmq9sl-ba357a5b-143b-4280-b402-2b2e1d7741f9.jpg/v1/fill/w_375,h_250,q_70,strp/and_then_she_came_by_zouberi_dcmq9sl-250t.jpg 375w,https://images-wixmp-ed30a86b8c4ca887773594c2.wixmp.com/intermediary/f/c61763d6-aba5-4ef0-85c3-a9f49d85d66d/dcmq9sl-ba357a5b-143b-4280-b402-2b2e1d7741f9.jpg/v1/fill/w_525,h_350,q_70,strp/and_then_she_came_by_zouberi_dcmq9sl-350t.jpg 524w,https://images-wixmp-ed30a86b8c4ca887773594c2.wixmp.com/intermediary/f/c61763d6-aba5-4ef0-85c3-a9f49d85d66d/dcmq9sl-ba357a5b-143b-4280-b402-2b2e1d7741f9.jpg/v1/fill/w_600,h_400,q_70,strp/and_then_she_came_by_zouberi_dcmq9sl-400t.jpg 599w,https://images-wixmp-ed30a86b8c4ca887773594c2.wixmp.com/intermediary/f/c61763d6-aba5-4ef0-85c3-a9f49d85d66d/dcmq9sl-ba357a5b-143b-4280-b402-2b2e1d7741f9.jpg/v1/fill/w_800,h_534,q_70,strp/and_then_she_came_by_zouberi_dcmq9sl-fullview.jpg 800w&quot; sizes=&quot;150px&quot;&gt;&lt;/a&gt;&lt;/span&gt;&lt;!-- ^TTT --&gt;&lt;!-- TTT$ --&gt;&lt;/span&gt;&lt;span class=&quot;shadow-holder&quot; data-embed-type=&quot;deviation&quot; data-embed-id=&quot;764335807&quot; data-embed-format=&quot;thumb&quot;&gt;&lt;span class=&quot;shadow mild&quot; &gt;&lt;a class=&quot;thumb&quot; href=&quot;https://www.deviantart.com/zouberi/art/Jon-Pilatzke-764335807&quot; title=&quot;Jon Pilatzke by Zouberi, Sep 18, 2018 in Photography &amp;gt; Photojournalism &amp;gt; Concerts &amp;amp; Musicians&quot;data-super-img=&quot;https://images-wixmp-ed30a86b8c4ca887773594c2.wixmp.com/intermediary/f/c61763d6-aba5-4ef0-85c3-a9f49d85d66d/dcn2da7-783eb581-c12b-479e-95da-5d6f42ae5f44.jpg/v1/fill/w_800,h_534,q_70,strp/jon_pilatzke_by_zouberi_dcn2da7-fullview.jpg&quot; data-super-width=&quot;800&quot; data-super-height=&quot;534&quot; data-super-transparent=&quot;false&quot; data-super-alt=&quot;Jon Pilatzke by Zouberi&quot; data-super-full-img=&quot;https://images-wixmp-ed30a86b8c4ca887773594c2.wixmp.com/intermediary/f/c61763d6-aba5-4ef0-85c3-a9f49d85d66d/dcn2da7-783eb581-c12b-479e-95da-5d6f42ae5f44.jpg/v1/fill/w_800,h_534,q_70,strp/jon_pilatzke_by_zouberi_dcn2da7-fullview.jpg&quot; data-super-full-width=&quot;800&quot; data-super-full-height=&quot;534&quot;        data-sigil=&quot;thumb&quot;&gt;
        &lt;i&gt;&lt;/i&gt;&lt;img   width=&quot;150&quot; height=&quot;100&quot; alt=&quot;Jon Pilatzke by Zouberi&quot; src=&quot;https://images-wixmp-ed30a86b8c4ca887773594c2.wixmp.com/intermediary/f/c61763d6-aba5-4ef0-85c3-a9f49d85d66d/dcn2da7-783eb581-c12b-479e-95da-5d6f42ae5f44.jpg/v1/fit/w_150,h_150,q_70,strp/jon_pilatzke_by_zouberi_dcn2da7-150.jpg&quot; data-src=&quot;https://images-wixmp-ed30a86b8c4ca887773594c2.wixmp.com/intermediary/f/c61763d6-aba5-4ef0-85c3-a9f49d85d66d/dcn2da7-783eb581-c12b-479e-95da-5d6f42ae5f44.jpg/v1/fit/w_150,h_150,q_70,strp/jon_pilatzke_by_zouberi_dcn2da7-150.jpg&quot; srcset=&quot;https://images-wixmp-ed30a86b8c4ca887773594c2.wixmp.com/intermediary/f/c61763d6-aba5-4ef0-85c3-a9f49d85d66d/dcn2da7-783eb581-c12b-479e-95da-5d6f42ae5f44.jpg/v1/fit/w_150,h_150,q_70,strp/jon_pilatzke_by_zouberi_dcn2da7-150.jpg 150w,https://images-wixmp-ed30a86b8c4ca887773594c2.wixmp.com/intermediary/f/c61763d6-aba5-4ef0-85c3-a9f49d85d66d/dcn2da7-783eb581-c12b-479e-95da-5d6f42ae5f44.jpg/v1/fill/w_375,h_250,q_70,strp/jon_pilatzke_by_zouberi_dcn2da7-250t.jpg 375w,https://images-wixmp-ed30a86b8c4ca887773594c2.wixmp.com/intermediary/f/c61763d6-aba5-4ef0-85c3-a9f49d85d66d/dcn2da7-783eb581-c12b-479e-95da-5d6f42ae5f44.jpg/v1/fill/w_525,h_350,q_70,strp/jon_pilatzke_by_zouberi_dcn2da7-350t.jpg 524w,https://images-wixmp-ed30a86b8c4ca887773594c2.wixmp.com/intermediary/f/c61763d6-aba5-4ef0-85c3-a9f49d85d66d/dcn2da7-783eb581-c12b-479e-95da-5d6f42ae5f44.jpg/v1/fill/w_600,h_400,q_70,strp/jon_pilatzke_by_zouberi_dcn2da7-400t.jpg 599w,https://images-wixmp-ed30a86b8c4ca887773594c2.wixmp.com/intermediary/f/c61763d6-aba5-4ef0-85c3-a9f49d85d66d/dcn2da7-783eb581-c12b-479e-95da-5d6f42ae5f44.jpg/v1/fill/w_800,h_534,q_70,strp/jon_pilatzke_by_zouberi_dcn2da7-fullview.jpg 800w&quot; sizes=&quot;150px&quot;&gt;&lt;/a&gt;&lt;/span&gt;&lt;!-- ^TTT --&gt;&lt;!-- TTT$ --&gt;&lt;/span&gt;&lt;span class=&quot;shadow-holder&quot; data-embed-type=&quot;deviation&quot; data-embed-id=&quot;736400835&quot; data-embed-format=&quot;thumb&quot;&gt;&lt;span class=&quot;shadow mild&quot; &gt;&lt;a class=&quot;thumb&quot; href=&quot;https://www.deviantart.com/zouberi/art/Lord-of-the-Lost-IV-736400835&quot; title=&quot;Lord of the Lost IV by Zouberi, Mar 21, 2018 in Photography &amp;gt; Photojournalism &amp;gt; Concerts &amp;amp; Musicians&quot;data-super-img=&quot;https://images-wixmp-ed30a86b8c4ca887773594c2.wixmp.com/intermediary/f/c61763d6-aba5-4ef0-85c3-a9f49d85d66d/dc6fmir-fe062300-7701-43f6-838f-847fb74a217f.jpg/v1/fill/w_800,h_530,q_70,strp/lord_of_the_lost_iv_by_zouberi_dc6fmir-fullview.jpg&quot; data-super-width=&quot;800&quot; data-super-height=&quot;530&quot; data-super-transparent=&quot;false&quot; data-super-alt=&quot;Lord of the Lost IV by Zouberi&quot; data-super-full-img=&quot;https://images-wixmp-ed30a86b8c4ca887773594c2.wixmp.com/intermediary/f/c61763d6-aba5-4ef0-85c3-a9f49d85d66d/dc6fmir-fe062300-7701-43f6-838f-847fb74a217f.jpg/v1/fill/w_800,h_530,q_70,strp/lord_of_the_lost_iv_by_zouberi_dc6fmir-fullview.jpg&quot; data-super-full-width=&quot;800&quot; data-super-full-height=&quot;530&quot;        data-sigil=&quot;thumb&quot;&gt;
        &lt;i&gt;&lt;/i&gt;&lt;img   width=&quot;150&quot; height=&quot;99&quot; alt=&quot;Lord of the Lost IV by Zouberi&quot; src=&quot;https://images-wixmp-ed30a86b8c4ca887773594c2.wixmp.com/intermediary/f/c61763d6-aba5-4ef0-85c3-a9f49d85d66d/dc6fmir-fe062300-7701-43f6-838f-847fb74a217f.jpg/v1/fit/w_150,h_150,q_70,strp/lord_of_the_lost_iv_by_zouberi_dc6fmir-150.jpg&quot; data-src=&quot;https://images-wixmp-ed30a86b8c4ca887773594c2.wixmp.com/intermediary/f/c61763d6-aba5-4ef0-85c3-a9f49d85d66d/dc6fmir-fe062300-7701-43f6-838f-847fb74a217f.jpg/v1/fit/w_150,h_150,q_70,strp/lord_of_the_lost_iv_by_zouberi_dc6fmir-150.jpg&quot; srcset=&quot;https://images-wixmp-ed30a86b8c4ca887773594c2.wixmp.com/intermediary/f/c61763d6-aba5-4ef0-85c3-a9f49d85d66d/dc6fmir-fe062300-7701-43f6-838f-847fb74a217f.jpg/v1/fit/w_150,h_150,q_70,strp/lord_of_the_lost_iv_by_zouberi_dc6fmir-150.jpg 150w,https://images-wixmp-ed30a86b8c4ca887773594c2.wixmp.com/intermediary/f/c61763d6-aba5-4ef0-85c3-a9f49d85d66d/dc6fmir-fe062300-7701-43f6-838f-847fb74a217f.jpg/v1/fill/w_378,h_250,q_70,strp/lord_of_the_lost_iv_by_zouberi_dc6fmir-250t.jpg 377w,https://images-wixmp-ed30a86b8c4ca887773594c2.wixmp.com/intermediary/f/c61763d6-aba5-4ef0-85c3-a9f49d85d66d/dc6fmir-fe062300-7701-43f6-838f-847fb74a217f.jpg/v1/fill/w_529,h_350,q_70,strp/lord_of_the_lost_iv_by_zouberi_dc6fmir-350t.jpg 528w,https://images-wixmp-ed30a86b8c4ca887773594c2.wixmp.com/intermediary/f/c61763d6-aba5-4ef0-85c3-a9f49d85d66d/dc6fmir-fe062300-7701-43f6-838f-847fb74a217f.jpg/v1/fill/w_604,h_400,q_70,strp/lord_of_the_lost_iv_by_zouberi_dc6fmir-400t.jpg 604w,https://images-wixmp-ed30a86b8c4ca887773594c2.wixmp.com/intermediary/f/c61763d6-aba5-4ef0-85c3-a9f49d85d66d/dc6fmir-fe062300-7701-43f6-838f-847fb74a217f.jpg/v1/fill/w_800,h_530,q_70,strp/lord_of_the_lost_iv_by_zouberi_dc6fmir-fullview.jpg 800w&quot; sizes=&quot;150px&quot;&gt;&lt;/a&gt;&lt;/span&gt;&lt;!-- ^TTT --&gt;&lt;!-- TTT$ --&gt;&lt;/span&gt;</media:description>            <media:thumbnail url="https://t00.deviantart.net/un4Wm0IlwnWeBexfcVhmYHDrRPA=/fit-in/150x150/filters:no_upscale():origin()/pre00/3ead/th/pre/i/2018/318/d/b/troll_bends_fir_by_zouberi-dcrwwix.jpg" height="100" width="150"/>            <media:thumbnail url="https://t00.deviantart.net/TlI1iOhM5VQ-XERphUbPzOh7zwc=/fit-in/300x900/filters:no_upscale():origin()/pre00/3ead/th/pre/i/2018/318/d/b/troll_bends_fir_by_zouberi-dcrwwix.jpg" height="200" width="300"/>            <media:thumbnail url="https://t00.deviantart.net/xbIjFuV6cSS4IWBWe8epmDh4xiA=/300x200/filters:fixed_height(100,100):origin()/pre00/3ead/th/pre/i/2018/318/d/b/troll_bends_fir_by_zouberi-dcrwwix.jpg" height="200" width="300"/>            <media:content url="https://img00.deviantart.net/89b1/i/2018/318/d/b/troll_bends_fir_by_zouberi-dcrwwix.jpg" height="534" width="800" medium="image"/>            
            <description>&lt;b&gt;&lt;img src=&quot;https://e.deviantart.net/emoticons/p/pointr.gif&quot; width=&quot;11&quot; height=&quot;10&quot; alt=&quot;:pointr:&quot; data-embed-type=&quot;emoticon&quot; data-embed-id=&quot;178&quot; title=&quot;Point Right&quot;/&gt; &lt;a href=&quot;http://zouberi.darkfolio.com/&quot;&gt;Portfolio&lt;/a&gt; &lt;img src=&quot;https://e.deviantart.net/emoticons/p/pointr.gif&quot; width=&quot;11&quot; height=&quot;10&quot; alt=&quot;:pointr:&quot; data-embed-type=&quot;emoticon&quot; data-embed-id=&quot;178&quot; title=&quot;Point Right&quot;/&gt; &lt;a class=&quot;external&quot; href=&quot;https://www.deviantart.com/users/outgoing?https://www.facebook.com/zouberiphotography&quot;&gt;Facebook&lt;/a&gt; &lt;img src=&quot;https://e.deviantart.net/emoticons/p/pointr.gif&quot; width=&quot;11&quot; height=&quot;10&quot; alt=&quot;:pointr:&quot; data-embed-type=&quot;emoticon&quot; data-embed-id=&quot;178&quot; title=&quot;Point Right&quot;/&gt; &lt;a class=&quot;external&quot; href=&quot;https://www.deviantart.com/users/outgoing?http://500px.com/Zouberi&quot;&gt;500px&lt;/a&gt; &lt;img src=&quot;https://e.deviantart.net/emoticons/p/pointr.gif&quot; width=&quot;11&quot; height=&quot;10&quot; alt=&quot;:pointr:&quot; data-embed-type=&quot;emoticon&quot; data-embed-id=&quot;178&quot; title=&quot;Point Right&quot;/&gt; &lt;a class=&quot;external&quot; href=&quot;https://www.deviantart.com/users/outgoing?https://www.flickr.com/photos/zouberiphotography/&quot;&gt;Flickr&lt;/a&gt; &lt;img src=&quot;https://e.deviantart.net/emoticons/p/pointr.gif&quot; width=&quot;11&quot; height=&quot;10&quot; alt=&quot;:pointr:&quot; data-embed-type=&quot;emoticon&quot; data-embed-id=&quot;178&quot; title=&quot;Point Right&quot;/&gt; &lt;a class=&quot;external&quot; href=&quot;https://www.deviantart.com/users/outgoing?https://www.instagram.com/zouberiphotography/&quot;&gt;Instagram&lt;/a&gt;&lt;/b&gt;&lt;br /&gt;&lt;br /&gt;&lt;img src=&quot;https://e.deviantart.net/emoticons/b/bulletblack.gif&quot; width=&quot;10&quot; height=&quot;10&quot; alt=&quot;:bulletblack:&quot; data-embed-type=&quot;emoticon&quot; data-embed-id=&quot;564&quot; title=&quot;Bullet; Black&quot;/&gt; &lt;i&gt;Troll Bends Fir&lt;/i&gt; @ Tanzt! Festival, Munich, Germany, 2018.&lt;br /&gt;&lt;br /&gt;&lt;span class=&quot;shadow-holder&quot; data-embed-type=&quot;deviation&quot; data-embed-id=&quot;667141368&quot; data-embed-format=&quot;thumb&quot;&gt;&lt;span class=&quot;shadow mild&quot; &gt;&lt;a class=&quot;thumb&quot; href=&quot;https://www.deviantart.com/zouberi/art/Finsterforst-667141368&quot; title=&quot;Finsterforst by Zouberi, Mar 31, 2017 in Photography &amp;gt; Photojournalism &amp;gt; Concerts &amp;amp; Musicians&quot;data-super-img=&quot;https://images-wixmp-ed30a86b8c4ca887773594c2.wixmp.com/intermediary/f/c61763d6-aba5-4ef0-85c3-a9f49d85d66d/db175ko-37db1035-1828-45dc-ab47-bc2cb86474f8.jpg/v1/fill/w_800,h_639,q_70,strp/finsterforst_by_zouberi_db175ko-fullview.jpg&quot; data-super-width=&quot;800&quot; data-super-height=&quot;639&quot; data-super-transparent=&quot;false&quot; data-super-alt=&quot;Finsterforst by Zouberi&quot; data-super-full-img=&quot;https://images-wixmp-ed30a86b8c4ca887773594c2.wixmp.com/intermediary/f/c61763d6-aba5-4ef0-85c3-a9f49d85d66d/db175ko-37db1035-1828-45dc-ab47-bc2cb86474f8.jpg/v1/fill/w_800,h_639,q_70,strp/finsterforst_by_zouberi_db175ko-fullview.jpg&quot; data-super-full-width=&quot;800&quot; data-super-full-height=&quot;639&quot;        data-sigil=&quot;thumb&quot;&gt;
        &lt;i&gt;&lt;/i&gt;&lt;img   width=&quot;150&quot; height=&quot;120&quot; alt=&quot;Finsterforst by Zouberi&quot; src=&quot;https://images-wixmp-ed30a86b8c4ca887773594c2.wixmp.com/intermediary/f/c61763d6-aba5-4ef0-85c3-a9f49d85d66d/db175ko-37db1035-1828-45dc-ab47-bc2cb86474f8.jpg/v1/fit/w_150,h_150,q_70,strp/finsterforst_by_zouberi_db175ko-150.jpg&quot; data-src=&quot;https://images-wixmp-ed30a86b8c4ca887773594c2.wixmp.com/intermediary/f/c61763d6-aba5-4ef0-85c3-a9f49d85d66d/db175ko-37db1035-1828-45dc-ab47-bc2cb86474f8.jpg/v1/fit/w_150,h_150,q_70,strp/finsterforst_by_zouberi_db175ko-150.jpg&quot; srcset=&quot;https://images-wixmp-ed30a86b8c4ca887773594c2.wixmp.com/intermediary/f/c61763d6-aba5-4ef0-85c3-a9f49d85d66d/db175ko-37db1035-1828-45dc-ab47-bc2cb86474f8.jpg/v1/fit/w_150,h_150,q_70,strp/finsterforst_by_zouberi_db175ko-150.jpg 150w,https://images-wixmp-ed30a86b8c4ca887773594c2.wixmp.com/intermediary/f/c61763d6-aba5-4ef0-85c3-a9f49d85d66d/db175ko-37db1035-1828-45dc-ab47-bc2cb86474f8.jpg/v1/fill/w_313,h_250,q_70,strp/finsterforst_by_zouberi_db175ko-250t.jpg 313w,https://images-wixmp-ed30a86b8c4ca887773594c2.wixmp.com/intermediary/f/c61763d6-aba5-4ef0-85c3-a9f49d85d66d/db175ko-37db1035-1828-45dc-ab47-bc2cb86474f8.jpg/v1/fill/w_439,h_350,q_70,strp/finsterforst_by_zouberi_db175ko-350t.jpg 438w,https://images-wixmp-ed30a86b8c4ca887773594c2.wixmp.com/intermediary/f/c61763d6-aba5-4ef0-85c3-a9f49d85d66d/db175ko-37db1035-1828-45dc-ab47-bc2cb86474f8.jpg/v1/fill/w_502,h_400,q_70,strp/finsterforst_by_zouberi_db175ko-400t.jpg 501w,https://images-wixmp-ed30a86b8c4ca887773594c2.wixmp.com/intermediary/f/c61763d6-aba5-4ef0-85c3-a9f49d85d66d/db175ko-37db1035-1828-45dc-ab47-bc2cb86474f8.jpg/v1/fill/w_800,h_639,q_70,strp/finsterforst_by_zouberi_db175ko-fullview.jpg 800w&quot; sizes=&quot;150px&quot;&gt;&lt;/a&gt;&lt;/span&gt;&lt;!-- ^TTT --&gt;&lt;!-- TTT$ --&gt;&lt;/span&gt;&lt;span class=&quot;shadow-holder&quot; data-embed-type=&quot;deviation&quot; data-embed-id=&quot;762528342&quot; data-embed-format=&quot;thumb&quot;&gt;&lt;span class=&quot;shadow mild&quot; &gt;&lt;a class=&quot;thumb&quot; href=&quot;https://www.deviantart.com/zouberi/art/Celtica-I-762528342&quot; title=&quot;Celtica I by Zouberi, Sep 4, 2018 in Photography &amp;gt; Photojournalism &amp;gt; Concerts &amp;amp; Musicians&quot;data-super-img=&quot;https://images-wixmp-ed30a86b8c4ca887773594c2.wixmp.com/intermediary/f/c61763d6-aba5-4ef0-85c3-a9f49d85d66d/dclzmmu-d4068b35-5db2-4384-a48c-43bef95a93af.jpg/v1/fill/w_800,h_534,q_70,strp/celtica_i_by_zouberi_dclzmmu-fullview.jpg&quot; data-super-width=&quot;800&quot; data-super-height=&quot;534&quot; data-super-transparent=&quot;false&quot; data-super-alt=&quot;Celtica I by Zouberi&quot; data-super-full-img=&quot;https://images-wixmp-ed30a86b8c4ca887773594c2.wixmp.com/intermediary/f/c61763d6-aba5-4ef0-85c3-a9f49d85d66d/dclzmmu-d4068b35-5db2-4384-a48c-43bef95a93af.jpg/v1/fill/w_800,h_534,q_70,strp/celtica_i_by_zouberi_dclzmmu-fullview.jpg&quot; data-super-full-width=&quot;800&quot; data-super-full-height=&quot;534&quot;        data-sigil=&quot;thumb&quot;&gt;
        &lt;i&gt;&lt;/i&gt;&lt;img   width=&quot;150&quot; height=&quot;100&quot; alt=&quot;Celtica I by Zouberi&quot; src=&quot;https://images-wixmp-ed30a86b8c4ca887773594c2.wixmp.com/intermediary/f/c61763d6-aba5-4ef0-85c3-a9f49d85d66d/dclzmmu-d4068b35-5db2-4384-a48c-43bef95a93af.jpg/v1/fit/w_150,h_150,q_70,strp/celtica_i_by_zouberi_dclzmmu-150.jpg&quot; data-src=&quot;https://images-wixmp-ed30a86b8c4ca887773594c2.wixmp.com/intermediary/f/c61763d6-aba5-4ef0-85c3-a9f49d85d66d/dclzmmu-d4068b35-5db2-4384-a48c-43bef95a93af.jpg/v1/fit/w_150,h_150,q_70,strp/celtica_i_by_zouberi_dclzmmu-150.jpg&quot; srcset=&quot;https://images-wixmp-ed30a86b8c4ca887773594c2.wixmp.com/intermediary/f/c61763d6-aba5-4ef0-85c3-a9f49d85d66d/dclzmmu-d4068b35-5db2-4384-a48c-43bef95a93af.jpg/v1/fit/w_150,h_150,q_70,strp/celtica_i_by_zouberi_dclzmmu-150.jpg 150w,https://images-wixmp-ed30a86b8c4ca887773594c2.wixmp.com/intermediary/f/c61763d6-aba5-4ef0-85c3-a9f49d85d66d/dclzmmu-d4068b35-5db2-4384-a48c-43bef95a93af.jpg/v1/fill/w_375,h_250,q_70,strp/celtica_i_by_zouberi_dclzmmu-250t.jpg 375w,https://images-wixmp-ed30a86b8c4ca887773594c2.wixmp.com/intermediary/f/c61763d6-aba5-4ef0-85c3-a9f49d85d66d/dclzmmu-d4068b35-5db2-4384-a48c-43bef95a93af.jpg/v1/fill/w_525,h_350,q_70,strp/celtica_i_by_zouberi_dclzmmu-350t.jpg 524w,https://images-wixmp-ed30a86b8c4ca887773594c2.wixmp.com/intermediary/f/c61763d6-aba5-4ef0-85c3-a9f49d85d66d/dclzmmu-d4068b35-5db2-4384-a48c-43bef95a93af.jpg/v1/fill/w_600,h_400,q_70,strp/celtica_i_by_zouberi_dclzmmu-400t.jpg 599w,https://images-wixmp-ed30a86b8c4ca887773594c2.wixmp.com/intermediary/f/c61763d6-aba5-4ef0-85c3-a9f49d85d66d/dclzmmu-d4068b35-5db2-4384-a48c-43bef95a93af.jpg/v1/fill/w_800,h_534,q_70,strp/celtica_i_by_zouberi_dclzmmu-fullview.jpg 800w&quot; sizes=&quot;150px&quot;&gt;&lt;/a&gt;&lt;/span&gt;&lt;!-- ^TTT --&gt;&lt;!-- TTT$ --&gt;&lt;/span&gt;&lt;span class=&quot;shadow-holder&quot; data-embed-type=&quot;deviation&quot; data-embed-id=&quot;763771413&quot; data-embed-format=&quot;thumb&quot;&gt;&lt;span class=&quot;shadow mild&quot; &gt;&lt;a class=&quot;thumb&quot; href=&quot;https://www.deviantart.com/zouberi/art/And-then-she-came-763771413&quot; title=&quot;And then she came by Zouberi, Sep 13, 2018 in Photography &amp;gt; Photojournalism &amp;gt; Concerts &amp;amp; Musicians&quot;data-super-img=&quot;https://images-wixmp-ed30a86b8c4ca887773594c2.wixmp.com/intermediary/f/c61763d6-aba5-4ef0-85c3-a9f49d85d66d/dcmq9sl-ba357a5b-143b-4280-b402-2b2e1d7741f9.jpg/v1/fill/w_800,h_534,q_70,strp/and_then_she_came_by_zouberi_dcmq9sl-fullview.jpg&quot; data-super-width=&quot;800&quot; data-super-height=&quot;534&quot; data-super-transparent=&quot;false&quot; data-super-alt=&quot;And then she came by Zouberi&quot; data-super-full-img=&quot;https://images-wixmp-ed30a86b8c4ca887773594c2.wixmp.com/intermediary/f/c61763d6-aba5-4ef0-85c3-a9f49d85d66d/dcmq9sl-ba357a5b-143b-4280-b402-2b2e1d7741f9.jpg/v1/fill/w_800,h_534,q_70,strp/and_then_she_came_by_zouberi_dcmq9sl-fullview.jpg&quot; data-super-full-width=&quot;800&quot; data-super-full-height=&quot;534&quot;        data-sigil=&quot;thumb&quot;&gt;
        &lt;i&gt;&lt;/i&gt;&lt;img   width=&quot;150&quot; height=&quot;100&quot; alt=&quot;And then she came by Zouberi&quot; src=&quot;https://images-wixmp-ed30a86b8c4ca887773594c2.wixmp.com/intermediary/f/c61763d6-aba5-4ef0-85c3-a9f49d85d66d/dcmq9sl-ba357a5b-143b-4280-b402-2b2e1d7741f9.jpg/v1/fit/w_150,h_150,q_70,strp/and_then_she_came_by_zouberi_dcmq9sl-150.jpg&quot; data-src=&quot;https://images-wixmp-ed30a86b8c4ca887773594c2.wixmp.com/intermediary/f/c61763d6-aba5-4ef0-85c3-a9f49d85d66d/dcmq9sl-ba357a5b-143b-4280-b402-2b2e1d7741f9.jpg/v1/fit/w_150,h_150,q_70,strp/and_then_she_came_by_zouberi_dcmq9sl-150.jpg&quot; srcset=&quot;https://images-wixmp-ed30a86b8c4ca887773594c2.wixmp.com/intermediary/f/c61763d6-aba5-4ef0-85c3-a9f49d85d66d/dcmq9sl-ba357a5b-143b-4280-b402-2b2e1d7741f9.jpg/v1/fit/w_150,h_150,q_70,strp/and_then_she_came_by_zouberi_dcmq9sl-150.jpg 150w,https://images-wixmp-ed30a86b8c4ca887773594c2.wixmp.com/intermediary/f/c61763d6-aba5-4ef0-85c3-a9f49d85d66d/dcmq9sl-ba357a5b-143b-4280-b402-2b2e1d7741f9.jpg/v1/fill/w_375,h_250,q_70,strp/and_then_she_came_by_zouberi_dcmq9sl-250t.jpg 375w,https://images-wixmp-ed30a86b8c4ca887773594c2.wixmp.com/intermediary/f/c61763d6-aba5-4ef0-85c3-a9f49d85d66d/dcmq9sl-ba357a5b-143b-4280-b402-2b2e1d7741f9.jpg/v1/fill/w_525,h_350,q_70,strp/and_then_she_came_by_zouberi_dcmq9sl-350t.jpg 524w,https://images-wixmp-ed30a86b8c4ca887773594c2.wixmp.com/intermediary/f/c61763d6-aba5-4ef0-85c3-a9f49d85d66d/dcmq9sl-ba357a5b-143b-4280-b402-2b2e1d7741f9.jpg/v1/fill/w_600,h_400,q_70,strp/and_then_she_came_by_zouberi_dcmq9sl-400t.jpg 599w,https://images-wixmp-ed30a86b8c4ca887773594c2.wixmp.com/intermediary/f/c61763d6-aba5-4ef0-85c3-a9f49d85d66d/dcmq9sl-ba357a5b-143b-4280-b402-2b2e1d7741f9.jpg/v1/fill/w_800,h_534,q_70,strp/and_then_she_came_by_zouberi_dcmq9sl-fullview.jpg 800w&quot; sizes=&quot;150px&quot;&gt;&lt;/a&gt;&lt;/span&gt;&lt;!-- ^TTT --&gt;&lt;!-- TTT$ --&gt;&lt;/span&gt;&lt;span class=&quot;shadow-holder&quot; data-embed-type=&quot;deviation&quot; data-embed-id=&quot;764335807&quot; data-embed-format=&quot;thumb&quot;&gt;&lt;span class=&quot;shadow mild&quot; &gt;&lt;a class=&quot;thumb&quot; href=&quot;https://www.deviantart.com/zouberi/art/Jon-Pilatzke-764335807&quot; title=&quot;Jon Pilatzke by Zouberi, Sep 18, 2018 in Photography &amp;gt; Photojournalism &amp;gt; Concerts &amp;amp; Musicians&quot;data-super-img=&quot;https://images-wixmp-ed30a86b8c4ca887773594c2.wixmp.com/intermediary/f/c61763d6-aba5-4ef0-85c3-a9f49d85d66d/dcn2da7-783eb581-c12b-479e-95da-5d6f42ae5f44.jpg/v1/fill/w_800,h_534,q_70,strp/jon_pilatzke_by_zouberi_dcn2da7-fullview.jpg&quot; data-super-width=&quot;800&quot; data-super-height=&quot;534&quot; data-super-transparent=&quot;false&quot; data-super-alt=&quot;Jon Pilatzke by Zouberi&quot; data-super-full-img=&quot;https://images-wixmp-ed30a86b8c4ca887773594c2.wixmp.com/intermediary/f/c61763d6-aba5-4ef0-85c3-a9f49d85d66d/dcn2da7-783eb581-c12b-479e-95da-5d6f42ae5f44.jpg/v1/fill/w_800,h_534,q_70,strp/jon_pilatzke_by_zouberi_dcn2da7-fullview.jpg&quot; data-super-full-width=&quot;800&quot; data-super-full-height=&quot;534&quot;        data-sigil=&quot;thumb&quot;&gt;
        &lt;i&gt;&lt;/i&gt;&lt;img   width=&quot;150&quot; height=&quot;100&quot; alt=&quot;Jon Pilatzke by Zouberi&quot; src=&quot;https://images-wixmp-ed30a86b8c4ca887773594c2.wixmp.com/intermediary/f/c61763d6-aba5-4ef0-85c3-a9f49d85d66d/dcn2da7-783eb581-c12b-479e-95da-5d6f42ae5f44.jpg/v1/fit/w_150,h_150,q_70,strp/jon_pilatzke_by_zouberi_dcn2da7-150.jpg&quot; data-src=&quot;https://images-wixmp-ed30a86b8c4ca887773594c2.wixmp.com/intermediary/f/c61763d6-aba5-4ef0-85c3-a9f49d85d66d/dcn2da7-783eb581-c12b-479e-95da-5d6f42ae5f44.jpg/v1/fit/w_150,h_150,q_70,strp/jon_pilatzke_by_zouberi_dcn2da7-150.jpg&quot; srcset=&quot;https://images-wixmp-ed30a86b8c4ca887773594c2.wixmp.com/intermediary/f/c61763d6-aba5-4ef0-85c3-a9f49d85d66d/dcn2da7-783eb581-c12b-479e-95da-5d6f42ae5f44.jpg/v1/fit/w_150,h_150,q_70,strp/jon_pilatzke_by_zouberi_dcn2da7-150.jpg 150w,https://images-wixmp-ed30a86b8c4ca887773594c2.wixmp.com/intermediary/f/c61763d6-aba5-4ef0-85c3-a9f49d85d66d/dcn2da7-783eb581-c12b-479e-95da-5d6f42ae5f44.jpg/v1/fill/w_375,h_250,q_70,strp/jon_pilatzke_by_zouberi_dcn2da7-250t.jpg 375w,https://images-wixmp-ed30a86b8c4ca887773594c2.wixmp.com/intermediary/f/c61763d6-aba5-4ef0-85c3-a9f49d85d66d/dcn2da7-783eb581-c12b-479e-95da-5d6f42ae5f44.jpg/v1/fill/w_525,h_350,q_70,strp/jon_pilatzke_by_zouberi_dcn2da7-350t.jpg 524w,https://images-wixmp-ed30a86b8c4ca887773594c2.wixmp.com/intermediary/f/c61763d6-aba5-4ef0-85c3-a9f49d85d66d/dcn2da7-783eb581-c12b-479e-95da-5d6f42ae5f44.jpg/v1/fill/w_600,h_400,q_70,strp/jon_pilatzke_by_zouberi_dcn2da7-400t.jpg 599w,https://images-wixmp-ed30a86b8c4ca887773594c2.wixmp.com/intermediary/f/c61763d6-aba5-4ef0-85c3-a9f49d85d66d/dcn2da7-783eb581-c12b-479e-95da-5d6f42ae5f44.jpg/v1/fill/w_800,h_534,q_70,strp/jon_pilatzke_by_zouberi_dcn2da7-fullview.jpg 800w&quot; sizes=&quot;150px&quot;&gt;&lt;/a&gt;&lt;/span&gt;&lt;!-- ^TTT --&gt;&lt;!-- TTT$ --&gt;&lt;/span&gt;&lt;span class=&quot;shadow-holder&quot; data-embed-type=&quot;deviation&quot; data-embed-id=&quot;736400835&quot; data-embed-format=&quot;thumb&quot;&gt;&lt;span class=&quot;shadow mild&quot; &gt;&lt;a class=&quot;thumb&quot; href=&quot;https://www.deviantart.com/zouberi/art/Lord-of-the-Lost-IV-736400835&quot; title=&quot;Lord of the Lost IV by Zouberi, Mar 21, 2018 in Photography &amp;gt; Photojournalism &amp;gt; Concerts &amp;amp; Musicians&quot;data-super-img=&quot;https://images-wixmp-ed30a86b8c4ca887773594c2.wixmp.com/intermediary/f/c61763d6-aba5-4ef0-85c3-a9f49d85d66d/dc6fmir-fe062300-7701-43f6-838f-847fb74a217f.jpg/v1/fill/w_800,h_530,q_70,strp/lord_of_the_lost_iv_by_zouberi_dc6fmir-fullview.jpg&quot; data-super-width=&quot;800&quot; data-super-height=&quot;530&quot; data-super-transparent=&quot;false&quot; data-super-alt=&quot;Lord of the Lost IV by Zouberi&quot; data-super-full-img=&quot;https://images-wixmp-ed30a86b8c4ca887773594c2.wixmp.com/intermediary/f/c61763d6-aba5-4ef0-85c3-a9f49d85d66d/dc6fmir-fe062300-7701-43f6-838f-847fb74a217f.jpg/v1/fill/w_800,h_530,q_70,strp/lord_of_the_lost_iv_by_zouberi_dc6fmir-fullview.jpg&quot; data-super-full-width=&quot;800&quot; data-super-full-height=&quot;530&quot;        data-sigil=&quot;thumb&quot;&gt;
        &lt;i&gt;&lt;/i&gt;&lt;img   width=&quot;150&quot; height=&quot;99&quot; alt=&quot;Lord of the Lost IV by Zouberi&quot; src=&quot;https://images-wixmp-ed30a86b8c4ca887773594c2.wixmp.com/intermediary/f/c61763d6-aba5-4ef0-85c3-a9f49d85d66d/dc6fmir-fe062300-7701-43f6-838f-847fb74a217f.jpg/v1/fit/w_150,h_150,q_70,strp/lord_of_the_lost_iv_by_zouberi_dc6fmir-150.jpg&quot; data-src=&quot;https://images-wixmp-ed30a86b8c4ca887773594c2.wixmp.com/intermediary/f/c61763d6-aba5-4ef0-85c3-a9f49d85d66d/dc6fmir-fe062300-7701-43f6-838f-847fb74a217f.jpg/v1/fit/w_150,h_150,q_70,strp/lord_of_the_lost_iv_by_zouberi_dc6fmir-150.jpg&quot; srcset=&quot;https://images-wixmp-ed30a86b8c4ca887773594c2.wixmp.com/intermediary/f/c61763d6-aba5-4ef0-85c3-a9f49d85d66d/dc6fmir-fe062300-7701-43f6-838f-847fb74a217f.jpg/v1/fit/w_150,h_150,q_70,strp/lord_of_the_lost_iv_by_zouberi_dc6fmir-150.jpg 150w,https://images-wixmp-ed30a86b8c4ca887773594c2.wixmp.com/intermediary/f/c61763d6-aba5-4ef0-85c3-a9f49d85d66d/dc6fmir-fe062300-7701-43f6-838f-847fb74a217f.jpg/v1/fill/w_378,h_250,q_70,strp/lord_of_the_lost_iv_by_zouberi_dc6fmir-250t.jpg 377w,https://images-wixmp-ed30a86b8c4ca887773594c2.wixmp.com/intermediary/f/c61763d6-aba5-4ef0-85c3-a9f49d85d66d/dc6fmir-fe062300-7701-43f6-838f-847fb74a217f.jpg/v1/fill/w_529,h_350,q_70,strp/lord_of_the_lost_iv_by_zouberi_dc6fmir-350t.jpg 528w,https://images-wixmp-ed30a86b8c4ca887773594c2.wixmp.com/intermediary/f/c61763d6-aba5-4ef0-85c3-a9f49d85d66d/dc6fmir-fe062300-7701-43f6-838f-847fb74a217f.jpg/v1/fill/w_604,h_400,q_70,strp/lord_of_the_lost_iv_by_zouberi_dc6fmir-400t.jpg 604w,https://images-wixmp-ed30a86b8c4ca887773594c2.wixmp.com/intermediary/f/c61763d6-aba5-4ef0-85c3-a9f49d85d66d/dc6fmir-fe062300-7701-43f6-838f-847fb74a217f.jpg/v1/fill/w_800,h_530,q_70,strp/lord_of_the_lost_iv_by_zouberi_dc6fmir-fullview.jpg 800w&quot; sizes=&quot;150px&quot;&gt;&lt;/a&gt;&lt;/span&gt;&lt;!-- ^TTT --&gt;&lt;!-- TTT$ --&gt;&lt;/span&gt;&lt;br /&gt;&lt;div&gt;&lt;img src=&quot;https://t00.deviantart.net/xbIjFuV6cSS4IWBWe8epmDh4xiA=/300x200/filters:fixed_height(100,100):origin()/pre00/3ead/th/pre/i/2018/318/d/b/troll_bends_fir_by_zouberi-dcrwwix.jpg&quot; alt=&quot;thumbnail&quot; /&gt;&lt;/div&gt;</description>            </item>
            </channel>
</rss>