<?xml version="1.0" encoding="utf-8"?>
<rss version="2.0" xmlns:media="http://search.yahoo.com/mrss/" xmlns:atom="http://www.w3.org/2005/Atom" xmlns:creativeCommons="http://backend.userland.com/creativeCommonsRssModule">
    <channel>
        <title>DeviantArt: Newest</title>
        <link>https://www.deviantart.com/newest/</link>
        <description>DeviantArt RSS for Newest</description>
        <language>en-us</language>
        <copyright>Copyright 2019, DeviantArt.com</copyright>
        <pubDate>Sat, 26 Jan 2019 19:34:13 PST</pubDate>

        <generator>DeviantArt.com</generator>
        <docs>http://blogs.law.harvard.edu/tech/rss</docs>
        <atom:icon>https://st.deviantart.net/minish/touch-icons/android-192.png</atom:icon>
        <atom:link type="application/rss+xml" rel="self" href="https://backend.deviantart.com/rss.xml?type=deviation&amp;order=5" />
        <atom:link rel="next" href="https://backend.deviantart.com/rss.xml?type=deviation&amp;order=5&amp;offset=60" />
                    <item>
                <title>FT OC - Kai Notacki (Natsu Base)</title>
                <link>https://tuvgm.deviantart.com/art/FT-OC-Kai-Notacki-Natsu-Base-782911938</link>
                <guid isPermaLink="true">https://tuvgm.deviantart.com/art/FT-OC-Kai-Notacki-Natsu-Base-782911938</guid>
                <pubDate>Sat, 26 Jan 2019 19:34:12 PST</pubDate>
                        <media:title type="plain">FT OC - Kai Notacki (Natsu Base)</media:title>
        <media:keywords></media:keywords>
                        <media:rating>nonadult</media:rating>
                <media:category label="Other">fanart/manga/digital/other</media:category>
        <media:credit role="author" scheme="urn:ebu">TUVGM</media:credit>
        <media:credit role="author" scheme="urn:ebu">https://a.deviantart.net/avatars/t/u/tuvgm.gif?3</media:credit>
        <media:copyright url="https://tuvgm.deviantart.com">Copyright 2019 TUVGM</media:copyright>            <media:description type="html">&lt;div align=&quot;center&quot;&gt;Decided to do this fun thing of using a base of an official character, to see what my OC&#039;s what would like in Hiro Mashima&#039;s art style. Now, I won&#039;t be doing this often. Only be doing it for each character. This base is Natsu Dragneel. I just copied a picture of Natsu, it wasn&#039;t an official base by someone else of Natsu. If there is one, I swear. I don&#039;t steal anything. This is just for fun, don&#039;t sue. Hope you like it! ^^&lt;br /&gt;&lt;br /&gt;Fairy Tail: Legacy of Fairies and my Fairy Tail OC&#039;s belongs to: Me (Duh)&lt;br /&gt;&lt;br /&gt;Fairy Tail related content belongs to: Hiro Mashima&lt;br /&gt;&lt;br /&gt;Link to Base:&lt;br /&gt;&lt;br /&gt;&lt;a class=&quot;external&quot; href=&quot;https://www.deviantart.com/users/outgoing?https://www.fm-anime.com/media/catalog/product/cache/1/image/9df78eab33525d08d6e5fb8d27136e95/F/a/Fairy_Tail_Natsu_Dragneel_Scarf_1.jpg&quot;&gt;www.fm-anime.com/media/catalog&amp;hellip;&lt;/a&gt;&lt;br /&gt;&lt;br /&gt;Link to Legacy of Fairies Part 1:&lt;br /&gt;&lt;br /&gt;&lt;a href=&quot;https://www.deviantart.com/tuvgm/art/Fairy-Tail-Legacy-of-Fairies-Pt-1-REVAMP-760760972&quot;&gt;www.deviantart.com/tuvgm/art/F&amp;hellip;&lt;/a&gt;&lt;br /&gt;&lt;/div&gt;</media:description>            <media:thumbnail url="https://t00.deviantart.net/EuPp3uleruTrY4RJHkZp1Gy-4yY=/fit-in/150x150/filters:no_upscale():origin()/pre00/9632/th/pre/f/2019/026/3/f/ft_oc___kai_notacki__natsu_base__by_tuvgm-dcy4ipu.png" height="150" width="84"/>            <media:thumbnail url="https://t00.deviantart.net/c0xZwH8x5bOPQsrhyCJtw9BLz4s=/fit-in/300x900/filters:no_upscale():origin()/pre00/9632/th/pre/f/2019/026/3/f/ft_oc___kai_notacki__natsu_base__by_tuvgm-dcy4ipu.png" height="536" width="300"/>            <media:thumbnail url="https://t00.deviantart.net/Bw6mN5FOcuVfmEkTWnhjHKxsOpE=/300x200/filters:fixed_height(100,100):origin()/pre00/9632/th/pre/f/2019/026/3/f/ft_oc___kai_notacki__natsu_base__by_tuvgm-dcy4ipu.png" height="200" width="112"/>            <media:content url="https://pre00.deviantart.net/9632/th/pre/f/2019/026/3/f/ft_oc___kai_notacki__natsu_base__by_tuvgm-dcy4ipu.png" height="1195" width="669" medium="image"/>            
            <description>&lt;div align=&quot;center&quot;&gt;Decided to do this fun thing of using a base of an official character, to see what my OC&#039;s what would like in Hiro Mashima&#039;s art style. Now, I won&#039;t be doing this often. Only be doing it for each character. This base is Natsu Dragneel. I just copied a picture of Natsu, it wasn&#039;t an official base by someone else of Natsu. If there is one, I swear. I don&#039;t steal anything. This is just for fun, don&#039;t sue. Hope you like it! ^^&lt;br /&gt;&lt;br /&gt;Fairy Tail: Legacy of Fairies and my Fairy Tail OC&#039;s belongs to: Me (Duh)&lt;br /&gt;&lt;br /&gt;Fairy Tail related content belongs to: Hiro Mashima&lt;br /&gt;&lt;br /&gt;Link to Base:&lt;br /&gt;&lt;br /&gt;&lt;a class=&quot;external&quot; href=&quot;https://www.deviantart.com/users/outgoing?https://www.fm-anime.com/media/catalog/product/cache/1/image/9df78eab33525d08d6e5fb8d27136e95/F/a/Fairy_Tail_Natsu_Dragneel_Scarf_1.jpg&quot;&gt;www.fm-anime.com/media/catalog&amp;hellip;&lt;/a&gt;&lt;br /&gt;&lt;br /&gt;Link to Legacy of Fairies Part 1:&lt;br /&gt;&lt;br /&gt;&lt;a href=&quot;https://www.deviantart.com/tuvgm/art/Fairy-Tail-Legacy-of-Fairies-Pt-1-REVAMP-760760972&quot;&gt;www.deviantart.com/tuvgm/art/F&amp;hellip;&lt;/a&gt;&lt;br /&gt;&lt;/div&gt;&lt;br /&gt;&lt;div&gt;&lt;img src=&quot;https://t00.deviantart.net/Bw6mN5FOcuVfmEkTWnhjHKxsOpE=/300x200/filters:fixed_height(100,100):origin()/pre00/9632/th/pre/f/2019/026/3/f/ft_oc___kai_notacki__natsu_base__by_tuvgm-dcy4ipu.png&quot; alt=&quot;thumbnail&quot; /&gt;&lt;/div&gt;</description>            </item>
                    <item>
                <title>Johnny Depp</title>
                <link>https://se-imhof.deviantart.com/art/Johnny-Depp-782917986</link>
                <guid isPermaLink="true">https://se-imhof.deviantart.com/art/Johnny-Depp-782917986</guid>
                <pubDate>Sat, 26 Jan 2019 19:34:11 PST</pubDate>
                        <media:title type="plain">Johnny Depp</media:title>
        <media:keywords></media:keywords>
                        <media:rating>nonadult</media:rating>
                <media:category label="People">traditional/drawings/people</media:category>
        <media:credit role="author" scheme="urn:ebu">se-imhof</media:credit>
        <media:credit role="author" scheme="urn:ebu">https://a.deviantart.net/avatars/s/e/se-imhof.png?2</media:credit>
        <media:copyright url="https://se-imhof.deviantart.com">Copyright 2019 se-imhof</media:copyright>            <media:description type="html"></media:description>            <media:thumbnail url="https://t00.deviantart.net/exnthjm2hj9ZCpqVHyGoh_eJgdE=/fit-in/150x150/filters:no_upscale():origin()/pre00/6f0a/th/pre/f/2019/026/2/e/johnny_depp_by_se_imhof-dcy4ndu.jpg" height="150" width="113"/>            <media:thumbnail url="https://t00.deviantart.net/7MsNp2-5JqmsfFUpwlBcOErzy7o=/fit-in/300x900/filters:no_upscale():origin()/pre00/6f0a/th/pre/f/2019/026/2/e/johnny_depp_by_se_imhof-dcy4ndu.jpg" height="400" width="300"/>            <media:thumbnail url="https://t00.deviantart.net/MS5sLCoCoukl7bUT4guhUbojSyo=/300x200/filters:fixed_height(100,100):origin()/pre00/6f0a/th/pre/f/2019/026/2/e/johnny_depp_by_se_imhof-dcy4ndu.jpg" height="200" width="150"/>            <media:content url="https://pre00.deviantart.net/6f0a/th/pre/f/2019/026/2/e/johnny_depp_by_se_imhof-dcy4ndu.jpg" height="1032" width="774" medium="image"/>            
            <description>&lt;br /&gt;&lt;div&gt;&lt;img src=&quot;https://t00.deviantart.net/MS5sLCoCoukl7bUT4guhUbojSyo=/300x200/filters:fixed_height(100,100):origin()/pre00/6f0a/th/pre/f/2019/026/2/e/johnny_depp_by_se_imhof-dcy4ndu.jpg&quot; alt=&quot;thumbnail&quot; /&gt;&lt;/div&gt;</description>            </item>
                    <item>
                <title>Jiraiya Drawing. </title>
                <link>https://joser3hunna.deviantart.com/art/Jiraiya-Drawing-782918051</link>
                <guid isPermaLink="true">https://joser3hunna.deviantart.com/art/Jiraiya-Drawing-782918051</guid>
                <pubDate>Sat, 26 Jan 2019 19:34:10 PST</pubDate>
                        <media:title type="plain">Jiraiya Drawing. </media:title>
        <media:keywords></media:keywords>
                        <media:rating>nonadult</media:rating>
                <media:category label="Drawings">manga/traditional/drawings</media:category>
        <media:credit role="author" scheme="urn:ebu">joser3hunna</media:credit>
        <media:credit role="author" scheme="urn:ebu">https://a.deviantart.net/avatars/default.gif</media:credit>
        <media:copyright url="https://joser3hunna.deviantart.com">Copyright 2019 joser3hunna</media:copyright>            <media:description type="html">Hello Everyone, I am new to DeviantArt, and new to drawing. Within the past year I have wanted to draw more seriously but it never occurred to me to ask for constructive criticism and tips from people that have more experience than me. All Constructive criticism welcome. Thank You. (:</media:description>            <media:thumbnail url="https://t00.deviantart.net/Zunmgm-mz4dHwMMvpdzcyg01HwU=/fit-in/150x150/filters:no_upscale():origin()/pre00/5b4d/th/pre/i/2019/026/4/4/jiraiya_drawing___by_joser3hunna-dcy4nfn.jpg" height="150" width="113"/>            <media:thumbnail url="https://t00.deviantart.net/kiL4_dfIpkIUMm9TmtNeoNcgaOE=/fit-in/300x900/filters:no_upscale():origin()/pre00/5b4d/th/pre/i/2019/026/4/4/jiraiya_drawing___by_joser3hunna-dcy4nfn.jpg" height="400" width="300"/>            <media:thumbnail url="https://t00.deviantart.net/ZesbicYgVPTbUN6Vc-W7P-62T0M=/300x200/filters:fixed_height(100,100):origin()/pre00/5b4d/th/pre/i/2019/026/4/4/jiraiya_drawing___by_joser3hunna-dcy4nfn.jpg" height="200" width="150"/>            <media:content url="https://img00.deviantart.net/5dbc/i/2019/026/4/4/jiraiya_drawing___by_joser3hunna-dcy4nfn.jpg" height="800" width="600" medium="image"/>            
            <description>Hello Everyone, I am new to DeviantArt, and new to drawing. Within the past year I have wanted to draw more seriously but it never occurred to me to ask for constructive criticism and tips from people that have more experience than me. All Constructive criticism welcome. Thank You. (:&lt;br /&gt;&lt;div&gt;&lt;img src=&quot;https://t00.deviantart.net/ZesbicYgVPTbUN6Vc-W7P-62T0M=/300x200/filters:fixed_height(100,100):origin()/pre00/5b4d/th/pre/i/2019/026/4/4/jiraiya_drawing___by_joser3hunna-dcy4nfn.jpg&quot; alt=&quot;thumbnail&quot; /&gt;&lt;/div&gt;</description>            </item>
                    <item>
                <title>9610 - SOA Lights Down Low AKA Diel</title>
                <link>https://makkyfokinmckay.deviantart.com/art/9610-SOA-Lights-Down-Low-AKA-Diel-782885599</link>
                <guid isPermaLink="true">https://makkyfokinmckay.deviantart.com/art/9610-SOA-Lights-Down-Low-AKA-Diel-782885599</guid>
                <pubDate>Sat, 26 Jan 2019 19:34:09 PST</pubDate>
                        <media:title type="plain">9610 - SOA Lights Down Low AKA Diel</media:title>
        <media:keywords></media:keywords>
                        <media:rating>nonadult</media:rating>
                <media:category label="Animals">digitalart/paintings/animals</media:category>
        <media:credit role="author" scheme="urn:ebu">MakkyFokinMcKay</media:credit>
        <media:credit role="author" scheme="urn:ebu">https://a.deviantart.net/avatars/m/a/makkyfokinmckay.png?5</media:credit>
        <media:copyright url="https://makkyfokinmckay.deviantart.com">Copyright 2019 MakkyFokinMcKay</media:copyright>            <media:description type="html">&lt;span&gt;&lt;a href=&quot;https://www.deviantart.com/fillyrox/art/STOCK-2014-Arabian-Gala-256-478832283&quot;&gt; Stock used &lt;/a&gt; provided by &lt;span class=&quot;username-with-symbol u&quot;&gt;&lt;a class=&quot;u premium username&quot; href=&quot;https://www.deviantart.com/fillyrox&quot;&gt;fillyrox&lt;/a&gt;&lt;span class=&quot;user-symbol premium&quot; data-quicktip-text=&quot;Core Member&quot; data-show-tooltip=&quot;1&quot; data-gruser-type=&quot;premium&quot;&gt;&lt;/span&gt;&lt;/span&gt;&amp;nbsp;&lt;br /&gt;&lt;br /&gt;&lt;div align=&quot;center&quot;&gt;&lt;b&gt;&lt;h1&gt;General Information&lt;/h1&gt;&lt;/b&gt;&lt;/div&gt;&lt;/span&gt;&lt;br /&gt;&lt;br /&gt;&lt;span&gt;&lt;b&gt;ID #:&lt;/b&gt; 9619&lt;br /&gt;&lt;/span&gt;&lt;span&gt;&lt;b&gt;Ranking:&lt;/b&gt; Breedable&lt;br /&gt;&lt;br /&gt;&lt;/span&gt;&lt;span&gt;&lt;b&gt;Name:&lt;/b&gt; SOA Lights Down Low&lt;br /&gt;&lt;/span&gt;&lt;span&gt;&lt;b&gt;Barn Name:&lt;/b&gt; Diel&lt;br /&gt;&lt;/span&gt;&lt;span&gt;&lt;b&gt;Brand:&lt;/b&gt; Yes; &quot;SOA&quot; on right hindquarter&lt;br /&gt;&lt;/span&gt;&lt;span&gt;&lt;b&gt;Mate:&lt;/b&gt; N/A&lt;br /&gt;&lt;br /&gt;&lt;/span&gt;&lt;span&gt;&lt;b&gt;Age:&lt;/b&gt; 25&lt;br /&gt;&lt;/span&gt;&lt;span&gt;&lt;b&gt;Gender:&lt;/b&gt; Stallion&lt;br /&gt;&lt;/span&gt;&lt;span&gt;&lt;b&gt;Breed:&lt;/b&gt; &lt;span class=&quot;username-with-symbol u&quot;&gt;&lt;a class=&quot;u super group username&quot; href=&quot;https://www.deviantart.com/padrohorse&quot;&gt;PadroHorse&lt;/a&gt;&lt;span class=&quot;user-symbol super group&quot; data-quicktip-text=&quot;Super Group&quot; data-show-tooltip=&quot;1&quot; data-gruser-type=&quot;super group&quot; data-clickthrough=&quot;http://groups.deviantart.com&quot;&gt;&lt;/span&gt;&lt;/span&gt;&amp;nbsp;&lt;br /&gt;&lt;/span&gt;&lt;span&gt;&lt;b&gt;Build:&lt;/b&gt; Light&lt;br /&gt;&lt;/span&gt;&lt;span&gt;&lt;b&gt;Height:&lt;/b&gt; 15 hh&lt;br /&gt;&lt;br /&gt;&lt;/span&gt;&lt;span&gt;&lt;b&gt;Genotype:&lt;/b&gt;&amp;nbsp;&lt;/span&gt;&lt;span&gt;Ee aa CrCr nT nLp nDsc maxnSpk&lt;/span&gt;&lt;span&gt;&lt;br /&gt;&lt;/span&gt;&lt;span&gt;&lt;b&gt;Phenotype:&lt;/b&gt;&amp;nbsp;&lt;/span&gt;&lt;span&gt;DOSCOR on smoky cream tobiano blanket&lt;/span&gt;&lt;span&gt;&lt;br /&gt;&lt;/span&gt;&lt;span&gt;&lt;b&gt;Extra Notes in Genotype:&lt;/b&gt; n/a&lt;br /&gt;&lt;br /&gt;&lt;/span&gt;&lt;span&gt;&lt;b&gt;Speckling Type:&lt;/b&gt; Maximal One Color&lt;br /&gt;&lt;/span&gt;&lt;span&gt;&lt;b&gt;Speckling color:&lt;/b&gt; Bright Pastel Green&lt;br /&gt;&lt;/span&gt;&lt;span&gt;&lt;b&gt;Eye Color:&lt;/b&gt; Bright Pastel Green&lt;br /&gt;&lt;/span&gt;&lt;span&gt;&lt;b&gt;Mane stripes:&lt;/b&gt; Yes&lt;br /&gt;&lt;br /&gt;&lt;/span&gt;&lt;span&gt;&lt;b&gt;Rare points:&lt;/b&gt; 31&lt;br /&gt;&lt;/span&gt;&lt;span&gt;&lt;b&gt;Class:&lt;/b&gt; Uncommon II&lt;br /&gt;&lt;br /&gt;&lt;/span&gt;&lt;span&gt;&lt;b&gt;Foal Sheet:&lt;/b&gt; &lt;a href=&quot;https://www.deviantart.com/kimbokah/art/9610-Personal-Random-Padro-Import-673157159&quot;&gt; Diel&#039;s Foal Design &lt;/a&gt;&lt;br /&gt;&lt;br /&gt;&lt;/span&gt;&lt;span&gt;&lt;div align=&quot;center&quot;&gt;&lt;b&gt;&lt;h1&gt;Breeding Information&lt;/h1&gt;&lt;/b&gt;&lt;/div&gt;&lt;br /&gt;&lt;br /&gt;&lt;/span&gt;&lt;span&gt;&lt;div align=&quot;center&quot;&gt;&lt;h1&gt;&lt;b&gt;&lt;i&gt;&lt;u&gt;ALL POTENTIAL BREEDERS MUST SIGN MY &lt;a href=&quot;https://www.deviantart.com/makkyfokinmckay/journal/Breeding-Rules-753892507&quot;&gt; BREEDING RULES &lt;/a&gt; IN ORDER TO BREED TO ANY OF MY ANIMALS&lt;/u&gt;&lt;/i&gt;&lt;/b&gt;&lt;/h1&gt;&lt;/div&gt;&lt;/span&gt;&lt;span&gt;&amp;nbsp;&lt;br /&gt;&lt;br /&gt;&lt;/span&gt;&lt;span&gt;&lt;h3&gt;Lineage&lt;/h3&gt;&lt;/span&gt;&lt;br /&gt;&lt;br /&gt;&lt;span&gt;&lt;b&gt;Generation:&lt;/b&gt; Starter&lt;/span&gt;&lt;p&gt;------------------------------------------ &lt;i&gt;SSS:&lt;/i&gt; unknown&lt;/p&gt;&lt;p&gt;----------------- &lt;i&gt;SS:&lt;/i&gt; unknown&lt;/p&gt;&lt;p&gt;------------------------------------------ &lt;i&gt;SSD:&lt;/i&gt; unknown&lt;/p&gt;&lt;p&gt;&lt;i&gt;Sire:&lt;/i&gt; unknown&lt;/p&gt;&lt;p&gt;------------------------------------------ &lt;i&gt;SDS:&lt;/i&gt; unknown&lt;/p&gt;&lt;p&gt;----------------- &lt;i&gt;SD:&lt;/i&gt; unknown&lt;/p&gt;&lt;p&gt;------------------------------------------ &lt;i&gt;SDD:&lt;/i&gt; unknown&lt;/p&gt;&lt;p&gt;------------------------------------------ &lt;i&gt;DSS:&lt;/i&gt; unknown&lt;/p&gt;&lt;p&gt;----------------- &lt;i&gt;DS:&lt;/i&gt; unknown&lt;/p&gt;&lt;p&gt;------------------------------------------ &lt;i&gt;DSD:&lt;/i&gt; unknown&lt;/p&gt;&lt;p&gt;&lt;i&gt;Dam:&lt;/i&gt; unknown&lt;/p&gt;&lt;p&gt;------------------------------------------ &lt;i&gt;DDS:&lt;/i&gt;unknown&lt;/p&gt;&lt;p&gt;----------------- &lt;i&gt;DD:&lt;/i&gt; unknown&lt;/p&gt;&lt;p&gt;------------------------------------------ &lt;i&gt;DDD:&lt;/i&gt; unknown&lt;br /&gt;&lt;br /&gt;&lt;/p&gt;&lt;span&gt;&lt;h3&gt;Continued Lineage:&lt;/h3&gt;&lt;/span&gt;&lt;br /&gt;&lt;br /&gt;&lt;span&gt;&lt;h3&gt;Breeding Spots: 14&lt;/h3&gt;&lt;br /&gt;&lt;br /&gt;&lt;/span&gt;&lt;span&gt;&lt;h4&gt;&lt;b&gt;&lt;u&gt;&lt;img src=&quot;https://e.deviantart.net/emoticons/b/bulletgreen.gif&quot; width=&quot;10&quot; height=&quot;10&quot; alt=&quot;:bulletgreen:&quot; data-embed-type=&quot;emoticon&quot; data-embed-id=&quot;209&quot; title=&quot;Bullet; Green&quot;/&gt; OPEN &lt;img src=&quot;https://e.deviantart.net/emoticons/b/bulletgreen.gif&quot; width=&quot;10&quot; height=&quot;10&quot; alt=&quot;:bulletgreen:&quot; data-embed-type=&quot;emoticon&quot; data-embed-id=&quot;209&quot; title=&quot;Bullet; Green&quot;/&gt;&lt;/u&gt;&lt;/b&gt;&lt;/h4&gt;&lt;br /&gt;&lt;br /&gt;&lt;/span&gt;&lt;span&gt;&lt;b&gt;Twin Chances:&lt;/b&gt; 0%&lt;br /&gt;&lt;br /&gt;&lt;/span&gt;&lt;span&gt;&lt;b&gt;Breeder | Mare | Payment Type | Completion Level | Usage &lt;/b&gt;&lt;br /&gt;&lt;br /&gt;&lt;/span&gt;&lt;span&gt;&lt;u&gt;Completion Level:&lt;/u&gt;&lt;br /&gt;&lt;br /&gt;&lt;/span&gt;&lt;span&gt;&lt;i&gt;complete&lt;/i&gt; - &lt;img src=&quot;https://e.deviantart.net/emoticons/b/bulletgreen.gif&quot; width=&quot;10&quot; height=&quot;10&quot; alt=&quot;:bulletgreen:&quot; data-embed-type=&quot;emoticon&quot; data-embed-id=&quot;209&quot; title=&quot;Bullet; Green&quot;/&gt; &lt;i&gt;art not complete&lt;/i&gt; - &lt;img src=&quot;https://e.deviantart.net/emoticons/b/bulletblack.gif&quot; width=&quot;10&quot; height=&quot;10&quot; alt=&quot;:bulletblack:&quot; data-embed-type=&quot;emoticon&quot; data-embed-id=&quot;564&quot; title=&quot;Bullet; Black&quot;/&gt; &lt;i&gt;points not sent&lt;/i&gt; - &lt;img src=&quot;https://e.deviantart.net/emoticons/b/bulletred.gif&quot; width=&quot;10&quot; height=&quot;10&quot; alt=&quot;:bulletred:&quot; data-embed-type=&quot;emoticon&quot; data-embed-id=&quot;210&quot; title=&quot;Bullet; Red&quot;/&gt; &lt;i&gt;payment not received&lt;/i&gt; - &lt;img src=&quot;https://e.deviantart.net/emoticons/b/bulletorange.gif&quot; width=&quot;10&quot; height=&quot;10&quot; alt=&quot;:bulletorange:&quot; data-embed-type=&quot;emoticon&quot; data-embed-id=&quot;567&quot; title=&quot;Bullet; Orange&quot;/&gt; &lt;i&gt;no payment needed&lt;/i&gt; - &lt;img src=&quot;https://e.deviantart.net/emoticons/b/bulletwhite.gif&quot; width=&quot;10&quot; height=&quot;10&quot; alt=&quot;:bulletwhite:&quot; data-embed-type=&quot;emoticon&quot; data-embed-id=&quot;565&quot; title=&quot;Bullet; White&quot;/&gt;&lt;br /&gt;&lt;br /&gt;&lt;/span&gt;&lt;span&gt;&lt;u&gt;Usage:&lt;/u&gt;&lt;br /&gt;&lt;br /&gt;&lt;/span&gt;&lt;span&gt;&lt;i&gt;not ready&lt;/i&gt; - &lt;img src=&quot;https://e.deviantart.net/emoticons/b/bulletred.gif&quot; width=&quot;10&quot; height=&quot;10&quot; alt=&quot;:bulletred:&quot; data-embed-type=&quot;emoticon&quot; data-embed-id=&quot;210&quot; title=&quot;Bullet; Red&quot;/&gt; &lt;i&gt;unused&lt;/i&gt; - &lt;img src=&quot;https://e.deviantart.net/emoticons/b/bulletorange.gif&quot; width=&quot;10&quot; height=&quot;10&quot; alt=&quot;:bulletorange:&quot; data-embed-type=&quot;emoticon&quot; data-embed-id=&quot;567&quot; title=&quot;Bullet; Orange&quot;/&gt; &lt;i&gt;used&lt;/i&gt; - &lt;img src=&quot;https://e.deviantart.net/emoticons/b/bulletgreen.gif&quot; width=&quot;10&quot; height=&quot;10&quot; alt=&quot;:bulletgreen:&quot; data-embed-type=&quot;emoticon&quot; data-embed-id=&quot;209&quot; title=&quot;Bullet; Green&quot;/&gt;&lt;br /&gt;&lt;br /&gt;&lt;/span&gt;&lt;span&gt;&lt;b&gt;Breedings:&lt;/b&gt;&lt;br /&gt;&lt;/span&gt;&lt;span&gt;1. &lt;span class=&quot;username-with-symbol u&quot;&gt;&lt;a class=&quot;u regular username&quot; href=&quot;https://www.deviantart.com/mini-lucifer&quot;&gt;Mini-Lucifer&lt;/a&gt;&lt;span class=&quot;user-symbol regular&quot; data-quicktip-text=&quot;&quot; data-show-tooltip=&quot;&quot; data-gruser-type=&quot;regular&quot;&gt;&lt;/span&gt;&lt;/span&gt; | &lt;a href=&quot;https://www.deviantart.com/theliondemon-kaimra/art/4028-Leryn-677858445&quot;&gt; 4028 - Leryn &lt;/a&gt; | FTC Slot | &lt;img src=&quot;https://e.deviantart.net/emoticons/b/bulletwhite.gif&quot; width=&quot;10&quot; height=&quot;10&quot; alt=&quot;:bulletwhite:&quot; data-embed-type=&quot;emoticon&quot; data-embed-id=&quot;565&quot; title=&quot;Bullet; White&quot;/&gt; | &lt;img src=&quot;https://e.deviantart.net/emoticons/b/bulletgreen.gif&quot; width=&quot;10&quot; height=&quot;10&quot; alt=&quot;:bulletgreen:&quot; data-embed-type=&quot;emoticon&quot; data-embed-id=&quot;209&quot; title=&quot;Bullet; Green&quot;/&gt;&lt;br /&gt;&lt;br /&gt;&lt;/span&gt;&lt;span&gt;2. &lt;span class=&quot;username-with-symbol u&quot;&gt;&lt;a class=&quot;u regular username&quot; href=&quot;https://www.deviantart.com/darkestnation&quot;&gt;DarkestNation&lt;/a&gt;&lt;span class=&quot;user-symbol regular&quot; data-quicktip-text=&quot;&quot; data-show-tooltip=&quot;&quot; data-gruser-type=&quot;regular&quot;&gt;&lt;/span&gt;&lt;/span&gt; | &lt;a href=&quot;https://www.deviantart.com/kandy918/art/N2400-Orchid-River-680104305&quot;&gt; N2400 - Orchid River &lt;/a&gt; | FTC Slot | &lt;img src=&quot;https://e.deviantart.net/emoticons/b/bulletwhite.gif&quot; width=&quot;10&quot; height=&quot;10&quot; alt=&quot;:bulletwhite:&quot; data-embed-type=&quot;emoticon&quot; data-embed-id=&quot;565&quot; title=&quot;Bullet; White&quot;/&gt; | &lt;img src=&quot;https://e.deviantart.net/emoticons/b/bulletgreen.gif&quot; width=&quot;10&quot; height=&quot;10&quot; alt=&quot;:bulletgreen:&quot; data-embed-type=&quot;emoticon&quot; data-embed-id=&quot;209&quot; title=&quot;Bullet; Green&quot;/&gt;&lt;br /&gt;&lt;br /&gt;&lt;/span&gt;&lt;span&gt;3.&lt;br /&gt;&lt;br /&gt;&lt;/span&gt;&lt;span&gt;4.&lt;br /&gt;&lt;br /&gt;&lt;/span&gt;&lt;span&gt;5.&lt;br /&gt;&lt;br /&gt;&lt;/span&gt;&lt;span&gt;6.&lt;br /&gt;&lt;br /&gt;&lt;/span&gt;&lt;span&gt;7.&lt;br /&gt;&lt;br /&gt;&lt;/span&gt;&lt;span&gt;8.&lt;br /&gt;&lt;br /&gt;&lt;/span&gt;&lt;span&gt;9.&amp;nbsp;&lt;/span&gt;&lt;span class=&quot;username-with-symbol u&quot;&gt;&lt;a class=&quot;u premium username&quot; href=&quot;https://www.deviantart.com/kimbokah&quot;&gt;KimboKah&lt;/a&gt;&lt;span class=&quot;user-symbol premium&quot; data-quicktip-text=&quot;Core Member&quot; data-show-tooltip=&quot;1&quot; data-gruser-type=&quot;premium&quot;&gt;&lt;/span&gt;&lt;/span&gt; | &lt;a href=&quot;https://www.deviantart.com/slayingallhumans/art/N1048-HSS-Orlaith-748623471&quot;&gt; N1048 - HSS Orlaith &lt;/a&gt; | Former Owner Slot | &lt;img src=&quot;https://e.deviantart.net/emoticons/b/bulletwhite.gif&quot; width=&quot;10&quot; height=&quot;10&quot; alt=&quot;:bulletwhite:&quot; data-embed-type=&quot;emoticon&quot; data-embed-id=&quot;565&quot; title=&quot;Bullet; White&quot;/&gt; | &lt;img src=&quot;https://e.deviantart.net/emoticons/b/bulletorange.gif&quot; width=&quot;10&quot; height=&quot;10&quot; alt=&quot;:bulletorange:&quot; data-embed-type=&quot;emoticon&quot; data-embed-id=&quot;567&quot; title=&quot;Bullet; Orange&quot;/&gt;&lt;span&gt;&lt;br /&gt;&lt;br /&gt;&lt;/span&gt;&lt;span&gt;10.&amp;nbsp;&lt;/span&gt;&lt;span class=&quot;username-with-symbol u&quot;&gt;&lt;a class=&quot;u premium username&quot; href=&quot;https://www.deviantart.com/kimbokah&quot;&gt;KimboKah&lt;/a&gt;&lt;span class=&quot;user-symbol premium&quot; data-quicktip-text=&quot;Core Member&quot; data-show-tooltip=&quot;1&quot; data-gruser-type=&quot;premium&quot;&gt;&lt;/span&gt;&lt;/span&gt; | &lt;a href=&quot;https://www.deviantart.com/mimi-mcg/art/9886-AVE-Crystal-Ball-739894001&quot;&gt; 9886 - AVE Crystal Ball &lt;/a&gt;  | Former Owner Slot | &lt;img src=&quot;https://e.deviantart.net/emoticons/b/bulletwhite.gif&quot; width=&quot;10&quot; height=&quot;10&quot; alt=&quot;:bulletwhite:&quot; data-embed-type=&quot;emoticon&quot; data-embed-id=&quot;565&quot; title=&quot;Bullet; White&quot;/&gt; | &lt;img src=&quot;https://e.deviantart.net/emoticons/b/bulletorange.gif&quot; width=&quot;10&quot; height=&quot;10&quot; alt=&quot;:bulletorange:&quot; data-embed-type=&quot;emoticon&quot; data-embed-id=&quot;567&quot; title=&quot;Bullet; Orange&quot;/&gt;&lt;span&gt;&lt;br /&gt;&lt;br /&gt;&lt;/span&gt;&lt;span&gt;11.&amp;nbsp;&lt;/span&gt;&lt;span class=&quot;username-with-symbol u&quot;&gt;&lt;a class=&quot;u premium username&quot; href=&quot;https://www.deviantart.com/kimbokah&quot;&gt;KimboKah&lt;/a&gt;&lt;span class=&quot;user-symbol premium&quot; data-quicktip-text=&quot;Core Member&quot; data-show-tooltip=&quot;1&quot; data-gruser-type=&quot;premium&quot;&gt;&lt;/span&gt;&lt;/span&gt; | &lt;a href=&quot;https://www.deviantart.com/kimbokah/art/722-NGS-Kait-414624180&quot;&gt; 722 - NGS Kait &lt;/a&gt; | Former Owner Slot | &lt;img src=&quot;https://e.deviantart.net/emoticons/b/bulletwhite.gif&quot; width=&quot;10&quot; height=&quot;10&quot; alt=&quot;:bulletwhite:&quot; data-embed-type=&quot;emoticon&quot; data-embed-id=&quot;565&quot; title=&quot;Bullet; White&quot;/&gt; | &lt;img src=&quot;https://e.deviantart.net/emoticons/b/bulletorange.gif&quot; width=&quot;10&quot; height=&quot;10&quot; alt=&quot;:bulletorange:&quot; data-embed-type=&quot;emoticon&quot; data-embed-id=&quot;567&quot; title=&quot;Bullet; Orange&quot;/&gt;&lt;span&gt;&lt;br /&gt;&lt;br /&gt;12.&amp;nbsp;&lt;/span&gt;&lt;span class=&quot;username-with-symbol u&quot;&gt;&lt;a class=&quot;u premium username&quot; href=&quot;https://www.deviantart.com/kimbokah&quot;&gt;KimboKah&lt;/a&gt;&lt;span class=&quot;user-symbol premium&quot; data-quicktip-text=&quot;Core Member&quot; data-show-tooltip=&quot;1&quot; data-gruser-type=&quot;premium&quot;&gt;&lt;/span&gt;&lt;/span&gt; | &lt;a href=&quot;https://www.deviantart.com/kaitlynicole/art/5053-Asabi-741137631&quot;&gt; 5053 - Asabi &lt;/a&gt; | Former Owner Slot | &lt;img src=&quot;https://e.deviantart.net/emoticons/b/bulletwhite.gif&quot; width=&quot;10&quot; height=&quot;10&quot; alt=&quot;:bulletwhite:&quot; data-embed-type=&quot;emoticon&quot; data-embed-id=&quot;565&quot; title=&quot;Bullet; White&quot;/&gt; | &lt;img src=&quot;https://e.deviantart.net/emoticons/b/bulletorange.gif&quot; width=&quot;10&quot; height=&quot;10&quot; alt=&quot;:bulletorange:&quot; data-embed-type=&quot;emoticon&quot; data-embed-id=&quot;567&quot; title=&quot;Bullet; Orange&quot;/&gt;&lt;span&gt;&lt;br /&gt;&lt;br /&gt;13.&amp;nbsp;&lt;/span&gt;&lt;span class=&quot;username-with-symbol u&quot;&gt;&lt;a class=&quot;u premium username&quot; href=&quot;https://www.deviantart.com/kimbokah&quot;&gt;KimboKah&lt;/a&gt;&lt;span class=&quot;user-symbol premium&quot; data-quicktip-text=&quot;Core Member&quot; data-show-tooltip=&quot;1&quot; data-gruser-type=&quot;premium&quot;&gt;&lt;/span&gt;&lt;/span&gt; | &lt;a href=&quot;https://www.deviantart.com/kaitlynicole/art/K2232-Belph-731878434&quot;&gt; K2232 - Belph &lt;/a&gt; | Former Owner Slot | &lt;img src=&quot;https://e.deviantart.net/emoticons/b/bulletwhite.gif&quot; width=&quot;10&quot; height=&quot;10&quot; alt=&quot;:bulletwhite:&quot; data-embed-type=&quot;emoticon&quot; data-embed-id=&quot;565&quot; title=&quot;Bullet; White&quot;/&gt; | &lt;img src=&quot;https://e.deviantart.net/emoticons/b/bulletorange.gif&quot; width=&quot;10&quot; height=&quot;10&quot; alt=&quot;:bulletorange:&quot; data-embed-type=&quot;emoticon&quot; data-embed-id=&quot;567&quot; title=&quot;Bullet; Orange&quot;/&gt;&lt;span&gt;&lt;br /&gt;&lt;br /&gt;14. &lt;span class=&quot;username-with-symbol u&quot;&gt;&lt;a class=&quot;u premium username&quot; href=&quot;https://www.deviantart.com/kimbokah&quot;&gt;KimboKah&lt;/a&gt;&lt;span class=&quot;user-symbol premium&quot; data-quicktip-text=&quot;Core Member&quot; data-show-tooltip=&quot;1&quot; data-gruser-type=&quot;premium&quot;&gt;&lt;/span&gt;&lt;/span&gt; | &lt;a href=&quot;https://www.deviantart.com/lilydale-stables/art/N2254-Bahiti-678144184&quot;&gt; N2254 - Bahiti &lt;/a&gt; | Former Owner Slot | &lt;img src=&quot;https://e.deviantart.net/emoticons/b/bulletwhite.gif&quot; width=&quot;10&quot; height=&quot;10&quot; alt=&quot;:bulletwhite:&quot; data-embed-type=&quot;emoticon&quot; data-embed-id=&quot;565&quot; title=&quot;Bullet; White&quot;/&gt; | &lt;img src=&quot;https://e.deviantart.net/emoticons/b/bulletorange.gif&quot; width=&quot;10&quot; height=&quot;10&quot; alt=&quot;:bulletorange:&quot; data-embed-type=&quot;emoticon&quot; data-embed-id=&quot;567&quot; title=&quot;Bullet; Orange&quot;/&gt;&lt;br /&gt;&lt;br /&gt;&lt;/span&gt;&lt;span&gt;&lt;b&gt;Foals:&lt;/b&gt;&lt;br /&gt;&lt;/span&gt;&lt;span&gt;Foal Owner | Foal ID | Foal Name| Foal Design | Foal Ref&lt;br /&gt;&lt;/span&gt;&lt;span&gt;&lt;br /&gt;1: &lt;span class=&quot;username-with-symbol u&quot;&gt;&lt;a class=&quot;u regular username&quot; href=&quot;https://www.deviantart.com/mini-lucifer&quot;&gt;Mini-Lucifer&lt;/a&gt;&lt;span class=&quot;user-symbol regular&quot; data-quicktip-text=&quot;&quot; data-show-tooltip=&quot;&quot; data-gruser-type=&quot;regular&quot;&gt;&lt;/span&gt;&lt;/span&gt; | N2410 | Criminal Pride | &lt;a href=&quot;https://www.deviantart.com/mini-luicifer/art/N2410-Padro-Foal-Design-678609981&quot;&gt; Foal Design &lt;/a&gt; | &lt;a href=&quot;https://www.deviantart.com/lunarrocketstables/art/Criminal-Pride-ID-N2410-700995993&quot;&gt; Foal Ref &lt;/a&gt;&lt;br /&gt;&lt;br /&gt;&lt;/span&gt;&lt;span&gt;2: &lt;span class=&quot;username-with-symbol u&quot;&gt;&lt;a class=&quot;u regular username&quot; href=&quot;https://www.deviantart.com/darkestnation&quot;&gt;DarkestNation&lt;/a&gt;&lt;span class=&quot;user-symbol regular&quot; data-quicktip-text=&quot;&quot; data-show-tooltip=&quot;&quot; data-gruser-type=&quot;regular&quot;&gt;&lt;/span&gt;&lt;/span&gt; | N2983 | Meant To Be&lt;/span&gt;&lt;span&gt;&amp;nbsp;| &lt;a href=&quot;https://www.deviantart.com/casinuba/art/N2983-Padro-Foal-Design-for-DarkestNation-711090906&quot;&gt; Foal Design &lt;/a&gt; | &lt;a href=&quot;https://www.deviantart.com/darkestnation/art/N2983-Beauty-711095241&quot;&gt; Foal Ref &lt;/a&gt;&lt;br /&gt;&lt;br /&gt;&lt;/span&gt;&lt;span&gt;3:&lt;br /&gt;&lt;br /&gt;&lt;/span&gt;&lt;span&gt;4:&lt;br /&gt;&lt;br /&gt;&lt;/span&gt;&lt;span&gt;5:&lt;br /&gt;&lt;br /&gt;&lt;/span&gt;&lt;span&gt;6:&lt;br /&gt;&lt;br /&gt;&lt;/span&gt;&lt;span&gt;7:&lt;br /&gt;&lt;br /&gt;&lt;/span&gt;&lt;span&gt;8:&lt;br /&gt;&lt;br /&gt;&lt;/span&gt;&lt;span&gt;9:&amp;nbsp;&lt;/span&gt;&lt;span class=&quot;username-with-symbol u&quot;&gt;&lt;a class=&quot;u premium username&quot; href=&quot;https://www.deviantart.com/kimbokah&quot;&gt;KimboKah&lt;/a&gt;&lt;span class=&quot;user-symbol premium&quot; data-quicktip-text=&quot;Core Member&quot; data-show-tooltip=&quot;1&quot; data-gruser-type=&quot;premium&quot;&gt;&lt;/span&gt;&lt;/span&gt; | - | - | - | -&lt;br /&gt;&lt;span&gt;&lt;br /&gt;&lt;/span&gt;&lt;span&gt;10:&amp;nbsp;&lt;/span&gt;&lt;span class=&quot;username-with-symbol u&quot;&gt;&lt;a class=&quot;u premium username&quot; href=&quot;https://www.deviantart.com/kimbokah&quot;&gt;KimboKah&lt;/a&gt;&lt;span class=&quot;user-symbol premium&quot; data-quicktip-text=&quot;Core Member&quot; data-show-tooltip=&quot;1&quot; data-gruser-type=&quot;premium&quot;&gt;&lt;/span&gt;&lt;/span&gt; | - | - | - | -&lt;br /&gt;&lt;span&gt;&lt;br /&gt;&lt;/span&gt;&lt;span&gt;11:&amp;nbsp;&lt;/span&gt;&lt;span class=&quot;username-with-symbol u&quot;&gt;&lt;a class=&quot;u premium username&quot; href=&quot;https://www.deviantart.com/kimbokah&quot;&gt;KimboKah&lt;/a&gt;&lt;span class=&quot;user-symbol premium&quot; data-quicktip-text=&quot;Core Member&quot; data-show-tooltip=&quot;1&quot; data-gruser-type=&quot;premium&quot;&gt;&lt;/span&gt;&lt;/span&gt; | - | - | - | -&lt;br /&gt;&lt;span&gt;&lt;br /&gt;&lt;/span&gt;&lt;span&gt;12:&amp;nbsp;&lt;/span&gt;&lt;span class=&quot;username-with-symbol u&quot;&gt;&lt;a class=&quot;u premium username&quot; href=&quot;https://www.deviantart.com/kimbokah&quot;&gt;KimboKah&lt;/a&gt;&lt;span class=&quot;user-symbol premium&quot; data-quicktip-text=&quot;Core Member&quot; data-show-tooltip=&quot;1&quot; data-gruser-type=&quot;premium&quot;&gt;&lt;/span&gt;&lt;/span&gt; | - | - | - | -&lt;br /&gt;&lt;span&gt;&lt;br /&gt;13:&amp;nbsp;&lt;/span&gt;&lt;span class=&quot;username-with-symbol u&quot;&gt;&lt;a class=&quot;u premium username&quot; href=&quot;https://www.deviantart.com/kimbokah&quot;&gt;KimboKah&lt;/a&gt;&lt;span class=&quot;user-symbol premium&quot; data-quicktip-text=&quot;Core Member&quot; data-show-tooltip=&quot;1&quot; data-gruser-type=&quot;premium&quot;&gt;&lt;/span&gt;&lt;/span&gt; | - | - | - | -&lt;br /&gt;&lt;span&gt;&lt;br /&gt;14: &lt;span class=&quot;username-with-symbol u&quot;&gt;&lt;a class=&quot;u premium username&quot; href=&quot;https://www.deviantart.com/kimbokah&quot;&gt;KimboKah&lt;/a&gt;&lt;span class=&quot;user-symbol premium&quot; data-quicktip-text=&quot;Core Member&quot; data-show-tooltip=&quot;1&quot; data-gruser-type=&quot;premium&quot;&gt;&lt;/span&gt;&lt;/span&gt; | - | - | - | -&lt;br /&gt;&lt;br /&gt;&lt;/span&gt;&lt;span&gt;&lt;div align=&quot;center&quot;&gt;&lt;b&gt;&lt;h1&gt;&lt;a class=&quot;external&quot; href=&quot;https://www.deviantart.com/users/outgoing?link&quot;&gt; Diel&#039;s Padro Point Tracker &lt;/a&gt;&lt;/h1&gt;&lt;/b&gt;&lt;/div&gt;&lt;br /&gt;&lt;br /&gt;&lt;/span&gt;&lt;span&gt;&lt;h3&gt;Ranking Tracker&lt;/h3&gt;&lt;br /&gt;&lt;br /&gt;&lt;/span&gt;&lt;span&gt;&lt;blockquote&gt;&lt;img src=&quot;https://e.deviantart.net/emoticons/s/star_full.gif&quot; width=&quot;17&quot; height=&quot;16&quot; alt=&quot;:star:&quot; data-embed-type=&quot;emoticon&quot; data-embed-id=&quot;450&quot; title=&quot;Star!&quot;/&gt; 0/20&lt;br /&gt;&lt;img src=&quot;https://e.deviantart.net/emoticons/s/star_full.gif&quot; width=&quot;17&quot; height=&quot;16&quot; alt=&quot;:star:&quot; data-embed-type=&quot;emoticon&quot; data-embed-id=&quot;450&quot; title=&quot;Star!&quot;/&gt; &lt;img src=&quot;https://e.deviantart.net/emoticons/s/star_full.gif&quot; width=&quot;17&quot; height=&quot;16&quot; alt=&quot;:star:&quot; data-embed-type=&quot;emoticon&quot; data-embed-id=&quot;450&quot; title=&quot;Star!&quot;/&gt; 0/30&lt;br /&gt;&lt;img src=&quot;https://e.deviantart.net/emoticons/s/star_full.gif&quot; width=&quot;17&quot; height=&quot;16&quot; alt=&quot;:star:&quot; data-embed-type=&quot;emoticon&quot; data-embed-id=&quot;450&quot; title=&quot;Star!&quot;/&gt; &lt;img src=&quot;https://e.deviantart.net/emoticons/s/star_full.gif&quot; width=&quot;17&quot; height=&quot;16&quot; alt=&quot;:star:&quot; data-embed-type=&quot;emoticon&quot; data-embed-id=&quot;450&quot; title=&quot;Star!&quot;/&gt; &lt;img src=&quot;https://e.deviantart.net/emoticons/s/star_full.gif&quot; width=&quot;17&quot; height=&quot;16&quot; alt=&quot;:star:&quot; data-embed-type=&quot;emoticon&quot; data-embed-id=&quot;450&quot; title=&quot;Star!&quot;/&gt; 0/40&lt;br /&gt;&lt;img src=&quot;https://e.deviantart.net/emoticons/s/star_full.gif&quot; width=&quot;17&quot; height=&quot;16&quot; alt=&quot;:star:&quot; data-embed-type=&quot;emoticon&quot; data-embed-id=&quot;450&quot; title=&quot;Star!&quot;/&gt; &lt;img src=&quot;https://e.deviantart.net/emoticons/s/star_full.gif&quot; width=&quot;17&quot; height=&quot;16&quot; alt=&quot;:star:&quot; data-embed-type=&quot;emoticon&quot; data-embed-id=&quot;450&quot; title=&quot;Star!&quot;/&gt; &lt;img src=&quot;https://e.deviantart.net/emoticons/s/star_full.gif&quot; width=&quot;17&quot; height=&quot;16&quot; alt=&quot;:star:&quot; data-embed-type=&quot;emoticon&quot; data-embed-id=&quot;450&quot; title=&quot;Star!&quot;/&gt; &lt;img src=&quot;https://e.deviantart.net/emoticons/s/star_full.gif&quot; width=&quot;17&quot; height=&quot;16&quot; alt=&quot;:star:&quot; data-embed-type=&quot;emoticon&quot; data-embed-id=&quot;450&quot; title=&quot;Star!&quot;/&gt; 0/50&lt;br /&gt;&lt;img src=&quot;https://e.deviantart.net/emoticons/s/star_full.gif&quot; width=&quot;17&quot; height=&quot;16&quot; alt=&quot;:star:&quot; data-embed-type=&quot;emoticon&quot; data-embed-id=&quot;450&quot; title=&quot;Star!&quot;/&gt; &lt;img src=&quot;https://e.deviantart.net/emoticons/s/star_full.gif&quot; width=&quot;17&quot; height=&quot;16&quot; alt=&quot;:star:&quot; data-embed-type=&quot;emoticon&quot; data-embed-id=&quot;450&quot; title=&quot;Star!&quot;/&gt; &lt;img src=&quot;https://e.deviantart.net/emoticons/s/star_full.gif&quot; width=&quot;17&quot; height=&quot;16&quot; alt=&quot;:star:&quot; data-embed-type=&quot;emoticon&quot; data-embed-id=&quot;450&quot; title=&quot;Star!&quot;/&gt; &lt;img src=&quot;https://e.deviantart.net/emoticons/s/star_full.gif&quot; width=&quot;17&quot; height=&quot;16&quot; alt=&quot;:star:&quot; data-embed-type=&quot;emoticon&quot; data-embed-id=&quot;450&quot; title=&quot;Star!&quot;/&gt; &lt;img src=&quot;https://e.deviantart.net/emoticons/s/star_full.gif&quot; width=&quot;17&quot; height=&quot;16&quot; alt=&quot;:star:&quot; data-embed-type=&quot;emoticon&quot; data-embed-id=&quot;450&quot; title=&quot;Star!&quot;/&gt; 0/60&lt;br /&gt;&lt;/blockquote&gt;&lt;br /&gt;&lt;br /&gt;&lt;/span&gt;&lt;span&gt;&lt;h3&gt;Ranking Rewards&lt;/h3&gt;&lt;br /&gt;&lt;br /&gt;&lt;/span&gt;&lt;span&gt;&lt;blockquote&gt;&lt;img src=&quot;https://e.deviantart.net/emoticons/s/star_full.gif&quot; width=&quot;17&quot; height=&quot;16&quot; alt=&quot;:star:&quot; data-embed-type=&quot;emoticon&quot; data-embed-id=&quot;450&quot; title=&quot;Star!&quot;/&gt; Reward:&lt;br /&gt;&lt;img src=&quot;https://e.deviantart.net/emoticons/s/star_full.gif&quot; width=&quot;17&quot; height=&quot;16&quot; alt=&quot;:star:&quot; data-embed-type=&quot;emoticon&quot; data-embed-id=&quot;450&quot; title=&quot;Star!&quot;/&gt; &lt;img src=&quot;https://e.deviantart.net/emoticons/s/star_full.gif&quot; width=&quot;17&quot; height=&quot;16&quot; alt=&quot;:star:&quot; data-embed-type=&quot;emoticon&quot; data-embed-id=&quot;450&quot; title=&quot;Star!&quot;/&gt; Reward:&lt;br /&gt;&lt;img src=&quot;https://e.deviantart.net/emoticons/s/star_full.gif&quot; width=&quot;17&quot; height=&quot;16&quot; alt=&quot;:star:&quot; data-embed-type=&quot;emoticon&quot; data-embed-id=&quot;450&quot; title=&quot;Star!&quot;/&gt; &lt;img src=&quot;https://e.deviantart.net/emoticons/s/star_full.gif&quot; width=&quot;17&quot; height=&quot;16&quot; alt=&quot;:star:&quot; data-embed-type=&quot;emoticon&quot; data-embed-id=&quot;450&quot; title=&quot;Star!&quot;/&gt; &lt;img src=&quot;https://e.deviantart.net/emoticons/s/star_full.gif&quot; width=&quot;17&quot; height=&quot;16&quot; alt=&quot;:star:&quot; data-embed-type=&quot;emoticon&quot; data-embed-id=&quot;450&quot; title=&quot;Star!&quot;/&gt; Reward:&lt;br /&gt;&lt;img src=&quot;https://e.deviantart.net/emoticons/s/star_full.gif&quot; width=&quot;17&quot; height=&quot;16&quot; alt=&quot;:star:&quot; data-embed-type=&quot;emoticon&quot; data-embed-id=&quot;450&quot; title=&quot;Star!&quot;/&gt; &lt;img src=&quot;https://e.deviantart.net/emoticons/s/star_full.gif&quot; width=&quot;17&quot; height=&quot;16&quot; alt=&quot;:star:&quot; data-embed-type=&quot;emoticon&quot; data-embed-id=&quot;450&quot; title=&quot;Star!&quot;/&gt; &lt;img src=&quot;https://e.deviantart.net/emoticons/s/star_full.gif&quot; width=&quot;17&quot; height=&quot;16&quot; alt=&quot;:star:&quot; data-embed-type=&quot;emoticon&quot; data-embed-id=&quot;450&quot; title=&quot;Star!&quot;/&gt; &lt;img src=&quot;https://e.deviantart.net/emoticons/s/star_full.gif&quot; width=&quot;17&quot; height=&quot;16&quot; alt=&quot;:star:&quot; data-embed-type=&quot;emoticon&quot; data-embed-id=&quot;450&quot; title=&quot;Star!&quot;/&gt; Reward:&lt;br /&gt;&lt;img src=&quot;https://e.deviantart.net/emoticons/s/star_full.gif&quot; width=&quot;17&quot; height=&quot;16&quot; alt=&quot;:star:&quot; data-embed-type=&quot;emoticon&quot; data-embed-id=&quot;450&quot; title=&quot;Star!&quot;/&gt; &lt;img src=&quot;https://e.deviantart.net/emoticons/s/star_full.gif&quot; width=&quot;17&quot; height=&quot;16&quot; alt=&quot;:star:&quot; data-embed-type=&quot;emoticon&quot; data-embed-id=&quot;450&quot; title=&quot;Star!&quot;/&gt; &lt;img src=&quot;https://e.deviantart.net/emoticons/s/star_full.gif&quot; width=&quot;17&quot; height=&quot;16&quot; alt=&quot;:star:&quot; data-embed-type=&quot;emoticon&quot; data-embed-id=&quot;450&quot; title=&quot;Star!&quot;/&gt; &lt;img src=&quot;https://e.deviantart.net/emoticons/s/star_full.gif&quot; width=&quot;17&quot; height=&quot;16&quot; alt=&quot;:star:&quot; data-embed-type=&quot;emoticon&quot; data-embed-id=&quot;450&quot; title=&quot;Star!&quot;/&gt; &lt;img src=&quot;https://e.deviantart.net/emoticons/s/star_full.gif&quot; width=&quot;17&quot; height=&quot;16&quot; alt=&quot;:star:&quot; data-embed-type=&quot;emoticon&quot; data-embed-id=&quot;450&quot; title=&quot;Star!&quot;/&gt; Reward:&lt;br /&gt;&lt;/blockquote&gt;&lt;br /&gt;&lt;br /&gt;&lt;/span&gt;&lt;span&gt;&lt;h2&gt;&lt;img src=&quot;https://e.deviantart.net/emoticons/b/bulletorange.gif&quot; width=&quot;10&quot; height=&quot;10&quot; alt=&quot;:bulletorange:&quot; data-embed-type=&quot;emoticon&quot; data-embed-id=&quot;567&quot; title=&quot;Bullet; Orange&quot;/&gt; Diel gives 0 points to all direct offspring &lt;img src=&quot;https://e.deviantart.net/emoticons/b/bulletorange.gif&quot; width=&quot;10&quot; height=&quot;10&quot; alt=&quot;:bulletorange:&quot; data-embed-type=&quot;emoticon&quot; data-embed-id=&quot;567&quot; title=&quot;Bullet; Orange&quot;/&gt;&lt;/h2&gt;&lt;br /&gt;&lt;br /&gt;&lt;/span&gt;&lt;span&gt;&lt;div align=&quot;center&quot;&gt;&lt;h1&gt;Extras:&lt;/h1&gt;&lt;/div&gt;&lt;br /&gt;&lt;/span&gt;</media:description>            <media:thumbnail url="https://t00.deviantart.net/PDTAE9MuQ8G9b2zk9pKsT788hk4=/fit-in/150x150/filters:no_upscale():origin()/pre00/c39d/th/pre/f/2019/026/6/1/9610___soa_lights_down_low_aka_diel_by_makkyfokinmckay-dcy3ye7.png" height="84" width="150"/>            <media:thumbnail url="https://t00.deviantart.net/Jh3ni8x5HK3HTbWiDO11S1rvujk=/fit-in/300x900/filters:no_upscale():origin()/pre00/c39d/th/pre/f/2019/026/6/1/9610___soa_lights_down_low_aka_diel_by_makkyfokinmckay-dcy3ye7.png" height="169" width="300"/>            <media:thumbnail url="https://t00.deviantart.net/Cdepv5JL4LFraxwvofBqd6n4cCc=/300x200/filters:fixed_height(100,100):origin()/pre00/c39d/th/pre/f/2019/026/6/1/9610___soa_lights_down_low_aka_diel_by_makkyfokinmckay-dcy3ye7.png" height="169" width="300"/>            <media:content url="https://pre00.deviantart.net/c39d/th/pre/f/2019/026/6/1/9610___soa_lights_down_low_aka_diel_by_makkyfokinmckay-dcy3ye7.png" height="670" width="1192" medium="image"/>            
            <description>&lt;span&gt;&lt;a href=&quot;https://www.deviantart.com/fillyrox/art/STOCK-2014-Arabian-Gala-256-478832283&quot;&gt; Stock used &lt;/a&gt; provided by &lt;span class=&quot;username-with-symbol u&quot;&gt;&lt;a class=&quot;u premium username&quot; href=&quot;https://www.deviantart.com/fillyrox&quot;&gt;fillyrox&lt;/a&gt;&lt;span class=&quot;user-symbol premium&quot; data-quicktip-text=&quot;Core Member&quot; data-show-tooltip=&quot;1&quot; data-gruser-type=&quot;premium&quot;&gt;&lt;/span&gt;&lt;/span&gt;&amp;nbsp;&lt;br /&gt;&lt;br /&gt;&lt;div align=&quot;center&quot;&gt;&lt;b&gt;&lt;h1&gt;General Information&lt;/h1&gt;&lt;/b&gt;&lt;/div&gt;&lt;/span&gt;&lt;br /&gt;&lt;br /&gt;&lt;span&gt;&lt;b&gt;ID #:&lt;/b&gt; 9619&lt;br /&gt;&lt;/span&gt;&lt;span&gt;&lt;b&gt;Ranking:&lt;/b&gt; Breedable&lt;br /&gt;&lt;br /&gt;&lt;/span&gt;&lt;span&gt;&lt;b&gt;Name:&lt;/b&gt; SOA Lights Down Low&lt;br /&gt;&lt;/span&gt;&lt;span&gt;&lt;b&gt;Barn Name:&lt;/b&gt; Diel&lt;br /&gt;&lt;/span&gt;&lt;span&gt;&lt;b&gt;Brand:&lt;/b&gt; Yes; &quot;SOA&quot; on right hindquarter&lt;br /&gt;&lt;/span&gt;&lt;span&gt;&lt;b&gt;Mate:&lt;/b&gt; N/A&lt;br /&gt;&lt;br /&gt;&lt;/span&gt;&lt;span&gt;&lt;b&gt;Age:&lt;/b&gt; 25&lt;br /&gt;&lt;/span&gt;&lt;span&gt;&lt;b&gt;Gender:&lt;/b&gt; Stallion&lt;br /&gt;&lt;/span&gt;&lt;span&gt;&lt;b&gt;Breed:&lt;/b&gt; &lt;span class=&quot;username-with-symbol u&quot;&gt;&lt;a class=&quot;u super group username&quot; href=&quot;https://www.deviantart.com/padrohorse&quot;&gt;PadroHorse&lt;/a&gt;&lt;span class=&quot;user-symbol super group&quot; data-quicktip-text=&quot;Super Group&quot; data-show-tooltip=&quot;1&quot; data-gruser-type=&quot;super group&quot; data-clickthrough=&quot;http://groups.deviantart.com&quot;&gt;&lt;/span&gt;&lt;/span&gt;&amp;nbsp;&lt;br /&gt;&lt;/span&gt;&lt;span&gt;&lt;b&gt;Build:&lt;/b&gt; Light&lt;br /&gt;&lt;/span&gt;&lt;span&gt;&lt;b&gt;Height:&lt;/b&gt; 15 hh&lt;br /&gt;&lt;br /&gt;&lt;/span&gt;&lt;span&gt;&lt;b&gt;Genotype:&lt;/b&gt;&amp;nbsp;&lt;/span&gt;&lt;span&gt;Ee aa CrCr nT nLp nDsc maxnSpk&lt;/span&gt;&lt;span&gt;&lt;br /&gt;&lt;/span&gt;&lt;span&gt;&lt;b&gt;Phenotype:&lt;/b&gt;&amp;nbsp;&lt;/span&gt;&lt;span&gt;DOSCOR on smoky cream tobiano blanket&lt;/span&gt;&lt;span&gt;&lt;br /&gt;&lt;/span&gt;&lt;span&gt;&lt;b&gt;Extra Notes in Genotype:&lt;/b&gt; n/a&lt;br /&gt;&lt;br /&gt;&lt;/span&gt;&lt;span&gt;&lt;b&gt;Speckling Type:&lt;/b&gt; Maximal One Color&lt;br /&gt;&lt;/span&gt;&lt;span&gt;&lt;b&gt;Speckling color:&lt;/b&gt; Bright Pastel Green&lt;br /&gt;&lt;/span&gt;&lt;span&gt;&lt;b&gt;Eye Color:&lt;/b&gt; Bright Pastel Green&lt;br /&gt;&lt;/span&gt;&lt;span&gt;&lt;b&gt;Mane stripes:&lt;/b&gt; Yes&lt;br /&gt;&lt;br /&gt;&lt;/span&gt;&lt;span&gt;&lt;b&gt;Rare points:&lt;/b&gt; 31&lt;br /&gt;&lt;/span&gt;&lt;span&gt;&lt;b&gt;Class:&lt;/b&gt; Uncommon II&lt;br /&gt;&lt;br /&gt;&lt;/span&gt;&lt;span&gt;&lt;b&gt;Foal Sheet:&lt;/b&gt; &lt;a href=&quot;https://www.deviantart.com/kimbokah/art/9610-Personal-Random-Padro-Import-673157159&quot;&gt; Diel&#039;s Foal Design &lt;/a&gt;&lt;br /&gt;&lt;br /&gt;&lt;/span&gt;&lt;span&gt;&lt;div align=&quot;center&quot;&gt;&lt;b&gt;&lt;h1&gt;Breeding Information&lt;/h1&gt;&lt;/b&gt;&lt;/div&gt;&lt;br /&gt;&lt;br /&gt;&lt;/span&gt;&lt;span&gt;&lt;div align=&quot;center&quot;&gt;&lt;h1&gt;&lt;b&gt;&lt;i&gt;&lt;u&gt;ALL POTENTIAL BREEDERS MUST SIGN MY &lt;a href=&quot;https://www.deviantart.com/makkyfokinmckay/journal/Breeding-Rules-753892507&quot;&gt; BREEDING RULES &lt;/a&gt; IN ORDER TO BREED TO ANY OF MY ANIMALS&lt;/u&gt;&lt;/i&gt;&lt;/b&gt;&lt;/h1&gt;&lt;/div&gt;&lt;/span&gt;&lt;span&gt;&amp;nbsp;&lt;br /&gt;&lt;br /&gt;&lt;/span&gt;&lt;span&gt;&lt;h3&gt;Lineage&lt;/h3&gt;&lt;/span&gt;&lt;br /&gt;&lt;br /&gt;&lt;span&gt;&lt;b&gt;Generation:&lt;/b&gt; Starter&lt;/span&gt;&lt;p&gt;------------------------------------------ &lt;i&gt;SSS:&lt;/i&gt; unknown&lt;/p&gt;&lt;p&gt;----------------- &lt;i&gt;SS:&lt;/i&gt; unknown&lt;/p&gt;&lt;p&gt;------------------------------------------ &lt;i&gt;SSD:&lt;/i&gt; unknown&lt;/p&gt;&lt;p&gt;&lt;i&gt;Sire:&lt;/i&gt; unknown&lt;/p&gt;&lt;p&gt;------------------------------------------ &lt;i&gt;SDS:&lt;/i&gt; unknown&lt;/p&gt;&lt;p&gt;----------------- &lt;i&gt;SD:&lt;/i&gt; unknown&lt;/p&gt;&lt;p&gt;------------------------------------------ &lt;i&gt;SDD:&lt;/i&gt; unknown&lt;/p&gt;&lt;p&gt;------------------------------------------ &lt;i&gt;DSS:&lt;/i&gt; unknown&lt;/p&gt;&lt;p&gt;----------------- &lt;i&gt;DS:&lt;/i&gt; unknown&lt;/p&gt;&lt;p&gt;------------------------------------------ &lt;i&gt;DSD:&lt;/i&gt; unknown&lt;/p&gt;&lt;p&gt;&lt;i&gt;Dam:&lt;/i&gt; unknown&lt;/p&gt;&lt;p&gt;------------------------------------------ &lt;i&gt;DDS:&lt;/i&gt;unknown&lt;/p&gt;&lt;p&gt;----------------- &lt;i&gt;DD:&lt;/i&gt; unknown&lt;/p&gt;&lt;p&gt;------------------------------------------ &lt;i&gt;DDD:&lt;/i&gt; unknown&lt;br /&gt;&lt;br /&gt;&lt;/p&gt;&lt;span&gt;&lt;h3&gt;Continued Lineage:&lt;/h3&gt;&lt;/span&gt;&lt;br /&gt;&lt;br /&gt;&lt;span&gt;&lt;h3&gt;Breeding Spots: 14&lt;/h3&gt;&lt;br /&gt;&lt;br /&gt;&lt;/span&gt;&lt;span&gt;&lt;h4&gt;&lt;b&gt;&lt;u&gt;&lt;img src=&quot;https://e.deviantart.net/emoticons/b/bulletgreen.gif&quot; width=&quot;10&quot; height=&quot;10&quot; alt=&quot;:bulletgreen:&quot; data-embed-type=&quot;emoticon&quot; data-embed-id=&quot;209&quot; title=&quot;Bullet; Green&quot;/&gt; OPEN &lt;img src=&quot;https://e.deviantart.net/emoticons/b/bulletgreen.gif&quot; width=&quot;10&quot; height=&quot;10&quot; alt=&quot;:bulletgreen:&quot; data-embed-type=&quot;emoticon&quot; data-embed-id=&quot;209&quot; title=&quot;Bullet; Green&quot;/&gt;&lt;/u&gt;&lt;/b&gt;&lt;/h4&gt;&lt;br /&gt;&lt;br /&gt;&lt;/span&gt;&lt;span&gt;&lt;b&gt;Twin Chances:&lt;/b&gt; 0%&lt;br /&gt;&lt;br /&gt;&lt;/span&gt;&lt;span&gt;&lt;b&gt;Breeder | Mare | Payment Type | Completion Level | Usage &lt;/b&gt;&lt;br /&gt;&lt;br /&gt;&lt;/span&gt;&lt;span&gt;&lt;u&gt;Completion Level:&lt;/u&gt;&lt;br /&gt;&lt;br /&gt;&lt;/span&gt;&lt;span&gt;&lt;i&gt;complete&lt;/i&gt; - &lt;img src=&quot;https://e.deviantart.net/emoticons/b/bulletgreen.gif&quot; width=&quot;10&quot; height=&quot;10&quot; alt=&quot;:bulletgreen:&quot; data-embed-type=&quot;emoticon&quot; data-embed-id=&quot;209&quot; title=&quot;Bullet; Green&quot;/&gt; &lt;i&gt;art not complete&lt;/i&gt; - &lt;img src=&quot;https://e.deviantart.net/emoticons/b/bulletblack.gif&quot; width=&quot;10&quot; height=&quot;10&quot; alt=&quot;:bulletblack:&quot; data-embed-type=&quot;emoticon&quot; data-embed-id=&quot;564&quot; title=&quot;Bullet; Black&quot;/&gt; &lt;i&gt;points not sent&lt;/i&gt; - &lt;img src=&quot;https://e.deviantart.net/emoticons/b/bulletred.gif&quot; width=&quot;10&quot; height=&quot;10&quot; alt=&quot;:bulletred:&quot; data-embed-type=&quot;emoticon&quot; data-embed-id=&quot;210&quot; title=&quot;Bullet; Red&quot;/&gt; &lt;i&gt;payment not received&lt;/i&gt; - &lt;img src=&quot;https://e.deviantart.net/emoticons/b/bulletorange.gif&quot; width=&quot;10&quot; height=&quot;10&quot; alt=&quot;:bulletorange:&quot; data-embed-type=&quot;emoticon&quot; data-embed-id=&quot;567&quot; title=&quot;Bullet; Orange&quot;/&gt; &lt;i&gt;no payment needed&lt;/i&gt; - &lt;img src=&quot;https://e.deviantart.net/emoticons/b/bulletwhite.gif&quot; width=&quot;10&quot; height=&quot;10&quot; alt=&quot;:bulletwhite:&quot; data-embed-type=&quot;emoticon&quot; data-embed-id=&quot;565&quot; title=&quot;Bullet; White&quot;/&gt;&lt;br /&gt;&lt;br /&gt;&lt;/span&gt;&lt;span&gt;&lt;u&gt;Usage:&lt;/u&gt;&lt;br /&gt;&lt;br /&gt;&lt;/span&gt;&lt;span&gt;&lt;i&gt;not ready&lt;/i&gt; - &lt;img src=&quot;https://e.deviantart.net/emoticons/b/bulletred.gif&quot; width=&quot;10&quot; height=&quot;10&quot; alt=&quot;:bulletred:&quot; data-embed-type=&quot;emoticon&quot; data-embed-id=&quot;210&quot; title=&quot;Bullet; Red&quot;/&gt; &lt;i&gt;unused&lt;/i&gt; - &lt;img src=&quot;https://e.deviantart.net/emoticons/b/bulletorange.gif&quot; width=&quot;10&quot; height=&quot;10&quot; alt=&quot;:bulletorange:&quot; data-embed-type=&quot;emoticon&quot; data-embed-id=&quot;567&quot; title=&quot;Bullet; Orange&quot;/&gt; &lt;i&gt;used&lt;/i&gt; - &lt;img src=&quot;https://e.deviantart.net/emoticons/b/bulletgreen.gif&quot; width=&quot;10&quot; height=&quot;10&quot; alt=&quot;:bulletgreen:&quot; data-embed-type=&quot;emoticon&quot; data-embed-id=&quot;209&quot; title=&quot;Bullet; Green&quot;/&gt;&lt;br /&gt;&lt;br /&gt;&lt;/span&gt;&lt;span&gt;&lt;b&gt;Breedings:&lt;/b&gt;&lt;br /&gt;&lt;/span&gt;&lt;span&gt;1. &lt;span class=&quot;username-with-symbol u&quot;&gt;&lt;a class=&quot;u regular username&quot; href=&quot;https://www.deviantart.com/mini-lucifer&quot;&gt;Mini-Lucifer&lt;/a&gt;&lt;span class=&quot;user-symbol regular&quot; data-quicktip-text=&quot;&quot; data-show-tooltip=&quot;&quot; data-gruser-type=&quot;regular&quot;&gt;&lt;/span&gt;&lt;/span&gt; | &lt;a href=&quot;https://www.deviantart.com/theliondemon-kaimra/art/4028-Leryn-677858445&quot;&gt; 4028 - Leryn &lt;/a&gt; | FTC Slot | &lt;img src=&quot;https://e.deviantart.net/emoticons/b/bulletwhite.gif&quot; width=&quot;10&quot; height=&quot;10&quot; alt=&quot;:bulletwhite:&quot; data-embed-type=&quot;emoticon&quot; data-embed-id=&quot;565&quot; title=&quot;Bullet; White&quot;/&gt; | &lt;img src=&quot;https://e.deviantart.net/emoticons/b/bulletgreen.gif&quot; width=&quot;10&quot; height=&quot;10&quot; alt=&quot;:bulletgreen:&quot; data-embed-type=&quot;emoticon&quot; data-embed-id=&quot;209&quot; title=&quot;Bullet; Green&quot;/&gt;&lt;br /&gt;&lt;br /&gt;&lt;/span&gt;&lt;span&gt;2. &lt;span class=&quot;username-with-symbol u&quot;&gt;&lt;a class=&quot;u regular username&quot; href=&quot;https://www.deviantart.com/darkestnation&quot;&gt;DarkestNation&lt;/a&gt;&lt;span class=&quot;user-symbol regular&quot; data-quicktip-text=&quot;&quot; data-show-tooltip=&quot;&quot; data-gruser-type=&quot;regular&quot;&gt;&lt;/span&gt;&lt;/span&gt; | &lt;a href=&quot;https://www.deviantart.com/kandy918/art/N2400-Orchid-River-680104305&quot;&gt; N2400 - Orchid River &lt;/a&gt; | FTC Slot | &lt;img src=&quot;https://e.deviantart.net/emoticons/b/bulletwhite.gif&quot; width=&quot;10&quot; height=&quot;10&quot; alt=&quot;:bulletwhite:&quot; data-embed-type=&quot;emoticon&quot; data-embed-id=&quot;565&quot; title=&quot;Bullet; White&quot;/&gt; | &lt;img src=&quot;https://e.deviantart.net/emoticons/b/bulletgreen.gif&quot; width=&quot;10&quot; height=&quot;10&quot; alt=&quot;:bulletgreen:&quot; data-embed-type=&quot;emoticon&quot; data-embed-id=&quot;209&quot; title=&quot;Bullet; Green&quot;/&gt;&lt;br /&gt;&lt;br /&gt;&lt;/span&gt;&lt;span&gt;3.&lt;br /&gt;&lt;br /&gt;&lt;/span&gt;&lt;span&gt;4.&lt;br /&gt;&lt;br /&gt;&lt;/span&gt;&lt;span&gt;5.&lt;br /&gt;&lt;br /&gt;&lt;/span&gt;&lt;span&gt;6.&lt;br /&gt;&lt;br /&gt;&lt;/span&gt;&lt;span&gt;7.&lt;br /&gt;&lt;br /&gt;&lt;/span&gt;&lt;span&gt;8.&lt;br /&gt;&lt;br /&gt;&lt;/span&gt;&lt;span&gt;9.&amp;nbsp;&lt;/span&gt;&lt;span class=&quot;username-with-symbol u&quot;&gt;&lt;a class=&quot;u premium username&quot; href=&quot;https://www.deviantart.com/kimbokah&quot;&gt;KimboKah&lt;/a&gt;&lt;span class=&quot;user-symbol premium&quot; data-quicktip-text=&quot;Core Member&quot; data-show-tooltip=&quot;1&quot; data-gruser-type=&quot;premium&quot;&gt;&lt;/span&gt;&lt;/span&gt; | &lt;a href=&quot;https://www.deviantart.com/slayingallhumans/art/N1048-HSS-Orlaith-748623471&quot;&gt; N1048 - HSS Orlaith &lt;/a&gt; | Former Owner Slot | &lt;img src=&quot;https://e.deviantart.net/emoticons/b/bulletwhite.gif&quot; width=&quot;10&quot; height=&quot;10&quot; alt=&quot;:bulletwhite:&quot; data-embed-type=&quot;emoticon&quot; data-embed-id=&quot;565&quot; title=&quot;Bullet; White&quot;/&gt; | &lt;img src=&quot;https://e.deviantart.net/emoticons/b/bulletorange.gif&quot; width=&quot;10&quot; height=&quot;10&quot; alt=&quot;:bulletorange:&quot; data-embed-type=&quot;emoticon&quot; data-embed-id=&quot;567&quot; title=&quot;Bullet; Orange&quot;/&gt;&lt;span&gt;&lt;br /&gt;&lt;br /&gt;&lt;/span&gt;&lt;span&gt;10.&amp;nbsp;&lt;/span&gt;&lt;span class=&quot;username-with-symbol u&quot;&gt;&lt;a class=&quot;u premium username&quot; href=&quot;https://www.deviantart.com/kimbokah&quot;&gt;KimboKah&lt;/a&gt;&lt;span class=&quot;user-symbol premium&quot; data-quicktip-text=&quot;Core Member&quot; data-show-tooltip=&quot;1&quot; data-gruser-type=&quot;premium&quot;&gt;&lt;/span&gt;&lt;/span&gt; | &lt;a href=&quot;https://www.deviantart.com/mimi-mcg/art/9886-AVE-Crystal-Ball-739894001&quot;&gt; 9886 - AVE Crystal Ball &lt;/a&gt;  | Former Owner Slot | &lt;img src=&quot;https://e.deviantart.net/emoticons/b/bulletwhite.gif&quot; width=&quot;10&quot; height=&quot;10&quot; alt=&quot;:bulletwhite:&quot; data-embed-type=&quot;emoticon&quot; data-embed-id=&quot;565&quot; title=&quot;Bullet; White&quot;/&gt; | &lt;img src=&quot;https://e.deviantart.net/emoticons/b/bulletorange.gif&quot; width=&quot;10&quot; height=&quot;10&quot; alt=&quot;:bulletorange:&quot; data-embed-type=&quot;emoticon&quot; data-embed-id=&quot;567&quot; title=&quot;Bullet; Orange&quot;/&gt;&lt;span&gt;&lt;br /&gt;&lt;br /&gt;&lt;/span&gt;&lt;span&gt;11.&amp;nbsp;&lt;/span&gt;&lt;span class=&quot;username-with-symbol u&quot;&gt;&lt;a class=&quot;u premium username&quot; href=&quot;https://www.deviantart.com/kimbokah&quot;&gt;KimboKah&lt;/a&gt;&lt;span class=&quot;user-symbol premium&quot; data-quicktip-text=&quot;Core Member&quot; data-show-tooltip=&quot;1&quot; data-gruser-type=&quot;premium&quot;&gt;&lt;/span&gt;&lt;/span&gt; | &lt;a href=&quot;https://www.deviantart.com/kimbokah/art/722-NGS-Kait-414624180&quot;&gt; 722 - NGS Kait &lt;/a&gt; | Former Owner Slot | &lt;img src=&quot;https://e.deviantart.net/emoticons/b/bulletwhite.gif&quot; width=&quot;10&quot; height=&quot;10&quot; alt=&quot;:bulletwhite:&quot; data-embed-type=&quot;emoticon&quot; data-embed-id=&quot;565&quot; title=&quot;Bullet; White&quot;/&gt; | &lt;img src=&quot;https://e.deviantart.net/emoticons/b/bulletorange.gif&quot; width=&quot;10&quot; height=&quot;10&quot; alt=&quot;:bulletorange:&quot; data-embed-type=&quot;emoticon&quot; data-embed-id=&quot;567&quot; title=&quot;Bullet; Orange&quot;/&gt;&lt;span&gt;&lt;br /&gt;&lt;br /&gt;12.&amp;nbsp;&lt;/span&gt;&lt;span class=&quot;username-with-symbol u&quot;&gt;&lt;a class=&quot;u premium username&quot; href=&quot;https://www.deviantart.com/kimbokah&quot;&gt;KimboKah&lt;/a&gt;&lt;span class=&quot;user-symbol premium&quot; data-quicktip-text=&quot;Core Member&quot; data-show-tooltip=&quot;1&quot; data-gruser-type=&quot;premium&quot;&gt;&lt;/span&gt;&lt;/span&gt; | &lt;a href=&quot;https://www.deviantart.com/kaitlynicole/art/5053-Asabi-741137631&quot;&gt; 5053 - Asabi &lt;/a&gt; | Former Owner Slot | &lt;img src=&quot;https://e.deviantart.net/emoticons/b/bulletwhite.gif&quot; width=&quot;10&quot; height=&quot;10&quot; alt=&quot;:bulletwhite:&quot; data-embed-type=&quot;emoticon&quot; data-embed-id=&quot;565&quot; title=&quot;Bullet; White&quot;/&gt; | &lt;img src=&quot;https://e.deviantart.net/emoticons/b/bulletorange.gif&quot; width=&quot;10&quot; height=&quot;10&quot; alt=&quot;:bulletorange:&quot; data-embed-type=&quot;emoticon&quot; data-embed-id=&quot;567&quot; title=&quot;Bullet; Orange&quot;/&gt;&lt;span&gt;&lt;br /&gt;&lt;br /&gt;13.&amp;nbsp;&lt;/span&gt;&lt;span class=&quot;username-with-symbol u&quot;&gt;&lt;a class=&quot;u premium username&quot; href=&quot;https://www.deviantart.com/kimbokah&quot;&gt;KimboKah&lt;/a&gt;&lt;span class=&quot;user-symbol premium&quot; data-quicktip-text=&quot;Core Member&quot; data-show-tooltip=&quot;1&quot; data-gruser-type=&quot;premium&quot;&gt;&lt;/span&gt;&lt;/span&gt; | &lt;a href=&quot;https://www.deviantart.com/kaitlynicole/art/K2232-Belph-731878434&quot;&gt; K2232 - Belph &lt;/a&gt; | Former Owner Slot | &lt;img src=&quot;https://e.deviantart.net/emoticons/b/bulletwhite.gif&quot; width=&quot;10&quot; height=&quot;10&quot; alt=&quot;:bulletwhite:&quot; data-embed-type=&quot;emoticon&quot; data-embed-id=&quot;565&quot; title=&quot;Bullet; White&quot;/&gt; | &lt;img src=&quot;https://e.deviantart.net/emoticons/b/bulletorange.gif&quot; width=&quot;10&quot; height=&quot;10&quot; alt=&quot;:bulletorange:&quot; data-embed-type=&quot;emoticon&quot; data-embed-id=&quot;567&quot; title=&quot;Bullet; Orange&quot;/&gt;&lt;span&gt;&lt;br /&gt;&lt;br /&gt;14. &lt;span class=&quot;username-with-symbol u&quot;&gt;&lt;a class=&quot;u premium username&quot; href=&quot;https://www.deviantart.com/kimbokah&quot;&gt;KimboKah&lt;/a&gt;&lt;span class=&quot;user-symbol premium&quot; data-quicktip-text=&quot;Core Member&quot; data-show-tooltip=&quot;1&quot; data-gruser-type=&quot;premium&quot;&gt;&lt;/span&gt;&lt;/span&gt; | &lt;a href=&quot;https://www.deviantart.com/lilydale-stables/art/N2254-Bahiti-678144184&quot;&gt; N2254 - Bahiti &lt;/a&gt; | Former Owner Slot | &lt;img src=&quot;https://e.deviantart.net/emoticons/b/bulletwhite.gif&quot; width=&quot;10&quot; height=&quot;10&quot; alt=&quot;:bulletwhite:&quot; data-embed-type=&quot;emoticon&quot; data-embed-id=&quot;565&quot; title=&quot;Bullet; White&quot;/&gt; | &lt;img src=&quot;https://e.deviantart.net/emoticons/b/bulletorange.gif&quot; width=&quot;10&quot; height=&quot;10&quot; alt=&quot;:bulletorange:&quot; data-embed-type=&quot;emoticon&quot; data-embed-id=&quot;567&quot; title=&quot;Bullet; Orange&quot;/&gt;&lt;br /&gt;&lt;br /&gt;&lt;/span&gt;&lt;span&gt;&lt;b&gt;Foals:&lt;/b&gt;&lt;br /&gt;&lt;/span&gt;&lt;span&gt;Foal Owner | Foal ID | Foal Name| Foal Design | Foal Ref&lt;br /&gt;&lt;/span&gt;&lt;span&gt;&lt;br /&gt;1: &lt;span class=&quot;username-with-symbol u&quot;&gt;&lt;a class=&quot;u regular username&quot; href=&quot;https://www.deviantart.com/mini-lucifer&quot;&gt;Mini-Lucifer&lt;/a&gt;&lt;span class=&quot;user-symbol regular&quot; data-quicktip-text=&quot;&quot; data-show-tooltip=&quot;&quot; data-gruser-type=&quot;regular&quot;&gt;&lt;/span&gt;&lt;/span&gt; | N2410 | Criminal Pride | &lt;a href=&quot;https://www.deviantart.com/mini-luicifer/art/N2410-Padro-Foal-Design-678609981&quot;&gt; Foal Design &lt;/a&gt; | &lt;a href=&quot;https://www.deviantart.com/lunarrocketstables/art/Criminal-Pride-ID-N2410-700995993&quot;&gt; Foal Ref &lt;/a&gt;&lt;br /&gt;&lt;br /&gt;&lt;/span&gt;&lt;span&gt;2: &lt;span class=&quot;username-with-symbol u&quot;&gt;&lt;a class=&quot;u regular username&quot; href=&quot;https://www.deviantart.com/darkestnation&quot;&gt;DarkestNation&lt;/a&gt;&lt;span class=&quot;user-symbol regular&quot; data-quicktip-text=&quot;&quot; data-show-tooltip=&quot;&quot; data-gruser-type=&quot;regular&quot;&gt;&lt;/span&gt;&lt;/span&gt; | N2983 | Meant To Be&lt;/span&gt;&lt;span&gt;&amp;nbsp;| &lt;a href=&quot;https://www.deviantart.com/casinuba/art/N2983-Padro-Foal-Design-for-DarkestNation-711090906&quot;&gt; Foal Design &lt;/a&gt; | &lt;a href=&quot;https://www.deviantart.com/darkestnation/art/N2983-Beauty-711095241&quot;&gt; Foal Ref &lt;/a&gt;&lt;br /&gt;&lt;br /&gt;&lt;/span&gt;&lt;span&gt;3:&lt;br /&gt;&lt;br /&gt;&lt;/span&gt;&lt;span&gt;4:&lt;br /&gt;&lt;br /&gt;&lt;/span&gt;&lt;span&gt;5:&lt;br /&gt;&lt;br /&gt;&lt;/span&gt;&lt;span&gt;6:&lt;br /&gt;&lt;br /&gt;&lt;/span&gt;&lt;span&gt;7:&lt;br /&gt;&lt;br /&gt;&lt;/span&gt;&lt;span&gt;8:&lt;br /&gt;&lt;br /&gt;&lt;/span&gt;&lt;span&gt;9:&amp;nbsp;&lt;/span&gt;&lt;span class=&quot;username-with-symbol u&quot;&gt;&lt;a class=&quot;u premium username&quot; href=&quot;https://www.deviantart.com/kimbokah&quot;&gt;KimboKah&lt;/a&gt;&lt;span class=&quot;user-symbol premium&quot; data-quicktip-text=&quot;Core Member&quot; data-show-tooltip=&quot;1&quot; data-gruser-type=&quot;premium&quot;&gt;&lt;/span&gt;&lt;/span&gt; | - | - | - | -&lt;br /&gt;&lt;span&gt;&lt;br /&gt;&lt;/span&gt;&lt;span&gt;10:&amp;nbsp;&lt;/span&gt;&lt;span class=&quot;username-with-symbol u&quot;&gt;&lt;a class=&quot;u premium username&quot; href=&quot;https://www.deviantart.com/kimbokah&quot;&gt;KimboKah&lt;/a&gt;&lt;span class=&quot;user-symbol premium&quot; data-quicktip-text=&quot;Core Member&quot; data-show-tooltip=&quot;1&quot; data-gruser-type=&quot;premium&quot;&gt;&lt;/span&gt;&lt;/span&gt; | - | - | - | -&lt;br /&gt;&lt;span&gt;&lt;br /&gt;&lt;/span&gt;&lt;span&gt;11:&amp;nbsp;&lt;/span&gt;&lt;span class=&quot;username-with-symbol u&quot;&gt;&lt;a class=&quot;u premium username&quot; href=&quot;https://www.deviantart.com/kimbokah&quot;&gt;KimboKah&lt;/a&gt;&lt;span class=&quot;user-symbol premium&quot; data-quicktip-text=&quot;Core Member&quot; data-show-tooltip=&quot;1&quot; data-gruser-type=&quot;premium&quot;&gt;&lt;/span&gt;&lt;/span&gt; | - | - | - | -&lt;br /&gt;&lt;span&gt;&lt;br /&gt;&lt;/span&gt;&lt;span&gt;12:&amp;nbsp;&lt;/span&gt;&lt;span class=&quot;username-with-symbol u&quot;&gt;&lt;a class=&quot;u premium username&quot; href=&quot;https://www.deviantart.com/kimbokah&quot;&gt;KimboKah&lt;/a&gt;&lt;span class=&quot;user-symbol premium&quot; data-quicktip-text=&quot;Core Member&quot; data-show-tooltip=&quot;1&quot; data-gruser-type=&quot;premium&quot;&gt;&lt;/span&gt;&lt;/span&gt; | - | - | - | -&lt;br /&gt;&lt;span&gt;&lt;br /&gt;13:&amp;nbsp;&lt;/span&gt;&lt;span class=&quot;username-with-symbol u&quot;&gt;&lt;a class=&quot;u premium username&quot; href=&quot;https://www.deviantart.com/kimbokah&quot;&gt;KimboKah&lt;/a&gt;&lt;span class=&quot;user-symbol premium&quot; data-quicktip-text=&quot;Core Member&quot; data-show-tooltip=&quot;1&quot; data-gruser-type=&quot;premium&quot;&gt;&lt;/span&gt;&lt;/span&gt; | - | - | - | -&lt;br /&gt;&lt;span&gt;&lt;br /&gt;14: &lt;span class=&quot;username-with-symbol u&quot;&gt;&lt;a class=&quot;u premium username&quot; href=&quot;https://www.deviantart.com/kimbokah&quot;&gt;KimboKah&lt;/a&gt;&lt;span class=&quot;user-symbol premium&quot; data-quicktip-text=&quot;Core Member&quot; data-show-tooltip=&quot;1&quot; data-gruser-type=&quot;premium&quot;&gt;&lt;/span&gt;&lt;/span&gt; | - | - | - | -&lt;br /&gt;&lt;br /&gt;&lt;/span&gt;&lt;span&gt;&lt;div align=&quot;center&quot;&gt;&lt;b&gt;&lt;h1&gt;&lt;a class=&quot;external&quot; href=&quot;https://www.deviantart.com/users/outgoing?link&quot;&gt; Diel&#039;s Padro Point Tracker &lt;/a&gt;&lt;/h1&gt;&lt;/b&gt;&lt;/div&gt;&lt;br /&gt;&lt;br /&gt;&lt;/span&gt;&lt;span&gt;&lt;h3&gt;Ranking Tracker&lt;/h3&gt;&lt;br /&gt;&lt;br /&gt;&lt;/span&gt;&lt;span&gt;&lt;blockquote&gt;&lt;img src=&quot;https://e.deviantart.net/emoticons/s/star_full.gif&quot; width=&quot;17&quot; height=&quot;16&quot; alt=&quot;:star:&quot; data-embed-type=&quot;emoticon&quot; data-embed-id=&quot;450&quot; title=&quot;Star!&quot;/&gt; 0/20&lt;br /&gt;&lt;img src=&quot;https://e.deviantart.net/emoticons/s/star_full.gif&quot; width=&quot;17&quot; height=&quot;16&quot; alt=&quot;:star:&quot; data-embed-type=&quot;emoticon&quot; data-embed-id=&quot;450&quot; title=&quot;Star!&quot;/&gt; &lt;img src=&quot;https://e.deviantart.net/emoticons/s/star_full.gif&quot; width=&quot;17&quot; height=&quot;16&quot; alt=&quot;:star:&quot; data-embed-type=&quot;emoticon&quot; data-embed-id=&quot;450&quot; title=&quot;Star!&quot;/&gt; 0/30&lt;br /&gt;&lt;img src=&quot;https://e.deviantart.net/emoticons/s/star_full.gif&quot; width=&quot;17&quot; height=&quot;16&quot; alt=&quot;:star:&quot; data-embed-type=&quot;emoticon&quot; data-embed-id=&quot;450&quot; title=&quot;Star!&quot;/&gt; &lt;img src=&quot;https://e.deviantart.net/emoticons/s/star_full.gif&quot; width=&quot;17&quot; height=&quot;16&quot; alt=&quot;:star:&quot; data-embed-type=&quot;emoticon&quot; data-embed-id=&quot;450&quot; title=&quot;Star!&quot;/&gt; &lt;img src=&quot;https://e.deviantart.net/emoticons/s/star_full.gif&quot; width=&quot;17&quot; height=&quot;16&quot; alt=&quot;:star:&quot; data-embed-type=&quot;emoticon&quot; data-embed-id=&quot;450&quot; title=&quot;Star!&quot;/&gt; 0/40&lt;br /&gt;&lt;img src=&quot;https://e.deviantart.net/emoticons/s/star_full.gif&quot; width=&quot;17&quot; height=&quot;16&quot; alt=&quot;:star:&quot; data-embed-type=&quot;emoticon&quot; data-embed-id=&quot;450&quot; title=&quot;Star!&quot;/&gt; &lt;img src=&quot;https://e.deviantart.net/emoticons/s/star_full.gif&quot; width=&quot;17&quot; height=&quot;16&quot; alt=&quot;:star:&quot; data-embed-type=&quot;emoticon&quot; data-embed-id=&quot;450&quot; title=&quot;Star!&quot;/&gt; &lt;img src=&quot;https://e.deviantart.net/emoticons/s/star_full.gif&quot; width=&quot;17&quot; height=&quot;16&quot; alt=&quot;:star:&quot; data-embed-type=&quot;emoticon&quot; data-embed-id=&quot;450&quot; title=&quot;Star!&quot;/&gt; &lt;img src=&quot;https://e.deviantart.net/emoticons/s/star_full.gif&quot; width=&quot;17&quot; height=&quot;16&quot; alt=&quot;:star:&quot; data-embed-type=&quot;emoticon&quot; data-embed-id=&quot;450&quot; title=&quot;Star!&quot;/&gt; 0/50&lt;br /&gt;&lt;img src=&quot;https://e.deviantart.net/emoticons/s/star_full.gif&quot; width=&quot;17&quot; height=&quot;16&quot; alt=&quot;:star:&quot; data-embed-type=&quot;emoticon&quot; data-embed-id=&quot;450&quot; title=&quot;Star!&quot;/&gt; &lt;img src=&quot;https://e.deviantart.net/emoticons/s/star_full.gif&quot; width=&quot;17&quot; height=&quot;16&quot; alt=&quot;:star:&quot; data-embed-type=&quot;emoticon&quot; data-embed-id=&quot;450&quot; title=&quot;Star!&quot;/&gt; &lt;img src=&quot;https://e.deviantart.net/emoticons/s/star_full.gif&quot; width=&quot;17&quot; height=&quot;16&quot; alt=&quot;:star:&quot; data-embed-type=&quot;emoticon&quot; data-embed-id=&quot;450&quot; title=&quot;Star!&quot;/&gt; &lt;img src=&quot;https://e.deviantart.net/emoticons/s/star_full.gif&quot; width=&quot;17&quot; height=&quot;16&quot; alt=&quot;:star:&quot; data-embed-type=&quot;emoticon&quot; data-embed-id=&quot;450&quot; title=&quot;Star!&quot;/&gt; &lt;img src=&quot;https://e.deviantart.net/emoticons/s/star_full.gif&quot; width=&quot;17&quot; height=&quot;16&quot; alt=&quot;:star:&quot; data-embed-type=&quot;emoticon&quot; data-embed-id=&quot;450&quot; title=&quot;Star!&quot;/&gt; 0/60&lt;br /&gt;&lt;/blockquote&gt;&lt;br /&gt;&lt;br /&gt;&lt;/span&gt;&lt;span&gt;&lt;h3&gt;Ranking Rewards&lt;/h3&gt;&lt;br /&gt;&lt;br /&gt;&lt;/span&gt;&lt;span&gt;&lt;blockquote&gt;&lt;img src=&quot;https://e.deviantart.net/emoticons/s/star_full.gif&quot; width=&quot;17&quot; height=&quot;16&quot; alt=&quot;:star:&quot; data-embed-type=&quot;emoticon&quot; data-embed-id=&quot;450&quot; title=&quot;Star!&quot;/&gt; Reward:&lt;br /&gt;&lt;img src=&quot;https://e.deviantart.net/emoticons/s/star_full.gif&quot; width=&quot;17&quot; height=&quot;16&quot; alt=&quot;:star:&quot; data-embed-type=&quot;emoticon&quot; data-embed-id=&quot;450&quot; title=&quot;Star!&quot;/&gt; &lt;img src=&quot;https://e.deviantart.net/emoticons/s/star_full.gif&quot; width=&quot;17&quot; height=&quot;16&quot; alt=&quot;:star:&quot; data-embed-type=&quot;emoticon&quot; data-embed-id=&quot;450&quot; title=&quot;Star!&quot;/&gt; Reward:&lt;br /&gt;&lt;img src=&quot;https://e.deviantart.net/emoticons/s/star_full.gif&quot; width=&quot;17&quot; height=&quot;16&quot; alt=&quot;:star:&quot; data-embed-type=&quot;emoticon&quot; data-embed-id=&quot;450&quot; title=&quot;Star!&quot;/&gt; &lt;img src=&quot;https://e.deviantart.net/emoticons/s/star_full.gif&quot; width=&quot;17&quot; height=&quot;16&quot; alt=&quot;:star:&quot; data-embed-type=&quot;emoticon&quot; data-embed-id=&quot;450&quot; title=&quot;Star!&quot;/&gt; &lt;img src=&quot;https://e.deviantart.net/emoticons/s/star_full.gif&quot; width=&quot;17&quot; height=&quot;16&quot; alt=&quot;:star:&quot; data-embed-type=&quot;emoticon&quot; data-embed-id=&quot;450&quot; title=&quot;Star!&quot;/&gt; Reward:&lt;br /&gt;&lt;img src=&quot;https://e.deviantart.net/emoticons/s/star_full.gif&quot; width=&quot;17&quot; height=&quot;16&quot; alt=&quot;:star:&quot; data-embed-type=&quot;emoticon&quot; data-embed-id=&quot;450&quot; title=&quot;Star!&quot;/&gt; &lt;img src=&quot;https://e.deviantart.net/emoticons/s/star_full.gif&quot; width=&quot;17&quot; height=&quot;16&quot; alt=&quot;:star:&quot; data-embed-type=&quot;emoticon&quot; data-embed-id=&quot;450&quot; title=&quot;Star!&quot;/&gt; &lt;img src=&quot;https://e.deviantart.net/emoticons/s/star_full.gif&quot; width=&quot;17&quot; height=&quot;16&quot; alt=&quot;:star:&quot; data-embed-type=&quot;emoticon&quot; data-embed-id=&quot;450&quot; title=&quot;Star!&quot;/&gt; &lt;img src=&quot;https://e.deviantart.net/emoticons/s/star_full.gif&quot; width=&quot;17&quot; height=&quot;16&quot; alt=&quot;:star:&quot; data-embed-type=&quot;emoticon&quot; data-embed-id=&quot;450&quot; title=&quot;Star!&quot;/&gt; Reward:&lt;br /&gt;&lt;img src=&quot;https://e.deviantart.net/emoticons/s/star_full.gif&quot; width=&quot;17&quot; height=&quot;16&quot; alt=&quot;:star:&quot; data-embed-type=&quot;emoticon&quot; data-embed-id=&quot;450&quot; title=&quot;Star!&quot;/&gt; &lt;img src=&quot;https://e.deviantart.net/emoticons/s/star_full.gif&quot; width=&quot;17&quot; height=&quot;16&quot; alt=&quot;:star:&quot; data-embed-type=&quot;emoticon&quot; data-embed-id=&quot;450&quot; title=&quot;Star!&quot;/&gt; &lt;img src=&quot;https://e.deviantart.net/emoticons/s/star_full.gif&quot; width=&quot;17&quot; height=&quot;16&quot; alt=&quot;:star:&quot; data-embed-type=&quot;emoticon&quot; data-embed-id=&quot;450&quot; title=&quot;Star!&quot;/&gt; &lt;img src=&quot;https://e.deviantart.net/emoticons/s/star_full.gif&quot; width=&quot;17&quot; height=&quot;16&quot; alt=&quot;:star:&quot; data-embed-type=&quot;emoticon&quot; data-embed-id=&quot;450&quot; title=&quot;Star!&quot;/&gt; &lt;img src=&quot;https://e.deviantart.net/emoticons/s/star_full.gif&quot; width=&quot;17&quot; height=&quot;16&quot; alt=&quot;:star:&quot; data-embed-type=&quot;emoticon&quot; data-embed-id=&quot;450&quot; title=&quot;Star!&quot;/&gt; Reward:&lt;br /&gt;&lt;/blockquote&gt;&lt;br /&gt;&lt;br /&gt;&lt;/span&gt;&lt;span&gt;&lt;h2&gt;&lt;img src=&quot;https://e.deviantart.net/emoticons/b/bulletorange.gif&quot; width=&quot;10&quot; height=&quot;10&quot; alt=&quot;:bulletorange:&quot; data-embed-type=&quot;emoticon&quot; data-embed-id=&quot;567&quot; title=&quot;Bullet; Orange&quot;/&gt; Diel gives 0 points to all direct offspring &lt;img src=&quot;https://e.deviantart.net/emoticons/b/bulletorange.gif&quot; width=&quot;10&quot; height=&quot;10&quot; alt=&quot;:bulletorange:&quot; data-embed-type=&quot;emoticon&quot; data-embed-id=&quot;567&quot; title=&quot;Bullet; Orange&quot;/&gt;&lt;/h2&gt;&lt;br /&gt;&lt;br /&gt;&lt;/span&gt;&lt;span&gt;&lt;div align=&quot;center&quot;&gt;&lt;h1&gt;Extras:&lt;/h1&gt;&lt;/div&gt;&lt;br /&gt;&lt;/span&gt;&lt;br /&gt;&lt;div&gt;&lt;img src=&quot;https://t00.deviantart.net/Cdepv5JL4LFraxwvofBqd6n4cCc=/300x200/filters:fixed_height(100,100):origin()/pre00/c39d/th/pre/f/2019/026/6/1/9610___soa_lights_down_low_aka_diel_by_makkyfokinmckay-dcy3ye7.png&quot; alt=&quot;thumbnail&quot; /&gt;&lt;/div&gt;</description>            </item>
                    <item>
                <title>Toon WWE Monday Night Raw 1-21-19</title>
                <link>https://nikosatoshiketchum.deviantart.com/art/Toon-WWE-Monday-Night-Raw-1-21-19-782918056</link>
                <guid isPermaLink="true">https://nikosatoshiketchum.deviantart.com/art/Toon-WWE-Monday-Night-Raw-1-21-19-782918056</guid>
                <pubDate>Sat, 26 Jan 2019 19:34:08 PST</pubDate>
                        <media:title type="plain">Toon WWE Monday Night Raw 1-21-19</media:title>
        <media:keywords></media:keywords>
                        <media:rating>nonadult</media:rating>
                <media:category label="Introductions &amp; Chapters">literature/prose/fiction/general/intros</media:category>
        <media:credit role="author" scheme="urn:ebu">NikoSatoshiketchum</media:credit>
        <media:credit role="author" scheme="urn:ebu">https://a.deviantart.net/avatars/n/i/nikosatoshiketchum.png?11</media:credit>
        <media:copyright url="https://nikosatoshiketchum.deviantart.com">Copyright 2019 NikoSatoshiketchum</media:copyright>            <media:description type="html">Just six days away for the first step to Wrestlemania, for the Royal Rumble! Here is your card for this go home week!</media:description>        

        <media:content url="https://nikosatoshiketchum.deviantart.com/art/Toon-WWE-Monday-Night-Raw-1-21-19-782918056" medium="document" />
        <media:text type="html">1-21-19&lt;br /&gt;Supergirl vs Sakura Hagiwara&lt;br /&gt;&lt;br /&gt;Women&#039;s US Championship &lt;br /&gt;May vs Yang(c)&lt;br /&gt;&lt;br /&gt;Nami vs Ruby Rose&lt;br /&gt;&lt;br /&gt;Hardcore Championship &lt;br /&gt;Red Hood vs Dark Ash(c)&lt;br /&gt;&lt;br /&gt;Captain America vs Riku&lt;br /&gt;&lt;br /&gt;Tiger Mask vs Broly&lt;br /&gt;&lt;br /&gt;Jaune Arc vs Ben 10</media:text>            
            <description>Just six days away for the first step to Wrestlemania, for the Royal Rumble! Here is your card for this go home week!</description>            </item>
                    <item>
                <title>Smile</title>
                <link>https://purespiritflower.deviantart.com/art/Smile-782917841</link>
                <guid isPermaLink="true">https://purespiritflower.deviantart.com/art/Smile-782917841</guid>
                <pubDate>Sat, 26 Jan 2019 19:34:08 PST</pubDate>
                        <media:title type="plain">Smile</media:title>
        <media:keywords></media:keywords>
                        <media:rating>nonadult</media:rating>
                <media:category label="Animals">digitalart/paintings/animals</media:category>
        <media:credit role="author" scheme="urn:ebu">PureSpiritFlower</media:credit>
        <media:credit role="author" scheme="urn:ebu">https://a.deviantart.net/avatars/p/u/purespiritflower.png?3</media:credit>
        <media:copyright url="https://purespiritflower.deviantart.com">Copyright 2019 PureSpiritFlower</media:copyright>            <media:description type="html">Shaded headshot commission for &lt;a target=&quot;_self&quot; href=&quot;https://www.deviantart.com/stelladarkside&quot; &gt;&lt;img class=&quot;avatar&quot; width=&quot;50&quot; height=&quot;50&quot; src=&quot;https://a.deviantart.net/avatars/s/t/stelladarkside.png?3&quot; alt=&quot;:iconstelladarkside:&quot; title=&quot;StellaDarkside&quot; /&gt;&lt;/a&gt;&lt;br /&gt;&lt;br /&gt;Interested in a commission? Order one here!&lt;br /&gt;&lt;span class=&quot;shadow-holder&quot; data-embed-type=&quot;deviation&quot; data-embed-id=&quot;607070026&quot; data-embed-format=&quot;thumb&quot;&gt;&lt;span class=&quot;shadow mild&quot; &gt;&lt;a href=&quot;https://www.deviantart.com/purespiritflower/journal/Commissions-Open-607070026&quot; data-sigil=&quot;thumb&quot; class=&quot;thumb lit&quot; onmouseover=&quot;if (window.LitBox) LitBox.hover(this, true)&quot; onmouseout=&quot;if (window.LitBox) LitBox.out(this)&quot;&gt;&lt;i&gt;&lt;/i&gt;&lt;img class=&quot;lit journal&quot; src=&quot;https://st.deviantart.net/minish/gruzecontrol/icons/journal.gif?2&quot;&gt;&lt;span class=&quot;wrap&quot; style=&quot;width: 150px&quot;&gt;&lt;q&gt;
        &lt;strong&gt;Commissions!(Open)&lt;/strong&gt;&lt;b&gt;NOW ACCEPTING POINTS&lt;br /&gt;PRICE UPDATE&lt;br /&gt;&lt;/b&gt;&lt;br /&gt;Hello guys! I want to open Paypal commissions! I am in desperate need of money and I am willing to take on a lot of commissions if I do not get too overwhelmed.&lt;br /&gt;&lt;b&gt;Speedpaints&lt;br /&gt;&lt;/b&gt;+$20 or 2000&lt;img src=&quot;https://e.deviantart.net/emoticons/p/points.gif&quot; alt=&quot;Points&quot; style=&quot;width: 20px; height: 14px;&quot; data-embed-type=&quot;emoticon&quot; data-embed-id=&quot;589&quot;&gt;&amp;nbsp;to total&amp;nbsp;&lt;br /&gt;&lt;b&gt;Flat Headshot&lt;/b&gt;- $16 or 1600&lt;img src=&quot;https://e.deviantart.net/emoticons/p/points.gif&quot; alt=&quot;Points&quot; style=&quot;width: 20px; height: 14px;&quot; data-embed-type=&quot;emoticon&quot; data-embed-id=&quot;589&quot;&gt;&amp;nbsp;&lt;br /&gt;&lt;img src=&quot;https://images-wixmp-ed30a86b8c4ca887773594c2.wixmp.com/intermediary/f/dca92cd6-47e9-444b-b4b4-7d3c2359a5ad/daxoc25-3685169d-c34a-4a76-b051-120fe83d5e1e.png/v1/fit/w_300,h_900,strp/kazehaya_by_purespiritflower_daxoc25-300w.png&quot;class=&quot;gr-shrink thumb-in-thumb &quot;&gt;&lt;img src=&quot;https://images-wixmp-ed30a86b8c4ca887773594c2.wixmp.com/intermediary/f/dca92cd6-47e9-444b-b4b4-7d3c2359a5ad/dbxjjx2-80e69c47-32ce-4362-813f-e16e1d65c4b8.png/v1/fit/w_300,h_900,strp/winter_by_purespiritflower_dbxjjx2-300w.png&quot;class=&quot;gr-shrink thumb-in-thumb &quot;&gt;&lt;br /&gt;A drawing of your character from the neck up. No shading or background included.&lt;br /&gt;&lt;b&gt;Flat Fullbody&lt;/b&gt;: $20 or 2000&lt;img src=&quot;https://e.deviantart.net/emoticons/p/points.gif&quot; alt=&quot;Points&quot; style=&quot;width: 20px; height: 14px;&quot; data-embed-type=&quot;emoticon&quot; data-embed-id=&quot;589&quot;&gt;&lt;br /&gt;&lt;img src=&quot;https://images-wixmp-ed30a86b8c4ca887773594c2.wixmp.com/intermediary/f/dca92cd6-47e9-444b-b4b4-7d3c2359a5ad/dbaif66-f28ec2c4-43c0-4b3e-8a44-15350e5f914a.png/v1/fit/w_300,h_900,strp/maxwell_by_purespiritflower_dbaif66-300w.png&quot;class=&quot;gr-shrink thumb-in-thumb &quot;&gt;&lt;img src=&quot;https://images-wixmp-ed30a86b8c4ca887773594c2.wixmp.com/intermediary/f/dca92cd6-47e9-444b-b4b4-7d3c2359a5ad/dc1sh8x-3757ae34-a613-49f0-be83-dd43c0fac011.png/v1/fit/w_300,h_900,strp/torch_by_purespiritflower_dc1sh8x-300w.png&quot;class=&quot;gr-shrink thumb-in-thumb &quot;&gt;&lt;br /&gt;A full drawing of your character. No shading or background included.&lt;br /&gt;&lt;b&gt;Shaded Headshot&lt;/b&gt;: $21 or 2100&lt;img src=&quot;https://e.deviantart.net/emoticons/p/points.gif&quot; alt=&quot;Points&quot; style=&quot;width: 20px; height: 14px;&quot; data-embed-type=&quot;emoticon&quot; data-embed-id=&quot;589&quot;&gt;&lt;br /&gt;&lt;img src=&quot;https://images-wixmp-ed30a86b8c4ca887773594c2.wixmp.com/intermediary/f/dca92cd6-47e9-444b-b4b4-7d3c2359a5ad/dbmjft6-fe454ae9-9051-4f39-bded-23b9eebd4cb3.png/v1/fit/w_300,h_900,strp/val_by_purespiritflower_dbmjft6-300w.png&quot;class=&quot;gr-shrink thumb-in-thumb &quot;&gt;&lt;img src=&quot;https://images-wixmp-ed30a86b8c4ca887773594c2.wixmp.com/intermediary/f/dca92cd6-47e9-444b-b4b4-7d3c2359a5ad/dc7et1g-793427f8-de6f-4f1b-8942-7a86614863cf.png/v1/fit/w_300,h_900,strp/rustle_of_ferns_by_purespiritflower_dc7et1g-300w.png&quot;class=&quot;gr-shrink thumb-in-thumb &quot;&gt;&lt;br /&gt;A drawing of your character from the neck up. Shading is included bu&lt;/q&gt;&lt;/span&gt;&lt;/a&gt;&lt;/span&gt;&lt;!-- ^TTT --&gt;&lt;!-- TTT$ --&gt;&lt;/span&gt;&lt;br /&gt;&lt;br /&gt;Character belongs to &lt;span class=&quot;username-with-symbol u&quot;&gt;&lt;a class=&quot;u regular username&quot; href=&quot;https://www.deviantart.com/stelladarkside&quot;&gt;StellaDarkside&lt;/a&gt;&lt;span class=&quot;user-symbol regular&quot; data-quicktip-text=&quot;&quot; data-show-tooltip=&quot;&quot; data-gruser-type=&quot;regular&quot;&gt;&lt;/span&gt;&lt;/span&gt;&lt;br /&gt;Drawing belongs to me. Only &lt;span class=&quot;username-with-symbol u&quot;&gt;&lt;a class=&quot;u regular username&quot; href=&quot;https://www.deviantart.com/stelladarkside&quot;&gt;StellaDarkside&lt;/a&gt;&lt;span class=&quot;user-symbol regular&quot; data-quicktip-text=&quot;&quot; data-show-tooltip=&quot;&quot; data-gruser-type=&quot;regular&quot;&gt;&lt;/span&gt;&lt;/span&gt; has permission to use.&lt;br /&gt;&lt;span class=&quot;shadow-holder&quot; data-embed-type=&quot;deviation&quot; data-embed-id=&quot;437550400&quot; data-embed-format=&quot;thumb&quot;&gt;&lt;span class=&quot;shadow mild&quot; &gt;&lt;a class=&quot;thumb&quot; href=&quot;https://www.deviantart.com/drache-lehre/art/Simple-Copyright-Banner-Plz-Buttons-437550400&quot; title=&quot;Simple Copyright Banner + Plz Buttons by Drache-Lehre, Mar 1, 2014 in Customization &amp;gt; Emoticons &amp;gt; Chat Friendly Emotes &amp;gt; Large - up to 150x150 &amp;gt; Static&quot;data-super-img=&quot;https://images-wixmp-ed30a86b8c4ca887773594c2.wixmp.com/intermediary/f/66a57468-5202-4c8b-987a-733b3eb4a6ca/d78i81s-93e29a5f-287e-4e15-a91b-e9464b16334c.png&quot; data-super-width=&quot;143&quot; data-super-height=&quot;107&quot; data-super-transparent=&quot;true&quot; data-super-alt=&quot;Simple Copyright Banner + Plz Buttons by Drache-Lehre&quot; data-super-full-img=&quot;https://images-wixmp-ed30a86b8c4ca887773594c2.wixmp.com/intermediary/f/66a57468-5202-4c8b-987a-733b3eb4a6ca/d78i81s-93e29a5f-287e-4e15-a91b-e9464b16334c.png&quot; data-super-full-width=&quot;143&quot; data-super-full-height=&quot;107&quot;        data-sigil=&quot;thumb&quot;&gt;
        &lt;i&gt;&lt;/i&gt;&lt;img   width=&quot;143&quot; height=&quot;107&quot; alt=&quot;Simple Copyright Banner + Plz Buttons by Drache-Lehre&quot; src=&quot;https://images-wixmp-ed30a86b8c4ca887773594c2.wixmp.com/intermediary/f/66a57468-5202-4c8b-987a-733b3eb4a6ca/d78i81s-93e29a5f-287e-4e15-a91b-e9464b16334c.png&quot; data-src=&quot;https://images-wixmp-ed30a86b8c4ca887773594c2.wixmp.com/intermediary/f/66a57468-5202-4c8b-987a-733b3eb4a6ca/d78i81s-93e29a5f-287e-4e15-a91b-e9464b16334c.png&quot; srcset=&quot;https://images-wixmp-ed30a86b8c4ca887773594c2.wixmp.com/intermediary/f/66a57468-5202-4c8b-987a-733b3eb4a6ca/d78i81s-93e29a5f-287e-4e15-a91b-e9464b16334c.png 143w&quot; sizes=&quot;143px&quot;&gt;&lt;/a&gt;&lt;/span&gt;&lt;!-- ^TTT --&gt;&lt;!-- TTT$ --&gt;&lt;/span&gt;</media:description>            <media:thumbnail url="https://t00.deviantart.net/BVULSpndELCtIO-N_vShlTfSzBY=/fit-in/150x150/filters:no_upscale():origin()/pre00/6d40/th/pre/i/2019/026/f/d/smile_by_purespiritflower-dcy4n9t.png" height="150" width="150"/>            <media:thumbnail url="https://t00.deviantart.net/zofF8mC34omrwwJxZSuGISS0098=/fit-in/300x900/filters:no_upscale():origin()/pre00/6d40/th/pre/i/2019/026/f/d/smile_by_purespiritflower-dcy4n9t.png" height="300" width="300"/>            <media:thumbnail url="https://t00.deviantart.net/1HH977hV5Ro8dAg9tQZZ-lbNbms=/300x200/filters:fixed_height(100,100):origin()/pre00/6d40/th/pre/i/2019/026/f/d/smile_by_purespiritflower-dcy4n9t.png" height="200" width="200"/>            <media:content url="https://pre00.deviantart.net/6d40/th/pre/i/2019/026/f/d/smile_by_purespiritflower-dcy4n9t.png" height="894" width="894" medium="image"/>            
            <description>Shaded headshot commission for &lt;a target=&quot;_self&quot; href=&quot;https://www.deviantart.com/stelladarkside&quot; &gt;&lt;img class=&quot;avatar&quot; width=&quot;50&quot; height=&quot;50&quot; src=&quot;https://a.deviantart.net/avatars/s/t/stelladarkside.png?3&quot; alt=&quot;:iconstelladarkside:&quot; title=&quot;StellaDarkside&quot; /&gt;&lt;/a&gt;&lt;br /&gt;&lt;br /&gt;Interested in a commission? Order one here!&lt;br /&gt;&lt;span class=&quot;shadow-holder&quot; data-embed-type=&quot;deviation&quot; data-embed-id=&quot;607070026&quot; data-embed-format=&quot;thumb&quot;&gt;&lt;span class=&quot;shadow mild&quot; &gt;&lt;a href=&quot;https://www.deviantart.com/purespiritflower/journal/Commissions-Open-607070026&quot; data-sigil=&quot;thumb&quot; class=&quot;thumb lit&quot; onmouseover=&quot;if (window.LitBox) LitBox.hover(this, true)&quot; onmouseout=&quot;if (window.LitBox) LitBox.out(this)&quot;&gt;&lt;i&gt;&lt;/i&gt;&lt;img class=&quot;lit journal&quot; src=&quot;https://st.deviantart.net/minish/gruzecontrol/icons/journal.gif?2&quot;&gt;&lt;span class=&quot;wrap&quot; style=&quot;width: 150px&quot;&gt;&lt;q&gt;
        &lt;strong&gt;Commissions!(Open)&lt;/strong&gt;&lt;b&gt;NOW ACCEPTING POINTS&lt;br /&gt;PRICE UPDATE&lt;br /&gt;&lt;/b&gt;&lt;br /&gt;Hello guys! I want to open Paypal commissions! I am in desperate need of money and I am willing to take on a lot of commissions if I do not get too overwhelmed.&lt;br /&gt;&lt;b&gt;Speedpaints&lt;br /&gt;&lt;/b&gt;+$20 or 2000&lt;img src=&quot;https://e.deviantart.net/emoticons/p/points.gif&quot; alt=&quot;Points&quot; style=&quot;width: 20px; height: 14px;&quot; data-embed-type=&quot;emoticon&quot; data-embed-id=&quot;589&quot;&gt;&amp;nbsp;to total&amp;nbsp;&lt;br /&gt;&lt;b&gt;Flat Headshot&lt;/b&gt;- $16 or 1600&lt;img src=&quot;https://e.deviantart.net/emoticons/p/points.gif&quot; alt=&quot;Points&quot; style=&quot;width: 20px; height: 14px;&quot; data-embed-type=&quot;emoticon&quot; data-embed-id=&quot;589&quot;&gt;&amp;nbsp;&lt;br /&gt;&lt;img src=&quot;https://images-wixmp-ed30a86b8c4ca887773594c2.wixmp.com/intermediary/f/dca92cd6-47e9-444b-b4b4-7d3c2359a5ad/daxoc25-3685169d-c34a-4a76-b051-120fe83d5e1e.png/v1/fit/w_300,h_900,strp/kazehaya_by_purespiritflower_daxoc25-300w.png&quot;class=&quot;gr-shrink thumb-in-thumb &quot;&gt;&lt;img src=&quot;https://images-wixmp-ed30a86b8c4ca887773594c2.wixmp.com/intermediary/f/dca92cd6-47e9-444b-b4b4-7d3c2359a5ad/dbxjjx2-80e69c47-32ce-4362-813f-e16e1d65c4b8.png/v1/fit/w_300,h_900,strp/winter_by_purespiritflower_dbxjjx2-300w.png&quot;class=&quot;gr-shrink thumb-in-thumb &quot;&gt;&lt;br /&gt;A drawing of your character from the neck up. No shading or background included.&lt;br /&gt;&lt;b&gt;Flat Fullbody&lt;/b&gt;: $20 or 2000&lt;img src=&quot;https://e.deviantart.net/emoticons/p/points.gif&quot; alt=&quot;Points&quot; style=&quot;width: 20px; height: 14px;&quot; data-embed-type=&quot;emoticon&quot; data-embed-id=&quot;589&quot;&gt;&lt;br /&gt;&lt;img src=&quot;https://images-wixmp-ed30a86b8c4ca887773594c2.wixmp.com/intermediary/f/dca92cd6-47e9-444b-b4b4-7d3c2359a5ad/dbaif66-f28ec2c4-43c0-4b3e-8a44-15350e5f914a.png/v1/fit/w_300,h_900,strp/maxwell_by_purespiritflower_dbaif66-300w.png&quot;class=&quot;gr-shrink thumb-in-thumb &quot;&gt;&lt;img src=&quot;https://images-wixmp-ed30a86b8c4ca887773594c2.wixmp.com/intermediary/f/dca92cd6-47e9-444b-b4b4-7d3c2359a5ad/dc1sh8x-3757ae34-a613-49f0-be83-dd43c0fac011.png/v1/fit/w_300,h_900,strp/torch_by_purespiritflower_dc1sh8x-300w.png&quot;class=&quot;gr-shrink thumb-in-thumb &quot;&gt;&lt;br /&gt;A full drawing of your character. No shading or background included.&lt;br /&gt;&lt;b&gt;Shaded Headshot&lt;/b&gt;: $21 or 2100&lt;img src=&quot;https://e.deviantart.net/emoticons/p/points.gif&quot; alt=&quot;Points&quot; style=&quot;width: 20px; height: 14px;&quot; data-embed-type=&quot;emoticon&quot; data-embed-id=&quot;589&quot;&gt;&lt;br /&gt;&lt;img src=&quot;https://images-wixmp-ed30a86b8c4ca887773594c2.wixmp.com/intermediary/f/dca92cd6-47e9-444b-b4b4-7d3c2359a5ad/dbmjft6-fe454ae9-9051-4f39-bded-23b9eebd4cb3.png/v1/fit/w_300,h_900,strp/val_by_purespiritflower_dbmjft6-300w.png&quot;class=&quot;gr-shrink thumb-in-thumb &quot;&gt;&lt;img src=&quot;https://images-wixmp-ed30a86b8c4ca887773594c2.wixmp.com/intermediary/f/dca92cd6-47e9-444b-b4b4-7d3c2359a5ad/dc7et1g-793427f8-de6f-4f1b-8942-7a86614863cf.png/v1/fit/w_300,h_900,strp/rustle_of_ferns_by_purespiritflower_dc7et1g-300w.png&quot;class=&quot;gr-shrink thumb-in-thumb &quot;&gt;&lt;br /&gt;A drawing of your character from the neck up. Shading is included bu&lt;/q&gt;&lt;/span&gt;&lt;/a&gt;&lt;/span&gt;&lt;!-- ^TTT --&gt;&lt;!-- TTT$ --&gt;&lt;/span&gt;&lt;br /&gt;&lt;br /&gt;Character belongs to &lt;span class=&quot;username-with-symbol u&quot;&gt;&lt;a class=&quot;u regular username&quot; href=&quot;https://www.deviantart.com/stelladarkside&quot;&gt;StellaDarkside&lt;/a&gt;&lt;span class=&quot;user-symbol regular&quot; data-quicktip-text=&quot;&quot; data-show-tooltip=&quot;&quot; data-gruser-type=&quot;regular&quot;&gt;&lt;/span&gt;&lt;/span&gt;&lt;br /&gt;Drawing belongs to me. Only &lt;span class=&quot;username-with-symbol u&quot;&gt;&lt;a class=&quot;u regular username&quot; href=&quot;https://www.deviantart.com/stelladarkside&quot;&gt;StellaDarkside&lt;/a&gt;&lt;span class=&quot;user-symbol regular&quot; data-quicktip-text=&quot;&quot; data-show-tooltip=&quot;&quot; data-gruser-type=&quot;regular&quot;&gt;&lt;/span&gt;&lt;/span&gt; has permission to use.&lt;br /&gt;&lt;span class=&quot;shadow-holder&quot; data-embed-type=&quot;deviation&quot; data-embed-id=&quot;437550400&quot; data-embed-format=&quot;thumb&quot;&gt;&lt;span class=&quot;shadow mild&quot; &gt;&lt;a class=&quot;thumb&quot; href=&quot;https://www.deviantart.com/drache-lehre/art/Simple-Copyright-Banner-Plz-Buttons-437550400&quot; title=&quot;Simple Copyright Banner + Plz Buttons by Drache-Lehre, Mar 1, 2014 in Customization &amp;gt; Emoticons &amp;gt; Chat Friendly Emotes &amp;gt; Large - up to 150x150 &amp;gt; Static&quot;data-super-img=&quot;https://images-wixmp-ed30a86b8c4ca887773594c2.wixmp.com/intermediary/f/66a57468-5202-4c8b-987a-733b3eb4a6ca/d78i81s-93e29a5f-287e-4e15-a91b-e9464b16334c.png&quot; data-super-width=&quot;143&quot; data-super-height=&quot;107&quot; data-super-transparent=&quot;true&quot; data-super-alt=&quot;Simple Copyright Banner + Plz Buttons by Drache-Lehre&quot; data-super-full-img=&quot;https://images-wixmp-ed30a86b8c4ca887773594c2.wixmp.com/intermediary/f/66a57468-5202-4c8b-987a-733b3eb4a6ca/d78i81s-93e29a5f-287e-4e15-a91b-e9464b16334c.png&quot; data-super-full-width=&quot;143&quot; data-super-full-height=&quot;107&quot;        data-sigil=&quot;thumb&quot;&gt;
        &lt;i&gt;&lt;/i&gt;&lt;img   width=&quot;143&quot; height=&quot;107&quot; alt=&quot;Simple Copyright Banner + Plz Buttons by Drache-Lehre&quot; src=&quot;https://images-wixmp-ed30a86b8c4ca887773594c2.wixmp.com/intermediary/f/66a57468-5202-4c8b-987a-733b3eb4a6ca/d78i81s-93e29a5f-287e-4e15-a91b-e9464b16334c.png&quot; data-src=&quot;https://images-wixmp-ed30a86b8c4ca887773594c2.wixmp.com/intermediary/f/66a57468-5202-4c8b-987a-733b3eb4a6ca/d78i81s-93e29a5f-287e-4e15-a91b-e9464b16334c.png&quot; srcset=&quot;https://images-wixmp-ed30a86b8c4ca887773594c2.wixmp.com/intermediary/f/66a57468-5202-4c8b-987a-733b3eb4a6ca/d78i81s-93e29a5f-287e-4e15-a91b-e9464b16334c.png 143w&quot; sizes=&quot;143px&quot;&gt;&lt;/a&gt;&lt;/span&gt;&lt;!-- ^TTT --&gt;&lt;!-- TTT$ --&gt;&lt;/span&gt;&lt;br /&gt;&lt;div&gt;&lt;img src=&quot;https://t00.deviantart.net/1HH977hV5Ro8dAg9tQZZ-lbNbms=/300x200/filters:fixed_height(100,100):origin()/pre00/6d40/th/pre/i/2019/026/f/d/smile_by_purespiritflower-dcy4n9t.png&quot; alt=&quot;thumbnail&quot; /&gt;&lt;/div&gt;</description>            </item>
                    <item>
                <title>TT part 47</title>
                <link>https://sonicfan4ever2002.deviantart.com/art/TT-part-47-782917886</link>
                <guid isPermaLink="true">https://sonicfan4ever2002.deviantart.com/art/TT-part-47-782917886</guid>
                <pubDate>Sat, 26 Jan 2019 19:34:06 PST</pubDate>
                        <media:title type="plain">TT part 47</media:title>
        <media:keywords></media:keywords>
                        <media:rating>nonadult</media:rating>
                <media:category label="Pages">cartoons/digital/comics/pages</media:category>
        <media:credit role="author" scheme="urn:ebu">SonicFan4ever2002</media:credit>
        <media:credit role="author" scheme="urn:ebu">https://a.deviantart.net/avatars/s/o/sonicfan4ever2002.png?4</media:credit>
        <media:copyright url="https://sonicfan4ever2002.deviantart.com">Copyright 2019 SonicFan4ever2002</media:copyright>            <media:description type="html">Awww...</media:description>            <media:thumbnail url="https://t00.deviantart.net/FVKCXg1JopGFY2em6G1vgLISjPY=/fit-in/150x150/filters:no_upscale():origin()/pre00/d90a/th/pre/i/2019/026/c/c/tt_part_47_by_sonicfan4ever2002-dcy4nb2.png" height="94" width="150"/>            <media:thumbnail url="https://t00.deviantart.net/nJUX3F7Lq3wI1nYRovAKyoIH_uc=/fit-in/300x900/filters:no_upscale():origin()/pre00/d90a/th/pre/i/2019/026/c/c/tt_part_47_by_sonicfan4ever2002-dcy4nb2.png" height="188" width="300"/>            <media:thumbnail url="https://t00.deviantart.net/VeVfVcWhQLoF3f4oImwPeDvInO0=/300x200/filters:fixed_height(100,100):origin()/pre00/d90a/th/pre/i/2019/026/c/c/tt_part_47_by_sonicfan4ever2002-dcy4nb2.png" height="188" width="300"/>            <media:content url="https://img00.deviantart.net/663e/i/2019/026/c/c/tt_part_47_by_sonicfan4ever2002-dcy4nb2.png" height="640" width="1024" medium="image"/>            
            <description>Awww...&lt;br /&gt;&lt;div&gt;&lt;img src=&quot;https://t00.deviantart.net/VeVfVcWhQLoF3f4oImwPeDvInO0=/300x200/filters:fixed_height(100,100):origin()/pre00/d90a/th/pre/i/2019/026/c/c/tt_part_47_by_sonicfan4ever2002-dcy4nb2.png&quot; alt=&quot;thumbnail&quot; /&gt;&lt;/div&gt;</description>            </item>
                    <item>
                <title>Mangle French Maid</title>
                <link>https://arnoldfazbear.deviantart.com/art/Mangle-French-Maid-782918039</link>
                <guid isPermaLink="true">https://arnoldfazbear.deviantart.com/art/Mangle-French-Maid-782918039</guid>
                <pubDate>Sat, 26 Jan 2019 19:34:04 PST</pubDate>
                        <media:title type="plain">Mangle French Maid</media:title>
        <media:keywords></media:keywords>
                        <media:rating>nonadult</media:rating>
                <media:category label="Games">fanart/traditional/drawings/games</media:category>
        <media:credit role="author" scheme="urn:ebu">arnoldfazbear</media:credit>
        <media:credit role="author" scheme="urn:ebu">https://a.deviantart.net/avatars/a/r/arnoldfazbear.jpg?2</media:credit>
        <media:copyright url="https://arnoldfazbear.deviantart.com">Copyright 2019 arnoldfazbear</media:copyright>            <media:description type="html">Este dibujo lo publique hace meses muy atr&amp;#225;s en latinoamerica y para muchos dicen que motivo a algunos artistas en latinoamerica revolucionar sus dibujos a que sean muchas mucama francesas&lt;br /&gt;&lt;br /&gt;En mi caso me pregunte a mi mismo&lt;br /&gt;&lt;br /&gt; &amp;#191;porque la cultura del fandom de FNaF no hace mas progres&amp;#243; para los human?&lt;br /&gt;&amp;#191;le hacen mas en animatronico que en humano?&lt;br /&gt;&lt;br /&gt;&amp;#191;Y sobre todo no muchos hacen (NSFW) O xxx a FNaF Human ? En cuanto lencer&amp;#237;a o algo similar a otra cosa&lt;br /&gt;&lt;br /&gt;La mayor&amp;#237;a del fandom dibuja lo mismo y sin repeticiones&lt;br /&gt;&lt;br /&gt; As&amp;#237; que eso hice como quize dibujar a una French maid decid&amp;#237; dibujar a Mangle pole bear para empezar&lt;br /&gt;&lt;br /&gt;Quer&amp;#237;a dibujar a chica pole bear pero dije. -no porque ella se ve como mucama solo que en vez de ser negros es amarillo en cuanto su traje-&lt;br /&gt;&lt;br /&gt;&lt;br /&gt;Eso de la idea de dibujar mucamas francesas fue porque me obsesione viendo algunos anime y otros videos relacionados &lt;br /&gt;pero bueno espero que les guste mi dibujo. Tarde 3 d&amp;#237;as en dibujarla creo que lo hice el mayo de 2018 creo</media:description>            <media:thumbnail url="https://t00.deviantart.net/bnXxSXcpibnONaDsFkKxL4_yxvI=/fit-in/150x150/filters:no_upscale():origin()/pre00/7062/th/pre/i/2019/026/4/e/mangle_french_maid_by_arnoldfazbear-dcy4nfb.jpg" height="150" width="113"/>            <media:thumbnail url="https://t00.deviantart.net/LEkF82IEbZ7oJ8pfujwxg-5vO4c=/fit-in/300x900/filters:no_upscale():origin()/pre00/7062/th/pre/i/2019/026/4/e/mangle_french_maid_by_arnoldfazbear-dcy4nfb.jpg" height="400" width="300"/>            <media:thumbnail url="https://t00.deviantart.net/GInz0_2L3PQ6vPicfAEBYN1vkx0=/300x200/filters:fixed_height(100,100):origin()/pre00/7062/th/pre/i/2019/026/4/e/mangle_french_maid_by_arnoldfazbear-dcy4nfb.jpg" height="200" width="150"/>            <media:content url="https://pre00.deviantart.net/7062/th/pre/i/2019/026/4/e/mangle_french_maid_by_arnoldfazbear-dcy4nfb.jpg" height="1032" width="774" medium="image"/>            
            <description>Este dibujo lo publique hace meses muy atr&amp;#225;s en latinoamerica y para muchos dicen que motivo a algunos artistas en latinoamerica revolucionar sus dibujos a que sean muchas mucama francesas&lt;br /&gt;&lt;br /&gt;En mi caso me pregunte a mi mismo&lt;br /&gt;&lt;br /&gt; &amp;#191;porque la cultura del fandom de FNaF no hace mas progres&amp;#243; para los human?&lt;br /&gt;&amp;#191;le hacen mas en animatronico que en humano?&lt;br /&gt;&lt;br /&gt;&amp;#191;Y sobre todo no muchos hacen (NSFW) O xxx a FNaF Human ? En cuanto lencer&amp;#237;a o algo similar a otra cosa&lt;br /&gt;&lt;br /&gt;La mayor&amp;#237;a del fandom dibuja lo mismo y sin repeticiones&lt;br /&gt;&lt;br /&gt; As&amp;#237; que eso hice como quize dibujar a una French maid decid&amp;#237; dibujar a Mangle pole bear para empezar&lt;br /&gt;&lt;br /&gt;Quer&amp;#237;a dibujar a chica pole bear pero dije. -no porque ella se ve como mucama solo que en vez de ser negros es amarillo en cuanto su traje-&lt;br /&gt;&lt;br /&gt;&lt;br /&gt;Eso de la idea de dibujar mucamas francesas fue porque me obsesione viendo algunos anime y otros videos relacionados &lt;br /&gt;pero bueno espero que les guste mi dibujo. Tarde 3 d&amp;#237;as en dibujarla creo que lo hice el mayo de 2018 creo&lt;br /&gt;&lt;div&gt;&lt;img src=&quot;https://t00.deviantart.net/GInz0_2L3PQ6vPicfAEBYN1vkx0=/300x200/filters:fixed_height(100,100):origin()/pre00/7062/th/pre/i/2019/026/4/e/mangle_french_maid_by_arnoldfazbear-dcy4nfb.jpg&quot; alt=&quot;thumbnail&quot; /&gt;&lt;/div&gt;</description>            </item>
                    <item>
                <title>Soul Cyon</title>
                <link>https://randalrr.deviantart.com/art/Soul-Cyon-782917769</link>
                <guid isPermaLink="true">https://randalrr.deviantart.com/art/Soul-Cyon-782917769</guid>
                <pubDate>Sat, 26 Jan 2019 19:34:02 PST</pubDate>
                        <media:title type="plain">Soul Cyon</media:title>
        <media:keywords></media:keywords>
                        <media:rating>nonadult</media:rating>
                <media:category label="TV &amp; Movies">fanart/digital/3dfanart/tv</media:category>
        <media:credit role="author" scheme="urn:ebu">RandalRR</media:credit>
        <media:credit role="author" scheme="urn:ebu">https://a.deviantart.net/avatars/r/a/randalrr.png?2</media:credit>
        <media:copyright url="https://randalrr.deviantart.com">Copyright 2019 RandalRR</media:copyright>             <creativeCommons:license>http://creativecommons.org/licenses/by-nc-sa/3.0/</creativeCommons:license>
                <media:description type="html">&lt;div&gt;3D C4D R10 scene Poser Plugin.&lt;/div&gt;&lt;div&gt;See animated video here: &lt;a class=&quot;external&quot; href=&quot;https://www.deviantart.com/users/outgoing?https://www.youtube.com/watch?v=erjkLCtZWNc&amp;amp;t=2s&quot;&gt;www.youtube.com/watch?v=erjkLC&amp;hellip;&lt;/a&gt;&lt;br /&gt;&lt;/div&gt;</media:description>            <media:thumbnail url="https://t00.deviantart.net/sZPsdiRuOiGI7WgpTGpgsY3M9kk=/fit-in/150x150/filters:no_upscale():origin()/pre00/4055/th/pre/f/2019/026/c/1/soul_cyon_by_randalrr-dcy4n7t.png" height="84" width="150"/>            <media:thumbnail url="https://t00.deviantart.net/0V1XkUmg869p71hvanusbVFRtms=/fit-in/300x900/filters:no_upscale():origin()/pre00/4055/th/pre/f/2019/026/c/1/soul_cyon_by_randalrr-dcy4n7t.png" height="169" width="300"/>            <media:thumbnail url="https://t00.deviantart.net/dVYg1d555TmB4KWLySCy-QIqa4A=/300x200/filters:fixed_height(100,100):origin()/pre00/4055/th/pre/f/2019/026/c/1/soul_cyon_by_randalrr-dcy4n7t.png" height="169" width="300"/>            <media:content url="https://pre00.deviantart.net/4055/th/pre/f/2019/026/c/1/soul_cyon_by_randalrr-dcy4n7t.png" height="670" width="1192" medium="image"/>            
            <description>&lt;div&gt;3D C4D R10 scene Poser Plugin.&lt;/div&gt;&lt;div&gt;See animated video here: &lt;a class=&quot;external&quot; href=&quot;https://www.deviantart.com/users/outgoing?https://www.youtube.com/watch?v=erjkLCtZWNc&amp;amp;t=2s&quot;&gt;www.youtube.com/watch?v=erjkLC&amp;hellip;&lt;/a&gt;&lt;br /&gt;&lt;/div&gt;&lt;br /&gt;&lt;div&gt;&lt;img src=&quot;https://t00.deviantart.net/dVYg1d555TmB4KWLySCy-QIqa4A=/300x200/filters:fixed_height(100,100):origin()/pre00/4055/th/pre/f/2019/026/c/1/soul_cyon_by_randalrr-dcy4n7t.png&quot; alt=&quot;thumbnail&quot; /&gt;&lt;/div&gt;</description>            </item>
                    <item>
                <title>yesyes yes</title>
                <link>https://zombf.deviantart.com/art/yesyes-yes-782917790</link>
                <guid isPermaLink="true">https://zombf.deviantart.com/art/yesyes-yes-782917790</guid>
                <pubDate>Sat, 26 Jan 2019 19:34:02 PST</pubDate>
                        <media:title type="plain">yesyes yes</media:title>
        <media:keywords></media:keywords>
                        <media:rating>nonadult</media:rating>
                <media:category label="Other">digitalart/paintings/other</media:category>
        <media:credit role="author" scheme="urn:ebu">zombf</media:credit>
        <media:credit role="author" scheme="urn:ebu">https://a.deviantart.net/avatars/z/o/zombf.png?3</media:credit>
        <media:copyright url="https://zombf.deviantart.com">Copyright 2019 zombf</media:copyright>            <media:description type="html">&lt;a class=&quot;external&quot; href=&quot;https://www.deviantart.com/users/outgoing?https://toyhou.se/3430292.kitty&quot;&gt;toyhou.se/3430292.kitty&lt;/a&gt;&lt;br /&gt;&lt;br /&gt;NEW GIRL! I LOVE HER!!!!!!!!!!!</media:description>            <media:thumbnail url="https://t00.deviantart.net/IomNlWNUPIekBNlLl6VqKz3d_lo=/fit-in/150x150/filters:no_upscale():origin()/pre00/f1be/th/pre/i/2019/026/c/8/yesyes_yes_by_zombf-dcy4n8e.png" height="94" width="150"/>            <media:thumbnail url="https://t00.deviantart.net/a6MBl3eqMs04Pey2yAm0wzPfPlQ=/fit-in/300x900/filters:no_upscale():origin()/pre00/f1be/th/pre/i/2019/026/c/8/yesyes_yes_by_zombf-dcy4n8e.png" height="187" width="300"/>            <media:thumbnail url="https://t00.deviantart.net/GP_23VNY-V1VcEFPUN-ix2chnj8=/300x200/filters:fixed_height(100,100):origin()/pre00/f1be/th/pre/i/2019/026/c/8/yesyes_yes_by_zombf-dcy4n8e.png" height="187" width="300"/>            <media:content url="https://img00.deviantart.net/0f5e/i/2019/026/c/8/yesyes_yes_by_zombf-dcy4n8e.png" height="638" width="1024" medium="image"/>            
            <description>&lt;a class=&quot;external&quot; href=&quot;https://www.deviantart.com/users/outgoing?https://toyhou.se/3430292.kitty&quot;&gt;toyhou.se/3430292.kitty&lt;/a&gt;&lt;br /&gt;&lt;br /&gt;NEW GIRL! I LOVE HER!!!!!!!!!!!&lt;br /&gt;&lt;div&gt;&lt;img src=&quot;https://t00.deviantart.net/GP_23VNY-V1VcEFPUN-ix2chnj8=/300x200/filters:fixed_height(100,100):origin()/pre00/f1be/th/pre/i/2019/026/c/8/yesyes_yes_by_zombf-dcy4n8e.png&quot; alt=&quot;thumbnail&quot; /&gt;&lt;/div&gt;</description>            </item>
                    <item>
                <title>&#039;&#039; Do you still love me?~ &#039;&#039;</title>
                <link>https://depressed-forest.deviantart.com/art/Do-you-still-love-me-782917903</link>
                <guid isPermaLink="true">https://depressed-forest.deviantart.com/art/Do-you-still-love-me-782917903</guid>
                <pubDate>Sat, 26 Jan 2019 19:34:02 PST</pubDate>
                        <media:title type="plain">&#039;&#039; Do you still love me?~ &#039;&#039;</media:title>
        <media:keywords></media:keywords>
                        <media:rating>nonadult</media:rating>
                <media:category label="Other">digitalart/paintings/other</media:category>
        <media:credit role="author" scheme="urn:ebu">Depressed-Forest</media:credit>
        <media:credit role="author" scheme="urn:ebu">https://a.deviantart.net/avatars/d/e/depressed-forest.jpg?2</media:credit>
        <media:copyright url="https://depressed-forest.deviantart.com">Copyright 2019 Depressed-Forest</media:copyright>            <media:description type="html">&quot;Do you still love me, even as a limbless freak?~&quot; - Kaylee 2K19</media:description>            <media:thumbnail url="https://t00.deviantart.net/ReZHdbYdxmHCE0b-7Iy2_5zHBCs=/fit-in/150x150/filters:no_upscale():origin()/pre00/1883/th/pre/f/2019/026/5/a/___do_you_still_love_me______by_depressed_forest-dcy4nbj.png" height="150" width="94"/>            <media:thumbnail url="https://t00.deviantart.net/ehyAom09UsS6Kib1-Cka2JSNXho=/fit-in/300x900/filters:no_upscale():origin()/pre00/1883/th/pre/f/2019/026/5/a/___do_you_still_love_me______by_depressed_forest-dcy4nbj.png" height="480" width="300"/>            <media:thumbnail url="https://t00.deviantart.net/jMvI654q5XP8z52FCmj9em3CghE=/300x200/filters:fixed_height(100,100):origin()/pre00/1883/th/pre/f/2019/026/5/a/___do_you_still_love_me______by_depressed_forest-dcy4nbj.png" height="200" width="125"/>            <media:content url="https://pre00.deviantart.net/1883/th/pre/f/2019/026/5/a/___do_you_still_love_me______by_depressed_forest-dcy4nbj.png" height="1131" width="707" medium="image"/>            
            <description>&quot;Do you still love me, even as a limbless freak?~&quot; - Kaylee 2K19&lt;br /&gt;&lt;div&gt;&lt;img src=&quot;https://t00.deviantart.net/jMvI654q5XP8z52FCmj9em3CghE=/300x200/filters:fixed_height(100,100):origin()/pre00/1883/th/pre/f/2019/026/5/a/___do_you_still_love_me______by_depressed_forest-dcy4nbj.png&quot; alt=&quot;thumbnail&quot; /&gt;&lt;/div&gt;</description>            </item>
                    <item>
                <title>Untitled</title>
                <link>https://gmasters7.deviantart.com/art/Untitled-782918024</link>
                <guid isPermaLink="true">https://gmasters7.deviantart.com/art/Untitled-782918024</guid>
                <pubDate>Sat, 26 Jan 2019 19:33:59 PST</pubDate>
                        <media:title type="plain">Untitled</media:title>
        <media:keywords></media:keywords>
                        <media:rating>nonadult</media:rating>
                <media:category label="Female">digitalart/3d/characters/female</media:category>
        <media:credit role="author" scheme="urn:ebu">Gmasters7</media:credit>
        <media:credit role="author" scheme="urn:ebu">https://a.deviantart.net/avatars/default.gif</media:credit>
        <media:copyright url="https://gmasters7.deviantart.com">Copyright 2019 Gmasters7</media:copyright>            <media:description type="html"></media:description>            <media:thumbnail url="https://t00.deviantart.net/7D6QX45_tzF9yGS7cJeLga7i47s=/fit-in/150x150/filters:no_upscale():origin()/pre00/bc83/th/pre/i/2019/026/e/3/untitled_by_gmasters7-dcy4new.png" height="150" width="84"/>            <media:thumbnail url="https://t00.deviantart.net/orCdH5onPRTpjNceABhoxjkP6VE=/fit-in/300x900/filters:no_upscale():origin()/pre00/bc83/th/pre/i/2019/026/e/3/untitled_by_gmasters7-dcy4new.png" height="534" width="300"/>            <media:thumbnail url="https://t00.deviantart.net/s4BFtNcvGAm9S9Dc4gz2SzgsaD0=/300x200/filters:fixed_height(100,100):origin()/pre00/bc83/th/pre/i/2019/026/e/3/untitled_by_gmasters7-dcy4new.png" height="200" width="112"/>            <media:content url="https://img00.deviantart.net/e729/i/2019/026/e/3/untitled_by_gmasters7-dcy4new.png" height="711" width="400" medium="image"/>            
            <description>&lt;br /&gt;&lt;div&gt;&lt;img src=&quot;https://t00.deviantart.net/s4BFtNcvGAm9S9Dc4gz2SzgsaD0=/300x200/filters:fixed_height(100,100):origin()/pre00/bc83/th/pre/i/2019/026/e/3/untitled_by_gmasters7-dcy4new.png&quot; alt=&quot;thumbnail&quot; /&gt;&lt;/div&gt;</description>            </item>
                    <item>
                <title>20190126 Fantastic-Beast 832</title>
                <link>https://smbourg8.deviantart.com/art/20190126-Fantastic-Beast-832-782918009</link>
                <guid isPermaLink="true">https://smbourg8.deviantart.com/art/20190126-Fantastic-Beast-832-782918009</guid>
                <pubDate>Sat, 26 Jan 2019 19:33:59 PST</pubDate>
                        <media:title type="plain">20190126 Fantastic-Beast 832</media:title>
        <media:keywords></media:keywords>
                        <media:rating>nonadult</media:rating>
                <media:category label="Cosplay">photography/people/cosplay</media:category>
        <media:credit role="author" scheme="urn:ebu">smbourg8</media:credit>
        <media:credit role="author" scheme="urn:ebu">https://a.deviantart.net/avatars/s/m/smbourg8.jpg?2</media:credit>
        <media:copyright url="https://smbourg8.deviantart.com">Copyright 2019 smbourg8</media:copyright>            <media:description type="html"></media:description>            <media:thumbnail url="https://t00.deviantart.net/MIG-OFnnu4yod1ik7Yul1ksZqaw=/fit-in/150x150/filters:no_upscale():origin()/pre00/286c/th/pre/i/2019/026/c/e/20190126_fantastic_beast_832_by_smbourg8-dcy4neh.jpg" height="121" width="150"/>            <media:thumbnail url="https://t00.deviantart.net/ozmNGnSssyIO1O5OsaHvJiyyzpY=/fit-in/300x900/filters:no_upscale():origin()/pre00/286c/th/pre/i/2019/026/c/e/20190126_fantastic_beast_832_by_smbourg8-dcy4neh.jpg" height="243" width="300"/>            <media:thumbnail url="https://t00.deviantart.net/vQRimDHSYM1J3wqnVCZ3ToEQzVs=/300x200/filters:fixed_height(100,100):origin()/pre00/286c/th/pre/i/2019/026/c/e/20190126_fantastic_beast_832_by_smbourg8-dcy4neh.jpg" height="200" width="247"/>            <media:content url="https://pre00.deviantart.net/286c/th/pre/i/2019/026/c/e/20190126_fantastic_beast_832_by_smbourg8-dcy4neh.jpg" height="804" width="994" medium="image"/>            
            <description>&lt;br /&gt;&lt;div&gt;&lt;img src=&quot;https://t00.deviantart.net/vQRimDHSYM1J3wqnVCZ3ToEQzVs=/300x200/filters:fixed_height(100,100):origin()/pre00/286c/th/pre/i/2019/026/c/e/20190126_fantastic_beast_832_by_smbourg8-dcy4neh.jpg&quot; alt=&quot;thumbnail&quot; /&gt;&lt;/div&gt;</description>            </item>
                    <item>
                <title>Morganite</title>
                <link>https://ectonurite-dragon.deviantart.com/art/Morganite-782910234</link>
                <guid isPermaLink="true">https://ectonurite-dragon.deviantart.com/art/Morganite-782910234</guid>
                <pubDate>Sat, 26 Jan 2019 19:33:57 PST</pubDate>
                        <media:title type="plain">Morganite</media:title>
        <media:keywords></media:keywords>
                        <media:rating>nonadult</media:rating>
                <media:category label="Drawings">cartoons/digital/cartoons/drawings</media:category>
        <media:credit role="author" scheme="urn:ebu">Ectonurite-Dragon</media:credit>
        <media:credit role="author" scheme="urn:ebu">https://a.deviantart.net/avatars/e/c/ectonurite-dragon.jpg</media:credit>
        <media:copyright url="https://ectonurite-dragon.deviantart.com">Copyright 2019 Ectonurite-Dragon</media:copyright>            <media:description type="html">Canon Morganites, while they have been mentioned in the SU canon, have not officially made their debut. As such, the design of my own Morganite is subject to change once Morganites are shown in a future SU episode. In the meantime, I have used the canon Emerald as a reference image for a possible Morganite look, so if the Morganite here looks similar to my own Emerald, you now know why.&lt;br /&gt;&lt;br /&gt;Morganite is the Gem counterpart to&amp;nbsp;&lt;a href=&quot;https://www.deviantart.com/ectonurite-dragon/art/Daniel-782461310&quot;&gt;Daniel&lt;/a&gt;.&lt;br /&gt;&lt;br /&gt;&lt;b&gt;The fancharacter depicted here belongs to Claudia Howard. For your sake, DO NOT repost, trace, copy, or steal this artwork.&lt;/b&gt;</media:description>            <media:thumbnail url="https://t00.deviantart.net/Q-tUVH112dou4rNB6GrEuUJUn5M=/fit-in/150x150/filters:no_upscale():origin()/pre00/77ca/th/pre/f/2019/026/5/2/morganite_s_3rd_regeneration_by_ectonurite_dragon-dcy4hei.png" height="150" width="73"/>            <media:thumbnail url="https://t00.deviantart.net/UMebFd-ZkQcnACMzyX1Nv5PMZ48=/fit-in/300x900/filters:no_upscale():origin()/pre00/77ca/th/pre/f/2019/026/5/2/morganite_s_3rd_regeneration_by_ectonurite_dragon-dcy4hei.png" height="617" width="300"/>            <media:thumbnail url="https://t00.deviantart.net/4ze819UVE5ljAS6xVWJrLpRuClo=/300x200/filters:fixed_height(100,100):origin()/pre00/77ca/th/pre/f/2019/026/5/2/morganite_s_3rd_regeneration_by_ectonurite_dragon-dcy4hei.png" height="201" width="100"/>            <media:content url="https://orig00.deviantart.net/4222/f/2019/026/5/2/morganite_s_3rd_regeneration_by_ectonurite_dragon-dcy4hei.png" height="1000" width="486" medium="image"/>            
            <description>Canon Morganites, while they have been mentioned in the SU canon, have not officially made their debut. As such, the design of my own Morganite is subject to change once Morganites are shown in a future SU episode. In the meantime, I have used the canon Emerald as a reference image for a possible Morganite look, so if the Morganite here looks similar to my own Emerald, you now know why.&lt;br /&gt;&lt;br /&gt;Morganite is the Gem counterpart to&amp;nbsp;&lt;a href=&quot;https://www.deviantart.com/ectonurite-dragon/art/Daniel-782461310&quot;&gt;Daniel&lt;/a&gt;.&lt;br /&gt;&lt;br /&gt;&lt;b&gt;The fancharacter depicted here belongs to Claudia Howard. For your sake, DO NOT repost, trace, copy, or steal this artwork.&lt;/b&gt;&lt;br /&gt;&lt;div&gt;&lt;img src=&quot;https://t00.deviantart.net/4ze819UVE5ljAS6xVWJrLpRuClo=/300x200/filters:fixed_height(100,100):origin()/pre00/77ca/th/pre/f/2019/026/5/2/morganite_s_3rd_regeneration_by_ectonurite_dragon-dcy4hei.png&quot; alt=&quot;thumbnail&quot; /&gt;&lt;/div&gt;</description>            </item>
                    <item>
                <title>Coral design update</title>
                <link>https://mermaidnerin.deviantart.com/art/Coral-design-update-782917567</link>
                <guid isPermaLink="true">https://mermaidnerin.deviantart.com/art/Coral-design-update-782917567</guid>
                <pubDate>Sat, 26 Jan 2019 19:33:56 PST</pubDate>
                        <media:title type="plain">Coral design update</media:title>
        <media:keywords></media:keywords>
                        <media:rating>nonadult</media:rating>
                <media:category label="Fantasy">traditional/drawings/fantasy</media:category>
        <media:credit role="author" scheme="urn:ebu">MermaidNerin</media:credit>
        <media:credit role="author" scheme="urn:ebu">https://a.deviantart.net/avatars/m/e/mermaidnerin.gif?7</media:credit>
        <media:copyright url="https://mermaidnerin.deviantart.com">Copyright 2019 MermaidNerin</media:copyright>            <media:description type="html">Drew this one a few days ago (I found a picture of Vapireon on google and really liked the pose, so I used it) &lt;br /&gt;&lt;br /&gt;Coral now has fins on her legs, inspired by retro Vaporeon and also has a darker blue color on her paws. They are shaped how a Sylveon has pink on its paws. &lt;br /&gt;&lt;br /&gt;I added bubbles around her to make it look like she was underwater. Just got lazy and didn&#039;t color the background &lt;img src=&quot;https://e.deviantart.net/emoticons/a/animesweat.gif&quot; width=&quot;19&quot; height=&quot;19&quot; alt=&quot;^^;&quot; data-embed-type=&quot;emoticon&quot; data-embed-id=&quot;417&quot; title=&quot;Sweating a little...&quot;/&gt;</media:description>            <media:thumbnail url="https://t00.deviantart.net/nsY3Vfr1gCuauQrY9XNWxQkt8XI=/fit-in/150x150/filters:no_upscale():origin()/pre00/a302/th/pre/i/2019/026/4/8/coral_design_update_by_mermaidnerin-dcy4n27.jpg" height="86" width="150"/>            <media:thumbnail url="https://t00.deviantart.net/73EkPJsGf7Qd4Vn0jQTQhUqoK7k=/fit-in/300x900/filters:no_upscale():origin()/pre00/a302/th/pre/i/2019/026/4/8/coral_design_update_by_mermaidnerin-dcy4n27.jpg" height="173" width="300"/>            <media:thumbnail url="https://t00.deviantart.net/QrupkaofzIf6Ey8UqfgdyU3DavQ=/300x200/filters:fixed_height(100,100):origin()/pre00/a302/th/pre/i/2019/026/4/8/coral_design_update_by_mermaidnerin-dcy4n27.jpg" height="173" width="300"/>            <media:content url="https://img00.deviantart.net/b6a0/i/2019/026/4/8/coral_design_update_by_mermaidnerin-dcy4n27.jpg" height="346" width="600" medium="image"/>            
            <description>Drew this one a few days ago (I found a picture of Vapireon on google and really liked the pose, so I used it) &lt;br /&gt;&lt;br /&gt;Coral now has fins on her legs, inspired by retro Vaporeon and also has a darker blue color on her paws. They are shaped how a Sylveon has pink on its paws. &lt;br /&gt;&lt;br /&gt;I added bubbles around her to make it look like she was underwater. Just got lazy and didn&#039;t color the background &lt;img src=&quot;https://e.deviantart.net/emoticons/a/animesweat.gif&quot; width=&quot;19&quot; height=&quot;19&quot; alt=&quot;^^;&quot; data-embed-type=&quot;emoticon&quot; data-embed-id=&quot;417&quot; title=&quot;Sweating a little...&quot;/&gt;&lt;br /&gt;&lt;div&gt;&lt;img src=&quot;https://t00.deviantart.net/QrupkaofzIf6Ey8UqfgdyU3DavQ=/300x200/filters:fixed_height(100,100):origin()/pre00/a302/th/pre/i/2019/026/4/8/coral_design_update_by_mermaidnerin-dcy4n27.jpg&quot; alt=&quot;thumbnail&quot; /&gt;&lt;/div&gt;</description>            </item>
                    <item>
                <title>Old Drawing 2-Ginger Ref  Sheet</title>
                <link>https://anazuluthewolf.deviantart.com/art/Old-Drawing-2-Ginger-Ref-Sheet-782917922</link>
                <guid isPermaLink="true">https://anazuluthewolf.deviantart.com/art/Old-Drawing-2-Ginger-Ref-Sheet-782917922</guid>
                <pubDate>Sat, 26 Jan 2019 19:33:55 PST</pubDate>
                        <media:title type="plain">Old Drawing 2-Ginger Ref  Sheet</media:title>
        <media:keywords></media:keywords>
                        <media:rating>nonadult</media:rating>
                <media:category label="Animals">anthro/digital/drawings/animals</media:category>
        <media:credit role="author" scheme="urn:ebu">AnazuluTheWolf</media:credit>
        <media:credit role="author" scheme="urn:ebu">https://a.deviantart.net/avatars/a/n/anazuluthewolf.jpg?6</media:credit>
        <media:copyright url="https://anazuluthewolf.deviantart.com">Copyright 2019 AnazuluTheWolf</media:copyright>            <media:description type="html">I actually still really like this one.</media:description>            <media:thumbnail url="https://orig00.deviantart.net/e60b/f/2019/026/9/b/old_drawing_2_ginger_ref__sheet_by_anazuluthewolf-dcy4nc2.jpg" height="80" width="150"/>            <media:thumbnail url="https://orig00.deviantart.net/e60b/f/2019/026/9/b/old_drawing_2_ginger_ref__sheet_by_anazuluthewolf-dcy4nc2.jpg" height="80" width="150"/>            <media:thumbnail url="https://orig00.deviantart.net/e60b/f/2019/026/9/b/old_drawing_2_ginger_ref__sheet_by_anazuluthewolf-dcy4nc2.jpg" height="80" width="150"/>            <media:content url="https://orig00.deviantart.net/e60b/f/2019/026/9/b/old_drawing_2_ginger_ref__sheet_by_anazuluthewolf-dcy4nc2.jpg" height="80" width="150" medium="image"/>            
            <description>I actually still really like this one.&lt;br /&gt;&lt;div&gt;&lt;img src=&quot;https://orig00.deviantart.net/e60b/f/2019/026/9/b/old_drawing_2_ginger_ref__sheet_by_anazuluthewolf-dcy4nc2.jpg&quot; alt=&quot;thumbnail&quot; /&gt;&lt;/div&gt;</description>            </item>
                    <item>
                <title>The Daydreaming Face</title>
                <link>https://kylerawksocs210.deviantart.com/art/The-Daydreaming-Face-782917982</link>
                <guid isPermaLink="true">https://kylerawksocs210.deviantart.com/art/The-Daydreaming-Face-782917982</guid>
                <pubDate>Sat, 26 Jan 2019 19:33:53 PST</pubDate>
                        <media:title type="plain">The Daydreaming Face</media:title>
        <media:keywords></media:keywords>
                        <media:rating>nonadult</media:rating>
                <media:category label="Animals">anthro/traditional/drawings/animals</media:category>
        <media:credit role="author" scheme="urn:ebu">KylerawksOCs210</media:credit>
        <media:credit role="author" scheme="urn:ebu">https://a.deviantart.net/avatars/k/y/kylerawksocs210.jpg?8</media:credit>
        <media:copyright url="https://kylerawksocs210.deviantart.com">Copyright 2019 KylerawksOCs210</media:copyright>            <media:description type="html"></media:description>            <media:thumbnail url="https://t00.deviantart.net/-eheMlyR1_o4GZl1MOnnHJRCSPs=/fit-in/150x150/filters:no_upscale():origin()/pre00/e0e3/th/pre/i/2019/026/6/8/the_daydreaming_face_by_kylerawksocs210-dcy4ndq.jpg" height="150" width="113"/>            <media:thumbnail url="https://t00.deviantart.net/UreBR7pkxSfW5hbScoSrJ_FyNLw=/fit-in/300x900/filters:no_upscale():origin()/pre00/e0e3/th/pre/i/2019/026/6/8/the_daydreaming_face_by_kylerawksocs210-dcy4ndq.jpg" height="400" width="300"/>            <media:thumbnail url="https://t00.deviantart.net/e2l8HgDOWDnbOlQ7ry2erou9txA=/300x200/filters:fixed_height(100,100):origin()/pre00/e0e3/th/pre/i/2019/026/6/8/the_daydreaming_face_by_kylerawksocs210-dcy4ndq.jpg" height="200" width="150"/>            <media:content url="https://pre00.deviantart.net/e0e3/th/pre/i/2019/026/6/8/the_daydreaming_face_by_kylerawksocs210-dcy4ndq.jpg" height="1032" width="774" medium="image"/>            
            <description>&lt;br /&gt;&lt;div&gt;&lt;img src=&quot;https://t00.deviantart.net/e2l8HgDOWDnbOlQ7ry2erou9txA=/300x200/filters:fixed_height(100,100):origin()/pre00/e0e3/th/pre/i/2019/026/6/8/the_daydreaming_face_by_kylerawksocs210-dcy4ndq.jpg&quot; alt=&quot;thumbnail&quot; /&gt;&lt;/div&gt;</description>            </item>
                    <item>
                <title>Let&#039;s get down to business to defeat the huns</title>
                <link>https://sefasimar.deviantart.com/art/Let-s-get-down-to-business-to-defeat-the-huns-782917831</link>
                <guid isPermaLink="true">https://sefasimar.deviantart.com/art/Let-s-get-down-to-business-to-defeat-the-huns-782917831</guid>
                <pubDate>Sat, 26 Jan 2019 19:33:53 PST</pubDate>
                        <media:title type="plain">Let&#039;s get down to business to defeat the huns</media:title>
        <media:keywords></media:keywords>
                        <media:rating>nonadult</media:rating>
                <media:category label="Movies &amp; TV">fanart/digital/painting/movies</media:category>
        <media:credit role="author" scheme="urn:ebu">SefAsimar</media:credit>
        <media:credit role="author" scheme="urn:ebu">https://a.deviantart.net/avatars/s/e/sefasimar.png?8</media:credit>
        <media:copyright url="https://sefasimar.deviantart.com">Copyright 2019 SefAsimar</media:copyright>            <media:description type="html">This a human version of UniKitty! And she has some serious business to deal with</media:description>            <media:thumbnail url="https://t00.deviantart.net/EZpr7v2brd0mhX2s2XSzh3PcV-Q=/fit-in/150x150/filters:no_upscale():origin()/pre00/9d91/th/pre/f/2019/026/0/0/let_s_get_down_to_business_to_defeat_the_huns_by_sefasimar-dcy4n9j.png" height="122" width="150"/>            <media:thumbnail url="https://t00.deviantart.net/Y7wLnv9bJylDZ2fYu3LnJsLpoLs=/fit-in/300x900/filters:no_upscale():origin()/pre00/9d91/th/pre/f/2019/026/0/0/let_s_get_down_to_business_to_defeat_the_huns_by_sefasimar-dcy4n9j.png" height="244" width="300"/>            <media:thumbnail url="https://t00.deviantart.net/GguqD5XG010cmEeq-g96nF4qJMI=/300x200/filters:fixed_height(100,100):origin()/pre00/9d91/th/pre/f/2019/026/0/0/let_s_get_down_to_business_to_defeat_the_huns_by_sefasimar-dcy4n9j.png" height="200" width="246"/>            <media:content url="https://orig00.deviantart.net/5e46/f/2019/026/0/0/let_s_get_down_to_business_to_defeat_the_huns_by_sefasimar-dcy4n9j.png" height="651" width="800" medium="image"/>            
            <description>This a human version of UniKitty! And she has some serious business to deal with&lt;br /&gt;&lt;div&gt;&lt;img src=&quot;https://t00.deviantart.net/GguqD5XG010cmEeq-g96nF4qJMI=/300x200/filters:fixed_height(100,100):origin()/pre00/9d91/th/pre/f/2019/026/0/0/let_s_get_down_to_business_to_defeat_the_huns_by_sefasimar-dcy4n9j.png&quot; alt=&quot;thumbnail&quot; /&gt;&lt;/div&gt;</description>            </item>
                    <item>
                <title>queens dont</title>
                <link>https://sleepy-rosie.deviantart.com/art/queens-dont-782917853</link>
                <guid isPermaLink="true">https://sleepy-rosie.deviantart.com/art/queens-dont-782917853</guid>
                <pubDate>Sat, 26 Jan 2019 19:33:53 PST</pubDate>
                        <media:title type="plain">queens dont</media:title>
        <media:keywords></media:keywords>
                        <media:rating>nonadult</media:rating>
                <media:category label="Portraits">digitalart/paintings/people/portraits</media:category>
        <media:credit role="author" scheme="urn:ebu">Sleepy-Rosie</media:credit>
        <media:credit role="author" scheme="urn:ebu">https://a.deviantart.net/avatars/s/l/sleepy-rosie.png?6</media:credit>
        <media:copyright url="https://sleepy-rosie.deviantart.com">Copyright 2019 Sleepy-Rosie</media:copyright>            <media:description type="html">&lt;sub&gt;so this is my character Dove&lt;br /&gt;shes a queen&lt;br /&gt;she v pretty&lt;br /&gt;the picture on the right was made in June 2018&lt;br /&gt;the picture on the left was made on January 26th 2019&lt;/sub&gt;</media:description>            <media:thumbnail url="https://t00.deviantart.net/uQcl2OOQYGf5kyYQBf47S2AmRs4=/fit-in/150x150/filters:no_upscale():origin()/pre00/1ff5/th/pre/f/2019/026/9/2/queens_dont_by_sleepy_rosie-dcy4na5.png" height="90" width="150"/>            <media:thumbnail url="https://t00.deviantart.net/l9SXb4ZJIyKoBZ4E5msWA2iddpg=/fit-in/300x900/filters:no_upscale():origin()/pre00/1ff5/th/pre/f/2019/026/9/2/queens_dont_by_sleepy_rosie-dcy4na5.png" height="180" width="300"/>            <media:thumbnail url="https://t00.deviantart.net/54_pO6-Z6mJ6nIjOH6Yx-Ghy8vg=/300x200/filters:fixed_height(100,100):origin()/pre00/1ff5/th/pre/f/2019/026/9/2/queens_dont_by_sleepy_rosie-dcy4na5.png" height="180" width="300"/>            <media:content url="https://pre00.deviantart.net/1ff5/th/pre/f/2019/026/9/2/queens_dont_by_sleepy_rosie-dcy4na5.png" height="692" width="1154" medium="image"/>            
            <description>&lt;sub&gt;so this is my character Dove&lt;br /&gt;shes a queen&lt;br /&gt;she v pretty&lt;br /&gt;the picture on the right was made in June 2018&lt;br /&gt;the picture on the left was made on January 26th 2019&lt;/sub&gt;&lt;br /&gt;&lt;div&gt;&lt;img src=&quot;https://t00.deviantart.net/54_pO6-Z6mJ6nIjOH6Yx-Ghy8vg=/300x200/filters:fixed_height(100,100):origin()/pre00/1ff5/th/pre/f/2019/026/9/2/queens_dont_by_sleepy_rosie-dcy4na5.png&quot; alt=&quot;thumbnail&quot; /&gt;&lt;/div&gt;</description>            </item>
                    <item>
                <title>Anya Romanoyav Prototype armor</title>
                <link>https://mavericklinkin.deviantart.com/art/Anya-Romanoyav-Prototype-armor-782918010</link>
                <guid isPermaLink="true">https://mavericklinkin.deviantart.com/art/Anya-Romanoyav-Prototype-armor-782918010</guid>
                <pubDate>Sat, 26 Jan 2019 19:33:52 PST</pubDate>
                        <media:title type="plain">Anya Romanoyav Prototype armor</media:title>
        <media:keywords></media:keywords>
                        <media:rating>nonadult</media:rating>
                <media:category label="Drawings">cartoons/traditional/cartoons/drawings</media:category>
        <media:credit role="author" scheme="urn:ebu">MaverickLinkin</media:credit>
        <media:credit role="author" scheme="urn:ebu">https://a.deviantart.net/avatars/m/a/mavericklinkin.png?1</media:credit>
        <media:copyright url="https://mavericklinkin.deviantart.com">Copyright 2019 MaverickLinkin</media:copyright>            <media:description type="html">Anya donning a prototype model armor developed by the Medirian military to surpass the weapons of Feurenwald and Arashijie.</media:description>            <media:thumbnail url="https://t00.deviantart.net/WyP_enJaCm1Vf-_SmJrLPYWMHmY=/fit-in/150x150/filters:no_upscale():origin()/pre00/fc1a/th/pre/i/2019/026/7/2/anya_romanoyav_prototype_armor_by_mavericklinkin-dcy4nei.jpg" height="150" width="66"/>            <media:thumbnail url="https://t00.deviantart.net/jxcYvfWCHqZrDK5A3c3InGB-c5Q=/fit-in/300x900/filters:no_upscale():origin()/pre00/fc1a/th/pre/i/2019/026/7/2/anya_romanoyav_prototype_armor_by_mavericklinkin-dcy4nei.jpg" height="687" width="300"/>            <media:thumbnail url="https://t00.deviantart.net/70nFWqtjI4X935JxbFqufq033D8=/300x200/filters:fixed_height(100,100):origin()/pre00/fc1a/th/pre/i/2019/026/7/2/anya_romanoyav_prototype_armor_by_mavericklinkin-dcy4nei.jpg" height="201" width="100"/>            <media:content url="https://pre00.deviantart.net/fc1a/th/pre/i/2019/026/7/2/anya_romanoyav_prototype_armor_by_mavericklinkin-dcy4nei.jpg" height="1353" width="591" medium="image"/>            
            <description>Anya donning a prototype model armor developed by the Medirian military to surpass the weapons of Feurenwald and Arashijie.&lt;br /&gt;&lt;div&gt;&lt;img src=&quot;https://t00.deviantart.net/70nFWqtjI4X935JxbFqufq033D8=/300x200/filters:fixed_height(100,100):origin()/pre00/fc1a/th/pre/i/2019/026/7/2/anya_romanoyav_prototype_armor_by_mavericklinkin-dcy4nei.jpg&quot; alt=&quot;thumbnail&quot; /&gt;&lt;/div&gt;</description>            </item>
                    <item>
                <title>babey eldestin</title>
                <link>https://phenola.deviantart.com/art/babey-eldestin-782917374</link>
                <guid isPermaLink="true">https://phenola.deviantart.com/art/babey-eldestin-782917374</guid>
                <pubDate>Sat, 26 Jan 2019 19:33:52 PST</pubDate>
                        <media:title type="plain">babey eldestin</media:title>
        <media:keywords></media:keywords>
                        <media:rating>nonadult</media:rating>
                <media:category label="Other">digitalart/paintings/other</media:category>
        <media:credit role="author" scheme="urn:ebu">Phenola</media:credit>
        <media:credit role="author" scheme="urn:ebu">https://a.deviantart.net/avatars/p/h/phenola.png?8</media:credit>
        <media:copyright url="https://phenola.deviantart.com">Copyright 2019 Phenola</media:copyright>            <media:description type="html">babey boy likes to yeet himself off of trees which is why he has bruises</media:description>            <media:thumbnail url="https://t00.deviantart.net/eTI5IX3w8K77HRX2NiuYViEtgBI=/fit-in/150x150/filters:no_upscale():origin()/pre00/a1b8/th/pre/f/2019/026/1/4/untitled323_20190126125737_by_phenola-dcy4mwu.png" height="150" width="150"/>            <media:thumbnail url="https://t00.deviantart.net/1mS-ZCpF8i71P7MHTmVAH6izSYE=/fit-in/300x900/filters:no_upscale():origin()/pre00/a1b8/th/pre/f/2019/026/1/4/untitled323_20190126125737_by_phenola-dcy4mwu.png" height="300" width="300"/>            <media:thumbnail url="https://t00.deviantart.net/2qi8gUdpNyF6bYx5gVcNlHMswVo=/300x200/filters:fixed_height(100,100):origin()/pre00/a1b8/th/pre/f/2019/026/1/4/untitled323_20190126125737_by_phenola-dcy4mwu.png" height="200" width="200"/>            <media:content url="https://orig00.deviantart.net/faee/f/2019/026/1/4/untitled323_20190126125737_by_phenola-dcy4mwu.png" height="768" width="768" medium="image"/>            
            <description>babey boy likes to yeet himself off of trees which is why he has bruises&lt;br /&gt;&lt;div&gt;&lt;img src=&quot;https://t00.deviantart.net/2qi8gUdpNyF6bYx5gVcNlHMswVo=/300x200/filters:fixed_height(100,100):origin()/pre00/a1b8/th/pre/f/2019/026/1/4/untitled323_20190126125737_by_phenola-dcy4mwu.png&quot; alt=&quot;thumbnail&quot; /&gt;&lt;/div&gt;</description>            </item>
                    <item>
                <title>Best Glitchy Boi</title>
                <link>https://violetthefox12.deviantart.com/art/Best-Glitchy-Boi-782918012</link>
                <guid isPermaLink="true">https://violetthefox12.deviantart.com/art/Best-Glitchy-Boi-782918012</guid>
                <pubDate>Sat, 26 Jan 2019 19:33:52 PST</pubDate>
                        <media:title type="plain">Best Glitchy Boi</media:title>
        <media:keywords></media:keywords>
                        <media:rating>nonadult</media:rating>
                <media:category label="People">traditional/drawings/people</media:category>
        <media:credit role="author" scheme="urn:ebu">Violetthefox12</media:credit>
        <media:credit role="author" scheme="urn:ebu">https://a.deviantart.net/avatars/v/i/violetthefox12.jpg?6</media:credit>
        <media:copyright url="https://violetthefox12.deviantart.com">Copyright 2019 Violetthefox12</media:copyright>            <media:description type="html">Fumble is best boi. Anyone who says otherwise can foite me-</media:description>            <media:thumbnail url="https://t00.deviantart.net/bC7LIysfvnK-1MHK7s96ca6Xlpo=/fit-in/150x150/filters:no_upscale():origin()/pre00/3431/th/pre/i/2019/026/1/c/best_glitchy_boi_by_violetthefox12-dcy4nek.jpg" height="150" width="119"/>            <media:thumbnail url="https://t00.deviantart.net/35Csakq4YSEsLvVQiLFwegtKwrU=/fit-in/300x900/filters:no_upscale():origin()/pre00/3431/th/pre/i/2019/026/1/c/best_glitchy_boi_by_violetthefox12-dcy4nek.jpg" height="379" width="300"/>            <media:thumbnail url="https://t00.deviantart.net/Gl7mUTKNJzozuZK7SZ0W0y27cic=/300x200/filters:fixed_height(100,100):origin()/pre00/3431/th/pre/i/2019/026/1/c/best_glitchy_boi_by_violetthefox12-dcy4nek.jpg" height="200" width="158"/>            <media:content url="https://pre00.deviantart.net/3431/th/pre/i/2019/026/1/c/best_glitchy_boi_by_violetthefox12-dcy4nek.jpg" height="1005" width="795" medium="image"/>            
            <description>Fumble is best boi. Anyone who says otherwise can foite me-&lt;br /&gt;&lt;div&gt;&lt;img src=&quot;https://t00.deviantart.net/Gl7mUTKNJzozuZK7SZ0W0y27cic=/300x200/filters:fixed_height(100,100):origin()/pre00/3431/th/pre/i/2019/026/1/c/best_glitchy_boi_by_violetthefox12-dcy4nek.jpg&quot; alt=&quot;thumbnail&quot; /&gt;&lt;/div&gt;</description>            </item>
                    <item>
                <title>Wrath</title>
                <link>https://chromeberandom.deviantart.com/art/Wrath-782917931</link>
                <guid isPermaLink="true">https://chromeberandom.deviantart.com/art/Wrath-782917931</guid>
                <pubDate>Sat, 26 Jan 2019 19:33:50 PST</pubDate>
                        <media:title type="plain">Wrath</media:title>
        <media:keywords></media:keywords>
                        <media:rating>nonadult</media:rating>
                <media:category label="Animals">traditional/drawings/animals</media:category>
        <media:credit role="author" scheme="urn:ebu">chromeberandom</media:credit>
        <media:credit role="author" scheme="urn:ebu">https://a.deviantart.net/avatars/c/h/chromeberandom.jpg?9</media:credit>
        <media:copyright url="https://chromeberandom.deviantart.com">Copyright 2019 chromeberandom</media:copyright>            <media:description type="html">I have nothinf better to do with my life so</media:description>            <media:thumbnail url="https://t00.deviantart.net/e7gXnXngy0bFCXmHw1gMnMu9ZfU=/fit-in/150x150/filters:no_upscale():origin()/pre00/7339/th/pre/i/2019/026/8/c/wrath_by_chromeberandom-dcy4ncb.jpg" height="113" width="150"/>            <media:thumbnail url="https://t00.deviantart.net/xg_7VAD4SysUupQAGdDDBaFMwHU=/fit-in/300x900/filters:no_upscale():origin()/pre00/7339/th/pre/i/2019/026/8/c/wrath_by_chromeberandom-dcy4ncb.jpg" height="225" width="300"/>            <media:thumbnail url="https://t00.deviantart.net/TO4K9q7BvKYZc9sj-YYobXVd31k=/300x200/filters:fixed_height(100,100):origin()/pre00/7339/th/pre/i/2019/026/8/c/wrath_by_chromeberandom-dcy4ncb.jpg" height="200" width="267"/>            <media:content url="https://img00.deviantart.net/0c98/i/2019/026/8/c/wrath_by_chromeberandom-dcy4ncb.jpg" height="768" width="1024" medium="image"/>            
            <description>I have nothinf better to do with my life so&lt;br /&gt;&lt;div&gt;&lt;img src=&quot;https://t00.deviantart.net/TO4K9q7BvKYZc9sj-YYobXVd31k=/300x200/filters:fixed_height(100,100):origin()/pre00/7339/th/pre/i/2019/026/8/c/wrath_by_chromeberandom-dcy4ncb.jpg&quot; alt=&quot;thumbnail&quot; /&gt;&lt;/div&gt;</description>            </item>
                    <item>
                <title>Antifa</title>
                <link>https://elvisrodrigues6.deviantart.com/art/Antifa-782917979</link>
                <guid isPermaLink="true">https://elvisrodrigues6.deviantart.com/art/Antifa-782917979</guid>
                <pubDate>Sat, 26 Jan 2019 19:33:50 PST</pubDate>
                        <media:title type="plain">Antifa</media:title>
        <media:keywords></media:keywords>
                        <media:rating>nonadult</media:rating>
                <media:category label="Animals">traditional/drawings/animals</media:category>
        <media:credit role="author" scheme="urn:ebu">Elvisrodrigues6</media:credit>
        <media:credit role="author" scheme="urn:ebu">https://a.deviantart.net/avatars/e/l/elvisrodrigues6.jpg?3</media:credit>
        <media:copyright url="https://elvisrodrigues6.deviantart.com">Copyright 2019 Elvisrodrigues6</media:copyright>            <media:description type="html"></media:description>            <media:thumbnail url="https://t00.deviantart.net/eGP9GxOs8-wI6c4RUevx0i68xbI=/fit-in/150x150/filters:no_upscale():origin()/pre00/fced/th/pre/f/2019/026/5/a/screenshot_2018_04_14_01_13_54_1_by_elvisrodrigues6-dcy4ndn.png" height="150" width="150"/>            <media:thumbnail url="https://t00.deviantart.net/lZYoxLug_T8qDNA8ZuBp6SiGJmg=/fit-in/300x900/filters:no_upscale():origin()/pre00/fced/th/pre/f/2019/026/5/a/screenshot_2018_04_14_01_13_54_1_by_elvisrodrigues6-dcy4ndn.png" height="299" width="300"/>            <media:thumbnail url="https://t00.deviantart.net/_byCXTVEhQya7ILAVugM_Y0vAUw=/300x200/filters:fixed_height(100,100):origin()/pre00/fced/th/pre/f/2019/026/5/a/screenshot_2018_04_14_01_13_54_1_by_elvisrodrigues6-dcy4ndn.png" height="200" width="201"/>            <media:content url="https://orig00.deviantart.net/4593/f/2019/026/5/a/screenshot_2018_04_14_01_13_54_1_by_elvisrodrigues6-dcy4ndn.png" height="718" width="720" medium="image"/>            
            <description>&lt;br /&gt;&lt;div&gt;&lt;img src=&quot;https://t00.deviantart.net/_byCXTVEhQya7ILAVugM_Y0vAUw=/300x200/filters:fixed_height(100,100):origin()/pre00/fced/th/pre/f/2019/026/5/a/screenshot_2018_04_14_01_13_54_1_by_elvisrodrigues6-dcy4ndn.png&quot; alt=&quot;thumbnail&quot; /&gt;&lt;/div&gt;</description>            </item>
                    <item>
                <title>b i t c h e s b e c r a z y</title>
                <link>https://nattydread123.deviantart.com/art/b-i-t-c-h-e-s-b-e-c-r-a-z-y-782915940</link>
                <guid isPermaLink="true">https://nattydread123.deviantart.com/art/b-i-t-c-h-e-s-b-e-c-r-a-z-y-782915940</guid>
                <pubDate>Sat, 26 Jan 2019 19:33:49 PST</pubDate>
                        <media:title type="plain">b i t c h e s b e c r a z y</media:title>
        <media:keywords></media:keywords>
                        <media:rating>nonadult</media:rating>
                <media:category label="Drawings">cartoons/traditional/cartoons/drawings</media:category>
        <media:credit role="author" scheme="urn:ebu">Nattydread123</media:credit>
        <media:credit role="author" scheme="urn:ebu">https://a.deviantart.net/avatars/n/a/nattydread123.png?3</media:credit>
        <media:copyright url="https://nattydread123.deviantart.com">Copyright 2019 Nattydread123</media:copyright>            <media:description type="html">e</media:description>            </item>
                    <item>
                <title>Chelsea Deville</title>
                <link>https://tiffany-ann.deviantart.com/art/Chelsea-Deville-782917949</link>
                <guid isPermaLink="true">https://tiffany-ann.deviantart.com/art/Chelsea-Deville-782917949</guid>
                <pubDate>Sat, 26 Jan 2019 19:33:48 PST</pubDate>
                        <media:title type="plain">Chelsea Deville</media:title>
        <media:keywords></media:keywords>
                        <media:rating>nonadult</media:rating>
                <media:category label="Fashion Portraits">photography/people/fashion</media:category>
        <media:credit role="author" scheme="urn:ebu">Tiffany-Ann</media:credit>
        <media:credit role="author" scheme="urn:ebu">https://a.deviantart.net/avatars/t/i/tiffany-ann.jpg?8</media:credit>
        <media:copyright url="https://tiffany-ann.deviantart.com">Copyright 2019 Tiffany-Ann</media:copyright>            <media:description type="html">Model: Chelsea Deville&amp;nbsp;&lt;br /&gt;Photographer: Tiffany Moon&lt;br /&gt;&lt;br /&gt;2015&amp;nbsp;&lt;br /&gt;&lt;br /&gt;IG: &lt;a class=&quot;external&quot; href=&quot;https://www.deviantart.com/users/outgoing?http://www.instagram.com/elvenwitchtiff&quot;&gt;www.instagram.com/elvenwitchti&amp;hellip;&lt;/a&gt;&lt;br /&gt;FB: &lt;a class=&quot;external&quot; href=&quot;https://www.deviantart.com/users/outgoing?http://www.facebook.com/thetiffanymoon&quot;&gt;www.facebook.com/thetiffanymoo&amp;hellip;&lt;/a&gt;&lt;br /&gt;Tumblr: &lt;a class=&quot;external&quot; href=&quot;https://www.deviantart.com/users/outgoing?http://elvenwitchtiff.tumblr.com&quot;&gt;elvenwitchtiff.tumblr.com&lt;/a&gt;</media:description>            <media:thumbnail url="https://t00.deviantart.net/9fHuCjfKYL7xXUgr9y1-PtuFniw=/fit-in/150x150/filters:no_upscale():origin()/pre00/e16d/th/pre/f/2019/026/b/f/2015chelseadeville25_by_tiffany_ann-dcy4nct.jpg" height="150" width="100"/>            <media:thumbnail url="https://t00.deviantart.net/ns86Tjm6WOWQ8eLb7Q_lt0duEr0=/fit-in/300x900/filters:no_upscale():origin()/pre00/e16d/th/pre/f/2019/026/b/f/2015chelseadeville25_by_tiffany_ann-dcy4nct.jpg" height="450" width="300"/>            <media:thumbnail url="https://t00.deviantart.net/HyRRaaVHM-sxwYbNYD7-1_aMNZE=/300x200/filters:fixed_height(100,100):origin()/pre00/e16d/th/pre/f/2019/026/b/f/2015chelseadeville25_by_tiffany_ann-dcy4nct.jpg" height="200" width="133"/>            <media:content url="https://orig00.deviantart.net/99f0/f/2019/026/b/f/2015chelseadeville25_by_tiffany_ann-dcy4nct.jpg" height="900" width="600" medium="image"/>            
            <description>Model: Chelsea Deville&amp;nbsp;&lt;br /&gt;Photographer: Tiffany Moon&lt;br /&gt;&lt;br /&gt;2015&amp;nbsp;&lt;br /&gt;&lt;br /&gt;IG: &lt;a class=&quot;external&quot; href=&quot;https://www.deviantart.com/users/outgoing?http://www.instagram.com/elvenwitchtiff&quot;&gt;www.instagram.com/elvenwitchti&amp;hellip;&lt;/a&gt;&lt;br /&gt;FB: &lt;a class=&quot;external&quot; href=&quot;https://www.deviantart.com/users/outgoing?http://www.facebook.com/thetiffanymoon&quot;&gt;www.facebook.com/thetiffanymoo&amp;hellip;&lt;/a&gt;&lt;br /&gt;Tumblr: &lt;a class=&quot;external&quot; href=&quot;https://www.deviantart.com/users/outgoing?http://elvenwitchtiff.tumblr.com&quot;&gt;elvenwitchtiff.tumblr.com&lt;/a&gt;&lt;br /&gt;&lt;div&gt;&lt;img src=&quot;https://t00.deviantart.net/HyRRaaVHM-sxwYbNYD7-1_aMNZE=/300x200/filters:fixed_height(100,100):origin()/pre00/e16d/th/pre/f/2019/026/b/f/2015chelseadeville25_by_tiffany_ann-dcy4nct.jpg&quot; alt=&quot;thumbnail&quot; /&gt;&lt;/div&gt;</description>            </item>
                    <item>
                <title>Croissant</title>
                <link>https://burnttoastanimates.deviantart.com/art/Croissant-782918008</link>
                <guid isPermaLink="true">https://burnttoastanimates.deviantart.com/art/Croissant-782918008</guid>
                <pubDate>Sat, 26 Jan 2019 19:33:48 PST</pubDate>
                        <media:title type="plain">Croissant</media:title>
        <media:keywords></media:keywords>
                        <media:rating>nonadult</media:rating>
                <media:category label="Other">digitalart/paintings/other</media:category>
        <media:credit role="author" scheme="urn:ebu">BurntToastAnimates</media:credit>
        <media:credit role="author" scheme="urn:ebu">https://a.deviantart.net/avatars/b/u/burnttoastanimates.jpg?3</media:credit>
        <media:copyright url="https://burnttoastanimates.deviantart.com">Copyright 2019 BurntToastAnimates</media:copyright>            <media:description type="html"></media:description>            <media:thumbnail url="https://t00.deviantart.net/NAs3tgvYQTxwVcOrAdaT8ErPdL4=/fit-in/150x150/filters:no_upscale():origin()/pre00/8211/th/pre/i/2019/026/3/c/croissant_by_burnttoastanimates-dcy4neg.jpg" height="150" width="150"/>            <media:thumbnail url="https://t00.deviantart.net/Z0zN_H5RvlBMln5ShJnyN_ecTkg=/fit-in/300x900/filters:no_upscale():origin()/pre00/8211/th/pre/i/2019/026/3/c/croissant_by_burnttoastanimates-dcy4neg.jpg" height="300" width="300"/>            <media:thumbnail url="https://t00.deviantart.net/HK9J22hrUgwVHjVvjNz1xaxoWMI=/300x200/filters:fixed_height(100,100):origin()/pre00/8211/th/pre/i/2019/026/3/c/croissant_by_burnttoastanimates-dcy4neg.jpg" height="200" width="200"/>            <media:content url="https://pre00.deviantart.net/8211/th/pre/i/2019/026/3/c/croissant_by_burnttoastanimates-dcy4neg.jpg" height="894" width="894" medium="image"/>            
            <description>&lt;br /&gt;&lt;div&gt;&lt;img src=&quot;https://t00.deviantart.net/HK9J22hrUgwVHjVvjNz1xaxoWMI=/300x200/filters:fixed_height(100,100):origin()/pre00/8211/th/pre/i/2019/026/3/c/croissant_by_burnttoastanimates-dcy4neg.jpg&quot; alt=&quot;thumbnail&quot; /&gt;&lt;/div&gt;</description>            </item>
                    <item>
                <title>Icon Natsu Dragneel 1</title>
                <link>https://mayrakachan0.deviantart.com/art/Icon-Natsu-Dragneel-1-782917762</link>
                <guid isPermaLink="true">https://mayrakachan0.deviantart.com/art/Icon-Natsu-Dragneel-1-782917762</guid>
                <pubDate>Sat, 26 Jan 2019 19:33:47 PST</pubDate>
                        <media:title type="plain">Icon Natsu Dragneel 1</media:title>
        <media:keywords></media:keywords>
                        <media:rating>nonadult</media:rating>
                <media:category label="Sci-Fi">digitalart/photomanip/scifi</media:category>
        <media:credit role="author" scheme="urn:ebu">MayraKachan0</media:credit>
        <media:credit role="author" scheme="urn:ebu">https://a.deviantart.net/avatars/m/a/mayrakachan0.jpg?6</media:credit>
        <media:copyright url="https://mayrakachan0.deviantart.com">Copyright 2019 MayraKachan0</media:copyright>            <media:description type="html"></media:description>            <media:thumbnail url="https://t00.deviantart.net/2FQJ8UvQVA_RfHIcSdTl62g77Go=/fit-in/150x150/filters:no_upscale():origin()/pre00/a947/th/pre/f/2019/026/1/8/icon_natsu_dragneel_1_by_mayrakachan0-dcy4n7m.png" height="150" width="150"/>            <media:thumbnail url="https://t00.deviantart.net/acCzPCRynL9QHTlUd5m8ZRo2JSg=/fit-in/300x900/filters:no_upscale():origin()/pre00/a947/th/pre/f/2019/026/1/8/icon_natsu_dragneel_1_by_mayrakachan0-dcy4n7m.png" height="300" width="300"/>            <media:thumbnail url="https://t00.deviantart.net/uQ-eRt6epuepk7JqCBMFeOpx9iI=/300x200/filters:fixed_height(100,100):origin()/pre00/a947/th/pre/f/2019/026/1/8/icon_natsu_dragneel_1_by_mayrakachan0-dcy4n7m.png" height="200" width="200"/>            <media:content url="https://orig00.deviantart.net/cd41/f/2019/026/1/8/icon_natsu_dragneel_1_by_mayrakachan0-dcy4n7m.png" height="400" width="400" medium="image"/>            
            <description>&lt;br /&gt;&lt;div&gt;&lt;img src=&quot;https://t00.deviantart.net/uQ-eRt6epuepk7JqCBMFeOpx9iI=/300x200/filters:fixed_height(100,100):origin()/pre00/a947/th/pre/f/2019/026/1/8/icon_natsu_dragneel_1_by_mayrakachan0-dcy4n7m.png&quot; alt=&quot;thumbnail&quot; /&gt;&lt;/div&gt;</description>            </item>
                    <item>
                <title>Gigloo from SM5 Star Wars</title>
                <link>https://superiorcrown24.deviantart.com/art/Gigloo-from-SM5-Star-Wars-782917467</link>
                <guid isPermaLink="true">https://superiorcrown24.deviantart.com/art/Gigloo-from-SM5-Star-Wars-782917467</guid>
                <pubDate>Sat, 26 Jan 2019 19:33:47 PST</pubDate>
                        <media:title type="plain">Gigloo from SM5 Star Wars</media:title>
        <media:keywords></media:keywords>
                        <media:rating>nonadult</media:rating>
                <media:category label="Other">customization/emoticons/other</media:category>
        <media:credit role="author" scheme="urn:ebu">SuperiorCrown24</media:credit>
        <media:credit role="author" scheme="urn:ebu">https://a.deviantart.net/avatars/s/u/superiorcrown24.png?11</media:credit>
        <media:copyright url="https://superiorcrown24.deviantart.com">Copyright 2019 SuperiorCrown24</media:copyright>            <media:description type="html">Here is the second Pokemon from Saturn and Mars: Star Wars.This Pokemon is mainly featured in the Ice Armor Theme Deck and is a regular Rare.Credits to WaterTrainer and Chai-Tao for the Pokemon&lt;br /&gt;&lt;br /&gt;Gigloo (Stage 2: Evolves from Iglow)&lt;br /&gt;Ice Pokemon (The first one)&lt;br /&gt;HP: 180&lt;br /&gt;Weakness: Metal&lt;br /&gt;Resistance: None&lt;br /&gt;Set: Star Wars (226/267)&lt;br /&gt;&lt;br /&gt;Ability: Giant Resistance&lt;br /&gt;&quot;Any damage done to this Pokemon is reduced by 50&quot;&lt;br /&gt;&lt;br /&gt;Attack: [I] [I] [I] [C] Titanic Stomp 120 Damage&lt;br /&gt;&quot;Flip a coin for each Ice Pokemon in play.For each heads,discard an energy attached to your opponents active Pokemon&quot;</media:description>            <media:thumbnail url="https://t00.deviantart.net/DroDMdenxakaDcG0OHdfVswYBss=/fit-in/150x150/filters:no_upscale():origin()/pre00/1907/th/pre/i/2019/026/9/9/gigloo_from_sm5_star_wars_by_superiorcrown24-dcy4mzf.png" height="75" width="150"/>            <media:thumbnail url="https://t00.deviantart.net/SQBRLULIuf4I_8xPc-VOwGC34Mk=/fit-in/300x900/filters:no_upscale():origin()/pre00/1907/th/pre/i/2019/026/9/9/gigloo_from_sm5_star_wars_by_superiorcrown24-dcy4mzf.png" height="149" width="300"/>            <media:thumbnail url="https://t00.deviantart.net/wwvjWa097xDJD4VRByl3lOK-gE0=/300x200/filters:fixed_height(100,100):origin()/pre00/1907/th/pre/i/2019/026/9/9/gigloo_from_sm5_star_wars_by_superiorcrown24-dcy4mzf.png" height="149" width="300"/>            <media:content url="https://img00.deviantart.net/c99a/i/2019/026/9/9/gigloo_from_sm5_star_wars_by_superiorcrown24-dcy4mzf.png" height="199" width="400" medium="image"/>            
            <description>Here is the second Pokemon from Saturn and Mars: Star Wars.This Pokemon is mainly featured in the Ice Armor Theme Deck and is a regular Rare.Credits to WaterTrainer and Chai-Tao for the Pokemon&lt;br /&gt;&lt;br /&gt;Gigloo (Stage 2: Evolves from Iglow)&lt;br /&gt;Ice Pokemon (The first one)&lt;br /&gt;HP: 180&lt;br /&gt;Weakness: Metal&lt;br /&gt;Resistance: None&lt;br /&gt;Set: Star Wars (226/267)&lt;br /&gt;&lt;br /&gt;Ability: Giant Resistance&lt;br /&gt;&quot;Any damage done to this Pokemon is reduced by 50&quot;&lt;br /&gt;&lt;br /&gt;Attack: [I] [I] [I] [C] Titanic Stomp 120 Damage&lt;br /&gt;&quot;Flip a coin for each Ice Pokemon in play.For each heads,discard an energy attached to your opponents active Pokemon&quot;&lt;br /&gt;&lt;div&gt;&lt;img src=&quot;https://t00.deviantart.net/wwvjWa097xDJD4VRByl3lOK-gE0=/300x200/filters:fixed_height(100,100):origin()/pre00/1907/th/pre/i/2019/026/9/9/gigloo_from_sm5_star_wars_by_superiorcrown24-dcy4mzf.png&quot; alt=&quot;thumbnail&quot; /&gt;&lt;/div&gt;</description>            </item>
                    <item>
                <title>enleve ta tete</title>
                <link>https://r3ddish.deviantart.com/art/enleve-ta-tete-782917303</link>
                <guid isPermaLink="true">https://r3ddish.deviantart.com/art/enleve-ta-tete-782917303</guid>
                <pubDate>Sat, 26 Jan 2019 19:33:46 PST</pubDate>
                        <media:title type="plain">enleve ta tete</media:title>
        <media:keywords></media:keywords>
                        <media:rating>adult</media:rating>
                <media:category label="Games">fanart/digital/drawings/games</media:category>
        <media:credit role="author" scheme="urn:ebu">r3ddish</media:credit>
        <media:credit role="author" scheme="urn:ebu">https://a.deviantart.net/avatars/r/3/r3ddish.png?11</media:credit>
        <media:copyright url="https://r3ddish.deviantart.com">Copyright 2019 r3ddish</media:copyright>            <media:description type="html">(I tried putting in the accent marks but deviant art was bein a BITCH&lt;br /&gt;JKIloveyoudeviantart</media:description>            <media:thumbnail url="https://t00.deviantart.net/Aca1vqX97zcG1AelyVN1RQ5DCWw=/fit-in/150x150/filters:no_upscale():origin()/pre00/8942/th/pre/i/2019/026/1/3/enleve_ta_tete_by_r3ddish-dcy4muv.png" height="150" width="150"/>            <media:thumbnail url="https://t00.deviantart.net/hx3q2iElqIh5lFOwDSl8_8mQJsA=/fit-in/300x900/filters:no_upscale():origin()/pre00/8942/th/pre/i/2019/026/1/3/enleve_ta_tete_by_r3ddish-dcy4muv.png" height="300" width="300"/>            <media:thumbnail url="https://t00.deviantart.net/pwQ1sZ-9vld2mkHBcOLYmc_SuiA=/300x200/filters:fixed_height(100,100):origin()/pre00/8942/th/pre/i/2019/026/1/3/enleve_ta_tete_by_r3ddish-dcy4muv.png" height="200" width="200"/>            <media:content url="https://pre00.deviantart.net/8942/th/pre/i/2019/026/1/3/enleve_ta_tete_by_r3ddish-dcy4muv.png" height="894" width="894" medium="image"/>            
            <description>(I tried putting in the accent marks but deviant art was bein a BITCH&lt;br /&gt;JKIloveyoudeviantart&lt;br /&gt;&lt;div&gt;&lt;img src=&quot;https://t00.deviantart.net/pwQ1sZ-9vld2mkHBcOLYmc_SuiA=/300x200/filters:fixed_height(100,100):origin()/pre00/8942/th/pre/i/2019/026/1/3/enleve_ta_tete_by_r3ddish-dcy4muv.png&quot; alt=&quot;thumbnail&quot; /&gt;&lt;/div&gt;</description>            </item>
                    <item>
                <title>Zetta</title>
                <link>https://slyzeke101.deviantart.com/art/Zetta-782917995</link>
                <guid isPermaLink="true">https://slyzeke101.deviantart.com/art/Zetta-782917995</guid>
                <pubDate>Sat, 26 Jan 2019 19:33:44 PST</pubDate>
                        <media:title type="plain">Zetta</media:title>
        <media:keywords></media:keywords>
                        <media:rating>nonadult</media:rating>
                <media:category label="Games">fanart/manga/traditional/games</media:category>
        <media:credit role="author" scheme="urn:ebu">SlyZeke101</media:credit>
        <media:credit role="author" scheme="urn:ebu">https://a.deviantart.net/avatars/s/l/slyzeke101.png?5</media:credit>
        <media:copyright url="https://slyzeke101.deviantart.com">Copyright 2019 SlyZeke101</media:copyright>            <media:description type="html">General&lt;br /&gt;Name: Zetta Proyectil&lt;br /&gt;Age: 14&lt;br /&gt;Gender: Female &lt;br /&gt;Height: 5,6&lt;br /&gt;Weight: Light &lt;br /&gt;Birthday: December 3&lt;br /&gt;Personality: Impulsive and Crafty&lt;br /&gt;Association: The Legionnaires &lt;br /&gt;Race: Human&lt;br /&gt;Weapon: Launcher&lt;br /&gt;Sub-weapon: Plasma Grenades&lt;br /&gt;&amp;#10044; &amp;#8226;&amp;#8226; &amp;#9480;&amp;#9480;&amp;#9480;&amp;#9480;&amp;#9480;&amp;#9480;&amp;#9480;&amp;#9480;&amp;#9480;&amp;#9480;&amp;#9480;&amp;#9480; &amp;#8226;&amp;#8226; &amp;#10044;&lt;br /&gt;Job&lt;br /&gt;Path 1&lt;br /&gt;Bomb Blaster&amp;#10145;&amp;#65039; Frag Tosser &amp;#10145;&amp;#65039; Especia Trapper&lt;br /&gt;Weapons: Launcher, Plasma Grenades, Landmines&lt;br /&gt;&lt;br /&gt;Path 2&lt;br /&gt;Rocket Blaster &amp;#10145;&amp;#65039; Nuke Rider &amp;#10145;&amp;#65039; Bellona&lt;br /&gt;&lt;br /&gt;Weapons: Launcher, Plasma Grenades, Rocketboard &lt;br /&gt;&lt;br /&gt;Path 3&lt;br /&gt;Atomic Blaster &amp;#10145;&amp;#65039; Ionic Buster &amp;#10145;&amp;#65039; Energia Luminosa&lt;br /&gt;&lt;br /&gt;Weapons: Launcher, Plasma Grenades, Raygun &lt;br /&gt;&lt;br /&gt;Skills&lt;br /&gt;&amp;#10044; &amp;#8226;&amp;#8226; &amp;#9480;&amp;#9480;&amp;#9480;&amp;#9480;&amp;#9480;&amp;#9480;&amp;#9480;&amp;#9480;&amp;#9480;&amp;#9480;&amp;#9480;&amp;#9480; &amp;#8226;&amp;#8226; &amp;#10044;&lt;br /&gt;Appearance&lt;br /&gt;Hair color: Brightish Teal/Verdigris&lt;br /&gt;Eye color: Darkish Teal&lt;br /&gt;Skin color: Chocolate &lt;br /&gt;Special traits: Scar on right eyebrow &lt;br /&gt;Outfit:&lt;br /&gt;Based on Sombra from Overwatch&lt;br /&gt;&amp;#10044; &amp;#8226;&amp;#8226; &amp;#9480;&amp;#9480;&amp;#9480;&amp;#9480;&amp;#9480;&amp;#9480;&amp;#9480;&amp;#9480;&amp;#9480;&amp;#9480;&amp;#9480;&amp;#9480; &amp;#8226;&amp;#8226; &amp;#10044;&lt;br /&gt;Interest&lt;br /&gt;Likes: Exploives, Guys with nice muscles&lt;br /&gt;Dislikes: Fake bombs&lt;br /&gt;Love interest: Pywell &lt;br /&gt;&amp;#10044; &amp;#8226;&amp;#8226; &amp;#9480;&amp;#9480;&amp;#9480;&amp;#9480;&amp;#9480;&amp;#9480;&amp;#9480;&amp;#9480;&amp;#9480;&amp;#9480;&amp;#9480;&amp;#9480; &amp;#8226;&amp;#8226; &amp;#10044;&lt;br /&gt;Ability&lt;br /&gt;HP: 5/5&lt;br /&gt;PATK: 5/5&lt;br /&gt;MATK: 4/5&lt;br /&gt;Speed: Average/Fast&lt;br /&gt;Attack Range: Medium/Long&lt;br /&gt;Strength: Good with exploive attacks &lt;br /&gt;Weakness: Bad with punching &lt;br /&gt;Talent: Her Character System, Demolition Tactics, is similar to Chung&amp;#8217;s Freiturnier but she can reload automatically &lt;br /&gt;&amp;#10044; &amp;#8226;&amp;#8226; &amp;#9480;&amp;#9480;&amp;#9480;&amp;#9480;&amp;#9480;&amp;#9480;&amp;#9480;&amp;#9480;&amp;#9480;&amp;#9480;&amp;#9480;&amp;#9480; &amp;#8226;&amp;#8226; &amp;#10044;&lt;br /&gt;Backstory&lt;br /&gt;Zetta is a mercenary from Lanox, She had been living on her own since her family was practically rich from all the explosives she sells. Her parents praised her for genius and let&amp;#8217;s her live in her own house. Zetta enjoyed a carefree life despite living in the criminal underworld most of the time. She enjoyed sleeping, gazing at the sunset and sunrise as well as trees or passing clouds, and the taste of dumplings and soda. Occasionally she sometimes gaze on handsome men with glorious muscles but too shy to interact with them.&lt;br /&gt;&lt;br /&gt;One night, when She turned fourteen, she was walking along and saw a gang of thugs harassing a family, the father was beaten to a pulp, the mother was being restrained and the kids were too scared to do anything. so Zetta felt obliged to interfere and took immediate action. She smacked one of the thugs with her Launcher then the rest started shooting at her, She quickly took cover but realized that she didn&amp;#8217;t reload her Launcher so she had no choice but to use her prototype Plasma Grenades then blew the rest of the remaining thugs away with perfect accuracy. Zetta was captured by the police and given a sentence of fifteen to thirty years in prison. Though she nearly lost her life and only killed the men in self-defense to save a family from being murdered and possible enslavement , no one believed that she could use prototype explosives during a crossfire without getting injured, not to mention her using them showed her intention to kill the men. Luckily for her, there were witnesses around the time and they prove her innocence. Zetta was freed a week later, then went back to selling explosives, eventually she met the Legionnaires and now she serves as their explosive specialist.&lt;br /&gt;&lt;br /&gt;&amp;#10044; &amp;#8226;&amp;#8226; &amp;#9480;&amp;#9480;&amp;#9480;&amp;#9480;&amp;#9480;&amp;#9480;&amp;#9480;&amp;#9480;&amp;#9480;&amp;#9480;&amp;#9480;&amp;#9480; &amp;#8226;&amp;#8226; &amp;#10044;&lt;br /&gt;Fun facts/Trivia&lt;br /&gt;Her last name is based on the Spanish word for projectile &lt;br /&gt;&lt;br /&gt;She has sthenolagnia, a fetish for muscular people.&lt;br /&gt;&lt;br /&gt;Her clothes were originally gonna based on Rocket Raccon from Guardians of the Galaxy and Teemo from League of Legends&lt;br /&gt;&lt;br /&gt;Especia is the Spanish word for spice&lt;br /&gt;&lt;br /&gt;Bellona was an ancient Roman goddess of war. Her main attribute is the military helmet worn on her head; she often holds a sword, spear, or shield, and brandishes a torch or whip as she rides into battle in a four-horse chariot.&lt;br /&gt;&lt;br /&gt;Energia Luminosa is a Spanish for light energy &lt;br /&gt;&lt;br /&gt;&amp;#10044; &amp;#8226;&amp;#8226; &amp;#9480;&amp;#9480;&amp;#9480;&amp;#9480;&amp;#9480;&amp;#9480;&amp;#9480;&amp;#9480;&amp;#9480;&amp;#9480;&amp;#9480;&amp;#9480; &amp;#8226;&amp;#8226; &amp;#10044;</media:description>            <media:thumbnail url="https://t00.deviantart.net/tJTtJbQWy8XztqECgC7piDtCzZs=/fit-in/150x150/filters:no_upscale():origin()/pre00/1dac/th/pre/i/2019/026/c/f/zetta_by_slyzeke101-dcy4ne3.png" height="150" width="114"/>            <media:thumbnail url="https://t00.deviantart.net/r9HUdAgt9O_ufNTOsAlmcOUToO8=/fit-in/300x900/filters:no_upscale():origin()/pre00/1dac/th/pre/i/2019/026/c/f/zetta_by_slyzeke101-dcy4ne3.png" height="395" width="300"/>            <media:thumbnail url="https://t00.deviantart.net/ibn3ywmliFwPEl23_3UpVqeAoCI=/300x200/filters:fixed_height(100,100):origin()/pre00/1dac/th/pre/i/2019/026/c/f/zetta_by_slyzeke101-dcy4ne3.png" height="200" width="152"/>            <media:content url="https://img00.deviantart.net/95e1/i/2019/026/c/f/zetta_by_slyzeke101-dcy4ne3.png" height="526" width="400" medium="image"/>            
            <description>General&lt;br /&gt;Name: Zetta Proyectil&lt;br /&gt;Age: 14&lt;br /&gt;Gender: Female &lt;br /&gt;Height: 5,6&lt;br /&gt;Weight: Light &lt;br /&gt;Birthday: December 3&lt;br /&gt;Personality: Impulsive and Crafty&lt;br /&gt;Association: The Legionnaires &lt;br /&gt;Race: Human&lt;br /&gt;Weapon: Launcher&lt;br /&gt;Sub-weapon: Plasma Grenades&lt;br /&gt;&amp;#10044; &amp;#8226;&amp;#8226; &amp;#9480;&amp;#9480;&amp;#9480;&amp;#9480;&amp;#9480;&amp;#9480;&amp;#9480;&amp;#9480;&amp;#9480;&amp;#9480;&amp;#9480;&amp;#9480; &amp;#8226;&amp;#8226; &amp;#10044;&lt;br /&gt;Job&lt;br /&gt;Path 1&lt;br /&gt;Bomb Blaster&amp;#10145;&amp;#65039; Frag Tosser &amp;#10145;&amp;#65039; Especia Trapper&lt;br /&gt;Weapons: Launcher, Plasma Grenades, Landmines&lt;br /&gt;&lt;br /&gt;Path 2&lt;br /&gt;Rocket Blaster &amp;#10145;&amp;#65039; Nuke Rider &amp;#10145;&amp;#65039; Bellona&lt;br /&gt;&lt;br /&gt;Weapons: Launcher, Plasma Grenades, Rocketboard &lt;br /&gt;&lt;br /&gt;Path 3&lt;br /&gt;Atomic Blaster &amp;#10145;&amp;#65039; Ionic Buster &amp;#10145;&amp;#65039; Energia Luminosa&lt;br /&gt;&lt;br /&gt;Weapons: Launcher, Plasma Grenades, Raygun &lt;br /&gt;&lt;br /&gt;Skills&lt;br /&gt;&amp;#10044; &amp;#8226;&amp;#8226; &amp;#9480;&amp;#9480;&amp;#9480;&amp;#9480;&amp;#9480;&amp;#9480;&amp;#9480;&amp;#9480;&amp;#9480;&amp;#9480;&amp;#9480;&amp;#9480; &amp;#8226;&amp;#8226; &amp;#10044;&lt;br /&gt;Appearance&lt;br /&gt;Hair color: Brightish Teal/Verdigris&lt;br /&gt;Eye color: Darkish Teal&lt;br /&gt;Skin color: Chocolate &lt;br /&gt;Special traits: Scar on right eyebrow &lt;br /&gt;Outfit:&lt;br /&gt;Based on Sombra from Overwatch&lt;br /&gt;&amp;#10044; &amp;#8226;&amp;#8226; &amp;#9480;&amp;#9480;&amp;#9480;&amp;#9480;&amp;#9480;&amp;#9480;&amp;#9480;&amp;#9480;&amp;#9480;&amp;#9480;&amp;#9480;&amp;#9480; &amp;#8226;&amp;#8226; &amp;#10044;&lt;br /&gt;Interest&lt;br /&gt;Likes: Exploives, Guys with nice muscles&lt;br /&gt;Dislikes: Fake bombs&lt;br /&gt;Love interest: Pywell &lt;br /&gt;&amp;#10044; &amp;#8226;&amp;#8226; &amp;#9480;&amp;#9480;&amp;#9480;&amp;#9480;&amp;#9480;&amp;#9480;&amp;#9480;&amp;#9480;&amp;#9480;&amp;#9480;&amp;#9480;&amp;#9480; &amp;#8226;&amp;#8226; &amp;#10044;&lt;br /&gt;Ability&lt;br /&gt;HP: 5/5&lt;br /&gt;PATK: 5/5&lt;br /&gt;MATK: 4/5&lt;br /&gt;Speed: Average/Fast&lt;br /&gt;Attack Range: Medium/Long&lt;br /&gt;Strength: Good with exploive attacks &lt;br /&gt;Weakness: Bad with punching &lt;br /&gt;Talent: Her Character System, Demolition Tactics, is similar to Chung&amp;#8217;s Freiturnier but she can reload automatically &lt;br /&gt;&amp;#10044; &amp;#8226;&amp;#8226; &amp;#9480;&amp;#9480;&amp;#9480;&amp;#9480;&amp;#9480;&amp;#9480;&amp;#9480;&amp;#9480;&amp;#9480;&amp;#9480;&amp;#9480;&amp;#9480; &amp;#8226;&amp;#8226; &amp;#10044;&lt;br /&gt;Backstory&lt;br /&gt;Zetta is a mercenary from Lanox, She had been living on her own since her family was practically rich from all the explosives she sells. Her parents praised her for genius and let&amp;#8217;s her live in her own house. Zetta enjoyed a carefree life despite living in the criminal underworld most of the time. She enjoyed sleeping, gazing at the sunset and sunrise as well as trees or passing clouds, and the taste of dumplings and soda. Occasionally she sometimes gaze on handsome men with glorious muscles but too shy to interact with them.&lt;br /&gt;&lt;br /&gt;One night, when She turned fourteen, she was walking along and saw a gang of thugs harassing a family, the father was beaten to a pulp, the mother was being restrained and the kids were too scared to do anything. so Zetta felt obliged to interfere and took immediate action. She smacked one of the thugs with her Launcher then the rest started shooting at her, She quickly took cover but realized that she didn&amp;#8217;t reload her Launcher so she had no choice but to use her prototype Plasma Grenades then blew the rest of the remaining thugs away with perfect accuracy. Zetta was captured by the police and given a sentence of fifteen to thirty years in prison. Though she nearly lost her life and only killed the men in self-defense to save a family from being murdered and possible enslavement , no one believed that she could use prototype explosives during a crossfire without getting injured, not to mention her using them showed her intention to kill the men. Luckily for her, there were witnesses around the time and they prove her innocence. Zetta was freed a week later, then went back to selling explosives, eventually she met the Legionnaires and now she serves as their explosive specialist.&lt;br /&gt;&lt;br /&gt;&amp;#10044; &amp;#8226;&amp;#8226; &amp;#9480;&amp;#9480;&amp;#9480;&amp;#9480;&amp;#9480;&amp;#9480;&amp;#9480;&amp;#9480;&amp;#9480;&amp;#9480;&amp;#9480;&amp;#9480; &amp;#8226;&amp;#8226; &amp;#10044;&lt;br /&gt;Fun facts/Trivia&lt;br /&gt;Her last name is based on the Spanish word for projectile &lt;br /&gt;&lt;br /&gt;She has sthenolagnia, a fetish for muscular people.&lt;br /&gt;&lt;br /&gt;Her clothes were originally gonna based on Rocket Raccon from Guardians of the Galaxy and Teemo from League of Legends&lt;br /&gt;&lt;br /&gt;Especia is the Spanish word for spice&lt;br /&gt;&lt;br /&gt;Bellona was an ancient Roman goddess of war. Her main attribute is the military helmet worn on her head; she often holds a sword, spear, or shield, and brandishes a torch or whip as she rides into battle in a four-horse chariot.&lt;br /&gt;&lt;br /&gt;Energia Luminosa is a Spanish for light energy &lt;br /&gt;&lt;br /&gt;&amp;#10044; &amp;#8226;&amp;#8226; &amp;#9480;&amp;#9480;&amp;#9480;&amp;#9480;&amp;#9480;&amp;#9480;&amp;#9480;&amp;#9480;&amp;#9480;&amp;#9480;&amp;#9480;&amp;#9480; &amp;#8226;&amp;#8226; &amp;#10044;&lt;br /&gt;&lt;div&gt;&lt;img src=&quot;https://t00.deviantart.net/ibn3ywmliFwPEl23_3UpVqeAoCI=/300x200/filters:fixed_height(100,100):origin()/pre00/1dac/th/pre/i/2019/026/c/f/zetta_by_slyzeke101-dcy4ne3.png&quot; alt=&quot;thumbnail&quot; /&gt;&lt;/div&gt;</description>            </item>
                    <item>
                <title>Gabriel</title>
                <link>https://tsuriyare.deviantart.com/art/Gabriel-782917937</link>
                <guid isPermaLink="true">https://tsuriyare.deviantart.com/art/Gabriel-782917937</guid>
                <pubDate>Sat, 26 Jan 2019 19:33:44 PST</pubDate>
                        <media:title type="plain">Gabriel</media:title>
        <media:keywords></media:keywords>
                        <media:rating>nonadult</media:rating>
                <media:category label="Drawings">manga/traditional/drawings</media:category>
        <media:credit role="author" scheme="urn:ebu">tsuriyare</media:credit>
        <media:credit role="author" scheme="urn:ebu">https://a.deviantart.net/avatars/t/s/tsuriyare.png?7</media:credit>
        <media:copyright url="https://tsuriyare.deviantart.com">Copyright 2019 tsuriyare</media:copyright>            <media:description type="html">My beautiful vampire boy</media:description>            <media:thumbnail url="https://t00.deviantart.net/ru96-EujOfrT3UUmZe_LWhYA7s0=/fit-in/150x150/filters:no_upscale():origin()/pre00/b2bc/th/pre/i/2019/026/3/a/gabriel_by_tsuriyare-dcy4nch.jpg" height="130" width="150"/>            <media:thumbnail url="https://t00.deviantart.net/oh0oqonwf3RVWq0ZAYbjuQcWZ84=/fit-in/300x900/filters:no_upscale():origin()/pre00/b2bc/th/pre/i/2019/026/3/a/gabriel_by_tsuriyare-dcy4nch.jpg" height="261" width="300"/>            <media:thumbnail url="https://t00.deviantart.net/8q3lVUWGM9WXLUDa55dyNqXyYdE=/300x200/filters:fixed_height(100,100):origin()/pre00/b2bc/th/pre/i/2019/026/3/a/gabriel_by_tsuriyare-dcy4nch.jpg" height="200" width="230"/>            <media:content url="https://pre00.deviantart.net/b2bc/th/pre/i/2019/026/3/a/gabriel_by_tsuriyare-dcy4nch.jpg" height="834" width="959" medium="image"/>            
            <description>My beautiful vampire boy&lt;br /&gt;&lt;div&gt;&lt;img src=&quot;https://t00.deviantart.net/8q3lVUWGM9WXLUDa55dyNqXyYdE=/300x200/filters:fixed_height(100,100):origin()/pre00/b2bc/th/pre/i/2019/026/3/a/gabriel_by_tsuriyare-dcy4nch.jpg&quot; alt=&quot;thumbnail&quot; /&gt;&lt;/div&gt;</description>            </item>
                    <item>
                <title>cindy</title>
                <link>https://mindytheflowr.deviantart.com/art/cindy-782917772</link>
                <guid isPermaLink="true">https://mindytheflowr.deviantart.com/art/cindy-782917772</guid>
                <pubDate>Sat, 26 Jan 2019 19:33:44 PST</pubDate>
                        <media:title type="plain">cindy</media:title>
        <media:keywords></media:keywords>
                        <media:rating>nonadult</media:rating>
                <media:category label="Drawings">manga/digital/drawings</media:category>
        <media:credit role="author" scheme="urn:ebu">mindytheflowr</media:credit>
        <media:credit role="author" scheme="urn:ebu">https://a.deviantart.net/avatars/default.gif</media:credit>
        <media:copyright url="https://mindytheflowr.deviantart.com">Copyright 2019 mindytheflowr</media:copyright>            <media:description type="html">this is my new main oc cindy! i love her!&lt;br /&gt;&lt;br /&gt;shes really pretty and shes a singer but she dont like peoples at all cindy kill her whole famawy&amp;nbsp;</media:description>            <media:thumbnail url="https://t00.deviantart.net/db-AkasVMUuhs2tYZZiKOAR1Gwo=/fit-in/150x150/filters:no_upscale():origin()/pre00/e6d3/th/pre/f/2019/026/e/3/e35510204085d2720a2186785dfac3c8-dcy4n7w.png" height="150" width="74"/>            <media:thumbnail url="https://t00.deviantart.net/NkVM8n1MK9f-WinFmndY8x-Gteg=/fit-in/300x900/filters:no_upscale():origin()/pre00/e6d3/th/pre/f/2019/026/e/3/e35510204085d2720a2186785dfac3c8-dcy4n7w.png" height="612" width="300"/>            <media:thumbnail url="https://t00.deviantart.net/khgL3KKWhDMqutvjubtnfdaos1o=/300x200/filters:fixed_height(100,100):origin()/pre00/e6d3/th/pre/f/2019/026/e/3/e35510204085d2720a2186785dfac3c8-dcy4n7w.png" height="201" width="100"/>            <media:content url="https://pre00.deviantart.net/e6d3/th/pre/f/2019/026/e/3/e35510204085d2720a2186785dfac3c8-dcy4n7w.png" height="1277" width="626" medium="image"/>            
            <description>this is my new main oc cindy! i love her!&lt;br /&gt;&lt;br /&gt;shes really pretty and shes a singer but she dont like peoples at all cindy kill her whole famawy&amp;nbsp;&lt;br /&gt;&lt;div&gt;&lt;img src=&quot;https://t00.deviantart.net/khgL3KKWhDMqutvjubtnfdaos1o=/300x200/filters:fixed_height(100,100):origin()/pre00/e6d3/th/pre/f/2019/026/e/3/e35510204085d2720a2186785dfac3c8-dcy4n7w.png&quot; alt=&quot;thumbnail&quot; /&gt;&lt;/div&gt;</description>            </item>
                    <item>
                <title>My my.</title>
                <link>https://ivyoverdose.deviantart.com/art/My-my-782917936</link>
                <guid isPermaLink="true">https://ivyoverdose.deviantart.com/art/My-my-782917936</guid>
                <pubDate>Sat, 26 Jan 2019 19:33:43 PST</pubDate>
                        <media:title type="plain">My my.</media:title>
        <media:keywords></media:keywords>
                        <media:rating>nonadult</media:rating>
                <media:category label="Animals">digitalart/paintings/animals</media:category>
        <media:credit role="author" scheme="urn:ebu">Ivyoverdose</media:credit>
        <media:credit role="author" scheme="urn:ebu">https://a.deviantart.net/avatars/i/v/ivyoverdose.png?11</media:credit>
        <media:copyright url="https://ivyoverdose.deviantart.com">Copyright 2019 Ivyoverdose</media:copyright>            <media:description type="html">even more adult sage practice</media:description>            <media:thumbnail url="https://t00.deviantart.net/vSeSWaPMYas_tyDn6UdT7TdEfFM=/fit-in/150x150/filters:no_upscale():origin()/pre00/4917/th/pre/f/2019/026/2/a/my_my__by_ivyoverdose-dcy4ncg.jpg" height="104" width="150"/>            <media:thumbnail url="https://t00.deviantart.net/XpB3JoJdJvkvV4pcG83oj6tU3n0=/fit-in/300x900/filters:no_upscale():origin()/pre00/4917/th/pre/f/2019/026/2/a/my_my__by_ivyoverdose-dcy4ncg.jpg" height="207" width="300"/>            <media:thumbnail url="https://t00.deviantart.net/2v4hXJocgrHZGP3eW8VNDFxOP8Q=/300x200/filters:fixed_height(100,100):origin()/pre00/4917/th/pre/f/2019/026/2/a/my_my__by_ivyoverdose-dcy4ncg.jpg" height="200" width="289"/>            <media:content url="https://orig00.deviantart.net/d02c/f/2019/026/2/a/my_my__by_ivyoverdose-dcy4ncg.jpg" height="349" width="505" medium="image"/>            
            <description>even more adult sage practice&lt;br /&gt;&lt;div&gt;&lt;img src=&quot;https://t00.deviantart.net/2v4hXJocgrHZGP3eW8VNDFxOP8Q=/300x200/filters:fixed_height(100,100):origin()/pre00/4917/th/pre/f/2019/026/2/a/my_my__by_ivyoverdose-dcy4ncg.jpg&quot; alt=&quot;thumbnail&quot; /&gt;&lt;/div&gt;</description>            </item>
                    <item>
                <title>Yeah... I did a thing</title>
                <link>https://esteveztheart.deviantart.com/art/Yeah-I-did-a-thing-782429102</link>
                <guid isPermaLink="true">https://esteveztheart.deviantart.com/art/Yeah-I-did-a-thing-782429102</guid>
                <pubDate>Sat, 26 Jan 2019 19:33:35 PST</pubDate>
                        <media:title type="plain">Yeah... I did a thing</media:title>
        <media:keywords></media:keywords>
                        <media:rating>nonadult</media:rating>
                <media:category label="Drawings">cartoons/traditional/cartoons/drawings</media:category>
        <media:credit role="author" scheme="urn:ebu">EstevezTheArt</media:credit>
        <media:credit role="author" scheme="urn:ebu">https://a.deviantart.net/avatars/e/s/esteveztheart.png?15</media:credit>
        <media:copyright url="https://esteveztheart.deviantart.com">Copyright 2019 EstevezTheArt</media:copyright>            <media:description type="html">I was bored.</media:description>            <media:thumbnail url="https://t00.deviantart.net/enm25s-dC1r92B8qGjRCjLSapi0=/fit-in/150x150/filters:no_upscale():origin()/pre00/448b/th/pre/f/2019/026/4/7/yeah____i_did_a_thing_by_esteveztheart-dcxu65q.jpg" height="84" width="150"/>            <media:thumbnail url="https://t00.deviantart.net/jd5Cw3L-wJKLlYsVdN7HonaqNnQ=/fit-in/300x900/filters:no_upscale():origin()/pre00/448b/th/pre/f/2019/026/4/7/yeah____i_did_a_thing_by_esteveztheart-dcxu65q.jpg" height="169" width="300"/>            <media:thumbnail url="https://t00.deviantart.net/fTnhY9qtTDpRagJisqMhM83nnQo=/300x200/filters:fixed_height(100,100):origin()/pre00/448b/th/pre/f/2019/026/4/7/yeah____i_did_a_thing_by_esteveztheart-dcxu65q.jpg" height="169" width="300"/>            <media:content url="https://pre00.deviantart.net/448b/th/pre/f/2019/026/4/7/yeah____i_did_a_thing_by_esteveztheart-dcxu65q.jpg" height="670" width="1192" medium="image"/>            
            <description>I was bored.&lt;br /&gt;&lt;div&gt;&lt;img src=&quot;https://t00.deviantart.net/fTnhY9qtTDpRagJisqMhM83nnQo=/300x200/filters:fixed_height(100,100):origin()/pre00/448b/th/pre/f/2019/026/4/7/yeah____i_did_a_thing_by_esteveztheart-dcxu65q.jpg&quot; alt=&quot;thumbnail&quot; /&gt;&lt;/div&gt;</description>            </item>
                    <item>
                <title>two</title>
                <link>https://sleep-p.deviantart.com/art/two-782917702</link>
                <guid isPermaLink="true">https://sleep-p.deviantart.com/art/two-782917702</guid>
                <pubDate>Sat, 26 Jan 2019 19:33:34 PST</pubDate>
                        <media:title type="plain">two</media:title>
        <media:keywords></media:keywords>
                        <media:rating>nonadult</media:rating>
                <media:category label="Fantasy">digitalart/paintings/fantasy</media:category>
        <media:credit role="author" scheme="urn:ebu">sleep-p</media:credit>
        <media:credit role="author" scheme="urn:ebu">https://a.deviantart.net/avatars/s/l/sleep-p.gif?8</media:credit>
        <media:copyright url="https://sleep-p.deviantart.com">Copyright 2019 sleep-p</media:copyright>            <media:description type="html">&lt;i&gt;&lt;span&gt;I just want to build you up, build you up&lt;/span&gt;&lt;br /&gt;&lt;span&gt;&#039;Til you&#039;re good as new&lt;/span&gt;&lt;br /&gt;&lt;span&gt;And maybe one day, I&#039;ll get around&lt;/span&gt;&lt;br /&gt;&lt;/i&gt;&lt;div&gt;&lt;i&gt;&lt;span&gt;To fixing myself, too&lt;/span&gt;&lt;/i&gt;&lt;/div&gt;&lt;div&gt;&lt;i&gt;&lt;span&gt;&lt;br /&gt;&lt;/span&gt;&lt;/i&gt;&lt;/div&gt;&lt;div&gt;&lt;span&gt;Noalise - &lt;span class=&quot;username-with-symbol u&quot;&gt;&lt;a class=&quot;u regular username&quot; href=&quot;https://www.deviantart.com/wispersong&quot;&gt;WisperSong&lt;/a&gt;&lt;span class=&quot;user-symbol regular&quot; data-quicktip-text=&quot;&quot; data-show-tooltip=&quot;&quot; data-gruser-type=&quot;regular&quot;&gt;&lt;/span&gt;&lt;/span&gt;&lt;br /&gt;&lt;/span&gt;&lt;i&gt;&lt;span&gt;&lt;/span&gt;&lt;/i&gt;&lt;/div&gt;</media:description>            <media:thumbnail url="https://t00.deviantart.net/sTFi2d45I-9vlj2xvYL-UDnHi4w=/fit-in/150x150/filters:no_upscale():origin()/pre00/e272/th/pre/f/2019/026/b/0/two_by_sleep_p-dcy4n5y.png" height="150" width="107"/>            <media:thumbnail url="https://t00.deviantart.net/2e7-lbFxFeKM9w5AmQ_NrfURICI=/fit-in/300x900/filters:no_upscale():origin()/pre00/e272/th/pre/f/2019/026/b/0/two_by_sleep_p-dcy4n5y.png" height="422" width="300"/>            <media:thumbnail url="https://t00.deviantart.net/0GfiECmEaLYnBQ_0kDbPrS4UK4Q=/300x200/filters:fixed_height(100,100):origin()/pre00/e272/th/pre/f/2019/026/b/0/two_by_sleep_p-dcy4n5y.png" height="200" width="142"/>            <media:content url="https://pre00.deviantart.net/e272/th/pre/f/2019/026/b/0/two_by_sleep_p-dcy4n5y.png" height="1060" width="754" medium="image"/>            
            <description>&lt;i&gt;&lt;span&gt;I just want to build you up, build you up&lt;/span&gt;&lt;br /&gt;&lt;span&gt;&#039;Til you&#039;re good as new&lt;/span&gt;&lt;br /&gt;&lt;span&gt;And maybe one day, I&#039;ll get around&lt;/span&gt;&lt;br /&gt;&lt;/i&gt;&lt;div&gt;&lt;i&gt;&lt;span&gt;To fixing myself, too&lt;/span&gt;&lt;/i&gt;&lt;/div&gt;&lt;div&gt;&lt;i&gt;&lt;span&gt;&lt;br /&gt;&lt;/span&gt;&lt;/i&gt;&lt;/div&gt;&lt;div&gt;&lt;span&gt;Noalise - &lt;span class=&quot;username-with-symbol u&quot;&gt;&lt;a class=&quot;u regular username&quot; href=&quot;https://www.deviantart.com/wispersong&quot;&gt;WisperSong&lt;/a&gt;&lt;span class=&quot;user-symbol regular&quot; data-quicktip-text=&quot;&quot; data-show-tooltip=&quot;&quot; data-gruser-type=&quot;regular&quot;&gt;&lt;/span&gt;&lt;/span&gt;&lt;br /&gt;&lt;/span&gt;&lt;i&gt;&lt;span&gt;&lt;/span&gt;&lt;/i&gt;&lt;/div&gt;&lt;br /&gt;&lt;div&gt;&lt;img src=&quot;https://t00.deviantart.net/0GfiECmEaLYnBQ_0kDbPrS4UK4Q=/300x200/filters:fixed_height(100,100):origin()/pre00/e272/th/pre/f/2019/026/b/0/two_by_sleep_p-dcy4n5y.png&quot; alt=&quot;thumbnail&quot; /&gt;&lt;/div&gt;</description>            </item>
                    <item>
                <title>Silly hats</title>
                <link>https://agkandphotomaker2000.deviantart.com/art/Silly-hats-782917759</link>
                <guid isPermaLink="true">https://agkandphotomaker2000.deviantart.com/art/Silly-hats-782917759</guid>
                <pubDate>Sat, 26 Jan 2019 19:33:32 PST</pubDate>
                        <media:title type="plain">Silly hats</media:title>
        <media:keywords></media:keywords>
                        <media:rating>nonadult</media:rating>
                <media:category label="Other">cartoons/digital/cartoons/other</media:category>
        <media:credit role="author" scheme="urn:ebu">AGKandphotomaker2000</media:credit>
        <media:credit role="author" scheme="urn:ebu">https://a.deviantart.net/avatars/a/g/agkandphotomaker2000.png?5</media:credit>
        <media:copyright url="https://agkandphotomaker2000.deviantart.com">Copyright 2019 AGKandphotomaker2000</media:copyright>            <media:description type="html">&lt;span&gt;Just to let you know...it&#039;s friday when you can wear this kind of hats! &lt;img src=&quot;https://e.deviantart.net/emoticons/letters/=p.gif&quot; width=&quot;15&quot; height=&quot;15&quot; alt=&quot;:P&quot; data-embed-type=&quot;emoticon&quot; data-embed-id=&quot;395&quot; title=&quot;:P (Lick)&quot;/&gt;&amp;#65279;&lt;/span&gt;</media:description>            <media:thumbnail url="https://t00.deviantart.net/66uPEMQlyQuze__zmmT31i9Kdx4=/fit-in/150x150/filters:no_upscale():origin()/pre00/6fdb/th/pre/i/2019/026/3/b/silly_hats_by_agkandphotomaker2000-dcy4n7j.png" height="84" width="150"/>            <media:thumbnail url="https://t00.deviantart.net/89MnljZAKYXLTS1AzAN1ruNzeqA=/fit-in/300x900/filters:no_upscale():origin()/pre00/6fdb/th/pre/i/2019/026/3/b/silly_hats_by_agkandphotomaker2000-dcy4n7j.png" height="169" width="300"/>            <media:thumbnail url="https://t00.deviantart.net/Eff1znkcBWcOoFq1klXUjwfshj4=/300x200/filters:fixed_height(100,100):origin()/pre00/6fdb/th/pre/i/2019/026/3/b/silly_hats_by_agkandphotomaker2000-dcy4n7j.png" height="169" width="300"/>            <media:content url="https://img00.deviantart.net/36aa/i/2019/026/3/b/silly_hats_by_agkandphotomaker2000-dcy4n7j.png" height="576" width="1024" medium="image"/>            
            <description>&lt;span&gt;Just to let you know...it&#039;s friday when you can wear this kind of hats! &lt;img src=&quot;https://e.deviantart.net/emoticons/letters/=p.gif&quot; width=&quot;15&quot; height=&quot;15&quot; alt=&quot;:P&quot; data-embed-type=&quot;emoticon&quot; data-embed-id=&quot;395&quot; title=&quot;:P (Lick)&quot;/&gt;&amp;#65279;&lt;/span&gt;&lt;br /&gt;&lt;div&gt;&lt;img src=&quot;https://t00.deviantart.net/Eff1znkcBWcOoFq1klXUjwfshj4=/300x200/filters:fixed_height(100,100):origin()/pre00/6fdb/th/pre/i/2019/026/3/b/silly_hats_by_agkandphotomaker2000-dcy4n7j.png&quot; alt=&quot;thumbnail&quot; /&gt;&lt;/div&gt;</description>            </item>
                    <item>
                <title>binosaur remake</title>
                <link>https://imgloka.deviantart.com/art/binosaur-remake-782917972</link>
                <guid isPermaLink="true">https://imgloka.deviantart.com/art/binosaur-remake-782917972</guid>
                <pubDate>Sat, 26 Jan 2019 19:33:31 PST</pubDate>
                        <media:title type="plain">binosaur remake</media:title>
        <media:keywords></media:keywords>
                        <media:rating>nonadult</media:rating>
                <media:category label="Animals">digitalart/paintings/animals</media:category>
        <media:credit role="author" scheme="urn:ebu">imgloka</media:credit>
        <media:credit role="author" scheme="urn:ebu">https://a.deviantart.net/avatars/i/m/imgloka.jpg?3</media:credit>
        <media:copyright url="https://imgloka.deviantart.com">Copyright 2019 imgloka</media:copyright>            <media:description type="html">Redraw of the binosaur draw of 2017</media:description>            <media:thumbnail url="https://t00.deviantart.net/d-nMIrGW27ncPyIXvhVKNOShkUA=/fit-in/150x150/filters:no_upscale():origin()/pre00/b52d/th/pre/i/2019/026/f/c/binosaur_remake_by_imgloka-dcy4ndg.png" height="84" width="150"/>            <media:thumbnail url="https://t00.deviantart.net/taebWRAhrijjrGzD6Jko0aoSZo4=/fit-in/300x900/filters:no_upscale():origin()/pre00/b52d/th/pre/i/2019/026/f/c/binosaur_remake_by_imgloka-dcy4ndg.png" height="169" width="300"/>            <media:thumbnail url="https://t00.deviantart.net/wll_d9XuqsjjCHOHqSCsF9i3Jrw=/300x200/filters:fixed_height(100,100):origin()/pre00/b52d/th/pre/i/2019/026/f/c/binosaur_remake_by_imgloka-dcy4ndg.png" height="169" width="300"/>            <media:content url="https://pre00.deviantart.net/b52d/th/pre/i/2019/026/f/c/binosaur_remake_by_imgloka-dcy4ndg.png" height="670" width="1192" medium="image"/>            
            <description>Redraw of the binosaur draw of 2017&lt;br /&gt;&lt;div&gt;&lt;img src=&quot;https://t00.deviantart.net/wll_d9XuqsjjCHOHqSCsF9i3Jrw=/300x200/filters:fixed_height(100,100):origin()/pre00/b52d/th/pre/i/2019/026/f/c/binosaur_remake_by_imgloka-dcy4ndg.png&quot; alt=&quot;thumbnail&quot; /&gt;&lt;/div&gt;</description>            </item>
                    <item>
                <title>An Unknown Prisoner</title>
                <link>https://electragoobarts.deviantart.com/art/An-Unknown-Prisoner-782917729</link>
                <guid isPermaLink="true">https://electragoobarts.deviantart.com/art/An-Unknown-Prisoner-782917729</guid>
                <pubDate>Sat, 26 Jan 2019 19:33:30 PST</pubDate>
                        <media:title type="plain">An Unknown Prisoner</media:title>
        <media:keywords></media:keywords>
                        <media:rating>nonadult</media:rating>
                <media:category label="Fantasy">digitalart/paintings/fantasy</media:category>
        <media:credit role="author" scheme="urn:ebu">ElectragoobArts</media:credit>
        <media:credit role="author" scheme="urn:ebu">https://a.deviantart.net/avatars/e/l/electragoobarts.png?8</media:credit>
        <media:copyright url="https://electragoobarts.deviantart.com">Copyright 2019 ElectragoobArts</media:copyright>            <media:description type="html">&amp;nbsp;Sitting in the dark and damp cell, Lilli has no idea where she is or what was happening. Maybe the guard will tell her what was going on.</media:description>            <media:thumbnail url="https://t00.deviantart.net/pm4shfNC1d1jQgEDFlHEM7iUuAI=/fit-in/150x150/filters:no_upscale():origin()/pre00/fb0a/th/pre/i/2019/026/b/e/an_unknown_prisoner_by_electragoobarts-dcy4n6p.png" height="113" width="150"/>            <media:thumbnail url="https://t00.deviantart.net/_LwJDRkYYm0rz5_JkcGF1SVHMdM=/fit-in/300x900/filters:no_upscale():origin()/pre00/fb0a/th/pre/i/2019/026/b/e/an_unknown_prisoner_by_electragoobarts-dcy4n6p.png" height="225" width="300"/>            <media:thumbnail url="https://t00.deviantart.net/yO5Lkr0ouonVZ-9nsMX_F1tIlbY=/300x200/filters:fixed_height(100,100):origin()/pre00/fb0a/th/pre/i/2019/026/b/e/an_unknown_prisoner_by_electragoobarts-dcy4n6p.png" height="200" width="267"/>            <media:content url="https://pre00.deviantart.net/fb0a/th/pre/i/2019/026/b/e/an_unknown_prisoner_by_electragoobarts-dcy4n6p.png" height="774" width="1032" medium="image"/>            
            <description>&amp;nbsp;Sitting in the dark and damp cell, Lilli has no idea where she is or what was happening. Maybe the guard will tell her what was going on.&lt;br /&gt;&lt;div&gt;&lt;img src=&quot;https://t00.deviantart.net/yO5Lkr0ouonVZ-9nsMX_F1tIlbY=/300x200/filters:fixed_height(100,100):origin()/pre00/fb0a/th/pre/i/2019/026/b/e/an_unknown_prisoner_by_electragoobarts-dcy4n6p.png&quot; alt=&quot;thumbnail&quot; /&gt;&lt;/div&gt;</description>            </item>
                    <item>
                <title>SunStone Fan button</title>
                <link>https://cosmicstardusttea.deviantart.com/art/SunStone-Fan-button-782917787</link>
                <guid isPermaLink="true">https://cosmicstardusttea.deviantart.com/art/SunStone-Fan-button-782917787</guid>
                <pubDate>Sat, 26 Jan 2019 19:33:30 PST</pubDate>
                        <media:title type="plain">SunStone Fan button</media:title>
        <media:keywords></media:keywords>
                        <media:rating>nonadult</media:rating>
                <media:category label="Other">darelated/deviousfun/other</media:category>
        <media:credit role="author" scheme="urn:ebu">CosmicStardustTea</media:credit>
        <media:credit role="author" scheme="urn:ebu">https://a.deviantart.net/avatars/c/o/cosmicstardusttea.gif?4</media:credit>
        <media:copyright url="https://cosmicstardusttea.deviantart.com">Copyright 2019 CosmicStardustTea</media:copyright>            <media:description type="html">F2U&lt;br /&gt;&lt;br /&gt;Steven Universe @ Rebecca Sugar&lt;br /&gt;&lt;br /&gt;Long Button Template by &lt;span class=&quot;username-with-symbol u&quot;&gt;&lt;a class=&quot;u regular username&quot; href=&quot;https://www.deviantart.com/lumiresources&quot;&gt;LumiResources&lt;/a&gt;&lt;span class=&quot;user-symbol regular&quot; data-quicktip-text=&quot;&quot; data-show-tooltip=&quot;&quot; data-gruser-type=&quot;regular&quot;&gt;&lt;/span&gt;&lt;/span&gt;&lt;br /&gt;&lt;br /&gt;CODE:</media:description>            <media:thumbnail url="https://t00.deviantart.net/bkkQM_LpiHuKnKYRzfIdheoWF8Y=/fit-in/150x150/filters:no_upscale():origin()/pre00/38e3/th/pre/f/2019/026/a/e/sunstone_fan_button_by_cosmicstardusttea-dcy4n8b.png" height="22" width="150"/>            <media:thumbnail url="https://t00.deviantart.net/qqk7KsFw-Bq_XG8B_bCn9ctvpts=/fit-in/300x900/filters:no_upscale():origin()/pre00/38e3/th/pre/f/2019/026/a/e/sunstone_fan_button_by_cosmicstardusttea-dcy4n8b.png" height="44" width="300"/>            <media:thumbnail url="https://t00.deviantart.net/xaXF9zmwFQk_E1a-qZ5KupvMGWg=/300x200/filters:fixed_height(100,100):origin()/pre00/38e3/th/pre/f/2019/026/a/e/sunstone_fan_button_by_cosmicstardusttea-dcy4n8b.png" height="56" width="302"/>            <media:content url="https://orig00.deviantart.net/c446/f/2019/026/a/e/sunstone_fan_button_by_cosmicstardusttea-dcy4n8b.png" height="56" width="386" medium="image"/>            
            <description>F2U&lt;br /&gt;&lt;br /&gt;Steven Universe @ Rebecca Sugar&lt;br /&gt;&lt;br /&gt;Long Button Template by &lt;span class=&quot;username-with-symbol u&quot;&gt;&lt;a class=&quot;u regular username&quot; href=&quot;https://www.deviantart.com/lumiresources&quot;&gt;LumiResources&lt;/a&gt;&lt;span class=&quot;user-symbol regular&quot; data-quicktip-text=&quot;&quot; data-show-tooltip=&quot;&quot; data-gruser-type=&quot;regular&quot;&gt;&lt;/span&gt;&lt;/span&gt;&lt;br /&gt;&lt;br /&gt;CODE:&lt;br /&gt;&lt;div&gt;&lt;img src=&quot;https://t00.deviantart.net/xaXF9zmwFQk_E1a-qZ5KupvMGWg=/300x200/filters:fixed_height(100,100):origin()/pre00/38e3/th/pre/f/2019/026/a/e/sunstone_fan_button_by_cosmicstardusttea-dcy4n8b.png&quot; alt=&quot;thumbnail&quot; /&gt;&lt;/div&gt;</description>            </item>
                    <item>
                <title>Some cutie pies {ota}</title>
                <link>https://paint-is-trash.deviantart.com/art/Some-cutie-pies-ota-782916774</link>
                <guid isPermaLink="true">https://paint-is-trash.deviantart.com/art/Some-cutie-pies-ota-782916774</guid>
                <pubDate>Sat, 26 Jan 2019 19:33:29 PST</pubDate>
                        <media:title type="plain">Some cutie pies {ota}</media:title>
        <media:keywords></media:keywords>
                        <media:rating>nonadult</media:rating>
                <media:category label="Adoptables">darelated/deviousfun/adoptables</media:category>
        <media:credit role="author" scheme="urn:ebu">Paint-is-Trash</media:credit>
        <media:credit role="author" scheme="urn:ebu">https://a.deviantart.net/avatars/p/a/paint-is-trash.png?2</media:credit>
        <media:copyright url="https://paint-is-trash.deviantart.com">Copyright 2019 Paint-is-Trash</media:copyright>            <media:description type="html">so i made them and i love them a lot but i dont know if i&#039;ll do anything with them?? but i am extremely tentative on them so i&#039;ll take offers but i cant guarantee i&#039;ll accept them? i may keep them unless i see an offer that i really like&lt;br /&gt;&lt;br /&gt;points&amp;gt;hq art&amp;gt;designs/character&lt;br /&gt;&lt;br /&gt;uhhh your chances will improve if you can offer a @/Honey-Beest, @/DANK-HANK, @/Milkypeen, @/ugly-g0d, @/LilBigHuman, @/LiLaiRa design/custom/art (you obviously dont have to offer these kind of stuff or anything but ya know)&lt;br /&gt;&lt;br /&gt;base by @/djinnfriend&lt;br /&gt;&lt;span&gt;TOS:&lt;/span&gt;&lt;br /&gt;&lt;a href=&quot;https://sta.sh/01mfuf0u5i14&quot;&gt;sta.sh/01mfuf0u5i14&lt;/a&gt;</media:description>            <media:thumbnail url="https://t00.deviantart.net/Q5jQ9aalhJfxIpvUXVSRQXk_npM=/fit-in/150x150/filters:no_upscale():origin()/pre00/ea67/th/pre/i/2019/026/d/8/some_cutie_pies__ota__by_paint_is_trash-dcy4mg6.png" height="113" width="150"/>            <media:thumbnail url="https://t00.deviantart.net/0un-ZDBUAOpIBLfvnXmQ28i6t4o=/fit-in/300x900/filters:no_upscale():origin()/pre00/ea67/th/pre/i/2019/026/d/8/some_cutie_pies__ota__by_paint_is_trash-dcy4mg6.png" height="225" width="300"/>            <media:thumbnail url="https://t00.deviantart.net/PQroox6LJJHB915JW3coG0dDX6E=/300x200/filters:fixed_height(100,100):origin()/pre00/ea67/th/pre/i/2019/026/d/8/some_cutie_pies__ota__by_paint_is_trash-dcy4mg6.png" height="200" width="267"/>            <media:content url="https://pre00.deviantart.net/ea67/th/pre/i/2019/026/d/8/some_cutie_pies__ota__by_paint_is_trash-dcy4mg6.png" height="774" width="1032" medium="image"/>            
            <description>so i made them and i love them a lot but i dont know if i&#039;ll do anything with them?? but i am extremely tentative on them so i&#039;ll take offers but i cant guarantee i&#039;ll accept them? i may keep them unless i see an offer that i really like&lt;br /&gt;&lt;br /&gt;points&amp;gt;hq art&amp;gt;designs/character&lt;br /&gt;&lt;br /&gt;uhhh your chances will improve if you can offer a @/Honey-Beest, @/DANK-HANK, @/Milkypeen, @/ugly-g0d, @/LilBigHuman, @/LiLaiRa design/custom/art (you obviously dont have to offer these kind of stuff or anything but ya know)&lt;br /&gt;&lt;br /&gt;base by @/djinnfriend&lt;br /&gt;&lt;span&gt;TOS:&lt;/span&gt;&lt;br /&gt;&lt;a href=&quot;https://sta.sh/01mfuf0u5i14&quot;&gt;sta.sh/01mfuf0u5i14&lt;/a&gt;&lt;br /&gt;&lt;div&gt;&lt;img src=&quot;https://t00.deviantart.net/PQroox6LJJHB915JW3coG0dDX6E=/300x200/filters:fixed_height(100,100):origin()/pre00/ea67/th/pre/i/2019/026/d/8/some_cutie_pies__ota__by_paint_is_trash-dcy4mg6.png&quot; alt=&quot;thumbnail&quot; /&gt;&lt;/div&gt;</description>            </item>
                    <item>
                <title>T&#039;Shala&#039;s Herald-Custom Saberstaff</title>
                <link>https://roguewing.deviantart.com/art/T-Shala-s-Herald-Custom-Saberstaff-782917317</link>
                <guid isPermaLink="true">https://roguewing.deviantart.com/art/T-Shala-s-Herald-Custom-Saberstaff-782917317</guid>
                <pubDate>Sat, 26 Jan 2019 19:33:29 PST</pubDate>
                        <media:title type="plain">T&#039;Shala&#039;s Herald-Custom Saberstaff</media:title>
        <media:keywords></media:keywords>
                        <media:rating>nonadult</media:rating>
                <media:category label="Other">photography/misc</media:category>
        <media:credit role="author" scheme="urn:ebu">Roguewing</media:credit>
        <media:credit role="author" scheme="urn:ebu">https://a.deviantart.net/avatars/r/o/roguewing.jpg?4</media:credit>
        <media:copyright url="https://roguewing.deviantart.com">Copyright 2019 Roguewing</media:copyright>            <media:description type="html">I recently received a piece of dyed goatskin from an associate and decided to make use of it in redoing the grips on my first saberstaff&lt;br /&gt;The staff itself is made from a pair of Ultrasabers Dark Initiate V4 LE hilts with an adjustable coupler.&lt;br /&gt;Now, while the wraps themselves may look a little rough here, the look fits both the weathering of the hilts and the backstory of this particular hilt</media:description>            <media:thumbnail url="https://t00.deviantart.net/YffhPmSWJpFoplCyNIUQ9OSYM6M=/fit-in/150x150/filters:no_upscale():origin()/pre00/c5b3/th/pre/i/2019/026/d/3/t_shala_s_herald_custom_saberstaff_by_roguewing-dcy4mv9.jpg" height="106" width="150"/>            <media:thumbnail url="https://t00.deviantart.net/gvDuSOlgj29Z_VP_RdpalqbuT6A=/fit-in/300x900/filters:no_upscale():origin()/pre00/c5b3/th/pre/i/2019/026/d/3/t_shala_s_herald_custom_saberstaff_by_roguewing-dcy4mv9.jpg" height="212" width="300"/>            <media:thumbnail url="https://t00.deviantart.net/19IawtCGt9CbIdCn5WViD8hSlMg=/300x200/filters:fixed_height(100,100):origin()/pre00/c5b3/th/pre/i/2019/026/d/3/t_shala_s_herald_custom_saberstaff_by_roguewing-dcy4mv9.jpg" height="200" width="283"/>            <media:content url="https://pre00.deviantart.net/c5b3/th/pre/i/2019/026/d/3/t_shala_s_herald_custom_saberstaff_by_roguewing-dcy4mv9.jpg" height="751" width="1063" medium="image"/>            
            <description>I recently received a piece of dyed goatskin from an associate and decided to make use of it in redoing the grips on my first saberstaff&lt;br /&gt;The staff itself is made from a pair of Ultrasabers Dark Initiate V4 LE hilts with an adjustable coupler.&lt;br /&gt;Now, while the wraps themselves may look a little rough here, the look fits both the weathering of the hilts and the backstory of this particular hilt&lt;br /&gt;&lt;div&gt;&lt;img src=&quot;https://t00.deviantart.net/19IawtCGt9CbIdCn5WViD8hSlMg=/300x200/filters:fixed_height(100,100):origin()/pre00/c5b3/th/pre/i/2019/026/d/3/t_shala_s_herald_custom_saberstaff_by_roguewing-dcy4mv9.jpg&quot; alt=&quot;thumbnail&quot; /&gt;&lt;/div&gt;</description>            </item>
                    <item>
                <title>Brick 0336</title>
                <link>https://magmatixi.deviantart.com/art/Brick-0336-782912621</link>
                <guid isPermaLink="true">https://magmatixi.deviantart.com/art/Brick-0336-782912621</guid>
                <pubDate>Sat, 26 Jan 2019 19:33:29 PST</pubDate>
                        <media:title type="plain">Brick 0336</media:title>
        <media:keywords></media:keywords>
                        <media:rating>nonadult</media:rating>
                <media:category label="Fantasy">digitalart/paintings/fantasy</media:category>
        <media:credit role="author" scheme="urn:ebu">magmatixi</media:credit>
        <media:credit role="author" scheme="urn:ebu">https://a.deviantart.net/avatars/m/a/magmatixi.png?3</media:credit>
        <media:copyright url="https://magmatixi.deviantart.com">Copyright 2019 magmatixi</media:copyright>            <media:description type="html">&lt;div&gt; &lt;div&gt; &lt;div&gt; &lt;div&gt;&lt;b&gt;Name&lt;/b&gt;&lt;span&gt;: Brick&lt;/span&gt;&lt;br /&gt;&lt;b&gt;Nickname(s)&lt;/b&gt;&lt;span&gt;: Chilli, Red hot&amp;nbsp;&lt;/span&gt;&lt;br /&gt;&lt;b&gt;ID&lt;/b&gt;&lt;span&gt;: 0336&lt;/span&gt;&lt;br /&gt;&lt;b&gt;Owner&lt;/b&gt;&lt;span&gt;: &lt;span class=&quot;username-with-symbol u&quot;&gt;&lt;a class=&quot;u regular username&quot; href=&quot;https://www.deviantart.com/wildstar00&quot;&gt;Wildstar00&lt;/a&gt;&lt;span class=&quot;user-symbol regular&quot; data-quicktip-text=&quot;&quot; data-show-tooltip=&quot;&quot; data-gruser-type=&quot;regular&quot;&gt;&lt;/span&gt;&lt;/span&gt;&amp;nbsp;&lt;/span&gt;&lt;br /&gt;&lt;b&gt;Species&lt;/b&gt;&lt;span&gt;:&amp;nbsp;&lt;/span&gt;&lt;span class=&quot;username-with-symbol u&quot;&gt;&lt;a class=&quot;u super group username&quot; href=&quot;https://www.deviantart.com/rixixi&quot;&gt;Rixixi&lt;/a&gt;&lt;span class=&quot;user-symbol super group&quot; data-quicktip-text=&quot;Super Group&quot; data-show-tooltip=&quot;1&quot; data-gruser-type=&quot;super group&quot; data-clickthrough=&quot;http://groups.deviantart.com&quot;&gt;&lt;/span&gt;&lt;/span&gt;&lt;br /&gt;&lt;b&gt;Height&lt;/b&gt;&lt;span&gt;: 6&#039;3&quot;&lt;/span&gt;&lt;br /&gt;&lt;b&gt;Weight&lt;/b&gt;&lt;span&gt;: 276lbs&lt;/span&gt;&lt;br /&gt;&lt;b&gt;Genotype&lt;/b&gt;&lt;span&gt;: &lt;/span&gt;&lt;span&gt;Aa/bb/Dd/oo/FwFw&lt;/span&gt;&lt;span&gt;/nHd/nLum&lt;/span&gt;&lt;span&gt;+&lt;/span&gt;&lt;span&gt;X-Hyp&lt;/span&gt;&lt;span&gt;/Bek&lt;/span&gt;&lt;br /&gt;&lt;b&gt;Phenotype&lt;/b&gt;&lt;span&gt;:&amp;nbsp;&lt;/span&gt;&lt;span&gt;Brimstone with Fawn, Hood and Bioluminescense&lt;/span&gt;&lt;br /&gt;&lt;b&gt;Mutations&lt;/b&gt;&lt;span&gt;:&amp;nbsp;&lt;/span&gt;&lt;span&gt;Hypno Eyes and Beak&lt;/span&gt;&lt;br /&gt;&lt;b&gt;Element&lt;/b&gt;&lt;span&gt;: Undiscovered&lt;/span&gt;&lt;br /&gt;&lt;b&gt;Radiation Level&lt;/b&gt;&lt;span&gt;: Stable&lt;/span&gt;&lt;br /&gt;&lt;b&gt;Power&lt;/b&gt;&lt;span&gt;: Newfound&lt;/span&gt;&lt;br /&gt;&lt;br /&gt;&lt;b&gt;Stats&lt;/b&gt;&lt;span&gt;: HP: 50 || Attack: 10 || Defense: 10 || Special: 10 || Speed: 10&lt;/span&gt;&lt;br /&gt;&lt;br /&gt;&lt;b&gt;Personality&lt;/b&gt;&lt;span&gt;:&amp;nbsp;&lt;/span&gt;&lt;br /&gt;&lt;br /&gt;&lt;b&gt;Lineage&lt;/b&gt;&lt;span&gt;:&amp;nbsp;&lt;/span&gt;&lt;br /&gt;&lt;span&gt;------------------------------------------ GGG:&amp;nbsp;Unknown&lt;/span&gt;&lt;br /&gt;&lt;span&gt;----------------- GG:&amp;nbsp;&lt;/span&gt;&lt;a href=&quot;https://www.deviantart.com/deviation/737866597&quot;&gt;Drazzoth 0085&lt;/a&gt;&lt;br /&gt;&lt;span&gt;------------------------------------------ GGR:&amp;nbsp;Unknown&lt;/span&gt;&lt;br /&gt;&lt;span&gt;Giver:&amp;nbsp;&lt;/span&gt;&lt;b&gt;&lt;a href=&quot;https://magmatixi.deviantart.com/art/Agir-0127-742384219&quot;&gt;Agir 0127&lt;/a&gt;&lt;/b&gt;&lt;br /&gt;&lt;span&gt;------------------------------------------ GRG: Unknown&lt;/span&gt;&lt;br /&gt;&lt;span&gt;----------------- GR:&amp;nbsp;&lt;/span&gt;&lt;a href=&quot;https://www.deviantart.com/deviation/706422060&quot;&gt;Yah Racha 0010&lt;/a&gt;&lt;br /&gt;&lt;span&gt;------------------------------------------ GRR: Unknown&lt;/span&gt;&lt;br /&gt;&lt;span&gt;------------------------------------------ RGG: Unknown&lt;/span&gt;&lt;br /&gt;&lt;span&gt;----------------- RG:&amp;nbsp;&lt;/span&gt;&lt;a href=&quot;https://magmatixi.deviantart.com/art/The-Authorities-0076-732672727&quot;&gt;The Authorities 0076&lt;/a&gt;&lt;br /&gt;&lt;span&gt;------------------------------------------ RGR: Unknown&lt;/span&gt;&lt;br /&gt;&lt;span&gt;Receiver:&amp;nbsp;&lt;/span&gt;&lt;b&gt;&lt;a href=&quot;https://magmatixi.deviantart.com/art/Blu-0115-740164767&quot;&gt;Blu 0115&lt;/a&gt;&lt;/b&gt;&lt;br /&gt;&lt;span&gt;------------------------------------------ RRG:&amp;nbsp;Unknown&lt;/span&gt;&lt;br /&gt;&lt;span&gt;----------------- RR:&amp;nbsp;&lt;/span&gt;&lt;a href=&quot;https://magmatixi.deviantart.com/art/Corona-0077-732628825&quot;&gt;Corona 0077&lt;/a&gt;&lt;br /&gt;&lt;span&gt;------------------------------------------ RRR:&amp;nbsp;Unknown&lt;/span&gt;&lt;br /&gt;&lt;br /&gt;&lt;b&gt;Design by&lt;/b&gt;&lt;span&gt;: &lt;span class=&quot;username-with-symbol u&quot;&gt;&lt;a class=&quot;u regular username&quot; href=&quot;https://www.deviantart.com/bloodredkit&quot;&gt;BloodRedKit&lt;/a&gt;&lt;span class=&quot;user-symbol regular&quot; data-quicktip-text=&quot;&quot; data-show-tooltip=&quot;&quot; data-gruser-type=&quot;regular&quot;&gt;&lt;/span&gt;&lt;/span&gt;&amp;nbsp;&lt;/span&gt;&lt;/div&gt; &lt;/div&gt;&lt;/div&gt; &lt;/div&gt;</media:description>            <media:thumbnail url="https://t00.deviantart.net/o9Mw4pMwI6vjomO_58wpEKddhPY=/fit-in/150x150/filters:no_upscale():origin()/pre00/f233/th/pre/i/2019/026/2/b/brick_0336_by_magmatixi-dcy4j8t.png" height="90" width="150"/>            <media:thumbnail url="https://t00.deviantart.net/kjpgPbnUTkAO0EOj2AQcNmjJdFw=/fit-in/300x900/filters:no_upscale():origin()/pre00/f233/th/pre/i/2019/026/2/b/brick_0336_by_magmatixi-dcy4j8t.png" height="180" width="300"/>            <media:thumbnail url="https://t00.deviantart.net/qxOF3o1GUwSzt6dyFz19r-ftRIA=/300x200/filters:fixed_height(100,100):origin()/pre00/f233/th/pre/i/2019/026/2/b/brick_0336_by_magmatixi-dcy4j8t.png" height="180" width="300"/>            <media:content url="https://pre00.deviantart.net/f233/th/pre/i/2019/026/2/b/brick_0336_by_magmatixi-dcy4j8t.png" height="692" width="1154" medium="image"/>            
            <description>&lt;div&gt; &lt;div&gt; &lt;div&gt; &lt;div&gt;&lt;b&gt;Name&lt;/b&gt;&lt;span&gt;: Brick&lt;/span&gt;&lt;br /&gt;&lt;b&gt;Nickname(s)&lt;/b&gt;&lt;span&gt;: Chilli, Red hot&amp;nbsp;&lt;/span&gt;&lt;br /&gt;&lt;b&gt;ID&lt;/b&gt;&lt;span&gt;: 0336&lt;/span&gt;&lt;br /&gt;&lt;b&gt;Owner&lt;/b&gt;&lt;span&gt;: &lt;span class=&quot;username-with-symbol u&quot;&gt;&lt;a class=&quot;u regular username&quot; href=&quot;https://www.deviantart.com/wildstar00&quot;&gt;Wildstar00&lt;/a&gt;&lt;span class=&quot;user-symbol regular&quot; data-quicktip-text=&quot;&quot; data-show-tooltip=&quot;&quot; data-gruser-type=&quot;regular&quot;&gt;&lt;/span&gt;&lt;/span&gt;&amp;nbsp;&lt;/span&gt;&lt;br /&gt;&lt;b&gt;Species&lt;/b&gt;&lt;span&gt;:&amp;nbsp;&lt;/span&gt;&lt;span class=&quot;username-with-symbol u&quot;&gt;&lt;a class=&quot;u super group username&quot; href=&quot;https://www.deviantart.com/rixixi&quot;&gt;Rixixi&lt;/a&gt;&lt;span class=&quot;user-symbol super group&quot; data-quicktip-text=&quot;Super Group&quot; data-show-tooltip=&quot;1&quot; data-gruser-type=&quot;super group&quot; data-clickthrough=&quot;http://groups.deviantart.com&quot;&gt;&lt;/span&gt;&lt;/span&gt;&lt;br /&gt;&lt;b&gt;Height&lt;/b&gt;&lt;span&gt;: 6&#039;3&quot;&lt;/span&gt;&lt;br /&gt;&lt;b&gt;Weight&lt;/b&gt;&lt;span&gt;: 276lbs&lt;/span&gt;&lt;br /&gt;&lt;b&gt;Genotype&lt;/b&gt;&lt;span&gt;: &lt;/span&gt;&lt;span&gt;Aa/bb/Dd/oo/FwFw&lt;/span&gt;&lt;span&gt;/nHd/nLum&lt;/span&gt;&lt;span&gt;+&lt;/span&gt;&lt;span&gt;X-Hyp&lt;/span&gt;&lt;span&gt;/Bek&lt;/span&gt;&lt;br /&gt;&lt;b&gt;Phenotype&lt;/b&gt;&lt;span&gt;:&amp;nbsp;&lt;/span&gt;&lt;span&gt;Brimstone with Fawn, Hood and Bioluminescense&lt;/span&gt;&lt;br /&gt;&lt;b&gt;Mutations&lt;/b&gt;&lt;span&gt;:&amp;nbsp;&lt;/span&gt;&lt;span&gt;Hypno Eyes and Beak&lt;/span&gt;&lt;br /&gt;&lt;b&gt;Element&lt;/b&gt;&lt;span&gt;: Undiscovered&lt;/span&gt;&lt;br /&gt;&lt;b&gt;Radiation Level&lt;/b&gt;&lt;span&gt;: Stable&lt;/span&gt;&lt;br /&gt;&lt;b&gt;Power&lt;/b&gt;&lt;span&gt;: Newfound&lt;/span&gt;&lt;br /&gt;&lt;br /&gt;&lt;b&gt;Stats&lt;/b&gt;&lt;span&gt;: HP: 50 || Attack: 10 || Defense: 10 || Special: 10 || Speed: 10&lt;/span&gt;&lt;br /&gt;&lt;br /&gt;&lt;b&gt;Personality&lt;/b&gt;&lt;span&gt;:&amp;nbsp;&lt;/span&gt;&lt;br /&gt;&lt;br /&gt;&lt;b&gt;Lineage&lt;/b&gt;&lt;span&gt;:&amp;nbsp;&lt;/span&gt;&lt;br /&gt;&lt;span&gt;------------------------------------------ GGG:&amp;nbsp;Unknown&lt;/span&gt;&lt;br /&gt;&lt;span&gt;----------------- GG:&amp;nbsp;&lt;/span&gt;&lt;a href=&quot;https://www.deviantart.com/deviation/737866597&quot;&gt;Drazzoth 0085&lt;/a&gt;&lt;br /&gt;&lt;span&gt;------------------------------------------ GGR:&amp;nbsp;Unknown&lt;/span&gt;&lt;br /&gt;&lt;span&gt;Giver:&amp;nbsp;&lt;/span&gt;&lt;b&gt;&lt;a href=&quot;https://magmatixi.deviantart.com/art/Agir-0127-742384219&quot;&gt;Agir 0127&lt;/a&gt;&lt;/b&gt;&lt;br /&gt;&lt;span&gt;------------------------------------------ GRG: Unknown&lt;/span&gt;&lt;br /&gt;&lt;span&gt;----------------- GR:&amp;nbsp;&lt;/span&gt;&lt;a href=&quot;https://www.deviantart.com/deviation/706422060&quot;&gt;Yah Racha 0010&lt;/a&gt;&lt;br /&gt;&lt;span&gt;------------------------------------------ GRR: Unknown&lt;/span&gt;&lt;br /&gt;&lt;span&gt;------------------------------------------ RGG: Unknown&lt;/span&gt;&lt;br /&gt;&lt;span&gt;----------------- RG:&amp;nbsp;&lt;/span&gt;&lt;a href=&quot;https://magmatixi.deviantart.com/art/The-Authorities-0076-732672727&quot;&gt;The Authorities 0076&lt;/a&gt;&lt;br /&gt;&lt;span&gt;------------------------------------------ RGR: Unknown&lt;/span&gt;&lt;br /&gt;&lt;span&gt;Receiver:&amp;nbsp;&lt;/span&gt;&lt;b&gt;&lt;a href=&quot;https://magmatixi.deviantart.com/art/Blu-0115-740164767&quot;&gt;Blu 0115&lt;/a&gt;&lt;/b&gt;&lt;br /&gt;&lt;span&gt;------------------------------------------ RRG:&amp;nbsp;Unknown&lt;/span&gt;&lt;br /&gt;&lt;span&gt;----------------- RR:&amp;nbsp;&lt;/span&gt;&lt;a href=&quot;https://magmatixi.deviantart.com/art/Corona-0077-732628825&quot;&gt;Corona 0077&lt;/a&gt;&lt;br /&gt;&lt;span&gt;------------------------------------------ RRR:&amp;nbsp;Unknown&lt;/span&gt;&lt;br /&gt;&lt;br /&gt;&lt;b&gt;Design by&lt;/b&gt;&lt;span&gt;: &lt;span class=&quot;username-with-symbol u&quot;&gt;&lt;a class=&quot;u regular username&quot; href=&quot;https://www.deviantart.com/bloodredkit&quot;&gt;BloodRedKit&lt;/a&gt;&lt;span class=&quot;user-symbol regular&quot; data-quicktip-text=&quot;&quot; data-show-tooltip=&quot;&quot; data-gruser-type=&quot;regular&quot;&gt;&lt;/span&gt;&lt;/span&gt;&amp;nbsp;&lt;/span&gt;&lt;/div&gt; &lt;/div&gt;&lt;/div&gt; &lt;/div&gt;&lt;br /&gt;&lt;div&gt;&lt;img src=&quot;https://t00.deviantart.net/qxOF3o1GUwSzt6dyFz19r-ftRIA=/300x200/filters:fixed_height(100,100):origin()/pre00/f233/th/pre/i/2019/026/2/b/brick_0336_by_magmatixi-dcy4j8t.png&quot; alt=&quot;thumbnail&quot; /&gt;&lt;/div&gt;</description>            </item>
                    <item>
                <title>Lost but not Gone</title>
                <link>https://hydragoon513.deviantart.com/art/Lost-but-not-Gone-782917427</link>
                <guid isPermaLink="true">https://hydragoon513.deviantart.com/art/Lost-but-not-Gone-782917427</guid>
                <pubDate>Sat, 26 Jan 2019 19:33:28 PST</pubDate>
                        <media:title type="plain">Lost but not Gone</media:title>
        <media:keywords></media:keywords>
                        <media:rating>nonadult</media:rating>
                <media:category label="Drawings">manga/digital/drawings</media:category>
        <media:credit role="author" scheme="urn:ebu">hydragoon513</media:credit>
        <media:credit role="author" scheme="urn:ebu">https://a.deviantart.net/avatars/h/y/hydragoon513.png?7</media:credit>
        <media:copyright url="https://hydragoon513.deviantart.com">Copyright 2019 hydragoon513</media:copyright>            <media:description type="html">Only 3 more days till KH3! \o/&lt;br /&gt;I&#039;ve seen nothing besides the trailers. I still am clinging on to my theory of Xion being a vessel, I mean it looks pretty damn likely looking at the Final Battle trailer.</media:description>            <media:thumbnail url="https://t00.deviantart.net/_pNXpTtprYkyvnrdraGo_k-5iMI=/fit-in/150x150/filters:no_upscale():origin()/pre00/6baa/th/pre/i/2019/026/e/5/lost_but_not_gone_by_hydragoon513-dcy4myb.jpg" height="150" width="150"/>            <media:thumbnail url="https://t00.deviantart.net/UIK_I28JeZXM6-Xw6cYAm_oPVMM=/fit-in/300x900/filters:no_upscale():origin()/pre00/6baa/th/pre/i/2019/026/e/5/lost_but_not_gone_by_hydragoon513-dcy4myb.jpg" height="300" width="300"/>            <media:thumbnail url="https://t00.deviantart.net/TsOYeIt-xEd2VNNcBAD7oIp4tXY=/300x200/filters:fixed_height(100,100):origin()/pre00/6baa/th/pre/i/2019/026/e/5/lost_but_not_gone_by_hydragoon513-dcy4myb.jpg" height="200" width="200"/>            <media:content url="https://pre00.deviantart.net/6baa/th/pre/i/2019/026/e/5/lost_but_not_gone_by_hydragoon513-dcy4myb.jpg" height="894" width="894" medium="image"/>            
            <description>Only 3 more days till KH3! \o/&lt;br /&gt;I&#039;ve seen nothing besides the trailers. I still am clinging on to my theory of Xion being a vessel, I mean it looks pretty damn likely looking at the Final Battle trailer.&lt;br /&gt;&lt;div&gt;&lt;img src=&quot;https://t00.deviantart.net/TsOYeIt-xEd2VNNcBAD7oIp4tXY=/300x200/filters:fixed_height(100,100):origin()/pre00/6baa/th/pre/i/2019/026/e/5/lost_but_not_gone_by_hydragoon513-dcy4myb.jpg&quot; alt=&quot;thumbnail&quot; /&gt;&lt;/div&gt;</description>            </item>
                    <item>
                <title>Soft pastel drawing of vaporeon</title>
                <link>https://silentnightsky1.deviantart.com/art/Soft-pastel-drawing-of-vaporeon-782917970</link>
                <guid isPermaLink="true">https://silentnightsky1.deviantart.com/art/Soft-pastel-drawing-of-vaporeon-782917970</guid>
                <pubDate>Sat, 26 Jan 2019 19:33:28 PST</pubDate>
                        <media:title type="plain">Soft pastel drawing of vaporeon</media:title>
        <media:keywords></media:keywords>
                        <media:rating>nonadult</media:rating>
                <media:category label="Drawings">manga/traditional/drawings</media:category>
        <media:credit role="author" scheme="urn:ebu">Silentnightsky1</media:credit>
        <media:credit role="author" scheme="urn:ebu">https://a.deviantart.net/avatars/s/i/silentnightsky1.jpg?4</media:credit>
        <media:copyright url="https://silentnightsky1.deviantart.com">Copyright 2019 Silentnightsky1</media:copyright>            <media:description type="html"></media:description>            <media:thumbnail url="https://t00.deviantart.net/etg5rAJFm8dvn-8cp9oKk_KRhn4=/fit-in/150x150/filters:no_upscale():origin()/pre00/b48a/th/pre/i/2019/026/c/1/soft_pastel_drawing_of_vaporeon_by_silentnightsky1-dcy4nde.jpg" height="150" width="106"/>            <media:thumbnail url="https://t00.deviantart.net/YnEFNw-5VYX4NUWtCVis3l8kykY=/fit-in/300x900/filters:no_upscale():origin()/pre00/b48a/th/pre/i/2019/026/c/1/soft_pastel_drawing_of_vaporeon_by_silentnightsky1-dcy4nde.jpg" height="425" width="300"/>            <media:thumbnail url="https://t00.deviantart.net/0f7GouwpdoXNT9pL6-Fq2J59QP8=/300x200/filters:fixed_height(100,100):origin()/pre00/b48a/th/pre/i/2019/026/c/1/soft_pastel_drawing_of_vaporeon_by_silentnightsky1-dcy4nde.jpg" height="200" width="141"/>            <media:content url="https://pre00.deviantart.net/b48a/th/pre/i/2019/026/c/1/soft_pastel_drawing_of_vaporeon_by_silentnightsky1-dcy4nde.jpg" height="1065" width="751" medium="image"/>            
            <description>&lt;br /&gt;&lt;div&gt;&lt;img src=&quot;https://t00.deviantart.net/0f7GouwpdoXNT9pL6-Fq2J59QP8=/300x200/filters:fixed_height(100,100):origin()/pre00/b48a/th/pre/i/2019/026/c/1/soft_pastel_drawing_of_vaporeon_by_silentnightsky1-dcy4nde.jpg&quot; alt=&quot;thumbnail&quot; /&gt;&lt;/div&gt;</description>            </item>
                    <item>
                <title>20190126 Fantastic-Beast 831</title>
                <link>https://smbourg8.deviantart.com/art/20190126-Fantastic-Beast-831-782917948</link>
                <guid isPermaLink="true">https://smbourg8.deviantart.com/art/20190126-Fantastic-Beast-831-782917948</guid>
                <pubDate>Sat, 26 Jan 2019 19:33:26 PST</pubDate>
                        <media:title type="plain">20190126 Fantastic-Beast 831</media:title>
        <media:keywords></media:keywords>
                        <media:rating>nonadult</media:rating>
                <media:category label="Cosplay">photography/people/cosplay</media:category>
        <media:credit role="author" scheme="urn:ebu">smbourg8</media:credit>
        <media:credit role="author" scheme="urn:ebu">https://a.deviantart.net/avatars/s/m/smbourg8.jpg?2</media:credit>
        <media:copyright url="https://smbourg8.deviantart.com">Copyright 2019 smbourg8</media:copyright>            <media:description type="html"></media:description>            <media:thumbnail url="https://t00.deviantart.net/7vVRwhoNGkMOClYJpBTt7ZUeJpI=/fit-in/150x150/filters:no_upscale():origin()/pre00/af11/th/pre/i/2019/026/e/c/20190126_fantastic_beast_831_by_smbourg8-dcy4ncs.jpg" height="150" width="149"/>            <media:thumbnail url="https://t00.deviantart.net/6s4_ql8jRptHLoiPWNuAvAkzV58=/fit-in/300x900/filters:no_upscale():origin()/pre00/af11/th/pre/i/2019/026/e/c/20190126_fantastic_beast_831_by_smbourg8-dcy4ncs.jpg" height="302" width="300"/>            <media:thumbnail url="https://t00.deviantart.net/y0iKo3w24GkelLiwJruw49UHVU4=/300x200/filters:fixed_height(100,100):origin()/pre00/af11/th/pre/i/2019/026/e/c/20190126_fantastic_beast_831_by_smbourg8-dcy4ncs.jpg" height="200" width="199"/>            <media:content url="https://pre00.deviantart.net/af11/th/pre/i/2019/026/e/c/20190126_fantastic_beast_831_by_smbourg8-dcy4ncs.jpg" height="897" width="891" medium="image"/>            
            <description>&lt;br /&gt;&lt;div&gt;&lt;img src=&quot;https://t00.deviantart.net/y0iKo3w24GkelLiwJruw49UHVU4=/300x200/filters:fixed_height(100,100):origin()/pre00/af11/th/pre/i/2019/026/e/c/20190126_fantastic_beast_831_by_smbourg8-dcy4ncs.jpg&quot; alt=&quot;thumbnail&quot; /&gt;&lt;/div&gt;</description>            </item>
                    <item>
                <title>basil</title>
                <link>https://gadgetgirlsteph1234.deviantart.com/art/basil-782917958</link>
                <guid isPermaLink="true">https://gadgetgirlsteph1234.deviantart.com/art/basil-782917958</guid>
                <pubDate>Sat, 26 Jan 2019 19:33:23 PST</pubDate>
                        <media:title type="plain">basil</media:title>
        <media:keywords></media:keywords>
                        <media:rating>nonadult</media:rating>
                <media:category label="Drawings">cartoons/digital/cartoons/drawings</media:category>
        <media:credit role="author" scheme="urn:ebu">Gadgetgirlsteph1234</media:credit>
        <media:credit role="author" scheme="urn:ebu">https://a.deviantart.net/avatars/g/a/gadgetgirlsteph1234.jpg?8</media:credit>
        <media:copyright url="https://gadgetgirlsteph1234.deviantart.com">Copyright 2019 Gadgetgirlsteph1234</media:copyright>            <media:description type="html"></media:description>            <media:thumbnail url="https://t00.deviantart.net/fi3HOiBQLqN85cc8vfGni3l1I4Q=/fit-in/150x150/filters:no_upscale():origin()/pre00/b3e6/th/pre/i/2019/026/a/5/basil_by_gadgetgirlsteph1234-dcy4nd2.jpg" height="150" width="133"/>            <media:thumbnail url="https://t00.deviantart.net/omiXXe7gd1W19VvkJ9V9UgckGDU=/fit-in/300x900/filters:no_upscale():origin()/pre00/b3e6/th/pre/i/2019/026/a/5/basil_by_gadgetgirlsteph1234-dcy4nd2.jpg" height="338" width="300"/>            <media:thumbnail url="https://t00.deviantart.net/sXm7JNlJ15MneyVoEeHEx7GBJRg=/300x200/filters:fixed_height(100,100):origin()/pre00/b3e6/th/pre/i/2019/026/a/5/basil_by_gadgetgirlsteph1234-dcy4nd2.jpg" height="200" width="178"/>            <media:content url="https://pre00.deviantart.net/b3e6/th/pre/i/2019/026/a/5/basil_by_gadgetgirlsteph1234-dcy4nd2.jpg" height="949" width="842" medium="image"/>            
            <description>&lt;br /&gt;&lt;div&gt;&lt;img src=&quot;https://t00.deviantart.net/sXm7JNlJ15MneyVoEeHEx7GBJRg=/300x200/filters:fixed_height(100,100):origin()/pre00/b3e6/th/pre/i/2019/026/a/5/basil_by_gadgetgirlsteph1234-dcy4nd2.jpg&quot; alt=&quot;thumbnail&quot; /&gt;&lt;/div&gt;</description>            </item>
                    <item>
                <title>RefComThing-mdn</title>
                <link>https://aj-h.deviantart.com/art/RefComThing-mdn-782916699</link>
                <guid isPermaLink="true">https://aj-h.deviantart.com/art/RefComThing-mdn-782916699</guid>
                <pubDate>Sat, 26 Jan 2019 19:33:20 PST</pubDate>
                        <media:title type="plain">RefComThing-mdn</media:title>
        <media:keywords></media:keywords>
                        <media:rating>nonadult</media:rating>
                <media:category label="Other">digitalart/paintings/other</media:category>
        <media:credit role="author" scheme="urn:ebu">AJ-H</media:credit>
        <media:credit role="author" scheme="urn:ebu">https://a.deviantart.net/avatars/a/j/aj-h.gif?11</media:credit>
        <media:copyright url="https://aj-h.deviantart.com">Copyright 2019 AJ-H</media:copyright>            <media:description type="html">for &lt;span class=&quot;username-with-symbol u&quot;&gt;&lt;a class=&quot;u regular username&quot; href=&quot;https://www.deviantart.com/eliprice&quot;&gt;EliPrice&lt;/a&gt;&lt;span class=&quot;user-symbol regular&quot; data-quicktip-text=&quot;&quot; data-show-tooltip=&quot;&quot; data-gruser-type=&quot;regular&quot;&gt;&lt;/span&gt;&lt;/span&gt; (even if you already saw it, gotta tag you, it&#039;s part of the process)&lt;br /&gt;Charakter Belongs to &lt;span class=&quot;username-with-symbol u&quot;&gt;&lt;a class=&quot;u regular username&quot; href=&quot;https://www.deviantart.com/eliprice&quot;&gt;EliPrice&lt;/a&gt;&lt;span class=&quot;user-symbol regular&quot; data-quicktip-text=&quot;&quot; data-show-tooltip=&quot;&quot; data-gruser-type=&quot;regular&quot;&gt;&lt;/span&gt;&lt;/span&gt; who also provided the image for the reference of the symbol on Katsuka&#039;s &amp;nbsp;torso (again, thanks that I was allowed to use that instead of redrawing it)&lt;br /&gt;&lt;br /&gt;part one of a more complex reference sheet I was so happy to have finished now- frankly it wasn&#039;t as exhausting as I thought (then I again I tend to have an incredible recovery phase)- either way I&#039;m glad to have finished the first part and I hope the second part can be done just as &quot;easy&quot; as this one</media:description>            <media:thumbnail url="https://t00.deviantart.net/zT64vCaRNeWmSp0f-PbN8TpiS94=/fit-in/150x150/filters:no_upscale():origin()/pre00/6a8d/th/pre/i/2019/026/5/1/refcomthing_mdn_by_aj_h-dcy4me3.png" height="109" width="150"/>            <media:thumbnail url="https://t00.deviantart.net/_pWg3Hl3NTJamQPgHDfRX_AuApU=/fit-in/300x900/filters:no_upscale():origin()/pre00/6a8d/th/pre/i/2019/026/5/1/refcomthing_mdn_by_aj_h-dcy4me3.png" height="219" width="300"/>            <media:thumbnail url="https://t00.deviantart.net/REH7M0Sdgz3ZykOniDjYQXj14lU=/300x200/filters:fixed_height(100,100):origin()/pre00/6a8d/th/pre/i/2019/026/5/1/refcomthing_mdn_by_aj_h-dcy4me3.png" height="200" width="275"/>            <media:content url="https://pre00.deviantart.net/6a8d/th/pre/i/2019/026/5/1/refcomthing_mdn_by_aj_h-dcy4me3.png" height="763" width="1048" medium="image"/>            
            <description>for &lt;span class=&quot;username-with-symbol u&quot;&gt;&lt;a class=&quot;u regular username&quot; href=&quot;https://www.deviantart.com/eliprice&quot;&gt;EliPrice&lt;/a&gt;&lt;span class=&quot;user-symbol regular&quot; data-quicktip-text=&quot;&quot; data-show-tooltip=&quot;&quot; data-gruser-type=&quot;regular&quot;&gt;&lt;/span&gt;&lt;/span&gt; (even if you already saw it, gotta tag you, it&#039;s part of the process)&lt;br /&gt;Charakter Belongs to &lt;span class=&quot;username-with-symbol u&quot;&gt;&lt;a class=&quot;u regular username&quot; href=&quot;https://www.deviantart.com/eliprice&quot;&gt;EliPrice&lt;/a&gt;&lt;span class=&quot;user-symbol regular&quot; data-quicktip-text=&quot;&quot; data-show-tooltip=&quot;&quot; data-gruser-type=&quot;regular&quot;&gt;&lt;/span&gt;&lt;/span&gt; who also provided the image for the reference of the symbol on Katsuka&#039;s &amp;nbsp;torso (again, thanks that I was allowed to use that instead of redrawing it)&lt;br /&gt;&lt;br /&gt;part one of a more complex reference sheet I was so happy to have finished now- frankly it wasn&#039;t as exhausting as I thought (then I again I tend to have an incredible recovery phase)- either way I&#039;m glad to have finished the first part and I hope the second part can be done just as &quot;easy&quot; as this one&lt;br /&gt;&lt;div&gt;&lt;img src=&quot;https://t00.deviantart.net/REH7M0Sdgz3ZykOniDjYQXj14lU=/300x200/filters:fixed_height(100,100):origin()/pre00/6a8d/th/pre/i/2019/026/5/1/refcomthing_mdn_by_aj_h-dcy4me3.png&quot; alt=&quot;thumbnail&quot; /&gt;&lt;/div&gt;</description>            </item>
                    <item>
                <title>The Real Artist</title>
                <link>https://ralphsoliman.deviantart.com/art/The-Real-Artist-782917484</link>
                <guid isPermaLink="true">https://ralphsoliman.deviantart.com/art/The-Real-Artist-782917484</guid>
                <pubDate>Sat, 26 Jan 2019 19:33:19 PST</pubDate>
                        <media:title type="plain">The Real Artist</media:title>
        <media:keywords></media:keywords>
                        <media:rating>nonadult</media:rating>
                <media:category label="Classic Portraits">photography/people/portraits</media:category>
        <media:credit role="author" scheme="urn:ebu">ralphsoliman</media:credit>
        <media:credit role="author" scheme="urn:ebu">https://a.deviantart.net/avatars/r/a/ralphsoliman.jpg?11</media:credit>
        <media:copyright url="https://ralphsoliman.deviantart.com">Copyright 2019 ralphsoliman</media:copyright>            <media:description type="html">i&#039; m the Artist I making FanArt and SFM. &lt;img src=&quot;https://e.deviantart.net/emoticons/s/smile.gif&quot; width=&quot;15&quot; height=&quot;15&quot; alt=&quot;:)&quot; data-embed-type=&quot;emoticon&quot; data-embed-id=&quot;391&quot; title=&quot;:) (Smile)&quot;/&gt;&lt;br /&gt;My name is Raphael Soliman.&lt;br /&gt;&amp;#128513;&lt;br /&gt;&lt;br /&gt;&lt;br /&gt;Picture By Me</media:description>            <media:thumbnail url="https://t00.deviantart.net/5nm_m_ChxvVlxN0NtrgwPwYKN0c=/fit-in/150x150/filters:no_upscale():origin()/pre00/a561/th/pre/f/2019/026/0/c/the_real_artist_by_ralphsoliman-dcy4mzw.jpg" height="150" width="113"/>            <media:thumbnail url="https://t00.deviantart.net/3a1gBh3r2gmQqpnecC0U_lJFMYo=/fit-in/300x900/filters:no_upscale():origin()/pre00/a561/th/pre/f/2019/026/0/c/the_real_artist_by_ralphsoliman-dcy4mzw.jpg" height="400" width="300"/>            <media:thumbnail url="https://t00.deviantart.net/DyM38TR5vgV8eHzibRw52D8QnP0=/300x200/filters:fixed_height(100,100):origin()/pre00/a561/th/pre/f/2019/026/0/c/the_real_artist_by_ralphsoliman-dcy4mzw.jpg" height="200" width="150"/>            <media:content url="https://orig00.deviantart.net/4eb8/f/2019/026/0/c/the_real_artist_by_ralphsoliman-dcy4mzw.jpg" height="640" width="480" medium="image"/>            
            <description>i&#039; m the Artist I making FanArt and SFM. &lt;img src=&quot;https://e.deviantart.net/emoticons/s/smile.gif&quot; width=&quot;15&quot; height=&quot;15&quot; alt=&quot;:)&quot; data-embed-type=&quot;emoticon&quot; data-embed-id=&quot;391&quot; title=&quot;:) (Smile)&quot;/&gt;&lt;br /&gt;My name is Raphael Soliman.&lt;br /&gt;&amp;#128513;&lt;br /&gt;&lt;br /&gt;&lt;br /&gt;Picture By Me&lt;br /&gt;&lt;div&gt;&lt;img src=&quot;https://t00.deviantart.net/DyM38TR5vgV8eHzibRw52D8QnP0=/300x200/filters:fixed_height(100,100):origin()/pre00/a561/th/pre/f/2019/026/0/c/the_real_artist_by_ralphsoliman-dcy4mzw.jpg&quot; alt=&quot;thumbnail&quot; /&gt;&lt;/div&gt;</description>            </item>
                    <item>
                <title>Itsu datte, itsu datte</title>
                <link>https://kingorange584.deviantart.com/art/Itsu-datte-itsu-datte-782917634</link>
                <guid isPermaLink="true">https://kingorange584.deviantart.com/art/Itsu-datte-itsu-datte-782917634</guid>
                <pubDate>Sat, 26 Jan 2019 19:33:19 PST</pubDate>
                        <media:title type="plain">Itsu datte, itsu datte</media:title>
        <media:keywords></media:keywords>
                        <media:rating>nonadult</media:rating>
                <media:category label="Isometric">digitalart/pixelart/characters/iso</media:category>
        <media:credit role="author" scheme="urn:ebu">kingorange584</media:credit>
        <media:credit role="author" scheme="urn:ebu">https://a.deviantart.net/avatars/k/i/kingorange584.png?1</media:credit>
        <media:copyright url="https://kingorange584.deviantart.com">Copyright 2019 kingorange584</media:copyright>            <media:description type="html">voy a publicarlos aqu&amp;#237; por que si uwu&amp;nbsp;&lt;br /&gt;&lt;br /&gt;&lt;span class=&quot;username-with-symbol u&quot;&gt;&lt;a class=&quot;u beta username&quot; href=&quot;https://www.deviantart.com/koofiini&quot;&gt;koofiini&lt;/a&gt;&lt;span class=&quot;user-symbol beta&quot; data-quicktip-text=&quot;Beta Tester&quot; data-show-tooltip=&quot;1&quot; data-gruser-type=&quot;beta&quot;&gt;&lt;/span&gt;&lt;/span&gt; &amp;nbsp;&lt;img src=&quot;https://e.deviantart.net/emoticons/h/heart.gif&quot; alt=&quot;Heart&quot; style=&quot;width: 15px; height: 13px;&quot; data-embed-type=&quot;emoticon&quot; data-embed-id=&quot;357&quot;&gt;&amp;nbsp;</media:description>            <media:thumbnail url="https://orig00.deviantart.net/fa0b/f/2019/026/b/5/itsu_datte__itsu_datte_by_kingorange584-dcy4n42.png" height="50" width="100"/>            <media:thumbnail url="https://orig00.deviantart.net/fa0b/f/2019/026/b/5/itsu_datte__itsu_datte_by_kingorange584-dcy4n42.png" height="50" width="100"/>            <media:thumbnail url="https://orig00.deviantart.net/fa0b/f/2019/026/b/5/itsu_datte__itsu_datte_by_kingorange584-dcy4n42.png" height="50" width="100"/>            <media:content url="https://orig00.deviantart.net/fa0b/f/2019/026/b/5/itsu_datte__itsu_datte_by_kingorange584-dcy4n42.png" height="50" width="100" medium="image"/>            
            <description>voy a publicarlos aqu&amp;#237; por que si uwu&amp;nbsp;&lt;br /&gt;&lt;br /&gt;&lt;span class=&quot;username-with-symbol u&quot;&gt;&lt;a class=&quot;u beta username&quot; href=&quot;https://www.deviantart.com/koofiini&quot;&gt;koofiini&lt;/a&gt;&lt;span class=&quot;user-symbol beta&quot; data-quicktip-text=&quot;Beta Tester&quot; data-show-tooltip=&quot;1&quot; data-gruser-type=&quot;beta&quot;&gt;&lt;/span&gt;&lt;/span&gt; &amp;nbsp;&lt;img src=&quot;https://e.deviantart.net/emoticons/h/heart.gif&quot; alt=&quot;Heart&quot; style=&quot;width: 15px; height: 13px;&quot; data-embed-type=&quot;emoticon&quot; data-embed-id=&quot;357&quot;&gt;&amp;nbsp;&lt;br /&gt;&lt;div&gt;&lt;img src=&quot;https://orig00.deviantart.net/fa0b/f/2019/026/b/5/itsu_datte__itsu_datte_by_kingorange584-dcy4n42.png&quot; alt=&quot;thumbnail&quot; /&gt;&lt;/div&gt;</description>            </item>
                    <item>
                <title>Milky The Waitress</title>
                <link>https://kylerawksocs210.deviantart.com/art/Milky-The-Waitress-782917908</link>
                <guid isPermaLink="true">https://kylerawksocs210.deviantart.com/art/Milky-The-Waitress-782917908</guid>
                <pubDate>Sat, 26 Jan 2019 19:33:19 PST</pubDate>
                        <media:title type="plain">Milky The Waitress</media:title>
        <media:keywords></media:keywords>
                        <media:rating>nonadult</media:rating>
                <media:category label="Animals">anthro/traditional/drawings/animals</media:category>
        <media:credit role="author" scheme="urn:ebu">KylerawksOCs210</media:credit>
        <media:credit role="author" scheme="urn:ebu">https://a.deviantart.net/avatars/k/y/kylerawksocs210.jpg?8</media:credit>
        <media:copyright url="https://kylerawksocs210.deviantart.com">Copyright 2019 KylerawksOCs210</media:copyright>            <media:description type="html"></media:description>            <media:thumbnail url="https://t00.deviantart.net/f5ya9nhPzlThwm4q_bTsrORxhNk=/fit-in/150x150/filters:no_upscale():origin()/pre00/3a7a/th/pre/i/2019/026/5/4/milky_the_waitress_by_kylerawksocs210-dcy4nbo.jpg" height="150" width="113"/>            <media:thumbnail url="https://t00.deviantart.net/Sc1R519XL-JIACcg0rydv67uHgI=/fit-in/300x900/filters:no_upscale():origin()/pre00/3a7a/th/pre/i/2019/026/5/4/milky_the_waitress_by_kylerawksocs210-dcy4nbo.jpg" height="400" width="300"/>            <media:thumbnail url="https://t00.deviantart.net/sff2p-7xNNiDnN75m-qHe3k6W44=/300x200/filters:fixed_height(100,100):origin()/pre00/3a7a/th/pre/i/2019/026/5/4/milky_the_waitress_by_kylerawksocs210-dcy4nbo.jpg" height="200" width="150"/>            <media:content url="https://pre00.deviantart.net/3a7a/th/pre/i/2019/026/5/4/milky_the_waitress_by_kylerawksocs210-dcy4nbo.jpg" height="1032" width="774" medium="image"/>            
            <description>&lt;br /&gt;&lt;div&gt;&lt;img src=&quot;https://t00.deviantart.net/sff2p-7xNNiDnN75m-qHe3k6W44=/300x200/filters:fixed_height(100,100):origin()/pre00/3a7a/th/pre/i/2019/026/5/4/milky_the_waitress_by_kylerawksocs210-dcy4nbo.jpg&quot; alt=&quot;thumbnail&quot; /&gt;&lt;/div&gt;</description>            </item>
                    <item>
                <title>Yuuto on the streets 6</title>
                <link>https://livewiregoth.deviantart.com/art/Yuuto-on-the-streets-6-782755481</link>
                <guid isPermaLink="true">https://livewiregoth.deviantart.com/art/Yuuto-on-the-streets-6-782755481</guid>
                <pubDate>Sat, 26 Jan 2019 19:33:18 PST</pubDate>
                        <media:title type="plain">Yuuto on the streets 6</media:title>
        <media:keywords></media:keywords>
                        <media:rating>nonadult</media:rating>
                <media:category label="Other">traditional/drawings/other</media:category>
        <media:credit role="author" scheme="urn:ebu">LiveWireGoth</media:credit>
        <media:credit role="author" scheme="urn:ebu">https://a.deviantart.net/avatars/l/i/livewiregoth.gif?4</media:credit>
        <media:copyright url="https://livewiregoth.deviantart.com">Copyright 2019 LiveWireGoth</media:copyright>            <media:description type="html">Yuuto&#039;s starting to be able to recover more &amp;amp; start some physical therapy, he&#039;s slowly being taught to talk as at the moment working on his physical health is important especially due to his struggle to eat. He&#039;s also wearing his star charm for the first time in a while, I&#039;m not entirely sure if the bandages I put on Yuuto are the right ones for a broken ankle.&lt;br /&gt;&lt;br /&gt;&lt;br /&gt;Parts of Yuuto on the streets:&lt;br /&gt;&lt;a href=&quot;https://www.deviantart.com/livewiregoth/art/Yuuto-on-the-streets-782325575&quot;&gt;www.deviantart.com/livewiregot&amp;hellip;&lt;/a&gt;&lt;br /&gt;&lt;a href=&quot;https://www.deviantart.com/livewiregoth/art/Yuuto-on-the-streets-2-782755527&quot;&gt;www.deviantart.com/livewiregot&amp;hellip;&lt;/a&gt;&lt;br /&gt;&lt;a href=&quot;https://www.deviantart.com/livewiregoth/art/Yuuto-on-the-streets-3-782755512&quot;&gt;www.deviantart.com/livewiregot&amp;hellip;&lt;/a&gt;&lt;br /&gt;&lt;a href=&quot;https://www.deviantart.com/livewiregoth/art/Yuuto-on-the-streets-4-782755502&quot;&gt;www.deviantart.com/livewiregot&amp;hellip;&lt;/a&gt;&lt;br /&gt;&lt;a href=&quot;https://www.deviantart.com/livewiregoth/art/Yuuto-on-the-streets-5-782755489&quot;&gt;www.deviantart.com/livewiregot&amp;hellip;&lt;/a&gt;</media:description>            <media:thumbnail url="https://t00.deviantart.net/vLvknrE4dn0TgCMnuhaFFWTa5kw=/fit-in/150x150/filters:no_upscale():origin()/pre00/d369/th/pre/f/2019/025/6/f/yuuto_on_the_streets_6_by_livewiregoth-dcy15zt.jpg" height="150" width="77"/>            <media:thumbnail url="https://t00.deviantart.net/_dK0KGQmRBdWLcLKfDIVN2N-oco=/fit-in/300x900/filters:no_upscale():origin()/pre00/d369/th/pre/f/2019/025/6/f/yuuto_on_the_streets_6_by_livewiregoth-dcy15zt.jpg" height="581" width="300"/>            <media:thumbnail url="https://t00.deviantart.net/Yj1-Rl2yatVGn7VrWr8nWrgnteg=/300x200/filters:fixed_height(100,100):origin()/pre00/d369/th/pre/f/2019/025/6/f/yuuto_on_the_streets_6_by_livewiregoth-dcy15zt.jpg" height="200" width="103"/>            <media:content url="https://pre00.deviantart.net/d369/th/pre/f/2019/025/6/f/yuuto_on_the_streets_6_by_livewiregoth-dcy15zt.jpg" height="1244" width="642" medium="image"/>            
            <description>Yuuto&#039;s starting to be able to recover more &amp;amp; start some physical therapy, he&#039;s slowly being taught to talk as at the moment working on his physical health is important especially due to his struggle to eat. He&#039;s also wearing his star charm for the first time in a while, I&#039;m not entirely sure if the bandages I put on Yuuto are the right ones for a broken ankle.&lt;br /&gt;&lt;br /&gt;&lt;br /&gt;Parts of Yuuto on the streets:&lt;br /&gt;&lt;a href=&quot;https://www.deviantart.com/livewiregoth/art/Yuuto-on-the-streets-782325575&quot;&gt;www.deviantart.com/livewiregot&amp;hellip;&lt;/a&gt;&lt;br /&gt;&lt;a href=&quot;https://www.deviantart.com/livewiregoth/art/Yuuto-on-the-streets-2-782755527&quot;&gt;www.deviantart.com/livewiregot&amp;hellip;&lt;/a&gt;&lt;br /&gt;&lt;a href=&quot;https://www.deviantart.com/livewiregoth/art/Yuuto-on-the-streets-3-782755512&quot;&gt;www.deviantart.com/livewiregot&amp;hellip;&lt;/a&gt;&lt;br /&gt;&lt;a href=&quot;https://www.deviantart.com/livewiregoth/art/Yuuto-on-the-streets-4-782755502&quot;&gt;www.deviantart.com/livewiregot&amp;hellip;&lt;/a&gt;&lt;br /&gt;&lt;a href=&quot;https://www.deviantart.com/livewiregoth/art/Yuuto-on-the-streets-5-782755489&quot;&gt;www.deviantart.com/livewiregot&amp;hellip;&lt;/a&gt;&lt;br /&gt;&lt;div&gt;&lt;img src=&quot;https://t00.deviantart.net/Yj1-Rl2yatVGn7VrWr8nWrgnteg=/300x200/filters:fixed_height(100,100):origin()/pre00/d369/th/pre/f/2019/025/6/f/yuuto_on_the_streets_6_by_livewiregoth-dcy15zt.jpg&quot; alt=&quot;thumbnail&quot; /&gt;&lt;/div&gt;</description>            </item>
                    <item>
                <title>MJ Spider-Woman 17</title>
                <link>https://heymontyphotography.deviantart.com/art/MJ-Spider-Woman-17-782917765</link>
                <guid isPermaLink="true">https://heymontyphotography.deviantart.com/art/MJ-Spider-Woman-17-782917765</guid>
                <pubDate>Sat, 26 Jan 2019 19:33:17 PST</pubDate>
                        <media:title type="plain">MJ Spider-Woman 17</media:title>
        <media:keywords></media:keywords>
                        <media:rating>nonadult</media:rating>
                <media:category label="Cosplay">photography/people/cosplay</media:category>
        <media:credit role="author" scheme="urn:ebu">HeyMontyPhotography</media:credit>
        <media:credit role="author" scheme="urn:ebu">https://a.deviantart.net/avatars/h/e/heymontyphotography.png?9</media:credit>
        <media:copyright url="https://heymontyphotography.deviantart.com">Copyright 2019 HeyMontyPhotography</media:copyright>            <media:description type="html">Marvel&amp;nbsp;&lt;br /&gt;Mary Jane Watson - Spider-Woman&amp;nbsp;&lt;br /&gt;Cosplayer - Harvestsprite Cosplay&amp;nbsp;</media:description>            <media:thumbnail url="https://t00.deviantart.net/utucrd1lrLhn_6w0wfFQdUpPayg=/fit-in/150x150/filters:no_upscale():origin()/pre00/e9bb/th/pre/i/2019/026/b/3/mj_spider_woman_17_by_heymontyphotography-dcy4n7p.jpg" height="150" width="100"/>            <media:thumbnail url="https://t00.deviantart.net/DLSn1CREGHyWfe64KXuQmh8tXTI=/fit-in/300x900/filters:no_upscale():origin()/pre00/e9bb/th/pre/i/2019/026/b/3/mj_spider_woman_17_by_heymontyphotography-dcy4n7p.jpg" height="450" width="300"/>            <media:thumbnail url="https://t00.deviantart.net/o5anroGUH0A62cFTf8DITgf8L0A=/300x200/filters:fixed_height(100,100):origin()/pre00/e9bb/th/pre/i/2019/026/b/3/mj_spider_woman_17_by_heymontyphotography-dcy4n7p.jpg" height="200" width="133"/>            <media:content url="https://pre00.deviantart.net/e9bb/th/pre/i/2019/026/b/3/mj_spider_woman_17_by_heymontyphotography-dcy4n7p.jpg" height="1095" width="730" medium="image"/>            
            <description>Marvel&amp;nbsp;&lt;br /&gt;Mary Jane Watson - Spider-Woman&amp;nbsp;&lt;br /&gt;Cosplayer - Harvestsprite Cosplay&amp;nbsp;&lt;br /&gt;&lt;div&gt;&lt;img src=&quot;https://t00.deviantart.net/o5anroGUH0A62cFTf8DITgf8L0A=/300x200/filters:fixed_height(100,100):origin()/pre00/e9bb/th/pre/i/2019/026/b/3/mj_spider_woman_17_by_heymontyphotography-dcy4n7p.jpg&quot; alt=&quot;thumbnail&quot; /&gt;&lt;/div&gt;</description>            </item>
                    <item>
                <title>Blood Sport. Part 6.</title>
                <link>https://softsubmission.deviantart.com/art/Blood-Sport-Part-6-782916638</link>
                <guid isPermaLink="true">https://softsubmission.deviantart.com/art/Blood-Sport-Part-6-782916638</guid>
                <pubDate>Sat, 26 Jan 2019 19:33:15 PST</pubDate>
                        <media:title type="plain">Blood Sport. Part 6.</media:title>
        <media:keywords></media:keywords>
                        <media:rating>adult</media:rating>
                <media:category label="Drama">literature/fanfiction/drama</media:category>
        <media:credit role="author" scheme="urn:ebu">SoftSubmission</media:credit>
        <media:credit role="author" scheme="urn:ebu">https://a.deviantart.net/avatars/default.gif</media:credit>
        <media:copyright url="https://softsubmission.deviantart.com">Copyright 2019 SoftSubmission</media:copyright>            <media:description type="html"></media:description>        

        <media:content url="https://softsubmission.deviantart.com/art/Blood-Sport-Part-6-782916638" medium="document" />
        <media:text type="html">&amp;nbsp; &amp;nbsp; &amp;nbsp; &amp;nbsp; &amp;nbsp;11. &amp;nbsp; &amp;nbsp; &amp;nbsp; BRIANNA MEETS KENDRA. &lt;br /&gt; &amp;nbsp; &amp;nbsp; &amp;nbsp; &amp;nbsp; Brianna was on her way to the gym. She wanted to really bust out a great workout. Her phone rang, it was Robert. She felt warm knowing she would hear his voice. &lt;br /&gt; &amp;nbsp; &amp;nbsp;&amp;#8220;Hey sexy, what&amp;#8217;s up&amp;#8221; &lt;br /&gt; &amp;nbsp; &amp;nbsp;&amp;#8220;Hey sexy, I&amp;#8217;m going to the gym. Gotta keep this body tuned up.&amp;#8221; &lt;br /&gt; &amp;nbsp; &amp;nbsp;&amp;#8220;None hotter than you, baby. Speaking of the gym, I had an idea. Why don&amp;#8217;t you start working out at my house? You saw my gym, it has everything.&amp;#8221; &lt;br /&gt; &amp;nbsp; &amp;nbsp;Brianna hesitated. She liked her gym and had friends there. &amp;#8220;Um..thanks Robert but I really like where I go.&amp;#8221; &lt;br /&gt; &amp;nbsp; &amp;nbsp;&amp;#82</media:text>            
            <description></description>            </item>
                    <item>
                <title>26.01.2019</title>
                <link>https://amarynceus.deviantart.com/art/26-01-2019-782917725</link>
                <guid isPermaLink="true">https://amarynceus.deviantart.com/art/26-01-2019-782917725</guid>
                <pubDate>Sat, 26 Jan 2019 19:33:13 PST</pubDate>
                        <media:title type="plain">26.01.2019</media:title>
        <media:keywords></media:keywords>
                        <media:rating>nonadult</media:rating>
                <media:category label="Drawings">cartoons/digital/cartoons/drawings</media:category>
        <media:credit role="author" scheme="urn:ebu">Amarynceus</media:credit>
        <media:credit role="author" scheme="urn:ebu">https://a.deviantart.net/avatars/a/m/amarynceus.gif?2</media:credit>
        <media:copyright url="https://amarynceus.deviantart.com">Copyright 2019 Amarynceus</media:copyright>
            <media:community>
                <media:tags>@amarynceus</media:tags>
            </media:community>            <media:description type="html">First Tuna of the new calendar year!&lt;br /&gt;&lt;br /&gt;&lt;img src=&quot;https://e.deviantart.net/emoticons/h/heart.gif&quot; width=&quot;15&quot; height=&quot;13&quot; alt=&quot;:heart:&quot; data-embed-type=&quot;emoticon&quot; data-embed-id=&quot;357&quot; title=&quot;Heart&quot;/&gt;&lt;br /&gt;&lt;span&gt;-------&amp;nbsp;&lt;/span&gt;&lt;br /&gt;&lt;span&gt;Clip Studio Paint, Cintiq 22HD.&amp;nbsp;&lt;/span&gt;&lt;span&gt;MLP etc. &amp;#169; Hasbro, Lauren Faust.&lt;/span&gt;&lt;br /&gt;&lt;a class=&quot;external&quot; href=&quot;https://www.deviantart.com/users/outgoing?https://amarynceus.tumblr.com/&quot;&gt;Tumblr&lt;/a&gt;&lt;span&gt;&amp;nbsp; |&amp;nbsp;&lt;/span&gt;&lt;a class=&quot;external&quot; href=&quot;https://www.deviantart.com/users/outgoing?https://twitter.com/amarynceus&quot;&gt;Twitter&lt;/a&gt;&lt;span&gt;&amp;nbsp; |&amp;nbsp;&lt;/span&gt;&lt;a class=&quot;external&quot; href=&quot;https://www.deviantart.com/users/outgoing?https://picarto.tv/amarynceus&quot;&gt;Picarto&lt;/a&gt;&lt;span&gt;&amp;nbsp; |&amp;nbsp;&lt;/span&gt;&lt;a class=&quot;external&quot; href=&quot;https://www.deviantart.com/users/outgoing?https://www.patreon.com/amarynceus&quot;&gt;Patreon&lt;/a&gt;&lt;span&gt;&amp;nbsp; |&amp;nbsp;&lt;/span&gt;&lt;a class=&quot;external&quot; href=&quot;https://www.deviantart.com/users/outgoing?paypal.me/amarynceus&quot;&gt;Tip Jar&lt;/a&gt;&lt;span&gt;&amp;nbsp;|&amp;nbsp;&lt;/span&gt;&lt;a class=&quot;external&quot; href=&quot;https://www.deviantart.com/users/outgoing?http://ko-fi.com/amarynceus&quot;&gt;Ko-Fi&lt;/a&gt;&lt;span&gt;&amp;nbsp;|&lt;/span&gt;&lt;br /&gt;&lt;a target=&quot;_self&quot; href=&quot;https://www.deviantart.com/donotuseplz&quot; &gt;&lt;img class=&quot;avatar&quot; width=&quot;50&quot; height=&quot;50&quot; src=&quot;https://a.deviantart.net/avatars/d/o/donotuseplz.gif?2&quot; alt=&quot;:icondonotuseplz:&quot; title=&quot;DoNotUsePlz&quot; /&gt;&lt;/a&gt;&lt;a target=&quot;_self&quot; href=&quot;https://www.deviantart.com/myartplz&quot; &gt;&lt;img class=&quot;avatar&quot; width=&quot;50&quot; height=&quot;50&quot; src=&quot;https://a.deviantart.net/avatars/m/y/myartplz.gif?2&quot; alt=&quot;:iconmyartplz:&quot; title=&quot;MyArtPlz&quot; /&gt;&lt;/a&gt;</media:description>            <media:thumbnail url="https://t00.deviantart.net/RAJW3fgAbkG8RnyhXXAEIOAaLVY=/fit-in/150x150/filters:no_upscale():origin()/pre00/cc93/th/pre/f/2019/026/5/9/592e78315279ae67bf8a76fde6a60da8-dcy4n6l.jpg" height="113" width="150"/>            <media:thumbnail url="https://t00.deviantart.net/dUDLI3U9JFfqkqVNwiIcU0-j-f4=/fit-in/300x900/filters:no_upscale():origin()/pre00/cc93/th/pre/f/2019/026/5/9/592e78315279ae67bf8a76fde6a60da8-dcy4n6l.jpg" height="225" width="300"/>            <media:thumbnail url="https://t00.deviantart.net/t1ObzDGgwgpEPU4IhxJdyzUR2ck=/300x200/filters:fixed_height(100,100):origin()/pre00/cc93/th/pre/f/2019/026/5/9/592e78315279ae67bf8a76fde6a60da8-dcy4n6l.jpg" height="200" width="267"/>            <media:content url="https://pre00.deviantart.net/cc93/th/pre/f/2019/026/5/9/592e78315279ae67bf8a76fde6a60da8-dcy4n6l.jpg" height="774" width="1032" medium="image"/>            
            <description>First Tuna of the new calendar year!&lt;br /&gt;&lt;br /&gt;&lt;img src=&quot;https://e.deviantart.net/emoticons/h/heart.gif&quot; width=&quot;15&quot; height=&quot;13&quot; alt=&quot;:heart:&quot; data-embed-type=&quot;emoticon&quot; data-embed-id=&quot;357&quot; title=&quot;Heart&quot;/&gt;&lt;br /&gt;&lt;span&gt;-------&amp;nbsp;&lt;/span&gt;&lt;br /&gt;&lt;span&gt;Clip Studio Paint, Cintiq 22HD.&amp;nbsp;&lt;/span&gt;&lt;span&gt;MLP etc. &amp;#169; Hasbro, Lauren Faust.&lt;/span&gt;&lt;br /&gt;&lt;a class=&quot;external&quot; href=&quot;https://www.deviantart.com/users/outgoing?https://amarynceus.tumblr.com/&quot;&gt;Tumblr&lt;/a&gt;&lt;span&gt;&amp;nbsp; |&amp;nbsp;&lt;/span&gt;&lt;a class=&quot;external&quot; href=&quot;https://www.deviantart.com/users/outgoing?https://twitter.com/amarynceus&quot;&gt;Twitter&lt;/a&gt;&lt;span&gt;&amp;nbsp; |&amp;nbsp;&lt;/span&gt;&lt;a class=&quot;external&quot; href=&quot;https://www.deviantart.com/users/outgoing?https://picarto.tv/amarynceus&quot;&gt;Picarto&lt;/a&gt;&lt;span&gt;&amp;nbsp; |&amp;nbsp;&lt;/span&gt;&lt;a class=&quot;external&quot; href=&quot;https://www.deviantart.com/users/outgoing?https://www.patreon.com/amarynceus&quot;&gt;Patreon&lt;/a&gt;&lt;span&gt;&amp;nbsp; |&amp;nbsp;&lt;/span&gt;&lt;a class=&quot;external&quot; href=&quot;https://www.deviantart.com/users/outgoing?paypal.me/amarynceus&quot;&gt;Tip Jar&lt;/a&gt;&lt;span&gt;&amp;nbsp;|&amp;nbsp;&lt;/span&gt;&lt;a class=&quot;external&quot; href=&quot;https://www.deviantart.com/users/outgoing?http://ko-fi.com/amarynceus&quot;&gt;Ko-Fi&lt;/a&gt;&lt;span&gt;&amp;nbsp;|&lt;/span&gt;&lt;br /&gt;&lt;a target=&quot;_self&quot; href=&quot;https://www.deviantart.com/donotuseplz&quot; &gt;&lt;img class=&quot;avatar&quot; width=&quot;50&quot; height=&quot;50&quot; src=&quot;https://a.deviantart.net/avatars/d/o/donotuseplz.gif?2&quot; alt=&quot;:icondonotuseplz:&quot; title=&quot;DoNotUsePlz&quot; /&gt;&lt;/a&gt;&lt;a target=&quot;_self&quot; href=&quot;https://www.deviantart.com/myartplz&quot; &gt;&lt;img class=&quot;avatar&quot; width=&quot;50&quot; height=&quot;50&quot; src=&quot;https://a.deviantart.net/avatars/m/y/myartplz.gif?2&quot; alt=&quot;:iconmyartplz:&quot; title=&quot;MyArtPlz&quot; /&gt;&lt;/a&gt;&lt;br /&gt;&lt;div&gt;&lt;img src=&quot;https://t00.deviantart.net/t1ObzDGgwgpEPU4IhxJdyzUR2ck=/300x200/filters:fixed_height(100,100):origin()/pre00/cc93/th/pre/f/2019/026/5/9/592e78315279ae67bf8a76fde6a60da8-dcy4n6l.jpg&quot; alt=&quot;thumbnail&quot; /&gt;&lt;/div&gt;</description>            </item>
                    <item>
                <title>Untitled</title>
                <link>https://satanael-leanatas.deviantart.com/art/Untitled-782917858</link>
                <guid isPermaLink="true">https://satanael-leanatas.deviantart.com/art/Untitled-782917858</guid>
                <pubDate>Sat, 26 Jan 2019 19:33:12 PST</pubDate>
                        <media:title type="plain">Untitled</media:title>
        <media:keywords></media:keywords>
                        <media:rating>nonadult</media:rating>
                <media:category label="Conceptual">digitalart/photomanip/conceptual</media:category>
        <media:credit role="author" scheme="urn:ebu">Satanael-Leanatas</media:credit>
        <media:credit role="author" scheme="urn:ebu">https://a.deviantart.net/avatars/s/a/satanael-leanatas.png?2</media:credit>
        <media:copyright url="https://satanael-leanatas.deviantart.com">Copyright 2019 Satanael-Leanatas</media:copyright>            <media:description type="html">&lt;div&gt;&lt;div align=&quot;start&quot;&gt;&lt;div align=&quot;center&quot;&gt;&lt;div align=&quot;left&quot;&gt;&lt;div align=&quot;center&quot;&gt;&lt;div align=&quot;left&quot;&gt;&lt;a href=&quot;https://www.deviantart.com/satanael-leanatas/journal/REFERENCES-AND-RESOURCES-769481439&quot;&gt;REFERENCES AND RESOURCES&lt;/a&gt;&lt;/div&gt;&lt;/div&gt;&lt;/div&gt;&lt;/div&gt;&lt;/div&gt;&lt;/div&gt;&lt;div align=&quot;center&quot;&gt;&lt;div align=&quot;left&quot;&gt;&lt;div align=&quot;left&quot;&gt;&lt;div align=&quot;start&quot;&gt;&lt;div align=&quot;start&quot;&gt;&lt;b&gt;&lt;br /&gt;ART CATEGORIES&lt;br /&gt;&lt;/b&gt;&lt;a href=&quot;https://deviantart.com/users/outgoing?https://en.wikipedia.org/wiki/Digital_art&quot;&gt;Digital Art&lt;/a&gt;:&amp;nbsp;&lt;a href=&quot;https://deviantart.com/users/outgoing?https://en.wikipedia.org/wiki/Photo_manipulation&quot;&gt;Photomanipulation&lt;/a&gt;:&amp;nbsp;&lt;a href=&quot;https://deviantart.com/users/outgoing?https://en.wikipedia.org/wiki/Derivative_work&quot;&gt;Derivative Art&lt;/a&gt;:&amp;nbsp;&lt;a href=&quot;https://deviantart.com/users/outgoing?https://en.wikipedia.org/wiki/Conceptual_art&quot;&gt;Conceptual Art&lt;/a&gt;&lt;br /&gt;&lt;br /&gt;&lt;b&gt;IMAGE EDITING APPLICATION&lt;br /&gt;&lt;/b&gt;&lt;a href=&quot;https://deviantart.com/users/outgoing?https://www.autodesk.com/&quot;&gt;Autodesk&lt;/a&gt;:&amp;nbsp;&lt;a href=&quot;https://deviantart.com/users/outgoing?https://pixlr.com/&quot;&gt;Pixlr&lt;/a&gt;&lt;br /&gt;&lt;/div&gt;&lt;div align=&quot;start&quot;&gt;&lt;br /&gt;&lt;b&gt;IMAGE SOURCE&lt;/b&gt;&lt;br /&gt;&lt;a href=&quot;https://deviantart.com/users/outgoing?https://commons.wikimedia.org/wiki/Main_Page&quot;&gt;Wikimedia Commons&lt;/a&gt;&lt;br /&gt;&lt;br /&gt;&lt;b&gt;ORIGINAL TITLE&lt;/b&gt;&lt;br /&gt;&lt;a href=&quot;https://deviantart.com/users/outgoing?https://en.wikipedia.org/wiki/View_of_Toledo&quot;&gt;View of Toledo&lt;/a&gt;&lt;br /&gt;&lt;br /&gt;&lt;b&gt;ORIGINAL ARTIST&lt;br /&gt;&lt;/b&gt;&lt;a href=&quot;https://deviantart.com/users/outgoing?https://deviantart.com/users/outgoing?https://en.wikipedia.org/wiki/El_Greco&quot;&gt;El Greco&lt;/a&gt;&lt;br /&gt;&lt;br /&gt;&lt;b&gt;DERIVATIVE ARTIST&lt;/b&gt;&lt;br /&gt;&lt;a href=&quot;https://www.deviantart.com/satanael-leanatas&quot;&gt;Lilith Enepsigos Ashmedai Haagenti&lt;/a&gt;&lt;br /&gt;&lt;b&gt;&lt;br /&gt;&lt;/b&gt;&lt;div align=&quot;start&quot;&gt;&lt;b&gt;GALLERY FOLDER&lt;/b&gt;&lt;/div&gt;&lt;div align=&quot;start&quot;&gt;&lt;a href=&quot;https://www.deviantart.com/satanael-leanatas/gallery/68122487/FREE-TO-USE&quot;&gt;Free To Use&lt;/a&gt;&lt;/div&gt;&lt;/div&gt;&lt;div align=&quot;start&quot;&gt;&lt;hr/&gt;&lt;b&gt;BRAINSTORMS&lt;/b&gt;&lt;br /&gt;Venus&lt;br /&gt;Temple&lt;br /&gt;&lt;a href=&quot;https://deviantart.com/users/outgoing?https://en.wikipedia.org/wiki/Temple_of_Venus_and_Roma&quot;&gt;Temple of Venus and Rome&lt;/a&gt;&lt;br /&gt;El Greco&lt;br /&gt;&lt;div align=&quot;center&quot;&gt;&lt;div align=&quot;left&quot;&gt;&lt;div align=&quot;center&quot;&gt;&lt;div align=&quot;left&quot;&gt;&lt;hr/&gt;&lt;b&gt;ARTWORKS CREATED WITH THIS PIECE&lt;/b&gt;&lt;br /&gt;&lt;br /&gt;&lt;hr/&gt;&lt;b&gt;FREE TO USE&lt;/b&gt;&lt;/div&gt;&lt;div align=&quot;left&quot;&gt;&lt;ul&gt;&lt;li&gt;Add To Favourites&lt;br /&gt;&lt;/li&gt;&lt;li&gt;List All Sources&lt;br /&gt;&lt;/li&gt;&lt;li&gt;List The Titles&lt;br /&gt;&lt;/li&gt;&lt;li&gt;Credit The Artists&lt;br /&gt;&lt;/li&gt;&lt;/ul&gt;&lt;div&gt;&lt;br /&gt;&lt;br /&gt;&lt;br /&gt;&lt;div align=&quot;center&quot;&gt;&lt;b&gt;&amp;#169;&lt;/b&gt;&lt;b&gt;&amp;#1029;&amp;#1072;&amp;#1090;&amp;#1072;&amp;#1080;&amp;#1072;&amp;#1101;l&amp;nbsp;&lt;/b&gt;&amp;#9959;&lt;b&gt;&amp;nbsp;L&amp;#1101;&amp;#1072;&amp;#1080;&amp;#1072;&amp;#1090;&amp;#1072;&amp;#1109;&lt;/b&gt;&lt;br /&gt;&lt;/div&gt;&lt;/div&gt;&lt;div&gt;&lt;b&gt;&lt;br /&gt;&lt;/b&gt;&lt;/div&gt;&lt;/div&gt;&lt;/div&gt;&lt;/div&gt;&lt;/div&gt;&lt;/div&gt;&lt;/div&gt;&lt;/div&gt;&lt;/div&gt;&lt;/div&gt;</media:description>            <media:thumbnail url="https://t00.deviantart.net/bj0AO65S768ErX4mmjD4uzcCNJo=/fit-in/150x150/filters:no_upscale():origin()/pre00/c782/th/pre/i/2019/026/7/6/untitled_by_satanael_leanatas-dcy4naa.jpg" height="113" width="150"/>            <media:thumbnail url="https://t00.deviantart.net/pOq959QWCJrxf5sGbNOgrh5DvwA=/fit-in/300x900/filters:no_upscale():origin()/pre00/c782/th/pre/i/2019/026/7/6/untitled_by_satanael_leanatas-dcy4naa.jpg" height="225" width="300"/>            <media:thumbnail url="https://t00.deviantart.net/xG00taMwH4go0o6r7-8PTRdEdbc=/300x200/filters:fixed_height(100,100):origin()/pre00/c782/th/pre/i/2019/026/7/6/untitled_by_satanael_leanatas-dcy4naa.jpg" height="200" width="267"/>            <media:content url="https://img00.deviantart.net/c639/i/2019/026/7/6/untitled_by_satanael_leanatas-dcy4naa.jpg" height="768" width="1024" medium="image"/>            
            <description>&lt;div&gt;&lt;div align=&quot;start&quot;&gt;&lt;div align=&quot;center&quot;&gt;&lt;div align=&quot;left&quot;&gt;&lt;div align=&quot;center&quot;&gt;&lt;div align=&quot;left&quot;&gt;&lt;a href=&quot;https://www.deviantart.com/satanael-leanatas/journal/REFERENCES-AND-RESOURCES-769481439&quot;&gt;REFERENCES AND RESOURCES&lt;/a&gt;&lt;/div&gt;&lt;/div&gt;&lt;/div&gt;&lt;/div&gt;&lt;/div&gt;&lt;/div&gt;&lt;div align=&quot;center&quot;&gt;&lt;div align=&quot;left&quot;&gt;&lt;div align=&quot;left&quot;&gt;&lt;div align=&quot;start&quot;&gt;&lt;div align=&quot;start&quot;&gt;&lt;b&gt;&lt;br /&gt;ART CATEGORIES&lt;br /&gt;&lt;/b&gt;&lt;a href=&quot;https://deviantart.com/users/outgoing?https://en.wikipedia.org/wiki/Digital_art&quot;&gt;Digital Art&lt;/a&gt;:&amp;nbsp;&lt;a href=&quot;https://deviantart.com/users/outgoing?https://en.wikipedia.org/wiki/Photo_manipulation&quot;&gt;Photomanipulation&lt;/a&gt;:&amp;nbsp;&lt;a href=&quot;https://deviantart.com/users/outgoing?https://en.wikipedia.org/wiki/Derivative_work&quot;&gt;Derivative Art&lt;/a&gt;:&amp;nbsp;&lt;a href=&quot;https://deviantart.com/users/outgoing?https://en.wikipedia.org/wiki/Conceptual_art&quot;&gt;Conceptual Art&lt;/a&gt;&lt;br /&gt;&lt;br /&gt;&lt;b&gt;IMAGE EDITING APPLICATION&lt;br /&gt;&lt;/b&gt;&lt;a href=&quot;https://deviantart.com/users/outgoing?https://www.autodesk.com/&quot;&gt;Autodesk&lt;/a&gt;:&amp;nbsp;&lt;a href=&quot;https://deviantart.com/users/outgoing?https://pixlr.com/&quot;&gt;Pixlr&lt;/a&gt;&lt;br /&gt;&lt;/div&gt;&lt;div align=&quot;start&quot;&gt;&lt;br /&gt;&lt;b&gt;IMAGE SOURCE&lt;/b&gt;&lt;br /&gt;&lt;a href=&quot;https://deviantart.com/users/outgoing?https://commons.wikimedia.org/wiki/Main_Page&quot;&gt;Wikimedia Commons&lt;/a&gt;&lt;br /&gt;&lt;br /&gt;&lt;b&gt;ORIGINAL TITLE&lt;/b&gt;&lt;br /&gt;&lt;a href=&quot;https://deviantart.com/users/outgoing?https://en.wikipedia.org/wiki/View_of_Toledo&quot;&gt;View of Toledo&lt;/a&gt;&lt;br /&gt;&lt;br /&gt;&lt;b&gt;ORIGINAL ARTIST&lt;br /&gt;&lt;/b&gt;&lt;a href=&quot;https://deviantart.com/users/outgoing?https://deviantart.com/users/outgoing?https://en.wikipedia.org/wiki/El_Greco&quot;&gt;El Greco&lt;/a&gt;&lt;br /&gt;&lt;br /&gt;&lt;b&gt;DERIVATIVE ARTIST&lt;/b&gt;&lt;br /&gt;&lt;a href=&quot;https://www.deviantart.com/satanael-leanatas&quot;&gt;Lilith Enepsigos Ashmedai Haagenti&lt;/a&gt;&lt;br /&gt;&lt;b&gt;&lt;br /&gt;&lt;/b&gt;&lt;div align=&quot;start&quot;&gt;&lt;b&gt;GALLERY FOLDER&lt;/b&gt;&lt;/div&gt;&lt;div align=&quot;start&quot;&gt;&lt;a href=&quot;https://www.deviantart.com/satanael-leanatas/gallery/68122487/FREE-TO-USE&quot;&gt;Free To Use&lt;/a&gt;&lt;/div&gt;&lt;/div&gt;&lt;div align=&quot;start&quot;&gt;&lt;hr/&gt;&lt;b&gt;BRAINSTORMS&lt;/b&gt;&lt;br /&gt;Venus&lt;br /&gt;Temple&lt;br /&gt;&lt;a href=&quot;https://deviantart.com/users/outgoing?https://en.wikipedia.org/wiki/Temple_of_Venus_and_Roma&quot;&gt;Temple of Venus and Rome&lt;/a&gt;&lt;br /&gt;El Greco&lt;br /&gt;&lt;div align=&quot;center&quot;&gt;&lt;div align=&quot;left&quot;&gt;&lt;div align=&quot;center&quot;&gt;&lt;div align=&quot;left&quot;&gt;&lt;hr/&gt;&lt;b&gt;ARTWORKS CREATED WITH THIS PIECE&lt;/b&gt;&lt;br /&gt;&lt;br /&gt;&lt;hr/&gt;&lt;b&gt;FREE TO USE&lt;/b&gt;&lt;/div&gt;&lt;div align=&quot;left&quot;&gt;&lt;ul&gt;&lt;li&gt;Add To Favourites&lt;br /&gt;&lt;/li&gt;&lt;li&gt;List All Sources&lt;br /&gt;&lt;/li&gt;&lt;li&gt;List The Titles&lt;br /&gt;&lt;/li&gt;&lt;li&gt;Credit The Artists&lt;br /&gt;&lt;/li&gt;&lt;/ul&gt;&lt;div&gt;&lt;br /&gt;&lt;br /&gt;&lt;br /&gt;&lt;div align=&quot;center&quot;&gt;&lt;b&gt;&amp;#169;&lt;/b&gt;&lt;b&gt;&amp;#1029;&amp;#1072;&amp;#1090;&amp;#1072;&amp;#1080;&amp;#1072;&amp;#1101;l&amp;nbsp;&lt;/b&gt;&amp;#9959;&lt;b&gt;&amp;nbsp;L&amp;#1101;&amp;#1072;&amp;#1080;&amp;#1072;&amp;#1090;&amp;#1072;&amp;#1109;&lt;/b&gt;&lt;br /&gt;&lt;/div&gt;&lt;/div&gt;&lt;div&gt;&lt;b&gt;&lt;br /&gt;&lt;/b&gt;&lt;/div&gt;&lt;/div&gt;&lt;/div&gt;&lt;/div&gt;&lt;/div&gt;&lt;/div&gt;&lt;/div&gt;&lt;/div&gt;&lt;/div&gt;&lt;/div&gt;&lt;br /&gt;&lt;div&gt;&lt;img src=&quot;https://t00.deviantart.net/xG00taMwH4go0o6r7-8PTRdEdbc=/300x200/filters:fixed_height(100,100):origin()/pre00/c782/th/pre/i/2019/026/7/6/untitled_by_satanael_leanatas-dcy4naa.jpg&quot; alt=&quot;thumbnail&quot; /&gt;&lt;/div&gt;</description>            </item>
                    <item>
                <title>Snowflake</title>
                <link>https://burnttoastanimates.deviantart.com/art/Snowflake-782917935</link>
                <guid isPermaLink="true">https://burnttoastanimates.deviantart.com/art/Snowflake-782917935</guid>
                <pubDate>Sat, 26 Jan 2019 19:33:12 PST</pubDate>
                        <media:title type="plain">Snowflake</media:title>
        <media:keywords></media:keywords>
                        <media:rating>nonadult</media:rating>
                <media:category label="Other">digitalart/paintings/other</media:category>
        <media:credit role="author" scheme="urn:ebu">BurntToastAnimates</media:credit>
        <media:credit role="author" scheme="urn:ebu">https://a.deviantart.net/avatars/b/u/burnttoastanimates.jpg?3</media:credit>
        <media:copyright url="https://burnttoastanimates.deviantart.com">Copyright 2019 BurntToastAnimates</media:copyright>            <media:description type="html"></media:description>            <media:thumbnail url="https://t00.deviantart.net/WtJsvuLv5sA5GPu5AVTmti6KUPk=/fit-in/150x150/filters:no_upscale():origin()/pre00/4e4e/th/pre/i/2019/026/3/e/snowflake_by_burnttoastanimates-dcy4ncf.jpg" height="150" width="150"/>            <media:thumbnail url="https://t00.deviantart.net/20pKIVWWgqGhGUeNSMJEvFsYlO0=/fit-in/300x900/filters:no_upscale():origin()/pre00/4e4e/th/pre/i/2019/026/3/e/snowflake_by_burnttoastanimates-dcy4ncf.jpg" height="300" width="300"/>            <media:thumbnail url="https://t00.deviantart.net/2NtNQQcQLzPdpLrFfRb1NhYYlt4=/300x200/filters:fixed_height(100,100):origin()/pre00/4e4e/th/pre/i/2019/026/3/e/snowflake_by_burnttoastanimates-dcy4ncf.jpg" height="200" width="200"/>            <media:content url="https://pre00.deviantart.net/4e4e/th/pre/i/2019/026/3/e/snowflake_by_burnttoastanimates-dcy4ncf.jpg" height="894" width="894" medium="image"/>            
            <description>&lt;br /&gt;&lt;div&gt;&lt;img src=&quot;https://t00.deviantart.net/2NtNQQcQLzPdpLrFfRb1NhYYlt4=/300x200/filters:fixed_height(100,100):origin()/pre00/4e4e/th/pre/i/2019/026/3/e/snowflake_by_burnttoastanimates-dcy4ncf.jpg&quot; alt=&quot;thumbnail&quot; /&gt;&lt;/div&gt;</description>            </item>
                    <item>
                <title>MJ Spider-Woman 16</title>
                <link>https://heymontyphotography.deviantart.com/art/MJ-Spider-Woman-16-782917496</link>
                <guid isPermaLink="true">https://heymontyphotography.deviantart.com/art/MJ-Spider-Woman-16-782917496</guid>
                <pubDate>Sat, 26 Jan 2019 19:33:09 PST</pubDate>
                        <media:title type="plain">MJ Spider-Woman 16</media:title>
        <media:keywords></media:keywords>
                        <media:rating>nonadult</media:rating>
                <media:category label="Cosplay">photography/people/cosplay</media:category>
        <media:credit role="author" scheme="urn:ebu">HeyMontyPhotography</media:credit>
        <media:credit role="author" scheme="urn:ebu">https://a.deviantart.net/avatars/h/e/heymontyphotography.png?9</media:credit>
        <media:copyright url="https://heymontyphotography.deviantart.com">Copyright 2019 HeyMontyPhotography</media:copyright>            <media:description type="html">Marvel&amp;nbsp;&lt;br /&gt;Mary Jane Watson - Spider-Woman - Harvestsprite Cosplay&amp;#8203;&lt;br /&gt;Peter Parker - Momentai&amp;#8203;</media:description>            <media:thumbnail url="https://t00.deviantart.net/EA-Ezrk6P9V4Dp4YS3KFhYRxU50=/fit-in/150x150/filters:no_upscale():origin()/pre00/47ab/th/pre/i/2019/026/3/1/mj_spider_woman_16_by_heymontyphotography-dcy4n08.jpg" height="100" width="150"/>            <media:thumbnail url="https://t00.deviantart.net/gWDgNtdVN6kSwdxDLIx3FRZ8CGc=/fit-in/300x900/filters:no_upscale():origin()/pre00/47ab/th/pre/i/2019/026/3/1/mj_spider_woman_16_by_heymontyphotography-dcy4n08.jpg" height="200" width="300"/>            <media:thumbnail url="https://t00.deviantart.net/Q2uZzBGDTtdFhfmYf2KZwRIQtdI=/300x200/filters:fixed_height(100,100):origin()/pre00/47ab/th/pre/i/2019/026/3/1/mj_spider_woman_16_by_heymontyphotography-dcy4n08.jpg" height="200" width="300"/>            <media:content url="https://img00.deviantart.net/44b1/i/2019/026/3/1/mj_spider_woman_16_by_heymontyphotography-dcy4n08.jpg" height="683" width="1024" medium="image"/>            
            <description>Marvel&amp;nbsp;&lt;br /&gt;Mary Jane Watson - Spider-Woman - Harvestsprite Cosplay&amp;#8203;&lt;br /&gt;Peter Parker - Momentai&amp;#8203;&lt;br /&gt;&lt;div&gt;&lt;img src=&quot;https://t00.deviantart.net/Q2uZzBGDTtdFhfmYf2KZwRIQtdI=/300x200/filters:fixed_height(100,100):origin()/pre00/47ab/th/pre/i/2019/026/3/1/mj_spider_woman_16_by_heymontyphotography-dcy4n08.jpg&quot; alt=&quot;thumbnail&quot; /&gt;&lt;/div&gt;</description>            </item>
                    <item>
                <title>Finish the heart</title>
                <link>https://jessicareekie7.deviantart.com/art/Finish-the-heart-782917807</link>
                <guid isPermaLink="true">https://jessicareekie7.deviantart.com/art/Finish-the-heart-782917807</guid>
                <pubDate>Sat, 26 Jan 2019 19:33:09 PST</pubDate>
                        <media:title type="plain">Finish the heart</media:title>
        <media:keywords></media:keywords>
                        <media:rating>nonadult</media:rating>
                <media:category label="Other">digitalart/paintings/other</media:category>
        <media:credit role="author" scheme="urn:ebu">JessicaReekie7</media:credit>
        <media:credit role="author" scheme="urn:ebu">https://a.deviantart.net/avatars/j/e/jessicareekie7.jpg</media:credit>
        <media:copyright url="https://jessicareekie7.deviantart.com">Copyright 2019 JessicaReekie7</media:copyright>            <media:description type="html">My sister&#039;s OC Todd doing the &quot;Finish the heart&quot; pose&amp;nbsp;&lt;br /&gt;I plan on drawing Fern doing the other half&amp;nbsp;</media:description>            <media:thumbnail url="https://t00.deviantart.net/n1IrZNoCUJ0Ht8m5lZffiukqJMg=/fit-in/150x150/filters:no_upscale():origin()/pre00/80ae/th/pre/f/2019/026/4/f/sketch1548559509251_by_jessicareekie7-dcy4n8v.png" height="150" width="113"/>            <media:thumbnail url="https://t00.deviantart.net/OkcruiL3jXYwfVObM2Z401e1MRQ=/fit-in/300x900/filters:no_upscale():origin()/pre00/80ae/th/pre/f/2019/026/4/f/sketch1548559509251_by_jessicareekie7-dcy4n8v.png" height="400" width="300"/>            <media:thumbnail url="https://t00.deviantart.net/Bj9vm8wKrgZ-XtabGy-leEoecYk=/300x200/filters:fixed_height(100,100):origin()/pre00/80ae/th/pre/f/2019/026/4/f/sketch1548559509251_by_jessicareekie7-dcy4n8v.png" height="200" width="150"/>            <media:content url="https://orig00.deviantart.net/b56b/f/2019/026/4/f/sketch1548559509251_by_jessicareekie7-dcy4n8v.png" height="1024" width="768" medium="image"/>            
            <description>My sister&#039;s OC Todd doing the &quot;Finish the heart&quot; pose&amp;nbsp;&lt;br /&gt;I plan on drawing Fern doing the other half&amp;nbsp;&lt;br /&gt;&lt;div&gt;&lt;img src=&quot;https://t00.deviantart.net/Bj9vm8wKrgZ-XtabGy-leEoecYk=/300x200/filters:fixed_height(100,100):origin()/pre00/80ae/th/pre/f/2019/026/4/f/sketch1548559509251_by_jessicareekie7-dcy4n8v.png&quot; alt=&quot;thumbnail&quot; /&gt;&lt;/div&gt;</description>            </item>
            </channel>
</rss>