<?xml version="1.0" encoding="utf-8"?>
<rss version="2.0" xmlns:media="http://search.yahoo.com/mrss/" xmlns:atom="http://www.w3.org/2005/Atom" xmlns:creativeCommons="http://backend.userland.com/creativeCommonsRssModule">
    <channel>
        <title>DeviantArt: Daily Deviations</title>
        <link>https://www.deviantart.com/daily-deviations</link>
        <description>DeviantArt RSS for Daily Deviations</description>
        <language>en-us</language>
        <copyright>Copyright 2019, DeviantArt.com</copyright>
        <pubDate>Tue, 29 Jan 2019 13:57:58 PST</pubDate>

        <generator>DeviantArt.com</generator>
        <docs>http://blogs.law.harvard.edu/tech/rss</docs>
        <atom:icon>https://st.deviantart.net/minish/touch-icons/android-192.png</atom:icon>
        <atom:link type="application/rss+xml" rel="self" href="https://backend.deviantart.com/rss.xml?q=special%3Add+startts%3A2019-01-29&amp;type=deviation" />
        <atom:link rel="previous" href="https://backend.deviantart.com/rss.xml?q=special%3Add+startts%3A2019-01-28&amp;type=deviation" />
                    <item>
                <title>Classic characters painting</title>
                <link>https://borjapindado.deviantart.com/art/Classic-characters-painting-711066199</link>
                <guid isPermaLink="true">https://borjapindado.deviantart.com/art/Classic-characters-painting-711066199</guid>
                <pubDate>Sun, 22 Oct 2017 01:42:12 PDT</pubDate>
                        <media:title type="plain">Classic characters painting</media:title>
        <media:keywords></media:keywords>
                        <media:rating>nonadult</media:rating>
                <media:category label="Portraits">digitalart/paintings/people/portraits</media:category>
        <media:credit role="author" scheme="urn:ebu">BorjaPindado</media:credit>
        <media:credit role="author" scheme="urn:ebu">https://a.deviantart.net/avatars/b/o/borjapindado.jpg?6</media:credit>
        <media:copyright url="https://borjapindado.deviantart.com">Copyright 2017-2019 BorjaPindado</media:copyright>            <media:description type="html">Illustration I did for the Spanish production &quot;Zipi y Zape 2 La Isla del capit&amp;#225;n&quot;, starring by some classic characters of literature.</media:description>            <media:thumbnail url="https://t00.deviantart.net/tA3VQqU_r4LY-efJ-o1CjwXo9ak=/fit-in/150x150/filters:no_upscale():origin()/pre00/364c/th/pre/i/2017/295/f/b/classic_characters_painting_by_borjapindado-dbrcm6v.jpg" height="118" width="150"/>            <media:thumbnail url="https://t00.deviantart.net/WNzp4vyYXyuDWwmDhrwLotNnBYU=/fit-in/300x900/filters:no_upscale():origin()/pre00/364c/th/pre/i/2017/295/f/b/classic_characters_painting_by_borjapindado-dbrcm6v.jpg" height="237" width="300"/>            <media:thumbnail url="https://t00.deviantart.net/XfoQ9hCy_yL5iO8duTNyYPTN7dk=/300x200/filters:fixed_height(100,100):origin()/pre00/364c/th/pre/i/2017/295/f/b/classic_characters_painting_by_borjapindado-dbrcm6v.jpg" height="200" width="253"/>            <media:content url="https://pre00.deviantart.net/364c/th/pre/i/2017/295/f/b/classic_characters_painting_by_borjapindado-dbrcm6v.jpg" height="794" width="1006" medium="image"/>            
            <description>Illustration I did for the Spanish production &quot;Zipi y Zape 2 La Isla del capit&amp;#225;n&quot;, starring by some classic characters of literature.&lt;br /&gt;&lt;div&gt;&lt;img src=&quot;https://t00.deviantart.net/XfoQ9hCy_yL5iO8duTNyYPTN7dk=/300x200/filters:fixed_height(100,100):origin()/pre00/364c/th/pre/i/2017/295/f/b/classic_characters_painting_by_borjapindado-dbrcm6v.jpg&quot; alt=&quot;thumbnail&quot; /&gt;&lt;/div&gt;</description>            </item>
                    <item>
                <title>We can&#039;t promise your safety at here! / FNaF SL</title>
                <link>https://mizuki-t-a.deviantart.com/art/We-can-t-promise-your-safety-at-here-FNaF-SL-710385282</link>
                <guid isPermaLink="true">https://mizuki-t-a.deviantart.com/art/We-can-t-promise-your-safety-at-here-FNaF-SL-710385282</guid>
                <pubDate>Wed, 18 Oct 2017 01:25:43 PDT</pubDate>
                        <media:title type="plain">We can&#039;t promise your safety at here! / FNaF SL</media:title>
        <media:keywords></media:keywords>
                        <media:rating>nonadult</media:rating>
                <media:category label="Games">fanart/traditional/drawings/games</media:category>
        <media:credit role="author" scheme="urn:ebu">Mizuki-T-A</media:credit>
        <media:credit role="author" scheme="urn:ebu">https://a.deviantart.net/avatars/m/i/mizuki-t-a.gif</media:credit>
        <media:copyright url="https://mizuki-t-a.deviantart.com">Copyright 2017-2019 Mizuki-T-A</media:copyright>            <media:description type="html">One of my favorite style: black and white drawing! c:&lt;br /&gt;It&#039;s kinda easy because I don&#039;t need to consider what colors should I blend for a long time. -w-&lt;br /&gt;And purely I love the atmosphere which the black and the white make.&lt;br /&gt;Hope you like it!&lt;br /&gt;&lt;br /&gt;&lt;br /&gt;More like this:&lt;br /&gt;&lt;span class=&quot;shadow-holder&quot; data-embed-type=&quot;deviation&quot; data-embed-id=&quot;682381599&quot; data-embed-format=&quot;thumb&quot;&gt;&lt;span class=&quot;shadow mild&quot; &gt;&lt;a class=&quot;thumb&quot; href=&quot;https://mizuki-t-a.deviantart.com/art/Murderous-Dial-Springtrap-FNaF-682381599&quot; title=&quot;Murderous Dial / Springtrap FNaF by Mizuki-T-A, May 24, 2017 in Fan Art &amp;gt; Traditional Art &amp;gt; Drawings &amp;gt; Games&quot;data-super-img=&quot;https://pre00.deviantart.net/734c/th/pre/i/2017/144/0/b/murderous_dial___springtrap_fnaf_by_mizuki_t_a-dba9t0f.jpg&quot; data-super-width=&quot;901&quot; data-super-height=&quot;886&quot; data-super-transparent=&quot;false&quot; data-super-alt=&quot;Murderous Dial / Springtrap FNaF by Mizuki-T-A&quot; data-super-full-img=&quot;https://img00.deviantart.net/fd54/i/2017/144/0/b/murderous_dial___springtrap_fnaf_by_mizuki_t_a-dba9t0f.jpg&quot; data-super-full-width=&quot;1024&quot; data-super-full-height=&quot;1007&quot;        data-sigil=&quot;thumb&quot;&gt;
        &lt;i&gt;&lt;/i&gt;&lt;img   width=&quot;150&quot; height=&quot;148&quot; alt=&quot;Murderous Dial / Springtrap FNaF by Mizuki-T-A&quot; src=&quot;https://t00.deviantart.net/bL2jLl2pIEYFZJvRrmYyGTmO55Y=/fit-in/150x150/filters:no_upscale():origin()/pre00/734c/th/pre/i/2017/144/0/b/murderous_dial___springtrap_fnaf_by_mizuki_t_a-dba9t0f.jpg&quot; data-src=&quot;https://t00.deviantart.net/bL2jLl2pIEYFZJvRrmYyGTmO55Y=/fit-in/150x150/filters:no_upscale():origin()/pre00/734c/th/pre/i/2017/144/0/b/murderous_dial___springtrap_fnaf_by_mizuki_t_a-dba9t0f.jpg&quot; srcset=&quot;https://t00.deviantart.net/bL2jLl2pIEYFZJvRrmYyGTmO55Y=/fit-in/150x150/filters:no_upscale():origin()/pre00/734c/th/pre/i/2017/144/0/b/murderous_dial___springtrap_fnaf_by_mizuki_t_a-dba9t0f.jpg 150w,https://t00.deviantart.net/-MYnO6T3YdRB52SED7ffbgtjHko=/fit-in/700x350/filters:fixed_height(100,100):origin()/pre00/734c/th/pre/i/2017/144/0/b/murderous_dial___springtrap_fnaf_by_mizuki_t_a-dba9t0f.jpg 356w,https://t00.deviantart.net/sUUmxCbfWdmcgHUkhK80aK_l2_w=/fit-in/800x400/filters:fixed_height(100,100):origin()/pre00/734c/th/pre/i/2017/144/0/b/murderous_dial___springtrap_fnaf_by_mizuki_t_a-dba9t0f.jpg 407w,https://pre00.deviantart.net/734c/th/pre/i/2017/144/0/b/murderous_dial___springtrap_fnaf_by_mizuki_t_a-dba9t0f.jpg 901w&quot; sizes=&quot;150px&quot;&gt;&lt;/a&gt;&lt;/span&gt;&lt;!-- ^TTT --&gt;&lt;!-- TTT$ --&gt;&lt;/span&gt;&amp;nbsp;&lt;span class=&quot;shadow-holder&quot; data-embed-type=&quot;deviation&quot; data-embed-id=&quot;683073160&quot; data-embed-format=&quot;thumb&quot;&gt;&lt;span class=&quot;shadow mild&quot; &gt;&lt;a class=&quot;thumb&quot; href=&quot;https://mizuki-t-a.deviantart.com/art/Can-you-join-our-dark-dreams-FNaF-SL-683073160&quot; title=&quot;Can you join our dark dreams? / FNaF SL by Mizuki-T-A, May 27, 2017 in Fan Art &amp;gt; Traditional Art &amp;gt; Drawings &amp;gt; Games&quot;data-super-img=&quot;https://pre00.deviantart.net/d011/th/pre/i/2017/147/d/c/can_you_join_our_dark_dreams____fnaf_sl_by_mizuki_t_a-dbaommg.jpg&quot; data-super-width=&quot;889&quot; data-super-height=&quot;899&quot; data-super-transparent=&quot;false&quot; data-super-alt=&quot;Can you join our dark dreams? / FNaF SL by Mizuki-T-A&quot; data-super-full-img=&quot;https://img00.deviantart.net/4254/i/2017/147/d/c/can_you_join_our_dark_dreams____fnaf_sl_by_mizuki_t_a-dbaommg.jpg&quot; data-super-full-width=&quot;1024&quot; data-super-full-height=&quot;1036&quot;        data-sigil=&quot;thumb&quot;&gt;
        &lt;i&gt;&lt;/i&gt;&lt;img   width=&quot;148&quot; height=&quot;150&quot; alt=&quot;Can you join our dark dreams? / FNaF SL by Mizuki-T-A&quot; src=&quot;https://t00.deviantart.net/POF2-gwxR5dRsqANND-nfgJBXaM=/fit-in/150x150/filters:no_upscale():origin()/pre00/d011/th/pre/i/2017/147/d/c/can_you_join_our_dark_dreams____fnaf_sl_by_mizuki_t_a-dbaommg.jpg&quot; data-src=&quot;https://t00.deviantart.net/POF2-gwxR5dRsqANND-nfgJBXaM=/fit-in/150x150/filters:no_upscale():origin()/pre00/d011/th/pre/i/2017/147/d/c/can_you_join_our_dark_dreams____fnaf_sl_by_mizuki_t_a-dbaommg.jpg&quot; srcset=&quot;https://t00.deviantart.net/POF2-gwxR5dRsqANND-nfgJBXaM=/fit-in/150x150/filters:no_upscale():origin()/pre00/d011/th/pre/i/2017/147/d/c/can_you_join_our_dark_dreams____fnaf_sl_by_mizuki_t_a-dbaommg.jpg 148w,https://t00.deviantart.net/_6LDaYb_zcVitjPGtRfWYzHnm50=/fit-in/700x350/filters:fixed_height(100,100):origin()/pre00/d011/th/pre/i/2017/147/d/c/can_you_join_our_dark_dreams____fnaf_sl_by_mizuki_t_a-dbaommg.jpg 346w,https://t00.deviantart.net/vSaCGYa8RUtAlnb62bbROv--fVI=/fit-in/800x400/filters:fixed_height(100,100):origin()/pre00/d011/th/pre/i/2017/147/d/c/can_you_join_our_dark_dreams____fnaf_sl_by_mizuki_t_a-dbaommg.jpg 396w,https://pre00.deviantart.net/d011/th/pre/i/2017/147/d/c/can_you_join_our_dark_dreams____fnaf_sl_by_mizuki_t_a-dbaommg.jpg 889w&quot; sizes=&quot;148px&quot;&gt;&lt;/a&gt;&lt;/span&gt;&lt;!-- ^TTT --&gt;&lt;!-- TTT$ --&gt;&lt;/span&gt;&amp;nbsp;&lt;span class=&quot;shadow-holder&quot; data-embed-type=&quot;deviation&quot; data-embed-id=&quot;696490476&quot; data-embed-format=&quot;thumb&quot;&gt;&lt;span class=&quot;shadow mild&quot; &gt;&lt;a class=&quot;thumb&quot; href=&quot;https://mizuki-t-a.deviantart.com/art/Judgement-III-Funtime-Foxy-FNaF-696490476&quot; title=&quot;Judgement III / Funtime Foxy FNaF by Mizuki-T-A, Aug 2, 2017 in Fan Art &amp;gt; Traditional Art &amp;gt; Drawings &amp;gt; Games&quot;data-super-img=&quot;https://pre00.deviantart.net/d146/th/pre/i/2017/214/b/7/judgement_iii___funtime_foxy_fnaf_by_mizuki_t_a-dbio7ho.jpg&quot; data-super-width=&quot;873&quot; data-super-height=&quot;916&quot; data-super-transparent=&quot;false&quot; data-super-alt=&quot;Judgement III / Funtime Foxy FNaF by Mizuki-T-A&quot; data-super-full-img=&quot;https://img00.deviantart.net/7d79/i/2017/214/b/7/judgement_iii___funtime_foxy_fnaf_by_mizuki_t_a-dbio7ho.jpg&quot; data-super-full-width=&quot;1024&quot; data-super-full-height=&quot;1074&quot;        data-sigil=&quot;thumb&quot;&gt;
        &lt;i&gt;&lt;/i&gt;&lt;img   width=&quot;143&quot; height=&quot;150&quot; alt=&quot;Judgement III / Funtime Foxy FNaF by Mizuki-T-A&quot; src=&quot;https://t00.deviantart.net/N6v9LGAOFWvimEa3Eaw0nlrDgUo=/fit-in/150x150/filters:no_upscale():origin()/pre00/d146/th/pre/i/2017/214/b/7/judgement_iii___funtime_foxy_fnaf_by_mizuki_t_a-dbio7ho.jpg&quot; data-src=&quot;https://t00.deviantart.net/N6v9LGAOFWvimEa3Eaw0nlrDgUo=/fit-in/150x150/filters:no_upscale():origin()/pre00/d146/th/pre/i/2017/214/b/7/judgement_iii___funtime_foxy_fnaf_by_mizuki_t_a-dbio7ho.jpg&quot; srcset=&quot;https://t00.deviantart.net/N6v9LGAOFWvimEa3Eaw0nlrDgUo=/fit-in/150x150/filters:no_upscale():origin()/pre00/d146/th/pre/i/2017/214/b/7/judgement_iii___funtime_foxy_fnaf_by_mizuki_t_a-dbio7ho.jpg 143w,https://t00.deviantart.net/X3VmMyplW5nmjqfgBjZvYOLxZNE=/fit-in/700x350/filters:fixed_height(100,100):origin()/pre00/d146/th/pre/i/2017/214/b/7/judgement_iii___funtime_foxy_fnaf_by_mizuki_t_a-dbio7ho.jpg 334w,https://t00.deviantart.net/_oP3Smu0RGVZzObmdshJCNsHROc=/fit-in/800x400/filters:fixed_height(100,100):origin()/pre00/d146/th/pre/i/2017/214/b/7/judgement_iii___funtime_foxy_fnaf_by_mizuki_t_a-dbio7ho.jpg 381w,https://pre00.deviantart.net/d146/th/pre/i/2017/214/b/7/judgement_iii___funtime_foxy_fnaf_by_mizuki_t_a-dbio7ho.jpg 873w&quot; sizes=&quot;143px&quot;&gt;&lt;/a&gt;&lt;/span&gt;&lt;!-- ^TTT --&gt;&lt;!-- TTT$ --&gt;&lt;/span&gt;&amp;nbsp;&lt;br /&gt;&lt;br /&gt;Sketch:&lt;br /&gt;&lt;span class=&quot;shadow-holder&quot; data-embed-type=&quot;deviation&quot; data-embed-id=&quot;3024338987051509&quot; data-embed-format=&quot;thumb&quot;&gt;&lt;span class=&quot;shadow mild&quot; &gt;&lt;a class=&quot;thumb&quot; href=&quot;https://sta.sh/0ts1e5ersad&quot; title=&quot;Sketch:danger by Mizuki-T-A, Oct 18, 2017&quot;data-super-img=&quot;https://pre00.deviantart.net/5b2b/th/pre/i/2017/291/a/b/sketch_danger_by_mizuki_t_a-dbqxzmq.jpg&quot; data-super-width=&quot;779&quot; data-super-height=&quot;1026&quot; data-super-transparent=&quot;false&quot; data-super-alt=&quot;Sketch:danger by Mizuki-T-A&quot; data-super-full-img=&quot;https://orig00.deviantart.net/600e/f/2017/291/0/9/sketch_danger_by_mizuki_t_a-dbqxzmq.jpg&quot; data-super-full-width=&quot;1907&quot; data-super-full-height=&quot;2512&quot;        data-sigil=&quot;thumb&quot;&gt;
        &lt;i&gt;&lt;/i&gt;&lt;img   width=&quot;114&quot; height=&quot;150&quot; alt=&quot;Sketch:danger by Mizuki-T-A&quot; src=&quot;https://t00.deviantart.net/D4yWNs60bqRVbG9E38c1zgL0_Kw=/fit-in/150x150/filters:no_upscale():origin()/pre00/5b2b/th/pre/i/2017/291/a/b/sketch_danger_by_mizuki_t_a-dbqxzmq.jpg&quot; data-src=&quot;https://t00.deviantart.net/D4yWNs60bqRVbG9E38c1zgL0_Kw=/fit-in/150x150/filters:no_upscale():origin()/pre00/5b2b/th/pre/i/2017/291/a/b/sketch_danger_by_mizuki_t_a-dbqxzmq.jpg&quot; srcset=&quot;https://t00.deviantart.net/D4yWNs60bqRVbG9E38c1zgL0_Kw=/fit-in/150x150/filters:no_upscale():origin()/pre00/5b2b/th/pre/i/2017/291/a/b/sketch_danger_by_mizuki_t_a-dbqxzmq.jpg 114w,https://t00.deviantart.net/km_CsqXhyawmjpjcxJOeNqoZII0=/fit-in/700x350/filters:fixed_height(100,100):origin()/pre00/5b2b/th/pre/i/2017/291/a/b/sketch_danger_by_mizuki_t_a-dbqxzmq.jpg 266w,https://t00.deviantart.net/X4U4kZ_QB9s3cCAgz-uF6coVKzk=/fit-in/800x400/filters:fixed_height(100,100):origin()/pre00/5b2b/th/pre/i/2017/291/a/b/sketch_danger_by_mizuki_t_a-dbqxzmq.jpg 304w,https://pre00.deviantart.net/5b2b/th/pre/i/2017/291/a/b/sketch_danger_by_mizuki_t_a-dbqxzmq.jpg 779w&quot; sizes=&quot;114px&quot;&gt;&lt;/a&gt;&lt;/span&gt;&lt;!-- ^TTT --&gt;&lt;!-- TTT$ --&gt;&lt;/span&gt;&amp;nbsp;&lt;br /&gt;&lt;br /&gt;&lt;b&gt;* Don&#039;t steal / trace / copy / edit / use my artworks. Thanks for reading! *&lt;/b&gt;</media:description>            <media:thumbnail url="https://t00.deviantart.net/zPP_1VYbBWmkDb4YzkPPGwf2wZY=/fit-in/150x150/filters:no_upscale():origin()/pre00/4e34/th/pre/i/2017/364/1/9/we_can_t_promise_your_safety_at_here____fnaf_sl_by_mizuki_t_a-dbqy0si.jpg" height="150" width="113"/>            <media:thumbnail url="https://t00.deviantart.net/Zu_ZHL7oyPfuPSi6YgRhniNPi88=/fit-in/300x900/filters:no_upscale():origin()/pre00/4e34/th/pre/i/2017/364/1/9/we_can_t_promise_your_safety_at_here____fnaf_sl_by_mizuki_t_a-dbqy0si.jpg" height="398" width="300"/>            <media:thumbnail url="https://t00.deviantart.net/fkqdW2RYLSZxAnRSpbmsOyAb5JY=/300x200/filters:fixed_height(100,100):origin()/pre00/4e34/th/pre/i/2017/364/1/9/we_can_t_promise_your_safety_at_here____fnaf_sl_by_mizuki_t_a-dbqy0si.jpg" height="200" width="151"/>            <media:content url="https://pre00.deviantart.net/4e34/th/pre/i/2017/364/1/9/we_can_t_promise_your_safety_at_here____fnaf_sl_by_mizuki_t_a-dbqy0si.jpg" height="1030" width="776" medium="image"/>            
            <description>One of my favorite style: black and white drawing! c:&lt;br /&gt;It&#039;s kinda easy because I don&#039;t need to consider what colors should I blend for a long time. -w-&lt;br /&gt;And purely I love the atmosphere which the black and the white make.&lt;br /&gt;Hope you like it!&lt;br /&gt;&lt;br /&gt;&lt;br /&gt;More like this:&lt;br /&gt;&lt;span class=&quot;shadow-holder&quot; data-embed-type=&quot;deviation&quot; data-embed-id=&quot;682381599&quot; data-embed-format=&quot;thumb&quot;&gt;&lt;span class=&quot;shadow mild&quot; &gt;&lt;a class=&quot;thumb&quot; href=&quot;https://mizuki-t-a.deviantart.com/art/Murderous-Dial-Springtrap-FNaF-682381599&quot; title=&quot;Murderous Dial / Springtrap FNaF by Mizuki-T-A, May 24, 2017 in Fan Art &amp;gt; Traditional Art &amp;gt; Drawings &amp;gt; Games&quot;data-super-img=&quot;https://pre00.deviantart.net/734c/th/pre/i/2017/144/0/b/murderous_dial___springtrap_fnaf_by_mizuki_t_a-dba9t0f.jpg&quot; data-super-width=&quot;901&quot; data-super-height=&quot;886&quot; data-super-transparent=&quot;false&quot; data-super-alt=&quot;Murderous Dial / Springtrap FNaF by Mizuki-T-A&quot; data-super-full-img=&quot;https://img00.deviantart.net/fd54/i/2017/144/0/b/murderous_dial___springtrap_fnaf_by_mizuki_t_a-dba9t0f.jpg&quot; data-super-full-width=&quot;1024&quot; data-super-full-height=&quot;1007&quot;        data-sigil=&quot;thumb&quot;&gt;
        &lt;i&gt;&lt;/i&gt;&lt;img   width=&quot;150&quot; height=&quot;148&quot; alt=&quot;Murderous Dial / Springtrap FNaF by Mizuki-T-A&quot; src=&quot;https://t00.deviantart.net/bL2jLl2pIEYFZJvRrmYyGTmO55Y=/fit-in/150x150/filters:no_upscale():origin()/pre00/734c/th/pre/i/2017/144/0/b/murderous_dial___springtrap_fnaf_by_mizuki_t_a-dba9t0f.jpg&quot; data-src=&quot;https://t00.deviantart.net/bL2jLl2pIEYFZJvRrmYyGTmO55Y=/fit-in/150x150/filters:no_upscale():origin()/pre00/734c/th/pre/i/2017/144/0/b/murderous_dial___springtrap_fnaf_by_mizuki_t_a-dba9t0f.jpg&quot; srcset=&quot;https://t00.deviantart.net/bL2jLl2pIEYFZJvRrmYyGTmO55Y=/fit-in/150x150/filters:no_upscale():origin()/pre00/734c/th/pre/i/2017/144/0/b/murderous_dial___springtrap_fnaf_by_mizuki_t_a-dba9t0f.jpg 150w,https://t00.deviantart.net/-MYnO6T3YdRB52SED7ffbgtjHko=/fit-in/700x350/filters:fixed_height(100,100):origin()/pre00/734c/th/pre/i/2017/144/0/b/murderous_dial___springtrap_fnaf_by_mizuki_t_a-dba9t0f.jpg 356w,https://t00.deviantart.net/sUUmxCbfWdmcgHUkhK80aK_l2_w=/fit-in/800x400/filters:fixed_height(100,100):origin()/pre00/734c/th/pre/i/2017/144/0/b/murderous_dial___springtrap_fnaf_by_mizuki_t_a-dba9t0f.jpg 407w,https://pre00.deviantart.net/734c/th/pre/i/2017/144/0/b/murderous_dial___springtrap_fnaf_by_mizuki_t_a-dba9t0f.jpg 901w&quot; sizes=&quot;150px&quot;&gt;&lt;/a&gt;&lt;/span&gt;&lt;!-- ^TTT --&gt;&lt;!-- TTT$ --&gt;&lt;/span&gt;&amp;nbsp;&lt;span class=&quot;shadow-holder&quot; data-embed-type=&quot;deviation&quot; data-embed-id=&quot;683073160&quot; data-embed-format=&quot;thumb&quot;&gt;&lt;span class=&quot;shadow mild&quot; &gt;&lt;a class=&quot;thumb&quot; href=&quot;https://mizuki-t-a.deviantart.com/art/Can-you-join-our-dark-dreams-FNaF-SL-683073160&quot; title=&quot;Can you join our dark dreams? / FNaF SL by Mizuki-T-A, May 27, 2017 in Fan Art &amp;gt; Traditional Art &amp;gt; Drawings &amp;gt; Games&quot;data-super-img=&quot;https://pre00.deviantart.net/d011/th/pre/i/2017/147/d/c/can_you_join_our_dark_dreams____fnaf_sl_by_mizuki_t_a-dbaommg.jpg&quot; data-super-width=&quot;889&quot; data-super-height=&quot;899&quot; data-super-transparent=&quot;false&quot; data-super-alt=&quot;Can you join our dark dreams? / FNaF SL by Mizuki-T-A&quot; data-super-full-img=&quot;https://img00.deviantart.net/4254/i/2017/147/d/c/can_you_join_our_dark_dreams____fnaf_sl_by_mizuki_t_a-dbaommg.jpg&quot; data-super-full-width=&quot;1024&quot; data-super-full-height=&quot;1036&quot;        data-sigil=&quot;thumb&quot;&gt;
        &lt;i&gt;&lt;/i&gt;&lt;img   width=&quot;148&quot; height=&quot;150&quot; alt=&quot;Can you join our dark dreams? / FNaF SL by Mizuki-T-A&quot; src=&quot;https://t00.deviantart.net/POF2-gwxR5dRsqANND-nfgJBXaM=/fit-in/150x150/filters:no_upscale():origin()/pre00/d011/th/pre/i/2017/147/d/c/can_you_join_our_dark_dreams____fnaf_sl_by_mizuki_t_a-dbaommg.jpg&quot; data-src=&quot;https://t00.deviantart.net/POF2-gwxR5dRsqANND-nfgJBXaM=/fit-in/150x150/filters:no_upscale():origin()/pre00/d011/th/pre/i/2017/147/d/c/can_you_join_our_dark_dreams____fnaf_sl_by_mizuki_t_a-dbaommg.jpg&quot; srcset=&quot;https://t00.deviantart.net/POF2-gwxR5dRsqANND-nfgJBXaM=/fit-in/150x150/filters:no_upscale():origin()/pre00/d011/th/pre/i/2017/147/d/c/can_you_join_our_dark_dreams____fnaf_sl_by_mizuki_t_a-dbaommg.jpg 148w,https://t00.deviantart.net/_6LDaYb_zcVitjPGtRfWYzHnm50=/fit-in/700x350/filters:fixed_height(100,100):origin()/pre00/d011/th/pre/i/2017/147/d/c/can_you_join_our_dark_dreams____fnaf_sl_by_mizuki_t_a-dbaommg.jpg 346w,https://t00.deviantart.net/vSaCGYa8RUtAlnb62bbROv--fVI=/fit-in/800x400/filters:fixed_height(100,100):origin()/pre00/d011/th/pre/i/2017/147/d/c/can_you_join_our_dark_dreams____fnaf_sl_by_mizuki_t_a-dbaommg.jpg 396w,https://pre00.deviantart.net/d011/th/pre/i/2017/147/d/c/can_you_join_our_dark_dreams____fnaf_sl_by_mizuki_t_a-dbaommg.jpg 889w&quot; sizes=&quot;148px&quot;&gt;&lt;/a&gt;&lt;/span&gt;&lt;!-- ^TTT --&gt;&lt;!-- TTT$ --&gt;&lt;/span&gt;&amp;nbsp;&lt;span class=&quot;shadow-holder&quot; data-embed-type=&quot;deviation&quot; data-embed-id=&quot;696490476&quot; data-embed-format=&quot;thumb&quot;&gt;&lt;span class=&quot;shadow mild&quot; &gt;&lt;a class=&quot;thumb&quot; href=&quot;https://mizuki-t-a.deviantart.com/art/Judgement-III-Funtime-Foxy-FNaF-696490476&quot; title=&quot;Judgement III / Funtime Foxy FNaF by Mizuki-T-A, Aug 2, 2017 in Fan Art &amp;gt; Traditional Art &amp;gt; Drawings &amp;gt; Games&quot;data-super-img=&quot;https://pre00.deviantart.net/d146/th/pre/i/2017/214/b/7/judgement_iii___funtime_foxy_fnaf_by_mizuki_t_a-dbio7ho.jpg&quot; data-super-width=&quot;873&quot; data-super-height=&quot;916&quot; data-super-transparent=&quot;false&quot; data-super-alt=&quot;Judgement III / Funtime Foxy FNaF by Mizuki-T-A&quot; data-super-full-img=&quot;https://img00.deviantart.net/7d79/i/2017/214/b/7/judgement_iii___funtime_foxy_fnaf_by_mizuki_t_a-dbio7ho.jpg&quot; data-super-full-width=&quot;1024&quot; data-super-full-height=&quot;1074&quot;        data-sigil=&quot;thumb&quot;&gt;
        &lt;i&gt;&lt;/i&gt;&lt;img   width=&quot;143&quot; height=&quot;150&quot; alt=&quot;Judgement III / Funtime Foxy FNaF by Mizuki-T-A&quot; src=&quot;https://t00.deviantart.net/N6v9LGAOFWvimEa3Eaw0nlrDgUo=/fit-in/150x150/filters:no_upscale():origin()/pre00/d146/th/pre/i/2017/214/b/7/judgement_iii___funtime_foxy_fnaf_by_mizuki_t_a-dbio7ho.jpg&quot; data-src=&quot;https://t00.deviantart.net/N6v9LGAOFWvimEa3Eaw0nlrDgUo=/fit-in/150x150/filters:no_upscale():origin()/pre00/d146/th/pre/i/2017/214/b/7/judgement_iii___funtime_foxy_fnaf_by_mizuki_t_a-dbio7ho.jpg&quot; srcset=&quot;https://t00.deviantart.net/N6v9LGAOFWvimEa3Eaw0nlrDgUo=/fit-in/150x150/filters:no_upscale():origin()/pre00/d146/th/pre/i/2017/214/b/7/judgement_iii___funtime_foxy_fnaf_by_mizuki_t_a-dbio7ho.jpg 143w,https://t00.deviantart.net/X3VmMyplW5nmjqfgBjZvYOLxZNE=/fit-in/700x350/filters:fixed_height(100,100):origin()/pre00/d146/th/pre/i/2017/214/b/7/judgement_iii___funtime_foxy_fnaf_by_mizuki_t_a-dbio7ho.jpg 334w,https://t00.deviantart.net/_oP3Smu0RGVZzObmdshJCNsHROc=/fit-in/800x400/filters:fixed_height(100,100):origin()/pre00/d146/th/pre/i/2017/214/b/7/judgement_iii___funtime_foxy_fnaf_by_mizuki_t_a-dbio7ho.jpg 381w,https://pre00.deviantart.net/d146/th/pre/i/2017/214/b/7/judgement_iii___funtime_foxy_fnaf_by_mizuki_t_a-dbio7ho.jpg 873w&quot; sizes=&quot;143px&quot;&gt;&lt;/a&gt;&lt;/span&gt;&lt;!-- ^TTT --&gt;&lt;!-- TTT$ --&gt;&lt;/span&gt;&amp;nbsp;&lt;br /&gt;&lt;br /&gt;Sketch:&lt;br /&gt;&lt;span class=&quot;shadow-holder&quot; data-embed-type=&quot;deviation&quot; data-embed-id=&quot;3024338987051509&quot; data-embed-format=&quot;thumb&quot;&gt;&lt;span class=&quot;shadow mild&quot; &gt;&lt;a class=&quot;thumb&quot; href=&quot;https://sta.sh/0ts1e5ersad&quot; title=&quot;Sketch:danger by Mizuki-T-A, Oct 18, 2017&quot;data-super-img=&quot;https://pre00.deviantart.net/5b2b/th/pre/i/2017/291/a/b/sketch_danger_by_mizuki_t_a-dbqxzmq.jpg&quot; data-super-width=&quot;779&quot; data-super-height=&quot;1026&quot; data-super-transparent=&quot;false&quot; data-super-alt=&quot;Sketch:danger by Mizuki-T-A&quot; data-super-full-img=&quot;https://orig00.deviantart.net/600e/f/2017/291/0/9/sketch_danger_by_mizuki_t_a-dbqxzmq.jpg&quot; data-super-full-width=&quot;1907&quot; data-super-full-height=&quot;2512&quot;        data-sigil=&quot;thumb&quot;&gt;
        &lt;i&gt;&lt;/i&gt;&lt;img   width=&quot;114&quot; height=&quot;150&quot; alt=&quot;Sketch:danger by Mizuki-T-A&quot; src=&quot;https://t00.deviantart.net/D4yWNs60bqRVbG9E38c1zgL0_Kw=/fit-in/150x150/filters:no_upscale():origin()/pre00/5b2b/th/pre/i/2017/291/a/b/sketch_danger_by_mizuki_t_a-dbqxzmq.jpg&quot; data-src=&quot;https://t00.deviantart.net/D4yWNs60bqRVbG9E38c1zgL0_Kw=/fit-in/150x150/filters:no_upscale():origin()/pre00/5b2b/th/pre/i/2017/291/a/b/sketch_danger_by_mizuki_t_a-dbqxzmq.jpg&quot; srcset=&quot;https://t00.deviantart.net/D4yWNs60bqRVbG9E38c1zgL0_Kw=/fit-in/150x150/filters:no_upscale():origin()/pre00/5b2b/th/pre/i/2017/291/a/b/sketch_danger_by_mizuki_t_a-dbqxzmq.jpg 114w,https://t00.deviantart.net/km_CsqXhyawmjpjcxJOeNqoZII0=/fit-in/700x350/filters:fixed_height(100,100):origin()/pre00/5b2b/th/pre/i/2017/291/a/b/sketch_danger_by_mizuki_t_a-dbqxzmq.jpg 266w,https://t00.deviantart.net/X4U4kZ_QB9s3cCAgz-uF6coVKzk=/fit-in/800x400/filters:fixed_height(100,100):origin()/pre00/5b2b/th/pre/i/2017/291/a/b/sketch_danger_by_mizuki_t_a-dbqxzmq.jpg 304w,https://pre00.deviantart.net/5b2b/th/pre/i/2017/291/a/b/sketch_danger_by_mizuki_t_a-dbqxzmq.jpg 779w&quot; sizes=&quot;114px&quot;&gt;&lt;/a&gt;&lt;/span&gt;&lt;!-- ^TTT --&gt;&lt;!-- TTT$ --&gt;&lt;/span&gt;&amp;nbsp;&lt;br /&gt;&lt;br /&gt;&lt;b&gt;* Don&#039;t steal / trace / copy / edit / use my artworks. Thanks for reading! *&lt;/b&gt;&lt;br /&gt;&lt;div&gt;&lt;img src=&quot;https://t00.deviantart.net/fkqdW2RYLSZxAnRSpbmsOyAb5JY=/300x200/filters:fixed_height(100,100):origin()/pre00/4e34/th/pre/i/2017/364/1/9/we_can_t_promise_your_safety_at_here____fnaf_sl_by_mizuki_t_a-dbqy0si.jpg&quot; alt=&quot;thumbnail&quot; /&gt;&lt;/div&gt;</description>            </item>
                    <item>
                <title>Lazy Daisy</title>
                <link>https://aartika-fractal-art.deviantart.com/art/Lazy-Daisy-780583755</link>
                <guid isPermaLink="true">https://aartika-fractal-art.deviantart.com/art/Lazy-Daisy-780583755</guid>
                <pubDate>Thu, 10 Jan 2019 14:23:54 PST</pubDate>
                        <media:title type="plain">Lazy Daisy</media:title>
        <media:keywords></media:keywords>
                        <media:rating>nonadult</media:rating>
                <media:category label="Raw Fractals">digitalart/fractals/rawfractal</media:category>
        <media:credit role="author" scheme="urn:ebu">aartika-fractal-art</media:credit>
        <media:credit role="author" scheme="urn:ebu">https://a.deviantart.net/avatars/a/a/aartika-fractal-art.jpg?4</media:credit>
        <media:copyright url="https://aartika-fractal-art.deviantart.com">Copyright 2019 aartika-fractal-art</media:copyright>
            <media:community>
                <media:tags>@fractal_aartika</media:tags>
            </media:community>            <media:description type="html">&lt;div&gt;&lt;span class=&quot;shadow-holder&quot; data-embed-type=&quot;deviation&quot; data-embed-id=&quot;712077741&quot; data-embed-format=&quot;thumb&quot;&gt;&lt;span class=&quot;shadow mild&quot; &gt;&lt;a class=&quot;thumb&quot; href=&quot;https://www.deviantart.com/aartika-fractal-art/art/Ultra-Fractal-6-Stamp-712077741&quot; title=&quot;Ultra Fractal 6 Stamp by aartika-fractal-art, Oct 28, 2017 in DeviantArt Related &amp;gt; Deviant Stamps&quot;data-super-img=&quot;https://images-wixmp-ed30a86b8c4ca887773594c2.wixmp.com/intermediary/f/679a2328-ddb8-4a0e-9c50-fbda3e49ca67/dbryap9-d61a2427-2575-42c2-b90a-2996084a7723.png&quot; data-super-width=&quot;105&quot; data-super-height=&quot;61&quot; data-super-transparent=&quot;true&quot; data-super-alt=&quot;Ultra Fractal 6 Stamp by aartika-fractal-art&quot; data-super-full-img=&quot;https://images-wixmp-ed30a86b8c4ca887773594c2.wixmp.com/intermediary/f/679a2328-ddb8-4a0e-9c50-fbda3e49ca67/dbryap9-d61a2427-2575-42c2-b90a-2996084a7723.png&quot; data-super-full-width=&quot;105&quot; data-super-full-height=&quot;61&quot;        data-sigil=&quot;thumb&quot;&gt;
        &lt;i&gt;&lt;/i&gt;&lt;img   width=&quot;105&quot; height=&quot;61&quot; alt=&quot;Ultra Fractal 6 Stamp by aartika-fractal-art&quot; src=&quot;https://images-wixmp-ed30a86b8c4ca887773594c2.wixmp.com/intermediary/f/679a2328-ddb8-4a0e-9c50-fbda3e49ca67/dbryap9-d61a2427-2575-42c2-b90a-2996084a7723.png&quot; data-src=&quot;https://images-wixmp-ed30a86b8c4ca887773594c2.wixmp.com/intermediary/f/679a2328-ddb8-4a0e-9c50-fbda3e49ca67/dbryap9-d61a2427-2575-42c2-b90a-2996084a7723.png&quot; srcset=&quot;https://images-wixmp-ed30a86b8c4ca887773594c2.wixmp.com/intermediary/f/679a2328-ddb8-4a0e-9c50-fbda3e49ca67/dbryap9-d61a2427-2575-42c2-b90a-2996084a7723.png 105w&quot; sizes=&quot;105px&quot;&gt;&lt;/a&gt;&lt;/span&gt;&lt;!-- ^TTT --&gt;&lt;!-- TTT$ --&gt;&lt;/span&gt; &lt;br /&gt;&lt;/div&gt;&lt;div&gt;&lt;br /&gt;&lt;/div&gt;&lt;div&gt;Ultra Fractal 6.02&lt;br /&gt;&lt;/div&gt;</media:description>            <media:thumbnail url="https://t00.deviantart.net/Q_j_8yE9RRfKHfDN8bOXtDQ-n_w=/fit-in/150x150/filters:no_upscale():origin()/pre00/ff2c/th/pre/f/2019/010/e/3/lazy_daisy_by_aartika_fractal_art-dcwqma3.jpg" height="106" width="150"/>            <media:thumbnail url="https://t00.deviantart.net/pr9g1mk2SwyhC1x1vBPcyhmUYjw=/fit-in/300x900/filters:no_upscale():origin()/pre00/ff2c/th/pre/f/2019/010/e/3/lazy_daisy_by_aartika_fractal_art-dcwqma3.jpg" height="212" width="300"/>            <media:thumbnail url="https://t00.deviantart.net/T5l8nayi-S4TGEhLPsaRl99z1NM=/300x200/filters:fixed_height(100,100):origin()/pre00/ff2c/th/pre/f/2019/010/e/3/lazy_daisy_by_aartika_fractal_art-dcwqma3.jpg" height="200" width="284"/>            <media:content url="https://pre00.deviantart.net/ff2c/th/pre/f/2019/010/e/3/lazy_daisy_by_aartika_fractal_art-dcwqma3.jpg" height="751" width="1065" medium="image"/>            
            <description>&lt;div&gt;&lt;span class=&quot;shadow-holder&quot; data-embed-type=&quot;deviation&quot; data-embed-id=&quot;712077741&quot; data-embed-format=&quot;thumb&quot;&gt;&lt;span class=&quot;shadow mild&quot; &gt;&lt;a class=&quot;thumb&quot; href=&quot;https://www.deviantart.com/aartika-fractal-art/art/Ultra-Fractal-6-Stamp-712077741&quot; title=&quot;Ultra Fractal 6 Stamp by aartika-fractal-art, Oct 28, 2017 in DeviantArt Related &amp;gt; Deviant Stamps&quot;data-super-img=&quot;https://images-wixmp-ed30a86b8c4ca887773594c2.wixmp.com/intermediary/f/679a2328-ddb8-4a0e-9c50-fbda3e49ca67/dbryap9-d61a2427-2575-42c2-b90a-2996084a7723.png&quot; data-super-width=&quot;105&quot; data-super-height=&quot;61&quot; data-super-transparent=&quot;true&quot; data-super-alt=&quot;Ultra Fractal 6 Stamp by aartika-fractal-art&quot; data-super-full-img=&quot;https://images-wixmp-ed30a86b8c4ca887773594c2.wixmp.com/intermediary/f/679a2328-ddb8-4a0e-9c50-fbda3e49ca67/dbryap9-d61a2427-2575-42c2-b90a-2996084a7723.png&quot; data-super-full-width=&quot;105&quot; data-super-full-height=&quot;61&quot;        data-sigil=&quot;thumb&quot;&gt;
        &lt;i&gt;&lt;/i&gt;&lt;img   width=&quot;105&quot; height=&quot;61&quot; alt=&quot;Ultra Fractal 6 Stamp by aartika-fractal-art&quot; src=&quot;https://images-wixmp-ed30a86b8c4ca887773594c2.wixmp.com/intermediary/f/679a2328-ddb8-4a0e-9c50-fbda3e49ca67/dbryap9-d61a2427-2575-42c2-b90a-2996084a7723.png&quot; data-src=&quot;https://images-wixmp-ed30a86b8c4ca887773594c2.wixmp.com/intermediary/f/679a2328-ddb8-4a0e-9c50-fbda3e49ca67/dbryap9-d61a2427-2575-42c2-b90a-2996084a7723.png&quot; srcset=&quot;https://images-wixmp-ed30a86b8c4ca887773594c2.wixmp.com/intermediary/f/679a2328-ddb8-4a0e-9c50-fbda3e49ca67/dbryap9-d61a2427-2575-42c2-b90a-2996084a7723.png 105w&quot; sizes=&quot;105px&quot;&gt;&lt;/a&gt;&lt;/span&gt;&lt;!-- ^TTT --&gt;&lt;!-- TTT$ --&gt;&lt;/span&gt; &lt;br /&gt;&lt;/div&gt;&lt;div&gt;&lt;br /&gt;&lt;/div&gt;&lt;div&gt;Ultra Fractal 6.02&lt;br /&gt;&lt;/div&gt;&lt;br /&gt;&lt;div&gt;&lt;img src=&quot;https://t00.deviantart.net/T5l8nayi-S4TGEhLPsaRl99z1NM=/300x200/filters:fixed_height(100,100):origin()/pre00/ff2c/th/pre/f/2019/010/e/3/lazy_daisy_by_aartika_fractal_art-dcwqma3.jpg&quot; alt=&quot;thumbnail&quot; /&gt;&lt;/div&gt;</description>            </item>
                    <item>
                <title>warrior&#039;s spirit</title>
                <link>https://kydnt.deviantart.com/art/warrior-s-spirit-775758614</link>
                <guid isPermaLink="true">https://kydnt.deviantart.com/art/warrior-s-spirit-775758614</guid>
                <pubDate>Fri, 07 Dec 2018 12:20:48 PST</pubDate>
                        <media:title type="plain">warrior&#039;s spirit</media:title>
        <media:keywords></media:keywords>
                        <media:rating>nonadult</media:rating>
                <media:category label="Animals &amp; Plants">digitalart/photomanip/animalsplants</media:category>
        <media:credit role="author" scheme="urn:ebu">Kydnt</media:credit>
        <media:credit role="author" scheme="urn:ebu">https://a.deviantart.net/avatars/k/y/kydnt.gif?4</media:credit>
        <media:copyright url="https://kydnt.deviantart.com">Copyright 2018-2019 Kydnt</media:copyright>            <media:description type="html">&lt;div align=&quot;center&quot;&gt;&lt;b&gt;Not for free use.&lt;/b&gt;&lt;br /&gt;A commission for &lt;span class=&quot;username-with-symbol u&quot;&gt;&lt;a class=&quot;u premium username&quot; href=&quot;https://www.deviantart.com/fenrirhound&quot;&gt;fenrirhound&lt;/a&gt;&lt;span class=&quot;user-symbol premium&quot; data-quicktip-text=&quot;Core Member&quot; data-show-tooltip=&quot;1&quot; data-gruser-type=&quot;premium&quot;&gt;&lt;/span&gt;&lt;/span&gt; that I went a little nuts on rofl.&amp;nbsp;&lt;span&gt;This is what happens when I&#039;m left without any instructions lol&lt;br /&gt;&lt;br /&gt;&lt;b&gt;.:Stock:.&lt;br /&gt;&lt;a href=&quot;https://www.deviantart.com/deviation/645909564&quot;&gt;RRZ 80&lt;/a&gt;&amp;nbsp;&lt;br /&gt;&lt;a class=&quot;external&quot; href=&quot;https://www.deviantart.com/users/outgoing?https://unsplash.com/photos/6e7RiIWmx5s&quot;&gt;Unsplash: Meagan Collins&lt;/a&gt;&lt;br /&gt;&lt;a class=&quot;external&quot; href=&quot;https://www.deviantart.com/users/outgoing?https://unsplash.com/photos/MwHEflErsYk&quot;&gt;Unsplash: Hasan Almasi&lt;/a&gt;&lt;br /&gt;&lt;a class=&quot;external&quot; href=&quot;https://www.deviantart.com/users/outgoing?https://unsplash.com/photos/fHJVEmMF844&quot;&gt;Unsplash: Peter Conlan&lt;/a&gt;&lt;br /&gt;&lt;a class=&quot;external&quot; href=&quot;https://www.deviantart.com/users/outgoing?https://unsplash.com/photos/geEJZEo7TAA&quot;&gt;Unsplash: Tyler Lastovich&lt;/a&gt;&lt;br /&gt;&lt;/b&gt;&lt;/span&gt;&lt;/div&gt;</media:description>            <media:thumbnail url="https://t00.deviantart.net/0HOEfUb1hn1a6jxgaa6c-CkEBh4=/fit-in/150x150/filters:no_upscale():origin()/pre00/a2a4/th/pre/f/2018/341/9/3/93f6bfad99a711ecdf88d6c79f37819a-dctv76e.png" height="110" width="150"/>            <media:thumbnail url="https://t00.deviantart.net/ETxnnRM9y442yeJGqGYxCQ9C7HQ=/fit-in/300x900/filters:no_upscale():origin()/pre00/a2a4/th/pre/f/2018/341/9/3/93f6bfad99a711ecdf88d6c79f37819a-dctv76e.png" height="220" width="300"/>            <media:thumbnail url="https://t00.deviantart.net/arn6L30kkklDejRAOSHAlfimGOs=/300x200/filters:fixed_height(100,100):origin()/pre00/a2a4/th/pre/f/2018/341/9/3/93f6bfad99a711ecdf88d6c79f37819a-dctv76e.png" height="200" width="272"/>            <media:content url="https://pre00.deviantart.net/a2a4/th/pre/f/2018/341/9/3/93f6bfad99a711ecdf88d6c79f37819a-dctv76e.png" height="766" width="1043" medium="image"/>            
            <description>&lt;div align=&quot;center&quot;&gt;&lt;b&gt;Not for free use.&lt;/b&gt;&lt;br /&gt;A commission for &lt;span class=&quot;username-with-symbol u&quot;&gt;&lt;a class=&quot;u premium username&quot; href=&quot;https://www.deviantart.com/fenrirhound&quot;&gt;fenrirhound&lt;/a&gt;&lt;span class=&quot;user-symbol premium&quot; data-quicktip-text=&quot;Core Member&quot; data-show-tooltip=&quot;1&quot; data-gruser-type=&quot;premium&quot;&gt;&lt;/span&gt;&lt;/span&gt; that I went a little nuts on rofl.&amp;nbsp;&lt;span&gt;This is what happens when I&#039;m left without any instructions lol&lt;br /&gt;&lt;br /&gt;&lt;b&gt;.:Stock:.&lt;br /&gt;&lt;a href=&quot;https://www.deviantart.com/deviation/645909564&quot;&gt;RRZ 80&lt;/a&gt;&amp;nbsp;&lt;br /&gt;&lt;a class=&quot;external&quot; href=&quot;https://www.deviantart.com/users/outgoing?https://unsplash.com/photos/6e7RiIWmx5s&quot;&gt;Unsplash: Meagan Collins&lt;/a&gt;&lt;br /&gt;&lt;a class=&quot;external&quot; href=&quot;https://www.deviantart.com/users/outgoing?https://unsplash.com/photos/MwHEflErsYk&quot;&gt;Unsplash: Hasan Almasi&lt;/a&gt;&lt;br /&gt;&lt;a class=&quot;external&quot; href=&quot;https://www.deviantart.com/users/outgoing?https://unsplash.com/photos/fHJVEmMF844&quot;&gt;Unsplash: Peter Conlan&lt;/a&gt;&lt;br /&gt;&lt;a class=&quot;external&quot; href=&quot;https://www.deviantart.com/users/outgoing?https://unsplash.com/photos/geEJZEo7TAA&quot;&gt;Unsplash: Tyler Lastovich&lt;/a&gt;&lt;br /&gt;&lt;/b&gt;&lt;/span&gt;&lt;/div&gt;&lt;br /&gt;&lt;div&gt;&lt;img src=&quot;https://t00.deviantart.net/arn6L30kkklDejRAOSHAlfimGOs=/300x200/filters:fixed_height(100,100):origin()/pre00/a2a4/th/pre/f/2018/341/9/3/93f6bfad99a711ecdf88d6c79f37819a-dctv76e.png&quot; alt=&quot;thumbnail&quot; /&gt;&lt;/div&gt;</description>            </item>
                    <item>
                <title>Jackson&#039;s Chameleon</title>
                <link>https://kajmana.deviantart.com/art/Jackson-s-Chameleon-764569143</link>
                <guid isPermaLink="true">https://kajmana.deviantart.com/art/Jackson-s-Chameleon-764569143</guid>
                <pubDate>Tue, 18 Sep 2018 18:10:19 PDT</pubDate>
                        <media:title type="plain">Jackson&#039;s Chameleon</media:title>
        <media:keywords></media:keywords>
                        <media:rating>nonadult</media:rating>
                <media:category label="Origami">artisan/origami/origami</media:category>
        <media:credit role="author" scheme="urn:ebu">Kajmana</media:credit>
        <media:credit role="author" scheme="urn:ebu">https://a.deviantart.net/avatars/k/a/kajmana.jpg?2</media:credit>
        <media:copyright url="https://kajmana.deviantart.com">Copyright 2018-2019 Kajmana</media:copyright>            <media:description type="html">Designed by Robert Lang, folded by me from 12&quot; elephant hide</media:description>            <media:thumbnail url="https://t00.deviantart.net/RESROZDPCPbTTKMsACrBZqzgE-o=/fit-in/150x150/filters:no_upscale():origin()/pre00/69a5/th/pre/i/2018/261/b/e/jackson_s_chameleon_by_kajmana-dcn7dbr.jpg" height="102" width="150"/>            <media:thumbnail url="https://t00.deviantart.net/26WHipdM9ozHXygnjreadx_j9ws=/fit-in/300x900/filters:no_upscale():origin()/pre00/69a5/th/pre/i/2018/261/b/e/jackson_s_chameleon_by_kajmana-dcn7dbr.jpg" height="204" width="300"/>            <media:thumbnail url="https://t00.deviantart.net/F_tj8HHnUKPTIx6igd9-4W9SKIM=/300x200/filters:fixed_height(100,100):origin()/pre00/69a5/th/pre/i/2018/261/b/e/jackson_s_chameleon_by_kajmana-dcn7dbr.jpg" height="200" width="294"/>            <media:content url="https://img00.deviantart.net/3d51/i/2018/261/b/e/jackson_s_chameleon_by_kajmana-dcn7dbr.jpg" height="696" width="1024" medium="image"/>            
            <description>Designed by Robert Lang, folded by me from 12&quot; elephant hide&lt;br /&gt;&lt;div&gt;&lt;img src=&quot;https://t00.deviantart.net/F_tj8HHnUKPTIx6igd9-4W9SKIM=/300x200/filters:fixed_height(100,100):origin()/pre00/69a5/th/pre/i/2018/261/b/e/jackson_s_chameleon_by_kajmana-dcn7dbr.jpg&quot; alt=&quot;thumbnail&quot; /&gt;&lt;/div&gt;</description>            </item>
                    <item>
                <title>Ms20</title>
                <link>https://tatyana-sanina.deviantart.com/art/Ms20-771638779</link>
                <guid isPermaLink="true">https://tatyana-sanina.deviantart.com/art/Ms20-771638779</guid>
                <pubDate>Wed, 07 Nov 2018 09:40:24 PST</pubDate>
                        <media:title type="plain">Ms20</media:title>
        <media:keywords></media:keywords>
                        <media:rating>nonadult</media:rating>
                <media:category label="Street">photography/street</media:category>
        <media:credit role="author" scheme="urn:ebu">Tatyana-Sanina</media:credit>
        <media:credit role="author" scheme="urn:ebu">https://a.deviantart.net/avatars/t/a/tatyana-sanina.jpg?7</media:credit>
        <media:copyright url="https://tatyana-sanina.deviantart.com">Copyright 2018-2019 Tatyana-Sanina</media:copyright>             <creativeCommons:license>http://creativecommons.org/licenses/by-nc-nd/3.0/</creativeCommons:license>
                <media:description type="html"></media:description>            <media:thumbnail url="https://t00.deviantart.net/KfQog2F7R11_IrPIOgPK6-2UrXA=/fit-in/150x150/filters:no_upscale():origin()/pre00/3ce2/th/pre/i/2018/321/2/9/ms20_by_tatyana_sanina-dcrewaj.jpg" height="100" width="150"/>            <media:thumbnail url="https://t00.deviantart.net/EksHkGA4QwaP1UzbTN-UhPEa-WA=/fit-in/300x900/filters:no_upscale():origin()/pre00/3ce2/th/pre/i/2018/321/2/9/ms20_by_tatyana_sanina-dcrewaj.jpg" height="200" width="300"/>            <media:thumbnail url="https://t00.deviantart.net/BdAGtKm-m-qOIpA2BLwIswjDZIM=/300x200/filters:fixed_height(100,100):origin()/pre00/3ce2/th/pre/i/2018/321/2/9/ms20_by_tatyana_sanina-dcrewaj.jpg" height="200" width="300"/>            <media:content url="https://pre00.deviantart.net/3ce2/th/pre/i/2018/321/2/9/ms20_by_tatyana_sanina-dcrewaj.jpg" height="730" width="1095" medium="image"/>            
            <description>&lt;br /&gt;&lt;div&gt;&lt;img src=&quot;https://t00.deviantart.net/BdAGtKm-m-qOIpA2BLwIswjDZIM=/300x200/filters:fixed_height(100,100):origin()/pre00/3ce2/th/pre/i/2018/321/2/9/ms20_by_tatyana_sanina-dcrewaj.jpg&quot; alt=&quot;thumbnail&quot; /&gt;&lt;/div&gt;</description>            </item>
                    <item>
                <title>a song of near creatures</title>
                <link>https://peaseblossoms.deviantart.com/art/a-song-of-near-creatures-769707262</link>
                <guid isPermaLink="true">https://peaseblossoms.deviantart.com/art/a-song-of-near-creatures-769707262</guid>
                <pubDate>Wed, 24 Oct 2018 16:21:01 PDT</pubDate>
                        <media:title type="plain">a song of near creatures</media:title>
        <media:keywords></media:keywords>
                        <media:rating>nonadult</media:rating>
                <media:category label="Free Verse">literature/poetry/emotional/freeverse</media:category>
        <media:credit role="author" scheme="urn:ebu">peaseblossoms</media:credit>
        <media:credit role="author" scheme="urn:ebu">https://a.deviantart.net/avatars/p/e/peaseblossoms.png?2</media:credit>
        <media:copyright url="https://peaseblossoms.deviantart.com">Copyright 2018-2019 peaseblossoms</media:copyright>            <media:description type="html">happy birthday to the radiant &lt;span class=&quot;username-with-symbol u&quot;&gt;&lt;a class=&quot;u regular username&quot; href=&quot;https://www.deviantart.com/ladybitterblue&quot;&gt;LadyBitterblue&lt;/a&gt;&lt;span class=&quot;user-symbol regular&quot; data-quicktip-text=&quot;&quot; data-show-tooltip=&quot;&quot; data-gruser-type=&quot;regular&quot;&gt;&lt;/span&gt;&lt;/span&gt;, one of my oldest and most treasured friends here. this poem has been FAR too many of your birthdays in the making but i finally (!!!!) finished it enough in time for this year (although i&#039;ll probably come back and keep whittling with it :~D!) i&#039;m sending you so, so much love and magic today and always, lowenzahn. here&#039;s to you and all the light you bring. &amp;#9829;&amp;#9829;&amp;#9829;&amp;#9829;&amp;#9829;&lt;br /&gt;&lt;br /&gt;(ps i just realized this is my 400th poem?????????? WOW WHO KNEW!!!! idk if it&#039;s as huge of a milestone as i feel like it is but thank you to everyone who&#039;s supported my poetry over all these years. im so so grateful for your support and encouragement ily all!!!!!)</media:description>        

        <media:content url="https://peaseblossoms.deviantart.com/art/a-song-of-near-creatures-769707262" medium="document" />
        <media:text type="html">so may you be brambled&lt;br /&gt;with your woodland wonder:&lt;br /&gt;your heart like a berry&lt;br /&gt;your stories its seeds&lt;br /&gt;dazzling dappled in the&lt;br /&gt;thicket of it all.&lt;br /&gt;&lt;br /&gt;yes, this is about&lt;br /&gt;every fleck of you&lt;br /&gt;fawned, in the dearness&lt;br /&gt;of dawn. and you&#039;re dancing&lt;br /&gt;your soft step stitches&lt;br /&gt;into daybreak, so it knows&lt;br /&gt;&lt;br /&gt;when the night cracks open&lt;br /&gt;and the sun slips through&lt;br /&gt;there&#039;s a hopeful kind of (w)hole&lt;br /&gt;and a lustered line of healing&lt;br /&gt;in its lifetime, ripe with love.&lt;br /&gt;&lt;br /&gt;darling, when the fall fades in&lt;br /&gt;with all its feeling&lt;br /&gt;you still follow: &amp;amp; in&lt;br /&gt;the half light of the hollow&lt;br /&gt;you make meadows&lt;br /&gt;out of me.</media:text>            
            <description>happy birthday to the radiant &lt;span class=&quot;username-with-symbol u&quot;&gt;&lt;a class=&quot;u regular username&quot; href=&quot;https://www.deviantart.com/ladybitterblue&quot;&gt;LadyBitterblue&lt;/a&gt;&lt;span class=&quot;user-symbol regular&quot; data-quicktip-text=&quot;&quot; data-show-tooltip=&quot;&quot; data-gruser-type=&quot;regular&quot;&gt;&lt;/span&gt;&lt;/span&gt;, one of my oldest and most treasured friends here. this poem has been FAR too many of your birthdays in the making but i finally (!!!!) finished it enough in time for this year (although i&#039;ll probably come back and keep whittling with it :~D!) i&#039;m sending you so, so much love and magic today and always, lowenzahn. here&#039;s to you and all the light you bring. &amp;#9829;&amp;#9829;&amp;#9829;&amp;#9829;&amp;#9829;&lt;br /&gt;&lt;br /&gt;(ps i just realized this is my 400th poem?????????? WOW WHO KNEW!!!! idk if it&#039;s as huge of a milestone as i feel like it is but thank you to everyone who&#039;s supported my poetry over all these years. im so so grateful for your support and encouragement ily all!!!!!)</description>            </item>
                    <item>
                <title>Amsterdam</title>
                <link>https://inviv0.deviantart.com/art/Amsterdam-773944791</link>
                <guid isPermaLink="true">https://inviv0.deviantart.com/art/Amsterdam-773944791</guid>
                <pubDate>Sat, 24 Nov 2018 10:55:44 PST</pubDate>
                        <media:title type="plain">Amsterdam</media:title>
        <media:keywords></media:keywords>
                        <media:rating>nonadult</media:rating>
                <media:category label="Exterior">photography/architecture/exterior</media:category>
        <media:credit role="author" scheme="urn:ebu">INVIV0</media:credit>
        <media:credit role="author" scheme="urn:ebu">https://a.deviantart.net/avatars/i/n/inviv0.jpg?4</media:credit>
        <media:copyright url="https://inviv0.deviantart.com">Copyright 2018-2019 INVIV0</media:copyright>            <media:description type="html"></media:description>            <media:thumbnail url="https://t00.deviantart.net/DYOWGWPZXMfDHuHjK3Zo3_6zGzk=/fit-in/150x150/filters:no_upscale():origin()/pre00/0839/th/pre/i/2018/328/9/f/amsterdam_by_inviv0-dcssbmf.jpg" height="111" width="150"/>            <media:thumbnail url="https://t00.deviantart.net/3OmDvJYKGLRb91QXKKAKc7pU0io=/fit-in/300x900/filters:no_upscale():origin()/pre00/0839/th/pre/i/2018/328/9/f/amsterdam_by_inviv0-dcssbmf.jpg" height="221" width="300"/>            <media:thumbnail url="https://t00.deviantart.net/-3XOy-f_InULuGxmbNLQS5ofGNo=/300x200/filters:fixed_height(100,100):origin()/pre00/0839/th/pre/i/2018/328/9/f/amsterdam_by_inviv0-dcssbmf.jpg" height="200" width="271"/>            <media:content url="https://img00.deviantart.net/2ff9/i/2018/328/9/f/amsterdam_by_inviv0-dcssbmf.jpg" height="589" width="800" medium="image"/>            
            <description>&lt;br /&gt;&lt;div&gt;&lt;img src=&quot;https://t00.deviantart.net/-3XOy-f_InULuGxmbNLQS5ofGNo=/300x200/filters:fixed_height(100,100):origin()/pre00/0839/th/pre/i/2018/328/9/f/amsterdam_by_inviv0-dcssbmf.jpg&quot; alt=&quot;thumbnail&quot; /&gt;&lt;/div&gt;</description>            </item>
                    <item>
                <title>St. Michaels Mount, Cornwall * SOLD *</title>
                <link>https://dominikgschwind.deviantart.com/art/St-Michaels-Mount-Cornwall-SOLD-753515716</link>
                <guid isPermaLink="true">https://dominikgschwind.deviantart.com/art/St-Michaels-Mount-Cornwall-SOLD-753515716</guid>
                <pubDate>Sun, 08 Jul 2018 08:51:07 PDT</pubDate>
                        <media:title type="plain">St. Michaels Mount, Cornwall * SOLD *</media:title>
        <media:keywords></media:keywords>
                        <media:rating>nonadult</media:rating>
                <media:category label="Landscapes &amp; Scenery">traditional/paintings/landscapes</media:category>
        <media:credit role="author" scheme="urn:ebu">dominikgschwind</media:credit>
        <media:credit role="author" scheme="urn:ebu">https://a.deviantart.net/avatars/d/o/dominikgschwind.jpg?2</media:credit>
        <media:copyright url="https://dominikgschwind.deviantart.com">Copyright 2018-2019 dominikgschwind</media:copyright>            <media:description type="html">Watercolour on 9x12&quot; Hahnenmuehle paper 450 gr.</media:description>            <media:thumbnail url="https://t00.deviantart.net/QKQl00iwR1a4ddi5D4I1W5URObo=/fit-in/150x150/filters:no_upscale():origin()/pre00/3243/th/pre/f/2018/235/b/a/st__michaels_mount__cornwall___sold___by_dominikgschwind-dcgmgg4.jpg" height="112" width="150"/>            <media:thumbnail url="https://t00.deviantart.net/Y7M9e37GlCt9WPzjEhjwy2eIRhE=/fit-in/300x900/filters:no_upscale():origin()/pre00/3243/th/pre/f/2018/235/b/a/st__michaels_mount__cornwall___sold___by_dominikgschwind-dcgmgg4.jpg" height="223" width="300"/>            <media:thumbnail url="https://t00.deviantart.net/IEFZDxCCfRMitopVHKuAlQgb97I=/300x200/filters:fixed_height(100,100):origin()/pre00/3243/th/pre/f/2018/235/b/a/st__michaels_mount__cornwall___sold___by_dominikgschwind-dcgmgg4.jpg" height="200" width="269"/>            <media:content url="https://pre00.deviantart.net/3243/th/pre/f/2018/235/b/a/st__michaels_mount__cornwall___sold___by_dominikgschwind-dcgmgg4.jpg" height="771" width="1036" medium="image"/>            
            <description>Watercolour on 9x12&quot; Hahnenmuehle paper 450 gr.&lt;br /&gt;&lt;div&gt;&lt;img src=&quot;https://t00.deviantart.net/IEFZDxCCfRMitopVHKuAlQgb97I=/300x200/filters:fixed_height(100,100):origin()/pre00/3243/th/pre/f/2018/235/b/a/st__michaels_mount__cornwall___sold___by_dominikgschwind-dcgmgg4.jpg&quot; alt=&quot;thumbnail&quot; /&gt;&lt;/div&gt;</description>            </item>
                    <item>
                <title>Golden castle</title>
                <link>https://nezariel.deviantart.com/art/Golden-castle-779526726</link>
                <guid isPermaLink="true">https://nezariel.deviantart.com/art/Golden-castle-779526726</guid>
                <pubDate>Thu, 03 Jan 2019 09:56:00 PST</pubDate>
                        <media:title type="plain">Golden castle</media:title>
        <media:keywords></media:keywords>
                        <media:rating>nonadult</media:rating>
                <media:category label="Landscapes &amp; Scenery">digitalart/paintings/landscapes</media:category>
        <media:credit role="author" scheme="urn:ebu">Nezariel</media:credit>
        <media:credit role="author" scheme="urn:ebu">https://a.deviantart.net/avatars/n/e/nezariel.jpg?3</media:credit>
        <media:copyright url="https://nezariel.deviantart.com">Copyright 2019 Nezariel</media:copyright>            <media:description type="html">&lt;span&gt;&lt;div&gt;&lt;div&gt;&lt;div&gt;&lt;span&gt;&lt;span&gt;Whoa, finally got to post this piece! &lt;/span&gt;&lt;/span&gt;&lt;span&gt;&lt;span&gt;&amp;#129497;&amp;#8205;&amp;#9794;&amp;#65039;&lt;/span&gt;&lt;/span&gt;&lt;/div&gt;&lt;/div&gt;&lt;div&gt;&lt;div&gt;&lt;span&gt;&lt;span&gt;I think i may have actually spent more than three months going on and off on this, I&#039;m so happy to put this in my portfolio now. What can i say tho, it was such a blast working on this, received lot of useful feedback from my art group as well, truly a learning experience!&lt;/span&gt;&lt;/span&gt;&lt;/div&gt;&lt;/div&gt;&lt;/div&gt;&lt;/span&gt;</media:description>            <media:thumbnail url="https://t00.deviantart.net/XpS8uRkRYwgZunLanSUUWdUvOMk=/fit-in/150x150/filters:no_upscale():origin()/pre00/5832/th/pre/i/2019/003/8/3/golden_castle_by_nezariel-dcw3yo6.png" height="91" width="150"/>            <media:thumbnail url="https://t00.deviantart.net/dFpei7UBPkgJvpB4xtDUd5NNnTI=/fit-in/300x900/filters:no_upscale():origin()/pre00/5832/th/pre/i/2019/003/8/3/golden_castle_by_nezariel-dcw3yo6.png" height="183" width="300"/>            <media:thumbnail url="https://t00.deviantart.net/Id6YUI80FeO9Vktsw5Gs0IHYkCo=/300x200/filters:fixed_height(100,100):origin()/pre00/5832/th/pre/i/2019/003/8/3/golden_castle_by_nezariel-dcw3yo6.png" height="183" width="300"/>            <media:content url="https://pre00.deviantart.net/5832/th/pre/i/2019/003/8/3/golden_castle_by_nezariel-dcw3yo6.png" height="698" width="1145" medium="image"/>            
            <description>&lt;span&gt;&lt;div&gt;&lt;div&gt;&lt;div&gt;&lt;span&gt;&lt;span&gt;Whoa, finally got to post this piece! &lt;/span&gt;&lt;/span&gt;&lt;span&gt;&lt;span&gt;&amp;#129497;&amp;#8205;&amp;#9794;&amp;#65039;&lt;/span&gt;&lt;/span&gt;&lt;/div&gt;&lt;/div&gt;&lt;div&gt;&lt;div&gt;&lt;span&gt;&lt;span&gt;I think i may have actually spent more than three months going on and off on this, I&#039;m so happy to put this in my portfolio now. What can i say tho, it was such a blast working on this, received lot of useful feedback from my art group as well, truly a learning experience!&lt;/span&gt;&lt;/span&gt;&lt;/div&gt;&lt;/div&gt;&lt;/div&gt;&lt;/span&gt;&lt;br /&gt;&lt;div&gt;&lt;img src=&quot;https://t00.deviantart.net/Id6YUI80FeO9Vktsw5Gs0IHYkCo=/300x200/filters:fixed_height(100,100):origin()/pre00/5832/th/pre/i/2019/003/8/3/golden_castle_by_nezariel-dcw3yo6.png&quot; alt=&quot;thumbnail&quot; /&gt;&lt;/div&gt;</description>            </item>
                    <item>
                <title>commission #4</title>
                <link>https://lucy-l7.deviantart.com/art/commission-4-654975106</link>
                <guid isPermaLink="true">https://lucy-l7.deviantart.com/art/commission-4-654975106</guid>
                <pubDate>Mon, 02 Jan 2017 09:48:19 PST</pubDate>
                        <media:title type="plain">commission #4</media:title>
        <media:keywords></media:keywords>
                        <media:rating>nonadult</media:rating>
                <media:category label="Portraits">digitalart/paintings/people/portraits</media:category>
        <media:credit role="author" scheme="urn:ebu">Lucy-L7</media:credit>
        <media:credit role="author" scheme="urn:ebu">https://a.deviantart.net/avatars/l/u/lucy-l7.jpg?4</media:credit>
        <media:copyright url="https://lucy-l7.deviantart.com">Copyright 2017-2019 Lucy-L7</media:copyright>            <media:description type="html">for&amp;nbsp;&lt;a href=&quot;http://bouswa.deviantart.com/&quot;&gt;Bouswa&lt;/a&gt;</media:description>            <media:thumbnail url="https://t00.deviantart.net/HY0tQe2fSzaZJXOFy0Rfq9L0dIs=/fit-in/150x150/filters:no_upscale():origin()/pre00/499c/th/pre/i/2017/002/9/9/commission__4_by_lucy_l7-datye0y.jpg" height="150" width="78"/>            <media:thumbnail url="https://t00.deviantart.net/wq_c9X9Utpgm5VHrP9mRXJIu4s0=/fit-in/300x900/filters:no_upscale():origin()/pre00/499c/th/pre/i/2017/002/9/9/commission__4_by_lucy_l7-datye0y.jpg" height="575" width="300"/>            <media:thumbnail url="https://t00.deviantart.net/W2GAKN4Afu2XBt4BMoX9PwwyLLs=/300x200/filters:fixed_height(100,100):origin()/pre00/499c/th/pre/i/2017/002/9/9/commission__4_by_lucy_l7-datye0y.jpg" height="200" width="104"/>            <media:content url="https://pre00.deviantart.net/499c/th/pre/i/2017/002/9/9/commission__4_by_lucy_l7-datye0y.jpg" height="1237" width="646" medium="image"/>            
            <description>for&amp;nbsp;&lt;a href=&quot;http://bouswa.deviantart.com/&quot;&gt;Bouswa&lt;/a&gt;&lt;br /&gt;&lt;div&gt;&lt;img src=&quot;https://t00.deviantart.net/W2GAKN4Afu2XBt4BMoX9PwwyLLs=/300x200/filters:fixed_height(100,100):origin()/pre00/499c/th/pre/i/2017/002/9/9/commission__4_by_lucy_l7-datye0y.jpg&quot; alt=&quot;thumbnail&quot; /&gt;&lt;/div&gt;</description>            </item>
                    <item>
                <title>Dance in Red</title>
                <link>https://junshiro.deviantart.com/art/Dance-in-Red-770744650</link>
                <guid isPermaLink="true">https://junshiro.deviantart.com/art/Dance-in-Red-770744650</guid>
                <pubDate>Thu, 01 Nov 2018 02:07:29 PDT</pubDate>
                        <media:title type="plain">Dance in Red</media:title>
        <media:keywords></media:keywords>
                        <media:rating>nonadult</media:rating>
                <media:category label="Paintings">manga/digital/paintings</media:category>
        <media:credit role="author" scheme="urn:ebu">Junshiro</media:credit>
        <media:credit role="author" scheme="urn:ebu">https://a.deviantart.net/avatars/j/u/junshiro.gif?11</media:credit>
        <media:copyright url="https://junshiro.deviantart.com">Copyright 2018-2019 Junshiro</media:copyright>            <media:description type="html">Spent a long time experimenting with lighting for this piece, it was fun! I still have a lot to learn from amazing artists that I admire &amp;gt;//////&amp;lt;&lt;br /&gt;&lt;br /&gt;Character and art belongs to me</media:description>            <media:thumbnail url="https://t00.deviantart.net/aVUeZ6RQ3u5FWaDxYwgXkc7KlGE=/fit-in/150x150/filters:no_upscale():origin()/pre00/16ca/th/pre/f/2018/305/a/4/a4dfea6d09abfaa97b0c7154321545f3-dcqvqdm.png" height="100" width="150"/>            <media:thumbnail url="https://t00.deviantart.net/YMM6ykeiVZV_0I_phrC4bCT1700=/fit-in/300x900/filters:no_upscale():origin()/pre00/16ca/th/pre/f/2018/305/a/4/a4dfea6d09abfaa97b0c7154321545f3-dcqvqdm.png" height="200" width="300"/>            <media:thumbnail url="https://t00.deviantart.net/ALBBndWyhNLCRvCQMLcNxCvRXl8=/300x200/filters:fixed_height(100,100):origin()/pre00/16ca/th/pre/f/2018/305/a/4/a4dfea6d09abfaa97b0c7154321545f3-dcqvqdm.png" height="200" width="300"/>            <media:content url="https://orig00.deviantart.net/3b08/f/2018/305/a/4/a4dfea6d09abfaa97b0c7154321545f3-dcqvqdm.png" height="667" width="1000" medium="image"/>            
            <description>Spent a long time experimenting with lighting for this piece, it was fun! I still have a lot to learn from amazing artists that I admire &amp;gt;//////&amp;lt;&lt;br /&gt;&lt;br /&gt;Character and art belongs to me&lt;br /&gt;&lt;div&gt;&lt;img src=&quot;https://t00.deviantart.net/ALBBndWyhNLCRvCQMLcNxCvRXl8=/300x200/filters:fixed_height(100,100):origin()/pre00/16ca/th/pre/f/2018/305/a/4/a4dfea6d09abfaa97b0c7154321545f3-dcqvqdm.png&quot; alt=&quot;thumbnail&quot; /&gt;&lt;/div&gt;</description>            </item>
                    <item>
                <title>Nebel von small moon version</title>
                <link>https://carchro.deviantart.com/art/Nebel-von-small-moon-version-765233232</link>
                <guid isPermaLink="true">https://carchro.deviantart.com/art/Nebel-von-small-moon-version-765233232</guid>
                <pubDate>Sun, 23 Sep 2018 12:41:11 PDT</pubDate>
                        <media:title type="plain">Nebel von small moon version</media:title>
        <media:keywords></media:keywords>
                        <media:rating>nonadult</media:rating>
                <media:category label="Space Art">digitalart/paintings/spaceart</media:category>
        <media:credit role="author" scheme="urn:ebu">carchro</media:credit>
        <media:credit role="author" scheme="urn:ebu">https://a.deviantart.net/avatars/c/a/carchro.gif?1</media:credit>
        <media:copyright url="https://carchro.deviantart.com">Copyright 2018-2019 carchro</media:copyright>            <media:description type="html"></media:description>            <media:thumbnail url="https://t00.deviantart.net/M0V3_kyqzYOwi8DK4EiIb9l0OyQ=/fit-in/150x150/filters:no_upscale():origin()/pre00/4398/th/pre/i/2018/280/6/2/nebel_von_small_moon_version_by_carchro-dcnllqo.jpg" height="87" width="150"/>            <media:thumbnail url="https://t00.deviantart.net/EihZ-BIajAfqSdHG7JUIS0Uw564=/fit-in/300x900/filters:no_upscale():origin()/pre00/4398/th/pre/i/2018/280/6/2/nebel_von_small_moon_version_by_carchro-dcnllqo.jpg" height="173" width="300"/>            <media:thumbnail url="https://t00.deviantart.net/pZSq4fJ8AXIZ5Tz5SpRs1CcV7cw=/300x200/filters:fixed_height(100,100):origin()/pre00/4398/th/pre/i/2018/280/6/2/nebel_von_small_moon_version_by_carchro-dcnllqo.jpg" height="173" width="300"/>            <media:content url="https://img00.deviantart.net/4afe/i/2018/280/6/2/nebel_von_small_moon_version_by_carchro-dcnllqo.jpg" height="592" width="1024" medium="image"/>            
            <description>&lt;br /&gt;&lt;div&gt;&lt;img src=&quot;https://t00.deviantart.net/pZSq4fJ8AXIZ5Tz5SpRs1CcV7cw=/300x200/filters:fixed_height(100,100):origin()/pre00/4398/th/pre/i/2018/280/6/2/nebel_von_small_moon_version_by_carchro-dcnllqo.jpg&quot; alt=&quot;thumbnail&quot; /&gt;&lt;/div&gt;</description>            </item>
                    <item>
                <title>Gilded Dragon Hide Purse (multiple views)</title>
                <link>https://bluejay2.deviantart.com/art/Gilded-Dragon-Hide-Purse-multiple-views-781694973</link>
                <guid isPermaLink="true">https://bluejay2.deviantart.com/art/Gilded-Dragon-Hide-Purse-multiple-views-781694973</guid>
                <pubDate>Fri, 18 Jan 2019 14:21:38 PST</pubDate>
                        <media:title type="plain">Gilded Dragon Hide Purse (multiple views)</media:title>
        <media:keywords></media:keywords>
                        <media:rating>nonadult</media:rating>
                <media:category label="Accessories">artisan/textiles/accessories</media:category>
        <media:credit role="author" scheme="urn:ebu">blueJAY2</media:credit>
        <media:credit role="author" scheme="urn:ebu">https://a.deviantart.net/avatars/b/l/bluejay2.jpg?10</media:credit>
        <media:copyright url="https://bluejay2.deviantart.com">Copyright 2019 blueJAY2</media:copyright>            <media:description type="html">Back in November I decided to make this &quot;dragon hide&quot; purse for myself as well as a simple black purse commission for a client as part of the DayKnight community&#039;s 30 day project challenge. While the commissioned purse went without a hitch, I experienced many technical issues during the construction of this purse. Anywho now that I&#039;ve finally finished both and updated the project website, it&#039;s sharing time! &lt;img src=&quot;https://e.deviantart.net/emoticons/b/biggrin.gif&quot; width=&quot;15&quot; height=&quot;15&quot; alt=&quot;:D&quot; data-embed-type=&quot;emoticon&quot; data-embed-id=&quot;366&quot; title=&quot;:D (Big Grin)&quot;/&gt; &lt;br /&gt;&lt;br /&gt;Both purses feature 3 pockets (1 zipped, and 2 open) inside along the interior lining. The exterior fabrics of both purses are also reinforced with vinyl for added strength and longevity. The vinyl that I used to reinforce the red scale pattern fabric on this purse was a bit floppier than expected, so I also glued some cardboard along the central panel inside the purse for added structure.&lt;br /&gt;&lt;br /&gt;Other photos related to this project:&lt;br /&gt;&lt;a href=&quot;https://www.deviantart.com/bluejay2/art/Gilded-Dragon-Hide-Purse-781685866&quot;&gt;www.deviantart.com/bluejay2/ar&amp;hellip;&lt;/a&gt;&lt;br /&gt;&lt;a href=&quot;https://www.deviantart.com/bluejay2/art/Gilded-Dragon-Hide-Purse-781701761&quot;&gt;www.deviantart.com/bluejay2/ar&amp;hellip;&lt;/a&gt;&lt;br /&gt;&lt;a href=&quot;https://www.deviantart.com/bluejay2/art/Black-Lace-Purse-Commission-781672592&quot;&gt;www.deviantart.com/bluejay2/ar&amp;hellip;&lt;/a&gt;&lt;br /&gt;&lt;a href=&quot;https://www.deviantart.com/bluejay2/art/Black-Lace-Purse-Commission-multiple-views-781675953&quot;&gt;www.deviantart.com/bluejay2/ar&amp;hellip;&lt;/a&gt;&lt;br /&gt;&lt;br /&gt;For more info and photos, feel free to check out my progress on both purses at the project website here: &lt;a class=&quot;external&quot; href=&quot;https://www.deviantart.com/users/outgoing?https://dk30.day9.tv/projects/431236405717499916-1542078940488?t=1547840068727&quot;&gt;dk30.day9.tv/projects/43123640&amp;hellip;&lt;/a&gt;&lt;br /&gt;&lt;br /&gt;And as always, feel free to check out my professional Facebook page here: &lt;a class=&quot;external&quot; href=&quot;https://www.deviantart.com/users/outgoing?https://www.facebook.com/jennyoungart/&quot;&gt;www.facebook.com/jennyoungart/&lt;/a&gt;&lt;br /&gt;Visitors are always welcome! &lt;img src=&quot;https://e.deviantart.net/emoticons/w/wave1.gif&quot; width=&quot;25&quot; height=&quot;20&quot; alt=&quot;:wave:&quot; data-embed-type=&quot;emoticon&quot; data-embed-id=&quot;437&quot; title=&quot;Hi!&quot;/&gt;</media:description>            <media:thumbnail url="https://t00.deviantart.net/3LaJeqivfq0-6C3QvV3xxWMyTE8=/fit-in/150x150/filters:no_upscale():origin()/pre00/f312/th/pre/f/2019/018/0/8/dragon_purse_compilation_2_by_bluejay2-dcxefp9.jpg" height="150" width="76"/>            <media:thumbnail url="https://t00.deviantart.net/4Kji3iEnT8tNQrLTQKE0eoZqsdA=/fit-in/300x900/filters:no_upscale():origin()/pre00/f312/th/pre/f/2019/018/0/8/dragon_purse_compilation_2_by_bluejay2-dcxefp9.jpg" height="592" width="300"/>            <media:thumbnail url="https://t00.deviantart.net/-PAhQ0bPTDdwY79DD6C2-3Jn7Sw=/300x200/filters:fixed_height(100,100):origin()/pre00/f312/th/pre/f/2019/018/0/8/dragon_purse_compilation_2_by_bluejay2-dcxefp9.jpg" height="200" width="101"/>            <media:content url="https://pre00.deviantart.net/f312/th/pre/f/2019/018/0/8/dragon_purse_compilation_2_by_bluejay2-dcxefp9.jpg" height="1256" width="636" medium="image"/>            
            <description>Back in November I decided to make this &quot;dragon hide&quot; purse for myself as well as a simple black purse commission for a client as part of the DayKnight community&#039;s 30 day project challenge. While the commissioned purse went without a hitch, I experienced many technical issues during the construction of this purse. Anywho now that I&#039;ve finally finished both and updated the project website, it&#039;s sharing time! &lt;img src=&quot;https://e.deviantart.net/emoticons/b/biggrin.gif&quot; width=&quot;15&quot; height=&quot;15&quot; alt=&quot;:D&quot; data-embed-type=&quot;emoticon&quot; data-embed-id=&quot;366&quot; title=&quot;:D (Big Grin)&quot;/&gt; &lt;br /&gt;&lt;br /&gt;Both purses feature 3 pockets (1 zipped, and 2 open) inside along the interior lining. The exterior fabrics of both purses are also reinforced with vinyl for added strength and longevity. The vinyl that I used to reinforce the red scale pattern fabric on this purse was a bit floppier than expected, so I also glued some cardboard along the central panel inside the purse for added structure.&lt;br /&gt;&lt;br /&gt;Other photos related to this project:&lt;br /&gt;&lt;a href=&quot;https://www.deviantart.com/bluejay2/art/Gilded-Dragon-Hide-Purse-781685866&quot;&gt;www.deviantart.com/bluejay2/ar&amp;hellip;&lt;/a&gt;&lt;br /&gt;&lt;a href=&quot;https://www.deviantart.com/bluejay2/art/Gilded-Dragon-Hide-Purse-781701761&quot;&gt;www.deviantart.com/bluejay2/ar&amp;hellip;&lt;/a&gt;&lt;br /&gt;&lt;a href=&quot;https://www.deviantart.com/bluejay2/art/Black-Lace-Purse-Commission-781672592&quot;&gt;www.deviantart.com/bluejay2/ar&amp;hellip;&lt;/a&gt;&lt;br /&gt;&lt;a href=&quot;https://www.deviantart.com/bluejay2/art/Black-Lace-Purse-Commission-multiple-views-781675953&quot;&gt;www.deviantart.com/bluejay2/ar&amp;hellip;&lt;/a&gt;&lt;br /&gt;&lt;br /&gt;For more info and photos, feel free to check out my progress on both purses at the project website here: &lt;a class=&quot;external&quot; href=&quot;https://www.deviantart.com/users/outgoing?https://dk30.day9.tv/projects/431236405717499916-1542078940488?t=1547840068727&quot;&gt;dk30.day9.tv/projects/43123640&amp;hellip;&lt;/a&gt;&lt;br /&gt;&lt;br /&gt;And as always, feel free to check out my professional Facebook page here: &lt;a class=&quot;external&quot; href=&quot;https://www.deviantart.com/users/outgoing?https://www.facebook.com/jennyoungart/&quot;&gt;www.facebook.com/jennyoungart/&lt;/a&gt;&lt;br /&gt;Visitors are always welcome! &lt;img src=&quot;https://e.deviantart.net/emoticons/w/wave1.gif&quot; width=&quot;25&quot; height=&quot;20&quot; alt=&quot;:wave:&quot; data-embed-type=&quot;emoticon&quot; data-embed-id=&quot;437&quot; title=&quot;Hi!&quot;/&gt;&lt;br /&gt;&lt;div&gt;&lt;img src=&quot;https://t00.deviantart.net/-PAhQ0bPTDdwY79DD6C2-3Jn7Sw=/300x200/filters:fixed_height(100,100):origin()/pre00/f312/th/pre/f/2019/018/0/8/dragon_purse_compilation_2_by_bluejay2-dcxefp9.jpg&quot; alt=&quot;thumbnail&quot; /&gt;&lt;/div&gt;</description>            </item>
                    <item>
                <title>Winter&#039;s Procession</title>
                <link>https://ldiehl.deviantart.com/art/Winter-s-Procession-782126886</link>
                <guid isPermaLink="true">https://ldiehl.deviantart.com/art/Winter-s-Procession-782126886</guid>
                <pubDate>Mon, 21 Jan 2019 09:29:18 PST</pubDate>
                        <media:title type="plain">Winter&#039;s Procession</media:title>
        <media:keywords></media:keywords>
                        <media:rating>nonadult</media:rating>
                <media:category label="Fantasy">digitalart/paintings/fantasy</media:category>
        <media:credit role="author" scheme="urn:ebu">ldiehl</media:credit>
        <media:credit role="author" scheme="urn:ebu">https://a.deviantart.net/avatars/l/d/ldiehl.jpg?8</media:credit>
        <media:copyright url="https://ldiehl.deviantart.com">Copyright 2019 ldiehl</media:copyright>
            <media:community>
                <media:tags>@LauraDiehl</media:tags>
            </media:community>            <media:description type="html">&lt;div&gt;&lt;em&gt;A young girl on pony-back stumbles upon a strange forest ritual. The trees themselves have come alive to wind solemnly through the wintry woodland. Her pony&#039;s bell sends out a nervous ring as they pause to regard her.&lt;/em&gt;&lt;/div&gt;&lt;div&gt;&lt;em&gt;&lt;br /&gt;&lt;/em&gt;&lt;/div&gt;&lt;div&gt;&lt;em&gt;Buy this print: &lt;a class=&quot;external&quot; href=&quot;https://www.deviantart.com/users/outgoing?https://www.etsy.com/listing/661940426/winters-procession-woodland-wall-art&quot;&gt;www.etsy.com/listing/661940426&amp;hellip;&lt;/a&gt;&lt;br /&gt;&lt;/em&gt;&lt;/div&gt;&lt;div&gt;&lt;em&gt;Follow this story on Patreon: &lt;a class=&quot;external&quot; href=&quot;https://www.deviantart.com/users/outgoing?https://www.patreon.com/lauradiehl&quot;&gt;www.patreon.com/lauradiehl&lt;/a&gt;&lt;br /&gt;&lt;/em&gt;&lt;/div&gt;</media:description>            <media:thumbnail url="https://t00.deviantart.net/LspUaGhdi7W7VR8q5axJydw2z9c=/fit-in/150x150/filters:no_upscale():origin()/pre00/11af/th/pre/i/2019/021/d/5/winter_s_procession_by_ldiehl-dcxnoyu.jpg" height="100" width="150"/>            <media:thumbnail url="https://t00.deviantart.net/XwyV_0uu7mmBSpQspCr_RX1ey_U=/fit-in/300x900/filters:no_upscale():origin()/pre00/11af/th/pre/i/2019/021/d/5/winter_s_procession_by_ldiehl-dcxnoyu.jpg" height="200" width="300"/>            <media:thumbnail url="https://t00.deviantart.net/nxKf8GyUeReBcY2TeArb8V8YJzE=/300x200/filters:fixed_height(100,100):origin()/pre00/11af/th/pre/i/2019/021/d/5/winter_s_procession_by_ldiehl-dcxnoyu.jpg" height="200" width="300"/>            <media:content url="https://pre00.deviantart.net/11af/th/pre/i/2019/021/d/5/winter_s_procession_by_ldiehl-dcxnoyu.jpg" height="730" width="1095" medium="image"/>            
            <description>&lt;div&gt;&lt;em&gt;A young girl on pony-back stumbles upon a strange forest ritual. The trees themselves have come alive to wind solemnly through the wintry woodland. Her pony&#039;s bell sends out a nervous ring as they pause to regard her.&lt;/em&gt;&lt;/div&gt;&lt;div&gt;&lt;em&gt;&lt;br /&gt;&lt;/em&gt;&lt;/div&gt;&lt;div&gt;&lt;em&gt;Buy this print: &lt;a class=&quot;external&quot; href=&quot;https://www.deviantart.com/users/outgoing?https://www.etsy.com/listing/661940426/winters-procession-woodland-wall-art&quot;&gt;www.etsy.com/listing/661940426&amp;hellip;&lt;/a&gt;&lt;br /&gt;&lt;/em&gt;&lt;/div&gt;&lt;div&gt;&lt;em&gt;Follow this story on Patreon: &lt;a class=&quot;external&quot; href=&quot;https://www.deviantart.com/users/outgoing?https://www.patreon.com/lauradiehl&quot;&gt;www.patreon.com/lauradiehl&lt;/a&gt;&lt;br /&gt;&lt;/em&gt;&lt;/div&gt;&lt;br /&gt;&lt;div&gt;&lt;img src=&quot;https://t00.deviantart.net/nxKf8GyUeReBcY2TeArb8V8YJzE=/300x200/filters:fixed_height(100,100):origin()/pre00/11af/th/pre/i/2019/021/d/5/winter_s_procession_by_ldiehl-dcxnoyu.jpg&quot; alt=&quot;thumbnail&quot; /&gt;&lt;/div&gt;</description>            </item>
                    <item>
                <title>Malthael The reaper of Soul from Diablo III</title>
                <link>https://sakuraflamme.deviantart.com/art/Malthael-The-reaper-of-Soul-from-Diablo-III-530159600</link>
                <guid isPermaLink="true">https://sakuraflamme.deviantart.com/art/Malthael-The-reaper-of-Soul-from-Diablo-III-530159600</guid>
                <pubDate>Thu, 30 Apr 2015 13:30:10 PDT</pubDate>
                        <media:title type="plain">Malthael The reaper of Soul from Diablo III</media:title>
        <media:keywords></media:keywords>
                        <media:rating>nonadult</media:rating>
                <media:category label="Cosplay &amp; Role-Playing">artisan/costumes/costumes/cosplay</media:category>
        <media:credit role="author" scheme="urn:ebu">SakuraFlamme</media:credit>
        <media:credit role="author" scheme="urn:ebu">https://a.deviantart.net/avatars/s/a/sakuraflamme.jpg?3</media:credit>
        <media:copyright url="https://sakuraflamme.deviantart.com">Copyright 2015-2019 SakuraFlamme</media:copyright>            <media:description type="html">my page:&amp;nbsp;&lt;a class=&quot;external&quot; href=&quot;https://www.deviantart.com/users/outgoing?https://www.facebook.com/sakuraflame.cosplays&quot;&gt;www.facebook.com/sakuraflame.c&amp;hellip;&lt;/a&gt;&lt;br /&gt;photo by cubeshoot:&amp;nbsp;&lt;a class=&quot;external&quot; href=&quot;https://www.deviantart.com/users/outgoing?https://www.facebook.com/cube.shoot&quot;&gt;www.facebook.com/cube.shoot&lt;/a&gt;</media:description>            <media:thumbnail url="https://t00.deviantart.net/sGabKW54xgI3dHXxDHdgOQPM9dA=/fit-in/150x150/filters:no_upscale():origin()/pre00/b972/th/pre/i/2015/120/b/1/malthael_the_reaper_of_soul_from_diablo_iii_by_sakuraflamme-d8rn5rk.jpg" height="100" width="150"/>            <media:thumbnail url="https://t00.deviantart.net/9Hdprzan1al-8xqECYXND0xNaV0=/fit-in/300x900/filters:no_upscale():origin()/pre00/b972/th/pre/i/2015/120/b/1/malthael_the_reaper_of_soul_from_diablo_iii_by_sakuraflamme-d8rn5rk.jpg" height="199" width="300"/>            <media:thumbnail url="https://t00.deviantart.net/Bka-we7K-xdZpSFaz4nRMs7ehS4=/300x200/filters:fixed_height(100,100):origin()/pre00/b972/th/pre/i/2015/120/b/1/malthael_the_reaper_of_soul_from_diablo_iii_by_sakuraflamme-d8rn5rk.jpg" height="199" width="300"/>            <media:content url="https://img00.deviantart.net/29a3/i/2015/120/b/1/malthael_the_reaper_of_soul_from_diablo_iii_by_sakuraflamme-d8rn5rk.jpg" height="680" width="1024" medium="image"/>            
            <description>my page:&amp;nbsp;&lt;a class=&quot;external&quot; href=&quot;https://www.deviantart.com/users/outgoing?https://www.facebook.com/sakuraflame.cosplays&quot;&gt;www.facebook.com/sakuraflame.c&amp;hellip;&lt;/a&gt;&lt;br /&gt;photo by cubeshoot:&amp;nbsp;&lt;a class=&quot;external&quot; href=&quot;https://www.deviantart.com/users/outgoing?https://www.facebook.com/cube.shoot&quot;&gt;www.facebook.com/cube.shoot&lt;/a&gt;&lt;br /&gt;&lt;div&gt;&lt;img src=&quot;https://t00.deviantart.net/Bka-we7K-xdZpSFaz4nRMs7ehS4=/300x200/filters:fixed_height(100,100):origin()/pre00/b972/th/pre/i/2015/120/b/1/malthael_the_reaper_of_soul_from_diablo_iii_by_sakuraflamme-d8rn5rk.jpg&quot; alt=&quot;thumbnail&quot; /&gt;&lt;/div&gt;</description>            </item>
                    <item>
                <title>Rising Sand tribute - Ro</title>
                <link>https://nuclearpasta.deviantart.com/art/Rising-Sand-tribute-Ro-767875410</link>
                <guid isPermaLink="true">https://nuclearpasta.deviantart.com/art/Rising-Sand-tribute-Ro-767875410</guid>
                <pubDate>Thu, 11 Oct 2018 10:45:25 PDT</pubDate>
                        <media:title type="plain">Rising Sand tribute - Ro</media:title>
        <media:keywords></media:keywords>
                        <media:rating>nonadult</media:rating>
                <media:category label="Books &amp; Novels">fanart/cartoons/digital/books</media:category>
        <media:credit role="author" scheme="urn:ebu">Nuclearpasta</media:credit>
        <media:credit role="author" scheme="urn:ebu">https://a.deviantart.net/avatars/n/u/nuclearpasta.jpg?4</media:credit>
        <media:copyright url="https://nuclearpasta.deviantart.com">Copyright 2018-2019 Nuclearpasta</media:copyright>            <media:description type="html">&lt;div&gt;&lt;div&gt;&lt;div&gt;&lt;div&gt;&lt;div&gt;&lt;div&gt;&lt;h5&gt;&lt;br /&gt;&lt;/h5&gt;&lt;/div&gt;&lt;/div&gt;&lt;/div&gt;&lt;/div&gt;&lt;/div&gt;&lt;/div&gt;&lt;div&gt;&lt;p&gt;Finally I can share with you my little contribution to &lt;a class=&quot;external&quot; href=&quot;https://www.deviantart.com/users/outgoing?http://risingsand.glass&quot;&gt;Rising Sand&lt;/a&gt;, webcomic extraordinaire!&lt;br /&gt;Ty and Jenn have launched a kickstarter campaign to print the book. Check it out if you want a physical copy:&amp;nbsp;&lt;a href=&quot;https://www.deviantart.com/users/outgoing?https://www.kickstarter.com/projects/1374316478/rising-sand-volume-one&quot;&gt;&lt;a class=&quot;external&quot; href=&quot;https://www.deviantart.com/users/outgoing?https://www.kickstarter.com/&amp;#8230;/137431&amp;#8230;/rising-sand-volume-one&quot;&gt;www.kickstarter.com/&amp;#8230;/13&amp;hellip;&lt;/a&gt;&lt;/a&gt;&lt;/p&gt;&lt;/div&gt;</media:description>            <media:thumbnail url="https://t00.deviantart.net/HduJSQ5W2vkHW60d5nSaYbqhr0E=/fit-in/150x150/filters:no_upscale():origin()/pre00/0438/th/pre/f/2018/284/e/b/rising_sand_tribute___ro_by_nuclearpasta-dcp68gi.jpg" height="150" width="148"/>            <media:thumbnail url="https://t00.deviantart.net/S7r7sp_7ON5ykI9mnNTOUVB17aM=/fit-in/300x900/filters:no_upscale():origin()/pre00/0438/th/pre/f/2018/284/e/b/rising_sand_tribute___ro_by_nuclearpasta-dcp68gi.jpg" height="303" width="300"/>            <media:thumbnail url="https://t00.deviantart.net/QG_EUK03Mv-kVGErPdW5yDpmC4k=/300x200/filters:fixed_height(100,100):origin()/pre00/0438/th/pre/f/2018/284/e/b/rising_sand_tribute___ro_by_nuclearpasta-dcp68gi.jpg" height="200" width="198"/>            <media:content url="https://pre00.deviantart.net/0438/th/pre/f/2018/284/e/b/rising_sand_tribute___ro_by_nuclearpasta-dcp68gi.jpg" height="898" width="889" medium="image"/>            
            <description>&lt;div&gt;&lt;div&gt;&lt;div&gt;&lt;div&gt;&lt;div&gt;&lt;div&gt;&lt;h5&gt;&lt;br /&gt;&lt;/h5&gt;&lt;/div&gt;&lt;/div&gt;&lt;/div&gt;&lt;/div&gt;&lt;/div&gt;&lt;/div&gt;&lt;div&gt;&lt;p&gt;Finally I can share with you my little contribution to &lt;a class=&quot;external&quot; href=&quot;https://www.deviantart.com/users/outgoing?http://risingsand.glass&quot;&gt;Rising Sand&lt;/a&gt;, webcomic extraordinaire!&lt;br /&gt;Ty and Jenn have launched a kickstarter campaign to print the book. Check it out if you want a physical copy:&amp;nbsp;&lt;a href=&quot;https://www.deviantart.com/users/outgoing?https://www.kickstarter.com/projects/1374316478/rising-sand-volume-one&quot;&gt;&lt;a class=&quot;external&quot; href=&quot;https://www.deviantart.com/users/outgoing?https://www.kickstarter.com/&amp;#8230;/137431&amp;#8230;/rising-sand-volume-one&quot;&gt;www.kickstarter.com/&amp;#8230;/13&amp;hellip;&lt;/a&gt;&lt;/a&gt;&lt;/p&gt;&lt;/div&gt;&lt;br /&gt;&lt;div&gt;&lt;img src=&quot;https://t00.deviantart.net/QG_EUK03Mv-kVGErPdW5yDpmC4k=/300x200/filters:fixed_height(100,100):origin()/pre00/0438/th/pre/f/2018/284/e/b/rising_sand_tribute___ro_by_nuclearpasta-dcp68gi.jpg&quot; alt=&quot;thumbnail&quot; /&gt;&lt;/div&gt;</description>            </item>
            </channel>
</rss>