<?xml version="1.0" encoding="utf-8"?>
<rss version="2.0" xmlns:media="http://search.yahoo.com/mrss/" xmlns:atom="http://www.w3.org/2005/Atom" xmlns:creativeCommons="http://backend.userland.com/creativeCommonsRssModule">
    <channel>
        <title>DeviantArt: Newest</title>
        <link>https://www.deviantart.com/newest/</link>
        <description>DeviantArt RSS for Newest</description>
        <language>en-us</language>
        <copyright>Copyright 2019, DeviantArt.com</copyright>
        <pubDate>Sun, 20 Jan 2019 00:45:40 PST</pubDate>

        <generator>DeviantArt.com</generator>
        <docs>http://blogs.law.harvard.edu/tech/rss</docs>
        <atom:icon>https://st.deviantart.net/minish/touch-icons/android-192.png</atom:icon>
        <atom:link type="application/rss+xml" rel="self" href="https://backend.deviantart.com/rss.xml?type=deviation&amp;order=5" />
        <atom:link rel="next" href="https://backend.deviantart.com/rss.xml?type=deviation&amp;order=5&amp;offset=60" />
        <item>
            <title>Sunset Shimmer #7</title>
            <link>https://suramii.deviantart.com/art/Sunset-Shimmer-7-781920582</link>
            <guid isPermaLink="true">https://suramii.deviantart.com/art/Sunset-Shimmer-7-781920582</guid>
            <pubDate>Sun, 20 Jan 2019 00:45:39 PST</pubDate>
            <media:title type="plain">Sunset Shimmer #7</media:title>
            <media:keywords></media:keywords>
            <media:rating>nonadult</media:rating>
            <media:category label="Vector">cartoons/digital/cartoons/vector</media:category>
            <media:credit role="author" scheme="urn:ebu">Suramii</media:credit>
            <media:credit role="author" scheme="urn:ebu">https://a.deviantart.net/avatars/s/u/suramii.png?11</media:credit>
            <media:copyright url="https://suramii.deviantart.com">Copyright 2019 Suramii</media:copyright>            <media:description type="html">&lt;b&gt;&lt;a target=&quot;_self&quot; href=&quot;https://www.deviantart.com/madewithinkscape1plz&quot; &gt;&lt;img class=&quot;avatar&quot; width=&quot;50&quot; height=&quot;50&quot; src=&quot;https://a.deviantart.net/avatars/m/a/madewithinkscape1plz.png?1&quot; alt=&quot;:iconmadewithinkscape1plz:&quot; title=&quot;MadeWithInkscape1plz&quot; /&gt;&lt;/a&gt;&lt;a target=&quot;_self&quot; href=&quot;https://www.deviantart.com/madewithinkscape2plz&quot; &gt;&lt;img class=&quot;avatar&quot; width=&quot;50&quot; height=&quot;50&quot; src=&quot;https://a.deviantart.net/avatars/m/a/madewithinkscape2plz.png?1&quot; alt=&quot;:iconmadewithinkscape2plz:&quot; title=&quot;MadeWithInkscape2plz&quot; /&gt;&lt;/a&gt;&lt;a target=&quot;_self&quot; href=&quot;https://www.deviantart.com/madewithinkscape3plz&quot; &gt;&lt;img class=&quot;avatar&quot; width=&quot;50&quot; height=&quot;50&quot; src=&quot;https://a.deviantart.net/avatars/m/a/madewithinkscape3plz.png?1&quot; alt=&quot;:iconmadewithinkscape3plz:&quot; title=&quot;MadeWithInkscape3plz&quot; /&gt;&lt;/a&gt;&lt;a target=&quot;_self&quot; href=&quot;https://www.deviantart.com/madewithinkscape4plz&quot; &gt;&lt;img class=&quot;avatar&quot; width=&quot;50&quot; height=&quot;50&quot; src=&quot;https://a.deviantart.net/avatars/m/a/madewithinkscape4plz.png?1&quot; alt=&quot;:iconmadewithinkscape4plz:&quot; title=&quot;MadeWithInkscape4plz&quot; /&gt;&lt;/a&gt;&lt;/b&gt;&lt;br /&gt;&lt;a target=&quot;_self&quot; href=&quot;https://www.deviantart.com/youareplz&quot; &gt;&lt;img class=&quot;avatar&quot; width=&quot;50&quot; height=&quot;50&quot; src=&quot;https://a.deviantart.net/avatars/y/o/youareplz.png?4&quot; alt=&quot;:iconyouareplz:&quot; title=&quot;YouArePlz&quot; /&gt;&lt;/a&gt;&lt;a target=&quot;_self&quot; href=&quot;https://www.deviantart.com/allowedplz&quot; &gt;&lt;img class=&quot;avatar&quot; width=&quot;50&quot; height=&quot;50&quot; src=&quot;https://a.deviantart.net/avatars/a/l/allowedplz.png?3&quot; alt=&quot;:iconallowedplz:&quot; title=&quot;AllowedPlz&quot; /&gt;&lt;/a&gt;&lt;br /&gt;&lt;hr/&gt;&lt;br /&gt;&lt;b&gt;MLP:FiM belongs to&lt;/b&gt; &lt;a target=&quot;_self&quot; href=&quot;https://www.deviantart.com/hasbroplz&quot; &gt;&lt;img class=&quot;avatar&quot; width=&quot;50&quot; height=&quot;50&quot; src=&quot;https://a.deviantart.net/avatars/h/a/hasbroplz.jpg?2&quot; alt=&quot;:iconhasbroplz:&quot; title=&quot;hasbroplz&quot; /&gt;&lt;/a&gt; &lt;b&gt;and&lt;/b&gt; &lt;a target=&quot;_self&quot; href=&quot;https://www.deviantart.com/fyre-flye&quot; &gt;&lt;img class=&quot;avatar&quot; width=&quot;50&quot; height=&quot;50&quot; src=&quot;https://a.deviantart.net/avatars/f/y/fyre-flye.gif?1&quot; alt=&quot;:iconfyre-flye:&quot; title=&quot;fyre-flye&quot; /&gt;&lt;/a&gt;</media:description>            <media:thumbnail url="https://t00.deviantart.net/JoguhWltfpt2gkQYYTcs0XENR3o=/fit-in/150x150/filters:no_upscale():origin()/pre00/83d1/th/pre/f/2019/020/9/3/sunset_shimmer__7_by_suramii-dcxj9s6.png" height="150" width="135"/>            <media:thumbnail url="https://t00.deviantart.net/yeNiCtWyBwOjYBJ09XJc7gTZCN8=/fit-in/300x900/filters:no_upscale():origin()/pre00/83d1/th/pre/f/2019/020/9/3/sunset_shimmer__7_by_suramii-dcxj9s6.png" height="334" width="300"/>            <media:thumbnail url="https://t00.deviantart.net/S8lVWzWTEqrI9KEmuL9qw-HgZAI=/300x200/filters:fixed_height(100,100):origin()/pre00/83d1/th/pre/f/2019/020/9/3/sunset_shimmer__7_by_suramii-dcxj9s6.png" height="200" width="180"/>            <media:content url="https://pre00.deviantart.net/83d1/th/pre/f/2019/020/9/3/sunset_shimmer__7_by_suramii-dcxj9s6.png" height="943" width="848" medium="image"/>
            <description>&lt;b&gt;&lt;a target=&quot;_self&quot; href=&quot;https://www.deviantart.com/madewithinkscape1plz&quot; &gt;&lt;img class=&quot;avatar&quot; width=&quot;50&quot; height=&quot;50&quot; src=&quot;https://a.deviantart.net/avatars/m/a/madewithinkscape1plz.png?1&quot; alt=&quot;:iconmadewithinkscape1plz:&quot; title=&quot;MadeWithInkscape1plz&quot; /&gt;&lt;/a&gt;&lt;a target=&quot;_self&quot; href=&quot;https://www.deviantart.com/madewithinkscape2plz&quot; &gt;&lt;img class=&quot;avatar&quot; width=&quot;50&quot; height=&quot;50&quot; src=&quot;https://a.deviantart.net/avatars/m/a/madewithinkscape2plz.png?1&quot; alt=&quot;:iconmadewithinkscape2plz:&quot; title=&quot;MadeWithInkscape2plz&quot; /&gt;&lt;/a&gt;&lt;a target=&quot;_self&quot; href=&quot;https://www.deviantart.com/madewithinkscape3plz&quot; &gt;&lt;img class=&quot;avatar&quot; width=&quot;50&quot; height=&quot;50&quot; src=&quot;https://a.deviantart.net/avatars/m/a/madewithinkscape3plz.png?1&quot; alt=&quot;:iconmadewithinkscape3plz:&quot; title=&quot;MadeWithInkscape3plz&quot; /&gt;&lt;/a&gt;&lt;a target=&quot;_self&quot; href=&quot;https://www.deviantart.com/madewithinkscape4plz&quot; &gt;&lt;img class=&quot;avatar&quot; width=&quot;50&quot; height=&quot;50&quot; src=&quot;https://a.deviantart.net/avatars/m/a/madewithinkscape4plz.png?1&quot; alt=&quot;:iconmadewithinkscape4plz:&quot; title=&quot;MadeWithInkscape4plz&quot; /&gt;&lt;/a&gt;&lt;/b&gt;&lt;br /&gt;&lt;a target=&quot;_self&quot; href=&quot;https://www.deviantart.com/youareplz&quot; &gt;&lt;img class=&quot;avatar&quot; width=&quot;50&quot; height=&quot;50&quot; src=&quot;https://a.deviantart.net/avatars/y/o/youareplz.png?4&quot; alt=&quot;:iconyouareplz:&quot; title=&quot;YouArePlz&quot; /&gt;&lt;/a&gt;&lt;a target=&quot;_self&quot; href=&quot;https://www.deviantart.com/allowedplz&quot; &gt;&lt;img class=&quot;avatar&quot; width=&quot;50&quot; height=&quot;50&quot; src=&quot;https://a.deviantart.net/avatars/a/l/allowedplz.png?3&quot; alt=&quot;:iconallowedplz:&quot; title=&quot;AllowedPlz&quot; /&gt;&lt;/a&gt;&lt;br /&gt;&lt;hr/&gt;&lt;br /&gt;&lt;b&gt;MLP:FiM belongs to&lt;/b&gt; &lt;a target=&quot;_self&quot; href=&quot;https://www.deviantart.com/hasbroplz&quot; &gt;&lt;img class=&quot;avatar&quot; width=&quot;50&quot; height=&quot;50&quot; src=&quot;https://a.deviantart.net/avatars/h/a/hasbroplz.jpg?2&quot; alt=&quot;:iconhasbroplz:&quot; title=&quot;hasbroplz&quot; /&gt;&lt;/a&gt; &lt;b&gt;and&lt;/b&gt; &lt;a target=&quot;_self&quot; href=&quot;https://www.deviantart.com/fyre-flye&quot; &gt;&lt;img class=&quot;avatar&quot; width=&quot;50&quot; height=&quot;50&quot; src=&quot;https://a.deviantart.net/avatars/f/y/fyre-flye.gif?1&quot; alt=&quot;:iconfyre-flye:&quot; title=&quot;fyre-flye&quot; /&gt;&lt;/a&gt;&lt;br /&gt;&lt;div&gt;&lt;img src=&quot;https://t00.deviantart.net/S8lVWzWTEqrI9KEmuL9qw-HgZAI=/300x200/filters:fixed_height(100,100):origin()/pre00/83d1/th/pre/f/2019/020/9/3/sunset_shimmer__7_by_suramii-dcxj9s6.png&quot; alt=&quot;thumbnail&quot; /&gt;&lt;/div&gt;</description>            </item>
        <item>
            <title>my oc echo</title>
            <link>https://echochii12.deviantart.com/art/my-oc-echo-781920704</link>
            <guid isPermaLink="true">https://echochii12.deviantart.com/art/my-oc-echo-781920704</guid>
            <pubDate>Sun, 20 Jan 2019 00:45:38 PST</pubDate>
            <media:title type="plain">my oc echo</media:title>
            <media:keywords></media:keywords>
            <media:rating>nonadult</media:rating>
            <media:category label="Other">digitalart/paintings/other</media:category>
            <media:credit role="author" scheme="urn:ebu">echochii12</media:credit>
            <media:credit role="author" scheme="urn:ebu">https://a.deviantart.net/avatars/e/c/echochii12.jpg?3</media:credit>
            <media:copyright url="https://echochii12.deviantart.com">Copyright 2019 echochii12</media:copyright>            <media:description type="html"></media:description>            <media:thumbnail url="https://t00.deviantart.net/faq6tg_QgX-PAnR7AWlFgbWV_Y8=/fit-in/150x150/filters:no_upscale():origin()/pre00/da34/th/pre/i/2019/020/c/6/my_oc_echo_by_echochii12-dcxj9vk.jpg" height="150" width="150"/>            <media:thumbnail url="https://t00.deviantart.net/caWwhgM97JzY5fak7eheZMSvifI=/fit-in/300x900/filters:no_upscale():origin()/pre00/da34/th/pre/i/2019/020/c/6/my_oc_echo_by_echochii12-dcxj9vk.jpg" height="300" width="300"/>            <media:thumbnail url="https://t00.deviantart.net/8TPPeMPT6HWq2Iy08mV9FxFd93U=/300x200/filters:fixed_height(100,100):origin()/pre00/da34/th/pre/i/2019/020/c/6/my_oc_echo_by_echochii12-dcxj9vk.jpg" height="200" width="200"/>            <media:content url="https://img00.deviantart.net/9e8e/i/2019/020/c/6/my_oc_echo_by_echochii12-dcxj9vk.jpg" height="600" width="600" medium="image"/>
            <description>&lt;br /&gt;&lt;div&gt;&lt;img src=&quot;https://t00.deviantart.net/8TPPeMPT6HWq2Iy08mV9FxFd93U=/300x200/filters:fixed_height(100,100):origin()/pre00/da34/th/pre/i/2019/020/c/6/my_oc_echo_by_echochii12-dcxj9vk.jpg&quot; alt=&quot;thumbnail&quot; /&gt;&lt;/div&gt;</description>            </item>
        <item>
            <title>OldPhoto</title>
            <link>https://airbagaccident.deviantart.com/art/OldPhoto-781920513</link>
            <guid isPermaLink="true">https://airbagaccident.deviantart.com/art/OldPhoto-781920513</guid>
            <pubDate>Sun, 20 Jan 2019 00:45:30 PST</pubDate>
            <media:title type="plain">OldPhoto</media:title>
            <media:keywords></media:keywords>
            <media:rating>adult</media:rating>
            <media:category label="Expressive">photography/people/expressive</media:category>
            <media:credit role="author" scheme="urn:ebu">airbagaccident</media:credit>
            <media:credit role="author" scheme="urn:ebu">https://a.deviantart.net/avatars/a/i/airbagaccident.jpg?6</media:credit>
            <media:copyright url="https://airbagaccident.deviantart.com">Copyright 2019 airbagaccident</media:copyright>            <media:description type="html"></media:description>            <media:thumbnail url="https://t00.deviantart.net/uS8BUJ8vzeqqq0WtrwyVmddjWKs=/fit-in/150x150/filters:no_upscale():origin()/pre00/de35/th/pre/f/2019/020/3/8/oldphoto_by_airbagaccident-dcxj9q9.jpg" height="150" width="83"/>            <media:thumbnail url="https://t00.deviantart.net/lH08dCsFDqODPgUWf3RDfXPEJ_s=/fit-in/300x900/filters:no_upscale():origin()/pre00/de35/th/pre/f/2019/020/3/8/oldphoto_by_airbagaccident-dcxj9q9.jpg" height="540" width="300"/>            <media:thumbnail url="https://t00.deviantart.net/DrP0PqzlGU82aee4X057ciNZMh4=/300x200/filters:fixed_height(100,100):origin()/pre00/de35/th/pre/f/2019/020/3/8/oldphoto_by_airbagaccident-dcxj9q9.jpg" height="200" width="111"/>            <media:content url="https://pre00.deviantart.net/de35/th/pre/f/2019/020/3/8/oldphoto_by_airbagaccident-dcxj9q9.jpg" height="1200" width="666" medium="image"/>
            <description>&lt;br /&gt;&lt;div&gt;&lt;img src=&quot;https://t00.deviantart.net/DrP0PqzlGU82aee4X057ciNZMh4=/300x200/filters:fixed_height(100,100):origin()/pre00/de35/th/pre/f/2019/020/3/8/oldphoto_by_airbagaccident-dcxj9q9.jpg&quot; alt=&quot;thumbnail&quot; /&gt;&lt;/div&gt;</description>            </item>
        <item>
            <title>Just You and Me</title>
            <link>https://heserpenty.deviantart.com/art/Just-You-and-Me-781920382</link>
            <guid isPermaLink="true">https://heserpenty.deviantart.com/art/Just-You-and-Me-781920382</guid>
            <pubDate>Sun, 20 Jan 2019 00:45:28 PST</pubDate>
            <media:title type="plain">Just You and Me</media:title>
            <media:keywords></media:keywords>
            <media:rating>nonadult</media:rating>
            <media:category label="Drawings">cartoons/digital/cartoons/drawings</media:category>
            <media:credit role="author" scheme="urn:ebu">HeSerpenty</media:credit>
            <media:credit role="author" scheme="urn:ebu">https://a.deviantart.net/avatars/h/e/heserpenty.jpg?7</media:credit>
            <media:copyright url="https://heserpenty.deviantart.com">Copyright 2019 HeSerpenty</media:copyright>            <media:description type="html">&lt;a href=&quot;https://www.deviantart.com/heserpenty/art/Joanelle-764771654&quot;&gt;Joanelle&lt;/a&gt; and her horse companion (and very best friend), &lt;a href=&quot;https://www.deviantart.com/aliciamuhm/art/Albion-762141053&quot;&gt;Albion&lt;/a&gt; (LOL read description or link won&#039;t make sense X&quot;D).&lt;br /&gt;&lt;br /&gt;I&#039;m trying to play with brushes and shading and stuff. Figure out if I can change my ways. It&#039;s a struggle X&quot;D</media:description>            <media:thumbnail url="https://t00.deviantart.net/sSlSaYiYqaKeHwAXmtVySa7JljI=/fit-in/150x150/filters:no_upscale():origin()/pre00/d93b/th/pre/f/2019/020/e/1/e19d84bae956378dc3978f9834780448-dcxj9mm.png" height="150" width="111"/>            <media:thumbnail url="https://t00.deviantart.net/OIcZFwwSxXDIdcmMN-1fwWoMRU0=/fit-in/300x900/filters:no_upscale():origin()/pre00/d93b/th/pre/f/2019/020/e/1/e19d84bae956378dc3978f9834780448-dcxj9mm.png" height="405" width="300"/>            <media:thumbnail url="https://t00.deviantart.net/RC9ef0EmBVfyOtL4HMad3H7TWQE=/300x200/filters:fixed_height(100,100):origin()/pre00/d93b/th/pre/f/2019/020/e/1/e19d84bae956378dc3978f9834780448-dcxj9mm.png" height="200" width="148"/>            <media:content url="https://pre00.deviantart.net/d93b/th/pre/f/2019/020/e/1/e19d84bae956378dc3978f9834780448-dcxj9mm.png" height="1039" width="769" medium="image"/>
            <description>&lt;a href=&quot;https://www.deviantart.com/heserpenty/art/Joanelle-764771654&quot;&gt;Joanelle&lt;/a&gt; and her horse companion (and very best friend), &lt;a href=&quot;https://www.deviantart.com/aliciamuhm/art/Albion-762141053&quot;&gt;Albion&lt;/a&gt; (LOL read description or link won&#039;t make sense X&quot;D).&lt;br /&gt;&lt;br /&gt;I&#039;m trying to play with brushes and shading and stuff. Figure out if I can change my ways. It&#039;s a struggle X&quot;D&lt;br /&gt;&lt;div&gt;&lt;img src=&quot;https://t00.deviantart.net/RC9ef0EmBVfyOtL4HMad3H7TWQE=/300x200/filters:fixed_height(100,100):origin()/pre00/d93b/th/pre/f/2019/020/e/1/e19d84bae956378dc3978f9834780448-dcxj9mm.png&quot; alt=&quot;thumbnail&quot; /&gt;&lt;/div&gt;</description>            </item>
        <item>
            <title>Cherry and Vivian&#039;s Date Outfits</title>
            <link>https://ocmakerforlife121805.deviantart.com/art/Cherry-and-Vivian-s-Date-Outfits-781920666</link>
            <guid isPermaLink="true">https://ocmakerforlife121805.deviantart.com/art/Cherry-and-Vivian-s-Date-Outfits-781920666</guid>
            <pubDate>Sun, 20 Jan 2019 00:45:27 PST</pubDate>
            <media:title type="plain">Cherry and Vivian&#039;s Date Outfits</media:title>
            <media:keywords></media:keywords>
            <media:rating>nonadult</media:rating>
            <media:category label="Other">cartoons/digital/cartoons/other</media:category>
            <media:credit role="author" scheme="urn:ebu">OCMakerForLife121805</media:credit>
            <media:credit role="author" scheme="urn:ebu">https://a.deviantart.net/avatars/o/c/ocmakerforlife121805.png?1</media:credit>
            <media:copyright url="https://ocmakerforlife121805.deviantart.com">Copyright 2019 OCMakerForLife121805</media:copyright>            <media:description type="html"></media:description>            <media:thumbnail url="https://t00.deviantart.net/QCx_ZC1FlMW0fU6npc-dMzfiY0E=/fit-in/150x150/filters:no_upscale():origin()/pre00/8572/th/pre/f/2019/020/6/5/cherry_and_vivian_s_date_outfits_by_ocmakerforlife121805-dcxj9ui.jpg" height="150" width="118"/>            <media:thumbnail url="https://t00.deviantart.net/tUBbbsCN_DmRx36qGdnCkWj6D5I=/fit-in/300x900/filters:no_upscale():origin()/pre00/8572/th/pre/f/2019/020/6/5/cherry_and_vivian_s_date_outfits_by_ocmakerforlife121805-dcxj9ui.jpg" height="382" width="300"/>            <media:thumbnail url="https://t00.deviantart.net/pbl3qgdzeuZszNMo1zepCxEOpAs=/300x200/filters:fixed_height(100,100):origin()/pre00/8572/th/pre/f/2019/020/6/5/cherry_and_vivian_s_date_outfits_by_ocmakerforlife121805-dcxj9ui.jpg" height="200" width="157"/>            <media:content url="https://orig00.deviantart.net/d2c8/f/2019/020/6/5/cherry_and_vivian_s_date_outfits_by_ocmakerforlife121805-dcxj9ui.jpg" height="700" width="550" medium="image"/>
            <description>&lt;br /&gt;&lt;div&gt;&lt;img src=&quot;https://t00.deviantart.net/pbl3qgdzeuZszNMo1zepCxEOpAs=/300x200/filters:fixed_height(100,100):origin()/pre00/8572/th/pre/f/2019/020/6/5/cherry_and_vivian_s_date_outfits_by_ocmakerforlife121805-dcxj9ui.jpg&quot; alt=&quot;thumbnail&quot; /&gt;&lt;/div&gt;</description>            </item>
        <item>
            <title>Primed to watch the skies</title>
            <link>https://cryostratos.deviantart.com/art/Primed-to-watch-the-skies-781920335</link>
            <guid isPermaLink="true">https://cryostratos.deviantart.com/art/Primed-to-watch-the-skies-781920335</guid>
            <pubDate>Sun, 20 Jan 2019 00:45:26 PST</pubDate>
            <media:title type="plain">Primed to watch the skies</media:title>
            <media:keywords></media:keywords>
            <media:rating>nonadult</media:rating>
            <media:category label="Other">photography/misc</media:category>
            <media:credit role="author" scheme="urn:ebu">Cryostratos</media:credit>
            <media:credit role="author" scheme="urn:ebu">https://a.deviantart.net/avatars/c/r/cryostratos.jpg?1</media:credit>
            <media:copyright url="https://cryostratos.deviantart.com">Copyright 2019 Cryostratos</media:copyright>             <creativeCommons:license>http://creativecommons.org/licenses/by-nc-sa/3.0/</creativeCommons:license>
            <media:description type="html">&lt;div&gt;Celestron Travelscope 70mm spotting scope/telescope aimed at the sunset.&lt;/div&gt;&lt;div&gt;The device was with me &lt;br /&gt;&lt;/div&gt;</media:description>            <media:thumbnail url="https://t00.deviantart.net/KyTgGHU30acLgYnQFH8inmuMkrA=/fit-in/150x150/filters:no_upscale():origin()/pre00/cf56/th/pre/f/2019/020/f/6/primed_to_watch_the_skies_by_cryostratos-dcxj9lb.jpg" height="100" width="150"/>            <media:thumbnail url="https://t00.deviantart.net/GcyXTywkqNmtk9hgLbhkDn-_8m8=/fit-in/300x900/filters:no_upscale():origin()/pre00/cf56/th/pre/f/2019/020/f/6/primed_to_watch_the_skies_by_cryostratos-dcxj9lb.jpg" height="200" width="300"/>            <media:thumbnail url="https://t00.deviantart.net/5F952EKdf6znXraUWCg_X85X-hk=/300x200/filters:fixed_height(100,100):origin()/pre00/cf56/th/pre/f/2019/020/f/6/primed_to_watch_the_skies_by_cryostratos-dcxj9lb.jpg" height="200" width="300"/>            <media:content url="https://pre00.deviantart.net/cf56/th/pre/f/2019/020/f/6/primed_to_watch_the_skies_by_cryostratos-dcxj9lb.jpg" height="730" width="1095" medium="image"/>
            <description>&lt;div&gt;Celestron Travelscope 70mm spotting scope/telescope aimed at the sunset.&lt;/div&gt;&lt;div&gt;The device was with me &lt;br /&gt;&lt;/div&gt;&lt;br /&gt;&lt;div&gt;&lt;img src=&quot;https://t00.deviantart.net/5F952EKdf6znXraUWCg_X85X-hk=/300x200/filters:fixed_height(100,100):origin()/pre00/cf56/th/pre/f/2019/020/f/6/primed_to_watch_the_skies_by_cryostratos-dcxj9lb.jpg&quot; alt=&quot;thumbnail&quot; /&gt;&lt;/div&gt;</description>            </item>
        <item>
            <title>Moodboard Pony Adopt [OPEN] Raine</title>
            <link>https://jellybeanbullet.deviantart.com/art/Moodboard-Pony-Adopt-OPEN-Raine-781919984</link>
            <guid isPermaLink="true">https://jellybeanbullet.deviantart.com/art/Moodboard-Pony-Adopt-OPEN-Raine-781919984</guid>
            <pubDate>Sun, 20 Jan 2019 00:45:24 PST</pubDate>
            <media:title type="plain">Moodboard Pony Adopt [OPEN] Raine</media:title>
            <media:keywords></media:keywords>
            <media:rating>nonadult</media:rating>
            <media:category label="Adoptables">darelated/deviousfun/adoptables</media:category>
            <media:credit role="author" scheme="urn:ebu">JellyBeanBullet</media:credit>
            <media:credit role="author" scheme="urn:ebu">https://a.deviantart.net/avatars/j/e/jellybeanbullet.jpg?8</media:credit>
            <media:copyright url="https://jellybeanbullet.deviantart.com">Copyright 2019 JellyBeanBullet</media:copyright>            <media:description type="html">&lt;b&gt;Raine is an eathpony who loves cloudy, rainy and wet weather. She is currently in school trying to become a meteorologist and wants to work for her local news station one day. Raine&#039;s hair is fluffy and soft like a cloud, gently floating around her, it refelcts her emotions, raining when she is sad and upset and thundering when she is angry! Raine is humble, friendly&amp;nbsp;and very social&lt;/b&gt;&lt;br /&gt;&lt;br /&gt;&lt;br /&gt;&lt;b&gt;PRICE:&lt;/b&gt;&lt;br /&gt;&lt;b&gt;&amp;nbsp;&amp;nbsp;&lt;/b&gt;&lt;span&gt;&amp;nbsp;11&lt;/span&gt;&lt;b&gt;.&lt;/b&gt;&lt;span&gt;00&lt;/span&gt;&lt;span&gt;&amp;nbsp;/ 1100&lt;/span&gt;&lt;img src=&quot;https://e.deviantart.net/emoticons/p/points.gif&quot; alt=&quot;Points&quot; style=&quot;width: 20px; height: 14px;&quot; data-embed-type=&quot;emoticon&quot; data-embed-id=&quot;589&quot;&gt;&lt;span&gt;&amp;nbsp;&lt;/span&gt;&lt;br /&gt;&lt;br /&gt;&lt;img src=&quot;https://e.deviantart.net/emoticons/b/bulletorange.gif&quot; alt=&quot;Bullet; Orange&quot; style=&quot;width: 10px; height: 10px;&quot; data-embed-type=&quot;emoticon&quot; data-embed-id=&quot;567&quot;&gt;&lt;span&gt;&amp;nbsp;You may change anything about the character once it&#039;s yours!&amp;nbsp;&lt;/span&gt;&lt;br /&gt;&lt;img src=&quot;https://e.deviantart.net/emoticons/b/bulletblack.gif&quot; alt=&quot;Bullet; Black&quot; style=&quot;width: 10px; height: 10px;&quot; data-embed-type=&quot;emoticon&quot; data-embed-id=&quot;564&quot;&gt;&lt;span&gt;&amp;nbsp;Don&#039;t resell. Ask me about trading first.&lt;/span&gt;&lt;br /&gt;&lt;img src=&quot;https://e.deviantart.net/emoticons/b/bulletorange.gif&quot; alt=&quot;Bullet; Orange&quot; style=&quot;width: 10px; height: 10px;&quot; data-embed-type=&quot;emoticon&quot; data-embed-id=&quot;567&quot;&gt;&lt;span&gt;&amp;nbsp;Give credit when you use it and please show me when you do!!!&lt;/span&gt;&lt;br /&gt;&lt;img src=&quot;https://e.deviantart.net/emoticons/b/bulletblack.gif&quot; alt=&quot;Bullet; Black&quot; style=&quot;width: 10px; height: 10px;&quot; data-embed-type=&quot;emoticon&quot; data-embed-id=&quot;564&quot;&gt;&lt;span&gt;&amp;nbsp;Winner gets the original PNG of this art and full credit of the character!&lt;/span&gt;&lt;br /&gt;&lt;img src=&quot;https://e.deviantart.net/emoticons/b/bulletorange.gif&quot; alt=&quot;Bullet; Orange&quot; style=&quot;width: 10px; height: 10px;&quot; data-embed-type=&quot;emoticon&quot; data-embed-id=&quot;567&quot;&gt;&lt;span&gt;&amp;nbsp;SERIOUS offers only, don&#039;t offer if you can&#039;t pay&lt;/span&gt;&lt;br /&gt;&lt;img src=&quot;https://e.deviantart.net/emoticons/b/bulletblack.gif&quot; alt=&quot;Bullet; Black&quot; style=&quot;width: 10px; height: 10px;&quot; data-embed-type=&quot;emoticon&quot; data-embed-id=&quot;564&quot;&gt;&lt;span&gt;&amp;nbsp;Paypal or points ONLY!!!&lt;/span&gt;</media:description>            <media:thumbnail url="https://t00.deviantart.net/M0aA0MThkPMyAdY3BNbLl5w611g=/fit-in/150x150/filters:no_upscale():origin()/pre00/b79d/th/pre/i/2019/020/0/5/moodboard_pony_adopt__open__raine_by_jellybeanbullet-dcxj9bk.png" height="108" width="150"/>            <media:thumbnail url="https://t00.deviantart.net/VfloQQ1OSfqoP4RW_SOBRqKFdKY=/fit-in/300x900/filters:no_upscale():origin()/pre00/b79d/th/pre/i/2019/020/0/5/moodboard_pony_adopt__open__raine_by_jellybeanbullet-dcxj9bk.png" height="215" width="300"/>            <media:thumbnail url="https://t00.deviantart.net/7V4xjA-TksA2gU5tkehkvcrehb8=/300x200/filters:fixed_height(100,100):origin()/pre00/b79d/th/pre/i/2019/020/0/5/moodboard_pony_adopt__open__raine_by_jellybeanbullet-dcxj9bk.png" height="200" width="279"/>            <media:content url="https://img00.deviantart.net/f3a0/i/2019/020/0/5/moodboard_pony_adopt__open__raine_by_jellybeanbullet-dcxj9bk.png" height="573" width="800" medium="image"/>
            <description>&lt;b&gt;Raine is an eathpony who loves cloudy, rainy and wet weather. She is currently in school trying to become a meteorologist and wants to work for her local news station one day. Raine&#039;s hair is fluffy and soft like a cloud, gently floating around her, it refelcts her emotions, raining when she is sad and upset and thundering when she is angry! Raine is humble, friendly&amp;nbsp;and very social&lt;/b&gt;&lt;br /&gt;&lt;br /&gt;&lt;br /&gt;&lt;b&gt;PRICE:&lt;/b&gt;&lt;br /&gt;&lt;b&gt;&amp;nbsp;&amp;nbsp;&lt;/b&gt;&lt;span&gt;&amp;nbsp;11&lt;/span&gt;&lt;b&gt;.&lt;/b&gt;&lt;span&gt;00&lt;/span&gt;&lt;span&gt;&amp;nbsp;/ 1100&lt;/span&gt;&lt;img src=&quot;https://e.deviantart.net/emoticons/p/points.gif&quot; alt=&quot;Points&quot; style=&quot;width: 20px; height: 14px;&quot; data-embed-type=&quot;emoticon&quot; data-embed-id=&quot;589&quot;&gt;&lt;span&gt;&amp;nbsp;&lt;/span&gt;&lt;br /&gt;&lt;br /&gt;&lt;img src=&quot;https://e.deviantart.net/emoticons/b/bulletorange.gif&quot; alt=&quot;Bullet; Orange&quot; style=&quot;width: 10px; height: 10px;&quot; data-embed-type=&quot;emoticon&quot; data-embed-id=&quot;567&quot;&gt;&lt;span&gt;&amp;nbsp;You may change anything about the character once it&#039;s yours!&amp;nbsp;&lt;/span&gt;&lt;br /&gt;&lt;img src=&quot;https://e.deviantart.net/emoticons/b/bulletblack.gif&quot; alt=&quot;Bullet; Black&quot; style=&quot;width: 10px; height: 10px;&quot; data-embed-type=&quot;emoticon&quot; data-embed-id=&quot;564&quot;&gt;&lt;span&gt;&amp;nbsp;Don&#039;t resell. Ask me about trading first.&lt;/span&gt;&lt;br /&gt;&lt;img src=&quot;https://e.deviantart.net/emoticons/b/bulletorange.gif&quot; alt=&quot;Bullet; Orange&quot; style=&quot;width: 10px; height: 10px;&quot; data-embed-type=&quot;emoticon&quot; data-embed-id=&quot;567&quot;&gt;&lt;span&gt;&amp;nbsp;Give credit when you use it and please show me when you do!!!&lt;/span&gt;&lt;br /&gt;&lt;img src=&quot;https://e.deviantart.net/emoticons/b/bulletblack.gif&quot; alt=&quot;Bullet; Black&quot; style=&quot;width: 10px; height: 10px;&quot; data-embed-type=&quot;emoticon&quot; data-embed-id=&quot;564&quot;&gt;&lt;span&gt;&amp;nbsp;Winner gets the original PNG of this art and full credit of the character!&lt;/span&gt;&lt;br /&gt;&lt;img src=&quot;https://e.deviantart.net/emoticons/b/bulletorange.gif&quot; alt=&quot;Bullet; Orange&quot; style=&quot;width: 10px; height: 10px;&quot; data-embed-type=&quot;emoticon&quot; data-embed-id=&quot;567&quot;&gt;&lt;span&gt;&amp;nbsp;SERIOUS offers only, don&#039;t offer if you can&#039;t pay&lt;/span&gt;&lt;br /&gt;&lt;img src=&quot;https://e.deviantart.net/emoticons/b/bulletblack.gif&quot; alt=&quot;Bullet; Black&quot; style=&quot;width: 10px; height: 10px;&quot; data-embed-type=&quot;emoticon&quot; data-embed-id=&quot;564&quot;&gt;&lt;span&gt;&amp;nbsp;Paypal or points ONLY!!!&lt;/span&gt;&lt;br /&gt;&lt;div&gt;&lt;img src=&quot;https://t00.deviantart.net/7V4xjA-TksA2gU5tkehkvcrehb8=/300x200/filters:fixed_height(100,100):origin()/pre00/b79d/th/pre/i/2019/020/0/5/moodboard_pony_adopt__open__raine_by_jellybeanbullet-dcxj9bk.png&quot; alt=&quot;thumbnail&quot; /&gt;&lt;/div&gt;</description>            </item>
        <item>
            <title>Squishy Boy [Fanart]</title>
            <link>https://daliamikk.deviantart.com/art/Squishy-Boy-Fanart-781920381</link>
            <guid isPermaLink="true">https://daliamikk.deviantart.com/art/Squishy-Boy-Fanart-781920381</guid>
            <pubDate>Sun, 20 Jan 2019 00:45:21 PST</pubDate>
            <media:title type="plain">Squishy Boy [Fanart]</media:title>
            <media:keywords></media:keywords>
            <media:rating>nonadult</media:rating>
            <media:category label="Other">fanart/digital/drawings/other</media:category>
            <media:credit role="author" scheme="urn:ebu">Daliamikk</media:credit>
            <media:credit role="author" scheme="urn:ebu">https://a.deviantart.net/avatars/d/a/daliamikk.gif?14</media:credit>
            <media:copyright url="https://daliamikk.deviantart.com">Copyright 2019 Daliamikk</media:copyright>            <media:description type="html">I drawn your boy &lt;span class=&quot;username-with-symbol u&quot;&gt;&lt;a class=&quot;u regular username&quot; href=&quot;https://www.deviantart.com/sirfluff-thefluff&quot;&gt;sirfluff-thefluff&lt;/a&gt;&lt;span class=&quot;user-symbol regular&quot; data-quicktip-text=&quot;&quot; data-show-tooltip=&quot;&quot; data-gruser-type=&quot;regular&quot;&gt;&lt;/span&gt;&lt;/span&gt;&amp;nbsp;</media:description>            <media:thumbnail url="https://t00.deviantart.net/E5HCfX-byAsAwZ9_MrWiVn7Ns3g=/fit-in/150x150/filters:no_upscale():origin()/pre00/4550/th/pre/f/2019/020/4/c/4cf50c736ac1289496f203dcaec7c4f1-dcxj9ml.png" height="150" width="150"/>            <media:thumbnail url="https://t00.deviantart.net/dpUsSLf6EDcPoIZRzAS36K5F-CM=/fit-in/300x900/filters:no_upscale():origin()/pre00/4550/th/pre/f/2019/020/4/c/4cf50c736ac1289496f203dcaec7c4f1-dcxj9ml.png" height="300" width="300"/>            <media:thumbnail url="https://t00.deviantart.net/-NtxjRXUoLiXE3noZAfew_lnxA0=/300x200/filters:fixed_height(100,100):origin()/pre00/4550/th/pre/f/2019/020/4/c/4cf50c736ac1289496f203dcaec7c4f1-dcxj9ml.png" height="200" width="200"/>            <media:content url="https://pre00.deviantart.net/4550/th/pre/f/2019/020/4/c/4cf50c736ac1289496f203dcaec7c4f1-dcxj9ml.png" height="894" width="894" medium="image"/>
            <description>I drawn your boy &lt;span class=&quot;username-with-symbol u&quot;&gt;&lt;a class=&quot;u regular username&quot; href=&quot;https://www.deviantart.com/sirfluff-thefluff&quot;&gt;sirfluff-thefluff&lt;/a&gt;&lt;span class=&quot;user-symbol regular&quot; data-quicktip-text=&quot;&quot; data-show-tooltip=&quot;&quot; data-gruser-type=&quot;regular&quot;&gt;&lt;/span&gt;&lt;/span&gt;&amp;nbsp;&lt;br /&gt;&lt;div&gt;&lt;img src=&quot;https://t00.deviantart.net/-NtxjRXUoLiXE3noZAfew_lnxA0=/300x200/filters:fixed_height(100,100):origin()/pre00/4550/th/pre/f/2019/020/4/c/4cf50c736ac1289496f203dcaec7c4f1-dcxj9ml.png&quot; alt=&quot;thumbnail&quot; /&gt;&lt;/div&gt;</description>            </item>
        <item>
            <title>Ultra Mario Kart</title>
            <link>https://sowells.deviantart.com/art/Ultra-Mario-Kart-781920446</link>
            <guid isPermaLink="true">https://sowells.deviantart.com/art/Ultra-Mario-Kart-781920446</guid>
            <pubDate>Sun, 20 Jan 2019 00:45:20 PST</pubDate>
            <media:title type="plain">Ultra Mario Kart</media:title>
            <media:keywords></media:keywords>
            <media:rating>nonadult</media:rating>
            <media:category label="Drawings">cartoons/traditional/cartoons/drawings</media:category>
            <media:credit role="author" scheme="urn:ebu">Sowells</media:credit>
            <media:credit role="author" scheme="urn:ebu">https://a.deviantart.net/avatars/s/o/sowells.jpg?1</media:credit>
            <media:copyright url="https://sowells.deviantart.com">Copyright 2019 Sowells</media:copyright>            <media:description type="html">Ultra Mario Kart is a new installment in the Mario Kart series which is the second Mario Kart game and will be exclusive for the Nintendo Switch, although it will be in other game systems. This game is the direct sequel of Mario Kart 8 for the Wii U and Mario Kart 8 Deluxe for the Nintendo Switch. This game will become the fifteenth installment in the overall series and the ninth in the main series. What&amp;#8217;s new to it is the new mechanic called the Trans-kart System, which the rainbow ring appear at various specified points on each track. Once a racer steers their vehicle through the gate, their vehicle will transform into one of its three alternate forms: car, boat, or plane. The form that the vehicle transforms into will depend on the layout of the racing track that lies beyond the ring. The mechanic is similar to the Transformation Gate from Sonic &amp;amp; All-Stars Racing Transformed. Some of the animations seen for the driver selection process (excluding the new drivers introduced for this game) are ported character models from Mario Kart: Double Dash!! and Mario Kart Wii, with only a few characters receiving noticeable changes. &lt;br /&gt;&lt;br /&gt;Theme Song by Panman 14 : &lt;a class=&quot;external&quot; href=&quot;https://www.deviantart.com/users/outgoing?https://www.youtube.com/watch?v=JNh6UX_1XR8&amp;list=PLH44RMqfEN8ssU3AYn4kMO0IMnVX8VH-M&quot;&gt;www.youtube.com/watch?v=JNh6UX&amp;hellip;&lt;/a&gt;&lt;br /&gt;&lt;br /&gt;The gameplay is like the previous Mario Kart games from Mario Kart Wii, Mario Kart 7, Mario Kart 8, and Mario Kart 8 Deluxe. Tricks, stunts, bikes, and twelve player racing returns from Mario Kart Wii, the hang glider and underwater mechanics return from Mario Kart 7 and vehicle customization also returns from this game as well. The anti gravity mechanic, ATV Vehicles, and Mario Kart TV returns from Mario Kart 8; now there are segways added into the vehicle customization for the body frames. Just like in Mario Kart: Double Dash!! and Mario Kart 8 Deluxe, racers can hold up to two items and just like Mario Kart: Double Dash!!, players get to switch between items as well. Players collect coins to increase their speed just like in Mario Kart 7 and Mario Kart 8 and now the maximum amount of coins in one race they can collect is now up to 20 and when racers get hit by an item or fall in a pit, they&#039;ll lose four coins.&lt;br /&gt;&lt;br /&gt;&lt;br /&gt;Amiibo will work in this game just like Mario Kart 8 and Mario Kart 8 Deluxe. With Amiibo, Players can not just only unlock new Mii costumes with them but can now also unlock new vehicle parts and can also unlock certain characters as well according to what Amiibo the player is using. The Amiibos that are compatible with this game are: Mario, Luigi, Peach, Daisy, Toad, Yoshi, Wario, Waluigi, Donkey Kong, Bowser, Rosalina, Bowser Jr., Diddy Kong, and Sonic. There will also be a new series of Amiibos for this game just like Mario Party 10 which also had a new series of Amiibos as well.&lt;br /&gt;&lt;br /&gt;&lt;br /&gt;Game Modes:&lt;br /&gt;&lt;br /&gt;&lt;br /&gt;Grand Prix: Just like every Mario Kart game in the franchise, Ultra Mario Kart &amp;#160;has the Grand Prix as well and works similar to the past three installments. The player will race against eleven computer controlled opponents in four races in one of the eight cups in this game just like in Mario Kart Wii, Mario Kart 8, and Mario Kart 8 Deluxe. There are 3 engine classes from the start: 50cc (easy com difficulty and slow speed), 100cc (normal com difficulty and average speed), and 150cc (hard com difficulty and fast speed). Mirror (same as 150cc but courses are flipped) is unlocked by completing all of the engine classes by winning in first place in every cup, 200cc (extreme com difficulty and extremely fast speed) is unlocked after winning in first place in every cup in Mirror and obtaining 3 stars in every cup in every engine class including Mirror and 200cc Mirror (same as 200cc but courses are flipped) is unlocked after winning in first place and obtaining 3 stars in every cup in 200cc. Players can unlock new vehicle parts by collecting coins in each race and same with the other modes as well or using Amiibo. The point system works the same as it does in Mario Kart 8 and Mario Kart 8 Deluxe.&lt;br /&gt;&lt;br /&gt;&lt;br /&gt;Time Trials: Once again just like every Mario Kart game in the series, Time Trial mode once again returns in this game. &amp;#160;The player can complete any selected course as fast as possible and beat their own records.&lt;br /&gt;&lt;br /&gt;&lt;br /&gt;Free Run (New): Free Run is a new mode in the Mario Kart series. It allows players to freely cruise around courses as long as they want to. This mode is recommended for beginners and is a great mode to practice racing on courses. Players also have the options to select which engine class and decide how much computer players can be in during this mode; players can choose up to eleven computer players at once and can set their difficulty to easy, normal, or hard; once 200cc is unlocked, players will now have the option to set the computer difficulty to extreme.&lt;br /&gt;&lt;br /&gt;Battle: &lt;br /&gt;&lt;br /&gt;Balloon Battle : This classic mode once again returns works the same as it does in Mario Kart Wii, Mario Kart 7, and Mario Kart 8 Deluxe. Racers must use items to pop or steal their opponents balloons to gain points and if racers lose all their balloons, they&#039;ll start over and lose some points. At the end of the battle, whoever has the most points wins.&lt;br /&gt;&lt;br /&gt;Balloon Thief (New) :This is a new battle mode in the Mario Kart series. In this mode, racers only use mushrooms, triple mushrooms, golden mushrooms, feathers, and stars. The objective is to steal your opponents balloons and at the end of the battle, whoever has the most balloons wins.&lt;br /&gt;&lt;br /&gt;Bob-omb Blast: This mode originated from Mario Kart: Double Dash!!. This mode works the same as it does in Mario Kart 8 Deluxe.&lt;br /&gt;&lt;br /&gt;Renegade Roundup - A mode that originated from Mario Kart 8 Deluxe. &amp;#160;This mode works the same as it does in Mario Kart 8 Deluxe and this is the only mode which is Team Battle only. &amp;#160;Before the battle, there will be a roulette to determine which team is the offense team and which team is the defense team.&lt;br /&gt;&lt;br /&gt;Coin Runners: Originating in Mario Kart Wii, this mode was last seen in Mario Kart 7. Players must collect Coins scattered across the course in order to have the most by the end of the match. Plays more akin to the Mario Kart Wii version of the mode, with players having no limit to the amount of coins they can collect, as opposed to the 10-coin limit in the Mario Kart 7 version.&lt;br /&gt;&lt;br /&gt;Shine Thief: Another returning mode from Mario Kart: Double Dash!!, one player must retrieve a Shine Sprite and keep hold of it for about 20 seconds, while the opponents use items against whoever has the Shine to force that player to drop it. The driver holding the shine sprite has a slightly reduced top speed. In Team play, one team must collectively manage to hold on to the Shine for about 30 seconds.&lt;br /&gt;&lt;br /&gt;Peepa Panic (New) - The time is set and 3 Peepas will appear and possess 3 randomly selected racers. The rest of the racers will then have to avoid the possessed ones or they will pass the Peepa onto them. Every player starts with 100 points, and their points will start decreasing after being tagged by a Peepa. If they manage to pass it onto another driver, their points counter will start to slowly recover. Having their points reduced to 0 will disqualify them. When the timer has 20 seconds left, 3 more Peepas will appear and possess more racers. The winner is the racer with the most points, or the last one standing when time runs out. &lt;br /&gt;&lt;br /&gt;Like in Mario Kart DS, &amp;#160;Missions mainly have the player having to complete a task within the time limit. This includes collecting coins, driving through gates, destroying Item Boxes, etc. There is also a boss stage at the end of each mission set. In each level, there is eight missions total along with a boss stage. &lt;br /&gt;&lt;br /&gt;Bosses:&lt;br /&gt;&lt;br /&gt;Angry Sun: Use the lightning bolt to stun the Angry Sun and hit him eight times with the Green Shells.&lt;br /&gt;&lt;br /&gt;Big Boo (Replaces King Boo due to being a playable character.)&lt;br /&gt;&lt;br /&gt;Big Bully (Redesigned to be Bully from Super Mario 3d World)&lt;br /&gt;&lt;br /&gt;Chief Chilly &lt;br /&gt;&lt;br /&gt;Goomboss &lt;br /&gt;&lt;br /&gt;Pokey&lt;br /&gt;&lt;br /&gt;Glamdozer&lt;br /&gt;&lt;br /&gt;King Bob-omb&lt;br /&gt;&lt;br /&gt;&lt;br /&gt;Characters:&lt;br /&gt;&lt;br /&gt;All base and DLC characters from Mario Kart 8 and Deluxe are present in Ultra Mario Kart. In this game, there are a total of 75 characters.&lt;br /&gt;&lt;br /&gt;Returning:&lt;br /&gt;&lt;br /&gt;Mario, Luigi, Peach, Daisy, Toad, Toadette, Wario, Waluigi, Yoshi, Birdo, Donkey Kong, Funky Kong, Diddy Kong, Baby Mario, Baby Luigi, Baby Peach, Baby Daisy, Baby Rosalina, Koopa Troopa, Shy Guy, Dry Bones, Bowser, Bowser Jr., Lemmy Koopa, Larry Koopa, Wendy O. Koopa, Iggy Koopa, Morton Koopa Jr., Roy Koopa, Ludwig Von Koopa, Dry Bowser, King Boo, Mii, Metal Mario, Pink Gold Peach, Lakitu, Villager, Isabelle, Tanooki Mario, Cat Peach, Link, Gold Mario, Inkling Girl, Inkling Boy, Wiggler and Petey Piranha.&lt;br /&gt;&lt;br /&gt;New Characters: &amp;#160;Goomba, Monty Mole, Paratroopa, Fly Guy, Boom Boom, Pom Pom, Hammer Bro, Plessie, Kirby, Sonic, Captain Falcon, Spike, Kamek, Bob-omb, Kirby, Nabbit, Sprixie Princess, Toadsworth, Pikachu, Harmoknight, Pauline, Cappy, King K. Rool, Paper Mario and Baby Donkey Kong.&lt;br /&gt;&lt;br /&gt;Items (A total of 35) :&lt;br /&gt;&lt;br /&gt;Item Box, Double Item Box, Coin, Green Shell, Triple Green Shell, Red Shell, Triple Red Shell, Spiny Shell, Banana, Triple Banana, Fake Item Box, Mushroom, Triple Mushroom, Golden Mushroom, Blooper, Boo, Feather, Fire Flower, Boomerang Flower, Super Leaf, Potted Piranha Plant, Super Horn, Bullet Bill, Bob-omb, Super Star, Lightning, Thunder Cloud, Feather, Mega Mushroom and POW Block.&lt;br /&gt;&lt;br /&gt;New Items:&lt;br /&gt;&lt;br /&gt;Double Cherry: When using the item, it will create a copy of the user, which its in the style of Mario Kart Double Dash where the user drives and the clone will use items by itself.&lt;br /&gt;&lt;br /&gt;Blue Shell: The user will go inside the shell, which makes them go faster and knock anyone in the way. &lt;br /&gt;&lt;br /&gt;Ice Flower: Allows the player to shoot ice balls until time expires. Affected racers will be frozen in ice for a few seconds.&lt;br /&gt;&lt;br /&gt;Magic Wand: The user will be teleport further from where the user was originally located. This can be useful as you can teleport yourself ahead of the person in front of you.&lt;br /&gt;&lt;br /&gt;Propeller Mushroom: Propels the user upwards, allowing them to avoid most attacking items or obstacles. It also works as a means to shortcuts.&lt;br /&gt;&lt;br /&gt;Coin Coffer: Hops around the racetrack after being released. It will steal racers&#039; Coins when touching it. After several seconds, it will disappear and then reappear in front of the user, giving them all the stolen Coins. This item mostly appears for racers with a low amount of Coins, or no Coins at all.&lt;br /&gt;&lt;br /&gt;Poison Mushroom: Can be thrown or dropped on the track. It will start moving around very slowly, looking like a regular Mushroom at first in order to trick racers, and then showing its true form when approached. Shrinks the racer that touches it.&lt;br /&gt;&lt;br /&gt;Mushroom Cup:&lt;br /&gt;&lt;br /&gt;(UMK) Neon Mario Stadium &lt;br /&gt;Music by Panman 14: &lt;a class=&quot;external&quot; href=&quot;https://www.deviantart.com/users/outgoing?https://www.youtube.com/watch?v=i5fyrTeobVc&amp;list=PLH44RMqfEN8ssU3AYn4kMO0IMnVX8VH-M&amp;index=4&quot;&gt;www.youtube.com/watch?v=i5fyrT&amp;hellip;&lt;/a&gt; &lt;br /&gt;&lt;br /&gt;(UMK) Toadette&amp;#8217;s Cafe &lt;br /&gt;Music by Panman 14: &lt;a class=&quot;external&quot; href=&quot;https://www.deviantart.com/users/outgoing?https://www.youtube.com/watch?v=ZpP-i4bkH4o&amp;list=PLH44RMqfEN8ssU3AYn4kMO0IMnVX8VH-M&amp;index=3&quot;&gt;www.youtube.com/watch?v=ZpP-i4&amp;hellip;&lt;/a&gt; &lt;br /&gt;&lt;br /&gt;(Wii) Toad&amp;#8217;s Factory &lt;br /&gt;Music by Panman 14: &lt;a class=&quot;external&quot; href=&quot;https://www.deviantart.com/users/outgoing?https://www.youtube.com/watch?v=egaIBp9abkE&amp;t=221s&amp;list=PLH44RMqfEN8uKR5D7ZLURmtM5lfG-y-Yr&amp;index=14&quot;&gt;www.youtube.com/watch?v=egaIBp&amp;hellip;&lt;/a&gt; &lt;br /&gt;&lt;br /&gt;(Wii) Coconut Mall &lt;br /&gt;Music by insaneintherainmusic: &lt;br /&gt;&lt;br /&gt;&lt;a class=&quot;external&quot; href=&quot;https://www.deviantart.com/users/outgoing?https://www.youtube.com/watch?v=EJcdD51SDAQ&quot;&gt;www.youtube.com/watch?v=EJcdD5&amp;hellip;&lt;/a&gt; &lt;br /&gt;&lt;br /&gt;Flower Cup:&lt;br /&gt;&lt;br /&gt;(Wii) DK Summit &lt;br /&gt;Music by Panman 14: &lt;a class=&quot;external&quot; href=&quot;https://www.deviantart.com/users/outgoing?https://www.youtube.com/watch?v=wxWOBeGVP18&amp;t=84s&quot;&gt;www.youtube.com/watch?v=wxWOBe&amp;hellip;&lt;/a&gt; &lt;br /&gt;&lt;br /&gt;(3DS) Rock Rock Mountain &lt;a class=&quot;external&quot; href=&quot;https://www.deviantart.com/users/outgoing?https://www.youtube.com/watch?v=oeP-6UJboMY&amp;t=74s&quot;&gt;www.youtube.com/watch?v=oeP-6U&amp;hellip;&lt;/a&gt; &lt;br /&gt;&lt;br /&gt;(UMK) Peach&#039;s Castle&lt;br /&gt;&lt;br /&gt;(UMK) Bowser&amp;#8217;s Casino &lt;br /&gt;Theme from Super Mario 3D World: &lt;a class=&quot;external&quot; href=&quot;https://www.deviantart.com/users/outgoing?https://www.youtube.com/watch?v=fWRMSn63yb0&quot;&gt;www.youtube.com/watch?v=fWRMSn&amp;hellip;&lt;/a&gt; &lt;br /&gt;&lt;br /&gt;Star Cup:&lt;br /&gt;&lt;br /&gt;(UMK) New Donk City &lt;a class=&quot;external&quot; href=&quot;https://www.deviantart.com/users/outgoing?https://www.youtube.com/watch?v=m-BCi7fH2yo&quot;&gt;www.youtube.com/watch?v=m-BCi7&amp;hellip;&lt;/a&gt; &lt;br /&gt;&lt;br /&gt;(UMK) Wiggler&amp;#8217;s Treehouse (Based on Soda Jungle from New SMB U)&lt;br /&gt;&lt;br /&gt;(Arcade) Banana Ruins ( Based on the track from Mario Kart Arcade GP 1 and 2 and DK from MK7 and 8/Deluxe)&lt;br /&gt;&lt;br /&gt;(UMK) Shy Guy Express&lt;br /&gt;&lt;br /&gt;Music by Panman 14: &lt;a class=&quot;external&quot; href=&quot;https://www.deviantart.com/users/outgoing?https://www.youtube.com/watch?v=qTFcOrTtiCA&amp;index=9&amp;list=PLH44RMqfEN8ssU3AYn4kMO0IMnVX8VH-M&quot;&gt;www.youtube.com/watch?v=qTFcOr&amp;hellip;&lt;/a&gt;&lt;br /&gt;&lt;br /&gt;&lt;a class=&quot;external&quot; href=&quot;https://www.deviantart.com/users/outgoing?https://www.youtube.com/watch?v=tOHwAqaKdh8&amp;list=PLH44RMqfEN8ssU3AYn4kMO0IMnVX8VH-M&amp;index=11&quot;&gt;www.youtube.com/watch?v=tOHwAq&amp;hellip;&lt;/a&gt;&lt;br /&gt;&lt;br /&gt;&lt;a class=&quot;external&quot; href=&quot;https://www.deviantart.com/users/outgoing?https://www.youtube.com/watch?v=m2v2hhVh9zk&amp;list=PLH44RMqfEN8ssU3AYn4kMO0IMnVX8VH-M&amp;index=12&quot;&gt;www.youtube.com/watch?v=m2v2hh&amp;hellip;&lt;/a&gt; &lt;br /&gt;&lt;br /&gt;&lt;a class=&quot;external&quot; href=&quot;https://www.deviantart.com/users/outgoing?https://www.youtube.com/watch?v=8WDqC8Jt6p4&amp;index=13&amp;list=PLH44RMqfEN8ssU3AYn4kMO0IMnVX8VH-M&quot;&gt;www.youtube.com/watch?v=8WDqC8&amp;hellip;&lt;/a&gt; &lt;br /&gt;&lt;br /&gt;Special Cup:&lt;br /&gt;&lt;br /&gt;(UMK) Bowser&#039;s Castle (Based on the GBA Bowser Castle 1 track and Bowser&amp;#8217;s castle from Wii, 3DS and 8)&lt;br /&gt;&lt;br /&gt;(UMK) Melodia Stadium: (Based on the level from Harmoknight) &lt;a class=&quot;external&quot; href=&quot;https://www.deviantart.com/users/outgoing?https://www.youtube.com/watch?v=na01c-IdInM&quot;&gt;www.youtube.com/watch?v=na01c-&amp;hellip;&lt;/a&gt; &lt;br /&gt;&lt;br /&gt;(DS) Waluigi Pinball &lt;br /&gt;Music by Qumu Music: &lt;a class=&quot;external&quot; href=&quot;https://www.deviantart.com/users/outgoing?https://www.youtube.com/watch?v=-Zl_TIv7drg&quot;&gt;www.youtube.com/watch?v=-Zl_TI&amp;hellip;&lt;/a&gt; &lt;br /&gt;&lt;br /&gt;&lt;br /&gt;(UMK) Rainbow Road (Based on the tracks from GCN, 7 and 8)&lt;br /&gt;Music by Panman 14: &lt;a class=&quot;external&quot; href=&quot;https://www.deviantart.com/users/outgoing?https://www.youtube.com/watch?v=pZ5dzN0xtws&quot;&gt;www.youtube.com/watch?v=pZ5dzN&amp;hellip;&lt;/a&gt; &lt;br /&gt;&lt;br /&gt;Shell Cup:&lt;br /&gt;&lt;br /&gt;(DS) Airship Fortress &lt;br /&gt;Music by Panman 14: &lt;a class=&quot;external&quot; href=&quot;https://www.deviantart.com/users/outgoing?https://www.youtube.com/watch?v=wWZEndJsom0&quot;&gt;www.youtube.com/watch?v=wWZEnd&amp;hellip;&lt;/a&gt; &lt;br /&gt;&lt;br /&gt;(Wii) Moonview Highway &lt;br /&gt;Music by JoshhMarshh: &lt;a class=&quot;external&quot; href=&quot;https://www.deviantart.com/users/outgoing?https://www.youtube.com/watch?v=vTe8Xp5CD_Q&quot;&gt;www.youtube.com/watch?v=vTe8Xp&amp;hellip;&lt;/a&gt; &lt;br /&gt;&lt;br /&gt;(Wii) Daisy Circuit (Based on the track from MK Wii) &lt;a class=&quot;external&quot; href=&quot;https://www.deviantart.com/users/outgoing?https://www.youtube.com/watch?v=YbXD2hbrOv8&quot;&gt;www.youtube.com/watch?v=YbXD2h&amp;hellip;&lt;/a&gt; &lt;br /&gt;&lt;br /&gt;(DS) Luigi&amp;#8217;s Mansion &lt;br /&gt;Music by Panman 14: &lt;a class=&quot;external&quot; href=&quot;https://www.deviantart.com/users/outgoing?https://www.youtube.com/watch?v=UP3my3J2-Vw&amp;t=365s&quot;&gt;www.youtube.com/watch?v=UP3my3&amp;hellip;&lt;/a&gt; &lt;br /&gt;&lt;br /&gt;Banana Cup:&lt;br /&gt;&lt;br /&gt;(Wii) Dry Dry Ruins &lt;br /&gt;Music by Panman 14: &lt;a class=&quot;external&quot; href=&quot;https://www.deviantart.com/users/outgoing?https://www.youtube.com/watch?v=l287l7osOTQ&amp;list=PLH44RMqfEN8uKR5D7ZLURmtM5lfG-y-Yr&amp;index=12&quot;&gt;www.youtube.com/watch?v=l287l7&amp;hellip;&lt;/a&gt; &lt;br /&gt;&lt;br /&gt;(3DS) Wario Shipyard (Based on the track from MK7) &lt;a class=&quot;external&quot; href=&quot;https://www.deviantart.com/users/outgoing?https://www.youtube.com/watch?v=4xIVzyzjsps&quot;&gt;www.youtube.com/watch?v=4xIVzy&amp;hellip;&lt;/a&gt; &lt;br /&gt;&lt;br /&gt;(Wii) Mushroom Gorge (Based on the track from MK Wii and MK7) &lt;a class=&quot;external&quot; href=&quot;https://www.deviantart.com/users/outgoing?https://www.youtube.com/watch?v=enXe-xA2wmU&quot;&gt;www.youtube.com/watch?v=enXe-x&amp;hellip;&lt;/a&gt; &lt;br /&gt;&lt;br /&gt;(3DS) Maka Wuhu (Based on the track from MK7) &lt;a class=&quot;external&quot; href=&quot;https://www.deviantart.com/users/outgoing?https://www.youtube.com/watch?v=aEdxrXIPixk&quot;&gt;www.youtube.com/watch?v=aEdxrX&amp;hellip;&lt;/a&gt; &lt;br /&gt;&lt;br /&gt;Egg Cup:&lt;br /&gt;&lt;br /&gt;(UMK) Yoshi&amp;#8217;s Island &lt;br /&gt;Music by Panman 14: &lt;a class=&quot;external&quot; href=&quot;https://www.deviantart.com/users/outgoing?https://www.youtube.com/watch?v=isZUToUllSs&quot;&gt;www.youtube.com/watch?v=isZUTo&amp;hellip;&lt;/a&gt; &lt;br /&gt;&lt;br /&gt;&lt;br /&gt;(UMK) King Dedede&amp;#8217;s Castle &lt;a class=&quot;external&quot; href=&quot;https://www.deviantart.com/users/outgoing?https://www.youtube.com/watch?v=M0Bdd2F5X-o&quot;&gt;www.youtube.com/watch?v=M0Bdd2&amp;hellip;&lt;/a&gt; &lt;br /&gt;&lt;br /&gt;&lt;br /&gt;(DS) Peach&amp;#8217;s Garden &lt;br /&gt;Music by Panman 14: &lt;a class=&quot;external&quot; href=&quot;https://www.deviantart.com/users/outgoing?https://www.youtube.com/watch?v=VmZR46_O6-E&amp;t=51s&quot;&gt;www.youtube.com/watch?v=VmZR46&amp;hellip;&lt;/a&gt; &lt;br /&gt;&lt;br /&gt;&lt;br /&gt;(N64) Kalimari Desert &lt;br /&gt;Music by Panman 14: &lt;a class=&quot;external&quot; href=&quot;https://www.deviantart.com/users/outgoing?https://www.youtube.com/watch?v=9NCS5RSSc60&amp;list=PLH44RMqfEN8uKR5D7ZLURmtM5lfG-y-Yr&amp;index=33&quot;&gt;www.youtube.com/watch?v=9NCS5R&amp;hellip;&lt;/a&gt;&lt;br /&gt;&lt;br /&gt;Leaf Cup:&lt;br /&gt;&lt;br /&gt;(Wii) Maple Treeway &lt;br /&gt;Music by Panman 14: &lt;a class=&quot;external&quot; href=&quot;https://www.deviantart.com/users/outgoing?https://www.youtube.com/watch?v=EH0mcrdx4-c&amp;list=PLH44RMqfEN8uKR5D7ZLURmtM5lfG-y-Yr&amp;index=37&quot;&gt;www.youtube.com/watch?v=EH0mcr&amp;hellip;&lt;/a&gt; &lt;br /&gt;&lt;br /&gt;Ghost Valley (The course is divided into 3 sections based on the three Ghost Valley Tracks.) &lt;a class=&quot;external&quot; href=&quot;https://www.deviantart.com/users/outgoing?https://www.youtube.com/watch?v=jYcdMWib8js&quot;&gt;www.youtube.com/watch?v=jYcdMW&amp;hellip;&lt;/a&gt; &lt;br /&gt;&lt;br /&gt;Excitebike Arena: &lt;a class=&quot;external&quot; href=&quot;https://www.deviantart.com/users/outgoing?https://www.youtube.com/watch?v=KIw_5vaSPRs&quot;&gt;www.youtube.com/watch?v=KIw_5v&amp;hellip;&lt;/a&gt; &lt;br /&gt;&lt;br /&gt;Sky Garden &lt;br /&gt;Music by Panman 14: &lt;a class=&quot;external&quot; href=&quot;https://www.deviantart.com/users/outgoing?https://www.youtube.com/watch?v=LCnHcQCL8VY&amp;list=PLH44RMqfEN8uKR5D7ZLURmtM5lfG-y-Yr&amp;index=29&quot;&gt;www.youtube.com/watch?v=LCnHcQ&amp;hellip;&lt;/a&gt;&lt;br /&gt;&lt;br /&gt;Sonic Cup:&lt;br /&gt;&lt;br /&gt;Studiopolis Zone: &lt;a class=&quot;external&quot; href=&quot;https://www.deviantart.com/users/outgoing?https://www.youtube.com/watch?v=JCsCuOgZjeo&quot;&gt;www.youtube.com/watch?v=JCsCuO&amp;hellip;&lt;/a&gt; &lt;br /&gt;&lt;br /&gt;Mirage Saloon Zone &lt;a class=&quot;external&quot; href=&quot;https://www.deviantart.com/users/outgoing?https://www.youtube.com/watch?v=-qxUB1EkKtM&quot;&gt;www.youtube.com/watch?v=-qxUB1&amp;hellip;&lt;/a&gt; &lt;br /&gt;&lt;br /&gt;&lt;a class=&quot;external&quot; href=&quot;https://www.deviantart.com/users/outgoing?https://www.youtube.com/watch?v=rkFuVDMyk1k&amp;t=6s&quot;&gt;www.youtube.com/watch?v=rkFuVD&amp;hellip;&lt;/a&gt;&lt;br /&gt;&lt;br /&gt;&lt;a class=&quot;external&quot; href=&quot;https://www.deviantart.com/users/outgoing?https://www.youtube.com/watch?v=ptP6A2pkSF0&quot;&gt;www.youtube.com/watch?v=ptP6A2&amp;hellip;&lt;/a&gt; &lt;br /&gt;&lt;br /&gt;Green Hill Zone &lt;a class=&quot;external&quot; href=&quot;https://www.deviantart.com/users/outgoing?https://www.youtube.com/watch?v=kI3NKZ1iaBc&amp;t=4s&quot;&gt;www.youtube.com/watch?v=kI3NKZ&amp;hellip;&lt;/a&gt; &lt;br /&gt;&lt;br /&gt;Chemical Plant Zone &lt;a class=&quot;external&quot; href=&quot;https://www.deviantart.com/users/outgoing?https://www.youtube.com/watch?v=Q96aeSuzXpE&quot;&gt;www.youtube.com/watch?v=Q96aeS&amp;hellip;&lt;/a&gt; &lt;br /&gt;&lt;br /&gt;Nintendo Cup:&lt;br /&gt;&lt;br /&gt;Animal Crossing: &lt;a class=&quot;external&quot; href=&quot;https://www.deviantart.com/users/outgoing?https://www.youtube.com/watch?v=fhZAd-2fsew&quot;&gt;www.youtube.com/watch?v=fhZAd-&amp;hellip;&lt;/a&gt;&lt;br /&gt;&lt;br /&gt;&lt;a class=&quot;external&quot; href=&quot;https://www.deviantart.com/users/outgoing?https://www.youtube.com/watch?v=Hej8cQRMPSU&quot;&gt;www.youtube.com/watch?v=Hej8cQ&amp;hellip;&lt;/a&gt;&lt;br /&gt;&lt;br /&gt;&lt;a class=&quot;external&quot; href=&quot;https://www.deviantart.com/users/outgoing?https://www.youtube.com/watch?v=GLuMJEYhwN0&quot;&gt;www.youtube.com/watch?v=GLuMJE&amp;hellip;&lt;/a&gt;&lt;br /&gt;&lt;br /&gt;&lt;a class=&quot;external&quot; href=&quot;https://www.deviantart.com/users/outgoing?https://www.youtube.com/watch?v=LiFp41Xb1r4&amp;t=23s&quot;&gt;www.youtube.com/watch?v=LiFp41&amp;hellip;&lt;/a&gt;&lt;br /&gt;&lt;br /&gt;(Wii U/Switch) Mute City: &lt;a class=&quot;external&quot; href=&quot;https://www.deviantart.com/users/outgoing?https://www.youtube.com/watch?v=ixRUMwm43cA&quot;&gt;www.youtube.com/watch?v=ixRUMw&amp;hellip;&lt;/a&gt; &lt;br /&gt;&lt;br /&gt;(Wii U/Switch) Hyrule Circuit: &lt;a class=&quot;external&quot; href=&quot;https://www.deviantart.com/users/outgoing?https://www.youtube.com/watch?v=8huuWx1c4ac&quot;&gt;www.youtube.com/watch?v=8huuWx&amp;hellip;&lt;/a&gt; &lt;br /&gt;&lt;br /&gt;(UMK) Saffron City: &lt;a class=&quot;external&quot; href=&quot;https://www.deviantart.com/users/outgoing?https://www.youtube.com/watch?v=rxySv1HFlQ0&amp;index=28&amp;list=PL6akIKaXBeU2mXSuKQbkaZ_pU7SXG3iJA&quot;&gt;www.youtube.com/watch?v=rxySv1&amp;hellip;&lt;/a&gt; &lt;br /&gt;&lt;br /&gt;Feather Cup:&lt;br /&gt;&lt;br /&gt;(GNC) Peach Beach: &lt;a class=&quot;external&quot; href=&quot;https://www.deviantart.com/users/outgoing?https://www.youtube.com/watch?v=9x4WPnkGVDU&quot;&gt;www.youtube.com/watch?v=9x4WPn&amp;hellip;&lt;/a&gt; &lt;br /&gt;&lt;br /&gt;(3DS) Shy Guy Bazaar: &lt;a class=&quot;external&quot; href=&quot;https://www.deviantart.com/users/outgoing?https://www.youtube.com/watch?v=1FPSreg2JOI&quot;&gt;www.youtube.com/watch?v=1FPSre&amp;hellip;&lt;/a&gt; &lt;br /&gt;&lt;br /&gt;(UMK) Cannon Canyon (taking place in DK Island, it takes place in a canyon similar to the Grand Canyon but its filled with canyons that launch you to different places.)&lt;br /&gt;&lt;br /&gt;(Wii U/Switch) Mount Wario: &lt;a class=&quot;external&quot; href=&quot;https://www.deviantart.com/users/outgoing?https://www.youtube.com/watch?v=cO0KXMZavuw&quot;&gt;www.youtube.com/watch?v=cO0KXM&amp;hellip;&lt;/a&gt; &lt;br /&gt;&lt;br /&gt;Cherry Cup:&lt;br /&gt;&lt;br /&gt;(SNES) Rainbow Road: Music by Panman 14: &lt;a class=&quot;external&quot; href=&quot;https://www.deviantart.com/users/outgoing?https://www.youtube.com/watch?v=RsGhB&quot;&gt;www.youtube.com/watch?v=RsGhB&lt;/a&gt; cFfBA&amp;amp;t=57s &lt;br /&gt;&lt;br /&gt;(UMK) Plessie&amp;#8217;s Raging Rapids (similar to the stage Plessie&#039;s Plunging Falls in Super Mario 3D World) &lt;br /&gt;&lt;br /&gt;(Wii U/ Switch) Electrodrome: &lt;a class=&quot;external&quot; href=&quot;https://www.deviantart.com/users/outgoing?https://www.youtube.com/watch?v=IG76TYOQ_08&quot;&gt;www.youtube.com/watch?v=IG76TY&amp;hellip;&lt;/a&gt; &lt;br /&gt;&lt;br /&gt;(MKDD) Mushroom Bridge: &lt;a class=&quot;external&quot; href=&quot;https://www.deviantart.com/users/outgoing?https://www.youtube.com/watch?v=mFeVCFDouzQ&quot;&gt;www.youtube.com/watch?v=mFeVCF&amp;hellip;&lt;/a&gt; &lt;br /&gt;&lt;br /&gt;Bowser Cup:&lt;br /&gt;&lt;br /&gt;SNES Bowser&amp;#8217;s Castle: &lt;a class=&quot;external&quot; href=&quot;https://www.deviantart.com/users/outgoing?https://www.youtube.com/watch?v=4Rz3VkBbOrE&quot;&gt;www.youtube.com/watch?v=4Rz3Vk&amp;hellip;&lt;/a&gt; &lt;br /&gt;&lt;br /&gt;N64 Bowser&#039;s Castle: &lt;a class=&quot;external&quot; href=&quot;https://www.deviantart.com/users/outgoing?https://www.youtube.com/watch?v=roCuxOkUfPU&quot;&gt;www.youtube.com/watch?v=roCuxO&amp;hellip;&lt;/a&gt; &lt;br /&gt;&lt;br /&gt;GBA Bowser&#039;s Castle: &lt;a class=&quot;external&quot; href=&quot;https://www.deviantart.com/users/outgoing?https://www.youtube.com/watch?v=qYmjyXxS608&quot;&gt;www.youtube.com/watch?v=qYmjyX&amp;hellip;&lt;/a&gt; &lt;br /&gt;&lt;br /&gt;Wii Bowser&#039;s Castle: &lt;a class=&quot;external&quot; href=&quot;https://www.deviantart.com/users/outgoing?https://www.youtube.com/watch?v=YuWRMjyDlwg&quot;&gt;www.youtube.com/watch?v=YuWRMj&amp;hellip;&lt;/a&gt; &lt;br /&gt;&lt;br /&gt;Golden Mushroom Cup:&lt;br /&gt;&lt;br /&gt;(GBA) Yoshi Desert: &lt;a class=&quot;external&quot; href=&quot;https://www.deviantart.com/users/outgoing?https://www.youtube.com/watch?v=K4vYoaUdkiw&quot;&gt;www.youtube.com/watch?v=K4vYoa&amp;hellip;&lt;/a&gt; &lt;br /&gt;&lt;br /&gt;(DS) Baby Park: &lt;a class=&quot;external&quot; href=&quot;https://www.deviantart.com/users/outgoing?https://www.youtube.com/watch?v=yta1D2aaLI8&quot;&gt;www.youtube.com/watch?v=yta1D2&amp;hellip;&lt;/a&gt; &lt;br /&gt;&lt;br /&gt;(Wii U/Switch) Cloudtop Cruise: &lt;a class=&quot;external&quot; href=&quot;https://www.deviantart.com/users/outgoing?https://www.youtube.com/watch?v=YAGy1ZZp2ik&quot;&gt;www.youtube.com/watch?v=YAGy1Z&amp;hellip;&lt;/a&gt; &lt;br /&gt;&lt;br /&gt;(UMK) Goomba Caverns (based on the concept of drills for Mario Kart 8 before anti-gravity, this track is underground.)&lt;br /&gt;&lt;br /&gt;Battle Courses:&lt;br /&gt;&lt;br /&gt;(UMK) King Dedede&amp;#8217;s Arena: &lt;a class=&quot;external&quot; href=&quot;https://www.deviantart.com/users/outgoing?https://www.youtube.com/watch?v=-DJ9TFaTifQ&quot;&gt;www.youtube.com/watch?v=-DJ9TF&amp;hellip;&lt;/a&gt; &lt;br /&gt;&lt;br /&gt;(Switch) Urchin Underpass: &lt;a class=&quot;external&quot; href=&quot;https://www.deviantart.com/users/outgoing?https://www.youtube.com/watch?v=1zfZZneMeCg&quot;&gt;www.youtube.com/watch?v=1zfZZn&amp;hellip;&lt;/a&gt; &lt;br /&gt;&lt;br /&gt;(Wii) Funky Stadium: &lt;a class=&quot;external&quot; href=&quot;https://www.deviantart.com/users/outgoing?https://www.youtube.com/watch?v=F2YdYKEnQRA&quot;&gt;www.youtube.com/watch?v=F2YdYK&amp;hellip;&lt;/a&gt; &lt;br /&gt;&lt;br /&gt;(Wii) Chain Chomp Wheel: &lt;a class=&quot;external&quot; href=&quot;https://www.deviantart.com/users/outgoing?https://www.youtube.com/watch?v=LaotLhlLAZ8&quot;&gt;www.youtube.com/watch?v=LaotLh&amp;hellip;&lt;/a&gt; &lt;br /&gt;&lt;br /&gt;(Wii U/Switch) Dragon Palace: &lt;a class=&quot;external&quot; href=&quot;https://www.deviantart.com/users/outgoing?https://www.youtube.com/watch?v=cYCSm2biM2M&quot;&gt;www.youtube.com/watch?v=cYCSm2&amp;hellip;&lt;/a&gt; &lt;br /&gt;&lt;br /&gt;(DS) Twilight House: &lt;a class=&quot;external&quot; href=&quot;https://www.deviantart.com/users/outgoing?https://www.youtube.com/watch?v=nJay5CakwwE&quot;&gt;www.youtube.com/watch?v=nJay5C&amp;hellip;&lt;/a&gt; &lt;br /&gt;&lt;br /&gt;(3DS) Honey Bee Hive: &lt;a class=&quot;external&quot; href=&quot;https://www.deviantart.com/users/outgoing?https://www.youtube.com/watch?v=TXZ1-INXhEM&quot;&gt;www.youtube.com/watch?v=TXZ1-I&amp;hellip;&lt;/a&gt; &lt;br /&gt;&lt;br /&gt;(Wii) Cookie Land: &lt;a class=&quot;external&quot; href=&quot;https://www.deviantart.com/users/outgoing?https://www.youtube.com/watch?v=8JlKOkVjyOU&quot;&gt;www.youtube.com/watch?v=8JlKOk&amp;hellip;&lt;/a&gt; &lt;br /&gt;&lt;br /&gt;(N64) Skyscraper: &lt;a class=&quot;external&quot; href=&quot;https://www.deviantart.com/users/outgoing?https://www.youtube.com/watch?v=NpZXdVMCuRU&quot;&gt;www.youtube.com/watch?v=NpZXdV&amp;hellip;&lt;/a&gt; &lt;br /&gt;&lt;br /&gt;(SNES) Battle Course 4: &lt;a class=&quot;external&quot; href=&quot;https://www.deviantart.com/users/outgoing?https://www.youtube.com/watch?v=8MJg5LOWIL8&quot;&gt;www.youtube.com/watch?v=8MJg5L&amp;hellip;&lt;/a&gt; &lt;br /&gt;&lt;br /&gt;(Wii) Thwomp Desert: &lt;a class=&quot;external&quot; href=&quot;https://www.deviantart.com/users/outgoing?https://www.youtube.com/watch?v=PjW5eQIeCv0&quot;&gt;www.youtube.com/watch?v=PjW5eQ&amp;hellip;&lt;/a&gt; &lt;br /&gt;&lt;br /&gt;(Wii) Block Plaza: &lt;a class=&quot;external&quot; href=&quot;https://www.deviantart.com/users/outgoing?https://www.youtube.com/watch?v=AwXf_Wx2GR0&quot;&gt;www.youtube.com/watch?v=AwXf_W&amp;hellip;&lt;/a&gt; &lt;br /&gt;&lt;br /&gt;(DS) Pipe Plaza &lt;br /&gt;&lt;br /&gt;(Wii) Delfino Pier: &lt;a class=&quot;external&quot; href=&quot;https://www.deviantart.com/users/outgoing?https://www.youtube.com/watch?v=pDp9Lp42XlY&quot;&gt;www.youtube.com/watch?v=pDp9Lp&amp;hellip;&lt;/a&gt;</media:description>            <media:thumbnail url="https://t00.deviantart.net/N3yjU8dM0tQNWuSin7o7xDqoQGM=/fit-in/150x150/filters:no_upscale():origin()/pre00/113a/th/pre/f/2019/020/c/8/untitled_by_sowells-dcxj9oe.png" height="113" width="150"/>            <media:thumbnail url="https://t00.deviantart.net/YkYr050CWzEGipVDqT_8dEbPti4=/fit-in/300x900/filters:no_upscale():origin()/pre00/113a/th/pre/f/2019/020/c/8/untitled_by_sowells-dcxj9oe.png" height="225" width="300"/>            <media:thumbnail url="https://t00.deviantart.net/oste7UG8EgeT43uS0dvDSmmED5Q=/300x200/filters:fixed_height(100,100):origin()/pre00/113a/th/pre/f/2019/020/c/8/untitled_by_sowells-dcxj9oe.png" height="200" width="267"/>            <media:content url="https://orig00.deviantart.net/b3bc/f/2019/020/c/8/untitled_by_sowells-dcxj9oe.png" height="768" width="1024" medium="image"/>
            <description>Ultra Mario Kart is a new installment in the Mario Kart series which is the second Mario Kart game and will be exclusive for the Nintendo Switch, although it will be in other game systems. This game is the direct sequel of Mario Kart 8 for the Wii U and Mario Kart 8 Deluxe for the Nintendo Switch. This game will become the fifteenth installment in the overall series and the ninth in the main series. What&amp;#8217;s new to it is the new mechanic called the Trans-kart System, which the rainbow ring appear at various specified points on each track. Once a racer steers their vehicle through the gate, their vehicle will transform into one of its three alternate forms: car, boat, or plane. The form that the vehicle transforms into will depend on the layout of the racing track that lies beyond the ring. The mechanic is similar to the Transformation Gate from Sonic &amp;amp; All-Stars Racing Transformed. Some of the animations seen for the driver selection process (excluding the new drivers introduced for this game) are ported character models from Mario Kart: Double Dash!! and Mario Kart Wii, with only a few characters receiving noticeable changes. &lt;br /&gt;&lt;br /&gt;Theme Song by Panman 14 : &lt;a class=&quot;external&quot; href=&quot;https://www.deviantart.com/users/outgoing?https://www.youtube.com/watch?v=JNh6UX_1XR8&amp;list=PLH44RMqfEN8ssU3AYn4kMO0IMnVX8VH-M&quot;&gt;www.youtube.com/watch?v=JNh6UX&amp;hellip;&lt;/a&gt;&lt;br /&gt;&lt;br /&gt;The gameplay is like the previous Mario Kart games from Mario Kart Wii, Mario Kart 7, Mario Kart 8, and Mario Kart 8 Deluxe. Tricks, stunts, bikes, and twelve player racing returns from Mario Kart Wii, the hang glider and underwater mechanics return from Mario Kart 7 and vehicle customization also returns from this game as well. The anti gravity mechanic, ATV Vehicles, and Mario Kart TV returns from Mario Kart 8; now there are segways added into the vehicle customization for the body frames. Just like in Mario Kart: Double Dash!! and Mario Kart 8 Deluxe, racers can hold up to two items and just like Mario Kart: Double Dash!!, players get to switch between items as well. Players collect coins to increase their speed just like in Mario Kart 7 and Mario Kart 8 and now the maximum amount of coins in one race they can collect is now up to 20 and when racers get hit by an item or fall in a pit, they&#039;ll lose four coins.&lt;br /&gt;&lt;br /&gt;&lt;br /&gt;Amiibo will work in this game just like Mario Kart 8 and Mario Kart 8 Deluxe. With Amiibo, Players can not just only unlock new Mii costumes with them but can now also unlock new vehicle parts and can also unlock certain characters as well according to what Amiibo the player is using. The Amiibos that are compatible with this game are: Mario, Luigi, Peach, Daisy, Toad, Yoshi, Wario, Waluigi, Donkey Kong, Bowser, Rosalina, Bowser Jr., Diddy Kong, and Sonic. There will also be a new series of Amiibos for this game just like Mario Party 10 which also had a new series of Amiibos as well.&lt;br /&gt;&lt;br /&gt;&lt;br /&gt;Game Modes:&lt;br /&gt;&lt;br /&gt;&lt;br /&gt;Grand Prix: Just like every Mario Kart game in the franchise, Ultra Mario Kart &amp;#160;has the Grand Prix as well and works similar to the past three installments. The player will race against eleven computer controlled opponents in four races in one of the eight cups in this game just like in Mario Kart Wii, Mario Kart 8, and Mario Kart 8 Deluxe. There are 3 engine classes from the start: 50cc (easy com difficulty and slow speed), 100cc (normal com difficulty and average speed), and 150cc (hard com difficulty and fast speed). Mirror (same as 150cc but courses are flipped) is unlocked by completing all of the engine classes by winning in first place in every cup, 200cc (extreme com difficulty and extremely fast speed) is unlocked after winning in first place in every cup in Mirror and obtaining 3 stars in every cup in every engine class including Mirror and 200cc Mirror (same as 200cc but courses are flipped) is unlocked after winning in first place and obtaining 3 stars in every cup in 200cc. Players can unlock new vehicle parts by collecting coins in each race and same with the other modes as well or using Amiibo. The point system works the same as it does in Mario Kart 8 and Mario Kart 8 Deluxe.&lt;br /&gt;&lt;br /&gt;&lt;br /&gt;Time Trials: Once again just like every Mario Kart game in the series, Time Trial mode once again returns in this game. &amp;#160;The player can complete any selected course as fast as possible and beat their own records.&lt;br /&gt;&lt;br /&gt;&lt;br /&gt;Free Run (New): Free Run is a new mode in the Mario Kart series. It allows players to freely cruise around courses as long as they want to. This mode is recommended for beginners and is a great mode to practice racing on courses. Players also have the options to select which engine class and decide how much computer players can be in during this mode; players can choose up to eleven computer players at once and can set their difficulty to easy, normal, or hard; once 200cc is unlocked, players will now have the option to set the computer difficulty to extreme.&lt;br /&gt;&lt;br /&gt;Battle: &lt;br /&gt;&lt;br /&gt;Balloon Battle : This classic mode once again returns works the same as it does in Mario Kart Wii, Mario Kart 7, and Mario Kart 8 Deluxe. Racers must use items to pop or steal their opponents balloons to gain points and if racers lose all their balloons, they&#039;ll start over and lose some points. At the end of the battle, whoever has the most points wins.&lt;br /&gt;&lt;br /&gt;Balloon Thief (New) :This is a new battle mode in the Mario Kart series. In this mode, racers only use mushrooms, triple mushrooms, golden mushrooms, feathers, and stars. The objective is to steal your opponents balloons and at the end of the battle, whoever has the most balloons wins.&lt;br /&gt;&lt;br /&gt;Bob-omb Blast: This mode originated from Mario Kart: Double Dash!!. This mode works the same as it does in Mario Kart 8 Deluxe.&lt;br /&gt;&lt;br /&gt;Renegade Roundup - A mode that originated from Mario Kart 8 Deluxe. &amp;#160;This mode works the same as it does in Mario Kart 8 Deluxe and this is the only mode which is Team Battle only. &amp;#160;Before the battle, there will be a roulette to determine which team is the offense team and which team is the defense team.&lt;br /&gt;&lt;br /&gt;Coin Runners: Originating in Mario Kart Wii, this mode was last seen in Mario Kart 7. Players must collect Coins scattered across the course in order to have the most by the end of the match. Plays more akin to the Mario Kart Wii version of the mode, with players having no limit to the amount of coins they can collect, as opposed to the 10-coin limit in the Mario Kart 7 version.&lt;br /&gt;&lt;br /&gt;Shine Thief: Another returning mode from Mario Kart: Double Dash!!, one player must retrieve a Shine Sprite and keep hold of it for about 20 seconds, while the opponents use items against whoever has the Shine to force that player to drop it. The driver holding the shine sprite has a slightly reduced top speed. In Team play, one team must collectively manage to hold on to the Shine for about 30 seconds.&lt;br /&gt;&lt;br /&gt;Peepa Panic (New) - The time is set and 3 Peepas will appear and possess 3 randomly selected racers. The rest of the racers will then have to avoid the possessed ones or they will pass the Peepa onto them. Every player starts with 100 points, and their points will start decreasing after being tagged by a Peepa. If they manage to pass it onto another driver, their points counter will start to slowly recover. Having their points reduced to 0 will disqualify them. When the timer has 20 seconds left, 3 more Peepas will appear and possess more racers. The winner is the racer with the most points, or the last one standing when time runs out. &lt;br /&gt;&lt;br /&gt;Like in Mario Kart DS, &amp;#160;Missions mainly have the player having to complete a task within the time limit. This includes collecting coins, driving through gates, destroying Item Boxes, etc. There is also a boss stage at the end of each mission set. In each level, there is eight missions total along with a boss stage. &lt;br /&gt;&lt;br /&gt;Bosses:&lt;br /&gt;&lt;br /&gt;Angry Sun: Use the lightning bolt to stun the Angry Sun and hit him eight times with the Green Shells.&lt;br /&gt;&lt;br /&gt;Big Boo (Replaces King Boo due to being a playable character.)&lt;br /&gt;&lt;br /&gt;Big Bully (Redesigned to be Bully from Super Mario 3d World)&lt;br /&gt;&lt;br /&gt;Chief Chilly &lt;br /&gt;&lt;br /&gt;Goomboss &lt;br /&gt;&lt;br /&gt;Pokey&lt;br /&gt;&lt;br /&gt;Glamdozer&lt;br /&gt;&lt;br /&gt;King Bob-omb&lt;br /&gt;&lt;br /&gt;&lt;br /&gt;Characters:&lt;br /&gt;&lt;br /&gt;All base and DLC characters from Mario Kart 8 and Deluxe are present in Ultra Mario Kart. In this game, there are a total of 75 characters.&lt;br /&gt;&lt;br /&gt;Returning:&lt;br /&gt;&lt;br /&gt;Mario, Luigi, Peach, Daisy, Toad, Toadette, Wario, Waluigi, Yoshi, Birdo, Donkey Kong, Funky Kong, Diddy Kong, Baby Mario, Baby Luigi, Baby Peach, Baby Daisy, Baby Rosalina, Koopa Troopa, Shy Guy, Dry Bones, Bowser, Bowser Jr., Lemmy Koopa, Larry Koopa, Wendy O. Koopa, Iggy Koopa, Morton Koopa Jr., Roy Koopa, Ludwig Von Koopa, Dry Bowser, King Boo, Mii, Metal Mario, Pink Gold Peach, Lakitu, Villager, Isabelle, Tanooki Mario, Cat Peach, Link, Gold Mario, Inkling Girl, Inkling Boy, Wiggler and Petey Piranha.&lt;br /&gt;&lt;br /&gt;New Characters: &amp;#160;Goomba, Monty Mole, Paratroopa, Fly Guy, Boom Boom, Pom Pom, Hammer Bro, Plessie, Kirby, Sonic, Captain Falcon, Spike, Kamek, Bob-omb, Kirby, Nabbit, Sprixie Princess, Toadsworth, Pikachu, Harmoknight, Pauline, Cappy, King K. Rool, Paper Mario and Baby Donkey Kong.&lt;br /&gt;&lt;br /&gt;Items (A total of 35) :&lt;br /&gt;&lt;br /&gt;Item Box, Double Item Box, Coin, Green Shell, Triple Green Shell, Red Shell, Triple Red Shell, Spiny Shell, Banana, Triple Banana, Fake Item Box, Mushroom, Triple Mushroom, Golden Mushroom, Blooper, Boo, Feather, Fire Flower, Boomerang Flower, Super Leaf, Potted Piranha Plant, Super Horn, Bullet Bill, Bob-omb, Super Star, Lightning, Thunder Cloud, Feather, Mega Mushroom and POW Block.&lt;br /&gt;&lt;br /&gt;New Items:&lt;br /&gt;&lt;br /&gt;Double Cherry: When using the item, it will create a copy of the user, which its in the style of Mario Kart Double Dash where the user drives and the clone will use items by itself.&lt;br /&gt;&lt;br /&gt;Blue Shell: The user will go inside the shell, which makes them go faster and knock anyone in the way. &lt;br /&gt;&lt;br /&gt;Ice Flower: Allows the player to shoot ice balls until time expires. Affected racers will be frozen in ice for a few seconds.&lt;br /&gt;&lt;br /&gt;Magic Wand: The user will be teleport further from where the user was originally located. This can be useful as you can teleport yourself ahead of the person in front of you.&lt;br /&gt;&lt;br /&gt;Propeller Mushroom: Propels the user upwards, allowing them to avoid most attacking items or obstacles. It also works as a means to shortcuts.&lt;br /&gt;&lt;br /&gt;Coin Coffer: Hops around the racetrack after being released. It will steal racers&#039; Coins when touching it. After several seconds, it will disappear and then reappear in front of the user, giving them all the stolen Coins. This item mostly appears for racers with a low amount of Coins, or no Coins at all.&lt;br /&gt;&lt;br /&gt;Poison Mushroom: Can be thrown or dropped on the track. It will start moving around very slowly, looking like a regular Mushroom at first in order to trick racers, and then showing its true form when approached. Shrinks the racer that touches it.&lt;br /&gt;&lt;br /&gt;Mushroom Cup:&lt;br /&gt;&lt;br /&gt;(UMK) Neon Mario Stadium &lt;br /&gt;Music by Panman 14: &lt;a class=&quot;external&quot; href=&quot;https://www.deviantart.com/users/outgoing?https://www.youtube.com/watch?v=i5fyrTeobVc&amp;list=PLH44RMqfEN8ssU3AYn4kMO0IMnVX8VH-M&amp;index=4&quot;&gt;www.youtube.com/watch?v=i5fyrT&amp;hellip;&lt;/a&gt; &lt;br /&gt;&lt;br /&gt;(UMK) Toadette&amp;#8217;s Cafe &lt;br /&gt;Music by Panman 14: &lt;a class=&quot;external&quot; href=&quot;https://www.deviantart.com/users/outgoing?https://www.youtube.com/watch?v=ZpP-i4bkH4o&amp;list=PLH44RMqfEN8ssU3AYn4kMO0IMnVX8VH-M&amp;index=3&quot;&gt;www.youtube.com/watch?v=ZpP-i4&amp;hellip;&lt;/a&gt; &lt;br /&gt;&lt;br /&gt;(Wii) Toad&amp;#8217;s Factory &lt;br /&gt;Music by Panman 14: &lt;a class=&quot;external&quot; href=&quot;https://www.deviantart.com/users/outgoing?https://www.youtube.com/watch?v=egaIBp9abkE&amp;t=221s&amp;list=PLH44RMqfEN8uKR5D7ZLURmtM5lfG-y-Yr&amp;index=14&quot;&gt;www.youtube.com/watch?v=egaIBp&amp;hellip;&lt;/a&gt; &lt;br /&gt;&lt;br /&gt;(Wii) Coconut Mall &lt;br /&gt;Music by insaneintherainmusic: &lt;br /&gt;&lt;br /&gt;&lt;a class=&quot;external&quot; href=&quot;https://www.deviantart.com/users/outgoing?https://www.youtube.com/watch?v=EJcdD51SDAQ&quot;&gt;www.youtube.com/watch?v=EJcdD5&amp;hellip;&lt;/a&gt; &lt;br /&gt;&lt;br /&gt;Flower Cup:&lt;br /&gt;&lt;br /&gt;(Wii) DK Summit &lt;br /&gt;Music by Panman 14: &lt;a class=&quot;external&quot; href=&quot;https://www.deviantart.com/users/outgoing?https://www.youtube.com/watch?v=wxWOBeGVP18&amp;t=84s&quot;&gt;www.youtube.com/watch?v=wxWOBe&amp;hellip;&lt;/a&gt; &lt;br /&gt;&lt;br /&gt;(3DS) Rock Rock Mountain &lt;a class=&quot;external&quot; href=&quot;https://www.deviantart.com/users/outgoing?https://www.youtube.com/watch?v=oeP-6UJboMY&amp;t=74s&quot;&gt;www.youtube.com/watch?v=oeP-6U&amp;hellip;&lt;/a&gt; &lt;br /&gt;&lt;br /&gt;(UMK) Peach&#039;s Castle&lt;br /&gt;&lt;br /&gt;(UMK) Bowser&amp;#8217;s Casino &lt;br /&gt;Theme from Super Mario 3D World: &lt;a class=&quot;external&quot; href=&quot;https://www.deviantart.com/users/outgoing?https://www.youtube.com/watch?v=fWRMSn63yb0&quot;&gt;www.youtube.com/watch?v=fWRMSn&amp;hellip;&lt;/a&gt; &lt;br /&gt;&lt;br /&gt;Star Cup:&lt;br /&gt;&lt;br /&gt;(UMK) New Donk City &lt;a class=&quot;external&quot; href=&quot;https://www.deviantart.com/users/outgoing?https://www.youtube.com/watch?v=m-BCi7fH2yo&quot;&gt;www.youtube.com/watch?v=m-BCi7&amp;hellip;&lt;/a&gt; &lt;br /&gt;&lt;br /&gt;(UMK) Wiggler&amp;#8217;s Treehouse (Based on Soda Jungle from New SMB U)&lt;br /&gt;&lt;br /&gt;(Arcade) Banana Ruins ( Based on the track from Mario Kart Arcade GP 1 and 2 and DK from MK7 and 8/Deluxe)&lt;br /&gt;&lt;br /&gt;(UMK) Shy Guy Express&lt;br /&gt;&lt;br /&gt;Music by Panman 14: &lt;a class=&quot;external&quot; href=&quot;https://www.deviantart.com/users/outgoing?https://www.youtube.com/watch?v=qTFcOrTtiCA&amp;index=9&amp;list=PLH44RMqfEN8ssU3AYn4kMO0IMnVX8VH-M&quot;&gt;www.youtube.com/watch?v=qTFcOr&amp;hellip;&lt;/a&gt;&lt;br /&gt;&lt;br /&gt;&lt;a class=&quot;external&quot; href=&quot;https://www.deviantart.com/users/outgoing?https://www.youtube.com/watch?v=tOHwAqaKdh8&amp;list=PLH44RMqfEN8ssU3AYn4kMO0IMnVX8VH-M&amp;index=11&quot;&gt;www.youtube.com/watch?v=tOHwAq&amp;hellip;&lt;/a&gt;&lt;br /&gt;&lt;br /&gt;&lt;a class=&quot;external&quot; href=&quot;https://www.deviantart.com/users/outgoing?https://www.youtube.com/watch?v=m2v2hhVh9zk&amp;list=PLH44RMqfEN8ssU3AYn4kMO0IMnVX8VH-M&amp;index=12&quot;&gt;www.youtube.com/watch?v=m2v2hh&amp;hellip;&lt;/a&gt; &lt;br /&gt;&lt;br /&gt;&lt;a class=&quot;external&quot; href=&quot;https://www.deviantart.com/users/outgoing?https://www.youtube.com/watch?v=8WDqC8Jt6p4&amp;index=13&amp;list=PLH44RMqfEN8ssU3AYn4kMO0IMnVX8VH-M&quot;&gt;www.youtube.com/watch?v=8WDqC8&amp;hellip;&lt;/a&gt; &lt;br /&gt;&lt;br /&gt;Special Cup:&lt;br /&gt;&lt;br /&gt;(UMK) Bowser&#039;s Castle (Based on the GBA Bowser Castle 1 track and Bowser&amp;#8217;s castle from Wii, 3DS and 8)&lt;br /&gt;&lt;br /&gt;(UMK) Melodia Stadium: (Based on the level from Harmoknight) &lt;a class=&quot;external&quot; href=&quot;https://www.deviantart.com/users/outgoing?https://www.youtube.com/watch?v=na01c-IdInM&quot;&gt;www.youtube.com/watch?v=na01c-&amp;hellip;&lt;/a&gt; &lt;br /&gt;&lt;br /&gt;(DS) Waluigi Pinball &lt;br /&gt;Music by Qumu Music: &lt;a class=&quot;external&quot; href=&quot;https://www.deviantart.com/users/outgoing?https://www.youtube.com/watch?v=-Zl_TIv7drg&quot;&gt;www.youtube.com/watch?v=-Zl_TI&amp;hellip;&lt;/a&gt; &lt;br /&gt;&lt;br /&gt;&lt;br /&gt;(UMK) Rainbow Road (Based on the tracks from GCN, 7 and 8)&lt;br /&gt;Music by Panman 14: &lt;a class=&quot;external&quot; href=&quot;https://www.deviantart.com/users/outgoing?https://www.youtube.com/watch?v=pZ5dzN0xtws&quot;&gt;www.youtube.com/watch?v=pZ5dzN&amp;hellip;&lt;/a&gt; &lt;br /&gt;&lt;br /&gt;Shell Cup:&lt;br /&gt;&lt;br /&gt;(DS) Airship Fortress &lt;br /&gt;Music by Panman 14: &lt;a class=&quot;external&quot; href=&quot;https://www.deviantart.com/users/outgoing?https://www.youtube.com/watch?v=wWZEndJsom0&quot;&gt;www.youtube.com/watch?v=wWZEnd&amp;hellip;&lt;/a&gt; &lt;br /&gt;&lt;br /&gt;(Wii) Moonview Highway &lt;br /&gt;Music by JoshhMarshh: &lt;a class=&quot;external&quot; href=&quot;https://www.deviantart.com/users/outgoing?https://www.youtube.com/watch?v=vTe8Xp5CD_Q&quot;&gt;www.youtube.com/watch?v=vTe8Xp&amp;hellip;&lt;/a&gt; &lt;br /&gt;&lt;br /&gt;(Wii) Daisy Circuit (Based on the track from MK Wii) &lt;a class=&quot;external&quot; href=&quot;https://www.deviantart.com/users/outgoing?https://www.youtube.com/watch?v=YbXD2hbrOv8&quot;&gt;www.youtube.com/watch?v=YbXD2h&amp;hellip;&lt;/a&gt; &lt;br /&gt;&lt;br /&gt;(DS) Luigi&amp;#8217;s Mansion &lt;br /&gt;Music by Panman 14: &lt;a class=&quot;external&quot; href=&quot;https://www.deviantart.com/users/outgoing?https://www.youtube.com/watch?v=UP3my3J2-Vw&amp;t=365s&quot;&gt;www.youtube.com/watch?v=UP3my3&amp;hellip;&lt;/a&gt; &lt;br /&gt;&lt;br /&gt;Banana Cup:&lt;br /&gt;&lt;br /&gt;(Wii) Dry Dry Ruins &lt;br /&gt;Music by Panman 14: &lt;a class=&quot;external&quot; href=&quot;https://www.deviantart.com/users/outgoing?https://www.youtube.com/watch?v=l287l7osOTQ&amp;list=PLH44RMqfEN8uKR5D7ZLURmtM5lfG-y-Yr&amp;index=12&quot;&gt;www.youtube.com/watch?v=l287l7&amp;hellip;&lt;/a&gt; &lt;br /&gt;&lt;br /&gt;(3DS) Wario Shipyard (Based on the track from MK7) &lt;a class=&quot;external&quot; href=&quot;https://www.deviantart.com/users/outgoing?https://www.youtube.com/watch?v=4xIVzyzjsps&quot;&gt;www.youtube.com/watch?v=4xIVzy&amp;hellip;&lt;/a&gt; &lt;br /&gt;&lt;br /&gt;(Wii) Mushroom Gorge (Based on the track from MK Wii and MK7) &lt;a class=&quot;external&quot; href=&quot;https://www.deviantart.com/users/outgoing?https://www.youtube.com/watch?v=enXe-xA2wmU&quot;&gt;www.youtube.com/watch?v=enXe-x&amp;hellip;&lt;/a&gt; &lt;br /&gt;&lt;br /&gt;(3DS) Maka Wuhu (Based on the track from MK7) &lt;a class=&quot;external&quot; href=&quot;https://www.deviantart.com/users/outgoing?https://www.youtube.com/watch?v=aEdxrXIPixk&quot;&gt;www.youtube.com/watch?v=aEdxrX&amp;hellip;&lt;/a&gt; &lt;br /&gt;&lt;br /&gt;Egg Cup:&lt;br /&gt;&lt;br /&gt;(UMK) Yoshi&amp;#8217;s Island &lt;br /&gt;Music by Panman 14: &lt;a class=&quot;external&quot; href=&quot;https://www.deviantart.com/users/outgoing?https://www.youtube.com/watch?v=isZUToUllSs&quot;&gt;www.youtube.com/watch?v=isZUTo&amp;hellip;&lt;/a&gt; &lt;br /&gt;&lt;br /&gt;&lt;br /&gt;(UMK) King Dedede&amp;#8217;s Castle &lt;a class=&quot;external&quot; href=&quot;https://www.deviantart.com/users/outgoing?https://www.youtube.com/watch?v=M0Bdd2F5X-o&quot;&gt;www.youtube.com/watch?v=M0Bdd2&amp;hellip;&lt;/a&gt; &lt;br /&gt;&lt;br /&gt;&lt;br /&gt;(DS) Peach&amp;#8217;s Garden &lt;br /&gt;Music by Panman 14: &lt;a class=&quot;external&quot; href=&quot;https://www.deviantart.com/users/outgoing?https://www.youtube.com/watch?v=VmZR46_O6-E&amp;t=51s&quot;&gt;www.youtube.com/watch?v=VmZR46&amp;hellip;&lt;/a&gt; &lt;br /&gt;&lt;br /&gt;&lt;br /&gt;(N64) Kalimari Desert &lt;br /&gt;Music by Panman 14: &lt;a class=&quot;external&quot; href=&quot;https://www.deviantart.com/users/outgoing?https://www.youtube.com/watch?v=9NCS5RSSc60&amp;list=PLH44RMqfEN8uKR5D7ZLURmtM5lfG-y-Yr&amp;index=33&quot;&gt;www.youtube.com/watch?v=9NCS5R&amp;hellip;&lt;/a&gt;&lt;br /&gt;&lt;br /&gt;Leaf Cup:&lt;br /&gt;&lt;br /&gt;(Wii) Maple Treeway &lt;br /&gt;Music by Panman 14: &lt;a class=&quot;external&quot; href=&quot;https://www.deviantart.com/users/outgoing?https://www.youtube.com/watch?v=EH0mcrdx4-c&amp;list=PLH44RMqfEN8uKR5D7ZLURmtM5lfG-y-Yr&amp;index=37&quot;&gt;www.youtube.com/watch?v=EH0mcr&amp;hellip;&lt;/a&gt; &lt;br /&gt;&lt;br /&gt;Ghost Valley (The course is divided into 3 sections based on the three Ghost Valley Tracks.) &lt;a class=&quot;external&quot; href=&quot;https://www.deviantart.com/users/outgoing?https://www.youtube.com/watch?v=jYcdMWib8js&quot;&gt;www.youtube.com/watch?v=jYcdMW&amp;hellip;&lt;/a&gt; &lt;br /&gt;&lt;br /&gt;Excitebike Arena: &lt;a class=&quot;external&quot; href=&quot;https://www.deviantart.com/users/outgoing?https://www.youtube.com/watch?v=KIw_5vaSPRs&quot;&gt;www.youtube.com/watch?v=KIw_5v&amp;hellip;&lt;/a&gt; &lt;br /&gt;&lt;br /&gt;Sky Garden &lt;br /&gt;Music by Panman 14: &lt;a class=&quot;external&quot; href=&quot;https://www.deviantart.com/users/outgoing?https://www.youtube.com/watch?v=LCnHcQCL8VY&amp;list=PLH44RMqfEN8uKR5D7ZLURmtM5lfG-y-Yr&amp;index=29&quot;&gt;www.youtube.com/watch?v=LCnHcQ&amp;hellip;&lt;/a&gt;&lt;br /&gt;&lt;br /&gt;Sonic Cup:&lt;br /&gt;&lt;br /&gt;Studiopolis Zone: &lt;a class=&quot;external&quot; href=&quot;https://www.deviantart.com/users/outgoing?https://www.youtube.com/watch?v=JCsCuOgZjeo&quot;&gt;www.youtube.com/watch?v=JCsCuO&amp;hellip;&lt;/a&gt; &lt;br /&gt;&lt;br /&gt;Mirage Saloon Zone &lt;a class=&quot;external&quot; href=&quot;https://www.deviantart.com/users/outgoing?https://www.youtube.com/watch?v=-qxUB1EkKtM&quot;&gt;www.youtube.com/watch?v=-qxUB1&amp;hellip;&lt;/a&gt; &lt;br /&gt;&lt;br /&gt;&lt;a class=&quot;external&quot; href=&quot;https://www.deviantart.com/users/outgoing?https://www.youtube.com/watch?v=rkFuVDMyk1k&amp;t=6s&quot;&gt;www.youtube.com/watch?v=rkFuVD&amp;hellip;&lt;/a&gt;&lt;br /&gt;&lt;br /&gt;&lt;a class=&quot;external&quot; href=&quot;https://www.deviantart.com/users/outgoing?https://www.youtube.com/watch?v=ptP6A2pkSF0&quot;&gt;www.youtube.com/watch?v=ptP6A2&amp;hellip;&lt;/a&gt; &lt;br /&gt;&lt;br /&gt;Green Hill Zone &lt;a class=&quot;external&quot; href=&quot;https://www.deviantart.com/users/outgoing?https://www.youtube.com/watch?v=kI3NKZ1iaBc&amp;t=4s&quot;&gt;www.youtube.com/watch?v=kI3NKZ&amp;hellip;&lt;/a&gt; &lt;br /&gt;&lt;br /&gt;Chemical Plant Zone &lt;a class=&quot;external&quot; href=&quot;https://www.deviantart.com/users/outgoing?https://www.youtube.com/watch?v=Q96aeSuzXpE&quot;&gt;www.youtube.com/watch?v=Q96aeS&amp;hellip;&lt;/a&gt; &lt;br /&gt;&lt;br /&gt;Nintendo Cup:&lt;br /&gt;&lt;br /&gt;Animal Crossing: &lt;a class=&quot;external&quot; href=&quot;https://www.deviantart.com/users/outgoing?https://www.youtube.com/watch?v=fhZAd-2fsew&quot;&gt;www.youtube.com/watch?v=fhZAd-&amp;hellip;&lt;/a&gt;&lt;br /&gt;&lt;br /&gt;&lt;a class=&quot;external&quot; href=&quot;https://www.deviantart.com/users/outgoing?https://www.youtube.com/watch?v=Hej8cQRMPSU&quot;&gt;www.youtube.com/watch?v=Hej8cQ&amp;hellip;&lt;/a&gt;&lt;br /&gt;&lt;br /&gt;&lt;a class=&quot;external&quot; href=&quot;https://www.deviantart.com/users/outgoing?https://www.youtube.com/watch?v=GLuMJEYhwN0&quot;&gt;www.youtube.com/watch?v=GLuMJE&amp;hellip;&lt;/a&gt;&lt;br /&gt;&lt;br /&gt;&lt;a class=&quot;external&quot; href=&quot;https://www.deviantart.com/users/outgoing?https://www.youtube.com/watch?v=LiFp41Xb1r4&amp;t=23s&quot;&gt;www.youtube.com/watch?v=LiFp41&amp;hellip;&lt;/a&gt;&lt;br /&gt;&lt;br /&gt;(Wii U/Switch) Mute City: &lt;a class=&quot;external&quot; href=&quot;https://www.deviantart.com/users/outgoing?https://www.youtube.com/watch?v=ixRUMwm43cA&quot;&gt;www.youtube.com/watch?v=ixRUMw&amp;hellip;&lt;/a&gt; &lt;br /&gt;&lt;br /&gt;(Wii U/Switch) Hyrule Circuit: &lt;a class=&quot;external&quot; href=&quot;https://www.deviantart.com/users/outgoing?https://www.youtube.com/watch?v=8huuWx1c4ac&quot;&gt;www.youtube.com/watch?v=8huuWx&amp;hellip;&lt;/a&gt; &lt;br /&gt;&lt;br /&gt;(UMK) Saffron City: &lt;a class=&quot;external&quot; href=&quot;https://www.deviantart.com/users/outgoing?https://www.youtube.com/watch?v=rxySv1HFlQ0&amp;index=28&amp;list=PL6akIKaXBeU2mXSuKQbkaZ_pU7SXG3iJA&quot;&gt;www.youtube.com/watch?v=rxySv1&amp;hellip;&lt;/a&gt; &lt;br /&gt;&lt;br /&gt;Feather Cup:&lt;br /&gt;&lt;br /&gt;(GNC) Peach Beach: &lt;a class=&quot;external&quot; href=&quot;https://www.deviantart.com/users/outgoing?https://www.youtube.com/watch?v=9x4WPnkGVDU&quot;&gt;www.youtube.com/watch?v=9x4WPn&amp;hellip;&lt;/a&gt; &lt;br /&gt;&lt;br /&gt;(3DS) Shy Guy Bazaar: &lt;a class=&quot;external&quot; href=&quot;https://www.deviantart.com/users/outgoing?https://www.youtube.com/watch?v=1FPSreg2JOI&quot;&gt;www.youtube.com/watch?v=1FPSre&amp;hellip;&lt;/a&gt; &lt;br /&gt;&lt;br /&gt;(UMK) Cannon Canyon (taking place in DK Island, it takes place in a canyon similar to the Grand Canyon but its filled with canyons that launch you to different places.)&lt;br /&gt;&lt;br /&gt;(Wii U/Switch) Mount Wario: &lt;a class=&quot;external&quot; href=&quot;https://www.deviantart.com/users/outgoing?https://www.youtube.com/watch?v=cO0KXMZavuw&quot;&gt;www.youtube.com/watch?v=cO0KXM&amp;hellip;&lt;/a&gt; &lt;br /&gt;&lt;br /&gt;Cherry Cup:&lt;br /&gt;&lt;br /&gt;(SNES) Rainbow Road: Music by Panman 14: &lt;a class=&quot;external&quot; href=&quot;https://www.deviantart.com/users/outgoing?https://www.youtube.com/watch?v=RsGhB&quot;&gt;www.youtube.com/watch?v=RsGhB&lt;/a&gt; cFfBA&amp;amp;t=57s &lt;br /&gt;&lt;br /&gt;(UMK) Plessie&amp;#8217;s Raging Rapids (similar to the stage Plessie&#039;s Plunging Falls in Super Mario 3D World) &lt;br /&gt;&lt;br /&gt;(Wii U/ Switch) Electrodrome: &lt;a class=&quot;external&quot; href=&quot;https://www.deviantart.com/users/outgoing?https://www.youtube.com/watch?v=IG76TYOQ_08&quot;&gt;www.youtube.com/watch?v=IG76TY&amp;hellip;&lt;/a&gt; &lt;br /&gt;&lt;br /&gt;(MKDD) Mushroom Bridge: &lt;a class=&quot;external&quot; href=&quot;https://www.deviantart.com/users/outgoing?https://www.youtube.com/watch?v=mFeVCFDouzQ&quot;&gt;www.youtube.com/watch?v=mFeVCF&amp;hellip;&lt;/a&gt; &lt;br /&gt;&lt;br /&gt;Bowser Cup:&lt;br /&gt;&lt;br /&gt;SNES Bowser&amp;#8217;s Castle: &lt;a class=&quot;external&quot; href=&quot;https://www.deviantart.com/users/outgoing?https://www.youtube.com/watch?v=4Rz3VkBbOrE&quot;&gt;www.youtube.com/watch?v=4Rz3Vk&amp;hellip;&lt;/a&gt; &lt;br /&gt;&lt;br /&gt;N64 Bowser&#039;s Castle: &lt;a class=&quot;external&quot; href=&quot;https://www.deviantart.com/users/outgoing?https://www.youtube.com/watch?v=roCuxOkUfPU&quot;&gt;www.youtube.com/watch?v=roCuxO&amp;hellip;&lt;/a&gt; &lt;br /&gt;&lt;br /&gt;GBA Bowser&#039;s Castle: &lt;a class=&quot;external&quot; href=&quot;https://www.deviantart.com/users/outgoing?https://www.youtube.com/watch?v=qYmjyXxS608&quot;&gt;www.youtube.com/watch?v=qYmjyX&amp;hellip;&lt;/a&gt; &lt;br /&gt;&lt;br /&gt;Wii Bowser&#039;s Castle: &lt;a class=&quot;external&quot; href=&quot;https://www.deviantart.com/users/outgoing?https://www.youtube.com/watch?v=YuWRMjyDlwg&quot;&gt;www.youtube.com/watch?v=YuWRMj&amp;hellip;&lt;/a&gt; &lt;br /&gt;&lt;br /&gt;Golden Mushroom Cup:&lt;br /&gt;&lt;br /&gt;(GBA) Yoshi Desert: &lt;a class=&quot;external&quot; href=&quot;https://www.deviantart.com/users/outgoing?https://www.youtube.com/watch?v=K4vYoaUdkiw&quot;&gt;www.youtube.com/watch?v=K4vYoa&amp;hellip;&lt;/a&gt; &lt;br /&gt;&lt;br /&gt;(DS) Baby Park: &lt;a class=&quot;external&quot; href=&quot;https://www.deviantart.com/users/outgoing?https://www.youtube.com/watch?v=yta1D2aaLI8&quot;&gt;www.youtube.com/watch?v=yta1D2&amp;hellip;&lt;/a&gt; &lt;br /&gt;&lt;br /&gt;(Wii U/Switch) Cloudtop Cruise: &lt;a class=&quot;external&quot; href=&quot;https://www.deviantart.com/users/outgoing?https://www.youtube.com/watch?v=YAGy1ZZp2ik&quot;&gt;www.youtube.com/watch?v=YAGy1Z&amp;hellip;&lt;/a&gt; &lt;br /&gt;&lt;br /&gt;(UMK) Goomba Caverns (based on the concept of drills for Mario Kart 8 before anti-gravity, this track is underground.)&lt;br /&gt;&lt;br /&gt;Battle Courses:&lt;br /&gt;&lt;br /&gt;(UMK) King Dedede&amp;#8217;s Arena: &lt;a class=&quot;external&quot; href=&quot;https://www.deviantart.com/users/outgoing?https://www.youtube.com/watch?v=-DJ9TFaTifQ&quot;&gt;www.youtube.com/watch?v=-DJ9TF&amp;hellip;&lt;/a&gt; &lt;br /&gt;&lt;br /&gt;(Switch) Urchin Underpass: &lt;a class=&quot;external&quot; href=&quot;https://www.deviantart.com/users/outgoing?https://www.youtube.com/watch?v=1zfZZneMeCg&quot;&gt;www.youtube.com/watch?v=1zfZZn&amp;hellip;&lt;/a&gt; &lt;br /&gt;&lt;br /&gt;(Wii) Funky Stadium: &lt;a class=&quot;external&quot; href=&quot;https://www.deviantart.com/users/outgoing?https://www.youtube.com/watch?v=F2YdYKEnQRA&quot;&gt;www.youtube.com/watch?v=F2YdYK&amp;hellip;&lt;/a&gt; &lt;br /&gt;&lt;br /&gt;(Wii) Chain Chomp Wheel: &lt;a class=&quot;external&quot; href=&quot;https://www.deviantart.com/users/outgoing?https://www.youtube.com/watch?v=LaotLhlLAZ8&quot;&gt;www.youtube.com/watch?v=LaotLh&amp;hellip;&lt;/a&gt; &lt;br /&gt;&lt;br /&gt;(Wii U/Switch) Dragon Palace: &lt;a class=&quot;external&quot; href=&quot;https://www.deviantart.com/users/outgoing?https://www.youtube.com/watch?v=cYCSm2biM2M&quot;&gt;www.youtube.com/watch?v=cYCSm2&amp;hellip;&lt;/a&gt; &lt;br /&gt;&lt;br /&gt;(DS) Twilight House: &lt;a class=&quot;external&quot; href=&quot;https://www.deviantart.com/users/outgoing?https://www.youtube.com/watch?v=nJay5CakwwE&quot;&gt;www.youtube.com/watch?v=nJay5C&amp;hellip;&lt;/a&gt; &lt;br /&gt;&lt;br /&gt;(3DS) Honey Bee Hive: &lt;a class=&quot;external&quot; href=&quot;https://www.deviantart.com/users/outgoing?https://www.youtube.com/watch?v=TXZ1-INXhEM&quot;&gt;www.youtube.com/watch?v=TXZ1-I&amp;hellip;&lt;/a&gt; &lt;br /&gt;&lt;br /&gt;(Wii) Cookie Land: &lt;a class=&quot;external&quot; href=&quot;https://www.deviantart.com/users/outgoing?https://www.youtube.com/watch?v=8JlKOkVjyOU&quot;&gt;www.youtube.com/watch?v=8JlKOk&amp;hellip;&lt;/a&gt; &lt;br /&gt;&lt;br /&gt;(N64) Skyscraper: &lt;a class=&quot;external&quot; href=&quot;https://www.deviantart.com/users/outgoing?https://www.youtube.com/watch?v=NpZXdVMCuRU&quot;&gt;www.youtube.com/watch?v=NpZXdV&amp;hellip;&lt;/a&gt; &lt;br /&gt;&lt;br /&gt;(SNES) Battle Course 4: &lt;a class=&quot;external&quot; href=&quot;https://www.deviantart.com/users/outgoing?https://www.youtube.com/watch?v=8MJg5LOWIL8&quot;&gt;www.youtube.com/watch?v=8MJg5L&amp;hellip;&lt;/a&gt; &lt;br /&gt;&lt;br /&gt;(Wii) Thwomp Desert: &lt;a class=&quot;external&quot; href=&quot;https://www.deviantart.com/users/outgoing?https://www.youtube.com/watch?v=PjW5eQIeCv0&quot;&gt;www.youtube.com/watch?v=PjW5eQ&amp;hellip;&lt;/a&gt; &lt;br /&gt;&lt;br /&gt;(Wii) Block Plaza: &lt;a class=&quot;external&quot; href=&quot;https://www.deviantart.com/users/outgoing?https://www.youtube.com/watch?v=AwXf_Wx2GR0&quot;&gt;www.youtube.com/watch?v=AwXf_W&amp;hellip;&lt;/a&gt; &lt;br /&gt;&lt;br /&gt;(DS) Pipe Plaza &lt;br /&gt;&lt;br /&gt;(Wii) Delfino Pier: &lt;a class=&quot;external&quot; href=&quot;https://www.deviantart.com/users/outgoing?https://www.youtube.com/watch?v=pDp9Lp42XlY&quot;&gt;www.youtube.com/watch?v=pDp9Lp&amp;hellip;&lt;/a&gt;&lt;br /&gt;&lt;div&gt;&lt;img src=&quot;https://t00.deviantart.net/oste7UG8EgeT43uS0dvDSmmED5Q=/300x200/filters:fixed_height(100,100):origin()/pre00/113a/th/pre/f/2019/020/c/8/untitled_by_sowells-dcxj9oe.png&quot; alt=&quot;thumbnail&quot; /&gt;&lt;/div&gt;</description>            </item>
        <item>
            <title>Agent Helix With Pistol</title>
            <link>https://usaporkchops.deviantart.com/art/Agent-Helix-With-Pistol-781920645</link>
            <guid isPermaLink="true">https://usaporkchops.deviantart.com/art/Agent-Helix-With-Pistol-781920645</guid>
            <pubDate>Sun, 20 Jan 2019 00:45:20 PST</pubDate>
            <media:title type="plain">Agent Helix With Pistol</media:title>
            <media:keywords></media:keywords>
            <media:rating>nonadult</media:rating>
            <media:category label="Open Format">digitalart/paintings/people/openformat</media:category>
            <media:credit role="author" scheme="urn:ebu">Usaporkchops</media:credit>
            <media:credit role="author" scheme="urn:ebu">https://a.deviantart.net/avatars/u/s/usaporkchops.jpg?1</media:credit>
            <media:copyright url="https://usaporkchops.deviantart.com">Copyright 2019 Usaporkchops</media:copyright>            <media:description type="html">Agent Helix with the more traditional pistol from G.I. Joe.</media:description>            <media:thumbnail url="https://t00.deviantart.net/307EGrEK_1TXkipd2ATGc8Mjef8=/fit-in/150x150/filters:no_upscale():origin()/pre00/10d7/th/pre/f/2019/020/3/8/agent_helix_with_pistol_by_usaporkchops-dcxj9tx.png" height="150" width="100"/>            <media:thumbnail url="https://t00.deviantart.net/mesf1QmmUra2jKOjPG_Mb8fRaSI=/fit-in/300x900/filters:no_upscale():origin()/pre00/10d7/th/pre/f/2019/020/3/8/agent_helix_with_pistol_by_usaporkchops-dcxj9tx.png" height="450" width="300"/>            <media:thumbnail url="https://t00.deviantart.net/Ykk79zTj-jw4NKyNdEb8KqVY83k=/300x200/filters:fixed_height(100,100):origin()/pre00/10d7/th/pre/f/2019/020/3/8/agent_helix_with_pistol_by_usaporkchops-dcxj9tx.png" height="200" width="133"/>            <media:content url="https://pre00.deviantart.net/10d7/th/pre/f/2019/020/3/8/agent_helix_with_pistol_by_usaporkchops-dcxj9tx.png" height="1095" width="730" medium="image"/>
            <description>Agent Helix with the more traditional pistol from G.I. Joe.&lt;br /&gt;&lt;div&gt;&lt;img src=&quot;https://t00.deviantart.net/Ykk79zTj-jw4NKyNdEb8KqVY83k=/300x200/filters:fixed_height(100,100):origin()/pre00/10d7/th/pre/f/2019/020/3/8/agent_helix_with_pistol_by_usaporkchops-dcxj9tx.png&quot; alt=&quot;thumbnail&quot; /&gt;&lt;/div&gt;</description>            </item>
        <item>
            <title>Rupees</title>
            <link>https://jinchuurikihunter.deviantart.com/art/Rupees-781920391</link>
            <guid isPermaLink="true">https://jinchuurikihunter.deviantart.com/art/Rupees-781920391</guid>
            <pubDate>Sun, 20 Jan 2019 00:45:20 PST</pubDate>
            <media:title type="plain">Rupees</media:title>
            <media:keywords></media:keywords>
            <media:rating>nonadult</media:rating>
            <media:category label="Games">fanart/cartoons/digital/games</media:category>
            <media:credit role="author" scheme="urn:ebu">JinchuurikiHunter</media:credit>
            <media:credit role="author" scheme="urn:ebu">https://a.deviantart.net/avatars/j/i/jinchuurikihunter.jpg?3</media:credit>
            <media:copyright url="https://jinchuurikihunter.deviantart.com">Copyright 2019 JinchuurikiHunter</media:copyright>            <media:description type="html">I can&#039;t be the only one to have thought of this.&lt;br /&gt;They&#039;re rupees.&lt;br /&gt;You use rupees to buy things in India.</media:description>            <media:thumbnail url="https://t00.deviantart.net/seAdn56Yy8pwRx4hMmnUsjZzs74=/fit-in/150x150/filters:no_upscale():origin()/pre00/86db/th/pre/f/2019/020/0/5/rupees_by_jinchuurikihunter-dcxj9mv.jpg" height="150" width="82"/>            <media:thumbnail url="https://t00.deviantart.net/B5EL21yNEnpSwn4QjRTkALtUzak=/fit-in/300x900/filters:no_upscale():origin()/pre00/86db/th/pre/f/2019/020/0/5/rupees_by_jinchuurikihunter-dcxj9mv.jpg" height="550" width="300"/>            <media:thumbnail url="https://t00.deviantart.net/cehOQAXDiqoRH9VG61u6ZsU4Ra0=/300x200/filters:fixed_height(100,100):origin()/pre00/86db/th/pre/f/2019/020/0/5/rupees_by_jinchuurikihunter-dcxj9mv.jpg" height="200" width="109"/>            <media:content url="https://pre00.deviantart.net/86db/th/pre/f/2019/020/0/5/rupees_by_jinchuurikihunter-dcxj9mv.jpg" height="1210" width="660" medium="image"/>
            <description>I can&#039;t be the only one to have thought of this.&lt;br /&gt;They&#039;re rupees.&lt;br /&gt;You use rupees to buy things in India.&lt;br /&gt;&lt;div&gt;&lt;img src=&quot;https://t00.deviantart.net/cehOQAXDiqoRH9VG61u6ZsU4Ra0=/300x200/filters:fixed_height(100,100):origin()/pre00/86db/th/pre/f/2019/020/0/5/rupees_by_jinchuurikihunter-dcxj9mv.jpg&quot; alt=&quot;thumbnail&quot; /&gt;&lt;/div&gt;</description>            </item>
        <item>
            <title>Spider-Gwen</title>
            <link>https://sc-comics.deviantart.com/art/Spider-Gwen-781920189</link>
            <guid isPermaLink="true">https://sc-comics.deviantart.com/art/Spider-Gwen-781920189</guid>
            <pubDate>Sun, 20 Jan 2019 00:45:19 PST</pubDate>
            <media:title type="plain">Spider-Gwen</media:title>
            <media:keywords></media:keywords>
            <media:rating>nonadult</media:rating>
            <media:category label="Movies &amp; TV">fanart/digital/drawings/movies</media:category>
            <media:credit role="author" scheme="urn:ebu">sc-comics</media:credit>
            <media:credit role="author" scheme="urn:ebu">https://a.deviantart.net/avatars/s/c/sc-comics.jpg?2</media:credit>
            <media:copyright url="https://sc-comics.deviantart.com">Copyright 2019 sc-comics</media:copyright>             <creativeCommons:license>http://creativecommons.org/licenses/by-nc-nd/3.0/</creativeCommons:license>
            <media:description type="html">Spider-Gwen from Spider-man into the Spider-Verse</media:description>            <media:thumbnail url="https://t00.deviantart.net/oupncS7XARpMCqcGXCaS0NPAYOE=/fit-in/150x150/filters:no_upscale():origin()/pre00/a0e8/th/pre/f/2019/020/c/5/c5c5f11d5b2908d2f96c74314c7edf86-dcxj9h9.jpg" height="150" width="142"/>            <media:thumbnail url="https://t00.deviantart.net/kIdf01vzlafeVhyIM_akSO6QldE=/fit-in/300x900/filters:no_upscale():origin()/pre00/a0e8/th/pre/f/2019/020/c/5/c5c5f11d5b2908d2f96c74314c7edf86-dcxj9h9.jpg" height="318" width="300"/>            <media:thumbnail url="https://t00.deviantart.net/GHzzoo36XUHmONhk_ohSyf-de0E=/300x200/filters:fixed_height(100,100):origin()/pre00/a0e8/th/pre/f/2019/020/c/5/c5c5f11d5b2908d2f96c74314c7edf86-dcxj9h9.jpg" height="200" width="189"/>            <media:content url="https://pre00.deviantart.net/a0e8/th/pre/f/2019/020/c/5/c5c5f11d5b2908d2f96c74314c7edf86-dcxj9h9.jpg" height="920" width="869" medium="image"/>
            <description>Spider-Gwen from Spider-man into the Spider-Verse&lt;br /&gt;&lt;div&gt;&lt;img src=&quot;https://t00.deviantart.net/GHzzoo36XUHmONhk_ohSyf-de0E=/300x200/filters:fixed_height(100,100):origin()/pre00/a0e8/th/pre/f/2019/020/c/5/c5c5f11d5b2908d2f96c74314c7edf86-dcxj9h9.jpg&quot; alt=&quot;thumbnail&quot; /&gt;&lt;/div&gt;</description>            </item>
        <item>
            <title>Chibi</title>
            <link>https://justsivkaart.deviantart.com/art/Chibi-781920449</link>
            <guid isPermaLink="true">https://justsivkaart.deviantart.com/art/Chibi-781920449</guid>
            <pubDate>Sun, 20 Jan 2019 00:45:18 PST</pubDate>
            <media:title type="plain">Chibi</media:title>
            <media:keywords></media:keywords>
            <media:rating>nonadult</media:rating>
            <media:category label="Other">fanart/traditional/drawings/other</media:category>
            <media:credit role="author" scheme="urn:ebu">justsivkaart</media:credit>
            <media:credit role="author" scheme="urn:ebu">https://a.deviantart.net/avatars/j/u/justsivkaart.jpg?2</media:credit>
            <media:copyright url="https://justsivkaart.deviantart.com">Copyright 2019 justsivkaart</media:copyright>            <media:description type="html"></media:description>            <media:thumbnail url="https://t00.deviantart.net/ABz_wlPRpg87VN6FuQmgMiwZgwk=/fit-in/150x150/filters:no_upscale():origin()/pre00/5d3f/th/pre/i/2019/020/a/7/chibi_by_justsivkaart-dcxj9oh.jpg" height="113" width="150"/>            <media:thumbnail url="https://t00.deviantart.net/6dxrLn38MoojBWjzQxg1-O3L4uY=/fit-in/300x900/filters:no_upscale():origin()/pre00/5d3f/th/pre/i/2019/020/a/7/chibi_by_justsivkaart-dcxj9oh.jpg" height="225" width="300"/>            <media:thumbnail url="https://t00.deviantart.net/8L5lbmV1op053XRlsyNJN5HUXOE=/300x200/filters:fixed_height(100,100):origin()/pre00/5d3f/th/pre/i/2019/020/a/7/chibi_by_justsivkaart-dcxj9oh.jpg" height="200" width="267"/>            <media:content url="https://pre00.deviantart.net/5d3f/th/pre/i/2019/020/a/7/chibi_by_justsivkaart-dcxj9oh.jpg" height="774" width="1032" medium="image"/>
            <description>&lt;br /&gt;&lt;div&gt;&lt;img src=&quot;https://t00.deviantart.net/8L5lbmV1op053XRlsyNJN5HUXOE=/300x200/filters:fixed_height(100,100):origin()/pre00/5d3f/th/pre/i/2019/020/a/7/chibi_by_justsivkaart-dcxj9oh.jpg&quot; alt=&quot;thumbnail&quot; /&gt;&lt;/div&gt;</description>            </item>
        <item>
            <title>Time&#039;s Revelation Chapter 7</title>
            <link>https://hawktooth.deviantart.com/art/Time-s-Revelation-Chapter-7-781920313</link>
            <guid isPermaLink="true">https://hawktooth.deviantart.com/art/Time-s-Revelation-Chapter-7-781920313</guid>
            <pubDate>Sun, 20 Jan 2019 00:45:14 PST</pubDate>
            <media:title type="plain">Time&#039;s Revelation Chapter 7</media:title>
            <media:keywords></media:keywords>
            <media:rating>nonadult</media:rating>
            <media:category label="General Fiction">literature/fanfiction/general</media:category>
            <media:credit role="author" scheme="urn:ebu">HawkTooth</media:credit>
            <media:credit role="author" scheme="urn:ebu">https://a.deviantart.net/avatars/h/a/hawktooth.jpg?1</media:credit>
            <media:copyright url="https://hawktooth.deviantart.com">Copyright 2019 HawkTooth</media:copyright>            <media:description type="html">The first chapter where events and setups from previous books really start coming into play, and where I started getting more into building this world, the history behind it and the forces really at play. Plus, a little more adept I hope at combining my own belief system with a fictional setting and not making it sound overtly fanatically religious... as well as starting to provide what I think could be pretty decent explanations in this setting for where the myths and legends of many other cultures could arise from.&lt;br /&gt;&lt;br /&gt;Chapter 6:&amp;nbsp;&lt;a href=&quot;http://fav.me/dcxfu9p&quot;&gt;fav.me/dcxfu9p&lt;/a&gt;&lt;br /&gt;Prologue:&amp;nbsp;&lt;a href=&quot;http://fav.me/dcx10ax&quot;&gt;fav.me/dcx10ax&lt;/a&gt;</media:description>

            <media:content url="https://hawktooth.deviantart.com/art/Time-s-Revelation-Chapter-7-781920313" medium="document" />
            <media:text type="html">Ember&#039;s Tale&#039;&lt;br /&gt;&lt;br /&gt; &amp;nbsp; &amp;nbsp;The sun was just beginning to break the horizon when we landed back in the village again. The others had managed to dispose already of the dead sea serpent (many, many burn marks and drag lines were in evidence up to the cliffs), and some of the villagers were working on the damaged houses while others tended to the injured and still-unconscious Vikings. Most of the ones who had been hit by the serpent&amp;#8217;s energy pulse were awake again, but a handful were still out. Toothless and I landed in front of the Great Hall, where Stoick was waiting. &lt;br /&gt; &amp;nbsp; &amp;nbsp;&amp;#8220;Are they gone?&amp;#8221; he asked as soon as we touched down. &amp;#8220;N</media:text>
            <description>The first chapter where events and setups from previous books really start coming into play, and where I started getting more into building this world, the history behind it and the forces really at play. Plus, a little more adept I hope at combining my own belief system with a fictional setting and not making it sound overtly fanatically religious... as well as starting to provide what I think could be pretty decent explanations in this setting for where the myths and legends of many other cultures could arise from.&lt;br /&gt;&lt;br /&gt;Chapter 6:&amp;nbsp;&lt;a href=&quot;http://fav.me/dcxfu9p&quot;&gt;fav.me/dcxfu9p&lt;/a&gt;&lt;br /&gt;Prologue:&amp;nbsp;&lt;a href=&quot;http://fav.me/dcx10ax&quot;&gt;fav.me/dcx10ax&lt;/a&gt;</description>            </item>
        <item>
            <title>Gershwyn&#039;s Quote from K9.5: The Tail-Wag Tour</title>
            <link>https://briancoukis88169.deviantart.com/art/Gershwyn-s-Quote-from-K9-5-The-Tail-Wag-Tour-781920347</link>
            <guid isPermaLink="true">https://briancoukis88169.deviantart.com/art/Gershwyn-s-Quote-from-K9-5-The-Tail-Wag-Tour-781920347</guid>
            <pubDate>Sun, 20 Jan 2019 00:45:10 PST</pubDate>
            <media:title type="plain">Gershwyn&#039;s Quote from K9.5: The Tail-Wag Tour</media:title>
            <media:keywords></media:keywords>
            <media:rating>nonadult</media:rating>
            <media:category label="Games">fanart/traditional/drawings/games</media:category>
            <media:credit role="author" scheme="urn:ebu">briancoukis88169</media:credit>
            <media:credit role="author" scheme="urn:ebu">https://a.deviantart.net/avatars/b/r/briancoukis88169.png?2</media:credit>
            <media:copyright url="https://briancoukis88169.deviantart.com">Copyright 2019 briancoukis88169</media:copyright>            <media:description type="html">This is my drawing of the ending part and Gershwyn&#039;s quote that&#039;s heard at the end of the opening cutscene in K9.5: The Tail-Wag Tour.</media:description>            <media:thumbnail url="https://t00.deviantart.net/TtM0VzpkMihZ98Ryx4pa24UxATY=/fit-in/150x150/filters:no_upscale():origin()/pre00/d335/th/pre/f/2019/020/0/4/gershwyn_s_quote_from_k9_5__the_tail_wag_tour_by_briancoukis88169-dcxj9ln.png" height="112" width="150"/>            <media:thumbnail url="https://t00.deviantart.net/FGG5ebIJ6ql7-CCo1Koe_BbRWtY=/fit-in/300x900/filters:no_upscale():origin()/pre00/d335/th/pre/f/2019/020/0/4/gershwyn_s_quote_from_k9_5__the_tail_wag_tour_by_briancoukis88169-dcxj9ln.png" height="223" width="300"/>            <media:thumbnail url="https://t00.deviantart.net/TCZZzSsFRT-HD9i0JgUlD6Jxj7Y=/300x200/filters:fixed_height(100,100):origin()/pre00/d335/th/pre/f/2019/020/0/4/gershwyn_s_quote_from_k9_5__the_tail_wag_tour_by_briancoukis88169-dcxj9ln.png" height="200" width="269"/>            <media:content url="https://orig00.deviantart.net/0e56/f/2019/020/0/4/gershwyn_s_quote_from_k9_5__the_tail_wag_tour_by_briancoukis88169-dcxj9ln.png" height="416" width="559" medium="image"/>
            <description>This is my drawing of the ending part and Gershwyn&#039;s quote that&#039;s heard at the end of the opening cutscene in K9.5: The Tail-Wag Tour.&lt;br /&gt;&lt;div&gt;&lt;img src=&quot;https://t00.deviantart.net/TCZZzSsFRT-HD9i0JgUlD6Jxj7Y=/300x200/filters:fixed_height(100,100):origin()/pre00/d335/th/pre/f/2019/020/0/4/gershwyn_s_quote_from_k9_5__the_tail_wag_tour_by_briancoukis88169-dcxj9ln.png&quot; alt=&quot;thumbnail&quot; /&gt;&lt;/div&gt;</description>            </item>
        <item>
            <title>Ivan</title>
            <link>https://lemonsieurc.deviantart.com/art/Ivan-781920518</link>
            <guid isPermaLink="true">https://lemonsieurc.deviantart.com/art/Ivan-781920518</guid>
            <pubDate>Sun, 20 Jan 2019 00:45:04 PST</pubDate>
            <media:title type="plain">Ivan</media:title>
            <media:keywords></media:keywords>
            <media:rating>nonadult</media:rating>
            <media:category label="Games">fanart/traditional/drawings/games</media:category>
            <media:credit role="author" scheme="urn:ebu">LeMonsieurC</media:credit>
            <media:credit role="author" scheme="urn:ebu">https://a.deviantart.net/avatars/l/e/lemonsieurc.png?1</media:credit>
            <media:copyright url="https://lemonsieurc.deviantart.com">Copyright 2019 LeMonsieurC</media:copyright>            <media:description type="html">Ivan, from the game Golden Sun, using some wind psynergy.</media:description>            <media:thumbnail url="https://t00.deviantart.net/ENd8g8UaR3T3SKTZszdNyPSW7TA=/fit-in/150x150/filters:no_upscale():origin()/pre00/e640/th/pre/i/2019/020/e/d/ivan_by_lemonsieurc-dcxj9qe.png" height="150" width="106"/>            <media:thumbnail url="https://t00.deviantart.net/BN-R89QZqlpYdZYNGrN4GiAddGc=/fit-in/300x900/filters:no_upscale():origin()/pre00/e640/th/pre/i/2019/020/e/d/ivan_by_lemonsieurc-dcxj9qe.png" height="424" width="300"/>            <media:thumbnail url="https://t00.deviantart.net/IOSdbD490tYixEn-_ne8yZoQbkE=/300x200/filters:fixed_height(100,100):origin()/pre00/e640/th/pre/i/2019/020/e/d/ivan_by_lemonsieurc-dcxj9qe.png" height="200" width="142"/>            <media:content url="https://pre00.deviantart.net/e640/th/pre/i/2019/020/e/d/ivan_by_lemonsieurc-dcxj9qe.png" height="1062" width="752" medium="image"/>
            <description>Ivan, from the game Golden Sun, using some wind psynergy.&lt;br /&gt;&lt;div&gt;&lt;img src=&quot;https://t00.deviantart.net/IOSdbD490tYixEn-_ne8yZoQbkE=/300x200/filters:fixed_height(100,100):origin()/pre00/e640/th/pre/i/2019/020/e/d/ivan_by_lemonsieurc-dcxj9qe.png&quot; alt=&quot;thumbnail&quot; /&gt;&lt;/div&gt;</description>            </item>
        <item>
            <title>New Photoshoot</title>
            <link>https://amandarenee666.deviantart.com/art/New-Photoshoot-781920637</link>
            <guid isPermaLink="true">https://amandarenee666.deviantart.com/art/New-Photoshoot-781920637</guid>
            <pubDate>Sun, 20 Jan 2019 00:45:04 PST</pubDate>
            <media:title type="plain">New Photoshoot</media:title>
            <media:keywords></media:keywords>
            <media:rating>nonadult</media:rating>
            <media:category label="Self-Portraits">photography/people/selfportrait</media:category>
            <media:credit role="author" scheme="urn:ebu">amandarenee666</media:credit>
            <media:credit role="author" scheme="urn:ebu">https://a.deviantart.net/avatars/a/m/amandarenee666.jpg?2</media:credit>
            <media:copyright url="https://amandarenee666.deviantart.com">Copyright 2019 amandarenee666</media:copyright>            <media:description type="html">Got lots more to post soon. &lt;img src=&quot;https://e.deviantart.net/emoticons/s/smile.gif&quot; width=&quot;15&quot; height=&quot;15&quot; alt=&quot;:)&quot; data-embed-type=&quot;emoticon&quot; data-embed-id=&quot;391&quot; title=&quot;:) (Smile)&quot;/&gt;</media:description>            <media:thumbnail url="https://t00.deviantart.net/oAo7PYvqdCFCDPIzfLATWG76_xU=/fit-in/150x150/filters:no_upscale():origin()/pre00/3a99/th/pre/i/2019/020/5/3/new_photoshoot_by_amandarenee666-dcxj9tp.jpg" height="69" width="150"/>            <media:thumbnail url="https://t00.deviantart.net/X9lTMSQ6LGUHr7zopWihqHaSm2k=/fit-in/300x900/filters:no_upscale():origin()/pre00/3a99/th/pre/i/2019/020/5/3/new_photoshoot_by_amandarenee666-dcxj9tp.jpg" height="138" width="300"/>            <media:thumbnail url="https://t00.deviantart.net/539lBk22dIMzZVZdhO1i7Q0rU88=/300x200/filters:fixed_height(100,100):origin()/pre00/3a99/th/pre/i/2019/020/5/3/new_photoshoot_by_amandarenee666-dcxj9tp.jpg" height="138" width="300"/>            <media:content url="https://img00.deviantart.net/5256/i/2019/020/5/3/new_photoshoot_by_amandarenee666-dcxj9tp.jpg" height="590" width="1280" medium="image"/>
            <description>Got lots more to post soon. &lt;img src=&quot;https://e.deviantart.net/emoticons/s/smile.gif&quot; width=&quot;15&quot; height=&quot;15&quot; alt=&quot;:)&quot; data-embed-type=&quot;emoticon&quot; data-embed-id=&quot;391&quot; title=&quot;:) (Smile)&quot;/&gt;&lt;br /&gt;&lt;div&gt;&lt;img src=&quot;https://t00.deviantart.net/539lBk22dIMzZVZdhO1i7Q0rU88=/300x200/filters:fixed_height(100,100):origin()/pre00/3a99/th/pre/i/2019/020/5/3/new_photoshoot_by_amandarenee666-dcxj9tp.jpg&quot; alt=&quot;thumbnail&quot; /&gt;&lt;/div&gt;</description>            </item>
        <item>
            <title>Benjamin Royce</title>
            <link>https://apallonshinomia.deviantart.com/art/Benjamin-Royce-781920610</link>
            <guid isPermaLink="true">https://apallonshinomia.deviantart.com/art/Benjamin-Royce-781920610</guid>
            <pubDate>Sun, 20 Jan 2019 00:44:54 PST</pubDate>
            <media:title type="plain">Benjamin Royce</media:title>
            <media:keywords></media:keywords>
            <media:rating>nonadult</media:rating>
            <media:category label="Movies &amp; TV">fanart/anthro/digital/movies</media:category>
            <media:credit role="author" scheme="urn:ebu">ApallonShinomia</media:credit>
            <media:credit role="author" scheme="urn:ebu">https://a.deviantart.net/avatars/a/p/apallonshinomia.png?8</media:credit>
            <media:copyright url="https://apallonshinomia.deviantart.com">Copyright 2019 ApallonShinomia</media:copyright>            <media:description type="html"></media:description>            <media:thumbnail url="https://t00.deviantart.net/GhBQwHMj766EAFbJjuiHOpJZyok=/fit-in/150x150/filters:no_upscale():origin()/pre00/23d4/th/pre/i/2019/020/5/8/benjamin_royce_by_apallonshinomia-dcxj9sy.jpg" height="150" width="113"/>            <media:thumbnail url="https://t00.deviantart.net/1AhWfM1yGLp9kvD4Tv2erxdsgKw=/fit-in/300x900/filters:no_upscale():origin()/pre00/23d4/th/pre/i/2019/020/5/8/benjamin_royce_by_apallonshinomia-dcxj9sy.jpg" height="397" width="300"/>            <media:thumbnail url="https://t00.deviantart.net/ghx0UqsENJBJaIJkGo3475mQ1eQ=/300x200/filters:fixed_height(100,100):origin()/pre00/23d4/th/pre/i/2019/020/5/8/benjamin_royce_by_apallonshinomia-dcxj9sy.jpg" height="200" width="151"/>            <media:content url="https://pre00.deviantart.net/23d4/th/pre/i/2019/020/5/8/benjamin_royce_by_apallonshinomia-dcxj9sy.jpg" height="1028" width="777" medium="image"/>
            <description>&lt;br /&gt;&lt;div&gt;&lt;img src=&quot;https://t00.deviantart.net/ghx0UqsENJBJaIJkGo3475mQ1eQ=/300x200/filters:fixed_height(100,100):origin()/pre00/23d4/th/pre/i/2019/020/5/8/benjamin_royce_by_apallonshinomia-dcxj9sy.jpg&quot; alt=&quot;thumbnail&quot; /&gt;&lt;/div&gt;</description>            </item>
        <item>
            <title>Daryl</title>
            <link>https://cheznabi.deviantart.com/art/Daryl-781920599</link>
            <guid isPermaLink="true">https://cheznabi.deviantart.com/art/Daryl-781920599</guid>
            <pubDate>Sun, 20 Jan 2019 00:44:52 PST</pubDate>
            <media:title type="plain">Daryl</media:title>
            <media:keywords></media:keywords>
            <media:rating>nonadult</media:rating>
            <media:category label="Drawings">cartoons/digital/cartoons/drawings</media:category>
            <media:credit role="author" scheme="urn:ebu">ChezNabi</media:credit>
            <media:credit role="author" scheme="urn:ebu">https://a.deviantart.net/avatars/c/h/cheznabi.png?3</media:credit>
            <media:copyright url="https://cheznabi.deviantart.com">Copyright 2019 ChezNabi</media:copyright>            <media:description type="html"></media:description>            <media:thumbnail url="https://t00.deviantart.net/_Q1KC3XGhzHOMNBCYwCHo_E_yUQ=/fit-in/150x150/filters:no_upscale():origin()/pre00/980d/th/pre/f/2019/020/e/a/daryl_2_by_cheznabi-dcxj9sn.png" height="150" width="147"/>            <media:thumbnail url="https://t00.deviantart.net/NL2adTnwYzU3z_Mo7z35JKuIFns=/fit-in/300x900/filters:no_upscale():origin()/pre00/980d/th/pre/f/2019/020/e/a/daryl_2_by_cheznabi-dcxj9sn.png" height="306" width="300"/>            <media:thumbnail url="https://t00.deviantart.net/FG9gZ5nTi-W4JORxwEBtEeJbmb8=/300x200/filters:fixed_height(100,100):origin()/pre00/980d/th/pre/f/2019/020/e/a/daryl_2_by_cheznabi-dcxj9sn.png" height="200" width="196"/>            <media:content url="https://pre00.deviantart.net/980d/th/pre/f/2019/020/e/a/daryl_2_by_cheznabi-dcxj9sn.png" height="903" width="885" medium="image"/>
            <description>&lt;br /&gt;&lt;div&gt;&lt;img src=&quot;https://t00.deviantart.net/FG9gZ5nTi-W4JORxwEBtEeJbmb8=/300x200/filters:fixed_height(100,100):origin()/pre00/980d/th/pre/f/2019/020/e/a/daryl_2_by_cheznabi-dcxj9sn.png&quot; alt=&quot;thumbnail&quot; /&gt;&lt;/div&gt;</description>            </item>
        <item>
            <title>XC 43 384 at Leeds</title>
            <link>https://boomsonic514.deviantart.com/art/XC-43-384-at-Leeds-781920583</link>
            <guid isPermaLink="true">https://boomsonic514.deviantart.com/art/XC-43-384-at-Leeds-781920583</guid>
            <pubDate>Sun, 20 Jan 2019 00:44:52 PST</pubDate>
            <media:title type="plain">XC 43 384 at Leeds</media:title>
            <media:keywords></media:keywords>
            <media:rating>nonadult</media:rating>
            <media:category label="Transportation">photography/transportation</media:category>
            <media:credit role="author" scheme="urn:ebu">BoomSonic514</media:credit>
            <media:credit role="author" scheme="urn:ebu">https://a.deviantart.net/avatars/b/o/boomsonic514.jpg?1</media:credit>
            <media:copyright url="https://boomsonic514.deviantart.com">Copyright 2019 BoomSonic514</media:copyright>            <media:description type="html"></media:description>            <media:thumbnail url="https://t00.deviantart.net/Ge9YEQgzZTbYiXWbn-R0lS10cz4=/fit-in/150x150/filters:no_upscale():origin()/pre00/cf52/th/pre/i/2019/020/b/f/xc_43_384_at_leeds_by_boomsonic514-dcxj9s7.jpg" height="113" width="150"/>            <media:thumbnail url="https://t00.deviantart.net/QY2dTeY5bw-YrRt6LhRFFDcWkJY=/fit-in/300x900/filters:no_upscale():origin()/pre00/cf52/th/pre/i/2019/020/b/f/xc_43_384_at_leeds_by_boomsonic514-dcxj9s7.jpg" height="225" width="300"/>            <media:thumbnail url="https://t00.deviantart.net/YliPVw_jZ2yGX1stw9CbtVEYk98=/300x200/filters:fixed_height(100,100):origin()/pre00/cf52/th/pre/i/2019/020/b/f/xc_43_384_at_leeds_by_boomsonic514-dcxj9s7.jpg" height="200" width="267"/>            <media:content url="https://img00.deviantart.net/fc58/i/2019/020/b/f/xc_43_384_at_leeds_by_boomsonic514-dcxj9s7.jpg" height="768" width="1024" medium="image"/>
            <description>&lt;br /&gt;&lt;div&gt;&lt;img src=&quot;https://t00.deviantart.net/YliPVw_jZ2yGX1stw9CbtVEYk98=/300x200/filters:fixed_height(100,100):origin()/pre00/cf52/th/pre/i/2019/020/b/f/xc_43_384_at_leeds_by_boomsonic514-dcxj9s7.jpg&quot; alt=&quot;thumbnail&quot; /&gt;&lt;/div&gt;</description>            </item>
        <item>
            <title>swaggy spies logo xd</title>
            <link>https://angieanimations2.deviantart.com/art/swaggy-spies-logo-xd-781920639</link>
            <guid isPermaLink="true">https://angieanimations2.deviantart.com/art/swaggy-spies-logo-xd-781920639</guid>
            <pubDate>Sun, 20 Jan 2019 00:44:49 PST</pubDate>
            <media:title type="plain">swaggy spies logo xd</media:title>
            <media:keywords></media:keywords>
            <media:rating>nonadult</media:rating>
            <media:category label="Other">anthro/digital/other</media:category>
            <media:credit role="author" scheme="urn:ebu">AngieAnimations2</media:credit>
            <media:credit role="author" scheme="urn:ebu">https://a.deviantart.net/avatars/a/n/angieanimations2.jpg?2</media:credit>
            <media:copyright url="https://angieanimations2.deviantart.com">Copyright 2019 AngieAnimations2</media:copyright>            <media:description type="html"></media:description>            <media:thumbnail url="https://t00.deviantart.net/4KjKHtytcYttjcW1KfAQD4RVlsE=/fit-in/150x150/filters:no_upscale():origin()/pre00/053a/th/pre/i/2019/020/2/2/swaggy_spies_logo_xd_by_angieanimations2-dcxj9tr.jpg" height="150" width="137"/>            <media:thumbnail url="https://t00.deviantart.net/Z7l1HLP9Ehd3THZWNnL7u0_DpZE=/fit-in/300x900/filters:no_upscale():origin()/pre00/053a/th/pre/i/2019/020/2/2/swaggy_spies_logo_xd_by_angieanimations2-dcxj9tr.jpg" height="329" width="300"/>            <media:thumbnail url="https://t00.deviantart.net/r8-J5FpxAfLB0ULY9T-shq--JDs=/300x200/filters:fixed_height(100,100):origin()/pre00/053a/th/pre/i/2019/020/2/2/swaggy_spies_logo_xd_by_angieanimations2-dcxj9tr.jpg" height="200" width="182"/>            <media:content url="https://img00.deviantart.net/2fb0/i/2019/020/2/2/swaggy_spies_logo_xd_by_angieanimations2-dcxj9tr.jpg" height="659" width="600" medium="image"/>
            <description>&lt;br /&gt;&lt;div&gt;&lt;img src=&quot;https://t00.deviantart.net/r8-J5FpxAfLB0ULY9T-shq--JDs=/300x200/filters:fixed_height(100,100):origin()/pre00/053a/th/pre/i/2019/020/2/2/swaggy_spies_logo_xd_by_angieanimations2-dcxj9tr.jpg&quot; alt=&quot;thumbnail&quot; /&gt;&lt;/div&gt;</description>            </item>
        <item>
            <title>[Preguntas y respuestas] - #11</title>
            <link>https://natsumicat.deviantart.com/art/Preguntas-y-respuestas-11-781920572</link>
            <guid isPermaLink="true">https://natsumicat.deviantart.com/art/Preguntas-y-respuestas-11-781920572</guid>
            <pubDate>Sun, 20 Jan 2019 00:44:47 PST</pubDate>
            <media:title type="plain">[Preguntas y respuestas] - #11</media:title>
            <media:keywords></media:keywords>
            <media:rating>nonadult</media:rating>
            <media:category label="Other">digitalart/paintings/other</media:category>
            <media:credit role="author" scheme="urn:ebu">NatsumiCat</media:credit>
            <media:credit role="author" scheme="urn:ebu">https://a.deviantart.net/avatars/n/a/natsumicat.gif?15</media:credit>
            <media:copyright url="https://natsumicat.deviantart.com">Copyright 2019 NatsumiCat</media:copyright>            <media:description type="html">Pregunta hecha por &lt;a target=&quot;_self&quot; href=&quot;https://www.deviantart.com/leidythewerehog&quot; &gt;&lt;img class=&quot;avatar&quot; width=&quot;50&quot; height=&quot;50&quot; src=&quot;https://a.deviantart.net/avatars/l/e/leidythewerehog.png?5&quot; alt=&quot;:iconleidythewerehog:&quot; title=&quot;LeidyTheWerehog&quot; /&gt;&lt;/a&gt; &amp;#9829;&lt;br /&gt;Muchas gracias.</media:description>            <media:thumbnail url="https://t00.deviantart.net/rwgjfNELWHlmMrTGCO_DJP4GiXw=/fit-in/150x150/filters:no_upscale():origin()/pre00/fd79/th/pre/i/2019/020/2/0/_preguntas_y_respuestas_____11_by_natsumicat-dcxj9rw.png" height="150" width="75"/>            <media:thumbnail url="https://t00.deviantart.net/AJRaC2GxgDVmpIj3hj8Ni8pWM6g=/fit-in/300x900/filters:no_upscale():origin()/pre00/fd79/th/pre/i/2019/020/2/0/_preguntas_y_respuestas_____11_by_natsumicat-dcxj9rw.png" height="600" width="300"/>            <media:thumbnail url="https://t00.deviantart.net/t2GFP3621G7UcWd_FJz9rd5Gpfw=/300x200/filters:fixed_height(100,100):origin()/pre00/fd79/th/pre/i/2019/020/2/0/_preguntas_y_respuestas_____11_by_natsumicat-dcxj9rw.png" height="200" width="100"/>            <media:content url="https://pre00.deviantart.net/fd79/th/pre/i/2019/020/2/0/_preguntas_y_respuestas_____11_by_natsumicat-dcxj9rw.png" height="1264" width="632" medium="image"/>
            <description>Pregunta hecha por &lt;a target=&quot;_self&quot; href=&quot;https://www.deviantart.com/leidythewerehog&quot; &gt;&lt;img class=&quot;avatar&quot; width=&quot;50&quot; height=&quot;50&quot; src=&quot;https://a.deviantart.net/avatars/l/e/leidythewerehog.png?5&quot; alt=&quot;:iconleidythewerehog:&quot; title=&quot;LeidyTheWerehog&quot; /&gt;&lt;/a&gt; &amp;#9829;&lt;br /&gt;Muchas gracias.&lt;br /&gt;&lt;div&gt;&lt;img src=&quot;https://t00.deviantart.net/t2GFP3621G7UcWd_FJz9rd5Gpfw=/300x200/filters:fixed_height(100,100):origin()/pre00/fd79/th/pre/i/2019/020/2/0/_preguntas_y_respuestas_____11_by_natsumicat-dcxj9rw.png&quot; alt=&quot;thumbnail&quot; /&gt;&lt;/div&gt;</description>            </item>
        <item>
            <title>A species of wof dragon i made.</title>
            <link>https://darkspyroartwork.deviantart.com/art/A-species-of-wof-dragon-i-made-781920630</link>
            <guid isPermaLink="true">https://darkspyroartwork.deviantart.com/art/A-species-of-wof-dragon-i-made-781920630</guid>
            <pubDate>Sun, 20 Jan 2019 00:44:47 PST</pubDate>
            <media:title type="plain">A species of wof dragon i made.</media:title>
            <media:keywords></media:keywords>
            <media:rating>nonadult</media:rating>
            <media:category label="Books &amp; Novels">fanart/traditional/drawings/books</media:category>
            <media:credit role="author" scheme="urn:ebu">DarkSpyroArtwork</media:credit>
            <media:credit role="author" scheme="urn:ebu">https://a.deviantart.net/avatars/d/a/darkspyroartwork.png?8</media:credit>
            <media:copyright url="https://darkspyroartwork.deviantart.com">Copyright 2019 DarkSpyroArtwork</media:copyright>            <media:description type="html">I dunno, I just kind of made it. It doesn&#039;t have a name, nor does it have any other information. I just....... Kind of made it.....</media:description>            <media:thumbnail url="https://t00.deviantart.net/4lfdNnKymsEtTnXioEW6jnJILVU=/fit-in/150x150/filters:no_upscale():origin()/pre00/2a05/th/pre/i/2019/020/4/4/a_species_of_wof_dragon_i_made__by_darkspyroartwork-dcxj9ti.jpg" height="150" width="113"/>            <media:thumbnail url="https://t00.deviantart.net/n_hfpbw8WM9fGuPJnnyOAZP8tYg=/fit-in/300x900/filters:no_upscale():origin()/pre00/2a05/th/pre/i/2019/020/4/4/a_species_of_wof_dragon_i_made__by_darkspyroartwork-dcxj9ti.jpg" height="400" width="300"/>            <media:thumbnail url="https://t00.deviantart.net/MgffWOuSrj5BfBCblm5oWu5cjz8=/300x200/filters:fixed_height(100,100):origin()/pre00/2a05/th/pre/i/2019/020/4/4/a_species_of_wof_dragon_i_made__by_darkspyroartwork-dcxj9ti.jpg" height="200" width="150"/>            <media:content url="https://img00.deviantart.net/8c35/i/2019/020/4/4/a_species_of_wof_dragon_i_made__by_darkspyroartwork-dcxj9ti.jpg" height="800" width="600" medium="image"/>
            <description>I dunno, I just kind of made it. It doesn&#039;t have a name, nor does it have any other information. I just....... Kind of made it.....&lt;br /&gt;&lt;div&gt;&lt;img src=&quot;https://t00.deviantart.net/MgffWOuSrj5BfBCblm5oWu5cjz8=/300x200/filters:fixed_height(100,100):origin()/pre00/2a05/th/pre/i/2019/020/4/4/a_species_of_wof_dragon_i_made__by_darkspyroartwork-dcxj9ti.jpg&quot; alt=&quot;thumbnail&quot; /&gt;&lt;/div&gt;</description>            </item>
        <item>
            <title>layla oc</title>
            <link>https://echochii12.deviantart.com/art/layla-oc-781920636</link>
            <guid isPermaLink="true">https://echochii12.deviantart.com/art/layla-oc-781920636</guid>
            <pubDate>Sun, 20 Jan 2019 00:44:46 PST</pubDate>
            <media:title type="plain">layla oc</media:title>
            <media:keywords></media:keywords>
            <media:rating>nonadult</media:rating>
            <media:category label="Other">digitalart/paintings/other</media:category>
            <media:credit role="author" scheme="urn:ebu">echochii12</media:credit>
            <media:credit role="author" scheme="urn:ebu">https://a.deviantart.net/avatars/e/c/echochii12.jpg?3</media:credit>
            <media:copyright url="https://echochii12.deviantart.com">Copyright 2019 echochii12</media:copyright>            <media:description type="html"></media:description>            <media:thumbnail url="https://t00.deviantart.net/8lPsXLNC08I5vWRqvqQYOZ_N2gc=/fit-in/150x150/filters:no_upscale():origin()/pre00/41b7/th/pre/i/2019/020/b/9/layla_oc_by_echochii12-dcxj9to.jpg" height="150" width="129"/>            <media:thumbnail url="https://t00.deviantart.net/PhOQPYVc6ahfoO1huB7WVogGU7s=/fit-in/300x900/filters:no_upscale():origin()/pre00/41b7/th/pre/i/2019/020/b/9/layla_oc_by_echochii12-dcxj9to.jpg" height="348" width="300"/>            <media:thumbnail url="https://t00.deviantart.net/0Z8BdnByYq0mXZCvVz9aOWX7icM=/300x200/filters:fixed_height(100,100):origin()/pre00/41b7/th/pre/i/2019/020/b/9/layla_oc_by_echochii12-dcxj9to.jpg" height="200" width="172"/>            <media:content url="https://pre00.deviantart.net/41b7/th/pre/i/2019/020/b/9/layla_oc_by_echochii12-dcxj9to.jpg" height="963" width="830" medium="image"/>
            <description>&lt;br /&gt;&lt;div&gt;&lt;img src=&quot;https://t00.deviantart.net/0Z8BdnByYq0mXZCvVz9aOWX7icM=/300x200/filters:fixed_height(100,100):origin()/pre00/41b7/th/pre/i/2019/020/b/9/layla_oc_by_echochii12-dcxj9to.jpg&quot; alt=&quot;thumbnail&quot; /&gt;&lt;/div&gt;</description>            </item>
        <item>
            <title>A change of pace</title>
            <link>https://roboguineapigultra.deviantart.com/art/A-change-of-pace-781920590</link>
            <guid isPermaLink="true">https://roboguineapigultra.deviantart.com/art/A-change-of-pace-781920590</guid>
            <pubDate>Sun, 20 Jan 2019 00:44:40 PST</pubDate>
            <media:title type="plain">A change of pace</media:title>
            <media:keywords></media:keywords>
            <media:rating>nonadult</media:rating>
            <media:category label="Strips">cartoons/digital/comics/strips</media:category>
            <media:credit role="author" scheme="urn:ebu">roboguineapigultra</media:credit>
            <media:credit role="author" scheme="urn:ebu">https://a.deviantart.net/avatars/r/o/roboguineapigultra.png?11</media:credit>
            <media:copyright url="https://roboguineapigultra.deviantart.com">Copyright 2019 roboguineapigultra</media:copyright>            <media:description type="html">Uh... a change of pace is always nice?</media:description>            <media:thumbnail url="https://t00.deviantart.net/yZeqaA1Lnz4iwEwk40KewfP3_Y4=/fit-in/150x150/filters:no_upscale():origin()/pre00/028c/th/pre/i/2019/020/3/6/a_change_of_pace_by_roboguineapigultra-dcxj9se.png" height="20" width="150"/>            <media:thumbnail url="https://t00.deviantart.net/mzu1bP6nhNKNQR1N-n_CW2pZPro=/fit-in/300x900/filters:no_upscale():origin()/pre00/028c/th/pre/i/2019/020/3/6/a_change_of_pace_by_roboguineapigultra-dcxj9se.png" height="39" width="300"/>            <media:thumbnail url="https://t00.deviantart.net/R5hhwWFuhnVr1yFH_1CTBxN081A=/300x200/filters:fixed_height(100,100):origin()/pre00/028c/th/pre/i/2019/020/3/6/a_change_of_pace_by_roboguineapigultra-dcxj9se.png" height="100" width="302"/>            <media:content url="https://img00.deviantart.net/9c22/i/2019/020/3/6/a_change_of_pace_by_roboguineapigultra-dcxj9se.png" height="168" width="1280" medium="image"/>
            <description>Uh... a change of pace is always nice?&lt;br /&gt;&lt;div&gt;&lt;img src=&quot;https://t00.deviantart.net/R5hhwWFuhnVr1yFH_1CTBxN081A=/300x200/filters:fixed_height(100,100):origin()/pre00/028c/th/pre/i/2019/020/3/6/a_change_of_pace_by_roboguineapigultra-dcxj9se.png&quot; alt=&quot;thumbnail&quot; /&gt;&lt;/div&gt;</description>            </item>
        <item>
            <title>Untitled</title>
            <link>https://andreeaardeia666.deviantart.com/art/Untitled-781920625</link>
            <guid isPermaLink="true">https://andreeaardeia666.deviantart.com/art/Untitled-781920625</guid>
            <pubDate>Sun, 20 Jan 2019 00:44:37 PST</pubDate>
            <media:title type="plain">Untitled</media:title>
            <media:keywords></media:keywords>
            <media:rating>nonadult</media:rating>
            <media:category label="Flowers, Trees &amp; Plants">photography/nature/flora</media:category>
            <media:credit role="author" scheme="urn:ebu">AndreeaArdeia666</media:credit>
            <media:credit role="author" scheme="urn:ebu">https://a.deviantart.net/avatars/a/n/andreeaardeia666.jpg?4</media:credit>
            <media:copyright url="https://andreeaardeia666.deviantart.com">Copyright 2019 AndreeaArdeia666</media:copyright>            <media:description type="html"></media:description>            <media:thumbnail url="https://t00.deviantart.net/3hYPEgccmiG_RTlDuEttg0bU0sI=/fit-in/150x150/filters:no_upscale():origin()/pre00/f5a1/th/pre/i/2019/020/5/b/untitled_by_andreeaardeia666-dcxj9td.jpg" height="100" width="150"/>            <media:thumbnail url="https://t00.deviantart.net/LesHLoaY2feix4zyMrRUya_-02U=/fit-in/300x900/filters:no_upscale():origin()/pre00/f5a1/th/pre/i/2019/020/5/b/untitled_by_andreeaardeia666-dcxj9td.jpg" height="200" width="300"/>            <media:thumbnail url="https://t00.deviantart.net/jmz4VWELkSK8LFWfPspsGf0DiEw=/300x200/filters:fixed_height(100,100):origin()/pre00/f5a1/th/pre/i/2019/020/5/b/untitled_by_andreeaardeia666-dcxj9td.jpg" height="200" width="300"/>            <media:content url="https://pre00.deviantart.net/f5a1/th/pre/i/2019/020/5/b/untitled_by_andreeaardeia666-dcxj9td.jpg" height="730" width="1095" medium="image"/>
            <description>&lt;br /&gt;&lt;div&gt;&lt;img src=&quot;https://t00.deviantart.net/jmz4VWELkSK8LFWfPspsGf0DiEw=/300x200/filters:fixed_height(100,100):origin()/pre00/f5a1/th/pre/i/2019/020/5/b/untitled_by_andreeaardeia666-dcxj9td.jpg&quot; alt=&quot;thumbnail&quot; /&gt;&lt;/div&gt;</description>            </item>
        <item>
            <title>2</title>
            <link>https://reallpyschic.deviantart.com/art/2-781920597</link>
            <guid isPermaLink="true">https://reallpyschic.deviantart.com/art/2-781920597</guid>
            <pubDate>Sun, 20 Jan 2019 00:44:35 PST</pubDate>
            <media:title type="plain">2</media:title>
            <media:keywords></media:keywords>
            <media:rating>nonadult</media:rating>
            <media:category label="Animals">anthro/digital/drawings/animals</media:category>
            <media:credit role="author" scheme="urn:ebu">reallpyschic</media:credit>
            <media:credit role="author" scheme="urn:ebu">https://a.deviantart.net/avatars/r/e/reallpyschic.png?2</media:credit>
            <media:copyright url="https://reallpyschic.deviantart.com">Copyright 2019 reallpyschic</media:copyright>            <media:description type="html">*scream* Pitouuuu</media:description>            <media:thumbnail url="https://t00.deviantart.net/XEgj_QrowmcuDyevb6xpUT0m6BM=/fit-in/150x150/filters:no_upscale():origin()/pre00/46a8/th/pre/f/2019/020/b/1/2_by_reallpyschic-dcxj9sl.png" height="150" width="150"/>            <media:thumbnail url="https://t00.deviantart.net/nYu15FN0VnWdwuvz7nP_SiL-NpE=/fit-in/300x900/filters:no_upscale():origin()/pre00/46a8/th/pre/f/2019/020/b/1/2_by_reallpyschic-dcxj9sl.png" height="300" width="300"/>            <media:thumbnail url="https://t00.deviantart.net/ruEnF9Vbmpj_EIhPdSVc_jTcdxM=/300x200/filters:fixed_height(100,100):origin()/pre00/46a8/th/pre/f/2019/020/b/1/2_by_reallpyschic-dcxj9sl.png" height="200" width="200"/>            <media:content url="https://pre00.deviantart.net/46a8/th/pre/f/2019/020/b/1/2_by_reallpyschic-dcxj9sl.png" height="894" width="894" medium="image"/>
            <description>*scream* Pitouuuu&lt;br /&gt;&lt;div&gt;&lt;img src=&quot;https://t00.deviantart.net/ruEnF9Vbmpj_EIhPdSVc_jTcdxM=/300x200/filters:fixed_height(100,100):origin()/pre00/46a8/th/pre/f/2019/020/b/1/2_by_reallpyschic-dcxj9sl.png&quot; alt=&quot;thumbnail&quot; /&gt;&lt;/div&gt;</description>            </item>
        <item>
            <title>Super Smash Bros. Ultimate - Pyukumuku</title>
            <link>https://centrixe.deviantart.com/art/Super-Smash-Bros-Ultimate-Pyukumuku-781920595</link>
            <guid isPermaLink="true">https://centrixe.deviantart.com/art/Super-Smash-Bros-Ultimate-Pyukumuku-781920595</guid>
            <pubDate>Sun, 20 Jan 2019 00:44:33 PST</pubDate>
            <media:title type="plain">Super Smash Bros. Ultimate - Pyukumuku</media:title>
            <media:keywords></media:keywords>
            <media:rating>nonadult</media:rating>
            <media:category label="Other">resources/stockart/3drenders/other</media:category>
            <media:credit role="author" scheme="urn:ebu">Centrixe</media:credit>
            <media:credit role="author" scheme="urn:ebu">https://a.deviantart.net/avatars/c/e/centrixe.jpg?4</media:credit>
            <media:copyright url="https://centrixe.deviantart.com">Copyright 2019 Centrixe</media:copyright>            <media:description type="html">Game: Super Smash Bros. Ultimate&lt;br /&gt;Asset: Pyukumuku (3D Model)&lt;br /&gt;Section: Pok&amp;#233;mon&lt;br /&gt;Download: &lt;a class=&quot;external&quot; href=&quot;https://www.deviantart.com/users/outgoing?https://www.models-resource.com/nintendo_switch/supersmashbrosultimate/&quot;&gt;The Models Resource&lt;/a&gt; | &lt;a href=&quot;https://www.deviantart.com/centrixe/gallery/66979756/Super-Smash-Bros-Ultimate&quot;&gt;DeviantArt&lt;/a&gt;&lt;br /&gt;&lt;sub&gt;&amp;#169; Nintendo&lt;/sub&gt;</media:description>            <media:thumbnail url="https://t00.deviantart.net/MX3XrwvKFthlt8YSs_xGQBlH2vE=/fit-in/150x150/filters:no_upscale():origin()/pre00/2561/th/pre/f/2019/020/4/0/pyukumuku_actual_by_centrixe-dcxj9sj.png" height="130" width="150"/>            <media:thumbnail url="https://t00.deviantart.net/CgE_C9ERQrdyyuvC3hnA60Sogn8=/fit-in/300x900/filters:no_upscale():origin()/pre00/2561/th/pre/f/2019/020/4/0/pyukumuku_actual_by_centrixe-dcxj9sj.png" height="260" width="300"/>            <media:thumbnail url="https://t00.deviantart.net/PfVZB22n0ivj9NyNxpnfkZcAKyU=/300x200/filters:fixed_height(100,100):origin()/pre00/2561/th/pre/f/2019/020/4/0/pyukumuku_actual_by_centrixe-dcxj9sj.png" height="200" width="231"/>            <media:content url="https://pre00.deviantart.net/2561/th/pre/f/2019/020/4/0/pyukumuku_actual_by_centrixe-dcxj9sj.png" height="832" width="960" medium="image"/>
            <description>Game: Super Smash Bros. Ultimate&lt;br /&gt;Asset: Pyukumuku (3D Model)&lt;br /&gt;Section: Pok&amp;#233;mon&lt;br /&gt;Download: &lt;a class=&quot;external&quot; href=&quot;https://www.deviantart.com/users/outgoing?https://www.models-resource.com/nintendo_switch/supersmashbrosultimate/&quot;&gt;The Models Resource&lt;/a&gt; | &lt;a href=&quot;https://www.deviantart.com/centrixe/gallery/66979756/Super-Smash-Bros-Ultimate&quot;&gt;DeviantArt&lt;/a&gt;&lt;br /&gt;&lt;sub&gt;&amp;#169; Nintendo&lt;/sub&gt;&lt;br /&gt;&lt;div&gt;&lt;img src=&quot;https://t00.deviantart.net/PfVZB22n0ivj9NyNxpnfkZcAKyU=/300x200/filters:fixed_height(100,100):origin()/pre00/2561/th/pre/f/2019/020/4/0/pyukumuku_actual_by_centrixe-dcxj9sj.png&quot; alt=&quot;thumbnail&quot; /&gt;&lt;/div&gt;</description>            </item>
        <item>
            <title>wip The Grimreaper</title>
            <link>https://noireromance.deviantart.com/art/wip-The-Grimreaper-781920624</link>
            <guid isPermaLink="true">https://noireromance.deviantart.com/art/wip-The-Grimreaper-781920624</guid>
            <pubDate>Sun, 20 Jan 2019 00:44:32 PST</pubDate>
            <media:title type="plain">wip The Grimreaper</media:title>
            <media:keywords></media:keywords>
            <media:rating>nonadult</media:rating>
            <media:category label="Fantasy">traditional/drawings/fantasy</media:category>
            <media:credit role="author" scheme="urn:ebu">NoireRomance</media:credit>
            <media:credit role="author" scheme="urn:ebu">https://a.deviantart.net/avatars/n/o/noireromance.jpg?3</media:credit>
            <media:copyright url="https://noireromance.deviantart.com">Copyright 2019 NoireRomance</media:copyright>            <media:description type="html">&lt;a class=&quot;discoverytag&quot; href=&quot;https://www.deviantart.com/tag/tattoodesign&quot; data-canonical-tag=&quot;tattoodesign&quot;&gt;#tattoodesign&lt;/a&gt; &lt;a class=&quot;discoverytag&quot; href=&quot;https://www.deviantart.com/tag/skulltattoo&quot; data-canonical-tag=&quot;skulltattoo&quot;&gt;#skulltattoo&lt;/a&gt; &lt;a class=&quot;discoverytag&quot; href=&quot;https://www.deviantart.com/tag/skull&quot; data-canonical-tag=&quot;skull&quot;&gt;#skull&lt;/a&gt; &lt;a class=&quot;discoverytag&quot; href=&quot;https://www.deviantart.com/tag/reaper&quot; data-canonical-tag=&quot;reaper&quot;&gt;#reaper&lt;/a&gt; &lt;a class=&quot;discoverytag&quot; href=&quot;https://www.deviantart.com/tag/grimreapertattoo&quot; data-canonical-tag=&quot;grimreapertattoo&quot;&gt;#grimreapertattoo&lt;/a&gt; &lt;a class=&quot;discoverytag&quot; href=&quot;https://www.deviantart.com/tag/tattoo&quot; data-canonical-tag=&quot;tattoo&quot;&gt;#tattoo&lt;/a&gt; &lt;a class=&quot;discoverytag&quot; href=&quot;https://www.deviantart.com/tag/death&quot; data-canonical-tag=&quot;death&quot;&gt;#death&lt;/a&gt; &lt;a class=&quot;discoverytag&quot; href=&quot;https://www.deviantart.com/tag/workinprogress&quot; data-canonical-tag=&quot;workinprogress&quot;&gt;#workinprogress&lt;/a&gt;</media:description>            <media:thumbnail url="https://t00.deviantart.net/cj4gMXprSNuwmCEOmJ9mva5pqCk=/fit-in/150x150/filters:no_upscale():origin()/pre00/7dd1/th/pre/i/2019/020/4/6/wip_the_grimreaper_by_noireromance-dcxj9tc.jpg" height="150" width="120"/>            <media:thumbnail url="https://t00.deviantart.net/r3G96pt-KKSyl9grrCjFRBCo86E=/fit-in/300x900/filters:no_upscale():origin()/pre00/7dd1/th/pre/i/2019/020/4/6/wip_the_grimreaper_by_noireromance-dcxj9tc.jpg" height="375" width="300"/>            <media:thumbnail url="https://t00.deviantart.net/zrKQsdjX7FKlhyzXogMw4pi_KvI=/300x200/filters:fixed_height(100,100):origin()/pre00/7dd1/th/pre/i/2019/020/4/6/wip_the_grimreaper_by_noireromance-dcxj9tc.jpg" height="200" width="160"/>            <media:content url="https://pre00.deviantart.net/7dd1/th/pre/i/2019/020/4/6/wip_the_grimreaper_by_noireromance-dcxj9tc.jpg" height="1000" width="800" medium="image"/>
            <description>&lt;a class=&quot;discoverytag&quot; href=&quot;https://www.deviantart.com/tag/tattoodesign&quot; data-canonical-tag=&quot;tattoodesign&quot;&gt;#tattoodesign&lt;/a&gt; &lt;a class=&quot;discoverytag&quot; href=&quot;https://www.deviantart.com/tag/skulltattoo&quot; data-canonical-tag=&quot;skulltattoo&quot;&gt;#skulltattoo&lt;/a&gt; &lt;a class=&quot;discoverytag&quot; href=&quot;https://www.deviantart.com/tag/skull&quot; data-canonical-tag=&quot;skull&quot;&gt;#skull&lt;/a&gt; &lt;a class=&quot;discoverytag&quot; href=&quot;https://www.deviantart.com/tag/reaper&quot; data-canonical-tag=&quot;reaper&quot;&gt;#reaper&lt;/a&gt; &lt;a class=&quot;discoverytag&quot; href=&quot;https://www.deviantart.com/tag/grimreapertattoo&quot; data-canonical-tag=&quot;grimreapertattoo&quot;&gt;#grimreapertattoo&lt;/a&gt; &lt;a class=&quot;discoverytag&quot; href=&quot;https://www.deviantart.com/tag/tattoo&quot; data-canonical-tag=&quot;tattoo&quot;&gt;#tattoo&lt;/a&gt; &lt;a class=&quot;discoverytag&quot; href=&quot;https://www.deviantart.com/tag/death&quot; data-canonical-tag=&quot;death&quot;&gt;#death&lt;/a&gt; &lt;a class=&quot;discoverytag&quot; href=&quot;https://www.deviantart.com/tag/workinprogress&quot; data-canonical-tag=&quot;workinprogress&quot;&gt;#workinprogress&lt;/a&gt;&lt;br /&gt;&lt;div&gt;&lt;img src=&quot;https://t00.deviantart.net/zrKQsdjX7FKlhyzXogMw4pi_KvI=/300x200/filters:fixed_height(100,100):origin()/pre00/7dd1/th/pre/i/2019/020/4/6/wip_the_grimreaper_by_noireromance-dcxj9tc.jpg&quot; alt=&quot;thumbnail&quot; /&gt;&lt;/div&gt;</description>            </item>
        <item>
            <title>Goldie-Aid</title>
            <link>https://adaymoth.deviantart.com/art/Goldie-Aid-781920341</link>
            <guid isPermaLink="true">https://adaymoth.deviantart.com/art/Goldie-Aid-781920341</guid>
            <pubDate>Sun, 20 Jan 2019 00:44:29 PST</pubDate>
            <media:title type="plain">Goldie-Aid</media:title>
            <media:keywords></media:keywords>
            <media:rating>nonadult</media:rating>
            <media:category label="Other">fanart/traditional/drawings/other</media:category>
            <media:credit role="author" scheme="urn:ebu">ADayMoth</media:credit>
            <media:credit role="author" scheme="urn:ebu">https://a.deviantart.net/avatars/a/d/adaymoth.png?2</media:credit>
            <media:copyright url="https://adaymoth.deviantart.com">Copyright 2019 ADayMoth</media:copyright>            <media:description type="html">Gift for my friend, &lt;a target=&quot;_self&quot; href=&quot;https://www.deviantart.com/xbacondonutsx&quot; &gt;&lt;img class=&quot;avatar&quot; width=&quot;50&quot; height=&quot;50&quot; src=&quot;https://a.deviantart.net/avatars/x/b/xbacondonutsx.png?12&quot; alt=&quot;:iconxbacondonutsx:&quot; title=&quot;XBaconDonutsX&quot; /&gt;&lt;/a&gt; of his character Goldie all decked out like the Kool-Aid Man.</media:description>            <media:thumbnail url="https://t00.deviantart.net/GOW8jffZkYe5CqnrC8FySbwkG88=/fit-in/150x150/filters:no_upscale():origin()/pre00/4525/th/pre/i/2019/020/5/0/goldie_aid_by_adaymoth-dcxj9lh.jpg" height="150" width="133"/>            <media:thumbnail url="https://t00.deviantart.net/SST7iB4_wFcI-aVQzo9QM0SPuQs=/fit-in/300x900/filters:no_upscale():origin()/pre00/4525/th/pre/i/2019/020/5/0/goldie_aid_by_adaymoth-dcxj9lh.jpg" height="339" width="300"/>            <media:thumbnail url="https://t00.deviantart.net/WOy0aUa5brFir4EmCgnJC1tkQOw=/300x200/filters:fixed_height(100,100):origin()/pre00/4525/th/pre/i/2019/020/5/0/goldie_aid_by_adaymoth-dcxj9lh.jpg" height="200" width="177"/>            <media:content url="https://pre00.deviantart.net/4525/th/pre/i/2019/020/5/0/goldie_aid_by_adaymoth-dcxj9lh.jpg" height="950" width="841" medium="image"/>
            <description>Gift for my friend, &lt;a target=&quot;_self&quot; href=&quot;https://www.deviantart.com/xbacondonutsx&quot; &gt;&lt;img class=&quot;avatar&quot; width=&quot;50&quot; height=&quot;50&quot; src=&quot;https://a.deviantart.net/avatars/x/b/xbacondonutsx.png?12&quot; alt=&quot;:iconxbacondonutsx:&quot; title=&quot;XBaconDonutsX&quot; /&gt;&lt;/a&gt; of his character Goldie all decked out like the Kool-Aid Man.&lt;br /&gt;&lt;div&gt;&lt;img src=&quot;https://t00.deviantart.net/WOy0aUa5brFir4EmCgnJC1tkQOw=/300x200/filters:fixed_height(100,100):origin()/pre00/4525/th/pre/i/2019/020/5/0/goldie_aid_by_adaymoth-dcxj9lh.jpg&quot; alt=&quot;thumbnail&quot; /&gt;&lt;/div&gt;</description>            </item>
        <item>
            <title>Dreammakers - P070</title>
            <link>https://ladyicepaw.deviantart.com/art/Dreammakers-P070-781920456</link>
            <guid isPermaLink="true">https://ladyicepaw.deviantart.com/art/Dreammakers-P070-781920456</guid>
            <pubDate>Sun, 20 Jan 2019 00:44:28 PST</pubDate>
            <media:title type="plain">Dreammakers - P070</media:title>
            <media:keywords></media:keywords>
            <media:rating>nonadult</media:rating>
            <media:category label="Pages">cartoons/digital/comics/pages</media:category>
            <media:credit role="author" scheme="urn:ebu">LadyIcepaw</media:credit>
            <media:credit role="author" scheme="urn:ebu">https://a.deviantart.net/avatars/l/a/ladyicepaw.jpg?7</media:credit>
            <media:copyright url="https://ladyicepaw.deviantart.com">Copyright 2019 LadyIcepaw</media:copyright>            <media:description type="html">&lt;div&gt; &lt;div&gt; &lt;div&gt; &lt;div&gt;Dike tries coffee, and it turns out that the lack of peaceful sleep is really getting to Phil.&lt;br /&gt;&lt;div&gt;&lt;br /&gt;&lt;/div&gt;&lt;div&gt;Next&lt;br /&gt;&lt;/div&gt;&lt;div&gt;&lt;br /&gt;&lt;a href=&quot;http://fav.me/dcknpzn&quot;&gt;First&lt;/a&gt;&lt;br /&gt;&lt;a href=&quot;http://fav.me/dcxj94g&quot;&gt;Previous&lt;/a&gt;&lt;/div&gt;&lt;/div&gt; &lt;/div&gt;&lt;/div&gt; &lt;/div&gt;</media:description>            <media:thumbnail url="https://t00.deviantart.net/FPv4nczqWujMeTzzFh-DJsMwBQ4=/fit-in/150x150/filters:no_upscale():origin()/pre00/c05b/th/pre/f/2019/020/4/2/dreammakers___p070_by_ladyicepaw-dcxj9oo.png" height="150" width="109"/>            <media:thumbnail url="https://t00.deviantart.net/-43EzArVtXu1RUrlzowFqd_Z62c=/fit-in/300x900/filters:no_upscale():origin()/pre00/c05b/th/pre/f/2019/020/4/2/dreammakers___p070_by_ladyicepaw-dcxj9oo.png" height="413" width="300"/>            <media:thumbnail url="https://t00.deviantart.net/W_ZeC1zcl-ROh7C4-itZISoCV2k=/300x200/filters:fixed_height(100,100):origin()/pre00/c05b/th/pre/f/2019/020/4/2/dreammakers___p070_by_ladyicepaw-dcxj9oo.png" height="200" width="145"/>            <media:content url="https://pre00.deviantart.net/c05b/th/pre/f/2019/020/4/2/dreammakers___p070_by_ladyicepaw-dcxj9oo.png" height="1049" width="762" medium="image"/>
            <description>&lt;div&gt; &lt;div&gt; &lt;div&gt; &lt;div&gt;Dike tries coffee, and it turns out that the lack of peaceful sleep is really getting to Phil.&lt;br /&gt;&lt;div&gt;&lt;br /&gt;&lt;/div&gt;&lt;div&gt;Next&lt;br /&gt;&lt;/div&gt;&lt;div&gt;&lt;br /&gt;&lt;a href=&quot;http://fav.me/dcknpzn&quot;&gt;First&lt;/a&gt;&lt;br /&gt;&lt;a href=&quot;http://fav.me/dcxj94g&quot;&gt;Previous&lt;/a&gt;&lt;/div&gt;&lt;/div&gt; &lt;/div&gt;&lt;/div&gt; &lt;/div&gt;&lt;br /&gt;&lt;div&gt;&lt;img src=&quot;https://t00.deviantart.net/W_ZeC1zcl-ROh7C4-itZISoCV2k=/300x200/filters:fixed_height(100,100):origin()/pre00/c05b/th/pre/f/2019/020/4/2/dreammakers___p070_by_ladyicepaw-dcxj9oo.png&quot; alt=&quot;thumbnail&quot; /&gt;&lt;/div&gt;</description>            </item>
        <item>
            <title>You can&#039;t catch me</title>
            <link>https://johnwilliamscity.deviantart.com/art/You-can-t-catch-me-781920497</link>
            <guid isPermaLink="true">https://johnwilliamscity.deviantart.com/art/You-can-t-catch-me-781920497</guid>
            <pubDate>Sun, 20 Jan 2019 00:44:27 PST</pubDate>
            <media:title type="plain">You can&#039;t catch me</media:title>
            <media:keywords></media:keywords>
            <media:rating>nonadult</media:rating>
            <media:category label="Other">fanart/digital/other</media:category>
            <media:credit role="author" scheme="urn:ebu">JohnWilliamsCity</media:credit>
            <media:credit role="author" scheme="urn:ebu">https://a.deviantart.net/avatars/j/o/johnwilliamscity.png?7</media:credit>
            <media:copyright url="https://johnwilliamscity.deviantart.com">Copyright 2019 JohnWilliamsCity</media:copyright>            <media:description type="html">Playing tags sure is fun</media:description>            <media:thumbnail url="https://t00.deviantart.net/ASSQ7BumdiXyr0rnlqwZ2DbRfmw=/fit-in/150x150/filters:no_upscale():origin()/pre00/0a37/th/pre/f/2019/020/7/9/you_can_t_catch_me_by_johnwilliamscity-dcxj9pt.png" height="92" width="150"/>            <media:thumbnail url="https://t00.deviantart.net/nn-bsn0wWpSQCg53zSz8XVxmGBU=/fit-in/300x900/filters:no_upscale():origin()/pre00/0a37/th/pre/f/2019/020/7/9/you_can_t_catch_me_by_johnwilliamscity-dcxj9pt.png" height="183" width="300"/>            <media:thumbnail url="https://t00.deviantart.net/LdXKYfk0REmTZ7-LU4HabefEnwM=/300x200/filters:fixed_height(100,100):origin()/pre00/0a37/th/pre/f/2019/020/7/9/you_can_t_catch_me_by_johnwilliamscity-dcxj9pt.png" height="183" width="300"/>            <media:content url="https://pre00.deviantart.net/0a37/th/pre/f/2019/020/7/9/you_can_t_catch_me_by_johnwilliamscity-dcxj9pt.png" height="698" width="1145" medium="image"/>
            <description>Playing tags sure is fun&lt;br /&gt;&lt;div&gt;&lt;img src=&quot;https://t00.deviantart.net/LdXKYfk0REmTZ7-LU4HabefEnwM=/300x200/filters:fixed_height(100,100):origin()/pre00/0a37/th/pre/f/2019/020/7/9/you_can_t_catch_me_by_johnwilliamscity-dcxj9pt.png&quot; alt=&quot;thumbnail&quot; /&gt;&lt;/div&gt;</description>            </item>
        <item>
            <title>Rock and Roll Racing</title>
            <link>https://pargan.deviantart.com/art/Rock-and-Roll-Racing-781920303</link>
            <guid isPermaLink="true">https://pargan.deviantart.com/art/Rock-and-Roll-Racing-781920303</guid>
            <pubDate>Sun, 20 Jan 2019 00:44:26 PST</pubDate>
            <media:title type="plain">Rock and Roll Racing</media:title>
            <media:keywords></media:keywords>
            <media:rating>nonadult</media:rating>
            <media:category label="Other">digitalart/paintings/other</media:category>
            <media:credit role="author" scheme="urn:ebu">Pargan</media:credit>
            <media:credit role="author" scheme="urn:ebu">https://a.deviantart.net/avatars/p/a/pargan.jpg?4</media:credit>
            <media:copyright url="https://pargan.deviantart.com">Copyright 2019 Pargan</media:copyright>            <media:description type="html"></media:description>            <media:thumbnail url="https://t00.deviantart.net/MW0-QGxplX9zeALxNaq_gJzQ8k4=/fit-in/150x150/filters:no_upscale():origin()/pre00/30c4/th/pre/f/2019/020/b/2/rock_and_roll_racing_by_pargan-dcxj9kf.png" height="110" width="150"/>            <media:thumbnail url="https://t00.deviantart.net/li_O5J1Ijj6ASWXfoovUIW3dzT8=/fit-in/300x900/filters:no_upscale():origin()/pre00/30c4/th/pre/f/2019/020/b/2/rock_and_roll_racing_by_pargan-dcxj9kf.png" height="220" width="300"/>            <media:thumbnail url="https://t00.deviantart.net/S1U22cYI-l1oInV1OVSDJ28wS04=/300x200/filters:fixed_height(100,100):origin()/pre00/30c4/th/pre/f/2019/020/b/2/rock_and_roll_racing_by_pargan-dcxj9kf.png" height="200" width="273"/>            <media:content url="https://pre00.deviantart.net/30c4/th/pre/f/2019/020/b/2/rock_and_roll_racing_by_pargan-dcxj9kf.png" height="766" width="1044" medium="image"/>
            <description>&lt;br /&gt;&lt;div&gt;&lt;img src=&quot;https://t00.deviantart.net/S1U22cYI-l1oInV1OVSDJ28wS04=/300x200/filters:fixed_height(100,100):origin()/pre00/30c4/th/pre/f/2019/020/b/2/rock_and_roll_racing_by_pargan-dcxj9kf.png&quot; alt=&quot;thumbnail&quot; /&gt;&lt;/div&gt;</description>            </item>
        <item>
            <title>Robosaur (full body)</title>
            <link>https://bluegirl123456.deviantart.com/art/Robosaur-full-body-781920345</link>
            <guid isPermaLink="true">https://bluegirl123456.deviantart.com/art/Robosaur-full-body-781920345</guid>
            <pubDate>Sun, 20 Jan 2019 00:44:26 PST</pubDate>
            <media:title type="plain">Robosaur (full body)</media:title>
            <media:keywords></media:keywords>
            <media:rating>nonadult</media:rating>
            <media:category label="Animals">digitalart/paintings/animals</media:category>
            <media:credit role="author" scheme="urn:ebu">Bluegirl123456</media:credit>
            <media:credit role="author" scheme="urn:ebu">https://a.deviantart.net/avatars/b/l/bluegirl123456.jpg?3</media:credit>
            <media:copyright url="https://bluegirl123456.deviantart.com">Copyright 2019 Bluegirl123456</media:copyright>            <media:description type="html">The Robosaur is vicious beast of mad science.</media:description>            <media:thumbnail url="https://t00.deviantart.net/l2FjG_qNaR46oDhIdb4adyZY97I=/fit-in/150x150/filters:no_upscale():origin()/pre00/2567/th/pre/i/2019/020/9/d/robosaur__full_body__by_bluegirl123456-dcxj9ll.png" height="136" width="150"/>            <media:thumbnail url="https://t00.deviantart.net/huG4CBcXn9RTL4qY4GCndLvZ-wo=/fit-in/300x900/filters:no_upscale():origin()/pre00/2567/th/pre/i/2019/020/9/d/robosaur__full_body__by_bluegirl123456-dcxj9ll.png" height="272" width="300"/>            <media:thumbnail url="https://t00.deviantart.net/sL62wdck9SnyzRhUL3FHECc2oMc=/300x200/filters:fixed_height(100,100):origin()/pre00/2567/th/pre/i/2019/020/9/d/robosaur__full_body__by_bluegirl123456-dcxj9ll.png" height="200" width="220"/>            <media:content url="https://pre00.deviantart.net/2567/th/pre/i/2019/020/9/d/robosaur__full_body__by_bluegirl123456-dcxj9ll.png" height="851" width="939" medium="image"/>
            <description>The Robosaur is vicious beast of mad science.&lt;br /&gt;&lt;div&gt;&lt;img src=&quot;https://t00.deviantart.net/sL62wdck9SnyzRhUL3FHECc2oMc=/300x200/filters:fixed_height(100,100):origin()/pre00/2567/th/pre/i/2019/020/9/d/robosaur__full_body__by_bluegirl123456-dcxj9ll.png&quot; alt=&quot;thumbnail&quot; /&gt;&lt;/div&gt;</description>            </item>
        <item>
            <title>Pony OC Sappy Fruit</title>
            <link>https://1stastrastudio.deviantart.com/art/Pony-OC-Sappy-Fruit-781920485</link>
            <guid isPermaLink="true">https://1stastrastudio.deviantart.com/art/Pony-OC-Sappy-Fruit-781920485</guid>
            <pubDate>Sun, 20 Jan 2019 00:44:23 PST</pubDate>
            <media:title type="plain">Pony OC Sappy Fruit</media:title>
            <media:keywords></media:keywords>
            <media:rating>nonadult</media:rating>
            <media:category label="Plushies">artisan/customdolls/plushies</media:category>
            <media:credit role="author" scheme="urn:ebu">1stAstraStudio</media:credit>
            <media:credit role="author" scheme="urn:ebu">https://a.deviantart.net/avatars/1/s/1stastrastudio.png?3</media:credit>
            <media:copyright url="https://1stastrastudio.deviantart.com">Copyright 2019 1stAstraStudio</media:copyright>            <media:description type="html">16 inches tall, commission.&lt;br /&gt;&lt;br /&gt;Want to order custom plush?&lt;br /&gt;My Etsy shop:&lt;br /&gt;&lt;a class=&quot;external&quot; href=&quot;https://www.deviantart.com/users/outgoing?https://www.etsy.com/shop/1stAstraStudio&quot;&gt;www.etsy.com/shop/1stAstraStud&amp;hellip;&lt;/a&gt;</media:description>            <media:thumbnail url="https://t00.deviantart.net/eJOPCyyvK_BjTlmK9mgUnBmvwSA=/fit-in/150x150/filters:no_upscale():origin()/pre00/e5ae/th/pre/i/2019/020/a/f/pony_oc_sappy_fruit_by_1stastrastudio-dcxj9ph.jpg" height="59" width="150"/>            <media:thumbnail url="https://t00.deviantart.net/mLe9N_IBVGku0eNcMH4eh8by_E8=/fit-in/300x900/filters:no_upscale():origin()/pre00/e5ae/th/pre/i/2019/020/a/f/pony_oc_sappy_fruit_by_1stastrastudio-dcxj9ph.jpg" height="117" width="300"/>            <media:thumbnail url="https://t00.deviantart.net/1RTePiu58kv9xqsx7Xzk0kE-kEA=/300x200/filters:fixed_height(100,100):origin()/pre00/e5ae/th/pre/i/2019/020/a/f/pony_oc_sappy_fruit_by_1stastrastudio-dcxj9ph.jpg" height="117" width="300"/>            <media:content url="https://img00.deviantart.net/6fdd/i/2019/020/a/f/pony_oc_sappy_fruit_by_1stastrastudio-dcxj9ph.jpg" height="500" width="1280" medium="image"/>
            <description>16 inches tall, commission.&lt;br /&gt;&lt;br /&gt;Want to order custom plush?&lt;br /&gt;My Etsy shop:&lt;br /&gt;&lt;a class=&quot;external&quot; href=&quot;https://www.deviantart.com/users/outgoing?https://www.etsy.com/shop/1stAstraStudio&quot;&gt;www.etsy.com/shop/1stAstraStud&amp;hellip;&lt;/a&gt;&lt;br /&gt;&lt;div&gt;&lt;img src=&quot;https://t00.deviantart.net/1RTePiu58kv9xqsx7Xzk0kE-kEA=/300x200/filters:fixed_height(100,100):origin()/pre00/e5ae/th/pre/i/2019/020/a/f/pony_oc_sappy_fruit_by_1stastrastudio-dcxj9ph.jpg&quot; alt=&quot;thumbnail&quot; /&gt;&lt;/div&gt;</description>            </item>
        <item>
            <title>The Jagged Blade</title>
            <link>https://scotthofmann.deviantart.com/art/The-Jagged-Blade-781920476</link>
            <guid isPermaLink="true">https://scotthofmann.deviantart.com/art/The-Jagged-Blade-781920476</guid>
            <pubDate>Sun, 20 Jan 2019 00:44:23 PST</pubDate>
            <media:title type="plain">The Jagged Blade</media:title>
            <media:keywords></media:keywords>
            <media:rating>nonadult</media:rating>
            <media:category label="Games">fanart/digital/painting/games</media:category>
            <media:credit role="author" scheme="urn:ebu">ScottHofmann</media:credit>
            <media:credit role="author" scheme="urn:ebu">https://a.deviantart.net/avatars/s/c/scotthofmann.jpg?2</media:credit>
            <media:copyright url="https://scotthofmann.deviantart.com">Copyright 2019 ScottHofmann</media:copyright>            <media:description type="html">&lt;i&gt; &quot;Even the Shadow Singer knows of her vulnerability. She won&#039;t be an easy foe if you go in alone, especially if you run into the Jagged Blade.&quot; &lt;/i&gt;</media:description>            <media:thumbnail url="https://t00.deviantart.net/Zxzfckia2-CHNa7xoT3U0FA2ROk=/fit-in/150x150/filters:no_upscale():origin()/pre00/3826/th/pre/i/2019/020/5/b/the_jagged_blade_by_scotthofmann-dcxj9p8.jpg" height="150" width="116"/>            <media:thumbnail url="https://t00.deviantart.net/ut0Pu-CFVD74849J1snBa1qbm6E=/fit-in/300x900/filters:no_upscale():origin()/pre00/3826/th/pre/i/2019/020/5/b/the_jagged_blade_by_scotthofmann-dcxj9p8.jpg" height="388" width="300"/>            <media:thumbnail url="https://t00.deviantart.net/RQYYjHzZYMIhsurkrzR09l-26ww=/300x200/filters:fixed_height(100,100):origin()/pre00/3826/th/pre/i/2019/020/5/b/the_jagged_blade_by_scotthofmann-dcxj9p8.jpg" height="200" width="155"/>            <media:content url="https://pre00.deviantart.net/3826/th/pre/i/2019/020/5/b/the_jagged_blade_by_scotthofmann-dcxj9p8.jpg" height="1017" width="786" medium="image"/>
            <description>&lt;i&gt; &quot;Even the Shadow Singer knows of her vulnerability. She won&#039;t be an easy foe if you go in alone, especially if you run into the Jagged Blade.&quot; &lt;/i&gt;&lt;br /&gt;&lt;div&gt;&lt;img src=&quot;https://t00.deviantart.net/RQYYjHzZYMIhsurkrzR09l-26ww=/300x200/filters:fixed_height(100,100):origin()/pre00/3826/th/pre/i/2019/020/5/b/the_jagged_blade_by_scotthofmann-dcxj9p8.jpg&quot; alt=&quot;thumbnail&quot; /&gt;&lt;/div&gt;</description>            </item>
        <item>
            <title>SIZE OF THIS ART</title>
            <link>https://shehbaazsiberian.deviantart.com/art/SIZE-OF-THIS-ART-781920580</link>
            <guid isPermaLink="true">https://shehbaazsiberian.deviantart.com/art/SIZE-OF-THIS-ART-781920580</guid>
            <pubDate>Sun, 20 Jan 2019 00:44:23 PST</pubDate>
            <media:title type="plain">SIZE OF THIS ART</media:title>
            <media:keywords></media:keywords>
            <media:rating>nonadult</media:rating>
            <media:category label="Other">traditional/other</media:category>
            <media:credit role="author" scheme="urn:ebu">shehbaazsiberian</media:credit>
            <media:credit role="author" scheme="urn:ebu">https://a.deviantart.net/avatars/s/h/shehbaazsiberian.jpg?2</media:credit>
            <media:copyright url="https://shehbaazsiberian.deviantart.com">Copyright 2019 shehbaazsiberian</media:copyright>            <media:description type="html"></media:description>            <media:thumbnail url="https://t00.deviantart.net/O6ZZy7l7qyO_z_xGzVGZ2SINNmY=/fit-in/150x150/filters:no_upscale():origin()/pre00/a724/th/pre/i/2019/020/0/e/size_of_this_art_by_shehbaazsiberian-dcxj9s4.jpg" height="113" width="150"/>            <media:thumbnail url="https://t00.deviantart.net/6TX0S1aEs3Iy1QrtZcmWX-Pv7qg=/fit-in/300x900/filters:no_upscale():origin()/pre00/a724/th/pre/i/2019/020/0/e/size_of_this_art_by_shehbaazsiberian-dcxj9s4.jpg" height="225" width="300"/>            <media:thumbnail url="https://t00.deviantart.net/AdQ5pQ6fjLohZUSRVflOgc2vheI=/300x200/filters:fixed_height(100,100):origin()/pre00/a724/th/pre/i/2019/020/0/e/size_of_this_art_by_shehbaazsiberian-dcxj9s4.jpg" height="200" width="267"/>            <media:content url="https://pre00.deviantart.net/a724/th/pre/i/2019/020/0/e/size_of_this_art_by_shehbaazsiberian-dcxj9s4.jpg" height="774" width="1032" medium="image"/>
            <description>&lt;br /&gt;&lt;div&gt;&lt;img src=&quot;https://t00.deviantart.net/AdQ5pQ6fjLohZUSRVflOgc2vheI=/300x200/filters:fixed_height(100,100):origin()/pre00/a724/th/pre/i/2019/020/0/e/size_of_this_art_by_shehbaazsiberian-dcxj9s4.jpg&quot; alt=&quot;thumbnail&quot; /&gt;&lt;/div&gt;</description>            </item>
        <item>
            <title>Spinning Diamond</title>
            <link>https://aislynndavis.deviantart.com/art/Spinning-Diamond-781919847</link>
            <guid isPermaLink="true">https://aislynndavis.deviantart.com/art/Spinning-Diamond-781919847</guid>
            <pubDate>Sun, 20 Jan 2019 00:44:21 PST</pubDate>
            <media:title type="plain">Spinning Diamond</media:title>
            <media:keywords></media:keywords>
            <media:rating>nonadult</media:rating>
            <media:category label="Animated">customization/emoticons/animated/small/animated</media:category>
            <media:credit role="author" scheme="urn:ebu">AislynnDavis</media:credit>
            <media:credit role="author" scheme="urn:ebu">https://a.deviantart.net/avatars/a/i/aislynndavis.gif?13</media:credit>
            <media:copyright url="https://aislynndavis.deviantart.com">Copyright 2019 AislynnDavis</media:copyright>            <media:description type="html">Hey guys! Made this for my reference sheet descriptions so they can hopefully look a little less plain.&lt;br /&gt;&lt;br /&gt;You guys are allowed to use this if y&#039;all want to! Free to use.&lt;br /&gt;&lt;br /&gt;Bye for now! ^u^</media:description>            <media:thumbnail url="https://orig00.deviantart.net/e8bf/f/2019/020/4/2/425fd2cd78faabda4bfd491656c56bfb-dcxj97r.gif" height="16" width="16"/>            <media:thumbnail url="https://orig00.deviantart.net/e8bf/f/2019/020/4/2/425fd2cd78faabda4bfd491656c56bfb-dcxj97r.gif" height="16" width="16"/>            <media:thumbnail url="https://orig00.deviantart.net/e8bf/f/2019/020/4/2/425fd2cd78faabda4bfd491656c56bfb-dcxj97r.gif" height="16" width="16"/>            <media:content url="https://orig00.deviantart.net/e8bf/f/2019/020/4/2/425fd2cd78faabda4bfd491656c56bfb-dcxj97r.gif" height="16" width="16" medium="image"/>
            <description>Hey guys! Made this for my reference sheet descriptions so they can hopefully look a little less plain.&lt;br /&gt;&lt;br /&gt;You guys are allowed to use this if y&#039;all want to! Free to use.&lt;br /&gt;&lt;br /&gt;Bye for now! ^u^&lt;br /&gt;&lt;div&gt;&lt;img src=&quot;https://orig00.deviantart.net/e8bf/f/2019/020/4/2/425fd2cd78faabda4bfd491656c56bfb-dcxj97r.gif&quot; alt=&quot;thumbnail&quot; /&gt;&lt;/div&gt;</description>            </item>
        <item>
            <title>Lake in Japan</title>
            <link>https://arielhua.deviantart.com/art/Lake-in-Japan-781920612</link>
            <guid isPermaLink="true">https://arielhua.deviantart.com/art/Lake-in-Japan-781920612</guid>
            <pubDate>Sun, 20 Jan 2019 00:44:21 PST</pubDate>
            <media:title type="plain">Lake in Japan</media:title>
            <media:keywords></media:keywords>
            <media:rating>nonadult</media:rating>
            <media:category label="Waterscapes">photography/nature/waterscapes</media:category>
            <media:credit role="author" scheme="urn:ebu">arielhua</media:credit>
            <media:credit role="author" scheme="urn:ebu">https://a.deviantart.net/avatars/a/r/arielhua.png?4</media:credit>
            <media:copyright url="https://arielhua.deviantart.com">Copyright 2019 arielhua</media:copyright>            <media:description type="html">&lt;a class=&quot;discoverytag&quot; href=&quot;https://www.deviantart.com/tag/iphone6&quot; data-canonical-tag=&quot;iphone6&quot;&gt;#iphone6&lt;/a&gt;</media:description>            <media:thumbnail url="https://t00.deviantart.net/VMAjLXWDJmSc9Xi0BYerLOJzWJw=/fit-in/150x150/filters:no_upscale():origin()/pre00/ec44/th/pre/i/2019/020/4/6/lake_in_japan_by_arielhua-dcxj9t0.jpg" height="113" width="150"/>            <media:thumbnail url="https://t00.deviantart.net/z56tQe95o0KYRmeX4BIcf43MXuA=/fit-in/300x900/filters:no_upscale():origin()/pre00/ec44/th/pre/i/2019/020/4/6/lake_in_japan_by_arielhua-dcxj9t0.jpg" height="225" width="300"/>            <media:thumbnail url="https://t00.deviantart.net/Wjg16J4z8THKIzUWzLCHOQAP-CM=/300x200/filters:fixed_height(100,100):origin()/pre00/ec44/th/pre/i/2019/020/4/6/lake_in_japan_by_arielhua-dcxj9t0.jpg" height="200" width="267"/>            <media:content url="https://img00.deviantart.net/d769/i/2019/020/4/6/lake_in_japan_by_arielhua-dcxj9t0.jpg" height="300" width="400" medium="image"/>
            <description>&lt;a class=&quot;discoverytag&quot; href=&quot;https://www.deviantart.com/tag/iphone6&quot; data-canonical-tag=&quot;iphone6&quot;&gt;#iphone6&lt;/a&gt;&lt;br /&gt;&lt;div&gt;&lt;img src=&quot;https://t00.deviantart.net/Wjg16J4z8THKIzUWzLCHOQAP-CM=/300x200/filters:fixed_height(100,100):origin()/pre00/ec44/th/pre/i/2019/020/4/6/lake_in_japan_by_arielhua-dcxj9t0.jpg&quot; alt=&quot;thumbnail&quot; /&gt;&lt;/div&gt;</description>            </item>
        <item>
            <title>Brontosaurus and Pachyrhinosaurus</title>
            <link>https://gojirafan1994.deviantart.com/art/Brontosaurus-and-Pachyrhinosaurus-781866853</link>
            <guid isPermaLink="true">https://gojirafan1994.deviantart.com/art/Brontosaurus-and-Pachyrhinosaurus-781866853</guid>
            <pubDate>Sun, 20 Jan 2019 00:44:20 PST</pubDate>
            <media:title type="plain">Brontosaurus and Pachyrhinosaurus</media:title>
            <media:keywords></media:keywords>
            <media:rating>nonadult</media:rating>
            <media:category label="Drawings">cartoons/digital/cartoons/drawings</media:category>
            <media:credit role="author" scheme="urn:ebu">Gojirafan1994</media:credit>
            <media:credit role="author" scheme="urn:ebu">https://a.deviantart.net/avatars/g/o/gojirafan1994.png?2</media:credit>
            <media:copyright url="https://gojirafan1994.deviantart.com">Copyright 2019 Gojirafan1994</media:copyright>            <media:description type="html">Brontosaurus finds Brachiosaurus and Pachyrhinosaurus after Oviraptor and Gallimimus have left.</media:description>            <media:thumbnail url="https://t00.deviantart.net/ABGhLayDhLEm-dqKl1HOW8PJ6pc=/fit-in/150x150/filters:no_upscale():origin()/pre00/2640/th/pre/f/2019/019/3/e/brontosaurus_and_pachyrhinosaurus_by_gojirafan1994-dcxi4bp.png" height="131" width="150"/>            <media:thumbnail url="https://t00.deviantart.net/TdNaEUM7FdkXq4I2-kY3piuqI2g=/fit-in/300x900/filters:no_upscale():origin()/pre00/2640/th/pre/f/2019/019/3/e/brontosaurus_and_pachyrhinosaurus_by_gojirafan1994-dcxi4bp.png" height="262" width="300"/>            <media:thumbnail url="https://t00.deviantart.net/mR5Psv_1IGnUNowoZW6jC5BqEY0=/300x200/filters:fixed_height(100,100):origin()/pre00/2640/th/pre/f/2019/019/3/e/brontosaurus_and_pachyrhinosaurus_by_gojirafan1994-dcxi4bp.png" height="200" width="229"/>            <media:content url="https://orig00.deviantart.net/cbfc/f/2019/019/3/e/brontosaurus_and_pachyrhinosaurus_by_gojirafan1994-dcxi4bp.png" height="663" width="758" medium="image"/>
            <description>Brontosaurus finds Brachiosaurus and Pachyrhinosaurus after Oviraptor and Gallimimus have left.&lt;br /&gt;&lt;div&gt;&lt;img src=&quot;https://t00.deviantart.net/mR5Psv_1IGnUNowoZW6jC5BqEY0=/300x200/filters:fixed_height(100,100):origin()/pre00/2640/th/pre/f/2019/019/3/e/brontosaurus_and_pachyrhinosaurus_by_gojirafan1994-dcxi4bp.png&quot; alt=&quot;thumbnail&quot; /&gt;&lt;/div&gt;</description>            </item>
        <item>
            <title>the call of the void</title>
            <link>https://uncandid.deviantart.com/art/the-call-of-the-void-781072577</link>
            <guid isPermaLink="true">https://uncandid.deviantart.com/art/the-call-of-the-void-781072577</guid>
            <pubDate>Sun, 20 Jan 2019 00:44:18 PST</pubDate>
            <media:title type="plain">the call of the void</media:title>
            <media:keywords></media:keywords>
            <media:rating>nonadult</media:rating>
            <media:category label="Drawings">manga/digital/drawings</media:category>
            <media:credit role="author" scheme="urn:ebu">uncandid</media:credit>
            <media:credit role="author" scheme="urn:ebu">https://a.deviantart.net/avatars/u/n/uncandid.png?4</media:credit>
            <media:copyright url="https://uncandid.deviantart.com">Copyright 2019 uncandid</media:copyright>            <media:description type="html">psychedelia&amp;nbsp;</media:description>            <media:thumbnail url="https://t00.deviantart.net/AM-RsfekMVm69WOLK-qQfsdPBtc=/fit-in/150x150/filters:no_upscale():origin()/pre00/8746/th/pre/f/2019/020/5/3/530c5b26de371bf376af1ccc85556868-dcx13gh.png" height="121" width="150"/>            <media:thumbnail url="https://t00.deviantart.net/Eq4ShmHyVG_riSajR_p282emICc=/fit-in/300x900/filters:no_upscale():origin()/pre00/8746/th/pre/f/2019/020/5/3/530c5b26de371bf376af1ccc85556868-dcx13gh.png" height="242" width="300"/>            <media:thumbnail url="https://t00.deviantart.net/8pwifss89iJhQveRqDdkh0Hol3c=/300x200/filters:fixed_height(100,100):origin()/pre00/8746/th/pre/f/2019/020/5/3/530c5b26de371bf376af1ccc85556868-dcx13gh.png" height="200" width="248"/>            <media:content url="https://orig00.deviantart.net/ba9a/f/2019/020/5/3/530c5b26de371bf376af1ccc85556868-dcx13gh.png" height="600" width="744" medium="image"/>
            <description>psychedelia&amp;nbsp;&lt;br /&gt;&lt;div&gt;&lt;img src=&quot;https://t00.deviantart.net/8pwifss89iJhQveRqDdkh0Hol3c=/300x200/filters:fixed_height(100,100):origin()/pre00/8746/th/pre/f/2019/020/5/3/530c5b26de371bf376af1ccc85556868-dcx13gh.png&quot; alt=&quot;thumbnail&quot; /&gt;&lt;/div&gt;</description>            </item>
        <item>
            <title>winter and snow</title>
            <link>https://mausky.deviantart.com/art/winter-and-snow-781920577</link>
            <guid isPermaLink="true">https://mausky.deviantart.com/art/winter-and-snow-781920577</guid>
            <pubDate>Sun, 20 Jan 2019 00:44:17 PST</pubDate>
            <media:title type="plain">winter and snow</media:title>
            <media:keywords></media:keywords>
            <media:rating>nonadult</media:rating>
            <media:category label="Landscapes">photography/nature/landscapes</media:category>
            <media:credit role="author" scheme="urn:ebu">mausky</media:credit>
            <media:credit role="author" scheme="urn:ebu">https://a.deviantart.net/avatars/m/a/mausky.jpg?4</media:credit>
            <media:copyright url="https://mausky.deviantart.com">Copyright 2019 mausky</media:copyright>             <creativeCommons:license>http://creativecommons.org/licenses/by-nc-nd/3.0/</creativeCommons:license>
            <media:description type="html"></media:description>            <media:thumbnail url="https://t00.deviantart.net/dwV0X13oCDhfkKCibT0Un3eaIOg=/fit-in/150x150/filters:no_upscale():origin()/pre00/c521/th/pre/i/2019/020/6/c/winter_and_snow_by_mausky-dcxj9s1.jpg" height="100" width="150"/>            <media:thumbnail url="https://t00.deviantart.net/iJziGWzeW86S8k396T0dbVRfdno=/fit-in/300x900/filters:no_upscale():origin()/pre00/c521/th/pre/i/2019/020/6/c/winter_and_snow_by_mausky-dcxj9s1.jpg" height="200" width="300"/>            <media:thumbnail url="https://t00.deviantart.net/BhdrhaZ9yIpgQFoNGxzrxmXXEKQ=/300x200/filters:fixed_height(100,100):origin()/pre00/c521/th/pre/i/2019/020/6/c/winter_and_snow_by_mausky-dcxj9s1.jpg" height="200" width="300"/>            <media:content url="https://img00.deviantart.net/5c17/i/2019/020/6/c/winter_and_snow_by_mausky-dcxj9s1.jpg" height="600" width="900" medium="image"/>
            <description>&lt;br /&gt;&lt;div&gt;&lt;img src=&quot;https://t00.deviantart.net/BhdrhaZ9yIpgQFoNGxzrxmXXEKQ=/300x200/filters:fixed_height(100,100):origin()/pre00/c521/th/pre/i/2019/020/6/c/winter_and_snow_by_mausky-dcxj9s1.jpg&quot; alt=&quot;thumbnail&quot; /&gt;&lt;/div&gt;</description>            </item>
        <item>
            <title>Muzyija Pixel Icon (By Cami-Sama-Sama)</title>
            <link>https://1-format4for4.deviantart.com/art/Muzyija-Pixel-Icon-By-Cami-Sama-Sama-781920403</link>
            <guid isPermaLink="true">https://1-format4for4.deviantart.com/art/Muzyija-Pixel-Icon-By-Cami-Sama-Sama-781920403</guid>
            <pubDate>Sun, 20 Jan 2019 00:44:15 PST</pubDate>
            <media:title type="plain">Muzyija Pixel Icon (By Cami-Sama-Sama)</media:title>
            <media:keywords></media:keywords>
            <media:rating>nonadult</media:rating>
            <media:category label="Animation">digitalart/animation</media:category>
            <media:credit role="author" scheme="urn:ebu">1-FORMAT4FOR4</media:credit>
            <media:credit role="author" scheme="urn:ebu">https://a.deviantart.net/avatars/1/_/1-format4for4.gif?4</media:credit>
            <media:copyright url="https://1-format4for4.deviantart.com">Copyright 2019 1-FORMAT4FOR4</media:copyright>             <creativeCommons:license>http://creativecommons.org/licenses/by-nc-nd/3.0/</creativeCommons:license>
            <media:description type="html">&lt;div&gt;A beautiful animated icon made by &lt;small&gt;&lt;span class=&quot;username-with-symbol u&quot;&gt;&lt;a class=&quot;u beta username&quot; href=&quot;https://www.deviantart.com/cami-sama-sama&quot;&gt;Cami-Sama-Sama&lt;/a&gt;&lt;span class=&quot;user-symbol beta&quot; data-quicktip-text=&quot;Beta Tester&quot; data-show-tooltip=&quot;1&quot; data-gruser-type=&quot;beta&quot;&gt;&lt;/span&gt;&lt;/span&gt;&lt;/small&gt;&lt;/div&gt;&lt;div&gt;&lt;small&gt;You should check her out. x) &lt;br /&gt;&lt;/small&gt;&lt;/div&gt;</media:description>            <media:thumbnail url="https://orig00.deviantart.net/b92a/f/2019/020/b/8/muzyija_pixel_icon__by_cami_sama_sama__by_1_format4for4-dcxj9n7.gif" height="50" width="50"/>            <media:thumbnail url="https://orig00.deviantart.net/b92a/f/2019/020/b/8/muzyija_pixel_icon__by_cami_sama_sama__by_1_format4for4-dcxj9n7.gif" height="50" width="50"/>            <media:thumbnail url="https://orig00.deviantart.net/b92a/f/2019/020/b/8/muzyija_pixel_icon__by_cami_sama_sama__by_1_format4for4-dcxj9n7.gif" height="50" width="50"/>            <media:content url="https://orig00.deviantart.net/b92a/f/2019/020/b/8/muzyija_pixel_icon__by_cami_sama_sama__by_1_format4for4-dcxj9n7.gif" height="50" width="50" medium="image"/>
            <description>&lt;div&gt;A beautiful animated icon made by &lt;small&gt;&lt;span class=&quot;username-with-symbol u&quot;&gt;&lt;a class=&quot;u beta username&quot; href=&quot;https://www.deviantart.com/cami-sama-sama&quot;&gt;Cami-Sama-Sama&lt;/a&gt;&lt;span class=&quot;user-symbol beta&quot; data-quicktip-text=&quot;Beta Tester&quot; data-show-tooltip=&quot;1&quot; data-gruser-type=&quot;beta&quot;&gt;&lt;/span&gt;&lt;/span&gt;&lt;/small&gt;&lt;/div&gt;&lt;div&gt;&lt;small&gt;You should check her out. x) &lt;br /&gt;&lt;/small&gt;&lt;/div&gt;&lt;br /&gt;&lt;div&gt;&lt;img src=&quot;https://orig00.deviantart.net/b92a/f/2019/020/b/8/muzyija_pixel_icon__by_cami_sama_sama__by_1_format4for4-dcxj9n7.gif&quot; alt=&quot;thumbnail&quot; /&gt;&lt;/div&gt;</description>            </item>
        <item>
            <title>present moment</title>
            <link>https://aiyami-skydream.deviantart.com/art/present-moment-781920574</link>
            <guid isPermaLink="true">https://aiyami-skydream.deviantart.com/art/present-moment-781920574</guid>
            <pubDate>Sun, 20 Jan 2019 00:44:14 PST</pubDate>
            <media:title type="plain">present moment</media:title>
            <media:keywords></media:keywords>
            <media:rating>nonadult</media:rating>
            <media:category label="Free Verse">literature/poetry/humanity/open</media:category>
            <media:credit role="author" scheme="urn:ebu">aiyami-skydream</media:credit>
            <media:credit role="author" scheme="urn:ebu">https://a.deviantart.net/avatars/default.gif</media:credit>
            <media:copyright url="https://aiyami-skydream.deviantart.com">Copyright 2019 aiyami-skydream</media:copyright>            <media:description type="html"></media:description>

            <media:content url="https://aiyami-skydream.deviantart.com/art/present-moment-781920574" medium="document" />
            <media:text type="html">i wait at breakfast&lt;br /&gt;for the day you&#039;ll lean in close enough.&lt;br /&gt;if you ask i&#039;m falling headfirst off a slide in a park in delaware &lt;br /&gt;and i&#039;m four.&lt;br /&gt;i wait, so you&#039;ll know why anymore i don&#039;t climb and stories &lt;br /&gt;crowd the wings of a silent and empty stage&lt;br /&gt;&lt;br /&gt;today, this morning, i mused about the&lt;br /&gt;sleep you haven&#039;t yet rubbed out of your eyes -&lt;br /&gt;those green painter eyes&lt;br /&gt;and how, unlike yesterday and probably tomorrow,&lt;br /&gt;both our spoons stir tea left-handed&lt;br /&gt;&lt;br /&gt;past a light war by kundera, and past camus murders, &lt;br /&gt;into our future climate scripted by vonnegut.&lt;br /&gt;i look past you, past tea, past yesterday&#039;s news to&lt;br /&gt;comic frames that forecast life better than windo</media:text>
            <description></description>            </item>
        <item>
            <title>Old Gwyn+Atti Designs</title>
            <link>https://mrdrawsart.deviantart.com/art/Old-Gwyn-Atti-Designs-781920529</link>
            <guid isPermaLink="true">https://mrdrawsart.deviantart.com/art/Old-Gwyn-Atti-Designs-781920529</guid>
            <pubDate>Sun, 20 Jan 2019 00:44:13 PST</pubDate>
            <media:title type="plain">Old Gwyn+Atti Designs</media:title>
            <media:keywords></media:keywords>
            <media:rating>nonadult</media:rating>
            <media:category label="Fantasy">digitalart/paintings/fantasy</media:category>
            <media:credit role="author" scheme="urn:ebu">mrdrawsart</media:credit>
            <media:credit role="author" scheme="urn:ebu">https://a.deviantart.net/avatars/m/r/mrdrawsart.png?10</media:credit>
            <media:copyright url="https://mrdrawsart.deviantart.com">Copyright 2019 mrdrawsart</media:copyright>            <media:description type="html">More art from last year. Gwyn has more or less stayed the same while Atticus got a palette change and some SKIN on his dumb head</media:description>            <media:thumbnail url="https://t00.deviantart.net/FlIAylOzKdwgD10ocJQ5f33rlIE=/fit-in/150x150/filters:no_upscale():origin()/pre00/dc13/th/pre/i/2019/020/8/9/old_gwyn_atti_designs_by_mrdrawsart-dcxj9qp.png" height="150" width="134"/>            <media:thumbnail url="https://t00.deviantart.net/nTAZiI-YlSE2FHHUKJk8d7w01NU=/fit-in/300x900/filters:no_upscale():origin()/pre00/dc13/th/pre/i/2019/020/8/9/old_gwyn_atti_designs_by_mrdrawsart-dcxj9qp.png" height="336" width="300"/>            <media:thumbnail url="https://t00.deviantart.net/mZcRm6yx_gjNcZ2azQM5_Mv3HE8=/300x200/filters:fixed_height(100,100):origin()/pre00/dc13/th/pre/i/2019/020/8/9/old_gwyn_atti_designs_by_mrdrawsart-dcxj9qp.png" height="200" width="179"/>            <media:content url="https://pre00.deviantart.net/dc13/th/pre/i/2019/020/8/9/old_gwyn_atti_designs_by_mrdrawsart-dcxj9qp.png" height="946" width="845" medium="image"/>
            <description>More art from last year. Gwyn has more or less stayed the same while Atticus got a palette change and some SKIN on his dumb head&lt;br /&gt;&lt;div&gt;&lt;img src=&quot;https://t00.deviantart.net/mZcRm6yx_gjNcZ2azQM5_Mv3HE8=/300x200/filters:fixed_height(100,100):origin()/pre00/dc13/th/pre/i/2019/020/8/9/old_gwyn_atti_designs_by_mrdrawsart-dcxj9qp.png&quot; alt=&quot;thumbnail&quot; /&gt;&lt;/div&gt;</description>            </item>
        <item>
            <title>Gluttony&#039;s Feast</title>
            <link>https://doctor-bloodrive.deviantart.com/art/Gluttony-s-Feast-781920526</link>
            <guid isPermaLink="true">https://doctor-bloodrive.deviantart.com/art/Gluttony-s-Feast-781920526</guid>
            <pubDate>Sun, 20 Jan 2019 00:44:12 PST</pubDate>
            <media:title type="plain">Gluttony&#039;s Feast</media:title>
            <media:keywords></media:keywords>
            <media:rating>nonadult</media:rating>
            <media:category label="3-Dimensional">cartoons/digital/comics/3d</media:category>
            <media:credit role="author" scheme="urn:ebu">Doctor-Bloodrive</media:credit>
            <media:credit role="author" scheme="urn:ebu">https://a.deviantart.net/avatars/d/o/doctor-bloodrive.png?2</media:credit>
            <media:copyright url="https://doctor-bloodrive.deviantart.com">Copyright 2019 Doctor-Bloodrive</media:copyright>            <media:description type="html">Just a pinup pic of Gluttony without her mask.</media:description>            <media:thumbnail url="https://t00.deviantart.net/wQEpc5zNy3QXMvWjWDGNrhmu9sc=/fit-in/150x150/filters:no_upscale():origin()/pre00/445b/th/pre/i/2019/020/9/2/gluttony_s_feast_by_doctor_bloodrive-dcxj9qm.png" height="149" width="150"/>            <media:thumbnail url="https://t00.deviantart.net/15EMFT9UNAfiCaUZc5SQCjoWJTY=/fit-in/300x900/filters:no_upscale():origin()/pre00/445b/th/pre/i/2019/020/9/2/gluttony_s_feast_by_doctor_bloodrive-dcxj9qm.png" height="298" width="300"/>            <media:thumbnail url="https://t00.deviantart.net/Aj_HwUGLXNH_Z56S5K1Dgw3xTYI=/300x200/filters:fixed_height(100,100):origin()/pre00/445b/th/pre/i/2019/020/9/2/gluttony_s_feast_by_doctor_bloodrive-dcxj9qm.png" height="200" width="201"/>            <media:content url="https://pre00.deviantart.net/445b/th/pre/i/2019/020/9/2/gluttony_s_feast_by_doctor_bloodrive-dcxj9qm.png" height="891" width="896" medium="image"/>
            <description>Just a pinup pic of Gluttony without her mask.&lt;br /&gt;&lt;div&gt;&lt;img src=&quot;https://t00.deviantart.net/Aj_HwUGLXNH_Z56S5K1Dgw3xTYI=/300x200/filters:fixed_height(100,100):origin()/pre00/445b/th/pre/i/2019/020/9/2/gluttony_s_feast_by_doctor_bloodrive-dcxj9qm.png&quot; alt=&quot;thumbnail&quot; /&gt;&lt;/div&gt;</description>            </item>
        <item>
            <title>Cipher</title>
            <link>https://doxiie.deviantart.com/art/Cipher-781620605</link>
            <guid isPermaLink="true">https://doxiie.deviantart.com/art/Cipher-781620605</guid>
            <pubDate>Sun, 20 Jan 2019 00:44:08 PST</pubDate>
            <media:title type="plain">Cipher</media:title>
            <media:keywords></media:keywords>
            <media:rating>nonadult</media:rating>
            <media:category label="Animals">digitalart/paintings/animals</media:category>
            <media:credit role="author" scheme="urn:ebu">Doxiie</media:credit>
            <media:credit role="author" scheme="urn:ebu">https://a.deviantart.net/avatars/d/o/doxiie.gif?11</media:credit>
            <media:copyright url="https://doxiie.deviantart.com">Copyright 2019 Doxiie</media:copyright>            <media:description type="html">&lt;strike&gt;I&#039;m 100% sure the judge&lt;span&gt; in the new invisible video&lt;/span&gt; is a cannibal.&lt;/strike&gt;</media:description>            <media:thumbnail url="https://t00.deviantart.net/HJGTElUDK6Pqac6yoUNNGEBQjCs=/fit-in/150x150/filters:no_upscale():origin()/pre00/15bd/th/pre/f/2019/018/f/f/4__2__by_doxiie-dcxcubh.png" height="150" width="114"/>            <media:thumbnail url="https://t00.deviantart.net/-BvCUlm9hPBtr3N9j-TdpgShWoU=/fit-in/300x900/filters:no_upscale():origin()/pre00/15bd/th/pre/f/2019/018/f/f/4__2__by_doxiie-dcxcubh.png" height="393" width="300"/>            <media:thumbnail url="https://t00.deviantart.net/p0KeiNt_ovvLGq4K0oqDOBk7dGk=/300x200/filters:fixed_height(100,100):origin()/pre00/15bd/th/pre/f/2019/018/f/f/4__2__by_doxiie-dcxcubh.png" height="200" width="153"/>            <media:content url="https://pre00.deviantart.net/15bd/th/pre/f/2019/018/f/f/4__2__by_doxiie-dcxcubh.png" height="1024" width="781" medium="image"/>
            <description>&lt;strike&gt;I&#039;m 100% sure the judge&lt;span&gt; in the new invisible video&lt;/span&gt; is a cannibal.&lt;/strike&gt;&lt;br /&gt;&lt;div&gt;&lt;img src=&quot;https://t00.deviantart.net/p0KeiNt_ovvLGq4K0oqDOBk7dGk=/300x200/filters:fixed_height(100,100):origin()/pre00/15bd/th/pre/f/2019/018/f/f/4__2__by_doxiie-dcxcubh.png&quot; alt=&quot;thumbnail&quot; /&gt;&lt;/div&gt;</description>            </item>
        <item>
            <title>[C4D] - Ballora v.7 WIP2</title>
            <link>https://funtimeeddie.deviantart.com/art/C4D-Ballora-v-7-WIP2-781920550</link>
            <guid isPermaLink="true">https://funtimeeddie.deviantart.com/art/C4D-Ballora-v-7-WIP2-781920550</guid>
            <pubDate>Sun, 20 Jan 2019 00:44:04 PST</pubDate>
            <media:title type="plain">[C4D] - Ballora v.7 WIP2</media:title>
            <media:keywords></media:keywords>
            <media:rating>nonadult</media:rating>
            <media:category label="Mascots">designs/mascots</media:category>
            <media:credit role="author" scheme="urn:ebu">FuntimeEddie</media:credit>
            <media:credit role="author" scheme="urn:ebu">https://a.deviantart.net/avatars/f/u/funtimeeddie.png?9</media:credit>
            <media:copyright url="https://funtimeeddie.deviantart.com">Copyright 2019 FuntimeEddie</media:copyright>            <media:description type="html">WIP2</media:description>            <media:thumbnail url="https://t00.deviantart.net/zc5evKb-DTyVJQE-q1r0Fgnzses=/fit-in/150x150/filters:no_upscale():origin()/pre00/f72e/th/pre/i/2019/020/5/f/_c4d____ballora_v_7_wip2_by_funtimeeddie-dcxj9ra.png" height="84" width="150"/>            <media:thumbnail url="https://t00.deviantart.net/sTvaFxA7Ty_JxPWfD0peAzh7ilQ=/fit-in/300x900/filters:no_upscale():origin()/pre00/f72e/th/pre/i/2019/020/5/f/_c4d____ballora_v_7_wip2_by_funtimeeddie-dcxj9ra.png" height="169" width="300"/>            <media:thumbnail url="https://t00.deviantart.net/DfxVWPjFVfXF1t6YCrrjhDvmt9U=/300x200/filters:fixed_height(100,100):origin()/pre00/f72e/th/pre/i/2019/020/5/f/_c4d____ballora_v_7_wip2_by_funtimeeddie-dcxj9ra.png" height="169" width="300"/>            <media:content url="https://img00.deviantart.net/e83c/i/2019/020/5/f/_c4d____ballora_v_7_wip2_by_funtimeeddie-dcxj9ra.png" height="576" width="1024" medium="image"/>
            <description>WIP2&lt;br /&gt;&lt;div&gt;&lt;img src=&quot;https://t00.deviantart.net/DfxVWPjFVfXF1t6YCrrjhDvmt9U=/300x200/filters:fixed_height(100,100):origin()/pre00/f72e/th/pre/i/2019/020/5/f/_c4d____ballora_v_7_wip2_by_funtimeeddie-dcxj9ra.png&quot; alt=&quot;thumbnail&quot; /&gt;&lt;/div&gt;</description>            </item>
        <item>
            <title>Slime Dude [Ref]</title>
            <link>https://harpyy.deviantart.com/art/Slime-Dude-Ref-781920528</link>
            <guid isPermaLink="true">https://harpyy.deviantart.com/art/Slime-Dude-Ref-781920528</guid>
            <pubDate>Sun, 20 Jan 2019 00:44:04 PST</pubDate>
            <media:title type="plain">Slime Dude [Ref]</media:title>
            <media:keywords></media:keywords>
            <media:rating>nonadult</media:rating>
            <media:category label="Other">digitalart/paintings/other</media:category>
            <media:credit role="author" scheme="urn:ebu">Harpyy</media:credit>
            <media:credit role="author" scheme="urn:ebu">https://a.deviantart.net/avatars/h/a/harpyy.png?6</media:credit>
            <media:copyright url="https://harpyy.deviantart.com">Copyright 2019 Harpyy</media:copyright>            <media:description type="html">I still need to add some stuff but have this for now since im keeping my word on a slime OC.&lt;br /&gt;&lt;br /&gt;&lt;br /&gt;Art (C) Harpyy&lt;br /&gt;Character (C) Harpyy</media:description>            <media:thumbnail url="https://t00.deviantart.net/Ad3VBpHUGeVlSCoBNqMV0zxo7po=/fit-in/150x150/filters:no_upscale():origin()/pre00/dd68/th/pre/f/2019/020/d/c/chibi_ref_by_harpyy-dcxj9qo.png" height="150" width="122"/>            <media:thumbnail url="https://t00.deviantart.net/Pu4Rffv6Q-hJPzcM4W6xbj6QZ6U=/fit-in/300x900/filters:no_upscale():origin()/pre00/dd68/th/pre/f/2019/020/d/c/chibi_ref_by_harpyy-dcxj9qo.png" height="369" width="300"/>            <media:thumbnail url="https://t00.deviantart.net/qjmoaDGHzjvh_58G5JG2iDeJCEY=/300x200/filters:fixed_height(100,100):origin()/pre00/dd68/th/pre/f/2019/020/d/c/chibi_ref_by_harpyy-dcxj9qo.png" height="200" width="163"/>            <media:content url="https://orig00.deviantart.net/2806/f/2019/020/d/c/chibi_ref_by_harpyy-dcxj9qo.png" height="486" width="395" medium="image"/>
            <description>I still need to add some stuff but have this for now since im keeping my word on a slime OC.&lt;br /&gt;&lt;br /&gt;&lt;br /&gt;Art (C) Harpyy&lt;br /&gt;Character (C) Harpyy&lt;br /&gt;&lt;div&gt;&lt;img src=&quot;https://t00.deviantart.net/qjmoaDGHzjvh_58G5JG2iDeJCEY=/300x200/filters:fixed_height(100,100):origin()/pre00/dd68/th/pre/f/2019/020/d/c/chibi_ref_by_harpyy-dcxj9qo.png&quot; alt=&quot;thumbnail&quot; /&gt;&lt;/div&gt;</description>            </item>
        <item>
            <title>barney</title>
            <link>https://importantgreatwake.deviantart.com/art/barney-781920423</link>
            <guid isPermaLink="true">https://importantgreatwake.deviantart.com/art/barney-781920423</guid>
            <pubDate>Sun, 20 Jan 2019 00:44:01 PST</pubDate>
            <media:title type="plain">barney</media:title>
            <media:keywords></media:keywords>
            <media:rating>nonadult</media:rating>
            <media:category label="Animals">digitalart/paintings/animals</media:category>
            <media:credit role="author" scheme="urn:ebu">importantgreatwake</media:credit>
            <media:credit role="author" scheme="urn:ebu">https://a.deviantart.net/avatars/i/m/importantgreatwake.jpg?4</media:credit>
            <media:copyright url="https://importantgreatwake.deviantart.com">Copyright 2019 importantgreatwake</media:copyright>            <media:description type="html">a little barn owl</media:description>            <media:thumbnail url="https://t00.deviantart.net/xRrZSKnvvx8a_6R4hUW3l4Z1H2o=/fit-in/150x150/filters:no_upscale():origin()/pre00/e3e2/th/pre/f/2019/020/6/e/barney_by_importantgreatwake-dcxj9nr.png" height="141" width="150"/>            <media:thumbnail url="https://t00.deviantart.net/A1RMDVU5ZGJ5KXdd57AKRsl5RGI=/fit-in/300x900/filters:no_upscale():origin()/pre00/e3e2/th/pre/f/2019/020/6/e/barney_by_importantgreatwake-dcxj9nr.png" height="281" width="300"/>            <media:thumbnail url="https://t00.deviantart.net/H8MDhnPftqaFM6rQ--DG3pnb4zM=/300x200/filters:fixed_height(100,100):origin()/pre00/e3e2/th/pre/f/2019/020/6/e/barney_by_importantgreatwake-dcxj9nr.png" height="200" width="213"/>            <media:content url="https://orig00.deviantart.net/b2c1/f/2019/020/6/e/barney_by_importantgreatwake-dcxj9nr.png" height="541" width="577" medium="image"/>
            <description>a little barn owl&lt;br /&gt;&lt;div&gt;&lt;img src=&quot;https://t00.deviantart.net/H8MDhnPftqaFM6rQ--DG3pnb4zM=/300x200/filters:fixed_height(100,100):origin()/pre00/e3e2/th/pre/f/2019/020/6/e/barney_by_importantgreatwake-dcxj9nr.png&quot; alt=&quot;thumbnail&quot; /&gt;&lt;/div&gt;</description>            </item>
        <item>
            <title>Dragon</title>
            <link>https://sandywai.deviantart.com/art/Dragon-781920565</link>
            <guid isPermaLink="true">https://sandywai.deviantart.com/art/Dragon-781920565</guid>
            <pubDate>Sun, 20 Jan 2019 00:43:59 PST</pubDate>
            <media:title type="plain">Dragon</media:title>
            <media:keywords></media:keywords>
            <media:rating>nonadult</media:rating>
            <media:category label="Games">fanart/manga/traditional/games</media:category>
            <media:credit role="author" scheme="urn:ebu">sandywai</media:credit>
            <media:credit role="author" scheme="urn:ebu">https://a.deviantart.net/avatars/s/a/sandywai.jpg?4</media:credit>
            <media:copyright url="https://sandywai.deviantart.com">Copyright 2019 sandywai</media:copyright>            <media:description type="html">A practice drawing of Ryu in Dragon form(Breath of fire III) that I did a long time ago, it was used in watercolor and outlined with brush for the first time&lt;br /&gt;It&#039;s difficult to control the line, but I had lots of fun with it.Hope you guys like it ^^</media:description>            <media:thumbnail url="https://t00.deviantart.net/A-nrAlgBcgDQfGcLrxJAHwraFfw=/fit-in/150x150/filters:no_upscale():origin()/pre00/8583/th/pre/i/2019/020/1/5/dragon_by_sandywai-dcxj9rp.jpg" height="143" width="150"/>            <media:thumbnail url="https://t00.deviantart.net/Fd2vT7FbKArhwmDeWMZLI-NvE2c=/fit-in/300x900/filters:no_upscale():origin()/pre00/8583/th/pre/i/2019/020/1/5/dragon_by_sandywai-dcxj9rp.jpg" height="286" width="300"/>            <media:thumbnail url="https://t00.deviantart.net/GES0YyE2VZpjotLJ41TZh2Td0qs=/300x200/filters:fixed_height(100,100):origin()/pre00/8583/th/pre/i/2019/020/1/5/dragon_by_sandywai-dcxj9rp.jpg" height="200" width="210"/>            <media:content url="https://img00.deviantart.net/0c4d/i/2019/020/1/5/dragon_by_sandywai-dcxj9rp.jpg" height="573" width="600" medium="image"/>
            <description>A practice drawing of Ryu in Dragon form(Breath of fire III) that I did a long time ago, it was used in watercolor and outlined with brush for the first time&lt;br /&gt;It&#039;s difficult to control the line, but I had lots of fun with it.Hope you guys like it ^^&lt;br /&gt;&lt;div&gt;&lt;img src=&quot;https://t00.deviantart.net/GES0YyE2VZpjotLJ41TZh2Td0qs=/300x200/filters:fixed_height(100,100):origin()/pre00/8583/th/pre/i/2019/020/1/5/dragon_by_sandywai-dcxj9rp.jpg&quot; alt=&quot;thumbnail&quot; /&gt;&lt;/div&gt;</description>            </item>
        <item>
            <title>Realistic Artwork (Practice) # 1</title>
            <link>https://brilliantminds.deviantart.com/art/Realistic-Artwork-Practice-1-781920468</link>
            <guid isPermaLink="true">https://brilliantminds.deviantart.com/art/Realistic-Artwork-Practice-1-781920468</guid>
            <pubDate>Sun, 20 Jan 2019 00:43:59 PST</pubDate>
            <media:title type="plain">Realistic Artwork (Practice) # 1</media:title>
            <media:keywords></media:keywords>
            <media:rating>nonadult</media:rating>
            <media:category label="Everyday Items">digitalart/3d/objects/everyday</media:category>
            <media:credit role="author" scheme="urn:ebu">brilliantminds</media:credit>
            <media:credit role="author" scheme="urn:ebu">https://a.deviantart.net/avatars/b/r/brilliantminds.gif?6</media:credit>
            <media:copyright url="https://brilliantminds.deviantart.com">Copyright 2019 brilliantminds</media:copyright>            <media:description type="html">Gonna try to do some realistic artwork, always remember practice is important.</media:description>            <media:thumbnail url="https://t00.deviantart.net/9lnTeAl6ezRdEXdqji4hVL7KPFA=/fit-in/150x150/filters:no_upscale():origin()/pre00/fc90/th/pre/f/2019/020/c/8/realistic_artwork__practice____1_by_brilliantminds-dcxj9p0.png" height="107" width="150"/>            <media:thumbnail url="https://t00.deviantart.net/c80hiY5T_7XQOCoGMZHDfkGTCRQ=/fit-in/300x900/filters:no_upscale():origin()/pre00/fc90/th/pre/f/2019/020/c/8/realistic_artwork__practice____1_by_brilliantminds-dcxj9p0.png" height="214" width="300"/>            <media:thumbnail url="https://t00.deviantart.net/hn7d0dVyUoZZnU-V_VgpLkhuQzA=/300x200/filters:fixed_height(100,100):origin()/pre00/fc90/th/pre/f/2019/020/c/8/realistic_artwork__practice____1_by_brilliantminds-dcxj9p0.png" height="200" width="280"/>            <media:content url="https://orig00.deviantart.net/53d6/f/2019/020/c/8/realistic_artwork__practice____1_by_brilliantminds-dcxj9p0.png" height="500" width="700" medium="image"/>
            <description>Gonna try to do some realistic artwork, always remember practice is important.&lt;br /&gt;&lt;div&gt;&lt;img src=&quot;https://t00.deviantart.net/hn7d0dVyUoZZnU-V_VgpLkhuQzA=/300x200/filters:fixed_height(100,100):origin()/pre00/fc90/th/pre/f/2019/020/c/8/realistic_artwork__practice____1_by_brilliantminds-dcxj9p0.png&quot; alt=&quot;thumbnail&quot; /&gt;&lt;/div&gt;</description>            </item>
        <item>
            <title>my oc</title>
            <link>https://echochii12.deviantart.com/art/my-oc-781920585</link>
            <guid isPermaLink="true">https://echochii12.deviantart.com/art/my-oc-781920585</guid>
            <pubDate>Sun, 20 Jan 2019 00:43:59 PST</pubDate>
            <media:title type="plain">my oc</media:title>
            <media:keywords></media:keywords>
            <media:rating>nonadult</media:rating>
            <media:category label="Other">digitalart/paintings/other</media:category>
            <media:credit role="author" scheme="urn:ebu">echochii12</media:credit>
            <media:credit role="author" scheme="urn:ebu">https://a.deviantart.net/avatars/e/c/echochii12.jpg?3</media:credit>
            <media:copyright url="https://echochii12.deviantart.com">Copyright 2019 echochii12</media:copyright>            <media:description type="html"></media:description>            <media:thumbnail url="https://t00.deviantart.net/DLH_UqI01M-ckp1PFmSNJURppAM=/fit-in/150x150/filters:no_upscale():origin()/pre00/1937/th/pre/i/2019/020/2/d/my_oc_by_echochii12-dcxj9s9.jpg" height="150" width="150"/>            <media:thumbnail url="https://t00.deviantart.net/9SXR1L-L7mEEa5GhsS5UAyOTdf4=/fit-in/300x900/filters:no_upscale():origin()/pre00/1937/th/pre/i/2019/020/2/d/my_oc_by_echochii12-dcxj9s9.jpg" height="300" width="300"/>            <media:thumbnail url="https://t00.deviantart.net/aVWBEXFnNbfRDPv8db6ryYKHUJY=/300x200/filters:fixed_height(100,100):origin()/pre00/1937/th/pre/i/2019/020/2/d/my_oc_by_echochii12-dcxj9s9.jpg" height="200" width="200"/>            <media:content url="https://pre00.deviantart.net/1937/th/pre/i/2019/020/2/d/my_oc_by_echochii12-dcxj9s9.jpg" height="894" width="894" medium="image"/>
            <description>&lt;br /&gt;&lt;div&gt;&lt;img src=&quot;https://t00.deviantart.net/aVWBEXFnNbfRDPv8db6ryYKHUJY=/300x200/filters:fixed_height(100,100):origin()/pre00/1937/th/pre/i/2019/020/2/d/my_oc_by_echochii12-dcxj9s9.jpg&quot; alt=&quot;thumbnail&quot; /&gt;&lt;/div&gt;</description>            </item>
        <item>
            <title>Prezent dla Wery</title>
            <link>https://ladywaderetta.deviantart.com/art/Prezent-dla-Wery-781920310</link>
            <guid isPermaLink="true">https://ladywaderetta.deviantart.com/art/Prezent-dla-Wery-781920310</guid>
            <pubDate>Sun, 20 Jan 2019 00:43:59 PST</pubDate>
            <media:title type="plain">Prezent dla Wery</media:title>
            <media:keywords></media:keywords>
            <media:rating>nonadult</media:rating>
            <media:category label="Drawings">manga/digital/drawings</media:category>
            <media:credit role="author" scheme="urn:ebu">LadyWaderetta</media:credit>
            <media:credit role="author" scheme="urn:ebu">https://a.deviantart.net/avatars/l/a/ladywaderetta.jpg?8</media:credit>
            <media:copyright url="https://ladywaderetta.deviantart.com">Copyright 2019 LadyWaderetta</media:copyright>            <media:description type="html">&lt;div&gt;&lt;a href=&quot;https://www.deviantart.com/ladywaderetta/art/Przent-dla-Wery-766770943&quot;&gt;www.deviantart.com/ladywaderet&amp;hellip;&lt;/a&gt;&lt;/div&gt;&lt;div&gt;&lt;a href=&quot;https://www.deviantart.com/werahatake/gallery/61720430/Wera-Hatake&quot;&gt;www.deviantart.com/werahatake/&amp;hellip;&lt;/a&gt;&lt;/div&gt;&lt;div&gt;&lt;br /&gt;&lt;/div&gt;&lt;div&gt;Mam nadziej&amp;#281; &amp;#380;e si&amp;#281; podoba &lt;img src=&quot;https://e.deviantart.net/emoticons/s/smile.gif&quot; width=&quot;15&quot; height=&quot;15&quot; alt=&quot;:)&quot; data-embed-type=&quot;emoticon&quot; data-embed-id=&quot;391&quot; title=&quot;:) (Smile)&quot;/&gt;&lt;br /&gt;&lt;/div&gt;&lt;div&gt;&lt;br /&gt;&lt;/div&gt;</media:description>            <media:thumbnail url="https://t00.deviantart.net/VqUp5DGsm_pNyA0cvRi8asrV-3w=/fit-in/150x150/filters:no_upscale():origin()/pre00/253d/th/pre/i/2019/020/7/8/prezent_dla_wery_by_ladywaderetta-dcxj9km.png" height="150" width="79"/>            <media:thumbnail url="https://t00.deviantart.net/jFouXUwzfu9ICSi9pgVUwsNF4iU=/fit-in/300x900/filters:no_upscale():origin()/pre00/253d/th/pre/i/2019/020/7/8/prezent_dla_wery_by_ladywaderetta-dcxj9km.png" height="572" width="300"/>            <media:thumbnail url="https://t00.deviantart.net/yUqwaOb53XJYCxqttgRUHbsX5cg=/300x200/filters:fixed_height(100,100):origin()/pre00/253d/th/pre/i/2019/020/7/8/prezent_dla_wery_by_ladywaderetta-dcxj9km.png" height="200" width="105"/>            <media:content url="https://img00.deviantart.net/615b/i/2019/020/7/8/prezent_dla_wery_by_ladywaderetta-dcxj9km.png" height="1143" width="600" medium="image"/>
            <description>&lt;div&gt;&lt;a href=&quot;https://www.deviantart.com/ladywaderetta/art/Przent-dla-Wery-766770943&quot;&gt;www.deviantart.com/ladywaderet&amp;hellip;&lt;/a&gt;&lt;/div&gt;&lt;div&gt;&lt;a href=&quot;https://www.deviantart.com/werahatake/gallery/61720430/Wera-Hatake&quot;&gt;www.deviantart.com/werahatake/&amp;hellip;&lt;/a&gt;&lt;/div&gt;&lt;div&gt;&lt;br /&gt;&lt;/div&gt;&lt;div&gt;Mam nadziej&amp;#281; &amp;#380;e si&amp;#281; podoba &lt;img src=&quot;https://e.deviantart.net/emoticons/s/smile.gif&quot; width=&quot;15&quot; height=&quot;15&quot; alt=&quot;:)&quot; data-embed-type=&quot;emoticon&quot; data-embed-id=&quot;391&quot; title=&quot;:) (Smile)&quot;/&gt;&lt;br /&gt;&lt;/div&gt;&lt;div&gt;&lt;br /&gt;&lt;/div&gt;&lt;br /&gt;&lt;div&gt;&lt;img src=&quot;https://t00.deviantart.net/yUqwaOb53XJYCxqttgRUHbsX5cg=/300x200/filters:fixed_height(100,100):origin()/pre00/253d/th/pre/i/2019/020/7/8/prezent_dla_wery_by_ladywaderetta-dcxj9km.png&quot; alt=&quot;thumbnail&quot; /&gt;&lt;/div&gt;</description>            </item>
        <item>
            <title>Untitled</title>
            <link>https://andreeaardeia666.deviantart.com/art/Untitled-781920569</link>
            <guid isPermaLink="true">https://andreeaardeia666.deviantart.com/art/Untitled-781920569</guid>
            <pubDate>Sun, 20 Jan 2019 00:43:49 PST</pubDate>
            <media:title type="plain">Untitled</media:title>
            <media:keywords></media:keywords>
            <media:rating>nonadult</media:rating>
            <media:category label="Flowers, Trees &amp; Plants">photography/nature/flora</media:category>
            <media:credit role="author" scheme="urn:ebu">AndreeaArdeia666</media:credit>
            <media:credit role="author" scheme="urn:ebu">https://a.deviantart.net/avatars/a/n/andreeaardeia666.jpg?4</media:credit>
            <media:copyright url="https://andreeaardeia666.deviantart.com">Copyright 2019 AndreeaArdeia666</media:copyright>            <media:description type="html"></media:description>            <media:thumbnail url="https://t00.deviantart.net/GfAtUAV0--l28plHE8XsQ3yJuDY=/fit-in/150x150/filters:no_upscale():origin()/pre00/c2b3/th/pre/i/2019/020/d/c/untitled_by_andreeaardeia666-dcxj9rt.jpg" height="150" width="150"/>            <media:thumbnail url="https://t00.deviantart.net/ZMYPuoNHsKYuYROdyY5iI5PW7oY=/fit-in/300x900/filters:no_upscale():origin()/pre00/c2b3/th/pre/i/2019/020/d/c/untitled_by_andreeaardeia666-dcxj9rt.jpg" height="300" width="300"/>            <media:thumbnail url="https://t00.deviantart.net/WjOAE_AltbOKxd6o1Or8HSyJQ68=/300x200/filters:fixed_height(100,100):origin()/pre00/c2b3/th/pre/i/2019/020/d/c/untitled_by_andreeaardeia666-dcxj9rt.jpg" height="200" width="200"/>            <media:content url="https://pre00.deviantart.net/c2b3/th/pre/i/2019/020/d/c/untitled_by_andreeaardeia666-dcxj9rt.jpg" height="894" width="894" medium="image"/>
            <description>&lt;br /&gt;&lt;div&gt;&lt;img src=&quot;https://t00.deviantart.net/WjOAE_AltbOKxd6o1Or8HSyJQ68=/300x200/filters:fixed_height(100,100):origin()/pre00/c2b3/th/pre/i/2019/020/d/c/untitled_by_andreeaardeia666-dcxj9rt.jpg&quot; alt=&quot;thumbnail&quot; /&gt;&lt;/div&gt;</description>            </item>
        <item>
            <title>Sarah Taking Rodeo Hold 8</title>
            <link>https://femalebellyarched.deviantart.com/art/Sarah-Taking-Rodeo-Hold-8-781920295</link>
            <guid isPermaLink="true">https://femalebellyarched.deviantart.com/art/Sarah-Taking-Rodeo-Hold-8-781920295</guid>
            <pubDate>Sun, 20 Jan 2019 00:43:48 PST</pubDate>
            <media:title type="plain">Sarah Taking Rodeo Hold 8</media:title>
            <media:keywords></media:keywords>
            <media:rating>nonadult</media:rating>
            <media:category label="Female">digitalart/3d/characters/female</media:category>
            <media:credit role="author" scheme="urn:ebu">FemaleBellyArched</media:credit>
            <media:credit role="author" scheme="urn:ebu">https://a.deviantart.net/avatars/default.gif</media:credit>
            <media:copyright url="https://femalebellyarched.deviantart.com">Copyright 2019 FemaleBellyArched</media:copyright>            <media:description type="html"></media:description>            <media:thumbnail url="https://t00.deviantart.net/JOyga7hfBPSzNEkDQZeoZIWbMm0=/fit-in/150x150/filters:no_upscale():origin()/pre00/7f0e/th/pre/f/2019/020/a/c/sarah_taking_rodeo_hold_8_by_femalebellyarched-dcxj9k7.png" height="84" width="150"/>            <media:thumbnail url="https://t00.deviantart.net/pR0KOHDnSAh7L9VvGvAJHtFMpfY=/fit-in/300x900/filters:no_upscale():origin()/pre00/7f0e/th/pre/f/2019/020/a/c/sarah_taking_rodeo_hold_8_by_femalebellyarched-dcxj9k7.png" height="169" width="300"/>            <media:thumbnail url="https://t00.deviantart.net/4dCefeAnfTnUCaS61ENMxeTfi4E=/300x200/filters:fixed_height(100,100):origin()/pre00/7f0e/th/pre/f/2019/020/a/c/sarah_taking_rodeo_hold_8_by_femalebellyarched-dcxj9k7.png" height="169" width="300"/>            <media:content url="https://pre00.deviantart.net/7f0e/th/pre/f/2019/020/a/c/sarah_taking_rodeo_hold_8_by_femalebellyarched-dcxj9k7.png" height="670" width="1192" medium="image"/>
            <description>&lt;br /&gt;&lt;div&gt;&lt;img src=&quot;https://t00.deviantart.net/4dCefeAnfTnUCaS61ENMxeTfi4E=/300x200/filters:fixed_height(100,100):origin()/pre00/7f0e/th/pre/f/2019/020/a/c/sarah_taking_rodeo_hold_8_by_femalebellyarched-dcxj9k7.png&quot; alt=&quot;thumbnail&quot; /&gt;&lt;/div&gt;</description>            </item>
        <item>
            <title>1</title>
            <link>https://reallpyschic.deviantart.com/art/1-781920245</link>
            <guid isPermaLink="true">https://reallpyschic.deviantart.com/art/1-781920245</guid>
            <pubDate>Sun, 20 Jan 2019 00:43:46 PST</pubDate>
            <media:title type="plain">1</media:title>
            <media:keywords></media:keywords>
            <media:rating>nonadult</media:rating>
            <media:category label="Fantasy">digitalart/paintings/people/fantasy</media:category>
            <media:credit role="author" scheme="urn:ebu">reallpyschic</media:credit>
            <media:credit role="author" scheme="urn:ebu">https://a.deviantart.net/avatars/r/e/reallpyschic.png?2</media:credit>
            <media:copyright url="https://reallpyschic.deviantart.com">Copyright 2019 reallpyschic</media:copyright>            <media:description type="html">Mum</media:description>            <media:thumbnail url="https://t00.deviantart.net/bRjPLPCK1XXmzXUQAqHQ74kKd0Q=/fit-in/150x150/filters:no_upscale():origin()/pre00/9338/th/pre/f/2019/020/6/8/1_by_reallpyschic-dcxj9it.png" height="150" width="150"/>            <media:thumbnail url="https://t00.deviantart.net/F2d6zYNYj-6UczWs9PpnzAarZMA=/fit-in/300x900/filters:no_upscale():origin()/pre00/9338/th/pre/f/2019/020/6/8/1_by_reallpyschic-dcxj9it.png" height="300" width="300"/>            <media:thumbnail url="https://t00.deviantart.net/q5yEzJBrw_MfkK0IuZdu3LevDdM=/300x200/filters:fixed_height(100,100):origin()/pre00/9338/th/pre/f/2019/020/6/8/1_by_reallpyschic-dcxj9it.png" height="200" width="200"/>            <media:content url="https://pre00.deviantart.net/9338/th/pre/f/2019/020/6/8/1_by_reallpyschic-dcxj9it.png" height="894" width="894" medium="image"/>
            <description>Mum&lt;br /&gt;&lt;div&gt;&lt;img src=&quot;https://t00.deviantart.net/q5yEzJBrw_MfkK0IuZdu3LevDdM=/300x200/filters:fixed_height(100,100):origin()/pre00/9338/th/pre/f/2019/020/6/8/1_by_reallpyschic-dcxj9it.png&quot; alt=&quot;thumbnail&quot; /&gt;&lt;/div&gt;</description>            </item>
        <item>
            <title>Sonic.exe</title>
            <link>https://fuz-zy.deviantart.com/art/Sonic-exe-781920477</link>
            <guid isPermaLink="true">https://fuz-zy.deviantart.com/art/Sonic-exe-781920477</guid>
            <pubDate>Sun, 20 Jan 2019 00:43:45 PST</pubDate>
            <media:title type="plain">Sonic.exe</media:title>
            <media:keywords></media:keywords>
            <media:rating>nonadult</media:rating>
            <media:category label="Games">fanart/traditional/drawings/games</media:category>
            <media:credit role="author" scheme="urn:ebu">Fuz-Zy</media:credit>
            <media:credit role="author" scheme="urn:ebu">https://a.deviantart.net/avatars/f/u/fuz-zy.png?2</media:credit>
            <media:copyright url="https://fuz-zy.deviantart.com">Copyright 2019 Fuz-Zy</media:copyright>            <media:description type="html">2017-09-20</media:description>            <media:thumbnail url="https://t00.deviantart.net/5IX0TGR0HC9p-0Hs6KSdZZljtyo=/fit-in/150x150/filters:no_upscale():origin()/pre00/5c80/th/pre/f/2019/020/6/6/sonic_exe_by_fuz_zy-dcxj9p9.png" height="150" width="150"/>            <media:thumbnail url="https://t00.deviantart.net/725uZfmYZnW0yOemG46fCMLtgtg=/fit-in/300x900/filters:no_upscale():origin()/pre00/5c80/th/pre/f/2019/020/6/6/sonic_exe_by_fuz_zy-dcxj9p9.png" height="300" width="300"/>            <media:thumbnail url="https://t00.deviantart.net/CQtyPJs4JjIdKMjoJEbmT8tZ22I=/300x200/filters:fixed_height(100,100):origin()/pre00/5c80/th/pre/f/2019/020/6/6/sonic_exe_by_fuz_zy-dcxj9p9.png" height="200" width="200"/>            <media:content url="https://pre00.deviantart.net/5c80/th/pre/f/2019/020/6/6/sonic_exe_by_fuz_zy-dcxj9p9.png" height="894" width="894" medium="image"/>
            <description>2017-09-20&lt;br /&gt;&lt;div&gt;&lt;img src=&quot;https://t00.deviantart.net/CQtyPJs4JjIdKMjoJEbmT8tZ22I=/300x200/filters:fixed_height(100,100):origin()/pre00/5c80/th/pre/f/2019/020/6/6/sonic_exe_by_fuz_zy-dcxj9p9.png&quot; alt=&quot;thumbnail&quot; /&gt;&lt;/div&gt;</description>            </item>
        <item>
            <title>Gang-star Giorno</title>
            <link>https://gaeldoliv.deviantart.com/art/Gang-star-Giorno-781920367</link>
            <guid isPermaLink="true">https://gaeldoliv.deviantart.com/art/Gang-star-Giorno-781920367</guid>
            <pubDate>Sun, 20 Jan 2019 00:43:42 PST</pubDate>
            <media:title type="plain">Gang-star Giorno</media:title>
            <media:keywords></media:keywords>
            <media:rating>nonadult</media:rating>
            <media:category label="Drawings">manga/digital/drawings</media:category>
            <media:credit role="author" scheme="urn:ebu">GaelDoliv</media:credit>
            <media:credit role="author" scheme="urn:ebu">https://a.deviantart.net/avatars/g/a/gaeldoliv.jpg?2</media:credit>
            <media:copyright url="https://gaeldoliv.deviantart.com">Copyright 2019 GaelDoliv</media:copyright>            <media:description type="html"></media:description>            <media:thumbnail url="https://t00.deviantart.net/TVMtcwVMrlsDQP4BeAFrbcfS780=/fit-in/150x150/filters:no_upscale():origin()/pre00/0b66/th/pre/i/2019/020/e/d/gang_star_giorno_by_gaeldoliv-dcxj9m7.png" height="150" width="100"/>            <media:thumbnail url="https://t00.deviantart.net/XIGvglmPZzLPt2AvGKF68vscLc0=/fit-in/300x900/filters:no_upscale():origin()/pre00/0b66/th/pre/i/2019/020/e/d/gang_star_giorno_by_gaeldoliv-dcxj9m7.png" height="450" width="300"/>            <media:thumbnail url="https://t00.deviantart.net/iwkRHFA4tyqxAJrFc3PZWKxdmZI=/300x200/filters:fixed_height(100,100):origin()/pre00/0b66/th/pre/i/2019/020/e/d/gang_star_giorno_by_gaeldoliv-dcxj9m7.png" height="200" width="133"/>            <media:content url="https://pre00.deviantart.net/0b66/th/pre/i/2019/020/e/d/gang_star_giorno_by_gaeldoliv-dcxj9m7.png" height="1095" width="730" medium="image"/>
            <description>&lt;br /&gt;&lt;div&gt;&lt;img src=&quot;https://t00.deviantart.net/iwkRHFA4tyqxAJrFc3PZWKxdmZI=/300x200/filters:fixed_height(100,100):origin()/pre00/0b66/th/pre/i/2019/020/e/d/gang_star_giorno_by_gaeldoliv-dcxj9m7.png&quot; alt=&quot;thumbnail&quot; /&gt;&lt;/div&gt;</description>            </item>
        <item>
            <title>SunStripe</title>
            <link>https://urstuffedpuppy.deviantart.com/art/SunStripe-781920562</link>
            <guid isPermaLink="true">https://urstuffedpuppy.deviantart.com/art/SunStripe-781920562</guid>
            <pubDate>Sun, 20 Jan 2019 00:43:42 PST</pubDate>
            <media:title type="plain">SunStripe</media:title>
            <media:keywords></media:keywords>
            <media:rating>nonadult</media:rating>
            <media:category label="Animals">traditional/drawings/animals</media:category>
            <media:credit role="author" scheme="urn:ebu">UrStuffedPuppy</media:credit>
            <media:credit role="author" scheme="urn:ebu">https://a.deviantart.net/avatars/u/r/urstuffedpuppy.jpg?3</media:credit>
            <media:copyright url="https://urstuffedpuppy.deviantart.com">Copyright 2019 UrStuffedPuppy</media:copyright>            <media:description type="html">So another new character, I was trying to draw Roku, but I drew him again and I like the other design better. So he shall be a different cat. I just&lt;br /&gt;&lt;br /&gt;I didn&#039;t color in, these are sketch&#039;s. Will add color in future pictures.</media:description>            <media:thumbnail url="https://t00.deviantart.net/GygtZtSCvV54ruqtrLE46llL7rw=/fit-in/150x150/filters:no_upscale():origin()/pre00/845a/th/pre/i/2019/020/1/1/sunstripe_by_urstuffedpuppy-dcxj9rm.jpg" height="150" width="113"/>            <media:thumbnail url="https://t00.deviantart.net/hQgu53MeB9E2-SYSXyFnIOCQZv0=/fit-in/300x900/filters:no_upscale():origin()/pre00/845a/th/pre/i/2019/020/1/1/sunstripe_by_urstuffedpuppy-dcxj9rm.jpg" height="400" width="300"/>            <media:thumbnail url="https://t00.deviantart.net/kDjF9pDGYQygPpWaiG5XJBbUVm8=/300x200/filters:fixed_height(100,100):origin()/pre00/845a/th/pre/i/2019/020/1/1/sunstripe_by_urstuffedpuppy-dcxj9rm.jpg" height="200" width="150"/>            <media:content url="https://pre00.deviantart.net/845a/th/pre/i/2019/020/1/1/sunstripe_by_urstuffedpuppy-dcxj9rm.jpg" height="1032" width="774" medium="image"/>
            <description>So another new character, I was trying to draw Roku, but I drew him again and I like the other design better. So he shall be a different cat. I just&lt;br /&gt;&lt;br /&gt;I didn&#039;t color in, these are sketch&#039;s. Will add color in future pictures.&lt;br /&gt;&lt;div&gt;&lt;img src=&quot;https://t00.deviantart.net/kDjF9pDGYQygPpWaiG5XJBbUVm8=/300x200/filters:fixed_height(100,100):origin()/pre00/845a/th/pre/i/2019/020/1/1/sunstripe_by_urstuffedpuppy-dcxj9rm.jpg&quot; alt=&quot;thumbnail&quot; /&gt;&lt;/div&gt;</description>            </item>
    </channel>
</rss>