<?xml version="1.0" encoding="utf-8"?>
<rss version="2.0" xmlns:media="http://search.yahoo.com/mrss/" xmlns:atom="http://www.w3.org/2005/Atom" xmlns:creativeCommons="http://backend.userland.com/creativeCommonsRssModule">
    <channel>
        <title>DeviantArt: Popular Bee movie</title>
        <link>https://www.deviantart.com/popular-24-hours/?q=bee+movie+-in%3Aliterature</link>
        <description>DeviantArt RSS for Popular Bee movie</description>
        <language>en-us</language>
        <copyright>Copyright 2019, DeviantArt.com</copyright>
        <pubDate>Sun, 27 Jan 2019 13:36:16 PST</pubDate>

        <generator>DeviantArt.com</generator>
        <docs>http://blogs.law.harvard.edu/tech/rss</docs>
        <atom:icon>https://st.deviantart.net/minish/touch-icons/android-192.png</atom:icon>
        <atom:link type="application/rss+xml" rel="self" href="https://backend.deviantart.com/rss.xml?type=deviation&amp;q=bee+movie+-in%3Aliterature&amp;order=11" />
                    <item>
                <title>King Ghidorah</title>
                <link>https://irenbee.deviantart.com/art/King-Ghidorah-783009805</link>
                <guid isPermaLink="true">https://irenbee.deviantart.com/art/King-Ghidorah-783009805</guid>
                <pubDate>Sun, 27 Jan 2019 11:27:01 PST</pubDate>
                        <media:title type="plain">King Ghidorah</media:title>
        <media:keywords></media:keywords>
                        <media:rating>nonadult</media:rating>
                <media:category label="Movies &amp; TV">fanart/digital/drawings/movies</media:category>
        <media:credit role="author" scheme="urn:ebu">IrenBee</media:credit>
        <media:credit role="author" scheme="urn:ebu">https://a.deviantart.net/avatars/i/r/irenbee.jpg?10</media:credit>
        <media:copyright url="https://irenbee.deviantart.com">Copyright 2019 IrenBee</media:copyright>            <media:description type="html"></media:description>            <media:thumbnail url="https://t00.deviantart.net/RX9LdkHbQO6iKg4r3f8aorz57e0=/fit-in/150x150/filters:no_upscale():origin()/pre00/1601/th/pre/i/2019/027/6/b/king_ghidorah_by_irenbee-dcy6m8d.png" height="73" width="150"/>            <media:thumbnail url="https://t00.deviantart.net/5aASUAGBlcxewmOX7hJ10Jg_mHc=/fit-in/300x900/filters:no_upscale():origin()/pre00/1601/th/pre/i/2019/027/6/b/king_ghidorah_by_irenbee-dcy6m8d.png" height="147" width="300"/>            <media:thumbnail url="https://t00.deviantart.net/qN2u9-OjAAGJmfFTFK_c1kHCZ5Y=/300x200/filters:fixed_height(100,100):origin()/pre00/1601/th/pre/i/2019/027/6/b/king_ghidorah_by_irenbee-dcy6m8d.png" height="147" width="300"/>            <media:content url="https://pre00.deviantart.net/1601/th/pre/i/2019/027/6/b/king_ghidorah_by_irenbee-dcy6m8d.png" height="625" width="1278" medium="image"/>            
            <description>&lt;br /&gt;&lt;div&gt;&lt;img src=&quot;https://t00.deviantart.net/qN2u9-OjAAGJmfFTFK_c1kHCZ5Y=/300x200/filters:fixed_height(100,100):origin()/pre00/1601/th/pre/i/2019/027/6/b/king_ghidorah_by_irenbee-dcy6m8d.png&quot; alt=&quot;thumbnail&quot; /&gt;&lt;/div&gt;</description>            </item>
                    <item>
                <title>My Top 10 Favorite Movies</title>
                <link>https://eidogrobfandoms.deviantart.com/art/My-Top-10-Favorite-Movies-782932151</link>
                <guid isPermaLink="true">https://eidogrobfandoms.deviantart.com/art/My-Top-10-Favorite-Movies-782932151</guid>
                <pubDate>Sat, 26 Jan 2019 21:48:00 PST</pubDate>
                        <media:title type="plain">My Top 10 Favorite Movies</media:title>
        <media:keywords></media:keywords>
                        <media:rating>nonadult</media:rating>
                <media:category label="Memes">darelated/deviousfun/memes</media:category>
        <media:credit role="author" scheme="urn:ebu">EidogRobFandoms</media:credit>
        <media:credit role="author" scheme="urn:ebu">https://a.deviantart.net/avatars/e/i/eidogrobfandoms.jpg?7</media:credit>
        <media:copyright url="https://eidogrobfandoms.deviantart.com">Copyright 2019 EidogRobFandoms</media:copyright>
            <media:community>
                <media:tags>@DjDonald2345</media:tags>
            </media:community>            <media:description type="html">&lt;span&gt;This is my top 10 favorite movies:&lt;br /&gt;&lt;br /&gt;&lt;/span&gt;&lt;span&gt;1.-My Little Pony: Equestria Girls.&lt;/span&gt;&lt;br /&gt;&lt;span&gt;2.-Bushwhacked.&lt;/span&gt;&lt;br /&gt;&lt;span&gt;3.-Pixar Movies (Toy Story/Cars/Monsters Inc/Finding Nemo/The Increibles/A Bug&#039;s Life/Wall-E/Brave/Planes).&lt;/span&gt;&lt;br /&gt;&lt;span&gt;4.-Smurfs Movies (The Smurfs/The Smurfs: The Lost Village).&lt;/span&gt;&lt;br /&gt;&lt;span&gt;5.-Nightmare Before Christmas.&lt;/span&gt;&lt;br /&gt;&lt;span&gt;6.-Jetlag Movies.&lt;/span&gt;&lt;br /&gt;&lt;span&gt;7.-Open Season.&lt;/span&gt;&lt;br /&gt;&lt;span&gt;8.-Bee Movie.&lt;/span&gt;&lt;br /&gt;&lt;span&gt;9.-Walt Disney Movies.&lt;/span&gt;&lt;br /&gt;&lt;span&gt;10.-Triproblem.&lt;/span&gt;&lt;br /&gt;&lt;br /&gt;&lt;span&gt;Honorable mentions:&lt;/span&gt;&lt;br /&gt;&lt;span&gt;-Shrek/Madagascar/Kung Fu Panda.&lt;br /&gt;&lt;/span&gt;-Megamind.&lt;br /&gt;-Trolls.&lt;br /&gt;-Captain Underpants.&lt;br /&gt;-The Baby Bossy.&lt;br /&gt;-Monsters VS Aliens.&lt;br /&gt;-How To Train Your Dragon.&lt;br /&gt;-The Croods.&lt;br /&gt;-Matilda.&lt;br /&gt;&lt;br /&gt;&lt;span&gt;Thanks to&amp;nbsp;&lt;/span&gt;&lt;span&gt;&lt;span class=&quot;username-with-symbol u&quot;&gt;&lt;a class=&quot;u premium username&quot; href=&quot;https://www.deviantart.com/jcpag2010&quot;&gt;jcpag2010&lt;/a&gt;&lt;span class=&quot;user-symbol premium&quot; data-quicktip-text=&quot;Core Member&quot; data-show-tooltip=&quot;1&quot; data-gruser-type=&quot;premium&quot;&gt;&lt;/span&gt;&lt;/span&gt;&amp;nbsp;&lt;/span&gt;&lt;span&gt;&amp;nbsp;for the meme template:&amp;nbsp;&lt;/span&gt;&lt;a href=&quot;https://www.deviantart.com/jcpag2010/art/My-Top-10-Favorite-Movies-Template-782666035&quot;&gt;www.deviantart.com/jcpag2010/a&amp;hellip;&lt;/a&gt;</media:description>            <media:thumbnail url="https://t00.deviantart.net/6sDurYWYQ7k3YVccE2xxlDZNYuI=/fit-in/150x150/filters:no_upscale():origin()/pre00/a39b/th/pre/f/2019/026/d/d/my_top_10_favorite_movies_by_eidogrobfandoms-dcy4ybb.jpg" height="113" width="150"/>            <media:thumbnail url="https://t00.deviantart.net/8F9vivBuHzEyibT8OThz5lP0NmY=/fit-in/300x900/filters:no_upscale():origin()/pre00/a39b/th/pre/f/2019/026/d/d/my_top_10_favorite_movies_by_eidogrobfandoms-dcy4ybb.jpg" height="225" width="300"/>            <media:thumbnail url="https://t00.deviantart.net/UGOCHmBBEF0C7tE20T-cbQbo-ac=/300x200/filters:fixed_height(100,100):origin()/pre00/a39b/th/pre/f/2019/026/d/d/my_top_10_favorite_movies_by_eidogrobfandoms-dcy4ybb.jpg" height="200" width="267"/>            <media:content url="https://orig00.deviantart.net/700c/f/2019/026/d/d/my_top_10_favorite_movies_by_eidogrobfandoms-dcy4ybb.jpg" height="675" width="900" medium="image"/>            
            <description>&lt;span&gt;This is my top 10 favorite movies:&lt;br /&gt;&lt;br /&gt;&lt;/span&gt;&lt;span&gt;1.-My Little Pony: Equestria Girls.&lt;/span&gt;&lt;br /&gt;&lt;span&gt;2.-Bushwhacked.&lt;/span&gt;&lt;br /&gt;&lt;span&gt;3.-Pixar Movies (Toy Story/Cars/Monsters Inc/Finding Nemo/The Increibles/A Bug&#039;s Life/Wall-E/Brave/Planes).&lt;/span&gt;&lt;br /&gt;&lt;span&gt;4.-Smurfs Movies (The Smurfs/The Smurfs: The Lost Village).&lt;/span&gt;&lt;br /&gt;&lt;span&gt;5.-Nightmare Before Christmas.&lt;/span&gt;&lt;br /&gt;&lt;span&gt;6.-Jetlag Movies.&lt;/span&gt;&lt;br /&gt;&lt;span&gt;7.-Open Season.&lt;/span&gt;&lt;br /&gt;&lt;span&gt;8.-Bee Movie.&lt;/span&gt;&lt;br /&gt;&lt;span&gt;9.-Walt Disney Movies.&lt;/span&gt;&lt;br /&gt;&lt;span&gt;10.-Triproblem.&lt;/span&gt;&lt;br /&gt;&lt;br /&gt;&lt;span&gt;Honorable mentions:&lt;/span&gt;&lt;br /&gt;&lt;span&gt;-Shrek/Madagascar/Kung Fu Panda.&lt;br /&gt;&lt;/span&gt;-Megamind.&lt;br /&gt;-Trolls.&lt;br /&gt;-Captain Underpants.&lt;br /&gt;-The Baby Bossy.&lt;br /&gt;-Monsters VS Aliens.&lt;br /&gt;-How To Train Your Dragon.&lt;br /&gt;-The Croods.&lt;br /&gt;-Matilda.&lt;br /&gt;&lt;br /&gt;&lt;span&gt;Thanks to&amp;nbsp;&lt;/span&gt;&lt;span&gt;&lt;span class=&quot;username-with-symbol u&quot;&gt;&lt;a class=&quot;u premium username&quot; href=&quot;https://www.deviantart.com/jcpag2010&quot;&gt;jcpag2010&lt;/a&gt;&lt;span class=&quot;user-symbol premium&quot; data-quicktip-text=&quot;Core Member&quot; data-show-tooltip=&quot;1&quot; data-gruser-type=&quot;premium&quot;&gt;&lt;/span&gt;&lt;/span&gt;&amp;nbsp;&lt;/span&gt;&lt;span&gt;&amp;nbsp;for the meme template:&amp;nbsp;&lt;/span&gt;&lt;a href=&quot;https://www.deviantart.com/jcpag2010/art/My-Top-10-Favorite-Movies-Template-782666035&quot;&gt;www.deviantart.com/jcpag2010/a&amp;hellip;&lt;/a&gt;&lt;br /&gt;&lt;div&gt;&lt;img src=&quot;https://t00.deviantart.net/UGOCHmBBEF0C7tE20T-cbQbo-ac=/300x200/filters:fixed_height(100,100):origin()/pre00/a39b/th/pre/f/2019/026/d/d/my_top_10_favorite_movies_by_eidogrobfandoms-dcy4ybb.jpg&quot; alt=&quot;thumbnail&quot; /&gt;&lt;/div&gt;</description>            </item>
                    <item>
                <title>Best Boi Bot||Self indulgent</title>
                <link>https://fkataylor.deviantart.com/art/Best-Boi-Bot-Self-indulgent-782917074</link>
                <guid isPermaLink="true">https://fkataylor.deviantart.com/art/Best-Boi-Bot-Self-indulgent-782917074</guid>
                <pubDate>Sat, 26 Jan 2019 20:12:03 PST</pubDate>
                        <media:title type="plain">Best Boi Bot||Self indulgent</media:title>
        <media:keywords></media:keywords>
                        <media:rating>nonadult</media:rating>
                <media:category label="Base">customization/dolls/other/base</media:category>
        <media:credit role="author" scheme="urn:ebu">FkaTaylor</media:credit>
        <media:credit role="author" scheme="urn:ebu">https://a.deviantart.net/avatars/f/k/fkataylor.png?7</media:credit>
        <media:copyright url="https://fkataylor.deviantart.com">Copyright 2019 FkaTaylor</media:copyright>            <media:description type="html">&lt;div align=&quot;center&quot;&gt;&lt;a href=&quot;https://www.deviantart.com/transformers-plz/art/Autobot-Bullet-743935982&quot; class=&quot;emoticon&quot; data-embed-type=&quot;emoticon&quot; data-embed-id=&quot;743935982&quot; data-embed-profile=&quot;deviation&quot;&gt;&lt;img src=&quot;https://images-wixmp-ed30a86b8c4ca887773594c2.wixmp.com/intermediary/f/00244037-9ea5-435a-8603-6b4a89c5c513/dcax4oe-5dc9cc59-b600-4876-aa81-e44582ddf0c6.png&quot; alt=&quot;Autobot Bullet&quot; style=&quot;width:20px;height:19px&quot;&gt;&lt;/a&gt;&amp;nbsp;&lt;a href=&quot;https://www.deviantart.com/transformers-plz/art/Autobot-Bullet-743935982&quot; class=&quot;emoticon&quot; data-embed-type=&quot;emoticon&quot; data-embed-id=&quot;743935982&quot; data-embed-profile=&quot;deviation&quot;&gt;&lt;img src=&quot;https://images-wixmp-ed30a86b8c4ca887773594c2.wixmp.com/intermediary/f/00244037-9ea5-435a-8603-6b4a89c5c513/dcax4oe-5dc9cc59-b600-4876-aa81-e44582ddf0c6.png&quot; alt=&quot;Autobot Bullet&quot; style=&quot;width:20px;height:19px&quot;&gt;&lt;/a&gt;&amp;nbsp;&lt;br /&gt;&lt;br /&gt;&lt;div align=&quot;left&quot;&gt;We shouldn&#039;t surprised at how much I do self-indulgent self-inserts&amp;nbsp;&lt;br /&gt;I just want to cuddle Bee in botform and holoform&amp;nbsp;I just wanna cup his face like in the movies and cry from happiness&lt;br /&gt;&lt;div align=&quot;center&quot;&gt;&lt;span class=&quot;shadow-holder&quot; data-embed-type=&quot;deviation&quot; data-embed-id=&quot;173195720&quot; data-embed-format=&quot;thumb&quot;&gt;&lt;span class=&quot;shadow mild&quot; &gt;&lt;a class=&quot;thumb&quot; href=&quot;https://www.deviantart.com/aa-artwork/art/TFA-Bumblebee-173195720&quot; title=&quot;TFA Bumblebee by AA-Artwork, Jul 29, 2010 in Digital Art &amp;gt; Pixel Art &amp;gt; Characters &amp;gt; Non-Isometric&quot;data-super-img=&quot;https://images-wixmp-ed30a86b8c4ca887773594c2.wixmp.com/intermediary/f/d4e8d597-a849-4188-b9d0-09e6dae0ce05/d2v46o8-742e79ef-249d-4dd3-bf25-7953d77049ca.png&quot; data-super-width=&quot;50&quot; data-super-height=&quot;50&quot; data-super-transparent=&quot;true&quot; data-super-alt=&quot;TFA Bumblebee by AA-Artwork&quot; data-super-full-img=&quot;https://images-wixmp-ed30a86b8c4ca887773594c2.wixmp.com/intermediary/f/d4e8d597-a849-4188-b9d0-09e6dae0ce05/d2v46o8-742e79ef-249d-4dd3-bf25-7953d77049ca.png&quot; data-super-full-width=&quot;50&quot; data-super-full-height=&quot;50&quot;        data-sigil=&quot;thumb&quot;&gt;
        &lt;i&gt;&lt;/i&gt;&lt;img   width=&quot;50&quot; height=&quot;50&quot; alt=&quot;TFA Bumblebee by AA-Artwork&quot; src=&quot;https://images-wixmp-ed30a86b8c4ca887773594c2.wixmp.com/intermediary/f/d4e8d597-a849-4188-b9d0-09e6dae0ce05/d2v46o8-742e79ef-249d-4dd3-bf25-7953d77049ca.png&quot; data-src=&quot;https://images-wixmp-ed30a86b8c4ca887773594c2.wixmp.com/intermediary/f/d4e8d597-a849-4188-b9d0-09e6dae0ce05/d2v46o8-742e79ef-249d-4dd3-bf25-7953d77049ca.png&quot; srcset=&quot;https://images-wixmp-ed30a86b8c4ca887773594c2.wixmp.com/intermediary/f/d4e8d597-a849-4188-b9d0-09e6dae0ce05/d2v46o8-742e79ef-249d-4dd3-bf25-7953d77049ca.png 50w&quot; sizes=&quot;50px&quot;&gt;&lt;/a&gt;&lt;/span&gt;&lt;!-- ^TTT --&gt;&lt;!-- TTT$ --&gt;&lt;/span&gt;&amp;nbsp;&lt;br /&gt;&lt;/div&gt;&lt;br /&gt;&lt;div align=&quot;left&quot;&gt;&lt;b&gt;|| Can I headcanon this?? Am I allowed???|| (There is a Tumblr blogger named Whirlybird that I love now for their x readers)&lt;/b&gt;&lt;br /&gt;&lt;ul&gt;&lt;li&gt;In holoform&amp;nbsp;he has a voice, it isn&#039;t his but he has one but when he gets annoyed with this other voice he just signs whatever he wants to say, or writes it down when he knows the other person doesn&#039;t know sign.&lt;/li&gt;&lt;li&gt;THIS BOI IS THE KING OF PICTIONARY!!!!&lt;/li&gt;&lt;li&gt;Even when he isn&#039;t talking he is always doodling on something, please stop him or he will draw on the walls.&amp;nbsp;&lt;/li&gt;&lt;li&gt;Since Bee can project his hologram in a 1000 feet from his alt he likes pop randomly and it always scares whoever he is hanging out with&lt;/li&gt;&lt;li&gt;Since Bee flips through the radio a lot bet your ass he can sing almost any song&lt;/li&gt;&lt;/ul&gt;&lt;div align=&quot;center&quot;&gt;&lt;a href=&quot;https://www.deviantart.com/transformers-plz/art/Autobot-Bullet-743935982&quot; class=&quot;emoticon&quot; data-embed-type=&quot;emoticon&quot; data-embed-id=&quot;743935982&quot; data-embed-profile=&quot;deviation&quot;&gt;&lt;img src=&quot;https://images-wixmp-ed30a86b8c4ca887773594c2.wixmp.com/intermediary/f/00244037-9ea5-435a-8603-6b4a89c5c513/dcax4oe-5dc9cc59-b600-4876-aa81-e44582ddf0c6.png&quot; alt=&quot;Autobot Bullet&quot; style=&quot;width:20px;height:19px&quot;&gt;&lt;/a&gt;&amp;nbsp;&lt;a href=&quot;https://www.deviantart.com/transformers-plz/art/Autobot-Bullet-743935982&quot; class=&quot;emoticon&quot; data-embed-type=&quot;emoticon&quot; data-embed-id=&quot;743935982&quot; data-embed-profile=&quot;deviation&quot;&gt;&lt;img src=&quot;https://images-wixmp-ed30a86b8c4ca887773594c2.wixmp.com/intermediary/f/00244037-9ea5-435a-8603-6b4a89c5c513/dcax4oe-5dc9cc59-b600-4876-aa81-e44582ddf0c6.png&quot; alt=&quot;Autobot Bullet&quot; style=&quot;width:20px;height:19px&quot;&gt;&lt;/a&gt;&amp;nbsp;&lt;br /&gt;&lt;/div&gt;&lt;/div&gt;&lt;/div&gt;&lt;/div&gt;</media:description>            <media:thumbnail url="https://t00.deviantart.net/o1DubVJgFScuQtF5-G4u34v5mBo=/fit-in/150x150/filters:no_upscale():origin()/pre00/4945/th/pre/f/2019/026/e/8/best_boi_bot__self_indulgent_by_fkataylor-dcy4moi.png" height="150" width="95"/>            <media:thumbnail url="https://t00.deviantart.net/2x6HPTbjLicBEujDJaEkMjOtWMg=/fit-in/300x900/filters:no_upscale():origin()/pre00/4945/th/pre/f/2019/026/e/8/best_boi_bot__self_indulgent_by_fkataylor-dcy4moi.png" height="475" width="300"/>            <media:thumbnail url="https://t00.deviantart.net/pwasdC-WiPBr1xBs-97pZjTXOwM=/300x200/filters:fixed_height(100,100):origin()/pre00/4945/th/pre/f/2019/026/e/8/best_boi_bot__self_indulgent_by_fkataylor-dcy4moi.png" height="200" width="126"/>            <media:content url="https://pre00.deviantart.net/4945/th/pre/f/2019/026/e/8/best_boi_bot__self_indulgent_by_fkataylor-dcy4moi.png" height="1124" width="711" medium="image"/>            
            <description>&lt;div align=&quot;center&quot;&gt;&lt;a href=&quot;https://www.deviantart.com/transformers-plz/art/Autobot-Bullet-743935982&quot; class=&quot;emoticon&quot; data-embed-type=&quot;emoticon&quot; data-embed-id=&quot;743935982&quot; data-embed-profile=&quot;deviation&quot;&gt;&lt;img src=&quot;https://images-wixmp-ed30a86b8c4ca887773594c2.wixmp.com/intermediary/f/00244037-9ea5-435a-8603-6b4a89c5c513/dcax4oe-5dc9cc59-b600-4876-aa81-e44582ddf0c6.png&quot; alt=&quot;Autobot Bullet&quot; style=&quot;width:20px;height:19px&quot;&gt;&lt;/a&gt;&amp;nbsp;&lt;a href=&quot;https://www.deviantart.com/transformers-plz/art/Autobot-Bullet-743935982&quot; class=&quot;emoticon&quot; data-embed-type=&quot;emoticon&quot; data-embed-id=&quot;743935982&quot; data-embed-profile=&quot;deviation&quot;&gt;&lt;img src=&quot;https://images-wixmp-ed30a86b8c4ca887773594c2.wixmp.com/intermediary/f/00244037-9ea5-435a-8603-6b4a89c5c513/dcax4oe-5dc9cc59-b600-4876-aa81-e44582ddf0c6.png&quot; alt=&quot;Autobot Bullet&quot; style=&quot;width:20px;height:19px&quot;&gt;&lt;/a&gt;&amp;nbsp;&lt;br /&gt;&lt;br /&gt;&lt;div align=&quot;left&quot;&gt;We shouldn&#039;t surprised at how much I do self-indulgent self-inserts&amp;nbsp;&lt;br /&gt;I just want to cuddle Bee in botform and holoform&amp;nbsp;I just wanna cup his face like in the movies and cry from happiness&lt;br /&gt;&lt;div align=&quot;center&quot;&gt;&lt;span class=&quot;shadow-holder&quot; data-embed-type=&quot;deviation&quot; data-embed-id=&quot;173195720&quot; data-embed-format=&quot;thumb&quot;&gt;&lt;span class=&quot;shadow mild&quot; &gt;&lt;a class=&quot;thumb&quot; href=&quot;https://www.deviantart.com/aa-artwork/art/TFA-Bumblebee-173195720&quot; title=&quot;TFA Bumblebee by AA-Artwork, Jul 29, 2010 in Digital Art &amp;gt; Pixel Art &amp;gt; Characters &amp;gt; Non-Isometric&quot;data-super-img=&quot;https://images-wixmp-ed30a86b8c4ca887773594c2.wixmp.com/intermediary/f/d4e8d597-a849-4188-b9d0-09e6dae0ce05/d2v46o8-742e79ef-249d-4dd3-bf25-7953d77049ca.png&quot; data-super-width=&quot;50&quot; data-super-height=&quot;50&quot; data-super-transparent=&quot;true&quot; data-super-alt=&quot;TFA Bumblebee by AA-Artwork&quot; data-super-full-img=&quot;https://images-wixmp-ed30a86b8c4ca887773594c2.wixmp.com/intermediary/f/d4e8d597-a849-4188-b9d0-09e6dae0ce05/d2v46o8-742e79ef-249d-4dd3-bf25-7953d77049ca.png&quot; data-super-full-width=&quot;50&quot; data-super-full-height=&quot;50&quot;        data-sigil=&quot;thumb&quot;&gt;
        &lt;i&gt;&lt;/i&gt;&lt;img   width=&quot;50&quot; height=&quot;50&quot; alt=&quot;TFA Bumblebee by AA-Artwork&quot; src=&quot;https://images-wixmp-ed30a86b8c4ca887773594c2.wixmp.com/intermediary/f/d4e8d597-a849-4188-b9d0-09e6dae0ce05/d2v46o8-742e79ef-249d-4dd3-bf25-7953d77049ca.png&quot; data-src=&quot;https://images-wixmp-ed30a86b8c4ca887773594c2.wixmp.com/intermediary/f/d4e8d597-a849-4188-b9d0-09e6dae0ce05/d2v46o8-742e79ef-249d-4dd3-bf25-7953d77049ca.png&quot; srcset=&quot;https://images-wixmp-ed30a86b8c4ca887773594c2.wixmp.com/intermediary/f/d4e8d597-a849-4188-b9d0-09e6dae0ce05/d2v46o8-742e79ef-249d-4dd3-bf25-7953d77049ca.png 50w&quot; sizes=&quot;50px&quot;&gt;&lt;/a&gt;&lt;/span&gt;&lt;!-- ^TTT --&gt;&lt;!-- TTT$ --&gt;&lt;/span&gt;&amp;nbsp;&lt;br /&gt;&lt;/div&gt;&lt;br /&gt;&lt;div align=&quot;left&quot;&gt;&lt;b&gt;|| Can I headcanon this?? Am I allowed???|| (There is a Tumblr blogger named Whirlybird that I love now for their x readers)&lt;/b&gt;&lt;br /&gt;&lt;ul&gt;&lt;li&gt;In holoform&amp;nbsp;he has a voice, it isn&#039;t his but he has one but when he gets annoyed with this other voice he just signs whatever he wants to say, or writes it down when he knows the other person doesn&#039;t know sign.&lt;/li&gt;&lt;li&gt;THIS BOI IS THE KING OF PICTIONARY!!!!&lt;/li&gt;&lt;li&gt;Even when he isn&#039;t talking he is always doodling on something, please stop him or he will draw on the walls.&amp;nbsp;&lt;/li&gt;&lt;li&gt;Since Bee can project his hologram in a 1000 feet from his alt he likes pop randomly and it always scares whoever he is hanging out with&lt;/li&gt;&lt;li&gt;Since Bee flips through the radio a lot bet your ass he can sing almost any song&lt;/li&gt;&lt;/ul&gt;&lt;div align=&quot;center&quot;&gt;&lt;a href=&quot;https://www.deviantart.com/transformers-plz/art/Autobot-Bullet-743935982&quot; class=&quot;emoticon&quot; data-embed-type=&quot;emoticon&quot; data-embed-id=&quot;743935982&quot; data-embed-profile=&quot;deviation&quot;&gt;&lt;img src=&quot;https://images-wixmp-ed30a86b8c4ca887773594c2.wixmp.com/intermediary/f/00244037-9ea5-435a-8603-6b4a89c5c513/dcax4oe-5dc9cc59-b600-4876-aa81-e44582ddf0c6.png&quot; alt=&quot;Autobot Bullet&quot; style=&quot;width:20px;height:19px&quot;&gt;&lt;/a&gt;&amp;nbsp;&lt;a href=&quot;https://www.deviantart.com/transformers-plz/art/Autobot-Bullet-743935982&quot; class=&quot;emoticon&quot; data-embed-type=&quot;emoticon&quot; data-embed-id=&quot;743935982&quot; data-embed-profile=&quot;deviation&quot;&gt;&lt;img src=&quot;https://images-wixmp-ed30a86b8c4ca887773594c2.wixmp.com/intermediary/f/00244037-9ea5-435a-8603-6b4a89c5c513/dcax4oe-5dc9cc59-b600-4876-aa81-e44582ddf0c6.png&quot; alt=&quot;Autobot Bullet&quot; style=&quot;width:20px;height:19px&quot;&gt;&lt;/a&gt;&amp;nbsp;&lt;br /&gt;&lt;/div&gt;&lt;/div&gt;&lt;/div&gt;&lt;/div&gt;&lt;br /&gt;&lt;div&gt;&lt;img src=&quot;https://t00.deviantart.net/pwasdC-WiPBr1xBs-97pZjTXOwM=/300x200/filters:fixed_height(100,100):origin()/pre00/4945/th/pre/f/2019/026/e/8/best_boi_bot__self_indulgent_by_fkataylor-dcy4moi.png&quot; alt=&quot;thumbnail&quot; /&gt;&lt;/div&gt;</description>            </item>
                    <item>
                <title>Asserting Dominance</title>
                <link>https://jakeyfloofle.deviantart.com/art/Asserting-Dominance-782955432</link>
                <guid isPermaLink="true">https://jakeyfloofle.deviantart.com/art/Asserting-Dominance-782955432</guid>
                <pubDate>Sun, 27 Jan 2019 02:33:20 PST</pubDate>
                        <media:title type="plain">Asserting Dominance</media:title>
        <media:keywords></media:keywords>
                        <media:rating>nonadult</media:rating>
                <media:category label="Portraits">digitalart/paintings/people/portraits</media:category>
        <media:credit role="author" scheme="urn:ebu">JakeyFloofle</media:credit>
        <media:credit role="author" scheme="urn:ebu">https://a.deviantart.net/avatars/j/a/jakeyfloofle.png?6</media:credit>
        <media:copyright url="https://jakeyfloofle.deviantart.com">Copyright 2019 JakeyFloofle</media:copyright>            <media:description type="html">The most powerful move of all, a T-Pose...&lt;br /&gt;This was made by&amp;nbsp;&lt;span&gt;the bee movie&lt;/span&gt;&lt;span&gt;&lt;b&gt;#3911 &lt;/b&gt;(Don&#039;t have DA ;w&lt;img src=&quot;https://e.deviantart.net/emoticons/w/wink.gif&quot; width=&quot;15&quot; height=&quot;15&quot; alt=&quot;;)&quot; data-embed-type=&quot;emoticon&quot; data-embed-id=&quot;387&quot; title=&quot;;) (Wink)&quot;/&gt;&lt;br /&gt;&lt;br /&gt;&lt;/span&gt;</media:description>            <media:thumbnail url="https://t00.deviantart.net/18UGMywbWg5s0sivCChSVONvFBk=/fit-in/150x150/filters:no_upscale():origin()/pre00/a738/th/pre/f/2019/027/a/b/asserting_dominance_by_jakeyfloofle-dcy5ga0.png" height="143" width="150"/>            <media:thumbnail url="https://t00.deviantart.net/kRoIAaLfBzhN7ORGSJqVpFVt0Gk=/fit-in/300x900/filters:no_upscale():origin()/pre00/a738/th/pre/f/2019/027/a/b/asserting_dominance_by_jakeyfloofle-dcy5ga0.png" height="287" width="300"/>            <media:thumbnail url="https://t00.deviantart.net/SamFasoxly6bT7FtsXhDRhSKIZM=/300x200/filters:fixed_height(100,100):origin()/pre00/a738/th/pre/f/2019/027/a/b/asserting_dominance_by_jakeyfloofle-dcy5ga0.png" height="200" width="209"/>            <media:content url="https://orig00.deviantart.net/07f3/f/2019/027/a/b/asserting_dominance_by_jakeyfloofle-dcy5ga0.png" height="383" width="401" medium="image"/>            
            <description>The most powerful move of all, a T-Pose...&lt;br /&gt;This was made by&amp;nbsp;&lt;span&gt;the bee movie&lt;/span&gt;&lt;span&gt;&lt;b&gt;#3911 &lt;/b&gt;(Don&#039;t have DA ;w&lt;img src=&quot;https://e.deviantart.net/emoticons/w/wink.gif&quot; width=&quot;15&quot; height=&quot;15&quot; alt=&quot;;)&quot; data-embed-type=&quot;emoticon&quot; data-embed-id=&quot;387&quot; title=&quot;;) (Wink)&quot;/&gt;&lt;br /&gt;&lt;br /&gt;&lt;/span&gt;&lt;br /&gt;&lt;div&gt;&lt;img src=&quot;https://t00.deviantart.net/SamFasoxly6bT7FtsXhDRhSKIZM=/300x200/filters:fixed_height(100,100):origin()/pre00/a738/th/pre/f/2019/027/a/b/asserting_dominance_by_jakeyfloofle-dcy5ga0.png&quot; alt=&quot;thumbnail&quot; /&gt;&lt;/div&gt;</description>            </item>
                    <item>
                <title>Blitzwing</title>
                <link>https://sellicdr.deviantart.com/art/Blitzwing-783020792</link>
                <guid isPermaLink="true">https://sellicdr.deviantart.com/art/Blitzwing-783020792</guid>
                <pubDate>Sun, 27 Jan 2019 12:31:22 PST</pubDate>
                        <media:title type="plain">Blitzwing</media:title>
        <media:keywords></media:keywords>
                        <media:rating>nonadult</media:rating>
                <media:category label="Movies &amp; TV">fanart/cartoons/digital/movies</media:category>
        <media:credit role="author" scheme="urn:ebu">SellicDr</media:credit>
        <media:credit role="author" scheme="urn:ebu">https://a.deviantart.net/avatars/s/e/sellicdr.png?3</media:credit>
        <media:copyright url="https://sellicdr.deviantart.com">Copyright 2019 SellicDr</media:copyright>            <media:description type="html">I like Blitzwing in the Bumblebee movie, since he was responsible for taking away Bee&amp;#8217;s voice instead of Megatron.</media:description>            <media:thumbnail url="https://t00.deviantart.net/ba5tkHT3U7lAsu-lEkim08O7e90=/fit-in/150x150/filters:no_upscale():origin()/pre00/dbb6/th/pre/f/2019/027/c/a/blitzwing_by_sellicdr-dcy6upk.png" height="150" width="115"/>            <media:thumbnail url="https://t00.deviantart.net/RxquysJegcReWxAxTPKw0sdMZRg=/fit-in/300x900/filters:no_upscale():origin()/pre00/dbb6/th/pre/f/2019/027/c/a/blitzwing_by_sellicdr-dcy6upk.png" height="390" width="300"/>            <media:thumbnail url="https://t00.deviantart.net/N5NTZEke05bkvcOueYfKzzvucVg=/300x200/filters:fixed_height(100,100):origin()/pre00/dbb6/th/pre/f/2019/027/c/a/blitzwing_by_sellicdr-dcy6upk.png" height="200" width="154"/>            <media:content url="https://orig00.deviantart.net/695c/f/2019/027/c/a/blitzwing_by_sellicdr-dcy6upk.png" height="650" width="500" medium="image"/>            
            <description>I like Blitzwing in the Bumblebee movie, since he was responsible for taking away Bee&amp;#8217;s voice instead of Megatron.&lt;br /&gt;&lt;div&gt;&lt;img src=&quot;https://t00.deviantart.net/N5NTZEke05bkvcOueYfKzzvucVg=/300x200/filters:fixed_height(100,100):origin()/pre00/dbb6/th/pre/f/2019/027/c/a/blitzwing_by_sellicdr-dcy6upk.png&quot; alt=&quot;thumbnail&quot; /&gt;&lt;/div&gt;</description>            </item>
            </channel>
</rss>