<?xml version="1.0" encoding="utf-8"?>
<rss version="2.0" xmlns:media="http://search.yahoo.com/mrss/" xmlns:atom="http://www.w3.org/2005/Atom" xmlns:creativeCommons="http://backend.userland.com/creativeCommonsRssModule">
    <channel>
        <title>DeviantArt: Newest</title>
        <link>https://www.deviantart.com/newest/</link>
        <description>DeviantArt RSS for Newest</description>
        <language>en-us</language>
        <copyright>Copyright 2019, DeviantArt.com</copyright>
        <pubDate>Sun, 27 Jan 2019 13:23:48 PST</pubDate>

        <generator>DeviantArt.com</generator>
        <docs>http://blogs.law.harvard.edu/tech/rss</docs>
        <atom:icon>https://st.deviantart.net/minish/touch-icons/android-192.png</atom:icon>
        <atom:link type="application/rss+xml" rel="self" href="https://backend.deviantart.com/rss.xml?type=deviation&amp;order=5" />
        <atom:link rel="next" href="https://backend.deviantart.com/rss.xml?type=deviation&amp;order=5&amp;offset=60" />
                    <item>
                <title>blue</title>
                <link>https://kendallbb.deviantart.com/art/blue-783029155</link>
                <guid isPermaLink="true">https://kendallbb.deviantart.com/art/blue-783029155</guid>
                <pubDate>Sun, 27 Jan 2019 13:23:48 PST</pubDate>
                        <media:title type="plain">blue</media:title>
        <media:keywords></media:keywords>
                        <media:rating>nonadult</media:rating>
                <media:category label="Other">digitalart/paintings/other</media:category>
        <media:credit role="author" scheme="urn:ebu">kendallbb</media:credit>
        <media:credit role="author" scheme="urn:ebu">https://a.deviantart.net/avatars/k/e/kendallbb.jpg?4</media:credit>
        <media:copyright url="https://kendallbb.deviantart.com">Copyright 2019 kendallbb</media:copyright>            <media:description type="html">&lt;a href=&quot;https://www.deviantart.com/agua-turtle677893/art/Fishy-Icon-132763668&quot; class=&quot;emoticon&quot; data-embed-type=&quot;emoticon&quot; data-embed-id=&quot;132763668&quot; data-embed-profile=&quot;deviation&quot;&gt;&lt;img src=&quot;https://orig00.deviantart.net/8d3e/f/2009/221/7/6/fishy_icon_by_agua_turtle677893.gif&quot; alt=&quot;Fishy Icon&quot; style=&quot;width:50px;height:50px&quot;&gt;&lt;/a&gt;&amp;nbsp;</media:description>            <media:thumbnail url="https://t00.deviantart.net/42G0EL9_tVfuwujxuacW4UXWod4=/fit-in/150x150/filters:no_upscale():origin()/pre00/5bf3/th/pre/i/2019/027/4/a/blue_by_kendallbb-dcy715v.png" height="150" width="108"/>            <media:thumbnail url="https://t00.deviantart.net/rTGFg1kPzrmum-s2OORQBcwXutU=/fit-in/300x900/filters:no_upscale():origin()/pre00/5bf3/th/pre/i/2019/027/4/a/blue_by_kendallbb-dcy715v.png" height="417" width="300"/>            <media:thumbnail url="https://t00.deviantart.net/P8xjDK5HfrbNp07TXeANDECpHEQ=/300x200/filters:fixed_height(100,100):origin()/pre00/5bf3/th/pre/i/2019/027/4/a/blue_by_kendallbb-dcy715v.png" height="200" width="144"/>            <media:content url="https://pre00.deviantart.net/5bf3/th/pre/i/2019/027/4/a/blue_by_kendallbb-dcy715v.png" height="1055" width="758" medium="image"/>            
            <description>&lt;a href=&quot;https://www.deviantart.com/agua-turtle677893/art/Fishy-Icon-132763668&quot; class=&quot;emoticon&quot; data-embed-type=&quot;emoticon&quot; data-embed-id=&quot;132763668&quot; data-embed-profile=&quot;deviation&quot;&gt;&lt;img src=&quot;https://orig00.deviantart.net/8d3e/f/2009/221/7/6/fishy_icon_by_agua_turtle677893.gif&quot; alt=&quot;Fishy Icon&quot; style=&quot;width:50px;height:50px&quot;&gt;&lt;/a&gt;&amp;nbsp;&lt;br /&gt;&lt;div&gt;&lt;img src=&quot;https://t00.deviantart.net/P8xjDK5HfrbNp07TXeANDECpHEQ=/300x200/filters:fixed_height(100,100):origin()/pre00/5bf3/th/pre/i/2019/027/4/a/blue_by_kendallbb-dcy715v.png&quot; alt=&quot;thumbnail&quot; /&gt;&lt;/div&gt;</description>            </item>
                    <item>
                <title>Gadget Hackwrench</title>
                <link>https://ronsonic.deviantart.com/art/Gadget-Hackwrench-783029277</link>
                <guid isPermaLink="true">https://ronsonic.deviantart.com/art/Gadget-Hackwrench-783029277</guid>
                <pubDate>Sun, 27 Jan 2019 13:23:47 PST</pubDate>
                        <media:title type="plain">Gadget Hackwrench</media:title>
        <media:keywords></media:keywords>
                        <media:rating>nonadult</media:rating>
                <media:category label="Other">fanart/wallpaper/other</media:category>
        <media:credit role="author" scheme="urn:ebu">Ronsonic</media:credit>
        <media:credit role="author" scheme="urn:ebu">https://a.deviantart.net/avatars/r/o/ronsonic.jpg?12</media:credit>
        <media:copyright url="https://ronsonic.deviantart.com">Copyright 2019 Ronsonic</media:copyright>            <media:description type="html"></media:description>            <media:thumbnail url="https://t00.deviantart.net/OOepXPUb8uC6N_sBOd6Szgawlcs=/fit-in/150x150/filters:no_upscale():origin()/pre00/addc/th/pre/i/2019/027/d/b/gadget_hackwrench_by_ronsonic-dcy7199.jpg" height="113" width="150"/>            <media:thumbnail url="https://t00.deviantart.net/drxH_w3oDf34wUtxUinJZ8bqpqQ=/fit-in/300x900/filters:no_upscale():origin()/pre00/addc/th/pre/i/2019/027/d/b/gadget_hackwrench_by_ronsonic-dcy7199.jpg" height="225" width="300"/>            <media:thumbnail url="https://t00.deviantart.net/ECLyuKPN4Q98sVwrNP5SqfixW7c=/300x200/filters:fixed_height(100,100):origin()/pre00/addc/th/pre/i/2019/027/d/b/gadget_hackwrench_by_ronsonic-dcy7199.jpg" height="200" width="267"/>            <media:content url="https://img00.deviantart.net/0bfd/i/2019/027/d/b/gadget_hackwrench_by_ronsonic-dcy7199.jpg" height="450" width="600" medium="image"/>            
            <description>&lt;br /&gt;&lt;div&gt;&lt;img src=&quot;https://t00.deviantart.net/ECLyuKPN4Q98sVwrNP5SqfixW7c=/300x200/filters:fixed_height(100,100):origin()/pre00/addc/th/pre/i/2019/027/d/b/gadget_hackwrench_by_ronsonic-dcy7199.jpg&quot; alt=&quot;thumbnail&quot; /&gt;&lt;/div&gt;</description>            </item>
                    <item>
                <title>Raptor </title>
                <link>https://pixel-pocket.deviantart.com/art/Raptor-783029270</link>
                <guid isPermaLink="true">https://pixel-pocket.deviantart.com/art/Raptor-783029270</guid>
                <pubDate>Sun, 27 Jan 2019 13:23:46 PST</pubDate>
                        <media:title type="plain">Raptor </media:title>
        <media:keywords></media:keywords>
                        <media:rating>nonadult</media:rating>
                <media:category label="Fantasy &amp; Mythology">anthro/traditional/drawings/fantasy</media:category>
        <media:credit role="author" scheme="urn:ebu">pixel-pocket</media:credit>
        <media:credit role="author" scheme="urn:ebu">https://a.deviantart.net/avatars/p/i/pixel-pocket.png?4</media:credit>
        <media:copyright url="https://pixel-pocket.deviantart.com">Copyright 2019 pixel-pocket</media:copyright>            <media:description type="html"></media:description>            <media:thumbnail url="https://t00.deviantart.net/WsiFok-ysLMwFIcVW097P4G5mCI=/fit-in/150x150/filters:no_upscale():origin()/pre00/55db/th/pre/i/2019/027/8/9/raptor__by_pixel_pocket-dcy7192.jpg" height="150" width="113"/>            <media:thumbnail url="https://t00.deviantart.net/Xhi6KILRTIoG-8N2C1lcCmffYow=/fit-in/300x900/filters:no_upscale():origin()/pre00/55db/th/pre/i/2019/027/8/9/raptor__by_pixel_pocket-dcy7192.jpg" height="400" width="300"/>            <media:thumbnail url="https://t00.deviantart.net/iFiQwG67YreGCZvCU_5jUWWjUzE=/300x200/filters:fixed_height(100,100):origin()/pre00/55db/th/pre/i/2019/027/8/9/raptor__by_pixel_pocket-dcy7192.jpg" height="200" width="150"/>            <media:content url="https://img00.deviantart.net/872c/i/2019/027/8/9/raptor__by_pixel_pocket-dcy7192.jpg" height="534" width="400" medium="image"/>            
            <description>&lt;br /&gt;&lt;div&gt;&lt;img src=&quot;https://t00.deviantart.net/iFiQwG67YreGCZvCU_5jUWWjUzE=/300x200/filters:fixed_height(100,100):origin()/pre00/55db/th/pre/i/2019/027/8/9/raptor__by_pixel_pocket-dcy7192.jpg&quot; alt=&quot;thumbnail&quot; /&gt;&lt;/div&gt;</description>            </item>
                    <item>
                <title>Today&#039;s Julie Anne! (Sun 1-27-2019, 2:22 PM MST)</title>
                <link>https://julieannem.deviantart.com/art/Today-s-Julie-Anne-Sun-1-27-2019-2-22-PM-MST-783029271</link>
                <guid isPermaLink="true">https://julieannem.deviantart.com/art/Today-s-Julie-Anne-Sun-1-27-2019-2-22-PM-MST-783029271</guid>
                <pubDate>Sun, 27 Jan 2019 13:23:45 PST</pubDate>
                        <media:title type="plain">Today&#039;s Julie Anne! (Sun 1-27-2019, 2:22 PM MST)</media:title>
        <media:keywords></media:keywords>
                        <media:rating>nonadult</media:rating>
                <media:category label="Self-Portraits">photography/people/selfportrait</media:category>
        <media:credit role="author" scheme="urn:ebu">JulieAnneM</media:credit>
        <media:credit role="author" scheme="urn:ebu">https://a.deviantart.net/avatars/j/u/julieannem.jpg?3</media:credit>
        <media:copyright url="https://julieannem.deviantart.com">Copyright 2019 JulieAnneM</media:copyright>            <media:description type="html">Me, on the go, all cute and comfy, with added pigtails bonus!&lt;br /&gt;(Going out to BabySupernova, just because... ^_-; )</media:description>            <media:thumbnail url="https://t00.deviantart.net/b0fhb_LUrBMPnzuZPAPx72cHK1M=/fit-in/150x150/filters:no_upscale():origin()/pre00/6021/th/pre/i/2019/027/d/6/today_s_julie_anne___sun_1_27_2019__2_22_pm_mst__by_julieannem-dcy7193.jpg" height="150" width="113"/>            <media:thumbnail url="https://t00.deviantart.net/FWu7rUP_ZYMWnH13tf2szmmzaTo=/fit-in/300x900/filters:no_upscale():origin()/pre00/6021/th/pre/i/2019/027/d/6/today_s_julie_anne___sun_1_27_2019__2_22_pm_mst__by_julieannem-dcy7193.jpg" height="400" width="300"/>            <media:thumbnail url="https://t00.deviantart.net/1lAVrbn_R5AlgaFWQl4J9GFmORg=/300x200/filters:fixed_height(100,100):origin()/pre00/6021/th/pre/i/2019/027/d/6/today_s_julie_anne___sun_1_27_2019__2_22_pm_mst__by_julieannem-dcy7193.jpg" height="200" width="150"/>            <media:content url="https://pre00.deviantart.net/6021/th/pre/i/2019/027/d/6/today_s_julie_anne___sun_1_27_2019__2_22_pm_mst__by_julieannem-dcy7193.jpg" height="1032" width="774" medium="image"/>            
            <description>Me, on the go, all cute and comfy, with added pigtails bonus!&lt;br /&gt;(Going out to BabySupernova, just because... ^_-; )&lt;br /&gt;&lt;div&gt;&lt;img src=&quot;https://t00.deviantart.net/1lAVrbn_R5AlgaFWQl4J9GFmORg=/300x200/filters:fixed_height(100,100):origin()/pre00/6021/th/pre/i/2019/027/d/6/today_s_julie_anne___sun_1_27_2019__2_22_pm_mst__by_julieannem-dcy7193.jpg&quot; alt=&quot;thumbnail&quot; /&gt;&lt;/div&gt;</description>            </item>
                    <item>
                <title>Sherlock Holmes BBC</title>
                <link>https://melodythehamilfan.deviantart.com/art/Sherlock-Holmes-BBC-783029274</link>
                <guid isPermaLink="true">https://melodythehamilfan.deviantart.com/art/Sherlock-Holmes-BBC-783029274</guid>
                <pubDate>Sun, 27 Jan 2019 13:23:45 PST</pubDate>
                        <media:title type="plain">Sherlock Holmes BBC</media:title>
        <media:keywords></media:keywords>
                        <media:rating>nonadult</media:rating>
                <media:category label="Movies &amp; TV">fanart/traditional/drawings/movies</media:category>
        <media:credit role="author" scheme="urn:ebu">MelodyTheHamilfan</media:credit>
        <media:credit role="author" scheme="urn:ebu">https://a.deviantart.net/avatars/m/e/melodythehamilfan.png?12</media:credit>
        <media:copyright url="https://melodythehamilfan.deviantart.com">Copyright 2019 MelodyTheHamilfan</media:copyright>            <media:description type="html">Well now I&amp;#8217;m expanding to new fandoms.</media:description>            <media:thumbnail url="https://t00.deviantart.net/qAkyrDC-QwRUjTHWokC6tKU6J_c=/fit-in/150x150/filters:no_upscale():origin()/pre00/8f59/th/pre/i/2019/027/6/4/sherlock_holmes_bbc_by_melodythehamilfan-dcy7196.jpg" height="150" width="113"/>            <media:thumbnail url="https://t00.deviantart.net/gG5BPssa4Ju-q-CBOkOVZ2NZQSY=/fit-in/300x900/filters:no_upscale():origin()/pre00/8f59/th/pre/i/2019/027/6/4/sherlock_holmes_bbc_by_melodythehamilfan-dcy7196.jpg" height="400" width="300"/>            <media:thumbnail url="https://t00.deviantart.net/xw-t2z9_c2PEgkamDf5lcrL4ct4=/300x200/filters:fixed_height(100,100):origin()/pre00/8f59/th/pre/i/2019/027/6/4/sherlock_holmes_bbc_by_melodythehamilfan-dcy7196.jpg" height="200" width="150"/>            <media:content url="https://pre00.deviantart.net/8f59/th/pre/i/2019/027/6/4/sherlock_holmes_bbc_by_melodythehamilfan-dcy7196.jpg" height="1032" width="774" medium="image"/>            
            <description>Well now I&amp;#8217;m expanding to new fandoms.&lt;br /&gt;&lt;div&gt;&lt;img src=&quot;https://t00.deviantart.net/xw-t2z9_c2PEgkamDf5lcrL4ct4=/300x200/filters:fixed_height(100,100):origin()/pre00/8f59/th/pre/i/2019/027/6/4/sherlock_holmes_bbc_by_melodythehamilfan-dcy7196.jpg&quot; alt=&quot;thumbnail&quot; /&gt;&lt;/div&gt;</description>            </item>
                    <item>
                <title>My Little Pony</title>
                <link>https://pinkierose76.deviantart.com/art/My-Little-Pony-783029242</link>
                <guid isPermaLink="true">https://pinkierose76.deviantart.com/art/My-Little-Pony-783029242</guid>
                <pubDate>Sun, 27 Jan 2019 13:23:44 PST</pubDate>
                        <media:title type="plain">My Little Pony</media:title>
        <media:keywords></media:keywords>
                        <media:rating>nonadult</media:rating>
                <media:category label="Animals">digitalart/vector/animals</media:category>
        <media:credit role="author" scheme="urn:ebu">pinkierose76</media:credit>
        <media:credit role="author" scheme="urn:ebu">https://a.deviantart.net/avatars/p/i/pinkierose76.png?11</media:credit>
        <media:copyright url="https://pinkierose76.deviantart.com">Copyright 2019 pinkierose76</media:copyright>            <media:description type="html">friendship is Scary</media:description>            <media:thumbnail url="https://t00.deviantart.net/Jg_PWbyAj4ni20uZZgVFbuOpkxQ=/fit-in/150x150/filters:no_upscale():origin()/pre00/f3ab/th/pre/f/2019/027/a/a/my_little_pony_by_pinkierose76-dcy718a.png" height="113" width="150"/>            <media:thumbnail url="https://t00.deviantart.net/SGTTyoyRFNZ4LSMrxx2aqpdalQE=/fit-in/300x900/filters:no_upscale():origin()/pre00/f3ab/th/pre/f/2019/027/a/a/my_little_pony_by_pinkierose76-dcy718a.png" height="225" width="300"/>            <media:thumbnail url="https://t00.deviantart.net/YQZ9DuyqLws_KTq0N-J9yO89uYE=/300x200/filters:fixed_height(100,100):origin()/pre00/f3ab/th/pre/f/2019/027/a/a/my_little_pony_by_pinkierose76-dcy718a.png" height="200" width="267"/>            <media:content url="https://pre00.deviantart.net/f3ab/th/pre/f/2019/027/a/a/my_little_pony_by_pinkierose76-dcy718a.png" height="774" width="1032" medium="image"/>            
            <description>friendship is Scary&lt;br /&gt;&lt;div&gt;&lt;img src=&quot;https://t00.deviantart.net/YQZ9DuyqLws_KTq0N-J9yO89uYE=/300x200/filters:fixed_height(100,100):origin()/pre00/f3ab/th/pre/f/2019/027/a/a/my_little_pony_by_pinkierose76-dcy718a.png&quot; alt=&quot;thumbnail&quot; /&gt;&lt;/div&gt;</description>            </item>
                    <item>
                <title>Fox and Kelly&#039;s test</title>
                <link>https://swagfoxygaming.deviantart.com/art/Fox-and-Kelly-s-test-783010601</link>
                <guid isPermaLink="true">https://swagfoxygaming.deviantart.com/art/Fox-and-Kelly-s-test-783010601</guid>
                <pubDate>Sun, 27 Jan 2019 13:23:43 PST</pubDate>
                        <media:title type="plain">Fox and Kelly&#039;s test</media:title>
        <media:keywords></media:keywords>
                        <media:rating>nonadult</media:rating>
                <media:category label="Games">fanart/manga/traditional/games</media:category>
        <media:credit role="author" scheme="urn:ebu">swagfoxygaming</media:credit>
        <media:credit role="author" scheme="urn:ebu">https://a.deviantart.net/avatars/s/w/swagfoxygaming.png?7</media:credit>
        <media:copyright url="https://swagfoxygaming.deviantart.com">Copyright 2019 swagfoxygaming</media:copyright>             <creativeCommons:license>http://creativecommons.org/licenses/by-nc/3.0/</creativeCommons:license>
                <media:description type="html">Fox, and Kelly is testing&amp;nbsp;Nikolai and josh(my inksona) of uhhhh what is&amp;nbsp;Nikolai staring at and me i just want to die</media:description>            <media:thumbnail url="https://t00.deviantart.net/rhcO6exNE_f_0fSsYAnWmaLQHpU=/fit-in/150x150/filters:no_upscale():origin()/pre00/fc26/th/pre/i/2019/027/b/b/fox_and_kelly_s_test_by_swagfoxygaming-dcy6muh.png" height="84" width="150"/>            <media:thumbnail url="https://t00.deviantart.net/hbgbYpEckRkk2OJLzDCmFW7Lwu0=/fit-in/300x900/filters:no_upscale():origin()/pre00/fc26/th/pre/i/2019/027/b/b/fox_and_kelly_s_test_by_swagfoxygaming-dcy6muh.png" height="169" width="300"/>            <media:thumbnail url="https://t00.deviantart.net/dR4Oa3JtlHDHmEATAoZhifN0LPI=/300x200/filters:fixed_height(100,100):origin()/pre00/fc26/th/pre/i/2019/027/b/b/fox_and_kelly_s_test_by_swagfoxygaming-dcy6muh.png" height="169" width="300"/>            <media:content url="https://pre00.deviantart.net/fc26/th/pre/i/2019/027/b/b/fox_and_kelly_s_test_by_swagfoxygaming-dcy6muh.png" height="670" width="1192" medium="image"/>            
            <description>Fox, and Kelly is testing&amp;nbsp;Nikolai and josh(my inksona) of uhhhh what is&amp;nbsp;Nikolai staring at and me i just want to die&lt;br /&gt;&lt;div&gt;&lt;img src=&quot;https://t00.deviantart.net/dR4Oa3JtlHDHmEATAoZhifN0LPI=/300x200/filters:fixed_height(100,100):origin()/pre00/fc26/th/pre/i/2019/027/b/b/fox_and_kelly_s_test_by_swagfoxygaming-dcy6muh.png&quot; alt=&quot;thumbnail&quot; /&gt;&lt;/div&gt;</description>            </item>
                    <item>
                <title>Bronx Boy Retro Tee</title>
                <link>https://bobbyboggs182.deviantart.com/art/Bronx-Boy-Retro-Tee-783029183</link>
                <guid isPermaLink="true">https://bobbyboggs182.deviantart.com/art/Bronx-Boy-Retro-Tee-783029183</guid>
                <pubDate>Sun, 27 Jan 2019 13:23:42 PST</pubDate>
                        <media:title type="plain">Bronx Boy Retro Tee</media:title>
        <media:keywords></media:keywords>
                        <media:rating>nonadult</media:rating>
                <media:category label="Fantasy">digitalart/mixedmed/fantasy</media:category>
        <media:credit role="author" scheme="urn:ebu">bobbyboggs182</media:credit>
        <media:credit role="author" scheme="urn:ebu">https://a.deviantart.net/avatars/b/o/bobbyboggs182.jpg?2</media:credit>
        <media:copyright url="https://bobbyboggs182.deviantart.com">Copyright 2019 bobbyboggs182</media:copyright>            <media:description type="html"></media:description>            <media:thumbnail url="https://t00.deviantart.net/McYMbIHQb-7HhO3lNpx8-_G2KWQ=/fit-in/150x150/filters:no_upscale():origin()/pre00/a660/th/pre/f/2019/027/6/0/bronx_boy_retro_tee_by_bobbyboggs182-dcy716n.jpg" height="150" width="150"/>            <media:thumbnail url="https://t00.deviantart.net/yHauJoZdHgpdkpPTbx3pXP53GZQ=/fit-in/300x900/filters:no_upscale():origin()/pre00/a660/th/pre/f/2019/027/6/0/bronx_boy_retro_tee_by_bobbyboggs182-dcy716n.jpg" height="300" width="300"/>            <media:thumbnail url="https://t00.deviantart.net/7wDVqljk52K32YDKhwlLbSDdK_c=/300x200/filters:fixed_height(100,100):origin()/pre00/a660/th/pre/f/2019/027/6/0/bronx_boy_retro_tee_by_bobbyboggs182-dcy716n.jpg" height="200" width="200"/>            <media:content url="https://pre00.deviantart.net/a660/th/pre/f/2019/027/6/0/bronx_boy_retro_tee_by_bobbyboggs182-dcy716n.jpg" height="894" width="894" medium="image"/>            
            <description>&lt;br /&gt;&lt;div&gt;&lt;img src=&quot;https://t00.deviantart.net/7wDVqljk52K32YDKhwlLbSDdK_c=/300x200/filters:fixed_height(100,100):origin()/pre00/a660/th/pre/f/2019/027/6/0/bronx_boy_retro_tee_by_bobbyboggs182-dcy716n.jpg&quot; alt=&quot;thumbnail&quot; /&gt;&lt;/div&gt;</description>            </item>
                    <item>
                <title>ayoshi</title>
                <link>https://raynst0rm.deviantart.com/art/ayoshi-783029094</link>
                <guid isPermaLink="true">https://raynst0rm.deviantart.com/art/ayoshi-783029094</guid>
                <pubDate>Sun, 27 Jan 2019 13:23:40 PST</pubDate>
                        <media:title type="plain">ayoshi</media:title>
        <media:keywords></media:keywords>
                        <media:rating>nonadult</media:rating>
                <media:category label="Drawings">manga/digital/drawings</media:category>
        <media:credit role="author" scheme="urn:ebu">raynst0rm</media:credit>
        <media:credit role="author" scheme="urn:ebu">https://a.deviantart.net/avatars/r/a/raynst0rm.png?14</media:credit>
        <media:copyright url="https://raynst0rm.deviantart.com">Copyright 2019 raynst0rm</media:copyright>            <media:description type="html">ayoshi.&lt;br /&gt;oc.&lt;br /&gt;embodiment of the departed / the missing / lost.</media:description>            <media:thumbnail url="https://t00.deviantart.net/mf5ak18Xc9qymtzXxVQ0hW6sNX0=/fit-in/150x150/filters:no_upscale():origin()/pre00/e795/th/pre/f/2019/027/b/9/ayoshi_by_raynst0rm-dcy7146.png" height="150" width="113"/>            <media:thumbnail url="https://t00.deviantart.net/r2f_JTISx-DBQUa6NUzqpaAGzc0=/fit-in/300x900/filters:no_upscale():origin()/pre00/e795/th/pre/f/2019/027/b/9/ayoshi_by_raynst0rm-dcy7146.png" height="400" width="300"/>            <media:thumbnail url="https://t00.deviantart.net/xcN7wWc3vKGxhT1qDFX_ic5mSD8=/300x200/filters:fixed_height(100,100):origin()/pre00/e795/th/pre/f/2019/027/b/9/ayoshi_by_raynst0rm-dcy7146.png" height="200" width="150"/>            <media:content url="https://pre00.deviantart.net/e795/th/pre/f/2019/027/b/9/ayoshi_by_raynst0rm-dcy7146.png" height="1032" width="774" medium="image"/>            
            <description>ayoshi.&lt;br /&gt;oc.&lt;br /&gt;embodiment of the departed / the missing / lost.&lt;br /&gt;&lt;div&gt;&lt;img src=&quot;https://t00.deviantart.net/xcN7wWc3vKGxhT1qDFX_ic5mSD8=/300x200/filters:fixed_height(100,100):origin()/pre00/e795/th/pre/f/2019/027/b/9/ayoshi_by_raynst0rm-dcy7146.png&quot; alt=&quot;thumbnail&quot; /&gt;&lt;/div&gt;</description>            </item>
                    <item>
                <title>Vulpixes</title>
                <link>https://honeydoe12.deviantart.com/art/Vulpixes-783029149</link>
                <guid isPermaLink="true">https://honeydoe12.deviantart.com/art/Vulpixes-783029149</guid>
                <pubDate>Sun, 27 Jan 2019 13:23:40 PST</pubDate>
                        <media:title type="plain">Vulpixes</media:title>
        <media:keywords></media:keywords>
                        <media:rating>nonadult</media:rating>
                <media:category label="Games">fanart/digital/drawings/games</media:category>
        <media:credit role="author" scheme="urn:ebu">Honeydoe12</media:credit>
        <media:credit role="author" scheme="urn:ebu">https://a.deviantart.net/avatars/h/o/honeydoe12.png?6</media:credit>
        <media:copyright url="https://honeydoe12.deviantart.com">Copyright 2019 Honeydoe12</media:copyright>            <media:description type="html">Just an old thing I found in my flashdrive</media:description>            <media:thumbnail url="https://t00.deviantart.net/wHjjW7Qow232GFMAW5rpUmYPlZ4=/fit-in/150x150/filters:no_upscale():origin()/pre00/396a/th/pre/f/2019/027/1/6/vulpixes_by_honeydoe12-dcy715p.png" height="125" width="150"/>            <media:thumbnail url="https://t00.deviantart.net/p_sBJKB_J0J-HYf2w_Rr0G7YhHM=/fit-in/300x900/filters:no_upscale():origin()/pre00/396a/th/pre/f/2019/027/1/6/vulpixes_by_honeydoe12-dcy715p.png" height="250" width="300"/>            <media:thumbnail url="https://t00.deviantart.net/eYF871uzmof4Q3UwYBMP4gRAbxk=/300x200/filters:fixed_height(100,100):origin()/pre00/396a/th/pre/f/2019/027/1/6/vulpixes_by_honeydoe12-dcy715p.png" height="200" width="240"/>            <media:content url="https://pre00.deviantart.net/396a/th/pre/f/2019/027/1/6/vulpixes_by_honeydoe12-dcy715p.png" height="816" width="979" medium="image"/>            
            <description>Just an old thing I found in my flashdrive&lt;br /&gt;&lt;div&gt;&lt;img src=&quot;https://t00.deviantart.net/eYF871uzmof4Q3UwYBMP4gRAbxk=/300x200/filters:fixed_height(100,100):origin()/pre00/396a/th/pre/f/2019/027/1/6/vulpixes_by_honeydoe12-dcy715p.png&quot; alt=&quot;thumbnail&quot; /&gt;&lt;/div&gt;</description>            </item>
                    <item>
                <title>LOTM 74 Carte de Voeux 3eme Kibuza</title>
                <link>https://zzaber.deviantart.com/art/LOTM-74-Carte-de-Voeux-3eme-Kibuza-783029232</link>
                <guid isPermaLink="true">https://zzaber.deviantart.com/art/LOTM-74-Carte-de-Voeux-3eme-Kibuza-783029232</guid>
                <pubDate>Sun, 27 Jan 2019 13:23:39 PST</pubDate>
                        <media:title type="plain">LOTM 74 Carte de Voeux 3eme Kibuza</media:title>
        <media:keywords></media:keywords>
                        <media:rating>nonadult</media:rating>
                <media:category label="Other">customization/wallpaper/other</media:category>
        <media:credit role="author" scheme="urn:ebu">Zzaber</media:credit>
        <media:credit role="author" scheme="urn:ebu">https://a.deviantart.net/avatars/z/z/zzaber.jpg?2</media:credit>
        <media:copyright url="https://zzaber.deviantart.com">Copyright 2019 Zzaber</media:copyright>            <media:description type="html">&lt;span&gt;Venez nous rejoindre sur&amp;nbsp;&lt;/span&gt;&lt;a class=&quot;external&quot; href=&quot;https://www.deviantart.com/users/outgoing?http://www.evolutiongraph.fr&quot;&gt;www.evolutiongraph.fr&lt;/a&gt;</media:description>            <media:thumbnail url="https://t00.deviantart.net/EnSJ26Y51ZTXPgy0uxB1qwM39kI=/fit-in/150x150/filters:no_upscale():origin()/pre00/fc16/th/pre/f/2019/027/8/b/lotm_74_carte_de_voeux_3eme_kibuza_by_zzaber-dcy7180.png" height="113" width="150"/>            <media:thumbnail url="https://t00.deviantart.net/4bsXIClnh0Rhh34GD9M6q3bTGvI=/fit-in/300x900/filters:no_upscale():origin()/pre00/fc16/th/pre/f/2019/027/8/b/lotm_74_carte_de_voeux_3eme_kibuza_by_zzaber-dcy7180.png" height="225" width="300"/>            <media:thumbnail url="https://t00.deviantart.net/ZXAsWbJb7Uauf3m-AX2dltAHpUc=/300x200/filters:fixed_height(100,100):origin()/pre00/fc16/th/pre/f/2019/027/8/b/lotm_74_carte_de_voeux_3eme_kibuza_by_zzaber-dcy7180.png" height="200" width="267"/>            <media:content url="https://orig00.deviantart.net/cc50/f/2019/027/8/b/lotm_74_carte_de_voeux_3eme_kibuza_by_zzaber-dcy7180.png" height="600" width="800" medium="image"/>            
            <description>&lt;span&gt;Venez nous rejoindre sur&amp;nbsp;&lt;/span&gt;&lt;a class=&quot;external&quot; href=&quot;https://www.deviantart.com/users/outgoing?http://www.evolutiongraph.fr&quot;&gt;www.evolutiongraph.fr&lt;/a&gt;&lt;br /&gt;&lt;div&gt;&lt;img src=&quot;https://t00.deviantart.net/ZXAsWbJb7Uauf3m-AX2dltAHpUc=/300x200/filters:fixed_height(100,100):origin()/pre00/fc16/th/pre/f/2019/027/8/b/lotm_74_carte_de_voeux_3eme_kibuza_by_zzaber-dcy7180.png&quot; alt=&quot;thumbnail&quot; /&gt;&lt;/div&gt;</description>            </item>
                    <item>
                <title>oh BOI Nightlight</title>
                <link>https://jollylulu585.deviantart.com/art/oh-BOI-Nightlight-783029251</link>
                <guid isPermaLink="true">https://jollylulu585.deviantart.com/art/oh-BOI-Nightlight-783029251</guid>
                <pubDate>Sun, 27 Jan 2019 13:23:36 PST</pubDate>
                        <media:title type="plain">oh BOI Nightlight</media:title>
        <media:keywords></media:keywords>
                        <media:rating>nonadult</media:rating>
                <media:category label="Drawings">cartoons/digital/cartoons/drawings</media:category>
        <media:credit role="author" scheme="urn:ebu">JollyLulu585</media:credit>
        <media:credit role="author" scheme="urn:ebu">https://a.deviantart.net/avatars/j/o/jollylulu585.jpg?11</media:credit>
        <media:copyright url="https://jollylulu585.deviantart.com">Copyright 2019 JollyLulu585</media:copyright>            <media:description type="html">The second son of Chrysalis and Luna &lt;br /&gt;He a dark boy and pretty intimidating(don&#039;t give me that look).&lt;br /&gt;Yes he wears eyeshadow, and he wears it better than your momma.&lt;br /&gt;Nightlight wants to be a night guard and is always training so please ignore is scrawny look I can&#039;t draw buff men or muscles I need practice.&lt;br /&gt;Even in the human version his tounge black, also I was gonna put him in a cult but then I was like naaaaaah too much.</media:description>            <media:thumbnail url="https://t00.deviantart.net/BFU4RlYhTVZbqnO2r5wTBMMuIxY=/fit-in/150x150/filters:no_upscale():origin()/pre00/d94b/th/pre/i/2019/027/3/b/oh_boi_nightlight_by_jollylulu585-dcy718j.jpg" height="84" width="150"/>            <media:thumbnail url="https://t00.deviantart.net/JsEie70Yf73z4rklnEMpASh6yYY=/fit-in/300x900/filters:no_upscale():origin()/pre00/d94b/th/pre/i/2019/027/3/b/oh_boi_nightlight_by_jollylulu585-dcy718j.jpg" height="169" width="300"/>            <media:thumbnail url="https://t00.deviantart.net/sb6MQeH2xKdwqMd9GMWL-fQCTKc=/300x200/filters:fixed_height(100,100):origin()/pre00/d94b/th/pre/i/2019/027/3/b/oh_boi_nightlight_by_jollylulu585-dcy718j.jpg" height="169" width="300"/>            <media:content url="https://img00.deviantart.net/66d2/i/2019/027/3/b/oh_boi_nightlight_by_jollylulu585-dcy718j.jpg" height="576" width="1024" medium="image"/>            
            <description>The second son of Chrysalis and Luna &lt;br /&gt;He a dark boy and pretty intimidating(don&#039;t give me that look).&lt;br /&gt;Yes he wears eyeshadow, and he wears it better than your momma.&lt;br /&gt;Nightlight wants to be a night guard and is always training so please ignore is scrawny look I can&#039;t draw buff men or muscles I need practice.&lt;br /&gt;Even in the human version his tounge black, also I was gonna put him in a cult but then I was like naaaaaah too much.&lt;br /&gt;&lt;div&gt;&lt;img src=&quot;https://t00.deviantart.net/sb6MQeH2xKdwqMd9GMWL-fQCTKc=/300x200/filters:fixed_height(100,100):origin()/pre00/d94b/th/pre/i/2019/027/3/b/oh_boi_nightlight_by_jollylulu585-dcy718j.jpg&quot; alt=&quot;thumbnail&quot; /&gt;&lt;/div&gt;</description>            </item>
                    <item>
                <title>My Haul Pics #2848-Sun.01-27-2019_002</title>
                <link>https://transfan2.deviantart.com/art/My-Haul-Pics-2848-Sun-01-27-2019-002-783028535</link>
                <guid isPermaLink="true">https://transfan2.deviantart.com/art/My-Haul-Pics-2848-Sun-01-27-2019-002-783028535</guid>
                <pubDate>Sun, 27 Jan 2019 13:23:35 PST</pubDate>
                        <media:title type="plain">My Haul Pics #2848-Sun.01-27-2019_002</media:title>
        <media:keywords></media:keywords>
                        <media:rating>nonadult</media:rating>
                <media:category label="Other">photography/misc</media:category>
        <media:credit role="author" scheme="urn:ebu">Transfan2</media:credit>
        <media:credit role="author" scheme="urn:ebu">https://a.deviantart.net/avatars/default.gif</media:credit>
        <media:copyright url="https://transfan2.deviantart.com">Copyright 2019 Transfan2</media:copyright>            <media:description type="html">&lt;div&gt;Reasons For Multiples - Display, Fun Ones, Backups, To Get Sign Potentially (Mainly Comics), Etc.&amp;nbsp;&lt;br /&gt;&lt;/div&gt;&lt;br /&gt;My Haul Pics #2848-Sun.01-27-2019_002&lt;br /&gt;&lt;br /&gt;Transformers Cyberverse &amp;gt; 1-Step Changer Class / Wave #2 (Asst. &lt;a class=&quot;discoverytag&quot; href=&quot;https://www.deviantart.com/tag/e3522&quot; data-canonical-tag=&quot;e3522&quot;&gt;#E3522&lt;/a&gt;):&lt;br /&gt;x1 of 2 Megatron (&lt;a class=&quot;discoverytag&quot; href=&quot;https://www.deviantart.com/tag/e3528&quot; data-canonical-tag=&quot;e3528&quot;&gt;#E3528&lt;/a&gt;) (#2)-{Amazon Seller: RDL}</media:description>            <media:thumbnail url="https://t00.deviantart.net/wEqIrMwLPHiGYuja0a610ieYdWY=/fit-in/150x150/filters:no_upscale():origin()/pre00/fbfc/th/pre/f/2019/027/8/1/my_haul_pics__2848_sun_01_27_2019_002_by_transfan2-dcy70on.jpg" height="113" width="150"/>            <media:thumbnail url="https://t00.deviantart.net/5Jr5potf46rfbdJpquO8cE2_nkg=/fit-in/300x900/filters:no_upscale():origin()/pre00/fbfc/th/pre/f/2019/027/8/1/my_haul_pics__2848_sun_01_27_2019_002_by_transfan2-dcy70on.jpg" height="225" width="300"/>            <media:thumbnail url="https://t00.deviantart.net/9UKApoIIBY3MJ-oi5Q1FZ9xffoQ=/300x200/filters:fixed_height(100,100):origin()/pre00/fbfc/th/pre/f/2019/027/8/1/my_haul_pics__2848_sun_01_27_2019_002_by_transfan2-dcy70on.jpg" height="200" width="267"/>            <media:content url="https://orig00.deviantart.net/1aff/f/2019/027/8/1/my_haul_pics__2848_sun_01_27_2019_002_by_transfan2-dcy70on.jpg" height="480" width="640" medium="image"/>            
            <description>&lt;div&gt;Reasons For Multiples - Display, Fun Ones, Backups, To Get Sign Potentially (Mainly Comics), Etc.&amp;nbsp;&lt;br /&gt;&lt;/div&gt;&lt;br /&gt;My Haul Pics #2848-Sun.01-27-2019_002&lt;br /&gt;&lt;br /&gt;Transformers Cyberverse &amp;gt; 1-Step Changer Class / Wave #2 (Asst. &lt;a class=&quot;discoverytag&quot; href=&quot;https://www.deviantart.com/tag/e3522&quot; data-canonical-tag=&quot;e3522&quot;&gt;#E3522&lt;/a&gt;):&lt;br /&gt;x1 of 2 Megatron (&lt;a class=&quot;discoverytag&quot; href=&quot;https://www.deviantart.com/tag/e3528&quot; data-canonical-tag=&quot;e3528&quot;&gt;#E3528&lt;/a&gt;) (#2)-{Amazon Seller: RDL}&lt;br /&gt;&lt;div&gt;&lt;img src=&quot;https://t00.deviantart.net/9UKApoIIBY3MJ-oi5Q1FZ9xffoQ=/300x200/filters:fixed_height(100,100):origin()/pre00/fbfc/th/pre/f/2019/027/8/1/my_haul_pics__2848_sun_01_27_2019_002_by_transfan2-dcy70on.jpg&quot; alt=&quot;thumbnail&quot; /&gt;&lt;/div&gt;</description>            </item>
                    <item>
                <title>Family</title>
                <link>https://aeakimlin.deviantart.com/art/Family-782743761</link>
                <guid isPermaLink="true">https://aeakimlin.deviantart.com/art/Family-782743761</guid>
                <pubDate>Sun, 27 Jan 2019 13:23:34 PST</pubDate>
                        <media:title type="plain">Family</media:title>
        <media:keywords></media:keywords>
                        <media:rating>nonadult</media:rating>
                <media:category label="Drawings">manga/traditional/drawings</media:category>
        <media:credit role="author" scheme="urn:ebu">AEAKimlin</media:credit>
        <media:credit role="author" scheme="urn:ebu">https://a.deviantart.net/avatars/a/e/aeakimlin.jpg?4</media:credit>
        <media:copyright url="https://aeakimlin.deviantart.com">Copyright 2019 AEAKimlin</media:copyright>            <media:description type="html">New characters I kept for a long time, even though I&#039;ve already introduced them from a drawing of them with Tokomo and Satiana. Also spoiler alert:&lt;br /&gt;&lt;br /&gt;&lt;br /&gt;&lt;br /&gt;&lt;br /&gt;&lt;br /&gt;&lt;br /&gt;&lt;br /&gt;&lt;br /&gt;&lt;br /&gt;&lt;br /&gt;&lt;br /&gt;&lt;br /&gt;&lt;br /&gt;&lt;br /&gt;&lt;br /&gt;&lt;br /&gt;&lt;br /&gt;&lt;br /&gt;&lt;br /&gt;&lt;br /&gt;&lt;br /&gt;&lt;br /&gt;&lt;br /&gt;&lt;br /&gt;&lt;br /&gt;&lt;br /&gt;&lt;br /&gt;&lt;br /&gt;&lt;br /&gt;&lt;br /&gt;&lt;br /&gt;&lt;br /&gt;&lt;br /&gt;&lt;br /&gt;&lt;br /&gt;&lt;br /&gt;&lt;br /&gt;&lt;br /&gt;&lt;br /&gt;&lt;br /&gt;&lt;br /&gt;&lt;br /&gt;&lt;br /&gt;&lt;br /&gt;&lt;br /&gt;&lt;br /&gt;&lt;br /&gt;&lt;br /&gt;&lt;br /&gt;This family is actually Keiku&#039;s family.&lt;br /&gt;&lt;br /&gt;Anyway, I shall explain their traits and backstories since I haven&#039;t done it yet.&lt;br /&gt;&lt;br /&gt;&lt;img src=&quot;https://e.deviantart.net/emoticons/b/bulletwhite.gif&quot; width=&quot;10&quot; height=&quot;10&quot; alt=&quot;:bulletwhite:&quot; data-embed-type=&quot;emoticon&quot; data-embed-id=&quot;565&quot; title=&quot;Bullet; White&quot;/&gt; Masako is Keiku, Ichiko, Hikari, and Ayame&#039;s mother and Keiichi&#039;s wife. She and her husband once lived in an exotic and wealthy town in Chrysolia; Masako is the rich girl while Keiichi is a commoner, and both loved each other. However, Masako&#039;s father disapproves of her relationship with Keiichi and tries to set her up an arranged marriage with a rich man. Masako dislikes it and would rather be with Keiichi. When Keiichi proposes to her, she happily accepts, much to the angry dismay of her father. On their wedding day, he kidnaps her back to their manor and locks her up in there. She thought she would never see her beloved again, but her sister, who approves of her and Keiichi&#039;s relationship, helps her escape and reunite with Keiichi. After they married, the couple moved away from their former home and into a simple town to start a family of their own. They had four daughters and loved them all so much. Everything is happy and perfect for them, at least until the Marcoribans show up. Masako is loving and caring to those close to her and loves her family. She is also friendly, but has a bit of a feisty streak.&lt;br /&gt;&lt;br /&gt;&lt;img src=&quot;https://e.deviantart.net/emoticons/b/bulletorange.gif&quot; width=&quot;10&quot; height=&quot;10&quot; alt=&quot;:bulletorange:&quot; data-embed-type=&quot;emoticon&quot; data-embed-id=&quot;567&quot; title=&quot;Bullet; Orange&quot;/&gt; Keiichi is Keiku, Ichiko, Hikari, and Ayame&#039;s father and Masako&#039;s husband. He and his wife once lived in an exotic and wealthy Town in Chrysolia; Keiichi is the commoner while Masako is the rich girl. He falls in love with her, but is afraid she wouldn&#039;t feel the same as two of them come from different classes. But when Masako confesses her love for him, he confessed the same for her. The two got engaged, but on the day of their wedding she went missing and Keiichi and his wedding guests started looking for his missing bride. As soon as he is ready to give up as he couldn&#039;t find her, Masako calls out to him and they reunite. After they married, they moved away from their former home and into a simple town to start a family of their own. They had four daughters and loved them all so much. Everything is happy and perfect for them, at least until the Marcoribans show up. Keiichi is a very decent fellow, loving and caring for his family, but has a bit of a pessimistic side, which his eldest daughter chastised him for.&lt;br /&gt;&lt;br /&gt;&lt;img src=&quot;https://e.deviantart.net/emoticons/b/bulletblue.gif&quot; width=&quot;10&quot; height=&quot;10&quot; alt=&quot;:bulletblue:&quot; data-embed-type=&quot;emoticon&quot; data-embed-id=&quot;211&quot; title=&quot;Bullet; Blue&quot;/&gt; Ichiko is the eldest daughter to Keiichi and Masako and eldest sister to Hikari, Ayame, and Keiku. She cares deeply about her sisters and parents and is friendly, but can be chastising, especially towards her father for his pessimism and Hikari for her recklessness and teasing of Ayame.&lt;br /&gt;&lt;br /&gt;&lt;img src=&quot;https://e.deviantart.net/emoticons/b/bulletgreen.gif&quot; width=&quot;10&quot; height=&quot;10&quot; alt=&quot;:bulletgreen:&quot; data-embed-type=&quot;emoticon&quot; data-embed-id=&quot;209&quot; title=&quot;Bullet; Green&quot;/&gt; Hikari is the second oldest daughter to Keiichi and Masako and older sister to Ayame and Keiku and younger sister to Ichiko. She is a tomboy who loves playing sports and video games. She also likes to tease Ayame, much to Ichiko&#039;s dismay, but she loves all her sisters and parents.&lt;br /&gt;&lt;br /&gt;&lt;img src=&quot;https://e.deviantart.net/emoticons/b/bulletpink.gif&quot; width=&quot;10&quot; height=&quot;10&quot; alt=&quot;:bulletpink:&quot; data-embed-type=&quot;emoticon&quot; data-embed-id=&quot;568&quot; title=&quot;Bullet; Pink&quot;/&gt; Ayame is the younger daughter to Keiichi and Masako and younger sister to Ichiko and Hikari and older sister to Keiku. She is sweet but pretty sensitive. She is close to Keiku and Keiichi, but still loves her sisters and mother. She loves sweets like cupcakes, candies, and cookies. She also likes flowers and butterflies.&lt;br /&gt;&lt;br /&gt;They all are going to appear in Adventures in Chrysolia.&lt;br /&gt;&lt;br /&gt;The following characters are mine.</media:description>            <media:thumbnail url="https://t00.deviantart.net/VjzyhT8VeCzuQZGk5Hu6BnSDkGg=/fit-in/150x150/filters:no_upscale():origin()/pre00/20e6/th/pre/f/2019/026/0/6/06fb84923ace912015fa8a410cde392e-dcy0wy9.jpg" height="113" width="150"/>            <media:thumbnail url="https://t00.deviantart.net/crIxKI-LZaqVoeffEgJESzUykPE=/fit-in/300x900/filters:no_upscale():origin()/pre00/20e6/th/pre/f/2019/026/0/6/06fb84923ace912015fa8a410cde392e-dcy0wy9.jpg" height="225" width="300"/>            <media:thumbnail url="https://t00.deviantart.net/15TpCPSXEKSBH4cTS1zOXUUdquo=/300x200/filters:fixed_height(100,100):origin()/pre00/20e6/th/pre/f/2019/026/0/6/06fb84923ace912015fa8a410cde392e-dcy0wy9.jpg" height="200" width="267"/>            <media:content url="https://pre00.deviantart.net/20e6/th/pre/f/2019/026/0/6/06fb84923ace912015fa8a410cde392e-dcy0wy9.jpg" height="774" width="1032" medium="image"/>            
            <description>New characters I kept for a long time, even though I&#039;ve already introduced them from a drawing of them with Tokomo and Satiana. Also spoiler alert:&lt;br /&gt;&lt;br /&gt;&lt;br /&gt;&lt;br /&gt;&lt;br /&gt;&lt;br /&gt;&lt;br /&gt;&lt;br /&gt;&lt;br /&gt;&lt;br /&gt;&lt;br /&gt;&lt;br /&gt;&lt;br /&gt;&lt;br /&gt;&lt;br /&gt;&lt;br /&gt;&lt;br /&gt;&lt;br /&gt;&lt;br /&gt;&lt;br /&gt;&lt;br /&gt;&lt;br /&gt;&lt;br /&gt;&lt;br /&gt;&lt;br /&gt;&lt;br /&gt;&lt;br /&gt;&lt;br /&gt;&lt;br /&gt;&lt;br /&gt;&lt;br /&gt;&lt;br /&gt;&lt;br /&gt;&lt;br /&gt;&lt;br /&gt;&lt;br /&gt;&lt;br /&gt;&lt;br /&gt;&lt;br /&gt;&lt;br /&gt;&lt;br /&gt;&lt;br /&gt;&lt;br /&gt;&lt;br /&gt;&lt;br /&gt;&lt;br /&gt;&lt;br /&gt;&lt;br /&gt;&lt;br /&gt;&lt;br /&gt;This family is actually Keiku&#039;s family.&lt;br /&gt;&lt;br /&gt;Anyway, I shall explain their traits and backstories since I haven&#039;t done it yet.&lt;br /&gt;&lt;br /&gt;&lt;img src=&quot;https://e.deviantart.net/emoticons/b/bulletwhite.gif&quot; width=&quot;10&quot; height=&quot;10&quot; alt=&quot;:bulletwhite:&quot; data-embed-type=&quot;emoticon&quot; data-embed-id=&quot;565&quot; title=&quot;Bullet; White&quot;/&gt; Masako is Keiku, Ichiko, Hikari, and Ayame&#039;s mother and Keiichi&#039;s wife. She and her husband once lived in an exotic and wealthy town in Chrysolia; Masako is the rich girl while Keiichi is a commoner, and both loved each other. However, Masako&#039;s father disapproves of her relationship with Keiichi and tries to set her up an arranged marriage with a rich man. Masako dislikes it and would rather be with Keiichi. When Keiichi proposes to her, she happily accepts, much to the angry dismay of her father. On their wedding day, he kidnaps her back to their manor and locks her up in there. She thought she would never see her beloved again, but her sister, who approves of her and Keiichi&#039;s relationship, helps her escape and reunite with Keiichi. After they married, the couple moved away from their former home and into a simple town to start a family of their own. They had four daughters and loved them all so much. Everything is happy and perfect for them, at least until the Marcoribans show up. Masako is loving and caring to those close to her and loves her family. She is also friendly, but has a bit of a feisty streak.&lt;br /&gt;&lt;br /&gt;&lt;img src=&quot;https://e.deviantart.net/emoticons/b/bulletorange.gif&quot; width=&quot;10&quot; height=&quot;10&quot; alt=&quot;:bulletorange:&quot; data-embed-type=&quot;emoticon&quot; data-embed-id=&quot;567&quot; title=&quot;Bullet; Orange&quot;/&gt; Keiichi is Keiku, Ichiko, Hikari, and Ayame&#039;s father and Masako&#039;s husband. He and his wife once lived in an exotic and wealthy Town in Chrysolia; Keiichi is the commoner while Masako is the rich girl. He falls in love with her, but is afraid she wouldn&#039;t feel the same as two of them come from different classes. But when Masako confesses her love for him, he confessed the same for her. The two got engaged, but on the day of their wedding she went missing and Keiichi and his wedding guests started looking for his missing bride. As soon as he is ready to give up as he couldn&#039;t find her, Masako calls out to him and they reunite. After they married, they moved away from their former home and into a simple town to start a family of their own. They had four daughters and loved them all so much. Everything is happy and perfect for them, at least until the Marcoribans show up. Keiichi is a very decent fellow, loving and caring for his family, but has a bit of a pessimistic side, which his eldest daughter chastised him for.&lt;br /&gt;&lt;br /&gt;&lt;img src=&quot;https://e.deviantart.net/emoticons/b/bulletblue.gif&quot; width=&quot;10&quot; height=&quot;10&quot; alt=&quot;:bulletblue:&quot; data-embed-type=&quot;emoticon&quot; data-embed-id=&quot;211&quot; title=&quot;Bullet; Blue&quot;/&gt; Ichiko is the eldest daughter to Keiichi and Masako and eldest sister to Hikari, Ayame, and Keiku. She cares deeply about her sisters and parents and is friendly, but can be chastising, especially towards her father for his pessimism and Hikari for her recklessness and teasing of Ayame.&lt;br /&gt;&lt;br /&gt;&lt;img src=&quot;https://e.deviantart.net/emoticons/b/bulletgreen.gif&quot; width=&quot;10&quot; height=&quot;10&quot; alt=&quot;:bulletgreen:&quot; data-embed-type=&quot;emoticon&quot; data-embed-id=&quot;209&quot; title=&quot;Bullet; Green&quot;/&gt; Hikari is the second oldest daughter to Keiichi and Masako and older sister to Ayame and Keiku and younger sister to Ichiko. She is a tomboy who loves playing sports and video games. She also likes to tease Ayame, much to Ichiko&#039;s dismay, but she loves all her sisters and parents.&lt;br /&gt;&lt;br /&gt;&lt;img src=&quot;https://e.deviantart.net/emoticons/b/bulletpink.gif&quot; width=&quot;10&quot; height=&quot;10&quot; alt=&quot;:bulletpink:&quot; data-embed-type=&quot;emoticon&quot; data-embed-id=&quot;568&quot; title=&quot;Bullet; Pink&quot;/&gt; Ayame is the younger daughter to Keiichi and Masako and younger sister to Ichiko and Hikari and older sister to Keiku. She is sweet but pretty sensitive. She is close to Keiku and Keiichi, but still loves her sisters and mother. She loves sweets like cupcakes, candies, and cookies. She also likes flowers and butterflies.&lt;br /&gt;&lt;br /&gt;They all are going to appear in Adventures in Chrysolia.&lt;br /&gt;&lt;br /&gt;The following characters are mine.&lt;br /&gt;&lt;div&gt;&lt;img src=&quot;https://t00.deviantart.net/15TpCPSXEKSBH4cTS1zOXUUdquo=/300x200/filters:fixed_height(100,100):origin()/pre00/20e6/th/pre/f/2019/026/0/6/06fb84923ace912015fa8a410cde392e-dcy0wy9.jpg&quot; alt=&quot;thumbnail&quot; /&gt;&lt;/div&gt;</description>            </item>
                    <item>
                <title>(Solarverse) Rubilette Rosso: SnailsSeed</title>
                <link>https://putrid-pie.deviantart.com/art/Solarverse-Rubilette-Rosso-SnailsSeed-783029103</link>
                <guid isPermaLink="true">https://putrid-pie.deviantart.com/art/Solarverse-Rubilette-Rosso-SnailsSeed-783029103</guid>
                <pubDate>Sun, 27 Jan 2019 13:23:31 PST</pubDate>
                        <media:title type="plain">(Solarverse) Rubilette Rosso: SnailsSeed</media:title>
        <media:keywords></media:keywords>
                        <media:rating>nonadult</media:rating>
                <media:category label="Other">cartoons/digital/cartoons/other</media:category>
        <media:credit role="author" scheme="urn:ebu">putrid-pie</media:credit>
        <media:credit role="author" scheme="urn:ebu">https://a.deviantart.net/avatars/p/u/putrid-pie.png?2</media:credit>
        <media:copyright url="https://putrid-pie.deviantart.com">Copyright 2019 putrid-pie</media:copyright>            <media:description type="html">&lt;span&gt;Daughter of Babs Seed and Snails&lt;/span&gt;&lt;br /&gt;&lt;br /&gt;&lt;span&gt;---------------------------------------------------------------------------------------------&lt;/span&gt;&lt;br /&gt;&lt;br /&gt;&lt;b&gt;Name:&lt;/b&gt;&lt;span&gt;&amp;nbsp;Rubilette Rosso&lt;/span&gt;&lt;br /&gt;&lt;b&gt;Nickname(s):&lt;/b&gt;&lt;span&gt;&amp;nbsp;Ruby&lt;/span&gt;&lt;br /&gt;&lt;b&gt;Age:&amp;nbsp;&lt;/b&gt;&lt;span&gt;17&lt;/span&gt;&lt;br /&gt;&lt;b&gt;Gender:&lt;/b&gt;&lt;span&gt;&amp;nbsp;Mare&lt;/span&gt;&lt;br /&gt;&lt;b&gt;Sexual Orientation:&lt;/b&gt;&lt;span&gt;&amp;nbsp;Heterosexual&lt;/span&gt;&lt;br /&gt;&lt;br /&gt;&lt;b&gt;Special Talent:&lt;/b&gt;&lt;span&gt;&amp;nbsp;Being the best at all she does&lt;/span&gt;&lt;br /&gt;&lt;b&gt;Occupation:&lt;/b&gt;&lt;span&gt;&amp;nbsp;Aspiring model&lt;/span&gt;&lt;br /&gt;&lt;b&gt;Location:&lt;/b&gt;&lt;span&gt;&amp;nbsp;Manehatten&amp;nbsp;&lt;/span&gt;&lt;br /&gt;&lt;br /&gt;&lt;b&gt;Likes:&lt;/b&gt;&lt;span&gt;&amp;nbsp;Singing, dancing, fashion, math, foals, shopping&lt;/span&gt;&lt;br /&gt;&lt;b&gt;Dislikes:&lt;/b&gt;&lt;span&gt;&amp;nbsp;Failing, bugs, mud, frizz, coffee, cold weather&lt;/span&gt;&lt;br /&gt;&lt;b&gt;Positive Characteristics:&lt;/b&gt;&lt;span&gt;&amp;nbsp;Outgoing, charming, talented, generous&lt;/span&gt;&lt;br /&gt;&lt;b&gt;Negative Characteristics:&lt;/b&gt;&lt;span&gt;&amp;nbsp;Can be rude, vain, stubborn&lt;/span&gt;&lt;br /&gt;&lt;br /&gt;&lt;b&gt;Future Spouse/Partner:&lt;/b&gt;&lt;span&gt;&amp;nbsp;None&lt;/span&gt;&lt;br /&gt;&lt;b&gt;Future Child(ren):&lt;/b&gt;&lt;span&gt;&amp;nbsp;None&lt;/span&gt;&lt;br /&gt;&lt;br /&gt;&lt;span&gt;---------------------------------------------------------------------------------------------&lt;/span&gt;&lt;br /&gt;&lt;br /&gt;&lt;span&gt;Adopted this pretty lady from&amp;nbsp;&lt;/span&gt;&lt;span class=&quot;username-with-symbol u&quot;&gt;&lt;a class=&quot;u premium username&quot; href=&quot;https://www.deviantart.com/strawberry-spritz&quot;&gt;Strawberry-Spritz&lt;/a&gt;&lt;span class=&quot;user-symbol premium&quot; data-quicktip-text=&quot;Core Member&quot; data-show-tooltip=&quot;1&quot; data-gruser-type=&quot;premium&quot;&gt;&lt;/span&gt;&lt;/span&gt;&lt;span&gt;&amp;nbsp;&lt;/span&gt;&lt;br /&gt;&lt;span&gt;Base by&amp;nbsp;&lt;/span&gt;&lt;span class=&quot;username-with-symbol u&quot;&gt;&lt;a class=&quot;u regular username&quot; href=&quot;https://www.deviantart.com/selenaede&quot;&gt;SelenaEde&lt;/a&gt;&lt;span class=&quot;user-symbol regular&quot; data-quicktip-text=&quot;&quot; data-show-tooltip=&quot;&quot; data-gruser-type=&quot;regular&quot;&gt;&lt;/span&gt;&lt;/span&gt;&lt;span&gt;&amp;nbsp;&amp;nbsp;&lt;/span&gt;</media:description>            <media:thumbnail url="https://t00.deviantart.net/oShRS5QI_2ecqABdr1wV-JPHp3U=/fit-in/150x150/filters:no_upscale():origin()/pre00/c994/th/pre/f/2019/027/4/e/_solarverse__rubilette_rosso__snailsseed_by_putrid_pie-dcy714f.jpg" height="150" width="106"/>            <media:thumbnail url="https://t00.deviantart.net/zg9VyihjNUeYH3pW6ggvW9Z9Pzk=/fit-in/300x900/filters:no_upscale():origin()/pre00/c994/th/pre/f/2019/027/4/e/_solarverse__rubilette_rosso__snailsseed_by_putrid_pie-dcy714f.jpg" height="424" width="300"/>            <media:thumbnail url="https://t00.deviantart.net/WEusbURDCea204vlTRAkwFs4U_U=/300x200/filters:fixed_height(100,100):origin()/pre00/c994/th/pre/f/2019/027/4/e/_solarverse__rubilette_rosso__snailsseed_by_putrid_pie-dcy714f.jpg" height="200" width="141"/>            <media:content url="https://orig00.deviantart.net/45b1/f/2019/027/4/e/_solarverse__rubilette_rosso__snailsseed_by_putrid_pie-dcy714f.jpg" height="451" width="319" medium="image"/>            
            <description>&lt;span&gt;Daughter of Babs Seed and Snails&lt;/span&gt;&lt;br /&gt;&lt;br /&gt;&lt;span&gt;---------------------------------------------------------------------------------------------&lt;/span&gt;&lt;br /&gt;&lt;br /&gt;&lt;b&gt;Name:&lt;/b&gt;&lt;span&gt;&amp;nbsp;Rubilette Rosso&lt;/span&gt;&lt;br /&gt;&lt;b&gt;Nickname(s):&lt;/b&gt;&lt;span&gt;&amp;nbsp;Ruby&lt;/span&gt;&lt;br /&gt;&lt;b&gt;Age:&amp;nbsp;&lt;/b&gt;&lt;span&gt;17&lt;/span&gt;&lt;br /&gt;&lt;b&gt;Gender:&lt;/b&gt;&lt;span&gt;&amp;nbsp;Mare&lt;/span&gt;&lt;br /&gt;&lt;b&gt;Sexual Orientation:&lt;/b&gt;&lt;span&gt;&amp;nbsp;Heterosexual&lt;/span&gt;&lt;br /&gt;&lt;br /&gt;&lt;b&gt;Special Talent:&lt;/b&gt;&lt;span&gt;&amp;nbsp;Being the best at all she does&lt;/span&gt;&lt;br /&gt;&lt;b&gt;Occupation:&lt;/b&gt;&lt;span&gt;&amp;nbsp;Aspiring model&lt;/span&gt;&lt;br /&gt;&lt;b&gt;Location:&lt;/b&gt;&lt;span&gt;&amp;nbsp;Manehatten&amp;nbsp;&lt;/span&gt;&lt;br /&gt;&lt;br /&gt;&lt;b&gt;Likes:&lt;/b&gt;&lt;span&gt;&amp;nbsp;Singing, dancing, fashion, math, foals, shopping&lt;/span&gt;&lt;br /&gt;&lt;b&gt;Dislikes:&lt;/b&gt;&lt;span&gt;&amp;nbsp;Failing, bugs, mud, frizz, coffee, cold weather&lt;/span&gt;&lt;br /&gt;&lt;b&gt;Positive Characteristics:&lt;/b&gt;&lt;span&gt;&amp;nbsp;Outgoing, charming, talented, generous&lt;/span&gt;&lt;br /&gt;&lt;b&gt;Negative Characteristics:&lt;/b&gt;&lt;span&gt;&amp;nbsp;Can be rude, vain, stubborn&lt;/span&gt;&lt;br /&gt;&lt;br /&gt;&lt;b&gt;Future Spouse/Partner:&lt;/b&gt;&lt;span&gt;&amp;nbsp;None&lt;/span&gt;&lt;br /&gt;&lt;b&gt;Future Child(ren):&lt;/b&gt;&lt;span&gt;&amp;nbsp;None&lt;/span&gt;&lt;br /&gt;&lt;br /&gt;&lt;span&gt;---------------------------------------------------------------------------------------------&lt;/span&gt;&lt;br /&gt;&lt;br /&gt;&lt;span&gt;Adopted this pretty lady from&amp;nbsp;&lt;/span&gt;&lt;span class=&quot;username-with-symbol u&quot;&gt;&lt;a class=&quot;u premium username&quot; href=&quot;https://www.deviantart.com/strawberry-spritz&quot;&gt;Strawberry-Spritz&lt;/a&gt;&lt;span class=&quot;user-symbol premium&quot; data-quicktip-text=&quot;Core Member&quot; data-show-tooltip=&quot;1&quot; data-gruser-type=&quot;premium&quot;&gt;&lt;/span&gt;&lt;/span&gt;&lt;span&gt;&amp;nbsp;&lt;/span&gt;&lt;br /&gt;&lt;span&gt;Base by&amp;nbsp;&lt;/span&gt;&lt;span class=&quot;username-with-symbol u&quot;&gt;&lt;a class=&quot;u regular username&quot; href=&quot;https://www.deviantart.com/selenaede&quot;&gt;SelenaEde&lt;/a&gt;&lt;span class=&quot;user-symbol regular&quot; data-quicktip-text=&quot;&quot; data-show-tooltip=&quot;&quot; data-gruser-type=&quot;regular&quot;&gt;&lt;/span&gt;&lt;/span&gt;&lt;span&gt;&amp;nbsp;&amp;nbsp;&lt;/span&gt;&lt;br /&gt;&lt;div&gt;&lt;img src=&quot;https://t00.deviantart.net/WEusbURDCea204vlTRAkwFs4U_U=/300x200/filters:fixed_height(100,100):origin()/pre00/c994/th/pre/f/2019/027/4/e/_solarverse__rubilette_rosso__snailsseed_by_putrid_pie-dcy714f.jpg&quot; alt=&quot;thumbnail&quot; /&gt;&lt;/div&gt;</description>            </item>
                    <item>
                <title>I hate roxies design in this</title>
                <link>https://featherfrost8.deviantart.com/art/I-hate-roxies-design-in-this-783028755</link>
                <guid isPermaLink="true">https://featherfrost8.deviantart.com/art/I-hate-roxies-design-in-this-783028755</guid>
                <pubDate>Sun, 27 Jan 2019 13:23:31 PST</pubDate>
                        <media:title type="plain">I hate roxies design in this</media:title>
        <media:keywords></media:keywords>
                        <media:rating>nonadult</media:rating>
                <media:category label="Animals">traditional/drawings/animals</media:category>
        <media:credit role="author" scheme="urn:ebu">featherfrost8</media:credit>
        <media:credit role="author" scheme="urn:ebu">https://a.deviantart.net/avatars/f/e/featherfrost8.jpg?5</media:credit>
        <media:copyright url="https://featherfrost8.deviantart.com">Copyright 2019 featherfrost8</media:copyright>            <media:description type="html">&amp;nbsp;m still trying to find a new pattern for roxies fur but nothing works, i want her fur to be different from her spacesuit so im not sticking with this&lt;br /&gt;but i dide this for jokes sake</media:description>            <media:thumbnail url="https://t00.deviantart.net/635n8q923o5mbK2oybMdDitS08Q=/fit-in/150x150/filters:no_upscale():origin()/pre00/d0ed/th/pre/i/2019/027/1/6/i_hate_roxies_design_in_this_by_featherfrost8-dcy70ur.jpg" height="150" width="113"/>            <media:thumbnail url="https://t00.deviantart.net/LwPPfnNOMpXMCOfw367N-nlSz6Q=/fit-in/300x900/filters:no_upscale():origin()/pre00/d0ed/th/pre/i/2019/027/1/6/i_hate_roxies_design_in_this_by_featherfrost8-dcy70ur.jpg" height="400" width="300"/>            <media:thumbnail url="https://t00.deviantart.net/8RNLF0r4tHMIcgQhV9bQqx_4viw=/300x200/filters:fixed_height(100,100):origin()/pre00/d0ed/th/pre/i/2019/027/1/6/i_hate_roxies_design_in_this_by_featherfrost8-dcy70ur.jpg" height="200" width="150"/>            <media:content url="https://pre00.deviantart.net/d0ed/th/pre/i/2019/027/1/6/i_hate_roxies_design_in_this_by_featherfrost8-dcy70ur.jpg" height="1032" width="774" medium="image"/>            
            <description>&amp;nbsp;m still trying to find a new pattern for roxies fur but nothing works, i want her fur to be different from her spacesuit so im not sticking with this&lt;br /&gt;but i dide this for jokes sake&lt;br /&gt;&lt;div&gt;&lt;img src=&quot;https://t00.deviantart.net/8RNLF0r4tHMIcgQhV9bQqx_4viw=/300x200/filters:fixed_height(100,100):origin()/pre00/d0ed/th/pre/i/2019/027/1/6/i_hate_roxies_design_in_this_by_featherfrost8-dcy70ur.jpg&quot; alt=&quot;thumbnail&quot; /&gt;&lt;/div&gt;</description>            </item>
                    <item>
                <title>Tanuki</title>
                <link>https://yaminizouren-photos.deviantart.com/art/Tanuki-783027679</link>
                <guid isPermaLink="true">https://yaminizouren-photos.deviantart.com/art/Tanuki-783027679</guid>
                <pubDate>Sun, 27 Jan 2019 13:23:30 PST</pubDate>
                        <media:title type="plain">Tanuki</media:title>
        <media:keywords></media:keywords>
                        <media:rating>nonadult</media:rating>
                <media:category label="Statues &amp; Monuments">photography/architecture/statues</media:category>
        <media:credit role="author" scheme="urn:ebu">YaminiZouren-Photos</media:credit>
        <media:credit role="author" scheme="urn:ebu">https://a.deviantart.net/avatars/y/a/yaminizouren-photos.jpg?3</media:credit>
        <media:copyright url="https://yaminizouren-photos.deviantart.com">Copyright 2019 YaminiZouren-Photos</media:copyright>            <media:description type="html">Spring 2018 in Japan!&amp;nbsp;&lt;br /&gt;First holiday there.&lt;br /&gt;&lt;br /&gt;Location: Mount yoshino&lt;br /&gt;&lt;br /&gt;All the other pictures from japan:&amp;nbsp;&lt;a href=&quot;https://www.deviantart.com/yaminizouren-photos/gallery/67630524/Japan&quot;&gt;Link&lt;/a&gt;&lt;br /&gt;and naturepictures from japan:&amp;nbsp;&lt;a href=&quot;https://www.deviantart.com/yaminizouren-photos/gallery/55093150/Nature&quot;&gt;Link&lt;/a&gt;&lt;br /&gt;&lt;br /&gt;Visit my Blog about Japan:&amp;nbsp;&lt;a class=&quot;external&quot; href=&quot;https://www.deviantart.com/users/outgoing?https://nasch-und-bentoblog.blogspot.com/&quot;&gt;Link&lt;/a&gt;</media:description>            <media:thumbnail url="https://t00.deviantart.net/1aW3Cn8ps00k6zWStV8ff77tBLg=/fit-in/150x150/filters:no_upscale():origin()/pre00/548c/th/pre/i/2019/027/4/2/tanuki_by_yaminizouren_photos-dcy700v.jpg" height="150" width="84"/>            <media:thumbnail url="https://t00.deviantart.net/SP-xYYRDW8VrQfh4bDCJOWfRvh8=/fit-in/300x900/filters:no_upscale():origin()/pre00/548c/th/pre/i/2019/027/4/2/tanuki_by_yaminizouren_photos-dcy700v.jpg" height="534" width="300"/>            <media:thumbnail url="https://t00.deviantart.net/rfVCx1wUgw9ChkoJDkFnEyyciJA=/300x200/filters:fixed_height(100,100):origin()/pre00/548c/th/pre/i/2019/027/4/2/tanuki_by_yaminizouren_photos-dcy700v.jpg" height="200" width="112"/>            <media:content url="https://pre00.deviantart.net/548c/th/pre/i/2019/027/4/2/tanuki_by_yaminizouren_photos-dcy700v.jpg" height="1192" width="670" medium="image"/>            
            <description>Spring 2018 in Japan!&amp;nbsp;&lt;br /&gt;First holiday there.&lt;br /&gt;&lt;br /&gt;Location: Mount yoshino&lt;br /&gt;&lt;br /&gt;All the other pictures from japan:&amp;nbsp;&lt;a href=&quot;https://www.deviantart.com/yaminizouren-photos/gallery/67630524/Japan&quot;&gt;Link&lt;/a&gt;&lt;br /&gt;and naturepictures from japan:&amp;nbsp;&lt;a href=&quot;https://www.deviantart.com/yaminizouren-photos/gallery/55093150/Nature&quot;&gt;Link&lt;/a&gt;&lt;br /&gt;&lt;br /&gt;Visit my Blog about Japan:&amp;nbsp;&lt;a class=&quot;external&quot; href=&quot;https://www.deviantart.com/users/outgoing?https://nasch-und-bentoblog.blogspot.com/&quot;&gt;Link&lt;/a&gt;&lt;br /&gt;&lt;div&gt;&lt;img src=&quot;https://t00.deviantart.net/rfVCx1wUgw9ChkoJDkFnEyyciJA=/300x200/filters:fixed_height(100,100):origin()/pre00/548c/th/pre/i/2019/027/4/2/tanuki_by_yaminizouren_photos-dcy700v.jpg&quot; alt=&quot;thumbnail&quot; /&gt;&lt;/div&gt;</description>            </item>
                    <item>
                <title>El Boludo De Dixon (natygabib)</title>
                <link>https://sunsettlovers.deviantart.com/art/El-Boludo-De-Dixon-natygabib-783029044</link>
                <guid isPermaLink="true">https://sunsettlovers.deviantart.com/art/El-Boludo-De-Dixon-natygabib-783029044</guid>
                <pubDate>Sun, 27 Jan 2019 13:23:30 PST</pubDate>
                        <media:title type="plain">El Boludo De Dixon (natygabib)</media:title>
        <media:keywords></media:keywords>
                        <media:rating>nonadult</media:rating>
                <media:category label="Other">digitalart/photomanip/other</media:category>
        <media:credit role="author" scheme="urn:ebu">sunsettlovers</media:credit>
        <media:credit role="author" scheme="urn:ebu">https://a.deviantart.net/avatars/s/u/sunsettlovers.jpg?2</media:credit>
        <media:copyright url="https://sunsettlovers.deviantart.com">Copyright 2019 sunsettlovers</media:copyright>             <creativeCommons:license>http://creativecommons.org/licenses/by-nc-nd/3.0/</creativeCommons:license>
                <media:description type="html"></media:description>            <media:thumbnail url="https://t00.deviantart.net/8UohNrLLfavI1S-Alq27Q-m4X00=/fit-in/150x150/filters:no_upscale():origin()/pre00/2f2a/th/pre/f/2019/027/9/9/el_boludo_de_dixon__natygabib__by_sunsettlovers-dcy712s.png" height="150" width="96"/>            <media:thumbnail url="https://t00.deviantart.net/51i97czvaeJTgUZH_7pFm1zM9T8=/fit-in/300x900/filters:no_upscale():origin()/pre00/2f2a/th/pre/f/2019/027/9/9/el_boludo_de_dixon__natygabib__by_sunsettlovers-dcy712s.png" height="469" width="300"/>            <media:thumbnail url="https://t00.deviantart.net/1IVdkmtNGcfuP9Hb0cAcvmEtx80=/300x200/filters:fixed_height(100,100):origin()/pre00/2f2a/th/pre/f/2019/027/9/9/el_boludo_de_dixon__natygabib__by_sunsettlovers-dcy712s.png" height="200" width="128"/>            <media:content url="https://pre00.deviantart.net/2f2a/th/pre/f/2019/027/9/9/el_boludo_de_dixon__natygabib__by_sunsettlovers-dcy712s.png" height="1118" width="715" medium="image"/>            
            <description>&lt;br /&gt;&lt;div&gt;&lt;img src=&quot;https://t00.deviantart.net/1IVdkmtNGcfuP9Hb0cAcvmEtx80=/300x200/filters:fixed_height(100,100):origin()/pre00/2f2a/th/pre/f/2019/027/9/9/el_boludo_de_dixon__natygabib__by_sunsettlovers-dcy712s.png&quot; alt=&quot;thumbnail&quot; /&gt;&lt;/div&gt;</description>            </item>
                    <item>
                <title>68</title>
                <link>https://angipan.deviantart.com/art/68-783029185</link>
                <guid isPermaLink="true">https://angipan.deviantart.com/art/68-783029185</guid>
                <pubDate>Sun, 27 Jan 2019 13:23:29 PST</pubDate>
                        <media:title type="plain">68</media:title>
        <media:keywords></media:keywords>
                        <media:rating>nonadult</media:rating>
                <media:category label="Animals">anthro/digital/drawings/animals</media:category>
        <media:credit role="author" scheme="urn:ebu">AngiPan</media:credit>
        <media:credit role="author" scheme="urn:ebu">https://a.deviantart.net/avatars/a/n/angipan.png?6</media:credit>
        <media:copyright url="https://angipan.deviantart.com">Copyright 2019 AngiPan</media:copyright>            <media:description type="html">cringe</media:description>            <media:thumbnail url="https://t00.deviantart.net/hCjW-umr02fyph8bSZ9ntI2SFUs=/fit-in/150x150/filters:no_upscale():origin()/pre00/47b6/th/pre/i/2019/027/4/2/68_by_angipan-dcy716p.png" height="150" width="127"/>            <media:thumbnail url="https://t00.deviantart.net/XJdl5wvS9TuqFaR1taBUOA3qgMU=/fit-in/300x900/filters:no_upscale():origin()/pre00/47b6/th/pre/i/2019/027/4/2/68_by_angipan-dcy716p.png" height="356" width="300"/>            <media:thumbnail url="https://t00.deviantart.net/s-dClJefe2wywIUuBAno8e9H58E=/300x200/filters:fixed_height(100,100):origin()/pre00/47b6/th/pre/i/2019/027/4/2/68_by_angipan-dcy716p.png" height="200" width="169"/>            <media:content url="https://pre00.deviantart.net/47b6/th/pre/i/2019/027/4/2/68_by_angipan-dcy716p.png" height="973" width="821" medium="image"/>            
            <description>cringe&lt;br /&gt;&lt;div&gt;&lt;img src=&quot;https://t00.deviantart.net/s-dClJefe2wywIUuBAno8e9H58E=/300x200/filters:fixed_height(100,100):origin()/pre00/47b6/th/pre/i/2019/027/4/2/68_by_angipan-dcy716p.png&quot; alt=&quot;thumbnail&quot; /&gt;&lt;/div&gt;</description>            </item>
                    <item>
                <title>Ellen Burke</title>
                <link>https://despa1r1ng.deviantart.com/art/Ellen-Burke-783029077</link>
                <guid isPermaLink="true">https://despa1r1ng.deviantart.com/art/Ellen-Burke-783029077</guid>
                <pubDate>Sun, 27 Jan 2019 13:23:28 PST</pubDate>
                        <media:title type="plain">Ellen Burke</media:title>
        <media:keywords></media:keywords>
                        <media:rating>nonadult</media:rating>
                <media:category label="Drawings">manga/digital/drawings</media:category>
        <media:credit role="author" scheme="urn:ebu">despa1r1ng</media:credit>
        <media:credit role="author" scheme="urn:ebu">https://a.deviantart.net/avatars/d/e/despa1r1ng.png?2</media:credit>
        <media:copyright url="https://despa1r1ng.deviantart.com">Copyright 2019 despa1r1ng</media:copyright>            <media:description type="html">My danganronpa OC, Ellen Burke! She&#039;s the Ultimate Guitarist/Ukulele Player! (Please give constructive criticism!)</media:description>            <media:thumbnail url="https://t00.deviantart.net/Sewo2qulCQV1ycA_polAsd_-KCU=/fit-in/150x150/filters:no_upscale():origin()/pre00/fa8d/th/pre/f/2019/027/4/2/42d10c3af5c00718d3bd36f7e28f879c-dcy713p.png" height="80" width="150"/>            <media:thumbnail url="https://t00.deviantart.net/WmFPT0HgejrcBM_3N9qtQAAziLw=/fit-in/300x900/filters:no_upscale():origin()/pre00/fa8d/th/pre/f/2019/027/4/2/42d10c3af5c00718d3bd36f7e28f879c-dcy713p.png" height="159" width="300"/>            <media:thumbnail url="https://t00.deviantart.net/JJIryBnJKScyeJRFvJIQQh-MIs0=/300x200/filters:fixed_height(100,100):origin()/pre00/fa8d/th/pre/f/2019/027/4/2/42d10c3af5c00718d3bd36f7e28f879c-dcy713p.png" height="159" width="300"/>            <media:content url="https://orig00.deviantart.net/c68b/f/2019/027/4/2/42d10c3af5c00718d3bd36f7e28f879c-dcy713p.png" height="425" width="800" medium="image"/>            
            <description>My danganronpa OC, Ellen Burke! She&#039;s the Ultimate Guitarist/Ukulele Player! (Please give constructive criticism!)&lt;br /&gt;&lt;div&gt;&lt;img src=&quot;https://t00.deviantart.net/JJIryBnJKScyeJRFvJIQQh-MIs0=/300x200/filters:fixed_height(100,100):origin()/pre00/fa8d/th/pre/f/2019/027/4/2/42d10c3af5c00718d3bd36f7e28f879c-dcy713p.png&quot; alt=&quot;thumbnail&quot; /&gt;&lt;/div&gt;</description>            </item>
                    <item>
                <title>Dog tf the street 2</title>
                <link>https://thatbuzzkill.deviantart.com/art/Dog-tf-the-street-2-783029108</link>
                <guid isPermaLink="true">https://thatbuzzkill.deviantart.com/art/Dog-tf-the-street-2-783029108</guid>
                <pubDate>Sun, 27 Jan 2019 13:23:28 PST</pubDate>
                        <media:title type="plain">Dog tf the street 2</media:title>
        <media:keywords></media:keywords>
                        <media:rating>nonadult</media:rating>
                <media:category label="Other">anthro/digital/other</media:category>
        <media:credit role="author" scheme="urn:ebu">Thatbuzzkill</media:credit>
        <media:credit role="author" scheme="urn:ebu">https://a.deviantart.net/avatars/t/h/thatbuzzkill.jpg?2</media:credit>
        <media:copyright url="https://thatbuzzkill.deviantart.com">Copyright 2019 Thatbuzzkill</media:copyright>            <media:description type="html"></media:description>            <media:thumbnail url="https://t00.deviantart.net/PXyU7SQ5cEbkkrw1mCrJa8aHUms=/fit-in/150x150/filters:no_upscale():origin()/pre00/882d/th/pre/i/2019/027/5/c/dog_tf_the_street_2_by_thatbuzzkill-dcy714k.png" height="84" width="150"/>            <media:thumbnail url="https://t00.deviantart.net/xM1GwDXM9A4W4-hItQGJtlXFekA=/fit-in/300x900/filters:no_upscale():origin()/pre00/882d/th/pre/i/2019/027/5/c/dog_tf_the_street_2_by_thatbuzzkill-dcy714k.png" height="169" width="300"/>            <media:thumbnail url="https://t00.deviantart.net/uQYv4P6gs7Raa5Vwgy7tyAmy6BY=/300x200/filters:fixed_height(100,100):origin()/pre00/882d/th/pre/i/2019/027/5/c/dog_tf_the_street_2_by_thatbuzzkill-dcy714k.png" height="169" width="300"/>            <media:content url="https://pre00.deviantart.net/882d/th/pre/i/2019/027/5/c/dog_tf_the_street_2_by_thatbuzzkill-dcy714k.png" height="670" width="1192" medium="image"/>            
            <description>&lt;br /&gt;&lt;div&gt;&lt;img src=&quot;https://t00.deviantart.net/uQYv4P6gs7Raa5Vwgy7tyAmy6BY=/300x200/filters:fixed_height(100,100):origin()/pre00/882d/th/pre/i/2019/027/5/c/dog_tf_the_street_2_by_thatbuzzkill-dcy714k.png&quot; alt=&quot;thumbnail&quot; /&gt;&lt;/div&gt;</description>            </item>
                    <item>
                <title>To Nom or Not to Nom</title>
                <link>https://scifinut2.deviantart.com/art/To-Nom-or-Not-to-Nom-783029114</link>
                <guid isPermaLink="true">https://scifinut2.deviantart.com/art/To-Nom-or-Not-to-Nom-783029114</guid>
                <pubDate>Sun, 27 Jan 2019 13:23:28 PST</pubDate>
                        <media:title type="plain">To Nom or Not to Nom</media:title>
        <media:keywords></media:keywords>
                        <media:rating>nonadult</media:rating>
                <media:category label="Memes">darelated/deviousfun/memes</media:category>
        <media:credit role="author" scheme="urn:ebu">SciFiNut2</media:credit>
        <media:credit role="author" scheme="urn:ebu">https://a.deviantart.net/avatars/s/c/scifinut2.jpg?3</media:credit>
        <media:copyright url="https://scifinut2.deviantart.com">Copyright 2019 SciFiNut2</media:copyright>            <media:description type="html"></media:description>            <media:thumbnail url="https://t00.deviantart.net/EMAgY-6gYsQhx8tldWDysCrLnhY=/fit-in/150x150/filters:no_upscale():origin()/pre00/7b33/th/pre/f/2019/027/d/a/to_nom_or_not_to_nom_by_scifinut2-dcy714q.png" height="150" width="113"/>            <media:thumbnail url="https://t00.deviantart.net/lRpf8WqXs_AulesvI_LrgEq6sbc=/fit-in/300x900/filters:no_upscale():origin()/pre00/7b33/th/pre/f/2019/027/d/a/to_nom_or_not_to_nom_by_scifinut2-dcy714q.png" height="400" width="300"/>            <media:thumbnail url="https://t00.deviantart.net/HoHxvBn_dWRVDiuPP9-hf8l55cU=/300x200/filters:fixed_height(100,100):origin()/pre00/7b33/th/pre/f/2019/027/d/a/to_nom_or_not_to_nom_by_scifinut2-dcy714q.png" height="200" width="150"/>            <media:content url="https://orig00.deviantart.net/7053/f/2019/027/d/a/to_nom_or_not_to_nom_by_scifinut2-dcy714q.png" height="752" width="564" medium="image"/>            
            <description>&lt;br /&gt;&lt;div&gt;&lt;img src=&quot;https://t00.deviantart.net/HoHxvBn_dWRVDiuPP9-hf8l55cU=/300x200/filters:fixed_height(100,100):origin()/pre00/7b33/th/pre/f/2019/027/d/a/to_nom_or_not_to_nom_by_scifinut2-dcy714q.png&quot; alt=&quot;thumbnail&quot; /&gt;&lt;/div&gt;</description>            </item>
                    <item>
                <title>TTT2 Christie Flight Attendant</title>
                <link>https://zapzzable100.deviantart.com/art/TTT2-Christie-Flight-Attendant-783029004</link>
                <guid isPermaLink="true">https://zapzzable100.deviantart.com/art/TTT2-Christie-Flight-Attendant-783029004</guid>
                <pubDate>Sun, 27 Jan 2019 13:23:28 PST</pubDate>
                        <media:title type="plain">TTT2 Christie Flight Attendant</media:title>
        <media:keywords></media:keywords>
                        <media:rating>nonadult</media:rating>
                <media:category label="Games">fanart/digital/3dfanart/games</media:category>
        <media:credit role="author" scheme="urn:ebu">Zapzzable100</media:credit>
        <media:credit role="author" scheme="urn:ebu">https://a.deviantart.net/avatars/z/a/zapzzable100.jpg?8</media:credit>
        <media:copyright url="https://zapzzable100.deviantart.com">Copyright 2019 Zapzzable100</media:copyright>            <media:description type="html">&lt;a class=&quot;external&quot; href=&quot;https://www.deviantart.com/users/outgoing?http://www.mediafire.com/folder/tlnb1v61o5lmd/TTT2_Christie_Flight_Attendant&quot;&gt;www.mediafire.com/folder/tlnb1&amp;hellip;&lt;/a&gt;</media:description>            <media:thumbnail url="https://t00.deviantart.net/NMvNVucSrjpePHqOsHnOsoM7vBM=/fit-in/150x150/filters:no_upscale():origin()/pre00/eb6e/th/pre/i/2019/027/d/4/ttt2_christie_flight_attendant_by_zapzzable100-dcy711o.png" height="113" width="150"/>            <media:thumbnail url="https://t00.deviantart.net/WBemBC0Auxq6jztEH2niZyJEHK0=/fit-in/300x900/filters:no_upscale():origin()/pre00/eb6e/th/pre/i/2019/027/d/4/ttt2_christie_flight_attendant_by_zapzzable100-dcy711o.png" height="225" width="300"/>            <media:thumbnail url="https://t00.deviantart.net/M5eOghXZ6dXYHN6uZwcYkK390mg=/300x200/filters:fixed_height(100,100):origin()/pre00/eb6e/th/pre/i/2019/027/d/4/ttt2_christie_flight_attendant_by_zapzzable100-dcy711o.png" height="200" width="266"/>            <media:content url="https://img00.deviantart.net/e5eb/i/2019/027/d/4/ttt2_christie_flight_attendant_by_zapzzable100-dcy711o.png" height="769" width="1024" medium="image"/>            
            <description>&lt;a class=&quot;external&quot; href=&quot;https://www.deviantart.com/users/outgoing?http://www.mediafire.com/folder/tlnb1v61o5lmd/TTT2_Christie_Flight_Attendant&quot;&gt;www.mediafire.com/folder/tlnb1&amp;hellip;&lt;/a&gt;&lt;br /&gt;&lt;div&gt;&lt;img src=&quot;https://t00.deviantart.net/M5eOghXZ6dXYHN6uZwcYkK390mg=/300x200/filters:fixed_height(100,100):origin()/pre00/eb6e/th/pre/i/2019/027/d/4/ttt2_christie_flight_attendant_by_zapzzable100-dcy711o.png&quot; alt=&quot;thumbnail&quot; /&gt;&lt;/div&gt;</description>            </item>
                    <item>
                <title>Zilla Finale Design </title>
                <link>https://maniac1218.deviantart.com/art/Zilla-Finale-Design-783029233</link>
                <guid isPermaLink="true">https://maniac1218.deviantart.com/art/Zilla-Finale-Design-783029233</guid>
                <pubDate>Sun, 27 Jan 2019 13:23:27 PST</pubDate>
                        <media:title type="plain">Zilla Finale Design </media:title>
        <media:keywords></media:keywords>
                        <media:rating>nonadult</media:rating>
                <media:category label="Sci-Fi">traditional/drawings/scifi</media:category>
        <media:credit role="author" scheme="urn:ebu">Maniac1218</media:credit>
        <media:credit role="author" scheme="urn:ebu">https://a.deviantart.net/avatars/m/a/maniac1218.jpg?3</media:credit>
        <media:copyright url="https://maniac1218.deviantart.com">Copyright 2019 Maniac1218</media:copyright>            <media:description type="html"></media:description>            <media:thumbnail url="https://t00.deviantart.net/lRaail9yideLKTxKAVPfJCDF5Fs=/fit-in/150x150/filters:no_upscale():origin()/pre00/ea37/th/pre/i/2019/027/3/c/zilla_finale_design__by_maniac1218-dcy7181.jpg" height="113" width="150"/>            <media:thumbnail url="https://t00.deviantart.net/eVvZ2Mn-MMJwIT-9s6-BVxfD0yw=/fit-in/300x900/filters:no_upscale():origin()/pre00/ea37/th/pre/i/2019/027/3/c/zilla_finale_design__by_maniac1218-dcy7181.jpg" height="225" width="300"/>            <media:thumbnail url="https://t00.deviantart.net/UzRtkp8Ly3efBHi6YQtuBzLQYlQ=/300x200/filters:fixed_height(100,100):origin()/pre00/ea37/th/pre/i/2019/027/3/c/zilla_finale_design__by_maniac1218-dcy7181.jpg" height="200" width="267"/>            <media:content url="https://pre00.deviantart.net/ea37/th/pre/i/2019/027/3/c/zilla_finale_design__by_maniac1218-dcy7181.jpg" height="774" width="1032" medium="image"/>            
            <description>&lt;br /&gt;&lt;div&gt;&lt;img src=&quot;https://t00.deviantart.net/UzRtkp8Ly3efBHi6YQtuBzLQYlQ=/300x200/filters:fixed_height(100,100):origin()/pre00/ea37/th/pre/i/2019/027/3/c/zilla_finale_design__by_maniac1218-dcy7181.jpg&quot; alt=&quot;thumbnail&quot; /&gt;&lt;/div&gt;</description>            </item>
                    <item>
                <title>Character clear out come adopt a new fuzz buttt</title>
                <link>https://guardd0g.deviantart.com/art/Character-clear-out-come-adopt-a-new-fuzz-buttt-783027945</link>
                <guid isPermaLink="true">https://guardd0g.deviantart.com/art/Character-clear-out-come-adopt-a-new-fuzz-buttt-783027945</guid>
                <pubDate>Sun, 27 Jan 2019 13:23:26 PST</pubDate>
                        <media:title type="plain">Character clear out come adopt a new fuzz buttt</media:title>
        <media:keywords></media:keywords>
                        <media:rating>nonadult</media:rating>
                <media:category label="Adoptables">darelated/deviousfun/adoptables</media:category>
        <media:credit role="author" scheme="urn:ebu">Guardd0g</media:credit>
        <media:credit role="author" scheme="urn:ebu">https://a.deviantart.net/avatars/g/u/guardd0g.png?15</media:credit>
        <media:copyright url="https://guardd0g.deviantart.com">Copyright 2019 Guardd0g</media:copyright>            <media:description type="html">&lt;a href=&quot;https://sta.sh/&quot;&gt;sta.sh/&lt;/a&gt;&lt;br /&gt;&lt;a href=&quot;https://sta.sh/&quot;&gt;sta.sh/&lt;/a&gt;&lt;br /&gt;&lt;a href=&quot;https://sta.sh/&quot;&gt;sta.sh/&lt;/a&gt;&lt;br /&gt;&lt;br /&gt;&lt;span&gt;Me and my mate &lt;span class=&quot;username-with-symbol u&quot;&gt;&lt;a class=&quot;u regular username&quot; href=&quot;https://www.deviantart.com/sancticboom&quot;&gt;sancticboom&lt;/a&gt;&lt;span class=&quot;user-symbol regular&quot; data-quicktip-text=&quot;&quot; data-show-tooltip=&quot;&quot; data-gruser-type=&quot;regular&quot;&gt;&lt;/span&gt;&lt;/span&gt;&amp;nbsp;&lt;/span&gt;&lt;span&gt;have put up adopts in my stash(easy way to keep track of sense i dont have Toyhouse) any how we have put them up for sale we have so much more to upload but at the moment my lupus is making me ill and i can barely handle my own health and manage our two year old when Sanct is busy ive cross posted on fa too can be found here (&lt;a class=&quot;external&quot; href=&quot;https://www.deviantart.com/users/outgoing?https://www.furaffinity.net/view/30248148/&quot;&gt;www.furaffinity.net/view/30248&amp;hellip;&lt;/a&gt;) should you want the link so where clearing them out to have funds for bills food etc things we need and these babes need new homes instead of just collecting&amp;nbsp;dust once i have the money from the adopt youd like to adopt i will delete them from stash and then note you or let you download them direct sense im not feeling well Sanct might take over ever now and then i have loads more to upload but not feeling up to it at the moment but theres many price ranges so have a look for yourself! thank you hope you have a lovely day n.n&lt;/span&gt;</media:description>            <media:thumbnail url="https://t00.deviantart.net/ctS3MwwvL5PTsLZy7ZsDkEl7CL8=/fit-in/150x150/filters:no_upscale():origin()/pre00/b492/th/pre/i/2019/027/2/8/character_clear_out_come_adopt_a_new_fuzz_buttt_by_guardd0g-dcy7089.png" height="90" width="150"/>            <media:thumbnail url="https://t00.deviantart.net/zzabOq8-j1YawuIO2o6G7Dcarcs=/fit-in/300x900/filters:no_upscale():origin()/pre00/b492/th/pre/i/2019/027/2/8/character_clear_out_come_adopt_a_new_fuzz_buttt_by_guardd0g-dcy7089.png" height="180" width="300"/>            <media:thumbnail url="https://t00.deviantart.net/6riwazGJaLL8KcM80M2nwkjTTQ0=/300x200/filters:fixed_height(100,100):origin()/pre00/b492/th/pre/i/2019/027/2/8/character_clear_out_come_adopt_a_new_fuzz_buttt_by_guardd0g-dcy7089.png" height="180" width="300"/>            <media:content url="https://img00.deviantart.net/aaba/i/2019/027/2/8/character_clear_out_come_adopt_a_new_fuzz_buttt_by_guardd0g-dcy7089.png" height="541" width="900" medium="image"/>            
            <description>&lt;a href=&quot;https://sta.sh/&quot;&gt;sta.sh/&lt;/a&gt;&lt;br /&gt;&lt;a href=&quot;https://sta.sh/&quot;&gt;sta.sh/&lt;/a&gt;&lt;br /&gt;&lt;a href=&quot;https://sta.sh/&quot;&gt;sta.sh/&lt;/a&gt;&lt;br /&gt;&lt;br /&gt;&lt;span&gt;Me and my mate &lt;span class=&quot;username-with-symbol u&quot;&gt;&lt;a class=&quot;u regular username&quot; href=&quot;https://www.deviantart.com/sancticboom&quot;&gt;sancticboom&lt;/a&gt;&lt;span class=&quot;user-symbol regular&quot; data-quicktip-text=&quot;&quot; data-show-tooltip=&quot;&quot; data-gruser-type=&quot;regular&quot;&gt;&lt;/span&gt;&lt;/span&gt;&amp;nbsp;&lt;/span&gt;&lt;span&gt;have put up adopts in my stash(easy way to keep track of sense i dont have Toyhouse) any how we have put them up for sale we have so much more to upload but at the moment my lupus is making me ill and i can barely handle my own health and manage our two year old when Sanct is busy ive cross posted on fa too can be found here (&lt;a class=&quot;external&quot; href=&quot;https://www.deviantart.com/users/outgoing?https://www.furaffinity.net/view/30248148/&quot;&gt;www.furaffinity.net/view/30248&amp;hellip;&lt;/a&gt;) should you want the link so where clearing them out to have funds for bills food etc things we need and these babes need new homes instead of just collecting&amp;nbsp;dust once i have the money from the adopt youd like to adopt i will delete them from stash and then note you or let you download them direct sense im not feeling well Sanct might take over ever now and then i have loads more to upload but not feeling up to it at the moment but theres many price ranges so have a look for yourself! thank you hope you have a lovely day n.n&lt;/span&gt;&lt;br /&gt;&lt;div&gt;&lt;img src=&quot;https://t00.deviantart.net/6riwazGJaLL8KcM80M2nwkjTTQ0=/300x200/filters:fixed_height(100,100):origin()/pre00/b492/th/pre/i/2019/027/2/8/character_clear_out_come_adopt_a_new_fuzz_buttt_by_guardd0g-dcy7089.png&quot; alt=&quot;thumbnail&quot; /&gt;&lt;/div&gt;</description>            </item>
                    <item>
                <title>Aww no quieres que muera</title>
                <link>https://avetriz.deviantart.com/art/Aww-no-quieres-que-muera-783029138</link>
                <guid isPermaLink="true">https://avetriz.deviantart.com/art/Aww-no-quieres-que-muera-783029138</guid>
                <pubDate>Sun, 27 Jan 2019 13:23:25 PST</pubDate>
                        <media:title type="plain">Aww no quieres que muera</media:title>
        <media:keywords></media:keywords>
                        <media:rating>nonadult</media:rating>
                <media:category label="Strips">cartoons/digital/comics/strips</media:category>
        <media:credit role="author" scheme="urn:ebu">Avetriz</media:credit>
        <media:credit role="author" scheme="urn:ebu">https://a.deviantart.net/avatars/a/v/avetriz.png?10</media:credit>
        <media:copyright url="https://avetriz.deviantart.com">Copyright 2019 Avetriz</media:copyright>            <media:description type="html">Basado en hechos reales</media:description>            <media:thumbnail url="https://t00.deviantart.net/2wmg8x4R9O9kGho5elmiH8HFNns=/fit-in/150x150/filters:no_upscale():origin()/pre00/ca2b/th/pre/i/2019/027/e/5/aww_no_quieres_que_muera_by_avetriz-dcy715e.png" height="150" width="150"/>            <media:thumbnail url="https://t00.deviantart.net/wCrbVUrHcYIj3W1cd8ceviJ0UzQ=/fit-in/300x900/filters:no_upscale():origin()/pre00/ca2b/th/pre/i/2019/027/e/5/aww_no_quieres_que_muera_by_avetriz-dcy715e.png" height="299" width="300"/>            <media:thumbnail url="https://t00.deviantart.net/gabltUvQuw-OyrzKtbdm70IsBBw=/300x200/filters:fixed_height(100,100):origin()/pre00/ca2b/th/pre/i/2019/027/e/5/aww_no_quieres_que_muera_by_avetriz-dcy715e.png" height="200" width="201"/>            <media:content url="https://pre00.deviantart.net/ca2b/th/pre/i/2019/027/e/5/aww_no_quieres_que_muera_by_avetriz-dcy715e.png" height="893" width="895" medium="image"/>            
            <description>Basado en hechos reales&lt;br /&gt;&lt;div&gt;&lt;img src=&quot;https://t00.deviantart.net/gabltUvQuw-OyrzKtbdm70IsBBw=/300x200/filters:fixed_height(100,100):origin()/pre00/ca2b/th/pre/i/2019/027/e/5/aww_no_quieres_que_muera_by_avetriz-dcy715e.png&quot; alt=&quot;thumbnail&quot; /&gt;&lt;/div&gt;</description>            </item>
                    <item>
                <title>cheeks</title>
                <link>https://bearless-x.deviantart.com/art/cheeks-783029075</link>
                <guid isPermaLink="true">https://bearless-x.deviantart.com/art/cheeks-783029075</guid>
                <pubDate>Sun, 27 Jan 2019 13:23:24 PST</pubDate>
                        <media:title type="plain">cheeks</media:title>
        <media:keywords></media:keywords>
                        <media:rating>nonadult</media:rating>
                <media:category label="Fantasy">digitalart/paintings/fantasy</media:category>
        <media:credit role="author" scheme="urn:ebu">Bearless-x</media:credit>
        <media:credit role="author" scheme="urn:ebu">https://a.deviantart.net/avatars/b/e/bearless-x.png?13</media:credit>
        <media:copyright url="https://bearless-x.deviantart.com">Copyright 2019 Bearless-x</media:copyright>            <media:description type="html">&lt;sup&gt;something for an art contest on Chickensmoothie&lt;br /&gt;not my oc, this art is NOT free to use&lt;/sup&gt;</media:description>            <media:thumbnail url="https://t00.deviantart.net/F8oW2Yt5JelSbSwWR4WkUWpsJ-g=/fit-in/150x150/filters:no_upscale():origin()/pre00/2ef8/th/pre/f/2019/027/4/2/cheeks_by_bearless_x-dcy713n.png" height="135" width="150"/>            <media:thumbnail url="https://t00.deviantart.net/5800Bq8iOIUW04nxUgCih8VJ2-g=/fit-in/300x900/filters:no_upscale():origin()/pre00/2ef8/th/pre/f/2019/027/4/2/cheeks_by_bearless_x-dcy713n.png" height="269" width="300"/>            <media:thumbnail url="https://t00.deviantart.net/RL9o7MGuQLYRtAH_h03RXMpqUpw=/300x200/filters:fixed_height(100,100):origin()/pre00/2ef8/th/pre/f/2019/027/4/2/cheeks_by_bearless_x-dcy713n.png" height="200" width="223"/>            <media:content url="https://orig00.deviantart.net/5528/f/2019/027/4/2/cheeks_by_bearless_x-dcy713n.png" height="628" width="700" medium="image"/>            
            <description>&lt;sup&gt;something for an art contest on Chickensmoothie&lt;br /&gt;not my oc, this art is NOT free to use&lt;/sup&gt;&lt;br /&gt;&lt;div&gt;&lt;img src=&quot;https://t00.deviantart.net/RL9o7MGuQLYRtAH_h03RXMpqUpw=/300x200/filters:fixed_height(100,100):origin()/pre00/2ef8/th/pre/f/2019/027/4/2/cheeks_by_bearless_x-dcy713n.png&quot; alt=&quot;thumbnail&quot; /&gt;&lt;/div&gt;</description>            </item>
                    <item>
                <title>Miyamoto Musashi RP</title>
                <link>https://notrealjameskii.deviantart.com/art/Miyamoto-Musashi-RP-783029180</link>
                <guid isPermaLink="true">https://notrealjameskii.deviantart.com/art/Miyamoto-Musashi-RP-783029180</guid>
                <pubDate>Sun, 27 Jan 2019 13:23:20 PST</pubDate>
                        <media:title type="plain">Miyamoto Musashi RP</media:title>
        <media:keywords></media:keywords>
                        <media:rating>adult</media:rating>
                <media:category label="Other">darelated/deviousfun/other</media:category>
        <media:credit role="author" scheme="urn:ebu">NotRealJameskii</media:credit>
        <media:credit role="author" scheme="urn:ebu">https://a.deviantart.net/avatars/n/o/notrealjameskii.jpg?8</media:credit>
        <media:copyright url="https://notrealjameskii.deviantart.com">Copyright 2019 NotRealJameskii</media:copyright>            <media:description type="html"></media:description>            <media:thumbnail url="https://t00.deviantart.net/4ehxiIP8gb4xR2tTVKWJpAGBldM=/fit-in/150x150/filters:no_upscale():origin()/pre00/84e3/th/pre/f/2019/027/e/6/miyamoto_musashi_rp_by_notrealjameskii-dcy716k.png" height="150" width="116"/>            <media:thumbnail url="https://t00.deviantart.net/JZ-AEV1L40Bi0FRGrG3IBvarF-Y=/fit-in/300x900/filters:no_upscale():origin()/pre00/84e3/th/pre/f/2019/027/e/6/miyamoto_musashi_rp_by_notrealjameskii-dcy716k.png" height="387" width="300"/>            <media:thumbnail url="https://t00.deviantart.net/olCoS5yPXAsoCzTpGiS34iM8PMs=/300x200/filters:fixed_height(100,100):origin()/pre00/84e3/th/pre/f/2019/027/e/6/miyamoto_musashi_rp_by_notrealjameskii-dcy716k.png" height="200" width="155"/>            <media:content url="https://orig00.deviantart.net/2aff/f/2019/027/e/6/miyamoto_musashi_rp_by_notrealjameskii-dcy716k.png" height="826" width="640" medium="image"/>            
            <description>&lt;br /&gt;&lt;div&gt;&lt;img src=&quot;https://t00.deviantart.net/olCoS5yPXAsoCzTpGiS34iM8PMs=/300x200/filters:fixed_height(100,100):origin()/pre00/84e3/th/pre/f/2019/027/e/6/miyamoto_musashi_rp_by_notrealjameskii-dcy716k.png&quot; alt=&quot;thumbnail&quot; /&gt;&lt;/div&gt;</description>            </item>
                    <item>
                <title>Sesshomaru&#039;s New Girl Part 7</title>
                <link>https://c16b.deviantart.com/art/Sesshomaru-s-New-Girl-Part-7-783029139</link>
                <guid isPermaLink="true">https://c16b.deviantart.com/art/Sesshomaru-s-New-Girl-Part-7-783029139</guid>
                <pubDate>Sun, 27 Jan 2019 13:23:20 PST</pubDate>
                        <media:title type="plain">Sesshomaru&#039;s New Girl Part 7</media:title>
        <media:keywords></media:keywords>
                        <media:rating>nonadult</media:rating>
                <media:category label="Fantasy">literature/fanfiction/fantasy</media:category>
        <media:credit role="author" scheme="urn:ebu">C16B</media:credit>
        <media:credit role="author" scheme="urn:ebu">https://a.deviantart.net/avatars/c/1/c16b.jpg?2</media:credit>
        <media:copyright url="https://c16b.deviantart.com">Copyright 2019 C16B</media:copyright>            <media:description type="html">This is the final part things are going crazy and the ending is going to be a shocker.&lt;br /&gt;I DON&#039;T OWN INUYASHA.&lt;br /&gt;ENJOY!!!!!&lt;a href=&quot;https://www.deviantart.com/o0oinuyashao0o/art/Inuyasha-HappyCry-171623181&quot; class=&quot;emoticon&quot; data-embed-type=&quot;emoticon&quot; data-embed-id=&quot;171623181&quot; data-embed-profile=&quot;deviation&quot;&gt;&lt;img src=&quot;https://orig00.deviantart.net/bd8d/f/2018/156/9/7/inuyasha__happycry_by_o0oinuyashao0o-d2u6hal.gif&quot; alt=&quot;Inuyasha -HappyCry&quot; style=&quot;width:50px;height:50px&quot;&gt;&lt;/a&gt;&amp;nbsp;&lt;a href=&quot;https://www.deviantart.com/o0oinuyashao0o/art/Inuyasha-HappyCry-171623181&quot; class=&quot;emoticon&quot; data-embed-type=&quot;emoticon&quot; data-embed-id=&quot;171623181&quot; data-embed-profile=&quot;deviation&quot;&gt;&lt;img src=&quot;https://orig00.deviantart.net/bd8d/f/2018/156/9/7/inuyasha__happycry_by_o0oinuyashao0o-d2u6hal.gif&quot; alt=&quot;Inuyasha -HappyCry&quot; style=&quot;width:50px;height:50px&quot;&gt;&lt;/a&gt;&amp;nbsp;&lt;a href=&quot;https://www.deviantart.com/o0oinuyashao0o/art/inuyasha-meow-171623779&quot; class=&quot;emoticon&quot; data-embed-type=&quot;emoticon&quot; data-embed-id=&quot;171623779&quot; data-embed-profile=&quot;deviation&quot;&gt;&lt;img src=&quot;https://orig00.deviantart.net/3747/f/2018/156/2/6/inuyasha__meow_by_o0oinuyashao0o-d2u6hr7.gif&quot; alt=&quot;inuyasha -meow&quot; style=&quot;width:50px;height:50px&quot;&gt;&lt;/a&gt;&amp;nbsp;&lt;a href=&quot;https://www.deviantart.com/o0oinuyashao0o/art/inuyasha-meow-171623779&quot; class=&quot;emoticon&quot; data-embed-type=&quot;emoticon&quot; data-embed-id=&quot;171623779&quot; data-embed-profile=&quot;deviation&quot;&gt;&lt;img src=&quot;https://orig00.deviantart.net/3747/f/2018/156/2/6/inuyasha__meow_by_o0oinuyashao0o-d2u6hr7.gif&quot; alt=&quot;inuyasha -meow&quot; style=&quot;width:50px;height:50px&quot;&gt;&lt;/a&gt;&amp;nbsp;&lt;a href=&quot;https://www.deviantart.com/o0oinuyashao0o/art/inuyasha-spaz-171623589&quot; class=&quot;emoticon&quot; data-embed-type=&quot;emoticon&quot; data-embed-id=&quot;171623589&quot; data-embed-profile=&quot;deviation&quot;&gt;&lt;img src=&quot;https://orig00.deviantart.net/6436/f/2018/156/0/a/inuyasha__spaz_by_o0oinuyashao0o-d2u6hlx.gif&quot; alt=&quot;inuyasha -spaz&quot; style=&quot;width:50px;height:50px&quot;&gt;&lt;/a&gt;&amp;nbsp;&lt;a href=&quot;https://www.deviantart.com/o0oinuyashao0o/art/inuyasha-spaz-171623589&quot; class=&quot;emoticon&quot; data-embed-type=&quot;emoticon&quot; data-embed-id=&quot;171623589&quot; data-embed-profile=&quot;deviation&quot;&gt;&lt;img src=&quot;https://orig00.deviantart.net/6436/f/2018/156/0/a/inuyasha__spaz_by_o0oinuyashao0o-d2u6hlx.gif&quot; alt=&quot;inuyasha -spaz&quot; style=&quot;width:50px;height:50px&quot;&gt;&lt;/a&gt;&amp;nbsp;&lt;a href=&quot;https://www.deviantart.com/o0oinuyashao0o/art/Inuyasha-lol-168811504&quot; class=&quot;emoticon&quot; data-embed-type=&quot;emoticon&quot; data-embed-id=&quot;168811504&quot; data-embed-profile=&quot;deviation&quot;&gt;&lt;img src=&quot;https://orig00.deviantart.net/fea6/f/2018/156/5/1/inuyasha__lol_by_o0oinuyashao0o-d2si7sg.gif&quot; alt=&quot;Inuyasha -lol&quot; style=&quot;width:50px;height:50px&quot;&gt;&lt;/a&gt;&amp;nbsp;&lt;a href=&quot;https://www.deviantart.com/o0oinuyashao0o/art/Inuyasha-lol-168811504&quot; class=&quot;emoticon&quot; data-embed-type=&quot;emoticon&quot; data-embed-id=&quot;168811504&quot; data-embed-profile=&quot;deviation&quot;&gt;&lt;img src=&quot;https://orig00.deviantart.net/fea6/f/2018/156/5/1/inuyasha__lol_by_o0oinuyashao0o-d2si7sg.gif&quot; alt=&quot;Inuyasha -lol&quot; style=&quot;width:50px;height:50px&quot;&gt;&lt;/a&gt;&amp;nbsp;&lt;a href=&quot;https://www.deviantart.com/ty--die/art/InuYasha-Icon-766046001&quot; class=&quot;emoticon&quot; data-embed-type=&quot;emoticon&quot; data-embed-id=&quot;766046001&quot; data-embed-profile=&quot;deviation&quot;&gt;&lt;img src=&quot;https://orig00.deviantart.net/9499/f/2018/272/5/7/original_by_ty__die-dco30vl.gif&quot; alt=&quot;InuYasha - { Icon }&quot; style=&quot;width:50px;height:50px&quot;&gt;&lt;/a&gt;&amp;nbsp;&lt;a href=&quot;https://www.deviantart.com/magical-icon/art/Sesshomaru-Looks-Icon-543513701&quot; class=&quot;emoticon&quot; data-embed-type=&quot;emoticon&quot; data-embed-id=&quot;543513701&quot; data-embed-profile=&quot;deviation&quot;&gt;&lt;img src=&quot;https://orig00.deviantart.net/ec91/f/2015/182/7/b/sesshomaru_looks_icon_by_magical_icon-d8zldut.gif&quot; alt=&quot;Sesshomaru Looks Icon&quot; style=&quot;width:50px;height:50px&quot;&gt;&lt;/a&gt;&amp;nbsp;&lt;a href=&quot;https://www.deviantart.com/magical-icon/art/Sesshomaru-Looks-Icon-543513701&quot; class=&quot;emoticon&quot; data-embed-type=&quot;emoticon&quot; data-embed-id=&quot;543513701&quot; data-embed-profile=&quot;deviation&quot;&gt;&lt;img src=&quot;https://orig00.deviantart.net/ec91/f/2015/182/7/b/sesshomaru_looks_icon_by_magical_icon-d8zldut.gif&quot; alt=&quot;Sesshomaru Looks Icon&quot; style=&quot;width:50px;height:50px&quot;&gt;&lt;/a&gt;&amp;nbsp;&lt;a href=&quot;https://www.deviantart.com/koochana/art/Inuyasha-Icon-672083011&quot; class=&quot;emoticon&quot; data-embed-type=&quot;emoticon&quot; data-embed-id=&quot;672083011&quot; data-embed-profile=&quot;deviation&quot;&gt;&lt;img src=&quot;https://orig00.deviantart.net/a1c5/f/2017/090/2/e/inuyasha_icon_by_koochana-db452kj.gif&quot; alt=&quot;Inuyasha Icon&quot; style=&quot;width:50px;height:50px&quot;&gt;&lt;/a&gt;&amp;nbsp;&lt;a href=&quot;https://www.deviantart.com/koochana/art/Inuyasha-Icon-672083011&quot; class=&quot;emoticon&quot; data-embed-type=&quot;emoticon&quot; data-embed-id=&quot;672083011&quot; data-embed-profile=&quot;deviation&quot;&gt;&lt;img src=&quot;https://orig00.deviantart.net/a1c5/f/2017/090/2/e/inuyasha_icon_by_koochana-db452kj.gif&quot; alt=&quot;Inuyasha Icon&quot; style=&quot;width:50px;height:50px&quot;&gt;&lt;/a&gt;&amp;nbsp;&lt;a href=&quot;https://www.deviantart.com/dottypurrs/art/inuyasha-gif-kagome-523801470&quot; class=&quot;emoticon&quot; data-embed-type=&quot;emoticon&quot; data-embed-id=&quot;523801470&quot; data-embed-profile=&quot;deviation&quot;&gt;&lt;img src=&quot;https://orig00.deviantart.net/b2a9/f/2015/090/6/0/inuyasha_gif_kagome_by_dottypurrs-d8nuvsu.gif&quot; alt=&quot;inuyasha gif kagome&quot; style=&quot;width:50px;height:50px&quot;&gt;&lt;/a&gt;&amp;nbsp;&lt;a href=&quot;https://www.deviantart.com/dottypurrs/art/inuyasha-gif-kagome-523801470&quot; class=&quot;emoticon&quot; data-embed-type=&quot;emoticon&quot; data-embed-id=&quot;523801470&quot; data-embed-profile=&quot;deviation&quot;&gt;&lt;img src=&quot;https://orig00.deviantart.net/b2a9/f/2015/090/6/0/inuyasha_gif_kagome_by_dottypurrs-d8nuvsu.gif&quot; alt=&quot;inuyasha gif kagome&quot; style=&quot;width:50px;height:50px&quot;&gt;&lt;/a&gt;&amp;nbsp;&lt;a href=&quot;https://www.deviantart.com/king-lulu-deer/art/Love-Planet-672413912&quot; class=&quot;emoticon&quot; data-embed-type=&quot;emoticon&quot; data-embed-id=&quot;672413912&quot; data-embed-profile=&quot;deviation&quot;&gt;&lt;img src=&quot;https://orig00.deviantart.net/a736/f/2018/001/6/2/love_planet_by_king_lulu_deer-db4c5w8.gif&quot; alt=&quot;Love Planet&quot; style=&quot;width:73px;height:34px&quot;&gt;&lt;/a&gt;&amp;nbsp;&lt;a href=&quot;https://www.deviantart.com/king-lulu-deer/art/Love-Planet-672413912&quot; class=&quot;emoticon&quot; data-embed-type=&quot;emoticon&quot; data-embed-id=&quot;672413912&quot; data-embed-profile=&quot;deviation&quot;&gt;&lt;img src=&quot;https://orig00.deviantart.net/a736/f/2018/001/6/2/love_planet_by_king_lulu_deer-db4c5w8.gif&quot; alt=&quot;Love Planet&quot; style=&quot;width:73px;height:34px&quot;&gt;&lt;/a&gt;&amp;nbsp;&lt;a href=&quot;https://www.deviantart.com/king-lulu-deer/art/Love-Planet-672413912&quot; class=&quot;emoticon&quot; data-embed-type=&quot;emoticon&quot; data-embed-id=&quot;672413912&quot; data-embed-profile=&quot;deviation&quot;&gt;&lt;img src=&quot;https://orig00.deviantart.net/a736/f/2018/001/6/2/love_planet_by_king_lulu_deer-db4c5w8.gif&quot; alt=&quot;Love Planet&quot; style=&quot;width:73px;height:34px&quot;&gt;&lt;/a&gt;&amp;nbsp;&lt;a href=&quot;https://www.deviantart.com/king-lulu-deer/art/Love-Planet-672413912&quot; class=&quot;emoticon&quot; data-embed-type=&quot;emoticon&quot; data-embed-id=&quot;672413912&quot; data-embed-profile=&quot;deviation&quot;&gt;&lt;img src=&quot;https://orig00.deviantart.net/a736/f/2018/001/6/2/love_planet_by_king_lulu_deer-db4c5w8.gif&quot; alt=&quot;Love Planet&quot; style=&quot;width:73px;height:34px&quot;&gt;&lt;/a&gt;&amp;nbsp;&lt;a href=&quot;https://www.deviantart.com/king-lulu-deer/art/Love-Planet-672413912&quot; class=&quot;emoticon&quot; data-embed-type=&quot;emoticon&quot; data-embed-id=&quot;672413912&quot; data-embed-profile=&quot;deviation&quot;&gt;&lt;img src=&quot;https://orig00.deviantart.net/a736/f/2018/001/6/2/love_planet_by_king_lulu_deer-db4c5w8.gif&quot; alt=&quot;Love Planet&quot; style=&quot;width:73px;height:34px&quot;&gt;&lt;/a&gt;&amp;nbsp;&lt;a href=&quot;https://www.deviantart.com/king-lulu-deer/art/Love-Planet-672413912&quot; class=&quot;emoticon&quot; data-embed-type=&quot;emoticon&quot; data-embed-id=&quot;672413912&quot; data-embed-profile=&quot;deviation&quot;&gt;&lt;img src=&quot;https://orig00.deviantart.net/a736/f/2018/001/6/2/love_planet_by_king_lulu_deer-db4c5w8.gif&quot; alt=&quot;Love Planet&quot; style=&quot;width:73px;height:34px&quot;&gt;&lt;/a&gt;&amp;nbsp;&lt;a href=&quot;https://www.deviantart.com/king-lulu-deer/art/Love-Planet-672413912&quot; class=&quot;emoticon&quot; data-embed-type=&quot;emoticon&quot; data-embed-id=&quot;672413912&quot; data-embed-profile=&quot;deviation&quot;&gt;&lt;img src=&quot;https://orig00.deviantart.net/a736/f/2018/001/6/2/love_planet_by_king_lulu_deer-db4c5w8.gif&quot; alt=&quot;Love Planet&quot; style=&quot;width:73px;height:34px&quot;&gt;&lt;/a&gt;&amp;nbsp;&lt;a href=&quot;https://www.deviantart.com/a-kid-at-heart/art/Spread-More-Love-Emote-PLZ-208412044&quot; class=&quot;emoticon&quot; data-embed-type=&quot;emoticon&quot; data-embed-id=&quot;208412044&quot; data-embed-profile=&quot;deviation&quot;&gt;&lt;img src=&quot;https://orig00.deviantart.net/2f0f/f/2011/131/f/e/spread_more_love_emote_by_upsguy1997-d3g2zrg.gif&quot; alt=&quot;Spread More Love Emote - PLZ&quot; style=&quot;width:50px;height:50px&quot;&gt;&lt;/a&gt;&amp;nbsp;&lt;a href=&quot;https://www.deviantart.com/a-kid-at-heart/art/Spread-More-Love-Emote-PLZ-208412044&quot; class=&quot;emoticon&quot; data-embed-type=&quot;emoticon&quot; data-embed-id=&quot;208412044&quot; data-embed-profile=&quot;deviation&quot;&gt;&lt;img src=&quot;https://orig00.deviantart.net/2f0f/f/2011/131/f/e/spread_more_love_emote_by_upsguy1997-d3g2zrg.gif&quot; alt=&quot;Spread More Love Emote - PLZ&quot; style=&quot;width:50px;height:50px&quot;&gt;&lt;/a&gt;&amp;nbsp;&lt;a href=&quot;https://www.deviantart.com/a-kid-at-heart/art/Spread-More-Love-Emote-PLZ-208412044&quot; class=&quot;emoticon&quot; data-embed-type=&quot;emoticon&quot; data-embed-id=&quot;208412044&quot; data-embed-profile=&quot;deviation&quot;&gt;&lt;img src=&quot;https://orig00.deviantart.net/2f0f/f/2011/131/f/e/spread_more_love_emote_by_upsguy1997-d3g2zrg.gif&quot; alt=&quot;Spread More Love Emote - PLZ&quot; style=&quot;width:50px;height:50px&quot;&gt;&lt;/a&gt;&amp;nbsp;&lt;a href=&quot;https://www.deviantart.com/a-kid-at-heart/art/Share-a-little-love-352824330&quot; class=&quot;emoticon&quot; data-embed-type=&quot;emoticon&quot; data-embed-id=&quot;352824330&quot; data-embed-profile=&quot;deviation&quot;&gt;&lt;img src=&quot;https://orig00.deviantart.net/522b/f/2013/037/f/4/share_a_little_love____by_a_kid_at_heart-d5u28zu.gif&quot; alt=&quot;Share a little love...&quot; style=&quot;width:50px;height:50px&quot;&gt;&lt;/a&gt;&amp;nbsp;&lt;a href=&quot;https://www.deviantart.com/a-kid-at-heart/art/Share-a-little-love-352824330&quot; class=&quot;emoticon&quot; data-embed-type=&quot;emoticon&quot; data-embed-id=&quot;352824330&quot; data-embed-profile=&quot;deviation&quot;&gt;&lt;img src=&quot;https://orig00.deviantart.net/522b/f/2013/037/f/4/share_a_little_love____by_a_kid_at_heart-d5u28zu.gif&quot; alt=&quot;Share a little love...&quot; style=&quot;width:50px;height:50px&quot;&gt;&lt;/a&gt;&amp;nbsp;&lt;a href=&quot;https://www.deviantart.com/riverkpocc/art/Rainbow-Cream-Wedding-Cake-50x50-icon-634712894&quot; class=&quot;emoticon&quot; data-embed-type=&quot;emoticon&quot; data-embed-id=&quot;634712894&quot; data-embed-profile=&quot;deviation&quot;&gt;&lt;img src=&quot;https://images-wixmp-ed30a86b8c4ca887773594c2.wixmp.com/intermediary/f/61823bca-5449-4cb2-a81b-3380fbc18fbf/dahw3lq-fc679a71-25ee-4713-af50-05fe0d630a1d.png&quot; alt=&quot;Rainbow Cream Wedding Cake 50x50 icon&quot; style=&quot;width:50px;height:50px&quot;&gt;&lt;/a&gt;&amp;nbsp;&lt;a href=&quot;https://www.deviantart.com/riverkpocc/art/Rainbow-Cream-Wedding-Cake-50x50-icon-634712894&quot; class=&quot;emoticon&quot; data-embed-type=&quot;emoticon&quot; data-embed-id=&quot;634712894&quot; data-embed-profile=&quot;deviation&quot;&gt;&lt;img src=&quot;https://images-wixmp-ed30a86b8c4ca887773594c2.wixmp.com/intermediary/f/61823bca-5449-4cb2-a81b-3380fbc18fbf/dahw3lq-fc679a71-25ee-4713-af50-05fe0d630a1d.png&quot; alt=&quot;Rainbow Cream Wedding Cake 50x50 icon&quot; style=&quot;width:50px;height:50px&quot;&gt;&lt;/a&gt;&amp;nbsp;&lt;a href=&quot;https://www.deviantart.com/cutielovelysj777/art/Bow-cake-623893730&quot; class=&quot;emoticon&quot; data-embed-type=&quot;emoticon&quot; data-embed-id=&quot;623893730&quot; data-embed-profile=&quot;deviation&quot;&gt;&lt;img src=&quot;https://orig00.deviantart.net/e5fd/f/2016/207/0/1/bow_cake_by_cutielovelysj777-dabg7he.gif&quot; alt=&quot;Bow cake&quot; style=&quot;width:50px;height:50px&quot;&gt;&lt;/a&gt;&amp;nbsp;&lt;a href=&quot;https://www.deviantart.com/cutielovelysj777/art/Bow-cake-623893730&quot; class=&quot;emoticon&quot; data-embed-type=&quot;emoticon&quot; data-embed-id=&quot;623893730&quot; data-embed-profile=&quot;deviation&quot;&gt;&lt;img src=&quot;https://orig00.deviantart.net/e5fd/f/2016/207/0/1/bow_cake_by_cutielovelysj777-dabg7he.gif&quot; alt=&quot;Bow cake&quot; style=&quot;width:50px;height:50px&quot;&gt;&lt;/a&gt;&amp;nbsp;&lt;a href=&quot;https://www.deviantart.com/chrisrainicorn/art/GIF-Steven-Universe-Kiss-753279325&quot; class=&quot;emoticon&quot; data-embed-type=&quot;emoticon&quot; data-embed-id=&quot;753279325&quot; data-embed-profile=&quot;deviation&quot;&gt;&lt;img src=&quot;https://orig00.deviantart.net/3cc5/f/2018/187/f/0/gif_steven_universe___kiss_by_chrisrainicorn-dcghe1p.gif&quot; alt=&quot;GIF Steven Universe - Kiss&quot; style=&quot;width:50px;height:50px&quot;&gt;&lt;/a&gt;&amp;nbsp;&lt;a href=&quot;https://www.deviantart.com/chrisrainicorn/art/GIF-Steven-Universe-Kiss-753279325&quot; class=&quot;emoticon&quot; data-embed-type=&quot;emoticon&quot; data-embed-id=&quot;753279325&quot; data-embed-profile=&quot;deviation&quot;&gt;&lt;img src=&quot;https://orig00.deviantart.net/3cc5/f/2018/187/f/0/gif_steven_universe___kiss_by_chrisrainicorn-dcghe1p.gif&quot; alt=&quot;GIF Steven Universe - Kiss&quot; style=&quot;width:50px;height:50px&quot;&gt;&lt;/a&gt;&amp;nbsp;</media:description>        

        <media:content url="https://c16b.deviantart.com/art/Sesshomaru-s-New-Girl-Part-7-783029139" medium="document" />
        <media:text type="html">Inuyasha and Sesshomaru were now running towards each other with there powerful swords ready to fight.&lt;br /&gt;Inuyasha: YOU HEARTLESS BASTARD!!!!&lt;br /&gt;SESSHOMARU: YOU STUPID HALF-BREED!!!!&lt;br /&gt;The clashed their blades together looking into each others pissed off faces. Sesshomaru pushed Inuyasha back causing him to fall on his butt then Sesshomaru jumped up and tried to stab Inuyasha but he quickly rolled to the side. Then he got back up again and got his Wind Scar sent and aimed it at Sesshomaru. That&#039;s when Sesshomaru used his Dragon strike.&lt;br /&gt;&lt;br /&gt;Inuyasha: WIND SCAR!!!!&lt;br /&gt;Sesshomaru: DRAGON STRIKE!!!!&lt;br /&gt;The power of theirs swords was so powerful it caused a huge e</media:text>            
            <description>This is the final part things are going crazy and the ending is going to be a shocker.&lt;br /&gt;I DON&#039;T OWN INUYASHA.&lt;br /&gt;ENJOY!!!!!&lt;a href=&quot;https://www.deviantart.com/o0oinuyashao0o/art/Inuyasha-HappyCry-171623181&quot; class=&quot;emoticon&quot; data-embed-type=&quot;emoticon&quot; data-embed-id=&quot;171623181&quot; data-embed-profile=&quot;deviation&quot;&gt;&lt;img src=&quot;https://orig00.deviantart.net/bd8d/f/2018/156/9/7/inuyasha__happycry_by_o0oinuyashao0o-d2u6hal.gif&quot; alt=&quot;Inuyasha -HappyCry&quot; style=&quot;width:50px;height:50px&quot;&gt;&lt;/a&gt;&amp;nbsp;&lt;a href=&quot;https://www.deviantart.com/o0oinuyashao0o/art/Inuyasha-HappyCry-171623181&quot; class=&quot;emoticon&quot; data-embed-type=&quot;emoticon&quot; data-embed-id=&quot;171623181&quot; data-embed-profile=&quot;deviation&quot;&gt;&lt;img src=&quot;https://orig00.deviantart.net/bd8d/f/2018/156/9/7/inuyasha__happycry_by_o0oinuyashao0o-d2u6hal.gif&quot; alt=&quot;Inuyasha -HappyCry&quot; style=&quot;width:50px;height:50px&quot;&gt;&lt;/a&gt;&amp;nbsp;&lt;a href=&quot;https://www.deviantart.com/o0oinuyashao0o/art/inuyasha-meow-171623779&quot; class=&quot;emoticon&quot; data-embed-type=&quot;emoticon&quot; data-embed-id=&quot;171623779&quot; data-embed-profile=&quot;deviation&quot;&gt;&lt;img src=&quot;https://orig00.deviantart.net/3747/f/2018/156/2/6/inuyasha__meow_by_o0oinuyashao0o-d2u6hr7.gif&quot; alt=&quot;inuyasha -meow&quot; style=&quot;width:50px;height:50px&quot;&gt;&lt;/a&gt;&amp;nbsp;&lt;a href=&quot;https://www.deviantart.com/o0oinuyashao0o/art/inuyasha-meow-171623779&quot; class=&quot;emoticon&quot; data-embed-type=&quot;emoticon&quot; data-embed-id=&quot;171623779&quot; data-embed-profile=&quot;deviation&quot;&gt;&lt;img src=&quot;https://orig00.deviantart.net/3747/f/2018/156/2/6/inuyasha__meow_by_o0oinuyashao0o-d2u6hr7.gif&quot; alt=&quot;inuyasha -meow&quot; style=&quot;width:50px;height:50px&quot;&gt;&lt;/a&gt;&amp;nbsp;&lt;a href=&quot;https://www.deviantart.com/o0oinuyashao0o/art/inuyasha-spaz-171623589&quot; class=&quot;emoticon&quot; data-embed-type=&quot;emoticon&quot; data-embed-id=&quot;171623589&quot; data-embed-profile=&quot;deviation&quot;&gt;&lt;img src=&quot;https://orig00.deviantart.net/6436/f/2018/156/0/a/inuyasha__spaz_by_o0oinuyashao0o-d2u6hlx.gif&quot; alt=&quot;inuyasha -spaz&quot; style=&quot;width:50px;height:50px&quot;&gt;&lt;/a&gt;&amp;nbsp;&lt;a href=&quot;https://www.deviantart.com/o0oinuyashao0o/art/inuyasha-spaz-171623589&quot; class=&quot;emoticon&quot; data-embed-type=&quot;emoticon&quot; data-embed-id=&quot;171623589&quot; data-embed-profile=&quot;deviation&quot;&gt;&lt;img src=&quot;https://orig00.deviantart.net/6436/f/2018/156/0/a/inuyasha__spaz_by_o0oinuyashao0o-d2u6hlx.gif&quot; alt=&quot;inuyasha -spaz&quot; style=&quot;width:50px;height:50px&quot;&gt;&lt;/a&gt;&amp;nbsp;&lt;a href=&quot;https://www.deviantart.com/o0oinuyashao0o/art/Inuyasha-lol-168811504&quot; class=&quot;emoticon&quot; data-embed-type=&quot;emoticon&quot; data-embed-id=&quot;168811504&quot; data-embed-profile=&quot;deviation&quot;&gt;&lt;img src=&quot;https://orig00.deviantart.net/fea6/f/2018/156/5/1/inuyasha__lol_by_o0oinuyashao0o-d2si7sg.gif&quot; alt=&quot;Inuyasha -lol&quot; style=&quot;width:50px;height:50px&quot;&gt;&lt;/a&gt;&amp;nbsp;&lt;a href=&quot;https://www.deviantart.com/o0oinuyashao0o/art/Inuyasha-lol-168811504&quot; class=&quot;emoticon&quot; data-embed-type=&quot;emoticon&quot; data-embed-id=&quot;168811504&quot; data-embed-profile=&quot;deviation&quot;&gt;&lt;img src=&quot;https://orig00.deviantart.net/fea6/f/2018/156/5/1/inuyasha__lol_by_o0oinuyashao0o-d2si7sg.gif&quot; alt=&quot;Inuyasha -lol&quot; style=&quot;width:50px;height:50px&quot;&gt;&lt;/a&gt;&amp;nbsp;&lt;a href=&quot;https://www.deviantart.com/ty--die/art/InuYasha-Icon-766046001&quot; class=&quot;emoticon&quot; data-embed-type=&quot;emoticon&quot; data-embed-id=&quot;766046001&quot; data-embed-profile=&quot;deviation&quot;&gt;&lt;img src=&quot;https://orig00.deviantart.net/9499/f/2018/272/5/7/original_by_ty__die-dco30vl.gif&quot; alt=&quot;InuYasha - { Icon }&quot; style=&quot;width:50px;height:50px&quot;&gt;&lt;/a&gt;&amp;nbsp;&lt;a href=&quot;https://www.deviantart.com/magical-icon/art/Sesshomaru-Looks-Icon-543513701&quot; class=&quot;emoticon&quot; data-embed-type=&quot;emoticon&quot; data-embed-id=&quot;543513701&quot; data-embed-profile=&quot;deviation&quot;&gt;&lt;img src=&quot;https://orig00.deviantart.net/ec91/f/2015/182/7/b/sesshomaru_looks_icon_by_magical_icon-d8zldut.gif&quot; alt=&quot;Sesshomaru Looks Icon&quot; style=&quot;width:50px;height:50px&quot;&gt;&lt;/a&gt;&amp;nbsp;&lt;a href=&quot;https://www.deviantart.com/magical-icon/art/Sesshomaru-Looks-Icon-543513701&quot; class=&quot;emoticon&quot; data-embed-type=&quot;emoticon&quot; data-embed-id=&quot;543513701&quot; data-embed-profile=&quot;deviation&quot;&gt;&lt;img src=&quot;https://orig00.deviantart.net/ec91/f/2015/182/7/b/sesshomaru_looks_icon_by_magical_icon-d8zldut.gif&quot; alt=&quot;Sesshomaru Looks Icon&quot; style=&quot;width:50px;height:50px&quot;&gt;&lt;/a&gt;&amp;nbsp;&lt;a href=&quot;https://www.deviantart.com/koochana/art/Inuyasha-Icon-672083011&quot; class=&quot;emoticon&quot; data-embed-type=&quot;emoticon&quot; data-embed-id=&quot;672083011&quot; data-embed-profile=&quot;deviation&quot;&gt;&lt;img src=&quot;https://orig00.deviantart.net/a1c5/f/2017/090/2/e/inuyasha_icon_by_koochana-db452kj.gif&quot; alt=&quot;Inuyasha Icon&quot; style=&quot;width:50px;height:50px&quot;&gt;&lt;/a&gt;&amp;nbsp;&lt;a href=&quot;https://www.deviantart.com/koochana/art/Inuyasha-Icon-672083011&quot; class=&quot;emoticon&quot; data-embed-type=&quot;emoticon&quot; data-embed-id=&quot;672083011&quot; data-embed-profile=&quot;deviation&quot;&gt;&lt;img src=&quot;https://orig00.deviantart.net/a1c5/f/2017/090/2/e/inuyasha_icon_by_koochana-db452kj.gif&quot; alt=&quot;Inuyasha Icon&quot; style=&quot;width:50px;height:50px&quot;&gt;&lt;/a&gt;&amp;nbsp;&lt;a href=&quot;https://www.deviantart.com/dottypurrs/art/inuyasha-gif-kagome-523801470&quot; class=&quot;emoticon&quot; data-embed-type=&quot;emoticon&quot; data-embed-id=&quot;523801470&quot; data-embed-profile=&quot;deviation&quot;&gt;&lt;img src=&quot;https://orig00.deviantart.net/b2a9/f/2015/090/6/0/inuyasha_gif_kagome_by_dottypurrs-d8nuvsu.gif&quot; alt=&quot;inuyasha gif kagome&quot; style=&quot;width:50px;height:50px&quot;&gt;&lt;/a&gt;&amp;nbsp;&lt;a href=&quot;https://www.deviantart.com/dottypurrs/art/inuyasha-gif-kagome-523801470&quot; class=&quot;emoticon&quot; data-embed-type=&quot;emoticon&quot; data-embed-id=&quot;523801470&quot; data-embed-profile=&quot;deviation&quot;&gt;&lt;img src=&quot;https://orig00.deviantart.net/b2a9/f/2015/090/6/0/inuyasha_gif_kagome_by_dottypurrs-d8nuvsu.gif&quot; alt=&quot;inuyasha gif kagome&quot; style=&quot;width:50px;height:50px&quot;&gt;&lt;/a&gt;&amp;nbsp;&lt;a href=&quot;https://www.deviantart.com/king-lulu-deer/art/Love-Planet-672413912&quot; class=&quot;emoticon&quot; data-embed-type=&quot;emoticon&quot; data-embed-id=&quot;672413912&quot; data-embed-profile=&quot;deviation&quot;&gt;&lt;img src=&quot;https://orig00.deviantart.net/a736/f/2018/001/6/2/love_planet_by_king_lulu_deer-db4c5w8.gif&quot; alt=&quot;Love Planet&quot; style=&quot;width:73px;height:34px&quot;&gt;&lt;/a&gt;&amp;nbsp;&lt;a href=&quot;https://www.deviantart.com/king-lulu-deer/art/Love-Planet-672413912&quot; class=&quot;emoticon&quot; data-embed-type=&quot;emoticon&quot; data-embed-id=&quot;672413912&quot; data-embed-profile=&quot;deviation&quot;&gt;&lt;img src=&quot;https://orig00.deviantart.net/a736/f/2018/001/6/2/love_planet_by_king_lulu_deer-db4c5w8.gif&quot; alt=&quot;Love Planet&quot; style=&quot;width:73px;height:34px&quot;&gt;&lt;/a&gt;&amp;nbsp;&lt;a href=&quot;https://www.deviantart.com/king-lulu-deer/art/Love-Planet-672413912&quot; class=&quot;emoticon&quot; data-embed-type=&quot;emoticon&quot; data-embed-id=&quot;672413912&quot; data-embed-profile=&quot;deviation&quot;&gt;&lt;img src=&quot;https://orig00.deviantart.net/a736/f/2018/001/6/2/love_planet_by_king_lulu_deer-db4c5w8.gif&quot; alt=&quot;Love Planet&quot; style=&quot;width:73px;height:34px&quot;&gt;&lt;/a&gt;&amp;nbsp;&lt;a href=&quot;https://www.deviantart.com/king-lulu-deer/art/Love-Planet-672413912&quot; class=&quot;emoticon&quot; data-embed-type=&quot;emoticon&quot; data-embed-id=&quot;672413912&quot; data-embed-profile=&quot;deviation&quot;&gt;&lt;img src=&quot;https://orig00.deviantart.net/a736/f/2018/001/6/2/love_planet_by_king_lulu_deer-db4c5w8.gif&quot; alt=&quot;Love Planet&quot; style=&quot;width:73px;height:34px&quot;&gt;&lt;/a&gt;&amp;nbsp;&lt;a href=&quot;https://www.deviantart.com/king-lulu-deer/art/Love-Planet-672413912&quot; class=&quot;emoticon&quot; data-embed-type=&quot;emoticon&quot; data-embed-id=&quot;672413912&quot; data-embed-profile=&quot;deviation&quot;&gt;&lt;img src=&quot;https://orig00.deviantart.net/a736/f/2018/001/6/2/love_planet_by_king_lulu_deer-db4c5w8.gif&quot; alt=&quot;Love Planet&quot; style=&quot;width:73px;height:34px&quot;&gt;&lt;/a&gt;&amp;nbsp;&lt;a href=&quot;https://www.deviantart.com/king-lulu-deer/art/Love-Planet-672413912&quot; class=&quot;emoticon&quot; data-embed-type=&quot;emoticon&quot; data-embed-id=&quot;672413912&quot; data-embed-profile=&quot;deviation&quot;&gt;&lt;img src=&quot;https://orig00.deviantart.net/a736/f/2018/001/6/2/love_planet_by_king_lulu_deer-db4c5w8.gif&quot; alt=&quot;Love Planet&quot; style=&quot;width:73px;height:34px&quot;&gt;&lt;/a&gt;&amp;nbsp;&lt;a href=&quot;https://www.deviantart.com/king-lulu-deer/art/Love-Planet-672413912&quot; class=&quot;emoticon&quot; data-embed-type=&quot;emoticon&quot; data-embed-id=&quot;672413912&quot; data-embed-profile=&quot;deviation&quot;&gt;&lt;img src=&quot;https://orig00.deviantart.net/a736/f/2018/001/6/2/love_planet_by_king_lulu_deer-db4c5w8.gif&quot; alt=&quot;Love Planet&quot; style=&quot;width:73px;height:34px&quot;&gt;&lt;/a&gt;&amp;nbsp;&lt;a href=&quot;https://www.deviantart.com/a-kid-at-heart/art/Spread-More-Love-Emote-PLZ-208412044&quot; class=&quot;emoticon&quot; data-embed-type=&quot;emoticon&quot; data-embed-id=&quot;208412044&quot; data-embed-profile=&quot;deviation&quot;&gt;&lt;img src=&quot;https://orig00.deviantart.net/2f0f/f/2011/131/f/e/spread_more_love_emote_by_upsguy1997-d3g2zrg.gif&quot; alt=&quot;Spread More Love Emote - PLZ&quot; style=&quot;width:50px;height:50px&quot;&gt;&lt;/a&gt;&amp;nbsp;&lt;a href=&quot;https://www.deviantart.com/a-kid-at-heart/art/Spread-More-Love-Emote-PLZ-208412044&quot; class=&quot;emoticon&quot; data-embed-type=&quot;emoticon&quot; data-embed-id=&quot;208412044&quot; data-embed-profile=&quot;deviation&quot;&gt;&lt;img src=&quot;https://orig00.deviantart.net/2f0f/f/2011/131/f/e/spread_more_love_emote_by_upsguy1997-d3g2zrg.gif&quot; alt=&quot;Spread More Love Emote - PLZ&quot; style=&quot;width:50px;height:50px&quot;&gt;&lt;/a&gt;&amp;nbsp;&lt;a href=&quot;https://www.deviantart.com/a-kid-at-heart/art/Spread-More-Love-Emote-PLZ-208412044&quot; class=&quot;emoticon&quot; data-embed-type=&quot;emoticon&quot; data-embed-id=&quot;208412044&quot; data-embed-profile=&quot;deviation&quot;&gt;&lt;img src=&quot;https://orig00.deviantart.net/2f0f/f/2011/131/f/e/spread_more_love_emote_by_upsguy1997-d3g2zrg.gif&quot; alt=&quot;Spread More Love Emote - PLZ&quot; style=&quot;width:50px;height:50px&quot;&gt;&lt;/a&gt;&amp;nbsp;&lt;a href=&quot;https://www.deviantart.com/a-kid-at-heart/art/Share-a-little-love-352824330&quot; class=&quot;emoticon&quot; data-embed-type=&quot;emoticon&quot; data-embed-id=&quot;352824330&quot; data-embed-profile=&quot;deviation&quot;&gt;&lt;img src=&quot;https://orig00.deviantart.net/522b/f/2013/037/f/4/share_a_little_love____by_a_kid_at_heart-d5u28zu.gif&quot; alt=&quot;Share a little love...&quot; style=&quot;width:50px;height:50px&quot;&gt;&lt;/a&gt;&amp;nbsp;&lt;a href=&quot;https://www.deviantart.com/a-kid-at-heart/art/Share-a-little-love-352824330&quot; class=&quot;emoticon&quot; data-embed-type=&quot;emoticon&quot; data-embed-id=&quot;352824330&quot; data-embed-profile=&quot;deviation&quot;&gt;&lt;img src=&quot;https://orig00.deviantart.net/522b/f/2013/037/f/4/share_a_little_love____by_a_kid_at_heart-d5u28zu.gif&quot; alt=&quot;Share a little love...&quot; style=&quot;width:50px;height:50px&quot;&gt;&lt;/a&gt;&amp;nbsp;&lt;a href=&quot;https://www.deviantart.com/riverkpocc/art/Rainbow-Cream-Wedding-Cake-50x50-icon-634712894&quot; class=&quot;emoticon&quot; data-embed-type=&quot;emoticon&quot; data-embed-id=&quot;634712894&quot; data-embed-profile=&quot;deviation&quot;&gt;&lt;img src=&quot;https://images-wixmp-ed30a86b8c4ca887773594c2.wixmp.com/intermediary/f/61823bca-5449-4cb2-a81b-3380fbc18fbf/dahw3lq-fc679a71-25ee-4713-af50-05fe0d630a1d.png&quot; alt=&quot;Rainbow Cream Wedding Cake 50x50 icon&quot; style=&quot;width:50px;height:50px&quot;&gt;&lt;/a&gt;&amp;nbsp;&lt;a href=&quot;https://www.deviantart.com/riverkpocc/art/Rainbow-Cream-Wedding-Cake-50x50-icon-634712894&quot; class=&quot;emoticon&quot; data-embed-type=&quot;emoticon&quot; data-embed-id=&quot;634712894&quot; data-embed-profile=&quot;deviation&quot;&gt;&lt;img src=&quot;https://images-wixmp-ed30a86b8c4ca887773594c2.wixmp.com/intermediary/f/61823bca-5449-4cb2-a81b-3380fbc18fbf/dahw3lq-fc679a71-25ee-4713-af50-05fe0d630a1d.png&quot; alt=&quot;Rainbow Cream Wedding Cake 50x50 icon&quot; style=&quot;width:50px;height:50px&quot;&gt;&lt;/a&gt;&amp;nbsp;&lt;a href=&quot;https://www.deviantart.com/cutielovelysj777/art/Bow-cake-623893730&quot; class=&quot;emoticon&quot; data-embed-type=&quot;emoticon&quot; data-embed-id=&quot;623893730&quot; data-embed-profile=&quot;deviation&quot;&gt;&lt;img src=&quot;https://orig00.deviantart.net/e5fd/f/2016/207/0/1/bow_cake_by_cutielovelysj777-dabg7he.gif&quot; alt=&quot;Bow cake&quot; style=&quot;width:50px;height:50px&quot;&gt;&lt;/a&gt;&amp;nbsp;&lt;a href=&quot;https://www.deviantart.com/cutielovelysj777/art/Bow-cake-623893730&quot; class=&quot;emoticon&quot; data-embed-type=&quot;emoticon&quot; data-embed-id=&quot;623893730&quot; data-embed-profile=&quot;deviation&quot;&gt;&lt;img src=&quot;https://orig00.deviantart.net/e5fd/f/2016/207/0/1/bow_cake_by_cutielovelysj777-dabg7he.gif&quot; alt=&quot;Bow cake&quot; style=&quot;width:50px;height:50px&quot;&gt;&lt;/a&gt;&amp;nbsp;&lt;a href=&quot;https://www.deviantart.com/chrisrainicorn/art/GIF-Steven-Universe-Kiss-753279325&quot; class=&quot;emoticon&quot; data-embed-type=&quot;emoticon&quot; data-embed-id=&quot;753279325&quot; data-embed-profile=&quot;deviation&quot;&gt;&lt;img src=&quot;https://orig00.deviantart.net/3cc5/f/2018/187/f/0/gif_steven_universe___kiss_by_chrisrainicorn-dcghe1p.gif&quot; alt=&quot;GIF Steven Universe - Kiss&quot; style=&quot;width:50px;height:50px&quot;&gt;&lt;/a&gt;&amp;nbsp;&lt;a href=&quot;https://www.deviantart.com/chrisrainicorn/art/GIF-Steven-Universe-Kiss-753279325&quot; class=&quot;emoticon&quot; data-embed-type=&quot;emoticon&quot; data-embed-id=&quot;753279325&quot; data-embed-profile=&quot;deviation&quot;&gt;&lt;img src=&quot;https://orig00.deviantart.net/3cc5/f/2018/187/f/0/gif_steven_universe___kiss_by_chrisrainicorn-dcghe1p.gif&quot; alt=&quot;GIF Steven Universe - Kiss&quot; style=&quot;width:50px;height:50px&quot;&gt;&lt;/a&gt;&amp;nbsp;</description>            </item>
                    <item>
                <title>Saki in Paint 3D</title>
                <link>https://jasondg842.deviantart.com/art/Saki-in-Paint-3D-783028387</link>
                <guid isPermaLink="true">https://jasondg842.deviantart.com/art/Saki-in-Paint-3D-783028387</guid>
                <pubDate>Sun, 27 Jan 2019 13:23:20 PST</pubDate>
                        <media:title type="plain">Saki in Paint 3D</media:title>
        <media:keywords></media:keywords>
                        <media:rating>nonadult</media:rating>
                <media:category label="Female">digitalart/3d/characters/female</media:category>
        <media:credit role="author" scheme="urn:ebu">jasondg842</media:credit>
        <media:credit role="author" scheme="urn:ebu">https://a.deviantart.net/avatars/j/a/jasondg842.png?14</media:credit>
        <media:copyright url="https://jasondg842.deviantart.com">Copyright 2019 jasondg842</media:copyright>            <media:description type="html">the Japanese female Stick Figure i made long time ago or (1 year ago) into Paint 3d</media:description>            <media:thumbnail url="https://t00.deviantart.net/ChQx31VMwCLbjclrERtJbsHsi-M=/fit-in/150x150/filters:no_upscale():origin()/pre00/3547/th/pre/f/2019/027/7/2/saki_in_paint_3d_by_jasondg842-dcy70kj.png" height="82" width="150"/>            <media:thumbnail url="https://t00.deviantart.net/5Gn2TZeni2rdFpTH2BeL1VhMwdo=/fit-in/300x900/filters:no_upscale():origin()/pre00/3547/th/pre/f/2019/027/7/2/saki_in_paint_3d_by_jasondg842-dcy70kj.png" height="163" width="300"/>            <media:thumbnail url="https://t00.deviantart.net/lst82fKfn783e9Fh48U2qTJIAwY=/300x200/filters:fixed_height(100,100):origin()/pre00/3547/th/pre/f/2019/027/7/2/saki_in_paint_3d_by_jasondg842-dcy70kj.png" height="163" width="300"/>            <media:content url="https://orig00.deviantart.net/45b6/f/2019/027/7/2/saki_in_paint_3d_by_jasondg842-dcy70kj.png" height="600" width="1102" medium="image"/>            
            <description>the Japanese female Stick Figure i made long time ago or (1 year ago) into Paint 3d&lt;br /&gt;&lt;div&gt;&lt;img src=&quot;https://t00.deviantart.net/lst82fKfn783e9Fh48U2qTJIAwY=/300x200/filters:fixed_height(100,100):origin()/pre00/3547/th/pre/f/2019/027/7/2/saki_in_paint_3d_by_jasondg842-dcy70kj.png&quot; alt=&quot;thumbnail&quot; /&gt;&lt;/div&gt;</description>            </item>
                    <item>
                <title>WORMSONA</title>
                <link>https://slimespecter.deviantart.com/art/WORMSONA-783029133</link>
                <guid isPermaLink="true">https://slimespecter.deviantart.com/art/WORMSONA-783029133</guid>
                <pubDate>Sun, 27 Jan 2019 13:23:19 PST</pubDate>
                        <media:title type="plain">WORMSONA</media:title>
        <media:keywords></media:keywords>
                        <media:rating>nonadult</media:rating>
                <media:category label="Other">digitalart/paintings/other</media:category>
        <media:credit role="author" scheme="urn:ebu">slimespecter</media:credit>
        <media:credit role="author" scheme="urn:ebu">https://a.deviantart.net/avatars/s/l/slimespecter.png?6</media:credit>
        <media:copyright url="https://slimespecter.deviantart.com">Copyright 2019 slimespecter</media:copyright>            <media:description type="html">January 27, 2019&lt;br /&gt;im a fuckign worm babey!!!!</media:description>            <media:thumbnail url="https://t00.deviantart.net/1XrsCwZcnXxLbhBw6bexmYnMhig=/fit-in/150x150/filters:no_upscale():origin()/pre00/50a9/th/pre/f/2019/027/b/4/wormsona_by_slimespecter-dcy7159.png" height="150" width="130"/>            <media:thumbnail url="https://t00.deviantart.net/_KPkkRIuUr9P2C6wrV4vAvvqDOQ=/fit-in/300x900/filters:no_upscale():origin()/pre00/50a9/th/pre/f/2019/027/b/4/wormsona_by_slimespecter-dcy7159.png" height="347" width="300"/>            <media:thumbnail url="https://t00.deviantart.net/2ftFaYvTa3EA4v06hC9KmmPZWBs=/300x200/filters:fixed_height(100,100):origin()/pre00/50a9/th/pre/f/2019/027/b/4/wormsona_by_slimespecter-dcy7159.png" height="200" width="173"/>            <media:content url="https://orig00.deviantart.net/089f/f/2019/027/b/4/wormsona_by_slimespecter-dcy7159.png" height="858" width="742" medium="image"/>            
            <description>January 27, 2019&lt;br /&gt;im a fuckign worm babey!!!!&lt;br /&gt;&lt;div&gt;&lt;img src=&quot;https://t00.deviantart.net/2ftFaYvTa3EA4v06hC9KmmPZWBs=/300x200/filters:fixed_height(100,100):origin()/pre00/50a9/th/pre/f/2019/027/b/4/wormsona_by_slimespecter-dcy7159.png&quot; alt=&quot;thumbnail&quot; /&gt;&lt;/div&gt;</description>            </item>
                    <item>
                <title>New3 By Myiabi Dcwb9gt</title>
                <link>https://drop-pedia.deviantart.com/art/New3-By-Myiabi-Dcwb9gt-783028102</link>
                <guid isPermaLink="true">https://drop-pedia.deviantart.com/art/New3-By-Myiabi-Dcwb9gt-783028102</guid>
                <pubDate>Sun, 27 Jan 2019 13:23:18 PST</pubDate>
                        <media:title type="plain">New3 By Myiabi Dcwb9gt</media:title>
        <media:keywords></media:keywords>
                        <media:rating>nonadult</media:rating>
                <media:category label="Adoptables">darelated/deviousfun/adoptables</media:category>
        <media:credit role="author" scheme="urn:ebu">Drop-pedia</media:credit>
        <media:credit role="author" scheme="urn:ebu">https://a.deviantart.net/avatars/d/r/drop-pedia.png?4</media:credit>
        <media:copyright url="https://drop-pedia.deviantart.com">Copyright 2019 Drop-pedia</media:copyright>            <media:description type="html">Owner &lt;span class=&quot;username-with-symbol u&quot;&gt;&lt;a class=&quot;u regular username&quot; href=&quot;https://www.deviantart.com/shikumonoi&quot;&gt;ShikumoNoi&lt;/a&gt;&lt;span class=&quot;user-symbol regular&quot; data-quicktip-text=&quot;&quot; data-show-tooltip=&quot;&quot; data-gruser-type=&quot;regular&quot;&gt;&lt;/span&gt;&lt;/span&gt;&lt;br /&gt;&lt;br /&gt;&lt;small&gt;&lt;b&gt;Traits:&lt;/b&gt;&lt;br /&gt;&lt;img src=&quot;https://e.deviantart.net/emoticons/b/bulletpink.gif&quot; alt=&quot;Bullet; Pink&quot; style=&quot;width: 10px; height: 10px;&quot; data-embed-type=&quot;emoticon&quot; data-embed-id=&quot;568&quot;&gt;Ears: Cat&lt;br /&gt;&lt;img src=&quot;https://e.deviantart.net/emoticons/b/bulletwhite.gif&quot; alt=&quot;Bullet; White&quot; style=&quot;width: 10px; height: 10px;&quot; data-embed-type=&quot;emoticon&quot; data-embed-id=&quot;565&quot;&gt;Horns: Ornamental [ Heart ]&lt;br /&gt;&lt;img src=&quot;https://e.deviantart.net/emoticons/b/bulletred.gif&quot; alt=&quot;Bullet; Red&quot; style=&quot;width: 10px; height: 10px;&quot; data-embed-type=&quot;emoticon&quot; data-embed-id=&quot;210&quot;&gt;Wings: Innorganic [ Black paper and Gold ]&lt;br /&gt;&lt;img src=&quot;https://e.deviantart.net/emoticons/b/bulletpink.gif&quot; alt=&quot;Bullet; Pink&quot; style=&quot;width: 10px; height: 10px;&quot; data-embed-type=&quot;emoticon&quot; data-embed-id=&quot;568&quot;&gt;Tail: Short Origami tail&lt;br /&gt;&lt;img src=&quot;https://e.deviantart.net/emoticons/b/bulletblack.gif&quot; alt=&quot;Bullet; Black&quot; style=&quot;width: 10px; height: 10px;&quot; data-embed-type=&quot;emoticon&quot; data-embed-id=&quot;564&quot;&gt;Eyes: Normal&lt;br /&gt;&lt;img src=&quot;https://e.deviantart.net/emoticons/b/bulletblack.gif&quot; alt=&quot;Bullet; Black&quot; style=&quot;width: 10px; height: 10px;&quot; data-embed-type=&quot;emoticon&quot; data-embed-id=&quot;564&quot;&gt; Body: No Marks [pale]&lt;br /&gt;&lt;img src=&quot;https://e.deviantart.net/emoticons/b/bulletred.gif&quot; alt=&quot;Bullet; Red&quot; style=&quot;width: 10px; height: 10px;&quot; data-embed-type=&quot;emoticon&quot; data-embed-id=&quot;210&quot;&gt; &amp;lt;mutation&amp;gt;: Twin horns&lt;/small&gt;&lt;br /&gt;&lt;br /&gt;Art by &lt;a target=&quot;_self&quot; href=&quot;https://www.deviantart.com/myiabi&quot; &gt;&lt;img class=&quot;avatar&quot; width=&quot;50&quot; height=&quot;50&quot; src=&quot;https://a.deviantart.net/avatars/m/y/myiabi.png?3&quot; alt=&quot;:iconmyiabi:&quot; title=&quot;Myiabi&quot; /&gt;&lt;/a&gt;&lt;br /&gt;&lt;small&gt;&lt;span&gt;&lt;br /&gt;More about the species here: &lt;a href=&quot;http://fav.me/db6jiug&quot;&gt;fav.me/db6jiug&lt;/a&gt;&lt;br /&gt;&lt;span class=&quot;username-with-symbol u&quot;&gt;&lt;a class=&quot;u group username&quot; href=&quot;https://www.deviantart.com/drop-zilla-cafe&quot;&gt;Drop-Zilla-Cafe&lt;/a&gt;&lt;span class=&quot;user-symbol group&quot; data-quicktip-text=&quot;Group&quot; data-show-tooltip=&quot;1&quot; data-gruser-type=&quot;group&quot; data-clickthrough=&quot;http://groups.deviantart.com&quot;&gt;&lt;/span&gt;&lt;/span&gt;&lt;br /&gt;&lt;br /&gt;Please let us know in the comments below if you sell or trade your drop so we can keep a record.&lt;/span&gt;&lt;/small&gt;</media:description>            <media:thumbnail url="https://t00.deviantart.net/Z5l4uF0w3addhz8MzvVuzihefSo=/fit-in/150x150/filters:no_upscale():origin()/pre00/a9b2/th/pre/i/2019/027/3/1/new3_by_myiabi_dcwb9gt_by_drop_pedia-dcy70cm.png" height="150" width="100"/>            <media:thumbnail url="https://t00.deviantart.net/DZcL52LT5BbUSt46NIXvvp8OFd0=/fit-in/300x900/filters:no_upscale():origin()/pre00/a9b2/th/pre/i/2019/027/3/1/new3_by_myiabi_dcwb9gt_by_drop_pedia-dcy70cm.png" height="452" width="300"/>            <media:thumbnail url="https://t00.deviantart.net/447a1djYwqQisBcoek_gC6OdwlM=/300x200/filters:fixed_height(100,100):origin()/pre00/a9b2/th/pre/i/2019/027/3/1/new3_by_myiabi_dcwb9gt_by_drop_pedia-dcy70cm.png" height="200" width="133"/>            <media:content url="https://img00.deviantart.net/8ec1/i/2019/027/3/1/new3_by_myiabi_dcwb9gt_by_drop_pedia-dcy70cm.png" height="602" width="400" medium="image"/>            
            <description>Owner &lt;span class=&quot;username-with-symbol u&quot;&gt;&lt;a class=&quot;u regular username&quot; href=&quot;https://www.deviantart.com/shikumonoi&quot;&gt;ShikumoNoi&lt;/a&gt;&lt;span class=&quot;user-symbol regular&quot; data-quicktip-text=&quot;&quot; data-show-tooltip=&quot;&quot; data-gruser-type=&quot;regular&quot;&gt;&lt;/span&gt;&lt;/span&gt;&lt;br /&gt;&lt;br /&gt;&lt;small&gt;&lt;b&gt;Traits:&lt;/b&gt;&lt;br /&gt;&lt;img src=&quot;https://e.deviantart.net/emoticons/b/bulletpink.gif&quot; alt=&quot;Bullet; Pink&quot; style=&quot;width: 10px; height: 10px;&quot; data-embed-type=&quot;emoticon&quot; data-embed-id=&quot;568&quot;&gt;Ears: Cat&lt;br /&gt;&lt;img src=&quot;https://e.deviantart.net/emoticons/b/bulletwhite.gif&quot; alt=&quot;Bullet; White&quot; style=&quot;width: 10px; height: 10px;&quot; data-embed-type=&quot;emoticon&quot; data-embed-id=&quot;565&quot;&gt;Horns: Ornamental [ Heart ]&lt;br /&gt;&lt;img src=&quot;https://e.deviantart.net/emoticons/b/bulletred.gif&quot; alt=&quot;Bullet; Red&quot; style=&quot;width: 10px; height: 10px;&quot; data-embed-type=&quot;emoticon&quot; data-embed-id=&quot;210&quot;&gt;Wings: Innorganic [ Black paper and Gold ]&lt;br /&gt;&lt;img src=&quot;https://e.deviantart.net/emoticons/b/bulletpink.gif&quot; alt=&quot;Bullet; Pink&quot; style=&quot;width: 10px; height: 10px;&quot; data-embed-type=&quot;emoticon&quot; data-embed-id=&quot;568&quot;&gt;Tail: Short Origami tail&lt;br /&gt;&lt;img src=&quot;https://e.deviantart.net/emoticons/b/bulletblack.gif&quot; alt=&quot;Bullet; Black&quot; style=&quot;width: 10px; height: 10px;&quot; data-embed-type=&quot;emoticon&quot; data-embed-id=&quot;564&quot;&gt;Eyes: Normal&lt;br /&gt;&lt;img src=&quot;https://e.deviantart.net/emoticons/b/bulletblack.gif&quot; alt=&quot;Bullet; Black&quot; style=&quot;width: 10px; height: 10px;&quot; data-embed-type=&quot;emoticon&quot; data-embed-id=&quot;564&quot;&gt; Body: No Marks [pale]&lt;br /&gt;&lt;img src=&quot;https://e.deviantart.net/emoticons/b/bulletred.gif&quot; alt=&quot;Bullet; Red&quot; style=&quot;width: 10px; height: 10px;&quot; data-embed-type=&quot;emoticon&quot; data-embed-id=&quot;210&quot;&gt; &amp;lt;mutation&amp;gt;: Twin horns&lt;/small&gt;&lt;br /&gt;&lt;br /&gt;Art by &lt;a target=&quot;_self&quot; href=&quot;https://www.deviantart.com/myiabi&quot; &gt;&lt;img class=&quot;avatar&quot; width=&quot;50&quot; height=&quot;50&quot; src=&quot;https://a.deviantart.net/avatars/m/y/myiabi.png?3&quot; alt=&quot;:iconmyiabi:&quot; title=&quot;Myiabi&quot; /&gt;&lt;/a&gt;&lt;br /&gt;&lt;small&gt;&lt;span&gt;&lt;br /&gt;More about the species here: &lt;a href=&quot;http://fav.me/db6jiug&quot;&gt;fav.me/db6jiug&lt;/a&gt;&lt;br /&gt;&lt;span class=&quot;username-with-symbol u&quot;&gt;&lt;a class=&quot;u group username&quot; href=&quot;https://www.deviantart.com/drop-zilla-cafe&quot;&gt;Drop-Zilla-Cafe&lt;/a&gt;&lt;span class=&quot;user-symbol group&quot; data-quicktip-text=&quot;Group&quot; data-show-tooltip=&quot;1&quot; data-gruser-type=&quot;group&quot; data-clickthrough=&quot;http://groups.deviantart.com&quot;&gt;&lt;/span&gt;&lt;/span&gt;&lt;br /&gt;&lt;br /&gt;Please let us know in the comments below if you sell or trade your drop so we can keep a record.&lt;/span&gt;&lt;/small&gt;&lt;br /&gt;&lt;div&gt;&lt;img src=&quot;https://t00.deviantart.net/447a1djYwqQisBcoek_gC6OdwlM=/300x200/filters:fixed_height(100,100):origin()/pre00/a9b2/th/pre/i/2019/027/3/1/new3_by_myiabi_dcwb9gt_by_drop_pedia-dcy70cm.png&quot; alt=&quot;thumbnail&quot; /&gt;&lt;/div&gt;</description>            </item>
                    <item>
                <title>Golden Fern</title>
                <link>https://eveningfollies.deviantart.com/art/Golden-Fern-782930351</link>
                <guid isPermaLink="true">https://eveningfollies.deviantart.com/art/Golden-Fern-782930351</guid>
                <pubDate>Sun, 27 Jan 2019 13:23:15 PST</pubDate>
                        <media:title type="plain">Golden Fern</media:title>
        <media:keywords></media:keywords>
                        <media:rating>nonadult</media:rating>
                <media:category label="Animals">digitalart/paintings/animals</media:category>
        <media:credit role="author" scheme="urn:ebu">EveningFollies</media:credit>
        <media:credit role="author" scheme="urn:ebu">https://a.deviantart.net/avatars/e/v/eveningfollies.png?15</media:credit>
        <media:copyright url="https://eveningfollies.deviantart.com">Copyright 2019 EveningFollies</media:copyright>            <media:description type="html">Golden Fern is a newer character of mine for a potential&amp;nbsp;rp&amp;nbsp;called &quot;Dues Ex.&quot; She is apart of a tribe of various animals called the Waste Tribe and acts as the War General and a second-in command&amp;nbsp;to Barren Heart (Who is owned by &lt;a target=&quot;_self&quot; href=&quot;https://www.deviantart.com/fairyfangs&quot; &gt;&lt;img class=&quot;avatar&quot; width=&quot;50&quot; height=&quot;50&quot; src=&quot;https://a.deviantart.net/avatars/f/a/fairyfangs.png?2&quot; alt=&quot;:iconfairyfangs:&quot; title=&quot;FairyFangs&quot; /&gt;&lt;/a&gt;) I&#039;m still working out the details in it but I really enjoy developing her and Barren&#039;s relationship with Brynn.</media:description>            <media:thumbnail url="https://t00.deviantart.net/P2ZgQAISo3wVxzQerXjiERpCG0k=/fit-in/150x150/filters:no_upscale():origin()/pre00/c31d/th/pre/f/2019/027/7/2/721ea90a8c9c9173b70bb467d6bad9e4-dcy4wxb.png" height="150" width="144"/>            <media:thumbnail url="https://t00.deviantart.net/plvramjpV-yAHB4AW2VMF7ehnww=/fit-in/300x900/filters:no_upscale():origin()/pre00/c31d/th/pre/f/2019/027/7/2/721ea90a8c9c9173b70bb467d6bad9e4-dcy4wxb.png" height="312" width="300"/>            <media:thumbnail url="https://t00.deviantart.net/gcd3nvnIqY0evjrSqgSzZ7WtHT4=/300x200/filters:fixed_height(100,100):origin()/pre00/c31d/th/pre/f/2019/027/7/2/721ea90a8c9c9173b70bb467d6bad9e4-dcy4wxb.png" height="200" width="193"/>            <media:content url="https://pre00.deviantart.net/c31d/th/pre/f/2019/027/7/2/721ea90a8c9c9173b70bb467d6bad9e4-dcy4wxb.png" height="911" width="877" medium="image"/>            
            <description>Golden Fern is a newer character of mine for a potential&amp;nbsp;rp&amp;nbsp;called &quot;Dues Ex.&quot; She is apart of a tribe of various animals called the Waste Tribe and acts as the War General and a second-in command&amp;nbsp;to Barren Heart (Who is owned by &lt;a target=&quot;_self&quot; href=&quot;https://www.deviantart.com/fairyfangs&quot; &gt;&lt;img class=&quot;avatar&quot; width=&quot;50&quot; height=&quot;50&quot; src=&quot;https://a.deviantart.net/avatars/f/a/fairyfangs.png?2&quot; alt=&quot;:iconfairyfangs:&quot; title=&quot;FairyFangs&quot; /&gt;&lt;/a&gt;) I&#039;m still working out the details in it but I really enjoy developing her and Barren&#039;s relationship with Brynn.&lt;br /&gt;&lt;div&gt;&lt;img src=&quot;https://t00.deviantart.net/gcd3nvnIqY0evjrSqgSzZ7WtHT4=/300x200/filters:fixed_height(100,100):origin()/pre00/c31d/th/pre/f/2019/027/7/2/721ea90a8c9c9173b70bb467d6bad9e4-dcy4wxb.png&quot; alt=&quot;thumbnail&quot; /&gt;&lt;/div&gt;</description>            </item>
                    <item>
                <title>Pony Poses</title>
                <link>https://ania626.deviantart.com/art/Pony-Poses-783027710</link>
                <guid isPermaLink="true">https://ania626.deviantart.com/art/Pony-Poses-783027710</guid>
                <pubDate>Sun, 27 Jan 2019 13:23:14 PST</pubDate>
                        <media:title type="plain">Pony Poses</media:title>
        <media:keywords></media:keywords>
                        <media:rating>nonadult</media:rating>
                <media:category label="Other">fanart/digital/vector/other</media:category>
        <media:credit role="author" scheme="urn:ebu">Ania626</media:credit>
        <media:credit role="author" scheme="urn:ebu">https://a.deviantart.net/avatars/a/n/ania626.png?14</media:credit>
        <media:copyright url="https://ania626.deviantart.com">Copyright 2019 Ania626</media:copyright>            <media:description type="html">&lt;div&gt;Base use: &lt;a href=&quot;https://www.deviantart.com/nimaru/art/Female-Pony-Standing-Base-Stock-Pkg-Mouth-ver-355651257&quot;&gt;www.deviantart.com/nimaru/art/&amp;hellip;&lt;/a&gt;&lt;/div&gt;&lt;div&gt;Ostatnio mi si&amp;#281; znale&amp;#378;&amp;#263; wektory do Illustratora, kt&amp;#243;re mam nadziej&amp;#281;, &amp;#380;e dosy&amp;#263; mocno przyspiesz&amp;#261; prac&amp;#281; nad moimi animacjami. Zrobi&amp;#322;am narazie ma&amp;#322;e przyk&amp;#322;ady moich 3 OC - Skylar Lightning, Violetty i Erline Dragos (bez jeszcze odnowionego wygl&amp;#261;du). My&amp;#347;l&amp;#281; &amp;#380;e tak ka&amp;#380;da z nich dostanie tak po jednej animacji. &lt;br /&gt;&lt;/div&gt;</media:description>            <media:thumbnail url="https://t00.deviantart.net/E5TSZocf0d9mVo4hsYQYqEhZ8U4=/fit-in/150x150/filters:no_upscale():origin()/pre00/1269/th/pre/i/2019/027/f/f/pony_poses_by_ania626-dcy701q.png" height="41" width="150"/>            <media:thumbnail url="https://t00.deviantart.net/TBkrnDH9k1FrPI2ObA-1LOPRbH4=/fit-in/300x900/filters:no_upscale():origin()/pre00/1269/th/pre/i/2019/027/f/f/pony_poses_by_ania626-dcy701q.png" height="82" width="300"/>            <media:thumbnail url="https://t00.deviantart.net/TmdfthmGOwZpZ5xfnuXfb4DpJfA=/300x200/filters:fixed_height(100,100):origin()/pre00/1269/th/pre/i/2019/027/f/f/pony_poses_by_ania626-dcy701q.png" height="100" width="302"/>            <media:content url="https://img00.deviantart.net/aa71/i/2019/027/f/f/pony_poses_by_ania626-dcy701q.png" height="350" width="1280" medium="image"/>            
            <description>&lt;div&gt;Base use: &lt;a href=&quot;https://www.deviantart.com/nimaru/art/Female-Pony-Standing-Base-Stock-Pkg-Mouth-ver-355651257&quot;&gt;www.deviantart.com/nimaru/art/&amp;hellip;&lt;/a&gt;&lt;/div&gt;&lt;div&gt;Ostatnio mi si&amp;#281; znale&amp;#378;&amp;#263; wektory do Illustratora, kt&amp;#243;re mam nadziej&amp;#281;, &amp;#380;e dosy&amp;#263; mocno przyspiesz&amp;#261; prac&amp;#281; nad moimi animacjami. Zrobi&amp;#322;am narazie ma&amp;#322;e przyk&amp;#322;ady moich 3 OC - Skylar Lightning, Violetty i Erline Dragos (bez jeszcze odnowionego wygl&amp;#261;du). My&amp;#347;l&amp;#281; &amp;#380;e tak ka&amp;#380;da z nich dostanie tak po jednej animacji. &lt;br /&gt;&lt;/div&gt;&lt;br /&gt;&lt;div&gt;&lt;img src=&quot;https://t00.deviantart.net/TmdfthmGOwZpZ5xfnuXfb4DpJfA=/300x200/filters:fixed_height(100,100):origin()/pre00/1269/th/pre/i/2019/027/f/f/pony_poses_by_ania626-dcy701q.png&quot; alt=&quot;thumbnail&quot; /&gt;&lt;/div&gt;</description>            </item>
                    <item>
                <title>So Cute</title>
                <link>https://boyonbox.deviantart.com/art/So-Cute-783029162</link>
                <guid isPermaLink="true">https://boyonbox.deviantart.com/art/So-Cute-783029162</guid>
                <pubDate>Sun, 27 Jan 2019 13:23:13 PST</pubDate>
                        <media:title type="plain">So Cute</media:title>
        <media:keywords></media:keywords>
                        <media:rating>adult</media:rating>
                <media:category label="Fetish Portraits">photography/people/fetish</media:category>
        <media:credit role="author" scheme="urn:ebu">BOYONBOX</media:credit>
        <media:credit role="author" scheme="urn:ebu">https://a.deviantart.net/avatars/default.gif</media:credit>
        <media:copyright url="https://boyonbox.deviantart.com">Copyright 2019 BOYONBOX</media:copyright>            <media:description type="html"></media:description>            <media:thumbnail url="https://t00.deviantart.net/g2vgw1aB4xER6MTBIli84OyBqfA=/fit-in/150x150/filters:no_upscale():origin()/pre00/4cf2/th/pre/f/2019/027/9/0/so_cute_by_boyonbox-dcy7162.jpg" height="150" width="100"/>            <media:thumbnail url="https://t00.deviantart.net/66ZqCYvCqh_JD1mpuu6Ce0FNzhI=/fit-in/300x900/filters:no_upscale():origin()/pre00/4cf2/th/pre/f/2019/027/9/0/so_cute_by_boyonbox-dcy7162.jpg" height="451" width="300"/>            <media:thumbnail url="https://t00.deviantart.net/APyi3_MoZlO3tuU_p7bPZttpZQE=/300x200/filters:fixed_height(100,100):origin()/pre00/4cf2/th/pre/f/2019/027/9/0/so_cute_by_boyonbox-dcy7162.jpg" height="200" width="133"/>            <media:content url="https://pre00.deviantart.net/4cf2/th/pre/f/2019/027/9/0/so_cute_by_boyonbox-dcy7162.jpg" height="1096" width="729" medium="image"/>            
            <description>&lt;br /&gt;&lt;div&gt;&lt;img src=&quot;https://t00.deviantart.net/APyi3_MoZlO3tuU_p7bPZttpZQE=/300x200/filters:fixed_height(100,100):origin()/pre00/4cf2/th/pre/f/2019/027/9/0/so_cute_by_boyonbox-dcy7162.jpg&quot; alt=&quot;thumbnail&quot; /&gt;&lt;/div&gt;</description>            </item>
                    <item>
                <title>C: Mangata</title>
                <link>https://hiraethe.deviantart.com/art/C-Mangata-783028868</link>
                <guid isPermaLink="true">https://hiraethe.deviantart.com/art/C-Mangata-783028868</guid>
                <pubDate>Sun, 27 Jan 2019 13:23:10 PST</pubDate>
                        <media:title type="plain">C: Mangata</media:title>
        <media:keywords></media:keywords>
                        <media:rating>nonadult</media:rating>
                <media:category label="Animals">digitalart/paintings/animals</media:category>
        <media:credit role="author" scheme="urn:ebu">Hiraethe</media:credit>
        <media:credit role="author" scheme="urn:ebu">https://a.deviantart.net/avatars/h/i/hiraethe.png?9</media:credit>
        <media:copyright url="https://hiraethe.deviantart.com">Copyright 2019 Hiraethe</media:copyright>            <media:description type="html">&lt;small&gt;commission for &lt;span class=&quot;username-with-symbol u&quot;&gt;&lt;a class=&quot;u regular username&quot; href=&quot;https://www.deviantart.com/edelli&quot;&gt;edelli&lt;/a&gt;&lt;span class=&quot;user-symbol regular&quot; data-quicktip-text=&quot;&quot; data-show-tooltip=&quot;&quot; data-gruser-type=&quot;regular&quot;&gt;&lt;/span&gt;&lt;/span&gt;!&lt;br /&gt;&lt;br /&gt;i had so much fun doing this bc it falls completely under the type of designs i love x&lt;/small&gt;</media:description>            <media:thumbnail url="https://t00.deviantart.net/XqYZu8YDRWAf0eNKaqemoYaM_Xc=/fit-in/150x150/filters:no_upscale():origin()/pre00/4890/th/pre/f/2019/027/b/1/edellibyhiraethe_by_hiraethe-dcy70xw.png" height="150" width="143"/>            <media:thumbnail url="https://t00.deviantart.net/UhkJIsSFDCWxjEzylkfJHSrzW1c=/fit-in/300x900/filters:no_upscale():origin()/pre00/4890/th/pre/f/2019/027/b/1/edellibyhiraethe_by_hiraethe-dcy70xw.png" height="314" width="300"/>            <media:thumbnail url="https://t00.deviantart.net/rVCKleKnb-Znc0BYbq6f8R_s3SI=/300x200/filters:fixed_height(100,100):origin()/pre00/4890/th/pre/f/2019/027/b/1/edellibyhiraethe_by_hiraethe-dcy70xw.png" height="200" width="191"/>            <media:content url="https://orig00.deviantart.net/9b5d/f/2019/027/b/1/edellibyhiraethe_by_hiraethe-dcy70xw.png" height="757" width="723" medium="image"/>            
            <description>&lt;small&gt;commission for &lt;span class=&quot;username-with-symbol u&quot;&gt;&lt;a class=&quot;u regular username&quot; href=&quot;https://www.deviantart.com/edelli&quot;&gt;edelli&lt;/a&gt;&lt;span class=&quot;user-symbol regular&quot; data-quicktip-text=&quot;&quot; data-show-tooltip=&quot;&quot; data-gruser-type=&quot;regular&quot;&gt;&lt;/span&gt;&lt;/span&gt;!&lt;br /&gt;&lt;br /&gt;i had so much fun doing this bc it falls completely under the type of designs i love x&lt;/small&gt;&lt;br /&gt;&lt;div&gt;&lt;img src=&quot;https://t00.deviantart.net/rVCKleKnb-Znc0BYbq6f8R_s3SI=/300x200/filters:fixed_height(100,100):origin()/pre00/4890/th/pre/f/2019/027/b/1/edellibyhiraethe_by_hiraethe-dcy70xw.png&quot; alt=&quot;thumbnail&quot; /&gt;&lt;/div&gt;</description>            </item>
                    <item>
                <title>Primarina TF Goo</title>
                <link>https://avianine.deviantart.com/art/Primarina-TF-Goo-783028907</link>
                <guid isPermaLink="true">https://avianine.deviantart.com/art/Primarina-TF-Goo-783028907</guid>
                <pubDate>Sun, 27 Jan 2019 13:23:10 PST</pubDate>
                        <media:title type="plain">Primarina TF Goo</media:title>
        <media:keywords></media:keywords>
                        <media:rating>nonadult</media:rating>
                <media:category label="Drawings">cartoons/digital/cartoons/drawings</media:category>
        <media:credit role="author" scheme="urn:ebu">Avianine</media:credit>
        <media:credit role="author" scheme="urn:ebu">https://a.deviantart.net/avatars/a/v/avianine.jpg?2</media:credit>
        <media:copyright url="https://avianine.deviantart.com">Copyright 2019 Avianine</media:copyright>            <media:description type="html">&lt;span&gt;Comission for&amp;nbsp;&lt;/span&gt;&lt;a class=&quot;external&quot; href=&quot;https://www.deviantart.com/users/outgoing?http://www.furaffinity.net/user/forgottenstar&quot;&gt;&amp;nbsp;forgottenstar&lt;/a&gt;</media:description>            <media:thumbnail url="https://t00.deviantart.net/ls0XB3SP-2VTD-h9ClX0vKgJ-sA=/fit-in/150x150/filters:no_upscale():origin()/pre00/a9d9/th/pre/i/2019/027/a/6/primarina_tf_goo_by_avianine-dcy70yz.png" height="102" width="150"/>            <media:thumbnail url="https://t00.deviantart.net/wPKbpacchuDVpY4dj4x4Ujab5fA=/fit-in/300x900/filters:no_upscale():origin()/pre00/a9d9/th/pre/i/2019/027/a/6/primarina_tf_goo_by_avianine-dcy70yz.png" height="203" width="300"/>            <media:thumbnail url="https://t00.deviantart.net/LtYKh0lzVd9zSyDHUmTN4_qVkVA=/300x200/filters:fixed_height(100,100):origin()/pre00/a9d9/th/pre/i/2019/027/a/6/primarina_tf_goo_by_avianine-dcy70yz.png" height="200" width="295"/>            <media:content url="https://img00.deviantart.net/ba7a/i/2019/027/a/6/primarina_tf_goo_by_avianine-dcy70yz.png" height="695" width="1024" medium="image"/>            
            <description>&lt;span&gt;Comission for&amp;nbsp;&lt;/span&gt;&lt;a class=&quot;external&quot; href=&quot;https://www.deviantart.com/users/outgoing?http://www.furaffinity.net/user/forgottenstar&quot;&gt;&amp;nbsp;forgottenstar&lt;/a&gt;&lt;br /&gt;&lt;div&gt;&lt;img src=&quot;https://t00.deviantart.net/LtYKh0lzVd9zSyDHUmTN4_qVkVA=/300x200/filters:fixed_height(100,100):origin()/pre00/a9d9/th/pre/i/2019/027/a/6/primarina_tf_goo_by_avianine-dcy70yz.png&quot; alt=&quot;thumbnail&quot; /&gt;&lt;/div&gt;</description>            </item>
                    <item>
                <title>Black Bird Ink</title>
                <link>https://creativefiddler.deviantart.com/art/Black-Bird-Ink-783028034</link>
                <guid isPermaLink="true">https://creativefiddler.deviantart.com/art/Black-Bird-Ink-783028034</guid>
                <pubDate>Sun, 27 Jan 2019 13:23:09 PST</pubDate>
                        <media:title type="plain">Black Bird Ink</media:title>
        <media:keywords></media:keywords>
                        <media:rating>nonadult</media:rating>
                <media:category label="Macabre &amp; Horror">traditional/drawings/macabre</media:category>
        <media:credit role="author" scheme="urn:ebu">CreativeFiddler</media:credit>
        <media:credit role="author" scheme="urn:ebu">https://a.deviantart.net/avatars/c/r/creativefiddler.png?2</media:credit>
        <media:copyright url="https://creativefiddler.deviantart.com">Copyright 2019 CreativeFiddler</media:copyright>            <media:description type="html">He&#039;s awaitin for those lost souls&lt;br /&gt;&lt;br /&gt;(this bird is&amp;nbsp;loosely based off of a harpy eagle, heres what one looks like --&amp;gt;&lt;a class=&quot;external&quot; href=&quot;https://www.deviantart.com/users/outgoing?https://www.bing.com/images/search?view=detailV2&amp;id=670F2D9EDF01F1E3A6CDCB64CD8B7211534DA4DD&amp;amp;thid=OIP.jZXTU8PlfupOlMA3wt2iPAHaGa&amp;mediaurl=http%3A%2F%2Fwww.animalspot.net%2Fwp-content%2Fuploads%2F2011%2F09%2FThe-Harpy-Eagle.jpg&amp;amp;exph=650&amp;expw=750&amp;amp;q=harpy+eagle&amp;selectedindex=33&amp;amp;ajaxhist=0&amp;vt=0&amp;amp;eim=1,2,6&quot;&gt;www.bing.com/images/search?vie&amp;hellip;&lt;/a&gt; )&lt;br /&gt;&lt;br /&gt;&lt;a target=&quot;_self&quot; href=&quot;https://www.deviantart.com/stop1plz&quot; &gt;&lt;img class=&quot;avatar&quot; width=&quot;50&quot; height=&quot;50&quot; src=&quot;https://a.deviantart.net/avatars/s/t/stop1plz.gif&quot; alt=&quot;:iconstop1plz:&quot; title=&quot;stop1plz&quot; /&gt;&lt;/a&gt;&lt;a target=&quot;_self&quot; href=&quot;https://www.deviantart.com/stop2plz&quot; &gt;&lt;img class=&quot;avatar&quot; width=&quot;50&quot; height=&quot;50&quot; src=&quot;https://a.deviantart.net/avatars/s/t/stop2plz.gif&quot; alt=&quot;:iconstop2plz:&quot; title=&quot;stop2plz&quot; /&gt;&lt;/a&gt;&lt;a target=&quot;_self&quot; href=&quot;https://www.deviantart.com/stop3plz&quot; &gt;&lt;img class=&quot;avatar&quot; width=&quot;50&quot; height=&quot;50&quot; src=&quot;https://a.deviantart.net/avatars/s/t/stop3plz.gif&quot; alt=&quot;:iconstop3plz:&quot; title=&quot;stop3plz&quot; /&gt;&lt;/a&gt;&lt;a target=&quot;_self&quot; href=&quot;https://www.deviantart.com/stop4plz&quot; &gt;&lt;img class=&quot;avatar&quot; width=&quot;50&quot; height=&quot;50&quot; src=&quot;https://a.deviantart.net/avatars/s/t/stop4plz.gif&quot; alt=&quot;:iconstop4plz:&quot; title=&quot;stop4plz&quot; /&gt;&lt;/a&gt;</media:description>            <media:thumbnail url="https://t00.deviantart.net/1mhup7gAYm2KQlnOrljrQBzwmYc=/fit-in/150x150/filters:no_upscale():origin()/pre00/d8d8/th/pre/i/2019/027/1/b/black_bird_ink_by_creativefiddler-dcy70aq.jpg" height="150" width="123"/>            <media:thumbnail url="https://t00.deviantart.net/hz5e2DbQcN29uMLdySwpkjcmC-U=/fit-in/300x900/filters:no_upscale():origin()/pre00/d8d8/th/pre/i/2019/027/1/b/black_bird_ink_by_creativefiddler-dcy70aq.jpg" height="366" width="300"/>            <media:thumbnail url="https://t00.deviantart.net/sgBl2csYD1JaK8i90HGELNv_2XI=/300x200/filters:fixed_height(100,100):origin()/pre00/d8d8/th/pre/i/2019/027/1/b/black_bird_ink_by_creativefiddler-dcy70aq.jpg" height="200" width="164"/>            <media:content url="https://pre00.deviantart.net/d8d8/th/pre/i/2019/027/1/b/black_bird_ink_by_creativefiddler-dcy70aq.jpg" height="988" width="809" medium="image"/>            
            <description>He&#039;s awaitin for those lost souls&lt;br /&gt;&lt;br /&gt;(this bird is&amp;nbsp;loosely based off of a harpy eagle, heres what one looks like --&amp;gt;&lt;a class=&quot;external&quot; href=&quot;https://www.deviantart.com/users/outgoing?https://www.bing.com/images/search?view=detailV2&amp;id=670F2D9EDF01F1E3A6CDCB64CD8B7211534DA4DD&amp;amp;thid=OIP.jZXTU8PlfupOlMA3wt2iPAHaGa&amp;mediaurl=http%3A%2F%2Fwww.animalspot.net%2Fwp-content%2Fuploads%2F2011%2F09%2FThe-Harpy-Eagle.jpg&amp;amp;exph=650&amp;expw=750&amp;amp;q=harpy+eagle&amp;selectedindex=33&amp;amp;ajaxhist=0&amp;vt=0&amp;amp;eim=1,2,6&quot;&gt;www.bing.com/images/search?vie&amp;hellip;&lt;/a&gt; )&lt;br /&gt;&lt;br /&gt;&lt;a target=&quot;_self&quot; href=&quot;https://www.deviantart.com/stop1plz&quot; &gt;&lt;img class=&quot;avatar&quot; width=&quot;50&quot; height=&quot;50&quot; src=&quot;https://a.deviantart.net/avatars/s/t/stop1plz.gif&quot; alt=&quot;:iconstop1plz:&quot; title=&quot;stop1plz&quot; /&gt;&lt;/a&gt;&lt;a target=&quot;_self&quot; href=&quot;https://www.deviantart.com/stop2plz&quot; &gt;&lt;img class=&quot;avatar&quot; width=&quot;50&quot; height=&quot;50&quot; src=&quot;https://a.deviantart.net/avatars/s/t/stop2plz.gif&quot; alt=&quot;:iconstop2plz:&quot; title=&quot;stop2plz&quot; /&gt;&lt;/a&gt;&lt;a target=&quot;_self&quot; href=&quot;https://www.deviantart.com/stop3plz&quot; &gt;&lt;img class=&quot;avatar&quot; width=&quot;50&quot; height=&quot;50&quot; src=&quot;https://a.deviantart.net/avatars/s/t/stop3plz.gif&quot; alt=&quot;:iconstop3plz:&quot; title=&quot;stop3plz&quot; /&gt;&lt;/a&gt;&lt;a target=&quot;_self&quot; href=&quot;https://www.deviantart.com/stop4plz&quot; &gt;&lt;img class=&quot;avatar&quot; width=&quot;50&quot; height=&quot;50&quot; src=&quot;https://a.deviantart.net/avatars/s/t/stop4plz.gif&quot; alt=&quot;:iconstop4plz:&quot; title=&quot;stop4plz&quot; /&gt;&lt;/a&gt;&lt;br /&gt;&lt;div&gt;&lt;img src=&quot;https://t00.deviantart.net/sgBl2csYD1JaK8i90HGELNv_2XI=/300x200/filters:fixed_height(100,100):origin()/pre00/d8d8/th/pre/i/2019/027/1/b/black_bird_ink_by_creativefiddler-dcy70aq.jpg&quot; alt=&quot;thumbnail&quot; /&gt;&lt;/div&gt;</description>            </item>
                    <item>
                <title>Queen of Blood Nikki</title>
                <link>https://nataliedapotatoyt.deviantart.com/art/Queen-of-Blood-Nikki-783029170</link>
                <guid isPermaLink="true">https://nataliedapotatoyt.deviantart.com/art/Queen-of-Blood-Nikki-783029170</guid>
                <pubDate>Sun, 27 Jan 2019 13:23:09 PST</pubDate>
                        <media:title type="plain">Queen of Blood Nikki</media:title>
        <media:keywords></media:keywords>
                        <media:rating>nonadult</media:rating>
                <media:category label="Drawings">manga/digital/drawings</media:category>
        <media:credit role="author" scheme="urn:ebu">NatalieDaPotatoYT</media:credit>
        <media:credit role="author" scheme="urn:ebu">https://a.deviantart.net/avatars/n/a/nataliedapotatoyt.jpg?8</media:credit>
        <media:copyright url="https://nataliedapotatoyt.deviantart.com">Copyright 2019 NatalieDaPotatoYT</media:copyright>            <media:description type="html"></media:description>            <media:thumbnail url="https://t00.deviantart.net/RBTL-F3dncn_PyyOhcYy7OGnF8o=/fit-in/150x150/filters:no_upscale():origin()/pre00/fce6/th/pre/f/2019/027/2/5/image0__70__by_nataliedapotatoyt-dcy716a.png" height="150" width="84"/>            <media:thumbnail url="https://t00.deviantart.net/KvG83x56uLZZGoWTUvUl45FB5jo=/fit-in/300x900/filters:no_upscale():origin()/pre00/fce6/th/pre/f/2019/027/2/5/image0__70__by_nataliedapotatoyt-dcy716a.png" height="533" width="300"/>            <media:thumbnail url="https://t00.deviantart.net/y8Aj6jhwSbbVAxEMHC5vnD68sOg=/300x200/filters:fixed_height(100,100):origin()/pre00/fce6/th/pre/f/2019/027/2/5/image0__70__by_nataliedapotatoyt-dcy716a.png" height="200" width="113"/>            <media:content url="https://pre00.deviantart.net/fce6/th/pre/f/2019/027/2/5/image0__70__by_nataliedapotatoyt-dcy716a.png" height="1192" width="670" medium="image"/>            
            <description>&lt;br /&gt;&lt;div&gt;&lt;img src=&quot;https://t00.deviantart.net/y8Aj6jhwSbbVAxEMHC5vnD68sOg=/300x200/filters:fixed_height(100,100):origin()/pre00/fce6/th/pre/f/2019/027/2/5/image0__70__by_nataliedapotatoyt-dcy716a.png&quot; alt=&quot;thumbnail&quot; /&gt;&lt;/div&gt;</description>            </item>
                    <item>
                <title>Side Effects - 21</title>
                <link>https://skywalker22183.deviantart.com/art/Side-Effects-21-783028867</link>
                <guid isPermaLink="true">https://skywalker22183.deviantart.com/art/Side-Effects-21-783028867</guid>
                <pubDate>Sun, 27 Jan 2019 13:23:07 PST</pubDate>
                        <media:title type="plain">Side Effects - 21</media:title>
        <media:keywords></media:keywords>
                        <media:rating>nonadult</media:rating>
                <media:category label="Female">digitalart/3d/characters/female</media:category>
        <media:credit role="author" scheme="urn:ebu">skywalker22183</media:credit>
        <media:credit role="author" scheme="urn:ebu">https://a.deviantart.net/avatars/s/k/skywalker22183.jpg?2</media:credit>
        <media:copyright url="https://skywalker22183.deviantart.com">Copyright 2019 skywalker22183</media:copyright>            <media:description type="html">Viola was in just as much shock as her now lovely longhaired&amp;nbsp;redhead follower. &lt;br /&gt;&lt;br /&gt;&quot;Amazing!&quot; Viola gaped with wonder.</media:description>            <media:thumbnail url="https://t00.deviantart.net/jH7dfdNnm1onJ2oBQ2R37M2Rr0c=/fit-in/150x150/filters:no_upscale():origin()/pre00/4988/th/pre/f/2019/027/0/5/side_effects___21_by_skywalker22183-dcy70xv.png" height="84" width="150"/>            <media:thumbnail url="https://t00.deviantart.net/ZbUfiVVcXaU6wpOUcjPTmXkTVOQ=/fit-in/300x900/filters:no_upscale():origin()/pre00/4988/th/pre/f/2019/027/0/5/side_effects___21_by_skywalker22183-dcy70xv.png" height="169" width="300"/>            <media:thumbnail url="https://t00.deviantart.net/WeiMSBi96DkikEZ-4skh4cAfyiU=/300x200/filters:fixed_height(100,100):origin()/pre00/4988/th/pre/f/2019/027/0/5/side_effects___21_by_skywalker22183-dcy70xv.png" height="169" width="300"/>            <media:content url="https://pre00.deviantart.net/4988/th/pre/f/2019/027/0/5/side_effects___21_by_skywalker22183-dcy70xv.png" height="670" width="1192" medium="image"/>            
            <description>Viola was in just as much shock as her now lovely longhaired&amp;nbsp;redhead follower. &lt;br /&gt;&lt;br /&gt;&quot;Amazing!&quot; Viola gaped with wonder.&lt;br /&gt;&lt;div&gt;&lt;img src=&quot;https://t00.deviantart.net/WeiMSBi96DkikEZ-4skh4cAfyiU=/300x200/filters:fixed_height(100,100):origin()/pre00/4988/th/pre/f/2019/027/0/5/side_effects___21_by_skywalker22183-dcy70xv.png&quot; alt=&quot;thumbnail&quot; /&gt;&lt;/div&gt;</description>            </item>
                    <item>
                <title>Sybbl</title>
                <link>https://jadepetal.deviantart.com/art/Sybbl-783029128</link>
                <guid isPermaLink="true">https://jadepetal.deviantart.com/art/Sybbl-783029128</guid>
                <pubDate>Sun, 27 Jan 2019 13:23:05 PST</pubDate>
                        <media:title type="plain">Sybbl</media:title>
        <media:keywords></media:keywords>
                        <media:rating>nonadult</media:rating>
                <media:category label="Drawings">manga/digital/drawings</media:category>
        <media:credit role="author" scheme="urn:ebu">JadePetal</media:credit>
        <media:credit role="author" scheme="urn:ebu">https://a.deviantart.net/avatars/j/a/jadepetal.png?9</media:credit>
        <media:copyright url="https://jadepetal.deviantart.com">Copyright 2019 JadePetal</media:copyright>            <media:description type="html"></media:description>            <media:thumbnail url="https://t00.deviantart.net/7bt2PjsuNMyD6qL70-VMb-YzwT0=/fit-in/150x150/filters:no_upscale():origin()/pre00/641c/th/pre/f/2019/027/3/8/sybbl_by_jadepetal-dcy7154.png" height="150" width="107"/>            <media:thumbnail url="https://t00.deviantart.net/aKDFVmRe8wTURYygXlmEWJvemf4=/fit-in/300x900/filters:no_upscale():origin()/pre00/641c/th/pre/f/2019/027/3/8/sybbl_by_jadepetal-dcy7154.png" height="420" width="300"/>            <media:thumbnail url="https://t00.deviantart.net/6Kg3bs4pZnNLl5UUs2MyB7b6thM=/300x200/filters:fixed_height(100,100):origin()/pre00/641c/th/pre/f/2019/027/3/8/sybbl_by_jadepetal-dcy7154.png" height="200" width="143"/>            <media:content url="https://orig00.deviantart.net/8ba8/f/2019/027/3/8/sybbl_by_jadepetal-dcy7154.png" height="662" width="473" medium="image"/>            
            <description>&lt;br /&gt;&lt;div&gt;&lt;img src=&quot;https://t00.deviantart.net/6Kg3bs4pZnNLl5UUs2MyB7b6thM=/300x200/filters:fixed_height(100,100):origin()/pre00/641c/th/pre/f/2019/027/3/8/sybbl_by_jadepetal-dcy7154.png&quot; alt=&quot;thumbnail&quot; /&gt;&lt;/div&gt;</description>            </item>
                    <item>
                <title>Hmm a cat</title>
                <link>https://kcbuetacasey.deviantart.com/art/Hmm-a-cat-783029116</link>
                <guid isPermaLink="true">https://kcbuetacasey.deviantart.com/art/Hmm-a-cat-783029116</guid>
                <pubDate>Sun, 27 Jan 2019 13:23:05 PST</pubDate>
                        <media:title type="plain">Hmm a cat</media:title>
        <media:keywords></media:keywords>
                        <media:rating>nonadult</media:rating>
                <media:category label="Games">fanart/digital/drawings/games</media:category>
        <media:credit role="author" scheme="urn:ebu">Kcbuetacasey</media:credit>
        <media:credit role="author" scheme="urn:ebu">https://a.deviantart.net/avatars/k/c/kcbuetacasey.jpg?3</media:credit>
        <media:copyright url="https://kcbuetacasey.deviantart.com">Copyright 2019 Kcbuetacasey</media:copyright>            <media:description type="html">Cat</media:description>            <media:thumbnail url="https://t00.deviantart.net/DOrK3uVhkHnqlswilgT39c0XW3M=/fit-in/150x150/filters:no_upscale():origin()/pre00/0b57/th/pre/i/2019/027/8/7/hmm_a_cat_by_kcbuetacasey-dcy714s.jpg" height="85" width="150"/>            <media:thumbnail url="https://t00.deviantart.net/UsTHVXxx0TsixDULcufar8MR6r8=/fit-in/300x900/filters:no_upscale():origin()/pre00/0b57/th/pre/i/2019/027/8/7/hmm_a_cat_by_kcbuetacasey-dcy714s.jpg" height="170" width="300"/>            <media:thumbnail url="https://t00.deviantart.net/ttO7pXrUxMt_fxc0t0XK7uPlKuo=/300x200/filters:fixed_height(100,100):origin()/pre00/0b57/th/pre/i/2019/027/8/7/hmm_a_cat_by_kcbuetacasey-dcy714s.jpg" height="170" width="300"/>            <media:content url="https://pre00.deviantart.net/0b57/th/pre/i/2019/027/8/7/hmm_a_cat_by_kcbuetacasey-dcy714s.jpg" height="672" width="1189" medium="image"/>            
            <description>Cat&lt;br /&gt;&lt;div&gt;&lt;img src=&quot;https://t00.deviantart.net/ttO7pXrUxMt_fxc0t0XK7uPlKuo=/300x200/filters:fixed_height(100,100):origin()/pre00/0b57/th/pre/i/2019/027/8/7/hmm_a_cat_by_kcbuetacasey-dcy714s.jpg&quot; alt=&quot;thumbnail&quot; /&gt;&lt;/div&gt;</description>            </item>
                    <item>
                <title>Nerak</title>
                <link>https://cyboarnetic.deviantart.com/art/Nerak-783028191</link>
                <guid isPermaLink="true">https://cyboarnetic.deviantart.com/art/Nerak-783028191</guid>
                <pubDate>Sun, 27 Jan 2019 13:23:04 PST</pubDate>
                        <media:title type="plain">Nerak</media:title>
        <media:keywords></media:keywords>
                        <media:rating>nonadult</media:rating>
                <media:category label="Fantasy">digitalart/paintings/fantasy</media:category>
        <media:credit role="author" scheme="urn:ebu">Cyboarnetic</media:credit>
        <media:credit role="author" scheme="urn:ebu">https://a.deviantart.net/avatars/c/y/cyboarnetic.png?11</media:credit>
        <media:copyright url="https://cyboarnetic.deviantart.com">Copyright 2019 Cyboarnetic</media:copyright>            <media:description type="html">&lt;div align=&quot;center&quot;&gt;Icon commission for K2 on Twitter!&lt;br /&gt;&lt;br /&gt;&lt;h1 align=&quot;center&quot;&gt;&lt;b&gt;&lt;a href=&quot;https://www.deviantart.com/king-lulu-deer/art/Stars-743318465&quot; class=&quot;emoticon&quot; data-embed-type=&quot;emoticon&quot; data-embed-id=&quot;743318465&quot; data-embed-profile=&quot;deviation&quot;&gt;&lt;img src=&quot;https://orig00.deviantart.net/608a/f/2018/123/6/9/stars_by_king_lulu_deer-dcajw75.gif&quot; alt=&quot;Stars&quot; style=&quot;width:27px;height:26px&quot;&gt;&lt;/a&gt;&amp;nbsp;&lt;a href=&quot;https://www.deviantart.com/king-lulu-deer/art/Stars-743318465&quot; class=&quot;emoticon&quot; data-embed-type=&quot;emoticon&quot; data-embed-id=&quot;743318465&quot; data-embed-profile=&quot;deviation&quot;&gt;&lt;img src=&quot;https://orig00.deviantart.net/608a/f/2018/123/6/9/stars_by_king_lulu_deer-dcajw75.gif&quot; alt=&quot;Stars&quot; style=&quot;width:27px;height:26px&quot;&gt;&lt;/a&gt;&amp;nbsp;&lt;a href=&quot;https://www.deviantart.com/king-lulu-deer/art/Stars-743318465&quot; class=&quot;emoticon&quot; data-embed-type=&quot;emoticon&quot; data-embed-id=&quot;743318465&quot; data-embed-profile=&quot;deviation&quot;&gt;&lt;img src=&quot;https://orig00.deviantart.net/608a/f/2018/123/6/9/stars_by_king_lulu_deer-dcajw75.gif&quot; alt=&quot;Stars&quot; style=&quot;width:27px;height:26px&quot;&gt;&lt;/a&gt;&amp;nbsp;&lt;a href=&quot;https://www.deviantart.com/king-lulu-deer/art/Stars-743318465&quot; class=&quot;emoticon&quot; data-embed-type=&quot;emoticon&quot; data-embed-id=&quot;743318465&quot; data-embed-profile=&quot;deviation&quot;&gt;&lt;img src=&quot;https://orig00.deviantart.net/608a/f/2018/123/6/9/stars_by_king_lulu_deer-dcajw75.gif&quot; alt=&quot;Stars&quot; style=&quot;width:27px;height:26px&quot;&gt;&lt;/a&gt;&amp;nbsp;&lt;a href=&quot;https://www.deviantart.com/king-lulu-deer/art/Stars-743318465&quot; class=&quot;emoticon&quot; data-embed-type=&quot;emoticon&quot; data-embed-id=&quot;743318465&quot; data-embed-profile=&quot;deviation&quot;&gt;&lt;img src=&quot;https://orig00.deviantart.net/608a/f/2018/123/6/9/stars_by_king_lulu_deer-dcajw75.gif&quot; alt=&quot;Stars&quot; style=&quot;width:27px;height:26px&quot;&gt;&lt;/a&gt;&amp;nbsp;&lt;a href=&quot;https://www.deviantart.com/king-lulu-deer/art/Stars-743318465&quot; class=&quot;emoticon&quot; data-embed-type=&quot;emoticon&quot; data-embed-id=&quot;743318465&quot; data-embed-profile=&quot;deviation&quot;&gt;&lt;img src=&quot;https://orig00.deviantart.net/608a/f/2018/123/6/9/stars_by_king_lulu_deer-dcajw75.gif&quot; alt=&quot;Stars&quot; style=&quot;width:27px;height:26px&quot;&gt;&lt;/a&gt;&amp;nbsp;&lt;/b&gt;&lt;/h1&gt;&lt;b&gt;Art&amp;nbsp;&lt;a href=&quot;https://www.deviantart.com/mobmotherscitah/art/Copyright-Gold-503362939&quot; class=&quot;emoticon&quot; data-embed-type=&quot;emoticon&quot; data-embed-id=&quot;503362939&quot; data-embed-profile=&quot;deviation&quot;&gt;&lt;img src=&quot;https://orig00.deviantart.net/dc84/f/2014/363/9/2/copyright_gold_by_mobmotherscitah-d8botbv.gif&quot; alt=&quot;Copyright Gold&quot; style=&quot;width:9px;height:9px&quot;&gt;&lt;/a&gt;&amp;nbsp;Cyboarnetic&lt;br /&gt;Nerak&lt;a href=&quot;https://www.deviantart.com/mobmotherscitah/art/Copyright-Gold-503362939&quot; class=&quot;emoticon&quot; data-embed-type=&quot;emoticon&quot; data-embed-id=&quot;503362939&quot; data-embed-profile=&quot;deviation&quot;&gt;&lt;img src=&quot;https://orig00.deviantart.net/dc84/f/2014/363/9/2/copyright_gold_by_mobmotherscitah-d8botbv.gif&quot; alt=&quot;Copyright Gold&quot; style=&quot;width:9px;height:9px&quot;&gt;&lt;/a&gt;&amp;nbsp;K2&lt;/b&gt;&lt;br /&gt;&lt;br /&gt;&lt;/div&gt;&lt;div align=&quot;center&quot;&gt;&lt;b&gt;&lt;a href=&quot;https://www.deviantart.com/king-lulu-deer/art/Stars-743318465&quot; class=&quot;emoticon&quot; data-embed-type=&quot;emoticon&quot; data-embed-id=&quot;743318465&quot; data-embed-profile=&quot;deviation&quot;&gt;&lt;img src=&quot;https://orig00.deviantart.net/608a/f/2018/123/6/9/stars_by_king_lulu_deer-dcajw75.gif&quot; alt=&quot;Stars&quot; style=&quot;width:27px;height:26px&quot;&gt;&lt;/a&gt;&amp;nbsp;&lt;a href=&quot;https://www.deviantart.com/king-lulu-deer/art/Stars-743318465&quot; class=&quot;emoticon&quot; data-embed-type=&quot;emoticon&quot; data-embed-id=&quot;743318465&quot; data-embed-profile=&quot;deviation&quot;&gt;&lt;img src=&quot;https://orig00.deviantart.net/608a/f/2018/123/6/9/stars_by_king_lulu_deer-dcajw75.gif&quot; alt=&quot;Stars&quot; style=&quot;width:27px;height:26px&quot;&gt;&lt;/a&gt;&amp;nbsp;&lt;a href=&quot;https://www.deviantart.com/king-lulu-deer/art/Stars-743318465&quot; class=&quot;emoticon&quot; data-embed-type=&quot;emoticon&quot; data-embed-id=&quot;743318465&quot; data-embed-profile=&quot;deviation&quot;&gt;&lt;img src=&quot;https://orig00.deviantart.net/608a/f/2018/123/6/9/stars_by_king_lulu_deer-dcajw75.gif&quot; alt=&quot;Stars&quot; style=&quot;width:27px;height:26px&quot;&gt;&lt;/a&gt;&amp;nbsp;&lt;a href=&quot;https://www.deviantart.com/king-lulu-deer/art/Stars-743318465&quot; class=&quot;emoticon&quot; data-embed-type=&quot;emoticon&quot; data-embed-id=&quot;743318465&quot; data-embed-profile=&quot;deviation&quot;&gt;&lt;img src=&quot;https://orig00.deviantart.net/608a/f/2018/123/6/9/stars_by_king_lulu_deer-dcajw75.gif&quot; alt=&quot;Stars&quot; style=&quot;width:27px;height:26px&quot;&gt;&lt;/a&gt;&amp;nbsp;&lt;a href=&quot;https://www.deviantart.com/king-lulu-deer/art/Stars-743318465&quot; class=&quot;emoticon&quot; data-embed-type=&quot;emoticon&quot; data-embed-id=&quot;743318465&quot; data-embed-profile=&quot;deviation&quot;&gt;&lt;img src=&quot;https://orig00.deviantart.net/608a/f/2018/123/6/9/stars_by_king_lulu_deer-dcajw75.gif&quot; alt=&quot;Stars&quot; style=&quot;width:27px;height:26px&quot;&gt;&lt;/a&gt;&amp;nbsp;&lt;a href=&quot;https://www.deviantart.com/king-lulu-deer/art/Stars-743318465&quot; class=&quot;emoticon&quot; data-embed-type=&quot;emoticon&quot; data-embed-id=&quot;743318465&quot; data-embed-profile=&quot;deviation&quot;&gt;&lt;img src=&quot;https://orig00.deviantart.net/608a/f/2018/123/6/9/stars_by_king_lulu_deer-dcajw75.gif&quot; alt=&quot;Stars&quot; style=&quot;width:27px;height:26px&quot;&gt;&lt;/a&gt;&amp;nbsp;&lt;a href=&quot;https://www.deviantart.com/king-lulu-deer/art/Stars-743318465&quot; class=&quot;emoticon&quot; data-embed-type=&quot;emoticon&quot; data-embed-id=&quot;743318465&quot; data-embed-profile=&quot;deviation&quot;&gt;&lt;img src=&quot;https://orig00.deviantart.net/608a/f/2018/123/6/9/stars_by_king_lulu_deer-dcajw75.gif&quot; alt=&quot;Stars&quot; style=&quot;width:27px;height:26px&quot;&gt;&lt;/a&gt;&amp;nbsp;&lt;a href=&quot;https://www.deviantart.com/king-lulu-deer/art/Stars-743318465&quot; class=&quot;emoticon&quot; data-embed-type=&quot;emoticon&quot; data-embed-id=&quot;743318465&quot; data-embed-profile=&quot;deviation&quot;&gt;&lt;img src=&quot;https://orig00.deviantart.net/608a/f/2018/123/6/9/stars_by_king_lulu_deer-dcajw75.gif&quot; alt=&quot;Stars&quot; style=&quot;width:27px;height:26px&quot;&gt;&lt;/a&gt;&lt;br /&gt;&lt;a href=&quot;https://www.deviantart.com/drawn-mario/art/Links-566640342&quot; class=&quot;emoticon&quot; data-embed-type=&quot;emoticon&quot; data-embed-id=&quot;566640342&quot; data-embed-profile=&quot;deviation&quot;&gt;&lt;img src=&quot;https://orig00.deviantart.net/ea26/f/2015/289/2/d/links_by_drawn_mario-d9dd2hi.gif&quot; alt=&quot;Links&quot; style=&quot;width:48px;height:20px&quot;&gt;&lt;/a&gt;&amp;nbsp;&lt;br /&gt;&amp;nbsp;&amp;nbsp;&lt;br /&gt;&lt;/b&gt;&lt;a href=&quot;https://www.deviantart.com/users/outgoing?https://twitter.com/cyboarnetic&quot;&gt;&lt;b&gt;&lt;/b&gt;&lt;/a&gt;&lt;b&gt;&lt;a href=&quot;https://www.deviantart.com/uluri/art/Twitter-logo-Icon-Button-689281972&quot; class=&quot;emoticon&quot; data-embed-type=&quot;emoticon&quot; data-embed-id=&quot;689281972&quot; data-embed-profile=&quot;deviation&quot;&gt;&lt;img src=&quot;https://images-wixmp-ed30a86b8c4ca887773594c2.wixmp.com/intermediary/f/028fb433-f3a8-4418-b240-e0470ed9d7fb/dbedpdg-1a0adf3b-0a1e-4900-9afe-f522e00d63ff.png&quot; alt=&quot;Twitter logo Icon Button&quot; style=&quot;width:50px;height:50px&quot;&gt;&lt;/a&gt;&lt;/b&gt;&amp;nbsp;&lt;a href=&quot;https://www.deviantart.com/users/outgoing?https://www.instagram.com/cyboarnetic/&quot;&gt;&lt;/a&gt;&lt;a href=&quot;https://www.deviantart.com/uluri/art/FREE-Instagram-Logo-Button-Icon-741152909&quot; class=&quot;emoticon&quot; data-embed-type=&quot;emoticon&quot; data-embed-id=&quot;741152909&quot; data-embed-profile=&quot;deviation&quot;&gt;&lt;img src=&quot;https://images-wixmp-ed30a86b8c4ca887773594c2.wixmp.com/intermediary/f/028fb433-f3a8-4418-b240-e0470ed9d7fb/dc99h8t-3eb10b71-521e-41e9-b12d-53805d845f4f.png&quot; alt=&quot;FREE Instagram Logo Button Icon&quot; style=&quot;width:50px;height:50px&quot;&gt;&lt;/a&gt;&amp;nbsp;&lt;a href=&quot;https://www.deviantart.com/users/outgoing?https://toyhou.se/Cyboarnetic&quot;&gt;&lt;/a&gt;&lt;a href=&quot;https://www.deviantart.com/uluri/art/Toyhouse-logo-icon-Button-689394472&quot; class=&quot;emoticon&quot; data-embed-type=&quot;emoticon&quot; data-embed-id=&quot;689394472&quot; data-embed-profile=&quot;deviation&quot;&gt;&lt;img src=&quot;https://images-wixmp-ed30a86b8c4ca887773594c2.wixmp.com/intermediary/f/028fb433-f3a8-4418-b240-e0470ed9d7fb/dbeg46g-7fdf9608-d16f-4909-8ee3-9d34140b602a.png&quot; alt=&quot;Toyhouse logo icon Button&quot; style=&quot;width:50px;height:50px&quot;&gt;&lt;/a&gt;&amp;nbsp;&lt;a href=&quot;https://www.deviantart.com/users/outgoing?https://ko-fi.com/carrie&quot;&gt;&lt;/a&gt;&lt;a href=&quot;https://www.deviantart.com/uluri/art/Ko-fi-Logo-button-icon-719552065&quot; class=&quot;emoticon&quot; data-embed-type=&quot;emoticon&quot; data-embed-id=&quot;719552065&quot; data-embed-profile=&quot;deviation&quot;&gt;&lt;img src=&quot;https://images-wixmp-ed30a86b8c4ca887773594c2.wixmp.com/intermediary/f/028fb433-f3a8-4418-b240-e0470ed9d7fb/dbwehxd-f06c4d2a-b782-475c-90d1-f59d30c342d5.png&quot; alt=&quot;Ko-fi Logo button icon&quot; style=&quot;width:50px;height:50px&quot;&gt;&lt;/a&gt;&lt;/div&gt;</media:description>            <media:thumbnail url="https://t00.deviantart.net/_YR4-16Il3RmHmGo4qjJpvsZYII=/fit-in/150x150/filters:no_upscale():origin()/pre00/86fe/th/pre/i/2019/027/6/2/nerak_by_cyboarnetic-dcy70f3.png" height="150" width="150"/>            <media:thumbnail url="https://t00.deviantart.net/bZlSvQIfuGyUiVLA6ipa3T5FgMc=/fit-in/300x900/filters:no_upscale():origin()/pre00/86fe/th/pre/i/2019/027/6/2/nerak_by_cyboarnetic-dcy70f3.png" height="300" width="300"/>            <media:thumbnail url="https://t00.deviantart.net/biLpuQeLZEsjgL8pdxdOXD_CTLI=/300x200/filters:fixed_height(100,100):origin()/pre00/86fe/th/pre/i/2019/027/6/2/nerak_by_cyboarnetic-dcy70f3.png" height="200" width="200"/>            <media:content url="https://img00.deviantart.net/8f56/i/2019/027/6/2/nerak_by_cyboarnetic-dcy70f3.png" height="800" width="800" medium="image"/>            
            <description>&lt;div align=&quot;center&quot;&gt;Icon commission for K2 on Twitter!&lt;br /&gt;&lt;br /&gt;&lt;h1 align=&quot;center&quot;&gt;&lt;b&gt;&lt;a href=&quot;https://www.deviantart.com/king-lulu-deer/art/Stars-743318465&quot; class=&quot;emoticon&quot; data-embed-type=&quot;emoticon&quot; data-embed-id=&quot;743318465&quot; data-embed-profile=&quot;deviation&quot;&gt;&lt;img src=&quot;https://orig00.deviantart.net/608a/f/2018/123/6/9/stars_by_king_lulu_deer-dcajw75.gif&quot; alt=&quot;Stars&quot; style=&quot;width:27px;height:26px&quot;&gt;&lt;/a&gt;&amp;nbsp;&lt;a href=&quot;https://www.deviantart.com/king-lulu-deer/art/Stars-743318465&quot; class=&quot;emoticon&quot; data-embed-type=&quot;emoticon&quot; data-embed-id=&quot;743318465&quot; data-embed-profile=&quot;deviation&quot;&gt;&lt;img src=&quot;https://orig00.deviantart.net/608a/f/2018/123/6/9/stars_by_king_lulu_deer-dcajw75.gif&quot; alt=&quot;Stars&quot; style=&quot;width:27px;height:26px&quot;&gt;&lt;/a&gt;&amp;nbsp;&lt;a href=&quot;https://www.deviantart.com/king-lulu-deer/art/Stars-743318465&quot; class=&quot;emoticon&quot; data-embed-type=&quot;emoticon&quot; data-embed-id=&quot;743318465&quot; data-embed-profile=&quot;deviation&quot;&gt;&lt;img src=&quot;https://orig00.deviantart.net/608a/f/2018/123/6/9/stars_by_king_lulu_deer-dcajw75.gif&quot; alt=&quot;Stars&quot; style=&quot;width:27px;height:26px&quot;&gt;&lt;/a&gt;&amp;nbsp;&lt;a href=&quot;https://www.deviantart.com/king-lulu-deer/art/Stars-743318465&quot; class=&quot;emoticon&quot; data-embed-type=&quot;emoticon&quot; data-embed-id=&quot;743318465&quot; data-embed-profile=&quot;deviation&quot;&gt;&lt;img src=&quot;https://orig00.deviantart.net/608a/f/2018/123/6/9/stars_by_king_lulu_deer-dcajw75.gif&quot; alt=&quot;Stars&quot; style=&quot;width:27px;height:26px&quot;&gt;&lt;/a&gt;&amp;nbsp;&lt;a href=&quot;https://www.deviantart.com/king-lulu-deer/art/Stars-743318465&quot; class=&quot;emoticon&quot; data-embed-type=&quot;emoticon&quot; data-embed-id=&quot;743318465&quot; data-embed-profile=&quot;deviation&quot;&gt;&lt;img src=&quot;https://orig00.deviantart.net/608a/f/2018/123/6/9/stars_by_king_lulu_deer-dcajw75.gif&quot; alt=&quot;Stars&quot; style=&quot;width:27px;height:26px&quot;&gt;&lt;/a&gt;&amp;nbsp;&lt;a href=&quot;https://www.deviantart.com/king-lulu-deer/art/Stars-743318465&quot; class=&quot;emoticon&quot; data-embed-type=&quot;emoticon&quot; data-embed-id=&quot;743318465&quot; data-embed-profile=&quot;deviation&quot;&gt;&lt;img src=&quot;https://orig00.deviantart.net/608a/f/2018/123/6/9/stars_by_king_lulu_deer-dcajw75.gif&quot; alt=&quot;Stars&quot; style=&quot;width:27px;height:26px&quot;&gt;&lt;/a&gt;&amp;nbsp;&lt;/b&gt;&lt;/h1&gt;&lt;b&gt;Art&amp;nbsp;&lt;a href=&quot;https://www.deviantart.com/mobmotherscitah/art/Copyright-Gold-503362939&quot; class=&quot;emoticon&quot; data-embed-type=&quot;emoticon&quot; data-embed-id=&quot;503362939&quot; data-embed-profile=&quot;deviation&quot;&gt;&lt;img src=&quot;https://orig00.deviantart.net/dc84/f/2014/363/9/2/copyright_gold_by_mobmotherscitah-d8botbv.gif&quot; alt=&quot;Copyright Gold&quot; style=&quot;width:9px;height:9px&quot;&gt;&lt;/a&gt;&amp;nbsp;Cyboarnetic&lt;br /&gt;Nerak&lt;a href=&quot;https://www.deviantart.com/mobmotherscitah/art/Copyright-Gold-503362939&quot; class=&quot;emoticon&quot; data-embed-type=&quot;emoticon&quot; data-embed-id=&quot;503362939&quot; data-embed-profile=&quot;deviation&quot;&gt;&lt;img src=&quot;https://orig00.deviantart.net/dc84/f/2014/363/9/2/copyright_gold_by_mobmotherscitah-d8botbv.gif&quot; alt=&quot;Copyright Gold&quot; style=&quot;width:9px;height:9px&quot;&gt;&lt;/a&gt;&amp;nbsp;K2&lt;/b&gt;&lt;br /&gt;&lt;br /&gt;&lt;/div&gt;&lt;div align=&quot;center&quot;&gt;&lt;b&gt;&lt;a href=&quot;https://www.deviantart.com/king-lulu-deer/art/Stars-743318465&quot; class=&quot;emoticon&quot; data-embed-type=&quot;emoticon&quot; data-embed-id=&quot;743318465&quot; data-embed-profile=&quot;deviation&quot;&gt;&lt;img src=&quot;https://orig00.deviantart.net/608a/f/2018/123/6/9/stars_by_king_lulu_deer-dcajw75.gif&quot; alt=&quot;Stars&quot; style=&quot;width:27px;height:26px&quot;&gt;&lt;/a&gt;&amp;nbsp;&lt;a href=&quot;https://www.deviantart.com/king-lulu-deer/art/Stars-743318465&quot; class=&quot;emoticon&quot; data-embed-type=&quot;emoticon&quot; data-embed-id=&quot;743318465&quot; data-embed-profile=&quot;deviation&quot;&gt;&lt;img src=&quot;https://orig00.deviantart.net/608a/f/2018/123/6/9/stars_by_king_lulu_deer-dcajw75.gif&quot; alt=&quot;Stars&quot; style=&quot;width:27px;height:26px&quot;&gt;&lt;/a&gt;&amp;nbsp;&lt;a href=&quot;https://www.deviantart.com/king-lulu-deer/art/Stars-743318465&quot; class=&quot;emoticon&quot; data-embed-type=&quot;emoticon&quot; data-embed-id=&quot;743318465&quot; data-embed-profile=&quot;deviation&quot;&gt;&lt;img src=&quot;https://orig00.deviantart.net/608a/f/2018/123/6/9/stars_by_king_lulu_deer-dcajw75.gif&quot; alt=&quot;Stars&quot; style=&quot;width:27px;height:26px&quot;&gt;&lt;/a&gt;&amp;nbsp;&lt;a href=&quot;https://www.deviantart.com/king-lulu-deer/art/Stars-743318465&quot; class=&quot;emoticon&quot; data-embed-type=&quot;emoticon&quot; data-embed-id=&quot;743318465&quot; data-embed-profile=&quot;deviation&quot;&gt;&lt;img src=&quot;https://orig00.deviantart.net/608a/f/2018/123/6/9/stars_by_king_lulu_deer-dcajw75.gif&quot; alt=&quot;Stars&quot; style=&quot;width:27px;height:26px&quot;&gt;&lt;/a&gt;&amp;nbsp;&lt;a href=&quot;https://www.deviantart.com/king-lulu-deer/art/Stars-743318465&quot; class=&quot;emoticon&quot; data-embed-type=&quot;emoticon&quot; data-embed-id=&quot;743318465&quot; data-embed-profile=&quot;deviation&quot;&gt;&lt;img src=&quot;https://orig00.deviantart.net/608a/f/2018/123/6/9/stars_by_king_lulu_deer-dcajw75.gif&quot; alt=&quot;Stars&quot; style=&quot;width:27px;height:26px&quot;&gt;&lt;/a&gt;&amp;nbsp;&lt;a href=&quot;https://www.deviantart.com/king-lulu-deer/art/Stars-743318465&quot; class=&quot;emoticon&quot; data-embed-type=&quot;emoticon&quot; data-embed-id=&quot;743318465&quot; data-embed-profile=&quot;deviation&quot;&gt;&lt;img src=&quot;https://orig00.deviantart.net/608a/f/2018/123/6/9/stars_by_king_lulu_deer-dcajw75.gif&quot; alt=&quot;Stars&quot; style=&quot;width:27px;height:26px&quot;&gt;&lt;/a&gt;&amp;nbsp;&lt;a href=&quot;https://www.deviantart.com/king-lulu-deer/art/Stars-743318465&quot; class=&quot;emoticon&quot; data-embed-type=&quot;emoticon&quot; data-embed-id=&quot;743318465&quot; data-embed-profile=&quot;deviation&quot;&gt;&lt;img src=&quot;https://orig00.deviantart.net/608a/f/2018/123/6/9/stars_by_king_lulu_deer-dcajw75.gif&quot; alt=&quot;Stars&quot; style=&quot;width:27px;height:26px&quot;&gt;&lt;/a&gt;&amp;nbsp;&lt;a href=&quot;https://www.deviantart.com/king-lulu-deer/art/Stars-743318465&quot; class=&quot;emoticon&quot; data-embed-type=&quot;emoticon&quot; data-embed-id=&quot;743318465&quot; data-embed-profile=&quot;deviation&quot;&gt;&lt;img src=&quot;https://orig00.deviantart.net/608a/f/2018/123/6/9/stars_by_king_lulu_deer-dcajw75.gif&quot; alt=&quot;Stars&quot; style=&quot;width:27px;height:26px&quot;&gt;&lt;/a&gt;&lt;br /&gt;&lt;a href=&quot;https://www.deviantart.com/drawn-mario/art/Links-566640342&quot; class=&quot;emoticon&quot; data-embed-type=&quot;emoticon&quot; data-embed-id=&quot;566640342&quot; data-embed-profile=&quot;deviation&quot;&gt;&lt;img src=&quot;https://orig00.deviantart.net/ea26/f/2015/289/2/d/links_by_drawn_mario-d9dd2hi.gif&quot; alt=&quot;Links&quot; style=&quot;width:48px;height:20px&quot;&gt;&lt;/a&gt;&amp;nbsp;&lt;br /&gt;&amp;nbsp;&amp;nbsp;&lt;br /&gt;&lt;/b&gt;&lt;a href=&quot;https://www.deviantart.com/users/outgoing?https://twitter.com/cyboarnetic&quot;&gt;&lt;b&gt;&lt;/b&gt;&lt;/a&gt;&lt;b&gt;&lt;a href=&quot;https://www.deviantart.com/uluri/art/Twitter-logo-Icon-Button-689281972&quot; class=&quot;emoticon&quot; data-embed-type=&quot;emoticon&quot; data-embed-id=&quot;689281972&quot; data-embed-profile=&quot;deviation&quot;&gt;&lt;img src=&quot;https://images-wixmp-ed30a86b8c4ca887773594c2.wixmp.com/intermediary/f/028fb433-f3a8-4418-b240-e0470ed9d7fb/dbedpdg-1a0adf3b-0a1e-4900-9afe-f522e00d63ff.png&quot; alt=&quot;Twitter logo Icon Button&quot; style=&quot;width:50px;height:50px&quot;&gt;&lt;/a&gt;&lt;/b&gt;&amp;nbsp;&lt;a href=&quot;https://www.deviantart.com/users/outgoing?https://www.instagram.com/cyboarnetic/&quot;&gt;&lt;/a&gt;&lt;a href=&quot;https://www.deviantart.com/uluri/art/FREE-Instagram-Logo-Button-Icon-741152909&quot; class=&quot;emoticon&quot; data-embed-type=&quot;emoticon&quot; data-embed-id=&quot;741152909&quot; data-embed-profile=&quot;deviation&quot;&gt;&lt;img src=&quot;https://images-wixmp-ed30a86b8c4ca887773594c2.wixmp.com/intermediary/f/028fb433-f3a8-4418-b240-e0470ed9d7fb/dc99h8t-3eb10b71-521e-41e9-b12d-53805d845f4f.png&quot; alt=&quot;FREE Instagram Logo Button Icon&quot; style=&quot;width:50px;height:50px&quot;&gt;&lt;/a&gt;&amp;nbsp;&lt;a href=&quot;https://www.deviantart.com/users/outgoing?https://toyhou.se/Cyboarnetic&quot;&gt;&lt;/a&gt;&lt;a href=&quot;https://www.deviantart.com/uluri/art/Toyhouse-logo-icon-Button-689394472&quot; class=&quot;emoticon&quot; data-embed-type=&quot;emoticon&quot; data-embed-id=&quot;689394472&quot; data-embed-profile=&quot;deviation&quot;&gt;&lt;img src=&quot;https://images-wixmp-ed30a86b8c4ca887773594c2.wixmp.com/intermediary/f/028fb433-f3a8-4418-b240-e0470ed9d7fb/dbeg46g-7fdf9608-d16f-4909-8ee3-9d34140b602a.png&quot; alt=&quot;Toyhouse logo icon Button&quot; style=&quot;width:50px;height:50px&quot;&gt;&lt;/a&gt;&amp;nbsp;&lt;a href=&quot;https://www.deviantart.com/users/outgoing?https://ko-fi.com/carrie&quot;&gt;&lt;/a&gt;&lt;a href=&quot;https://www.deviantart.com/uluri/art/Ko-fi-Logo-button-icon-719552065&quot; class=&quot;emoticon&quot; data-embed-type=&quot;emoticon&quot; data-embed-id=&quot;719552065&quot; data-embed-profile=&quot;deviation&quot;&gt;&lt;img src=&quot;https://images-wixmp-ed30a86b8c4ca887773594c2.wixmp.com/intermediary/f/028fb433-f3a8-4418-b240-e0470ed9d7fb/dbwehxd-f06c4d2a-b782-475c-90d1-f59d30c342d5.png&quot; alt=&quot;Ko-fi Logo button icon&quot; style=&quot;width:50px;height:50px&quot;&gt;&lt;/a&gt;&lt;/div&gt;&lt;br /&gt;&lt;div&gt;&lt;img src=&quot;https://t00.deviantart.net/biLpuQeLZEsjgL8pdxdOXD_CTLI=/300x200/filters:fixed_height(100,100):origin()/pre00/86fe/th/pre/i/2019/027/6/2/nerak_by_cyboarnetic-dcy70f3.png&quot; alt=&quot;thumbnail&quot; /&gt;&lt;/div&gt;</description>            </item>
                    <item>
                <title>Game-Roxanne 2.3</title>
                <link>https://labodymapping.deviantart.com/art/Game-Roxanne-2-3-783029176</link>
                <guid isPermaLink="true">https://labodymapping.deviantart.com/art/Game-Roxanne-2-3-783029176</guid>
                <pubDate>Sun, 27 Jan 2019 13:23:04 PST</pubDate>
                        <media:title type="plain">Game-Roxanne 2.3</media:title>
        <media:keywords></media:keywords>
                        <media:rating>adult</media:rating>
                <media:category label="Body Art">photography/people/bodyart</media:category>
        <media:credit role="author" scheme="urn:ebu">LABodyMapping</media:credit>
        <media:credit role="author" scheme="urn:ebu">https://a.deviantart.net/avatars/l/a/labodymapping.jpg?4</media:credit>
        <media:copyright url="https://labodymapping.deviantart.com">Copyright 2019 LABodyMapping</media:copyright>            <media:description type="html">Mapping texture: game screenshot &lt;br /&gt;Model: Roxanne 1.0</media:description>            <media:thumbnail url="https://t00.deviantart.net/Gf2TmEfouWLc_nwUEo5RfT1UFa4=/fit-in/150x150/filters:no_upscale():origin()/pre00/d46a/th/pre/i/2019/027/7/f/game_roxanne_2_3_by_labodymapping-dcy716g.jpg" height="111" width="150"/>            <media:thumbnail url="https://t00.deviantart.net/W5bdW_eS_tpTsZ672RRM-bzl76M=/fit-in/300x900/filters:no_upscale():origin()/pre00/d46a/th/pre/i/2019/027/7/f/game_roxanne_2_3_by_labodymapping-dcy716g.jpg" height="222" width="300"/>            <media:thumbnail url="https://t00.deviantart.net/gljriv6DTm67cRVpD9ygTsSX8eY=/300x200/filters:fixed_height(100,100):origin()/pre00/d46a/th/pre/i/2019/027/7/f/game_roxanne_2_3_by_labodymapping-dcy716g.jpg" height="200" width="270"/>            <media:content url="https://pre00.deviantart.net/d46a/th/pre/i/2019/027/7/f/game_roxanne_2_3_by_labodymapping-dcy716g.jpg" height="769" width="1039" medium="image"/>            
            <description>Mapping texture: game screenshot &lt;br /&gt;Model: Roxanne 1.0&lt;br /&gt;&lt;div&gt;&lt;img src=&quot;https://t00.deviantart.net/gljriv6DTm67cRVpD9ygTsSX8eY=/300x200/filters:fixed_height(100,100):origin()/pre00/d46a/th/pre/i/2019/027/7/f/game_roxanne_2_3_by_labodymapping-dcy716g.jpg&quot; alt=&quot;thumbnail&quot; /&gt;&lt;/div&gt;</description>            </item>
                    <item>
                <title>A new year of school part9</title>
                <link>https://rollerbrawl895.deviantart.com/art/A-new-year-of-school-part9-783022078</link>
                <guid isPermaLink="true">https://rollerbrawl895.deviantart.com/art/A-new-year-of-school-part9-783022078</guid>
                <pubDate>Sun, 27 Jan 2019 13:23:03 PST</pubDate>
                        <media:title type="plain">A new year of school part9</media:title>
        <media:keywords></media:keywords>
                        <media:rating>nonadult</media:rating>
                <media:category label="Storyline Illustrations">designs/gameart/gameconcepts/storyline</media:category>
        <media:credit role="author" scheme="urn:ebu">rollerbrawl895</media:credit>
        <media:credit role="author" scheme="urn:ebu">https://a.deviantart.net/avatars/r/o/rollerbrawl895.jpg?3</media:credit>
        <media:copyright url="https://rollerbrawl895.deviantart.com">Copyright 2019 rollerbrawl895</media:copyright>            <media:description type="html">Me: Mona goes to her room crying wile Sparkle is trying to comfort her after hearing that she&#039;s going to villain school.&lt;br /&gt;Lana: When all of a sudden, they see a shadowy figure and then they hide from it.&lt;br /&gt;Dr. Jekyll: They see a lady, who looks like a spider, and she proceeds to come towards them.&lt;br /&gt;Howleen: When they see her, Mona is very scared. However, the lady comforts her and introduces herself to herself to be Mesmerelda(Mesmeralda).&lt;br /&gt;Pom: And Mesy is gonna have a baby.</media:description>            </item>
                    <item>
                <title>BFDIT R.3, Act.3 Drivethru the Sequel (Read desc.)</title>
                <link>https://calebsketch.deviantart.com/art/BFDIT-R-3-Act-3-Drivethru-the-Sequel-Read-desc-783022725</link>
                <guid isPermaLink="true">https://calebsketch.deviantart.com/art/BFDIT-R-3-Act-3-Drivethru-the-Sequel-Read-desc-783022725</guid>
                <pubDate>Sun, 27 Jan 2019 13:23:01 PST</pubDate>
                        <media:title type="plain">BFDIT R.3, Act.3 Drivethru the Sequel (Read desc.)</media:title>
        <media:keywords></media:keywords>
                        <media:rating>nonadult</media:rating>
                <media:category label="Other">traditional/drawings/other</media:category>
        <media:credit role="author" scheme="urn:ebu">CalebSketch</media:credit>
        <media:credit role="author" scheme="urn:ebu">https://a.deviantart.net/avatars/c/a/calebsketch.png?9</media:credit>
        <media:copyright url="https://calebsketch.deviantart.com">Copyright 2019 CalebSketch</media:copyright>            <media:description type="html">For &lt;a target=&quot;_self&quot; href=&quot;https://www.deviantart.com/bfditournaments&quot; &gt;&lt;img class=&quot;avatar group&quot; width=&quot;100&quot; height=&quot;50&quot; src=&quot;https://a.deviantart.net/avatars/b/f/bfditournaments.png?10&quot; alt=&quot;:iconbfditournaments:&quot; title=&quot;BFDITournaments&quot; /&gt;&lt;/a&gt;&lt;br /&gt;&amp;nbsp; &amp;nbsp;&amp;nbsp;Life&#039;s timing sucks... So I was planning to draw my entry for this activity, based off of &lt;a href=&quot;https://www.deviantart.com/angrypretzelsticks/art/bfdit-R2-A1-Drivethru-765013631&quot;&gt;Bamboo&#039;s Entry&lt;/a&gt;&amp;nbsp;for the Fall Tournaments. &lt;i&gt;BUT THEN CAROL COMES ALONG AND BASES &lt;a href=&quot;https://www.deviantart.com/galaxypixies45/art/BFDIT-R3-Activity-1-Babysitters-Clubbed-Pt-2-781743661&quot;&gt;HER ACTIVITY&lt;/a&gt; ON THAT EXACT SAME ENTRY!&lt;/i&gt; Well, I still did it anyway, so yeah...&lt;br /&gt;&amp;nbsp; &amp;nbsp; So instead of travelling back in time like Carol, this is still the present day. Vivoo works basically the same job that Bamboo has. It&#039;s been a while for the restaurant. It&#039;s been vandalized, the letters are chipping off, and the quality&#039;s going well, sh*t. (Also if you&#039;re wondering why the kitchen&#039;s extremely yellow, I kinda based it off of &lt;a href=&quot;https://www.deviantart.com/galaxypixies45/art/BFDIT-R3-Activity-1-Babysitters-Clubbed-Pt-2-781743661&quot;&gt;Carol&#039;s entry&#039;s&lt;/a&gt; yellow aesthetic. Ik it looks pretty crappy. RIP.)&lt;br /&gt;&lt;br /&gt;&lt;strong&gt;&lt;strong&gt;&lt;strong&gt;Peeps in Graffiti and Sticker form:&lt;/strong&gt;&lt;/strong&gt;&lt;/strong&gt;&lt;br /&gt;Ring of Trust: &lt;a target=&quot;_self&quot; href=&quot;https://www.deviantart.com/nacvthesaltygurl12&quot; &gt;&lt;img class=&quot;avatar&quot; width=&quot;50&quot; height=&quot;50&quot; src=&quot;https://a.deviantart.net/avatars/n/a/nacvthesaltygurl12.png?13&quot; alt=&quot;:iconnacvthesaltygurl12:&quot; title=&quot;NaCvTheSaltyGurl12&quot; /&gt;&lt;/a&gt; (Woop Woop.)&amp;nbsp;&lt;br /&gt;Ornament: &lt;a target=&quot;_self&quot; href=&quot;https://www.deviantart.com/pocketsizedoreo&quot; &gt;&lt;img class=&quot;avatar&quot; width=&quot;50&quot; height=&quot;50&quot; src=&quot;https://a.deviantart.net/avatars/p/o/pocketsizedoreo.png?14&quot; alt=&quot;:iconpocketsizedoreo:&quot; title=&quot;pocketsizedoreo&quot; /&gt;&lt;/a&gt; (Don&#039;t ask-)&lt;br /&gt;Polaroid: &lt;a target=&quot;_self&quot; href=&quot;https://www.deviantart.com/whitestflower&quot; &gt;&lt;img class=&quot;avatar&quot; width=&quot;50&quot; height=&quot;50&quot; src=&quot;https://a.deviantart.net/avatars/w/h/whitestflower.png?3&quot; alt=&quot;:iconwhitestflower:&quot; title=&quot;WhitestFlower&quot; /&gt;&lt;/a&gt; (Idk, why I included them, but here ya go.)&lt;br /&gt;Lotus: &lt;a target=&quot;_self&quot; href=&quot;https://www.deviantart.com/maplefur-art&quot; &gt;&lt;img class=&quot;avatar&quot; width=&quot;50&quot; height=&quot;50&quot; src=&quot;https://a.deviantart.net/avatars/m/a/maplefur-art.png?3&quot; alt=&quot;:iconmaplefur-art:&quot; title=&quot;Maplefur-Art&quot; /&gt;&lt;/a&gt; (Insert Funny Comment HERE.)&lt;br /&gt;&lt;br /&gt;(That Taco sticker used to be one of my old OCs)&lt;br /&gt;&lt;br /&gt;&lt;strong&gt;&lt;strong&gt;&lt;strong&gt;Peeps in Real Life form:&lt;/strong&gt;&lt;/strong&gt;&lt;/strong&gt;&lt;br /&gt;Me Pod: &lt;a target=&quot;_self&quot; href=&quot;https://www.deviantart.com/rainpaintspictures&quot; &gt;&lt;img class=&quot;avatar&quot; width=&quot;50&quot; height=&quot;50&quot; src=&quot;https://a.deviantart.net/avatars/r/a/rainpaintspictures.png?6&quot; alt=&quot;:iconrainpaintspictures:&quot; title=&quot;RainPaintsPictures&quot; /&gt;&lt;/a&gt; (HOW DARE HE VANDALIZE HIS WORKPLACE!!!)&lt;br /&gt;Star Projector:&amp;nbsp;&lt;a target=&quot;_self&quot; href=&quot;https://www.deviantart.com/fizziislushiiy&quot; &gt;&lt;img class=&quot;avatar&quot; width=&quot;50&quot; height=&quot;50&quot; src=&quot;https://a.deviantart.net/avatars/f/i/fizziislushiiy.png?9&quot; alt=&quot;:iconfizziislushiiy:&quot; title=&quot;fizziislushiiy&quot; /&gt;&lt;/a&gt; (&lt;i&gt;Right in front of my SALAD?&lt;/i&gt; But seriously don&#039;t look up the origins of that meme kiddos.)&lt;br /&gt;Bamboo: &lt;a target=&quot;_self&quot; href=&quot;https://www.deviantart.com/angrypretzelsticks&quot; &gt;&lt;img class=&quot;avatar&quot; width=&quot;50&quot; height=&quot;50&quot; src=&quot;https://a.deviantart.net/avatars/a/n/angrypretzelsticks.png?6&quot; alt=&quot;:iconangrypretzelsticks:&quot; title=&quot;AngryPretzelSticks&quot; /&gt;&lt;/a&gt; (Pumpkin 2.0)&lt;br /&gt;Pumpkin: &lt;a target=&quot;_self&quot; href=&quot;https://www.deviantart.com/therealnatechu&quot; &gt;&lt;img class=&quot;avatar&quot; width=&quot;50&quot; height=&quot;50&quot; src=&quot;https://a.deviantart.net/avatars/t/h/therealnatechu.jpg?4&quot; alt=&quot;:icontherealnatechu:&quot; title=&quot;TheRealNatechu&quot; /&gt;&lt;/a&gt; (He taught Bamboo well.)&lt;br /&gt;Naval: &lt;a target=&quot;_self&quot; href=&quot;https://www.deviantart.com/glazesugarnavalblock&quot; &gt;&lt;img class=&quot;avatar&quot; width=&quot;50&quot; height=&quot;50&quot; src=&quot;https://a.deviantart.net/avatars/g/l/glazesugarnavalblock.png?4&quot; alt=&quot;:iconglazesugarnavalblock:&quot; title=&quot;GlazeSugarNavalBlock&quot; /&gt;&lt;/a&gt; (Oblivious to the Portal sh just came out of.)&lt;br /&gt;Carol: &lt;a target=&quot;_self&quot; href=&quot;https://www.deviantart.com/galaxypixies45&quot; &gt;&lt;img class=&quot;avatar&quot; width=&quot;50&quot; height=&quot;50&quot; src=&quot;https://a.deviantart.net/avatars/g/a/galaxypixies45.png?14&quot; alt=&quot;:icongalaxypixies45:&quot; title=&quot;GalaxyPixies45&quot; /&gt;&lt;/a&gt; (Lmao why are the cops looking for u?)&lt;br /&gt;Leafy and Puffball:&amp;nbsp;&lt;a target=&quot;_self&quot; href=&quot;https://www.deviantart.com/carykh&quot; &gt;&lt;img class=&quot;avatar&quot; width=&quot;50&quot; height=&quot;50&quot; src=&quot;https://a.deviantart.net/avatars/c/a/carykh.png?2&quot; alt=&quot;:iconcarykh:&quot; title=&quot;carykh&quot; /&gt;&lt;/a&gt;&lt;span&gt;&amp;nbsp;and&amp;nbsp;&lt;/span&gt;&lt;a target=&quot;_self&quot; href=&quot;https://www.deviantart.com/fernozzle&quot; &gt;&lt;img class=&quot;avatar&quot; width=&quot;50&quot; height=&quot;50&quot; src=&quot;https://a.deviantart.net/avatars/f/e/fernozzle.png?7&quot; alt=&quot;:iconfernozzle:&quot; title=&quot;fernozzle&quot; /&gt;&lt;/a&gt; (Idk how to draw Puffball)&lt;br /&gt;&lt;br /&gt;This is canon in my PSO universe &lt;img src=&quot;https://e.deviantart.net/emoticons/w/wink.gif&quot; width=&quot;15&quot; height=&quot;15&quot; alt=&quot;;)&quot; data-embed-type=&quot;emoticon&quot; data-embed-id=&quot;387&quot; title=&quot;;) (Wink)&quot;/&gt; Jk, You know the drill.</media:description>            <media:thumbnail url="https://t00.deviantart.net/FRWrBUjc9Xx3Po9sKMaMUnjHjYE=/fit-in/150x150/filters:no_upscale():origin()/pre00/2754/th/pre/i/2019/027/3/6/bfdit_r_3__act_3_drivethru_the_sequel__read_desc___by_calebsketch-dcy6w79.jpg" height="115" width="150"/>            <media:thumbnail url="https://t00.deviantart.net/hE9OXY9O07ATUfvNq-zEHCeifQE=/fit-in/300x900/filters:no_upscale():origin()/pre00/2754/th/pre/i/2019/027/3/6/bfdit_r_3__act_3_drivethru_the_sequel__read_desc___by_calebsketch-dcy6w79.jpg" height="231" width="300"/>            <media:thumbnail url="https://t00.deviantart.net/94bxUaRv7zO3v2a1S0mi4xvMYaI=/300x200/filters:fixed_height(100,100):origin()/pre00/2754/th/pre/i/2019/027/3/6/bfdit_r_3__act_3_drivethru_the_sequel__read_desc___by_calebsketch-dcy6w79.jpg" height="200" width="260"/>            <media:content url="https://pre00.deviantart.net/2754/th/pre/i/2019/027/3/6/bfdit_r_3__act_3_drivethru_the_sequel__read_desc___by_calebsketch-dcy6w79.jpg" height="784" width="1020" medium="image"/>            
            <description>For &lt;a target=&quot;_self&quot; href=&quot;https://www.deviantart.com/bfditournaments&quot; &gt;&lt;img class=&quot;avatar group&quot; width=&quot;100&quot; height=&quot;50&quot; src=&quot;https://a.deviantart.net/avatars/b/f/bfditournaments.png?10&quot; alt=&quot;:iconbfditournaments:&quot; title=&quot;BFDITournaments&quot; /&gt;&lt;/a&gt;&lt;br /&gt;&amp;nbsp; &amp;nbsp;&amp;nbsp;Life&#039;s timing sucks... So I was planning to draw my entry for this activity, based off of &lt;a href=&quot;https://www.deviantart.com/angrypretzelsticks/art/bfdit-R2-A1-Drivethru-765013631&quot;&gt;Bamboo&#039;s Entry&lt;/a&gt;&amp;nbsp;for the Fall Tournaments. &lt;i&gt;BUT THEN CAROL COMES ALONG AND BASES &lt;a href=&quot;https://www.deviantart.com/galaxypixies45/art/BFDIT-R3-Activity-1-Babysitters-Clubbed-Pt-2-781743661&quot;&gt;HER ACTIVITY&lt;/a&gt; ON THAT EXACT SAME ENTRY!&lt;/i&gt; Well, I still did it anyway, so yeah...&lt;br /&gt;&amp;nbsp; &amp;nbsp; So instead of travelling back in time like Carol, this is still the present day. Vivoo works basically the same job that Bamboo has. It&#039;s been a while for the restaurant. It&#039;s been vandalized, the letters are chipping off, and the quality&#039;s going well, sh*t. (Also if you&#039;re wondering why the kitchen&#039;s extremely yellow, I kinda based it off of &lt;a href=&quot;https://www.deviantart.com/galaxypixies45/art/BFDIT-R3-Activity-1-Babysitters-Clubbed-Pt-2-781743661&quot;&gt;Carol&#039;s entry&#039;s&lt;/a&gt; yellow aesthetic. Ik it looks pretty crappy. RIP.)&lt;br /&gt;&lt;br /&gt;&lt;strong&gt;&lt;strong&gt;&lt;strong&gt;Peeps in Graffiti and Sticker form:&lt;/strong&gt;&lt;/strong&gt;&lt;/strong&gt;&lt;br /&gt;Ring of Trust: &lt;a target=&quot;_self&quot; href=&quot;https://www.deviantart.com/nacvthesaltygurl12&quot; &gt;&lt;img class=&quot;avatar&quot; width=&quot;50&quot; height=&quot;50&quot; src=&quot;https://a.deviantart.net/avatars/n/a/nacvthesaltygurl12.png?13&quot; alt=&quot;:iconnacvthesaltygurl12:&quot; title=&quot;NaCvTheSaltyGurl12&quot; /&gt;&lt;/a&gt; (Woop Woop.)&amp;nbsp;&lt;br /&gt;Ornament: &lt;a target=&quot;_self&quot; href=&quot;https://www.deviantart.com/pocketsizedoreo&quot; &gt;&lt;img class=&quot;avatar&quot; width=&quot;50&quot; height=&quot;50&quot; src=&quot;https://a.deviantart.net/avatars/p/o/pocketsizedoreo.png?14&quot; alt=&quot;:iconpocketsizedoreo:&quot; title=&quot;pocketsizedoreo&quot; /&gt;&lt;/a&gt; (Don&#039;t ask-)&lt;br /&gt;Polaroid: &lt;a target=&quot;_self&quot; href=&quot;https://www.deviantart.com/whitestflower&quot; &gt;&lt;img class=&quot;avatar&quot; width=&quot;50&quot; height=&quot;50&quot; src=&quot;https://a.deviantart.net/avatars/w/h/whitestflower.png?3&quot; alt=&quot;:iconwhitestflower:&quot; title=&quot;WhitestFlower&quot; /&gt;&lt;/a&gt; (Idk, why I included them, but here ya go.)&lt;br /&gt;Lotus: &lt;a target=&quot;_self&quot; href=&quot;https://www.deviantart.com/maplefur-art&quot; &gt;&lt;img class=&quot;avatar&quot; width=&quot;50&quot; height=&quot;50&quot; src=&quot;https://a.deviantart.net/avatars/m/a/maplefur-art.png?3&quot; alt=&quot;:iconmaplefur-art:&quot; title=&quot;Maplefur-Art&quot; /&gt;&lt;/a&gt; (Insert Funny Comment HERE.)&lt;br /&gt;&lt;br /&gt;(That Taco sticker used to be one of my old OCs)&lt;br /&gt;&lt;br /&gt;&lt;strong&gt;&lt;strong&gt;&lt;strong&gt;Peeps in Real Life form:&lt;/strong&gt;&lt;/strong&gt;&lt;/strong&gt;&lt;br /&gt;Me Pod: &lt;a target=&quot;_self&quot; href=&quot;https://www.deviantart.com/rainpaintspictures&quot; &gt;&lt;img class=&quot;avatar&quot; width=&quot;50&quot; height=&quot;50&quot; src=&quot;https://a.deviantart.net/avatars/r/a/rainpaintspictures.png?6&quot; alt=&quot;:iconrainpaintspictures:&quot; title=&quot;RainPaintsPictures&quot; /&gt;&lt;/a&gt; (HOW DARE HE VANDALIZE HIS WORKPLACE!!!)&lt;br /&gt;Star Projector:&amp;nbsp;&lt;a target=&quot;_self&quot; href=&quot;https://www.deviantart.com/fizziislushiiy&quot; &gt;&lt;img class=&quot;avatar&quot; width=&quot;50&quot; height=&quot;50&quot; src=&quot;https://a.deviantart.net/avatars/f/i/fizziislushiiy.png?9&quot; alt=&quot;:iconfizziislushiiy:&quot; title=&quot;fizziislushiiy&quot; /&gt;&lt;/a&gt; (&lt;i&gt;Right in front of my SALAD?&lt;/i&gt; But seriously don&#039;t look up the origins of that meme kiddos.)&lt;br /&gt;Bamboo: &lt;a target=&quot;_self&quot; href=&quot;https://www.deviantart.com/angrypretzelsticks&quot; &gt;&lt;img class=&quot;avatar&quot; width=&quot;50&quot; height=&quot;50&quot; src=&quot;https://a.deviantart.net/avatars/a/n/angrypretzelsticks.png?6&quot; alt=&quot;:iconangrypretzelsticks:&quot; title=&quot;AngryPretzelSticks&quot; /&gt;&lt;/a&gt; (Pumpkin 2.0)&lt;br /&gt;Pumpkin: &lt;a target=&quot;_self&quot; href=&quot;https://www.deviantart.com/therealnatechu&quot; &gt;&lt;img class=&quot;avatar&quot; width=&quot;50&quot; height=&quot;50&quot; src=&quot;https://a.deviantart.net/avatars/t/h/therealnatechu.jpg?4&quot; alt=&quot;:icontherealnatechu:&quot; title=&quot;TheRealNatechu&quot; /&gt;&lt;/a&gt; (He taught Bamboo well.)&lt;br /&gt;Naval: &lt;a target=&quot;_self&quot; href=&quot;https://www.deviantart.com/glazesugarnavalblock&quot; &gt;&lt;img class=&quot;avatar&quot; width=&quot;50&quot; height=&quot;50&quot; src=&quot;https://a.deviantart.net/avatars/g/l/glazesugarnavalblock.png?4&quot; alt=&quot;:iconglazesugarnavalblock:&quot; title=&quot;GlazeSugarNavalBlock&quot; /&gt;&lt;/a&gt; (Oblivious to the Portal sh just came out of.)&lt;br /&gt;Carol: &lt;a target=&quot;_self&quot; href=&quot;https://www.deviantart.com/galaxypixies45&quot; &gt;&lt;img class=&quot;avatar&quot; width=&quot;50&quot; height=&quot;50&quot; src=&quot;https://a.deviantart.net/avatars/g/a/galaxypixies45.png?14&quot; alt=&quot;:icongalaxypixies45:&quot; title=&quot;GalaxyPixies45&quot; /&gt;&lt;/a&gt; (Lmao why are the cops looking for u?)&lt;br /&gt;Leafy and Puffball:&amp;nbsp;&lt;a target=&quot;_self&quot; href=&quot;https://www.deviantart.com/carykh&quot; &gt;&lt;img class=&quot;avatar&quot; width=&quot;50&quot; height=&quot;50&quot; src=&quot;https://a.deviantart.net/avatars/c/a/carykh.png?2&quot; alt=&quot;:iconcarykh:&quot; title=&quot;carykh&quot; /&gt;&lt;/a&gt;&lt;span&gt;&amp;nbsp;and&amp;nbsp;&lt;/span&gt;&lt;a target=&quot;_self&quot; href=&quot;https://www.deviantart.com/fernozzle&quot; &gt;&lt;img class=&quot;avatar&quot; width=&quot;50&quot; height=&quot;50&quot; src=&quot;https://a.deviantart.net/avatars/f/e/fernozzle.png?7&quot; alt=&quot;:iconfernozzle:&quot; title=&quot;fernozzle&quot; /&gt;&lt;/a&gt; (Idk how to draw Puffball)&lt;br /&gt;&lt;br /&gt;This is canon in my PSO universe &lt;img src=&quot;https://e.deviantart.net/emoticons/w/wink.gif&quot; width=&quot;15&quot; height=&quot;15&quot; alt=&quot;;)&quot; data-embed-type=&quot;emoticon&quot; data-embed-id=&quot;387&quot; title=&quot;;) (Wink)&quot;/&gt; Jk, You know the drill.&lt;br /&gt;&lt;div&gt;&lt;img src=&quot;https://t00.deviantart.net/94bxUaRv7zO3v2a1S0mi4xvMYaI=/300x200/filters:fixed_height(100,100):origin()/pre00/2754/th/pre/i/2019/027/3/6/bfdit_r_3__act_3_drivethru_the_sequel__read_desc___by_calebsketch-dcy6w79.jpg&quot; alt=&quot;thumbnail&quot; /&gt;&lt;/div&gt;</description>            </item>
                    <item>
                <title>Rewrite The Stars</title>
                <link>https://amethystyl.deviantart.com/art/Rewrite-The-Stars-783028426</link>
                <guid isPermaLink="true">https://amethystyl.deviantart.com/art/Rewrite-The-Stars-783028426</guid>
                <pubDate>Sun, 27 Jan 2019 13:23:00 PST</pubDate>
                        <media:title type="plain">Rewrite The Stars</media:title>
        <media:keywords></media:keywords>
                        <media:rating>nonadult</media:rating>
                <media:category label="Animals">anthro/digital/drawings/animals</media:category>
        <media:credit role="author" scheme="urn:ebu">Amethystyl</media:credit>
        <media:credit role="author" scheme="urn:ebu">https://a.deviantart.net/avatars/a/m/amethystyl.png?9</media:credit>
        <media:copyright url="https://amethystyl.deviantart.com">Copyright 2019 Amethystyl</media:copyright>            <media:description type="html">Experiment-y icon in SAI 2 since I haven&#039;t used it in months (mainly SAI tool-related reasons, I&#039;m too lazy to manually remake them in SAI 2, lol)&lt;br /&gt;&lt;small&gt;I don&#039;t want to be stuck using sai for the next 6 years but oh god it&#039;s so hard to break from it. hhhh&lt;/small&gt;&lt;br /&gt;&lt;br /&gt;It&#039;s nice to reconnect with older characters &amp;#9829;&amp;nbsp;&lt;br /&gt;&lt;br /&gt;art/character belongs to &lt;span class=&quot;username-with-symbol u&quot;&gt;&lt;a class=&quot;u regular username&quot; href=&quot;https://www.deviantart.com/amethystyl&quot;&gt;Amethystyl&lt;/a&gt;&lt;span class=&quot;user-symbol regular&quot; data-quicktip-text=&quot;&quot; data-show-tooltip=&quot;&quot; data-gruser-type=&quot;regular&quot;&gt;&lt;/span&gt;&lt;/span&gt;, me.</media:description>            <media:thumbnail url="https://t00.deviantart.net/fpK_66T5gqsatg_aDMbs-Ot3piI=/fit-in/150x150/filters:no_upscale():origin()/pre00/23d2/th/pre/f/2019/027/5/8/newcanvas1_by_amethystyl-dcy70lm.png" height="150" width="150"/>            <media:thumbnail url="https://t00.deviantart.net/-rImh6uoppzRRFRqy6io8ICJJEA=/fit-in/300x900/filters:no_upscale():origin()/pre00/23d2/th/pre/f/2019/027/5/8/newcanvas1_by_amethystyl-dcy70lm.png" height="300" width="300"/>            <media:thumbnail url="https://t00.deviantart.net/ESPxqaLHTrWsNw9LKT6ZPR5cmYM=/300x200/filters:fixed_height(100,100):origin()/pre00/23d2/th/pre/f/2019/027/5/8/newcanvas1_by_amethystyl-dcy70lm.png" height="200" width="200"/>            <media:content url="https://orig00.deviantart.net/9529/f/2019/027/5/8/newcanvas1_by_amethystyl-dcy70lm.png" height="500" width="500" medium="image"/>            
            <description>Experiment-y icon in SAI 2 since I haven&#039;t used it in months (mainly SAI tool-related reasons, I&#039;m too lazy to manually remake them in SAI 2, lol)&lt;br /&gt;&lt;small&gt;I don&#039;t want to be stuck using sai for the next 6 years but oh god it&#039;s so hard to break from it. hhhh&lt;/small&gt;&lt;br /&gt;&lt;br /&gt;It&#039;s nice to reconnect with older characters &amp;#9829;&amp;nbsp;&lt;br /&gt;&lt;br /&gt;art/character belongs to &lt;span class=&quot;username-with-symbol u&quot;&gt;&lt;a class=&quot;u regular username&quot; href=&quot;https://www.deviantart.com/amethystyl&quot;&gt;Amethystyl&lt;/a&gt;&lt;span class=&quot;user-symbol regular&quot; data-quicktip-text=&quot;&quot; data-show-tooltip=&quot;&quot; data-gruser-type=&quot;regular&quot;&gt;&lt;/span&gt;&lt;/span&gt;, me.&lt;br /&gt;&lt;div&gt;&lt;img src=&quot;https://t00.deviantart.net/ESPxqaLHTrWsNw9LKT6ZPR5cmYM=/300x200/filters:fixed_height(100,100):origin()/pre00/23d2/th/pre/f/2019/027/5/8/newcanvas1_by_amethystyl-dcy70lm.png&quot; alt=&quot;thumbnail&quot; /&gt;&lt;/div&gt;</description>            </item>
                    <item>
                <title>Magical Girl 2</title>
                <link>https://dannyskunk.deviantart.com/art/Magical-Girl-2-783019806</link>
                <guid isPermaLink="true">https://dannyskunk.deviantart.com/art/Magical-Girl-2-783019806</guid>
                <pubDate>Sun, 27 Jan 2019 13:22:59 PST</pubDate>
                        <media:title type="plain">Magical Girl 2</media:title>
        <media:keywords></media:keywords>
                        <media:rating>adult</media:rating>
                <media:category label="Animals">anthro/digital/drawings/animals</media:category>
        <media:credit role="author" scheme="urn:ebu">DannySkunk</media:credit>
        <media:credit role="author" scheme="urn:ebu">https://a.deviantart.net/avatars/d/a/dannyskunk.png?2</media:credit>
        <media:copyright url="https://dannyskunk.deviantart.com">Copyright 2019 DannySkunk</media:copyright>            <media:description type="html"></media:description>            <media:thumbnail url="https://t00.deviantart.net/Ztywb4ZygGqRfsBZPsL-Xv_2O-Q=/fit-in/150x150/filters:no_upscale():origin()/pre00/ccb6/th/pre/f/2019/027/9/5/magical_girl_2_by_dannyskunk-dcy6ty6.png" height="150" width="99"/>            <media:thumbnail url="https://t00.deviantart.net/uSZ-dYYFJngf8_jf1DGgqQcF7d8=/fit-in/300x900/filters:no_upscale():origin()/pre00/ccb6/th/pre/f/2019/027/9/5/magical_girl_2_by_dannyskunk-dcy6ty6.png" height="457" width="300"/>            <media:thumbnail url="https://t00.deviantart.net/ZLpUF3jjDHMDlxrrOIM1AEAqchg=/300x200/filters:fixed_height(100,100):origin()/pre00/ccb6/th/pre/f/2019/027/9/5/magical_girl_2_by_dannyskunk-dcy6ty6.png" height="200" width="131"/>            <media:content url="https://pre00.deviantart.net/ccb6/th/pre/f/2019/027/9/5/magical_girl_2_by_dannyskunk-dcy6ty6.png" height="1103" width="725" medium="image"/>            
            <description>&lt;br /&gt;&lt;div&gt;&lt;img src=&quot;https://t00.deviantart.net/ZLpUF3jjDHMDlxrrOIM1AEAqchg=/300x200/filters:fixed_height(100,100):origin()/pre00/ccb6/th/pre/f/2019/027/9/5/magical_girl_2_by_dannyskunk-dcy6ty6.png&quot; alt=&quot;thumbnail&quot; /&gt;&lt;/div&gt;</description>            </item>
                    <item>
                <title>Daffney Gillfin</title>
                <link>https://seaskyodyssey.deviantart.com/art/Daffney-Gillfin-783029019</link>
                <guid isPermaLink="true">https://seaskyodyssey.deviantart.com/art/Daffney-Gillfin-783029019</guid>
                <pubDate>Sun, 27 Jan 2019 13:22:58 PST</pubDate>
                        <media:title type="plain">Daffney Gillfin</media:title>
        <media:keywords></media:keywords>
                        <media:rating>nonadult</media:rating>
                <media:category label="Movies &amp; TV">fanart/cartoons/traditional/movies</media:category>
        <media:credit role="author" scheme="urn:ebu">SeaSkyOdyssey</media:credit>
        <media:credit role="author" scheme="urn:ebu">https://a.deviantart.net/avatars/s/e/seaskyodyssey.jpg?2</media:credit>
        <media:copyright url="https://seaskyodyssey.deviantart.com">Copyright 2019 SeaSkyOdyssey</media:copyright>            <media:description type="html">Daffney Gillfin&amp;nbsp;is a character from the 80s cartoon &quot;The Snorks&quot;.&lt;br /&gt;Daffney Gillfin and the Snorks belong to Hanna-Barbera.</media:description>            <media:thumbnail url="https://t00.deviantart.net/FBeIAZUEtBOz8fkHS0GrnIBPdg8=/fit-in/150x150/filters:no_upscale():origin()/pre00/089f/th/pre/i/2019/027/6/b/daffney_gillfin_by_seaskyodyssey-dcy7123.jpg" height="150" width="116"/>            <media:thumbnail url="https://t00.deviantart.net/9tx0_WvyDWhBJ51mzgI5eSMhZY0=/fit-in/300x900/filters:no_upscale():origin()/pre00/089f/th/pre/i/2019/027/6/b/daffney_gillfin_by_seaskyodyssey-dcy7123.jpg" height="388" width="300"/>            <media:thumbnail url="https://t00.deviantart.net/y6NYoiv1GiKTRQxr6IGG8x7ECxs=/300x200/filters:fixed_height(100,100):origin()/pre00/089f/th/pre/i/2019/027/6/b/daffney_gillfin_by_seaskyodyssey-dcy7123.jpg" height="200" width="155"/>            <media:content url="https://pre00.deviantart.net/089f/th/pre/i/2019/027/6/b/daffney_gillfin_by_seaskyodyssey-dcy7123.jpg" height="1017" width="786" medium="image"/>            
            <description>Daffney Gillfin&amp;nbsp;is a character from the 80s cartoon &quot;The Snorks&quot;.&lt;br /&gt;Daffney Gillfin and the Snorks belong to Hanna-Barbera.&lt;br /&gt;&lt;div&gt;&lt;img src=&quot;https://t00.deviantart.net/y6NYoiv1GiKTRQxr6IGG8x7ECxs=/300x200/filters:fixed_height(100,100):origin()/pre00/089f/th/pre/i/2019/027/6/b/daffney_gillfin_by_seaskyodyssey-dcy7123.jpg&quot; alt=&quot;thumbnail&quot; /&gt;&lt;/div&gt;</description>            </item>
                    <item>
                <title>New Baby Cards - Baby Ele</title>
                <link>https://fimidesigns.deviantart.com/art/New-Baby-Cards-Baby-Ele-783027145</link>
                <guid isPermaLink="true">https://fimidesigns.deviantart.com/art/New-Baby-Cards-Baby-Ele-783027145</guid>
                <pubDate>Sun, 27 Jan 2019 13:22:57 PST</pubDate>
                        <media:title type="plain">New Baby Cards - Baby Ele</media:title>
        <media:keywords></media:keywords>
                        <media:rating>nonadult</media:rating>
                <media:category label="Other">artisan/origami/other</media:category>
        <media:credit role="author" scheme="urn:ebu">FimiDesigns</media:credit>
        <media:credit role="author" scheme="urn:ebu">https://a.deviantart.net/avatars/f/i/fimidesigns.jpg?2</media:credit>
        <media:copyright url="https://fimidesigns.deviantart.com">Copyright 2019 FimiDesigns</media:copyright>            <media:description type="html">&lt;p&gt;Handmade mini cards! Decorated with ribbon, mini elephants &amp;amp; AB diamante gems.&lt;/p&gt;&lt;p&gt;&lt;br /&gt;&amp;#8226; Comes with a matching envelope and cellophane bag.&lt;br /&gt;&amp;#8226; Card size: 10x10cm&lt;br /&gt;&lt;br /&gt;Because our cards are handmade, each card is unique and limited in stock.&lt;br /&gt;&lt;br /&gt;More info here:&amp;nbsp;&lt;span&gt;&lt;a class=&quot;external&quot; href=&quot;https://www.deviantart.com/users/outgoing?https://www.FimiDesigns.com&quot;&gt;FimiDesigns.com&lt;/a&gt; :3&lt;/span&gt;&lt;/p&gt;</media:description>            <media:thumbnail url="https://t00.deviantart.net/hBWgCYongGXiRlcWGvQ3tfoz56Y=/fit-in/150x150/filters:no_upscale():origin()/pre00/5d04/th/pre/i/2019/027/b/f/new_baby_cards___baby_ele_by_fimidesigns-dcy6zm1.jpg" height="94" width="150"/>            <media:thumbnail url="https://t00.deviantart.net/7YcHLC1hwQfD_vQq5ydpXH1zKHU=/fit-in/300x900/filters:no_upscale():origin()/pre00/5d04/th/pre/i/2019/027/b/f/new_baby_cards___baby_ele_by_fimidesigns-dcy6zm1.jpg" height="189" width="300"/>            <media:thumbnail url="https://t00.deviantart.net/OTWZqfw4NF5-QfKOzTk_gf6Fyd4=/300x200/filters:fixed_height(100,100):origin()/pre00/5d04/th/pre/i/2019/027/b/f/new_baby_cards___baby_ele_by_fimidesigns-dcy6zm1.jpg" height="189" width="300"/>            <media:content url="https://img00.deviantart.net/3444/i/2019/027/b/f/new_baby_cards___baby_ele_by_fimidesigns-dcy6zm1.jpg" height="566" width="900" medium="image"/>            
            <description>&lt;p&gt;Handmade mini cards! Decorated with ribbon, mini elephants &amp;amp; AB diamante gems.&lt;/p&gt;&lt;p&gt;&lt;br /&gt;&amp;#8226; Comes with a matching envelope and cellophane bag.&lt;br /&gt;&amp;#8226; Card size: 10x10cm&lt;br /&gt;&lt;br /&gt;Because our cards are handmade, each card is unique and limited in stock.&lt;br /&gt;&lt;br /&gt;More info here:&amp;nbsp;&lt;span&gt;&lt;a class=&quot;external&quot; href=&quot;https://www.deviantart.com/users/outgoing?https://www.FimiDesigns.com&quot;&gt;FimiDesigns.com&lt;/a&gt; :3&lt;/span&gt;&lt;/p&gt;&lt;br /&gt;&lt;div&gt;&lt;img src=&quot;https://t00.deviantart.net/OTWZqfw4NF5-QfKOzTk_gf6Fyd4=/300x200/filters:fixed_height(100,100):origin()/pre00/5d04/th/pre/i/2019/027/b/f/new_baby_cards___baby_ele_by_fimidesigns-dcy6zm1.jpg&quot; alt=&quot;thumbnail&quot; /&gt;&lt;/div&gt;</description>            </item>
                    <item>
                <title>Robbery</title>
                <link>https://clovvning.deviantart.com/art/Robbery-783028938</link>
                <guid isPermaLink="true">https://clovvning.deviantart.com/art/Robbery-783028938</guid>
                <pubDate>Sun, 27 Jan 2019 13:22:57 PST</pubDate>
                        <media:title type="plain">Robbery</media:title>
        <media:keywords></media:keywords>
                        <media:rating>nonadult</media:rating>
                <media:category label="Animals">digitalart/paintings/animals</media:category>
        <media:credit role="author" scheme="urn:ebu">Clovvning</media:credit>
        <media:credit role="author" scheme="urn:ebu">https://a.deviantart.net/avatars/c/l/clovvning.png?3</media:credit>
        <media:copyright url="https://clovvning.deviantart.com">Copyright 2019 Clovvning</media:copyright>            <media:description type="html">&lt;small&gt; YCH for &lt;span class=&quot;username-with-symbol u&quot;&gt;&lt;a class=&quot;u premium username&quot; href=&quot;https://www.deviantart.com/fishb0t&quot;&gt;FISHB0T&lt;/a&gt;&lt;span class=&quot;user-symbol premium&quot; data-quicktip-text=&quot;Core Member&quot; data-show-tooltip=&quot;1&quot; data-gruser-type=&quot;premium&quot;&gt;&lt;/span&gt;&lt;/span&gt;&lt;/small&gt;</media:description>            <media:thumbnail url="https://t00.deviantart.net/7oYB4uBmxCNd9yIniGm6O5YyTA0=/fit-in/150x150/filters:no_upscale():origin()/pre00/4bf7/th/pre/f/2019/027/0/6/robbery_by_clovvning-dcy70zu.png" height="150" width="96"/>            <media:thumbnail url="https://t00.deviantart.net/1vszz3i_A5fbvxfPVbs8V2mzBfc=/fit-in/300x900/filters:no_upscale():origin()/pre00/4bf7/th/pre/f/2019/027/0/6/robbery_by_clovvning-dcy70zu.png" height="469" width="300"/>            <media:thumbnail url="https://t00.deviantart.net/ltLmAV4Zq_dVDR40qgHuGlKSZz0=/300x200/filters:fixed_height(100,100):origin()/pre00/4bf7/th/pre/f/2019/027/0/6/robbery_by_clovvning-dcy70zu.png" height="200" width="128"/>            <media:content url="https://orig00.deviantart.net/0701/f/2019/027/0/6/robbery_by_clovvning-dcy70zu.png" height="820" width="525" medium="image"/>            
            <description>&lt;small&gt; YCH for &lt;span class=&quot;username-with-symbol u&quot;&gt;&lt;a class=&quot;u premium username&quot; href=&quot;https://www.deviantart.com/fishb0t&quot;&gt;FISHB0T&lt;/a&gt;&lt;span class=&quot;user-symbol premium&quot; data-quicktip-text=&quot;Core Member&quot; data-show-tooltip=&quot;1&quot; data-gruser-type=&quot;premium&quot;&gt;&lt;/span&gt;&lt;/span&gt;&lt;/small&gt;&lt;br /&gt;&lt;div&gt;&lt;img src=&quot;https://t00.deviantart.net/ltLmAV4Zq_dVDR40qgHuGlKSZz0=/300x200/filters:fixed_height(100,100):origin()/pre00/4bf7/th/pre/f/2019/027/0/6/robbery_by_clovvning-dcy70zu.png&quot; alt=&quot;thumbnail&quot; /&gt;&lt;/div&gt;</description>            </item>
                    <item>
                <title>HAPPY BIRTHDAY MENA!!! (Edited)</title>
                <link>https://oscar050.deviantart.com/art/HAPPY-BIRTHDAY-MENA-Edited-783029056</link>
                <guid isPermaLink="true">https://oscar050.deviantart.com/art/HAPPY-BIRTHDAY-MENA-Edited-783029056</guid>
                <pubDate>Sun, 27 Jan 2019 13:22:56 PST</pubDate>
                        <media:title type="plain">HAPPY BIRTHDAY MENA!!! (Edited)</media:title>
        <media:keywords></media:keywords>
                        <media:rating>nonadult</media:rating>
                <media:category label="Games">fanart/anthro/digital/games</media:category>
        <media:credit role="author" scheme="urn:ebu">oscar050</media:credit>
        <media:credit role="author" scheme="urn:ebu">https://a.deviantart.net/avatars/o/s/oscar050.png</media:credit>
        <media:copyright url="https://oscar050.deviantart.com">Copyright 2019 oscar050</media:copyright>            <media:description type="html">&lt;span&gt;ENGLISH:&lt;br /&gt;&lt;br /&gt;A new version of this:&amp;nbsp;&lt;a href=&quot;https://www.deviantart.com/oscar050/art/HAPPY-BIRTHDAY-MENA-782879447&quot;&gt;www.deviantart.com/oscar050/ar&amp;hellip;&lt;/a&gt;&lt;br /&gt;Happy Birthday to&amp;nbsp;&lt;a target=&quot;_self&quot; href=&quot;https://www.deviantart.com/menarandom-art128&quot; &gt;&lt;img class=&quot;avatar&quot; width=&quot;50&quot; height=&quot;50&quot; src=&quot;https://a.deviantart.net/avatars/m/e/menarandom-art128.png?11&quot; alt=&quot;:iconmenarandom-art128:&quot; title=&quot;Menarandom-art128&quot; /&gt;&lt;/a&gt;&amp;nbsp;&lt;img src=&quot;https://e.deviantart.net/emoticons/b/biggrin.gif&quot; alt=&quot;:D (Big Grin)&quot; style=&quot;width: 15px; height: 15px;&quot; data-embed-type=&quot;emoticon&quot; data-embed-id=&quot;366&quot;&gt;&amp;nbsp;&lt;img src=&quot;https://e.deviantart.net/emoticons/c/clap2.gif&quot; alt=&quot;Clap&quot; style=&quot;width: 20px; height: 20px;&quot; data-embed-type=&quot;emoticon&quot; data-embed-id=&quot;60&quot;&gt;&amp;nbsp;&lt;img src=&quot;https://e.deviantart.net/emoticons/m/meow.gif&quot; alt=&quot;Meow :3&quot; style=&quot;width: 15px; height: 15px;&quot; data-embed-type=&quot;emoticon&quot; data-embed-id=&quot;578&quot;&gt;&amp;nbsp;&lt;img src=&quot;https://e.deviantart.net/emoticons/g/giggle.gif&quot; alt=&quot;Giggle&quot; style=&quot;width: 17px; height: 15px;&quot; data-embed-type=&quot;emoticon&quot; data-embed-id=&quot;100&quot;&gt;&amp;nbsp;&lt;img src=&quot;https://e.deviantart.net/emoticons/h/hug.gif&quot; alt=&quot;Hug&quot; style=&quot;width: 38px; height: 15px;&quot; data-embed-type=&quot;emoticon&quot; data-embed-id=&quot;160&quot;&gt;&amp;nbsp;&lt;img src=&quot;https://e.deviantart.net/emoticons/h/hug.gif&quot; alt=&quot;Hug&quot; style=&quot;width: 38px; height: 15px;&quot; data-embed-type=&quot;emoticon&quot; data-embed-id=&quot;160&quot;&gt;&amp;nbsp;&lt;img src=&quot;https://e.deviantart.net/emoticons/h/huggle.gif&quot; alt=&quot;Huggle!&quot; style=&quot;width: 35px; height: 17px;&quot; data-embed-type=&quot;emoticon&quot; data-embed-id=&quot;576&quot;&gt;&amp;nbsp;&lt;img src=&quot;https://e.deviantart.net/emoticons/h/huggle.gif&quot; alt=&quot;Huggle!&quot; style=&quot;width: 35px; height: 17px;&quot; data-embed-type=&quot;emoticon&quot; data-embed-id=&quot;576&quot;&gt;&amp;nbsp;&lt;img src=&quot;https://e.deviantart.net/emoticons/h/happybounce.gif&quot; alt=&quot;:happybounce:&quot; style=&quot;width: 17px; height: 23px;&quot; data-embed-type=&quot;emoticon&quot; data-embed-id=&quot;599&quot;&gt;&amp;nbsp;&lt;img src=&quot;https://e.deviantart.net/emoticons/h/happybounce.gif&quot; alt=&quot;:happybounce:&quot; style=&quot;width: 17px; height: 23px;&quot; data-embed-type=&quot;emoticon&quot; data-embed-id=&quot;599&quot;&gt;&amp;nbsp;&lt;img src=&quot;https://e.deviantart.net/emoticons/a/airborne.gif&quot; alt=&quot;Airborne&quot; style=&quot;width: 49px; height: 36px;&quot; data-embed-type=&quot;emoticon&quot; data-embed-id=&quot;446&quot;&gt;&amp;nbsp;&lt;img src=&quot;https://e.deviantart.net/emoticons/a/airborne.gif&quot; alt=&quot;Airborne&quot; style=&quot;width: 49px; height: 36px;&quot; data-embed-type=&quot;emoticon&quot; data-embed-id=&quot;446&quot;&gt;&amp;nbsp;&lt;img src=&quot;https://e.deviantart.net/emoticons/a/airborne.gif&quot; alt=&quot;Airborne&quot; style=&quot;width: 49px; height: 36px;&quot; data-embed-type=&quot;emoticon&quot; data-embed-id=&quot;446&quot;&gt;&amp;nbsp;&lt;img src=&quot;https://e.deviantart.net/emoticons/c/cake.gif&quot; alt=&quot;Have your cake and eat it too&quot; style=&quot;width: 32px; height: 32px;&quot; data-embed-type=&quot;emoticon&quot; data-embed-id=&quot;119&quot;&gt;&amp;nbsp;&lt;img src=&quot;https://e.deviantart.net/emoticons/c/cake.gif&quot; alt=&quot;Have your cake and eat it too&quot; style=&quot;width: 32px; height: 32px;&quot; data-embed-type=&quot;emoticon&quot; data-embed-id=&quot;119&quot;&gt;&amp;nbsp;&lt;img src=&quot;https://e.deviantart.net/emoticons/c/cake.gif&quot; alt=&quot;Have your cake and eat it too&quot; style=&quot;width: 32px; height: 32px;&quot; data-embed-type=&quot;emoticon&quot; data-embed-id=&quot;119&quot;&gt;&amp;nbsp;&lt;img src=&quot;https://e.deviantart.net/emoticons/c/cake.gif&quot; alt=&quot;Have your cake and eat it too&quot; style=&quot;width: 32px; height: 32px;&quot; data-embed-type=&quot;emoticon&quot; data-embed-id=&quot;119&quot;&gt;&amp;nbsp;&lt;img src=&quot;https://e.deviantart.net/emoticons/c/cake.gif&quot; alt=&quot;Have your cake and eat it too&quot; style=&quot;width: 32px; height: 32px;&quot; data-embed-type=&quot;emoticon&quot; data-embed-id=&quot;119&quot;&gt;&amp;nbsp;&lt;a href=&quot;https://www.deviantart.com/chibivillecute/art/birthday-cake-175675544&quot; class=&quot;emoticon&quot; data-embed-type=&quot;emoticon&quot; data-embed-id=&quot;175675544&quot; data-embed-profile=&quot;deviation&quot;&gt;&lt;img src=&quot;https://orig00.deviantart.net/e145/f/2010/229/f/c/birthday_cake_by_chibivillecute.gif&quot; alt=&quot;birthday cake&quot; style=&quot;width:45px;height:32px&quot;&gt;&lt;/a&gt;&amp;nbsp;&lt;a href=&quot;https://www.deviantart.com/chibivillecute/art/birthday-cake-175675544&quot; class=&quot;emoticon&quot; data-embed-type=&quot;emoticon&quot; data-embed-id=&quot;175675544&quot; data-embed-profile=&quot;deviation&quot;&gt;&lt;img src=&quot;https://orig00.deviantart.net/e145/f/2010/229/f/c/birthday_cake_by_chibivillecute.gif&quot; alt=&quot;birthday cake&quot; style=&quot;width:45px;height:32px&quot;&gt;&lt;/a&gt;&amp;nbsp;&lt;a href=&quot;https://www.deviantart.com/chibivillecute/art/birthday-cake-175675544&quot; class=&quot;emoticon&quot; data-embed-type=&quot;emoticon&quot; data-embed-id=&quot;175675544&quot; data-embed-profile=&quot;deviation&quot;&gt;&lt;img src=&quot;https://orig00.deviantart.net/e145/f/2010/229/f/c/birthday_cake_by_chibivillecute.gif&quot; alt=&quot;birthday cake&quot; style=&quot;width:45px;height:32px&quot;&gt;&lt;/a&gt;&amp;nbsp;&lt;a href=&quot;https://www.deviantart.com/chibivillecute/art/birthday-cake-175675544&quot; class=&quot;emoticon&quot; data-embed-type=&quot;emoticon&quot; data-embed-id=&quot;175675544&quot; data-embed-profile=&quot;deviation&quot;&gt;&lt;img src=&quot;https://orig00.deviantart.net/e145/f/2010/229/f/c/birthday_cake_by_chibivillecute.gif&quot; alt=&quot;birthday cake&quot; style=&quot;width:45px;height:32px&quot;&gt;&lt;/a&gt;&amp;nbsp;&lt;br /&gt;Hope you like chocolate cake&amp;nbsp;&lt;img src=&quot;https://e.deviantart.net/emoticons/w/wink.gif&quot; alt=&quot;;) (Wink)&quot; style=&quot;width: 15px; height: 15px;&quot; data-embed-type=&quot;emoticon&quot; data-embed-id=&quot;387&quot;&gt;&amp;nbsp;&lt;img src=&quot;https://e.deviantart.net/emoticons/w/winkrazz.gif&quot; alt=&quot;Wink/Razz&quot; style=&quot;width: 15px; height: 15px;&quot; data-embed-type=&quot;emoticon&quot; data-embed-id=&quot;454&quot;&gt;&amp;nbsp;&lt;img src=&quot;https://e.deviantart.net/emoticons/b/biggrin.gif&quot; alt=&quot;:D (Big Grin)&quot; style=&quot;width: 15px; height: 15px;&quot; data-embed-type=&quot;emoticon&quot; data-embed-id=&quot;366&quot;&gt;&amp;nbsp;&lt;br /&gt;&lt;br /&gt;Created in XPS XNALara Posing Studio.&lt;/span&gt;&lt;br /&gt;&lt;span&gt;&amp;#169; Models are property of the original creators and owners &amp;#169;&lt;/span&gt;&lt;br /&gt;&lt;span&gt;2019. All Rights Reserved.&lt;/span&gt;&lt;br /&gt;&lt;br /&gt;&lt;br /&gt;&lt;br /&gt;&lt;span&gt;ESPA&amp;#209;OL:&lt;br /&gt;&lt;br /&gt;&lt;/span&gt;&lt;span&gt;Una nueva version de:&amp;nbsp;&lt;a href=&quot;https://www.deviantart.com/oscar050/art/HAPPY-BIRTHDAY-MENA-782879447&quot;&gt;www.deviantart.com/oscar050/ar&amp;hellip;&lt;/a&gt;&lt;br /&gt;Feliz Cumplea&amp;#241;os para&amp;nbsp;&lt;/span&gt;&lt;span class=&quot;username-with-symbol u&quot;&gt;&lt;a class=&quot;u regular username&quot; href=&quot;https://www.deviantart.com/menarandom-art128&quot;&gt;Menarandom-art128&lt;/a&gt;&lt;span class=&quot;user-symbol regular&quot; data-quicktip-text=&quot;&quot; data-show-tooltip=&quot;&quot; data-gruser-type=&quot;regular&quot;&gt;&lt;/span&gt;&lt;/span&gt;&lt;span&gt;&amp;nbsp;&amp;nbsp;&lt;/span&gt;&lt;img src=&quot;https://e.deviantart.net/emoticons/b/biggrin.gif&quot; alt=&quot;:D (Big Grin)&quot; style=&quot;width: 15px; height: 15px;&quot; data-embed-type=&quot;emoticon&quot; data-embed-id=&quot;366&quot;&gt;&lt;span&gt;&amp;nbsp;&lt;/span&gt;&lt;img src=&quot;https://e.deviantart.net/emoticons/b/biggrin.gif&quot; alt=&quot;:D (Big Grin)&quot; style=&quot;width: 15px; height: 15px;&quot; data-embed-type=&quot;emoticon&quot; data-embed-id=&quot;366&quot;&gt;&lt;img src=&quot;https://e.deviantart.net/emoticons/c/clap2.gif&quot; alt=&quot;Clap&quot; style=&quot;width: 20px; height: 20px;&quot; data-embed-type=&quot;emoticon&quot; data-embed-id=&quot;60&quot;&gt;&lt;span&gt;&amp;nbsp;&lt;/span&gt;&lt;img src=&quot;https://e.deviantart.net/emoticons/m/meow.gif&quot; alt=&quot;Meow :3&quot; style=&quot;width: 15px; height: 15px;&quot; data-embed-type=&quot;emoticon&quot; data-embed-id=&quot;578&quot;&gt;&lt;span&gt;&amp;nbsp;&lt;/span&gt;&lt;img src=&quot;https://e.deviantart.net/emoticons/g/giggle.gif&quot; alt=&quot;Giggle&quot; style=&quot;width: 17px; height: 15px;&quot; data-embed-type=&quot;emoticon&quot; data-embed-id=&quot;100&quot;&gt;&lt;span&gt;&amp;nbsp;&lt;/span&gt;&lt;img src=&quot;https://e.deviantart.net/emoticons/h/happybounce.gif&quot; alt=&quot;:happybounce:&quot; style=&quot;width: 17px; height: 23px;&quot; data-embed-type=&quot;emoticon&quot; data-embed-id=&quot;599&quot;&gt;&lt;span&gt;&amp;nbsp;&lt;/span&gt;&lt;img src=&quot;https://e.deviantart.net/emoticons/h/happybounce.gif&quot; alt=&quot;:happybounce:&quot; style=&quot;width: 17px; height: 23px;&quot; data-embed-type=&quot;emoticon&quot; data-embed-id=&quot;599&quot;&gt;&lt;span&gt;&amp;nbsp;&lt;/span&gt;&lt;img src=&quot;https://e.deviantart.net/emoticons/h/hug.gif&quot; alt=&quot;Hug&quot; style=&quot;width: 38px; height: 15px;&quot; data-embed-type=&quot;emoticon&quot; data-embed-id=&quot;160&quot;&gt;&lt;span&gt;&amp;nbsp;&lt;/span&gt;&lt;img src=&quot;https://e.deviantart.net/emoticons/h/hug.gif&quot; alt=&quot;Hug&quot; style=&quot;width: 38px; height: 15px;&quot; data-embed-type=&quot;emoticon&quot; data-embed-id=&quot;160&quot;&gt;&lt;span&gt;&amp;nbsp;&lt;/span&gt;&lt;img src=&quot;https://e.deviantart.net/emoticons/h/huggle.gif&quot; alt=&quot;Huggle!&quot; style=&quot;width: 35px; height: 17px;&quot; data-embed-type=&quot;emoticon&quot; data-embed-id=&quot;576&quot;&gt;&lt;span&gt;&amp;nbsp;&lt;/span&gt;&lt;img src=&quot;https://e.deviantart.net/emoticons/h/huggle.gif&quot; alt=&quot;Huggle!&quot; style=&quot;width: 35px; height: 17px;&quot; data-embed-type=&quot;emoticon&quot; data-embed-id=&quot;576&quot;&gt;&lt;span&gt;&amp;nbsp;&lt;/span&gt;&lt;img src=&quot;https://e.deviantart.net/emoticons/a/airborne.gif&quot; alt=&quot;Airborne&quot; style=&quot;width: 49px; height: 36px;&quot; data-embed-type=&quot;emoticon&quot; data-embed-id=&quot;446&quot;&gt;&lt;span&gt;&amp;nbsp;&lt;/span&gt;&lt;img src=&quot;https://e.deviantart.net/emoticons/a/airborne.gif&quot; alt=&quot;Airborne&quot; style=&quot;width: 49px; height: 36px;&quot; data-embed-type=&quot;emoticon&quot; data-embed-id=&quot;446&quot;&gt;&lt;span&gt;&amp;nbsp;&lt;/span&gt;&lt;img src=&quot;https://e.deviantart.net/emoticons/a/airborne.gif&quot; alt=&quot;Airborne&quot; style=&quot;width: 49px; height: 36px;&quot; data-embed-type=&quot;emoticon&quot; data-embed-id=&quot;446&quot;&gt;&lt;span&gt;&amp;nbsp;&lt;/span&gt;&lt;img src=&quot;https://e.deviantart.net/emoticons/c/cake.gif&quot; alt=&quot;Have your cake and eat it too&quot; style=&quot;width: 32px; height: 32px;&quot; data-embed-type=&quot;emoticon&quot; data-embed-id=&quot;119&quot;&gt;&lt;span&gt;&amp;nbsp;&lt;/span&gt;&lt;img src=&quot;https://e.deviantart.net/emoticons/c/cake.gif&quot; alt=&quot;Have your cake and eat it too&quot; style=&quot;width: 32px; height: 32px;&quot; data-embed-type=&quot;emoticon&quot; data-embed-id=&quot;119&quot;&gt;&lt;span&gt;&amp;nbsp;&lt;/span&gt;&lt;img src=&quot;https://e.deviantart.net/emoticons/c/cake.gif&quot; alt=&quot;Have your cake and eat it too&quot; style=&quot;width: 32px; height: 32px;&quot; data-embed-type=&quot;emoticon&quot; data-embed-id=&quot;119&quot;&gt;&lt;span&gt;&amp;nbsp;&lt;/span&gt;&lt;a href=&quot;https://www.deviantart.com/chibivillecute/art/birthday-cake-175675544&quot; class=&quot;emoticon&quot; data-embed-type=&quot;emoticon&quot; data-embed-id=&quot;175675544&quot; data-embed-profile=&quot;deviation&quot;&gt;&lt;img src=&quot;https://orig00.deviantart.net/e145/f/2010/229/f/c/birthday_cake_by_chibivillecute.gif&quot; alt=&quot;birthday cake&quot; style=&quot;width:45px;height:32px&quot;&gt;&lt;/a&gt;&lt;span&gt;&amp;nbsp;&lt;/span&gt;&lt;a href=&quot;https://www.deviantart.com/chibivillecute/art/birthday-cake-175675544&quot; class=&quot;emoticon&quot; data-embed-type=&quot;emoticon&quot; data-embed-id=&quot;175675544&quot; data-embed-profile=&quot;deviation&quot;&gt;&lt;img src=&quot;https://orig00.deviantart.net/e145/f/2010/229/f/c/birthday_cake_by_chibivillecute.gif&quot; alt=&quot;birthday cake&quot; style=&quot;width:45px;height:32px&quot;&gt;&lt;/a&gt;&lt;span&gt;&amp;nbsp;&lt;/span&gt;&lt;a href=&quot;https://www.deviantart.com/chibivillecute/art/birthday-cake-175675544&quot; class=&quot;emoticon&quot; data-embed-type=&quot;emoticon&quot; data-embed-id=&quot;175675544&quot; data-embed-profile=&quot;deviation&quot;&gt;&lt;img src=&quot;https://orig00.deviantart.net/e145/f/2010/229/f/c/birthday_cake_by_chibivillecute.gif&quot; alt=&quot;birthday cake&quot; style=&quot;width:45px;height:32px&quot;&gt;&lt;/a&gt;&lt;span&gt;&amp;nbsp;&lt;/span&gt;&lt;br /&gt;&lt;span&gt;Espero te guste el pastel de chocolate&amp;nbsp;&lt;/span&gt;&lt;img src=&quot;https://e.deviantart.net/emoticons/w/wink.gif&quot; alt=&quot;;) (Wink)&quot; style=&quot;width: 15px; height: 15px;&quot; data-embed-type=&quot;emoticon&quot; data-embed-id=&quot;387&quot;&gt;&lt;span&gt;&amp;nbsp;&lt;/span&gt;&lt;img src=&quot;https://e.deviantart.net/emoticons/w/winkrazz.gif&quot; alt=&quot;Wink/Razz&quot; style=&quot;width: 15px; height: 15px;&quot; data-embed-type=&quot;emoticon&quot; data-embed-id=&quot;454&quot;&gt;&lt;span&gt;&amp;nbsp;&lt;/span&gt;&lt;img src=&quot;https://e.deviantart.net/emoticons/b/biggrin.gif&quot; alt=&quot;:D (Big Grin)&quot; style=&quot;width: 15px; height: 15px;&quot; data-embed-type=&quot;emoticon&quot; data-embed-id=&quot;366&quot;&gt;&lt;br /&gt;&lt;br /&gt;&lt;span&gt;Creado en XPS XNALara Posing Studio.&lt;/span&gt;&lt;br /&gt;&lt;span&gt;&amp;#169; Modelos usados son propiedad de los creadores y due&amp;#241;os originales &amp;#169;&lt;/span&gt;&lt;br /&gt;&lt;span&gt;2019. Todos los derechos reservados.&lt;/span&gt;</media:description>            <media:thumbnail url="https://t00.deviantart.net/Dr-BcqTfaY2r84ldFAqY1Hznfzs=/fit-in/150x150/filters:no_upscale():origin()/pre00/a3cf/th/pre/i/2019/027/a/d/happy_birthday_mena_____edited__by_oscar050-dcy7134.jpg" height="90" width="150"/>            <media:thumbnail url="https://t00.deviantart.net/2gKNoE_6GYyjV2w4P6nsXts1pjo=/fit-in/300x900/filters:no_upscale():origin()/pre00/a3cf/th/pre/i/2019/027/a/d/happy_birthday_mena_____edited__by_oscar050-dcy7134.jpg" height="181" width="300"/>            <media:thumbnail url="https://t00.deviantart.net/JLRDhtv9hLpKQgEfes6OCFENyeQ=/300x200/filters:fixed_height(100,100):origin()/pre00/a3cf/th/pre/i/2019/027/a/d/happy_birthday_mena_____edited__by_oscar050-dcy7134.jpg" height="181" width="300"/>            <media:content url="https://pre00.deviantart.net/a3cf/th/pre/i/2019/027/a/d/happy_birthday_mena_____edited__by_oscar050-dcy7134.jpg" height="694" width="1152" medium="image"/>            
            <description>&lt;span&gt;ENGLISH:&lt;br /&gt;&lt;br /&gt;A new version of this:&amp;nbsp;&lt;a href=&quot;https://www.deviantart.com/oscar050/art/HAPPY-BIRTHDAY-MENA-782879447&quot;&gt;www.deviantart.com/oscar050/ar&amp;hellip;&lt;/a&gt;&lt;br /&gt;Happy Birthday to&amp;nbsp;&lt;a target=&quot;_self&quot; href=&quot;https://www.deviantart.com/menarandom-art128&quot; &gt;&lt;img class=&quot;avatar&quot; width=&quot;50&quot; height=&quot;50&quot; src=&quot;https://a.deviantart.net/avatars/m/e/menarandom-art128.png?11&quot; alt=&quot;:iconmenarandom-art128:&quot; title=&quot;Menarandom-art128&quot; /&gt;&lt;/a&gt;&amp;nbsp;&lt;img src=&quot;https://e.deviantart.net/emoticons/b/biggrin.gif&quot; alt=&quot;:D (Big Grin)&quot; style=&quot;width: 15px; height: 15px;&quot; data-embed-type=&quot;emoticon&quot; data-embed-id=&quot;366&quot;&gt;&amp;nbsp;&lt;img src=&quot;https://e.deviantart.net/emoticons/c/clap2.gif&quot; alt=&quot;Clap&quot; style=&quot;width: 20px; height: 20px;&quot; data-embed-type=&quot;emoticon&quot; data-embed-id=&quot;60&quot;&gt;&amp;nbsp;&lt;img src=&quot;https://e.deviantart.net/emoticons/m/meow.gif&quot; alt=&quot;Meow :3&quot; style=&quot;width: 15px; height: 15px;&quot; data-embed-type=&quot;emoticon&quot; data-embed-id=&quot;578&quot;&gt;&amp;nbsp;&lt;img src=&quot;https://e.deviantart.net/emoticons/g/giggle.gif&quot; alt=&quot;Giggle&quot; style=&quot;width: 17px; height: 15px;&quot; data-embed-type=&quot;emoticon&quot; data-embed-id=&quot;100&quot;&gt;&amp;nbsp;&lt;img src=&quot;https://e.deviantart.net/emoticons/h/hug.gif&quot; alt=&quot;Hug&quot; style=&quot;width: 38px; height: 15px;&quot; data-embed-type=&quot;emoticon&quot; data-embed-id=&quot;160&quot;&gt;&amp;nbsp;&lt;img src=&quot;https://e.deviantart.net/emoticons/h/hug.gif&quot; alt=&quot;Hug&quot; style=&quot;width: 38px; height: 15px;&quot; data-embed-type=&quot;emoticon&quot; data-embed-id=&quot;160&quot;&gt;&amp;nbsp;&lt;img src=&quot;https://e.deviantart.net/emoticons/h/huggle.gif&quot; alt=&quot;Huggle!&quot; style=&quot;width: 35px; height: 17px;&quot; data-embed-type=&quot;emoticon&quot; data-embed-id=&quot;576&quot;&gt;&amp;nbsp;&lt;img src=&quot;https://e.deviantart.net/emoticons/h/huggle.gif&quot; alt=&quot;Huggle!&quot; style=&quot;width: 35px; height: 17px;&quot; data-embed-type=&quot;emoticon&quot; data-embed-id=&quot;576&quot;&gt;&amp;nbsp;&lt;img src=&quot;https://e.deviantart.net/emoticons/h/happybounce.gif&quot; alt=&quot;:happybounce:&quot; style=&quot;width: 17px; height: 23px;&quot; data-embed-type=&quot;emoticon&quot; data-embed-id=&quot;599&quot;&gt;&amp;nbsp;&lt;img src=&quot;https://e.deviantart.net/emoticons/h/happybounce.gif&quot; alt=&quot;:happybounce:&quot; style=&quot;width: 17px; height: 23px;&quot; data-embed-type=&quot;emoticon&quot; data-embed-id=&quot;599&quot;&gt;&amp;nbsp;&lt;img src=&quot;https://e.deviantart.net/emoticons/a/airborne.gif&quot; alt=&quot;Airborne&quot; style=&quot;width: 49px; height: 36px;&quot; data-embed-type=&quot;emoticon&quot; data-embed-id=&quot;446&quot;&gt;&amp;nbsp;&lt;img src=&quot;https://e.deviantart.net/emoticons/a/airborne.gif&quot; alt=&quot;Airborne&quot; style=&quot;width: 49px; height: 36px;&quot; data-embed-type=&quot;emoticon&quot; data-embed-id=&quot;446&quot;&gt;&amp;nbsp;&lt;img src=&quot;https://e.deviantart.net/emoticons/a/airborne.gif&quot; alt=&quot;Airborne&quot; style=&quot;width: 49px; height: 36px;&quot; data-embed-type=&quot;emoticon&quot; data-embed-id=&quot;446&quot;&gt;&amp;nbsp;&lt;img src=&quot;https://e.deviantart.net/emoticons/c/cake.gif&quot; alt=&quot;Have your cake and eat it too&quot; style=&quot;width: 32px; height: 32px;&quot; data-embed-type=&quot;emoticon&quot; data-embed-id=&quot;119&quot;&gt;&amp;nbsp;&lt;img src=&quot;https://e.deviantart.net/emoticons/c/cake.gif&quot; alt=&quot;Have your cake and eat it too&quot; style=&quot;width: 32px; height: 32px;&quot; data-embed-type=&quot;emoticon&quot; data-embed-id=&quot;119&quot;&gt;&amp;nbsp;&lt;img src=&quot;https://e.deviantart.net/emoticons/c/cake.gif&quot; alt=&quot;Have your cake and eat it too&quot; style=&quot;width: 32px; height: 32px;&quot; data-embed-type=&quot;emoticon&quot; data-embed-id=&quot;119&quot;&gt;&amp;nbsp;&lt;img src=&quot;https://e.deviantart.net/emoticons/c/cake.gif&quot; alt=&quot;Have your cake and eat it too&quot; style=&quot;width: 32px; height: 32px;&quot; data-embed-type=&quot;emoticon&quot; data-embed-id=&quot;119&quot;&gt;&amp;nbsp;&lt;img src=&quot;https://e.deviantart.net/emoticons/c/cake.gif&quot; alt=&quot;Have your cake and eat it too&quot; style=&quot;width: 32px; height: 32px;&quot; data-embed-type=&quot;emoticon&quot; data-embed-id=&quot;119&quot;&gt;&amp;nbsp;&lt;a href=&quot;https://www.deviantart.com/chibivillecute/art/birthday-cake-175675544&quot; class=&quot;emoticon&quot; data-embed-type=&quot;emoticon&quot; data-embed-id=&quot;175675544&quot; data-embed-profile=&quot;deviation&quot;&gt;&lt;img src=&quot;https://orig00.deviantart.net/e145/f/2010/229/f/c/birthday_cake_by_chibivillecute.gif&quot; alt=&quot;birthday cake&quot; style=&quot;width:45px;height:32px&quot;&gt;&lt;/a&gt;&amp;nbsp;&lt;a href=&quot;https://www.deviantart.com/chibivillecute/art/birthday-cake-175675544&quot; class=&quot;emoticon&quot; data-embed-type=&quot;emoticon&quot; data-embed-id=&quot;175675544&quot; data-embed-profile=&quot;deviation&quot;&gt;&lt;img src=&quot;https://orig00.deviantart.net/e145/f/2010/229/f/c/birthday_cake_by_chibivillecute.gif&quot; alt=&quot;birthday cake&quot; style=&quot;width:45px;height:32px&quot;&gt;&lt;/a&gt;&amp;nbsp;&lt;a href=&quot;https://www.deviantart.com/chibivillecute/art/birthday-cake-175675544&quot; class=&quot;emoticon&quot; data-embed-type=&quot;emoticon&quot; data-embed-id=&quot;175675544&quot; data-embed-profile=&quot;deviation&quot;&gt;&lt;img src=&quot;https://orig00.deviantart.net/e145/f/2010/229/f/c/birthday_cake_by_chibivillecute.gif&quot; alt=&quot;birthday cake&quot; style=&quot;width:45px;height:32px&quot;&gt;&lt;/a&gt;&amp;nbsp;&lt;a href=&quot;https://www.deviantart.com/chibivillecute/art/birthday-cake-175675544&quot; class=&quot;emoticon&quot; data-embed-type=&quot;emoticon&quot; data-embed-id=&quot;175675544&quot; data-embed-profile=&quot;deviation&quot;&gt;&lt;img src=&quot;https://orig00.deviantart.net/e145/f/2010/229/f/c/birthday_cake_by_chibivillecute.gif&quot; alt=&quot;birthday cake&quot; style=&quot;width:45px;height:32px&quot;&gt;&lt;/a&gt;&amp;nbsp;&lt;br /&gt;Hope you like chocolate cake&amp;nbsp;&lt;img src=&quot;https://e.deviantart.net/emoticons/w/wink.gif&quot; alt=&quot;;) (Wink)&quot; style=&quot;width: 15px; height: 15px;&quot; data-embed-type=&quot;emoticon&quot; data-embed-id=&quot;387&quot;&gt;&amp;nbsp;&lt;img src=&quot;https://e.deviantart.net/emoticons/w/winkrazz.gif&quot; alt=&quot;Wink/Razz&quot; style=&quot;width: 15px; height: 15px;&quot; data-embed-type=&quot;emoticon&quot; data-embed-id=&quot;454&quot;&gt;&amp;nbsp;&lt;img src=&quot;https://e.deviantart.net/emoticons/b/biggrin.gif&quot; alt=&quot;:D (Big Grin)&quot; style=&quot;width: 15px; height: 15px;&quot; data-embed-type=&quot;emoticon&quot; data-embed-id=&quot;366&quot;&gt;&amp;nbsp;&lt;br /&gt;&lt;br /&gt;Created in XPS XNALara Posing Studio.&lt;/span&gt;&lt;br /&gt;&lt;span&gt;&amp;#169; Models are property of the original creators and owners &amp;#169;&lt;/span&gt;&lt;br /&gt;&lt;span&gt;2019. All Rights Reserved.&lt;/span&gt;&lt;br /&gt;&lt;br /&gt;&lt;br /&gt;&lt;br /&gt;&lt;span&gt;ESPA&amp;#209;OL:&lt;br /&gt;&lt;br /&gt;&lt;/span&gt;&lt;span&gt;Una nueva version de:&amp;nbsp;&lt;a href=&quot;https://www.deviantart.com/oscar050/art/HAPPY-BIRTHDAY-MENA-782879447&quot;&gt;www.deviantart.com/oscar050/ar&amp;hellip;&lt;/a&gt;&lt;br /&gt;Feliz Cumplea&amp;#241;os para&amp;nbsp;&lt;/span&gt;&lt;span class=&quot;username-with-symbol u&quot;&gt;&lt;a class=&quot;u regular username&quot; href=&quot;https://www.deviantart.com/menarandom-art128&quot;&gt;Menarandom-art128&lt;/a&gt;&lt;span class=&quot;user-symbol regular&quot; data-quicktip-text=&quot;&quot; data-show-tooltip=&quot;&quot; data-gruser-type=&quot;regular&quot;&gt;&lt;/span&gt;&lt;/span&gt;&lt;span&gt;&amp;nbsp;&amp;nbsp;&lt;/span&gt;&lt;img src=&quot;https://e.deviantart.net/emoticons/b/biggrin.gif&quot; alt=&quot;:D (Big Grin)&quot; style=&quot;width: 15px; height: 15px;&quot; data-embed-type=&quot;emoticon&quot; data-embed-id=&quot;366&quot;&gt;&lt;span&gt;&amp;nbsp;&lt;/span&gt;&lt;img src=&quot;https://e.deviantart.net/emoticons/b/biggrin.gif&quot; alt=&quot;:D (Big Grin)&quot; style=&quot;width: 15px; height: 15px;&quot; data-embed-type=&quot;emoticon&quot; data-embed-id=&quot;366&quot;&gt;&lt;img src=&quot;https://e.deviantart.net/emoticons/c/clap2.gif&quot; alt=&quot;Clap&quot; style=&quot;width: 20px; height: 20px;&quot; data-embed-type=&quot;emoticon&quot; data-embed-id=&quot;60&quot;&gt;&lt;span&gt;&amp;nbsp;&lt;/span&gt;&lt;img src=&quot;https://e.deviantart.net/emoticons/m/meow.gif&quot; alt=&quot;Meow :3&quot; style=&quot;width: 15px; height: 15px;&quot; data-embed-type=&quot;emoticon&quot; data-embed-id=&quot;578&quot;&gt;&lt;span&gt;&amp;nbsp;&lt;/span&gt;&lt;img src=&quot;https://e.deviantart.net/emoticons/g/giggle.gif&quot; alt=&quot;Giggle&quot; style=&quot;width: 17px; height: 15px;&quot; data-embed-type=&quot;emoticon&quot; data-embed-id=&quot;100&quot;&gt;&lt;span&gt;&amp;nbsp;&lt;/span&gt;&lt;img src=&quot;https://e.deviantart.net/emoticons/h/happybounce.gif&quot; alt=&quot;:happybounce:&quot; style=&quot;width: 17px; height: 23px;&quot; data-embed-type=&quot;emoticon&quot; data-embed-id=&quot;599&quot;&gt;&lt;span&gt;&amp;nbsp;&lt;/span&gt;&lt;img src=&quot;https://e.deviantart.net/emoticons/h/happybounce.gif&quot; alt=&quot;:happybounce:&quot; style=&quot;width: 17px; height: 23px;&quot; data-embed-type=&quot;emoticon&quot; data-embed-id=&quot;599&quot;&gt;&lt;span&gt;&amp;nbsp;&lt;/span&gt;&lt;img src=&quot;https://e.deviantart.net/emoticons/h/hug.gif&quot; alt=&quot;Hug&quot; style=&quot;width: 38px; height: 15px;&quot; data-embed-type=&quot;emoticon&quot; data-embed-id=&quot;160&quot;&gt;&lt;span&gt;&amp;nbsp;&lt;/span&gt;&lt;img src=&quot;https://e.deviantart.net/emoticons/h/hug.gif&quot; alt=&quot;Hug&quot; style=&quot;width: 38px; height: 15px;&quot; data-embed-type=&quot;emoticon&quot; data-embed-id=&quot;160&quot;&gt;&lt;span&gt;&amp;nbsp;&lt;/span&gt;&lt;img src=&quot;https://e.deviantart.net/emoticons/h/huggle.gif&quot; alt=&quot;Huggle!&quot; style=&quot;width: 35px; height: 17px;&quot; data-embed-type=&quot;emoticon&quot; data-embed-id=&quot;576&quot;&gt;&lt;span&gt;&amp;nbsp;&lt;/span&gt;&lt;img src=&quot;https://e.deviantart.net/emoticons/h/huggle.gif&quot; alt=&quot;Huggle!&quot; style=&quot;width: 35px; height: 17px;&quot; data-embed-type=&quot;emoticon&quot; data-embed-id=&quot;576&quot;&gt;&lt;span&gt;&amp;nbsp;&lt;/span&gt;&lt;img src=&quot;https://e.deviantart.net/emoticons/a/airborne.gif&quot; alt=&quot;Airborne&quot; style=&quot;width: 49px; height: 36px;&quot; data-embed-type=&quot;emoticon&quot; data-embed-id=&quot;446&quot;&gt;&lt;span&gt;&amp;nbsp;&lt;/span&gt;&lt;img src=&quot;https://e.deviantart.net/emoticons/a/airborne.gif&quot; alt=&quot;Airborne&quot; style=&quot;width: 49px; height: 36px;&quot; data-embed-type=&quot;emoticon&quot; data-embed-id=&quot;446&quot;&gt;&lt;span&gt;&amp;nbsp;&lt;/span&gt;&lt;img src=&quot;https://e.deviantart.net/emoticons/a/airborne.gif&quot; alt=&quot;Airborne&quot; style=&quot;width: 49px; height: 36px;&quot; data-embed-type=&quot;emoticon&quot; data-embed-id=&quot;446&quot;&gt;&lt;span&gt;&amp;nbsp;&lt;/span&gt;&lt;img src=&quot;https://e.deviantart.net/emoticons/c/cake.gif&quot; alt=&quot;Have your cake and eat it too&quot; style=&quot;width: 32px; height: 32px;&quot; data-embed-type=&quot;emoticon&quot; data-embed-id=&quot;119&quot;&gt;&lt;span&gt;&amp;nbsp;&lt;/span&gt;&lt;img src=&quot;https://e.deviantart.net/emoticons/c/cake.gif&quot; alt=&quot;Have your cake and eat it too&quot; style=&quot;width: 32px; height: 32px;&quot; data-embed-type=&quot;emoticon&quot; data-embed-id=&quot;119&quot;&gt;&lt;span&gt;&amp;nbsp;&lt;/span&gt;&lt;img src=&quot;https://e.deviantart.net/emoticons/c/cake.gif&quot; alt=&quot;Have your cake and eat it too&quot; style=&quot;width: 32px; height: 32px;&quot; data-embed-type=&quot;emoticon&quot; data-embed-id=&quot;119&quot;&gt;&lt;span&gt;&amp;nbsp;&lt;/span&gt;&lt;a href=&quot;https://www.deviantart.com/chibivillecute/art/birthday-cake-175675544&quot; class=&quot;emoticon&quot; data-embed-type=&quot;emoticon&quot; data-embed-id=&quot;175675544&quot; data-embed-profile=&quot;deviation&quot;&gt;&lt;img src=&quot;https://orig00.deviantart.net/e145/f/2010/229/f/c/birthday_cake_by_chibivillecute.gif&quot; alt=&quot;birthday cake&quot; style=&quot;width:45px;height:32px&quot;&gt;&lt;/a&gt;&lt;span&gt;&amp;nbsp;&lt;/span&gt;&lt;a href=&quot;https://www.deviantart.com/chibivillecute/art/birthday-cake-175675544&quot; class=&quot;emoticon&quot; data-embed-type=&quot;emoticon&quot; data-embed-id=&quot;175675544&quot; data-embed-profile=&quot;deviation&quot;&gt;&lt;img src=&quot;https://orig00.deviantart.net/e145/f/2010/229/f/c/birthday_cake_by_chibivillecute.gif&quot; alt=&quot;birthday cake&quot; style=&quot;width:45px;height:32px&quot;&gt;&lt;/a&gt;&lt;span&gt;&amp;nbsp;&lt;/span&gt;&lt;a href=&quot;https://www.deviantart.com/chibivillecute/art/birthday-cake-175675544&quot; class=&quot;emoticon&quot; data-embed-type=&quot;emoticon&quot; data-embed-id=&quot;175675544&quot; data-embed-profile=&quot;deviation&quot;&gt;&lt;img src=&quot;https://orig00.deviantart.net/e145/f/2010/229/f/c/birthday_cake_by_chibivillecute.gif&quot; alt=&quot;birthday cake&quot; style=&quot;width:45px;height:32px&quot;&gt;&lt;/a&gt;&lt;span&gt;&amp;nbsp;&lt;/span&gt;&lt;br /&gt;&lt;span&gt;Espero te guste el pastel de chocolate&amp;nbsp;&lt;/span&gt;&lt;img src=&quot;https://e.deviantart.net/emoticons/w/wink.gif&quot; alt=&quot;;) (Wink)&quot; style=&quot;width: 15px; height: 15px;&quot; data-embed-type=&quot;emoticon&quot; data-embed-id=&quot;387&quot;&gt;&lt;span&gt;&amp;nbsp;&lt;/span&gt;&lt;img src=&quot;https://e.deviantart.net/emoticons/w/winkrazz.gif&quot; alt=&quot;Wink/Razz&quot; style=&quot;width: 15px; height: 15px;&quot; data-embed-type=&quot;emoticon&quot; data-embed-id=&quot;454&quot;&gt;&lt;span&gt;&amp;nbsp;&lt;/span&gt;&lt;img src=&quot;https://e.deviantart.net/emoticons/b/biggrin.gif&quot; alt=&quot;:D (Big Grin)&quot; style=&quot;width: 15px; height: 15px;&quot; data-embed-type=&quot;emoticon&quot; data-embed-id=&quot;366&quot;&gt;&lt;br /&gt;&lt;br /&gt;&lt;span&gt;Creado en XPS XNALara Posing Studio.&lt;/span&gt;&lt;br /&gt;&lt;span&gt;&amp;#169; Modelos usados son propiedad de los creadores y due&amp;#241;os originales &amp;#169;&lt;/span&gt;&lt;br /&gt;&lt;span&gt;2019. Todos los derechos reservados.&lt;/span&gt;&lt;br /&gt;&lt;div&gt;&lt;img src=&quot;https://t00.deviantart.net/JLRDhtv9hLpKQgEfes6OCFENyeQ=/300x200/filters:fixed_height(100,100):origin()/pre00/a3cf/th/pre/i/2019/027/a/d/happy_birthday_mena_____edited__by_oscar050-dcy7134.jpg&quot; alt=&quot;thumbnail&quot; /&gt;&lt;/div&gt;</description>            </item>
                    <item>
                <title>Tea&#039;s reference. /danganronpa oc?/persona?/idek/</title>
                <link>https://herbal-teaa.deviantart.com/art/Tea-s-reference-danganronpa-oc-persona-idek-783027979</link>
                <guid isPermaLink="true">https://herbal-teaa.deviantart.com/art/Tea-s-reference-danganronpa-oc-persona-idek-783027979</guid>
                <pubDate>Sun, 27 Jan 2019 13:22:56 PST</pubDate>
                        <media:title type="plain">Tea&#039;s reference. /danganronpa oc?/persona?/idek/</media:title>
        <media:keywords></media:keywords>
                        <media:rating>nonadult</media:rating>
                <media:category label="Other">fanart/digital/other</media:category>
        <media:credit role="author" scheme="urn:ebu">Herbal-Teaa</media:credit>
        <media:credit role="author" scheme="urn:ebu">https://a.deviantart.net/avatars/h/e/herbal-teaa.png?14</media:credit>
        <media:copyright url="https://herbal-teaa.deviantart.com">Copyright 2019 Herbal-Teaa</media:copyright>            <media:description type="html">&lt;sub&gt;&amp;#9651;Name: Tea or you can call her Hermii.&lt;br /&gt;&amp;#9651;age:14. &lt;br /&gt;&amp;#9651;gender: Female.&lt;br /&gt;&amp;#9651;sexuality: hetero.&lt;br /&gt;&amp;#9651;hates: ants,winter,cold,meat (kind of half vegan but she do eat meat,about 3 types),small bugs,fake friends,cutting herself,being alone (even tho she doesent talk too much) &lt;br /&gt;&amp;#9651;loves: Tarantulas,summer,bananaa(fav fruit also insert lenny face here)peachy colors (OBVIOUSLY) saturn,pastels,black and white,kitties,&lt;br /&gt;&amp;#9651;realationshit:none (realationshit xD)&lt;br /&gt;&lt;br /&gt;&amp;#9651;HER OUTFITS COMING SOON! ^^ also for the sake of god dont even dare do any fetishes of her or il fucking choke you with a thick ass wet brad ad that will be your worst nightmare you fetishlover piece of bullshit (okay that was sour af im sorry pelase god forgivemeforwhatijustsaid) (OKAY IM DONE&amp;#9651;)&lt;br /&gt;&lt;br /&gt;feel free to draw her &amp;lt;3&lt;/sub&gt;</media:description>            <media:thumbnail url="https://t00.deviantart.net/V6ppswlEOnGzZRIA1kfIaZ8lT-A=/fit-in/150x150/filters:no_upscale():origin()/pre00/93dd/th/pre/i/2019/027/0/a/tea_s_reference___danganronpa_oc__persona__idek__by_herbal_teaa-dcy7097.png" height="150" width="132"/>            <media:thumbnail url="https://t00.deviantart.net/W8PQSi1e2QkpcrCMbgN9467qwPU=/fit-in/300x900/filters:no_upscale():origin()/pre00/93dd/th/pre/i/2019/027/0/a/tea_s_reference___danganronpa_oc__persona__idek__by_herbal_teaa-dcy7097.png" height="340" width="300"/>            <media:thumbnail url="https://t00.deviantart.net/-b1nhnn2jPpLiBk9gD9fKgvWQrw=/300x200/filters:fixed_height(100,100):origin()/pre00/93dd/th/pre/i/2019/027/0/a/tea_s_reference___danganronpa_oc__persona__idek__by_herbal_teaa-dcy7097.png" height="200" width="177"/>            <media:content url="https://pre00.deviantart.net/93dd/th/pre/i/2019/027/0/a/tea_s_reference___danganronpa_oc__persona__idek__by_herbal_teaa-dcy7097.png" height="951" width="840" medium="image"/>            
            <description>&lt;sub&gt;&amp;#9651;Name: Tea or you can call her Hermii.&lt;br /&gt;&amp;#9651;age:14. &lt;br /&gt;&amp;#9651;gender: Female.&lt;br /&gt;&amp;#9651;sexuality: hetero.&lt;br /&gt;&amp;#9651;hates: ants,winter,cold,meat (kind of half vegan but she do eat meat,about 3 types),small bugs,fake friends,cutting herself,being alone (even tho she doesent talk too much) &lt;br /&gt;&amp;#9651;loves: Tarantulas,summer,bananaa(fav fruit also insert lenny face here)peachy colors (OBVIOUSLY) saturn,pastels,black and white,kitties,&lt;br /&gt;&amp;#9651;realationshit:none (realationshit xD)&lt;br /&gt;&lt;br /&gt;&amp;#9651;HER OUTFITS COMING SOON! ^^ also for the sake of god dont even dare do any fetishes of her or il fucking choke you with a thick ass wet brad ad that will be your worst nightmare you fetishlover piece of bullshit (okay that was sour af im sorry pelase god forgivemeforwhatijustsaid) (OKAY IM DONE&amp;#9651;)&lt;br /&gt;&lt;br /&gt;feel free to draw her &amp;lt;3&lt;/sub&gt;&lt;br /&gt;&lt;div&gt;&lt;img src=&quot;https://t00.deviantart.net/-b1nhnn2jPpLiBk9gD9fKgvWQrw=/300x200/filters:fixed_height(100,100):origin()/pre00/93dd/th/pre/i/2019/027/0/a/tea_s_reference___danganronpa_oc__persona__idek__by_herbal_teaa-dcy7097.png&quot; alt=&quot;thumbnail&quot; /&gt;&lt;/div&gt;</description>            </item>
                    <item>
                <title>When you&#039;re around</title>
                <link>https://clovvning.deviantart.com/art/When-you-re-around-783028919</link>
                <guid isPermaLink="true">https://clovvning.deviantart.com/art/When-you-re-around-783028919</guid>
                <pubDate>Sun, 27 Jan 2019 13:22:55 PST</pubDate>
                        <media:title type="plain">When you&#039;re around</media:title>
        <media:keywords></media:keywords>
                        <media:rating>nonadult</media:rating>
                <media:category label="Animals">digitalart/paintings/animals</media:category>
        <media:credit role="author" scheme="urn:ebu">Clovvning</media:credit>
        <media:credit role="author" scheme="urn:ebu">https://a.deviantart.net/avatars/c/l/clovvning.png?3</media:credit>
        <media:copyright url="https://clovvning.deviantart.com">Copyright 2019 Clovvning</media:copyright>            <media:description type="html">&lt;small&gt; YCH for &lt;span class=&quot;username-with-symbol u&quot;&gt;&lt;a class=&quot;u regular username&quot; href=&quot;https://www.deviantart.com/stunkyaftermath&quot;&gt;StunkyAftermath&lt;/a&gt;&lt;span class=&quot;user-symbol regular&quot; data-quicktip-text=&quot;&quot; data-show-tooltip=&quot;&quot; data-gruser-type=&quot;regular&quot;&gt;&lt;/span&gt;&lt;/span&gt;&lt;/small&gt;</media:description>            <media:thumbnail url="https://t00.deviantart.net/A73c29utuOSWPiwE0C-P2wuEB58=/fit-in/150x150/filters:no_upscale():origin()/pre00/f185/th/pre/f/2019/027/4/f/when_you_re_around_by_clovvning-dcy70zb.png" height="150" width="97"/>            <media:thumbnail url="https://t00.deviantart.net/QTmEvzVoJmX4QgH11_dHz6IOqDs=/fit-in/300x900/filters:no_upscale():origin()/pre00/f185/th/pre/f/2019/027/4/f/when_you_re_around_by_clovvning-dcy70zb.png" height="465" width="300"/>            <media:thumbnail url="https://t00.deviantart.net/s2kqnsA4BwGkr-oyg9HB_W2lmMs=/300x200/filters:fixed_height(100,100):origin()/pre00/f185/th/pre/f/2019/027/4/f/when_you_re_around_by_clovvning-dcy70zb.png" height="200" width="129"/>            <media:content url="https://orig00.deviantart.net/bceb/f/2019/027/4/f/when_you_re_around_by_clovvning-dcy70zb.png" height="818" width="528" medium="image"/>            
            <description>&lt;small&gt; YCH for &lt;span class=&quot;username-with-symbol u&quot;&gt;&lt;a class=&quot;u regular username&quot; href=&quot;https://www.deviantart.com/stunkyaftermath&quot;&gt;StunkyAftermath&lt;/a&gt;&lt;span class=&quot;user-symbol regular&quot; data-quicktip-text=&quot;&quot; data-show-tooltip=&quot;&quot; data-gruser-type=&quot;regular&quot;&gt;&lt;/span&gt;&lt;/span&gt;&lt;/small&gt;&lt;br /&gt;&lt;div&gt;&lt;img src=&quot;https://t00.deviantart.net/s2kqnsA4BwGkr-oyg9HB_W2lmMs=/300x200/filters:fixed_height(100,100):origin()/pre00/f185/th/pre/f/2019/027/4/f/when_you_re_around_by_clovvning-dcy70zb.png&quot; alt=&quot;thumbnail&quot; /&gt;&lt;/div&gt;</description>            </item>
                    <item>
                <title>Can+Sanem</title>
                <link>https://iwillcomeforyou.deviantart.com/art/Can-Sanem-783029078</link>
                <guid isPermaLink="true">https://iwillcomeforyou.deviantart.com/art/Can-Sanem-783029078</guid>
                <pubDate>Sun, 27 Jan 2019 13:22:54 PST</pubDate>
                        <media:title type="plain">Can+Sanem</media:title>
        <media:keywords></media:keywords>
                        <media:rating>nonadult</media:rating>
                <media:category label="People">digitalart/mixedmed/people</media:category>
        <media:credit role="author" scheme="urn:ebu">iwillcomeforyou</media:credit>
        <media:credit role="author" scheme="urn:ebu">https://a.deviantart.net/avatars/i/w/iwillcomeforyou.png?4</media:credit>
        <media:copyright url="https://iwillcomeforyou.deviantart.com">Copyright 2019 iwillcomeforyou</media:copyright>            <media:description type="html"></media:description>            <media:thumbnail url="https://t00.deviantart.net/AfjCpjub8Djg8dOAY9vh_bsvVNM=/fit-in/150x150/filters:no_upscale():origin()/pre00/1117/th/pre/i/2019/027/9/e/can_sanem_by_iwillcomeforyou-dcy713q.jpg" height="121" width="150"/>            <media:thumbnail url="https://t00.deviantart.net/p_Fv-e07T4nPg7pZWDbka72jysw=/fit-in/300x900/filters:no_upscale():origin()/pre00/1117/th/pre/i/2019/027/9/e/can_sanem_by_iwillcomeforyou-dcy713q.jpg" height="242" width="300"/>            <media:thumbnail url="https://t00.deviantart.net/mBsdGpFvUzOp2rDDgJKxTEp_NiY=/300x200/filters:fixed_height(100,100):origin()/pre00/1117/th/pre/i/2019/027/9/e/can_sanem_by_iwillcomeforyou-dcy713q.jpg" height="200" width="248"/>            <media:content url="https://img00.deviantart.net/c6ee/i/2019/027/9/e/can_sanem_by_iwillcomeforyou-dcy713q.jpg" height="485" width="600" medium="image"/>            
            <description>&lt;br /&gt;&lt;div&gt;&lt;img src=&quot;https://t00.deviantart.net/mBsdGpFvUzOp2rDDgJKxTEp_NiY=/300x200/filters:fixed_height(100,100):origin()/pre00/1117/th/pre/i/2019/027/9/e/can_sanem_by_iwillcomeforyou-dcy713q.jpg&quot; alt=&quot;thumbnail&quot; /&gt;&lt;/div&gt;</description>            </item>
                    <item>
                <title>Universal Oct 15 CLXXXV</title>
                <link>https://ldfranklin.deviantart.com/art/Universal-Oct-15-CLXXXV-783026935</link>
                <guid isPermaLink="true">https://ldfranklin.deviantart.com/art/Universal-Oct-15-CLXXXV-783026935</guid>
                <pubDate>Sun, 27 Jan 2019 13:22:52 PST</pubDate>
                        <media:title type="plain">Universal Oct 15 CLXXXV</media:title>
        <media:keywords></media:keywords>
                        <media:rating>nonadult</media:rating>
                <media:category label="Exterior">photography/architecture/exterior</media:category>
        <media:credit role="author" scheme="urn:ebu">LDFranklin</media:credit>
        <media:credit role="author" scheme="urn:ebu">https://a.deviantart.net/avatars/l/d/ldfranklin.jpg?1</media:credit>
        <media:copyright url="https://ldfranklin.deviantart.com">Copyright 2019 LDFranklin</media:copyright>
            <media:community>
                <media:tags>@trickiwoo</media:tags>
            </media:community>            <media:description type="html">Canal&lt;br /&gt;&lt;br /&gt;Portofino Bay Hotel&lt;br /&gt;Universal Orlando Resort&lt;br /&gt;&lt;br /&gt;&lt;br /&gt;&lt;span class=&quot;shadow-holder&quot; data-embed-type=&quot;deviation&quot; data-embed-id=&quot;333262060&quot; data-embed-format=&quot;thumb&quot;&gt;&lt;span class=&quot;shadow mild&quot; &gt;&lt;a class=&quot;thumb&quot; href=&quot;https://www.deviantart.com/krubbi/art/Tumblr-emoticon-333262060&quot; title=&quot;+Tumblr emoticon by krubbi, Oct 19, 2012 in Customization &amp;gt; Icons &amp;gt; Other&quot;data-super-img=&quot;https://images-wixmp-ed30a86b8c4ca887773594c2.wixmp.com/intermediary/f/56d54751-cbc0-46eb-88bf-2f3ee27d7b26/d5ieyng-d2edb6fe-cf01-4d29-8be8-f03b806e9917.png&quot; data-super-width=&quot;16&quot; data-super-height=&quot;16&quot; data-super-transparent=&quot;true&quot; data-super-alt=&quot;+Tumblr emoticon by krubbi&quot; data-super-full-img=&quot;https://images-wixmp-ed30a86b8c4ca887773594c2.wixmp.com/intermediary/f/56d54751-cbc0-46eb-88bf-2f3ee27d7b26/d5ieyng-d2edb6fe-cf01-4d29-8be8-f03b806e9917.png&quot; data-super-full-width=&quot;16&quot; data-super-full-height=&quot;16&quot;        data-sigil=&quot;thumb&quot;&gt;
        &lt;i&gt;&lt;/i&gt;&lt;img   width=&quot;16&quot; height=&quot;16&quot; alt=&quot;+Tumblr emoticon by krubbi&quot; src=&quot;https://images-wixmp-ed30a86b8c4ca887773594c2.wixmp.com/intermediary/f/56d54751-cbc0-46eb-88bf-2f3ee27d7b26/d5ieyng-d2edb6fe-cf01-4d29-8be8-f03b806e9917.png&quot; data-src=&quot;https://images-wixmp-ed30a86b8c4ca887773594c2.wixmp.com/intermediary/f/56d54751-cbc0-46eb-88bf-2f3ee27d7b26/d5ieyng-d2edb6fe-cf01-4d29-8be8-f03b806e9917.png&quot; srcset=&quot;https://images-wixmp-ed30a86b8c4ca887773594c2.wixmp.com/intermediary/f/56d54751-cbc0-46eb-88bf-2f3ee27d7b26/d5ieyng-d2edb6fe-cf01-4d29-8be8-f03b806e9917.png 16w&quot; sizes=&quot;16px&quot;&gt;&lt;/a&gt;&lt;/span&gt;&lt;!-- ^TTT --&gt;&lt;!-- TTT$ --&gt;&lt;/span&gt;&amp;nbsp;I&#039;m on Tumblr&amp;nbsp;&lt;a class=&quot;external&quot; href=&quot;https://www.deviantart.com/users/outgoing?http://trickiwoo.tumblr.com/&quot;&gt;trickiwoo.tumblr.com/&lt;/a&gt;&amp;nbsp;&lt;br /&gt;&lt;img src=&quot;https://e.deviantart.net/emoticons/f/facebook.gif&quot; alt=&quot;Facebook&quot; style=&quot;width: 16px; height: 16px;&quot; data-embed-type=&quot;emoticon&quot; data-embed-id=&quot;616&quot;&gt;&amp;nbsp;I&amp;#8217;m on Facebook&amp;nbsp;&lt;a class=&quot;external&quot; href=&quot;https://www.deviantart.com/users/outgoing?https://www.facebook.com/ldfranklinphoto&quot;&gt;www.facebook.com/ldfranklinpho&amp;#8230;&lt;/a&gt;&lt;br /&gt;&lt;span class=&quot;shadow-holder&quot; data-embed-type=&quot;deviation&quot; data-embed-id=&quot;314824662&quot; data-embed-format=&quot;thumb&quot;&gt;&lt;span class=&quot;shadow mild&quot; &gt;&lt;a class=&quot;thumb&quot; href=&quot;https://www.deviantart.com/poserfan/art/Pinterest-Icon-314824662&quot; title=&quot;Pinterest Icon by poserfan, Jul 15, 2012 in Customization &amp;gt; Emoticons &amp;gt; Chat Friendly Emotes &amp;gt; Small - up to 25x50 &amp;gt; Static&quot;        data-sigil=&quot;thumb&quot;&gt;
        &lt;i&gt;&lt;/i&gt;&lt;img   width=&quot;16&quot; height=&quot;16&quot; alt=&quot;Pinterest Icon by poserfan&quot; src=&quot;https://orig00.deviantart.net/8783/f/2015/212/b/8/pinterest_icon_by_poserfan-d57fs9i.gif&quot; data-src=&quot;https://orig00.deviantart.net/8783/f/2015/212/b/8/pinterest_icon_by_poserfan-d57fs9i.gif&quot; srcset=&quot;https://orig00.deviantart.net/8783/f/2015/212/b/8/pinterest_icon_by_poserfan-d57fs9i.gif 16w&quot; sizes=&quot;16px&quot;&gt;&lt;/a&gt;&lt;/span&gt;&lt;!-- ^TTT --&gt;&lt;!-- TTT$ --&gt;&lt;/span&gt;&amp;nbsp;I&#039;m on Pinterest&amp;nbsp;&lt;a class=&quot;external&quot; href=&quot;https://www.deviantart.com/users/outgoing?http://pinterest.com/trickiw00/&quot;&gt;pinterest.com/trickiw00/&lt;/a&gt;&lt;br /&gt;&lt;span class=&quot;shadow-holder&quot; data-embed-type=&quot;deviation&quot; data-embed-id=&quot;414445438&quot; data-embed-format=&quot;thumb&quot;&gt;&lt;span class=&quot;shadow mild&quot; &gt;&lt;a class=&quot;thumb&quot; href=&quot;https://www.deviantart.com/poserfan/art/Instagram-Icon-414445438&quot; title=&quot;Instagram Icon by poserfan, Nov 18, 2013 in Customization &amp;gt; Emoticons &amp;gt; Chat Friendly Emotes &amp;gt; Small - up to 25x50 &amp;gt; Static&quot;        data-sigil=&quot;thumb&quot;&gt;
        &lt;i&gt;&lt;/i&gt;&lt;img   width=&quot;16&quot; height=&quot;16&quot; alt=&quot;Instagram Icon by poserfan&quot; src=&quot;https://orig00.deviantart.net/efae/f/2013/326/f/3/instagram_icon_by_poserfan-d6ur05a.gif&quot; data-src=&quot;https://orig00.deviantart.net/efae/f/2013/326/f/3/instagram_icon_by_poserfan-d6ur05a.gif&quot; srcset=&quot;https://orig00.deviantart.net/efae/f/2013/326/f/3/instagram_icon_by_poserfan-d6ur05a.gif 16w&quot; sizes=&quot;16px&quot;&gt;&lt;/a&gt;&lt;/span&gt;&lt;!-- ^TTT --&gt;&lt;!-- TTT$ --&gt;&lt;/span&gt;&amp;nbsp;I&#039;m on Instagram&amp;nbsp;&lt;a class=&quot;external&quot; href=&quot;https://www.deviantart.com/users/outgoing?http://instagram.com/trickiwoo&quot;&gt;instagram.com/trickiwoo&lt;/a&gt;&lt;br /&gt;&lt;span class=&quot;shadow-holder&quot; data-embed-type=&quot;deviation&quot; data-embed-id=&quot;431202161&quot; data-embed-format=&quot;thumb&quot;&gt;&lt;span class=&quot;shadow mild&quot; &gt;&lt;a class=&quot;thumb&quot; href=&quot;https://www.deviantart.com/sunnybrook1/art/youtube-Icon-431202161&quot; title=&quot;youtube Icon by Sunnybrook1, Feb 1, 2014 in Customization &amp;gt; Emoticons &amp;gt; Chat Friendly Emotes &amp;gt; Small - up to 25x50 &amp;gt; Static&quot;        data-sigil=&quot;thumb&quot;&gt;
        &lt;i&gt;&lt;/i&gt;&lt;img   width=&quot;16&quot; height=&quot;16&quot; alt=&quot;youtube Icon by Sunnybrook1&quot; src=&quot;https://orig00.deviantart.net/3192/f/2014/032/f/0/f0dec438ea30ad66c3a3f3edc9709885-d74q5pt.gif&quot; data-src=&quot;https://orig00.deviantart.net/3192/f/2014/032/f/0/f0dec438ea30ad66c3a3f3edc9709885-d74q5pt.gif&quot; srcset=&quot;https://orig00.deviantart.net/3192/f/2014/032/f/0/f0dec438ea30ad66c3a3f3edc9709885-d74q5pt.gif 16w&quot; sizes=&quot;16px&quot;&gt;&lt;/a&gt;&lt;/span&gt;&lt;!-- ^TTT --&gt;&lt;!-- TTT$ --&gt;&lt;/span&gt;&amp;nbsp;I&amp;#8217;m on YouTube&amp;nbsp;&lt;a class=&quot;external&quot; href=&quot;https://www.deviantart.com/users/outgoing?https://www.youtube.com/channel/UCifm_fDZ07fwn3WuZ2m6UIg&quot;&gt;www.youtube.com/channel/UCifm_&amp;#8230;&lt;/a&gt;&lt;br /&gt;&lt;span class=&quot;shadow-holder&quot; data-embed-type=&quot;deviation&quot; data-embed-id=&quot;550229968&quot; data-embed-format=&quot;thumb&quot;&gt;&lt;span class=&quot;shadow mild&quot; &gt;&lt;a class=&quot;thumb&quot; href=&quot;https://www.deviantart.com/poserfan/art/Flickr-Icon-550229968&quot; title=&quot;Flickr Icon by poserfan, Jul 31, 2015 in Customization &amp;gt; Emoticons &amp;gt; Chat Friendly Emotes &amp;gt; Small - up to 25x50 &amp;gt; Static&quot;data-super-img=&quot;https://images-wixmp-ed30a86b8c4ca887773594c2.wixmp.com/intermediary/f/0a6e9796-d386-4234-97d1-d46c16906e81/d93lc5s-ac169835-87cd-4881-aca2-198e1cdc31ad.png&quot; data-super-width=&quot;16&quot; data-super-height=&quot;16&quot; data-super-transparent=&quot;true&quot; data-super-alt=&quot;Flickr Icon by poserfan&quot; data-super-full-img=&quot;https://images-wixmp-ed30a86b8c4ca887773594c2.wixmp.com/intermediary/f/0a6e9796-d386-4234-97d1-d46c16906e81/d93lc5s-ac169835-87cd-4881-aca2-198e1cdc31ad.png&quot; data-super-full-width=&quot;16&quot; data-super-full-height=&quot;16&quot;        data-sigil=&quot;thumb&quot;&gt;
        &lt;i&gt;&lt;/i&gt;&lt;img   width=&quot;16&quot; height=&quot;16&quot; alt=&quot;Flickr Icon by poserfan&quot; src=&quot;https://images-wixmp-ed30a86b8c4ca887773594c2.wixmp.com/intermediary/f/0a6e9796-d386-4234-97d1-d46c16906e81/d93lc5s-ac169835-87cd-4881-aca2-198e1cdc31ad.png&quot; data-src=&quot;https://images-wixmp-ed30a86b8c4ca887773594c2.wixmp.com/intermediary/f/0a6e9796-d386-4234-97d1-d46c16906e81/d93lc5s-ac169835-87cd-4881-aca2-198e1cdc31ad.png&quot; srcset=&quot;https://images-wixmp-ed30a86b8c4ca887773594c2.wixmp.com/intermediary/f/0a6e9796-d386-4234-97d1-d46c16906e81/d93lc5s-ac169835-87cd-4881-aca2-198e1cdc31ad.png 16w&quot; sizes=&quot;16px&quot;&gt;&lt;/a&gt;&lt;/span&gt;&lt;!-- ^TTT --&gt;&lt;!-- TTT$ --&gt;&lt;/span&gt;&amp;nbsp;I&amp;#8217;m on Flickr&amp;nbsp;&lt;a class=&quot;external&quot; href=&quot;https://www.deviantart.com/users/outgoing?https://www.flickr.com/photos/144594960@N03/&quot;&gt;www.flickr.com/photos/14459496&amp;#8230;&lt;/a&gt;&lt;br /&gt;&lt;a href=&quot;https://www.deviantart.com/cherushimetsumari/art/patreon-543280588&quot; class=&quot;emoticon&quot; data-embed-type=&quot;emoticon&quot; data-embed-id=&quot;543280588&quot; data-embed-profile=&quot;deviation&quot;&gt;&lt;img src=&quot;https://images-wixmp-ed30a86b8c4ca887773594c2.wixmp.com/intermediary/f/91df458d-5ec8-4ebb-a30e-328d4fd1ea22/d8zgdzg-4c9c60dd-dc94-4b5a-b7a8-fc9872badd10.png&quot; alt=&quot;:patreon:&quot; style=&quot;width:16px;height:16px&quot;&gt;&lt;/a&gt;&amp;nbsp;I&#039;m on Patreon&amp;nbsp;&lt;a class=&quot;external&quot; href=&quot;https://www.deviantart.com/users/outgoing?https://patreon.com/user?u=4913050&quot;&gt;patreon.com/user?u=4913050&lt;/a&gt;</media:description>            <media:thumbnail url="https://t00.deviantart.net/1Ve8uEQv-0BDIe-oP0xQ1eYY7hc=/fit-in/150x150/filters:no_upscale():origin()/pre00/7bf1/th/pre/i/2019/027/a/c/universal_oct_15_clxxxv_by_ldfranklin-dcy6zg7.jpg" height="113" width="150"/>            <media:thumbnail url="https://t00.deviantart.net/iu8X8WGE1BEppDYxcUYJOTlPnUg=/fit-in/300x900/filters:no_upscale():origin()/pre00/7bf1/th/pre/i/2019/027/a/c/universal_oct_15_clxxxv_by_ldfranklin-dcy6zg7.jpg" height="225" width="300"/>            <media:thumbnail url="https://t00.deviantart.net/_2mp7bylG4DH7F17TprH9YU1hAA=/300x200/filters:fixed_height(100,100):origin()/pre00/7bf1/th/pre/i/2019/027/a/c/universal_oct_15_clxxxv_by_ldfranklin-dcy6zg7.jpg" height="200" width="267"/>            <media:content url="https://img00.deviantart.net/42f4/i/2019/027/a/c/universal_oct_15_clxxxv_by_ldfranklin-dcy6zg7.jpg" height="675" width="900" medium="image"/>            
            <description>Canal&lt;br /&gt;&lt;br /&gt;Portofino Bay Hotel&lt;br /&gt;Universal Orlando Resort&lt;br /&gt;&lt;br /&gt;&lt;br /&gt;&lt;span class=&quot;shadow-holder&quot; data-embed-type=&quot;deviation&quot; data-embed-id=&quot;333262060&quot; data-embed-format=&quot;thumb&quot;&gt;&lt;span class=&quot;shadow mild&quot; &gt;&lt;a class=&quot;thumb&quot; href=&quot;https://www.deviantart.com/krubbi/art/Tumblr-emoticon-333262060&quot; title=&quot;+Tumblr emoticon by krubbi, Oct 19, 2012 in Customization &amp;gt; Icons &amp;gt; Other&quot;data-super-img=&quot;https://images-wixmp-ed30a86b8c4ca887773594c2.wixmp.com/intermediary/f/56d54751-cbc0-46eb-88bf-2f3ee27d7b26/d5ieyng-d2edb6fe-cf01-4d29-8be8-f03b806e9917.png&quot; data-super-width=&quot;16&quot; data-super-height=&quot;16&quot; data-super-transparent=&quot;true&quot; data-super-alt=&quot;+Tumblr emoticon by krubbi&quot; data-super-full-img=&quot;https://images-wixmp-ed30a86b8c4ca887773594c2.wixmp.com/intermediary/f/56d54751-cbc0-46eb-88bf-2f3ee27d7b26/d5ieyng-d2edb6fe-cf01-4d29-8be8-f03b806e9917.png&quot; data-super-full-width=&quot;16&quot; data-super-full-height=&quot;16&quot;        data-sigil=&quot;thumb&quot;&gt;
        &lt;i&gt;&lt;/i&gt;&lt;img   width=&quot;16&quot; height=&quot;16&quot; alt=&quot;+Tumblr emoticon by krubbi&quot; src=&quot;https://images-wixmp-ed30a86b8c4ca887773594c2.wixmp.com/intermediary/f/56d54751-cbc0-46eb-88bf-2f3ee27d7b26/d5ieyng-d2edb6fe-cf01-4d29-8be8-f03b806e9917.png&quot; data-src=&quot;https://images-wixmp-ed30a86b8c4ca887773594c2.wixmp.com/intermediary/f/56d54751-cbc0-46eb-88bf-2f3ee27d7b26/d5ieyng-d2edb6fe-cf01-4d29-8be8-f03b806e9917.png&quot; srcset=&quot;https://images-wixmp-ed30a86b8c4ca887773594c2.wixmp.com/intermediary/f/56d54751-cbc0-46eb-88bf-2f3ee27d7b26/d5ieyng-d2edb6fe-cf01-4d29-8be8-f03b806e9917.png 16w&quot; sizes=&quot;16px&quot;&gt;&lt;/a&gt;&lt;/span&gt;&lt;!-- ^TTT --&gt;&lt;!-- TTT$ --&gt;&lt;/span&gt;&amp;nbsp;I&#039;m on Tumblr&amp;nbsp;&lt;a class=&quot;external&quot; href=&quot;https://www.deviantart.com/users/outgoing?http://trickiwoo.tumblr.com/&quot;&gt;trickiwoo.tumblr.com/&lt;/a&gt;&amp;nbsp;&lt;br /&gt;&lt;img src=&quot;https://e.deviantart.net/emoticons/f/facebook.gif&quot; alt=&quot;Facebook&quot; style=&quot;width: 16px; height: 16px;&quot; data-embed-type=&quot;emoticon&quot; data-embed-id=&quot;616&quot;&gt;&amp;nbsp;I&amp;#8217;m on Facebook&amp;nbsp;&lt;a class=&quot;external&quot; href=&quot;https://www.deviantart.com/users/outgoing?https://www.facebook.com/ldfranklinphoto&quot;&gt;www.facebook.com/ldfranklinpho&amp;#8230;&lt;/a&gt;&lt;br /&gt;&lt;span class=&quot;shadow-holder&quot; data-embed-type=&quot;deviation&quot; data-embed-id=&quot;314824662&quot; data-embed-format=&quot;thumb&quot;&gt;&lt;span class=&quot;shadow mild&quot; &gt;&lt;a class=&quot;thumb&quot; href=&quot;https://www.deviantart.com/poserfan/art/Pinterest-Icon-314824662&quot; title=&quot;Pinterest Icon by poserfan, Jul 15, 2012 in Customization &amp;gt; Emoticons &amp;gt; Chat Friendly Emotes &amp;gt; Small - up to 25x50 &amp;gt; Static&quot;        data-sigil=&quot;thumb&quot;&gt;
        &lt;i&gt;&lt;/i&gt;&lt;img   width=&quot;16&quot; height=&quot;16&quot; alt=&quot;Pinterest Icon by poserfan&quot; src=&quot;https://orig00.deviantart.net/8783/f/2015/212/b/8/pinterest_icon_by_poserfan-d57fs9i.gif&quot; data-src=&quot;https://orig00.deviantart.net/8783/f/2015/212/b/8/pinterest_icon_by_poserfan-d57fs9i.gif&quot; srcset=&quot;https://orig00.deviantart.net/8783/f/2015/212/b/8/pinterest_icon_by_poserfan-d57fs9i.gif 16w&quot; sizes=&quot;16px&quot;&gt;&lt;/a&gt;&lt;/span&gt;&lt;!-- ^TTT --&gt;&lt;!-- TTT$ --&gt;&lt;/span&gt;&amp;nbsp;I&#039;m on Pinterest&amp;nbsp;&lt;a class=&quot;external&quot; href=&quot;https://www.deviantart.com/users/outgoing?http://pinterest.com/trickiw00/&quot;&gt;pinterest.com/trickiw00/&lt;/a&gt;&lt;br /&gt;&lt;span class=&quot;shadow-holder&quot; data-embed-type=&quot;deviation&quot; data-embed-id=&quot;414445438&quot; data-embed-format=&quot;thumb&quot;&gt;&lt;span class=&quot;shadow mild&quot; &gt;&lt;a class=&quot;thumb&quot; href=&quot;https://www.deviantart.com/poserfan/art/Instagram-Icon-414445438&quot; title=&quot;Instagram Icon by poserfan, Nov 18, 2013 in Customization &amp;gt; Emoticons &amp;gt; Chat Friendly Emotes &amp;gt; Small - up to 25x50 &amp;gt; Static&quot;        data-sigil=&quot;thumb&quot;&gt;
        &lt;i&gt;&lt;/i&gt;&lt;img   width=&quot;16&quot; height=&quot;16&quot; alt=&quot;Instagram Icon by poserfan&quot; src=&quot;https://orig00.deviantart.net/efae/f/2013/326/f/3/instagram_icon_by_poserfan-d6ur05a.gif&quot; data-src=&quot;https://orig00.deviantart.net/efae/f/2013/326/f/3/instagram_icon_by_poserfan-d6ur05a.gif&quot; srcset=&quot;https://orig00.deviantart.net/efae/f/2013/326/f/3/instagram_icon_by_poserfan-d6ur05a.gif 16w&quot; sizes=&quot;16px&quot;&gt;&lt;/a&gt;&lt;/span&gt;&lt;!-- ^TTT --&gt;&lt;!-- TTT$ --&gt;&lt;/span&gt;&amp;nbsp;I&#039;m on Instagram&amp;nbsp;&lt;a class=&quot;external&quot; href=&quot;https://www.deviantart.com/users/outgoing?http://instagram.com/trickiwoo&quot;&gt;instagram.com/trickiwoo&lt;/a&gt;&lt;br /&gt;&lt;span class=&quot;shadow-holder&quot; data-embed-type=&quot;deviation&quot; data-embed-id=&quot;431202161&quot; data-embed-format=&quot;thumb&quot;&gt;&lt;span class=&quot;shadow mild&quot; &gt;&lt;a class=&quot;thumb&quot; href=&quot;https://www.deviantart.com/sunnybrook1/art/youtube-Icon-431202161&quot; title=&quot;youtube Icon by Sunnybrook1, Feb 1, 2014 in Customization &amp;gt; Emoticons &amp;gt; Chat Friendly Emotes &amp;gt; Small - up to 25x50 &amp;gt; Static&quot;        data-sigil=&quot;thumb&quot;&gt;
        &lt;i&gt;&lt;/i&gt;&lt;img   width=&quot;16&quot; height=&quot;16&quot; alt=&quot;youtube Icon by Sunnybrook1&quot; src=&quot;https://orig00.deviantart.net/3192/f/2014/032/f/0/f0dec438ea30ad66c3a3f3edc9709885-d74q5pt.gif&quot; data-src=&quot;https://orig00.deviantart.net/3192/f/2014/032/f/0/f0dec438ea30ad66c3a3f3edc9709885-d74q5pt.gif&quot; srcset=&quot;https://orig00.deviantart.net/3192/f/2014/032/f/0/f0dec438ea30ad66c3a3f3edc9709885-d74q5pt.gif 16w&quot; sizes=&quot;16px&quot;&gt;&lt;/a&gt;&lt;/span&gt;&lt;!-- ^TTT --&gt;&lt;!-- TTT$ --&gt;&lt;/span&gt;&amp;nbsp;I&amp;#8217;m on YouTube&amp;nbsp;&lt;a class=&quot;external&quot; href=&quot;https://www.deviantart.com/users/outgoing?https://www.youtube.com/channel/UCifm_fDZ07fwn3WuZ2m6UIg&quot;&gt;www.youtube.com/channel/UCifm_&amp;#8230;&lt;/a&gt;&lt;br /&gt;&lt;span class=&quot;shadow-holder&quot; data-embed-type=&quot;deviation&quot; data-embed-id=&quot;550229968&quot; data-embed-format=&quot;thumb&quot;&gt;&lt;span class=&quot;shadow mild&quot; &gt;&lt;a class=&quot;thumb&quot; href=&quot;https://www.deviantart.com/poserfan/art/Flickr-Icon-550229968&quot; title=&quot;Flickr Icon by poserfan, Jul 31, 2015 in Customization &amp;gt; Emoticons &amp;gt; Chat Friendly Emotes &amp;gt; Small - up to 25x50 &amp;gt; Static&quot;data-super-img=&quot;https://images-wixmp-ed30a86b8c4ca887773594c2.wixmp.com/intermediary/f/0a6e9796-d386-4234-97d1-d46c16906e81/d93lc5s-ac169835-87cd-4881-aca2-198e1cdc31ad.png&quot; data-super-width=&quot;16&quot; data-super-height=&quot;16&quot; data-super-transparent=&quot;true&quot; data-super-alt=&quot;Flickr Icon by poserfan&quot; data-super-full-img=&quot;https://images-wixmp-ed30a86b8c4ca887773594c2.wixmp.com/intermediary/f/0a6e9796-d386-4234-97d1-d46c16906e81/d93lc5s-ac169835-87cd-4881-aca2-198e1cdc31ad.png&quot; data-super-full-width=&quot;16&quot; data-super-full-height=&quot;16&quot;        data-sigil=&quot;thumb&quot;&gt;
        &lt;i&gt;&lt;/i&gt;&lt;img   width=&quot;16&quot; height=&quot;16&quot; alt=&quot;Flickr Icon by poserfan&quot; src=&quot;https://images-wixmp-ed30a86b8c4ca887773594c2.wixmp.com/intermediary/f/0a6e9796-d386-4234-97d1-d46c16906e81/d93lc5s-ac169835-87cd-4881-aca2-198e1cdc31ad.png&quot; data-src=&quot;https://images-wixmp-ed30a86b8c4ca887773594c2.wixmp.com/intermediary/f/0a6e9796-d386-4234-97d1-d46c16906e81/d93lc5s-ac169835-87cd-4881-aca2-198e1cdc31ad.png&quot; srcset=&quot;https://images-wixmp-ed30a86b8c4ca887773594c2.wixmp.com/intermediary/f/0a6e9796-d386-4234-97d1-d46c16906e81/d93lc5s-ac169835-87cd-4881-aca2-198e1cdc31ad.png 16w&quot; sizes=&quot;16px&quot;&gt;&lt;/a&gt;&lt;/span&gt;&lt;!-- ^TTT --&gt;&lt;!-- TTT$ --&gt;&lt;/span&gt;&amp;nbsp;I&amp;#8217;m on Flickr&amp;nbsp;&lt;a class=&quot;external&quot; href=&quot;https://www.deviantart.com/users/outgoing?https://www.flickr.com/photos/144594960@N03/&quot;&gt;www.flickr.com/photos/14459496&amp;#8230;&lt;/a&gt;&lt;br /&gt;&lt;a href=&quot;https://www.deviantart.com/cherushimetsumari/art/patreon-543280588&quot; class=&quot;emoticon&quot; data-embed-type=&quot;emoticon&quot; data-embed-id=&quot;543280588&quot; data-embed-profile=&quot;deviation&quot;&gt;&lt;img src=&quot;https://images-wixmp-ed30a86b8c4ca887773594c2.wixmp.com/intermediary/f/91df458d-5ec8-4ebb-a30e-328d4fd1ea22/d8zgdzg-4c9c60dd-dc94-4b5a-b7a8-fc9872badd10.png&quot; alt=&quot;:patreon:&quot; style=&quot;width:16px;height:16px&quot;&gt;&lt;/a&gt;&amp;nbsp;I&#039;m on Patreon&amp;nbsp;&lt;a class=&quot;external&quot; href=&quot;https://www.deviantart.com/users/outgoing?https://patreon.com/user?u=4913050&quot;&gt;patreon.com/user?u=4913050&lt;/a&gt;&lt;br /&gt;&lt;div&gt;&lt;img src=&quot;https://t00.deviantart.net/_2mp7bylG4DH7F17TprH9YU1hAA=/300x200/filters:fixed_height(100,100):origin()/pre00/7bf1/th/pre/i/2019/027/a/c/universal_oct_15_clxxxv_by_ldfranklin-dcy6zg7.jpg&quot; alt=&quot;thumbnail&quot; /&gt;&lt;/div&gt;</description>            </item>
                    <item>
                <title>fuck me right?</title>
                <link>https://drac0lycan.deviantart.com/art/fuck-me-right-783028805</link>
                <guid isPermaLink="true">https://drac0lycan.deviantart.com/art/fuck-me-right-783028805</guid>
                <pubDate>Sun, 27 Jan 2019 13:22:50 PST</pubDate>
                        <media:title type="plain">fuck me right?</media:title>
        <media:keywords></media:keywords>
                        <media:rating>nonadult</media:rating>
                <media:category label="Other">digitalart/paintings/other</media:category>
        <media:credit role="author" scheme="urn:ebu">DRAC0LYCAN</media:credit>
        <media:credit role="author" scheme="urn:ebu">https://a.deviantart.net/avatars/d/r/drac0lycan.gif?8</media:credit>
        <media:copyright url="https://drac0lycan.deviantart.com">Copyright 2019 DRAC0LYCAN</media:copyright>            <media:description type="html">&lt;sub&gt;i&#039;m just a freak i guess.&amp;nbsp;&lt;br /&gt;&lt;br /&gt;I have no support in changing my name&lt;br /&gt;&lt;br /&gt;people at work are getting upset because i&#039;m correcting them...&amp;nbsp;&lt;br /&gt;&lt;br /&gt;my name is fucking OLI. not anything else!!&amp;nbsp;&lt;br /&gt;&lt;br /&gt;I might quit my job and fuck off out of my house... my dad keeps screaming at me about my name change, and mom hasn&#039;t been as warm as she usually is...&amp;nbsp;&lt;br /&gt;&lt;br /&gt;I can take a hint...&lt;/sub&gt;</media:description>            <media:thumbnail url="https://t00.deviantart.net/DWNgZrPUHkAha0Fp_8GnaRwz5vU=/fit-in/150x150/filters:no_upscale():origin()/pre00/8445/th/pre/f/2019/027/f/2/fuck_me_right__by_drac0lycan-dcy70w5.png" height="129" width="150"/>            <media:thumbnail url="https://t00.deviantart.net/Iy3CcXaST-6w2917uzW-VVgBAYw=/fit-in/300x900/filters:no_upscale():origin()/pre00/8445/th/pre/f/2019/027/f/2/fuck_me_right__by_drac0lycan-dcy70w5.png" height="259" width="300"/>            <media:thumbnail url="https://t00.deviantart.net/83UjsGZGE9NyRhDZAHJnJr7NUuI=/300x200/filters:fixed_height(100,100):origin()/pre00/8445/th/pre/f/2019/027/f/2/fuck_me_right__by_drac0lycan-dcy70w5.png" height="200" width="232"/>            <media:content url="https://orig00.deviantart.net/37cb/f/2019/027/f/2/fuck_me_right__by_drac0lycan-dcy70w5.png" height="509" width="590" medium="image"/>            
            <description>&lt;sub&gt;i&#039;m just a freak i guess.&amp;nbsp;&lt;br /&gt;&lt;br /&gt;I have no support in changing my name&lt;br /&gt;&lt;br /&gt;people at work are getting upset because i&#039;m correcting them...&amp;nbsp;&lt;br /&gt;&lt;br /&gt;my name is fucking OLI. not anything else!!&amp;nbsp;&lt;br /&gt;&lt;br /&gt;I might quit my job and fuck off out of my house... my dad keeps screaming at me about my name change, and mom hasn&#039;t been as warm as she usually is...&amp;nbsp;&lt;br /&gt;&lt;br /&gt;I can take a hint...&lt;/sub&gt;&lt;br /&gt;&lt;div&gt;&lt;img src=&quot;https://t00.deviantart.net/83UjsGZGE9NyRhDZAHJnJr7NUuI=/300x200/filters:fixed_height(100,100):origin()/pre00/8445/th/pre/f/2019/027/f/2/fuck_me_right__by_drac0lycan-dcy70w5.png&quot; alt=&quot;thumbnail&quot; /&gt;&lt;/div&gt;</description>            </item>
                    <item>
                <title>Brave old to new</title>
                <link>https://jeux422.deviantart.com/art/Brave-old-to-new-783029081</link>
                <guid isPermaLink="true">https://jeux422.deviantart.com/art/Brave-old-to-new-783029081</guid>
                <pubDate>Sun, 27 Jan 2019 13:22:48 PST</pubDate>
                        <media:title type="plain">Brave old to new</media:title>
        <media:keywords></media:keywords>
                        <media:rating>nonadult</media:rating>
                <media:category label="Movies &amp; TV">fanart/digital/drawings/movies</media:category>
        <media:credit role="author" scheme="urn:ebu">jeux422</media:credit>
        <media:credit role="author" scheme="urn:ebu">https://a.deviantart.net/avatars/j/e/jeux422.jpg?2</media:credit>
        <media:copyright url="https://jeux422.deviantart.com">Copyright 2019 jeux422</media:copyright>            <media:description type="html"></media:description>            <media:thumbnail url="https://t00.deviantart.net/bdxndXKaSnoUNzE5JInE61vNXCg=/fit-in/150x150/filters:no_upscale():origin()/pre00/c73b/th/pre/i/2019/027/5/5/brave_old_to_new_by_jeux422-dcy713t.jpg" height="150" width="113"/>            <media:thumbnail url="https://t00.deviantart.net/vMra_EtbvAk9054wHAnfCcE7Tfo=/fit-in/300x900/filters:no_upscale():origin()/pre00/c73b/th/pre/i/2019/027/5/5/brave_old_to_new_by_jeux422-dcy713t.jpg" height="400" width="300"/>            <media:thumbnail url="https://t00.deviantart.net/SkAPkCz2-lUjdVjVn2Gljrk7Ajg=/300x200/filters:fixed_height(100,100):origin()/pre00/c73b/th/pre/i/2019/027/5/5/brave_old_to_new_by_jeux422-dcy713t.jpg" height="200" width="150"/>            <media:content url="https://pre00.deviantart.net/c73b/th/pre/i/2019/027/5/5/brave_old_to_new_by_jeux422-dcy713t.jpg" height="1032" width="774" medium="image"/>            
            <description>&lt;br /&gt;&lt;div&gt;&lt;img src=&quot;https://t00.deviantart.net/SkAPkCz2-lUjdVjVn2Gljrk7Ajg=/300x200/filters:fixed_height(100,100):origin()/pre00/c73b/th/pre/i/2019/027/5/5/brave_old_to_new_by_jeux422-dcy713t.jpg&quot; alt=&quot;thumbnail&quot; /&gt;&lt;/div&gt;</description>            </item>
                    <item>
                <title>Bunny Lyn</title>
                <link>https://777luck777.deviantart.com/art/Bunny-Lyn-783029065</link>
                <guid isPermaLink="true">https://777luck777.deviantart.com/art/Bunny-Lyn-783029065</guid>
                <pubDate>Sun, 27 Jan 2019 13:22:47 PST</pubDate>
                        <media:title type="plain">Bunny Lyn</media:title>
        <media:keywords></media:keywords>
                        <media:rating>nonadult</media:rating>
                <media:category label="Games">fanart/wallpaper/games</media:category>
        <media:credit role="author" scheme="urn:ebu">777luck777</media:credit>
        <media:credit role="author" scheme="urn:ebu">https://a.deviantart.net/avatars/7/7/777luck777.gif?4</media:credit>
        <media:copyright url="https://777luck777.deviantart.com">Copyright 2019 777luck777</media:copyright>            <media:description type="html"></media:description>            <media:thumbnail url="https://t00.deviantart.net/l4soDRT4-mlMC0bQCgveq80dOis=/fit-in/150x150/filters:no_upscale():origin()/pre00/3199/th/pre/f/2019/027/e/d/screenshot_180828_005_by_777luck777-dcy713d.jpg" height="84" width="150"/>            <media:thumbnail url="https://t00.deviantart.net/QPRiUiTC8JgSyU-ksEH8d9Bu_yc=/fit-in/300x900/filters:no_upscale():origin()/pre00/3199/th/pre/f/2019/027/e/d/screenshot_180828_005_by_777luck777-dcy713d.jpg" height="169" width="300"/>            <media:thumbnail url="https://t00.deviantart.net/OoDsRHhaMOiODPx8MKDLEogzfEU=/300x200/filters:fixed_height(100,100):origin()/pre00/3199/th/pre/f/2019/027/e/d/screenshot_180828_005_by_777luck777-dcy713d.jpg" height="169" width="300"/>            <media:content url="https://pre00.deviantart.net/3199/th/pre/f/2019/027/e/d/screenshot_180828_005_by_777luck777-dcy713d.jpg" height="670" width="1192" medium="image"/>            
            <description>&lt;br /&gt;&lt;div&gt;&lt;img src=&quot;https://t00.deviantart.net/OoDsRHhaMOiODPx8MKDLEogzfEU=/300x200/filters:fixed_height(100,100):origin()/pre00/3199/th/pre/f/2019/027/e/d/screenshot_180828_005_by_777luck777-dcy713d.jpg&quot; alt=&quot;thumbnail&quot; /&gt;&lt;/div&gt;</description>            </item>
                    <item>
                <title>Lovely Couple</title>
                <link>https://dinopharaoh.deviantart.com/art/Lovely-Couple-783028914</link>
                <guid isPermaLink="true">https://dinopharaoh.deviantart.com/art/Lovely-Couple-783028914</guid>
                <pubDate>Sun, 27 Jan 2019 13:22:47 PST</pubDate>
                        <media:title type="plain">Lovely Couple</media:title>
        <media:keywords></media:keywords>
                        <media:rating>nonadult</media:rating>
                <media:category label="Fantasy">digitalart/paintings/fantasy</media:category>
        <media:credit role="author" scheme="urn:ebu">dinoPharaoh</media:credit>
        <media:credit role="author" scheme="urn:ebu">https://a.deviantart.net/avatars/d/i/dinopharaoh.png?10</media:credit>
        <media:copyright url="https://dinopharaoh.deviantart.com">Copyright 2019 dinoPharaoh</media:copyright>            <media:description type="html">Trade with Smuggmuffin123 on Furry Amino!&lt;br /&gt;&lt;br /&gt;Art by &lt;span class=&quot;username-with-symbol u&quot;&gt;&lt;a class=&quot;u regular username&quot; href=&quot;https://www.deviantart.com/dinopharaoh&quot;&gt;dinoPharaoh&lt;/a&gt;&lt;span class=&quot;user-symbol regular&quot; data-quicktip-text=&quot;&quot; data-show-tooltip=&quot;&quot; data-gruser-type=&quot;regular&quot;&gt;&lt;/span&gt;&lt;/span&gt;</media:description>            <media:thumbnail url="https://t00.deviantart.net/aQJBg8XLefE52sSQqBQ47LfwPpI=/fit-in/150x150/filters:no_upscale():origin()/pre00/9477/th/pre/i/2019/027/9/2/lovely_couple_by_dinopharaoh-dcy70z6.png" height="126" width="150"/>            <media:thumbnail url="https://t00.deviantart.net/yzQACn3yvPAaShsYQTuU_OiQrKI=/fit-in/300x900/filters:no_upscale():origin()/pre00/9477/th/pre/i/2019/027/9/2/lovely_couple_by_dinopharaoh-dcy70z6.png" height="251" width="300"/>            <media:thumbnail url="https://t00.deviantart.net/T4wlXeu9va1MPKNXohyevmpcyFg=/300x200/filters:fixed_height(100,100):origin()/pre00/9477/th/pre/i/2019/027/9/2/lovely_couple_by_dinopharaoh-dcy70z6.png" height="200" width="239"/>            <media:content url="https://pre00.deviantart.net/9477/th/pre/i/2019/027/9/2/lovely_couple_by_dinopharaoh-dcy70z6.png" height="818" width="977" medium="image"/>            
            <description>Trade with Smuggmuffin123 on Furry Amino!&lt;br /&gt;&lt;br /&gt;Art by &lt;span class=&quot;username-with-symbol u&quot;&gt;&lt;a class=&quot;u regular username&quot; href=&quot;https://www.deviantart.com/dinopharaoh&quot;&gt;dinoPharaoh&lt;/a&gt;&lt;span class=&quot;user-symbol regular&quot; data-quicktip-text=&quot;&quot; data-show-tooltip=&quot;&quot; data-gruser-type=&quot;regular&quot;&gt;&lt;/span&gt;&lt;/span&gt;&lt;br /&gt;&lt;div&gt;&lt;img src=&quot;https://t00.deviantart.net/T4wlXeu9va1MPKNXohyevmpcyFg=/300x200/filters:fixed_height(100,100):origin()/pre00/9477/th/pre/i/2019/027/9/2/lovely_couple_by_dinopharaoh-dcy70z6.png&quot; alt=&quot;thumbnail&quot; /&gt;&lt;/div&gt;</description>            </item>
            </channel>
</rss>