<?xml version="1.0" encoding="utf-8"?>
<rss version="2.0" xmlns:media="http://search.yahoo.com/mrss/" xmlns:atom="http://www.w3.org/2005/Atom" xmlns:creativeCommons="http://backend.userland.com/creativeCommonsRssModule">
    <channel>
        <title>DeviantArt: Newest</title>
        <link>https://www.deviantart.com/newest/</link>
        <description>DeviantArt RSS for Newest</description>
        <language>en-us</language>
        <copyright>Copyright 2019, DeviantArt.com</copyright>
        <pubDate>Sun, 20 Jan 2019 01:38:15 PST</pubDate>
        <generator>DeviantArt.com</generator>
        <docs>http://blogs.law.harvard.edu/tech/rss</docs>
        <atom:icon>https://st.deviantart.net/minish/touch-icons/android-192.png</atom:icon>
        <atom:link type="application/rss+xml" rel="self" href="https://backend.deviantart.com/rss.xml?type=deviation&amp;order=5" />
        <atom:link rel="next" href="https://backend.deviantart.com/rss.xml?type=deviation&amp;order=5&amp;offset=60" />
        <item>
            <title>2 heavens within</title>
            <link>https://koutohou.deviantart.com/art/2-heavens-within-781924321</link>
            <guid isPermaLink="true">https://koutohou.deviantart.com/art/2-heavens-within-781924321</guid>
            <pubDate>Sun, 20 Jan 2019 01:38:13 PST</pubDate>
            <media:title type="plain">2 heavens within</media:title>
            <media:keywords></media:keywords>
            <media:rating>nonadult</media:rating>
            <media:category label="Political">digitalart/paintings/political</media:category>
            <media:credit role="author" scheme="urn:ebu">KoutoHou</media:credit>
            <media:credit role="author" scheme="urn:ebu">https://a.deviantart.net/avatars/k/o/koutohou.png?13
            </media:credit>
            <media:copyright url="https://koutohou.deviantart.com">Copyright 2019 KoutoHou</media:copyright>
            <media:description type="html"></media:description>
            <media:thumbnail url="https://t00.deviantart.net/mTskh9A8ybN7XUK02GVu60TZJEA=/fit-in/150x150/filters:no_upscale():origin()/pre00/d9a2/th/pre/f/2019/020/3/6/2_heavens_within_by_koutohou-dcxjco1.png" height="93" width="150" />
            <media:thumbnail url="https://t00.deviantart.net/xdT6WDIRa4UruSHg6c0K4ab3mEc=/fit-in/300x900/filters:no_upscale():origin()/pre00/d9a2/th/pre/f/2019/020/3/6/2_heavens_within_by_koutohou-dcxjco1.png" height="185" width="300" />
            <media:thumbnail url="https://t00.deviantart.net/Iofx_2j_rAj8r5M9Swbs1DG6XDc=/300x200/filters:fixed_height(100,100):origin()/pre00/d9a2/th/pre/f/2019/020/3/6/2_heavens_within_by_koutohou-dcxjco1.png" height="185" width="300" />
            <media:content url="https://pre00.deviantart.net/d9a2/th/pre/f/2019/020/3/6/2_heavens_within_by_koutohou-dcxjco1.png" height="703" width="1137" medium="image" />
            <description>&lt;br /&gt;&lt;div&gt;&lt;img src="https://t00.deviantart.net/Iofx_2j_rAj8r5M9Swbs1DG6XDc=/300x200/filters:fixed_height(100,100):origin()/pre00/d9a2/th/pre/f/2019/020/3/6/2_heavens_within_by_koutohou-dcxjco1.png"
                alt="thumbnail" /&gt;&lt;/div&gt;
            </description>
        </item>
        <item>
            <title>Rina</title>
            <link>https://lumi-adoptables.deviantart.com/art/Rina-781924430</link>
            <guid isPermaLink="true">https://lumi-adoptables.deviantart.com/art/Rina-781924430</guid>
            <pubDate>Sun, 20 Jan 2019 01:38:09 PST</pubDate>
            <media:title type="plain">Rina</media:title>
            <media:keywords></media:keywords>
            <media:rating>nonadult</media:rating>
            <media:category label="Other">digitalart/paintings/other</media:category>
            <media:credit role="author" scheme="urn:ebu">Lumi-Adoptables</media:credit>
            <media:credit role="author" scheme="urn:ebu">https://a.deviantart.net/avatars/l/u/lumi-adoptables.png?1
            </media:credit>
            <media:copyright url="https://lumi-adoptables.deviantart.com">Copyright 2019 Lumi-Adoptables
            </media:copyright>
            <media:description type="html">Adopted this lovely creepypasta lad from &lt;span class="username-with-symbol
                u"&gt;&lt;a class="u regular username" href="https://www.deviantart.com/clarissalovestord"&gt;clarissalovestord&lt;/a&gt;&lt;span
                class="user-symbol regular" data-quicktip-text="" data-show-tooltip=""
                data-gruser-type="regular"&gt;&lt;/span&gt;&lt;/span&gt;&lt;br /&gt;&lt;br /&gt;I named her
                Rina. &amp;#10024;
            </media:description>
            <media:thumbnail url="https://t00.deviantart.net/t7WLz2NYicZ9G6vzobOzrI3xPJE=/fit-in/150x150/filters:no_upscale():origin()/pre00/5a81/th/pre/i/2019/020/2/8/rina_by_lumi_adoptables-dcxjcr2.png" height="150" width="115" />
            <media:thumbnail url="https://t00.deviantart.net/ZV8KOCyozyafcGPJAMvwCGoqe8U=/fit-in/300x900/filters:no_upscale():origin()/pre00/5a81/th/pre/i/2019/020/2/8/rina_by_lumi_adoptables-dcxjcr2.png" height="390" width="300" />
            <media:thumbnail url="https://t00.deviantart.net/pNR5Se6DmJbYXYi2BjTNvBHiLK4=/300x200/filters:fixed_height(100,100):origin()/pre00/5a81/th/pre/i/2019/020/2/8/rina_by_lumi_adoptables-dcxjcr2.png" height="200" width="154" />
            <media:content url="https://img00.deviantart.net/6772/i/2019/020/2/8/rina_by_lumi_adoptables-dcxjcr2.png" height="520" width="400" medium="image" />
            <description>Adopted this lovely creepypasta lad from &lt;span class="username-with-symbol u"&gt;&lt;a
                class="u regular username" href="https://www.deviantart.com/clarissalovestord"&gt;clarissalovestord&lt;/a&gt;&lt;span
                class="user-symbol regular" data-quicktip-text="" data-show-tooltip=""
                data-gruser-type="regular"&gt;&lt;/span&gt;&lt;/span&gt;&lt;br /&gt;&lt;br /&gt;I named her
                Rina. &amp;#10024;&lt;br /&gt;&lt;div&gt;&lt;img src="https://t00.deviantart.net/pNR5Se6DmJbYXYi2BjTNvBHiLK4=/300x200/filters:fixed_height(100,100):origin()/pre00/5a81/th/pre/i/2019/020/2/8/rina_by_lumi_adoptables-dcxjcr2.png"
                alt="thumbnail" /&gt;&lt;/div&gt;
            </description>
        </item>
        <item>
            <title>Trainspotting</title>
            <link>https://livinginmymind.deviantart.com/art/Trainspotting-781924391</link>
            <guid isPermaLink="true">https://livinginmymind.deviantart.com/art/Trainspotting-781924391</guid>
            <pubDate>Sun, 20 Jan 2019 01:38:05 PST</pubDate>
            <media:title type="plain">Trainspotting</media:title>
            <media:keywords></media:keywords>
            <media:rating>nonadult</media:rating>
            <media:category label="Urbex">photography/civilization/urbanex</media:category>
            <media:credit role="author" scheme="urn:ebu">Livinginmymind</media:credit>
            <media:credit role="author" scheme="urn:ebu">https://a.deviantart.net/avatars/default.gif</media:credit>
            <media:copyright url="https://livinginmymind.deviantart.com">Copyright 2019 Livinginmymind</media:copyright>
            <media:description type="html"></media:description>
            <media:thumbnail url="https://t00.deviantart.net/TWbpwDfefDsb30VpakeJ9OKNOL0=/fit-in/150x150/filters:no_upscale():origin()/pre00/c9d2/th/pre/f/2019/020/a/5/img_20190119_161916_by_livinginmymind-dcxjcpz.jpg" height="113" width="150" />
            <media:thumbnail url="https://t00.deviantart.net/cY33NFcmkO5M0LuyA65oriZ4J9s=/fit-in/300x900/filters:no_upscale():origin()/pre00/c9d2/th/pre/f/2019/020/a/5/img_20190119_161916_by_livinginmymind-dcxjcpz.jpg" height="225" width="300" />
            <media:thumbnail url="https://t00.deviantart.net/yBVFT2F3HcENmKSDbwK1q49syOI=/300x200/filters:fixed_height(100,100):origin()/pre00/c9d2/th/pre/f/2019/020/a/5/img_20190119_161916_by_livinginmymind-dcxjcpz.jpg" height="200" width="267" />
            <media:content url="https://pre00.deviantart.net/c9d2/th/pre/f/2019/020/a/5/img_20190119_161916_by_livinginmymind-dcxjcpz.jpg" height="774" width="1032" medium="image" />
            <description>&lt;br /&gt;&lt;div&gt;&lt;img src="https://t00.deviantart.net/yBVFT2F3HcENmKSDbwK1q49syOI=/300x200/filters:fixed_height(100,100):origin()/pre00/c9d2/th/pre/f/2019/020/a/5/img_20190119_161916_by_livinginmymind-dcxjcpz.jpg"
                alt="thumbnail" /&gt;&lt;/div&gt;
            </description>
        </item>
        <item>
            <title>Fantasy Asian Environment.</title>
            <link>https://marcmons007.deviantart.com/art/Fantasy-Asian-Environment-781924399</link>
            <guid isPermaLink="true">https://marcmons007.deviantart.com/art/Fantasy-Asian-Environment-781924399</guid>
            <pubDate>Sun, 20 Jan 2019 01:38:05 PST</pubDate>
            <media:title type="plain">Fantasy Asian Environment.</media:title>
            <media:keywords></media:keywords>
            <media:rating>nonadult</media:rating>
            <media:category label="Fantasy">digitalart/3d/scenes/fantasy</media:category>
            <media:credit role="author" scheme="urn:ebu">MarcMons007</media:credit>
            <media:credit role="author" scheme="urn:ebu">https://a.deviantart.net/avatars/m/a/marcmons007.jpg?8
            </media:credit>
            <media:copyright url="https://marcmons007.deviantart.com">Copyright 2019 MarcMons007</media:copyright>
            <media:description type="html"></media:description>
            <media:thumbnail url="https://t00.deviantart.net/3E-cqN3ztyEmrcNpZKhnCafFEfY=/fit-in/150x150/filters:no_upscale():origin()/pre00/25d0/th/pre/f/2019/020/2/1/fantasy_asian_environment__by_marcmons007-dcxjcq7.jpg" height="81" width="150" />
            <media:thumbnail url="https://t00.deviantart.net/rnio6s3vpS_gpqAJDVgrhahsQS8=/fit-in/300x900/filters:no_upscale():origin()/pre00/25d0/th/pre/f/2019/020/2/1/fantasy_asian_environment__by_marcmons007-dcxjcq7.jpg" height="162" width="300" />
            <media:thumbnail url="https://t00.deviantart.net/jAhF6Ye5q0hC1Zntdx1Pmu9s8uo=/300x200/filters:fixed_height(100,100):origin()/pre00/25d0/th/pre/f/2019/020/2/1/fantasy_asian_environment__by_marcmons007-dcxjcq7.jpg" height="162" width="300" />
            <media:content url="https://pre00.deviantart.net/25d0/th/pre/f/2019/020/2/1/fantasy_asian_environment__by_marcmons007-dcxjcq7.jpg" height="656" width="1217" medium="image" />
            <description>&lt;br /&gt;&lt;div&gt;&lt;img src="https://t00.deviantart.net/jAhF6Ye5q0hC1Zntdx1Pmu9s8uo=/300x200/filters:fixed_height(100,100):origin()/pre00/25d0/th/pre/f/2019/020/2/1/fantasy_asian_environment__by_marcmons007-dcxjcq7.jpg"
                alt="thumbnail" /&gt;&lt;/div&gt;
            </description>
        </item>
        <item>
            <title>[OLD/OC] Pluna (Small) -Submission Version-</title>
            <link>https://thegreatomega9999d.deviantart.com/art/OLD-OC-Pluna-Small-Submission-Version-759613606</link>
            <guid isPermaLink="true">
                https://thegreatomega9999d.deviantart.com/art/OLD-OC-Pluna-Small-Submission-Version-759613606
            </guid>
            <pubDate>Sun, 20 Jan 2019 01:37:59 PST</pubDate>
            <media:title type="plain">[OLD/OC] Pluna (Small) -Submission Version-</media:title>
            <media:keywords></media:keywords>
            <media:rating>nonadult</media:rating>
            <media:category label="Other">digitalart/vector/other</media:category>
            <media:credit role="author" scheme="urn:ebu">TheGreatOmega9999D</media:credit>
            <media:credit role="author" scheme="urn:ebu">https://a.deviantart.net/avatars/t/h/thegreatomega9999d.png?8
            </media:credit>
            <media:copyright url="https://thegreatomega9999d.deviantart.com">Copyright 2019 TheGreatOmega9999D
            </media:copyright>
            <media:description type="html">Name: Pluna&lt;br /&gt;Gender: Female&lt;br /&gt;Age: 21.&lt;br /&gt;&lt;br /&gt;SIDE-NOTE:
                This OC of mine, Was going to be the OC that I would've VERY SOONER shown off, but...I forgot to
                show her off. Jeez...sorry, to both the OC, and my people, however. I also know One of the Deviants,
                like, Love her. So, there's that. And, no, she's not, At All, Underaged. Not even because she's
                21, and she's in her Small Form. So, eh! (I don't know.)
            </media:description>
            <media:thumbnail url="https://t00.deviantart.net/e_BwFo6BdR1AK6ISR7MxKJZChls=/fit-in/150x150/filters:no_upscale():origin()/pre00/7168/th/pre/f/2019/020/2/b/_old_oc__pluna__small___submission_version__by_thegreatomega9999d-dck95ly.png" height="113" width="150" />
            <media:thumbnail url="https://t00.deviantart.net/jjx9NaZj2GC5CoCP0WDWGKuXNHI=/fit-in/300x900/filters:no_upscale():origin()/pre00/7168/th/pre/f/2019/020/2/b/_old_oc__pluna__small___submission_version__by_thegreatomega9999d-dck95ly.png" height="225" width="300" />
            <media:thumbnail url="https://t00.deviantart.net/k1SQpkEyKJZALdRVj9yQIl7B78g=/300x200/filters:fixed_height(100,100):origin()/pre00/7168/th/pre/f/2019/020/2/b/_old_oc__pluna__small___submission_version__by_thegreatomega9999d-dck95ly.png" height="200" width="267" />
            <media:content url="https://orig00.deviantart.net/7dd3/f/2019/020/2/b/_old_oc__pluna__small___submission_version__by_thegreatomega9999d-dck95ly.png" height="360" width="480" medium="image" />
            <description>Name: Pluna&lt;br /&gt;Gender: Female&lt;br /&gt;Age: 21.&lt;br /&gt;&lt;br /&gt;SIDE-NOTE:
                This OC of mine, Was going to be the OC that I would've VERY SOONER shown off, but...I forgot to
                show her off. Jeez...sorry, to both the OC, and my people, however. I also know One of the Deviants,
                like, Love her. So, there's that. And, no, she's not, At All, Underaged. Not even because she's
                21, and she's in her Small Form. So, eh! (I don't know.)&lt;br /&gt;&lt;div&gt;&lt;img src="https://t00.deviantart.net/k1SQpkEyKJZALdRVj9yQIl7B78g=/300x200/filters:fixed_height(100,100):origin()/pre00/7168/th/pre/f/2019/020/2/b/_old_oc__pluna__small___submission_version__by_thegreatomega9999d-dck95ly.png"
                alt="thumbnail" /&gt;&lt;/div&gt;
            </description>
        </item>
        <item>
            <title>Thoraxid16</title>
            <link>https://lordmeto.deviantart.com/art/Thoraxid16-781924400</link>
            <guid isPermaLink="true">https://lordmeto.deviantart.com/art/Thoraxid16-781924400</guid>
            <pubDate>Sun, 20 Jan 2019 01:37:56 PST</pubDate>
            <media:title type="plain">Thoraxid16</media:title>
            <media:keywords></media:keywords>
            <media:rating>nonadult</media:rating>
            <media:category label="Other">traditional/other</media:category>
            <media:credit role="author" scheme="urn:ebu">lordmeto</media:credit>
            <media:credit role="author" scheme="urn:ebu">https://a.deviantart.net/avatars/default.gif</media:credit>
            <media:copyright url="https://lordmeto.deviantart.com">Copyright 2019 lordmeto</media:copyright>
            <media:description type="html"></media:description>
            <media:thumbnail url="https://t00.deviantart.net/p002-xPcMpR3wC2-wux_9mTjXqs=/fit-in/150x150/filters:no_upscale():origin()/pre00/0e56/th/pre/i/2019/020/9/e/thoraxid16_by_lordmeto-dcxjcq8.jpg" height="150" width="105" />
            <media:thumbnail url="https://t00.deviantart.net/Nh4mx6zQSaITx6iGZiJAmPE0BZ8=/fit-in/300x900/filters:no_upscale():origin()/pre00/0e56/th/pre/i/2019/020/9/e/thoraxid16_by_lordmeto-dcxjcq8.jpg" height="428" width="300" />
            <media:thumbnail url="https://t00.deviantart.net/o2bVZHGSoA9eK5iExwhCw2_XKM8=/300x200/filters:fixed_height(100,100):origin()/pre00/0e56/th/pre/i/2019/020/9/e/thoraxid16_by_lordmeto-dcxjcq8.jpg" height="200" width="140" />
            <media:content url="https://pre00.deviantart.net/0e56/th/pre/i/2019/020/9/e/thoraxid16_by_lordmeto-dcxjcq8.jpg" height="1068" width="748" medium="image" />
            <description>&lt;br /&gt;&lt;div&gt;&lt;img src="https://t00.deviantart.net/o2bVZHGSoA9eK5iExwhCw2_XKM8=/300x200/filters:fixed_height(100,100):origin()/pre00/0e56/th/pre/i/2019/020/9/e/thoraxid16_by_lordmeto-dcxjcq8.jpg"
                alt="thumbnail" /&gt;&lt;/div&gt;
            </description>
        </item>
        <item>
            <title>20190120182201 1</title>
            <link>https://castledragonh.deviantart.com/art/20190120182201-1-781924222</link>
            <guid isPermaLink="true">https://castledragonh.deviantart.com/art/20190120182201-1-781924222</guid>
            <pubDate>Sun, 20 Jan 2019 01:37:53 PST</pubDate>
            <media:title type="plain">20190120182201 1</media:title>
            <media:keywords></media:keywords>
            <media:rating>nonadult</media:rating>
            <media:category label="Games">fanart/digital/3dfanart/games</media:category>
            <media:credit role="author" scheme="urn:ebu">CastleDragonH</media:credit>
            <media:credit role="author" scheme="urn:ebu">https://a.deviantart.net/avatars/default.gif</media:credit>
            <media:copyright url="https://castledragonh.deviantart.com">Copyright 2019 CastleDragonH</media:copyright>
            <media:description type="html">Tekken7 Katarina USA FLAG BIKINI MOD</media:description>
            <media:thumbnail url="https://t00.deviantart.net/XirfnPjPyx-sfP8FsE0Df2jyFqk=/fit-in/150x150/filters:no_upscale():origin()/pre00/bf97/th/pre/i/2019/020/0/2/20190120182201_1_by_castledragonh-dcxjcla.jpg" height="84" width="150" />
            <media:thumbnail url="https://t00.deviantart.net/yVz29hLprmjT5FGNBV4jUWGHKw8=/fit-in/300x900/filters:no_upscale():origin()/pre00/bf97/th/pre/i/2019/020/0/2/20190120182201_1_by_castledragonh-dcxjcla.jpg" height="169" width="300" />
            <media:thumbnail url="https://t00.deviantart.net/XrAMJYL5TsfRSQ77uqsXwHbzjQU=/300x200/filters:fixed_height(100,100):origin()/pre00/bf97/th/pre/i/2019/020/0/2/20190120182201_1_by_castledragonh-dcxjcla.jpg" height="169" width="300" />
            <media:content url="https://pre00.deviantart.net/bf97/th/pre/i/2019/020/0/2/20190120182201_1_by_castledragonh-dcxjcla.jpg" height="670" width="1192" medium="image" />
            <description>Tekken7 Katarina USA FLAG BIKINI MOD&lt;br /&gt;&lt;div&gt;&lt;img src="https://t00.deviantart.net/XrAMJYL5TsfRSQ77uqsXwHbzjQU=/300x200/filters:fixed_height(100,100):origin()/pre00/bf97/th/pre/i/2019/020/0/2/20190120182201_1_by_castledragonh-dcxjcla.jpg"
                alt="thumbnail" /&gt;&lt;/div&gt;
            </description>
        </item>
        <item>
            <title>Find Yourself 80</title>
            <link>https://rexferret.deviantart.com/art/Find-Yourself-80-781924388</link>
            <guid isPermaLink="true">https://rexferret.deviantart.com/art/Find-Yourself-80-781924388</guid>
            <pubDate>Sun, 20 Jan 2019 01:37:51 PST</pubDate>
            <media:title type="plain">Find Yourself 80</media:title>
            <media:keywords></media:keywords>
            <media:rating>nonadult</media:rating>
            <media:category label="Movies &amp; TV">fanart/cartoons/digital/movies</media:category>
            <media:credit role="author" scheme="urn:ebu">RexFerret</media:credit>
            <media:credit role="author" scheme="urn:ebu">https://a.deviantart.net/avatars/r/e/rexferret.png?1
            </media:credit>
            <media:copyright url="https://rexferret.deviantart.com">Copyright 2019 RexFerret</media:copyright>
            <media:description type="html"></media:description>
            <media:thumbnail url="https://t00.deviantart.net/ALipJsXM8lXSURwTbWRmywgPQoQ=/fit-in/150x150/filters:no_upscale():origin()/pre00/4f5e/th/pre/f/2019/020/0/d/find_yourself_80_by_rexferret-dcxjcpw.png" height="150" width="87" />
            <media:thumbnail url="https://t00.deviantart.net/48pbx5x6APSJR4gCEfPz77nrbDE=/fit-in/300x900/filters:no_upscale():origin()/pre00/4f5e/th/pre/f/2019/020/0/d/find_yourself_80_by_rexferret-dcxjcpw.png" height="515" width="300" />
            <media:thumbnail url="https://t00.deviantart.net/g7ix0NbTn3nY4XnwxWWvgJyjWps=/300x200/filters:fixed_height(100,100):origin()/pre00/4f5e/th/pre/f/2019/020/0/d/find_yourself_80_by_rexferret-dcxjcpw.png" height="200" width="117" />
            <media:content url="https://pre00.deviantart.net/4f5e/th/pre/f/2019/020/0/d/find_yourself_80_by_rexferret-dcxjcpw.png" height="1171" width="682" medium="image" />
            <description>&lt;br /&gt;&lt;div&gt;&lt;img src="https://t00.deviantart.net/g7ix0NbTn3nY4XnwxWWvgJyjWps=/300x200/filters:fixed_height(100,100):origin()/pre00/4f5e/th/pre/f/2019/020/0/d/find_yourself_80_by_rexferret-dcxjcpw.png"
                alt="thumbnail" /&gt;&lt;/div&gt;
            </description>
        </item>
        <item>
            <title>Bird Flower Jig</title>
            <link>https://kadaashi.deviantart.com/art/Bird-Flower-Jig-781924339</link>
            <guid isPermaLink="true">https://kadaashi.deviantart.com/art/Bird-Flower-Jig-781924339</guid>
            <pubDate>Sun, 20 Jan 2019 01:37:51 PST</pubDate>
            <media:title type="plain">Bird Flower Jig</media:title>
            <media:keywords></media:keywords>
            <media:rating>nonadult</media:rating>
            <media:category label="Other">digitalart/paintings/other</media:category>
            <media:credit role="author" scheme="urn:ebu">Kadaashi</media:credit>
            <media:credit role="author" scheme="urn:ebu">https://a.deviantart.net/avatars/k/a/kadaashi.png?10
            </media:credit>
            <media:copyright url="https://kadaashi.deviantart.com">Copyright 2019 Kadaashi</media:copyright>
            <creativeCommons:license>http://creativecommons.org/licenses/by-nc-nd/3.0/</creativeCommons:license>
            <media:description type="html">&lt;div&gt;i feel like i am full of sludge and dried twigs&lt;/div&gt;&lt;div&gt;&lt;br
                /&gt;&lt;/div&gt;&lt;div&gt;&lt;a class="external" href="https://www.deviantart.com/users/outgoing?https://youtu.be/lgwZzWMtsm8"&gt;youtu.be/lgwZzWMtsm8&lt;/a&gt;&lt;br
                /&gt;&lt;/div&gt;
            </media:description>
            <media:thumbnail url="https://t00.deviantart.net/doQ0uSkoXMAvL-kzPFAp5Ai3Ql0=/fit-in/150x150/filters:no_upscale():origin()/pre00/55e7/th/pre/i/2019/020/7/1/bird_flower_jig_by_kadaashi-dcxjcoj.png" height="139" width="150" />
            <media:thumbnail url="https://t00.deviantart.net/xmXoL_0m1VL5DvXgdGwLjFtxaP4=/fit-in/300x900/filters:no_upscale():origin()/pre00/55e7/th/pre/i/2019/020/7/1/bird_flower_jig_by_kadaashi-dcxjcoj.png" height="278" width="300" />
            <media:thumbnail url="https://t00.deviantart.net/QaHnSwQ-81QYWQvqqXLaofad9k0=/300x200/filters:fixed_height(100,100):origin()/pre00/55e7/th/pre/i/2019/020/7/1/bird_flower_jig_by_kadaashi-dcxjcoj.png" height="200" width="216" />
            <media:content url="https://pre00.deviantart.net/55e7/th/pre/i/2019/020/7/1/bird_flower_jig_by_kadaashi-dcxjcoj.png" height="860" width="929" medium="image" />
            <description>&lt;div&gt;i feel like i am full of sludge and dried twigs&lt;/div&gt;&lt;div&gt;&lt;br /&gt;&lt;/div&gt;&lt;div&gt;&lt;a
                class="external" href="https://www.deviantart.com/users/outgoing?https://youtu.be/lgwZzWMtsm8"&gt;youtu.be/lgwZzWMtsm8&lt;/a&gt;&lt;br
                /&gt;&lt;/div&gt;&lt;br /&gt;&lt;div&gt;&lt;img src="https://t00.deviantart.net/QaHnSwQ-81QYWQvqqXLaofad9k0=/300x200/filters:fixed_height(100,100):origin()/pre00/55e7/th/pre/i/2019/020/7/1/bird_flower_jig_by_kadaashi-dcxjcoj.png"
                alt="thumbnail" /&gt;&lt;/div&gt;
            </description>
        </item>
        <item>
            <title>The New Purple And Brown</title>
            <link>https://fluffytown123456.deviantart.com/art/The-New-Purple-And-Brown-781924340</link>
            <guid isPermaLink="true">https://fluffytown123456.deviantart.com/art/The-New-Purple-And-Brown-781924340
            </guid>
            <pubDate>Sun, 20 Jan 2019 01:37:51 PST</pubDate>
            <media:title type="plain">The New Purple And Brown</media:title>
            <media:keywords></media:keywords>
            <media:rating>nonadult</media:rating>
            <media:category label="Fantasy">digitalart/mixedmed/fantasy</media:category>
            <media:credit role="author" scheme="urn:ebu">fluffytown123456</media:credit>
            <media:credit role="author" scheme="urn:ebu">https://a.deviantart.net/avatars/f/l/fluffytown123456.png?2
            </media:credit>
            <media:copyright url="https://fluffytown123456.deviantart.com">Copyright 2019 fluffytown123456
            </media:copyright>
            <media:description type="html">this is what happens if nickelodeon gets purple and brown a reboot!
            </media:description>
            <media:thumbnail url="https://t00.deviantart.net/UBYhW5qjoMyfFjt4KWNjL3lfCdg=/fit-in/150x150/filters:no_upscale():origin()/pre00/039f/th/pre/f/2019/020/7/6/the_new_purple_and_brown_by_fluffytown123456-dcxjcok.jpg" height="112" width="150" />
            <media:thumbnail url="https://t00.deviantart.net/up5TXF8FdZfeUNyK17nt3MO649U=/fit-in/300x900/filters:no_upscale():origin()/pre00/039f/th/pre/f/2019/020/7/6/the_new_purple_and_brown_by_fluffytown123456-dcxjcok.jpg" height="224" width="300" />
            <media:thumbnail url="https://t00.deviantart.net/XvFLsdS2EVH7RSHiOt8QKFgv7aU=/300x200/filters:fixed_height(100,100):origin()/pre00/039f/th/pre/f/2019/020/7/6/the_new_purple_and_brown_by_fluffytown123456-dcxjcok.jpg" height="200" width="268" />
            <media:content url="https://orig00.deviantart.net/5509/f/2019/020/7/6/the_new_purple_and_brown_by_fluffytown123456-dcxjcok.jpg" height="765" width="1024" medium="image" />
            <description>this is what happens if nickelodeon gets purple and brown a reboot!&lt;br /&gt;&lt;div&gt;&lt;img
                src="https://t00.deviantart.net/XvFLsdS2EVH7RSHiOt8QKFgv7aU=/300x200/filters:fixed_height(100,100):origin()/pre00/039f/th/pre/f/2019/020/7/6/the_new_purple_and_brown_by_fluffytown123456-dcxjcok.jpg"
                alt="thumbnail" /&gt;&lt;/div&gt;
            </description>
        </item>
        <item>
            <title>Meet the artist (2018 version)</title>
            <link>https://bdiwdbwr.deviantart.com/art/Meet-the-artist-2018-version-781924180</link>
            <guid isPermaLink="true">https://bdiwdbwr.deviantart.com/art/Meet-the-artist-2018-version-781924180</guid>
            <pubDate>Sun, 20 Jan 2019 01:37:44 PST</pubDate>
            <media:title type="plain">Meet the artist (2018 version)</media:title>
            <media:keywords></media:keywords>
            <media:rating>nonadult</media:rating>
            <media:category label="Storybook">digitalart/paintings/illustrations/storybook</media:category>
            <media:credit role="author" scheme="urn:ebu">Bdiwdbwr</media:credit>
            <media:credit role="author" scheme="urn:ebu">https://a.deviantart.net/avatars/b/d/bdiwdbwr.png?3
            </media:credit>
            <media:copyright url="https://bdiwdbwr.deviantart.com">Copyright 2019 Bdiwdbwr</media:copyright>
            <media:description type="html"></media:description>
            <media:thumbnail url="https://t00.deviantart.net/snCiBaI6hhMS5VPrSXDzLf8s55s=/fit-in/150x150/filters:no_upscale():origin()/pre00/85d5/th/pre/f/2019/020/4/b/4bd0992876105a1cecfe7e1a9e0c3968-dcxjck4.png" height="150" width="150" />
            <media:thumbnail url="https://t00.deviantart.net/lAiQdPOz6HCFxoRzLFM0FoOH9Jw=/fit-in/300x900/filters:no_upscale():origin()/pre00/85d5/th/pre/f/2019/020/4/b/4bd0992876105a1cecfe7e1a9e0c3968-dcxjck4.png" height="300" width="300" />
            <media:thumbnail url="https://t00.deviantart.net/smMXG_-RsLZ41T3Tr2p3dLnWYkU=/300x200/filters:fixed_height(100,100):origin()/pre00/85d5/th/pre/f/2019/020/4/b/4bd0992876105a1cecfe7e1a9e0c3968-dcxjck4.png" height="200" width="200" />
            <media:content url="https://pre00.deviantart.net/85d5/th/pre/f/2019/020/4/b/4bd0992876105a1cecfe7e1a9e0c3968-dcxjck4.png" height="894" width="894" medium="image" />
            <description>&lt;br /&gt;&lt;div&gt;&lt;img src="https://t00.deviantart.net/smMXG_-RsLZ41T3Tr2p3dLnWYkU=/300x200/filters:fixed_height(100,100):origin()/pre00/85d5/th/pre/f/2019/020/4/b/4bd0992876105a1cecfe7e1a9e0c3968-dcxjck4.png"
                alt="thumbnail" /&gt;&lt;/div&gt;
            </description>
        </item>
        <item>
            <title>down by the valley where the plants don't grow</title>
            <link>https://coastalrain.deviantart.com/art/down-by-the-valley-where-the-plants-don-t-grow-781924335</link>
            <guid isPermaLink="true">
                https://coastalrain.deviantart.com/art