<?xml version="1.0" encoding="utf-8"?>
<rss version="2.0" xmlns:media="http://search.yahoo.com/mrss/" xmlns:atom="http://www.w3.org/2005/Atom" xmlns:creativeCommons="http://backend.userland.com/creativeCommonsRssModule">
    <channel>
        <title>DeviantArt: Popular</title>
        <link>https://www.deviantart.com/?q=-in%3Aliterature</link>
        <description>DeviantArt RSS for Popular</description>
        <language>en-us</language>
        <copyright>Copyright 2019, DeviantArt.com</copyright>
        <pubDate>Wed, 30 Jan 2019 17:18:25 PST</pubDate>

        <generator>DeviantArt.com</generator>
        <docs>http://blogs.law.harvard.edu/tech/rss</docs>
        <atom:icon>https://st.deviantart.net/minish/touch-icons/android-192.png</atom:icon>
        <atom:link type="application/rss+xml" rel="self" href="https://backend.deviantart.com/rss.xml?type=deviation&amp;q=-in%3Aliterature&amp;order=11" />
        <atom:link rel="next" href="https://backend.deviantart.com/rss.xml?type=deviation&amp;q=-in%3Aliterature&amp;order=11&amp;offset=60" />
                    <item>
                <title>Daily Paint 2261. Igloouana</title>
                <link>https://cryptid-creations.deviantart.com/art/Daily-Paint-2261-Igloouana-783341436</link>
                <guid isPermaLink="true">https://cryptid-creations.deviantart.com/art/Daily-Paint-2261-Igloouana-783341436</guid>
                <pubDate>Tue, 29 Jan 2019 20:00:03 PST</pubDate>
                        <media:title type="plain">Daily Paint 2261. Igloouana</media:title>
        <media:keywords></media:keywords>
                        <media:rating>nonadult</media:rating>
                <media:category label="Fantasy">digitalart/paintings/fantasy</media:category>
        <media:credit role="author" scheme="urn:ebu">Cryptid-Creations</media:credit>
        <media:credit role="author" scheme="urn:ebu">https://a.deviantart.net/avatars/c/r/cryptid-creations.png?1</media:credit>
        <media:copyright url="https://cryptid-creations.deviantart.com">Copyright 2019 Cryptid-Creations</media:copyright>            <media:description type="html">&lt;b&gt;&lt;/b&gt;&lt;b&gt;&lt;/b&gt;&lt;b&gt;&lt;/b&gt;&lt;b&gt;&lt;/b&gt;&lt;b&gt;&lt;/b&gt;&lt;b&gt;&lt;/b&gt;&lt;b&gt;&lt;/b&gt;&lt;b&gt;&lt;/b&gt;&lt;b&gt;&lt;/b&gt;&lt;b&gt;&lt;/b&gt;&lt;b&gt;&lt;/b&gt;&lt;b&gt;&lt;/b&gt;&lt;b&gt;&lt;/b&gt;&lt;b&gt;&lt;/b&gt;&lt;b&gt;&lt;/b&gt;&lt;b&gt;&lt;/b&gt;&lt;b&gt;&lt;/b&gt;&lt;b&gt;&lt;/b&gt;&lt;b&gt;&lt;/b&gt;&lt;b&gt;&lt;/b&gt;&lt;b&gt;&lt;/b&gt;&lt;b&gt;&lt;/b&gt;&lt;b&gt;&lt;/b&gt;&lt;b&gt;&lt;/b&gt;&lt;b&gt;&lt;/b&gt;&lt;b&gt;&lt;/b&gt;&lt;b&gt;&lt;/b&gt;&lt;b&gt;&lt;/b&gt;&lt;b&gt;&lt;/b&gt;&lt;b&gt;&lt;/b&gt;&lt;b&gt;&lt;/b&gt;&lt;b&gt;&lt;/b&gt;&lt;b&gt;&lt;/b&gt;&lt;b&gt;&lt;/b&gt;&lt;b&gt;&lt;/b&gt;&lt;b&gt;&lt;/b&gt;&lt;b&gt;&lt;/b&gt;&lt;b&gt;&lt;/b&gt;&lt;b&gt;&lt;/b&gt;&lt;b&gt;&lt;/b&gt;&lt;b&gt;&lt;/b&gt;&lt;b&gt;&lt;/b&gt;&lt;b&gt;&lt;/b&gt;&lt;b&gt;&lt;/b&gt;&lt;b&gt;&lt;/b&gt;&lt;b&gt;&lt;/b&gt;&lt;b&gt;&lt;/b&gt;&lt;b&gt;&lt;/b&gt;&lt;b&gt;&lt;/b&gt;&lt;b&gt;&lt;/b&gt;&lt;b&gt;&lt;/b&gt;&lt;b&gt;&lt;/b&gt;&lt;b&gt;&lt;/b&gt;&lt;b&gt;&lt;/b&gt;&lt;b&gt;&lt;/b&gt;&lt;b&gt;&lt;/b&gt;&lt;b&gt;&lt;/b&gt;&lt;b&gt;&lt;/b&gt;&lt;b&gt;&lt;/b&gt;&lt;b&gt;&lt;/b&gt;&lt;b&gt;&lt;/b&gt;&lt;b&gt;&lt;/b&gt;&lt;b&gt;&lt;/b&gt;&lt;b&gt;&lt;/b&gt;&lt;b&gt;&lt;/b&gt;&lt;b&gt;&lt;/b&gt;&lt;b&gt;&lt;/b&gt;&lt;b&gt;&lt;/b&gt;&lt;b&gt;&lt;/b&gt;&lt;b&gt;&lt;/b&gt;&lt;b&gt;&lt;/b&gt;&lt;b&gt;&lt;/b&gt;&lt;b&gt;&lt;/b&gt;&lt;b&gt;&lt;/b&gt;&lt;b&gt;&lt;/b&gt;&lt;b&gt;&lt;/b&gt;&lt;b&gt;&lt;/b&gt;&lt;b&gt;&lt;/b&gt;&lt;b&gt;&lt;/b&gt;&lt;b&gt;&lt;br /&gt;&lt;a class=&quot;external&quot; href=&quot;https://www.deviantart.com/users/outgoing?http://forgepublishing.com/shop/&quot;&gt;ForgePublishing.com/shop&lt;/a&gt;&lt;br /&gt;&lt;br /&gt;&lt;br /&gt;.&lt;img src=&quot;https://e.deviantart.net/emoticons/b/bulletgreen.gif&quot; width=&quot;10&quot; height=&quot;10&quot; alt=&quot;:bulletgreen:&quot; data-embed-type=&quot;emoticon&quot; data-embed-id=&quot;209&quot; title=&quot;Bullet; Green&quot;/&gt; &lt;b&gt;A big thanks to my Patrons for supporting my work! &lt;img src=&quot;https://e.deviantart.net/emoticons/s/smile.gif&quot; width=&quot;15&quot; height=&quot;15&quot; alt=&quot;:)&quot; data-embed-type=&quot;emoticon&quot; data-embed-id=&quot;391&quot; title=&quot;:) (Smile)&quot;/&gt; For time-lapses, WIP&#039;s and other goodies ---please check out my Patreon.&lt;/b&gt;&lt;b&gt;&lt;/b&gt;&lt;b&gt;&lt;/b&gt;&lt;b&gt;&lt;/b&gt;&lt;b&gt;&lt;/b&gt;&lt;b&gt;&lt;/b&gt;&lt;b&gt;&lt;/b&gt;&lt;b&gt;&lt;/b&gt;&lt;b&gt;&lt;/b&gt;&lt;b&gt;&lt;/b&gt;&lt;b&gt;&lt;/b&gt;&lt;b&gt;&lt;/b&gt;&lt;b&gt;&lt;/b&gt;&lt;b&gt;&lt;/b&gt;&lt;b&gt;&lt;/b&gt;&lt;b&gt;&lt;/b&gt;&lt;b&gt;&lt;/b&gt;&lt;b&gt;&lt;/b&gt;&lt;b&gt;&lt;/b&gt;&lt;b&gt;&lt;/b&gt;&lt;b&gt;&lt;/b&gt;&lt;b&gt;&lt;/b&gt;&lt;b&gt;&lt;/b&gt;&lt;b&gt;&lt;/b&gt;&lt;b&gt;&lt;/b&gt;&lt;b&gt;&lt;/b&gt;&lt;b&gt;&lt;/b&gt;&lt;b&gt;&lt;/b&gt;&lt;b&gt;&lt;/b&gt;&lt;b&gt;&lt;/b&gt;&lt;b&gt;&lt;/b&gt;&lt;b&gt;&lt;/b&gt;&lt;b&gt;&lt;/b&gt;&lt;b&gt;&lt;/b&gt;&lt;b&gt;&lt;/b&gt;&lt;b&gt;&lt;/b&gt;&lt;b&gt;&lt;/b&gt;&lt;b&gt;&lt;/b&gt;&lt;b&gt;&lt;/b&gt;&lt;b&gt;&lt;/b&gt;&lt;b&gt;&lt;/b&gt;&lt;b&gt;&lt;/b&gt;&lt;b&gt;&lt;/b&gt;&lt;b&gt;&lt;/b&gt;&lt;b&gt;&lt;/b&gt;&lt;b&gt;&lt;/b&gt;&lt;b&gt;&lt;/b&gt;&lt;b&gt;&lt;/b&gt;&lt;b&gt;&lt;/b&gt;&lt;b&gt;&lt;/b&gt;&lt;b&gt;&lt;/b&gt;&lt;b&gt;&lt;/b&gt;&lt;b&gt;&lt;/b&gt;&lt;b&gt;&lt;/b&gt;&lt;b&gt;&lt;/b&gt;&lt;b&gt;&lt;/b&gt;&lt;b&gt;&lt;/b&gt;&lt;b&gt;&lt;/b&gt;&lt;b&gt;&lt;/b&gt;&lt;b&gt;&lt;/b&gt;&lt;b&gt;&lt;/b&gt;&lt;b&gt;&lt;/b&gt;&lt;b&gt;&lt;/b&gt;&lt;b&gt;&lt;/b&gt;&lt;b&gt;&lt;/b&gt;&lt;b&gt;&lt;/b&gt;&lt;b&gt;&lt;/b&gt;&lt;b&gt;&lt;/b&gt;&lt;b&gt;&lt;/b&gt;&lt;b&gt;&lt;/b&gt;&lt;b&gt;&lt;/b&gt;&lt;b&gt;&lt;/b&gt;&lt;b&gt;&lt;/b&gt;&lt;b&gt;&lt;/b&gt;&lt;b&gt;&lt;/b&gt;&lt;b&gt;&lt;/b&gt;&lt;b&gt;&lt;/b&gt;&lt;b&gt;&lt;/b&gt;&lt;b&gt;&lt;/b&gt;&lt;b&gt;&lt;/b&gt;&lt;b&gt;&lt;/b&gt;&lt;b&gt;&lt;/b&gt;&lt;b&gt;&lt;/b&gt;&lt;b&gt;&lt;/b&gt;&lt;b&gt;&lt;/b&gt;&lt;b&gt;&lt;/b&gt;&lt;b&gt;&lt;/b&gt;&lt;b&gt;&lt;/b&gt;&lt;b&gt;&lt;/b&gt;&lt;b&gt;&lt;/b&gt;&lt;b&gt;&lt;/b&gt;&lt;b&gt;&lt;/b&gt;&lt;b&gt;&lt;/b&gt;&lt;b&gt;&lt;/b&gt;&lt;b&gt;&lt;/b&gt;&lt;b&gt;&lt;/b&gt;&lt;b&gt;&lt;/b&gt;&lt;b&gt;&lt;/b&gt;&lt;b&gt;&lt;/b&gt;&lt;b&gt;&lt;/b&gt;&lt;b&gt;&lt;/b&gt;&lt;b&gt;&lt;/b&gt;&lt;b&gt;&lt;/b&gt;&lt;b&gt;&lt;/b&gt;&lt;b&gt;&lt;/b&gt;&lt;b&gt;&lt;/b&gt;&lt;b&gt;&lt;/b&gt;&lt;b&gt;&lt;/b&gt;&lt;b&gt;&lt;/b&gt;&lt;b&gt;&lt;/b&gt;&lt;b&gt;&lt;/b&gt;&lt;b&gt;&lt;/b&gt;&lt;b&gt;&lt;/b&gt;&lt;b&gt;&lt;/b&gt;&lt;b&gt;&lt;/b&gt;&lt;b&gt;&lt;/b&gt;&lt;b&gt;&lt;/b&gt;&lt;b&gt;&lt;/b&gt;&lt;b&gt;&lt;/b&gt;&lt;b&gt;&lt;/b&gt;&lt;b&gt;&lt;/b&gt;&lt;b&gt;&lt;/b&gt;&lt;b&gt;&lt;/b&gt;&lt;b&gt;&lt;/b&gt;&lt;b&gt;&lt;/b&gt;&lt;b&gt;&lt;/b&gt;&lt;b&gt;&lt;/b&gt;&lt;b&gt;&lt;/b&gt;&lt;b&gt;&lt;/b&gt;&lt;b&gt;&lt;/b&gt;&lt;b&gt;&lt;/b&gt;&lt;b&gt;&lt;/b&gt;&lt;b&gt;&lt;/b&gt;&lt;b&gt;&lt;/b&gt;&lt;b&gt;&lt;/b&gt;&lt;b&gt;&lt;/b&gt;&lt;b&gt;&lt;/b&gt;&lt;b&gt;&lt;/b&gt;&lt;b&gt;&lt;/b&gt;&lt;b&gt;&lt;/b&gt;&lt;b&gt;&lt;/b&gt;&lt;b&gt;&lt;/b&gt;&lt;b&gt;&lt;/b&gt;&lt;b&gt;&lt;/b&gt;&lt;b&gt;&lt;/b&gt;&lt;b&gt;&lt;/b&gt;&lt;b&gt;&lt;/b&gt;&lt;b&gt;&lt;/b&gt;&lt;b&gt;&lt;/b&gt;&lt;b&gt;&lt;/b&gt;&lt;b&gt;&lt;/b&gt;&lt;b&gt;&lt;/b&gt;&lt;b&gt;&lt;/b&gt;&lt;b&gt;&lt;/b&gt;&lt;b&gt;&lt;/b&gt;&lt;b&gt;&lt;/b&gt;&lt;b&gt;&lt;/b&gt;&lt;b&gt;&lt;/b&gt;&lt;b&gt;&lt;/b&gt;&lt;b&gt;&lt;/b&gt;&lt;b&gt;&lt;/b&gt;&lt;b&gt;&lt;/b&gt;&lt;b&gt;&lt;/b&gt;&lt;b&gt;&lt;/b&gt;&lt;b&gt;&lt;/b&gt;&lt;b&gt;&lt;/b&gt;&lt;b&gt;&lt;/b&gt;&lt;b&gt;&lt;/b&gt;&lt;b&gt;&lt;/b&gt;&lt;b&gt;&lt;/b&gt;&lt;b&gt;&lt;/b&gt;&lt;b&gt;&lt;/b&gt;&lt;b&gt;&lt;/b&gt;&lt;b&gt;&lt;/b&gt;&lt;b&gt;&lt;/b&gt;&lt;b&gt;&lt;/b&gt;&lt;b&gt;&lt;/b&gt;&lt;b&gt;&lt;/b&gt;&lt;b&gt;&lt;/b&gt;&lt;b&gt;&lt;/b&gt;&lt;b&gt;&lt;/b&gt;&lt;b&gt;&lt;/b&gt;&lt;b&gt;&lt;/b&gt;&lt;b&gt;&lt;/b&gt;&lt;b&gt;&lt;/b&gt;&lt;b&gt;&lt;/b&gt;&lt;b&gt;&lt;/b&gt;&lt;b&gt;&lt;/b&gt;&lt;b&gt;&lt;/b&gt;&lt;b&gt;&lt;/b&gt;&lt;b&gt;&lt;/b&gt;&lt;b&gt;&lt;/b&gt;&lt;b&gt;&lt;/b&gt;&lt;b&gt;&lt;/b&gt;&lt;b&gt;&lt;/b&gt;&lt;b&gt;&lt;/b&gt;&lt;b&gt;&lt;/b&gt;&lt;b&gt;&lt;/b&gt;&lt;b&gt;&lt;/b&gt;&lt;b&gt;&lt;/b&gt;&lt;b&gt;&lt;/b&gt;&lt;b&gt;&lt;/b&gt;&lt;b&gt;&lt;/b&gt;&lt;b&gt;&lt;/b&gt;&lt;b&gt;&lt;/b&gt;&lt;b&gt;&lt;/b&gt;&lt;b&gt;&lt;/b&gt;&lt;b&gt;&lt;/b&gt;&lt;b&gt;&lt;/b&gt;&lt;b&gt;&lt;/b&gt;&lt;b&gt;&lt;/b&gt;&lt;b&gt;&lt;/b&gt;&lt;b&gt;&lt;/b&gt;&lt;b&gt;&lt;/b&gt;&lt;b&gt;&lt;/b&gt;&lt;b&gt;&lt;/b&gt;&lt;b&gt;&lt;/b&gt;&lt;b&gt;&lt;/b&gt;&lt;b&gt;&lt;/b&gt;&lt;b&gt;&lt;/b&gt;&lt;b&gt;&lt;/b&gt;&lt;b&gt;&lt;/b&gt;&lt;b&gt;&lt;/b&gt;&lt;b&gt;&lt;/b&gt;&lt;b&gt;&lt;/b&gt;&lt;b&gt;&lt;/b&gt;&lt;b&gt;&lt;/b&gt;&lt;b&gt;&lt;/b&gt;&lt;b&gt;&lt;/b&gt;&lt;b&gt;&lt;/b&gt;&lt;b&gt;&lt;/b&gt;&lt;b&gt;&lt;/b&gt;&lt;b&gt;&lt;/b&gt;&lt;b&gt;&lt;/b&gt;&lt;b&gt;&lt;/b&gt;&lt;b&gt;&lt;/b&gt;&lt;b&gt;&lt;/b&gt;&lt;b&gt;&lt;/b&gt;&lt;b&gt;&lt;/b&gt;&lt;b&gt;&lt;/b&gt;&lt;b&gt;&lt;/b&gt;&lt;b&gt;&lt;/b&gt;&lt;b&gt;&lt;/b&gt;&lt;b&gt;&lt;/b&gt;&lt;b&gt;&lt;/b&gt;&lt;b&gt;&lt;/b&gt;&lt;b&gt;&lt;/b&gt;&lt;b&gt;&lt;/b&gt;&lt;b&gt;&lt;/b&gt;&lt;b&gt;&lt;/b&gt;&lt;b&gt;&lt;/b&gt;&lt;b&gt;&lt;/b&gt;&lt;b&gt;&lt;/b&gt;&lt;b&gt;&lt;/b&gt;&lt;b&gt;&lt;/b&gt;&lt;b&gt;&lt;/b&gt;&lt;b&gt;&lt;/b&gt;&lt;b&gt;&lt;/b&gt;&lt;b&gt;&lt;/b&gt;&lt;b&gt;&lt;/b&gt;&lt;b&gt;&lt;/b&gt;&lt;b&gt;&lt;/b&gt;&lt;b&gt;&lt;/b&gt;&lt;b&gt;&lt;/b&gt;&lt;b&gt;&lt;/b&gt;&lt;b&gt;&lt;/b&gt;&lt;b&gt;&lt;/b&gt;&lt;b&gt;&lt;/b&gt;&lt;b&gt;&lt;/b&gt;&lt;b&gt;&lt;/b&gt;&lt;b&gt;&lt;/b&gt;&lt;b&gt;&lt;/b&gt;&lt;b&gt;&lt;/b&gt;&lt;b&gt;&lt;/b&gt;&lt;b&gt;&lt;/b&gt;&lt;b&gt;&lt;/b&gt;&lt;b&gt;&lt;/b&gt;&lt;b&gt;&lt;/b&gt;&lt;b&gt;&lt;/b&gt;&lt;b&gt;&lt;/b&gt;&lt;b&gt;&lt;/b&gt;&lt;b&gt;&lt;/b&gt;&lt;b&gt;&lt;/b&gt;&lt;b&gt;&lt;/b&gt;&lt;b&gt;&lt;/b&gt;&lt;b&gt;&lt;/b&gt;&lt;b&gt;&lt;/b&gt;&lt;b&gt;&lt;/b&gt;&lt;b&gt;&lt;/b&gt;&lt;b&gt;&lt;/b&gt;&lt;b&gt;&lt;/b&gt;&lt;b&gt;&lt;/b&gt;&lt;b&gt;&lt;/b&gt;&lt;b&gt;&lt;/b&gt;&lt;b&gt;&lt;/b&gt;&lt;b&gt;&lt;/b&gt;&lt;b&gt;&lt;/b&gt;&lt;b&gt;&lt;/b&gt;&lt;b&gt;&lt;/b&gt;&lt;b&gt;&lt;/b&gt;&lt;b&gt;&lt;/b&gt;&lt;b&gt;&lt;/b&gt;&lt;b&gt;&lt;/b&gt;&lt;b&gt;&lt;/b&gt;&lt;b&gt;&lt;/b&gt;&lt;b&gt;&lt;/b&gt;&lt;b&gt;&lt;/b&gt;&lt;b&gt;&lt;/b&gt;&lt;b&gt;&lt;/b&gt;&lt;b&gt;&lt;/b&gt;&lt;b&gt;&lt;/b&gt;&lt;b&gt;&lt;/b&gt;&lt;b&gt;&lt;/b&gt;&lt;b&gt;&lt;/b&gt;&lt;b&gt;&lt;/b&gt;&lt;b&gt;&lt;/b&gt;&lt;b&gt;&lt;/b&gt;&lt;b&gt;&lt;/b&gt;&lt;b&gt;&lt;/b&gt;&lt;b&gt;&lt;/b&gt;&lt;b&gt;&lt;/b&gt;&lt;b&gt;&lt;/b&gt;&lt;b&gt;&lt;/b&gt;&lt;b&gt;&lt;/b&gt;&lt;b&gt;&lt;/b&gt;&lt;b&gt;&lt;/b&gt;&lt;b&gt;&lt;/b&gt;&lt;b&gt;&lt;/b&gt;&lt;b&gt;&lt;/b&gt;&lt;b&gt;&lt;/b&gt;&lt;b&gt;&lt;/b&gt;&lt;b&gt;&lt;/b&gt;&lt;b&gt;&lt;/b&gt;&lt;b&gt;&lt;/b&gt;&lt;b&gt;&lt;/b&gt;&lt;b&gt;&lt;/b&gt;&lt;b&gt;&lt;/b&gt;&lt;b&gt;&lt;/b&gt;&lt;b&gt;&lt;/b&gt;&lt;b&gt;&lt;/b&gt;&lt;b&gt;&lt;/b&gt;&lt;b&gt;&lt;/b&gt;&lt;b&gt;&lt;/b&gt;&lt;b&gt;&lt;/b&gt;&lt;b&gt;&lt;/b&gt;&lt;b&gt;&lt;/b&gt;&lt;b&gt;&lt;/b&gt;&lt;b&gt;&lt;/b&gt;&lt;b&gt;&lt;/b&gt;&lt;b&gt;&lt;/b&gt;&lt;b&gt;&lt;/b&gt;&lt;b&gt;&lt;/b&gt;&lt;b&gt;&lt;/b&gt;&lt;b&gt;&lt;/b&gt;&lt;b&gt;&lt;/b&gt;&lt;b&gt;&lt;/b&gt;&lt;b&gt;&lt;/b&gt;&lt;b&gt;&lt;/b&gt;&lt;b&gt;&lt;/b&gt;&lt;b&gt;&lt;/b&gt;&lt;b&gt;&lt;/b&gt;&lt;b&gt;&lt;/b&gt;&lt;b&gt;&lt;/b&gt;&lt;b&gt;&lt;/b&gt;&lt;b&gt;&lt;/b&gt;&lt;b&gt;&lt;/b&gt;&lt;b&gt;&lt;/b&gt;&lt;b&gt;&lt;/b&gt;&lt;b&gt;&lt;/b&gt;&lt;b&gt;&lt;/b&gt;&lt;b&gt;&lt;/b&gt;&lt;b&gt;&lt;/b&gt;&lt;b&gt;&lt;/b&gt;&lt;b&gt;&lt;/b&gt;&lt;b&gt;&lt;/b&gt;&lt;b&gt;&lt;/b&gt;&lt;b&gt;&lt;/b&gt;&lt;b&gt;&lt;/b&gt;&lt;b&gt;&lt;/b&gt;&lt;b&gt;&lt;/b&gt;&lt;b&gt;&lt;/b&gt;&lt;b&gt;&lt;/b&gt;&lt;b&gt;&lt;/b&gt;&lt;b&gt;&lt;/b&gt;&lt;b&gt;&lt;/b&gt;&lt;b&gt;&lt;/b&gt;&lt;b&gt;&lt;/b&gt;&lt;b&gt;&lt;/b&gt;&lt;b&gt;&lt;/b&gt;&lt;b&gt;&lt;/b&gt;&lt;b&gt;&lt;/b&gt;&lt;b&gt;&lt;/b&gt;&lt;b&gt;&lt;/b&gt;&lt;b&gt;&lt;/b&gt;&lt;b&gt;&lt;/b&gt;&lt;b&gt;&lt;/b&gt;&lt;b&gt;&lt;/b&gt;&lt;b&gt;&lt;/b&gt;&lt;b&gt;&lt;/b&gt;&lt;b&gt;&lt;/b&gt;&lt;b&gt;&lt;/b&gt;&lt;b&gt;&lt;/b&gt;&lt;b&gt;&lt;/b&gt;&lt;b&gt;&lt;/b&gt;&lt;b&gt;&lt;/b&gt;&lt;b&gt;&lt;/b&gt;&lt;b&gt;&lt;/b&gt;&lt;b&gt;&lt;/b&gt;&lt;b&gt;&lt;/b&gt;&lt;b&gt;&lt;/b&gt;&lt;b&gt;&lt;/b&gt;&lt;b&gt;&lt;/b&gt;&lt;b&gt;&lt;/b&gt;&lt;b&gt;&lt;/b&gt;&lt;b&gt;&lt;/b&gt;&lt;b&gt;&lt;/b&gt;&lt;b&gt;&lt;/b&gt;&lt;b&gt;&lt;/b&gt;&lt;b&gt;&lt;/b&gt;&lt;b&gt;&lt;/b&gt;&lt;b&gt;&lt;/b&gt;&lt;b&gt;&lt;/b&gt;&lt;b&gt;&lt;/b&gt;&lt;b&gt;&lt;/b&gt;&lt;b&gt;&lt;/b&gt;&lt;b&gt;&lt;/b&gt;&lt;b&gt;&lt;/b&gt;&lt;b&gt;&lt;/b&gt;&lt;b&gt;&lt;/b&gt;&lt;b&gt;&lt;/b&gt;&lt;b&gt;&lt;/b&gt;&lt;b&gt;&lt;/b&gt;&lt;b&gt;&lt;/b&gt;&lt;b&gt;&lt;/b&gt;&lt;b&gt;&lt;/b&gt;&lt;b&gt;&lt;/b&gt;&lt;b&gt;&lt;/b&gt;&lt;b&gt;&lt;/b&gt;&lt;b&gt;&lt;/b&gt;&lt;b&gt;&lt;/b&gt;&lt;b&gt;&lt;/b&gt;&lt;b&gt;&lt;/b&gt;&lt;b&gt;&lt;/b&gt;&lt;b&gt;&lt;/b&gt;&lt;b&gt;&lt;/b&gt;&lt;b&gt;&lt;/b&gt;&lt;b&gt;&lt;/b&gt;&lt;b&gt;&lt;/b&gt;&lt;b&gt;&lt;/b&gt;&lt;b&gt;&lt;/b&gt;&lt;b&gt;&lt;/b&gt;&lt;b&gt;&lt;/b&gt;&lt;b&gt;&lt;/b&gt;&lt;b&gt;&lt;/b&gt;&lt;b&gt;&lt;/b&gt;&lt;b&gt;&lt;/b&gt;&lt;b&gt;&lt;/b&gt;&lt;b&gt;&lt;/b&gt;&lt;b&gt;&lt;/b&gt;&lt;b&gt;&lt;/b&gt;&lt;b&gt;&lt;/b&gt;&lt;b&gt;&lt;/b&gt;&lt;b&gt;&lt;/b&gt;&lt;b&gt;&lt;/b&gt;&lt;b&gt;&lt;/b&gt;&lt;b&gt;&lt;/b&gt;&lt;b&gt;&lt;/b&gt;&lt;b&gt;&lt;/b&gt;&lt;b&gt;&lt;/b&gt;&lt;b&gt;&lt;/b&gt;&lt;b&gt;&lt;/b&gt;&lt;b&gt;&lt;/b&gt;&lt;b&gt;&lt;/b&gt;&lt;b&gt;&lt;/b&gt;&lt;b&gt;&lt;/b&gt;&lt;b&gt;&lt;/b&gt;&lt;b&gt;&lt;/b&gt;&lt;b&gt;&lt;/b&gt;&lt;b&gt;&lt;/b&gt;&lt;b&gt;&lt;/b&gt;&lt;b&gt;&lt;/b&gt;&lt;b&gt;&lt;/b&gt;&lt;b&gt;&lt;/b&gt;&lt;b&gt;&lt;/b&gt;&lt;b&gt;&lt;/b&gt;&lt;b&gt;&lt;/b&gt;&lt;b&gt;&lt;/b&gt;&lt;b&gt;&lt;br /&gt;&lt;a class=&quot;external&quot; href=&quot;https://www.deviantart.com/users/outgoing?https://www.patreon.com/user?u=457132&amp;amp;ty=c&quot;&gt;Patreon&lt;/a&gt;&lt;br /&gt;&lt;img src=&quot;https://e.deviantart.net/emoticons/b/bulletgreen.gif&quot; width=&quot;10&quot; height=&quot;10&quot; alt=&quot;:bulletgreen:&quot; data-embed-type=&quot;emoticon&quot; data-embed-id=&quot;209&quot; title=&quot;Bullet; Green&quot;/&gt; &lt;b&gt;Other sites to follow my work&lt;/b&gt;&lt;b&gt;&lt;/b&gt;&lt;b&gt;&lt;/b&gt;&lt;b&gt;&lt;/b&gt;&lt;b&gt;&lt;/b&gt;&lt;b&gt;&lt;/b&gt;&lt;b&gt;&lt;/b&gt;&lt;b&gt;&lt;/b&gt;&lt;b&gt;&lt;/b&gt;&lt;b&gt;&lt;/b&gt;&lt;b&gt;&lt;/b&gt;&lt;b&gt;&lt;/b&gt;&lt;b&gt;&lt;/b&gt;&lt;b&gt;&lt;/b&gt;&lt;b&gt;&lt;/b&gt;&lt;b&gt;&lt;/b&gt;&lt;b&gt;&lt;/b&gt;&lt;b&gt;&lt;/b&gt;&lt;b&gt;&lt;/b&gt;&lt;b&gt;&lt;/b&gt;&lt;b&gt;&lt;/b&gt;&lt;b&gt;&lt;/b&gt;&lt;b&gt;&lt;/b&gt;&lt;b&gt;&lt;/b&gt;&lt;b&gt;&lt;/b&gt;&lt;b&gt;&lt;/b&gt;&lt;b&gt;&lt;/b&gt;&lt;b&gt;&lt;/b&gt;&lt;b&gt;&lt;/b&gt;&lt;b&gt;&lt;/b&gt;&lt;b&gt;&lt;/b&gt;&lt;b&gt;&lt;/b&gt;&lt;b&gt;&lt;/b&gt;&lt;b&gt;&lt;/b&gt;&lt;b&gt;&lt;/b&gt;&lt;b&gt;&lt;/b&gt;&lt;b&gt;&lt;/b&gt;&lt;b&gt;&lt;/b&gt;&lt;b&gt;&lt;/b&gt;&lt;b&gt;&lt;/b&gt;&lt;b&gt;&lt;/b&gt;&lt;b&gt;&lt;/b&gt;&lt;b&gt;&lt;/b&gt;&lt;b&gt;&lt;/b&gt;&lt;b&gt;&lt;/b&gt;&lt;b&gt;&lt;/b&gt;&lt;b&gt;&lt;/b&gt;&lt;b&gt;&lt;/b&gt;&lt;b&gt;&lt;/b&gt;&lt;b&gt;&lt;/b&gt;&lt;b&gt;&lt;/b&gt;&lt;b&gt;&lt;/b&gt;&lt;b&gt;&lt;/b&gt;&lt;b&gt;&lt;/b&gt;&lt;b&gt;&lt;/b&gt;&lt;b&gt;&lt;/b&gt;&lt;b&gt;&lt;/b&gt;&lt;b&gt;&lt;/b&gt;&lt;b&gt;&lt;/b&gt;&lt;b&gt;&lt;/b&gt;&lt;b&gt;&lt;/b&gt;&lt;b&gt;&lt;/b&gt;&lt;b&gt;&lt;/b&gt;&lt;b&gt;&lt;/b&gt;&lt;b&gt;&lt;/b&gt;&lt;b&gt;&lt;/b&gt;&lt;b&gt;&lt;/b&gt;&lt;b&gt;&lt;/b&gt;&lt;b&gt;&lt;/b&gt;&lt;b&gt;&lt;/b&gt;&lt;b&gt;&lt;/b&gt;&lt;b&gt;&lt;/b&gt;&lt;b&gt;&lt;/b&gt;&lt;b&gt;&lt;/b&gt;&lt;b&gt;&lt;/b&gt;&lt;b&gt;&lt;/b&gt;&lt;b&gt;&lt;/b&gt;&lt;b&gt;&lt;/b&gt;&lt;b&gt;&lt;/b&gt;&lt;b&gt;&lt;/b&gt;&lt;b&gt;&lt;/b&gt;&lt;b&gt;&lt;/b&gt;&lt;b&gt;&lt;/b&gt;&lt;b&gt;&lt;/b&gt;&lt;b&gt;&lt;/b&gt;&lt;b&gt;&lt;/b&gt;&lt;b&gt;&lt;/b&gt;&lt;b&gt;&lt;/b&gt;&lt;b&gt;&lt;/b&gt;&lt;b&gt;&lt;/b&gt;&lt;b&gt;&lt;/b&gt;&lt;b&gt;&lt;/b&gt;&lt;b&gt;&lt;/b&gt;&lt;b&gt;&lt;/b&gt;&lt;b&gt;&lt;/b&gt;&lt;b&gt;&lt;/b&gt;&lt;b&gt;&lt;/b&gt;&lt;b&gt;&lt;/b&gt;&lt;b&gt;&lt;/b&gt;&lt;b&gt;&lt;/b&gt;&lt;b&gt;&lt;/b&gt;&lt;b&gt;&lt;/b&gt;&lt;b&gt;&lt;/b&gt;&lt;b&gt;&lt;/b&gt;&lt;b&gt;&lt;/b&gt;&lt;b&gt;&lt;/b&gt;&lt;b&gt;&lt;/b&gt;&lt;b&gt;&lt;/b&gt;&lt;b&gt;&lt;/b&gt;&lt;b&gt;&lt;/b&gt;&lt;b&gt;&lt;/b&gt;&lt;b&gt;&lt;/b&gt;&lt;b&gt;&lt;/b&gt;&lt;b&gt;&lt;/b&gt;&lt;b&gt;&lt;/b&gt;&lt;b&gt;&lt;/b&gt;&lt;b&gt;&lt;/b&gt;&lt;b&gt;&lt;/b&gt;&lt;b&gt;&lt;/b&gt;&lt;b&gt;&lt;/b&gt;&lt;b&gt;&lt;/b&gt;&lt;b&gt;&lt;/b&gt;&lt;b&gt;&lt;/b&gt;&lt;b&gt;&lt;/b&gt;&lt;b&gt;&lt;/b&gt;&lt;b&gt;&lt;/b&gt;&lt;b&gt;&lt;/b&gt;&lt;b&gt;&lt;/b&gt;&lt;b&gt;&lt;/b&gt;&lt;b&gt;&lt;/b&gt;&lt;b&gt;&lt;/b&gt;&lt;b&gt;&lt;/b&gt;&lt;b&gt;&lt;/b&gt;&lt;b&gt;&lt;/b&gt;&lt;b&gt;&lt;/b&gt;&lt;b&gt;&lt;/b&gt;&lt;b&gt;&lt;/b&gt;&lt;b&gt;&lt;/b&gt;&lt;b&gt;&lt;/b&gt;&lt;b&gt;&lt;/b&gt;&lt;b&gt;&lt;/b&gt;&lt;b&gt;&lt;/b&gt;&lt;b&gt;&lt;/b&gt;&lt;b&gt;&lt;/b&gt;&lt;b&gt;&lt;/b&gt;&lt;b&gt;&lt;/b&gt;&lt;b&gt;&lt;/b&gt;&lt;b&gt;&lt;/b&gt;&lt;b&gt;&lt;/b&gt;&lt;b&gt;&lt;/b&gt;&lt;b&gt;&lt;/b&gt;&lt;b&gt;&lt;/b&gt;&lt;b&gt;&lt;/b&gt;&lt;b&gt;&lt;/b&gt;&lt;b&gt;&lt;/b&gt;&lt;b&gt;&lt;/b&gt;&lt;b&gt;&lt;/b&gt;&lt;b&gt;&lt;/b&gt;&lt;b&gt;&lt;/b&gt;&lt;b&gt;&lt;/b&gt;&lt;b&gt;&lt;/b&gt;&lt;b&gt;&lt;/b&gt;&lt;b&gt;&lt;/b&gt;&lt;b&gt;&lt;/b&gt;&lt;b&gt;&lt;/b&gt;&lt;b&gt;&lt;/b&gt;&lt;b&gt;&lt;/b&gt;&lt;b&gt;&lt;/b&gt;&lt;b&gt;&lt;/b&gt;&lt;b&gt;&lt;/b&gt;&lt;b&gt;&lt;/b&gt;&lt;b&gt;&lt;/b&gt;&lt;b&gt;&lt;/b&gt;&lt;b&gt;&lt;/b&gt;&lt;b&gt;&lt;/b&gt;&lt;b&gt;&lt;/b&gt;&lt;b&gt;&lt;/b&gt;&lt;b&gt;&lt;/b&gt;&lt;b&gt;&lt;/b&gt;&lt;b&gt;&lt;/b&gt;&lt;b&gt;&lt;/b&gt;&lt;b&gt;&lt;/b&gt;&lt;b&gt;&lt;/b&gt;&lt;b&gt;&lt;/b&gt;&lt;b&gt;&lt;/b&gt;&lt;b&gt;&lt;/b&gt;&lt;b&gt;&lt;/b&gt;&lt;b&gt;&lt;/b&gt;&lt;b&gt;&lt;/b&gt;&lt;b&gt;&lt;/b&gt;&lt;b&gt;&lt;/b&gt;&lt;b&gt;&lt;/b&gt;&lt;b&gt;&lt;/b&gt;&lt;b&gt;&lt;/b&gt;&lt;b&gt;&lt;/b&gt;&lt;b&gt;&lt;/b&gt;&lt;b&gt;&lt;/b&gt;&lt;b&gt;&lt;/b&gt;&lt;b&gt;&lt;/b&gt;&lt;b&gt;&lt;/b&gt;&lt;b&gt;&lt;/b&gt;&lt;b&gt;&lt;/b&gt;&lt;b&gt;&lt;/b&gt;&lt;b&gt;&lt;/b&gt;&lt;b&gt;&lt;/b&gt;&lt;b&gt;&lt;/b&gt;&lt;b&gt;&lt;/b&gt;&lt;b&gt;&lt;/b&gt;&lt;b&gt;&lt;/b&gt;&lt;b&gt;&lt;/b&gt;&lt;b&gt;&lt;/b&gt;&lt;b&gt;&lt;/b&gt;&lt;b&gt;&lt;/b&gt;&lt;b&gt;&lt;/b&gt;&lt;b&gt;&lt;/b&gt;&lt;b&gt;&lt;/b&gt;&lt;b&gt;&lt;/b&gt;&lt;b&gt;&lt;/b&gt;&lt;b&gt;&lt;/b&gt;&lt;b&gt;&lt;/b&gt;&lt;b&gt;&lt;/b&gt;&lt;b&gt;&lt;/b&gt;&lt;b&gt;&lt;/b&gt;&lt;b&gt;&lt;/b&gt;&lt;b&gt;&lt;/b&gt;&lt;b&gt;&lt;/b&gt;&lt;b&gt;&lt;/b&gt;&lt;b&gt;&lt;/b&gt;&lt;b&gt;&lt;/b&gt;&lt;b&gt;&lt;/b&gt;&lt;b&gt;&lt;/b&gt;&lt;b&gt;&lt;/b&gt;&lt;b&gt;&lt;/b&gt;&lt;b&gt;&lt;/b&gt;&lt;b&gt;&lt;/b&gt;&lt;b&gt;&lt;/b&gt;&lt;b&gt;&lt;/b&gt;&lt;b&gt;&lt;/b&gt;&lt;b&gt;&lt;/b&gt;&lt;b&gt;&lt;/b&gt;&lt;b&gt;&lt;/b&gt;&lt;b&gt;&lt;/b&gt;&lt;b&gt;&lt;/b&gt;&lt;b&gt;&lt;/b&gt;&lt;b&gt;&lt;/b&gt;&lt;b&gt;&lt;/b&gt;&lt;b&gt;&lt;/b&gt;&lt;b&gt;&lt;/b&gt;&lt;b&gt;&lt;/b&gt;&lt;b&gt;&lt;/b&gt;&lt;b&gt;&lt;/b&gt;&lt;b&gt;&lt;/b&gt;&lt;b&gt;&lt;/b&gt;&lt;b&gt;&lt;/b&gt;&lt;b&gt;&lt;/b&gt;&lt;b&gt;&lt;/b&gt;&lt;b&gt;&lt;/b&gt;&lt;b&gt;&lt;/b&gt;&lt;b&gt;&lt;/b&gt;&lt;b&gt;&lt;/b&gt;&lt;b&gt;&lt;/b&gt;&lt;b&gt;&lt;/b&gt;&lt;b&gt;&lt;/b&gt;&lt;b&gt;&lt;/b&gt;&lt;b&gt;&lt;/b&gt;&lt;b&gt;&lt;/b&gt;&lt;b&gt;&lt;/b&gt;&lt;b&gt;&lt;/b&gt;&lt;b&gt;&lt;/b&gt;&lt;b&gt;&lt;/b&gt;&lt;b&gt;&lt;/b&gt;&lt;b&gt;&lt;/b&gt;&lt;b&gt;&lt;/b&gt;&lt;b&gt;&lt;/b&gt;&lt;b&gt;&lt;/b&gt;&lt;b&gt;&lt;/b&gt;&lt;b&gt;&lt;/b&gt;&lt;b&gt;&lt;/b&gt;&lt;b&gt;&lt;/b&gt;&lt;b&gt;&lt;/b&gt;&lt;b&gt;&lt;/b&gt;&lt;b&gt;&lt;/b&gt;&lt;b&gt;&lt;/b&gt;&lt;b&gt;&lt;/b&gt;&lt;b&gt;&lt;/b&gt;&lt;b&gt;&lt;/b&gt;&lt;b&gt;&lt;/b&gt;&lt;b&gt;&lt;/b&gt;&lt;b&gt;&lt;/b&gt;&lt;b&gt;&lt;/b&gt;&lt;b&gt;&lt;/b&gt;&lt;b&gt;&lt;/b&gt;&lt;b&gt;&lt;/b&gt;&lt;b&gt;&lt;/b&gt;&lt;b&gt;&lt;/b&gt;&lt;b&gt;&lt;/b&gt;&lt;b&gt;&lt;/b&gt;&lt;b&gt;&lt;/b&gt;&lt;b&gt;&lt;/b&gt;&lt;b&gt;&lt;/b&gt;&lt;b&gt;&lt;/b&gt;&lt;b&gt;&lt;/b&gt;&lt;b&gt;&lt;/b&gt;&lt;b&gt;&lt;/b&gt;&lt;b&gt;&lt;/b&gt;&lt;b&gt;&lt;/b&gt;&lt;b&gt;&lt;/b&gt;&lt;b&gt;&lt;/b&gt;&lt;b&gt;&lt;/b&gt;&lt;b&gt;&lt;/b&gt;&lt;b&gt;&lt;/b&gt;&lt;b&gt;&lt;/b&gt;&lt;b&gt;&lt;/b&gt;&lt;b&gt;&lt;/b&gt;&lt;b&gt;&lt;/b&gt;&lt;b&gt;&lt;/b&gt;&lt;b&gt;&lt;/b&gt;&lt;b&gt;&lt;/b&gt;&lt;b&gt;&lt;/b&gt;&lt;b&gt;&lt;/b&gt;&lt;b&gt;&lt;/b&gt;&lt;b&gt;&lt;/b&gt;&lt;b&gt;&lt;/b&gt;&lt;b&gt;&lt;/b&gt;&lt;b&gt;&lt;/b&gt;&lt;b&gt;&lt;/b&gt;&lt;b&gt;&lt;/b&gt;&lt;b&gt;&lt;/b&gt;&lt;b&gt;&lt;/b&gt;&lt;b&gt;&lt;/b&gt;&lt;b&gt;&lt;/b&gt;&lt;b&gt;&lt;/b&gt;&lt;b&gt;&lt;/b&gt;&lt;b&gt;&lt;/b&gt;&lt;b&gt;&lt;/b&gt;&lt;b&gt;&lt;/b&gt;&lt;b&gt;&lt;/b&gt;&lt;b&gt;&lt;/b&gt;&lt;b&gt;&lt;/b&gt;&lt;b&gt;&lt;/b&gt;&lt;b&gt;&lt;/b&gt;&lt;b&gt;&lt;/b&gt;&lt;b&gt;&lt;/b&gt;&lt;b&gt;&lt;/b&gt;&lt;b&gt;&lt;/b&gt;&lt;b&gt;&lt;/b&gt;&lt;b&gt;&lt;/b&gt;&lt;b&gt;&lt;/b&gt;&lt;b&gt;&lt;/b&gt;&lt;b&gt;&lt;/b&gt;&lt;b&gt;&lt;/b&gt;&lt;b&gt;&lt;/b&gt;&lt;b&gt;&lt;/b&gt;&lt;b&gt;&lt;/b&gt;&lt;b&gt;&lt;/b&gt;&lt;b&gt;&lt;/b&gt;&lt;b&gt;&lt;/b&gt;&lt;b&gt;&lt;/b&gt;&lt;b&gt;&lt;/b&gt;&lt;b&gt;&lt;/b&gt;&lt;b&gt;&lt;/b&gt;&lt;b&gt;&lt;/b&gt;&lt;b&gt;&lt;/b&gt;&lt;b&gt;&lt;/b&gt;&lt;b&gt;&lt;/b&gt;&lt;b&gt;&lt;/b&gt;&lt;b&gt;&lt;/b&gt;&lt;b&gt;&lt;/b&gt;&lt;b&gt;&lt;/b&gt;&lt;b&gt;&lt;/b&gt;&lt;b&gt;&lt;/b&gt;&lt;b&gt;&lt;/b&gt;&lt;b&gt;&lt;/b&gt;&lt;b&gt;&lt;/b&gt;&lt;b&gt;&lt;/b&gt;&lt;b&gt;&lt;/b&gt;&lt;b&gt;&lt;/b&gt;&lt;b&gt;&lt;/b&gt;&lt;b&gt;&lt;/b&gt;&lt;b&gt;&lt;/b&gt;&lt;b&gt;&lt;/b&gt;&lt;b&gt;&lt;/b&gt;&lt;b&gt;&lt;/b&gt;&lt;b&gt;&lt;/b&gt;&lt;b&gt;&lt;/b&gt;&lt;b&gt;&lt;/b&gt;&lt;b&gt;&lt;/b&gt;&lt;b&gt;&lt;/b&gt;&lt;b&gt;&lt;/b&gt;&lt;b&gt;&lt;/b&gt;&lt;b&gt;&lt;/b&gt;&lt;b&gt;&lt;/b&gt;&lt;b&gt;&lt;/b&gt;&lt;b&gt;&lt;/b&gt;&lt;b&gt;&lt;/b&gt;&lt;b&gt;&lt;/b&gt;&lt;b&gt;&lt;/b&gt;&lt;b&gt;&lt;/b&gt;&lt;b&gt;&lt;/b&gt;&lt;b&gt;&lt;/b&gt;&lt;b&gt;&lt;/b&gt;&lt;b&gt;&lt;/b&gt;&lt;b&gt;&lt;/b&gt;&lt;b&gt;&lt;/b&gt;&lt;b&gt;&lt;/b&gt;&lt;b&gt;&lt;/b&gt;&lt;b&gt;&lt;/b&gt;&lt;b&gt;&lt;/b&gt;&lt;b&gt;&lt;/b&gt;&lt;b&gt;&lt;/b&gt;&lt;b&gt;&lt;/b&gt;&lt;b&gt;&lt;/b&gt;&lt;b&gt;&lt;/b&gt;&lt;b&gt;&lt;/b&gt;&lt;b&gt;&lt;/b&gt;&lt;b&gt;&lt;/b&gt;&lt;b&gt;&lt;/b&gt;&lt;b&gt;&lt;/b&gt;&lt;b&gt;&lt;/b&gt;&lt;b&gt;&lt;/b&gt;&lt;b&gt;&lt;/b&gt;&lt;b&gt;&lt;/b&gt;&lt;b&gt;&lt;/b&gt;&lt;b&gt;&lt;/b&gt;&lt;b&gt;&lt;/b&gt;&lt;b&gt;&lt;/b&gt;&lt;b&gt;&lt;/b&gt;&lt;b&gt;&lt;/b&gt;&lt;b&gt;&lt;/b&gt;&lt;b&gt;&lt;/b&gt;&lt;b&gt;&lt;/b&gt;&lt;b&gt;&lt;/b&gt;&lt;b&gt;&lt;/b&gt;&lt;b&gt;&lt;/b&gt;&lt;b&gt;&lt;/b&gt;&lt;b&gt;&lt;/b&gt;&lt;b&gt;&lt;/b&gt;&lt;b&gt;&lt;/b&gt;&lt;b&gt;&lt;/b&gt;&lt;b&gt;&lt;/b&gt;&lt;b&gt;&lt;/b&gt;&lt;b&gt;&lt;/b&gt;&lt;b&gt;&lt;/b&gt;&lt;b&gt;&lt;/b&gt;&lt;b&gt;&lt;/b&gt;&lt;b&gt;&lt;/b&gt;&lt;b&gt;&lt;/b&gt;&lt;b&gt;&lt;/b&gt;&lt;b&gt;&lt;/b&gt;&lt;b&gt;&lt;/b&gt;&lt;b&gt;&lt;/b&gt;&lt;b&gt;&lt;/b&gt;&lt;b&gt;&lt;/b&gt;&lt;b&gt;&lt;/b&gt;&lt;b&gt;&lt;/b&gt;&lt;b&gt;&lt;/b&gt;&lt;b&gt;&lt;/b&gt;&lt;b&gt;&lt;/b&gt;&lt;b&gt;&lt;/b&gt;&lt;b&gt;&lt;/b&gt;&lt;b&gt;&lt;/b&gt;&lt;b&gt;&lt;/b&gt;&lt;b&gt;&lt;/b&gt;&lt;b&gt;&lt;/b&gt;&lt;b&gt;&lt;/b&gt;&lt;b&gt;&lt;/b&gt;&lt;b&gt;&lt;/b&gt;&lt;b&gt;&lt;/b&gt;&lt;b&gt;&lt;/b&gt;&lt;b&gt;&lt;/b&gt;&lt;b&gt;&lt;/b&gt;&lt;b&gt;&lt;/b&gt;&lt;b&gt;&lt;/b&gt;&lt;b&gt;&lt;/b&gt;&lt;b&gt;&lt;/b&gt;&lt;b&gt;&lt;/b&gt;&lt;b&gt;&lt;/b&gt;&lt;b&gt;&lt;/b&gt;&lt;b&gt;&lt;/b&gt;&lt;b&gt;&lt;/b&gt;&lt;b&gt;&lt;/b&gt;&lt;b&gt;&lt;/b&gt;&lt;b&gt;&lt;/b&gt;&lt;b&gt;&lt;/b&gt;&lt;b&gt;&lt;/b&gt;&lt;b&gt;&lt;/b&gt;&lt;b&gt;&lt;/b&gt;&lt;b&gt;&lt;br /&gt;&lt;img src=&quot;https://e.deviantart.net/emoticons/f/facebook.gif&quot; width=&quot;16&quot; height=&quot;16&quot; alt=&quot;:facebook:&quot; data-embed-type=&quot;emoticon&quot; data-embed-id=&quot;616&quot; title=&quot;Facebook&quot;/&gt; &lt;a class=&quot;external&quot; href=&quot;https://www.deviantart.com/users/outgoing?https://www.facebook.com/CryptidCreations/timeline&quot;&gt;Facebook&lt;/a&gt;&lt;br /&gt;&lt;img src=&quot;https://e.deviantart.net/emoticons/t/twitter_2.gif&quot; width=&quot;16&quot; height=&quot;16&quot; alt=&quot;:twitter:&quot; data-embed-type=&quot;emoticon&quot; data-embed-id=&quot;614&quot; title=&quot;Twitter&quot;/&gt; &lt;a class=&quot;external&quot; href=&quot;https://www.deviantart.com/users/outgoing?https://twitter.com/Piper_Thibodeau&quot;&gt;Twitter&lt;/a&gt;&lt;br /&gt;&lt;img src=&quot;https://e.deviantart.net/emoticons/b/bulletgreen.gif&quot; width=&quot;10&quot; height=&quot;10&quot; alt=&quot;:bulletgreen:&quot; data-embed-type=&quot;emoticon&quot; data-embed-id=&quot;209&quot; title=&quot;Bullet; Green&quot;/&gt; For any business related inquiries please send me an e-mail at cryptidcreations@gmail.com&lt;br /&gt;&lt;/b&gt;&lt;/b&gt;&lt;/b&gt;</media:description>            <media:thumbnail url="https://t00.deviantart.net/z8Dp1_dTalhua74fjKQC34E4mzQ=/fit-in/150x150/filters:no_upscale():origin()/pre00/2237/th/pre/f/2019/029/a/2/daily_paint_2261__igloouana_by_cryptid_creations-dcydq4c.png" height="87" width="150"/>            <media:thumbnail url="https://t00.deviantart.net/it1vd2Waa5q9on6quYx9BvT1AMY=/fit-in/300x900/filters:no_upscale():origin()/pre00/2237/th/pre/f/2019/029/a/2/daily_paint_2261__igloouana_by_cryptid_creations-dcydq4c.png" height="174" width="300"/>            <media:thumbnail url="https://t00.deviantart.net/fdIWfC9Z4vt16Aft5lPTDWPJhLs=/300x200/filters:fixed_height(100,100):origin()/pre00/2237/th/pre/f/2019/029/a/2/daily_paint_2261__igloouana_by_cryptid_creations-dcydq4c.png" height="174" width="300"/>            <media:content url="https://orig00.deviantart.net/6c55/f/2019/029/a/2/daily_paint_2261__igloouana_by_cryptid_creations-dcydq4c.png" height="522" width="898" medium="image"/>            
            <description>&lt;b&gt;&lt;/b&gt;&lt;b&gt;&lt;/b&gt;&lt;b&gt;&lt;/b&gt;&lt;b&gt;&lt;/b&gt;&lt;b&gt;&lt;/b&gt;&lt;b&gt;&lt;/b&gt;&lt;b&gt;&lt;/b&gt;&lt;b&gt;&lt;/b&gt;&lt;b&gt;&lt;/b&gt;&lt;b&gt;&lt;/b&gt;&lt;b&gt;&lt;/b&gt;&lt;b&gt;&lt;/b&gt;&lt;b&gt;&lt;/b&gt;&lt;b&gt;&lt;/b&gt;&lt;b&gt;&lt;/b&gt;&lt;b&gt;&lt;/b&gt;&lt;b&gt;&lt;/b&gt;&lt;b&gt;&lt;/b&gt;&lt;b&gt;&lt;/b&gt;&lt;b&gt;&lt;/b&gt;&lt;b&gt;&lt;/b&gt;&lt;b&gt;&lt;/b&gt;&lt;b&gt;&lt;/b&gt;&lt;b&gt;&lt;/b&gt;&lt;b&gt;&lt;/b&gt;&lt;b&gt;&lt;/b&gt;&lt;b&gt;&lt;/b&gt;&lt;b&gt;&lt;/b&gt;&lt;b&gt;&lt;/b&gt;&lt;b&gt;&lt;/b&gt;&lt;b&gt;&lt;/b&gt;&lt;b&gt;&lt;/b&gt;&lt;b&gt;&lt;/b&gt;&lt;b&gt;&lt;/b&gt;&lt;b&gt;&lt;/b&gt;&lt;b&gt;&lt;/b&gt;&lt;b&gt;&lt;/b&gt;&lt;b&gt;&lt;/b&gt;&lt;b&gt;&lt;/b&gt;&lt;b&gt;&lt;/b&gt;&lt;b&gt;&lt;/b&gt;&lt;b&gt;&lt;/b&gt;&lt;b&gt;&lt;/b&gt;&lt;b&gt;&lt;/b&gt;&lt;b&gt;&lt;/b&gt;&lt;b&gt;&lt;/b&gt;&lt;b&gt;&lt;/b&gt;&lt;b&gt;&lt;/b&gt;&lt;b&gt;&lt;/b&gt;&lt;b&gt;&lt;/b&gt;&lt;b&gt;&lt;/b&gt;&lt;b&gt;&lt;/b&gt;&lt;b&gt;&lt;/b&gt;&lt;b&gt;&lt;/b&gt;&lt;b&gt;&lt;/b&gt;&lt;b&gt;&lt;/b&gt;&lt;b&gt;&lt;/b&gt;&lt;b&gt;&lt;/b&gt;&lt;b&gt;&lt;/b&gt;&lt;b&gt;&lt;/b&gt;&lt;b&gt;&lt;/b&gt;&lt;b&gt;&lt;/b&gt;&lt;b&gt;&lt;/b&gt;&lt;b&gt;&lt;/b&gt;&lt;b&gt;&lt;/b&gt;&lt;b&gt;&lt;/b&gt;&lt;b&gt;&lt;/b&gt;&lt;b&gt;&lt;/b&gt;&lt;b&gt;&lt;/b&gt;&lt;b&gt;&lt;/b&gt;&lt;b&gt;&lt;/b&gt;&lt;b&gt;&lt;/b&gt;&lt;b&gt;&lt;/b&gt;&lt;b&gt;&lt;/b&gt;&lt;b&gt;&lt;/b&gt;&lt;b&gt;&lt;/b&gt;&lt;b&gt;&lt;/b&gt;&lt;b&gt;&lt;/b&gt;&lt;b&gt;&lt;/b&gt;&lt;b&gt;&lt;br /&gt;&lt;a class=&quot;external&quot; href=&quot;https://www.deviantart.com/users/outgoing?http://forgepublishing.com/shop/&quot;&gt;ForgePublishing.com/shop&lt;/a&gt;&lt;br /&gt;&lt;br /&gt;&lt;br /&gt;.&lt;img src=&quot;https://e.deviantart.net/emoticons/b/bulletgreen.gif&quot; width=&quot;10&quot; height=&quot;10&quot; alt=&quot;:bulletgreen:&quot; data-embed-type=&quot;emoticon&quot; data-embed-id=&quot;209&quot; title=&quot;Bullet; Green&quot;/&gt; &lt;b&gt;A big thanks to my Patrons for supporting my work! &lt;img src=&quot;https://e.deviantart.net/emoticons/s/smile.gif&quot; width=&quot;15&quot; height=&quot;15&quot; alt=&quot;:)&quot; data-embed-type=&quot;emoticon&quot; data-embed-id=&quot;391&quot; title=&quot;:) (Smile)&quot;/&gt; For time-lapses, WIP&#039;s and other goodies ---please check out my Patreon.&lt;/b&gt;&lt;b&gt;&lt;/b&gt;&lt;b&gt;&lt;/b&gt;&lt;b&gt;&lt;/b&gt;&lt;b&gt;&lt;/b&gt;&lt;b&gt;&lt;/b&gt;&lt;b&gt;&lt;/b&gt;&lt;b&gt;&lt;/b&gt;&lt;b&gt;&lt;/b&gt;&lt;b&gt;&lt;/b&gt;&lt;b&gt;&lt;/b&gt;&lt;b&gt;&lt;/b&gt;&lt;b&gt;&lt;/b&gt;&lt;b&gt;&lt;/b&gt;&lt;b&gt;&lt;/b&gt;&lt;b&gt;&lt;/b&gt;&lt;b&gt;&lt;/b&gt;&lt;b&gt;&lt;/b&gt;&lt;b&gt;&lt;/b&gt;&lt;b&gt;&lt;/b&gt;&lt;b&gt;&lt;/b&gt;&lt;b&gt;&lt;/b&gt;&lt;b&gt;&lt;/b&gt;&lt;b&gt;&lt;/b&gt;&lt;b&gt;&lt;/b&gt;&lt;b&gt;&lt;/b&gt;&lt;b&gt;&lt;/b&gt;&lt;b&gt;&lt;/b&gt;&lt;b&gt;&lt;/b&gt;&lt;b&gt;&lt;/b&gt;&lt;b&gt;&lt;/b&gt;&lt;b&gt;&lt;/b&gt;&lt;b&gt;&lt;/b&gt;&lt;b&gt;&lt;/b&gt;&lt;b&gt;&lt;/b&gt;&lt;b&gt;&lt;/b&gt;&lt;b&gt;&lt;/b&gt;&lt;b&gt;&lt;/b&gt;&lt;b&gt;&lt;/b&gt;&lt;b&gt;&lt;/b&gt;&lt;b&gt;&lt;/b&gt;&lt;b&gt;&lt;/b&gt;&lt;b&gt;&lt;/b&gt;&lt;b&gt;&lt;/b&gt;&lt;b&gt;&lt;/b&gt;&lt;b&gt;&lt;/b&gt;&lt;b&gt;&lt;/b&gt;&lt;b&gt;&lt;/b&gt;&lt;b&gt;&lt;/b&gt;&lt;b&gt;&lt;/b&gt;&lt;b&gt;&lt;/b&gt;&lt;b&gt;&lt;/b&gt;&lt;b&gt;&lt;/b&gt;&lt;b&gt;&lt;/b&gt;&lt;b&gt;&lt;/b&gt;&lt;b&gt;&lt;/b&gt;&lt;b&gt;&lt;/b&gt;&lt;b&gt;&lt;/b&gt;&lt;b&gt;&lt;/b&gt;&lt;b&gt;&lt;/b&gt;&lt;b&gt;&lt;/b&gt;&lt;b&gt;&lt;/b&gt;&lt;b&gt;&lt;/b&gt;&lt;b&gt;&lt;/b&gt;&lt;b&gt;&lt;/b&gt;&lt;b&gt;&lt;/b&gt;&lt;b&gt;&lt;/b&gt;&lt;b&gt;&lt;/b&gt;&lt;b&gt;&lt;/b&gt;&lt;b&gt;&lt;/b&gt;&lt;b&gt;&lt;/b&gt;&lt;b&gt;&lt;/b&gt;&lt;b&gt;&lt;/b&gt;&lt;b&gt;&lt;/b&gt;&lt;b&gt;&lt;/b&gt;&lt;b&gt;&lt;/b&gt;&lt;b&gt;&lt;/b&gt;&lt;b&gt;&lt;/b&gt;&lt;b&gt;&lt;/b&gt;&lt;b&gt;&lt;/b&gt;&lt;b&gt;&lt;/b&gt;&lt;b&gt;&lt;/b&gt;&lt;b&gt;&lt;/b&gt;&lt;b&gt;&lt;/b&gt;&lt;b&gt;&lt;/b&gt;&lt;b&gt;&lt;/b&gt;&lt;b&gt;&lt;/b&gt;&lt;b&gt;&lt;/b&gt;&lt;b&gt;&lt;/b&gt;&lt;b&gt;&lt;/b&gt;&lt;b&gt;&lt;/b&gt;&lt;b&gt;&lt;/b&gt;&lt;b&gt;&lt;/b&gt;&lt;b&gt;&lt;/b&gt;&lt;b&gt;&lt;/b&gt;&lt;b&gt;&lt;/b&gt;&lt;b&gt;&lt;/b&gt;&lt;b&gt;&lt;/b&gt;&lt;b&gt;&lt;/b&gt;&lt;b&gt;&lt;/b&gt;&lt;b&gt;&lt;/b&gt;&lt;b&gt;&lt;/b&gt;&lt;b&gt;&lt;/b&gt;&lt;b&gt;&lt;/b&gt;&lt;b&gt;&lt;/b&gt;&lt;b&gt;&lt;/b&gt;&lt;b&gt;&lt;/b&gt;&lt;b&gt;&lt;/b&gt;&lt;b&gt;&lt;/b&gt;&lt;b&gt;&lt;/b&gt;&lt;b&gt;&lt;/b&gt;&lt;b&gt;&lt;/b&gt;&lt;b&gt;&lt;/b&gt;&lt;b&gt;&lt;/b&gt;&lt;b&gt;&lt;/b&gt;&lt;b&gt;&lt;/b&gt;&lt;b&gt;&lt;/b&gt;&lt;b&gt;&lt;/b&gt;&lt;b&gt;&lt;/b&gt;&lt;b&gt;&lt;/b&gt;&lt;b&gt;&lt;/b&gt;&lt;b&gt;&lt;/b&gt;&lt;b&gt;&lt;/b&gt;&lt;b&gt;&lt;/b&gt;&lt;b&gt;&lt;/b&gt;&lt;b&gt;&lt;/b&gt;&lt;b&gt;&lt;/b&gt;&lt;b&gt;&lt;/b&gt;&lt;b&gt;&lt;/b&gt;&lt;b&gt;&lt;/b&gt;&lt;b&gt;&lt;/b&gt;&lt;b&gt;&lt;/b&gt;&lt;b&gt;&lt;/b&gt;&lt;b&gt;&lt;/b&gt;&lt;b&gt;&lt;/b&gt;&lt;b&gt;&lt;/b&gt;&lt;b&gt;&lt;/b&gt;&lt;b&gt;&lt;/b&gt;&lt;b&gt;&lt;/b&gt;&lt;b&gt;&lt;/b&gt;&lt;b&gt;&lt;/b&gt;&lt;b&gt;&lt;/b&gt;&lt;b&gt;&lt;/b&gt;&lt;b&gt;&lt;/b&gt;&lt;b&gt;&lt;/b&gt;&lt;b&gt;&lt;/b&gt;&lt;b&gt;&lt;/b&gt;&lt;b&gt;&lt;/b&gt;&lt;b&gt;&lt;/b&gt;&lt;b&gt;&lt;/b&gt;&lt;b&gt;&lt;/b&gt;&lt;b&gt;&lt;/b&gt;&lt;b&gt;&lt;/b&gt;&lt;b&gt;&lt;/b&gt;&lt;b&gt;&lt;/b&gt;&lt;b&gt;&lt;/b&gt;&lt;b&gt;&lt;/b&gt;&lt;b&gt;&lt;/b&gt;&lt;b&gt;&lt;/b&gt;&lt;b&gt;&lt;/b&gt;&lt;b&gt;&lt;/b&gt;&lt;b&gt;&lt;/b&gt;&lt;b&gt;&lt;/b&gt;&lt;b&gt;&lt;/b&gt;&lt;b&gt;&lt;/b&gt;&lt;b&gt;&lt;/b&gt;&lt;b&gt;&lt;/b&gt;&lt;b&gt;&lt;/b&gt;&lt;b&gt;&lt;/b&gt;&lt;b&gt;&lt;/b&gt;&lt;b&gt;&lt;/b&gt;&lt;b&gt;&lt;/b&gt;&lt;b&gt;&lt;/b&gt;&lt;b&gt;&lt;/b&gt;&lt;b&gt;&lt;/b&gt;&lt;b&gt;&lt;/b&gt;&lt;b&gt;&lt;/b&gt;&lt;b&gt;&lt;/b&gt;&lt;b&gt;&lt;/b&gt;&lt;b&gt;&lt;/b&gt;&lt;b&gt;&lt;/b&gt;&lt;b&gt;&lt;/b&gt;&lt;b&gt;&lt;/b&gt;&lt;b&gt;&lt;/b&gt;&lt;b&gt;&lt;/b&gt;&lt;b&gt;&lt;/b&gt;&lt;b&gt;&lt;/b&gt;&lt;b&gt;&lt;/b&gt;&lt;b&gt;&lt;/b&gt;&lt;b&gt;&lt;/b&gt;&lt;b&gt;&lt;/b&gt;&lt;b&gt;&lt;/b&gt;&lt;b&gt;&lt;/b&gt;&lt;b&gt;&lt;/b&gt;&lt;b&gt;&lt;/b&gt;&lt;b&gt;&lt;/b&gt;&lt;b&gt;&lt;/b&gt;&lt;b&gt;&lt;/b&gt;&lt;b&gt;&lt;/b&gt;&lt;b&gt;&lt;/b&gt;&lt;b&gt;&lt;/b&gt;&lt;b&gt;&lt;/b&gt;&lt;b&gt;&lt;/b&gt;&lt;b&gt;&lt;/b&gt;&lt;b&gt;&lt;/b&gt;&lt;b&gt;&lt;/b&gt;&lt;b&gt;&lt;/b&gt;&lt;b&gt;&lt;/b&gt;&lt;b&gt;&lt;/b&gt;&lt;b&gt;&lt;/b&gt;&lt;b&gt;&lt;/b&gt;&lt;b&gt;&lt;/b&gt;&lt;b&gt;&lt;/b&gt;&lt;b&gt;&lt;/b&gt;&lt;b&gt;&lt;/b&gt;&lt;b&gt;&lt;/b&gt;&lt;b&gt;&lt;/b&gt;&lt;b&gt;&lt;/b&gt;&lt;b&gt;&lt;/b&gt;&lt;b&gt;&lt;/b&gt;&lt;b&gt;&lt;/b&gt;&lt;b&gt;&lt;/b&gt;&lt;b&gt;&lt;/b&gt;&lt;b&gt;&lt;/b&gt;&lt;b&gt;&lt;/b&gt;&lt;b&gt;&lt;/b&gt;&lt;b&gt;&lt;/b&gt;&lt;b&gt;&lt;/b&gt;&lt;b&gt;&lt;/b&gt;&lt;b&gt;&lt;/b&gt;&lt;b&gt;&lt;/b&gt;&lt;b&gt;&lt;/b&gt;&lt;b&gt;&lt;/b&gt;&lt;b&gt;&lt;/b&gt;&lt;b&gt;&lt;/b&gt;&lt;b&gt;&lt;/b&gt;&lt;b&gt;&lt;/b&gt;&lt;b&gt;&lt;/b&gt;&lt;b&gt;&lt;/b&gt;&lt;b&gt;&lt;/b&gt;&lt;b&gt;&lt;/b&gt;&lt;b&gt;&lt;/b&gt;&lt;b&gt;&lt;/b&gt;&lt;b&gt;&lt;/b&gt;&lt;b&gt;&lt;/b&gt;&lt;b&gt;&lt;/b&gt;&lt;b&gt;&lt;/b&gt;&lt;b&gt;&lt;/b&gt;&lt;b&gt;&lt;/b&gt;&lt;b&gt;&lt;/b&gt;&lt;b&gt;&lt;/b&gt;&lt;b&gt;&lt;/b&gt;&lt;b&gt;&lt;/b&gt;&lt;b&gt;&lt;/b&gt;&lt;b&gt;&lt;/b&gt;&lt;b&gt;&lt;/b&gt;&lt;b&gt;&lt;/b&gt;&lt;b&gt;&lt;/b&gt;&lt;b&gt;&lt;/b&gt;&lt;b&gt;&lt;/b&gt;&lt;b&gt;&lt;/b&gt;&lt;b&gt;&lt;/b&gt;&lt;b&gt;&lt;/b&gt;&lt;b&gt;&lt;/b&gt;&lt;b&gt;&lt;/b&gt;&lt;b&gt;&lt;/b&gt;&lt;b&gt;&lt;/b&gt;&lt;b&gt;&lt;/b&gt;&lt;b&gt;&lt;/b&gt;&lt;b&gt;&lt;/b&gt;&lt;b&gt;&lt;/b&gt;&lt;b&gt;&lt;/b&gt;&lt;b&gt;&lt;/b&gt;&lt;b&gt;&lt;/b&gt;&lt;b&gt;&lt;/b&gt;&lt;b&gt;&lt;/b&gt;&lt;b&gt;&lt;/b&gt;&lt;b&gt;&lt;/b&gt;&lt;b&gt;&lt;/b&gt;&lt;b&gt;&lt;/b&gt;&lt;b&gt;&lt;/b&gt;&lt;b&gt;&lt;/b&gt;&lt;b&gt;&lt;/b&gt;&lt;b&gt;&lt;/b&gt;&lt;b&gt;&lt;/b&gt;&lt;b&gt;&lt;/b&gt;&lt;b&gt;&lt;/b&gt;&lt;b&gt;&lt;/b&gt;&lt;b&gt;&lt;/b&gt;&lt;b&gt;&lt;/b&gt;&lt;b&gt;&lt;/b&gt;&lt;b&gt;&lt;/b&gt;&lt;b&gt;&lt;/b&gt;&lt;b&gt;&lt;/b&gt;&lt;b&gt;&lt;/b&gt;&lt;b&gt;&lt;/b&gt;&lt;b&gt;&lt;/b&gt;&lt;b&gt;&lt;/b&gt;&lt;b&gt;&lt;/b&gt;&lt;b&gt;&lt;/b&gt;&lt;b&gt;&lt;/b&gt;&lt;b&gt;&lt;/b&gt;&lt;b&gt;&lt;/b&gt;&lt;b&gt;&lt;/b&gt;&lt;b&gt;&lt;/b&gt;&lt;b&gt;&lt;/b&gt;&lt;b&gt;&lt;/b&gt;&lt;b&gt;&lt;/b&gt;&lt;b&gt;&lt;/b&gt;&lt;b&gt;&lt;/b&gt;&lt;b&gt;&lt;/b&gt;&lt;b&gt;&lt;/b&gt;&lt;b&gt;&lt;/b&gt;&lt;b&gt;&lt;/b&gt;&lt;b&gt;&lt;/b&gt;&lt;b&gt;&lt;/b&gt;&lt;b&gt;&lt;/b&gt;&lt;b&gt;&lt;/b&gt;&lt;b&gt;&lt;/b&gt;&lt;b&gt;&lt;/b&gt;&lt;b&gt;&lt;/b&gt;&lt;b&gt;&lt;/b&gt;&lt;b&gt;&lt;/b&gt;&lt;b&gt;&lt;/b&gt;&lt;b&gt;&lt;/b&gt;&lt;b&gt;&lt;/b&gt;&lt;b&gt;&lt;/b&gt;&lt;b&gt;&lt;/b&gt;&lt;b&gt;&lt;/b&gt;&lt;b&gt;&lt;/b&gt;&lt;b&gt;&lt;/b&gt;&lt;b&gt;&lt;/b&gt;&lt;b&gt;&lt;/b&gt;&lt;b&gt;&lt;/b&gt;&lt;b&gt;&lt;/b&gt;&lt;b&gt;&lt;/b&gt;&lt;b&gt;&lt;/b&gt;&lt;b&gt;&lt;/b&gt;&lt;b&gt;&lt;/b&gt;&lt;b&gt;&lt;/b&gt;&lt;b&gt;&lt;/b&gt;&lt;b&gt;&lt;/b&gt;&lt;b&gt;&lt;/b&gt;&lt;b&gt;&lt;/b&gt;&lt;b&gt;&lt;/b&gt;&lt;b&gt;&lt;/b&gt;&lt;b&gt;&lt;/b&gt;&lt;b&gt;&lt;/b&gt;&lt;b&gt;&lt;/b&gt;&lt;b&gt;&lt;/b&gt;&lt;b&gt;&lt;/b&gt;&lt;b&gt;&lt;/b&gt;&lt;b&gt;&lt;/b&gt;&lt;b&gt;&lt;/b&gt;&lt;b&gt;&lt;/b&gt;&lt;b&gt;&lt;/b&gt;&lt;b&gt;&lt;/b&gt;&lt;b&gt;&lt;/b&gt;&lt;b&gt;&lt;/b&gt;&lt;b&gt;&lt;/b&gt;&lt;b&gt;&lt;/b&gt;&lt;b&gt;&lt;/b&gt;&lt;b&gt;&lt;/b&gt;&lt;b&gt;&lt;/b&gt;&lt;b&gt;&lt;/b&gt;&lt;b&gt;&lt;/b&gt;&lt;b&gt;&lt;/b&gt;&lt;b&gt;&lt;/b&gt;&lt;b&gt;&lt;/b&gt;&lt;b&gt;&lt;/b&gt;&lt;b&gt;&lt;/b&gt;&lt;b&gt;&lt;/b&gt;&lt;b&gt;&lt;/b&gt;&lt;b&gt;&lt;/b&gt;&lt;b&gt;&lt;/b&gt;&lt;b&gt;&lt;/b&gt;&lt;b&gt;&lt;/b&gt;&lt;b&gt;&lt;/b&gt;&lt;b&gt;&lt;/b&gt;&lt;b&gt;&lt;/b&gt;&lt;b&gt;&lt;/b&gt;&lt;b&gt;&lt;/b&gt;&lt;b&gt;&lt;/b&gt;&lt;b&gt;&lt;/b&gt;&lt;b&gt;&lt;/b&gt;&lt;b&gt;&lt;/b&gt;&lt;b&gt;&lt;/b&gt;&lt;b&gt;&lt;/b&gt;&lt;b&gt;&lt;/b&gt;&lt;b&gt;&lt;/b&gt;&lt;b&gt;&lt;/b&gt;&lt;b&gt;&lt;/b&gt;&lt;b&gt;&lt;/b&gt;&lt;b&gt;&lt;/b&gt;&lt;b&gt;&lt;/b&gt;&lt;b&gt;&lt;/b&gt;&lt;b&gt;&lt;/b&gt;&lt;b&gt;&lt;/b&gt;&lt;b&gt;&lt;/b&gt;&lt;b&gt;&lt;/b&gt;&lt;b&gt;&lt;/b&gt;&lt;b&gt;&lt;/b&gt;&lt;b&gt;&lt;/b&gt;&lt;b&gt;&lt;/b&gt;&lt;b&gt;&lt;/b&gt;&lt;b&gt;&lt;/b&gt;&lt;b&gt;&lt;/b&gt;&lt;b&gt;&lt;/b&gt;&lt;b&gt;&lt;/b&gt;&lt;b&gt;&lt;/b&gt;&lt;b&gt;&lt;/b&gt;&lt;b&gt;&lt;/b&gt;&lt;b&gt;&lt;/b&gt;&lt;b&gt;&lt;/b&gt;&lt;b&gt;&lt;/b&gt;&lt;b&gt;&lt;/b&gt;&lt;b&gt;&lt;/b&gt;&lt;b&gt;&lt;/b&gt;&lt;b&gt;&lt;/b&gt;&lt;b&gt;&lt;/b&gt;&lt;b&gt;&lt;/b&gt;&lt;b&gt;&lt;/b&gt;&lt;b&gt;&lt;/b&gt;&lt;b&gt;&lt;/b&gt;&lt;b&gt;&lt;/b&gt;&lt;b&gt;&lt;/b&gt;&lt;b&gt;&lt;/b&gt;&lt;b&gt;&lt;/b&gt;&lt;b&gt;&lt;/b&gt;&lt;b&gt;&lt;/b&gt;&lt;b&gt;&lt;/b&gt;&lt;b&gt;&lt;/b&gt;&lt;b&gt;&lt;/b&gt;&lt;b&gt;&lt;/b&gt;&lt;b&gt;&lt;/b&gt;&lt;b&gt;&lt;/b&gt;&lt;b&gt;&lt;/b&gt;&lt;b&gt;&lt;/b&gt;&lt;b&gt;&lt;/b&gt;&lt;b&gt;&lt;/b&gt;&lt;b&gt;&lt;/b&gt;&lt;b&gt;&lt;/b&gt;&lt;b&gt;&lt;/b&gt;&lt;b&gt;&lt;/b&gt;&lt;b&gt;&lt;/b&gt;&lt;b&gt;&lt;/b&gt;&lt;b&gt;&lt;/b&gt;&lt;b&gt;&lt;/b&gt;&lt;b&gt;&lt;/b&gt;&lt;b&gt;&lt;/b&gt;&lt;b&gt;&lt;/b&gt;&lt;b&gt;&lt;/b&gt;&lt;b&gt;&lt;/b&gt;&lt;b&gt;&lt;/b&gt;&lt;b&gt;&lt;/b&gt;&lt;b&gt;&lt;/b&gt;&lt;b&gt;&lt;/b&gt;&lt;b&gt;&lt;/b&gt;&lt;b&gt;&lt;/b&gt;&lt;b&gt;&lt;/b&gt;&lt;b&gt;&lt;/b&gt;&lt;b&gt;&lt;/b&gt;&lt;b&gt;&lt;/b&gt;&lt;b&gt;&lt;/b&gt;&lt;b&gt;&lt;/b&gt;&lt;b&gt;&lt;/b&gt;&lt;b&gt;&lt;/b&gt;&lt;b&gt;&lt;/b&gt;&lt;b&gt;&lt;/b&gt;&lt;b&gt;&lt;/b&gt;&lt;b&gt;&lt;/b&gt;&lt;b&gt;&lt;/b&gt;&lt;b&gt;&lt;/b&gt;&lt;b&gt;&lt;/b&gt;&lt;b&gt;&lt;/b&gt;&lt;b&gt;&lt;/b&gt;&lt;b&gt;&lt;/b&gt;&lt;b&gt;&lt;/b&gt;&lt;b&gt;&lt;/b&gt;&lt;b&gt;&lt;/b&gt;&lt;b&gt;&lt;/b&gt;&lt;b&gt;&lt;/b&gt;&lt;b&gt;&lt;/b&gt;&lt;b&gt;&lt;/b&gt;&lt;b&gt;&lt;/b&gt;&lt;b&gt;&lt;/b&gt;&lt;b&gt;&lt;/b&gt;&lt;b&gt;&lt;br /&gt;&lt;a class=&quot;external&quot; href=&quot;https://www.deviantart.com/users/outgoing?https://www.patreon.com/user?u=457132&amp;amp;ty=c&quot;&gt;Patreon&lt;/a&gt;&lt;br /&gt;&lt;img src=&quot;https://e.deviantart.net/emoticons/b/bulletgreen.gif&quot; width=&quot;10&quot; height=&quot;10&quot; alt=&quot;:bulletgreen:&quot; data-embed-type=&quot;emoticon&quot; data-embed-id=&quot;209&quot; title=&quot;Bullet; Green&quot;/&gt; &lt;b&gt;Other sites to follow my work&lt;/b&gt;&lt;b&gt;&lt;/b&gt;&lt;b&gt;&lt;/b&gt;&lt;b&gt;&lt;/b&gt;&lt;b&gt;&lt;/b&gt;&lt;b&gt;&lt;/b&gt;&lt;b&gt;&lt;/b&gt;&lt;b&gt;&lt;/b&gt;&lt;b&gt;&lt;/b&gt;&lt;b&gt;&lt;/b&gt;&lt;b&gt;&lt;/b&gt;&lt;b&gt;&lt;/b&gt;&lt;b&gt;&lt;/b&gt;&lt;b&gt;&lt;/b&gt;&lt;b&gt;&lt;/b&gt;&lt;b&gt;&lt;/b&gt;&lt;b&gt;&lt;/b&gt;&lt;b&gt;&lt;/b&gt;&lt;b&gt;&lt;/b&gt;&lt;b&gt;&lt;/b&gt;&lt;b&gt;&lt;/b&gt;&lt;b&gt;&lt;/b&gt;&lt;b&gt;&lt;/b&gt;&lt;b&gt;&lt;/b&gt;&lt;b&gt;&lt;/b&gt;&lt;b&gt;&lt;/b&gt;&lt;b&gt;&lt;/b&gt;&lt;b&gt;&lt;/b&gt;&lt;b&gt;&lt;/b&gt;&lt;b&gt;&lt;/b&gt;&lt;b&gt;&lt;/b&gt;&lt;b&gt;&lt;/b&gt;&lt;b&gt;&lt;/b&gt;&lt;b&gt;&lt;/b&gt;&lt;b&gt;&lt;/b&gt;&lt;b&gt;&lt;/b&gt;&lt;b&gt;&lt;/b&gt;&lt;b&gt;&lt;/b&gt;&lt;b&gt;&lt;/b&gt;&lt;b&gt;&lt;/b&gt;&lt;b&gt;&lt;/b&gt;&lt;b&gt;&lt;/b&gt;&lt;b&gt;&lt;/b&gt;&lt;b&gt;&lt;/b&gt;&lt;b&gt;&lt;/b&gt;&lt;b&gt;&lt;/b&gt;&lt;b&gt;&lt;/b&gt;&lt;b&gt;&lt;/b&gt;&lt;b&gt;&lt;/b&gt;&lt;b&gt;&lt;/b&gt;&lt;b&gt;&lt;/b&gt;&lt;b&gt;&lt;/b&gt;&lt;b&gt;&lt;/b&gt;&lt;b&gt;&lt;/b&gt;&lt;b&gt;&lt;/b&gt;&lt;b&gt;&lt;/b&gt;&lt;b&gt;&lt;/b&gt;&lt;b&gt;&lt;/b&gt;&lt;b&gt;&lt;/b&gt;&lt;b&gt;&lt;/b&gt;&lt;b&gt;&lt;/b&gt;&lt;b&gt;&lt;/b&gt;&lt;b&gt;&lt;/b&gt;&lt;b&gt;&lt;/b&gt;&lt;b&gt;&lt;/b&gt;&lt;b&gt;&lt;/b&gt;&lt;b&gt;&lt;/b&gt;&lt;b&gt;&lt;/b&gt;&lt;b&gt;&lt;/b&gt;&lt;b&gt;&lt;/b&gt;&lt;b&gt;&lt;/b&gt;&lt;b&gt;&lt;/b&gt;&lt;b&gt;&lt;/b&gt;&lt;b&gt;&lt;/b&gt;&lt;b&gt;&lt;/b&gt;&lt;b&gt;&lt;/b&gt;&lt;b&gt;&lt;/b&gt;&lt;b&gt;&lt;/b&gt;&lt;b&gt;&lt;/b&gt;&lt;b&gt;&lt;/b&gt;&lt;b&gt;&lt;/b&gt;&lt;b&gt;&lt;/b&gt;&lt;b&gt;&lt;/b&gt;&lt;b&gt;&lt;/b&gt;&lt;b&gt;&lt;/b&gt;&lt;b&gt;&lt;/b&gt;&lt;b&gt;&lt;/b&gt;&lt;b&gt;&lt;/b&gt;&lt;b&gt;&lt;/b&gt;&lt;b&gt;&lt;/b&gt;&lt;b&gt;&lt;/b&gt;&lt;b&gt;&lt;/b&gt;&lt;b&gt;&lt;/b&gt;&lt;b&gt;&lt;/b&gt;&lt;b&gt;&lt;/b&gt;&lt;b&gt;&lt;/b&gt;&lt;b&gt;&lt;/b&gt;&lt;b&gt;&lt;/b&gt;&lt;b&gt;&lt;/b&gt;&lt;b&gt;&lt;/b&gt;&lt;b&gt;&lt;/b&gt;&lt;b&gt;&lt;/b&gt;&lt;b&gt;&lt;/b&gt;&lt;b&gt;&lt;/b&gt;&lt;b&gt;&lt;/b&gt;&lt;b&gt;&lt;/b&gt;&lt;b&gt;&lt;/b&gt;&lt;b&gt;&lt;/b&gt;&lt;b&gt;&lt;/b&gt;&lt;b&gt;&lt;/b&gt;&lt;b&gt;&lt;/b&gt;&lt;b&gt;&lt;/b&gt;&lt;b&gt;&lt;/b&gt;&lt;b&gt;&lt;/b&gt;&lt;b&gt;&lt;/b&gt;&lt;b&gt;&lt;/b&gt;&lt;b&gt;&lt;/b&gt;&lt;b&gt;&lt;/b&gt;&lt;b&gt;&lt;/b&gt;&lt;b&gt;&lt;/b&gt;&lt;b&gt;&lt;/b&gt;&lt;b&gt;&lt;/b&gt;&lt;b&gt;&lt;/b&gt;&lt;b&gt;&lt;/b&gt;&lt;b&gt;&lt;/b&gt;&lt;b&gt;&lt;/b&gt;&lt;b&gt;&lt;/b&gt;&lt;b&gt;&lt;/b&gt;&lt;b&gt;&lt;/b&gt;&lt;b&gt;&lt;/b&gt;&lt;b&gt;&lt;/b&gt;&lt;b&gt;&lt;/b&gt;&lt;b&gt;&lt;/b&gt;&lt;b&gt;&lt;/b&gt;&lt;b&gt;&lt;/b&gt;&lt;b&gt;&lt;/b&gt;&lt;b&gt;&lt;/b&gt;&lt;b&gt;&lt;/b&gt;&lt;b&gt;&lt;/b&gt;&lt;b&gt;&lt;/b&gt;&lt;b&gt;&lt;/b&gt;&lt;b&gt;&lt;/b&gt;&lt;b&gt;&lt;/b&gt;&lt;b&gt;&lt;/b&gt;&lt;b&gt;&lt;/b&gt;&lt;b&gt;&lt;/b&gt;&lt;b&gt;&lt;/b&gt;&lt;b&gt;&lt;/b&gt;&lt;b&gt;&lt;/b&gt;&lt;b&gt;&lt;/b&gt;&lt;b&gt;&lt;/b&gt;&lt;b&gt;&lt;/b&gt;&lt;b&gt;&lt;/b&gt;&lt;b&gt;&lt;/b&gt;&lt;b&gt;&lt;/b&gt;&lt;b&gt;&lt;/b&gt;&lt;b&gt;&lt;/b&gt;&lt;b&gt;&lt;/b&gt;&lt;b&gt;&lt;/b&gt;&lt;b&gt;&lt;/b&gt;&lt;b&gt;&lt;/b&gt;&lt;b&gt;&lt;/b&gt;&lt;b&gt;&lt;/b&gt;&lt;b&gt;&lt;/b&gt;&lt;b&gt;&lt;/b&gt;&lt;b&gt;&lt;/b&gt;&lt;b&gt;&lt;/b&gt;&lt;b&gt;&lt;/b&gt;&lt;b&gt;&lt;/b&gt;&lt;b&gt;&lt;/b&gt;&lt;b&gt;&lt;/b&gt;&lt;b&gt;&lt;/b&gt;&lt;b&gt;&lt;/b&gt;&lt;b&gt;&lt;/b&gt;&lt;b&gt;&lt;/b&gt;&lt;b&gt;&lt;/b&gt;&lt;b&gt;&lt;/b&gt;&lt;b&gt;&lt;/b&gt;&lt;b&gt;&lt;/b&gt;&lt;b&gt;&lt;/b&gt;&lt;b&gt;&lt;/b&gt;&lt;b&gt;&lt;/b&gt;&lt;b&gt;&lt;/b&gt;&lt;b&gt;&lt;/b&gt;&lt;b&gt;&lt;/b&gt;&lt;b&gt;&lt;/b&gt;&lt;b&gt;&lt;/b&gt;&lt;b&gt;&lt;/b&gt;&lt;b&gt;&lt;/b&gt;&lt;b&gt;&lt;/b&gt;&lt;b&gt;&lt;/b&gt;&lt;b&gt;&lt;/b&gt;&lt;b&gt;&lt;/b&gt;&lt;b&gt;&lt;/b&gt;&lt;b&gt;&lt;/b&gt;&lt;b&gt;&lt;/b&gt;&lt;b&gt;&lt;/b&gt;&lt;b&gt;&lt;/b&gt;&lt;b&gt;&lt;/b&gt;&lt;b&gt;&lt;/b&gt;&lt;b&gt;&lt;/b&gt;&lt;b&gt;&lt;/b&gt;&lt;b&gt;&lt;/b&gt;&lt;b&gt;&lt;/b&gt;&lt;b&gt;&lt;/b&gt;&lt;b&gt;&lt;/b&gt;&lt;b&gt;&lt;/b&gt;&lt;b&gt;&lt;/b&gt;&lt;b&gt;&lt;/b&gt;&lt;b&gt;&lt;/b&gt;&lt;b&gt;&lt;/b&gt;&lt;b&gt;&lt;/b&gt;&lt;b&gt;&lt;/b&gt;&lt;b&gt;&lt;/b&gt;&lt;b&gt;&lt;/b&gt;&lt;b&gt;&lt;/b&gt;&lt;b&gt;&lt;/b&gt;&lt;b&gt;&lt;/b&gt;&lt;b&gt;&lt;/b&gt;&lt;b&gt;&lt;/b&gt;&lt;b&gt;&lt;/b&gt;&lt;b&gt;&lt;/b&gt;&lt;b&gt;&lt;/b&gt;&lt;b&gt;&lt;/b&gt;&lt;b&gt;&lt;/b&gt;&lt;b&gt;&lt;/b&gt;&lt;b&gt;&lt;/b&gt;&lt;b&gt;&lt;/b&gt;&lt;b&gt;&lt;/b&gt;&lt;b&gt;&lt;/b&gt;&lt;b&gt;&lt;/b&gt;&lt;b&gt;&lt;/b&gt;&lt;b&gt;&lt;/b&gt;&lt;b&gt;&lt;/b&gt;&lt;b&gt;&lt;/b&gt;&lt;b&gt;&lt;/b&gt;&lt;b&gt;&lt;/b&gt;&lt;b&gt;&lt;/b&gt;&lt;b&gt;&lt;/b&gt;&lt;b&gt;&lt;/b&gt;&lt;b&gt;&lt;/b&gt;&lt;b&gt;&lt;/b&gt;&lt;b&gt;&lt;/b&gt;&lt;b&gt;&lt;/b&gt;&lt;b&gt;&lt;/b&gt;&lt;b&gt;&lt;/b&gt;&lt;b&gt;&lt;/b&gt;&lt;b&gt;&lt;/b&gt;&lt;b&gt;&lt;/b&gt;&lt;b&gt;&lt;/b&gt;&lt;b&gt;&lt;/b&gt;&lt;b&gt;&lt;/b&gt;&lt;b&gt;&lt;/b&gt;&lt;b&gt;&lt;/b&gt;&lt;b&gt;&lt;/b&gt;&lt;b&gt;&lt;/b&gt;&lt;b&gt;&lt;/b&gt;&lt;b&gt;&lt;/b&gt;&lt;b&gt;&lt;/b&gt;&lt;b&gt;&lt;/b&gt;&lt;b&gt;&lt;/b&gt;&lt;b&gt;&lt;/b&gt;&lt;b&gt;&lt;/b&gt;&lt;b&gt;&lt;/b&gt;&lt;b&gt;&lt;/b&gt;&lt;b&gt;&lt;/b&gt;&lt;b&gt;&lt;/b&gt;&lt;b&gt;&lt;/b&gt;&lt;b&gt;&lt;/b&gt;&lt;b&gt;&lt;/b&gt;&lt;b&gt;&lt;/b&gt;&lt;b&gt;&lt;/b&gt;&lt;b&gt;&lt;/b&gt;&lt;b&gt;&lt;/b&gt;&lt;b&gt;&lt;/b&gt;&lt;b&gt;&lt;/b&gt;&lt;b&gt;&lt;/b&gt;&lt;b&gt;&lt;/b&gt;&lt;b&gt;&lt;/b&gt;&lt;b&gt;&lt;/b&gt;&lt;b&gt;&lt;/b&gt;&lt;b&gt;&lt;/b&gt;&lt;b&gt;&lt;/b&gt;&lt;b&gt;&lt;/b&gt;&lt;b&gt;&lt;/b&gt;&lt;b&gt;&lt;/b&gt;&lt;b&gt;&lt;/b&gt;&lt;b&gt;&lt;/b&gt;&lt;b&gt;&lt;/b&gt;&lt;b&gt;&lt;/b&gt;&lt;b&gt;&lt;/b&gt;&lt;b&gt;&lt;/b&gt;&lt;b&gt;&lt;/b&gt;&lt;b&gt;&lt;/b&gt;&lt;b&gt;&lt;/b&gt;&lt;b&gt;&lt;/b&gt;&lt;b&gt;&lt;/b&gt;&lt;b&gt;&lt;/b&gt;&lt;b&gt;&lt;/b&gt;&lt;b&gt;&lt;/b&gt;&lt;b&gt;&lt;/b&gt;&lt;b&gt;&lt;/b&gt;&lt;b&gt;&lt;/b&gt;&lt;b&gt;&lt;/b&gt;&lt;b&gt;&lt;/b&gt;&lt;b&gt;&lt;/b&gt;&lt;b&gt;&lt;/b&gt;&lt;b&gt;&lt;/b&gt;&lt;b&gt;&lt;/b&gt;&lt;b&gt;&lt;/b&gt;&lt;b&gt;&lt;/b&gt;&lt;b&gt;&lt;/b&gt;&lt;b&gt;&lt;/b&gt;&lt;b&gt;&lt;/b&gt;&lt;b&gt;&lt;/b&gt;&lt;b&gt;&lt;/b&gt;&lt;b&gt;&lt;/b&gt;&lt;b&gt;&lt;/b&gt;&lt;b&gt;&lt;/b&gt;&lt;b&gt;&lt;/b&gt;&lt;b&gt;&lt;/b&gt;&lt;b&gt;&lt;/b&gt;&lt;b&gt;&lt;/b&gt;&lt;b&gt;&lt;/b&gt;&lt;b&gt;&lt;/b&gt;&lt;b&gt;&lt;/b&gt;&lt;b&gt;&lt;/b&gt;&lt;b&gt;&lt;/b&gt;&lt;b&gt;&lt;/b&gt;&lt;b&gt;&lt;/b&gt;&lt;b&gt;&lt;/b&gt;&lt;b&gt;&lt;/b&gt;&lt;b&gt;&lt;/b&gt;&lt;b&gt;&lt;/b&gt;&lt;b&gt;&lt;/b&gt;&lt;b&gt;&lt;/b&gt;&lt;b&gt;&lt;/b&gt;&lt;b&gt;&lt;/b&gt;&lt;b&gt;&lt;/b&gt;&lt;b&gt;&lt;/b&gt;&lt;b&gt;&lt;/b&gt;&lt;b&gt;&lt;/b&gt;&lt;b&gt;&lt;/b&gt;&lt;b&gt;&lt;/b&gt;&lt;b&gt;&lt;/b&gt;&lt;b&gt;&lt;/b&gt;&lt;b&gt;&lt;/b&gt;&lt;b&gt;&lt;/b&gt;&lt;b&gt;&lt;/b&gt;&lt;b&gt;&lt;/b&gt;&lt;b&gt;&lt;/b&gt;&lt;b&gt;&lt;/b&gt;&lt;b&gt;&lt;/b&gt;&lt;b&gt;&lt;/b&gt;&lt;b&gt;&lt;/b&gt;&lt;b&gt;&lt;/b&gt;&lt;b&gt;&lt;/b&gt;&lt;b&gt;&lt;/b&gt;&lt;b&gt;&lt;/b&gt;&lt;b&gt;&lt;/b&gt;&lt;b&gt;&lt;/b&gt;&lt;b&gt;&lt;/b&gt;&lt;b&gt;&lt;/b&gt;&lt;b&gt;&lt;/b&gt;&lt;b&gt;&lt;/b&gt;&lt;b&gt;&lt;/b&gt;&lt;b&gt;&lt;/b&gt;&lt;b&gt;&lt;/b&gt;&lt;b&gt;&lt;/b&gt;&lt;b&gt;&lt;/b&gt;&lt;b&gt;&lt;/b&gt;&lt;b&gt;&lt;/b&gt;&lt;b&gt;&lt;/b&gt;&lt;b&gt;&lt;/b&gt;&lt;b&gt;&lt;/b&gt;&lt;b&gt;&lt;/b&gt;&lt;b&gt;&lt;/b&gt;&lt;b&gt;&lt;/b&gt;&lt;b&gt;&lt;/b&gt;&lt;b&gt;&lt;/b&gt;&lt;b&gt;&lt;/b&gt;&lt;b&gt;&lt;/b&gt;&lt;b&gt;&lt;/b&gt;&lt;b&gt;&lt;/b&gt;&lt;b&gt;&lt;/b&gt;&lt;b&gt;&lt;/b&gt;&lt;b&gt;&lt;/b&gt;&lt;b&gt;&lt;/b&gt;&lt;b&gt;&lt;/b&gt;&lt;b&gt;&lt;/b&gt;&lt;b&gt;&lt;/b&gt;&lt;b&gt;&lt;/b&gt;&lt;b&gt;&lt;/b&gt;&lt;b&gt;&lt;/b&gt;&lt;b&gt;&lt;/b&gt;&lt;b&gt;&lt;/b&gt;&lt;b&gt;&lt;/b&gt;&lt;b&gt;&lt;/b&gt;&lt;b&gt;&lt;/b&gt;&lt;b&gt;&lt;/b&gt;&lt;b&gt;&lt;/b&gt;&lt;b&gt;&lt;/b&gt;&lt;b&gt;&lt;/b&gt;&lt;b&gt;&lt;/b&gt;&lt;b&gt;&lt;/b&gt;&lt;b&gt;&lt;/b&gt;&lt;b&gt;&lt;/b&gt;&lt;b&gt;&lt;/b&gt;&lt;b&gt;&lt;/b&gt;&lt;b&gt;&lt;/b&gt;&lt;b&gt;&lt;/b&gt;&lt;b&gt;&lt;/b&gt;&lt;b&gt;&lt;/b&gt;&lt;b&gt;&lt;/b&gt;&lt;b&gt;&lt;/b&gt;&lt;b&gt;&lt;/b&gt;&lt;b&gt;&lt;/b&gt;&lt;b&gt;&lt;/b&gt;&lt;b&gt;&lt;/b&gt;&lt;b&gt;&lt;/b&gt;&lt;b&gt;&lt;/b&gt;&lt;b&gt;&lt;/b&gt;&lt;b&gt;&lt;/b&gt;&lt;b&gt;&lt;/b&gt;&lt;b&gt;&lt;/b&gt;&lt;b&gt;&lt;/b&gt;&lt;b&gt;&lt;/b&gt;&lt;b&gt;&lt;/b&gt;&lt;b&gt;&lt;/b&gt;&lt;b&gt;&lt;/b&gt;&lt;b&gt;&lt;/b&gt;&lt;b&gt;&lt;/b&gt;&lt;b&gt;&lt;/b&gt;&lt;b&gt;&lt;/b&gt;&lt;b&gt;&lt;/b&gt;&lt;b&gt;&lt;/b&gt;&lt;b&gt;&lt;/b&gt;&lt;b&gt;&lt;/b&gt;&lt;b&gt;&lt;/b&gt;&lt;b&gt;&lt;/b&gt;&lt;b&gt;&lt;/b&gt;&lt;b&gt;&lt;/b&gt;&lt;b&gt;&lt;/b&gt;&lt;b&gt;&lt;/b&gt;&lt;b&gt;&lt;/b&gt;&lt;b&gt;&lt;/b&gt;&lt;b&gt;&lt;/b&gt;&lt;b&gt;&lt;/b&gt;&lt;b&gt;&lt;/b&gt;&lt;b&gt;&lt;/b&gt;&lt;b&gt;&lt;/b&gt;&lt;b&gt;&lt;/b&gt;&lt;b&gt;&lt;/b&gt;&lt;b&gt;&lt;/b&gt;&lt;b&gt;&lt;/b&gt;&lt;b&gt;&lt;/b&gt;&lt;b&gt;&lt;/b&gt;&lt;b&gt;&lt;/b&gt;&lt;b&gt;&lt;/b&gt;&lt;b&gt;&lt;/b&gt;&lt;b&gt;&lt;/b&gt;&lt;b&gt;&lt;/b&gt;&lt;b&gt;&lt;/b&gt;&lt;b&gt;&lt;/b&gt;&lt;b&gt;&lt;/b&gt;&lt;b&gt;&lt;/b&gt;&lt;b&gt;&lt;/b&gt;&lt;b&gt;&lt;/b&gt;&lt;b&gt;&lt;/b&gt;&lt;b&gt;&lt;/b&gt;&lt;b&gt;&lt;/b&gt;&lt;b&gt;&lt;/b&gt;&lt;b&gt;&lt;/b&gt;&lt;b&gt;&lt;/b&gt;&lt;b&gt;&lt;/b&gt;&lt;b&gt;&lt;/b&gt;&lt;b&gt;&lt;/b&gt;&lt;b&gt;&lt;/b&gt;&lt;b&gt;&lt;/b&gt;&lt;b&gt;&lt;/b&gt;&lt;b&gt;&lt;/b&gt;&lt;b&gt;&lt;/b&gt;&lt;b&gt;&lt;/b&gt;&lt;b&gt;&lt;/b&gt;&lt;b&gt;&lt;/b&gt;&lt;b&gt;&lt;/b&gt;&lt;b&gt;&lt;/b&gt;&lt;b&gt;&lt;br /&gt;&lt;img src=&quot;https://e.deviantart.net/emoticons/f/facebook.gif&quot; width=&quot;16&quot; height=&quot;16&quot; alt=&quot;:facebook:&quot; data-embed-type=&quot;emoticon&quot; data-embed-id=&quot;616&quot; title=&quot;Facebook&quot;/&gt; &lt;a class=&quot;external&quot; href=&quot;https://www.deviantart.com/users/outgoing?https://www.facebook.com/CryptidCreations/timeline&quot;&gt;Facebook&lt;/a&gt;&lt;br /&gt;&lt;img src=&quot;https://e.deviantart.net/emoticons/t/twitter_2.gif&quot; width=&quot;16&quot; height=&quot;16&quot; alt=&quot;:twitter:&quot; data-embed-type=&quot;emoticon&quot; data-embed-id=&quot;614&quot; title=&quot;Twitter&quot;/&gt; &lt;a class=&quot;external&quot; href=&quot;https://www.deviantart.com/users/outgoing?https://twitter.com/Piper_Thibodeau&quot;&gt;Twitter&lt;/a&gt;&lt;br /&gt;&lt;img src=&quot;https://e.deviantart.net/emoticons/b/bulletgreen.gif&quot; width=&quot;10&quot; height=&quot;10&quot; alt=&quot;:bulletgreen:&quot; data-embed-type=&quot;emoticon&quot; data-embed-id=&quot;209&quot; title=&quot;Bullet; Green&quot;/&gt; For any business related inquiries please send me an e-mail at cryptidcreations@gmail.com&lt;br /&gt;&lt;/b&gt;&lt;/b&gt;&lt;/b&gt;&lt;br /&gt;&lt;div&gt;&lt;img src=&quot;https://t00.deviantart.net/fdIWfC9Z4vt16Aft5lPTDWPJhLs=/300x200/filters:fixed_height(100,100):origin()/pre00/2237/th/pre/f/2019/029/a/2/daily_paint_2261__igloouana_by_cryptid_creations-dcydq4c.png&quot; alt=&quot;thumbnail&quot; /&gt;&lt;/div&gt;</description>            </item>
                    <item>
                <title>Touch</title>
                <link>https://rossdraws.deviantart.com/art/Touch-783398476</link>
                <guid isPermaLink="true">https://rossdraws.deviantart.com/art/Touch-783398476</guid>
                <pubDate>Wed, 30 Jan 2019 10:00:03 PST</pubDate>
                        <media:title type="plain">Touch</media:title>
        <media:keywords></media:keywords>
                        <media:rating>nonadult</media:rating>
                <media:category label="Fantasy">digitalart/paintings/people/fantasy</media:category>
        <media:credit role="author" scheme="urn:ebu">rossdraws</media:credit>
        <media:credit role="author" scheme="urn:ebu">https://a.deviantart.net/avatars/r/o/rossdraws.jpg?6</media:credit>
        <media:copyright url="https://rossdraws.deviantart.com">Copyright 2019 rossdraws</media:copyright>            <media:description type="html">&lt;div align=&quot;-webkit-center&quot;&gt;&lt;div align=&quot;center&quot;&gt;&lt;p&gt;Just finished this personal piece last night for a monthly community contest over on my Discord! The theme was Light and Dark. I really enjoyed working on this so hope you like it. And this video tutorial will be out on my &lt;a class=&quot;external&quot; href=&quot;https://www.deviantart.com/users/outgoing?https://www.patreon.com/Rossdraws&quot;&gt;Patreon&lt;/a&gt; soon!&amp;nbsp;&lt;a href=&quot;https://www.deviantart.com/roxaspikachu/art/Pikachu-waves-402736669&quot; class=&quot;emoticon&quot; data-embed-type=&quot;emoticon&quot; data-embed-id=&quot;402736669&quot; data-embed-profile=&quot;deviation&quot;&gt;&lt;img src=&quot;https://orig00.deviantart.net/74fa/f/2015/183/c/6/c6d59aeba1d29b80aabc85aa253e405c-d6ns1lp.gif&quot; alt=&quot;Pikachu waves&quot; style=&quot;width:40px;height:50px&quot;&gt;&lt;/a&gt;&amp;nbsp;&lt;br /&gt;&lt;br /&gt;If you&#039;d like to join our art community and participate in our monthly challenges, feel free to join our Discord!&amp;nbsp;&lt;br /&gt;&lt;a href=&quot;https://www.deviantart.com/users/outgoing?http://discord.gg/colordodge&quot;&gt;&lt;a class=&quot;external&quot; href=&quot;https://www.deviantart.com/users/outgoing?http://discord.gg/colordodge&quot;&gt;discord.gg/colordodge&lt;/a&gt;&lt;/a&gt;&lt;br /&gt;&lt;br /&gt;&lt;b&gt;&lt;br /&gt;&lt;/b&gt;&lt;a href=&quot;https://www.deviantart.com/vitavitachan/art/Arrow-Right-Pink-735795416&quot; class=&quot;emoticon&quot; data-embed-type=&quot;emoticon&quot; data-embed-id=&quot;735795416&quot; data-embed-profile=&quot;deviation&quot;&gt;&lt;img src=&quot;https://orig00.deviantart.net/bff1/f/2018/075/a/4/arrow_right_pink_by_vitavitachan-dc62ndk.gif&quot; alt=&quot;Arrow Right Pink&quot; style=&quot;width:13px;height:13px&quot;&gt;&lt;/a&gt;&lt;b&gt;New Print Shop!:&amp;nbsp;&lt;/b&gt;&lt;a href=&quot;https://www.deviantart.com/users/outgoing?https://www.rossdraws.com/shop&quot;&gt;&lt;a class=&quot;external&quot; href=&quot;https://www.deviantart.com/users/outgoing?https://www.rossdraws.com/shop&quot;&gt;www.rossdraws.com/shop&lt;/a&gt;&lt;/a&gt;&lt;br /&gt;&lt;br /&gt;&lt;i&gt;Support me on Patreon for Tutorials and Goodies!&lt;/i&gt;&lt;br /&gt;&amp;#128310; &lt;a class=&quot;external&quot; href=&quot;https://www.deviantart.com/users/outgoing?https://www.patreon.com/Rossdraws&quot;&gt;www.patreon.com/Rossdraws&lt;/a&gt; &amp;#128310;&amp;nbsp;&lt;br /&gt;&lt;/p&gt;&lt;/div&gt;&lt;span&gt;&amp;nbsp;&amp;#11093;&amp;#65039;&amp;#11093;&amp;#65039;&amp;nbsp;&amp;nbsp;&lt;a href=&quot;https://www.deviantart.com/users/outgoing?https://www.rossdraws.com/&quot;&gt;&lt;/a&gt;&lt;a class=&quot;external&quot; href=&quot;https://www.deviantart.com/users/outgoing?https://www.rossdraws.com/&quot;&gt;&lt;b&gt;Official Store and Site&amp;nbsp;&lt;/b&gt;&lt;/a&gt;&amp;nbsp; &amp;#11093;&amp;#65039;&amp;#11093;&amp;#65039;&amp;nbsp;&lt;/span&gt;&lt;div align=&quot;center&quot;&gt;&lt;br /&gt;&lt;/div&gt;&lt;div align=&quot;center&quot;&gt;&lt;a class=&quot;external&quot; href=&quot;https://www.deviantart.com/users/outgoing?https://www.youtube.com/c/rossdraws&quot;&gt;YOUTUBE!!!&lt;/a&gt;&amp;nbsp;&amp;#128310;&amp;nbsp;&lt;a class=&quot;external&quot; href=&quot;https://www.deviantart.com/users/outgoing?https://instagram.com/rossdraws/&quot;&gt;Instagram!&lt;/a&gt;&amp;#128310;&amp;nbsp;&lt;a class=&quot;external&quot; href=&quot;https://www.deviantart.com/users/outgoing?https://gumroad.com/rossdraws&quot;&gt;Tutorial Store&lt;/a&gt;&amp;nbsp;&amp;#128310;&amp;nbsp;&lt;a class=&quot;external&quot; href=&quot;https://www.deviantart.com/users/outgoing?http://rossdraws.tumblr.com/&quot;&gt;Tumblr!&lt;/a&gt;&amp;nbsp;&amp;#128310;&amp;nbsp;&lt;a class=&quot;external&quot; href=&quot;https://www.deviantart.com/users/outgoing?https://www.facebook.com/rossdraws&quot;&gt;Facebook!&lt;/a&gt;&amp;nbsp;&amp;#128310;&lt;/div&gt;&lt;/div&gt;&lt;p align=&quot;left&quot;&gt;&lt;/p&gt;&lt;div align=&quot;-webkit-center&quot;&gt;&lt;br /&gt;&lt;span class=&quot;shadow-holder&quot; data-embed-type=&quot;deviation&quot; data-embed-id=&quot;775753174&quot; data-embed-format=&quot;thumb&quot;&gt;&lt;span class=&quot;shadow mild&quot; &gt;&lt;a class=&quot;thumb&quot; href=&quot;https://www.deviantart.com/rossdraws/art/Super-Smash-Bros-YouTube-775753174&quot; title=&quot;Super Smash Bros. : YouTube! by rossdraws, Dec 7, 2018 in Fan Art &amp;gt; Digital Art &amp;gt; Painting &amp;amp; Airbrushing &amp;gt; Games&quot;data-super-img=&quot;https://images-wixmp-ed30a86b8c4ca887773594c2.wixmp.com/intermediary/f/b013e38f-b1f0-4193-8d90-acfeae93d61a/dctv2za-2bee542b-6b7e-4943-a2ec-64e7f62ac69a.jpg&quot; data-super-width=&quot;700&quot; data-super-height=&quot;940&quot; data-super-transparent=&quot;false&quot; data-super-alt=&quot;Super Smash Bros. : YouTube! by rossdraws&quot; data-super-full-img=&quot;https://images-wixmp-ed30a86b8c4ca887773594c2.wixmp.com/intermediary/f/b013e38f-b1f0-4193-8d90-acfeae93d61a/dctv2za-2bee542b-6b7e-4943-a2ec-64e7f62ac69a.jpg&quot; data-super-full-width=&quot;700&quot; data-super-full-height=&quot;940&quot;        data-sigil=&quot;thumb&quot;&gt;
        &lt;i&gt;&lt;/i&gt;&lt;img   width=&quot;112&quot; height=&quot;150&quot; alt=&quot;Super Smash Bros. : YouTube! by rossdraws&quot; src=&quot;https://images-wixmp-ed30a86b8c4ca887773594c2.wixmp.com/intermediary/f/b013e38f-b1f0-4193-8d90-acfeae93d61a/dctv2za-2bee542b-6b7e-4943-a2ec-64e7f62ac69a.jpg/v1/fit/w_150,h_150,q_70,strp/super_smash_bros____youtube__by_rossdraws_dctv2za-150.jpg&quot; data-src=&quot;https://images-wixmp-ed30a86b8c4ca887773594c2.wixmp.com/intermediary/f/b013e38f-b1f0-4193-8d90-acfeae93d61a/dctv2za-2bee542b-6b7e-4943-a2ec-64e7f62ac69a.jpg/v1/fit/w_150,h_150,q_70,strp/super_smash_bros____youtube__by_rossdraws_dctv2za-150.jpg&quot; srcset=&quot;https://images-wixmp-ed30a86b8c4ca887773594c2.wixmp.com/intermediary/f/b013e38f-b1f0-4193-8d90-acfeae93d61a/dctv2za-2bee542b-6b7e-4943-a2ec-64e7f62ac69a.jpg/v1/fit/w_150,h_150,q_70,strp/super_smash_bros____youtube__by_rossdraws_dctv2za-150.jpg 112w,https://images-wixmp-ed30a86b8c4ca887773594c2.wixmp.com/intermediary/f/b013e38f-b1f0-4193-8d90-acfeae93d61a/dctv2za-2bee542b-6b7e-4943-a2ec-64e7f62ac69a.jpg/v1/fill/w_186,h_250,q_70,strp/super_smash_bros____youtube__by_rossdraws_dctv2za-250t.jpg 186w,https://images-wixmp-ed30a86b8c4ca887773594c2.wixmp.com/intermediary/f/b013e38f-b1f0-4193-8d90-acfeae93d61a/dctv2za-2bee542b-6b7e-4943-a2ec-64e7f62ac69a.jpg/v1/fill/w_261,h_350,q_70,strp/super_smash_bros____youtube__by_rossdraws_dctv2za-350t.jpg 261w,https://images-wixmp-ed30a86b8c4ca887773594c2.wixmp.com/intermediary/f/b013e38f-b1f0-4193-8d90-acfeae93d61a/dctv2za-2bee542b-6b7e-4943-a2ec-64e7f62ac69a.jpg/v1/fill/w_298,h_400,q_70,strp/super_smash_bros____youtube__by_rossdraws_dctv2za-400t.jpg 298w,https://images-wixmp-ed30a86b8c4ca887773594c2.wixmp.com/intermediary/f/b013e38f-b1f0-4193-8d90-acfeae93d61a/dctv2za-2bee542b-6b7e-4943-a2ec-64e7f62ac69a.jpg 700w&quot; sizes=&quot;112px&quot;&gt;&lt;/a&gt;&lt;/span&gt;&lt;!-- ^TTT --&gt;&lt;!-- TTT$ --&gt;&lt;/span&gt;&lt;span class=&quot;shadow-holder&quot; data-embed-type=&quot;deviation&quot; data-embed-id=&quot;783159333&quot; data-embed-format=&quot;thumb&quot;&gt;&lt;span class=&quot;shadow mild&quot; &gt;&lt;a class=&quot;thumb&quot; href=&quot;https://www.deviantart.com/rossdraws/art/Valencia-783159333&quot; title=&quot;Valencia by rossdraws, Jan 28, 2019 in Digital Art &amp;gt; Drawings &amp;amp; Paintings &amp;gt; People &amp;gt; Fantasy&quot;data-super-img=&quot;https://images-wixmp-ed30a86b8c4ca887773594c2.wixmp.com/intermediary/f/b013e38f-b1f0-4193-8d90-acfeae93d61a/dcy9tlx-1ccef0e6-b549-47f3-8881-f0a942b81511.jpg&quot; data-super-width=&quot;650&quot; data-super-height=&quot;887&quot; data-super-transparent=&quot;false&quot; data-super-alt=&quot;Valencia by rossdraws&quot; data-super-full-img=&quot;https://images-wixmp-ed30a86b8c4ca887773594c2.wixmp.com/intermediary/f/b013e38f-b1f0-4193-8d90-acfeae93d61a/dcy9tlx-1ccef0e6-b549-47f3-8881-f0a942b81511.jpg&quot; data-super-full-width=&quot;650&quot; data-super-full-height=&quot;887&quot;        data-sigil=&quot;thumb&quot;&gt;
        &lt;i&gt;&lt;/i&gt;&lt;img   width=&quot;110&quot; height=&quot;150&quot; alt=&quot;Valencia by rossdraws&quot; src=&quot;https://images-wixmp-ed30a86b8c4ca887773594c2.wixmp.com/intermediary/f/b013e38f-b1f0-4193-8d90-acfeae93d61a/dcy9tlx-1ccef0e6-b549-47f3-8881-f0a942b81511.jpg/v1/fit/w_150,h_150,q_70,strp/valencia_by_rossdraws_dcy9tlx-150.jpg&quot; data-src=&quot;https://images-wixmp-ed30a86b8c4ca887773594c2.wixmp.com/intermediary/f/b013e38f-b1f0-4193-8d90-acfeae93d61a/dcy9tlx-1ccef0e6-b549-47f3-8881-f0a942b81511.jpg/v1/fit/w_150,h_150,q_70,strp/valencia_by_rossdraws_dcy9tlx-150.jpg&quot; srcset=&quot;https://images-wixmp-ed30a86b8c4ca887773594c2.wixmp.com/intermediary/f/b013e38f-b1f0-4193-8d90-acfeae93d61a/dcy9tlx-1ccef0e6-b549-47f3-8881-f0a942b81511.jpg/v1/fit/w_150,h_150,q_70,strp/valencia_by_rossdraws_dcy9tlx-150.jpg 110w,https://images-wixmp-ed30a86b8c4ca887773594c2.wixmp.com/intermediary/f/b013e38f-b1f0-4193-8d90-acfeae93d61a/dcy9tlx-1ccef0e6-b549-47f3-8881-f0a942b81511.jpg/v1/fill/w_183,h_250,q_70,strp/valencia_by_rossdraws_dcy9tlx-250t.jpg 183w,https://images-wixmp-ed30a86b8c4ca887773594c2.wixmp.com/intermediary/f/b013e38f-b1f0-4193-8d90-acfeae93d61a/dcy9tlx-1ccef0e6-b549-47f3-8881-f0a942b81511.jpg/v1/crop/w_256,h_350,x_0,y_0,scl_0.39538461538462,q_70,strp/valencia_by_rossdraws_dcy9tlx-350t.jpg 256w,https://images-wixmp-ed30a86b8c4ca887773594c2.wixmp.com/intermediary/f/b013e38f-b1f0-4193-8d90-acfeae93d61a/dcy9tlx-1ccef0e6-b549-47f3-8881-f0a942b81511.jpg/v1/fill/w_293,h_400,q_70,strp/valencia_by_rossdraws_dcy9tlx-400t.jpg 293w,https://images-wixmp-ed30a86b8c4ca887773594c2.wixmp.com/intermediary/f/b013e38f-b1f0-4193-8d90-acfeae93d61a/dcy9tlx-1ccef0e6-b549-47f3-8881-f0a942b81511.jpg 650w&quot; sizes=&quot;110px&quot;&gt;&lt;/a&gt;&lt;/span&gt;&lt;!-- ^TTT --&gt;&lt;!-- TTT$ --&gt;&lt;/span&gt;&amp;nbsp;&lt;span class=&quot;shadow-holder&quot; data-embed-type=&quot;deviation&quot; data-embed-id=&quot;768006073&quot; data-embed-format=&quot;thumb&quot;&gt;&lt;span class=&quot;shadow mild&quot; &gt;&lt;a class=&quot;thumb&quot; href=&quot;https://www.deviantart.com/rossdraws/art/Sword-Art-Online-YouTube-768006073&quot; title=&quot;Sword Art Online: YouTube by rossdraws, Oct 12, 2018 in Digital Art &amp;gt; Drawings &amp;amp; Paintings &amp;gt; People &amp;gt; Fantasy&quot;data-super-img=&quot;https://images-wixmp-ed30a86b8c4ca887773594c2.wixmp.com/intermediary/f/b013e38f-b1f0-4193-8d90-acfeae93d61a/dcp91a1-df842a60-b2e4-466f-a08d-18beeda5b01d.jpg&quot; data-super-width=&quot;750&quot; data-super-height=&quot;1039&quot; data-super-transparent=&quot;false&quot; data-super-alt=&quot;Sword Art Online: YouTube by rossdraws&quot; data-super-full-img=&quot;https://images-wixmp-ed30a86b8c4ca887773594c2.wixmp.com/intermediary/f/b013e38f-b1f0-4193-8d90-acfeae93d61a/dcp91a1-df842a60-b2e4-466f-a08d-18beeda5b01d.jpg&quot; data-super-full-width=&quot;750&quot; data-super-full-height=&quot;1039&quot;        data-sigil=&quot;thumb&quot;&gt;
        &lt;i&gt;&lt;/i&gt;&lt;img   width=&quot;108&quot; height=&quot;150&quot; alt=&quot;Sword Art Online: YouTube by rossdraws&quot; src=&quot;https://images-wixmp-ed30a86b8c4ca887773594c2.wixmp.com/intermediary/f/b013e38f-b1f0-4193-8d90-acfeae93d61a/dcp91a1-df842a60-b2e4-466f-a08d-18beeda5b01d.jpg/v1/fit/w_150,h_150,q_70,strp/sword_art_online__youtube_by_rossdraws_dcp91a1-150.jpg&quot; data-src=&quot;https://images-wixmp-ed30a86b8c4ca887773594c2.wixmp.com/intermediary/f/b013e38f-b1f0-4193-8d90-acfeae93d61a/dcp91a1-df842a60-b2e4-466f-a08d-18beeda5b01d.jpg/v1/fit/w_150,h_150,q_70,strp/sword_art_online__youtube_by_rossdraws_dcp91a1-150.jpg&quot; srcset=&quot;https://images-wixmp-ed30a86b8c4ca887773594c2.wixmp.com/intermediary/f/b013e38f-b1f0-4193-8d90-acfeae93d61a/dcp91a1-df842a60-b2e4-466f-a08d-18beeda5b01d.jpg/v1/fit/w_150,h_150,q_70,strp/sword_art_online__youtube_by_rossdraws_dcp91a1-150.jpg 108w,https://images-wixmp-ed30a86b8c4ca887773594c2.wixmp.com/intermediary/f/b013e38f-b1f0-4193-8d90-acfeae93d61a/dcp91a1-df842a60-b2e4-466f-a08d-18beeda5b01d.jpg/v1/crop/w_180,h_250,x_0,y_0,scl_0.24133333333333,q_70,strp/sword_art_online__youtube_by_rossdraws_dcp91a1-250t.jpg 180w,https://images-wixmp-ed30a86b8c4ca887773594c2.wixmp.com/intermediary/f/b013e38f-b1f0-4193-8d90-acfeae93d61a/dcp91a1-df842a60-b2e4-466f-a08d-18beeda5b01d.jpg/v1/fill/w_253,h_350,q_70,strp/sword_art_online__youtube_by_rossdraws_dcp91a1-350t.jpg 253w,https://images-wixmp-ed30a86b8c4ca887773594c2.wixmp.com/intermediary/f/b013e38f-b1f0-4193-8d90-acfeae93d61a/dcp91a1-df842a60-b2e4-466f-a08d-18beeda5b01d.jpg/v1/fill/w_289,h_400,q_70,strp/sword_art_online__youtube_by_rossdraws_dcp91a1-400t.jpg 289w,https://images-wixmp-ed30a86b8c4ca887773594c2.wixmp.com/intermediary/f/b013e38f-b1f0-4193-8d90-acfeae93d61a/dcp91a1-df842a60-b2e4-466f-a08d-18beeda5b01d.jpg 750w&quot; sizes=&quot;108px&quot;&gt;&lt;/a&gt;&lt;/span&gt;&lt;!-- ^TTT --&gt;&lt;!-- TTT$ --&gt;&lt;/span&gt;&lt;span class=&quot;shadow-holder&quot; data-embed-type=&quot;deviation&quot; data-embed-id=&quot;774237099&quot; data-embed-format=&quot;thumb&quot;&gt;&lt;span class=&quot;shadow mild&quot; &gt;&lt;a class=&quot;thumb&quot; href=&quot;https://www.deviantart.com/rossdraws/art/Disney-Princess-Battle-Royale-YouTube-774237099&quot; title=&quot;Disney Princess Battle Royale : YouTube! by rossdraws, Nov 27, 2018 in Fan Art &amp;gt; Digital Art &amp;gt; Painting &amp;amp; Airbrushing &amp;gt; Movies &amp;amp; TV&quot;data-super-img=&quot;https://images-wixmp-ed30a86b8c4ca887773594c2.wixmp.com/intermediary/f/b013e38f-b1f0-4193-8d90-acfeae93d61a/dcsyl63-eabb2dd4-6380-4a55-b869-fe839985a862.jpg/v1/fill/w_1127,h_709,q_70,strp/disney_princess_battle_royale___youtube__by_rossdraws_dcsyl63-pre.jpg&quot; data-super-width=&quot;1127&quot; data-super-height=&quot;709&quot; data-super-transparent=&quot;false&quot; data-super-alt=&quot;Disney Princess Battle Royale : YouTube! by rossdraws&quot; data-super-full-img=&quot;https://images-wixmp-ed30a86b8c4ca887773594c2.wixmp.com/intermediary/f/b013e38f-b1f0-4193-8d90-acfeae93d61a/dcsyl63-eabb2dd4-6380-4a55-b869-fe839985a862.jpg&quot; data-super-full-width=&quot;1200&quot; data-super-full-height=&quot;755&quot;        data-sigil=&quot;thumb&quot;&gt;
        &lt;i&gt;&lt;/i&gt;&lt;img   width=&quot;150&quot; height=&quot;94&quot; alt=&quot;Disney Princess Battle Royale : YouTube! by rossdraws&quot; src=&quot;https://images-wixmp-ed30a86b8c4ca887773594c2.wixmp.com/intermediary/f/b013e38f-b1f0-4193-8d90-acfeae93d61a/dcsyl63-eabb2dd4-6380-4a55-b869-fe839985a862.jpg/v1/fit/w_150,h_150,q_70,strp/disney_princess_battle_royale___youtube__by_rossdraws_dcsyl63-150.jpg&quot; data-src=&quot;https://images-wixmp-ed30a86b8c4ca887773594c2.wixmp.com/intermediary/f/b013e38f-b1f0-4193-8d90-acfeae93d61a/dcsyl63-eabb2dd4-6380-4a55-b869-fe839985a862.jpg/v1/fit/w_150,h_150,q_70,strp/disney_princess_battle_royale___youtube__by_rossdraws_dcsyl63-150.jpg&quot; srcset=&quot;https://images-wixmp-ed30a86b8c4ca887773594c2.wixmp.com/intermediary/f/b013e38f-b1f0-4193-8d90-acfeae93d61a/dcsyl63-eabb2dd4-6380-4a55-b869-fe839985a862.jpg/v1/fit/w_150,h_150,q_70,strp/disney_princess_battle_royale___youtube__by_rossdraws_dcsyl63-150.jpg 150w,https://images-wixmp-ed30a86b8c4ca887773594c2.wixmp.com/intermediary/f/b013e38f-b1f0-4193-8d90-acfeae93d61a/dcsyl63-eabb2dd4-6380-4a55-b869-fe839985a862.jpg/v1/fill/w_397,h_250,q_70,strp/disney_princess_battle_royale___youtube__by_rossdraws_dcsyl63-250t.jpg 397w,https://images-wixmp-ed30a86b8c4ca887773594c2.wixmp.com/intermediary/f/b013e38f-b1f0-4193-8d90-acfeae93d61a/dcsyl63-eabb2dd4-6380-4a55-b869-fe839985a862.jpg/v1/fill/w_556,h_350,q_70,strp/disney_princess_battle_royale___youtube__by_rossdraws_dcsyl63-350t.jpg 556w,https://images-wixmp-ed30a86b8c4ca887773594c2.wixmp.com/intermediary/f/b013e38f-b1f0-4193-8d90-acfeae93d61a/dcsyl63-eabb2dd4-6380-4a55-b869-fe839985a862.jpg/v1/fill/w_636,h_400,q_70,strp/disney_princess_battle_royale___youtube__by_rossdraws_dcsyl63-400t.jpg 636w,https://images-wixmp-ed30a86b8c4ca887773594c2.wixmp.com/intermediary/f/b013e38f-b1f0-4193-8d90-acfeae93d61a/dcsyl63-eabb2dd4-6380-4a55-b869-fe839985a862.jpg/v1/fill/w_1127,h_709,q_70,strp/disney_princess_battle_royale___youtube__by_rossdraws_dcsyl63-pre.jpg 1127w&quot; sizes=&quot;150px&quot;&gt;&lt;/a&gt;&lt;/span&gt;&lt;!-- ^TTT --&gt;&lt;!-- TTT$ --&gt;&lt;/span&gt;&amp;nbsp;&lt;span class=&quot;shadow-holder&quot; data-embed-type=&quot;deviation&quot; data-embed-id=&quot;761953912&quot; data-embed-format=&quot;thumb&quot;&gt;&lt;span class=&quot;shadow mild&quot; &gt;&lt;a class=&quot;thumb&quot; href=&quot;https://www.deviantart.com/rossdraws/art/Clarity-YouTube-761953912&quot; title=&quot;Clarity - YouTube by rossdraws, Aug 31, 2018 in Digital Art &amp;gt; Drawings &amp;amp; Paintings &amp;gt; Fantasy&quot;data-super-img=&quot;https://images-wixmp-ed30a86b8c4ca887773594c2.wixmp.com/intermediary/f/b013e38f-b1f0-4193-8d90-acfeae93d61a/dclnbeg-d9b7a34e-cc45-4865-97ba-931ce40665d1.jpg&quot; data-super-width=&quot;700&quot; data-super-height=&quot;1012&quot; data-super-transparent=&quot;false&quot; data-super-alt=&quot;Clarity - YouTube by rossdraws&quot; data-super-full-img=&quot;https://images-wixmp-ed30a86b8c4ca887773594c2.wixmp.com/intermediary/f/b013e38f-b1f0-4193-8d90-acfeae93d61a/dclnbeg-d9b7a34e-cc45-4865-97ba-931ce40665d1.jpg&quot; data-super-full-width=&quot;700&quot; data-super-full-height=&quot;1012&quot;        data-sigil=&quot;thumb&quot;&gt;
        &lt;i&gt;&lt;/i&gt;&lt;img   width=&quot;104&quot; height=&quot;150&quot; alt=&quot;Clarity - YouTube by rossdraws&quot; src=&quot;https://images-wixmp-ed30a86b8c4ca887773594c2.wixmp.com/intermediary/f/b013e38f-b1f0-4193-8d90-acfeae93d61a/dclnbeg-d9b7a34e-cc45-4865-97ba-931ce40665d1.jpg/v1/fit/w_150,h_150,q_70,strp/clarity___youtube_by_rossdraws_dclnbeg-150.jpg&quot; data-src=&quot;https://images-wixmp-ed30a86b8c4ca887773594c2.wixmp.com/intermediary/f/b013e38f-b1f0-4193-8d90-acfeae93d61a/dclnbeg-d9b7a34e-cc45-4865-97ba-931ce40665d1.jpg/v1/fit/w_150,h_150,q_70,strp/clarity___youtube_by_rossdraws_dclnbeg-150.jpg&quot; srcset=&quot;https://images-wixmp-ed30a86b8c4ca887773594c2.wixmp.com/intermediary/f/b013e38f-b1f0-4193-8d90-acfeae93d61a/dclnbeg-d9b7a34e-cc45-4865-97ba-931ce40665d1.jpg/v1/fit/w_150,h_150,q_70,strp/clarity___youtube_by_rossdraws_dclnbeg-150.jpg 104w,https://images-wixmp-ed30a86b8c4ca887773594c2.wixmp.com/intermediary/f/b013e38f-b1f0-4193-8d90-acfeae93d61a/dclnbeg-d9b7a34e-cc45-4865-97ba-931ce40665d1.jpg/v1/fill/w_173,h_250,q_70,strp/clarity___youtube_by_rossdraws_dclnbeg-250t.jpg 173w,https://images-wixmp-ed30a86b8c4ca887773594c2.wixmp.com/intermediary/f/b013e38f-b1f0-4193-8d90-acfeae93d61a/dclnbeg-d9b7a34e-cc45-4865-97ba-931ce40665d1.jpg/v1/fill/w_242,h_350,q_70,strp/clarity___youtube_by_rossdraws_dclnbeg-350t.jpg 242w,https://images-wixmp-ed30a86b8c4ca887773594c2.wixmp.com/intermediary/f/b013e38f-b1f0-4193-8d90-acfeae93d61a/dclnbeg-d9b7a34e-cc45-4865-97ba-931ce40665d1.jpg/v1/fill/w_277,h_400,q_70,strp/clarity___youtube_by_rossdraws_dclnbeg-400t.jpg 277w,https://images-wixmp-ed30a86b8c4ca887773594c2.wixmp.com/intermediary/f/b013e38f-b1f0-4193-8d90-acfeae93d61a/dclnbeg-d9b7a34e-cc45-4865-97ba-931ce40665d1.jpg 700w&quot; sizes=&quot;104px&quot;&gt;&lt;/a&gt;&lt;/span&gt;&lt;!-- ^TTT --&gt;&lt;!-- TTT$ --&gt;&lt;/span&gt;&amp;nbsp;&lt;span class=&quot;shadow-holder&quot; data-embed-type=&quot;deviation&quot; data-embed-id=&quot;748807248&quot; data-embed-format=&quot;thumb&quot;&gt;&lt;span class=&quot;shadow mild&quot; &gt;&lt;a class=&quot;thumb&quot; href=&quot;https://www.deviantart.com/rossdraws/art/Surf-Girl-YouTube-748807248&quot; title=&quot;Surf Girl : YouTube! by rossdraws, Jun 8, 2018 in Digital Art &amp;gt; Drawings &amp;amp; Paintings &amp;gt; People &amp;gt; Fantasy&quot;data-super-img=&quot;https://images-wixmp-ed30a86b8c4ca887773594c2.wixmp.com/intermediary/f/b013e38f-b1f0-4193-8d90-acfeae93d61a/dcdtjdc-2c8b0010-2ca7-4f24-b5cd-d4b38a786750.jpg&quot; data-super-width=&quot;1000&quot; data-super-height=&quot;565&quot; data-super-transparent=&quot;false&quot; data-super-alt=&quot;Surf Girl : YouTube! by rossdraws&quot; data-super-full-img=&quot;https://images-wixmp-ed30a86b8c4ca887773594c2.wixmp.com/intermediary/f/b013e38f-b1f0-4193-8d90-acfeae93d61a/dcdtjdc-2c8b0010-2ca7-4f24-b5cd-d4b38a786750.jpg&quot; data-super-full-width=&quot;1000&quot; data-super-full-height=&quot;565&quot;        data-sigil=&quot;thumb&quot;&gt;
        &lt;i&gt;&lt;/i&gt;&lt;img   width=&quot;150&quot; height=&quot;85&quot; alt=&quot;Surf Girl : YouTube! by rossdraws&quot; src=&quot;https://images-wixmp-ed30a86b8c4ca887773594c2.wixmp.com/intermediary/f/b013e38f-b1f0-4193-8d90-acfeae93d61a/dcdtjdc-2c8b0010-2ca7-4f24-b5cd-d4b38a786750.jpg/v1/fit/w_150,h_150,q_70,strp/surf_girl___youtube__by_rossdraws_dcdtjdc-150.jpg&quot; data-src=&quot;https://images-wixmp-ed30a86b8c4ca887773594c2.wixmp.com/intermediary/f/b013e38f-b1f0-4193-8d90-acfeae93d61a/dcdtjdc-2c8b0010-2ca7-4f24-b5cd-d4b38a786750.jpg/v1/fit/w_150,h_150,q_70,strp/surf_girl___youtube__by_rossdraws_dcdtjdc-150.jpg&quot; srcset=&quot;https://images-wixmp-ed30a86b8c4ca887773594c2.wixmp.com/intermediary/f/b013e38f-b1f0-4193-8d90-acfeae93d61a/dcdtjdc-2c8b0010-2ca7-4f24-b5cd-d4b38a786750.jpg/v1/fit/w_150,h_150,q_70,strp/surf_girl___youtube__by_rossdraws_dcdtjdc-150.jpg 150w,https://images-wixmp-ed30a86b8c4ca887773594c2.wixmp.com/intermediary/f/b013e38f-b1f0-4193-8d90-acfeae93d61a/dcdtjdc-2c8b0010-2ca7-4f24-b5cd-d4b38a786750.jpg/v1/fill/w_442,h_250,q_70,strp/surf_girl___youtube__by_rossdraws_dcdtjdc-250t.jpg 442w,https://images-wixmp-ed30a86b8c4ca887773594c2.wixmp.com/intermediary/f/b013e38f-b1f0-4193-8d90-acfeae93d61a/dcdtjdc-2c8b0010-2ca7-4f24-b5cd-d4b38a786750.jpg/v1/fill/w_619,h_350,q_70,strp/surf_girl___youtube__by_rossdraws_dcdtjdc-350t.jpg 619w,https://images-wixmp-ed30a86b8c4ca887773594c2.wixmp.com/intermediary/f/b013e38f-b1f0-4193-8d90-acfeae93d61a/dcdtjdc-2c8b0010-2ca7-4f24-b5cd-d4b38a786750.jpg/v1/fill/w_708,h_400,q_70,strp/surf_girl___youtube__by_rossdraws_dcdtjdc-400t.jpg 708w,https://images-wixmp-ed30a86b8c4ca887773594c2.wixmp.com/intermediary/f/b013e38f-b1f0-4193-8d90-acfeae93d61a/dcdtjdc-2c8b0010-2ca7-4f24-b5cd-d4b38a786750.jpg 1000w&quot; sizes=&quot;150px&quot;&gt;&lt;/a&gt;&lt;/span&gt;&lt;!-- ^TTT --&gt;&lt;!-- TTT$ --&gt;&lt;/span&gt;&lt;/div&gt;</media:description>            <media:thumbnail url="https://t00.deviantart.net/-vYRyMuWDvUfbCauKOuOeEj1_gg=/fit-in/150x150/filters:no_upscale():origin()/pre00/4bf1/th/pre/f/2019/030/8/b/touch_by_rossdraws-dcyey4s.jpg" height="150" width="125"/>            <media:thumbnail url="https://t00.deviantart.net/js6WjtZ53h0zSRx78EQc9pSYC-k=/fit-in/300x900/filters:no_upscale():origin()/pre00/4bf1/th/pre/f/2019/030/8/b/touch_by_rossdraws-dcyey4s.jpg" height="360" width="300"/>            <media:thumbnail url="https://t00.deviantart.net/517FWwxjyvgHOdV4ZrjQPgQ-nOY=/300x200/filters:fixed_height(100,100):origin()/pre00/4bf1/th/pre/f/2019/030/8/b/touch_by_rossdraws-dcyey4s.jpg" height="200" width="167"/>            <media:content url="https://orig00.deviantart.net/fc8d/f/2019/030/8/b/touch_by_rossdraws-dcyey4s.jpg" height="899" width="750" medium="image"/>            
            <description>&lt;div align=&quot;-webkit-center&quot;&gt;&lt;div align=&quot;center&quot;&gt;&lt;p&gt;Just finished this personal piece last night for a monthly community contest over on my Discord! The theme was Light and Dark. I really enjoyed working on this so hope you like it. And this video tutorial will be out on my &lt;a class=&quot;external&quot; href=&quot;https://www.deviantart.com/users/outgoing?https://www.patreon.com/Rossdraws&quot;&gt;Patreon&lt;/a&gt; soon!&amp;nbsp;&lt;a href=&quot;https://www.deviantart.com/roxaspikachu/art/Pikachu-waves-402736669&quot; class=&quot;emoticon&quot; data-embed-type=&quot;emoticon&quot; data-embed-id=&quot;402736669&quot; data-embed-profile=&quot;deviation&quot;&gt;&lt;img src=&quot;https://orig00.deviantart.net/74fa/f/2015/183/c/6/c6d59aeba1d29b80aabc85aa253e405c-d6ns1lp.gif&quot; alt=&quot;Pikachu waves&quot; style=&quot;width:40px;height:50px&quot;&gt;&lt;/a&gt;&amp;nbsp;&lt;br /&gt;&lt;br /&gt;If you&#039;d like to join our art community and participate in our monthly challenges, feel free to join our Discord!&amp;nbsp;&lt;br /&gt;&lt;a href=&quot;https://www.deviantart.com/users/outgoing?http://discord.gg/colordodge&quot;&gt;&lt;a class=&quot;external&quot; href=&quot;https://www.deviantart.com/users/outgoing?http://discord.gg/colordodge&quot;&gt;discord.gg/colordodge&lt;/a&gt;&lt;/a&gt;&lt;br /&gt;&lt;br /&gt;&lt;b&gt;&lt;br /&gt;&lt;/b&gt;&lt;a href=&quot;https://www.deviantart.com/vitavitachan/art/Arrow-Right-Pink-735795416&quot; class=&quot;emoticon&quot; data-embed-type=&quot;emoticon&quot; data-embed-id=&quot;735795416&quot; data-embed-profile=&quot;deviation&quot;&gt;&lt;img src=&quot;https://orig00.deviantart.net/bff1/f/2018/075/a/4/arrow_right_pink_by_vitavitachan-dc62ndk.gif&quot; alt=&quot;Arrow Right Pink&quot; style=&quot;width:13px;height:13px&quot;&gt;&lt;/a&gt;&lt;b&gt;New Print Shop!:&amp;nbsp;&lt;/b&gt;&lt;a href=&quot;https://www.deviantart.com/users/outgoing?https://www.rossdraws.com/shop&quot;&gt;&lt;a class=&quot;external&quot; href=&quot;https://www.deviantart.com/users/outgoing?https://www.rossdraws.com/shop&quot;&gt;www.rossdraws.com/shop&lt;/a&gt;&lt;/a&gt;&lt;br /&gt;&lt;br /&gt;&lt;i&gt;Support me on Patreon for Tutorials and Goodies!&lt;/i&gt;&lt;br /&gt;&amp;#128310; &lt;a class=&quot;external&quot; href=&quot;https://www.deviantart.com/users/outgoing?https://www.patreon.com/Rossdraws&quot;&gt;www.patreon.com/Rossdraws&lt;/a&gt; &amp;#128310;&amp;nbsp;&lt;br /&gt;&lt;/p&gt;&lt;/div&gt;&lt;span&gt;&amp;nbsp;&amp;#11093;&amp;#65039;&amp;#11093;&amp;#65039;&amp;nbsp;&amp;nbsp;&lt;a href=&quot;https://www.deviantart.com/users/outgoing?https://www.rossdraws.com/&quot;&gt;&lt;/a&gt;&lt;a class=&quot;external&quot; href=&quot;https://www.deviantart.com/users/outgoing?https://www.rossdraws.com/&quot;&gt;&lt;b&gt;Official Store and Site&amp;nbsp;&lt;/b&gt;&lt;/a&gt;&amp;nbsp; &amp;#11093;&amp;#65039;&amp;#11093;&amp;#65039;&amp;nbsp;&lt;/span&gt;&lt;div align=&quot;center&quot;&gt;&lt;br /&gt;&lt;/div&gt;&lt;div align=&quot;center&quot;&gt;&lt;a class=&quot;external&quot; href=&quot;https://www.deviantart.com/users/outgoing?https://www.youtube.com/c/rossdraws&quot;&gt;YOUTUBE!!!&lt;/a&gt;&amp;nbsp;&amp;#128310;&amp;nbsp;&lt;a class=&quot;external&quot; href=&quot;https://www.deviantart.com/users/outgoing?https://instagram.com/rossdraws/&quot;&gt;Instagram!&lt;/a&gt;&amp;#128310;&amp;nbsp;&lt;a class=&quot;external&quot; href=&quot;https://www.deviantart.com/users/outgoing?https://gumroad.com/rossdraws&quot;&gt;Tutorial Store&lt;/a&gt;&amp;nbsp;&amp;#128310;&amp;nbsp;&lt;a class=&quot;external&quot; href=&quot;https://www.deviantart.com/users/outgoing?http://rossdraws.tumblr.com/&quot;&gt;Tumblr!&lt;/a&gt;&amp;nbsp;&amp;#128310;&amp;nbsp;&lt;a class=&quot;external&quot; href=&quot;https://www.deviantart.com/users/outgoing?https://www.facebook.com/rossdraws&quot;&gt;Facebook!&lt;/a&gt;&amp;nbsp;&amp;#128310;&lt;/div&gt;&lt;/div&gt;&lt;p align=&quot;left&quot;&gt;&lt;/p&gt;&lt;div align=&quot;-webkit-center&quot;&gt;&lt;br /&gt;&lt;span class=&quot;shadow-holder&quot; data-embed-type=&quot;deviation&quot; data-embed-id=&quot;775753174&quot; data-embed-format=&quot;thumb&quot;&gt;&lt;span class=&quot;shadow mild&quot; &gt;&lt;a class=&quot;thumb&quot; href=&quot;https://www.deviantart.com/rossdraws/art/Super-Smash-Bros-YouTube-775753174&quot; title=&quot;Super Smash Bros. : YouTube! by rossdraws, Dec 7, 2018 in Fan Art &amp;gt; Digital Art &amp;gt; Painting &amp;amp; Airbrushing &amp;gt; Games&quot;data-super-img=&quot;https://images-wixmp-ed30a86b8c4ca887773594c2.wixmp.com/intermediary/f/b013e38f-b1f0-4193-8d90-acfeae93d61a/dctv2za-2bee542b-6b7e-4943-a2ec-64e7f62ac69a.jpg&quot; data-super-width=&quot;700&quot; data-super-height=&quot;940&quot; data-super-transparent=&quot;false&quot; data-super-alt=&quot;Super Smash Bros. : YouTube! by rossdraws&quot; data-super-full-img=&quot;https://images-wixmp-ed30a86b8c4ca887773594c2.wixmp.com/intermediary/f/b013e38f-b1f0-4193-8d90-acfeae93d61a/dctv2za-2bee542b-6b7e-4943-a2ec-64e7f62ac69a.jpg&quot; data-super-full-width=&quot;700&quot; data-super-full-height=&quot;940&quot;        data-sigil=&quot;thumb&quot;&gt;
        &lt;i&gt;&lt;/i&gt;&lt;img   width=&quot;112&quot; height=&quot;150&quot; alt=&quot;Super Smash Bros. : YouTube! by rossdraws&quot; src=&quot;https://images-wixmp-ed30a86b8c4ca887773594c2.wixmp.com/intermediary/f/b013e38f-b1f0-4193-8d90-acfeae93d61a/dctv2za-2bee542b-6b7e-4943-a2ec-64e7f62ac69a.jpg/v1/fit/w_150,h_150,q_70,strp/super_smash_bros____youtube__by_rossdraws_dctv2za-150.jpg&quot; data-src=&quot;https://images-wixmp-ed30a86b8c4ca887773594c2.wixmp.com/intermediary/f/b013e38f-b1f0-4193-8d90-acfeae93d61a/dctv2za-2bee542b-6b7e-4943-a2ec-64e7f62ac69a.jpg/v1/fit/w_150,h_150,q_70,strp/super_smash_bros____youtube__by_rossdraws_dctv2za-150.jpg&quot; srcset=&quot;https://images-wixmp-ed30a86b8c4ca887773594c2.wixmp.com/intermediary/f/b013e38f-b1f0-4193-8d90-acfeae93d61a/dctv2za-2bee542b-6b7e-4943-a2ec-64e7f62ac69a.jpg/v1/fit/w_150,h_150,q_70,strp/super_smash_bros____youtube__by_rossdraws_dctv2za-150.jpg 112w,https://images-wixmp-ed30a86b8c4ca887773594c2.wixmp.com/intermediary/f/b013e38f-b1f0-4193-8d90-acfeae93d61a/dctv2za-2bee542b-6b7e-4943-a2ec-64e7f62ac69a.jpg/v1/fill/w_186,h_250,q_70,strp/super_smash_bros____youtube__by_rossdraws_dctv2za-250t.jpg 186w,https://images-wixmp-ed30a86b8c4ca887773594c2.wixmp.com/intermediary/f/b013e38f-b1f0-4193-8d90-acfeae93d61a/dctv2za-2bee542b-6b7e-4943-a2ec-64e7f62ac69a.jpg/v1/fill/w_261,h_350,q_70,strp/super_smash_bros____youtube__by_rossdraws_dctv2za-350t.jpg 261w,https://images-wixmp-ed30a86b8c4ca887773594c2.wixmp.com/intermediary/f/b013e38f-b1f0-4193-8d90-acfeae93d61a/dctv2za-2bee542b-6b7e-4943-a2ec-64e7f62ac69a.jpg/v1/fill/w_298,h_400,q_70,strp/super_smash_bros____youtube__by_rossdraws_dctv2za-400t.jpg 298w,https://images-wixmp-ed30a86b8c4ca887773594c2.wixmp.com/intermediary/f/b013e38f-b1f0-4193-8d90-acfeae93d61a/dctv2za-2bee542b-6b7e-4943-a2ec-64e7f62ac69a.jpg 700w&quot; sizes=&quot;112px&quot;&gt;&lt;/a&gt;&lt;/span&gt;&lt;!-- ^TTT --&gt;&lt;!-- TTT$ --&gt;&lt;/span&gt;&lt;span class=&quot;shadow-holder&quot; data-embed-type=&quot;deviation&quot; data-embed-id=&quot;783159333&quot; data-embed-format=&quot;thumb&quot;&gt;&lt;span class=&quot;shadow mild&quot; &gt;&lt;a class=&quot;thumb&quot; href=&quot;https://www.deviantart.com/rossdraws/art/Valencia-783159333&quot; title=&quot;Valencia by rossdraws, Jan 28, 2019 in Digital Art &amp;gt; Drawings &amp;amp; Paintings &amp;gt; People &amp;gt; Fantasy&quot;data-super-img=&quot;https://images-wixmp-ed30a86b8c4ca887773594c2.wixmp.com/intermediary/f/b013e38f-b1f0-4193-8d90-acfeae93d61a/dcy9tlx-1ccef0e6-b549-47f3-8881-f0a942b81511.jpg&quot; data-super-width=&quot;650&quot; data-super-height=&quot;887&quot; data-super-transparent=&quot;false&quot; data-super-alt=&quot;Valencia by rossdraws&quot; data-super-full-img=&quot;https://images-wixmp-ed30a86b8c4ca887773594c2.wixmp.com/intermediary/f/b013e38f-b1f0-4193-8d90-acfeae93d61a/dcy9tlx-1ccef0e6-b549-47f3-8881-f0a942b81511.jpg&quot; data-super-full-width=&quot;650&quot; data-super-full-height=&quot;887&quot;        data-sigil=&quot;thumb&quot;&gt;
        &lt;i&gt;&lt;/i&gt;&lt;img   width=&quot;110&quot; height=&quot;150&quot; alt=&quot;Valencia by rossdraws&quot; src=&quot;https://images-wixmp-ed30a86b8c4ca887773594c2.wixmp.com/intermediary/f/b013e38f-b1f0-4193-8d90-acfeae93d61a/dcy9tlx-1ccef0e6-b549-47f3-8881-f0a942b81511.jpg/v1/fit/w_150,h_150,q_70,strp/valencia_by_rossdraws_dcy9tlx-150.jpg&quot; data-src=&quot;https://images-wixmp-ed30a86b8c4ca887773594c2.wixmp.com/intermediary/f/b013e38f-b1f0-4193-8d90-acfeae93d61a/dcy9tlx-1ccef0e6-b549-47f3-8881-f0a942b81511.jpg/v1/fit/w_150,h_150,q_70,strp/valencia_by_rossdraws_dcy9tlx-150.jpg&quot; srcset=&quot;https://images-wixmp-ed30a86b8c4ca887773594c2.wixmp.com/intermediary/f/b013e38f-b1f0-4193-8d90-acfeae93d61a/dcy9tlx-1ccef0e6-b549-47f3-8881-f0a942b81511.jpg/v1/fit/w_150,h_150,q_70,strp/valencia_by_rossdraws_dcy9tlx-150.jpg 110w,https://images-wixmp-ed30a86b8c4ca887773594c2.wixmp.com/intermediary/f/b013e38f-b1f0-4193-8d90-acfeae93d61a/dcy9tlx-1ccef0e6-b549-47f3-8881-f0a942b81511.jpg/v1/fill/w_183,h_250,q_70,strp/valencia_by_rossdraws_dcy9tlx-250t.jpg 183w,https://images-wixmp-ed30a86b8c4ca887773594c2.wixmp.com/intermediary/f/b013e38f-b1f0-4193-8d90-acfeae93d61a/dcy9tlx-1ccef0e6-b549-47f3-8881-f0a942b81511.jpg/v1/crop/w_256,h_350,x_0,y_0,scl_0.39538461538462,q_70,strp/valencia_by_rossdraws_dcy9tlx-350t.jpg 256w,https://images-wixmp-ed30a86b8c4ca887773594c2.wixmp.com/intermediary/f/b013e38f-b1f0-4193-8d90-acfeae93d61a/dcy9tlx-1ccef0e6-b549-47f3-8881-f0a942b81511.jpg/v1/fill/w_293,h_400,q_70,strp/valencia_by_rossdraws_dcy9tlx-400t.jpg 293w,https://images-wixmp-ed30a86b8c4ca887773594c2.wixmp.com/intermediary/f/b013e38f-b1f0-4193-8d90-acfeae93d61a/dcy9tlx-1ccef0e6-b549-47f3-8881-f0a942b81511.jpg 650w&quot; sizes=&quot;110px&quot;&gt;&lt;/a&gt;&lt;/span&gt;&lt;!-- ^TTT --&gt;&lt;!-- TTT$ --&gt;&lt;/span&gt;&amp;nbsp;&lt;span class=&quot;shadow-holder&quot; data-embed-type=&quot;deviation&quot; data-embed-id=&quot;768006073&quot; data-embed-format=&quot;thumb&quot;&gt;&lt;span class=&quot;shadow mild&quot; &gt;&lt;a class=&quot;thumb&quot; href=&quot;https://www.deviantart.com/rossdraws/art/Sword-Art-Online-YouTube-768006073&quot; title=&quot;Sword Art Online: YouTube by rossdraws, Oct 12, 2018 in Digital Art &amp;gt; Drawings &amp;amp; Paintings &amp;gt; People &amp;gt; Fantasy&quot;data-super-img=&quot;https://images-wixmp-ed30a86b8c4ca887773594c2.wixmp.com/intermediary/f/b013e38f-b1f0-4193-8d90-acfeae93d61a/dcp91a1-df842a60-b2e4-466f-a08d-18beeda5b01d.jpg&quot; data-super-width=&quot;750&quot; data-super-height=&quot;1039&quot; data-super-transparent=&quot;false&quot; data-super-alt=&quot;Sword Art Online: YouTube by rossdraws&quot; data-super-full-img=&quot;https://images-wixmp-ed30a86b8c4ca887773594c2.wixmp.com/intermediary/f/b013e38f-b1f0-4193-8d90-acfeae93d61a/dcp91a1-df842a60-b2e4-466f-a08d-18beeda5b01d.jpg&quot; data-super-full-width=&quot;750&quot; data-super-full-height=&quot;1039&quot;        data-sigil=&quot;thumb&quot;&gt;
        &lt;i&gt;&lt;/i&gt;&lt;img   width=&quot;108&quot; height=&quot;150&quot; alt=&quot;Sword Art Online: YouTube by rossdraws&quot; src=&quot;https://images-wixmp-ed30a86b8c4ca887773594c2.wixmp.com/intermediary/f/b013e38f-b1f0-4193-8d90-acfeae93d61a/dcp91a1-df842a60-b2e4-466f-a08d-18beeda5b01d.jpg/v1/fit/w_150,h_150,q_70,strp/sword_art_online__youtube_by_rossdraws_dcp91a1-150.jpg&quot; data-src=&quot;https://images-wixmp-ed30a86b8c4ca887773594c2.wixmp.com/intermediary/f/b013e38f-b1f0-4193-8d90-acfeae93d61a/dcp91a1-df842a60-b2e4-466f-a08d-18beeda5b01d.jpg/v1/fit/w_150,h_150,q_70,strp/sword_art_online__youtube_by_rossdraws_dcp91a1-150.jpg&quot; srcset=&quot;https://images-wixmp-ed30a86b8c4ca887773594c2.wixmp.com/intermediary/f/b013e38f-b1f0-4193-8d90-acfeae93d61a/dcp91a1-df842a60-b2e4-466f-a08d-18beeda5b01d.jpg/v1/fit/w_150,h_150,q_70,strp/sword_art_online__youtube_by_rossdraws_dcp91a1-150.jpg 108w,https://images-wixmp-ed30a86b8c4ca887773594c2.wixmp.com/intermediary/f/b013e38f-b1f0-4193-8d90-acfeae93d61a/dcp91a1-df842a60-b2e4-466f-a08d-18beeda5b01d.jpg/v1/crop/w_180,h_250,x_0,y_0,scl_0.24133333333333,q_70,strp/sword_art_online__youtube_by_rossdraws_dcp91a1-250t.jpg 180w,https://images-wixmp-ed30a86b8c4ca887773594c2.wixmp.com/intermediary/f/b013e38f-b1f0-4193-8d90-acfeae93d61a/dcp91a1-df842a60-b2e4-466f-a08d-18beeda5b01d.jpg/v1/fill/w_253,h_350,q_70,strp/sword_art_online__youtube_by_rossdraws_dcp91a1-350t.jpg 253w,https://images-wixmp-ed30a86b8c4ca887773594c2.wixmp.com/intermediary/f/b013e38f-b1f0-4193-8d90-acfeae93d61a/dcp91a1-df842a60-b2e4-466f-a08d-18beeda5b01d.jpg/v1/fill/w_289,h_400,q_70,strp/sword_art_online__youtube_by_rossdraws_dcp91a1-400t.jpg 289w,https://images-wixmp-ed30a86b8c4ca887773594c2.wixmp.com/intermediary/f/b013e38f-b1f0-4193-8d90-acfeae93d61a/dcp91a1-df842a60-b2e4-466f-a08d-18beeda5b01d.jpg 750w&quot; sizes=&quot;108px&quot;&gt;&lt;/a&gt;&lt;/span&gt;&lt;!-- ^TTT --&gt;&lt;!-- TTT$ --&gt;&lt;/span&gt;&lt;span class=&quot;shadow-holder&quot; data-embed-type=&quot;deviation&quot; data-embed-id=&quot;774237099&quot; data-embed-format=&quot;thumb&quot;&gt;&lt;span class=&quot;shadow mild&quot; &gt;&lt;a class=&quot;thumb&quot; href=&quot;https://www.deviantart.com/rossdraws/art/Disney-Princess-Battle-Royale-YouTube-774237099&quot; title=&quot;Disney Princess Battle Royale : YouTube! by rossdraws, Nov 27, 2018 in Fan Art &amp;gt; Digital Art &amp;gt; Painting &amp;amp; Airbrushing &amp;gt; Movies &amp;amp; TV&quot;data-super-img=&quot;https://images-wixmp-ed30a86b8c4ca887773594c2.wixmp.com/intermediary/f/b013e38f-b1f0-4193-8d90-acfeae93d61a/dcsyl63-eabb2dd4-6380-4a55-b869-fe839985a862.jpg/v1/fill/w_1127,h_709,q_70,strp/disney_princess_battle_royale___youtube__by_rossdraws_dcsyl63-pre.jpg&quot; data-super-width=&quot;1127&quot; data-super-height=&quot;709&quot; data-super-transparent=&quot;false&quot; data-super-alt=&quot;Disney Princess Battle Royale : YouTube! by rossdraws&quot; data-super-full-img=&quot;https://images-wixmp-ed30a86b8c4ca887773594c2.wixmp.com/intermediary/f/b013e38f-b1f0-4193-8d90-acfeae93d61a/dcsyl63-eabb2dd4-6380-4a55-b869-fe839985a862.jpg&quot; data-super-full-width=&quot;1200&quot; data-super-full-height=&quot;755&quot;        data-sigil=&quot;thumb&quot;&gt;
        &lt;i&gt;&lt;/i&gt;&lt;img   width=&quot;150&quot; height=&quot;94&quot; alt=&quot;Disney Princess Battle Royale : YouTube! by rossdraws&quot; src=&quot;https://images-wixmp-ed30a86b8c4ca887773594c2.wixmp.com/intermediary/f/b013e38f-b1f0-4193-8d90-acfeae93d61a/dcsyl63-eabb2dd4-6380-4a55-b869-fe839985a862.jpg/v1/fit/w_150,h_150,q_70,strp/disney_princess_battle_royale___youtube__by_rossdraws_dcsyl63-150.jpg&quot; data-src=&quot;https://images-wixmp-ed30a86b8c4ca887773594c2.wixmp.com/intermediary/f/b013e38f-b1f0-4193-8d90-acfeae93d61a/dcsyl63-eabb2dd4-6380-4a55-b869-fe839985a862.jpg/v1/fit/w_150,h_150,q_70,strp/disney_princess_battle_royale___youtube__by_rossdraws_dcsyl63-150.jpg&quot; srcset=&quot;https://images-wixmp-ed30a86b8c4ca887773594c2.wixmp.com/intermediary/f/b013e38f-b1f0-4193-8d90-acfeae93d61a/dcsyl63-eabb2dd4-6380-4a55-b869-fe839985a862.jpg/v1/fit/w_150,h_150,q_70,strp/disney_princess_battle_royale___youtube__by_rossdraws_dcsyl63-150.jpg 150w,https://images-wixmp-ed30a86b8c4ca887773594c2.wixmp.com/intermediary/f/b013e38f-b1f0-4193-8d90-acfeae93d61a/dcsyl63-eabb2dd4-6380-4a55-b869-fe839985a862.jpg/v1/fill/w_397,h_250,q_70,strp/disney_princess_battle_royale___youtube__by_rossdraws_dcsyl63-250t.jpg 397w,https://images-wixmp-ed30a86b8c4ca887773594c2.wixmp.com/intermediary/f/b013e38f-b1f0-4193-8d90-acfeae93d61a/dcsyl63-eabb2dd4-6380-4a55-b869-fe839985a862.jpg/v1/fill/w_556,h_350,q_70,strp/disney_princess_battle_royale___youtube__by_rossdraws_dcsyl63-350t.jpg 556w,https://images-wixmp-ed30a86b8c4ca887773594c2.wixmp.com/intermediary/f/b013e38f-b1f0-4193-8d90-acfeae93d61a/dcsyl63-eabb2dd4-6380-4a55-b869-fe839985a862.jpg/v1/fill/w_636,h_400,q_70,strp/disney_princess_battle_royale___youtube__by_rossdraws_dcsyl63-400t.jpg 636w,https://images-wixmp-ed30a86b8c4ca887773594c2.wixmp.com/intermediary/f/b013e38f-b1f0-4193-8d90-acfeae93d61a/dcsyl63-eabb2dd4-6380-4a55-b869-fe839985a862.jpg/v1/fill/w_1127,h_709,q_70,strp/disney_princess_battle_royale___youtube__by_rossdraws_dcsyl63-pre.jpg 1127w&quot; sizes=&quot;150px&quot;&gt;&lt;/a&gt;&lt;/span&gt;&lt;!-- ^TTT --&gt;&lt;!-- TTT$ --&gt;&lt;/span&gt;&amp;nbsp;&lt;span class=&quot;shadow-holder&quot; data-embed-type=&quot;deviation&quot; data-embed-id=&quot;761953912&quot; data-embed-format=&quot;thumb&quot;&gt;&lt;span class=&quot;shadow mild&quot; &gt;&lt;a class=&quot;thumb&quot; href=&quot;https://www.deviantart.com/rossdraws/art/Clarity-YouTube-761953912&quot; title=&quot;Clarity - YouTube by rossdraws, Aug 31, 2018 in Digital Art &amp;gt; Drawings &amp;amp; Paintings &amp;gt; Fantasy&quot;data-super-img=&quot;https://images-wixmp-ed30a86b8c4ca887773594c2.wixmp.com/intermediary/f/b013e38f-b1f0-4193-8d90-acfeae93d61a/dclnbeg-d9b7a34e-cc45-4865-97ba-931ce40665d1.jpg&quot; data-super-width=&quot;700&quot; data-super-height=&quot;1012&quot; data-super-transparent=&quot;false&quot; data-super-alt=&quot;Clarity - YouTube by rossdraws&quot; data-super-full-img=&quot;https://images-wixmp-ed30a86b8c4ca887773594c2.wixmp.com/intermediary/f/b013e38f-b1f0-4193-8d90-acfeae93d61a/dclnbeg-d9b7a34e-cc45-4865-97ba-931ce40665d1.jpg&quot; data-super-full-width=&quot;700&quot; data-super-full-height=&quot;1012&quot;        data-sigil=&quot;thumb&quot;&gt;
        &lt;i&gt;&lt;/i&gt;&lt;img   width=&quot;104&quot; height=&quot;150&quot; alt=&quot;Clarity - YouTube by rossdraws&quot; src=&quot;https://images-wixmp-ed30a86b8c4ca887773594c2.wixmp.com/intermediary/f/b013e38f-b1f0-4193-8d90-acfeae93d61a/dclnbeg-d9b7a34e-cc45-4865-97ba-931ce40665d1.jpg/v1/fit/w_150,h_150,q_70,strp/clarity___youtube_by_rossdraws_dclnbeg-150.jpg&quot; data-src=&quot;https://images-wixmp-ed30a86b8c4ca887773594c2.wixmp.com/intermediary/f/b013e38f-b1f0-4193-8d90-acfeae93d61a/dclnbeg-d9b7a34e-cc45-4865-97ba-931ce40665d1.jpg/v1/fit/w_150,h_150,q_70,strp/clarity___youtube_by_rossdraws_dclnbeg-150.jpg&quot; srcset=&quot;https://images-wixmp-ed30a86b8c4ca887773594c2.wixmp.com/intermediary/f/b013e38f-b1f0-4193-8d90-acfeae93d61a/dclnbeg-d9b7a34e-cc45-4865-97ba-931ce40665d1.jpg/v1/fit/w_150,h_150,q_70,strp/clarity___youtube_by_rossdraws_dclnbeg-150.jpg 104w,https://images-wixmp-ed30a86b8c4ca887773594c2.wixmp.com/intermediary/f/b013e38f-b1f0-4193-8d90-acfeae93d61a/dclnbeg-d9b7a34e-cc45-4865-97ba-931ce40665d1.jpg/v1/fill/w_173,h_250,q_70,strp/clarity___youtube_by_rossdraws_dclnbeg-250t.jpg 173w,https://images-wixmp-ed30a86b8c4ca887773594c2.wixmp.com/intermediary/f/b013e38f-b1f0-4193-8d90-acfeae93d61a/dclnbeg-d9b7a34e-cc45-4865-97ba-931ce40665d1.jpg/v1/fill/w_242,h_350,q_70,strp/clarity___youtube_by_rossdraws_dclnbeg-350t.jpg 242w,https://images-wixmp-ed30a86b8c4ca887773594c2.wixmp.com/intermediary/f/b013e38f-b1f0-4193-8d90-acfeae93d61a/dclnbeg-d9b7a34e-cc45-4865-97ba-931ce40665d1.jpg/v1/fill/w_277,h_400,q_70,strp/clarity___youtube_by_rossdraws_dclnbeg-400t.jpg 277w,https://images-wixmp-ed30a86b8c4ca887773594c2.wixmp.com/intermediary/f/b013e38f-b1f0-4193-8d90-acfeae93d61a/dclnbeg-d9b7a34e-cc45-4865-97ba-931ce40665d1.jpg 700w&quot; sizes=&quot;104px&quot;&gt;&lt;/a&gt;&lt;/span&gt;&lt;!-- ^TTT --&gt;&lt;!-- TTT$ --&gt;&lt;/span&gt;&amp;nbsp;&lt;span class=&quot;shadow-holder&quot; data-embed-type=&quot;deviation&quot; data-embed-id=&quot;748807248&quot; data-embed-format=&quot;thumb&quot;&gt;&lt;span class=&quot;shadow mild&quot; &gt;&lt;a class=&quot;thumb&quot; href=&quot;https://www.deviantart.com/rossdraws/art/Surf-Girl-YouTube-748807248&quot; title=&quot;Surf Girl : YouTube! by rossdraws, Jun 8, 2018 in Digital Art &amp;gt; Drawings &amp;amp; Paintings &amp;gt; People &amp;gt; Fantasy&quot;data-super-img=&quot;https://images-wixmp-ed30a86b8c4ca887773594c2.wixmp.com/intermediary/f/b013e38f-b1f0-4193-8d90-acfeae93d61a/dcdtjdc-2c8b0010-2ca7-4f24-b5cd-d4b38a786750.jpg&quot; data-super-width=&quot;1000&quot; data-super-height=&quot;565&quot; data-super-transparent=&quot;false&quot; data-super-alt=&quot;Surf Girl : YouTube! by rossdraws&quot; data-super-full-img=&quot;https://images-wixmp-ed30a86b8c4ca887773594c2.wixmp.com/intermediary/f/b013e38f-b1f0-4193-8d90-acfeae93d61a/dcdtjdc-2c8b0010-2ca7-4f24-b5cd-d4b38a786750.jpg&quot; data-super-full-width=&quot;1000&quot; data-super-full-height=&quot;565&quot;        data-sigil=&quot;thumb&quot;&gt;
        &lt;i&gt;&lt;/i&gt;&lt;img   width=&quot;150&quot; height=&quot;85&quot; alt=&quot;Surf Girl : YouTube! by rossdraws&quot; src=&quot;https://images-wixmp-ed30a86b8c4ca887773594c2.wixmp.com/intermediary/f/b013e38f-b1f0-4193-8d90-acfeae93d61a/dcdtjdc-2c8b0010-2ca7-4f24-b5cd-d4b38a786750.jpg/v1/fit/w_150,h_150,q_70,strp/surf_girl___youtube__by_rossdraws_dcdtjdc-150.jpg&quot; data-src=&quot;https://images-wixmp-ed30a86b8c4ca887773594c2.wixmp.com/intermediary/f/b013e38f-b1f0-4193-8d90-acfeae93d61a/dcdtjdc-2c8b0010-2ca7-4f24-b5cd-d4b38a786750.jpg/v1/fit/w_150,h_150,q_70,strp/surf_girl___youtube__by_rossdraws_dcdtjdc-150.jpg&quot; srcset=&quot;https://images-wixmp-ed30a86b8c4ca887773594c2.wixmp.com/intermediary/f/b013e38f-b1f0-4193-8d90-acfeae93d61a/dcdtjdc-2c8b0010-2ca7-4f24-b5cd-d4b38a786750.jpg/v1/fit/w_150,h_150,q_70,strp/surf_girl___youtube__by_rossdraws_dcdtjdc-150.jpg 150w,https://images-wixmp-ed30a86b8c4ca887773594c2.wixmp.com/intermediary/f/b013e38f-b1f0-4193-8d90-acfeae93d61a/dcdtjdc-2c8b0010-2ca7-4f24-b5cd-d4b38a786750.jpg/v1/fill/w_442,h_250,q_70,strp/surf_girl___youtube__by_rossdraws_dcdtjdc-250t.jpg 442w,https://images-wixmp-ed30a86b8c4ca887773594c2.wixmp.com/intermediary/f/b013e38f-b1f0-4193-8d90-acfeae93d61a/dcdtjdc-2c8b0010-2ca7-4f24-b5cd-d4b38a786750.jpg/v1/fill/w_619,h_350,q_70,strp/surf_girl___youtube__by_rossdraws_dcdtjdc-350t.jpg 619w,https://images-wixmp-ed30a86b8c4ca887773594c2.wixmp.com/intermediary/f/b013e38f-b1f0-4193-8d90-acfeae93d61a/dcdtjdc-2c8b0010-2ca7-4f24-b5cd-d4b38a786750.jpg/v1/fill/w_708,h_400,q_70,strp/surf_girl___youtube__by_rossdraws_dcdtjdc-400t.jpg 708w,https://images-wixmp-ed30a86b8c4ca887773594c2.wixmp.com/intermediary/f/b013e38f-b1f0-4193-8d90-acfeae93d61a/dcdtjdc-2c8b0010-2ca7-4f24-b5cd-d4b38a786750.jpg 1000w&quot; sizes=&quot;150px&quot;&gt;&lt;/a&gt;&lt;/span&gt;&lt;!-- ^TTT --&gt;&lt;!-- TTT$ --&gt;&lt;/span&gt;&lt;/div&gt;&lt;br /&gt;&lt;div&gt;&lt;img src=&quot;https://t00.deviantart.net/517FWwxjyvgHOdV4ZrjQPgQ-nOY=/300x200/filters:fixed_height(100,100):origin()/pre00/4bf1/th/pre/f/2019/030/8/b/touch_by_rossdraws-dcyey4s.jpg&quot; alt=&quot;thumbnail&quot; /&gt;&lt;/div&gt;</description>            </item>
                    <item>
                <title>The perfect bait</title>
                <link>https://dishwasher1910.deviantart.com/art/The-perfect-bait-783356173</link>
                <guid isPermaLink="true">https://dishwasher1910.deviantart.com/art/The-perfect-bait-783356173</guid>
                <pubDate>Tue, 29 Jan 2019 18:09:42 PST</pubDate>
                        <media:title type="plain">The perfect bait</media:title>
        <media:keywords></media:keywords>
                        <media:rating>nonadult</media:rating>
                <media:category label="Other">digitalart/paintings/other</media:category>
        <media:credit role="author" scheme="urn:ebu">dishwasher1910</media:credit>
        <media:credit role="author" scheme="urn:ebu">https://a.deviantart.net/avatars/d/i/dishwasher1910.png?9</media:credit>
        <media:copyright url="https://dishwasher1910.deviantart.com">Copyright 2019 dishwasher1910</media:copyright>            <media:description type="html"></media:description>            <media:thumbnail url="https://t00.deviantart.net/0m0NmbQB81-wrzDpFH_EvcQOtYE=/fit-in/150x150/filters:no_upscale():origin()/pre00/7499/th/pre/f/2019/029/e/e/the_perfect_bait_by_dishwasher1910-dcye1hp.jpg" height="150" width="110"/>            <media:thumbnail url="https://t00.deviantart.net/Nme3Yc0VepTbG-8mAGs83OywETU=/fit-in/300x900/filters:no_upscale():origin()/pre00/7499/th/pre/f/2019/029/e/e/the_perfect_bait_by_dishwasher1910-dcye1hp.jpg" height="408" width="300"/>            <media:thumbnail url="https://t00.deviantart.net/66huUvChLB4rt22IBuetgnExKZ0=/300x200/filters:fixed_height(100,100):origin()/pre00/7499/th/pre/f/2019/029/e/e/the_perfect_bait_by_dishwasher1910-dcye1hp.jpg" height="200" width="147"/>            <media:content url="https://orig00.deviantart.net/c5b0/f/2019/029/e/e/the_perfect_bait_by_dishwasher1910-dcye1hp.jpg" height="980" width="720" medium="image"/>            
            <description>&lt;br /&gt;&lt;div&gt;&lt;img src=&quot;https://t00.deviantart.net/66huUvChLB4rt22IBuetgnExKZ0=/300x200/filters:fixed_height(100,100):origin()/pre00/7499/th/pre/f/2019/029/e/e/the_perfect_bait_by_dishwasher1910-dcye1hp.jpg&quot; alt=&quot;thumbnail&quot; /&gt;&lt;/div&gt;</description>            </item>
                    <item>
                <title>Sailing through the fog</title>
                <link>https://ellysiumn.deviantart.com/art/Sailing-through-the-fog-782685331</link>
                <guid isPermaLink="true">https://ellysiumn.deviantart.com/art/Sailing-through-the-fog-782685331</guid>
                <pubDate>Wed, 30 Jan 2019 00:23:05 PST</pubDate>
                        <media:title type="plain">Sailing through the fog</media:title>
        <media:keywords></media:keywords>
                        <media:rating>nonadult</media:rating>
                <media:category label="Abstract">customization/wallpaper/abstract</media:category>
        <media:credit role="author" scheme="urn:ebu">Ellysiumn</media:credit>
        <media:credit role="author" scheme="urn:ebu">https://a.deviantart.net/avatars/e/l/ellysiumn.jpg?10</media:credit>
        <media:copyright url="https://ellysiumn.deviantart.com">Copyright 2019 Ellysiumn</media:copyright>
            <media:community>
                <media:tags>@Ellysiumn</media:tags>
            </media:community>            <media:description type="html">Premium 4k wallpaper for personal use only.&lt;br /&gt;&lt;br /&gt;&lt;span&gt;Copyright &amp;#169; by Gene Raz von Edler aka Ellysiumn. All rights reserved.&amp;nbsp;&lt;/span&gt;&lt;br /&gt;&lt;span&gt;My artwork may not be reproduced, copied, edited, published or uploaded in any&amp;nbsp;&lt;/span&gt;&lt;br /&gt;&lt;span&gt;way without my written permission.&lt;br /&gt;&lt;br /&gt;&lt;br /&gt;Boat ~&amp;nbsp;&lt;/span&gt;&lt;a href=&quot;https://www.deviantart.com/coolzero2a&quot;&gt;coolzero2a&lt;/a&gt;&lt;br /&gt;&lt;span&gt;&lt;a class=&quot;external&quot; href=&quot;https://www.deviantart.com/users/outgoing?https://unsplash.com&quot;&gt;Forest&lt;/a&gt;&lt;br /&gt;Mountains, mine.&lt;br /&gt;&lt;/span&gt;&lt;span&gt;Everything is painted and my own resources.&lt;/span&gt;&lt;br /&gt;&lt;span&gt;Tools: PS CC 2018 and Wacom Intuos Pro L.&lt;/span&gt;&lt;br /&gt;&lt;br /&gt;&lt;br /&gt;&lt;a class=&quot;external&quot; href=&quot;https://www.deviantart.com/users/outgoing?https://www.instagram.com/ellysiumnarts/&quot;&gt;Instagram&lt;/a&gt;&lt;br /&gt;&lt;a class=&quot;external&quot; href=&quot;https://www.deviantart.com/users/outgoing?https://twitter.com/Ellysiumn&quot;&gt;Twitter&lt;/a&gt;&lt;br /&gt;&lt;a class=&quot;external&quot; href=&quot;https://www.deviantart.com/users/outgoing?https://www.artstation.com/genesisrazvonedler&quot;&gt;ArtStation&lt;/a&gt;</media:description>            <media:thumbnail url="https://t00.deviantart.net/pe9CtWrFrse-fLrO0EH3WD49GWw=/fit-in/150x150/filters:no_upscale():origin()/pre00/812b/th/pre/i/2019/029/4/d/sailing_through_the_fog_by_ellysiumn-dcxznv7.png" height="84" width="150"/>            <media:thumbnail url="https://t00.deviantart.net/oAnNrqMbuHeuwtuNknbu3cj0CVM=/fit-in/300x900/filters:no_upscale():origin()/pre00/812b/th/pre/i/2019/029/4/d/sailing_through_the_fog_by_ellysiumn-dcxznv7.png" height="169" width="300"/>            <media:thumbnail url="https://t00.deviantart.net/nXsTou4W_h6US4tovyacFj0x1v8=/300x200/filters:fixed_height(100,100):origin()/pre00/812b/th/pre/i/2019/029/4/d/sailing_through_the_fog_by_ellysiumn-dcxznv7.png" height="169" width="300"/>            <media:content url="https://img00.deviantart.net/d610/i/2019/029/4/d/sailing_through_the_fog_by_ellysiumn-dcxznv7.png" height="576" width="1024" medium="image"/>            
            <description>Premium 4k wallpaper for personal use only.&lt;br /&gt;&lt;br /&gt;&lt;span&gt;Copyright &amp;#169; by Gene Raz von Edler aka Ellysiumn. All rights reserved.&amp;nbsp;&lt;/span&gt;&lt;br /&gt;&lt;span&gt;My artwork may not be reproduced, copied, edited, published or uploaded in any&amp;nbsp;&lt;/span&gt;&lt;br /&gt;&lt;span&gt;way without my written permission.&lt;br /&gt;&lt;br /&gt;&lt;br /&gt;Boat ~&amp;nbsp;&lt;/span&gt;&lt;a href=&quot;https://www.deviantart.com/coolzero2a&quot;&gt;coolzero2a&lt;/a&gt;&lt;br /&gt;&lt;span&gt;&lt;a class=&quot;external&quot; href=&quot;https://www.deviantart.com/users/outgoing?https://unsplash.com&quot;&gt;Forest&lt;/a&gt;&lt;br /&gt;Mountains, mine.&lt;br /&gt;&lt;/span&gt;&lt;span&gt;Everything is painted and my own resources.&lt;/span&gt;&lt;br /&gt;&lt;span&gt;Tools: PS CC 2018 and Wacom Intuos Pro L.&lt;/span&gt;&lt;br /&gt;&lt;br /&gt;&lt;br /&gt;&lt;a class=&quot;external&quot; href=&quot;https://www.deviantart.com/users/outgoing?https://www.instagram.com/ellysiumnarts/&quot;&gt;Instagram&lt;/a&gt;&lt;br /&gt;&lt;a class=&quot;external&quot; href=&quot;https://www.deviantart.com/users/outgoing?https://twitter.com/Ellysiumn&quot;&gt;Twitter&lt;/a&gt;&lt;br /&gt;&lt;a class=&quot;external&quot; href=&quot;https://www.deviantart.com/users/outgoing?https://www.artstation.com/genesisrazvonedler&quot;&gt;ArtStation&lt;/a&gt;&lt;br /&gt;&lt;div&gt;&lt;img src=&quot;https://t00.deviantart.net/nXsTou4W_h6US4tovyacFj0x1v8=/300x200/filters:fixed_height(100,100):origin()/pre00/812b/th/pre/i/2019/029/4/d/sailing_through_the_fog_by_ellysiumn-dcxznv7.png&quot; alt=&quot;thumbnail&quot; /&gt;&lt;/div&gt;</description>            </item>
                    <item>
                <title>Norted Aqua</title>
                <link>https://zumidraws.deviantart.com/art/Norted-Aqua-783382642</link>
                <guid isPermaLink="true">https://zumidraws.deviantart.com/art/Norted-Aqua-783382642</guid>
                <pubDate>Tue, 29 Jan 2019 22:20:29 PST</pubDate>
                        <media:title type="plain">Norted Aqua</media:title>
        <media:keywords></media:keywords>
                        <media:rating>nonadult</media:rating>
                <media:category label="Games">fanart/digital/drawings/games</media:category>
        <media:credit role="author" scheme="urn:ebu">zumidraws</media:credit>
        <media:credit role="author" scheme="urn:ebu">https://a.deviantart.net/avatars/z/u/zumidraws.jpg?4</media:credit>
        <media:copyright url="https://zumidraws.deviantart.com">Copyright 2019 zumidraws</media:copyright>            <media:description type="html">&lt;b&gt;&lt;b&gt;&lt;a class=&quot;external&quot; href=&quot;https://www.deviantart.com/users/outgoing?https://www.patreon.com/zumi&quot;&gt;Patreon&lt;/a&gt;&amp;nbsp;&lt;a class=&quot;external&quot; href=&quot;https://www.deviantart.com/users/outgoing?https://gumroad.com/zumi&quot;&gt;Gumroad&lt;/a&gt;&amp;nbsp;&lt;a class=&quot;external&quot; href=&quot;https://www.deviantart.com/users/outgoing?https://www.youtube.com/channel/UCZQr5lqvJhN0-hJ84npHPeQ&quot;&gt;YouTube&lt;/a&gt;&amp;nbsp;&lt;a class=&quot;external&quot; href=&quot;https://www.deviantart.com/users/outgoing?http://zumidraws.tumblr.com/&quot;&gt;Tumblr&lt;/a&gt;&amp;nbsp;&lt;a class=&quot;external&quot; href=&quot;https://www.deviantart.com/users/outgoing?https://www.facebook.com/ZumiDraws/&quot;&gt;Facebook&lt;/a&gt;&amp;nbsp;&lt;a class=&quot;external&quot; href=&quot;https://www.deviantart.com/users/outgoing?https://twitter.com/ZumiDraws&quot;&gt;Twitter&lt;/a&gt;&amp;nbsp;&lt;a class=&quot;external&quot; href=&quot;https://www.deviantart.com/users/outgoing?https://www.instagram.com/zumidraws/&quot;&gt;Instagram&lt;/a&gt;&lt;/b&gt;&lt;/b&gt;&lt;span&gt;&lt;br /&gt;&lt;br /&gt;My drawing for the release of Kingdom Hearts 3. Couldn&#039;t make it in time but almostXD&lt;br /&gt;&lt;br /&gt;&lt;/span&gt;&lt;span&gt;High-res version, nude version, psd, etc. via&amp;nbsp;&lt;/span&gt;&lt;a class=&quot;external&quot; href=&quot;https://www.deviantart.com/users/outgoing?https://www.patreon.com/zumi&quot;&gt;&lt;b&gt;Patreon&lt;/b&gt;&lt;/a&gt;&lt;span&gt;&lt;br /&gt;&lt;/span&gt;</media:description>            <media:thumbnail url="https://t00.deviantart.net/69OvI7ETR-vhL3xkZCW3eHX-gOk=/fit-in/150x150/filters:no_upscale():origin()/pre00/8943/th/pre/f/2019/029/b/6/aqua41_by_zumidraws-dcyelwy.jpg" height="150" width="106"/>            <media:thumbnail url="https://t00.deviantart.net/S9s7kmz11XePwY7fQC-1cZQVJrY=/fit-in/300x900/filters:no_upscale():origin()/pre00/8943/th/pre/f/2019/029/b/6/aqua41_by_zumidraws-dcyelwy.jpg" height="424" width="300"/>            <media:thumbnail url="https://t00.deviantart.net/3dj707Cj0PjlszfPeApVmoKNpLU=/300x200/filters:fixed_height(100,100):origin()/pre00/8943/th/pre/f/2019/029/b/6/aqua41_by_zumidraws-dcyelwy.jpg" height="200" width="141"/>            <media:content url="https://pre00.deviantart.net/8943/th/pre/f/2019/029/b/6/aqua41_by_zumidraws-dcyelwy.jpg" height="1063" width="752" medium="image"/>            
            <description>&lt;b&gt;&lt;b&gt;&lt;a class=&quot;external&quot; href=&quot;https://www.deviantart.com/users/outgoing?https://www.patreon.com/zumi&quot;&gt;Patreon&lt;/a&gt;&amp;nbsp;&lt;a class=&quot;external&quot; href=&quot;https://www.deviantart.com/users/outgoing?https://gumroad.com/zumi&quot;&gt;Gumroad&lt;/a&gt;&amp;nbsp;&lt;a class=&quot;external&quot; href=&quot;https://www.deviantart.com/users/outgoing?https://www.youtube.com/channel/UCZQr5lqvJhN0-hJ84npHPeQ&quot;&gt;YouTube&lt;/a&gt;&amp;nbsp;&lt;a class=&quot;external&quot; href=&quot;https://www.deviantart.com/users/outgoing?http://zumidraws.tumblr.com/&quot;&gt;Tumblr&lt;/a&gt;&amp;nbsp;&lt;a class=&quot;external&quot; href=&quot;https://www.deviantart.com/users/outgoing?https://www.facebook.com/ZumiDraws/&quot;&gt;Facebook&lt;/a&gt;&amp;nbsp;&lt;a class=&quot;external&quot; href=&quot;https://www.deviantart.com/users/outgoing?https://twitter.com/ZumiDraws&quot;&gt;Twitter&lt;/a&gt;&amp;nbsp;&lt;a class=&quot;external&quot; href=&quot;https://www.deviantart.com/users/outgoing?https://www.instagram.com/zumidraws/&quot;&gt;Instagram&lt;/a&gt;&lt;/b&gt;&lt;/b&gt;&lt;span&gt;&lt;br /&gt;&lt;br /&gt;My drawing for the release of Kingdom Hearts 3. Couldn&#039;t make it in time but almostXD&lt;br /&gt;&lt;br /&gt;&lt;/span&gt;&lt;span&gt;High-res version, nude version, psd, etc. via&amp;nbsp;&lt;/span&gt;&lt;a class=&quot;external&quot; href=&quot;https://www.deviantart.com/users/outgoing?https://www.patreon.com/zumi&quot;&gt;&lt;b&gt;Patreon&lt;/b&gt;&lt;/a&gt;&lt;span&gt;&lt;br /&gt;&lt;/span&gt;&lt;br /&gt;&lt;div&gt;&lt;img src=&quot;https://t00.deviantart.net/3dj707Cj0PjlszfPeApVmoKNpLU=/300x200/filters:fixed_height(100,100):origin()/pre00/8943/th/pre/f/2019/029/b/6/aqua41_by_zumidraws-dcyelwy.jpg&quot; alt=&quot;thumbnail&quot; /&gt;&lt;/div&gt;</description>            </item>
                    <item>
                <title>Palutena</title>
                <link>https://chinchongcha.deviantart.com/art/Palutena-783400930</link>
                <guid isPermaLink="true">https://chinchongcha.deviantart.com/art/Palutena-783400930</guid>
                <pubDate>Wed, 30 Jan 2019 03:10:17 PST</pubDate>
                        <media:title type="plain">Palutena</media:title>
        <media:keywords></media:keywords>
                        <media:rating>nonadult</media:rating>
                <media:category label="Drawings">manga/digital/drawings</media:category>
        <media:credit role="author" scheme="urn:ebu">chinchongcha</media:credit>
        <media:credit role="author" scheme="urn:ebu">https://a.deviantart.net/avatars/c/h/chinchongcha.jpg?9</media:credit>
        <media:copyright url="https://chinchongcha.deviantart.com">Copyright 2019 chinchongcha</media:copyright>            <media:description type="html">&lt;div&gt; &lt;div&gt; &lt;div&gt; &lt;div&gt;&lt;div&gt; &lt;div&gt; &lt;div&gt; &lt;div&gt;&lt;div&gt; &lt;div&gt; &lt;div&gt; &lt;div&gt;&lt;div&gt; &lt;div&gt; &lt;div&gt; &lt;div&gt;&lt;div&gt; &lt;div&gt; &lt;div&gt; &lt;div&gt;&lt;div&gt; &lt;div&gt; &lt;div&gt; &lt;div&gt;&lt;div&gt; &lt;div&gt; &lt;div&gt; &lt;div&gt;&lt;div&gt; &lt;div&gt; &lt;div&gt; &lt;div&gt;&lt;a class=&quot;external&quot; href=&quot;https://www.deviantart.com/users/outgoing?https://twitter.com/ChinchongchaArt&quot;&gt;Twitter&lt;/a&gt; |&amp;nbsp; &lt;a class=&quot;external&quot; href=&quot;https://www.deviantart.com/users/outgoing?https://www.pixiv.net/member.php?id=15606923&quot;&gt;Pixiv &lt;/a&gt;&lt;/div&gt; &lt;/div&gt;&lt;/div&gt; &lt;/div&gt;&lt;/div&gt; &lt;/div&gt;&lt;/div&gt; &lt;/div&gt;&lt;/div&gt; &lt;/div&gt;&lt;/div&gt; &lt;/div&gt;&lt;/div&gt; &lt;/div&gt;&lt;/div&gt; &lt;/div&gt;&lt;/div&gt; &lt;/div&gt;&lt;/div&gt; &lt;/div&gt;&lt;/div&gt; &lt;/div&gt;&lt;/div&gt; &lt;/div&gt;&lt;/div&gt; &lt;/div&gt;&lt;/div&gt; &lt;/div&gt;&lt;/div&gt; &lt;/div&gt;&lt;/div&gt; &lt;/div&gt;</media:description>            <media:thumbnail url="https://t00.deviantart.net/Jew2cnx6A-1mkhz4fc1CyIXqWUk=/fit-in/150x150/filters:no_upscale():origin()/pre00/96e6/th/pre/i/2019/030/0/4/palutena_by_chinchongcha-dcyf00y.png" height="150" width="106"/>            <media:thumbnail url="https://t00.deviantart.net/PbhWxugTzqjX8jGyjlZKn6kx80o=/fit-in/300x900/filters:no_upscale():origin()/pre00/96e6/th/pre/i/2019/030/0/4/palutena_by_chinchongcha-dcyf00y.png" height="424" width="300"/>            <media:thumbnail url="https://t00.deviantart.net/xtpNLZmdg7MRk11TaAn-IdJRBYQ=/300x200/filters:fixed_height(100,100):origin()/pre00/96e6/th/pre/i/2019/030/0/4/palutena_by_chinchongcha-dcyf00y.png" height="200" width="141"/>            <media:content url="https://pre00.deviantart.net/96e6/th/pre/i/2019/030/0/4/palutena_by_chinchongcha-dcyf00y.png" height="1063" width="752" medium="image"/>            
            <description>&lt;div&gt; &lt;div&gt; &lt;div&gt; &lt;div&gt;&lt;div&gt; &lt;div&gt; &lt;div&gt; &lt;div&gt;&lt;div&gt; &lt;div&gt; &lt;div&gt; &lt;div&gt;&lt;div&gt; &lt;div&gt; &lt;div&gt; &lt;div&gt;&lt;div&gt; &lt;div&gt; &lt;div&gt; &lt;div&gt;&lt;div&gt; &lt;div&gt; &lt;div&gt; &lt;div&gt;&lt;div&gt; &lt;div&gt; &lt;div&gt; &lt;div&gt;&lt;div&gt; &lt;div&gt; &lt;div&gt; &lt;div&gt;&lt;a class=&quot;external&quot; href=&quot;https://www.deviantart.com/users/outgoing?https://twitter.com/ChinchongchaArt&quot;&gt;Twitter&lt;/a&gt; |&amp;nbsp; &lt;a class=&quot;external&quot; href=&quot;https://www.deviantart.com/users/outgoing?https://www.pixiv.net/member.php?id=15606923&quot;&gt;Pixiv &lt;/a&gt;&lt;/div&gt; &lt;/div&gt;&lt;/div&gt; &lt;/div&gt;&lt;/div&gt; &lt;/div&gt;&lt;/div&gt; &lt;/div&gt;&lt;/div&gt; &lt;/div&gt;&lt;/div&gt; &lt;/div&gt;&lt;/div&gt; &lt;/div&gt;&lt;/div&gt; &lt;/div&gt;&lt;/div&gt; &lt;/div&gt;&lt;/div&gt; &lt;/div&gt;&lt;/div&gt; &lt;/div&gt;&lt;/div&gt; &lt;/div&gt;&lt;/div&gt; &lt;/div&gt;&lt;/div&gt; &lt;/div&gt;&lt;/div&gt; &lt;/div&gt;&lt;/div&gt; &lt;/div&gt;&lt;br /&gt;&lt;div&gt;&lt;img src=&quot;https://t00.deviantart.net/xtpNLZmdg7MRk11TaAn-IdJRBYQ=/300x200/filters:fixed_height(100,100):origin()/pre00/96e6/th/pre/i/2019/030/0/4/palutena_by_chinchongcha-dcyf00y.png&quot; alt=&quot;thumbnail&quot; /&gt;&lt;/div&gt;</description>            </item>
                    <item>
                <title>Twilight</title>
                <link>https://holivi.deviantart.com/art/Twilight-783377659</link>
                <guid isPermaLink="true">https://holivi.deviantart.com/art/Twilight-783377659</guid>
                <pubDate>Tue, 29 Jan 2019 21:22:34 PST</pubDate>
                        <media:title type="plain">Twilight</media:title>
        <media:keywords></media:keywords>
                        <media:rating>nonadult</media:rating>
                <media:category label="Animals">anthro/digital/drawings/animals</media:category>
        <media:credit role="author" scheme="urn:ebu">Holivi</media:credit>
        <media:credit role="author" scheme="urn:ebu">https://a.deviantart.net/avatars/h/o/holivi.jpg?14</media:credit>
        <media:copyright url="https://holivi.deviantart.com">Copyright 2019 Holivi</media:copyright>             <creativeCommons:license>http://creativecommons.org/licenses/by-nc-nd/3.0/</creativeCommons:license>
                <media:description type="html"></media:description>            <media:thumbnail url="https://t00.deviantart.net/i03S6UFDwsD0QT7cMLexFxBUHLc=/fit-in/150x150/filters:no_upscale():origin()/pre00/d6b0/th/pre/i/2019/029/2/1/twilight_by_holivi-dcyei2j.jpg" height="150" width="95"/>            <media:thumbnail url="https://t00.deviantart.net/wlriRt-TGQzkG87lXy3YTxrZ6Ps=/fit-in/300x900/filters:no_upscale():origin()/pre00/d6b0/th/pre/i/2019/029/2/1/twilight_by_holivi-dcyei2j.jpg" height="475" width="300"/>            <media:thumbnail url="https://t00.deviantart.net/aC_9myquk_gDCkg4oQp0cF4YTJA=/300x200/filters:fixed_height(100,100):origin()/pre00/d6b0/th/pre/i/2019/029/2/1/twilight_by_holivi-dcyei2j.jpg" height="200" width="126"/>            <media:content url="https://pre00.deviantart.net/d6b0/th/pre/i/2019/029/2/1/twilight_by_holivi-dcyei2j.jpg" height="1125" width="710" medium="image"/>            
            <description>&lt;br /&gt;&lt;div&gt;&lt;img src=&quot;https://t00.deviantart.net/aC_9myquk_gDCkg4oQp0cF4YTJA=/300x200/filters:fixed_height(100,100):origin()/pre00/d6b0/th/pre/i/2019/029/2/1/twilight_by_holivi-dcyei2j.jpg&quot; alt=&quot;thumbnail&quot; /&gt;&lt;/div&gt;</description>            </item>
                    <item>
                <title>[CM] High Tide</title>
                <link>https://arukanoda.deviantart.com/art/CM-High-Tide-783416543</link>
                <guid isPermaLink="true">https://arukanoda.deviantart.com/art/CM-High-Tide-783416543</guid>
                <pubDate>Wed, 30 Jan 2019 07:00:05 PST</pubDate>
                        <media:title type="plain">[CM] High Tide</media:title>
        <media:keywords></media:keywords>
                        <media:rating>nonadult</media:rating>
                <media:category label="Fantasy">digitalart/paintings/fantasy</media:category>
        <media:credit role="author" scheme="urn:ebu">Arukanoda</media:credit>
        <media:credit role="author" scheme="urn:ebu">https://a.deviantart.net/avatars/a/r/arukanoda.gif?3</media:credit>
        <media:copyright url="https://arukanoda.deviantart.com">Copyright 2019 Arukanoda</media:copyright>            <media:description type="html">EXP Commission for &lt;span class=&quot;username-with-symbol u&quot;&gt;&lt;a class=&quot;u premium username&quot; href=&quot;https://www.deviantart.com/mookiethemonster&quot;&gt;MookieTheMonster&lt;/a&gt;&lt;span class=&quot;user-symbol premium&quot; data-quicktip-text=&quot;Core Member&quot; data-show-tooltip=&quot;1&quot; data-gruser-type=&quot;premium&quot;&gt;&lt;/span&gt;&lt;/span&gt; of our two watery girls playing!&lt;br /&gt;Top kid is Nova, a much newer bean I caught from @/the-monster-shop with a lot of editing and bottom is Koi from my first advent.&lt;br /&gt;Would love to get some more comms involving my ocs, this was freaking coooooooooooooool to work on!! &amp;#9829;V&amp;#9829;&lt;br /&gt;&lt;br /&gt;8 hours.&lt;br /&gt;Applications: Reference used for the color of the water, reference used for the instance of tropical fish in the foreground.&lt;br /&gt;I am very happy with the result, and a HUGE thank you to Mookie! You are a complete sweetheart. ;w;&lt;br /&gt;&lt;br /&gt;&lt;span&gt;____________________________________________________________________&lt;/span&gt;&lt;br /&gt;&lt;br /&gt;&lt;a class=&quot;external&quot; href=&quot;https://www.deviantart.com/users/outgoing?https://apexillustration.weebly.com/&quot;&gt;COMMISSION INFORMATION&lt;/a&gt;&lt;span&gt;&amp;nbsp;&amp;nbsp;//&amp;nbsp;&lt;/span&gt;&lt;a class=&quot;external&quot; href=&quot;https://www.deviantart.com/users/outgoing?http://www.furaffinity.net/user/arukanoda/&quot;&gt;FURAFFINITY&lt;/a&gt;&lt;span&gt;&amp;nbsp;//&amp;nbsp;&lt;/span&gt;&lt;a class=&quot;external&quot; href=&quot;https://www.deviantart.com/users/outgoing?https://picarto.tv/Apexplegian/5e5bb14f68d9655517b9f6997d2f5f57&quot;&gt;PICARTO&lt;/a&gt;&lt;span&gt;&amp;nbsp;//&amp;nbsp;&lt;/span&gt;&lt;a class=&quot;external&quot; href=&quot;https://www.deviantart.com/users/outgoing?https://twitter.com/arukanoda&quot;&gt;TWITTER&lt;/a&gt;&lt;br /&gt;&lt;br /&gt;&lt;a class=&quot;external&quot; href=&quot;https://www.deviantart.com/users/outgoing?https://docs.google.com/spreadsheets/d/1k-xAbAVtvJqkdC6txkwdhPFpeFd-dFajCjEdS3iOplQ/edit#gid=0&quot;&gt;DESIGN TOS AND MASTERIST&lt;/a&gt;&lt;span&gt;&amp;nbsp; //&amp;nbsp;Complete Masterlist logging and TOS of all designs in my Gallery&lt;/span&gt;&lt;br /&gt;&lt;a href=&quot;https://arukanoda.deviantart.com/journal/DRAGON-DESIGN-HUB-722431464&quot;&gt;DRAGON DESIGN HUB&lt;/a&gt;&lt;span&gt;&amp;nbsp;// For Trading /Reselling Assistance and Promotion&lt;/span&gt;</media:description>            <media:thumbnail url="https://t00.deviantart.net/PV8D8fOUd-dRSpuoxhqorXvOsmA=/fit-in/150x150/filters:no_upscale():origin()/pre00/3416/th/pre/f/2019/030/8/8/high_tide_uplod_by_arukanoda-dcyfc2n.png" height="150" width="122"/>            <media:thumbnail url="https://t00.deviantart.net/j_NJy0gbhqw6a-siB-aMnKdnZlg=/fit-in/300x900/filters:no_upscale():origin()/pre00/3416/th/pre/f/2019/030/8/8/high_tide_uplod_by_arukanoda-dcyfc2n.png" height="369" width="300"/>            <media:thumbnail url="https://t00.deviantart.net/NnxR3McqTQWRHnGVnAZIp3sIe9k=/300x200/filters:fixed_height(100,100):origin()/pre00/3416/th/pre/f/2019/030/8/8/high_tide_uplod_by_arukanoda-dcyfc2n.png" height="200" width="163"/>            <media:content url="https://pre00.deviantart.net/3416/th/pre/f/2019/030/8/8/high_tide_uplod_by_arukanoda-dcyfc2n.png" height="991" width="806" medium="image"/>            
            <description>EXP Commission for &lt;span class=&quot;username-with-symbol u&quot;&gt;&lt;a class=&quot;u premium username&quot; href=&quot;https://www.deviantart.com/mookiethemonster&quot;&gt;MookieTheMonster&lt;/a&gt;&lt;span class=&quot;user-symbol premium&quot; data-quicktip-text=&quot;Core Member&quot; data-show-tooltip=&quot;1&quot; data-gruser-type=&quot;premium&quot;&gt;&lt;/span&gt;&lt;/span&gt; of our two watery girls playing!&lt;br /&gt;Top kid is Nova, a much newer bean I caught from @/the-monster-shop with a lot of editing and bottom is Koi from my first advent.&lt;br /&gt;Would love to get some more comms involving my ocs, this was freaking coooooooooooooool to work on!! &amp;#9829;V&amp;#9829;&lt;br /&gt;&lt;br /&gt;8 hours.&lt;br /&gt;Applications: Reference used for the color of the water, reference used for the instance of tropical fish in the foreground.&lt;br /&gt;I am very happy with the result, and a HUGE thank you to Mookie! You are a complete sweetheart. ;w;&lt;br /&gt;&lt;br /&gt;&lt;span&gt;____________________________________________________________________&lt;/span&gt;&lt;br /&gt;&lt;br /&gt;&lt;a class=&quot;external&quot; href=&quot;https://www.deviantart.com/users/outgoing?https://apexillustration.weebly.com/&quot;&gt;COMMISSION INFORMATION&lt;/a&gt;&lt;span&gt;&amp;nbsp;&amp;nbsp;//&amp;nbsp;&lt;/span&gt;&lt;a class=&quot;external&quot; href=&quot;https://www.deviantart.com/users/outgoing?http://www.furaffinity.net/user/arukanoda/&quot;&gt;FURAFFINITY&lt;/a&gt;&lt;span&gt;&amp;nbsp;//&amp;nbsp;&lt;/span&gt;&lt;a class=&quot;external&quot; href=&quot;https://www.deviantart.com/users/outgoing?https://picarto.tv/Apexplegian/5e5bb14f68d9655517b9f6997d2f5f57&quot;&gt;PICARTO&lt;/a&gt;&lt;span&gt;&amp;nbsp;//&amp;nbsp;&lt;/span&gt;&lt;a class=&quot;external&quot; href=&quot;https://www.deviantart.com/users/outgoing?https://twitter.com/arukanoda&quot;&gt;TWITTER&lt;/a&gt;&lt;br /&gt;&lt;br /&gt;&lt;a class=&quot;external&quot; href=&quot;https://www.deviantart.com/users/outgoing?https://docs.google.com/spreadsheets/d/1k-xAbAVtvJqkdC6txkwdhPFpeFd-dFajCjEdS3iOplQ/edit#gid=0&quot;&gt;DESIGN TOS AND MASTERIST&lt;/a&gt;&lt;span&gt;&amp;nbsp; //&amp;nbsp;Complete Masterlist logging and TOS of all designs in my Gallery&lt;/span&gt;&lt;br /&gt;&lt;a href=&quot;https://arukanoda.deviantart.com/journal/DRAGON-DESIGN-HUB-722431464&quot;&gt;DRAGON DESIGN HUB&lt;/a&gt;&lt;span&gt;&amp;nbsp;// For Trading /Reselling Assistance and Promotion&lt;/span&gt;&lt;br /&gt;&lt;div&gt;&lt;img src=&quot;https://t00.deviantart.net/NnxR3McqTQWRHnGVnAZIp3sIe9k=/300x200/filters:fixed_height(100,100):origin()/pre00/3416/th/pre/f/2019/030/8/8/high_tide_uplod_by_arukanoda-dcyfc2n.png&quot; alt=&quot;thumbnail&quot; /&gt;&lt;/div&gt;</description>            </item>
                    <item>
                <title>Lucy</title>
                <link>https://miura-n315.deviantart.com/art/Lucy-783376944</link>
                <guid isPermaLink="true">https://miura-n315.deviantart.com/art/Lucy-783376944</guid>
                <pubDate>Tue, 29 Jan 2019 21:22:02 PST</pubDate>
                        <media:title type="plain">Lucy</media:title>
        <media:keywords></media:keywords>
                        <media:rating>nonadult</media:rating>
                <media:category label="Movies &amp; TV">fanart/digital/drawings/movies</media:category>
        <media:credit role="author" scheme="urn:ebu">miura-n315</media:credit>
        <media:credit role="author" scheme="urn:ebu">https://a.deviantart.net/avatars/m/i/miura-n315.jpg?5</media:credit>
        <media:copyright url="https://miura-n315.deviantart.com">Copyright 2019 miura-n315</media:copyright>            <media:description type="html">&lt;span&gt;&lt;i&gt;Elfen Lied&lt;/i&gt;&lt;br /&gt;&lt;br /&gt;follow me:&lt;br /&gt;&lt;/span&gt;&lt;br /&gt;&lt;span&gt;Twitter&amp;nbsp;&lt;/span&gt;&lt;a class=&quot;external&quot; href=&quot;https://www.deviantart.com/users/outgoing?https://twitter.com/miura_n315&quot;&gt;twitter.com/miura_n315&lt;/a&gt;&lt;br /&gt;&lt;span&gt;&lt;br /&gt;Instagram&amp;nbsp;&lt;a class=&quot;external&quot; href=&quot;https://www.deviantart.com/users/outgoing?https://www.instagram.com/miura_n315/&quot;&gt;instagram.com/miura_n315/&lt;/a&gt;&lt;br /&gt;&lt;br /&gt;&lt;/span&gt;&lt;span&gt;Facebook&amp;nbsp;&lt;a class=&quot;external&quot; href=&quot;https://www.deviantart.com/users/outgoing?https://www.facebook.com/miura.n315/&quot;&gt;facebook.com/miura.n315/&lt;/a&gt;&lt;/span&gt;&lt;br /&gt;&lt;span&gt;&lt;br /&gt;Others:&lt;br /&gt;&lt;span class=&quot;shadow-holder&quot; data-embed-type=&quot;deviation&quot; data-embed-id=&quot;781686068&quot; data-embed-format=&quot;thumb&quot;&gt;&lt;span class=&quot;shadow mild&quot; &gt;&lt;a class=&quot;thumb&quot; href=&quot;https://www.deviantart.com/miura-n315/art/Rinoa-781686068&quot; title=&quot;Rinoa by miura-n315, Jan 19, 2019 in Fan Art &amp;gt; Digital Art &amp;gt; Drawings &amp;gt; Games&quot;data-super-img=&quot;https://images-wixmp-ed30a86b8c4ca887773594c2.wixmp.com/intermediary/f/49ce2ff3-2d12-464c-bb60-7387f20d677e/dcxe8tw-337dcf9a-9656-4693-9d3b-7f5f53157814.png/v1/fill/w_894,h_894,q_70,strp/rinoa_by_miura_n315_dcxe8tw-pre.jpg&quot; data-super-width=&quot;894&quot; data-super-height=&quot;894&quot; data-super-transparent=&quot;false&quot; data-super-alt=&quot;Rinoa by miura-n315&quot; data-super-full-img=&quot;https://images-wixmp-ed30a86b8c4ca887773594c2.wixmp.com/intermediary/f/49ce2ff3-2d12-464c-bb60-7387f20d677e/dcxe8tw-337dcf9a-9656-4693-9d3b-7f5f53157814.png/v1/fill/w_900,h_900,q_80,strp/rinoa_by_miura_n315_dcxe8tw-fullview.jpg&quot; data-super-full-width=&quot;900&quot; data-super-full-height=&quot;900&quot;        data-sigil=&quot;thumb&quot;&gt;
        &lt;i&gt;&lt;/i&gt;&lt;img   width=&quot;150&quot; height=&quot;150&quot; alt=&quot;Rinoa by miura-n315&quot; src=&quot;https://images-wixmp-ed30a86b8c4ca887773594c2.wixmp.com/intermediary/f/49ce2ff3-2d12-464c-bb60-7387f20d677e/dcxe8tw-337dcf9a-9656-4693-9d3b-7f5f53157814.png/v1/fit/w_150,h_150,q_70,strp/rinoa_by_miura_n315_dcxe8tw-150.jpg&quot; data-src=&quot;https://images-wixmp-ed30a86b8c4ca887773594c2.wixmp.com/intermediary/f/49ce2ff3-2d12-464c-bb60-7387f20d677e/dcxe8tw-337dcf9a-9656-4693-9d3b-7f5f53157814.png/v1/fit/w_150,h_150,q_70,strp/rinoa_by_miura_n315_dcxe8tw-150.jpg&quot; srcset=&quot;https://images-wixmp-ed30a86b8c4ca887773594c2.wixmp.com/intermediary/f/49ce2ff3-2d12-464c-bb60-7387f20d677e/dcxe8tw-337dcf9a-9656-4693-9d3b-7f5f53157814.png/v1/fit/w_150,h_150,q_70,strp/rinoa_by_miura_n315_dcxe8tw-150.jpg 150w,https://images-wixmp-ed30a86b8c4ca887773594c2.wixmp.com/intermediary/f/49ce2ff3-2d12-464c-bb60-7387f20d677e/dcxe8tw-337dcf9a-9656-4693-9d3b-7f5f53157814.png/v1/fill/w_250,h_250,q_70,strp/rinoa_by_miura_n315_dcxe8tw-250t.jpg 250w,https://images-wixmp-ed30a86b8c4ca887773594c2.wixmp.com/intermediary/f/49ce2ff3-2d12-464c-bb60-7387f20d677e/dcxe8tw-337dcf9a-9656-4693-9d3b-7f5f53157814.png/v1/fill/w_350,h_350,q_70,strp/rinoa_by_miura_n315_dcxe8tw-350t.jpg 350w,https://images-wixmp-ed30a86b8c4ca887773594c2.wixmp.com/intermediary/f/49ce2ff3-2d12-464c-bb60-7387f20d677e/dcxe8tw-337dcf9a-9656-4693-9d3b-7f5f53157814.png/v1/fill/w_400,h_400,q_70,strp/rinoa_by_miura_n315_dcxe8tw-400t.jpg 400w,https://images-wixmp-ed30a86b8c4ca887773594c2.wixmp.com/intermediary/f/49ce2ff3-2d12-464c-bb60-7387f20d677e/dcxe8tw-337dcf9a-9656-4693-9d3b-7f5f53157814.png/v1/fill/w_894,h_894,q_70,strp/rinoa_by_miura_n315_dcxe8tw-pre.jpg 894w&quot; sizes=&quot;150px&quot;&gt;&lt;/a&gt;&lt;/span&gt;&lt;!-- ^TTT --&gt;&lt;!-- TTT$ --&gt;&lt;/span&gt;&amp;nbsp;&lt;span class=&quot;shadow-holder&quot; data-embed-type=&quot;deviation&quot; data-embed-id=&quot;780991552&quot; data-embed-format=&quot;thumb&quot;&gt;&lt;span class=&quot;shadow mild&quot; &gt;&lt;a class=&quot;thumb&quot; href=&quot;https://www.deviantart.com/miura-n315/art/Itori-780991552&quot; title=&quot;Itori by miura-n315, Jan 13, 2019 in Fan Art &amp;gt; Digital Art &amp;gt; Drawings &amp;gt; Movies &amp;amp; TV&quot;data-super-img=&quot;https://images-wixmp-ed30a86b8c4ca887773594c2.wixmp.com/intermediary/f/49ce2ff3-2d12-464c-bb60-7387f20d677e/dcwzcxs-8499667c-bbdc-43a3-9ace-69d2a5b88216.png/v1/fill/w_894,h_894,q_70,strp/itori_by_miura_n315_dcwzcxs-pre.jpg&quot; data-super-width=&quot;894&quot; data-super-height=&quot;894&quot; data-super-transparent=&quot;false&quot; data-super-alt=&quot;Itori by miura-n315&quot; data-super-full-img=&quot;https://images-wixmp-ed30a86b8c4ca887773594c2.wixmp.com/intermediary/f/49ce2ff3-2d12-464c-bb60-7387f20d677e/dcwzcxs-8499667c-bbdc-43a3-9ace-69d2a5b88216.png&quot; data-super-full-width=&quot;1280&quot; data-super-full-height=&quot;1280&quot;        data-sigil=&quot;thumb&quot;&gt;
        &lt;i&gt;&lt;/i&gt;&lt;img   width=&quot;150&quot; height=&quot;150&quot; alt=&quot;Itori by miura-n315&quot; src=&quot;https://images-wixmp-ed30a86b8c4ca887773594c2.wixmp.com/intermediary/f/49ce2ff3-2d12-464c-bb60-7387f20d677e/dcwzcxs-8499667c-bbdc-43a3-9ace-69d2a5b88216.png/v1/fit/w_150,h_150,q_70,strp/itori_by_miura_n315_dcwzcxs-150.jpg&quot; data-src=&quot;https://images-wixmp-ed30a86b8c4ca887773594c2.wixmp.com/intermediary/f/49ce2ff3-2d12-464c-bb60-7387f20d677e/dcwzcxs-8499667c-bbdc-43a3-9ace-69d2a5b88216.png/v1/fit/w_150,h_150,q_70,strp/itori_by_miura_n315_dcwzcxs-150.jpg&quot; srcset=&quot;https://images-wixmp-ed30a86b8c4ca887773594c2.wixmp.com/intermediary/f/49ce2ff3-2d12-464c-bb60-7387f20d677e/dcwzcxs-8499667c-bbdc-43a3-9ace-69d2a5b88216.png/v1/fit/w_150,h_150,q_70,strp/itori_by_miura_n315_dcwzcxs-150.jpg 150w,https://images-wixmp-ed30a86b8c4ca887773594c2.wixmp.com/intermediary/f/49ce2ff3-2d12-464c-bb60-7387f20d677e/dcwzcxs-8499667c-bbdc-43a3-9ace-69d2a5b88216.png/v1/fill/w_250,h_250,q_70,strp/itori_by_miura_n315_dcwzcxs-250t.jpg 250w,https://images-wixmp-ed30a86b8c4ca887773594c2.wixmp.com/intermediary/f/49ce2ff3-2d12-464c-bb60-7387f20d677e/dcwzcxs-8499667c-bbdc-43a3-9ace-69d2a5b88216.png/v1/fill/w_350,h_350,q_70,strp/itori_by_miura_n315_dcwzcxs-350t.jpg 350w,https://images-wixmp-ed30a86b8c4ca887773594c2.wixmp.com/intermediary/f/49ce2ff3-2d12-464c-bb60-7387f20d677e/dcwzcxs-8499667c-bbdc-43a3-9ace-69d2a5b88216.png/v1/fill/w_400,h_400,q_70,strp/itori_by_miura_n315_dcwzcxs-400t.jpg 400w,https://images-wixmp-ed30a86b8c4ca887773594c2.wixmp.com/intermediary/f/49ce2ff3-2d12-464c-bb60-7387f20d677e/dcwzcxs-8499667c-bbdc-43a3-9ace-69d2a5b88216.png/v1/fill/w_894,h_894,q_70,strp/itori_by_miura_n315_dcwzcxs-pre.jpg 894w&quot; sizes=&quot;150px&quot;&gt;&lt;/a&gt;&lt;/span&gt;&lt;!-- ^TTT --&gt;&lt;!-- TTT$ --&gt;&lt;/span&gt;&amp;nbsp;&lt;span class=&quot;shadow-holder&quot; data-embed-type=&quot;deviation&quot; data-embed-id=&quot;779888812&quot; data-embed-format=&quot;thumb&quot;&gt;&lt;span class=&quot;shadow mild&quot; &gt;&lt;a class=&quot;thumb&quot; href=&quot;https://www.deviantart.com/miura-n315/art/Natsumi-779888812&quot; title=&quot;Natsumi by miura-n315, Jan 6, 2019 in Fan Art &amp;gt; Digital Art &amp;gt; Drawings &amp;gt; Movies &amp;amp; TV&quot;data-super-img=&quot;https://images-wixmp-ed30a86b8c4ca887773594c2.wixmp.com/intermediary/f/49ce2ff3-2d12-464c-bb60-7387f20d677e/dcwbq24-159b313e-a085-4c02-8e96-820a941e974a.png/v1/fill/w_894,h_894,q_70,strp/natsumi_by_miura_n315_dcwbq24-pre.jpg&quot; data-super-width=&quot;894&quot; data-super-height=&quot;894&quot; data-super-transparent=&quot;false&quot; data-super-alt=&quot;Natsumi by miura-n315&quot; data-super-full-img=&quot;https://images-wixmp-ed30a86b8c4ca887773594c2.wixmp.com/intermediary/f/49ce2ff3-2d12-464c-bb60-7387f20d677e/dcwbq24-159b313e-a085-4c02-8e96-820a941e974a.png/v1/fill/w_900,h_900,q_80,strp/natsumi_by_miura_n315_dcwbq24-fullview.jpg&quot; data-super-full-width=&quot;900&quot; data-super-full-height=&quot;900&quot;        data-sigil=&quot;thumb&quot;&gt;
        &lt;i&gt;&lt;/i&gt;&lt;img   width=&quot;150&quot; height=&quot;150&quot; alt=&quot;Natsumi by miura-n315&quot; src=&quot;https://images-wixmp-ed30a86b8c4ca887773594c2.wixmp.com/intermediary/f/49ce2ff3-2d12-464c-bb60-7387f20d677e/dcwbq24-159b313e-a085-4c02-8e96-820a941e974a.png/v1/fit/w_150,h_150,q_70,strp/natsumi_by_miura_n315_dcwbq24-150.jpg&quot; data-src=&quot;https://images-wixmp-ed30a86b8c4ca887773594c2.wixmp.com/intermediary/f/49ce2ff3-2d12-464c-bb60-7387f20d677e/dcwbq24-159b313e-a085-4c02-8e96-820a941e974a.png/v1/fit/w_150,h_150,q_70,strp/natsumi_by_miura_n315_dcwbq24-150.jpg&quot; srcset=&quot;https://images-wixmp-ed30a86b8c4ca887773594c2.wixmp.com/intermediary/f/49ce2ff3-2d12-464c-bb60-7387f20d677e/dcwbq24-159b313e-a085-4c02-8e96-820a941e974a.png/v1/fit/w_150,h_150,q_70,strp/natsumi_by_miura_n315_dcwbq24-150.jpg 150w,https://images-wixmp-ed30a86b8c4ca887773594c2.wixmp.com/intermediary/f/49ce2ff3-2d12-464c-bb60-7387f20d677e/dcwbq24-159b313e-a085-4c02-8e96-820a941e974a.png/v1/fill/w_250,h_250,q_70,strp/natsumi_by_miura_n315_dcwbq24-250t.jpg 250w,https://images-wixmp-ed30a86b8c4ca887773594c2.wixmp.com/intermediary/f/49ce2ff3-2d12-464c-bb60-7387f20d677e/dcwbq24-159b313e-a085-4c02-8e96-820a941e974a.png/v1/fill/w_350,h_350,q_70,strp/natsumi_by_miura_n315_dcwbq24-350t.jpg 350w,https://images-wixmp-ed30a86b8c4ca887773594c2.wixmp.com/intermediary/f/49ce2ff3-2d12-464c-bb60-7387f20d677e/dcwbq24-159b313e-a085-4c02-8e96-820a941e974a.png/v1/fill/w_400,h_400,q_70,strp/natsumi_by_miura_n315_dcwbq24-400t.jpg 400w,https://images-wixmp-ed30a86b8c4ca887773594c2.wixmp.com/intermediary/f/49ce2ff3-2d12-464c-bb60-7387f20d677e/dcwbq24-159b313e-a085-4c02-8e96-820a941e974a.png/v1/fill/w_894,h_894,q_70,strp/natsumi_by_miura_n315_dcwbq24-pre.jpg 894w&quot; sizes=&quot;150px&quot;&gt;&lt;/a&gt;&lt;/span&gt;&lt;!-- ^TTT --&gt;&lt;!-- TTT$ --&gt;&lt;/span&gt;&amp;nbsp;&lt;span class=&quot;shadow-holder&quot; data-embed-type=&quot;deviation&quot; data-embed-id=&quot;775195900&quot; data-embed-format=&quot;thumb&quot;&gt;&lt;span class=&quot;shadow mild&quot; &gt;&lt;a class=&quot;thumb&quot; href=&quot;https://www.deviantart.com/miura-n315/art/Kamishiro-Rize-775195900&quot; title=&quot;Kamishiro Rize by miura-n315, Dec 3, 2018 in Fan Art &amp;gt; Digital Art &amp;gt; Drawings &amp;gt; Movies &amp;amp; TV&quot;data-super-img=&quot;https://images-wixmp-ed30a86b8c4ca887773594c2.wixmp.com/intermediary/f/49ce2ff3-2d12-464c-bb60-7387f20d677e/dctj4zg-df98a69a-56f3-440c-ae75-5af8ca9eca82.png/v1/fill/w_810,h_986,strp/kamishiro_rize_by_miura_n315_dctj4zg-pre.png&quot; data-super-width=&quot;810&quot; data-super-height=&quot;987&quot; data-super-transparent=&quot;true&quot; data-super-alt=&quot;Kamishiro Rize by miura-n315&quot; data-super-full-img=&quot;https://images-wixmp-ed30a86b8c4ca887773594c2.wixmp.com/intermediary/f/49ce2ff3-2d12-464c-bb60-7387f20d677e/dctj4zg-df98a69a-56f3-440c-ae75-5af8ca9eca82.png/v1/fill/w_900,h_1096,strp/kamishiro_rize_by_miura_n315_dctj4zg-fullview.png&quot; data-super-full-width=&quot;900&quot; data-super-full-height=&quot;1096&quot;        data-sigil=&quot;thumb&quot;&gt;
        &lt;i&gt;&lt;/i&gt;&lt;img   width=&quot;123&quot; height=&quot;150&quot; alt=&quot;Kamishiro Rize by miura-n315&quot; src=&quot;https://images-wixmp-ed30a86b8c4ca887773594c2.wixmp.com/intermediary/f/49ce2ff3-2d12-464c-bb60-7387f20d677e/dctj4zg-df98a69a-56f3-440c-ae75-5af8ca9eca82.png/v1/fit/w_150,h_150,strp/kamishiro_rize_by_miura_n315_dctj4zg-150.png&quot; data-src=&quot;https://images-wixmp-ed30a86b8c4ca887773594c2.wixmp.com/intermediary/f/49ce2ff3-2d12-464c-bb60-7387f20d677e/dctj4zg-df98a69a-56f3-440c-ae75-5af8ca9eca82.png/v1/fit/w_150,h_150,strp/kamishiro_rize_by_miura_n315_dctj4zg-150.png&quot; srcset=&quot;https://images-wixmp-ed30a86b8c4ca887773594c2.wixmp.com/intermediary/f/49ce2ff3-2d12-464c-bb60-7387f20d677e/dctj4zg-df98a69a-56f3-440c-ae75-5af8ca9eca82.png/v1/fit/w_150,h_150,strp/kamishiro_rize_by_miura_n315_dctj4zg-150.png 123w,https://images-wixmp-ed30a86b8c4ca887773594c2.wixmp.com/intermediary/f/49ce2ff3-2d12-464c-bb60-7387f20d677e/dctj4zg-df98a69a-56f3-440c-ae75-5af8ca9eca82.png/v1/fill/w_205,h_250,strp/kamishiro_rize_by_miura_n315_dctj4zg-250t.png 205w,https://images-wixmp-ed30a86b8c4ca887773594c2.wixmp.com/intermediary/f/49ce2ff3-2d12-464c-bb60-7387f20d677e/dctj4zg-df98a69a-56f3-440c-ae75-5af8ca9eca82.png/v1/crop/w_288,h_350,x_0,y_0,scl_0.225,strp/kamishiro_rize_by_miura_n315_dctj4zg-350t.png 287w,https://images-wixmp-ed30a86b8c4ca887773594c2.wixmp.com/intermediary/f/49ce2ff3-2d12-464c-bb60-7387f20d677e/dctj4zg-df98a69a-56f3-440c-ae75-5af8ca9eca82.png/v1/fill/w_329,h_400,strp/kamishiro_rize_by_miura_n315_dctj4zg-400t.png 328w,https://images-wixmp-ed30a86b8c4ca887773594c2.wixmp.com/intermediary/f/49ce2ff3-2d12-464c-bb60-7387f20d677e/dctj4zg-df98a69a-56f3-440c-ae75-5af8ca9eca82.png/v1/fill/w_810,h_986,strp/kamishiro_rize_by_miura_n315_dctj4zg-pre.png 810w&quot; sizes=&quot;123px&quot;&gt;&lt;/a&gt;&lt;/span&gt;&lt;!-- ^TTT --&gt;&lt;!-- TTT$ --&gt;&lt;/span&gt;&amp;nbsp;&lt;span class=&quot;shadow-holder&quot; data-embed-type=&quot;deviation&quot; data-embed-id=&quot;767768423&quot; data-embed-format=&quot;thumb&quot;&gt;&lt;span class=&quot;shadow mild&quot; &gt;&lt;a class=&quot;thumb&quot; href=&quot;https://www.deviantart.com/miura-n315/art/Halloween-Tanaka-Asuka-767768423&quot; title=&quot;Halloween Tanaka Asuka by miura-n315, Oct 11, 2018 in Fan Art &amp;gt; Digital Art &amp;gt; Drawings &amp;gt; Movies &amp;amp; TV&quot;data-super-img=&quot;https://images-wixmp-ed30a86b8c4ca887773594c2.wixmp.com/intermediary/f/49ce2ff3-2d12-464c-bb60-7387f20d677e/dcp3xwn-c60d296e-a540-4c82-bad9-6efa78c3a62d.png/v1/fill/w_894,h_894,q_70,strp/halloween_tanaka_asuka_by_miura_n315_dcp3xwn-pre.jpg&quot; data-super-width=&quot;894&quot; data-super-height=&quot;894&quot; data-super-transparent=&quot;false&quot; data-super-alt=&quot;Halloween Tanaka Asuka by miura-n315&quot; data-super-full-img=&quot;https://images-wixmp-ed30a86b8c4ca887773594c2.wixmp.com/intermediary/f/49ce2ff3-2d12-464c-bb60-7387f20d677e/dcp3xwn-c60d296e-a540-4c82-bad9-6efa78c3a62d.png/v1/fill/w_1024,h_1024,q_80,strp/halloween_tanaka_asuka_by_miura_n315_dcp3xwn-fullview.jpg&quot; data-super-full-width=&quot;1024&quot; data-super-full-height=&quot;1024&quot;        data-sigil=&quot;thumb&quot;&gt;
        &lt;i&gt;&lt;/i&gt;&lt;img   width=&quot;150&quot; height=&quot;150&quot; alt=&quot;Halloween Tanaka Asuka by miura-n315&quot; src=&quot;https://images-wixmp-ed30a86b8c4ca887773594c2.wixmp.com/intermediary/f/49ce2ff3-2d12-464c-bb60-7387f20d677e/dcp3xwn-c60d296e-a540-4c82-bad9-6efa78c3a62d.png/v1/fit/w_150,h_150,q_70,strp/halloween_tanaka_asuka_by_miura_n315_dcp3xwn-150.jpg&quot; data-src=&quot;https://images-wixmp-ed30a86b8c4ca887773594c2.wixmp.com/intermediary/f/49ce2ff3-2d12-464c-bb60-7387f20d677e/dcp3xwn-c60d296e-a540-4c82-bad9-6efa78c3a62d.png/v1/fit/w_150,h_150,q_70,strp/halloween_tanaka_asuka_by_miura_n315_dcp3xwn-150.jpg&quot; srcset=&quot;https://images-wixmp-ed30a86b8c4ca887773594c2.wixmp.com/intermediary/f/49ce2ff3-2d12-464c-bb60-7387f20d677e/dcp3xwn-c60d296e-a540-4c82-bad9-6efa78c3a62d.png/v1/fit/w_150,h_150,q_70,strp/halloween_tanaka_asuka_by_miura_n315_dcp3xwn-150.jpg 150w,https://images-wixmp-ed30a86b8c4ca887773594c2.wixmp.com/intermediary/f/49ce2ff3-2d12-464c-bb60-7387f20d677e/dcp3xwn-c60d296e-a540-4c82-bad9-6efa78c3a62d.png/v1/fill/w_250,h_250,q_70,strp/halloween_tanaka_asuka_by_miura_n315_dcp3xwn-250t.jpg 250w,https://images-wixmp-ed30a86b8c4ca887773594c2.wixmp.com/intermediary/f/49ce2ff3-2d12-464c-bb60-7387f20d677e/dcp3xwn-c60d296e-a540-4c82-bad9-6efa78c3a62d.png/v1/fill/w_350,h_350,q_70,strp/halloween_tanaka_asuka_by_miura_n315_dcp3xwn-350t.jpg 350w,https://images-wixmp-ed30a86b8c4ca887773594c2.wixmp.com/intermediary/f/49ce2ff3-2d12-464c-bb60-7387f20d677e/dcp3xwn-c60d296e-a540-4c82-bad9-6efa78c3a62d.png/v1/fill/w_400,h_400,q_70,strp/halloween_tanaka_asuka_by_miura_n315_dcp3xwn-400t.jpg 400w,https://images-wixmp-ed30a86b8c4ca887773594c2.wixmp.com/intermediary/f/49ce2ff3-2d12-464c-bb60-7387f20d677e/dcp3xwn-c60d296e-a540-4c82-bad9-6efa78c3a62d.png/v1/fill/w_894,h_894,q_70,strp/halloween_tanaka_asuka_by_miura_n315_dcp3xwn-pre.jpg 894w&quot; sizes=&quot;150px&quot;&gt;&lt;/a&gt;&lt;/span&gt;&lt;!-- ^TTT --&gt;&lt;!-- TTT$ --&gt;&lt;/span&gt;&amp;nbsp;&lt;span class=&quot;shadow-holder&quot; data-embed-type=&quot;deviation&quot; data-embed-id=&quot;752921130&quot; data-embed-format=&quot;thumb&quot;&gt;&lt;span class=&quot;shadow mild&quot; &gt;&lt;a class=&quot;thumb&quot; href=&quot;https://www.deviantart.com/miura-n315/art/Mash-Kyrielight-752921130&quot; title=&quot;Mash Kyrielight by miura-n315, Jul 4, 2018 in Fan Art &amp;gt; Digital Art &amp;gt; Drawings &amp;gt; Games&quot;data-super-img=&quot;https://images-wixmp-ed30a86b8c4ca887773594c2.wixmp.com/intermediary/f/49ce2ff3-2d12-464c-bb60-7387f20d677e/dcg9pnu-f9569cde-c1bb-47d5-aaef-d94eb645b26a.jpg/v1/fill/w_803,h_995,q_70,strp/mash_kyrielight_by_miura_n315_dcg9pnu-pre.jpg&quot; data-super-width=&quot;803&quot; data-super-height=&quot;995&quot; data-super-transparent=&quot;false&quot; data-super-alt=&quot;Mash Kyrielight by miura-n315&quot; data-super-full-img=&quot;https://images-wixmp-ed30a86b8c4ca887773594c2.wixmp.com/intermediary/f/49ce2ff3-2d12-464c-bb60-7387f20d677e/dcg9pnu-f9569cde-c1bb-47d5-aaef-d94eb645b26a.jpg/v1/fill/w_900,h_1115,q_70,strp/mash_kyrielight_by_miura_n315_dcg9pnu-fullview.jpg&quot; data-super-full-width=&quot;900&quot; data-super-full-height=&quot;1115&quot;        data-sigil=&quot;thumb&quot;&gt;
        &lt;i&gt;&lt;/i&gt;&lt;img   width=&quot;121&quot; height=&quot;150&quot; alt=&quot;Mash Kyrielight by miura-n315&quot; src=&quot;https://images-wixmp-ed30a86b8c4ca887773594c2.wixmp.com/intermediary/f/49ce2ff3-2d12-464c-bb60-7387f20d677e/dcg9pnu-f9569cde-c1bb-47d5-aaef-d94eb645b26a.jpg/v1/fit/w_150,h_150,q_70,strp/mash_kyrielight_by_miura_n315_dcg9pnu-150.jpg&quot; data-src=&quot;https://images-wixmp-ed30a86b8c4ca887773594c2.wixmp.com/intermediary/f/49ce2ff3-2d12-464c-bb60-7387f20d677e/dcg9pnu-f9569cde-c1bb-47d5-aaef-d94eb645b26a.jpg/v1/fit/w_150,h_150,q_70,strp/mash_kyrielight_by_miura_n315_dcg9pnu-150.jpg&quot; srcset=&quot;https://images-wixmp-ed30a86b8c4ca887773594c2.wixmp.com/intermediary/f/49ce2ff3-2d12-464c-bb60-7387f20d677e/dcg9pnu-f9569cde-c1bb-47d5-aaef-d94eb645b26a.jpg/v1/fit/w_150,h_150,q_70,strp/mash_kyrielight_by_miura_n315_dcg9pnu-150.jpg 121w,https://images-wixmp-ed30a86b8c4ca887773594c2.wixmp.com/intermediary/f/49ce2ff3-2d12-464c-bb60-7387f20d677e/dcg9pnu-f9569cde-c1bb-47d5-aaef-d94eb645b26a.jpg/v1/fill/w_202,h_250,q_70,strp/mash_kyrielight_by_miura_n315_dcg9pnu-250t.jpg 202w,https://images-wixmp-ed30a86b8c4ca887773594c2.wixmp.com/intermediary/f/49ce2ff3-2d12-464c-bb60-7387f20d677e/dcg9pnu-f9569cde-c1bb-47d5-aaef-d94eb645b26a.jpg/v1/fill/w_283,h_350,q_70,strp/mash_kyrielight_by_miura_n315_dcg9pnu-350t.jpg 283w,https://images-wixmp-ed30a86b8c4ca887773594c2.wixmp.com/intermediary/f/49ce2ff3-2d12-464c-bb60-7387f20d677e/dcg9pnu-f9569cde-c1bb-47d5-aaef-d94eb645b26a.jpg/v1/fill/w_323,h_400,q_70,strp/mash_kyrielight_by_miura_n315_dcg9pnu-400t.jpg 323w,https://images-wixmp-ed30a86b8c4ca887773594c2.wixmp.com/intermediary/f/49ce2ff3-2d12-464c-bb60-7387f20d677e/dcg9pnu-f9569cde-c1bb-47d5-aaef-d94eb645b26a.jpg/v1/fill/w_803,h_995,q_70,strp/mash_kyrielight_by_miura_n315_dcg9pnu-pre.jpg 803w&quot; sizes=&quot;121px&quot;&gt;&lt;/a&gt;&lt;/span&gt;&lt;!-- ^TTT --&gt;&lt;!-- TTT$ --&gt;&lt;/span&gt;&amp;nbsp;&lt;br /&gt;&lt;/span&gt;</media:description>            <media:thumbnail url="https://t00.deviantart.net/8x8CBkLwkkcmqT8SMU6JUhGd1BU=/fit-in/150x150/filters:no_upscale():origin()/pre00/2c2f/th/pre/i/2019/029/9/e/lucy_by_miura_n315-dcyehio.png" height="150" width="150"/>            <media:thumbnail url="https://t00.deviantart.net/p4yeUuckulPylZh2qZHa5Dogmec=/fit-in/300x900/filters:no_upscale():origin()/pre00/2c2f/th/pre/i/2019/029/9/e/lucy_by_miura_n315-dcyehio.png" height="300" width="300"/>            <media:thumbnail url="https://t00.deviantart.net/t-y8Va0gf4lFfTT_lS3Eq6LGQ1g=/300x200/filters:fixed_height(100,100):origin()/pre00/2c2f/th/pre/i/2019/029/9/e/lucy_by_miura_n315-dcyehio.png" height="200" width="200"/>            <media:content url="https://pre00.deviantart.net/2c2f/th/pre/i/2019/029/9/e/lucy_by_miura_n315-dcyehio.png" height="894" width="894" medium="image"/>            
            <description>&lt;span&gt;&lt;i&gt;Elfen Lied&lt;/i&gt;&lt;br /&gt;&lt;br /&gt;follow me:&lt;br /&gt;&lt;/span&gt;&lt;br /&gt;&lt;span&gt;Twitter&amp;nbsp;&lt;/span&gt;&lt;a class=&quot;external&quot; href=&quot;https://www.deviantart.com/users/outgoing?https://twitter.com/miura_n315&quot;&gt;twitter.com/miura_n315&lt;/a&gt;&lt;br /&gt;&lt;span&gt;&lt;br /&gt;Instagram&amp;nbsp;&lt;a class=&quot;external&quot; href=&quot;https://www.deviantart.com/users/outgoing?https://www.instagram.com/miura_n315/&quot;&gt;instagram.com/miura_n315/&lt;/a&gt;&lt;br /&gt;&lt;br /&gt;&lt;/span&gt;&lt;span&gt;Facebook&amp;nbsp;&lt;a class=&quot;external&quot; href=&quot;https://www.deviantart.com/users/outgoing?https://www.facebook.com/miura.n315/&quot;&gt;facebook.com/miura.n315/&lt;/a&gt;&lt;/span&gt;&lt;br /&gt;&lt;span&gt;&lt;br /&gt;Others:&lt;br /&gt;&lt;span class=&quot;shadow-holder&quot; data-embed-type=&quot;deviation&quot; data-embed-id=&quot;781686068&quot; data-embed-format=&quot;thumb&quot;&gt;&lt;span class=&quot;shadow mild&quot; &gt;&lt;a class=&quot;thumb&quot; href=&quot;https://www.deviantart.com/miura-n315/art/Rinoa-781686068&quot; title=&quot;Rinoa by miura-n315, Jan 19, 2019 in Fan Art &amp;gt; Digital Art &amp;gt; Drawings &amp;gt; Games&quot;data-super-img=&quot;https://images-wixmp-ed30a86b8c4ca887773594c2.wixmp.com/intermediary/f/49ce2ff3-2d12-464c-bb60-7387f20d677e/dcxe8tw-337dcf9a-9656-4693-9d3b-7f5f53157814.png/v1/fill/w_894,h_894,q_70,strp/rinoa_by_miura_n315_dcxe8tw-pre.jpg&quot; data-super-width=&quot;894&quot; data-super-height=&quot;894&quot; data-super-transparent=&quot;false&quot; data-super-alt=&quot;Rinoa by miura-n315&quot; data-super-full-img=&quot;https://images-wixmp-ed30a86b8c4ca887773594c2.wixmp.com/intermediary/f/49ce2ff3-2d12-464c-bb60-7387f20d677e/dcxe8tw-337dcf9a-9656-4693-9d3b-7f5f53157814.png/v1/fill/w_900,h_900,q_80,strp/rinoa_by_miura_n315_dcxe8tw-fullview.jpg&quot; data-super-full-width=&quot;900&quot; data-super-full-height=&quot;900&quot;        data-sigil=&quot;thumb&quot;&gt;
        &lt;i&gt;&lt;/i&gt;&lt;img   width=&quot;150&quot; height=&quot;150&quot; alt=&quot;Rinoa by miura-n315&quot; src=&quot;https://images-wixmp-ed30a86b8c4ca887773594c2.wixmp.com/intermediary/f/49ce2ff3-2d12-464c-bb60-7387f20d677e/dcxe8tw-337dcf9a-9656-4693-9d3b-7f5f53157814.png/v1/fit/w_150,h_150,q_70,strp/rinoa_by_miura_n315_dcxe8tw-150.jpg&quot; data-src=&quot;https://images-wixmp-ed30a86b8c4ca887773594c2.wixmp.com/intermediary/f/49ce2ff3-2d12-464c-bb60-7387f20d677e/dcxe8tw-337dcf9a-9656-4693-9d3b-7f5f53157814.png/v1/fit/w_150,h_150,q_70,strp/rinoa_by_miura_n315_dcxe8tw-150.jpg&quot; srcset=&quot;https://images-wixmp-ed30a86b8c4ca887773594c2.wixmp.com/intermediary/f/49ce2ff3-2d12-464c-bb60-7387f20d677e/dcxe8tw-337dcf9a-9656-4693-9d3b-7f5f53157814.png/v1/fit/w_150,h_150,q_70,strp/rinoa_by_miura_n315_dcxe8tw-150.jpg 150w,https://images-wixmp-ed30a86b8c4ca887773594c2.wixmp.com/intermediary/f/49ce2ff3-2d12-464c-bb60-7387f20d677e/dcxe8tw-337dcf9a-9656-4693-9d3b-7f5f53157814.png/v1/fill/w_250,h_250,q_70,strp/rinoa_by_miura_n315_dcxe8tw-250t.jpg 250w,https://images-wixmp-ed30a86b8c4ca887773594c2.wixmp.com/intermediary/f/49ce2ff3-2d12-464c-bb60-7387f20d677e/dcxe8tw-337dcf9a-9656-4693-9d3b-7f5f53157814.png/v1/fill/w_350,h_350,q_70,strp/rinoa_by_miura_n315_dcxe8tw-350t.jpg 350w,https://images-wixmp-ed30a86b8c4ca887773594c2.wixmp.com/intermediary/f/49ce2ff3-2d12-464c-bb60-7387f20d677e/dcxe8tw-337dcf9a-9656-4693-9d3b-7f5f53157814.png/v1/fill/w_400,h_400,q_70,strp/rinoa_by_miura_n315_dcxe8tw-400t.jpg 400w,https://images-wixmp-ed30a86b8c4ca887773594c2.wixmp.com/intermediary/f/49ce2ff3-2d12-464c-bb60-7387f20d677e/dcxe8tw-337dcf9a-9656-4693-9d3b-7f5f53157814.png/v1/fill/w_894,h_894,q_70,strp/rinoa_by_miura_n315_dcxe8tw-pre.jpg 894w&quot; sizes=&quot;150px&quot;&gt;&lt;/a&gt;&lt;/span&gt;&lt;!-- ^TTT --&gt;&lt;!-- TTT$ --&gt;&lt;/span&gt;&amp;nbsp;&lt;span class=&quot;shadow-holder&quot; data-embed-type=&quot;deviation&quot; data-embed-id=&quot;780991552&quot; data-embed-format=&quot;thumb&quot;&gt;&lt;span class=&quot;shadow mild&quot; &gt;&lt;a class=&quot;thumb&quot; href=&quot;https://www.deviantart.com/miura-n315/art/Itori-780991552&quot; title=&quot;Itori by miura-n315, Jan 13, 2019 in Fan Art &amp;gt; Digital Art &amp;gt; Drawings &amp;gt; Movies &amp;amp; TV&quot;data-super-img=&quot;https://images-wixmp-ed30a86b8c4ca887773594c2.wixmp.com/intermediary/f/49ce2ff3-2d12-464c-bb60-7387f20d677e/dcwzcxs-8499667c-bbdc-43a3-9ace-69d2a5b88216.png/v1/fill/w_894,h_894,q_70,strp/itori_by_miura_n315_dcwzcxs-pre.jpg&quot; data-super-width=&quot;894&quot; data-super-height=&quot;894&quot; data-super-transparent=&quot;false&quot; data-super-alt=&quot;Itori by miura-n315&quot; data-super-full-img=&quot;https://images-wixmp-ed30a86b8c4ca887773594c2.wixmp.com/intermediary/f/49ce2ff3-2d12-464c-bb60-7387f20d677e/dcwzcxs-8499667c-bbdc-43a3-9ace-69d2a5b88216.png&quot; data-super-full-width=&quot;1280&quot; data-super-full-height=&quot;1280&quot;        data-sigil=&quot;thumb&quot;&gt;
        &lt;i&gt;&lt;/i&gt;&lt;img   width=&quot;150&quot; height=&quot;150&quot; alt=&quot;Itori by miura-n315&quot; src=&quot;https://images-wixmp-ed30a86b8c4ca887773594c2.wixmp.com/intermediary/f/49ce2ff3-2d12-464c-bb60-7387f20d677e/dcwzcxs-8499667c-bbdc-43a3-9ace-69d2a5b88216.png/v1/fit/w_150,h_150,q_70,strp/itori_by_miura_n315_dcwzcxs-150.jpg&quot; data-src=&quot;https://images-wixmp-ed30a86b8c4ca887773594c2.wixmp.com/intermediary/f/49ce2ff3-2d12-464c-bb60-7387f20d677e/dcwzcxs-8499667c-bbdc-43a3-9ace-69d2a5b88216.png/v1/fit/w_150,h_150,q_70,strp/itori_by_miura_n315_dcwzcxs-150.jpg&quot; srcset=&quot;https://images-wixmp-ed30a86b8c4ca887773594c2.wixmp.com/intermediary/f/49ce2ff3-2d12-464c-bb60-7387f20d677e/dcwzcxs-8499667c-bbdc-43a3-9ace-69d2a5b88216.png/v1/fit/w_150,h_150,q_70,strp/itori_by_miura_n315_dcwzcxs-150.jpg 150w,https://images-wixmp-ed30a86b8c4ca887773594c2.wixmp.com/intermediary/f/49ce2ff3-2d12-464c-bb60-7387f20d677e/dcwzcxs-8499667c-bbdc-43a3-9ace-69d2a5b88216.png/v1/fill/w_250,h_250,q_70,strp/itori_by_miura_n315_dcwzcxs-250t.jpg 250w,https://images-wixmp-ed30a86b8c4ca887773594c2.wixmp.com/intermediary/f/49ce2ff3-2d12-464c-bb60-7387f20d677e/dcwzcxs-8499667c-bbdc-43a3-9ace-69d2a5b88216.png/v1/fill/w_350,h_350,q_70,strp/itori_by_miura_n315_dcwzcxs-350t.jpg 350w,https://images-wixmp-ed30a86b8c4ca887773594c2.wixmp.com/intermediary/f/49ce2ff3-2d12-464c-bb60-7387f20d677e/dcwzcxs-8499667c-bbdc-43a3-9ace-69d2a5b88216.png/v1/fill/w_400,h_400,q_70,strp/itori_by_miura_n315_dcwzcxs-400t.jpg 400w,https://images-wixmp-ed30a86b8c4ca887773594c2.wixmp.com/intermediary/f/49ce2ff3-2d12-464c-bb60-7387f20d677e/dcwzcxs-8499667c-bbdc-43a3-9ace-69d2a5b88216.png/v1/fill/w_894,h_894,q_70,strp/itori_by_miura_n315_dcwzcxs-pre.jpg 894w&quot; sizes=&quot;150px&quot;&gt;&lt;/a&gt;&lt;/span&gt;&lt;!-- ^TTT --&gt;&lt;!-- TTT$ --&gt;&lt;/span&gt;&amp;nbsp;&lt;span class=&quot;shadow-holder&quot; data-embed-type=&quot;deviation&quot; data-embed-id=&quot;779888812&quot; data-embed-format=&quot;thumb&quot;&gt;&lt;span class=&quot;shadow mild&quot; &gt;&lt;a class=&quot;thumb&quot; href=&quot;https://www.deviantart.com/miura-n315/art/Natsumi-779888812&quot; title=&quot;Natsumi by miura-n315, Jan 6, 2019 in Fan Art &amp;gt; Digital Art &amp;gt; Drawings &amp;gt; Movies &amp;amp; TV&quot;data-super-img=&quot;https://images-wixmp-ed30a86b8c4ca887773594c2.wixmp.com/intermediary/f/49ce2ff3-2d12-464c-bb60-7387f20d677e/dcwbq24-159b313e-a085-4c02-8e96-820a941e974a.png/v1/fill/w_894,h_894,q_70,strp/natsumi_by_miura_n315_dcwbq24-pre.jpg&quot; data-super-width=&quot;894&quot; data-super-height=&quot;894&quot; data-super-transparent=&quot;false&quot; data-super-alt=&quot;Natsumi by miura-n315&quot; data-super-full-img=&quot;https://images-wixmp-ed30a86b8c4ca887773594c2.wixmp.com/intermediary/f/49ce2ff3-2d12-464c-bb60-7387f20d677e/dcwbq24-159b313e-a085-4c02-8e96-820a941e974a.png/v1/fill/w_900,h_900,q_80,strp/natsumi_by_miura_n315_dcwbq24-fullview.jpg&quot; data-super-full-width=&quot;900&quot; data-super-full-height=&quot;900&quot;        data-sigil=&quot;thumb&quot;&gt;
        &lt;i&gt;&lt;/i&gt;&lt;img   width=&quot;150&quot; height=&quot;150&quot; alt=&quot;Natsumi by miura-n315&quot; src=&quot;https://images-wixmp-ed30a86b8c4ca887773594c2.wixmp.com/intermediary/f/49ce2ff3-2d12-464c-bb60-7387f20d677e/dcwbq24-159b313e-a085-4c02-8e96-820a941e974a.png/v1/fit/w_150,h_150,q_70,strp/natsumi_by_miura_n315_dcwbq24-150.jpg&quot; data-src=&quot;https://images-wixmp-ed30a86b8c4ca887773594c2.wixmp.com/intermediary/f/49ce2ff3-2d12-464c-bb60-7387f20d677e/dcwbq24-159b313e-a085-4c02-8e96-820a941e974a.png/v1/fit/w_150,h_150,q_70,strp/natsumi_by_miura_n315_dcwbq24-150.jpg&quot; srcset=&quot;https://images-wixmp-ed30a86b8c4ca887773594c2.wixmp.com/intermediary/f/49ce2ff3-2d12-464c-bb60-7387f20d677e/dcwbq24-159b313e-a085-4c02-8e96-820a941e974a.png/v1/fit/w_150,h_150,q_70,strp/natsumi_by_miura_n315_dcwbq24-150.jpg 150w,https://images-wixmp-ed30a86b8c4ca887773594c2.wixmp.com/intermediary/f/49ce2ff3-2d12-464c-bb60-7387f20d677e/dcwbq24-159b313e-a085-4c02-8e96-820a941e974a.png/v1/fill/w_250,h_250,q_70,strp/natsumi_by_miura_n315_dcwbq24-250t.jpg 250w,https://images-wixmp-ed30a86b8c4ca887773594c2.wixmp.com/intermediary/f/49ce2ff3-2d12-464c-bb60-7387f20d677e/dcwbq24-159b313e-a085-4c02-8e96-820a941e974a.png/v1/fill/w_350,h_350,q_70,strp/natsumi_by_miura_n315_dcwbq24-350t.jpg 350w,https://images-wixmp-ed30a86b8c4ca887773594c2.wixmp.com/intermediary/f/49ce2ff3-2d12-464c-bb60-7387f20d677e/dcwbq24-159b313e-a085-4c02-8e96-820a941e974a.png/v1/fill/w_400,h_400,q_70,strp/natsumi_by_miura_n315_dcwbq24-400t.jpg 400w,https://images-wixmp-ed30a86b8c4ca887773594c2.wixmp.com/intermediary/f/49ce2ff3-2d12-464c-bb60-7387f20d677e/dcwbq24-159b313e-a085-4c02-8e96-820a941e974a.png/v1/fill/w_894,h_894,q_70,strp/natsumi_by_miura_n315_dcwbq24-pre.jpg 894w&quot; sizes=&quot;150px&quot;&gt;&lt;/a&gt;&lt;/span&gt;&lt;!-- ^TTT --&gt;&lt;!-- TTT$ --&gt;&lt;/span&gt;&amp;nbsp;&lt;span class=&quot;shadow-holder&quot; data-embed-type=&quot;deviation&quot; data-embed-id=&quot;775195900&quot; data-embed-format=&quot;thumb&quot;&gt;&lt;span class=&quot;shadow mild&quot; &gt;&lt;a class=&quot;thumb&quot; href=&quot;https://www.deviantart.com/miura-n315/art/Kamishiro-Rize-775195900&quot; title=&quot;Kamishiro Rize by miura-n315, Dec 3, 2018 in Fan Art &amp;gt; Digital Art &amp;gt; Drawings &amp;gt; Movies &amp;amp; TV&quot;data-super-img=&quot;https://images-wixmp-ed30a86b8c4ca887773594c2.wixmp.com/intermediary/f/49ce2ff3-2d12-464c-bb60-7387f20d677e/dctj4zg-df98a69a-56f3-440c-ae75-5af8ca9eca82.png/v1/fill/w_810,h_986,strp/kamishiro_rize_by_miura_n315_dctj4zg-pre.png&quot; data-super-width=&quot;810&quot; data-super-height=&quot;987&quot; data-super-transparent=&quot;true&quot; data-super-alt=&quot;Kamishiro Rize by miura-n315&quot; data-super-full-img=&quot;https://images-wixmp-ed30a86b8c4ca887773594c2.wixmp.com/intermediary/f/49ce2ff3-2d12-464c-bb60-7387f20d677e/dctj4zg-df98a69a-56f3-440c-ae75-5af8ca9eca82.png/v1/fill/w_900,h_1096,strp/kamishiro_rize_by_miura_n315_dctj4zg-fullview.png&quot; data-super-full-width=&quot;900&quot; data-super-full-height=&quot;1096&quot;        data-sigil=&quot;thumb&quot;&gt;
        &lt;i&gt;&lt;/i&gt;&lt;img   width=&quot;123&quot; height=&quot;150&quot; alt=&quot;Kamishiro Rize by miura-n315&quot; src=&quot;https://images-wixmp-ed30a86b8c4ca887773594c2.wixmp.com/intermediary/f/49ce2ff3-2d12-464c-bb60-7387f20d677e/dctj4zg-df98a69a-56f3-440c-ae75-5af8ca9eca82.png/v1/fit/w_150,h_150,strp/kamishiro_rize_by_miura_n315_dctj4zg-150.png&quot; data-src=&quot;https://images-wixmp-ed30a86b8c4ca887773594c2.wixmp.com/intermediary/f/49ce2ff3-2d12-464c-bb60-7387f20d677e/dctj4zg-df98a69a-56f3-440c-ae75-5af8ca9eca82.png/v1/fit/w_150,h_150,strp/kamishiro_rize_by_miura_n315_dctj4zg-150.png&quot; srcset=&quot;https://images-wixmp-ed30a86b8c4ca887773594c2.wixmp.com/intermediary/f/49ce2ff3-2d12-464c-bb60-7387f20d677e/dctj4zg-df98a69a-56f3-440c-ae75-5af8ca9eca82.png/v1/fit/w_150,h_150,strp/kamishiro_rize_by_miura_n315_dctj4zg-150.png 123w,https://images-wixmp-ed30a86b8c4ca887773594c2.wixmp.com/intermediary/f/49ce2ff3-2d12-464c-bb60-7387f20d677e/dctj4zg-df98a69a-56f3-440c-ae75-5af8ca9eca82.png/v1/fill/w_205,h_250,strp/kamishiro_rize_by_miura_n315_dctj4zg-250t.png 205w,https://images-wixmp-ed30a86b8c4ca887773594c2.wixmp.com/intermediary/f/49ce2ff3-2d12-464c-bb60-7387f20d677e/dctj4zg-df98a69a-56f3-440c-ae75-5af8ca9eca82.png/v1/crop/w_288,h_350,x_0,y_0,scl_0.225,strp/kamishiro_rize_by_miura_n315_dctj4zg-350t.png 287w,https://images-wixmp-ed30a86b8c4ca887773594c2.wixmp.com/intermediary/f/49ce2ff3-2d12-464c-bb60-7387f20d677e/dctj4zg-df98a69a-56f3-440c-ae75-5af8ca9eca82.png/v1/fill/w_329,h_400,strp/kamishiro_rize_by_miura_n315_dctj4zg-400t.png 328w,https://images-wixmp-ed30a86b8c4ca887773594c2.wixmp.com/intermediary/f/49ce2ff3-2d12-464c-bb60-7387f20d677e/dctj4zg-df98a69a-56f3-440c-ae75-5af8ca9eca82.png/v1/fill/w_810,h_986,strp/kamishiro_rize_by_miura_n315_dctj4zg-pre.png 810w&quot; sizes=&quot;123px&quot;&gt;&lt;/a&gt;&lt;/span&gt;&lt;!-- ^TTT --&gt;&lt;!-- TTT$ --&gt;&lt;/span&gt;&amp;nbsp;&lt;span class=&quot;shadow-holder&quot; data-embed-type=&quot;deviation&quot; data-embed-id=&quot;767768423&quot; data-embed-format=&quot;thumb&quot;&gt;&lt;span class=&quot;shadow mild&quot; &gt;&lt;a class=&quot;thumb&quot; href=&quot;https://www.deviantart.com/miura-n315/art/Halloween-Tanaka-Asuka-767768423&quot; title=&quot;Halloween Tanaka Asuka by miura-n315, Oct 11, 2018 in Fan Art &amp;gt; Digital Art &amp;gt; Drawings &amp;gt; Movies &amp;amp; TV&quot;data-super-img=&quot;https://images-wixmp-ed30a86b8c4ca887773594c2.wixmp.com/intermediary/f/49ce2ff3-2d12-464c-bb60-7387f20d677e/dcp3xwn-c60d296e-a540-4c82-bad9-6efa78c3a62d.png/v1/fill/w_894,h_894,q_70,strp/halloween_tanaka_asuka_by_miura_n315_dcp3xwn-pre.jpg&quot; data-super-width=&quot;894&quot; data-super-height=&quot;894&quot; data-super-transparent=&quot;false&quot; data-super-alt=&quot;Halloween Tanaka Asuka by miura-n315&quot; data-super-full-img=&quot;https://images-wixmp-ed30a86b8c4ca887773594c2.wixmp.com/intermediary/f/49ce2ff3-2d12-464c-bb60-7387f20d677e/dcp3xwn-c60d296e-a540-4c82-bad9-6efa78c3a62d.png/v1/fill/w_1024,h_1024,q_80,strp/halloween_tanaka_asuka_by_miura_n315_dcp3xwn-fullview.jpg&quot; data-super-full-width=&quot;1024&quot; data-super-full-height=&quot;1024&quot;        data-sigil=&quot;thumb&quot;&gt;
        &lt;i&gt;&lt;/i&gt;&lt;img   width=&quot;150&quot; height=&quot;150&quot; alt=&quot;Halloween Tanaka Asuka by miura-n315&quot; src=&quot;https://images-wixmp-ed30a86b8c4ca887773594c2.wixmp.com/intermediary/f/49ce2ff3-2d12-464c-bb60-7387f20d677e/dcp3xwn-c60d296e-a540-4c82-bad9-6efa78c3a62d.png/v1/fit/w_150,h_150,q_70,strp/halloween_tanaka_asuka_by_miura_n315_dcp3xwn-150.jpg&quot; data-src=&quot;https://images-wixmp-ed30a86b8c4ca887773594c2.wixmp.com/intermediary/f/49ce2ff3-2d12-464c-bb60-7387f20d677e/dcp3xwn-c60d296e-a540-4c82-bad9-6efa78c3a62d.png/v1/fit/w_150,h_150,q_70,strp/halloween_tanaka_asuka_by_miura_n315_dcp3xwn-150.jpg&quot; srcset=&quot;https://images-wixmp-ed30a86b8c4ca887773594c2.wixmp.com/intermediary/f/49ce2ff3-2d12-464c-bb60-7387f20d677e/dcp3xwn-c60d296e-a540-4c82-bad9-6efa78c3a62d.png/v1/fit/w_150,h_150,q_70,strp/halloween_tanaka_asuka_by_miura_n315_dcp3xwn-150.jpg 150w,https://images-wixmp-ed30a86b8c4ca887773594c2.wixmp.com/intermediary/f/49ce2ff3-2d12-464c-bb60-7387f20d677e/dcp3xwn-c60d296e-a540-4c82-bad9-6efa78c3a62d.png/v1/fill/w_250,h_250,q_70,strp/halloween_tanaka_asuka_by_miura_n315_dcp3xwn-250t.jpg 250w,https://images-wixmp-ed30a86b8c4ca887773594c2.wixmp.com/intermediary/f/49ce2ff3-2d12-464c-bb60-7387f20d677e/dcp3xwn-c60d296e-a540-4c82-bad9-6efa78c3a62d.png/v1/fill/w_350,h_350,q_70,strp/halloween_tanaka_asuka_by_miura_n315_dcp3xwn-350t.jpg 350w,https://images-wixmp-ed30a86b8c4ca887773594c2.wixmp.com/intermediary/f/49ce2ff3-2d12-464c-bb60-7387f20d677e/dcp3xwn-c60d296e-a540-4c82-bad9-6efa78c3a62d.png/v1/fill/w_400,h_400,q_70,strp/halloween_tanaka_asuka_by_miura_n315_dcp3xwn-400t.jpg 400w,https://images-wixmp-ed30a86b8c4ca887773594c2.wixmp.com/intermediary/f/49ce2ff3-2d12-464c-bb60-7387f20d677e/dcp3xwn-c60d296e-a540-4c82-bad9-6efa78c3a62d.png/v1/fill/w_894,h_894,q_70,strp/halloween_tanaka_asuka_by_miura_n315_dcp3xwn-pre.jpg 894w&quot; sizes=&quot;150px&quot;&gt;&lt;/a&gt;&lt;/span&gt;&lt;!-- ^TTT --&gt;&lt;!-- TTT$ --&gt;&lt;/span&gt;&amp;nbsp;&lt;span class=&quot;shadow-holder&quot; data-embed-type=&quot;deviation&quot; data-embed-id=&quot;752921130&quot; data-embed-format=&quot;thumb&quot;&gt;&lt;span class=&quot;shadow mild&quot; &gt;&lt;a class=&quot;thumb&quot; href=&quot;https://www.deviantart.com/miura-n315/art/Mash-Kyrielight-752921130&quot; title=&quot;Mash Kyrielight by miura-n315, Jul 4, 2018 in Fan Art &amp;gt; Digital Art &amp;gt; Drawings &amp;gt; Games&quot;data-super-img=&quot;https://images-wixmp-ed30a86b8c4ca887773594c2.wixmp.com/intermediary/f/49ce2ff3-2d12-464c-bb60-7387f20d677e/dcg9pnu-f9569cde-c1bb-47d5-aaef-d94eb645b26a.jpg/v1/fill/w_803,h_995,q_70,strp/mash_kyrielight_by_miura_n315_dcg9pnu-pre.jpg&quot; data-super-width=&quot;803&quot; data-super-height=&quot;995&quot; data-super-transparent=&quot;false&quot; data-super-alt=&quot;Mash Kyrielight by miura-n315&quot; data-super-full-img=&quot;https://images-wixmp-ed30a86b8c4ca887773594c2.wixmp.com/intermediary/f/49ce2ff3-2d12-464c-bb60-7387f20d677e/dcg9pnu-f9569cde-c1bb-47d5-aaef-d94eb645b26a.jpg/v1/fill/w_900,h_1115,q_70,strp/mash_kyrielight_by_miura_n315_dcg9pnu-fullview.jpg&quot; data-super-full-width=&quot;900&quot; data-super-full-height=&quot;1115&quot;        data-sigil=&quot;thumb&quot;&gt;
        &lt;i&gt;&lt;/i&gt;&lt;img   width=&quot;121&quot; height=&quot;150&quot; alt=&quot;Mash Kyrielight by miura-n315&quot; src=&quot;https://images-wixmp-ed30a86b8c4ca887773594c2.wixmp.com/intermediary/f/49ce2ff3-2d12-464c-bb60-7387f20d677e/dcg9pnu-f9569cde-c1bb-47d5-aaef-d94eb645b26a.jpg/v1/fit/w_150,h_150,q_70,strp/mash_kyrielight_by_miura_n315_dcg9pnu-150.jpg&quot; data-src=&quot;https://images-wixmp-ed30a86b8c4ca887773594c2.wixmp.com/intermediary/f/49ce2ff3-2d12-464c-bb60-7387f20d677e/dcg9pnu-f9569cde-c1bb-47d5-aaef-d94eb645b26a.jpg/v1/fit/w_150,h_150,q_70,strp/mash_kyrielight_by_miura_n315_dcg9pnu-150.jpg&quot; srcset=&quot;https://images-wixmp-ed30a86b8c4ca887773594c2.wixmp.com/intermediary/f/49ce2ff3-2d12-464c-bb60-7387f20d677e/dcg9pnu-f9569cde-c1bb-47d5-aaef-d94eb645b26a.jpg/v1/fit/w_150,h_150,q_70,strp/mash_kyrielight_by_miura_n315_dcg9pnu-150.jpg 121w,https://images-wixmp-ed30a86b8c4ca887773594c2.wixmp.com/intermediary/f/49ce2ff3-2d12-464c-bb60-7387f20d677e/dcg9pnu-f9569cde-c1bb-47d5-aaef-d94eb645b26a.jpg/v1/fill/w_202,h_250,q_70,strp/mash_kyrielight_by_miura_n315_dcg9pnu-250t.jpg 202w,https://images-wixmp-ed30a86b8c4ca887773594c2.wixmp.com/intermediary/f/49ce2ff3-2d12-464c-bb60-7387f20d677e/dcg9pnu-f9569cde-c1bb-47d5-aaef-d94eb645b26a.jpg/v1/fill/w_283,h_350,q_70,strp/mash_kyrielight_by_miura_n315_dcg9pnu-350t.jpg 283w,https://images-wixmp-ed30a86b8c4ca887773594c2.wixmp.com/intermediary/f/49ce2ff3-2d12-464c-bb60-7387f20d677e/dcg9pnu-f9569cde-c1bb-47d5-aaef-d94eb645b26a.jpg/v1/fill/w_323,h_400,q_70,strp/mash_kyrielight_by_miura_n315_dcg9pnu-400t.jpg 323w,https://images-wixmp-ed30a86b8c4ca887773594c2.wixmp.com/intermediary/f/49ce2ff3-2d12-464c-bb60-7387f20d677e/dcg9pnu-f9569cde-c1bb-47d5-aaef-d94eb645b26a.jpg/v1/fill/w_803,h_995,q_70,strp/mash_kyrielight_by_miura_n315_dcg9pnu-pre.jpg 803w&quot; sizes=&quot;121px&quot;&gt;&lt;/a&gt;&lt;/span&gt;&lt;!-- ^TTT --&gt;&lt;!-- TTT$ --&gt;&lt;/span&gt;&amp;nbsp;&lt;br /&gt;&lt;/span&gt;&lt;br /&gt;&lt;div&gt;&lt;img src=&quot;https://t00.deviantart.net/t-y8Va0gf4lFfTT_lS3Eq6LGQ1g=/300x200/filters:fixed_height(100,100):origin()/pre00/2c2f/th/pre/i/2019/029/9/e/lucy_by_miura_n315-dcyehio.png&quot; alt=&quot;thumbnail&quot; /&gt;&lt;/div&gt;</description>            </item>
                    <item>
                <title>Void where prohibited</title>
                <link>https://zarla.deviantart.com/art/Void-where-prohibited-783373303</link>
                <guid isPermaLink="true">https://zarla.deviantart.com/art/Void-where-prohibited-783373303</guid>
                <pubDate>Tue, 29 Jan 2019 20:44:45 PST</pubDate>
                        <media:title type="plain">Void where prohibited</media:title>
        <media:keywords></media:keywords>
                        <media:rating>nonadult</media:rating>
                <media:category label="Games">fanart/digital/drawings/games</media:category>
        <media:credit role="author" scheme="urn:ebu">zarla</media:credit>
        <media:credit role="author" scheme="urn:ebu">https://a.deviantart.net/avatars/z/a/zarla.gif</media:credit>
        <media:copyright url="https://zarla.deviantart.com">Copyright 2019 zarla</media:copyright>            <media:description type="html">&lt;div&gt;Gaster!&lt;/div&gt;&lt;div&gt;&lt;br /&gt;&lt;/div&gt;&lt;div&gt;(from the &lt;a href=&quot;https://www.deviantart.com/zarla/gallery/62859315/Mercyplates&quot;&gt;mercy variants&lt;/a&gt;)&lt;br /&gt;&lt;/div&gt;&lt;div&gt;&lt;br /&gt;&lt;/div&gt;&lt;div&gt;&lt;a href=&quot;https://zarla.deviantart.com/gallery/57456341/Handplates&quot;&gt;Index&lt;/a&gt;&lt;/div&gt;&lt;div&gt;&lt;br /&gt;&lt;/div&gt;&lt;div&gt;&lt;br /&gt;&lt;/div&gt;&lt;div&gt;Sans, Papyrus (c) Undertale: pay on delivery&lt;br /&gt;&lt;/div&gt;</media:description>            <media:thumbnail url="https://t00.deviantart.net/Wkh_RrlQ00wOSPVBS78eCbCd-DE=/fit-in/150x150/filters:no_upscale():origin()/pre00/36b9/th/pre/f/2019/029/c/6/void_where_prohibited_by_zarla-dcyeepj.png" height="108" width="150"/>            <media:thumbnail url="https://t00.deviantart.net/p8ghfcDOwCVx3rXb3QxV7akJobc=/fit-in/300x900/filters:no_upscale():origin()/pre00/36b9/th/pre/f/2019/029/c/6/void_where_prohibited_by_zarla-dcyeepj.png" height="215" width="300"/>            <media:thumbnail url="https://t00.deviantart.net/E74ILvE1Hw7unlzdr5zd9tGnKKc=/300x200/filters:fixed_height(100,100):origin()/pre00/36b9/th/pre/f/2019/029/c/6/void_where_prohibited_by_zarla-dcyeepj.png" height="200" width="279"/>            <media:content url="https://orig00.deviantart.net/7d79/f/2019/029/c/6/void_where_prohibited_by_zarla-dcyeepj.png" height="387" width="540" medium="image"/>            
            <description>&lt;div&gt;Gaster!&lt;/div&gt;&lt;div&gt;&lt;br /&gt;&lt;/div&gt;&lt;div&gt;(from the &lt;a href=&quot;https://www.deviantart.com/zarla/gallery/62859315/Mercyplates&quot;&gt;mercy variants&lt;/a&gt;)&lt;br /&gt;&lt;/div&gt;&lt;div&gt;&lt;br /&gt;&lt;/div&gt;&lt;div&gt;&lt;a href=&quot;https://zarla.deviantart.com/gallery/57456341/Handplates&quot;&gt;Index&lt;/a&gt;&lt;/div&gt;&lt;div&gt;&lt;br /&gt;&lt;/div&gt;&lt;div&gt;&lt;br /&gt;&lt;/div&gt;&lt;div&gt;Sans, Papyrus (c) Undertale: pay on delivery&lt;br /&gt;&lt;/div&gt;&lt;br /&gt;&lt;div&gt;&lt;img src=&quot;https://t00.deviantart.net/E74ILvE1Hw7unlzdr5zd9tGnKKc=/300x200/filters:fixed_height(100,100):origin()/pre00/36b9/th/pre/f/2019/029/c/6/void_where_prohibited_by_zarla-dcyeepj.png&quot; alt=&quot;thumbnail&quot; /&gt;&lt;/div&gt;</description>            </item>
                    <item>
                <title>Creation</title>
                <link>https://larienne.deviantart.com/art/Creation-783455102</link>
                <guid isPermaLink="true">https://larienne.deviantart.com/art/Creation-783455102</guid>
                <pubDate>Wed, 30 Jan 2019 12:15:28 PST</pubDate>
                        <media:title type="plain">Creation</media:title>
        <media:keywords></media:keywords>
                        <media:rating>nonadult</media:rating>
                <media:category label="Surreal">digitalart/paintings/surreal</media:category>
        <media:credit role="author" scheme="urn:ebu">larienne</media:credit>
        <media:credit role="author" scheme="urn:ebu">https://a.deviantart.net/avatars/l/a/larienne.png?11</media:credit>
        <media:copyright url="https://larienne.deviantart.com">Copyright 2019 larienne</media:copyright>            <media:description type="html">What&#039;s your fav part of creating artwork?&lt;br /&gt;7. Creation - artists have endless imagination that is their best tool to make art &lt;img src=&quot;https://e.deviantart.net/emoticons/s/smile.gif&quot; width=&quot;15&quot; height=&quot;15&quot; alt=&quot;:)&quot; data-embed-type=&quot;emoticon&quot; data-embed-id=&quot;391&quot; title=&quot;:) (Smile)&quot;/&gt; last day of Magic Moon week&lt;br /&gt;&lt;br /&gt;&lt;span&gt;&lt;br /&gt;Join me for more adventures&amp;nbsp;&lt;/span&gt;&lt;img src=&quot;https://e.deviantart.net/emoticons/s/smile.gif&quot; alt=&quot;:) (Smile)&quot; style=&quot;width: 15px; height: 15px;&quot; data-embed-type=&quot;emoticon&quot; data-embed-id=&quot;391&quot;&gt;&lt;span&gt;&amp;nbsp;@&lt;/span&gt;&lt;span&gt;&lt;br /&gt;&lt;/span&gt;&lt;i&gt;&lt;img src=&quot;https://e.deviantart.net/emoticons/s/star_full.gif&quot; alt=&quot;Star!&quot; style=&quot;width: 17px; height: 16px;&quot; data-embed-type=&quot;emoticon&quot; data-embed-id=&quot;450&quot;&gt;&amp;nbsp;instagram&amp;nbsp;&lt;a href=&quot;https://www.deviantart.com/users/outgoing?https://instagram.com/nimfiechan/&quot;&gt;&lt;/a&gt;&lt;a class=&quot;external&quot; href=&quot;https://www.deviantart.com/users/outgoing?https://instagram.com/lariennechan/&quot;&gt;instagram.com/lariennechan/&lt;/a&gt;&lt;/i&gt;&lt;br /&gt;&lt;i&gt;&lt;img src=&quot;https://e.deviantart.net/emoticons/s/star_full.gif&quot; alt=&quot;Star!&quot; style=&quot;width: 17px; height: 16px;&quot; data-embed-type=&quot;emoticon&quot; data-embed-id=&quot;450&quot;&gt;&amp;nbsp;FB:&amp;nbsp;&lt;a href=&quot;https://www.deviantart.com/users/outgoing?https://www.facebook.com/nimfiechan&quot;&gt;&lt;/a&gt;&lt;a class=&quot;external&quot; href=&quot;https://www.deviantart.com/users/outgoing?https://www.facebook.com/lariennechan&quot;&gt;www.facebook.com/lariennechan&lt;/a&gt;&lt;/i&gt;&lt;br /&gt;&lt;span class=&quot;shadow-holder&quot; data-embed-type=&quot;deviation&quot; data-embed-id=&quot;630867798&quot; data-embed-format=&quot;thumb&quot;&gt;&lt;span class=&quot;shadow mild&quot; &gt;&lt;a class=&quot;thumb&quot; href=&quot;https://www.deviantart.com/larienne/art/Harley-WIP-630867798&quot; title=&quot;+Harley - WIP+ by larienne, Aug 27, 2016 in Traditional Art &amp;gt; Mixed Media &amp;gt; Other&quot;data-super-img=&quot;https://images-wixmp-ed30a86b8c4ca887773594c2.wixmp.com/intermediary/f/70834e96-067e-42b9-8c26-8fe104d3fbaa/daflopi-b5ec57c2-009c-4e67-8586-2adce8d8a7d6.png&quot; data-super-width=&quot;714&quot; data-super-height=&quot;812&quot; data-super-transparent=&quot;false&quot; data-super-alt=&quot;+Harley - WIP+ by larienne&quot; data-super-full-img=&quot;https://images-wixmp-ed30a86b8c4ca887773594c2.wixmp.com/intermediary/f/70834e96-067e-42b9-8c26-8fe104d3fbaa/daflopi-b5ec57c2-009c-4e67-8586-2adce8d8a7d6.png&quot; data-super-full-width=&quot;714&quot; data-super-full-height=&quot;812&quot;        data-sigil=&quot;thumb&quot;&gt;
        &lt;i&gt;&lt;/i&gt;&lt;img   width=&quot;132&quot; height=&quot;150&quot; alt=&quot;+Harley - WIP+ by larienne&quot; src=&quot;https://images-wixmp-ed30a86b8c4ca887773594c2.wixmp.com/intermediary/f/70834e96-067e-42b9-8c26-8fe104d3fbaa/daflopi-b5ec57c2-009c-4e67-8586-2adce8d8a7d6.png/v1/fit/w_150,h_150,q_70,strp/_harley___wip__by_larienne_daflopi-150.jpg&quot; data-src=&quot;https://images-wixmp-ed30a86b8c4ca887773594c2.wixmp.com/intermediary/f/70834e96-067e-42b9-8c26-8fe104d3fbaa/daflopi-b5ec57c2-009c-4e67-8586-2adce8d8a7d6.png/v1/fit/w_150,h_150,q_70,strp/_harley___wip__by_larienne_daflopi-150.jpg&quot; srcset=&quot;https://images-wixmp-ed30a86b8c4ca887773594c2.wixmp.com/intermediary/f/70834e96-067e-42b9-8c26-8fe104d3fbaa/daflopi-b5ec57c2-009c-4e67-8586-2adce8d8a7d6.png/v1/fit/w_150,h_150,q_70,strp/_harley___wip__by_larienne_daflopi-150.jpg 132w,https://images-wixmp-ed30a86b8c4ca887773594c2.wixmp.com/intermediary/f/70834e96-067e-42b9-8c26-8fe104d3fbaa/daflopi-b5ec57c2-009c-4e67-8586-2adce8d8a7d6.png/v1/fill/w_220,h_250,q_70,strp/_harley___wip__by_larienne_daflopi-250t.jpg 220w,https://images-wixmp-ed30a86b8c4ca887773594c2.wixmp.com/intermediary/f/70834e96-067e-42b9-8c26-8fe104d3fbaa/daflopi-b5ec57c2-009c-4e67-8586-2adce8d8a7d6.png/v1/fill/w_308,h_350,q_70,strp/_harley___wip__by_larienne_daflopi-350t.jpg 308w,https://images-wixmp-ed30a86b8c4ca887773594c2.wixmp.com/intermediary/f/70834e96-067e-42b9-8c26-8fe104d3fbaa/daflopi-b5ec57c2-009c-4e67-8586-2adce8d8a7d6.png/v1/fill/w_352,h_400,q_70,strp/_harley___wip__by_larienne_daflopi-400t.jpg 352w,https://images-wixmp-ed30a86b8c4ca887773594c2.wixmp.com/intermediary/f/70834e96-067e-42b9-8c26-8fe104d3fbaa/daflopi-b5ec57c2-009c-4e67-8586-2adce8d8a7d6.png 714w&quot; sizes=&quot;132px&quot;&gt;&lt;/a&gt;&lt;/span&gt;&lt;!-- ^TTT --&gt;&lt;!-- TTT$ --&gt;&lt;/span&gt;&lt;span class=&quot;shadow-holder&quot; data-embed-type=&quot;deviation&quot; data-embed-id=&quot;592623218&quot; data-embed-format=&quot;thumb&quot;&gt;&lt;span class=&quot;shadow mild&quot; &gt;&lt;a class=&quot;thumb&quot; href=&quot;https://www.deviantart.com/larienne/art/The-Cycle-of-L-eye-f-592623218&quot; title=&quot;+The Cycle of L-eye-f+ by larienne, Feb 23, 2016 in Traditional Art &amp;gt; Drawings &amp;gt; Surreal&quot;data-super-img=&quot;https://images-wixmp-ed30a86b8c4ca887773594c2.wixmp.com/intermediary/f/70834e96-067e-42b9-8c26-8fe104d3fbaa/d9stz02-6da36be9-9c9f-4836-995e-ed7f3fe1b3c7.png/v1/fill/w_600,h_769,q_80,strp/_the_cycle_of_l_eye_f__by_larienne_d9stz02-fullview.jpg&quot; data-super-width=&quot;600&quot; data-super-height=&quot;769&quot; data-super-transparent=&quot;false&quot; data-super-alt=&quot;+The Cycle of L-eye-f+ by larienne&quot; data-super-full-img=&quot;https://images-wixmp-ed30a86b8c4ca887773594c2.wixmp.com/intermediary/f/70834e96-067e-42b9-8c26-8fe104d3fbaa/d9stz02-6da36be9-9c9f-4836-995e-ed7f3fe1b3c7.png/v1/fill/w_600,h_769,q_80,strp/_the_cycle_of_l_eye_f__by_larienne_d9stz02-fullview.jpg&quot; data-super-full-width=&quot;600&quot; data-super-full-height=&quot;769&quot;        data-sigil=&quot;thumb&quot;&gt;
        &lt;i&gt;&lt;/i&gt;&lt;img   width=&quot;117&quot; height=&quot;150&quot; alt=&quot;+The Cycle of L-eye-f+ by larienne&quot; src=&quot;https://images-wixmp-ed30a86b8c4ca887773594c2.wixmp.com/intermediary/f/70834e96-067e-42b9-8c26-8fe104d3fbaa/d9stz02-6da36be9-9c9f-4836-995e-ed7f3fe1b3c7.png/v1/fit/w_150,h_150,q_70,strp/_the_cycle_of_l_eye_f__by_larienne_d9stz02-150.jpg&quot; data-src=&quot;https://images-wixmp-ed30a86b8c4ca887773594c2.wixmp.com/intermediary/f/70834e96-067e-42b9-8c26-8fe104d3fbaa/d9stz02-6da36be9-9c9f-4836-995e-ed7f3fe1b3c7.png/v1/fit/w_150,h_150,q_70,strp/_the_cycle_of_l_eye_f__by_larienne_d9stz02-150.jpg&quot; srcset=&quot;https://images-wixmp-ed30a86b8c4ca887773594c2.wixmp.com/intermediary/f/70834e96-067e-42b9-8c26-8fe104d3fbaa/d9stz02-6da36be9-9c9f-4836-995e-ed7f3fe1b3c7.png/v1/fit/w_150,h_150,q_70,strp/_the_cycle_of_l_eye_f__by_larienne_d9stz02-150.jpg 117w,https://images-wixmp-ed30a86b8c4ca887773594c2.wixmp.com/intermediary/f/70834e96-067e-42b9-8c26-8fe104d3fbaa/d9stz02-6da36be9-9c9f-4836-995e-ed7f3fe1b3c7.png/v1/fill/w_195,h_250,q_70,strp/_the_cycle_of_l_eye_f__by_larienne_d9stz02-250t.jpg 195w,https://images-wixmp-ed30a86b8c4ca887773594c2.wixmp.com/intermediary/f/70834e96-067e-42b9-8c26-8fe104d3fbaa/d9stz02-6da36be9-9c9f-4836-995e-ed7f3fe1b3c7.png/v1/fill/w_273,h_350,q_70,strp/_the_cycle_of_l_eye_f__by_larienne_d9stz02-350t.jpg 273w,https://images-wixmp-ed30a86b8c4ca887773594c2.wixmp.com/intermediary/f/70834e96-067e-42b9-8c26-8fe104d3fbaa/d9stz02-6da36be9-9c9f-4836-995e-ed7f3fe1b3c7.png/v1/fill/w_312,h_400,q_70,strp/_the_cycle_of_l_eye_f__by_larienne_d9stz02-400t.jpg 312w,https://images-wixmp-ed30a86b8c4ca887773594c2.wixmp.com/intermediary/f/70834e96-067e-42b9-8c26-8fe104d3fbaa/d9stz02-6da36be9-9c9f-4836-995e-ed7f3fe1b3c7.png/v1/fill/w_600,h_769,q_80,strp/_the_cycle_of_l_eye_f__by_larienne_d9stz02-fullview.jpg 600w&quot; sizes=&quot;117px&quot;&gt;&lt;/a&gt;&lt;/span&gt;&lt;!-- ^TTT --&gt;&lt;!-- TTT$ --&gt;&lt;/span&gt;&lt;span class=&quot;shadow-holder&quot; data-embed-type=&quot;deviation&quot; data-embed-id=&quot;658550087&quot; data-embed-format=&quot;thumb&quot;&gt;&lt;span class=&quot;shadow mild&quot; &gt;&lt;a class=&quot;thumb&quot; href=&quot;https://www.deviantart.com/larienne/art/Our-Place-658550087&quot; title=&quot;+Our Place+ by larienne, Jan 20, 2017 in Digital Art &amp;gt; Drawings &amp;amp; Paintings &amp;gt; Other&quot;data-super-img=&quot;https://images-wixmp-ed30a86b8c4ca887773594c2.wixmp.com/intermediary/f/70834e96-067e-42b9-8c26-8fe104d3fbaa/daw30hz-b2217b93-07f2-4a41-a9ff-e4df398c9e32.png/v1/fill/w_900,h_648,strp/_our_place__by_larienne_daw30hz-fullview.png&quot; data-super-width=&quot;900&quot; data-super-height=&quot;648&quot; data-super-transparent=&quot;true&quot; data-super-alt=&quot;+Our Place+ by larienne&quot; data-super-full-img=&quot;https://images-wixmp-ed30a86b8c4ca887773594c2.wixmp.com/intermediary/f/70834e96-067e-42b9-8c26-8fe104d3fbaa/daw30hz-b2217b93-07f2-4a41-a9ff-e4df398c9e32.png/v1/fill/w_900,h_648,strp/_our_place__by_larienne_daw30hz-fullview.png&quot; data-super-full-width=&quot;900&quot; data-super-full-height=&quot;648&quot;        data-sigil=&quot;thumb&quot;&gt;
        &lt;i&gt;&lt;/i&gt;&lt;img   width=&quot;150&quot; height=&quot;108&quot; alt=&quot;+Our Place+ by larienne&quot; src=&quot;https://images-wixmp-ed30a86b8c4ca887773594c2.wixmp.com/intermediary/f/70834e96-067e-42b9-8c26-8fe104d3fbaa/daw30hz-b2217b93-07f2-4a41-a9ff-e4df398c9e32.png/v1/fit/w_150,h_150,strp/_our_place__by_larienne_daw30hz-150.png&quot; data-src=&quot;https://images-wixmp-ed30a86b8c4ca887773594c2.wixmp.com/intermediary/f/70834e96-067e-42b9-8c26-8fe104d3fbaa/daw30hz-b2217b93-07f2-4a41-a9ff-e4df398c9e32.png/v1/fit/w_150,h_150,strp/_our_place__by_larienne_daw30hz-150.png&quot; srcset=&quot;https://images-wixmp-ed30a86b8c4ca887773594c2.wixmp.com/intermediary/f/70834e96-067e-42b9-8c26-8fe104d3fbaa/daw30hz-b2217b93-07f2-4a41-a9ff-e4df398c9e32.png/v1/fit/w_150,h_150,strp/_our_place__by_larienne_daw30hz-150.png 150w,https://images-wixmp-ed30a86b8c4ca887773594c2.wixmp.com/intermediary/f/70834e96-067e-42b9-8c26-8fe104d3fbaa/daw30hz-b2217b93-07f2-4a41-a9ff-e4df398c9e32.png/v1/fill/w_347,h_250,strp/_our_place__by_larienne_daw30hz-250t.png 347w,https://images-wixmp-ed30a86b8c4ca887773594c2.wixmp.com/intermediary/f/70834e96-067e-42b9-8c26-8fe104d3fbaa/daw30hz-b2217b93-07f2-4a41-a9ff-e4df398c9e32.png/v1/fill/w_486,h_350,strp/_our_place__by_larienne_daw30hz-350t.png 486w,https://images-wixmp-ed30a86b8c4ca887773594c2.wixmp.com/intermediary/f/70834e96-067e-42b9-8c26-8fe104d3fbaa/daw30hz-b2217b93-07f2-4a41-a9ff-e4df398c9e32.png/v1/fill/w_556,h_400,strp/_our_place__by_larienne_daw30hz-400t.png 556w,https://images-wixmp-ed30a86b8c4ca887773594c2.wixmp.com/intermediary/f/70834e96-067e-42b9-8c26-8fe104d3fbaa/daw30hz-b2217b93-07f2-4a41-a9ff-e4df398c9e32.png/v1/fill/w_900,h_648,strp/_our_place__by_larienne_daw30hz-fullview.png 900w&quot; sizes=&quot;150px&quot;&gt;&lt;/a&gt;&lt;/span&gt;&lt;!-- ^TTT --&gt;&lt;!-- TTT$ --&gt;&lt;/span&gt;&lt;span class=&quot;shadow-holder&quot; data-embed-type=&quot;deviation&quot; data-embed-id=&quot;662679091&quot; data-embed-format=&quot;thumb&quot;&gt;&lt;span class=&quot;shadow mild&quot; &gt;&lt;a class=&quot;thumb&quot; href=&quot;https://www.deviantart.com/larienne/art/Sound-of-Universe-662679091&quot; title=&quot;+Sound of Universe+ by larienne, Feb 10, 2017 in Traditional Art &amp;gt; Other&quot;data-super-img=&quot;https://images-wixmp-ed30a86b8c4ca887773594c2.wixmp.com/intermediary/f/70834e96-067e-42b9-8c26-8fe104d3fbaa/dayjigj-f6ea07c2-8329-4eef-a942-a0df0fecb099.png/v1/fill/w_800,h_1000,q_70,strp/_sound_of_universe__by_larienne_dayjigj-pre.jpg&quot; data-super-width=&quot;800&quot; data-super-height=&quot;1000&quot; data-super-transparent=&quot;false&quot; data-super-alt=&quot;+Sound of Universe+ by larienne&quot; data-super-full-img=&quot;https://images-wixmp-ed30a86b8c4ca887773594c2.wixmp.com/intermediary/f/70834e96-067e-42b9-8c26-8fe104d3fbaa/dayjigj-f6ea07c2-8329-4eef-a942-a0df0fecb099.png/v1/fill/w_900,h_1125,q_80,strp/_sound_of_universe__by_larienne_dayjigj-fullview.jpg&quot; data-super-full-width=&quot;900&quot; data-super-full-height=&quot;1125&quot;        data-sigil=&quot;thumb&quot;&gt;
        &lt;i&gt;&lt;/i&gt;&lt;img   width=&quot;120&quot; height=&quot;150&quot; alt=&quot;+Sound of Universe+ by larienne&quot; src=&quot;https://images-wixmp-ed30a86b8c4ca887773594c2.wixmp.com/intermediary/f/70834e96-067e-42b9-8c26-8fe104d3fbaa/dayjigj-f6ea07c2-8329-4eef-a942-a0df0fecb099.png/v1/fit/w_150,h_150,q_70,strp/_sound_of_universe__by_larienne_dayjigj-150.jpg&quot; data-src=&quot;https://images-wixmp-ed30a86b8c4ca887773594c2.wixmp.com/intermediary/f/70834e96-067e-42b9-8c26-8fe104d3fbaa/dayjigj-f6ea07c2-8329-4eef-a942-a0df0fecb099.png/v1/fit/w_150,h_150,q_70,strp/_sound_of_universe__by_larienne_dayjigj-150.jpg&quot; srcset=&quot;https://images-wixmp-ed30a86b8c4ca887773594c2.wixmp.com/intermediary/f/70834e96-067e-42b9-8c26-8fe104d3fbaa/dayjigj-f6ea07c2-8329-4eef-a942-a0df0fecb099.png/v1/fit/w_150,h_150,q_70,strp/_sound_of_universe__by_larienne_dayjigj-150.jpg 120w,https://images-wixmp-ed30a86b8c4ca887773594c2.wixmp.com/intermediary/f/70834e96-067e-42b9-8c26-8fe104d3fbaa/dayjigj-f6ea07c2-8329-4eef-a942-a0df0fecb099.png/v1/fill/w_200,h_250,q_70,strp/_sound_of_universe__by_larienne_dayjigj-250t.jpg 200w,https://images-wixmp-ed30a86b8c4ca887773594c2.wixmp.com/intermediary/f/70834e96-067e-42b9-8c26-8fe104d3fbaa/dayjigj-f6ea07c2-8329-4eef-a942-a0df0fecb099.png/v1/fill/w_280,h_350,q_70,strp/_sound_of_universe__by_larienne_dayjigj-350t.jpg 280w,https://images-wixmp-ed30a86b8c4ca887773594c2.wixmp.com/intermediary/f/70834e96-067e-42b9-8c26-8fe104d3fbaa/dayjigj-f6ea07c2-8329-4eef-a942-a0df0fecb099.png/v1/fill/w_320,h_400,q_70,strp/_sound_of_universe__by_larienne_dayjigj-400t.jpg 320w,https://images-wixmp-ed30a86b8c4ca887773594c2.wixmp.com/intermediary/f/70834e96-067e-42b9-8c26-8fe104d3fbaa/dayjigj-f6ea07c2-8329-4eef-a942-a0df0fecb099.png/v1/fill/w_800,h_1000,q_70,strp/_sound_of_universe__by_larienne_dayjigj-pre.jpg 800w&quot; sizes=&quot;120px&quot;&gt;&lt;/a&gt;&lt;/span&gt;&lt;!-- ^TTT --&gt;&lt;!-- TTT$ --&gt;&lt;/span&gt;&lt;span class=&quot;shadow-holder&quot; data-embed-type=&quot;deviation&quot; data-embed-id=&quot;766684691&quot; data-embed-format=&quot;thumb&quot;&gt;&lt;span class=&quot;shadow mild&quot; &gt;&lt;a class=&quot;thumb&quot; href=&quot;https://www.deviantart.com/larienne/art/Those-days-when-you-return-766684691&quot; title=&quot;Those days when you return by larienne, Oct 3, 2018 in Fan Art &amp;gt; Digital Art &amp;gt; Drawings &amp;gt; Movies &amp;amp; TV&quot;data-super-img=&quot;https://images-wixmp-ed30a86b8c4ca887773594c2.wixmp.com/intermediary/f/70834e96-067e-42b9-8c26-8fe104d3fbaa/dcogpoz-4fde0c71-a6c2-45e4-8bee-263890c45f7b.jpg/v1/fill/w_809,h_988,q_70,strp/those_days_when_you_return_by_larienne_dcogpoz-pre.jpg&quot; data-super-width=&quot;809&quot; data-super-height=&quot;988&quot; data-super-transparent=&quot;false&quot; data-super-alt=&quot;Those days when you return by larienne&quot; data-super-full-img=&quot;https://images-wixmp-ed30a86b8c4ca887773594c2.wixmp.com/intermediary/f/70834e96-067e-42b9-8c26-8fe104d3fbaa/dcogpoz-4fde0c71-a6c2-45e4-8bee-263890c45f7b.jpg/v1/fill/w_900,h_1100,q_70,strp/those_days_when_you_return_by_larienne_dcogpoz-fullview.jpg&quot; data-super-full-width=&quot;900&quot; data-super-full-height=&quot;1100&quot;        data-sigil=&quot;thumb&quot;&gt;
        &lt;i&gt;&lt;/i&gt;&lt;img   width=&quot;123&quot; height=&quot;150&quot; alt=&quot;Those days when you return by larienne&quot; src=&quot;https://images-wixmp-ed30a86b8c4ca887773594c2.wixmp.com/intermediary/f/70834e96-067e-42b9-8c26-8fe104d3fbaa/dcogpoz-4fde0c71-a6c2-45e4-8bee-263890c45f7b.jpg/v1/fit/w_150,h_150,q_70,strp/those_days_when_you_return_by_larienne_dcogpoz-150.jpg&quot; data-src=&quot;https://images-wixmp-ed30a86b8c4ca887773594c2.wixmp.com/intermediary/f/70834e96-067e-42b9-8c26-8fe104d3fbaa/dcogpoz-4fde0c71-a6c2-45e4-8bee-263890c45f7b.jpg/v1/fit/w_150,h_150,q_70,strp/those_days_when_you_return_by_larienne_dcogpoz-150.jpg&quot; srcset=&quot;https://images-wixmp-ed30a86b8c4ca887773594c2.wixmp.com/intermediary/f/70834e96-067e-42b9-8c26-8fe104d3fbaa/dcogpoz-4fde0c71-a6c2-45e4-8bee-263890c45f7b.jpg/v1/fit/w_150,h_150,q_70,strp/those_days_when_you_return_by_larienne_dcogpoz-150.jpg 123w,https://images-wixmp-ed30a86b8c4ca887773594c2.wixmp.com/intermediary/f/70834e96-067e-42b9-8c26-8fe104d3fbaa/dcogpoz-4fde0c71-a6c2-45e4-8bee-263890c45f7b.jpg/v1/fill/w_205,h_250,q_70,strp/those_days_when_you_return_by_larienne_dcogpoz-250t.jpg 205w,https://images-wixmp-ed30a86b8c4ca887773594c2.wixmp.com/intermediary/f/70834e96-067e-42b9-8c26-8fe104d3fbaa/dcogpoz-4fde0c71-a6c2-45e4-8bee-263890c45f7b.jpg/v1/crop/w_287,h_350,x_0,y_0,scl_0.26574074074074,q_70,strp/those_days_when_you_return_by_larienne_dcogpoz-350t.jpg 286w,https://images-wixmp-ed30a86b8c4ca887773594c2.wixmp.com/intermediary/f/70834e96-067e-42b9-8c26-8fe104d3fbaa/dcogpoz-4fde0c71-a6c2-45e4-8bee-263890c45f7b.jpg/v1/crop/w_328,h_400,x_0,y_0,scl_0.3037037037037,q_70,strp/those_days_when_you_return_by_larienne_dcogpoz-400t.jpg 327w,https://images-wixmp-ed30a86b8c4ca887773594c2.wixmp.com/intermediary/f/70834e96-067e-42b9-8c26-8fe104d3fbaa/dcogpoz-4fde0c71-a6c2-45e4-8bee-263890c45f7b.jpg/v1/fill/w_809,h_988,q_70,strp/those_days_when_you_return_by_larienne_dcogpoz-pre.jpg 809w&quot; sizes=&quot;123px&quot;&gt;&lt;/a&gt;&lt;/span&gt;&lt;!-- ^TTT --&gt;&lt;!-- TTT$ --&gt;&lt;/span&gt;</media:description>            <media:thumbnail url="https://t00.deviantart.net/wiarFDeeUTt6kwusW-DlT3YKEsM=/fit-in/150x150/filters:no_upscale():origin()/pre00/5fd3/th/pre/i/2019/030/b/a/creation_by_larienne-dcyg5tq.jpg" height="150" width="120"/>            <media:thumbnail url="https://t00.deviantart.net/Z1EQ-Fep3wrXZsH82ckaZe1lSqM=/fit-in/300x900/filters:no_upscale():origin()/pre00/5fd3/th/pre/i/2019/030/b/a/creation_by_larienne-dcyg5tq.jpg" height="375" width="300"/>            <media:thumbnail url="https://t00.deviantart.net/dqEXHkA42Do0zJVSpSlCB1Qr6vw=/300x200/filters:fixed_height(100,100):origin()/pre00/5fd3/th/pre/i/2019/030/b/a/creation_by_larienne-dcyg5tq.jpg" height="200" width="160"/>            <media:content url="https://pre00.deviantart.net/5fd3/th/pre/i/2019/030/b/a/creation_by_larienne-dcyg5tq.jpg" height="1000" width="800" medium="image"/>            
            <description>What&#039;s your fav part of creating artwork?&lt;br /&gt;7. Creation - artists have endless imagination that is their best tool to make art &lt;img src=&quot;https://e.deviantart.net/emoticons/s/smile.gif&quot; width=&quot;15&quot; height=&quot;15&quot; alt=&quot;:)&quot; data-embed-type=&quot;emoticon&quot; data-embed-id=&quot;391&quot; title=&quot;:) (Smile)&quot;/&gt; last day of Magic Moon week&lt;br /&gt;&lt;br /&gt;&lt;span&gt;&lt;br /&gt;Join me for more adventures&amp;nbsp;&lt;/span&gt;&lt;img src=&quot;https://e.deviantart.net/emoticons/s/smile.gif&quot; alt=&quot;:) (Smile)&quot; style=&quot;width: 15px; height: 15px;&quot; data-embed-type=&quot;emoticon&quot; data-embed-id=&quot;391&quot;&gt;&lt;span&gt;&amp;nbsp;@&lt;/span&gt;&lt;span&gt;&lt;br /&gt;&lt;/span&gt;&lt;i&gt;&lt;img src=&quot;https://e.deviantart.net/emoticons/s/star_full.gif&quot; alt=&quot;Star!&quot; style=&quot;width: 17px; height: 16px;&quot; data-embed-type=&quot;emoticon&quot; data-embed-id=&quot;450&quot;&gt;&amp;nbsp;instagram&amp;nbsp;&lt;a href=&quot;https://www.deviantart.com/users/outgoing?https://instagram.com/nimfiechan/&quot;&gt;&lt;/a&gt;&lt;a class=&quot;external&quot; href=&quot;https://www.deviantart.com/users/outgoing?https://instagram.com/lariennechan/&quot;&gt;instagram.com/lariennechan/&lt;/a&gt;&lt;/i&gt;&lt;br /&gt;&lt;i&gt;&lt;img src=&quot;https://e.deviantart.net/emoticons/s/star_full.gif&quot; alt=&quot;Star!&quot; style=&quot;width: 17px; height: 16px;&quot; data-embed-type=&quot;emoticon&quot; data-embed-id=&quot;450&quot;&gt;&amp;nbsp;FB:&amp;nbsp;&lt;a href=&quot;https://www.deviantart.com/users/outgoing?https://www.facebook.com/nimfiechan&quot;&gt;&lt;/a&gt;&lt;a class=&quot;external&quot; href=&quot;https://www.deviantart.com/users/outgoing?https://www.facebook.com/lariennechan&quot;&gt;www.facebook.com/lariennechan&lt;/a&gt;&lt;/i&gt;&lt;br /&gt;&lt;span class=&quot;shadow-holder&quot; data-embed-type=&quot;deviation&quot; data-embed-id=&quot;630867798&quot; data-embed-format=&quot;thumb&quot;&gt;&lt;span class=&quot;shadow mild&quot; &gt;&lt;a class=&quot;thumb&quot; href=&quot;https://www.deviantart.com/larienne/art/Harley-WIP-630867798&quot; title=&quot;+Harley - WIP+ by larienne, Aug 27, 2016 in Traditional Art &amp;gt; Mixed Media &amp;gt; Other&quot;data-super-img=&quot;https://images-wixmp-ed30a86b8c4ca887773594c2.wixmp.com/intermediary/f/70834e96-067e-42b9-8c26-8fe104d3fbaa/daflopi-b5ec57c2-009c-4e67-8586-2adce8d8a7d6.png&quot; data-super-width=&quot;714&quot; data-super-height=&quot;812&quot; data-super-transparent=&quot;false&quot; data-super-alt=&quot;+Harley - WIP+ by larienne&quot; data-super-full-img=&quot;https://images-wixmp-ed30a86b8c4ca887773594c2.wixmp.com/intermediary/f/70834e96-067e-42b9-8c26-8fe104d3fbaa/daflopi-b5ec57c2-009c-4e67-8586-2adce8d8a7d6.png&quot; data-super-full-width=&quot;714&quot; data-super-full-height=&quot;812&quot;        data-sigil=&quot;thumb&quot;&gt;
        &lt;i&gt;&lt;/i&gt;&lt;img   width=&quot;132&quot; height=&quot;150&quot; alt=&quot;+Harley - WIP+ by larienne&quot; src=&quot;https://images-wixmp-ed30a86b8c4ca887773594c2.wixmp.com/intermediary/f/70834e96-067e-42b9-8c26-8fe104d3fbaa/daflopi-b5ec57c2-009c-4e67-8586-2adce8d8a7d6.png/v1/fit/w_150,h_150,q_70,strp/_harley___wip__by_larienne_daflopi-150.jpg&quot; data-src=&quot;https://images-wixmp-ed30a86b8c4ca887773594c2.wixmp.com/intermediary/f/70834e96-067e-42b9-8c26-8fe104d3fbaa/daflopi-b5ec57c2-009c-4e67-8586-2adce8d8a7d6.png/v1/fit/w_150,h_150,q_70,strp/_harley___wip__by_larienne_daflopi-150.jpg&quot; srcset=&quot;https://images-wixmp-ed30a86b8c4ca887773594c2.wixmp.com/intermediary/f/70834e96-067e-42b9-8c26-8fe104d3fbaa/daflopi-b5ec57c2-009c-4e67-8586-2adce8d8a7d6.png/v1/fit/w_150,h_150,q_70,strp/_harley___wip__by_larienne_daflopi-150.jpg 132w,https://images-wixmp-ed30a86b8c4ca887773594c2.wixmp.com/intermediary/f/70834e96-067e-42b9-8c26-8fe104d3fbaa/daflopi-b5ec57c2-009c-4e67-8586-2adce8d8a7d6.png/v1/fill/w_220,h_250,q_70,strp/_harley___wip__by_larienne_daflopi-250t.jpg 220w,https://images-wixmp-ed30a86b8c4ca887773594c2.wixmp.com/intermediary/f/70834e96-067e-42b9-8c26-8fe104d3fbaa/daflopi-b5ec57c2-009c-4e67-8586-2adce8d8a7d6.png/v1/fill/w_308,h_350,q_70,strp/_harley___wip__by_larienne_daflopi-350t.jpg 308w,https://images-wixmp-ed30a86b8c4ca887773594c2.wixmp.com/intermediary/f/70834e96-067e-42b9-8c26-8fe104d3fbaa/daflopi-b5ec57c2-009c-4e67-8586-2adce8d8a7d6.png/v1/fill/w_352,h_400,q_70,strp/_harley___wip__by_larienne_daflopi-400t.jpg 352w,https://images-wixmp-ed30a86b8c4ca887773594c2.wixmp.com/intermediary/f/70834e96-067e-42b9-8c26-8fe104d3fbaa/daflopi-b5ec57c2-009c-4e67-8586-2adce8d8a7d6.png 714w&quot; sizes=&quot;132px&quot;&gt;&lt;/a&gt;&lt;/span&gt;&lt;!-- ^TTT --&gt;&lt;!-- TTT$ --&gt;&lt;/span&gt;&lt;span class=&quot;shadow-holder&quot; data-embed-type=&quot;deviation&quot; data-embed-id=&quot;592623218&quot; data-embed-format=&quot;thumb&quot;&gt;&lt;span class=&quot;shadow mild&quot; &gt;&lt;a class=&quot;thumb&quot; href=&quot;https://www.deviantart.com/larienne/art/The-Cycle-of-L-eye-f-592623218&quot; title=&quot;+The Cycle of L-eye-f+ by larienne, Feb 23, 2016 in Traditional Art &amp;gt; Drawings &amp;gt; Surreal&quot;data-super-img=&quot;https://images-wixmp-ed30a86b8c4ca887773594c2.wixmp.com/intermediary/f/70834e96-067e-42b9-8c26-8fe104d3fbaa/d9stz02-6da36be9-9c9f-4836-995e-ed7f3fe1b3c7.png/v1/fill/w_600,h_769,q_80,strp/_the_cycle_of_l_eye_f__by_larienne_d9stz02-fullview.jpg&quot; data-super-width=&quot;600&quot; data-super-height=&quot;769&quot; data-super-transparent=&quot;false&quot; data-super-alt=&quot;+The Cycle of L-eye-f+ by larienne&quot; data-super-full-img=&quot;https://images-wixmp-ed30a86b8c4ca887773594c2.wixmp.com/intermediary/f/70834e96-067e-42b9-8c26-8fe104d3fbaa/d9stz02-6da36be9-9c9f-4836-995e-ed7f3fe1b3c7.png/v1/fill/w_600,h_769,q_80,strp/_the_cycle_of_l_eye_f__by_larienne_d9stz02-fullview.jpg&quot; data-super-full-width=&quot;600&quot; data-super-full-height=&quot;769&quot;        data-sigil=&quot;thumb&quot;&gt;
        &lt;i&gt;&lt;/i&gt;&lt;img   width=&quot;117&quot; height=&quot;150&quot; alt=&quot;+The Cycle of L-eye-f+ by larienne&quot; src=&quot;https://images-wixmp-ed30a86b8c4ca887773594c2.wixmp.com/intermediary/f/70834e96-067e-42b9-8c26-8fe104d3fbaa/d9stz02-6da36be9-9c9f-4836-995e-ed7f3fe1b3c7.png/v1/fit/w_150,h_150,q_70,strp/_the_cycle_of_l_eye_f__by_larienne_d9stz02-150.jpg&quot; data-src=&quot;https://images-wixmp-ed30a86b8c4ca887773594c2.wixmp.com/intermediary/f/70834e96-067e-42b9-8c26-8fe104d3fbaa/d9stz02-6da36be9-9c9f-4836-995e-ed7f3fe1b3c7.png/v1/fit/w_150,h_150,q_70,strp/_the_cycle_of_l_eye_f__by_larienne_d9stz02-150.jpg&quot; srcset=&quot;https://images-wixmp-ed30a86b8c4ca887773594c2.wixmp.com/intermediary/f/70834e96-067e-42b9-8c26-8fe104d3fbaa/d9stz02-6da36be9-9c9f-4836-995e-ed7f3fe1b3c7.png/v1/fit/w_150,h_150,q_70,strp/_the_cycle_of_l_eye_f__by_larienne_d9stz02-150.jpg 117w,https://images-wixmp-ed30a86b8c4ca887773594c2.wixmp.com/intermediary/f/70834e96-067e-42b9-8c26-8fe104d3fbaa/d9stz02-6da36be9-9c9f-4836-995e-ed7f3fe1b3c7.png/v1/fill/w_195,h_250,q_70,strp/_the_cycle_of_l_eye_f__by_larienne_d9stz02-250t.jpg 195w,https://images-wixmp-ed30a86b8c4ca887773594c2.wixmp.com/intermediary/f/70834e96-067e-42b9-8c26-8fe104d3fbaa/d9stz02-6da36be9-9c9f-4836-995e-ed7f3fe1b3c7.png/v1/fill/w_273,h_350,q_70,strp/_the_cycle_of_l_eye_f__by_larienne_d9stz02-350t.jpg 273w,https://images-wixmp-ed30a86b8c4ca887773594c2.wixmp.com/intermediary/f/70834e96-067e-42b9-8c26-8fe104d3fbaa/d9stz02-6da36be9-9c9f-4836-995e-ed7f3fe1b3c7.png/v1/fill/w_312,h_400,q_70,strp/_the_cycle_of_l_eye_f__by_larienne_d9stz02-400t.jpg 312w,https://images-wixmp-ed30a86b8c4ca887773594c2.wixmp.com/intermediary/f/70834e96-067e-42b9-8c26-8fe104d3fbaa/d9stz02-6da36be9-9c9f-4836-995e-ed7f3fe1b3c7.png/v1/fill/w_600,h_769,q_80,strp/_the_cycle_of_l_eye_f__by_larienne_d9stz02-fullview.jpg 600w&quot; sizes=&quot;117px&quot;&gt;&lt;/a&gt;&lt;/span&gt;&lt;!-- ^TTT --&gt;&lt;!-- TTT$ --&gt;&lt;/span&gt;&lt;span class=&quot;shadow-holder&quot; data-embed-type=&quot;deviation&quot; data-embed-id=&quot;658550087&quot; data-embed-format=&quot;thumb&quot;&gt;&lt;span class=&quot;shadow mild&quot; &gt;&lt;a class=&quot;thumb&quot; href=&quot;https://www.deviantart.com/larienne/art/Our-Place-658550087&quot; title=&quot;+Our Place+ by larienne, Jan 20, 2017 in Digital Art &amp;gt; Drawings &amp;amp; Paintings &amp;gt; Other&quot;data-super-img=&quot;https://images-wixmp-ed30a86b8c4ca887773594c2.wixmp.com/intermediary/f/70834e96-067e-42b9-8c26-8fe104d3fbaa/daw30hz-b2217b93-07f2-4a41-a9ff-e4df398c9e32.png/v1/fill/w_900,h_648,strp/_our_place__by_larienne_daw30hz-fullview.png&quot; data-super-width=&quot;900&quot; data-super-height=&quot;648&quot; data-super-transparent=&quot;true&quot; data-super-alt=&quot;+Our Place+ by larienne&quot; data-super-full-img=&quot;https://images-wixmp-ed30a86b8c4ca887773594c2.wixmp.com/intermediary/f/70834e96-067e-42b9-8c26-8fe104d3fbaa/daw30hz-b2217b93-07f2-4a41-a9ff-e4df398c9e32.png/v1/fill/w_900,h_648,strp/_our_place__by_larienne_daw30hz-fullview.png&quot; data-super-full-width=&quot;900&quot; data-super-full-height=&quot;648&quot;        data-sigil=&quot;thumb&quot;&gt;
        &lt;i&gt;&lt;/i&gt;&lt;img   width=&quot;150&quot; height=&quot;108&quot; alt=&quot;+Our Place+ by larienne&quot; src=&quot;https://images-wixmp-ed30a86b8c4ca887773594c2.wixmp.com/intermediary/f/70834e96-067e-42b9-8c26-8fe104d3fbaa/daw30hz-b2217b93-07f2-4a41-a9ff-e4df398c9e32.png/v1/fit/w_150,h_150,strp/_our_place__by_larienne_daw30hz-150.png&quot; data-src=&quot;https://images-wixmp-ed30a86b8c4ca887773594c2.wixmp.com/intermediary/f/70834e96-067e-42b9-8c26-8fe104d3fbaa/daw30hz-b2217b93-07f2-4a41-a9ff-e4df398c9e32.png/v1/fit/w_150,h_150,strp/_our_place__by_larienne_daw30hz-150.png&quot; srcset=&quot;https://images-wixmp-ed30a86b8c4ca887773594c2.wixmp.com/intermediary/f/70834e96-067e-42b9-8c26-8fe104d3fbaa/daw30hz-b2217b93-07f2-4a41-a9ff-e4df398c9e32.png/v1/fit/w_150,h_150,strp/_our_place__by_larienne_daw30hz-150.png 150w,https://images-wixmp-ed30a86b8c4ca887773594c2.wixmp.com/intermediary/f/70834e96-067e-42b9-8c26-8fe104d3fbaa/daw30hz-b2217b93-07f2-4a41-a9ff-e4df398c9e32.png/v1/fill/w_347,h_250,strp/_our_place__by_larienne_daw30hz-250t.png 347w,https://images-wixmp-ed30a86b8c4ca887773594c2.wixmp.com/intermediary/f/70834e96-067e-42b9-8c26-8fe104d3fbaa/daw30hz-b2217b93-07f2-4a41-a9ff-e4df398c9e32.png/v1/fill/w_486,h_350,strp/_our_place__by_larienne_daw30hz-350t.png 486w,https://images-wixmp-ed30a86b8c4ca887773594c2.wixmp.com/intermediary/f/70834e96-067e-42b9-8c26-8fe104d3fbaa/daw30hz-b2217b93-07f2-4a41-a9ff-e4df398c9e32.png/v1/fill/w_556,h_400,strp/_our_place__by_larienne_daw30hz-400t.png 556w,https://images-wixmp-ed30a86b8c4ca887773594c2.wixmp.com/intermediary/f/70834e96-067e-42b9-8c26-8fe104d3fbaa/daw30hz-b2217b93-07f2-4a41-a9ff-e4df398c9e32.png/v1/fill/w_900,h_648,strp/_our_place__by_larienne_daw30hz-fullview.png 900w&quot; sizes=&quot;150px&quot;&gt;&lt;/a&gt;&lt;/span&gt;&lt;!-- ^TTT --&gt;&lt;!-- TTT$ --&gt;&lt;/span&gt;&lt;span class=&quot;shadow-holder&quot; data-embed-type=&quot;deviation&quot; data-embed-id=&quot;662679091&quot; data-embed-format=&quot;thumb&quot;&gt;&lt;span class=&quot;shadow mild&quot; &gt;&lt;a class=&quot;thumb&quot; href=&quot;https://www.deviantart.com/larienne/art/Sound-of-Universe-662679091&quot; title=&quot;+Sound of Universe+ by larienne, Feb 10, 2017 in Traditional Art &amp;gt; Other&quot;data-super-img=&quot;https://images-wixmp-ed30a86b8c4ca887773594c2.wixmp.com/intermediary/f/70834e96-067e-42b9-8c26-8fe104d3fbaa/dayjigj-f6ea07c2-8329-4eef-a942-a0df0fecb099.png/v1/fill/w_800,h_1000,q_70,strp/_sound_of_universe__by_larienne_dayjigj-pre.jpg&quot; data-super-width=&quot;800&quot; data-super-height=&quot;1000&quot; data-super-transparent=&quot;false&quot; data-super-alt=&quot;+Sound of Universe+ by larienne&quot; data-super-full-img=&quot;https://images-wixmp-ed30a86b8c4ca887773594c2.wixmp.com/intermediary/f/70834e96-067e-42b9-8c26-8fe104d3fbaa/dayjigj-f6ea07c2-8329-4eef-a942-a0df0fecb099.png/v1/fill/w_900,h_1125,q_80,strp/_sound_of_universe__by_larienne_dayjigj-fullview.jpg&quot; data-super-full-width=&quot;900&quot; data-super-full-height=&quot;1125&quot;        data-sigil=&quot;thumb&quot;&gt;
        &lt;i&gt;&lt;/i&gt;&lt;img   width=&quot;120&quot; height=&quot;150&quot; alt=&quot;+Sound of Universe+ by larienne&quot; src=&quot;https://images-wixmp-ed30a86b8c4ca887773594c2.wixmp.com/intermediary/f/70834e96-067e-42b9-8c26-8fe104d3fbaa/dayjigj-f6ea07c2-8329-4eef-a942-a0df0fecb099.png/v1/fit/w_150,h_150,q_70,strp/_sound_of_universe__by_larienne_dayjigj-150.jpg&quot; data-src=&quot;https://images-wixmp-ed30a86b8c4ca887773594c2.wixmp.com/intermediary/f/70834e96-067e-42b9-8c26-8fe104d3fbaa/dayjigj-f6ea07c2-8329-4eef-a942-a0df0fecb099.png/v1/fit/w_150,h_150,q_70,strp/_sound_of_universe__by_larienne_dayjigj-150.jpg&quot; srcset=&quot;https://images-wixmp-ed30a86b8c4ca887773594c2.wixmp.com/intermediary/f/70834e96-067e-42b9-8c26-8fe104d3fbaa/dayjigj-f6ea07c2-8329-4eef-a942-a0df0fecb099.png/v1/fit/w_150,h_150,q_70,strp/_sound_of_universe__by_larienne_dayjigj-150.jpg 120w,https://images-wixmp-ed30a86b8c4ca887773594c2.wixmp.com/intermediary/f/70834e96-067e-42b9-8c26-8fe104d3fbaa/dayjigj-f6ea07c2-8329-4eef-a942-a0df0fecb099.png/v1/fill/w_200,h_250,q_70,strp/_sound_of_universe__by_larienne_dayjigj-250t.jpg 200w,https://images-wixmp-ed30a86b8c4ca887773594c2.wixmp.com/intermediary/f/70834e96-067e-42b9-8c26-8fe104d3fbaa/dayjigj-f6ea07c2-8329-4eef-a942-a0df0fecb099.png/v1/fill/w_280,h_350,q_70,strp/_sound_of_universe__by_larienne_dayjigj-350t.jpg 280w,https://images-wixmp-ed30a86b8c4ca887773594c2.wixmp.com/intermediary/f/70834e96-067e-42b9-8c26-8fe104d3fbaa/dayjigj-f6ea07c2-8329-4eef-a942-a0df0fecb099.png/v1/fill/w_320,h_400,q_70,strp/_sound_of_universe__by_larienne_dayjigj-400t.jpg 320w,https://images-wixmp-ed30a86b8c4ca887773594c2.wixmp.com/intermediary/f/70834e96-067e-42b9-8c26-8fe104d3fbaa/dayjigj-f6ea07c2-8329-4eef-a942-a0df0fecb099.png/v1/fill/w_800,h_1000,q_70,strp/_sound_of_universe__by_larienne_dayjigj-pre.jpg 800w&quot; sizes=&quot;120px&quot;&gt;&lt;/a&gt;&lt;/span&gt;&lt;!-- ^TTT --&gt;&lt;!-- TTT$ --&gt;&lt;/span&gt;&lt;span class=&quot;shadow-holder&quot; data-embed-type=&quot;deviation&quot; data-embed-id=&quot;766684691&quot; data-embed-format=&quot;thumb&quot;&gt;&lt;span class=&quot;shadow mild&quot; &gt;&lt;a class=&quot;thumb&quot; href=&quot;https://www.deviantart.com/larienne/art/Those-days-when-you-return-766684691&quot; title=&quot;Those days when you return by larienne, Oct 3, 2018 in Fan Art &amp;gt; Digital Art &amp;gt; Drawings &amp;gt; Movies &amp;amp; TV&quot;data-super-img=&quot;https://images-wixmp-ed30a86b8c4ca887773594c2.wixmp.com/intermediary/f/70834e96-067e-42b9-8c26-8fe104d3fbaa/dcogpoz-4fde0c71-a6c2-45e4-8bee-263890c45f7b.jpg/v1/fill/w_809,h_988,q_70,strp/those_days_when_you_return_by_larienne_dcogpoz-pre.jpg&quot; data-super-width=&quot;809&quot; data-super-height=&quot;988&quot; data-super-transparent=&quot;false&quot; data-super-alt=&quot;Those days when you return by larienne&quot; data-super-full-img=&quot;https://images-wixmp-ed30a86b8c4ca887773594c2.wixmp.com/intermediary/f/70834e96-067e-42b9-8c26-8fe104d3fbaa/dcogpoz-4fde0c71-a6c2-45e4-8bee-263890c45f7b.jpg/v1/fill/w_900,h_1100,q_70,strp/those_days_when_you_return_by_larienne_dcogpoz-fullview.jpg&quot; data-super-full-width=&quot;900&quot; data-super-full-height=&quot;1100&quot;        data-sigil=&quot;thumb&quot;&gt;
        &lt;i&gt;&lt;/i&gt;&lt;img   width=&quot;123&quot; height=&quot;150&quot; alt=&quot;Those days when you return by larienne&quot; src=&quot;https://images-wixmp-ed30a86b8c4ca887773594c2.wixmp.com/intermediary/f/70834e96-067e-42b9-8c26-8fe104d3fbaa/dcogpoz-4fde0c71-a6c2-45e4-8bee-263890c45f7b.jpg/v1/fit/w_150,h_150,q_70,strp/those_days_when_you_return_by_larienne_dcogpoz-150.jpg&quot; data-src=&quot;https://images-wixmp-ed30a86b8c4ca887773594c2.wixmp.com/intermediary/f/70834e96-067e-42b9-8c26-8fe104d3fbaa/dcogpoz-4fde0c71-a6c2-45e4-8bee-263890c45f7b.jpg/v1/fit/w_150,h_150,q_70,strp/those_days_when_you_return_by_larienne_dcogpoz-150.jpg&quot; srcset=&quot;https://images-wixmp-ed30a86b8c4ca887773594c2.wixmp.com/intermediary/f/70834e96-067e-42b9-8c26-8fe104d3fbaa/dcogpoz-4fde0c71-a6c2-45e4-8bee-263890c45f7b.jpg/v1/fit/w_150,h_150,q_70,strp/those_days_when_you_return_by_larienne_dcogpoz-150.jpg 123w,https://images-wixmp-ed30a86b8c4ca887773594c2.wixmp.com/intermediary/f/70834e96-067e-42b9-8c26-8fe104d3fbaa/dcogpoz-4fde0c71-a6c2-45e4-8bee-263890c45f7b.jpg/v1/fill/w_205,h_250,q_70,strp/those_days_when_you_return_by_larienne_dcogpoz-250t.jpg 205w,https://images-wixmp-ed30a86b8c4ca887773594c2.wixmp.com/intermediary/f/70834e96-067e-42b9-8c26-8fe104d3fbaa/dcogpoz-4fde0c71-a6c2-45e4-8bee-263890c45f7b.jpg/v1/crop/w_287,h_350,x_0,y_0,scl_0.26574074074074,q_70,strp/those_days_when_you_return_by_larienne_dcogpoz-350t.jpg 286w,https://images-wixmp-ed30a86b8c4ca887773594c2.wixmp.com/intermediary/f/70834e96-067e-42b9-8c26-8fe104d3fbaa/dcogpoz-4fde0c71-a6c2-45e4-8bee-263890c45f7b.jpg/v1/crop/w_328,h_400,x_0,y_0,scl_0.3037037037037,q_70,strp/those_days_when_you_return_by_larienne_dcogpoz-400t.jpg 327w,https://images-wixmp-ed30a86b8c4ca887773594c2.wixmp.com/intermediary/f/70834e96-067e-42b9-8c26-8fe104d3fbaa/dcogpoz-4fde0c71-a6c2-45e4-8bee-263890c45f7b.jpg/v1/fill/w_809,h_988,q_70,strp/those_days_when_you_return_by_larienne_dcogpoz-pre.jpg 809w&quot; sizes=&quot;123px&quot;&gt;&lt;/a&gt;&lt;/span&gt;&lt;!-- ^TTT --&gt;&lt;!-- TTT$ --&gt;&lt;/span&gt;&lt;br /&gt;&lt;div&gt;&lt;img src=&quot;https://t00.deviantart.net/dqEXHkA42Do0zJVSpSlCB1Qr6vw=/300x200/filters:fixed_height(100,100):origin()/pre00/5fd3/th/pre/i/2019/030/b/a/creation_by_larienne-dcyg5tq.jpg&quot; alt=&quot;thumbnail&quot; /&gt;&lt;/div&gt;</description>            </item>
                    <item>
                <title>Spider Gwen</title>
                <link>https://nopeys.deviantart.com/art/Spider-Gwen-783428315</link>
                <guid isPermaLink="true">https://nopeys.deviantart.com/art/Spider-Gwen-783428315</guid>
                <pubDate>Wed, 30 Jan 2019 08:43:45 PST</pubDate>
                        <media:title type="plain">Spider Gwen</media:title>
        <media:keywords></media:keywords>
                        <media:rating>nonadult</media:rating>
                <media:category label="Movies &amp; TV">fanart/cartoons/digital/movies</media:category>
        <media:credit role="author" scheme="urn:ebu">NOPEYS</media:credit>
        <media:credit role="author" scheme="urn:ebu">https://a.deviantart.net/avatars/n/o/nopeys.jpg?5</media:credit>
        <media:copyright url="https://nopeys.deviantart.com">Copyright 2019 NOPEYS</media:copyright>            <media:description type="html">&lt;span&gt;Hope you like this one. Subscribe to my patreon to get this before february 1. I really appreciate your support.&lt;/span&gt;&lt;br /&gt;&lt;br /&gt;&lt;a class=&quot;external&quot; href=&quot;https://www.deviantart.com/users/outgoing?https://www.patreon.com/nopeys&quot;&gt;Patreon Page&lt;/a&gt;&lt;span&gt;&amp;nbsp; PSD, NSFW, BRUSHES, WIPs, etc&amp;nbsp;&lt;br /&gt;&lt;/span&gt;&lt;span&gt;&lt;a class=&quot;external&quot; href=&quot;https://www.deviantart.com/users/outgoing?https://gumroad.com/nopeys&quot;&gt;Gumroad&lt;/a&gt;&lt;/span&gt;&lt;span&gt;&amp;nbsp;&amp;lt;- Previously artwork rewards&amp;nbsp;&lt;img src=&quot;https://e.deviantart.net/emoticons/b/biggrin.gif&quot; alt=&quot;:D (Big Grin)&quot; style=&quot;width: 15px; height: 15px;&quot; data-embed-type=&quot;emoticon&quot; data-embed-id=&quot;366&quot;&gt;&amp;nbsp;&lt;/span&gt;&lt;span&gt;&lt;br /&gt;&lt;br /&gt;&lt;/span&gt;&lt;span&gt;I&#039;m also open for commission, just send me a note or email me at nopeymuz@gmail.com for more info&lt;/span&gt;</media:description>            <media:thumbnail url="https://t00.deviantart.net/BTnXgpKseSNd7ktesaygEiN3Jt4=/fit-in/150x150/filters:no_upscale():origin()/pre00/cfea/th/pre/i/2019/030/2/e/spider_gwen_by_nopeys-dcyfl5n.jpg" height="150" width="97"/>            <media:thumbnail url="https://t00.deviantart.net/l3AZRLYG9SzEuedV8cNJmJL3HK4=/fit-in/300x900/filters:no_upscale():origin()/pre00/cfea/th/pre/i/2019/030/2/e/spider_gwen_by_nopeys-dcyfl5n.jpg" height="464" width="300"/>            <media:thumbnail url="https://t00.deviantart.net/lPmonb9S7wv4iH8SEWZRrDnlWIU=/300x200/filters:fixed_height(100,100):origin()/pre00/cfea/th/pre/i/2019/030/2/e/spider_gwen_by_nopeys-dcyfl5n.jpg" height="200" width="129"/>            <media:content url="https://pre00.deviantart.net/cfea/th/pre/i/2019/030/2/e/spider_gwen_by_nopeys-dcyfl5n.jpg" height="1111" width="719" medium="image"/>            
            <description>&lt;span&gt;Hope you like this one. Subscribe to my patreon to get this before february 1. I really appreciate your support.&lt;/span&gt;&lt;br /&gt;&lt;br /&gt;&lt;a class=&quot;external&quot; href=&quot;https://www.deviantart.com/users/outgoing?https://www.patreon.com/nopeys&quot;&gt;Patreon Page&lt;/a&gt;&lt;span&gt;&amp;nbsp; PSD, NSFW, BRUSHES, WIPs, etc&amp;nbsp;&lt;br /&gt;&lt;/span&gt;&lt;span&gt;&lt;a class=&quot;external&quot; href=&quot;https://www.deviantart.com/users/outgoing?https://gumroad.com/nopeys&quot;&gt;Gumroad&lt;/a&gt;&lt;/span&gt;&lt;span&gt;&amp;nbsp;&amp;lt;- Previously artwork rewards&amp;nbsp;&lt;img src=&quot;https://e.deviantart.net/emoticons/b/biggrin.gif&quot; alt=&quot;:D (Big Grin)&quot; style=&quot;width: 15px; height: 15px;&quot; data-embed-type=&quot;emoticon&quot; data-embed-id=&quot;366&quot;&gt;&amp;nbsp;&lt;/span&gt;&lt;span&gt;&lt;br /&gt;&lt;br /&gt;&lt;/span&gt;&lt;span&gt;I&#039;m also open for commission, just send me a note or email me at nopeymuz@gmail.com for more info&lt;/span&gt;&lt;br /&gt;&lt;div&gt;&lt;img src=&quot;https://t00.deviantart.net/lPmonb9S7wv4iH8SEWZRrDnlWIU=/300x200/filters:fixed_height(100,100):origin()/pre00/cfea/th/pre/i/2019/030/2/e/spider_gwen_by_nopeys-dcyfl5n.jpg&quot; alt=&quot;thumbnail&quot; /&gt;&lt;/div&gt;</description>            </item>
                    <item>
                <title>Red Devil Falls</title>
                <link>https://somadjinn.deviantart.com/art/Red-Devil-Falls-783370673</link>
                <guid isPermaLink="true">https://somadjinn.deviantart.com/art/Red-Devil-Falls-783370673</guid>
                <pubDate>Tue, 29 Jan 2019 20:23:01 PST</pubDate>
                        <media:title type="plain">Red Devil Falls</media:title>
        <media:keywords></media:keywords>
                        <media:rating>nonadult</media:rating>
                <media:category label="Waterscapes">resources/stockart/nature/waterscapes</media:category>
        <media:credit role="author" scheme="urn:ebu">somadjinn</media:credit>
        <media:credit role="author" scheme="urn:ebu">https://a.deviantart.net/avatars/s/o/somadjinn.jpg?4</media:credit>
        <media:copyright url="https://somadjinn.deviantart.com">Copyright 2019 somadjinn</media:copyright>             <creativeCommons:license>http://creativecommons.org/licenses/by/3.0/</creativeCommons:license>
                <media:description type="html">&lt;span class=&quot;shadow-holder&quot; data-embed-type=&quot;deviation&quot; data-embed-id=&quot;543304473&quot; data-embed-format=&quot;thumb&quot;&gt;&lt;span class=&quot;shadow mild&quot; &gt;&lt;a class=&quot;thumb&quot; href=&quot;https://www.deviantart.com/poserfan/art/Patreon-Icon-543304473&quot; title=&quot;Patreon Icon by poserfan, Jul 1, 2015 in Customization &amp;gt; Emoticons &amp;gt; Chat Friendly Emotes &amp;gt; Small - up to 25x50 &amp;gt; Static&quot;data-super-img=&quot;https://images-wixmp-ed30a86b8c4ca887773594c2.wixmp.com/intermediary/f/0a6e9796-d386-4234-97d1-d46c16906e81/d8zgwex-5864a807-08a9-4167-a686-55d51e951ded.png&quot; data-super-width=&quot;16&quot; data-super-height=&quot;16&quot; data-super-transparent=&quot;true&quot; data-super-alt=&quot;Patreon Icon by poserfan&quot; data-super-full-img=&quot;https://images-wixmp-ed30a86b8c4ca887773594c2.wixmp.com/intermediary/f/0a6e9796-d386-4234-97d1-d46c16906e81/d8zgwex-5864a807-08a9-4167-a686-55d51e951ded.png&quot; data-super-full-width=&quot;16&quot; data-super-full-height=&quot;16&quot;        data-sigil=&quot;thumb&quot;&gt;
        &lt;i&gt;&lt;/i&gt;&lt;img   width=&quot;16&quot; height=&quot;16&quot; alt=&quot;Patreon Icon by poserfan&quot; src=&quot;https://images-wixmp-ed30a86b8c4ca887773594c2.wixmp.com/intermediary/f/0a6e9796-d386-4234-97d1-d46c16906e81/d8zgwex-5864a807-08a9-4167-a686-55d51e951ded.png&quot; data-src=&quot;https://images-wixmp-ed30a86b8c4ca887773594c2.wixmp.com/intermediary/f/0a6e9796-d386-4234-97d1-d46c16906e81/d8zgwex-5864a807-08a9-4167-a686-55d51e951ded.png&quot; srcset=&quot;https://images-wixmp-ed30a86b8c4ca887773594c2.wixmp.com/intermediary/f/0a6e9796-d386-4234-97d1-d46c16906e81/d8zgwex-5864a807-08a9-4167-a686-55d51e951ded.png 16w&quot; sizes=&quot;16px&quot;&gt;&lt;/a&gt;&lt;/span&gt;&lt;!-- ^TTT --&gt;&lt;!-- TTT$ --&gt;&lt;/span&gt; &lt;b&gt;&lt;a class=&quot;external&quot; href=&quot;https://www.deviantart.com/users/outgoing?https://www.patreon.com/nicolasraymond&quot;&gt;Support me on Patreon&lt;/a&gt;&lt;/b&gt;&lt;hr/&gt;&lt;br /&gt;Long exposure photo of Chute du Diable in Mont-Tremblant National Park, Quebec (Canada). Translated from French, Chute du Diable means Devil Falls (or Demon Falls). HDR composite from multiple exposures, and variant of &lt;a href=&quot;https://www.deviantart.com/somadjinn/art/Spectral-Devil-Falls-770650904&quot;&gt;Spectral Devil Falls&lt;/a&gt; selectively processed with red colors for a more surreal atmosphere.&lt;br /&gt;&lt;p&gt;Offered under a Creative Commons license / Attribution Unported. Meaning &lt;b&gt;Yes&lt;/b&gt; for commercial use including premade backgrounds as long as you credit and link back to me. More details on my stock rules here:&amp;nbsp;&lt;a href=&quot;https://somadjinn.deviantart.com/journal/Stock-Rules-Creative-Commons-3-0-241297198&quot;&gt;&lt;a href=&quot;https://somadjinn.deviantart.com/journal/Stock-Rules-Creative-Commons-3-0-241297198&quot;&gt;somadjinn.deviantart.com/journ&amp;hellip;&lt;/a&gt;&lt;/a&gt;&lt;/p&gt;&lt;p&gt;For a small premium of 50 points you can download this stock at a high resolution of 5000 x 3333 px. Also available for purchase as a print.&lt;br /&gt;&lt;/p&gt;&lt;p&gt;&lt;/p&gt;&lt;hr/&gt;Now included for download on my &lt;b&gt;&lt;a class=&quot;external&quot; href=&quot;https://www.deviantart.com/users/outgoing?https://www.patreon.com/nicolasraymond&quot;&gt;Patreon account&lt;/a&gt;&lt;/b&gt; if you want access to an ever-growing collection of my high res stock for one monthly subscription fee.&lt;p&gt;&lt;/p&gt;&lt;div&gt;You can find this specific image at the following post:&amp;nbsp;&lt;a class=&quot;external&quot; href=&quot;https://www.deviantart.com/users/outgoing?https://www.patreon.com/posts/red-devil-falls-22421531&quot;&gt;www.patreon.com/posts/red-devi&amp;hellip;&lt;/a&gt;&lt;/div&gt;</media:description>            <media:thumbnail url="https://t00.deviantart.net/FARK5HetXfssnp33_7vImVgVdWw=/fit-in/150x150/filters:no_upscale():origin()/pre00/f6e4/th/pre/i/2019/029/8/7/red_devil_falls_by_somadjinn-dcyecoh.jpg" height="100" width="150"/>            <media:thumbnail url="https://t00.deviantart.net/dYDLcnLSbr7bkv1xHP7ZRPNmj7w=/fit-in/300x900/filters:no_upscale():origin()/pre00/f6e4/th/pre/i/2019/029/8/7/red_devil_falls_by_somadjinn-dcyecoh.jpg" height="200" width="300"/>            <media:thumbnail url="https://t00.deviantart.net/a5x4Q-9X1R9WpsOF-svuddIrlF8=/300x200/filters:fixed_height(100,100):origin()/pre00/f6e4/th/pre/i/2019/029/8/7/red_devil_falls_by_somadjinn-dcyecoh.jpg" height="200" width="300"/>            <media:content url="https://pre00.deviantart.net/f6e4/th/pre/i/2019/029/8/7/red_devil_falls_by_somadjinn-dcyecoh.jpg" height="730" width="1095" medium="image"/>            
            <description>&lt;span class=&quot;shadow-holder&quot; data-embed-type=&quot;deviation&quot; data-embed-id=&quot;543304473&quot; data-embed-format=&quot;thumb&quot;&gt;&lt;span class=&quot;shadow mild&quot; &gt;&lt;a class=&quot;thumb&quot; href=&quot;https://www.deviantart.com/poserfan/art/Patreon-Icon-543304473&quot; title=&quot;Patreon Icon by poserfan, Jul 1, 2015 in Customization &amp;gt; Emoticons &amp;gt; Chat Friendly Emotes &amp;gt; Small - up to 25x50 &amp;gt; Static&quot;data-super-img=&quot;https://images-wixmp-ed30a86b8c4ca887773594c2.wixmp.com/intermediary/f/0a6e9796-d386-4234-97d1-d46c16906e81/d8zgwex-5864a807-08a9-4167-a686-55d51e951ded.png&quot; data-super-width=&quot;16&quot; data-super-height=&quot;16&quot; data-super-transparent=&quot;true&quot; data-super-alt=&quot;Patreon Icon by poserfan&quot; data-super-full-img=&quot;https://images-wixmp-ed30a86b8c4ca887773594c2.wixmp.com/intermediary/f/0a6e9796-d386-4234-97d1-d46c16906e81/d8zgwex-5864a807-08a9-4167-a686-55d51e951ded.png&quot; data-super-full-width=&quot;16&quot; data-super-full-height=&quot;16&quot;        data-sigil=&quot;thumb&quot;&gt;
        &lt;i&gt;&lt;/i&gt;&lt;img   width=&quot;16&quot; height=&quot;16&quot; alt=&quot;Patreon Icon by poserfan&quot; src=&quot;https://images-wixmp-ed30a86b8c4ca887773594c2.wixmp.com/intermediary/f/0a6e9796-d386-4234-97d1-d46c16906e81/d8zgwex-5864a807-08a9-4167-a686-55d51e951ded.png&quot; data-src=&quot;https://images-wixmp-ed30a86b8c4ca887773594c2.wixmp.com/intermediary/f/0a6e9796-d386-4234-97d1-d46c16906e81/d8zgwex-5864a807-08a9-4167-a686-55d51e951ded.png&quot; srcset=&quot;https://images-wixmp-ed30a86b8c4ca887773594c2.wixmp.com/intermediary/f/0a6e9796-d386-4234-97d1-d46c16906e81/d8zgwex-5864a807-08a9-4167-a686-55d51e951ded.png 16w&quot; sizes=&quot;16px&quot;&gt;&lt;/a&gt;&lt;/span&gt;&lt;!-- ^TTT --&gt;&lt;!-- TTT$ --&gt;&lt;/span&gt; &lt;b&gt;&lt;a class=&quot;external&quot; href=&quot;https://www.deviantart.com/users/outgoing?https://www.patreon.com/nicolasraymond&quot;&gt;Support me on Patreon&lt;/a&gt;&lt;/b&gt;&lt;hr/&gt;&lt;br /&gt;Long exposure photo of Chute du Diable in Mont-Tremblant National Park, Quebec (Canada). Translated from French, Chute du Diable means Devil Falls (or Demon Falls). HDR composite from multiple exposures, and variant of &lt;a href=&quot;https://www.deviantart.com/somadjinn/art/Spectral-Devil-Falls-770650904&quot;&gt;Spectral Devil Falls&lt;/a&gt; selectively processed with red colors for a more surreal atmosphere.&lt;br /&gt;&lt;p&gt;Offered under a Creative Commons license / Attribution Unported. Meaning &lt;b&gt;Yes&lt;/b&gt; for commercial use including premade backgrounds as long as you credit and link back to me. More details on my stock rules here:&amp;nbsp;&lt;a href=&quot;https://somadjinn.deviantart.com/journal/Stock-Rules-Creative-Commons-3-0-241297198&quot;&gt;&lt;a href=&quot;https://somadjinn.deviantart.com/journal/Stock-Rules-Creative-Commons-3-0-241297198&quot;&gt;somadjinn.deviantart.com/journ&amp;hellip;&lt;/a&gt;&lt;/a&gt;&lt;/p&gt;&lt;p&gt;For a small premium of 50 points you can download this stock at a high resolution of 5000 x 3333 px. Also available for purchase as a print.&lt;br /&gt;&lt;/p&gt;&lt;p&gt;&lt;/p&gt;&lt;hr/&gt;Now included for download on my &lt;b&gt;&lt;a class=&quot;external&quot; href=&quot;https://www.deviantart.com/users/outgoing?https://www.patreon.com/nicolasraymond&quot;&gt;Patreon account&lt;/a&gt;&lt;/b&gt; if you want access to an ever-growing collection of my high res stock for one monthly subscription fee.&lt;p&gt;&lt;/p&gt;&lt;div&gt;You can find this specific image at the following post:&amp;nbsp;&lt;a class=&quot;external&quot; href=&quot;https://www.deviantart.com/users/outgoing?https://www.patreon.com/posts/red-devil-falls-22421531&quot;&gt;www.patreon.com/posts/red-devi&amp;hellip;&lt;/a&gt;&lt;/div&gt;&lt;br /&gt;&lt;div&gt;&lt;img src=&quot;https://t00.deviantart.net/a5x4Q-9X1R9WpsOF-svuddIrlF8=/300x200/filters:fixed_height(100,100):origin()/pre00/f6e4/th/pre/i/2019/029/8/7/red_devil_falls_by_somadjinn-dcyecoh.jpg&quot; alt=&quot;thumbnail&quot; /&gt;&lt;/div&gt;</description>            </item>
                    <item>
                <title>Revy</title>
                <link>https://monorirogue.deviantart.com/art/Revy-783397360</link>
                <guid isPermaLink="true">https://monorirogue.deviantart.com/art/Revy-783397360</guid>
                <pubDate>Wed, 30 Jan 2019 02:02:21 PST</pubDate>
                        <media:title type="plain">Revy</media:title>
        <media:keywords></media:keywords>
                        <media:rating>nonadult</media:rating>
                <media:category label="Conceptual">digitalart/paintings/illustrations/conceptual</media:category>
        <media:credit role="author" scheme="urn:ebu">MonoriRogue</media:credit>
        <media:credit role="author" scheme="urn:ebu">https://a.deviantart.net/avatars/m/o/monorirogue.jpg?2</media:credit>
        <media:copyright url="https://monorirogue.deviantart.com">Copyright 2019 MonoriRogue</media:copyright>            <media:description type="html">&lt;div&gt;&lt;p&gt;Black Lagoon is one of my favorite anime of all time back when I still watched.&amp;nbsp;&lt;/p&gt;&lt;p&gt;Revy numba wan waifu. ( &amp;#865; &amp;#865;&amp;#176; &amp;#860; &amp;#662; &amp;#865; &amp;#865;&amp;#176;)b&amp;nbsp;&lt;/p&gt;&lt;p&gt;&lt;strong&gt;My&lt;/strong&gt; &lt;strong&gt;Patrons&lt;/strong&gt; &lt;strong&gt;will&lt;/strong&gt; &lt;strong&gt;get:&lt;/strong&gt;&lt;/p&gt;&lt;ul&gt;&lt;li&gt;&lt;strong&gt;Full&lt;/strong&gt; &lt;strong&gt;size&lt;/strong&gt; &lt;strong&gt;JPG&lt;/strong&gt;&lt;/li&gt;&lt;li&gt;&lt;strong&gt;Hi-res&lt;/strong&gt; &lt;strong&gt;step&lt;/strong&gt; &lt;strong&gt;by&lt;/strong&gt; &lt;strong&gt;step&lt;/strong&gt; &lt;strong&gt;process&lt;/strong&gt;&lt;/li&gt;&lt;li&gt;&lt;strong&gt;PSD&lt;/strong&gt; &lt;strong&gt;file&lt;/strong&gt;&lt;/li&gt;&lt;/ul&gt;&lt;p&gt;-Monori&amp;nbsp; &lt;br /&gt;&lt;/p&gt;&lt;div&gt;&lt;span&gt;&lt;span&gt;&lt;span&gt;&lt;span&gt;&lt;span&gt;&lt;span&gt;&lt;span&gt;---&lt;br /&gt;&lt;a class=&quot;external&quot; href=&quot;https://www.deviantart.com/users/outgoing?http://www.patreon.com/monorirogue&quot;&gt;&lt;b&gt;For PSDs, NSFW, Step by steps, Process Vids, doodles and much more support me here on Patreon!&lt;/b&gt;&lt;/a&gt;&lt;/span&gt;&lt;br /&gt;&lt;a class=&quot;external&quot; href=&quot;https://www.deviantart.com/users/outgoing?http://www.twitch.tv/monorirogue/&quot;&gt;&lt;b&gt;Art Streams on Twitch&lt;/b&gt;&lt;/a&gt;&lt;br /&gt;&lt;a class=&quot;external&quot; href=&quot;https://www.deviantart.com/users/outgoing?http://www.facebook.com/MonoriRoguedrawsstuff/&quot;&gt;&lt;b&gt;FB Fan Page&lt;/b&gt;&lt;/a&gt;&lt;br /&gt;&lt;a class=&quot;external&quot; href=&quot;https://www.deviantart.com/users/outgoing?https://twitter.com/MonoriRogue&quot;&gt;&lt;b&gt;Twitter&lt;/b&gt;&lt;/a&gt;&lt;/span&gt;&lt;/span&gt;&lt;/span&gt;&lt;/span&gt;&lt;/span&gt;&lt;/span&gt;&lt;/div&gt;&lt;p&gt;&lt;/p&gt;&lt;/div&gt;</media:description>            <media:thumbnail url="https://t00.deviantart.net/RMAjKbckmHJujWRyDGCPygO2-EA=/fit-in/150x150/filters:no_upscale():origin()/pre00/1c97/th/pre/i/2019/030/f/b/revy_by_monorirogue-dcyex9s.jpg" height="150" width="106"/>            <media:thumbnail url="https://t00.deviantart.net/S1dcBl6Whi7rkLcnBlCiK4Wc-MI=/fit-in/300x900/filters:no_upscale():origin()/pre00/1c97/th/pre/i/2019/030/f/b/revy_by_monorirogue-dcyex9s.jpg" height="424" width="300"/>            <media:thumbnail url="https://t00.deviantart.net/h_Snxg1NKnGt8738X7RKbGytKd0=/300x200/filters:fixed_height(100,100):origin()/pre00/1c97/th/pre/i/2019/030/f/b/revy_by_monorirogue-dcyex9s.jpg" height="200" width="141"/>            <media:content url="https://pre00.deviantart.net/1c97/th/pre/i/2019/030/f/b/revy_by_monorirogue-dcyex9s.jpg" height="1063" width="752" medium="image"/>            
            <description>&lt;div&gt;&lt;p&gt;Black Lagoon is one of my favorite anime of all time back when I still watched.&amp;nbsp;&lt;/p&gt;&lt;p&gt;Revy numba wan waifu. ( &amp;#865; &amp;#865;&amp;#176; &amp;#860; &amp;#662; &amp;#865; &amp;#865;&amp;#176;)b&amp;nbsp;&lt;/p&gt;&lt;p&gt;&lt;strong&gt;My&lt;/strong&gt; &lt;strong&gt;Patrons&lt;/strong&gt; &lt;strong&gt;will&lt;/strong&gt; &lt;strong&gt;get:&lt;/strong&gt;&lt;/p&gt;&lt;ul&gt;&lt;li&gt;&lt;strong&gt;Full&lt;/strong&gt; &lt;strong&gt;size&lt;/strong&gt; &lt;strong&gt;JPG&lt;/strong&gt;&lt;/li&gt;&lt;li&gt;&lt;strong&gt;Hi-res&lt;/strong&gt; &lt;strong&gt;step&lt;/strong&gt; &lt;strong&gt;by&lt;/strong&gt; &lt;strong&gt;step&lt;/strong&gt; &lt;strong&gt;process&lt;/strong&gt;&lt;/li&gt;&lt;li&gt;&lt;strong&gt;PSD&lt;/strong&gt; &lt;strong&gt;file&lt;/strong&gt;&lt;/li&gt;&lt;/ul&gt;&lt;p&gt;-Monori&amp;nbsp; &lt;br /&gt;&lt;/p&gt;&lt;div&gt;&lt;span&gt;&lt;span&gt;&lt;span&gt;&lt;span&gt;&lt;span&gt;&lt;span&gt;&lt;span&gt;---&lt;br /&gt;&lt;a class=&quot;external&quot; href=&quot;https://www.deviantart.com/users/outgoing?http://www.patreon.com/monorirogue&quot;&gt;&lt;b&gt;For PSDs, NSFW, Step by steps, Process Vids, doodles and much more support me here on Patreon!&lt;/b&gt;&lt;/a&gt;&lt;/span&gt;&lt;br /&gt;&lt;a class=&quot;external&quot; href=&quot;https://www.deviantart.com/users/outgoing?http://www.twitch.tv/monorirogue/&quot;&gt;&lt;b&gt;Art Streams on Twitch&lt;/b&gt;&lt;/a&gt;&lt;br /&gt;&lt;a class=&quot;external&quot; href=&quot;https://www.deviantart.com/users/outgoing?http://www.facebook.com/MonoriRoguedrawsstuff/&quot;&gt;&lt;b&gt;FB Fan Page&lt;/b&gt;&lt;/a&gt;&lt;br /&gt;&lt;a class=&quot;external&quot; href=&quot;https://www.deviantart.com/users/outgoing?https://twitter.com/MonoriRogue&quot;&gt;&lt;b&gt;Twitter&lt;/b&gt;&lt;/a&gt;&lt;/span&gt;&lt;/span&gt;&lt;/span&gt;&lt;/span&gt;&lt;/span&gt;&lt;/span&gt;&lt;/div&gt;&lt;p&gt;&lt;/p&gt;&lt;/div&gt;&lt;br /&gt;&lt;div&gt;&lt;img src=&quot;https://t00.deviantart.net/h_Snxg1NKnGt8738X7RKbGytKd0=/300x200/filters:fixed_height(100,100):origin()/pre00/1c97/th/pre/i/2019/030/f/b/revy_by_monorirogue-dcyex9s.jpg&quot; alt=&quot;thumbnail&quot; /&gt;&lt;/div&gt;</description>            </item>
                    <item>
                <title>Springtrap and Deliah (Page 148)</title>
                <link>https://grawolfquinn.deviantart.com/art/Springtrap-and-Deliah-Page-148-783415704</link>
                <guid isPermaLink="true">https://grawolfquinn.deviantart.com/art/Springtrap-and-Deliah-Page-148-783415704</guid>
                <pubDate>Wed, 30 Jan 2019 06:38:34 PST</pubDate>
                        <media:title type="plain">Springtrap and Deliah (Page 148)</media:title>
        <media:keywords></media:keywords>
                        <media:rating>nonadult</media:rating>
                <media:category label="Games">fanart/cartoons/digital/games</media:category>
        <media:credit role="author" scheme="urn:ebu">GraWolfQuinn</media:credit>
        <media:credit role="author" scheme="urn:ebu">https://a.deviantart.net/avatars/g/r/grawolfquinn.gif?3</media:credit>
        <media:copyright url="https://grawolfquinn.deviantart.com">Copyright 2019 GraWolfQuinn</media:copyright>            <media:description type="html">Previous:&lt;br /&gt;&lt;span class=&quot;shadow-holder&quot; data-embed-type=&quot;deviation&quot; data-embed-id=&quot;783142647&quot; data-embed-format=&quot;thumb&quot;&gt;&lt;span class=&quot;shadow mild&quot; &gt;&lt;a class=&quot;thumb&quot; href=&quot;https://www.deviantart.com/grawolfquinn/art/Springtrap-and-Deliah-Page-147-783142647&quot; title=&quot;Springtrap and Deliah (Page 147) by GraWolfQuinn, Jan 28, 2019 in Fan Art &amp;gt; Cartoons &amp;amp; Comics &amp;gt; Digital &amp;gt; Games&quot;data-super-img=&quot;https://images-wixmp-ed30a86b8c4ca887773594c2.wixmp.com/intermediary/f/2d04bb6b-4e46-4236-bfbb-aeba05f80f79/dcy9gqf-c160e4f5-170c-4fdc-8a5e-aa6a471e9075.png/v1/fill/w_756,h_1057,q_70,strp/springtrap_and_deliah__page_147__by_grawolfquinn_dcy9gqf-pre.jpg&quot; data-super-width=&quot;756&quot; data-super-height=&quot;1057&quot; data-super-transparent=&quot;false&quot; data-super-alt=&quot;Springtrap and Deliah (Page 147) by GraWolfQuinn&quot; data-super-full-img=&quot;https://images-wixmp-ed30a86b8c4ca887773594c2.wixmp.com/intermediary/f/2d04bb6b-4e46-4236-bfbb-aeba05f80f79/dcy9gqf-c160e4f5-170c-4fdc-8a5e-aa6a471e9075.png/v1/fill/w_1280,h_1790,q_80,strp/springtrap_and_deliah__page_147__by_grawolfquinn_dcy9gqf-fullview.jpg&quot; data-super-full-width=&quot;1280&quot; data-super-full-height=&quot;1790&quot;        data-sigil=&quot;thumb&quot;&gt;
        &lt;i&gt;&lt;/i&gt;&lt;img   width=&quot;107&quot; height=&quot;150&quot; alt=&quot;Springtrap and Deliah (Page 147) by GraWolfQuinn&quot; src=&quot;https://images-wixmp-ed30a86b8c4ca887773594c2.wixmp.com/intermediary/f/2d04bb6b-4e46-4236-bfbb-aeba05f80f79/dcy9gqf-c160e4f5-170c-4fdc-8a5e-aa6a471e9075.png/v1/fit/w_150,h_150,q_70,strp/springtrap_and_deliah__page_147__by_grawolfquinn_dcy9gqf-150.jpg&quot; data-src=&quot;https://images-wixmp-ed30a86b8c4ca887773594c2.wixmp.com/intermediary/f/2d04bb6b-4e46-4236-bfbb-aeba05f80f79/dcy9gqf-c160e4f5-170c-4fdc-8a5e-aa6a471e9075.png/v1/fit/w_150,h_150,q_70,strp/springtrap_and_deliah__page_147__by_grawolfquinn_dcy9gqf-150.jpg&quot; srcset=&quot;https://images-wixmp-ed30a86b8c4ca887773594c2.wixmp.com/intermediary/f/2d04bb6b-4e46-4236-bfbb-aeba05f80f79/dcy9gqf-c160e4f5-170c-4fdc-8a5e-aa6a471e9075.png/v1/fit/w_150,h_150,q_70,strp/springtrap_and_deliah__page_147__by_grawolfquinn_dcy9gqf-150.jpg 107w,https://images-wixmp-ed30a86b8c4ca887773594c2.wixmp.com/intermediary/f/2d04bb6b-4e46-4236-bfbb-aeba05f80f79/dcy9gqf-c160e4f5-170c-4fdc-8a5e-aa6a471e9075.png/v1/fill/w_179,h_250,q_70,strp/springtrap_and_deliah__page_147__by_grawolfquinn_dcy9gqf-250t.jpg 179w,https://images-wixmp-ed30a86b8c4ca887773594c2.wixmp.com/intermediary/f/2d04bb6b-4e46-4236-bfbb-aeba05f80f79/dcy9gqf-c160e4f5-170c-4fdc-8a5e-aa6a471e9075.png/v1/crop/w_250,h_350,x_0,y_0,scl_0.1377607025247,q_70,strp/springtrap_and_deliah__page_147__by_grawolfquinn_dcy9gqf-350t.jpg 250w,https://images-wixmp-ed30a86b8c4ca887773594c2.wixmp.com/intermediary/f/2d04bb6b-4e46-4236-bfbb-aeba05f80f79/dcy9gqf-c160e4f5-170c-4fdc-8a5e-aa6a471e9075.png/v1/fill/w_286,h_400,q_70,strp/springtrap_and_deliah__page_147__by_grawolfquinn_dcy9gqf-400t.jpg 286w,https://images-wixmp-ed30a86b8c4ca887773594c2.wixmp.com/intermediary/f/2d04bb6b-4e46-4236-bfbb-aeba05f80f79/dcy9gqf-c160e4f5-170c-4fdc-8a5e-aa6a471e9075.png/v1/fill/w_756,h_1057,q_70,strp/springtrap_and_deliah__page_147__by_grawolfquinn_dcy9gqf-pre.jpg 756w&quot; sizes=&quot;107px&quot;&gt;&lt;/a&gt;&lt;/span&gt;&lt;!-- ^TTT --&gt;&lt;!-- TTT$ --&gt;&lt;/span&gt;&lt;br /&gt;First:&lt;br /&gt;&lt;span class=&quot;shadow-holder&quot; data-embed-type=&quot;deviation&quot; data-embed-id=&quot;655371229&quot; data-embed-format=&quot;thumb&quot;&gt;&lt;span class=&quot;shadow mild&quot; &gt;&lt;a class=&quot;thumb&quot; href=&quot;https://www.deviantart.com/grawolfquinn/art/Springtrap-And-Deliah-Page-1-655371229&quot; title=&quot;Springtrap And Deliah (Page 1) by GraWolfQuinn, Jan 5, 2017 in Fan Art &amp;gt; Cartoons &amp;amp; Comics &amp;gt; Digital &amp;gt; Games&quot;data-super-img=&quot;https://images-wixmp-ed30a86b8c4ca887773594c2.wixmp.com/intermediary/f/2d04bb6b-4e46-4236-bfbb-aeba05f80f79/dau6vod-92b89a41-b6ba-49e2-a621-a9805afe3a45.png/v1/fill/w_705,h_1133,q_70,strp/springtrap_and_deliah__page_1__by_grawolfquinn_dau6vod-pre.jpg&quot; data-super-width=&quot;705&quot; data-super-height=&quot;1133&quot; data-super-transparent=&quot;false&quot; data-super-alt=&quot;Springtrap And Deliah (Page 1) by GraWolfQuinn&quot; data-super-full-img=&quot;https://images-wixmp-ed30a86b8c4ca887773594c2.wixmp.com/intermediary/f/2d04bb6b-4e46-4236-bfbb-aeba05f80f79/dau6vod-92b89a41-b6ba-49e2-a621-a9805afe3a45.png&quot; data-super-full-width=&quot;1257&quot; data-super-full-height=&quot;2019&quot;        data-sigil=&quot;thumb&quot;&gt;
        &lt;i&gt;&lt;/i&gt;&lt;img   width=&quot;93&quot; height=&quot;150&quot; alt=&quot;Springtrap And Deliah (Page 1) by GraWolfQuinn&quot; src=&quot;https://images-wixmp-ed30a86b8c4ca887773594c2.wixmp.com/intermediary/f/2d04bb6b-4e46-4236-bfbb-aeba05f80f79/dau6vod-92b89a41-b6ba-49e2-a621-a9805afe3a45.png/v1/fit/w_150,h_150,q_70,strp/springtrap_and_deliah__page_1__by_grawolfquinn_dau6vod-150.jpg&quot; data-src=&quot;https://images-wixmp-ed30a86b8c4ca887773594c2.wixmp.com/intermediary/f/2d04bb6b-4e46-4236-bfbb-aeba05f80f79/dau6vod-92b89a41-b6ba-49e2-a621-a9805afe3a45.png/v1/fit/w_150,h_150,q_70,strp/springtrap_and_deliah__page_1__by_grawolfquinn_dau6vod-150.jpg&quot; srcset=&quot;https://images-wixmp-ed30a86b8c4ca887773594c2.wixmp.com/intermediary/f/2d04bb6b-4e46-4236-bfbb-aeba05f80f79/dau6vod-92b89a41-b6ba-49e2-a621-a9805afe3a45.png/v1/fit/w_150,h_150,q_70,strp/springtrap_and_deliah__page_1__by_grawolfquinn_dau6vod-150.jpg 93w,https://images-wixmp-ed30a86b8c4ca887773594c2.wixmp.com/intermediary/f/2d04bb6b-4e46-4236-bfbb-aeba05f80f79/dau6vod-92b89a41-b6ba-49e2-a621-a9805afe3a45.png/v1/crop/w_156,h_250,x_0,y_0,scl_0.12410501193317,q_70,strp/springtrap_and_deliah__page_1__by_grawolfquinn_dau6vod-250t.jpg 156w,https://images-wixmp-ed30a86b8c4ca887773594c2.wixmp.com/intermediary/f/2d04bb6b-4e46-4236-bfbb-aeba05f80f79/dau6vod-92b89a41-b6ba-49e2-a621-a9805afe3a45.png/v1/fill/w_218,h_350,q_70,strp/springtrap_and_deliah__page_1__by_grawolfquinn_dau6vod-350t.jpg 218w,https://images-wixmp-ed30a86b8c4ca887773594c2.wixmp.com/intermediary/f/2d04bb6b-4e46-4236-bfbb-aeba05f80f79/dau6vod-92b89a41-b6ba-49e2-a621-a9805afe3a45.png/v1/fill/w_249,h_400,q_70,strp/springtrap_and_deliah__page_1__by_grawolfquinn_dau6vod-400t.jpg 249w,https://images-wixmp-ed30a86b8c4ca887773594c2.wixmp.com/intermediary/f/2d04bb6b-4e46-4236-bfbb-aeba05f80f79/dau6vod-92b89a41-b6ba-49e2-a621-a9805afe3a45.png/v1/fill/w_705,h_1133,q_70,strp/springtrap_and_deliah__page_1__by_grawolfquinn_dau6vod-pre.jpg 705w&quot; sizes=&quot;93px&quot;&gt;&lt;/a&gt;&lt;/span&gt;&lt;!-- ^TTT --&gt;&lt;!-- TTT$ --&gt;&lt;/span&gt;&lt;br /&gt;--&lt;br /&gt;Drew this whole thing, from sketch to finish, in a morning stream!</media:description>            <media:thumbnail url="https://t00.deviantart.net/HD3kS5fGbQ_aclH1dgl3PAN2mZM=/fit-in/150x150/filters:no_upscale():origin()/pre00/daa8/th/pre/i/2019/030/2/9/springtrap_and_deliah__page_148__by_grawolfquinn-dcyfbfc.png" height="150" width="107"/>            <media:thumbnail url="https://t00.deviantart.net/JNu1D56jQoDrfeYEaJISwBUIaZs=/fit-in/300x900/filters:no_upscale():origin()/pre00/daa8/th/pre/i/2019/030/2/9/springtrap_and_deliah__page_148__by_grawolfquinn-dcyfbfc.png" height="419" width="300"/>            <media:thumbnail url="https://t00.deviantart.net/UQJesOT2zw0oYQN9UAr63yA7S8M=/300x200/filters:fixed_height(100,100):origin()/pre00/daa8/th/pre/i/2019/030/2/9/springtrap_and_deliah__page_148__by_grawolfquinn-dcyfbfc.png" height="200" width="143"/>            <media:content url="https://pre00.deviantart.net/daa8/th/pre/i/2019/030/2/9/springtrap_and_deliah__page_148__by_grawolfquinn-dcyfbfc.png" height="1057" width="756" medium="image"/>            
            <description>Previous:&lt;br /&gt;&lt;span class=&quot;shadow-holder&quot; data-embed-type=&quot;deviation&quot; data-embed-id=&quot;783142647&quot; data-embed-format=&quot;thumb&quot;&gt;&lt;span class=&quot;shadow mild&quot; &gt;&lt;a class=&quot;thumb&quot; href=&quot;https://www.deviantart.com/grawolfquinn/art/Springtrap-and-Deliah-Page-147-783142647&quot; title=&quot;Springtrap and Deliah (Page 147) by GraWolfQuinn, Jan 28, 2019 in Fan Art &amp;gt; Cartoons &amp;amp; Comics &amp;gt; Digital &amp;gt; Games&quot;data-super-img=&quot;https://images-wixmp-ed30a86b8c4ca887773594c2.wixmp.com/intermediary/f/2d04bb6b-4e46-4236-bfbb-aeba05f80f79/dcy9gqf-c160e4f5-170c-4fdc-8a5e-aa6a471e9075.png/v1/fill/w_756,h_1057,q_70,strp/springtrap_and_deliah__page_147__by_grawolfquinn_dcy9gqf-pre.jpg&quot; data-super-width=&quot;756&quot; data-super-height=&quot;1057&quot; data-super-transparent=&quot;false&quot; data-super-alt=&quot;Springtrap and Deliah (Page 147) by GraWolfQuinn&quot; data-super-full-img=&quot;https://images-wixmp-ed30a86b8c4ca887773594c2.wixmp.com/intermediary/f/2d04bb6b-4e46-4236-bfbb-aeba05f80f79/dcy9gqf-c160e4f5-170c-4fdc-8a5e-aa6a471e9075.png/v1/fill/w_1280,h_1790,q_80,strp/springtrap_and_deliah__page_147__by_grawolfquinn_dcy9gqf-fullview.jpg&quot; data-super-full-width=&quot;1280&quot; data-super-full-height=&quot;1790&quot;        data-sigil=&quot;thumb&quot;&gt;
        &lt;i&gt;&lt;/i&gt;&lt;img   width=&quot;107&quot; height=&quot;150&quot; alt=&quot;Springtrap and Deliah (Page 147) by GraWolfQuinn&quot; src=&quot;https://images-wixmp-ed30a86b8c4ca887773594c2.wixmp.com/intermediary/f/2d04bb6b-4e46-4236-bfbb-aeba05f80f79/dcy9gqf-c160e4f5-170c-4fdc-8a5e-aa6a471e9075.png/v1/fit/w_150,h_150,q_70,strp/springtrap_and_deliah__page_147__by_grawolfquinn_dcy9gqf-150.jpg&quot; data-src=&quot;https://images-wixmp-ed30a86b8c4ca887773594c2.wixmp.com/intermediary/f/2d04bb6b-4e46-4236-bfbb-aeba05f80f79/dcy9gqf-c160e4f5-170c-4fdc-8a5e-aa6a471e9075.png/v1/fit/w_150,h_150,q_70,strp/springtrap_and_deliah__page_147__by_grawolfquinn_dcy9gqf-150.jpg&quot; srcset=&quot;https://images-wixmp-ed30a86b8c4ca887773594c2.wixmp.com/intermediary/f/2d04bb6b-4e46-4236-bfbb-aeba05f80f79/dcy9gqf-c160e4f5-170c-4fdc-8a5e-aa6a471e9075.png/v1/fit/w_150,h_150,q_70,strp/springtrap_and_deliah__page_147__by_grawolfquinn_dcy9gqf-150.jpg 107w,https://images-wixmp-ed30a86b8c4ca887773594c2.wixmp.com/intermediary/f/2d04bb6b-4e46-4236-bfbb-aeba05f80f79/dcy9gqf-c160e4f5-170c-4fdc-8a5e-aa6a471e9075.png/v1/fill/w_179,h_250,q_70,strp/springtrap_and_deliah__page_147__by_grawolfquinn_dcy9gqf-250t.jpg 179w,https://images-wixmp-ed30a86b8c4ca887773594c2.wixmp.com/intermediary/f/2d04bb6b-4e46-4236-bfbb-aeba05f80f79/dcy9gqf-c160e4f5-170c-4fdc-8a5e-aa6a471e9075.png/v1/crop/w_250,h_350,x_0,y_0,scl_0.1377607025247,q_70,strp/springtrap_and_deliah__page_147__by_grawolfquinn_dcy9gqf-350t.jpg 250w,https://images-wixmp-ed30a86b8c4ca887773594c2.wixmp.com/intermediary/f/2d04bb6b-4e46-4236-bfbb-aeba05f80f79/dcy9gqf-c160e4f5-170c-4fdc-8a5e-aa6a471e9075.png/v1/fill/w_286,h_400,q_70,strp/springtrap_and_deliah__page_147__by_grawolfquinn_dcy9gqf-400t.jpg 286w,https://images-wixmp-ed30a86b8c4ca887773594c2.wixmp.com/intermediary/f/2d04bb6b-4e46-4236-bfbb-aeba05f80f79/dcy9gqf-c160e4f5-170c-4fdc-8a5e-aa6a471e9075.png/v1/fill/w_756,h_1057,q_70,strp/springtrap_and_deliah__page_147__by_grawolfquinn_dcy9gqf-pre.jpg 756w&quot; sizes=&quot;107px&quot;&gt;&lt;/a&gt;&lt;/span&gt;&lt;!-- ^TTT --&gt;&lt;!-- TTT$ --&gt;&lt;/span&gt;&lt;br /&gt;First:&lt;br /&gt;&lt;span class=&quot;shadow-holder&quot; data-embed-type=&quot;deviation&quot; data-embed-id=&quot;655371229&quot; data-embed-format=&quot;thumb&quot;&gt;&lt;span class=&quot;shadow mild&quot; &gt;&lt;a class=&quot;thumb&quot; href=&quot;https://www.deviantart.com/grawolfquinn/art/Springtrap-And-Deliah-Page-1-655371229&quot; title=&quot;Springtrap And Deliah (Page 1) by GraWolfQuinn, Jan 5, 2017 in Fan Art &amp;gt; Cartoons &amp;amp; Comics &amp;gt; Digital &amp;gt; Games&quot;data-super-img=&quot;https://images-wixmp-ed30a86b8c4ca887773594c2.wixmp.com/intermediary/f/2d04bb6b-4e46-4236-bfbb-aeba05f80f79/dau6vod-92b89a41-b6ba-49e2-a621-a9805afe3a45.png/v1/fill/w_705,h_1133,q_70,strp/springtrap_and_deliah__page_1__by_grawolfquinn_dau6vod-pre.jpg&quot; data-super-width=&quot;705&quot; data-super-height=&quot;1133&quot; data-super-transparent=&quot;false&quot; data-super-alt=&quot;Springtrap And Deliah (Page 1) by GraWolfQuinn&quot; data-super-full-img=&quot;https://images-wixmp-ed30a86b8c4ca887773594c2.wixmp.com/intermediary/f/2d04bb6b-4e46-4236-bfbb-aeba05f80f79/dau6vod-92b89a41-b6ba-49e2-a621-a9805afe3a45.png&quot; data-super-full-width=&quot;1257&quot; data-super-full-height=&quot;2019&quot;        data-sigil=&quot;thumb&quot;&gt;
        &lt;i&gt;&lt;/i&gt;&lt;img   width=&quot;93&quot; height=&quot;150&quot; alt=&quot;Springtrap And Deliah (Page 1) by GraWolfQuinn&quot; src=&quot;https://images-wixmp-ed30a86b8c4ca887773594c2.wixmp.com/intermediary/f/2d04bb6b-4e46-4236-bfbb-aeba05f80f79/dau6vod-92b89a41-b6ba-49e2-a621-a9805afe3a45.png/v1/fit/w_150,h_150,q_70,strp/springtrap_and_deliah__page_1__by_grawolfquinn_dau6vod-150.jpg&quot; data-src=&quot;https://images-wixmp-ed30a86b8c4ca887773594c2.wixmp.com/intermediary/f/2d04bb6b-4e46-4236-bfbb-aeba05f80f79/dau6vod-92b89a41-b6ba-49e2-a621-a9805afe3a45.png/v1/fit/w_150,h_150,q_70,strp/springtrap_and_deliah__page_1__by_grawolfquinn_dau6vod-150.jpg&quot; srcset=&quot;https://images-wixmp-ed30a86b8c4ca887773594c2.wixmp.com/intermediary/f/2d04bb6b-4e46-4236-bfbb-aeba05f80f79/dau6vod-92b89a41-b6ba-49e2-a621-a9805afe3a45.png/v1/fit/w_150,h_150,q_70,strp/springtrap_and_deliah__page_1__by_grawolfquinn_dau6vod-150.jpg 93w,https://images-wixmp-ed30a86b8c4ca887773594c2.wixmp.com/intermediary/f/2d04bb6b-4e46-4236-bfbb-aeba05f80f79/dau6vod-92b89a41-b6ba-49e2-a621-a9805afe3a45.png/v1/crop/w_156,h_250,x_0,y_0,scl_0.12410501193317,q_70,strp/springtrap_and_deliah__page_1__by_grawolfquinn_dau6vod-250t.jpg 156w,https://images-wixmp-ed30a86b8c4ca887773594c2.wixmp.com/intermediary/f/2d04bb6b-4e46-4236-bfbb-aeba05f80f79/dau6vod-92b89a41-b6ba-49e2-a621-a9805afe3a45.png/v1/fill/w_218,h_350,q_70,strp/springtrap_and_deliah__page_1__by_grawolfquinn_dau6vod-350t.jpg 218w,https://images-wixmp-ed30a86b8c4ca887773594c2.wixmp.com/intermediary/f/2d04bb6b-4e46-4236-bfbb-aeba05f80f79/dau6vod-92b89a41-b6ba-49e2-a621-a9805afe3a45.png/v1/fill/w_249,h_400,q_70,strp/springtrap_and_deliah__page_1__by_grawolfquinn_dau6vod-400t.jpg 249w,https://images-wixmp-ed30a86b8c4ca887773594c2.wixmp.com/intermediary/f/2d04bb6b-4e46-4236-bfbb-aeba05f80f79/dau6vod-92b89a41-b6ba-49e2-a621-a9805afe3a45.png/v1/fill/w_705,h_1133,q_70,strp/springtrap_and_deliah__page_1__by_grawolfquinn_dau6vod-pre.jpg 705w&quot; sizes=&quot;93px&quot;&gt;&lt;/a&gt;&lt;/span&gt;&lt;!-- ^TTT --&gt;&lt;!-- TTT$ --&gt;&lt;/span&gt;&lt;br /&gt;--&lt;br /&gt;Drew this whole thing, from sketch to finish, in a morning stream!&lt;br /&gt;&lt;div&gt;&lt;img src=&quot;https://t00.deviantart.net/UQJesOT2zw0oYQN9UAr63yA7S8M=/300x200/filters:fixed_height(100,100):origin()/pre00/daa8/th/pre/i/2019/030/2/9/springtrap_and_deliah__page_148__by_grawolfquinn-dcyfbfc.png&quot; alt=&quot;thumbnail&quot; /&gt;&lt;/div&gt;</description>            </item>
                    <item>
                <title>|CM| Genevieve Alosis</title>
                <link>https://gigamessy.deviantart.com/art/CM-Genevieve-Alosis-783445853</link>
                <guid isPermaLink="true">https://gigamessy.deviantart.com/art/CM-Genevieve-Alosis-783445853</guid>
                <pubDate>Wed, 30 Jan 2019 12:02:09 PST</pubDate>
                        <media:title type="plain">|CM| Genevieve Alosis</media:title>
        <media:keywords></media:keywords>
                        <media:rating>nonadult</media:rating>
                <media:category label="Drawings">manga/digital/drawings</media:category>
        <media:credit role="author" scheme="urn:ebu">GigaMessy</media:credit>
        <media:credit role="author" scheme="urn:ebu">https://a.deviantart.net/avatars/g/i/gigamessy.png?4</media:credit>
        <media:copyright url="https://gigamessy.deviantart.com">Copyright 2019 GigaMessy</media:copyright>
            <media:community>
                <media:tags>@gigamessy</media:tags>
            </media:community>            <media:description type="html">&lt;a href=&quot;https://www.deviantart.com/diegovainilla/art/little-star-591770525&quot; class=&quot;emoticon&quot; data-embed-type=&quot;emoticon&quot; data-embed-id=&quot;591770525&quot; data-embed-profile=&quot;deviation&quot;&gt;&lt;img src=&quot;https://orig00.deviantart.net/1297/f/2018/236/7/c/little_star_by_diegovainilla-d9sbp25.gif&quot; alt=&quot;little star&quot; style=&quot;width:14px;height:15px&quot;&gt;&lt;/a&gt;&lt;span&gt;&amp;nbsp;&lt;/span&gt;&lt;a href=&quot;http://fav.me/dbbluky&quot;&gt;Commission Info&lt;/a&gt;&lt;span&gt;&amp;nbsp; &amp;nbsp;&amp;nbsp;&lt;/span&gt;&lt;img src=&quot;https://e.deviantart.net/emoticons/t/twitter_2.gif&quot; alt=&quot;Twitter&quot; style=&quot;width: 16px; height: 16px;&quot; data-embed-type=&quot;emoticon&quot; data-embed-id=&quot;614&quot;&gt;&lt;span&gt;&amp;nbsp;&lt;/span&gt;&lt;a class=&quot;external&quot; href=&quot;https://www.deviantart.com/users/outgoing?https://twitter.com/GigaMessy&quot;&gt;Twitter&lt;/a&gt;&lt;span&gt;&amp;nbsp; &amp;nbsp;&amp;nbsp;&lt;/span&gt;&lt;a href=&quot;https://www.deviantart.com/poserfan/art/Tumblr-Icon-314822709&quot; class=&quot;emoticon&quot; data-embed-type=&quot;emoticon&quot; data-embed-id=&quot;314822709&quot; data-embed-profile=&quot;deviation&quot;&gt;&lt;img src=&quot;https://orig00.deviantart.net/28ed/f/2015/212/c/0/tumblr_icon_by_poserfan-d57fqr9.gif&quot; alt=&quot;Tumblr Icon&quot; style=&quot;width:16px;height:16px&quot;&gt;&lt;/a&gt;&lt;span&gt;&amp;nbsp;&lt;/span&gt;&lt;a class=&quot;external&quot; href=&quot;https://www.deviantart.com/users/outgoing?https://gigamessy.tumblr.com/&quot;&gt;Tumblr&lt;/a&gt;&lt;span&gt;&amp;nbsp; &amp;nbsp;&amp;nbsp;&lt;/span&gt;&lt;a href=&quot;https://www.deviantart.com/vampirehelenaharper/art/new-Pixiv-icon-logo-672329473&quot; class=&quot;emoticon&quot; data-embed-type=&quot;emoticon&quot; data-embed-id=&quot;672329473&quot; data-embed-profile=&quot;deviation&quot;&gt;&lt;img src=&quot;https://images-wixmp-ed30a86b8c4ca887773594c2.wixmp.com/intermediary/f/80bda55e-e860-4969-8f37-9e9d51e43927/db4acqp-0775eb86-ee43-44c7-9437-e537295063af.png&quot; alt=&quot;new Pixiv ( icon / logo )&quot; style=&quot;width:16px;height:16px&quot;&gt;&lt;/a&gt;&lt;span&gt;&amp;nbsp;&lt;/span&gt;&lt;a class=&quot;external&quot; href=&quot;https://www.deviantart.com/users/outgoing?https://www.pixiv.net/member.php?id=30255712&quot;&gt;Pixiv&lt;/a&gt;&lt;span&gt;&amp;nbsp; &amp;nbsp;&amp;nbsp;&lt;/span&gt;&lt;a href=&quot;https://www.deviantart.com/vampirehelenaharper/art/YouTube-Icon-530921372&quot; class=&quot;emoticon&quot; data-embed-type=&quot;emoticon&quot; data-embed-id=&quot;530921372&quot; data-embed-profile=&quot;deviation&quot;&gt;&lt;img src=&quot;https://images-wixmp-ed30a86b8c4ca887773594c2.wixmp.com/intermediary/f/80bda55e-e860-4969-8f37-9e9d51e43927/d8s3hjw-b4c05150-baba-4ad3-bea8-b4870929a06d.png&quot; alt=&quot;YouTube Icon&quot; style=&quot;width:16px;height:16px&quot;&gt;&lt;/a&gt;&lt;span&gt;&amp;nbsp;&lt;/span&gt;&lt;a class=&quot;external&quot; href=&quot;https://www.deviantart.com/users/outgoing?https://www.youtube.com/channel/UCEKYs3WUkFg0AUS6gbue5_A&quot;&gt;Youtube&lt;/a&gt;&lt;span&gt;&amp;nbsp; &amp;nbsp;&amp;nbsp;&lt;/span&gt;&lt;a href=&quot;https://www.deviantart.com/liriorox/art/Gumroad-icon-2-545734859&quot; class=&quot;emoticon&quot; data-embed-type=&quot;emoticon&quot; data-embed-id=&quot;545734859&quot; data-embed-profile=&quot;deviation&quot;&gt;&lt;img src=&quot;https://images-wixmp-ed30a86b8c4ca887773594c2.wixmp.com/intermediary/f/0bd87312-636c-4da8-8502-26c542873b11/d90wzpn-47fbf5d8-7dd8-40b0-810d-f16277f51393.png&quot; alt=&quot;Gumroad icon 2&quot; style=&quot;width:16px;height:16px&quot;&gt;&lt;/a&gt;&lt;span&gt;&amp;nbsp;&lt;/span&gt;&lt;a class=&quot;external&quot; href=&quot;https://www.deviantart.com/users/outgoing?https://gumroad.com/gigamessy&quot;&gt;Gumroad&lt;/a&gt;&lt;br /&gt;&lt;br /&gt;&lt;a href=&quot;https://www.deviantart.com/diegovainilla/art/little-star-591770525&quot; class=&quot;emoticon&quot; data-embed-type=&quot;emoticon&quot; data-embed-id=&quot;591770525&quot; data-embed-profile=&quot;deviation&quot;&gt;&lt;img src=&quot;https://orig00.deviantart.net/1297/f/2018/236/7/c/little_star_by_diegovainilla-d9sbp25.gif&quot; alt=&quot;little star&quot; style=&quot;width:14px;height:15px&quot;&gt;&lt;/a&gt;&lt;span&gt;&amp;nbsp;&#039;Artistic freedom&#039; commission work for&amp;nbsp;&lt;/span&gt;&lt;span class=&quot;username-with-symbol u&quot;&gt;&lt;a class=&quot;u premium username&quot; href=&quot;https://www.deviantart.com/erebosreality&quot;&gt;ErebosReality&lt;/a&gt;&lt;span class=&quot;user-symbol premium&quot; data-quicktip-text=&quot;Core Member&quot; data-show-tooltip=&quot;1&quot; data-gruser-type=&quot;premium&quot;&gt;&lt;/span&gt;&lt;/span&gt;&lt;span&gt;&amp;nbsp;- original character named&amp;nbsp;&lt;/span&gt;&lt;b&gt;Genevieve Alosis&lt;/b&gt;&lt;span&gt;.&amp;nbsp;Thank you very much for commissioning us!&lt;/span&gt;&lt;br /&gt;&lt;span&gt;Please don&#039;t use this work in any ways other than social sharing&amp;nbsp;without&amp;nbsp;&lt;/span&gt;&lt;span class=&quot;username-with-symbol u&quot;&gt;&lt;a class=&quot;u premium username&quot; href=&quot;https://www.deviantart.com/erebosreality&quot;&gt;ErebosReality&lt;/a&gt;&lt;span class=&quot;user-symbol premium&quot; data-quicktip-text=&quot;Core Member&quot; data-show-tooltip=&quot;1&quot; data-gruser-type=&quot;premium&quot;&gt;&lt;/span&gt;&lt;/span&gt;&lt;span&gt;&amp;nbsp;permission&amp;nbsp;:3&lt;/span&gt;&lt;br /&gt;&lt;br /&gt;&lt;span class=&quot;shadow-holder&quot; data-embed-type=&quot;deviation&quot; data-embed-id=&quot;678171757&quot; data-embed-format=&quot;thumb&quot;&gt;&lt;span class=&quot;shadow mild&quot; &gt;&lt;a class=&quot;thumb&quot; href=&quot;https://www.deviantart.com/gigamessy/art/Gigabyte-Meh-678171757&quot; title=&quot;Gigabyte Meh by GigaMessy, May 1, 2017 in Scraps&quot;data-super-img=&quot;https://images-wixmp-ed30a86b8c4ca887773594c2.wixmp.com/intermediary/f/6a735e13-5cad-425e-bc73-008277778211/db7rkod-0be62aaa-943f-4e2b-9952-897079ae2658.png&quot; data-super-width=&quot;50&quot; data-super-height=&quot;50&quot; data-super-transparent=&quot;false&quot; data-super-alt=&quot;Gigabyte Meh by GigaMessy&quot; data-super-full-img=&quot;https://images-wixmp-ed30a86b8c4ca887773594c2.wixmp.com/intermediary/f/6a735e13-5cad-425e-bc73-008277778211/db7rkod-0be62aaa-943f-4e2b-9952-897079ae2658.png&quot; data-super-full-width=&quot;50&quot; data-super-full-height=&quot;50&quot;        data-sigil=&quot;thumb&quot;&gt;
        &lt;i&gt;&lt;/i&gt;&lt;img   width=&quot;50&quot; height=&quot;50&quot; alt=&quot;Gigabyte Meh by GigaMessy&quot; src=&quot;https://images-wixmp-ed30a86b8c4ca887773594c2.wixmp.com/intermediary/f/6a735e13-5cad-425e-bc73-008277778211/db7rkod-0be62aaa-943f-4e2b-9952-897079ae2658.png&quot; data-src=&quot;https://images-wixmp-ed30a86b8c4ca887773594c2.wixmp.com/intermediary/f/6a735e13-5cad-425e-bc73-008277778211/db7rkod-0be62aaa-943f-4e2b-9952-897079ae2658.png&quot; srcset=&quot;https://images-wixmp-ed30a86b8c4ca887773594c2.wixmp.com/intermediary/f/6a735e13-5cad-425e-bc73-008277778211/db7rkod-0be62aaa-943f-4e2b-9952-897079ae2658.png 50w&quot; sizes=&quot;50px&quot;&gt;&lt;/a&gt;&lt;/span&gt;&lt;!-- ^TTT --&gt;&lt;!-- TTT$ --&gt;&lt;/span&gt;&amp;nbsp;I know she&#039;s actually not a thief, but this stare...&amp;nbsp;&lt;span&gt;why do I get the feeling that I already&amp;nbsp;&lt;/span&gt;&lt;span&gt;was&amp;nbsp;&lt;/span&gt;&lt;span&gt;pickpocketed?&amp;nbsp;&lt;br /&gt;&lt;span class=&quot;shadow-holder&quot; data-embed-type=&quot;deviation&quot; data-embed-id=&quot;678171988&quot; data-embed-format=&quot;thumb&quot;&gt;&lt;span class=&quot;shadow mild&quot; &gt;&lt;a class=&quot;thumb&quot; href=&quot;https://www.deviantart.com/gigamessy/art/Messy-Smile-678171988&quot; title=&quot;Messy Smile by GigaMessy, May 1, 2017 in Scraps&quot;data-super-img=&quot;https://images-wixmp-ed30a86b8c4ca887773594c2.wixmp.com/intermediary/f/6a735e13-5cad-425e-bc73-008277778211/db7rkus-cac38773-e492-491d-9170-d71b0b4403be.png&quot; data-super-width=&quot;50&quot; data-super-height=&quot;50&quot; data-super-transparent=&quot;false&quot; data-super-alt=&quot;Messy Smile by GigaMessy&quot; data-super-full-img=&quot;https://images-wixmp-ed30a86b8c4ca887773594c2.wixmp.com/intermediary/f/6a735e13-5cad-425e-bc73-008277778211/db7rkus-cac38773-e492-491d-9170-d71b0b4403be.png&quot; data-super-full-width=&quot;50&quot; data-super-full-height=&quot;50&quot;        data-sigil=&quot;thumb&quot;&gt;
        &lt;i&gt;&lt;/i&gt;&lt;img   width=&quot;50&quot; height=&quot;50&quot; alt=&quot;Messy Smile by GigaMessy&quot; src=&quot;https://images-wixmp-ed30a86b8c4ca887773594c2.wixmp.com/intermediary/f/6a735e13-5cad-425e-bc73-008277778211/db7rkus-cac38773-e492-491d-9170-d71b0b4403be.png&quot; data-src=&quot;https://images-wixmp-ed30a86b8c4ca887773594c2.wixmp.com/intermediary/f/6a735e13-5cad-425e-bc73-008277778211/db7rkus-cac38773-e492-491d-9170-d71b0b4403be.png&quot; srcset=&quot;https://images-wixmp-ed30a86b8c4ca887773594c2.wixmp.com/intermediary/f/6a735e13-5cad-425e-bc73-008277778211/db7rkus-cac38773-e492-491d-9170-d71b0b4403be.png 50w&quot; sizes=&quot;50px&quot;&gt;&lt;/a&gt;&lt;/span&gt;&lt;!-- ^TTT --&gt;&lt;!-- TTT$ --&gt;&lt;/span&gt;&amp;nbsp;Ahaha, Gig, you&#039;re a cat, you don&#039;t have pockets ^^&lt;br /&gt;&lt;span class=&quot;shadow-holder&quot; data-embed-type=&quot;deviation&quot; data-embed-id=&quot;678183246&quot; data-embed-format=&quot;thumb&quot;&gt;&lt;span class=&quot;shadow mild&quot; &gt;&lt;a class=&quot;thumb&quot; href=&quot;https://www.deviantart.com/gigamessy/art/Gigabyte-Hehe-678183246&quot; title=&quot;Gigabyte Hehe by GigaMessy, May 1, 2017 in Scraps&quot;data-super-img=&quot;https://images-wixmp-ed30a86b8c4ca887773594c2.wixmp.com/intermediary/f/6a735e13-5cad-425e-bc73-008277778211/db7rtji-8190b84b-0ce1-4b36-9f30-e47af9441c32.png&quot; data-super-width=&quot;50&quot; data-super-height=&quot;50&quot; data-super-transparent=&quot;false&quot; data-super-alt=&quot;Gigabyte Hehe by GigaMessy&quot; data-super-full-img=&quot;https://images-wixmp-ed30a86b8c4ca887773594c2.wixmp.com/intermediary/f/6a735e13-5cad-425e-bc73-008277778211/db7rtji-8190b84b-0ce1-4b36-9f30-e47af9441c32.png&quot; data-super-full-width=&quot;50&quot; data-super-full-height=&quot;50&quot;        data-sigil=&quot;thumb&quot;&gt;
        &lt;i&gt;&lt;/i&gt;&lt;img   width=&quot;50&quot; height=&quot;50&quot; alt=&quot;Gigabyte Hehe by GigaMessy&quot; src=&quot;https://images-wixmp-ed30a86b8c4ca887773594c2.wixmp.com/intermediary/f/6a735e13-5cad-425e-bc73-008277778211/db7rtji-8190b84b-0ce1-4b36-9f30-e47af9441c32.png&quot; data-src=&quot;https://images-wixmp-ed30a86b8c4ca887773594c2.wixmp.com/intermediary/f/6a735e13-5cad-425e-bc73-008277778211/db7rtji-8190b84b-0ce1-4b36-9f30-e47af9441c32.png&quot; srcset=&quot;https://images-wixmp-ed30a86b8c4ca887773594c2.wixmp.com/intermediary/f/6a735e13-5cad-425e-bc73-008277778211/db7rtji-8190b84b-0ce1-4b36-9f30-e47af9441c32.png 50w&quot; sizes=&quot;50px&quot;&gt;&lt;/a&gt;&lt;/span&gt;&lt;!-- ^TTT --&gt;&lt;!-- TTT$ --&gt;&lt;/span&gt;&amp;nbsp;In fact I have several &#039;natural&#039; ones as&amp;nbsp;&lt;/span&gt;&lt;span&gt;an emergency&amp;nbsp;&lt;a href=&quot;https://www.deviantart.com/noerulb/art/Yato-emoticon-564180381&quot; class=&quot;emoticon&quot; data-embed-type=&quot;emoticon&quot; data-embed-id=&quot;564180381&quot; data-embed-profile=&quot;deviation&quot;&gt;&lt;img src=&quot;https://orig00.deviantart.net/b802/f/2015/281/f/d/yato_emoticon_by_noerulb-d9bwcd9.gif&quot; alt=&quot;Yato emoticon&quot; style=&quot;width:50px;height:50px&quot;&gt;&lt;/a&gt;&amp;nbsp;&lt;/span&gt;&lt;span&gt;&lt;br /&gt;&lt;span class=&quot;shadow-holder&quot; data-embed-type=&quot;deviation&quot; data-embed-id=&quot;678172025&quot; data-embed-format=&quot;thumb&quot;&gt;&lt;span class=&quot;shadow mild&quot; &gt;&lt;a class=&quot;thumb&quot; href=&quot;https://www.deviantart.com/gigamessy/art/Messy-Whatever-678172025&quot; title=&quot;Messy Whatever by GigaMessy, May 1, 2017 in Scraps&quot;data-super-img=&quot;https://images-wixmp-ed30a86b8c4ca887773594c2.wixmp.com/intermediary/f/6a735e13-5cad-425e-bc73-008277778211/db7rkvt-dd61a604-b97f-4c71-9708-a44f021fb27e.png&quot; data-super-width=&quot;50&quot; data-super-height=&quot;50&quot; data-super-transparent=&quot;false&quot; data-super-alt=&quot;Messy Whatever by GigaMessy&quot; data-super-full-img=&quot;https://images-wixmp-ed30a86b8c4ca887773594c2.wixmp.com/intermediary/f/6a735e13-5cad-425e-bc73-008277778211/db7rkvt-dd61a604-b97f-4c71-9708-a44f021fb27e.png&quot; data-super-full-width=&quot;50&quot; data-super-full-height=&quot;50&quot;        data-sigil=&quot;thumb&quot;&gt;
        &lt;i&gt;&lt;/i&gt;&lt;img   width=&quot;50&quot; height=&quot;50&quot; alt=&quot;Messy Whatever by GigaMessy&quot; src=&quot;https://images-wixmp-ed30a86b8c4ca887773594c2.wixmp.com/intermediary/f/6a735e13-5cad-425e-bc73-008277778211/db7rkvt-dd61a604-b97f-4c71-9708-a44f021fb27e.png&quot; data-src=&quot;https://images-wixmp-ed30a86b8c4ca887773594c2.wixmp.com/intermediary/f/6a735e13-5cad-425e-bc73-008277778211/db7rkvt-dd61a604-b97f-4c71-9708-a44f021fb27e.png&quot; srcset=&quot;https://images-wixmp-ed30a86b8c4ca887773594c2.wixmp.com/intermediary/f/6a735e13-5cad-425e-bc73-008277778211/db7rkvt-dd61a604-b97f-4c71-9708-a44f021fb27e.png 50w&quot; sizes=&quot;50px&quot;&gt;&lt;/a&gt;&lt;/span&gt;&lt;!-- ^TTT --&gt;&lt;!-- TTT$ --&gt;&lt;/span&gt;&amp;nbsp;I... don&#039;t w&lt;/span&gt;&lt;span&gt;ant to know anything&lt;/span&gt;&lt;span&gt;&amp;nbsp;about this aspect of your life&amp;nbsp;&lt;a href=&quot;https://www.deviantart.com/cookays/art/Mabel-is-not-amused-Icon-573758000&quot; class=&quot;emoticon&quot; data-embed-type=&quot;emoticon&quot; data-embed-id=&quot;573758000&quot; data-embed-profile=&quot;deviation&quot;&gt;&lt;img src=&quot;https://orig00.deviantart.net/b9f8/f/2015/326/2/e/mabel_is_not_amused_icon_by_cookays-d9hlmi8.gif&quot; alt=&quot;Mabel is not amused Icon&quot; style=&quot;width:50px;height:50px&quot;&gt;&lt;/a&gt;&amp;nbsp;&lt;br /&gt;&lt;span class=&quot;shadow-holder&quot; data-embed-type=&quot;deviation&quot; data-embed-id=&quot;678171557&quot; data-embed-format=&quot;thumb&quot;&gt;&lt;span class=&quot;shadow mild&quot; &gt;&lt;a class=&quot;thumb&quot; href=&quot;https://www.deviantart.com/gigamessy/art/Gigabyte-Such-emotional-678171557&quot; title=&quot;Gigabyte Such emotional by GigaMessy, May 1, 2017 in Customization &amp;gt; Emoticons &amp;gt; Chat Friendly Emotes &amp;gt; Medium - up to 50x50 &amp;gt; Static&quot;data-super-img=&quot;https://images-wixmp-ed30a86b8c4ca887773594c2.wixmp.com/intermediary/f/6a735e13-5cad-425e-bc73-008277778211/db7rkit-556bbec3-4f45-4718-966b-13c5901c5590.png&quot; data-super-width=&quot;50&quot; data-super-height=&quot;50&quot; data-super-transparent=&quot;false&quot; data-super-alt=&quot;Gigabyte Such emotional by GigaMessy&quot; data-super-full-img=&quot;https://images-wixmp-ed30a86b8c4ca887773594c2.wixmp.com/intermediary/f/6a735e13-5cad-425e-bc73-008277778211/db7rkit-556bbec3-4f45-4718-966b-13c5901c5590.png&quot; data-super-full-width=&quot;50&quot; data-super-full-height=&quot;50&quot;        data-sigil=&quot;thumb&quot;&gt;
        &lt;i&gt;&lt;/i&gt;&lt;img   width=&quot;50&quot; height=&quot;50&quot; alt=&quot;Gigabyte Such emotional by GigaMessy&quot; src=&quot;https://images-wixmp-ed30a86b8c4ca887773594c2.wixmp.com/intermediary/f/6a735e13-5cad-425e-bc73-008277778211/db7rkit-556bbec3-4f45-4718-966b-13c5901c5590.png&quot; data-src=&quot;https://images-wixmp-ed30a86b8c4ca887773594c2.wixmp.com/intermediary/f/6a735e13-5cad-425e-bc73-008277778211/db7rkit-556bbec3-4f45-4718-966b-13c5901c5590.png&quot; srcset=&quot;https://images-wixmp-ed30a86b8c4ca887773594c2.wixmp.com/intermediary/f/6a735e13-5cad-425e-bc73-008277778211/db7rkit-556bbec3-4f45-4718-966b-13c5901c5590.png 50w&quot; sizes=&quot;50px&quot;&gt;&lt;/a&gt;&lt;/span&gt;&lt;!-- ^TTT --&gt;&lt;!-- TTT$ --&gt;&lt;/span&gt;&amp;nbsp;...&lt;br /&gt;&lt;span class=&quot;shadow-holder&quot; data-embed-type=&quot;deviation&quot; data-embed-id=&quot;681274943&quot; data-embed-format=&quot;thumb&quot;&gt;&lt;span class=&quot;shadow mild&quot; &gt;&lt;a class=&quot;thumb&quot; href=&quot;https://www.deviantart.com/gigamessy/art/Gigabyte-Angry-681274943&quot; title=&quot;Gigabyte Angry by GigaMessy, May 18, 2017 in Scraps&quot;data-super-img=&quot;https://images-wixmp-ed30a86b8c4ca887773594c2.wixmp.com/intermediary/f/6a735e13-5cad-425e-bc73-008277778211/db9m33z-f2196bfd-dc3a-43b9-8285-62c2358c00f8.png&quot; data-super-width=&quot;50&quot; data-super-height=&quot;50&quot; data-super-transparent=&quot;false&quot; data-super-alt=&quot;Gigabyte Angry by GigaMessy&quot; data-super-full-img=&quot;https://images-wixmp-ed30a86b8c4ca887773594c2.wixmp.com/intermediary/f/6a735e13-5cad-425e-bc73-008277778211/db9m33z-f2196bfd-dc3a-43b9-8285-62c2358c00f8.png&quot; data-super-full-width=&quot;50&quot; data-super-full-height=&quot;50&quot;        data-sigil=&quot;thumb&quot;&gt;
        &lt;i&gt;&lt;/i&gt;&lt;img   width=&quot;50&quot; height=&quot;50&quot; alt=&quot;Gigabyte Angry by GigaMessy&quot; src=&quot;https://images-wixmp-ed30a86b8c4ca887773594c2.wixmp.com/intermediary/f/6a735e13-5cad-425e-bc73-008277778211/db9m33z-f2196bfd-dc3a-43b9-8285-62c2358c00f8.png&quot; data-src=&quot;https://images-wixmp-ed30a86b8c4ca887773594c2.wixmp.com/intermediary/f/6a735e13-5cad-425e-bc73-008277778211/db9m33z-f2196bfd-dc3a-43b9-8285-62c2358c00f8.png&quot; srcset=&quot;https://images-wixmp-ed30a86b8c4ca887773594c2.wixmp.com/intermediary/f/6a735e13-5cad-425e-bc73-008277778211/db9m33z-f2196bfd-dc3a-43b9-8285-62c2358c00f8.png 50w&quot; sizes=&quot;50px&quot;&gt;&lt;/a&gt;&lt;/span&gt;&lt;!-- ^TTT --&gt;&lt;!-- TTT$ --&gt;&lt;/span&gt;&amp;nbsp;My thick fur, you spoiled girl! I was talking about the fur!&amp;nbsp;&lt;/span&gt;</media:description>            <media:thumbnail url="https://t00.deviantart.net/Loqrfd2WV7wDsH8cVFWrWBRLjTA=/fit-in/150x150/filters:no_upscale():origin()/pre00/1e1b/th/pre/f/2019/030/7/0/_cm__genevieve_alosis_by_gigamessy-dcyfyot.png" height="150" width="113"/>            <media:thumbnail url="https://t00.deviantart.net/TKoBCzK2M0K0zcTQcdnYElhZR2k=/fit-in/300x900/filters:no_upscale():origin()/pre00/1e1b/th/pre/f/2019/030/7/0/_cm__genevieve_alosis_by_gigamessy-dcyfyot.png" height="400" width="300"/>            <media:thumbnail url="https://t00.deviantart.net/aXOCa4I9le7LAACbca2LDyNneTs=/300x200/filters:fixed_height(100,100):origin()/pre00/1e1b/th/pre/f/2019/030/7/0/_cm__genevieve_alosis_by_gigamessy-dcyfyot.png" height="200" width="150"/>            <media:content url="https://orig00.deviantart.net/3de3/f/2019/030/7/0/_cm__genevieve_alosis_by_gigamessy-dcyfyot.png" height="1000" width="750" medium="image"/>            
            <description>&lt;a href=&quot;https://www.deviantart.com/diegovainilla/art/little-star-591770525&quot; class=&quot;emoticon&quot; data-embed-type=&quot;emoticon&quot; data-embed-id=&quot;591770525&quot; data-embed-profile=&quot;deviation&quot;&gt;&lt;img src=&quot;https://orig00.deviantart.net/1297/f/2018/236/7/c/little_star_by_diegovainilla-d9sbp25.gif&quot; alt=&quot;little star&quot; style=&quot;width:14px;height:15px&quot;&gt;&lt;/a&gt;&lt;span&gt;&amp;nbsp;&lt;/span&gt;&lt;a href=&quot;http://fav.me/dbbluky&quot;&gt;Commission Info&lt;/a&gt;&lt;span&gt;&amp;nbsp; &amp;nbsp;&amp;nbsp;&lt;/span&gt;&lt;img src=&quot;https://e.deviantart.net/emoticons/t/twitter_2.gif&quot; alt=&quot;Twitter&quot; style=&quot;width: 16px; height: 16px;&quot; data-embed-type=&quot;emoticon&quot; data-embed-id=&quot;614&quot;&gt;&lt;span&gt;&amp;nbsp;&lt;/span&gt;&lt;a class=&quot;external&quot; href=&quot;https://www.deviantart.com/users/outgoing?https://twitter.com/GigaMessy&quot;&gt;Twitter&lt;/a&gt;&lt;span&gt;&amp;nbsp; &amp;nbsp;&amp;nbsp;&lt;/span&gt;&lt;a href=&quot;https://www.deviantart.com/poserfan/art/Tumblr-Icon-314822709&quot; class=&quot;emoticon&quot; data-embed-type=&quot;emoticon&quot; data-embed-id=&quot;314822709&quot; data-embed-profile=&quot;deviation&quot;&gt;&lt;img src=&quot;https://orig00.deviantart.net/28ed/f/2015/212/c/0/tumblr_icon_by_poserfan-d57fqr9.gif&quot; alt=&quot;Tumblr Icon&quot; style=&quot;width:16px;height:16px&quot;&gt;&lt;/a&gt;&lt;span&gt;&amp;nbsp;&lt;/span&gt;&lt;a class=&quot;external&quot; href=&quot;https://www.deviantart.com/users/outgoing?https://gigamessy.tumblr.com/&quot;&gt;Tumblr&lt;/a&gt;&lt;span&gt;&amp;nbsp; &amp;nbsp;&amp;nbsp;&lt;/span&gt;&lt;a href=&quot;https://www.deviantart.com/vampirehelenaharper/art/new-Pixiv-icon-logo-672329473&quot; class=&quot;emoticon&quot; data-embed-type=&quot;emoticon&quot; data-embed-id=&quot;672329473&quot; data-embed-profile=&quot;deviation&quot;&gt;&lt;img src=&quot;https://images-wixmp-ed30a86b8c4ca887773594c2.wixmp.com/intermediary/f/80bda55e-e860-4969-8f37-9e9d51e43927/db4acqp-0775eb86-ee43-44c7-9437-e537295063af.png&quot; alt=&quot;new Pixiv ( icon / logo )&quot; style=&quot;width:16px;height:16px&quot;&gt;&lt;/a&gt;&lt;span&gt;&amp;nbsp;&lt;/span&gt;&lt;a class=&quot;external&quot; href=&quot;https://www.deviantart.com/users/outgoing?https://www.pixiv.net/member.php?id=30255712&quot;&gt;Pixiv&lt;/a&gt;&lt;span&gt;&amp;nbsp; &amp;nbsp;&amp;nbsp;&lt;/span&gt;&lt;a href=&quot;https://www.deviantart.com/vampirehelenaharper/art/YouTube-Icon-530921372&quot; class=&quot;emoticon&quot; data-embed-type=&quot;emoticon&quot; data-embed-id=&quot;530921372&quot; data-embed-profile=&quot;deviation&quot;&gt;&lt;img src=&quot;https://images-wixmp-ed30a86b8c4ca887773594c2.wixmp.com/intermediary/f/80bda55e-e860-4969-8f37-9e9d51e43927/d8s3hjw-b4c05150-baba-4ad3-bea8-b4870929a06d.png&quot; alt=&quot;YouTube Icon&quot; style=&quot;width:16px;height:16px&quot;&gt;&lt;/a&gt;&lt;span&gt;&amp;nbsp;&lt;/span&gt;&lt;a class=&quot;external&quot; href=&quot;https://www.deviantart.com/users/outgoing?https://www.youtube.com/channel/UCEKYs3WUkFg0AUS6gbue5_A&quot;&gt;Youtube&lt;/a&gt;&lt;span&gt;&amp;nbsp; &amp;nbsp;&amp;nbsp;&lt;/span&gt;&lt;a href=&quot;https://www.deviantart.com/liriorox/art/Gumroad-icon-2-545734859&quot; class=&quot;emoticon&quot; data-embed-type=&quot;emoticon&quot; data-embed-id=&quot;545734859&quot; data-embed-profile=&quot;deviation&quot;&gt;&lt;img src=&quot;https://images-wixmp-ed30a86b8c4ca887773594c2.wixmp.com/intermediary/f/0bd87312-636c-4da8-8502-26c542873b11/d90wzpn-47fbf5d8-7dd8-40b0-810d-f16277f51393.png&quot; alt=&quot;Gumroad icon 2&quot; style=&quot;width:16px;height:16px&quot;&gt;&lt;/a&gt;&lt;span&gt;&amp;nbsp;&lt;/span&gt;&lt;a class=&quot;external&quot; href=&quot;https://www.deviantart.com/users/outgoing?https://gumroad.com/gigamessy&quot;&gt;Gumroad&lt;/a&gt;&lt;br /&gt;&lt;br /&gt;&lt;a href=&quot;https://www.deviantart.com/diegovainilla/art/little-star-591770525&quot; class=&quot;emoticon&quot; data-embed-type=&quot;emoticon&quot; data-embed-id=&quot;591770525&quot; data-embed-profile=&quot;deviation&quot;&gt;&lt;img src=&quot;https://orig00.deviantart.net/1297/f/2018/236/7/c/little_star_by_diegovainilla-d9sbp25.gif&quot; alt=&quot;little star&quot; style=&quot;width:14px;height:15px&quot;&gt;&lt;/a&gt;&lt;span&gt;&amp;nbsp;&#039;Artistic freedom&#039; commission work for&amp;nbsp;&lt;/span&gt;&lt;span class=&quot;username-with-symbol u&quot;&gt;&lt;a class=&quot;u premium username&quot; href=&quot;https://www.deviantart.com/erebosreality&quot;&gt;ErebosReality&lt;/a&gt;&lt;span class=&quot;user-symbol premium&quot; data-quicktip-text=&quot;Core Member&quot; data-show-tooltip=&quot;1&quot; data-gruser-type=&quot;premium&quot;&gt;&lt;/span&gt;&lt;/span&gt;&lt;span&gt;&amp;nbsp;- original character named&amp;nbsp;&lt;/span&gt;&lt;b&gt;Genevieve Alosis&lt;/b&gt;&lt;span&gt;.&amp;nbsp;Thank you very much for commissioning us!&lt;/span&gt;&lt;br /&gt;&lt;span&gt;Please don&#039;t use this work in any ways other than social sharing&amp;nbsp;without&amp;nbsp;&lt;/span&gt;&lt;span class=&quot;username-with-symbol u&quot;&gt;&lt;a class=&quot;u premium username&quot; href=&quot;https://www.deviantart.com/erebosreality&quot;&gt;ErebosReality&lt;/a&gt;&lt;span class=&quot;user-symbol premium&quot; data-quicktip-text=&quot;Core Member&quot; data-show-tooltip=&quot;1&quot; data-gruser-type=&quot;premium&quot;&gt;&lt;/span&gt;&lt;/span&gt;&lt;span&gt;&amp;nbsp;permission&amp;nbsp;:3&lt;/span&gt;&lt;br /&gt;&lt;br /&gt;&lt;span class=&quot;shadow-holder&quot; data-embed-type=&quot;deviation&quot; data-embed-id=&quot;678171757&quot; data-embed-format=&quot;thumb&quot;&gt;&lt;span class=&quot;shadow mild&quot; &gt;&lt;a class=&quot;thumb&quot; href=&quot;https://www.deviantart.com/gigamessy/art/Gigabyte-Meh-678171757&quot; title=&quot;Gigabyte Meh by GigaMessy, May 1, 2017 in Scraps&quot;data-super-img=&quot;https://images-wixmp-ed30a86b8c4ca887773594c2.wixmp.com/intermediary/f/6a735e13-5cad-425e-bc73-008277778211/db7rkod-0be62aaa-943f-4e2b-9952-897079ae2658.png&quot; data-super-width=&quot;50&quot; data-super-height=&quot;50&quot; data-super-transparent=&quot;false&quot; data-super-alt=&quot;Gigabyte Meh by GigaMessy&quot; data-super-full-img=&quot;https://images-wixmp-ed30a86b8c4ca887773594c2.wixmp.com/intermediary/f/6a735e13-5cad-425e-bc73-008277778211/db7rkod-0be62aaa-943f-4e2b-9952-897079ae2658.png&quot; data-super-full-width=&quot;50&quot; data-super-full-height=&quot;50&quot;        data-sigil=&quot;thumb&quot;&gt;
        &lt;i&gt;&lt;/i&gt;&lt;img   width=&quot;50&quot; height=&quot;50&quot; alt=&quot;Gigabyte Meh by GigaMessy&quot; src=&quot;https://images-wixmp-ed30a86b8c4ca887773594c2.wixmp.com/intermediary/f/6a735e13-5cad-425e-bc73-008277778211/db7rkod-0be62aaa-943f-4e2b-9952-897079ae2658.png&quot; data-src=&quot;https://images-wixmp-ed30a86b8c4ca887773594c2.wixmp.com/intermediary/f/6a735e13-5cad-425e-bc73-008277778211/db7rkod-0be62aaa-943f-4e2b-9952-897079ae2658.png&quot; srcset=&quot;https://images-wixmp-ed30a86b8c4ca887773594c2.wixmp.com/intermediary/f/6a735e13-5cad-425e-bc73-008277778211/db7rkod-0be62aaa-943f-4e2b-9952-897079ae2658.png 50w&quot; sizes=&quot;50px&quot;&gt;&lt;/a&gt;&lt;/span&gt;&lt;!-- ^TTT --&gt;&lt;!-- TTT$ --&gt;&lt;/span&gt;&amp;nbsp;I know she&#039;s actually not a thief, but this stare...&amp;nbsp;&lt;span&gt;why do I get the feeling that I already&amp;nbsp;&lt;/span&gt;&lt;span&gt;was&amp;nbsp;&lt;/span&gt;&lt;span&gt;pickpocketed?&amp;nbsp;&lt;br /&gt;&lt;span class=&quot;shadow-holder&quot; data-embed-type=&quot;deviation&quot; data-embed-id=&quot;678171988&quot; data-embed-format=&quot;thumb&quot;&gt;&lt;span class=&quot;shadow mild&quot; &gt;&lt;a class=&quot;thumb&quot; href=&quot;https://www.deviantart.com/gigamessy/art/Messy-Smile-678171988&quot; title=&quot;Messy Smile by GigaMessy, May 1, 2017 in Scraps&quot;data-super-img=&quot;https://images-wixmp-ed30a86b8c4ca887773594c2.wixmp.com/intermediary/f/6a735e13-5cad-425e-bc73-008277778211/db7rkus-cac38773-e492-491d-9170-d71b0b4403be.png&quot; data-super-width=&quot;50&quot; data-super-height=&quot;50&quot; data-super-transparent=&quot;false&quot; data-super-alt=&quot;Messy Smile by GigaMessy&quot; data-super-full-img=&quot;https://images-wixmp-ed30a86b8c4ca887773594c2.wixmp.com/intermediary/f/6a735e13-5cad-425e-bc73-008277778211/db7rkus-cac38773-e492-491d-9170-d71b0b4403be.png&quot; data-super-full-width=&quot;50&quot; data-super-full-height=&quot;50&quot;        data-sigil=&quot;thumb&quot;&gt;
        &lt;i&gt;&lt;/i&gt;&lt;img   width=&quot;50&quot; height=&quot;50&quot; alt=&quot;Messy Smile by GigaMessy&quot; src=&quot;https://images-wixmp-ed30a86b8c4ca887773594c2.wixmp.com/intermediary/f/6a735e13-5cad-425e-bc73-008277778211/db7rkus-cac38773-e492-491d-9170-d71b0b4403be.png&quot; data-src=&quot;https://images-wixmp-ed30a86b8c4ca887773594c2.wixmp.com/intermediary/f/6a735e13-5cad-425e-bc73-008277778211/db7rkus-cac38773-e492-491d-9170-d71b0b4403be.png&quot; srcset=&quot;https://images-wixmp-ed30a86b8c4ca887773594c2.wixmp.com/intermediary/f/6a735e13-5cad-425e-bc73-008277778211/db7rkus-cac38773-e492-491d-9170-d71b0b4403be.png 50w&quot; sizes=&quot;50px&quot;&gt;&lt;/a&gt;&lt;/span&gt;&lt;!-- ^TTT --&gt;&lt;!-- TTT$ --&gt;&lt;/span&gt;&amp;nbsp;Ahaha, Gig, you&#039;re a cat, you don&#039;t have pockets ^^&lt;br /&gt;&lt;span class=&quot;shadow-holder&quot; data-embed-type=&quot;deviation&quot; data-embed-id=&quot;678183246&quot; data-embed-format=&quot;thumb&quot;&gt;&lt;span class=&quot;shadow mild&quot; &gt;&lt;a class=&quot;thumb&quot; href=&quot;https://www.deviantart.com/gigamessy/art/Gigabyte-Hehe-678183246&quot; title=&quot;Gigabyte Hehe by GigaMessy, May 1, 2017 in Scraps&quot;data-super-img=&quot;https://images-wixmp-ed30a86b8c4ca887773594c2.wixmp.com/intermediary/f/6a735e13-5cad-425e-bc73-008277778211/db7rtji-8190b84b-0ce1-4b36-9f30-e47af9441c32.png&quot; data-super-width=&quot;50&quot; data-super-height=&quot;50&quot; data-super-transparent=&quot;false&quot; data-super-alt=&quot;Gigabyte Hehe by GigaMessy&quot; data-super-full-img=&quot;https://images-wixmp-ed30a86b8c4ca887773594c2.wixmp.com/intermediary/f/6a735e13-5cad-425e-bc73-008277778211/db7rtji-8190b84b-0ce1-4b36-9f30-e47af9441c32.png&quot; data-super-full-width=&quot;50&quot; data-super-full-height=&quot;50&quot;        data-sigil=&quot;thumb&quot;&gt;
        &lt;i&gt;&lt;/i&gt;&lt;img   width=&quot;50&quot; height=&quot;50&quot; alt=&quot;Gigabyte Hehe by GigaMessy&quot; src=&quot;https://images-wixmp-ed30a86b8c4ca887773594c2.wixmp.com/intermediary/f/6a735e13-5cad-425e-bc73-008277778211/db7rtji-8190b84b-0ce1-4b36-9f30-e47af9441c32.png&quot; data-src=&quot;https://images-wixmp-ed30a86b8c4ca887773594c2.wixmp.com/intermediary/f/6a735e13-5cad-425e-bc73-008277778211/db7rtji-8190b84b-0ce1-4b36-9f30-e47af9441c32.png&quot; srcset=&quot;https://images-wixmp-ed30a86b8c4ca887773594c2.wixmp.com/intermediary/f/6a735e13-5cad-425e-bc73-008277778211/db7rtji-8190b84b-0ce1-4b36-9f30-e47af9441c32.png 50w&quot; sizes=&quot;50px&quot;&gt;&lt;/a&gt;&lt;/span&gt;&lt;!-- ^TTT --&gt;&lt;!-- TTT$ --&gt;&lt;/span&gt;&amp;nbsp;In fact I have several &#039;natural&#039; ones as&amp;nbsp;&lt;/span&gt;&lt;span&gt;an emergency&amp;nbsp;&lt;a href=&quot;https://www.deviantart.com/noerulb/art/Yato-emoticon-564180381&quot; class=&quot;emoticon&quot; data-embed-type=&quot;emoticon&quot; data-embed-id=&quot;564180381&quot; data-embed-profile=&quot;deviation&quot;&gt;&lt;img src=&quot;https://orig00.deviantart.net/b802/f/2015/281/f/d/yato_emoticon_by_noerulb-d9bwcd9.gif&quot; alt=&quot;Yato emoticon&quot; style=&quot;width:50px;height:50px&quot;&gt;&lt;/a&gt;&amp;nbsp;&lt;/span&gt;&lt;span&gt;&lt;br /&gt;&lt;span class=&quot;shadow-holder&quot; data-embed-type=&quot;deviation&quot; data-embed-id=&quot;678172025&quot; data-embed-format=&quot;thumb&quot;&gt;&lt;span class=&quot;shadow mild&quot; &gt;&lt;a class=&quot;thumb&quot; href=&quot;https://www.deviantart.com/gigamessy/art/Messy-Whatever-678172025&quot; title=&quot;Messy Whatever by GigaMessy, May 1, 2017 in Scraps&quot;data-super-img=&quot;https://images-wixmp-ed30a86b8c4ca887773594c2.wixmp.com/intermediary/f/6a735e13-5cad-425e-bc73-008277778211/db7rkvt-dd61a604-b97f-4c71-9708-a44f021fb27e.png&quot; data-super-width=&quot;50&quot; data-super-height=&quot;50&quot; data-super-transparent=&quot;false&quot; data-super-alt=&quot;Messy Whatever by GigaMessy&quot; data-super-full-img=&quot;https://images-wixmp-ed30a86b8c4ca887773594c2.wixmp.com/intermediary/f/6a735e13-5cad-425e-bc73-008277778211/db7rkvt-dd61a604-b97f-4c71-9708-a44f021fb27e.png&quot; data-super-full-width=&quot;50&quot; data-super-full-height=&quot;50&quot;        data-sigil=&quot;thumb&quot;&gt;
        &lt;i&gt;&lt;/i&gt;&lt;img   width=&quot;50&quot; height=&quot;50&quot; alt=&quot;Messy Whatever by GigaMessy&quot; src=&quot;https://images-wixmp-ed30a86b8c4ca887773594c2.wixmp.com/intermediary/f/6a735e13-5cad-425e-bc73-008277778211/db7rkvt-dd61a604-b97f-4c71-9708-a44f021fb27e.png&quot; data-src=&quot;https://images-wixmp-ed30a86b8c4ca887773594c2.wixmp.com/intermediary/f/6a735e13-5cad-425e-bc73-008277778211/db7rkvt-dd61a604-b97f-4c71-9708-a44f021fb27e.png&quot; srcset=&quot;https://images-wixmp-ed30a86b8c4ca887773594c2.wixmp.com/intermediary/f/6a735e13-5cad-425e-bc73-008277778211/db7rkvt-dd61a604-b97f-4c71-9708-a44f021fb27e.png 50w&quot; sizes=&quot;50px&quot;&gt;&lt;/a&gt;&lt;/span&gt;&lt;!-- ^TTT --&gt;&lt;!-- TTT$ --&gt;&lt;/span&gt;&amp;nbsp;I... don&#039;t w&lt;/span&gt;&lt;span&gt;ant to know anything&lt;/span&gt;&lt;span&gt;&amp;nbsp;about this aspect of your life&amp;nbsp;&lt;a href=&quot;https://www.deviantart.com/cookays/art/Mabel-is-not-amused-Icon-573758000&quot; class=&quot;emoticon&quot; data-embed-type=&quot;emoticon&quot; data-embed-id=&quot;573758000&quot; data-embed-profile=&quot;deviation&quot;&gt;&lt;img src=&quot;https://orig00.deviantart.net/b9f8/f/2015/326/2/e/mabel_is_not_amused_icon_by_cookays-d9hlmi8.gif&quot; alt=&quot;Mabel is not amused Icon&quot; style=&quot;width:50px;height:50px&quot;&gt;&lt;/a&gt;&amp;nbsp;&lt;br /&gt;&lt;span class=&quot;shadow-holder&quot; data-embed-type=&quot;deviation&quot; data-embed-id=&quot;678171557&quot; data-embed-format=&quot;thumb&quot;&gt;&lt;span class=&quot;shadow mild&quot; &gt;&lt;a class=&quot;thumb&quot; href=&quot;https://www.deviantart.com/gigamessy/art/Gigabyte-Such-emotional-678171557&quot; title=&quot;Gigabyte Such emotional by GigaMessy, May 1, 2017 in Customization &amp;gt; Emoticons &amp;gt; Chat Friendly Emotes &amp;gt; Medium - up to 50x50 &amp;gt; Static&quot;data-super-img=&quot;https://images-wixmp-ed30a86b8c4ca887773594c2.wixmp.com/intermediary/f/6a735e13-5cad-425e-bc73-008277778211/db7rkit-556bbec3-4f45-4718-966b-13c5901c5590.png&quot; data-super-width=&quot;50&quot; data-super-height=&quot;50&quot; data-super-transparent=&quot;false&quot; data-super-alt=&quot;Gigabyte Such emotional by GigaMessy&quot; data-super-full-img=&quot;https://images-wixmp-ed30a86b8c4ca887773594c2.wixmp.com/intermediary/f/6a735e13-5cad-425e-bc73-008277778211/db7rkit-556bbec3-4f45-4718-966b-13c5901c5590.png&quot; data-super-full-width=&quot;50&quot; data-super-full-height=&quot;50&quot;        data-sigil=&quot;thumb&quot;&gt;
        &lt;i&gt;&lt;/i&gt;&lt;img   width=&quot;50&quot; height=&quot;50&quot; alt=&quot;Gigabyte Such emotional by GigaMessy&quot; src=&quot;https://images-wixmp-ed30a86b8c4ca887773594c2.wixmp.com/intermediary/f/6a735e13-5cad-425e-bc73-008277778211/db7rkit-556bbec3-4f45-4718-966b-13c5901c5590.png&quot; data-src=&quot;https://images-wixmp-ed30a86b8c4ca887773594c2.wixmp.com/intermediary/f/6a735e13-5cad-425e-bc73-008277778211/db7rkit-556bbec3-4f45-4718-966b-13c5901c5590.png&quot; srcset=&quot;https://images-wixmp-ed30a86b8c4ca887773594c2.wixmp.com/intermediary/f/6a735e13-5cad-425e-bc73-008277778211/db7rkit-556bbec3-4f45-4718-966b-13c5901c5590.png 50w&quot; sizes=&quot;50px&quot;&gt;&lt;/a&gt;&lt;/span&gt;&lt;!-- ^TTT --&gt;&lt;!-- TTT$ --&gt;&lt;/span&gt;&amp;nbsp;...&lt;br /&gt;&lt;span class=&quot;shadow-holder&quot; data-embed-type=&quot;deviation&quot; data-embed-id=&quot;681274943&quot; data-embed-format=&quot;thumb&quot;&gt;&lt;span class=&quot;shadow mild&quot; &gt;&lt;a class=&quot;thumb&quot; href=&quot;https://www.deviantart.com/gigamessy/art/Gigabyte-Angry-681274943&quot; title=&quot;Gigabyte Angry by GigaMessy, May 18, 2017 in Scraps&quot;data-super-img=&quot;https://images-wixmp-ed30a86b8c4ca887773594c2.wixmp.com/intermediary/f/6a735e13-5cad-425e-bc73-008277778211/db9m33z-f2196bfd-dc3a-43b9-8285-62c2358c00f8.png&quot; data-super-width=&quot;50&quot; data-super-height=&quot;50&quot; data-super-transparent=&quot;false&quot; data-super-alt=&quot;Gigabyte Angry by GigaMessy&quot; data-super-full-img=&quot;https://images-wixmp-ed30a86b8c4ca887773594c2.wixmp.com/intermediary/f/6a735e13-5cad-425e-bc73-008277778211/db9m33z-f2196bfd-dc3a-43b9-8285-62c2358c00f8.png&quot; data-super-full-width=&quot;50&quot; data-super-full-height=&quot;50&quot;        data-sigil=&quot;thumb&quot;&gt;
        &lt;i&gt;&lt;/i&gt;&lt;img   width=&quot;50&quot; height=&quot;50&quot; alt=&quot;Gigabyte Angry by GigaMessy&quot; src=&quot;https://images-wixmp-ed30a86b8c4ca887773594c2.wixmp.com/intermediary/f/6a735e13-5cad-425e-bc73-008277778211/db9m33z-f2196bfd-dc3a-43b9-8285-62c2358c00f8.png&quot; data-src=&quot;https://images-wixmp-ed30a86b8c4ca887773594c2.wixmp.com/intermediary/f/6a735e13-5cad-425e-bc73-008277778211/db9m33z-f2196bfd-dc3a-43b9-8285-62c2358c00f8.png&quot; srcset=&quot;https://images-wixmp-ed30a86b8c4ca887773594c2.wixmp.com/intermediary/f/6a735e13-5cad-425e-bc73-008277778211/db9m33z-f2196bfd-dc3a-43b9-8285-62c2358c00f8.png 50w&quot; sizes=&quot;50px&quot;&gt;&lt;/a&gt;&lt;/span&gt;&lt;!-- ^TTT --&gt;&lt;!-- TTT$ --&gt;&lt;/span&gt;&amp;nbsp;My thick fur, you spoiled girl! I was talking about the fur!&amp;nbsp;&lt;/span&gt;&lt;br /&gt;&lt;div&gt;&lt;img src=&quot;https://t00.deviantart.net/aXOCa4I9le7LAACbca2LDyNneTs=/300x200/filters:fixed_height(100,100):origin()/pre00/1e1b/th/pre/f/2019/030/7/0/_cm__genevieve_alosis_by_gigamessy-dcyfyot.png&quot; alt=&quot;thumbnail&quot; /&gt;&lt;/div&gt;</description>            </item>
                    <item>
                <title>Poptart Bun-Buns: Frosted Strawberry</title>
                <link>https://scarletdestiney.deviantart.com/art/Poptart-Bun-Buns-Frosted-Strawberry-783394358</link>
                <guid isPermaLink="true">https://scarletdestiney.deviantart.com/art/Poptart-Bun-Buns-Frosted-Strawberry-783394358</guid>
                <pubDate>Wed, 30 Jan 2019 01:17:23 PST</pubDate>
                        <media:title type="plain">Poptart Bun-Buns: Frosted Strawberry</media:title>
        <media:keywords></media:keywords>
                        <media:rating>nonadult</media:rating>
                <media:category label="Other">designs/other</media:category>
        <media:credit role="author" scheme="urn:ebu">ScarletDestiney</media:credit>
        <media:credit role="author" scheme="urn:ebu">https://a.deviantart.net/avatars/s/c/scarletdestiney.gif?2</media:credit>
        <media:copyright url="https://scarletdestiney.deviantart.com">Copyright 2019 ScarletDestiney</media:copyright>            <media:description type="html">Frosted Strawberry-chan of the Poptart Bun-Buns ~ &amp;lt;3&amp;nbsp;</media:description>            <media:thumbnail url="https://t00.deviantart.net/qdXsMVEmWebXApSFvVogyOvktVk=/fit-in/150x150/filters:no_upscale():origin()/pre00/8051/th/pre/f/2019/030/0/a/poptart_bun_buns__frosted_strawberry_by_scarletdestiney-dcyeuye.png" height="150" width="145"/>            <media:thumbnail url="https://t00.deviantart.net/nNQ1tlWFjjZnvof0V88yat7UkpI=/fit-in/300x900/filters:no_upscale():origin()/pre00/8051/th/pre/f/2019/030/0/a/poptart_bun_buns__frosted_strawberry_by_scarletdestiney-dcyeuye.png" height="310" width="300"/>            <media:thumbnail url="https://t00.deviantart.net/j7qZRo2RNc1Xrvk1LPqNiNCNerI=/300x200/filters:fixed_height(100,100):origin()/pre00/8051/th/pre/f/2019/030/0/a/poptart_bun_buns__frosted_strawberry_by_scarletdestiney-dcyeuye.png" height="200" width="193"/>            <media:content url="https://orig00.deviantart.net/87c9/f/2019/030/0/a/poptart_bun_buns__frosted_strawberry_by_scarletdestiney-dcyeuye.png" height="858" width="829" medium="image"/>            
            <description>Frosted Strawberry-chan of the Poptart Bun-Buns ~ &amp;lt;3&amp;nbsp;&lt;br /&gt;&lt;div&gt;&lt;img src=&quot;https://t00.deviantart.net/j7qZRo2RNc1Xrvk1LPqNiNCNerI=/300x200/filters:fixed_height(100,100):origin()/pre00/8051/th/pre/f/2019/030/0/a/poptart_bun_buns__frosted_strawberry_by_scarletdestiney-dcyeuye.png&quot; alt=&quot;thumbnail&quot; /&gt;&lt;/div&gt;</description>            </item>
                    <item>
                <title>SMASH</title>
                <link>https://quirkilicious.deviantart.com/art/SMASH-783443498</link>
                <guid isPermaLink="true">https://quirkilicious.deviantart.com/art/SMASH-783443498</guid>
                <pubDate>Wed, 30 Jan 2019 10:54:00 PST</pubDate>
                        <media:title type="plain">SMASH</media:title>
        <media:keywords></media:keywords>
                        <media:rating>nonadult</media:rating>
                <media:category label="Games">fanart/digital/painting/games</media:category>
        <media:credit role="author" scheme="urn:ebu">Quirkilicious</media:credit>
        <media:credit role="author" scheme="urn:ebu">https://a.deviantart.net/avatars/q/u/quirkilicious.jpg?3</media:credit>
        <media:copyright url="https://quirkilicious.deviantart.com">Copyright 2019 Quirkilicious</media:copyright>
            <media:community>
                <media:tags>@Quirkiliciouss</media:tags>
            </media:community>            <media:description type="html">I&#039;ve followed the Super Smash Bros games since it&#039;s N64 days, it&#039;s amazing to see a culimation of the franchise come together in the release of Ultimate!&lt;br /&gt;&lt;br /&gt;Having never done a painting that&#039;s taken me over 30 hours I wanted to tackle a large project for the first time. It was a really interesting experience to try a marathon rather than another sprint for this art piece, it ended up taking me roughly &lt;b&gt;200 hours!&lt;/b&gt;&lt;br /&gt;&lt;br /&gt;Yes, DLC characters will be added as they&#039;re announced!&lt;br /&gt;&lt;br /&gt;&lt;br /&gt;Older Super Smash Bros pieces:&lt;br /&gt;&lt;span class=&quot;shadow-holder&quot; data-embed-type=&quot;deviation&quot; data-embed-id=&quot;122465739&quot; data-embed-format=&quot;thumb&quot;&gt;&lt;span class=&quot;shadow mild&quot; &gt;&lt;a class=&quot;thumb&quot; href=&quot;https://www.deviantart.com/quirkilicious/art/Final-Destination-122465739&quot; title=&quot;Final Destination by Quirkilicious, May 14, 2009 in Fan Art &amp;gt; Digital Art &amp;gt; Painting &amp;amp; Airbrushing &amp;gt; Games&quot;data-super-img=&quot;https://images-wixmp-ed30a86b8c4ca887773594c2.wixmp.com/intermediary/f/1650f2fe-4b9c-4259-b00a-922e53cd6ea1/d20wv63-ed2d7777-b7ba-44ff-a698-c8c5b00b2379.jpg&quot; data-super-width=&quot;1000&quot; data-super-height=&quot;644&quot; data-super-transparent=&quot;false&quot; data-super-alt=&quot;Final Destination by Quirkilicious&quot; data-super-full-img=&quot;https://images-wixmp-ed30a86b8c4ca887773594c2.wixmp.com/intermediary/f/1650f2fe-4b9c-4259-b00a-922e53cd6ea1/d20wv63-ed2d7777-b7ba-44ff-a698-c8c5b00b2379.jpg&quot; data-super-full-width=&quot;1000&quot; data-super-full-height=&quot;644&quot;        data-sigil=&quot;thumb&quot;&gt;
        &lt;i&gt;&lt;/i&gt;&lt;img   width=&quot;150&quot; height=&quot;97&quot; alt=&quot;Final Destination by Quirkilicious&quot; src=&quot;https://images-wixmp-ed30a86b8c4ca887773594c2.wixmp.com/intermediary/f/1650f2fe-4b9c-4259-b00a-922e53cd6ea1/d20wv63-ed2d7777-b7ba-44ff-a698-c8c5b00b2379.jpg/v1/fit/w_150,h_150,q_70,strp/final_destination_by_quirkilicious_d20wv63-150.jpg&quot; data-src=&quot;https://images-wixmp-ed30a86b8c4ca887773594c2.wixmp.com/intermediary/f/1650f2fe-4b9c-4259-b00a-922e53cd6ea1/d20wv63-ed2d7777-b7ba-44ff-a698-c8c5b00b2379.jpg/v1/fit/w_150,h_150,q_70,strp/final_destination_by_quirkilicious_d20wv63-150.jpg&quot; srcset=&quot;https://images-wixmp-ed30a86b8c4ca887773594c2.wixmp.com/intermediary/f/1650f2fe-4b9c-4259-b00a-922e53cd6ea1/d20wv63-ed2d7777-b7ba-44ff-a698-c8c5b00b2379.jpg/v1/fit/w_150,h_150,q_70,strp/final_destination_by_quirkilicious_d20wv63-150.jpg 150w,https://images-wixmp-ed30a86b8c4ca887773594c2.wixmp.com/intermediary/f/1650f2fe-4b9c-4259-b00a-922e53cd6ea1/d20wv63-ed2d7777-b7ba-44ff-a698-c8c5b00b2379.jpg/v1/fill/w_388,h_250,q_70,strp/final_destination_by_quirkilicious_d20wv63-250t.jpg 388w,https://images-wixmp-ed30a86b8c4ca887773594c2.wixmp.com/intermediary/f/1650f2fe-4b9c-4259-b00a-922e53cd6ea1/d20wv63-ed2d7777-b7ba-44ff-a698-c8c5b00b2379.jpg/v1/fill/w_543,h_350,q_70,strp/final_destination_by_quirkilicious_d20wv63-350t.jpg 543w,https://images-wixmp-ed30a86b8c4ca887773594c2.wixmp.com/intermediary/f/1650f2fe-4b9c-4259-b00a-922e53cd6ea1/d20wv63-ed2d7777-b7ba-44ff-a698-c8c5b00b2379.jpg/v1/fill/w_621,h_400,q_70,strp/final_destination_by_quirkilicious_d20wv63-400t.jpg 621w,https://images-wixmp-ed30a86b8c4ca887773594c2.wixmp.com/intermediary/f/1650f2fe-4b9c-4259-b00a-922e53cd6ea1/d20wv63-ed2d7777-b7ba-44ff-a698-c8c5b00b2379.jpg 1000w&quot; sizes=&quot;150px&quot;&gt;&lt;/a&gt;&lt;/span&gt;&lt;!-- ^TTT --&gt;&lt;!-- TTT$ --&gt;&lt;/span&gt;&amp;nbsp;&lt;span class=&quot;shadow-holder&quot; data-embed-type=&quot;deviation&quot; data-embed-id=&quot;486398410&quot; data-embed-format=&quot;thumb&quot;&gt;&lt;span class=&quot;shadow mild&quot; &gt;&lt;a class=&quot;thumb&quot; href=&quot;https://www.deviantart.com/quirkilicious/art/Battlefield-486398410&quot; title=&quot;Battlefield by Quirkilicious, Oct 4, 2014 in Fan Art &amp;gt; Digital Art &amp;gt; Painting &amp;amp; Airbrushing &amp;gt; Games&quot;data-super-img=&quot;https://images-wixmp-ed30a86b8c4ca887773594c2.wixmp.com/intermediary/f/1650f2fe-4b9c-4259-b00a-922e53cd6ea1/d81l7ey-5f022c8b-c129-4204-b8e5-ddec60bcf3c8.jpg&quot; data-super-width=&quot;968&quot; data-super-height=&quot;650&quot; data-super-transparent=&quot;false&quot; data-super-alt=&quot;Battlefield by Quirkilicious&quot; data-super-full-img=&quot;https://images-wixmp-ed30a86b8c4ca887773594c2.wixmp.com/intermediary/f/1650f2fe-4b9c-4259-b00a-922e53cd6ea1/d81l7ey-5f022c8b-c129-4204-b8e5-ddec60bcf3c8.jpg&quot; data-super-full-width=&quot;968&quot; data-super-full-height=&quot;650&quot;        data-sigil=&quot;thumb&quot;&gt;
        &lt;i&gt;&lt;/i&gt;&lt;img   width=&quot;150&quot; height=&quot;101&quot; alt=&quot;Battlefield by Quirkilicious&quot; src=&quot;https://images-wixmp-ed30a86b8c4ca887773594c2.wixmp.com/intermediary/f/1650f2fe-4b9c-4259-b00a-922e53cd6ea1/d81l7ey-5f022c8b-c129-4204-b8e5-ddec60bcf3c8.jpg/v1/fit/w_150,h_150,q_70,strp/battlefield_by_quirkilicious_d81l7ey-150.jpg&quot; data-src=&quot;https://images-wixmp-ed30a86b8c4ca887773594c2.wixmp.com/intermediary/f/1650f2fe-4b9c-4259-b00a-922e53cd6ea1/d81l7ey-5f022c8b-c129-4204-b8e5-ddec60bcf3c8.jpg/v1/fit/w_150,h_150,q_70,strp/battlefield_by_quirkilicious_d81l7ey-150.jpg&quot; srcset=&quot;https://images-wixmp-ed30a86b8c4ca887773594c2.wixmp.com/intermediary/f/1650f2fe-4b9c-4259-b00a-922e53cd6ea1/d81l7ey-5f022c8b-c129-4204-b8e5-ddec60bcf3c8.jpg/v1/fit/w_150,h_150,q_70,strp/battlefield_by_quirkilicious_d81l7ey-150.jpg 150w,https://images-wixmp-ed30a86b8c4ca887773594c2.wixmp.com/intermediary/f/1650f2fe-4b9c-4259-b00a-922e53cd6ea1/d81l7ey-5f022c8b-c129-4204-b8e5-ddec60bcf3c8.jpg/v1/fill/w_372,h_250,q_70,strp/battlefield_by_quirkilicious_d81l7ey-250t.jpg 372w,https://images-wixmp-ed30a86b8c4ca887773594c2.wixmp.com/intermediary/f/1650f2fe-4b9c-4259-b00a-922e53cd6ea1/d81l7ey-5f022c8b-c129-4204-b8e5-ddec60bcf3c8.jpg/v1/fill/w_521,h_350,q_70,strp/battlefield_by_quirkilicious_d81l7ey-350t.jpg 521w,https://images-wixmp-ed30a86b8c4ca887773594c2.wixmp.com/intermediary/f/1650f2fe-4b9c-4259-b00a-922e53cd6ea1/d81l7ey-5f022c8b-c129-4204-b8e5-ddec60bcf3c8.jpg/v1/fill/w_596,h_400,q_70,strp/battlefield_by_quirkilicious_d81l7ey-400t.jpg 596w,https://images-wixmp-ed30a86b8c4ca887773594c2.wixmp.com/intermediary/f/1650f2fe-4b9c-4259-b00a-922e53cd6ea1/d81l7ey-5f022c8b-c129-4204-b8e5-ddec60bcf3c8.jpg 968w&quot; sizes=&quot;150px&quot;&gt;&lt;/a&gt;&lt;/span&gt;&lt;!-- ^TTT --&gt;&lt;!-- TTT$ --&gt;&lt;/span&gt;&amp;nbsp;&lt;span class=&quot;shadow-holder&quot; data-embed-type=&quot;deviation&quot; data-embed-id=&quot;557224206&quot; data-embed-format=&quot;thumb&quot;&gt;&lt;span class=&quot;shadow mild&quot; &gt;&lt;a class=&quot;thumb&quot; href=&quot;https://www.deviantart.com/quirkilicious/art/Final-Destination-v-2-557224206&quot; title=&quot;Final Destination v.2 by Quirkilicious, Aug 30, 2015 in Fan Art &amp;gt; Digital Art &amp;gt; Painting &amp;amp; Airbrushing &amp;gt; Games&quot;data-super-img=&quot;https://images-wixmp-ed30a86b8c4ca887773594c2.wixmp.com/intermediary/f/1650f2fe-4b9c-4259-b00a-922e53cd6ea1/d97r8y6-032c16b1-5a48-4fe8-a46e-6b9f70384305.jpg&quot; data-super-width=&quot;968&quot; data-super-height=&quot;650&quot; data-super-transparent=&quot;false&quot; data-super-alt=&quot;Final Destination v.2 by Quirkilicious&quot; data-super-full-img=&quot;https://images-wixmp-ed30a86b8c4ca887773594c2.wixmp.com/intermediary/f/1650f2fe-4b9c-4259-b00a-922e53cd6ea1/d97r8y6-032c16b1-5a48-4fe8-a46e-6b9f70384305.jpg&quot; data-super-full-width=&quot;968&quot; data-super-full-height=&quot;650&quot;        data-sigil=&quot;thumb&quot;&gt;
        &lt;i&gt;&lt;/i&gt;&lt;img   width=&quot;150&quot; height=&quot;101&quot; alt=&quot;Final Destination v.2 by Quirkilicious&quot; src=&quot;https://images-wixmp-ed30a86b8c4ca887773594c2.wixmp.com/intermediary/f/1650f2fe-4b9c-4259-b00a-922e53cd6ea1/d97r8y6-032c16b1-5a48-4fe8-a46e-6b9f70384305.jpg/v1/fit/w_150,h_150,q_70,strp/final_destination_v_2_by_quirkilicious_d97r8y6-150.jpg&quot; data-src=&quot;https://images-wixmp-ed30a86b8c4ca887773594c2.wixmp.com/intermediary/f/1650f2fe-4b9c-4259-b00a-922e53cd6ea1/d97r8y6-032c16b1-5a48-4fe8-a46e-6b9f70384305.jpg/v1/fit/w_150,h_150,q_70,strp/final_destination_v_2_by_quirkilicious_d97r8y6-150.jpg&quot; srcset=&quot;https://images-wixmp-ed30a86b8c4ca887773594c2.wixmp.com/intermediary/f/1650f2fe-4b9c-4259-b00a-922e53cd6ea1/d97r8y6-032c16b1-5a48-4fe8-a46e-6b9f70384305.jpg/v1/fit/w_150,h_150,q_70,strp/final_destination_v_2_by_quirkilicious_d97r8y6-150.jpg 150w,https://images-wixmp-ed30a86b8c4ca887773594c2.wixmp.com/intermediary/f/1650f2fe-4b9c-4259-b00a-922e53cd6ea1/d97r8y6-032c16b1-5a48-4fe8-a46e-6b9f70384305.jpg/v1/fill/w_372,h_250,q_70,strp/final_destination_v_2_by_quirkilicious_d97r8y6-250t.jpg 372w,https://images-wixmp-ed30a86b8c4ca887773594c2.wixmp.com/intermediary/f/1650f2fe-4b9c-4259-b00a-922e53cd6ea1/d97r8y6-032c16b1-5a48-4fe8-a46e-6b9f70384305.jpg/v1/fill/w_521,h_350,q_70,strp/final_destination_v_2_by_quirkilicious_d97r8y6-350t.jpg 521w,https://images-wixmp-ed30a86b8c4ca887773594c2.wixmp.com/intermediary/f/1650f2fe-4b9c-4259-b00a-922e53cd6ea1/d97r8y6-032c16b1-5a48-4fe8-a46e-6b9f70384305.jpg/v1/fill/w_596,h_400,q_70,strp/final_destination_v_2_by_quirkilicious_d97r8y6-400t.jpg 596w,https://images-wixmp-ed30a86b8c4ca887773594c2.wixmp.com/intermediary/f/1650f2fe-4b9c-4259-b00a-922e53cd6ea1/d97r8y6-032c16b1-5a48-4fe8-a46e-6b9f70384305.jpg 968w&quot; sizes=&quot;150px&quot;&gt;&lt;/a&gt;&lt;/span&gt;&lt;!-- ^TTT --&gt;&lt;!-- TTT$ --&gt;&lt;/span&gt;&lt;br /&gt;&lt;br /&gt;&lt;br /&gt;If you enjoy my fanart please give my original graphic novel&amp;nbsp;&lt;b&gt;&lt;a class=&quot;external&quot; href=&quot;https://www.deviantart.com/users/outgoing?http://tapastic.com/series/SIN&quot;&gt;SIN&lt;/a&gt;&lt;/b&gt;&amp;nbsp;a try!&lt;br /&gt;&lt;br /&gt;&lt;div align=&quot;-webkit-center&quot;&gt;&lt;b&gt;Follow my Artwork at:&lt;br /&gt;&lt;/b&gt;&lt;a class=&quot;external&quot; href=&quot;https://www.deviantart.com/users/outgoing?https://www.instagram.com/quirkiliciouz/&quot;&gt;INSTAGRAM&lt;/a&gt;&lt;br /&gt;&lt;div align=&quot;center&quot;&gt;&lt;a class=&quot;external&quot; href=&quot;https://www.deviantart.com/users/outgoing?http://quirkilicious.tumblr.com&quot;&gt;TUMBLR&lt;/a&gt;&lt;br /&gt;&lt;div align=&quot;center&quot;&gt;&lt;a class=&quot;external&quot; href=&quot;https://www.deviantart.com/users/outgoing?http://www.facebook.com/quirkart&quot;&gt;FACEBOOK&lt;/a&gt;&lt;div align=&quot;center&quot;&gt;&lt;a class=&quot;external&quot; href=&quot;https://www.deviantart.com/users/outgoing?https://www.twitch.tv/quirkiliciouslive&quot;&gt;TWITCH&lt;/a&gt;&lt;/div&gt;&lt;/div&gt;&lt;/div&gt;&lt;/div&gt;</media:description>            <media:thumbnail url="https://t00.deviantart.net/Q3DdHXN4gcaDQvFvYJ4wliKGs8E=/fit-in/150x150/filters:no_upscale():origin()/pre00/36cf/th/pre/f/2019/030/a/7/smash_by_quirkilicious-dcyfwve.jpg" height="150" width="101"/>            <media:thumbnail url="https://t00.deviantart.net/BG7rJsI3OGSSsyt-C-rYvg7r0J8=/fit-in/300x900/filters:no_upscale():origin()/pre00/36cf/th/pre/f/2019/030/a/7/smash_by_quirkilicious-dcyfwve.jpg" height="447" width="300"/>            <media:thumbnail url="https://t00.deviantart.net/Bfa0cnqvlhWuiDayFNqIVjo6-BM=/300x200/filters:fixed_height(100,100):origin()/pre00/36cf/th/pre/f/2019/030/a/7/smash_by_quirkilicious-dcyfwve.jpg" height="200" width="134"/>            <media:content url="https://pre00.deviantart.net/36cf/th/pre/f/2019/030/a/7/smash_by_quirkilicious-dcyfwve.jpg" height="1091" width="732" medium="image"/>            
            <description>I&#039;ve followed the Super Smash Bros games since it&#039;s N64 days, it&#039;s amazing to see a culimation of the franchise come together in the release of Ultimate!&lt;br /&gt;&lt;br /&gt;Having never done a painting that&#039;s taken me over 30 hours I wanted to tackle a large project for the first time. It was a really interesting experience to try a marathon rather than another sprint for this art piece, it ended up taking me roughly &lt;b&gt;200 hours!&lt;/b&gt;&lt;br /&gt;&lt;br /&gt;Yes, DLC characters will be added as they&#039;re announced!&lt;br /&gt;&lt;br /&gt;&lt;br /&gt;Older Super Smash Bros pieces:&lt;br /&gt;&lt;span class=&quot;shadow-holder&quot; data-embed-type=&quot;deviation&quot; data-embed-id=&quot;122465739&quot; data-embed-format=&quot;thumb&quot;&gt;&lt;span class=&quot;shadow mild&quot; &gt;&lt;a class=&quot;thumb&quot; href=&quot;https://www.deviantart.com/quirkilicious/art/Final-Destination-122465739&quot; title=&quot;Final Destination by Quirkilicious, May 14, 2009 in Fan Art &amp;gt; Digital Art &amp;gt; Painting &amp;amp; Airbrushing &amp;gt; Games&quot;data-super-img=&quot;https://images-wixmp-ed30a86b8c4ca887773594c2.wixmp.com/intermediary/f/1650f2fe-4b9c-4259-b00a-922e53cd6ea1/d20wv63-ed2d7777-b7ba-44ff-a698-c8c5b00b2379.jpg&quot; data-super-width=&quot;1000&quot; data-super-height=&quot;644&quot; data-super-transparent=&quot;false&quot; data-super-alt=&quot;Final Destination by Quirkilicious&quot; data-super-full-img=&quot;https://images-wixmp-ed30a86b8c4ca887773594c2.wixmp.com/intermediary/f/1650f2fe-4b9c-4259-b00a-922e53cd6ea1/d20wv63-ed2d7777-b7ba-44ff-a698-c8c5b00b2379.jpg&quot; data-super-full-width=&quot;1000&quot; data-super-full-height=&quot;644&quot;        data-sigil=&quot;thumb&quot;&gt;
        &lt;i&gt;&lt;/i&gt;&lt;img   width=&quot;150&quot; height=&quot;97&quot; alt=&quot;Final Destination by Quirkilicious&quot; src=&quot;https://images-wixmp-ed30a86b8c4ca887773594c2.wixmp.com/intermediary/f/1650f2fe-4b9c-4259-b00a-922e53cd6ea1/d20wv63-ed2d7777-b7ba-44ff-a698-c8c5b00b2379.jpg/v1/fit/w_150,h_150,q_70,strp/final_destination_by_quirkilicious_d20wv63-150.jpg&quot; data-src=&quot;https://images-wixmp-ed30a86b8c4ca887773594c2.wixmp.com/intermediary/f/1650f2fe-4b9c-4259-b00a-922e53cd6ea1/d20wv63-ed2d7777-b7ba-44ff-a698-c8c5b00b2379.jpg/v1/fit/w_150,h_150,q_70,strp/final_destination_by_quirkilicious_d20wv63-150.jpg&quot; srcset=&quot;https://images-wixmp-ed30a86b8c4ca887773594c2.wixmp.com/intermediary/f/1650f2fe-4b9c-4259-b00a-922e53cd6ea1/d20wv63-ed2d7777-b7ba-44ff-a698-c8c5b00b2379.jpg/v1/fit/w_150,h_150,q_70,strp/final_destination_by_quirkilicious_d20wv63-150.jpg 150w,https://images-wixmp-ed30a86b8c4ca887773594c2.wixmp.com/intermediary/f/1650f2fe-4b9c-4259-b00a-922e53cd6ea1/d20wv63-ed2d7777-b7ba-44ff-a698-c8c5b00b2379.jpg/v1/fill/w_388,h_250,q_70,strp/final_destination_by_quirkilicious_d20wv63-250t.jpg 388w,https://images-wixmp-ed30a86b8c4ca887773594c2.wixmp.com/intermediary/f/1650f2fe-4b9c-4259-b00a-922e53cd6ea1/d20wv63-ed2d7777-b7ba-44ff-a698-c8c5b00b2379.jpg/v1/fill/w_543,h_350,q_70,strp/final_destination_by_quirkilicious_d20wv63-350t.jpg 543w,https://images-wixmp-ed30a86b8c4ca887773594c2.wixmp.com/intermediary/f/1650f2fe-4b9c-4259-b00a-922e53cd6ea1/d20wv63-ed2d7777-b7ba-44ff-a698-c8c5b00b2379.jpg/v1/fill/w_621,h_400,q_70,strp/final_destination_by_quirkilicious_d20wv63-400t.jpg 621w,https://images-wixmp-ed30a86b8c4ca887773594c2.wixmp.com/intermediary/f/1650f2fe-4b9c-4259-b00a-922e53cd6ea1/d20wv63-ed2d7777-b7ba-44ff-a698-c8c5b00b2379.jpg 1000w&quot; sizes=&quot;150px&quot;&gt;&lt;/a&gt;&lt;/span&gt;&lt;!-- ^TTT --&gt;&lt;!-- TTT$ --&gt;&lt;/span&gt;&amp;nbsp;&lt;span class=&quot;shadow-holder&quot; data-embed-type=&quot;deviation&quot; data-embed-id=&quot;486398410&quot; data-embed-format=&quot;thumb&quot;&gt;&lt;span class=&quot;shadow mild&quot; &gt;&lt;a class=&quot;thumb&quot; href=&quot;https://www.deviantart.com/quirkilicious/art/Battlefield-486398410&quot; title=&quot;Battlefield by Quirkilicious, Oct 4, 2014 in Fan Art &amp;gt; Digital Art &amp;gt; Painting &amp;amp; Airbrushing &amp;gt; Games&quot;data-super-img=&quot;https://images-wixmp-ed30a86b8c4ca887773594c2.wixmp.com/intermediary/f/1650f2fe-4b9c-4259-b00a-922e53cd6ea1/d81l7ey-5f022c8b-c129-4204-b8e5-ddec60bcf3c8.jpg&quot; data-super-width=&quot;968&quot; data-super-height=&quot;650&quot; data-super-transparent=&quot;false&quot; data-super-alt=&quot;Battlefield by Quirkilicious&quot; data-super-full-img=&quot;https://images-wixmp-ed30a86b8c4ca887773594c2.wixmp.com/intermediary/f/1650f2fe-4b9c-4259-b00a-922e53cd6ea1/d81l7ey-5f022c8b-c129-4204-b8e5-ddec60bcf3c8.jpg&quot; data-super-full-width=&quot;968&quot; data-super-full-height=&quot;650&quot;        data-sigil=&quot;thumb&quot;&gt;
        &lt;i&gt;&lt;/i&gt;&lt;img   width=&quot;150&quot; height=&quot;101&quot; alt=&quot;Battlefield by Quirkilicious&quot; src=&quot;https://images-wixmp-ed30a86b8c4ca887773594c2.wixmp.com/intermediary/f/1650f2fe-4b9c-4259-b00a-922e53cd6ea1/d81l7ey-5f022c8b-c129-4204-b8e5-ddec60bcf3c8.jpg/v1/fit/w_150,h_150,q_70,strp/battlefield_by_quirkilicious_d81l7ey-150.jpg&quot; data-src=&quot;https://images-wixmp-ed30a86b8c4ca887773594c2.wixmp.com/intermediary/f/1650f2fe-4b9c-4259-b00a-922e53cd6ea1/d81l7ey-5f022c8b-c129-4204-b8e5-ddec60bcf3c8.jpg/v1/fit/w_150,h_150,q_70,strp/battlefield_by_quirkilicious_d81l7ey-150.jpg&quot; srcset=&quot;https://images-wixmp-ed30a86b8c4ca887773594c2.wixmp.com/intermediary/f/1650f2fe-4b9c-4259-b00a-922e53cd6ea1/d81l7ey-5f022c8b-c129-4204-b8e5-ddec60bcf3c8.jpg/v1/fit/w_150,h_150,q_70,strp/battlefield_by_quirkilicious_d81l7ey-150.jpg 150w,https://images-wixmp-ed30a86b8c4ca887773594c2.wixmp.com/intermediary/f/1650f2fe-4b9c-4259-b00a-922e53cd6ea1/d81l7ey-5f022c8b-c129-4204-b8e5-ddec60bcf3c8.jpg/v1/fill/w_372,h_250,q_70,strp/battlefield_by_quirkilicious_d81l7ey-250t.jpg 372w,https://images-wixmp-ed30a86b8c4ca887773594c2.wixmp.com/intermediary/f/1650f2fe-4b9c-4259-b00a-922e53cd6ea1/d81l7ey-5f022c8b-c129-4204-b8e5-ddec60bcf3c8.jpg/v1/fill/w_521,h_350,q_70,strp/battlefield_by_quirkilicious_d81l7ey-350t.jpg 521w,https://images-wixmp-ed30a86b8c4ca887773594c2.wixmp.com/intermediary/f/1650f2fe-4b9c-4259-b00a-922e53cd6ea1/d81l7ey-5f022c8b-c129-4204-b8e5-ddec60bcf3c8.jpg/v1/fill/w_596,h_400,q_70,strp/battlefield_by_quirkilicious_d81l7ey-400t.jpg 596w,https://images-wixmp-ed30a86b8c4ca887773594c2.wixmp.com/intermediary/f/1650f2fe-4b9c-4259-b00a-922e53cd6ea1/d81l7ey-5f022c8b-c129-4204-b8e5-ddec60bcf3c8.jpg 968w&quot; sizes=&quot;150px&quot;&gt;&lt;/a&gt;&lt;/span&gt;&lt;!-- ^TTT --&gt;&lt;!-- TTT$ --&gt;&lt;/span&gt;&amp;nbsp;&lt;span class=&quot;shadow-holder&quot; data-embed-type=&quot;deviation&quot; data-embed-id=&quot;557224206&quot; data-embed-format=&quot;thumb&quot;&gt;&lt;span class=&quot;shadow mild&quot; &gt;&lt;a class=&quot;thumb&quot; href=&quot;https://www.deviantart.com/quirkilicious/art/Final-Destination-v-2-557224206&quot; title=&quot;Final Destination v.2 by Quirkilicious, Aug 30, 2015 in Fan Art &amp;gt; Digital Art &amp;gt; Painting &amp;amp; Airbrushing &amp;gt; Games&quot;data-super-img=&quot;https://images-wixmp-ed30a86b8c4ca887773594c2.wixmp.com/intermediary/f/1650f2fe-4b9c-4259-b00a-922e53cd6ea1/d97r8y6-032c16b1-5a48-4fe8-a46e-6b9f70384305.jpg&quot; data-super-width=&quot;968&quot; data-super-height=&quot;650&quot; data-super-transparent=&quot;false&quot; data-super-alt=&quot;Final Destination v.2 by Quirkilicious&quot; data-super-full-img=&quot;https://images-wixmp-ed30a86b8c4ca887773594c2.wixmp.com/intermediary/f/1650f2fe-4b9c-4259-b00a-922e53cd6ea1/d97r8y6-032c16b1-5a48-4fe8-a46e-6b9f70384305.jpg&quot; data-super-full-width=&quot;968&quot; data-super-full-height=&quot;650&quot;        data-sigil=&quot;thumb&quot;&gt;
        &lt;i&gt;&lt;/i&gt;&lt;img   width=&quot;150&quot; height=&quot;101&quot; alt=&quot;Final Destination v.2 by Quirkilicious&quot; src=&quot;https://images-wixmp-ed30a86b8c4ca887773594c2.wixmp.com/intermediary/f/1650f2fe-4b9c-4259-b00a-922e53cd6ea1/d97r8y6-032c16b1-5a48-4fe8-a46e-6b9f70384305.jpg/v1/fit/w_150,h_150,q_70,strp/final_destination_v_2_by_quirkilicious_d97r8y6-150.jpg&quot; data-src=&quot;https://images-wixmp-ed30a86b8c4ca887773594c2.wixmp.com/intermediary/f/1650f2fe-4b9c-4259-b00a-922e53cd6ea1/d97r8y6-032c16b1-5a48-4fe8-a46e-6b9f70384305.jpg/v1/fit/w_150,h_150,q_70,strp/final_destination_v_2_by_quirkilicious_d97r8y6-150.jpg&quot; srcset=&quot;https://images-wixmp-ed30a86b8c4ca887773594c2.wixmp.com/intermediary/f/1650f2fe-4b9c-4259-b00a-922e53cd6ea1/d97r8y6-032c16b1-5a48-4fe8-a46e-6b9f70384305.jpg/v1/fit/w_150,h_150,q_70,strp/final_destination_v_2_by_quirkilicious_d97r8y6-150.jpg 150w,https://images-wixmp-ed30a86b8c4ca887773594c2.wixmp.com/intermediary/f/1650f2fe-4b9c-4259-b00a-922e53cd6ea1/d97r8y6-032c16b1-5a48-4fe8-a46e-6b9f70384305.jpg/v1/fill/w_372,h_250,q_70,strp/final_destination_v_2_by_quirkilicious_d97r8y6-250t.jpg 372w,https://images-wixmp-ed30a86b8c4ca887773594c2.wixmp.com/intermediary/f/1650f2fe-4b9c-4259-b00a-922e53cd6ea1/d97r8y6-032c16b1-5a48-4fe8-a46e-6b9f70384305.jpg/v1/fill/w_521,h_350,q_70,strp/final_destination_v_2_by_quirkilicious_d97r8y6-350t.jpg 521w,https://images-wixmp-ed30a86b8c4ca887773594c2.wixmp.com/intermediary/f/1650f2fe-4b9c-4259-b00a-922e53cd6ea1/d97r8y6-032c16b1-5a48-4fe8-a46e-6b9f70384305.jpg/v1/fill/w_596,h_400,q_70,strp/final_destination_v_2_by_quirkilicious_d97r8y6-400t.jpg 596w,https://images-wixmp-ed30a86b8c4ca887773594c2.wixmp.com/intermediary/f/1650f2fe-4b9c-4259-b00a-922e53cd6ea1/d97r8y6-032c16b1-5a48-4fe8-a46e-6b9f70384305.jpg 968w&quot; sizes=&quot;150px&quot;&gt;&lt;/a&gt;&lt;/span&gt;&lt;!-- ^TTT --&gt;&lt;!-- TTT$ --&gt;&lt;/span&gt;&lt;br /&gt;&lt;br /&gt;&lt;br /&gt;If you enjoy my fanart please give my original graphic novel&amp;nbsp;&lt;b&gt;&lt;a class=&quot;external&quot; href=&quot;https://www.deviantart.com/users/outgoing?http://tapastic.com/series/SIN&quot;&gt;SIN&lt;/a&gt;&lt;/b&gt;&amp;nbsp;a try!&lt;br /&gt;&lt;br /&gt;&lt;div align=&quot;-webkit-center&quot;&gt;&lt;b&gt;Follow my Artwork at:&lt;br /&gt;&lt;/b&gt;&lt;a class=&quot;external&quot; href=&quot;https://www.deviantart.com/users/outgoing?https://www.instagram.com/quirkiliciouz/&quot;&gt;INSTAGRAM&lt;/a&gt;&lt;br /&gt;&lt;div align=&quot;center&quot;&gt;&lt;a class=&quot;external&quot; href=&quot;https://www.deviantart.com/users/outgoing?http://quirkilicious.tumblr.com&quot;&gt;TUMBLR&lt;/a&gt;&lt;br /&gt;&lt;div align=&quot;center&quot;&gt;&lt;a class=&quot;external&quot; href=&quot;https://www.deviantart.com/users/outgoing?http://www.facebook.com/quirkart&quot;&gt;FACEBOOK&lt;/a&gt;&lt;div align=&quot;center&quot;&gt;&lt;a class=&quot;external&quot; href=&quot;https://www.deviantart.com/users/outgoing?https://www.twitch.tv/quirkiliciouslive&quot;&gt;TWITCH&lt;/a&gt;&lt;/div&gt;&lt;/div&gt;&lt;/div&gt;&lt;/div&gt;&lt;br /&gt;&lt;div&gt;&lt;img src=&quot;https://t00.deviantart.net/Bfa0cnqvlhWuiDayFNqIVjo6-BM=/300x200/filters:fixed_height(100,100):origin()/pre00/36cf/th/pre/f/2019/030/a/7/smash_by_quirkilicious-dcyfwve.jpg&quot; alt=&quot;thumbnail&quot; /&gt;&lt;/div&gt;</description>            </item>
                    <item>
                <title>Stray Dogs</title>
                <link>https://joeyjazz.deviantart.com/art/Stray-Dogs-783447628</link>
                <guid isPermaLink="true">https://joeyjazz.deviantart.com/art/Stray-Dogs-783447628</guid>
                <pubDate>Wed, 30 Jan 2019 11:19:19 PST</pubDate>
                        <media:title type="plain">Stray Dogs</media:title>
        <media:keywords></media:keywords>
                        <media:rating>nonadult</media:rating>
                <media:category label="HDTV &amp; Widescreen">customization/wallpaper/widescreen</media:category>
        <media:credit role="author" scheme="urn:ebu">JoeyJazz</media:credit>
        <media:credit role="author" scheme="urn:ebu">https://a.deviantart.net/avatars/j/o/joeyjazz.jpg?9</media:credit>
        <media:copyright url="https://joeyjazz.deviantart.com">Copyright 2019 JoeyJazz</media:copyright>            <media:description type="html">Day 30 - 90mins speedpaint&lt;br /&gt;&lt;br /&gt;&lt;br /&gt;Pack contains:&lt;br /&gt;Resolutions:&lt;br /&gt;Standard/MAC:&lt;br /&gt;2048x1536&lt;br /&gt;1920x1536&lt;br /&gt;Widescreen:&lt;br /&gt;2560x1440&lt;br /&gt;2560x1600&lt;br /&gt;&lt;br /&gt;If you have smaller resolution, just fit it into your screen.&lt;br /&gt;&lt;br /&gt;INSTAGRAM: &lt;a class=&quot;external&quot; href=&quot;https://www.deviantart.com/users/outgoing?https://www.instagram.com/joejazzcz/&quot;&gt;www.instagram.com/joejazzcz/&lt;/a&gt;&lt;br /&gt;ARTSTATION: &lt;a class=&quot;external&quot; href=&quot;https://www.deviantart.com/users/outgoing?https://www.artstation.com/joejazz&quot;&gt;www.artstation.com/joejazz&lt;/a&gt;&lt;br /&gt;&lt;br /&gt;For your personal desktop use ONLY!&lt;br /&gt;&lt;a target=&quot;_self&quot; href=&quot;https://www.deviantart.com/donotuseplz&quot; &gt;&lt;img class=&quot;avatar&quot; width=&quot;50&quot; height=&quot;50&quot; src=&quot;https://a.deviantart.net/avatars/d/o/donotuseplz.gif?2&quot; alt=&quot;:icondonotuseplz:&quot; title=&quot;DoNotUsePlz&quot; /&gt;&lt;/a&gt;&lt;a target=&quot;_self&quot; href=&quot;https://www.deviantart.com/myartplz&quot; &gt;&lt;img class=&quot;avatar&quot; width=&quot;50&quot; height=&quot;50&quot; src=&quot;https://a.deviantart.net/avatars/m/y/myartplz.gif?2&quot; alt=&quot;:iconmyartplz:&quot; title=&quot;MyArtPlz&quot; /&gt;&lt;/a&gt;</media:description>            <media:thumbnail url="https://t00.deviantart.net/vL3s5xWU5YjPDFCDXJsc_CRPHAM=/fit-in/150x150/filters:no_upscale():origin()/pre00/302c/th/pre/i/2019/030/5/8/stray_dogs_by_joeyjazz-dcyg024.jpg" height="84" width="150"/>            <media:thumbnail url="https://t00.deviantart.net/HUvwEvmpL_Pcggi7s4UnouOzOi0=/fit-in/300x900/filters:no_upscale():origin()/pre00/302c/th/pre/i/2019/030/5/8/stray_dogs_by_joeyjazz-dcyg024.jpg" height="169" width="300"/>            <media:thumbnail url="https://t00.deviantart.net/Hi5hSMZtE7BstjS7WZWyT3cyCjQ=/300x200/filters:fixed_height(100,100):origin()/pre00/302c/th/pre/i/2019/030/5/8/stray_dogs_by_joeyjazz-dcyg024.jpg" height="169" width="300"/>            <media:content url="https://img00.deviantart.net/0b02/i/2019/030/5/8/stray_dogs_by_joeyjazz-dcyg024.jpg" height="900" width="1600"/>            
            <description>Day 30 - 90mins speedpaint&lt;br /&gt;&lt;br /&gt;&lt;br /&gt;Pack contains:&lt;br /&gt;Resolutions:&lt;br /&gt;Standard/MAC:&lt;br /&gt;2048x1536&lt;br /&gt;1920x1536&lt;br /&gt;Widescreen:&lt;br /&gt;2560x1440&lt;br /&gt;2560x1600&lt;br /&gt;&lt;br /&gt;If you have smaller resolution, just fit it into your screen.&lt;br /&gt;&lt;br /&gt;INSTAGRAM: &lt;a class=&quot;external&quot; href=&quot;https://www.deviantart.com/users/outgoing?https://www.instagram.com/joejazzcz/&quot;&gt;www.instagram.com/joejazzcz/&lt;/a&gt;&lt;br /&gt;ARTSTATION: &lt;a class=&quot;external&quot; href=&quot;https://www.deviantart.com/users/outgoing?https://www.artstation.com/joejazz&quot;&gt;www.artstation.com/joejazz&lt;/a&gt;&lt;br /&gt;&lt;br /&gt;For your personal desktop use ONLY!&lt;br /&gt;&lt;a target=&quot;_self&quot; href=&quot;https://www.deviantart.com/donotuseplz&quot; &gt;&lt;img class=&quot;avatar&quot; width=&quot;50&quot; height=&quot;50&quot; src=&quot;https://a.deviantart.net/avatars/d/o/donotuseplz.gif?2&quot; alt=&quot;:icondonotuseplz:&quot; title=&quot;DoNotUsePlz&quot; /&gt;&lt;/a&gt;&lt;a target=&quot;_self&quot; href=&quot;https://www.deviantart.com/myartplz&quot; &gt;&lt;img class=&quot;avatar&quot; width=&quot;50&quot; height=&quot;50&quot; src=&quot;https://a.deviantart.net/avatars/m/y/myartplz.gif?2&quot; alt=&quot;:iconmyartplz:&quot; title=&quot;MyArtPlz&quot; /&gt;&lt;/a&gt;&lt;br /&gt;&lt;div&gt;&lt;img src=&quot;https://img00.deviantart.net/0b02/i/2019/030/5/8/stray_dogs_by_joeyjazz-dcyg024.jpg&quot; alt=&quot;thumbnail&quot; /&gt;&lt;/div&gt;</description>            </item>
                    <item>
                <title>Last Stop</title>
                <link>https://andreasrocha.deviantart.com/art/Last-Stop-783423256</link>
                <guid isPermaLink="true">https://andreasrocha.deviantart.com/art/Last-Stop-783423256</guid>
                <pubDate>Wed, 30 Jan 2019 07:54:48 PST</pubDate>
                        <media:title type="plain">Last Stop</media:title>
        <media:keywords></media:keywords>
                        <media:rating>nonadult</media:rating>
                <media:category label="Fantasy">digitalart/paintings/fantasy</media:category>
        <media:credit role="author" scheme="urn:ebu">andreasrocha</media:credit>
        <media:credit role="author" scheme="urn:ebu">https://a.deviantart.net/avatars/a/n/andreasrocha.jpg?3</media:credit>
        <media:copyright url="https://andreasrocha.deviantart.com">Copyright 2019 andreasrocha</media:copyright>            <media:description type="html">www.patreon.com/andreasrocha</media:description>            <media:thumbnail url="https://t00.deviantart.net/Yh8WZsZ6UTgTNifSKBAjeq32NnY=/fit-in/150x150/filters:no_upscale():origin()/pre00/7b45/th/pre/f/2019/030/3/0/last_stop_by_andreasrocha-dcyfh94.jpg" height="68" width="150"/>            <media:thumbnail url="https://t00.deviantart.net/cREFGztWksPcX8NTzGWTmGkeR5E=/fit-in/300x900/filters:no_upscale():origin()/pre00/7b45/th/pre/f/2019/030/3/0/last_stop_by_andreasrocha-dcyfh94.jpg" height="135" width="300"/>            <media:thumbnail url="https://t00.deviantart.net/CgkqEsw3ZQ4jvS-pqgljd6Gq23E=/300x200/filters:fixed_height(100,100):origin()/pre00/7b45/th/pre/f/2019/030/3/0/last_stop_by_andreasrocha-dcyfh94.jpg" height="135" width="300"/>            <media:content url="https://pre00.deviantart.net/7b45/th/pre/f/2019/030/3/0/last_stop_by_andreasrocha-dcyfh94.jpg" height="600" width="1331" medium="image"/>            
            <description>www.patreon.com/andreasrocha&lt;br /&gt;&lt;div&gt;&lt;img src=&quot;https://t00.deviantart.net/CgkqEsw3ZQ4jvS-pqgljd6Gq23E=/300x200/filters:fixed_height(100,100):origin()/pre00/7b45/th/pre/f/2019/030/3/0/last_stop_by_andreasrocha-dcyfh94.jpg&quot; alt=&quot;thumbnail&quot; /&gt;&lt;/div&gt;</description>            </item>
                    <item>
                <title>UWUUWUJWUWUWUWUWUU</title>
                <link>https://kittydogcrystal.deviantart.com/art/UWUUWUJWUWUWUWUWUU-783377895</link>
                <guid isPermaLink="true">https://kittydogcrystal.deviantart.com/art/UWUUWUJWUWUWUWUWUU-783377895</guid>
                <pubDate>Tue, 29 Jan 2019 21:26:08 PST</pubDate>
                        <media:title type="plain">UWUUWUJWUWUWUWUWUU</media:title>
        <media:keywords></media:keywords>
                        <media:rating>nonadult</media:rating>
                <media:category label="Animals">anthro/digital/drawings/animals</media:category>
        <media:credit role="author" scheme="urn:ebu">kittydogcrystal</media:credit>
        <media:credit role="author" scheme="urn:ebu">https://a.deviantart.net/avatars/k/i/kittydogcrystal.png?14</media:credit>
        <media:copyright url="https://kittydogcrystal.deviantart.com">Copyright 2019 kittydogcrystal</media:copyright>            <media:description type="html">i drew the&amp;nbsp; FREAKING daddy lovingt bunny&amp;nbsp; hjvfdjfoksp[SHPoshq gift art&amp;nbsp; for &lt;span class=&quot;username-with-symbol u&quot;&gt;&lt;a class=&quot;u premium username&quot; href=&quot;https://www.deviantart.com/candiewrapper&quot;&gt;candiewrapper&lt;/a&gt;&lt;span class=&quot;user-symbol premium&quot; data-quicktip-text=&quot;Core Member&quot; data-show-tooltip=&quot;1&quot; data-gruser-type=&quot;premium&quot;&gt;&lt;/span&gt;&lt;/span&gt; UWU&lt;br /&gt;&lt;br /&gt;PS I LOVE YOUR ANIMATIONS ME BIG FAN DFSHFDSFDSJGFDHFJHDSFDSGHFDSJFDGHKSFDSFHSHJFDHFDHSFDSDFHHDFSHJFD</media:description>            <media:thumbnail url="https://t00.deviantart.net/ou8ghatrC4_Tg4Az15KkpxAGAzI=/fit-in/150x150/filters:no_upscale():origin()/pre00/ce2f/th/pre/f/2019/029/a/d/screen_shot_2019_01_29_at_9_23_14_pm_by_kittydogcrystal-dcyei93.png" height="144" width="150"/>            <media:thumbnail url="https://t00.deviantart.net/8Ry__ffXaRgK28bv3rKOb0zZPz4=/fit-in/300x900/filters:no_upscale():origin()/pre00/ce2f/th/pre/f/2019/029/a/d/screen_shot_2019_01_29_at_9_23_14_pm_by_kittydogcrystal-dcyei93.png" height="287" width="300"/>            <media:thumbnail url="https://t00.deviantart.net/BBQWI2daokWZX5xS1t3LuVtlA2Q=/300x200/filters:fixed_height(100,100):origin()/pre00/ce2f/th/pre/f/2019/029/a/d/screen_shot_2019_01_29_at_9_23_14_pm_by_kittydogcrystal-dcyei93.png" height="200" width="209"/>            <media:content url="https://orig00.deviantart.net/84cd/f/2019/029/a/d/screen_shot_2019_01_29_at_9_23_14_pm_by_kittydogcrystal-dcyei93.png" height="639" width="667" medium="image"/>            
            <description>i drew the&amp;nbsp; FREAKING daddy lovingt bunny&amp;nbsp; hjvfdjfoksp[SHPoshq gift art&amp;nbsp; for &lt;span class=&quot;username-with-symbol u&quot;&gt;&lt;a class=&quot;u premium username&quot; href=&quot;https://www.deviantart.com/candiewrapper&quot;&gt;candiewrapper&lt;/a&gt;&lt;span class=&quot;user-symbol premium&quot; data-quicktip-text=&quot;Core Member&quot; data-show-tooltip=&quot;1&quot; data-gruser-type=&quot;premium&quot;&gt;&lt;/span&gt;&lt;/span&gt; UWU&lt;br /&gt;&lt;br /&gt;PS I LOVE YOUR ANIMATIONS ME BIG FAN DFSHFDSFDSJGFDHFJHDSFDSGHFDSJFDGHKSFDSFHSHJFDHFDHSFDSDFHHDFSHJFD&lt;br /&gt;&lt;div&gt;&lt;img src=&quot;https://t00.deviantart.net/BBQWI2daokWZX5xS1t3LuVtlA2Q=/300x200/filters:fixed_height(100,100):origin()/pre00/ce2f/th/pre/f/2019/029/a/d/screen_shot_2019_01_29_at_9_23_14_pm_by_kittydogcrystal-dcyei93.png&quot; alt=&quot;thumbnail&quot; /&gt;&lt;/div&gt;</description>            </item>
                    <item>
                <title>See you in space</title>
                <link>https://fdasuarez.deviantart.com/art/See-you-in-space-783420498</link>
                <guid isPermaLink="true">https://fdasuarez.deviantart.com/art/See-you-in-space-783420498</guid>
                <pubDate>Wed, 30 Jan 2019 07:46:11 PST</pubDate>
                        <media:title type="plain">See you in space</media:title>
        <media:keywords></media:keywords>
                        <media:rating>nonadult</media:rating>
                <media:category label="Portraits">digitalart/paintings/people/portraits</media:category>
        <media:credit role="author" scheme="urn:ebu">fdasuarez</media:credit>
        <media:credit role="author" scheme="urn:ebu">https://a.deviantart.net/avatars/f/d/fdasuarez.png?3</media:credit>
        <media:copyright url="https://fdasuarez.deviantart.com">Copyright 2019 fdasuarez</media:copyright>            <media:description type="html">&lt;b&gt;If you would like to support my work and learn through my process please consider cheking my&amp;nbsp;&lt;/b&gt;&lt;b&gt;&amp;nbsp;&lt;a class=&quot;external&quot; href=&quot;https://www.deviantart.com/users/outgoing?https://www.patreon.com/fdasuarez&quot;&gt;Patreon&amp;nbsp;&lt;/a&gt;&amp;nbsp;&amp;lt;3&amp;nbsp;&lt;br /&gt;&lt;/b&gt;&lt;br /&gt;Hey guys!,&amp;nbsp;Here is my new piece, totally feeling the purple vibes lol, I hope you like it!. T&lt;span&gt;&lt;span&gt;his is part of current&amp;nbsp;&lt;/span&gt;&lt;/span&gt;&lt;span&gt;&lt;span&gt;Term 19&amp;nbsp;&lt;/span&gt;&lt;/span&gt;&lt;span&gt;&lt;span&gt;of Janurary at my Patreon ,&lt;/span&gt;&lt;/span&gt;&lt;b&gt;Video Process, High Res file, PSD file, Color palette&lt;/b&gt;&amp;nbsp;of this piece &amp;amp; more this month as rewards at my&amp;nbsp;&lt;b&gt;&lt;a class=&quot;external&quot; href=&quot;https://www.deviantart.com/users/outgoing?https://www.patreon.com/fdasuarez&quot;&gt;Patreon&amp;nbsp;&lt;/a&gt;&amp;nbsp;&lt;/b&gt;. Cheers! &amp;lt;3&lt;br /&gt;&lt;br /&gt;&lt;br /&gt;&amp;#10084;&amp;nbsp;&lt;b&gt;Find me on:&amp;nbsp;&lt;/b&gt;&lt;b&gt;-&amp;nbsp;&amp;nbsp;&lt;/b&gt;&lt;b&gt;&lt;a class=&quot;external&quot; href=&quot;https://www.deviantart.com/users/outgoing?https://www.youtube.com/FernandaSuarez&quot;&gt;Youtube&lt;/a&gt;&amp;nbsp; -&amp;nbsp;&amp;nbsp;&lt;/b&gt;&lt;b&gt;&lt;a class=&quot;external&quot; href=&quot;https://www.deviantart.com/users/outgoing?https://gumroad.com/fdasuarez&quot;&gt;Gumroad&lt;/a&gt;&lt;/b&gt;&lt;b&gt;&amp;nbsp; -&amp;nbsp;&lt;/b&gt;&lt;b&gt;&amp;nbsp;&lt;/b&gt;&lt;b&gt;&lt;a class=&quot;external&quot; href=&quot;https://www.deviantart.com/users/outgoing?https://www.facebook.com/fdasuarezart&quot;&gt;Facebook&lt;/a&gt;&amp;nbsp;&amp;nbsp;- &amp;nbsp;&lt;a class=&quot;external&quot; href=&quot;https://www.deviantart.com/users/outgoing?http://fdasuarez.tumblr.com/&quot;&gt;Tumblr&lt;/a&gt;&amp;nbsp;&amp;nbsp; - &amp;nbsp;&lt;a class=&quot;external&quot; href=&quot;https://www.deviantart.com/users/outgoing?https://society6.com/fernandasuarez/prints&quot;&gt;Prints&amp;nbsp;&lt;/a&gt;&amp;nbsp; - &amp;nbsp;&lt;a class=&quot;external&quot; href=&quot;https://www.deviantart.com/users/outgoing?https://www.instagram.com/fdasuarez/&quot;&gt;Instagram&lt;/a&gt;&amp;nbsp; - &amp;nbsp;&lt;a class=&quot;external&quot; href=&quot;https://www.deviantart.com/users/outgoing?https://www.artstation.com/artist/FernandaSuarez&quot;&gt;Artstation&lt;/a&gt;&amp;nbsp; &amp;nbsp;&lt;/b&gt;&lt;b&gt;-&amp;nbsp;&amp;nbsp;&lt;a class=&quot;external&quot; href=&quot;https://www.deviantart.com/users/outgoing?https://twitter.com/fdasuarezart&quot;&gt;Twitter&lt;/a&gt;&amp;nbsp;&amp;nbsp;&lt;/b&gt;</media:description>            <media:thumbnail url="https://t00.deviantart.net/pcEPw6rhWnk-2-k_zLOHGad3vZg=/fit-in/150x150/filters:no_upscale():origin()/pre00/3668/th/pre/i/2019/030/2/e/see_you_in_space_by_fdasuarez-dcyff4i.jpg" height="150" width="113"/>            <media:thumbnail url="https://t00.deviantart.net/y_luApOd7gO7YFuj7WWlyAxylaI=/fit-in/300x900/filters:no_upscale():origin()/pre00/3668/th/pre/i/2019/030/2/e/see_you_in_space_by_fdasuarez-dcyff4i.jpg" height="400" width="300"/>            <media:thumbnail url="https://t00.deviantart.net/DOaUfgzX22bT65GD8DicUcF1_FI=/300x200/filters:fixed_height(100,100):origin()/pre00/3668/th/pre/i/2019/030/2/e/see_you_in_space_by_fdasuarez-dcyff4i.jpg" height="200" width="150"/>            <media:content url="https://pre00.deviantart.net/3668/th/pre/i/2019/030/2/e/see_you_in_space_by_fdasuarez-dcyff4i.jpg" height="1032" width="774" medium="image"/>            
            <description>&lt;b&gt;If you would like to support my work and learn through my process please consider cheking my&amp;nbsp;&lt;/b&gt;&lt;b&gt;&amp;nbsp;&lt;a class=&quot;external&quot; href=&quot;https://www.deviantart.com/users/outgoing?https://www.patreon.com/fdasuarez&quot;&gt;Patreon&amp;nbsp;&lt;/a&gt;&amp;nbsp;&amp;lt;3&amp;nbsp;&lt;br /&gt;&lt;/b&gt;&lt;br /&gt;Hey guys!,&amp;nbsp;Here is my new piece, totally feeling the purple vibes lol, I hope you like it!. T&lt;span&gt;&lt;span&gt;his is part of current&amp;nbsp;&lt;/span&gt;&lt;/span&gt;&lt;span&gt;&lt;span&gt;Term 19&amp;nbsp;&lt;/span&gt;&lt;/span&gt;&lt;span&gt;&lt;span&gt;of Janurary at my Patreon ,&lt;/span&gt;&lt;/span&gt;&lt;b&gt;Video Process, High Res file, PSD file, Color palette&lt;/b&gt;&amp;nbsp;of this piece &amp;amp; more this month as rewards at my&amp;nbsp;&lt;b&gt;&lt;a class=&quot;external&quot; href=&quot;https://www.deviantart.com/users/outgoing?https://www.patreon.com/fdasuarez&quot;&gt;Patreon&amp;nbsp;&lt;/a&gt;&amp;nbsp;&lt;/b&gt;. Cheers! &amp;lt;3&lt;br /&gt;&lt;br /&gt;&lt;br /&gt;&amp;#10084;&amp;nbsp;&lt;b&gt;Find me on:&amp;nbsp;&lt;/b&gt;&lt;b&gt;-&amp;nbsp;&amp;nbsp;&lt;/b&gt;&lt;b&gt;&lt;a class=&quot;external&quot; href=&quot;https://www.deviantart.com/users/outgoing?https://www.youtube.com/FernandaSuarez&quot;&gt;Youtube&lt;/a&gt;&amp;nbsp; -&amp;nbsp;&amp;nbsp;&lt;/b&gt;&lt;b&gt;&lt;a class=&quot;external&quot; href=&quot;https://www.deviantart.com/users/outgoing?https://gumroad.com/fdasuarez&quot;&gt;Gumroad&lt;/a&gt;&lt;/b&gt;&lt;b&gt;&amp;nbsp; -&amp;nbsp;&lt;/b&gt;&lt;b&gt;&amp;nbsp;&lt;/b&gt;&lt;b&gt;&lt;a class=&quot;external&quot; href=&quot;https://www.deviantart.com/users/outgoing?https://www.facebook.com/fdasuarezart&quot;&gt;Facebook&lt;/a&gt;&amp;nbsp;&amp;nbsp;- &amp;nbsp;&lt;a class=&quot;external&quot; href=&quot;https://www.deviantart.com/users/outgoing?http://fdasuarez.tumblr.com/&quot;&gt;Tumblr&lt;/a&gt;&amp;nbsp;&amp;nbsp; - &amp;nbsp;&lt;a class=&quot;external&quot; href=&quot;https://www.deviantart.com/users/outgoing?https://society6.com/fernandasuarez/prints&quot;&gt;Prints&amp;nbsp;&lt;/a&gt;&amp;nbsp; - &amp;nbsp;&lt;a class=&quot;external&quot; href=&quot;https://www.deviantart.com/users/outgoing?https://www.instagram.com/fdasuarez/&quot;&gt;Instagram&lt;/a&gt;&amp;nbsp; - &amp;nbsp;&lt;a class=&quot;external&quot; href=&quot;https://www.deviantart.com/users/outgoing?https://www.artstation.com/artist/FernandaSuarez&quot;&gt;Artstation&lt;/a&gt;&amp;nbsp; &amp;nbsp;&lt;/b&gt;&lt;b&gt;-&amp;nbsp;&amp;nbsp;&lt;a class=&quot;external&quot; href=&quot;https://www.deviantart.com/users/outgoing?https://twitter.com/fdasuarezart&quot;&gt;Twitter&lt;/a&gt;&amp;nbsp;&amp;nbsp;&lt;/b&gt;&lt;br /&gt;&lt;div&gt;&lt;img src=&quot;https://t00.deviantart.net/DOaUfgzX22bT65GD8DicUcF1_FI=/300x200/filters:fixed_height(100,100):origin()/pre00/3668/th/pre/i/2019/030/2/e/see_you_in_space_by_fdasuarez-dcyff4i.jpg&quot; alt=&quot;thumbnail&quot; /&gt;&lt;/div&gt;</description>            </item>
                    <item>
                <title>Spider-Gwen</title>
                <link>https://ruff-sketches.deviantart.com/art/Spider-Gwen-783367549</link>
                <guid isPermaLink="true">https://ruff-sketches.deviantart.com/art/Spider-Gwen-783367549</guid>
                <pubDate>Tue, 29 Jan 2019 19:50:26 PST</pubDate>
                        <media:title type="plain">Spider-Gwen</media:title>
        <media:keywords></media:keywords>
                        <media:rating>nonadult</media:rating>
                <media:category label="Movies &amp; TV">fanart/cartoons/digital/movies</media:category>
        <media:credit role="author" scheme="urn:ebu">Ruff-Sketches</media:credit>
        <media:credit role="author" scheme="urn:ebu">https://a.deviantart.net/avatars/r/u/ruff-sketches.jpg?5</media:credit>
        <media:copyright url="https://ruff-sketches.deviantart.com">Copyright 2019 Ruff-Sketches</media:copyright>            <media:description type="html">a patreon reward for the $30 tier!&lt;br /&gt;&lt;br /&gt;spider gwen from the hit movie spiderman the return of spidergwen&lt;br /&gt;&lt;br /&gt;become a patron for personal drawings and other bonuses every month!&amp;nbsp;&lt;a class=&quot;external&quot; href=&quot;https://www.deviantart.com/users/outgoing?https://www.patreon.com/Ruffntumble&quot;&gt;www.patreon.com/Ruffntumble&lt;/a&gt;&lt;br /&gt;&lt;br /&gt;&lt;a class=&quot;external&quot; href=&quot;https://www.deviantart.com/users/outgoing?https://www.patreon.com/Ruffntumble&quot;&gt;Patreon&lt;/a&gt; | &lt;a class=&quot;external&quot; href=&quot;https://www.deviantart.com/users/outgoing?https://ruffsketches.tumblr.com/&quot;&gt;Tumblr&lt;/a&gt; | &lt;a class=&quot;external&quot; href=&quot;https://www.deviantart.com/users/outgoing?https://www.instagram.com/ruff.sketches/&quot;&gt;Instagram&lt;/a&gt; | &lt;a class=&quot;external&quot; href=&quot;https://www.deviantart.com/users/outgoing?https://twitter.com/Ruff_sketches&quot;&gt;Twitter&lt;/a&gt; | &lt;a class=&quot;external&quot; href=&quot;https://www.deviantart.com/users/outgoing?https://ruff-sketches.newgrounds.com/&quot;&gt;Newgrounds&lt;/a&gt; | &lt;a class=&quot;external&quot; href=&quot;https://www.deviantart.com/users/outgoing?https://www.twitch.tv/ruff_sketches&quot;&gt;Twitch&lt;/a&gt;</media:description>            <media:thumbnail url="https://t00.deviantart.net/27yWCq_pP6dTuHH1z5CKTB6K2mo=/fit-in/150x150/filters:no_upscale():origin()/pre00/dba8/th/pre/i/2019/029/f/f/spider_gwen_by_ruff_sketches-dcyea9p.jpg" height="150" width="113"/>            <media:thumbnail url="https://t00.deviantart.net/oSlEP-LFlD1kqGc5gyJOVPzdkDE=/fit-in/300x900/filters:no_upscale():origin()/pre00/dba8/th/pre/i/2019/029/f/f/spider_gwen_by_ruff_sketches-dcyea9p.jpg" height="400" width="300"/>            <media:thumbnail url="https://t00.deviantart.net/9gjG2nA0FyKFqsvINdws0qeXRNY=/300x200/filters:fixed_height(100,100):origin()/pre00/dba8/th/pre/i/2019/029/f/f/spider_gwen_by_ruff_sketches-dcyea9p.jpg" height="200" width="150"/>            <media:content url="https://pre00.deviantart.net/dba8/th/pre/i/2019/029/f/f/spider_gwen_by_ruff_sketches-dcyea9p.jpg" height="1032" width="774" medium="image"/>            
            <description>a patreon reward for the $30 tier!&lt;br /&gt;&lt;br /&gt;spider gwen from the hit movie spiderman the return of spidergwen&lt;br /&gt;&lt;br /&gt;become a patron for personal drawings and other bonuses every month!&amp;nbsp;&lt;a class=&quot;external&quot; href=&quot;https://www.deviantart.com/users/outgoing?https://www.patreon.com/Ruffntumble&quot;&gt;www.patreon.com/Ruffntumble&lt;/a&gt;&lt;br /&gt;&lt;br /&gt;&lt;a class=&quot;external&quot; href=&quot;https://www.deviantart.com/users/outgoing?https://www.patreon.com/Ruffntumble&quot;&gt;Patreon&lt;/a&gt; | &lt;a class=&quot;external&quot; href=&quot;https://www.deviantart.com/users/outgoing?https://ruffsketches.tumblr.com/&quot;&gt;Tumblr&lt;/a&gt; | &lt;a class=&quot;external&quot; href=&quot;https://www.deviantart.com/users/outgoing?https://www.instagram.com/ruff.sketches/&quot;&gt;Instagram&lt;/a&gt; | &lt;a class=&quot;external&quot; href=&quot;https://www.deviantart.com/users/outgoing?https://twitter.com/Ruff_sketches&quot;&gt;Twitter&lt;/a&gt; | &lt;a class=&quot;external&quot; href=&quot;https://www.deviantart.com/users/outgoing?https://ruff-sketches.newgrounds.com/&quot;&gt;Newgrounds&lt;/a&gt; | &lt;a class=&quot;external&quot; href=&quot;https://www.deviantart.com/users/outgoing?https://www.twitch.tv/ruff_sketches&quot;&gt;Twitch&lt;/a&gt;&lt;br /&gt;&lt;div&gt;&lt;img src=&quot;https://t00.deviantart.net/9gjG2nA0FyKFqsvINdws0qeXRNY=/300x200/filters:fixed_height(100,100):origin()/pre00/dba8/th/pre/i/2019/029/f/f/spider_gwen_by_ruff_sketches-dcyea9p.jpg&quot; alt=&quot;thumbnail&quot; /&gt;&lt;/div&gt;</description>            </item>
                    <item>
                <title>How to draw SPACE tutorial for #LEARNUARY!</title>
                <link>https://studioblinktwice.deviantart.com/art/How-to-draw-SPACE-tutorial-for-LEARNUARY-783414256</link>
                <guid isPermaLink="true">https://studioblinktwice.deviantart.com/art/How-to-draw-SPACE-tutorial-for-LEARNUARY-783414256</guid>
                <pubDate>Wed, 30 Jan 2019 06:21:17 PST</pubDate>
                        <media:title type="plain">How to draw SPACE tutorial for #LEARNUARY!</media:title>
        <media:keywords></media:keywords>
                        <media:rating>nonadult</media:rating>
                <media:category label="Other">resources/tutorials/tradart/drawing/other</media:category>
        <media:credit role="author" scheme="urn:ebu">STUDIOBLINKTWICE</media:credit>
        <media:credit role="author" scheme="urn:ebu">https://a.deviantart.net/avatars/s/t/studioblinktwice.jpg?1</media:credit>
        <media:copyright url="https://studioblinktwice.deviantart.com">Copyright 2019 STUDIOBLINKTWICE</media:copyright>            <media:description type="html">&lt;div&gt; &lt;div&gt; &lt;div&gt; &lt;div&gt; &lt;span&gt;For&amp;nbsp;&lt;/span&gt;&lt;a href=&quot;https://www.deviantart.com/tag/learnuary&quot;&gt;&lt;a class=&quot;discoverytag&quot; href=&quot;https://www.deviantart.com/tag/learnuary&quot; data-canonical-tag=&quot;learnuary&quot;&gt;#LEARNUARY&lt;/a&gt;&lt;/a&gt;&lt;span&gt;&amp;nbsp;today, here&amp;#8217;s how to THINK when you draw &lt;/span&gt;&lt;b&gt;SPACE!&lt;/b&gt;&lt;b&gt;&lt;br /&gt;&lt;/b&gt;&lt;span&gt;&lt;br /&gt;Tutorials&amp;nbsp;&lt;/span&gt;&lt;b&gt;BOOKS 1 and 2&lt;/b&gt;&lt;span&gt;&amp;nbsp;coming EXCLUSIVELY to KICKSTARTER in&amp;nbsp;&lt;/span&gt;&lt;b&gt;MARCH,&amp;nbsp;&lt;/b&gt;&lt;span&gt;just mail&amp;nbsp;&lt;/span&gt;&lt;i&gt;&lt;b&gt;&amp;#8220;Add me, Lorenzo!&amp;#8221;&lt;/b&gt;&lt;/i&gt;&lt;span&gt;&amp;nbsp;to&amp;nbsp;&lt;/span&gt;&lt;b&gt;misterlorenzoboy@yahoo.co.uk&lt;/b&gt;&lt;span&gt;&amp;nbsp;to be on the SECRET LAUNCH WEEK MAILING LIST - the only way to guarantee you don&amp;#8217;t miss them, since the books will&amp;nbsp;&lt;/span&gt;&lt;b&gt;&lt;i&gt;NOT&lt;/i&gt;&lt;/b&gt;&lt;span&gt;&amp;nbsp;be made available&amp;nbsp;&lt;/span&gt;&lt;b&gt;&lt;i&gt;anywhere else&lt;/i&gt;&lt;/b&gt;&lt;span&gt;&amp;nbsp;this year (online, Amazon, bookshops etc)!&lt;br /&gt;&lt;br /&gt;&lt;/span&gt;&lt;b&gt;LEARNUARY&lt;/b&gt;&amp;nbsp;is in full swing over on our&amp;nbsp;&lt;b&gt;&lt;a class=&quot;external&quot; href=&quot;https://www.deviantart.com/users/outgoing?https://t.umblr.com/redirect?z=https%3A%2F%2Ftwitter.com%2FEtheringtonBros&amp;amp;t=MTRiZGFhYTIwZmE0YjMzNGNlYjZjNTkyOGIzMThlMjAwYTMzN2IxYixIODNrd0xySQ%3D%3D&amp;amp;b=t%3AhxNfZYX0G4OvtyZo0BJFVA&amp;amp;p=http%3A%2F%2Fetheringtonbrothers.tumblr.com%2Fpost%2F181837596787%2Ffor-learnuary-today-heres-how-to-think-when-you&amp;amp;m=1&quot;&gt;TWITTER HERE,&lt;/a&gt;&lt;/b&gt;&amp;nbsp;and there&amp;#8217;s SO MUCH for you to check out, loads of tutorials, reference sets and drawing tips going up over there EVERY DAY this month, just&amp;nbsp;&lt;b&gt;&lt;a class=&quot;external&quot; href=&quot;https://www.deviantart.com/users/outgoing?https://t.umblr.com/redirect?z=https%3A%2F%2Ftwitter.com%2FEtheringtonBros&amp;amp;t=MTRiZGFhYTIwZmE0YjMzNGNlYjZjNTkyOGIzMThlMjAwYTMzN2IxYixIODNrd0xySQ%3D%3D&amp;amp;b=t%3AhxNfZYX0G4OvtyZo0BJFVA&amp;amp;p=http%3A%2F%2Fetheringtonbrothers.tumblr.com%2Fpost%2F181837596787%2Ffor-learnuary-today-heres-how-to-think-when-you&amp;amp;m=1&quot;&gt;GO HERE&lt;/a&gt;&amp;nbsp;&lt;/b&gt;and start scrolling to see it all!&lt;br /&gt;&lt;br /&gt;&lt;span&gt;Lorenzo!&lt;/span&gt; &lt;/div&gt; &lt;/div&gt; &lt;/div&gt; &lt;/div&gt;</media:description>            <media:thumbnail url="https://t00.deviantart.net/83-_HpFsKN6kaE-V1RffwcCJzSY=/fit-in/150x150/filters:no_upscale():origin()/pre00/71f5/th/pre/f/2019/030/9/8/how_to_draw_space_tutorial_for__learnuary__by_studioblinktwice-dcyfab4.jpg" height="150" width="71"/>            <media:thumbnail url="https://t00.deviantart.net/Ty6QIOCWuKOoqLBAPGfn75K4r4U=/fit-in/300x900/filters:no_upscale():origin()/pre00/71f5/th/pre/f/2019/030/9/8/how_to_draw_space_tutorial_for__learnuary__by_studioblinktwice-dcyfab4.jpg" height="630" width="300"/>            <media:thumbnail url="https://t00.deviantart.net/6IFPOAB0fbeeG5EsFeXTfbVW4No=/300x200/filters:fixed_height(100,100):origin()/pre00/71f5/th/pre/f/2019/030/9/8/how_to_draw_space_tutorial_for__learnuary__by_studioblinktwice-dcyfab4.jpg" height="201" width="100"/>            <media:content url="https://pre00.deviantart.net/71f5/th/pre/f/2019/030/9/8/how_to_draw_space_tutorial_for__learnuary__by_studioblinktwice-dcyfab4.jpg" height="1295" width="617" medium="image"/>            
            <description>&lt;div&gt; &lt;div&gt; &lt;div&gt; &lt;div&gt; &lt;span&gt;For&amp;nbsp;&lt;/span&gt;&lt;a href=&quot;https://www.deviantart.com/tag/learnuary&quot;&gt;&lt;a class=&quot;discoverytag&quot; href=&quot;https://www.deviantart.com/tag/learnuary&quot; data-canonical-tag=&quot;learnuary&quot;&gt;#LEARNUARY&lt;/a&gt;&lt;/a&gt;&lt;span&gt;&amp;nbsp;today, here&amp;#8217;s how to THINK when you draw &lt;/span&gt;&lt;b&gt;SPACE!&lt;/b&gt;&lt;b&gt;&lt;br /&gt;&lt;/b&gt;&lt;span&gt;&lt;br /&gt;Tutorials&amp;nbsp;&lt;/span&gt;&lt;b&gt;BOOKS 1 and 2&lt;/b&gt;&lt;span&gt;&amp;nbsp;coming EXCLUSIVELY to KICKSTARTER in&amp;nbsp;&lt;/span&gt;&lt;b&gt;MARCH,&amp;nbsp;&lt;/b&gt;&lt;span&gt;just mail&amp;nbsp;&lt;/span&gt;&lt;i&gt;&lt;b&gt;&amp;#8220;Add me, Lorenzo!&amp;#8221;&lt;/b&gt;&lt;/i&gt;&lt;span&gt;&amp;nbsp;to&amp;nbsp;&lt;/span&gt;&lt;b&gt;misterlorenzoboy@yahoo.co.uk&lt;/b&gt;&lt;span&gt;&amp;nbsp;to be on the SECRET LAUNCH WEEK MAILING LIST - the only way to guarantee you don&amp;#8217;t miss them, since the books will&amp;nbsp;&lt;/span&gt;&lt;b&gt;&lt;i&gt;NOT&lt;/i&gt;&lt;/b&gt;&lt;span&gt;&amp;nbsp;be made available&amp;nbsp;&lt;/span&gt;&lt;b&gt;&lt;i&gt;anywhere else&lt;/i&gt;&lt;/b&gt;&lt;span&gt;&amp;nbsp;this year (online, Amazon, bookshops etc)!&lt;br /&gt;&lt;br /&gt;&lt;/span&gt;&lt;b&gt;LEARNUARY&lt;/b&gt;&amp;nbsp;is in full swing over on our&amp;nbsp;&lt;b&gt;&lt;a class=&quot;external&quot; href=&quot;https://www.deviantart.com/users/outgoing?https://t.umblr.com/redirect?z=https%3A%2F%2Ftwitter.com%2FEtheringtonBros&amp;amp;t=MTRiZGFhYTIwZmE0YjMzNGNlYjZjNTkyOGIzMThlMjAwYTMzN2IxYixIODNrd0xySQ%3D%3D&amp;amp;b=t%3AhxNfZYX0G4OvtyZo0BJFVA&amp;amp;p=http%3A%2F%2Fetheringtonbrothers.tumblr.com%2Fpost%2F181837596787%2Ffor-learnuary-today-heres-how-to-think-when-you&amp;amp;m=1&quot;&gt;TWITTER HERE,&lt;/a&gt;&lt;/b&gt;&amp;nbsp;and there&amp;#8217;s SO MUCH for you to check out, loads of tutorials, reference sets and drawing tips going up over there EVERY DAY this month, just&amp;nbsp;&lt;b&gt;&lt;a class=&quot;external&quot; href=&quot;https://www.deviantart.com/users/outgoing?https://t.umblr.com/redirect?z=https%3A%2F%2Ftwitter.com%2FEtheringtonBros&amp;amp;t=MTRiZGFhYTIwZmE0YjMzNGNlYjZjNTkyOGIzMThlMjAwYTMzN2IxYixIODNrd0xySQ%3D%3D&amp;amp;b=t%3AhxNfZYX0G4OvtyZo0BJFVA&amp;amp;p=http%3A%2F%2Fetheringtonbrothers.tumblr.com%2Fpost%2F181837596787%2Ffor-learnuary-today-heres-how-to-think-when-you&amp;amp;m=1&quot;&gt;GO HERE&lt;/a&gt;&amp;nbsp;&lt;/b&gt;and start scrolling to see it all!&lt;br /&gt;&lt;br /&gt;&lt;span&gt;Lorenzo!&lt;/span&gt; &lt;/div&gt; &lt;/div&gt; &lt;/div&gt; &lt;/div&gt;&lt;br /&gt;&lt;div&gt;&lt;img src=&quot;https://t00.deviantart.net/6IFPOAB0fbeeG5EsFeXTfbVW4No=/300x200/filters:fixed_height(100,100):origin()/pre00/71f5/th/pre/f/2019/030/9/8/how_to_draw_space_tutorial_for__learnuary__by_studioblinktwice-dcyfab4.jpg&quot; alt=&quot;thumbnail&quot; /&gt;&lt;/div&gt;</description>            </item>
                    <item>
                <title>Spider Gwen</title>
                <link>https://umigraphics.deviantart.com/art/Spider-Gwen-783409084</link>
                <guid isPermaLink="true">https://umigraphics.deviantart.com/art/Spider-Gwen-783409084</guid>
                <pubDate>Wed, 30 Jan 2019 05:15:26 PST</pubDate>
                        <media:title type="plain">Spider Gwen</media:title>
        <media:keywords></media:keywords>
                        <media:rating>nonadult</media:rating>
                <media:category label="Movies &amp; TV">fanart/digital/drawings/movies</media:category>
        <media:credit role="author" scheme="urn:ebu">umigraphics</media:credit>
        <media:credit role="author" scheme="urn:ebu">https://a.deviantart.net/avatars/u/m/umigraphics.jpg?5</media:credit>
        <media:copyright url="https://umigraphics.deviantart.com">Copyright 2019 umigraphics</media:copyright>
            <media:community>
                <media:tags>@umigraphics</media:tags>
            </media:community>            <media:description type="html">&lt;span&gt;&lt;/span&gt;&lt;h4&gt;&lt;a class=&quot;external&quot; href=&quot;https://www.deviantart.com/users/outgoing?https://www.patreon.com/umigraphics&quot;&gt;Patreon.com/umigraphics&amp;nbsp;&lt;/a&gt;&lt;/h4&gt;&lt;br /&gt;My Patreons will get:&lt;br /&gt;*High Res Images&lt;br /&gt; *Process Images&lt;br /&gt; *Layered PSDs&lt;br /&gt; *Process Videos&lt;br /&gt;&lt;br /&gt;&lt;a class=&quot;external&quot; href=&quot;https://www.deviantart.com/users/outgoing?https://gumroad.com/umigraphics&quot;&gt;Past rewards archive&lt;/a&gt;&amp;nbsp;&amp;nbsp;&amp;nbsp;&amp;nbsp;&lt;br /&gt;&lt;br /&gt;&lt;span&gt;&lt;br /&gt;PRINT SHOP:&amp;nbsp;&lt;/span&gt;&lt;a class=&quot;external&quot; href=&quot;https://www.deviantart.com/users/outgoing?https://www.inprnt.com/gallery/umitaro/&quot;&gt;INPRNT&lt;/a&gt;&lt;span&gt;&amp;nbsp; &lt;br /&gt;&lt;/span&gt;&lt;a class=&quot;external&quot; href=&quot;https://www.deviantart.com/users/outgoing?https://twitter.com/umigraphics&quot;&gt;Twitter&lt;/a&gt;&amp;nbsp;&amp;nbsp;&lt;a class=&quot;external&quot; href=&quot;https://www.deviantart.com/users/outgoing?https://www.instagram.com/umigraphics/&quot;&gt;Instagram&lt;/a&gt;&amp;nbsp;&amp;nbsp;&lt;a class=&quot;external&quot; href=&quot;https://www.deviantart.com/users/outgoing?https://www.facebook.com/umigraphics/&quot;&gt;Facebook&lt;/a&gt;&amp;nbsp;&amp;nbsp;&lt;a class=&quot;external&quot; href=&quot;https://www.deviantart.com/users/outgoing?https://umigraphics.tumblr.com/&quot;&gt;Tumblr&lt;/a&gt;&amp;nbsp;&amp;nbsp;&lt;a class=&quot;external&quot; href=&quot;https://www.deviantart.com/users/outgoing?http://umigraphics.com/&quot;&gt;umigraphics.com&lt;/a&gt;&amp;nbsp;</media:description>            <media:thumbnail url="https://t00.deviantart.net/Woeeo6NjM7bpKH-ZNz5Lk6FuKmU=/fit-in/150x150/filters:no_upscale():origin()/pre00/92e7/th/pre/f/2019/030/9/9/190114_spidergwen_by_umigraphics-dcyf6bg.jpg" height="150" width="150"/>            <media:thumbnail url="https://t00.deviantart.net/g9movSLeEObBIl9Trmi3Y90mjK4=/fit-in/300x900/filters:no_upscale():origin()/pre00/92e7/th/pre/f/2019/030/9/9/190114_spidergwen_by_umigraphics-dcyf6bg.jpg" height="300" width="300"/>            <media:thumbnail url="https://t00.deviantart.net/y_m12LG2a0dFm3r03i1R5k2t1sk=/300x200/filters:fixed_height(100,100):origin()/pre00/92e7/th/pre/f/2019/030/9/9/190114_spidergwen_by_umigraphics-dcyf6bg.jpg" height="200" width="200"/>            <media:content url="https://orig00.deviantart.net/dc30/f/2019/030/9/9/190114_spidergwen_by_umigraphics-dcyf6bg.jpg" height="750" width="750" medium="image"/>            
            <description>&lt;span&gt;&lt;/span&gt;&lt;h4&gt;&lt;a class=&quot;external&quot; href=&quot;https://www.deviantart.com/users/outgoing?https://www.patreon.com/umigraphics&quot;&gt;Patreon.com/umigraphics&amp;nbsp;&lt;/a&gt;&lt;/h4&gt;&lt;br /&gt;My Patreons will get:&lt;br /&gt;*High Res Images&lt;br /&gt; *Process Images&lt;br /&gt; *Layered PSDs&lt;br /&gt; *Process Videos&lt;br /&gt;&lt;br /&gt;&lt;a class=&quot;external&quot; href=&quot;https://www.deviantart.com/users/outgoing?https://gumroad.com/umigraphics&quot;&gt;Past rewards archive&lt;/a&gt;&amp;nbsp;&amp;nbsp;&amp;nbsp;&amp;nbsp;&lt;br /&gt;&lt;br /&gt;&lt;span&gt;&lt;br /&gt;PRINT SHOP:&amp;nbsp;&lt;/span&gt;&lt;a class=&quot;external&quot; href=&quot;https://www.deviantart.com/users/outgoing?https://www.inprnt.com/gallery/umitaro/&quot;&gt;INPRNT&lt;/a&gt;&lt;span&gt;&amp;nbsp; &lt;br /&gt;&lt;/span&gt;&lt;a class=&quot;external&quot; href=&quot;https://www.deviantart.com/users/outgoing?https://twitter.com/umigraphics&quot;&gt;Twitter&lt;/a&gt;&amp;nbsp;&amp;nbsp;&lt;a class=&quot;external&quot; href=&quot;https://www.deviantart.com/users/outgoing?https://www.instagram.com/umigraphics/&quot;&gt;Instagram&lt;/a&gt;&amp;nbsp;&amp;nbsp;&lt;a class=&quot;external&quot; href=&quot;https://www.deviantart.com/users/outgoing?https://www.facebook.com/umigraphics/&quot;&gt;Facebook&lt;/a&gt;&amp;nbsp;&amp;nbsp;&lt;a class=&quot;external&quot; href=&quot;https://www.deviantart.com/users/outgoing?https://umigraphics.tumblr.com/&quot;&gt;Tumblr&lt;/a&gt;&amp;nbsp;&amp;nbsp;&lt;a class=&quot;external&quot; href=&quot;https://www.deviantart.com/users/outgoing?http://umigraphics.com/&quot;&gt;umigraphics.com&lt;/a&gt;&amp;nbsp;&lt;br /&gt;&lt;div&gt;&lt;img src=&quot;https://t00.deviantart.net/y_m12LG2a0dFm3r03i1R5k2t1sk=/300x200/filters:fixed_height(100,100):origin()/pre00/92e7/th/pre/f/2019/030/9/9/190114_spidergwen_by_umigraphics-dcyf6bg.jpg&quot; alt=&quot;thumbnail&quot; /&gt;&lt;/div&gt;</description>            </item>
                    <item>
                <title>X-23 Laura Kinney</title>
                <link>https://ayyasap.deviantart.com/art/X-23-Laura-Kinney-783357025</link>
                <guid isPermaLink="true">https://ayyasap.deviantart.com/art/X-23-Laura-Kinney-783357025</guid>
                <pubDate>Tue, 29 Jan 2019 18:34:24 PST</pubDate>
                        <media:title type="plain">X-23 Laura Kinney</media:title>
        <media:keywords></media:keywords>
                        <media:rating>nonadult</media:rating>
                <media:category label="Books &amp; Novels">fanart/cartoons/digital/books</media:category>
        <media:credit role="author" scheme="urn:ebu">AyyaSAP</media:credit>
        <media:credit role="author" scheme="urn:ebu">https://a.deviantart.net/avatars/a/y/ayyasap.jpg</media:credit>
        <media:copyright url="https://ayyasap.deviantart.com">Copyright 2019 AyyaSAP</media:copyright>             <creativeCommons:license>http://creativecommons.org/licenses/by-nc-nd/3.0/</creativeCommons:license>
                <media:description type="html">&lt;span&gt; &lt;/span&gt;&lt;a href=&quot;https://www.deviantart.com/linux-rules/art/Patreon-2017-iOS-Icon-ultramini-687003319&quot; class=&quot;emoticon&quot; data-embed-type=&quot;emoticon&quot; data-embed-id=&quot;687003319&quot; data-embed-profile=&quot;deviation&quot;&gt;&lt;img src=&quot;https://images-wixmp-ed30a86b8c4ca887773594c2.wixmp.com/intermediary/f/25e46574-05d5-4425-916d-e5292bb066ac/dbd0v5j-989c0efc-79a6-45ed-b2f0-39ba9d1eb470.png&quot; alt=&quot;Patreon (2017, iOS) Icon ultramini&quot; style=&quot;width:16px;height:16px&quot;&gt;&lt;/a&gt;&amp;nbsp;&lt;a class=&quot;external&quot; href=&quot;https://www.deviantart.com/users/outgoing?https://www.patreon.com/bePatron?u=416677&quot;&gt;PATREON&lt;/a&gt;&lt;span&gt; &amp;nbsp;/ &amp;nbsp;&lt;/span&gt;&lt;a href=&quot;https://www.deviantart.com/poserfan/art/GumRoad-Icon-610621158&quot; class=&quot;emoticon&quot; data-embed-type=&quot;emoticon&quot; data-embed-id=&quot;610621158&quot; data-embed-profile=&quot;deviation&quot;&gt;&lt;img src=&quot;https://images-wixmp-ed30a86b8c4ca887773594c2.wixmp.com/intermediary/f/0a6e9796-d386-4234-97d1-d46c16906e81/da3jqau-69d0ef7f-916c-4086-b61e-fde14d0a3a8d.png&quot; alt=&quot;GumRoad Icon&quot; style=&quot;width:16px;height:16px&quot;&gt;&lt;/a&gt;&amp;nbsp;&lt;a class=&quot;external&quot; href=&quot;https://www.deviantart.com/users/outgoing?https://gumroad.com/ayyasap&quot;&gt;GUMROAD&lt;/a&gt;&lt;span&gt; &amp;nbsp; / &amp;nbsp;&lt;/span&gt;&lt;b&gt;&lt;a href=&quot;https://www.deviantart.com/poserfan/art/ArtStation-Icon-609001376&quot; class=&quot;emoticon&quot; data-embed-type=&quot;emoticon&quot; data-embed-id=&quot;609001376&quot; data-embed-profile=&quot;deviation&quot;&gt;&lt;img src=&quot;https://images-wixmp-ed30a86b8c4ca887773594c2.wixmp.com/intermediary/f/0a6e9796-d386-4234-97d1-d46c16906e81/da2l0gw-e96288a3-e43c-48a9-9705-214f0e31c6c1.png&quot; alt=&quot;ArtStation Icon&quot; style=&quot;width:16px;height:16px&quot;&gt;&lt;/a&gt;&amp;nbsp;&lt;/b&gt;&lt;a class=&quot;external&quot; href=&quot;https://www.deviantart.com/users/outgoing?https://www.artstation.com/artist/ayyasap&quot;&gt;ARTSTATION&lt;/a&gt;&lt;span&gt; &amp;nbsp;/ &amp;nbsp;&lt;/span&gt;&lt;b&gt;&lt;a href=&quot;https://www.deviantart.com/poserfan/art/Instagram-New-Icon-608963664&quot; class=&quot;emoticon&quot; data-embed-type=&quot;emoticon&quot; data-embed-id=&quot;608963664&quot; data-embed-profile=&quot;deviation&quot;&gt;&lt;img src=&quot;https://images-wixmp-ed30a86b8c4ca887773594c2.wixmp.com/intermediary/f/0a6e9796-d386-4234-97d1-d46c16906e81/da2k7dc-81054cd1-99a8-4653-bd88-048d077f7265.png&quot; alt=&quot;Instagram New Icon&quot; style=&quot;width:16px;height:16px&quot;&gt;&lt;/a&gt;&amp;nbsp;&lt;/b&gt;&lt;a class=&quot;external&quot; href=&quot;https://www.deviantart.com/users/outgoing?https://www.instagram.com/ayyasap/&quot;&gt;INSTAGRAM&lt;/a&gt;&lt;span&gt; &amp;nbsp;/ &amp;nbsp;&lt;/span&gt;&lt;b&gt;&lt;a href=&quot;https://www.deviantart.com/poserfan/art/Tumblr-Icon-314822709&quot; class=&quot;emoticon&quot; data-embed-type=&quot;emoticon&quot; data-embed-id=&quot;314822709&quot; data-embed-profile=&quot;deviation&quot;&gt;&lt;img src=&quot;https://orig00.deviantart.net/28ed/f/2015/212/c/0/tumblr_icon_by_poserfan-d57fqr9.gif&quot; alt=&quot;Tumblr Icon&quot; style=&quot;width:16px;height:16px&quot;&gt;&lt;/a&gt;&amp;nbsp;&lt;/b&gt;&lt;a class=&quot;external&quot; href=&quot;https://www.deviantart.com/users/outgoing?http://ayyasap.tumblr.com/&quot;&gt;TUMBLR&lt;/a&gt;&lt;span&gt; &amp;nbsp;/ &amp;nbsp;&lt;/span&gt;&lt;b&gt;&lt;a href=&quot;https://www.deviantart.com/4everyoungkid/art/youtube-271323237&quot; class=&quot;emoticon&quot; data-embed-type=&quot;emoticon&quot; data-embed-id=&quot;271323237&quot; data-embed-profile=&quot;deviation&quot;&gt;&lt;img src=&quot;https://orig00.deviantart.net/f88b/f/2011/332/1/f/1fcf2444e2718a37ffac7c8cb08058df-d4hjecl.gif&quot; alt=&quot;:youtube:&quot; style=&quot;width:16px;height:16px&quot;&gt;&lt;/a&gt;&amp;nbsp;&lt;/b&gt;&lt;a class=&quot;external&quot; href=&quot;https://www.deviantart.com/users/outgoing?https://www.youtube.com/c/AyyaSAP&quot;&gt;YOUTUBE&lt;/a&gt;&lt;span&gt;&amp;nbsp;&lt;/span&gt;&lt;b&gt;&lt;br /&gt;&lt;/b&gt;&lt;h1&gt;&lt;span&gt;&lt;hr/&gt;&lt;/span&gt;&lt;/h1&gt;&lt;br /&gt;&lt;b&gt;She is so badass! Really enjoyed working on her, hope you&amp;#8217;ll like it!&lt;/b&gt; &lt;br /&gt;&lt;h6&gt;Support me on Patreon and you&amp;#8217;ll be able to see more hot version of her!&lt;/h6&gt;&lt;br /&gt;&lt;b&gt;&lt;a href=&quot;https://www.deviantart.com/drache-lehre/art/Dark-Pink-Dot-Bullet-F2U-435239118&quot; class=&quot;emoticon&quot; data-embed-type=&quot;emoticon&quot; data-embed-id=&quot;435239118&quot; data-embed-profile=&quot;deviation&quot;&gt;&lt;img src=&quot;https://images-wixmp-ed30a86b8c4ca887773594c2.wixmp.com/intermediary/f/66a57468-5202-4c8b-987a-733b3eb4a6ca/d774oni-d2381918-cf8b-46f7-bbed-0f169e813524.png&quot; alt=&quot;Dark Pink Dot Bullet - F2U!&quot; style=&quot;width:10px;height:10px&quot;&gt;&lt;/a&gt;&amp;nbsp;&amp;nbsp; &amp;nbsp; &amp;#9829; Hi-res Image /JPG/&lt;br /&gt;&lt;/b&gt;&lt;b&gt;&lt;a href=&quot;https://www.deviantart.com/drache-lehre/art/Dark-Pink-Dot-Bullet-F2U-435239118&quot; class=&quot;emoticon&quot; data-embed-type=&quot;emoticon&quot; data-embed-id=&quot;435239118&quot; data-embed-profile=&quot;deviation&quot;&gt;&lt;img src=&quot;https://images-wixmp-ed30a86b8c4ca887773594c2.wixmp.com/intermediary/f/66a57468-5202-4c8b-987a-733b3eb4a6ca/d774oni-d2381918-cf8b-46f7-bbed-0f169e813524.png&quot; alt=&quot;Dark Pink Dot Bullet - F2U!&quot; style=&quot;width:10px;height:10px&quot;&gt;&lt;/a&gt;&amp;nbsp; &amp;nbsp; &amp;nbsp;&lt;/b&gt;&lt;b&gt;&amp;#9829;&amp;nbsp;&lt;/b&gt;&lt;b&gt;Step by Step /GIF &amp;amp; JPG/&lt;br /&gt;&lt;/b&gt;&lt;b&gt;&lt;a href=&quot;https://www.deviantart.com/drache-lehre/art/Dark-Pink-Dot-Bullet-F2U-435239118&quot; class=&quot;emoticon&quot; data-embed-type=&quot;emoticon&quot; data-embed-id=&quot;435239118&quot; data-embed-profile=&quot;deviation&quot;&gt;&lt;img src=&quot;https://images-wixmp-ed30a86b8c4ca887773594c2.wixmp.com/intermediary/f/66a57468-5202-4c8b-987a-733b3eb4a6ca/d774oni-d2381918-cf8b-46f7-bbed-0f169e813524.png&quot; alt=&quot;Dark Pink Dot Bullet - F2U!&quot; style=&quot;width:10px;height:10px&quot;&gt;&lt;/a&gt;&amp;nbsp;&lt;/b&gt;&lt;b&gt;&amp;nbsp; &amp;nbsp;&amp;nbsp;&lt;/b&gt;&lt;b&gt;&amp;#9829; Layered /PSD/&lt;/b&gt;&lt;b&gt;&lt;br /&gt;&lt;/b&gt;&lt;b&gt;&lt;a href=&quot;https://www.deviantart.com/drache-lehre/art/Dark-Pink-Dot-Bullet-F2U-435239118&quot; class=&quot;emoticon&quot; data-embed-type=&quot;emoticon&quot; data-embed-id=&quot;435239118&quot; data-embed-profile=&quot;deviation&quot;&gt;&lt;img src=&quot;https://images-wixmp-ed30a86b8c4ca887773594c2.wixmp.com/intermediary/f/66a57468-5202-4c8b-987a-733b3eb4a6ca/d774oni-d2381918-cf8b-46f7-bbed-0f169e813524.png&quot; alt=&quot;Dark Pink Dot Bullet - F2U!&quot; style=&quot;width:10px;height:10px&quot;&gt;&lt;/a&gt;&amp;nbsp; &amp;nbsp; &amp;nbsp;&lt;/b&gt;&lt;b&gt;&amp;#9829; +18 version /&lt;/b&gt;&lt;b&gt;&lt;img src=&quot;https://e.deviantart.net/emoticons/h/heart.gif&quot; alt=&quot;Heart&quot; style=&quot;width: 15px; height: 13px;&quot; data-embed-type=&quot;emoticon&quot; data-embed-id=&quot;357&quot;&gt;&lt;/b&gt;&lt;b&gt;/&lt;br /&gt;&lt;/b&gt;&lt;b&gt;&lt;a href=&quot;https://www.deviantart.com/drache-lehre/art/Dark-Pink-Dot-Bullet-F2U-435239118&quot; class=&quot;emoticon&quot; data-embed-type=&quot;emoticon&quot; data-embed-id=&quot;435239118&quot; data-embed-profile=&quot;deviation&quot;&gt;&lt;img src=&quot;https://images-wixmp-ed30a86b8c4ca887773594c2.wixmp.com/intermediary/f/66a57468-5202-4c8b-987a-733b3eb4a6ca/d774oni-d2381918-cf8b-46f7-bbed-0f169e813524.png&quot; alt=&quot;Dark Pink Dot Bullet - F2U!&quot; style=&quot;width:10px;height:10px&quot;&gt;&lt;/a&gt;&amp;nbsp; &amp;nbsp; &amp;nbsp;&lt;/b&gt;&lt;b&gt;&amp;#9829; Will be available&amp;nbsp;&lt;/b&gt;&lt;b&gt;on my&amp;nbsp;&lt;/b&gt;&lt;a href=&quot;https://www.deviantart.com/linux-rules/art/Patreon-2017-iOS-Icon-ultramini-687003319&quot; class=&quot;emoticon&quot; data-embed-type=&quot;emoticon&quot; data-embed-id=&quot;687003319&quot; data-embed-profile=&quot;deviation&quot;&gt;&lt;img src=&quot;https://images-wixmp-ed30a86b8c4ca887773594c2.wixmp.com/intermediary/f/25e46574-05d5-4425-916d-e5292bb066ac/dbd0v5j-989c0efc-79a6-45ed-b2f0-39ba9d1eb470.png&quot; alt=&quot;Patreon (2017, iOS) Icon ultramini&quot; style=&quot;width:16px;height:16px&quot;&gt;&lt;/a&gt;&amp;nbsp;&lt;a class=&quot;external&quot; href=&quot;https://www.deviantart.com/users/outgoing?https://www.patreon.com/bePatron?u=416677&quot;&gt;PATREON&lt;/a&gt;&lt;span&gt;&amp;nbsp;&lt;b&gt;soon!&amp;nbsp;&lt;/b&gt;&lt;br /&gt;&lt;h1&gt;&lt;span&gt;&lt;hr/&gt;&lt;/span&gt;&lt;/h1&gt;&lt;br /&gt;&amp;nbsp;&lt;a class=&quot;external&quot; href=&quot;https://www.deviantart.com/users/outgoing?https://gumroad.com/ayyasap&quot;&gt;Previous months Patreon rewards&lt;/a&gt;&lt;br /&gt;&lt;br /&gt;&lt;b&gt;&lt;img src=&quot;https://e.deviantart.net/emoticons/p/plusfav.gif&quot; alt=&quot;+fav&quot; style=&quot;width: 15px; height: 16px;&quot; data-embed-type=&quot;emoticon&quot; data-embed-id=&quot;194&quot;&gt;&amp;nbsp;&lt;img src=&quot;https://e.deviantart.net/emoticons/h/heart.gif&quot; alt=&quot;Heart&quot; style=&quot;width: 15px; height: 13px;&quot; data-embed-type=&quot;emoticon&quot; data-embed-id=&quot;357&quot;&gt;&amp;nbsp;Other Stuff&lt;img src=&quot;https://e.deviantart.net/emoticons/h/heart.gif&quot; alt=&quot;Heart&quot; style=&quot;width: 15px; height: 13px;&quot; data-embed-type=&quot;emoticon&quot; data-embed-id=&quot;357&quot;&gt;&amp;nbsp;&lt;img src=&quot;https://e.deviantart.net/emoticons/p/plusfav.gif&quot; alt=&quot;+fav&quot; style=&quot;width: 15px; height: 16px;&quot; data-embed-type=&quot;emoticon&quot; data-embed-id=&quot;194&quot;&gt;&amp;nbsp;&amp;nbsp;&lt;br /&gt;&lt;span class=&quot;shadow-holder&quot; data-embed-type=&quot;deviation&quot; data-embed-id=&quot;781286913&quot; data-embed-format=&quot;thumb&quot;&gt;&lt;span class=&quot;shadow mild&quot; &gt;&lt;a class=&quot;thumb&quot; href=&quot;https://www.deviantart.com/ayyasap/art/Patreon-November-Rewards-781286913&quot; title=&quot;Patreon November Rewards by AyyaSAP, Jan 15, 2019 in Fan Art &amp;gt; Digital Art &amp;gt; Other&quot;data-super-img=&quot;https://images-wixmp-ed30a86b8c4ca887773594c2.wixmp.com/intermediary/f/52c4a3ad-d416-42f0-90f6-570983e36797/dcx5ou9-0b289a3d-6acd-4049-957e-91bb9e0335b4.jpg/v1/fill/w_799,h_1000,q_70,strp/patreon_november_rewards_by_ayyasap_dcx5ou9-pre.jpg&quot; data-super-width=&quot;799&quot; data-super-height=&quot;1000&quot; data-super-transparent=&quot;false&quot; data-super-alt=&quot;Patreon November Rewards by AyyaSAP&quot; data-super-full-img=&quot;https://images-wixmp-ed30a86b8c4ca887773594c2.wixmp.com/intermediary/f/52c4a3ad-d416-42f0-90f6-570983e36797/dcx5ou9-0b289a3d-6acd-4049-957e-91bb9e0335b4.jpg&quot; data-super-full-width=&quot;2190&quot; data-super-full-height=&quot;2738&quot;        data-sigil=&quot;thumb&quot;&gt;
        &lt;i&gt;&lt;/i&gt;&lt;img   width=&quot;120&quot; height=&quot;150&quot; alt=&quot;Patreon November Rewards by AyyaSAP&quot; src=&quot;https://images-wixmp-ed30a86b8c4ca887773594c2.wixmp.com/intermediary/f/52c4a3ad-d416-42f0-90f6-570983e36797/dcx5ou9-0b289a3d-6acd-4049-957e-91bb9e0335b4.jpg/v1/fit/w_150,h_150,q_70,strp/patreon_november_rewards_by_ayyasap_dcx5ou9-150.jpg&quot; data-src=&quot;https://images-wixmp-ed30a86b8c4ca887773594c2.wixmp.com/intermediary/f/52c4a3ad-d416-42f0-90f6-570983e36797/dcx5ou9-0b289a3d-6acd-4049-957e-91bb9e0335b4.jpg/v1/fit/w_150,h_150,q_70,strp/patreon_november_rewards_by_ayyasap_dcx5ou9-150.jpg&quot; srcset=&quot;https://images-wixmp-ed30a86b8c4ca887773594c2.wixmp.com/intermediary/f/52c4a3ad-d416-42f0-90f6-570983e36797/dcx5ou9-0b289a3d-6acd-4049-957e-91bb9e0335b4.jpg/v1/fit/w_150,h_150,q_70,strp/patreon_november_rewards_by_ayyasap_dcx5ou9-150.jpg 120w,https://images-wixmp-ed30a86b8c4ca887773594c2.wixmp.com/intermediary/f/52c4a3ad-d416-42f0-90f6-570983e36797/dcx5ou9-0b289a3d-6acd-4049-957e-91bb9e0335b4.jpg/v1/fill/w_200,h_250,q_70,strp/patreon_november_rewards_by_ayyasap_dcx5ou9-250t.jpg 200w,https://images-wixmp-ed30a86b8c4ca887773594c2.wixmp.com/intermediary/f/52c4a3ad-d416-42f0-90f6-570983e36797/dcx5ou9-0b289a3d-6acd-4049-957e-91bb9e0335b4.jpg/v1/fill/w_280,h_350,q_70,strp/patreon_november_rewards_by_ayyasap_dcx5ou9-350t.jpg 280w,https://images-wixmp-ed30a86b8c4ca887773594c2.wixmp.com/intermediary/f/52c4a3ad-d416-42f0-90f6-570983e36797/dcx5ou9-0b289a3d-6acd-4049-957e-91bb9e0335b4.jpg/v1/fill/w_320,h_400,q_70,strp/patreon_november_rewards_by_ayyasap_dcx5ou9-400t.jpg 320w,https://images-wixmp-ed30a86b8c4ca887773594c2.wixmp.com/intermediary/f/52c4a3ad-d416-42f0-90f6-570983e36797/dcx5ou9-0b289a3d-6acd-4049-957e-91bb9e0335b4.jpg/v1/fill/w_799,h_1000,q_70,strp/patreon_november_rewards_by_ayyasap_dcx5ou9-pre.jpg 799w&quot; sizes=&quot;120px&quot;&gt;&lt;/a&gt;&lt;/span&gt;&lt;!-- ^TTT --&gt;&lt;!-- TTT$ --&gt;&lt;/span&gt;&amp;nbsp;&lt;span class=&quot;shadow-holder&quot; data-embed-type=&quot;deviation&quot; data-embed-id=&quot;781721025&quot; data-embed-format=&quot;thumb&quot;&gt;&lt;span class=&quot;shadow mild&quot; &gt;&lt;a class=&quot;thumb&quot; href=&quot;https://www.deviantart.com/ayyasap/art/Mera-781721025&quot; title=&quot;Mera by AyyaSAP, Jan 18, 2019 in Fan Art &amp;gt; Digital Art &amp;gt; Painting &amp;amp; Airbrushing &amp;gt; Movies &amp;amp; TV&quot;data-super-img=&quot;https://images-wixmp-ed30a86b8c4ca887773594c2.wixmp.com/intermediary/f/52c4a3ad-d416-42f0-90f6-570983e36797/dcxezsx-acbef9da-f103-47c4-b68d-12f844598765.jpg/v1/fill/w_774,h_1032,q_70,strp/mera_by_ayyasap_dcxezsx-pre.jpg&quot; data-super-width=&quot;774&quot; data-super-height=&quot;1032&quot; data-super-transparent=&quot;false&quot; data-super-alt=&quot;Mera by AyyaSAP&quot; data-super-full-img=&quot;https://images-wixmp-ed30a86b8c4ca887773594c2.wixmp.com/intermediary/f/52c4a3ad-d416-42f0-90f6-570983e36797/dcxezsx-acbef9da-f103-47c4-b68d-12f844598765.jpg&quot; data-super-full-width=&quot;825&quot; data-super-full-height=&quot;1100&quot;        data-sigil=&quot;thumb&quot;&gt;
        &lt;i&gt;&lt;/i&gt;&lt;img   width=&quot;112&quot; height=&quot;150&quot; alt=&quot;Mera by AyyaSAP&quot; src=&quot;https://images-wixmp-ed30a86b8c4ca887773594c2.wixmp.com/intermediary/f/52c4a3ad-d416-42f0-90f6-570983e36797/dcxezsx-acbef9da-f103-47c4-b68d-12f844598765.jpg/v1/fit/w_150,h_150,q_70,strp/mera_by_ayyasap_dcxezsx-150.jpg&quot; data-src=&quot;https://images-wixmp-ed30a86b8c4ca887773594c2.wixmp.com/intermediary/f/52c4a3ad-d416-42f0-90f6-570983e36797/dcxezsx-acbef9da-f103-47c4-b68d-12f844598765.jpg/v1/fit/w_150,h_150,q_70,strp/mera_by_ayyasap_dcxezsx-150.jpg&quot; srcset=&quot;https://images-wixmp-ed30a86b8c4ca887773594c2.wixmp.com/intermediary/f/52c4a3ad-d416-42f0-90f6-570983e36797/dcxezsx-acbef9da-f103-47c4-b68d-12f844598765.jpg/v1/fit/w_150,h_150,q_70,strp/mera_by_ayyasap_dcxezsx-150.jpg 112w,https://images-wixmp-ed30a86b8c4ca887773594c2.wixmp.com/intermediary/f/52c4a3ad-d416-42f0-90f6-570983e36797/dcxezsx-acbef9da-f103-47c4-b68d-12f844598765.jpg/v1/crop/w_188,h_250,x_0,y_0,scl_0.22787878787879,q_70,strp/mera_by_ayyasap_dcxezsx-250t.jpg 188w,https://images-wixmp-ed30a86b8c4ca887773594c2.wixmp.com/intermediary/f/52c4a3ad-d416-42f0-90f6-570983e36797/dcxezsx-acbef9da-f103-47c4-b68d-12f844598765.jpg/v1/crop/w_263,h_350,x_0,y_0,scl_0.31878787878788,q_70,strp/mera_by_ayyasap_dcxezsx-350t.jpg 263w,https://images-wixmp-ed30a86b8c4ca887773594c2.wixmp.com/intermediary/f/52c4a3ad-d416-42f0-90f6-570983e36797/dcxezsx-acbef9da-f103-47c4-b68d-12f844598765.jpg/v1/fill/w_300,h_400,q_70,strp/mera_by_ayyasap_dcxezsx-400t.jpg 300w,https://images-wixmp-ed30a86b8c4ca887773594c2.wixmp.com/intermediary/f/52c4a3ad-d416-42f0-90f6-570983e36797/dcxezsx-acbef9da-f103-47c4-b68d-12f844598765.jpg/v1/fill/w_774,h_1032,q_70,strp/mera_by_ayyasap_dcxezsx-pre.jpg 774w&quot; sizes=&quot;112px&quot;&gt;&lt;/a&gt;&lt;/span&gt;&lt;!-- ^TTT --&gt;&lt;!-- TTT$ --&gt;&lt;/span&gt;&amp;nbsp;&lt;span class=&quot;shadow-holder&quot; data-embed-type=&quot;deviation&quot; data-embed-id=&quot;771057771&quot; data-embed-format=&quot;thumb&quot;&gt;&lt;span class=&quot;shadow mild&quot; &gt;&lt;a class=&quot;thumb&quot; href=&quot;https://www.deviantart.com/ayyasap/art/Ashe-Overwatch-771057771&quot; title=&quot;Ashe Overwatch by AyyaSAP, Nov 3, 2018 in Fan Art &amp;gt; Digital Art &amp;gt; Drawings &amp;gt; Games&quot;data-super-img=&quot;https://images-wixmp-ed30a86b8c4ca887773594c2.wixmp.com/intermediary/f/52c4a3ad-d416-42f0-90f6-570983e36797/dcr2fzf-b84fe54e-740f-4ae0-8f1a-2f2e4edc74ac.jpg&quot; data-super-width=&quot;720&quot; data-super-height=&quot;1080&quot; data-super-transparent=&quot;false&quot; data-super-alt=&quot;Ashe Overwatch by AyyaSAP&quot; data-super-full-img=&quot;https://images-wixmp-ed30a86b8c4ca887773594c2.wixmp.com/intermediary/f/52c4a3ad-d416-42f0-90f6-570983e36797/dcr2fzf-b84fe54e-740f-4ae0-8f1a-2f2e4edc74ac.jpg&quot; data-super-full-width=&quot;720&quot; data-super-full-height=&quot;1080&quot;        data-sigil=&quot;thumb&quot;&gt;
        &lt;i&gt;&lt;/i&gt;&lt;img   width=&quot;100&quot; height=&quot;150&quot; alt=&quot;Ashe Overwatch by AyyaSAP&quot; src=&quot;https://images-wixmp-ed30a86b8c4ca887773594c2.wixmp.com/intermediary/f/52c4a3ad-d416-42f0-90f6-570983e36797/dcr2fzf-b84fe54e-740f-4ae0-8f1a-2f2e4edc74ac.jpg/v1/fit/w_150,h_150,q_70,strp/ashe_overwatch_by_ayyasap_dcr2fzf-150.jpg&quot; data-src=&quot;https://images-wixmp-ed30a86b8c4ca887773594c2.wixmp.com/intermediary/f/52c4a3ad-d416-42f0-90f6-570983e36797/dcr2fzf-b84fe54e-740f-4ae0-8f1a-2f2e4edc74ac.jpg/v1/fit/w_150,h_150,q_70,strp/ashe_overwatch_by_ayyasap_dcr2fzf-150.jpg&quot; srcset=&quot;https://images-wixmp-ed30a86b8c4ca887773594c2.wixmp.com/intermediary/f/52c4a3ad-d416-42f0-90f6-570983e36797/dcr2fzf-b84fe54e-740f-4ae0-8f1a-2f2e4edc74ac.jpg/v1/fit/w_150,h_150,q_70,strp/ashe_overwatch_by_ayyasap_dcr2fzf-150.jpg 100w,https://images-wixmp-ed30a86b8c4ca887773594c2.wixmp.com/intermediary/f/52c4a3ad-d416-42f0-90f6-570983e36797/dcr2fzf-b84fe54e-740f-4ae0-8f1a-2f2e4edc74ac.jpg/v1/crop/w_167,h_250,x_0,y_0,scl_0.23194444444444,q_70,strp/ashe_overwatch_by_ayyasap_dcr2fzf-250t.jpg 167w,https://images-wixmp-ed30a86b8c4ca887773594c2.wixmp.com/intermediary/f/52c4a3ad-d416-42f0-90f6-570983e36797/dcr2fzf-b84fe54e-740f-4ae0-8f1a-2f2e4edc74ac.jpg/v1/fill/w_233,h_350,q_70,strp/ashe_overwatch_by_ayyasap_dcr2fzf-350t.jpg 233w,https://images-wixmp-ed30a86b8c4ca887773594c2.wixmp.com/intermediary/f/52c4a3ad-d416-42f0-90f6-570983e36797/dcr2fzf-b84fe54e-740f-4ae0-8f1a-2f2e4edc74ac.jpg/v1/crop/w_267,h_400,x_0,y_0,scl_0.37083333333333,q_70,strp/ashe_overwatch_by_ayyasap_dcr2fzf-400t.jpg 267w,https://images-wixmp-ed30a86b8c4ca887773594c2.wixmp.com/intermediary/f/52c4a3ad-d416-42f0-90f6-570983e36797/dcr2fzf-b84fe54e-740f-4ae0-8f1a-2f2e4edc74ac.jpg 720w&quot; sizes=&quot;100px&quot;&gt;&lt;/a&gt;&lt;/span&gt;&lt;!-- ^TTT --&gt;&lt;!-- TTT$ --&gt;&lt;/span&gt;&amp;nbsp;&lt;span class=&quot;shadow-holder&quot; data-embed-type=&quot;deviation&quot; data-embed-id=&quot;778832902&quot; data-embed-format=&quot;thumb&quot;&gt;&lt;span class=&quot;shadow mild&quot; &gt;&lt;a class=&quot;thumb&quot; href=&quot;https://www.deviantart.com/ayyasap/art/RED-Cat-778832902&quot; title=&quot;RED Cat by AyyaSAP, Dec 29, 2018 in Fan Art &amp;gt; Cartoons &amp;amp; Comics &amp;gt; Digital &amp;gt; Movies &amp;amp; TV&quot;data-super-img=&quot;https://images-wixmp-ed30a86b8c4ca887773594c2.wixmp.com/intermediary/f/52c4a3ad-d416-42f0-90f6-570983e36797/dcvp3ba-15fe85a4-41d6-46d5-8c4c-9e143a315bdf.jpg&quot; data-super-width=&quot;720&quot; data-super-height=&quot;1080&quot; data-super-transparent=&quot;false&quot; data-super-alt=&quot;RED Cat by AyyaSAP&quot; data-super-full-img=&quot;https://images-wixmp-ed30a86b8c4ca887773594c2.wixmp.com/intermediary/f/52c4a3ad-d416-42f0-90f6-570983e36797/dcvp3ba-15fe85a4-41d6-46d5-8c4c-9e143a315bdf.jpg&quot; data-super-full-width=&quot;720&quot; data-super-full-height=&quot;1080&quot;        data-sigil=&quot;thumb&quot;&gt;
        &lt;i&gt;&lt;/i&gt;&lt;img   width=&quot;100&quot; height=&quot;150&quot; alt=&quot;RED Cat by AyyaSAP&quot; src=&quot;https://images-wixmp-ed30a86b8c4ca887773594c2.wixmp.com/intermediary/f/52c4a3ad-d416-42f0-90f6-570983e36797/dcvp3ba-15fe85a4-41d6-46d5-8c4c-9e143a315bdf.jpg/v1/fit/w_150,h_150,q_70,strp/red_cat_by_ayyasap_dcvp3ba-150.jpg&quot; data-src=&quot;https://images-wixmp-ed30a86b8c4ca887773594c2.wixmp.com/intermediary/f/52c4a3ad-d416-42f0-90f6-570983e36797/dcvp3ba-15fe85a4-41d6-46d5-8c4c-9e143a315bdf.jpg/v1/fit/w_150,h_150,q_70,strp/red_cat_by_ayyasap_dcvp3ba-150.jpg&quot; srcset=&quot;https://images-wixmp-ed30a86b8c4ca887773594c2.wixmp.com/intermediary/f/52c4a3ad-d416-42f0-90f6-570983e36797/dcvp3ba-15fe85a4-41d6-46d5-8c4c-9e143a315bdf.jpg/v1/fit/w_150,h_150,q_70,strp/red_cat_by_ayyasap_dcvp3ba-150.jpg 100w,https://images-wixmp-ed30a86b8c4ca887773594c2.wixmp.com/intermediary/f/52c4a3ad-d416-42f0-90f6-570983e36797/dcvp3ba-15fe85a4-41d6-46d5-8c4c-9e143a315bdf.jpg/v1/crop/w_167,h_250,x_0,y_0,scl_0.23194444444444,q_70,strp/red_cat_by_ayyasap_dcvp3ba-250t.jpg 167w,https://images-wixmp-ed30a86b8c4ca887773594c2.wixmp.com/intermediary/f/52c4a3ad-d416-42f0-90f6-570983e36797/dcvp3ba-15fe85a4-41d6-46d5-8c4c-9e143a315bdf.jpg/v1/fill/w_233,h_350,q_70,strp/red_cat_by_ayyasap_dcvp3ba-350t.jpg 233w,https://images-wixmp-ed30a86b8c4ca887773594c2.wixmp.com/intermediary/f/52c4a3ad-d416-42f0-90f6-570983e36797/dcvp3ba-15fe85a4-41d6-46d5-8c4c-9e143a315bdf.jpg/v1/crop/w_267,h_400,x_0,y_0,scl_0.37083333333333,q_70,strp/red_cat_by_ayyasap_dcvp3ba-400t.jpg 267w,https://images-wixmp-ed30a86b8c4ca887773594c2.wixmp.com/intermediary/f/52c4a3ad-d416-42f0-90f6-570983e36797/dcvp3ba-15fe85a4-41d6-46d5-8c4c-9e143a315bdf.jpg 720w&quot; sizes=&quot;100px&quot;&gt;&lt;/a&gt;&lt;/span&gt;&lt;!-- ^TTT --&gt;&lt;!-- TTT$ --&gt;&lt;/span&gt;&amp;nbsp;&lt;span class=&quot;shadow-holder&quot; data-embed-type=&quot;deviation&quot; data-embed-id=&quot;780145800&quot; data-embed-format=&quot;thumb&quot;&gt;&lt;span class=&quot;shadow mild&quot; &gt;&lt;a class=&quot;thumb&quot; href=&quot;https://www.deviantart.com/ayyasap/art/Spiderverse-Gwen-780145800&quot; title=&quot;Spiderverse Gwen by AyyaSAP, Jan 7, 2019 in Fan Art &amp;gt; Cartoons &amp;amp; Comics &amp;gt; Digital &amp;gt; Movies &amp;amp; TV&quot;data-super-img=&quot;https://images-wixmp-ed30a86b8c4ca887773594c2.wixmp.com/intermediary/f/52c4a3ad-d416-42f0-90f6-570983e36797/dcwh8co-465b8f7e-5152-4fed-9206-58d5a33e5752.jpg/v1/fill/w_774,h_1032,q_70,strp/spiderverse_gwen_by_ayyasap_dcwh8co-pre.jpg&quot; data-super-width=&quot;774&quot; data-super-height=&quot;1032&quot; data-super-transparent=&quot;false&quot; data-super-alt=&quot;Spiderverse Gwen by AyyaSAP&quot; data-super-full-img=&quot;https://images-wixmp-ed30a86b8c4ca887773594c2.wixmp.com/intermediary/f/52c4a3ad-d416-42f0-90f6-570983e36797/dcwh8co-465b8f7e-5152-4fed-9206-58d5a33e5752.jpg&quot; data-super-full-width=&quot;900&quot; data-super-full-height=&quot;1200&quot;        data-sigil=&quot;thumb&quot;&gt;
        &lt;i&gt;&lt;/i&gt;&lt;img   width=&quot;113&quot; height=&quot;150&quot; alt=&quot;Spiderverse Gwen by AyyaSAP&quot; src=&quot;https://images-wixmp-ed30a86b8c4ca887773594c2.wixmp.com/intermediary/f/52c4a3ad-d416-42f0-90f6-570983e36797/dcwh8co-465b8f7e-5152-4fed-9206-58d5a33e5752.jpg/v1/fit/w_150,h_150,q_70,strp/spiderverse_gwen_by_ayyasap_dcwh8co-150.jpg&quot; data-src=&quot;https://images-wixmp-ed30a86b8c4ca887773594c2.wixmp.com/intermediary/f/52c4a3ad-d416-42f0-90f6-570983e36797/dcwh8co-465b8f7e-5152-4fed-9206-58d5a33e5752.jpg/v1/fit/w_150,h_150,q_70,strp/spiderverse_gwen_by_ayyasap_dcwh8co-150.jpg&quot; srcset=&quot;https://images-wixmp-ed30a86b8c4ca887773594c2.wixmp.com/intermediary/f/52c4a3ad-d416-42f0-90f6-570983e36797/dcwh8co-465b8f7e-5152-4fed-9206-58d5a33e5752.jpg/v1/fit/w_150,h_150,q_70,strp/spiderverse_gwen_by_ayyasap_dcwh8co-150.jpg 113w,https://images-wixmp-ed30a86b8c4ca887773594c2.wixmp.com/intermediary/f/52c4a3ad-d416-42f0-90f6-570983e36797/dcwh8co-465b8f7e-5152-4fed-9206-58d5a33e5752.jpg/v1/crop/w_188,h_250,x_0,y_0,scl_0.20888888888889,q_70,strp/spiderverse_gwen_by_ayyasap_dcwh8co-250t.jpg 188w,https://images-wixmp-ed30a86b8c4ca887773594c2.wixmp.com/intermediary/f/52c4a3ad-d416-42f0-90f6-570983e36797/dcwh8co-465b8f7e-5152-4fed-9206-58d5a33e5752.jpg/v1/crop/w_263,h_350,x_0,y_0,scl_0.29222222222222,q_70,strp/spiderverse_gwen_by_ayyasap_dcwh8co-350t.jpg 263w,https://images-wixmp-ed30a86b8c4ca887773594c2.wixmp.com/intermediary/f/52c4a3ad-d416-42f0-90f6-570983e36797/dcwh8co-465b8f7e-5152-4fed-9206-58d5a33e5752.jpg/v1/fill/w_300,h_400,q_70,strp/spiderverse_gwen_by_ayyasap_dcwh8co-400t.jpg 300w,https://images-wixmp-ed30a86b8c4ca887773594c2.wixmp.com/intermediary/f/52c4a3ad-d416-42f0-90f6-570983e36797/dcwh8co-465b8f7e-5152-4fed-9206-58d5a33e5752.jpg/v1/fill/w_774,h_1032,q_70,strp/spiderverse_gwen_by_ayyasap_dcwh8co-pre.jpg 774w&quot; sizes=&quot;113px&quot;&gt;&lt;/a&gt;&lt;/span&gt;&lt;!-- ^TTT --&gt;&lt;!-- TTT$ --&gt;&lt;/span&gt;&amp;nbsp;&lt;span class=&quot;shadow-holder&quot; data-embed-type=&quot;deviation&quot; data-embed-id=&quot;783062180&quot; data-embed-format=&quot;thumb&quot;&gt;&lt;span class=&quot;shadow mild&quot; &gt;&lt;a class=&quot;thumb&quot; href=&quot;https://www.deviantart.com/ayyasap/art/Samus-783062180&quot; title=&quot;Samus by AyyaSAP, Jan 27, 2019 in Fan Art &amp;gt; Digital Art &amp;gt; Painting &amp;amp; Airbrushing &amp;gt; Games&quot;data-super-img=&quot;https://images-wixmp-ed30a86b8c4ca887773594c2.wixmp.com/intermediary/f/52c4a3ad-d416-42f0-90f6-570983e36797/dcy7qn8-c18421fd-53c2-4dcd-a2d7-9a6722f3a82b.jpg&quot; data-super-width=&quot;750&quot; data-super-height=&quot;1000&quot; data-super-transparent=&quot;false&quot; data-super-alt=&quot;Samus by AyyaSAP&quot; data-super-full-img=&quot;https://images-wixmp-ed30a86b8c4ca887773594c2.wixmp.com/intermediary/f/52c4a3ad-d416-42f0-90f6-570983e36797/dcy7qn8-c18421fd-53c2-4dcd-a2d7-9a6722f3a82b.jpg&quot; data-super-full-width=&quot;750&quot; data-super-full-height=&quot;1000&quot;        data-sigil=&quot;thumb&quot;&gt;
        &lt;i&gt;&lt;/i&gt;&lt;img   width=&quot;113&quot; height=&quot;150&quot; alt=&quot;Samus by AyyaSAP&quot; src=&quot;https://images-wixmp-ed30a86b8c4ca887773594c2.wixmp.com/intermediary/f/52c4a3ad-d416-42f0-90f6-570983e36797/dcy7qn8-c18421fd-53c2-4dcd-a2d7-9a6722f3a82b.jpg/v1/fit/w_150,h_150,q_70,strp/samus_by_ayyasap_dcy7qn8-150.jpg&quot; data-src=&quot;https://images-wixmp-ed30a86b8c4ca887773594c2.wixmp.com/intermediary/f/52c4a3ad-d416-42f0-90f6-570983e36797/dcy7qn8-c18421fd-53c2-4dcd-a2d7-9a6722f3a82b.jpg/v1/fit/w_150,h_150,q_70,strp/samus_by_ayyasap_dcy7qn8-150.jpg&quot; srcset=&quot;https://images-wixmp-ed30a86b8c4ca887773594c2.wixmp.com/intermediary/f/52c4a3ad-d416-42f0-90f6-570983e36797/dcy7qn8-c18421fd-53c2-4dcd-a2d7-9a6722f3a82b.jpg/v1/fit/w_150,h_150,q_70,strp/samus_by_ayyasap_dcy7qn8-150.jpg 113w,https://images-wixmp-ed30a86b8c4ca887773594c2.wixmp.com/intermediary/f/52c4a3ad-d416-42f0-90f6-570983e36797/dcy7qn8-c18421fd-53c2-4dcd-a2d7-9a6722f3a82b.jpg/v1/crop/w_188,h_250,x_0,y_0,scl_0.25066666666667,q_70,strp/samus_by_ayyasap_dcy7qn8-250t.jpg 188w,https://images-wixmp-ed30a86b8c4ca887773594c2.wixmp.com/intermediary/f/52c4a3ad-d416-42f0-90f6-570983e36797/dcy7qn8-c18421fd-53c2-4dcd-a2d7-9a6722f3a82b.jpg/v1/crop/w_263,h_350,x_0,y_0,scl_0.35066666666667,q_70,strp/samus_by_ayyasap_dcy7qn8-350t.jpg 263w,https://images-wixmp-ed30a86b8c4ca887773594c2.wixmp.com/intermediary/f/52c4a3ad-d416-42f0-90f6-570983e36797/dcy7qn8-c18421fd-53c2-4dcd-a2d7-9a6722f3a82b.jpg/v1/fill/w_300,h_400,q_70,strp/samus_by_ayyasap_dcy7qn8-400t.jpg 300w,https://images-wixmp-ed30a86b8c4ca887773594c2.wixmp.com/intermediary/f/52c4a3ad-d416-42f0-90f6-570983e36797/dcy7qn8-c18421fd-53c2-4dcd-a2d7-9a6722f3a82b.jpg 750w&quot; sizes=&quot;113px&quot;&gt;&lt;/a&gt;&lt;/span&gt;&lt;!-- ^TTT --&gt;&lt;!-- TTT$ --&gt;&lt;/span&gt;&amp;nbsp;&amp;nbsp;&amp;nbsp;&lt;/b&gt;&amp;nbsp;&lt;b&gt;&lt;br /&gt;&lt;/b&gt;&lt;h1&gt;&lt;span&gt;&lt;hr/&gt;&lt;/span&gt;&lt;/h1&gt;&amp;nbsp;&lt;br /&gt;&lt;b&gt;&lt;img src=&quot;https://e.deviantart.net/emoticons/w/wave1.gif&quot; alt=&quot;Hi!&quot; style=&quot;width: 25px; height: 20px;&quot; data-embed-type=&quot;emoticon&quot; data-embed-id=&quot;437&quot;&gt;&amp;nbsp;&lt;img src=&quot;https://e.deviantart.net/emoticons/p/plusfav.gif&quot; alt=&quot;+fav&quot; style=&quot;width: 15px; height: 16px;&quot; data-embed-type=&quot;emoticon&quot; data-embed-id=&quot;194&quot;&gt;&amp;nbsp;If you like my work, you can support me by giving me the fav&lt;img src=&quot;https://e.deviantart.net/emoticons/p/plusfav.gif&quot; alt=&quot;+fav&quot; style=&quot;width: 15px; height: 16px;&quot; data-embed-type=&quot;emoticon&quot; data-embed-id=&quot;194&quot;&gt;&amp;nbsp; and the watch&lt;img src=&quot;https://e.deviantart.net/emoticons/h/heart.gif&quot; alt=&quot;Heart&quot; style=&quot;width: 15px; height: 13px;&quot; data-embed-type=&quot;emoticon&quot; data-embed-id=&quot;357&quot;&gt;&amp;nbsp;, so as not to miss a lot of goodies!&lt;img src=&quot;https://e.deviantart.net/emoticons/p/plusfav.gif&quot; alt=&quot;+fav&quot; style=&quot;width: 15px; height: 16px;&quot; data-embed-type=&quot;emoticon&quot; data-embed-id=&quot;194&quot;&gt;&amp;nbsp;&lt;img src=&quot;https://e.deviantart.net/emoticons/w/wave1.gif&quot; alt=&quot;Hi!&quot; style=&quot;width: 25px; height: 20px;&quot; data-embed-type=&quot;emoticon&quot; data-embed-id=&quot;437&quot;&gt;&amp;nbsp;&lt;/b&gt;&lt;br /&gt;&lt;h1&gt;&lt;span&gt;&lt;hr/&gt;&lt;/span&gt;&lt;/h1&gt;&lt;/span&gt;</media:description>            <media:thumbnail url="https://t00.deviantart.net/4eLQXpY12pYYUIlTK4WajuoQN8w=/fit-in/150x150/filters:no_upscale():origin()/pre00/0500/th/pre/f/2019/029/8/d/x_23_laura_kinney_by_ayyasap-dcye25d.jpg" height="150" width="113"/>            <media:thumbnail url="https://t00.deviantart.net/c-jFTVPbYNJ9YrcZwfethHJlJos=/fit-in/300x900/filters:no_upscale():origin()/pre00/0500/th/pre/f/2019/029/8/d/x_23_laura_kinney_by_ayyasap-dcye25d.jpg" height="400" width="300"/>            <media:thumbnail url="https://t00.deviantart.net/lW-uLToMYsl0T6PlaJOLQ5hQ-ZQ=/300x200/filters:fixed_height(100,100):origin()/pre00/0500/th/pre/f/2019/029/8/d/x_23_laura_kinney_by_ayyasap-dcye25d.jpg" height="200" width="150"/>            <media:content url="https://orig00.deviantart.net/f490/f/2019/029/8/d/x_23_laura_kinney_by_ayyasap-dcye25d.jpg" height="1000" width="750" medium="image"/>            
            <description>&lt;span&gt; &lt;/span&gt;&lt;a href=&quot;https://www.deviantart.com/linux-rules/art/Patreon-2017-iOS-Icon-ultramini-687003319&quot; class=&quot;emoticon&quot; data-embed-type=&quot;emoticon&quot; data-embed-id=&quot;687003319&quot; data-embed-profile=&quot;deviation&quot;&gt;&lt;img src=&quot;https://images-wixmp-ed30a86b8c4ca887773594c2.wixmp.com/intermediary/f/25e46574-05d5-4425-916d-e5292bb066ac/dbd0v5j-989c0efc-79a6-45ed-b2f0-39ba9d1eb470.png&quot; alt=&quot;Patreon (2017, iOS) Icon ultramini&quot; style=&quot;width:16px;height:16px&quot;&gt;&lt;/a&gt;&amp;nbsp;&lt;a class=&quot;external&quot; href=&quot;https://www.deviantart.com/users/outgoing?https://www.patreon.com/bePatron?u=416677&quot;&gt;PATREON&lt;/a&gt;&lt;span&gt; &amp;nbsp;/ &amp;nbsp;&lt;/span&gt;&lt;a href=&quot;https://www.deviantart.com/poserfan/art/GumRoad-Icon-610621158&quot; class=&quot;emoticon&quot; data-embed-type=&quot;emoticon&quot; data-embed-id=&quot;610621158&quot; data-embed-profile=&quot;deviation&quot;&gt;&lt;img src=&quot;https://images-wixmp-ed30a86b8c4ca887773594c2.wixmp.com/intermediary/f/0a6e9796-d386-4234-97d1-d46c16906e81/da3jqau-69d0ef7f-916c-4086-b61e-fde14d0a3a8d.png&quot; alt=&quot;GumRoad Icon&quot; style=&quot;width:16px;height:16px&quot;&gt;&lt;/a&gt;&amp;nbsp;&lt;a class=&quot;external&quot; href=&quot;https://www.deviantart.com/users/outgoing?https://gumroad.com/ayyasap&quot;&gt;GUMROAD&lt;/a&gt;&lt;span&gt; &amp;nbsp; / &amp;nbsp;&lt;/span&gt;&lt;b&gt;&lt;a href=&quot;https://www.deviantart.com/poserfan/art/ArtStation-Icon-609001376&quot; class=&quot;emoticon&quot; data-embed-type=&quot;emoticon&quot; data-embed-id=&quot;609001376&quot; data-embed-profile=&quot;deviation&quot;&gt;&lt;img src=&quot;https://images-wixmp-ed30a86b8c4ca887773594c2.wixmp.com/intermediary/f/0a6e9796-d386-4234-97d1-d46c16906e81/da2l0gw-e96288a3-e43c-48a9-9705-214f0e31c6c1.png&quot; alt=&quot;ArtStation Icon&quot; style=&quot;width:16px;height:16px&quot;&gt;&lt;/a&gt;&amp;nbsp;&lt;/b&gt;&lt;a class=&quot;external&quot; href=&quot;https://www.deviantart.com/users/outgoing?https://www.artstation.com/artist/ayyasap&quot;&gt;ARTSTATION&lt;/a&gt;&lt;span&gt; &amp;nbsp;/ &amp;nbsp;&lt;/span&gt;&lt;b&gt;&lt;a href=&quot;https://www.deviantart.com/poserfan/art/Instagram-New-Icon-608963664&quot; class=&quot;emoticon&quot; data-embed-type=&quot;emoticon&quot; data-embed-id=&quot;608963664&quot; data-embed-profile=&quot;deviation&quot;&gt;&lt;img src=&quot;https://images-wixmp-ed30a86b8c4ca887773594c2.wixmp.com/intermediary/f/0a6e9796-d386-4234-97d1-d46c16906e81/da2k7dc-81054cd1-99a8-4653-bd88-048d077f7265.png&quot; alt=&quot;Instagram New Icon&quot; style=&quot;width:16px;height:16px&quot;&gt;&lt;/a&gt;&amp;nbsp;&lt;/b&gt;&lt;a class=&quot;external&quot; href=&quot;https://www.deviantart.com/users/outgoing?https://www.instagram.com/ayyasap/&quot;&gt;INSTAGRAM&lt;/a&gt;&lt;span&gt; &amp;nbsp;/ &amp;nbsp;&lt;/span&gt;&lt;b&gt;&lt;a href=&quot;https://www.deviantart.com/poserfan/art/Tumblr-Icon-314822709&quot; class=&quot;emoticon&quot; data-embed-type=&quot;emoticon&quot; data-embed-id=&quot;314822709&quot; data-embed-profile=&quot;deviation&quot;&gt;&lt;img src=&quot;https://orig00.deviantart.net/28ed/f/2015/212/c/0/tumblr_icon_by_poserfan-d57fqr9.gif&quot; alt=&quot;Tumblr Icon&quot; style=&quot;width:16px;height:16px&quot;&gt;&lt;/a&gt;&amp;nbsp;&lt;/b&gt;&lt;a class=&quot;external&quot; href=&quot;https://www.deviantart.com/users/outgoing?http://ayyasap.tumblr.com/&quot;&gt;TUMBLR&lt;/a&gt;&lt;span&gt; &amp;nbsp;/ &amp;nbsp;&lt;/span&gt;&lt;b&gt;&lt;a href=&quot;https://www.deviantart.com/4everyoungkid/art/youtube-271323237&quot; class=&quot;emoticon&quot; data-embed-type=&quot;emoticon&quot; data-embed-id=&quot;271323237&quot; data-embed-profile=&quot;deviation&quot;&gt;&lt;img src=&quot;https://orig00.deviantart.net/f88b/f/2011/332/1/f/1fcf2444e2718a37ffac7c8cb08058df-d4hjecl.gif&quot; alt=&quot;:youtube:&quot; style=&quot;width:16px;height:16px&quot;&gt;&lt;/a&gt;&amp;nbsp;&lt;/b&gt;&lt;a class=&quot;external&quot; href=&quot;https://www.deviantart.com/users/outgoing?https://www.youtube.com/c/AyyaSAP&quot;&gt;YOUTUBE&lt;/a&gt;&lt;span&gt;&amp;nbsp;&lt;/span&gt;&lt;b&gt;&lt;br /&gt;&lt;/b&gt;&lt;h1&gt;&lt;span&gt;&lt;hr/&gt;&lt;/span&gt;&lt;/h1&gt;&lt;br /&gt;&lt;b&gt;She is so badass! Really enjoyed working on her, hope you&amp;#8217;ll like it!&lt;/b&gt; &lt;br /&gt;&lt;h6&gt;Support me on Patreon and you&amp;#8217;ll be able to see more hot version of her!&lt;/h6&gt;&lt;br /&gt;&lt;b&gt;&lt;a href=&quot;https://www.deviantart.com/drache-lehre/art/Dark-Pink-Dot-Bullet-F2U-435239118&quot; class=&quot;emoticon&quot; data-embed-type=&quot;emoticon&quot; data-embed-id=&quot;435239118&quot; data-embed-profile=&quot;deviation&quot;&gt;&lt;img src=&quot;https://images-wixmp-ed30a86b8c4ca887773594c2.wixmp.com/intermediary/f/66a57468-5202-4c8b-987a-733b3eb4a6ca/d774oni-d2381918-cf8b-46f7-bbed-0f169e813524.png&quot; alt=&quot;Dark Pink Dot Bullet - F2U!&quot; style=&quot;width:10px;height:10px&quot;&gt;&lt;/a&gt;&amp;nbsp;&amp;nbsp; &amp;nbsp; &amp;#9829; Hi-res Image /JPG/&lt;br /&gt;&lt;/b&gt;&lt;b&gt;&lt;a href=&quot;https://www.deviantart.com/drache-lehre/art/Dark-Pink-Dot-Bullet-F2U-435239118&quot; class=&quot;emoticon&quot; data-embed-type=&quot;emoticon&quot; data-embed-id=&quot;435239118&quot; data-embed-profile=&quot;deviation&quot;&gt;&lt;img src=&quot;https://images-wixmp-ed30a86b8c4ca887773594c2.wixmp.com/intermediary/f/66a57468-5202-4c8b-987a-733b3eb4a6ca/d774oni-d2381918-cf8b-46f7-bbed-0f169e813524.png&quot; alt=&quot;Dark Pink Dot Bullet - F2U!&quot; style=&quot;width:10px;height:10px&quot;&gt;&lt;/a&gt;&amp;nbsp; &amp;nbsp; &amp;nbsp;&lt;/b&gt;&lt;b&gt;&amp;#9829;&amp;nbsp;&lt;/b&gt;&lt;b&gt;Step by Step /GIF &amp;amp; JPG/&lt;br /&gt;&lt;/b&gt;&lt;b&gt;&lt;a href=&quot;https://www.deviantart.com/drache-lehre/art/Dark-Pink-Dot-Bullet-F2U-435239118&quot; class=&quot;emoticon&quot; data-embed-type=&quot;emoticon&quot; data-embed-id=&quot;435239118&quot; data-embed-profile=&quot;deviation&quot;&gt;&lt;img src=&quot;https://images-wixmp-ed30a86b8c4ca887773594c2.wixmp.com/intermediary/f/66a57468-5202-4c8b-987a-733b3eb4a6ca/d774oni-d2381918-cf8b-46f7-bbed-0f169e813524.png&quot; alt=&quot;Dark Pink Dot Bullet - F2U!&quot; style=&quot;width:10px;height:10px&quot;&gt;&lt;/a&gt;&amp;nbsp;&lt;/b&gt;&lt;b&gt;&amp;nbsp; &amp;nbsp;&amp;nbsp;&lt;/b&gt;&lt;b&gt;&amp;#9829; Layered /PSD/&lt;/b&gt;&lt;b&gt;&lt;br /&gt;&lt;/b&gt;&lt;b&gt;&lt;a href=&quot;https://www.deviantart.com/drache-lehre/art/Dark-Pink-Dot-Bullet-F2U-435239118&quot; class=&quot;emoticon&quot; data-embed-type=&quot;emoticon&quot; data-embed-id=&quot;435239118&quot; data-embed-profile=&quot;deviation&quot;&gt;&lt;img src=&quot;https://images-wixmp-ed30a86b8c4ca887773594c2.wixmp.com/intermediary/f/66a57468-5202-4c8b-987a-733b3eb4a6ca/d774oni-d2381918-cf8b-46f7-bbed-0f169e813524.png&quot; alt=&quot;Dark Pink Dot Bullet - F2U!&quot; style=&quot;width:10px;height:10px&quot;&gt;&lt;/a&gt;&amp;nbsp; &amp;nbsp; &amp;nbsp;&lt;/b&gt;&lt;b&gt;&amp;#9829; +18 version /&lt;/b&gt;&lt;b&gt;&lt;img src=&quot;https://e.deviantart.net/emoticons/h/heart.gif&quot; alt=&quot;Heart&quot; style=&quot;width: 15px; height: 13px;&quot; data-embed-type=&quot;emoticon&quot; data-embed-id=&quot;357&quot;&gt;&lt;/b&gt;&lt;b&gt;/&lt;br /&gt;&lt;/b&gt;&lt;b&gt;&lt;a href=&quot;https://www.deviantart.com/drache-lehre/art/Dark-Pink-Dot-Bullet-F2U-435239118&quot; class=&quot;emoticon&quot; data-embed-type=&quot;emoticon&quot; data-embed-id=&quot;435239118&quot; data-embed-profile=&quot;deviation&quot;&gt;&lt;img src=&quot;https://images-wixmp-ed30a86b8c4ca887773594c2.wixmp.com/intermediary/f/66a57468-5202-4c8b-987a-733b3eb4a6ca/d774oni-d2381918-cf8b-46f7-bbed-0f169e813524.png&quot; alt=&quot;Dark Pink Dot Bullet - F2U!&quot; style=&quot;width:10px;height:10px&quot;&gt;&lt;/a&gt;&amp;nbsp; &amp;nbsp; &amp;nbsp;&lt;/b&gt;&lt;b&gt;&amp;#9829; Will be available&amp;nbsp;&lt;/b&gt;&lt;b&gt;on my&amp;nbsp;&lt;/b&gt;&lt;a href=&quot;https://www.deviantart.com/linux-rules/art/Patreon-2017-iOS-Icon-ultramini-687003319&quot; class=&quot;emoticon&quot; data-embed-type=&quot;emoticon&quot; data-embed-id=&quot;687003319&quot; data-embed-profile=&quot;deviation&quot;&gt;&lt;img src=&quot;https://images-wixmp-ed30a86b8c4ca887773594c2.wixmp.com/intermediary/f/25e46574-05d5-4425-916d-e5292bb066ac/dbd0v5j-989c0efc-79a6-45ed-b2f0-39ba9d1eb470.png&quot; alt=&quot;Patreon (2017, iOS) Icon ultramini&quot; style=&quot;width:16px;height:16px&quot;&gt;&lt;/a&gt;&amp;nbsp;&lt;a class=&quot;external&quot; href=&quot;https://www.deviantart.com/users/outgoing?https://www.patreon.com/bePatron?u=416677&quot;&gt;PATREON&lt;/a&gt;&lt;span&gt;&amp;nbsp;&lt;b&gt;soon!&amp;nbsp;&lt;/b&gt;&lt;br /&gt;&lt;h1&gt;&lt;span&gt;&lt;hr/&gt;&lt;/span&gt;&lt;/h1&gt;&lt;br /&gt;&amp;nbsp;&lt;a class=&quot;external&quot; href=&quot;https://www.deviantart.com/users/outgoing?https://gumroad.com/ayyasap&quot;&gt;Previous months Patreon rewards&lt;/a&gt;&lt;br /&gt;&lt;br /&gt;&lt;b&gt;&lt;img src=&quot;https://e.deviantart.net/emoticons/p/plusfav.gif&quot; alt=&quot;+fav&quot; style=&quot;width: 15px; height: 16px;&quot; data-embed-type=&quot;emoticon&quot; data-embed-id=&quot;194&quot;&gt;&amp;nbsp;&lt;img src=&quot;https://e.deviantart.net/emoticons/h/heart.gif&quot; alt=&quot;Heart&quot; style=&quot;width: 15px; height: 13px;&quot; data-embed-type=&quot;emoticon&quot; data-embed-id=&quot;357&quot;&gt;&amp;nbsp;Other Stuff&lt;img src=&quot;https://e.deviantart.net/emoticons/h/heart.gif&quot; alt=&quot;Heart&quot; style=&quot;width: 15px; height: 13px;&quot; data-embed-type=&quot;emoticon&quot; data-embed-id=&quot;357&quot;&gt;&amp;nbsp;&lt;img src=&quot;https://e.deviantart.net/emoticons/p/plusfav.gif&quot; alt=&quot;+fav&quot; style=&quot;width: 15px; height: 16px;&quot; data-embed-type=&quot;emoticon&quot; data-embed-id=&quot;194&quot;&gt;&amp;nbsp;&amp;nbsp;&lt;br /&gt;&lt;span class=&quot;shadow-holder&quot; data-embed-type=&quot;deviation&quot; data-embed-id=&quot;781286913&quot; data-embed-format=&quot;thumb&quot;&gt;&lt;span class=&quot;shadow mild&quot; &gt;&lt;a class=&quot;thumb&quot; href=&quot;https://www.deviantart.com/ayyasap/art/Patreon-November-Rewards-781286913&quot; title=&quot;Patreon November Rewards by AyyaSAP, Jan 15, 2019 in Fan Art &amp;gt; Digital Art &amp;gt; Other&quot;data-super-img=&quot;https://images-wixmp-ed30a86b8c4ca887773594c2.wixmp.com/intermediary/f/52c4a3ad-d416-42f0-90f6-570983e36797/dcx5ou9-0b289a3d-6acd-4049-957e-91bb9e0335b4.jpg/v1/fill/w_799,h_1000,q_70,strp/patreon_november_rewards_by_ayyasap_dcx5ou9-pre.jpg&quot; data-super-width=&quot;799&quot; data-super-height=&quot;1000&quot; data-super-transparent=&quot;false&quot; data-super-alt=&quot;Patreon November Rewards by AyyaSAP&quot; data-super-full-img=&quot;https://images-wixmp-ed30a86b8c4ca887773594c2.wixmp.com/intermediary/f/52c4a3ad-d416-42f0-90f6-570983e36797/dcx5ou9-0b289a3d-6acd-4049-957e-91bb9e0335b4.jpg&quot; data-super-full-width=&quot;2190&quot; data-super-full-height=&quot;2738&quot;        data-sigil=&quot;thumb&quot;&gt;
        &lt;i&gt;&lt;/i&gt;&lt;img   width=&quot;120&quot; height=&quot;150&quot; alt=&quot;Patreon November Rewards by AyyaSAP&quot; src=&quot;https://images-wixmp-ed30a86b8c4ca887773594c2.wixmp.com/intermediary/f/52c4a3ad-d416-42f0-90f6-570983e36797/dcx5ou9-0b289a3d-6acd-4049-957e-91bb9e0335b4.jpg/v1/fit/w_150,h_150,q_70,strp/patreon_november_rewards_by_ayyasap_dcx5ou9-150.jpg&quot; data-src=&quot;https://images-wixmp-ed30a86b8c4ca887773594c2.wixmp.com/intermediary/f/52c4a3ad-d416-42f0-90f6-570983e36797/dcx5ou9-0b289a3d-6acd-4049-957e-91bb9e0335b4.jpg/v1/fit/w_150,h_150,q_70,strp/patreon_november_rewards_by_ayyasap_dcx5ou9-150.jpg&quot; srcset=&quot;https://images-wixmp-ed30a86b8c4ca887773594c2.wixmp.com/intermediary/f/52c4a3ad-d416-42f0-90f6-570983e36797/dcx5ou9-0b289a3d-6acd-4049-957e-91bb9e0335b4.jpg/v1/fit/w_150,h_150,q_70,strp/patreon_november_rewards_by_ayyasap_dcx5ou9-150.jpg 120w,https://images-wixmp-ed30a86b8c4ca887773594c2.wixmp.com/intermediary/f/52c4a3ad-d416-42f0-90f6-570983e36797/dcx5ou9-0b289a3d-6acd-4049-957e-91bb9e0335b4.jpg/v1/fill/w_200,h_250,q_70,strp/patreon_november_rewards_by_ayyasap_dcx5ou9-250t.jpg 200w,https://images-wixmp-ed30a86b8c4ca887773594c2.wixmp.com/intermediary/f/52c4a3ad-d416-42f0-90f6-570983e36797/dcx5ou9-0b289a3d-6acd-4049-957e-91bb9e0335b4.jpg/v1/fill/w_280,h_350,q_70,strp/patreon_november_rewards_by_ayyasap_dcx5ou9-350t.jpg 280w,https://images-wixmp-ed30a86b8c4ca887773594c2.wixmp.com/intermediary/f/52c4a3ad-d416-42f0-90f6-570983e36797/dcx5ou9-0b289a3d-6acd-4049-957e-91bb9e0335b4.jpg/v1/fill/w_320,h_400,q_70,strp/patreon_november_rewards_by_ayyasap_dcx5ou9-400t.jpg 320w,https://images-wixmp-ed30a86b8c4ca887773594c2.wixmp.com/intermediary/f/52c4a3ad-d416-42f0-90f6-570983e36797/dcx5ou9-0b289a3d-6acd-4049-957e-91bb9e0335b4.jpg/v1/fill/w_799,h_1000,q_70,strp/patreon_november_rewards_by_ayyasap_dcx5ou9-pre.jpg 799w&quot; sizes=&quot;120px&quot;&gt;&lt;/a&gt;&lt;/span&gt;&lt;!-- ^TTT --&gt;&lt;!-- TTT$ --&gt;&lt;/span&gt;&amp;nbsp;&lt;span class=&quot;shadow-holder&quot; data-embed-type=&quot;deviation&quot; data-embed-id=&quot;781721025&quot; data-embed-format=&quot;thumb&quot;&gt;&lt;span class=&quot;shadow mild&quot; &gt;&lt;a class=&quot;thumb&quot; href=&quot;https://www.deviantart.com/ayyasap/art/Mera-781721025&quot; title=&quot;Mera by AyyaSAP, Jan 18, 2019 in Fan Art &amp;gt; Digital Art &amp;gt; Painting &amp;amp; Airbrushing &amp;gt; Movies &amp;amp; TV&quot;data-super-img=&quot;https://images-wixmp-ed30a86b8c4ca887773594c2.wixmp.com/intermediary/f/52c4a3ad-d416-42f0-90f6-570983e36797/dcxezsx-acbef9da-f103-47c4-b68d-12f844598765.jpg/v1/fill/w_774,h_1032,q_70,strp/mera_by_ayyasap_dcxezsx-pre.jpg&quot; data-super-width=&quot;774&quot; data-super-height=&quot;1032&quot; data-super-transparent=&quot;false&quot; data-super-alt=&quot;Mera by AyyaSAP&quot; data-super-full-img=&quot;https://images-wixmp-ed30a86b8c4ca887773594c2.wixmp.com/intermediary/f/52c4a3ad-d416-42f0-90f6-570983e36797/dcxezsx-acbef9da-f103-47c4-b68d-12f844598765.jpg&quot; data-super-full-width=&quot;825&quot; data-super-full-height=&quot;1100&quot;        data-sigil=&quot;thumb&quot;&gt;
        &lt;i&gt;&lt;/i&gt;&lt;img   width=&quot;112&quot; height=&quot;150&quot; alt=&quot;Mera by AyyaSAP&quot; src=&quot;https://images-wixmp-ed30a86b8c4ca887773594c2.wixmp.com/intermediary/f/52c4a3ad-d416-42f0-90f6-570983e36797/dcxezsx-acbef9da-f103-47c4-b68d-12f844598765.jpg/v1/fit/w_150,h_150,q_70,strp/mera_by_ayyasap_dcxezsx-150.jpg&quot; data-src=&quot;https://images-wixmp-ed30a86b8c4ca887773594c2.wixmp.com/intermediary/f/52c4a3ad-d416-42f0-90f6-570983e36797/dcxezsx-acbef9da-f103-47c4-b68d-12f844598765.jpg/v1/fit/w_150,h_150,q_70,strp/mera_by_ayyasap_dcxezsx-150.jpg&quot; srcset=&quot;https://images-wixmp-ed30a86b8c4ca887773594c2.wixmp.com/intermediary/f/52c4a3ad-d416-42f0-90f6-570983e36797/dcxezsx-acbef9da-f103-47c4-b68d-12f844598765.jpg/v1/fit/w_150,h_150,q_70,strp/mera_by_ayyasap_dcxezsx-150.jpg 112w,https://images-wixmp-ed30a86b8c4ca887773594c2.wixmp.com/intermediary/f/52c4a3ad-d416-42f0-90f6-570983e36797/dcxezsx-acbef9da-f103-47c4-b68d-12f844598765.jpg/v1/crop/w_188,h_250,x_0,y_0,scl_0.22787878787879,q_70,strp/mera_by_ayyasap_dcxezsx-250t.jpg 188w,https://images-wixmp-ed30a86b8c4ca887773594c2.wixmp.com/intermediary/f/52c4a3ad-d416-42f0-90f6-570983e36797/dcxezsx-acbef9da-f103-47c4-b68d-12f844598765.jpg/v1/crop/w_263,h_350,x_0,y_0,scl_0.31878787878788,q_70,strp/mera_by_ayyasap_dcxezsx-350t.jpg 263w,https://images-wixmp-ed30a86b8c4ca887773594c2.wixmp.com/intermediary/f/52c4a3ad-d416-42f0-90f6-570983e36797/dcxezsx-acbef9da-f103-47c4-b68d-12f844598765.jpg/v1/fill/w_300,h_400,q_70,strp/mera_by_ayyasap_dcxezsx-400t.jpg 300w,https://images-wixmp-ed30a86b8c4ca887773594c2.wixmp.com/intermediary/f/52c4a3ad-d416-42f0-90f6-570983e36797/dcxezsx-acbef9da-f103-47c4-b68d-12f844598765.jpg/v1/fill/w_774,h_1032,q_70,strp/mera_by_ayyasap_dcxezsx-pre.jpg 774w&quot; sizes=&quot;112px&quot;&gt;&lt;/a&gt;&lt;/span&gt;&lt;!-- ^TTT --&gt;&lt;!-- TTT$ --&gt;&lt;/span&gt;&amp;nbsp;&lt;span class=&quot;shadow-holder&quot; data-embed-type=&quot;deviation&quot; data-embed-id=&quot;771057771&quot; data-embed-format=&quot;thumb&quot;&gt;&lt;span class=&quot;shadow mild&quot; &gt;&lt;a class=&quot;thumb&quot; href=&quot;https://www.deviantart.com/ayyasap/art/Ashe-Overwatch-771057771&quot; title=&quot;Ashe Overwatch by AyyaSAP, Nov 3, 2018 in Fan Art &amp;gt; Digital Art &amp;gt; Drawings &amp;gt; Games&quot;data-super-img=&quot;https://images-wixmp-ed30a86b8c4ca887773594c2.wixmp.com/intermediary/f/52c4a3ad-d416-42f0-90f6-570983e36797/dcr2fzf-b84fe54e-740f-4ae0-8f1a-2f2e4edc74ac.jpg&quot; data-super-width=&quot;720&quot; data-super-height=&quot;1080&quot; data-super-transparent=&quot;false&quot; data-super-alt=&quot;Ashe Overwatch by AyyaSAP&quot; data-super-full-img=&quot;https://images-wixmp-ed30a86b8c4ca887773594c2.wixmp.com/intermediary/f/52c4a3ad-d416-42f0-90f6-570983e36797/dcr2fzf-b84fe54e-740f-4ae0-8f1a-2f2e4edc74ac.jpg&quot; data-super-full-width=&quot;720&quot; data-super-full-height=&quot;1080&quot;        data-sigil=&quot;thumb&quot;&gt;
        &lt;i&gt;&lt;/i&gt;&lt;img   width=&quot;100&quot; height=&quot;150&quot; alt=&quot;Ashe Overwatch by AyyaSAP&quot; src=&quot;https://images-wixmp-ed30a86b8c4ca887773594c2.wixmp.com/intermediary/f/52c4a3ad-d416-42f0-90f6-570983e36797/dcr2fzf-b84fe54e-740f-4ae0-8f1a-2f2e4edc74ac.jpg/v1/fit/w_150,h_150,q_70,strp/ashe_overwatch_by_ayyasap_dcr2fzf-150.jpg&quot; data-src=&quot;https://images-wixmp-ed30a86b8c4ca887773594c2.wixmp.com/intermediary/f/52c4a3ad-d416-42f0-90f6-570983e36797/dcr2fzf-b84fe54e-740f-4ae0-8f1a-2f2e4edc74ac.jpg/v1/fit/w_150,h_150,q_70,strp/ashe_overwatch_by_ayyasap_dcr2fzf-150.jpg&quot; srcset=&quot;https://images-wixmp-ed30a86b8c4ca887773594c2.wixmp.com/intermediary/f/52c4a3ad-d416-42f0-90f6-570983e36797/dcr2fzf-b84fe54e-740f-4ae0-8f1a-2f2e4edc74ac.jpg/v1/fit/w_150,h_150,q_70,strp/ashe_overwatch_by_ayyasap_dcr2fzf-150.jpg 100w,https://images-wixmp-ed30a86b8c4ca887773594c2.wixmp.com/intermediary/f/52c4a3ad-d416-42f0-90f6-570983e36797/dcr2fzf-b84fe54e-740f-4ae0-8f1a-2f2e4edc74ac.jpg/v1/crop/w_167,h_250,x_0,y_0,scl_0.23194444444444,q_70,strp/ashe_overwatch_by_ayyasap_dcr2fzf-250t.jpg 167w,https://images-wixmp-ed30a86b8c4ca887773594c2.wixmp.com/intermediary/f/52c4a3ad-d416-42f0-90f6-570983e36797/dcr2fzf-b84fe54e-740f-4ae0-8f1a-2f2e4edc74ac.jpg/v1/fill/w_233,h_350,q_70,strp/ashe_overwatch_by_ayyasap_dcr2fzf-350t.jpg 233w,https://images-wixmp-ed30a86b8c4ca887773594c2.wixmp.com/intermediary/f/52c4a3ad-d416-42f0-90f6-570983e36797/dcr2fzf-b84fe54e-740f-4ae0-8f1a-2f2e4edc74ac.jpg/v1/crop/w_267,h_400,x_0,y_0,scl_0.37083333333333,q_70,strp/ashe_overwatch_by_ayyasap_dcr2fzf-400t.jpg 267w,https://images-wixmp-ed30a86b8c4ca887773594c2.wixmp.com/intermediary/f/52c4a3ad-d416-42f0-90f6-570983e36797/dcr2fzf-b84fe54e-740f-4ae0-8f1a-2f2e4edc74ac.jpg 720w&quot; sizes=&quot;100px&quot;&gt;&lt;/a&gt;&lt;/span&gt;&lt;!-- ^TTT --&gt;&lt;!-- TTT$ --&gt;&lt;/span&gt;&amp;nbsp;&lt;span class=&quot;shadow-holder&quot; data-embed-type=&quot;deviation&quot; data-embed-id=&quot;778832902&quot; data-embed-format=&quot;thumb&quot;&gt;&lt;span class=&quot;shadow mild&quot; &gt;&lt;a class=&quot;thumb&quot; href=&quot;https://www.deviantart.com/ayyasap/art/RED-Cat-778832902&quot; title=&quot;RED Cat by AyyaSAP, Dec 29, 2018 in Fan Art &amp;gt; Cartoons &amp;amp; Comics &amp;gt; Digital &amp;gt; Movies &amp;amp; TV&quot;data-super-img=&quot;https://images-wixmp-ed30a86b8c4ca887773594c2.wixmp.com/intermediary/f/52c4a3ad-d416-42f0-90f6-570983e36797/dcvp3ba-15fe85a4-41d6-46d5-8c4c-9e143a315bdf.jpg&quot; data-super-width=&quot;720&quot; data-super-height=&quot;1080&quot; data-super-transparent=&quot;false&quot; data-super-alt=&quot;RED Cat by AyyaSAP&quot; data-super-full-img=&quot;https://images-wixmp-ed30a86b8c4ca887773594c2.wixmp.com/intermediary/f/52c4a3ad-d416-42f0-90f6-570983e36797/dcvp3ba-15fe85a4-41d6-46d5-8c4c-9e143a315bdf.jpg&quot; data-super-full-width=&quot;720&quot; data-super-full-height=&quot;1080&quot;        data-sigil=&quot;thumb&quot;&gt;
        &lt;i&gt;&lt;/i&gt;&lt;img   width=&quot;100&quot; height=&quot;150&quot; alt=&quot;RED Cat by AyyaSAP&quot; src=&quot;https://images-wixmp-ed30a86b8c4ca887773594c2.wixmp.com/intermediary/f/52c4a3ad-d416-42f0-90f6-570983e36797/dcvp3ba-15fe85a4-41d6-46d5-8c4c-9e143a315bdf.jpg/v1/fit/w_150,h_150,q_70,strp/red_cat_by_ayyasap_dcvp3ba-150.jpg&quot; data-src=&quot;https://images-wixmp-ed30a86b8c4ca887773594c2.wixmp.com/intermediary/f/52c4a3ad-d416-42f0-90f6-570983e36797/dcvp3ba-15fe85a4-41d6-46d5-8c4c-9e143a315bdf.jpg/v1/fit/w_150,h_150,q_70,strp/red_cat_by_ayyasap_dcvp3ba-150.jpg&quot; srcset=&quot;https://images-wixmp-ed30a86b8c4ca887773594c2.wixmp.com/intermediary/f/52c4a3ad-d416-42f0-90f6-570983e36797/dcvp3ba-15fe85a4-41d6-46d5-8c4c-9e143a315bdf.jpg/v1/fit/w_150,h_150,q_70,strp/red_cat_by_ayyasap_dcvp3ba-150.jpg 100w,https://images-wixmp-ed30a86b8c4ca887773594c2.wixmp.com/intermediary/f/52c4a3ad-d416-42f0-90f6-570983e36797/dcvp3ba-15fe85a4-41d6-46d5-8c4c-9e143a315bdf.jpg/v1/crop/w_167,h_250,x_0,y_0,scl_0.23194444444444,q_70,strp/red_cat_by_ayyasap_dcvp3ba-250t.jpg 167w,https://images-wixmp-ed30a86b8c4ca887773594c2.wixmp.com/intermediary/f/52c4a3ad-d416-42f0-90f6-570983e36797/dcvp3ba-15fe85a4-41d6-46d5-8c4c-9e143a315bdf.jpg/v1/fill/w_233,h_350,q_70,strp/red_cat_by_ayyasap_dcvp3ba-350t.jpg 233w,https://images-wixmp-ed30a86b8c4ca887773594c2.wixmp.com/intermediary/f/52c4a3ad-d416-42f0-90f6-570983e36797/dcvp3ba-15fe85a4-41d6-46d5-8c4c-9e143a315bdf.jpg/v1/crop/w_267,h_400,x_0,y_0,scl_0.37083333333333,q_70,strp/red_cat_by_ayyasap_dcvp3ba-400t.jpg 267w,https://images-wixmp-ed30a86b8c4ca887773594c2.wixmp.com/intermediary/f/52c4a3ad-d416-42f0-90f6-570983e36797/dcvp3ba-15fe85a4-41d6-46d5-8c4c-9e143a315bdf.jpg 720w&quot; sizes=&quot;100px&quot;&gt;&lt;/a&gt;&lt;/span&gt;&lt;!-- ^TTT --&gt;&lt;!-- TTT$ --&gt;&lt;/span&gt;&amp;nbsp;&lt;span class=&quot;shadow-holder&quot; data-embed-type=&quot;deviation&quot; data-embed-id=&quot;780145800&quot; data-embed-format=&quot;thumb&quot;&gt;&lt;span class=&quot;shadow mild&quot; &gt;&lt;a class=&quot;thumb&quot; href=&quot;https://www.deviantart.com/ayyasap/art/Spiderverse-Gwen-780145800&quot; title=&quot;Spiderverse Gwen by AyyaSAP, Jan 7, 2019 in Fan Art &amp;gt; Cartoons &amp;amp; Comics &amp;gt; Digital &amp;gt; Movies &amp;amp; TV&quot;data-super-img=&quot;https://images-wixmp-ed30a86b8c4ca887773594c2.wixmp.com/intermediary/f/52c4a3ad-d416-42f0-90f6-570983e36797/dcwh8co-465b8f7e-5152-4fed-9206-58d5a33e5752.jpg/v1/fill/w_774,h_1032,q_70,strp/spiderverse_gwen_by_ayyasap_dcwh8co-pre.jpg&quot; data-super-width=&quot;774&quot; data-super-height=&quot;1032&quot; data-super-transparent=&quot;false&quot; data-super-alt=&quot;Spiderverse Gwen by AyyaSAP&quot; data-super-full-img=&quot;https://images-wixmp-ed30a86b8c4ca887773594c2.wixmp.com/intermediary/f/52c4a3ad-d416-42f0-90f6-570983e36797/dcwh8co-465b8f7e-5152-4fed-9206-58d5a33e5752.jpg&quot; data-super-full-width=&quot;900&quot; data-super-full-height=&quot;1200&quot;        data-sigil=&quot;thumb&quot;&gt;
        &lt;i&gt;&lt;/i&gt;&lt;img   width=&quot;113&quot; height=&quot;150&quot; alt=&quot;Spiderverse Gwen by AyyaSAP&quot; src=&quot;https://images-wixmp-ed30a86b8c4ca887773594c2.wixmp.com/intermediary/f/52c4a3ad-d416-42f0-90f6-570983e36797/dcwh8co-465b8f7e-5152-4fed-9206-58d5a33e5752.jpg/v1/fit/w_150,h_150,q_70,strp/spiderverse_gwen_by_ayyasap_dcwh8co-150.jpg&quot; data-src=&quot;https://images-wixmp-ed30a86b8c4ca887773594c2.wixmp.com/intermediary/f/52c4a3ad-d416-42f0-90f6-570983e36797/dcwh8co-465b8f7e-5152-4fed-9206-58d5a33e5752.jpg/v1/fit/w_150,h_150,q_70,strp/spiderverse_gwen_by_ayyasap_dcwh8co-150.jpg&quot; srcset=&quot;https://images-wixmp-ed30a86b8c4ca887773594c2.wixmp.com/intermediary/f/52c4a3ad-d416-42f0-90f6-570983e36797/dcwh8co-465b8f7e-5152-4fed-9206-58d5a33e5752.jpg/v1/fit/w_150,h_150,q_70,strp/spiderverse_gwen_by_ayyasap_dcwh8co-150.jpg 113w,https://images-wixmp-ed30a86b8c4ca887773594c2.wixmp.com/intermediary/f/52c4a3ad-d416-42f0-90f6-570983e36797/dcwh8co-465b8f7e-5152-4fed-9206-58d5a33e5752.jpg/v1/crop/w_188,h_250,x_0,y_0,scl_0.20888888888889,q_70,strp/spiderverse_gwen_by_ayyasap_dcwh8co-250t.jpg 188w,https://images-wixmp-ed30a86b8c4ca887773594c2.wixmp.com/intermediary/f/52c4a3ad-d416-42f0-90f6-570983e36797/dcwh8co-465b8f7e-5152-4fed-9206-58d5a33e5752.jpg/v1/crop/w_263,h_350,x_0,y_0,scl_0.29222222222222,q_70,strp/spiderverse_gwen_by_ayyasap_dcwh8co-350t.jpg 263w,https://images-wixmp-ed30a86b8c4ca887773594c2.wixmp.com/intermediary/f/52c4a3ad-d416-42f0-90f6-570983e36797/dcwh8co-465b8f7e-5152-4fed-9206-58d5a33e5752.jpg/v1/fill/w_300,h_400,q_70,strp/spiderverse_gwen_by_ayyasap_dcwh8co-400t.jpg 300w,https://images-wixmp-ed30a86b8c4ca887773594c2.wixmp.com/intermediary/f/52c4a3ad-d416-42f0-90f6-570983e36797/dcwh8co-465b8f7e-5152-4fed-9206-58d5a33e5752.jpg/v1/fill/w_774,h_1032,q_70,strp/spiderverse_gwen_by_ayyasap_dcwh8co-pre.jpg 774w&quot; sizes=&quot;113px&quot;&gt;&lt;/a&gt;&lt;/span&gt;&lt;!-- ^TTT --&gt;&lt;!-- TTT$ --&gt;&lt;/span&gt;&amp;nbsp;&lt;span class=&quot;shadow-holder&quot; data-embed-type=&quot;deviation&quot; data-embed-id=&quot;783062180&quot; data-embed-format=&quot;thumb&quot;&gt;&lt;span class=&quot;shadow mild&quot; &gt;&lt;a class=&quot;thumb&quot; href=&quot;https://www.deviantart.com/ayyasap/art/Samus-783062180&quot; title=&quot;Samus by AyyaSAP, Jan 27, 2019 in Fan Art &amp;gt; Digital Art &amp;gt; Painting &amp;amp; Airbrushing &amp;gt; Games&quot;data-super-img=&quot;https://images-wixmp-ed30a86b8c4ca887773594c2.wixmp.com/intermediary/f/52c4a3ad-d416-42f0-90f6-570983e36797/dcy7qn8-c18421fd-53c2-4dcd-a2d7-9a6722f3a82b.jpg&quot; data-super-width=&quot;750&quot; data-super-height=&quot;1000&quot; data-super-transparent=&quot;false&quot; data-super-alt=&quot;Samus by AyyaSAP&quot; data-super-full-img=&quot;https://images-wixmp-ed30a86b8c4ca887773594c2.wixmp.com/intermediary/f/52c4a3ad-d416-42f0-90f6-570983e36797/dcy7qn8-c18421fd-53c2-4dcd-a2d7-9a6722f3a82b.jpg&quot; data-super-full-width=&quot;750&quot; data-super-full-height=&quot;1000&quot;        data-sigil=&quot;thumb&quot;&gt;
        &lt;i&gt;&lt;/i&gt;&lt;img   width=&quot;113&quot; height=&quot;150&quot; alt=&quot;Samus by AyyaSAP&quot; src=&quot;https://images-wixmp-ed30a86b8c4ca887773594c2.wixmp.com/intermediary/f/52c4a3ad-d416-42f0-90f6-570983e36797/dcy7qn8-c18421fd-53c2-4dcd-a2d7-9a6722f3a82b.jpg/v1/fit/w_150,h_150,q_70,strp/samus_by_ayyasap_dcy7qn8-150.jpg&quot; data-src=&quot;https://images-wixmp-ed30a86b8c4ca887773594c2.wixmp.com/intermediary/f/52c4a3ad-d416-42f0-90f6-570983e36797/dcy7qn8-c18421fd-53c2-4dcd-a2d7-9a6722f3a82b.jpg/v1/fit/w_150,h_150,q_70,strp/samus_by_ayyasap_dcy7qn8-150.jpg&quot; srcset=&quot;https://images-wixmp-ed30a86b8c4ca887773594c2.wixmp.com/intermediary/f/52c4a3ad-d416-42f0-90f6-570983e36797/dcy7qn8-c18421fd-53c2-4dcd-a2d7-9a6722f3a82b.jpg/v1/fit/w_150,h_150,q_70,strp/samus_by_ayyasap_dcy7qn8-150.jpg 113w,https://images-wixmp-ed30a86b8c4ca887773594c2.wixmp.com/intermediary/f/52c4a3ad-d416-42f0-90f6-570983e36797/dcy7qn8-c18421fd-53c2-4dcd-a2d7-9a6722f3a82b.jpg/v1/crop/w_188,h_250,x_0,y_0,scl_0.25066666666667,q_70,strp/samus_by_ayyasap_dcy7qn8-250t.jpg 188w,https://images-wixmp-ed30a86b8c4ca887773594c2.wixmp.com/intermediary/f/52c4a3ad-d416-42f0-90f6-570983e36797/dcy7qn8-c18421fd-53c2-4dcd-a2d7-9a6722f3a82b.jpg/v1/crop/w_263,h_350,x_0,y_0,scl_0.35066666666667,q_70,strp/samus_by_ayyasap_dcy7qn8-350t.jpg 263w,https://images-wixmp-ed30a86b8c4ca887773594c2.wixmp.com/intermediary/f/52c4a3ad-d416-42f0-90f6-570983e36797/dcy7qn8-c18421fd-53c2-4dcd-a2d7-9a6722f3a82b.jpg/v1/fill/w_300,h_400,q_70,strp/samus_by_ayyasap_dcy7qn8-400t.jpg 300w,https://images-wixmp-ed30a86b8c4ca887773594c2.wixmp.com/intermediary/f/52c4a3ad-d416-42f0-90f6-570983e36797/dcy7qn8-c18421fd-53c2-4dcd-a2d7-9a6722f3a82b.jpg 750w&quot; sizes=&quot;113px&quot;&gt;&lt;/a&gt;&lt;/span&gt;&lt;!-- ^TTT --&gt;&lt;!-- TTT$ --&gt;&lt;/span&gt;&amp;nbsp;&amp;nbsp;&amp;nbsp;&lt;/b&gt;&amp;nbsp;&lt;b&gt;&lt;br /&gt;&lt;/b&gt;&lt;h1&gt;&lt;span&gt;&lt;hr/&gt;&lt;/span&gt;&lt;/h1&gt;&amp;nbsp;&lt;br /&gt;&lt;b&gt;&lt;img src=&quot;https://e.deviantart.net/emoticons/w/wave1.gif&quot; alt=&quot;Hi!&quot; style=&quot;width: 25px; height: 20px;&quot; data-embed-type=&quot;emoticon&quot; data-embed-id=&quot;437&quot;&gt;&amp;nbsp;&lt;img src=&quot;https://e.deviantart.net/emoticons/p/plusfav.gif&quot; alt=&quot;+fav&quot; style=&quot;width: 15px; height: 16px;&quot; data-embed-type=&quot;emoticon&quot; data-embed-id=&quot;194&quot;&gt;&amp;nbsp;If you like my work, you can support me by giving me the fav&lt;img src=&quot;https://e.deviantart.net/emoticons/p/plusfav.gif&quot; alt=&quot;+fav&quot; style=&quot;width: 15px; height: 16px;&quot; data-embed-type=&quot;emoticon&quot; data-embed-id=&quot;194&quot;&gt;&amp;nbsp; and the watch&lt;img src=&quot;https://e.deviantart.net/emoticons/h/heart.gif&quot; alt=&quot;Heart&quot; style=&quot;width: 15px; height: 13px;&quot; data-embed-type=&quot;emoticon&quot; data-embed-id=&quot;357&quot;&gt;&amp;nbsp;, so as not to miss a lot of goodies!&lt;img src=&quot;https://e.deviantart.net/emoticons/p/plusfav.gif&quot; alt=&quot;+fav&quot; style=&quot;width: 15px; height: 16px;&quot; data-embed-type=&quot;emoticon&quot; data-embed-id=&quot;194&quot;&gt;&amp;nbsp;&lt;img src=&quot;https://e.deviantart.net/emoticons/w/wave1.gif&quot; alt=&quot;Hi!&quot; style=&quot;width: 25px; height: 20px;&quot; data-embed-type=&quot;emoticon&quot; data-embed-id=&quot;437&quot;&gt;&amp;nbsp;&lt;/b&gt;&lt;br /&gt;&lt;h1&gt;&lt;span&gt;&lt;hr/&gt;&lt;/span&gt;&lt;/h1&gt;&lt;/span&gt;&lt;br /&gt;&lt;div&gt;&lt;img src=&quot;https://t00.deviantart.net/lW-uLToMYsl0T6PlaJOLQ5hQ-ZQ=/300x200/filters:fixed_height(100,100):origin()/pre00/0500/th/pre/f/2019/029/8/d/x_23_laura_kinney_by_ayyasap-dcye25d.jpg&quot; alt=&quot;thumbnail&quot; /&gt;&lt;/div&gt;</description>            </item>
                    <item>
                <title>lady satsuki (KLK)</title>
                <link>https://cutesexyrobutts.deviantart.com/art/lady-satsuki-KLK-783454538</link>
                <guid isPermaLink="true">https://cutesexyrobutts.deviantart.com/art/lady-satsuki-KLK-783454538</guid>
                <pubDate>Wed, 30 Jan 2019 12:11:24 PST</pubDate>
                        <media:title type="plain">lady satsuki (KLK)</media:title>
        <media:keywords></media:keywords>
                        <media:rating>nonadult</media:rating>
                <media:category label="Paintings">manga/digital/paintings</media:category>
        <media:credit role="author" scheme="urn:ebu">cutesexyrobutts</media:credit>
        <media:credit role="author" scheme="urn:ebu">https://a.deviantart.net/avatars/c/u/cutesexyrobutts.png?2</media:credit>
        <media:copyright url="https://cutesexyrobutts.deviantart.com">Copyright 2019 cutesexyrobutts</media:copyright>            <media:description type="html"></media:description>            <media:thumbnail url="https://t00.deviantart.net/pRmmYy-gabQtt5uGNqxAiqfW7js=/fit-in/150x150/filters:no_upscale():origin()/pre00/9ed4/th/pre/f/2019/030/d/0/lady_satsuki__klk__by_cutesexyrobutts-dcyg5e2.png" height="150" width="107"/>            <media:thumbnail url="https://t00.deviantart.net/jJ6dXhADWUWT9lZQm08-1b9e8WY=/fit-in/300x900/filters:no_upscale():origin()/pre00/9ed4/th/pre/f/2019/030/d/0/lady_satsuki__klk__by_cutesexyrobutts-dcyg5e2.png" height="420" width="300"/>            <media:thumbnail url="https://t00.deviantart.net/01WeGvDtSuKpZu6cn234pvFquiw=/300x200/filters:fixed_height(100,100):origin()/pre00/9ed4/th/pre/f/2019/030/d/0/lady_satsuki__klk__by_cutesexyrobutts-dcyg5e2.png" height="200" width="143"/>            <media:content url="https://pre00.deviantart.net/9ed4/th/pre/f/2019/030/d/0/lady_satsuki__klk__by_cutesexyrobutts-dcyg5e2.png" height="1058" width="755" medium="image"/>            
            <description>&lt;br /&gt;&lt;div&gt;&lt;img src=&quot;https://t00.deviantart.net/01WeGvDtSuKpZu6cn234pvFquiw=/300x200/filters:fixed_height(100,100):origin()/pre00/9ed4/th/pre/f/2019/030/d/0/lady_satsuki__klk__by_cutesexyrobutts-dcyg5e2.png&quot; alt=&quot;thumbnail&quot; /&gt;&lt;/div&gt;</description>            </item>
                    <item>
                <title>Keith X Lance .BL tag.</title>
                <link>https://sakimichan.deviantart.com/art/Keith-X-Lance-BL-tag-783353750</link>
                <guid isPermaLink="true">https://sakimichan.deviantart.com/art/Keith-X-Lance-BL-tag-783353750</guid>
                <pubDate>Tue, 29 Jan 2019 17:53:07 PST</pubDate>
                        <media:title type="plain">Keith X Lance .BL tag.</media:title>
        <media:keywords></media:keywords>
                        <media:rating>adult</media:rating>
                <media:category label="Movies &amp; TV">fanart/digital/drawings/movies</media:category>
        <media:credit role="author" scheme="urn:ebu">sakimichan</media:credit>
        <media:credit role="author" scheme="urn:ebu">https://a.deviantart.net/avatars/s/a/sakimichan.jpg?5</media:credit>
        <media:copyright url="https://sakimichan.deviantart.com">Copyright 2019 sakimichan</media:copyright>            <media:description type="html">&lt;b&gt;&lt;a class=&quot;external&quot; href=&quot;https://www.deviantart.com/users/outgoing?http://www.pixiv.net/member.php?id=3384404&quot;&gt;&lt;b&gt;Pixiv &lt;/b&gt;&lt;/a&gt;&lt;/b&gt;&lt;b&gt;ll&lt;a class=&quot;external&quot; href=&quot;https://www.deviantart.com/users/outgoing?https://www.facebook.com/Sakimichanart/&quot;&gt;&lt;b&gt;facebook&lt;/b&gt;&amp;nbsp;&lt;/a&gt; &lt;/b&gt;ll&lt;a class=&quot;external&quot; href=&quot;https://www.deviantart.com/users/outgoing?http://sakimichanart.storenvy.com/&quot;&gt;Online Store&lt;/a&gt;&amp;nbsp;ll&amp;nbsp;&lt;a class=&quot;external&quot; href=&quot;https://www.deviantart.com/users/outgoing?http://sakimichan.tumblr.com/&quot;&gt;Tumblr&lt;/a&gt;&amp;nbsp;ll &lt;b&gt;&lt;a class=&quot;external&quot; href=&quot;https://www.deviantart.com/users/outgoing?http://www.patreon.com/sakimichan&quot;&gt;&lt;b&gt;Patreon&lt;/b&gt;&lt;/a&gt;&lt;/b&gt;ll&lt;b&gt;&lt;a class=&quot;external&quot; href=&quot;https://www.deviantart.com/users/outgoing?http://www.artstation.com/artist/sakimichan&quot;&gt;Artstation&lt;/a&gt;&lt;/b&gt;l&lt;b&gt;&lt;a class=&quot;external&quot; href=&quot;https://www.deviantart.com/users/outgoing?http://instagram.com/sakimi.chan/&quot;&gt;&lt;b&gt;Instagram&lt;/b&gt;&lt;/a&gt;&lt;/b&gt; &lt;b&gt;&lt;a class=&quot;external&quot; href=&quot;https://www.deviantart.com/users/outgoing?https://gumroad.com/sakimichan&quot;&gt;&lt;b&gt;gumroad(tutorial store)&lt;/b&gt;&lt;/a&gt;&lt;/b&gt;&lt;div&gt;&lt;p&gt;&lt;span&gt;&lt;span&gt;&lt;/span&gt;&lt;/span&gt;you guys know my Voltron ship is Keith X Shiro, but I wanted to include keithXLance ship as well ^_^ &amp;lt;3 something cute and romantic with them together &amp;lt;3&lt;a href=&quot;https://www.deviantart.com/users/outgoing?https://t.co/qgsCPWT8MB&quot; title=&quot;https://www.patreon.com/posts/23629697&quot;&gt;&lt;span&gt;&lt;/span&gt;&lt;/a&gt;&lt;/p&gt;&lt;p&gt;&lt;br /&gt;&lt;/p&gt;&lt;/div&gt;&lt;p&gt;&lt;span&gt;&lt;/span&gt;&lt;/p&gt;&lt;span&gt;&lt;/span&gt;&lt;p&gt;&lt;a class=&quot;external&quot; href=&quot;https://www.deviantart.com/users/outgoing?https://www.patreon.com/posts/24320442&quot;&gt;&lt;b&gt;yaoi via&lt;/b&gt;&lt;/a&gt;&lt;/p&gt;&amp;#10053;PSD&lt;br /&gt;&amp;#10053; video process&lt;br /&gt;&amp;#10053;High res jpg for this piece and many others&lt;br /&gt;&lt;br /&gt;&lt;span class=&quot;shadow-holder&quot; data-embed-type=&quot;deviation&quot; data-embed-id=&quot;727376539&quot; data-embed-format=&quot;thumb&quot;&gt;&lt;span class=&quot;shadow mild&quot; &gt;&lt;a class=&quot;thumb&quot; href=&quot;https://www.deviantart.com/sakimichan/art/Hanzo-suit-727376539&quot; title=&quot;Hanzo suit by sakimichan, Jan 24, 2018 in Fan Art &amp;gt; Digital Art &amp;gt; Drawings &amp;gt; Games&quot;data-super-img=&quot;https://images-wixmp-ed30a86b8c4ca887773594c2.wixmp.com/intermediary/f/9ad8fbc8-aee8-4e92-a04b-6abf7a036a51/dc127bv-1228a18e-fab0-4999-838e-ade779611e3a.jpg&quot; data-super-width=&quot;684&quot; data-super-height=&quot;1000&quot; data-super-transparent=&quot;false&quot; data-super-alt=&quot;Hanzo suit by sakimichan&quot; data-super-full-img=&quot;https://images-wixmp-ed30a86b8c4ca887773594c2.wixmp.com/intermediary/f/9ad8fbc8-aee8-4e92-a04b-6abf7a036a51/dc127bv-1228a18e-fab0-4999-838e-ade779611e3a.jpg&quot; data-super-full-width=&quot;684&quot; data-super-full-height=&quot;1000&quot;        data-sigil=&quot;thumb&quot;&gt;
        &lt;i&gt;&lt;/i&gt;&lt;img   width=&quot;103&quot; height=&quot;150&quot; alt=&quot;Hanzo suit by sakimichan&quot; src=&quot;https://images-wixmp-ed30a86b8c4ca887773594c2.wixmp.com/intermediary/f/9ad8fbc8-aee8-4e92-a04b-6abf7a036a51/dc127bv-1228a18e-fab0-4999-838e-ade779611e3a.jpg/v1/fit/w_150,h_150,q_70,strp/hanzo_suit_by_sakimichan_dc127bv-150.jpg&quot; data-src=&quot;https://images-wixmp-ed30a86b8c4ca887773594c2.wixmp.com/intermediary/f/9ad8fbc8-aee8-4e92-a04b-6abf7a036a51/dc127bv-1228a18e-fab0-4999-838e-ade779611e3a.jpg/v1/fit/w_150,h_150,q_70,strp/hanzo_suit_by_sakimichan_dc127bv-150.jpg&quot; srcset=&quot;https://images-wixmp-ed30a86b8c4ca887773594c2.wixmp.com/intermediary/f/9ad8fbc8-aee8-4e92-a04b-6abf7a036a51/dc127bv-1228a18e-fab0-4999-838e-ade779611e3a.jpg/v1/fit/w_150,h_150,q_70,strp/hanzo_suit_by_sakimichan_dc127bv-150.jpg 103w,https://images-wixmp-ed30a86b8c4ca887773594c2.wixmp.com/intermediary/f/9ad8fbc8-aee8-4e92-a04b-6abf7a036a51/dc127bv-1228a18e-fab0-4999-838e-ade779611e3a.jpg/v1/fill/w_171,h_250,q_70,strp/hanzo_suit_by_sakimichan_dc127bv-250t.jpg 171w,https://images-wixmp-ed30a86b8c4ca887773594c2.wixmp.com/intermediary/f/9ad8fbc8-aee8-4e92-a04b-6abf7a036a51/dc127bv-1228a18e-fab0-4999-838e-ade779611e3a.jpg/v1/crop/w_239,h_350,x_0,y_0,scl_0.35087719298246,q_70,strp/hanzo_suit_by_sakimichan_dc127bv-350t.jpg 239w,https://images-wixmp-ed30a86b8c4ca887773594c2.wixmp.com/intermediary/f/9ad8fbc8-aee8-4e92-a04b-6abf7a036a51/dc127bv-1228a18e-fab0-4999-838e-ade779611e3a.jpg/v1/crop/w_274,h_400,x_0,y_0,scl_0.40058479532164,q_70,strp/hanzo_suit_by_sakimichan_dc127bv-400t.jpg 274w,https://images-wixmp-ed30a86b8c4ca887773594c2.wixmp.com/intermediary/f/9ad8fbc8-aee8-4e92-a04b-6abf7a036a51/dc127bv-1228a18e-fab0-4999-838e-ade779611e3a.jpg 684w&quot; sizes=&quot;103px&quot;&gt;&lt;/a&gt;&lt;/span&gt;&lt;!-- ^TTT --&gt;&lt;!-- TTT$ --&gt;&lt;/span&gt;&lt;b&gt;&lt;span class=&quot;shadow-holder&quot; data-embed-type=&quot;deviation&quot; data-embed-id=&quot;754713541&quot; data-embed-format=&quot;thumb&quot;&gt;&lt;span class=&quot;shadow mild&quot; &gt;&lt;a class=&quot;thumb&quot; href=&quot;https://www.deviantart.com/sakimichan/art/Bakugo-Older-pinup-754713541&quot; title=&quot;Bakugo Older pinup by sakimichan, Jul 16, 2018 in Fan Art &amp;gt; Digital Art &amp;gt; Drawings &amp;gt; Movies &amp;amp; TV&quot;data-super-img=&quot;https://images-wixmp-ed30a86b8c4ca887773594c2.wixmp.com/intermediary/f/9ad8fbc8-aee8-4e92-a04b-6abf7a036a51/dchc4p1-7a5defdc-3b24-4165-9b29-8def6179910a.jpg&quot; data-super-width=&quot;684&quot; data-super-height=&quot;1000&quot; data-super-transparent=&quot;false&quot; data-super-alt=&quot;Bakugo Older pinup by sakimichan&quot; data-super-full-img=&quot;https://images-wixmp-ed30a86b8c4ca887773594c2.wixmp.com/intermediary/f/9ad8fbc8-aee8-4e92-a04b-6abf7a036a51/dchc4p1-7a5defdc-3b24-4165-9b29-8def6179910a.jpg&quot; data-super-full-width=&quot;684&quot; data-super-full-height=&quot;1000&quot;        data-sigil=&quot;thumb&quot;&gt;
        &lt;i&gt;&lt;/i&gt;&lt;img   width=&quot;103&quot; height=&quot;150&quot; alt=&quot;Bakugo Older pinup by sakimichan&quot; src=&quot;https://images-wixmp-ed30a86b8c4ca887773594c2.wixmp.com/intermediary/f/9ad8fbc8-aee8-4e92-a04b-6abf7a036a51/dchc4p1-7a5defdc-3b24-4165-9b29-8def6179910a.jpg/v1/fit/w_150,h_150,q_70,strp/bakugo_older_pinup_by_sakimichan_dchc4p1-150.jpg&quot; data-src=&quot;https://images-wixmp-ed30a86b8c4ca887773594c2.wixmp.com/intermediary/f/9ad8fbc8-aee8-4e92-a04b-6abf7a036a51/dchc4p1-7a5defdc-3b24-4165-9b29-8def6179910a.jpg/v1/fit/w_150,h_150,q_70,strp/bakugo_older_pinup_by_sakimichan_dchc4p1-150.jpg&quot; srcset=&quot;https://images-wixmp-ed30a86b8c4ca887773594c2.wixmp.com/intermediary/f/9ad8fbc8-aee8-4e92-a04b-6abf7a036a51/dchc4p1-7a5defdc-3b24-4165-9b29-8def6179910a.jpg/v1/fit/w_150,h_150,q_70,strp/bakugo_older_pinup_by_sakimichan_dchc4p1-150.jpg 103w,https://images-wixmp-ed30a86b8c4ca887773594c2.wixmp.com/intermediary/f/9ad8fbc8-aee8-4e92-a04b-6abf7a036a51/dchc4p1-7a5defdc-3b24-4165-9b29-8def6179910a.jpg/v1/fill/w_171,h_250,q_70,strp/bakugo_older_pinup_by_sakimichan_dchc4p1-250t.jpg 171w,https://images-wixmp-ed30a86b8c4ca887773594c2.wixmp.com/intermediary/f/9ad8fbc8-aee8-4e92-a04b-6abf7a036a51/dchc4p1-7a5defdc-3b24-4165-9b29-8def6179910a.jpg/v1/crop/w_239,h_350,x_0,y_0,scl_0.35087719298246,q_70,strp/bakugo_older_pinup_by_sakimichan_dchc4p1-350t.jpg 239w,https://images-wixmp-ed30a86b8c4ca887773594c2.wixmp.com/intermediary/f/9ad8fbc8-aee8-4e92-a04b-6abf7a036a51/dchc4p1-7a5defdc-3b24-4165-9b29-8def6179910a.jpg/v1/crop/w_274,h_400,x_0,y_0,scl_0.40058479532164,q_70,strp/bakugo_older_pinup_by_sakimichan_dchc4p1-400t.jpg 274w,https://images-wixmp-ed30a86b8c4ca887773594c2.wixmp.com/intermediary/f/9ad8fbc8-aee8-4e92-a04b-6abf7a036a51/dchc4p1-7a5defdc-3b24-4165-9b29-8def6179910a.jpg 684w&quot; sizes=&quot;103px&quot;&gt;&lt;/a&gt;&lt;/span&gt;&lt;!-- ^TTT --&gt;&lt;!-- TTT$ --&gt;&lt;/span&gt;&lt;/b&gt;&lt;span&gt;&lt;span&gt;&lt;span&gt;&lt;span&gt;&lt;span&gt;&lt;span&gt;&lt;span&gt;&lt;span&gt;&lt;span&gt;&lt;/span&gt;&lt;/span&gt;&lt;/span&gt;&lt;/span&gt;&lt;/span&gt;&lt;/span&gt;&lt;/span&gt;&lt;/span&gt;&lt;/span&gt;&lt;b&gt;&lt;span class=&quot;shadow-holder&quot; data-embed-type=&quot;deviation&quot; data-embed-id=&quot;759630093&quot; data-embed-format=&quot;thumb&quot;&gt;&lt;span class=&quot;shadow mild&quot; &gt;&lt;a class=&quot;thumb&quot; href=&quot;https://www.deviantart.com/sakimichan/art/Sun-Wukong-Rwby-759630093&quot; title=&quot;Sun Wukong Rwby by sakimichan, Aug 16, 2018 in Fan Art &amp;gt; Digital Art &amp;gt; Drawings &amp;gt; Movies &amp;amp; TV&quot;data-super-img=&quot;https://images-wixmp-ed30a86b8c4ca887773594c2.wixmp.com/intermediary/f/9ad8fbc8-aee8-4e92-a04b-6abf7a036a51/dck9ibx-44a584f9-7dbb-468d-a4b3-9f832d135461.jpg&quot; data-super-width=&quot;684&quot; data-super-height=&quot;1000&quot; data-super-transparent=&quot;false&quot; data-super-alt=&quot;Sun Wukong Rwby by sakimichan&quot; data-super-full-img=&quot;https://images-wixmp-ed30a86b8c4ca887773594c2.wixmp.com/intermediary/f/9ad8fbc8-aee8-4e92-a04b-6abf7a036a51/dck9ibx-44a584f9-7dbb-468d-a4b3-9f832d135461.jpg&quot; data-super-full-width=&quot;684&quot; data-super-full-height=&quot;1000&quot;        data-sigil=&quot;thumb&quot;&gt;
        &lt;i&gt;&lt;/i&gt;&lt;img   width=&quot;103&quot; height=&quot;150&quot; alt=&quot;Sun Wukong Rwby by sakimichan&quot; src=&quot;https://images-wixmp-ed30a86b8c4ca887773594c2.wixmp.com/intermediary/f/9ad8fbc8-aee8-4e92-a04b-6abf7a036a51/dck9ibx-44a584f9-7dbb-468d-a4b3-9f832d135461.jpg/v1/fit/w_150,h_150,q_70,strp/sun_wukong_rwby_by_sakimichan_dck9ibx-150.jpg&quot; data-src=&quot;https://images-wixmp-ed30a86b8c4ca887773594c2.wixmp.com/intermediary/f/9ad8fbc8-aee8-4e92-a04b-6abf7a036a51/dck9ibx-44a584f9-7dbb-468d-a4b3-9f832d135461.jpg/v1/fit/w_150,h_150,q_70,strp/sun_wukong_rwby_by_sakimichan_dck9ibx-150.jpg&quot; srcset=&quot;https://images-wixmp-ed30a86b8c4ca887773594c2.wixmp.com/intermediary/f/9ad8fbc8-aee8-4e92-a04b-6abf7a036a51/dck9ibx-44a584f9-7dbb-468d-a4b3-9f832d135461.jpg/v1/fit/w_150,h_150,q_70,strp/sun_wukong_rwby_by_sakimichan_dck9ibx-150.jpg 103w,https://images-wixmp-ed30a86b8c4ca887773594c2.wixmp.com/intermediary/f/9ad8fbc8-aee8-4e92-a04b-6abf7a036a51/dck9ibx-44a584f9-7dbb-468d-a4b3-9f832d135461.jpg/v1/fill/w_171,h_250,q_70,strp/sun_wukong_rwby_by_sakimichan_dck9ibx-250t.jpg 171w,https://images-wixmp-ed30a86b8c4ca887773594c2.wixmp.com/intermediary/f/9ad8fbc8-aee8-4e92-a04b-6abf7a036a51/dck9ibx-44a584f9-7dbb-468d-a4b3-9f832d135461.jpg/v1/crop/w_239,h_350,x_0,y_0,scl_0.35087719298246,q_70,strp/sun_wukong_rwby_by_sakimichan_dck9ibx-350t.jpg 239w,https://images-wixmp-ed30a86b8c4ca887773594c2.wixmp.com/intermediary/f/9ad8fbc8-aee8-4e92-a04b-6abf7a036a51/dck9ibx-44a584f9-7dbb-468d-a4b3-9f832d135461.jpg/v1/crop/w_274,h_400,x_0,y_0,scl_0.40058479532164,q_70,strp/sun_wukong_rwby_by_sakimichan_dck9ibx-400t.jpg 274w,https://images-wixmp-ed30a86b8c4ca887773594c2.wixmp.com/intermediary/f/9ad8fbc8-aee8-4e92-a04b-6abf7a036a51/dck9ibx-44a584f9-7dbb-468d-a4b3-9f832d135461.jpg 684w&quot; sizes=&quot;103px&quot;&gt;&lt;/a&gt;&lt;/span&gt;&lt;!-- ^TTT --&gt;&lt;!-- TTT$ --&gt;&lt;/span&gt;&lt;/b&gt;&lt;span class=&quot;shadow-holder&quot; data-embed-type=&quot;deviation&quot; data-embed-id=&quot;751990583&quot; data-embed-format=&quot;thumb&quot;&gt;&lt;span class=&quot;shadow mild&quot; &gt;&lt;a class=&quot;thumb ismature&quot; href=&quot;https://www.deviantart.com/sakimichan/art/chat-noirs-yaoi-tag-751990583&quot; title=&quot;chat noirs .yaoi tag. by sakimichan, Jun 28, 2018 in Fan Art &amp;gt; Digital Art &amp;gt; Drawings &amp;gt; Movies &amp;amp; TV&quot;data-super-img=&quot;https://images-wixmp-ed30a86b8c4ca887773594c2.wixmp.com/intermediary/f/9ad8fbc8-aee8-4e92-a04b-6abf7a036a51/dcfprnb-a35ee83f-6536-4866-9c2c-4d16c1d1cfa1.jpg&quot; data-super-width=&quot;541&quot; data-super-height=&quot;428&quot; data-super-transparent=&quot;false&quot; data-super-alt=&quot;chat noirs .yaoi tag. by sakimichan&quot; data-super-full-img=&quot;https://images-wixmp-ed30a86b8c4ca887773594c2.wixmp.com/intermediary/f/9ad8fbc8-aee8-4e92-a04b-6abf7a036a51/dcfprnb-a35ee83f-6536-4866-9c2c-4d16c1d1cfa1.jpg&quot; data-super-full-width=&quot;541&quot; data-super-full-height=&quot;428&quot;        data-sigil=&quot;thumb&quot;&gt;
                &lt;div class=&quot;thumb_agegate&quot;&gt;
            &lt;div class=&quot;agegate&quot;&gt;
                &lt;div class=&quot;nogo icon-blocked&quot;&gt;&lt;/div&gt;
                &lt;h1&gt;Mature Content&lt;/h1&gt;
            &lt;/div&gt;
        &lt;/div&gt;
        &lt;i&gt;&lt;/i&gt;&lt;img   width=&quot;150&quot; height=&quot;119&quot; alt=&quot;chat noirs .yaoi tag. by sakimichan&quot; src=&quot;https://images-wixmp-ed30a86b8c4ca887773594c2.wixmp.com/intermediary/f/9ad8fbc8-aee8-4e92-a04b-6abf7a036a51/dcfprnb-a35ee83f-6536-4866-9c2c-4d16c1d1cfa1.jpg/v1/fit/w_150,h_150,q_70,strp/chat_noirs__yaoi_tag__by_sakimichan_dcfprnb-150.jpg&quot; data-src=&quot;https://images-wixmp-ed30a86b8c4ca887773594c2.wixmp.com/intermediary/f/9ad8fbc8-aee8-4e92-a04b-6abf7a036a51/dcfprnb-a35ee83f-6536-4866-9c2c-4d16c1d1cfa1.jpg/v1/fit/w_150,h_150,q_70,strp/chat_noirs__yaoi_tag__by_sakimichan_dcfprnb-150.jpg&quot; srcset=&quot;https://images-wixmp-ed30a86b8c4ca887773594c2.wixmp.com/intermediary/f/9ad8fbc8-aee8-4e92-a04b-6abf7a036a51/dcfprnb-a35ee83f-6536-4866-9c2c-4d16c1d1cfa1.jpg/v1/fit/w_150,h_150,q_70,strp/chat_noirs__yaoi_tag__by_sakimichan_dcfprnb-150.jpg 150w,https://images-wixmp-ed30a86b8c4ca887773594c2.wixmp.com/intermediary/f/9ad8fbc8-aee8-4e92-a04b-6abf7a036a51/dcfprnb-a35ee83f-6536-4866-9c2c-4d16c1d1cfa1.jpg/v1/fill/w_316,h_250,q_70,strp/chat_noirs__yaoi_tag__by_sakimichan_dcfprnb-250t.jpg 316w,https://images-wixmp-ed30a86b8c4ca887773594c2.wixmp.com/intermediary/f/9ad8fbc8-aee8-4e92-a04b-6abf7a036a51/dcfprnb-a35ee83f-6536-4866-9c2c-4d16c1d1cfa1.jpg/v1/fill/w_442,h_350,q_70,strp/chat_noirs__yaoi_tag__by_sakimichan_dcfprnb-350t.jpg 442w,https://images-wixmp-ed30a86b8c4ca887773594c2.wixmp.com/intermediary/f/9ad8fbc8-aee8-4e92-a04b-6abf7a036a51/dcfprnb-a35ee83f-6536-4866-9c2c-4d16c1d1cfa1.jpg/v1/fill/w_506,h_400,q_70,strp/chat_noirs__yaoi_tag__by_sakimichan_dcfprnb-400t.jpg 506w,https://images-wixmp-ed30a86b8c4ca887773594c2.wixmp.com/intermediary/f/9ad8fbc8-aee8-4e92-a04b-6abf7a036a51/dcfprnb-a35ee83f-6536-4866-9c2c-4d16c1d1cfa1.jpg 541w&quot; sizes=&quot;150px&quot;&gt;&lt;/a&gt;&lt;/span&gt;&lt;!-- ^TTT --&gt;&lt;!-- TTT$ --&gt;&lt;/span&gt;&lt;b&gt;&lt;span class=&quot;shadow-holder&quot; data-embed-type=&quot;deviation&quot; data-embed-id=&quot;756798359&quot; data-embed-format=&quot;thumb&quot;&gt;&lt;span class=&quot;shadow mild&quot; &gt;&lt;a class=&quot;thumb ismature&quot; href=&quot;https://www.deviantart.com/sakimichan/art/Dabi-Shigaraki-Yaoi-Social-756798359&quot; title=&quot;Dabi Shigaraki Yaoi Social by sakimichan, Jul 29, 2018 in Fan Art &amp;gt; Digital Art &amp;gt; Drawings &amp;gt; Movies &amp;amp; TV&quot;data-super-img=&quot;https://images-wixmp-ed30a86b8c4ca887773594c2.wixmp.com/intermediary/f/9ad8fbc8-aee8-4e92-a04b-6abf7a036a51/dciktcn-0e236a26-1b5e-4e7e-b654-dccdbc56c1dd.jpg&quot; data-super-width=&quot;773&quot; data-super-height=&quot;597&quot; data-super-transparent=&quot;false&quot; data-super-alt=&quot;Dabi Shigaraki Yaoi Social by sakimichan&quot; data-super-full-img=&quot;https://images-wixmp-ed30a86b8c4ca887773594c2.wixmp.com/intermediary/f/9ad8fbc8-aee8-4e92-a04b-6abf7a036a51/dciktcn-0e236a26-1b5e-4e7e-b654-dccdbc56c1dd.jpg&quot; data-super-full-width=&quot;773&quot; data-super-full-height=&quot;597&quot;        data-sigil=&quot;thumb&quot;&gt;
                &lt;div class=&quot;thumb_agegate&quot;&gt;
            &lt;div class=&quot;agegate&quot;&gt;
                &lt;div class=&quot;nogo icon-blocked&quot;&gt;&lt;/div&gt;
                &lt;h1&gt;Mature Content&lt;/h1&gt;
            &lt;/div&gt;
        &lt;/div&gt;
        &lt;i&gt;&lt;/i&gt;&lt;img   width=&quot;150&quot; height=&quot;116&quot; alt=&quot;Dabi Shigaraki Yaoi Social by sakimichan&quot; src=&quot;https://images-wixmp-ed30a86b8c4ca887773594c2.wixmp.com/intermediary/f/9ad8fbc8-aee8-4e92-a04b-6abf7a036a51/dciktcn-0e236a26-1b5e-4e7e-b654-dccdbc56c1dd.jpg/v1/fit/w_150,h_150,q_70,strp/dabi_shigaraki_yaoi_social_by_sakimichan_dciktcn-150.jpg&quot; data-src=&quot;https://images-wixmp-ed30a86b8c4ca887773594c2.wixmp.com/intermediary/f/9ad8fbc8-aee8-4e92-a04b-6abf7a036a51/dciktcn-0e236a26-1b5e-4e7e-b654-dccdbc56c1dd.jpg/v1/fit/w_150,h_150,q_70,strp/dabi_shigaraki_yaoi_social_by_sakimichan_dciktcn-150.jpg&quot; srcset=&quot;https://images-wixmp-ed30a86b8c4ca887773594c2.wixmp.com/intermediary/f/9ad8fbc8-aee8-4e92-a04b-6abf7a036a51/dciktcn-0e236a26-1b5e-4e7e-b654-dccdbc56c1dd.jpg/v1/fit/w_150,h_150,q_70,strp/dabi_shigaraki_yaoi_social_by_sakimichan_dciktcn-150.jpg 150w,https://images-wixmp-ed30a86b8c4ca887773594c2.wixmp.com/intermediary/f/9ad8fbc8-aee8-4e92-a04b-6abf7a036a51/dciktcn-0e236a26-1b5e-4e7e-b654-dccdbc56c1dd.jpg/v1/fill/w_324,h_250,q_70,strp/dabi_shigaraki_yaoi_social_by_sakimichan_dciktcn-250t.jpg 324w,https://images-wixmp-ed30a86b8c4ca887773594c2.wixmp.com/intermediary/f/9ad8fbc8-aee8-4e92-a04b-6abf7a036a51/dciktcn-0e236a26-1b5e-4e7e-b654-dccdbc56c1dd.jpg/v1/fill/w_453,h_350,q_70,strp/dabi_shigaraki_yaoi_social_by_sakimichan_dciktcn-350t.jpg 453w,https://images-wixmp-ed30a86b8c4ca887773594c2.wixmp.com/intermediary/f/9ad8fbc8-aee8-4e92-a04b-6abf7a036a51/dciktcn-0e236a26-1b5e-4e7e-b654-dccdbc56c1dd.jpg/v1/fill/w_518,h_400,q_70,strp/dabi_shigaraki_yaoi_social_by_sakimichan_dciktcn-400t.jpg 518w,https://images-wixmp-ed30a86b8c4ca887773594c2.wixmp.com/intermediary/f/9ad8fbc8-aee8-4e92-a04b-6abf7a036a51/dciktcn-0e236a26-1b5e-4e7e-b654-dccdbc56c1dd.jpg 773w&quot; sizes=&quot;150px&quot;&gt;&lt;/a&gt;&lt;/span&gt;&lt;!-- ^TTT --&gt;&lt;!-- TTT$ --&gt;&lt;/span&gt;&lt;/b&gt;&lt;br /&gt;&lt;br /&gt;&lt;a href=&quot;https://sakimichan.deviantart.com/journal/Patreon-Rewards-Archive-498302321&quot;&gt;Patreon reward archive&amp;nbsp;&lt;/a&gt;&lt;span&gt;( see what rewards you can get by helping support me !)&lt;/span&gt;&lt;br /&gt;&lt;span&gt;Thank you for your interest!&lt;/span&gt;</media:description>            <media:thumbnail url="https://t00.deviantart.net/RbInmtfS7PZ0s1xIptbb1O9YFL8=/fit-in/150x150/filters:no_upscale():origin()/pre00/6b45/th/pre/f/2019/029/d/6/klance_01_social_media_by_sakimichan-dcydzme.jpg" height="123" width="150"/>            <media:thumbnail url="https://t00.deviantart.net/dlhYk3RFO_yZWA_orIRl64FPDFs=/fit-in/300x900/filters:no_upscale():origin()/pre00/6b45/th/pre/f/2019/029/d/6/klance_01_social_media_by_sakimichan-dcydzme.jpg" height="245" width="300"/>            <media:thumbnail url="https://t00.deviantart.net/Ku3H91MlnaEGieOLFr06z6rOXMM=/300x200/filters:fixed_height(100,100):origin()/pre00/6b45/th/pre/f/2019/029/d/6/klance_01_social_media_by_sakimichan-dcydzme.jpg" height="200" width="245"/>            <media:content url="https://orig00.deviantart.net/2a70/f/2019/029/d/6/klance_01_social_media_by_sakimichan-dcydzme.jpg" height="442" width="541" medium="image"/>            
            <description>&lt;b&gt;&lt;a class=&quot;external&quot; href=&quot;https://www.deviantart.com/users/outgoing?http://www.pixiv.net/member.php?id=3384404&quot;&gt;&lt;b&gt;Pixiv &lt;/b&gt;&lt;/a&gt;&lt;/b&gt;&lt;b&gt;ll&lt;a class=&quot;external&quot; href=&quot;https://www.deviantart.com/users/outgoing?https://www.facebook.com/Sakimichanart/&quot;&gt;&lt;b&gt;facebook&lt;/b&gt;&amp;nbsp;&lt;/a&gt; &lt;/b&gt;ll&lt;a class=&quot;external&quot; href=&quot;https://www.deviantart.com/users/outgoing?http://sakimichanart.storenvy.com/&quot;&gt;Online Store&lt;/a&gt;&amp;nbsp;ll&amp;nbsp;&lt;a class=&quot;external&quot; href=&quot;https://www.deviantart.com/users/outgoing?http://sakimichan.tumblr.com/&quot;&gt;Tumblr&lt;/a&gt;&amp;nbsp;ll &lt;b&gt;&lt;a class=&quot;external&quot; href=&quot;https://www.deviantart.com/users/outgoing?http://www.patreon.com/sakimichan&quot;&gt;&lt;b&gt;Patreon&lt;/b&gt;&lt;/a&gt;&lt;/b&gt;ll&lt;b&gt;&lt;a class=&quot;external&quot; href=&quot;https://www.deviantart.com/users/outgoing?http://www.artstation.com/artist/sakimichan&quot;&gt;Artstation&lt;/a&gt;&lt;/b&gt;l&lt;b&gt;&lt;a class=&quot;external&quot; href=&quot;https://www.deviantart.com/users/outgoing?http://instagram.com/sakimi.chan/&quot;&gt;&lt;b&gt;Instagram&lt;/b&gt;&lt;/a&gt;&lt;/b&gt; &lt;b&gt;&lt;a class=&quot;external&quot; href=&quot;https://www.deviantart.com/users/outgoing?https://gumroad.com/sakimichan&quot;&gt;&lt;b&gt;gumroad(tutorial store)&lt;/b&gt;&lt;/a&gt;&lt;/b&gt;&lt;div&gt;&lt;p&gt;&lt;span&gt;&lt;span&gt;&lt;/span&gt;&lt;/span&gt;you guys know my Voltron ship is Keith X Shiro, but I wanted to include keithXLance ship as well ^_^ &amp;lt;3 something cute and romantic with them together &amp;lt;3&lt;a href=&quot;https://www.deviantart.com/users/outgoing?https://t.co/qgsCPWT8MB&quot; title=&quot;https://www.patreon.com/posts/23629697&quot;&gt;&lt;span&gt;&lt;/span&gt;&lt;/a&gt;&lt;/p&gt;&lt;p&gt;&lt;br /&gt;&lt;/p&gt;&lt;/div&gt;&lt;p&gt;&lt;span&gt;&lt;/span&gt;&lt;/p&gt;&lt;span&gt;&lt;/span&gt;&lt;p&gt;&lt;a class=&quot;external&quot; href=&quot;https://www.deviantart.com/users/outgoing?https://www.patreon.com/posts/24320442&quot;&gt;&lt;b&gt;yaoi via&lt;/b&gt;&lt;/a&gt;&lt;/p&gt;&amp;#10053;PSD&lt;br /&gt;&amp;#10053; video process&lt;br /&gt;&amp;#10053;High res jpg for this piece and many others&lt;br /&gt;&lt;br /&gt;&lt;span class=&quot;shadow-holder&quot; data-embed-type=&quot;deviation&quot; data-embed-id=&quot;727376539&quot; data-embed-format=&quot;thumb&quot;&gt;&lt;span class=&quot;shadow mild&quot; &gt;&lt;a class=&quot;thumb&quot; href=&quot;https://www.deviantart.com/sakimichan/art/Hanzo-suit-727376539&quot; title=&quot;Hanzo suit by sakimichan, Jan 24, 2018 in Fan Art &amp;gt; Digital Art &amp;gt; Drawings &amp;gt; Games&quot;data-super-img=&quot;https://images-wixmp-ed30a86b8c4ca887773594c2.wixmp.com/intermediary/f/9ad8fbc8-aee8-4e92-a04b-6abf7a036a51/dc127bv-1228a18e-fab0-4999-838e-ade779611e3a.jpg&quot; data-super-width=&quot;684&quot; data-super-height=&quot;1000&quot; data-super-transparent=&quot;false&quot; data-super-alt=&quot;Hanzo suit by sakimichan&quot; data-super-full-img=&quot;https://images-wixmp-ed30a86b8c4ca887773594c2.wixmp.com/intermediary/f/9ad8fbc8-aee8-4e92-a04b-6abf7a036a51/dc127bv-1228a18e-fab0-4999-838e-ade779611e3a.jpg&quot; data-super-full-width=&quot;684&quot; data-super-full-height=&quot;1000&quot;        data-sigil=&quot;thumb&quot;&gt;
        &lt;i&gt;&lt;/i&gt;&lt;img   width=&quot;103&quot; height=&quot;150&quot; alt=&quot;Hanzo suit by sakimichan&quot; src=&quot;https://images-wixmp-ed30a86b8c4ca887773594c2.wixmp.com/intermediary/f/9ad8fbc8-aee8-4e92-a04b-6abf7a036a51/dc127bv-1228a18e-fab0-4999-838e-ade779611e3a.jpg/v1/fit/w_150,h_150,q_70,strp/hanzo_suit_by_sakimichan_dc127bv-150.jpg&quot; data-src=&quot;https://images-wixmp-ed30a86b8c4ca887773594c2.wixmp.com/intermediary/f/9ad8fbc8-aee8-4e92-a04b-6abf7a036a51/dc127bv-1228a18e-fab0-4999-838e-ade779611e3a.jpg/v1/fit/w_150,h_150,q_70,strp/hanzo_suit_by_sakimichan_dc127bv-150.jpg&quot; srcset=&quot;https://images-wixmp-ed30a86b8c4ca887773594c2.wixmp.com/intermediary/f/9ad8fbc8-aee8-4e92-a04b-6abf7a036a51/dc127bv-1228a18e-fab0-4999-838e-ade779611e3a.jpg/v1/fit/w_150,h_150,q_70,strp/hanzo_suit_by_sakimichan_dc127bv-150.jpg 103w,https://images-wixmp-ed30a86b8c4ca887773594c2.wixmp.com/intermediary/f/9ad8fbc8-aee8-4e92-a04b-6abf7a036a51/dc127bv-1228a18e-fab0-4999-838e-ade779611e3a.jpg/v1/fill/w_171,h_250,q_70,strp/hanzo_suit_by_sakimichan_dc127bv-250t.jpg 171w,https://images-wixmp-ed30a86b8c4ca887773594c2.wixmp.com/intermediary/f/9ad8fbc8-aee8-4e92-a04b-6abf7a036a51/dc127bv-1228a18e-fab0-4999-838e-ade779611e3a.jpg/v1/crop/w_239,h_350,x_0,y_0,scl_0.35087719298246,q_70,strp/hanzo_suit_by_sakimichan_dc127bv-350t.jpg 239w,https://images-wixmp-ed30a86b8c4ca887773594c2.wixmp.com/intermediary/f/9ad8fbc8-aee8-4e92-a04b-6abf7a036a51/dc127bv-1228a18e-fab0-4999-838e-ade779611e3a.jpg/v1/crop/w_274,h_400,x_0,y_0,scl_0.40058479532164,q_70,strp/hanzo_suit_by_sakimichan_dc127bv-400t.jpg 274w,https://images-wixmp-ed30a86b8c4ca887773594c2.wixmp.com/intermediary/f/9ad8fbc8-aee8-4e92-a04b-6abf7a036a51/dc127bv-1228a18e-fab0-4999-838e-ade779611e3a.jpg 684w&quot; sizes=&quot;103px&quot;&gt;&lt;/a&gt;&lt;/span&gt;&lt;!-- ^TTT --&gt;&lt;!-- TTT$ --&gt;&lt;/span&gt;&lt;b&gt;&lt;span class=&quot;shadow-holder&quot; data-embed-type=&quot;deviation&quot; data-embed-id=&quot;754713541&quot; data-embed-format=&quot;thumb&quot;&gt;&lt;span class=&quot;shadow mild&quot; &gt;&lt;a class=&quot;thumb&quot; href=&quot;https://www.deviantart.com/sakimichan/art/Bakugo-Older-pinup-754713541&quot; title=&quot;Bakugo Older pinup by sakimichan, Jul 16, 2018 in Fan Art &amp;gt; Digital Art &amp;gt; Drawings &amp;gt; Movies &amp;amp; TV&quot;data-super-img=&quot;https://images-wixmp-ed30a86b8c4ca887773594c2.wixmp.com/intermediary/f/9ad8fbc8-aee8-4e92-a04b-6abf7a036a51/dchc4p1-7a5defdc-3b24-4165-9b29-8def6179910a.jpg&quot; data-super-width=&quot;684&quot; data-super-height=&quot;1000&quot; data-super-transparent=&quot;false&quot; data-super-alt=&quot;Bakugo Older pinup by sakimichan&quot; data-super-full-img=&quot;https://images-wixmp-ed30a86b8c4ca887773594c2.wixmp.com/intermediary/f/9ad8fbc8-aee8-4e92-a04b-6abf7a036a51/dchc4p1-7a5defdc-3b24-4165-9b29-8def6179910a.jpg&quot; data-super-full-width=&quot;684&quot; data-super-full-height=&quot;1000&quot;        data-sigil=&quot;thumb&quot;&gt;
        &lt;i&gt;&lt;/i&gt;&lt;img   width=&quot;103&quot; height=&quot;150&quot; alt=&quot;Bakugo Older pinup by sakimichan&quot; src=&quot;https://images-wixmp-ed30a86b8c4ca887773594c2.wixmp.com/intermediary/f/9ad8fbc8-aee8-4e92-a04b-6abf7a036a51/dchc4p1-7a5defdc-3b24-4165-9b29-8def6179910a.jpg/v1/fit/w_150,h_150,q_70,strp/bakugo_older_pinup_by_sakimichan_dchc4p1-150.jpg&quot; data-src=&quot;https://images-wixmp-ed30a86b8c4ca887773594c2.wixmp.com/intermediary/f/9ad8fbc8-aee8-4e92-a04b-6abf7a036a51/dchc4p1-7a5defdc-3b24-4165-9b29-8def6179910a.jpg/v1/fit/w_150,h_150,q_70,strp/bakugo_older_pinup_by_sakimichan_dchc4p1-150.jpg&quot; srcset=&quot;https://images-wixmp-ed30a86b8c4ca887773594c2.wixmp.com/intermediary/f/9ad8fbc8-aee8-4e92-a04b-6abf7a036a51/dchc4p1-7a5defdc-3b24-4165-9b29-8def6179910a.jpg/v1/fit/w_150,h_150,q_70,strp/bakugo_older_pinup_by_sakimichan_dchc4p1-150.jpg 103w,https://images-wixmp-ed30a86b8c4ca887773594c2.wixmp.com/intermediary/f/9ad8fbc8-aee8-4e92-a04b-6abf7a036a51/dchc4p1-7a5defdc-3b24-4165-9b29-8def6179910a.jpg/v1/fill/w_171,h_250,q_70,strp/bakugo_older_pinup_by_sakimichan_dchc4p1-250t.jpg 171w,https://images-wixmp-ed30a86b8c4ca887773594c2.wixmp.com/intermediary/f/9ad8fbc8-aee8-4e92-a04b-6abf7a036a51/dchc4p1-7a5defdc-3b24-4165-9b29-8def6179910a.jpg/v1/crop/w_239,h_350,x_0,y_0,scl_0.35087719298246,q_70,strp/bakugo_older_pinup_by_sakimichan_dchc4p1-350t.jpg 239w,https://images-wixmp-ed30a86b8c4ca887773594c2.wixmp.com/intermediary/f/9ad8fbc8-aee8-4e92-a04b-6abf7a036a51/dchc4p1-7a5defdc-3b24-4165-9b29-8def6179910a.jpg/v1/crop/w_274,h_400,x_0,y_0,scl_0.40058479532164,q_70,strp/bakugo_older_pinup_by_sakimichan_dchc4p1-400t.jpg 274w,https://images-wixmp-ed30a86b8c4ca887773594c2.wixmp.com/intermediary/f/9ad8fbc8-aee8-4e92-a04b-6abf7a036a51/dchc4p1-7a5defdc-3b24-4165-9b29-8def6179910a.jpg 684w&quot; sizes=&quot;103px&quot;&gt;&lt;/a&gt;&lt;/span&gt;&lt;!-- ^TTT --&gt;&lt;!-- TTT$ --&gt;&lt;/span&gt;&lt;/b&gt;&lt;span&gt;&lt;span&gt;&lt;span&gt;&lt;span&gt;&lt;span&gt;&lt;span&gt;&lt;span&gt;&lt;span&gt;&lt;span&gt;&lt;/span&gt;&lt;/span&gt;&lt;/span&gt;&lt;/span&gt;&lt;/span&gt;&lt;/span&gt;&lt;/span&gt;&lt;/span&gt;&lt;/span&gt;&lt;b&gt;&lt;span class=&quot;shadow-holder&quot; data-embed-type=&quot;deviation&quot; data-embed-id=&quot;759630093&quot; data-embed-format=&quot;thumb&quot;&gt;&lt;span class=&quot;shadow mild&quot; &gt;&lt;a class=&quot;thumb&quot; href=&quot;https://www.deviantart.com/sakimichan/art/Sun-Wukong-Rwby-759630093&quot; title=&quot;Sun Wukong Rwby by sakimichan, Aug 16, 2018 in Fan Art &amp;gt; Digital Art &amp;gt; Drawings &amp;gt; Movies &amp;amp; TV&quot;data-super-img=&quot;https://images-wixmp-ed30a86b8c4ca887773594c2.wixmp.com/intermediary/f/9ad8fbc8-aee8-4e92-a04b-6abf7a036a51/dck9ibx-44a584f9-7dbb-468d-a4b3-9f832d135461.jpg&quot; data-super-width=&quot;684&quot; data-super-height=&quot;1000&quot; data-super-transparent=&quot;false&quot; data-super-alt=&quot;Sun Wukong Rwby by sakimichan&quot; data-super-full-img=&quot;https://images-wixmp-ed30a86b8c4ca887773594c2.wixmp.com/intermediary/f/9ad8fbc8-aee8-4e92-a04b-6abf7a036a51/dck9ibx-44a584f9-7dbb-468d-a4b3-9f832d135461.jpg&quot; data-super-full-width=&quot;684&quot; data-super-full-height=&quot;1000&quot;        data-sigil=&quot;thumb&quot;&gt;
        &lt;i&gt;&lt;/i&gt;&lt;img   width=&quot;103&quot; height=&quot;150&quot; alt=&quot;Sun Wukong Rwby by sakimichan&quot; src=&quot;https://images-wixmp-ed30a86b8c4ca887773594c2.wixmp.com/intermediary/f/9ad8fbc8-aee8-4e92-a04b-6abf7a036a51/dck9ibx-44a584f9-7dbb-468d-a4b3-9f832d135461.jpg/v1/fit/w_150,h_150,q_70,strp/sun_wukong_rwby_by_sakimichan_dck9ibx-150.jpg&quot; data-src=&quot;https://images-wixmp-ed30a86b8c4ca887773594c2.wixmp.com/intermediary/f/9ad8fbc8-aee8-4e92-a04b-6abf7a036a51/dck9ibx-44a584f9-7dbb-468d-a4b3-9f832d135461.jpg/v1/fit/w_150,h_150,q_70,strp/sun_wukong_rwby_by_sakimichan_dck9ibx-150.jpg&quot; srcset=&quot;https://images-wixmp-ed30a86b8c4ca887773594c2.wixmp.com/intermediary/f/9ad8fbc8-aee8-4e92-a04b-6abf7a036a51/dck9ibx-44a584f9-7dbb-468d-a4b3-9f832d135461.jpg/v1/fit/w_150,h_150,q_70,strp/sun_wukong_rwby_by_sakimichan_dck9ibx-150.jpg 103w,https://images-wixmp-ed30a86b8c4ca887773594c2.wixmp.com/intermediary/f/9ad8fbc8-aee8-4e92-a04b-6abf7a036a51/dck9ibx-44a584f9-7dbb-468d-a4b3-9f832d135461.jpg/v1/fill/w_171,h_250,q_70,strp/sun_wukong_rwby_by_sakimichan_dck9ibx-250t.jpg 171w,https://images-wixmp-ed30a86b8c4ca887773594c2.wixmp.com/intermediary/f/9ad8fbc8-aee8-4e92-a04b-6abf7a036a51/dck9ibx-44a584f9-7dbb-468d-a4b3-9f832d135461.jpg/v1/crop/w_239,h_350,x_0,y_0,scl_0.35087719298246,q_70,strp/sun_wukong_rwby_by_sakimichan_dck9ibx-350t.jpg 239w,https://images-wixmp-ed30a86b8c4ca887773594c2.wixmp.com/intermediary/f/9ad8fbc8-aee8-4e92-a04b-6abf7a036a51/dck9ibx-44a584f9-7dbb-468d-a4b3-9f832d135461.jpg/v1/crop/w_274,h_400,x_0,y_0,scl_0.40058479532164,q_70,strp/sun_wukong_rwby_by_sakimichan_dck9ibx-400t.jpg 274w,https://images-wixmp-ed30a86b8c4ca887773594c2.wixmp.com/intermediary/f/9ad8fbc8-aee8-4e92-a04b-6abf7a036a51/dck9ibx-44a584f9-7dbb-468d-a4b3-9f832d135461.jpg 684w&quot; sizes=&quot;103px&quot;&gt;&lt;/a&gt;&lt;/span&gt;&lt;!-- ^TTT --&gt;&lt;!-- TTT$ --&gt;&lt;/span&gt;&lt;/b&gt;&lt;span class=&quot;shadow-holder&quot; data-embed-type=&quot;deviation&quot; data-embed-id=&quot;751990583&quot; data-embed-format=&quot;thumb&quot;&gt;&lt;span class=&quot;shadow mild&quot; &gt;&lt;a class=&quot;thumb ismature&quot; href=&quot;https://www.deviantart.com/sakimichan/art/chat-noirs-yaoi-tag-751990583&quot; title=&quot;chat noirs .yaoi tag. by sakimichan, Jun 28, 2018 in Fan Art &amp;gt; Digital Art &amp;gt; Drawings &amp;gt; Movies &amp;amp; TV&quot;data-super-img=&quot;https://images-wixmp-ed30a86b8c4ca887773594c2.wixmp.com/intermediary/f/9ad8fbc8-aee8-4e92-a04b-6abf7a036a51/dcfprnb-a35ee83f-6536-4866-9c2c-4d16c1d1cfa1.jpg&quot; data-super-width=&quot;541&quot; data-super-height=&quot;428&quot; data-super-transparent=&quot;false&quot; data-super-alt=&quot;chat noirs .yaoi tag. by sakimichan&quot; data-super-full-img=&quot;https://images-wixmp-ed30a86b8c4ca887773594c2.wixmp.com/intermediary/f/9ad8fbc8-aee8-4e92-a04b-6abf7a036a51/dcfprnb-a35ee83f-6536-4866-9c2c-4d16c1d1cfa1.jpg&quot; data-super-full-width=&quot;541&quot; data-super-full-height=&quot;428&quot;        data-sigil=&quot;thumb&quot;&gt;
                &lt;div class=&quot;thumb_agegate&quot;&gt;
            &lt;div class=&quot;agegate&quot;&gt;
                &lt;div class=&quot;nogo icon-blocked&quot;&gt;&lt;/div&gt;
                &lt;h1&gt;Mature Content&lt;/h1&gt;
            &lt;/div&gt;
        &lt;/div&gt;
        &lt;i&gt;&lt;/i&gt;&lt;img   width=&quot;150&quot; height=&quot;119&quot; alt=&quot;chat noirs .yaoi tag. by sakimichan&quot; src=&quot;https://images-wixmp-ed30a86b8c4ca887773594c2.wixmp.com/intermediary/f/9ad8fbc8-aee8-4e92-a04b-6abf7a036a51/dcfprnb-a35ee83f-6536-4866-9c2c-4d16c1d1cfa1.jpg/v1/fit/w_150,h_150,q_70,strp/chat_noirs__yaoi_tag__by_sakimichan_dcfprnb-150.jpg&quot; data-src=&quot;https://images-wixmp-ed30a86b8c4ca887773594c2.wixmp.com/intermediary/f/9ad8fbc8-aee8-4e92-a04b-6abf7a036a51/dcfprnb-a35ee83f-6536-4866-9c2c-4d16c1d1cfa1.jpg/v1/fit/w_150,h_150,q_70,strp/chat_noirs__yaoi_tag__by_sakimichan_dcfprnb-150.jpg&quot; srcset=&quot;https://images-wixmp-ed30a86b8c4ca887773594c2.wixmp.com/intermediary/f/9ad8fbc8-aee8-4e92-a04b-6abf7a036a51/dcfprnb-a35ee83f-6536-4866-9c2c-4d16c1d1cfa1.jpg/v1/fit/w_150,h_150,q_70,strp/chat_noirs__yaoi_tag__by_sakimichan_dcfprnb-150.jpg 150w,https://images-wixmp-ed30a86b8c4ca887773594c2.wixmp.com/intermediary/f/9ad8fbc8-aee8-4e92-a04b-6abf7a036a51/dcfprnb-a35ee83f-6536-4866-9c2c-4d16c1d1cfa1.jpg/v1/fill/w_316,h_250,q_70,strp/chat_noirs__yaoi_tag__by_sakimichan_dcfprnb-250t.jpg 316w,https://images-wixmp-ed30a86b8c4ca887773594c2.wixmp.com/intermediary/f/9ad8fbc8-aee8-4e92-a04b-6abf7a036a51/dcfprnb-a35ee83f-6536-4866-9c2c-4d16c1d1cfa1.jpg/v1/fill/w_442,h_350,q_70,strp/chat_noirs__yaoi_tag__by_sakimichan_dcfprnb-350t.jpg 442w,https://images-wixmp-ed30a86b8c4ca887773594c2.wixmp.com/intermediary/f/9ad8fbc8-aee8-4e92-a04b-6abf7a036a51/dcfprnb-a35ee83f-6536-4866-9c2c-4d16c1d1cfa1.jpg/v1/fill/w_506,h_400,q_70,strp/chat_noirs__yaoi_tag__by_sakimichan_dcfprnb-400t.jpg 506w,https://images-wixmp-ed30a86b8c4ca887773594c2.wixmp.com/intermediary/f/9ad8fbc8-aee8-4e92-a04b-6abf7a036a51/dcfprnb-a35ee83f-6536-4866-9c2c-4d16c1d1cfa1.jpg 541w&quot; sizes=&quot;150px&quot;&gt;&lt;/a&gt;&lt;/span&gt;&lt;!-- ^TTT --&gt;&lt;!-- TTT$ --&gt;&lt;/span&gt;&lt;b&gt;&lt;span class=&quot;shadow-holder&quot; data-embed-type=&quot;deviation&quot; data-embed-id=&quot;756798359&quot; data-embed-format=&quot;thumb&quot;&gt;&lt;span class=&quot;shadow mild&quot; &gt;&lt;a class=&quot;thumb ismature&quot; href=&quot;https://www.deviantart.com/sakimichan/art/Dabi-Shigaraki-Yaoi-Social-756798359&quot; title=&quot;Dabi Shigaraki Yaoi Social by sakimichan, Jul 29, 2018 in Fan Art &amp;gt; Digital Art &amp;gt; Drawings &amp;gt; Movies &amp;amp; TV&quot;data-super-img=&quot;https://images-wixmp-ed30a86b8c4ca887773594c2.wixmp.com/intermediary/f/9ad8fbc8-aee8-4e92-a04b-6abf7a036a51/dciktcn-0e236a26-1b5e-4e7e-b654-dccdbc56c1dd.jpg&quot; data-super-width=&quot;773&quot; data-super-height=&quot;597&quot; data-super-transparent=&quot;false&quot; data-super-alt=&quot;Dabi Shigaraki Yaoi Social by sakimichan&quot; data-super-full-img=&quot;https://images-wixmp-ed30a86b8c4ca887773594c2.wixmp.com/intermediary/f/9ad8fbc8-aee8-4e92-a04b-6abf7a036a51/dciktcn-0e236a26-1b5e-4e7e-b654-dccdbc56c1dd.jpg&quot; data-super-full-width=&quot;773&quot; data-super-full-height=&quot;597&quot;        data-sigil=&quot;thumb&quot;&gt;
                &lt;div class=&quot;thumb_agegate&quot;&gt;
            &lt;div class=&quot;agegate&quot;&gt;
                &lt;div class=&quot;nogo icon-blocked&quot;&gt;&lt;/div&gt;
                &lt;h1&gt;Mature Content&lt;/h1&gt;
            &lt;/div&gt;
        &lt;/div&gt;
        &lt;i&gt;&lt;/i&gt;&lt;img   width=&quot;150&quot; height=&quot;116&quot; alt=&quot;Dabi Shigaraki Yaoi Social by sakimichan&quot; src=&quot;https://images-wixmp-ed30a86b8c4ca887773594c2.wixmp.com/intermediary/f/9ad8fbc8-aee8-4e92-a04b-6abf7a036a51/dciktcn-0e236a26-1b5e-4e7e-b654-dccdbc56c1dd.jpg/v1/fit/w_150,h_150,q_70,strp/dabi_shigaraki_yaoi_social_by_sakimichan_dciktcn-150.jpg&quot; data-src=&quot;https://images-wixmp-ed30a86b8c4ca887773594c2.wixmp.com/intermediary/f/9ad8fbc8-aee8-4e92-a04b-6abf7a036a51/dciktcn-0e236a26-1b5e-4e7e-b654-dccdbc56c1dd.jpg/v1/fit/w_150,h_150,q_70,strp/dabi_shigaraki_yaoi_social_by_sakimichan_dciktcn-150.jpg&quot; srcset=&quot;https://images-wixmp-ed30a86b8c4ca887773594c2.wixmp.com/intermediary/f/9ad8fbc8-aee8-4e92-a04b-6abf7a036a51/dciktcn-0e236a26-1b5e-4e7e-b654-dccdbc56c1dd.jpg/v1/fit/w_150,h_150,q_70,strp/dabi_shigaraki_yaoi_social_by_sakimichan_dciktcn-150.jpg 150w,https://images-wixmp-ed30a86b8c4ca887773594c2.wixmp.com/intermediary/f/9ad8fbc8-aee8-4e92-a04b-6abf7a036a51/dciktcn-0e236a26-1b5e-4e7e-b654-dccdbc56c1dd.jpg/v1/fill/w_324,h_250,q_70,strp/dabi_shigaraki_yaoi_social_by_sakimichan_dciktcn-250t.jpg 324w,https://images-wixmp-ed30a86b8c4ca887773594c2.wixmp.com/intermediary/f/9ad8fbc8-aee8-4e92-a04b-6abf7a036a51/dciktcn-0e236a26-1b5e-4e7e-b654-dccdbc56c1dd.jpg/v1/fill/w_453,h_350,q_70,strp/dabi_shigaraki_yaoi_social_by_sakimichan_dciktcn-350t.jpg 453w,https://images-wixmp-ed30a86b8c4ca887773594c2.wixmp.com/intermediary/f/9ad8fbc8-aee8-4e92-a04b-6abf7a036a51/dciktcn-0e236a26-1b5e-4e7e-b654-dccdbc56c1dd.jpg/v1/fill/w_518,h_400,q_70,strp/dabi_shigaraki_yaoi_social_by_sakimichan_dciktcn-400t.jpg 518w,https://images-wixmp-ed30a86b8c4ca887773594c2.wixmp.com/intermediary/f/9ad8fbc8-aee8-4e92-a04b-6abf7a036a51/dciktcn-0e236a26-1b5e-4e7e-b654-dccdbc56c1dd.jpg 773w&quot; sizes=&quot;150px&quot;&gt;&lt;/a&gt;&lt;/span&gt;&lt;!-- ^TTT --&gt;&lt;!-- TTT$ --&gt;&lt;/span&gt;&lt;/b&gt;&lt;br /&gt;&lt;br /&gt;&lt;a href=&quot;https://sakimichan.deviantart.com/journal/Patreon-Rewards-Archive-498302321&quot;&gt;Patreon reward archive&amp;nbsp;&lt;/a&gt;&lt;span&gt;( see what rewards you can get by helping support me !)&lt;/span&gt;&lt;br /&gt;&lt;span&gt;Thank you for your interest!&lt;/span&gt;&lt;br /&gt;&lt;div&gt;&lt;img src=&quot;https://t00.deviantart.net/Ku3H91MlnaEGieOLFr06z6rOXMM=/300x200/filters:fixed_height(100,100):origin()/pre00/6b45/th/pre/f/2019/029/d/6/klance_01_social_media_by_sakimichan-dcydzme.jpg&quot; alt=&quot;thumbnail&quot; /&gt;&lt;/div&gt;</description>            </item>
                    <item>
                <title>Tank Mechanic Natani</title>
                <link>https://twokinds.deviantart.com/art/Tank-Mechanic-Natani-783430604</link>
                <guid isPermaLink="true">https://twokinds.deviantart.com/art/Tank-Mechanic-Natani-783430604</guid>
                <pubDate>Wed, 30 Jan 2019 09:05:28 PST</pubDate>
                        <media:title type="plain">Tank Mechanic Natani</media:title>
        <media:keywords></media:keywords>
                        <media:rating>nonadult</media:rating>
                <media:category label="Animals">anthro/digital/drawings/animals</media:category>
        <media:credit role="author" scheme="urn:ebu">Twokinds</media:credit>
        <media:credit role="author" scheme="urn:ebu">https://a.deviantart.net/avatars/t/w/twokinds.png?1</media:credit>
        <media:copyright url="https://twokinds.deviantart.com">Copyright 2019 Twokinds</media:copyright>
            <media:community>
                <media:tags>@twokinds</media:tags>
            </media:community>            <media:description type="html">&lt;div&gt;&lt;p&gt;#2 Color vote from January &lt;a class=&quot;external&quot; href=&quot;https://www.deviantart.com/users/outgoing?https://www.patreon.com/twokinds&quot;&gt;Patreon&lt;/a&gt; sketches, suggested by ProsePro7 (Thirdkind)!&lt;/p&gt;&lt;p&gt;In a similar vein to &lt;a class=&quot;external&quot; href=&quot;https://www.deviantart.com/users/outgoing?https://www.patreon.com/posts/soviet-pinup-23095988&quot;&gt;Soviet Pinup Kathrin&lt;/a&gt; and &lt;a class=&quot;external&quot; href=&quot;https://www.deviantart.com/users/outgoing?https://www.patreon.com/posts/wwii-pinup-rose-21139147&quot;&gt;WWII Pinup Rose&lt;/a&gt;&amp;nbsp;&lt;/p&gt;&lt;p&gt;More desaturated version attached to the Patreon post found here: &lt;a class=&quot;external&quot; href=&quot;https://www.deviantart.com/users/outgoing?https://www.patreon.com/posts/24333898&quot;&gt;www.patreon.com/posts/24333898&lt;/a&gt;&lt;br /&gt;&lt;/p&gt;&lt;/div&gt;</media:description>            <media:thumbnail url="https://t00.deviantart.net/Y_y1uSP8Fm-zLz-rY0YL9NY0siQ=/fit-in/150x150/filters:no_upscale():origin()/pre00/88e4/th/pre/f/2019/030/4/8/tank_mechanic_natani_by_twokinds-dcyfmx8.png" height="102" width="150"/>            <media:thumbnail url="https://t00.deviantart.net/bLC4I5QMbiF37_yXH9LL2SPFzcc=/fit-in/300x900/filters:no_upscale():origin()/pre00/88e4/th/pre/f/2019/030/4/8/tank_mechanic_natani_by_twokinds-dcyfmx8.png" height="205" width="300"/>            <media:thumbnail url="https://t00.deviantart.net/nU-yhheBlH7zPShkmmUWiBxu8y0=/300x200/filters:fixed_height(100,100):origin()/pre00/88e4/th/pre/f/2019/030/4/8/tank_mechanic_natani_by_twokinds-dcyfmx8.png" height="200" width="293"/>            <media:content url="https://pre00.deviantart.net/88e4/th/pre/f/2019/030/4/8/tank_mechanic_natani_by_twokinds-dcyfmx8.png" height="738" width="1083" medium="image"/>            
            <description>&lt;div&gt;&lt;p&gt;#2 Color vote from January &lt;a class=&quot;external&quot; href=&quot;https://www.deviantart.com/users/outgoing?https://www.patreon.com/twokinds&quot;&gt;Patreon&lt;/a&gt; sketches, suggested by ProsePro7 (Thirdkind)!&lt;/p&gt;&lt;p&gt;In a similar vein to &lt;a class=&quot;external&quot; href=&quot;https://www.deviantart.com/users/outgoing?https://www.patreon.com/posts/soviet-pinup-23095988&quot;&gt;Soviet Pinup Kathrin&lt;/a&gt; and &lt;a class=&quot;external&quot; href=&quot;https://www.deviantart.com/users/outgoing?https://www.patreon.com/posts/wwii-pinup-rose-21139147&quot;&gt;WWII Pinup Rose&lt;/a&gt;&amp;nbsp;&lt;/p&gt;&lt;p&gt;More desaturated version attached to the Patreon post found here: &lt;a class=&quot;external&quot; href=&quot;https://www.deviantart.com/users/outgoing?https://www.patreon.com/posts/24333898&quot;&gt;www.patreon.com/posts/24333898&lt;/a&gt;&lt;br /&gt;&lt;/p&gt;&lt;/div&gt;&lt;br /&gt;&lt;div&gt;&lt;img src=&quot;https://t00.deviantart.net/nU-yhheBlH7zPShkmmUWiBxu8y0=/300x200/filters:fixed_height(100,100):origin()/pre00/88e4/th/pre/f/2019/030/4/8/tank_mechanic_natani_by_twokinds-dcyfmx8.png&quot; alt=&quot;thumbnail&quot; /&gt;&lt;/div&gt;</description>            </item>
                    <item>
                <title>Himeko_nsfw</title>
                <link>https://neoartcore.deviantart.com/art/Himeko-nsfw-783398310</link>
                <guid isPermaLink="true">https://neoartcore.deviantart.com/art/Himeko-nsfw-783398310</guid>
                <pubDate>Wed, 30 Jan 2019 02:22:07 PST</pubDate>
                        <media:title type="plain">Himeko_nsfw</media:title>
        <media:keywords></media:keywords>
                        <media:rating>adult</media:rating>
                <media:category label="Games">fanart/digital/painting/games</media:category>
        <media:credit role="author" scheme="urn:ebu">NeoArtCorE</media:credit>
        <media:credit role="author" scheme="urn:ebu">https://a.deviantart.net/avatars/n/e/neoartcore.jpg?11</media:credit>
        <media:copyright url="https://neoartcore.deviantart.com">Copyright 2019 NeoArtCorE</media:copyright>            <media:description type="html">&lt;span&gt;Your assault... is it done? Then, it&#039;s my turn...&lt;/span&gt;&lt;br /&gt;&lt;br /&gt;&lt;span&gt;&amp;#3621;&amp;#3641;&amp;#3585;&amp;#3652;&amp;#3617;&amp;#3657;&amp;#3609;&amp;#3657;&amp;#3629;&amp;#3618;&amp;#3654; &amp;#3618;&amp;#3656;&amp;#3629;&amp;#3617;&amp;#3621;&amp;#3656;&amp;#3609;&amp;#3652;&amp;#3617;&amp;#3656;&amp;#3652;&amp;#3585;&amp;#3621;&amp;#3605;&amp;#3657;&amp;#3609;&amp;nbsp;&lt;/span&gt;&lt;span&gt;&lt;span&gt;:3&lt;/span&gt;&lt;/span&gt;&lt;br /&gt;&lt;span&gt;lingerie / cast off &amp;gt;&amp;gt;&lt;/span&gt;&lt;a href=&quot;https://www.deviantart.com/users/outgoing?https://l.facebook.com/l.php?u=https%3A%2F%2Fgoo.gl%2FemGHve%3Ffbclid%3DIwAR2N3oZQNp4A4-v4QJaWvhDT0PzTGgRrtrJXvj72GNtjSjwoyUqqzVT-NEM&amp;amp;h=AT2SxuPS5Ef9OlS82nAlbFbqUgDZJXEtR_NirhNVbsrrmyT5FrezI8_FbgzHGokdDu5yPplyMqugVVSipXcSxCcG9l1jaEiiZrkuuvN4MKGU25t3tjl3H9p-MOGGixfZSwzKxPg1om1hhRO6GMvR8wY&quot;&gt;&lt;a class=&quot;external&quot; href=&quot;https://www.deviantart.com/users/outgoing?https://goo.gl/emGHve&quot;&gt;goo.gl/emGHve&lt;/a&gt;&lt;/a&gt;</media:description>            <media:thumbnail url="https://t00.deviantart.net/s_v7jAUvJnOCM41UOLorSETuZSM=/fit-in/150x150/filters:no_upscale():origin()/pre00/b1a3/th/pre/f/2019/030/1/5/himeko_vermillion_knight_banner_nsfw2_by_neoartcore-dcyey06.png" height="106" width="150"/>            <media:thumbnail url="https://t00.deviantart.net/_YDkKeijS2VfG9QDOnqG-rl-jxA=/fit-in/300x900/filters:no_upscale():origin()/pre00/b1a3/th/pre/f/2019/030/1/5/himeko_vermillion_knight_banner_nsfw2_by_neoartcore-dcyey06.png" height="212" width="300"/>            <media:thumbnail url="https://t00.deviantart.net/-U_SyNty9-q19SiG8K8mCGWI_dI=/300x200/filters:fixed_height(100,100):origin()/pre00/b1a3/th/pre/f/2019/030/1/5/himeko_vermillion_knight_banner_nsfw2_by_neoartcore-dcyey06.png" height="200" width="283"/>            <media:content url="https://orig00.deviantart.net/cc5e/f/2019/030/1/5/himeko_vermillion_knight_banner_nsfw2_by_neoartcore-dcyey06.png" height="637" width="900" medium="image"/>            
            <description>&lt;span&gt;Your assault... is it done? Then, it&#039;s my turn...&lt;/span&gt;&lt;br /&gt;&lt;br /&gt;&lt;span&gt;&amp;#3621;&amp;#3641;&amp;#3585;&amp;#3652;&amp;#3617;&amp;#3657;&amp;#3609;&amp;#3657;&amp;#3629;&amp;#3618;&amp;#3654; &amp;#3618;&amp;#3656;&amp;#3629;&amp;#3617;&amp;#3621;&amp;#3656;&amp;#3609;&amp;#3652;&amp;#3617;&amp;#3656;&amp;#3652;&amp;#3585;&amp;#3621;&amp;#3605;&amp;#3657;&amp;#3609;&amp;nbsp;&lt;/span&gt;&lt;span&gt;&lt;span&gt;:3&lt;/span&gt;&lt;/span&gt;&lt;br /&gt;&lt;span&gt;lingerie / cast off &amp;gt;&amp;gt;&lt;/span&gt;&lt;a href=&quot;https://www.deviantart.com/users/outgoing?https://l.facebook.com/l.php?u=https%3A%2F%2Fgoo.gl%2FemGHve%3Ffbclid%3DIwAR2N3oZQNp4A4-v4QJaWvhDT0PzTGgRrtrJXvj72GNtjSjwoyUqqzVT-NEM&amp;amp;h=AT2SxuPS5Ef9OlS82nAlbFbqUgDZJXEtR_NirhNVbsrrmyT5FrezI8_FbgzHGokdDu5yPplyMqugVVSipXcSxCcG9l1jaEiiZrkuuvN4MKGU25t3tjl3H9p-MOGGixfZSwzKxPg1om1hhRO6GMvR8wY&quot;&gt;&lt;a class=&quot;external&quot; href=&quot;https://www.deviantart.com/users/outgoing?https://goo.gl/emGHve&quot;&gt;goo.gl/emGHve&lt;/a&gt;&lt;/a&gt;&lt;br /&gt;&lt;div&gt;&lt;img src=&quot;https://t00.deviantart.net/-U_SyNty9-q19SiG8K8mCGWI_dI=/300x200/filters:fixed_height(100,100):origin()/pre00/b1a3/th/pre/f/2019/030/1/5/himeko_vermillion_knight_banner_nsfw2_by_neoartcore-dcyey06.png&quot; alt=&quot;thumbnail&quot; /&gt;&lt;/div&gt;</description>            </item>
                    <item>
                <title>Witchy Women</title>
                <link>https://aeolus06.deviantart.com/art/Witchy-Women-756888913</link>
                <guid isPermaLink="true">https://aeolus06.deviantart.com/art/Witchy-Women-756888913</guid>
                <pubDate>Tue, 29 Jan 2019 18:02:02 PST</pubDate>
                        <media:title type="plain">Witchy Women</media:title>
        <media:keywords></media:keywords>
                        <media:rating>adult</media:rating>
                <media:category label="Movies &amp; TV">fanart/digital/drawings/movies</media:category>
        <media:credit role="author" scheme="urn:ebu">Aeolus06</media:credit>
        <media:credit role="author" scheme="urn:ebu">https://a.deviantart.net/avatars/a/e/aeolus06.png?10</media:credit>
        <media:copyright url="https://aeolus06.deviantart.com">Copyright 2019 Aeolus06</media:copyright>            <media:description type="html">&lt;i&gt;Commission request&lt;/i&gt; for Thorse08&lt;br /&gt;&lt;b&gt;Mim&lt;/b&gt; and &lt;b&gt;Grunty&lt;/b&gt; get comfy.&lt;br /&gt;&lt;br /&gt;&lt;br /&gt;Madame Mim (c) disney&lt;br /&gt;Game Over Gruntilda (c) 4J Studios</media:description>            <media:thumbnail url="https://t00.deviantart.net/muTYVGlv9MqI0dULCqe8UaErsQM=/fit-in/150x150/filters:no_upscale():origin()/pre00/1e34/th/pre/i/2018/210/5/f/witchy_women_by_aeolus06-dcimr81.png" height="150" width="97"/>            <media:thumbnail url="https://t00.deviantart.net/q6k0j7noBBmmEAkbTMCktkf8i94=/fit-in/300x900/filters:no_upscale():origin()/pre00/1e34/th/pre/i/2018/210/5/f/witchy_women_by_aeolus06-dcimr81.png" height="463" width="300"/>            <media:thumbnail url="https://t00.deviantart.net/lT5BX1uSGANNqXq5Eb3R-GkmccY=/300x200/filters:fixed_height(100,100):origin()/pre00/1e34/th/pre/i/2018/210/5/f/witchy_women_by_aeolus06-dcimr81.png" height="200" width="130"/>            <media:content url="https://pre00.deviantart.net/1e34/th/pre/i/2018/210/5/f/witchy_women_by_aeolus06-dcimr81.png" height="1110" width="720" medium="image"/>            
            <description>&lt;i&gt;Commission request&lt;/i&gt; for Thorse08&lt;br /&gt;&lt;b&gt;Mim&lt;/b&gt; and &lt;b&gt;Grunty&lt;/b&gt; get comfy.&lt;br /&gt;&lt;br /&gt;&lt;br /&gt;Madame Mim (c) disney&lt;br /&gt;Game Over Gruntilda (c) 4J Studios&lt;br /&gt;&lt;div&gt;&lt;img src=&quot;https://t00.deviantart.net/lT5BX1uSGANNqXq5Eb3R-GkmccY=/300x200/filters:fixed_height(100,100):origin()/pre00/1e34/th/pre/i/2018/210/5/f/witchy_women_by_aeolus06-dcimr81.png&quot; alt=&quot;thumbnail&quot; /&gt;&lt;/div&gt;</description>            </item>
                    <item>
                <title>No Lunch Break! Page 194</title>
                <link>https://kipteitei.deviantart.com/art/No-Lunch-Break-Page-194-783468467</link>
                <guid isPermaLink="true">https://kipteitei.deviantart.com/art/No-Lunch-Break-Page-194-783468467</guid>
                <pubDate>Wed, 30 Jan 2019 13:55:17 PST</pubDate>
                        <media:title type="plain">No Lunch Break! Page 194</media:title>
        <media:keywords></media:keywords>
                        <media:rating>adult</media:rating>
                <media:category label="Pages &amp; Panels">manga/digital/manga/pages</media:category>
        <media:credit role="author" scheme="urn:ebu">KipTeiTei</media:credit>
        <media:credit role="author" scheme="urn:ebu">https://a.deviantart.net/avatars/k/i/kipteitei.png?6</media:credit>
        <media:copyright url="https://kipteitei.deviantart.com">Copyright 2019 KipTeiTei</media:copyright>            <media:description type="html">&lt;div&gt;&lt;div&gt;&lt;div&gt;&lt;span&gt;&lt;span&gt;No no syd you broke the seal on Tina&#039;s left eye that lets her see your future &lt;br /&gt;&lt;/span&gt;&lt;/span&gt;&lt;/div&gt;&lt;div&gt;&lt;span&gt;&lt;span&gt;&lt;br /&gt;&lt;/span&gt;&lt;/span&gt;&lt;/div&gt;&lt;/div&gt;&lt;div&gt;&lt;div&gt;&lt;span&gt;&lt;span&gt;and in the future u&#039;re FAT!!!!&lt;/span&gt;&lt;/span&gt;&lt;/div&gt;&lt;/div&gt;&lt;/div&gt;</media:description>            <media:thumbnail url="https://t00.deviantart.net/4NqeNKAyp4O_Phzwv7AVCdmcO_4=/fit-in/150x150/filters:no_upscale():origin()/pre00/144a/th/pre/f/2019/030/a/5/no_lunch_break__page_194_by_kipteitei-dcygg4z.jpg" height="150" width="105"/>            <media:thumbnail url="https://t00.deviantart.net/L9shYXEVQo9ctJ3DJW0JKy91Esg=/fit-in/300x900/filters:no_upscale():origin()/pre00/144a/th/pre/f/2019/030/a/5/no_lunch_break__page_194_by_kipteitei-dcygg4z.jpg" height="429" width="300"/>            <media:thumbnail url="https://t00.deviantart.net/3sdXhXUSIrj1EwOJiHGK_OzlGSI=/300x200/filters:fixed_height(100,100):origin()/pre00/144a/th/pre/f/2019/030/a/5/no_lunch_break__page_194_by_kipteitei-dcygg4z.jpg" height="200" width="140"/>            <media:content url="https://pre00.deviantart.net/144a/th/pre/f/2019/030/a/5/no_lunch_break__page_194_by_kipteitei-dcygg4z.jpg" height="1069" width="747" medium="image"/>            
            <description>&lt;div&gt;&lt;div&gt;&lt;div&gt;&lt;span&gt;&lt;span&gt;No no syd you broke the seal on Tina&#039;s left eye that lets her see your future &lt;br /&gt;&lt;/span&gt;&lt;/span&gt;&lt;/div&gt;&lt;div&gt;&lt;span&gt;&lt;span&gt;&lt;br /&gt;&lt;/span&gt;&lt;/span&gt;&lt;/div&gt;&lt;/div&gt;&lt;div&gt;&lt;div&gt;&lt;span&gt;&lt;span&gt;and in the future u&#039;re FAT!!!!&lt;/span&gt;&lt;/span&gt;&lt;/div&gt;&lt;/div&gt;&lt;/div&gt;&lt;br /&gt;&lt;div&gt;&lt;img src=&quot;https://t00.deviantart.net/3sdXhXUSIrj1EwOJiHGK_OzlGSI=/300x200/filters:fixed_height(100,100):origin()/pre00/144a/th/pre/f/2019/030/a/5/no_lunch_break__page_194_by_kipteitei-dcygg4z.jpg&quot; alt=&quot;thumbnail&quot; /&gt;&lt;/div&gt;</description>            </item>
                    <item>
                <title>Saturday Morning Triple Threat - April O&#039;Neil</title>
                <link>https://axel-rosered.deviantart.com/art/Saturday-Morning-Triple-Threat-April-O-Neil-783439038</link>
                <guid isPermaLink="true">https://axel-rosered.deviantart.com/art/Saturday-Morning-Triple-Threat-April-O-Neil-783439038</guid>
                <pubDate>Wed, 30 Jan 2019 10:16:58 PST</pubDate>
                        <media:title type="plain">Saturday Morning Triple Threat - April O&#039;Neil</media:title>
        <media:keywords></media:keywords>
                        <media:rating>nonadult</media:rating>
                <media:category label="Movies &amp; TV">fanart/cartoons/digital/movies</media:category>
        <media:credit role="author" scheme="urn:ebu">Axel-Rosered</media:credit>
        <media:credit role="author" scheme="urn:ebu">https://a.deviantart.net/avatars/a/x/axel-rosered.gif?1</media:credit>
        <media:copyright url="https://axel-rosered.deviantart.com">Copyright 2019 Axel-Rosered</media:copyright>            <media:description type="html">&lt;div&gt;From the Brand new Saturday Morning Triple Threat pack! April O&#039;Neil begins to undergo rapid and intense breast expansion! One of 10 pages of comic content that can be found in the pack! Just head on over to e-junkie to purchase the pack and download the rest!&lt;/div&gt;&lt;div&gt;&lt;br /&gt;&lt;/div&gt;&lt;div&gt;&lt;a class=&quot;external&quot; href=&quot;https://www.deviantart.com/users/outgoing?https://269447.e-junkie.com/product/1606527/Saturday-Morning-Triple-Threat&quot;&gt;269447.e-junkie.com/product/16&amp;hellip;&lt;/a&gt;&lt;br /&gt;&lt;/div&gt;</media:description>            <media:thumbnail url="https://t00.deviantart.net/TJ_mKXs-oxXY_9gd0u2Btmvc2q4=/fit-in/150x150/filters:no_upscale():origin()/pre00/567e/th/pre/f/2019/030/7/7/saturday_morning_triple_threat___april_o_neil_by_axel_rosered-dcyftfi.png" height="150" width="97"/>            <media:thumbnail url="https://t00.deviantart.net/6M5qRogRcuIZ59iRqICakm9m_CU=/fit-in/300x900/filters:no_upscale():origin()/pre00/567e/th/pre/f/2019/030/7/7/saturday_morning_triple_threat___april_o_neil_by_axel_rosered-dcyftfi.png" height="464" width="300"/>            <media:thumbnail url="https://t00.deviantart.net/MPgBQs1hFTdBTDgZ5jT5abprklg=/300x200/filters:fixed_height(100,100):origin()/pre00/567e/th/pre/f/2019/030/7/7/saturday_morning_triple_threat___april_o_neil_by_axel_rosered-dcyftfi.png" height="200" width="129"/>            <media:content url="https://pre00.deviantart.net/567e/th/pre/f/2019/030/7/7/saturday_morning_triple_threat___april_o_neil_by_axel_rosered-dcyftfi.png" height="1111" width="719" medium="image"/>            
            <description>&lt;div&gt;From the Brand new Saturday Morning Triple Threat pack! April O&#039;Neil begins to undergo rapid and intense breast expansion! One of 10 pages of comic content that can be found in the pack! Just head on over to e-junkie to purchase the pack and download the rest!&lt;/div&gt;&lt;div&gt;&lt;br /&gt;&lt;/div&gt;&lt;div&gt;&lt;a class=&quot;external&quot; href=&quot;https://www.deviantart.com/users/outgoing?https://269447.e-junkie.com/product/1606527/Saturday-Morning-Triple-Threat&quot;&gt;269447.e-junkie.com/product/16&amp;hellip;&lt;/a&gt;&lt;br /&gt;&lt;/div&gt;&lt;br /&gt;&lt;div&gt;&lt;img src=&quot;https://t00.deviantart.net/MPgBQs1hFTdBTDgZ5jT5abprklg=/300x200/filters:fixed_height(100,100):origin()/pre00/567e/th/pre/f/2019/030/7/7/saturday_morning_triple_threat___april_o_neil_by_axel_rosered-dcyftfi.png&quot; alt=&quot;thumbnail&quot; /&gt;&lt;/div&gt;</description>            </item>
                    <item>
                <title>Commission</title>
                <link>https://holivi.deviantart.com/art/Commission-783399983</link>
                <guid isPermaLink="true">https://holivi.deviantart.com/art/Commission-783399983</guid>
                <pubDate>Wed, 30 Jan 2019 02:49:53 PST</pubDate>
                        <media:title type="plain">Commission</media:title>
        <media:keywords></media:keywords>
                        <media:rating>nonadult</media:rating>
                <media:category label="Animals">anthro/digital/drawings/animals</media:category>
        <media:credit role="author" scheme="urn:ebu">Holivi</media:credit>
        <media:credit role="author" scheme="urn:ebu">https://a.deviantart.net/avatars/h/o/holivi.jpg?14</media:credit>
        <media:copyright url="https://holivi.deviantart.com">Copyright 2019 Holivi</media:copyright>             <creativeCommons:license>http://creativecommons.org/licenses/by-nc-nd/3.0/</creativeCommons:license>
                <media:description type="html"></media:description>            <media:thumbnail url="https://t00.deviantart.net/8SARDcK-pntpciH-TcyzdcYhZN0=/fit-in/150x150/filters:no_upscale():origin()/pre00/1f8b/th/pre/i/2019/030/a/7/commission_by_holivi-dcyezan.jpg" height="150" width="100"/>            <media:thumbnail url="https://t00.deviantart.net/4KRpbHpRg7Qta-j7RkqCbGhazUw=/fit-in/300x900/filters:no_upscale():origin()/pre00/1f8b/th/pre/i/2019/030/a/7/commission_by_holivi-dcyezan.jpg" height="450" width="300"/>            <media:thumbnail url="https://t00.deviantart.net/FAerIdLJrkzjriPfe3Oaawz9kg4=/300x200/filters:fixed_height(100,100):origin()/pre00/1f8b/th/pre/i/2019/030/a/7/commission_by_holivi-dcyezan.jpg" height="200" width="133"/>            <media:content url="https://pre00.deviantart.net/1f8b/th/pre/i/2019/030/a/7/commission_by_holivi-dcyezan.jpg" height="1095" width="730" medium="image"/>            
            <description>&lt;br /&gt;&lt;div&gt;&lt;img src=&quot;https://t00.deviantart.net/FAerIdLJrkzjriPfe3Oaawz9kg4=/300x200/filters:fixed_height(100,100):origin()/pre00/1f8b/th/pre/i/2019/030/a/7/commission_by_holivi-dcyezan.jpg&quot; alt=&quot;thumbnail&quot; /&gt;&lt;/div&gt;</description>            </item>
                    <item>
                <title>Cozy Little Place I</title>
                <link>https://jjcanvas.deviantart.com/art/Cozy-Little-Place-I-783426779</link>
                <guid isPermaLink="true">https://jjcanvas.deviantart.com/art/Cozy-Little-Place-I-783426779</guid>
                <pubDate>Wed, 30 Jan 2019 08:29:16 PST</pubDate>
                        <media:title type="plain">Cozy Little Place I</media:title>
        <media:keywords></media:keywords>
                        <media:rating>nonadult</media:rating>
                <media:category label="Conceptual">digitalart/paintings/illustrations/conceptual</media:category>
        <media:credit role="author" scheme="urn:ebu">JJcanvas</media:credit>
        <media:credit role="author" scheme="urn:ebu">https://a.deviantart.net/avatars/j/j/jjcanvas.jpg?6</media:credit>
        <media:copyright url="https://jjcanvas.deviantart.com">Copyright 2019 JJcanvas</media:copyright>
            <media:community>
                <media:tags>@JJcanvas</media:tags>
            </media:community>            <media:description type="html">Process -&amp;nbsp;&lt;a class=&quot;external&quot; href=&quot;https://www.deviantart.com/users/outgoing?https://www.youtube.com/watch?v=DvarIe4BHGU&amp;amp;feature=youtu.be&quot;&gt;www.youtube.com/watch?v=DvarIe&amp;hellip;&lt;/a&gt;&lt;br /&gt;&lt;br /&gt;A quick painting in ProCreate!&lt;br /&gt;I hope you like it &lt;img src=&quot;https://e.deviantart.net/emoticons/s/smile.gif&quot; width=&quot;15&quot; height=&quot;15&quot; alt=&quot;:)&quot; data-embed-type=&quot;emoticon&quot; data-embed-id=&quot;391&quot; title=&quot;:) (Smile)&quot;/&gt; !&lt;br /&gt;&lt;br /&gt;&lt;br /&gt;&lt;br /&gt;&lt;br /&gt;Website - &lt;a class=&quot;external&quot; href=&quot;https://www.deviantart.com/users/outgoing?http://www.jorgejacinto.com&quot;&gt;www.jorgejacinto.com&lt;/a&gt;&lt;br /&gt;&lt;br /&gt;Instagram - &lt;a class=&quot;external&quot; href=&quot;https://www.deviantart.com/users/outgoing?https://www.instagram.com/jjcanvas_art/&quot;&gt;www.instagram.com/jjcanvas_art&amp;hellip;&lt;/a&gt;&lt;br /&gt;&lt;br /&gt;Youtube - &lt;a class=&quot;external&quot; href=&quot;https://www.deviantart.com/users/outgoing?http://www.youtube.com/blinckart&quot;&gt;www.youtube.com/blinckart&lt;/a&gt;&lt;br /&gt;&lt;br /&gt;Facebook - &lt;a class=&quot;external&quot; href=&quot;https://www.deviantart.com/users/outgoing?https://www.facebook.com/JJcanvasArt&quot;&gt;www.facebook.com/JJcanvasArt&lt;/a&gt;&lt;br /&gt;&lt;br /&gt;Artstation -&amp;nbsp;&lt;a class=&quot;external&quot; href=&quot;https://www.deviantart.com/users/outgoing?https://www.artstation.com/artist/jjcanvas&quot;&gt;www.artstation.com/artist/jjca&amp;hellip;&lt;/a&gt;&lt;br /&gt;&lt;br /&gt;Tumblr - &lt;a class=&quot;external&quot; href=&quot;https://www.deviantart.com/users/outgoing?http://jjcanvas.tumblr.com/&quot;&gt;jjcanvas.tumblr.com/&lt;/a&gt;&lt;br /&gt;&lt;br /&gt;Prints - &lt;a class=&quot;external&quot; href=&quot;https://www.deviantart.com/users/outgoing?http://www.inprnt.com/gallery/jjcanvas/&quot;&gt;www.inprnt.com/gallery/jjcanva&amp;hellip;&lt;/a&gt;&lt;br /&gt;&lt;br /&gt;Twitter - &lt;a class=&quot;external&quot; href=&quot;https://www.deviantart.com/users/outgoing?http://twitter.com/JJcanvas&quot;&gt;twitter.com/JJcanvas&lt;/a&gt;</media:description>            <media:thumbnail url="https://t00.deviantart.net/jSg_lPN1naNXs3Dhktq6k9R91Oc=/fit-in/150x150/filters:no_upscale():origin()/pre00/9996/th/pre/f/2019/030/1/8/cozy_little_place_i_by_jjcanvas-dcyfjyz.jpg" height="112" width="150"/>            <media:thumbnail url="https://t00.deviantart.net/XkaW4OjH1bo0NM0pMow14pdXz28=/fit-in/300x900/filters:no_upscale():origin()/pre00/9996/th/pre/f/2019/030/1/8/cozy_little_place_i_by_jjcanvas-dcyfjyz.jpg" height="225" width="300"/>            <media:thumbnail url="https://t00.deviantart.net/ucJaBCQBvOV8CSjMDMQqoTJ8c5M=/300x200/filters:fixed_height(100,100):origin()/pre00/9996/th/pre/f/2019/030/1/8/cozy_little_place_i_by_jjcanvas-dcyfjyz.jpg" height="200" width="267"/>            <media:content url="https://pre00.deviantart.net/9996/th/pre/f/2019/030/1/8/cozy_little_place_i_by_jjcanvas-dcyfjyz.jpg" height="774" width="1033" medium="image"/>            
            <description>Process -&amp;nbsp;&lt;a class=&quot;external&quot; href=&quot;https://www.deviantart.com/users/outgoing?https://www.youtube.com/watch?v=DvarIe4BHGU&amp;amp;feature=youtu.be&quot;&gt;www.youtube.com/watch?v=DvarIe&amp;hellip;&lt;/a&gt;&lt;br /&gt;&lt;br /&gt;A quick painting in ProCreate!&lt;br /&gt;I hope you like it &lt;img src=&quot;https://e.deviantart.net/emoticons/s/smile.gif&quot; width=&quot;15&quot; height=&quot;15&quot; alt=&quot;:)&quot; data-embed-type=&quot;emoticon&quot; data-embed-id=&quot;391&quot; title=&quot;:) (Smile)&quot;/&gt; !&lt;br /&gt;&lt;br /&gt;&lt;br /&gt;&lt;br /&gt;&lt;br /&gt;Website - &lt;a class=&quot;external&quot; href=&quot;https://www.deviantart.com/users/outgoing?http://www.jorgejacinto.com&quot;&gt;www.jorgejacinto.com&lt;/a&gt;&lt;br /&gt;&lt;br /&gt;Instagram - &lt;a class=&quot;external&quot; href=&quot;https://www.deviantart.com/users/outgoing?https://www.instagram.com/jjcanvas_art/&quot;&gt;www.instagram.com/jjcanvas_art&amp;hellip;&lt;/a&gt;&lt;br /&gt;&lt;br /&gt;Youtube - &lt;a class=&quot;external&quot; href=&quot;https://www.deviantart.com/users/outgoing?http://www.youtube.com/blinckart&quot;&gt;www.youtube.com/blinckart&lt;/a&gt;&lt;br /&gt;&lt;br /&gt;Facebook - &lt;a class=&quot;external&quot; href=&quot;https://www.deviantart.com/users/outgoing?https://www.facebook.com/JJcanvasArt&quot;&gt;www.facebook.com/JJcanvasArt&lt;/a&gt;&lt;br /&gt;&lt;br /&gt;Artstation -&amp;nbsp;&lt;a class=&quot;external&quot; href=&quot;https://www.deviantart.com/users/outgoing?https://www.artstation.com/artist/jjcanvas&quot;&gt;www.artstation.com/artist/jjca&amp;hellip;&lt;/a&gt;&lt;br /&gt;&lt;br /&gt;Tumblr - &lt;a class=&quot;external&quot; href=&quot;https://www.deviantart.com/users/outgoing?http://jjcanvas.tumblr.com/&quot;&gt;jjcanvas.tumblr.com/&lt;/a&gt;&lt;br /&gt;&lt;br /&gt;Prints - &lt;a class=&quot;external&quot; href=&quot;https://www.deviantart.com/users/outgoing?http://www.inprnt.com/gallery/jjcanvas/&quot;&gt;www.inprnt.com/gallery/jjcanva&amp;hellip;&lt;/a&gt;&lt;br /&gt;&lt;br /&gt;Twitter - &lt;a class=&quot;external&quot; href=&quot;https://www.deviantart.com/users/outgoing?http://twitter.com/JJcanvas&quot;&gt;twitter.com/JJcanvas&lt;/a&gt;&lt;br /&gt;&lt;div&gt;&lt;img src=&quot;https://t00.deviantart.net/ucJaBCQBvOV8CSjMDMQqoTJ8c5M=/300x200/filters:fixed_height(100,100):origin()/pre00/9996/th/pre/f/2019/030/1/8/cozy_little_place_i_by_jjcanvas-dcyfjyz.jpg&quot; alt=&quot;thumbnail&quot; /&gt;&lt;/div&gt;</description>            </item>
                    <item>
                <title>July 2018 #2 - 2nd Place - Lucina</title>
                <link>https://wossarem.deviantart.com/art/July-2018-2-2nd-Place-Lucina-783357461</link>
                <guid isPermaLink="true">https://wossarem.deviantart.com/art/July-2018-2-2nd-Place-Lucina-783357461</guid>
                <pubDate>Tue, 29 Jan 2019 18:29:32 PST</pubDate>
                        <media:title type="plain">July 2018 #2 - 2nd Place - Lucina</media:title>
        <media:keywords></media:keywords>
                        <media:rating>adult</media:rating>
                <media:category label="Other">digitalart/paintings/other</media:category>
        <media:credit role="author" scheme="urn:ebu">WossaRem</media:credit>
        <media:credit role="author" scheme="urn:ebu">https://a.deviantart.net/avatars/w/o/wossarem.jpg?1</media:credit>
        <media:copyright url="https://wossarem.deviantart.com">Copyright 2019 WossaRem</media:copyright>            <media:description type="html">The 2nd Place Winner of July 2018&#039;s second &lt;a class=&quot;external&quot; href=&quot;https://www.deviantart.com/users/outgoing?https://www.patreon.com/Wossa&quot;&gt;Patreon&lt;/a&gt; Fanart Vote was &lt;b&gt;Lucina&lt;/b&gt; from &lt;i&gt;Fire Emblem&lt;/i&gt; !&lt;br /&gt;&lt;br /&gt;Lucina&#039;s captors aren&#039;t exactly the most gentle and caring of hosts - probably something to do with her being responsible for most of their problems lately... but they can&#039;t let her freeze overnight either (kinda defeats the purpose of taking a prisoner, y&#039;know?). Good thing she has that big ol&#039; cape, huh?&lt;br /&gt;&lt;br /&gt;Please also check out my &lt;a class=&quot;external&quot; href=&quot;https://www.deviantart.com/users/outgoing?https://twitter.com/WossaRem&quot;&gt;Twitter&lt;/a&gt; and &lt;a class=&quot;external&quot; href=&quot;https://www.deviantart.com/users/outgoing?https://pixiv.me/wossa&quot;&gt;Pixiv&lt;/a&gt; accounts!</media:description>            <media:thumbnail url="https://t00.deviantart.net/7xXSyxUtLqC2L9kd5h7m84TBF6Y=/fit-in/150x150/filters:no_upscale():origin()/pre00/64cd/th/pre/f/2019/029/d/1/july_2018__2___2nd_place___lucina_by_wossarem-dcye2hh.png" height="114" width="150"/>            <media:thumbnail url="https://t00.deviantart.net/yva6DZnlwsgAF5gimV5aDgFCzxY=/fit-in/300x900/filters:no_upscale():origin()/pre00/64cd/th/pre/f/2019/029/d/1/july_2018__2___2nd_place___lucina_by_wossarem-dcye2hh.png" height="228" width="300"/>            <media:thumbnail url="https://t00.deviantart.net/R-9FIFxiowWjP8e4tC_BM8XG6KU=/300x200/filters:fixed_height(100,100):origin()/pre00/64cd/th/pre/f/2019/029/d/1/july_2018__2___2nd_place___lucina_by_wossarem-dcye2hh.png" height="200" width="263"/>            <media:content url="https://pre00.deviantart.net/64cd/th/pre/f/2019/029/d/1/july_2018__2___2nd_place___lucina_by_wossarem-dcye2hh.png" height="780" width="1025" medium="image"/>            
            <description>The 2nd Place Winner of July 2018&#039;s second &lt;a class=&quot;external&quot; href=&quot;https://www.deviantart.com/users/outgoing?https://www.patreon.com/Wossa&quot;&gt;Patreon&lt;/a&gt; Fanart Vote was &lt;b&gt;Lucina&lt;/b&gt; from &lt;i&gt;Fire Emblem&lt;/i&gt; !&lt;br /&gt;&lt;br /&gt;Lucina&#039;s captors aren&#039;t exactly the most gentle and caring of hosts - probably something to do with her being responsible for most of their problems lately... but they can&#039;t let her freeze overnight either (kinda defeats the purpose of taking a prisoner, y&#039;know?). Good thing she has that big ol&#039; cape, huh?&lt;br /&gt;&lt;br /&gt;Please also check out my &lt;a class=&quot;external&quot; href=&quot;https://www.deviantart.com/users/outgoing?https://twitter.com/WossaRem&quot;&gt;Twitter&lt;/a&gt; and &lt;a class=&quot;external&quot; href=&quot;https://www.deviantart.com/users/outgoing?https://pixiv.me/wossa&quot;&gt;Pixiv&lt;/a&gt; accounts!&lt;br /&gt;&lt;div&gt;&lt;img src=&quot;https://t00.deviantart.net/R-9FIFxiowWjP8e4tC_BM8XG6KU=/300x200/filters:fixed_height(100,100):origin()/pre00/64cd/th/pre/f/2019/029/d/1/july_2018__2___2nd_place___lucina_by_wossarem-dcye2hh.png&quot; alt=&quot;thumbnail&quot; /&gt;&lt;/div&gt;</description>            </item>
                    <item>
                <title>A seasonal panorama</title>
                <link>https://pajunen.deviantart.com/art/A-seasonal-panorama-783438567</link>
                <guid isPermaLink="true">https://pajunen.deviantart.com/art/A-seasonal-panorama-783438567</guid>
                <pubDate>Wed, 30 Jan 2019 10:13:40 PST</pubDate>
                        <media:title type="plain">A seasonal panorama</media:title>
        <media:keywords></media:keywords>
                        <media:rating>nonadult</media:rating>
                <media:category label="Other">photography/civilization/other</media:category>
        <media:credit role="author" scheme="urn:ebu">Pajunen</media:credit>
        <media:credit role="author" scheme="urn:ebu">https://a.deviantart.net/avatars/p/a/pajunen.gif?2</media:credit>
        <media:copyright url="https://pajunen.deviantart.com">Copyright 2019 Pajunen</media:copyright>            <media:description type="html">&quot;A seasonal panorama&quot; (seasorama : ) of two photos I took in July 2018 and January 2019 in Seurasaari, Helsinki Finland.&lt;br /&gt;&lt;br /&gt;&lt;br /&gt;&lt;b&gt;&amp;#169; COPYRIGHT&lt;/b&gt;&lt;br /&gt;&lt;span&gt;The work contained in my gallery is copyrighted. My work is not stock and it may not be reproduced, copied, edited, published, transmitted or uploaded in any way without my written permission.&lt;/span&gt;</media:description>            <media:thumbnail url="https://t00.deviantart.net/coLD7Ys9SluznPJK_FRnT3Ink4I=/fit-in/150x150/filters:no_upscale():origin()/pre00/6e95/th/pre/f/2019/030/4/8/a_seasonal_panorama_by_pajunen-dcyft2f.jpg" height="84" width="150"/>            <media:thumbnail url="https://t00.deviantart.net/gnNEWgFr2tXA_rCteOvjGrNwnUI=/fit-in/300x900/filters:no_upscale():origin()/pre00/6e95/th/pre/f/2019/030/4/8/a_seasonal_panorama_by_pajunen-dcyft2f.jpg" height="167" width="300"/>            <media:thumbnail url="https://t00.deviantart.net/sdDoc9XpMt93z1psS4e_aoajdYU=/300x200/filters:fixed_height(100,100):origin()/pre00/6e95/th/pre/f/2019/030/4/8/a_seasonal_panorama_by_pajunen-dcyft2f.jpg" height="167" width="300"/>            <media:content url="https://pre00.deviantart.net/6e95/th/pre/f/2019/030/4/8/a_seasonal_panorama_by_pajunen-dcyft2f.jpg" height="667" width="1198" medium="image"/>            
            <description>&quot;A seasonal panorama&quot; (seasorama : ) of two photos I took in July 2018 and January 2019 in Seurasaari, Helsinki Finland.&lt;br /&gt;&lt;br /&gt;&lt;br /&gt;&lt;b&gt;&amp;#169; COPYRIGHT&lt;/b&gt;&lt;br /&gt;&lt;span&gt;The work contained in my gallery is copyrighted. My work is not stock and it may not be reproduced, copied, edited, published, transmitted or uploaded in any way without my written permission.&lt;/span&gt;&lt;br /&gt;&lt;div&gt;&lt;img src=&quot;https://t00.deviantart.net/sdDoc9XpMt93z1psS4e_aoajdYU=/300x200/filters:fixed_height(100,100):origin()/pre00/6e95/th/pre/f/2019/030/4/8/a_seasonal_panorama_by_pajunen-dcyft2f.jpg&quot; alt=&quot;thumbnail&quot; /&gt;&lt;/div&gt;</description>            </item>
                    <item>
                <title>Commission</title>
                <link>https://mireys.deviantart.com/art/Commission-783360829</link>
                <guid isPermaLink="true">https://mireys.deviantart.com/art/Commission-783360829</guid>
                <pubDate>Tue, 29 Jan 2019 18:56:08 PST</pubDate>
                        <media:title type="plain">Commission</media:title>
        <media:keywords></media:keywords>
                        <media:rating>nonadult</media:rating>
                <media:category label="Portraits">digitalart/paintings/people/portraits</media:category>
        <media:credit role="author" scheme="urn:ebu">Mireys</media:credit>
        <media:credit role="author" scheme="urn:ebu">https://a.deviantart.net/avatars/m/i/mireys.jpg?6</media:credit>
        <media:copyright url="https://mireys.deviantart.com">Copyright 2019 Mireys</media:copyright>            <media:description type="html"></media:description>            <media:thumbnail url="https://t00.deviantart.net/06gfQWdB2Av3Oz0iey6wmCTT6JE=/fit-in/150x150/filters:no_upscale():origin()/pre00/a55f/th/pre/i/2019/029/6/c/commission_by_mireys-dcye531.png" height="150" width="150"/>            <media:thumbnail url="https://t00.deviantart.net/UJm388W4OGDN13I_Ui-7eBHGJP0=/fit-in/300x900/filters:no_upscale():origin()/pre00/a55f/th/pre/i/2019/029/6/c/commission_by_mireys-dcye531.png" height="300" width="300"/>            <media:thumbnail url="https://t00.deviantart.net/QcQdJ-_CtAp6THDY97ZlnRhfIfM=/300x200/filters:fixed_height(100,100):origin()/pre00/a55f/th/pre/i/2019/029/6/c/commission_by_mireys-dcye531.png" height="200" width="200"/>            <media:content url="https://pre00.deviantart.net/a55f/th/pre/i/2019/029/6/c/commission_by_mireys-dcye531.png" height="894" width="894" medium="image"/>            
            <description>&lt;br /&gt;&lt;div&gt;&lt;img src=&quot;https://t00.deviantart.net/QcQdJ-_CtAp6THDY97ZlnRhfIfM=/300x200/filters:fixed_height(100,100):origin()/pre00/a55f/th/pre/i/2019/029/6/c/commission_by_mireys-dcye531.png&quot; alt=&quot;thumbnail&quot; /&gt;&lt;/div&gt;</description>            </item>
                    <item>
                <title>Casual Helly</title>
                <link>https://disharmonica.deviantart.com/art/Casual-Helly-783439336</link>
                <guid isPermaLink="true">https://disharmonica.deviantart.com/art/Casual-Helly-783439336</guid>
                <pubDate>Wed, 30 Jan 2019 10:14:25 PST</pubDate>
                        <media:title type="plain">Casual Helly</media:title>
        <media:keywords></media:keywords>
                        <media:rating>nonadult</media:rating>
                <media:category label="Fashion Portraits">photography/people/fashion</media:category>
        <media:credit role="author" scheme="urn:ebu">Disharmonica</media:credit>
        <media:credit role="author" scheme="urn:ebu">https://a.deviantart.net/avatars/d/i/disharmonica.jpg?5</media:credit>
        <media:copyright url="https://disharmonica.deviantart.com">Copyright 2019 Disharmonica</media:copyright>            <media:description type="html">Full set (including NSFW 18+ shots) is available on&amp;nbsp;&lt;a class=&quot;external&quot; href=&quot;https://www.deviantart.com/users/outgoing?http://patreon.com/hellyvalentine&quot;&gt;my Patreon&lt;/a&gt;&amp;nbsp;until January 31st 2019&amp;nbsp;&lt;br /&gt;&lt;br /&gt;As patreon exclusives I usually post some easy-to-make cosplays, fanservice, lingerie and boudoir sets or just lewds &lt;img src=&quot;https://e.deviantart.net/emoticons/s/smile.gif&quot; width=&quot;15&quot; height=&quot;15&quot; alt=&quot;:)&quot; data-embed-type=&quot;emoticon&quot; data-embed-id=&quot;391&quot; title=&quot;:) (Smile)&quot;/&gt;&amp;nbsp;&lt;br /&gt;&lt;br /&gt;Wanna have full sets with 18+ pics?&amp;nbsp;&lt;br /&gt;Feel free to check&amp;nbsp;&lt;a class=&quot;external&quot; href=&quot;https://www.deviantart.com/users/outgoing?http://patreon.com/hellyvalentine&quot;&gt;my Patreon&lt;/a&gt;&amp;nbsp;for details!&lt;br /&gt;Please notice that each set is available only during 1 month!&lt;br /&gt;&lt;br /&gt;In this gallery I will post all the free previews for these sets, like I do in my&amp;nbsp;&lt;a class=&quot;external&quot; href=&quot;https://www.deviantart.com/users/outgoing?http://instagram.com/disharmonica&quot;&gt;Instagram&lt;/a&gt;&amp;nbsp;&amp;nbsp;or&amp;nbsp;&lt;a class=&quot;external&quot; href=&quot;https://www.deviantart.com/users/outgoing?http://twitter.com/hellyvalentine&quot;&gt;Twitter&lt;/a&gt;</media:description>            <media:thumbnail url="https://t00.deviantart.net/lDO_yqHWhNHIiG8TUCfv4XqMAI8=/fit-in/150x150/filters:no_upscale():origin()/pre00/4974/th/pre/f/2019/030/c/1/casual_helly_by_disharmonica-dcyftns.jpg" height="150" width="100"/>            <media:thumbnail url="https://t00.deviantart.net/0qNuYNdbDJDtf8x2UrADM8LrGpk=/fit-in/300x900/filters:no_upscale():origin()/pre00/4974/th/pre/f/2019/030/c/1/casual_helly_by_disharmonica-dcyftns.jpg" height="450" width="300"/>            <media:thumbnail url="https://t00.deviantart.net/M3VG3yoq4CTJnXDQWZRylre6M3U=/300x200/filters:fixed_height(100,100):origin()/pre00/4974/th/pre/f/2019/030/c/1/casual_helly_by_disharmonica-dcyftns.jpg" height="200" width="133"/>            <media:content url="https://pre00.deviantart.net/4974/th/pre/f/2019/030/c/1/casual_helly_by_disharmonica-dcyftns.jpg" height="1094" width="730" medium="image"/>            
            <description>Full set (including NSFW 18+ shots) is available on&amp;nbsp;&lt;a class=&quot;external&quot; href=&quot;https://www.deviantart.com/users/outgoing?http://patreon.com/hellyvalentine&quot;&gt;my Patreon&lt;/a&gt;&amp;nbsp;until January 31st 2019&amp;nbsp;&lt;br /&gt;&lt;br /&gt;As patreon exclusives I usually post some easy-to-make cosplays, fanservice, lingerie and boudoir sets or just lewds &lt;img src=&quot;https://e.deviantart.net/emoticons/s/smile.gif&quot; width=&quot;15&quot; height=&quot;15&quot; alt=&quot;:)&quot; data-embed-type=&quot;emoticon&quot; data-embed-id=&quot;391&quot; title=&quot;:) (Smile)&quot;/&gt;&amp;nbsp;&lt;br /&gt;&lt;br /&gt;Wanna have full sets with 18+ pics?&amp;nbsp;&lt;br /&gt;Feel free to check&amp;nbsp;&lt;a class=&quot;external&quot; href=&quot;https://www.deviantart.com/users/outgoing?http://patreon.com/hellyvalentine&quot;&gt;my Patreon&lt;/a&gt;&amp;nbsp;for details!&lt;br /&gt;Please notice that each set is available only during 1 month!&lt;br /&gt;&lt;br /&gt;In this gallery I will post all the free previews for these sets, like I do in my&amp;nbsp;&lt;a class=&quot;external&quot; href=&quot;https://www.deviantart.com/users/outgoing?http://instagram.com/disharmonica&quot;&gt;Instagram&lt;/a&gt;&amp;nbsp;&amp;nbsp;or&amp;nbsp;&lt;a class=&quot;external&quot; href=&quot;https://www.deviantart.com/users/outgoing?http://twitter.com/hellyvalentine&quot;&gt;Twitter&lt;/a&gt;&lt;br /&gt;&lt;div&gt;&lt;img src=&quot;https://t00.deviantart.net/M3VG3yoq4CTJnXDQWZRylre6M3U=/300x200/filters:fixed_height(100,100):origin()/pre00/4974/th/pre/f/2019/030/c/1/casual_helly_by_disharmonica-dcyftns.jpg&quot; alt=&quot;thumbnail&quot; /&gt;&lt;/div&gt;</description>            </item>
                    <item>
                <title>Choose the Color</title>
                <link>https://ryky.deviantart.com/art/Choose-the-Color-783441426</link>
                <guid isPermaLink="true">https://ryky.deviantart.com/art/Choose-the-Color-783441426</guid>
                <pubDate>Wed, 30 Jan 2019 10:36:37 PST</pubDate>
                        <media:title type="plain">Choose the Color</media:title>
        <media:keywords></media:keywords>
                        <media:rating>nonadult</media:rating>
                <media:category label="Landscapes &amp; Scenery">digitalart/paintings/landscapes</media:category>
        <media:credit role="author" scheme="urn:ebu">ryky</media:credit>
        <media:credit role="author" scheme="urn:ebu">https://a.deviantart.net/avatars/r/y/ryky.png?8</media:credit>
        <media:copyright url="https://ryky.deviantart.com">Copyright 2019 ryky</media:copyright>            <media:description type="html">Hey guys, long time no see. And yes im still alive &lt;img src=&quot;https://e.deviantart.net/emoticons/b/biggrin.gif&quot; width=&quot;15&quot; height=&quot;15&quot; alt=&quot;:D&quot; data-embed-type=&quot;emoticon&quot; data-embed-id=&quot;366&quot; title=&quot;:D (Big Grin)&quot;/&gt; ... This one was an arttrade with my friend and awesome artist&amp;nbsp; &lt;a target=&quot;_self&quot; href=&quot;https://www.deviantart.com/xyrlei&quot; &gt;&lt;img class=&quot;avatar&quot; width=&quot;50&quot; height=&quot;50&quot; src=&quot;https://a.deviantart.net/avatars/x/y/xyrlei.jpg?8&quot; alt=&quot;:iconxyrlei:&quot; title=&quot;Xyrlei&quot; /&gt;&lt;/a&gt; &lt;img src=&quot;https://e.deviantart.net/emoticons/s/smile.gif&quot; width=&quot;15&quot; height=&quot;15&quot; alt=&quot;:)&quot; data-embed-type=&quot;emoticon&quot; data-embed-id=&quot;391&quot; title=&quot;:) (Smile)&quot;/&gt; it was such a fun. His version you can see on my IG -&amp;nbsp;&lt;a class=&quot;external&quot; href=&quot;https://www.deviantart.com/users/outgoing?https://www.instagram.com/rykyart/&quot;&gt;www.instagram.com/rykyart/&lt;/a&gt; &lt;br /&gt;I upload this here because because of wallpapers size, free use it for wallpaper.&amp;nbsp;&lt;br /&gt;If you want buy this image for commercial use - send me a note with your offer. Have a nice day.&amp;nbsp;&lt;br /&gt;&lt;img src=&quot;https://e.deviantart.net/emoticons/h/hug.gif&quot; width=&quot;38&quot; height=&quot;15&quot; alt=&quot;:hug:&quot; data-embed-type=&quot;emoticon&quot; data-embed-id=&quot;160&quot; title=&quot;Hug&quot;/&gt; Love you!&amp;nbsp;</media:description>            <media:thumbnail url="https://t00.deviantart.net/YxD9BAjlcQOHHpJOQWEpVpdLQS0=/fit-in/150x150/filters:no_upscale():origin()/pre00/4593/th/pre/f/2019/030/7/1/choose_the_color_by_ryky-dcyfv9u.png" height="91" width="150"/>            <media:thumbnail url="https://t00.deviantart.net/spKZXNQbM3w3E3ImXjpjiIAyXGg=/fit-in/300x900/filters:no_upscale():origin()/pre00/4593/th/pre/f/2019/030/7/1/choose_the_color_by_ryky-dcyfv9u.png" height="182" width="300"/>            <media:thumbnail url="https://t00.deviantart.net/VWs43CJHdxmyTaaSiU3rWy6iEww=/300x200/filters:fixed_height(100,100):origin()/pre00/4593/th/pre/f/2019/030/7/1/choose_the_color_by_ryky-dcyfv9u.png" height="182" width="300"/>            <media:content url="https://pre00.deviantart.net/4593/th/pre/f/2019/030/7/1/choose_the_color_by_ryky-dcyfv9u.png" height="696" width="1148" medium="image"/>            
            <description>Hey guys, long time no see. And yes im still alive &lt;img src=&quot;https://e.deviantart.net/emoticons/b/biggrin.gif&quot; width=&quot;15&quot; height=&quot;15&quot; alt=&quot;:D&quot; data-embed-type=&quot;emoticon&quot; data-embed-id=&quot;366&quot; title=&quot;:D (Big Grin)&quot;/&gt; ... This one was an arttrade with my friend and awesome artist&amp;nbsp; &lt;a target=&quot;_self&quot; href=&quot;https://www.deviantart.com/xyrlei&quot; &gt;&lt;img class=&quot;avatar&quot; width=&quot;50&quot; height=&quot;50&quot; src=&quot;https://a.deviantart.net/avatars/x/y/xyrlei.jpg?8&quot; alt=&quot;:iconxyrlei:&quot; title=&quot;Xyrlei&quot; /&gt;&lt;/a&gt; &lt;img src=&quot;https://e.deviantart.net/emoticons/s/smile.gif&quot; width=&quot;15&quot; height=&quot;15&quot; alt=&quot;:)&quot; data-embed-type=&quot;emoticon&quot; data-embed-id=&quot;391&quot; title=&quot;:) (Smile)&quot;/&gt; it was such a fun. His version you can see on my IG -&amp;nbsp;&lt;a class=&quot;external&quot; href=&quot;https://www.deviantart.com/users/outgoing?https://www.instagram.com/rykyart/&quot;&gt;www.instagram.com/rykyart/&lt;/a&gt; &lt;br /&gt;I upload this here because because of wallpapers size, free use it for wallpaper.&amp;nbsp;&lt;br /&gt;If you want buy this image for commercial use - send me a note with your offer. Have a nice day.&amp;nbsp;&lt;br /&gt;&lt;img src=&quot;https://e.deviantart.net/emoticons/h/hug.gif&quot; width=&quot;38&quot; height=&quot;15&quot; alt=&quot;:hug:&quot; data-embed-type=&quot;emoticon&quot; data-embed-id=&quot;160&quot; title=&quot;Hug&quot;/&gt; Love you!&amp;nbsp;&lt;br /&gt;&lt;div&gt;&lt;img src=&quot;https://t00.deviantart.net/VWs43CJHdxmyTaaSiU3rWy6iEww=/300x200/filters:fixed_height(100,100):origin()/pre00/4593/th/pre/f/2019/030/7/1/choose_the_color_by_ryky-dcyfv9u.png&quot; alt=&quot;thumbnail&quot; /&gt;&lt;/div&gt;</description>            </item>
                    <item>
                <title>Deer painting, deer art , Leon Devenice</title>
                <link>https://leondevenice.deviantart.com/art/Deer-painting-deer-art-Leon-Devenice-783410990</link>
                <guid isPermaLink="true">https://leondevenice.deviantart.com/art/Deer-painting-deer-art-Leon-Devenice-783410990</guid>
                <pubDate>Wed, 30 Jan 2019 06:06:31 PST</pubDate>
                        <media:title type="plain">Deer painting, deer art , Leon Devenice</media:title>
        <media:keywords></media:keywords>
                        <media:rating>nonadult</media:rating>
                <media:category label="Animals">traditional/paintings/animals</media:category>
        <media:credit role="author" scheme="urn:ebu">leondevenice</media:credit>
        <media:credit role="author" scheme="urn:ebu">https://a.deviantart.net/avatars/l/e/leondevenice.jpg?5</media:credit>
        <media:copyright url="https://leondevenice.deviantart.com">Copyright 2019 leondevenice</media:copyright>            <media:description type="html">&lt;div&gt;All quiet after the storm&lt;/div&gt;&lt;div&gt;Oil Painting on canvas&lt;/div&gt;&lt;div&gt;24&quot; x 24&quot; (60.96 cm x 60.96 cm) &lt;br /&gt;&lt;/div&gt;&lt;div&gt;&lt;br /&gt;&lt;/div&gt;&lt;div&gt;&lt;br /&gt;&lt;/div&gt;&lt;div&gt;art for sale , original paintings for sale &lt;br /&gt;&lt;/div&gt;&lt;div&gt;&lt;a class=&quot;external&quot; href=&quot;https://www.deviantart.com/users/outgoing?https://leondevenice.com/products/all-quiet-after-the-storm-oil-painting-on-canvas-by-leon-devenice&quot;&gt;leondevenice.com/products/all-&amp;hellip;&lt;/a&gt;&lt;/div&gt;&lt;div&gt;&lt;br /&gt;&lt;/div&gt;&lt;div&gt;&lt;br /&gt;&lt;/div&gt;&lt;div&gt;For custom paintings / Portraits , send an email .&amp;nbsp;&lt;/div&gt;&lt;div&gt;&lt;br /&gt;&lt;/div&gt;&lt;div&gt;&lt;br /&gt;&lt;/div&gt;&lt;div&gt;&lt;b&gt;Check back everyday , New paintings for you to Enjoy &lt;br /&gt;&lt;br /&gt;&lt;/b&gt;&lt;/div&gt;&lt;div&gt;&lt;b&gt;&lt;br /&gt;&lt;/b&gt;&lt;/div&gt;&lt;div&gt;&lt;br /&gt;&lt;/div&gt;&lt;div&gt;Thanks for the Fav&amp;nbsp;&lt;br /&gt;Thanks for Watching&lt;br /&gt;&lt;br /&gt;&lt;/div&gt;</media:description>            <media:thumbnail url="https://t00.deviantart.net/xP8ARLulENkTiPGSjyqdrp1CKt8=/fit-in/150x150/filters:no_upscale():origin()/pre00/371a/th/pre/f/2019/030/6/3/deer_art__deer_painting__leon_devenice_by_leondevenice-dcyf7se.png" height="149" width="150"/>            <media:thumbnail url="https://t00.deviantart.net/THctKeEFHjmvlB0qSsEvPZ1W1cE=/fit-in/300x900/filters:no_upscale():origin()/pre00/371a/th/pre/f/2019/030/6/3/deer_art__deer_painting__leon_devenice_by_leondevenice-dcyf7se.png" height="298" width="300"/>            <media:thumbnail url="https://t00.deviantart.net/KEb7Bf6sR63rXUtYnj-EpdWZpBk=/300x200/filters:fixed_height(100,100):origin()/pre00/371a/th/pre/f/2019/030/6/3/deer_art__deer_painting__leon_devenice_by_leondevenice-dcyf7se.png" height="200" width="201"/>            <media:content url="https://orig00.deviantart.net/226a/f/2019/030/6/3/deer_art__deer_painting__leon_devenice_by_leondevenice-dcyf7se.png" height="695" width="700" medium="image"/>            
            <description>&lt;div&gt;All quiet after the storm&lt;/div&gt;&lt;div&gt;Oil Painting on canvas&lt;/div&gt;&lt;div&gt;24&quot; x 24&quot; (60.96 cm x 60.96 cm) &lt;br /&gt;&lt;/div&gt;&lt;div&gt;&lt;br /&gt;&lt;/div&gt;&lt;div&gt;&lt;br /&gt;&lt;/div&gt;&lt;div&gt;art for sale , original paintings for sale &lt;br /&gt;&lt;/div&gt;&lt;div&gt;&lt;a class=&quot;external&quot; href=&quot;https://www.deviantart.com/users/outgoing?https://leondevenice.com/products/all-quiet-after-the-storm-oil-painting-on-canvas-by-leon-devenice&quot;&gt;leondevenice.com/products/all-&amp;hellip;&lt;/a&gt;&lt;/div&gt;&lt;div&gt;&lt;br /&gt;&lt;/div&gt;&lt;div&gt;&lt;br /&gt;&lt;/div&gt;&lt;div&gt;For custom paintings / Portraits , send an email .&amp;nbsp;&lt;/div&gt;&lt;div&gt;&lt;br /&gt;&lt;/div&gt;&lt;div&gt;&lt;br /&gt;&lt;/div&gt;&lt;div&gt;&lt;b&gt;Check back everyday , New paintings for you to Enjoy &lt;br /&gt;&lt;br /&gt;&lt;/b&gt;&lt;/div&gt;&lt;div&gt;&lt;b&gt;&lt;br /&gt;&lt;/b&gt;&lt;/div&gt;&lt;div&gt;&lt;br /&gt;&lt;/div&gt;&lt;div&gt;Thanks for the Fav&amp;nbsp;&lt;br /&gt;Thanks for Watching&lt;br /&gt;&lt;br /&gt;&lt;/div&gt;&lt;br /&gt;&lt;div&gt;&lt;img src=&quot;https://t00.deviantart.net/KEb7Bf6sR63rXUtYnj-EpdWZpBk=/300x200/filters:fixed_height(100,100):origin()/pre00/371a/th/pre/f/2019/030/6/3/deer_art__deer_painting__leon_devenice_by_leondevenice-dcyf7se.png&quot; alt=&quot;thumbnail&quot; /&gt;&lt;/div&gt;</description>            </item>
                    <item>
                <title>waifu on couch 25</title>
                <link>https://bokuman.deviantart.com/art/waifu-on-couch-25-783452334</link>
                <guid isPermaLink="true">https://bokuman.deviantart.com/art/waifu-on-couch-25-783452334</guid>
                <pubDate>Wed, 30 Jan 2019 14:25:57 PST</pubDate>
                        <media:title type="plain">waifu on couch 25</media:title>
        <media:keywords></media:keywords>
                        <media:rating>nonadult</media:rating>
                <media:category label="Paintings">manga/digital/paintings</media:category>
        <media:credit role="author" scheme="urn:ebu">bokuman</media:credit>
        <media:credit role="author" scheme="urn:ebu">https://a.deviantart.net/avatars/b/o/bokuman.jpg?2</media:credit>
        <media:copyright url="https://bokuman.deviantart.com">Copyright 2019 bokuman</media:copyright>
            <media:community>
                <media:tags>@bokuman_studio</media:tags>
            </media:community>            <media:description type="html">Support me on patreon for more content!&amp;nbsp;&lt;br /&gt;&lt;a href=&quot;https://www.deviantart.com/users/outgoing?https://www.patreon.com/bokuman&quot;&gt;&lt;a class=&quot;external&quot; href=&quot;https://www.deviantart.com/users/outgoing?https://www.patreon.com/bokuman&quot;&gt;www.patreon.com/bokuman&lt;/a&gt;&lt;/a&gt;&lt;br /&gt;&lt;br /&gt;&lt;br /&gt;&lt;br /&gt;&lt;br /&gt;Search my comics.&lt;br /&gt;&lt;br /&gt;&lt;br /&gt;&lt;span class=&quot;shadow-holder&quot; data-embed-type=&quot;deviation&quot; data-embed-id=&quot;648887777&quot; data-embed-format=&quot;thumb&quot;&gt;&lt;span class=&quot;shadow mild&quot; &gt;&lt;a class=&quot;thumb ismature&quot; href=&quot;https://www.deviantart.com/kiselrokcomics/art/Charlotte-Chapter-01-648887777&quot; title=&quot;Charlotte Chapter 01 by Kiselrokcomics, Dec 1, 2016 in Digital Art &amp;gt; Drawings &amp;amp; Paintings &amp;gt; Fantasy&quot;data-super-img=&quot;https://images-wixmp-ed30a86b8c4ca887773594c2.wixmp.com/intermediary/f/5fb3c782-ce71-4ccd-accc-d4584f253d04/daqbx0h-929f8493-4887-4505-8b0f-3dcb57dcaa69.jpg&quot; data-super-width=&quot;636&quot; data-super-height=&quot;900&quot; data-super-transparent=&quot;false&quot; data-super-alt=&quot;Charlotte Chapter 01 by Kiselrokcomics&quot; data-super-full-img=&quot;https://images-wixmp-ed30a86b8c4ca887773594c2.wixmp.com/intermediary/f/5fb3c782-ce71-4ccd-accc-d4584f253d04/daqbx0h-929f8493-4887-4505-8b0f-3dcb57dcaa69.jpg&quot; data-super-full-width=&quot;636&quot; data-super-full-height=&quot;900&quot;        data-sigil=&quot;thumb&quot;&gt;
                &lt;div class=&quot;thumb_agegate&quot;&gt;
            &lt;div class=&quot;agegate&quot;&gt;
                &lt;div class=&quot;nogo icon-blocked&quot;&gt;&lt;/div&gt;
                &lt;h1&gt;Mature Content&lt;/h1&gt;
            &lt;/div&gt;
        &lt;/div&gt;
        &lt;i&gt;&lt;/i&gt;&lt;img   width=&quot;106&quot; height=&quot;150&quot; alt=&quot;Charlotte Chapter 01 by Kiselrokcomics&quot; src=&quot;https://images-wixmp-ed30a86b8c4ca887773594c2.wixmp.com/intermediary/f/5fb3c782-ce71-4ccd-accc-d4584f253d04/daqbx0h-929f8493-4887-4505-8b0f-3dcb57dcaa69.jpg/v1/fit/w_150,h_150,q_70,strp/charlotte_chapter_01_by_kiselrokcomics_daqbx0h-150.jpg&quot; data-src=&quot;https://images-wixmp-ed30a86b8c4ca887773594c2.wixmp.com/intermediary/f/5fb3c782-ce71-4ccd-accc-d4584f253d04/daqbx0h-929f8493-4887-4505-8b0f-3dcb57dcaa69.jpg/v1/fit/w_150,h_150,q_70,strp/charlotte_chapter_01_by_kiselrokcomics_daqbx0h-150.jpg&quot; srcset=&quot;https://images-wixmp-ed30a86b8c4ca887773594c2.wixmp.com/intermediary/f/5fb3c782-ce71-4ccd-accc-d4584f253d04/daqbx0h-929f8493-4887-4505-8b0f-3dcb57dcaa69.jpg/v1/fit/w_150,h_150,q_70,strp/charlotte_chapter_01_by_kiselrokcomics_daqbx0h-150.jpg 106w,https://images-wixmp-ed30a86b8c4ca887773594c2.wixmp.com/intermediary/f/5fb3c782-ce71-4ccd-accc-d4584f253d04/daqbx0h-929f8493-4887-4505-8b0f-3dcb57dcaa69.jpg/v1/fill/w_177,h_250,q_70,strp/charlotte_chapter_01_by_kiselrokcomics_daqbx0h-250t.jpg 177w,https://images-wixmp-ed30a86b8c4ca887773594c2.wixmp.com/intermediary/f/5fb3c782-ce71-4ccd-accc-d4584f253d04/daqbx0h-929f8493-4887-4505-8b0f-3dcb57dcaa69.jpg/v1/fill/w_247,h_350,q_70,strp/charlotte_chapter_01_by_kiselrokcomics_daqbx0h-350t.jpg 247w,https://images-wixmp-ed30a86b8c4ca887773594c2.wixmp.com/intermediary/f/5fb3c782-ce71-4ccd-accc-d4584f253d04/daqbx0h-929f8493-4887-4505-8b0f-3dcb57dcaa69.jpg/v1/fill/w_283,h_400,q_70,strp/charlotte_chapter_01_by_kiselrokcomics_daqbx0h-400t.jpg 283w,https://images-wixmp-ed30a86b8c4ca887773594c2.wixmp.com/intermediary/f/5fb3c782-ce71-4ccd-accc-d4584f253d04/daqbx0h-929f8493-4887-4505-8b0f-3dcb57dcaa69.jpg 636w&quot; sizes=&quot;106px&quot;&gt;&lt;/a&gt;&lt;/span&gt;&lt;!-- ^TTT --&gt;&lt;!-- TTT$ --&gt;&lt;/span&gt;&lt;span class=&quot;shadow-holder&quot; data-embed-type=&quot;deviation&quot; data-embed-id=&quot;667550029&quot; data-embed-format=&quot;thumb&quot;&gt;&lt;span class=&quot;shadow mild&quot; &gt;&lt;a class=&quot;thumb ismature&quot; href=&quot;https://www.deviantart.com/kiselrokcomics/art/Charlotte-Chapter-02-667550029&quot; title=&quot;Charlotte! Chapter 02! by Kiselrokcomics, Mar 6, 2017 in Cartoons &amp;amp; Comics &amp;gt; Digital Media &amp;gt; Comics &amp;gt; Vector&quot;data-super-img=&quot;https://images-wixmp-ed30a86b8c4ca887773594c2.wixmp.com/intermediary/f/5fb3c782-ce71-4ccd-accc-d4584f253d04/db1fwwd-de2af99b-66d0-4d1a-9340-f066d6a42528.jpg&quot; data-super-width=&quot;636&quot; data-super-height=&quot;900&quot; data-super-transparent=&quot;false&quot; data-super-alt=&quot;Charlotte! Chapter 02! by Kiselrokcomics&quot; data-super-full-img=&quot;https://images-wixmp-ed30a86b8c4ca887773594c2.wixmp.com/intermediary/f/5fb3c782-ce71-4ccd-accc-d4584f253d04/db1fwwd-de2af99b-66d0-4d1a-9340-f066d6a42528.jpg&quot; data-super-full-width=&quot;636&quot; data-super-full-height=&quot;900&quot;        data-sigil=&quot;thumb&quot;&gt;
                &lt;div class=&quot;thumb_agegate&quot;&gt;
            &lt;div class=&quot;agegate&quot;&gt;
                &lt;div class=&quot;nogo icon-blocked&quot;&gt;&lt;/div&gt;
                &lt;h1&gt;Mature Content&lt;/h1&gt;
            &lt;/div&gt;
        &lt;/div&gt;
        &lt;i&gt;&lt;/i&gt;&lt;img   width=&quot;106&quot; height=&quot;150&quot; alt=&quot;Charlotte! Chapter 02! by Kiselrokcomics&quot; src=&quot;https://images-wixmp-ed30a86b8c4ca887773594c2.wixmp.com/intermediary/f/5fb3c782-ce71-4ccd-accc-d4584f253d04/db1fwwd-de2af99b-66d0-4d1a-9340-f066d6a42528.jpg/v1/fit/w_150,h_150,q_70,strp/charlotte__chapter_02__by_kiselrokcomics_db1fwwd-150.jpg&quot; data-src=&quot;https://images-wixmp-ed30a86b8c4ca887773594c2.wixmp.com/intermediary/f/5fb3c782-ce71-4ccd-accc-d4584f253d04/db1fwwd-de2af99b-66d0-4d1a-9340-f066d6a42528.jpg/v1/fit/w_150,h_150,q_70,strp/charlotte__chapter_02__by_kiselrokcomics_db1fwwd-150.jpg&quot; srcset=&quot;https://images-wixmp-ed30a86b8c4ca887773594c2.wixmp.com/intermediary/f/5fb3c782-ce71-4ccd-accc-d4584f253d04/db1fwwd-de2af99b-66d0-4d1a-9340-f066d6a42528.jpg/v1/fit/w_150,h_150,q_70,strp/charlotte__chapter_02__by_kiselrokcomics_db1fwwd-150.jpg 106w,https://images-wixmp-ed30a86b8c4ca887773594c2.wixmp.com/intermediary/f/5fb3c782-ce71-4ccd-accc-d4584f253d04/db1fwwd-de2af99b-66d0-4d1a-9340-f066d6a42528.jpg/v1/fill/w_177,h_250,q_70,strp/charlotte__chapter_02__by_kiselrokcomics_db1fwwd-250t.jpg 177w,https://images-wixmp-ed30a86b8c4ca887773594c2.wixmp.com/intermediary/f/5fb3c782-ce71-4ccd-accc-d4584f253d04/db1fwwd-de2af99b-66d0-4d1a-9340-f066d6a42528.jpg/v1/fill/w_247,h_350,q_70,strp/charlotte__chapter_02__by_kiselrokcomics_db1fwwd-350t.jpg 247w,https://images-wixmp-ed30a86b8c4ca887773594c2.wixmp.com/intermediary/f/5fb3c782-ce71-4ccd-accc-d4584f253d04/db1fwwd-de2af99b-66d0-4d1a-9340-f066d6a42528.jpg/v1/fill/w_283,h_400,q_70,strp/charlotte__chapter_02__by_kiselrokcomics_db1fwwd-400t.jpg 283w,https://images-wixmp-ed30a86b8c4ca887773594c2.wixmp.com/intermediary/f/5fb3c782-ce71-4ccd-accc-d4584f253d04/db1fwwd-de2af99b-66d0-4d1a-9340-f066d6a42528.jpg 636w&quot; sizes=&quot;106px&quot;&gt;&lt;/a&gt;&lt;/span&gt;&lt;!-- ^TTT --&gt;&lt;!-- TTT$ --&gt;&lt;/span&gt;&lt;span class=&quot;shadow-holder&quot; data-embed-type=&quot;deviation&quot; data-embed-id=&quot;690692095&quot; data-embed-format=&quot;thumb&quot;&gt;&lt;span class=&quot;shadow mild&quot; &gt;&lt;a class=&quot;thumb ismature&quot; href=&quot;https://www.deviantart.com/kiselrokcomics/art/Kisel-Ameizing-690692095&quot; title=&quot;Kisel Ameizing by Kiselrokcomics, Jul 5, 2017 in Digital Art &amp;gt; Drawings &amp;amp; Paintings &amp;gt; Fantasy&quot;data-super-img=&quot;https://images-wixmp-ed30a86b8c4ca887773594c2.wixmp.com/intermediary/f/5fb3c782-ce71-4ccd-accc-d4584f253d04/dbf7xfj-47acad68-c9a3-43c0-9a40-1fa6a638890f.jpg&quot; data-super-width=&quot;758&quot; data-super-height=&quot;717&quot; data-super-transparent=&quot;false&quot; data-super-alt=&quot;Kisel Ameizing by Kiselrokcomics&quot; data-super-full-img=&quot;https://images-wixmp-ed30a86b8c4ca887773594c2.wixmp.com/intermediary/f/5fb3c782-ce71-4ccd-accc-d4584f253d04/dbf7xfj-47acad68-c9a3-43c0-9a40-1fa6a638890f.jpg&quot; data-super-full-width=&quot;758&quot; data-super-full-height=&quot;717&quot;        data-sigil=&quot;thumb&quot;&gt;
                &lt;div class=&quot;thumb_agegate&quot;&gt;
            &lt;div class=&quot;agegate&quot;&gt;
                &lt;div class=&quot;nogo icon-blocked&quot;&gt;&lt;/div&gt;
                &lt;h1&gt;Mature Content&lt;/h1&gt;
            &lt;/div&gt;
        &lt;/div&gt;
        &lt;i&gt;&lt;/i&gt;&lt;img   width=&quot;150&quot; height=&quot;142&quot; alt=&quot;Kisel Ameizing by Kiselrokcomics&quot; src=&quot;https://images-wixmp-ed30a86b8c4ca887773594c2.wixmp.com/intermediary/f/5fb3c782-ce71-4ccd-accc-d4584f253d04/dbf7xfj-47acad68-c9a3-43c0-9a40-1fa6a638890f.jpg/v1/fit/w_150,h_150,q_70,strp/kisel_ameizing_by_kiselrokcomics_dbf7xfj-150.jpg&quot; data-src=&quot;https://images-wixmp-ed30a86b8c4ca887773594c2.wixmp.com/intermediary/f/5fb3c782-ce71-4ccd-accc-d4584f253d04/dbf7xfj-47acad68-c9a3-43c0-9a40-1fa6a638890f.jpg/v1/fit/w_150,h_150,q_70,strp/kisel_ameizing_by_kiselrokcomics_dbf7xfj-150.jpg&quot; srcset=&quot;https://images-wixmp-ed30a86b8c4ca887773594c2.wixmp.com/intermediary/f/5fb3c782-ce71-4ccd-accc-d4584f253d04/dbf7xfj-47acad68-c9a3-43c0-9a40-1fa6a638890f.jpg/v1/fit/w_150,h_150,q_70,strp/kisel_ameizing_by_kiselrokcomics_dbf7xfj-150.jpg 150w,https://images-wixmp-ed30a86b8c4ca887773594c2.wixmp.com/intermediary/f/5fb3c782-ce71-4ccd-accc-d4584f253d04/dbf7xfj-47acad68-c9a3-43c0-9a40-1fa6a638890f.jpg/v1/fill/w_264,h_250,q_70,strp/kisel_ameizing_by_kiselrokcomics_dbf7xfj-250t.jpg 264w,https://images-wixmp-ed30a86b8c4ca887773594c2.wixmp.com/intermediary/f/5fb3c782-ce71-4ccd-accc-d4584f253d04/dbf7xfj-47acad68-c9a3-43c0-9a40-1fa6a638890f.jpg/v1/fill/w_370,h_350,q_70,strp/kisel_ameizing_by_kiselrokcomics_dbf7xfj-350t.jpg 370w,https://images-wixmp-ed30a86b8c4ca887773594c2.wixmp.com/intermediary/f/5fb3c782-ce71-4ccd-accc-d4584f253d04/dbf7xfj-47acad68-c9a3-43c0-9a40-1fa6a638890f.jpg/v1/fill/w_423,h_400,q_70,strp/kisel_ameizing_by_kiselrokcomics_dbf7xfj-400t.jpg 423w,https://images-wixmp-ed30a86b8c4ca887773594c2.wixmp.com/intermediary/f/5fb3c782-ce71-4ccd-accc-d4584f253d04/dbf7xfj-47acad68-c9a3-43c0-9a40-1fa6a638890f.jpg 758w&quot; sizes=&quot;150px&quot;&gt;&lt;/a&gt;&lt;/span&gt;&lt;!-- ^TTT --&gt;&lt;!-- TTT$ --&gt;&lt;/span&gt;&lt;span class=&quot;shadow-holder&quot; data-embed-type=&quot;deviation&quot; data-embed-id=&quot;712824607&quot; data-embed-format=&quot;thumb&quot;&gt;&lt;span class=&quot;shadow mild&quot; &gt;&lt;a class=&quot;thumb&quot; href=&quot;https://www.deviantart.com/kiselrokcomics/art/Kisel-Ameizing-2-712824607&quot; title=&quot;Kisel Ameizing 2 by Kiselrokcomics, Nov 1, 2017 in Digital Art &amp;gt; Drawings &amp;amp; Paintings &amp;gt; Fantasy&quot;data-super-img=&quot;https://images-wixmp-ed30a86b8c4ca887773594c2.wixmp.com/intermediary/f/5fb3c782-ce71-4ccd-accc-d4584f253d04/dbseazj-9af008a9-a647-4a51-8da1-5889debf1480.jpg&quot; data-super-width=&quot;758&quot; data-super-height=&quot;717&quot; data-super-transparent=&quot;false&quot; data-super-alt=&quot;Kisel Ameizing 2 by Kiselrokcomics&quot; data-super-full-img=&quot;https://images-wixmp-ed30a86b8c4ca887773594c2.wixmp.com/intermediary/f/5fb3c782-ce71-4ccd-accc-d4584f253d04/dbseazj-9af008a9-a647-4a51-8da1-5889debf1480.jpg&quot; data-super-full-width=&quot;758&quot; data-super-full-height=&quot;717&quot;        data-sigil=&quot;thumb&quot;&gt;
        &lt;i&gt;&lt;/i&gt;&lt;img   width=&quot;150&quot; height=&quot;142&quot; alt=&quot;Kisel Ameizing 2 by Kiselrokcomics&quot; src=&quot;https://images-wixmp-ed30a86b8c4ca887773594c2.wixmp.com/intermediary/f/5fb3c782-ce71-4ccd-accc-d4584f253d04/dbseazj-9af008a9-a647-4a51-8da1-5889debf1480.jpg/v1/fit/w_150,h_150,q_70,strp/kisel_ameizing_2_by_kiselrokcomics_dbseazj-150.jpg&quot; data-src=&quot;https://images-wixmp-ed30a86b8c4ca887773594c2.wixmp.com/intermediary/f/5fb3c782-ce71-4ccd-accc-d4584f253d04/dbseazj-9af008a9-a647-4a51-8da1-5889debf1480.jpg/v1/fit/w_150,h_150,q_70,strp/kisel_ameizing_2_by_kiselrokcomics_dbseazj-150.jpg&quot; srcset=&quot;https://images-wixmp-ed30a86b8c4ca887773594c2.wixmp.com/intermediary/f/5fb3c782-ce71-4ccd-accc-d4584f253d04/dbseazj-9af008a9-a647-4a51-8da1-5889debf1480.jpg/v1/fit/w_150,h_150,q_70,strp/kisel_ameizing_2_by_kiselrokcomics_dbseazj-150.jpg 150w,https://images-wixmp-ed30a86b8c4ca887773594c2.wixmp.com/intermediary/f/5fb3c782-ce71-4ccd-accc-d4584f253d04/dbseazj-9af008a9-a647-4a51-8da1-5889debf1480.jpg/v1/fill/w_264,h_250,q_70,strp/kisel_ameizing_2_by_kiselrokcomics_dbseazj-250t.jpg 264w,https://images-wixmp-ed30a86b8c4ca887773594c2.wixmp.com/intermediary/f/5fb3c782-ce71-4ccd-accc-d4584f253d04/dbseazj-9af008a9-a647-4a51-8da1-5889debf1480.jpg/v1/fill/w_370,h_350,q_70,strp/kisel_ameizing_2_by_kiselrokcomics_dbseazj-350t.jpg 370w,https://images-wixmp-ed30a86b8c4ca887773594c2.wixmp.com/intermediary/f/5fb3c782-ce71-4ccd-accc-d4584f253d04/dbseazj-9af008a9-a647-4a51-8da1-5889debf1480.jpg/v1/fill/w_423,h_400,q_70,strp/kisel_ameizing_2_by_kiselrokcomics_dbseazj-400t.jpg 423w,https://images-wixmp-ed30a86b8c4ca887773594c2.wixmp.com/intermediary/f/5fb3c782-ce71-4ccd-accc-d4584f253d04/dbseazj-9af008a9-a647-4a51-8da1-5889debf1480.jpg 758w&quot; sizes=&quot;150px&quot;&gt;&lt;/a&gt;&lt;/span&gt;&lt;!-- ^TTT --&gt;&lt;!-- TTT$ --&gt;&lt;/span&gt;&lt;span class=&quot;shadow-holder&quot; data-embed-type=&quot;deviation&quot; data-embed-id=&quot;766390059&quot; data-embed-format=&quot;thumb&quot;&gt;&lt;span class=&quot;shadow mild&quot; &gt;&lt;a class=&quot;thumb ismature&quot; href=&quot;https://www.deviantart.com/bokuman/art/Hidori-Rose-Doujin-766390059&quot; title=&quot;Hidori Rose Doujin by bokuman, Oct 1, 2018 in Manga &amp;amp; Anime &amp;gt; Digital Media &amp;gt; Paintings&quot;data-super-img=&quot;https://images-wixmp-ed30a86b8c4ca887773594c2.wixmp.com/intermediary/f/6075a8fa-8fa7-4d63-aa46-ed234fe24fd8/dcoaecr-f6779898-c544-4635-95e4-dcbcad2c931b.jpg/v1/fill/w_752,h_1063,q_70,strp/hidori_rose_doujin_by_bokuman_dcoaecr-pre.jpg&quot; data-super-width=&quot;752&quot; data-super-height=&quot;1063&quot; data-super-transparent=&quot;false&quot; data-super-alt=&quot;Hidori Rose Doujin by bokuman&quot; data-super-full-img=&quot;https://images-wixmp-ed30a86b8c4ca887773594c2.wixmp.com/intermediary/f/6075a8fa-8fa7-4d63-aa46-ed234fe24fd8/dcoaecr-f6779898-c544-4635-95e4-dcbcad2c931b.jpg/v1/fill/w_1024,h_1448,q_70,strp/hidori_rose_doujin_by_bokuman_dcoaecr-fullview.jpg&quot; data-super-full-width=&quot;1024&quot; data-super-full-height=&quot;1448&quot;        data-sigil=&quot;thumb&quot;&gt;
                &lt;div class=&quot;thumb_agegate&quot;&gt;
            &lt;div class=&quot;agegate&quot;&gt;
                &lt;div class=&quot;nogo icon-blocked&quot;&gt;&lt;/div&gt;
                &lt;h1&gt;Mature Content&lt;/h1&gt;
            &lt;/div&gt;
        &lt;/div&gt;
        &lt;i&gt;&lt;/i&gt;&lt;img   width=&quot;106&quot; height=&quot;150&quot; alt=&quot;Hidori Rose Doujin by bokuman&quot; src=&quot;https://images-wixmp-ed30a86b8c4ca887773594c2.wixmp.com/intermediary/f/6075a8fa-8fa7-4d63-aa46-ed234fe24fd8/dcoaecr-f6779898-c544-4635-95e4-dcbcad2c931b.jpg/v1/fit/w_150,h_150,q_70,strp/hidori_rose_doujin_by_bokuman_dcoaecr-150.jpg&quot; data-src=&quot;https://images-wixmp-ed30a86b8c4ca887773594c2.wixmp.com/intermediary/f/6075a8fa-8fa7-4d63-aa46-ed234fe24fd8/dcoaecr-f6779898-c544-4635-95e4-dcbcad2c931b.jpg/v1/fit/w_150,h_150,q_70,strp/hidori_rose_doujin_by_bokuman_dcoaecr-150.jpg&quot; srcset=&quot;https://images-wixmp-ed30a86b8c4ca887773594c2.wixmp.com/intermediary/f/6075a8fa-8fa7-4d63-aa46-ed234fe24fd8/dcoaecr-f6779898-c544-4635-95e4-dcbcad2c931b.jpg/v1/fit/w_150,h_150,q_70,strp/hidori_rose_doujin_by_bokuman_dcoaecr-150.jpg 106w,https://images-wixmp-ed30a86b8c4ca887773594c2.wixmp.com/intermediary/f/6075a8fa-8fa7-4d63-aa46-ed234fe24fd8/dcoaecr-f6779898-c544-4635-95e4-dcbcad2c931b.jpg/v1/fill/w_177,h_250,q_70,strp/hidori_rose_doujin_by_bokuman_dcoaecr-250t.jpg 177w,https://images-wixmp-ed30a86b8c4ca887773594c2.wixmp.com/intermediary/f/6075a8fa-8fa7-4d63-aa46-ed234fe24fd8/dcoaecr-f6779898-c544-4635-95e4-dcbcad2c931b.jpg/v1/crop/w_248,h_350,x_0,y_0,scl_0.23374175306315,q_70,strp/hidori_rose_doujin_by_bokuman_dcoaecr-350t.jpg 248w,https://images-wixmp-ed30a86b8c4ca887773594c2.wixmp.com/intermediary/f/6075a8fa-8fa7-4d63-aa46-ed234fe24fd8/dcoaecr-f6779898-c544-4635-95e4-dcbcad2c931b.jpg/v1/fill/w_283,h_400,q_70,strp/hidori_rose_doujin_by_bokuman_dcoaecr-400t.jpg 283w,https://images-wixmp-ed30a86b8c4ca887773594c2.wixmp.com/intermediary/f/6075a8fa-8fa7-4d63-aa46-ed234fe24fd8/dcoaecr-f6779898-c544-4635-95e4-dcbcad2c931b.jpg/v1/fill/w_752,h_1063,q_70,strp/hidori_rose_doujin_by_bokuman_dcoaecr-pre.jpg 752w&quot; sizes=&quot;106px&quot;&gt;&lt;/a&gt;&lt;/span&gt;&lt;!-- ^TTT --&gt;&lt;!-- TTT$ --&gt;&lt;/span&gt;&lt;span class=&quot;shadow-holder&quot; data-embed-type=&quot;deviation&quot; data-embed-id=&quot;773384466&quot; data-embed-format=&quot;thumb&quot;&gt;&lt;span class=&quot;shadow mild&quot; &gt;&lt;a class=&quot;thumb ismature&quot; href=&quot;https://www.deviantart.com/bokuman/art/Sabrina-Nichole-Doujin-773384466&quot; title=&quot;Sabrina Nichole Doujin by bokuman, Nov 20, 2018 in Manga &amp;amp; Anime &amp;gt; Digital Media &amp;gt; Paintings&quot;data-super-img=&quot;https://images-wixmp-ed30a86b8c4ca887773594c2.wixmp.com/intermediary/f/6075a8fa-8fa7-4d63-aa46-ed234fe24fd8/dcsgb9u-ee6f5e95-5f71-47f3-8aa9-99515fc3bd3d.jpg/v1/fill/w_752,h_1063,q_70,strp/sabrina_nichole_doujin_by_bokuman_dcsgb9u-pre.jpg&quot; data-super-width=&quot;752&quot; data-super-height=&quot;1063&quot; data-super-transparent=&quot;false&quot; data-super-alt=&quot;Sabrina Nichole Doujin by bokuman&quot; data-super-full-img=&quot;https://images-wixmp-ed30a86b8c4ca887773594c2.wixmp.com/intermediary/f/6075a8fa-8fa7-4d63-aa46-ed234fe24fd8/dcsgb9u-ee6f5e95-5f71-47f3-8aa9-99515fc3bd3d.jpg&quot; data-super-full-width=&quot;849&quot; data-super-full-height=&quot;1200&quot;        data-sigil=&quot;thumb&quot;&gt;
                &lt;div class=&quot;thumb_agegate&quot;&gt;
            &lt;div class=&quot;agegate&quot;&gt;
                &lt;div class=&quot;nogo icon-blocked&quot;&gt;&lt;/div&gt;
                &lt;h1&gt;Mature Content&lt;/h1&gt;
            &lt;/div&gt;
        &lt;/div&gt;
        &lt;i&gt;&lt;/i&gt;&lt;img   width=&quot;106&quot; height=&quot;150&quot; alt=&quot;Sabrina Nichole Doujin by bokuman&quot; src=&quot;https://images-wixmp-ed30a86b8c4ca887773594c2.wixmp.com/intermediary/f/6075a8fa-8fa7-4d63-aa46-ed234fe24fd8/dcsgb9u-ee6f5e95-5f71-47f3-8aa9-99515fc3bd3d.jpg/v1/fit/w_150,h_150,q_70,strp/sabrina_nichole_doujin_by_bokuman_dcsgb9u-150.jpg&quot; data-src=&quot;https://images-wixmp-ed30a86b8c4ca887773594c2.wixmp.com/intermediary/f/6075a8fa-8fa7-4d63-aa46-ed234fe24fd8/dcsgb9u-ee6f5e95-5f71-47f3-8aa9-99515fc3bd3d.jpg/v1/fit/w_150,h_150,q_70,strp/sabrina_nichole_doujin_by_bokuman_dcsgb9u-150.jpg&quot; srcset=&quot;https://images-wixmp-ed30a86b8c4ca887773594c2.wixmp.com/intermediary/f/6075a8fa-8fa7-4d63-aa46-ed234fe24fd8/dcsgb9u-ee6f5e95-5f71-47f3-8aa9-99515fc3bd3d.jpg/v1/fit/w_150,h_150,q_70,strp/sabrina_nichole_doujin_by_bokuman_dcsgb9u-150.jpg 106w,https://images-wixmp-ed30a86b8c4ca887773594c2.wixmp.com/intermediary/f/6075a8fa-8fa7-4d63-aa46-ed234fe24fd8/dcsgb9u-ee6f5e95-5f71-47f3-8aa9-99515fc3bd3d.jpg/v1/fill/w_177,h_250,q_70,strp/sabrina_nichole_doujin_by_bokuman_dcsgb9u-250t.jpg 177w,https://images-wixmp-ed30a86b8c4ca887773594c2.wixmp.com/intermediary/f/6075a8fa-8fa7-4d63-aa46-ed234fe24fd8/dcsgb9u-ee6f5e95-5f71-47f3-8aa9-99515fc3bd3d.jpg/v1/crop/w_248,h_350,x_0,y_0,scl_0.29210836277974,q_70,strp/sabrina_nichole_doujin_by_bokuman_dcsgb9u-350t.jpg 248w,https://images-wixmp-ed30a86b8c4ca887773594c2.wixmp.com/intermediary/f/6075a8fa-8fa7-4d63-aa46-ed234fe24fd8/dcsgb9u-ee6f5e95-5f71-47f3-8aa9-99515fc3bd3d.jpg/v1/fill/w_283,h_400,q_70,strp/sabrina_nichole_doujin_by_bokuman_dcsgb9u-400t.jpg 283w,https://images-wixmp-ed30a86b8c4ca887773594c2.wixmp.com/intermediary/f/6075a8fa-8fa7-4d63-aa46-ed234fe24fd8/dcsgb9u-ee6f5e95-5f71-47f3-8aa9-99515fc3bd3d.jpg/v1/fill/w_752,h_1063,q_70,strp/sabrina_nichole_doujin_by_bokuman_dcsgb9u-pre.jpg 752w&quot; sizes=&quot;106px&quot;&gt;&lt;/a&gt;&lt;/span&gt;&lt;!-- ^TTT --&gt;&lt;!-- TTT$ --&gt;&lt;/span&gt;&lt;br /&gt;&lt;br /&gt;&lt;span class=&quot;shadow-holder&quot; data-embed-type=&quot;deviation&quot; data-embed-id=&quot;780602679&quot; data-embed-format=&quot;thumb&quot;&gt;&lt;span class=&quot;shadow mild&quot; &gt;&lt;a class=&quot;thumb ismature&quot; href=&quot;https://www.deviantart.com/kiselrokcomics/art/Jinzoniken-1821-780602679&quot; title=&quot;Jinzoniken 1821 by Kiselrokcomics, Jan 10, 2019 in Digital Art &amp;gt; Drawings &amp;amp; Paintings &amp;gt; Fantasy&quot;data-super-img=&quot;https://images-wixmp-ed30a86b8c4ca887773594c2.wixmp.com/intermediary/f/5fb3c782-ce71-4ccd-accc-d4584f253d04/dcwr0vr-1449ec88-55bc-4042-a0b8-7684c2eefe8b.jpg&quot; data-super-width=&quot;758&quot; data-super-height=&quot;717&quot; data-super-transparent=&quot;false&quot; data-super-alt=&quot;Jinzoniken 1821 by Kiselrokcomics&quot; data-super-full-img=&quot;https://images-wixmp-ed30a86b8c4ca887773594c2.wixmp.com/intermediary/f/5fb3c782-ce71-4ccd-accc-d4584f253d04/dcwr0vr-1449ec88-55bc-4042-a0b8-7684c2eefe8b.jpg&quot; data-super-full-width=&quot;758&quot; data-super-full-height=&quot;717&quot;        data-sigil=&quot;thumb&quot;&gt;
                &lt;div class=&quot;thumb_agegate&quot;&gt;
            &lt;div class=&quot;agegate&quot;&gt;
                &lt;div class=&quot;nogo icon-blocked&quot;&gt;&lt;/div&gt;
                &lt;h1&gt;Mature Content&lt;/h1&gt;
            &lt;/div&gt;
        &lt;/div&gt;
        &lt;i&gt;&lt;/i&gt;&lt;img   width=&quot;150&quot; height=&quot;142&quot; alt=&quot;Jinzoniken 1821 by Kiselrokcomics&quot; src=&quot;https://images-wixmp-ed30a86b8c4ca887773594c2.wixmp.com/intermediary/f/5fb3c782-ce71-4ccd-accc-d4584f253d04/dcwr0vr-1449ec88-55bc-4042-a0b8-7684c2eefe8b.jpg/v1/fit/w_150,h_150,q_70,strp/jinzoniken_1821_by_kiselrokcomics_dcwr0vr-150.jpg&quot; data-src=&quot;https://images-wixmp-ed30a86b8c4ca887773594c2.wixmp.com/intermediary/f/5fb3c782-ce71-4ccd-accc-d4584f253d04/dcwr0vr-1449ec88-55bc-4042-a0b8-7684c2eefe8b.jpg/v1/fit/w_150,h_150,q_70,strp/jinzoniken_1821_by_kiselrokcomics_dcwr0vr-150.jpg&quot; srcset=&quot;https://images-wixmp-ed30a86b8c4ca887773594c2.wixmp.com/intermediary/f/5fb3c782-ce71-4ccd-accc-d4584f253d04/dcwr0vr-1449ec88-55bc-4042-a0b8-7684c2eefe8b.jpg/v1/fit/w_150,h_150,q_70,strp/jinzoniken_1821_by_kiselrokcomics_dcwr0vr-150.jpg 150w,https://images-wixmp-ed30a86b8c4ca887773594c2.wixmp.com/intermediary/f/5fb3c782-ce71-4ccd-accc-d4584f253d04/dcwr0vr-1449ec88-55bc-4042-a0b8-7684c2eefe8b.jpg/v1/fill/w_264,h_250,q_70,strp/jinzoniken_1821_by_kiselrokcomics_dcwr0vr-250t.jpg 264w,https://images-wixmp-ed30a86b8c4ca887773594c2.wixmp.com/intermediary/f/5fb3c782-ce71-4ccd-accc-d4584f253d04/dcwr0vr-1449ec88-55bc-4042-a0b8-7684c2eefe8b.jpg/v1/fill/w_370,h_350,q_70,strp/jinzoniken_1821_by_kiselrokcomics_dcwr0vr-350t.jpg 370w,https://images-wixmp-ed30a86b8c4ca887773594c2.wixmp.com/intermediary/f/5fb3c782-ce71-4ccd-accc-d4584f253d04/dcwr0vr-1449ec88-55bc-4042-a0b8-7684c2eefe8b.jpg/v1/fill/w_423,h_400,q_70,strp/jinzoniken_1821_by_kiselrokcomics_dcwr0vr-400t.jpg 423w,https://images-wixmp-ed30a86b8c4ca887773594c2.wixmp.com/intermediary/f/5fb3c782-ce71-4ccd-accc-d4584f253d04/dcwr0vr-1449ec88-55bc-4042-a0b8-7684c2eefe8b.jpg 758w&quot; sizes=&quot;150px&quot;&gt;&lt;/a&gt;&lt;/span&gt;&lt;!-- ^TTT --&gt;&lt;!-- TTT$ --&gt;&lt;/span&gt; &lt;span class=&quot;shadow-holder&quot; data-embed-type=&quot;deviation&quot; data-embed-id=&quot;780602667&quot; data-embed-format=&quot;thumb&quot;&gt;&lt;span class=&quot;shadow mild&quot; &gt;&lt;a class=&quot;thumb ismature&quot; href=&quot;https://www.deviantart.com/kiselrokcomics/art/Jinkies-chapter-1-780602667&quot; title=&quot;Jinkies chapter 1 by Kiselrokcomics, Jan 10, 2019 in Digital Art &amp;gt; Drawings &amp;amp; Paintings &amp;gt; Fantasy&quot;data-super-img=&quot;https://images-wixmp-ed30a86b8c4ca887773594c2.wixmp.com/intermediary/f/5fb3c782-ce71-4ccd-accc-d4584f253d04/dcwr0vf-734c5ddb-beef-4f7e-ba5d-1ca49f479389.jpg&quot; data-super-width=&quot;758&quot; data-super-height=&quot;717&quot; data-super-transparent=&quot;false&quot; data-super-alt=&quot;Jinkies chapter 1 by Kiselrokcomics&quot; data-super-full-img=&quot;https://images-wixmp-ed30a86b8c4ca887773594c2.wixmp.com/intermediary/f/5fb3c782-ce71-4ccd-accc-d4584f253d04/dcwr0vf-734c5ddb-beef-4f7e-ba5d-1ca49f479389.jpg&quot; data-super-full-width=&quot;758&quot; data-super-full-height=&quot;717&quot;        data-sigil=&quot;thumb&quot;&gt;
                &lt;div class=&quot;thumb_agegate&quot;&gt;
            &lt;div class=&quot;agegate&quot;&gt;
                &lt;div class=&quot;nogo icon-blocked&quot;&gt;&lt;/div&gt;
                &lt;h1&gt;Mature Content&lt;/h1&gt;
            &lt;/div&gt;
        &lt;/div&gt;
        &lt;i&gt;&lt;/i&gt;&lt;img   width=&quot;150&quot; height=&quot;142&quot; alt=&quot;Jinkies chapter 1 by Kiselrokcomics&quot; src=&quot;https://images-wixmp-ed30a86b8c4ca887773594c2.wixmp.com/intermediary/f/5fb3c782-ce71-4ccd-accc-d4584f253d04/dcwr0vf-734c5ddb-beef-4f7e-ba5d-1ca49f479389.jpg/v1/fit/w_150,h_150,q_70,strp/jinkies_chapter_1_by_kiselrokcomics_dcwr0vf-150.jpg&quot; data-src=&quot;https://images-wixmp-ed30a86b8c4ca887773594c2.wixmp.com/intermediary/f/5fb3c782-ce71-4ccd-accc-d4584f253d04/dcwr0vf-734c5ddb-beef-4f7e-ba5d-1ca49f479389.jpg/v1/fit/w_150,h_150,q_70,strp/jinkies_chapter_1_by_kiselrokcomics_dcwr0vf-150.jpg&quot; srcset=&quot;https://images-wixmp-ed30a86b8c4ca887773594c2.wixmp.com/intermediary/f/5fb3c782-ce71-4ccd-accc-d4584f253d04/dcwr0vf-734c5ddb-beef-4f7e-ba5d-1ca49f479389.jpg/v1/fit/w_150,h_150,q_70,strp/jinkies_chapter_1_by_kiselrokcomics_dcwr0vf-150.jpg 150w,https://images-wixmp-ed30a86b8c4ca887773594c2.wixmp.com/intermediary/f/5fb3c782-ce71-4ccd-accc-d4584f253d04/dcwr0vf-734c5ddb-beef-4f7e-ba5d-1ca49f479389.jpg/v1/fill/w_264,h_250,q_70,strp/jinkies_chapter_1_by_kiselrokcomics_dcwr0vf-250t.jpg 264w,https://images-wixmp-ed30a86b8c4ca887773594c2.wixmp.com/intermediary/f/5fb3c782-ce71-4ccd-accc-d4584f253d04/dcwr0vf-734c5ddb-beef-4f7e-ba5d-1ca49f479389.jpg/v1/fill/w_370,h_350,q_70,strp/jinkies_chapter_1_by_kiselrokcomics_dcwr0vf-350t.jpg 370w,https://images-wixmp-ed30a86b8c4ca887773594c2.wixmp.com/intermediary/f/5fb3c782-ce71-4ccd-accc-d4584f253d04/dcwr0vf-734c5ddb-beef-4f7e-ba5d-1ca49f479389.jpg/v1/fill/w_423,h_400,q_70,strp/jinkies_chapter_1_by_kiselrokcomics_dcwr0vf-400t.jpg 423w,https://images-wixmp-ed30a86b8c4ca887773594c2.wixmp.com/intermediary/f/5fb3c782-ce71-4ccd-accc-d4584f253d04/dcwr0vf-734c5ddb-beef-4f7e-ba5d-1ca49f479389.jpg 758w&quot; sizes=&quot;150px&quot;&gt;&lt;/a&gt;&lt;/span&gt;&lt;!-- ^TTT --&gt;&lt;!-- TTT$ --&gt;&lt;/span&gt; &lt;span class=&quot;shadow-holder&quot; data-embed-type=&quot;deviation&quot; data-embed-id=&quot;780602688&quot; data-embed-format=&quot;thumb&quot;&gt;&lt;span class=&quot;shadow mild&quot; &gt;&lt;a class=&quot;thumb ismature&quot; href=&quot;https://www.deviantart.com/kiselrokcomics/art/Tracer-And-DVA-Doujin-780602688&quot; title=&quot;Tracer And DVA Doujin by Kiselrokcomics, Jan 10, 2019 in Digital Art &amp;gt; Drawings &amp;amp; Paintings &amp;gt; Fantasy&quot;data-super-img=&quot;https://images-wixmp-ed30a86b8c4ca887773594c2.wixmp.com/intermediary/f/5fb3c782-ce71-4ccd-accc-d4584f253d04/dcwr0w0-64e834ae-f7e5-4b2a-bc58-f5054b8c40da.jpg&quot; data-super-width=&quot;758&quot; data-super-height=&quot;717&quot; data-super-transparent=&quot;false&quot; data-super-alt=&quot;Tracer And DVA Doujin by Kiselrokcomics&quot; data-super-full-img=&quot;https://images-wixmp-ed30a86b8c4ca887773594c2.wixmp.com/intermediary/f/5fb3c782-ce71-4ccd-accc-d4584f253d04/dcwr0w0-64e834ae-f7e5-4b2a-bc58-f5054b8c40da.jpg&quot; data-super-full-width=&quot;758&quot; data-super-full-height=&quot;717&quot;        data-sigil=&quot;thumb&quot;&gt;
                &lt;div class=&quot;thumb_agegate&quot;&gt;
            &lt;div class=&quot;agegate&quot;&gt;
                &lt;div class=&quot;nogo icon-blocked&quot;&gt;&lt;/div&gt;
                &lt;h1&gt;Mature Content&lt;/h1&gt;
            &lt;/div&gt;
        &lt;/div&gt;
        &lt;i&gt;&lt;/i&gt;&lt;img   width=&quot;150&quot; height=&quot;142&quot; alt=&quot;Tracer And DVA Doujin by Kiselrokcomics&quot; src=&quot;https://images-wixmp-ed30a86b8c4ca887773594c2.wixmp.com/intermediary/f/5fb3c782-ce71-4ccd-accc-d4584f253d04/dcwr0w0-64e834ae-f7e5-4b2a-bc58-f5054b8c40da.jpg/v1/fit/w_150,h_150,q_70,strp/tracer_and_dva_doujin_by_kiselrokcomics_dcwr0w0-150.jpg&quot; data-src=&quot;https://images-wixmp-ed30a86b8c4ca887773594c2.wixmp.com/intermediary/f/5fb3c782-ce71-4ccd-accc-d4584f253d04/dcwr0w0-64e834ae-f7e5-4b2a-bc58-f5054b8c40da.jpg/v1/fit/w_150,h_150,q_70,strp/tracer_and_dva_doujin_by_kiselrokcomics_dcwr0w0-150.jpg&quot; srcset=&quot;https://images-wixmp-ed30a86b8c4ca887773594c2.wixmp.com/intermediary/f/5fb3c782-ce71-4ccd-accc-d4584f253d04/dcwr0w0-64e834ae-f7e5-4b2a-bc58-f5054b8c40da.jpg/v1/fit/w_150,h_150,q_70,strp/tracer_and_dva_doujin_by_kiselrokcomics_dcwr0w0-150.jpg 150w,https://images-wixmp-ed30a86b8c4ca887773594c2.wixmp.com/intermediary/f/5fb3c782-ce71-4ccd-accc-d4584f253d04/dcwr0w0-64e834ae-f7e5-4b2a-bc58-f5054b8c40da.jpg/v1/fill/w_264,h_250,q_70,strp/tracer_and_dva_doujin_by_kiselrokcomics_dcwr0w0-250t.jpg 264w,https://images-wixmp-ed30a86b8c4ca887773594c2.wixmp.com/intermediary/f/5fb3c782-ce71-4ccd-accc-d4584f253d04/dcwr0w0-64e834ae-f7e5-4b2a-bc58-f5054b8c40da.jpg/v1/fill/w_370,h_350,q_70,strp/tracer_and_dva_doujin_by_kiselrokcomics_dcwr0w0-350t.jpg 370w,https://images-wixmp-ed30a86b8c4ca887773594c2.wixmp.com/intermediary/f/5fb3c782-ce71-4ccd-accc-d4584f253d04/dcwr0w0-64e834ae-f7e5-4b2a-bc58-f5054b8c40da.jpg/v1/fill/w_423,h_400,q_70,strp/tracer_and_dva_doujin_by_kiselrokcomics_dcwr0w0-400t.jpg 423w,https://images-wixmp-ed30a86b8c4ca887773594c2.wixmp.com/intermediary/f/5fb3c782-ce71-4ccd-accc-d4584f253d04/dcwr0w0-64e834ae-f7e5-4b2a-bc58-f5054b8c40da.jpg 758w&quot; sizes=&quot;150px&quot;&gt;&lt;/a&gt;&lt;/span&gt;&lt;!-- ^TTT --&gt;&lt;!-- TTT$ --&gt;&lt;/span&gt;&lt;br /&gt;&lt;br /&gt;&lt;br /&gt;&lt;br /&gt;More fanart! You can to found more on my&amp;nbsp;&lt;b&gt;&lt;b&gt;&lt;a class=&quot;external&quot; href=&quot;https://www.deviantart.com/users/outgoing?https://gumroad.com/bokuman&quot;&gt;&lt;b&gt;Gumroad&lt;/b&gt;!&lt;/a&gt;&lt;/b&gt;&lt;/b&gt;&lt;br /&gt;&lt;br /&gt;&amp;nbsp;&amp;nbsp;&lt;br /&gt;&lt;span class=&quot;shadow-holder&quot; data-embed-type=&quot;deviation&quot; data-embed-id=&quot;730940877&quot; data-embed-format=&quot;thumb&quot;&gt;&lt;span class=&quot;shadow mild&quot; &gt;&lt;a class=&quot;thumb ismature&quot; href=&quot;https://www.deviantart.com/bokuman/art/ANDROID-21-MANJIN-patreon-730940877&quot; title=&quot;ANDROID 21 MANJIN patreon by bokuman, Mar 18, 2018 in Manga &amp;amp; Anime &amp;gt; Digital Media &amp;gt; Paintings&quot;data-super-img=&quot;https://images-wixmp-ed30a86b8c4ca887773594c2.wixmp.com/intermediary/f/6075a8fa-8fa7-4d63-aa46-ed234fe24fd8/dc36ll9-530e98e4-3be2-4f52-b631-4bc6784ffa55.jpg&quot; data-super-width=&quot;900&quot; data-super-height=&quot;636&quot; data-super-transparent=&quot;false&quot; data-super-alt=&quot;ANDROID 21 MANJIN patreon by bokuman&quot; data-super-full-img=&quot;https://images-wixmp-ed30a86b8c4ca887773594c2.wixmp.com/intermediary/f/6075a8fa-8fa7-4d63-aa46-ed234fe24fd8/dc36ll9-530e98e4-3be2-4f52-b631-4bc6784ffa55.jpg&quot; data-super-full-width=&quot;900&quot; data-super-full-height=&quot;636&quot;        data-sigil=&quot;thumb&quot;&gt;
                &lt;div class=&quot;thumb_agegate&quot;&gt;
            &lt;div class=&quot;agegate&quot;&gt;
                &lt;div class=&quot;nogo icon-blocked&quot;&gt;&lt;/div&gt;
                &lt;h1&gt;Mature Content&lt;/h1&gt;
            &lt;/div&gt;
        &lt;/div&gt;
        &lt;i&gt;&lt;/i&gt;&lt;img   width=&quot;150&quot; height=&quot;106&quot; alt=&quot;ANDROID 21 MANJIN patreon by bokuman&quot; src=&quot;https://images-wixmp-ed30a86b8c4ca887773594c2.wixmp.com/intermediary/f/6075a8fa-8fa7-4d63-aa46-ed234fe24fd8/dc36ll9-530e98e4-3be2-4f52-b631-4bc6784ffa55.jpg/v1/fit/w_150,h_150,q_70,strp/android_21_manjin_patreon_by_bokuman_dc36ll9-150.jpg&quot; data-src=&quot;https://images-wixmp-ed30a86b8c4ca887773594c2.wixmp.com/intermediary/f/6075a8fa-8fa7-4d63-aa46-ed234fe24fd8/dc36ll9-530e98e4-3be2-4f52-b631-4bc6784ffa55.jpg/v1/fit/w_150,h_150,q_70,strp/android_21_manjin_patreon_by_bokuman_dc36ll9-150.jpg&quot; srcset=&quot;https://images-wixmp-ed30a86b8c4ca887773594c2.wixmp.com/intermediary/f/6075a8fa-8fa7-4d63-aa46-ed234fe24fd8/dc36ll9-530e98e4-3be2-4f52-b631-4bc6784ffa55.jpg/v1/fit/w_150,h_150,q_70,strp/android_21_manjin_patreon_by_bokuman_dc36ll9-150.jpg 150w,https://images-wixmp-ed30a86b8c4ca887773594c2.wixmp.com/intermediary/f/6075a8fa-8fa7-4d63-aa46-ed234fe24fd8/dc36ll9-530e98e4-3be2-4f52-b631-4bc6784ffa55.jpg/v1/fill/w_354,h_250,q_70,strp/android_21_manjin_patreon_by_bokuman_dc36ll9-250t.jpg 354w,https://images-wixmp-ed30a86b8c4ca887773594c2.wixmp.com/intermediary/f/6075a8fa-8fa7-4d63-aa46-ed234fe24fd8/dc36ll9-530e98e4-3be2-4f52-b631-4bc6784ffa55.jpg/v1/fill/w_495,h_350,q_70,strp/android_21_manjin_patreon_by_bokuman_dc36ll9-350t.jpg 495w,https://images-wixmp-ed30a86b8c4ca887773594c2.wixmp.com/intermediary/f/6075a8fa-8fa7-4d63-aa46-ed234fe24fd8/dc36ll9-530e98e4-3be2-4f52-b631-4bc6784ffa55.jpg/v1/fill/w_566,h_400,q_70,strp/android_21_manjin_patreon_by_bokuman_dc36ll9-400t.jpg 566w,https://images-wixmp-ed30a86b8c4ca887773594c2.wixmp.com/intermediary/f/6075a8fa-8fa7-4d63-aa46-ed234fe24fd8/dc36ll9-530e98e4-3be2-4f52-b631-4bc6784ffa55.jpg 900w&quot; sizes=&quot;150px&quot;&gt;&lt;/a&gt;&lt;/span&gt;&lt;!-- ^TTT --&gt;&lt;!-- TTT$ --&gt;&lt;/span&gt; &lt;span class=&quot;shadow-holder&quot; data-embed-type=&quot;deviation&quot; data-embed-id=&quot;713541438&quot; data-embed-format=&quot;thumb&quot;&gt;&lt;span class=&quot;shadow mild&quot; &gt;&lt;a class=&quot;thumb ismature&quot; href=&quot;https://www.deviantart.com/bokuman/art/Velma-Daphne-Patreon-713541438&quot; title=&quot;Velma Daphne  Patreon by bokuman, Nov 7, 2017 in Manga &amp;amp; Anime &amp;gt; Digital Media &amp;gt; Paintings&quot;data-super-img=&quot;https://images-wixmp-ed30a86b8c4ca887773594c2.wixmp.com/intermediary/f/6075a8fa-8fa7-4d63-aa46-ed234fe24fd8/dbsto3i-392ed5ab-ef61-4971-8aa3-5321720e1734.jpg&quot; data-super-width=&quot;636&quot; data-super-height=&quot;900&quot; data-super-transparent=&quot;false&quot; data-super-alt=&quot;Velma Daphne  Patreon by bokuman&quot; data-super-full-img=&quot;https://images-wixmp-ed30a86b8c4ca887773594c2.wixmp.com/intermediary/f/6075a8fa-8fa7-4d63-aa46-ed234fe24fd8/dbsto3i-392ed5ab-ef61-4971-8aa3-5321720e1734.jpg&quot; data-super-full-width=&quot;636&quot; data-super-full-height=&quot;900&quot;        data-sigil=&quot;thumb&quot;&gt;
                &lt;div class=&quot;thumb_agegate&quot;&gt;
            &lt;div class=&quot;agegate&quot;&gt;
                &lt;div class=&quot;nogo icon-blocked&quot;&gt;&lt;/div&gt;
                &lt;h1&gt;Mature Content&lt;/h1&gt;
            &lt;/div&gt;
        &lt;/div&gt;
        &lt;i&gt;&lt;/i&gt;&lt;img   width=&quot;106&quot; height=&quot;150&quot; alt=&quot;Velma Daphne  Patreon by bokuman&quot; src=&quot;https://images-wixmp-ed30a86b8c4ca887773594c2.wixmp.com/intermediary/f/6075a8fa-8fa7-4d63-aa46-ed234fe24fd8/dbsto3i-392ed5ab-ef61-4971-8aa3-5321720e1734.jpg/v1/fit/w_150,h_150,q_70,strp/velma_daphne__patreon_by_bokuman_dbsto3i-150.jpg&quot; data-src=&quot;https://images-wixmp-ed30a86b8c4ca887773594c2.wixmp.com/intermediary/f/6075a8fa-8fa7-4d63-aa46-ed234fe24fd8/dbsto3i-392ed5ab-ef61-4971-8aa3-5321720e1734.jpg/v1/fit/w_150,h_150,q_70,strp/velma_daphne__patreon_by_bokuman_dbsto3i-150.jpg&quot; srcset=&quot;https://images-wixmp-ed30a86b8c4ca887773594c2.wixmp.com/intermediary/f/6075a8fa-8fa7-4d63-aa46-ed234fe24fd8/dbsto3i-392ed5ab-ef61-4971-8aa3-5321720e1734.jpg/v1/fit/w_150,h_150,q_70,strp/velma_daphne__patreon_by_bokuman_dbsto3i-150.jpg 106w,https://images-wixmp-ed30a86b8c4ca887773594c2.wixmp.com/intermediary/f/6075a8fa-8fa7-4d63-aa46-ed234fe24fd8/dbsto3i-392ed5ab-ef61-4971-8aa3-5321720e1734.jpg/v1/fill/w_177,h_250,q_70,strp/velma_daphne__patreon_by_bokuman_dbsto3i-250t.jpg 177w,https://images-wixmp-ed30a86b8c4ca887773594c2.wixmp.com/intermediary/f/6075a8fa-8fa7-4d63-aa46-ed234fe24fd8/dbsto3i-392ed5ab-ef61-4971-8aa3-5321720e1734.jpg/v1/fill/w_247,h_350,q_70,strp/velma_daphne__patreon_by_bokuman_dbsto3i-350t.jpg 247w,https://images-wixmp-ed30a86b8c4ca887773594c2.wixmp.com/intermediary/f/6075a8fa-8fa7-4d63-aa46-ed234fe24fd8/dbsto3i-392ed5ab-ef61-4971-8aa3-5321720e1734.jpg/v1/fill/w_283,h_400,q_70,strp/velma_daphne__patreon_by_bokuman_dbsto3i-400t.jpg 283w,https://images-wixmp-ed30a86b8c4ca887773594c2.wixmp.com/intermediary/f/6075a8fa-8fa7-4d63-aa46-ed234fe24fd8/dbsto3i-392ed5ab-ef61-4971-8aa3-5321720e1734.jpg 636w&quot; sizes=&quot;106px&quot;&gt;&lt;/a&gt;&lt;/span&gt;&lt;!-- ^TTT --&gt;&lt;!-- TTT$ --&gt;&lt;/span&gt; &lt;span class=&quot;shadow-holder&quot; data-embed-type=&quot;deviation&quot; data-embed-id=&quot;706493490&quot; data-embed-format=&quot;thumb&quot;&gt;&lt;span class=&quot;shadow mild&quot; &gt;&lt;a class=&quot;thumb&quot; href=&quot;https://www.deviantart.com/bokuman/art/Poison-Fanart-706493490&quot; title=&quot;Poison Fanart by bokuman, Oct 10, 2017 in Manga &amp;amp; Anime &amp;gt; Digital Media &amp;gt; Paintings&quot;data-super-img=&quot;https://images-wixmp-ed30a86b8c4ca887773594c2.wixmp.com/intermediary/f/6075a8fa-8fa7-4d63-aa46-ed234fe24fd8/dbomlv6-c829b1a2-e14d-4145-a8c7-d1275314d43a.jpg&quot; data-super-width=&quot;636&quot; data-super-height=&quot;900&quot; data-super-transparent=&quot;false&quot; data-super-alt=&quot;Poison Fanart by bokuman&quot; data-super-full-img=&quot;https://images-wixmp-ed30a86b8c4ca887773594c2.wixmp.com/intermediary/f/6075a8fa-8fa7-4d63-aa46-ed234fe24fd8/dbomlv6-c829b1a2-e14d-4145-a8c7-d1275314d43a.jpg&quot; data-super-full-width=&quot;636&quot; data-super-full-height=&quot;900&quot;        data-sigil=&quot;thumb&quot;&gt;
        &lt;i&gt;&lt;/i&gt;&lt;img   width=&quot;106&quot; height=&quot;150&quot; alt=&quot;Poison Fanart by bokuman&quot; src=&quot;https://images-wixmp-ed30a86b8c4ca887773594c2.wixmp.com/intermediary/f/6075a8fa-8fa7-4d63-aa46-ed234fe24fd8/dbomlv6-c829b1a2-e14d-4145-a8c7-d1275314d43a.jpg/v1/fit/w_150,h_150,q_70,strp/poison_fanart_by_bokuman_dbomlv6-150.jpg&quot; data-src=&quot;https://images-wixmp-ed30a86b8c4ca887773594c2.wixmp.com/intermediary/f/6075a8fa-8fa7-4d63-aa46-ed234fe24fd8/dbomlv6-c829b1a2-e14d-4145-a8c7-d1275314d43a.jpg/v1/fit/w_150,h_150,q_70,strp/poison_fanart_by_bokuman_dbomlv6-150.jpg&quot; srcset=&quot;https://images-wixmp-ed30a86b8c4ca887773594c2.wixmp.com/intermediary/f/6075a8fa-8fa7-4d63-aa46-ed234fe24fd8/dbomlv6-c829b1a2-e14d-4145-a8c7-d1275314d43a.jpg/v1/fit/w_150,h_150,q_70,strp/poison_fanart_by_bokuman_dbomlv6-150.jpg 106w,https://images-wixmp-ed30a86b8c4ca887773594c2.wixmp.com/intermediary/f/6075a8fa-8fa7-4d63-aa46-ed234fe24fd8/dbomlv6-c829b1a2-e14d-4145-a8c7-d1275314d43a.jpg/v1/fill/w_177,h_250,q_70,strp/poison_fanart_by_bokuman_dbomlv6-250t.jpg 177w,https://images-wixmp-ed30a86b8c4ca887773594c2.wixmp.com/intermediary/f/6075a8fa-8fa7-4d63-aa46-ed234fe24fd8/dbomlv6-c829b1a2-e14d-4145-a8c7-d1275314d43a.jpg/v1/fill/w_247,h_350,q_70,strp/poison_fanart_by_bokuman_dbomlv6-350t.jpg 247w,https://images-wixmp-ed30a86b8c4ca887773594c2.wixmp.com/intermediary/f/6075a8fa-8fa7-4d63-aa46-ed234fe24fd8/dbomlv6-c829b1a2-e14d-4145-a8c7-d1275314d43a.jpg/v1/fill/w_283,h_400,q_70,strp/poison_fanart_by_bokuman_dbomlv6-400t.jpg 283w,https://images-wixmp-ed30a86b8c4ca887773594c2.wixmp.com/intermediary/f/6075a8fa-8fa7-4d63-aa46-ed234fe24fd8/dbomlv6-c829b1a2-e14d-4145-a8c7-d1275314d43a.jpg 636w&quot; sizes=&quot;106px&quot;&gt;&lt;/a&gt;&lt;/span&gt;&lt;!-- ^TTT --&gt;&lt;!-- TTT$ --&gt;&lt;/span&gt; :thumb702294385: :thumb696134677:&lt;br /&gt;&lt;br /&gt;&lt;br /&gt;&lt;br /&gt;&lt;br /&gt;&lt;img src=&quot;https://e.deviantart.net/emoticons/s/star_full.gif&quot; width=&quot;17&quot; height=&quot;16&quot; alt=&quot;:star:&quot; data-embed-type=&quot;emoticon&quot; data-embed-id=&quot;450&quot; title=&quot;Star!&quot;/&gt;&lt;img src=&quot;https://e.deviantart.net/emoticons/s/star_full.gif&quot; width=&quot;17&quot; height=&quot;16&quot; alt=&quot;:star:&quot; data-embed-type=&quot;emoticon&quot; data-embed-id=&quot;450&quot; title=&quot;Star!&quot;/&gt;&lt;img src=&quot;https://e.deviantart.net/emoticons/s/star_full.gif&quot; width=&quot;17&quot; height=&quot;16&quot; alt=&quot;:star:&quot; data-embed-type=&quot;emoticon&quot; data-embed-id=&quot;450&quot; title=&quot;Star!&quot;/&gt;&lt;img src=&quot;https://e.deviantart.net/emoticons/s/star_full.gif&quot; width=&quot;17&quot; height=&quot;16&quot; alt=&quot;:star:&quot; data-embed-type=&quot;emoticon&quot; data-embed-id=&quot;450&quot; title=&quot;Star!&quot;/&gt;&lt;img src=&quot;https://e.deviantart.net/emoticons/s/star_full.gif&quot; width=&quot;17&quot; height=&quot;16&quot; alt=&quot;:star:&quot; data-embed-type=&quot;emoticon&quot; data-embed-id=&quot;450&quot; title=&quot;Star!&quot;/&gt;&lt;img src=&quot;https://e.deviantart.net/emoticons/s/star_full.gif&quot; width=&quot;17&quot; height=&quot;16&quot; alt=&quot;:star:&quot; data-embed-type=&quot;emoticon&quot; data-embed-id=&quot;450&quot; title=&quot;Star!&quot;/&gt;&lt;img src=&quot;https://e.deviantart.net/emoticons/s/star_full.gif&quot; width=&quot;17&quot; height=&quot;16&quot; alt=&quot;:star:&quot; data-embed-type=&quot;emoticon&quot; data-embed-id=&quot;450&quot; title=&quot;Star!&quot;/&gt;&lt;img src=&quot;https://e.deviantart.net/emoticons/s/star_full.gif&quot; width=&quot;17&quot; height=&quot;16&quot; alt=&quot;:star:&quot; data-embed-type=&quot;emoticon&quot; data-embed-id=&quot;450&quot; title=&quot;Star!&quot;/&gt;&lt;img src=&quot;https://e.deviantart.net/emoticons/s/star_full.gif&quot; width=&quot;17&quot; height=&quot;16&quot; alt=&quot;:star:&quot; data-embed-type=&quot;emoticon&quot; data-embed-id=&quot;450&quot; title=&quot;Star!&quot;/&gt;&lt;img src=&quot;https://e.deviantart.net/emoticons/s/star_full.gif&quot; width=&quot;17&quot; height=&quot;16&quot; alt=&quot;:star:&quot; data-embed-type=&quot;emoticon&quot; data-embed-id=&quot;450&quot; title=&quot;Star!&quot;/&gt;&lt;br /&gt;&lt;img src=&quot;https://e.deviantart.net/emoticons/s/star_full.gif&quot; width=&quot;17&quot; height=&quot;16&quot; alt=&quot;:star:&quot; data-embed-type=&quot;emoticon&quot; data-embed-id=&quot;450&quot; title=&quot;Star!&quot;/&gt;&lt;img src=&quot;https://e.deviantart.net/emoticons/s/star_full.gif&quot; width=&quot;17&quot; height=&quot;16&quot; alt=&quot;:star:&quot; data-embed-type=&quot;emoticon&quot; data-embed-id=&quot;450&quot; title=&quot;Star!&quot;/&gt;&lt;img src=&quot;https://e.deviantart.net/emoticons/s/star_full.gif&quot; width=&quot;17&quot; height=&quot;16&quot; alt=&quot;:star:&quot; data-embed-type=&quot;emoticon&quot; data-embed-id=&quot;450&quot; title=&quot;Star!&quot;/&gt;&lt;img src=&quot;https://e.deviantart.net/emoticons/s/star_full.gif&quot; width=&quot;17&quot; height=&quot;16&quot; alt=&quot;:star:&quot; data-embed-type=&quot;emoticon&quot; data-embed-id=&quot;450&quot; title=&quot;Star!&quot;/&gt;&lt;img src=&quot;https://e.deviantart.net/emoticons/s/star_full.gif&quot; width=&quot;17&quot; height=&quot;16&quot; alt=&quot;:star:&quot; data-embed-type=&quot;emoticon&quot; data-embed-id=&quot;450&quot; title=&quot;Star!&quot;/&gt;&lt;img src=&quot;https://e.deviantart.net/emoticons/s/star_full.gif&quot; width=&quot;17&quot; height=&quot;16&quot; alt=&quot;:star:&quot; data-embed-type=&quot;emoticon&quot; data-embed-id=&quot;450&quot; title=&quot;Star!&quot;/&gt;&lt;img src=&quot;https://e.deviantart.net/emoticons/s/star_full.gif&quot; width=&quot;17&quot; height=&quot;16&quot; alt=&quot;:star:&quot; data-embed-type=&quot;emoticon&quot; data-embed-id=&quot;450&quot; title=&quot;Star!&quot;/&gt;&lt;img src=&quot;https://e.deviantart.net/emoticons/s/star_full.gif&quot; width=&quot;17&quot; height=&quot;16&quot; alt=&quot;:star:&quot; data-embed-type=&quot;emoticon&quot; data-embed-id=&quot;450&quot; title=&quot;Star!&quot;/&gt;&lt;img src=&quot;https://e.deviantart.net/emoticons/s/star_full.gif&quot; width=&quot;17&quot; height=&quot;16&quot; alt=&quot;:star:&quot; data-embed-type=&quot;emoticon&quot; data-embed-id=&quot;450&quot; title=&quot;Star!&quot;/&gt;&lt;img src=&quot;https://e.deviantart.net/emoticons/s/star_full.gif&quot; width=&quot;17&quot; height=&quot;16&quot; alt=&quot;:star:&quot; data-embed-type=&quot;emoticon&quot; data-embed-id=&quot;450&quot; title=&quot;Star!&quot;/&gt;&lt;br /&gt;&lt;b&gt;&lt;br /&gt;I open for commissions!! &lt;img src=&quot;https://e.deviantart.net/emoticons/b/biggrin.gif&quot; width=&quot;15&quot; height=&quot;15&quot; alt=&quot;:D&quot; data-embed-type=&quot;emoticon&quot; data-embed-id=&quot;366&quot; title=&quot;:D (Big Grin)&quot;/&gt;&lt;br /&gt;Check my slot list --&amp;gt; &lt;a href=&quot;http://bokuman.deviantart.com/journal/9452152/&quot;&gt;bokuman.deviantart.com/journal&amp;hellip;&lt;/a&gt;&lt;br /&gt;&lt;/b&gt;&lt;br /&gt;Patreon!!&lt;br /&gt;&lt;a class=&quot;external&quot; href=&quot;https://www.deviantart.com/users/outgoing?http://www.patreon.com/bokuman&quot;&gt;www.patreon.com/bokuman&lt;/a&gt;&lt;br /&gt;&lt;br /&gt;&lt;br /&gt;&lt;b&gt;&lt;a class=&quot;external&quot; href=&quot;https://www.deviantart.com/users/outgoing?http://www.facebook.com/pages/Bokuman/143445335776733&quot;&gt;&lt;b&gt;Facebook&lt;/b&gt;!&lt;/a&gt;&lt;br /&gt;&lt;/b&gt;&lt;b&gt;&lt;b&gt;&lt;a class=&quot;external&quot; href=&quot;https://www.deviantart.com/users/outgoing?http://bokuman.tumblr.com/&quot;&gt;&lt;b&gt;Tumblr&lt;/b&gt;!&lt;/a&gt;&lt;/b&gt;&lt;br /&gt;&lt;/b&gt;&lt;b&gt;&lt;b&gt;&lt;a class=&quot;external&quot; href=&quot;https://www.deviantart.com/users/outgoing?https://twitter.com/bokuman_studio&quot;&gt;&lt;b&gt;Twitter&lt;/b&gt;!&lt;/a&gt;&lt;/b&gt;&lt;br /&gt;&lt;/b&gt;&lt;b&gt;&lt;b&gt;&lt;a class=&quot;external&quot; href=&quot;https://www.deviantart.com/users/outgoing?http://instagram.com/bokuman/&quot;&gt;&lt;b&gt;Instagram&lt;/b&gt;!&lt;/a&gt;&lt;br /&gt;&lt;/b&gt;&lt;/b&gt;&lt;b&gt;&lt;b&gt;&lt;a class=&quot;external&quot; href=&quot;https://www.deviantart.com/users/outgoing?https://gumroad.com/bokuman&quot;&gt;&lt;b&gt;Gunroad&lt;/b&gt;!&lt;/a&gt;&lt;/b&gt;&lt;/b&gt;&lt;b&gt;&lt;br /&gt;&lt;/b&gt;&lt;img src=&quot;https://e.deviantart.net/emoticons/s/star_full.gif&quot; width=&quot;17&quot; height=&quot;16&quot; alt=&quot;:star:&quot; data-embed-type=&quot;emoticon&quot; data-embed-id=&quot;450&quot; title=&quot;Star!&quot;/&gt;&lt;img src=&quot;https://e.deviantart.net/emoticons/s/star_full.gif&quot; width=&quot;17&quot; height=&quot;16&quot; alt=&quot;:star:&quot; data-embed-type=&quot;emoticon&quot; data-embed-id=&quot;450&quot; title=&quot;Star!&quot;/&gt;&lt;img src=&quot;https://e.deviantart.net/emoticons/s/star_full.gif&quot; width=&quot;17&quot; height=&quot;16&quot; alt=&quot;:star:&quot; data-embed-type=&quot;emoticon&quot; data-embed-id=&quot;450&quot; title=&quot;Star!&quot;/&gt;&lt;img src=&quot;https://e.deviantart.net/emoticons/s/star_full.gif&quot; width=&quot;17&quot; height=&quot;16&quot; alt=&quot;:star:&quot; data-embed-type=&quot;emoticon&quot; data-embed-id=&quot;450&quot; title=&quot;Star!&quot;/&gt;&lt;img src=&quot;https://e.deviantart.net/emoticons/s/star_full.gif&quot; width=&quot;17&quot; height=&quot;16&quot; alt=&quot;:star:&quot; data-embed-type=&quot;emoticon&quot; data-embed-id=&quot;450&quot; title=&quot;Star!&quot;/&gt;&lt;img src=&quot;https://e.deviantart.net/emoticons/s/star_full.gif&quot; width=&quot;17&quot; height=&quot;16&quot; alt=&quot;:star:&quot; data-embed-type=&quot;emoticon&quot; data-embed-id=&quot;450&quot; title=&quot;Star!&quot;/&gt;&lt;img src=&quot;https://e.deviantart.net/emoticons/s/star_full.gif&quot; width=&quot;17&quot; height=&quot;16&quot; alt=&quot;:star:&quot; data-embed-type=&quot;emoticon&quot; data-embed-id=&quot;450&quot; title=&quot;Star!&quot;/&gt;&lt;img src=&quot;https://e.deviantart.net/emoticons/s/star_full.gif&quot; width=&quot;17&quot; height=&quot;16&quot; alt=&quot;:star:&quot; data-embed-type=&quot;emoticon&quot; data-embed-id=&quot;450&quot; title=&quot;Star!&quot;/&gt;&lt;img src=&quot;https://e.deviantart.net/emoticons/s/star_full.gif&quot; width=&quot;17&quot; height=&quot;16&quot; alt=&quot;:star:&quot; data-embed-type=&quot;emoticon&quot; data-embed-id=&quot;450&quot; title=&quot;Star!&quot;/&gt;&lt;img src=&quot;https://e.deviantart.net/emoticons/s/star_full.gif&quot; width=&quot;17&quot; height=&quot;16&quot; alt=&quot;:star:&quot; data-embed-type=&quot;emoticon&quot; data-embed-id=&quot;450&quot; title=&quot;Star!&quot;/&gt;&lt;br /&gt;&lt;img src=&quot;https://e.deviantart.net/emoticons/s/star_full.gif&quot; width=&quot;17&quot; height=&quot;16&quot; alt=&quot;:star:&quot; data-embed-type=&quot;emoticon&quot; data-embed-id=&quot;450&quot; title=&quot;Star!&quot;/&gt;&lt;img src=&quot;https://e.deviantart.net/emoticons/s/star_full.gif&quot; width=&quot;17&quot; height=&quot;16&quot; alt=&quot;:star:&quot; data-embed-type=&quot;emoticon&quot; data-embed-id=&quot;450&quot; title=&quot;Star!&quot;/&gt;&lt;img src=&quot;https://e.deviantart.net/emoticons/s/star_full.gif&quot; width=&quot;17&quot; height=&quot;16&quot; alt=&quot;:star:&quot; data-embed-type=&quot;emoticon&quot; data-embed-id=&quot;450&quot; title=&quot;Star!&quot;/&gt;&lt;img src=&quot;https://e.deviantart.net/emoticons/s/star_full.gif&quot; width=&quot;17&quot; height=&quot;16&quot; alt=&quot;:star:&quot; data-embed-type=&quot;emoticon&quot; data-embed-id=&quot;450&quot; title=&quot;Star!&quot;/&gt;&lt;img src=&quot;https://e.deviantart.net/emoticons/s/star_full.gif&quot; width=&quot;17&quot; height=&quot;16&quot; alt=&quot;:star:&quot; data-embed-type=&quot;emoticon&quot; data-embed-id=&quot;450&quot; title=&quot;Star!&quot;/&gt;&lt;img src=&quot;https://e.deviantart.net/emoticons/s/star_full.gif&quot; width=&quot;17&quot; height=&quot;16&quot; alt=&quot;:star:&quot; data-embed-type=&quot;emoticon&quot; data-embed-id=&quot;450&quot; title=&quot;Star!&quot;/&gt;&lt;img src=&quot;https://e.deviantart.net/emoticons/s/star_full.gif&quot; width=&quot;17&quot; height=&quot;16&quot; alt=&quot;:star:&quot; data-embed-type=&quot;emoticon&quot; data-embed-id=&quot;450&quot; title=&quot;Star!&quot;/&gt;&lt;img src=&quot;https://e.deviantart.net/emoticons/s/star_full.gif&quot; width=&quot;17&quot; height=&quot;16&quot; alt=&quot;:star:&quot; data-embed-type=&quot;emoticon&quot; data-embed-id=&quot;450&quot; title=&quot;Star!&quot;/&gt;&lt;img src=&quot;https://e.deviantart.net/emoticons/s/star_full.gif&quot; width=&quot;17&quot; height=&quot;16&quot; alt=&quot;:star:&quot; data-embed-type=&quot;emoticon&quot; data-embed-id=&quot;450&quot; title=&quot;Star!&quot;/&gt;&lt;img src=&quot;https://e.deviantart.net/emoticons/s/star_full.gif&quot; width=&quot;17&quot; height=&quot;16&quot; alt=&quot;:star:&quot; data-embed-type=&quot;emoticon&quot; data-embed-id=&quot;450&quot; title=&quot;Star!&quot;/&gt;</media:description>            <media:thumbnail url="https://t00.deviantart.net/U1br94d7BbDGhDoe34HwebYP-jE=/fit-in/150x150/filters:no_upscale():origin()/pre00/ed8f/th/pre/f/2019/030/5/5/55ff52638b378dd26414a3a4b5c110e1-dcyg3ou.jpg" height="117" width="150"/>            <media:thumbnail url="https://t00.deviantart.net/n-TlJyP2H928IDaEtpml64bPFX8=/fit-in/300x900/filters:no_upscale():origin()/pre00/ed8f/th/pre/f/2019/030/5/5/55ff52638b378dd26414a3a4b5c110e1-dcyg3ou.jpg" height="235" width="300"/>            <media:thumbnail url="https://t00.deviantart.net/57x9XDrHQ9i_WXqMT-7zjoja0l4=/300x200/filters:fixed_height(100,100):origin()/pre00/ed8f/th/pre/f/2019/030/5/5/55ff52638b378dd26414a3a4b5c110e1-dcyg3ou.jpg" height="200" width="256"/>            <media:content url="https://orig00.deviantart.net/dfe7/f/2019/030/5/5/55ff52638b378dd26414a3a4b5c110e1-dcyg3ou.jpg" height="704" width="900" medium="image"/>            
            <description>Support me on patreon for more content!&amp;nbsp;&lt;br /&gt;&lt;a href=&quot;https://www.deviantart.com/users/outgoing?https://www.patreon.com/bokuman&quot;&gt;&lt;a class=&quot;external&quot; href=&quot;https://www.deviantart.com/users/outgoing?https://www.patreon.com/bokuman&quot;&gt;www.patreon.com/bokuman&lt;/a&gt;&lt;/a&gt;&lt;br /&gt;&lt;br /&gt;&lt;br /&gt;&lt;br /&gt;&lt;br /&gt;Search my comics.&lt;br /&gt;&lt;br /&gt;&lt;br /&gt;&lt;span class=&quot;shadow-holder&quot; data-embed-type=&quot;deviation&quot; data-embed-id=&quot;648887777&quot; data-embed-format=&quot;thumb&quot;&gt;&lt;span class=&quot;shadow mild&quot; &gt;&lt;a class=&quot;thumb ismature&quot; href=&quot;https://www.deviantart.com/kiselrokcomics/art/Charlotte-Chapter-01-648887777&quot; title=&quot;Charlotte Chapter 01 by Kiselrokcomics, Dec 1, 2016 in Digital Art &amp;gt; Drawings &amp;amp; Paintings &amp;gt; Fantasy&quot;data-super-img=&quot;https://images-wixmp-ed30a86b8c4ca887773594c2.wixmp.com/intermediary/f/5fb3c782-ce71-4ccd-accc-d4584f253d04/daqbx0h-929f8493-4887-4505-8b0f-3dcb57dcaa69.jpg&quot; data-super-width=&quot;636&quot; data-super-height=&quot;900&quot; data-super-transparent=&quot;false&quot; data-super-alt=&quot;Charlotte Chapter 01 by Kiselrokcomics&quot; data-super-full-img=&quot;https://images-wixmp-ed30a86b8c4ca887773594c2.wixmp.com/intermediary/f/5fb3c782-ce71-4ccd-accc-d4584f253d04/daqbx0h-929f8493-4887-4505-8b0f-3dcb57dcaa69.jpg&quot; data-super-full-width=&quot;636&quot; data-super-full-height=&quot;900&quot;        data-sigil=&quot;thumb&quot;&gt;
                &lt;div class=&quot;thumb_agegate&quot;&gt;
            &lt;div class=&quot;agegate&quot;&gt;
                &lt;div class=&quot;nogo icon-blocked&quot;&gt;&lt;/div&gt;
                &lt;h1&gt;Mature Content&lt;/h1&gt;
            &lt;/div&gt;
        &lt;/div&gt;
        &lt;i&gt;&lt;/i&gt;&lt;img   width=&quot;106&quot; height=&quot;150&quot; alt=&quot;Charlotte Chapter 01 by Kiselrokcomics&quot; src=&quot;https://images-wixmp-ed30a86b8c4ca887773594c2.wixmp.com/intermediary/f/5fb3c782-ce71-4ccd-accc-d4584f253d04/daqbx0h-929f8493-4887-4505-8b0f-3dcb57dcaa69.jpg/v1/fit/w_150,h_150,q_70,strp/charlotte_chapter_01_by_kiselrokcomics_daqbx0h-150.jpg&quot; data-src=&quot;https://images-wixmp-ed30a86b8c4ca887773594c2.wixmp.com/intermediary/f/5fb3c782-ce71-4ccd-accc-d4584f253d04/daqbx0h-929f8493-4887-4505-8b0f-3dcb57dcaa69.jpg/v1/fit/w_150,h_150,q_70,strp/charlotte_chapter_01_by_kiselrokcomics_daqbx0h-150.jpg&quot; srcset=&quot;https://images-wixmp-ed30a86b8c4ca887773594c2.wixmp.com/intermediary/f/5fb3c782-ce71-4ccd-accc-d4584f253d04/daqbx0h-929f8493-4887-4505-8b0f-3dcb57dcaa69.jpg/v1/fit/w_150,h_150,q_70,strp/charlotte_chapter_01_by_kiselrokcomics_daqbx0h-150.jpg 106w,https://images-wixmp-ed30a86b8c4ca887773594c2.wixmp.com/intermediary/f/5fb3c782-ce71-4ccd-accc-d4584f253d04/daqbx0h-929f8493-4887-4505-8b0f-3dcb57dcaa69.jpg/v1/fill/w_177,h_250,q_70,strp/charlotte_chapter_01_by_kiselrokcomics_daqbx0h-250t.jpg 177w,https://images-wixmp-ed30a86b8c4ca887773594c2.wixmp.com/intermediary/f/5fb3c782-ce71-4ccd-accc-d4584f253d04/daqbx0h-929f8493-4887-4505-8b0f-3dcb57dcaa69.jpg/v1/fill/w_247,h_350,q_70,strp/charlotte_chapter_01_by_kiselrokcomics_daqbx0h-350t.jpg 247w,https://images-wixmp-ed30a86b8c4ca887773594c2.wixmp.com/intermediary/f/5fb3c782-ce71-4ccd-accc-d4584f253d04/daqbx0h-929f8493-4887-4505-8b0f-3dcb57dcaa69.jpg/v1/fill/w_283,h_400,q_70,strp/charlotte_chapter_01_by_kiselrokcomics_daqbx0h-400t.jpg 283w,https://images-wixmp-ed30a86b8c4ca887773594c2.wixmp.com/intermediary/f/5fb3c782-ce71-4ccd-accc-d4584f253d04/daqbx0h-929f8493-4887-4505-8b0f-3dcb57dcaa69.jpg 636w&quot; sizes=&quot;106px&quot;&gt;&lt;/a&gt;&lt;/span&gt;&lt;!-- ^TTT --&gt;&lt;!-- TTT$ --&gt;&lt;/span&gt;&lt;span class=&quot;shadow-holder&quot; data-embed-type=&quot;deviation&quot; data-embed-id=&quot;667550029&quot; data-embed-format=&quot;thumb&quot;&gt;&lt;span class=&quot;shadow mild&quot; &gt;&lt;a class=&quot;thumb ismature&quot; href=&quot;https://www.deviantart.com/kiselrokcomics/art/Charlotte-Chapter-02-667550029&quot; title=&quot;Charlotte! Chapter 02! by Kiselrokcomics, Mar 6, 2017 in Cartoons &amp;amp; Comics &amp;gt; Digital Media &amp;gt; Comics &amp;gt; Vector&quot;data-super-img=&quot;https://images-wixmp-ed30a86b8c4ca887773594c2.wixmp.com/intermediary/f/5fb3c782-ce71-4ccd-accc-d4584f253d04/db1fwwd-de2af99b-66d0-4d1a-9340-f066d6a42528.jpg&quot; data-super-width=&quot;636&quot; data-super-height=&quot;900&quot; data-super-transparent=&quot;false&quot; data-super-alt=&quot;Charlotte! Chapter 02! by Kiselrokcomics&quot; data-super-full-img=&quot;https://images-wixmp-ed30a86b8c4ca887773594c2.wixmp.com/intermediary/f/5fb3c782-ce71-4ccd-accc-d4584f253d04/db1fwwd-de2af99b-66d0-4d1a-9340-f066d6a42528.jpg&quot; data-super-full-width=&quot;636&quot; data-super-full-height=&quot;900&quot;        data-sigil=&quot;thumb&quot;&gt;
                &lt;div class=&quot;thumb_agegate&quot;&gt;
            &lt;div class=&quot;agegate&quot;&gt;
                &lt;div class=&quot;nogo icon-blocked&quot;&gt;&lt;/div&gt;
                &lt;h1&gt;Mature Content&lt;/h1&gt;
            &lt;/div&gt;
        &lt;/div&gt;
        &lt;i&gt;&lt;/i&gt;&lt;img   width=&quot;106&quot; height=&quot;150&quot; alt=&quot;Charlotte! Chapter 02! by Kiselrokcomics&quot; src=&quot;https://images-wixmp-ed30a86b8c4ca887773594c2.wixmp.com/intermediary/f/5fb3c782-ce71-4ccd-accc-d4584f253d04/db1fwwd-de2af99b-66d0-4d1a-9340-f066d6a42528.jpg/v1/fit/w_150,h_150,q_70,strp/charlotte__chapter_02__by_kiselrokcomics_db1fwwd-150.jpg&quot; data-src=&quot;https://images-wixmp-ed30a86b8c4ca887773594c2.wixmp.com/intermediary/f/5fb3c782-ce71-4ccd-accc-d4584f253d04/db1fwwd-de2af99b-66d0-4d1a-9340-f066d6a42528.jpg/v1/fit/w_150,h_150,q_70,strp/charlotte__chapter_02__by_kiselrokcomics_db1fwwd-150.jpg&quot; srcset=&quot;https://images-wixmp-ed30a86b8c4ca887773594c2.wixmp.com/intermediary/f/5fb3c782-ce71-4ccd-accc-d4584f253d04/db1fwwd-de2af99b-66d0-4d1a-9340-f066d6a42528.jpg/v1/fit/w_150,h_150,q_70,strp/charlotte__chapter_02__by_kiselrokcomics_db1fwwd-150.jpg 106w,https://images-wixmp-ed30a86b8c4ca887773594c2.wixmp.com/intermediary/f/5fb3c782-ce71-4ccd-accc-d4584f253d04/db1fwwd-de2af99b-66d0-4d1a-9340-f066d6a42528.jpg/v1/fill/w_177,h_250,q_70,strp/charlotte__chapter_02__by_kiselrokcomics_db1fwwd-250t.jpg 177w,https://images-wixmp-ed30a86b8c4ca887773594c2.wixmp.com/intermediary/f/5fb3c782-ce71-4ccd-accc-d4584f253d04/db1fwwd-de2af99b-66d0-4d1a-9340-f066d6a42528.jpg/v1/fill/w_247,h_350,q_70,strp/charlotte__chapter_02__by_kiselrokcomics_db1fwwd-350t.jpg 247w,https://images-wixmp-ed30a86b8c4ca887773594c2.wixmp.com/intermediary/f/5fb3c782-ce71-4ccd-accc-d4584f253d04/db1fwwd-de2af99b-66d0-4d1a-9340-f066d6a42528.jpg/v1/fill/w_283,h_400,q_70,strp/charlotte__chapter_02__by_kiselrokcomics_db1fwwd-400t.jpg 283w,https://images-wixmp-ed30a86b8c4ca887773594c2.wixmp.com/intermediary/f/5fb3c782-ce71-4ccd-accc-d4584f253d04/db1fwwd-de2af99b-66d0-4d1a-9340-f066d6a42528.jpg 636w&quot; sizes=&quot;106px&quot;&gt;&lt;/a&gt;&lt;/span&gt;&lt;!-- ^TTT --&gt;&lt;!-- TTT$ --&gt;&lt;/span&gt;&lt;span class=&quot;shadow-holder&quot; data-embed-type=&quot;deviation&quot; data-embed-id=&quot;690692095&quot; data-embed-format=&quot;thumb&quot;&gt;&lt;span class=&quot;shadow mild&quot; &gt;&lt;a class=&quot;thumb ismature&quot; href=&quot;https://www.deviantart.com/kiselrokcomics/art/Kisel-Ameizing-690692095&quot; title=&quot;Kisel Ameizing by Kiselrokcomics, Jul 5, 2017 in Digital Art &amp;gt; Drawings &amp;amp; Paintings &amp;gt; Fantasy&quot;data-super-img=&quot;https://images-wixmp-ed30a86b8c4ca887773594c2.wixmp.com/intermediary/f/5fb3c782-ce71-4ccd-accc-d4584f253d04/dbf7xfj-47acad68-c9a3-43c0-9a40-1fa6a638890f.jpg&quot; data-super-width=&quot;758&quot; data-super-height=&quot;717&quot; data-super-transparent=&quot;false&quot; data-super-alt=&quot;Kisel Ameizing by Kiselrokcomics&quot; data-super-full-img=&quot;https://images-wixmp-ed30a86b8c4ca887773594c2.wixmp.com/intermediary/f/5fb3c782-ce71-4ccd-accc-d4584f253d04/dbf7xfj-47acad68-c9a3-43c0-9a40-1fa6a638890f.jpg&quot; data-super-full-width=&quot;758&quot; data-super-full-height=&quot;717&quot;        data-sigil=&quot;thumb&quot;&gt;
                &lt;div class=&quot;thumb_agegate&quot;&gt;
            &lt;div class=&quot;agegate&quot;&gt;
                &lt;div class=&quot;nogo icon-blocked&quot;&gt;&lt;/div&gt;
                &lt;h1&gt;Mature Content&lt;/h1&gt;
            &lt;/div&gt;
        &lt;/div&gt;
        &lt;i&gt;&lt;/i&gt;&lt;img   width=&quot;150&quot; height=&quot;142&quot; alt=&quot;Kisel Ameizing by Kiselrokcomics&quot; src=&quot;https://images-wixmp-ed30a86b8c4ca887773594c2.wixmp.com/intermediary/f/5fb3c782-ce71-4ccd-accc-d4584f253d04/dbf7xfj-47acad68-c9a3-43c0-9a40-1fa6a638890f.jpg/v1/fit/w_150,h_150,q_70,strp/kisel_ameizing_by_kiselrokcomics_dbf7xfj-150.jpg&quot; data-src=&quot;https://images-wixmp-ed30a86b8c4ca887773594c2.wixmp.com/intermediary/f/5fb3c782-ce71-4ccd-accc-d4584f253d04/dbf7xfj-47acad68-c9a3-43c0-9a40-1fa6a638890f.jpg/v1/fit/w_150,h_150,q_70,strp/kisel_ameizing_by_kiselrokcomics_dbf7xfj-150.jpg&quot; srcset=&quot;https://images-wixmp-ed30a86b8c4ca887773594c2.wixmp.com/intermediary/f/5fb3c782-ce71-4ccd-accc-d4584f253d04/dbf7xfj-47acad68-c9a3-43c0-9a40-1fa6a638890f.jpg/v1/fit/w_150,h_150,q_70,strp/kisel_ameizing_by_kiselrokcomics_dbf7xfj-150.jpg 150w,https://images-wixmp-ed30a86b8c4ca887773594c2.wixmp.com/intermediary/f/5fb3c782-ce71-4ccd-accc-d4584f253d04/dbf7xfj-47acad68-c9a3-43c0-9a40-1fa6a638890f.jpg/v1/fill/w_264,h_250,q_70,strp/kisel_ameizing_by_kiselrokcomics_dbf7xfj-250t.jpg 264w,https://images-wixmp-ed30a86b8c4ca887773594c2.wixmp.com/intermediary/f/5fb3c782-ce71-4ccd-accc-d4584f253d04/dbf7xfj-47acad68-c9a3-43c0-9a40-1fa6a638890f.jpg/v1/fill/w_370,h_350,q_70,strp/kisel_ameizing_by_kiselrokcomics_dbf7xfj-350t.jpg 370w,https://images-wixmp-ed30a86b8c4ca887773594c2.wixmp.com/intermediary/f/5fb3c782-ce71-4ccd-accc-d4584f253d04/dbf7xfj-47acad68-c9a3-43c0-9a40-1fa6a638890f.jpg/v1/fill/w_423,h_400,q_70,strp/kisel_ameizing_by_kiselrokcomics_dbf7xfj-400t.jpg 423w,https://images-wixmp-ed30a86b8c4ca887773594c2.wixmp.com/intermediary/f/5fb3c782-ce71-4ccd-accc-d4584f253d04/dbf7xfj-47acad68-c9a3-43c0-9a40-1fa6a638890f.jpg 758w&quot; sizes=&quot;150px&quot;&gt;&lt;/a&gt;&lt;/span&gt;&lt;!-- ^TTT --&gt;&lt;!-- TTT$ --&gt;&lt;/span&gt;&lt;span class=&quot;shadow-holder&quot; data-embed-type=&quot;deviation&quot; data-embed-id=&quot;712824607&quot; data-embed-format=&quot;thumb&quot;&gt;&lt;span class=&quot;shadow mild&quot; &gt;&lt;a class=&quot;thumb&quot; href=&quot;https://www.deviantart.com/kiselrokcomics/art/Kisel-Ameizing-2-712824607&quot; title=&quot;Kisel Ameizing 2 by Kiselrokcomics, Nov 1, 2017 in Digital Art &amp;gt; Drawings &amp;amp; Paintings &amp;gt; Fantasy&quot;data-super-img=&quot;https://images-wixmp-ed30a86b8c4ca887773594c2.wixmp.com/intermediary/f/5fb3c782-ce71-4ccd-accc-d4584f253d04/dbseazj-9af008a9-a647-4a51-8da1-5889debf1480.jpg&quot; data-super-width=&quot;758&quot; data-super-height=&quot;717&quot; data-super-transparent=&quot;false&quot; data-super-alt=&quot;Kisel Ameizing 2 by Kiselrokcomics&quot; data-super-full-img=&quot;https://images-wixmp-ed30a86b8c4ca887773594c2.wixmp.com/intermediary/f/5fb3c782-ce71-4ccd-accc-d4584f253d04/dbseazj-9af008a9-a647-4a51-8da1-5889debf1480.jpg&quot; data-super-full-width=&quot;758&quot; data-super-full-height=&quot;717&quot;        data-sigil=&quot;thumb&quot;&gt;
        &lt;i&gt;&lt;/i&gt;&lt;img   width=&quot;150&quot; height=&quot;142&quot; alt=&quot;Kisel Ameizing 2 by Kiselrokcomics&quot; src=&quot;https://images-wixmp-ed30a86b8c4ca887773594c2.wixmp.com/intermediary/f/5fb3c782-ce71-4ccd-accc-d4584f253d04/dbseazj-9af008a9-a647-4a51-8da1-5889debf1480.jpg/v1/fit/w_150,h_150,q_70,strp/kisel_ameizing_2_by_kiselrokcomics_dbseazj-150.jpg&quot; data-src=&quot;https://images-wixmp-ed30a86b8c4ca887773594c2.wixmp.com/intermediary/f/5fb3c782-ce71-4ccd-accc-d4584f253d04/dbseazj-9af008a9-a647-4a51-8da1-5889debf1480.jpg/v1/fit/w_150,h_150,q_70,strp/kisel_ameizing_2_by_kiselrokcomics_dbseazj-150.jpg&quot; srcset=&quot;https://images-wixmp-ed30a86b8c4ca887773594c2.wixmp.com/intermediary/f/5fb3c782-ce71-4ccd-accc-d4584f253d04/dbseazj-9af008a9-a647-4a51-8da1-5889debf1480.jpg/v1/fit/w_150,h_150,q_70,strp/kisel_ameizing_2_by_kiselrokcomics_dbseazj-150.jpg 150w,https://images-wixmp-ed30a86b8c4ca887773594c2.wixmp.com/intermediary/f/5fb3c782-ce71-4ccd-accc-d4584f253d04/dbseazj-9af008a9-a647-4a51-8da1-5889debf1480.jpg/v1/fill/w_264,h_250,q_70,strp/kisel_ameizing_2_by_kiselrokcomics_dbseazj-250t.jpg 264w,https://images-wixmp-ed30a86b8c4ca887773594c2.wixmp.com/intermediary/f/5fb3c782-ce71-4ccd-accc-d4584f253d04/dbseazj-9af008a9-a647-4a51-8da1-5889debf1480.jpg/v1/fill/w_370,h_350,q_70,strp/kisel_ameizing_2_by_kiselrokcomics_dbseazj-350t.jpg 370w,https://images-wixmp-ed30a86b8c4ca887773594c2.wixmp.com/intermediary/f/5fb3c782-ce71-4ccd-accc-d4584f253d04/dbseazj-9af008a9-a647-4a51-8da1-5889debf1480.jpg/v1/fill/w_423,h_400,q_70,strp/kisel_ameizing_2_by_kiselrokcomics_dbseazj-400t.jpg 423w,https://images-wixmp-ed30a86b8c4ca887773594c2.wixmp.com/intermediary/f/5fb3c782-ce71-4ccd-accc-d4584f253d04/dbseazj-9af008a9-a647-4a51-8da1-5889debf1480.jpg 758w&quot; sizes=&quot;150px&quot;&gt;&lt;/a&gt;&lt;/span&gt;&lt;!-- ^TTT --&gt;&lt;!-- TTT$ --&gt;&lt;/span&gt;&lt;span class=&quot;shadow-holder&quot; data-embed-type=&quot;deviation&quot; data-embed-id=&quot;766390059&quot; data-embed-format=&quot;thumb&quot;&gt;&lt;span class=&quot;shadow mild&quot; &gt;&lt;a class=&quot;thumb ismature&quot; href=&quot;https://www.deviantart.com/bokuman/art/Hidori-Rose-Doujin-766390059&quot; title=&quot;Hidori Rose Doujin by bokuman, Oct 1, 2018 in Manga &amp;amp; Anime &amp;gt; Digital Media &amp;gt; Paintings&quot;data-super-img=&quot;https://images-wixmp-ed30a86b8c4ca887773594c2.wixmp.com/intermediary/f/6075a8fa-8fa7-4d63-aa46-ed234fe24fd8/dcoaecr-f6779898-c544-4635-95e4-dcbcad2c931b.jpg/v1/fill/w_752,h_1063,q_70,strp/hidori_rose_doujin_by_bokuman_dcoaecr-pre.jpg&quot; data-super-width=&quot;752&quot; data-super-height=&quot;1063&quot; data-super-transparent=&quot;false&quot; data-super-alt=&quot;Hidori Rose Doujin by bokuman&quot; data-super-full-img=&quot;https://images-wixmp-ed30a86b8c4ca887773594c2.wixmp.com/intermediary/f/6075a8fa-8fa7-4d63-aa46-ed234fe24fd8/dcoaecr-f6779898-c544-4635-95e4-dcbcad2c931b.jpg/v1/fill/w_1024,h_1448,q_70,strp/hidori_rose_doujin_by_bokuman_dcoaecr-fullview.jpg&quot; data-super-full-width=&quot;1024&quot; data-super-full-height=&quot;1448&quot;        data-sigil=&quot;thumb&quot;&gt;
                &lt;div class=&quot;thumb_agegate&quot;&gt;
            &lt;div class=&quot;agegate&quot;&gt;
                &lt;div class=&quot;nogo icon-blocked&quot;&gt;&lt;/div&gt;
                &lt;h1&gt;Mature Content&lt;/h1&gt;
            &lt;/div&gt;
        &lt;/div&gt;
        &lt;i&gt;&lt;/i&gt;&lt;img   width=&quot;106&quot; height=&quot;150&quot; alt=&quot;Hidori Rose Doujin by bokuman&quot; src=&quot;https://images-wixmp-ed30a86b8c4ca887773594c2.wixmp.com/intermediary/f/6075a8fa-8fa7-4d63-aa46-ed234fe24fd8/dcoaecr-f6779898-c544-4635-95e4-dcbcad2c931b.jpg/v1/fit/w_150,h_150,q_70,strp/hidori_rose_doujin_by_bokuman_dcoaecr-150.jpg&quot; data-src=&quot;https://images-wixmp-ed30a86b8c4ca887773594c2.wixmp.com/intermediary/f/6075a8fa-8fa7-4d63-aa46-ed234fe24fd8/dcoaecr-f6779898-c544-4635-95e4-dcbcad2c931b.jpg/v1/fit/w_150,h_150,q_70,strp/hidori_rose_doujin_by_bokuman_dcoaecr-150.jpg&quot; srcset=&quot;https://images-wixmp-ed30a86b8c4ca887773594c2.wixmp.com/intermediary/f/6075a8fa-8fa7-4d63-aa46-ed234fe24fd8/dcoaecr-f6779898-c544-4635-95e4-dcbcad2c931b.jpg/v1/fit/w_150,h_150,q_70,strp/hidori_rose_doujin_by_bokuman_dcoaecr-150.jpg 106w,https://images-wixmp-ed30a86b8c4ca887773594c2.wixmp.com/intermediary/f/6075a8fa-8fa7-4d63-aa46-ed234fe24fd8/dcoaecr-f6779898-c544-4635-95e4-dcbcad2c931b.jpg/v1/fill/w_177,h_250,q_70,strp/hidori_rose_doujin_by_bokuman_dcoaecr-250t.jpg 177w,https://images-wixmp-ed30a86b8c4ca887773594c2.wixmp.com/intermediary/f/6075a8fa-8fa7-4d63-aa46-ed234fe24fd8/dcoaecr-f6779898-c544-4635-95e4-dcbcad2c931b.jpg/v1/crop/w_248,h_350,x_0,y_0,scl_0.23374175306315,q_70,strp/hidori_rose_doujin_by_bokuman_dcoaecr-350t.jpg 248w,https://images-wixmp-ed30a86b8c4ca887773594c2.wixmp.com/intermediary/f/6075a8fa-8fa7-4d63-aa46-ed234fe24fd8/dcoaecr-f6779898-c544-4635-95e4-dcbcad2c931b.jpg/v1/fill/w_283,h_400,q_70,strp/hidori_rose_doujin_by_bokuman_dcoaecr-400t.jpg 283w,https://images-wixmp-ed30a86b8c4ca887773594c2.wixmp.com/intermediary/f/6075a8fa-8fa7-4d63-aa46-ed234fe24fd8/dcoaecr-f6779898-c544-4635-95e4-dcbcad2c931b.jpg/v1/fill/w_752,h_1063,q_70,strp/hidori_rose_doujin_by_bokuman_dcoaecr-pre.jpg 752w&quot; sizes=&quot;106px&quot;&gt;&lt;/a&gt;&lt;/span&gt;&lt;!-- ^TTT --&gt;&lt;!-- TTT$ --&gt;&lt;/span&gt;&lt;span class=&quot;shadow-holder&quot; data-embed-type=&quot;deviation&quot; data-embed-id=&quot;773384466&quot; data-embed-format=&quot;thumb&quot;&gt;&lt;span class=&quot;shadow mild&quot; &gt;&lt;a class=&quot;thumb ismature&quot; href=&quot;https://www.deviantart.com/bokuman/art/Sabrina-Nichole-Doujin-773384466&quot; title=&quot;Sabrina Nichole Doujin by bokuman, Nov 20, 2018 in Manga &amp;amp; Anime &amp;gt; Digital Media &amp;gt; Paintings&quot;data-super-img=&quot;https://images-wixmp-ed30a86b8c4ca887773594c2.wixmp.com/intermediary/f/6075a8fa-8fa7-4d63-aa46-ed234fe24fd8/dcsgb9u-ee6f5e95-5f71-47f3-8aa9-99515fc3bd3d.jpg/v1/fill/w_752,h_1063,q_70,strp/sabrina_nichole_doujin_by_bokuman_dcsgb9u-pre.jpg&quot; data-super-width=&quot;752&quot; data-super-height=&quot;1063&quot; data-super-transparent=&quot;false&quot; data-super-alt=&quot;Sabrina Nichole Doujin by bokuman&quot; data-super-full-img=&quot;https://images-wixmp-ed30a86b8c4ca887773594c2.wixmp.com/intermediary/f/6075a8fa-8fa7-4d63-aa46-ed234fe24fd8/dcsgb9u-ee6f5e95-5f71-47f3-8aa9-99515fc3bd3d.jpg&quot; data-super-full-width=&quot;849&quot; data-super-full-height=&quot;1200&quot;        data-sigil=&quot;thumb&quot;&gt;
                &lt;div class=&quot;thumb_agegate&quot;&gt;
            &lt;div class=&quot;agegate&quot;&gt;
                &lt;div class=&quot;nogo icon-blocked&quot;&gt;&lt;/div&gt;
                &lt;h1&gt;Mature Content&lt;/h1&gt;
            &lt;/div&gt;
        &lt;/div&gt;
        &lt;i&gt;&lt;/i&gt;&lt;img   width=&quot;106&quot; height=&quot;150&quot; alt=&quot;Sabrina Nichole Doujin by bokuman&quot; src=&quot;https://images-wixmp-ed30a86b8c4ca887773594c2.wixmp.com/intermediary/f/6075a8fa-8fa7-4d63-aa46-ed234fe24fd8/dcsgb9u-ee6f5e95-5f71-47f3-8aa9-99515fc3bd3d.jpg/v1/fit/w_150,h_150,q_70,strp/sabrina_nichole_doujin_by_bokuman_dcsgb9u-150.jpg&quot; data-src=&quot;https://images-wixmp-ed30a86b8c4ca887773594c2.wixmp.com/intermediary/f/6075a8fa-8fa7-4d63-aa46-ed234fe24fd8/dcsgb9u-ee6f5e95-5f71-47f3-8aa9-99515fc3bd3d.jpg/v1/fit/w_150,h_150,q_70,strp/sabrina_nichole_doujin_by_bokuman_dcsgb9u-150.jpg&quot; srcset=&quot;https://images-wixmp-ed30a86b8c4ca887773594c2.wixmp.com/intermediary/f/6075a8fa-8fa7-4d63-aa46-ed234fe24fd8/dcsgb9u-ee6f5e95-5f71-47f3-8aa9-99515fc3bd3d.jpg/v1/fit/w_150,h_150,q_70,strp/sabrina_nichole_doujin_by_bokuman_dcsgb9u-150.jpg 106w,https://images-wixmp-ed30a86b8c4ca887773594c2.wixmp.com/intermediary/f/6075a8fa-8fa7-4d63-aa46-ed234fe24fd8/dcsgb9u-ee6f5e95-5f71-47f3-8aa9-99515fc3bd3d.jpg/v1/fill/w_177,h_250,q_70,strp/sabrina_nichole_doujin_by_bokuman_dcsgb9u-250t.jpg 177w,https://images-wixmp-ed30a86b8c4ca887773594c2.wixmp.com/intermediary/f/6075a8fa-8fa7-4d63-aa46-ed234fe24fd8/dcsgb9u-ee6f5e95-5f71-47f3-8aa9-99515fc3bd3d.jpg/v1/crop/w_248,h_350,x_0,y_0,scl_0.29210836277974,q_70,strp/sabrina_nichole_doujin_by_bokuman_dcsgb9u-350t.jpg 248w,https://images-wixmp-ed30a86b8c4ca887773594c2.wixmp.com/intermediary/f/6075a8fa-8fa7-4d63-aa46-ed234fe24fd8/dcsgb9u-ee6f5e95-5f71-47f3-8aa9-99515fc3bd3d.jpg/v1/fill/w_283,h_400,q_70,strp/sabrina_nichole_doujin_by_bokuman_dcsgb9u-400t.jpg 283w,https://images-wixmp-ed30a86b8c4ca887773594c2.wixmp.com/intermediary/f/6075a8fa-8fa7-4d63-aa46-ed234fe24fd8/dcsgb9u-ee6f5e95-5f71-47f3-8aa9-99515fc3bd3d.jpg/v1/fill/w_752,h_1063,q_70,strp/sabrina_nichole_doujin_by_bokuman_dcsgb9u-pre.jpg 752w&quot; sizes=&quot;106px&quot;&gt;&lt;/a&gt;&lt;/span&gt;&lt;!-- ^TTT --&gt;&lt;!-- TTT$ --&gt;&lt;/span&gt;&lt;br /&gt;&lt;br /&gt;&lt;span class=&quot;shadow-holder&quot; data-embed-type=&quot;deviation&quot; data-embed-id=&quot;780602679&quot; data-embed-format=&quot;thumb&quot;&gt;&lt;span class=&quot;shadow mild&quot; &gt;&lt;a class=&quot;thumb ismature&quot; href=&quot;https://www.deviantart.com/kiselrokcomics/art/Jinzoniken-1821-780602679&quot; title=&quot;Jinzoniken 1821 by Kiselrokcomics, Jan 10, 2019 in Digital Art &amp;gt; Drawings &amp;amp; Paintings &amp;gt; Fantasy&quot;data-super-img=&quot;https://images-wixmp-ed30a86b8c4ca887773594c2.wixmp.com/intermediary/f/5fb3c782-ce71-4ccd-accc-d4584f253d04/dcwr0vr-1449ec88-55bc-4042-a0b8-7684c2eefe8b.jpg&quot; data-super-width=&quot;758&quot; data-super-height=&quot;717&quot; data-super-transparent=&quot;false&quot; data-super-alt=&quot;Jinzoniken 1821 by Kiselrokcomics&quot; data-super-full-img=&quot;https://images-wixmp-ed30a86b8c4ca887773594c2.wixmp.com/intermediary/f/5fb3c782-ce71-4ccd-accc-d4584f253d04/dcwr0vr-1449ec88-55bc-4042-a0b8-7684c2eefe8b.jpg&quot; data-super-full-width=&quot;758&quot; data-super-full-height=&quot;717&quot;        data-sigil=&quot;thumb&quot;&gt;
                &lt;div class=&quot;thumb_agegate&quot;&gt;
            &lt;div class=&quot;agegate&quot;&gt;
                &lt;div class=&quot;nogo icon-blocked&quot;&gt;&lt;/div&gt;
                &lt;h1&gt;Mature Content&lt;/h1&gt;
            &lt;/div&gt;
        &lt;/div&gt;
        &lt;i&gt;&lt;/i&gt;&lt;img   width=&quot;150&quot; height=&quot;142&quot; alt=&quot;Jinzoniken 1821 by Kiselrokcomics&quot; src=&quot;https://images-wixmp-ed30a86b8c4ca887773594c2.wixmp.com/intermediary/f/5fb3c782-ce71-4ccd-accc-d4584f253d04/dcwr0vr-1449ec88-55bc-4042-a0b8-7684c2eefe8b.jpg/v1/fit/w_150,h_150,q_70,strp/jinzoniken_1821_by_kiselrokcomics_dcwr0vr-150.jpg&quot; data-src=&quot;https://images-wixmp-ed30a86b8c4ca887773594c2.wixmp.com/intermediary/f/5fb3c782-ce71-4ccd-accc-d4584f253d04/dcwr0vr-1449ec88-55bc-4042-a0b8-7684c2eefe8b.jpg/v1/fit/w_150,h_150,q_70,strp/jinzoniken_1821_by_kiselrokcomics_dcwr0vr-150.jpg&quot; srcset=&quot;https://images-wixmp-ed30a86b8c4ca887773594c2.wixmp.com/intermediary/f/5fb3c782-ce71-4ccd-accc-d4584f253d04/dcwr0vr-1449ec88-55bc-4042-a0b8-7684c2eefe8b.jpg/v1/fit/w_150,h_150,q_70,strp/jinzoniken_1821_by_kiselrokcomics_dcwr0vr-150.jpg 150w,https://images-wixmp-ed30a86b8c4ca887773594c2.wixmp.com/intermediary/f/5fb3c782-ce71-4ccd-accc-d4584f253d04/dcwr0vr-1449ec88-55bc-4042-a0b8-7684c2eefe8b.jpg/v1/fill/w_264,h_250,q_70,strp/jinzoniken_1821_by_kiselrokcomics_dcwr0vr-250t.jpg 264w,https://images-wixmp-ed30a86b8c4ca887773594c2.wixmp.com/intermediary/f/5fb3c782-ce71-4ccd-accc-d4584f253d04/dcwr0vr-1449ec88-55bc-4042-a0b8-7684c2eefe8b.jpg/v1/fill/w_370,h_350,q_70,strp/jinzoniken_1821_by_kiselrokcomics_dcwr0vr-350t.jpg 370w,https://images-wixmp-ed30a86b8c4ca887773594c2.wixmp.com/intermediary/f/5fb3c782-ce71-4ccd-accc-d4584f253d04/dcwr0vr-1449ec88-55bc-4042-a0b8-7684c2eefe8b.jpg/v1/fill/w_423,h_400,q_70,strp/jinzoniken_1821_by_kiselrokcomics_dcwr0vr-400t.jpg 423w,https://images-wixmp-ed30a86b8c4ca887773594c2.wixmp.com/intermediary/f/5fb3c782-ce71-4ccd-accc-d4584f253d04/dcwr0vr-1449ec88-55bc-4042-a0b8-7684c2eefe8b.jpg 758w&quot; sizes=&quot;150px&quot;&gt;&lt;/a&gt;&lt;/span&gt;&lt;!-- ^TTT --&gt;&lt;!-- TTT$ --&gt;&lt;/span&gt; &lt;span class=&quot;shadow-holder&quot; data-embed-type=&quot;deviation&quot; data-embed-id=&quot;780602667&quot; data-embed-format=&quot;thumb&quot;&gt;&lt;span class=&quot;shadow mild&quot; &gt;&lt;a class=&quot;thumb ismature&quot; href=&quot;https://www.deviantart.com/kiselrokcomics/art/Jinkies-chapter-1-780602667&quot; title=&quot;Jinkies chapter 1 by Kiselrokcomics, Jan 10, 2019 in Digital Art &amp;gt; Drawings &amp;amp; Paintings &amp;gt; Fantasy&quot;data-super-img=&quot;https://images-wixmp-ed30a86b8c4ca887773594c2.wixmp.com/intermediary/f/5fb3c782-ce71-4ccd-accc-d4584f253d04/dcwr0vf-734c5ddb-beef-4f7e-ba5d-1ca49f479389.jpg&quot; data-super-width=&quot;758&quot; data-super-height=&quot;717&quot; data-super-transparent=&quot;false&quot; data-super-alt=&quot;Jinkies chapter 1 by Kiselrokcomics&quot; data-super-full-img=&quot;https://images-wixmp-ed30a86b8c4ca887773594c2.wixmp.com/intermediary/f/5fb3c782-ce71-4ccd-accc-d4584f253d04/dcwr0vf-734c5ddb-beef-4f7e-ba5d-1ca49f479389.jpg&quot; data-super-full-width=&quot;758&quot; data-super-full-height=&quot;717&quot;        data-sigil=&quot;thumb&quot;&gt;
                &lt;div class=&quot;thumb_agegate&quot;&gt;
            &lt;div class=&quot;agegate&quot;&gt;
                &lt;div class=&quot;nogo icon-blocked&quot;&gt;&lt;/div&gt;
                &lt;h1&gt;Mature Content&lt;/h1&gt;
            &lt;/div&gt;
        &lt;/div&gt;
        &lt;i&gt;&lt;/i&gt;&lt;img   width=&quot;150&quot; height=&quot;142&quot; alt=&quot;Jinkies chapter 1 by Kiselrokcomics&quot; src=&quot;https://images-wixmp-ed30a86b8c4ca887773594c2.wixmp.com/intermediary/f/5fb3c782-ce71-4ccd-accc-d4584f253d04/dcwr0vf-734c5ddb-beef-4f7e-ba5d-1ca49f479389.jpg/v1/fit/w_150,h_150,q_70,strp/jinkies_chapter_1_by_kiselrokcomics_dcwr0vf-150.jpg&quot; data-src=&quot;https://images-wixmp-ed30a86b8c4ca887773594c2.wixmp.com/intermediary/f/5fb3c782-ce71-4ccd-accc-d4584f253d04/dcwr0vf-734c5ddb-beef-4f7e-ba5d-1ca49f479389.jpg/v1/fit/w_150,h_150,q_70,strp/jinkies_chapter_1_by_kiselrokcomics_dcwr0vf-150.jpg&quot; srcset=&quot;https://images-wixmp-ed30a86b8c4ca887773594c2.wixmp.com/intermediary/f/5fb3c782-ce71-4ccd-accc-d4584f253d04/dcwr0vf-734c5ddb-beef-4f7e-ba5d-1ca49f479389.jpg/v1/fit/w_150,h_150,q_70,strp/jinkies_chapter_1_by_kiselrokcomics_dcwr0vf-150.jpg 150w,https://images-wixmp-ed30a86b8c4ca887773594c2.wixmp.com/intermediary/f/5fb3c782-ce71-4ccd-accc-d4584f253d04/dcwr0vf-734c5ddb-beef-4f7e-ba5d-1ca49f479389.jpg/v1/fill/w_264,h_250,q_70,strp/jinkies_chapter_1_by_kiselrokcomics_dcwr0vf-250t.jpg 264w,https://images-wixmp-ed30a86b8c4ca887773594c2.wixmp.com/intermediary/f/5fb3c782-ce71-4ccd-accc-d4584f253d04/dcwr0vf-734c5ddb-beef-4f7e-ba5d-1ca49f479389.jpg/v1/fill/w_370,h_350,q_70,strp/jinkies_chapter_1_by_kiselrokcomics_dcwr0vf-350t.jpg 370w,https://images-wixmp-ed30a86b8c4ca887773594c2.wixmp.com/intermediary/f/5fb3c782-ce71-4ccd-accc-d4584f253d04/dcwr0vf-734c5ddb-beef-4f7e-ba5d-1ca49f479389.jpg/v1/fill/w_423,h_400,q_70,strp/jinkies_chapter_1_by_kiselrokcomics_dcwr0vf-400t.jpg 423w,https://images-wixmp-ed30a86b8c4ca887773594c2.wixmp.com/intermediary/f/5fb3c782-ce71-4ccd-accc-d4584f253d04/dcwr0vf-734c5ddb-beef-4f7e-ba5d-1ca49f479389.jpg 758w&quot; sizes=&quot;150px&quot;&gt;&lt;/a&gt;&lt;/span&gt;&lt;!-- ^TTT --&gt;&lt;!-- TTT$ --&gt;&lt;/span&gt; &lt;span class=&quot;shadow-holder&quot; data-embed-type=&quot;deviation&quot; data-embed-id=&quot;780602688&quot; data-embed-format=&quot;thumb&quot;&gt;&lt;span class=&quot;shadow mild&quot; &gt;&lt;a class=&quot;thumb ismature&quot; href=&quot;https://www.deviantart.com/kiselrokcomics/art/Tracer-And-DVA-Doujin-780602688&quot; title=&quot;Tracer And DVA Doujin by Kiselrokcomics, Jan 10, 2019 in Digital Art &amp;gt; Drawings &amp;amp; Paintings &amp;gt; Fantasy&quot;data-super-img=&quot;https://images-wixmp-ed30a86b8c4ca887773594c2.wixmp.com/intermediary/f/5fb3c782-ce71-4ccd-accc-d4584f253d04/dcwr0w0-64e834ae-f7e5-4b2a-bc58-f5054b8c40da.jpg&quot; data-super-width=&quot;758&quot; data-super-height=&quot;717&quot; data-super-transparent=&quot;false&quot; data-super-alt=&quot;Tracer And DVA Doujin by Kiselrokcomics&quot; data-super-full-img=&quot;https://images-wixmp-ed30a86b8c4ca887773594c2.wixmp.com/intermediary/f/5fb3c782-ce71-4ccd-accc-d4584f253d04/dcwr0w0-64e834ae-f7e5-4b2a-bc58-f5054b8c40da.jpg&quot; data-super-full-width=&quot;758&quot; data-super-full-height=&quot;717&quot;        data-sigil=&quot;thumb&quot;&gt;
                &lt;div class=&quot;thumb_agegate&quot;&gt;
            &lt;div class=&quot;agegate&quot;&gt;
                &lt;div class=&quot;nogo icon-blocked&quot;&gt;&lt;/div&gt;
                &lt;h1&gt;Mature Content&lt;/h1&gt;
            &lt;/div&gt;
        &lt;/div&gt;
        &lt;i&gt;&lt;/i&gt;&lt;img   width=&quot;150&quot; height=&quot;142&quot; alt=&quot;Tracer And DVA Doujin by Kiselrokcomics&quot; src=&quot;https://images-wixmp-ed30a86b8c4ca887773594c2.wixmp.com/intermediary/f/5fb3c782-ce71-4ccd-accc-d4584f253d04/dcwr0w0-64e834ae-f7e5-4b2a-bc58-f5054b8c40da.jpg/v1/fit/w_150,h_150,q_70,strp/tracer_and_dva_doujin_by_kiselrokcomics_dcwr0w0-150.jpg&quot; data-src=&quot;https://images-wixmp-ed30a86b8c4ca887773594c2.wixmp.com/intermediary/f/5fb3c782-ce71-4ccd-accc-d4584f253d04/dcwr0w0-64e834ae-f7e5-4b2a-bc58-f5054b8c40da.jpg/v1/fit/w_150,h_150,q_70,strp/tracer_and_dva_doujin_by_kiselrokcomics_dcwr0w0-150.jpg&quot; srcset=&quot;https://images-wixmp-ed30a86b8c4ca887773594c2.wixmp.com/intermediary/f/5fb3c782-ce71-4ccd-accc-d4584f253d04/dcwr0w0-64e834ae-f7e5-4b2a-bc58-f5054b8c40da.jpg/v1/fit/w_150,h_150,q_70,strp/tracer_and_dva_doujin_by_kiselrokcomics_dcwr0w0-150.jpg 150w,https://images-wixmp-ed30a86b8c4ca887773594c2.wixmp.com/intermediary/f/5fb3c782-ce71-4ccd-accc-d4584f253d04/dcwr0w0-64e834ae-f7e5-4b2a-bc58-f5054b8c40da.jpg/v1/fill/w_264,h_250,q_70,strp/tracer_and_dva_doujin_by_kiselrokcomics_dcwr0w0-250t.jpg 264w,https://images-wixmp-ed30a86b8c4ca887773594c2.wixmp.com/intermediary/f/5fb3c782-ce71-4ccd-accc-d4584f253d04/dcwr0w0-64e834ae-f7e5-4b2a-bc58-f5054b8c40da.jpg/v1/fill/w_370,h_350,q_70,strp/tracer_and_dva_doujin_by_kiselrokcomics_dcwr0w0-350t.jpg 370w,https://images-wixmp-ed30a86b8c4ca887773594c2.wixmp.com/intermediary/f/5fb3c782-ce71-4ccd-accc-d4584f253d04/dcwr0w0-64e834ae-f7e5-4b2a-bc58-f5054b8c40da.jpg/v1/fill/w_423,h_400,q_70,strp/tracer_and_dva_doujin_by_kiselrokcomics_dcwr0w0-400t.jpg 423w,https://images-wixmp-ed30a86b8c4ca887773594c2.wixmp.com/intermediary/f/5fb3c782-ce71-4ccd-accc-d4584f253d04/dcwr0w0-64e834ae-f7e5-4b2a-bc58-f5054b8c40da.jpg 758w&quot; sizes=&quot;150px&quot;&gt;&lt;/a&gt;&lt;/span&gt;&lt;!-- ^TTT --&gt;&lt;!-- TTT$ --&gt;&lt;/span&gt;&lt;br /&gt;&lt;br /&gt;&lt;br /&gt;&lt;br /&gt;More fanart! You can to found more on my&amp;nbsp;&lt;b&gt;&lt;b&gt;&lt;a class=&quot;external&quot; href=&quot;https://www.deviantart.com/users/outgoing?https://gumroad.com/bokuman&quot;&gt;&lt;b&gt;Gumroad&lt;/b&gt;!&lt;/a&gt;&lt;/b&gt;&lt;/b&gt;&lt;br /&gt;&lt;br /&gt;&amp;nbsp;&amp;nbsp;&lt;br /&gt;&lt;span class=&quot;shadow-holder&quot; data-embed-type=&quot;deviation&quot; data-embed-id=&quot;730940877&quot; data-embed-format=&quot;thumb&quot;&gt;&lt;span class=&quot;shadow mild&quot; &gt;&lt;a class=&quot;thumb ismature&quot; href=&quot;https://www.deviantart.com/bokuman/art/ANDROID-21-MANJIN-patreon-730940877&quot; title=&quot;ANDROID 21 MANJIN patreon by bokuman, Mar 18, 2018 in Manga &amp;amp; Anime &amp;gt; Digital Media &amp;gt; Paintings&quot;data-super-img=&quot;https://images-wixmp-ed30a86b8c4ca887773594c2.wixmp.com/intermediary/f/6075a8fa-8fa7-4d63-aa46-ed234fe24fd8/dc36ll9-530e98e4-3be2-4f52-b631-4bc6784ffa55.jpg&quot; data-super-width=&quot;900&quot; data-super-height=&quot;636&quot; data-super-transparent=&quot;false&quot; data-super-alt=&quot;ANDROID 21 MANJIN patreon by bokuman&quot; data-super-full-img=&quot;https://images-wixmp-ed30a86b8c4ca887773594c2.wixmp.com/intermediary/f/6075a8fa-8fa7-4d63-aa46-ed234fe24fd8/dc36ll9-530e98e4-3be2-4f52-b631-4bc6784ffa55.jpg&quot; data-super-full-width=&quot;900&quot; data-super-full-height=&quot;636&quot;        data-sigil=&quot;thumb&quot;&gt;
                &lt;div class=&quot;thumb_agegate&quot;&gt;
            &lt;div class=&quot;agegate&quot;&gt;
                &lt;div class=&quot;nogo icon-blocked&quot;&gt;&lt;/div&gt;
                &lt;h1&gt;Mature Content&lt;/h1&gt;
            &lt;/div&gt;
        &lt;/div&gt;
        &lt;i&gt;&lt;/i&gt;&lt;img   width=&quot;150&quot; height=&quot;106&quot; alt=&quot;ANDROID 21 MANJIN patreon by bokuman&quot; src=&quot;https://images-wixmp-ed30a86b8c4ca887773594c2.wixmp.com/intermediary/f/6075a8fa-8fa7-4d63-aa46-ed234fe24fd8/dc36ll9-530e98e4-3be2-4f52-b631-4bc6784ffa55.jpg/v1/fit/w_150,h_150,q_70,strp/android_21_manjin_patreon_by_bokuman_dc36ll9-150.jpg&quot; data-src=&quot;https://images-wixmp-ed30a86b8c4ca887773594c2.wixmp.com/intermediary/f/6075a8fa-8fa7-4d63-aa46-ed234fe24fd8/dc36ll9-530e98e4-3be2-4f52-b631-4bc6784ffa55.jpg/v1/fit/w_150,h_150,q_70,strp/android_21_manjin_patreon_by_bokuman_dc36ll9-150.jpg&quot; srcset=&quot;https://images-wixmp-ed30a86b8c4ca887773594c2.wixmp.com/intermediary/f/6075a8fa-8fa7-4d63-aa46-ed234fe24fd8/dc36ll9-530e98e4-3be2-4f52-b631-4bc6784ffa55.jpg/v1/fit/w_150,h_150,q_70,strp/android_21_manjin_patreon_by_bokuman_dc36ll9-150.jpg 150w,https://images-wixmp-ed30a86b8c4ca887773594c2.wixmp.com/intermediary/f/6075a8fa-8fa7-4d63-aa46-ed234fe24fd8/dc36ll9-530e98e4-3be2-4f52-b631-4bc6784ffa55.jpg/v1/fill/w_354,h_250,q_70,strp/android_21_manjin_patreon_by_bokuman_dc36ll9-250t.jpg 354w,https://images-wixmp-ed30a86b8c4ca887773594c2.wixmp.com/intermediary/f/6075a8fa-8fa7-4d63-aa46-ed234fe24fd8/dc36ll9-530e98e4-3be2-4f52-b631-4bc6784ffa55.jpg/v1/fill/w_495,h_350,q_70,strp/android_21_manjin_patreon_by_bokuman_dc36ll9-350t.jpg 495w,https://images-wixmp-ed30a86b8c4ca887773594c2.wixmp.com/intermediary/f/6075a8fa-8fa7-4d63-aa46-ed234fe24fd8/dc36ll9-530e98e4-3be2-4f52-b631-4bc6784ffa55.jpg/v1/fill/w_566,h_400,q_70,strp/android_21_manjin_patreon_by_bokuman_dc36ll9-400t.jpg 566w,https://images-wixmp-ed30a86b8c4ca887773594c2.wixmp.com/intermediary/f/6075a8fa-8fa7-4d63-aa46-ed234fe24fd8/dc36ll9-530e98e4-3be2-4f52-b631-4bc6784ffa55.jpg 900w&quot; sizes=&quot;150px&quot;&gt;&lt;/a&gt;&lt;/span&gt;&lt;!-- ^TTT --&gt;&lt;!-- TTT$ --&gt;&lt;/span&gt; &lt;span class=&quot;shadow-holder&quot; data-embed-type=&quot;deviation&quot; data-embed-id=&quot;713541438&quot; data-embed-format=&quot;thumb&quot;&gt;&lt;span class=&quot;shadow mild&quot; &gt;&lt;a class=&quot;thumb ismature&quot; href=&quot;https://www.deviantart.com/bokuman/art/Velma-Daphne-Patreon-713541438&quot; title=&quot;Velma Daphne  Patreon by bokuman, Nov 7, 2017 in Manga &amp;amp; Anime &amp;gt; Digital Media &amp;gt; Paintings&quot;data-super-img=&quot;https://images-wixmp-ed30a86b8c4ca887773594c2.wixmp.com/intermediary/f/6075a8fa-8fa7-4d63-aa46-ed234fe24fd8/dbsto3i-392ed5ab-ef61-4971-8aa3-5321720e1734.jpg&quot; data-super-width=&quot;636&quot; data-super-height=&quot;900&quot; data-super-transparent=&quot;false&quot; data-super-alt=&quot;Velma Daphne  Patreon by bokuman&quot; data-super-full-img=&quot;https://images-wixmp-ed30a86b8c4ca887773594c2.wixmp.com/intermediary/f/6075a8fa-8fa7-4d63-aa46-ed234fe24fd8/dbsto3i-392ed5ab-ef61-4971-8aa3-5321720e1734.jpg&quot; data-super-full-width=&quot;636&quot; data-super-full-height=&quot;900&quot;        data-sigil=&quot;thumb&quot;&gt;
                &lt;div class=&quot;thumb_agegate&quot;&gt;
            &lt;div class=&quot;agegate&quot;&gt;
                &lt;div class=&quot;nogo icon-blocked&quot;&gt;&lt;/div&gt;
                &lt;h1&gt;Mature Content&lt;/h1&gt;
            &lt;/div&gt;
        &lt;/div&gt;
        &lt;i&gt;&lt;/i&gt;&lt;img   width=&quot;106&quot; height=&quot;150&quot; alt=&quot;Velma Daphne  Patreon by bokuman&quot; src=&quot;https://images-wixmp-ed30a86b8c4ca887773594c2.wixmp.com/intermediary/f/6075a8fa-8fa7-4d63-aa46-ed234fe24fd8/dbsto3i-392ed5ab-ef61-4971-8aa3-5321720e1734.jpg/v1/fit/w_150,h_150,q_70,strp/velma_daphne__patreon_by_bokuman_dbsto3i-150.jpg&quot; data-src=&quot;https://images-wixmp-ed30a86b8c4ca887773594c2.wixmp.com/intermediary/f/6075a8fa-8fa7-4d63-aa46-ed234fe24fd8/dbsto3i-392ed5ab-ef61-4971-8aa3-5321720e1734.jpg/v1/fit/w_150,h_150,q_70,strp/velma_daphne__patreon_by_bokuman_dbsto3i-150.jpg&quot; srcset=&quot;https://images-wixmp-ed30a86b8c4ca887773594c2.wixmp.com/intermediary/f/6075a8fa-8fa7-4d63-aa46-ed234fe24fd8/dbsto3i-392ed5ab-ef61-4971-8aa3-5321720e1734.jpg/v1/fit/w_150,h_150,q_70,strp/velma_daphne__patreon_by_bokuman_dbsto3i-150.jpg 106w,https://images-wixmp-ed30a86b8c4ca887773594c2.wixmp.com/intermediary/f/6075a8fa-8fa7-4d63-aa46-ed234fe24fd8/dbsto3i-392ed5ab-ef61-4971-8aa3-5321720e1734.jpg/v1/fill/w_177,h_250,q_70,strp/velma_daphne__patreon_by_bokuman_dbsto3i-250t.jpg 177w,https://images-wixmp-ed30a86b8c4ca887773594c2.wixmp.com/intermediary/f/6075a8fa-8fa7-4d63-aa46-ed234fe24fd8/dbsto3i-392ed5ab-ef61-4971-8aa3-5321720e1734.jpg/v1/fill/w_247,h_350,q_70,strp/velma_daphne__patreon_by_bokuman_dbsto3i-350t.jpg 247w,https://images-wixmp-ed30a86b8c4ca887773594c2.wixmp.com/intermediary/f/6075a8fa-8fa7-4d63-aa46-ed234fe24fd8/dbsto3i-392ed5ab-ef61-4971-8aa3-5321720e1734.jpg/v1/fill/w_283,h_400,q_70,strp/velma_daphne__patreon_by_bokuman_dbsto3i-400t.jpg 283w,https://images-wixmp-ed30a86b8c4ca887773594c2.wixmp.com/intermediary/f/6075a8fa-8fa7-4d63-aa46-ed234fe24fd8/dbsto3i-392ed5ab-ef61-4971-8aa3-5321720e1734.jpg 636w&quot; sizes=&quot;106px&quot;&gt;&lt;/a&gt;&lt;/span&gt;&lt;!-- ^TTT --&gt;&lt;!-- TTT$ --&gt;&lt;/span&gt; &lt;span class=&quot;shadow-holder&quot; data-embed-type=&quot;deviation&quot; data-embed-id=&quot;706493490&quot; data-embed-format=&quot;thumb&quot;&gt;&lt;span class=&quot;shadow mild&quot; &gt;&lt;a class=&quot;thumb&quot; href=&quot;https://www.deviantart.com/bokuman/art/Poison-Fanart-706493490&quot; title=&quot;Poison Fanart by bokuman, Oct 10, 2017 in Manga &amp;amp; Anime &amp;gt; Digital Media &amp;gt; Paintings&quot;data-super-img=&quot;https://images-wixmp-ed30a86b8c4ca887773594c2.wixmp.com/intermediary/f/6075a8fa-8fa7-4d63-aa46-ed234fe24fd8/dbomlv6-c829b1a2-e14d-4145-a8c7-d1275314d43a.jpg&quot; data-super-width=&quot;636&quot; data-super-height=&quot;900&quot; data-super-transparent=&quot;false&quot; data-super-alt=&quot;Poison Fanart by bokuman&quot; data-super-full-img=&quot;https://images-wixmp-ed30a86b8c4ca887773594c2.wixmp.com/intermediary/f/6075a8fa-8fa7-4d63-aa46-ed234fe24fd8/dbomlv6-c829b1a2-e14d-4145-a8c7-d1275314d43a.jpg&quot; data-super-full-width=&quot;636&quot; data-super-full-height=&quot;900&quot;        data-sigil=&quot;thumb&quot;&gt;
        &lt;i&gt;&lt;/i&gt;&lt;img   width=&quot;106&quot; height=&quot;150&quot; alt=&quot;Poison Fanart by bokuman&quot; src=&quot;https://images-wixmp-ed30a86b8c4ca887773594c2.wixmp.com/intermediary/f/6075a8fa-8fa7-4d63-aa46-ed234fe24fd8/dbomlv6-c829b1a2-e14d-4145-a8c7-d1275314d43a.jpg/v1/fit/w_150,h_150,q_70,strp/poison_fanart_by_bokuman_dbomlv6-150.jpg&quot; data-src=&quot;https://images-wixmp-ed30a86b8c4ca887773594c2.wixmp.com/intermediary/f/6075a8fa-8fa7-4d63-aa46-ed234fe24fd8/dbomlv6-c829b1a2-e14d-4145-a8c7-d1275314d43a.jpg/v1/fit/w_150,h_150,q_70,strp/poison_fanart_by_bokuman_dbomlv6-150.jpg&quot; srcset=&quot;https://images-wixmp-ed30a86b8c4ca887773594c2.wixmp.com/intermediary/f/6075a8fa-8fa7-4d63-aa46-ed234fe24fd8/dbomlv6-c829b1a2-e14d-4145-a8c7-d1275314d43a.jpg/v1/fit/w_150,h_150,q_70,strp/poison_fanart_by_bokuman_dbomlv6-150.jpg 106w,https://images-wixmp-ed30a86b8c4ca887773594c2.wixmp.com/intermediary/f/6075a8fa-8fa7-4d63-aa46-ed234fe24fd8/dbomlv6-c829b1a2-e14d-4145-a8c7-d1275314d43a.jpg/v1/fill/w_177,h_250,q_70,strp/poison_fanart_by_bokuman_dbomlv6-250t.jpg 177w,https://images-wixmp-ed30a86b8c4ca887773594c2.wixmp.com/intermediary/f/6075a8fa-8fa7-4d63-aa46-ed234fe24fd8/dbomlv6-c829b1a2-e14d-4145-a8c7-d1275314d43a.jpg/v1/fill/w_247,h_350,q_70,strp/poison_fanart_by_bokuman_dbomlv6-350t.jpg 247w,https://images-wixmp-ed30a86b8c4ca887773594c2.wixmp.com/intermediary/f/6075a8fa-8fa7-4d63-aa46-ed234fe24fd8/dbomlv6-c829b1a2-e14d-4145-a8c7-d1275314d43a.jpg/v1/fill/w_283,h_400,q_70,strp/poison_fanart_by_bokuman_dbomlv6-400t.jpg 283w,https://images-wixmp-ed30a86b8c4ca887773594c2.wixmp.com/intermediary/f/6075a8fa-8fa7-4d63-aa46-ed234fe24fd8/dbomlv6-c829b1a2-e14d-4145-a8c7-d1275314d43a.jpg 636w&quot; sizes=&quot;106px&quot;&gt;&lt;/a&gt;&lt;/span&gt;&lt;!-- ^TTT --&gt;&lt;!-- TTT$ --&gt;&lt;/span&gt; :thumb702294385: :thumb696134677:&lt;br /&gt;&lt;br /&gt;&lt;br /&gt;&lt;br /&gt;&lt;br /&gt;&lt;img src=&quot;https://e.deviantart.net/emoticons/s/star_full.gif&quot; width=&quot;17&quot; height=&quot;16&quot; alt=&quot;:star:&quot; data-embed-type=&quot;emoticon&quot; data-embed-id=&quot;450&quot; title=&quot;Star!&quot;/&gt;&lt;img src=&quot;https://e.deviantart.net/emoticons/s/star_full.gif&quot; width=&quot;17&quot; height=&quot;16&quot; alt=&quot;:star:&quot; data-embed-type=&quot;emoticon&quot; data-embed-id=&quot;450&quot; title=&quot;Star!&quot;/&gt;&lt;img src=&quot;https://e.deviantart.net/emoticons/s/star_full.gif&quot; width=&quot;17&quot; height=&quot;16&quot; alt=&quot;:star:&quot; data-embed-type=&quot;emoticon&quot; data-embed-id=&quot;450&quot; title=&quot;Star!&quot;/&gt;&lt;img src=&quot;https://e.deviantart.net/emoticons/s/star_full.gif&quot; width=&quot;17&quot; height=&quot;16&quot; alt=&quot;:star:&quot; data-embed-type=&quot;emoticon&quot; data-embed-id=&quot;450&quot; title=&quot;Star!&quot;/&gt;&lt;img src=&quot;https://e.deviantart.net/emoticons/s/star_full.gif&quot; width=&quot;17&quot; height=&quot;16&quot; alt=&quot;:star:&quot; data-embed-type=&quot;emoticon&quot; data-embed-id=&quot;450&quot; title=&quot;Star!&quot;/&gt;&lt;img src=&quot;https://e.deviantart.net/emoticons/s/star_full.gif&quot; width=&quot;17&quot; height=&quot;16&quot; alt=&quot;:star:&quot; data-embed-type=&quot;emoticon&quot; data-embed-id=&quot;450&quot; title=&quot;Star!&quot;/&gt;&lt;img src=&quot;https://e.deviantart.net/emoticons/s/star_full.gif&quot; width=&quot;17&quot; height=&quot;16&quot; alt=&quot;:star:&quot; data-embed-type=&quot;emoticon&quot; data-embed-id=&quot;450&quot; title=&quot;Star!&quot;/&gt;&lt;img src=&quot;https://e.deviantart.net/emoticons/s/star_full.gif&quot; width=&quot;17&quot; height=&quot;16&quot; alt=&quot;:star:&quot; data-embed-type=&quot;emoticon&quot; data-embed-id=&quot;450&quot; title=&quot;Star!&quot;/&gt;&lt;img src=&quot;https://e.deviantart.net/emoticons/s/star_full.gif&quot; width=&quot;17&quot; height=&quot;16&quot; alt=&quot;:star:&quot; data-embed-type=&quot;emoticon&quot; data-embed-id=&quot;450&quot; title=&quot;Star!&quot;/&gt;&lt;img src=&quot;https://e.deviantart.net/emoticons/s/star_full.gif&quot; width=&quot;17&quot; height=&quot;16&quot; alt=&quot;:star:&quot; data-embed-type=&quot;emoticon&quot; data-embed-id=&quot;450&quot; title=&quot;Star!&quot;/&gt;&lt;br /&gt;&lt;img src=&quot;https://e.deviantart.net/emoticons/s/star_full.gif&quot; width=&quot;17&quot; height=&quot;16&quot; alt=&quot;:star:&quot; data-embed-type=&quot;emoticon&quot; data-embed-id=&quot;450&quot; title=&quot;Star!&quot;/&gt;&lt;img src=&quot;https://e.deviantart.net/emoticons/s/star_full.gif&quot; width=&quot;17&quot; height=&quot;16&quot; alt=&quot;:star:&quot; data-embed-type=&quot;emoticon&quot; data-embed-id=&quot;450&quot; title=&quot;Star!&quot;/&gt;&lt;img src=&quot;https://e.deviantart.net/emoticons/s/star_full.gif&quot; width=&quot;17&quot; height=&quot;16&quot; alt=&quot;:star:&quot; data-embed-type=&quot;emoticon&quot; data-embed-id=&quot;450&quot; title=&quot;Star!&quot;/&gt;&lt;img src=&quot;https://e.deviantart.net/emoticons/s/star_full.gif&quot; width=&quot;17&quot; height=&quot;16&quot; alt=&quot;:star:&quot; data-embed-type=&quot;emoticon&quot; data-embed-id=&quot;450&quot; title=&quot;Star!&quot;/&gt;&lt;img src=&quot;https://e.deviantart.net/emoticons/s/star_full.gif&quot; width=&quot;17&quot; height=&quot;16&quot; alt=&quot;:star:&quot; data-embed-type=&quot;emoticon&quot; data-embed-id=&quot;450&quot; title=&quot;Star!&quot;/&gt;&lt;img src=&quot;https://e.deviantart.net/emoticons/s/star_full.gif&quot; width=&quot;17&quot; height=&quot;16&quot; alt=&quot;:star:&quot; data-embed-type=&quot;emoticon&quot; data-embed-id=&quot;450&quot; title=&quot;Star!&quot;/&gt;&lt;img src=&quot;https://e.deviantart.net/emoticons/s/star_full.gif&quot; width=&quot;17&quot; height=&quot;16&quot; alt=&quot;:star:&quot; data-embed-type=&quot;emoticon&quot; data-embed-id=&quot;450&quot; title=&quot;Star!&quot;/&gt;&lt;img src=&quot;https://e.deviantart.net/emoticons/s/star_full.gif&quot; width=&quot;17&quot; height=&quot;16&quot; alt=&quot;:star:&quot; data-embed-type=&quot;emoticon&quot; data-embed-id=&quot;450&quot; title=&quot;Star!&quot;/&gt;&lt;img src=&quot;https://e.deviantart.net/emoticons/s/star_full.gif&quot; width=&quot;17&quot; height=&quot;16&quot; alt=&quot;:star:&quot; data-embed-type=&quot;emoticon&quot; data-embed-id=&quot;450&quot; title=&quot;Star!&quot;/&gt;&lt;img src=&quot;https://e.deviantart.net/emoticons/s/star_full.gif&quot; width=&quot;17&quot; height=&quot;16&quot; alt=&quot;:star:&quot; data-embed-type=&quot;emoticon&quot; data-embed-id=&quot;450&quot; title=&quot;Star!&quot;/&gt;&lt;br /&gt;&lt;b&gt;&lt;br /&gt;I open for commissions!! &lt;img src=&quot;https://e.deviantart.net/emoticons/b/biggrin.gif&quot; width=&quot;15&quot; height=&quot;15&quot; alt=&quot;:D&quot; data-embed-type=&quot;emoticon&quot; data-embed-id=&quot;366&quot; title=&quot;:D (Big Grin)&quot;/&gt;&lt;br /&gt;Check my slot list --&amp;gt; &lt;a href=&quot;http://bokuman.deviantart.com/journal/9452152/&quot;&gt;bokuman.deviantart.com/journal&amp;hellip;&lt;/a&gt;&lt;br /&gt;&lt;/b&gt;&lt;br /&gt;Patreon!!&lt;br /&gt;&lt;a class=&quot;external&quot; href=&quot;https://www.deviantart.com/users/outgoing?http://www.patreon.com/bokuman&quot;&gt;www.patreon.com/bokuman&lt;/a&gt;&lt;br /&gt;&lt;br /&gt;&lt;br /&gt;&lt;b&gt;&lt;a class=&quot;external&quot; href=&quot;https://www.deviantart.com/users/outgoing?http://www.facebook.com/pages/Bokuman/143445335776733&quot;&gt;&lt;b&gt;Facebook&lt;/b&gt;!&lt;/a&gt;&lt;br /&gt;&lt;/b&gt;&lt;b&gt;&lt;b&gt;&lt;a class=&quot;external&quot; href=&quot;https://www.deviantart.com/users/outgoing?http://bokuman.tumblr.com/&quot;&gt;&lt;b&gt;Tumblr&lt;/b&gt;!&lt;/a&gt;&lt;/b&gt;&lt;br /&gt;&lt;/b&gt;&lt;b&gt;&lt;b&gt;&lt;a class=&quot;external&quot; href=&quot;https://www.deviantart.com/users/outgoing?https://twitter.com/bokuman_studio&quot;&gt;&lt;b&gt;Twitter&lt;/b&gt;!&lt;/a&gt;&lt;/b&gt;&lt;br /&gt;&lt;/b&gt;&lt;b&gt;&lt;b&gt;&lt;a class=&quot;external&quot; href=&quot;https://www.deviantart.com/users/outgoing?http://instagram.com/bokuman/&quot;&gt;&lt;b&gt;Instagram&lt;/b&gt;!&lt;/a&gt;&lt;br /&gt;&lt;/b&gt;&lt;/b&gt;&lt;b&gt;&lt;b&gt;&lt;a class=&quot;external&quot; href=&quot;https://www.deviantart.com/users/outgoing?https://gumroad.com/bokuman&quot;&gt;&lt;b&gt;Gunroad&lt;/b&gt;!&lt;/a&gt;&lt;/b&gt;&lt;/b&gt;&lt;b&gt;&lt;br /&gt;&lt;/b&gt;&lt;img src=&quot;https://e.deviantart.net/emoticons/s/star_full.gif&quot; width=&quot;17&quot; height=&quot;16&quot; alt=&quot;:star:&quot; data-embed-type=&quot;emoticon&quot; data-embed-id=&quot;450&quot; title=&quot;Star!&quot;/&gt;&lt;img src=&quot;https://e.deviantart.net/emoticons/s/star_full.gif&quot; width=&quot;17&quot; height=&quot;16&quot; alt=&quot;:star:&quot; data-embed-type=&quot;emoticon&quot; data-embed-id=&quot;450&quot; title=&quot;Star!&quot;/&gt;&lt;img src=&quot;https://e.deviantart.net/emoticons/s/star_full.gif&quot; width=&quot;17&quot; height=&quot;16&quot; alt=&quot;:star:&quot; data-embed-type=&quot;emoticon&quot; data-embed-id=&quot;450&quot; title=&quot;Star!&quot;/&gt;&lt;img src=&quot;https://e.deviantart.net/emoticons/s/star_full.gif&quot; width=&quot;17&quot; height=&quot;16&quot; alt=&quot;:star:&quot; data-embed-type=&quot;emoticon&quot; data-embed-id=&quot;450&quot; title=&quot;Star!&quot;/&gt;&lt;img src=&quot;https://e.deviantart.net/emoticons/s/star_full.gif&quot; width=&quot;17&quot; height=&quot;16&quot; alt=&quot;:star:&quot; data-embed-type=&quot;emoticon&quot; data-embed-id=&quot;450&quot; title=&quot;Star!&quot;/&gt;&lt;img src=&quot;https://e.deviantart.net/emoticons/s/star_full.gif&quot; width=&quot;17&quot; height=&quot;16&quot; alt=&quot;:star:&quot; data-embed-type=&quot;emoticon&quot; data-embed-id=&quot;450&quot; title=&quot;Star!&quot;/&gt;&lt;img src=&quot;https://e.deviantart.net/emoticons/s/star_full.gif&quot; width=&quot;17&quot; height=&quot;16&quot; alt=&quot;:star:&quot; data-embed-type=&quot;emoticon&quot; data-embed-id=&quot;450&quot; title=&quot;Star!&quot;/&gt;&lt;img src=&quot;https://e.deviantart.net/emoticons/s/star_full.gif&quot; width=&quot;17&quot; height=&quot;16&quot; alt=&quot;:star:&quot; data-embed-type=&quot;emoticon&quot; data-embed-id=&quot;450&quot; title=&quot;Star!&quot;/&gt;&lt;img src=&quot;https://e.deviantart.net/emoticons/s/star_full.gif&quot; width=&quot;17&quot; height=&quot;16&quot; alt=&quot;:star:&quot; data-embed-type=&quot;emoticon&quot; data-embed-id=&quot;450&quot; title=&quot;Star!&quot;/&gt;&lt;img src=&quot;https://e.deviantart.net/emoticons/s/star_full.gif&quot; width=&quot;17&quot; height=&quot;16&quot; alt=&quot;:star:&quot; data-embed-type=&quot;emoticon&quot; data-embed-id=&quot;450&quot; title=&quot;Star!&quot;/&gt;&lt;br /&gt;&lt;img src=&quot;https://e.deviantart.net/emoticons/s/star_full.gif&quot; width=&quot;17&quot; height=&quot;16&quot; alt=&quot;:star:&quot; data-embed-type=&quot;emoticon&quot; data-embed-id=&quot;450&quot; title=&quot;Star!&quot;/&gt;&lt;img src=&quot;https://e.deviantart.net/emoticons/s/star_full.gif&quot; width=&quot;17&quot; height=&quot;16&quot; alt=&quot;:star:&quot; data-embed-type=&quot;emoticon&quot; data-embed-id=&quot;450&quot; title=&quot;Star!&quot;/&gt;&lt;img src=&quot;https://e.deviantart.net/emoticons/s/star_full.gif&quot; width=&quot;17&quot; height=&quot;16&quot; alt=&quot;:star:&quot; data-embed-type=&quot;emoticon&quot; data-embed-id=&quot;450&quot; title=&quot;Star!&quot;/&gt;&lt;img src=&quot;https://e.deviantart.net/emoticons/s/star_full.gif&quot; width=&quot;17&quot; height=&quot;16&quot; alt=&quot;:star:&quot; data-embed-type=&quot;emoticon&quot; data-embed-id=&quot;450&quot; title=&quot;Star!&quot;/&gt;&lt;img src=&quot;https://e.deviantart.net/emoticons/s/star_full.gif&quot; width=&quot;17&quot; height=&quot;16&quot; alt=&quot;:star:&quot; data-embed-type=&quot;emoticon&quot; data-embed-id=&quot;450&quot; title=&quot;Star!&quot;/&gt;&lt;img src=&quot;https://e.deviantart.net/emoticons/s/star_full.gif&quot; width=&quot;17&quot; height=&quot;16&quot; alt=&quot;:star:&quot; data-embed-type=&quot;emoticon&quot; data-embed-id=&quot;450&quot; title=&quot;Star!&quot;/&gt;&lt;img src=&quot;https://e.deviantart.net/emoticons/s/star_full.gif&quot; width=&quot;17&quot; height=&quot;16&quot; alt=&quot;:star:&quot; data-embed-type=&quot;emoticon&quot; data-embed-id=&quot;450&quot; title=&quot;Star!&quot;/&gt;&lt;img src=&quot;https://e.deviantart.net/emoticons/s/star_full.gif&quot; width=&quot;17&quot; height=&quot;16&quot; alt=&quot;:star:&quot; data-embed-type=&quot;emoticon&quot; data-embed-id=&quot;450&quot; title=&quot;Star!&quot;/&gt;&lt;img src=&quot;https://e.deviantart.net/emoticons/s/star_full.gif&quot; width=&quot;17&quot; height=&quot;16&quot; alt=&quot;:star:&quot; data-embed-type=&quot;emoticon&quot; data-embed-id=&quot;450&quot; title=&quot;Star!&quot;/&gt;&lt;img src=&quot;https://e.deviantart.net/emoticons/s/star_full.gif&quot; width=&quot;17&quot; height=&quot;16&quot; alt=&quot;:star:&quot; data-embed-type=&quot;emoticon&quot; data-embed-id=&quot;450&quot; title=&quot;Star!&quot;/&gt;&lt;br /&gt;&lt;div&gt;&lt;img src=&quot;https://t00.deviantart.net/57x9XDrHQ9i_WXqMT-7zjoja0l4=/300x200/filters:fixed_height(100,100):origin()/pre00/ed8f/th/pre/f/2019/030/5/5/55ff52638b378dd26414a3a4b5c110e1-dcyg3ou.jpg&quot; alt=&quot;thumbnail&quot; /&gt;&lt;/div&gt;</description>            </item>
                    <item>
                <title>Raphtalia~</title>
                <link>https://kazenokaze.deviantart.com/art/Raphtalia-783431671</link>
                <guid isPermaLink="true">https://kazenokaze.deviantart.com/art/Raphtalia-783431671</guid>
                <pubDate>Wed, 30 Jan 2019 09:16:59 PST</pubDate>
                        <media:title type="plain">Raphtalia~</media:title>
        <media:keywords></media:keywords>
                        <media:rating>nonadult</media:rating>
                <media:category label="Movies &amp; TV">fanart/manga/digital/movies</media:category>
        <media:credit role="author" scheme="urn:ebu">Kazenokaze</media:credit>
        <media:credit role="author" scheme="urn:ebu">https://a.deviantart.net/avatars/k/a/kazenokaze.gif</media:credit>
        <media:copyright url="https://kazenokaze.deviantart.com">Copyright 2019 Kazenokaze</media:copyright>            <media:description type="html">The Rising of the Shield Hero | Tate no Yuusha no Nariagari</media:description>            <media:thumbnail url="https://t00.deviantart.net/dv8gKmN9qGVNn0a_iJRyx_KBQ_I=/fit-in/150x150/filters:no_upscale():origin()/pre00/6296/th/pre/i/2019/030/8/d/raphtalia__by_kazenokaze-dcyfnqv.png" height="150" width="106"/>            <media:thumbnail url="https://t00.deviantart.net/q90SevArXHE2nGsAaxW29ZK4QR4=/fit-in/300x900/filters:no_upscale():origin()/pre00/6296/th/pre/i/2019/030/8/d/raphtalia__by_kazenokaze-dcyfnqv.png" height="424" width="300"/>            <media:thumbnail url="https://t00.deviantart.net/XBEmiM39cBWy6-_NupPDXaVrfZI=/300x200/filters:fixed_height(100,100):origin()/pre00/6296/th/pre/i/2019/030/8/d/raphtalia__by_kazenokaze-dcyfnqv.png" height="200" width="141"/>            <media:content url="https://img00.deviantart.net/27a6/i/2019/030/8/d/raphtalia__by_kazenokaze-dcyfnqv.png" height="849" width="600" medium="image"/>            
            <description>The Rising of the Shield Hero | Tate no Yuusha no Nariagari&lt;br /&gt;&lt;div&gt;&lt;img src=&quot;https://t00.deviantart.net/XBEmiM39cBWy6-_NupPDXaVrfZI=/300x200/filters:fixed_height(100,100):origin()/pre00/6296/th/pre/i/2019/030/8/d/raphtalia__by_kazenokaze-dcyfnqv.png&quot; alt=&quot;thumbnail&quot; /&gt;&lt;/div&gt;</description>            </item>
                    <item>
                <title>Nami massage</title>
                <link>https://teranen.deviantart.com/art/Nami-massage-783403181</link>
                <guid isPermaLink="true">https://teranen.deviantart.com/art/Nami-massage-783403181</guid>
                <pubDate>Wed, 30 Jan 2019 03:39:24 PST</pubDate>
                        <media:title type="plain">Nami massage</media:title>
        <media:keywords></media:keywords>
                        <media:rating>adult</media:rating>
                <media:category label="Animals">anthro/digital/drawings/animals</media:category>
        <media:credit role="author" scheme="urn:ebu">teranen</media:credit>
        <media:credit role="author" scheme="urn:ebu">https://a.deviantart.net/avatars/t/e/teranen.gif</media:credit>
        <media:copyright url="https://teranen.deviantart.com">Copyright 2019 teranen</media:copyright>
            <media:community>
                <media:tags>@teranentwii</media:tags>
            </media:community>            <media:description type="html">&lt;span&gt;My bae Nami is having a really good time in that... massage&lt;br /&gt;&lt;br /&gt;&lt;/span&gt;&lt;span&gt;ps, i always forget her pawpads &amp;lt;.&amp;lt;&lt;/span&gt;&lt;span&gt;&lt;br /&gt;&lt;/span&gt;&lt;span&gt; &lt;/span&gt;&lt;a class=&quot;external&quot; href=&quot;https://www.deviantart.com/users/outgoing?https://t.co/8ikFvDrvz8&quot; title=&quot;https://refsheet.net/teranen/nami&quot;&gt;&lt;span&gt;&lt;/span&gt;&lt;span&gt;https://&lt;/span&gt;&lt;span&gt;refsheet.net/teranen/nami&lt;/span&gt;&lt;span&gt;&lt;/span&gt;&lt;span&gt;&lt;span&gt;&lt;/span&gt;&lt;/span&gt;&lt;/a&gt;</media:description>            <media:thumbnail url="https://t00.deviantart.net/Wsk-cJcLWr1_99DvlIPStv5iCpU=/fit-in/150x150/filters:no_upscale():origin()/pre00/78ed/th/pre/i/2019/030/d/d/nami_massage_by_teranen-dcyf1rh.jpg" height="102" width="150"/>            <media:thumbnail url="https://t00.deviantart.net/7ijIuEhZaaVdH1QYFA2WOkYNJh4=/fit-in/300x900/filters:no_upscale():origin()/pre00/78ed/th/pre/i/2019/030/d/d/nami_massage_by_teranen-dcyf1rh.jpg" height="205" width="300"/>            <media:thumbnail url="https://t00.deviantart.net/zvovGo8LEy8HI4aEfHmRytjD6hI=/300x200/filters:fixed_height(100,100):origin()/pre00/78ed/th/pre/i/2019/030/d/d/nami_massage_by_teranen-dcyf1rh.jpg" height="200" width="293"/>            <media:content url="https://img00.deviantart.net/8784/i/2019/030/d/d/nami_massage_by_teranen-dcyf1rh.jpg" height="615" width="900" medium="image"/>            
            <description>&lt;span&gt;My bae Nami is having a really good time in that... massage&lt;br /&gt;&lt;br /&gt;&lt;/span&gt;&lt;span&gt;ps, i always forget her pawpads &amp;lt;.&amp;lt;&lt;/span&gt;&lt;span&gt;&lt;br /&gt;&lt;/span&gt;&lt;span&gt; &lt;/span&gt;&lt;a class=&quot;external&quot; href=&quot;https://www.deviantart.com/users/outgoing?https://t.co/8ikFvDrvz8&quot; title=&quot;https://refsheet.net/teranen/nami&quot;&gt;&lt;span&gt;&lt;/span&gt;&lt;span&gt;https://&lt;/span&gt;&lt;span&gt;refsheet.net/teranen/nami&lt;/span&gt;&lt;span&gt;&lt;/span&gt;&lt;span&gt;&lt;span&gt;&lt;/span&gt;&lt;/span&gt;&lt;/a&gt;&lt;br /&gt;&lt;div&gt;&lt;img src=&quot;https://t00.deviantart.net/zvovGo8LEy8HI4aEfHmRytjD6hI=/300x200/filters:fixed_height(100,100):origin()/pre00/78ed/th/pre/i/2019/030/d/d/nami_massage_by_teranen-dcyf1rh.jpg&quot; alt=&quot;thumbnail&quot; /&gt;&lt;/div&gt;</description>            </item>
                    <item>
                <title>[COM] Secret Weapon Time!</title>
                <link>https://snow-chanda.deviantart.com/art/COM-Secret-Weapon-Time-783407608</link>
                <guid isPermaLink="true">https://snow-chanda.deviantart.com/art/COM-Secret-Weapon-Time-783407608</guid>
                <pubDate>Wed, 30 Jan 2019 04:53:49 PST</pubDate>
                        <media:title type="plain">[COM] Secret Weapon Time!</media:title>
        <media:keywords></media:keywords>
                        <media:rating>adult</media:rating>
                <media:category label="Drawings">manga/digital/drawings</media:category>
        <media:credit role="author" scheme="urn:ebu">Snow-chanDA</media:credit>
        <media:credit role="author" scheme="urn:ebu">https://a.deviantart.net/avatars/s/n/snow-chanda.gif?7</media:credit>
        <media:copyright url="https://snow-chanda.deviantart.com">Copyright 2019 Snow-chanDA</media:copyright>            <media:description type="html">&lt;div&gt;&lt;div&gt;&lt;div&gt;&lt;div&gt;&lt;div&gt;&lt;i&gt;&lt;img src=&quot;https://e.deviantart.net/emoticons/s/star_full.gif&quot; alt=&quot;Star!&quot; style=&quot;width: 17px; height: 16px;&quot; data-embed-type=&quot;emoticon&quot; data-embed-id=&quot;450&quot;&gt;&lt;img src=&quot;https://e.deviantart.net/emoticons/s/star_full.gif&quot; alt=&quot;Star!&quot; style=&quot;width: 17px; height: 16px;&quot; data-embed-type=&quot;emoticon&quot; data-embed-id=&quot;450&quot;&gt;&lt;img src=&quot;https://e.deviantart.net/emoticons/s/star_full.gif&quot; alt=&quot;Star!&quot; style=&quot;width: 17px; height: 16px;&quot; data-embed-type=&quot;emoticon&quot; data-embed-id=&quot;450&quot;&gt;&amp;nbsp;&lt;u&gt;&lt;i&gt;&lt;b&gt;WARNING! INFLATION/EXPANSION/GIANTESS MATERIALS AHEAD! CLICK BACK TO EXIT IF IT&#039;S NOT YOUR THING. THANK YOU!&lt;/b&gt;&lt;/i&gt;&lt;/u&gt;&lt;/i&gt;&lt;/div&gt;&lt;div&gt;&lt;i&gt;&lt;u&gt;&lt;i&gt;&lt;b&gt;&lt;br /&gt;&lt;/b&gt;&lt;/i&gt;&lt;/u&gt;&lt;/i&gt;&lt;/div&gt;&lt;div&gt;A commission for &lt;a target=&quot;_self&quot; href=&quot;https://www.deviantart.com/clonecamando1471&quot; &gt;&lt;img class=&quot;avatar&quot; width=&quot;50&quot; height=&quot;50&quot; src=&quot;https://a.deviantart.net/avatars/c/l/clonecamando1471.jpg?3&quot; alt=&quot;:iconclonecamando1471:&quot; title=&quot;Clonecamando1471&quot; /&gt;&lt;/a&gt; of Ada Wong growing big! O:&lt;/div&gt;&lt;div&gt;&lt;br /&gt;&lt;/div&gt;&lt;div&gt;Can&#039;t think of any short story for this so use your imagination. = &amp;lt; =&lt;br /&gt;&lt;b&gt;&lt;/b&gt;&lt;i&gt;&lt;i&gt;&lt;b&gt;&lt;/b&gt;&lt;/i&gt;&lt;u&gt;&lt;i&gt;&lt;b&gt;&lt;/b&gt;&lt;/i&gt;&lt;/u&gt;&lt;/i&gt;&lt;/div&gt;&lt;/div&gt;&lt;/div&gt;&lt;/div&gt;&lt;/div&gt;</media:description>            <media:thumbnail url="https://t00.deviantart.net/yP9n6u1h7k4feake8-v_D7LYVDQ=/fit-in/150x150/filters:no_upscale():origin()/pre00/cded/th/pre/f/2019/030/c/7/_com__secret_weapon_time__by_snow_chanda-dcyf56g.png" height="124" width="150"/>            <media:thumbnail url="https://t00.deviantart.net/Sb8oLmpQAr3Bv25oBStVumCntaU=/fit-in/300x900/filters:no_upscale():origin()/pre00/cded/th/pre/f/2019/030/c/7/_com__secret_weapon_time__by_snow_chanda-dcyf56g.png" height="249" width="300"/>            <media:thumbnail url="https://t00.deviantart.net/soZmSoCseC23kviloHtUWuiGxW8=/300x200/filters:fixed_height(100,100):origin()/pre00/cded/th/pre/f/2019/030/c/7/_com__secret_weapon_time__by_snow_chanda-dcyf56g.png" height="200" width="241"/>            <media:content url="https://pre00.deviantart.net/cded/th/pre/f/2019/030/c/7/_com__secret_weapon_time__by_snow_chanda-dcyf56g.png" height="814" width="982" medium="image"/>            
            <description>&lt;div&gt;&lt;div&gt;&lt;div&gt;&lt;div&gt;&lt;div&gt;&lt;i&gt;&lt;img src=&quot;https://e.deviantart.net/emoticons/s/star_full.gif&quot; alt=&quot;Star!&quot; style=&quot;width: 17px; height: 16px;&quot; data-embed-type=&quot;emoticon&quot; data-embed-id=&quot;450&quot;&gt;&lt;img src=&quot;https://e.deviantart.net/emoticons/s/star_full.gif&quot; alt=&quot;Star!&quot; style=&quot;width: 17px; height: 16px;&quot; data-embed-type=&quot;emoticon&quot; data-embed-id=&quot;450&quot;&gt;&lt;img src=&quot;https://e.deviantart.net/emoticons/s/star_full.gif&quot; alt=&quot;Star!&quot; style=&quot;width: 17px; height: 16px;&quot; data-embed-type=&quot;emoticon&quot; data-embed-id=&quot;450&quot;&gt;&amp;nbsp;&lt;u&gt;&lt;i&gt;&lt;b&gt;WARNING! INFLATION/EXPANSION/GIANTESS MATERIALS AHEAD! CLICK BACK TO EXIT IF IT&#039;S NOT YOUR THING. THANK YOU!&lt;/b&gt;&lt;/i&gt;&lt;/u&gt;&lt;/i&gt;&lt;/div&gt;&lt;div&gt;&lt;i&gt;&lt;u&gt;&lt;i&gt;&lt;b&gt;&lt;br /&gt;&lt;/b&gt;&lt;/i&gt;&lt;/u&gt;&lt;/i&gt;&lt;/div&gt;&lt;div&gt;A commission for &lt;a target=&quot;_self&quot; href=&quot;https://www.deviantart.com/clonecamando1471&quot; &gt;&lt;img class=&quot;avatar&quot; width=&quot;50&quot; height=&quot;50&quot; src=&quot;https://a.deviantart.net/avatars/c/l/clonecamando1471.jpg?3&quot; alt=&quot;:iconclonecamando1471:&quot; title=&quot;Clonecamando1471&quot; /&gt;&lt;/a&gt; of Ada Wong growing big! O:&lt;/div&gt;&lt;div&gt;&lt;br /&gt;&lt;/div&gt;&lt;div&gt;Can&#039;t think of any short story for this so use your imagination. = &amp;lt; =&lt;br /&gt;&lt;b&gt;&lt;/b&gt;&lt;i&gt;&lt;i&gt;&lt;b&gt;&lt;/b&gt;&lt;/i&gt;&lt;u&gt;&lt;i&gt;&lt;b&gt;&lt;/b&gt;&lt;/i&gt;&lt;/u&gt;&lt;/i&gt;&lt;/div&gt;&lt;/div&gt;&lt;/div&gt;&lt;/div&gt;&lt;/div&gt;&lt;br /&gt;&lt;div&gt;&lt;img src=&quot;https://t00.deviantart.net/soZmSoCseC23kviloHtUWuiGxW8=/300x200/filters:fixed_height(100,100):origin()/pre00/cded/th/pre/f/2019/030/c/7/_com__secret_weapon_time__by_snow_chanda-dcyf56g.png&quot; alt=&quot;thumbnail&quot; /&gt;&lt;/div&gt;</description>            </item>
                    <item>
                <title>Flame Thrall</title>
                <link>https://katiehofgard.deviantart.com/art/Flame-Thrall-783372576</link>
                <guid isPermaLink="true">https://katiehofgard.deviantart.com/art/Flame-Thrall-783372576</guid>
                <pubDate>Tue, 29 Jan 2019 20:36:09 PST</pubDate>
                        <media:title type="plain">Flame Thrall</media:title>
        <media:keywords></media:keywords>
                        <media:rating>nonadult</media:rating>
                <media:category label="Fantasy &amp; Mythology">anthro/digital/paintings/fantasy</media:category>
        <media:credit role="author" scheme="urn:ebu">KatieHofgard</media:credit>
        <media:credit role="author" scheme="urn:ebu">https://a.deviantart.net/avatars/k/a/katiehofgard.gif?11</media:credit>
        <media:copyright url="https://katiehofgard.deviantart.com">Copyright 2019 KatieHofgard</media:copyright>
            <media:community>
                <media:tags>@eskiworks</media:tags>
            </media:community>            <media:description type="html">Endivinity&#039;s Khajiit, Tamerlain, who has become an involuntary conduit for magic.&amp;nbsp; It&#039;s not on purpose, and it can&#039;t be comfortable.... &amp;nbsp;&lt;br /&gt;&lt;br /&gt;7 hours in PS6</media:description>            <media:thumbnail url="https://t00.deviantart.net/nwyXnW3PSmLC6x6waJ254WvvX7w=/fit-in/150x150/filters:no_upscale():origin()/pre00/969e/th/pre/f/2019/029/7/b/flame_thrall_by_katiehofgard-dcyee5c.png" height="118" width="150"/>            <media:thumbnail url="https://t00.deviantart.net/J96TUZPQnf1t8Lgb-Yw6KFNkQnM=/fit-in/300x900/filters:no_upscale():origin()/pre00/969e/th/pre/f/2019/029/7/b/flame_thrall_by_katiehofgard-dcyee5c.png" height="236" width="300"/>            <media:thumbnail url="https://t00.deviantart.net/bPvgnJiDBH-uVr_OB618wUBuISU=/300x200/filters:fixed_height(100,100):origin()/pre00/969e/th/pre/f/2019/029/7/b/flame_thrall_by_katiehofgard-dcyee5c.png" height="200" width="255"/>            <media:content url="https://pre00.deviantart.net/969e/th/pre/f/2019/029/7/b/flame_thrall_by_katiehofgard-dcyee5c.png" height="792" width="1009" medium="image"/>            
            <description>Endivinity&#039;s Khajiit, Tamerlain, who has become an involuntary conduit for magic.&amp;nbsp; It&#039;s not on purpose, and it can&#039;t be comfortable.... &amp;nbsp;&lt;br /&gt;&lt;br /&gt;7 hours in PS6&lt;br /&gt;&lt;div&gt;&lt;img src=&quot;https://t00.deviantart.net/bPvgnJiDBH-uVr_OB618wUBuISU=/300x200/filters:fixed_height(100,100):origin()/pre00/969e/th/pre/f/2019/029/7/b/flame_thrall_by_katiehofgard-dcyee5c.png&quot; alt=&quot;thumbnail&quot; /&gt;&lt;/div&gt;</description>            </item>
                    <item>
                <title>Lonely Night</title>
                <link>https://ricodz.deviantart.com/art/Lonely-Night-783343426</link>
                <guid isPermaLink="true">https://ricodz.deviantart.com/art/Lonely-Night-783343426</guid>
                <pubDate>Tue, 29 Jan 2019 17:37:45 PST</pubDate>
                        <media:title type="plain">Lonely Night</media:title>
        <media:keywords></media:keywords>
                        <media:rating>nonadult</media:rating>
                <media:category label="Landscapes &amp; Scenery">digitalart/paintings/landscapes</media:category>
        <media:credit role="author" scheme="urn:ebu">RicoDZ</media:credit>
        <media:credit role="author" scheme="urn:ebu">https://a.deviantart.net/avatars/r/i/ricodz.gif?3</media:credit>
        <media:copyright url="https://ricodz.deviantart.com">Copyright 2019 RicoDZ</media:copyright>            <media:description type="html">Does anyone else feel as if you&#039;re art is not good enough for your own standards? But you cant effectively improve without actually drawing. &lt;br /&gt;This is&amp;nbsp;what happens to me most of the time I try to draw something but in the end i&#039;m always happy because I&#039;ve ended up with something that started from my imagination and ends up right in front of me, that&#039;s what I find so great about art.&lt;br /&gt;And if you love that feeling, improvement will come naturally. So if you are struggling to improve, just remember creating an artwork that started as a blank canvas from your own mind is pretty amazing.&amp;nbsp;&lt;br /&gt;Hopefully this will keep you guys motivated to keep drawing and to keep improving &lt;img src=&quot;https://e.deviantart.net/emoticons/s/smile.gif&quot; width=&quot;15&quot; height=&quot;15&quot; alt=&quot;:)&quot; data-embed-type=&quot;emoticon&quot; data-embed-id=&quot;391&quot; title=&quot;:) (Smile)&quot;/&gt;&lt;br /&gt;&lt;br /&gt;I finally ended up drawing something after a long break so hopefully the ball keeps rolling and I will end up drawing more often again.&amp;nbsp;&lt;img src=&quot;https://e.deviantart.net/emoticons/d/dummy.gif&quot; alt=&quot;I am a dummy!&quot; style=&quot;width: 21px; height: 15px;&quot; data-embed-type=&quot;emoticon&quot; data-embed-id=&quot;574&quot;&gt;&amp;nbsp;&lt;br /&gt;&lt;br /&gt;Hope you guys like it! &lt;img src=&quot;https://e.deviantart.net/emoticons/b/biggrin.gif&quot; width=&quot;15&quot; height=&quot;15&quot; alt=&quot;:D&quot; data-embed-type=&quot;emoticon&quot; data-embed-id=&quot;366&quot; title=&quot;:D (Big Grin)&quot;/&gt;</media:description>            <media:thumbnail url="https://t00.deviantart.net/LvziHtD8NxDTDC8Yw1BISX-JaoE=/fit-in/150x150/filters:no_upscale():origin()/pre00/5a92/th/pre/f/2019/029/0/b/lonely_night_by_ricodz-dcydrnm.jpg" height="100" width="150"/>            <media:thumbnail url="https://t00.deviantart.net/O4GWIVqj9TaWdJm67GjIIfyyoiQ=/fit-in/300x900/filters:no_upscale():origin()/pre00/5a92/th/pre/f/2019/029/0/b/lonely_night_by_ricodz-dcydrnm.jpg" height="200" width="300"/>            <media:thumbnail url="https://t00.deviantart.net/v4jegRY98jQX2hVJJCnjqtExbto=/300x200/filters:fixed_height(100,100):origin()/pre00/5a92/th/pre/f/2019/029/0/b/lonely_night_by_ricodz-dcydrnm.jpg" height="200" width="300"/>            <media:content url="https://pre00.deviantart.net/5a92/th/pre/f/2019/029/0/b/lonely_night_by_ricodz-dcydrnm.jpg" height="729" width="1096" medium="image"/>            
            <description>Does anyone else feel as if you&#039;re art is not good enough for your own standards? But you cant effectively improve without actually drawing. &lt;br /&gt;This is&amp;nbsp;what happens to me most of the time I try to draw something but in the end i&#039;m always happy because I&#039;ve ended up with something that started from my imagination and ends up right in front of me, that&#039;s what I find so great about art.&lt;br /&gt;And if you love that feeling, improvement will come naturally. So if you are struggling to improve, just remember creating an artwork that started as a blank canvas from your own mind is pretty amazing.&amp;nbsp;&lt;br /&gt;Hopefully this will keep you guys motivated to keep drawing and to keep improving &lt;img src=&quot;https://e.deviantart.net/emoticons/s/smile.gif&quot; width=&quot;15&quot; height=&quot;15&quot; alt=&quot;:)&quot; data-embed-type=&quot;emoticon&quot; data-embed-id=&quot;391&quot; title=&quot;:) (Smile)&quot;/&gt;&lt;br /&gt;&lt;br /&gt;I finally ended up drawing something after a long break so hopefully the ball keeps rolling and I will end up drawing more often again.&amp;nbsp;&lt;img src=&quot;https://e.deviantart.net/emoticons/d/dummy.gif&quot; alt=&quot;I am a dummy!&quot; style=&quot;width: 21px; height: 15px;&quot; data-embed-type=&quot;emoticon&quot; data-embed-id=&quot;574&quot;&gt;&amp;nbsp;&lt;br /&gt;&lt;br /&gt;Hope you guys like it! &lt;img src=&quot;https://e.deviantart.net/emoticons/b/biggrin.gif&quot; width=&quot;15&quot; height=&quot;15&quot; alt=&quot;:D&quot; data-embed-type=&quot;emoticon&quot; data-embed-id=&quot;366&quot; title=&quot;:D (Big Grin)&quot;/&gt;&lt;br /&gt;&lt;div&gt;&lt;img src=&quot;https://t00.deviantart.net/v4jegRY98jQX2hVJJCnjqtExbto=/300x200/filters:fixed_height(100,100):origin()/pre00/5a92/th/pre/f/2019/029/0/b/lonely_night_by_ricodz-dcydrnm.jpg&quot; alt=&quot;thumbnail&quot; /&gt;&lt;/div&gt;</description>            </item>
                    <item>
                <title>Sayamom handbra</title>
                <link>https://twrlare.deviantart.com/art/Sayamom-handbra-783384672</link>
                <guid isPermaLink="true">https://twrlare.deviantart.com/art/Sayamom-handbra-783384672</guid>
                <pubDate>Tue, 29 Jan 2019 22:40:36 PST</pubDate>
                        <media:title type="plain">Sayamom handbra</media:title>
        <media:keywords></media:keywords>
                        <media:rating>adult</media:rating>
                <media:category label="Drawings">manga/digital/drawings</media:category>
        <media:credit role="author" scheme="urn:ebu">Twrlare</media:credit>
        <media:credit role="author" scheme="urn:ebu">https://a.deviantart.net/avatars/t/w/twrlare.jpg?9</media:credit>
        <media:copyright url="https://twrlare.deviantart.com">Copyright 2019 Twrlare</media:copyright>            <media:description type="html">Hairstyle change as well!</media:description>            <media:thumbnail url="https://t00.deviantart.net/-M69RquvaIWOQaXrYpWaWWYAFOU=/fit-in/150x150/filters:no_upscale():origin()/pre00/f846/th/pre/f/2019/029/e/a/sayamom_handbra_by_twrlare-dcyenhc.png" height="150" width="80"/>            <media:thumbnail url="https://t00.deviantart.net/EXhkT_vJBfG81huU2LxCSEyvvAY=/fit-in/300x900/filters:no_upscale():origin()/pre00/f846/th/pre/f/2019/029/e/a/sayamom_handbra_by_twrlare-dcyenhc.png" height="561" width="300"/>            <media:thumbnail url="https://t00.deviantart.net/9zmzWYX-Cz9fRJhNkhfFfmPSzdU=/300x200/filters:fixed_height(100,100):origin()/pre00/f846/th/pre/f/2019/029/e/a/sayamom_handbra_by_twrlare-dcyenhc.png" height="200" width="107"/>            <media:content url="https://orig00.deviantart.net/2ea8/f/2019/029/e/a/sayamom_handbra_by_twrlare-dcyenhc.png" height="1000" width="535" medium="image"/>            
            <description>Hairstyle change as well!&lt;br /&gt;&lt;div&gt;&lt;img src=&quot;https://t00.deviantart.net/9zmzWYX-Cz9fRJhNkhfFfmPSzdU=/300x200/filters:fixed_height(100,100):origin()/pre00/f846/th/pre/f/2019/029/e/a/sayamom_handbra_by_twrlare-dcyenhc.png&quot; alt=&quot;thumbnail&quot; /&gt;&lt;/div&gt;</description>            </item>
                    <item>
                <title>Date With A Feedee</title>
                <link>https://saxxon.deviantart.com/art/Date-With-A-Feedee-783471394</link>
                <guid isPermaLink="true">https://saxxon.deviantart.com/art/Date-With-A-Feedee-783471394</guid>
                <pubDate>Wed, 30 Jan 2019 14:15:13 PST</pubDate>
                        <media:title type="plain">Date With A Feedee</media:title>
        <media:keywords></media:keywords>
                        <media:rating>nonadult</media:rating>
                <media:category label="People">traditional/drawings/people</media:category>
        <media:credit role="author" scheme="urn:ebu">Saxxon</media:credit>
        <media:credit role="author" scheme="urn:ebu">https://a.deviantart.net/avatars/s/a/saxxon.jpg?2</media:credit>
        <media:copyright url="https://saxxon.deviantart.com">Copyright 2019 Saxxon</media:copyright>            <media:description type="html">A commission&amp;nbsp;&lt;span class=&quot;shadow-holder&quot; data-embed-type=&quot;deviation&quot; data-embed-id=&quot;534692352&quot; data-embed-format=&quot;thumb&quot;&gt;&lt;span class=&quot;shadow mild&quot; &gt;&lt;a class=&quot;thumb&quot; href=&quot;https://www.deviantart.com/saxxon/art/The-NEW-Commission-Info-and-For-Sale-Catalog-534692352&quot; title=&quot;The NEW Commission Info and For-Sale Catalog by Saxxon, May 22, 2015 in Fan Art &amp;gt; Traditional Art &amp;gt; Drawings &amp;gt; Other&quot;data-super-img=&quot;https://images-wixmp-ed30a86b8c4ca887773594c2.wixmp.com/intermediary/f/c40817dc-5c56-491c-99d5-f1902a843c34/d8ucb9c-20148ee3-44b0-4706-ba17-45cd927904bb.png/v1/fill/w_715,h_1118,q_70,strp/the_new_commission_info_and_for_sale_catalog_by_saxxon_d8ucb9c-pre.jpg&quot; data-super-width=&quot;715&quot; data-super-height=&quot;1118&quot; data-super-transparent=&quot;false&quot; data-super-alt=&quot;The NEW Commission Info and For-Sale Catalog by Saxxon&quot; data-super-full-img=&quot;https://images-wixmp-ed30a86b8c4ca887773594c2.wixmp.com/intermediary/f/c40817dc-5c56-491c-99d5-f1902a843c34/d8ucb9c-20148ee3-44b0-4706-ba17-45cd927904bb.png/v1/fill/w_1024,h_1602,q_80,strp/the_new_commission_info_and_for_sale_catalog_by_saxxon_d8ucb9c-fullview.jpg&quot; data-super-full-width=&quot;1024&quot; data-super-full-height=&quot;1602&quot;        data-sigil=&quot;thumb&quot;&gt;
        &lt;i&gt;&lt;/i&gt;&lt;img   width=&quot;96&quot; height=&quot;150&quot; alt=&quot;The NEW Commission Info and For-Sale Catalog by Saxxon&quot; src=&quot;https://images-wixmp-ed30a86b8c4ca887773594c2.wixmp.com/intermediary/f/c40817dc-5c56-491c-99d5-f1902a843c34/d8ucb9c-20148ee3-44b0-4706-ba17-45cd927904bb.png/v1/fit/w_150,h_150,q_70,strp/the_new_commission_info_and_for_sale_catalog_by_saxxon_d8ucb9c-150.jpg&quot; data-src=&quot;https://images-wixmp-ed30a86b8c4ca887773594c2.wixmp.com/intermediary/f/c40817dc-5c56-491c-99d5-f1902a843c34/d8ucb9c-20148ee3-44b0-4706-ba17-45cd927904bb.png/v1/fit/w_150,h_150,q_70,strp/the_new_commission_info_and_for_sale_catalog_by_saxxon_d8ucb9c-150.jpg&quot; srcset=&quot;https://images-wixmp-ed30a86b8c4ca887773594c2.wixmp.com/intermediary/f/c40817dc-5c56-491c-99d5-f1902a843c34/d8ucb9c-20148ee3-44b0-4706-ba17-45cd927904bb.png/v1/fit/w_150,h_150,q_70,strp/the_new_commission_info_and_for_sale_catalog_by_saxxon_d8ucb9c-150.jpg 96w,https://images-wixmp-ed30a86b8c4ca887773594c2.wixmp.com/intermediary/f/c40817dc-5c56-491c-99d5-f1902a843c34/d8ucb9c-20148ee3-44b0-4706-ba17-45cd927904bb.png/v1/fill/w_160,h_250,q_70,strp/the_new_commission_info_and_for_sale_catalog_by_saxxon_d8ucb9c-250t.jpg 160w,https://images-wixmp-ed30a86b8c4ca887773594c2.wixmp.com/intermediary/f/c40817dc-5c56-491c-99d5-f1902a843c34/d8ucb9c-20148ee3-44b0-4706-ba17-45cd927904bb.png/v1/fill/w_224,h_350,q_70,strp/the_new_commission_info_and_for_sale_catalog_by_saxxon_d8ucb9c-350t.jpg 224w,https://images-wixmp-ed30a86b8c4ca887773594c2.wixmp.com/intermediary/f/c40817dc-5c56-491c-99d5-f1902a843c34/d8ucb9c-20148ee3-44b0-4706-ba17-45cd927904bb.png/v1/fill/w_256,h_400,q_70,strp/the_new_commission_info_and_for_sale_catalog_by_saxxon_d8ucb9c-400t.jpg 256w,https://images-wixmp-ed30a86b8c4ca887773594c2.wixmp.com/intermediary/f/c40817dc-5c56-491c-99d5-f1902a843c34/d8ucb9c-20148ee3-44b0-4706-ba17-45cd927904bb.png/v1/fill/w_715,h_1118,q_70,strp/the_new_commission_info_and_for_sale_catalog_by_saxxon_d8ucb9c-pre.jpg 715w&quot; sizes=&quot;96px&quot;&gt;&lt;/a&gt;&lt;/span&gt;&lt;!-- ^TTT --&gt;&lt;!-- TTT$ --&gt;&lt;/span&gt;&amp;nbsp;of a woman who enjoys being taken out to dinner. And then a few more dinners.</media:description>            <media:thumbnail url="https://t00.deviantart.net/9FQ8houQdy_890SL-JNcZlkH_QY=/fit-in/150x150/filters:no_upscale():origin()/pre00/21e4/th/pre/f/2019/030/6/9/date_with_a_feedee_by_saxxon-dcygiea.png" height="150" width="122"/>            <media:thumbnail url="https://t00.deviantart.net/XMxGynj1_o4b8gUUhr-8AH_A6pI=/fit-in/300x900/filters:no_upscale():origin()/pre00/21e4/th/pre/f/2019/030/6/9/date_with_a_feedee_by_saxxon-dcygiea.png" height="370" width="300"/>            <media:thumbnail url="https://t00.deviantart.net/XwB1t6D2BX40Bw3H1v9QLHSv0Go=/300x200/filters:fixed_height(100,100):origin()/pre00/21e4/th/pre/f/2019/030/6/9/date_with_a_feedee_by_saxxon-dcygiea.png" height="200" width="162"/>            <media:content url="https://pre00.deviantart.net/21e4/th/pre/f/2019/030/6/9/date_with_a_feedee_by_saxxon-dcygiea.png" height="993" width="805" medium="image"/>            
            <description>A commission&amp;nbsp;&lt;span class=&quot;shadow-holder&quot; data-embed-type=&quot;deviation&quot; data-embed-id=&quot;534692352&quot; data-embed-format=&quot;thumb&quot;&gt;&lt;span class=&quot;shadow mild&quot; &gt;&lt;a class=&quot;thumb&quot; href=&quot;https://www.deviantart.com/saxxon/art/The-NEW-Commission-Info-and-For-Sale-Catalog-534692352&quot; title=&quot;The NEW Commission Info and For-Sale Catalog by Saxxon, May 22, 2015 in Fan Art &amp;gt; Traditional Art &amp;gt; Drawings &amp;gt; Other&quot;data-super-img=&quot;https://images-wixmp-ed30a86b8c4ca887773594c2.wixmp.com/intermediary/f/c40817dc-5c56-491c-99d5-f1902a843c34/d8ucb9c-20148ee3-44b0-4706-ba17-45cd927904bb.png/v1/fill/w_715,h_1118,q_70,strp/the_new_commission_info_and_for_sale_catalog_by_saxxon_d8ucb9c-pre.jpg&quot; data-super-width=&quot;715&quot; data-super-height=&quot;1118&quot; data-super-transparent=&quot;false&quot; data-super-alt=&quot;The NEW Commission Info and For-Sale Catalog by Saxxon&quot; data-super-full-img=&quot;https://images-wixmp-ed30a86b8c4ca887773594c2.wixmp.com/intermediary/f/c40817dc-5c56-491c-99d5-f1902a843c34/d8ucb9c-20148ee3-44b0-4706-ba17-45cd927904bb.png/v1/fill/w_1024,h_1602,q_80,strp/the_new_commission_info_and_for_sale_catalog_by_saxxon_d8ucb9c-fullview.jpg&quot; data-super-full-width=&quot;1024&quot; data-super-full-height=&quot;1602&quot;        data-sigil=&quot;thumb&quot;&gt;
        &lt;i&gt;&lt;/i&gt;&lt;img   width=&quot;96&quot; height=&quot;150&quot; alt=&quot;The NEW Commission Info and For-Sale Catalog by Saxxon&quot; src=&quot;https://images-wixmp-ed30a86b8c4ca887773594c2.wixmp.com/intermediary/f/c40817dc-5c56-491c-99d5-f1902a843c34/d8ucb9c-20148ee3-44b0-4706-ba17-45cd927904bb.png/v1/fit/w_150,h_150,q_70,strp/the_new_commission_info_and_for_sale_catalog_by_saxxon_d8ucb9c-150.jpg&quot; data-src=&quot;https://images-wixmp-ed30a86b8c4ca887773594c2.wixmp.com/intermediary/f/c40817dc-5c56-491c-99d5-f1902a843c34/d8ucb9c-20148ee3-44b0-4706-ba17-45cd927904bb.png/v1/fit/w_150,h_150,q_70,strp/the_new_commission_info_and_for_sale_catalog_by_saxxon_d8ucb9c-150.jpg&quot; srcset=&quot;https://images-wixmp-ed30a86b8c4ca887773594c2.wixmp.com/intermediary/f/c40817dc-5c56-491c-99d5-f1902a843c34/d8ucb9c-20148ee3-44b0-4706-ba17-45cd927904bb.png/v1/fit/w_150,h_150,q_70,strp/the_new_commission_info_and_for_sale_catalog_by_saxxon_d8ucb9c-150.jpg 96w,https://images-wixmp-ed30a86b8c4ca887773594c2.wixmp.com/intermediary/f/c40817dc-5c56-491c-99d5-f1902a843c34/d8ucb9c-20148ee3-44b0-4706-ba17-45cd927904bb.png/v1/fill/w_160,h_250,q_70,strp/the_new_commission_info_and_for_sale_catalog_by_saxxon_d8ucb9c-250t.jpg 160w,https://images-wixmp-ed30a86b8c4ca887773594c2.wixmp.com/intermediary/f/c40817dc-5c56-491c-99d5-f1902a843c34/d8ucb9c-20148ee3-44b0-4706-ba17-45cd927904bb.png/v1/fill/w_224,h_350,q_70,strp/the_new_commission_info_and_for_sale_catalog_by_saxxon_d8ucb9c-350t.jpg 224w,https://images-wixmp-ed30a86b8c4ca887773594c2.wixmp.com/intermediary/f/c40817dc-5c56-491c-99d5-f1902a843c34/d8ucb9c-20148ee3-44b0-4706-ba17-45cd927904bb.png/v1/fill/w_256,h_400,q_70,strp/the_new_commission_info_and_for_sale_catalog_by_saxxon_d8ucb9c-400t.jpg 256w,https://images-wixmp-ed30a86b8c4ca887773594c2.wixmp.com/intermediary/f/c40817dc-5c56-491c-99d5-f1902a843c34/d8ucb9c-20148ee3-44b0-4706-ba17-45cd927904bb.png/v1/fill/w_715,h_1118,q_70,strp/the_new_commission_info_and_for_sale_catalog_by_saxxon_d8ucb9c-pre.jpg 715w&quot; sizes=&quot;96px&quot;&gt;&lt;/a&gt;&lt;/span&gt;&lt;!-- ^TTT --&gt;&lt;!-- TTT$ --&gt;&lt;/span&gt;&amp;nbsp;of a woman who enjoys being taken out to dinner. And then a few more dinners.&lt;br /&gt;&lt;div&gt;&lt;img src=&quot;https://t00.deviantart.net/XwB1t6D2BX40Bw3H1v9QLHSv0Go=/300x200/filters:fixed_height(100,100):origin()/pre00/21e4/th/pre/f/2019/030/6/9/date_with_a_feedee_by_saxxon-dcygiea.png&quot; alt=&quot;thumbnail&quot; /&gt;&lt;/div&gt;</description>            </item>
                    <item>
                <title>hidden view</title>
                <link>https://umbatman.deviantart.com/art/hidden-view-783380300</link>
                <guid isPermaLink="true">https://umbatman.deviantart.com/art/hidden-view-783380300</guid>
                <pubDate>Tue, 29 Jan 2019 22:03:16 PST</pubDate>
                        <media:title type="plain">hidden view</media:title>
        <media:keywords></media:keywords>
                        <media:rating>nonadult</media:rating>
                <media:category label="Landscapes &amp; Scenery">digitalart/paintings/landscapes</media:category>
        <media:credit role="author" scheme="urn:ebu">umbatman</media:credit>
        <media:credit role="author" scheme="urn:ebu">https://a.deviantart.net/avatars/u/m/umbatman.jpg?5</media:credit>
        <media:copyright url="https://umbatman.deviantart.com">Copyright 2019 umbatman</media:copyright>             <creativeCommons:license>http://creativecommons.org/licenses/by-nc-nd/3.0/</creativeCommons:license>
                <media:description type="html">&lt;div&gt;I didn&#039;t know what name to come up with for this one and yes its more a inner cave&lt;/div&gt;&lt;div&gt; or a small valley hidden deep in the Forrest and there are little shafts of light just creeping through.&lt;/div&gt;&lt;div&gt;I also think the moss was a nice touch, you learn something new&amp;nbsp; everyday.&lt;/div&gt;&lt;div&gt;&lt;br /&gt;&lt;/div&gt;&lt;div&gt;What do you guys think, I am going to try some fantasy environments that will really push the imagination. BTW I am doing those &lt;br /&gt;&lt;/div&gt;&lt;div&gt;Illustrations and a few portraits so be on the lookout for those.&lt;br /&gt;&lt;/div&gt;&lt;div&gt;Thank you for viewing and have a lovely day&lt;a href=&quot;https://www.deviantart.com/lumenblurb/art/Cookie-Monster-waves-566142128&quot; class=&quot;emoticon&quot; data-embed-type=&quot;emoticon&quot; data-embed-id=&quot;566142128&quot; data-embed-profile=&quot;deviation&quot;&gt;&lt;img src=&quot;https://orig00.deviantart.net/89da/f/2015/287/f/f/cookie_monster_waves_by_lumenblurb-d9d2e28.gif&quot; alt=&quot;Cookie Monster waves&quot; style=&quot;width:50px;height:50px&quot;&gt;&lt;/a&gt;&lt;/div&gt;</media:description>            <media:thumbnail url="https://t00.deviantart.net/4koiE1CNGar-PRty2lHWlSgmAXY=/fit-in/150x150/filters:no_upscale():origin()/pre00/9853/th/pre/i/2019/029/6/1/hidden_view_by_umbatman-dcyek3w.png" height="84" width="150"/>            <media:thumbnail url="https://t00.deviantart.net/TzWhbRKabDpV2xHu0TcifKZTguo=/fit-in/300x900/filters:no_upscale():origin()/pre00/9853/th/pre/i/2019/029/6/1/hidden_view_by_umbatman-dcyek3w.png" height="169" width="300"/>            <media:thumbnail url="https://t00.deviantart.net/JpB7JiIvPgBTNTz9Sa6xuOltw9U=/300x200/filters:fixed_height(100,100):origin()/pre00/9853/th/pre/i/2019/029/6/1/hidden_view_by_umbatman-dcyek3w.png" height="169" width="300"/>            <media:content url="https://pre00.deviantart.net/9853/th/pre/i/2019/029/6/1/hidden_view_by_umbatman-dcyek3w.png" height="670" width="1192" medium="image"/>            
            <description>&lt;div&gt;I didn&#039;t know what name to come up with for this one and yes its more a inner cave&lt;/div&gt;&lt;div&gt; or a small valley hidden deep in the Forrest and there are little shafts of light just creeping through.&lt;/div&gt;&lt;div&gt;I also think the moss was a nice touch, you learn something new&amp;nbsp; everyday.&lt;/div&gt;&lt;div&gt;&lt;br /&gt;&lt;/div&gt;&lt;div&gt;What do you guys think, I am going to try some fantasy environments that will really push the imagination. BTW I am doing those &lt;br /&gt;&lt;/div&gt;&lt;div&gt;Illustrations and a few portraits so be on the lookout for those.&lt;br /&gt;&lt;/div&gt;&lt;div&gt;Thank you for viewing and have a lovely day&lt;a href=&quot;https://www.deviantart.com/lumenblurb/art/Cookie-Monster-waves-566142128&quot; class=&quot;emoticon&quot; data-embed-type=&quot;emoticon&quot; data-embed-id=&quot;566142128&quot; data-embed-profile=&quot;deviation&quot;&gt;&lt;img src=&quot;https://orig00.deviantart.net/89da/f/2015/287/f/f/cookie_monster_waves_by_lumenblurb-d9d2e28.gif&quot; alt=&quot;Cookie Monster waves&quot; style=&quot;width:50px;height:50px&quot;&gt;&lt;/a&gt;&lt;/div&gt;&lt;br /&gt;&lt;div&gt;&lt;img src=&quot;https://t00.deviantart.net/JpB7JiIvPgBTNTz9Sa6xuOltw9U=/300x200/filters:fixed_height(100,100):origin()/pre00/9853/th/pre/i/2019/029/6/1/hidden_view_by_umbatman-dcyek3w.png&quot; alt=&quot;thumbnail&quot; /&gt;&lt;/div&gt;</description>            </item>
                    <item>
                <title>what the fck tho?</title>
                <link>https://ufohouse.deviantart.com/art/what-the-fck-tho-783432569</link>
                <guid isPermaLink="true">https://ufohouse.deviantart.com/art/what-the-fck-tho-783432569</guid>
                <pubDate>Wed, 30 Jan 2019 09:21:34 PST</pubDate>
                        <media:title type="plain">what the fck tho?</media:title>
        <media:keywords></media:keywords>
                        <media:rating>nonadult</media:rating>
                <media:category label="Drawings">cartoons/digital/cartoons/drawings</media:category>
        <media:credit role="author" scheme="urn:ebu">ufohouse</media:credit>
        <media:credit role="author" scheme="urn:ebu">https://a.deviantart.net/avatars/u/f/ufohouse.gif?10</media:credit>
        <media:copyright url="https://ufohouse.deviantart.com">Copyright 2019 ufohouse</media:copyright>             <creativeCommons:license>http://creativecommons.org/licenses/by-nc-nd/3.0/</creativeCommons:license>
                <media:description type="html">ate my last burrito</media:description>            <media:thumbnail url="https://t00.deviantart.net/CzGeVMmSJ0xmUvNSyumLrRI_lmQ=/fit-in/150x150/filters:no_upscale():origin()/pre00/5550/th/pre/f/2019/030/9/7/19_01_26_22_25_08_839_deco_by_ufohouse-dcyfoft.jpg" height="150" width="150"/>            <media:thumbnail url="https://t00.deviantart.net/60vELr090g42B1o0cFTOaa-m4wc=/fit-in/300x900/filters:no_upscale():origin()/pre00/5550/th/pre/f/2019/030/9/7/19_01_26_22_25_08_839_deco_by_ufohouse-dcyfoft.jpg" height="300" width="300"/>            <media:thumbnail url="https://t00.deviantart.net/XjSMWymmQYc20OG3uS-6iLIPVn0=/300x200/filters:fixed_height(100,100):origin()/pre00/5550/th/pre/f/2019/030/9/7/19_01_26_22_25_08_839_deco_by_ufohouse-dcyfoft.jpg" height="200" width="200"/>            <media:content url="https://pre00.deviantart.net/5550/th/pre/f/2019/030/9/7/19_01_26_22_25_08_839_deco_by_ufohouse-dcyfoft.jpg" height="894" width="894" medium="image"/>            
            <description>ate my last burrito&lt;br /&gt;&lt;div&gt;&lt;img src=&quot;https://t00.deviantart.net/XjSMWymmQYc20OG3uS-6iLIPVn0=/300x200/filters:fixed_height(100,100):origin()/pre00/5550/th/pre/f/2019/030/9/7/19_01_26_22_25_08_839_deco_by_ufohouse-dcyfoft.jpg&quot; alt=&quot;thumbnail&quot; /&gt;&lt;/div&gt;</description>            </item>
                    <item>
                <title>Namine</title>
                <link>https://nicetsukichi.deviantart.com/art/Namine-783423537</link>
                <guid isPermaLink="true">https://nicetsukichi.deviantart.com/art/Namine-783423537</guid>
                <pubDate>Wed, 30 Jan 2019 08:02:27 PST</pubDate>
                        <media:title type="plain">Namine</media:title>
        <media:keywords></media:keywords>
                        <media:rating>nonadult</media:rating>
                <media:category label="Games">fanart/digital/painting/games</media:category>
        <media:credit role="author" scheme="urn:ebu">nicetsukichi</media:credit>
        <media:credit role="author" scheme="urn:ebu">https://a.deviantart.net/avatars/n/i/nicetsukichi.gif?8</media:credit>
        <media:copyright url="https://nicetsukichi.deviantart.com">Copyright 2019 nicetsukichi</media:copyright>
            <media:community>
                <media:tags>@nicetsukichi</media:tags>
            </media:community>             <creativeCommons:license>http://creativecommons.org/licenses/by-nc-nd/3.0/</creativeCommons:license>
                <media:description type="html">&lt;div&gt;&lt;span&gt;&lt;a href=&quot;https://www.deviantart.com/ichigocandii/art/Pink-wing-left-615240578&quot; class=&quot;emoticon&quot; data-embed-type=&quot;emoticon&quot; data-embed-id=&quot;615240578&quot; data-embed-profile=&quot;deviation&quot;&gt;&lt;img src=&quot;https://orig00.deviantart.net/0ec2/f/2016/165/8/3/pink_wing_left_by_ichigocandii-da6aqo2.gif&quot; alt=&quot;Pink wing left&quot; style=&quot;width:16px;height:17px&quot;&gt;&lt;/a&gt;&amp;nbsp;&lt;/span&gt;&lt;code&gt;&lt;a href=&quot;http://fav.me/d4iw1ng&quot;&gt;Commission Information&lt;/a&gt;&amp;nbsp;&lt;/code&gt;&lt;span&gt;|&amp;nbsp;&lt;img src=&quot;https://e.deviantart.net/emoticons/g/googleplus1.gif&quot; alt=&quot;Google+&quot; style=&quot;width: 16px; height: 16px;&quot; data-embed-type=&quot;emoticon&quot; data-embed-id=&quot;615&quot;&gt;&amp;nbsp;&lt;/span&gt;&lt;span&gt;&lt;a class=&quot;external&quot; href=&quot;https://www.deviantart.com/users/outgoing?https://plus.google.com/u/0/+nicetsukichi&quot;&gt;Google+&lt;/a&gt;&amp;nbsp; |&amp;nbsp;&lt;a href=&quot;https://www.deviantart.com/cherushimetsumari/art/facebook-537756153&quot; class=&quot;emoticon&quot; data-embed-type=&quot;emoticon&quot; data-embed-id=&quot;537756153&quot; data-embed-profile=&quot;deviation&quot;&gt;&lt;img src=&quot;https://images-wixmp-ed30a86b8c4ca887773594c2.wixmp.com/intermediary/f/91df458d-5ec8-4ebb-a30e-328d4fd1ea22/d8w5zax-47010060-a718-4836-8db2-3ca3550ddf11.png&quot; alt=&quot;:facebook:&quot; style=&quot;width:16px;height:16px&quot;&gt;&lt;/a&gt;&amp;nbsp;&lt;a class=&quot;external&quot; href=&quot;https://www.deviantart.com/users/outgoing?https://www.facebook.com/nicetsukichiartwork&quot;&gt;Facebook&lt;/a&gt;&amp;nbsp; |&amp;nbsp;&lt;a href=&quot;https://www.deviantart.com/poserfan/art/Instagram-Icon-414445438&quot; class=&quot;emoticon&quot; data-embed-type=&quot;emoticon&quot; data-embed-id=&quot;414445438&quot; data-embed-profile=&quot;deviation&quot;&gt;&lt;img src=&quot;https://orig00.deviantart.net/efae/f/2013/326/f/3/instagram_icon_by_poserfan-d6ur05a.gif&quot; alt=&quot;Instagram Icon&quot; style=&quot;width:16px;height:16px&quot;&gt;&lt;/a&gt;&amp;nbsp;&lt;a class=&quot;external&quot; href=&quot;https://www.deviantart.com/users/outgoing?http://instagram.com/nicetsukichi&quot;&gt;Instagram&lt;/a&gt;&amp;nbsp; |&amp;nbsp;&lt;a href=&quot;https://www.deviantart.com/vampirehelenaharper/art/YouTube-Icon-530921372&quot; class=&quot;emoticon&quot; data-embed-type=&quot;emoticon&quot; data-embed-id=&quot;530921372&quot; data-embed-profile=&quot;deviation&quot;&gt;&lt;img src=&quot;https://images-wixmp-ed30a86b8c4ca887773594c2.wixmp.com/intermediary/f/80bda55e-e860-4969-8f37-9e9d51e43927/d8s3hjw-b4c05150-baba-4ad3-bea8-b4870929a06d.png&quot; alt=&quot;YouTube Icon&quot; style=&quot;width:16px;height:16px&quot;&gt;&lt;/a&gt;&amp;nbsp;&amp;nbsp;&lt;a class=&quot;external&quot; href=&quot;https://www.deviantart.com/users/outgoing?https://www.youtube.com/channel/UCJ3ZmBt10mFUo6sH-UycEkQ&quot;&gt;Youtube&lt;/a&gt;&amp;nbsp; &lt;br /&gt;&lt;/span&gt;&lt;/div&gt;&lt;div&gt;&lt;span&gt;&lt;br /&gt;&lt;/span&gt;&lt;/div&gt;&lt;div&gt;&lt;span&gt;&lt;/span&gt;&lt;b&gt;KINGDOM HEARTS 3 IS FINALLY OUT!&lt;/b&gt; And here is my artwork Namine for you &lt;img src=&quot;https://e.deviantart.net/emoticons/h/heart.gif&quot; width=&quot;15&quot; height=&quot;13&quot; alt=&quot;:heart:&quot; data-embed-type=&quot;emoticon&quot; data-embed-id=&quot;357&quot; title=&quot;Heart&quot;/&gt;&lt;br /&gt;&lt;/div&gt;&lt;div&gt;&lt;br /&gt;&lt;/div&gt;&lt;div&gt;This artwork is my old work for Kingdom Hearts Fanbook I&#039;ve worked with other awesome artists!!&lt;/div&gt;&lt;div&gt;&lt;br /&gt;&lt;/div&gt;&lt;div&gt;Each artwork based on KH Soundtracks! For more details, please check the website&lt;/div&gt;&lt;div&gt;&lt;br /&gt;&lt;/div&gt;&lt;div&gt;&lt;b&gt;&lt;a class=&quot;external&quot; href=&quot;https://www.deviantart.com/users/outgoing?https://khreprisezine.carrd.co/&quot;&gt;khreprisezine.carrd.co/&lt;/a&gt;&lt;/b&gt;&lt;/div&gt;&lt;div&gt;&lt;b&gt;&lt;br /&gt;&lt;/b&gt;&lt;/div&gt;&lt;div&gt;&lt;em&gt;&lt;/em&gt;&lt;span&gt;&lt;span class=&quot;shadow-holder&quot; data-embed-type=&quot;deviation&quot; data-embed-id=&quot;183088083&quot; data-embed-format=&quot;thumb&quot;&gt;&lt;span class=&quot;shadow mild&quot; &gt;&lt;a class=&quot;thumb&quot; href=&quot;https://www.deviantart.com/sophibelle/art/Copyright-Statement-1-183088083&quot; title=&quot;Copyright Statement 1 by Sophibelle, Oct 18, 2010 in Scraps&quot;data-super-img=&quot;https://images-wixmp-ed30a86b8c4ca887773594c2.wixmp.com/intermediary/f/1bd72350-8675-445a-85f0-589931a4f7eb/d3107o3-9a4142d7-67bc-4d9e-bd37-6cdd80dcd356.png&quot; data-super-width=&quot;144&quot; data-super-height=&quot;65&quot; data-super-transparent=&quot;true&quot; data-super-alt=&quot;Copyright Statement 1 by Sophibelle&quot; data-super-full-img=&quot;https://images-wixmp-ed30a86b8c4ca887773594c2.wixmp.com/intermediary/f/1bd72350-8675-445a-85f0-589931a4f7eb/d3107o3-9a4142d7-67bc-4d9e-bd37-6cdd80dcd356.png&quot; data-super-full-width=&quot;144&quot; data-super-full-height=&quot;65&quot;        data-sigil=&quot;thumb&quot;&gt;
        &lt;i&gt;&lt;/i&gt;&lt;img   width=&quot;144&quot; height=&quot;65&quot; alt=&quot;Copyright Statement 1 by Sophibelle&quot; src=&quot;https://images-wixmp-ed30a86b8c4ca887773594c2.wixmp.com/intermediary/f/1bd72350-8675-445a-85f0-589931a4f7eb/d3107o3-9a4142d7-67bc-4d9e-bd37-6cdd80dcd356.png&quot; data-src=&quot;https://images-wixmp-ed30a86b8c4ca887773594c2.wixmp.com/intermediary/f/1bd72350-8675-445a-85f0-589931a4f7eb/d3107o3-9a4142d7-67bc-4d9e-bd37-6cdd80dcd356.png&quot; srcset=&quot;https://images-wixmp-ed30a86b8c4ca887773594c2.wixmp.com/intermediary/f/1bd72350-8675-445a-85f0-589931a4f7eb/d3107o3-9a4142d7-67bc-4d9e-bd37-6cdd80dcd356.png 144w&quot; sizes=&quot;144px&quot;&gt;&lt;/a&gt;&lt;/span&gt;&lt;!-- ^TTT --&gt;&lt;!-- TTT$ --&gt;&lt;/span&gt;&lt;br /&gt;&lt;br /&gt;&lt;/span&gt;&lt;span&gt;---------------------------------------------------------&lt;/span&gt;&lt;br /&gt;&lt;br /&gt;&lt;span&gt;&amp;#10009; Feature Newest works &amp;#10009;&lt;/span&gt;&lt;br /&gt;&lt;br /&gt;&lt;span class=&quot;shadow-holder&quot; data-embed-type=&quot;deviation&quot; data-embed-id=&quot;779868590&quot; data-embed-format=&quot;thumb&quot;&gt;&lt;span class=&quot;shadow mild&quot; &gt;&lt;a class=&quot;thumb&quot; href=&quot;https://www.deviantart.com/nicetsukichi/art/Crimson-Lily-779868590&quot; title=&quot;Crimson Lily by nicetsukichi, Jan 6, 2019 in Manga &amp;amp; Anime &amp;gt; Digital Media &amp;gt; Paintings&quot;data-super-img=&quot;https://images-wixmp-ed30a86b8c4ca887773594c2.wixmp.com/intermediary/f/4fd561a7-c68e-4b7b-8522-9b2fe9ab99f3/dcwbage-00ede5a5-0084-47bf-93bc-2c22e813196f.png&quot; data-super-width=&quot;636&quot; data-super-height=&quot;900&quot; data-super-transparent=&quot;false&quot; data-super-alt=&quot;Crimson Lily by nicetsukichi&quot; data-super-full-img=&quot;https://images-wixmp-ed30a86b8c4ca887773594c2.wixmp.com/intermediary/f/4fd561a7-c68e-4b7b-8522-9b2fe9ab99f3/dcwbage-00ede5a5-0084-47bf-93bc-2c22e813196f.png&quot; data-super-full-width=&quot;636&quot; data-super-full-height=&quot;900&quot;        data-sigil=&quot;thumb&quot;&gt;
        &lt;i&gt;&lt;/i&gt;&lt;img   width=&quot;106&quot; height=&quot;150&quot; alt=&quot;Crimson Lily by nicetsukichi&quot; src=&quot;https://images-wixmp-ed30a86b8c4ca887773594c2.wixmp.com/intermediary/f/4fd561a7-c68e-4b7b-8522-9b2fe9ab99f3/dcwbage-00ede5a5-0084-47bf-93bc-2c22e813196f.png/v1/fit/w_150,h_150,q_70,strp/crimson_lily_by_nicetsukichi_dcwbage-150.jpg&quot; data-src=&quot;https://images-wixmp-ed30a86b8c4ca887773594c2.wixmp.com/intermediary/f/4fd561a7-c68e-4b7b-8522-9b2fe9ab99f3/dcwbage-00ede5a5-0084-47bf-93bc-2c22e813196f.png/v1/fit/w_150,h_150,q_70,strp/crimson_lily_by_nicetsukichi_dcwbage-150.jpg&quot; srcset=&quot;https://images-wixmp-ed30a86b8c4ca887773594c2.wixmp.com/intermediary/f/4fd561a7-c68e-4b7b-8522-9b2fe9ab99f3/dcwbage-00ede5a5-0084-47bf-93bc-2c22e813196f.png/v1/fit/w_150,h_150,q_70,strp/crimson_lily_by_nicetsukichi_dcwbage-150.jpg 106w,https://images-wixmp-ed30a86b8c4ca887773594c2.wixmp.com/intermediary/f/4fd561a7-c68e-4b7b-8522-9b2fe9ab99f3/dcwbage-00ede5a5-0084-47bf-93bc-2c22e813196f.png/v1/fill/w_177,h_250,q_70,strp/crimson_lily_by_nicetsukichi_dcwbage-250t.jpg 177w,https://images-wixmp-ed30a86b8c4ca887773594c2.wixmp.com/intermediary/f/4fd561a7-c68e-4b7b-8522-9b2fe9ab99f3/dcwbage-00ede5a5-0084-47bf-93bc-2c22e813196f.png/v1/fill/w_247,h_350,q_70,strp/crimson_lily_by_nicetsukichi_dcwbage-350t.jpg 247w,https://images-wixmp-ed30a86b8c4ca887773594c2.wixmp.com/intermediary/f/4fd561a7-c68e-4b7b-8522-9b2fe9ab99f3/dcwbage-00ede5a5-0084-47bf-93bc-2c22e813196f.png/v1/fill/w_283,h_400,q_70,strp/crimson_lily_by_nicetsukichi_dcwbage-400t.jpg 283w,https://images-wixmp-ed30a86b8c4ca887773594c2.wixmp.com/intermediary/f/4fd561a7-c68e-4b7b-8522-9b2fe9ab99f3/dcwbage-00ede5a5-0084-47bf-93bc-2c22e813196f.png 636w&quot; sizes=&quot;106px&quot;&gt;&lt;/a&gt;&lt;/span&gt;&lt;!-- ^TTT --&gt;&lt;!-- TTT$ --&gt;&lt;/span&gt;&amp;nbsp;&lt;span class=&quot;shadow-holder&quot; data-embed-type=&quot;deviation&quot; data-embed-id=&quot;772451269&quot; data-embed-format=&quot;thumb&quot;&gt;&lt;span class=&quot;shadow mild&quot; &gt;&lt;a class=&quot;thumb&quot; href=&quot;https://www.deviantart.com/nicetsukichi/art/Again-772451269&quot; title=&quot;Again?! by nicetsukichi, Nov 14, 2018 in Manga &amp;amp; Anime &amp;gt; Digital Media &amp;gt; Paintings&quot;data-super-img=&quot;https://images-wixmp-ed30a86b8c4ca887773594c2.wixmp.com/intermediary/f/4fd561a7-c68e-4b7b-8522-9b2fe9ab99f3/dcrwb7p-f0308c3c-2191-43d5-9393-b96042d01d0d.png&quot; data-super-width=&quot;636&quot; data-super-height=&quot;900&quot; data-super-transparent=&quot;false&quot; data-super-alt=&quot;Again?! by nicetsukichi&quot; data-super-full-img=&quot;https://images-wixmp-ed30a86b8c4ca887773594c2.wixmp.com/intermediary/f/4fd561a7-c68e-4b7b-8522-9b2fe9ab99f3/dcrwb7p-f0308c3c-2191-43d5-9393-b96042d01d0d.png&quot; data-super-full-width=&quot;636&quot; data-super-full-height=&quot;900&quot;        data-sigil=&quot;thumb&quot;&gt;
        &lt;i&gt;&lt;/i&gt;&lt;img   width=&quot;106&quot; height=&quot;150&quot; alt=&quot;Again?! by nicetsukichi&quot; src=&quot;https://images-wixmp-ed30a86b8c4ca887773594c2.wixmp.com/intermediary/f/4fd561a7-c68e-4b7b-8522-9b2fe9ab99f3/dcrwb7p-f0308c3c-2191-43d5-9393-b96042d01d0d.png/v1/fit/w_150,h_150,q_70,strp/again___by_nicetsukichi_dcrwb7p-150.jpg&quot; data-src=&quot;https://images-wixmp-ed30a86b8c4ca887773594c2.wixmp.com/intermediary/f/4fd561a7-c68e-4b7b-8522-9b2fe9ab99f3/dcrwb7p-f0308c3c-2191-43d5-9393-b96042d01d0d.png/v1/fit/w_150,h_150,q_70,strp/again___by_nicetsukichi_dcrwb7p-150.jpg&quot; srcset=&quot;https://images-wixmp-ed30a86b8c4ca887773594c2.wixmp.com/intermediary/f/4fd561a7-c68e-4b7b-8522-9b2fe9ab99f3/dcrwb7p-f0308c3c-2191-43d5-9393-b96042d01d0d.png/v1/fit/w_150,h_150,q_70,strp/again___by_nicetsukichi_dcrwb7p-150.jpg 106w,https://images-wixmp-ed30a86b8c4ca887773594c2.wixmp.com/intermediary/f/4fd561a7-c68e-4b7b-8522-9b2fe9ab99f3/dcrwb7p-f0308c3c-2191-43d5-9393-b96042d01d0d.png/v1/fill/w_177,h_250,q_70,strp/again___by_nicetsukichi_dcrwb7p-250t.jpg 177w,https://images-wixmp-ed30a86b8c4ca887773594c2.wixmp.com/intermediary/f/4fd561a7-c68e-4b7b-8522-9b2fe9ab99f3/dcrwb7p-f0308c3c-2191-43d5-9393-b96042d01d0d.png/v1/fill/w_247,h_350,q_70,strp/again___by_nicetsukichi_dcrwb7p-350t.jpg 247w,https://images-wixmp-ed30a86b8c4ca887773594c2.wixmp.com/intermediary/f/4fd561a7-c68e-4b7b-8522-9b2fe9ab99f3/dcrwb7p-f0308c3c-2191-43d5-9393-b96042d01d0d.png/v1/fill/w_283,h_400,q_70,strp/again___by_nicetsukichi_dcrwb7p-400t.jpg 283w,https://images-wixmp-ed30a86b8c4ca887773594c2.wixmp.com/intermediary/f/4fd561a7-c68e-4b7b-8522-9b2fe9ab99f3/dcrwb7p-f0308c3c-2191-43d5-9393-b96042d01d0d.png 636w&quot; sizes=&quot;106px&quot;&gt;&lt;/a&gt;&lt;/span&gt;&lt;!-- ^TTT --&gt;&lt;!-- TTT$ --&gt;&lt;/span&gt;&amp;nbsp;&lt;span class=&quot;shadow-holder&quot; data-embed-type=&quot;deviation&quot; data-embed-id=&quot;768827418&quot; data-embed-format=&quot;thumb&quot;&gt;&lt;span class=&quot;shadow mild&quot; &gt;&lt;a class=&quot;thumb&quot; href=&quot;https://www.deviantart.com/nicetsukichi/art/Let-s-Hunt-768827418&quot; title=&quot;Let&amp;#039;s Hunt! by nicetsukichi, Oct 18, 2018 in Fan Art &amp;gt; Manga &amp;amp; Anime &amp;gt; Digital &amp;gt; Movies &amp;amp; TV&quot;data-super-img=&quot;https://images-wixmp-ed30a86b8c4ca887773594c2.wixmp.com/intermediary/f/4fd561a7-c68e-4b7b-8522-9b2fe9ab99f3/dcpqn16-2e19ed34-d144-4399-a37e-f96859699634.png&quot; data-super-width=&quot;636&quot; data-super-height=&quot;900&quot; data-super-transparent=&quot;false&quot; data-super-alt=&quot;Let&amp;#039;s Hunt! by nicetsukichi&quot; data-super-full-img=&quot;https://images-wixmp-ed30a86b8c4ca887773594c2.wixmp.com/intermediary/f/4fd561a7-c68e-4b7b-8522-9b2fe9ab99f3/dcpqn16-2e19ed34-d144-4399-a37e-f96859699634.png&quot; data-super-full-width=&quot;636&quot; data-super-full-height=&quot;900&quot;        data-sigil=&quot;thumb&quot;&gt;
        &lt;i&gt;&lt;/i&gt;&lt;img   width=&quot;106&quot; height=&quot;150&quot; alt=&quot;Let&amp;#039;s Hunt! by nicetsukichi&quot; src=&quot;https://images-wixmp-ed30a86b8c4ca887773594c2.wixmp.com/intermediary/f/4fd561a7-c68e-4b7b-8522-9b2fe9ab99f3/dcpqn16-2e19ed34-d144-4399-a37e-f96859699634.png/v1/fit/w_150,h_150,q_70,strp/let_s_hunt__by_nicetsukichi_dcpqn16-150.jpg&quot; data-src=&quot;https://images-wixmp-ed30a86b8c4ca887773594c2.wixmp.com/intermediary/f/4fd561a7-c68e-4b7b-8522-9b2fe9ab99f3/dcpqn16-2e19ed34-d144-4399-a37e-f96859699634.png/v1/fit/w_150,h_150,q_70,strp/let_s_hunt__by_nicetsukichi_dcpqn16-150.jpg&quot; srcset=&quot;https://images-wixmp-ed30a86b8c4ca887773594c2.wixmp.com/intermediary/f/4fd561a7-c68e-4b7b-8522-9b2fe9ab99f3/dcpqn16-2e19ed34-d144-4399-a37e-f96859699634.png/v1/fit/w_150,h_150,q_70,strp/let_s_hunt__by_nicetsukichi_dcpqn16-150.jpg 106w,https://images-wixmp-ed30a86b8c4ca887773594c2.wixmp.com/intermediary/f/4fd561a7-c68e-4b7b-8522-9b2fe9ab99f3/dcpqn16-2e19ed34-d144-4399-a37e-f96859699634.png/v1/fill/w_177,h_250,q_70,strp/let_s_hunt__by_nicetsukichi_dcpqn16-250t.jpg 177w,https://images-wixmp-ed30a86b8c4ca887773594c2.wixmp.com/intermediary/f/4fd561a7-c68e-4b7b-8522-9b2fe9ab99f3/dcpqn16-2e19ed34-d144-4399-a37e-f96859699634.png/v1/fill/w_247,h_350,q_70,strp/let_s_hunt__by_nicetsukichi_dcpqn16-350t.jpg 247w,https://images-wixmp-ed30a86b8c4ca887773594c2.wixmp.com/intermediary/f/4fd561a7-c68e-4b7b-8522-9b2fe9ab99f3/dcpqn16-2e19ed34-d144-4399-a37e-f96859699634.png/v1/fill/w_283,h_400,q_70,strp/let_s_hunt__by_nicetsukichi_dcpqn16-400t.jpg 283w,https://images-wixmp-ed30a86b8c4ca887773594c2.wixmp.com/intermediary/f/4fd561a7-c68e-4b7b-8522-9b2fe9ab99f3/dcpqn16-2e19ed34-d144-4399-a37e-f96859699634.png 636w&quot; sizes=&quot;106px&quot;&gt;&lt;/a&gt;&lt;/span&gt;&lt;!-- ^TTT --&gt;&lt;!-- TTT$ --&gt;&lt;/span&gt;&amp;nbsp;&lt;span class=&quot;shadow-holder&quot; data-embed-type=&quot;deviation&quot; data-embed-id=&quot;765043601&quot; data-embed-format=&quot;thumb&quot;&gt;&lt;span class=&quot;shadow mild&quot; &gt;&lt;a class=&quot;thumb&quot; href=&quot;https://www.deviantart.com/nicetsukichi/art/Duelist-of-Regality-765043601&quot; title=&quot;Duelist of Regality by nicetsukichi, Sep 22, 2018 in Manga &amp;amp; Anime &amp;gt; Digital Media &amp;gt; Paintings&quot;data-super-img=&quot;https://images-wixmp-ed30a86b8c4ca887773594c2.wixmp.com/intermediary/f/4fd561a7-c68e-4b7b-8522-9b2fe9ab99f3/dcnhjf5-8abff482-0674-4136-9729-7b89edb5e77c.png&quot; data-super-width=&quot;900&quot; data-super-height=&quot;636&quot; data-super-transparent=&quot;false&quot; data-super-alt=&quot;Duelist of Regality by nicetsukichi&quot; data-super-full-img=&quot;https://images-wixmp-ed30a86b8c4ca887773594c2.wixmp.com/intermediary/f/4fd561a7-c68e-4b7b-8522-9b2fe9ab99f3/dcnhjf5-8abff482-0674-4136-9729-7b89edb5e77c.png&quot; data-super-full-width=&quot;900&quot; data-super-full-height=&quot;636&quot;        data-sigil=&quot;thumb&quot;&gt;
        &lt;i&gt;&lt;/i&gt;&lt;img   width=&quot;150&quot; height=&quot;106&quot; alt=&quot;Duelist of Regality by nicetsukichi&quot; src=&quot;https://images-wixmp-ed30a86b8c4ca887773594c2.wixmp.com/intermediary/f/4fd561a7-c68e-4b7b-8522-9b2fe9ab99f3/dcnhjf5-8abff482-0674-4136-9729-7b89edb5e77c.png/v1/fit/w_150,h_150,q_70,strp/duelist_of_regality_by_nicetsukichi_dcnhjf5-150.jpg&quot; data-src=&quot;https://images-wixmp-ed30a86b8c4ca887773594c2.wixmp.com/intermediary/f/4fd561a7-c68e-4b7b-8522-9b2fe9ab99f3/dcnhjf5-8abff482-0674-4136-9729-7b89edb5e77c.png/v1/fit/w_150,h_150,q_70,strp/duelist_of_regality_by_nicetsukichi_dcnhjf5-150.jpg&quot; srcset=&quot;https://images-wixmp-ed30a86b8c4ca887773594c2.wixmp.com/intermediary/f/4fd561a7-c68e-4b7b-8522-9b2fe9ab99f3/dcnhjf5-8abff482-0674-4136-9729-7b89edb5e77c.png/v1/fit/w_150,h_150,q_70,strp/duelist_of_regality_by_nicetsukichi_dcnhjf5-150.jpg 150w,https://images-wixmp-ed30a86b8c4ca887773594c2.wixmp.com/intermediary/f/4fd561a7-c68e-4b7b-8522-9b2fe9ab99f3/dcnhjf5-8abff482-0674-4136-9729-7b89edb5e77c.png/v1/fill/w_354,h_250,q_70,strp/duelist_of_regality_by_nicetsukichi_dcnhjf5-250t.jpg 354w,https://images-wixmp-ed30a86b8c4ca887773594c2.wixmp.com/intermediary/f/4fd561a7-c68e-4b7b-8522-9b2fe9ab99f3/dcnhjf5-8abff482-0674-4136-9729-7b89edb5e77c.png/v1/fill/w_495,h_350,q_70,strp/duelist_of_regality_by_nicetsukichi_dcnhjf5-350t.jpg 495w,https://images-wixmp-ed30a86b8c4ca887773594c2.wixmp.com/intermediary/f/4fd561a7-c68e-4b7b-8522-9b2fe9ab99f3/dcnhjf5-8abff482-0674-4136-9729-7b89edb5e77c.png/v1/fill/w_566,h_400,q_70,strp/duelist_of_regality_by_nicetsukichi_dcnhjf5-400t.jpg 566w,https://images-wixmp-ed30a86b8c4ca887773594c2.wixmp.com/intermediary/f/4fd561a7-c68e-4b7b-8522-9b2fe9ab99f3/dcnhjf5-8abff482-0674-4136-9729-7b89edb5e77c.png 900w&quot; sizes=&quot;150px&quot;&gt;&lt;/a&gt;&lt;/span&gt;&lt;!-- ^TTT --&gt;&lt;!-- TTT$ --&gt;&lt;/span&gt;&amp;nbsp;&lt;span class=&quot;shadow-holder&quot; data-embed-type=&quot;deviation&quot; data-embed-id=&quot;764528695&quot; data-embed-format=&quot;thumb&quot;&gt;&lt;span class=&quot;shadow mild&quot; &gt;&lt;a class=&quot;thumb&quot; href=&quot;https://www.deviantart.com/nicetsukichi/art/Kiara-GT-764528695&quot; title=&quot;Kiara GT by nicetsukichi, Sep 19, 2018 in Manga &amp;amp; Anime &amp;gt; Digital Media &amp;gt; Paintings&quot;data-super-img=&quot;https://images-wixmp-ed30a86b8c4ca887773594c2.wixmp.com/intermediary/f/4fd561a7-c68e-4b7b-8522-9b2fe9ab99f3/dcn6i47-b01db2d1-b303-41e8-993d-a5761acd3e5c.png&quot; data-super-width=&quot;636&quot; data-super-height=&quot;900&quot; data-super-transparent=&quot;false&quot; data-super-alt=&quot;Kiara GT by nicetsukichi&quot; data-super-full-img=&quot;https://images-wixmp-ed30a86b8c4ca887773594c2.wixmp.com/intermediary/f/4fd561a7-c68e-4b7b-8522-9b2fe9ab99f3/dcn6i47-b01db2d1-b303-41e8-993d-a5761acd3e5c.png&quot; data-super-full-width=&quot;636&quot; data-super-full-height=&quot;900&quot;        data-sigil=&quot;thumb&quot;&gt;
        &lt;i&gt;&lt;/i&gt;&lt;img   width=&quot;106&quot; height=&quot;150&quot; alt=&quot;Kiara GT by nicetsukichi&quot; src=&quot;https://images-wixmp-ed30a86b8c4ca887773594c2.wixmp.com/intermediary/f/4fd561a7-c68e-4b7b-8522-9b2fe9ab99f3/dcn6i47-b01db2d1-b303-41e8-993d-a5761acd3e5c.png/v1/fit/w_150,h_150,q_70,strp/kiara_gt_by_nicetsukichi_dcn6i47-150.jpg&quot; data-src=&quot;https://images-wixmp-ed30a86b8c4ca887773594c2.wixmp.com/intermediary/f/4fd561a7-c68e-4b7b-8522-9b2fe9ab99f3/dcn6i47-b01db2d1-b303-41e8-993d-a5761acd3e5c.png/v1/fit/w_150,h_150,q_70,strp/kiara_gt_by_nicetsukichi_dcn6i47-150.jpg&quot; srcset=&quot;https://images-wixmp-ed30a86b8c4ca887773594c2.wixmp.com/intermediary/f/4fd561a7-c68e-4b7b-8522-9b2fe9ab99f3/dcn6i47-b01db2d1-b303-41e8-993d-a5761acd3e5c.png/v1/fit/w_150,h_150,q_70,strp/kiara_gt_by_nicetsukichi_dcn6i47-150.jpg 106w,https://images-wixmp-ed30a86b8c4ca887773594c2.wixmp.com/intermediary/f/4fd561a7-c68e-4b7b-8522-9b2fe9ab99f3/dcn6i47-b01db2d1-b303-41e8-993d-a5761acd3e5c.png/v1/fill/w_177,h_250,q_70,strp/kiara_gt_by_nicetsukichi_dcn6i47-250t.jpg 177w,https://images-wixmp-ed30a86b8c4ca887773594c2.wixmp.com/intermediary/f/4fd561a7-c68e-4b7b-8522-9b2fe9ab99f3/dcn6i47-b01db2d1-b303-41e8-993d-a5761acd3e5c.png/v1/fill/w_247,h_350,q_70,strp/kiara_gt_by_nicetsukichi_dcn6i47-350t.jpg 247w,https://images-wixmp-ed30a86b8c4ca887773594c2.wixmp.com/intermediary/f/4fd561a7-c68e-4b7b-8522-9b2fe9ab99f3/dcn6i47-b01db2d1-b303-41e8-993d-a5761acd3e5c.png/v1/fill/w_283,h_400,q_70,strp/kiara_gt_by_nicetsukichi_dcn6i47-400t.jpg 283w,https://images-wixmp-ed30a86b8c4ca887773594c2.wixmp.com/intermediary/f/4fd561a7-c68e-4b7b-8522-9b2fe9ab99f3/dcn6i47-b01db2d1-b303-41e8-993d-a5761acd3e5c.png 636w&quot; sizes=&quot;106px&quot;&gt;&lt;/a&gt;&lt;/span&gt;&lt;!-- ^TTT --&gt;&lt;!-- TTT$ --&gt;&lt;/span&gt;&amp;nbsp;&lt;span&gt;&amp;nbsp;&lt;/span&gt;&lt;span&gt; &lt;/span&gt;&lt;span&gt;&lt;/span&gt;&lt;span&gt;&lt;br /&gt;&lt;/span&gt;&lt;/div&gt;</media:description>            <media:thumbnail url="https://t00.deviantart.net/mcWcP0d4MetLWlPFNGRIo1LJ9fI=/fit-in/150x150/filters:no_upscale():origin()/pre00/7bad/th/pre/f/2019/030/e/1/namine_by_nicetsukichi-dcyfhgx.png" height="106" width="150"/>            <media:thumbnail url="https://t00.deviantart.net/TUmlwhag1OPA8L-HSLsGRonhahs=/fit-in/300x900/filters:no_upscale():origin()/pre00/7bad/th/pre/f/2019/030/e/1/namine_by_nicetsukichi-dcyfhgx.png" height="212" width="300"/>            <media:thumbnail url="https://t00.deviantart.net/5SLlxDNZ66MZVDV_V0JegbA5tug=/300x200/filters:fixed_height(100,100):origin()/pre00/7bad/th/pre/f/2019/030/e/1/namine_by_nicetsukichi-dcyfhgx.png" height="200" width="283"/>            <media:content url="https://orig00.deviantart.net/990f/f/2019/030/e/1/namine_by_nicetsukichi-dcyfhgx.png" height="636" width="900" medium="image"/>            
            <description>&lt;div&gt;&lt;span&gt;&lt;a href=&quot;https://www.deviantart.com/ichigocandii/art/Pink-wing-left-615240578&quot; class=&quot;emoticon&quot; data-embed-type=&quot;emoticon&quot; data-embed-id=&quot;615240578&quot; data-embed-profile=&quot;deviation&quot;&gt;&lt;img src=&quot;https://orig00.deviantart.net/0ec2/f/2016/165/8/3/pink_wing_left_by_ichigocandii-da6aqo2.gif&quot; alt=&quot;Pink wing left&quot; style=&quot;width:16px;height:17px&quot;&gt;&lt;/a&gt;&amp;nbsp;&lt;/span&gt;&lt;code&gt;&lt;a href=&quot;http://fav.me/d4iw1ng&quot;&gt;Commission Information&lt;/a&gt;&amp;nbsp;&lt;/code&gt;&lt;span&gt;|&amp;nbsp;&lt;img src=&quot;https://e.deviantart.net/emoticons/g/googleplus1.gif&quot; alt=&quot;Google+&quot; style=&quot;width: 16px; height: 16px;&quot; data-embed-type=&quot;emoticon&quot; data-embed-id=&quot;615&quot;&gt;&amp;nbsp;&lt;/span&gt;&lt;span&gt;&lt;a class=&quot;external&quot; href=&quot;https://www.deviantart.com/users/outgoing?https://plus.google.com/u/0/+nicetsukichi&quot;&gt;Google+&lt;/a&gt;&amp;nbsp; |&amp;nbsp;&lt;a href=&quot;https://www.deviantart.com/cherushimetsumari/art/facebook-537756153&quot; class=&quot;emoticon&quot; data-embed-type=&quot;emoticon&quot; data-embed-id=&quot;537756153&quot; data-embed-profile=&quot;deviation&quot;&gt;&lt;img src=&quot;https://images-wixmp-ed30a86b8c4ca887773594c2.wixmp.com/intermediary/f/91df458d-5ec8-4ebb-a30e-328d4fd1ea22/d8w5zax-47010060-a718-4836-8db2-3ca3550ddf11.png&quot; alt=&quot;:facebook:&quot; style=&quot;width:16px;height:16px&quot;&gt;&lt;/a&gt;&amp;nbsp;&lt;a class=&quot;external&quot; href=&quot;https://www.deviantart.com/users/outgoing?https://www.facebook.com/nicetsukichiartwork&quot;&gt;Facebook&lt;/a&gt;&amp;nbsp; |&amp;nbsp;&lt;a href=&quot;https://www.deviantart.com/poserfan/art/Instagram-Icon-414445438&quot; class=&quot;emoticon&quot; data-embed-type=&quot;emoticon&quot; data-embed-id=&quot;414445438&quot; data-embed-profile=&quot;deviation&quot;&gt;&lt;img src=&quot;https://orig00.deviantart.net/efae/f/2013/326/f/3/instagram_icon_by_poserfan-d6ur05a.gif&quot; alt=&quot;Instagram Icon&quot; style=&quot;width:16px;height:16px&quot;&gt;&lt;/a&gt;&amp;nbsp;&lt;a class=&quot;external&quot; href=&quot;https://www.deviantart.com/users/outgoing?http://instagram.com/nicetsukichi&quot;&gt;Instagram&lt;/a&gt;&amp;nbsp; |&amp;nbsp;&lt;a href=&quot;https://www.deviantart.com/vampirehelenaharper/art/YouTube-Icon-530921372&quot; class=&quot;emoticon&quot; data-embed-type=&quot;emoticon&quot; data-embed-id=&quot;530921372&quot; data-embed-profile=&quot;deviation&quot;&gt;&lt;img src=&quot;https://images-wixmp-ed30a86b8c4ca887773594c2.wixmp.com/intermediary/f/80bda55e-e860-4969-8f37-9e9d51e43927/d8s3hjw-b4c05150-baba-4ad3-bea8-b4870929a06d.png&quot; alt=&quot;YouTube Icon&quot; style=&quot;width:16px;height:16px&quot;&gt;&lt;/a&gt;&amp;nbsp;&amp;nbsp;&lt;a class=&quot;external&quot; href=&quot;https://www.deviantart.com/users/outgoing?https://www.youtube.com/channel/UCJ3ZmBt10mFUo6sH-UycEkQ&quot;&gt;Youtube&lt;/a&gt;&amp;nbsp; &lt;br /&gt;&lt;/span&gt;&lt;/div&gt;&lt;div&gt;&lt;span&gt;&lt;br /&gt;&lt;/span&gt;&lt;/div&gt;&lt;div&gt;&lt;span&gt;&lt;/span&gt;&lt;b&gt;KINGDOM HEARTS 3 IS FINALLY OUT!&lt;/b&gt; And here is my artwork Namine for you &lt;img src=&quot;https://e.deviantart.net/emoticons/h/heart.gif&quot; width=&quot;15&quot; height=&quot;13&quot; alt=&quot;:heart:&quot; data-embed-type=&quot;emoticon&quot; data-embed-id=&quot;357&quot; title=&quot;Heart&quot;/&gt;&lt;br /&gt;&lt;/div&gt;&lt;div&gt;&lt;br /&gt;&lt;/div&gt;&lt;div&gt;This artwork is my old work for Kingdom Hearts Fanbook I&#039;ve worked with other awesome artists!!&lt;/div&gt;&lt;div&gt;&lt;br /&gt;&lt;/div&gt;&lt;div&gt;Each artwork based on KH Soundtracks! For more details, please check the website&lt;/div&gt;&lt;div&gt;&lt;br /&gt;&lt;/div&gt;&lt;div&gt;&lt;b&gt;&lt;a class=&quot;external&quot; href=&quot;https://www.deviantart.com/users/outgoing?https://khreprisezine.carrd.co/&quot;&gt;khreprisezine.carrd.co/&lt;/a&gt;&lt;/b&gt;&lt;/div&gt;&lt;div&gt;&lt;b&gt;&lt;br /&gt;&lt;/b&gt;&lt;/div&gt;&lt;div&gt;&lt;em&gt;&lt;/em&gt;&lt;span&gt;&lt;span class=&quot;shadow-holder&quot; data-embed-type=&quot;deviation&quot; data-embed-id=&quot;183088083&quot; data-embed-format=&quot;thumb&quot;&gt;&lt;span class=&quot;shadow mild&quot; &gt;&lt;a class=&quot;thumb&quot; href=&quot;https://www.deviantart.com/sophibelle/art/Copyright-Statement-1-183088083&quot; title=&quot;Copyright Statement 1 by Sophibelle, Oct 18, 2010 in Scraps&quot;data-super-img=&quot;https://images-wixmp-ed30a86b8c4ca887773594c2.wixmp.com/intermediary/f/1bd72350-8675-445a-85f0-589931a4f7eb/d3107o3-9a4142d7-67bc-4d9e-bd37-6cdd80dcd356.png&quot; data-super-width=&quot;144&quot; data-super-height=&quot;65&quot; data-super-transparent=&quot;true&quot; data-super-alt=&quot;Copyright Statement 1 by Sophibelle&quot; data-super-full-img=&quot;https://images-wixmp-ed30a86b8c4ca887773594c2.wixmp.com/intermediary/f/1bd72350-8675-445a-85f0-589931a4f7eb/d3107o3-9a4142d7-67bc-4d9e-bd37-6cdd80dcd356.png&quot; data-super-full-width=&quot;144&quot; data-super-full-height=&quot;65&quot;        data-sigil=&quot;thumb&quot;&gt;
        &lt;i&gt;&lt;/i&gt;&lt;img   width=&quot;144&quot; height=&quot;65&quot; alt=&quot;Copyright Statement 1 by Sophibelle&quot; src=&quot;https://images-wixmp-ed30a86b8c4ca887773594c2.wixmp.com/intermediary/f/1bd72350-8675-445a-85f0-589931a4f7eb/d3107o3-9a4142d7-67bc-4d9e-bd37-6cdd80dcd356.png&quot; data-src=&quot;https://images-wixmp-ed30a86b8c4ca887773594c2.wixmp.com/intermediary/f/1bd72350-8675-445a-85f0-589931a4f7eb/d3107o3-9a4142d7-67bc-4d9e-bd37-6cdd80dcd356.png&quot; srcset=&quot;https://images-wixmp-ed30a86b8c4ca887773594c2.wixmp.com/intermediary/f/1bd72350-8675-445a-85f0-589931a4f7eb/d3107o3-9a4142d7-67bc-4d9e-bd37-6cdd80dcd356.png 144w&quot; sizes=&quot;144px&quot;&gt;&lt;/a&gt;&lt;/span&gt;&lt;!-- ^TTT --&gt;&lt;!-- TTT$ --&gt;&lt;/span&gt;&lt;br /&gt;&lt;br /&gt;&lt;/span&gt;&lt;span&gt;---------------------------------------------------------&lt;/span&gt;&lt;br /&gt;&lt;br /&gt;&lt;span&gt;&amp;#10009; Feature Newest works &amp;#10009;&lt;/span&gt;&lt;br /&gt;&lt;br /&gt;&lt;span class=&quot;shadow-holder&quot; data-embed-type=&quot;deviation&quot; data-embed-id=&quot;779868590&quot; data-embed-format=&quot;thumb&quot;&gt;&lt;span class=&quot;shadow mild&quot; &gt;&lt;a class=&quot;thumb&quot; href=&quot;https://www.deviantart.com/nicetsukichi/art/Crimson-Lily-779868590&quot; title=&quot;Crimson Lily by nicetsukichi, Jan 6, 2019 in Manga &amp;amp; Anime &amp;gt; Digital Media &amp;gt; Paintings&quot;data-super-img=&quot;https://images-wixmp-ed30a86b8c4ca887773594c2.wixmp.com/intermediary/f/4fd561a7-c68e-4b7b-8522-9b2fe9ab99f3/dcwbage-00ede5a5-0084-47bf-93bc-2c22e813196f.png&quot; data-super-width=&quot;636&quot; data-super-height=&quot;900&quot; data-super-transparent=&quot;false&quot; data-super-alt=&quot;Crimson Lily by nicetsukichi&quot; data-super-full-img=&quot;https://images-wixmp-ed30a86b8c4ca887773594c2.wixmp.com/intermediary/f/4fd561a7-c68e-4b7b-8522-9b2fe9ab99f3/dcwbage-00ede5a5-0084-47bf-93bc-2c22e813196f.png&quot; data-super-full-width=&quot;636&quot; data-super-full-height=&quot;900&quot;        data-sigil=&quot;thumb&quot;&gt;
        &lt;i&gt;&lt;/i&gt;&lt;img   width=&quot;106&quot; height=&quot;150&quot; alt=&quot;Crimson Lily by nicetsukichi&quot; src=&quot;https://images-wixmp-ed30a86b8c4ca887773594c2.wixmp.com/intermediary/f/4fd561a7-c68e-4b7b-8522-9b2fe9ab99f3/dcwbage-00ede5a5-0084-47bf-93bc-2c22e813196f.png/v1/fit/w_150,h_150,q_70,strp/crimson_lily_by_nicetsukichi_dcwbage-150.jpg&quot; data-src=&quot;https://images-wixmp-ed30a86b8c4ca887773594c2.wixmp.com/intermediary/f/4fd561a7-c68e-4b7b-8522-9b2fe9ab99f3/dcwbage-00ede5a5-0084-47bf-93bc-2c22e813196f.png/v1/fit/w_150,h_150,q_70,strp/crimson_lily_by_nicetsukichi_dcwbage-150.jpg&quot; srcset=&quot;https://images-wixmp-ed30a86b8c4ca887773594c2.wixmp.com/intermediary/f/4fd561a7-c68e-4b7b-8522-9b2fe9ab99f3/dcwbage-00ede5a5-0084-47bf-93bc-2c22e813196f.png/v1/fit/w_150,h_150,q_70,strp/crimson_lily_by_nicetsukichi_dcwbage-150.jpg 106w,https://images-wixmp-ed30a86b8c4ca887773594c2.wixmp.com/intermediary/f/4fd561a7-c68e-4b7b-8522-9b2fe9ab99f3/dcwbage-00ede5a5-0084-47bf-93bc-2c22e813196f.png/v1/fill/w_177,h_250,q_70,strp/crimson_lily_by_nicetsukichi_dcwbage-250t.jpg 177w,https://images-wixmp-ed30a86b8c4ca887773594c2.wixmp.com/intermediary/f/4fd561a7-c68e-4b7b-8522-9b2fe9ab99f3/dcwbage-00ede5a5-0084-47bf-93bc-2c22e813196f.png/v1/fill/w_247,h_350,q_70,strp/crimson_lily_by_nicetsukichi_dcwbage-350t.jpg 247w,https://images-wixmp-ed30a86b8c4ca887773594c2.wixmp.com/intermediary/f/4fd561a7-c68e-4b7b-8522-9b2fe9ab99f3/dcwbage-00ede5a5-0084-47bf-93bc-2c22e813196f.png/v1/fill/w_283,h_400,q_70,strp/crimson_lily_by_nicetsukichi_dcwbage-400t.jpg 283w,https://images-wixmp-ed30a86b8c4ca887773594c2.wixmp.com/intermediary/f/4fd561a7-c68e-4b7b-8522-9b2fe9ab99f3/dcwbage-00ede5a5-0084-47bf-93bc-2c22e813196f.png 636w&quot; sizes=&quot;106px&quot;&gt;&lt;/a&gt;&lt;/span&gt;&lt;!-- ^TTT --&gt;&lt;!-- TTT$ --&gt;&lt;/span&gt;&amp;nbsp;&lt;span class=&quot;shadow-holder&quot; data-embed-type=&quot;deviation&quot; data-embed-id=&quot;772451269&quot; data-embed-format=&quot;thumb&quot;&gt;&lt;span class=&quot;shadow mild&quot; &gt;&lt;a class=&quot;thumb&quot; href=&quot;https://www.deviantart.com/nicetsukichi/art/Again-772451269&quot; title=&quot;Again?! by nicetsukichi, Nov 14, 2018 in Manga &amp;amp; Anime &amp;gt; Digital Media &amp;gt; Paintings&quot;data-super-img=&quot;https://images-wixmp-ed30a86b8c4ca887773594c2.wixmp.com/intermediary/f/4fd561a7-c68e-4b7b-8522-9b2fe9ab99f3/dcrwb7p-f0308c3c-2191-43d5-9393-b96042d01d0d.png&quot; data-super-width=&quot;636&quot; data-super-height=&quot;900&quot; data-super-transparent=&quot;false&quot; data-super-alt=&quot;Again?! by nicetsukichi&quot; data-super-full-img=&quot;https://images-wixmp-ed30a86b8c4ca887773594c2.wixmp.com/intermediary/f/4fd561a7-c68e-4b7b-8522-9b2fe9ab99f3/dcrwb7p-f0308c3c-2191-43d5-9393-b96042d01d0d.png&quot; data-super-full-width=&quot;636&quot; data-super-full-height=&quot;900&quot;        data-sigil=&quot;thumb&quot;&gt;
        &lt;i&gt;&lt;/i&gt;&lt;img   width=&quot;106&quot; height=&quot;150&quot; alt=&quot;Again?! by nicetsukichi&quot; src=&quot;https://images-wixmp-ed30a86b8c4ca887773594c2.wixmp.com/intermediary/f/4fd561a7-c68e-4b7b-8522-9b2fe9ab99f3/dcrwb7p-f0308c3c-2191-43d5-9393-b96042d01d0d.png/v1/fit/w_150,h_150,q_70,strp/again___by_nicetsukichi_dcrwb7p-150.jpg&quot; data-src=&quot;https://images-wixmp-ed30a86b8c4ca887773594c2.wixmp.com/intermediary/f/4fd561a7-c68e-4b7b-8522-9b2fe9ab99f3/dcrwb7p-f0308c3c-2191-43d5-9393-b96042d01d0d.png/v1/fit/w_150,h_150,q_70,strp/again___by_nicetsukichi_dcrwb7p-150.jpg&quot; srcset=&quot;https://images-wixmp-ed30a86b8c4ca887773594c2.wixmp.com/intermediary/f/4fd561a7-c68e-4b7b-8522-9b2fe9ab99f3/dcrwb7p-f0308c3c-2191-43d5-9393-b96042d01d0d.png/v1/fit/w_150,h_150,q_70,strp/again___by_nicetsukichi_dcrwb7p-150.jpg 106w,https://images-wixmp-ed30a86b8c4ca887773594c2.wixmp.com/intermediary/f/4fd561a7-c68e-4b7b-8522-9b2fe9ab99f3/dcrwb7p-f0308c3c-2191-43d5-9393-b96042d01d0d.png/v1/fill/w_177,h_250,q_70,strp/again___by_nicetsukichi_dcrwb7p-250t.jpg 177w,https://images-wixmp-ed30a86b8c4ca887773594c2.wixmp.com/intermediary/f/4fd561a7-c68e-4b7b-8522-9b2fe9ab99f3/dcrwb7p-f0308c3c-2191-43d5-9393-b96042d01d0d.png/v1/fill/w_247,h_350,q_70,strp/again___by_nicetsukichi_dcrwb7p-350t.jpg 247w,https://images-wixmp-ed30a86b8c4ca887773594c2.wixmp.com/intermediary/f/4fd561a7-c68e-4b7b-8522-9b2fe9ab99f3/dcrwb7p-f0308c3c-2191-43d5-9393-b96042d01d0d.png/v1/fill/w_283,h_400,q_70,strp/again___by_nicetsukichi_dcrwb7p-400t.jpg 283w,https://images-wixmp-ed30a86b8c4ca887773594c2.wixmp.com/intermediary/f/4fd561a7-c68e-4b7b-8522-9b2fe9ab99f3/dcrwb7p-f0308c3c-2191-43d5-9393-b96042d01d0d.png 636w&quot; sizes=&quot;106px&quot;&gt;&lt;/a&gt;&lt;/span&gt;&lt;!-- ^TTT --&gt;&lt;!-- TTT$ --&gt;&lt;/span&gt;&amp;nbsp;&lt;span class=&quot;shadow-holder&quot; data-embed-type=&quot;deviation&quot; data-embed-id=&quot;768827418&quot; data-embed-format=&quot;thumb&quot;&gt;&lt;span class=&quot;shadow mild&quot; &gt;&lt;a class=&quot;thumb&quot; href=&quot;https://www.deviantart.com/nicetsukichi/art/Let-s-Hunt-768827418&quot; title=&quot;Let&amp;#039;s Hunt! by nicetsukichi, Oct 18, 2018 in Fan Art &amp;gt; Manga &amp;amp; Anime &amp;gt; Digital &amp;gt; Movies &amp;amp; TV&quot;data-super-img=&quot;https://images-wixmp-ed30a86b8c4ca887773594c2.wixmp.com/intermediary/f/4fd561a7-c68e-4b7b-8522-9b2fe9ab99f3/dcpqn16-2e19ed34-d144-4399-a37e-f96859699634.png&quot; data-super-width=&quot;636&quot; data-super-height=&quot;900&quot; data-super-transparent=&quot;false&quot; data-super-alt=&quot;Let&amp;#039;s Hunt! by nicetsukichi&quot; data-super-full-img=&quot;https://images-wixmp-ed30a86b8c4ca887773594c2.wixmp.com/intermediary/f/4fd561a7-c68e-4b7b-8522-9b2fe9ab99f3/dcpqn16-2e19ed34-d144-4399-a37e-f96859699634.png&quot; data-super-full-width=&quot;636&quot; data-super-full-height=&quot;900&quot;        data-sigil=&quot;thumb&quot;&gt;
        &lt;i&gt;&lt;/i&gt;&lt;img   width=&quot;106&quot; height=&quot;150&quot; alt=&quot;Let&amp;#039;s Hunt! by nicetsukichi&quot; src=&quot;https://images-wixmp-ed30a86b8c4ca887773594c2.wixmp.com/intermediary/f/4fd561a7-c68e-4b7b-8522-9b2fe9ab99f3/dcpqn16-2e19ed34-d144-4399-a37e-f96859699634.png/v1/fit/w_150,h_150,q_70,strp/let_s_hunt__by_nicetsukichi_dcpqn16-150.jpg&quot; data-src=&quot;https://images-wixmp-ed30a86b8c4ca887773594c2.wixmp.com/intermediary/f/4fd561a7-c68e-4b7b-8522-9b2fe9ab99f3/dcpqn16-2e19ed34-d144-4399-a37e-f96859699634.png/v1/fit/w_150,h_150,q_70,strp/let_s_hunt__by_nicetsukichi_dcpqn16-150.jpg&quot; srcset=&quot;https://images-wixmp-ed30a86b8c4ca887773594c2.wixmp.com/intermediary/f/4fd561a7-c68e-4b7b-8522-9b2fe9ab99f3/dcpqn16-2e19ed34-d144-4399-a37e-f96859699634.png/v1/fit/w_150,h_150,q_70,strp/let_s_hunt__by_nicetsukichi_dcpqn16-150.jpg 106w,https://images-wixmp-ed30a86b8c4ca887773594c2.wixmp.com/intermediary/f/4fd561a7-c68e-4b7b-8522-9b2fe9ab99f3/dcpqn16-2e19ed34-d144-4399-a37e-f96859699634.png/v1/fill/w_177,h_250,q_70,strp/let_s_hunt__by_nicetsukichi_dcpqn16-250t.jpg 177w,https://images-wixmp-ed30a86b8c4ca887773594c2.wixmp.com/intermediary/f/4fd561a7-c68e-4b7b-8522-9b2fe9ab99f3/dcpqn16-2e19ed34-d144-4399-a37e-f96859699634.png/v1/fill/w_247,h_350,q_70,strp/let_s_hunt__by_nicetsukichi_dcpqn16-350t.jpg 247w,https://images-wixmp-ed30a86b8c4ca887773594c2.wixmp.com/intermediary/f/4fd561a7-c68e-4b7b-8522-9b2fe9ab99f3/dcpqn16-2e19ed34-d144-4399-a37e-f96859699634.png/v1/fill/w_283,h_400,q_70,strp/let_s_hunt__by_nicetsukichi_dcpqn16-400t.jpg 283w,https://images-wixmp-ed30a86b8c4ca887773594c2.wixmp.com/intermediary/f/4fd561a7-c68e-4b7b-8522-9b2fe9ab99f3/dcpqn16-2e19ed34-d144-4399-a37e-f96859699634.png 636w&quot; sizes=&quot;106px&quot;&gt;&lt;/a&gt;&lt;/span&gt;&lt;!-- ^TTT --&gt;&lt;!-- TTT$ --&gt;&lt;/span&gt;&amp;nbsp;&lt;span class=&quot;shadow-holder&quot; data-embed-type=&quot;deviation&quot; data-embed-id=&quot;765043601&quot; data-embed-format=&quot;thumb&quot;&gt;&lt;span class=&quot;shadow mild&quot; &gt;&lt;a class=&quot;thumb&quot; href=&quot;https://www.deviantart.com/nicetsukichi/art/Duelist-of-Regality-765043601&quot; title=&quot;Duelist of Regality by nicetsukichi, Sep 22, 2018 in Manga &amp;amp; Anime &amp;gt; Digital Media &amp;gt; Paintings&quot;data-super-img=&quot;https://images-wixmp-ed30a86b8c4ca887773594c2.wixmp.com/intermediary/f/4fd561a7-c68e-4b7b-8522-9b2fe9ab99f3/dcnhjf5-8abff482-0674-4136-9729-7b89edb5e77c.png&quot; data-super-width=&quot;900&quot; data-super-height=&quot;636&quot; data-super-transparent=&quot;false&quot; data-super-alt=&quot;Duelist of Regality by nicetsukichi&quot; data-super-full-img=&quot;https://images-wixmp-ed30a86b8c4ca887773594c2.wixmp.com/intermediary/f/4fd561a7-c68e-4b7b-8522-9b2fe9ab99f3/dcnhjf5-8abff482-0674-4136-9729-7b89edb5e77c.png&quot; data-super-full-width=&quot;900&quot; data-super-full-height=&quot;636&quot;        data-sigil=&quot;thumb&quot;&gt;
        &lt;i&gt;&lt;/i&gt;&lt;img   width=&quot;150&quot; height=&quot;106&quot; alt=&quot;Duelist of Regality by nicetsukichi&quot; src=&quot;https://images-wixmp-ed30a86b8c4ca887773594c2.wixmp.com/intermediary/f/4fd561a7-c68e-4b7b-8522-9b2fe9ab99f3/dcnhjf5-8abff482-0674-4136-9729-7b89edb5e77c.png/v1/fit/w_150,h_150,q_70,strp/duelist_of_regality_by_nicetsukichi_dcnhjf5-150.jpg&quot; data-src=&quot;https://images-wixmp-ed30a86b8c4ca887773594c2.wixmp.com/intermediary/f/4fd561a7-c68e-4b7b-8522-9b2fe9ab99f3/dcnhjf5-8abff482-0674-4136-9729-7b89edb5e77c.png/v1/fit/w_150,h_150,q_70,strp/duelist_of_regality_by_nicetsukichi_dcnhjf5-150.jpg&quot; srcset=&quot;https://images-wixmp-ed30a86b8c4ca887773594c2.wixmp.com/intermediary/f/4fd561a7-c68e-4b7b-8522-9b2fe9ab99f3/dcnhjf5-8abff482-0674-4136-9729-7b89edb5e77c.png/v1/fit/w_150,h_150,q_70,strp/duelist_of_regality_by_nicetsukichi_dcnhjf5-150.jpg 150w,https://images-wixmp-ed30a86b8c4ca887773594c2.wixmp.com/intermediary/f/4fd561a7-c68e-4b7b-8522-9b2fe9ab99f3/dcnhjf5-8abff482-0674-4136-9729-7b89edb5e77c.png/v1/fill/w_354,h_250,q_70,strp/duelist_of_regality_by_nicetsukichi_dcnhjf5-250t.jpg 354w,https://images-wixmp-ed30a86b8c4ca887773594c2.wixmp.com/intermediary/f/4fd561a7-c68e-4b7b-8522-9b2fe9ab99f3/dcnhjf5-8abff482-0674-4136-9729-7b89edb5e77c.png/v1/fill/w_495,h_350,q_70,strp/duelist_of_regality_by_nicetsukichi_dcnhjf5-350t.jpg 495w,https://images-wixmp-ed30a86b8c4ca887773594c2.wixmp.com/intermediary/f/4fd561a7-c68e-4b7b-8522-9b2fe9ab99f3/dcnhjf5-8abff482-0674-4136-9729-7b89edb5e77c.png/v1/fill/w_566,h_400,q_70,strp/duelist_of_regality_by_nicetsukichi_dcnhjf5-400t.jpg 566w,https://images-wixmp-ed30a86b8c4ca887773594c2.wixmp.com/intermediary/f/4fd561a7-c68e-4b7b-8522-9b2fe9ab99f3/dcnhjf5-8abff482-0674-4136-9729-7b89edb5e77c.png 900w&quot; sizes=&quot;150px&quot;&gt;&lt;/a&gt;&lt;/span&gt;&lt;!-- ^TTT --&gt;&lt;!-- TTT$ --&gt;&lt;/span&gt;&amp;nbsp;&lt;span class=&quot;shadow-holder&quot; data-embed-type=&quot;deviation&quot; data-embed-id=&quot;764528695&quot; data-embed-format=&quot;thumb&quot;&gt;&lt;span class=&quot;shadow mild&quot; &gt;&lt;a class=&quot;thumb&quot; href=&quot;https://www.deviantart.com/nicetsukichi/art/Kiara-GT-764528695&quot; title=&quot;Kiara GT by nicetsukichi, Sep 19, 2018 in Manga &amp;amp; Anime &amp;gt; Digital Media &amp;gt; Paintings&quot;data-super-img=&quot;https://images-wixmp-ed30a86b8c4ca887773594c2.wixmp.com/intermediary/f/4fd561a7-c68e-4b7b-8522-9b2fe9ab99f3/dcn6i47-b01db2d1-b303-41e8-993d-a5761acd3e5c.png&quot; data-super-width=&quot;636&quot; data-super-height=&quot;900&quot; data-super-transparent=&quot;false&quot; data-super-alt=&quot;Kiara GT by nicetsukichi&quot; data-super-full-img=&quot;https://images-wixmp-ed30a86b8c4ca887773594c2.wixmp.com/intermediary/f/4fd561a7-c68e-4b7b-8522-9b2fe9ab99f3/dcn6i47-b01db2d1-b303-41e8-993d-a5761acd3e5c.png&quot; data-super-full-width=&quot;636&quot; data-super-full-height=&quot;900&quot;        data-sigil=&quot;thumb&quot;&gt;
        &lt;i&gt;&lt;/i&gt;&lt;img   width=&quot;106&quot; height=&quot;150&quot; alt=&quot;Kiara GT by nicetsukichi&quot; src=&quot;https://images-wixmp-ed30a86b8c4ca887773594c2.wixmp.com/intermediary/f/4fd561a7-c68e-4b7b-8522-9b2fe9ab99f3/dcn6i47-b01db2d1-b303-41e8-993d-a5761acd3e5c.png/v1/fit/w_150,h_150,q_70,strp/kiara_gt_by_nicetsukichi_dcn6i47-150.jpg&quot; data-src=&quot;https://images-wixmp-ed30a86b8c4ca887773594c2.wixmp.com/intermediary/f/4fd561a7-c68e-4b7b-8522-9b2fe9ab99f3/dcn6i47-b01db2d1-b303-41e8-993d-a5761acd3e5c.png/v1/fit/w_150,h_150,q_70,strp/kiara_gt_by_nicetsukichi_dcn6i47-150.jpg&quot; srcset=&quot;https://images-wixmp-ed30a86b8c4ca887773594c2.wixmp.com/intermediary/f/4fd561a7-c68e-4b7b-8522-9b2fe9ab99f3/dcn6i47-b01db2d1-b303-41e8-993d-a5761acd3e5c.png/v1/fit/w_150,h_150,q_70,strp/kiara_gt_by_nicetsukichi_dcn6i47-150.jpg 106w,https://images-wixmp-ed30a86b8c4ca887773594c2.wixmp.com/intermediary/f/4fd561a7-c68e-4b7b-8522-9b2fe9ab99f3/dcn6i47-b01db2d1-b303-41e8-993d-a5761acd3e5c.png/v1/fill/w_177,h_250,q_70,strp/kiara_gt_by_nicetsukichi_dcn6i47-250t.jpg 177w,https://images-wixmp-ed30a86b8c4ca887773594c2.wixmp.com/intermediary/f/4fd561a7-c68e-4b7b-8522-9b2fe9ab99f3/dcn6i47-b01db2d1-b303-41e8-993d-a5761acd3e5c.png/v1/fill/w_247,h_350,q_70,strp/kiara_gt_by_nicetsukichi_dcn6i47-350t.jpg 247w,https://images-wixmp-ed30a86b8c4ca887773594c2.wixmp.com/intermediary/f/4fd561a7-c68e-4b7b-8522-9b2fe9ab99f3/dcn6i47-b01db2d1-b303-41e8-993d-a5761acd3e5c.png/v1/fill/w_283,h_400,q_70,strp/kiara_gt_by_nicetsukichi_dcn6i47-400t.jpg 283w,https://images-wixmp-ed30a86b8c4ca887773594c2.wixmp.com/intermediary/f/4fd561a7-c68e-4b7b-8522-9b2fe9ab99f3/dcn6i47-b01db2d1-b303-41e8-993d-a5761acd3e5c.png 636w&quot; sizes=&quot;106px&quot;&gt;&lt;/a&gt;&lt;/span&gt;&lt;!-- ^TTT --&gt;&lt;!-- TTT$ --&gt;&lt;/span&gt;&amp;nbsp;&lt;span&gt;&amp;nbsp;&lt;/span&gt;&lt;span&gt; &lt;/span&gt;&lt;span&gt;&lt;/span&gt;&lt;span&gt;&lt;br /&gt;&lt;/span&gt;&lt;/div&gt;&lt;br /&gt;&lt;div&gt;&lt;img src=&quot;https://t00.deviantart.net/5SLlxDNZ66MZVDV_V0JegbA5tug=/300x200/filters:fixed_height(100,100):origin()/pre00/7bad/th/pre/f/2019/030/e/1/namine_by_nicetsukichi-dcyfhgx.png&quot; alt=&quot;thumbnail&quot; /&gt;&lt;/div&gt;</description>            </item>
                    <item>
                <title>Diamond Planet</title>
                <link>https://riverspirit456.deviantart.com/art/Diamond-Planet-780416955</link>
                <guid isPermaLink="true">https://riverspirit456.deviantart.com/art/Diamond-Planet-780416955</guid>
                <pubDate>Tue, 29 Jan 2019 21:00:01 PST</pubDate>
                        <media:title type="plain">Diamond Planet</media:title>
        <media:keywords></media:keywords>
                        <media:rating>nonadult</media:rating>
                <media:category label="Drawings">manga/digital/drawings</media:category>
        <media:credit role="author" scheme="urn:ebu">RiverSpirit456</media:credit>
        <media:credit role="author" scheme="urn:ebu">https://a.deviantart.net/avatars/r/i/riverspirit456.jpg?15</media:credit>
        <media:copyright url="https://riverspirit456.deviantart.com">Copyright 2019 RiverSpirit456</media:copyright>            <media:description type="html">This was a commission from CancriGee! &lt;a target=&quot;_self&quot; href=&quot;https://www.deviantart.com/cancrigee&quot; &gt;&lt;img class=&quot;avatar&quot; width=&quot;50&quot; height=&quot;50&quot; src=&quot;https://a.deviantart.net/avatars/c/a/cancrigee.png?3&quot; alt=&quot;:iconcancrigee:&quot; title=&quot;CancriGee&quot; /&gt;&lt;/a&gt;&lt;br /&gt;&lt;br /&gt;Characters: Gyngee (brown she-cat), and Nameless (blue fox) &lt;br /&gt;&lt;br /&gt;The fox doesn&#039;t really have a name, haha!&lt;br /&gt;&lt;br /&gt;Birthday present for their girlfriend, so Happy Birthday!!! &lt;img src=&quot;https://e.deviantart.net/emoticons/b/biggrin.gif&quot; width=&quot;15&quot; height=&quot;15&quot; alt=&quot;:D&quot; data-embed-type=&quot;emoticon&quot; data-embed-id=&quot;366&quot; title=&quot;:D (Big Grin)&quot;/&gt;&lt;br /&gt;&lt;br /&gt;Hope you like it!&lt;br /&gt;&lt;br /&gt;Watch Speedpaint:&amp;nbsp;&lt;a class=&quot;external&quot; href=&quot;https://www.deviantart.com/users/outgoing?https://www.youtube.com/watch?v=BrNWdPO0aRs&quot;&gt;www.youtube.com/watch?v=BrNWdP&amp;hellip;&lt;/a&gt;</media:description>            <media:thumbnail url="https://t00.deviantart.net/hwFlArylUorQqrp4uValu_yfHGU=/fit-in/150x150/filters:no_upscale():origin()/pre00/8ca8/th/pre/f/2019/012/e/f/diamond_planet_by_riverspirit456-dcwn1kr.jpg" height="150" width="104"/>            <media:thumbnail url="https://t00.deviantart.net/EjTwqEEC1XWtIQJhrEW9BgUFUnU=/fit-in/300x900/filters:no_upscale():origin()/pre00/8ca8/th/pre/f/2019/012/e/f/diamond_planet_by_riverspirit456-dcwn1kr.jpg" height="435" width="300"/>            <media:thumbnail url="https://t00.deviantart.net/cvWFLmdwzaBV1G_OhIsfMJCiVVk=/300x200/filters:fixed_height(100,100):origin()/pre00/8ca8/th/pre/f/2019/012/e/f/diamond_planet_by_riverspirit456-dcwn1kr.jpg" height="200" width="138"/>            <media:content url="https://pre00.deviantart.net/8ca8/th/pre/f/2019/012/e/f/diamond_planet_by_riverspirit456-dcwn1kr.jpg" height="1076" width="743" medium="image"/>            
            <description>This was a commission from CancriGee! &lt;a target=&quot;_self&quot; href=&quot;https://www.deviantart.com/cancrigee&quot; &gt;&lt;img class=&quot;avatar&quot; width=&quot;50&quot; height=&quot;50&quot; src=&quot;https://a.deviantart.net/avatars/c/a/cancrigee.png?3&quot; alt=&quot;:iconcancrigee:&quot; title=&quot;CancriGee&quot; /&gt;&lt;/a&gt;&lt;br /&gt;&lt;br /&gt;Characters: Gyngee (brown she-cat), and Nameless (blue fox) &lt;br /&gt;&lt;br /&gt;The fox doesn&#039;t really have a name, haha!&lt;br /&gt;&lt;br /&gt;Birthday present for their girlfriend, so Happy Birthday!!! &lt;img src=&quot;https://e.deviantart.net/emoticons/b/biggrin.gif&quot; width=&quot;15&quot; height=&quot;15&quot; alt=&quot;:D&quot; data-embed-type=&quot;emoticon&quot; data-embed-id=&quot;366&quot; title=&quot;:D (Big Grin)&quot;/&gt;&lt;br /&gt;&lt;br /&gt;Hope you like it!&lt;br /&gt;&lt;br /&gt;Watch Speedpaint:&amp;nbsp;&lt;a class=&quot;external&quot; href=&quot;https://www.deviantart.com/users/outgoing?https://www.youtube.com/watch?v=BrNWdPO0aRs&quot;&gt;www.youtube.com/watch?v=BrNWdP&amp;hellip;&lt;/a&gt;&lt;br /&gt;&lt;div&gt;&lt;img src=&quot;https://t00.deviantart.net/cvWFLmdwzaBV1G_OhIsfMJCiVVk=/300x200/filters:fixed_height(100,100):origin()/pre00/8ca8/th/pre/f/2019/012/e/f/diamond_planet_by_riverspirit456-dcwn1kr.jpg&quot; alt=&quot;thumbnail&quot; /&gt;&lt;/div&gt;</description>            </item>
                    <item>
                <title>Bright Green Holly Dragon</title>
                <link>https://howmanydragons.deviantart.com/art/Bright-Green-Holly-Dragon-783352766</link>
                <guid isPermaLink="true">https://howmanydragons.deviantart.com/art/Bright-Green-Holly-Dragon-783352766</guid>
                <pubDate>Tue, 29 Jan 2019 18:00:00 PST</pubDate>
                        <media:title type="plain">Bright Green Holly Dragon</media:title>
        <media:keywords></media:keywords>
                        <media:rating>nonadult</media:rating>
                <media:category label="Fantasy">artisan/miniatures/fantasy</media:category>
        <media:credit role="author" scheme="urn:ebu">HowManyDragons</media:credit>
        <media:credit role="author" scheme="urn:ebu">https://a.deviantart.net/avatars/h/o/howmanydragons.gif?1</media:credit>
        <media:copyright url="https://howmanydragons.deviantart.com">Copyright 2019 HowManyDragons</media:copyright>            <media:description type="html">&lt;p&gt;Hi all! I know it&#039;s been a while. I always suffer a bit of burnout around Christmas time which tends to cause me to disappear for a while, and this year was no exception. Between the holidays, moving, and getting sick, it&#039;s been an eventful month, but I&#039;m feeling like working again, and so I&#039;m finally getting back into the swing of things.&lt;br /&gt;&lt;br /&gt;I know Christmas was over a month ago and this dragon is hardly relevant right now, but I really loved her design and wanted to share. I was working on a set of plant dragons over the summer, and thought it would be fun to make a Christmas-themed holly dragon. I love the contrast of the bright red berries against the various greens, and I worked in a bit of gold and red crystal as well. Really fun, I should give my dragons jewelry more often.&lt;br /&gt;&lt;br /&gt;Crafted from polymer clay, glass bugle beads, and Swarovski crystal elements. Sold.&lt;br /&gt;&lt;br /&gt;---&lt;br /&gt;&lt;br /&gt;Want to see how my dragons are made? I sculpt live every Tuesday night from 7-10pm Pacific. You are, as always, invited to stop by and say hi &lt;a class=&quot;external&quot; href=&quot;https://www.deviantart.com/users/outgoing?https://www.twitch.tv/howmanydragons&quot;&gt;over on Twitch&lt;/a&gt;. I&#039;d love to see you there!&lt;br /&gt;&lt;br /&gt;&lt;/p&gt;&lt;p&gt;&lt;b&gt;Plant dragons&lt;/b&gt;&lt;/p&gt;&lt;p&gt;&lt;/p&gt;&lt;p&gt;&lt;span class=&quot;shadow-holder&quot; data-embed-type=&quot;deviation&quot; data-embed-id=&quot;765547273&quot; data-embed-format=&quot;thumb&quot;&gt;&lt;span class=&quot;shadow mild&quot; &gt;&lt;a class=&quot;thumb&quot; href=&quot;https://www.deviantart.com/howmanydragons/art/Birch-Tree-Forest-Dragon-765547273&quot; title=&quot;Birch Tree Forest Dragon by HowManyDragons, Sep 25, 2018 in Artisan Crafts &amp;gt; Miniatures &amp;gt; Fantasy&quot;data-super-img=&quot;https://images-wixmp-ed30a86b8c4ca887773594c2.wixmp.com/intermediary/f/a250f928-a2af-47a2-a393-7fd19effdd74/dcnsc21-9dd3b837-4547-469a-9451-50de1ad14ddb.jpg/v1/fill/w_600,h_600,q_70,strp/birch_tree_forest_dragon_by_howmanydragons_dcnsc21-fullview.jpg&quot; data-super-width=&quot;600&quot; data-super-height=&quot;600&quot; data-super-transparent=&quot;false&quot; data-super-alt=&quot;Birch Tree Forest Dragon by HowManyDragons&quot; data-super-full-img=&quot;https://images-wixmp-ed30a86b8c4ca887773594c2.wixmp.com/intermediary/f/a250f928-a2af-47a2-a393-7fd19effdd74/dcnsc21-9dd3b837-4547-469a-9451-50de1ad14ddb.jpg/v1/fill/w_600,h_600,q_70,strp/birch_tree_forest_dragon_by_howmanydragons_dcnsc21-fullview.jpg&quot; data-super-full-width=&quot;600&quot; data-super-full-height=&quot;600&quot;        data-sigil=&quot;thumb&quot;&gt;
        &lt;i&gt;&lt;/i&gt;&lt;img   width=&quot;150&quot; height=&quot;150&quot; alt=&quot;Birch Tree Forest Dragon by HowManyDragons&quot; src=&quot;https://images-wixmp-ed30a86b8c4ca887773594c2.wixmp.com/intermediary/f/a250f928-a2af-47a2-a393-7fd19effdd74/dcnsc21-9dd3b837-4547-469a-9451-50de1ad14ddb.jpg/v1/fit/w_150,h_150,q_70,strp/birch_tree_forest_dragon_by_howmanydragons_dcnsc21-150.jpg&quot; data-src=&quot;https://images-wixmp-ed30a86b8c4ca887773594c2.wixmp.com/intermediary/f/a250f928-a2af-47a2-a393-7fd19effdd74/dcnsc21-9dd3b837-4547-469a-9451-50de1ad14ddb.jpg/v1/fit/w_150,h_150,q_70,strp/birch_tree_forest_dragon_by_howmanydragons_dcnsc21-150.jpg&quot; srcset=&quot;https://images-wixmp-ed30a86b8c4ca887773594c2.wixmp.com/intermediary/f/a250f928-a2af-47a2-a393-7fd19effdd74/dcnsc21-9dd3b837-4547-469a-9451-50de1ad14ddb.jpg/v1/fit/w_150,h_150,q_70,strp/birch_tree_forest_dragon_by_howmanydragons_dcnsc21-150.jpg 150w,https://images-wixmp-ed30a86b8c4ca887773594c2.wixmp.com/intermediary/f/a250f928-a2af-47a2-a393-7fd19effdd74/dcnsc21-9dd3b837-4547-469a-9451-50de1ad14ddb.jpg/v1/fill/w_250,h_250,q_70,strp/birch_tree_forest_dragon_by_howmanydragons_dcnsc21-250t.jpg 250w,https://images-wixmp-ed30a86b8c4ca887773594c2.wixmp.com/intermediary/f/a250f928-a2af-47a2-a393-7fd19effdd74/dcnsc21-9dd3b837-4547-469a-9451-50de1ad14ddb.jpg/v1/fill/w_350,h_350,q_70,strp/birch_tree_forest_dragon_by_howmanydragons_dcnsc21-350t.jpg 350w,https://images-wixmp-ed30a86b8c4ca887773594c2.wixmp.com/intermediary/f/a250f928-a2af-47a2-a393-7fd19effdd74/dcnsc21-9dd3b837-4547-469a-9451-50de1ad14ddb.jpg/v1/fill/w_400,h_400,q_70,strp/birch_tree_forest_dragon_by_howmanydragons_dcnsc21-400t.jpg 400w,https://images-wixmp-ed30a86b8c4ca887773594c2.wixmp.com/intermediary/f/a250f928-a2af-47a2-a393-7fd19effdd74/dcnsc21-9dd3b837-4547-469a-9451-50de1ad14ddb.jpg/v1/fill/w_600,h_600,q_70,strp/birch_tree_forest_dragon_by_howmanydragons_dcnsc21-fullview.jpg 600w&quot; sizes=&quot;150px&quot;&gt;&lt;/a&gt;&lt;/span&gt;&lt;!-- ^TTT --&gt;&lt;!-- TTT$ --&gt;&lt;/span&gt;&lt;span class=&quot;shadow-holder&quot; data-embed-type=&quot;deviation&quot; data-embed-id=&quot;746596363&quot; data-embed-format=&quot;thumb&quot;&gt;&lt;span class=&quot;shadow mild&quot; &gt;&lt;a class=&quot;thumb&quot; href=&quot;https://www.deviantart.com/howmanydragons/art/Fairy-Flower-Dragon-746596363&quot; title=&quot;Fairy Flower Dragon by HowManyDragons, Sep 19, 2018 in Artisan Crafts &amp;gt; Miniatures &amp;gt; Fantasy&quot;data-super-img=&quot;https://images-wixmp-ed30a86b8c4ca887773594c2.wixmp.com/intermediary/f/a250f928-a2af-47a2-a393-7fd19effdd74/dcci5fv-9197da1d-b7d8-4c25-8634-146091ed74f3.jpg/v1/fill/w_600,h_446,q_70,strp/fairy_flower_dragon_by_howmanydragons_dcci5fv-fullview.jpg&quot; data-super-width=&quot;600&quot; data-super-height=&quot;446&quot; data-super-transparent=&quot;false&quot; data-super-alt=&quot;Fairy Flower Dragon by HowManyDragons&quot; data-super-full-img=&quot;https://images-wixmp-ed30a86b8c4ca887773594c2.wixmp.com/intermediary/f/a250f928-a2af-47a2-a393-7fd19effdd74/dcci5fv-9197da1d-b7d8-4c25-8634-146091ed74f3.jpg/v1/fill/w_600,h_446,q_70,strp/fairy_flower_dragon_by_howmanydragons_dcci5fv-fullview.jpg&quot; data-super-full-width=&quot;600&quot; data-super-full-height=&quot;446&quot;        data-sigil=&quot;thumb&quot;&gt;
        &lt;i&gt;&lt;/i&gt;&lt;img   width=&quot;150&quot; height=&quot;112&quot; alt=&quot;Fairy Flower Dragon by HowManyDragons&quot; src=&quot;https://images-wixmp-ed30a86b8c4ca887773594c2.wixmp.com/intermediary/f/a250f928-a2af-47a2-a393-7fd19effdd74/dcci5fv-9197da1d-b7d8-4c25-8634-146091ed74f3.jpg/v1/fit/w_150,h_150,q_70,strp/fairy_flower_dragon_by_howmanydragons_dcci5fv-150.jpg&quot; data-src=&quot;https://images-wixmp-ed30a86b8c4ca887773594c2.wixmp.com/intermediary/f/a250f928-a2af-47a2-a393-7fd19effdd74/dcci5fv-9197da1d-b7d8-4c25-8634-146091ed74f3.jpg/v1/fit/w_150,h_150,q_70,strp/fairy_flower_dragon_by_howmanydragons_dcci5fv-150.jpg&quot; srcset=&quot;https://images-wixmp-ed30a86b8c4ca887773594c2.wixmp.com/intermediary/f/a250f928-a2af-47a2-a393-7fd19effdd74/dcci5fv-9197da1d-b7d8-4c25-8634-146091ed74f3.jpg/v1/fit/w_150,h_150,q_70,strp/fairy_flower_dragon_by_howmanydragons_dcci5fv-150.jpg 150w,https://images-wixmp-ed30a86b8c4ca887773594c2.wixmp.com/intermediary/f/a250f928-a2af-47a2-a393-7fd19effdd74/dcci5fv-9197da1d-b7d8-4c25-8634-146091ed74f3.jpg/v1/fill/w_337,h_250,q_70,strp/fairy_flower_dragon_by_howmanydragons_dcci5fv-250t.jpg 336w,https://images-wixmp-ed30a86b8c4ca887773594c2.wixmp.com/intermediary/f/a250f928-a2af-47a2-a393-7fd19effdd74/dcci5fv-9197da1d-b7d8-4c25-8634-146091ed74f3.jpg/v1/fill/w_471,h_350,q_70,strp/fairy_flower_dragon_by_howmanydragons_dcci5fv-350t.jpg 471w,https://images-wixmp-ed30a86b8c4ca887773594c2.wixmp.com/intermediary/f/a250f928-a2af-47a2-a393-7fd19effdd74/dcci5fv-9197da1d-b7d8-4c25-8634-146091ed74f3.jpg/v1/fill/w_538,h_400,q_70,strp/fairy_flower_dragon_by_howmanydragons_dcci5fv-400t.jpg 538w,https://images-wixmp-ed30a86b8c4ca887773594c2.wixmp.com/intermediary/f/a250f928-a2af-47a2-a393-7fd19effdd74/dcci5fv-9197da1d-b7d8-4c25-8634-146091ed74f3.jpg/v1/fill/w_600,h_446,q_70,strp/fairy_flower_dragon_by_howmanydragons_dcci5fv-fullview.jpg 600w&quot; sizes=&quot;150px&quot;&gt;&lt;/a&gt;&lt;/span&gt;&lt;!-- ^TTT --&gt;&lt;!-- TTT$ --&gt;&lt;/span&gt;&lt;span class=&quot;shadow-holder&quot; data-embed-type=&quot;deviation&quot; data-embed-id=&quot;760536397&quot; data-embed-format=&quot;thumb&quot;&gt;&lt;span class=&quot;shadow mild&quot; &gt;&lt;a class=&quot;thumb&quot; href=&quot;https://www.deviantart.com/howmanydragons/art/Succulent-Dragon-Guardian-760536397&quot; title=&quot;Succulent Dragon Guardian by HowManyDragons, Aug 21, 2018 in Artisan Crafts &amp;gt; Miniatures &amp;gt; Fantasy&quot;data-super-img=&quot;https://images-wixmp-ed30a86b8c4ca887773594c2.wixmp.com/intermediary/f/a250f928-a2af-47a2-a393-7fd19effdd74/dcksxn1-c83f7ca0-6986-42fe-82a6-4aee803e8d80.jpg/v1/fill/w_600,h_978,q_70,strp/succulent_dragon_guardian_by_howmanydragons_dcksxn1-fullview.jpg&quot; data-super-width=&quot;600&quot; data-super-height=&quot;978&quot; data-super-transparent=&quot;false&quot; data-super-alt=&quot;Succulent Dragon Guardian by HowManyDragons&quot; data-super-full-img=&quot;https://images-wixmp-ed30a86b8c4ca887773594c2.wixmp.com/intermediary/f/a250f928-a2af-47a2-a393-7fd19effdd74/dcksxn1-c83f7ca0-6986-42fe-82a6-4aee803e8d80.jpg/v1/fill/w_600,h_978,q_70,strp/succulent_dragon_guardian_by_howmanydragons_dcksxn1-fullview.jpg&quot; data-super-full-width=&quot;600&quot; data-super-full-height=&quot;978&quot;        data-sigil=&quot;thumb&quot;&gt;
        &lt;i&gt;&lt;/i&gt;&lt;img   width=&quot;92&quot; height=&quot;150&quot; alt=&quot;Succulent Dragon Guardian by HowManyDragons&quot; src=&quot;https://images-wixmp-ed30a86b8c4ca887773594c2.wixmp.com/intermediary/f/a250f928-a2af-47a2-a393-7fd19effdd74/dcksxn1-c83f7ca0-6986-42fe-82a6-4aee803e8d80.jpg/v1/fit/w_150,h_150,q_70,strp/succulent_dragon_guardian_by_howmanydragons_dcksxn1-150.jpg&quot; data-src=&quot;https://images-wixmp-ed30a86b8c4ca887773594c2.wixmp.com/intermediary/f/a250f928-a2af-47a2-a393-7fd19effdd74/dcksxn1-c83f7ca0-6986-42fe-82a6-4aee803e8d80.jpg/v1/fit/w_150,h_150,q_70,strp/succulent_dragon_guardian_by_howmanydragons_dcksxn1-150.jpg&quot; srcset=&quot;https://images-wixmp-ed30a86b8c4ca887773594c2.wixmp.com/intermediary/f/a250f928-a2af-47a2-a393-7fd19effdd74/dcksxn1-c83f7ca0-6986-42fe-82a6-4aee803e8d80.jpg/v1/fit/w_150,h_150,q_70,strp/succulent_dragon_guardian_by_howmanydragons_dcksxn1-150.jpg 92w,https://images-wixmp-ed30a86b8c4ca887773594c2.wixmp.com/intermediary/f/a250f928-a2af-47a2-a393-7fd19effdd74/dcksxn1-c83f7ca0-6986-42fe-82a6-4aee803e8d80.jpg/v1/crop/w_154,h_250,x_0,y_0,scl_0.22,q_70,strp/succulent_dragon_guardian_by_howmanydragons_dcksxn1-250t.jpg 153w,https://images-wixmp-ed30a86b8c4ca887773594c2.wixmp.com/intermediary/f/a250f928-a2af-47a2-a393-7fd19effdd74/dcksxn1-c83f7ca0-6986-42fe-82a6-4aee803e8d80.jpg/v1/fill/w_215,h_350,q_70,strp/succulent_dragon_guardian_by_howmanydragons_dcksxn1-350t.jpg 215w,https://images-wixmp-ed30a86b8c4ca887773594c2.wixmp.com/intermediary/f/a250f928-a2af-47a2-a393-7fd19effdd74/dcksxn1-c83f7ca0-6986-42fe-82a6-4aee803e8d80.jpg/v1/crop/w_246,h_400,x_0,y_0,scl_0.35142857142857,q_70,strp/succulent_dragon_guardian_by_howmanydragons_dcksxn1-400t.jpg 245w,https://images-wixmp-ed30a86b8c4ca887773594c2.wixmp.com/intermediary/f/a250f928-a2af-47a2-a393-7fd19effdd74/dcksxn1-c83f7ca0-6986-42fe-82a6-4aee803e8d80.jpg/v1/fill/w_600,h_978,q_70,strp/succulent_dragon_guardian_by_howmanydragons_dcksxn1-fullview.jpg 600w&quot; sizes=&quot;92px&quot;&gt;&lt;/a&gt;&lt;/span&gt;&lt;!-- ^TTT --&gt;&lt;!-- TTT$ --&gt;&lt;/span&gt;&lt;span class=&quot;shadow-holder&quot; data-embed-type=&quot;deviation&quot; data-embed-id=&quot;735376878&quot; data-embed-format=&quot;thumb&quot;&gt;&lt;span class=&quot;shadow mild&quot; &gt;&lt;a class=&quot;thumb&quot; href=&quot;https://www.deviantart.com/howmanydragons/art/Pearls-and-Seaweed-Dragon-735376878&quot; title=&quot;Pearls and Seaweed Dragon by HowManyDragons, Mar 13, 2018 in Artisan Crafts &amp;gt; Miniatures &amp;gt; Fantasy&quot;data-super-img=&quot;https://images-wixmp-ed30a86b8c4ca887773594c2.wixmp.com/intermediary/f/a250f928-a2af-47a2-a393-7fd19effdd74/dc5tofi-94a7aee0-c2f9-45f0-b5d9-b5e5c896e64b.jpg/v1/fill/w_600,h_600,q_70,strp/pearls_and_seaweed_dragon_by_howmanydragons_dc5tofi-fullview.jpg&quot; data-super-width=&quot;600&quot; data-super-height=&quot;600&quot; data-super-transparent=&quot;false&quot; data-super-alt=&quot;Pearls and Seaweed Dragon by HowManyDragons&quot; data-super-full-img=&quot;https://images-wixmp-ed30a86b8c4ca887773594c2.wixmp.com/intermediary/f/a250f928-a2af-47a2-a393-7fd19effdd74/dc5tofi-94a7aee0-c2f9-45f0-b5d9-b5e5c896e64b.jpg/v1/fill/w_600,h_600,q_70,strp/pearls_and_seaweed_dragon_by_howmanydragons_dc5tofi-fullview.jpg&quot; data-super-full-width=&quot;600&quot; data-super-full-height=&quot;600&quot;        data-sigil=&quot;thumb&quot;&gt;
        &lt;i&gt;&lt;/i&gt;&lt;img   width=&quot;150&quot; height=&quot;150&quot; alt=&quot;Pearls and Seaweed Dragon by HowManyDragons&quot; src=&quot;https://images-wixmp-ed30a86b8c4ca887773594c2.wixmp.com/intermediary/f/a250f928-a2af-47a2-a393-7fd19effdd74/dc5tofi-94a7aee0-c2f9-45f0-b5d9-b5e5c896e64b.jpg/v1/fit/w_150,h_150,q_70,strp/pearls_and_seaweed_dragon_by_howmanydragons_dc5tofi-150.jpg&quot; data-src=&quot;https://images-wixmp-ed30a86b8c4ca887773594c2.wixmp.com/intermediary/f/a250f928-a2af-47a2-a393-7fd19effdd74/dc5tofi-94a7aee0-c2f9-45f0-b5d9-b5e5c896e64b.jpg/v1/fit/w_150,h_150,q_70,strp/pearls_and_seaweed_dragon_by_howmanydragons_dc5tofi-150.jpg&quot; srcset=&quot;https://images-wixmp-ed30a86b8c4ca887773594c2.wixmp.com/intermediary/f/a250f928-a2af-47a2-a393-7fd19effdd74/dc5tofi-94a7aee0-c2f9-45f0-b5d9-b5e5c896e64b.jpg/v1/fit/w_150,h_150,q_70,strp/pearls_and_seaweed_dragon_by_howmanydragons_dc5tofi-150.jpg 150w,https://images-wixmp-ed30a86b8c4ca887773594c2.wixmp.com/intermediary/f/a250f928-a2af-47a2-a393-7fd19effdd74/dc5tofi-94a7aee0-c2f9-45f0-b5d9-b5e5c896e64b.jpg/v1/fill/w_250,h_250,q_70,strp/pearls_and_seaweed_dragon_by_howmanydragons_dc5tofi-250t.jpg 250w,https://images-wixmp-ed30a86b8c4ca887773594c2.wixmp.com/intermediary/f/a250f928-a2af-47a2-a393-7fd19effdd74/dc5tofi-94a7aee0-c2f9-45f0-b5d9-b5e5c896e64b.jpg/v1/fill/w_350,h_350,q_70,strp/pearls_and_seaweed_dragon_by_howmanydragons_dc5tofi-350t.jpg 350w,https://images-wixmp-ed30a86b8c4ca887773594c2.wixmp.com/intermediary/f/a250f928-a2af-47a2-a393-7fd19effdd74/dc5tofi-94a7aee0-c2f9-45f0-b5d9-b5e5c896e64b.jpg/v1/fill/w_400,h_400,q_70,strp/pearls_and_seaweed_dragon_by_howmanydragons_dc5tofi-400t.jpg 400w,https://images-wixmp-ed30a86b8c4ca887773594c2.wixmp.com/intermediary/f/a250f928-a2af-47a2-a393-7fd19effdd74/dc5tofi-94a7aee0-c2f9-45f0-b5d9-b5e5c896e64b.jpg/v1/fill/w_600,h_600,q_70,strp/pearls_and_seaweed_dragon_by_howmanydragons_dc5tofi-fullview.jpg 600w&quot; sizes=&quot;150px&quot;&gt;&lt;/a&gt;&lt;/span&gt;&lt;!-- ^TTT --&gt;&lt;!-- TTT$ --&gt;&lt;/span&gt;&lt;br /&gt;&lt;br /&gt;------------------&lt;br /&gt;HMD is on:&amp;nbsp;&lt;a class=&quot;external&quot; href=&quot;https://www.deviantart.com/users/outgoing?http://howmanydragons.etsy.com&quot;&gt;Etsy&lt;/a&gt;&amp;nbsp;|&amp;nbsp;&lt;a class=&quot;external&quot; href=&quot;https://www.deviantart.com/users/outgoing?http://www.facebook.com/howmanydragons&quot;&gt;Facebook&lt;/a&gt;&amp;nbsp;|&amp;nbsp;&lt;a class=&quot;external&quot; href=&quot;https://www.deviantart.com/users/outgoing?http://instagram.com/howmanydragons&quot;&gt;Instagram&lt;/a&gt;&amp;nbsp;| &lt;a class=&quot;external&quot; href=&quot;https://www.deviantart.com/users/outgoing?https://www.twitch.tv/howmanydragons&quot;&gt;Twitch&lt;/a&gt;&lt;br /&gt;Interested in commissioning me? I welcome custom work! Check my&amp;nbsp;&lt;a href=&quot;http://fav.me/d6w3nr4&quot;&gt;Commission Information&lt;/a&gt;&amp;nbsp;for all the details&lt;/p&gt;</media:description>            <media:thumbnail url="https://t00.deviantart.net/gfPO1HaoqKJpjxFICe1jyX4AACw=/fit-in/150x150/filters:no_upscale():origin()/pre00/6f51/th/pre/f/2019/029/8/b/bright_green_holly_dragon_by_howmanydragons-dcydyv2.jpg" height="107" width="150"/>            <media:thumbnail url="https://t00.deviantart.net/4uP5PT4OQoq-9z8EHmNbiS5LnZc=/fit-in/300x900/filters:no_upscale():origin()/pre00/6f51/th/pre/f/2019/029/8/b/bright_green_holly_dragon_by_howmanydragons-dcydyv2.jpg" height="214" width="300"/>            <media:thumbnail url="https://t00.deviantart.net/WD_fXWN6kuic-sFcNz3GrLpEcEQ=/300x200/filters:fixed_height(100,100):origin()/pre00/6f51/th/pre/f/2019/029/8/b/bright_green_holly_dragon_by_howmanydragons-dcydyv2.jpg" height="200" width="280"/>            <media:content url="https://orig00.deviantart.net/5104/f/2019/029/8/b/bright_green_holly_dragon_by_howmanydragons-dcydyv2.jpg" height="500" width="700" medium="image"/>            
            <description>&lt;p&gt;Hi all! I know it&#039;s been a while. I always suffer a bit of burnout around Christmas time which tends to cause me to disappear for a while, and this year was no exception. Between the holidays, moving, and getting sick, it&#039;s been an eventful month, but I&#039;m feeling like working again, and so I&#039;m finally getting back into the swing of things.&lt;br /&gt;&lt;br /&gt;I know Christmas was over a month ago and this dragon is hardly relevant right now, but I really loved her design and wanted to share. I was working on a set of plant dragons over the summer, and thought it would be fun to make a Christmas-themed holly dragon. I love the contrast of the bright red berries against the various greens, and I worked in a bit of gold and red crystal as well. Really fun, I should give my dragons jewelry more often.&lt;br /&gt;&lt;br /&gt;Crafted from polymer clay, glass bugle beads, and Swarovski crystal elements. Sold.&lt;br /&gt;&lt;br /&gt;---&lt;br /&gt;&lt;br /&gt;Want to see how my dragons are made? I sculpt live every Tuesday night from 7-10pm Pacific. You are, as always, invited to stop by and say hi &lt;a class=&quot;external&quot; href=&quot;https://www.deviantart.com/users/outgoing?https://www.twitch.tv/howmanydragons&quot;&gt;over on Twitch&lt;/a&gt;. I&#039;d love to see you there!&lt;br /&gt;&lt;br /&gt;&lt;/p&gt;&lt;p&gt;&lt;b&gt;Plant dragons&lt;/b&gt;&lt;/p&gt;&lt;p&gt;&lt;/p&gt;&lt;p&gt;&lt;span class=&quot;shadow-holder&quot; data-embed-type=&quot;deviation&quot; data-embed-id=&quot;765547273&quot; data-embed-format=&quot;thumb&quot;&gt;&lt;span class=&quot;shadow mild&quot; &gt;&lt;a class=&quot;thumb&quot; href=&quot;https://www.deviantart.com/howmanydragons/art/Birch-Tree-Forest-Dragon-765547273&quot; title=&quot;Birch Tree Forest Dragon by HowManyDragons, Sep 25, 2018 in Artisan Crafts &amp;gt; Miniatures &amp;gt; Fantasy&quot;data-super-img=&quot;https://images-wixmp-ed30a86b8c4ca887773594c2.wixmp.com/intermediary/f/a250f928-a2af-47a2-a393-7fd19effdd74/dcnsc21-9dd3b837-4547-469a-9451-50de1ad14ddb.jpg/v1/fill/w_600,h_600,q_70,strp/birch_tree_forest_dragon_by_howmanydragons_dcnsc21-fullview.jpg&quot; data-super-width=&quot;600&quot; data-super-height=&quot;600&quot; data-super-transparent=&quot;false&quot; data-super-alt=&quot;Birch Tree Forest Dragon by HowManyDragons&quot; data-super-full-img=&quot;https://images-wixmp-ed30a86b8c4ca887773594c2.wixmp.com/intermediary/f/a250f928-a2af-47a2-a393-7fd19effdd74/dcnsc21-9dd3b837-4547-469a-9451-50de1ad14ddb.jpg/v1/fill/w_600,h_600,q_70,strp/birch_tree_forest_dragon_by_howmanydragons_dcnsc21-fullview.jpg&quot; data-super-full-width=&quot;600&quot; data-super-full-height=&quot;600&quot;        data-sigil=&quot;thumb&quot;&gt;
        &lt;i&gt;&lt;/i&gt;&lt;img   width=&quot;150&quot; height=&quot;150&quot; alt=&quot;Birch Tree Forest Dragon by HowManyDragons&quot; src=&quot;https://images-wixmp-ed30a86b8c4ca887773594c2.wixmp.com/intermediary/f/a250f928-a2af-47a2-a393-7fd19effdd74/dcnsc21-9dd3b837-4547-469a-9451-50de1ad14ddb.jpg/v1/fit/w_150,h_150,q_70,strp/birch_tree_forest_dragon_by_howmanydragons_dcnsc21-150.jpg&quot; data-src=&quot;https://images-wixmp-ed30a86b8c4ca887773594c2.wixmp.com/intermediary/f/a250f928-a2af-47a2-a393-7fd19effdd74/dcnsc21-9dd3b837-4547-469a-9451-50de1ad14ddb.jpg/v1/fit/w_150,h_150,q_70,strp/birch_tree_forest_dragon_by_howmanydragons_dcnsc21-150.jpg&quot; srcset=&quot;https://images-wixmp-ed30a86b8c4ca887773594c2.wixmp.com/intermediary/f/a250f928-a2af-47a2-a393-7fd19effdd74/dcnsc21-9dd3b837-4547-469a-9451-50de1ad14ddb.jpg/v1/fit/w_150,h_150,q_70,strp/birch_tree_forest_dragon_by_howmanydragons_dcnsc21-150.jpg 150w,https://images-wixmp-ed30a86b8c4ca887773594c2.wixmp.com/intermediary/f/a250f928-a2af-47a2-a393-7fd19effdd74/dcnsc21-9dd3b837-4547-469a-9451-50de1ad14ddb.jpg/v1/fill/w_250,h_250,q_70,strp/birch_tree_forest_dragon_by_howmanydragons_dcnsc21-250t.jpg 250w,https://images-wixmp-ed30a86b8c4ca887773594c2.wixmp.com/intermediary/f/a250f928-a2af-47a2-a393-7fd19effdd74/dcnsc21-9dd3b837-4547-469a-9451-50de1ad14ddb.jpg/v1/fill/w_350,h_350,q_70,strp/birch_tree_forest_dragon_by_howmanydragons_dcnsc21-350t.jpg 350w,https://images-wixmp-ed30a86b8c4ca887773594c2.wixmp.com/intermediary/f/a250f928-a2af-47a2-a393-7fd19effdd74/dcnsc21-9dd3b837-4547-469a-9451-50de1ad14ddb.jpg/v1/fill/w_400,h_400,q_70,strp/birch_tree_forest_dragon_by_howmanydragons_dcnsc21-400t.jpg 400w,https://images-wixmp-ed30a86b8c4ca887773594c2.wixmp.com/intermediary/f/a250f928-a2af-47a2-a393-7fd19effdd74/dcnsc21-9dd3b837-4547-469a-9451-50de1ad14ddb.jpg/v1/fill/w_600,h_600,q_70,strp/birch_tree_forest_dragon_by_howmanydragons_dcnsc21-fullview.jpg 600w&quot; sizes=&quot;150px&quot;&gt;&lt;/a&gt;&lt;/span&gt;&lt;!-- ^TTT --&gt;&lt;!-- TTT$ --&gt;&lt;/span&gt;&lt;span class=&quot;shadow-holder&quot; data-embed-type=&quot;deviation&quot; data-embed-id=&quot;746596363&quot; data-embed-format=&quot;thumb&quot;&gt;&lt;span class=&quot;shadow mild&quot; &gt;&lt;a class=&quot;thumb&quot; href=&quot;https://www.deviantart.com/howmanydragons/art/Fairy-Flower-Dragon-746596363&quot; title=&quot;Fairy Flower Dragon by HowManyDragons, Sep 19, 2018 in Artisan Crafts &amp;gt; Miniatures &amp;gt; Fantasy&quot;data-super-img=&quot;https://images-wixmp-ed30a86b8c4ca887773594c2.wixmp.com/intermediary/f/a250f928-a2af-47a2-a393-7fd19effdd74/dcci5fv-9197da1d-b7d8-4c25-8634-146091ed74f3.jpg/v1/fill/w_600,h_446,q_70,strp/fairy_flower_dragon_by_howmanydragons_dcci5fv-fullview.jpg&quot; data-super-width=&quot;600&quot; data-super-height=&quot;446&quot; data-super-transparent=&quot;false&quot; data-super-alt=&quot;Fairy Flower Dragon by HowManyDragons&quot; data-super-full-img=&quot;https://images-wixmp-ed30a86b8c4ca887773594c2.wixmp.com/intermediary/f/a250f928-a2af-47a2-a393-7fd19effdd74/dcci5fv-9197da1d-b7d8-4c25-8634-146091ed74f3.jpg/v1/fill/w_600,h_446,q_70,strp/fairy_flower_dragon_by_howmanydragons_dcci5fv-fullview.jpg&quot; data-super-full-width=&quot;600&quot; data-super-full-height=&quot;446&quot;        data-sigil=&quot;thumb&quot;&gt;
        &lt;i&gt;&lt;/i&gt;&lt;img   width=&quot;150&quot; height=&quot;112&quot; alt=&quot;Fairy Flower Dragon by HowManyDragons&quot; src=&quot;https://images-wixmp-ed30a86b8c4ca887773594c2.wixmp.com/intermediary/f/a250f928-a2af-47a2-a393-7fd19effdd74/dcci5fv-9197da1d-b7d8-4c25-8634-146091ed74f3.jpg/v1/fit/w_150,h_150,q_70,strp/fairy_flower_dragon_by_howmanydragons_dcci5fv-150.jpg&quot; data-src=&quot;https://images-wixmp-ed30a86b8c4ca887773594c2.wixmp.com/intermediary/f/a250f928-a2af-47a2-a393-7fd19effdd74/dcci5fv-9197da1d-b7d8-4c25-8634-146091ed74f3.jpg/v1/fit/w_150,h_150,q_70,strp/fairy_flower_dragon_by_howmanydragons_dcci5fv-150.jpg&quot; srcset=&quot;https://images-wixmp-ed30a86b8c4ca887773594c2.wixmp.com/intermediary/f/a250f928-a2af-47a2-a393-7fd19effdd74/dcci5fv-9197da1d-b7d8-4c25-8634-146091ed74f3.jpg/v1/fit/w_150,h_150,q_70,strp/fairy_flower_dragon_by_howmanydragons_dcci5fv-150.jpg 150w,https://images-wixmp-ed30a86b8c4ca887773594c2.wixmp.com/intermediary/f/a250f928-a2af-47a2-a393-7fd19effdd74/dcci5fv-9197da1d-b7d8-4c25-8634-146091ed74f3.jpg/v1/fill/w_337,h_250,q_70,strp/fairy_flower_dragon_by_howmanydragons_dcci5fv-250t.jpg 336w,https://images-wixmp-ed30a86b8c4ca887773594c2.wixmp.com/intermediary/f/a250f928-a2af-47a2-a393-7fd19effdd74/dcci5fv-9197da1d-b7d8-4c25-8634-146091ed74f3.jpg/v1/fill/w_471,h_350,q_70,strp/fairy_flower_dragon_by_howmanydragons_dcci5fv-350t.jpg 471w,https://images-wixmp-ed30a86b8c4ca887773594c2.wixmp.com/intermediary/f/a250f928-a2af-47a2-a393-7fd19effdd74/dcci5fv-9197da1d-b7d8-4c25-8634-146091ed74f3.jpg/v1/fill/w_538,h_400,q_70,strp/fairy_flower_dragon_by_howmanydragons_dcci5fv-400t.jpg 538w,https://images-wixmp-ed30a86b8c4ca887773594c2.wixmp.com/intermediary/f/a250f928-a2af-47a2-a393-7fd19effdd74/dcci5fv-9197da1d-b7d8-4c25-8634-146091ed74f3.jpg/v1/fill/w_600,h_446,q_70,strp/fairy_flower_dragon_by_howmanydragons_dcci5fv-fullview.jpg 600w&quot; sizes=&quot;150px&quot;&gt;&lt;/a&gt;&lt;/span&gt;&lt;!-- ^TTT --&gt;&lt;!-- TTT$ --&gt;&lt;/span&gt;&lt;span class=&quot;shadow-holder&quot; data-embed-type=&quot;deviation&quot; data-embed-id=&quot;760536397&quot; data-embed-format=&quot;thumb&quot;&gt;&lt;span class=&quot;shadow mild&quot; &gt;&lt;a class=&quot;thumb&quot; href=&quot;https://www.deviantart.com/howmanydragons/art/Succulent-Dragon-Guardian-760536397&quot; title=&quot;Succulent Dragon Guardian by HowManyDragons, Aug 21, 2018 in Artisan Crafts &amp;gt; Miniatures &amp;gt; Fantasy&quot;data-super-img=&quot;https://images-wixmp-ed30a86b8c4ca887773594c2.wixmp.com/intermediary/f/a250f928-a2af-47a2-a393-7fd19effdd74/dcksxn1-c83f7ca0-6986-42fe-82a6-4aee803e8d80.jpg/v1/fill/w_600,h_978,q_70,strp/succulent_dragon_guardian_by_howmanydragons_dcksxn1-fullview.jpg&quot; data-super-width=&quot;600&quot; data-super-height=&quot;978&quot; data-super-transparent=&quot;false&quot; data-super-alt=&quot;Succulent Dragon Guardian by HowManyDragons&quot; data-super-full-img=&quot;https://images-wixmp-ed30a86b8c4ca887773594c2.wixmp.com/intermediary/f/a250f928-a2af-47a2-a393-7fd19effdd74/dcksxn1-c83f7ca0-6986-42fe-82a6-4aee803e8d80.jpg/v1/fill/w_600,h_978,q_70,strp/succulent_dragon_guardian_by_howmanydragons_dcksxn1-fullview.jpg&quot; data-super-full-width=&quot;600&quot; data-super-full-height=&quot;978&quot;        data-sigil=&quot;thumb&quot;&gt;
        &lt;i&gt;&lt;/i&gt;&lt;img   width=&quot;92&quot; height=&quot;150&quot; alt=&quot;Succulent Dragon Guardian by HowManyDragons&quot; src=&quot;https://images-wixmp-ed30a86b8c4ca887773594c2.wixmp.com/intermediary/f/a250f928-a2af-47a2-a393-7fd19effdd74/dcksxn1-c83f7ca0-6986-42fe-82a6-4aee803e8d80.jpg/v1/fit/w_150,h_150,q_70,strp/succulent_dragon_guardian_by_howmanydragons_dcksxn1-150.jpg&quot; data-src=&quot;https://images-wixmp-ed30a86b8c4ca887773594c2.wixmp.com/intermediary/f/a250f928-a2af-47a2-a393-7fd19effdd74/dcksxn1-c83f7ca0-6986-42fe-82a6-4aee803e8d80.jpg/v1/fit/w_150,h_150,q_70,strp/succulent_dragon_guardian_by_howmanydragons_dcksxn1-150.jpg&quot; srcset=&quot;https://images-wixmp-ed30a86b8c4ca887773594c2.wixmp.com/intermediary/f/a250f928-a2af-47a2-a393-7fd19effdd74/dcksxn1-c83f7ca0-6986-42fe-82a6-4aee803e8d80.jpg/v1/fit/w_150,h_150,q_70,strp/succulent_dragon_guardian_by_howmanydragons_dcksxn1-150.jpg 92w,https://images-wixmp-ed30a86b8c4ca887773594c2.wixmp.com/intermediary/f/a250f928-a2af-47a2-a393-7fd19effdd74/dcksxn1-c83f7ca0-6986-42fe-82a6-4aee803e8d80.jpg/v1/crop/w_154,h_250,x_0,y_0,scl_0.22,q_70,strp/succulent_dragon_guardian_by_howmanydragons_dcksxn1-250t.jpg 153w,https://images-wixmp-ed30a86b8c4ca887773594c2.wixmp.com/intermediary/f/a250f928-a2af-47a2-a393-7fd19effdd74/dcksxn1-c83f7ca0-6986-42fe-82a6-4aee803e8d80.jpg/v1/fill/w_215,h_350,q_70,strp/succulent_dragon_guardian_by_howmanydragons_dcksxn1-350t.jpg 215w,https://images-wixmp-ed30a86b8c4ca887773594c2.wixmp.com/intermediary/f/a250f928-a2af-47a2-a393-7fd19effdd74/dcksxn1-c83f7ca0-6986-42fe-82a6-4aee803e8d80.jpg/v1/crop/w_246,h_400,x_0,y_0,scl_0.35142857142857,q_70,strp/succulent_dragon_guardian_by_howmanydragons_dcksxn1-400t.jpg 245w,https://images-wixmp-ed30a86b8c4ca887773594c2.wixmp.com/intermediary/f/a250f928-a2af-47a2-a393-7fd19effdd74/dcksxn1-c83f7ca0-6986-42fe-82a6-4aee803e8d80.jpg/v1/fill/w_600,h_978,q_70,strp/succulent_dragon_guardian_by_howmanydragons_dcksxn1-fullview.jpg 600w&quot; sizes=&quot;92px&quot;&gt;&lt;/a&gt;&lt;/span&gt;&lt;!-- ^TTT --&gt;&lt;!-- TTT$ --&gt;&lt;/span&gt;&lt;span class=&quot;shadow-holder&quot; data-embed-type=&quot;deviation&quot; data-embed-id=&quot;735376878&quot; data-embed-format=&quot;thumb&quot;&gt;&lt;span class=&quot;shadow mild&quot; &gt;&lt;a class=&quot;thumb&quot; href=&quot;https://www.deviantart.com/howmanydragons/art/Pearls-and-Seaweed-Dragon-735376878&quot; title=&quot;Pearls and Seaweed Dragon by HowManyDragons, Mar 13, 2018 in Artisan Crafts &amp;gt; Miniatures &amp;gt; Fantasy&quot;data-super-img=&quot;https://images-wixmp-ed30a86b8c4ca887773594c2.wixmp.com/intermediary/f/a250f928-a2af-47a2-a393-7fd19effdd74/dc5tofi-94a7aee0-c2f9-45f0-b5d9-b5e5c896e64b.jpg/v1/fill/w_600,h_600,q_70,strp/pearls_and_seaweed_dragon_by_howmanydragons_dc5tofi-fullview.jpg&quot; data-super-width=&quot;600&quot; data-super-height=&quot;600&quot; data-super-transparent=&quot;false&quot; data-super-alt=&quot;Pearls and Seaweed Dragon by HowManyDragons&quot; data-super-full-img=&quot;https://images-wixmp-ed30a86b8c4ca887773594c2.wixmp.com/intermediary/f/a250f928-a2af-47a2-a393-7fd19effdd74/dc5tofi-94a7aee0-c2f9-45f0-b5d9-b5e5c896e64b.jpg/v1/fill/w_600,h_600,q_70,strp/pearls_and_seaweed_dragon_by_howmanydragons_dc5tofi-fullview.jpg&quot; data-super-full-width=&quot;600&quot; data-super-full-height=&quot;600&quot;        data-sigil=&quot;thumb&quot;&gt;
        &lt;i&gt;&lt;/i&gt;&lt;img   width=&quot;150&quot; height=&quot;150&quot; alt=&quot;Pearls and Seaweed Dragon by HowManyDragons&quot; src=&quot;https://images-wixmp-ed30a86b8c4ca887773594c2.wixmp.com/intermediary/f/a250f928-a2af-47a2-a393-7fd19effdd74/dc5tofi-94a7aee0-c2f9-45f0-b5d9-b5e5c896e64b.jpg/v1/fit/w_150,h_150,q_70,strp/pearls_and_seaweed_dragon_by_howmanydragons_dc5tofi-150.jpg&quot; data-src=&quot;https://images-wixmp-ed30a86b8c4ca887773594c2.wixmp.com/intermediary/f/a250f928-a2af-47a2-a393-7fd19effdd74/dc5tofi-94a7aee0-c2f9-45f0-b5d9-b5e5c896e64b.jpg/v1/fit/w_150,h_150,q_70,strp/pearls_and_seaweed_dragon_by_howmanydragons_dc5tofi-150.jpg&quot; srcset=&quot;https://images-wixmp-ed30a86b8c4ca887773594c2.wixmp.com/intermediary/f/a250f928-a2af-47a2-a393-7fd19effdd74/dc5tofi-94a7aee0-c2f9-45f0-b5d9-b5e5c896e64b.jpg/v1/fit/w_150,h_150,q_70,strp/pearls_and_seaweed_dragon_by_howmanydragons_dc5tofi-150.jpg 150w,https://images-wixmp-ed30a86b8c4ca887773594c2.wixmp.com/intermediary/f/a250f928-a2af-47a2-a393-7fd19effdd74/dc5tofi-94a7aee0-c2f9-45f0-b5d9-b5e5c896e64b.jpg/v1/fill/w_250,h_250,q_70,strp/pearls_and_seaweed_dragon_by_howmanydragons_dc5tofi-250t.jpg 250w,https://images-wixmp-ed30a86b8c4ca887773594c2.wixmp.com/intermediary/f/a250f928-a2af-47a2-a393-7fd19effdd74/dc5tofi-94a7aee0-c2f9-45f0-b5d9-b5e5c896e64b.jpg/v1/fill/w_350,h_350,q_70,strp/pearls_and_seaweed_dragon_by_howmanydragons_dc5tofi-350t.jpg 350w,https://images-wixmp-ed30a86b8c4ca887773594c2.wixmp.com/intermediary/f/a250f928-a2af-47a2-a393-7fd19effdd74/dc5tofi-94a7aee0-c2f9-45f0-b5d9-b5e5c896e64b.jpg/v1/fill/w_400,h_400,q_70,strp/pearls_and_seaweed_dragon_by_howmanydragons_dc5tofi-400t.jpg 400w,https://images-wixmp-ed30a86b8c4ca887773594c2.wixmp.com/intermediary/f/a250f928-a2af-47a2-a393-7fd19effdd74/dc5tofi-94a7aee0-c2f9-45f0-b5d9-b5e5c896e64b.jpg/v1/fill/w_600,h_600,q_70,strp/pearls_and_seaweed_dragon_by_howmanydragons_dc5tofi-fullview.jpg 600w&quot; sizes=&quot;150px&quot;&gt;&lt;/a&gt;&lt;/span&gt;&lt;!-- ^TTT --&gt;&lt;!-- TTT$ --&gt;&lt;/span&gt;&lt;br /&gt;&lt;br /&gt;------------------&lt;br /&gt;HMD is on:&amp;nbsp;&lt;a class=&quot;external&quot; href=&quot;https://www.deviantart.com/users/outgoing?http://howmanydragons.etsy.com&quot;&gt;Etsy&lt;/a&gt;&amp;nbsp;|&amp;nbsp;&lt;a class=&quot;external&quot; href=&quot;https://www.deviantart.com/users/outgoing?http://www.facebook.com/howmanydragons&quot;&gt;Facebook&lt;/a&gt;&amp;nbsp;|&amp;nbsp;&lt;a class=&quot;external&quot; href=&quot;https://www.deviantart.com/users/outgoing?http://instagram.com/howmanydragons&quot;&gt;Instagram&lt;/a&gt;&amp;nbsp;| &lt;a class=&quot;external&quot; href=&quot;https://www.deviantart.com/users/outgoing?https://www.twitch.tv/howmanydragons&quot;&gt;Twitch&lt;/a&gt;&lt;br /&gt;Interested in commissioning me? I welcome custom work! Check my&amp;nbsp;&lt;a href=&quot;http://fav.me/d6w3nr4&quot;&gt;Commission Information&lt;/a&gt;&amp;nbsp;for all the details&lt;/p&gt;&lt;br /&gt;&lt;div&gt;&lt;img src=&quot;https://t00.deviantart.net/WD_fXWN6kuic-sFcNz3GrLpEcEQ=/300x200/filters:fixed_height(100,100):origin()/pre00/6f51/th/pre/f/2019/029/8/b/bright_green_holly_dragon_by_howmanydragons-dcydyv2.jpg&quot; alt=&quot;thumbnail&quot; /&gt;&lt;/div&gt;</description>            </item>
                    <item>
                <title>The king&#039;s journey : Further in the forest</title>
                <link>https://anatofinnstark.deviantart.com/art/The-king-s-journey-Further-in-the-forest-783434750</link>
                <guid isPermaLink="true">https://anatofinnstark.deviantart.com/art/The-king-s-journey-Further-in-the-forest-783434750</guid>
                <pubDate>Wed, 30 Jan 2019 09:41:25 PST</pubDate>
                        <media:title type="plain">The king&#039;s journey : Further in the forest</media:title>
        <media:keywords></media:keywords>
                        <media:rating>nonadult</media:rating>
                <media:category label="Fantasy">digitalart/paintings/fantasy</media:category>
        <media:credit role="author" scheme="urn:ebu">AnatoFinnstark</media:credit>
        <media:credit role="author" scheme="urn:ebu">https://a.deviantart.net/avatars/a/n/anatofinnstark.jpg?4</media:credit>
        <media:copyright url="https://anatofinnstark.deviantart.com">Copyright 2019 AnatoFinnstark</media:copyright>            <media:description type="html">&lt;div align=&quot;-webkit-center&quot;&gt;&lt;b&gt;PRINT AND OTHER GOODIES AVAILABLE HERE :&amp;nbsp;&lt;a class=&quot;external&quot; href=&quot;https://www.deviantart.com/users/outgoing?https://www.redbubble.com/fr/people/anatofinnstark/works/36666632-the-kings-journey-further-in-the-forest?asc=u&amp;amp;ref=recent-owner&quot;&gt;www.redbubble.com/fr/people/an&amp;hellip;&lt;/a&gt;&lt;/b&gt;&lt;/div&gt;&lt;b&gt;&lt;div align=&quot;center&quot;&gt;&lt;b&gt;&lt;br /&gt;&lt;/b&gt;&lt;/div&gt;&lt;/b&gt;&lt;div align=&quot;-webkit-center&quot;&gt;Hey ! I have TWITTER now ! You can follow me here :&amp;nbsp;&lt;a class=&quot;external&quot; href=&quot;https://www.deviantart.com/users/outgoing?https://twitter.com/AFinnstark&quot;&gt;twitter.com/AFinnstark&lt;/a&gt;&lt;/div&gt;&lt;div align=&quot;-webkit-center&quot;&gt;&lt;a href=&quot;https://www.deviantart.com/users/outgoing?https://www.facebook.com/finnstarkillustration/&quot;&gt;&lt;/a&gt;&lt;a href=&quot;https://www.deviantart.com/blackoutdotexe/art/Dark-Souls-Sir-Alonne-shake-Katana-536988165&quot; class=&quot;emoticon&quot; data-embed-type=&quot;emoticon&quot; data-embed-id=&quot;536988165&quot; data-embed-profile=&quot;deviation&quot;&gt;&lt;img src=&quot;https://orig00.deviantart.net/bf71/f/2015/153/0/d/dark_souls___sir_alonne_shake_katana_by_blackoutdotexe-d8vpipx.gif&quot; alt=&quot;Dark Souls - Sir Alonne shake Katana&quot; style=&quot;width:50px;height:50px&quot;&gt;&lt;/a&gt;&amp;nbsp;&amp;nbsp;&amp;nbsp;&lt;/div&gt;&lt;div&gt;&lt;div align=&quot;center&quot;&gt;&lt;b&gt;MY PATREON :&amp;nbsp;&lt;a class=&quot;external&quot; href=&quot;https://www.deviantart.com/users/outgoing?https://www.patreon.com/anatofinnstark&quot;&gt;www.patreon.com/anatofinnstark&lt;/a&gt;&lt;/b&gt;&lt;/div&gt;&lt;b&gt;&lt;/b&gt;&lt;b&gt;&lt;div align=&quot;center&quot;&gt;&lt;br /&gt;&lt;/div&gt;&lt;/b&gt;&lt;div align=&quot;center&quot;&gt;&lt;br /&gt;&lt;/div&gt;&lt;div align=&quot;center&quot;&gt;&lt;b&gt;&lt;div align=&quot;center&quot;&gt;&lt;div align=&quot;-webkit-center&quot;&gt;&lt;a class=&quot;external&quot; href=&quot;https://www.deviantart.com/users/outgoing?https://www.facebook.com/finnstarkillustration/&quot;&gt;&amp;nbsp;FACEBOOK&lt;/a&gt;&lt;/div&gt;&lt;/div&gt;&lt;/b&gt;&amp;nbsp;&lt;a class=&quot;external&quot; href=&quot;https://www.deviantart.com/users/outgoing?https://host-grin.tumblr.com/&quot;&gt;TUMBLR&lt;/a&gt;&amp;nbsp;&lt;a class=&quot;external&quot; href=&quot;https://www.deviantart.com/users/outgoing?https://www.instagram.com/anatofinnstark/&quot;&gt;&amp;nbsp;INSTAGRAM&amp;nbsp;&lt;/a&gt;&amp;nbsp;&lt;a class=&quot;external&quot; href=&quot;https://www.deviantart.com/users/outgoing?https://www.artstation.com/artist/anto-finnstark&quot;&gt;ARTSTATION&lt;/a&gt;&amp;nbsp;&amp;nbsp;&lt;a class=&quot;external&quot; href=&quot;https://www.deviantart.com/users/outgoing?https://drawcrowd.com/finnstarkillustration&quot;&gt;DRAWCROWD&amp;nbsp;&lt;/a&gt;&amp;nbsp;&amp;nbsp;&amp;nbsp;&lt;a class=&quot;external&quot; href=&quot;https://www.deviantart.com/users/outgoing?https://society6.com/anatofinnstark&quot;&gt;Print Marketplace&amp;#128261;&amp;nbsp;&lt;/a&gt;&amp;nbsp;&lt;a class=&quot;external&quot; href=&quot;https://www.deviantart.com/users/outgoing?https://gumroad.com/anatofinnstark&quot;&gt;Wallpaperma&lt;/a&gt;&lt;/div&gt;&lt;/div&gt;</media:description>            <media:thumbnail url="https://t00.deviantart.net/zCkOYw0Ysj_sEfe0gmiFRBeM8C4=/fit-in/150x150/filters:no_upscale():origin()/pre00/6c6a/th/pre/i/2019/030/3/1/the_king_s_journey___further_in_the_forest_by_anatofinnstark-dcyfq4e.png" height="150" width="60"/>            <media:thumbnail url="https://t00.deviantart.net/Rtm35SxYdMba0H3CyXD3Jw1qR8A=/fit-in/300x900/filters:no_upscale():origin()/pre00/6c6a/th/pre/i/2019/030/3/1/the_king_s_journey___further_in_the_forest_by_anatofinnstark-dcyfq4e.png" height="751" width="300"/>            <media:thumbnail url="https://t00.deviantart.net/hVKl5TnBvReahW4TKQOQxzZb7do=/300x200/filters:fixed_height(100,100):origin()/pre00/6c6a/th/pre/i/2019/030/3/1/the_king_s_journey___further_in_the_forest_by_anatofinnstark-dcyfq4e.png" height="201" width="100"/>            <media:content url="https://pre00.deviantart.net/6c6a/th/pre/i/2019/030/3/1/the_king_s_journey___further_in_the_forest_by_anatofinnstark-dcyfq4e.png" height="1415" width="565" medium="image"/>            
            <description>&lt;div align=&quot;-webkit-center&quot;&gt;&lt;b&gt;PRINT AND OTHER GOODIES AVAILABLE HERE :&amp;nbsp;&lt;a class=&quot;external&quot; href=&quot;https://www.deviantart.com/users/outgoing?https://www.redbubble.com/fr/people/anatofinnstark/works/36666632-the-kings-journey-further-in-the-forest?asc=u&amp;amp;ref=recent-owner&quot;&gt;www.redbubble.com/fr/people/an&amp;hellip;&lt;/a&gt;&lt;/b&gt;&lt;/div&gt;&lt;b&gt;&lt;div align=&quot;center&quot;&gt;&lt;b&gt;&lt;br /&gt;&lt;/b&gt;&lt;/div&gt;&lt;/b&gt;&lt;div align=&quot;-webkit-center&quot;&gt;Hey ! I have TWITTER now ! You can follow me here :&amp;nbsp;&lt;a class=&quot;external&quot; href=&quot;https://www.deviantart.com/users/outgoing?https://twitter.com/AFinnstark&quot;&gt;twitter.com/AFinnstark&lt;/a&gt;&lt;/div&gt;&lt;div align=&quot;-webkit-center&quot;&gt;&lt;a href=&quot;https://www.deviantart.com/users/outgoing?https://www.facebook.com/finnstarkillustration/&quot;&gt;&lt;/a&gt;&lt;a href=&quot;https://www.deviantart.com/blackoutdotexe/art/Dark-Souls-Sir-Alonne-shake-Katana-536988165&quot; class=&quot;emoticon&quot; data-embed-type=&quot;emoticon&quot; data-embed-id=&quot;536988165&quot; data-embed-profile=&quot;deviation&quot;&gt;&lt;img src=&quot;https://orig00.deviantart.net/bf71/f/2015/153/0/d/dark_souls___sir_alonne_shake_katana_by_blackoutdotexe-d8vpipx.gif&quot; alt=&quot;Dark Souls - Sir Alonne shake Katana&quot; style=&quot;width:50px;height:50px&quot;&gt;&lt;/a&gt;&amp;nbsp;&amp;nbsp;&amp;nbsp;&lt;/div&gt;&lt;div&gt;&lt;div align=&quot;center&quot;&gt;&lt;b&gt;MY PATREON :&amp;nbsp;&lt;a class=&quot;external&quot; href=&quot;https://www.deviantart.com/users/outgoing?https://www.patreon.com/anatofinnstark&quot;&gt;www.patreon.com/anatofinnstark&lt;/a&gt;&lt;/b&gt;&lt;/div&gt;&lt;b&gt;&lt;/b&gt;&lt;b&gt;&lt;div align=&quot;center&quot;&gt;&lt;br /&gt;&lt;/div&gt;&lt;/b&gt;&lt;div align=&quot;center&quot;&gt;&lt;br /&gt;&lt;/div&gt;&lt;div align=&quot;center&quot;&gt;&lt;b&gt;&lt;div align=&quot;center&quot;&gt;&lt;div align=&quot;-webkit-center&quot;&gt;&lt;a class=&quot;external&quot; href=&quot;https://www.deviantart.com/users/outgoing?https://www.facebook.com/finnstarkillustration/&quot;&gt;&amp;nbsp;FACEBOOK&lt;/a&gt;&lt;/div&gt;&lt;/div&gt;&lt;/b&gt;&amp;nbsp;&lt;a class=&quot;external&quot; href=&quot;https://www.deviantart.com/users/outgoing?https://host-grin.tumblr.com/&quot;&gt;TUMBLR&lt;/a&gt;&amp;nbsp;&lt;a class=&quot;external&quot; href=&quot;https://www.deviantart.com/users/outgoing?https://www.instagram.com/anatofinnstark/&quot;&gt;&amp;nbsp;INSTAGRAM&amp;nbsp;&lt;/a&gt;&amp;nbsp;&lt;a class=&quot;external&quot; href=&quot;https://www.deviantart.com/users/outgoing?https://www.artstation.com/artist/anto-finnstark&quot;&gt;ARTSTATION&lt;/a&gt;&amp;nbsp;&amp;nbsp;&lt;a class=&quot;external&quot; href=&quot;https://www.deviantart.com/users/outgoing?https://drawcrowd.com/finnstarkillustration&quot;&gt;DRAWCROWD&amp;nbsp;&lt;/a&gt;&amp;nbsp;&amp;nbsp;&amp;nbsp;&lt;a class=&quot;external&quot; href=&quot;https://www.deviantart.com/users/outgoing?https://society6.com/anatofinnstark&quot;&gt;Print Marketplace&amp;#128261;&amp;nbsp;&lt;/a&gt;&amp;nbsp;&lt;a class=&quot;external&quot; href=&quot;https://www.deviantart.com/users/outgoing?https://gumroad.com/anatofinnstark&quot;&gt;Wallpaperma&lt;/a&gt;&lt;/div&gt;&lt;/div&gt;&lt;br /&gt;&lt;div&gt;&lt;img src=&quot;https://t00.deviantart.net/hVKl5TnBvReahW4TKQOQxzZb7do=/300x200/filters:fixed_height(100,100):origin()/pre00/6c6a/th/pre/i/2019/030/3/1/the_king_s_journey___further_in_the_forest_by_anatofinnstark-dcyfq4e.png&quot; alt=&quot;thumbnail&quot; /&gt;&lt;/div&gt;</description>            </item>
                    <item>
                <title>Wonder Woman and Power Girl in distress</title>
                <link>https://svoidist.deviantart.com/art/Wonder-Woman-and-Power-Girl-in-distress-783395937</link>
                <guid isPermaLink="true">https://svoidist.deviantart.com/art/Wonder-Woman-and-Power-Girl-in-distress-783395937</guid>
                <pubDate>Wed, 30 Jan 2019 02:19:59 PST</pubDate>
                        <media:title type="plain">Wonder Woman and Power Girl in distress</media:title>
        <media:keywords></media:keywords>
                        <media:rating>nonadult</media:rating>
                <media:category label="Other">fanart/cartoons/digital/other</media:category>
        <media:credit role="author" scheme="urn:ebu">svoidist</media:credit>
        <media:credit role="author" scheme="urn:ebu">https://a.deviantart.net/avatars/s/v/svoidist.jpg?7</media:credit>
        <media:copyright url="https://svoidist.deviantart.com">Copyright 2019 svoidist</media:copyright>            <media:description type="html">WW and PG in trouble again&lt;br /&gt;&lt;br /&gt;get &lt;b&gt;NSFW&lt;/b&gt; and &lt;b&gt;Hardcore variants&lt;/b&gt; at &lt;a class=&quot;external&quot; href=&quot;https://www.deviantart.com/users/outgoing?https://patreon.com/svoidist&quot;&gt;patreon.com/svoidist&lt;/a&gt; or &lt;a class=&quot;external&quot; href=&quot;https://www.deviantart.com/users/outgoing?https://gumroad.com/svoidist&quot;&gt;gumroad.com/svoidist&lt;/a&gt;&lt;br /&gt;&lt;br /&gt;or purchase only Normal &lt;b&gt;NSFW&lt;/b&gt; at the right side with 500 DA points.&lt;br /&gt;&lt;br /&gt;Thank you so much for supporting my art!</media:description>            <media:thumbnail url="https://t00.deviantart.net/cDBcc0oa1AQmhBZlXb-fgX2iFJk=/fit-in/150x150/filters:no_upscale():origin()/pre00/4058/th/pre/i/2019/030/8/8/wonder_woman_and_power_girl_in_distress_by_svoidist-dcyew69.jpg" height="136" width="150"/>            <media:thumbnail url="https://t00.deviantart.net/BtX_Zdtk2CKEp2L-V5JoOFfXCOU=/fit-in/300x900/filters:no_upscale():origin()/pre00/4058/th/pre/i/2019/030/8/8/wonder_woman_and_power_girl_in_distress_by_svoidist-dcyew69.jpg" height="273" width="300"/>            <media:thumbnail url="https://t00.deviantart.net/SMJMW-eYx1Qfz_g9S5Bb3jFOB9I=/300x200/filters:fixed_height(100,100):origin()/pre00/4058/th/pre/i/2019/030/8/8/wonder_woman_and_power_girl_in_distress_by_svoidist-dcyew69.jpg" height="200" width="220"/>            <media:content url="https://pre00.deviantart.net/4058/th/pre/i/2019/030/8/8/wonder_woman_and_power_girl_in_distress_by_svoidist-dcyew69.jpg" height="852" width="937" medium="image"/>            
            <description>WW and PG in trouble again&lt;br /&gt;&lt;br /&gt;get &lt;b&gt;NSFW&lt;/b&gt; and &lt;b&gt;Hardcore variants&lt;/b&gt; at &lt;a class=&quot;external&quot; href=&quot;https://www.deviantart.com/users/outgoing?https://patreon.com/svoidist&quot;&gt;patreon.com/svoidist&lt;/a&gt; or &lt;a class=&quot;external&quot; href=&quot;https://www.deviantart.com/users/outgoing?https://gumroad.com/svoidist&quot;&gt;gumroad.com/svoidist&lt;/a&gt;&lt;br /&gt;&lt;br /&gt;or purchase only Normal &lt;b&gt;NSFW&lt;/b&gt; at the right side with 500 DA points.&lt;br /&gt;&lt;br /&gt;Thank you so much for supporting my art!&lt;br /&gt;&lt;div&gt;&lt;img src=&quot;https://t00.deviantart.net/SMJMW-eYx1Qfz_g9S5Bb3jFOB9I=/300x200/filters:fixed_height(100,100):origin()/pre00/4058/th/pre/i/2019/030/8/8/wonder_woman_and_power_girl_in_distress_by_svoidist-dcyew69.jpg&quot; alt=&quot;thumbnail&quot; /&gt;&lt;/div&gt;</description>            </item>
                    <item>
                <title>Leshawna&#039;s Back</title>
                <link>https://tubbytoon.deviantart.com/art/Leshawna-s-Back-783424312</link>
                <guid isPermaLink="true">https://tubbytoon.deviantart.com/art/Leshawna-s-Back-783424312</guid>
                <pubDate>Wed, 30 Jan 2019 08:06:52 PST</pubDate>
                        <media:title type="plain">Leshawna&#039;s Back</media:title>
        <media:keywords></media:keywords>
                        <media:rating>nonadult</media:rating>
                <media:category label="Movies &amp; TV">fanart/cartoons/digital/movies</media:category>
        <media:credit role="author" scheme="urn:ebu">TubbyToon</media:credit>
        <media:credit role="author" scheme="urn:ebu">https://a.deviantart.net/avatars/t/u/tubbytoon.jpg?2</media:credit>
        <media:copyright url="https://tubbytoon.deviantart.com">Copyright 2019 TubbyToon</media:copyright>            <media:description type="html">A quick follow up commission from&amp;nbsp;&lt;span&gt;:icon&lt;/span&gt;&lt;span&gt;SinkCandyCentral: to go with&amp;nbsp;&lt;span class=&quot;shadow-holder&quot; data-embed-type=&quot;deviation&quot; data-embed-id=&quot;780535142&quot; data-embed-format=&quot;thumb&quot;&gt;&lt;span class=&quot;shadow mild&quot; &gt;&lt;a class=&quot;thumb&quot; href=&quot;https://www.deviantart.com/tubbytoon/art/Leshawna-780535142&quot; title=&quot;Leshawna by TubbyToon, Jan 10, 2019 in Fan Art &amp;gt; Cartoons &amp;amp; Comics &amp;gt; Digital &amp;gt; Movies &amp;amp; TV&quot;data-super-img=&quot;https://images-wixmp-ed30a86b8c4ca887773594c2.wixmp.com/intermediary/f/f28b6fd3-81c5-40d4-ac98-c3ee540b46e3/dcwpkrq-d5ffdd8a-05a0-41d4-8436-caecaaaaa9fe.png/v1/fill/w_866,h_922,q_70,strp/leshawna_by_tubbytoon_dcwpkrq-pre.jpg&quot; data-super-width=&quot;866&quot; data-super-height=&quot;923&quot; data-super-transparent=&quot;false&quot; data-super-alt=&quot;Leshawna by TubbyToon&quot; data-super-full-img=&quot;https://images-wixmp-ed30a86b8c4ca887773594c2.wixmp.com/intermediary/f/f28b6fd3-81c5-40d4-ac98-c3ee540b46e3/dcwpkrq-d5ffdd8a-05a0-41d4-8436-caecaaaaa9fe.png/v1/fill/w_1600,h_1705,q_80,strp/leshawna_by_tubbytoon_dcwpkrq-fullview.jpg&quot; data-super-full-width=&quot;1600&quot; data-super-full-height=&quot;1705&quot;        data-sigil=&quot;thumb&quot;&gt;
        &lt;i&gt;&lt;/i&gt;&lt;img   width=&quot;141&quot; height=&quot;150&quot; alt=&quot;Leshawna by TubbyToon&quot; src=&quot;https://images-wixmp-ed30a86b8c4ca887773594c2.wixmp.com/intermediary/f/f28b6fd3-81c5-40d4-ac98-c3ee540b46e3/dcwpkrq-d5ffdd8a-05a0-41d4-8436-caecaaaaa9fe.png/v1/fit/w_150,h_150,q_70,strp/leshawna_by_tubbytoon_dcwpkrq-150.jpg&quot; data-src=&quot;https://images-wixmp-ed30a86b8c4ca887773594c2.wixmp.com/intermediary/f/f28b6fd3-81c5-40d4-ac98-c3ee540b46e3/dcwpkrq-d5ffdd8a-05a0-41d4-8436-caecaaaaa9fe.png/v1/fit/w_150,h_150,q_70,strp/leshawna_by_tubbytoon_dcwpkrq-150.jpg&quot; srcset=&quot;https://images-wixmp-ed30a86b8c4ca887773594c2.wixmp.com/intermediary/f/f28b6fd3-81c5-40d4-ac98-c3ee540b46e3/dcwpkrq-d5ffdd8a-05a0-41d4-8436-caecaaaaa9fe.png/v1/fit/w_150,h_150,q_70,strp/leshawna_by_tubbytoon_dcwpkrq-150.jpg 141w,https://images-wixmp-ed30a86b8c4ca887773594c2.wixmp.com/intermediary/f/f28b6fd3-81c5-40d4-ac98-c3ee540b46e3/dcwpkrq-d5ffdd8a-05a0-41d4-8436-caecaaaaa9fe.png/v1/fill/w_235,h_250,q_70,strp/leshawna_by_tubbytoon_dcwpkrq-250t.jpg 235w,https://images-wixmp-ed30a86b8c4ca887773594c2.wixmp.com/intermediary/f/f28b6fd3-81c5-40d4-ac98-c3ee540b46e3/dcwpkrq-d5ffdd8a-05a0-41d4-8436-caecaaaaa9fe.png/v1/fill/w_329,h_350,q_70,strp/leshawna_by_tubbytoon_dcwpkrq-350t.jpg 328w,https://images-wixmp-ed30a86b8c4ca887773594c2.wixmp.com/intermediary/f/f28b6fd3-81c5-40d4-ac98-c3ee540b46e3/dcwpkrq-d5ffdd8a-05a0-41d4-8436-caecaaaaa9fe.png/v1/fill/w_376,h_400,q_70,strp/leshawna_by_tubbytoon_dcwpkrq-400t.jpg 375w,https://images-wixmp-ed30a86b8c4ca887773594c2.wixmp.com/intermediary/f/f28b6fd3-81c5-40d4-ac98-c3ee540b46e3/dcwpkrq-d5ffdd8a-05a0-41d4-8436-caecaaaaa9fe.png/v1/fill/w_866,h_922,q_70,strp/leshawna_by_tubbytoon_dcwpkrq-pre.jpg 866w&quot; sizes=&quot;141px&quot;&gt;&lt;/a&gt;&lt;/span&gt;&lt;!-- ^TTT --&gt;&lt;!-- TTT$ --&gt;&lt;/span&gt;&lt;br /&gt;&lt;br /&gt;&lt;/span&gt;&lt;div align=&quot;center&quot;&gt;Weight Gain Sequences Sets- 100&amp;nbsp;&lt;img src=&quot;https://e.deviantart.net/emoticons/p/points.gif&quot; alt=&quot;Points&quot; style=&quot;width: 20px; height: 14px;&quot; data-embed-type=&quot;emoticon&quot; data-embed-id=&quot;589&quot;&gt;&amp;nbsp;Each!&lt;/div&gt;&lt;div align=&quot;center&quot;&gt;(4 or more images in each set)&lt;/div&gt;&lt;div align=&quot;-webkit-center&quot;&gt;&lt;br /&gt;&lt;/div&gt;&lt;div align=&quot;center&quot;&gt;&amp;nbsp; &amp;nbsp; &amp;nbsp; &amp;nbsp;&amp;nbsp;&lt;span class=&quot;shadow-holder&quot; data-embed-type=&quot;deviation&quot; data-embed-id=&quot;758666506&quot; data-embed-format=&quot;thumb&quot;&gt;&lt;span class=&quot;shadow mild&quot; &gt;&lt;a class=&quot;thumb&quot; href=&quot;https://www.deviantart.com/tubbytoon/art/Vicky-Transformations-758666506&quot; title=&quot;Vicky Transformations by TubbyToon, Aug 9, 2018 in Fan Art &amp;gt; Cartoons &amp;amp; Comics &amp;gt; Digital &amp;gt; Movies &amp;amp; TV&quot;data-super-img=&quot;https://images-wixmp-ed30a86b8c4ca887773594c2.wixmp.com/intermediary/f/f28b6fd3-81c5-40d4-ac98-c3ee540b46e3/dcjoutm-97e07a9b-3d3e-46f5-b45d-66851251e37b.jpg/v1/fill/w_800,h_800,q_70,strp/vicky_transformations_by_tubbytoon_dcjoutm-fullview.jpg&quot; data-super-width=&quot;800&quot; data-super-height=&quot;800&quot; data-super-transparent=&quot;false&quot; data-super-alt=&quot;Vicky Transformations by TubbyToon&quot; data-super-full-img=&quot;https://images-wixmp-ed30a86b8c4ca887773594c2.wixmp.com/intermediary/f/f28b6fd3-81c5-40d4-ac98-c3ee540b46e3/dcjoutm-97e07a9b-3d3e-46f5-b45d-66851251e37b.jpg/v1/fill/w_800,h_800,q_70,strp/vicky_transformations_by_tubbytoon_dcjoutm-fullview.jpg&quot; data-super-full-width=&quot;800&quot; data-super-full-height=&quot;800&quot;        data-sigil=&quot;thumb&quot;&gt;
        &lt;i&gt;&lt;/i&gt;&lt;img   width=&quot;150&quot; height=&quot;150&quot; alt=&quot;Vicky Transformations by TubbyToon&quot; src=&quot;https://images-wixmp-ed30a86b8c4ca887773594c2.wixmp.com/intermediary/f/f28b6fd3-81c5-40d4-ac98-c3ee540b46e3/dcjoutm-97e07a9b-3d3e-46f5-b45d-66851251e37b.jpg/v1/fit/w_150,h_150,q_70,strp/vicky_transformations_by_tubbytoon_dcjoutm-150.jpg&quot; data-src=&quot;https://images-wixmp-ed30a86b8c4ca887773594c2.wixmp.com/intermediary/f/f28b6fd3-81c5-40d4-ac98-c3ee540b46e3/dcjoutm-97e07a9b-3d3e-46f5-b45d-66851251e37b.jpg/v1/fit/w_150,h_150,q_70,strp/vicky_transformations_by_tubbytoon_dcjoutm-150.jpg&quot; srcset=&quot;https://images-wixmp-ed30a86b8c4ca887773594c2.wixmp.com/intermediary/f/f28b6fd3-81c5-40d4-ac98-c3ee540b46e3/dcjoutm-97e07a9b-3d3e-46f5-b45d-66851251e37b.jpg/v1/fit/w_150,h_150,q_70,strp/vicky_transformations_by_tubbytoon_dcjoutm-150.jpg 150w,https://images-wixmp-ed30a86b8c4ca887773594c2.wixmp.com/intermediary/f/f28b6fd3-81c5-40d4-ac98-c3ee540b46e3/dcjoutm-97e07a9b-3d3e-46f5-b45d-66851251e37b.jpg/v1/fill/w_250,h_250,q_70,strp/vicky_transformations_by_tubbytoon_dcjoutm-250t.jpg 250w,https://images-wixmp-ed30a86b8c4ca887773594c2.wixmp.com/intermediary/f/f28b6fd3-81c5-40d4-ac98-c3ee540b46e3/dcjoutm-97e07a9b-3d3e-46f5-b45d-66851251e37b.jpg/v1/fill/w_350,h_350,q_70,strp/vicky_transformations_by_tubbytoon_dcjoutm-350t.jpg 350w,https://images-wixmp-ed30a86b8c4ca887773594c2.wixmp.com/intermediary/f/f28b6fd3-81c5-40d4-ac98-c3ee540b46e3/dcjoutm-97e07a9b-3d3e-46f5-b45d-66851251e37b.jpg/v1/fill/w_400,h_400,q_70,strp/vicky_transformations_by_tubbytoon_dcjoutm-400t.jpg 400w,https://images-wixmp-ed30a86b8c4ca887773594c2.wixmp.com/intermediary/f/f28b6fd3-81c5-40d4-ac98-c3ee540b46e3/dcjoutm-97e07a9b-3d3e-46f5-b45d-66851251e37b.jpg/v1/fill/w_800,h_800,q_70,strp/vicky_transformations_by_tubbytoon_dcjoutm-fullview.jpg 800w&quot; sizes=&quot;150px&quot;&gt;&lt;/a&gt;&lt;/span&gt;&lt;!-- ^TTT --&gt;&lt;!-- TTT$ --&gt;&lt;/span&gt;&amp;nbsp; &amp;nbsp; &amp;nbsp;&amp;nbsp;&amp;nbsp; &amp;nbsp;&amp;nbsp;&lt;span class=&quot;shadow-holder&quot; data-embed-type=&quot;deviation&quot; data-embed-id=&quot;764812958&quot; data-embed-format=&quot;thumb&quot;&gt;&lt;span class=&quot;shadow mild&quot; &gt;&lt;a class=&quot;thumb&quot; href=&quot;https://www.deviantart.com/tubbytoon/art/Odds-And-Ends-Vol-3-764812958&quot; title=&quot;Odds And Ends Vol 3 by TubbyToon, Sep 20, 2018 in Fan Art &amp;gt; Cartoons &amp;amp; Comics &amp;gt; Digital &amp;gt; Movies &amp;amp; TV&quot;data-super-img=&quot;https://images-wixmp-ed30a86b8c4ca887773594c2.wixmp.com/intermediary/f/f28b6fd3-81c5-40d4-ac98-c3ee540b46e3/dcnclge-62c1be5d-8937-4c9f-a7b7-39623c583047.jpg/v1/fill/w_1024,h_611,q_70,strp/odds_and_ends_vol_3_by_tubbytoon_dcnclge-fullview.jpg&quot; data-super-width=&quot;1024&quot; data-super-height=&quot;611&quot; data-super-transparent=&quot;false&quot; data-super-alt=&quot;Odds And Ends Vol 3 by TubbyToon&quot; data-super-full-img=&quot;https://images-wixmp-ed30a86b8c4ca887773594c2.wixmp.com/intermediary/f/f28b6fd3-81c5-40d4-ac98-c3ee540b46e3/dcnclge-62c1be5d-8937-4c9f-a7b7-39623c583047.jpg/v1/fill/w_1024,h_611,q_70,strp/odds_and_ends_vol_3_by_tubbytoon_dcnclge-fullview.jpg&quot; data-super-full-width=&quot;1024&quot; data-super-full-height=&quot;611&quot;        data-sigil=&quot;thumb&quot;&gt;
        &lt;i&gt;&lt;/i&gt;&lt;img   width=&quot;150&quot; height=&quot;90&quot; alt=&quot;Odds And Ends Vol 3 by TubbyToon&quot; src=&quot;https://images-wixmp-ed30a86b8c4ca887773594c2.wixmp.com/intermediary/f/f28b6fd3-81c5-40d4-ac98-c3ee540b46e3/dcnclge-62c1be5d-8937-4c9f-a7b7-39623c583047.jpg/v1/fit/w_150,h_150,q_70,strp/odds_and_ends_vol_3_by_tubbytoon_dcnclge-150.jpg&quot; data-src=&quot;https://images-wixmp-ed30a86b8c4ca887773594c2.wixmp.com/intermediary/f/f28b6fd3-81c5-40d4-ac98-c3ee540b46e3/dcnclge-62c1be5d-8937-4c9f-a7b7-39623c583047.jpg/v1/fit/w_150,h_150,q_70,strp/odds_and_ends_vol_3_by_tubbytoon_dcnclge-150.jpg&quot; srcset=&quot;https://images-wixmp-ed30a86b8c4ca887773594c2.wixmp.com/intermediary/f/f28b6fd3-81c5-40d4-ac98-c3ee540b46e3/dcnclge-62c1be5d-8937-4c9f-a7b7-39623c583047.jpg/v1/fit/w_150,h_150,q_70,strp/odds_and_ends_vol_3_by_tubbytoon_dcnclge-150.jpg 150w,https://images-wixmp-ed30a86b8c4ca887773594c2.wixmp.com/intermediary/f/f28b6fd3-81c5-40d4-ac98-c3ee540b46e3/dcnclge-62c1be5d-8937-4c9f-a7b7-39623c583047.jpg/v1/fill/w_420,h_250,q_70,strp/odds_and_ends_vol_3_by_tubbytoon_dcnclge-250t.jpg 419w,https://images-wixmp-ed30a86b8c4ca887773594c2.wixmp.com/intermediary/f/f28b6fd3-81c5-40d4-ac98-c3ee540b46e3/dcnclge-62c1be5d-8937-4c9f-a7b7-39623c583047.jpg/v1/fill/w_587,h_350,q_70,strp/odds_and_ends_vol_3_by_tubbytoon_dcnclge-350t.jpg 587w,https://images-wixmp-ed30a86b8c4ca887773594c2.wixmp.com/intermediary/f/f28b6fd3-81c5-40d4-ac98-c3ee540b46e3/dcnclge-62c1be5d-8937-4c9f-a7b7-39623c583047.jpg/v1/fill/w_671,h_400,q_70,strp/odds_and_ends_vol_3_by_tubbytoon_dcnclge-400t.jpg 670w,https://images-wixmp-ed30a86b8c4ca887773594c2.wixmp.com/intermediary/f/f28b6fd3-81c5-40d4-ac98-c3ee540b46e3/dcnclge-62c1be5d-8937-4c9f-a7b7-39623c583047.jpg/v1/fill/w_1024,h_611,q_70,strp/odds_and_ends_vol_3_by_tubbytoon_dcnclge-fullview.jpg 1024w&quot; sizes=&quot;150px&quot;&gt;&lt;/a&gt;&lt;/span&gt;&lt;!-- ^TTT --&gt;&lt;!-- TTT$ --&gt;&lt;/span&gt;&lt;/div&gt;&lt;p&gt;&lt;/p&gt;&lt;p&gt;&lt;/p&gt;&lt;div align=&quot;-webkit-center&quot;&gt;&amp;nbsp; &amp;nbsp; &amp;nbsp; &amp;nbsp;&amp;nbsp;&amp;nbsp;&amp;nbsp;&lt;br /&gt;&lt;br /&gt;&lt;a class=&quot;external&quot; href=&quot;https://www.deviantart.com/users/outgoing?https://gum.co/JfqHe&quot;&gt;Available on Gumroad&lt;/a&gt;&amp;nbsp;&lt;br /&gt;&lt;br /&gt;&amp;nbsp;&amp;nbsp;&lt;span class=&quot;shadow-holder&quot; data-embed-type=&quot;deviation&quot; data-embed-id=&quot;770640854&quot; data-embed-format=&quot;thumb&quot;&gt;&lt;span class=&quot;shadow mild&quot; &gt;&lt;a class=&quot;thumb&quot; href=&quot;https://www.deviantart.com/tubbytoon/art/Treat-and-Freaks-Halloween-Set-770640854&quot; title=&quot;Treat and Freaks Halloween Set by TubbyToon, Oct 31, 2018 in Fan Art &amp;gt; Cartoons &amp;amp; Comics &amp;gt; Digital &amp;gt; Movies &amp;amp; TV&quot;data-super-img=&quot;https://images-wixmp-ed30a86b8c4ca887773594c2.wixmp.com/intermediary/f/f28b6fd3-81c5-40d4-ac98-c3ee540b46e3/dcqtiae-3e4a7c4f-e757-43da-bcae-9c5d673e14b4.jpg/v1/fill/w_961,h_832,q_70,strp/treat_and_freaks_halloween_set_by_tubbytoon_dcqtiae-pre.jpg&quot; data-super-width=&quot;960&quot; data-super-height=&quot;832&quot; data-super-transparent=&quot;false&quot; data-super-alt=&quot;Treat and Freaks Halloween Set by TubbyToon&quot; data-super-full-img=&quot;https://images-wixmp-ed30a86b8c4ca887773594c2.wixmp.com/intermediary/f/f28b6fd3-81c5-40d4-ac98-c3ee540b46e3/dcqtiae-3e4a7c4f-e757-43da-bcae-9c5d673e14b4.jpg/v1/fill/w_1600,h_1386,q_70,strp/treat_and_freaks_halloween_set_by_tubbytoon_dcqtiae-fullview.jpg&quot; data-super-full-width=&quot;1600&quot; data-super-full-height=&quot;1386&quot;        data-sigil=&quot;thumb&quot;&gt;
        &lt;i&gt;&lt;/i&gt;&lt;img   width=&quot;150&quot; height=&quot;130&quot; alt=&quot;Treat and Freaks Halloween Set by TubbyToon&quot; src=&quot;https://images-wixmp-ed30a86b8c4ca887773594c2.wixmp.com/intermediary/f/f28b6fd3-81c5-40d4-ac98-c3ee540b46e3/dcqtiae-3e4a7c4f-e757-43da-bcae-9c5d673e14b4.jpg/v1/fit/w_150,h_150,q_70,strp/treat_and_freaks_halloween_set_by_tubbytoon_dcqtiae-150.jpg&quot; data-src=&quot;https://images-wixmp-ed30a86b8c4ca887773594c2.wixmp.com/intermediary/f/f28b6fd3-81c5-40d4-ac98-c3ee540b46e3/dcqtiae-3e4a7c4f-e757-43da-bcae-9c5d673e14b4.jpg/v1/fit/w_150,h_150,q_70,strp/treat_and_freaks_halloween_set_by_tubbytoon_dcqtiae-150.jpg&quot; srcset=&quot;https://images-wixmp-ed30a86b8c4ca887773594c2.wixmp.com/intermediary/f/f28b6fd3-81c5-40d4-ac98-c3ee540b46e3/dcqtiae-3e4a7c4f-e757-43da-bcae-9c5d673e14b4.jpg/v1/fit/w_150,h_150,q_70,strp/treat_and_freaks_halloween_set_by_tubbytoon_dcqtiae-150.jpg 150w,https://images-wixmp-ed30a86b8c4ca887773594c2.wixmp.com/intermediary/f/f28b6fd3-81c5-40d4-ac98-c3ee540b46e3/dcqtiae-3e4a7c4f-e757-43da-bcae-9c5d673e14b4.jpg/v1/fill/w_289,h_250,q_70,strp/treat_and_freaks_halloween_set_by_tubbytoon_dcqtiae-250t.jpg 289w,https://images-wixmp-ed30a86b8c4ca887773594c2.wixmp.com/intermediary/f/f28b6fd3-81c5-40d4-ac98-c3ee540b46e3/dcqtiae-3e4a7c4f-e757-43da-bcae-9c5d673e14b4.jpg/v1/fill/w_404,h_350,q_70,strp/treat_and_freaks_halloween_set_by_tubbytoon_dcqtiae-350t.jpg 404w,https://images-wixmp-ed30a86b8c4ca887773594c2.wixmp.com/intermediary/f/f28b6fd3-81c5-40d4-ac98-c3ee540b46e3/dcqtiae-3e4a7c4f-e757-43da-bcae-9c5d673e14b4.jpg/v1/fill/w_462,h_400,q_70,strp/treat_and_freaks_halloween_set_by_tubbytoon_dcqtiae-400t.jpg 462w,https://images-wixmp-ed30a86b8c4ca887773594c2.wixmp.com/intermediary/f/f28b6fd3-81c5-40d4-ac98-c3ee540b46e3/dcqtiae-3e4a7c4f-e757-43da-bcae-9c5d673e14b4.jpg/v1/fill/w_961,h_832,q_70,strp/treat_and_freaks_halloween_set_by_tubbytoon_dcqtiae-pre.jpg 960w&quot; sizes=&quot;150px&quot;&gt;&lt;/a&gt;&lt;/span&gt;&lt;!-- ^TTT --&gt;&lt;!-- TTT$ --&gt;&lt;/span&gt;&amp;nbsp;&amp;nbsp;&amp;nbsp;&amp;nbsp;&lt;span class=&quot;shadow-holder&quot; data-embed-type=&quot;deviation&quot; data-embed-id=&quot;748224710&quot; data-embed-format=&quot;thumb&quot;&gt;&lt;span class=&quot;shadow mild&quot; &gt;&lt;a class=&quot;thumb&quot; href=&quot;https://www.deviantart.com/tubbytoon/art/Pokemon-Girls-Preview-748224710&quot; title=&quot;Pokemon Girls Preview by TubbyToon, Jun 4, 2018 in Fan Art &amp;gt; Cartoons &amp;amp; Comics &amp;gt; Digital &amp;gt; Movies &amp;amp; TV&quot;data-super-img=&quot;https://images-wixmp-ed30a86b8c4ca887773594c2.wixmp.com/intermediary/f/f28b6fd3-81c5-40d4-ac98-c3ee540b46e3/dcdh1vq-80075473-c348-4a16-869e-858378499e38.jpg/v1/fill/w_1014,h_788,q_70,strp/pokemon_girls_preview_by_tubbytoon_dcdh1vq-pre.jpg&quot; data-super-width=&quot;1013&quot; data-super-height=&quot;788&quot; data-super-transparent=&quot;false&quot; data-super-alt=&quot;Pokemon Girls Preview by TubbyToon&quot; data-super-full-img=&quot;https://images-wixmp-ed30a86b8c4ca887773594c2.wixmp.com/intermediary/f/f28b6fd3-81c5-40d4-ac98-c3ee540b46e3/dcdh1vq-80075473-c348-4a16-869e-858378499e38.jpg/v1/fill/w_1600,h_1245,q_70,strp/pokemon_girls_preview_by_tubbytoon_dcdh1vq-fullview.jpg&quot; data-super-full-width=&quot;1600&quot; data-super-full-height=&quot;1245&quot;        data-sigil=&quot;thumb&quot;&gt;
        &lt;i&gt;&lt;/i&gt;&lt;img   width=&quot;150&quot; height=&quot;117&quot; alt=&quot;Pokemon Girls Preview by TubbyToon&quot; src=&quot;https://images-wixmp-ed30a86b8c4ca887773594c2.wixmp.com/intermediary/f/f28b6fd3-81c5-40d4-ac98-c3ee540b46e3/dcdh1vq-80075473-c348-4a16-869e-858378499e38.jpg/v1/fit/w_150,h_150,q_70,strp/pokemon_girls_preview_by_tubbytoon_dcdh1vq-150.jpg&quot; data-src=&quot;https://images-wixmp-ed30a86b8c4ca887773594c2.wixmp.com/intermediary/f/f28b6fd3-81c5-40d4-ac98-c3ee540b46e3/dcdh1vq-80075473-c348-4a16-869e-858378499e38.jpg/v1/fit/w_150,h_150,q_70,strp/pokemon_girls_preview_by_tubbytoon_dcdh1vq-150.jpg&quot; srcset=&quot;https://images-wixmp-ed30a86b8c4ca887773594c2.wixmp.com/intermediary/f/f28b6fd3-81c5-40d4-ac98-c3ee540b46e3/dcdh1vq-80075473-c348-4a16-869e-858378499e38.jpg/v1/fit/w_150,h_150,q_70,strp/pokemon_girls_preview_by_tubbytoon_dcdh1vq-150.jpg 150w,https://images-wixmp-ed30a86b8c4ca887773594c2.wixmp.com/intermediary/f/f28b6fd3-81c5-40d4-ac98-c3ee540b46e3/dcdh1vq-80075473-c348-4a16-869e-858378499e38.jpg/v1/fill/w_321,h_250,q_70,strp/pokemon_girls_preview_by_tubbytoon_dcdh1vq-250t.jpg 321w,https://images-wixmp-ed30a86b8c4ca887773594c2.wixmp.com/intermediary/f/f28b6fd3-81c5-40d4-ac98-c3ee540b46e3/dcdh1vq-80075473-c348-4a16-869e-858378499e38.jpg/v1/fill/w_450,h_350,q_70,strp/pokemon_girls_preview_by_tubbytoon_dcdh1vq-350t.jpg 450w,https://images-wixmp-ed30a86b8c4ca887773594c2.wixmp.com/intermediary/f/f28b6fd3-81c5-40d4-ac98-c3ee540b46e3/dcdh1vq-80075473-c348-4a16-869e-858378499e38.jpg/v1/fill/w_514,h_400,q_70,strp/pokemon_girls_preview_by_tubbytoon_dcdh1vq-400t.jpg 514w,https://images-wixmp-ed30a86b8c4ca887773594c2.wixmp.com/intermediary/f/f28b6fd3-81c5-40d4-ac98-c3ee540b46e3/dcdh1vq-80075473-c348-4a16-869e-858378499e38.jpg/v1/fill/w_1014,h_788,q_70,strp/pokemon_girls_preview_by_tubbytoon_dcdh1vq-pre.jpg 1013w&quot; sizes=&quot;150px&quot;&gt;&lt;/a&gt;&lt;/span&gt;&lt;!-- ^TTT --&gt;&lt;!-- TTT$ --&gt;&lt;/span&gt;&amp;nbsp;&lt;span class=&quot;shadow-holder&quot; data-embed-type=&quot;deviation&quot; data-embed-id=&quot;751503069&quot; data-embed-format=&quot;thumb&quot;&gt;&lt;span class=&quot;shadow mild&quot; &gt;&lt;a class=&quot;thumb&quot; href=&quot;https://www.deviantart.com/tubbytoon/art/Age-of-Excess-80-s-Pack-Preview-751503069&quot; title=&quot;Age of Excess: 80&amp;#039;s Pack Preview by TubbyToon, Jun 25, 2018 in Fan Art &amp;gt; Cartoons &amp;amp; Comics &amp;gt; Digital &amp;gt; Movies &amp;amp; TV&quot;data-super-img=&quot;https://images-wixmp-ed30a86b8c4ca887773594c2.wixmp.com/intermediary/f/f28b6fd3-81c5-40d4-ac98-c3ee540b46e3/dcffbh9-2dd37ee5-13a0-499d-8e21-ab15dc2ef949.jpg/v1/fill/w_894,h_894,q_70,strp/age_of_excess__80_s_pack_preview_by_tubbytoon_dcffbh9-pre.jpg&quot; data-super-width=&quot;894&quot; data-super-height=&quot;894&quot; data-super-transparent=&quot;false&quot; data-super-alt=&quot;Age of Excess: 80&amp;#039;s Pack Preview by TubbyToon&quot; data-super-full-img=&quot;https://images-wixmp-ed30a86b8c4ca887773594c2.wixmp.com/intermediary/f/f28b6fd3-81c5-40d4-ac98-c3ee540b46e3/dcffbh9-2dd37ee5-13a0-499d-8e21-ab15dc2ef949.jpg/v1/fill/w_1600,h_1600,q_70,strp/age_of_excess__80_s_pack_preview_by_tubbytoon_dcffbh9-fullview.jpg&quot; data-super-full-width=&quot;1600&quot; data-super-full-height=&quot;1600&quot;        data-sigil=&quot;thumb&quot;&gt;
        &lt;i&gt;&lt;/i&gt;&lt;img   width=&quot;150&quot; height=&quot;150&quot; alt=&quot;Age of Excess: 80&amp;#039;s Pack Preview by TubbyToon&quot; src=&quot;https://images-wixmp-ed30a86b8c4ca887773594c2.wixmp.com/intermediary/f/f28b6fd3-81c5-40d4-ac98-c3ee540b46e3/dcffbh9-2dd37ee5-13a0-499d-8e21-ab15dc2ef949.jpg/v1/fit/w_150,h_150,q_70,strp/age_of_excess__80_s_pack_preview_by_tubbytoon_dcffbh9-150.jpg&quot; data-src=&quot;https://images-wixmp-ed30a86b8c4ca887773594c2.wixmp.com/intermediary/f/f28b6fd3-81c5-40d4-ac98-c3ee540b46e3/dcffbh9-2dd37ee5-13a0-499d-8e21-ab15dc2ef949.jpg/v1/fit/w_150,h_150,q_70,strp/age_of_excess__80_s_pack_preview_by_tubbytoon_dcffbh9-150.jpg&quot; srcset=&quot;https://images-wixmp-ed30a86b8c4ca887773594c2.wixmp.com/intermediary/f/f28b6fd3-81c5-40d4-ac98-c3ee540b46e3/dcffbh9-2dd37ee5-13a0-499d-8e21-ab15dc2ef949.jpg/v1/fit/w_150,h_150,q_70,strp/age_of_excess__80_s_pack_preview_by_tubbytoon_dcffbh9-150.jpg 150w,https://images-wixmp-ed30a86b8c4ca887773594c2.wixmp.com/intermediary/f/f28b6fd3-81c5-40d4-ac98-c3ee540b46e3/dcffbh9-2dd37ee5-13a0-499d-8e21-ab15dc2ef949.jpg/v1/fill/w_250,h_250,q_70,strp/age_of_excess__80_s_pack_preview_by_tubbytoon_dcffbh9-250t.jpg 250w,https://images-wixmp-ed30a86b8c4ca887773594c2.wixmp.com/intermediary/f/f28b6fd3-81c5-40d4-ac98-c3ee540b46e3/dcffbh9-2dd37ee5-13a0-499d-8e21-ab15dc2ef949.jpg/v1/fill/w_350,h_350,q_70,strp/age_of_excess__80_s_pack_preview_by_tubbytoon_dcffbh9-350t.jpg 350w,https://images-wixmp-ed30a86b8c4ca887773594c2.wixmp.com/intermediary/f/f28b6fd3-81c5-40d4-ac98-c3ee540b46e3/dcffbh9-2dd37ee5-13a0-499d-8e21-ab15dc2ef949.jpg/v1/fill/w_400,h_400,q_70,strp/age_of_excess__80_s_pack_preview_by_tubbytoon_dcffbh9-400t.jpg 400w,https://images-wixmp-ed30a86b8c4ca887773594c2.wixmp.com/intermediary/f/f28b6fd3-81c5-40d4-ac98-c3ee540b46e3/dcffbh9-2dd37ee5-13a0-499d-8e21-ab15dc2ef949.jpg/v1/fill/w_894,h_894,q_70,strp/age_of_excess__80_s_pack_preview_by_tubbytoon_dcffbh9-pre.jpg 894w&quot; sizes=&quot;150px&quot;&gt;&lt;/a&gt;&lt;/span&gt;&lt;!-- ^TTT --&gt;&lt;!-- TTT$ --&gt;&lt;/span&gt;&lt;/div&gt;</media:description>            <media:thumbnail url="https://t00.deviantart.net/fz1nokUaFfZMujiM5oIcANRUsbI=/fit-in/150x150/filters:no_upscale():origin()/pre00/a8d1/th/pre/i/2019/030/d/8/leshawna_s_back_by_tubbytoon-dcyfi2g.png" height="150" width="136"/>            <media:thumbnail url="https://t00.deviantart.net/ilrQAqk2XHyNWRlyaGRlvfdPyN0=/fit-in/300x900/filters:no_upscale():origin()/pre00/a8d1/th/pre/i/2019/030/d/8/leshawna_s_back_by_tubbytoon-dcyfi2g.png" height="332" width="300"/>            <media:thumbnail url="https://t00.deviantart.net/UWlGG_1r6dPOKHIjjIdWqRNU3wg=/300x200/filters:fixed_height(100,100):origin()/pre00/a8d1/th/pre/i/2019/030/d/8/leshawna_s_back_by_tubbytoon-dcyfi2g.png" height="200" width="181"/>            <media:content url="https://pre00.deviantart.net/a8d1/th/pre/i/2019/030/d/8/leshawna_s_back_by_tubbytoon-dcyfi2g.png" height="940" width="850" medium="image"/>            
            <description>A quick follow up commission from&amp;nbsp;&lt;span&gt;:icon&lt;/span&gt;&lt;span&gt;SinkCandyCentral: to go with&amp;nbsp;&lt;span class=&quot;shadow-holder&quot; data-embed-type=&quot;deviation&quot; data-embed-id=&quot;780535142&quot; data-embed-format=&quot;thumb&quot;&gt;&lt;span class=&quot;shadow mild&quot; &gt;&lt;a class=&quot;thumb&quot; href=&quot;https://www.deviantart.com/tubbytoon/art/Leshawna-780535142&quot; title=&quot;Leshawna by TubbyToon, Jan 10, 2019 in Fan Art &amp;gt; Cartoons &amp;amp; Comics &amp;gt; Digital &amp;gt; Movies &amp;amp; TV&quot;data-super-img=&quot;https://images-wixmp-ed30a86b8c4ca887773594c2.wixmp.com/intermediary/f/f28b6fd3-81c5-40d4-ac98-c3ee540b46e3/dcwpkrq-d5ffdd8a-05a0-41d4-8436-caecaaaaa9fe.png/v1/fill/w_866,h_922,q_70,strp/leshawna_by_tubbytoon_dcwpkrq-pre.jpg&quot; data-super-width=&quot;866&quot; data-super-height=&quot;923&quot; data-super-transparent=&quot;false&quot; data-super-alt=&quot;Leshawna by TubbyToon&quot; data-super-full-img=&quot;https://images-wixmp-ed30a86b8c4ca887773594c2.wixmp.com/intermediary/f/f28b6fd3-81c5-40d4-ac98-c3ee540b46e3/dcwpkrq-d5ffdd8a-05a0-41d4-8436-caecaaaaa9fe.png/v1/fill/w_1600,h_1705,q_80,strp/leshawna_by_tubbytoon_dcwpkrq-fullview.jpg&quot; data-super-full-width=&quot;1600&quot; data-super-full-height=&quot;1705&quot;        data-sigil=&quot;thumb&quot;&gt;
        &lt;i&gt;&lt;/i&gt;&lt;img   width=&quot;141&quot; height=&quot;150&quot; alt=&quot;Leshawna by TubbyToon&quot; src=&quot;https://images-wixmp-ed30a86b8c4ca887773594c2.wixmp.com/intermediary/f/f28b6fd3-81c5-40d4-ac98-c3ee540b46e3/dcwpkrq-d5ffdd8a-05a0-41d4-8436-caecaaaaa9fe.png/v1/fit/w_150,h_150,q_70,strp/leshawna_by_tubbytoon_dcwpkrq-150.jpg&quot; data-src=&quot;https://images-wixmp-ed30a86b8c4ca887773594c2.wixmp.com/intermediary/f/f28b6fd3-81c5-40d4-ac98-c3ee540b46e3/dcwpkrq-d5ffdd8a-05a0-41d4-8436-caecaaaaa9fe.png/v1/fit/w_150,h_150,q_70,strp/leshawna_by_tubbytoon_dcwpkrq-150.jpg&quot; srcset=&quot;https://images-wixmp-ed30a86b8c4ca887773594c2.wixmp.com/intermediary/f/f28b6fd3-81c5-40d4-ac98-c3ee540b46e3/dcwpkrq-d5ffdd8a-05a0-41d4-8436-caecaaaaa9fe.png/v1/fit/w_150,h_150,q_70,strp/leshawna_by_tubbytoon_dcwpkrq-150.jpg 141w,https://images-wixmp-ed30a86b8c4ca887773594c2.wixmp.com/intermediary/f/f28b6fd3-81c5-40d4-ac98-c3ee540b46e3/dcwpkrq-d5ffdd8a-05a0-41d4-8436-caecaaaaa9fe.png/v1/fill/w_235,h_250,q_70,strp/leshawna_by_tubbytoon_dcwpkrq-250t.jpg 235w,https://images-wixmp-ed30a86b8c4ca887773594c2.wixmp.com/intermediary/f/f28b6fd3-81c5-40d4-ac98-c3ee540b46e3/dcwpkrq-d5ffdd8a-05a0-41d4-8436-caecaaaaa9fe.png/v1/fill/w_329,h_350,q_70,strp/leshawna_by_tubbytoon_dcwpkrq-350t.jpg 328w,https://images-wixmp-ed30a86b8c4ca887773594c2.wixmp.com/intermediary/f/f28b6fd3-81c5-40d4-ac98-c3ee540b46e3/dcwpkrq-d5ffdd8a-05a0-41d4-8436-caecaaaaa9fe.png/v1/fill/w_376,h_400,q_70,strp/leshawna_by_tubbytoon_dcwpkrq-400t.jpg 375w,https://images-wixmp-ed30a86b8c4ca887773594c2.wixmp.com/intermediary/f/f28b6fd3-81c5-40d4-ac98-c3ee540b46e3/dcwpkrq-d5ffdd8a-05a0-41d4-8436-caecaaaaa9fe.png/v1/fill/w_866,h_922,q_70,strp/leshawna_by_tubbytoon_dcwpkrq-pre.jpg 866w&quot; sizes=&quot;141px&quot;&gt;&lt;/a&gt;&lt;/span&gt;&lt;!-- ^TTT --&gt;&lt;!-- TTT$ --&gt;&lt;/span&gt;&lt;br /&gt;&lt;br /&gt;&lt;/span&gt;&lt;div align=&quot;center&quot;&gt;Weight Gain Sequences Sets- 100&amp;nbsp;&lt;img src=&quot;https://e.deviantart.net/emoticons/p/points.gif&quot; alt=&quot;Points&quot; style=&quot;width: 20px; height: 14px;&quot; data-embed-type=&quot;emoticon&quot; data-embed-id=&quot;589&quot;&gt;&amp;nbsp;Each!&lt;/div&gt;&lt;div align=&quot;center&quot;&gt;(4 or more images in each set)&lt;/div&gt;&lt;div align=&quot;-webkit-center&quot;&gt;&lt;br /&gt;&lt;/div&gt;&lt;div align=&quot;center&quot;&gt;&amp;nbsp; &amp;nbsp; &amp;nbsp; &amp;nbsp;&amp;nbsp;&lt;span class=&quot;shadow-holder&quot; data-embed-type=&quot;deviation&quot; data-embed-id=&quot;758666506&quot; data-embed-format=&quot;thumb&quot;&gt;&lt;span class=&quot;shadow mild&quot; &gt;&lt;a class=&quot;thumb&quot; href=&quot;https://www.deviantart.com/tubbytoon/art/Vicky-Transformations-758666506&quot; title=&quot;Vicky Transformations by TubbyToon, Aug 9, 2018 in Fan Art &amp;gt; Cartoons &amp;amp; Comics &amp;gt; Digital &amp;gt; Movies &amp;amp; TV&quot;data-super-img=&quot;https://images-wixmp-ed30a86b8c4ca887773594c2.wixmp.com/intermediary/f/f28b6fd3-81c5-40d4-ac98-c3ee540b46e3/dcjoutm-97e07a9b-3d3e-46f5-b45d-66851251e37b.jpg/v1/fill/w_800,h_800,q_70,strp/vicky_transformations_by_tubbytoon_dcjoutm-fullview.jpg&quot; data-super-width=&quot;800&quot; data-super-height=&quot;800&quot; data-super-transparent=&quot;false&quot; data-super-alt=&quot;Vicky Transformations by TubbyToon&quot; data-super-full-img=&quot;https://images-wixmp-ed30a86b8c4ca887773594c2.wixmp.com/intermediary/f/f28b6fd3-81c5-40d4-ac98-c3ee540b46e3/dcjoutm-97e07a9b-3d3e-46f5-b45d-66851251e37b.jpg/v1/fill/w_800,h_800,q_70,strp/vicky_transformations_by_tubbytoon_dcjoutm-fullview.jpg&quot; data-super-full-width=&quot;800&quot; data-super-full-height=&quot;800&quot;        data-sigil=&quot;thumb&quot;&gt;
        &lt;i&gt;&lt;/i&gt;&lt;img   width=&quot;150&quot; height=&quot;150&quot; alt=&quot;Vicky Transformations by TubbyToon&quot; src=&quot;https://images-wixmp-ed30a86b8c4ca887773594c2.wixmp.com/intermediary/f/f28b6fd3-81c5-40d4-ac98-c3ee540b46e3/dcjoutm-97e07a9b-3d3e-46f5-b45d-66851251e37b.jpg/v1/fit/w_150,h_150,q_70,strp/vicky_transformations_by_tubbytoon_dcjoutm-150.jpg&quot; data-src=&quot;https://images-wixmp-ed30a86b8c4ca887773594c2.wixmp.com/intermediary/f/f28b6fd3-81c5-40d4-ac98-c3ee540b46e3/dcjoutm-97e07a9b-3d3e-46f5-b45d-66851251e37b.jpg/v1/fit/w_150,h_150,q_70,strp/vicky_transformations_by_tubbytoon_dcjoutm-150.jpg&quot; srcset=&quot;https://images-wixmp-ed30a86b8c4ca887773594c2.wixmp.com/intermediary/f/f28b6fd3-81c5-40d4-ac98-c3ee540b46e3/dcjoutm-97e07a9b-3d3e-46f5-b45d-66851251e37b.jpg/v1/fit/w_150,h_150,q_70,strp/vicky_transformations_by_tubbytoon_dcjoutm-150.jpg 150w,https://images-wixmp-ed30a86b8c4ca887773594c2.wixmp.com/intermediary/f/f28b6fd3-81c5-40d4-ac98-c3ee540b46e3/dcjoutm-97e07a9b-3d3e-46f5-b45d-66851251e37b.jpg/v1/fill/w_250,h_250,q_70,strp/vicky_transformations_by_tubbytoon_dcjoutm-250t.jpg 250w,https://images-wixmp-ed30a86b8c4ca887773594c2.wixmp.com/intermediary/f/f28b6fd3-81c5-40d4-ac98-c3ee540b46e3/dcjoutm-97e07a9b-3d3e-46f5-b45d-66851251e37b.jpg/v1/fill/w_350,h_350,q_70,strp/vicky_transformations_by_tubbytoon_dcjoutm-350t.jpg 350w,https://images-wixmp-ed30a86b8c4ca887773594c2.wixmp.com/intermediary/f/f28b6fd3-81c5-40d4-ac98-c3ee540b46e3/dcjoutm-97e07a9b-3d3e-46f5-b45d-66851251e37b.jpg/v1/fill/w_400,h_400,q_70,strp/vicky_transformations_by_tubbytoon_dcjoutm-400t.jpg 400w,https://images-wixmp-ed30a86b8c4ca887773594c2.wixmp.com/intermediary/f/f28b6fd3-81c5-40d4-ac98-c3ee540b46e3/dcjoutm-97e07a9b-3d3e-46f5-b45d-66851251e37b.jpg/v1/fill/w_800,h_800,q_70,strp/vicky_transformations_by_tubbytoon_dcjoutm-fullview.jpg 800w&quot; sizes=&quot;150px&quot;&gt;&lt;/a&gt;&lt;/span&gt;&lt;!-- ^TTT --&gt;&lt;!-- TTT$ --&gt;&lt;/span&gt;&amp;nbsp; &amp;nbsp; &amp;nbsp;&amp;nbsp;&amp;nbsp; &amp;nbsp;&amp;nbsp;&lt;span class=&quot;shadow-holder&quot; data-embed-type=&quot;deviation&quot; data-embed-id=&quot;764812958&quot; data-embed-format=&quot;thumb&quot;&gt;&lt;span class=&quot;shadow mild&quot; &gt;&lt;a class=&quot;thumb&quot; href=&quot;https://www.deviantart.com/tubbytoon/art/Odds-And-Ends-Vol-3-764812958&quot; title=&quot;Odds And Ends Vol 3 by TubbyToon, Sep 20, 2018 in Fan Art &amp;gt; Cartoons &amp;amp; Comics &amp;gt; Digital &amp;gt; Movies &amp;amp; TV&quot;data-super-img=&quot;https://images-wixmp-ed30a86b8c4ca887773594c2.wixmp.com/intermediary/f/f28b6fd3-81c5-40d4-ac98-c3ee540b46e3/dcnclge-62c1be5d-8937-4c9f-a7b7-39623c583047.jpg/v1/fill/w_1024,h_611,q_70,strp/odds_and_ends_vol_3_by_tubbytoon_dcnclge-fullview.jpg&quot; data-super-width=&quot;1024&quot; data-super-height=&quot;611&quot; data-super-transparent=&quot;false&quot; data-super-alt=&quot;Odds And Ends Vol 3 by TubbyToon&quot; data-super-full-img=&quot;https://images-wixmp-ed30a86b8c4ca887773594c2.wixmp.com/intermediary/f/f28b6fd3-81c5-40d4-ac98-c3ee540b46e3/dcnclge-62c1be5d-8937-4c9f-a7b7-39623c583047.jpg/v1/fill/w_1024,h_611,q_70,strp/odds_and_ends_vol_3_by_tubbytoon_dcnclge-fullview.jpg&quot; data-super-full-width=&quot;1024&quot; data-super-full-height=&quot;611&quot;        data-sigil=&quot;thumb&quot;&gt;
        &lt;i&gt;&lt;/i&gt;&lt;img   width=&quot;150&quot; height=&quot;90&quot; alt=&quot;Odds And Ends Vol 3 by TubbyToon&quot; src=&quot;https://images-wixmp-ed30a86b8c4ca887773594c2.wixmp.com/intermediary/f/f28b6fd3-81c5-40d4-ac98-c3ee540b46e3/dcnclge-62c1be5d-8937-4c9f-a7b7-39623c583047.jpg/v1/fit/w_150,h_150,q_70,strp/odds_and_ends_vol_3_by_tubbytoon_dcnclge-150.jpg&quot; data-src=&quot;https://images-wixmp-ed30a86b8c4ca887773594c2.wixmp.com/intermediary/f/f28b6fd3-81c5-40d4-ac98-c3ee540b46e3/dcnclge-62c1be5d-8937-4c9f-a7b7-39623c583047.jpg/v1/fit/w_150,h_150,q_70,strp/odds_and_ends_vol_3_by_tubbytoon_dcnclge-150.jpg&quot; srcset=&quot;https://images-wixmp-ed30a86b8c4ca887773594c2.wixmp.com/intermediary/f/f28b6fd3-81c5-40d4-ac98-c3ee540b46e3/dcnclge-62c1be5d-8937-4c9f-a7b7-39623c583047.jpg/v1/fit/w_150,h_150,q_70,strp/odds_and_ends_vol_3_by_tubbytoon_dcnclge-150.jpg 150w,https://images-wixmp-ed30a86b8c4ca887773594c2.wixmp.com/intermediary/f/f28b6fd3-81c5-40d4-ac98-c3ee540b46e3/dcnclge-62c1be5d-8937-4c9f-a7b7-39623c583047.jpg/v1/fill/w_420,h_250,q_70,strp/odds_and_ends_vol_3_by_tubbytoon_dcnclge-250t.jpg 419w,https://images-wixmp-ed30a86b8c4ca887773594c2.wixmp.com/intermediary/f/f28b6fd3-81c5-40d4-ac98-c3ee540b46e3/dcnclge-62c1be5d-8937-4c9f-a7b7-39623c583047.jpg/v1/fill/w_587,h_350,q_70,strp/odds_and_ends_vol_3_by_tubbytoon_dcnclge-350t.jpg 587w,https://images-wixmp-ed30a86b8c4ca887773594c2.wixmp.com/intermediary/f/f28b6fd3-81c5-40d4-ac98-c3ee540b46e3/dcnclge-62c1be5d-8937-4c9f-a7b7-39623c583047.jpg/v1/fill/w_671,h_400,q_70,strp/odds_and_ends_vol_3_by_tubbytoon_dcnclge-400t.jpg 670w,https://images-wixmp-ed30a86b8c4ca887773594c2.wixmp.com/intermediary/f/f28b6fd3-81c5-40d4-ac98-c3ee540b46e3/dcnclge-62c1be5d-8937-4c9f-a7b7-39623c583047.jpg/v1/fill/w_1024,h_611,q_70,strp/odds_and_ends_vol_3_by_tubbytoon_dcnclge-fullview.jpg 1024w&quot; sizes=&quot;150px&quot;&gt;&lt;/a&gt;&lt;/span&gt;&lt;!-- ^TTT --&gt;&lt;!-- TTT$ --&gt;&lt;/span&gt;&lt;/div&gt;&lt;p&gt;&lt;/p&gt;&lt;p&gt;&lt;/p&gt;&lt;div align=&quot;-webkit-center&quot;&gt;&amp;nbsp; &amp;nbsp; &amp;nbsp; &amp;nbsp;&amp;nbsp;&amp;nbsp;&amp;nbsp;&lt;br /&gt;&lt;br /&gt;&lt;a class=&quot;external&quot; href=&quot;https://www.deviantart.com/users/outgoing?https://gum.co/JfqHe&quot;&gt;Available on Gumroad&lt;/a&gt;&amp;nbsp;&lt;br /&gt;&lt;br /&gt;&amp;nbsp;&amp;nbsp;&lt;span class=&quot;shadow-holder&quot; data-embed-type=&quot;deviation&quot; data-embed-id=&quot;770640854&quot; data-embed-format=&quot;thumb&quot;&gt;&lt;span class=&quot;shadow mild&quot; &gt;&lt;a class=&quot;thumb&quot; href=&quot;https://www.deviantart.com/tubbytoon/art/Treat-and-Freaks-Halloween-Set-770640854&quot; title=&quot;Treat and Freaks Halloween Set by TubbyToon, Oct 31, 2018 in Fan Art &amp;gt; Cartoons &amp;amp; Comics &amp;gt; Digital &amp;gt; Movies &amp;amp; TV&quot;data-super-img=&quot;https://images-wixmp-ed30a86b8c4ca887773594c2.wixmp.com/intermediary/f/f28b6fd3-81c5-40d4-ac98-c3ee540b46e3/dcqtiae-3e4a7c4f-e757-43da-bcae-9c5d673e14b4.jpg/v1/fill/w_961,h_832,q_70,strp/treat_and_freaks_halloween_set_by_tubbytoon_dcqtiae-pre.jpg&quot; data-super-width=&quot;960&quot; data-super-height=&quot;832&quot; data-super-transparent=&quot;false&quot; data-super-alt=&quot;Treat and Freaks Halloween Set by TubbyToon&quot; data-super-full-img=&quot;https://images-wixmp-ed30a86b8c4ca887773594c2.wixmp.com/intermediary/f/f28b6fd3-81c5-40d4-ac98-c3ee540b46e3/dcqtiae-3e4a7c4f-e757-43da-bcae-9c5d673e14b4.jpg/v1/fill/w_1600,h_1386,q_70,strp/treat_and_freaks_halloween_set_by_tubbytoon_dcqtiae-fullview.jpg&quot; data-super-full-width=&quot;1600&quot; data-super-full-height=&quot;1386&quot;        data-sigil=&quot;thumb&quot;&gt;
        &lt;i&gt;&lt;/i&gt;&lt;img   width=&quot;150&quot; height=&quot;130&quot; alt=&quot;Treat and Freaks Halloween Set by TubbyToon&quot; src=&quot;https://images-wixmp-ed30a86b8c4ca887773594c2.wixmp.com/intermediary/f/f28b6fd3-81c5-40d4-ac98-c3ee540b46e3/dcqtiae-3e4a7c4f-e757-43da-bcae-9c5d673e14b4.jpg/v1/fit/w_150,h_150,q_70,strp/treat_and_freaks_halloween_set_by_tubbytoon_dcqtiae-150.jpg&quot; data-src=&quot;https://images-wixmp-ed30a86b8c4ca887773594c2.wixmp.com/intermediary/f/f28b6fd3-81c5-40d4-ac98-c3ee540b46e3/dcqtiae-3e4a7c4f-e757-43da-bcae-9c5d673e14b4.jpg/v1/fit/w_150,h_150,q_70,strp/treat_and_freaks_halloween_set_by_tubbytoon_dcqtiae-150.jpg&quot; srcset=&quot;https://images-wixmp-ed30a86b8c4ca887773594c2.wixmp.com/intermediary/f/f28b6fd3-81c5-40d4-ac98-c3ee540b46e3/dcqtiae-3e4a7c4f-e757-43da-bcae-9c5d673e14b4.jpg/v1/fit/w_150,h_150,q_70,strp/treat_and_freaks_halloween_set_by_tubbytoon_dcqtiae-150.jpg 150w,https://images-wixmp-ed30a86b8c4ca887773594c2.wixmp.com/intermediary/f/f28b6fd3-81c5-40d4-ac98-c3ee540b46e3/dcqtiae-3e4a7c4f-e757-43da-bcae-9c5d673e14b4.jpg/v1/fill/w_289,h_250,q_70,strp/treat_and_freaks_halloween_set_by_tubbytoon_dcqtiae-250t.jpg 289w,https://images-wixmp-ed30a86b8c4ca887773594c2.wixmp.com/intermediary/f/f28b6fd3-81c5-40d4-ac98-c3ee540b46e3/dcqtiae-3e4a7c4f-e757-43da-bcae-9c5d673e14b4.jpg/v1/fill/w_404,h_350,q_70,strp/treat_and_freaks_halloween_set_by_tubbytoon_dcqtiae-350t.jpg 404w,https://images-wixmp-ed30a86b8c4ca887773594c2.wixmp.com/intermediary/f/f28b6fd3-81c5-40d4-ac98-c3ee540b46e3/dcqtiae-3e4a7c4f-e757-43da-bcae-9c5d673e14b4.jpg/v1/fill/w_462,h_400,q_70,strp/treat_and_freaks_halloween_set_by_tubbytoon_dcqtiae-400t.jpg 462w,https://images-wixmp-ed30a86b8c4ca887773594c2.wixmp.com/intermediary/f/f28b6fd3-81c5-40d4-ac98-c3ee540b46e3/dcqtiae-3e4a7c4f-e757-43da-bcae-9c5d673e14b4.jpg/v1/fill/w_961,h_832,q_70,strp/treat_and_freaks_halloween_set_by_tubbytoon_dcqtiae-pre.jpg 960w&quot; sizes=&quot;150px&quot;&gt;&lt;/a&gt;&lt;/span&gt;&lt;!-- ^TTT --&gt;&lt;!-- TTT$ --&gt;&lt;/span&gt;&amp;nbsp;&amp;nbsp;&amp;nbsp;&amp;nbsp;&lt;span class=&quot;shadow-holder&quot; data-embed-type=&quot;deviation&quot; data-embed-id=&quot;748224710&quot; data-embed-format=&quot;thumb&quot;&gt;&lt;span class=&quot;shadow mild&quot; &gt;&lt;a class=&quot;thumb&quot; href=&quot;https://www.deviantart.com/tubbytoon/art/Pokemon-Girls-Preview-748224710&quot; title=&quot;Pokemon Girls Preview by TubbyToon, Jun 4, 2018 in Fan Art &amp;gt; Cartoons &amp;amp; Comics &amp;gt; Digital &amp;gt; Movies &amp;amp; TV&quot;data-super-img=&quot;https://images-wixmp-ed30a86b8c4ca887773594c2.wixmp.com/intermediary/f/f28b6fd3-81c5-40d4-ac98-c3ee540b46e3/dcdh1vq-80075473-c348-4a16-869e-858378499e38.jpg/v1/fill/w_1014,h_788,q_70,strp/pokemon_girls_preview_by_tubbytoon_dcdh1vq-pre.jpg&quot; data-super-width=&quot;1013&quot; data-super-height=&quot;788&quot; data-super-transparent=&quot;false&quot; data-super-alt=&quot;Pokemon Girls Preview by TubbyToon&quot; data-super-full-img=&quot;https://images-wixmp-ed30a86b8c4ca887773594c2.wixmp.com/intermediary/f/f28b6fd3-81c5-40d4-ac98-c3ee540b46e3/dcdh1vq-80075473-c348-4a16-869e-858378499e38.jpg/v1/fill/w_1600,h_1245,q_70,strp/pokemon_girls_preview_by_tubbytoon_dcdh1vq-fullview.jpg&quot; data-super-full-width=&quot;1600&quot; data-super-full-height=&quot;1245&quot;        data-sigil=&quot;thumb&quot;&gt;
        &lt;i&gt;&lt;/i&gt;&lt;img   width=&quot;150&quot; height=&quot;117&quot; alt=&quot;Pokemon Girls Preview by TubbyToon&quot; src=&quot;https://images-wixmp-ed30a86b8c4ca887773594c2.wixmp.com/intermediary/f/f28b6fd3-81c5-40d4-ac98-c3ee540b46e3/dcdh1vq-80075473-c348-4a16-869e-858378499e38.jpg/v1/fit/w_150,h_150,q_70,strp/pokemon_girls_preview_by_tubbytoon_dcdh1vq-150.jpg&quot; data-src=&quot;https://images-wixmp-ed30a86b8c4ca887773594c2.wixmp.com/intermediary/f/f28b6fd3-81c5-40d4-ac98-c3ee540b46e3/dcdh1vq-80075473-c348-4a16-869e-858378499e38.jpg/v1/fit/w_150,h_150,q_70,strp/pokemon_girls_preview_by_tubbytoon_dcdh1vq-150.jpg&quot; srcset=&quot;https://images-wixmp-ed30a86b8c4ca887773594c2.wixmp.com/intermediary/f/f28b6fd3-81c5-40d4-ac98-c3ee540b46e3/dcdh1vq-80075473-c348-4a16-869e-858378499e38.jpg/v1/fit/w_150,h_150,q_70,strp/pokemon_girls_preview_by_tubbytoon_dcdh1vq-150.jpg 150w,https://images-wixmp-ed30a86b8c4ca887773594c2.wixmp.com/intermediary/f/f28b6fd3-81c5-40d4-ac98-c3ee540b46e3/dcdh1vq-80075473-c348-4a16-869e-858378499e38.jpg/v1/fill/w_321,h_250,q_70,strp/pokemon_girls_preview_by_tubbytoon_dcdh1vq-250t.jpg 321w,https://images-wixmp-ed30a86b8c4ca887773594c2.wixmp.com/intermediary/f/f28b6fd3-81c5-40d4-ac98-c3ee540b46e3/dcdh1vq-80075473-c348-4a16-869e-858378499e38.jpg/v1/fill/w_450,h_350,q_70,strp/pokemon_girls_preview_by_tubbytoon_dcdh1vq-350t.jpg 450w,https://images-wixmp-ed30a86b8c4ca887773594c2.wixmp.com/intermediary/f/f28b6fd3-81c5-40d4-ac98-c3ee540b46e3/dcdh1vq-80075473-c348-4a16-869e-858378499e38.jpg/v1/fill/w_514,h_400,q_70,strp/pokemon_girls_preview_by_tubbytoon_dcdh1vq-400t.jpg 514w,https://images-wixmp-ed30a86b8c4ca887773594c2.wixmp.com/intermediary/f/f28b6fd3-81c5-40d4-ac98-c3ee540b46e3/dcdh1vq-80075473-c348-4a16-869e-858378499e38.jpg/v1/fill/w_1014,h_788,q_70,strp/pokemon_girls_preview_by_tubbytoon_dcdh1vq-pre.jpg 1013w&quot; sizes=&quot;150px&quot;&gt;&lt;/a&gt;&lt;/span&gt;&lt;!-- ^TTT --&gt;&lt;!-- TTT$ --&gt;&lt;/span&gt;&amp;nbsp;&lt;span class=&quot;shadow-holder&quot; data-embed-type=&quot;deviation&quot; data-embed-id=&quot;751503069&quot; data-embed-format=&quot;thumb&quot;&gt;&lt;span class=&quot;shadow mild&quot; &gt;&lt;a class=&quot;thumb&quot; href=&quot;https://www.deviantart.com/tubbytoon/art/Age-of-Excess-80-s-Pack-Preview-751503069&quot; title=&quot;Age of Excess: 80&amp;#039;s Pack Preview by TubbyToon, Jun 25, 2018 in Fan Art &amp;gt; Cartoons &amp;amp; Comics &amp;gt; Digital &amp;gt; Movies &amp;amp; TV&quot;data-super-img=&quot;https://images-wixmp-ed30a86b8c4ca887773594c2.wixmp.com/intermediary/f/f28b6fd3-81c5-40d4-ac98-c3ee540b46e3/dcffbh9-2dd37ee5-13a0-499d-8e21-ab15dc2ef949.jpg/v1/fill/w_894,h_894,q_70,strp/age_of_excess__80_s_pack_preview_by_tubbytoon_dcffbh9-pre.jpg&quot; data-super-width=&quot;894&quot; data-super-height=&quot;894&quot; data-super-transparent=&quot;false&quot; data-super-alt=&quot;Age of Excess: 80&amp;#039;s Pack Preview by TubbyToon&quot; data-super-full-img=&quot;https://images-wixmp-ed30a86b8c4ca887773594c2.wixmp.com/intermediary/f/f28b6fd3-81c5-40d4-ac98-c3ee540b46e3/dcffbh9-2dd37ee5-13a0-499d-8e21-ab15dc2ef949.jpg/v1/fill/w_1600,h_1600,q_70,strp/age_of_excess__80_s_pack_preview_by_tubbytoon_dcffbh9-fullview.jpg&quot; data-super-full-width=&quot;1600&quot; data-super-full-height=&quot;1600&quot;        data-sigil=&quot;thumb&quot;&gt;
        &lt;i&gt;&lt;/i&gt;&lt;img   width=&quot;150&quot; height=&quot;150&quot; alt=&quot;Age of Excess: 80&amp;#039;s Pack Preview by TubbyToon&quot; src=&quot;https://images-wixmp-ed30a86b8c4ca887773594c2.wixmp.com/intermediary/f/f28b6fd3-81c5-40d4-ac98-c3ee540b46e3/dcffbh9-2dd37ee5-13a0-499d-8e21-ab15dc2ef949.jpg/v1/fit/w_150,h_150,q_70,strp/age_of_excess__80_s_pack_preview_by_tubbytoon_dcffbh9-150.jpg&quot; data-src=&quot;https://images-wixmp-ed30a86b8c4ca887773594c2.wixmp.com/intermediary/f/f28b6fd3-81c5-40d4-ac98-c3ee540b46e3/dcffbh9-2dd37ee5-13a0-499d-8e21-ab15dc2ef949.jpg/v1/fit/w_150,h_150,q_70,strp/age_of_excess__80_s_pack_preview_by_tubbytoon_dcffbh9-150.jpg&quot; srcset=&quot;https://images-wixmp-ed30a86b8c4ca887773594c2.wixmp.com/intermediary/f/f28b6fd3-81c5-40d4-ac98-c3ee540b46e3/dcffbh9-2dd37ee5-13a0-499d-8e21-ab15dc2ef949.jpg/v1/fit/w_150,h_150,q_70,strp/age_of_excess__80_s_pack_preview_by_tubbytoon_dcffbh9-150.jpg 150w,https://images-wixmp-ed30a86b8c4ca887773594c2.wixmp.com/intermediary/f/f28b6fd3-81c5-40d4-ac98-c3ee540b46e3/dcffbh9-2dd37ee5-13a0-499d-8e21-ab15dc2ef949.jpg/v1/fill/w_250,h_250,q_70,strp/age_of_excess__80_s_pack_preview_by_tubbytoon_dcffbh9-250t.jpg 250w,https://images-wixmp-ed30a86b8c4ca887773594c2.wixmp.com/intermediary/f/f28b6fd3-81c5-40d4-ac98-c3ee540b46e3/dcffbh9-2dd37ee5-13a0-499d-8e21-ab15dc2ef949.jpg/v1/fill/w_350,h_350,q_70,strp/age_of_excess__80_s_pack_preview_by_tubbytoon_dcffbh9-350t.jpg 350w,https://images-wixmp-ed30a86b8c4ca887773594c2.wixmp.com/intermediary/f/f28b6fd3-81c5-40d4-ac98-c3ee540b46e3/dcffbh9-2dd37ee5-13a0-499d-8e21-ab15dc2ef949.jpg/v1/fill/w_400,h_400,q_70,strp/age_of_excess__80_s_pack_preview_by_tubbytoon_dcffbh9-400t.jpg 400w,https://images-wixmp-ed30a86b8c4ca887773594c2.wixmp.com/intermediary/f/f28b6fd3-81c5-40d4-ac98-c3ee540b46e3/dcffbh9-2dd37ee5-13a0-499d-8e21-ab15dc2ef949.jpg/v1/fill/w_894,h_894,q_70,strp/age_of_excess__80_s_pack_preview_by_tubbytoon_dcffbh9-pre.jpg 894w&quot; sizes=&quot;150px&quot;&gt;&lt;/a&gt;&lt;/span&gt;&lt;!-- ^TTT --&gt;&lt;!-- TTT$ --&gt;&lt;/span&gt;&lt;/div&gt;&lt;br /&gt;&lt;div&gt;&lt;img src=&quot;https://t00.deviantart.net/UWlGG_1r6dPOKHIjjIdWqRNU3wg=/300x200/filters:fixed_height(100,100):origin()/pre00/a8d1/th/pre/i/2019/030/d/8/leshawna_s_back_by_tubbytoon-dcyfi2g.png&quot; alt=&quot;thumbnail&quot; /&gt;&lt;/div&gt;</description>            </item>
                    <item>
                <title>&#039;&#039;Breakfast is important!&#039;&#039;</title>
                <link>https://skunkyfly.deviantart.com/art/Breakfast-is-important-783414676</link>
                <guid isPermaLink="true">https://skunkyfly.deviantart.com/art/Breakfast-is-important-783414676</guid>
                <pubDate>Wed, 30 Jan 2019 06:34:36 PST</pubDate>
                        <media:title type="plain">&#039;&#039;Breakfast is important!&#039;&#039;</media:title>
        <media:keywords></media:keywords>
                        <media:rating>nonadult</media:rating>
                <media:category label="Drawings">manga/digital/drawings</media:category>
        <media:credit role="author" scheme="urn:ebu">Skunkyfly</media:credit>
        <media:credit role="author" scheme="urn:ebu">https://a.deviantart.net/avatars/s/k/skunkyfly.gif?7</media:credit>
        <media:copyright url="https://skunkyfly.deviantart.com">Copyright 2019 Skunkyfly</media:copyright>            <media:description type="html">&lt;div align=&quot;center&quot;&gt;&lt;sub&gt;Ciao! whew, we still making commission so here&#039;s some art that we already finished before (also used as the commission example XD). Here is our current fav OC (you can see him a lot on our instagram),&lt;b&gt;Black Bone&lt;/b&gt; of January &lt;a href=&quot;https://www.deviantart.com/noerulb/art/Yato-eating-NORAGAMI-566620563&quot; class=&quot;emoticon&quot; data-embed-type=&quot;emoticon&quot; data-embed-id=&quot;566620563&quot; data-embed-profile=&quot;deviation&quot;&gt;&lt;img src=&quot;https://orig00.deviantart.net/c430/f/2016/010/b/c/yato_eating___noragami_by_noerulb-d9dcn83.gif&quot; alt=&quot;Yato eating - NORAGAMI&quot; style=&quot;width:50px;height:50px&quot;&gt;&lt;/a&gt;&amp;nbsp;! We will try to make art of him for every month and we already make his new character sheet... well it will be done after we finish all commission OFC&amp;nbsp;&lt;a href=&quot;https://www.deviantart.com/jerikuto/art/Yato-At-your-service-V1-462123061&quot; class=&quot;emoticon&quot; data-embed-type=&quot;emoticon&quot; data-embed-id=&quot;462123061&quot; data-embed-profile=&quot;deviation&quot;&gt;&lt;img src=&quot;https://orig00.deviantart.net/c46a/f/2014/170/9/7/yato__at_your_service___v1__by_jerikuto-d7n4wfp.gif&quot; alt=&quot;Yato (At your service) [V1]&quot; style=&quot;width:51px;height:48px&quot;&gt;&lt;/a&gt;&amp;nbsp;&lt;br /&gt;Had a lot of fun when drawing the bread.&amp;nbsp;&lt;br /&gt;&lt;br /&gt;And for all the commissioner, you can see our latest status here :&lt;br /&gt;&lt;br /&gt;&lt;a href=&quot;https://www.deviantart.com/skunkyfly/status/16340050&quot;&gt;www.deviantart.com/skunkyfly/s&amp;hellip;&lt;/a&gt;&lt;br /&gt;&lt;br /&gt;we might be slow on make it but we will do our best&amp;nbsp;&lt;a href=&quot;https://www.deviantart.com/cookays/art/Yato-Sparkles-Icon-576733554&quot; class=&quot;emoticon&quot; data-embed-type=&quot;emoticon&quot; data-embed-id=&quot;576733554&quot; data-embed-profile=&quot;deviation&quot;&gt;&lt;img src=&quot;https://orig00.deviantart.net/7757/f/2015/341/0/b/yato_sparkles_icon_by_cookays-d9jdegi.gif&quot; alt=&quot;Yato Sparkles Icon&quot; style=&quot;width:50px;height:50px&quot;&gt;&lt;/a&gt;&amp;nbsp;&lt;br /&gt;&lt;br /&gt;&lt;hr/&gt;&lt;br /&gt;&lt;a target=&quot;_self&quot; href=&quot;https://www.deviantart.com/stop1plz&quot; &gt;&lt;img class=&quot;avatar&quot; width=&quot;50&quot; height=&quot;50&quot; src=&quot;https://a.deviantart.net/avatars/s/t/stop1plz.gif&quot; alt=&quot;:iconstop1plz:&quot; title=&quot;stop1plz&quot; /&gt;&lt;/a&gt;&lt;a target=&quot;_self&quot; href=&quot;https://www.deviantart.com/stop2plz&quot; &gt;&lt;img class=&quot;avatar&quot; width=&quot;50&quot; height=&quot;50&quot; src=&quot;https://a.deviantart.net/avatars/s/t/stop2plz.gif&quot; alt=&quot;:iconstop2plz:&quot; title=&quot;stop2plz&quot; /&gt;&lt;/a&gt;&lt;a target=&quot;_self&quot; href=&quot;https://www.deviantart.com/stop3plz&quot; &gt;&lt;img class=&quot;avatar&quot; width=&quot;50&quot; height=&quot;50&quot; src=&quot;https://a.deviantart.net/avatars/s/t/stop3plz.gif&quot; alt=&quot;:iconstop3plz:&quot; title=&quot;stop3plz&quot; /&gt;&lt;/a&gt;&lt;a target=&quot;_self&quot; href=&quot;https://www.deviantart.com/stop4plz&quot; &gt;&lt;img class=&quot;avatar&quot; width=&quot;50&quot; height=&quot;50&quot; src=&quot;https://a.deviantart.net/avatars/s/t/stop4plz.gif&quot; alt=&quot;:iconstop4plz:&quot; title=&quot;stop4plz&quot; /&gt;&lt;/a&gt;&lt;br /&gt;&lt;br /&gt;&lt;br /&gt;don&#039;t forget to passing by &lt;a target=&quot;_self&quot; href=&quot;https://www.deviantart.com/skunkyfly&quot; &gt;&lt;img class=&quot;avatar&quot; width=&quot;50&quot; height=&quot;50&quot; src=&quot;https://a.deviantart.net/avatars/s/k/skunkyfly.gif?7&quot; alt=&quot;:iconskunkyfly:&quot; title=&quot;Skunkyfly&quot; /&gt;&lt;/a&gt;&lt;a target=&quot;_self&quot; href=&quot;https://www.deviantart.com/skfuu&quot; &gt;&lt;img class=&quot;avatar&quot; width=&quot;50&quot; height=&quot;50&quot; src=&quot;https://a.deviantart.net/avatars/s/k/skfuu.gif?10&quot; alt=&quot;:iconskfuu:&quot; title=&quot;skfuu&quot; /&gt;&lt;/a&gt;&lt;a target=&quot;_self&quot; href=&quot;https://www.deviantart.com/daylio&quot; &gt;&lt;img class=&quot;avatar&quot; width=&quot;50&quot; height=&quot;50&quot; src=&quot;https://a.deviantart.net/avatars/d/a/daylio.gif?13&quot; alt=&quot;:icondaylio:&quot; title=&quot;DAYLIO&quot; /&gt;&lt;/a&gt;&lt;br /&gt;&lt;br /&gt;&lt;/sub&gt;&lt;/div&gt;</media:description>            <media:thumbnail url="https://t00.deviantart.net/mErG_TUheCzv1mCwvRHRVq3t6YM=/fit-in/150x150/filters:no_upscale():origin()/pre00/96bb/th/pre/f/2019/030/e/c/breakfast_is_important_revision_by_skunkyfly-dcyfams.jpg" height="150" width="116"/>            <media:thumbnail url="https://t00.deviantart.net/j3mc9B6aPSLrVX3CcoA0X3ipjos=/fit-in/300x900/filters:no_upscale():origin()/pre00/96bb/th/pre/f/2019/030/e/c/breakfast_is_important_revision_by_skunkyfly-dcyfams.jpg" height="388" width="300"/>            <media:thumbnail url="https://t00.deviantart.net/Oy_IKTsaZuJmHy1nSule4kAtrg8=/300x200/filters:fixed_height(100,100):origin()/pre00/96bb/th/pre/f/2019/030/e/c/breakfast_is_important_revision_by_skunkyfly-dcyfams.jpg" height="200" width="155"/>            <media:content url="https://orig00.deviantart.net/a60d/f/2019/030/e/c/breakfast_is_important_revision_by_skunkyfly-dcyfams.jpg" height="1000" width="773" medium="image"/>            
            <description>&lt;div align=&quot;center&quot;&gt;&lt;sub&gt;Ciao! whew, we still making commission so here&#039;s some art that we already finished before (also used as the commission example XD). Here is our current fav OC (you can see him a lot on our instagram),&lt;b&gt;Black Bone&lt;/b&gt; of January &lt;a href=&quot;https://www.deviantart.com/noerulb/art/Yato-eating-NORAGAMI-566620563&quot; class=&quot;emoticon&quot; data-embed-type=&quot;emoticon&quot; data-embed-id=&quot;566620563&quot; data-embed-profile=&quot;deviation&quot;&gt;&lt;img src=&quot;https://orig00.deviantart.net/c430/f/2016/010/b/c/yato_eating___noragami_by_noerulb-d9dcn83.gif&quot; alt=&quot;Yato eating - NORAGAMI&quot; style=&quot;width:50px;height:50px&quot;&gt;&lt;/a&gt;&amp;nbsp;! We will try to make art of him for every month and we already make his new character sheet... well it will be done after we finish all commission OFC&amp;nbsp;&lt;a href=&quot;https://www.deviantart.com/jerikuto/art/Yato-At-your-service-V1-462123061&quot; class=&quot;emoticon&quot; data-embed-type=&quot;emoticon&quot; data-embed-id=&quot;462123061&quot; data-embed-profile=&quot;deviation&quot;&gt;&lt;img src=&quot;https://orig00.deviantart.net/c46a/f/2014/170/9/7/yato__at_your_service___v1__by_jerikuto-d7n4wfp.gif&quot; alt=&quot;Yato (At your service) [V1]&quot; style=&quot;width:51px;height:48px&quot;&gt;&lt;/a&gt;&amp;nbsp;&lt;br /&gt;Had a lot of fun when drawing the bread.&amp;nbsp;&lt;br /&gt;&lt;br /&gt;And for all the commissioner, you can see our latest status here :&lt;br /&gt;&lt;br /&gt;&lt;a href=&quot;https://www.deviantart.com/skunkyfly/status/16340050&quot;&gt;www.deviantart.com/skunkyfly/s&amp;hellip;&lt;/a&gt;&lt;br /&gt;&lt;br /&gt;we might be slow on make it but we will do our best&amp;nbsp;&lt;a href=&quot;https://www.deviantart.com/cookays/art/Yato-Sparkles-Icon-576733554&quot; class=&quot;emoticon&quot; data-embed-type=&quot;emoticon&quot; data-embed-id=&quot;576733554&quot; data-embed-profile=&quot;deviation&quot;&gt;&lt;img src=&quot;https://orig00.deviantart.net/7757/f/2015/341/0/b/yato_sparkles_icon_by_cookays-d9jdegi.gif&quot; alt=&quot;Yato Sparkles Icon&quot; style=&quot;width:50px;height:50px&quot;&gt;&lt;/a&gt;&amp;nbsp;&lt;br /&gt;&lt;br /&gt;&lt;hr/&gt;&lt;br /&gt;&lt;a target=&quot;_self&quot; href=&quot;https://www.deviantart.com/stop1plz&quot; &gt;&lt;img class=&quot;avatar&quot; width=&quot;50&quot; height=&quot;50&quot; src=&quot;https://a.deviantart.net/avatars/s/t/stop1plz.gif&quot; alt=&quot;:iconstop1plz:&quot; title=&quot;stop1plz&quot; /&gt;&lt;/a&gt;&lt;a target=&quot;_self&quot; href=&quot;https://www.deviantart.com/stop2plz&quot; &gt;&lt;img class=&quot;avatar&quot; width=&quot;50&quot; height=&quot;50&quot; src=&quot;https://a.deviantart.net/avatars/s/t/stop2plz.gif&quot; alt=&quot;:iconstop2plz:&quot; title=&quot;stop2plz&quot; /&gt;&lt;/a&gt;&lt;a target=&quot;_self&quot; href=&quot;https://www.deviantart.com/stop3plz&quot; &gt;&lt;img class=&quot;avatar&quot; width=&quot;50&quot; height=&quot;50&quot; src=&quot;https://a.deviantart.net/avatars/s/t/stop3plz.gif&quot; alt=&quot;:iconstop3plz:&quot; title=&quot;stop3plz&quot; /&gt;&lt;/a&gt;&lt;a target=&quot;_self&quot; href=&quot;https://www.deviantart.com/stop4plz&quot; &gt;&lt;img class=&quot;avatar&quot; width=&quot;50&quot; height=&quot;50&quot; src=&quot;https://a.deviantart.net/avatars/s/t/stop4plz.gif&quot; alt=&quot;:iconstop4plz:&quot; title=&quot;stop4plz&quot; /&gt;&lt;/a&gt;&lt;br /&gt;&lt;br /&gt;&lt;br /&gt;don&#039;t forget to passing by &lt;a target=&quot;_self&quot; href=&quot;https://www.deviantart.com/skunkyfly&quot; &gt;&lt;img class=&quot;avatar&quot; width=&quot;50&quot; height=&quot;50&quot; src=&quot;https://a.deviantart.net/avatars/s/k/skunkyfly.gif?7&quot; alt=&quot;:iconskunkyfly:&quot; title=&quot;Skunkyfly&quot; /&gt;&lt;/a&gt;&lt;a target=&quot;_self&quot; href=&quot;https://www.deviantart.com/skfuu&quot; &gt;&lt;img class=&quot;avatar&quot; width=&quot;50&quot; height=&quot;50&quot; src=&quot;https://a.deviantart.net/avatars/s/k/skfuu.gif?10&quot; alt=&quot;:iconskfuu:&quot; title=&quot;skfuu&quot; /&gt;&lt;/a&gt;&lt;a target=&quot;_self&quot; href=&quot;https://www.deviantart.com/daylio&quot; &gt;&lt;img class=&quot;avatar&quot; width=&quot;50&quot; height=&quot;50&quot; src=&quot;https://a.deviantart.net/avatars/d/a/daylio.gif?13&quot; alt=&quot;:icondaylio:&quot; title=&quot;DAYLIO&quot; /&gt;&lt;/a&gt;&lt;br /&gt;&lt;br /&gt;&lt;/sub&gt;&lt;/div&gt;&lt;br /&gt;&lt;div&gt;&lt;img src=&quot;https://t00.deviantart.net/Oy_IKTsaZuJmHy1nSule4kAtrg8=/300x200/filters:fixed_height(100,100):origin()/pre00/96bb/th/pre/f/2019/030/e/c/breakfast_is_important_revision_by_skunkyfly-dcyfams.jpg&quot; alt=&quot;thumbnail&quot; /&gt;&lt;/div&gt;</description>            </item>
                    <item>
                <title>DnD: Inside the Cafe</title>
                <link>https://dopaprime.deviantart.com/art/DnD-Inside-the-Cafe-783401422</link>
                <guid isPermaLink="true">https://dopaprime.deviantart.com/art/DnD-Inside-the-Cafe-783401422</guid>
                <pubDate>Wed, 30 Jan 2019 03:11:23 PST</pubDate>
                        <media:title type="plain">DnD: Inside the Cafe</media:title>
        <media:keywords></media:keywords>
                        <media:rating>nonadult</media:rating>
                <media:category label="Fantasy">digitalart/paintings/fantasy</media:category>
        <media:credit role="author" scheme="urn:ebu">Dopaprime</media:credit>
        <media:credit role="author" scheme="urn:ebu">https://a.deviantart.net/avatars/d/o/dopaprime.gif?10</media:credit>
        <media:copyright url="https://dopaprime.deviantart.com">Copyright 2019 Dopaprime</media:copyright>             <creativeCommons:license>http://creativecommons.org/licenses/by-nc-nd/3.0/</creativeCommons:license>
                <media:description type="html">&lt;span&gt;I am very happy to participate in D&amp;amp;D&#039;s Guildmaster&#039;s Guide to Ravnica &amp;lt;3&amp;nbsp;&lt;/span&gt;&lt;br /&gt;&lt;span&gt;AD: Shauna Narsico&amp;nbsp;&lt;br /&gt;&lt;/span&gt;&lt;br /&gt;&lt;span&gt;Special thanks to my dear Billy Christian for the guide, as always &amp;#128513;&lt;br /&gt;&lt;br /&gt;&lt;/span&gt;&lt;img src=&quot;https://e.deviantart.net/emoticons/b/bulletblue.gif&quot; alt=&quot;Bullet; Blue&quot; style=&quot;width: 10px; height: 10px;&quot; data-embed-type=&quot;emoticon&quot; data-embed-id=&quot;211&quot;&gt;&lt;span&gt;&amp;nbsp;Facebook&amp;nbsp;&lt;/span&gt;&lt;a class=&quot;external&quot; href=&quot;https://www.deviantart.com/users/outgoing?https://www.facebook.com/Dopaprime&quot;&gt;www.facebook.com/Dopaprime&lt;/a&gt;&lt;br /&gt;&lt;span&gt;&lt;img src=&quot;https://e.deviantart.net/emoticons/b/bulletblue.gif&quot; alt=&quot;Bullet; Blue&quot; style=&quot;width: 10px; height: 10px;&quot; data-embed-type=&quot;emoticon&quot; data-embed-id=&quot;211&quot;&gt;&amp;nbsp;Instragram: Dopaprime&lt;/span&gt;&lt;br /&gt;&lt;span&gt;&lt;img src=&quot;https://e.deviantart.net/emoticons/b/bulletblue.gif&quot; alt=&quot;Bullet; Blue&quot; style=&quot;width: 10px; height: 10px;&quot; data-embed-type=&quot;emoticon&quot; data-embed-id=&quot;211&quot;&gt;&amp;nbsp;Artstation:&amp;nbsp;&lt;a class=&quot;external&quot; href=&quot;https://www.deviantart.com/users/outgoing?https://www.artstation.com/artist/dopaprime&quot;&gt;www.artstation.com/artist/dopa&amp;#8230;&lt;/a&gt;&lt;/span&gt;&lt;span&gt;&lt;br /&gt;&lt;/span&gt;</media:description>            <media:thumbnail url="https://t00.deviantart.net/d_RzBu6fP-wwQXQlFE9nj5G0Jzo=/fit-in/150x150/filters:no_upscale():origin()/pre00/75ef/th/pre/i/2019/030/2/a/dnd__inside_the_cafe_by_dopaprime-dcyf0em.jpg" height="150" width="113"/>            <media:thumbnail url="https://t00.deviantart.net/VfMjIv_2iBpndHDdQCTbPXMoYpg=/fit-in/300x900/filters:no_upscale():origin()/pre00/75ef/th/pre/i/2019/030/2/a/dnd__inside_the_cafe_by_dopaprime-dcyf0em.jpg" height="400" width="300"/>            <media:thumbnail url="https://t00.deviantart.net/Wr47X3BaiVjMHLquIHObx84Ikac=/300x200/filters:fixed_height(100,100):origin()/pre00/75ef/th/pre/i/2019/030/2/a/dnd__inside_the_cafe_by_dopaprime-dcyf0em.jpg" height="200" width="150"/>            <media:content url="https://pre00.deviantart.net/75ef/th/pre/i/2019/030/2/a/dnd__inside_the_cafe_by_dopaprime-dcyf0em.jpg" height="1032" width="774" medium="image"/>            
            <description>&lt;span&gt;I am very happy to participate in D&amp;amp;D&#039;s Guildmaster&#039;s Guide to Ravnica &amp;lt;3&amp;nbsp;&lt;/span&gt;&lt;br /&gt;&lt;span&gt;AD: Shauna Narsico&amp;nbsp;&lt;br /&gt;&lt;/span&gt;&lt;br /&gt;&lt;span&gt;Special thanks to my dear Billy Christian for the guide, as always &amp;#128513;&lt;br /&gt;&lt;br /&gt;&lt;/span&gt;&lt;img src=&quot;https://e.deviantart.net/emoticons/b/bulletblue.gif&quot; alt=&quot;Bullet; Blue&quot; style=&quot;width: 10px; height: 10px;&quot; data-embed-type=&quot;emoticon&quot; data-embed-id=&quot;211&quot;&gt;&lt;span&gt;&amp;nbsp;Facebook&amp;nbsp;&lt;/span&gt;&lt;a class=&quot;external&quot; href=&quot;https://www.deviantart.com/users/outgoing?https://www.facebook.com/Dopaprime&quot;&gt;www.facebook.com/Dopaprime&lt;/a&gt;&lt;br /&gt;&lt;span&gt;&lt;img src=&quot;https://e.deviantart.net/emoticons/b/bulletblue.gif&quot; alt=&quot;Bullet; Blue&quot; style=&quot;width: 10px; height: 10px;&quot; data-embed-type=&quot;emoticon&quot; data-embed-id=&quot;211&quot;&gt;&amp;nbsp;Instragram: Dopaprime&lt;/span&gt;&lt;br /&gt;&lt;span&gt;&lt;img src=&quot;https://e.deviantart.net/emoticons/b/bulletblue.gif&quot; alt=&quot;Bullet; Blue&quot; style=&quot;width: 10px; height: 10px;&quot; data-embed-type=&quot;emoticon&quot; data-embed-id=&quot;211&quot;&gt;&amp;nbsp;Artstation:&amp;nbsp;&lt;a class=&quot;external&quot; href=&quot;https://www.deviantart.com/users/outgoing?https://www.artstation.com/artist/dopaprime&quot;&gt;www.artstation.com/artist/dopa&amp;#8230;&lt;/a&gt;&lt;/span&gt;&lt;span&gt;&lt;br /&gt;&lt;/span&gt;&lt;br /&gt;&lt;div&gt;&lt;img src=&quot;https://t00.deviantart.net/Wr47X3BaiVjMHLquIHObx84Ikac=/300x200/filters:fixed_height(100,100):origin()/pre00/75ef/th/pre/i/2019/030/2/a/dnd__inside_the_cafe_by_dopaprime-dcyf0em.jpg&quot; alt=&quot;thumbnail&quot; /&gt;&lt;/div&gt;</description>            </item>
                    <item>
                <title>359.Absol</title>
                <link>https://tamtamdi.deviantart.com/art/359-Absol-783430930</link>
                <guid isPermaLink="true">https://tamtamdi.deviantart.com/art/359-Absol-783430930</guid>
                <pubDate>Wed, 30 Jan 2019 09:07:42 PST</pubDate>
                        <media:title type="plain">359.Absol</media:title>
        <media:keywords></media:keywords>
                        <media:rating>nonadult</media:rating>
                <media:category label="Games">fanart/digital/drawings/games</media:category>
        <media:credit role="author" scheme="urn:ebu">tamtamdi</media:credit>
        <media:credit role="author" scheme="urn:ebu">https://a.deviantart.net/avatars/t/a/tamtamdi.jpg?2</media:credit>
        <media:copyright url="https://tamtamdi.deviantart.com">Copyright 2019 tamtamdi</media:copyright>            <media:description type="html"></media:description>            <media:thumbnail url="https://t00.deviantart.net/2uNkUcm_YLJfeCVoAG2XmE9dZ6A=/fit-in/150x150/filters:no_upscale():origin()/pre00/e67e/th/pre/i/2019/030/d/b/359_absol_by_tamtamdi-dcyfn6a.jpg" height="150" width="123"/>            <media:thumbnail url="https://t00.deviantart.net/JG9npWdI2KPwioDtww3foYuSgA4=/fit-in/300x900/filters:no_upscale():origin()/pre00/e67e/th/pre/i/2019/030/d/b/359_absol_by_tamtamdi-dcyfn6a.jpg" height="367" width="300"/>            <media:thumbnail url="https://t00.deviantart.net/J6RuPn44pfq2CAHi8n_7NkFSF1c=/300x200/filters:fixed_height(100,100):origin()/pre00/e67e/th/pre/i/2019/030/d/b/359_absol_by_tamtamdi-dcyfn6a.jpg" height="200" width="164"/>            <media:content url="https://img00.deviantart.net/d157/i/2019/030/d/b/359_absol_by_tamtamdi-dcyfn6a.jpg" height="978" width="800" medium="image"/>            
            <description>&lt;br /&gt;&lt;div&gt;&lt;img src=&quot;https://t00.deviantart.net/J6RuPn44pfq2CAHi8n_7NkFSF1c=/300x200/filters:fixed_height(100,100):origin()/pre00/e67e/th/pre/i/2019/030/d/b/359_absol_by_tamtamdi-dcyfn6a.jpg&quot; alt=&quot;thumbnail&quot; /&gt;&lt;/div&gt;</description>            </item>
            </channel>
</rss>