<?xml version="1.0" encoding="utf-8"?>
<rss version="2.0" xmlns:media="http://search.yahoo.com/mrss/" xmlns:atom="http://www.w3.org/2005/Atom" xmlns:creativeCommons="http://backend.userland.com/creativeCommonsRssModule">
    <channel>
        <title>DeviantArt: Popular Tag:berserk tag:oc tag:guts</title>
        <link>https://www.deviantart.com/popular-24-hours/?q=tag%3Aberserk+tag%3Aoc+tag%3Aguts+-in%3Aliterature</link>
        <description>DeviantArt RSS for Popular Tag:berserk tag:oc tag:guts</description>
        <language>en-us</language>
        <copyright>Copyright 2019, DeviantArt.com</copyright>
        <pubDate>Sun, 27 Jan 2019 06:55:50 PST</pubDate>

        <generator>DeviantArt.com</generator>
        <docs>http://blogs.law.harvard.edu/tech/rss</docs>
        <atom:icon>https://st.deviantart.net/minish/touch-icons/android-192.png</atom:icon>
        <atom:link type="application/rss+xml" rel="self" href="https://backend.deviantart.com/rss.xml?type=deviation&amp;q=tag%3Aberserk+tag%3Aoc+tag%3Aguts+-in%3Aliterature&amp;order=11" />
                    <item>
                <title>COMMISSION - Guts and Skuld</title>
                <link>https://mebon.deviantart.com/art/COMMISSION-Guts-and-Skuld-656036719</link>
                <guid isPermaLink="true">https://mebon.deviantart.com/art/COMMISSION-Guts-and-Skuld-656036719</guid>
                <pubDate>Sat, 07 Jan 2017 13:44:36 PST</pubDate>
                        <media:title type="plain">COMMISSION - Guts and Skuld</media:title>
        <media:keywords></media:keywords>
                        <media:rating>nonadult</media:rating>
                <media:category label="Drawings">manga/digital/drawings</media:category>
        <media:credit role="author" scheme="urn:ebu">Mebon</media:credit>
        <media:credit role="author" scheme="urn:ebu">https://a.deviantart.net/avatars/m/e/mebon.gif?4</media:credit>
        <media:copyright url="https://mebon.deviantart.com">Copyright 2017-2019 Mebon</media:copyright>            <media:description type="html">This is a commission for &lt;a target=&quot;_self&quot; href=&quot;http://kaizoku-no-yume.deviantart.com/&quot; &gt;&lt;img class=&quot;avatar&quot; width=&quot;50&quot; height=&quot;50&quot; src=&quot;http://a.deviantart.net/avatars/k/a/kaizoku-no-yume.gif?14&quot; alt=&quot;:iconkaizoku-no-yume:&quot; title=&quot;Kaizoku-no-Yume&quot; /&gt;&lt;/a&gt;&lt;br /&gt;Her original beauty Skuld and the great Guts from Berserk! &lt;img src=&quot;http://e.deviantart.net/emoticons/l/love2.gif&quot; width=&quot;26&quot; height=&quot;17&quot; alt=&quot;:love:&quot; data-embed-type=&quot;emoticon&quot; data-embed-id=&quot;276&quot; title=&quot;Love&quot;/&gt;&lt;br /&gt;I HOPE YOU LIKE IT!.</media:description>            <media:thumbnail url="https://t00.deviantart.net/mxczXZmXM01HcENAUaGL1GKaw7M=/fit-in/150x150/filters:no_upscale():origin()/pre00/abbf/th/pre/f/2017/007/4/6/commission___guts_and_skuld_by_mebon-daul567.jpg" height="150" width="100"/>            <media:thumbnail url="https://t00.deviantart.net/EyYUnQisUbsZTRdAloUpgXMQwBE=/fit-in/300x900/filters:no_upscale():origin()/pre00/abbf/th/pre/f/2017/007/4/6/commission___guts_and_skuld_by_mebon-daul567.jpg" height="450" width="300"/>            <media:thumbnail url="https://t00.deviantart.net/5mRVw79NSOs0ARznoV6lH7Qo564=/300x200/filters:fixed_height(100,100):origin()/pre00/abbf/th/pre/f/2017/007/4/6/commission___guts_and_skuld_by_mebon-daul567.jpg" height="200" width="133"/>            <media:content url="https://orig00.deviantart.net/239c/f/2017/007/4/6/commission___guts_and_skuld_by_mebon-daul567.jpg" height="1050" width="700" medium="image"/>            
            <description>This is a commission for &lt;a target=&quot;_self&quot; href=&quot;http://kaizoku-no-yume.deviantart.com/&quot; &gt;&lt;img class=&quot;avatar&quot; width=&quot;50&quot; height=&quot;50&quot; src=&quot;http://a.deviantart.net/avatars/k/a/kaizoku-no-yume.gif?14&quot; alt=&quot;:iconkaizoku-no-yume:&quot; title=&quot;Kaizoku-no-Yume&quot; /&gt;&lt;/a&gt;&lt;br /&gt;Her original beauty Skuld and the great Guts from Berserk! &lt;img src=&quot;http://e.deviantart.net/emoticons/l/love2.gif&quot; width=&quot;26&quot; height=&quot;17&quot; alt=&quot;:love:&quot; data-embed-type=&quot;emoticon&quot; data-embed-id=&quot;276&quot; title=&quot;Love&quot;/&gt;&lt;br /&gt;I HOPE YOU LIKE IT!.&lt;br /&gt;&lt;div&gt;&lt;img src=&quot;https://t00.deviantart.net/5mRVw79NSOs0ARznoV6lH7Qo564=/300x200/filters:fixed_height(100,100):origin()/pre00/abbf/th/pre/f/2017/007/4/6/commission___guts_and_skuld_by_mebon-daul567.jpg&quot; alt=&quot;thumbnail&quot; /&gt;&lt;/div&gt;</description>            </item>
                    <item>
                <title>Practise</title>
                <link>https://zakurarain.deviantart.com/art/Practise-724770632</link>
                <guid isPermaLink="true">https://zakurarain.deviantart.com/art/Practise-724770632</guid>
                <pubDate>Tue, 09 Jan 2018 18:27:42 PST</pubDate>
                        <media:title type="plain">Practise</media:title>
        <media:keywords></media:keywords>
                        <media:rating>nonadult</media:rating>
                <media:category label="Conceptual">digitalart/paintings/illustrations/conceptual</media:category>
        <media:credit role="author" scheme="urn:ebu">ZakuraRain</media:credit>
        <media:credit role="author" scheme="urn:ebu">https://a.deviantart.net/avatars/z/a/zakurarain.png?3</media:credit>
        <media:copyright url="https://zakurarain.deviantart.com">Copyright 2018-2019 ZakuraRain</media:copyright>            <media:description type="html">&lt;span&gt;Follow me on&amp;nbsp;&lt;/span&gt;&lt;br /&gt;&lt;br /&gt;&lt;a class=&quot;external&quot; href=&quot;https://www.deviantart.com/users/outgoing?https://www.facebook.com/ZakuraRain-1013682475332619/&quot;&gt;Facebook&lt;/a&gt;&lt;span&gt;&amp;nbsp; &amp;nbsp;&amp;nbsp;&lt;/span&gt;&lt;a class=&quot;external&quot; href=&quot;https://www.deviantart.com/users/outgoing?http://zakurarain.tumblr.com/&quot;&gt;Tumblr&lt;/a&gt;&lt;span&gt;&amp;nbsp; &amp;nbsp;&lt;/span&gt;&lt;a class=&quot;external&quot; href=&quot;https://www.deviantart.com/users/outgoing?https://www.instagram.com/zakura_rain/&quot;&gt;Instagram&lt;/a&gt;&lt;span&gt;&amp;nbsp; &amp;nbsp;&amp;nbsp;&lt;/span&gt;&lt;a class=&quot;external&quot; href=&quot;https://www.deviantart.com/users/outgoing?https://www.paigeeworld.com/u/Zakurarain&quot;&gt;Paigeeworld&lt;/a&gt;&lt;span&gt;&amp;nbsp;&amp;nbsp;&lt;/span&gt;&lt;a class=&quot;external&quot; href=&quot;https://www.deviantart.com/users/outgoing?https://www.artstation.com/artist/wongyinyi&quot;&gt;Artstation&lt;/a&gt;&lt;span&gt;&amp;nbsp;&amp;nbsp;&lt;/span&gt;&lt;a class=&quot;external&quot; href=&quot;https://www.deviantart.com/users/outgoing?https://drawcrowd.com/zakurarain&quot;&gt;Drawcrowd&lt;/a&gt;&lt;span&gt;&amp;nbsp;&amp;nbsp;&lt;/span&gt;&lt;a class=&quot;external&quot; href=&quot;https://www.deviantart.com/users/outgoing?http://www.pixiv.net/whitecube/user/16315032&quot;&gt;Pixiv&lt;/a&gt;&lt;span&gt;&amp;nbsp;&amp;nbsp;&lt;/span&gt;&lt;br /&gt;&lt;br /&gt;&lt;a class=&quot;external&quot; href=&quot;https://www.deviantart.com/users/outgoing?https://www.youtube.com/channel/UCFI6cp9FPw6T7QmeFIea-NQ&quot;&gt;Youtube&lt;/a&gt;&lt;br /&gt;&lt;br /&gt;&lt;span&gt;&lt;a target=&quot;_self&quot; href=&quot;https://donotuseplz.deviantart.com/&quot; &gt;&lt;img class=&quot;avatar&quot; width=&quot;50&quot; height=&quot;50&quot; src=&quot;https://a.deviantart.net/avatars/d/o/donotuseplz.gif?2&quot; alt=&quot;:icondonotuseplz:&quot; title=&quot;DoNotUsePlz&quot; /&gt;&lt;/a&gt;&lt;a target=&quot;_self&quot; href=&quot;https://myartplz.deviantart.com/&quot; &gt;&lt;img class=&quot;avatar&quot; width=&quot;50&quot; height=&quot;50&quot; src=&quot;https://a.deviantart.net/avatars/m/y/myartplz.gif?2&quot; alt=&quot;:iconmyartplz:&quot; title=&quot;MyArtPlz&quot; /&gt;&lt;/a&gt;&lt;/span&gt;&lt;br /&gt;&lt;p&gt;&lt;span&gt;OC Hell Angel outfit based on Guts from manga/anime Berserk.&lt;br /&gt;&lt;/span&gt;&lt;br /&gt;Currently having 30% off for all commission!&lt;br /&gt;Here are the links to the info you need if you&#039;re interested! ^^&lt;br /&gt;&lt;/p&gt;&lt;div&gt;&lt;div&gt;&lt;p&gt;&lt;a href=&quot;https://zakurarain.deviantart.com/journal/Semi-Realistic-Painting-Commission-OPEN-639873785&quot;&gt;Semi realistic Commission (OPEN)&lt;/a&gt;&lt;br /&gt;&lt;a href=&quot;https://zakurarain.deviantart.com/journal/Anime-style-Commission-OPEN-631659049&quot;&gt;Anime style Commission (OPEN)&lt;/a&gt;&lt;/p&gt;&lt;/div&gt;&lt;/div&gt;</media:description>            <media:thumbnail url="https://t00.deviantart.net/ROv-oNWigKAekY3M7dVUq3ks4I0=/fit-in/150x150/filters:no_upscale():origin()/pre00/cffc/th/pre/i/2018/009/6/f/practise_by_zakurarain-dbziclk.jpg" height="150" width="106"/>            <media:thumbnail url="https://t00.deviantart.net/9rLlCFHA_iC0Am1xZlZyQ1CSM2o=/fit-in/300x900/filters:no_upscale():origin()/pre00/cffc/th/pre/i/2018/009/6/f/practise_by_zakurarain-dbziclk.jpg" height="424" width="300"/>            <media:thumbnail url="https://t00.deviantart.net/ppopiVW9U-8bz4o0PJM1DJs2Has=/300x200/filters:fixed_height(100,100):origin()/pre00/cffc/th/pre/i/2018/009/6/f/practise_by_zakurarain-dbziclk.jpg" height="200" width="141"/>            <media:content url="https://pre00.deviantart.net/cffc/th/pre/i/2018/009/6/f/practise_by_zakurarain-dbziclk.jpg" height="1063" width="751" medium="image"/>            
            <description>&lt;span&gt;Follow me on&amp;nbsp;&lt;/span&gt;&lt;br /&gt;&lt;br /&gt;&lt;a class=&quot;external&quot; href=&quot;https://www.deviantart.com/users/outgoing?https://www.facebook.com/ZakuraRain-1013682475332619/&quot;&gt;Facebook&lt;/a&gt;&lt;span&gt;&amp;nbsp; &amp;nbsp;&amp;nbsp;&lt;/span&gt;&lt;a class=&quot;external&quot; href=&quot;https://www.deviantart.com/users/outgoing?http://zakurarain.tumblr.com/&quot;&gt;Tumblr&lt;/a&gt;&lt;span&gt;&amp;nbsp; &amp;nbsp;&lt;/span&gt;&lt;a class=&quot;external&quot; href=&quot;https://www.deviantart.com/users/outgoing?https://www.instagram.com/zakura_rain/&quot;&gt;Instagram&lt;/a&gt;&lt;span&gt;&amp;nbsp; &amp;nbsp;&amp;nbsp;&lt;/span&gt;&lt;a class=&quot;external&quot; href=&quot;https://www.deviantart.com/users/outgoing?https://www.paigeeworld.com/u/Zakurarain&quot;&gt;Paigeeworld&lt;/a&gt;&lt;span&gt;&amp;nbsp;&amp;nbsp;&lt;/span&gt;&lt;a class=&quot;external&quot; href=&quot;https://www.deviantart.com/users/outgoing?https://www.artstation.com/artist/wongyinyi&quot;&gt;Artstation&lt;/a&gt;&lt;span&gt;&amp;nbsp;&amp;nbsp;&lt;/span&gt;&lt;a class=&quot;external&quot; href=&quot;https://www.deviantart.com/users/outgoing?https://drawcrowd.com/zakurarain&quot;&gt;Drawcrowd&lt;/a&gt;&lt;span&gt;&amp;nbsp;&amp;nbsp;&lt;/span&gt;&lt;a class=&quot;external&quot; href=&quot;https://www.deviantart.com/users/outgoing?http://www.pixiv.net/whitecube/user/16315032&quot;&gt;Pixiv&lt;/a&gt;&lt;span&gt;&amp;nbsp;&amp;nbsp;&lt;/span&gt;&lt;br /&gt;&lt;br /&gt;&lt;a class=&quot;external&quot; href=&quot;https://www.deviantart.com/users/outgoing?https://www.youtube.com/channel/UCFI6cp9FPw6T7QmeFIea-NQ&quot;&gt;Youtube&lt;/a&gt;&lt;br /&gt;&lt;br /&gt;&lt;span&gt;&lt;a target=&quot;_self&quot; href=&quot;https://donotuseplz.deviantart.com/&quot; &gt;&lt;img class=&quot;avatar&quot; width=&quot;50&quot; height=&quot;50&quot; src=&quot;https://a.deviantart.net/avatars/d/o/donotuseplz.gif?2&quot; alt=&quot;:icondonotuseplz:&quot; title=&quot;DoNotUsePlz&quot; /&gt;&lt;/a&gt;&lt;a target=&quot;_self&quot; href=&quot;https://myartplz.deviantart.com/&quot; &gt;&lt;img class=&quot;avatar&quot; width=&quot;50&quot; height=&quot;50&quot; src=&quot;https://a.deviantart.net/avatars/m/y/myartplz.gif?2&quot; alt=&quot;:iconmyartplz:&quot; title=&quot;MyArtPlz&quot; /&gt;&lt;/a&gt;&lt;/span&gt;&lt;br /&gt;&lt;p&gt;&lt;span&gt;OC Hell Angel outfit based on Guts from manga/anime Berserk.&lt;br /&gt;&lt;/span&gt;&lt;br /&gt;Currently having 30% off for all commission!&lt;br /&gt;Here are the links to the info you need if you&#039;re interested! ^^&lt;br /&gt;&lt;/p&gt;&lt;div&gt;&lt;div&gt;&lt;p&gt;&lt;a href=&quot;https://zakurarain.deviantart.com/journal/Semi-Realistic-Painting-Commission-OPEN-639873785&quot;&gt;Semi realistic Commission (OPEN)&lt;/a&gt;&lt;br /&gt;&lt;a href=&quot;https://zakurarain.deviantart.com/journal/Anime-style-Commission-OPEN-631659049&quot;&gt;Anime style Commission (OPEN)&lt;/a&gt;&lt;/p&gt;&lt;/div&gt;&lt;/div&gt;&lt;br /&gt;&lt;div&gt;&lt;img src=&quot;https://t00.deviantart.net/ppopiVW9U-8bz4o0PJM1DJs2Has=/300x200/filters:fixed_height(100,100):origin()/pre00/cffc/th/pre/i/2018/009/6/f/practise_by_zakurarain-dbziclk.jpg&quot; alt=&quot;thumbnail&quot; /&gt;&lt;/div&gt;</description>            </item>
                    <item>
                <title>Naruto Generations chapter 1 page 1</title>
                <link>https://jpguchiha.deviantart.com/art/Naruto-Generations-chapter-1-page-1-613905744</link>
                <guid isPermaLink="true">https://jpguchiha.deviantart.com/art/Naruto-Generations-chapter-1-page-1-613905744</guid>
                <pubDate>Tue, 07 Jun 2016 15:58:59 PDT</pubDate>
                        <media:title type="plain">Naruto Generations chapter 1 page 1</media:title>
        <media:keywords></media:keywords>
                        <media:rating>nonadult</media:rating>
                <media:category label="Pages &amp; Panels">manga/traditional/manga/panels</media:category>
        <media:credit role="author" scheme="urn:ebu">JPGuchiha</media:credit>
        <media:credit role="author" scheme="urn:ebu">https://a.deviantart.net/avatars/j/p/jpguchiha.jpg?4</media:credit>
        <media:copyright url="https://jpguchiha.deviantart.com">Copyright 2016-2019 JPGuchiha</media:copyright>            <media:description type="html">Yes! It&#039;s finally here, a scanned and enhanced version of my&amp;nbsp;fan manga&amp;nbsp;Naruto Generations! &lt;img src=&quot;https://e.deviantart.net/emoticons/b/biggrin.gif&quot; width=&quot;15&quot; height=&quot;15&quot; alt=&quot;:D&quot; data-embed-type=&quot;emoticon&quot; data-embed-id=&quot;366&quot; title=&quot;:D (Big Grin)&quot;/&gt;&lt;br /&gt;&amp;nbsp;&lt;br /&gt;Who are these two, why are they wearing Akatsuki cloaks?&amp;nbsp;Read&amp;nbsp;the next page to find out! ^^&amp;nbsp;&amp;nbsp;&lt;br /&gt;&lt;br /&gt;Next page: &lt;a href=&quot;http://jpguchiha.deviantart.com/art/Naruto-Generations-chapter-1-page-2-613907496&quot;&gt;jpguchiha.deviantart.com/art/N&amp;hellip;&lt;/a&gt;&lt;br /&gt;&lt;br /&gt;So what do you think? Do you like it, dislike it, do you have any ideas or changes you would personally add? Whatever&amp;nbsp;it is&amp;nbsp;tell me in the comments below.&amp;nbsp;&lt;br /&gt;&lt;br /&gt;Also if any of you have so ideas for Naruto Generations. Whether it be storylines,&amp;nbsp;characters, or&amp;nbsp;battle, &amp;nbsp;feel free to send me a note. I&#039;d&amp;nbsp;love w to hear your ideas.&lt;br /&gt;&lt;br /&gt;Over 700 views! Thank you all so much! &lt;img src=&quot;https://e.deviantart.net/emoticons/b/biggrin.gif&quot; width=&quot;15&quot; height=&quot;15&quot; alt=&quot;:D&quot; data-embed-type=&quot;emoticon&quot; data-embed-id=&quot;366&quot; title=&quot;:D (Big Grin)&quot;/&gt;&lt;br /&gt;&lt;br /&gt;800 views! Thank you all so much!!! &lt;img src=&quot;https://e.deviantart.net/emoticons/b/biggrin.gif&quot; width=&quot;15&quot; height=&quot;15&quot; alt=&quot;:D&quot; data-embed-type=&quot;emoticon&quot; data-embed-id=&quot;366&quot; title=&quot;:D (Big Grin)&quot;/&gt; &lt;img src=&quot;https://e.deviantart.net/emoticons/b/biggrin.gif&quot; width=&quot;15&quot; height=&quot;15&quot; alt=&quot;:D&quot; data-embed-type=&quot;emoticon&quot; data-embed-id=&quot;366&quot; title=&quot;:D (Big Grin)&quot;/&gt; &lt;img src=&quot;https://e.deviantart.net/emoticons/b/biggrin.gif&quot; width=&quot;15&quot; height=&quot;15&quot; alt=&quot;:D&quot; data-embed-type=&quot;emoticon&quot; data-embed-id=&quot;366&quot; title=&quot;:D (Big Grin)&quot;/&gt; &lt;img src=&quot;https://e.deviantart.net/emoticons/b/biggrin.gif&quot; width=&quot;15&quot; height=&quot;15&quot; alt=&quot;:D&quot; data-embed-type=&quot;emoticon&quot; data-embed-id=&quot;366&quot; title=&quot;:D (Big Grin)&quot;/&gt; &lt;img src=&quot;https://e.deviantart.net/emoticons/b/biggrin.gif&quot; width=&quot;15&quot; height=&quot;15&quot; alt=&quot;:D&quot; data-embed-type=&quot;emoticon&quot; data-embed-id=&quot;366&quot; title=&quot;:D (Big Grin)&quot;/&gt;&lt;br /&gt;&lt;br /&gt;OVER 1,000 VIEWS!!!</media:description>            <media:thumbnail url="https://t00.deviantart.net/71XyClyWOBdHExEGVLshd6u7fE4=/fit-in/150x150/filters:no_upscale():origin()/pre00/cc8c/th/pre/i/2016/221/1/3/naruto_generations_chapter_1_page_1_by_jpguchiha-da5i4pc.jpg" height="150" width="109"/>            <media:thumbnail url="https://t00.deviantart.net/0AgB4tHtV9lQUI8TRF-nrB3TdG4=/fit-in/300x900/filters:no_upscale():origin()/pre00/cc8c/th/pre/i/2016/221/1/3/naruto_generations_chapter_1_page_1_by_jpguchiha-da5i4pc.jpg" height="413" width="300"/>            <media:thumbnail url="https://t00.deviantart.net/VzkQbbtG55H5AmO9LtUa9OiIoto=/300x200/filters:fixed_height(100,100):origin()/pre00/cc8c/th/pre/i/2016/221/1/3/naruto_generations_chapter_1_page_1_by_jpguchiha-da5i4pc.jpg" height="200" width="145"/>            <media:content url="https://pre00.deviantart.net/cc8c/th/pre/i/2016/221/1/3/naruto_generations_chapter_1_page_1_by_jpguchiha-da5i4pc.jpg" height="1048" width="762" medium="image"/>            
            <description>Yes! It&#039;s finally here, a scanned and enhanced version of my&amp;nbsp;fan manga&amp;nbsp;Naruto Generations! &lt;img src=&quot;https://e.deviantart.net/emoticons/b/biggrin.gif&quot; width=&quot;15&quot; height=&quot;15&quot; alt=&quot;:D&quot; data-embed-type=&quot;emoticon&quot; data-embed-id=&quot;366&quot; title=&quot;:D (Big Grin)&quot;/&gt;&lt;br /&gt;&amp;nbsp;&lt;br /&gt;Who are these two, why are they wearing Akatsuki cloaks?&amp;nbsp;Read&amp;nbsp;the next page to find out! ^^&amp;nbsp;&amp;nbsp;&lt;br /&gt;&lt;br /&gt;Next page: &lt;a href=&quot;http://jpguchiha.deviantart.com/art/Naruto-Generations-chapter-1-page-2-613907496&quot;&gt;jpguchiha.deviantart.com/art/N&amp;hellip;&lt;/a&gt;&lt;br /&gt;&lt;br /&gt;So what do you think? Do you like it, dislike it, do you have any ideas or changes you would personally add? Whatever&amp;nbsp;it is&amp;nbsp;tell me in the comments below.&amp;nbsp;&lt;br /&gt;&lt;br /&gt;Also if any of you have so ideas for Naruto Generations. Whether it be storylines,&amp;nbsp;characters, or&amp;nbsp;battle, &amp;nbsp;feel free to send me a note. I&#039;d&amp;nbsp;love w to hear your ideas.&lt;br /&gt;&lt;br /&gt;Over 700 views! Thank you all so much! &lt;img src=&quot;https://e.deviantart.net/emoticons/b/biggrin.gif&quot; width=&quot;15&quot; height=&quot;15&quot; alt=&quot;:D&quot; data-embed-type=&quot;emoticon&quot; data-embed-id=&quot;366&quot; title=&quot;:D (Big Grin)&quot;/&gt;&lt;br /&gt;&lt;br /&gt;800 views! Thank you all so much!!! &lt;img src=&quot;https://e.deviantart.net/emoticons/b/biggrin.gif&quot; width=&quot;15&quot; height=&quot;15&quot; alt=&quot;:D&quot; data-embed-type=&quot;emoticon&quot; data-embed-id=&quot;366&quot; title=&quot;:D (Big Grin)&quot;/&gt; &lt;img src=&quot;https://e.deviantart.net/emoticons/b/biggrin.gif&quot; width=&quot;15&quot; height=&quot;15&quot; alt=&quot;:D&quot; data-embed-type=&quot;emoticon&quot; data-embed-id=&quot;366&quot; title=&quot;:D (Big Grin)&quot;/&gt; &lt;img src=&quot;https://e.deviantart.net/emoticons/b/biggrin.gif&quot; width=&quot;15&quot; height=&quot;15&quot; alt=&quot;:D&quot; data-embed-type=&quot;emoticon&quot; data-embed-id=&quot;366&quot; title=&quot;:D (Big Grin)&quot;/&gt; &lt;img src=&quot;https://e.deviantart.net/emoticons/b/biggrin.gif&quot; width=&quot;15&quot; height=&quot;15&quot; alt=&quot;:D&quot; data-embed-type=&quot;emoticon&quot; data-embed-id=&quot;366&quot; title=&quot;:D (Big Grin)&quot;/&gt; &lt;img src=&quot;https://e.deviantart.net/emoticons/b/biggrin.gif&quot; width=&quot;15&quot; height=&quot;15&quot; alt=&quot;:D&quot; data-embed-type=&quot;emoticon&quot; data-embed-id=&quot;366&quot; title=&quot;:D (Big Grin)&quot;/&gt;&lt;br /&gt;&lt;br /&gt;OVER 1,000 VIEWS!!!&lt;br /&gt;&lt;div&gt;&lt;img src=&quot;https://t00.deviantart.net/VzkQbbtG55H5AmO9LtUa9OiIoto=/300x200/filters:fixed_height(100,100):origin()/pre00/cc8c/th/pre/i/2016/221/1/3/naruto_generations_chapter_1_page_1_by_jpguchiha-da5i4pc.jpg&quot; alt=&quot;thumbnail&quot; /&gt;&lt;/div&gt;</description>            </item>
                    <item>
                <title>Gatsu</title>
                <link>https://kurumii-chan.deviantart.com/art/Gatsu-712541562</link>
                <guid isPermaLink="true">https://kurumii-chan.deviantart.com/art/Gatsu-712541562</guid>
                <pubDate>Mon, 30 Oct 2017 15:48:55 PDT</pubDate>
                        <media:title type="plain">Gatsu</media:title>
        <media:keywords></media:keywords>
                        <media:rating>nonadult</media:rating>
                <media:category label="Fantasy">traditional/mixedmedia/fantasy</media:category>
        <media:credit role="author" scheme="urn:ebu">Kurumii-chan</media:credit>
        <media:credit role="author" scheme="urn:ebu">https://a.deviantart.net/avatars/k/u/kurumii-chan.gif?15</media:credit>
        <media:copyright url="https://kurumii-chan.deviantart.com">Copyright 2017-2019 Kurumii-chan</media:copyright>            <media:description type="html">Happy Halloween, Cunts!&amp;nbsp;&lt;br /&gt;DONT YOU DARE using rthis as a tattoo motiv...I swear, I skin you alive....&lt;br /&gt;&lt;br /&gt;EDIT: Change the eyes, becus no angry guts has normal eyes, thanks to le bf &amp;gt;///&amp;lt;</media:description>            <media:thumbnail url="https://t00.deviantart.net/MryVWrUUgEuosj7IAslP5TLpjHE=/fit-in/150x150/filters:no_upscale():origin()/pre00/2f03/th/pre/f/2017/304/e/4/gatsu_by_kurumii_chan-dbs88l6.jpg" height="150" width="132"/>            <media:thumbnail url="https://t00.deviantart.net/SHaOPkqNe5EK93SHNbp6oJl1Sw4=/fit-in/300x900/filters:no_upscale():origin()/pre00/2f03/th/pre/f/2017/304/e/4/gatsu_by_kurumii_chan-dbs88l6.jpg" height="342" width="300"/>            <media:thumbnail url="https://t00.deviantart.net/UnGLN0vZ4fn_Uj1tv0InK6EFl2Y=/300x200/filters:fixed_height(100,100):origin()/pre00/2f03/th/pre/f/2017/304/e/4/gatsu_by_kurumii_chan-dbs88l6.jpg" height="200" width="176"/>            <media:content url="https://pre00.deviantart.net/2f03/th/pre/f/2017/304/e/4/gatsu_by_kurumii_chan-dbs88l6.jpg" height="954" width="838" medium="image"/>            
            <description>Happy Halloween, Cunts!&amp;nbsp;&lt;br /&gt;DONT YOU DARE using rthis as a tattoo motiv...I swear, I skin you alive....&lt;br /&gt;&lt;br /&gt;EDIT: Change the eyes, becus no angry guts has normal eyes, thanks to le bf &amp;gt;///&amp;lt;&lt;br /&gt;&lt;div&gt;&lt;img src=&quot;https://t00.deviantart.net/UnGLN0vZ4fn_Uj1tv0InK6EFl2Y=/300x200/filters:fixed_height(100,100):origin()/pre00/2f03/th/pre/f/2017/304/e/4/gatsu_by_kurumii_chan-dbs88l6.jpg&quot; alt=&quot;thumbnail&quot; /&gt;&lt;/div&gt;</description>            </item>
                    <item>
                <title>Berserk (Puck rage edition)</title>
                <link>https://kurumii-chan.deviantart.com/art/Berserk-Puck-rage-edition-709052552</link>
                <guid isPermaLink="true">https://kurumii-chan.deviantart.com/art/Berserk-Puck-rage-edition-709052552</guid>
                <pubDate>Tue, 10 Oct 2017 11:16:47 PDT</pubDate>
                        <media:title type="plain">Berserk (Puck rage edition)</media:title>
        <media:keywords></media:keywords>
                        <media:rating>nonadult</media:rating>
                <media:category label="Fantasy">traditional/mixedmedia/fantasy</media:category>
        <media:credit role="author" scheme="urn:ebu">Kurumii-chan</media:credit>
        <media:credit role="author" scheme="urn:ebu">https://a.deviantart.net/avatars/k/u/kurumii-chan.gif?15</media:credit>
        <media:copyright url="https://kurumii-chan.deviantart.com">Copyright 2017-2019 Kurumii-chan</media:copyright>            <media:description type="html">I DONT WANT TO TALK, IM ASHAMED X////X&lt;br /&gt;Its Gatttsu and my Berserk OC Oona.&amp;nbsp;&lt;br /&gt;INSPIRING SONG OVER HERE:&amp;nbsp;&amp;nbsp;&lt;a class=&quot;external&quot; href=&quot;https://www.deviantart.com/users/outgoing?https://www.youtube.com/watch?v=823yuWz0lto&quot;&gt;www.youtube.com/watch?v=823yuW&amp;hellip;&lt;/a&gt;&lt;br /&gt;&lt;br /&gt;Kurumii-chan OUT!&amp;nbsp;</media:description>            <media:thumbnail url="https://t00.deviantart.net/3soxXtmybNQqr3xPuQmMwDRvsbM=/fit-in/150x150/filters:no_upscale():origin()/pre00/0054/th/pre/f/2017/297/7/e/berserk_by_kurumii_chan-dbq5gg8.jpg" height="150" width="126"/>            <media:thumbnail url="https://t00.deviantart.net/ZoQ9FHMAA-0x7neD-20XuxuT02A=/fit-in/300x900/filters:no_upscale():origin()/pre00/0054/th/pre/f/2017/297/7/e/berserk_by_kurumii_chan-dbq5gg8.jpg" height="356" width="300"/>            <media:thumbnail url="https://t00.deviantart.net/jY-PWJNgnymagABlgUCCRCvPFwA=/300x200/filters:fixed_height(100,100):origin()/pre00/0054/th/pre/f/2017/297/7/e/berserk_by_kurumii_chan-dbq5gg8.jpg" height="200" width="168"/>            <media:content url="https://pre00.deviantart.net/0054/th/pre/f/2017/297/7/e/berserk_by_kurumii_chan-dbq5gg8.jpg" height="974" width="820" medium="image"/>            
            <description>I DONT WANT TO TALK, IM ASHAMED X////X&lt;br /&gt;Its Gatttsu and my Berserk OC Oona.&amp;nbsp;&lt;br /&gt;INSPIRING SONG OVER HERE:&amp;nbsp;&amp;nbsp;&lt;a class=&quot;external&quot; href=&quot;https://www.deviantart.com/users/outgoing?https://www.youtube.com/watch?v=823yuWz0lto&quot;&gt;www.youtube.com/watch?v=823yuW&amp;hellip;&lt;/a&gt;&lt;br /&gt;&lt;br /&gt;Kurumii-chan OUT!&amp;nbsp;&lt;br /&gt;&lt;div&gt;&lt;img src=&quot;https://t00.deviantart.net/jY-PWJNgnymagABlgUCCRCvPFwA=/300x200/filters:fixed_height(100,100):origin()/pre00/0054/th/pre/f/2017/297/7/e/berserk_by_kurumii_chan-dbq5gg8.jpg&quot; alt=&quot;thumbnail&quot; /&gt;&lt;/div&gt;</description>            </item>
                    <item>
                <title>Berserk-Inspired Otway</title>
                <link>https://lordguyis.deviantart.com/art/Berserk-Inspired-Otway-630781344</link>
                <guid isPermaLink="true">https://lordguyis.deviantart.com/art/Berserk-Inspired-Otway-630781344</guid>
                <pubDate>Fri, 26 Aug 2016 22:51:21 PDT</pubDate>
                        <media:title type="plain">Berserk-Inspired Otway</media:title>
        <media:keywords></media:keywords>
                        <media:rating>nonadult</media:rating>
                <media:category label="People">traditional/drawings/people</media:category>
        <media:credit role="author" scheme="urn:ebu">LordGuyis</media:credit>
        <media:credit role="author" scheme="urn:ebu">https://a.deviantart.net/avatars/l/o/lordguyis.gif?3</media:credit>
        <media:copyright url="https://lordguyis.deviantart.com">Copyright 2016-2019 LordGuyis</media:copyright>            <media:description type="html">&lt;span&gt;Here&amp;#8217;s my next drawing. This one is of Otway only a short while after he stops being Cowl, hence why he is ragged and bloodsoaked (remember that event leads his white cloak to be stained red with blood). This picture (like many of Otway/Cowl) is HEAVILY inspired by Berserk, this one in particular is literally a direct panel from it just flipped to match Otway&amp;#8217;s left-handedness and obviously his armor and sword are (mostly) his own. So yeah, pretty happy with how this turned out. A lot of the armor shading didn&amp;#8217;t quite turn out as well as hoped but some (like the feet) turned out pretty much perfect. His head gave me quite a bit of trouble here and it still isn&amp;#8217;t quite aligned right. Big downside of drawing straight from a panel of Berserk, I now have to compare myself to the incredible artwork it has which is never really uplifting.&lt;/span&gt;</media:description>            <media:thumbnail url="https://t00.deviantart.net/l1vI8y5ulHa-QX0or5Z3w1nUJs8=/fit-in/150x150/filters:no_upscale():origin()/pre00/f4d9/th/pre/f/2016/239/d/6/berserk_inspired_otway_by_lordguyis-dafju00.jpg" height="150" width="113"/>            <media:thumbnail url="https://t00.deviantart.net/UobzVBbbJWNEfxXOHutZFgUaxuQ=/fit-in/300x900/filters:no_upscale():origin()/pre00/f4d9/th/pre/f/2016/239/d/6/berserk_inspired_otway_by_lordguyis-dafju00.jpg" height="400" width="300"/>            <media:thumbnail url="https://t00.deviantart.net/nGE4yhChsup56pfj3FpPBF445Dw=/300x200/filters:fixed_height(100,100):origin()/pre00/f4d9/th/pre/f/2016/239/d/6/berserk_inspired_otway_by_lordguyis-dafju00.jpg" height="200" width="150"/>            <media:content url="https://pre00.deviantart.net/f4d9/th/pre/f/2016/239/d/6/berserk_inspired_otway_by_lordguyis-dafju00.jpg" height="1032" width="774" medium="image"/>            
            <description>&lt;span&gt;Here&amp;#8217;s my next drawing. This one is of Otway only a short while after he stops being Cowl, hence why he is ragged and bloodsoaked (remember that event leads his white cloak to be stained red with blood). This picture (like many of Otway/Cowl) is HEAVILY inspired by Berserk, this one in particular is literally a direct panel from it just flipped to match Otway&amp;#8217;s left-handedness and obviously his armor and sword are (mostly) his own. So yeah, pretty happy with how this turned out. A lot of the armor shading didn&amp;#8217;t quite turn out as well as hoped but some (like the feet) turned out pretty much perfect. His head gave me quite a bit of trouble here and it still isn&amp;#8217;t quite aligned right. Big downside of drawing straight from a panel of Berserk, I now have to compare myself to the incredible artwork it has which is never really uplifting.&lt;/span&gt;&lt;br /&gt;&lt;div&gt;&lt;img src=&quot;https://t00.deviantart.net/nGE4yhChsup56pfj3FpPBF445Dw=/300x200/filters:fixed_height(100,100):origin()/pre00/f4d9/th/pre/f/2016/239/d/6/berserk_inspired_otway_by_lordguyis-dafju00.jpg&quot; alt=&quot;thumbnail&quot; /&gt;&lt;/div&gt;</description>            </item>
                    <item>
                <title>Cephalopod Dot Matrix</title>
                <link>https://darkchapel666.deviantart.com/art/Cephalopod-Dot-Matrix-704260609</link>
                <guid isPermaLink="true">https://darkchapel666.deviantart.com/art/Cephalopod-Dot-Matrix-704260609</guid>
                <pubDate>Thu, 14 Sep 2017 03:34:26 PDT</pubDate>
                        <media:title type="plain">Cephalopod Dot Matrix</media:title>
        <media:keywords></media:keywords>
                        <media:rating>nonadult</media:rating>
                <media:category label="Drawings">manga/digital/drawings</media:category>
        <media:credit role="author" scheme="urn:ebu">darkchapel666</media:credit>
        <media:credit role="author" scheme="urn:ebu">https://a.deviantart.net/avatars/d/a/darkchapel666.gif?8</media:credit>
        <media:copyright url="https://darkchapel666.deviantart.com">Copyright 2017-2019 darkchapel666</media:copyright>            <media:description type="html">The Decisive Blow : A staple attack amongst battle mangas and giant robot animes. It is necessary for our hero to strike a cool pose while looking away from the explosion.&lt;br /&gt;For after all, cool guys don&#039;t look at explosions.&lt;br /&gt;&lt;a target=&quot;_self&quot; href=&quot;https://explodeplz.deviantart.com/&quot; &gt;&lt;img class=&quot;avatar&quot; width=&quot;50&quot; height=&quot;50&quot; src=&quot;https://a.deviantart.net/avatars/e/x/explodeplz.gif?1&quot; alt=&quot;:iconexplodeplz:&quot; title=&quot;explodeplz&quot; /&gt;&lt;/a&gt;&lt;br /&gt;&lt;br /&gt;I was also going for a very Mignola-esque inspired background hence the random tentacles.&lt;br /&gt;&lt;a target=&quot;_self&quot; href=&quot;https://tentacleplz.deviantart.com/&quot; &gt;&lt;img class=&quot;avatar&quot; width=&quot;50&quot; height=&quot;50&quot; src=&quot;https://a.deviantart.net/avatars/t/e/tentacleplz.gif?1&quot; alt=&quot;:icontentacleplz:&quot; title=&quot;TentaclePlz&quot; /&gt;&lt;/a&gt;&lt;br /&gt;&lt;br /&gt;3of 3 of his request:&lt;br /&gt;Max:&lt;br /&gt;&lt;a href=&quot;https://luke-crowe.deviantart.com/favourites/73809193/Max&quot;&gt;luke-crowe.deviantart.com/favo&amp;hellip;&lt;/a&gt;</media:description>            <media:thumbnail url="https://t00.deviantart.net/H207CLvVLPX49zXFMIGQwvnNepA=/fit-in/150x150/filters:no_upscale():origin()/pre00/46f9/th/pre/i/2017/256/7/7/cephalopod_dot_matrix_by_darkchapel666-dbnaqyp.jpg" height="150" width="116"/>            <media:thumbnail url="https://t00.deviantart.net/kZAbP-iZxivd-nlR3yEhKOt-a20=/fit-in/300x900/filters:no_upscale():origin()/pre00/46f9/th/pre/i/2017/256/7/7/cephalopod_dot_matrix_by_darkchapel666-dbnaqyp.jpg" height="388" width="300"/>            <media:thumbnail url="https://t00.deviantart.net/9bQ64P5gh8W9NKWzem2i41QXsyc=/300x200/filters:fixed_height(100,100):origin()/pre00/46f9/th/pre/i/2017/256/7/7/cephalopod_dot_matrix_by_darkchapel666-dbnaqyp.jpg" height="200" width="155"/>            <media:content url="https://pre00.deviantart.net/46f9/th/pre/i/2017/256/7/7/cephalopod_dot_matrix_by_darkchapel666-dbnaqyp.jpg" height="1016" width="786" medium="image"/>            
            <description>The Decisive Blow : A staple attack amongst battle mangas and giant robot animes. It is necessary for our hero to strike a cool pose while looking away from the explosion.&lt;br /&gt;For after all, cool guys don&#039;t look at explosions.&lt;br /&gt;&lt;a target=&quot;_self&quot; href=&quot;https://explodeplz.deviantart.com/&quot; &gt;&lt;img class=&quot;avatar&quot; width=&quot;50&quot; height=&quot;50&quot; src=&quot;https://a.deviantart.net/avatars/e/x/explodeplz.gif?1&quot; alt=&quot;:iconexplodeplz:&quot; title=&quot;explodeplz&quot; /&gt;&lt;/a&gt;&lt;br /&gt;&lt;br /&gt;I was also going for a very Mignola-esque inspired background hence the random tentacles.&lt;br /&gt;&lt;a target=&quot;_self&quot; href=&quot;https://tentacleplz.deviantart.com/&quot; &gt;&lt;img class=&quot;avatar&quot; width=&quot;50&quot; height=&quot;50&quot; src=&quot;https://a.deviantart.net/avatars/t/e/tentacleplz.gif?1&quot; alt=&quot;:icontentacleplz:&quot; title=&quot;TentaclePlz&quot; /&gt;&lt;/a&gt;&lt;br /&gt;&lt;br /&gt;3of 3 of his request:&lt;br /&gt;Max:&lt;br /&gt;&lt;a href=&quot;https://luke-crowe.deviantart.com/favourites/73809193/Max&quot;&gt;luke-crowe.deviantart.com/favo&amp;hellip;&lt;/a&gt;&lt;br /&gt;&lt;div&gt;&lt;img src=&quot;https://t00.deviantart.net/9bQ64P5gh8W9NKWzem2i41QXsyc=/300x200/filters:fixed_height(100,100):origin()/pre00/46f9/th/pre/i/2017/256/7/7/cephalopod_dot_matrix_by_darkchapel666-dbnaqyp.jpg&quot; alt=&quot;thumbnail&quot; /&gt;&lt;/div&gt;</description>            </item>
                    <item>
                <title>Gutts</title>
                <link>https://hasssanart.deviantart.com/art/Gutts-627473889</link>
                <guid isPermaLink="true">https://hasssanart.deviantart.com/art/Gutts-627473889</guid>
                <pubDate>Thu, 11 Aug 2016 00:18:26 PDT</pubDate>
                        <media:title type="plain">Gutts</media:title>
        <media:keywords></media:keywords>
                        <media:rating>nonadult</media:rating>
                <media:category label="Drawings">manga/traditional/drawings</media:category>
        <media:credit role="author" scheme="urn:ebu">HasssanArt</media:credit>
        <media:credit role="author" scheme="urn:ebu">https://a.deviantart.net/avatars/h/a/hasssanart.jpg?4</media:credit>
        <media:copyright url="https://hasssanart.deviantart.com">Copyright 2016-2019 HasssanArt</media:copyright>             <creativeCommons:license>http://creativecommons.org/licenses/by/3.0/</creativeCommons:license>
                <media:description type="html">My drawing for Guts from Berserk it took one week and half from me on A3 page size I used pentel brush pen and microns for inking</media:description>            <media:thumbnail url="https://t00.deviantart.net/MaOWvYoGuxiFueMv7A4qV25-vBs=/fit-in/150x150/filters:no_upscale():origin()/pre00/70a4/th/pre/i/2016/227/a/e/gutts_by_hasssanart-dadkxy9.jpg" height="150" width="106"/>            <media:thumbnail url="https://t00.deviantart.net/MB92FUJL328XrD38iZXQYIJJyTw=/fit-in/300x900/filters:no_upscale():origin()/pre00/70a4/th/pre/i/2016/227/a/e/gutts_by_hasssanart-dadkxy9.jpg" height="423" width="300"/>            <media:thumbnail url="https://t00.deviantart.net/FnhE31iYL1TutBXUFpZKPYxj8gE=/300x200/filters:fixed_height(100,100):origin()/pre00/70a4/th/pre/i/2016/227/a/e/gutts_by_hasssanart-dadkxy9.jpg" height="200" width="142"/>            <media:content url="https://pre00.deviantart.net/70a4/th/pre/i/2016/227/a/e/gutts_by_hasssanart-dadkxy9.jpg" height="1062" width="753" medium="image"/>            
            <description>My drawing for Guts from Berserk it took one week and half from me on A3 page size I used pentel brush pen and microns for inking&lt;br /&gt;&lt;div&gt;&lt;img src=&quot;https://t00.deviantart.net/FnhE31iYL1TutBXUFpZKPYxj8gE=/300x200/filters:fixed_height(100,100):origin()/pre00/70a4/th/pre/i/2016/227/a/e/gutts_by_hasssanart-dadkxy9.jpg&quot; alt=&quot;thumbnail&quot; /&gt;&lt;/div&gt;</description>            </item>
                    <item>
                <title>Proxy High Oc -  Veerus the Squid</title>
                <link>https://thefallingpiano.deviantart.com/art/Proxy-High-Oc-Veerus-the-Squid-533535214</link>
                <guid isPermaLink="true">https://thefallingpiano.deviantart.com/art/Proxy-High-Oc-Veerus-the-Squid-533535214</guid>
                <pubDate>Sat, 16 May 2015 20:23:56 PDT</pubDate>
                        <media:title type="plain">Proxy High Oc -  Veerus the Squid</media:title>
        <media:keywords></media:keywords>
                        <media:rating>nonadult</media:rating>
                <media:category label="Characters, Animals &amp; Monsters">designs/gameart/2dgame/characters</media:category>
        <media:credit role="author" scheme="urn:ebu">TheFallingpiano</media:credit>
        <media:credit role="author" scheme="urn:ebu">https://a.deviantart.net/avatars/t/h/thefallingpiano.png?3</media:credit>
        <media:copyright url="https://thefallingpiano.deviantart.com">Copyright 2015-2019 TheFallingpiano</media:copyright>            <media:description type="html">Application form for&amp;nbsp;--&amp;gt;&amp;nbsp;&lt;a target=&quot;_self&quot; href=&quot;https://proxyhigh.deviantart.com/&quot; &gt;&lt;img class=&quot;avatar&quot; src=&quot;https://a.deviantart.net/avatars/p/r/proxyhigh.gif?3&quot; alt=&quot;:iconproxyhigh:&quot; title=&quot;ProxyHigh&quot; /&gt;&lt;/a&gt;&lt;br /&gt;&lt;br /&gt;--------------------------------&lt;br /&gt;&lt;br /&gt;&lt;sub&gt; &lt;b&gt;Edit:&lt;/b&gt; Changed his ears and feet to make him look more human, damn those ears are still pointy though&lt;sub&gt;...but I really tried...&lt;/sub&gt; &lt;img src=&quot;https://e.deviantart.net/emoticons/f/facepalm.gif&quot; width=&quot;15&quot; height=&quot;15&quot; alt=&quot;:facepalm:&quot; data-embed-type=&quot;emoticon&quot; data-embed-id=&quot;597&quot; title=&quot;Facepalm&quot;/&gt;&lt;/sub&gt;&lt;br /&gt;&lt;br /&gt;--------------------------------&lt;br /&gt;&lt;blockquote&gt;&lt;span&gt;&lt;img src=&quot;https://e.deviantart.net/emoticons/b/bulletblack.gif&quot; width=&quot;10&quot; height=&quot;10&quot; alt=&quot;:bulletblack:&quot; data-embed-type=&quot;emoticon&quot; data-embed-id=&quot;564&quot; title=&quot;Bullet; Black&quot;/&gt;&lt;/span&gt;&lt;b&gt;Basic Information&lt;/b&gt;&lt;/blockquote&gt;&lt;br /&gt;Name: Veerus The Squid&lt;br /&gt;Nicknames: Ink or Squid&lt;br /&gt;Age: 17&lt;br /&gt;Day of Birth: 1st January&lt;br /&gt;Height: 6&amp;#8217;&#039;55&lt;br /&gt;Gender: Male&lt;br /&gt;Class: Green | &lt;b&gt;Yellow &lt;/b&gt;| Red | Blue&lt;br /&gt;&lt;br /&gt;&lt;b&gt;Notable features:&lt;/b&gt;&lt;br /&gt;&lt;img src=&quot;https://e.deviantart.net/emoticons/b/bulletyellow.gif&quot; width=&quot;10&quot; height=&quot;10&quot; alt=&quot;:bulletyellow:&quot; data-embed-type=&quot;emoticon&quot; data-embed-id=&quot;566&quot; title=&quot;Bullet; Yellow&quot;/&gt; Eyes are slitted with an inner line around them.&lt;br /&gt;&lt;img src=&quot;https://e.deviantart.net/emoticons/b/bulletyellow.gif&quot; width=&quot;10&quot; height=&quot;10&quot; alt=&quot;:bulletyellow:&quot; data-embed-type=&quot;emoticon&quot; data-embed-id=&quot;566&quot; title=&quot;Bullet; Yellow&quot;/&gt; Hundreds of sharp teeth&lt;br /&gt;&lt;img src=&quot;https://e.deviantart.net/emoticons/b/bulletyellow.gif&quot; width=&quot;10&quot; height=&quot;10&quot; alt=&quot;:bulletyellow:&quot; data-embed-type=&quot;emoticon&quot; data-embed-id=&quot;566&quot; title=&quot;Bullet; Yellow&quot;/&gt; Both ears are pierced&lt;br /&gt;&lt;img src=&quot;https://e.deviantart.net/emoticons/b/bulletyellow.gif&quot; width=&quot;10&quot; height=&quot;10&quot; alt=&quot;:bulletyellow:&quot; data-embed-type=&quot;emoticon&quot; data-embed-id=&quot;566&quot; title=&quot;Bullet; Yellow&quot;/&gt; Hands / end of tail / ears and side of eyes are all dark grey from blood turning inky coloured due to prototype antidote effects.&lt;br /&gt;&lt;img src=&quot;https://e.deviantart.net/emoticons/b/bulletyellow.gif&quot; width=&quot;10&quot; height=&quot;10&quot; alt=&quot;:bulletyellow:&quot; data-embed-type=&quot;emoticon&quot; data-embed-id=&quot;566&quot; title=&quot;Bullet; Yellow&quot;/&gt; Has a long arrow pointed tail.&lt;br /&gt;&lt;img src=&quot;https://e.deviantart.net/emoticons/b/bulletyellow.gif&quot; width=&quot;10&quot; height=&quot;10&quot; alt=&quot;:bulletyellow:&quot; data-embed-type=&quot;emoticon&quot; data-embed-id=&quot;566&quot; title=&quot;Bullet; Yellow&quot;/&gt; Shirt has really long sleeves which can be tied together when he becomes temperamental or goes berserk in order to prevent him from harming anyone.&lt;br /&gt;&lt;img src=&quot;https://e.deviantart.net/emoticons/b/bulletyellow.gif&quot; width=&quot;10&quot; height=&quot;10&quot; alt=&quot;:bulletyellow:&quot; data-embed-type=&quot;emoticon&quot; data-embed-id=&quot;566&quot; title=&quot;Bullet; Yellow&quot;/&gt; Scar on mouth and he is always wearing bandages on his nose and the side of his face.&lt;br /&gt;&lt;img src=&quot;https://e.deviantart.net/emoticons/b/bulletyellow.gif&quot; width=&quot;10&quot; height=&quot;10&quot; alt=&quot;:bulletyellow:&quot; data-embed-type=&quot;emoticon&quot; data-embed-id=&quot;566&quot; title=&quot;Bullet; Yellow&quot;/&gt; His mask is normally always hanging on the side of his face.&lt;br /&gt;&lt;img src=&quot;https://e.deviantart.net/emoticons/b/bulletyellow.gif&quot; width=&quot;10&quot; height=&quot;10&quot; alt=&quot;:bulletyellow:&quot; data-embed-type=&quot;emoticon&quot; data-embed-id=&quot;566&quot; title=&quot;Bullet; Yellow&quot;/&gt; Has a long fork-like yellow tongue.&lt;br /&gt;&lt;br /&gt;&lt;b&gt; Weapon of choices:&lt;/b&gt;&lt;br /&gt;&lt;img src=&quot;https://e.deviantart.net/emoticons/b/bulletyellow.gif&quot; width=&quot;10&quot; height=&quot;10&quot; alt=&quot;:bulletyellow:&quot; data-embed-type=&quot;emoticon&quot; data-embed-id=&quot;566&quot; title=&quot;Bullet; Yellow&quot;/&gt; &lt;b&gt;His claws and tail&lt;/b&gt;&amp;#8211; Veerus prefers to use his claws in order to get up close and personal and he has a strange fascination with choking targets with his tail &amp;#8211; he quite enjoys the slow and painful death.&lt;br /&gt;&lt;img src=&quot;https://e.deviantart.net/emoticons/b/bulletyellow.gif&quot; width=&quot;10&quot; height=&quot;10&quot; alt=&quot;:bulletyellow:&quot; data-embed-type=&quot;emoticon&quot; data-embed-id=&quot;566&quot; title=&quot;Bullet; Yellow&quot;/&gt; &lt;b&gt;Paint Brush Staff&lt;/b&gt; - Veerus has a large paint brush-like staff that he uses for combat and can launch ink from the brush ends.&lt;br /&gt;-------------&lt;br /&gt;&lt;i&gt;&lt;img src=&quot;https://e.deviantart.net/emoticons/b/bulletyellow.gif&quot; width=&quot;10&quot; height=&quot;10&quot; alt=&quot;:bulletyellow:&quot; data-embed-type=&quot;emoticon&quot; data-embed-id=&quot;566&quot; title=&quot;Bullet; Yellow&quot;/&gt; &lt;b&gt;Melanokinesis&lt;/b&gt; - Through the use of his ink like blood, Veerus can create, shape and manipulate ink seeping through his paws, including: moving ink, consistency/viscosity between solid and liquid. He can use his claws to write, scribe and tattoo without the needed tools by manipulating ink.&lt;br /&gt;&lt;img src=&quot;https://e.deviantart.net/emoticons/b/bulletyellow.gif&quot; width=&quot;10&quot; height=&quot;10&quot; alt=&quot;:bulletyellow:&quot; data-embed-type=&quot;emoticon&quot; data-embed-id=&quot;566&quot; title=&quot;Bullet; Yellow&quot;/&gt; &lt;b&gt;Melanokinetic Combat&lt;/b&gt; - Due to the veins being so evident on his hand, tail, feet and ears,&amp;nbsp;Veerus is able to use ink manipulation in combination with his fighting style,&amp;nbsp;such as creating claw like constructs on his hand, or increasing the length of tail, by adding ink. As a cheater, Veerus is also not above biting his tongue to make it bleed and then spitting out ink at opponents in order to blind and hinder their battle.&lt;br /&gt;&lt;/i&gt;&lt;br /&gt;&lt;blockquote&gt;&lt;img src=&quot;https://e.deviantart.net/emoticons/b/bulletblack.gif&quot; width=&quot;10&quot; height=&quot;10&quot; alt=&quot;:bulletblack:&quot; data-embed-type=&quot;emoticon&quot; data-embed-id=&quot;564&quot; title=&quot;Bullet; Black&quot;/&gt; &lt;b&gt;Personal Information&lt;/b&gt;&lt;/blockquote&gt;&lt;br /&gt;&lt;b&gt;Likes: &lt;/b&gt;Squishy his Squid Plushie /&amp;nbsp;Fighting / Drawing / strangling his victims with his tail / screams and begs for mercy / ink / Squids (as a pet) / sleeping during classes he doesn&#039;t understand / spring cleaning / singing / playing musical instruments / &lt;strike&gt;Hugs&lt;/strike&gt; / seeing how many &amp;#8216;F&amp;#8217;s he can get in one term.&lt;br /&gt;&lt;br /&gt;&lt;b&gt;Dislikes: &lt;/b&gt; Being restrained by his jacket /cats &amp;amp; dogs / being around beings taller than him / anyone who eats squids / germs / mess / reading / WATER!!&lt;br /&gt;&lt;br /&gt;&lt;br /&gt;&lt;b&gt;Personality:&lt;/b&gt;&lt;br /&gt;At face value, Veerus has quite childish, playful and sometime immature nature. He enjoys making jokes and is rarely seen without a smile. He likes to adventure out and do things for himself &amp;#8211; even if he fails abysmally - because he hates taking orders or listening to authoritative figures, which often gets him in trouble - In reality though, he gets jealous very easily and can become violent when he wants something bad enough.&lt;br /&gt;Veerus thrives in pain and blood related circumstances, while he enjoys the thought of killing and being covered with his victim&#039;s blood, he also welcomes and smiles at the rush for pain, taking it full on like some sort of drug. &lt;br /&gt;He can be quite impulsive and is known to act before thinking, and although he enjoys a good fight and the amount of pain it causes to himself (and victims/opponents), he is not a fair character, and is certainly not afraid to cheat if it means winning as it&amp;#8217;s very rare that he thinks before acting.&lt;br /&gt;&lt;br /&gt;&lt;b&gt;&lt;br /&gt;Short History:&lt;/b&gt;&lt;br /&gt;Veerus was the second oldest of 4 children. He was born with an excessively weak immune system and was an on and off patient at the hospital due to it. His most common diagnosis being Septicemia. He survived each event, but it was costly on his already financially unstable parents.&lt;br /&gt;His older sister was the only one to visit him at the hospital.&lt;br /&gt;&lt;br /&gt;His parents - who despised weakness - only saw that Veerus was going nowhere academically, he wasn&#039;t all that smart compared to his siblings and he couldn&#039;t focus for long periods of time. They began to believe there was no potential in their continuous investment.&lt;br /&gt;Veerus father took him to a medical students that had been kicked out and was attempting to redeem himself by creating a cure to weak immune systems. &lt;br /&gt;&lt;br /&gt;He injected Veerus with a prototype antidote to test the outcome. Over the weeks, Veerus seemed to still get septicemia, but his antibodies fought back. His father was glad that he&#039;d no longer have to spend the money at hospitals anymore.&lt;br /&gt;The medical student did tests to check on Veerus who endured to pain for the chance of being cured.&lt;br /&gt;&lt;br /&gt;13 weeks had passed after the first injection, and Veerus&#039; hands and feet had turned a dark grey inky colour as the veins appeared, eventually they began to mutate and take claw-like appearances, Veerus even had a growth mutation at his coxis which slowly developed and became a tail.&lt;br /&gt;&lt;br /&gt;Veerus himself, was fascinated by the change - he thought he was finally cured from his weakness. His family not so much. One night he heard his parents attempting to phone the police. Getting angry that his parents were always trying to change or improve&amp;nbsp;him and not his siblings, he lost his temper and ended up strangling both his parents wanting to silence them from their constant shunning of his worth with his tail growth, before killing his two younger siblings in a fit of rage for being better than him.&amp;nbsp;&lt;br /&gt;&lt;br /&gt;Veerus was unable to kill his elder sister - he physically couldn&#039;t do it, it was as if his mind refused him to. Instead he fled the family home and disappeared.&lt;br /&gt;&lt;br /&gt;He was hiding out in the forest, when the sound of static alerted him, turning Veerus backed away to find a blank faced figure that was taller than him who said that his &lt;i&gt;&#039;unique&#039;&lt;/i&gt;&amp;nbsp;abilities could be of use to the being .&lt;br /&gt;&lt;span&gt;Veerus became a Proxy of the Slenderman and was soon&amp;nbsp;enlisted&amp;nbsp;into Proxy High for schooling on being a&amp;nbsp;proper&amp;nbsp;Proxy.&lt;br /&gt;&amp;nbsp;&lt;/span&gt;&lt;br /&gt;&lt;blockquote&gt;&lt;img src=&quot;https://e.deviantart.net/emoticons/b/bulletblack.gif&quot; width=&quot;10&quot; height=&quot;10&quot; alt=&quot;:bulletblack:&quot; data-embed-type=&quot;emoticon&quot; data-embed-id=&quot;564&quot; title=&quot;Bullet; Black&quot;/&gt; &lt;b&gt;Abilities&lt;/b&gt;&lt;/blockquote&gt;&lt;br /&gt;&lt;b&gt;Skills and strengths:&lt;/b&gt;&lt;br /&gt;&lt;img src=&quot;https://e.deviantart.net/emoticons/b/bulletyellow.gif&quot; width=&quot;10&quot; height=&quot;10&quot; alt=&quot;:bulletyellow:&quot; data-embed-type=&quot;emoticon&quot; data-embed-id=&quot;566&quot; title=&quot;Bullet; Yellow&quot;/&gt; Veerus is very strong, and he also has a high pain threshold and is able to endure a lot of physical damage before finally being knocked out. &lt;sub&gt;...It has also made him a bit of a masochist&lt;/sub&gt;&lt;br /&gt;&lt;img src=&quot;https://e.deviantart.net/emoticons/b/bulletyellow.gif&quot; width=&quot;10&quot; height=&quot;10&quot; alt=&quot;:bulletyellow:&quot; data-embed-type=&quot;emoticon&quot; data-embed-id=&quot;566&quot; title=&quot;Bullet; Yellow&quot;/&gt; He&amp;#8217;s good at Vocational subjects such as sports and music. He&amp;#8217;s even a good artist.&lt;br /&gt;&lt;br /&gt; &lt;b&gt;Weaknesses:&lt;/b&gt;&lt;br /&gt;&lt;img src=&quot;https://e.deviantart.net/emoticons/b/bulletyellow.gif&quot; width=&quot;10&quot; height=&quot;10&quot; alt=&quot;:bulletyellow:&quot; data-embed-type=&quot;emoticon&quot; data-embed-id=&quot;566&quot; title=&quot;Bullet; Yellow&quot;/&gt; Losing control of his temper often makes him chaotic and berserk-like, returning to primal instincts of fight, kill, and eat.&lt;br /&gt;&lt;img src=&quot;https://e.deviantart.net/emoticons/b/bulletyellow.gif&quot; width=&quot;10&quot; height=&quot;10&quot; alt=&quot;:bulletyellow:&quot; data-embed-type=&quot;emoticon&quot; data-embed-id=&quot;566&quot; title=&quot;Bullet; Yellow&quot;/&gt; If touched by water, his ink would run and he&amp;#8217;d lose his abilities, even becoming weak and a lot more susceptible to pain...it&amp;#8217;s so bad that Veerus has actually adopted an extreme fear for water (he baths in Tomato pure).&lt;br /&gt;&lt;img src=&quot;https://e.deviantart.net/emoticons/b/bulletyellow.gif&quot; width=&quot;10&quot; height=&quot;10&quot; alt=&quot;:bulletyellow:&quot; data-embed-type=&quot;emoticon&quot; data-embed-id=&quot;566&quot; title=&quot;Bullet; Yellow&quot;/&gt; Veerus is terrible at anything academic. Vocational he&#039;s okay with and he can get &#039;okay&#039; grades, but when it comes to Math / english and even Science&amp;#8230;he&amp;#8217;s not got a clue and anything he can&amp;#8217;t do &amp;#8211; &lt;br /&gt;Veerus is likely to give up on things he can&#039;t do, and his dyslexia doesn&#039;t help making it hard to learn.&lt;br /&gt;&lt;img src=&quot;https://e.deviantart.net/emoticons/b/bulletyellow.gif&quot; width=&quot;10&quot; height=&quot;10&quot; alt=&quot;:bulletyellow:&quot; data-embed-type=&quot;emoticon&quot; data-embed-id=&quot;566&quot; title=&quot;Bullet; Yellow&quot;/&gt; He is scared of and goes quiet around anyone taller than him.&lt;br /&gt;&lt;img src=&quot;https://e.deviantart.net/emoticons/b/bulletyellow.gif&quot; width=&quot;10&quot; height=&quot;10&quot; alt=&quot;:bulletyellow:&quot; data-embed-type=&quot;emoticon&quot; data-embed-id=&quot;566&quot; title=&quot;Bullet; Yellow&quot;/&gt; Veerus has a fear of weakness, and in subjects like Gym which he does good in, he will always push himself to the limits - even past his pain threshold - in order to show that he is not weak.&amp;nbsp;&lt;br /&gt;&lt;blockquote&gt;&lt;img src=&quot;https://e.deviantart.net/emoticons/b/bulletblack.gif&quot; width=&quot;10&quot; height=&quot;10&quot; alt=&quot;:bulletblack:&quot; data-embed-type=&quot;emoticon&quot; data-embed-id=&quot;564&quot; title=&quot;Bullet; Black&quot;/&gt; &lt;b&gt;Additional information: &lt;/b&gt;&lt;/blockquote&gt;&lt;br /&gt;&lt;img src=&quot;https://e.deviantart.net/emoticons/b/bulletyellow.gif&quot; width=&quot;10&quot; height=&quot;10&quot; alt=&quot;:bulletyellow:&quot; data-embed-type=&quot;emoticon&quot; data-embed-id=&quot;566&quot; title=&quot;Bullet; Yellow&quot;/&gt; Veerus is dyslexic &lt;br /&gt;&lt;img src=&quot;https://e.deviantart.net/emoticons/b/bulletyellow.gif&quot; width=&quot;10&quot; height=&quot;10&quot; alt=&quot;:bulletyellow:&quot; data-embed-type=&quot;emoticon&quot; data-embed-id=&quot;566&quot; title=&quot;Bullet; Yellow&quot;/&gt; He has a weak immune system &lt;br /&gt;&lt;img src=&quot;https://e.deviantart.net/emoticons/b/bulletyellow.gif&quot; width=&quot;10&quot; height=&quot;10&quot; alt=&quot;:bulletyellow:&quot; data-embed-type=&quot;emoticon&quot; data-embed-id=&quot;566&quot; title=&quot;Bullet; Yellow&quot;/&gt; He is Hydrophobic &lt;br /&gt;&lt;img src=&quot;https://e.deviantart.net/emoticons/b/bulletyellow.gif&quot; width=&quot;10&quot; height=&quot;10&quot; alt=&quot;:bulletyellow:&quot; data-embed-type=&quot;emoticon&quot; data-embed-id=&quot;566&quot; title=&quot;Bullet; Yellow&quot;/&gt; His blood is inky black and he even cries and sweats ink rather than water.&lt;br /&gt;&lt;img src=&quot;https://e.deviantart.net/emoticons/b/bulletyellow.gif&quot; width=&quot;10&quot; height=&quot;10&quot; alt=&quot;:bulletyellow:&quot; data-embed-type=&quot;emoticon&quot; data-embed-id=&quot;566&quot; title=&quot;Bullet; Yellow&quot;/&gt; He has a plush squid called &#039;&#039;Squishy&#039;&#039;&lt;br /&gt;&lt;img src=&quot;https://e.deviantart.net/emoticons/b/bulletyellow.gif&quot; width=&quot;10&quot; height=&quot;10&quot; alt=&quot;:bulletyellow:&quot; data-embed-type=&quot;emoticon&quot; data-embed-id=&quot;566&quot; title=&quot;Bullet; Yellow&quot;/&gt; Dislikes mess other than spilled guts and blood#&lt;br /&gt;&lt;img src=&quot;https://e.deviantart.net/emoticons/b/bulletyellow.gif&quot; width=&quot;10&quot; height=&quot;10&quot; alt=&quot;:bulletyellow:&quot; data-embed-type=&quot;emoticon&quot; data-embed-id=&quot;566&quot; title=&quot;Bullet; Yellow&quot;/&gt; Despite his weak immune system he has strong stomach acid, and is quite likely to be seen eating rotten corpses or raw meat.&lt;br /&gt;&lt;img src=&quot;https://e.deviantart.net/emoticons/b/bulletyellow.gif&quot; width=&quot;10&quot; height=&quot;10&quot; alt=&quot;:bulletyellow:&quot; data-embed-type=&quot;emoticon&quot; data-embed-id=&quot;566&quot; title=&quot;Bullet; Yellow&quot;/&gt; Likes singing.&amp;nbsp;&lt;br /&gt;&lt;img src=&quot;https://e.deviantart.net/emoticons/b/bulletyellow.gif&quot; width=&quot;10&quot; height=&quot;10&quot; alt=&quot;:bulletyellow:&quot; data-embed-type=&quot;emoticon&quot; data-embed-id=&quot;566&quot; title=&quot;Bullet; Yellow&quot;/&gt; He plays the cello and saxophone, got taught by his mother when he was at home recovering from an illness.&lt;br /&gt;&lt;img src=&quot;https://e.deviantart.net/emoticons/b/bulletyellow.gif&quot; width=&quot;10&quot; height=&quot;10&quot; alt=&quot;:bulletyellow:&quot; data-embed-type=&quot;emoticon&quot; data-embed-id=&quot;566&quot; title=&quot;Bullet; Yellow&quot;/&gt; Inkjet mask - Veerus&#039; mask has a symbolic reference. The white background with inky images is a presentation that people perceive the world as black and white, but the fact it only covers one of his eyes is a way to show that he sees the world through different eyes&amp;lt;/sub&amp;gt;</media:description>            <media:thumbnail url="https://t00.deviantart.net/iB16SvjIaNt5n74t2Bkkbx2Fg14=/fit-in/150x150/filters:no_upscale():origin()/pre00/2647/th/pre/i/2015/143/4/3/proxy_high_oc____veerus_the_squid_by_thefallingpiano-d8tniem.png" height="150" width="106"/>            <media:thumbnail url="https://t00.deviantart.net/-Y4KO2vTa40W5yT_Yse4d9RJi6w=/fit-in/300x900/filters:no_upscale():origin()/pre00/2647/th/pre/i/2015/143/4/3/proxy_high_oc____veerus_the_squid_by_thefallingpiano-d8tniem.png" height="426" width="300"/>            <media:thumbnail url="https://t00.deviantart.net/MUNXQwsuMTYhiZ3vnuOAzPHM_T8=/300x200/filters:fixed_height(100,100):origin()/pre00/2647/th/pre/i/2015/143/4/3/proxy_high_oc____veerus_the_squid_by_thefallingpiano-d8tniem.png" height="200" width="141"/>            <media:content url="https://pre00.deviantart.net/2647/th/pre/i/2015/143/4/3/proxy_high_oc____veerus_the_squid_by_thefallingpiano-d8tniem.png" height="1066" width="750" medium="image"/>            
            <description>Application form for&amp;nbsp;--&amp;gt;&amp;nbsp;&lt;a target=&quot;_self&quot; href=&quot;https://proxyhigh.deviantart.com/&quot; &gt;&lt;img class=&quot;avatar&quot; src=&quot;https://a.deviantart.net/avatars/p/r/proxyhigh.gif?3&quot; alt=&quot;:iconproxyhigh:&quot; title=&quot;ProxyHigh&quot; /&gt;&lt;/a&gt;&lt;br /&gt;&lt;br /&gt;--------------------------------&lt;br /&gt;&lt;br /&gt;&lt;sub&gt; &lt;b&gt;Edit:&lt;/b&gt; Changed his ears and feet to make him look more human, damn those ears are still pointy though&lt;sub&gt;...but I really tried...&lt;/sub&gt; &lt;img src=&quot;https://e.deviantart.net/emoticons/f/facepalm.gif&quot; width=&quot;15&quot; height=&quot;15&quot; alt=&quot;:facepalm:&quot; data-embed-type=&quot;emoticon&quot; data-embed-id=&quot;597&quot; title=&quot;Facepalm&quot;/&gt;&lt;/sub&gt;&lt;br /&gt;&lt;br /&gt;--------------------------------&lt;br /&gt;&lt;blockquote&gt;&lt;span&gt;&lt;img src=&quot;https://e.deviantart.net/emoticons/b/bulletblack.gif&quot; width=&quot;10&quot; height=&quot;10&quot; alt=&quot;:bulletblack:&quot; data-embed-type=&quot;emoticon&quot; data-embed-id=&quot;564&quot; title=&quot;Bullet; Black&quot;/&gt;&lt;/span&gt;&lt;b&gt;Basic Information&lt;/b&gt;&lt;/blockquote&gt;&lt;br /&gt;Name: Veerus The Squid&lt;br /&gt;Nicknames: Ink or Squid&lt;br /&gt;Age: 17&lt;br /&gt;Day of Birth: 1st January&lt;br /&gt;Height: 6&amp;#8217;&#039;55&lt;br /&gt;Gender: Male&lt;br /&gt;Class: Green | &lt;b&gt;Yellow &lt;/b&gt;| Red | Blue&lt;br /&gt;&lt;br /&gt;&lt;b&gt;Notable features:&lt;/b&gt;&lt;br /&gt;&lt;img src=&quot;https://e.deviantart.net/emoticons/b/bulletyellow.gif&quot; width=&quot;10&quot; height=&quot;10&quot; alt=&quot;:bulletyellow:&quot; data-embed-type=&quot;emoticon&quot; data-embed-id=&quot;566&quot; title=&quot;Bullet; Yellow&quot;/&gt; Eyes are slitted with an inner line around them.&lt;br /&gt;&lt;img src=&quot;https://e.deviantart.net/emoticons/b/bulletyellow.gif&quot; width=&quot;10&quot; height=&quot;10&quot; alt=&quot;:bulletyellow:&quot; data-embed-type=&quot;emoticon&quot; data-embed-id=&quot;566&quot; title=&quot;Bullet; Yellow&quot;/&gt; Hundreds of sharp teeth&lt;br /&gt;&lt;img src=&quot;https://e.deviantart.net/emoticons/b/bulletyellow.gif&quot; width=&quot;10&quot; height=&quot;10&quot; alt=&quot;:bulletyellow:&quot; data-embed-type=&quot;emoticon&quot; data-embed-id=&quot;566&quot; title=&quot;Bullet; Yellow&quot;/&gt; Both ears are pierced&lt;br /&gt;&lt;img src=&quot;https://e.deviantart.net/emoticons/b/bulletyellow.gif&quot; width=&quot;10&quot; height=&quot;10&quot; alt=&quot;:bulletyellow:&quot; data-embed-type=&quot;emoticon&quot; data-embed-id=&quot;566&quot; title=&quot;Bullet; Yellow&quot;/&gt; Hands / end of tail / ears and side of eyes are all dark grey from blood turning inky coloured due to prototype antidote effects.&lt;br /&gt;&lt;img src=&quot;https://e.deviantart.net/emoticons/b/bulletyellow.gif&quot; width=&quot;10&quot; height=&quot;10&quot; alt=&quot;:bulletyellow:&quot; data-embed-type=&quot;emoticon&quot; data-embed-id=&quot;566&quot; title=&quot;Bullet; Yellow&quot;/&gt; Has a long arrow pointed tail.&lt;br /&gt;&lt;img src=&quot;https://e.deviantart.net/emoticons/b/bulletyellow.gif&quot; width=&quot;10&quot; height=&quot;10&quot; alt=&quot;:bulletyellow:&quot; data-embed-type=&quot;emoticon&quot; data-embed-id=&quot;566&quot; title=&quot;Bullet; Yellow&quot;/&gt; Shirt has really long sleeves which can be tied together when he becomes temperamental or goes berserk in order to prevent him from harming anyone.&lt;br /&gt;&lt;img src=&quot;https://e.deviantart.net/emoticons/b/bulletyellow.gif&quot; width=&quot;10&quot; height=&quot;10&quot; alt=&quot;:bulletyellow:&quot; data-embed-type=&quot;emoticon&quot; data-embed-id=&quot;566&quot; title=&quot;Bullet; Yellow&quot;/&gt; Scar on mouth and he is always wearing bandages on his nose and the side of his face.&lt;br /&gt;&lt;img src=&quot;https://e.deviantart.net/emoticons/b/bulletyellow.gif&quot; width=&quot;10&quot; height=&quot;10&quot; alt=&quot;:bulletyellow:&quot; data-embed-type=&quot;emoticon&quot; data-embed-id=&quot;566&quot; title=&quot;Bullet; Yellow&quot;/&gt; His mask is normally always hanging on the side of his face.&lt;br /&gt;&lt;img src=&quot;https://e.deviantart.net/emoticons/b/bulletyellow.gif&quot; width=&quot;10&quot; height=&quot;10&quot; alt=&quot;:bulletyellow:&quot; data-embed-type=&quot;emoticon&quot; data-embed-id=&quot;566&quot; title=&quot;Bullet; Yellow&quot;/&gt; Has a long fork-like yellow tongue.&lt;br /&gt;&lt;br /&gt;&lt;b&gt; Weapon of choices:&lt;/b&gt;&lt;br /&gt;&lt;img src=&quot;https://e.deviantart.net/emoticons/b/bulletyellow.gif&quot; width=&quot;10&quot; height=&quot;10&quot; alt=&quot;:bulletyellow:&quot; data-embed-type=&quot;emoticon&quot; data-embed-id=&quot;566&quot; title=&quot;Bullet; Yellow&quot;/&gt; &lt;b&gt;His claws and tail&lt;/b&gt;&amp;#8211; Veerus prefers to use his claws in order to get up close and personal and he has a strange fascination with choking targets with his tail &amp;#8211; he quite enjoys the slow and painful death.&lt;br /&gt;&lt;img src=&quot;https://e.deviantart.net/emoticons/b/bulletyellow.gif&quot; width=&quot;10&quot; height=&quot;10&quot; alt=&quot;:bulletyellow:&quot; data-embed-type=&quot;emoticon&quot; data-embed-id=&quot;566&quot; title=&quot;Bullet; Yellow&quot;/&gt; &lt;b&gt;Paint Brush Staff&lt;/b&gt; - Veerus has a large paint brush-like staff that he uses for combat and can launch ink from the brush ends.&lt;br /&gt;-------------&lt;br /&gt;&lt;i&gt;&lt;img src=&quot;https://e.deviantart.net/emoticons/b/bulletyellow.gif&quot; width=&quot;10&quot; height=&quot;10&quot; alt=&quot;:bulletyellow:&quot; data-embed-type=&quot;emoticon&quot; data-embed-id=&quot;566&quot; title=&quot;Bullet; Yellow&quot;/&gt; &lt;b&gt;Melanokinesis&lt;/b&gt; - Through the use of his ink like blood, Veerus can create, shape and manipulate ink seeping through his paws, including: moving ink, consistency/viscosity between solid and liquid. He can use his claws to write, scribe and tattoo without the needed tools by manipulating ink.&lt;br /&gt;&lt;img src=&quot;https://e.deviantart.net/emoticons/b/bulletyellow.gif&quot; width=&quot;10&quot; height=&quot;10&quot; alt=&quot;:bulletyellow:&quot; data-embed-type=&quot;emoticon&quot; data-embed-id=&quot;566&quot; title=&quot;Bullet; Yellow&quot;/&gt; &lt;b&gt;Melanokinetic Combat&lt;/b&gt; - Due to the veins being so evident on his hand, tail, feet and ears,&amp;nbsp;Veerus is able to use ink manipulation in combination with his fighting style,&amp;nbsp;such as creating claw like constructs on his hand, or increasing the length of tail, by adding ink. As a cheater, Veerus is also not above biting his tongue to make it bleed and then spitting out ink at opponents in order to blind and hinder their battle.&lt;br /&gt;&lt;/i&gt;&lt;br /&gt;&lt;blockquote&gt;&lt;img src=&quot;https://e.deviantart.net/emoticons/b/bulletblack.gif&quot; width=&quot;10&quot; height=&quot;10&quot; alt=&quot;:bulletblack:&quot; data-embed-type=&quot;emoticon&quot; data-embed-id=&quot;564&quot; title=&quot;Bullet; Black&quot;/&gt; &lt;b&gt;Personal Information&lt;/b&gt;&lt;/blockquote&gt;&lt;br /&gt;&lt;b&gt;Likes: &lt;/b&gt;Squishy his Squid Plushie /&amp;nbsp;Fighting / Drawing / strangling his victims with his tail / screams and begs for mercy / ink / Squids (as a pet) / sleeping during classes he doesn&#039;t understand / spring cleaning / singing / playing musical instruments / &lt;strike&gt;Hugs&lt;/strike&gt; / seeing how many &amp;#8216;F&amp;#8217;s he can get in one term.&lt;br /&gt;&lt;br /&gt;&lt;b&gt;Dislikes: &lt;/b&gt; Being restrained by his jacket /cats &amp;amp; dogs / being around beings taller than him / anyone who eats squids / germs / mess / reading / WATER!!&lt;br /&gt;&lt;br /&gt;&lt;br /&gt;&lt;b&gt;Personality:&lt;/b&gt;&lt;br /&gt;At face value, Veerus has quite childish, playful and sometime immature nature. He enjoys making jokes and is rarely seen without a smile. He likes to adventure out and do things for himself &amp;#8211; even if he fails abysmally - because he hates taking orders or listening to authoritative figures, which often gets him in trouble - In reality though, he gets jealous very easily and can become violent when he wants something bad enough.&lt;br /&gt;Veerus thrives in pain and blood related circumstances, while he enjoys the thought of killing and being covered with his victim&#039;s blood, he also welcomes and smiles at the rush for pain, taking it full on like some sort of drug. &lt;br /&gt;He can be quite impulsive and is known to act before thinking, and although he enjoys a good fight and the amount of pain it causes to himself (and victims/opponents), he is not a fair character, and is certainly not afraid to cheat if it means winning as it&amp;#8217;s very rare that he thinks before acting.&lt;br /&gt;&lt;br /&gt;&lt;b&gt;&lt;br /&gt;Short History:&lt;/b&gt;&lt;br /&gt;Veerus was the second oldest of 4 children. He was born with an excessively weak immune system and was an on and off patient at the hospital due to it. His most common diagnosis being Septicemia. He survived each event, but it was costly on his already financially unstable parents.&lt;br /&gt;His older sister was the only one to visit him at the hospital.&lt;br /&gt;&lt;br /&gt;His parents - who despised weakness - only saw that Veerus was going nowhere academically, he wasn&#039;t all that smart compared to his siblings and he couldn&#039;t focus for long periods of time. They began to believe there was no potential in their continuous investment.&lt;br /&gt;Veerus father took him to a medical students that had been kicked out and was attempting to redeem himself by creating a cure to weak immune systems. &lt;br /&gt;&lt;br /&gt;He injected Veerus with a prototype antidote to test the outcome. Over the weeks, Veerus seemed to still get septicemia, but his antibodies fought back. His father was glad that he&#039;d no longer have to spend the money at hospitals anymore.&lt;br /&gt;The medical student did tests to check on Veerus who endured to pain for the chance of being cured.&lt;br /&gt;&lt;br /&gt;13 weeks had passed after the first injection, and Veerus&#039; hands and feet had turned a dark grey inky colour as the veins appeared, eventually they began to mutate and take claw-like appearances, Veerus even had a growth mutation at his coxis which slowly developed and became a tail.&lt;br /&gt;&lt;br /&gt;Veerus himself, was fascinated by the change - he thought he was finally cured from his weakness. His family not so much. One night he heard his parents attempting to phone the police. Getting angry that his parents were always trying to change or improve&amp;nbsp;him and not his siblings, he lost his temper and ended up strangling both his parents wanting to silence them from their constant shunning of his worth with his tail growth, before killing his two younger siblings in a fit of rage for being better than him.&amp;nbsp;&lt;br /&gt;&lt;br /&gt;Veerus was unable to kill his elder sister - he physically couldn&#039;t do it, it was as if his mind refused him to. Instead he fled the family home and disappeared.&lt;br /&gt;&lt;br /&gt;He was hiding out in the forest, when the sound of static alerted him, turning Veerus backed away to find a blank faced figure that was taller than him who said that his &lt;i&gt;&#039;unique&#039;&lt;/i&gt;&amp;nbsp;abilities could be of use to the being .&lt;br /&gt;&lt;span&gt;Veerus became a Proxy of the Slenderman and was soon&amp;nbsp;enlisted&amp;nbsp;into Proxy High for schooling on being a&amp;nbsp;proper&amp;nbsp;Proxy.&lt;br /&gt;&amp;nbsp;&lt;/span&gt;&lt;br /&gt;&lt;blockquote&gt;&lt;img src=&quot;https://e.deviantart.net/emoticons/b/bulletblack.gif&quot; width=&quot;10&quot; height=&quot;10&quot; alt=&quot;:bulletblack:&quot; data-embed-type=&quot;emoticon&quot; data-embed-id=&quot;564&quot; title=&quot;Bullet; Black&quot;/&gt; &lt;b&gt;Abilities&lt;/b&gt;&lt;/blockquote&gt;&lt;br /&gt;&lt;b&gt;Skills and strengths:&lt;/b&gt;&lt;br /&gt;&lt;img src=&quot;https://e.deviantart.net/emoticons/b/bulletyellow.gif&quot; width=&quot;10&quot; height=&quot;10&quot; alt=&quot;:bulletyellow:&quot; data-embed-type=&quot;emoticon&quot; data-embed-id=&quot;566&quot; title=&quot;Bullet; Yellow&quot;/&gt; Veerus is very strong, and he also has a high pain threshold and is able to endure a lot of physical damage before finally being knocked out. &lt;sub&gt;...It has also made him a bit of a masochist&lt;/sub&gt;&lt;br /&gt;&lt;img src=&quot;https://e.deviantart.net/emoticons/b/bulletyellow.gif&quot; width=&quot;10&quot; height=&quot;10&quot; alt=&quot;:bulletyellow:&quot; data-embed-type=&quot;emoticon&quot; data-embed-id=&quot;566&quot; title=&quot;Bullet; Yellow&quot;/&gt; He&amp;#8217;s good at Vocational subjects such as sports and music. He&amp;#8217;s even a good artist.&lt;br /&gt;&lt;br /&gt; &lt;b&gt;Weaknesses:&lt;/b&gt;&lt;br /&gt;&lt;img src=&quot;https://e.deviantart.net/emoticons/b/bulletyellow.gif&quot; width=&quot;10&quot; height=&quot;10&quot; alt=&quot;:bulletyellow:&quot; data-embed-type=&quot;emoticon&quot; data-embed-id=&quot;566&quot; title=&quot;Bullet; Yellow&quot;/&gt; Losing control of his temper often makes him chaotic and berserk-like, returning to primal instincts of fight, kill, and eat.&lt;br /&gt;&lt;img src=&quot;https://e.deviantart.net/emoticons/b/bulletyellow.gif&quot; width=&quot;10&quot; height=&quot;10&quot; alt=&quot;:bulletyellow:&quot; data-embed-type=&quot;emoticon&quot; data-embed-id=&quot;566&quot; title=&quot;Bullet; Yellow&quot;/&gt; If touched by water, his ink would run and he&amp;#8217;d lose his abilities, even becoming weak and a lot more susceptible to pain...it&amp;#8217;s so bad that Veerus has actually adopted an extreme fear for water (he baths in Tomato pure).&lt;br /&gt;&lt;img src=&quot;https://e.deviantart.net/emoticons/b/bulletyellow.gif&quot; width=&quot;10&quot; height=&quot;10&quot; alt=&quot;:bulletyellow:&quot; data-embed-type=&quot;emoticon&quot; data-embed-id=&quot;566&quot; title=&quot;Bullet; Yellow&quot;/&gt; Veerus is terrible at anything academic. Vocational he&#039;s okay with and he can get &#039;okay&#039; grades, but when it comes to Math / english and even Science&amp;#8230;he&amp;#8217;s not got a clue and anything he can&amp;#8217;t do &amp;#8211; &lt;br /&gt;Veerus is likely to give up on things he can&#039;t do, and his dyslexia doesn&#039;t help making it hard to learn.&lt;br /&gt;&lt;img src=&quot;https://e.deviantart.net/emoticons/b/bulletyellow.gif&quot; width=&quot;10&quot; height=&quot;10&quot; alt=&quot;:bulletyellow:&quot; data-embed-type=&quot;emoticon&quot; data-embed-id=&quot;566&quot; title=&quot;Bullet; Yellow&quot;/&gt; He is scared of and goes quiet around anyone taller than him.&lt;br /&gt;&lt;img src=&quot;https://e.deviantart.net/emoticons/b/bulletyellow.gif&quot; width=&quot;10&quot; height=&quot;10&quot; alt=&quot;:bulletyellow:&quot; data-embed-type=&quot;emoticon&quot; data-embed-id=&quot;566&quot; title=&quot;Bullet; Yellow&quot;/&gt; Veerus has a fear of weakness, and in subjects like Gym which he does good in, he will always push himself to the limits - even past his pain threshold - in order to show that he is not weak.&amp;nbsp;&lt;br /&gt;&lt;blockquote&gt;&lt;img src=&quot;https://e.deviantart.net/emoticons/b/bulletblack.gif&quot; width=&quot;10&quot; height=&quot;10&quot; alt=&quot;:bulletblack:&quot; data-embed-type=&quot;emoticon&quot; data-embed-id=&quot;564&quot; title=&quot;Bullet; Black&quot;/&gt; &lt;b&gt;Additional information: &lt;/b&gt;&lt;/blockquote&gt;&lt;br /&gt;&lt;img src=&quot;https://e.deviantart.net/emoticons/b/bulletyellow.gif&quot; width=&quot;10&quot; height=&quot;10&quot; alt=&quot;:bulletyellow:&quot; data-embed-type=&quot;emoticon&quot; data-embed-id=&quot;566&quot; title=&quot;Bullet; Yellow&quot;/&gt; Veerus is dyslexic &lt;br /&gt;&lt;img src=&quot;https://e.deviantart.net/emoticons/b/bulletyellow.gif&quot; width=&quot;10&quot; height=&quot;10&quot; alt=&quot;:bulletyellow:&quot; data-embed-type=&quot;emoticon&quot; data-embed-id=&quot;566&quot; title=&quot;Bullet; Yellow&quot;/&gt; He has a weak immune system &lt;br /&gt;&lt;img src=&quot;https://e.deviantart.net/emoticons/b/bulletyellow.gif&quot; width=&quot;10&quot; height=&quot;10&quot; alt=&quot;:bulletyellow:&quot; data-embed-type=&quot;emoticon&quot; data-embed-id=&quot;566&quot; title=&quot;Bullet; Yellow&quot;/&gt; He is Hydrophobic &lt;br /&gt;&lt;img src=&quot;https://e.deviantart.net/emoticons/b/bulletyellow.gif&quot; width=&quot;10&quot; height=&quot;10&quot; alt=&quot;:bulletyellow:&quot; data-embed-type=&quot;emoticon&quot; data-embed-id=&quot;566&quot; title=&quot;Bullet; Yellow&quot;/&gt; His blood is inky black and he even cries and sweats ink rather than water.&lt;br /&gt;&lt;img src=&quot;https://e.deviantart.net/emoticons/b/bulletyellow.gif&quot; width=&quot;10&quot; height=&quot;10&quot; alt=&quot;:bulletyellow:&quot; data-embed-type=&quot;emoticon&quot; data-embed-id=&quot;566&quot; title=&quot;Bullet; Yellow&quot;/&gt; He has a plush squid called &#039;&#039;Squishy&#039;&#039;&lt;br /&gt;&lt;img src=&quot;https://e.deviantart.net/emoticons/b/bulletyellow.gif&quot; width=&quot;10&quot; height=&quot;10&quot; alt=&quot;:bulletyellow:&quot; data-embed-type=&quot;emoticon&quot; data-embed-id=&quot;566&quot; title=&quot;Bullet; Yellow&quot;/&gt; Dislikes mess other than spilled guts and blood#&lt;br /&gt;&lt;img src=&quot;https://e.deviantart.net/emoticons/b/bulletyellow.gif&quot; width=&quot;10&quot; height=&quot;10&quot; alt=&quot;:bulletyellow:&quot; data-embed-type=&quot;emoticon&quot; data-embed-id=&quot;566&quot; title=&quot;Bullet; Yellow&quot;/&gt; Despite his weak immune system he has strong stomach acid, and is quite likely to be seen eating rotten corpses or raw meat.&lt;br /&gt;&lt;img src=&quot;https://e.deviantart.net/emoticons/b/bulletyellow.gif&quot; width=&quot;10&quot; height=&quot;10&quot; alt=&quot;:bulletyellow:&quot; data-embed-type=&quot;emoticon&quot; data-embed-id=&quot;566&quot; title=&quot;Bullet; Yellow&quot;/&gt; Likes singing.&amp;nbsp;&lt;br /&gt;&lt;img src=&quot;https://e.deviantart.net/emoticons/b/bulletyellow.gif&quot; width=&quot;10&quot; height=&quot;10&quot; alt=&quot;:bulletyellow:&quot; data-embed-type=&quot;emoticon&quot; data-embed-id=&quot;566&quot; title=&quot;Bullet; Yellow&quot;/&gt; He plays the cello and saxophone, got taught by his mother when he was at home recovering from an illness.&lt;br /&gt;&lt;img src=&quot;https://e.deviantart.net/emoticons/b/bulletyellow.gif&quot; width=&quot;10&quot; height=&quot;10&quot; alt=&quot;:bulletyellow:&quot; data-embed-type=&quot;emoticon&quot; data-embed-id=&quot;566&quot; title=&quot;Bullet; Yellow&quot;/&gt; Inkjet mask - Veerus&#039; mask has a symbolic reference. The white background with inky images is a presentation that people perceive the world as black and white, but the fact it only covers one of his eyes is a way to show that he sees the world through different eyes&amp;lt;/sub&amp;gt;&lt;br /&gt;&lt;div&gt;&lt;img src=&quot;https://t00.deviantart.net/MUNXQwsuMTYhiZ3vnuOAzPHM_T8=/300x200/filters:fixed_height(100,100):origin()/pre00/2647/th/pre/i/2015/143/4/3/proxy_high_oc____veerus_the_squid_by_thefallingpiano-d8tniem.png&quot; alt=&quot;thumbnail&quot; /&gt;&lt;/div&gt;</description>            </item>
                    <item>
                <title>Commission Swordsman</title>
                <link>https://i-lon.deviantart.com/art/Commission-Swordsman-684550963</link>
                <guid isPermaLink="true">https://i-lon.deviantart.com/art/Commission-Swordsman-684550963</guid>
                <pubDate>Sun, 04 Jun 2017 15:24:38 PDT</pubDate>
                        <media:title type="plain">Commission Swordsman</media:title>
        <media:keywords></media:keywords>
                        <media:rating>nonadult</media:rating>
                <media:category label="Fantasy">digitalart/paintings/people/fantasy</media:category>
        <media:credit role="author" scheme="urn:ebu">I-lon</media:credit>
        <media:credit role="author" scheme="urn:ebu">https://a.deviantart.net/avatars/i/_/i-lon.jpg?4</media:credit>
        <media:copyright url="https://i-lon.deviantart.com">Copyright 2017-2019 I-lon</media:copyright>            <media:description type="html">&lt;p&gt;Finished commission from a client via&lt;a class=&quot;external&quot; href=&quot;http://www.deviantart.com/users/outgoing?https://artistsnclients.com/slots/16046-custom-character&quot;&gt; Artists&amp;amp;Clients.&lt;/a&gt;&lt;/p&gt;&lt;p&gt;This is their OC, who&amp;#8217;s based on Guts from Berserker.&lt;/p&gt;&lt;p&gt;Was super fun to paint and the client was amazing, so many references provided &amp;lt;3&lt;/p&gt;</media:description>            <media:thumbnail url="https://t00.deviantart.net/2AAXtrUMdonBy2i6xVjonMy62B4=/fit-in/150x150/filters:no_upscale():origin()/pre00/ebca/th/pre/i/2017/155/4/d/commission_swordsman_by_i_lon-dbbkawj.png" height="150" width="111"/>            <media:thumbnail url="https://t00.deviantart.net/fuyOyQV_CIrKqfOiLob53NpLhkc=/fit-in/300x900/filters:no_upscale():origin()/pre00/ebca/th/pre/i/2017/155/4/d/commission_swordsman_by_i_lon-dbbkawj.png" height="407" width="300"/>            <media:thumbnail url="https://t00.deviantart.net/QyUlpcNGoSI7u0x16ohyl2irtOE=/300x200/filters:fixed_height(100,100):origin()/pre00/ebca/th/pre/i/2017/155/4/d/commission_swordsman_by_i_lon-dbbkawj.png" height="200" width="148"/>            <media:content url="https://pre00.deviantart.net/ebca/th/pre/i/2017/155/4/d/commission_swordsman_by_i_lon-dbbkawj.png" height="1041" width="768" medium="image"/>            
            <description>&lt;p&gt;Finished commission from a client via&lt;a class=&quot;external&quot; href=&quot;http://www.deviantart.com/users/outgoing?https://artistsnclients.com/slots/16046-custom-character&quot;&gt; Artists&amp;amp;Clients.&lt;/a&gt;&lt;/p&gt;&lt;p&gt;This is their OC, who&amp;#8217;s based on Guts from Berserker.&lt;/p&gt;&lt;p&gt;Was super fun to paint and the client was amazing, so many references provided &amp;lt;3&lt;/p&gt;&lt;br /&gt;&lt;div&gt;&lt;img src=&quot;https://t00.deviantart.net/QyUlpcNGoSI7u0x16ohyl2irtOE=/300x200/filters:fixed_height(100,100):origin()/pre00/ebca/th/pre/i/2017/155/4/d/commission_swordsman_by_i_lon-dbbkawj.png&quot; alt=&quot;thumbnail&quot; /&gt;&lt;/div&gt;</description>            </item>
                    <item>
                <title>...but I&#039;m already perfect~</title>
                <link>https://thefallingpiano.deviantart.com/art/but-I-m-already-perfect-536198127</link>
                <guid isPermaLink="true">https://thefallingpiano.deviantart.com/art/but-I-m-already-perfect-536198127</guid>
                <pubDate>Fri, 29 May 2015 15:03:38 PDT</pubDate>
                        <media:title type="plain">...but I&#039;m already perfect~</media:title>
        <media:keywords></media:keywords>
                        <media:rating>nonadult</media:rating>
                <media:category label="Drawings">manga/digital/drawings</media:category>
        <media:credit role="author" scheme="urn:ebu">TheFallingpiano</media:credit>
        <media:credit role="author" scheme="urn:ebu">https://a.deviantart.net/avatars/t/h/thefallingpiano.png?3</media:credit>
        <media:copyright url="https://thefallingpiano.deviantart.com">Copyright 2015-2019 TheFallingpiano</media:copyright>            <media:description type="html">Veerus the Squid --&amp;gt;&lt;a href=&quot;http://thefallingpiano.deviantart.com/art/Proxy-High-Oc-Veerus-the-Squid-533535214&quot;&gt;thefallingpiano.deviantart.com&amp;hellip;&lt;/a&gt; (c) me&lt;br /&gt;&lt;br /&gt;-------------------------------------&lt;br /&gt;&lt;br /&gt;Living in a family where strength and perfection is the only qualities accepted by your family can result in one&#039;s extreme addiction to being &lt;i&gt;&#039;&#039;perfect&#039;&#039;&lt;/i&gt;.&lt;br /&gt;&lt;br /&gt;Veerus has OCD and high maintenance issues, in the idea that the only form of mess he can get on himself is blood. His appearance otherwise must be perfect.&lt;br /&gt;&lt;br /&gt;&lt;sub&gt;...otherwise you get a psycho like mode.&lt;/sub&gt;</media:description>            <media:thumbnail url="https://t00.deviantart.net/k4xvulbD-V3fO70yNkaBwZcONcQ=/fit-in/150x150/filters:no_upscale():origin()/pre00/efd1/th/pre/f/2015/149/8/a/___but_i_m_already_perfect__by_thefallingpiano-d8v8l4f.png" height="150" width="107"/>            <media:thumbnail url="https://t00.deviantart.net/ZJ_eWOdjuDR1VcjyKU5Nh3vmxyM=/fit-in/300x900/filters:no_upscale():origin()/pre00/efd1/th/pre/f/2015/149/8/a/___but_i_m_already_perfect__by_thefallingpiano-d8v8l4f.png" height="421" width="300"/>            <media:thumbnail url="https://t00.deviantart.net/d6vRIURsGwokyQzBREJK3jOMK8Q=/300x200/filters:fixed_height(100,100):origin()/pre00/efd1/th/pre/f/2015/149/8/a/___but_i_m_already_perfect__by_thefallingpiano-d8v8l4f.png" height="200" width="142"/>            <media:content url="https://orig00.deviantart.net/2a6d/f/2015/149/8/a/___but_i_m_already_perfect__by_thefallingpiano-d8v8l4f.png" height="900" width="641" medium="image"/>            
            <description>Veerus the Squid --&amp;gt;&lt;a href=&quot;http://thefallingpiano.deviantart.com/art/Proxy-High-Oc-Veerus-the-Squid-533535214&quot;&gt;thefallingpiano.deviantart.com&amp;hellip;&lt;/a&gt; (c) me&lt;br /&gt;&lt;br /&gt;-------------------------------------&lt;br /&gt;&lt;br /&gt;Living in a family where strength and perfection is the only qualities accepted by your family can result in one&#039;s extreme addiction to being &lt;i&gt;&#039;&#039;perfect&#039;&#039;&lt;/i&gt;.&lt;br /&gt;&lt;br /&gt;Veerus has OCD and high maintenance issues, in the idea that the only form of mess he can get on himself is blood. His appearance otherwise must be perfect.&lt;br /&gt;&lt;br /&gt;&lt;sub&gt;...otherwise you get a psycho like mode.&lt;/sub&gt;&lt;br /&gt;&lt;div&gt;&lt;img src=&quot;https://t00.deviantart.net/d6vRIURsGwokyQzBREJK3jOMK8Q=/300x200/filters:fixed_height(100,100):origin()/pre00/efd1/th/pre/f/2015/149/8/a/___but_i_m_already_perfect__by_thefallingpiano-d8v8l4f.png&quot; alt=&quot;thumbnail&quot; /&gt;&lt;/div&gt;</description>            </item>
                    <item>
                <title>Alternative Beast Of Darkness</title>
                <link>https://dalmoreellie.deviantart.com/art/Alternative-Beast-Of-Darkness-671361345</link>
                <guid isPermaLink="true">https://dalmoreellie.deviantart.com/art/Alternative-Beast-Of-Darkness-671361345</guid>
                <pubDate>Mon, 27 Mar 2017 06:07:15 PDT</pubDate>
                        <media:title type="plain">Alternative Beast Of Darkness</media:title>
        <media:keywords></media:keywords>
                        <media:rating>nonadult</media:rating>
                <media:category label="Books &amp; Novels">fanart/digital/drawings/books</media:category>
        <media:credit role="author" scheme="urn:ebu">DalmoreEllie</media:credit>
        <media:credit role="author" scheme="urn:ebu">https://a.deviantart.net/avatars/d/a/dalmoreellie.png?14</media:credit>
        <media:copyright url="https://dalmoreellie.deviantart.com">Copyright 2017-2019 DalmoreEllie</media:copyright>            <media:description type="html">Original artist:&amp;nbsp;&lt;a href=&quot;https://nefillim.deviantart.com/&quot;&gt;Nefillim&lt;/a&gt;&lt;br /&gt;&lt;br /&gt;This is another version of the Berserker armor if the Beast of Darkness looked diffrent &lt;img src=&quot;https://e.deviantart.net/emoticons/s/smile.gif&quot; width=&quot;15&quot; height=&quot;15&quot; alt=&quot;:)&quot; data-embed-type=&quot;emoticon&quot; data-embed-id=&quot;391&quot; title=&quot;:) (Smile)&quot;/&gt;</media:description>            <media:thumbnail url="https://t00.deviantart.net/z8t9Lb77BBS12LwLSVePWlc-PBk=/fit-in/150x150/filters:no_upscale():origin()/pre00/0e12/th/pre/i/2017/086/f/0/alternative_beast_of_darkness_by_dalmoreellie-db3plq9.png" height="113" width="150"/>            <media:thumbnail url="https://t00.deviantart.net/3x9eYhMGyM38nUgdPI0etO4m4eU=/fit-in/300x900/filters:no_upscale():origin()/pre00/0e12/th/pre/i/2017/086/f/0/alternative_beast_of_darkness_by_dalmoreellie-db3plq9.png" height="226" width="300"/>            <media:thumbnail url="https://t00.deviantart.net/R4aB9e8XpPJC04XIxcAx8Oytfi0=/300x200/filters:fixed_height(100,100):origin()/pre00/0e12/th/pre/i/2017/086/f/0/alternative_beast_of_darkness_by_dalmoreellie-db3plq9.png" height="200" width="265"/>            <media:content url="https://img00.deviantart.net/a106/i/2017/086/f/0/alternative_beast_of_darkness_by_dalmoreellie-db3plq9.png" height="771" width="1024" medium="image"/>            
            <description>Original artist:&amp;nbsp;&lt;a href=&quot;https://nefillim.deviantart.com/&quot;&gt;Nefillim&lt;/a&gt;&lt;br /&gt;&lt;br /&gt;This is another version of the Berserker armor if the Beast of Darkness looked diffrent &lt;img src=&quot;https://e.deviantart.net/emoticons/s/smile.gif&quot; width=&quot;15&quot; height=&quot;15&quot; alt=&quot;:)&quot; data-embed-type=&quot;emoticon&quot; data-embed-id=&quot;391&quot; title=&quot;:) (Smile)&quot;/&gt;&lt;br /&gt;&lt;div&gt;&lt;img src=&quot;https://t00.deviantart.net/R4aB9e8XpPJC04XIxcAx8Oytfi0=/300x200/filters:fixed_height(100,100):origin()/pre00/0e12/th/pre/i/2017/086/f/0/alternative_beast_of_darkness_by_dalmoreellie-db3plq9.png&quot; alt=&quot;thumbnail&quot; /&gt;&lt;/div&gt;</description>            </item>
                    <item>
                <title>Guts Walk animation (MUGEN)</title>
                <link>https://artistropeadope.deviantart.com/art/Guts-Walk-animation-MUGEN-760494780</link>
                <guid isPermaLink="true">https://artistropeadope.deviantart.com/art/Guts-Walk-animation-MUGEN-760494780</guid>
                <pubDate>Tue, 21 Aug 2018 11:40:20 PDT</pubDate>
                        <media:title type="plain">Guts Walk animation (MUGEN)</media:title>
        <media:keywords></media:keywords>
                        <media:rating>nonadult</media:rating>
                <media:category label="Animation">digitalart/animation</media:category>
        <media:credit role="author" scheme="urn:ebu">artistropeadope</media:credit>
        <media:credit role="author" scheme="urn:ebu">https://a.deviantart.net/avatars/a/r/artistropeadope.jpg?3</media:credit>
        <media:copyright url="https://artistropeadope.deviantart.com">Copyright 2018-2019 artistropeadope</media:copyright>            <media:description type="html">Something bothers me about this walking animation. &lt;br /&gt;&lt;br /&gt;-This gif has been downscaled to %30. The original sprites are hd (1000+ pixels per frame).&lt;br /&gt;-Find me on youtube to see hd version.</media:description>            <media:thumbnail url="https://t00.deviantart.net/YUw8SDW7i3zw-voigblo1TwRlE0=/fit-in/150x150/filters:no_upscale():origin()/pre00/f42f/th/pre/f/2018/233/4/6/guts_walk_animation__mugen__by_artistropeadope-dcks1j0.png" height="150" width="105"/>            <media:thumbnail url="https://t00.deviantart.net/kyeIq3NxjXS2CnqtuB2OfBojO2Y=/fit-in/300x900/filters:no_upscale():origin()/pre00/f42f/th/pre/f/2018/233/4/6/guts_walk_animation__mugen__by_artistropeadope-dcks1j0.png" height="427" width="300"/>            <media:thumbnail url="https://t00.deviantart.net/Hg8IjOZnizQbZ88KM7CS4Z_AFtk=/300x200/filters:fixed_height(100,100):origin()/pre00/f42f/th/pre/f/2018/233/4/6/guts_walk_animation__mugen__by_artistropeadope-dcks1j0.png" height="200" width="140"/>            <media:content url="https://orig00.deviantart.net/17e0/f/2018/233/4/6/guts_walk_animation__mugen__by_artistropeadope-dcks1j0.png" height="571" width="401" medium="image"/>            
            <description>Something bothers me about this walking animation. &lt;br /&gt;&lt;br /&gt;-This gif has been downscaled to %30. The original sprites are hd (1000+ pixels per frame).&lt;br /&gt;-Find me on youtube to see hd version.&lt;br /&gt;&lt;div&gt;&lt;img src=&quot;https://t00.deviantart.net/Hg8IjOZnizQbZ88KM7CS4Z_AFtk=/300x200/filters:fixed_height(100,100):origin()/pre00/f42f/th/pre/f/2018/233/4/6/guts_walk_animation__mugen__by_artistropeadope-dcks1j0.png&quot; alt=&quot;thumbnail&quot; /&gt;&lt;/div&gt;</description>            </item>
                    <item>
                <title>Otway</title>
                <link>https://lordguyis.deviantart.com/art/Otway-627423114</link>
                <guid isPermaLink="true">https://lordguyis.deviantart.com/art/Otway-627423114</guid>
                <pubDate>Wed, 10 Aug 2016 18:52:21 PDT</pubDate>
                        <media:title type="plain">Otway</media:title>
        <media:keywords></media:keywords>
                        <media:rating>nonadult</media:rating>
                <media:category label="People">traditional/drawings/people</media:category>
        <media:credit role="author" scheme="urn:ebu">LordGuyis</media:credit>
        <media:credit role="author" scheme="urn:ebu">https://a.deviantart.net/avatars/l/o/lordguyis.gif?3</media:credit>
        <media:copyright url="https://lordguyis.deviantart.com">Copyright 2016-2019 LordGuyis</media:copyright>            <media:description type="html">&lt;span&gt;Here&amp;#8217;s yet another drawing of Cowl (although calling him Otway is more accurate with this image, or what I jokingly call him &amp;#8220;Basically Guts&amp;#8221;). So yeah, this image of him would be after he betrays Nevekar so imagine his cape is red here (didn&amp;#8217;t feel like coloring that in and I feel it looks really good as is). Anyway, onto the self-praise, I really like the way his cape turned out here, especially the portion behind his head. I&amp;#8217;m also a big fan of the shading in general here. As for what I don&amp;#8217;t like,&amp;#8230; his hair isn&amp;#8217;t the best and&amp;#8230; the angles of his arms aren&amp;#8217;t perfect when you really look at them. That&amp;#8217;s all I&amp;#8217;ve got for that really. Solid work, all around. I&amp;#8217;d say my reading Berserk has had a positive effect my art.&lt;/span&gt;</media:description>            <media:thumbnail url="https://t00.deviantart.net/m4n0r-v-aqaQN_wCcazNKRVpNc8=/fit-in/150x150/filters:no_upscale():origin()/pre00/8c81/th/pre/f/2016/223/4/e/otway_by_lordguyis-dadjuru.jpg" height="113" width="150"/>            <media:thumbnail url="https://t00.deviantart.net/cKdh4VdK9qmfn-mEzT3Xvb8DeY0=/fit-in/300x900/filters:no_upscale():origin()/pre00/8c81/th/pre/f/2016/223/4/e/otway_by_lordguyis-dadjuru.jpg" height="225" width="300"/>            <media:thumbnail url="https://t00.deviantart.net/iuRSujPGZFP9-OR5e1vyED4K_KU=/300x200/filters:fixed_height(100,100):origin()/pre00/8c81/th/pre/f/2016/223/4/e/otway_by_lordguyis-dadjuru.jpg" height="200" width="267"/>            <media:content url="https://pre00.deviantart.net/8c81/th/pre/f/2016/223/4/e/otway_by_lordguyis-dadjuru.jpg" height="774" width="1032" medium="image"/>            
            <description>&lt;span&gt;Here&amp;#8217;s yet another drawing of Cowl (although calling him Otway is more accurate with this image, or what I jokingly call him &amp;#8220;Basically Guts&amp;#8221;). So yeah, this image of him would be after he betrays Nevekar so imagine his cape is red here (didn&amp;#8217;t feel like coloring that in and I feel it looks really good as is). Anyway, onto the self-praise, I really like the way his cape turned out here, especially the portion behind his head. I&amp;#8217;m also a big fan of the shading in general here. As for what I don&amp;#8217;t like,&amp;#8230; his hair isn&amp;#8217;t the best and&amp;#8230; the angles of his arms aren&amp;#8217;t perfect when you really look at them. That&amp;#8217;s all I&amp;#8217;ve got for that really. Solid work, all around. I&amp;#8217;d say my reading Berserk has had a positive effect my art.&lt;/span&gt;&lt;br /&gt;&lt;div&gt;&lt;img src=&quot;https://t00.deviantart.net/iuRSujPGZFP9-OR5e1vyED4K_KU=/300x200/filters:fixed_height(100,100):origin()/pre00/8c81/th/pre/f/2016/223/4/e/otway_by_lordguyis-dadjuru.jpg&quot; alt=&quot;thumbnail&quot; /&gt;&lt;/div&gt;</description>            </item>
                    <item>
                <title>Berserk: A Page of Guts</title>
                <link>https://sinorswim.deviantart.com/art/Berserk-A-Page-of-Guts-597233202</link>
                <guid isPermaLink="true">https://sinorswim.deviantart.com/art/Berserk-A-Page-of-Guts-597233202</guid>
                <pubDate>Thu, 17 Mar 2016 15:05:16 PDT</pubDate>
                        <media:title type="plain">Berserk: A Page of Guts</media:title>
        <media:keywords></media:keywords>
                        <media:rating>nonadult</media:rating>
                <media:category label="Drawings">manga/traditional/drawings</media:category>
        <media:credit role="author" scheme="urn:ebu">SinorSwim</media:credit>
        <media:credit role="author" scheme="urn:ebu">https://a.deviantart.net/avatars/s/i/sinorswim.jpg?6</media:credit>
        <media:copyright url="https://sinorswim.deviantart.com">Copyright 2016-2019 SinorSwim</media:copyright>            <media:description type="html">I&#039;ve been drawing a lot of Guts lately. I wanted to fill up a whole page with him, Dragonslayer, and The Beast of Darkness, but I&#039;m having trouble finding anywhere else to put more. All of these (excluding the top-left image) were based on moments in the Manga.</media:description>            <media:thumbnail url="https://t00.deviantart.net/IfUi4V2BeNEilPLaXGoqgzlwEn0=/fit-in/150x150/filters:no_upscale():origin()/pre00/257d/th/pre/f/2016/077/a/e/guts_by_sinorswim-d9vks36.jpg" height="150" width="110"/>            <media:thumbnail url="https://t00.deviantart.net/xMtLk14ko7tf1e4kHQFDeGl7krs=/fit-in/300x900/filters:no_upscale():origin()/pre00/257d/th/pre/f/2016/077/a/e/guts_by_sinorswim-d9vks36.jpg" height="409" width="300"/>            <media:thumbnail url="https://t00.deviantart.net/Tweg1zVW9cdM-BTqW0Ln1BEtqIk=/300x200/filters:fixed_height(100,100):origin()/pre00/257d/th/pre/f/2016/077/a/e/guts_by_sinorswim-d9vks36.jpg" height="200" width="147"/>            <media:content url="https://pre00.deviantart.net/257d/th/pre/f/2016/077/a/e/guts_by_sinorswim-d9vks36.jpg" height="1044" width="765" medium="image"/>            
            <description>I&#039;ve been drawing a lot of Guts lately. I wanted to fill up a whole page with him, Dragonslayer, and The Beast of Darkness, but I&#039;m having trouble finding anywhere else to put more. All of these (excluding the top-left image) were based on moments in the Manga.&lt;br /&gt;&lt;div&gt;&lt;img src=&quot;https://t00.deviantart.net/Tweg1zVW9cdM-BTqW0Ln1BEtqIk=/300x200/filters:fixed_height(100,100):origin()/pre00/257d/th/pre/f/2016/077/a/e/guts_by_sinorswim-d9vks36.jpg&quot; alt=&quot;thumbnail&quot; /&gt;&lt;/div&gt;</description>            </item>
                    <item>
                <title>Collab - &#039;So maybe I&#039;m a Masochist&#039;</title>
                <link>https://thefallingpiano.deviantart.com/art/Collab-So-maybe-I-m-a-Masochist-536779337</link>
                <guid isPermaLink="true">https://thefallingpiano.deviantart.com/art/Collab-So-maybe-I-m-a-Masochist-536779337</guid>
                <pubDate>Mon, 01 Jun 2015 05:28:34 PDT</pubDate>
                        <media:title type="plain">Collab - &#039;So maybe I&#039;m a Masochist&#039;</media:title>
        <media:keywords></media:keywords>
                        <media:rating>nonadult</media:rating>
                <media:category label="Adopted Base">customization/dolls/pixelart/adopted</media:category>
        <media:credit role="author" scheme="urn:ebu">TheFallingpiano</media:credit>
        <media:credit role="author" scheme="urn:ebu">https://a.deviantart.net/avatars/t/h/thefallingpiano.png?3</media:credit>
        <media:copyright url="https://thefallingpiano.deviantart.com">Copyright 2015-2019 TheFallingpiano</media:copyright>            <media:description type="html">Base--&amp;gt;&amp;nbsp;&lt;a href=&quot;http://pandabear-pixels.deviantart.com/art/Emotions-are-crumbling-An-avalanche-in-the-evening-314116352?q=gallery%3APandabear-Pixels%2F35739148&amp;amp;qo=25&quot;&gt;pandabear-pixels.deviantart.co&amp;hellip;&lt;/a&gt; (c)&amp;nbsp;&lt;a href=&quot;http://pandabear-pixels.deviantart.com/&quot;&gt;Pandabear-Pixels&lt;/a&gt;&lt;br /&gt;Collab &amp;amp; Rabbit --&amp;gt;&amp;nbsp;&lt;a href=&quot;http://thefallingpiano.deviantart.com/art/Open-Collab-C-A-N-I-321714687&quot;&gt;thefallingpiano.deviantart.com&amp;hellip;&lt;/a&gt; (c)&amp;nbsp;&lt;a href=&quot;http://sonxfanchara.deviantart.com/&quot;&gt;sonxfanchara&lt;/a&gt;&lt;br /&gt;Veerus --&amp;gt;&lt;a href=&quot;http://thefallingpiano.deviantart.com/art/Proxy-High-Oc-Veerus-the-Squid-533535214&quot;&gt;thefallingpiano.deviantart.com&amp;hellip;&lt;/a&gt; (c) me&lt;br /&gt;&lt;br /&gt;----------------------------------------&lt;br /&gt;&lt;span&gt;&lt;br /&gt;&lt;i&gt;&#039;So maybe I&amp;#8217;m a masochist&lt;/i&gt;&lt;/span&gt;&lt;i&gt;&lt;br /&gt;&lt;span&gt;I try to run but I don&amp;#8217;t wanna ever leave&lt;/span&gt;&lt;br /&gt;&lt;span&gt;&#039;Til the walls are goin&amp;#8217; up&lt;/span&gt;&lt;/i&gt;&lt;br /&gt;&lt;i&gt;In smoke with all our memories&#039; &lt;/i&gt;Love the Way pt 2 Rihanna ft Eminem&amp;nbsp;&lt;br /&gt;&lt;br /&gt;----------------------------------------&lt;br /&gt;&lt;br /&gt;......I quite enjoy adding lyrics to pixel collabs for some reason, but Love the way you lie pt 2 seemed to fit - considering Veerus is a masochist~&lt;br /&gt;&lt;br /&gt;....Anyway, I still fail at pixels...I know &lt;a target=&quot;_self&quot; href=&quot;http://otlplz.deviantart.com/&quot; &gt;&lt;img class=&quot;avatar&quot; src=&quot;http://a.deviantart.net/avatars/o/t/otlplz.gif&quot; alt=&quot;:iconotlplz:&quot; title=&quot;otlplz&quot; /&gt;&lt;/a&gt;</media:description>            <media:thumbnail url="https://t00.deviantart.net/73jLJxuTYqeTT-DINJFlZL4DFE0=/fit-in/150x150/filters:no_upscale():origin()/pre00/f9ca/th/pre/f/2015/152/c/6/collab____so_maybe_i_m_a_masochist__by_thefallingpiano-d8vl1l5.png" height="150" width="100"/>            <media:thumbnail url="https://t00.deviantart.net/NnzQB7FISbXKILgWCJzIj9QeayM=/fit-in/300x900/filters:no_upscale():origin()/pre00/f9ca/th/pre/f/2015/152/c/6/collab____so_maybe_i_m_a_masochist__by_thefallingpiano-d8vl1l5.png" height="449" width="300"/>            <media:thumbnail url="https://t00.deviantart.net/mGQHZmoVv2yRwFR0-crRe2a5ZjA=/300x200/filters:fixed_height(100,100):origin()/pre00/f9ca/th/pre/f/2015/152/c/6/collab____so_maybe_i_m_a_masochist__by_thefallingpiano-d8vl1l5.png" height="200" width="134"/>            <media:content url="https://orig00.deviantart.net/b034/f/2015/152/c/6/collab____so_maybe_i_m_a_masochist__by_thefallingpiano-d8vl1l5.png" height="719" width="480" medium="image"/>            
            <description>Base--&amp;gt;&amp;nbsp;&lt;a href=&quot;http://pandabear-pixels.deviantart.com/art/Emotions-are-crumbling-An-avalanche-in-the-evening-314116352?q=gallery%3APandabear-Pixels%2F35739148&amp;amp;qo=25&quot;&gt;pandabear-pixels.deviantart.co&amp;hellip;&lt;/a&gt; (c)&amp;nbsp;&lt;a href=&quot;http://pandabear-pixels.deviantart.com/&quot;&gt;Pandabear-Pixels&lt;/a&gt;&lt;br /&gt;Collab &amp;amp; Rabbit --&amp;gt;&amp;nbsp;&lt;a href=&quot;http://thefallingpiano.deviantart.com/art/Open-Collab-C-A-N-I-321714687&quot;&gt;thefallingpiano.deviantart.com&amp;hellip;&lt;/a&gt; (c)&amp;nbsp;&lt;a href=&quot;http://sonxfanchara.deviantart.com/&quot;&gt;sonxfanchara&lt;/a&gt;&lt;br /&gt;Veerus --&amp;gt;&lt;a href=&quot;http://thefallingpiano.deviantart.com/art/Proxy-High-Oc-Veerus-the-Squid-533535214&quot;&gt;thefallingpiano.deviantart.com&amp;hellip;&lt;/a&gt; (c) me&lt;br /&gt;&lt;br /&gt;----------------------------------------&lt;br /&gt;&lt;span&gt;&lt;br /&gt;&lt;i&gt;&#039;So maybe I&amp;#8217;m a masochist&lt;/i&gt;&lt;/span&gt;&lt;i&gt;&lt;br /&gt;&lt;span&gt;I try to run but I don&amp;#8217;t wanna ever leave&lt;/span&gt;&lt;br /&gt;&lt;span&gt;&#039;Til the walls are goin&amp;#8217; up&lt;/span&gt;&lt;/i&gt;&lt;br /&gt;&lt;i&gt;In smoke with all our memories&#039; &lt;/i&gt;Love the Way pt 2 Rihanna ft Eminem&amp;nbsp;&lt;br /&gt;&lt;br /&gt;----------------------------------------&lt;br /&gt;&lt;br /&gt;......I quite enjoy adding lyrics to pixel collabs for some reason, but Love the way you lie pt 2 seemed to fit - considering Veerus is a masochist~&lt;br /&gt;&lt;br /&gt;....Anyway, I still fail at pixels...I know &lt;a target=&quot;_self&quot; href=&quot;http://otlplz.deviantart.com/&quot; &gt;&lt;img class=&quot;avatar&quot; src=&quot;http://a.deviantart.net/avatars/o/t/otlplz.gif&quot; alt=&quot;:iconotlplz:&quot; title=&quot;otlplz&quot; /&gt;&lt;/a&gt;&lt;br /&gt;&lt;div&gt;&lt;img src=&quot;https://t00.deviantart.net/mGQHZmoVv2yRwFR0-crRe2a5ZjA=/300x200/filters:fixed_height(100,100):origin()/pre00/f9ca/th/pre/f/2015/152/c/6/collab____so_maybe_i_m_a_masochist__by_thefallingpiano-d8vl1l5.png&quot; alt=&quot;thumbnail&quot; /&gt;&lt;/div&gt;</description>            </item>
                    <item>
                <title>[ ANNIE ]</title>
                <link>https://see-breeze.deviantart.com/art/ANNIE-697312497</link>
                <guid isPermaLink="true">https://see-breeze.deviantart.com/art/ANNIE-697312497</guid>
                <pubDate>Mon, 07 Aug 2017 01:19:44 PDT</pubDate>
                        <media:title type="plain">[ ANNIE ]</media:title>
        <media:keywords></media:keywords>
                        <media:rating>nonadult</media:rating>
                <media:category label="Drawings">manga/digital/drawings</media:category>
        <media:credit role="author" scheme="urn:ebu">See-Breeze</media:credit>
        <media:credit role="author" scheme="urn:ebu">https://a.deviantart.net/avatars/s/e/see-breeze.png?6</media:credit>
        <media:copyright url="https://see-breeze.deviantart.com">Copyright 2017-2019 See-Breeze</media:copyright>            <media:description type="html">&lt;span&gt;&lt;div align=&quot;center&quot;&gt;&lt;b&gt;&lt;br /&gt;Very late birthday gift for &lt;a target=&quot;_self&quot; href=&quot;https://gazpins.deviantart.com/&quot; &gt;&lt;img class=&quot;avatar&quot; width=&quot;50&quot; height=&quot;50&quot; src=&quot;https://a.deviantart.net/avatars/g/a/gazpins.png?3&quot; alt=&quot;:icongazpins:&quot; title=&quot;Gazpins&quot; /&gt;&lt;/a&gt;&lt;br /&gt;His OC, Annie, dressed as Guts from Berserk&lt;br /&gt;&lt;br /&gt;&lt;span&gt;// &lt;a href=&quot;https://see-breeze.deviantart.com/journal/COMMISSION-INFORMATION-676580287&quot;&gt;Commission Information&lt;/a&gt; // &lt;a href=&quot;https://see-breeze.deviantart.com/&quot;&gt;DeviantART&lt;/a&gt; // &lt;a class=&quot;external&quot; href=&quot;https://www.deviantart.com/users/outgoing?https://www.weasyl.com/~seebreeze&quot;&gt; Weasyl &lt;/a&gt; // &lt;a class=&quot;external&quot; href=&quot;https://www.deviantart.com/users/outgoing?http://see-breezeart.tumblr.com/&quot;&gt;Tumblr&lt;/a&gt; // &lt;a class=&quot;external&quot; href=&quot;https://www.deviantart.com/users/outgoing?http://www.redbubble.com/people/smurfyexe?ref=account-nav-dropdown&amp;amp;asc=u&quot;&gt;RedBubble&lt;/a&gt; //&lt;/span&gt;&lt;span&gt;&lt;/span&gt;&lt;span&gt;&lt;/span&gt;&lt;span&gt;&lt;/span&gt;&lt;span&gt;&lt;/span&gt;&lt;/b&gt;&lt;/div&gt;&lt;/span&gt;</media:description>            <media:thumbnail url="https://t00.deviantart.net/O4HchWHFNZT50hnPiW5e7LcQBL0=/fit-in/150x150/filters:no_upscale():origin()/pre00/1e6a/th/pre/f/2017/219/4/7/__annie___by_see_breeze-dbj5trl.png" height="150" width="105"/>            <media:thumbnail url="https://t00.deviantart.net/ueGCeCCvtcwZ67UaJUSBvHfOi2I=/fit-in/300x900/filters:no_upscale():origin()/pre00/1e6a/th/pre/f/2017/219/4/7/__annie___by_see_breeze-dbj5trl.png" height="429" width="300"/>            <media:thumbnail url="https://t00.deviantart.net/C9Bhlz2-5IG-3z-M4r7JES4rsxQ=/300x200/filters:fixed_height(100,100):origin()/pre00/1e6a/th/pre/f/2017/219/4/7/__annie___by_see_breeze-dbj5trl.png" height="200" width="140"/>            <media:content url="https://orig00.deviantart.net/68f5/f/2017/219/4/7/__annie___by_see_breeze-dbj5trl.png" height="1000" width="700" medium="image"/>            
            <description>&lt;span&gt;&lt;div align=&quot;center&quot;&gt;&lt;b&gt;&lt;br /&gt;Very late birthday gift for &lt;a target=&quot;_self&quot; href=&quot;https://gazpins.deviantart.com/&quot; &gt;&lt;img class=&quot;avatar&quot; width=&quot;50&quot; height=&quot;50&quot; src=&quot;https://a.deviantart.net/avatars/g/a/gazpins.png?3&quot; alt=&quot;:icongazpins:&quot; title=&quot;Gazpins&quot; /&gt;&lt;/a&gt;&lt;br /&gt;His OC, Annie, dressed as Guts from Berserk&lt;br /&gt;&lt;br /&gt;&lt;span&gt;// &lt;a href=&quot;https://see-breeze.deviantart.com/journal/COMMISSION-INFORMATION-676580287&quot;&gt;Commission Information&lt;/a&gt; // &lt;a href=&quot;https://see-breeze.deviantart.com/&quot;&gt;DeviantART&lt;/a&gt; // &lt;a class=&quot;external&quot; href=&quot;https://www.deviantart.com/users/outgoing?https://www.weasyl.com/~seebreeze&quot;&gt; Weasyl &lt;/a&gt; // &lt;a class=&quot;external&quot; href=&quot;https://www.deviantart.com/users/outgoing?http://see-breezeart.tumblr.com/&quot;&gt;Tumblr&lt;/a&gt; // &lt;a class=&quot;external&quot; href=&quot;https://www.deviantart.com/users/outgoing?http://www.redbubble.com/people/smurfyexe?ref=account-nav-dropdown&amp;amp;asc=u&quot;&gt;RedBubble&lt;/a&gt; //&lt;/span&gt;&lt;span&gt;&lt;/span&gt;&lt;span&gt;&lt;/span&gt;&lt;span&gt;&lt;/span&gt;&lt;span&gt;&lt;/span&gt;&lt;/b&gt;&lt;/div&gt;&lt;/span&gt;&lt;br /&gt;&lt;div&gt;&lt;img src=&quot;https://t00.deviantart.net/C9Bhlz2-5IG-3z-M4r7JES4rsxQ=/300x200/filters:fixed_height(100,100):origin()/pre00/1e6a/th/pre/f/2017/219/4/7/__annie___by_see_breeze-dbj5trl.png&quot; alt=&quot;thumbnail&quot; /&gt;&lt;/div&gt;</description>            </item>
                    <item>
                <title>Dumpy the racist Dragon</title>
                <link>https://roosterhat.deviantart.com/art/Dumpy-the-racist-Dragon-211075233</link>
                <guid isPermaLink="true">https://roosterhat.deviantart.com/art/Dumpy-the-racist-Dragon-211075233</guid>
                <pubDate>Mon, 30 May 2011 23:37:52 PDT</pubDate>
                        <media:title type="plain">Dumpy the racist Dragon</media:title>
        <media:keywords></media:keywords>
                        <media:rating>nonadult</media:rating>
                <media:category label="Scraps">scraps</media:category>
        <media:credit role="author" scheme="urn:ebu">RoosterHat</media:credit>
        <media:credit role="author" scheme="urn:ebu">https://a.deviantart.net/avatars/r/o/roosterhat.png?3</media:credit>
        <media:copyright url="https://roosterhat.deviantart.com">Copyright 2011-2019 RoosterHat</media:copyright>            <media:description type="html">yes because thats all i submit. dumps&lt;br /&gt;&lt;br /&gt;(the title of this dump has nothing to do with its contents. it is not racist)</media:description>            <media:thumbnail url="https://t00.deviantart.net/x2DXWDfAvah23CRrUpE5jGdcFFY=/fit-in/150x150/filters:no_upscale():origin()/pre00/f8da/th/pre/f/2011/150/e/c/dumpy_the_racist_dragon_by_roosterhat-d3ho2ox.jpg" height="150" width="52"/>            <media:thumbnail url="https://t00.deviantart.net/OHcTN0ie2PNSZK1MlpPIvo0uXDw=/fit-in/300x900/filters:no_upscale():origin()/pre00/f8da/th/pre/f/2011/150/e/c/dumpy_the_racist_dragon_by_roosterhat-d3ho2ox.jpg" height="863" width="300"/>            <media:thumbnail url="https://t00.deviantart.net/UCc0kjEroyOcp5wiNX5AFUfKddY=/300x200/filters:fixed_height(100,100):origin()/pre00/f8da/th/pre/f/2011/150/e/c/dumpy_the_racist_dragon_by_roosterhat-d3ho2ox.jpg" height="201" width="100"/>            <media:content url="https://pre00.deviantart.net/f8da/th/pre/f/2011/150/e/c/dumpy_the_racist_dragon_by_roosterhat-d3ho2ox.jpg" height="1516" width="527" medium="image"/>            
            <description>yes because thats all i submit. dumps&lt;br /&gt;&lt;br /&gt;(the title of this dump has nothing to do with its contents. it is not racist)&lt;br /&gt;&lt;div&gt;&lt;img src=&quot;https://t00.deviantart.net/UCc0kjEroyOcp5wiNX5AFUfKddY=/300x200/filters:fixed_height(100,100):origin()/pre00/f8da/th/pre/f/2011/150/e/c/dumpy_the_racist_dragon_by_roosterhat-d3ho2ox.jpg&quot; alt=&quot;thumbnail&quot; /&gt;&lt;/div&gt;</description>            </item>
                    <item>
                <title>The Fight -step by step-</title>
                <link>https://dragonflyempress.deviantart.com/art/The-Fight-step-by-step-582276411</link>
                <guid isPermaLink="true">https://dragonflyempress.deviantart.com/art/The-Fight-step-by-step-582276411</guid>
                <pubDate>Sun, 03 Jan 2016 19:31:46 PST</pubDate>
                        <media:title type="plain">The Fight -step by step-</media:title>
        <media:keywords></media:keywords>
                        <media:rating>nonadult</media:rating>
                <media:category label="Other">digitalart/paintings/other</media:category>
        <media:credit role="author" scheme="urn:ebu">DragonflyEmpress</media:credit>
        <media:credit role="author" scheme="urn:ebu">https://a.deviantart.net/avatars/d/r/dragonflyempress.png?5</media:credit>
        <media:copyright url="https://dragonflyempress.deviantart.com">Copyright 2016-2019 DragonflyEmpress</media:copyright>            <media:description type="html">&lt;i&gt;AAAAAAAAAAAAAAAAAAAAAAHHHH&lt;/i&gt; I LOVE SO MUCH THIS DRAW &lt;a target=&quot;_self&quot; href=&quot;http://ohmygodwhyplz.deviantart.com/&quot; &gt;&lt;img class=&quot;avatar&quot; width=&quot;50&quot; height=&quot;50&quot; src=&quot;http://a.deviantart.net/avatars/o/h/ohmygodwhyplz.jpg?1&quot; alt=&quot;:iconohmygodwhyplz:&quot; title=&quot;OHMYGODWHYplz&quot; /&gt;&lt;/a&gt;&lt;br /&gt;step by step!&lt;br /&gt;&lt;br /&gt;&lt;br /&gt;Adam (left) - My Boyfriend&lt;br /&gt;Guts (right) - Kentaro Miura</media:description>            <media:thumbnail url="https://t00.deviantart.net/T7o4MM_aQK8elE9rUzIYIOC48Qg=/fit-in/150x150/filters:no_upscale():origin()/pre00/c777/th/pre/f/2016/003/3/2/the_fight__step_by_step__by_dragonflyempress-d9mo7cr.png" height="150" width="150"/>            <media:thumbnail url="https://t00.deviantart.net/62HXXogf2Lq6FhZ_jxa5Ue4ufWQ=/fit-in/300x900/filters:no_upscale():origin()/pre00/c777/th/pre/f/2016/003/3/2/the_fight__step_by_step__by_dragonflyempress-d9mo7cr.png" height="300" width="300"/>            <media:thumbnail url="https://t00.deviantart.net/2Y7kvj7c6jmuANTE3QXu5r6cUhw=/300x200/filters:fixed_height(100,100):origin()/pre00/c777/th/pre/f/2016/003/3/2/the_fight__step_by_step__by_dragonflyempress-d9mo7cr.png" height="200" width="200"/>            <media:content url="https://orig00.deviantart.net/779b/f/2016/003/3/2/the_fight__step_by_step__by_dragonflyempress-d9mo7cr.png" height="510" width="510" medium="image"/>            
            <description>&lt;i&gt;AAAAAAAAAAAAAAAAAAAAAAHHHH&lt;/i&gt; I LOVE SO MUCH THIS DRAW &lt;a target=&quot;_self&quot; href=&quot;http://ohmygodwhyplz.deviantart.com/&quot; &gt;&lt;img class=&quot;avatar&quot; width=&quot;50&quot; height=&quot;50&quot; src=&quot;http://a.deviantart.net/avatars/o/h/ohmygodwhyplz.jpg?1&quot; alt=&quot;:iconohmygodwhyplz:&quot; title=&quot;OHMYGODWHYplz&quot; /&gt;&lt;/a&gt;&lt;br /&gt;step by step!&lt;br /&gt;&lt;br /&gt;&lt;br /&gt;Adam (left) - My Boyfriend&lt;br /&gt;Guts (right) - Kentaro Miura&lt;br /&gt;&lt;div&gt;&lt;img src=&quot;https://t00.deviantart.net/2Y7kvj7c6jmuANTE3QXu5r6cUhw=/300x200/filters:fixed_height(100,100):origin()/pre00/c777/th/pre/f/2016/003/3/2/the_fight__step_by_step__by_dragonflyempress-d9mo7cr.png&quot; alt=&quot;thumbnail&quot; /&gt;&lt;/div&gt;</description>            </item>
                    <item>
                <title>Naruto Generations chapter 1 page 7</title>
                <link>https://jpguchiha.deviantart.com/art/Naruto-Generations-chapter-1-page-7-613910477</link>
                <guid isPermaLink="true">https://jpguchiha.deviantart.com/art/Naruto-Generations-chapter-1-page-7-613910477</guid>
                <pubDate>Tue, 07 Jun 2016 16:21:09 PDT</pubDate>
                        <media:title type="plain">Naruto Generations chapter 1 page 7</media:title>
        <media:keywords></media:keywords>
                        <media:rating>nonadult</media:rating>
                <media:category label="Pages &amp; Panels">manga/traditional/manga/panels</media:category>
        <media:credit role="author" scheme="urn:ebu">JPGuchiha</media:credit>
        <media:credit role="author" scheme="urn:ebu">https://a.deviantart.net/avatars/j/p/jpguchiha.jpg?4</media:credit>
        <media:copyright url="https://jpguchiha.deviantart.com">Copyright 2016-2019 JPGuchiha</media:copyright>            <media:description type="html">Pervious page: &lt;a href=&quot;http://jpguchiha.deviantart.com/art/Naruto-Generations-chapter-1-page-6-613909783&quot;&gt;jpguchiha.deviantart.com/art/N&amp;hellip;&lt;/a&gt;&lt;br /&gt;&lt;br /&gt;Next page: &lt;a href=&quot;http://jpguchiha.deviantart.com/art/Naruto-Generations-chapter-1-page-8-613912325&quot;&gt;jpguchiha.deviantart.com/art/N&amp;hellip;&lt;/a&gt;&lt;br /&gt;&lt;br /&gt;Page 1&lt;a href=&quot;http://jpguchiha.deviantart.com/art/Naruto-Generations-chapter-1-page-1-613905744&quot;&gt;jpguchiha.deviantart.com/art/N&amp;hellip;&lt;/a&gt;&lt;br /&gt;&lt;br /&gt;So what do you think? Do you like it, dislike it, do you have any ideas or changes you would personally add? Whatever&amp;nbsp;it is&amp;nbsp;tell me in the comments below.&amp;nbsp;&lt;br /&gt;&lt;br /&gt;Also if any of you have so ideas for Naruto Generations. Whether it be storylines,&amp;nbsp;characters, or&amp;nbsp;battle, &amp;nbsp;feel free to send me a note. I&#039;d&amp;nbsp;love w to hear your ideas.</media:description>            <media:thumbnail url="https://t00.deviantart.net/WwD-IZeozgNMLeCIUrsR5sCWbeA=/fit-in/150x150/filters:no_upscale():origin()/pre00/3298/th/pre/i/2016/159/c/8/naruto_generations_chapter_1_page_7_by_jpguchiha-da5i8ct.jpg" height="150" width="109"/>            <media:thumbnail url="https://t00.deviantart.net/c4RkD3nekR4EwphNoRzobhBA-hc=/fit-in/300x900/filters:no_upscale():origin()/pre00/3298/th/pre/i/2016/159/c/8/naruto_generations_chapter_1_page_7_by_jpguchiha-da5i8ct.jpg" height="413" width="300"/>            <media:thumbnail url="https://t00.deviantart.net/IPkKvaylcRe8ygbWqcj_9Ll_o_k=/300x200/filters:fixed_height(100,100):origin()/pre00/3298/th/pre/i/2016/159/c/8/naruto_generations_chapter_1_page_7_by_jpguchiha-da5i8ct.jpg" height="200" width="145"/>            <media:content url="https://pre00.deviantart.net/3298/th/pre/i/2016/159/c/8/naruto_generations_chapter_1_page_7_by_jpguchiha-da5i8ct.jpg" height="1049" width="762" medium="image"/>            
            <description>Pervious page: &lt;a href=&quot;http://jpguchiha.deviantart.com/art/Naruto-Generations-chapter-1-page-6-613909783&quot;&gt;jpguchiha.deviantart.com/art/N&amp;hellip;&lt;/a&gt;&lt;br /&gt;&lt;br /&gt;Next page: &lt;a href=&quot;http://jpguchiha.deviantart.com/art/Naruto-Generations-chapter-1-page-8-613912325&quot;&gt;jpguchiha.deviantart.com/art/N&amp;hellip;&lt;/a&gt;&lt;br /&gt;&lt;br /&gt;Page 1&lt;a href=&quot;http://jpguchiha.deviantart.com/art/Naruto-Generations-chapter-1-page-1-613905744&quot;&gt;jpguchiha.deviantart.com/art/N&amp;hellip;&lt;/a&gt;&lt;br /&gt;&lt;br /&gt;So what do you think? Do you like it, dislike it, do you have any ideas or changes you would personally add? Whatever&amp;nbsp;it is&amp;nbsp;tell me in the comments below.&amp;nbsp;&lt;br /&gt;&lt;br /&gt;Also if any of you have so ideas for Naruto Generations. Whether it be storylines,&amp;nbsp;characters, or&amp;nbsp;battle, &amp;nbsp;feel free to send me a note. I&#039;d&amp;nbsp;love w to hear your ideas.&lt;br /&gt;&lt;div&gt;&lt;img src=&quot;https://t00.deviantart.net/IPkKvaylcRe8ygbWqcj_9Ll_o_k=/300x200/filters:fixed_height(100,100):origin()/pre00/3298/th/pre/i/2016/159/c/8/naruto_generations_chapter_1_page_7_by_jpguchiha-da5i8ct.jpg&quot; alt=&quot;thumbnail&quot; /&gt;&lt;/div&gt;</description>            </item>
                    <item>
                <title>03 07 010</title>
                <link>https://volador-n7.deviantart.com/art/03-07-010-156480812</link>
                <guid isPermaLink="true">https://volador-n7.deviantart.com/art/03-07-010-156480812</guid>
                <pubDate>Sun, 07 Mar 2010 07:11:15 PST</pubDate>
                        <media:title type="plain">03 07 010</media:title>
        <media:keywords></media:keywords>
                        <media:rating>nonadult</media:rating>
                <media:category label="Other">traditional/drawings/other</media:category>
        <media:credit role="author" scheme="urn:ebu">Volador-N7</media:credit>
        <media:credit role="author" scheme="urn:ebu">https://a.deviantart.net/avatars/v/o/volador-n7.jpg?5</media:credit>
        <media:copyright url="https://volador-n7.deviantart.com">Copyright 2010-2019 Volador-N7</media:copyright>            <media:description type="html">late Saturday night drawing.</media:description>            <media:thumbnail url="https://t00.deviantart.net/72wduMKIoEYxtr38jbW2Li-viOA=/fit-in/150x150/filters:no_upscale():origin()/pre00/389c/th/pre/f/2010/066/8/f/03_07_010_by_voladorjr.jpg" height="150" width="108"/>            <media:thumbnail url="https://t00.deviantart.net/7YFFhmuh-E1anCyyspglm7hvr-M=/fit-in/300x900/filters:no_upscale():origin()/pre00/389c/th/pre/f/2010/066/8/f/03_07_010_by_voladorjr.jpg" height="416" width="300"/>            <media:thumbnail url="https://t00.deviantart.net/VcUhBi_FDZdO5OOiINKpB4ei2wA=/300x200/filters:fixed_height(100,100):origin()/pre00/389c/th/pre/f/2010/066/8/f/03_07_010_by_voladorjr.jpg" height="200" width="144"/>            <media:content url="https://pre00.deviantart.net/389c/th/pre/f/2010/066/8/f/03_07_010_by_voladorjr.jpg" height="1052" width="759" medium="image"/>            
            <description>late Saturday night drawing.&lt;br /&gt;&lt;div&gt;&lt;img src=&quot;https://t00.deviantart.net/VcUhBi_FDZdO5OOiINKpB4ei2wA=/300x200/filters:fixed_height(100,100):origin()/pre00/389c/th/pre/f/2010/066/8/f/03_07_010_by_voladorjr.jpg&quot; alt=&quot;thumbnail&quot; /&gt;&lt;/div&gt;</description>            </item>
                    <item>
                <title>038-365 Two Sides of the Same Coin.</title>
                <link>https://krch2r.deviantart.com/art/038-365-Two-Sides-of-the-Same-Coin-662143774</link>
                <guid isPermaLink="true">https://krch2r.deviantart.com/art/038-365-Two-Sides-of-the-Same-Coin-662143774</guid>
                <pubDate>Tue, 07 Feb 2017 11:29:24 PST</pubDate>
                        <media:title type="plain">038-365 Two Sides of the Same Coin.</media:title>
        <media:keywords></media:keywords>
                        <media:rating>nonadult</media:rating>
                <media:category label="Other">fanart/manga/digital/other</media:category>
        <media:credit role="author" scheme="urn:ebu">KRCH2R</media:credit>
        <media:credit role="author" scheme="urn:ebu">https://a.deviantart.net/avatars/k/r/krch2r.jpg?5</media:credit>
        <media:copyright url="https://krch2r.deviantart.com">Copyright 2017-2019 KRCH2R</media:copyright>            <media:description type="html">038-365 Two Sides of the Same Coin.&lt;br /&gt;&lt;br /&gt;I drawn a request from a friend who roleplays Yukiteru Amano when he wins the Future Dairy War to become a god of time and space then happens to obtain Neon Genesis Evangelion Powers until after months of RP: He changed for the better and worst in terms of crossover powers to Tokyo Ghoul and Berserk into two in violent proportions.. As a Friend. I indulged some art for him: albiet not entirely my best work.</media:description>            <media:thumbnail url="https://t00.deviantart.net/DJng20QIOqIYK1t3a8ahsb9K8h0=/fit-in/150x150/filters:no_upscale():origin()/pre00/0311/th/pre/i/2017/038/c/5/038_365_two_sides_of_the_same_coin__by_the_role_player-day81em.jpg" height="94" width="150"/>            <media:thumbnail url="https://t00.deviantart.net/r8gd4v4hXr5ixv46_aakM68qb7o=/fit-in/300x900/filters:no_upscale():origin()/pre00/0311/th/pre/i/2017/038/c/5/038_365_two_sides_of_the_same_coin__by_the_role_player-day81em.jpg" height="188" width="300"/>            <media:thumbnail url="https://t00.deviantart.net/GIGXLhG9iMyUfUW0ApdUbna3XyM=/300x200/filters:fixed_height(100,100):origin()/pre00/0311/th/pre/i/2017/038/c/5/038_365_two_sides_of_the_same_coin__by_the_role_player-day81em.jpg" height="188" width="300"/>            <media:content url="https://img00.deviantart.net/8631/i/2017/038/c/5/038_365_two_sides_of_the_same_coin__by_the_role_player-day81em.jpg" height="640" width="1024" medium="image"/>            
            <description>038-365 Two Sides of the Same Coin.&lt;br /&gt;&lt;br /&gt;I drawn a request from a friend who roleplays Yukiteru Amano when he wins the Future Dairy War to become a god of time and space then happens to obtain Neon Genesis Evangelion Powers until after months of RP: He changed for the better and worst in terms of crossover powers to Tokyo Ghoul and Berserk into two in violent proportions.. As a Friend. I indulged some art for him: albiet not entirely my best work.&lt;br /&gt;&lt;div&gt;&lt;img src=&quot;https://t00.deviantart.net/GIGXLhG9iMyUfUW0ApdUbna3XyM=/300x200/filters:fixed_height(100,100):origin()/pre00/0311/th/pre/i/2017/038/c/5/038_365_two_sides_of_the_same_coin__by_the_role_player-day81em.jpg&quot; alt=&quot;thumbnail&quot; /&gt;&lt;/div&gt;</description>            </item>
                    <item>
                <title>SaW 4 w2 11</title>
                <link>https://volador-n7.deviantart.com/art/SaW-4-w2-11-204150253</link>
                <guid isPermaLink="true">https://volador-n7.deviantart.com/art/SaW-4-w2-11-204150253</guid>
                <pubDate>Fri, 08 Apr 2011 20:59:07 PDT</pubDate>
                        <media:title type="plain">SaW 4 w2 11</media:title>
        <media:keywords></media:keywords>
                        <media:rating>nonadult</media:rating>
                <media:category label="Other">traditional/drawings/other</media:category>
        <media:credit role="author" scheme="urn:ebu">Volador-N7</media:credit>
        <media:credit role="author" scheme="urn:ebu">https://a.deviantart.net/avatars/v/o/volador-n7.jpg?5</media:credit>
        <media:copyright url="https://volador-n7.deviantart.com">Copyright 2011-2019 Volador-N7</media:copyright>            <media:description type="html">sketch at work. this week was a very long, busy, tiring, and surprising. anywho this week sketch consist of a few animal drawing, shin chan, a scene from a old porky pig cartoon that was stuck in my head all week due to a cat in heat meowing in the street alllll night looooong.&lt;img src=&quot;http://e.deviantart.net/emoticons/c/crazy.gif&quot; width=&quot;15&quot; height=&quot;15&quot; alt=&quot;:crazy:&quot; title=&quot;Crazy&quot;/&gt; there also a unfinished guts from berserk, and Shepard ,tali, garrus and a pyjak from mass effect. hope you guys enjoy.</media:description>            <media:thumbnail url="https://t00.deviantart.net/5iR_-e44aXASlCiYYZCu3xq4Xdc=/fit-in/150x150/filters:no_upscale():origin()/pre00/3361/th/pre/i/2011/098/6/3/saw_4_w2_11_by_voladorjr-d3djncd.jpg" height="150" width="26"/>            <media:thumbnail url="https://t00.deviantart.net/BQDHFYf_RpumFl1lq4O5-WI80qo=/fit-in/300x900/filters:no_upscale():origin()/pre00/3361/th/pre/i/2011/098/6/3/saw_4_w2_11_by_voladorjr-d3djncd.jpg" height="900" width="158"/>            <media:thumbnail url="https://t00.deviantart.net/xb498x6-hWH1_jSYwYNeg2h89rE=/300x200/filters:fixed_height(100,100):origin()/pre00/3361/th/pre/i/2011/098/6/3/saw_4_w2_11_by_voladorjr-d3djncd.jpg" height="201" width="100"/>            <media:content url="https://pre00.deviantart.net/3361/th/pre/i/2011/098/6/3/saw_4_w2_11_by_voladorjr-d3djncd.jpg" height="2137" width="374" medium="image"/>            
            <description>sketch at work. this week was a very long, busy, tiring, and surprising. anywho this week sketch consist of a few animal drawing, shin chan, a scene from a old porky pig cartoon that was stuck in my head all week due to a cat in heat meowing in the street alllll night looooong.&lt;img src=&quot;http://e.deviantart.net/emoticons/c/crazy.gif&quot; width=&quot;15&quot; height=&quot;15&quot; alt=&quot;:crazy:&quot; title=&quot;Crazy&quot;/&gt; there also a unfinished guts from berserk, and Shepard ,tali, garrus and a pyjak from mass effect. hope you guys enjoy.&lt;br /&gt;&lt;div&gt;&lt;img src=&quot;https://t00.deviantart.net/xb498x6-hWH1_jSYwYNeg2h89rE=/300x200/filters:fixed_height(100,100):origin()/pre00/3361/th/pre/i/2011/098/6/3/saw_4_w2_11_by_voladorjr-d3djncd.jpg&quot; alt=&quot;thumbnail&quot; /&gt;&lt;/div&gt;</description>            </item>
                    <item>
                <title>Style meme - Cruoris</title>
                <link>https://monochrome-aka.deviantart.com/art/Style-meme-Cruoris-209619059</link>
                <guid isPermaLink="true">https://monochrome-aka.deviantart.com/art/Style-meme-Cruoris-209619059</guid>
                <pubDate>Fri, 20 May 2011 14:24:53 PDT</pubDate>
                        <media:title type="plain">Style meme - Cruoris</media:title>
        <media:keywords></media:keywords>
                        <media:rating>nonadult</media:rating>
                <media:category label="Memes">darelated/deviousfun/memes</media:category>
        <media:credit role="author" scheme="urn:ebu">Monochrome-Aka</media:credit>
        <media:credit role="author" scheme="urn:ebu">https://a.deviantart.net/avatars/m/o/monochrome-aka.png?9</media:credit>
        <media:copyright url="https://monochrome-aka.deviantart.com">Copyright 2011-2019 Monochrome-Aka</media:copyright>            <media:description type="html">Cruoris, she invade memes too.&lt;br /&gt;Berserk style ROCKS, no ? xD *shot*&lt;br /&gt;Disney style = fail&lt;br /&gt;Realistic too&lt;br /&gt;Guess who I imitate&lt;br /&gt;&lt;br /&gt;I tag : &lt;a href=&quot;http://mikano-zirake.deviantart.com/&quot;&gt;&lt;img class=&quot;avatar&quot; src=&quot;http://a.deviantart.net/avatars/m/i/mikano-zirake.png?12&quot; alt=&quot;:iconmikano-zirake:&quot; title=&quot;Mikano-Zirake&quot;/&gt;&lt;/a&gt; ; &lt;a href=&quot;http://kitera-kun.deviantart.com/&quot;&gt;&lt;img class=&quot;avatar&quot; src=&quot;http://a.deviantart.net/avatars/k/i/kitera-kun.gif?13&quot; alt=&quot;:iconkitera-kun:&quot; title=&quot;Kitera-kun&quot;/&gt;&lt;/a&gt; ...&lt;br /&gt;&lt;br /&gt;--&lt;br /&gt;&lt;br /&gt;Cruoris parce que j&#039;l&#039;aime ma cannibale %D&lt;br /&gt;Fière du résultat du Berserk style :3&lt;br /&gt;J&#039;ai raté le style disney et réaliste -_-&lt;br /&gt;Et puis bah, deviner qui j&#039;ai imiter C;</media:description>            <media:thumbnail url="https://t00.deviantart.net/Jx-lfO1VOEO23SvrKDpSLqb5tQM=/fit-in/150x150/filters:no_upscale():origin()/pre00/28a0/th/pre/i/2011/140/1/e/style_meme___cruoris_by_monochrome_aka-d3gsv3n.jpg" height="101" width="150"/>            <media:thumbnail url="https://t00.deviantart.net/_eK2CaKl3cPe9bNcXjFHTW6mod0=/fit-in/300x900/filters:no_upscale():origin()/pre00/28a0/th/pre/i/2011/140/1/e/style_meme___cruoris_by_monochrome_aka-d3gsv3n.jpg" height="203" width="300"/>            <media:thumbnail url="https://t00.deviantart.net/ax6P1kcqJN8k75jGuB6iR-J2ack=/300x200/filters:fixed_height(100,100):origin()/pre00/28a0/th/pre/i/2011/140/1/e/style_meme___cruoris_by_monochrome_aka-d3gsv3n.jpg" height="200" width="296"/>            <media:content url="https://img00.deviantart.net/6a1f/i/2011/140/1/e/style_meme___cruoris_by_monochrome_aka-d3gsv3n.jpg" height="609" width="900" medium="image"/>            
            <description>Cruoris, she invade memes too.&lt;br /&gt;Berserk style ROCKS, no ? xD *shot*&lt;br /&gt;Disney style = fail&lt;br /&gt;Realistic too&lt;br /&gt;Guess who I imitate&lt;br /&gt;&lt;br /&gt;I tag : &lt;a href=&quot;http://mikano-zirake.deviantart.com/&quot;&gt;&lt;img class=&quot;avatar&quot; src=&quot;http://a.deviantart.net/avatars/m/i/mikano-zirake.png?12&quot; alt=&quot;:iconmikano-zirake:&quot; title=&quot;Mikano-Zirake&quot;/&gt;&lt;/a&gt; ; &lt;a href=&quot;http://kitera-kun.deviantart.com/&quot;&gt;&lt;img class=&quot;avatar&quot; src=&quot;http://a.deviantart.net/avatars/k/i/kitera-kun.gif?13&quot; alt=&quot;:iconkitera-kun:&quot; title=&quot;Kitera-kun&quot;/&gt;&lt;/a&gt; ...&lt;br /&gt;&lt;br /&gt;--&lt;br /&gt;&lt;br /&gt;Cruoris parce que j&#039;l&#039;aime ma cannibale %D&lt;br /&gt;Fière du résultat du Berserk style :3&lt;br /&gt;J&#039;ai raté le style disney et réaliste -_-&lt;br /&gt;Et puis bah, deviner qui j&#039;ai imiter C;&lt;br /&gt;&lt;div&gt;&lt;img src=&quot;https://t00.deviantart.net/ax6P1kcqJN8k75jGuB6iR-J2ack=/300x200/filters:fixed_height(100,100):origin()/pre00/28a0/th/pre/i/2011/140/1/e/style_meme___cruoris_by_monochrome_aka-d3gsv3n.jpg&quot; alt=&quot;thumbnail&quot; /&gt;&lt;/div&gt;</description>            </item>
                    <item>
                <title>Kaoru Rintarou</title>
                <link>https://mrgameandwatch287.deviantart.com/art/Kaoru-Rintarou-528079618</link>
                <guid isPermaLink="true">https://mrgameandwatch287.deviantart.com/art/Kaoru-Rintarou-528079618</guid>
                <pubDate>Mon, 20 Apr 2015 05:40:09 PDT</pubDate>
                        <media:title type="plain">Kaoru Rintarou</media:title>
        <media:keywords></media:keywords>
                        <media:rating>nonadult</media:rating>
                <media:category label="Drawings">manga/digital/drawings</media:category>
        <media:credit role="author" scheme="urn:ebu">mrgameandwatch287</media:credit>
        <media:credit role="author" scheme="urn:ebu">https://a.deviantart.net/avatars/m/r/mrgameandwatch287.jpg?2</media:credit>
        <media:copyright url="https://mrgameandwatch287.deviantart.com">Copyright 2015-2019 mrgameandwatch287</media:copyright>            <media:description type="html">This is my first attempt at drawing a character without looking at any other pictures for help (hence the made up name), for a first attempt not too bad but i&#039;m not completely happy with it, also there are 5 anime references in this picture (some less obvious than others) see if u can spot them.</media:description>            <media:thumbnail url="https://t00.deviantart.net/S94jAXWnKAgo9zy5NCVHog-mx38=/fit-in/150x150/filters:no_upscale():origin()/pre00/5f72/th/pre/f/2015/110/9/9/kaoru_rintarou_by_mrgameandwatch287-d8qekua.png" height="150" width="141"/>            <media:thumbnail url="https://t00.deviantart.net/31ZP1_raJFYIXNCOTlajLtHNGa8=/fit-in/300x900/filters:no_upscale():origin()/pre00/5f72/th/pre/f/2015/110/9/9/kaoru_rintarou_by_mrgameandwatch287-d8qekua.png" height="319" width="300"/>            <media:thumbnail url="https://t00.deviantart.net/4wian6aHsRXvT7EmTJgFecQidJg=/300x200/filters:fixed_height(100,100):origin()/pre00/5f72/th/pre/f/2015/110/9/9/kaoru_rintarou_by_mrgameandwatch287-d8qekua.png" height="200" width="188"/>            <media:content url="https://orig00.deviantart.net/2033/f/2015/110/9/9/kaoru_rintarou_by_mrgameandwatch287-d8qekua.png" height="682" width="642" medium="image"/>            
            <description>This is my first attempt at drawing a character without looking at any other pictures for help (hence the made up name), for a first attempt not too bad but i&#039;m not completely happy with it, also there are 5 anime references in this picture (some less obvious than others) see if u can spot them.&lt;br /&gt;&lt;div&gt;&lt;img src=&quot;https://t00.deviantart.net/4wian6aHsRXvT7EmTJgFecQidJg=/300x200/filters:fixed_height(100,100):origin()/pre00/5f72/th/pre/f/2015/110/9/9/kaoru_rintarou_by_mrgameandwatch287-d8qekua.png&quot; alt=&quot;thumbnail&quot; /&gt;&lt;/div&gt;</description>            </item>
                    <item>
                <title>Fat Tessis - Berserk Costume Obese Edition</title>
                <link>https://plumpchu.deviantart.com/art/Fat-Tessis-Berserk-Costume-Obese-Edition-714524344</link>
                <guid isPermaLink="true">https://plumpchu.deviantart.com/art/Fat-Tessis-Berserk-Costume-Obese-Edition-714524344</guid>
                <pubDate>Sat, 11 Nov 2017 06:16:40 PST</pubDate>
                        <media:title type="plain">Fat Tessis - Berserk Costume Obese Edition</media:title>
        <media:keywords></media:keywords>
                        <media:rating>nonadult</media:rating>
                <media:category label="Drawings">manga/digital/drawings</media:category>
        <media:credit role="author" scheme="urn:ebu">Plumpchu</media:credit>
        <media:credit role="author" scheme="urn:ebu">https://a.deviantart.net/avatars/p/l/plumpchu.jpg?14</media:credit>
        <media:copyright url="https://plumpchu.deviantart.com">Copyright 2017-2019 Plumpchu</media:copyright>            <media:description type="html">Commission for &lt;a target=&quot;_self&quot; href=&quot;https://blastshieldbuddy.deviantart.com/&quot; &gt;&lt;img class=&quot;avatar&quot; width=&quot;50&quot; height=&quot;50&quot; src=&quot;https://a.deviantart.net/avatars/b/l/blastshieldbuddy.jpg?1&quot; alt=&quot;:iconblastshieldbuddy:&quot; title=&quot;BlastShieldBuddy&quot; /&gt;&lt;/a&gt;&lt;br /&gt;of the ever-so-thicc Tessis, which belongs to BlastshieldBuddy (His OC)!&amp;nbsp; :&amp;gt;&amp;nbsp;&lt;br /&gt;&lt;br /&gt;&lt;br /&gt;Load of fun to come back to Tessis again, she&#039;s always a lot of wobbly joy to revisit!&lt;br /&gt;And what better way to revisit her, than to see her dressed in a Halloween costume! :3&lt;br /&gt;&lt;br /&gt;But, the spooks are not done yet, more to come very very soon!&amp;nbsp;&lt;br /&gt;&lt;br /&gt;More Tessis here:&lt;br /&gt;&lt;span class=&quot;shadow-holder&quot; data-embed-type=&quot;deviation&quot; data-embed-id=&quot;664527469&quot; data-embed-format=&quot;thumb&quot;&gt;&lt;span class=&quot;shadow mild&quot; &gt;&lt;a class=&quot;thumb&quot; href=&quot;https://plumpchu.deviantart.com/art/Fat-Tessis-Returns-664527469&quot; title=&quot;Fat Tessis Returns! by Plumpchu, Feb 19, 2017 in Manga &amp;amp; Anime &amp;gt; Digital Media &amp;gt; Drawings&quot;data-super-img=&quot;https://pre00.deviantart.net/9cd4/th/pre/i/2017/050/b/e/fat_tessis_returns__by_plumpchu-dazn4od.jpg&quot; data-super-width=&quot;805&quot; data-super-height=&quot;993&quot; data-super-transparent=&quot;false&quot; data-super-alt=&quot;Fat Tessis Returns! by Plumpchu&quot; data-super-full-img=&quot;https://img00.deviantart.net/a0ae/i/2017/050/b/e/fat_tessis_returns__by_plumpchu-dazn4od.jpg&quot; data-super-full-width=&quot;1024&quot; data-super-full-height=&quot;1263&quot;        data-sigil=&quot;thumb&quot;&gt;
        &lt;i&gt;&lt;/i&gt;&lt;img   width=&quot;122&quot; height=&quot;150&quot; alt=&quot;Fat Tessis Returns! by Plumpchu&quot; src=&quot;https://t00.deviantart.net/1fEM2PQzh5yYjJAQW4iZv11QVrQ=/fit-in/150x150/filters:no_upscale():origin()/pre00/9cd4/th/pre/i/2017/050/b/e/fat_tessis_returns__by_plumpchu-dazn4od.jpg&quot; data-src=&quot;https://t00.deviantart.net/1fEM2PQzh5yYjJAQW4iZv11QVrQ=/fit-in/150x150/filters:no_upscale():origin()/pre00/9cd4/th/pre/i/2017/050/b/e/fat_tessis_returns__by_plumpchu-dazn4od.jpg&quot; srcset=&quot;https://t00.deviantart.net/1fEM2PQzh5yYjJAQW4iZv11QVrQ=/fit-in/150x150/filters:no_upscale():origin()/pre00/9cd4/th/pre/i/2017/050/b/e/fat_tessis_returns__by_plumpchu-dazn4od.jpg 122w,https://t00.deviantart.net/xQ6rgmwQZhrKYJcu00XvBmXQwjw=/fit-in/700x350/filters:fixed_height(100,100):origin()/pre00/9cd4/th/pre/i/2017/050/b/e/fat_tessis_returns__by_plumpchu-dazn4od.jpg 284w,https://t00.deviantart.net/o4yS2xIr6eRn_1kkBAHQ79CoibM=/fit-in/800x400/filters:fixed_height(100,100):origin()/pre00/9cd4/th/pre/i/2017/050/b/e/fat_tessis_returns__by_plumpchu-dazn4od.jpg 324w,https://pre00.deviantart.net/9cd4/th/pre/i/2017/050/b/e/fat_tessis_returns__by_plumpchu-dazn4od.jpg 805w&quot; sizes=&quot;122px&quot;&gt;&lt;/a&gt;&lt;/span&gt;&lt;!-- ^TTT --&gt;&lt;!-- TTT$ --&gt;&lt;/span&gt;&lt;br /&gt;&lt;span class=&quot;shadow-holder&quot; data-embed-type=&quot;deviation&quot; data-embed-id=&quot;615283115&quot; data-embed-format=&quot;thumb&quot;&gt;&lt;span class=&quot;shadow mild&quot; &gt;&lt;a class=&quot;thumb&quot; href=&quot;https://plumpchu.deviantart.com/art/Plump-Tessis-615283115&quot; title=&quot;Plump Tessis by Plumpchu, Jun 14, 2016 in Manga &amp;amp; Anime &amp;gt; Digital Media &amp;gt; Drawings&quot;data-super-img=&quot;https://pre00.deviantart.net/d49f/th/pre/i/2016/166/c/1/plump_tessis_by_plumpchu-da6bnhn.png&quot; data-super-width=&quot;753&quot; data-super-height=&quot;1061&quot; data-super-transparent=&quot;true&quot; data-super-alt=&quot;Plump Tessis by Plumpchu&quot; data-super-full-img=&quot;https://img00.deviantart.net/5860/i/2016/166/c/1/plump_tessis_by_plumpchu-da6bnhn.png&quot; data-super-full-width=&quot;1024&quot; data-super-full-height=&quot;1443&quot;        data-sigil=&quot;thumb&quot;&gt;
        &lt;i&gt;&lt;/i&gt;&lt;img   width=&quot;106&quot; height=&quot;150&quot; alt=&quot;Plump Tessis by Plumpchu&quot; src=&quot;https://t00.deviantart.net/5fLqfDvPGenSsMf6KetoARcBQik=/fit-in/150x150/filters:no_upscale():origin()/pre00/d49f/th/pre/i/2016/166/c/1/plump_tessis_by_plumpchu-da6bnhn.png&quot; data-src=&quot;https://t00.deviantart.net/5fLqfDvPGenSsMf6KetoARcBQik=/fit-in/150x150/filters:no_upscale():origin()/pre00/d49f/th/pre/i/2016/166/c/1/plump_tessis_by_plumpchu-da6bnhn.png&quot; srcset=&quot;https://t00.deviantart.net/5fLqfDvPGenSsMf6KetoARcBQik=/fit-in/150x150/filters:no_upscale():origin()/pre00/d49f/th/pre/i/2016/166/c/1/plump_tessis_by_plumpchu-da6bnhn.png 106w,https://t00.deviantart.net/RUlX-dbz72N3eDDSVfPtBFE9m_g=/fit-in/700x350/filters:fixed_height(100,100):origin()/pre00/d49f/th/pre/i/2016/166/c/1/plump_tessis_by_plumpchu-da6bnhn.png 248w,https://t00.deviantart.net/6wti6eGbiwnAYpo0j6jPPMu-EfU=/fit-in/800x400/filters:fixed_height(100,100):origin()/pre00/d49f/th/pre/i/2016/166/c/1/plump_tessis_by_plumpchu-da6bnhn.png 284w,https://pre00.deviantart.net/d49f/th/pre/i/2016/166/c/1/plump_tessis_by_plumpchu-da6bnhn.png 753w&quot; sizes=&quot;106px&quot;&gt;&lt;/a&gt;&lt;/span&gt;&lt;!-- ^TTT --&gt;&lt;!-- TTT$ --&gt;&lt;/span&gt;&lt;br /&gt;&lt;span class=&quot;shadow-holder&quot; data-embed-type=&quot;deviation&quot; data-embed-id=&quot;689224374&quot; data-embed-format=&quot;thumb&quot;&gt;&lt;span class=&quot;shadow mild&quot; &gt;&lt;a class=&quot;thumb&quot; href=&quot;https://plumpchu.deviantart.com/art/Fat-Tessis-Butt-Struggles-of-a-Lifeguard-689224374&quot; title=&quot;Fat Tessis - Butt Struggles of a Lifeguard by Plumpchu, Jun 28, 2017 in Manga &amp;amp; Anime &amp;gt; Digital Media &amp;gt; Drawings&quot;data-super-img=&quot;https://img00.deviantart.net/be91/i/2017/179/d/7/fat_tessis___butt_struggles_of_a_lifeguard_by_plumpchu-dbecgxi.jpg&quot; data-super-width=&quot;800&quot; data-super-height=&quot;793&quot; data-super-transparent=&quot;false&quot; data-super-alt=&quot;Fat Tessis - Butt Struggles of a Lifeguard by Plumpchu&quot; data-super-full-img=&quot;https://img00.deviantart.net/be91/i/2017/179/d/7/fat_tessis___butt_struggles_of_a_lifeguard_by_plumpchu-dbecgxi.jpg&quot; data-super-full-width=&quot;800&quot; data-super-full-height=&quot;793&quot;        data-sigil=&quot;thumb&quot;&gt;
        &lt;i&gt;&lt;/i&gt;&lt;img   width=&quot;150&quot; height=&quot;149&quot; alt=&quot;Fat Tessis - Butt Struggles of a Lifeguard by Plumpchu&quot; src=&quot;https://t00.deviantart.net/5rjrLmBtTySHzVBykLYp2nvkao4=/fit-in/150x150/filters:no_upscale():origin()/pre00/41db/th/pre/i/2017/179/d/7/fat_tessis___butt_struggles_of_a_lifeguard_by_plumpchu-dbecgxi.jpg&quot; data-src=&quot;https://t00.deviantart.net/5rjrLmBtTySHzVBykLYp2nvkao4=/fit-in/150x150/filters:no_upscale():origin()/pre00/41db/th/pre/i/2017/179/d/7/fat_tessis___butt_struggles_of_a_lifeguard_by_plumpchu-dbecgxi.jpg&quot; srcset=&quot;https://t00.deviantart.net/5rjrLmBtTySHzVBykLYp2nvkao4=/fit-in/150x150/filters:no_upscale():origin()/pre00/41db/th/pre/i/2017/179/d/7/fat_tessis___butt_struggles_of_a_lifeguard_by_plumpchu-dbecgxi.jpg 150w,https://t00.deviantart.net/8ujk9dmJstbge0zGrNyi6i1HE-o=/fit-in/700x350/filters:fixed_height(100,100):origin()/pre00/41db/th/pre/i/2017/179/d/7/fat_tessis___butt_struggles_of_a_lifeguard_by_plumpchu-dbecgxi.jpg 353w,https://t00.deviantart.net/ttOMVM91Kqh64l7kSUpxmRu1Z0w=/fit-in/800x400/filters:fixed_height(100,100):origin()/pre00/41db/th/pre/i/2017/179/d/7/fat_tessis___butt_struggles_of_a_lifeguard_by_plumpchu-dbecgxi.jpg 404w,https://img00.deviantart.net/be91/i/2017/179/d/7/fat_tessis___butt_struggles_of_a_lifeguard_by_plumpchu-dbecgxi.jpg 800w&quot; sizes=&quot;150px&quot;&gt;&lt;/a&gt;&lt;/span&gt;&lt;!-- ^TTT --&gt;&lt;!-- TTT$ --&gt;&lt;/span&gt;&lt;br /&gt;&lt;span class=&quot;shadow-holder&quot; data-embed-type=&quot;deviation&quot; data-embed-id=&quot;640913756&quot; data-embed-format=&quot;thumb&quot;&gt;&lt;span class=&quot;shadow mild&quot; &gt;&lt;a class=&quot;thumb&quot; href=&quot;https://plumpchu.deviantart.com/art/Too-Fat-for-Pants-640913756&quot; title=&quot;Too Fat for Pants! by Plumpchu, Oct 18, 2016 in Manga &amp;amp; Anime &amp;gt; Digital Media &amp;gt; Drawings&quot;data-super-img=&quot;https://img00.deviantart.net/c960/i/2016/292/b/7/too_fat_for_pants__by_plumpchu-dall07w.png&quot; data-super-width=&quot;900&quot; data-super-height=&quot;887&quot; data-super-transparent=&quot;false&quot; data-super-alt=&quot;Too Fat for Pants! by Plumpchu&quot; data-super-full-img=&quot;https://img00.deviantart.net/c960/i/2016/292/b/7/too_fat_for_pants__by_plumpchu-dall07w.png&quot; data-super-full-width=&quot;900&quot; data-super-full-height=&quot;887&quot;        data-sigil=&quot;thumb&quot;&gt;
        &lt;i&gt;&lt;/i&gt;&lt;img   width=&quot;150&quot; height=&quot;148&quot; alt=&quot;Too Fat for Pants! by Plumpchu&quot; src=&quot;https://t00.deviantart.net/QNamx1LJH4QPoQXi1dLufAYlZVQ=/fit-in/150x150/filters:no_upscale():origin()/pre00/d67d/th/pre/i/2016/292/b/7/too_fat_for_pants__by_plumpchu-dall07w.png&quot; data-src=&quot;https://t00.deviantart.net/QNamx1LJH4QPoQXi1dLufAYlZVQ=/fit-in/150x150/filters:no_upscale():origin()/pre00/d67d/th/pre/i/2016/292/b/7/too_fat_for_pants__by_plumpchu-dall07w.png&quot; srcset=&quot;https://t00.deviantart.net/QNamx1LJH4QPoQXi1dLufAYlZVQ=/fit-in/150x150/filters:no_upscale():origin()/pre00/d67d/th/pre/i/2016/292/b/7/too_fat_for_pants__by_plumpchu-dall07w.png 150w,https://t00.deviantart.net/ZGVaHkMhpSuJhNIbPPqESDSP3HE=/fit-in/700x350/filters:fixed_height(100,100):origin()/pre00/d67d/th/pre/i/2016/292/b/7/too_fat_for_pants__by_plumpchu-dall07w.png 355w,https://t00.deviantart.net/CUMjDGsJJOdR-kRWtcp7XCTxYFc=/fit-in/800x400/filters:fixed_height(100,100):origin()/pre00/d67d/th/pre/i/2016/292/b/7/too_fat_for_pants__by_plumpchu-dall07w.png 406w,https://img00.deviantart.net/c960/i/2016/292/b/7/too_fat_for_pants__by_plumpchu-dall07w.png 900w&quot; sizes=&quot;150px&quot;&gt;&lt;/a&gt;&lt;/span&gt;&lt;!-- ^TTT --&gt;&lt;!-- TTT$ --&gt;&lt;/span&gt;&lt;br /&gt;&lt;span class=&quot;shadow-holder&quot; data-embed-type=&quot;deviation&quot; data-embed-id=&quot;668669215&quot; data-embed-format=&quot;thumb&quot;&gt;&lt;span class=&quot;shadow mild&quot; &gt;&lt;a class=&quot;thumb&quot; href=&quot;https://plumpchu.deviantart.com/art/Plump-Butt-Tessis-668669215&quot; title=&quot;Plump Butt Tessis by Plumpchu, Mar 12, 2017 in Manga &amp;amp; Anime &amp;gt; Digital Media &amp;gt; Drawings&quot;data-super-img=&quot;https://pre00.deviantart.net/206c/th/pre/i/2017/071/7/e/plump_butt_tessis_by_plumpchu-db23wgv.jpg&quot; data-super-width=&quot;1017&quot; data-super-height=&quot;786&quot; data-super-transparent=&quot;false&quot; data-super-alt=&quot;Plump Butt Tessis by Plumpchu&quot; data-super-full-img=&quot;https://img00.deviantart.net/a78c/i/2017/071/7/e/plump_butt_tessis_by_plumpchu-db23wgv.jpg&quot; data-super-full-width=&quot;1024&quot; data-super-full-height=&quot;791&quot;        data-sigil=&quot;thumb&quot;&gt;
        &lt;i&gt;&lt;/i&gt;&lt;img   width=&quot;150&quot; height=&quot;116&quot; alt=&quot;Plump Butt Tessis by Plumpchu&quot; src=&quot;https://t00.deviantart.net/9VID6rEbxWunETjjuuSYb92ADb0=/fit-in/150x150/filters:no_upscale():origin()/pre00/206c/th/pre/i/2017/071/7/e/plump_butt_tessis_by_plumpchu-db23wgv.jpg&quot; data-src=&quot;https://t00.deviantart.net/9VID6rEbxWunETjjuuSYb92ADb0=/fit-in/150x150/filters:no_upscale():origin()/pre00/206c/th/pre/i/2017/071/7/e/plump_butt_tessis_by_plumpchu-db23wgv.jpg&quot; srcset=&quot;https://t00.deviantart.net/9VID6rEbxWunETjjuuSYb92ADb0=/fit-in/150x150/filters:no_upscale():origin()/pre00/206c/th/pre/i/2017/071/7/e/plump_butt_tessis_by_plumpchu-db23wgv.jpg 150w,https://t00.deviantart.net/0QHM-Rr9cApWIYrVtSD1_Oc9P48=/fit-in/700x350/filters:fixed_height(100,100):origin()/pre00/206c/th/pre/i/2017/071/7/e/plump_butt_tessis_by_plumpchu-db23wgv.jpg 453w,https://t00.deviantart.net/fT8NMOlUMzCkQDKCv2HRslvi7BM=/fit-in/800x400/filters:fixed_height(100,100):origin()/pre00/206c/th/pre/i/2017/071/7/e/plump_butt_tessis_by_plumpchu-db23wgv.jpg 518w,https://pre00.deviantart.net/206c/th/pre/i/2017/071/7/e/plump_butt_tessis_by_plumpchu-db23wgv.jpg 1017w&quot; sizes=&quot;150px&quot;&gt;&lt;/a&gt;&lt;/span&gt;&lt;!-- ^TTT --&gt;&lt;!-- TTT$ --&gt;&lt;/span&gt;&lt;br /&gt;&lt;br /&gt;Also, I am open for commissions.&lt;br /&gt;If you wish to know more, check out my commission journal!&lt;br /&gt;&lt;span class=&quot;shadow-holder&quot; data-embed-type=&quot;deviation&quot; data-embed-id=&quot;712262952&quot; data-embed-format=&quot;thumb&quot;&gt;&lt;span class=&quot;shadow mild&quot; &gt;&lt;a href=&quot;https://plumpchu.deviantart.com/journal/Plumpchu-is-OPEN-for-Commissions-712262952&quot; data-sigil=&quot;thumb&quot; class=&quot;thumb lit&quot; onmouseover=&quot;if (window.LitBox) LitBox.hover(this, true)&quot; onmouseout=&quot;if (window.LitBox) LitBox.out(this)&quot;&gt;&lt;i&gt;&lt;/i&gt;&lt;img class=&quot;lit journal&quot; src=&quot;https://st.deviantart.net/minish/gruzecontrol/icons/journal.gif?2&quot;&gt;&lt;span class=&quot;wrap&quot; style=&quot;width: 150px&quot;&gt;&lt;q&gt;
        &lt;strong&gt;Plumpchu is OPEN for Commissions!&lt;/strong&gt;&lt;b&gt;Plumpchu Commissions are back! :&amp;gt;&lt;/b&gt;&lt;br /&gt;&lt;i&gt;Let&#039;s draw some fatties! :3&lt;br /&gt;&lt;/i&gt;&lt;br /&gt;&lt;i&gt;Interested in commissioning me? Send me a Note, or e-mail me at plumpchu@gmail.com!&lt;/i&gt;&lt;br /&gt;&lt;b&gt;Cartoony Style!:&lt;br /&gt;&lt;/b&gt;35$ USD per character&lt;br /&gt;&lt;img src=&quot;https://t00.deviantart.net/qx3DTaFZrXGMoaYP9hgWlyQD15w=/fit-in/300x900/filters:no_upscale():origin()/pre00/28ba/th/pre/i/2016/324/1/9/princess_peach_the_fat_wife_by_plumpchu-da1m0cr.png&quot;class=&quot;gr-shrink thumb-in-thumb &quot;&gt;&lt;img src=&quot;https://t00.deviantart.net/1gLjuuF41k1gYpfSNx1y7K4Q4cA=/fit-in/300x900/filters:no_upscale():origin()/pre00/fc7f/th/pre/i/2016/122/2/a/muffet_the_muffin_by_plumpchu-da13bfv.png&quot;class=&quot;gr-shrink thumb-in-thumb &quot;&gt;&lt;img src=&quot;https://t00.deviantart.net/HP20FS0Si3hVpsGdRxDlEg_74wQ=/fit-in/300x900/filters:no_upscale():origin()/pre00/e23d/th/pre/i/2017/133/c/7/fat_hilda___pokemon_obese_edition_by_plumpchu-db939fe.jpg&quot;class=&quot;gr-shrink thumb-in-thumb &quot;&gt;&lt;img src=&quot;https://t00.deviantart.net/43DLIIXJlis5GrslNrhtBSu9XIY=/fit-in/300x900/filters:no_upscale():origin()/pre00/f1f0/th/pre/i/2017/143/9/2/fat_clover___a_passion_for_patties___totally_spies_by_plumpchu-db6jrlo.png&quot;class=&quot;gr-shrink thumb-in-thumb &quot;&gt;&lt;img src=&quot;https://t00.deviantart.net/j6Co_9hfiBrrPbelztE1kHSRxLg=/fit-in/300x900/filters:no_upscale():origin()/pre00/e588/th/pre/i/2017/303/b/3/fat_usagi___sailor_moon_obese_edition_by_plumpchu-dbs7xq1.jpg&quot;class=&quot;gr-shrink thumb-in-thumb &quot;&gt;&lt;br /&gt;&lt;b&gt;Painterly Style!:&lt;br /&gt;&lt;/b&gt;35$ USD per character&lt;br /&gt;&lt;img src=&quot;https://t00.deviantart.net/tKvJIPn0rNm0I--gfWN3IpiWzjc=/fit-in/300x900/filters:no_upscale():origin()/pre00/3d36/th/pre/i/2017/074/4/9/fat_d_va___overwatch_plumps_by_plumpchu-dau3il8.jpg&quot;class=&quot;gr-shrink thumb-in-thumb &quot;&gt;&lt;img src=&quot;https://t00.deviantart.net/j3nuBG8JH2uWbyKZ4jf9OYDYMH0=/fit-in/300x900/filters:no_upscale():origin()/pre00/d95d/th/pre/i/2017/019/7/a/fat_d_va_ii___overwatch_plumps_by_plumpchu-davziab.jpg&quot;class=&quot;gr-shrink thumb-in-thumb &quot;&gt;&lt;img src=&quot;https://t00.deviantart.net/62Seljun09lZRAG6kYhTGmvOGd0=/fit-in/300x900/filters:no_upscale():origin()/pre00/4f4c/th/pre/i/2016/350/9/c/fat_mario_princess_trio__peach_rosalina_and_daisy_by_plumpchu-darv3et.jpg&quot;class=&quot;gr-shrink thumb-in-thumb &quot;&gt;&lt;br /&gt;&lt;b&gt;I draw:&lt;/b&gt;&lt;br /&gt;- Humans, anthro, furry, monsters, anything!&amp;nbsp;&lt;br /&gt;- Any gender!&lt;br /&gt;- Any size, but preferably chubby or bigger. You can go as&amp;nbsp;&lt;b&gt;fat&lt;/b&gt;&amp;nbsp;as you want! &amp;lt;3&lt;br /&gt;- Fan art and OCs/original characters&lt;br /&gt;- Blueberry/Inflation&lt;br /&gt;-&amp;nbsp;&lt;b&gt;Many kinks, unless I&#039;m uncomfortable with it.&lt;/b&gt;&lt;br /&gt;&amp;nbsp;&lt;br /&gt;All payments are done through&amp;nbsp;&lt;b&gt;Paypal&lt;/b&gt;&amp;nbsp;and I only accept USD as currency.&lt;/q&gt;&lt;/span&gt;&lt;/a&gt;&lt;/span&gt;&lt;!-- ^TTT --&gt;&lt;!-- TTT$ --&gt;&lt;/span&gt;</media:description>            <media:thumbnail url="https://t00.deviantart.net/c3b5toX1oj8AkK3K_bvhwD1Zreg=/fit-in/150x150/filters:no_upscale():origin()/pre00/5035/th/pre/i/2017/315/3/d/fat_tessis___berserk_costume_obese_edition_by_plumpchu-dbteqig.jpg" height="150" width="123"/>            <media:thumbnail url="https://t00.deviantart.net/2vVuWwTXhXZFpSSbqiWw45AddRg=/fit-in/300x900/filters:no_upscale():origin()/pre00/5035/th/pre/i/2017/315/3/d/fat_tessis___berserk_costume_obese_edition_by_plumpchu-dbteqig.jpg" height="365" width="300"/>            <media:thumbnail url="https://t00.deviantart.net/fsKeg1OXduG__Cab8pPAvLuFQWU=/300x200/filters:fixed_height(100,100):origin()/pre00/5035/th/pre/i/2017/315/3/d/fat_tessis___berserk_costume_obese_edition_by_plumpchu-dbteqig.jpg" height="200" width="165"/>            <media:content url="https://pre00.deviantart.net/5035/th/pre/i/2017/315/3/d/fat_tessis___berserk_costume_obese_edition_by_plumpchu-dbteqig.jpg" height="985" width="811" medium="image"/>            
            <description>Commission for &lt;a target=&quot;_self&quot; href=&quot;https://blastshieldbuddy.deviantart.com/&quot; &gt;&lt;img class=&quot;avatar&quot; width=&quot;50&quot; height=&quot;50&quot; src=&quot;https://a.deviantart.net/avatars/b/l/blastshieldbuddy.jpg?1&quot; alt=&quot;:iconblastshieldbuddy:&quot; title=&quot;BlastShieldBuddy&quot; /&gt;&lt;/a&gt;&lt;br /&gt;of the ever-so-thicc Tessis, which belongs to BlastshieldBuddy (His OC)!&amp;nbsp; :&amp;gt;&amp;nbsp;&lt;br /&gt;&lt;br /&gt;&lt;br /&gt;Load of fun to come back to Tessis again, she&#039;s always a lot of wobbly joy to revisit!&lt;br /&gt;And what better way to revisit her, than to see her dressed in a Halloween costume! :3&lt;br /&gt;&lt;br /&gt;But, the spooks are not done yet, more to come very very soon!&amp;nbsp;&lt;br /&gt;&lt;br /&gt;More Tessis here:&lt;br /&gt;&lt;span class=&quot;shadow-holder&quot; data-embed-type=&quot;deviation&quot; data-embed-id=&quot;664527469&quot; data-embed-format=&quot;thumb&quot;&gt;&lt;span class=&quot;shadow mild&quot; &gt;&lt;a class=&quot;thumb&quot; href=&quot;https://plumpchu.deviantart.com/art/Fat-Tessis-Returns-664527469&quot; title=&quot;Fat Tessis Returns! by Plumpchu, Feb 19, 2017 in Manga &amp;amp; Anime &amp;gt; Digital Media &amp;gt; Drawings&quot;data-super-img=&quot;https://pre00.deviantart.net/9cd4/th/pre/i/2017/050/b/e/fat_tessis_returns__by_plumpchu-dazn4od.jpg&quot; data-super-width=&quot;805&quot; data-super-height=&quot;993&quot; data-super-transparent=&quot;false&quot; data-super-alt=&quot;Fat Tessis Returns! by Plumpchu&quot; data-super-full-img=&quot;https://img00.deviantart.net/a0ae/i/2017/050/b/e/fat_tessis_returns__by_plumpchu-dazn4od.jpg&quot; data-super-full-width=&quot;1024&quot; data-super-full-height=&quot;1263&quot;        data-sigil=&quot;thumb&quot;&gt;
        &lt;i&gt;&lt;/i&gt;&lt;img   width=&quot;122&quot; height=&quot;150&quot; alt=&quot;Fat Tessis Returns! by Plumpchu&quot; src=&quot;https://t00.deviantart.net/1fEM2PQzh5yYjJAQW4iZv11QVrQ=/fit-in/150x150/filters:no_upscale():origin()/pre00/9cd4/th/pre/i/2017/050/b/e/fat_tessis_returns__by_plumpchu-dazn4od.jpg&quot; data-src=&quot;https://t00.deviantart.net/1fEM2PQzh5yYjJAQW4iZv11QVrQ=/fit-in/150x150/filters:no_upscale():origin()/pre00/9cd4/th/pre/i/2017/050/b/e/fat_tessis_returns__by_plumpchu-dazn4od.jpg&quot; srcset=&quot;https://t00.deviantart.net/1fEM2PQzh5yYjJAQW4iZv11QVrQ=/fit-in/150x150/filters:no_upscale():origin()/pre00/9cd4/th/pre/i/2017/050/b/e/fat_tessis_returns__by_plumpchu-dazn4od.jpg 122w,https://t00.deviantart.net/xQ6rgmwQZhrKYJcu00XvBmXQwjw=/fit-in/700x350/filters:fixed_height(100,100):origin()/pre00/9cd4/th/pre/i/2017/050/b/e/fat_tessis_returns__by_plumpchu-dazn4od.jpg 284w,https://t00.deviantart.net/o4yS2xIr6eRn_1kkBAHQ79CoibM=/fit-in/800x400/filters:fixed_height(100,100):origin()/pre00/9cd4/th/pre/i/2017/050/b/e/fat_tessis_returns__by_plumpchu-dazn4od.jpg 324w,https://pre00.deviantart.net/9cd4/th/pre/i/2017/050/b/e/fat_tessis_returns__by_plumpchu-dazn4od.jpg 805w&quot; sizes=&quot;122px&quot;&gt;&lt;/a&gt;&lt;/span&gt;&lt;!-- ^TTT --&gt;&lt;!-- TTT$ --&gt;&lt;/span&gt;&lt;br /&gt;&lt;span class=&quot;shadow-holder&quot; data-embed-type=&quot;deviation&quot; data-embed-id=&quot;615283115&quot; data-embed-format=&quot;thumb&quot;&gt;&lt;span class=&quot;shadow mild&quot; &gt;&lt;a class=&quot;thumb&quot; href=&quot;https://plumpchu.deviantart.com/art/Plump-Tessis-615283115&quot; title=&quot;Plump Tessis by Plumpchu, Jun 14, 2016 in Manga &amp;amp; Anime &amp;gt; Digital Media &amp;gt; Drawings&quot;data-super-img=&quot;https://pre00.deviantart.net/d49f/th/pre/i/2016/166/c/1/plump_tessis_by_plumpchu-da6bnhn.png&quot; data-super-width=&quot;753&quot; data-super-height=&quot;1061&quot; data-super-transparent=&quot;true&quot; data-super-alt=&quot;Plump Tessis by Plumpchu&quot; data-super-full-img=&quot;https://img00.deviantart.net/5860/i/2016/166/c/1/plump_tessis_by_plumpchu-da6bnhn.png&quot; data-super-full-width=&quot;1024&quot; data-super-full-height=&quot;1443&quot;        data-sigil=&quot;thumb&quot;&gt;
        &lt;i&gt;&lt;/i&gt;&lt;img   width=&quot;106&quot; height=&quot;150&quot; alt=&quot;Plump Tessis by Plumpchu&quot; src=&quot;https://t00.deviantart.net/5fLqfDvPGenSsMf6KetoARcBQik=/fit-in/150x150/filters:no_upscale():origin()/pre00/d49f/th/pre/i/2016/166/c/1/plump_tessis_by_plumpchu-da6bnhn.png&quot; data-src=&quot;https://t00.deviantart.net/5fLqfDvPGenSsMf6KetoARcBQik=/fit-in/150x150/filters:no_upscale():origin()/pre00/d49f/th/pre/i/2016/166/c/1/plump_tessis_by_plumpchu-da6bnhn.png&quot; srcset=&quot;https://t00.deviantart.net/5fLqfDvPGenSsMf6KetoARcBQik=/fit-in/150x150/filters:no_upscale():origin()/pre00/d49f/th/pre/i/2016/166/c/1/plump_tessis_by_plumpchu-da6bnhn.png 106w,https://t00.deviantart.net/RUlX-dbz72N3eDDSVfPtBFE9m_g=/fit-in/700x350/filters:fixed_height(100,100):origin()/pre00/d49f/th/pre/i/2016/166/c/1/plump_tessis_by_plumpchu-da6bnhn.png 248w,https://t00.deviantart.net/6wti6eGbiwnAYpo0j6jPPMu-EfU=/fit-in/800x400/filters:fixed_height(100,100):origin()/pre00/d49f/th/pre/i/2016/166/c/1/plump_tessis_by_plumpchu-da6bnhn.png 284w,https://pre00.deviantart.net/d49f/th/pre/i/2016/166/c/1/plump_tessis_by_plumpchu-da6bnhn.png 753w&quot; sizes=&quot;106px&quot;&gt;&lt;/a&gt;&lt;/span&gt;&lt;!-- ^TTT --&gt;&lt;!-- TTT$ --&gt;&lt;/span&gt;&lt;br /&gt;&lt;span class=&quot;shadow-holder&quot; data-embed-type=&quot;deviation&quot; data-embed-id=&quot;689224374&quot; data-embed-format=&quot;thumb&quot;&gt;&lt;span class=&quot;shadow mild&quot; &gt;&lt;a class=&quot;thumb&quot; href=&quot;https://plumpchu.deviantart.com/art/Fat-Tessis-Butt-Struggles-of-a-Lifeguard-689224374&quot; title=&quot;Fat Tessis - Butt Struggles of a Lifeguard by Plumpchu, Jun 28, 2017 in Manga &amp;amp; Anime &amp;gt; Digital Media &amp;gt; Drawings&quot;data-super-img=&quot;https://img00.deviantart.net/be91/i/2017/179/d/7/fat_tessis___butt_struggles_of_a_lifeguard_by_plumpchu-dbecgxi.jpg&quot; data-super-width=&quot;800&quot; data-super-height=&quot;793&quot; data-super-transparent=&quot;false&quot; data-super-alt=&quot;Fat Tessis - Butt Struggles of a Lifeguard by Plumpchu&quot; data-super-full-img=&quot;https://img00.deviantart.net/be91/i/2017/179/d/7/fat_tessis___butt_struggles_of_a_lifeguard_by_plumpchu-dbecgxi.jpg&quot; data-super-full-width=&quot;800&quot; data-super-full-height=&quot;793&quot;        data-sigil=&quot;thumb&quot;&gt;
        &lt;i&gt;&lt;/i&gt;&lt;img   width=&quot;150&quot; height=&quot;149&quot; alt=&quot;Fat Tessis - Butt Struggles of a Lifeguard by Plumpchu&quot; src=&quot;https://t00.deviantart.net/5rjrLmBtTySHzVBykLYp2nvkao4=/fit-in/150x150/filters:no_upscale():origin()/pre00/41db/th/pre/i/2017/179/d/7/fat_tessis___butt_struggles_of_a_lifeguard_by_plumpchu-dbecgxi.jpg&quot; data-src=&quot;https://t00.deviantart.net/5rjrLmBtTySHzVBykLYp2nvkao4=/fit-in/150x150/filters:no_upscale():origin()/pre00/41db/th/pre/i/2017/179/d/7/fat_tessis___butt_struggles_of_a_lifeguard_by_plumpchu-dbecgxi.jpg&quot; srcset=&quot;https://t00.deviantart.net/5rjrLmBtTySHzVBykLYp2nvkao4=/fit-in/150x150/filters:no_upscale():origin()/pre00/41db/th/pre/i/2017/179/d/7/fat_tessis___butt_struggles_of_a_lifeguard_by_plumpchu-dbecgxi.jpg 150w,https://t00.deviantart.net/8ujk9dmJstbge0zGrNyi6i1HE-o=/fit-in/700x350/filters:fixed_height(100,100):origin()/pre00/41db/th/pre/i/2017/179/d/7/fat_tessis___butt_struggles_of_a_lifeguard_by_plumpchu-dbecgxi.jpg 353w,https://t00.deviantart.net/ttOMVM91Kqh64l7kSUpxmRu1Z0w=/fit-in/800x400/filters:fixed_height(100,100):origin()/pre00/41db/th/pre/i/2017/179/d/7/fat_tessis___butt_struggles_of_a_lifeguard_by_plumpchu-dbecgxi.jpg 404w,https://img00.deviantart.net/be91/i/2017/179/d/7/fat_tessis___butt_struggles_of_a_lifeguard_by_plumpchu-dbecgxi.jpg 800w&quot; sizes=&quot;150px&quot;&gt;&lt;/a&gt;&lt;/span&gt;&lt;!-- ^TTT --&gt;&lt;!-- TTT$ --&gt;&lt;/span&gt;&lt;br /&gt;&lt;span class=&quot;shadow-holder&quot; data-embed-type=&quot;deviation&quot; data-embed-id=&quot;640913756&quot; data-embed-format=&quot;thumb&quot;&gt;&lt;span class=&quot;shadow mild&quot; &gt;&lt;a class=&quot;thumb&quot; href=&quot;https://plumpchu.deviantart.com/art/Too-Fat-for-Pants-640913756&quot; title=&quot;Too Fat for Pants! by Plumpchu, Oct 18, 2016 in Manga &amp;amp; Anime &amp;gt; Digital Media &amp;gt; Drawings&quot;data-super-img=&quot;https://img00.deviantart.net/c960/i/2016/292/b/7/too_fat_for_pants__by_plumpchu-dall07w.png&quot; data-super-width=&quot;900&quot; data-super-height=&quot;887&quot; data-super-transparent=&quot;false&quot; data-super-alt=&quot;Too Fat for Pants! by Plumpchu&quot; data-super-full-img=&quot;https://img00.deviantart.net/c960/i/2016/292/b/7/too_fat_for_pants__by_plumpchu-dall07w.png&quot; data-super-full-width=&quot;900&quot; data-super-full-height=&quot;887&quot;        data-sigil=&quot;thumb&quot;&gt;
        &lt;i&gt;&lt;/i&gt;&lt;img   width=&quot;150&quot; height=&quot;148&quot; alt=&quot;Too Fat for Pants! by Plumpchu&quot; src=&quot;https://t00.deviantart.net/QNamx1LJH4QPoQXi1dLufAYlZVQ=/fit-in/150x150/filters:no_upscale():origin()/pre00/d67d/th/pre/i/2016/292/b/7/too_fat_for_pants__by_plumpchu-dall07w.png&quot; data-src=&quot;https://t00.deviantart.net/QNamx1LJH4QPoQXi1dLufAYlZVQ=/fit-in/150x150/filters:no_upscale():origin()/pre00/d67d/th/pre/i/2016/292/b/7/too_fat_for_pants__by_plumpchu-dall07w.png&quot; srcset=&quot;https://t00.deviantart.net/QNamx1LJH4QPoQXi1dLufAYlZVQ=/fit-in/150x150/filters:no_upscale():origin()/pre00/d67d/th/pre/i/2016/292/b/7/too_fat_for_pants__by_plumpchu-dall07w.png 150w,https://t00.deviantart.net/ZGVaHkMhpSuJhNIbPPqESDSP3HE=/fit-in/700x350/filters:fixed_height(100,100):origin()/pre00/d67d/th/pre/i/2016/292/b/7/too_fat_for_pants__by_plumpchu-dall07w.png 355w,https://t00.deviantart.net/CUMjDGsJJOdR-kRWtcp7XCTxYFc=/fit-in/800x400/filters:fixed_height(100,100):origin()/pre00/d67d/th/pre/i/2016/292/b/7/too_fat_for_pants__by_plumpchu-dall07w.png 406w,https://img00.deviantart.net/c960/i/2016/292/b/7/too_fat_for_pants__by_plumpchu-dall07w.png 900w&quot; sizes=&quot;150px&quot;&gt;&lt;/a&gt;&lt;/span&gt;&lt;!-- ^TTT --&gt;&lt;!-- TTT$ --&gt;&lt;/span&gt;&lt;br /&gt;&lt;span class=&quot;shadow-holder&quot; data-embed-type=&quot;deviation&quot; data-embed-id=&quot;668669215&quot; data-embed-format=&quot;thumb&quot;&gt;&lt;span class=&quot;shadow mild&quot; &gt;&lt;a class=&quot;thumb&quot; href=&quot;https://plumpchu.deviantart.com/art/Plump-Butt-Tessis-668669215&quot; title=&quot;Plump Butt Tessis by Plumpchu, Mar 12, 2017 in Manga &amp;amp; Anime &amp;gt; Digital Media &amp;gt; Drawings&quot;data-super-img=&quot;https://pre00.deviantart.net/206c/th/pre/i/2017/071/7/e/plump_butt_tessis_by_plumpchu-db23wgv.jpg&quot; data-super-width=&quot;1017&quot; data-super-height=&quot;786&quot; data-super-transparent=&quot;false&quot; data-super-alt=&quot;Plump Butt Tessis by Plumpchu&quot; data-super-full-img=&quot;https://img00.deviantart.net/a78c/i/2017/071/7/e/plump_butt_tessis_by_plumpchu-db23wgv.jpg&quot; data-super-full-width=&quot;1024&quot; data-super-full-height=&quot;791&quot;        data-sigil=&quot;thumb&quot;&gt;
        &lt;i&gt;&lt;/i&gt;&lt;img   width=&quot;150&quot; height=&quot;116&quot; alt=&quot;Plump Butt Tessis by Plumpchu&quot; src=&quot;https://t00.deviantart.net/9VID6rEbxWunETjjuuSYb92ADb0=/fit-in/150x150/filters:no_upscale():origin()/pre00/206c/th/pre/i/2017/071/7/e/plump_butt_tessis_by_plumpchu-db23wgv.jpg&quot; data-src=&quot;https://t00.deviantart.net/9VID6rEbxWunETjjuuSYb92ADb0=/fit-in/150x150/filters:no_upscale():origin()/pre00/206c/th/pre/i/2017/071/7/e/plump_butt_tessis_by_plumpchu-db23wgv.jpg&quot; srcset=&quot;https://t00.deviantart.net/9VID6rEbxWunETjjuuSYb92ADb0=/fit-in/150x150/filters:no_upscale():origin()/pre00/206c/th/pre/i/2017/071/7/e/plump_butt_tessis_by_plumpchu-db23wgv.jpg 150w,https://t00.deviantart.net/0QHM-Rr9cApWIYrVtSD1_Oc9P48=/fit-in/700x350/filters:fixed_height(100,100):origin()/pre00/206c/th/pre/i/2017/071/7/e/plump_butt_tessis_by_plumpchu-db23wgv.jpg 453w,https://t00.deviantart.net/fT8NMOlUMzCkQDKCv2HRslvi7BM=/fit-in/800x400/filters:fixed_height(100,100):origin()/pre00/206c/th/pre/i/2017/071/7/e/plump_butt_tessis_by_plumpchu-db23wgv.jpg 518w,https://pre00.deviantart.net/206c/th/pre/i/2017/071/7/e/plump_butt_tessis_by_plumpchu-db23wgv.jpg 1017w&quot; sizes=&quot;150px&quot;&gt;&lt;/a&gt;&lt;/span&gt;&lt;!-- ^TTT --&gt;&lt;!-- TTT$ --&gt;&lt;/span&gt;&lt;br /&gt;&lt;br /&gt;Also, I am open for commissions.&lt;br /&gt;If you wish to know more, check out my commission journal!&lt;br /&gt;&lt;span class=&quot;shadow-holder&quot; data-embed-type=&quot;deviation&quot; data-embed-id=&quot;712262952&quot; data-embed-format=&quot;thumb&quot;&gt;&lt;span class=&quot;shadow mild&quot; &gt;&lt;a href=&quot;https://plumpchu.deviantart.com/journal/Plumpchu-is-OPEN-for-Commissions-712262952&quot; data-sigil=&quot;thumb&quot; class=&quot;thumb lit&quot; onmouseover=&quot;if (window.LitBox) LitBox.hover(this, true)&quot; onmouseout=&quot;if (window.LitBox) LitBox.out(this)&quot;&gt;&lt;i&gt;&lt;/i&gt;&lt;img class=&quot;lit journal&quot; src=&quot;https://st.deviantart.net/minish/gruzecontrol/icons/journal.gif?2&quot;&gt;&lt;span class=&quot;wrap&quot; style=&quot;width: 150px&quot;&gt;&lt;q&gt;
        &lt;strong&gt;Plumpchu is OPEN for Commissions!&lt;/strong&gt;&lt;b&gt;Plumpchu Commissions are back! :&amp;gt;&lt;/b&gt;&lt;br /&gt;&lt;i&gt;Let&#039;s draw some fatties! :3&lt;br /&gt;&lt;/i&gt;&lt;br /&gt;&lt;i&gt;Interested in commissioning me? Send me a Note, or e-mail me at plumpchu@gmail.com!&lt;/i&gt;&lt;br /&gt;&lt;b&gt;Cartoony Style!:&lt;br /&gt;&lt;/b&gt;35$ USD per character&lt;br /&gt;&lt;img src=&quot;https://t00.deviantart.net/qx3DTaFZrXGMoaYP9hgWlyQD15w=/fit-in/300x900/filters:no_upscale():origin()/pre00/28ba/th/pre/i/2016/324/1/9/princess_peach_the_fat_wife_by_plumpchu-da1m0cr.png&quot;class=&quot;gr-shrink thumb-in-thumb &quot;&gt;&lt;img src=&quot;https://t00.deviantart.net/1gLjuuF41k1gYpfSNx1y7K4Q4cA=/fit-in/300x900/filters:no_upscale():origin()/pre00/fc7f/th/pre/i/2016/122/2/a/muffet_the_muffin_by_plumpchu-da13bfv.png&quot;class=&quot;gr-shrink thumb-in-thumb &quot;&gt;&lt;img src=&quot;https://t00.deviantart.net/HP20FS0Si3hVpsGdRxDlEg_74wQ=/fit-in/300x900/filters:no_upscale():origin()/pre00/e23d/th/pre/i/2017/133/c/7/fat_hilda___pokemon_obese_edition_by_plumpchu-db939fe.jpg&quot;class=&quot;gr-shrink thumb-in-thumb &quot;&gt;&lt;img src=&quot;https://t00.deviantart.net/43DLIIXJlis5GrslNrhtBSu9XIY=/fit-in/300x900/filters:no_upscale():origin()/pre00/f1f0/th/pre/i/2017/143/9/2/fat_clover___a_passion_for_patties___totally_spies_by_plumpchu-db6jrlo.png&quot;class=&quot;gr-shrink thumb-in-thumb &quot;&gt;&lt;img src=&quot;https://t00.deviantart.net/j6Co_9hfiBrrPbelztE1kHSRxLg=/fit-in/300x900/filters:no_upscale():origin()/pre00/e588/th/pre/i/2017/303/b/3/fat_usagi___sailor_moon_obese_edition_by_plumpchu-dbs7xq1.jpg&quot;class=&quot;gr-shrink thumb-in-thumb &quot;&gt;&lt;br /&gt;&lt;b&gt;Painterly Style!:&lt;br /&gt;&lt;/b&gt;35$ USD per character&lt;br /&gt;&lt;img src=&quot;https://t00.deviantart.net/tKvJIPn0rNm0I--gfWN3IpiWzjc=/fit-in/300x900/filters:no_upscale():origin()/pre00/3d36/th/pre/i/2017/074/4/9/fat_d_va___overwatch_plumps_by_plumpchu-dau3il8.jpg&quot;class=&quot;gr-shrink thumb-in-thumb &quot;&gt;&lt;img src=&quot;https://t00.deviantart.net/j3nuBG8JH2uWbyKZ4jf9OYDYMH0=/fit-in/300x900/filters:no_upscale():origin()/pre00/d95d/th/pre/i/2017/019/7/a/fat_d_va_ii___overwatch_plumps_by_plumpchu-davziab.jpg&quot;class=&quot;gr-shrink thumb-in-thumb &quot;&gt;&lt;img src=&quot;https://t00.deviantart.net/62Seljun09lZRAG6kYhTGmvOGd0=/fit-in/300x900/filters:no_upscale():origin()/pre00/4f4c/th/pre/i/2016/350/9/c/fat_mario_princess_trio__peach_rosalina_and_daisy_by_plumpchu-darv3et.jpg&quot;class=&quot;gr-shrink thumb-in-thumb &quot;&gt;&lt;br /&gt;&lt;b&gt;I draw:&lt;/b&gt;&lt;br /&gt;- Humans, anthro, furry, monsters, anything!&amp;nbsp;&lt;br /&gt;- Any gender!&lt;br /&gt;- Any size, but preferably chubby or bigger. You can go as&amp;nbsp;&lt;b&gt;fat&lt;/b&gt;&amp;nbsp;as you want! &amp;lt;3&lt;br /&gt;- Fan art and OCs/original characters&lt;br /&gt;- Blueberry/Inflation&lt;br /&gt;-&amp;nbsp;&lt;b&gt;Many kinks, unless I&#039;m uncomfortable with it.&lt;/b&gt;&lt;br /&gt;&amp;nbsp;&lt;br /&gt;All payments are done through&amp;nbsp;&lt;b&gt;Paypal&lt;/b&gt;&amp;nbsp;and I only accept USD as currency.&lt;/q&gt;&lt;/span&gt;&lt;/a&gt;&lt;/span&gt;&lt;!-- ^TTT --&gt;&lt;!-- TTT$ --&gt;&lt;/span&gt;&lt;br /&gt;&lt;div&gt;&lt;img src=&quot;https://t00.deviantart.net/fsKeg1OXduG__Cab8pPAvLuFQWU=/300x200/filters:fixed_height(100,100):origin()/pre00/5035/th/pre/i/2017/315/3/d/fat_tessis___berserk_costume_obese_edition_by_plumpchu-dbteqig.jpg&quot; alt=&quot;thumbnail&quot; /&gt;&lt;/div&gt;</description>            </item>
                    <item>
                <title>-THE FIGHT-</title>
                <link>https://dragonflyempress.deviantart.com/art/THE-FIGHT-582414078</link>
                <guid isPermaLink="true">https://dragonflyempress.deviantart.com/art/THE-FIGHT-582414078</guid>
                <pubDate>Mon, 04 Jan 2016 13:14:28 PST</pubDate>
                        <media:title type="plain">-THE FIGHT-</media:title>
        <media:keywords></media:keywords>
                        <media:rating>nonadult</media:rating>
                <media:category label="Other">digitalart/paintings/other</media:category>
        <media:credit role="author" scheme="urn:ebu">DragonflyEmpress</media:credit>
        <media:credit role="author" scheme="urn:ebu">https://a.deviantart.net/avatars/d/r/dragonflyempress.png?5</media:credit>
        <media:copyright url="https://dragonflyempress.deviantart.com">Copyright 2016-2019 DragonflyEmpress</media:copyright>            <media:description type="html">THIS IS THE BEST DRAWING I&#039;VE DONE IN MY LIFE &lt;a target=&quot;_self&quot; href=&quot;http://ohmygodwhyplz.deviantart.com/&quot; &gt;&lt;img class=&quot;avatar&quot; width=&quot;50&quot; height=&quot;50&quot; src=&quot;http://a.deviantart.net/avatars/o/h/ohmygodwhyplz.jpg?1&quot; alt=&quot;:iconohmygodwhyplz:&quot; title=&quot;OHMYGODWHYplz&quot; /&gt;&lt;/a&gt; &lt;a target=&quot;_self&quot; href=&quot;http://sparklesplz.deviantart.com/&quot; &gt;&lt;img class=&quot;avatar&quot; width=&quot;50&quot; height=&quot;50&quot; src=&quot;http://a.deviantart.net/avatars/s/p/sparklesplz.gif?1&quot; alt=&quot;:iconsparklesplz:&quot; title=&quot;sparklesplz&quot; /&gt;&lt;/a&gt;&lt;br /&gt;This is a christmas gift for my boyfriend :&#039;D His OC Adam and his waifu (or husbando) Guts from Berserk&lt;br /&gt;&lt;br /&gt;I suck at making background, but I&#039;m pretty proud of it ;w;&lt;br /&gt;&lt;br /&gt;Adam (left) - my boyfriend&lt;br /&gt;Guts (right) - Kentaro Miura</media:description>            <media:thumbnail url="https://t00.deviantart.net/8b974FqiB4lpxJUFwYw33UVN9dA=/fit-in/150x150/filters:no_upscale():origin()/pre00/dfe5/th/pre/i/2016/004/5/1/_the_fight__by_dragonflyempress-d9mr5ku.png" height="115" width="150"/>            <media:thumbnail url="https://t00.deviantart.net/roJ11QyeaZ6drzF18sirthlPqXQ=/fit-in/300x900/filters:no_upscale():origin()/pre00/dfe5/th/pre/i/2016/004/5/1/_the_fight__by_dragonflyempress-d9mr5ku.png" height="231" width="300"/>            <media:thumbnail url="https://t00.deviantart.net/qoBpm1uy8_yS_1EAfZzvm2D7gDg=/300x200/filters:fixed_height(100,100):origin()/pre00/dfe5/th/pre/i/2016/004/5/1/_the_fight__by_dragonflyempress-d9mr5ku.png" height="200" width="260"/>            <media:content url="https://pre00.deviantart.net/dfe5/th/pre/i/2016/004/5/1/_the_fight__by_dragonflyempress-d9mr5ku.png" height="784" width="1019" medium="image"/>            
            <description>THIS IS THE BEST DRAWING I&#039;VE DONE IN MY LIFE &lt;a target=&quot;_self&quot; href=&quot;http://ohmygodwhyplz.deviantart.com/&quot; &gt;&lt;img class=&quot;avatar&quot; width=&quot;50&quot; height=&quot;50&quot; src=&quot;http://a.deviantart.net/avatars/o/h/ohmygodwhyplz.jpg?1&quot; alt=&quot;:iconohmygodwhyplz:&quot; title=&quot;OHMYGODWHYplz&quot; /&gt;&lt;/a&gt; &lt;a target=&quot;_self&quot; href=&quot;http://sparklesplz.deviantart.com/&quot; &gt;&lt;img class=&quot;avatar&quot; width=&quot;50&quot; height=&quot;50&quot; src=&quot;http://a.deviantart.net/avatars/s/p/sparklesplz.gif?1&quot; alt=&quot;:iconsparklesplz:&quot; title=&quot;sparklesplz&quot; /&gt;&lt;/a&gt;&lt;br /&gt;This is a christmas gift for my boyfriend :&#039;D His OC Adam and his waifu (or husbando) Guts from Berserk&lt;br /&gt;&lt;br /&gt;I suck at making background, but I&#039;m pretty proud of it ;w;&lt;br /&gt;&lt;br /&gt;Adam (left) - my boyfriend&lt;br /&gt;Guts (right) - Kentaro Miura&lt;br /&gt;&lt;div&gt;&lt;img src=&quot;https://t00.deviantart.net/qoBpm1uy8_yS_1EAfZzvm2D7gDg=/300x200/filters:fixed_height(100,100):origin()/pre00/dfe5/th/pre/i/2016/004/5/1/_the_fight__by_dragonflyempress-d9mr5ku.png&quot; alt=&quot;thumbnail&quot; /&gt;&lt;/div&gt;</description>            </item>
            </channel>
</rss>