<?xml version="1.0" encoding="utf-8"?>
<rss version="2.0" xmlns:media="http://search.yahoo.com/mrss/" xmlns:atom="http://www.w3.org/2005/Atom" xmlns:creativeCommons="http://backend.userland.com/creativeCommonsRssModule">
    <channel>
        <title>DeviantArt: Newest Tag:rhyno</title>
        <link>https://www.deviantart.com/newest/?q=tag%3Arhyno</link>
        <description>DeviantArt RSS for Newest Tag:rhyno</description>
        <language>en-us</language>
        <copyright>Copyright 2019, DeviantArt.com</copyright>
        <pubDate>Sun, 27 Jan 2019 12:27:54 PST</pubDate>

        <generator>DeviantArt.com</generator>
        <docs>http://blogs.law.harvard.edu/tech/rss</docs>
        <atom:icon>https://st.deviantart.net/minish/touch-icons/android-192.png</atom:icon>
        <atom:link type="application/rss+xml" rel="self" href="https://backend.deviantart.com/rss.xml?type=deviation&amp;q=tag%3Arhyno&amp;order=5" />
        <atom:link rel="next" href="https://backend.deviantart.com/rss.xml?type=deviation&amp;q=tag%3Arhyno&amp;order=5&amp;offset=60" />
                    <item>
                <title>Sinister Six- NORMAL DAY [Shitpost]</title>
                <link>https://eastereggbrr.deviantart.com/art/Sinister-Six-NORMAL-DAY-Shitpost-779587926</link>
                <guid isPermaLink="true">https://eastereggbrr.deviantart.com/art/Sinister-Six-NORMAL-DAY-Shitpost-779587926</guid>
                <pubDate>Thu, 03 Jan 2019 17:20:50 PST</pubDate>
                        <media:title type="plain">Sinister Six- NORMAL DAY [Shitpost]</media:title>
        <media:keywords></media:keywords>
                        <media:rating>nonadult</media:rating>
                <media:category label="Movies &amp; TV">fanart/digital/drawings/movies</media:category>
        <media:credit role="author" scheme="urn:ebu">EasterEggBRR</media:credit>
        <media:credit role="author" scheme="urn:ebu">https://a.deviantart.net/avatars/e/a/eastereggbrr.png?2</media:credit>
        <media:copyright url="https://eastereggbrr.deviantart.com">Copyright 2019 EasterEggBRR</media:copyright>             <creativeCommons:license>http://creativecommons.org/licenses/by-nc-nd/3.0/</creativeCommons:license>
                <media:description type="html">AAA</media:description>            <media:thumbnail url="https://t00.deviantart.net/G9UIV9i7cVvyC2TImrTEm-Fm5cs=/fit-in/150x150/filters:no_upscale():origin()/pre00/7156/th/pre/i/2019/003/a/a/sinister_six__normal_day__shitpost__by_eastereggbrr-dcw59w6.png" height="113" width="150"/>            <media:thumbnail url="https://t00.deviantart.net/26HE1aSeLzJdZbLoowp9PB9raTs=/fit-in/300x900/filters:no_upscale():origin()/pre00/7156/th/pre/i/2019/003/a/a/sinister_six__normal_day__shitpost__by_eastereggbrr-dcw59w6.png" height="225" width="300"/>            <media:thumbnail url="https://t00.deviantart.net/TkRdcwpKENCpchnjAPUzgtX68aA=/300x200/filters:fixed_height(100,100):origin()/pre00/7156/th/pre/i/2019/003/a/a/sinister_six__normal_day__shitpost__by_eastereggbrr-dcw59w6.png" height="200" width="267"/>            <media:content url="https://img00.deviantart.net/c0cd/i/2019/003/a/a/sinister_six__normal_day__shitpost__by_eastereggbrr-dcw59w6.png" height="768" width="1024" medium="image"/>            
            <description>AAA&lt;br /&gt;&lt;div&gt;&lt;img src=&quot;https://t00.deviantart.net/TkRdcwpKENCpchnjAPUzgtX68aA=/300x200/filters:fixed_height(100,100):origin()/pre00/7156/th/pre/i/2019/003/a/a/sinister_six__normal_day__shitpost__by_eastereggbrr-dcw59w6.png&quot; alt=&quot;thumbnail&quot; /&gt;&lt;/div&gt;</description>            </item>
                    <item>
                <title>Slater and Rhyno RAW Tag Team Champions</title>
                <link>https://brunoradkephotoshop.deviantart.com/art/Slater-and-Rhyno-RAW-Tag-Team-Champions-779488265</link>
                <guid isPermaLink="true">https://brunoradkephotoshop.deviantart.com/art/Slater-and-Rhyno-RAW-Tag-Team-Champions-779488265</guid>
                <pubDate>Thu, 03 Jan 2019 02:18:15 PST</pubDate>
                        <media:title type="plain">Slater and Rhyno RAW Tag Team Champions</media:title>
        <media:keywords></media:keywords>
                        <media:rating>nonadult</media:rating>
                <media:category label="Human &amp; Humanoid">resources/stockart/3drenders/human</media:category>
        <media:credit role="author" scheme="urn:ebu">BrunoRadkePHOTOSHOP</media:credit>
        <media:credit role="author" scheme="urn:ebu">https://a.deviantart.net/avatars/b/r/brunoradkephotoshop.jpg?11</media:credit>
        <media:copyright url="https://brunoradkephotoshop.deviantart.com">Copyright 2019 BrunoRadkePHOTOSHOP</media:copyright>            <media:description type="html"></media:description>            <media:thumbnail url="https://t00.deviantart.net/5mmUZMx-_gQdljhZNhLvVzC6m2U=/fit-in/150x150/filters:no_upscale():origin()/pre00/fbeb/th/pre/f/2019/003/e/9/slater_and_rhyno_raw_tag_team_champions_by_brunoradkephotoshop-dcw34zt.png" height="101" width="150"/>            <media:thumbnail url="https://t00.deviantart.net/yww-2E5lUQu0PQr9xQew0UtMJoM=/fit-in/300x900/filters:no_upscale():origin()/pre00/fbeb/th/pre/f/2019/003/e/9/slater_and_rhyno_raw_tag_team_champions_by_brunoradkephotoshop-dcw34zt.png" height="203" width="300"/>            <media:thumbnail url="https://t00.deviantart.net/U1uro_r1kdSaEoJcBcRkxdot7Qs=/300x200/filters:fixed_height(100,100):origin()/pre00/fbeb/th/pre/f/2019/003/e/9/slater_and_rhyno_raw_tag_team_champions_by_brunoradkephotoshop-dcw34zt.png" height="200" width="296"/>            <media:content url="https://pre00.deviantart.net/fbeb/th/pre/f/2019/003/e/9/slater_and_rhyno_raw_tag_team_champions_by_brunoradkephotoshop-dcw34zt.png" height="735" width="1088" medium="image"/>            
            <description>&lt;br /&gt;&lt;div&gt;&lt;img src=&quot;https://t00.deviantart.net/U1uro_r1kdSaEoJcBcRkxdot7Qs=/300x200/filters:fixed_height(100,100):origin()/pre00/fbeb/th/pre/f/2019/003/e/9/slater_and_rhyno_raw_tag_team_champions_by_brunoradkephotoshop-dcw34zt.png&quot; alt=&quot;thumbnail&quot; /&gt;&lt;/div&gt;</description>            </item>
                    <item>
                <title>Rhyno RAW Tag Team Champion</title>
                <link>https://brunoradkephotoshop.deviantart.com/art/Rhyno-RAW-Tag-Team-Champion-779487947</link>
                <guid isPermaLink="true">https://brunoradkephotoshop.deviantart.com/art/Rhyno-RAW-Tag-Team-Champion-779487947</guid>
                <pubDate>Thu, 03 Jan 2019 02:14:04 PST</pubDate>
                        <media:title type="plain">Rhyno RAW Tag Team Champion</media:title>
        <media:keywords></media:keywords>
                        <media:rating>nonadult</media:rating>
                <media:category label="Human &amp; Humanoid">resources/stockart/3drenders/human</media:category>
        <media:credit role="author" scheme="urn:ebu">BrunoRadkePHOTOSHOP</media:credit>
        <media:credit role="author" scheme="urn:ebu">https://a.deviantart.net/avatars/b/r/brunoradkephotoshop.jpg?11</media:credit>
        <media:copyright url="https://brunoradkephotoshop.deviantart.com">Copyright 2019 BrunoRadkePHOTOSHOP</media:copyright>            <media:description type="html"></media:description>            <media:thumbnail url="https://t00.deviantart.net/Y6wAOOpBVF97qcDw8Z4XkV-bDnU=/fit-in/150x150/filters:no_upscale():origin()/pre00/a154/th/pre/f/2019/003/4/d/rhyno_raw_tag_team_champion_by_brunoradkephotoshop-dcw34qz.png" height="134" width="150"/>            <media:thumbnail url="https://t00.deviantart.net/1E1w3h2R_dbAgXrR0uIUD_Mb_NE=/fit-in/300x900/filters:no_upscale():origin()/pre00/a154/th/pre/f/2019/003/4/d/rhyno_raw_tag_team_champion_by_brunoradkephotoshop-dcw34qz.png" height="267" width="300"/>            <media:thumbnail url="https://t00.deviantart.net/7TVD7-5yjBJva8KWzVCMtjrvXno=/300x200/filters:fixed_height(100,100):origin()/pre00/a154/th/pre/f/2019/003/4/d/rhyno_raw_tag_team_champion_by_brunoradkephotoshop-dcw34qz.png" height="200" width="224"/>            <media:content url="https://pre00.deviantart.net/a154/th/pre/f/2019/003/4/d/rhyno_raw_tag_team_champion_by_brunoradkephotoshop-dcw34qz.png" height="844" width="947" medium="image"/>            
            <description>&lt;br /&gt;&lt;div&gt;&lt;img src=&quot;https://t00.deviantart.net/7TVD7-5yjBJva8KWzVCMtjrvXno=/300x200/filters:fixed_height(100,100):origin()/pre00/a154/th/pre/f/2019/003/4/d/rhyno_raw_tag_team_champion_by_brunoradkephotoshop-dcw34qz.png&quot; alt=&quot;thumbnail&quot; /&gt;&lt;/div&gt;</description>            </item>
                    <item>
                <title>Chimereon MYO - Pending</title>
                <link>https://champurrito.deviantart.com/art/Chimereon-MYO-Pending-774795209</link>
                <guid isPermaLink="true">https://champurrito.deviantart.com/art/Chimereon-MYO-Pending-774795209</guid>
                <pubDate>Fri, 30 Nov 2018 16:36:37 PST</pubDate>
                        <media:title type="plain">Chimereon MYO - Pending</media:title>
        <media:keywords></media:keywords>
                        <media:rating>nonadult</media:rating>
                <media:category label="Other">digitalart/paintings/other</media:category>
        <media:credit role="author" scheme="urn:ebu">Champurrito</media:credit>
        <media:credit role="author" scheme="urn:ebu">https://a.deviantart.net/avatars/c/h/champurrito.gif?8</media:credit>
        <media:copyright url="https://champurrito.deviantart.com">Copyright 2018-2019 Champurrito</media:copyright>            <media:description type="html">&lt;b&gt;Edited to fit needs for approval &lt;/b&gt;&lt;br /&gt;My shading style was not ideal as it looked like gradients,&lt;br /&gt;so here is a simpler flat-colored version (sometimes I forget flat-colored refs are a must).&lt;br /&gt;Found it was easier to make a new quick ref rather than editing the original one &lt;br /&gt;(No access to computer and also the original was on a single layer -sweats).&lt;br /&gt;&lt;br /&gt;sorry if it&amp;#8217;s not better than the original one but I can&amp;#8217;t put up too much time when I&amp;#8217;m in the middle of a project. Also procreate + mobile _(:3 &amp;#12301;&amp;#8736;)_&amp;nbsp;&lt;br /&gt;&lt;br /&gt;- -&lt;br /&gt;Name: Rhyno&lt;br /&gt;Gender: ???&lt;br /&gt;Type: Mammalian Chimereon&lt;br /&gt;- All common traits (hopefully).&lt;br /&gt;&lt;br /&gt;Likes:&lt;br /&gt;- puns and jokes&lt;br /&gt;- jam, and most sweet stuff&lt;br /&gt;&lt;br /&gt;Dislikes:&lt;br /&gt;- crowded spaces (give &#039;em some space yo)&lt;br /&gt;- others being too serious&lt;br /&gt;&lt;br /&gt;--&lt;br /&gt;&lt;a target=&quot;_self&quot; href=&quot;https://www.deviantart.com/chimereons&quot; &gt;&lt;img class=&quot;avatar group&quot; width=&quot;100&quot; height=&quot;50&quot; src=&quot;https://a.deviantart.net/avatars/c/h/chimereons.png?3&quot; alt=&quot;:iconchimereons:&quot; title=&quot;Chimereons&quot; /&gt;&lt;/a&gt;&lt;br /&gt;Chimereons by @/ground-lion&lt;br /&gt;Design -&amp;gt; me</media:description>            <media:thumbnail url="https://t00.deviantart.net/xhLcu4_j6mNNU6MCUGckvKF2L0A=/fit-in/150x150/filters:no_upscale():origin()/pre00/a7ff/th/pre/f/2018/335/f/f/chimereon_myo___pending_by_champurrito-dctajt5.png" height="150" width="148"/>            <media:thumbnail url="https://t00.deviantart.net/nWG70PTrKnitIwyGBFTnOrRdTQQ=/fit-in/300x900/filters:no_upscale():origin()/pre00/a7ff/th/pre/f/2018/335/f/f/chimereon_myo___pending_by_champurrito-dctajt5.png" height="304" width="300"/>            <media:thumbnail url="https://t00.deviantart.net/G3KlbA9CItuLk8TXao1I36Vs9pE=/300x200/filters:fixed_height(100,100):origin()/pre00/a7ff/th/pre/f/2018/335/f/f/chimereon_myo___pending_by_champurrito-dctajt5.png" height="200" width="198"/>            <media:content url="https://orig00.deviantart.net/2e77/f/2018/335/f/f/chimereon_myo___pending_by_champurrito-dctajt5.png" height="834" width="824" medium="image"/>            
            <description>&lt;b&gt;Edited to fit needs for approval &lt;/b&gt;&lt;br /&gt;My shading style was not ideal as it looked like gradients,&lt;br /&gt;so here is a simpler flat-colored version (sometimes I forget flat-colored refs are a must).&lt;br /&gt;Found it was easier to make a new quick ref rather than editing the original one &lt;br /&gt;(No access to computer and also the original was on a single layer -sweats).&lt;br /&gt;&lt;br /&gt;sorry if it&amp;#8217;s not better than the original one but I can&amp;#8217;t put up too much time when I&amp;#8217;m in the middle of a project. Also procreate + mobile _(:3 &amp;#12301;&amp;#8736;)_&amp;nbsp;&lt;br /&gt;&lt;br /&gt;- -&lt;br /&gt;Name: Rhyno&lt;br /&gt;Gender: ???&lt;br /&gt;Type: Mammalian Chimereon&lt;br /&gt;- All common traits (hopefully).&lt;br /&gt;&lt;br /&gt;Likes:&lt;br /&gt;- puns and jokes&lt;br /&gt;- jam, and most sweet stuff&lt;br /&gt;&lt;br /&gt;Dislikes:&lt;br /&gt;- crowded spaces (give &#039;em some space yo)&lt;br /&gt;- others being too serious&lt;br /&gt;&lt;br /&gt;--&lt;br /&gt;&lt;a target=&quot;_self&quot; href=&quot;https://www.deviantart.com/chimereons&quot; &gt;&lt;img class=&quot;avatar group&quot; width=&quot;100&quot; height=&quot;50&quot; src=&quot;https://a.deviantart.net/avatars/c/h/chimereons.png?3&quot; alt=&quot;:iconchimereons:&quot; title=&quot;Chimereons&quot; /&gt;&lt;/a&gt;&lt;br /&gt;Chimereons by @/ground-lion&lt;br /&gt;Design -&amp;gt; me&lt;br /&gt;&lt;div&gt;&lt;img src=&quot;https://t00.deviantart.net/G3KlbA9CItuLk8TXao1I36Vs9pE=/300x200/filters:fixed_height(100,100):origin()/pre00/a7ff/th/pre/f/2018/335/f/f/chimereon_myo___pending_by_champurrito-dctajt5.png&quot; alt=&quot;thumbnail&quot; /&gt;&lt;/div&gt;</description>            </item>
                    <item>
                <title>Laga vs Rhyno [2/2]</title>
                <link>https://kanamichi-kun.deviantart.com/art/Laga-vs-Rhyno-2-2-774332576</link>
                <guid isPermaLink="true">https://kanamichi-kun.deviantart.com/art/Laga-vs-Rhyno-2-2-774332576</guid>
                <pubDate>Tue, 27 Nov 2018 05:57:05 PST</pubDate>
                        <media:title type="plain">Laga vs Rhyno [2/2]</media:title>
        <media:keywords></media:keywords>
                        <media:rating>nonadult</media:rating>
                <media:category label="Animals">anthro/digital/drawings/animals</media:category>
        <media:credit role="author" scheme="urn:ebu">Kanamichi-Kun</media:credit>
        <media:credit role="author" scheme="urn:ebu">https://a.deviantart.net/avatars/k/a/kanamichi-kun.png?12</media:credit>
        <media:copyright url="https://kanamichi-kun.deviantart.com">Copyright 2018-2019 Kanamichi-Kun</media:copyright>             <creativeCommons:license>http://creativecommons.org/licenses/by-nc-nd/3.0/</creativeCommons:license>
                <media:description type="html">The first part: &lt;a href=&quot;http://fav.me/dcstypz&quot;&gt;fav.me/dcstypz&lt;/a&gt;&lt;br /&gt;&lt;br /&gt;Featuring &lt;a target=&quot;_self&quot; href=&quot;https://www.deviantart.com/daikunz&quot; &gt;&lt;img class=&quot;avatar&quot; width=&quot;50&quot; height=&quot;50&quot; src=&quot;https://a.deviantart.net/avatars/d/a/daikunz.png?13&quot; alt=&quot;:icondaikunz:&quot; title=&quot;DaiKunz&quot; /&gt;&lt;/a&gt; &#039;s gecko boi (right)&lt;br /&gt;&lt;br /&gt;&lt;hr/&gt;&lt;br /&gt;&lt;br /&gt;&lt;span&gt;After exchanging few leathers, the shorter but sturdier gecko delivers a punch to the lynx&#039;s gut as the payback for the gutpunch the lynx delivered before&lt;/span&gt;&lt;br /&gt;&lt;br /&gt;&lt;span&gt;While it may seem not to have the effect, it does proven to be quite effective for the gecko&#039;s fist is digging into the lynx&#039;s gut.&lt;/span&gt;&lt;br /&gt;&lt;br /&gt;&lt;span&gt;Knowing his opponent is a tough one, the lynx smirks while taking the punch to his gut&lt;/span&gt;</media:description>            <media:thumbnail url="https://t00.deviantart.net/Ric6PKZiMpm0TP9F9okQdNOMmOY=/fit-in/150x150/filters:no_upscale():origin()/pre00/a5bf/th/pre/i/2018/331/7/8/laga_vs_rhyno__2_2__by_kanamichi_kun-dct0mu8.jpg" height="133" width="150"/>            <media:thumbnail url="https://t00.deviantart.net/TUAQfl02Nr2yUxZWPFfuzQdL8kY=/fit-in/300x900/filters:no_upscale():origin()/pre00/a5bf/th/pre/i/2018/331/7/8/laga_vs_rhyno__2_2__by_kanamichi_kun-dct0mu8.jpg" height="267" width="300"/>            <media:thumbnail url="https://t00.deviantart.net/HDCFwb3KaPT__88VeDF4tINyxxI=/300x200/filters:fixed_height(100,100):origin()/pre00/a5bf/th/pre/i/2018/331/7/8/laga_vs_rhyno__2_2__by_kanamichi_kun-dct0mu8.jpg" height="200" width="225"/>            <media:content url="https://pre00.deviantart.net/a5bf/th/pre/i/2018/331/7/8/laga_vs_rhyno__2_2__by_kanamichi_kun-dct0mu8.jpg" height="843" width="948" medium="image"/>            
            <description>The first part: &lt;a href=&quot;http://fav.me/dcstypz&quot;&gt;fav.me/dcstypz&lt;/a&gt;&lt;br /&gt;&lt;br /&gt;Featuring &lt;a target=&quot;_self&quot; href=&quot;https://www.deviantart.com/daikunz&quot; &gt;&lt;img class=&quot;avatar&quot; width=&quot;50&quot; height=&quot;50&quot; src=&quot;https://a.deviantart.net/avatars/d/a/daikunz.png?13&quot; alt=&quot;:icondaikunz:&quot; title=&quot;DaiKunz&quot; /&gt;&lt;/a&gt; &#039;s gecko boi (right)&lt;br /&gt;&lt;br /&gt;&lt;hr/&gt;&lt;br /&gt;&lt;br /&gt;&lt;span&gt;After exchanging few leathers, the shorter but sturdier gecko delivers a punch to the lynx&#039;s gut as the payback for the gutpunch the lynx delivered before&lt;/span&gt;&lt;br /&gt;&lt;br /&gt;&lt;span&gt;While it may seem not to have the effect, it does proven to be quite effective for the gecko&#039;s fist is digging into the lynx&#039;s gut.&lt;/span&gt;&lt;br /&gt;&lt;br /&gt;&lt;span&gt;Knowing his opponent is a tough one, the lynx smirks while taking the punch to his gut&lt;/span&gt;&lt;br /&gt;&lt;div&gt;&lt;img src=&quot;https://t00.deviantart.net/HDCFwb3KaPT__88VeDF4tINyxxI=/300x200/filters:fixed_height(100,100):origin()/pre00/a5bf/th/pre/i/2018/331/7/8/laga_vs_rhyno__2_2__by_kanamichi_kun-dct0mu8.jpg&quot; alt=&quot;thumbnail&quot; /&gt;&lt;/div&gt;</description>            </item>
                    <item>
                <title>Mayonnaise To Instrument</title>
                <link>https://somcothehedgehog.deviantart.com/art/Mayonnaise-To-Instrument-774137415</link>
                <guid isPermaLink="true">https://somcothehedgehog.deviantart.com/art/Mayonnaise-To-Instrument-774137415</guid>
                <pubDate>Sun, 25 Nov 2018 16:55:10 PST</pubDate>
                        <media:title type="plain">Mayonnaise To Instrument</media:title>
        <media:keywords></media:keywords>
                        <media:rating>nonadult</media:rating>
                <media:category label="Games">fanart/digital/vexel/games</media:category>
        <media:credit role="author" scheme="urn:ebu">Somcothehedgehog</media:credit>
        <media:credit role="author" scheme="urn:ebu">https://a.deviantart.net/avatars/s/o/somcothehedgehog.gif?7</media:credit>
        <media:copyright url="https://somcothehedgehog.deviantart.com">Copyright 2018-2019 Somcothehedgehog</media:copyright>            <media:description type="html">I guess with Amanda, anything&#039;s possible.</media:description>            <media:thumbnail url="https://t00.deviantart.net/5wSQ6jubf_MOyo9-QlXela_VoA4=/fit-in/150x150/filters:no_upscale():origin()/pre00/766f/th/pre/i/2018/329/e/9/mayonnaise_to_instrument_by_somcothehedgehog-dcswg93.png" height="84" width="150"/>            <media:thumbnail url="https://t00.deviantart.net/JjjQVNh4zpbo_GwqyqNVlgLmdcg=/fit-in/300x900/filters:no_upscale():origin()/pre00/766f/th/pre/i/2018/329/e/9/mayonnaise_to_instrument_by_somcothehedgehog-dcswg93.png" height="169" width="300"/>            <media:thumbnail url="https://t00.deviantart.net/X9VTpstJOAlQeS8QW3ejggkNAeM=/300x200/filters:fixed_height(100,100):origin()/pre00/766f/th/pre/i/2018/329/e/9/mayonnaise_to_instrument_by_somcothehedgehog-dcswg93.png" height="169" width="300"/>            <media:content url="https://pre00.deviantart.net/766f/th/pre/i/2018/329/e/9/mayonnaise_to_instrument_by_somcothehedgehog-dcswg93.png" height="670" width="1192" medium="image"/>            
            <description>I guess with Amanda, anything&#039;s possible.&lt;br /&gt;&lt;div&gt;&lt;img src=&quot;https://t00.deviantart.net/X9VTpstJOAlQeS8QW3ejggkNAeM=/300x200/filters:fixed_height(100,100):origin()/pre00/766f/th/pre/i/2018/329/e/9/mayonnaise_to_instrument_by_somcothehedgehog-dcswg93.png&quot; alt=&quot;thumbnail&quot; /&gt;&lt;/div&gt;</description>            </item>
                    <item>
                <title>Laga vs Rhyno [1/2]</title>
                <link>https://kanamichi-kun.deviantart.com/art/Laga-vs-Rhyno-1-2-774021383</link>
                <guid isPermaLink="true">https://kanamichi-kun.deviantart.com/art/Laga-vs-Rhyno-1-2-774021383</guid>
                <pubDate>Sat, 24 Nov 2018 21:50:50 PST</pubDate>
                        <media:title type="plain">Laga vs Rhyno [1/2]</media:title>
        <media:keywords></media:keywords>
                        <media:rating>nonadult</media:rating>
                <media:category label="Animals">anthro/digital/drawings/animals</media:category>
        <media:credit role="author" scheme="urn:ebu">Kanamichi-Kun</media:credit>
        <media:credit role="author" scheme="urn:ebu">https://a.deviantart.net/avatars/k/a/kanamichi-kun.png?12</media:credit>
        <media:copyright url="https://kanamichi-kun.deviantart.com">Copyright 2018-2019 Kanamichi-Kun</media:copyright>             <creativeCommons:license>http://creativecommons.org/licenses/by-nc-nd/3.0/</creativeCommons:license>
                <media:description type="html">&lt;span&gt;The second part:&amp;nbsp;&lt;a href=&quot;http://fav.me/dct0mu8&quot;&gt;fav.me/dct0mu8&lt;/a&gt;&lt;br /&gt;&lt;br /&gt;&lt;hr/&gt;&lt;br /&gt;&lt;br /&gt;A boxing drawing featuring my lynx boi delivering a punch to &lt;a target=&quot;_self&quot; href=&quot;https://www.deviantart.com/daikunz&quot; &gt;&lt;img class=&quot;avatar&quot; width=&quot;50&quot; height=&quot;50&quot; src=&quot;https://a.deviantart.net/avatars/d/a/daikunz.png?13&quot; alt=&quot;:icondaikunz:&quot; title=&quot;DaiKunz&quot; /&gt;&lt;/a&gt;&lt;/span&gt;&lt;span&gt;&amp;nbsp;&#039;s Gecko boi&#039;s gut &lt;br /&gt;&lt;br /&gt;In this match the taller lynx has the advantage of longer reach, but the shorter gecko&#039;s has more sturdy body with strength that probably surpass the lynx, we&#039;ll see&lt;br /&gt;&lt;br /&gt;&lt;br /&gt;&lt;/span&gt;</media:description>            <media:thumbnail url="https://t00.deviantart.net/Ai0BdvwUlQw8ZhrXZqcKyPWEnRU=/fit-in/150x150/filters:no_upscale():origin()/pre00/e57c/th/pre/i/2018/328/a/c/laga_vs_rhyno__1_2__by_kanamichi_kun-dcstypz.jpg" height="150" width="150"/>            <media:thumbnail url="https://t00.deviantart.net/sWOtrpK9mFuQMQ-jMlDiRRwLFWo=/fit-in/300x900/filters:no_upscale():origin()/pre00/e57c/th/pre/i/2018/328/a/c/laga_vs_rhyno__1_2__by_kanamichi_kun-dcstypz.jpg" height="300" width="300"/>            <media:thumbnail url="https://t00.deviantart.net/qLqCdvpV0BKvBVgSw-26LqQ2tQE=/300x200/filters:fixed_height(100,100):origin()/pre00/e57c/th/pre/i/2018/328/a/c/laga_vs_rhyno__1_2__by_kanamichi_kun-dcstypz.jpg" height="200" width="200"/>            <media:content url="https://pre00.deviantart.net/e57c/th/pre/i/2018/328/a/c/laga_vs_rhyno__1_2__by_kanamichi_kun-dcstypz.jpg" height="894" width="894" medium="image"/>            
            <description>&lt;span&gt;The second part:&amp;nbsp;&lt;a href=&quot;http://fav.me/dct0mu8&quot;&gt;fav.me/dct0mu8&lt;/a&gt;&lt;br /&gt;&lt;br /&gt;&lt;hr/&gt;&lt;br /&gt;&lt;br /&gt;A boxing drawing featuring my lynx boi delivering a punch to &lt;a target=&quot;_self&quot; href=&quot;https://www.deviantart.com/daikunz&quot; &gt;&lt;img class=&quot;avatar&quot; width=&quot;50&quot; height=&quot;50&quot; src=&quot;https://a.deviantart.net/avatars/d/a/daikunz.png?13&quot; alt=&quot;:icondaikunz:&quot; title=&quot;DaiKunz&quot; /&gt;&lt;/a&gt;&lt;/span&gt;&lt;span&gt;&amp;nbsp;&#039;s Gecko boi&#039;s gut &lt;br /&gt;&lt;br /&gt;In this match the taller lynx has the advantage of longer reach, but the shorter gecko&#039;s has more sturdy body with strength that probably surpass the lynx, we&#039;ll see&lt;br /&gt;&lt;br /&gt;&lt;br /&gt;&lt;/span&gt;&lt;br /&gt;&lt;div&gt;&lt;img src=&quot;https://t00.deviantart.net/qLqCdvpV0BKvBVgSw-26LqQ2tQE=/300x200/filters:fixed_height(100,100):origin()/pre00/e57c/th/pre/i/2018/328/a/c/laga_vs_rhyno__1_2__by_kanamichi_kun-dcstypz.jpg&quot; alt=&quot;thumbnail&quot; /&gt;&lt;/div&gt;</description>            </item>
                    <item>
                <title>I DONT REGRET NOTHING!!!!!!!!!!!</title>
                <link>https://eastereggbrr.deviantart.com/art/I-DONT-REGRET-NOTHING-772021381</link>
                <guid isPermaLink="true">https://eastereggbrr.deviantart.com/art/I-DONT-REGRET-NOTHING-772021381</guid>
                <pubDate>Sat, 10 Nov 2018 08:53:47 PST</pubDate>
                        <media:title type="plain">I DONT REGRET NOTHING!!!!!!!!!!!</media:title>
        <media:keywords></media:keywords>
                        <media:rating>nonadult</media:rating>
                <media:category label="Movies &amp; TV">fanart/digital/drawings/movies</media:category>
        <media:credit role="author" scheme="urn:ebu">EasterEggBRR</media:credit>
        <media:credit role="author" scheme="urn:ebu">https://a.deviantart.net/avatars/e/a/eastereggbrr.png?2</media:credit>
        <media:copyright url="https://eastereggbrr.deviantart.com">Copyright 2018-2019 EasterEggBRR</media:copyright>             <creativeCommons:license>http://creativecommons.org/licenses/by-nc-nd/3.0/</creativeCommons:license>
                <media:description type="html">KILL ME PLS</media:description>            <media:thumbnail url="https://t00.deviantart.net/AGNC8wLPdzlNCfv-iFBcr6x8y4w=/fit-in/150x150/filters:no_upscale():origin()/pre00/f1e8/th/pre/i/2018/314/4/e/i_dont_regret_nothing____________by_eastereggbrr-dcrn3id.png" height="84" width="150"/>            <media:thumbnail url="https://t00.deviantart.net/m6e3TFY0CrncsCuPR_dPfwrkCaA=/fit-in/300x900/filters:no_upscale():origin()/pre00/f1e8/th/pre/i/2018/314/4/e/i_dont_regret_nothing____________by_eastereggbrr-dcrn3id.png" height="169" width="300"/>            <media:thumbnail url="https://t00.deviantart.net/DzaeS6q3cFQ6fRBjQ3JqSHAvvvM=/300x200/filters:fixed_height(100,100):origin()/pre00/f1e8/th/pre/i/2018/314/4/e/i_dont_regret_nothing____________by_eastereggbrr-dcrn3id.png" height="169" width="300"/>            <media:content url="https://img00.deviantart.net/7c7a/i/2018/314/4/e/i_dont_regret_nothing____________by_eastereggbrr-dcrn3id.png" height="506" width="900" medium="image"/>            
            <description>KILL ME PLS&lt;br /&gt;&lt;div&gt;&lt;img src=&quot;https://t00.deviantart.net/DzaeS6q3cFQ6fRBjQ3JqSHAvvvM=/300x200/filters:fixed_height(100,100):origin()/pre00/f1e8/th/pre/i/2018/314/4/e/i_dont_regret_nothing____________by_eastereggbrr-dcrn3id.png&quot; alt=&quot;thumbnail&quot; /&gt;&lt;/div&gt;</description>            </item>
                    <item>
                <title>#30 Rhyno - Inktober2018</title>
                <link>https://iggy-design.deviantart.com/art/30-Rhyno-Inktober2018-770460713</link>
                <guid isPermaLink="true">https://iggy-design.deviantart.com/art/30-Rhyno-Inktober2018-770460713</guid>
                <pubDate>Tue, 30 Oct 2018 02:16:18 PDT</pubDate>
                        <media:title type="plain">#30 Rhyno - Inktober2018</media:title>
        <media:keywords></media:keywords>
                        <media:rating>nonadult</media:rating>
                <media:category label="Animals &amp; Creatures">digitalart/3d/characters/creatures</media:category>
        <media:credit role="author" scheme="urn:ebu">Iggy-design</media:credit>
        <media:credit role="author" scheme="urn:ebu">https://a.deviantart.net/avatars/i/g/iggy-design.jpg?3</media:credit>
        <media:copyright url="https://iggy-design.deviantart.com">Copyright 2018-2019 Iggy-design</media:copyright>             <creativeCommons:license>http://creativecommons.org/licenses/by-nd/3.0/</creativeCommons:license>
                <media:description type="html">Other places to find me:&amp;nbsp;&lt;br /&gt;&lt;br /&gt;CGtrader: &lt;a class=&quot;external&quot; href=&quot;https://www.deviantart.com/users/outgoing?https://www.cgtrader.com/Iggy-design&quot;&gt;www.cgtrader.com/Iggy-design&lt;/a&gt;&lt;br /&gt;Unity Asset Store:&amp;nbsp;&lt;a class=&quot;external&quot; href=&quot;https://www.deviantart.com/users/outgoing?https://www.assetstore.unity3d.com/en/#!/search/page=1/sortby=relevance/query=publisher:23795&quot;&gt;www.assetstore.unity3d.com/en/&amp;hellip;&lt;/a&gt;&lt;br /&gt;Sketchfab:&amp;nbsp;&lt;a class=&quot;external&quot; href=&quot;https://www.deviantart.com/users/outgoing?https://sketchfab.com/iggy-design&quot;&gt;sketchfab.com/iggy-design&lt;/a&gt;&lt;br /&gt;Instagram: &lt;a class=&quot;external&quot; href=&quot;https://www.deviantart.com/users/outgoing?https://www.instagram.com/iggydesign/&quot;&gt;www.instagram.com/iggydesign/&lt;/a&gt;&lt;br /&gt;My Artstation: &lt;a class=&quot;external&quot; href=&quot;https://www.deviantart.com/users/outgoing?https://www.artstation.com/artist/igorpuskaric&quot;&gt;www.artstation.com/artist/igor&amp;hellip;&lt;/a&gt;&lt;br /&gt;Youtube:&amp;nbsp;&lt;a class=&quot;external&quot; href=&quot;https://www.deviantart.com/users/outgoing?https://www.youtube.com/channel/UCyRH3Up5LQ5xgRPsNWuPEkQ&quot;&gt;www.youtube.com/channel/UCyRH3&amp;hellip;&lt;/a&gt;&lt;br /&gt;RedBubble:&amp;nbsp;&lt;a class=&quot;external&quot; href=&quot;https://www.deviantart.com/users/outgoing?http://www.redbubble.com/people/iggy-design?ref=artist_title_name&quot;&gt;www.redbubble.com/people/iggy-&amp;hellip;&lt;/a&gt;&lt;br /&gt;Shapeways:&amp;nbsp;&lt;a class=&quot;external&quot; href=&quot;https://www.deviantart.com/users/outgoing?https://www.shapeways.com/designer/pukey82&quot;&gt;www.shapeways.com/designer/puk&amp;hellip;&lt;/a&gt;&lt;br /&gt;Turbosquid:&amp;nbsp;&lt;a class=&quot;external&quot; href=&quot;https://www.deviantart.com/users/outgoing?http://www.turbosquid.com/Search/Artists/Iggydesign&quot;&gt;www.turbosquid.com/Search/Arti&amp;hellip;&lt;/a&gt; &lt;br /&gt;Pinterest: &lt;a class=&quot;external&quot; href=&quot;https://www.deviantart.com/users/outgoing?https://www.pinterest.com/igorpukari&quot;&gt;www.pinterest.com/igorpukari&lt;/a&gt;</media:description>            <media:thumbnail url="https://t00.deviantart.net/pSVLRyM-ZbDspW-wuCjs_NfqaXk=/fit-in/150x150/filters:no_upscale():origin()/pre00/e2cf/th/pre/f/2018/303/2/8/_30_rhyno___inktober2018_by_iggy_design-dcqpnah.jpg" height="150" width="150"/>            <media:thumbnail url="https://t00.deviantart.net/L9vLZkn39lkj8qxCI1AF9Fn5luc=/fit-in/300x900/filters:no_upscale():origin()/pre00/e2cf/th/pre/f/2018/303/2/8/_30_rhyno___inktober2018_by_iggy_design-dcqpnah.jpg" height="300" width="300"/>            <media:thumbnail url="https://t00.deviantart.net/bZ6s1m2NbFKiaDjWMRa0ptHV4hc=/300x200/filters:fixed_height(100,100):origin()/pre00/e2cf/th/pre/f/2018/303/2/8/_30_rhyno___inktober2018_by_iggy_design-dcqpnah.jpg" height="200" width="200"/>            <media:content url="https://orig00.deviantart.net/ae4b/f/2018/303/2/8/_30_rhyno___inktober2018_by_iggy_design-dcqpnah.jpg" height="600" width="600" medium="image"/>            
            <description>Other places to find me:&amp;nbsp;&lt;br /&gt;&lt;br /&gt;CGtrader: &lt;a class=&quot;external&quot; href=&quot;https://www.deviantart.com/users/outgoing?https://www.cgtrader.com/Iggy-design&quot;&gt;www.cgtrader.com/Iggy-design&lt;/a&gt;&lt;br /&gt;Unity Asset Store:&amp;nbsp;&lt;a class=&quot;external&quot; href=&quot;https://www.deviantart.com/users/outgoing?https://www.assetstore.unity3d.com/en/#!/search/page=1/sortby=relevance/query=publisher:23795&quot;&gt;www.assetstore.unity3d.com/en/&amp;hellip;&lt;/a&gt;&lt;br /&gt;Sketchfab:&amp;nbsp;&lt;a class=&quot;external&quot; href=&quot;https://www.deviantart.com/users/outgoing?https://sketchfab.com/iggy-design&quot;&gt;sketchfab.com/iggy-design&lt;/a&gt;&lt;br /&gt;Instagram: &lt;a class=&quot;external&quot; href=&quot;https://www.deviantart.com/users/outgoing?https://www.instagram.com/iggydesign/&quot;&gt;www.instagram.com/iggydesign/&lt;/a&gt;&lt;br /&gt;My Artstation: &lt;a class=&quot;external&quot; href=&quot;https://www.deviantart.com/users/outgoing?https://www.artstation.com/artist/igorpuskaric&quot;&gt;www.artstation.com/artist/igor&amp;hellip;&lt;/a&gt;&lt;br /&gt;Youtube:&amp;nbsp;&lt;a class=&quot;external&quot; href=&quot;https://www.deviantart.com/users/outgoing?https://www.youtube.com/channel/UCyRH3Up5LQ5xgRPsNWuPEkQ&quot;&gt;www.youtube.com/channel/UCyRH3&amp;hellip;&lt;/a&gt;&lt;br /&gt;RedBubble:&amp;nbsp;&lt;a class=&quot;external&quot; href=&quot;https://www.deviantart.com/users/outgoing?http://www.redbubble.com/people/iggy-design?ref=artist_title_name&quot;&gt;www.redbubble.com/people/iggy-&amp;hellip;&lt;/a&gt;&lt;br /&gt;Shapeways:&amp;nbsp;&lt;a class=&quot;external&quot; href=&quot;https://www.deviantart.com/users/outgoing?https://www.shapeways.com/designer/pukey82&quot;&gt;www.shapeways.com/designer/puk&amp;hellip;&lt;/a&gt;&lt;br /&gt;Turbosquid:&amp;nbsp;&lt;a class=&quot;external&quot; href=&quot;https://www.deviantart.com/users/outgoing?http://www.turbosquid.com/Search/Artists/Iggydesign&quot;&gt;www.turbosquid.com/Search/Arti&amp;hellip;&lt;/a&gt; &lt;br /&gt;Pinterest: &lt;a class=&quot;external&quot; href=&quot;https://www.deviantart.com/users/outgoing?https://www.pinterest.com/igorpukari&quot;&gt;www.pinterest.com/igorpukari&lt;/a&gt;&lt;br /&gt;&lt;div&gt;&lt;img src=&quot;https://t00.deviantart.net/bZ6s1m2NbFKiaDjWMRa0ptHV4hc=/300x200/filters:fixed_height(100,100):origin()/pre00/e2cf/th/pre/f/2018/303/2/8/_30_rhyno___inktober2018_by_iggy_design-dcqpnah.jpg&quot; alt=&quot;thumbnail&quot; /&gt;&lt;/div&gt;</description>            </item>
                    <item>
                <title>Emily 292 - Everything&#039;s O-Cake</title>
                <link>https://cartoon-admirer.deviantart.com/art/Emily-292-Everything-s-O-Cake-769298570</link>
                <guid isPermaLink="true">https://cartoon-admirer.deviantart.com/art/Emily-292-Everything-s-O-Cake-769298570</guid>
                <pubDate>Sun, 21 Oct 2018 14:52:05 PDT</pubDate>
                        <media:title type="plain">Emily 292 - Everything&#039;s O-Cake</media:title>
        <media:keywords></media:keywords>
                        <media:rating>nonadult</media:rating>
                <media:category label="Strips">cartoons/digital/comics/strips</media:category>
        <media:credit role="author" scheme="urn:ebu">Cartoon-Admirer</media:credit>
        <media:credit role="author" scheme="urn:ebu">https://a.deviantart.net/avatars/c/a/cartoon-admirer.jpg?7</media:credit>
        <media:copyright url="https://cartoon-admirer.deviantart.com">Copyright 2018-2019 Cartoon-Admirer</media:copyright>            <media:description type="html">Ordering a cake for Liz&#039;s birthday, Emily can&#039;t resist making a joke at Liz&#039;s expense.&lt;br /&gt;&lt;br /&gt;Now, can you answer these two questions:&lt;br /&gt;1. Which episode of TLH is on the TV?&lt;br /&gt;2. Who&#039;s the author of the painting on the wall?&lt;br /&gt;&lt;br /&gt;P.S.: Sachertorte is my favorite cake too, and I always order it when it&#039;s my birthday.&lt;br /&gt;&lt;br /&gt;&lt;a href=&quot;https://www.deviantart.com/cartoon-admirer/art/Emily-291-It-s-a-Dog-Eat-Woman-World-768734851&quot;&gt;Emily 291 - It&#039;s a Dog-Eat-Woman World&lt;/a&gt;&lt;br /&gt;&lt;a href=&quot;https://www.deviantart.com/cartoon-admirer/art/Emily-293-Dark-and-Furious-769699799&quot;&gt;Emily 293 - Dark and Furious&lt;/a&gt;</media:description>            <media:thumbnail url="https://t00.deviantart.net/JdpBw2bXezam46Fwxc15UnLclhk=/fit-in/150x150/filters:no_upscale():origin()/pre00/5263/th/pre/f/2018/294/8/3/emily_292___everything_s_o_cake_by_cartoon_admirer-dcq0qkq.jpg" height="150" width="131"/>            <media:thumbnail url="https://t00.deviantart.net/bwfiq7OM5FoztszAp26G7yV3Gis=/fit-in/300x900/filters:no_upscale():origin()/pre00/5263/th/pre/f/2018/294/8/3/emily_292___everything_s_o_cake_by_cartoon_admirer-dcq0qkq.jpg" height="345" width="300"/>            <media:thumbnail url="https://t00.deviantart.net/SvAn4bA458ZQfttmeaeQKkqoSQc=/300x200/filters:fixed_height(100,100):origin()/pre00/5263/th/pre/f/2018/294/8/3/emily_292___everything_s_o_cake_by_cartoon_admirer-dcq0qkq.jpg" height="200" width="174"/>            <media:content url="https://pre00.deviantart.net/5263/th/pre/f/2018/294/8/3/emily_292___everything_s_o_cake_by_cartoon_admirer-dcq0qkq.jpg" height="958" width="834" medium="image"/>            
            <description>Ordering a cake for Liz&#039;s birthday, Emily can&#039;t resist making a joke at Liz&#039;s expense.&lt;br /&gt;&lt;br /&gt;Now, can you answer these two questions:&lt;br /&gt;1. Which episode of TLH is on the TV?&lt;br /&gt;2. Who&#039;s the author of the painting on the wall?&lt;br /&gt;&lt;br /&gt;P.S.: Sachertorte is my favorite cake too, and I always order it when it&#039;s my birthday.&lt;br /&gt;&lt;br /&gt;&lt;a href=&quot;https://www.deviantart.com/cartoon-admirer/art/Emily-291-It-s-a-Dog-Eat-Woman-World-768734851&quot;&gt;Emily 291 - It&#039;s a Dog-Eat-Woman World&lt;/a&gt;&lt;br /&gt;&lt;a href=&quot;https://www.deviantart.com/cartoon-admirer/art/Emily-293-Dark-and-Furious-769699799&quot;&gt;Emily 293 - Dark and Furious&lt;/a&gt;&lt;br /&gt;&lt;div&gt;&lt;img src=&quot;https://t00.deviantart.net/SvAn4bA458ZQfttmeaeQKkqoSQc=/300x200/filters:fixed_height(100,100):origin()/pre00/5263/th/pre/f/2018/294/8/3/emily_292___everything_s_o_cake_by_cartoon_admirer-dcq0qkq.jpg&quot; alt=&quot;thumbnail&quot; /&gt;&lt;/div&gt;</description>            </item>
                    <item>
                <title>Spider-Man (PlayStation 4)</title>
                <link>https://daviddiaspr.deviantart.com/art/Spider-Man-PlayStation-4-766594988</link>
                <guid isPermaLink="true">https://daviddiaspr.deviantart.com/art/Spider-Man-PlayStation-4-766594988</guid>
                <pubDate>Tue, 02 Oct 2018 18:03:33 PDT</pubDate>
                        <media:title type="plain">Spider-Man (PlayStation 4)</media:title>
        <media:keywords></media:keywords>
                        <media:rating>nonadult</media:rating>
                <media:category label="Games">fanart/traditional/drawings/games</media:category>
        <media:credit role="author" scheme="urn:ebu">Daviddiaspr</media:credit>
        <media:credit role="author" scheme="urn:ebu">https://a.deviantart.net/avatars/d/a/daviddiaspr.jpg?4</media:credit>
        <media:copyright url="https://daviddiaspr.deviantart.com">Copyright 2018-2019 Daviddiaspr</media:copyright>            <media:description type="html">ORIGINAL AND PRINTS FOR SALE:&amp;nbsp;&lt;a href=&quot;https://www.deviantart.com/users/outgoing?https://www.etsy.com/shop/DavidDiasArt&quot;&gt;&lt;/a&gt;&lt;a href=&quot;https://www.deviantart.com/users/outgoing?https://www.etsy.com/listing/598807601&quot;&gt;&lt;/a&gt;&lt;a href=&quot;https://www.deviantart.com/users/outgoing?https://www.etsy.com/listing/588822308&quot;&gt;&lt;/a&gt;&lt;a href=&quot;https://www.deviantart.com/users/outgoing?https://www.etsy.com/listing/604376525&quot;&gt;&lt;/a&gt;&lt;a class=&quot;external&quot; href=&quot;https://www.deviantart.com/users/outgoing?https://www.etsy.com/shop/DavidDiasArt&quot;&gt;www.etsy.com/shop/DavidDiasArt&lt;/a&gt;&lt;br /&gt;&lt;br /&gt;TIMELAPSE VIDEO:&amp;nbsp;&lt;a href=&quot;https://www.deviantart.com/users/outgoing?https://youtu.be/_VqV57X5LYg&quot;&gt;&lt;a class=&quot;external&quot; href=&quot;https://www.deviantart.com/users/outgoing?https://youtu.be/_VqV57X5LYg&quot;&gt;youtu.be/_VqV57X5LYg&lt;/a&gt;&lt;/a&gt;&lt;br /&gt;____________________________________________________&lt;br /&gt;&lt;br /&gt;Drawing of&amp;nbsp;Spider-Man&lt;br /&gt;&lt;br /&gt;Materials used:&lt;br /&gt;Prismacolor pencil&lt;br /&gt;Art-n-Fly markers&lt;br /&gt;Strathmore Bristol paper&lt;br /&gt;____________________________________________________&lt;br /&gt;&lt;br /&gt;Etsy shop &amp;#9658;&amp;nbsp;&lt;a class=&quot;external&quot; href=&quot;https://www.deviantart.com/users/outgoing?https://www.etsy.com/shop/DavidDiasArt&quot;&gt;www.etsy.com/shop/DavidDiasArt&lt;/a&gt;&lt;br /&gt;&lt;br /&gt;Instagram &amp;nbsp;&amp;#9658;&amp;nbsp;&lt;a class=&quot;external&quot; href=&quot;https://www.deviantart.com/users/outgoing?https://www.instagram.com/daviddias_arts&quot;&gt;www.instagram.com/daviddias_ar&amp;#8230;&lt;/a&gt;&lt;br /&gt;&lt;br /&gt;YouTube &amp;#9658;&amp;nbsp;&lt;a href=&quot;https://www.deviantart.com/users/outgoing?https://www.youtube.com/user/David05Diaspr&quot;&gt;&lt;/a&gt;&lt;a class=&quot;external&quot; href=&quot;https://www.deviantart.com/users/outgoing?https://www.youtube.com/user/David05Diaspr&quot;&gt;www.youtube.com/user/David05Di&amp;#8230;&lt;/a&gt;&lt;br /&gt;&lt;br /&gt;Facebook &amp;#9658;&amp;nbsp;&lt;a class=&quot;external&quot; href=&quot;https://www.deviantart.com/users/outgoing?https://www.facebook.com/DavidDiasArts&quot;&gt;www.facebook.com/DavidDiasArts&lt;/a&gt;&lt;br /&gt;&lt;br /&gt;Twitter &amp;#9658;&amp;nbsp;&lt;a class=&quot;external&quot; href=&quot;https://www.deviantart.com/users/outgoing?https://twitter.com/daviddiasarts&quot;&gt;twitter.com/daviddiasarts&lt;/a&gt;</media:description>            <media:thumbnail url="https://t00.deviantart.net/QEgBGZsFyP8KJtZU8raOF15n4iA=/fit-in/150x150/filters:no_upscale():origin()/pre00/7f07/th/pre/i/2018/275/a/6/spider_man__playstation_4__by_daviddiaspr-dcoesh8.jpg" height="150" width="134"/>            <media:thumbnail url="https://t00.deviantart.net/ckdhKZdJDajVY6Tm0lO0EEoTQAI=/fit-in/300x900/filters:no_upscale():origin()/pre00/7f07/th/pre/i/2018/275/a/6/spider_man__playstation_4__by_daviddiaspr-dcoesh8.jpg" height="336" width="300"/>            <media:thumbnail url="https://t00.deviantart.net/U-8zQx-isiJOe0S8piAqGXHziLM=/300x200/filters:fixed_height(100,100):origin()/pre00/7f07/th/pre/i/2018/275/a/6/spider_man__playstation_4__by_daviddiaspr-dcoesh8.jpg" height="200" width="179"/>            <media:content url="https://pre00.deviantart.net/7f07/th/pre/i/2018/275/a/6/spider_man__playstation_4__by_daviddiaspr-dcoesh8.jpg" height="946" width="845" medium="image"/>            
            <description>ORIGINAL AND PRINTS FOR SALE:&amp;nbsp;&lt;a href=&quot;https://www.deviantart.com/users/outgoing?https://www.etsy.com/shop/DavidDiasArt&quot;&gt;&lt;/a&gt;&lt;a href=&quot;https://www.deviantart.com/users/outgoing?https://www.etsy.com/listing/598807601&quot;&gt;&lt;/a&gt;&lt;a href=&quot;https://www.deviantart.com/users/outgoing?https://www.etsy.com/listing/588822308&quot;&gt;&lt;/a&gt;&lt;a href=&quot;https://www.deviantart.com/users/outgoing?https://www.etsy.com/listing/604376525&quot;&gt;&lt;/a&gt;&lt;a class=&quot;external&quot; href=&quot;https://www.deviantart.com/users/outgoing?https://www.etsy.com/shop/DavidDiasArt&quot;&gt;www.etsy.com/shop/DavidDiasArt&lt;/a&gt;&lt;br /&gt;&lt;br /&gt;TIMELAPSE VIDEO:&amp;nbsp;&lt;a href=&quot;https://www.deviantart.com/users/outgoing?https://youtu.be/_VqV57X5LYg&quot;&gt;&lt;a class=&quot;external&quot; href=&quot;https://www.deviantart.com/users/outgoing?https://youtu.be/_VqV57X5LYg&quot;&gt;youtu.be/_VqV57X5LYg&lt;/a&gt;&lt;/a&gt;&lt;br /&gt;____________________________________________________&lt;br /&gt;&lt;br /&gt;Drawing of&amp;nbsp;Spider-Man&lt;br /&gt;&lt;br /&gt;Materials used:&lt;br /&gt;Prismacolor pencil&lt;br /&gt;Art-n-Fly markers&lt;br /&gt;Strathmore Bristol paper&lt;br /&gt;____________________________________________________&lt;br /&gt;&lt;br /&gt;Etsy shop &amp;#9658;&amp;nbsp;&lt;a class=&quot;external&quot; href=&quot;https://www.deviantart.com/users/outgoing?https://www.etsy.com/shop/DavidDiasArt&quot;&gt;www.etsy.com/shop/DavidDiasArt&lt;/a&gt;&lt;br /&gt;&lt;br /&gt;Instagram &amp;nbsp;&amp;#9658;&amp;nbsp;&lt;a class=&quot;external&quot; href=&quot;https://www.deviantart.com/users/outgoing?https://www.instagram.com/daviddias_arts&quot;&gt;www.instagram.com/daviddias_ar&amp;#8230;&lt;/a&gt;&lt;br /&gt;&lt;br /&gt;YouTube &amp;#9658;&amp;nbsp;&lt;a href=&quot;https://www.deviantart.com/users/outgoing?https://www.youtube.com/user/David05Diaspr&quot;&gt;&lt;/a&gt;&lt;a class=&quot;external&quot; href=&quot;https://www.deviantart.com/users/outgoing?https://www.youtube.com/user/David05Diaspr&quot;&gt;www.youtube.com/user/David05Di&amp;#8230;&lt;/a&gt;&lt;br /&gt;&lt;br /&gt;Facebook &amp;#9658;&amp;nbsp;&lt;a class=&quot;external&quot; href=&quot;https://www.deviantart.com/users/outgoing?https://www.facebook.com/DavidDiasArts&quot;&gt;www.facebook.com/DavidDiasArts&lt;/a&gt;&lt;br /&gt;&lt;br /&gt;Twitter &amp;#9658;&amp;nbsp;&lt;a class=&quot;external&quot; href=&quot;https://www.deviantart.com/users/outgoing?https://twitter.com/daviddiasarts&quot;&gt;twitter.com/daviddiasarts&lt;/a&gt;&lt;br /&gt;&lt;div&gt;&lt;img src=&quot;https://t00.deviantart.net/U-8zQx-isiJOe0S8piAqGXHziLM=/300x200/filters:fixed_height(100,100):origin()/pre00/7f07/th/pre/i/2018/275/a/6/spider_man__playstation_4__by_daviddiaspr-dcoesh8.jpg&quot; alt=&quot;thumbnail&quot; /&gt;&lt;/div&gt;</description>            </item>
                    <item>
                <title>Rhyno</title>
                <link>https://cgraphicarts.deviantart.com/art/Rhyno-760825976</link>
                <guid isPermaLink="true">https://cgraphicarts.deviantart.com/art/Rhyno-760825976</guid>
                <pubDate>Thu, 23 Aug 2018 16:46:03 PDT</pubDate>
                        <media:title type="plain">Rhyno</media:title>
        <media:keywords></media:keywords>
                        <media:rating>nonadult</media:rating>
                <media:category label="Other">fanart/cartoons/traditional/other</media:category>
        <media:credit role="author" scheme="urn:ebu">CGraphicArts</media:credit>
        <media:credit role="author" scheme="urn:ebu">https://a.deviantart.net/avatars/c/g/cgraphicarts.jpg?3</media:credit>
        <media:copyright url="https://cgraphicarts.deviantart.com">Copyright 2018-2019 CGraphicArts</media:copyright>             <creativeCommons:license>http://creativecommons.org/licenses/by/3.0/</creativeCommons:license>
                <media:description type="html"></media:description>            <media:thumbnail url="https://t00.deviantart.net/TwnPxDGVQoza44QxWaZpLfFZ4js=/fit-in/150x150/filters:no_upscale():origin()/pre00/4ebc/th/pre/i/2018/235/b/2/rhyno_by_cgraphicarts-dckz52w.jpg" height="150" width="107"/>            <media:thumbnail url="https://t00.deviantart.net/KlddpB6xK9aiONTLnz1oMnOMicQ=/fit-in/300x900/filters:no_upscale():origin()/pre00/4ebc/th/pre/i/2018/235/b/2/rhyno_by_cgraphicarts-dckz52w.jpg" height="420" width="300"/>            <media:thumbnail url="https://t00.deviantart.net/1YHBQEq1ENGvUDaH0RZRSB3Rz6E=/300x200/filters:fixed_height(100,100):origin()/pre00/4ebc/th/pre/i/2018/235/b/2/rhyno_by_cgraphicarts-dckz52w.jpg" height="200" width="143"/>            <media:content url="https://pre00.deviantart.net/4ebc/th/pre/i/2018/235/b/2/rhyno_by_cgraphicarts-dckz52w.jpg" height="1058" width="755" medium="image"/>            
            <description>&lt;br /&gt;&lt;div&gt;&lt;img src=&quot;https://t00.deviantart.net/1YHBQEq1ENGvUDaH0RZRSB3Rz6E=/300x200/filters:fixed_height(100,100):origin()/pre00/4ebc/th/pre/i/2018/235/b/2/rhyno_by_cgraphicarts-dckz52w.jpg&quot; alt=&quot;thumbnail&quot; /&gt;&lt;/div&gt;</description>            </item>
                    <item>
                <title>Commission - Page</title>
                <link>https://danielgreys.deviantart.com/art/Commission-Page-758145230</link>
                <guid isPermaLink="true">https://danielgreys.deviantart.com/art/Commission-Page-758145230</guid>
                <pubDate>Mon, 06 Aug 2018 10:49:31 PDT</pubDate>
                        <media:title type="plain">Commission - Page</media:title>
        <media:keywords></media:keywords>
                        <media:rating>nonadult</media:rating>
                <media:category label="Pages &amp; Panels">manga/digital/manga/pages</media:category>
        <media:credit role="author" scheme="urn:ebu">DanielGreyS</media:credit>
        <media:credit role="author" scheme="urn:ebu">https://a.deviantart.net/avatars/d/a/danielgreys.png?3</media:credit>
        <media:copyright url="https://danielgreys.deviantart.com">Copyright 2018-2019 DanielGreyS</media:copyright>            <media:description type="html">&lt;div&gt; &lt;div&gt; &lt;div&gt; &lt;div&gt;&lt;div&gt; &lt;div&gt; &lt;div&gt;&lt;div&gt; &lt;div&gt; &lt;div&gt; &lt;div&gt;Comic page for &lt;a target=&quot;_self&quot; href=&quot;https://www.deviantart.com/mydreaminggeekzone&quot; &gt;&lt;img class=&quot;avatar&quot; width=&quot;50&quot; height=&quot;50&quot; src=&quot;https://a.deviantart.net/avatars/m/y/mydreaminggeekzone.jpg?8&quot; alt=&quot;:iconmydreaminggeekzone:&quot; title=&quot;Mydreaminggeekzone&quot; /&gt;&lt;/a&gt;&lt;/div&gt; &lt;/div&gt;&lt;/div&gt; &lt;/div&gt;&lt;/div&gt; &lt;/div&gt;&lt;/div&gt;&lt;br /&gt;My Patreon: &lt;a class=&quot;external&quot; href=&quot;https://www.deviantart.com/users/outgoing?https://www.patreon.com/DanGrey?ty=h&quot;&gt;www.patreon.com/DanGrey?ty=h&lt;/a&gt;&lt;/div&gt; &lt;/div&gt;&lt;/div&gt; &lt;/div&gt;</media:description>            <media:thumbnail url="https://t00.deviantart.net/pZ1h4Qi4p-LJ9Nl2oqs3BtChVbQ=/fit-in/150x150/filters:no_upscale():origin()/pre00/df07/th/pre/i/2018/218/6/f/commission___page_by_danielgreys-dcjdolq.png" height="150" width="106"/>            <media:thumbnail url="https://t00.deviantart.net/frHpcpNMxn7vJZoicqq3RZSbWp8=/fit-in/300x900/filters:no_upscale():origin()/pre00/df07/th/pre/i/2018/218/6/f/commission___page_by_danielgreys-dcjdolq.png" height="425" width="300"/>            <media:thumbnail url="https://t00.deviantart.net/YF0EF4EzoR2PJII4KeaqdGxev50=/300x200/filters:fixed_height(100,100):origin()/pre00/df07/th/pre/i/2018/218/6/f/commission___page_by_danielgreys-dcjdolq.png" height="200" width="141"/>            <media:content url="https://pre00.deviantart.net/df07/th/pre/i/2018/218/6/f/commission___page_by_danielgreys-dcjdolq.png" height="1064" width="751" medium="image"/>            
            <description>&lt;div&gt; &lt;div&gt; &lt;div&gt; &lt;div&gt;&lt;div&gt; &lt;div&gt; &lt;div&gt;&lt;div&gt; &lt;div&gt; &lt;div&gt; &lt;div&gt;Comic page for &lt;a target=&quot;_self&quot; href=&quot;https://www.deviantart.com/mydreaminggeekzone&quot; &gt;&lt;img class=&quot;avatar&quot; width=&quot;50&quot; height=&quot;50&quot; src=&quot;https://a.deviantart.net/avatars/m/y/mydreaminggeekzone.jpg?8&quot; alt=&quot;:iconmydreaminggeekzone:&quot; title=&quot;Mydreaminggeekzone&quot; /&gt;&lt;/a&gt;&lt;/div&gt; &lt;/div&gt;&lt;/div&gt; &lt;/div&gt;&lt;/div&gt; &lt;/div&gt;&lt;/div&gt;&lt;br /&gt;My Patreon: &lt;a class=&quot;external&quot; href=&quot;https://www.deviantart.com/users/outgoing?https://www.patreon.com/DanGrey?ty=h&quot;&gt;www.patreon.com/DanGrey?ty=h&lt;/a&gt;&lt;/div&gt; &lt;/div&gt;&lt;/div&gt; &lt;/div&gt;&lt;br /&gt;&lt;div&gt;&lt;img src=&quot;https://t00.deviantart.net/YF0EF4EzoR2PJII4KeaqdGxev50=/300x200/filters:fixed_height(100,100):origin()/pre00/df07/th/pre/i/2018/218/6/f/commission___page_by_danielgreys-dcjdolq.png&quot; alt=&quot;thumbnail&quot; /&gt;&lt;/div&gt;</description>            </item>
                    <item>
                <title>Photobash Props</title>
                <link>https://notloginaccount.deviantart.com/art/Photobash-Props-757623698</link>
                <guid isPermaLink="true">https://notloginaccount.deviantart.com/art/Photobash-Props-757623698</guid>
                <pubDate>Fri, 03 Aug 2018 01:38:33 PDT</pubDate>
                        <media:title type="plain">Photobash Props</media:title>
        <media:keywords></media:keywords>
                        <media:rating>nonadult</media:rating>
                <media:category label="Other">digitalart/photomanip/other</media:category>
        <media:credit role="author" scheme="urn:ebu">notloginaccount</media:credit>
        <media:credit role="author" scheme="urn:ebu">https://a.deviantart.net/avatars/n/o/notloginaccount.jpg?7</media:credit>
        <media:copyright url="https://notloginaccount.deviantart.com">Copyright 2018-2019 notloginaccount</media:copyright>            <media:description type="html"></media:description>            <media:thumbnail url="https://t00.deviantart.net/CR0u01c6hubs2_HZRm09i4pSVNA=/fit-in/150x150/filters:no_upscale():origin()/pre00/9063/th/pre/i/2018/215/4/0/photobash_props_by_notloginaccount-dcj2i6q.jpg" height="106" width="150"/>            <media:thumbnail url="https://t00.deviantart.net/3_QKbSetNaraLBotqwjaz-50l6U=/fit-in/300x900/filters:no_upscale():origin()/pre00/9063/th/pre/i/2018/215/4/0/photobash_props_by_notloginaccount-dcj2i6q.jpg" height="212" width="300"/>            <media:thumbnail url="https://t00.deviantart.net/zq8gBjgFBX2f1tQ87EDgQ7BfLe4=/300x200/filters:fixed_height(100,100):origin()/pre00/9063/th/pre/i/2018/215/4/0/photobash_props_by_notloginaccount-dcj2i6q.jpg" height="200" width="283"/>            <media:content url="https://img00.deviantart.net/c085/i/2018/215/4/0/photobash_props_by_notloginaccount-dcj2i6q.jpg" height="724" width="1024" medium="image"/>            
            <description>&lt;br /&gt;&lt;div&gt;&lt;img src=&quot;https://t00.deviantart.net/zq8gBjgFBX2f1tQ87EDgQ7BfLe4=/300x200/filters:fixed_height(100,100):origin()/pre00/9063/th/pre/i/2018/215/4/0/photobash_props_by_notloginaccount-dcj2i6q.jpg&quot; alt=&quot;thumbnail&quot; /&gt;&lt;/div&gt;</description>            </item>
                    <item>
                <title>Amanda Likes To Break Reality</title>
                <link>https://somcothehedgehog.deviantart.com/art/Amanda-Likes-To-Break-Reality-754389598</link>
                <guid isPermaLink="true">https://somcothehedgehog.deviantart.com/art/Amanda-Likes-To-Break-Reality-754389598</guid>
                <pubDate>Fri, 13 Jul 2018 16:13:12 PDT</pubDate>
                        <media:title type="plain">Amanda Likes To Break Reality</media:title>
        <media:keywords></media:keywords>
                        <media:rating>nonadult</media:rating>
                <media:category label="Games">fanart/digital/vexel/games</media:category>
        <media:credit role="author" scheme="urn:ebu">Somcothehedgehog</media:credit>
        <media:credit role="author" scheme="urn:ebu">https://a.deviantart.net/avatars/s/o/somcothehedgehog.gif?7</media:credit>
        <media:copyright url="https://somcothehedgehog.deviantart.com">Copyright 2018-2019 Somcothehedgehog</media:copyright>            <media:description type="html">One of Amanda&#039;s many habits is that she is often breaking the laws of physics. Only Amanda knows how she does it.</media:description>            <media:thumbnail url="https://t00.deviantart.net/ygsBAPN_iBlBIFnZXluyGWLvonM=/fit-in/150x150/filters:no_upscale():origin()/pre00/2b8b/th/pre/i/2018/194/b/2/amanda_likes_to_break_reality_by_somcothehedgehog-dch56qm.png" height="121" width="150"/>            <media:thumbnail url="https://t00.deviantart.net/lXrFhMro-9fFKFCkSw-I6ZtNyk8=/fit-in/300x900/filters:no_upscale():origin()/pre00/2b8b/th/pre/i/2018/194/b/2/amanda_likes_to_break_reality_by_somcothehedgehog-dch56qm.png" height="241" width="300"/>            <media:thumbnail url="https://t00.deviantart.net/SyQhn6xV7d2FWzyr2Hs0H1JMDjc=/300x200/filters:fixed_height(100,100):origin()/pre00/2b8b/th/pre/i/2018/194/b/2/amanda_likes_to_break_reality_by_somcothehedgehog-dch56qm.png" height="200" width="249"/>            <media:content url="https://pre00.deviantart.net/2b8b/th/pre/i/2018/194/b/2/amanda_likes_to_break_reality_by_somcothehedgehog-dch56qm.png" height="802" width="997" medium="image"/>            
            <description>One of Amanda&#039;s many habits is that she is often breaking the laws of physics. Only Amanda knows how she does it.&lt;br /&gt;&lt;div&gt;&lt;img src=&quot;https://t00.deviantart.net/SyQhn6xV7d2FWzyr2Hs0H1JMDjc=/300x200/filters:fixed_height(100,100):origin()/pre00/2b8b/th/pre/i/2018/194/b/2/amanda_likes_to_break_reality_by_somcothehedgehog-dch56qm.png&quot; alt=&quot;thumbnail&quot; /&gt;&lt;/div&gt;</description>            </item>
                    <item>
                <title>Raleigh</title>
                <link>https://todd-net.deviantart.com/art/Raleigh-751184419</link>
                <guid isPermaLink="true">https://todd-net.deviantart.com/art/Raleigh-751184419</guid>
                <pubDate>Sat, 23 Jun 2018 14:41:08 PDT</pubDate>
                        <media:title type="plain">Raleigh</media:title>
        <media:keywords></media:keywords>
                        <media:rating>nonadult</media:rating>
                <media:category label="Animals">anthro/digital/drawings/animals</media:category>
        <media:credit role="author" scheme="urn:ebu">TODD-NET</media:credit>
        <media:credit role="author" scheme="urn:ebu">https://a.deviantart.net/avatars/t/o/todd-net.png?11</media:credit>
        <media:copyright url="https://todd-net.deviantart.com">Copyright 2018-2019 TODD-NET</media:copyright>            <media:description type="html">i bought a design from &lt;span class=&quot;username-with-symbol u&quot;&gt;&lt;a class=&quot;u premium username&quot; href=&quot;https://weaselbrat.deviantart.com&quot;&gt;weaselbrat&lt;/a&gt;&lt;span class=&quot;user-symbol premium&quot; data-quicktip-text=&quot;Core Member&quot; data-show-tooltip=&quot;1&quot; data-gruser-type=&quot;premium&quot;&gt;&lt;/span&gt;&lt;/span&gt; ! his name is raleigh and he loves cherry coke</media:description>            <media:thumbnail url="https://t00.deviantart.net/mdplrkPzAMH6xpivXJ_Z_p2Vhl0=/fit-in/150x150/filters:no_upscale():origin()/pre00/f385/th/pre/f/2018/174/9/0/raleigh_by_todd_net-dcf8hlv.png" height="150" width="141"/>            <media:thumbnail url="https://t00.deviantart.net/D4OhSWxY-63DockJhtRKoJUPbWc=/fit-in/300x900/filters:no_upscale():origin()/pre00/f385/th/pre/f/2018/174/9/0/raleigh_by_todd_net-dcf8hlv.png" height="318" width="300"/>            <media:thumbnail url="https://t00.deviantart.net/D5SE3Jm2wLyac0fcHRZG9gL7rTM=/300x200/filters:fixed_height(100,100):origin()/pre00/f385/th/pre/f/2018/174/9/0/raleigh_by_todd_net-dcf8hlv.png" height="200" width="189"/>            <media:content url="https://orig00.deviantart.net/4cae/f/2018/174/9/0/raleigh_by_todd_net-dcf8hlv.png" height="800" width="754" medium="image"/>            
            <description>i bought a design from &lt;span class=&quot;username-with-symbol u&quot;&gt;&lt;a class=&quot;u premium username&quot; href=&quot;https://weaselbrat.deviantart.com&quot;&gt;weaselbrat&lt;/a&gt;&lt;span class=&quot;user-symbol premium&quot; data-quicktip-text=&quot;Core Member&quot; data-show-tooltip=&quot;1&quot; data-gruser-type=&quot;premium&quot;&gt;&lt;/span&gt;&lt;/span&gt; ! his name is raleigh and he loves cherry coke&lt;br /&gt;&lt;div&gt;&lt;img src=&quot;https://t00.deviantart.net/D5SE3Jm2wLyac0fcHRZG9gL7rTM=/300x200/filters:fixed_height(100,100):origin()/pre00/f385/th/pre/f/2018/174/9/0/raleigh_by_todd_net-dcf8hlv.png&quot; alt=&quot;thumbnail&quot; /&gt;&lt;/div&gt;</description>            </item>
                    <item>
                <title>The ECW Originals</title>
                <link>https://wwematchcard.deviantart.com/art/The-ECW-Originals-746713575</link>
                <guid isPermaLink="true">https://wwematchcard.deviantart.com/art/The-ECW-Originals-746713575</guid>
                <pubDate>Sat, 26 May 2018 06:20:31 PDT</pubDate>
                        <media:title type="plain">The ECW Originals</media:title>
        <media:keywords></media:keywords>
                        <media:rating>nonadult</media:rating>
                <media:category label="Other">designs/other</media:category>
        <media:credit role="author" scheme="urn:ebu">WWEMatchCard</media:credit>
        <media:credit role="author" scheme="urn:ebu">https://a.deviantart.net/avatars/w/w/wwematchcard.png?7</media:credit>
        <media:copyright url="https://wwematchcard.deviantart.com">Copyright 2018-2019 WWEMatchCard</media:copyright>            <media:description type="html"></media:description>            <media:thumbnail url="https://t00.deviantart.net/I6FK6XGuhenMcylfM7kbMPRZoKk=/fit-in/150x150/filters:no_upscale():origin()/pre00/9bd1/th/pre/f/2018/146/2/8/the_ecw_originals_by_wwematchcard-dccknvr.png" height="150" width="110"/>            <media:thumbnail url="https://t00.deviantart.net/kmlusD0_HCMyTwG5su67_4h8lR8=/fit-in/300x900/filters:no_upscale():origin()/pre00/9bd1/th/pre/f/2018/146/2/8/the_ecw_originals_by_wwematchcard-dccknvr.png" height="410" width="300"/>            <media:thumbnail url="https://t00.deviantart.net/qGjlDbvkJv7BCcR72B10eeriTL8=/300x200/filters:fixed_height(100,100):origin()/pre00/9bd1/th/pre/f/2018/146/2/8/the_ecw_originals_by_wwematchcard-dccknvr.png" height="200" width="146"/>            <media:content url="https://pre00.deviantart.net/9bd1/th/pre/f/2018/146/2/8/the_ecw_originals_by_wwematchcard-dccknvr.png" height="1045" width="765" medium="image"/>            
            <description>&lt;br /&gt;&lt;div&gt;&lt;img src=&quot;https://t00.deviantart.net/qGjlDbvkJv7BCcR72B10eeriTL8=/300x200/filters:fixed_height(100,100):origin()/pre00/9bd1/th/pre/f/2018/146/2/8/the_ecw_originals_by_wwematchcard-dccknvr.png&quot; alt=&quot;thumbnail&quot; /&gt;&lt;/div&gt;</description>            </item>
                    <item>
                <title>WWE RAW Tag Team Division 2018</title>
                <link>https://wwematchcard.deviantart.com/art/WWE-RAW-Tag-Team-Division-2018-742618811</link>
                <guid isPermaLink="true">https://wwematchcard.deviantart.com/art/WWE-RAW-Tag-Team-Division-2018-742618811</guid>
                <pubDate>Sun, 29 Apr 2018 00:55:06 PDT</pubDate>
                        <media:title type="plain">WWE RAW Tag Team Division 2018</media:title>
        <media:keywords></media:keywords>
                        <media:rating>nonadult</media:rating>
                <media:category label="Other">designs/other</media:category>
        <media:credit role="author" scheme="urn:ebu">WWEMatchCard</media:credit>
        <media:credit role="author" scheme="urn:ebu">https://a.deviantart.net/avatars/w/w/wwematchcard.png?7</media:credit>
        <media:copyright url="https://wwematchcard.deviantart.com">Copyright 2018-2019 WWEMatchCard</media:copyright>            <media:description type="html"></media:description>            <media:thumbnail url="https://t00.deviantart.net/n2lsIDnmErtyG6molPZk44CuSa4=/fit-in/150x150/filters:no_upscale():origin()/pre00/cff8/th/pre/i/2018/119/8/4/wwe_raw_tag_team_division_2018_by_wwematchcard-dca4wcb.png" height="150" width="135"/>            <media:thumbnail url="https://t00.deviantart.net/kqhATqsmSRoStjQ_Ze2AjSeq37o=/fit-in/300x900/filters:no_upscale():origin()/pre00/cff8/th/pre/i/2018/119/8/4/wwe_raw_tag_team_division_2018_by_wwematchcard-dca4wcb.png" height="334" width="300"/>            <media:thumbnail url="https://t00.deviantart.net/d8p3kvfIyuIZBLz2KLtmRMOPibo=/300x200/filters:fixed_height(100,100):origin()/pre00/cff8/th/pre/i/2018/119/8/4/wwe_raw_tag_team_division_2018_by_wwematchcard-dca4wcb.png" height="200" width="179"/>            <media:content url="https://pre00.deviantart.net/cff8/th/pre/i/2018/119/8/4/wwe_raw_tag_team_division_2018_by_wwematchcard-dca4wcb.png" height="944" width="847" medium="image"/>            
            <description>&lt;br /&gt;&lt;div&gt;&lt;img src=&quot;https://t00.deviantart.net/d8p3kvfIyuIZBLz2KLtmRMOPibo=/300x200/filters:fixed_height(100,100):origin()/pre00/cff8/th/pre/i/2018/119/8/4/wwe_raw_tag_team_division_2018_by_wwematchcard-dca4wcb.png&quot; alt=&quot;thumbnail&quot; /&gt;&lt;/div&gt;</description>            </item>
                    <item>
                <title>Art Class Punishment</title>
                <link>https://somcothehedgehog.deviantart.com/art/Art-Class-Punishment-733734879</link>
                <guid isPermaLink="true">https://somcothehedgehog.deviantart.com/art/Art-Class-Punishment-733734879</guid>
                <pubDate>Sat, 03 Mar 2018 13:01:13 PST</pubDate>
                        <media:title type="plain">Art Class Punishment</media:title>
        <media:keywords></media:keywords>
                        <media:rating>nonadult</media:rating>
                <media:category label="Games">fanart/digital/vexel/games</media:category>
        <media:credit role="author" scheme="urn:ebu">Somcothehedgehog</media:credit>
        <media:credit role="author" scheme="urn:ebu">https://a.deviantart.net/avatars/s/o/somcothehedgehog.gif?7</media:credit>
        <media:copyright url="https://somcothehedgehog.deviantart.com">Copyright 2018-2019 Somcothehedgehog</media:copyright>            <media:description type="html">After getting into fights, vandalising property, writing mean messages on walls and getting forced into doing Art Class as punishment, is the punishment worth it after getting good and better at art after causing trouble?&lt;br /&gt;Yes, I really do need to learn how to get better at drawing.</media:description>            <media:thumbnail url="https://t00.deviantart.net/wekeKK989_GQoYgyCaZhR3NxCo0=/fit-in/150x150/filters:no_upscale():origin()/pre00/d019/th/pre/f/2018/062/8/2/art_class_punishment_by_somcothehedgehog-dc4uhgf.png" height="100" width="150"/>            <media:thumbnail url="https://t00.deviantart.net/MrbFhCvnaFnn6tcijrmYQVfrgNk=/fit-in/300x900/filters:no_upscale():origin()/pre00/d019/th/pre/f/2018/062/8/2/art_class_punishment_by_somcothehedgehog-dc4uhgf.png" height="200" width="300"/>            <media:thumbnail url="https://t00.deviantart.net/XwSBWNcOGBRXDg479NKFBsPaPL0=/300x200/filters:fixed_height(100,100):origin()/pre00/d019/th/pre/f/2018/062/8/2/art_class_punishment_by_somcothehedgehog-dc4uhgf.png" height="200" width="300"/>            <media:content url="https://pre00.deviantart.net/d019/th/pre/f/2018/062/8/2/art_class_punishment_by_somcothehedgehog-dc4uhgf.png" height="729" width="1096" medium="image"/>            
            <description>After getting into fights, vandalising property, writing mean messages on walls and getting forced into doing Art Class as punishment, is the punishment worth it after getting good and better at art after causing trouble?&lt;br /&gt;Yes, I really do need to learn how to get better at drawing.&lt;br /&gt;&lt;div&gt;&lt;img src=&quot;https://t00.deviantart.net/XwSBWNcOGBRXDg479NKFBsPaPL0=/300x200/filters:fixed_height(100,100):origin()/pre00/d019/th/pre/f/2018/062/8/2/art_class_punishment_by_somcothehedgehog-dc4uhgf.png&quot; alt=&quot;thumbnail&quot; /&gt;&lt;/div&gt;</description>            </item>
                    <item>
                <title>Cooncrete and Kabulky</title>
                <link>https://gayowl.deviantart.com/art/Cooncrete-and-Kabulky-731072586</link>
                <guid isPermaLink="true">https://gayowl.deviantart.com/art/Cooncrete-and-Kabulky-731072586</guid>
                <pubDate>Thu, 15 Feb 2018 11:25:29 PST</pubDate>
                        <media:title type="plain">Cooncrete and Kabulky</media:title>
        <media:keywords></media:keywords>
                        <media:rating>nonadult</media:rating>
                <media:category label="Games">fanart/manga/digital/games</media:category>
        <media:credit role="author" scheme="urn:ebu">GayOwl</media:credit>
        <media:credit role="author" scheme="urn:ebu">https://a.deviantart.net/avatars/g/a/gayowl.png?4</media:credit>
        <media:copyright url="https://gayowl.deviantart.com">Copyright 2018-2019 GayOwl</media:copyright>            <media:description type="html">The Concrete Coat and The Concrete Muscles&lt;br /&gt;Bug/Rock and Rock/Fighting</media:description>            <media:thumbnail url="https://t00.deviantart.net/ONclB7Q_mQGlear-qNrnpGJgysA=/fit-in/150x150/filters:no_upscale():origin()/pre00/f269/th/pre/f/2018/046/f/c/cooncrete_and_kabulky_by_gayowl-dc39f7u.jpg" height="90" width="150"/>            <media:thumbnail url="https://t00.deviantart.net/_cucaOeuo0AdBadbaBrCEeKMrZE=/fit-in/300x900/filters:no_upscale():origin()/pre00/f269/th/pre/f/2018/046/f/c/cooncrete_and_kabulky_by_gayowl-dc39f7u.jpg" height="180" width="300"/>            <media:thumbnail url="https://t00.deviantart.net/ahNcDze2rV0Ma9NGkF9SVYpK45Y=/300x200/filters:fixed_height(100,100):origin()/pre00/f269/th/pre/f/2018/046/f/c/cooncrete_and_kabulky_by_gayowl-dc39f7u.jpg" height="180" width="300"/>            <media:content url="https://orig00.deviantart.net/51d3/f/2018/046/f/c/cooncrete_and_kabulky_by_gayowl-dc39f7u.jpg" height="480" width="800" medium="image"/>            
            <description>The Concrete Coat and The Concrete Muscles&lt;br /&gt;Bug/Rock and Rock/Fighting&lt;br /&gt;&lt;div&gt;&lt;img src=&quot;https://t00.deviantart.net/ahNcDze2rV0Ma9NGkF9SVYpK45Y=/300x200/filters:fixed_height(100,100):origin()/pre00/f269/th/pre/f/2018/046/f/c/cooncrete_and_kabulky_by_gayowl-dc39f7u.jpg&quot; alt=&quot;thumbnail&quot; /&gt;&lt;/div&gt;</description>            </item>
                    <item>
                <title>Kevin - Zootopia Fan Comic - Commission</title>
                <link>https://thegorysaint.deviantart.com/art/Kevin-Zootopia-Fan-Comic-Commission-730417055</link>
                <guid isPermaLink="true">https://thegorysaint.deviantart.com/art/Kevin-Zootopia-Fan-Comic-Commission-730417055</guid>
                <pubDate>Sun, 11 Feb 2018 12:41:25 PST</pubDate>
                        <media:title type="plain">Kevin - Zootopia Fan Comic - Commission</media:title>
        <media:keywords></media:keywords>
                        <media:rating>nonadult</media:rating>
                <media:category label="Pages">cartoons/traditional/comics/pages</media:category>
        <media:credit role="author" scheme="urn:ebu">TheGorySaint</media:credit>
        <media:credit role="author" scheme="urn:ebu">https://a.deviantart.net/avatars/t/h/thegorysaint.jpg?1</media:credit>
        <media:copyright url="https://thegorysaint.deviantart.com">Copyright 2018-2019 TheGorySaint</media:copyright>            <media:description type="html">&lt;h2&gt;&lt;span&gt;&amp;#8220;In Loving Memory of Kevin&amp;#8221;&lt;/span&gt;&lt;/h2&gt;&lt;p&gt;Commission for&amp;nbsp;&lt;a href=&quot;https://www.deviantart.com/users/outgoing?https://tmblr.co/myyqJP6kc2JjA1dLqiGlshw&quot;&gt;&lt;/a&gt;&lt;a href=&quot;https://www.deviantart.com/users/outgoing?https://tmblr.co/myyqJP6kc2JjA1dLqiGlshw&quot;&gt;@ragingwerewolfdude&lt;/a&gt;, original story&amp;nbsp;&lt;span&gt;&lt;a class=&quot;external&quot; href=&quot;https://www.deviantart.com/users/outgoing?https://ragingwerewolfdude.tumblr.com/post/166698864421/chief-bogo-wilde-why-is-there-a-chicken-in-my&quot;&gt;here&lt;/a&gt;&lt;/span&gt;. I really never expected to draw a chicken as my first commission but it was fun and I loved it how he came up. Thanks for trusting me with this fun little story and I hope you love it as much as I do.&lt;/p&gt;&lt;p&gt;I you are interested in something like this, here is the&amp;nbsp;&lt;span&gt;&lt;a href=&quot;https://thegorysaint.deviantart.com/journal/Commissions-Open-Temporarily-729815901&quot;&gt;commission info&lt;/a&gt;&lt;/span&gt;.&lt;/p&gt;&lt;p&gt;Until next time, I love Ya&amp;#8217;ll, CHEERS!!!&lt;/p&gt;&lt;h2&gt;&lt;a class=&quot;external&quot; href=&quot;https://www.deviantart.com/users/outgoing?https://t.umblr.com/redirect?z=https%3A%2F%2Fwww.deviantart.com%2Fusers%2Foutgoing%3Fhttps%3A%2F%2Ft.umblr.com%2Fredirect%3Fz%3Dhttps%253A%252F%252Fko-fi.com%252Fthegorysaint%26t%3DNjk3MmY4YmZiOWUzMTU1YjExYmU5YzFmZTEwMzNmOGRiNWQ2M2MxNyx5VjNCa3hZMA%253D%253D%26b%3Dt%253AQCJ36ogaQ5lwO1xzP3XDKQ%26p%3Dhttps%253A%252F%252Fthegorysaint.tumblr.com%252Fpost%252F169557445686%252Flet-me-fix-that-for-ya-here-it-is-a-drawing%26m%3D1&amp;amp;t=OWE4NTc3ZmQxZjk1NDEwNDRlMDdiMTM4YTAxNjg2ZjA2MjI3MTdiMyxvc1hxVUtHVw%3D%3D&amp;amp;b=t%3AQCJ36ogaQ5lwO1xzP3XDKQ&amp;amp;p=https%3A%2F%2Fthegorysaint.tumblr.com%2Fpost%2F170585813121%2Fprince-ashitaka-wilde-well-i-had-to-draw-him-too&amp;amp;m=1&quot;&gt;Buy me a Coffe&lt;/a&gt;e&lt;/h2&gt;</media:description>            <media:thumbnail url="https://t00.deviantart.net/uvPjqwW-cUW2L9Oav7g64AoHWoo=/fit-in/150x150/filters:no_upscale():origin()/pre00/8a81/th/pre/i/2018/042/6/e/kevin___zootopia_fan_comic___commission_by_thegorysaint-dc2vden.jpg" height="150" width="84"/>            <media:thumbnail url="https://t00.deviantart.net/D7HWupqWoOEDzp1vlCAGtWmHq-g=/fit-in/300x900/filters:no_upscale():origin()/pre00/8a81/th/pre/i/2018/042/6/e/kevin___zootopia_fan_comic___commission_by_thegorysaint-dc2vden.jpg" height="537" width="300"/>            <media:thumbnail url="https://t00.deviantart.net/Mk5CWqbHG52tjTeO17MH_AeMoeM=/300x200/filters:fixed_height(100,100):origin()/pre00/8a81/th/pre/i/2018/042/6/e/kevin___zootopia_fan_comic___commission_by_thegorysaint-dc2vden.jpg" height="200" width="112"/>            <media:content url="https://pre00.deviantart.net/8a81/th/pre/i/2018/042/6/e/kevin___zootopia_fan_comic___commission_by_thegorysaint-dc2vden.jpg" height="1196" width="668" medium="image"/>            
            <description>&lt;h2&gt;&lt;span&gt;&amp;#8220;In Loving Memory of Kevin&amp;#8221;&lt;/span&gt;&lt;/h2&gt;&lt;p&gt;Commission for&amp;nbsp;&lt;a href=&quot;https://www.deviantart.com/users/outgoing?https://tmblr.co/myyqJP6kc2JjA1dLqiGlshw&quot;&gt;&lt;/a&gt;&lt;a href=&quot;https://www.deviantart.com/users/outgoing?https://tmblr.co/myyqJP6kc2JjA1dLqiGlshw&quot;&gt;@ragingwerewolfdude&lt;/a&gt;, original story&amp;nbsp;&lt;span&gt;&lt;a class=&quot;external&quot; href=&quot;https://www.deviantart.com/users/outgoing?https://ragingwerewolfdude.tumblr.com/post/166698864421/chief-bogo-wilde-why-is-there-a-chicken-in-my&quot;&gt;here&lt;/a&gt;&lt;/span&gt;. I really never expected to draw a chicken as my first commission but it was fun and I loved it how he came up. Thanks for trusting me with this fun little story and I hope you love it as much as I do.&lt;/p&gt;&lt;p&gt;I you are interested in something like this, here is the&amp;nbsp;&lt;span&gt;&lt;a href=&quot;https://thegorysaint.deviantart.com/journal/Commissions-Open-Temporarily-729815901&quot;&gt;commission info&lt;/a&gt;&lt;/span&gt;.&lt;/p&gt;&lt;p&gt;Until next time, I love Ya&amp;#8217;ll, CHEERS!!!&lt;/p&gt;&lt;h2&gt;&lt;a class=&quot;external&quot; href=&quot;https://www.deviantart.com/users/outgoing?https://t.umblr.com/redirect?z=https%3A%2F%2Fwww.deviantart.com%2Fusers%2Foutgoing%3Fhttps%3A%2F%2Ft.umblr.com%2Fredirect%3Fz%3Dhttps%253A%252F%252Fko-fi.com%252Fthegorysaint%26t%3DNjk3MmY4YmZiOWUzMTU1YjExYmU5YzFmZTEwMzNmOGRiNWQ2M2MxNyx5VjNCa3hZMA%253D%253D%26b%3Dt%253AQCJ36ogaQ5lwO1xzP3XDKQ%26p%3Dhttps%253A%252F%252Fthegorysaint.tumblr.com%252Fpost%252F169557445686%252Flet-me-fix-that-for-ya-here-it-is-a-drawing%26m%3D1&amp;amp;t=OWE4NTc3ZmQxZjk1NDEwNDRlMDdiMTM4YTAxNjg2ZjA2MjI3MTdiMyxvc1hxVUtHVw%3D%3D&amp;amp;b=t%3AQCJ36ogaQ5lwO1xzP3XDKQ&amp;amp;p=https%3A%2F%2Fthegorysaint.tumblr.com%2Fpost%2F170585813121%2Fprince-ashitaka-wilde-well-i-had-to-draw-him-too&amp;amp;m=1&quot;&gt;Buy me a Coffe&lt;/a&gt;e&lt;/h2&gt;&lt;br /&gt;&lt;div&gt;&lt;img src=&quot;https://t00.deviantart.net/Mk5CWqbHG52tjTeO17MH_AeMoeM=/300x200/filters:fixed_height(100,100):origin()/pre00/8a81/th/pre/i/2018/042/6/e/kevin___zootopia_fan_comic___commission_by_thegorysaint-dc2vden.jpg&quot; alt=&quot;thumbnail&quot; /&gt;&lt;/div&gt;</description>            </item>
                    <item>
                <title>Rhinocoturtle</title>
                <link>https://bluephenex.deviantart.com/art/Rhinocoturtle-729981005</link>
                <guid isPermaLink="true">https://bluephenex.deviantart.com/art/Rhinocoturtle-729981005</guid>
                <pubDate>Fri, 09 Feb 2018 00:38:25 PST</pubDate>
                        <media:title type="plain">Rhinocoturtle</media:title>
        <media:keywords></media:keywords>
                        <media:rating>nonadult</media:rating>
                <media:category label="Fantasy">traditional/drawings/fantasy</media:category>
        <media:credit role="author" scheme="urn:ebu">bluephenex</media:credit>
        <media:credit role="author" scheme="urn:ebu">https://a.deviantart.net/avatars/b/l/bluephenex.png?4</media:credit>
        <media:copyright url="https://bluephenex.deviantart.com">Copyright 2018-2019 bluephenex</media:copyright>            <media:description type="html">Rhinocoturtle popped in to my head today, so I figured I&amp;#8217;d put him on paper.</media:description>            <media:thumbnail url="https://t00.deviantart.net/ODtPceKIO0XLm_C3U7iyRnv-3MU=/fit-in/150x150/filters:no_upscale():origin()/pre00/41bd/th/pre/i/2018/040/b/1/rhinocoturtle_by_bluephenex-dc2m0y5.jpg" height="150" width="113"/>            <media:thumbnail url="https://t00.deviantart.net/uXaCCcmFY5CNV0DFHMmY6BFIfQQ=/fit-in/300x900/filters:no_upscale():origin()/pre00/41bd/th/pre/i/2018/040/b/1/rhinocoturtle_by_bluephenex-dc2m0y5.jpg" height="400" width="300"/>            <media:thumbnail url="https://t00.deviantart.net/1EBCDX-NZvk5J43sBqsOfTD6PaM=/300x200/filters:fixed_height(100,100):origin()/pre00/41bd/th/pre/i/2018/040/b/1/rhinocoturtle_by_bluephenex-dc2m0y5.jpg" height="200" width="150"/>            <media:content url="https://pre00.deviantart.net/41bd/th/pre/i/2018/040/b/1/rhinocoturtle_by_bluephenex-dc2m0y5.jpg" height="1032" width="774" medium="image"/>            
            <description>Rhinocoturtle popped in to my head today, so I figured I&amp;#8217;d put him on paper.&lt;br /&gt;&lt;div&gt;&lt;img src=&quot;https://t00.deviantart.net/1EBCDX-NZvk5J43sBqsOfTD6PaM=/300x200/filters:fixed_height(100,100):origin()/pre00/41bd/th/pre/i/2018/040/b/1/rhinocoturtle_by_bluephenex-dc2m0y5.jpg&quot; alt=&quot;thumbnail&quot; /&gt;&lt;/div&gt;</description>            </item>
                    <item>
                <title>Rhyno.</title>
                <link>https://whitespectre43.deviantart.com/art/Rhyno-727871389</link>
                <guid isPermaLink="true">https://whitespectre43.deviantart.com/art/Rhyno-727871389</guid>
                <pubDate>Sat, 27 Jan 2018 14:27:55 PST</pubDate>
                        <media:title type="plain">Rhyno.</media:title>
        <media:keywords></media:keywords>
                        <media:rating>nonadult</media:rating>
                <media:category label="Other">designs/other</media:category>
        <media:credit role="author" scheme="urn:ebu">WhiteSpectre43</media:credit>
        <media:credit role="author" scheme="urn:ebu">https://a.deviantart.net/avatars/w/h/whitespectre43.jpg?4</media:credit>
        <media:copyright url="https://whitespectre43.deviantart.com">Copyright 2018-2019 WhiteSpectre43</media:copyright>            <media:description type="html">The Man beast himself.&amp;nbsp;</media:description>            <media:thumbnail url="https://t00.deviantart.net/KhMBh6UhY1Jyu5Wc8cFZLnLotT0=/fit-in/150x150/filters:no_upscale():origin()/pre00/af62/th/pre/f/2018/027/a/5/rhyno__by_whitespectre43-dc1ct5p.png" height="112" width="150"/>            <media:thumbnail url="https://t00.deviantart.net/D_tVC0aE3qnLyceG94YhzNNaV1o=/fit-in/300x900/filters:no_upscale():origin()/pre00/af62/th/pre/f/2018/027/a/5/rhyno__by_whitespectre43-dc1ct5p.png" height="223" width="300"/>            <media:thumbnail url="https://t00.deviantart.net/WcgK_bta3lr9aWe7tggoZ52ufsM=/300x200/filters:fixed_height(100,100):origin()/pre00/af62/th/pre/f/2018/027/a/5/rhyno__by_whitespectre43-dc1ct5p.png" height="200" width="269"/>            <media:content url="https://orig00.deviantart.net/64a1/f/2018/027/a/5/rhyno__by_whitespectre43-dc1ct5p.png" height="616" width="828" medium="image"/>            
            <description>The Man beast himself.&amp;nbsp;&lt;br /&gt;&lt;div&gt;&lt;img src=&quot;https://t00.deviantart.net/WcgK_bta3lr9aWe7tggoZ52ufsM=/300x200/filters:fixed_height(100,100):origin()/pre00/af62/th/pre/f/2018/027/a/5/rhyno__by_whitespectre43-dc1ct5p.png&quot; alt=&quot;thumbnail&quot; /&gt;&lt;/div&gt;</description>            </item>
                    <item>
                <title>WWE Slater and Rhyno SmackDown Tag Team Champion</title>
                <link>https://spartan22294.deviantart.com/art/WWE-Slater-and-Rhyno-SmackDown-Tag-Team-Champion-725319462</link>
                <guid isPermaLink="true">https://spartan22294.deviantart.com/art/WWE-Slater-and-Rhyno-SmackDown-Tag-Team-Champion-725319462</guid>
                <pubDate>Sat, 13 Jan 2018 01:28:11 PST</pubDate>
                        <media:title type="plain">WWE Slater and Rhyno SmackDown Tag Team Champion</media:title>
        <media:keywords></media:keywords>
                        <media:rating>nonadult</media:rating>
                <media:category label="Other">customization/screenshots/other</media:category>
        <media:credit role="author" scheme="urn:ebu">SPARTAN22294</media:credit>
        <media:credit role="author" scheme="urn:ebu">https://a.deviantart.net/avatars/s/p/spartan22294.png?10</media:credit>
        <media:copyright url="https://spartan22294.deviantart.com">Copyright 2018-2019 SPARTAN22294</media:copyright>            <media:description type="html">Here is a screenshot of Rhyno titles history.&lt;br /&gt;&lt;br /&gt;The next title that Rhyno won in the WWE was the WWE SmackDown Tag Team Championship with&amp;nbsp;Heath Slater.&amp;nbsp;They won it on September 11, 2016 at Backlash from The Usos (Jey and Jimmy Uso) in the tournament final. They were the Inaugural/First WWE SmackDown Tag Team Champions. They loss the titles on December 4, 2016 at TLC Tables, Ladders &amp;amp; Chairs to The Wyatt Family. (Bray Wyatt, Luke Harper, and Randy Orton)&lt;br /&gt;&lt;br /&gt;WWE 2K18 &amp;#169; Yuke&#039;s and Visual Concepts&lt;br /&gt;Screenshot taken from WWE 2K18 on Xbox One.</media:description>            <media:thumbnail url="https://t00.deviantart.net/JRI9-E5FrvGMTeBguTTwyPqVPfU=/fit-in/150x150/filters:no_upscale():origin()/pre00/b8cc/th/pre/i/2018/013/5/4/wwe_slater_and_rhyno_smackdown_tag_team_champion_by_spartan22294-dbzu42u.png" height="84" width="150"/>            <media:thumbnail url="https://t00.deviantart.net/cKyZZdg_sDz_KuPxF7wVxPbKV9A=/fit-in/300x900/filters:no_upscale():origin()/pre00/b8cc/th/pre/i/2018/013/5/4/wwe_slater_and_rhyno_smackdown_tag_team_champion_by_spartan22294-dbzu42u.png" height="169" width="300"/>            <media:thumbnail url="https://t00.deviantart.net/TcUTLA0e8L7gUx0s2B2-aDvSkts=/300x200/filters:fixed_height(100,100):origin()/pre00/b8cc/th/pre/i/2018/013/5/4/wwe_slater_and_rhyno_smackdown_tag_team_champion_by_spartan22294-dbzu42u.png" height="169" width="300"/>            <media:content url="https://img00.deviantart.net/155e/i/2018/013/5/4/wwe_slater_and_rhyno_smackdown_tag_team_champion_by_spartan22294-dbzu42u.png" height="576" width="1024" medium="image"/>            
            <description>Here is a screenshot of Rhyno titles history.&lt;br /&gt;&lt;br /&gt;The next title that Rhyno won in the WWE was the WWE SmackDown Tag Team Championship with&amp;nbsp;Heath Slater.&amp;nbsp;They won it on September 11, 2016 at Backlash from The Usos (Jey and Jimmy Uso) in the tournament final. They were the Inaugural/First WWE SmackDown Tag Team Champions. They loss the titles on December 4, 2016 at TLC Tables, Ladders &amp;amp; Chairs to The Wyatt Family. (Bray Wyatt, Luke Harper, and Randy Orton)&lt;br /&gt;&lt;br /&gt;WWE 2K18 &amp;#169; Yuke&#039;s and Visual Concepts&lt;br /&gt;Screenshot taken from WWE 2K18 on Xbox One.&lt;br /&gt;&lt;div&gt;&lt;img src=&quot;https://t00.deviantart.net/TcUTLA0e8L7gUx0s2B2-aDvSkts=/300x200/filters:fixed_height(100,100):origin()/pre00/b8cc/th/pre/i/2018/013/5/4/wwe_slater_and_rhyno_smackdown_tag_team_champion_by_spartan22294-dbzu42u.png&quot; alt=&quot;thumbnail&quot; /&gt;&lt;/div&gt;</description>            </item>
                    <item>
                <title>birthday with rubber and cake!</title>
                <link>https://muscledrakita.deviantart.com/art/birthday-with-rubber-and-cake-741789104</link>
                <guid isPermaLink="true">https://muscledrakita.deviantart.com/art/birthday-with-rubber-and-cake-741789104</guid>
                <pubDate>Mon, 23 Apr 2018 11:35:22 PDT</pubDate>
                        <media:title type="plain">birthday with rubber and cake!</media:title>
        <media:keywords></media:keywords>
                        <media:rating>adult</media:rating>
                <media:category label="Animals">anthro/digital/drawings/animals</media:category>
        <media:credit role="author" scheme="urn:ebu">muscleDrakita</media:credit>
        <media:credit role="author" scheme="urn:ebu">https://a.deviantart.net/avatars/m/u/muscledrakita.png?5</media:credit>
        <media:copyright url="https://muscledrakita.deviantart.com">Copyright 2018-2019 muscleDrakita</media:copyright>            <media:description type="html">who wants cake?&lt;br /&gt;commission for omegamysterium for his bud rubberbuns and his birthday.</media:description>            <media:thumbnail url="https://t00.deviantart.net/-beybkjdSFPEUL7E8tkYmDHSEMc=/fit-in/150x150/filters:no_upscale():origin()/pre00/49d7/th/pre/i/2018/113/f/3/birthday_with_rubber_and_cake__by_muscledrakita-dc9n44w.png" height="110" width="150"/>            <media:thumbnail url="https://t00.deviantart.net/5Kfr_ey5rV_RpEmXimwcvi0264w=/fit-in/300x900/filters:no_upscale():origin()/pre00/49d7/th/pre/i/2018/113/f/3/birthday_with_rubber_and_cake__by_muscledrakita-dc9n44w.png" height="219" width="300"/>            <media:thumbnail url="https://t00.deviantart.net/HQuFcE7Mz7XaEFhA06gTDrhw_7g=/300x200/filters:fixed_height(100,100):origin()/pre00/49d7/th/pre/i/2018/113/f/3/birthday_with_rubber_and_cake__by_muscledrakita-dc9n44w.png" height="200" width="273"/>            <media:content url="https://img00.deviantart.net/0d3d/i/2018/113/f/3/birthday_with_rubber_and_cake__by_muscledrakita-dc9n44w.png" height="749" width="1024" medium="image"/>            
            <description>who wants cake?&lt;br /&gt;commission for omegamysterium for his bud rubberbuns and his birthday.&lt;br /&gt;&lt;div&gt;&lt;img src=&quot;https://t00.deviantart.net/HQuFcE7Mz7XaEFhA06gTDrhw_7g=/300x200/filters:fixed_height(100,100):origin()/pre00/49d7/th/pre/i/2018/113/f/3/birthday_with_rubber_and_cake__by_muscledrakita-dc9n44w.png&quot; alt=&quot;thumbnail&quot; /&gt;&lt;/div&gt;</description>            </item>
                    <item>
                <title>WWE 2K18 Rhyno WCW United States Champion</title>
                <link>https://spartan22294.deviantart.com/art/WWE-2K18-Rhyno-WCW-United-States-Champion-725318893</link>
                <guid isPermaLink="true">https://spartan22294.deviantart.com/art/WWE-2K18-Rhyno-WCW-United-States-Champion-725318893</guid>
                <pubDate>Sat, 13 Jan 2018 01:18:12 PST</pubDate>
                        <media:title type="plain">WWE 2K18 Rhyno WCW United States Champion</media:title>
        <media:keywords></media:keywords>
                        <media:rating>nonadult</media:rating>
                <media:category label="Other">customization/screenshots/other</media:category>
        <media:credit role="author" scheme="urn:ebu">SPARTAN22294</media:credit>
        <media:credit role="author" scheme="urn:ebu">https://a.deviantart.net/avatars/s/p/spartan22294.png?10</media:credit>
        <media:copyright url="https://spartan22294.deviantart.com">Copyright 2018-2019 SPARTAN22294</media:copyright>            <media:description type="html">Here is a screenshot of Rhyno titles history.&lt;br /&gt;&lt;br /&gt;The next title that Rhyno won in the WWE was the WCW United States Championship from&amp;nbsp;Tajiri on&amp;nbsp;September 23, 2001 on&amp;nbsp;Unforgiven. He loss the title to&amp;nbsp;Kurt Angle on&amp;nbsp;October 22, 2001 on RAW.&lt;br /&gt;&lt;br /&gt;On May 5, 2002 World Wrestling Federation was renamed World Wrestling Entertainment.&lt;br /&gt;&lt;br /&gt;WWE 2K18 &amp;#169; Yuke&#039;s and Visual Concepts&lt;br /&gt;Screenshot taken from WWE 2K18 on Xbox One.</media:description>            <media:thumbnail url="https://t00.deviantart.net/xk7ZPEnqNrObNRJs6xYJoHm4u0E=/fit-in/150x150/filters:no_upscale():origin()/pre00/3f1e/th/pre/i/2018/013/2/8/wwe_2k18_rhyno_wcw_united_states_champion_by_spartan22294-dbzu3n1.png" height="84" width="150"/>            <media:thumbnail url="https://t00.deviantart.net/UiOvkYJUke9ICZ6usP-Ag35KkVY=/fit-in/300x900/filters:no_upscale():origin()/pre00/3f1e/th/pre/i/2018/013/2/8/wwe_2k18_rhyno_wcw_united_states_champion_by_spartan22294-dbzu3n1.png" height="169" width="300"/>            <media:thumbnail url="https://t00.deviantart.net/21Nka9SvGwbxNe_yyIq4t7qm7PE=/300x200/filters:fixed_height(100,100):origin()/pre00/3f1e/th/pre/i/2018/013/2/8/wwe_2k18_rhyno_wcw_united_states_champion_by_spartan22294-dbzu3n1.png" height="169" width="300"/>            <media:content url="https://img00.deviantart.net/2e84/i/2018/013/2/8/wwe_2k18_rhyno_wcw_united_states_champion_by_spartan22294-dbzu3n1.png" height="576" width="1024" medium="image"/>            
            <description>Here is a screenshot of Rhyno titles history.&lt;br /&gt;&lt;br /&gt;The next title that Rhyno won in the WWE was the WCW United States Championship from&amp;nbsp;Tajiri on&amp;nbsp;September 23, 2001 on&amp;nbsp;Unforgiven. He loss the title to&amp;nbsp;Kurt Angle on&amp;nbsp;October 22, 2001 on RAW.&lt;br /&gt;&lt;br /&gt;On May 5, 2002 World Wrestling Federation was renamed World Wrestling Entertainment.&lt;br /&gt;&lt;br /&gt;WWE 2K18 &amp;#169; Yuke&#039;s and Visual Concepts&lt;br /&gt;Screenshot taken from WWE 2K18 on Xbox One.&lt;br /&gt;&lt;div&gt;&lt;img src=&quot;https://t00.deviantart.net/21Nka9SvGwbxNe_yyIq4t7qm7PE=/300x200/filters:fixed_height(100,100):origin()/pre00/3f1e/th/pre/i/2018/013/2/8/wwe_2k18_rhyno_wcw_united_states_champion_by_spartan22294-dbzu3n1.png&quot; alt=&quot;thumbnail&quot; /&gt;&lt;/div&gt;</description>            </item>
                    <item>
                <title>WWE 2K18 Rhyno WWF Hardcore Champion</title>
                <link>https://spartan22294.deviantart.com/art/WWE-2K18-Rhyno-WWF-Hardcore-Champion-725318531</link>
                <guid isPermaLink="true">https://spartan22294.deviantart.com/art/WWE-2K18-Rhyno-WWF-Hardcore-Champion-725318531</guid>
                <pubDate>Sat, 13 Jan 2018 01:09:46 PST</pubDate>
                        <media:title type="plain">WWE 2K18 Rhyno WWF Hardcore Champion</media:title>
        <media:keywords></media:keywords>
                        <media:rating>nonadult</media:rating>
                <media:category label="Other">customization/screenshots/other</media:category>
        <media:credit role="author" scheme="urn:ebu">SPARTAN22294</media:credit>
        <media:credit role="author" scheme="urn:ebu">https://a.deviantart.net/avatars/s/p/spartan22294.png?10</media:credit>
        <media:copyright url="https://spartan22294.deviantart.com">Copyright 2018-2019 SPARTAN22294</media:copyright>            <media:description type="html">Here is a screenshot of Rhyno titles history.&lt;br /&gt;&lt;br /&gt;The next title that Rhyno won in the WWE was the WWF Hardcord Championship. He won it on April 17, 2001 on SmackDown from Kane. He loss the title to Big Show on May 21, 2001 on RAW is War.&lt;br /&gt;&lt;br /&gt;He won the title again on May 28, 2001 on RAW is War from Chris Jericho . He loss the title to Test on June 12, 2001 on RAW is War.&lt;br /&gt;&lt;br /&gt;He won the title again on June 25, 2001 on RAW is War from Test. And loss the title to Mike Awesome on the same day.&lt;br /&gt;&lt;br /&gt;WWE 2K18 &amp;#169; Yuke&#039;s and Visual Concepts&lt;br /&gt;Screenshot taken from WWE 2K18 on Xbox One.</media:description>            <media:thumbnail url="https://t00.deviantart.net/jFiAFn20wOghDN44QlkgKHFQXNA=/fit-in/150x150/filters:no_upscale():origin()/pre00/5943/th/pre/i/2018/013/9/5/wwe_2k18_rhyno_wwf_hardcore_champion_by_spartan22294-dbzu3cz.png" height="84" width="150"/>            <media:thumbnail url="https://t00.deviantart.net/i_KymyJOFYxqPxXN_wjRxZB4n1E=/fit-in/300x900/filters:no_upscale():origin()/pre00/5943/th/pre/i/2018/013/9/5/wwe_2k18_rhyno_wwf_hardcore_champion_by_spartan22294-dbzu3cz.png" height="169" width="300"/>            <media:thumbnail url="https://t00.deviantart.net/fxxevcmNTgG3BDbqvtOwiL2WTLk=/300x200/filters:fixed_height(100,100):origin()/pre00/5943/th/pre/i/2018/013/9/5/wwe_2k18_rhyno_wwf_hardcore_champion_by_spartan22294-dbzu3cz.png" height="169" width="300"/>            <media:content url="https://img00.deviantart.net/b9c3/i/2018/013/9/5/wwe_2k18_rhyno_wwf_hardcore_champion_by_spartan22294-dbzu3cz.png" height="576" width="1024" medium="image"/>            
            <description>Here is a screenshot of Rhyno titles history.&lt;br /&gt;&lt;br /&gt;The next title that Rhyno won in the WWE was the WWF Hardcord Championship. He won it on April 17, 2001 on SmackDown from Kane. He loss the title to Big Show on May 21, 2001 on RAW is War.&lt;br /&gt;&lt;br /&gt;He won the title again on May 28, 2001 on RAW is War from Chris Jericho . He loss the title to Test on June 12, 2001 on RAW is War.&lt;br /&gt;&lt;br /&gt;He won the title again on June 25, 2001 on RAW is War from Test. And loss the title to Mike Awesome on the same day.&lt;br /&gt;&lt;br /&gt;WWE 2K18 &amp;#169; Yuke&#039;s and Visual Concepts&lt;br /&gt;Screenshot taken from WWE 2K18 on Xbox One.&lt;br /&gt;&lt;div&gt;&lt;img src=&quot;https://t00.deviantart.net/fxxevcmNTgG3BDbqvtOwiL2WTLk=/300x200/filters:fixed_height(100,100):origin()/pre00/5943/th/pre/i/2018/013/9/5/wwe_2k18_rhyno_wwf_hardcore_champion_by_spartan22294-dbzu3cz.png&quot; alt=&quot;thumbnail&quot; /&gt;&lt;/div&gt;</description>            </item>
                    <item>
                <title>WWE 2K18 Rhyno ECW TV and ECW World Champion</title>
                <link>https://spartan22294.deviantart.com/art/WWE-2K18-Rhyno-ECW-TV-and-ECW-World-Champion-725315299</link>
                <guid isPermaLink="true">https://spartan22294.deviantart.com/art/WWE-2K18-Rhyno-ECW-TV-and-ECW-World-Champion-725315299</guid>
                <pubDate>Sat, 13 Jan 2018 00:46:34 PST</pubDate>
                        <media:title type="plain">WWE 2K18 Rhyno ECW TV and ECW World Champion</media:title>
        <media:keywords></media:keywords>
                        <media:rating>nonadult</media:rating>
                <media:category label="Other">customization/screenshots/other</media:category>
        <media:credit role="author" scheme="urn:ebu">SPARTAN22294</media:credit>
        <media:credit role="author" scheme="urn:ebu">https://a.deviantart.net/avatars/s/p/spartan22294.png?10</media:credit>
        <media:copyright url="https://spartan22294.deviantart.com">Copyright 2018-2019 SPARTAN22294</media:copyright>            <media:description type="html">Here is a screenshot of Rhyno titles history.&lt;br /&gt;&lt;br /&gt;The first title that Rhyno won in the WWE was ECW World Television Championship. (ECW is part of the WWE.) He won it on April 8, 2000 on ECW from Yoshihiro Tajiri. He loss the title to Kid Kash on&amp;nbsp;August 26, 2000 on ECW.&lt;br /&gt;&lt;br /&gt;He won the title again from&amp;nbsp;Kid Kash on September 9, 2000 on ECW.&lt;br /&gt;&lt;br /&gt;On&amp;nbsp;January 7, 2001 at&amp;nbsp;Guilty as Charged Rhyno won the&amp;nbsp;ECW World Heavyweight Championship from&amp;nbsp;The Sandman.&lt;br /&gt;&lt;br /&gt;Rhino was the final wrestler to hold both of the ECW World Television Championship and&amp;nbsp;ECW World Heavyweight Championship till April 11, 2001. ECW closed on April 4, 2001.&lt;br /&gt;&lt;br /&gt;Note: Why wasn&#039;t the ECW titles on the line during &quot;WWF VS. The Alliance&quot; story?&lt;br /&gt;&lt;br /&gt;WWE 2K18 &amp;#169; Yuke&#039;s and Visual Concepts&lt;br /&gt;Screenshot taken from WWE 2K18 on Xbox One.</media:description>            <media:thumbnail url="https://t00.deviantart.net/SdEtqvOnzu5HkDkWFIeE9rgoO3M=/fit-in/150x150/filters:no_upscale():origin()/pre00/1a36/th/pre/i/2018/013/0/3/wwe_2k18_rhyno_ecw_tv_and_ecw_world_champion_by_spartan22294-dbzu0v7.png" height="84" width="150"/>            <media:thumbnail url="https://t00.deviantart.net/4VmWskoUSrrSyMvnebSGXAcp_kU=/fit-in/300x900/filters:no_upscale():origin()/pre00/1a36/th/pre/i/2018/013/0/3/wwe_2k18_rhyno_ecw_tv_and_ecw_world_champion_by_spartan22294-dbzu0v7.png" height="169" width="300"/>            <media:thumbnail url="https://t00.deviantart.net/h498VAXP5-h9-OULWRfRvqhNl6w=/300x200/filters:fixed_height(100,100):origin()/pre00/1a36/th/pre/i/2018/013/0/3/wwe_2k18_rhyno_ecw_tv_and_ecw_world_champion_by_spartan22294-dbzu0v7.png" height="169" width="300"/>            <media:content url="https://img00.deviantart.net/7d65/i/2018/013/0/3/wwe_2k18_rhyno_ecw_tv_and_ecw_world_champion_by_spartan22294-dbzu0v7.png" height="576" width="1024" medium="image"/>            
            <description>Here is a screenshot of Rhyno titles history.&lt;br /&gt;&lt;br /&gt;The first title that Rhyno won in the WWE was ECW World Television Championship. (ECW is part of the WWE.) He won it on April 8, 2000 on ECW from Yoshihiro Tajiri. He loss the title to Kid Kash on&amp;nbsp;August 26, 2000 on ECW.&lt;br /&gt;&lt;br /&gt;He won the title again from&amp;nbsp;Kid Kash on September 9, 2000 on ECW.&lt;br /&gt;&lt;br /&gt;On&amp;nbsp;January 7, 2001 at&amp;nbsp;Guilty as Charged Rhyno won the&amp;nbsp;ECW World Heavyweight Championship from&amp;nbsp;The Sandman.&lt;br /&gt;&lt;br /&gt;Rhino was the final wrestler to hold both of the ECW World Television Championship and&amp;nbsp;ECW World Heavyweight Championship till April 11, 2001. ECW closed on April 4, 2001.&lt;br /&gt;&lt;br /&gt;Note: Why wasn&#039;t the ECW titles on the line during &quot;WWF VS. The Alliance&quot; story?&lt;br /&gt;&lt;br /&gt;WWE 2K18 &amp;#169; Yuke&#039;s and Visual Concepts&lt;br /&gt;Screenshot taken from WWE 2K18 on Xbox One.&lt;br /&gt;&lt;div&gt;&lt;img src=&quot;https://t00.deviantart.net/h498VAXP5-h9-OULWRfRvqhNl6w=/300x200/filters:fixed_height(100,100):origin()/pre00/1a36/th/pre/i/2018/013/0/3/wwe_2k18_rhyno_ecw_tv_and_ecw_world_champion_by_spartan22294-dbzu0v7.png&quot; alt=&quot;thumbnail&quot; /&gt;&lt;/div&gt;</description>            </item>
                    <item>
                <title>Rhyno Universal Champion</title>
                <link>https://brunoradkephotoshop.deviantart.com/art/Rhyno-Universal-Champion-723623880</link>
                <guid isPermaLink="true">https://brunoradkephotoshop.deviantart.com/art/Rhyno-Universal-Champion-723623880</guid>
                <pubDate>Wed, 03 Jan 2018 14:10:26 PST</pubDate>
                        <media:title type="plain">Rhyno Universal Champion</media:title>
        <media:keywords></media:keywords>
                        <media:rating>nonadult</media:rating>
                <media:category label="Human &amp; Humanoid">resources/stockart/3drenders/human</media:category>
        <media:credit role="author" scheme="urn:ebu">BrunoRadkePHOTOSHOP</media:credit>
        <media:credit role="author" scheme="urn:ebu">https://a.deviantart.net/avatars/b/r/brunoradkephotoshop.jpg?11</media:credit>
        <media:copyright url="https://brunoradkephotoshop.deviantart.com">Copyright 2018-2019 BrunoRadkePHOTOSHOP</media:copyright>            <media:description type="html"></media:description>            <media:thumbnail url="https://t00.deviantart.net/96XqSAzhbN6qDvQvANwLRx0GPJo=/fit-in/150x150/filters:no_upscale():origin()/pre00/e2bb/th/pre/f/2018/003/7/8/rhyno_universal_champion_by_brunoradkephotoshop-dbytrrc.png" height="150" width="150"/>            <media:thumbnail url="https://t00.deviantart.net/KuvNNFGTTs4K8_OzARVWdRLsrpY=/fit-in/300x900/filters:no_upscale():origin()/pre00/e2bb/th/pre/f/2018/003/7/8/rhyno_universal_champion_by_brunoradkephotoshop-dbytrrc.png" height="300" width="300"/>            <media:thumbnail url="https://t00.deviantart.net/yqQfomSngK0c4u1kIN4uNbVFGNQ=/300x200/filters:fixed_height(100,100):origin()/pre00/e2bb/th/pre/f/2018/003/7/8/rhyno_universal_champion_by_brunoradkephotoshop-dbytrrc.png" height="200" width="200"/>            <media:content url="https://orig00.deviantart.net/2ccd/f/2018/003/7/8/rhyno_universal_champion_by_brunoradkephotoshop-dbytrrc.png" height="894" width="894" medium="image"/>            
            <description>&lt;br /&gt;&lt;div&gt;&lt;img src=&quot;https://t00.deviantart.net/yqQfomSngK0c4u1kIN4uNbVFGNQ=/300x200/filters:fixed_height(100,100):origin()/pre00/e2bb/th/pre/f/2018/003/7/8/rhyno_universal_champion_by_brunoradkephotoshop-dbytrrc.png&quot; alt=&quot;thumbnail&quot; /&gt;&lt;/div&gt;</description>            </item>
                    <item>
                <title>Unicorn</title>
                <link>https://enaaura.deviantart.com/art/Unicorn-722471257</link>
                <guid isPermaLink="true">https://enaaura.deviantart.com/art/Unicorn-722471257</guid>
                <pubDate>Thu, 28 Dec 2017 14:23:26 PST</pubDate>
                        <media:title type="plain">Unicorn</media:title>
        <media:keywords></media:keywords>
                        <media:rating>nonadult</media:rating>
                <media:category label="Animals">traditional/drawings/animals</media:category>
        <media:credit role="author" scheme="urn:ebu">EnaAura</media:credit>
        <media:credit role="author" scheme="urn:ebu">https://a.deviantart.net/avatars/e/n/enaaura.jpg?11</media:credit>
        <media:copyright url="https://enaaura.deviantart.com">Copyright 2017-2019 EnaAura</media:copyright>            <media:description type="html">real unicorns exist, but they&#039;re a bit heavier&amp;nbsp;&lt;img src=&quot;https://e.deviantart.net/emoticons/b/biggrin.gif&quot; alt=&quot;:D (Big Grin)&quot; style=&quot;width: 15px; height: 15px;&quot; data-embed-type=&quot;emoticon&quot; data-embed-id=&quot;366&quot;&gt;&amp;nbsp;&lt;br /&gt;&lt;br /&gt;&lt;span&gt;ink, black felt tip pen&lt;/span&gt;&lt;br /&gt;&lt;span&gt;24 x 17.6 cm&lt;/span&gt;</media:description>            <media:thumbnail url="https://t00.deviantart.net/4bm-V7B7qOsw7XYul9KBde6x3T4=/fit-in/150x150/filters:no_upscale():origin()/pre00/0d83/th/pre/i/2017/362/5/f/unicorn_by_enaaura-dby52e1.jpg" height="111" width="150"/>            <media:thumbnail url="https://t00.deviantart.net/wi8J06GtKqJOomr1FV7ncazsQDE=/fit-in/300x900/filters:no_upscale():origin()/pre00/0d83/th/pre/i/2017/362/5/f/unicorn_by_enaaura-dby52e1.jpg" height="222" width="300"/>            <media:thumbnail url="https://t00.deviantart.net/GLGWVCTeDaIF_ANnVjoX7bCsK-E=/300x200/filters:fixed_height(100,100):origin()/pre00/0d83/th/pre/i/2017/362/5/f/unicorn_by_enaaura-dby52e1.jpg" height="200" width="270"/>            <media:content url="https://pre00.deviantart.net/0d83/th/pre/i/2017/362/5/f/unicorn_by_enaaura-dby52e1.jpg" height="770" width="1038" medium="image"/>            
            <description>real unicorns exist, but they&#039;re a bit heavier&amp;nbsp;&lt;img src=&quot;https://e.deviantart.net/emoticons/b/biggrin.gif&quot; alt=&quot;:D (Big Grin)&quot; style=&quot;width: 15px; height: 15px;&quot; data-embed-type=&quot;emoticon&quot; data-embed-id=&quot;366&quot;&gt;&amp;nbsp;&lt;br /&gt;&lt;br /&gt;&lt;span&gt;ink, black felt tip pen&lt;/span&gt;&lt;br /&gt;&lt;span&gt;24 x 17.6 cm&lt;/span&gt;&lt;br /&gt;&lt;div&gt;&lt;img src=&quot;https://t00.deviantart.net/GLGWVCTeDaIF_ANnVjoX7bCsK-E=/300x200/filters:fixed_height(100,100):origin()/pre00/0d83/th/pre/i/2017/362/5/f/unicorn_by_enaaura-dby52e1.jpg&quot; alt=&quot;thumbnail&quot; /&gt;&lt;/div&gt;</description>            </item>
                    <item>
                <title>ECW Custom Match Card By: KalistOMG</title>
                <link>https://kalistomg.deviantart.com/art/ECW-Custom-Match-Card-By-KalistOMG-720236484</link>
                <guid isPermaLink="true">https://kalistomg.deviantart.com/art/ECW-Custom-Match-Card-By-KalistOMG-720236484</guid>
                <pubDate>Fri, 15 Dec 2017 13:52:39 PST</pubDate>
                        <media:title type="plain">ECW Custom Match Card By: KalistOMG</media:title>
        <media:keywords></media:keywords>
                        <media:rating>nonadult</media:rating>
                <media:category label="Other">designs/other</media:category>
        <media:credit role="author" scheme="urn:ebu">KalistOMG</media:credit>
        <media:credit role="author" scheme="urn:ebu">https://a.deviantart.net/avatars/k/a/kalistomg.png?5</media:credit>
        <media:copyright url="https://kalistomg.deviantart.com">Copyright 2017-2019 KalistOMG</media:copyright>            <media:description type="html">ECW Custom Match Card By: KalistOMG&lt;br /&gt;&lt;br /&gt;LIKE &amp;#9658;&amp;nbsp;&lt;a class=&quot;external&quot; href=&quot;https://www.deviantart.com/users/outgoing?https://www.facebook.com/KalistOMG&quot;&gt;www.facebook.com/KalistOMG&lt;/a&gt;&lt;br /&gt;&lt;br /&gt;SUSCRIBE &amp;#9658; &lt;a class=&quot;external&quot; href=&quot;https://www.deviantart.com/users/outgoing?https://www.youtube.com/KalistOMG&quot;&gt;www.youtube.com/KalistOMG&lt;/a&gt;</media:description>            <media:thumbnail url="https://t00.deviantart.net/4T6ACu1d5jIZmw5eK0dke5qy1-Y=/fit-in/150x150/filters:no_upscale():origin()/pre00/ca49/th/pre/f/2017/349/0/0/ecw_custom_match_card_by__kalistomg_by_kalistomg-dbwt610.png" height="84" width="150"/>            <media:thumbnail url="https://t00.deviantart.net/z_n9KwChvhmSOUp5FcmGWhnbBHg=/fit-in/300x900/filters:no_upscale():origin()/pre00/ca49/th/pre/f/2017/349/0/0/ecw_custom_match_card_by__kalistomg_by_kalistomg-dbwt610.png" height="169" width="300"/>            <media:thumbnail url="https://t00.deviantart.net/LIgzc24uD4gaSikYbfQXQBNU-bg=/300x200/filters:fixed_height(100,100):origin()/pre00/ca49/th/pre/f/2017/349/0/0/ecw_custom_match_card_by__kalistomg_by_kalistomg-dbwt610.png" height="169" width="300"/>            <media:content url="https://pre00.deviantart.net/ca49/th/pre/f/2017/349/0/0/ecw_custom_match_card_by__kalistomg_by_kalistomg-dbwt610.png" height="670" width="1192" medium="image"/>            
            <description>ECW Custom Match Card By: KalistOMG&lt;br /&gt;&lt;br /&gt;LIKE &amp;#9658;&amp;nbsp;&lt;a class=&quot;external&quot; href=&quot;https://www.deviantart.com/users/outgoing?https://www.facebook.com/KalistOMG&quot;&gt;www.facebook.com/KalistOMG&lt;/a&gt;&lt;br /&gt;&lt;br /&gt;SUSCRIBE &amp;#9658; &lt;a class=&quot;external&quot; href=&quot;https://www.deviantart.com/users/outgoing?https://www.youtube.com/KalistOMG&quot;&gt;www.youtube.com/KalistOMG&lt;/a&gt;&lt;br /&gt;&lt;div&gt;&lt;img src=&quot;https://t00.deviantart.net/LIgzc24uD4gaSikYbfQXQBNU-bg=/300x200/filters:fixed_height(100,100):origin()/pre00/ca49/th/pre/f/2017/349/0/0/ecw_custom_match_card_by__kalistomg_by_kalistomg-dbwt610.png&quot; alt=&quot;thumbnail&quot; /&gt;&lt;/div&gt;</description>            </item>
                    <item>
                <title>rino nueva escuela</title>
                <link>https://crow198993.deviantart.com/art/rino-nueva-escuela-718302509</link>
                <guid isPermaLink="true">https://crow198993.deviantart.com/art/rino-nueva-escuela-718302509</guid>
                <pubDate>Sun, 03 Dec 2017 13:27:36 PST</pubDate>
                        <media:title type="plain">rino nueva escuela</media:title>
        <media:keywords></media:keywords>
                        <media:rating>nonadult</media:rating>
                <media:category label="Mixed Media">cartoons/traditional/cartoons/mixedmedia</media:category>
        <media:credit role="author" scheme="urn:ebu">crow198993</media:credit>
        <media:credit role="author" scheme="urn:ebu">https://a.deviantart.net/avatars/c/r/crow198993.jpg?3</media:credit>
        <media:copyright url="https://crow198993.deviantart.com">Copyright 2017-2019 crow198993</media:copyright>            <media:description type="html"></media:description>            <media:thumbnail url="https://t00.deviantart.net/EujM-hYv8poOM7zqFwZmsHso5SY=/fit-in/150x150/filters:no_upscale():origin()/pre00/2585/th/pre/f/2017/337/b/b/24301397_10156018840222010_3602280695607026812_n_by_crow198993-dbvnprh.jpg" height="150" width="129"/>            <media:thumbnail url="https://t00.deviantart.net/50XxjhqV0yKLsLNsfuoj_LVeiRM=/fit-in/300x900/filters:no_upscale():origin()/pre00/2585/th/pre/f/2017/337/b/b/24301397_10156018840222010_3602280695607026812_n_by_crow198993-dbvnprh.jpg" height="349" width="300"/>            <media:thumbnail url="https://t00.deviantart.net/Rq0FfN6TBKCJS3awPkQUuG0CIlI=/300x200/filters:fixed_height(100,100):origin()/pre00/2585/th/pre/f/2017/337/b/b/24301397_10156018840222010_3602280695607026812_n_by_crow198993-dbvnprh.jpg" height="200" width="172"/>            <media:content url="https://orig00.deviantart.net/a551/f/2017/337/b/b/24301397_10156018840222010_3602280695607026812_n_by_crow198993-dbvnprh.jpg" height="960" width="825" medium="image"/>            
            <description>&lt;br /&gt;&lt;div&gt;&lt;img src=&quot;https://t00.deviantart.net/Rq0FfN6TBKCJS3awPkQUuG0CIlI=/300x200/filters:fixed_height(100,100):origin()/pre00/2585/th/pre/f/2017/337/b/b/24301397_10156018840222010_3602280695607026812_n_by_crow198993-dbvnprh.jpg&quot; alt=&quot;thumbnail&quot; /&gt;&lt;/div&gt;</description>            </item>
                    <item>
                <title>#23 Rhino Inktober 2017</title>
                <link>https://iggy-design.deviantart.com/art/23-Rhino-Inktober-2017-711268569</link>
                <guid isPermaLink="true">https://iggy-design.deviantart.com/art/23-Rhino-Inktober-2017-711268569</guid>
                <pubDate>Mon, 23 Oct 2017 04:19:31 PDT</pubDate>
                        <media:title type="plain">#23 Rhino Inktober 2017</media:title>
        <media:keywords></media:keywords>
                        <media:rating>nonadult</media:rating>
                <media:category label="Conceptual">digitalart/paintings/illustrations/conceptual</media:category>
        <media:credit role="author" scheme="urn:ebu">Iggy-design</media:credit>
        <media:credit role="author" scheme="urn:ebu">https://a.deviantart.net/avatars/i/g/iggy-design.jpg?3</media:credit>
        <media:copyright url="https://iggy-design.deviantart.com">Copyright 2017-2019 Iggy-design</media:copyright>             <creativeCommons:license>http://creativecommons.org/licenses/by-nd/3.0/</creativeCommons:license>
                <media:description type="html">&lt;span&gt;Places to find me:&amp;nbsp;&lt;/span&gt;&lt;br /&gt;&lt;br /&gt;&lt;span&gt;CGtrader: &lt;a class=&quot;external&quot; href=&quot;https://www.deviantart.com/users/outgoing?https://www.cgtrader.com/Iggy-design&quot;&gt;www.cgtrader.com/Iggy-design&lt;/a&gt;&lt;/span&gt;&lt;br /&gt;&lt;span&gt;Unity Asset Store:&amp;nbsp;&lt;a class=&quot;external&quot; href=&quot;https://www.deviantart.com/users/outgoing?https://www.assetstore.unity3d.com/en/#!/search/page=1/sortby=relevance/query=publisher:23795&quot;&gt;www.assetstore.unity3d.com/en/&amp;hellip;&lt;/a&gt;&lt;/span&gt;&lt;br /&gt;&lt;span&gt;Sketchfab:&amp;nbsp;&lt;a class=&quot;external&quot; href=&quot;https://www.deviantart.com/users/outgoing?https://sketchfab.com/iggy-design&quot;&gt;sketchfab.com/iggy-design&lt;/a&gt;&lt;/span&gt;&lt;br /&gt;&lt;span&gt;Instagram: &lt;a class=&quot;external&quot; href=&quot;https://www.deviantart.com/users/outgoing?https://www.instagram.com/iggydesign/&quot;&gt;www.instagram.com/iggydesign/&lt;/a&gt;&lt;/span&gt;&lt;br /&gt;&lt;span&gt;My Artstation: &lt;a class=&quot;external&quot; href=&quot;https://www.deviantart.com/users/outgoing?https://www.artstation.com/artist/igorpuskaric&quot;&gt;www.artstation.com/artist/igor&amp;hellip;&lt;/a&gt;&lt;/span&gt;&lt;br /&gt;&lt;span&gt;Youtube:&amp;nbsp;&lt;a class=&quot;external&quot; href=&quot;https://www.deviantart.com/users/outgoing?https://www.youtube.com/channel/UCyRH3Up5LQ5xgRPsNWuPEkQ&quot;&gt;www.youtube.com/channel/UCyRH3&amp;hellip;&lt;/a&gt;&lt;/span&gt;&lt;br /&gt;&lt;span&gt;RedBubble:&amp;nbsp;&lt;a class=&quot;external&quot; href=&quot;https://www.deviantart.com/users/outgoing?http://www.redbubble.com/people/iggy-design?ref=artist_title_name&quot;&gt;www.redbubble.com/people/iggy-&amp;hellip;&lt;/a&gt;&lt;/span&gt;&lt;br /&gt;&lt;span&gt;Shapeways:&amp;nbsp;&lt;a class=&quot;external&quot; href=&quot;https://www.deviantart.com/users/outgoing?https://www.shapeways.com/designer/pukey82&quot;&gt;www.shapeways.com/designer/puk&amp;hellip;&lt;/a&gt;&lt;/span&gt;&lt;br /&gt;&lt;span&gt;Turbosquid:&amp;nbsp;&lt;a class=&quot;external&quot; href=&quot;https://www.deviantart.com/users/outgoing?http://www.turbosquid.com/Search/Artists/Iggydesign&quot;&gt;www.turbosquid.com/Search/Arti&amp;hellip;&lt;/a&gt; &lt;/span&gt;&lt;br /&gt;&lt;span&gt;Pinterest: &lt;a class=&quot;external&quot; href=&quot;https://www.deviantart.com/users/outgoing?https://www.pinterest.com/igorpukari/&quot;&gt;www.pinterest.com/igorpukari/&lt;/a&gt;&lt;/span&gt;&lt;br /&gt;&lt;br /&gt;&lt;span&gt;Have an amazing day,and thank you for all the support so far!&lt;/span&gt;&lt;br /&gt;&lt;br /&gt;&lt;br /&gt;&lt;span&gt;Igor&lt;/span&gt;</media:description>            <media:thumbnail url="https://t00.deviantart.net/0BoUmWrVey4GUwTT8kkJuELCy8s=/fit-in/150x150/filters:no_upscale():origin()/pre00/e3fc/th/pre/i/2017/296/9/c/_23_rhino_inktober_2017_by_iggy_design-dbrgyc9.jpg" height="150" width="150"/>            <media:thumbnail url="https://t00.deviantart.net/EwCB5_2Ch-KTHr6h9JLrplQWRWM=/fit-in/300x900/filters:no_upscale():origin()/pre00/e3fc/th/pre/i/2017/296/9/c/_23_rhino_inktober_2017_by_iggy_design-dbrgyc9.jpg" height="300" width="300"/>            <media:thumbnail url="https://t00.deviantart.net/7NuL8F-v6shdKAIBtVM4IFICuWE=/300x200/filters:fixed_height(100,100):origin()/pre00/e3fc/th/pre/i/2017/296/9/c/_23_rhino_inktober_2017_by_iggy_design-dbrgyc9.jpg" height="200" width="200"/>            <media:content url="https://img00.deviantart.net/48ec/i/2017/296/9/c/_23_rhino_inktober_2017_by_iggy_design-dbrgyc9.jpg" height="400" width="400" medium="image"/>            
            <description>&lt;span&gt;Places to find me:&amp;nbsp;&lt;/span&gt;&lt;br /&gt;&lt;br /&gt;&lt;span&gt;CGtrader: &lt;a class=&quot;external&quot; href=&quot;https://www.deviantart.com/users/outgoing?https://www.cgtrader.com/Iggy-design&quot;&gt;www.cgtrader.com/Iggy-design&lt;/a&gt;&lt;/span&gt;&lt;br /&gt;&lt;span&gt;Unity Asset Store:&amp;nbsp;&lt;a class=&quot;external&quot; href=&quot;https://www.deviantart.com/users/outgoing?https://www.assetstore.unity3d.com/en/#!/search/page=1/sortby=relevance/query=publisher:23795&quot;&gt;www.assetstore.unity3d.com/en/&amp;hellip;&lt;/a&gt;&lt;/span&gt;&lt;br /&gt;&lt;span&gt;Sketchfab:&amp;nbsp;&lt;a class=&quot;external&quot; href=&quot;https://www.deviantart.com/users/outgoing?https://sketchfab.com/iggy-design&quot;&gt;sketchfab.com/iggy-design&lt;/a&gt;&lt;/span&gt;&lt;br /&gt;&lt;span&gt;Instagram: &lt;a class=&quot;external&quot; href=&quot;https://www.deviantart.com/users/outgoing?https://www.instagram.com/iggydesign/&quot;&gt;www.instagram.com/iggydesign/&lt;/a&gt;&lt;/span&gt;&lt;br /&gt;&lt;span&gt;My Artstation: &lt;a class=&quot;external&quot; href=&quot;https://www.deviantart.com/users/outgoing?https://www.artstation.com/artist/igorpuskaric&quot;&gt;www.artstation.com/artist/igor&amp;hellip;&lt;/a&gt;&lt;/span&gt;&lt;br /&gt;&lt;span&gt;Youtube:&amp;nbsp;&lt;a class=&quot;external&quot; href=&quot;https://www.deviantart.com/users/outgoing?https://www.youtube.com/channel/UCyRH3Up5LQ5xgRPsNWuPEkQ&quot;&gt;www.youtube.com/channel/UCyRH3&amp;hellip;&lt;/a&gt;&lt;/span&gt;&lt;br /&gt;&lt;span&gt;RedBubble:&amp;nbsp;&lt;a class=&quot;external&quot; href=&quot;https://www.deviantart.com/users/outgoing?http://www.redbubble.com/people/iggy-design?ref=artist_title_name&quot;&gt;www.redbubble.com/people/iggy-&amp;hellip;&lt;/a&gt;&lt;/span&gt;&lt;br /&gt;&lt;span&gt;Shapeways:&amp;nbsp;&lt;a class=&quot;external&quot; href=&quot;https://www.deviantart.com/users/outgoing?https://www.shapeways.com/designer/pukey82&quot;&gt;www.shapeways.com/designer/puk&amp;hellip;&lt;/a&gt;&lt;/span&gt;&lt;br /&gt;&lt;span&gt;Turbosquid:&amp;nbsp;&lt;a class=&quot;external&quot; href=&quot;https://www.deviantart.com/users/outgoing?http://www.turbosquid.com/Search/Artists/Iggydesign&quot;&gt;www.turbosquid.com/Search/Arti&amp;hellip;&lt;/a&gt; &lt;/span&gt;&lt;br /&gt;&lt;span&gt;Pinterest: &lt;a class=&quot;external&quot; href=&quot;https://www.deviantart.com/users/outgoing?https://www.pinterest.com/igorpukari/&quot;&gt;www.pinterest.com/igorpukari/&lt;/a&gt;&lt;/span&gt;&lt;br /&gt;&lt;br /&gt;&lt;span&gt;Have an amazing day,and thank you for all the support so far!&lt;/span&gt;&lt;br /&gt;&lt;br /&gt;&lt;br /&gt;&lt;span&gt;Igor&lt;/span&gt;&lt;br /&gt;&lt;div&gt;&lt;img src=&quot;https://t00.deviantart.net/7NuL8F-v6shdKAIBtVM4IFICuWE=/300x200/filters:fixed_height(100,100):origin()/pre00/e3fc/th/pre/i/2017/296/9/c/_23_rhino_inktober_2017_by_iggy_design-dbrgyc9.jpg&quot; alt=&quot;thumbnail&quot; /&gt;&lt;/div&gt;</description>            </item>
                    <item>
                <title>Pokemon Art League  Broken Knee Shiny Rhyperior</title>
                <link>https://hyperagua.deviantart.com/art/Pokemon-Art-League-Broken-Knee-Shiny-Rhyperior-710365118</link>
                <guid isPermaLink="true">https://hyperagua.deviantart.com/art/Pokemon-Art-League-Broken-Knee-Shiny-Rhyperior-710365118</guid>
                <pubDate>Tue, 17 Oct 2017 20:56:40 PDT</pubDate>
                        <media:title type="plain">Pokemon Art League  Broken Knee Shiny Rhyperior</media:title>
        <media:keywords></media:keywords>
                        <media:rating>nonadult</media:rating>
                <media:category label="Fantasy">digitalart/paintings/fantasy</media:category>
        <media:credit role="author" scheme="urn:ebu">Hyperagua</media:credit>
        <media:credit role="author" scheme="urn:ebu">https://a.deviantart.net/avatars/h/y/hyperagua.png</media:credit>
        <media:copyright url="https://hyperagua.deviantart.com">Copyright 2017-2019 Hyperagua</media:copyright>            <media:description type="html">This is my entry in order to win the 2nd E4 Member Room on &lt;a target=&quot;_self&quot; href=&quot;https://pokemon-art-league.deviantart.com/&quot; &gt;&lt;img class=&quot;avatar group&quot; width=&quot;100&quot; height=&quot;50&quot; src=&quot;https://a.deviantart.net/avatars/p/o/pokemon-art-league.png?2&quot; alt=&quot;:iconpokemon-art-league:&quot; title=&quot;Pokemon-Art-League&quot; /&gt;&lt;/a&gt;&lt;br /&gt;&lt;br /&gt;Instructions given by the E4 Member:&lt;br /&gt;&lt;br /&gt;&quot;Draw me a Shiny Rhyperior&quot;.</media:description>            <media:thumbnail url="https://t00.deviantart.net/FnecZKiInAIyO1A7QRM-WtS-z80=/fit-in/150x150/filters:no_upscale():origin()/pre00/bfe0/th/pre/i/2017/290/2/4/pokemon_art_league__broken_knee_shiny_rhyperior_by_hyperagua-dbqxl8e.png" height="150" width="113"/>            <media:thumbnail url="https://t00.deviantart.net/g37eG7Lt7PSfYOBN8hFrLD6EPeU=/fit-in/300x900/filters:no_upscale():origin()/pre00/bfe0/th/pre/i/2017/290/2/4/pokemon_art_league__broken_knee_shiny_rhyperior_by_hyperagua-dbqxl8e.png" height="400" width="300"/>            <media:thumbnail url="https://t00.deviantart.net/9Rq-fClRZbGdeCSC5rkQvf-OQCg=/300x200/filters:fixed_height(100,100):origin()/pre00/bfe0/th/pre/i/2017/290/2/4/pokemon_art_league__broken_knee_shiny_rhyperior_by_hyperagua-dbqxl8e.png" height="200" width="150"/>            <media:content url="https://pre00.deviantart.net/bfe0/th/pre/i/2017/290/2/4/pokemon_art_league__broken_knee_shiny_rhyperior_by_hyperagua-dbqxl8e.png" height="1032" width="774" medium="image"/>            
            <description>This is my entry in order to win the 2nd E4 Member Room on &lt;a target=&quot;_self&quot; href=&quot;https://pokemon-art-league.deviantart.com/&quot; &gt;&lt;img class=&quot;avatar group&quot; width=&quot;100&quot; height=&quot;50&quot; src=&quot;https://a.deviantart.net/avatars/p/o/pokemon-art-league.png?2&quot; alt=&quot;:iconpokemon-art-league:&quot; title=&quot;Pokemon-Art-League&quot; /&gt;&lt;/a&gt;&lt;br /&gt;&lt;br /&gt;Instructions given by the E4 Member:&lt;br /&gt;&lt;br /&gt;&quot;Draw me a Shiny Rhyperior&quot;.&lt;br /&gt;&lt;div&gt;&lt;img src=&quot;https://t00.deviantart.net/9Rq-fClRZbGdeCSC5rkQvf-OQCg=/300x200/filters:fixed_height(100,100):origin()/pre00/bfe0/th/pre/i/2017/290/2/4/pokemon_art_league__broken_knee_shiny_rhyperior_by_hyperagua-dbqxl8e.png&quot; alt=&quot;thumbnail&quot; /&gt;&lt;/div&gt;</description>            </item>
                    <item>
                <title>5072|Hiphopopotamus vs. Rhymenoceros</title>
                <link>https://mortsthemorts.deviantart.com/art/5072-Hiphopopotamus-vs-Rhymenoceros-708989505</link>
                <guid isPermaLink="true">https://mortsthemorts.deviantart.com/art/5072-Hiphopopotamus-vs-Rhymenoceros-708989505</guid>
                <pubDate>Tue, 10 Oct 2017 01:27:07 PDT</pubDate>
                        <media:title type="plain">5072|Hiphopopotamus vs. Rhymenoceros</media:title>
        <media:keywords></media:keywords>
                        <media:rating>nonadult</media:rating>
                <media:category label="Fantasy">digitalart/paintings/fantasy</media:category>
        <media:credit role="author" scheme="urn:ebu">MortstheMorts</media:credit>
        <media:credit role="author" scheme="urn:ebu">https://a.deviantart.net/avatars/m/o/mortsthemorts.gif?6</media:credit>
        <media:copyright url="https://mortsthemorts.deviantart.com">Copyright 2017-2019 MortstheMorts</media:copyright>            <media:description type="html">&lt;div align=&quot;center&quot;&gt;&lt;b&gt;&lt;a href=&quot;https://diegovainilla.deviantart.com/art/light-cherry-blossoms-g-651456971&quot; class=&quot;emoticon&quot; data-embed-type=&quot;emoticon&quot; data-embed-id=&quot;651456971&quot; data-embed-profile=&quot;deviation&quot;&gt;&lt;img src=&quot;https://orig00.deviantart.net/fcc5/f/2017/184/0/4/light_cherry_blossoms_g_by_diegovainilla-daruzez.gif&quot; alt=&quot;light cherry blossoms g&quot; style=&quot;width:54px;height:34px&quot;&gt;&lt;/a&gt;&amp;nbsp;Basic Information&lt;a href=&quot;https://diegovainilla.deviantart.com/art/light-cherry-blossoms-h-651456977&quot; class=&quot;emoticon&quot; data-embed-type=&quot;emoticon&quot; data-embed-id=&quot;651456977&quot; data-embed-profile=&quot;deviation&quot;&gt;&lt;img src=&quot;https://orig00.deviantart.net/ab6d/f/2017/184/1/0/light_cherry_blossoms_h_by_diegovainilla-daruzf5.gif&quot; alt=&quot;light cherry blossoms h&quot; style=&quot;width:54px;height:34px&quot;&gt;&lt;/a&gt;&amp;nbsp;&lt;/b&gt;&lt;/div&gt;&lt;b&gt;Registration Note/Custom-Import Order: &lt;a href=&quot;https://comments.deviantart.com/39/1829449/4476765348&quot;&gt;Breeding Note&lt;/a&gt;&lt;/b&gt;&lt;b&gt;&lt;br /&gt;ID: &lt;/b&gt;5072&lt;br /&gt;&lt;b&gt;Name:&amp;nbsp;&lt;/b&gt;Hiphopopotamus vs. Rhymenoceros&lt;b&gt;&lt;br /&gt;Barn Name/Nickname:&lt;/b&gt; Hiphy&lt;br /&gt;&lt;br /&gt;&lt;div align=&quot;center&quot;&gt;&lt;b&gt;&lt;a href=&quot;https://diegovainilla.deviantart.com/art/light-cherry-blossoms-g-651456971&quot; class=&quot;emoticon&quot; data-embed-type=&quot;emoticon&quot; data-embed-id=&quot;651456971&quot; data-embed-profile=&quot;deviation&quot;&gt;&lt;img src=&quot;https://orig00.deviantart.net/fcc5/f/2017/184/0/4/light_cherry_blossoms_g_by_diegovainilla-daruzez.gif&quot; alt=&quot;light cherry blossoms g&quot; style=&quot;width:54px;height:34px&quot;&gt;&lt;/a&gt;&amp;nbsp; Biology and Genotype&amp;nbsp;&lt;a href=&quot;https://diegovainilla.deviantart.com/art/light-cherry-blossoms-h-651456977&quot; class=&quot;emoticon&quot; data-embed-type=&quot;emoticon&quot; data-embed-id=&quot;651456977&quot; data-embed-profile=&quot;deviation&quot;&gt;&lt;img src=&quot;https://orig00.deviantart.net/ab6d/f/2017/184/1/0/light_cherry_blossoms_h_by_diegovainilla-daruzf5.gif&quot; alt=&quot;light cherry blossoms h&quot; style=&quot;width:54px;height:34px&quot;&gt;&lt;/a&gt;&amp;nbsp;&lt;/b&gt;&lt;/div&gt;&lt;b&gt;Sex: &lt;/b&gt;Mare&lt;br /&gt;&lt;b&gt;Breed and type:&lt;/b&gt;&amp;nbsp;&lt;span class=&quot;username-with-symbol u&quot;&gt;&lt;a class=&quot;u super group username&quot; href=&quot;https://equusballator.deviantart.com&quot;&gt;EquusBallator&lt;/a&gt;&lt;span class=&quot;user-symbol super group&quot; data-quicktip-text=&quot;Super Group&quot; data-show-tooltip=&quot;1&quot; data-gruser-type=&quot;super group&quot; data-clickthrough=&quot;http://groups.deviantart.com&quot;&gt;&lt;/span&gt;&lt;/span&gt; Plains&lt;br /&gt;&lt;b&gt;Age: &lt;/b&gt;4 years&lt;b&gt;&lt;br /&gt;Height: &lt;/b&gt;17hh/173cm&lt;b&gt;&lt;br /&gt;Discipline: &lt;/b&gt;(To be added!)&lt;b&gt;&lt;br /&gt;Genotype:&amp;nbsp;&lt;/b&gt;&lt;span&gt;EE aa nCr nT nJe&lt;/span&gt;&lt;b&gt;&lt;br /&gt;Phenotype:&amp;nbsp;&lt;/b&gt;&lt;span&gt;Smoky Black Tobiano Jester (with Cat tracks and Vitiligo)&lt;/span&gt;&lt;b&gt;&lt;br /&gt;&lt;/b&gt;&lt;br /&gt;&lt;div align=&quot;center&quot;&gt;&lt;b&gt;&lt;a href=&quot;https://diegovainilla.deviantart.com/art/light-cherry-blossoms-g-651456971&quot; class=&quot;emoticon&quot; data-embed-type=&quot;emoticon&quot; data-embed-id=&quot;651456971&quot; data-embed-profile=&quot;deviation&quot;&gt;&lt;img src=&quot;https://orig00.deviantart.net/fcc5/f/2017/184/0/4/light_cherry_blossoms_g_by_diegovainilla-daruzez.gif&quot; alt=&quot;light cherry blossoms g&quot; style=&quot;width:54px;height:34px&quot;&gt;&lt;/a&gt;&amp;nbsp;Rarity&amp;nbsp;&lt;a href=&quot;https://diegovainilla.deviantart.com/art/light-cherry-blossoms-h-651456977&quot; class=&quot;emoticon&quot; data-embed-type=&quot;emoticon&quot; data-embed-id=&quot;651456977&quot; data-embed-profile=&quot;deviation&quot;&gt;&lt;img src=&quot;https://orig00.deviantart.net/ab6d/f/2017/184/1/0/light_cherry_blossoms_h_by_diegovainilla-daruzf5.gif&quot; alt=&quot;light cherry blossoms h&quot; style=&quot;width:54px;height:34px&quot;&gt;&lt;/a&gt;&amp;nbsp;&lt;/b&gt;&lt;/div&gt;&lt;b&gt;Rarity:&amp;nbsp;&lt;/b&gt;&lt;span&gt;&amp;nbsp;Tobiano +1, Jester +3, Dull colored horns +1, Spined +2 and Spiraled +1, two extra hornsets +4&lt;/span&gt;&lt;br /&gt;&lt;span&gt;Total:&lt;/span&gt;&lt;b&gt;&amp;nbsp;12RP&lt;/b&gt;&lt;span&gt;&amp;nbsp;(Common)&lt;/span&gt;&lt;br /&gt;&lt;b&gt;&lt;br /&gt;&lt;div align=&quot;center&quot;&gt;&lt;a href=&quot;https://diegovainilla.deviantart.com/art/light-cherry-blossoms-g-651456971&quot; class=&quot;emoticon&quot; data-embed-type=&quot;emoticon&quot; data-embed-id=&quot;651456971&quot; data-embed-profile=&quot;deviation&quot;&gt;&lt;img src=&quot;https://orig00.deviantart.net/fcc5/f/2017/184/0/4/light_cherry_blossoms_g_by_diegovainilla-daruzez.gif&quot; alt=&quot;light cherry blossoms g&quot; style=&quot;width:54px;height:34px&quot;&gt;&lt;/a&gt;&lt;span&gt;&amp;nbsp;&lt;/span&gt;&lt;b&gt;Character&amp;nbsp;&lt;/b&gt;&lt;b&gt;&lt;a href=&quot;https://diegovainilla.deviantart.com/art/light-cherry-blossoms-h-651456977&quot; class=&quot;emoticon&quot; data-embed-type=&quot;emoticon&quot; data-embed-id=&quot;651456977&quot; data-embed-profile=&quot;deviation&quot;&gt;&lt;img src=&quot;https://orig00.deviantart.net/ab6d/f/2017/184/1/0/light_cherry_blossoms_h_by_diegovainilla-daruzf5.gif&quot; alt=&quot;light cherry blossoms h&quot; style=&quot;width:54px;height:34px&quot;&gt;&lt;/a&gt;&amp;nbsp;&lt;/b&gt;&lt;/div&gt;&lt;/b&gt;&lt;b&gt;Gender:&amp;nbsp;&lt;/b&gt;Female&lt;br /&gt;&lt;b&gt;Name pronunciation:&lt;/b&gt;&amp;nbsp;Hip-hee&lt;br /&gt;&lt;b&gt;Name origins:&lt;/b&gt;&amp;nbsp;the song &quot;&lt;a class=&quot;external&quot; href=&quot;https://www.deviantart.com/users/outgoing?https://www.youtube.com/watch?v=FArZxLj6DLk&quot;&gt;Hiphopopotamus vs. Rhymenoceros&lt;/a&gt;&quot; by Flight of the Conchords&lt;br /&gt;&lt;span&gt;&lt;b&gt;Relationships:&lt;/b&gt;&lt;/span&gt;&lt;br /&gt;&lt;a href=&quot;https://mortsthemorts.deviantart.com/art/Caoba-706667043&quot;&gt;Caoba&amp;nbsp;&lt;/a&gt;&lt;span&gt;- Handler.&lt;/span&gt;&lt;br /&gt;&lt;b&gt;Personality:&amp;nbsp;&lt;/b&gt;Hiphy is a jokester and sack equally filled with energy and apples. She&#039;s a great horse for starters, but extremely hot-headed and excitable with her main rider, Caoba. She&#039;s a very social mare, and will stick with other mares and fillies. She doesn&#039;t like hanging out with most stallions, however she can make exceptions. She&#039;s influential, if other horse spooks she will too. Even if she loves you and appreciates you, she&#039;ll swat you with her tail and sometimes try to bite or kick, but when you ride her everything changes. Hiphy is silent but expressive and loves to meet pets and animal she&#039;s never seen before.&lt;br /&gt;&lt;b&gt;Quirks:&amp;nbsp;&lt;/b&gt;Loves to eat lots of apples and sweet potatoes. She loves baths and is easy to groom but she&#039;s terrified of blankets and gunshots. She usually swims out of the saddle and has little knowledge of personal space.&lt;br /&gt;&lt;b&gt;History:&amp;nbsp;&lt;/b&gt;&lt;a href=&quot;https://mortsthemorts.deviantart.com/art/Caoba-706667043&quot;&gt;Caoba&lt;/a&gt; found Hiphy when he reached adulthood traped and freezing to death in a river. He got in the frozen river himself to pull her out and used magic to save her life. Caoba brought Hiphy back to her herd, but they met again when she was grown. Her body grew tough, even for a young mare. She followed him until he decided to adopt her. Since then they do everything together, and both of them would give their life to protect the other.&lt;br /&gt;&lt;b&gt;Alignment:&lt;/b&gt; Lawful Good&lt;br /&gt;&lt;div&gt;&lt;sub&gt;&lt;div align=&quot;left&quot;&gt;( used this to randomize her personality! check it out:&amp;nbsp;&lt;a href=&quot;https://bvicius.deviantart.com/journal/Horse-Personality-Randomizer-282851765&quot;&gt;bvicius.deviantart.com/journal&amp;hellip;&lt;/a&gt; My results for Hiphy: &lt;a href=&quot;https://sta.sh/025rl10rxum2&quot;&gt;sta.sh/025rl10rxum2&lt;/a&gt; )&lt;br /&gt;&lt;/div&gt;&lt;/sub&gt;&lt;b&gt;&lt;div align=&quot;center&quot;&gt;&lt;b&gt;&lt;br /&gt;&lt;a href=&quot;https://diegovainilla.deviantart.com/art/light-cherry-blossoms-g-651456971&quot; class=&quot;emoticon&quot; data-embed-type=&quot;emoticon&quot; data-embed-id=&quot;651456971&quot; data-embed-profile=&quot;deviation&quot;&gt;&lt;img src=&quot;https://orig00.deviantart.net/fcc5/f/2017/184/0/4/light_cherry_blossoms_g_by_diegovainilla-daruzez.gif&quot; alt=&quot;light cherry blossoms g&quot; style=&quot;width:54px;height:34px&quot;&gt;&lt;/a&gt;&amp;nbsp;Ancestors and Offspring&amp;nbsp;&lt;a href=&quot;https://diegovainilla.deviantart.com/art/light-cherry-blossoms-h-651456977&quot; class=&quot;emoticon&quot; data-embed-type=&quot;emoticon&quot; data-embed-id=&quot;651456977&quot; data-embed-profile=&quot;deviation&quot;&gt;&lt;img src=&quot;https://orig00.deviantart.net/ab6d/f/2017/184/1/0/light_cherry_blossoms_h_by_diegovainilla-daruzf5.gif&quot; alt=&quot;light cherry blossoms h&quot; style=&quot;width:54px;height:34px&quot;&gt;&lt;/a&gt;&amp;nbsp;&lt;/b&gt;&lt;/div&gt;&lt;/b&gt;&lt;b&gt;Linage:&lt;br /&gt;&lt;/b&gt;&lt;span&gt;------------------------------------------ SSS: Unknown&lt;/span&gt;&lt;br /&gt;&lt;span&gt;----------------- SS:&amp;nbsp;&lt;/span&gt;&lt;a href=&quot;https://msmydeer.deviantart.com/art/243-Virus-650036595&quot;&gt;243 Virus&lt;/a&gt;&lt;br /&gt;&lt;span&gt;------------------------------------------ SSD: Unknown&lt;/span&gt;&lt;br /&gt;&lt;span&gt;Sire:&lt;/span&gt;&lt;a href=&quot;https://complacentfool.deviantart.com/art/246-MSS-Dentem-664649910&quot;&gt;&amp;nbsp;246 MSS Dentem&lt;/a&gt;&lt;br /&gt;&lt;span&gt;------------------------------------------ SDS:&amp;nbsp;&lt;/span&gt;&lt;a href=&quot;https://blackbiene.deviantart.com/art/ID-293-Fortis-Miles-424001769&quot;&gt;293 Fortis Miles&lt;/a&gt;&lt;br /&gt;&lt;span&gt;----------------- SD:&amp;nbsp;&lt;/span&gt;&lt;a href=&quot;https://blackbiene.deviantart.com/art/ID-295-Cor-est-Glacies-452776577&quot;&gt;295 Cor est Glacies&lt;/a&gt;&lt;br /&gt;&lt;span&gt;------------------------------------------ SDD:&amp;nbsp;&lt;/span&gt;&lt;a href=&quot;https://savannauni.deviantart.com/art/P-134-Nulla-Latitudo-Gutta-445731740&quot;&gt;P-134 Nulla Latitudo Gutta&lt;/a&gt;&lt;br /&gt;&lt;span&gt;------------------------------------------ DSS: Unknown&lt;/span&gt;&lt;br /&gt;&lt;span&gt;----------------- DS:&amp;nbsp;&lt;/span&gt;&lt;a href=&quot;https://themoon122.deviantart.com/art/018-Pardus-Cervus-599621609&quot;&gt;018 Pardus Cervus&lt;/a&gt;&lt;br /&gt;&lt;span&gt;------------------------------------------ DSD: Unknown&lt;/span&gt;&lt;br /&gt;&lt;span&gt;Dam:&amp;nbsp;&lt;/span&gt;&lt;a href=&quot;https://corruptica.deviantart.com/art/2577-Domina-Noctis-SOLD-682837562&quot;&gt;2577 Domina Noctis&lt;/a&gt;&lt;br /&gt;&lt;span&gt;------------------------------------------ DDS:&amp;nbsp;&lt;/span&gt;&lt;a href=&quot;https://wardhighlands.deviantart.com/art/396-Herpothamnus-452682907&quot;&gt;396 Herpothamnus&lt;/a&gt;&lt;br /&gt;&lt;span&gt;----------------- DD:&lt;/span&gt;&lt;a href=&quot;https://astroponies.deviantart.com/art/1853-Ecce-Vicit-Leo-de-Mari-649322095&quot;&gt;&amp;nbsp;1853 Ecce Vicit Leo de Mari&lt;/a&gt;&lt;br /&gt;&lt;span&gt;------------------------------------------ DDD:&amp;nbsp;&lt;/span&gt;&lt;a href=&quot;https://complacentfool.deviantart.com/art/F-101-Nox-Aestivae-Comparantibus-424246063&quot;&gt;101 Nox Aestivae Comparantibus&lt;/a&gt;&lt;b&gt;&amp;nbsp;&lt;br /&gt;&lt;/b&gt;&lt;br /&gt;&lt;b&gt;Offspring: &lt;/b&gt;none yet&lt;br /&gt;&lt;br /&gt;&lt;div align=&quot;center&quot;&gt;&lt;a href=&quot;https://diegovainilla.deviantart.com/art/light-cherry-blossoms-g-651456971&quot; class=&quot;emoticon&quot; data-embed-type=&quot;emoticon&quot; data-embed-id=&quot;651456971&quot; data-embed-profile=&quot;deviation&quot;&gt;&lt;img src=&quot;https://orig00.deviantart.net/fcc5/f/2017/184/0/4/light_cherry_blossoms_g_by_diegovainilla-daruzez.gif&quot; alt=&quot;light cherry blossoms g&quot; style=&quot;width:54px;height:34px&quot;&gt;&lt;/a&gt;&lt;span&gt;&lt;b&gt;&amp;nbsp;Breeding Information&amp;nbsp;&lt;/b&gt;&lt;/span&gt;&lt;b&gt;&lt;a href=&quot;https://diegovainilla.deviantart.com/art/light-cherry-blossoms-h-651456977&quot; class=&quot;emoticon&quot; data-embed-type=&quot;emoticon&quot; data-embed-id=&quot;651456977&quot; data-embed-profile=&quot;deviation&quot;&gt;&lt;img src=&quot;https://orig00.deviantart.net/ab6d/f/2017/184/1/0/light_cherry_blossoms_h_by_diegovainilla-daruzf5.gif&quot; alt=&quot;light cherry blossoms h&quot; style=&quot;width:54px;height:34px&quot;&gt;&lt;/a&gt;&amp;nbsp;&lt;/b&gt;&lt;/div&gt;&lt;b&gt;&lt;div align=&quot;left&quot;&gt;&lt;b&gt;Slots:&lt;/b&gt;&lt;/div&gt;&lt;/b&gt;&lt;sub&gt;&lt;div align=&quot;left&quot;&gt;Username - Status - Mate = Resulting Foal&amp;nbsp;&lt;/div&gt;&lt;/sub&gt;&lt;span&gt;&lt;div align=&quot;left&quot;&gt;1. Mine - Unused&lt;/div&gt;&lt;/span&gt;&lt;span&gt;&lt;div align=&quot;left&quot;&gt;2. Mine - Unused&lt;br /&gt;&lt;/div&gt;&lt;/span&gt;&lt;span&gt;&lt;div align=&quot;left&quot;&gt;3. Mine - Unused&lt;/div&gt;&lt;/span&gt;&lt;span&gt;&lt;div align=&quot;left&quot;&gt;4.&lt;/div&gt;&lt;/span&gt;&lt;span&gt;&lt;div align=&quot;left&quot;&gt;5.&lt;/div&gt;&lt;/span&gt;&lt;span&gt;&lt;div align=&quot;left&quot;&gt;6.&lt;/div&gt;&lt;/span&gt;&lt;span&gt;&lt;div align=&quot;left&quot;&gt;7.&lt;/div&gt;&lt;/span&gt;&lt;span&gt;&lt;div align=&quot;left&quot;&gt;8.&lt;/div&gt;&lt;/span&gt;&lt;span&gt;&lt;div align=&quot;left&quot;&gt;9.&lt;/div&gt;&lt;/span&gt;&lt;span&gt;&lt;div align=&quot;left&quot;&gt;10.&lt;br /&gt;&lt;/div&gt;&lt;/span&gt;&lt;span&gt;&lt;br /&gt;&lt;div align=&quot;center&quot;&gt;&lt;b&gt;&lt;a href=&quot;https://diegovainilla.deviantart.com/art/light-cherry-blossoms-g-651456971&quot; class=&quot;emoticon&quot; data-embed-type=&quot;emoticon&quot; data-embed-id=&quot;651456971&quot; data-embed-profile=&quot;deviation&quot;&gt;&lt;img src=&quot;https://orig00.deviantart.net/fcc5/f/2017/184/0/4/light_cherry_blossoms_g_by_diegovainilla-daruzez.gif&quot; alt=&quot;light cherry blossoms g&quot; style=&quot;width:54px;height:34px&quot;&gt;&lt;/a&gt;&amp;nbsp;Experience and Abilites&amp;nbsp;&lt;a href=&quot;https://diegovainilla.deviantart.com/art/light-cherry-blossoms-h-651456977&quot; class=&quot;emoticon&quot; data-embed-type=&quot;emoticon&quot; data-embed-id=&quot;651456977&quot; data-embed-profile=&quot;deviation&quot;&gt;&lt;img src=&quot;https://orig00.deviantart.net/ab6d/f/2017/184/1/0/light_cherry_blossoms_h_by_diegovainilla-daruzf5.gif&quot; alt=&quot;light cherry blossoms h&quot; style=&quot;width:54px;height:34px&quot;&gt;&lt;/a&gt;&amp;nbsp;&lt;/b&gt;&lt;/div&gt;&lt;/span&gt;&lt;b&gt;&lt;br /&gt;Stats&lt;/b&gt;&lt;br /&gt;&lt;span&gt;Gaits: 2&lt;/span&gt;&lt;br /&gt;&lt;span&gt;Dressage:&amp;nbsp;&lt;/span&gt;&lt;span&gt;0.5&lt;/span&gt;&lt;br /&gt;&lt;span&gt;Jumping:&amp;nbsp;&lt;/span&gt;&lt;span&gt;0.5&lt;/span&gt;&lt;br /&gt;&lt;span&gt;Intelligence: 1.5&lt;/span&gt;&lt;br /&gt;&lt;span&gt;Stamina: 1&lt;/span&gt;&lt;br /&gt;&lt;span&gt;Speed: 0.5&lt;/span&gt;&lt;br /&gt;&lt;span&gt;Strength: 2.5&lt;/span&gt;&lt;span&gt;&lt;br /&gt;&lt;/span&gt;&lt;span&gt;Earned Experience: 0&lt;/span&gt;&lt;span&gt;&lt;br /&gt;&lt;br /&gt;&lt;/span&gt;&lt;span&gt;Total: 8.5&lt;/span&gt;&lt;br /&gt;&lt;b&gt;Inherited Stats: 8.5&lt;/b&gt;&lt;br /&gt;&lt;b&gt;TOTAL: 8.5&lt;/b&gt;&lt;br /&gt;&lt;br /&gt;&lt;div align=&quot;center&quot;&gt;&lt;b&gt;&lt;a href=&quot;https://diegovainilla.deviantart.com/art/light-cherry-blossoms-g-651456971&quot; class=&quot;emoticon&quot; data-embed-type=&quot;emoticon&quot; data-embed-id=&quot;651456971&quot; data-embed-profile=&quot;deviation&quot;&gt;&lt;img src=&quot;https://orig00.deviantart.net/fcc5/f/2017/184/0/4/light_cherry_blossoms_g_by_diegovainilla-daruzez.gif&quot; alt=&quot;light cherry blossoms g&quot; style=&quot;width:54px;height:34px&quot;&gt;&lt;/a&gt;&amp;nbsp;Art and&amp;nbsp;Design&amp;nbsp;&lt;a href=&quot;https://diegovainilla.deviantart.com/art/light-cherry-blossoms-h-651456977&quot; class=&quot;emoticon&quot; data-embed-type=&quot;emoticon&quot; data-embed-id=&quot;651456977&quot; data-embed-profile=&quot;deviation&quot;&gt;&lt;img src=&quot;https://orig00.deviantart.net/ab6d/f/2017/184/1/0/light_cherry_blossoms_h_by_diegovainilla-daruzf5.gif&quot; alt=&quot;light cherry blossoms h&quot; style=&quot;width:54px;height:34px&quot;&gt;&lt;/a&gt;&amp;nbsp;&lt;/b&gt;&lt;/div&gt;&lt;/div&gt;&lt;div&gt;&lt;b&gt;Accepted Foal/import Design:&lt;a href=&quot;https://mortsthemorts.deviantart.com/art/5072-Foal-Design-707139415&quot;&gt; &lt;/a&gt;&lt;/b&gt;&lt;a href=&quot;https://mortsthemorts.deviantart.com/art/5072-Foal-Design-707139415&quot;&gt;Foal design&lt;/a&gt;&lt;br /&gt;&lt;b&gt;Design and art by &lt;span class=&quot;username-with-symbol u&quot;&gt;&lt;a class=&quot;u regular username&quot; href=&quot;https://mortsthemorts.deviantart.com&quot;&gt;MortstheMorts&lt;/a&gt;&lt;span class=&quot;user-symbol regular&quot; data-quicktip-text=&quot;&quot; data-show-tooltip=&quot;&quot; data-gruser-type=&quot;regular&quot;&gt;&lt;/span&gt;&lt;/span&gt;&amp;nbsp;&lt;br /&gt;Horse references used:&lt;/b&gt;&amp;nbsp;&lt;a href=&quot;https://sta.sh/21w4l261qvlp&quot;&gt;sta.sh/21w4l261qvlp&lt;/a&gt;&lt;br /&gt;&lt;b&gt;&lt;i&gt;Species Belong to&amp;nbsp;&lt;span class=&quot;username-with-symbol u&quot;&gt;&lt;a class=&quot;u premium username&quot; href=&quot;https://fargonon.deviantart.com&quot;&gt;Fargonon&lt;/a&gt;&lt;span class=&quot;user-symbol premium&quot; data-quicktip-text=&quot;Core Member&quot; data-show-tooltip=&quot;1&quot; data-gruser-type=&quot;premium&quot;&gt;&lt;/span&gt;&lt;/span&gt;&lt;/i&gt;&lt;/b&gt;&lt;br /&gt;&lt;b&gt;The group: &lt;a target=&quot;_self&quot; href=&quot;https://equusballator.deviantart.com/&quot; &gt;&lt;img class=&quot;avatar group&quot; width=&quot;100&quot; height=&quot;50&quot; src=&quot;https://a.deviantart.net/avatars/e/q/equusballator.gif?4&quot; alt=&quot;:iconequusballator:&quot; title=&quot;EquusBallator&quot; /&gt;&lt;/a&gt;&lt;/b&gt;&lt;/div&gt;</media:description>            <media:thumbnail url="https://t00.deviantart.net/Jgl695BqbapM1XXNFLRKEFWR8Wk=/fit-in/150x150/filters:no_upscale():origin()/pre00/530c/th/pre/f/2017/282/e/f/5072_hiphopopotamus_vs__rhymenoceros_by_mortsthemorts-dbq43sx.png" height="128" width="150"/>            <media:thumbnail url="https://t00.deviantart.net/l4vRq73jx4RI3KZTUIEl0wFL0ck=/fit-in/300x900/filters:no_upscale():origin()/pre00/530c/th/pre/f/2017/282/e/f/5072_hiphopopotamus_vs__rhymenoceros_by_mortsthemorts-dbq43sx.png" height="255" width="300"/>            <media:thumbnail url="https://t00.deviantart.net/6bOei7BRWYWm8l5M4nxdV7aWYBY=/300x200/filters:fixed_height(100,100):origin()/pre00/530c/th/pre/f/2017/282/e/f/5072_hiphopopotamus_vs__rhymenoceros_by_mortsthemorts-dbq43sx.png" height="200" width="235"/>            <media:content url="https://pre00.deviantart.net/530c/th/pre/f/2017/282/e/f/5072_hiphopopotamus_vs__rhymenoceros_by_mortsthemorts-dbq43sx.png" height="824" width="970" medium="image"/>            
            <description>&lt;div align=&quot;center&quot;&gt;&lt;b&gt;&lt;a href=&quot;https://diegovainilla.deviantart.com/art/light-cherry-blossoms-g-651456971&quot; class=&quot;emoticon&quot; data-embed-type=&quot;emoticon&quot; data-embed-id=&quot;651456971&quot; data-embed-profile=&quot;deviation&quot;&gt;&lt;img src=&quot;https://orig00.deviantart.net/fcc5/f/2017/184/0/4/light_cherry_blossoms_g_by_diegovainilla-daruzez.gif&quot; alt=&quot;light cherry blossoms g&quot; style=&quot;width:54px;height:34px&quot;&gt;&lt;/a&gt;&amp;nbsp;Basic Information&lt;a href=&quot;https://diegovainilla.deviantart.com/art/light-cherry-blossoms-h-651456977&quot; class=&quot;emoticon&quot; data-embed-type=&quot;emoticon&quot; data-embed-id=&quot;651456977&quot; data-embed-profile=&quot;deviation&quot;&gt;&lt;img src=&quot;https://orig00.deviantart.net/ab6d/f/2017/184/1/0/light_cherry_blossoms_h_by_diegovainilla-daruzf5.gif&quot; alt=&quot;light cherry blossoms h&quot; style=&quot;width:54px;height:34px&quot;&gt;&lt;/a&gt;&amp;nbsp;&lt;/b&gt;&lt;/div&gt;&lt;b&gt;Registration Note/Custom-Import Order: &lt;a href=&quot;https://comments.deviantart.com/39/1829449/4476765348&quot;&gt;Breeding Note&lt;/a&gt;&lt;/b&gt;&lt;b&gt;&lt;br /&gt;ID: &lt;/b&gt;5072&lt;br /&gt;&lt;b&gt;Name:&amp;nbsp;&lt;/b&gt;Hiphopopotamus vs. Rhymenoceros&lt;b&gt;&lt;br /&gt;Barn Name/Nickname:&lt;/b&gt; Hiphy&lt;br /&gt;&lt;br /&gt;&lt;div align=&quot;center&quot;&gt;&lt;b&gt;&lt;a href=&quot;https://diegovainilla.deviantart.com/art/light-cherry-blossoms-g-651456971&quot; class=&quot;emoticon&quot; data-embed-type=&quot;emoticon&quot; data-embed-id=&quot;651456971&quot; data-embed-profile=&quot;deviation&quot;&gt;&lt;img src=&quot;https://orig00.deviantart.net/fcc5/f/2017/184/0/4/light_cherry_blossoms_g_by_diegovainilla-daruzez.gif&quot; alt=&quot;light cherry blossoms g&quot; style=&quot;width:54px;height:34px&quot;&gt;&lt;/a&gt;&amp;nbsp; Biology and Genotype&amp;nbsp;&lt;a href=&quot;https://diegovainilla.deviantart.com/art/light-cherry-blossoms-h-651456977&quot; class=&quot;emoticon&quot; data-embed-type=&quot;emoticon&quot; data-embed-id=&quot;651456977&quot; data-embed-profile=&quot;deviation&quot;&gt;&lt;img src=&quot;https://orig00.deviantart.net/ab6d/f/2017/184/1/0/light_cherry_blossoms_h_by_diegovainilla-daruzf5.gif&quot; alt=&quot;light cherry blossoms h&quot; style=&quot;width:54px;height:34px&quot;&gt;&lt;/a&gt;&amp;nbsp;&lt;/b&gt;&lt;/div&gt;&lt;b&gt;Sex: &lt;/b&gt;Mare&lt;br /&gt;&lt;b&gt;Breed and type:&lt;/b&gt;&amp;nbsp;&lt;span class=&quot;username-with-symbol u&quot;&gt;&lt;a class=&quot;u super group username&quot; href=&quot;https://equusballator.deviantart.com&quot;&gt;EquusBallator&lt;/a&gt;&lt;span class=&quot;user-symbol super group&quot; data-quicktip-text=&quot;Super Group&quot; data-show-tooltip=&quot;1&quot; data-gruser-type=&quot;super group&quot; data-clickthrough=&quot;http://groups.deviantart.com&quot;&gt;&lt;/span&gt;&lt;/span&gt; Plains&lt;br /&gt;&lt;b&gt;Age: &lt;/b&gt;4 years&lt;b&gt;&lt;br /&gt;Height: &lt;/b&gt;17hh/173cm&lt;b&gt;&lt;br /&gt;Discipline: &lt;/b&gt;(To be added!)&lt;b&gt;&lt;br /&gt;Genotype:&amp;nbsp;&lt;/b&gt;&lt;span&gt;EE aa nCr nT nJe&lt;/span&gt;&lt;b&gt;&lt;br /&gt;Phenotype:&amp;nbsp;&lt;/b&gt;&lt;span&gt;Smoky Black Tobiano Jester (with Cat tracks and Vitiligo)&lt;/span&gt;&lt;b&gt;&lt;br /&gt;&lt;/b&gt;&lt;br /&gt;&lt;div align=&quot;center&quot;&gt;&lt;b&gt;&lt;a href=&quot;https://diegovainilla.deviantart.com/art/light-cherry-blossoms-g-651456971&quot; class=&quot;emoticon&quot; data-embed-type=&quot;emoticon&quot; data-embed-id=&quot;651456971&quot; data-embed-profile=&quot;deviation&quot;&gt;&lt;img src=&quot;https://orig00.deviantart.net/fcc5/f/2017/184/0/4/light_cherry_blossoms_g_by_diegovainilla-daruzez.gif&quot; alt=&quot;light cherry blossoms g&quot; style=&quot;width:54px;height:34px&quot;&gt;&lt;/a&gt;&amp;nbsp;Rarity&amp;nbsp;&lt;a href=&quot;https://diegovainilla.deviantart.com/art/light-cherry-blossoms-h-651456977&quot; class=&quot;emoticon&quot; data-embed-type=&quot;emoticon&quot; data-embed-id=&quot;651456977&quot; data-embed-profile=&quot;deviation&quot;&gt;&lt;img src=&quot;https://orig00.deviantart.net/ab6d/f/2017/184/1/0/light_cherry_blossoms_h_by_diegovainilla-daruzf5.gif&quot; alt=&quot;light cherry blossoms h&quot; style=&quot;width:54px;height:34px&quot;&gt;&lt;/a&gt;&amp;nbsp;&lt;/b&gt;&lt;/div&gt;&lt;b&gt;Rarity:&amp;nbsp;&lt;/b&gt;&lt;span&gt;&amp;nbsp;Tobiano +1, Jester +3, Dull colored horns +1, Spined +2 and Spiraled +1, two extra hornsets +4&lt;/span&gt;&lt;br /&gt;&lt;span&gt;Total:&lt;/span&gt;&lt;b&gt;&amp;nbsp;12RP&lt;/b&gt;&lt;span&gt;&amp;nbsp;(Common)&lt;/span&gt;&lt;br /&gt;&lt;b&gt;&lt;br /&gt;&lt;div align=&quot;center&quot;&gt;&lt;a href=&quot;https://diegovainilla.deviantart.com/art/light-cherry-blossoms-g-651456971&quot; class=&quot;emoticon&quot; data-embed-type=&quot;emoticon&quot; data-embed-id=&quot;651456971&quot; data-embed-profile=&quot;deviation&quot;&gt;&lt;img src=&quot;https://orig00.deviantart.net/fcc5/f/2017/184/0/4/light_cherry_blossoms_g_by_diegovainilla-daruzez.gif&quot; alt=&quot;light cherry blossoms g&quot; style=&quot;width:54px;height:34px&quot;&gt;&lt;/a&gt;&lt;span&gt;&amp;nbsp;&lt;/span&gt;&lt;b&gt;Character&amp;nbsp;&lt;/b&gt;&lt;b&gt;&lt;a href=&quot;https://diegovainilla.deviantart.com/art/light-cherry-blossoms-h-651456977&quot; class=&quot;emoticon&quot; data-embed-type=&quot;emoticon&quot; data-embed-id=&quot;651456977&quot; data-embed-profile=&quot;deviation&quot;&gt;&lt;img src=&quot;https://orig00.deviantart.net/ab6d/f/2017/184/1/0/light_cherry_blossoms_h_by_diegovainilla-daruzf5.gif&quot; alt=&quot;light cherry blossoms h&quot; style=&quot;width:54px;height:34px&quot;&gt;&lt;/a&gt;&amp;nbsp;&lt;/b&gt;&lt;/div&gt;&lt;/b&gt;&lt;b&gt;Gender:&amp;nbsp;&lt;/b&gt;Female&lt;br /&gt;&lt;b&gt;Name pronunciation:&lt;/b&gt;&amp;nbsp;Hip-hee&lt;br /&gt;&lt;b&gt;Name origins:&lt;/b&gt;&amp;nbsp;the song &quot;&lt;a class=&quot;external&quot; href=&quot;https://www.deviantart.com/users/outgoing?https://www.youtube.com/watch?v=FArZxLj6DLk&quot;&gt;Hiphopopotamus vs. Rhymenoceros&lt;/a&gt;&quot; by Flight of the Conchords&lt;br /&gt;&lt;span&gt;&lt;b&gt;Relationships:&lt;/b&gt;&lt;/span&gt;&lt;br /&gt;&lt;a href=&quot;https://mortsthemorts.deviantart.com/art/Caoba-706667043&quot;&gt;Caoba&amp;nbsp;&lt;/a&gt;&lt;span&gt;- Handler.&lt;/span&gt;&lt;br /&gt;&lt;b&gt;Personality:&amp;nbsp;&lt;/b&gt;Hiphy is a jokester and sack equally filled with energy and apples. She&#039;s a great horse for starters, but extremely hot-headed and excitable with her main rider, Caoba. She&#039;s a very social mare, and will stick with other mares and fillies. She doesn&#039;t like hanging out with most stallions, however she can make exceptions. She&#039;s influential, if other horse spooks she will too. Even if she loves you and appreciates you, she&#039;ll swat you with her tail and sometimes try to bite or kick, but when you ride her everything changes. Hiphy is silent but expressive and loves to meet pets and animal she&#039;s never seen before.&lt;br /&gt;&lt;b&gt;Quirks:&amp;nbsp;&lt;/b&gt;Loves to eat lots of apples and sweet potatoes. She loves baths and is easy to groom but she&#039;s terrified of blankets and gunshots. She usually swims out of the saddle and has little knowledge of personal space.&lt;br /&gt;&lt;b&gt;History:&amp;nbsp;&lt;/b&gt;&lt;a href=&quot;https://mortsthemorts.deviantart.com/art/Caoba-706667043&quot;&gt;Caoba&lt;/a&gt; found Hiphy when he reached adulthood traped and freezing to death in a river. He got in the frozen river himself to pull her out and used magic to save her life. Caoba brought Hiphy back to her herd, but they met again when she was grown. Her body grew tough, even for a young mare. She followed him until he decided to adopt her. Since then they do everything together, and both of them would give their life to protect the other.&lt;br /&gt;&lt;b&gt;Alignment:&lt;/b&gt; Lawful Good&lt;br /&gt;&lt;div&gt;&lt;sub&gt;&lt;div align=&quot;left&quot;&gt;( used this to randomize her personality! check it out:&amp;nbsp;&lt;a href=&quot;https://bvicius.deviantart.com/journal/Horse-Personality-Randomizer-282851765&quot;&gt;bvicius.deviantart.com/journal&amp;hellip;&lt;/a&gt; My results for Hiphy: &lt;a href=&quot;https://sta.sh/025rl10rxum2&quot;&gt;sta.sh/025rl10rxum2&lt;/a&gt; )&lt;br /&gt;&lt;/div&gt;&lt;/sub&gt;&lt;b&gt;&lt;div align=&quot;center&quot;&gt;&lt;b&gt;&lt;br /&gt;&lt;a href=&quot;https://diegovainilla.deviantart.com/art/light-cherry-blossoms-g-651456971&quot; class=&quot;emoticon&quot; data-embed-type=&quot;emoticon&quot; data-embed-id=&quot;651456971&quot; data-embed-profile=&quot;deviation&quot;&gt;&lt;img src=&quot;https://orig00.deviantart.net/fcc5/f/2017/184/0/4/light_cherry_blossoms_g_by_diegovainilla-daruzez.gif&quot; alt=&quot;light cherry blossoms g&quot; style=&quot;width:54px;height:34px&quot;&gt;&lt;/a&gt;&amp;nbsp;Ancestors and Offspring&amp;nbsp;&lt;a href=&quot;https://diegovainilla.deviantart.com/art/light-cherry-blossoms-h-651456977&quot; class=&quot;emoticon&quot; data-embed-type=&quot;emoticon&quot; data-embed-id=&quot;651456977&quot; data-embed-profile=&quot;deviation&quot;&gt;&lt;img src=&quot;https://orig00.deviantart.net/ab6d/f/2017/184/1/0/light_cherry_blossoms_h_by_diegovainilla-daruzf5.gif&quot; alt=&quot;light cherry blossoms h&quot; style=&quot;width:54px;height:34px&quot;&gt;&lt;/a&gt;&amp;nbsp;&lt;/b&gt;&lt;/div&gt;&lt;/b&gt;&lt;b&gt;Linage:&lt;br /&gt;&lt;/b&gt;&lt;span&gt;------------------------------------------ SSS: Unknown&lt;/span&gt;&lt;br /&gt;&lt;span&gt;----------------- SS:&amp;nbsp;&lt;/span&gt;&lt;a href=&quot;https://msmydeer.deviantart.com/art/243-Virus-650036595&quot;&gt;243 Virus&lt;/a&gt;&lt;br /&gt;&lt;span&gt;------------------------------------------ SSD: Unknown&lt;/span&gt;&lt;br /&gt;&lt;span&gt;Sire:&lt;/span&gt;&lt;a href=&quot;https://complacentfool.deviantart.com/art/246-MSS-Dentem-664649910&quot;&gt;&amp;nbsp;246 MSS Dentem&lt;/a&gt;&lt;br /&gt;&lt;span&gt;------------------------------------------ SDS:&amp;nbsp;&lt;/span&gt;&lt;a href=&quot;https://blackbiene.deviantart.com/art/ID-293-Fortis-Miles-424001769&quot;&gt;293 Fortis Miles&lt;/a&gt;&lt;br /&gt;&lt;span&gt;----------------- SD:&amp;nbsp;&lt;/span&gt;&lt;a href=&quot;https://blackbiene.deviantart.com/art/ID-295-Cor-est-Glacies-452776577&quot;&gt;295 Cor est Glacies&lt;/a&gt;&lt;br /&gt;&lt;span&gt;------------------------------------------ SDD:&amp;nbsp;&lt;/span&gt;&lt;a href=&quot;https://savannauni.deviantart.com/art/P-134-Nulla-Latitudo-Gutta-445731740&quot;&gt;P-134 Nulla Latitudo Gutta&lt;/a&gt;&lt;br /&gt;&lt;span&gt;------------------------------------------ DSS: Unknown&lt;/span&gt;&lt;br /&gt;&lt;span&gt;----------------- DS:&amp;nbsp;&lt;/span&gt;&lt;a href=&quot;https://themoon122.deviantart.com/art/018-Pardus-Cervus-599621609&quot;&gt;018 Pardus Cervus&lt;/a&gt;&lt;br /&gt;&lt;span&gt;------------------------------------------ DSD: Unknown&lt;/span&gt;&lt;br /&gt;&lt;span&gt;Dam:&amp;nbsp;&lt;/span&gt;&lt;a href=&quot;https://corruptica.deviantart.com/art/2577-Domina-Noctis-SOLD-682837562&quot;&gt;2577 Domina Noctis&lt;/a&gt;&lt;br /&gt;&lt;span&gt;------------------------------------------ DDS:&amp;nbsp;&lt;/span&gt;&lt;a href=&quot;https://wardhighlands.deviantart.com/art/396-Herpothamnus-452682907&quot;&gt;396 Herpothamnus&lt;/a&gt;&lt;br /&gt;&lt;span&gt;----------------- DD:&lt;/span&gt;&lt;a href=&quot;https://astroponies.deviantart.com/art/1853-Ecce-Vicit-Leo-de-Mari-649322095&quot;&gt;&amp;nbsp;1853 Ecce Vicit Leo de Mari&lt;/a&gt;&lt;br /&gt;&lt;span&gt;------------------------------------------ DDD:&amp;nbsp;&lt;/span&gt;&lt;a href=&quot;https://complacentfool.deviantart.com/art/F-101-Nox-Aestivae-Comparantibus-424246063&quot;&gt;101 Nox Aestivae Comparantibus&lt;/a&gt;&lt;b&gt;&amp;nbsp;&lt;br /&gt;&lt;/b&gt;&lt;br /&gt;&lt;b&gt;Offspring: &lt;/b&gt;none yet&lt;br /&gt;&lt;br /&gt;&lt;div align=&quot;center&quot;&gt;&lt;a href=&quot;https://diegovainilla.deviantart.com/art/light-cherry-blossoms-g-651456971&quot; class=&quot;emoticon&quot; data-embed-type=&quot;emoticon&quot; data-embed-id=&quot;651456971&quot; data-embed-profile=&quot;deviation&quot;&gt;&lt;img src=&quot;https://orig00.deviantart.net/fcc5/f/2017/184/0/4/light_cherry_blossoms_g_by_diegovainilla-daruzez.gif&quot; alt=&quot;light cherry blossoms g&quot; style=&quot;width:54px;height:34px&quot;&gt;&lt;/a&gt;&lt;span&gt;&lt;b&gt;&amp;nbsp;Breeding Information&amp;nbsp;&lt;/b&gt;&lt;/span&gt;&lt;b&gt;&lt;a href=&quot;https://diegovainilla.deviantart.com/art/light-cherry-blossoms-h-651456977&quot; class=&quot;emoticon&quot; data-embed-type=&quot;emoticon&quot; data-embed-id=&quot;651456977&quot; data-embed-profile=&quot;deviation&quot;&gt;&lt;img src=&quot;https://orig00.deviantart.net/ab6d/f/2017/184/1/0/light_cherry_blossoms_h_by_diegovainilla-daruzf5.gif&quot; alt=&quot;light cherry blossoms h&quot; style=&quot;width:54px;height:34px&quot;&gt;&lt;/a&gt;&amp;nbsp;&lt;/b&gt;&lt;/div&gt;&lt;b&gt;&lt;div align=&quot;left&quot;&gt;&lt;b&gt;Slots:&lt;/b&gt;&lt;/div&gt;&lt;/b&gt;&lt;sub&gt;&lt;div align=&quot;left&quot;&gt;Username - Status - Mate = Resulting Foal&amp;nbsp;&lt;/div&gt;&lt;/sub&gt;&lt;span&gt;&lt;div align=&quot;left&quot;&gt;1. Mine - Unused&lt;/div&gt;&lt;/span&gt;&lt;span&gt;&lt;div align=&quot;left&quot;&gt;2. Mine - Unused&lt;br /&gt;&lt;/div&gt;&lt;/span&gt;&lt;span&gt;&lt;div align=&quot;left&quot;&gt;3. Mine - Unused&lt;/div&gt;&lt;/span&gt;&lt;span&gt;&lt;div align=&quot;left&quot;&gt;4.&lt;/div&gt;&lt;/span&gt;&lt;span&gt;&lt;div align=&quot;left&quot;&gt;5.&lt;/div&gt;&lt;/span&gt;&lt;span&gt;&lt;div align=&quot;left&quot;&gt;6.&lt;/div&gt;&lt;/span&gt;&lt;span&gt;&lt;div align=&quot;left&quot;&gt;7.&lt;/div&gt;&lt;/span&gt;&lt;span&gt;&lt;div align=&quot;left&quot;&gt;8.&lt;/div&gt;&lt;/span&gt;&lt;span&gt;&lt;div align=&quot;left&quot;&gt;9.&lt;/div&gt;&lt;/span&gt;&lt;span&gt;&lt;div align=&quot;left&quot;&gt;10.&lt;br /&gt;&lt;/div&gt;&lt;/span&gt;&lt;span&gt;&lt;br /&gt;&lt;div align=&quot;center&quot;&gt;&lt;b&gt;&lt;a href=&quot;https://diegovainilla.deviantart.com/art/light-cherry-blossoms-g-651456971&quot; class=&quot;emoticon&quot; data-embed-type=&quot;emoticon&quot; data-embed-id=&quot;651456971&quot; data-embed-profile=&quot;deviation&quot;&gt;&lt;img src=&quot;https://orig00.deviantart.net/fcc5/f/2017/184/0/4/light_cherry_blossoms_g_by_diegovainilla-daruzez.gif&quot; alt=&quot;light cherry blossoms g&quot; style=&quot;width:54px;height:34px&quot;&gt;&lt;/a&gt;&amp;nbsp;Experience and Abilites&amp;nbsp;&lt;a href=&quot;https://diegovainilla.deviantart.com/art/light-cherry-blossoms-h-651456977&quot; class=&quot;emoticon&quot; data-embed-type=&quot;emoticon&quot; data-embed-id=&quot;651456977&quot; data-embed-profile=&quot;deviation&quot;&gt;&lt;img src=&quot;https://orig00.deviantart.net/ab6d/f/2017/184/1/0/light_cherry_blossoms_h_by_diegovainilla-daruzf5.gif&quot; alt=&quot;light cherry blossoms h&quot; style=&quot;width:54px;height:34px&quot;&gt;&lt;/a&gt;&amp;nbsp;&lt;/b&gt;&lt;/div&gt;&lt;/span&gt;&lt;b&gt;&lt;br /&gt;Stats&lt;/b&gt;&lt;br /&gt;&lt;span&gt;Gaits: 2&lt;/span&gt;&lt;br /&gt;&lt;span&gt;Dressage:&amp;nbsp;&lt;/span&gt;&lt;span&gt;0.5&lt;/span&gt;&lt;br /&gt;&lt;span&gt;Jumping:&amp;nbsp;&lt;/span&gt;&lt;span&gt;0.5&lt;/span&gt;&lt;br /&gt;&lt;span&gt;Intelligence: 1.5&lt;/span&gt;&lt;br /&gt;&lt;span&gt;Stamina: 1&lt;/span&gt;&lt;br /&gt;&lt;span&gt;Speed: 0.5&lt;/span&gt;&lt;br /&gt;&lt;span&gt;Strength: 2.5&lt;/span&gt;&lt;span&gt;&lt;br /&gt;&lt;/span&gt;&lt;span&gt;Earned Experience: 0&lt;/span&gt;&lt;span&gt;&lt;br /&gt;&lt;br /&gt;&lt;/span&gt;&lt;span&gt;Total: 8.5&lt;/span&gt;&lt;br /&gt;&lt;b&gt;Inherited Stats: 8.5&lt;/b&gt;&lt;br /&gt;&lt;b&gt;TOTAL: 8.5&lt;/b&gt;&lt;br /&gt;&lt;br /&gt;&lt;div align=&quot;center&quot;&gt;&lt;b&gt;&lt;a href=&quot;https://diegovainilla.deviantart.com/art/light-cherry-blossoms-g-651456971&quot; class=&quot;emoticon&quot; data-embed-type=&quot;emoticon&quot; data-embed-id=&quot;651456971&quot; data-embed-profile=&quot;deviation&quot;&gt;&lt;img src=&quot;https://orig00.deviantart.net/fcc5/f/2017/184/0/4/light_cherry_blossoms_g_by_diegovainilla-daruzez.gif&quot; alt=&quot;light cherry blossoms g&quot; style=&quot;width:54px;height:34px&quot;&gt;&lt;/a&gt;&amp;nbsp;Art and&amp;nbsp;Design&amp;nbsp;&lt;a href=&quot;https://diegovainilla.deviantart.com/art/light-cherry-blossoms-h-651456977&quot; class=&quot;emoticon&quot; data-embed-type=&quot;emoticon&quot; data-embed-id=&quot;651456977&quot; data-embed-profile=&quot;deviation&quot;&gt;&lt;img src=&quot;https://orig00.deviantart.net/ab6d/f/2017/184/1/0/light_cherry_blossoms_h_by_diegovainilla-daruzf5.gif&quot; alt=&quot;light cherry blossoms h&quot; style=&quot;width:54px;height:34px&quot;&gt;&lt;/a&gt;&amp;nbsp;&lt;/b&gt;&lt;/div&gt;&lt;/div&gt;&lt;div&gt;&lt;b&gt;Accepted Foal/import Design:&lt;a href=&quot;https://mortsthemorts.deviantart.com/art/5072-Foal-Design-707139415&quot;&gt; &lt;/a&gt;&lt;/b&gt;&lt;a href=&quot;https://mortsthemorts.deviantart.com/art/5072-Foal-Design-707139415&quot;&gt;Foal design&lt;/a&gt;&lt;br /&gt;&lt;b&gt;Design and art by &lt;span class=&quot;username-with-symbol u&quot;&gt;&lt;a class=&quot;u regular username&quot; href=&quot;https://mortsthemorts.deviantart.com&quot;&gt;MortstheMorts&lt;/a&gt;&lt;span class=&quot;user-symbol regular&quot; data-quicktip-text=&quot;&quot; data-show-tooltip=&quot;&quot; data-gruser-type=&quot;regular&quot;&gt;&lt;/span&gt;&lt;/span&gt;&amp;nbsp;&lt;br /&gt;Horse references used:&lt;/b&gt;&amp;nbsp;&lt;a href=&quot;https://sta.sh/21w4l261qvlp&quot;&gt;sta.sh/21w4l261qvlp&lt;/a&gt;&lt;br /&gt;&lt;b&gt;&lt;i&gt;Species Belong to&amp;nbsp;&lt;span class=&quot;username-with-symbol u&quot;&gt;&lt;a class=&quot;u premium username&quot; href=&quot;https://fargonon.deviantart.com&quot;&gt;Fargonon&lt;/a&gt;&lt;span class=&quot;user-symbol premium&quot; data-quicktip-text=&quot;Core Member&quot; data-show-tooltip=&quot;1&quot; data-gruser-type=&quot;premium&quot;&gt;&lt;/span&gt;&lt;/span&gt;&lt;/i&gt;&lt;/b&gt;&lt;br /&gt;&lt;b&gt;The group: &lt;a target=&quot;_self&quot; href=&quot;https://equusballator.deviantart.com/&quot; &gt;&lt;img class=&quot;avatar group&quot; width=&quot;100&quot; height=&quot;50&quot; src=&quot;https://a.deviantart.net/avatars/e/q/equusballator.gif?4&quot; alt=&quot;:iconequusballator:&quot; title=&quot;EquusBallator&quot; /&gt;&lt;/a&gt;&lt;/b&gt;&lt;/div&gt;&lt;br /&gt;&lt;div&gt;&lt;img src=&quot;https://t00.deviantart.net/6bOei7BRWYWm8l5M4nxdV7aWYBY=/300x200/filters:fixed_height(100,100):origin()/pre00/530c/th/pre/f/2017/282/e/f/5072_hiphopopotamus_vs__rhymenoceros_by_mortsthemorts-dbq43sx.png&quot; alt=&quot;thumbnail&quot; /&gt;&lt;/div&gt;</description>            </item>
                    <item>
                <title>Rhyno (2017) Stats PNG</title>
                <link>https://darkvoidpictures.deviantart.com/art/Rhyno-2017-Stats-PNG-707754925</link>
                <guid isPermaLink="true">https://darkvoidpictures.deviantart.com/art/Rhyno-2017-Stats-PNG-707754925</guid>
                <pubDate>Tue, 03 Oct 2017 10:45:03 PDT</pubDate>
                        <media:title type="plain">Rhyno (2017) Stats PNG</media:title>
        <media:keywords></media:keywords>
                        <media:rating>nonadult</media:rating>
                <media:category label="Other">designs/other</media:category>
        <media:credit role="author" scheme="urn:ebu">DarkVoidPictures</media:credit>
        <media:credit role="author" scheme="urn:ebu">https://a.deviantart.net/avatars/d/a/darkvoidpictures.png?15</media:credit>
        <media:copyright url="https://darkvoidpictures.deviantart.com">Copyright 2017-2019 DarkVoidPictures</media:copyright>            <media:description type="html">Got this from WWE.com</media:description>            <media:thumbnail url="https://t00.deviantart.net/RcDmf3RippeLZaRhQcQ3R1Ke4OA=/fit-in/150x150/filters:no_upscale():origin()/pre00/56eb/th/pre/f/2017/276/e/8/rhyno__2017__stats_png_by_darkvoidpictures-dbpdn71.png" height="150" width="53"/>            <media:thumbnail url="https://t00.deviantart.net/mF18MdKycbvNeFF5MNnC2h6TulU=/fit-in/300x900/filters:no_upscale():origin()/pre00/56eb/th/pre/f/2017/276/e/8/rhyno__2017__stats_png_by_darkvoidpictures-dbpdn71.png" height="856" width="300"/>            <media:thumbnail url="https://t00.deviantart.net/kvGs5irCWkHPSZtmyDX5R32a-Kw=/300x200/filters:fixed_height(100,100):origin()/pre00/56eb/th/pre/f/2017/276/e/8/rhyno__2017__stats_png_by_darkvoidpictures-dbpdn71.png" height="201" width="100"/>            <media:content url="https://orig00.deviantart.net/585e/f/2017/276/e/8/rhyno__2017__stats_png_by_darkvoidpictures-dbpdn71.png" height="1455" width="510" medium="image"/>            
            <description>Got this from WWE.com&lt;br /&gt;&lt;div&gt;&lt;img src=&quot;https://t00.deviantart.net/kvGs5irCWkHPSZtmyDX5R32a-Kw=/300x200/filters:fixed_height(100,100):origin()/pre00/56eb/th/pre/f/2017/276/e/8/rhyno__2017__stats_png_by_darkvoidpictures-dbpdn71.png&quot; alt=&quot;thumbnail&quot; /&gt;&lt;/div&gt;</description>            </item>
                    <item>
                <title>Daily Fakemon Day 67 - Rhythermo</title>
                <link>https://mjco.deviantart.com/art/Daily-Fakemon-Day-67-Rhythermo-706381935</link>
                <guid isPermaLink="true">https://mjco.deviantart.com/art/Daily-Fakemon-Day-67-Rhythermo-706381935</guid>
                <pubDate>Mon, 25 Sep 2017 14:31:12 PDT</pubDate>
                        <media:title type="plain">Daily Fakemon Day 67 - Rhythermo</media:title>
        <media:keywords></media:keywords>
                        <media:rating>nonadult</media:rating>
                <media:category label="Non-Isometric">digitalart/pixelart/other/noniso</media:category>
        <media:credit role="author" scheme="urn:ebu">mjco</media:credit>
        <media:credit role="author" scheme="urn:ebu">https://a.deviantart.net/avatars/m/j/mjco.png?8</media:credit>
        <media:copyright url="https://mjco.deviantart.com">Copyright 2017-2019 mjco</media:copyright>            <media:description type="html">&lt;b&gt;Rhynomite&lt;/b&gt;&lt;br /&gt;&lt;i&gt;Rhino Pokemon&lt;br /&gt;&lt;/i&gt;&lt;i&gt;Fire-type&lt;/i&gt;&lt;br /&gt;&lt;br /&gt;&lt;span&gt;Ability - Anger Point / Bulletproof / Flash Fire (Hidden)&lt;/span&gt;&lt;br /&gt;&lt;br /&gt;Rhynomite have extremely short tempers, headbutting everything within close proximities until they collapse with exhaustion. People are warned to stay far away from Rhynomite in their natural habitat because they will charge at anything they are unfamiliar with.&lt;br /&gt;&lt;br /&gt;&lt;br /&gt;&lt;b&gt;Rhythermo&lt;br /&gt;&lt;/b&gt;&lt;i&gt;Locomotive Pokemon&lt;br /&gt;&lt;/i&gt;&lt;i&gt;Fire/Steel-type&lt;/i&gt;&lt;br /&gt;&lt;br /&gt;&lt;span&gt;Ability -&amp;nbsp;&lt;/span&gt;Anger Point / Bulletproof / Flash Fire (Hidden)&lt;br /&gt;&lt;br /&gt;&lt;span&gt;Their skin is extremely sturdy, effectively making them bulletproof. Their huge horn expells a molten-like substance which keeps them from overheating and effectively acts similarly to an exhaust of a car, making them move faster. They were once critically endangered, but after conservation in the Savarla Plains their numbers have increased tenfold.&amp;nbsp;&lt;br /&gt;&lt;/span&gt;&lt;br /&gt;&lt;span&gt;Evolution line&lt;/span&gt;&lt;br /&gt;&lt;b&gt;Rhynomite&lt;/b&gt;&lt;span&gt;&amp;nbsp;-- Level 40 --&amp;gt;&amp;nbsp;&lt;/span&gt;&lt;b&gt;Rhythermo&lt;/b&gt;&lt;br /&gt;&lt;i&gt;&lt;br /&gt;&lt;br /&gt;&lt;br /&gt;&lt;/i&gt;&lt;div&gt;&lt;i&gt;Orbis region and all content is (c) to me and is not available for public use&lt;br /&gt;&lt;br /&gt;&lt;br /&gt;Adopted from&amp;nbsp;&lt;span class=&quot;username-with-symbol u&quot;&gt;&lt;a class=&quot;u regular username&quot; href=&quot;https://nachtbeirmann.deviantart.com&quot;&gt;NachtBeirmann&lt;/a&gt;&lt;span class=&quot;user-symbol regular&quot; data-quicktip-text=&quot;&quot; data-show-tooltip=&quot;&quot; data-gruser-type=&quot;regular&quot;&gt;&lt;/span&gt;&lt;/span&gt;&amp;nbsp;&lt;/i&gt;&lt;/div&gt;</media:description>            <media:thumbnail url="https://orig00.deviantart.net/de48/f/2017/268/c/a/rhinos_by_mjco-dbok7sf.png" height="73" width="145"/>            <media:thumbnail url="https://orig00.deviantart.net/de48/f/2017/268/c/a/rhinos_by_mjco-dbok7sf.png" height="73" width="145"/>            <media:thumbnail url="https://orig00.deviantart.net/de48/f/2017/268/c/a/rhinos_by_mjco-dbok7sf.png" height="73" width="145"/>            <media:content url="https://orig00.deviantart.net/de48/f/2017/268/c/a/rhinos_by_mjco-dbok7sf.png" height="73" width="145" medium="image"/>            
            <description>&lt;b&gt;Rhynomite&lt;/b&gt;&lt;br /&gt;&lt;i&gt;Rhino Pokemon&lt;br /&gt;&lt;/i&gt;&lt;i&gt;Fire-type&lt;/i&gt;&lt;br /&gt;&lt;br /&gt;&lt;span&gt;Ability - Anger Point / Bulletproof / Flash Fire (Hidden)&lt;/span&gt;&lt;br /&gt;&lt;br /&gt;Rhynomite have extremely short tempers, headbutting everything within close proximities until they collapse with exhaustion. People are warned to stay far away from Rhynomite in their natural habitat because they will charge at anything they are unfamiliar with.&lt;br /&gt;&lt;br /&gt;&lt;br /&gt;&lt;b&gt;Rhythermo&lt;br /&gt;&lt;/b&gt;&lt;i&gt;Locomotive Pokemon&lt;br /&gt;&lt;/i&gt;&lt;i&gt;Fire/Steel-type&lt;/i&gt;&lt;br /&gt;&lt;br /&gt;&lt;span&gt;Ability -&amp;nbsp;&lt;/span&gt;Anger Point / Bulletproof / Flash Fire (Hidden)&lt;br /&gt;&lt;br /&gt;&lt;span&gt;Their skin is extremely sturdy, effectively making them bulletproof. Their huge horn expells a molten-like substance which keeps them from overheating and effectively acts similarly to an exhaust of a car, making them move faster. They were once critically endangered, but after conservation in the Savarla Plains their numbers have increased tenfold.&amp;nbsp;&lt;br /&gt;&lt;/span&gt;&lt;br /&gt;&lt;span&gt;Evolution line&lt;/span&gt;&lt;br /&gt;&lt;b&gt;Rhynomite&lt;/b&gt;&lt;span&gt;&amp;nbsp;-- Level 40 --&amp;gt;&amp;nbsp;&lt;/span&gt;&lt;b&gt;Rhythermo&lt;/b&gt;&lt;br /&gt;&lt;i&gt;&lt;br /&gt;&lt;br /&gt;&lt;br /&gt;&lt;/i&gt;&lt;div&gt;&lt;i&gt;Orbis region and all content is (c) to me and is not available for public use&lt;br /&gt;&lt;br /&gt;&lt;br /&gt;Adopted from&amp;nbsp;&lt;span class=&quot;username-with-symbol u&quot;&gt;&lt;a class=&quot;u regular username&quot; href=&quot;https://nachtbeirmann.deviantart.com&quot;&gt;NachtBeirmann&lt;/a&gt;&lt;span class=&quot;user-symbol regular&quot; data-quicktip-text=&quot;&quot; data-show-tooltip=&quot;&quot; data-gruser-type=&quot;regular&quot;&gt;&lt;/span&gt;&lt;/span&gt;&amp;nbsp;&lt;/i&gt;&lt;/div&gt;&lt;br /&gt;&lt;div&gt;&lt;img src=&quot;https://orig00.deviantart.net/de48/f/2017/268/c/a/rhinos_by_mjco-dbok7sf.png&quot; alt=&quot;thumbnail&quot; /&gt;&lt;/div&gt;</description>            </item>
                    <item>
                <title>Rhyno by Aplikes</title>
                <link>https://aplikes.deviantart.com/art/Rhyno-by-Aplikes-706361103</link>
                <guid isPermaLink="true">https://aplikes.deviantart.com/art/Rhyno-by-Aplikes-706361103</guid>
                <pubDate>Mon, 25 Sep 2017 12:15:21 PDT</pubDate>
                        <media:title type="plain">Rhyno by Aplikes</media:title>
        <media:keywords></media:keywords>
                        <media:rating>nonadult</media:rating>
                <media:category label="Scraps">scraps</media:category>
        <media:credit role="author" scheme="urn:ebu">Aplikes</media:credit>
        <media:credit role="author" scheme="urn:ebu">https://a.deviantart.net/avatars/a/p/aplikes.jpg?2</media:credit>
        <media:copyright url="https://aplikes.deviantart.com">Copyright 2017-2019 Aplikes</media:copyright>            <media:description type="html"></media:description>            <media:thumbnail url="https://t00.deviantart.net/6iOOIbwG1belGCvIx5gLU006nfs=/fit-in/150x150/filters:no_upscale():origin()/pre00/e1b2/th/pre/i/2017/268/a/d/rhyno_by_aplikes_by_aplikes-dbojrpr.png" height="150" width="138"/>            <media:thumbnail url="https://t00.deviantart.net/Dv0ujqqSmj1aQH6XRMygTo_naGE=/fit-in/300x900/filters:no_upscale():origin()/pre00/e1b2/th/pre/i/2017/268/a/d/rhyno_by_aplikes_by_aplikes-dbojrpr.png" height="326" width="300"/>            <media:thumbnail url="https://t00.deviantart.net/DGu35ShZwqXRAE8iIzJub5yE6L0=/300x200/filters:fixed_height(100,100):origin()/pre00/e1b2/th/pre/i/2017/268/a/d/rhyno_by_aplikes_by_aplikes-dbojrpr.png" height="200" width="184"/>            <media:content url="https://pre00.deviantart.net/e1b2/th/pre/i/2017/268/a/d/rhyno_by_aplikes_by_aplikes-dbojrpr.png" height="932" width="857" medium="image"/>            
            <description>&lt;br /&gt;&lt;div&gt;&lt;img src=&quot;https://t00.deviantart.net/DGu35ShZwqXRAE8iIzJub5yE6L0=/300x200/filters:fixed_height(100,100):origin()/pre00/e1b2/th/pre/i/2017/268/a/d/rhyno_by_aplikes_by_aplikes-dbojrpr.png&quot; alt=&quot;thumbnail&quot; /&gt;&lt;/div&gt;</description>            </item>
                    <item>
                <title>Rhyno by Aplikes</title>
                <link>https://aplikes.deviantart.com/art/Rhyno-by-Aplikes-703388757</link>
                <guid isPermaLink="true">https://aplikes.deviantart.com/art/Rhyno-by-Aplikes-703388757</guid>
                <pubDate>Fri, 08 Sep 2017 11:45:46 PDT</pubDate>
                        <media:title type="plain">Rhyno by Aplikes</media:title>
        <media:keywords></media:keywords>
                        <media:rating>nonadult</media:rating>
                <media:category label="Scraps">scraps</media:category>
        <media:credit role="author" scheme="urn:ebu">Aplikes</media:credit>
        <media:credit role="author" scheme="urn:ebu">https://a.deviantart.net/avatars/a/p/aplikes.jpg?2</media:credit>
        <media:copyright url="https://aplikes.deviantart.com">Copyright 2017-2019 Aplikes</media:copyright>            <media:description type="html"></media:description>            <media:thumbnail url="https://t00.deviantart.net/B_allRGiqj_Ybpj-spZSqvzaLkg=/fit-in/150x150/filters:no_upscale():origin()/pre00/a6fa/th/pre/i/2017/251/6/f/rhyno_by_aplikes_by_aplikes-dbms28l.png" height="150" width="138"/>            <media:thumbnail url="https://t00.deviantart.net/dLMH5Nrt3ciT_WxMZTjtPe-ioZE=/fit-in/300x900/filters:no_upscale():origin()/pre00/a6fa/th/pre/i/2017/251/6/f/rhyno_by_aplikes_by_aplikes-dbms28l.png" height="326" width="300"/>            <media:thumbnail url="https://t00.deviantart.net/84Ab7UsyvBAGjw88NmQisJyDEV8=/300x200/filters:fixed_height(100,100):origin()/pre00/a6fa/th/pre/i/2017/251/6/f/rhyno_by_aplikes_by_aplikes-dbms28l.png" height="200" width="184"/>            <media:content url="https://pre00.deviantart.net/a6fa/th/pre/i/2017/251/6/f/rhyno_by_aplikes_by_aplikes-dbms28l.png" height="932" width="857" medium="image"/>            
            <description>&lt;br /&gt;&lt;div&gt;&lt;img src=&quot;https://t00.deviantart.net/84Ab7UsyvBAGjw88NmQisJyDEV8=/300x200/filters:fixed_height(100,100):origin()/pre00/a6fa/th/pre/i/2017/251/6/f/rhyno_by_aplikes_by_aplikes-dbms28l.png&quot; alt=&quot;thumbnail&quot; /&gt;&lt;/div&gt;</description>            </item>
                    <item>
                <title>Rhyno by Aplikes</title>
                <link>https://aplikes.deviantart.com/art/Rhyno-by-Aplikes-703388668</link>
                <guid isPermaLink="true">https://aplikes.deviantart.com/art/Rhyno-by-Aplikes-703388668</guid>
                <pubDate>Fri, 08 Sep 2017 11:45:01 PDT</pubDate>
                        <media:title type="plain">Rhyno by Aplikes</media:title>
        <media:keywords></media:keywords>
                        <media:rating>nonadult</media:rating>
                <media:category label="Scraps">scraps</media:category>
        <media:credit role="author" scheme="urn:ebu">Aplikes</media:credit>
        <media:credit role="author" scheme="urn:ebu">https://a.deviantart.net/avatars/a/p/aplikes.jpg?2</media:credit>
        <media:copyright url="https://aplikes.deviantart.com">Copyright 2017-2019 Aplikes</media:copyright>            <media:description type="html"></media:description>            <media:thumbnail url="https://t00.deviantart.net/Rs8T03-Lu50ch9ppSMpqd_q6nfA=/fit-in/150x150/filters:no_upscale():origin()/pre00/b60c/th/pre/i/2017/251/e/3/rhyno_by_aplikes_by_aplikes-dbms264.png" height="144" width="150"/>            <media:thumbnail url="https://t00.deviantart.net/eQ9uv071RaSYXnBcNbRPLsIeg0Q=/fit-in/300x900/filters:no_upscale():origin()/pre00/b60c/th/pre/i/2017/251/e/3/rhyno_by_aplikes_by_aplikes-dbms264.png" height="288" width="300"/>            <media:thumbnail url="https://t00.deviantart.net/dgyooUeIvcLG4YdMooxjmSgBXmM=/300x200/filters:fixed_height(100,100):origin()/pre00/b60c/th/pre/i/2017/251/e/3/rhyno_by_aplikes_by_aplikes-dbms264.png" height="200" width="208"/>            <media:content url="https://pre00.deviantart.net/b60c/th/pre/i/2017/251/e/3/rhyno_by_aplikes_by_aplikes-dbms264.png" height="876" width="912" medium="image"/>            
            <description>&lt;br /&gt;&lt;div&gt;&lt;img src=&quot;https://t00.deviantart.net/dgyooUeIvcLG4YdMooxjmSgBXmM=/300x200/filters:fixed_height(100,100):origin()/pre00/b60c/th/pre/i/2017/251/e/3/rhyno_by_aplikes_by_aplikes-dbms264.png&quot; alt=&quot;thumbnail&quot; /&gt;&lt;/div&gt;</description>            </item>
                    <item>
                <title>Spider Man Vs - Color</title>
                <link>https://saintwizard.deviantart.com/art/Spider-Man-Vs-Color-702887520</link>
                <guid isPermaLink="true">https://saintwizard.deviantart.com/art/Spider-Man-Vs-Color-702887520</guid>
                <pubDate>Tue, 05 Sep 2017 09:22:47 PDT</pubDate>
                        <media:title type="plain">Spider Man Vs - Color</media:title>
        <media:keywords></media:keywords>
                        <media:rating>nonadult</media:rating>
                <media:category label="Books &amp; Novels">fanart/cartoons/digital/books</media:category>
        <media:credit role="author" scheme="urn:ebu">saintwizard</media:credit>
        <media:credit role="author" scheme="urn:ebu">https://a.deviantart.net/avatars/s/a/saintwizard.png?7</media:credit>
        <media:copyright url="https://saintwizard.deviantart.com">Copyright 2017-2019 saintwizard</media:copyright>            <media:description type="html">This was a great challenge, the amount of details in this work, man.&lt;br /&gt;Pencil Art by&amp;nbsp;&lt;img src=&quot;https://e.deviantart.net/emoticons/s/star_full.gif&quot; alt=&quot;Star!&quot; style=&quot;width: 17px; height: 16px;&quot; data-embed-type=&quot;emoticon&quot; data-embed-id=&quot;450&quot;&gt;&lt;span&gt;&lt;a href=&quot;https://saintwizard.deviantart.com/art/Spider-Man-VS-435710017&quot;&gt;Jey2dworld&lt;/a&gt;&lt;/span&gt;&lt;img src=&quot;https://e.deviantart.net/emoticons/s/star_full.gif&quot; alt=&quot;Star!&quot; style=&quot;width: 17px; height: 16px;&quot; data-embed-type=&quot;emoticon&quot; data-embed-id=&quot;450&quot;&gt;&lt;br /&gt;&lt;br /&gt;&lt;span&gt;Listening to:&amp;nbsp;&lt;/span&gt;&lt;span&gt;&lt;a class=&quot;external&quot; href=&quot;https://www.deviantart.com/users/outgoing?https://www.youtube.com/watch?v=aBni8fNK1yM&quot;&gt;Science Fiction Double Feature (piano version)&lt;/a&gt;&lt;/span&gt;&lt;span&gt;&lt;br /&gt;&lt;br /&gt;&lt;/span&gt;&lt;span&gt;&lt;a href=&quot;https://saintwizard.deviantart.com/art/Commission-Information-updated-680265946&quot;&gt;Commission information&lt;/a&gt;&lt;/span&gt;&lt;br /&gt;&lt;span&gt;&lt;a class=&quot;external&quot; href=&quot;https://www.deviantart.com/users/outgoing?https://www.patreon.com/Royalavera&quot;&gt;Patreon&lt;/a&gt;&amp;nbsp;|&amp;nbsp;&lt;/span&gt;&lt;a class=&quot;external&quot; href=&quot;https://www.deviantart.com/users/outgoing?http://royalavera.tumblr.com/&quot;&gt;Tumblr&lt;/a&gt;&lt;span&gt;&amp;nbsp;|&amp;nbsp;&lt;/span&gt;&lt;a class=&quot;external&quot; href=&quot;https://www.deviantart.com/users/outgoing?https://www.pixiv.net/member.php?id=16281498&quot;&gt;Pixiv&lt;/a&gt;&lt;span&gt;&amp;nbsp;|&amp;nbsp;&lt;/span&gt;&lt;a class=&quot;external&quot; href=&quot;https://www.deviantart.com/users/outgoing?https://www.youtube.com/channel/UCKqhl-oIxtgoTBT7ViT7oaw&quot;&gt;Youtube&lt;/a&gt;&lt;span&gt;&amp;nbsp;|&amp;nbsp;&lt;/span&gt;&lt;a class=&quot;external&quot; href=&quot;https://www.deviantart.com/users/outgoing?https://www.facebook.com/Royalavera/&quot;&gt;Facebook&lt;/a&gt;&lt;br /&gt;&lt;br /&gt;&lt;br /&gt;&lt;span&gt;Created with:&lt;/span&gt;&lt;br /&gt;&lt;a href=&quot;https://linux-rules.deviantart.com/art/Easy-Paint-Tool-SAI-text-version-Icon-1-4-615058593&quot; class=&quot;emoticon&quot; data-embed-type=&quot;emoticon&quot; data-embed-id=&quot;615058593&quot; data-embed-profile=&quot;deviation&quot;&gt;&lt;img src=&quot;https://orig09.deviantart.net/b23f/f/2016/165/d/0/easy_paint_tool_sai__text_version__icon_1_4_by_linux_rules-da66u8x.png&quot; alt=&quot;Easy Paint Tool SAI (text version) Icon 1/4&quot; style=&quot;width:50px;height:50px&quot;&gt;&lt;/a&gt;&lt;a href=&quot;https://linux-rules.deviantart.com/art/Easy-Paint-Tool-SAI-text-version-Icon-2-4-615058594&quot; class=&quot;emoticon&quot; data-embed-type=&quot;emoticon&quot; data-embed-id=&quot;615058594&quot; data-embed-profile=&quot;deviation&quot;&gt;&lt;img src=&quot;https://orig11.deviantart.net/4c3c/f/2016/165/8/a/easy_paint_tool_sai__text_version__icon_2_4_by_linux_rules-da66u8y.png&quot; alt=&quot;Easy Paint Tool SAI (text version) Icon 2/4&quot; style=&quot;width:50px;height:50px&quot;&gt;&lt;/a&gt;&lt;a href=&quot;https://linux-rules.deviantart.com/art/Easy-Paint-Tool-SAI-text-version-Icon-3-4-615058595&quot; class=&quot;emoticon&quot; data-embed-type=&quot;emoticon&quot; data-embed-id=&quot;615058595&quot; data-embed-profile=&quot;deviation&quot;&gt;&lt;img src=&quot;https://orig12.deviantart.net/6c8b/f/2016/165/e/d/easy_paint_tool_sai__text_version__icon_3_4_by_linux_rules-da66u8z.png&quot; alt=&quot;Easy Paint Tool SAI (text version) Icon 3/4&quot; style=&quot;width:50px;height:50px&quot;&gt;&lt;/a&gt;&lt;a href=&quot;https://linux-rules.deviantart.com/art/Easy-Paint-Tool-SAI-text-version-Icon-4-4-615058597&quot; class=&quot;emoticon&quot; data-embed-type=&quot;emoticon&quot; data-embed-id=&quot;615058597&quot; data-embed-profile=&quot;deviation&quot;&gt;&lt;img src=&quot;https://orig01.deviantart.net/df4c/f/2016/165/9/f/easy_paint_tool_sai__text_version__icon_4_4_by_linux_rules-da66u91.png&quot; alt=&quot;Easy Paint Tool SAI (text version) Icon 4/4&quot; style=&quot;width:50px;height:50px&quot;&gt;&lt;/a&gt;</media:description>            <media:thumbnail url="https://t00.deviantart.net/himeJJf31DD0WiSPi9d4FOKcbGs=/fit-in/150x150/filters:no_upscale():origin()/pre00/228d/th/pre/f/2017/249/6/6/spider_man_vs___color_by_saintwizard-dbmhbhc.png" height="115" width="150"/>            <media:thumbnail url="https://t00.deviantart.net/ucgntgMIOsreW_0FHBgj9KE66zo=/fit-in/300x900/filters:no_upscale():origin()/pre00/228d/th/pre/f/2017/249/6/6/spider_man_vs___color_by_saintwizard-dbmhbhc.png" height="231" width="300"/>            <media:thumbnail url="https://t00.deviantart.net/9ofQBrfrBsSCgqfoeLgJeXnnpAo=/300x200/filters:fixed_height(100,100):origin()/pre00/228d/th/pre/f/2017/249/6/6/spider_man_vs___color_by_saintwizard-dbmhbhc.png" height="200" width="260"/>            <media:content url="https://pre00.deviantart.net/228d/th/pre/f/2017/249/6/6/spider_man_vs___color_by_saintwizard-dbmhbhc.png" height="784" width="1020" medium="image"/>            
            <description>This was a great challenge, the amount of details in this work, man.&lt;br /&gt;Pencil Art by&amp;nbsp;&lt;img src=&quot;https://e.deviantart.net/emoticons/s/star_full.gif&quot; alt=&quot;Star!&quot; style=&quot;width: 17px; height: 16px;&quot; data-embed-type=&quot;emoticon&quot; data-embed-id=&quot;450&quot;&gt;&lt;span&gt;&lt;a href=&quot;https://saintwizard.deviantart.com/art/Spider-Man-VS-435710017&quot;&gt;Jey2dworld&lt;/a&gt;&lt;/span&gt;&lt;img src=&quot;https://e.deviantart.net/emoticons/s/star_full.gif&quot; alt=&quot;Star!&quot; style=&quot;width: 17px; height: 16px;&quot; data-embed-type=&quot;emoticon&quot; data-embed-id=&quot;450&quot;&gt;&lt;br /&gt;&lt;br /&gt;&lt;span&gt;Listening to:&amp;nbsp;&lt;/span&gt;&lt;span&gt;&lt;a class=&quot;external&quot; href=&quot;https://www.deviantart.com/users/outgoing?https://www.youtube.com/watch?v=aBni8fNK1yM&quot;&gt;Science Fiction Double Feature (piano version)&lt;/a&gt;&lt;/span&gt;&lt;span&gt;&lt;br /&gt;&lt;br /&gt;&lt;/span&gt;&lt;span&gt;&lt;a href=&quot;https://saintwizard.deviantart.com/art/Commission-Information-updated-680265946&quot;&gt;Commission information&lt;/a&gt;&lt;/span&gt;&lt;br /&gt;&lt;span&gt;&lt;a class=&quot;external&quot; href=&quot;https://www.deviantart.com/users/outgoing?https://www.patreon.com/Royalavera&quot;&gt;Patreon&lt;/a&gt;&amp;nbsp;|&amp;nbsp;&lt;/span&gt;&lt;a class=&quot;external&quot; href=&quot;https://www.deviantart.com/users/outgoing?http://royalavera.tumblr.com/&quot;&gt;Tumblr&lt;/a&gt;&lt;span&gt;&amp;nbsp;|&amp;nbsp;&lt;/span&gt;&lt;a class=&quot;external&quot; href=&quot;https://www.deviantart.com/users/outgoing?https://www.pixiv.net/member.php?id=16281498&quot;&gt;Pixiv&lt;/a&gt;&lt;span&gt;&amp;nbsp;|&amp;nbsp;&lt;/span&gt;&lt;a class=&quot;external&quot; href=&quot;https://www.deviantart.com/users/outgoing?https://www.youtube.com/channel/UCKqhl-oIxtgoTBT7ViT7oaw&quot;&gt;Youtube&lt;/a&gt;&lt;span&gt;&amp;nbsp;|&amp;nbsp;&lt;/span&gt;&lt;a class=&quot;external&quot; href=&quot;https://www.deviantart.com/users/outgoing?https://www.facebook.com/Royalavera/&quot;&gt;Facebook&lt;/a&gt;&lt;br /&gt;&lt;br /&gt;&lt;br /&gt;&lt;span&gt;Created with:&lt;/span&gt;&lt;br /&gt;&lt;a href=&quot;https://linux-rules.deviantart.com/art/Easy-Paint-Tool-SAI-text-version-Icon-1-4-615058593&quot; class=&quot;emoticon&quot; data-embed-type=&quot;emoticon&quot; data-embed-id=&quot;615058593&quot; data-embed-profile=&quot;deviation&quot;&gt;&lt;img src=&quot;https://orig09.deviantart.net/b23f/f/2016/165/d/0/easy_paint_tool_sai__text_version__icon_1_4_by_linux_rules-da66u8x.png&quot; alt=&quot;Easy Paint Tool SAI (text version) Icon 1/4&quot; style=&quot;width:50px;height:50px&quot;&gt;&lt;/a&gt;&lt;a href=&quot;https://linux-rules.deviantart.com/art/Easy-Paint-Tool-SAI-text-version-Icon-2-4-615058594&quot; class=&quot;emoticon&quot; data-embed-type=&quot;emoticon&quot; data-embed-id=&quot;615058594&quot; data-embed-profile=&quot;deviation&quot;&gt;&lt;img src=&quot;https://orig11.deviantart.net/4c3c/f/2016/165/8/a/easy_paint_tool_sai__text_version__icon_2_4_by_linux_rules-da66u8y.png&quot; alt=&quot;Easy Paint Tool SAI (text version) Icon 2/4&quot; style=&quot;width:50px;height:50px&quot;&gt;&lt;/a&gt;&lt;a href=&quot;https://linux-rules.deviantart.com/art/Easy-Paint-Tool-SAI-text-version-Icon-3-4-615058595&quot; class=&quot;emoticon&quot; data-embed-type=&quot;emoticon&quot; data-embed-id=&quot;615058595&quot; data-embed-profile=&quot;deviation&quot;&gt;&lt;img src=&quot;https://orig12.deviantart.net/6c8b/f/2016/165/e/d/easy_paint_tool_sai__text_version__icon_3_4_by_linux_rules-da66u8z.png&quot; alt=&quot;Easy Paint Tool SAI (text version) Icon 3/4&quot; style=&quot;width:50px;height:50px&quot;&gt;&lt;/a&gt;&lt;a href=&quot;https://linux-rules.deviantart.com/art/Easy-Paint-Tool-SAI-text-version-Icon-4-4-615058597&quot; class=&quot;emoticon&quot; data-embed-type=&quot;emoticon&quot; data-embed-id=&quot;615058597&quot; data-embed-profile=&quot;deviation&quot;&gt;&lt;img src=&quot;https://orig01.deviantart.net/df4c/f/2016/165/9/f/easy_paint_tool_sai__text_version__icon_4_4_by_linux_rules-da66u91.png&quot; alt=&quot;Easy Paint Tool SAI (text version) Icon 4/4&quot; style=&quot;width:50px;height:50px&quot;&gt;&lt;/a&gt;&lt;br /&gt;&lt;div&gt;&lt;img src=&quot;https://t00.deviantart.net/9ofQBrfrBsSCgqfoeLgJeXnnpAo=/300x200/filters:fixed_height(100,100):origin()/pre00/228d/th/pre/f/2017/249/6/6/spider_man_vs___color_by_saintwizard-dbmhbhc.png&quot; alt=&quot;thumbnail&quot; /&gt;&lt;/div&gt;</description>            </item>
                    <item>
                <title>Ride on</title>
                <link>https://acidraja.deviantart.com/art/Ride-on-687810430</link>
                <guid isPermaLink="true">https://acidraja.deviantart.com/art/Ride-on-687810430</guid>
                <pubDate>Wed, 21 Jun 2017 09:21:50 PDT</pubDate>
                        <media:title type="plain">Ride on</media:title>
        <media:keywords></media:keywords>
                        <media:rating>nonadult</media:rating>
                <media:category label="Drawings">cartoons/traditional/cartoons/drawings</media:category>
        <media:credit role="author" scheme="urn:ebu">AcidRaja</media:credit>
        <media:credit role="author" scheme="urn:ebu">https://a.deviantart.net/avatars/a/c/acidraja.jpg?2</media:credit>
        <media:copyright url="https://acidraja.deviantart.com">Copyright 2017-2019 AcidRaja</media:copyright>            <media:description type="html"></media:description>            <media:thumbnail url="https://t00.deviantart.net/OoxQ5EOZjOuKfpagjfreulyXT9U=/fit-in/150x150/filters:no_upscale():origin()/pre00/2df2/th/pre/f/2017/172/6/9/ride_on_by_acidraja-dbdi5xa.jpg" height="134" width="150"/>            <media:thumbnail url="https://t00.deviantart.net/qyMaZJZ6lTsKeeUy0GAxW0KsV_Y=/fit-in/300x900/filters:no_upscale():origin()/pre00/2df2/th/pre/f/2017/172/6/9/ride_on_by_acidraja-dbdi5xa.jpg" height="268" width="300"/>            <media:thumbnail url="https://t00.deviantart.net/V_J4LzcTX8PQAWAPHIRQGmbp-eA=/300x200/filters:fixed_height(100,100):origin()/pre00/2df2/th/pre/f/2017/172/6/9/ride_on_by_acidraja-dbdi5xa.jpg" height="200" width="224"/>            <media:content url="https://orig00.deviantart.net/360a/f/2017/172/6/9/ride_on_by_acidraja-dbdi5xa.jpg" height="670" width="750" medium="image"/>            
            <description>&lt;br /&gt;&lt;div&gt;&lt;img src=&quot;https://t00.deviantart.net/V_J4LzcTX8PQAWAPHIRQGmbp-eA=/300x200/filters:fixed_height(100,100):origin()/pre00/2df2/th/pre/f/2017/172/6/9/ride_on_by_acidraja-dbdi5xa.jpg&quot; alt=&quot;thumbnail&quot; /&gt;&lt;/div&gt;</description>            </item>
                    <item>
                <title>Dark Angels: Razorback Transport Convoy</title>
                <link>https://jamiewarpainting.deviantart.com/art/Dark-Angels-Razorback-Transport-Convoy-682764768</link>
                <guid isPermaLink="true">https://jamiewarpainting.deviantart.com/art/Dark-Angels-Razorback-Transport-Convoy-682764768</guid>
                <pubDate>Fri, 26 May 2017 09:09:43 PDT</pubDate>
                        <media:title type="plain">Dark Angels: Razorback Transport Convoy</media:title>
        <media:keywords></media:keywords>
                        <media:rating>nonadult</media:rating>
                <media:category label="Fantasy">artisan/miniatures/fantasy</media:category>
        <media:credit role="author" scheme="urn:ebu">JamieWarPainting</media:credit>
        <media:credit role="author" scheme="urn:ebu">https://a.deviantart.net/avatars/j/a/jamiewarpainting.jpg?5</media:credit>
        <media:copyright url="https://jamiewarpainting.deviantart.com">Copyright 2017-2019 JamieWarPainting</media:copyright>            <media:description type="html">Moving my armies into their new home, I came upon these tried and true Rhyno/Razorback Tanks I painted so long ago.&lt;br /&gt;&lt;br /&gt;Hope you like it.&lt;br /&gt;&lt;br /&gt;I do not own Warhammer 40,000 or these sculpts. Warhammer is owned by Games Workshop.</media:description>            <media:thumbnail url="https://t00.deviantart.net/NIr8MEEnGO-z0ll-ueHzGh71b1s=/fit-in/150x150/filters:no_upscale():origin()/pre00/9a9d/th/pre/i/2017/146/0/7/dark_angels__razorback_transport_convoy_by_jamiewarpainting-dbai0o0.jpg" height="84" width="150"/>            <media:thumbnail url="https://t00.deviantart.net/N8v5kbzix86HDHO-N8yCNUjXM5E=/fit-in/300x900/filters:no_upscale():origin()/pre00/9a9d/th/pre/i/2017/146/0/7/dark_angels__razorback_transport_convoy_by_jamiewarpainting-dbai0o0.jpg" height="169" width="300"/>            <media:thumbnail url="https://t00.deviantart.net/mK7F5Mdt4WtJ0UecCkMAi14D6fk=/300x200/filters:fixed_height(100,100):origin()/pre00/9a9d/th/pre/i/2017/146/0/7/dark_angels__razorback_transport_convoy_by_jamiewarpainting-dbai0o0.jpg" height="169" width="300"/>            <media:content url="https://img00.deviantart.net/45af/i/2017/146/0/7/dark_angels__razorback_transport_convoy_by_jamiewarpainting-dbai0o0.jpg" height="576" width="1024" medium="image"/>            
            <description>Moving my armies into their new home, I came upon these tried and true Rhyno/Razorback Tanks I painted so long ago.&lt;br /&gt;&lt;br /&gt;Hope you like it.&lt;br /&gt;&lt;br /&gt;I do not own Warhammer 40,000 or these sculpts. Warhammer is owned by Games Workshop.&lt;br /&gt;&lt;div&gt;&lt;img src=&quot;https://t00.deviantart.net/mK7F5Mdt4WtJ0UecCkMAi14D6fk=/300x200/filters:fixed_height(100,100):origin()/pre00/9a9d/th/pre/i/2017/146/0/7/dark_angels__razorback_transport_convoy_by_jamiewarpainting-dbai0o0.jpg&quot; alt=&quot;thumbnail&quot; /&gt;&lt;/div&gt;</description>            </item>
                    <item>
                <title>Rhyno by Aditya777</title>
                <link>https://terrormokes.deviantart.com/art/Rhyno-by-Aditya777-681768111</link>
                <guid isPermaLink="true">https://terrormokes.deviantart.com/art/Rhyno-by-Aditya777-681768111</guid>
                <pubDate>Sat, 20 May 2017 21:25:25 PDT</pubDate>
                        <media:title type="plain">Rhyno by Aditya777</media:title>
        <media:keywords></media:keywords>
                        <media:rating>nonadult</media:rating>
                <media:category label="Other">digitalart/paintings/other</media:category>
        <media:credit role="author" scheme="urn:ebu">Terrormokes</media:credit>
        <media:credit role="author" scheme="urn:ebu">https://a.deviantart.net/avatars/t/e/terrormokes.png?11</media:credit>
        <media:copyright url="https://terrormokes.deviantart.com">Copyright 2017-2019 Terrormokes</media:copyright>            <media:description type="html">Rhyno commission by &lt;a target=&quot;_self&quot; href=&quot;http://aditya777.deviantart.com/&quot; &gt;&lt;img class=&quot;avatar&quot; width=&quot;50&quot; height=&quot;50&quot; src=&quot;http://a.deviantart.net/avatars/a/d/aditya777.jpg?10&quot; alt=&quot;:iconaditya777:&quot; title=&quot;aditya777&quot; /&gt;&lt;/a&gt;</media:description>            <media:thumbnail url="https://t00.deviantart.net/QcBAFBawxVj1ue38R-dsjhZMSgM=/fit-in/150x150/filters:no_upscale():origin()/pre00/03e6/th/pre/i/2017/140/1/1/rhyno_by_aditya777_by_terrormokes-db9wnn3.jpg" height="150" width="106"/>            <media:thumbnail url="https://t00.deviantart.net/1KQuJo1bTRN-airJqwruZid9f_M=/fit-in/300x900/filters:no_upscale():origin()/pre00/03e6/th/pre/i/2017/140/1/1/rhyno_by_aditya777_by_terrormokes-db9wnn3.jpg" height="424" width="300"/>            <media:thumbnail url="https://t00.deviantart.net/S7uKNOf3oGmvtOrRqgmnJ7SClYI=/300x200/filters:fixed_height(100,100):origin()/pre00/03e6/th/pre/i/2017/140/1/1/rhyno_by_aditya777_by_terrormokes-db9wnn3.jpg" height="200" width="141"/>            <media:content url="https://pre00.deviantart.net/03e6/th/pre/i/2017/140/1/1/rhyno_by_aditya777_by_terrormokes-db9wnn3.jpg" height="1063" width="752" medium="image"/>            
            <description>Rhyno commission by &lt;a target=&quot;_self&quot; href=&quot;http://aditya777.deviantart.com/&quot; &gt;&lt;img class=&quot;avatar&quot; width=&quot;50&quot; height=&quot;50&quot; src=&quot;http://a.deviantart.net/avatars/a/d/aditya777.jpg?10&quot; alt=&quot;:iconaditya777:&quot; title=&quot;aditya777&quot; /&gt;&lt;/a&gt;&lt;br /&gt;&lt;div&gt;&lt;img src=&quot;https://t00.deviantart.net/S7uKNOf3oGmvtOrRqgmnJ7SClYI=/300x200/filters:fixed_height(100,100):origin()/pre00/03e6/th/pre/i/2017/140/1/1/rhyno_by_aditya777_by_terrormokes-db9wnn3.jpg&quot; alt=&quot;thumbnail&quot; /&gt;&lt;/div&gt;</description>            </item>
                    <item>
                <title>Digital Imaging Woman And Rhyno</title>
                <link>https://hepeng-design.deviantart.com/art/Digital-Imaging-Woman-And-Rhyno-681607254</link>
                <guid isPermaLink="true">https://hepeng-design.deviantart.com/art/Digital-Imaging-Woman-And-Rhyno-681607254</guid>
                <pubDate>Sat, 20 May 2017 04:36:04 PDT</pubDate>
                        <media:title type="plain">Digital Imaging Woman And Rhyno</media:title>
        <media:keywords></media:keywords>
                        <media:rating>nonadult</media:rating>
                <media:category label="Other">digitalart/photomanip/other</media:category>
        <media:credit role="author" scheme="urn:ebu">hepeng-design</media:credit>
        <media:credit role="author" scheme="urn:ebu">https://a.deviantart.net/avatars/h/e/hepeng-design.png?6</media:credit>
        <media:copyright url="https://hepeng-design.deviantart.com">Copyright 2017-2019 hepeng-design</media:copyright>            <media:description type="html">Digital Imaging Woman and Rhyno By HEPENG Design&lt;br /&gt;&lt;br /&gt;&lt;b&gt;Visit My Social Media :&lt;/b&gt;&lt;br /&gt;&lt;br /&gt;&lt;span&gt;Facebook :&lt;/span&gt;&lt;br /&gt;&lt;span&gt;&lt;a class=&quot;external&quot; href=&quot;http://www.deviantart.com/users/outgoing?https://www.facebook.com/hepengdesign&quot;&gt;www.facebook.com/hepengdesign&lt;/a&gt;&lt;/span&gt;&lt;br /&gt;&lt;br /&gt;&lt;span&gt;Twitter :&lt;/span&gt;&lt;br /&gt;&lt;span&gt;&lt;a class=&quot;external&quot; href=&quot;http://www.deviantart.com/users/outgoing?https://www.twitter.com/hepengdesign&quot;&gt;www.twitter.com/hepengdesign&lt;/a&gt;&lt;/span&gt;&lt;br /&gt;&lt;br /&gt;&lt;span&gt;Instagram :&lt;/span&gt;&lt;br /&gt;&lt;span&gt;&lt;a class=&quot;external&quot; href=&quot;http://www.deviantart.com/users/outgoing?https://www.instagram.com/hepengdesign&quot;&gt;www.instagram.com/hepengdesign&lt;/a&gt;&lt;/span&gt;&lt;br /&gt;&lt;br /&gt;&lt;span&gt;Youtube :&lt;/span&gt;&lt;br /&gt;&lt;span&gt;&lt;a class=&quot;external&quot; href=&quot;http://www.deviantart.com/users/outgoing?https://www.youtube.com/hepengdesign&quot;&gt;www.youtube.com/hepengdesign&lt;/a&gt;&lt;/span&gt;&lt;br /&gt;&lt;br /&gt;&lt;span&gt;Blog/Site :&lt;/span&gt;&lt;br /&gt;&lt;span&gt;&lt;a class=&quot;external&quot; href=&quot;http://www.deviantart.com/users/outgoing?http://hepengdesign.blogspot.com&quot;&gt;hepengdesign.blogspot.com&lt;/a&gt;&lt;/span&gt;</media:description>            <media:thumbnail url="https://t00.deviantart.net/_w0XAvMOkblN6g35HnfXCXeEeII=/fit-in/150x150/filters:no_upscale():origin()/pre00/9a29/th/pre/i/2017/140/5/9/digital_imaging_woman_and_rhyno_by_hepeng_design-db9t7iu.jpg" height="100" width="150"/>            <media:thumbnail url="https://t00.deviantart.net/S21jXIjWuVJUeWsSQx7CAqFy_C0=/fit-in/300x900/filters:no_upscale():origin()/pre00/9a29/th/pre/i/2017/140/5/9/digital_imaging_woman_and_rhyno_by_hepeng_design-db9t7iu.jpg" height="200" width="300"/>            <media:thumbnail url="https://t00.deviantart.net/lQEqI6qi4-tx5-ydUP4CS-QZOLg=/300x200/filters:fixed_height(100,100):origin()/pre00/9a29/th/pre/i/2017/140/5/9/digital_imaging_woman_and_rhyno_by_hepeng_design-db9t7iu.jpg" height="200" width="300"/>            <media:content url="https://img00.deviantart.net/18ec/i/2017/140/5/9/digital_imaging_woman_and_rhyno_by_hepeng_design-db9t7iu.jpg" height="683" width="1024" medium="image"/>            
            <description>Digital Imaging Woman and Rhyno By HEPENG Design&lt;br /&gt;&lt;br /&gt;&lt;b&gt;Visit My Social Media :&lt;/b&gt;&lt;br /&gt;&lt;br /&gt;&lt;span&gt;Facebook :&lt;/span&gt;&lt;br /&gt;&lt;span&gt;&lt;a class=&quot;external&quot; href=&quot;http://www.deviantart.com/users/outgoing?https://www.facebook.com/hepengdesign&quot;&gt;www.facebook.com/hepengdesign&lt;/a&gt;&lt;/span&gt;&lt;br /&gt;&lt;br /&gt;&lt;span&gt;Twitter :&lt;/span&gt;&lt;br /&gt;&lt;span&gt;&lt;a class=&quot;external&quot; href=&quot;http://www.deviantart.com/users/outgoing?https://www.twitter.com/hepengdesign&quot;&gt;www.twitter.com/hepengdesign&lt;/a&gt;&lt;/span&gt;&lt;br /&gt;&lt;br /&gt;&lt;span&gt;Instagram :&lt;/span&gt;&lt;br /&gt;&lt;span&gt;&lt;a class=&quot;external&quot; href=&quot;http://www.deviantart.com/users/outgoing?https://www.instagram.com/hepengdesign&quot;&gt;www.instagram.com/hepengdesign&lt;/a&gt;&lt;/span&gt;&lt;br /&gt;&lt;br /&gt;&lt;span&gt;Youtube :&lt;/span&gt;&lt;br /&gt;&lt;span&gt;&lt;a class=&quot;external&quot; href=&quot;http://www.deviantart.com/users/outgoing?https://www.youtube.com/hepengdesign&quot;&gt;www.youtube.com/hepengdesign&lt;/a&gt;&lt;/span&gt;&lt;br /&gt;&lt;br /&gt;&lt;span&gt;Blog/Site :&lt;/span&gt;&lt;br /&gt;&lt;span&gt;&lt;a class=&quot;external&quot; href=&quot;http://www.deviantart.com/users/outgoing?http://hepengdesign.blogspot.com&quot;&gt;hepengdesign.blogspot.com&lt;/a&gt;&lt;/span&gt;&lt;br /&gt;&lt;div&gt;&lt;img src=&quot;https://t00.deviantart.net/lQEqI6qi4-tx5-ydUP4CS-QZOLg=/300x200/filters:fixed_height(100,100):origin()/pre00/9a29/th/pre/i/2017/140/5/9/digital_imaging_woman_and_rhyno_by_hepeng_design-db9t7iu.jpg&quot; alt=&quot;thumbnail&quot; /&gt;&lt;/div&gt;</description>            </item>
                    <item>
                <title>WIP unicorn</title>
                <link>https://philippedaniel.deviantart.com/art/WIP-unicorn-679681344</link>
                <guid isPermaLink="true">https://philippedaniel.deviantart.com/art/WIP-unicorn-679681344</guid>
                <pubDate>Tue, 09 May 2017 11:46:19 PDT</pubDate>
                        <media:title type="plain">WIP unicorn</media:title>
        <media:keywords></media:keywords>
                        <media:rating>nonadult</media:rating>
                <media:category label="Cosplay &amp; Role-Playing">artisan/costumes/costumes/cosplay</media:category>
        <media:credit role="author" scheme="urn:ebu">PhilippeDaniel</media:credit>
        <media:credit role="author" scheme="urn:ebu">https://a.deviantart.net/avatars/p/h/philippedaniel.png?4</media:credit>
        <media:copyright url="https://philippedaniel.deviantart.com">Copyright 2017-2019 PhilippeDaniel</media:copyright>            <media:description type="html">Head is nearly done~ &lt;img src=&quot;http://e.deviantart.net/emoticons/b/biggrin.gif&quot; width=&quot;15&quot; height=&quot;15&quot; alt=&quot;:D&quot; data-embed-type=&quot;emoticon&quot; data-embed-id=&quot;366&quot; title=&quot;:D (Big Grin)&quot;/&gt;</media:description>            <media:thumbnail url="https://t00.deviantart.net/aK_pfYRPUZ534W5UmqcshW1hrS4=/fit-in/150x150/filters:no_upscale():origin()/pre00/ad55/th/pre/i/2017/129/3/2/wip_unicorn_by_philippedaniel-db8nxhc.jpg" height="150" width="150"/>            <media:thumbnail url="https://t00.deviantart.net/ekpBJIp4c1MAiQXCyjj8i5f4UvU=/fit-in/300x900/filters:no_upscale():origin()/pre00/ad55/th/pre/i/2017/129/3/2/wip_unicorn_by_philippedaniel-db8nxhc.jpg" height="300" width="300"/>            <media:thumbnail url="https://t00.deviantart.net/eMuQOTsSznlodsFoWn8BO8BPMPU=/300x200/filters:fixed_height(100,100):origin()/pre00/ad55/th/pre/i/2017/129/3/2/wip_unicorn_by_philippedaniel-db8nxhc.jpg" height="200" width="200"/>            <media:content url="https://pre00.deviantart.net/ad55/th/pre/i/2017/129/3/2/wip_unicorn_by_philippedaniel-db8nxhc.jpg" height="894" width="894" medium="image"/>            
            <description>Head is nearly done~ &lt;img src=&quot;http://e.deviantart.net/emoticons/b/biggrin.gif&quot; width=&quot;15&quot; height=&quot;15&quot; alt=&quot;:D&quot; data-embed-type=&quot;emoticon&quot; data-embed-id=&quot;366&quot; title=&quot;:D (Big Grin)&quot;/&gt;&lt;br /&gt;&lt;div&gt;&lt;img src=&quot;https://t00.deviantart.net/eMuQOTsSznlodsFoWn8BO8BPMPU=/300x200/filters:fixed_height(100,100):origin()/pre00/ad55/th/pre/i/2017/129/3/2/wip_unicorn_by_philippedaniel-db8nxhc.jpg&quot; alt=&quot;thumbnail&quot; /&gt;&lt;/div&gt;</description>            </item>
                    <item>
                <title>Elasmotherium</title>
                <link>https://wingzerox86.deviantart.com/art/Elasmotherium-677733371</link>
                <guid isPermaLink="true">https://wingzerox86.deviantart.com/art/Elasmotherium-677733371</guid>
                <pubDate>Sat, 29 Apr 2017 07:23:34 PDT</pubDate>
                        <media:title type="plain">Elasmotherium</media:title>
        <media:keywords></media:keywords>
                        <media:rating>nonadult</media:rating>
                <media:category label="Animals &amp; Plants">digitalart/mixedmed/animals</media:category>
        <media:credit role="author" scheme="urn:ebu">wingzerox86</media:credit>
        <media:credit role="author" scheme="urn:ebu">https://a.deviantart.net/avatars/w/i/wingzerox86.jpg?4</media:credit>
        <media:copyright url="https://wingzerox86.deviantart.com">Copyright 2017-2019 wingzerox86</media:copyright>            <media:description type="html">My favorite Rhyno ever!!! &lt;span&gt;&lt;span&gt;&amp;#9829;&lt;/span&gt;&lt;/span&gt; ELASMOTHERIUM!</media:description>            <media:thumbnail url="https://t00.deviantart.net/1a1oyrz-x4vOonYs4P7sUkeoZks=/fit-in/150x150/filters:no_upscale():origin()/pre00/6d23/th/pre/i/2017/119/8/b/elasmotherium_by_wingzerox86-db7i6ez.jpg" height="125" width="150"/>            <media:thumbnail url="https://t00.deviantart.net/m6g7fYHtLyxMUaloYunq3rNElSs=/fit-in/300x900/filters:no_upscale():origin()/pre00/6d23/th/pre/i/2017/119/8/b/elasmotherium_by_wingzerox86-db7i6ez.jpg" height="250" width="300"/>            <media:thumbnail url="https://t00.deviantart.net/sACYo_qQKNwKTYU8RzP6gCLeAoE=/300x200/filters:fixed_height(100,100):origin()/pre00/6d23/th/pre/i/2017/119/8/b/elasmotherium_by_wingzerox86-db7i6ez.jpg" height="200" width="240"/>            <media:content url="https://pre00.deviantart.net/6d23/th/pre/i/2017/119/8/b/elasmotherium_by_wingzerox86-db7i6ez.jpg" height="816" width="979" medium="image"/>            
            <description>My favorite Rhyno ever!!! &lt;span&gt;&lt;span&gt;&amp;#9829;&lt;/span&gt;&lt;/span&gt; ELASMOTHERIUM!&lt;br /&gt;&lt;div&gt;&lt;img src=&quot;https://t00.deviantart.net/sACYo_qQKNwKTYU8RzP6gCLeAoE=/300x200/filters:fixed_height(100,100):origin()/pre00/6d23/th/pre/i/2017/119/8/b/elasmotherium_by_wingzerox86-db7i6ez.jpg&quot; alt=&quot;thumbnail&quot; /&gt;&lt;/div&gt;</description>            </item>
                    <item>
                <title>WWE: Rhyno&#039;s Crackers</title>
                <link>https://missabigailwyatt.deviantart.com/art/WWE-Rhyno-s-Crackers-677579529</link>
                <guid isPermaLink="true">https://missabigailwyatt.deviantart.com/art/WWE-Rhyno-s-Crackers-677579529</guid>
                <pubDate>Fri, 28 Apr 2017 11:25:29 PDT</pubDate>
                        <media:title type="plain">WWE: Rhyno&#039;s Crackers</media:title>
        <media:keywords></media:keywords>
                        <media:rating>nonadult</media:rating>
                <media:category label="Other">fanart/traditional/drawings/other</media:category>
        <media:credit role="author" scheme="urn:ebu">MissAbigailWyatt</media:credit>
        <media:credit role="author" scheme="urn:ebu">https://a.deviantart.net/avatars/m/i/missabigailwyatt.png?9</media:credit>
        <media:copyright url="https://missabigailwyatt.deviantart.com">Copyright 2017-2019 MissAbigailWyatt</media:copyright>            <media:description type="html">If you saw RAW this week, you might have seen Maryse throwing Rhyno&#039;s crackers back in his face. And now I&#039;m half tempted to draw Rhyno with his crackers alongside Broken Matt and the GREEN BEANS! YES! &lt;img src=&quot;http://e.deviantart.net/emoticons/x/xd.gif&quot; width=&quot;15&quot; height=&quot;15&quot; alt=&quot;:XD:&quot; data-embed-type=&quot;emoticon&quot; data-embed-id=&quot;93&quot; title=&quot;XD&quot;/&gt;&lt;br /&gt;&lt;br /&gt;I don&#039;t own the WWE.</media:description>            <media:thumbnail url="https://t00.deviantart.net/1foG-K8h1ogi9fZIFoDzS1Ql0HM=/fit-in/150x150/filters:no_upscale():origin()/pre00/781c/th/pre/i/2017/118/a/0/wwe__rhyno_s_crackers_by_missabigailwyatt-db7evpl.png" height="150" width="123"/>            <media:thumbnail url="https://t00.deviantart.net/uDHkoU75JSsQvK0jXcSOvz-PstU=/fit-in/300x900/filters:no_upscale():origin()/pre00/781c/th/pre/i/2017/118/a/0/wwe__rhyno_s_crackers_by_missabigailwyatt-db7evpl.png" height="367" width="300"/>            <media:thumbnail url="https://t00.deviantart.net/t9yH8O-yJHlZrk1BfGw3c2YSsUs=/300x200/filters:fixed_height(100,100):origin()/pre00/781c/th/pre/i/2017/118/a/0/wwe__rhyno_s_crackers_by_missabigailwyatt-db7evpl.png" height="200" width="164"/>            <media:content url="https://img00.deviantart.net/2075/i/2017/118/a/0/wwe__rhyno_s_crackers_by_missabigailwyatt-db7evpl.png" height="734" width="600" medium="image"/>            
            <description>If you saw RAW this week, you might have seen Maryse throwing Rhyno&#039;s crackers back in his face. And now I&#039;m half tempted to draw Rhyno with his crackers alongside Broken Matt and the GREEN BEANS! YES! &lt;img src=&quot;http://e.deviantart.net/emoticons/x/xd.gif&quot; width=&quot;15&quot; height=&quot;15&quot; alt=&quot;:XD:&quot; data-embed-type=&quot;emoticon&quot; data-embed-id=&quot;93&quot; title=&quot;XD&quot;/&gt;&lt;br /&gt;&lt;br /&gt;I don&#039;t own the WWE.&lt;br /&gt;&lt;div&gt;&lt;img src=&quot;https://t00.deviantart.net/t9yH8O-yJHlZrk1BfGw3c2YSsUs=/300x200/filters:fixed_height(100,100):origin()/pre00/781c/th/pre/i/2017/118/a/0/wwe__rhyno_s_crackers_by_missabigailwyatt-db7evpl.png&quot; alt=&quot;thumbnail&quot; /&gt;&lt;/div&gt;</description>            </item>
                    <item>
                <title>Rhyno-Millipede</title>
                <link>https://uj-ju.deviantart.com/art/Rhyno-Millipede-677481725</link>
                <guid isPermaLink="true">https://uj-ju.deviantart.com/art/Rhyno-Millipede-677481725</guid>
                <pubDate>Thu, 27 Apr 2017 18:51:03 PDT</pubDate>
                        <media:title type="plain">Rhyno-Millipede</media:title>
        <media:keywords></media:keywords>
                        <media:rating>nonadult</media:rating>
                <media:category label="Animals">digitalart/paintings/animals</media:category>
        <media:credit role="author" scheme="urn:ebu">Uj-Ju</media:credit>
        <media:credit role="author" scheme="urn:ebu">https://a.deviantart.net/avatars/u/j/uj-ju.png?2</media:credit>
        <media:copyright url="https://uj-ju.deviantart.com">Copyright 2017-2019 Uj-Ju</media:copyright>            <media:description type="html">Quick sketch and attempt at speed painting. &amp;nbsp;Took around 1 hour.</media:description>            <media:thumbnail url="https://t00.deviantart.net/Kpov5_ZC70DHWLrEgW7bB9aTWVI=/fit-in/150x150/filters:no_upscale():origin()/pre00/2405/th/pre/i/2017/117/b/4/rhyno_millipede_by_uj_ju-db7cs8t.jpg" height="150" width="150"/>            <media:thumbnail url="https://t00.deviantart.net/GSMOdZxIiBDktjt7Nl2v2m5mhH4=/fit-in/300x900/filters:no_upscale():origin()/pre00/2405/th/pre/i/2017/117/b/4/rhyno_millipede_by_uj_ju-db7cs8t.jpg" height="300" width="300"/>            <media:thumbnail url="https://t00.deviantart.net/FFFZhGzDucqBOs4JuwBmaO-MpOw=/300x200/filters:fixed_height(100,100):origin()/pre00/2405/th/pre/i/2017/117/b/4/rhyno_millipede_by_uj_ju-db7cs8t.jpg" height="200" width="200"/>            <media:content url="https://pre00.deviantart.net/2405/th/pre/i/2017/117/b/4/rhyno_millipede_by_uj_ju-db7cs8t.jpg" height="894" width="894" medium="image"/>            
            <description>Quick sketch and attempt at speed painting. &amp;nbsp;Took around 1 hour.&lt;br /&gt;&lt;div&gt;&lt;img src=&quot;https://t00.deviantart.net/FFFZhGzDucqBOs4JuwBmaO-MpOw=/300x200/filters:fixed_height(100,100):origin()/pre00/2405/th/pre/i/2017/117/b/4/rhyno_millipede_by_uj_ju-db7cs8t.jpg&quot; alt=&quot;thumbnail&quot; /&gt;&lt;/div&gt;</description>            </item>
                    <item>
                <title>When Amanda Sees A Burger Sign</title>
                <link>https://somcothehedgehog.deviantart.com/art/When-Amanda-Sees-A-Burger-Sign-676303439</link>
                <guid isPermaLink="true">https://somcothehedgehog.deviantart.com/art/When-Amanda-Sees-A-Burger-Sign-676303439</guid>
                <pubDate>Fri, 21 Apr 2017 16:25:44 PDT</pubDate>
                        <media:title type="plain">When Amanda Sees A Burger Sign</media:title>
        <media:keywords></media:keywords>
                        <media:rating>nonadult</media:rating>
                <media:category label="Games">fanart/digital/vexel/games</media:category>
        <media:credit role="author" scheme="urn:ebu">Somcothehedgehog</media:credit>
        <media:credit role="author" scheme="urn:ebu">https://a.deviantart.net/avatars/s/o/somcothehedgehog.gif?7</media:credit>
        <media:copyright url="https://somcothehedgehog.deviantart.com">Copyright 2017-2019 Somcothehedgehog</media:copyright>            <media:description type="html">Whenever Amanda sees a sign with a burger on it, she gets excited into getting a taste of her favourite food.</media:description>            <media:thumbnail url="https://t00.deviantart.net/PbrxoxSYEJ73W_zN3x_Lm07gua8=/fit-in/150x150/filters:no_upscale():origin()/pre00/b0eb/th/pre/f/2017/111/9/e/when_amanda_sees_a_burger_sign_by_somcothehedgehog-db6nj2n.png" height="109" width="150"/>            <media:thumbnail url="https://t00.deviantart.net/T67fVCLKAcCioeuHWNemDwcFWP8=/fit-in/300x900/filters:no_upscale():origin()/pre00/b0eb/th/pre/f/2017/111/9/e/when_amanda_sees_a_burger_sign_by_somcothehedgehog-db6nj2n.png" height="219" width="300"/>            <media:thumbnail url="https://t00.deviantart.net/nsqx1yfYuiu5t1HUhYSsjOj8Cpo=/300x200/filters:fixed_height(100,100):origin()/pre00/b0eb/th/pre/f/2017/111/9/e/when_amanda_sees_a_burger_sign_by_somcothehedgehog-db6nj2n.png" height="200" width="275"/>            <media:content url="https://orig00.deviantart.net/1ce8/f/2017/111/9/e/when_amanda_sees_a_burger_sign_by_somcothehedgehog-db6nj2n.png" height="510" width="700" medium="image"/>            
            <description>Whenever Amanda sees a sign with a burger on it, she gets excited into getting a taste of her favourite food.&lt;br /&gt;&lt;div&gt;&lt;img src=&quot;https://t00.deviantart.net/nsqx1yfYuiu5t1HUhYSsjOj8Cpo=/300x200/filters:fixed_height(100,100):origin()/pre00/b0eb/th/pre/f/2017/111/9/e/when_amanda_sees_a_burger_sign_by_somcothehedgehog-db6nj2n.png&quot; alt=&quot;thumbnail&quot; /&gt;&lt;/div&gt;</description>            </item>
                    <item>
                <title>Rhyno</title>
                <link>https://ctougas01.deviantart.com/art/Rhyno-672011387</link>
                <guid isPermaLink="true">https://ctougas01.deviantart.com/art/Rhyno-672011387</guid>
                <pubDate>Thu, 30 Mar 2017 19:25:20 PDT</pubDate>
                        <media:title type="plain">Rhyno</media:title>
        <media:keywords></media:keywords>
                        <media:rating>nonadult</media:rating>
                <media:category label="Animals">traditional/drawings/animals</media:category>
        <media:credit role="author" scheme="urn:ebu">Ctougas01</media:credit>
        <media:credit role="author" scheme="urn:ebu">https://a.deviantart.net/avatars/c/t/ctougas01.jpg?8</media:credit>
        <media:copyright url="https://ctougas01.deviantart.com">Copyright 2017-2019 Ctougas01</media:copyright>            <media:description type="html">I got an idea and the lost it while drawing xD</media:description>            <media:thumbnail url="https://t00.deviantart.net/npzzaX9ckO9xjKJLct8WCzjDtKU=/fit-in/150x150/filters:no_upscale():origin()/pre00/c218/th/pre/i/2017/089/1/d/rhyno_by_ctougas01-db43jaz.jpg" height="150" width="109"/>            <media:thumbnail url="https://t00.deviantart.net/1oP61FNQxihuzqVI12GQ_2T-9pQ=/fit-in/300x900/filters:no_upscale():origin()/pre00/c218/th/pre/i/2017/089/1/d/rhyno_by_ctougas01-db43jaz.jpg" height="413" width="300"/>            <media:thumbnail url="https://t00.deviantart.net/0fSOM9X987Q0RMqDBHYOeh9cHiU=/300x200/filters:fixed_height(100,100):origin()/pre00/c218/th/pre/i/2017/089/1/d/rhyno_by_ctougas01-db43jaz.jpg" height="200" width="145"/>            <media:content url="https://pre00.deviantart.net/c218/th/pre/i/2017/089/1/d/rhyno_by_ctougas01-db43jaz.jpg" height="1048" width="762" medium="image"/>            
            <description>I got an idea and the lost it while drawing xD&lt;br /&gt;&lt;div&gt;&lt;img src=&quot;https://t00.deviantart.net/0fSOM9X987Q0RMqDBHYOeh9cHiU=/300x200/filters:fixed_height(100,100):origin()/pre00/c218/th/pre/i/2017/089/1/d/rhyno_by_ctougas01-db43jaz.jpg&quot; alt=&quot;thumbnail&quot; /&gt;&lt;/div&gt;</description>            </item>
                    <item>
                <title>Rhyno (2016 SmackDown Return)</title>
                <link>https://thefullnelsonpress.deviantart.com/art/Rhyno-2016-SmackDown-Return-670893674</link>
                <guid isPermaLink="true">https://thefullnelsonpress.deviantart.com/art/Rhyno-2016-SmackDown-Return-670893674</guid>
                <pubDate>Fri, 24 Mar 2017 20:29:50 PDT</pubDate>
                        <media:title type="plain">Rhyno (2016 SmackDown Return)</media:title>
        <media:keywords></media:keywords>
                        <media:rating>nonadult</media:rating>
                <media:category label="Pop Art">digitalart/paintings/pop</media:category>
        <media:credit role="author" scheme="urn:ebu">TheFullNelsonPress</media:credit>
        <media:credit role="author" scheme="urn:ebu">https://a.deviantart.net/avatars/t/h/thefullnelsonpress.png?2</media:credit>
        <media:copyright url="https://thefullnelsonpress.deviantart.com">Copyright 2017-2019 TheFullNelsonPress</media:copyright>            <media:description type="html">Support TFNP on&amp;nbsp;&lt;a class=&quot;external&quot; href=&quot;http://www.deviantart.com/users/outgoing?https://www.youtube.com/c/Thefullnelsonpresscom&quot;&gt;YouTube&lt;/a&gt;,&amp;nbsp;&lt;a class=&quot;external&quot; href=&quot;http://www.deviantart.com/users/outgoing?https://www.facebook.com/TheFullNelsonPress/&quot;&gt;Facebook&lt;/a&gt;,&amp;nbsp;&lt;a class=&quot;external&quot; href=&quot;http://www.deviantart.com/users/outgoing?https://www.instagram.com/thefullnelsonpress/&quot;&gt;Instagram&lt;/a&gt;&amp;nbsp;or visit&amp;nbsp;&lt;a class=&quot;external&quot; href=&quot;http://www.deviantart.com/users/outgoing?http://thefullnelsonpress.com/&quot;&gt;TheFullNelsonPress.com&lt;/a&gt;!</media:description>            <media:thumbnail url="https://t00.deviantart.net/zL-hXCxFwlNfSWk2Dpt-wY98ZaQ=/fit-in/150x150/filters:no_upscale():origin()/pre00/f0d1/th/pre/f/2017/083/7/a/rhyno__2016_smackdown_return__by_thefullnelsonpress-db3fkve.png" height="150" width="150"/>            <media:thumbnail url="https://t00.deviantart.net/iEdf0Wl89fyNCEf-eB28mgUIlQQ=/fit-in/300x900/filters:no_upscale():origin()/pre00/f0d1/th/pre/f/2017/083/7/a/rhyno__2016_smackdown_return__by_thefullnelsonpress-db3fkve.png" height="300" width="300"/>            <media:thumbnail url="https://t00.deviantart.net/e9b8WWi8pL9FNma0gU0tRBano2w=/300x200/filters:fixed_height(100,100):origin()/pre00/f0d1/th/pre/f/2017/083/7/a/rhyno__2016_smackdown_return__by_thefullnelsonpress-db3fkve.png" height="200" width="200"/>            <media:content url="https://orig00.deviantart.net/0fa8/f/2017/083/7/a/rhyno__2016_smackdown_return__by_thefullnelsonpress-db3fkve.png" height="727" width="727" medium="image"/>            
            <description>Support TFNP on&amp;nbsp;&lt;a class=&quot;external&quot; href=&quot;http://www.deviantart.com/users/outgoing?https://www.youtube.com/c/Thefullnelsonpresscom&quot;&gt;YouTube&lt;/a&gt;,&amp;nbsp;&lt;a class=&quot;external&quot; href=&quot;http://www.deviantart.com/users/outgoing?https://www.facebook.com/TheFullNelsonPress/&quot;&gt;Facebook&lt;/a&gt;,&amp;nbsp;&lt;a class=&quot;external&quot; href=&quot;http://www.deviantart.com/users/outgoing?https://www.instagram.com/thefullnelsonpress/&quot;&gt;Instagram&lt;/a&gt;&amp;nbsp;or visit&amp;nbsp;&lt;a class=&quot;external&quot; href=&quot;http://www.deviantart.com/users/outgoing?http://thefullnelsonpress.com/&quot;&gt;TheFullNelsonPress.com&lt;/a&gt;!&lt;br /&gt;&lt;div&gt;&lt;img src=&quot;https://t00.deviantart.net/e9b8WWi8pL9FNma0gU0tRBano2w=/300x200/filters:fixed_height(100,100):origin()/pre00/f0d1/th/pre/f/2017/083/7/a/rhyno__2016_smackdown_return__by_thefullnelsonpress-db3fkve.png&quot; alt=&quot;thumbnail&quot; /&gt;&lt;/div&gt;</description>            </item>
                    <item>
                <title>Studio Italia Design Rain Lamp (3d Model)</title>
                <link>https://architwister.deviantart.com/art/Studio-Italia-Design-Rain-Lamp-3d-Model-666734263</link>
                <guid isPermaLink="true">https://architwister.deviantart.com/art/Studio-Italia-Design-Rain-Lamp-3d-Model-666734263</guid>
                <pubDate>Thu, 02 Mar 2017 12:50:36 PST</pubDate>
                        <media:title type="plain">Studio Italia Design Rain Lamp (3d Model)</media:title>
        <media:keywords></media:keywords>
                        <media:rating>nonadult</media:rating>
                <media:category label="Cinema 4D">resources/applications/cinema4d</media:category>
        <media:credit role="author" scheme="urn:ebu">architwister</media:credit>
        <media:credit role="author" scheme="urn:ebu">https://a.deviantart.net/avatars/a/r/architwister.jpg?2</media:credit>
        <media:copyright url="https://architwister.deviantart.com">Copyright 2017-2019 architwister</media:copyright>            <media:description type="html">&lt;p&gt;3D Model made with cinema4d.&lt;/p&gt;&lt;p&gt;File Formats:&lt;/p&gt;&lt;p&gt;.c4d&lt;br /&gt;.vrayforc4d&lt;br /&gt;.obj&lt;br /&gt;.3ds&lt;br /&gt;.fbx &lt;br /&gt;&lt;br /&gt;&lt;a class=&quot;external&quot; href=&quot;http://www.deviantart.com/users/outgoing?http://www.architwister.com/portfolio/tigermoth-lighting-stem-chandelier/&quot;&gt;Get this 3d model&lt;/a&gt;&lt;br /&gt;&lt;/p&gt;</media:description>            <media:thumbnail url="https://t00.deviantart.net/abDX0Pb3rvFsYXf3cMMAMidVsfU=/fit-in/150x150/filters:no_upscale():origin()/pre00/e37a/th/pre/i/2017/061/6/8/studio_italia_design_rain_lamp__3d_model__by_architwister-db0yfg7.jpg" height="150" width="150"/>            <media:thumbnail url="https://t00.deviantart.net/rTsU59ZvtcyD1Cv20XFog3GHl-o=/fit-in/300x900/filters:no_upscale():origin()/pre00/e37a/th/pre/i/2017/061/6/8/studio_italia_design_rain_lamp__3d_model__by_architwister-db0yfg7.jpg" height="300" width="300"/>            <media:thumbnail url="https://t00.deviantart.net/HyFkkLLGO8nNJdTREcYLmNrMKPg=/300x200/filters:fixed_height(100,100):origin()/pre00/e37a/th/pre/i/2017/061/6/8/studio_italia_design_rain_lamp__3d_model__by_architwister-db0yfg7.jpg" height="200" width="200"/>            <media:content url="https://pre00.deviantart.net/e37a/th/pre/i/2017/061/6/8/studio_italia_design_rain_lamp__3d_model__by_architwister-db0yfg7.jpg" height="894" width="894" medium="image"/>            
            <description>&lt;p&gt;3D Model made with cinema4d.&lt;/p&gt;&lt;p&gt;File Formats:&lt;/p&gt;&lt;p&gt;.c4d&lt;br /&gt;.vrayforc4d&lt;br /&gt;.obj&lt;br /&gt;.3ds&lt;br /&gt;.fbx &lt;br /&gt;&lt;br /&gt;&lt;a class=&quot;external&quot; href=&quot;http://www.deviantart.com/users/outgoing?http://www.architwister.com/portfolio/tigermoth-lighting-stem-chandelier/&quot;&gt;Get this 3d model&lt;/a&gt;&lt;br /&gt;&lt;/p&gt;&lt;br /&gt;&lt;div&gt;&lt;img src=&quot;https://t00.deviantart.net/HyFkkLLGO8nNJdTREcYLmNrMKPg=/300x200/filters:fixed_height(100,100):origin()/pre00/e37a/th/pre/i/2017/061/6/8/studio_italia_design_rain_lamp__3d_model__by_architwister-db0yfg7.jpg&quot; alt=&quot;thumbnail&quot; /&gt;&lt;/div&gt;</description>            </item>
                    <item>
                <title>Rhyno</title>
                <link>https://maximilianofer.deviantart.com/art/Rhyno-666724263</link>
                <guid isPermaLink="true">https://maximilianofer.deviantart.com/art/Rhyno-666724263</guid>
                <pubDate>Thu, 02 Mar 2017 11:48:00 PST</pubDate>
                        <media:title type="plain">Rhyno</media:title>
        <media:keywords></media:keywords>
                        <media:rating>nonadult</media:rating>
                <media:category label="Other">photography/misc</media:category>
        <media:credit role="author" scheme="urn:ebu">MaximilianoFer</media:credit>
        <media:credit role="author" scheme="urn:ebu">https://a.deviantart.net/avatars/m/a/maximilianofer.jpg?2</media:credit>
        <media:copyright url="https://maximilianofer.deviantart.com">Copyright 2017-2019 MaximilianoFer</media:copyright>            <media:description type="html">Smackdown Tag Team Champion Rhyno</media:description>            <media:thumbnail url="https://t00.deviantart.net/3miLbi-UkZH72bp9Qko3rJtEpoo=/fit-in/150x150/filters:no_upscale():origin()/pre00/e74d/th/pre/f/2017/061/d/3/rhyno_by_maximilianofer-db0y7qf.png" height="150" width="86"/>            <media:thumbnail url="https://t00.deviantart.net/cJy-dqlQRlUqN6EPay-R5WzzlWg=/fit-in/300x900/filters:no_upscale():origin()/pre00/e74d/th/pre/f/2017/061/d/3/rhyno_by_maximilianofer-db0y7qf.png" height="526" width="300"/>            <media:thumbnail url="https://t00.deviantart.net/wHPhXlpmus_Ao97wcA7VE1LFIFM=/300x200/filters:fixed_height(100,100):origin()/pre00/e74d/th/pre/f/2017/061/d/3/rhyno_by_maximilianofer-db0y7qf.png" height="200" width="114"/>            <media:content url="https://pre00.deviantart.net/e74d/th/pre/f/2017/061/d/3/rhyno_by_maximilianofer-db0y7qf.png" height="1184" width="675" medium="image"/>            
            <description>Smackdown Tag Team Champion Rhyno&lt;br /&gt;&lt;div&gt;&lt;img src=&quot;https://t00.deviantart.net/wHPhXlpmus_Ao97wcA7VE1LFIFM=/300x200/filters:fixed_height(100,100):origin()/pre00/e74d/th/pre/f/2017/061/d/3/rhyno_by_maximilianofer-db0y7qf.png&quot; alt=&quot;thumbnail&quot; /&gt;&lt;/div&gt;</description>            </item>
                    <item>
                <title>Rhyno and Heath Slater</title>
                <link>https://maximilianofer.deviantart.com/art/Rhyno-and-Heath-Slater-666723909</link>
                <guid isPermaLink="true">https://maximilianofer.deviantart.com/art/Rhyno-and-Heath-Slater-666723909</guid>
                <pubDate>Thu, 02 Mar 2017 11:45:16 PST</pubDate>
                        <media:title type="plain">Rhyno and Heath Slater</media:title>
        <media:keywords></media:keywords>
                        <media:rating>nonadult</media:rating>
                <media:category label="Other">photography/misc</media:category>
        <media:credit role="author" scheme="urn:ebu">MaximilianoFer</media:credit>
        <media:credit role="author" scheme="urn:ebu">https://a.deviantart.net/avatars/m/a/maximilianofer.jpg?2</media:credit>
        <media:copyright url="https://maximilianofer.deviantart.com">Copyright 2017-2019 MaximilianoFer</media:copyright>            <media:description type="html">Smackdown Tag Team Champion Beauty and Beast</media:description>            <media:thumbnail url="https://t00.deviantart.net/jZ8mdw2J2rnMUrJ7aB9uBuFt74M=/fit-in/150x150/filters:no_upscale():origin()/pre00/447c/th/pre/i/2017/061/7/f/rhyno_and_heath_slater_by_maximilianofer-db0y7gl.png" height="150" width="146"/>            <media:thumbnail url="https://t00.deviantart.net/-xKrlrrMmS4_okmJ_arfOyDG7cw=/fit-in/300x900/filters:no_upscale():origin()/pre00/447c/th/pre/i/2017/061/7/f/rhyno_and_heath_slater_by_maximilianofer-db0y7gl.png" height="308" width="300"/>            <media:thumbnail url="https://t00.deviantart.net/glytc_xJsuG4Drg7PUp_WNdIhbk=/300x200/filters:fixed_height(100,100):origin()/pre00/447c/th/pre/i/2017/061/7/f/rhyno_and_heath_slater_by_maximilianofer-db0y7gl.png" height="200" width="195"/>            <media:content url="https://pre00.deviantart.net/447c/th/pre/i/2017/061/7/f/rhyno_and_heath_slater_by_maximilianofer-db0y7gl.png" height="906" width="882" medium="image"/>            
            <description>Smackdown Tag Team Champion Beauty and Beast&lt;br /&gt;&lt;div&gt;&lt;img src=&quot;https://t00.deviantart.net/glytc_xJsuG4Drg7PUp_WNdIhbk=/300x200/filters:fixed_height(100,100):origin()/pre00/447c/th/pre/i/2017/061/7/f/rhyno_and_heath_slater_by_maximilianofer-db0y7gl.png&quot; alt=&quot;thumbnail&quot; /&gt;&lt;/div&gt;</description>            </item>
                    <item>
                <title>Spike</title>
                <link>https://rolox.deviantart.com/art/Spike-665475103</link>
                <guid isPermaLink="true">https://rolox.deviantart.com/art/Spike-665475103</guid>
                <pubDate>Fri, 24 Feb 2017 08:09:54 PST</pubDate>
                        <media:title type="plain">Spike</media:title>
        <media:keywords></media:keywords>
                        <media:rating>nonadult</media:rating>
                <media:category label="Scraps">scraps</media:category>
        <media:credit role="author" scheme="urn:ebu">RoloX</media:credit>
        <media:credit role="author" scheme="urn:ebu">https://a.deviantart.net/avatars/r/o/rolox.jpg?3</media:credit>
        <media:copyright url="https://rolox.deviantart.com">Copyright 2017-2019 RoloX</media:copyright>            <media:description type="html"></media:description>            <media:thumbnail url="https://t00.deviantart.net/uYzIPz9CB66V8Djd9AtV8X44Rjo=/fit-in/150x150/filters:no_upscale():origin()/pre00/e124/th/pre/f/2017/055/e/f/spike_by_rolox-db07fvj.jpg" height="103" width="150"/>            <media:thumbnail url="https://t00.deviantart.net/svYO-upxysHm1UPBpQVZ4IstGe8=/fit-in/300x900/filters:no_upscale():origin()/pre00/e124/th/pre/f/2017/055/e/f/spike_by_rolox-db07fvj.jpg" height="206" width="300"/>            <media:thumbnail url="https://t00.deviantart.net/YPH8oFl9gRyTm24RUdttggLArH4=/300x200/filters:fixed_height(100,100):origin()/pre00/e124/th/pre/f/2017/055/e/f/spike_by_rolox-db07fvj.jpg" height="200" width="291"/>            <media:content url="https://orig00.deviantart.net/203d/f/2017/055/e/f/spike_by_rolox-db07fvj.jpg" height="568" width="826" medium="image"/>            
            <description>&lt;br /&gt;&lt;div&gt;&lt;img src=&quot;https://t00.deviantart.net/YPH8oFl9gRyTm24RUdttggLArH4=/300x200/filters:fixed_height(100,100):origin()/pre00/e124/th/pre/f/2017/055/e/f/spike_by_rolox-db07fvj.jpg&quot; alt=&quot;thumbnail&quot; /&gt;&lt;/div&gt;</description>            </item>
                    <item>
                <title>Rhyno in greyscale</title>
                <link>https://aryapradanam.deviantart.com/art/Rhyno-in-greyscale-664658304</link>
                <guid isPermaLink="true">https://aryapradanam.deviantart.com/art/Rhyno-in-greyscale-664658304</guid>
                <pubDate>Sun, 19 Feb 2017 23:39:20 PST</pubDate>
                        <media:title type="plain">Rhyno in greyscale</media:title>
        <media:keywords></media:keywords>
                        <media:rating>nonadult</media:rating>
                <media:category label="Drawings">manga/traditional/drawings</media:category>
        <media:credit role="author" scheme="urn:ebu">aryapradanam</media:credit>
        <media:credit role="author" scheme="urn:ebu">https://a.deviantart.net/avatars/a/r/aryapradanam.jpg?8</media:credit>
        <media:copyright url="https://aryapradanam.deviantart.com">Copyright 2017-2019 aryapradanam</media:copyright>            <media:description type="html">Terry Gerrin A.K.A Rhyno. Most known well in WWE, ECW. He&#039;s the former hardcore champion.&amp;nbsp;</media:description>            <media:thumbnail url="https://t00.deviantart.net/ncxm4qQ_S_l5Dc0BlQ-dRci3GlY=/fit-in/150x150/filters:no_upscale():origin()/pre00/4f8c/th/pre/i/2017/050/d/9/rhyno_in_greyscale_by_aryapradanam-dazpxmo.jpg" height="150" width="150"/>            <media:thumbnail url="https://t00.deviantart.net/xxGQ43Aaj3ToP3ShjjmRNcvRa90=/fit-in/300x900/filters:no_upscale():origin()/pre00/4f8c/th/pre/i/2017/050/d/9/rhyno_in_greyscale_by_aryapradanam-dazpxmo.jpg" height="300" width="300"/>            <media:thumbnail url="https://t00.deviantart.net/Iil18GeN-sr_yGAQbHxuxgJ1nyw=/300x200/filters:fixed_height(100,100):origin()/pre00/4f8c/th/pre/i/2017/050/d/9/rhyno_in_greyscale_by_aryapradanam-dazpxmo.jpg" height="200" width="200"/>            <media:content url="https://pre00.deviantart.net/4f8c/th/pre/i/2017/050/d/9/rhyno_in_greyscale_by_aryapradanam-dazpxmo.jpg" height="894" width="894" medium="image"/>            
            <description>Terry Gerrin A.K.A Rhyno. Most known well in WWE, ECW. He&#039;s the former hardcore champion.&amp;nbsp;&lt;br /&gt;&lt;div&gt;&lt;img src=&quot;https://t00.deviantart.net/Iil18GeN-sr_yGAQbHxuxgJ1nyw=/300x200/filters:fixed_height(100,100):origin()/pre00/4f8c/th/pre/i/2017/050/d/9/rhyno_in_greyscale_by_aryapradanam-dazpxmo.jpg&quot; alt=&quot;thumbnail&quot; /&gt;&lt;/div&gt;</description>            </item>
            </channel>
</rss>