<?xml version="1.0" encoding="utf-8"?>
<rss version="2.0" xmlns:media="http://search.yahoo.com/mrss/" xmlns:atom="http://www.w3.org/2005/Atom" xmlns:creativeCommons="http://backend.userland.com/creativeCommonsRssModule">
    <channel>
        <title>DeviantArt: Popular Tag:undertale</title>
        <link>https://www.deviantart.com/popular-24-hours/?q=tag%3Aundertale+-in%3Aliterature</link>
        <description>DeviantArt RSS for Popular Tag:undertale</description>
        <language>en-us</language>
        <copyright>Copyright 2019, DeviantArt.com</copyright>
        <pubDate>Sun, 27 Jan 2019 09:51:56 PST</pubDate>

        <generator>DeviantArt.com</generator>
        <docs>http://blogs.law.harvard.edu/tech/rss</docs>
        <atom:icon>https://st.deviantart.net/minish/touch-icons/android-192.png</atom:icon>
        <atom:link type="application/rss+xml" rel="self" href="https://backend.deviantart.com/rss.xml?type=deviation&amp;q=tag%3Aundertale+-in%3Aliterature&amp;order=11" />
        <atom:link rel="next" href="https://backend.deviantart.com/rss.xml?type=deviation&amp;q=tag%3Aundertale+-in%3Aliterature&amp;order=11&amp;offset=60" />
                    <item>
                <title>Deltarune | Gentle in the Dark</title>
                <link>https://atlas-white.deviantart.com/art/Deltarune-Gentle-in-the-Dark-782768474</link>
                <guid isPermaLink="true">https://atlas-white.deviantart.com/art/Deltarune-Gentle-in-the-Dark-782768474</guid>
                <pubDate>Sat, 26 Jan 2019 12:00:04 PST</pubDate>
                        <media:title type="plain">Deltarune | Gentle in the Dark</media:title>
        <media:keywords></media:keywords>
                        <media:rating>nonadult</media:rating>
                <media:category label="Games">fanart/digital/drawings/games</media:category>
        <media:credit role="author" scheme="urn:ebu">Atlas-White</media:credit>
        <media:credit role="author" scheme="urn:ebu">https://a.deviantart.net/avatars/a/t/atlas-white.gif?7</media:credit>
        <media:copyright url="https://atlas-white.deviantart.com">Copyright 2019 Atlas-White</media:copyright>            <media:description type="html">&lt;div align=&quot;-webkit-center&quot;&gt;|&amp;nbsp;&lt;a href=&quot;https://atlas-white.deviantart.com/journal/New-Commission-Info-534533454&quot;&gt;Commission Info&lt;/a&gt;&amp;nbsp;|&amp;nbsp;&lt;a href=&quot;https://atlas-white.deviantart.com/journal/Customs-OPEN-737719933&quot;&gt;Customs&lt;/a&gt;&amp;nbsp;|&amp;nbsp;&lt;a class=&quot;external&quot; href=&quot;https://www.deviantart.com/users/outgoing?https://patreon.com/atlaswhite&quot;&gt;Patreon&lt;/a&gt;&lt;b&gt;&amp;nbsp;&amp;nbsp;&lt;/b&gt;|&lt;br /&gt;&lt;br /&gt;&lt;/div&gt;&lt;div align=&quot;-webkit-center&quot;&gt;&lt;a href=&quot;https://www.deviantart.com/empressofroses/art/Pixel-Rose-Divider-Black-679409429&quot; class=&quot;emoticon&quot; data-embed-type=&quot;emoticon&quot; data-embed-id=&quot;679409429&quot; data-embed-profile=&quot;deviation&quot;&gt;&lt;img src=&quot;https://orig00.deviantart.net/133e/f/2017/127/9/a/pixel_rose_divider___black_by_starlightdreamspirit-db8i3o5.gif&quot; alt=&quot;Pixel Rose Divider - Black&quot; style=&quot;width:58px;height:19px&quot;&gt;&lt;/a&gt;&lt;br /&gt;&lt;br /&gt;&lt;i&gt;&amp;nbsp;&lt;br /&gt;&amp;#10077;&amp;nbsp; Hey, cheer up. Everything&#039;s gonna be better tomorrow. You&#039;ll see . &amp;#10078;&lt;br /&gt;&lt;/i&gt;&lt;br /&gt;&lt;br /&gt;&lt;div align=&quot;center&quot;&gt;&lt;span class=&quot;shadow-holder&quot; data-embed-type=&quot;deviation&quot; data-embed-id=&quot;5499719688307960&quot; data-embed-format=&quot;thumb&quot;&gt;&lt;span class=&quot;shadow mild&quot; &gt;&lt;a class=&quot;thumb&quot; href=&quot;https://sta.sh/01i5hkcfv3zs&quot; title=&quot;Crown Divider for use by Atlas White ONLY by Atlas-White, May 17, 2018&quot;        data-sigil=&quot;thumb&quot;&gt;
        &lt;i&gt;&lt;/i&gt;&lt;img   width=&quot;149&quot; height=&quot;39&quot; alt=&quot;Crown Divider for use by Atlas White ONLY by Atlas-White&quot; src=&quot;https://orig00.deviantart.net/ff66/f/2018/137/a/1/crown_divider_for_use_by_atlas_white_only_by_atlas_white-dcbtc0k.gif&quot; data-src=&quot;https://orig00.deviantart.net/ff66/f/2018/137/a/1/crown_divider_for_use_by_atlas_white_only_by_atlas_white-dcbtc0k.gif&quot; srcset=&quot;https://orig00.deviantart.net/ff66/f/2018/137/a/1/crown_divider_for_use_by_atlas_white_only_by_atlas_white-dcbtc0k.gif 149w&quot; sizes=&quot;149px&quot;&gt;&lt;/a&gt;&lt;/span&gt;&lt;!-- ^TTT --&gt;&lt;!-- TTT$ --&gt;&lt;/span&gt;&lt;br /&gt;&lt;a href=&quot;https://sta.sh/01i5hkcfv3zs&quot; title=&quot;Crown Divider for use by Atlas White ONLY by Atlas-White, May 17, 2018&quot;&gt;&lt;/a&gt;&lt;a href=&quot;https://sta.sh/01i5hkcfv3zs&quot; title=&quot;Crown Divider for use by Atlas White ONLY by Atlas-White, May 17, 2018&quot;&gt;&lt;/a&gt;&lt;/div&gt;&lt;div align=&quot;center&quot;&gt;&lt;div align=&quot;center&quot;&gt;&lt;div align=&quot;center&quot;&gt;&lt;/div&gt;&lt;/div&gt;&lt;/div&gt;&lt;div align=&quot;-webkit-center&quot;&gt;&lt;br /&gt;&lt;/div&gt;&lt;a href=&quot;https://www.deviantart.com/diegovainilla/art/pink-heart-big-591683781&quot; class=&quot;emoticon&quot; data-embed-type=&quot;emoticon&quot; data-embed-id=&quot;591683781&quot; data-embed-profile=&quot;deviation&quot;&gt;&lt;img src=&quot;https://orig00.deviantart.net/83bf/f/2017/152/e/d/big_pink_heart_by_diegovainilla-d9s9u4l.gif&quot; alt=&quot;pink heart {big}&quot; style=&quot;width:15px;height:15px&quot;&gt;&lt;/a&gt;&amp;nbsp;&amp;nbsp;Remember, a positive comment goes a long way!&amp;nbsp;&lt;a href=&quot;https://www.deviantart.com/diegovainilla/art/pink-heart-big-591683781&quot; class=&quot;emoticon&quot; data-embed-type=&quot;emoticon&quot; data-embed-id=&quot;591683781&quot; data-embed-profile=&quot;deviation&quot;&gt;&lt;img src=&quot;https://orig00.deviantart.net/83bf/f/2017/152/e/d/big_pink_heart_by_diegovainilla-d9s9u4l.gif&quot; alt=&quot;pink heart {big}&quot; style=&quot;width:15px;height:15px&quot;&gt;&lt;/a&gt;&amp;nbsp;&lt;br /&gt;&lt;br /&gt;&lt;a class=&quot;external&quot; href=&quot;https://www.deviantart.com/users/outgoing?https://ko-fi.com/A861BK4&quot;&gt;If you enjoy my work, please consider buying me a coffee!&lt;br /&gt;&lt;/a&gt;&lt;br /&gt;&lt;a class=&quot;external&quot; href=&quot;https://www.deviantart.com/users/outgoing?http://patreon.com/atlaswhite&quot;&gt;Or you could become a Patron and gain rad rewards like free art for supporting me!&lt;br /&gt;&lt;/a&gt;&lt;br /&gt;And thanks. I couldn&#039;t do it without you.&lt;br /&gt;&lt;br /&gt;&lt;a href=&quot;https://www.deviantart.com/empressofroses/art/Pixel-Rose-Divider-Black-679409429&quot; class=&quot;emoticon&quot; data-embed-type=&quot;emoticon&quot; data-embed-id=&quot;679409429&quot; data-embed-profile=&quot;deviation&quot;&gt;&lt;img src=&quot;https://orig00.deviantart.net/133e/f/2017/127/9/a/pixel_rose_divider___black_by_starlightdreamspirit-db8i3o5.gif&quot; alt=&quot;Pixel Rose Divider - Black&quot; style=&quot;width:58px;height:19px&quot;&gt;&lt;/a&gt;&lt;br /&gt;&lt;br /&gt;&lt;span class=&quot;shadow-holder&quot; data-embed-type=&quot;deviation&quot; data-embed-id=&quot;770962541&quot; data-embed-format=&quot;thumb&quot;&gt;&lt;span class=&quot;shadow mild&quot; &gt;&lt;a class=&quot;thumb&quot; href=&quot;https://www.deviantart.com/atlas-white/art/DELTARUNE-770962541&quot; title=&quot;DELTARUNE by Atlas-White, Nov 2, 2018 in Fan Art &amp;gt; Digital Art &amp;gt; Drawings &amp;gt; Games&quot;data-super-img=&quot;https://images-wixmp-ed30a86b8c4ca887773594c2.wixmp.com/intermediary/f/5d42e814-5059-46f0-a12b-ed5f5263d93a/dcr0ei5-a60280cf-8b1e-4f4d-a4a3-9e1d94df416e.png/v1/fill/w_1024,h_569,q_80,strp/deltarune_by_atlas_white_dcr0ei5-fullview.jpg&quot; data-super-width=&quot;1024&quot; data-super-height=&quot;569&quot; data-super-transparent=&quot;false&quot; data-super-alt=&quot;DELTARUNE by Atlas-White&quot; data-super-full-img=&quot;https://images-wixmp-ed30a86b8c4ca887773594c2.wixmp.com/intermediary/f/5d42e814-5059-46f0-a12b-ed5f5263d93a/dcr0ei5-a60280cf-8b1e-4f4d-a4a3-9e1d94df416e.png/v1/fill/w_1024,h_569,q_80,strp/deltarune_by_atlas_white_dcr0ei5-fullview.jpg&quot; data-super-full-width=&quot;1024&quot; data-super-full-height=&quot;569&quot;        data-sigil=&quot;thumb&quot;&gt;
        &lt;i&gt;&lt;/i&gt;&lt;img   width=&quot;150&quot; height=&quot;83&quot; alt=&quot;DELTARUNE by Atlas-White&quot; src=&quot;https://images-wixmp-ed30a86b8c4ca887773594c2.wixmp.com/intermediary/f/5d42e814-5059-46f0-a12b-ed5f5263d93a/dcr0ei5-a60280cf-8b1e-4f4d-a4a3-9e1d94df416e.png/v1/fit/w_150,h_150,q_70,strp/deltarune_by_atlas_white_dcr0ei5-150.jpg&quot; data-src=&quot;https://images-wixmp-ed30a86b8c4ca887773594c2.wixmp.com/intermediary/f/5d42e814-5059-46f0-a12b-ed5f5263d93a/dcr0ei5-a60280cf-8b1e-4f4d-a4a3-9e1d94df416e.png/v1/fit/w_150,h_150,q_70,strp/deltarune_by_atlas_white_dcr0ei5-150.jpg&quot; srcset=&quot;https://images-wixmp-ed30a86b8c4ca887773594c2.wixmp.com/intermediary/f/5d42e814-5059-46f0-a12b-ed5f5263d93a/dcr0ei5-a60280cf-8b1e-4f4d-a4a3-9e1d94df416e.png/v1/fit/w_150,h_150,q_70,strp/deltarune_by_atlas_white_dcr0ei5-150.jpg 150w,https://images-wixmp-ed30a86b8c4ca887773594c2.wixmp.com/intermediary/f/5d42e814-5059-46f0-a12b-ed5f5263d93a/dcr0ei5-a60280cf-8b1e-4f4d-a4a3-9e1d94df416e.png/v1/fill/w_450,h_250,q_70,strp/deltarune_by_atlas_white_dcr0ei5-250t.jpg 450w,https://images-wixmp-ed30a86b8c4ca887773594c2.wixmp.com/intermediary/f/5d42e814-5059-46f0-a12b-ed5f5263d93a/dcr0ei5-a60280cf-8b1e-4f4d-a4a3-9e1d94df416e.png/v1/fill/w_630,h_350,q_70,strp/deltarune_by_atlas_white_dcr0ei5-350t.jpg 630w,https://images-wixmp-ed30a86b8c4ca887773594c2.wixmp.com/intermediary/f/5d42e814-5059-46f0-a12b-ed5f5263d93a/dcr0ei5-a60280cf-8b1e-4f4d-a4a3-9e1d94df416e.png/v1/fill/w_720,h_400,q_70,strp/deltarune_by_atlas_white_dcr0ei5-400t.jpg 720w,https://images-wixmp-ed30a86b8c4ca887773594c2.wixmp.com/intermediary/f/5d42e814-5059-46f0-a12b-ed5f5263d93a/dcr0ei5-a60280cf-8b1e-4f4d-a4a3-9e1d94df416e.png/v1/fill/w_1024,h_569,q_80,strp/deltarune_by_atlas_white_dcr0ei5-fullview.jpg 1024w&quot; sizes=&quot;150px&quot;&gt;&lt;/a&gt;&lt;/span&gt;&lt;!-- ^TTT --&gt;&lt;!-- TTT$ --&gt;&lt;/span&gt;&amp;nbsp;&lt;span class=&quot;shadow-holder&quot; data-embed-type=&quot;deviation&quot; data-embed-id=&quot;773937370&quot; data-embed-format=&quot;thumb&quot;&gt;&lt;span class=&quot;shadow mild&quot; &gt;&lt;a class=&quot;thumb&quot; href=&quot;https://www.deviantart.com/atlas-white/art/Deltarune-Seam-and-Jevil-773937370&quot; title=&quot;Deltarune | Seam and Jevil by Atlas-White, Nov 24, 2018 in Fan Art &amp;gt; Digital Art &amp;gt; Drawings &amp;gt; Games&quot;data-super-img=&quot;https://images-wixmp-ed30a86b8c4ca887773594c2.wixmp.com/intermediary/f/5d42e814-5059-46f0-a12b-ed5f5263d93a/dcss5wa-832cd0c7-045b-4739-8ead-b5bec2e7f2d6.png/v1/fill/w_1058,h_755,q_70,strp/deltarune___seam_and_jevil_by_atlas_white_dcss5wa-pre.jpg&quot; data-super-width=&quot;1058&quot; data-super-height=&quot;755&quot; data-super-transparent=&quot;false&quot; data-super-alt=&quot;Deltarune | Seam and Jevil by Atlas-White&quot; data-super-full-img=&quot;https://images-wixmp-ed30a86b8c4ca887773594c2.wixmp.com/intermediary/f/5d42e814-5059-46f0-a12b-ed5f5263d93a/dcss5wa-832cd0c7-045b-4739-8ead-b5bec2e7f2d6.png&quot; data-super-full-width=&quot;1400&quot; data-super-full-height=&quot;1000&quot;        data-sigil=&quot;thumb&quot;&gt;
        &lt;i&gt;&lt;/i&gt;&lt;img   width=&quot;150&quot; height=&quot;107&quot; alt=&quot;Deltarune | Seam and Jevil by Atlas-White&quot; src=&quot;https://images-wixmp-ed30a86b8c4ca887773594c2.wixmp.com/intermediary/f/5d42e814-5059-46f0-a12b-ed5f5263d93a/dcss5wa-832cd0c7-045b-4739-8ead-b5bec2e7f2d6.png/v1/fit/w_150,h_150,q_70,strp/deltarune___seam_and_jevil_by_atlas_white_dcss5wa-150.jpg&quot; data-src=&quot;https://images-wixmp-ed30a86b8c4ca887773594c2.wixmp.com/intermediary/f/5d42e814-5059-46f0-a12b-ed5f5263d93a/dcss5wa-832cd0c7-045b-4739-8ead-b5bec2e7f2d6.png/v1/fit/w_150,h_150,q_70,strp/deltarune___seam_and_jevil_by_atlas_white_dcss5wa-150.jpg&quot; srcset=&quot;https://images-wixmp-ed30a86b8c4ca887773594c2.wixmp.com/intermediary/f/5d42e814-5059-46f0-a12b-ed5f5263d93a/dcss5wa-832cd0c7-045b-4739-8ead-b5bec2e7f2d6.png/v1/fit/w_150,h_150,q_70,strp/deltarune___seam_and_jevil_by_atlas_white_dcss5wa-150.jpg 150w,https://images-wixmp-ed30a86b8c4ca887773594c2.wixmp.com/intermediary/f/5d42e814-5059-46f0-a12b-ed5f5263d93a/dcss5wa-832cd0c7-045b-4739-8ead-b5bec2e7f2d6.png/v1/fill/w_350,h_250,q_70,strp/deltarune___seam_and_jevil_by_atlas_white_dcss5wa-250t.jpg 350w,https://images-wixmp-ed30a86b8c4ca887773594c2.wixmp.com/intermediary/f/5d42e814-5059-46f0-a12b-ed5f5263d93a/dcss5wa-832cd0c7-045b-4739-8ead-b5bec2e7f2d6.png/v1/fill/w_490,h_350,q_70,strp/deltarune___seam_and_jevil_by_atlas_white_dcss5wa-350t.jpg 490w,https://images-wixmp-ed30a86b8c4ca887773594c2.wixmp.com/intermediary/f/5d42e814-5059-46f0-a12b-ed5f5263d93a/dcss5wa-832cd0c7-045b-4739-8ead-b5bec2e7f2d6.png/v1/fill/w_560,h_400,q_70,strp/deltarune___seam_and_jevil_by_atlas_white_dcss5wa-400t.jpg 560w,https://images-wixmp-ed30a86b8c4ca887773594c2.wixmp.com/intermediary/f/5d42e814-5059-46f0-a12b-ed5f5263d93a/dcss5wa-832cd0c7-045b-4739-8ead-b5bec2e7f2d6.png/v1/fill/w_1058,h_755,q_70,strp/deltarune___seam_and_jevil_by_atlas_white_dcss5wa-pre.jpg 1058w&quot; sizes=&quot;150px&quot;&gt;&lt;/a&gt;&lt;/span&gt;&lt;!-- ^TTT --&gt;&lt;!-- TTT$ --&gt;&lt;/span&gt;&amp;nbsp;&lt;span class=&quot;shadow-holder&quot; data-embed-type=&quot;deviation&quot; data-embed-id=&quot;775904008&quot; data-embed-format=&quot;thumb&quot;&gt;&lt;span class=&quot;shadow mild&quot; &gt;&lt;a class=&quot;thumb&quot; href=&quot;https://www.deviantart.com/atlas-white/art/Deltarune-Sunset-Kiss-Kiss-Meme-775904008&quot; title=&quot;Deltarune | Sunset Kiss | Kiss Meme by Atlas-White, Dec 8, 2018 in Fan Art &amp;gt; Digital Art &amp;gt; Drawings &amp;gt; Games&quot;data-super-img=&quot;https://images-wixmp-ed30a86b8c4ca887773594c2.wixmp.com/intermediary/f/5d42e814-5059-46f0-a12b-ed5f5263d93a/dctybd4-c8f4d648-70ee-4eea-8c0b-55aca3f3d6b2.png&quot; data-super-width=&quot;700&quot; data-super-height=&quot;900&quot; data-super-transparent=&quot;false&quot; data-super-alt=&quot;Deltarune | Sunset Kiss | Kiss Meme by Atlas-White&quot; data-super-full-img=&quot;https://images-wixmp-ed30a86b8c4ca887773594c2.wixmp.com/intermediary/f/5d42e814-5059-46f0-a12b-ed5f5263d93a/dctybd4-c8f4d648-70ee-4eea-8c0b-55aca3f3d6b2.png&quot; data-super-full-width=&quot;700&quot; data-super-full-height=&quot;900&quot;        data-sigil=&quot;thumb&quot;&gt;
        &lt;i&gt;&lt;/i&gt;&lt;img   width=&quot;117&quot; height=&quot;150&quot; alt=&quot;Deltarune | Sunset Kiss | Kiss Meme by Atlas-White&quot; src=&quot;https://images-wixmp-ed30a86b8c4ca887773594c2.wixmp.com/intermediary/f/5d42e814-5059-46f0-a12b-ed5f5263d93a/dctybd4-c8f4d648-70ee-4eea-8c0b-55aca3f3d6b2.png/v1/fit/w_150,h_150,q_70,strp/deltarune___sunset_kiss___kiss_meme_by_atlas_white_dctybd4-150.jpg&quot; data-src=&quot;https://images-wixmp-ed30a86b8c4ca887773594c2.wixmp.com/intermediary/f/5d42e814-5059-46f0-a12b-ed5f5263d93a/dctybd4-c8f4d648-70ee-4eea-8c0b-55aca3f3d6b2.png/v1/fit/w_150,h_150,q_70,strp/deltarune___sunset_kiss___kiss_meme_by_atlas_white_dctybd4-150.jpg&quot; srcset=&quot;https://images-wixmp-ed30a86b8c4ca887773594c2.wixmp.com/intermediary/f/5d42e814-5059-46f0-a12b-ed5f5263d93a/dctybd4-c8f4d648-70ee-4eea-8c0b-55aca3f3d6b2.png/v1/fit/w_150,h_150,q_70,strp/deltarune___sunset_kiss___kiss_meme_by_atlas_white_dctybd4-150.jpg 117w,https://images-wixmp-ed30a86b8c4ca887773594c2.wixmp.com/intermediary/f/5d42e814-5059-46f0-a12b-ed5f5263d93a/dctybd4-c8f4d648-70ee-4eea-8c0b-55aca3f3d6b2.png/v1/crop/w_194,h_250,x_0,y_0,scl_0.27857142857143,q_70,strp/deltarune___sunset_kiss___kiss_meme_by_atlas_white_dctybd4-250t.jpg 194w,https://images-wixmp-ed30a86b8c4ca887773594c2.wixmp.com/intermediary/f/5d42e814-5059-46f0-a12b-ed5f5263d93a/dctybd4-c8f4d648-70ee-4eea-8c0b-55aca3f3d6b2.png/v1/fill/w_272,h_350,q_70,strp/deltarune___sunset_kiss___kiss_meme_by_atlas_white_dctybd4-350t.jpg 272w,https://images-wixmp-ed30a86b8c4ca887773594c2.wixmp.com/intermediary/f/5d42e814-5059-46f0-a12b-ed5f5263d93a/dctybd4-c8f4d648-70ee-4eea-8c0b-55aca3f3d6b2.png/v1/fill/w_311,h_400,q_70,strp/deltarune___sunset_kiss___kiss_meme_by_atlas_white_dctybd4-400t.jpg 311w,https://images-wixmp-ed30a86b8c4ca887773594c2.wixmp.com/intermediary/f/5d42e814-5059-46f0-a12b-ed5f5263d93a/dctybd4-c8f4d648-70ee-4eea-8c0b-55aca3f3d6b2.png 700w&quot; sizes=&quot;117px&quot;&gt;&lt;/a&gt;&lt;/span&gt;&lt;!-- ^TTT --&gt;&lt;!-- TTT$ --&gt;&lt;/span&gt;&amp;nbsp;&lt;span class=&quot;shadow-holder&quot; data-embed-type=&quot;deviation&quot; data-embed-id=&quot;737081883&quot; data-embed-format=&quot;thumb&quot;&gt;&lt;span class=&quot;shadow mild&quot; &gt;&lt;a class=&quot;thumb&quot; href=&quot;https://www.deviantart.com/atlas-white/art/UF-You-Are-My-Star-CE-737081883&quot; title=&quot;UF - You Are My Star [CE] by Atlas-White, Mar 24, 2018 in Fan Art &amp;gt; Digital Art &amp;gt; Drawings &amp;gt; Games&quot;data-super-img=&quot;https://images-wixmp-ed30a86b8c4ca887773594c2.wixmp.com/intermediary/f/5d42e814-5059-46f0-a12b-ed5f5263d93a/dc6u80r-b7d55a75-aa9d-4053-9e4e-a62645c5b984.png/v1/fill/w_792,h_1009,q_70,strp/uf___you_are_my_star__ce__by_atlas_white_dc6u80r-pre.jpg&quot; data-super-width=&quot;792&quot; data-super-height=&quot;1009&quot; data-super-transparent=&quot;false&quot; data-super-alt=&quot;UF - You Are My Star [CE] by Atlas-White&quot; data-super-full-img=&quot;https://images-wixmp-ed30a86b8c4ca887773594c2.wixmp.com/intermediary/f/5d42e814-5059-46f0-a12b-ed5f5263d93a/dc6u80r-b7d55a75-aa9d-4053-9e4e-a62645c5b984.png&quot; data-super-full-width=&quot;800&quot; data-super-full-height=&quot;1020&quot;        data-sigil=&quot;thumb&quot;&gt;
        &lt;i&gt;&lt;/i&gt;&lt;img   width=&quot;118&quot; height=&quot;150&quot; alt=&quot;UF - You Are My Star [CE] by Atlas-White&quot; src=&quot;https://images-wixmp-ed30a86b8c4ca887773594c2.wixmp.com/intermediary/f/5d42e814-5059-46f0-a12b-ed5f5263d93a/dc6u80r-b7d55a75-aa9d-4053-9e4e-a62645c5b984.png/v1/fit/w_150,h_150,q_70,strp/uf___you_are_my_star__ce__by_atlas_white_dc6u80r-150.jpg&quot; data-src=&quot;https://images-wixmp-ed30a86b8c4ca887773594c2.wixmp.com/intermediary/f/5d42e814-5059-46f0-a12b-ed5f5263d93a/dc6u80r-b7d55a75-aa9d-4053-9e4e-a62645c5b984.png/v1/fit/w_150,h_150,q_70,strp/uf___you_are_my_star__ce__by_atlas_white_dc6u80r-150.jpg&quot; srcset=&quot;https://images-wixmp-ed30a86b8c4ca887773594c2.wixmp.com/intermediary/f/5d42e814-5059-46f0-a12b-ed5f5263d93a/dc6u80r-b7d55a75-aa9d-4053-9e4e-a62645c5b984.png/v1/fit/w_150,h_150,q_70,strp/uf___you_are_my_star__ce__by_atlas_white_dc6u80r-150.jpg 118w,https://images-wixmp-ed30a86b8c4ca887773594c2.wixmp.com/intermediary/f/5d42e814-5059-46f0-a12b-ed5f5263d93a/dc6u80r-b7d55a75-aa9d-4053-9e4e-a62645c5b984.png/v1/fill/w_196,h_250,q_70,strp/uf___you_are_my_star__ce__by_atlas_white_dc6u80r-250t.jpg 196w,https://images-wixmp-ed30a86b8c4ca887773594c2.wixmp.com/intermediary/f/5d42e814-5059-46f0-a12b-ed5f5263d93a/dc6u80r-b7d55a75-aa9d-4053-9e4e-a62645c5b984.png/v1/crop/w_275,h_350,x_0,y_0,scl_0.34375,q_70,strp/uf___you_are_my_star__ce__by_atlas_white_dc6u80r-350t.jpg 275w,https://images-wixmp-ed30a86b8c4ca887773594c2.wixmp.com/intermediary/f/5d42e814-5059-46f0-a12b-ed5f5263d93a/dc6u80r-b7d55a75-aa9d-4053-9e4e-a62645c5b984.png/v1/fill/w_314,h_400,q_70,strp/uf___you_are_my_star__ce__by_atlas_white_dc6u80r-400t.jpg 314w,https://images-wixmp-ed30a86b8c4ca887773594c2.wixmp.com/intermediary/f/5d42e814-5059-46f0-a12b-ed5f5263d93a/dc6u80r-b7d55a75-aa9d-4053-9e4e-a62645c5b984.png/v1/fill/w_792,h_1009,q_70,strp/uf___you_are_my_star__ce__by_atlas_white_dc6u80r-pre.jpg 792w&quot; sizes=&quot;118px&quot;&gt;&lt;/a&gt;&lt;/span&gt;&lt;!-- ^TTT --&gt;&lt;!-- TTT$ --&gt;&lt;/span&gt;&amp;nbsp;&amp;nbsp;&amp;nbsp;&lt;br /&gt;&lt;/div&gt;</media:description>            <media:thumbnail url="https://t00.deviantart.net/opOgq3NCzTNzx-ZOsWfWVXmQ2Dw=/fit-in/150x150/filters:no_upscale():origin()/pre00/e667/th/pre/f/2019/025/e/b/deltarune___gentle_in_the_dark_by_atlas_white-dcy1g0q.png" height="150" width="150"/>            <media:thumbnail url="https://t00.deviantart.net/GFBeBVk2RWtOtxZV8Im1DRFoCoY=/fit-in/300x900/filters:no_upscale():origin()/pre00/e667/th/pre/f/2019/025/e/b/deltarune___gentle_in_the_dark_by_atlas_white-dcy1g0q.png" height="300" width="300"/>            <media:thumbnail url="https://t00.deviantart.net/GliaN8wiRvR5x-kkGUMmJOes4p0=/300x200/filters:fixed_height(100,100):origin()/pre00/e667/th/pre/f/2019/025/e/b/deltarune___gentle_in_the_dark_by_atlas_white-dcy1g0q.png" height="200" width="200"/>            <media:content url="https://pre00.deviantart.net/e667/th/pre/f/2019/025/e/b/deltarune___gentle_in_the_dark_by_atlas_white-dcy1g0q.png" height="894" width="894" medium="image"/>            
            <description>&lt;div align=&quot;-webkit-center&quot;&gt;|&amp;nbsp;&lt;a href=&quot;https://atlas-white.deviantart.com/journal/New-Commission-Info-534533454&quot;&gt;Commission Info&lt;/a&gt;&amp;nbsp;|&amp;nbsp;&lt;a href=&quot;https://atlas-white.deviantart.com/journal/Customs-OPEN-737719933&quot;&gt;Customs&lt;/a&gt;&amp;nbsp;|&amp;nbsp;&lt;a class=&quot;external&quot; href=&quot;https://www.deviantart.com/users/outgoing?https://patreon.com/atlaswhite&quot;&gt;Patreon&lt;/a&gt;&lt;b&gt;&amp;nbsp;&amp;nbsp;&lt;/b&gt;|&lt;br /&gt;&lt;br /&gt;&lt;/div&gt;&lt;div align=&quot;-webkit-center&quot;&gt;&lt;a href=&quot;https://www.deviantart.com/empressofroses/art/Pixel-Rose-Divider-Black-679409429&quot; class=&quot;emoticon&quot; data-embed-type=&quot;emoticon&quot; data-embed-id=&quot;679409429&quot; data-embed-profile=&quot;deviation&quot;&gt;&lt;img src=&quot;https://orig00.deviantart.net/133e/f/2017/127/9/a/pixel_rose_divider___black_by_starlightdreamspirit-db8i3o5.gif&quot; alt=&quot;Pixel Rose Divider - Black&quot; style=&quot;width:58px;height:19px&quot;&gt;&lt;/a&gt;&lt;br /&gt;&lt;br /&gt;&lt;i&gt;&amp;nbsp;&lt;br /&gt;&amp;#10077;&amp;nbsp; Hey, cheer up. Everything&#039;s gonna be better tomorrow. You&#039;ll see . &amp;#10078;&lt;br /&gt;&lt;/i&gt;&lt;br /&gt;&lt;br /&gt;&lt;div align=&quot;center&quot;&gt;&lt;span class=&quot;shadow-holder&quot; data-embed-type=&quot;deviation&quot; data-embed-id=&quot;5499719688307960&quot; data-embed-format=&quot;thumb&quot;&gt;&lt;span class=&quot;shadow mild&quot; &gt;&lt;a class=&quot;thumb&quot; href=&quot;https://sta.sh/01i5hkcfv3zs&quot; title=&quot;Crown Divider for use by Atlas White ONLY by Atlas-White, May 17, 2018&quot;        data-sigil=&quot;thumb&quot;&gt;
        &lt;i&gt;&lt;/i&gt;&lt;img   width=&quot;149&quot; height=&quot;39&quot; alt=&quot;Crown Divider for use by Atlas White ONLY by Atlas-White&quot; src=&quot;https://orig00.deviantart.net/ff66/f/2018/137/a/1/crown_divider_for_use_by_atlas_white_only_by_atlas_white-dcbtc0k.gif&quot; data-src=&quot;https://orig00.deviantart.net/ff66/f/2018/137/a/1/crown_divider_for_use_by_atlas_white_only_by_atlas_white-dcbtc0k.gif&quot; srcset=&quot;https://orig00.deviantart.net/ff66/f/2018/137/a/1/crown_divider_for_use_by_atlas_white_only_by_atlas_white-dcbtc0k.gif 149w&quot; sizes=&quot;149px&quot;&gt;&lt;/a&gt;&lt;/span&gt;&lt;!-- ^TTT --&gt;&lt;!-- TTT$ --&gt;&lt;/span&gt;&lt;br /&gt;&lt;a href=&quot;https://sta.sh/01i5hkcfv3zs&quot; title=&quot;Crown Divider for use by Atlas White ONLY by Atlas-White, May 17, 2018&quot;&gt;&lt;/a&gt;&lt;a href=&quot;https://sta.sh/01i5hkcfv3zs&quot; title=&quot;Crown Divider for use by Atlas White ONLY by Atlas-White, May 17, 2018&quot;&gt;&lt;/a&gt;&lt;/div&gt;&lt;div align=&quot;center&quot;&gt;&lt;div align=&quot;center&quot;&gt;&lt;div align=&quot;center&quot;&gt;&lt;/div&gt;&lt;/div&gt;&lt;/div&gt;&lt;div align=&quot;-webkit-center&quot;&gt;&lt;br /&gt;&lt;/div&gt;&lt;a href=&quot;https://www.deviantart.com/diegovainilla/art/pink-heart-big-591683781&quot; class=&quot;emoticon&quot; data-embed-type=&quot;emoticon&quot; data-embed-id=&quot;591683781&quot; data-embed-profile=&quot;deviation&quot;&gt;&lt;img src=&quot;https://orig00.deviantart.net/83bf/f/2017/152/e/d/big_pink_heart_by_diegovainilla-d9s9u4l.gif&quot; alt=&quot;pink heart {big}&quot; style=&quot;width:15px;height:15px&quot;&gt;&lt;/a&gt;&amp;nbsp;&amp;nbsp;Remember, a positive comment goes a long way!&amp;nbsp;&lt;a href=&quot;https://www.deviantart.com/diegovainilla/art/pink-heart-big-591683781&quot; class=&quot;emoticon&quot; data-embed-type=&quot;emoticon&quot; data-embed-id=&quot;591683781&quot; data-embed-profile=&quot;deviation&quot;&gt;&lt;img src=&quot;https://orig00.deviantart.net/83bf/f/2017/152/e/d/big_pink_heart_by_diegovainilla-d9s9u4l.gif&quot; alt=&quot;pink heart {big}&quot; style=&quot;width:15px;height:15px&quot;&gt;&lt;/a&gt;&amp;nbsp;&lt;br /&gt;&lt;br /&gt;&lt;a class=&quot;external&quot; href=&quot;https://www.deviantart.com/users/outgoing?https://ko-fi.com/A861BK4&quot;&gt;If you enjoy my work, please consider buying me a coffee!&lt;br /&gt;&lt;/a&gt;&lt;br /&gt;&lt;a class=&quot;external&quot; href=&quot;https://www.deviantart.com/users/outgoing?http://patreon.com/atlaswhite&quot;&gt;Or you could become a Patron and gain rad rewards like free art for supporting me!&lt;br /&gt;&lt;/a&gt;&lt;br /&gt;And thanks. I couldn&#039;t do it without you.&lt;br /&gt;&lt;br /&gt;&lt;a href=&quot;https://www.deviantart.com/empressofroses/art/Pixel-Rose-Divider-Black-679409429&quot; class=&quot;emoticon&quot; data-embed-type=&quot;emoticon&quot; data-embed-id=&quot;679409429&quot; data-embed-profile=&quot;deviation&quot;&gt;&lt;img src=&quot;https://orig00.deviantart.net/133e/f/2017/127/9/a/pixel_rose_divider___black_by_starlightdreamspirit-db8i3o5.gif&quot; alt=&quot;Pixel Rose Divider - Black&quot; style=&quot;width:58px;height:19px&quot;&gt;&lt;/a&gt;&lt;br /&gt;&lt;br /&gt;&lt;span class=&quot;shadow-holder&quot; data-embed-type=&quot;deviation&quot; data-embed-id=&quot;770962541&quot; data-embed-format=&quot;thumb&quot;&gt;&lt;span class=&quot;shadow mild&quot; &gt;&lt;a class=&quot;thumb&quot; href=&quot;https://www.deviantart.com/atlas-white/art/DELTARUNE-770962541&quot; title=&quot;DELTARUNE by Atlas-White, Nov 2, 2018 in Fan Art &amp;gt; Digital Art &amp;gt; Drawings &amp;gt; Games&quot;data-super-img=&quot;https://images-wixmp-ed30a86b8c4ca887773594c2.wixmp.com/intermediary/f/5d42e814-5059-46f0-a12b-ed5f5263d93a/dcr0ei5-a60280cf-8b1e-4f4d-a4a3-9e1d94df416e.png/v1/fill/w_1024,h_569,q_80,strp/deltarune_by_atlas_white_dcr0ei5-fullview.jpg&quot; data-super-width=&quot;1024&quot; data-super-height=&quot;569&quot; data-super-transparent=&quot;false&quot; data-super-alt=&quot;DELTARUNE by Atlas-White&quot; data-super-full-img=&quot;https://images-wixmp-ed30a86b8c4ca887773594c2.wixmp.com/intermediary/f/5d42e814-5059-46f0-a12b-ed5f5263d93a/dcr0ei5-a60280cf-8b1e-4f4d-a4a3-9e1d94df416e.png/v1/fill/w_1024,h_569,q_80,strp/deltarune_by_atlas_white_dcr0ei5-fullview.jpg&quot; data-super-full-width=&quot;1024&quot; data-super-full-height=&quot;569&quot;        data-sigil=&quot;thumb&quot;&gt;
        &lt;i&gt;&lt;/i&gt;&lt;img   width=&quot;150&quot; height=&quot;83&quot; alt=&quot;DELTARUNE by Atlas-White&quot; src=&quot;https://images-wixmp-ed30a86b8c4ca887773594c2.wixmp.com/intermediary/f/5d42e814-5059-46f0-a12b-ed5f5263d93a/dcr0ei5-a60280cf-8b1e-4f4d-a4a3-9e1d94df416e.png/v1/fit/w_150,h_150,q_70,strp/deltarune_by_atlas_white_dcr0ei5-150.jpg&quot; data-src=&quot;https://images-wixmp-ed30a86b8c4ca887773594c2.wixmp.com/intermediary/f/5d42e814-5059-46f0-a12b-ed5f5263d93a/dcr0ei5-a60280cf-8b1e-4f4d-a4a3-9e1d94df416e.png/v1/fit/w_150,h_150,q_70,strp/deltarune_by_atlas_white_dcr0ei5-150.jpg&quot; srcset=&quot;https://images-wixmp-ed30a86b8c4ca887773594c2.wixmp.com/intermediary/f/5d42e814-5059-46f0-a12b-ed5f5263d93a/dcr0ei5-a60280cf-8b1e-4f4d-a4a3-9e1d94df416e.png/v1/fit/w_150,h_150,q_70,strp/deltarune_by_atlas_white_dcr0ei5-150.jpg 150w,https://images-wixmp-ed30a86b8c4ca887773594c2.wixmp.com/intermediary/f/5d42e814-5059-46f0-a12b-ed5f5263d93a/dcr0ei5-a60280cf-8b1e-4f4d-a4a3-9e1d94df416e.png/v1/fill/w_450,h_250,q_70,strp/deltarune_by_atlas_white_dcr0ei5-250t.jpg 450w,https://images-wixmp-ed30a86b8c4ca887773594c2.wixmp.com/intermediary/f/5d42e814-5059-46f0-a12b-ed5f5263d93a/dcr0ei5-a60280cf-8b1e-4f4d-a4a3-9e1d94df416e.png/v1/fill/w_630,h_350,q_70,strp/deltarune_by_atlas_white_dcr0ei5-350t.jpg 630w,https://images-wixmp-ed30a86b8c4ca887773594c2.wixmp.com/intermediary/f/5d42e814-5059-46f0-a12b-ed5f5263d93a/dcr0ei5-a60280cf-8b1e-4f4d-a4a3-9e1d94df416e.png/v1/fill/w_720,h_400,q_70,strp/deltarune_by_atlas_white_dcr0ei5-400t.jpg 720w,https://images-wixmp-ed30a86b8c4ca887773594c2.wixmp.com/intermediary/f/5d42e814-5059-46f0-a12b-ed5f5263d93a/dcr0ei5-a60280cf-8b1e-4f4d-a4a3-9e1d94df416e.png/v1/fill/w_1024,h_569,q_80,strp/deltarune_by_atlas_white_dcr0ei5-fullview.jpg 1024w&quot; sizes=&quot;150px&quot;&gt;&lt;/a&gt;&lt;/span&gt;&lt;!-- ^TTT --&gt;&lt;!-- TTT$ --&gt;&lt;/span&gt;&amp;nbsp;&lt;span class=&quot;shadow-holder&quot; data-embed-type=&quot;deviation&quot; data-embed-id=&quot;773937370&quot; data-embed-format=&quot;thumb&quot;&gt;&lt;span class=&quot;shadow mild&quot; &gt;&lt;a class=&quot;thumb&quot; href=&quot;https://www.deviantart.com/atlas-white/art/Deltarune-Seam-and-Jevil-773937370&quot; title=&quot;Deltarune | Seam and Jevil by Atlas-White, Nov 24, 2018 in Fan Art &amp;gt; Digital Art &amp;gt; Drawings &amp;gt; Games&quot;data-super-img=&quot;https://images-wixmp-ed30a86b8c4ca887773594c2.wixmp.com/intermediary/f/5d42e814-5059-46f0-a12b-ed5f5263d93a/dcss5wa-832cd0c7-045b-4739-8ead-b5bec2e7f2d6.png/v1/fill/w_1058,h_755,q_70,strp/deltarune___seam_and_jevil_by_atlas_white_dcss5wa-pre.jpg&quot; data-super-width=&quot;1058&quot; data-super-height=&quot;755&quot; data-super-transparent=&quot;false&quot; data-super-alt=&quot;Deltarune | Seam and Jevil by Atlas-White&quot; data-super-full-img=&quot;https://images-wixmp-ed30a86b8c4ca887773594c2.wixmp.com/intermediary/f/5d42e814-5059-46f0-a12b-ed5f5263d93a/dcss5wa-832cd0c7-045b-4739-8ead-b5bec2e7f2d6.png&quot; data-super-full-width=&quot;1400&quot; data-super-full-height=&quot;1000&quot;        data-sigil=&quot;thumb&quot;&gt;
        &lt;i&gt;&lt;/i&gt;&lt;img   width=&quot;150&quot; height=&quot;107&quot; alt=&quot;Deltarune | Seam and Jevil by Atlas-White&quot; src=&quot;https://images-wixmp-ed30a86b8c4ca887773594c2.wixmp.com/intermediary/f/5d42e814-5059-46f0-a12b-ed5f5263d93a/dcss5wa-832cd0c7-045b-4739-8ead-b5bec2e7f2d6.png/v1/fit/w_150,h_150,q_70,strp/deltarune___seam_and_jevil_by_atlas_white_dcss5wa-150.jpg&quot; data-src=&quot;https://images-wixmp-ed30a86b8c4ca887773594c2.wixmp.com/intermediary/f/5d42e814-5059-46f0-a12b-ed5f5263d93a/dcss5wa-832cd0c7-045b-4739-8ead-b5bec2e7f2d6.png/v1/fit/w_150,h_150,q_70,strp/deltarune___seam_and_jevil_by_atlas_white_dcss5wa-150.jpg&quot; srcset=&quot;https://images-wixmp-ed30a86b8c4ca887773594c2.wixmp.com/intermediary/f/5d42e814-5059-46f0-a12b-ed5f5263d93a/dcss5wa-832cd0c7-045b-4739-8ead-b5bec2e7f2d6.png/v1/fit/w_150,h_150,q_70,strp/deltarune___seam_and_jevil_by_atlas_white_dcss5wa-150.jpg 150w,https://images-wixmp-ed30a86b8c4ca887773594c2.wixmp.com/intermediary/f/5d42e814-5059-46f0-a12b-ed5f5263d93a/dcss5wa-832cd0c7-045b-4739-8ead-b5bec2e7f2d6.png/v1/fill/w_350,h_250,q_70,strp/deltarune___seam_and_jevil_by_atlas_white_dcss5wa-250t.jpg 350w,https://images-wixmp-ed30a86b8c4ca887773594c2.wixmp.com/intermediary/f/5d42e814-5059-46f0-a12b-ed5f5263d93a/dcss5wa-832cd0c7-045b-4739-8ead-b5bec2e7f2d6.png/v1/fill/w_490,h_350,q_70,strp/deltarune___seam_and_jevil_by_atlas_white_dcss5wa-350t.jpg 490w,https://images-wixmp-ed30a86b8c4ca887773594c2.wixmp.com/intermediary/f/5d42e814-5059-46f0-a12b-ed5f5263d93a/dcss5wa-832cd0c7-045b-4739-8ead-b5bec2e7f2d6.png/v1/fill/w_560,h_400,q_70,strp/deltarune___seam_and_jevil_by_atlas_white_dcss5wa-400t.jpg 560w,https://images-wixmp-ed30a86b8c4ca887773594c2.wixmp.com/intermediary/f/5d42e814-5059-46f0-a12b-ed5f5263d93a/dcss5wa-832cd0c7-045b-4739-8ead-b5bec2e7f2d6.png/v1/fill/w_1058,h_755,q_70,strp/deltarune___seam_and_jevil_by_atlas_white_dcss5wa-pre.jpg 1058w&quot; sizes=&quot;150px&quot;&gt;&lt;/a&gt;&lt;/span&gt;&lt;!-- ^TTT --&gt;&lt;!-- TTT$ --&gt;&lt;/span&gt;&amp;nbsp;&lt;span class=&quot;shadow-holder&quot; data-embed-type=&quot;deviation&quot; data-embed-id=&quot;775904008&quot; data-embed-format=&quot;thumb&quot;&gt;&lt;span class=&quot;shadow mild&quot; &gt;&lt;a class=&quot;thumb&quot; href=&quot;https://www.deviantart.com/atlas-white/art/Deltarune-Sunset-Kiss-Kiss-Meme-775904008&quot; title=&quot;Deltarune | Sunset Kiss | Kiss Meme by Atlas-White, Dec 8, 2018 in Fan Art &amp;gt; Digital Art &amp;gt; Drawings &amp;gt; Games&quot;data-super-img=&quot;https://images-wixmp-ed30a86b8c4ca887773594c2.wixmp.com/intermediary/f/5d42e814-5059-46f0-a12b-ed5f5263d93a/dctybd4-c8f4d648-70ee-4eea-8c0b-55aca3f3d6b2.png&quot; data-super-width=&quot;700&quot; data-super-height=&quot;900&quot; data-super-transparent=&quot;false&quot; data-super-alt=&quot;Deltarune | Sunset Kiss | Kiss Meme by Atlas-White&quot; data-super-full-img=&quot;https://images-wixmp-ed30a86b8c4ca887773594c2.wixmp.com/intermediary/f/5d42e814-5059-46f0-a12b-ed5f5263d93a/dctybd4-c8f4d648-70ee-4eea-8c0b-55aca3f3d6b2.png&quot; data-super-full-width=&quot;700&quot; data-super-full-height=&quot;900&quot;        data-sigil=&quot;thumb&quot;&gt;
        &lt;i&gt;&lt;/i&gt;&lt;img   width=&quot;117&quot; height=&quot;150&quot; alt=&quot;Deltarune | Sunset Kiss | Kiss Meme by Atlas-White&quot; src=&quot;https://images-wixmp-ed30a86b8c4ca887773594c2.wixmp.com/intermediary/f/5d42e814-5059-46f0-a12b-ed5f5263d93a/dctybd4-c8f4d648-70ee-4eea-8c0b-55aca3f3d6b2.png/v1/fit/w_150,h_150,q_70,strp/deltarune___sunset_kiss___kiss_meme_by_atlas_white_dctybd4-150.jpg&quot; data-src=&quot;https://images-wixmp-ed30a86b8c4ca887773594c2.wixmp.com/intermediary/f/5d42e814-5059-46f0-a12b-ed5f5263d93a/dctybd4-c8f4d648-70ee-4eea-8c0b-55aca3f3d6b2.png/v1/fit/w_150,h_150,q_70,strp/deltarune___sunset_kiss___kiss_meme_by_atlas_white_dctybd4-150.jpg&quot; srcset=&quot;https://images-wixmp-ed30a86b8c4ca887773594c2.wixmp.com/intermediary/f/5d42e814-5059-46f0-a12b-ed5f5263d93a/dctybd4-c8f4d648-70ee-4eea-8c0b-55aca3f3d6b2.png/v1/fit/w_150,h_150,q_70,strp/deltarune___sunset_kiss___kiss_meme_by_atlas_white_dctybd4-150.jpg 117w,https://images-wixmp-ed30a86b8c4ca887773594c2.wixmp.com/intermediary/f/5d42e814-5059-46f0-a12b-ed5f5263d93a/dctybd4-c8f4d648-70ee-4eea-8c0b-55aca3f3d6b2.png/v1/crop/w_194,h_250,x_0,y_0,scl_0.27857142857143,q_70,strp/deltarune___sunset_kiss___kiss_meme_by_atlas_white_dctybd4-250t.jpg 194w,https://images-wixmp-ed30a86b8c4ca887773594c2.wixmp.com/intermediary/f/5d42e814-5059-46f0-a12b-ed5f5263d93a/dctybd4-c8f4d648-70ee-4eea-8c0b-55aca3f3d6b2.png/v1/fill/w_272,h_350,q_70,strp/deltarune___sunset_kiss___kiss_meme_by_atlas_white_dctybd4-350t.jpg 272w,https://images-wixmp-ed30a86b8c4ca887773594c2.wixmp.com/intermediary/f/5d42e814-5059-46f0-a12b-ed5f5263d93a/dctybd4-c8f4d648-70ee-4eea-8c0b-55aca3f3d6b2.png/v1/fill/w_311,h_400,q_70,strp/deltarune___sunset_kiss___kiss_meme_by_atlas_white_dctybd4-400t.jpg 311w,https://images-wixmp-ed30a86b8c4ca887773594c2.wixmp.com/intermediary/f/5d42e814-5059-46f0-a12b-ed5f5263d93a/dctybd4-c8f4d648-70ee-4eea-8c0b-55aca3f3d6b2.png 700w&quot; sizes=&quot;117px&quot;&gt;&lt;/a&gt;&lt;/span&gt;&lt;!-- ^TTT --&gt;&lt;!-- TTT$ --&gt;&lt;/span&gt;&amp;nbsp;&lt;span class=&quot;shadow-holder&quot; data-embed-type=&quot;deviation&quot; data-embed-id=&quot;737081883&quot; data-embed-format=&quot;thumb&quot;&gt;&lt;span class=&quot;shadow mild&quot; &gt;&lt;a class=&quot;thumb&quot; href=&quot;https://www.deviantart.com/atlas-white/art/UF-You-Are-My-Star-CE-737081883&quot; title=&quot;UF - You Are My Star [CE] by Atlas-White, Mar 24, 2018 in Fan Art &amp;gt; Digital Art &amp;gt; Drawings &amp;gt; Games&quot;data-super-img=&quot;https://images-wixmp-ed30a86b8c4ca887773594c2.wixmp.com/intermediary/f/5d42e814-5059-46f0-a12b-ed5f5263d93a/dc6u80r-b7d55a75-aa9d-4053-9e4e-a62645c5b984.png/v1/fill/w_792,h_1009,q_70,strp/uf___you_are_my_star__ce__by_atlas_white_dc6u80r-pre.jpg&quot; data-super-width=&quot;792&quot; data-super-height=&quot;1009&quot; data-super-transparent=&quot;false&quot; data-super-alt=&quot;UF - You Are My Star [CE] by Atlas-White&quot; data-super-full-img=&quot;https://images-wixmp-ed30a86b8c4ca887773594c2.wixmp.com/intermediary/f/5d42e814-5059-46f0-a12b-ed5f5263d93a/dc6u80r-b7d55a75-aa9d-4053-9e4e-a62645c5b984.png&quot; data-super-full-width=&quot;800&quot; data-super-full-height=&quot;1020&quot;        data-sigil=&quot;thumb&quot;&gt;
        &lt;i&gt;&lt;/i&gt;&lt;img   width=&quot;118&quot; height=&quot;150&quot; alt=&quot;UF - You Are My Star [CE] by Atlas-White&quot; src=&quot;https://images-wixmp-ed30a86b8c4ca887773594c2.wixmp.com/intermediary/f/5d42e814-5059-46f0-a12b-ed5f5263d93a/dc6u80r-b7d55a75-aa9d-4053-9e4e-a62645c5b984.png/v1/fit/w_150,h_150,q_70,strp/uf___you_are_my_star__ce__by_atlas_white_dc6u80r-150.jpg&quot; data-src=&quot;https://images-wixmp-ed30a86b8c4ca887773594c2.wixmp.com/intermediary/f/5d42e814-5059-46f0-a12b-ed5f5263d93a/dc6u80r-b7d55a75-aa9d-4053-9e4e-a62645c5b984.png/v1/fit/w_150,h_150,q_70,strp/uf___you_are_my_star__ce__by_atlas_white_dc6u80r-150.jpg&quot; srcset=&quot;https://images-wixmp-ed30a86b8c4ca887773594c2.wixmp.com/intermediary/f/5d42e814-5059-46f0-a12b-ed5f5263d93a/dc6u80r-b7d55a75-aa9d-4053-9e4e-a62645c5b984.png/v1/fit/w_150,h_150,q_70,strp/uf___you_are_my_star__ce__by_atlas_white_dc6u80r-150.jpg 118w,https://images-wixmp-ed30a86b8c4ca887773594c2.wixmp.com/intermediary/f/5d42e814-5059-46f0-a12b-ed5f5263d93a/dc6u80r-b7d55a75-aa9d-4053-9e4e-a62645c5b984.png/v1/fill/w_196,h_250,q_70,strp/uf___you_are_my_star__ce__by_atlas_white_dc6u80r-250t.jpg 196w,https://images-wixmp-ed30a86b8c4ca887773594c2.wixmp.com/intermediary/f/5d42e814-5059-46f0-a12b-ed5f5263d93a/dc6u80r-b7d55a75-aa9d-4053-9e4e-a62645c5b984.png/v1/crop/w_275,h_350,x_0,y_0,scl_0.34375,q_70,strp/uf___you_are_my_star__ce__by_atlas_white_dc6u80r-350t.jpg 275w,https://images-wixmp-ed30a86b8c4ca887773594c2.wixmp.com/intermediary/f/5d42e814-5059-46f0-a12b-ed5f5263d93a/dc6u80r-b7d55a75-aa9d-4053-9e4e-a62645c5b984.png/v1/fill/w_314,h_400,q_70,strp/uf___you_are_my_star__ce__by_atlas_white_dc6u80r-400t.jpg 314w,https://images-wixmp-ed30a86b8c4ca887773594c2.wixmp.com/intermediary/f/5d42e814-5059-46f0-a12b-ed5f5263d93a/dc6u80r-b7d55a75-aa9d-4053-9e4e-a62645c5b984.png/v1/fill/w_792,h_1009,q_70,strp/uf___you_are_my_star__ce__by_atlas_white_dc6u80r-pre.jpg 792w&quot; sizes=&quot;118px&quot;&gt;&lt;/a&gt;&lt;/span&gt;&lt;!-- ^TTT --&gt;&lt;!-- TTT$ --&gt;&lt;/span&gt;&amp;nbsp;&amp;nbsp;&amp;nbsp;&lt;br /&gt;&lt;/div&gt;&lt;br /&gt;&lt;div&gt;&lt;img src=&quot;https://t00.deviantart.net/GliaN8wiRvR5x-kkGUMmJOes4p0=/300x200/filters:fixed_height(100,100):origin()/pre00/e667/th/pre/f/2019/025/e/b/deltarune___gentle_in_the_dark_by_atlas_white-dcy1g0q.png&quot; alt=&quot;thumbnail&quot; /&gt;&lt;/div&gt;</description>            </item>
                    <item>
                <title>.: SwapOut : UT Comic [4-12] :.</title>
                <link>https://zkcats.deviantart.com/art/SwapOut-UT-Comic-4-12-782982996</link>
                <guid isPermaLink="true">https://zkcats.deviantart.com/art/SwapOut-UT-Comic-4-12-782982996</guid>
                <pubDate>Sun, 27 Jan 2019 08:01:18 PST</pubDate>
                        <media:title type="plain">.: SwapOut : UT Comic [4-12] :.</media:title>
        <media:keywords></media:keywords>
                        <media:rating>nonadult</media:rating>
                <media:category label="Games">fanart/cartoons/digital/games</media:category>
        <media:credit role="author" scheme="urn:ebu">ZKCats</media:credit>
        <media:credit role="author" scheme="urn:ebu">https://a.deviantart.net/avatars/z/k/zkcats.png?2</media:credit>
        <media:copyright url="https://zkcats.deviantart.com">Copyright 2019 ZKCats</media:copyright>
            <media:community>
                <media:tags>@ZK_Cats111</media:tags>
            </media:community>            <media:description type="html">&lt;p&gt;&lt;b&gt;[BEGIN]&amp;nbsp;&lt;a href=&quot;https://zkcats111.deviantart.com/art/SwapOut-UT-Comic-BEGIN-617160761&quot;&gt;zkcats111.deviantart.com/art/S&amp;hellip;&lt;/a&gt;&lt;br /&gt;&lt;/b&gt;&lt;b&gt;[PREVIOUS]&amp;nbsp;&lt;a href=&quot;https://www.deviantart.com/zkcats/art/SwapOut-UT-Comic-4-11-780419452&quot;&gt;www.deviantart.com/zkcats/art/&amp;hellip;&lt;/a&gt;&lt;/b&gt;&lt;b&gt;&lt;br /&gt;&lt;/b&gt;&lt;b&gt;[NEXT]&lt;br /&gt;&lt;br /&gt;Chapter 04 - Page 12&lt;/b&gt;&lt;br /&gt;&lt;br /&gt;Reblog from here :&amp;nbsp;&lt;a class=&quot;external&quot; href=&quot;https://www.deviantart.com/users/outgoing?http://cats-artbag.tumblr.com/&quot;&gt;cats-artbag.tumblr.com/&lt;/a&gt;&lt;br /&gt;Russian translation :&amp;nbsp;&lt;a class=&quot;external&quot; href=&quot;https://www.deviantart.com/users/outgoing?https://vk.com/album-150088424_245427807&quot;&gt;vk.com/album-150088424_2454278&amp;hellip;&lt;/a&gt;&lt;br /&gt;Thai translation : &lt;a class=&quot;external&quot; href=&quot;https://www.deviantart.com/users/outgoing?https://www.facebook.com/pg/BoneZoneSans/photos/?tab=album&amp;amp;album_id=326942724397435&quot;&gt;www.facebook.com/pg/BoneZoneSa&amp;hellip;&lt;/a&gt;&lt;br /&gt;Polish translation :&amp;nbsp;&lt;a class=&quot;external&quot; href=&quot;https://www.deviantart.com/users/outgoing?https://nessa-translations.blogspot.sg/2017/10/swapout-rozdzia-i.html&quot;&gt;nessa-translations.blogspot.sg&amp;hellip;&lt;/a&gt;&lt;br /&gt;Spanish translation :&amp;nbsp;&lt;a href=&quot;https://sirdogeredux.deviantart.com/gallery/64576264/SWAPOUT-comic-SPANISH&quot;&gt;sirdogeredux.deviantart.com/ga&amp;hellip;&lt;/a&gt; | &lt;a class=&quot;external&quot; href=&quot;https://www.deviantart.com/users/outgoing?https://www.youtube.com/watch?v=iscZ-Ya_A38&quot;&gt;www.youtube.com/watch?v=iscZ-Y&amp;hellip;&lt;/a&gt;&lt;br /&gt;German translation :&amp;nbsp;&lt;a href=&quot;https://kayuri-prime.deviantart.com/gallery/65012369/SwapOut&quot;&gt;kayuri-prime.deviantart.com/ga&amp;hellip;&lt;/a&gt;&lt;br /&gt;Arabic translation :&amp;nbsp;&lt;a href=&quot;https://www.deviantart.com/oxfordfansubhd/gallery/66874612/SwapOut-Arabic&quot;&gt;www.deviantart.com/oxfordfansu&amp;hellip;&lt;/a&gt;&lt;br /&gt;&lt;br /&gt;-----------------------------------------&lt;br /&gt;&lt;/p&gt;&lt;p&gt;Another page that was fast to line (surprisingly) but I put off the colouring cos work got me super tired both physically and mentally 3_3;; Sorry its a short page! I probably won&#039;t get any faster ;;;&lt;br /&gt;&lt;br /&gt;&lt;br /&gt;&lt;/p&gt;&lt;span&gt;&lt;h1&gt;&lt;b&gt;&lt;a href=&quot;http://fav.me/dcy60lq&quot;&gt;&lt;b&gt;ALSO! WE ARE SELLING KEYCHAINS!&lt;/b&gt;&lt;p&gt;&lt;/p&gt;&lt;p&gt;&lt;b&gt;Check that out and other stuff too!!&lt;br /&gt;&lt;br /&gt;&lt;a href=&quot;https://www.deviantart.com/zkcats/journal/Selling-Keychains-and-Prints-with-my-BFF-782981774&quot;&gt;www.deviantart.com/zkcats/jour&amp;hellip;&lt;/a&gt;&lt;br /&gt;&lt;/b&gt;&lt;/p&gt;&lt;/a&gt;&lt;/b&gt;&lt;/h1&gt;&lt;br /&gt;&lt;b&gt;&lt;br /&gt;Support me with Ko-fi! :&amp;nbsp;&lt;a href=&quot;https://www.deviantart.com/users/outgoing?http://t.umblr.com/redirect?z=https%3A%2F%2Fko-fi.com%2FA0464OF&amp;amp;t=MjI0MjBhZmViMjlmOTkxMjY5YTc1ZWIxNjllODgwYTgzM2U0M2EyYSxnV0l2Tzk1bQ%3D%3D&amp;amp;b=t%3AHCQHWJQB4bz4FD7tvWOe4Q&amp;amp;p=http%3A%2F%2Fcats-artbag.tumblr.com%2Fpost%2F163325134952%2Fswapout-an-undertaleunderswap-fan-comic&amp;amp;m=1&quot;&gt;&lt;a class=&quot;external&quot; href=&quot;https://www.deviantart.com/users/outgoing?https://ko-fi.com/zkcats&quot;&gt;ko-fi.com/zkcats&lt;/a&gt;&lt;/a&gt;&lt;p&gt;&lt;/p&gt;&lt;p&gt;Support me on Patreon! ($1 &amp;amp; 2 tiers!) :&amp;nbsp;&lt;a href=&quot;https://www.deviantart.com/users/outgoing?http://t.umblr.com/redirect?z=https%3A%2F%2Fwww.patreon.com%2Fzkcats&amp;amp;t=ZjAwN2IzMzNmMTE3NDIzMWI3NDhkMTBlMWY4ZjcxNDZhZDZjODY2NyxnV0l2Tzk1bQ%3D%3D&amp;amp;b=t%3AHCQHWJQB4bz4FD7tvWOe4Q&amp;amp;p=http%3A%2F%2Fcats-artbag.tumblr.com%2Fpost%2F163325134952%2Fswapout-an-undertaleunderswap-fan-comic&amp;amp;m=1&quot;&gt;&lt;a class=&quot;external&quot; href=&quot;https://www.deviantart.com/users/outgoing?https://www.patreon.com/zkcats&quot;&gt;www.patreon.com/zkcats&lt;/a&gt;&lt;/a&gt;&lt;b&gt;&lt;br /&gt;&lt;br /&gt;(Updates irregularly on weekends!)&lt;/b&gt;&lt;br /&gt;&lt;br /&gt;Used Adobe Photoshop CS6&lt;br /&gt;Estimated time : WAY TOO LONG&lt;br /&gt;&lt;br /&gt;Underswap (C)&amp;nbsp;&lt;a href=&quot;https://www.deviantart.com/users/outgoing?http://popcornpr1nce.tumblr.com/&quot;&gt;&lt;span class=&quot;username-with-symbol u&quot;&gt;&lt;a class=&quot;u regular username&quot; href=&quot;https://www.deviantart.com/popcornpr1nce&quot;&gt;popcornpr1nce&lt;/a&gt;&lt;span class=&quot;user-symbol regular&quot; data-quicktip-text=&quot;&quot; data-show-tooltip=&quot;&quot; data-gruser-type=&quot;regular&quot;&gt;&lt;/span&gt;&lt;/span&gt;&lt;/a&gt;&amp;nbsp;and&amp;nbsp;&lt;a href=&quot;https://www.deviantart.com/users/outgoing?http://coastrobbo.tumblr.com/&quot;&gt;@coastrobbo&lt;/a&gt;&amp;nbsp;-&amp;nbsp;&lt;a class=&quot;external&quot; href=&quot;https://www.deviantart.com/users/outgoing?http://underswapped.tumblr.com/&quot;&gt;underswapped.tumblr.com/&lt;/a&gt;&lt;br /&gt;Undertale (C) Toby Fox&lt;br /&gt;Art &amp;amp; Concept (C) Me&lt;br /&gt;&lt;br /&gt;&lt;u&gt;&lt;b&gt;DO NOT STEAL AND/OR CLAIM AS YOUR OWN&lt;/b&gt;&lt;/u&gt;&lt;br /&gt;&lt;u&gt;&lt;b&gt;DO NOT REPOST&lt;/b&gt;&lt;/u&gt;&lt;br /&gt;&lt;br /&gt;&lt;b&gt;&lt;small&gt;art thieves are scum and will never be truly loved. do art through your own effort.&lt;br /&gt;&lt;/small&gt;&lt;small&gt;if you see this re-posted/re-coloured by anyone else other than my accounts and claiming it&#039;s theirs, it was stolen. please report.&lt;/small&gt;&lt;/b&gt;&lt;/p&gt;&lt;/b&gt;&lt;/span&gt;</media:description>            <media:thumbnail url="https://t00.deviantart.net/BFWniqsnzMH4p-Qbe7ucS8ZmrD8=/fit-in/150x150/filters:no_upscale():origin()/pre00/d34a/th/pre/f/2019/027/d/f/page_4_12_small_900px_by_zkcats-dcy61jo.png" height="150" width="106"/>            <media:thumbnail url="https://t00.deviantart.net/mclkOi_evYkpx_HwFY7-49kKT5E=/fit-in/300x900/filters:no_upscale():origin()/pre00/d34a/th/pre/f/2019/027/d/f/page_4_12_small_900px_by_zkcats-dcy61jo.png" height="424" width="300"/>            <media:thumbnail url="https://t00.deviantart.net/ljLfDoJnrwHBrZX8BEW8q2PyJzQ=/300x200/filters:fixed_height(100,100):origin()/pre00/d34a/th/pre/f/2019/027/d/f/page_4_12_small_900px_by_zkcats-dcy61jo.png" height="200" width="141"/>            <media:content url="https://pre00.deviantart.net/d34a/th/pre/f/2019/027/d/f/page_4_12_small_900px_by_zkcats-dcy61jo.png" height="1063" width="752" medium="image"/>            
            <description>&lt;p&gt;&lt;b&gt;[BEGIN]&amp;nbsp;&lt;a href=&quot;https://zkcats111.deviantart.com/art/SwapOut-UT-Comic-BEGIN-617160761&quot;&gt;zkcats111.deviantart.com/art/S&amp;hellip;&lt;/a&gt;&lt;br /&gt;&lt;/b&gt;&lt;b&gt;[PREVIOUS]&amp;nbsp;&lt;a href=&quot;https://www.deviantart.com/zkcats/art/SwapOut-UT-Comic-4-11-780419452&quot;&gt;www.deviantart.com/zkcats/art/&amp;hellip;&lt;/a&gt;&lt;/b&gt;&lt;b&gt;&lt;br /&gt;&lt;/b&gt;&lt;b&gt;[NEXT]&lt;br /&gt;&lt;br /&gt;Chapter 04 - Page 12&lt;/b&gt;&lt;br /&gt;&lt;br /&gt;Reblog from here :&amp;nbsp;&lt;a class=&quot;external&quot; href=&quot;https://www.deviantart.com/users/outgoing?http://cats-artbag.tumblr.com/&quot;&gt;cats-artbag.tumblr.com/&lt;/a&gt;&lt;br /&gt;Russian translation :&amp;nbsp;&lt;a class=&quot;external&quot; href=&quot;https://www.deviantart.com/users/outgoing?https://vk.com/album-150088424_245427807&quot;&gt;vk.com/album-150088424_2454278&amp;hellip;&lt;/a&gt;&lt;br /&gt;Thai translation : &lt;a class=&quot;external&quot; href=&quot;https://www.deviantart.com/users/outgoing?https://www.facebook.com/pg/BoneZoneSans/photos/?tab=album&amp;amp;album_id=326942724397435&quot;&gt;www.facebook.com/pg/BoneZoneSa&amp;hellip;&lt;/a&gt;&lt;br /&gt;Polish translation :&amp;nbsp;&lt;a class=&quot;external&quot; href=&quot;https://www.deviantart.com/users/outgoing?https://nessa-translations.blogspot.sg/2017/10/swapout-rozdzia-i.html&quot;&gt;nessa-translations.blogspot.sg&amp;hellip;&lt;/a&gt;&lt;br /&gt;Spanish translation :&amp;nbsp;&lt;a href=&quot;https://sirdogeredux.deviantart.com/gallery/64576264/SWAPOUT-comic-SPANISH&quot;&gt;sirdogeredux.deviantart.com/ga&amp;hellip;&lt;/a&gt; | &lt;a class=&quot;external&quot; href=&quot;https://www.deviantart.com/users/outgoing?https://www.youtube.com/watch?v=iscZ-Ya_A38&quot;&gt;www.youtube.com/watch?v=iscZ-Y&amp;hellip;&lt;/a&gt;&lt;br /&gt;German translation :&amp;nbsp;&lt;a href=&quot;https://kayuri-prime.deviantart.com/gallery/65012369/SwapOut&quot;&gt;kayuri-prime.deviantart.com/ga&amp;hellip;&lt;/a&gt;&lt;br /&gt;Arabic translation :&amp;nbsp;&lt;a href=&quot;https://www.deviantart.com/oxfordfansubhd/gallery/66874612/SwapOut-Arabic&quot;&gt;www.deviantart.com/oxfordfansu&amp;hellip;&lt;/a&gt;&lt;br /&gt;&lt;br /&gt;-----------------------------------------&lt;br /&gt;&lt;/p&gt;&lt;p&gt;Another page that was fast to line (surprisingly) but I put off the colouring cos work got me super tired both physically and mentally 3_3;; Sorry its a short page! I probably won&#039;t get any faster ;;;&lt;br /&gt;&lt;br /&gt;&lt;br /&gt;&lt;/p&gt;&lt;span&gt;&lt;h1&gt;&lt;b&gt;&lt;a href=&quot;http://fav.me/dcy60lq&quot;&gt;&lt;b&gt;ALSO! WE ARE SELLING KEYCHAINS!&lt;/b&gt;&lt;p&gt;&lt;/p&gt;&lt;p&gt;&lt;b&gt;Check that out and other stuff too!!&lt;br /&gt;&lt;br /&gt;&lt;a href=&quot;https://www.deviantart.com/zkcats/journal/Selling-Keychains-and-Prints-with-my-BFF-782981774&quot;&gt;www.deviantart.com/zkcats/jour&amp;hellip;&lt;/a&gt;&lt;br /&gt;&lt;/b&gt;&lt;/p&gt;&lt;/a&gt;&lt;/b&gt;&lt;/h1&gt;&lt;br /&gt;&lt;b&gt;&lt;br /&gt;Support me with Ko-fi! :&amp;nbsp;&lt;a href=&quot;https://www.deviantart.com/users/outgoing?http://t.umblr.com/redirect?z=https%3A%2F%2Fko-fi.com%2FA0464OF&amp;amp;t=MjI0MjBhZmViMjlmOTkxMjY5YTc1ZWIxNjllODgwYTgzM2U0M2EyYSxnV0l2Tzk1bQ%3D%3D&amp;amp;b=t%3AHCQHWJQB4bz4FD7tvWOe4Q&amp;amp;p=http%3A%2F%2Fcats-artbag.tumblr.com%2Fpost%2F163325134952%2Fswapout-an-undertaleunderswap-fan-comic&amp;amp;m=1&quot;&gt;&lt;a class=&quot;external&quot; href=&quot;https://www.deviantart.com/users/outgoing?https://ko-fi.com/zkcats&quot;&gt;ko-fi.com/zkcats&lt;/a&gt;&lt;/a&gt;&lt;p&gt;&lt;/p&gt;&lt;p&gt;Support me on Patreon! ($1 &amp;amp; 2 tiers!) :&amp;nbsp;&lt;a href=&quot;https://www.deviantart.com/users/outgoing?http://t.umblr.com/redirect?z=https%3A%2F%2Fwww.patreon.com%2Fzkcats&amp;amp;t=ZjAwN2IzMzNmMTE3NDIzMWI3NDhkMTBlMWY4ZjcxNDZhZDZjODY2NyxnV0l2Tzk1bQ%3D%3D&amp;amp;b=t%3AHCQHWJQB4bz4FD7tvWOe4Q&amp;amp;p=http%3A%2F%2Fcats-artbag.tumblr.com%2Fpost%2F163325134952%2Fswapout-an-undertaleunderswap-fan-comic&amp;amp;m=1&quot;&gt;&lt;a class=&quot;external&quot; href=&quot;https://www.deviantart.com/users/outgoing?https://www.patreon.com/zkcats&quot;&gt;www.patreon.com/zkcats&lt;/a&gt;&lt;/a&gt;&lt;b&gt;&lt;br /&gt;&lt;br /&gt;(Updates irregularly on weekends!)&lt;/b&gt;&lt;br /&gt;&lt;br /&gt;Used Adobe Photoshop CS6&lt;br /&gt;Estimated time : WAY TOO LONG&lt;br /&gt;&lt;br /&gt;Underswap (C)&amp;nbsp;&lt;a href=&quot;https://www.deviantart.com/users/outgoing?http://popcornpr1nce.tumblr.com/&quot;&gt;&lt;span class=&quot;username-with-symbol u&quot;&gt;&lt;a class=&quot;u regular username&quot; href=&quot;https://www.deviantart.com/popcornpr1nce&quot;&gt;popcornpr1nce&lt;/a&gt;&lt;span class=&quot;user-symbol regular&quot; data-quicktip-text=&quot;&quot; data-show-tooltip=&quot;&quot; data-gruser-type=&quot;regular&quot;&gt;&lt;/span&gt;&lt;/span&gt;&lt;/a&gt;&amp;nbsp;and&amp;nbsp;&lt;a href=&quot;https://www.deviantart.com/users/outgoing?http://coastrobbo.tumblr.com/&quot;&gt;@coastrobbo&lt;/a&gt;&amp;nbsp;-&amp;nbsp;&lt;a class=&quot;external&quot; href=&quot;https://www.deviantart.com/users/outgoing?http://underswapped.tumblr.com/&quot;&gt;underswapped.tumblr.com/&lt;/a&gt;&lt;br /&gt;Undertale (C) Toby Fox&lt;br /&gt;Art &amp;amp; Concept (C) Me&lt;br /&gt;&lt;br /&gt;&lt;u&gt;&lt;b&gt;DO NOT STEAL AND/OR CLAIM AS YOUR OWN&lt;/b&gt;&lt;/u&gt;&lt;br /&gt;&lt;u&gt;&lt;b&gt;DO NOT REPOST&lt;/b&gt;&lt;/u&gt;&lt;br /&gt;&lt;br /&gt;&lt;b&gt;&lt;small&gt;art thieves are scum and will never be truly loved. do art through your own effort.&lt;br /&gt;&lt;/small&gt;&lt;small&gt;if you see this re-posted/re-coloured by anyone else other than my accounts and claiming it&#039;s theirs, it was stolen. please report.&lt;/small&gt;&lt;/b&gt;&lt;/p&gt;&lt;/b&gt;&lt;/span&gt;&lt;br /&gt;&lt;div&gt;&lt;img src=&quot;https://t00.deviantart.net/ljLfDoJnrwHBrZX8BEW8q2PyJzQ=/300x200/filters:fixed_height(100,100):origin()/pre00/d34a/th/pre/f/2019/027/d/f/page_4_12_small_900px_by_zkcats-dcy61jo.png&quot; alt=&quot;thumbnail&quot; /&gt;&lt;/div&gt;</description>            </item>
                    <item>
                <title>Written On The Scars Of Our Hearts</title>
                <link>https://zeragii.deviantart.com/art/Written-On-The-Scars-Of-Our-Hearts-782893744</link>
                <guid isPermaLink="true">https://zeragii.deviantart.com/art/Written-On-The-Scars-Of-Our-Hearts-782893744</guid>
                <pubDate>Sat, 26 Jan 2019 16:24:19 PST</pubDate>
                        <media:title type="plain">Written On The Scars Of Our Hearts</media:title>
        <media:keywords></media:keywords>
                        <media:rating>nonadult</media:rating>
                <media:category label="Storybook">digitalart/paintings/illustrations/storybook</media:category>
        <media:credit role="author" scheme="urn:ebu">Zeragii</media:credit>
        <media:credit role="author" scheme="urn:ebu">https://a.deviantart.net/avatars/z/e/zeragii.png?4</media:credit>
        <media:copyright url="https://zeragii.deviantart.com">Copyright 2019 Zeragii</media:copyright>            <media:description type="html">A writer named JerseyBittons on AO3 contacted me about illustrating one of her Undertale fanfictions. I...rarely read Sans/Reader stories, they&#039;re typically not my thing, but I&#039;ve been reading hers and it&#039;s actually pretty good. Basis of the story so far (because the story&#039;s still really new) is that a young girl running away from her life on the Surface accidentally hits Sans with her car. Instead of leaving him to die, like many people might have, she endeavors to save his life by finding his family, thus being introduced to all of our much beloved characters. JerseyBittons warned me that this story may contain some more mature content later on, so fair warning, and it does have some swearing. So, just a heads up.&lt;br /&gt;&lt;br /&gt;STORY-----------&amp;gt;&amp;nbsp;&lt;a class=&quot;external&quot; href=&quot;https://www.deviantart.com/users/outgoing?https://archiveofourown.org/works/17491196/chapters/41197469&quot;&gt;archiveofourown.org/works/1749&amp;hellip;&lt;/a&gt;</media:description>            <media:thumbnail url="https://t00.deviantart.net/e0zZJPAr28vEFsFrjxaOmC3Fky0=/fit-in/150x150/filters:no_upscale():origin()/pre00/35ce/th/pre/i/2019/026/1/a/written_on_the_scars_of_our_hearts_by_zeragii-dcy44og.png" height="123" width="150"/>            <media:thumbnail url="https://t00.deviantart.net/RD_UO5Xz90YeDEZMUwxBgtztCEk=/fit-in/300x900/filters:no_upscale():origin()/pre00/35ce/th/pre/i/2019/026/1/a/written_on_the_scars_of_our_hearts_by_zeragii-dcy44og.png" height="246" width="300"/>            <media:thumbnail url="https://t00.deviantart.net/jrCZvR8oPz-I59nd90u2b-hCrBU=/300x200/filters:fixed_height(100,100):origin()/pre00/35ce/th/pre/i/2019/026/1/a/written_on_the_scars_of_our_hearts_by_zeragii-dcy44og.png" height="200" width="244"/>            <media:content url="https://pre00.deviantart.net/35ce/th/pre/i/2019/026/1/a/written_on_the_scars_of_our_hearts_by_zeragii-dcy44og.png" height="810" width="987" medium="image"/>            
            <description>A writer named JerseyBittons on AO3 contacted me about illustrating one of her Undertale fanfictions. I...rarely read Sans/Reader stories, they&#039;re typically not my thing, but I&#039;ve been reading hers and it&#039;s actually pretty good. Basis of the story so far (because the story&#039;s still really new) is that a young girl running away from her life on the Surface accidentally hits Sans with her car. Instead of leaving him to die, like many people might have, she endeavors to save his life by finding his family, thus being introduced to all of our much beloved characters. JerseyBittons warned me that this story may contain some more mature content later on, so fair warning, and it does have some swearing. So, just a heads up.&lt;br /&gt;&lt;br /&gt;STORY-----------&amp;gt;&amp;nbsp;&lt;a class=&quot;external&quot; href=&quot;https://www.deviantart.com/users/outgoing?https://archiveofourown.org/works/17491196/chapters/41197469&quot;&gt;archiveofourown.org/works/1749&amp;hellip;&lt;/a&gt;&lt;br /&gt;&lt;div&gt;&lt;img src=&quot;https://t00.deviantart.net/jrCZvR8oPz-I59nd90u2b-hCrBU=/300x200/filters:fixed_height(100,100):origin()/pre00/35ce/th/pre/i/2019/026/1/a/written_on_the_scars_of_our_hearts_by_zeragii-dcy44og.png&quot; alt=&quot;thumbnail&quot; /&gt;&lt;/div&gt;</description>            </item>
                    <item>
                <title>Ralsei (again)</title>
                <link>https://isabellagraces.deviantart.com/art/Ralsei-again-782844052</link>
                <guid isPermaLink="true">https://isabellagraces.deviantart.com/art/Ralsei-again-782844052</guid>
                <pubDate>Sat, 26 Jan 2019 10:09:15 PST</pubDate>
                        <media:title type="plain">Ralsei (again)</media:title>
        <media:keywords></media:keywords>
                        <media:rating>nonadult</media:rating>
                <media:category label="Games">fanart/traditional/drawings/games</media:category>
        <media:credit role="author" scheme="urn:ebu">IsabellaGraceS</media:credit>
        <media:credit role="author" scheme="urn:ebu">https://a.deviantart.net/avatars/i/s/isabellagraces.gif?8</media:credit>
        <media:copyright url="https://isabellagraces.deviantart.com">Copyright 2019 IsabellaGraceS</media:copyright>            <media:description type="html">Hi why do I keep drawing Ralsei??&lt;br /&gt;&lt;br /&gt;Cuz they&amp;#8217;re easy to draw and I was stuck in a public place for awhile with no phone or somethin so I finished the sketch and Lineart to this photo there and finished coloring it in under ten minutes this morning. &lt;br /&gt;Fun</media:description>            <media:thumbnail url="https://t00.deviantart.net/5_DWjOAHEixImEE7jDIYjVpxQ5o=/fit-in/150x150/filters:no_upscale():origin()/pre00/f26e/th/pre/f/2019/026/3/f/ralsei__again__by_isabellagraces-dcy32c4.jpg" height="150" width="94"/>            <media:thumbnail url="https://t00.deviantart.net/ZE8GYDgu04O0mE6cQx3cownVgtA=/fit-in/300x900/filters:no_upscale():origin()/pre00/f26e/th/pre/f/2019/026/3/f/ralsei__again__by_isabellagraces-dcy32c4.jpg" height="476" width="300"/>            <media:thumbnail url="https://t00.deviantart.net/fjHtUF2-5_O-LYX1OA2kwsN0XZc=/300x200/filters:fixed_height(100,100):origin()/pre00/f26e/th/pre/f/2019/026/3/f/ralsei__again__by_isabellagraces-dcy32c4.jpg" height="200" width="126"/>            <media:content url="https://pre00.deviantart.net/f26e/th/pre/f/2019/026/3/f/ralsei__again__by_isabellagraces-dcy32c4.jpg" height="1127" width="709" medium="image"/>            
            <description>Hi why do I keep drawing Ralsei??&lt;br /&gt;&lt;br /&gt;Cuz they&amp;#8217;re easy to draw and I was stuck in a public place for awhile with no phone or somethin so I finished the sketch and Lineart to this photo there and finished coloring it in under ten minutes this morning. &lt;br /&gt;Fun&lt;br /&gt;&lt;div&gt;&lt;img src=&quot;https://t00.deviantart.net/fjHtUF2-5_O-LYX1OA2kwsN0XZc=/300x200/filters:fixed_height(100,100):origin()/pre00/f26e/th/pre/f/2019/026/3/f/ralsei__again__by_isabellagraces-dcy32c4.jpg&quot; alt=&quot;thumbnail&quot; /&gt;&lt;/div&gt;</description>            </item>
                    <item>
                <title>One soul,Two minds</title>
                <link>https://xshiimmd.deviantart.com/art/One-soul-Two-minds-782852754</link>
                <guid isPermaLink="true">https://xshiimmd.deviantart.com/art/One-soul-Two-minds-782852754</guid>
                <pubDate>Sat, 26 Jan 2019 11:17:16 PST</pubDate>
                        <media:title type="plain">One soul,Two minds</media:title>
        <media:keywords></media:keywords>
                        <media:rating>nonadult</media:rating>
                <media:category label="3D">manga/digital/3d</media:category>
        <media:credit role="author" scheme="urn:ebu">XshiiMMD</media:credit>
        <media:credit role="author" scheme="urn:ebu">https://a.deviantart.net/avatars/x/s/xshiimmd.png?4</media:credit>
        <media:copyright url="https://xshiimmd.deviantart.com">Copyright 2019 XshiiMMD</media:copyright>            <media:description type="html">&lt;div align=&quot;center&quot;&gt;&lt;b&gt;&lt;u&gt;&amp;nbsp;&lt;a href=&quot;https://www.deviantart.com/kittenthekrappyartis/art/random-gif-665709374&quot; class=&quot;emoticon&quot; data-embed-type=&quot;emoticon&quot; data-embed-id=&quot;665709374&quot; data-embed-profile=&quot;deviation&quot;&gt;&lt;img src=&quot;https://orig00.deviantart.net/44d9/f/2017/056/b/b/1kc1x4_by_kittenthekrappyartis-db0cgn2.gif&quot; alt=&quot;random gif&quot; style=&quot;width:43px;height:40px&quot;&gt;&lt;/a&gt;&amp;nbsp;&amp;nbsp; &amp;nbsp; Please critique my work! It helps me improve!&lt;a href=&quot;https://www.deviantart.com/kittenthekrappyartis/art/random-gif-665709374&quot; class=&quot;emoticon&quot; data-embed-type=&quot;emoticon&quot; data-embed-id=&quot;665709374&quot; data-embed-profile=&quot;deviation&quot;&gt;&lt;img src=&quot;https://orig00.deviantart.net/44d9/f/2017/056/b/b/1kc1x4_by_kittenthekrappyartis-db0cgn2.gif&quot; alt=&quot;random gif&quot; style=&quot;width:43px;height:40px&quot;&gt;&lt;/a&gt;&amp;nbsp;&amp;nbsp;&amp;nbsp; &amp;nbsp;&lt;/u&gt;&lt;/b&gt;&lt;/div&gt;&lt;hr/&gt;&lt;div align=&quot;center&quot;&gt;Fruck and car&lt;/div&gt;&lt;div align=&quot;center&quot;&gt;&lt;div align=&quot;center&quot;&gt;&lt;b&gt;&lt;br /&gt;Credits:&lt;/b&gt;&lt;br /&gt;Frisk,Chara,Knife,Soul:&lt;span&gt;&amp;nbsp;&lt;/span&gt;&lt;a href=&quot;https://www.deviantart.com/magicalpouchofmagic&quot;&gt;MagicalPouchOfMagic&lt;/a&gt;&lt;br /&gt;Stick:&lt;a href=&quot;https://www.deviantart.com/kaedex503&quot;&gt;KaedeX503&lt;/a&gt;&lt;br /&gt;Effects:&amp;nbsp;ik overray abssao ,hgsao,svssao, , post analog tv, , Colour&amp;nbsp;shift&amp;nbsp;&lt;/div&gt;&lt;/div&gt;</media:description>            <media:thumbnail url="https://t00.deviantart.net/NXYwlH7HkxsxoTH6f2V79mcys1A=/fit-in/150x150/filters:no_upscale():origin()/pre00/291c/th/pre/i/2019/026/e/d/one_soul_two_minds_by_xshiimmd-dcy391u.png" height="84" width="150"/>            <media:thumbnail url="https://t00.deviantart.net/x6ft2JMcnE6Sb8dhKG6e6Ae7l2Q=/fit-in/300x900/filters:no_upscale():origin()/pre00/291c/th/pre/i/2019/026/e/d/one_soul_two_minds_by_xshiimmd-dcy391u.png" height="169" width="300"/>            <media:thumbnail url="https://t00.deviantart.net/EDG6K7UUb4vqYgVu__0X_hByBZw=/300x200/filters:fixed_height(100,100):origin()/pre00/291c/th/pre/i/2019/026/e/d/one_soul_two_minds_by_xshiimmd-dcy391u.png" height="169" width="300"/>            <media:content url="https://pre00.deviantart.net/291c/th/pre/i/2019/026/e/d/one_soul_two_minds_by_xshiimmd-dcy391u.png" height="670" width="1192" medium="image"/>            
            <description>&lt;div align=&quot;center&quot;&gt;&lt;b&gt;&lt;u&gt;&amp;nbsp;&lt;a href=&quot;https://www.deviantart.com/kittenthekrappyartis/art/random-gif-665709374&quot; class=&quot;emoticon&quot; data-embed-type=&quot;emoticon&quot; data-embed-id=&quot;665709374&quot; data-embed-profile=&quot;deviation&quot;&gt;&lt;img src=&quot;https://orig00.deviantart.net/44d9/f/2017/056/b/b/1kc1x4_by_kittenthekrappyartis-db0cgn2.gif&quot; alt=&quot;random gif&quot; style=&quot;width:43px;height:40px&quot;&gt;&lt;/a&gt;&amp;nbsp;&amp;nbsp; &amp;nbsp; Please critique my work! It helps me improve!&lt;a href=&quot;https://www.deviantart.com/kittenthekrappyartis/art/random-gif-665709374&quot; class=&quot;emoticon&quot; data-embed-type=&quot;emoticon&quot; data-embed-id=&quot;665709374&quot; data-embed-profile=&quot;deviation&quot;&gt;&lt;img src=&quot;https://orig00.deviantart.net/44d9/f/2017/056/b/b/1kc1x4_by_kittenthekrappyartis-db0cgn2.gif&quot; alt=&quot;random gif&quot; style=&quot;width:43px;height:40px&quot;&gt;&lt;/a&gt;&amp;nbsp;&amp;nbsp;&amp;nbsp; &amp;nbsp;&lt;/u&gt;&lt;/b&gt;&lt;/div&gt;&lt;hr/&gt;&lt;div align=&quot;center&quot;&gt;Fruck and car&lt;/div&gt;&lt;div align=&quot;center&quot;&gt;&lt;div align=&quot;center&quot;&gt;&lt;b&gt;&lt;br /&gt;Credits:&lt;/b&gt;&lt;br /&gt;Frisk,Chara,Knife,Soul:&lt;span&gt;&amp;nbsp;&lt;/span&gt;&lt;a href=&quot;https://www.deviantart.com/magicalpouchofmagic&quot;&gt;MagicalPouchOfMagic&lt;/a&gt;&lt;br /&gt;Stick:&lt;a href=&quot;https://www.deviantart.com/kaedex503&quot;&gt;KaedeX503&lt;/a&gt;&lt;br /&gt;Effects:&amp;nbsp;ik overray abssao ,hgsao,svssao, , post analog tv, , Colour&amp;nbsp;shift&amp;nbsp;&lt;/div&gt;&lt;/div&gt;&lt;br /&gt;&lt;div&gt;&lt;img src=&quot;https://t00.deviantart.net/EDG6K7UUb4vqYgVu__0X_hByBZw=/300x200/filters:fixed_height(100,100):origin()/pre00/291c/th/pre/i/2019/026/e/d/one_soul_two_minds_by_xshiimmd-dcy391u.png&quot; alt=&quot;thumbnail&quot; /&gt;&lt;/div&gt;</description>            </item>
                    <item>
                <title>yeah man</title>
                <link>https://justcitty101.deviantart.com/art/yeah-man-782925521</link>
                <guid isPermaLink="true">https://justcitty101.deviantart.com/art/yeah-man-782925521</guid>
                <pubDate>Sat, 26 Jan 2019 20:43:16 PST</pubDate>
                        <media:title type="plain">yeah man</media:title>
        <media:keywords></media:keywords>
                        <media:rating>nonadult</media:rating>
                <media:category label="Games">fanart/digital/drawings/games</media:category>
        <media:credit role="author" scheme="urn:ebu">JustCitty101</media:credit>
        <media:credit role="author" scheme="urn:ebu">https://a.deviantart.net/avatars/j/u/justcitty101.png?3</media:credit>
        <media:copyright url="https://justcitty101.deviantart.com">Copyright 2019 JustCitty101</media:copyright>            <media:description type="html">Look at this Good Boy. Laughing at jokes trashing his dad dgfgh--&lt;br /&gt;&lt;br /&gt;&lt;br /&gt;You&#039;d know what I&#039;m talking about if you &amp;#128064; follow my ask blog. There is a link to it in my donations tab asdfg</media:description>            <media:thumbnail url="https://t00.deviantart.net/oc4A58Q10fEVlHDN_zmCzqvhASc=/fit-in/150x150/filters:no_upscale():origin()/pre00/b71a/th/pre/i/2019/026/2/a/yeah_man_by_justcitty101-dcy4t75.png" height="129" width="150"/>            <media:thumbnail url="https://t00.deviantart.net/gM46cv-ulOXf4sOhPKkkrxqT8GU=/fit-in/300x900/filters:no_upscale():origin()/pre00/b71a/th/pre/i/2019/026/2/a/yeah_man_by_justcitty101-dcy4t75.png" height="258" width="300"/>            <media:thumbnail url="https://t00.deviantart.net/eEPrU91pCMSxil_XiBlLDYEMAAc=/300x200/filters:fixed_height(100,100):origin()/pre00/b71a/th/pre/i/2019/026/2/a/yeah_man_by_justcitty101-dcy4t75.png" height="200" width="232"/>            <media:content url="https://pre00.deviantart.net/b71a/th/pre/i/2019/026/2/a/yeah_man_by_justcitty101-dcy4t75.png" height="829" width="964" medium="image"/>            
            <description>Look at this Good Boy. Laughing at jokes trashing his dad dgfgh--&lt;br /&gt;&lt;br /&gt;&lt;br /&gt;You&#039;d know what I&#039;m talking about if you &amp;#128064; follow my ask blog. There is a link to it in my donations tab asdfg&lt;br /&gt;&lt;div&gt;&lt;img src=&quot;https://t00.deviantart.net/eEPrU91pCMSxil_XiBlLDYEMAAc=/300x200/filters:fixed_height(100,100):origin()/pre00/b71a/th/pre/i/2019/026/2/a/yeah_man_by_justcitty101-dcy4t75.png&quot; alt=&quot;thumbnail&quot; /&gt;&lt;/div&gt;</description>            </item>
                    <item>
                <title>Betty vs Mettaton NEO</title>
                <link>https://lady-freya.deviantart.com/art/Betty-vs-Mettaton-NEO-782912859</link>
                <guid isPermaLink="true">https://lady-freya.deviantart.com/art/Betty-vs-Mettaton-NEO-782912859</guid>
                <pubDate>Sat, 26 Jan 2019 18:54:51 PST</pubDate>
                        <media:title type="plain">Betty vs Mettaton NEO</media:title>
        <media:keywords></media:keywords>
                        <media:rating>nonadult</media:rating>
                <media:category label="Games">fanart/digital/drawings/games</media:category>
        <media:credit role="author" scheme="urn:ebu">lady-freya</media:credit>
        <media:credit role="author" scheme="urn:ebu">https://a.deviantart.net/avatars/l/a/lady-freya.gif?4</media:credit>
        <media:copyright url="https://lady-freya.deviantart.com">Copyright 2019 lady-freya</media:copyright>            <media:description type="html">&lt;div&gt;Glitchtale fanart from the new episode &lt;img src=&quot;https://e.deviantart.net/emoticons/b/bucktooth.gif&quot; width=&quot;15&quot; height=&quot;15&quot; alt=&quot;:B&quot; data-embed-type=&quot;emoticon&quot; data-embed-id=&quot;570&quot; title=&quot;Bucktooth&quot;/&gt;&lt;/div&gt;&lt;div&gt;&lt;br /&gt;&lt;/div&gt;&lt;div&gt;Glitchtale belongs to &lt;a target=&quot;_self&quot; href=&quot;https://www.deviantart.com/camilaanims&quot; &gt;&lt;img class=&quot;avatar&quot; width=&quot;50&quot; height=&quot;50&quot; src=&quot;https://a.deviantart.net/avatars/c/a/camilaanims.png?3&quot; alt=&quot;:iconcamilaanims:&quot; title=&quot;CamilaAnims&quot; /&gt;&lt;/a&gt;&lt;br /&gt;&lt;/div&gt;</media:description>            <media:thumbnail url="https://t00.deviantart.net/28A0v_5wGayBeoyED6FCdpfkDUM=/fit-in/150x150/filters:no_upscale():origin()/pre00/de6e/th/pre/f/2019/026/9/3/20190126_132134_by_lady_freya-dcy4jff.png" height="150" width="111"/>            <media:thumbnail url="https://t00.deviantart.net/O0Klqccigy2iDGWulm2kwR-AcM0=/fit-in/300x900/filters:no_upscale():origin()/pre00/de6e/th/pre/f/2019/026/9/3/20190126_132134_by_lady_freya-dcy4jff.png" height="404" width="300"/>            <media:thumbnail url="https://t00.deviantart.net/KSybPKTeFSFRfAR9QNF4N8dSVU4=/300x200/filters:fixed_height(100,100):origin()/pre00/de6e/th/pre/f/2019/026/9/3/20190126_132134_by_lady_freya-dcy4jff.png" height="200" width="148"/>            <media:content url="https://pre00.deviantart.net/de6e/th/pre/f/2019/026/9/3/20190126_132134_by_lady_freya-dcy4jff.png" height="1038" width="770" medium="image"/>            
            <description>&lt;div&gt;Glitchtale fanart from the new episode &lt;img src=&quot;https://e.deviantart.net/emoticons/b/bucktooth.gif&quot; width=&quot;15&quot; height=&quot;15&quot; alt=&quot;:B&quot; data-embed-type=&quot;emoticon&quot; data-embed-id=&quot;570&quot; title=&quot;Bucktooth&quot;/&gt;&lt;/div&gt;&lt;div&gt;&lt;br /&gt;&lt;/div&gt;&lt;div&gt;Glitchtale belongs to &lt;a target=&quot;_self&quot; href=&quot;https://www.deviantart.com/camilaanims&quot; &gt;&lt;img class=&quot;avatar&quot; width=&quot;50&quot; height=&quot;50&quot; src=&quot;https://a.deviantart.net/avatars/c/a/camilaanims.png?3&quot; alt=&quot;:iconcamilaanims:&quot; title=&quot;CamilaAnims&quot; /&gt;&lt;/a&gt;&lt;br /&gt;&lt;/div&gt;&lt;br /&gt;&lt;div&gt;&lt;img src=&quot;https://t00.deviantart.net/KSybPKTeFSFRfAR9QNF4N8dSVU4=/300x200/filters:fixed_height(100,100):origin()/pre00/de6e/th/pre/f/2019/026/9/3/20190126_132134_by_lady_freya-dcy4jff.png&quot; alt=&quot;thumbnail&quot; /&gt;&lt;/div&gt;</description>            </item>
                    <item>
                <title>.:Art Trade:. Amanda</title>
                <link>https://isabellagraces.deviantart.com/art/Art-Trade-Amanda-782861570</link>
                <guid isPermaLink="true">https://isabellagraces.deviantart.com/art/Art-Trade-Amanda-782861570</guid>
                <pubDate>Sat, 26 Jan 2019 12:18:16 PST</pubDate>
                        <media:title type="plain">.:Art Trade:. Amanda</media:title>
        <media:keywords></media:keywords>
                        <media:rating>nonadult</media:rating>
                <media:category label="Fantasy">traditional/drawings/fantasy</media:category>
        <media:credit role="author" scheme="urn:ebu">IsabellaGraceS</media:credit>
        <media:credit role="author" scheme="urn:ebu">https://a.deviantart.net/avatars/i/s/isabellagraces.gif?8</media:credit>
        <media:copyright url="https://isabellagraces.deviantart.com">Copyright 2019 IsabellaGraceS</media:copyright>            <media:description type="html">My half of an art trade with &lt;span class=&quot;username-with-symbol u&quot;&gt;&lt;a class=&quot;u beta username&quot; href=&quot;https://www.deviantart.com/xxwall-flowerxx&quot;&gt;XxWall-FlowerxX&lt;/a&gt;&lt;span class=&quot;user-symbol beta&quot; data-quicktip-text=&quot;Beta Tester&quot; data-show-tooltip=&quot;1&quot; data-gruser-type=&quot;beta&quot;&gt;&lt;/span&gt;&lt;/span&gt; !&lt;br /&gt;&lt;br /&gt;Hope you like it :&amp;gt;</media:description>            <media:thumbnail url="https://t00.deviantart.net/XWQUeB4Z3ydNS9gk_tmqnVQbP0k=/fit-in/150x150/filters:no_upscale():origin()/pre00/81a6/th/pre/i/2019/026/1/1/__art_trade___amanda_by_isabellagraces-dcy3fuq.png" height="150" width="109"/>            <media:thumbnail url="https://t00.deviantart.net/NgLYuzKdMPcM0XyK60fj7_iNDcg=/fit-in/300x900/filters:no_upscale():origin()/pre00/81a6/th/pre/i/2019/026/1/1/__art_trade___amanda_by_isabellagraces-dcy3fuq.png" height="412" width="300"/>            <media:thumbnail url="https://t00.deviantart.net/myy0SiXebSB33epZP3Em7XOu6Dw=/300x200/filters:fixed_height(100,100):origin()/pre00/81a6/th/pre/i/2019/026/1/1/__art_trade___amanda_by_isabellagraces-dcy3fuq.png" height="200" width="146"/>            <media:content url="https://pre00.deviantart.net/81a6/th/pre/i/2019/026/1/1/__art_trade___amanda_by_isabellagraces-dcy3fuq.png" height="1048" width="762" medium="image"/>            
            <description>My half of an art trade with &lt;span class=&quot;username-with-symbol u&quot;&gt;&lt;a class=&quot;u beta username&quot; href=&quot;https://www.deviantart.com/xxwall-flowerxx&quot;&gt;XxWall-FlowerxX&lt;/a&gt;&lt;span class=&quot;user-symbol beta&quot; data-quicktip-text=&quot;Beta Tester&quot; data-show-tooltip=&quot;1&quot; data-gruser-type=&quot;beta&quot;&gt;&lt;/span&gt;&lt;/span&gt; !&lt;br /&gt;&lt;br /&gt;Hope you like it :&amp;gt;&lt;br /&gt;&lt;div&gt;&lt;img src=&quot;https://t00.deviantart.net/myy0SiXebSB33epZP3Em7XOu6Dw=/300x200/filters:fixed_height(100,100):origin()/pre00/81a6/th/pre/i/2019/026/1/1/__art_trade___amanda_by_isabellagraces-dcy3fuq.png&quot; alt=&quot;thumbnail&quot; /&gt;&lt;/div&gt;</description>            </item>
                    <item>
                <title>Fatal </title>
                <link>https://dogycatswell.deviantart.com/art/Fatal-782872038</link>
                <guid isPermaLink="true">https://dogycatswell.deviantart.com/art/Fatal-782872038</guid>
                <pubDate>Sat, 26 Jan 2019 13:35:03 PST</pubDate>
                        <media:title type="plain">Fatal </media:title>
        <media:keywords></media:keywords>
                        <media:rating>nonadult</media:rating>
                <media:category label="Games">fanart/traditional/drawings/games</media:category>
        <media:credit role="author" scheme="urn:ebu">dogycatswell</media:credit>
        <media:credit role="author" scheme="urn:ebu">https://a.deviantart.net/avatars/d/o/dogycatswell.jpg?8</media:credit>
        <media:copyright url="https://dogycatswell.deviantart.com">Copyright 2019 dogycatswell</media:copyright>            <media:description type="html">The new Glitchtale got me pumped, I s wanted to draw Betty. She&#039;s creepy man =w= Some should do this digitally, I bet it would look waaaaay better. &lt;br /&gt;&lt;br /&gt;Glitchtale belongs to &lt;span class=&quot;username-with-symbol u&quot;&gt;&lt;a class=&quot;u premium username&quot; href=&quot;https://www.deviantart.com/camilaanims&quot;&gt;CamilaAnims&lt;/a&gt;&lt;span class=&quot;user-symbol premium&quot; data-quicktip-text=&quot;Core Member&quot; data-show-tooltip=&quot;1&quot; data-gruser-type=&quot;premium&quot;&gt;&lt;/span&gt;&lt;/span&gt;</media:description>            <media:thumbnail url="https://t00.deviantart.net/Ooawmq2x_UpRIBj2fi6RwIFJgyI=/fit-in/150x150/filters:no_upscale():origin()/pre00/73d5/th/pre/i/2019/026/b/2/fatal__by_dogycatswell-dcy3nxi.jpg" height="150" width="113"/>            <media:thumbnail url="https://t00.deviantart.net/wpvjTcAam3k_iyRMYJdK7P4J-Yw=/fit-in/300x900/filters:no_upscale():origin()/pre00/73d5/th/pre/i/2019/026/b/2/fatal__by_dogycatswell-dcy3nxi.jpg" height="400" width="300"/>            <media:thumbnail url="https://t00.deviantart.net/RX7EsuNvH_9VtcSWWbb3HghW704=/300x200/filters:fixed_height(100,100):origin()/pre00/73d5/th/pre/i/2019/026/b/2/fatal__by_dogycatswell-dcy3nxi.jpg" height="200" width="150"/>            <media:content url="https://img00.deviantart.net/c124/i/2019/026/b/2/fatal__by_dogycatswell-dcy3nxi.jpg" height="800" width="600" medium="image"/>            
            <description>The new Glitchtale got me pumped, I s wanted to draw Betty. She&#039;s creepy man =w= Some should do this digitally, I bet it would look waaaaay better. &lt;br /&gt;&lt;br /&gt;Glitchtale belongs to &lt;span class=&quot;username-with-symbol u&quot;&gt;&lt;a class=&quot;u premium username&quot; href=&quot;https://www.deviantart.com/camilaanims&quot;&gt;CamilaAnims&lt;/a&gt;&lt;span class=&quot;user-symbol premium&quot; data-quicktip-text=&quot;Core Member&quot; data-show-tooltip=&quot;1&quot; data-gruser-type=&quot;premium&quot;&gt;&lt;/span&gt;&lt;/span&gt;&lt;br /&gt;&lt;div&gt;&lt;img src=&quot;https://t00.deviantart.net/RX7EsuNvH_9VtcSWWbb3HghW704=/300x200/filters:fixed_height(100,100):origin()/pre00/73d5/th/pre/i/2019/026/b/2/fatal__by_dogycatswell-dcy3nxi.jpg&quot; alt=&quot;thumbnail&quot; /&gt;&lt;/div&gt;</description>            </item>
                    <item>
                <title>goatkid</title>
                <link>https://tsungoatboi.deviantart.com/art/goatkid-782957674</link>
                <guid isPermaLink="true">https://tsungoatboi.deviantart.com/art/goatkid-782957674</guid>
                <pubDate>Sun, 27 Jan 2019 03:03:32 PST</pubDate>
                        <media:title type="plain">goatkid</media:title>
        <media:keywords></media:keywords>
                        <media:rating>nonadult</media:rating>
                <media:category label="Games">fanart/digital/drawings/games</media:category>
        <media:credit role="author" scheme="urn:ebu">tsungoatboi</media:credit>
        <media:credit role="author" scheme="urn:ebu">https://a.deviantart.net/avatars/t/s/tsungoatboi.png?4</media:credit>
        <media:copyright url="https://tsungoatboi.deviantart.com">Copyright 2019 tsungoatboi</media:copyright>             <creativeCommons:license>http://creativecommons.org/licenses/by-sa/3.0/</creativeCommons:license>
                <media:description type="html">kkkkkkkk</media:description>            <media:thumbnail url="https://t00.deviantart.net/oYkF-o4Jxpl6yzcj-c7_a7XLbEs=/fit-in/150x150/filters:no_upscale():origin()/pre00/d7f9/th/pre/i/2019/027/9/5/goatkid_by_tsungoatboi-dcy5i0a.png" height="150" width="150"/>            <media:thumbnail url="https://t00.deviantart.net/RviGJ7WCQ_a544Bob13GdBS-MKY=/fit-in/300x900/filters:no_upscale():origin()/pre00/d7f9/th/pre/i/2019/027/9/5/goatkid_by_tsungoatboi-dcy5i0a.png" height="300" width="300"/>            <media:thumbnail url="https://t00.deviantart.net/EWl2euYbbuvI4VRxZLstTb4Z2II=/300x200/filters:fixed_height(100,100):origin()/pre00/d7f9/th/pre/i/2019/027/9/5/goatkid_by_tsungoatboi-dcy5i0a.png" height="200" width="200"/>            <media:content url="https://pre00.deviantart.net/d7f9/th/pre/i/2019/027/9/5/goatkid_by_tsungoatboi-dcy5i0a.png" height="894" width="894" medium="image"/>            
            <description>kkkkkkkk&lt;br /&gt;&lt;div&gt;&lt;img src=&quot;https://t00.deviantart.net/EWl2euYbbuvI4VRxZLstTb4Z2II=/300x200/filters:fixed_height(100,100):origin()/pre00/d7f9/th/pre/i/2019/027/9/5/goatkid_by_tsungoatboi-dcy5i0a.png&quot; alt=&quot;thumbnail&quot; /&gt;&lt;/div&gt;</description>            </item>
                    <item>
                <title>Salt And Pepper</title>
                <link>https://banburaizu.deviantart.com/art/Salt-And-Pepper-782955101</link>
                <guid isPermaLink="true">https://banburaizu.deviantart.com/art/Salt-And-Pepper-782955101</guid>
                <pubDate>Sun, 27 Jan 2019 02:28:44 PST</pubDate>
                        <media:title type="plain">Salt And Pepper</media:title>
        <media:keywords></media:keywords>
                        <media:rating>nonadult</media:rating>
                <media:category label="Macabre &amp; Horror">digitalart/paintings/macabre</media:category>
        <media:credit role="author" scheme="urn:ebu">Banburaizu</media:credit>
        <media:credit role="author" scheme="urn:ebu">https://a.deviantart.net/avatars/b/a/banburaizu.png?8</media:credit>
        <media:copyright url="https://banburaizu.deviantart.com">Copyright 2019 Banburaizu</media:copyright>            <media:description type="html">Trade And Dimtale : &lt;a target=&quot;_self&quot; href=&quot;https://www.deviantart.com/enderdash2018&quot; &gt;&lt;img class=&quot;avatar&quot; width=&quot;50&quot; height=&quot;50&quot; src=&quot;https://a.deviantart.net/avatars/e/n/enderdash2018.gif?6&quot; alt=&quot;:iconenderdash2018:&quot; title=&quot;EnderDash2018&quot; /&gt;&lt;/a&gt;&lt;br /&gt;&lt;br /&gt;Oh ST-U With The Title, I Just Liked It</media:description>            <media:thumbnail url="https://t00.deviantart.net/1sTIokx4CFMNMTtdh0RJykfXdRY=/fit-in/150x150/filters:no_upscale():origin()/pre00/6137/th/pre/f/2019/027/8/8/salt_and_pepper_by_banburaizu-dcy5g0t.png" height="150" width="102"/>            <media:thumbnail url="https://t00.deviantart.net/VCd_0qQ8PDZI41vA1FFvFkV-06w=/fit-in/300x900/filters:no_upscale():origin()/pre00/6137/th/pre/f/2019/027/8/8/salt_and_pepper_by_banburaizu-dcy5g0t.png" height="441" width="300"/>            <media:thumbnail url="https://t00.deviantart.net/ni-Y5d0xWQUQ7pleBlt1650qUXo=/300x200/filters:fixed_height(100,100):origin()/pre00/6137/th/pre/f/2019/027/8/8/salt_and_pepper_by_banburaizu-dcy5g0t.png" height="200" width="136"/>            <media:content url="https://pre00.deviantart.net/6137/th/pre/f/2019/027/8/8/salt_and_pepper_by_banburaizu-dcy5g0t.png" height="1084" width="737" medium="image"/>            
            <description>Trade And Dimtale : &lt;a target=&quot;_self&quot; href=&quot;https://www.deviantart.com/enderdash2018&quot; &gt;&lt;img class=&quot;avatar&quot; width=&quot;50&quot; height=&quot;50&quot; src=&quot;https://a.deviantart.net/avatars/e/n/enderdash2018.gif?6&quot; alt=&quot;:iconenderdash2018:&quot; title=&quot;EnderDash2018&quot; /&gt;&lt;/a&gt;&lt;br /&gt;&lt;br /&gt;Oh ST-U With The Title, I Just Liked It&lt;br /&gt;&lt;div&gt;&lt;img src=&quot;https://t00.deviantart.net/ni-Y5d0xWQUQ7pleBlt1650qUXo=/300x200/filters:fixed_height(100,100):origin()/pre00/6137/th/pre/f/2019/027/8/8/salt_and_pepper_by_banburaizu-dcy5g0t.png&quot; alt=&quot;thumbnail&quot; /&gt;&lt;/div&gt;</description>            </item>
                    <item>
                <title>Asriel Dreemurrs Different forms</title>
                <link>https://kokotiger13.deviantart.com/art/Asriel-Dreemurrs-Different-forms-782910037</link>
                <guid isPermaLink="true">https://kokotiger13.deviantart.com/art/Asriel-Dreemurrs-Different-forms-782910037</guid>
                <pubDate>Sat, 26 Jan 2019 18:36:45 PST</pubDate>
                        <media:title type="plain">Asriel Dreemurrs Different forms</media:title>
        <media:keywords></media:keywords>
                        <media:rating>nonadult</media:rating>
                <media:category label="Games">fanart/digital/drawings/games</media:category>
        <media:credit role="author" scheme="urn:ebu">Kokotiger13</media:credit>
        <media:credit role="author" scheme="urn:ebu">https://a.deviantart.net/avatars/k/o/kokotiger13.jpg?4</media:credit>
        <media:copyright url="https://kokotiger13.deviantart.com">Copyright 2019 Kokotiger13</media:copyright>            <media:description type="html">So yeah this is all of Asriel Dreemurr&amp;#8217;s forms I couldn&amp;#8217;t fit omega Flowey into it so I put hints towards Omega Flowey&lt;br /&gt;&lt;a href=&quot;https://www.deviantart.com/bloody-uragiri/art/Flowey-the-Flower-Icon-571140160&quot; class=&quot;emoticon&quot; data-embed-type=&quot;emoticon&quot; data-embed-id=&quot;571140160&quot; data-embed-profile=&quot;deviation&quot;&gt;&lt;img src=&quot;https://orig00.deviantart.net/9795/f/2015/313/8/1/flowey_the_flower_icon_by_bloody_uragiri-d9g1ikg.gif&quot; alt=&quot;Flowey the Flower Icon&quot; style=&quot;width:50px;height:50px&quot;&gt;&lt;/a&gt;&amp;nbsp;&lt;a href=&quot;https://www.deviantart.com/cosmic-eevee/art/Asriel-BLINK-F2U-570601638&quot; class=&quot;emoticon&quot; data-embed-type=&quot;emoticon&quot; data-embed-id=&quot;570601638&quot; data-embed-profile=&quot;deviation&quot;&gt;&lt;img src=&quot;https://orig00.deviantart.net/4667/f/2015/317/5/4/asriel__blink___f2u__by_eeveefennekinfan-d9fpz1i.gif&quot; alt=&quot;Asriel *BLINK* (F2U)&quot; style=&quot;width:50px;height:50px&quot;&gt;&lt;/a&gt;&amp;nbsp;&lt;a href=&quot;https://www.deviantart.com/bloody-uragiri/art/Asriel-Dremurr-2-SPOILERS-571835728&quot; class=&quot;emoticon&quot; data-embed-type=&quot;emoticon&quot; data-embed-id=&quot;571835728&quot; data-embed-profile=&quot;deviation&quot;&gt;&lt;img src=&quot;https://orig00.deviantart.net/d3db/f/2015/316/1/0/output_ldhwi3_by_bloody_uragiri-d9ggf9s.gif&quot; alt=&quot;Asriel Dremurr 2 (SPOILERS)&quot; style=&quot;width:50px;height:50px&quot;&gt;&lt;/a&gt;&amp;nbsp;&lt;a href=&quot;https://www.deviantart.com/bloody-uragiri/art/Asriel-Dremurr-FINAL-SPOILERS-571842726&quot; class=&quot;emoticon&quot; data-embed-type=&quot;emoticon&quot; data-embed-id=&quot;571842726&quot; data-embed-profile=&quot;deviation&quot;&gt;&lt;img src=&quot;https://orig00.deviantart.net/e4c4/f/2016/005/3/1/asriel_dremurr_final__spoilers__by_bloody_uragiri-d9ggko6.gif&quot; alt=&quot;Asriel Dremurr FINAL (SPOILERS)&quot; style=&quot;width:50px;height:50px&quot;&gt;&lt;/a&gt;&amp;nbsp;&lt;a href=&quot;https://www.deviantart.com/bloody-uragiri/art/Omega-Flowey-Icon-SPOILER-571715777&quot; class=&quot;emoticon&quot; data-embed-type=&quot;emoticon&quot; data-embed-id=&quot;571715777&quot; data-embed-profile=&quot;deviation&quot;&gt;&lt;img src=&quot;https://orig00.deviantart.net/5ca8/f/2015/315/3/1/output_gpgt6s_by_bloody_uragiri-d9gdupt.gif&quot; alt=&quot;Omega Flowey Icon (SPOILER)&quot; style=&quot;width:50px;height:50px&quot;&gt;&lt;/a&gt;&amp;nbsp;</media:description>            <media:thumbnail url="https://t00.deviantart.net/gKIWxkiYBkplkPXau2htQE1iz6I=/fit-in/150x150/filters:no_upscale():origin()/pre00/56e0/th/pre/i/2019/026/6/4/asriel_dreemurrs_different_forms_by_kokotiger13-dcy4h91.png" height="113" width="150"/>            <media:thumbnail url="https://t00.deviantart.net/dcB8aTHIDJ_-Q2ObFQ5tcEtTeOc=/fit-in/300x900/filters:no_upscale():origin()/pre00/56e0/th/pre/i/2019/026/6/4/asriel_dreemurrs_different_forms_by_kokotiger13-dcy4h91.png" height="225" width="300"/>            <media:thumbnail url="https://t00.deviantart.net/DDYiIBZYTB8OuqoZZU_BGzebZHg=/300x200/filters:fixed_height(100,100):origin()/pre00/56e0/th/pre/i/2019/026/6/4/asriel_dreemurrs_different_forms_by_kokotiger13-dcy4h91.png" height="200" width="267"/>            <media:content url="https://img00.deviantart.net/2f3e/i/2019/026/6/4/asriel_dreemurrs_different_forms_by_kokotiger13-dcy4h91.png" height="768" width="1024" medium="image"/>            
            <description>So yeah this is all of Asriel Dreemurr&amp;#8217;s forms I couldn&amp;#8217;t fit omega Flowey into it so I put hints towards Omega Flowey&lt;br /&gt;&lt;a href=&quot;https://www.deviantart.com/bloody-uragiri/art/Flowey-the-Flower-Icon-571140160&quot; class=&quot;emoticon&quot; data-embed-type=&quot;emoticon&quot; data-embed-id=&quot;571140160&quot; data-embed-profile=&quot;deviation&quot;&gt;&lt;img src=&quot;https://orig00.deviantart.net/9795/f/2015/313/8/1/flowey_the_flower_icon_by_bloody_uragiri-d9g1ikg.gif&quot; alt=&quot;Flowey the Flower Icon&quot; style=&quot;width:50px;height:50px&quot;&gt;&lt;/a&gt;&amp;nbsp;&lt;a href=&quot;https://www.deviantart.com/cosmic-eevee/art/Asriel-BLINK-F2U-570601638&quot; class=&quot;emoticon&quot; data-embed-type=&quot;emoticon&quot; data-embed-id=&quot;570601638&quot; data-embed-profile=&quot;deviation&quot;&gt;&lt;img src=&quot;https://orig00.deviantart.net/4667/f/2015/317/5/4/asriel__blink___f2u__by_eeveefennekinfan-d9fpz1i.gif&quot; alt=&quot;Asriel *BLINK* (F2U)&quot; style=&quot;width:50px;height:50px&quot;&gt;&lt;/a&gt;&amp;nbsp;&lt;a href=&quot;https://www.deviantart.com/bloody-uragiri/art/Asriel-Dremurr-2-SPOILERS-571835728&quot; class=&quot;emoticon&quot; data-embed-type=&quot;emoticon&quot; data-embed-id=&quot;571835728&quot; data-embed-profile=&quot;deviation&quot;&gt;&lt;img src=&quot;https://orig00.deviantart.net/d3db/f/2015/316/1/0/output_ldhwi3_by_bloody_uragiri-d9ggf9s.gif&quot; alt=&quot;Asriel Dremurr 2 (SPOILERS)&quot; style=&quot;width:50px;height:50px&quot;&gt;&lt;/a&gt;&amp;nbsp;&lt;a href=&quot;https://www.deviantart.com/bloody-uragiri/art/Asriel-Dremurr-FINAL-SPOILERS-571842726&quot; class=&quot;emoticon&quot; data-embed-type=&quot;emoticon&quot; data-embed-id=&quot;571842726&quot; data-embed-profile=&quot;deviation&quot;&gt;&lt;img src=&quot;https://orig00.deviantart.net/e4c4/f/2016/005/3/1/asriel_dremurr_final__spoilers__by_bloody_uragiri-d9ggko6.gif&quot; alt=&quot;Asriel Dremurr FINAL (SPOILERS)&quot; style=&quot;width:50px;height:50px&quot;&gt;&lt;/a&gt;&amp;nbsp;&lt;a href=&quot;https://www.deviantart.com/bloody-uragiri/art/Omega-Flowey-Icon-SPOILER-571715777&quot; class=&quot;emoticon&quot; data-embed-type=&quot;emoticon&quot; data-embed-id=&quot;571715777&quot; data-embed-profile=&quot;deviation&quot;&gt;&lt;img src=&quot;https://orig00.deviantart.net/5ca8/f/2015/315/3/1/output_gpgt6s_by_bloody_uragiri-d9gdupt.gif&quot; alt=&quot;Omega Flowey Icon (SPOILER)&quot; style=&quot;width:50px;height:50px&quot;&gt;&lt;/a&gt;&amp;nbsp;&lt;br /&gt;&lt;div&gt;&lt;img src=&quot;https://t00.deviantart.net/DDYiIBZYTB8OuqoZZU_BGzebZHg=/300x200/filters:fixed_height(100,100):origin()/pre00/56e0/th/pre/i/2019/026/6/4/asriel_dreemurrs_different_forms_by_kokotiger13-dcy4h91.png&quot; alt=&quot;thumbnail&quot; /&gt;&lt;/div&gt;</description>            </item>
                    <item>
                <title>RALSEI</title>
                <link>https://athinachan.deviantart.com/art/RALSEI-782918370</link>
                <guid isPermaLink="true">https://athinachan.deviantart.com/art/RALSEI-782918370</guid>
                <pubDate>Sat, 26 Jan 2019 19:38:15 PST</pubDate>
                        <media:title type="plain">RALSEI</media:title>
        <media:keywords></media:keywords>
                        <media:rating>nonadult</media:rating>
                <media:category label="Games">fanart/digital/drawings/games</media:category>
        <media:credit role="author" scheme="urn:ebu">AthinaChan</media:credit>
        <media:credit role="author" scheme="urn:ebu">https://a.deviantart.net/avatars/a/t/athinachan.png?1</media:credit>
        <media:copyright url="https://athinachan.deviantart.com">Copyright 2019 AthinaChan</media:copyright>            <media:description type="html"></media:description>            <media:thumbnail url="https://t00.deviantart.net/X-Dzh4fgoN_kXw4_XzHseaQZhhM=/fit-in/150x150/filters:no_upscale():origin()/pre00/51ce/th/pre/i/2019/026/b/a/ralsei_by_athinachan-dcy4noi.jpg" height="150" width="125"/>            <media:thumbnail url="https://t00.deviantart.net/kwpzQiF6RE5s9DEoecIcWb5qwlI=/fit-in/300x900/filters:no_upscale():origin()/pre00/51ce/th/pre/i/2019/026/b/a/ralsei_by_athinachan-dcy4noi.jpg" height="359" width="300"/>            <media:thumbnail url="https://t00.deviantart.net/5cUt9b1lljIhF-mr0U45hVr71kI=/300x200/filters:fixed_height(100,100):origin()/pre00/51ce/th/pre/i/2019/026/b/a/ralsei_by_athinachan-dcy4noi.jpg" height="200" width="167"/>            <media:content url="https://pre00.deviantart.net/51ce/th/pre/i/2019/026/b/a/ralsei_by_athinachan-dcy4noi.jpg" height="977" width="818" medium="image"/>            
            <description>&lt;br /&gt;&lt;div&gt;&lt;img src=&quot;https://t00.deviantart.net/5cUt9b1lljIhF-mr0U45hVr71kI=/300x200/filters:fixed_height(100,100):origin()/pre00/51ce/th/pre/i/2019/026/b/a/ralsei_by_athinachan-dcy4noi.jpg&quot; alt=&quot;thumbnail&quot; /&gt;&lt;/div&gt;</description>            </item>
                    <item>
                <title>Coffee .:myoc:.</title>
                <link>https://isaya-nee.deviantart.com/art/Coffee-myoc-782897729</link>
                <guid isPermaLink="true">https://isaya-nee.deviantart.com/art/Coffee-myoc-782897729</guid>
                <pubDate>Sat, 26 Jan 2019 16:59:58 PST</pubDate>
                        <media:title type="plain">Coffee .:myoc:.</media:title>
        <media:keywords></media:keywords>
                        <media:rating>nonadult</media:rating>
                <media:category label="Other">digitalart/paintings/other</media:category>
        <media:credit role="author" scheme="urn:ebu">isaya-nee</media:credit>
        <media:credit role="author" scheme="urn:ebu">https://a.deviantart.net/avatars/i/s/isaya-nee.jpg?10</media:credit>
        <media:copyright url="https://isaya-nee.deviantart.com">Copyright 2019 isaya-nee</media:copyright>            <media:description type="html">&lt;a href=&quot;https://www.deviantart.com/linux-rules/art/Ko-fi-2017-Icon-689028821&quot; class=&quot;emoticon&quot; data-embed-type=&quot;emoticon&quot; data-embed-id=&quot;689028821&quot; data-embed-profile=&quot;deviation&quot;&gt;&lt;img src=&quot;https://images-wixmp-ed30a86b8c4ca887773594c2.wixmp.com/intermediary/f/25e46574-05d5-4425-916d-e5292bb066ac/dbe8a1h-235e4389-910d-45b7-8313-2f7fd8751990.png&quot; alt=&quot;Ko-fi (2017) Icon&quot; style=&quot;width:50px;height:50px&quot;&gt;&lt;/a&gt;&amp;nbsp;&amp;nbsp;&amp;nbsp;&lt;a class=&quot;external&quot; href=&quot;https://www.deviantart.com/users/outgoing?https://ko-fi.com/isayaneko&quot;&gt;ko-fi&lt;/a&gt;&amp;nbsp; &amp;nbsp; &amp;nbsp;&lt;a href=&quot;https://www.deviantart.com/to-much-a-thing/art/cat-icon-Facebook-670468486&quot; class=&quot;emoticon&quot; data-embed-type=&quot;emoticon&quot; data-embed-id=&quot;670468486&quot; data-embed-profile=&quot;deviation&quot;&gt;&lt;img src=&quot;https://images-wixmp-ed30a86b8c4ca887773594c2.wixmp.com/intermediary/f/9b39aaf5-66c1-411f-a88c-4d916609696c/db36gsm-4a27d887-4016-4a66-8e64-838ffc226d35.png&quot; alt=&quot;cat icon: Facebook&quot; style=&quot;width:50px;height:50px&quot;&gt;&lt;/a&gt;&amp;nbsp;&lt;a class=&quot;external&quot; href=&quot;https://www.deviantart.com/users/outgoing?https://www.facebook.com/isaya.neko.7&quot;&gt;facebook&lt;/a&gt;&amp;nbsp; &amp;nbsp;&amp;nbsp;&lt;a href=&quot;https://www.deviantart.com/to-much-a-thing/art/cat-icon-Instagram-695384720&quot; class=&quot;emoticon&quot; data-embed-type=&quot;emoticon&quot; data-embed-id=&quot;695384720&quot; data-embed-profile=&quot;deviation&quot;&gt;&lt;img src=&quot;https://images-wixmp-ed30a86b8c4ca887773594c2.wixmp.com/intermediary/f/9b39aaf5-66c1-411f-a88c-4d916609696c/dbi0ia8-b4d374d0-020f-4a63-a606-a56b77fada26.png&quot; alt=&quot;cat icon: Instagram&quot; style=&quot;width:50px;height:50px&quot;&gt;&lt;/a&gt;&amp;nbsp;&lt;a class=&quot;external&quot; href=&quot;https://www.deviantart.com/users/outgoing?https://www.instagram.com/isayaneko/&quot;&gt;instagram&lt;/a&gt;&amp;nbsp;&amp;nbsp;&lt;a href=&quot;https://www.deviantart.com/to-much-a-thing/art/cat-icon-Twitter-670470337&quot; class=&quot;emoticon&quot; data-embed-type=&quot;emoticon&quot; data-embed-id=&quot;670470337&quot; data-embed-profile=&quot;deviation&quot;&gt;&lt;img src=&quot;https://images-wixmp-ed30a86b8c4ca887773594c2.wixmp.com/intermediary/f/9b39aaf5-66c1-411f-a88c-4d916609696c/db36i81-61a03bf0-47d1-451c-9f34-51d5306fed1c.png&quot; alt=&quot;cat icon: Twitter&quot; style=&quot;width:50px;height:50px&quot;&gt;&lt;/a&gt;&amp;nbsp;&lt;a class=&quot;external&quot; href=&quot;https://www.deviantart.com/users/outgoing?https://twitter.com/IsayaNee1&quot;&gt;twitter&lt;/a&gt;&amp;nbsp;&amp;nbsp;&lt;a href=&quot;https://www.deviantart.com/to-much-a-thing/art/cat-icon-Tumblr-670470524&quot; class=&quot;emoticon&quot; data-embed-type=&quot;emoticon&quot; data-embed-id=&quot;670470524&quot; data-embed-profile=&quot;deviation&quot;&gt;&lt;img src=&quot;https://images-wixmp-ed30a86b8c4ca887773594c2.wixmp.com/intermediary/f/9b39aaf5-66c1-411f-a88c-4d916609696c/db36id8-86264f96-a9e9-4f52-a75e-0bd215832828.png&quot; alt=&quot;cat icon: Tumblr&quot; style=&quot;width:50px;height:50px&quot;&gt;&lt;/a&gt;&amp;nbsp;&lt;a class=&quot;external&quot; href=&quot;https://www.deviantart.com/users/outgoing?https://skeleton-dream-demon.tumblr.com&quot;&gt;tumblr&lt;/a&gt;&amp;nbsp;</media:description>            <media:thumbnail url="https://t00.deviantart.net/Atkg9wkhgivfWyVdmY1C8-0DOZo=/fit-in/150x150/filters:no_upscale():origin()/pre00/e4ab/th/pre/f/2019/026/3/c/coffee___myoc___by_isaya_nee-dcy47r5.jpg" height="150" width="112"/>            <media:thumbnail url="https://t00.deviantart.net/orWvv03wg4L2KtaSkcP5apX7XFU=/fit-in/300x900/filters:no_upscale():origin()/pre00/e4ab/th/pre/f/2019/026/3/c/coffee___myoc___by_isaya_nee-dcy47r5.jpg" height="401" width="300"/>            <media:thumbnail url="https://t00.deviantart.net/8BFoiPqwYHqYMaJy8LmpFb_LVa4=/300x200/filters:fixed_height(100,100):origin()/pre00/e4ab/th/pre/f/2019/026/3/c/coffee___myoc___by_isaya_nee-dcy47r5.jpg" height="200" width="150"/>            <media:content url="https://orig00.deviantart.net/f493/f/2019/026/3/c/coffee___myoc___by_isaya_nee-dcy47r5.jpg" height="1014" width="758" medium="image"/>            
            <description>&lt;a href=&quot;https://www.deviantart.com/linux-rules/art/Ko-fi-2017-Icon-689028821&quot; class=&quot;emoticon&quot; data-embed-type=&quot;emoticon&quot; data-embed-id=&quot;689028821&quot; data-embed-profile=&quot;deviation&quot;&gt;&lt;img src=&quot;https://images-wixmp-ed30a86b8c4ca887773594c2.wixmp.com/intermediary/f/25e46574-05d5-4425-916d-e5292bb066ac/dbe8a1h-235e4389-910d-45b7-8313-2f7fd8751990.png&quot; alt=&quot;Ko-fi (2017) Icon&quot; style=&quot;width:50px;height:50px&quot;&gt;&lt;/a&gt;&amp;nbsp;&amp;nbsp;&amp;nbsp;&lt;a class=&quot;external&quot; href=&quot;https://www.deviantart.com/users/outgoing?https://ko-fi.com/isayaneko&quot;&gt;ko-fi&lt;/a&gt;&amp;nbsp; &amp;nbsp; &amp;nbsp;&lt;a href=&quot;https://www.deviantart.com/to-much-a-thing/art/cat-icon-Facebook-670468486&quot; class=&quot;emoticon&quot; data-embed-type=&quot;emoticon&quot; data-embed-id=&quot;670468486&quot; data-embed-profile=&quot;deviation&quot;&gt;&lt;img src=&quot;https://images-wixmp-ed30a86b8c4ca887773594c2.wixmp.com/intermediary/f/9b39aaf5-66c1-411f-a88c-4d916609696c/db36gsm-4a27d887-4016-4a66-8e64-838ffc226d35.png&quot; alt=&quot;cat icon: Facebook&quot; style=&quot;width:50px;height:50px&quot;&gt;&lt;/a&gt;&amp;nbsp;&lt;a class=&quot;external&quot; href=&quot;https://www.deviantart.com/users/outgoing?https://www.facebook.com/isaya.neko.7&quot;&gt;facebook&lt;/a&gt;&amp;nbsp; &amp;nbsp;&amp;nbsp;&lt;a href=&quot;https://www.deviantart.com/to-much-a-thing/art/cat-icon-Instagram-695384720&quot; class=&quot;emoticon&quot; data-embed-type=&quot;emoticon&quot; data-embed-id=&quot;695384720&quot; data-embed-profile=&quot;deviation&quot;&gt;&lt;img src=&quot;https://images-wixmp-ed30a86b8c4ca887773594c2.wixmp.com/intermediary/f/9b39aaf5-66c1-411f-a88c-4d916609696c/dbi0ia8-b4d374d0-020f-4a63-a606-a56b77fada26.png&quot; alt=&quot;cat icon: Instagram&quot; style=&quot;width:50px;height:50px&quot;&gt;&lt;/a&gt;&amp;nbsp;&lt;a class=&quot;external&quot; href=&quot;https://www.deviantart.com/users/outgoing?https://www.instagram.com/isayaneko/&quot;&gt;instagram&lt;/a&gt;&amp;nbsp;&amp;nbsp;&lt;a href=&quot;https://www.deviantart.com/to-much-a-thing/art/cat-icon-Twitter-670470337&quot; class=&quot;emoticon&quot; data-embed-type=&quot;emoticon&quot; data-embed-id=&quot;670470337&quot; data-embed-profile=&quot;deviation&quot;&gt;&lt;img src=&quot;https://images-wixmp-ed30a86b8c4ca887773594c2.wixmp.com/intermediary/f/9b39aaf5-66c1-411f-a88c-4d916609696c/db36i81-61a03bf0-47d1-451c-9f34-51d5306fed1c.png&quot; alt=&quot;cat icon: Twitter&quot; style=&quot;width:50px;height:50px&quot;&gt;&lt;/a&gt;&amp;nbsp;&lt;a class=&quot;external&quot; href=&quot;https://www.deviantart.com/users/outgoing?https://twitter.com/IsayaNee1&quot;&gt;twitter&lt;/a&gt;&amp;nbsp;&amp;nbsp;&lt;a href=&quot;https://www.deviantart.com/to-much-a-thing/art/cat-icon-Tumblr-670470524&quot; class=&quot;emoticon&quot; data-embed-type=&quot;emoticon&quot; data-embed-id=&quot;670470524&quot; data-embed-profile=&quot;deviation&quot;&gt;&lt;img src=&quot;https://images-wixmp-ed30a86b8c4ca887773594c2.wixmp.com/intermediary/f/9b39aaf5-66c1-411f-a88c-4d916609696c/db36id8-86264f96-a9e9-4f52-a75e-0bd215832828.png&quot; alt=&quot;cat icon: Tumblr&quot; style=&quot;width:50px;height:50px&quot;&gt;&lt;/a&gt;&amp;nbsp;&lt;a class=&quot;external&quot; href=&quot;https://www.deviantart.com/users/outgoing?https://skeleton-dream-demon.tumblr.com&quot;&gt;tumblr&lt;/a&gt;&amp;nbsp;&lt;br /&gt;&lt;div&gt;&lt;img src=&quot;https://t00.deviantart.net/8BFoiPqwYHqYMaJy8LmpFb_LVa4=/300x200/filters:fixed_height(100,100):origin()/pre00/e4ab/th/pre/f/2019/026/3/c/coffee___myoc___by_isaya_nee-dcy47r5.jpg&quot; alt=&quot;thumbnail&quot; /&gt;&lt;/div&gt;</description>            </item>
                    <item>
                <title>Jeviled Eggs</title>
                <link>https://quiet-water.deviantart.com/art/Jeviled-Eggs-782876178</link>
                <guid isPermaLink="true">https://quiet-water.deviantart.com/art/Jeviled-Eggs-782876178</guid>
                <pubDate>Sat, 26 Jan 2019 14:04:40 PST</pubDate>
                        <media:title type="plain">Jeviled Eggs</media:title>
        <media:keywords></media:keywords>
                        <media:rating>nonadult</media:rating>
                <media:category label="Drawings">manga/digital/drawings</media:category>
        <media:credit role="author" scheme="urn:ebu">Quiet-Water</media:credit>
        <media:credit role="author" scheme="urn:ebu">https://a.deviantart.net/avatars/q/u/quiet-water.jpg?8</media:credit>
        <media:copyright url="https://quiet-water.deviantart.com">Copyright 2019 Quiet-Water</media:copyright>            <media:description type="html">idk what i was thinking&amp;nbsp;&lt;br /&gt;BUT HEEEEEEERES JEVIL</media:description>            <media:thumbnail url="https://t00.deviantart.net/iTnpOoSOiFFrQdik8Acx0w2-bkQ=/fit-in/150x150/filters:no_upscale():origin()/pre00/6d85/th/pre/f/2019/026/2/8/jeviled_by_quiet_water-dcy3r4i.png" height="150" width="150"/>            <media:thumbnail url="https://t00.deviantart.net/_2VBq9hy9WNxaHH9xLFVmy9AYw4=/fit-in/300x900/filters:no_upscale():origin()/pre00/6d85/th/pre/f/2019/026/2/8/jeviled_by_quiet_water-dcy3r4i.png" height="300" width="300"/>            <media:thumbnail url="https://t00.deviantart.net/-fQkVuylIadUDEhtBUHeoRDDe08=/300x200/filters:fixed_height(100,100):origin()/pre00/6d85/th/pre/f/2019/026/2/8/jeviled_by_quiet_water-dcy3r4i.png" height="200" width="200"/>            <media:content url="https://pre00.deviantart.net/6d85/th/pre/f/2019/026/2/8/jeviled_by_quiet_water-dcy3r4i.png" height="894" width="894" medium="image"/>            
            <description>idk what i was thinking&amp;nbsp;&lt;br /&gt;BUT HEEEEEEERES JEVIL&lt;br /&gt;&lt;div&gt;&lt;img src=&quot;https://t00.deviantart.net/-fQkVuylIadUDEhtBUHeoRDDe08=/300x200/filters:fixed_height(100,100):origin()/pre00/6d85/th/pre/f/2019/026/2/8/jeviled_by_quiet_water-dcy3r4i.png&quot; alt=&quot;thumbnail&quot; /&gt;&lt;/div&gt;</description>            </item>
                    <item>
                <title>Birth of Azurous pg.10</title>
                <link>https://apex-knight.deviantart.com/art/Birth-of-Azurous-pg-10-782934727</link>
                <guid isPermaLink="true">https://apex-knight.deviantart.com/art/Birth-of-Azurous-pg-10-782934727</guid>
                <pubDate>Sat, 26 Jan 2019 22:09:33 PST</pubDate>
                        <media:title type="plain">Birth of Azurous pg.10</media:title>
        <media:keywords></media:keywords>
                        <media:rating>nonadult</media:rating>
                <media:category label="Games">fanart/cartoons/digital/games</media:category>
        <media:credit role="author" scheme="urn:ebu">APEX-Knight</media:credit>
        <media:credit role="author" scheme="urn:ebu">https://a.deviantart.net/avatars/a/p/apex-knight.png?6</media:credit>
        <media:copyright url="https://apex-knight.deviantart.com">Copyright 2019 APEX-Knight</media:copyright>            <media:description type="html">= Page 11&lt;br /&gt;&lt;br /&gt;&lt;a href=&quot;https://www.deviantart.com/apex-knight/art/Birth-of-Azurous-pg-9-782625662&quot;&gt;Page 9&lt;/a&gt; =&amp;gt;</media:description>            <media:thumbnail url="https://t00.deviantart.net/7rCyWGc4FQmhub_wkQIfUMNeNuA=/fit-in/150x150/filters:no_upscale():origin()/pre00/ec01/th/pre/i/2019/026/5/e/birth_of_azurous_pg_10_by_apex_knight-dcy50av.jpg" height="150" width="109"/>            <media:thumbnail url="https://t00.deviantart.net/QXmzyjQePhCIHM2yYu4OOr4GFRs=/fit-in/300x900/filters:no_upscale():origin()/pre00/ec01/th/pre/i/2019/026/5/e/birth_of_azurous_pg_10_by_apex_knight-dcy50av.jpg" height="413" width="300"/>            <media:thumbnail url="https://t00.deviantart.net/odRRmDJAGYsuL4C5ofetpk0Lp3s=/300x200/filters:fixed_height(100,100):origin()/pre00/ec01/th/pre/i/2019/026/5/e/birth_of_azurous_pg_10_by_apex_knight-dcy50av.jpg" height="200" width="145"/>            <media:content url="https://pre00.deviantart.net/ec01/th/pre/i/2019/026/5/e/birth_of_azurous_pg_10_by_apex_knight-dcy50av.jpg" height="1048" width="762" medium="image"/>            
            <description>= Page 11&lt;br /&gt;&lt;br /&gt;&lt;a href=&quot;https://www.deviantart.com/apex-knight/art/Birth-of-Azurous-pg-9-782625662&quot;&gt;Page 9&lt;/a&gt; =&amp;gt;&lt;br /&gt;&lt;div&gt;&lt;img src=&quot;https://t00.deviantart.net/odRRmDJAGYsuL4C5ofetpk0Lp3s=/300x200/filters:fixed_height(100,100):origin()/pre00/ec01/th/pre/i/2019/026/5/e/birth_of_azurous_pg_10_by_apex_knight-dcy50av.jpg&quot; alt=&quot;thumbnail&quot; /&gt;&lt;/div&gt;</description>            </item>
                    <item>
                <title>Chance!Tale [Page 59]</title>
                <link>https://xxtha.deviantart.com/art/Chance-Tale-Page-59-782940621</link>
                <guid isPermaLink="true">https://xxtha.deviantart.com/art/Chance-Tale-Page-59-782940621</guid>
                <pubDate>Sat, 26 Jan 2019 23:06:07 PST</pubDate>
                        <media:title type="plain">Chance!Tale [Page 59]</media:title>
        <media:keywords></media:keywords>
                        <media:rating>nonadult</media:rating>
                <media:category label="Games">fanart/cartoons/digital/games</media:category>
        <media:credit role="author" scheme="urn:ebu">xXtha</media:credit>
        <media:credit role="author" scheme="urn:ebu">https://a.deviantart.net/avatars/x/x/xxtha.png?9</media:credit>
        <media:copyright url="https://xxtha.deviantart.com">Copyright 2019 xXtha</media:copyright>            <media:description type="html">[Page 60]&lt;br /&gt;&lt;br /&gt;&lt;a href=&quot;https://www.deviantart.com/xxtha/art/Chance-Tale-Page-58-782367426&quot;&gt;[Page 58]&lt;/a&gt;&lt;br /&gt;&lt;br /&gt;&lt;br /&gt;Burn in hell.&lt;br /&gt;&lt;br /&gt;&lt;br /&gt;Want to support my work? &amp;gt;&amp;gt; &lt;a class=&quot;external&quot; href=&quot;https://www.deviantart.com/users/outgoing?https://ko-fi.com/J3J1E6V6&quot;&gt;Ko-Fi&lt;/a&gt;&lt;br /&gt;&lt;br /&gt;&lt;br /&gt;Chancetale by &lt;a target=&quot;_self&quot; href=&quot;https://www.deviantart.com/xxtha&quot; &gt;&lt;img class=&quot;avatar&quot; width=&quot;50&quot; height=&quot;50&quot; src=&quot;https://a.deviantart.net/avatars/x/x/xxtha.png?9&quot; alt=&quot;:iconxxtha:&quot; title=&quot;xXtha&quot; /&gt;&lt;/a&gt;&lt;br /&gt;Undertale by Toby Fox</media:description>            <media:thumbnail url="https://t00.deviantart.net/Uy1jq9cqY_lfni39LZUn4eGUTmM=/fit-in/150x150/filters:no_upscale():origin()/pre00/0c53/th/pre/i/2019/026/a/a/chance_tale__page_59__by_xxtha-dcy54ul.png" height="150" width="106"/>            <media:thumbnail url="https://t00.deviantart.net/AqiPT5vc-5TnwFNbzUiUvvwtuHw=/fit-in/300x900/filters:no_upscale():origin()/pre00/0c53/th/pre/i/2019/026/a/a/chance_tale__page_59__by_xxtha-dcy54ul.png" height="424" width="300"/>            <media:thumbnail url="https://t00.deviantart.net/9I57AlO9Ix851WGueymwuP8zh3M=/300x200/filters:fixed_height(100,100):origin()/pre00/0c53/th/pre/i/2019/026/a/a/chance_tale__page_59__by_xxtha-dcy54ul.png" height="200" width="141"/>            <media:content url="https://pre00.deviantart.net/0c53/th/pre/i/2019/026/a/a/chance_tale__page_59__by_xxtha-dcy54ul.png" height="1063" width="752" medium="image"/>            
            <description>[Page 60]&lt;br /&gt;&lt;br /&gt;&lt;a href=&quot;https://www.deviantart.com/xxtha/art/Chance-Tale-Page-58-782367426&quot;&gt;[Page 58]&lt;/a&gt;&lt;br /&gt;&lt;br /&gt;&lt;br /&gt;Burn in hell.&lt;br /&gt;&lt;br /&gt;&lt;br /&gt;Want to support my work? &amp;gt;&amp;gt; &lt;a class=&quot;external&quot; href=&quot;https://www.deviantart.com/users/outgoing?https://ko-fi.com/J3J1E6V6&quot;&gt;Ko-Fi&lt;/a&gt;&lt;br /&gt;&lt;br /&gt;&lt;br /&gt;Chancetale by &lt;a target=&quot;_self&quot; href=&quot;https://www.deviantart.com/xxtha&quot; &gt;&lt;img class=&quot;avatar&quot; width=&quot;50&quot; height=&quot;50&quot; src=&quot;https://a.deviantart.net/avatars/x/x/xxtha.png?9&quot; alt=&quot;:iconxxtha:&quot; title=&quot;xXtha&quot; /&gt;&lt;/a&gt;&lt;br /&gt;Undertale by Toby Fox&lt;br /&gt;&lt;div&gt;&lt;img src=&quot;https://t00.deviantart.net/9I57AlO9Ix851WGueymwuP8zh3M=/300x200/filters:fixed_height(100,100):origin()/pre00/0c53/th/pre/i/2019/026/a/a/chance_tale__page_59__by_xxtha-dcy54ul.png&quot; alt=&quot;thumbnail&quot; /&gt;&lt;/div&gt;</description>            </item>
                    <item>
                <title>Sorry, I&#039;m Sorry (GLITCHTALE)</title>
                <link>https://limegreenforest.deviantart.com/art/Sorry-I-m-Sorry-GLITCHTALE-782906790</link>
                <guid isPermaLink="true">https://limegreenforest.deviantart.com/art/Sorry-I-m-Sorry-GLITCHTALE-782906790</guid>
                <pubDate>Sat, 26 Jan 2019 18:07:12 PST</pubDate>
                        <media:title type="plain">Sorry, I&#039;m Sorry (GLITCHTALE)</media:title>
        <media:keywords></media:keywords>
                        <media:rating>nonadult</media:rating>
                <media:category label="Games">fanart/traditional/drawings/games</media:category>
        <media:credit role="author" scheme="urn:ebu">LimeGreenForest</media:credit>
        <media:credit role="author" scheme="urn:ebu">https://a.deviantart.net/avatars/l/i/limegreenforest.jpg?6</media:credit>
        <media:copyright url="https://limegreenforest.deviantart.com">Copyright 2019 LimeGreenForest</media:copyright>            <media:description type="html">I just realized that I&#039;ve never drawn Gaster before and that there literally was no better time than now- BUT HECK WHY ARE HIS COLORS SO HARD TO WORK WITH GAH-&lt;br /&gt;&lt;br /&gt;...so how did you guys enjoy the latest episode? *cries unnaturally*&lt;br /&gt;&lt;br /&gt;Daffodils- Forgiveness/I&#039;m Sorry (in a few interpretations)&lt;br /&gt;&lt;br /&gt;Glitchtale belongs to Camila Cuevas&lt;br /&gt;Undertale belongs to Toby Fox</media:description>            <media:thumbnail url="https://t00.deviantart.net/LZWrpOgbN3kwo5SV73QOIubfkkM=/fit-in/150x150/filters:no_upscale():origin()/pre00/2d61/th/pre/i/2019/026/5/9/sorry__i_m_sorry__glitchtale__by_limegreenforest-dcy4equ.jpg" height="150" width="116"/>            <media:thumbnail url="https://t00.deviantart.net/z3IbVLnTXJMgaprAdvvFDbunw-k=/fit-in/300x900/filters:no_upscale():origin()/pre00/2d61/th/pre/i/2019/026/5/9/sorry__i_m_sorry__glitchtale__by_limegreenforest-dcy4equ.jpg" height="389" width="300"/>            <media:thumbnail url="https://t00.deviantart.net/xMp27PU5EE1Kn1uiX_hTJS7RRGQ=/300x200/filters:fixed_height(100,100):origin()/pre00/2d61/th/pre/i/2019/026/5/9/sorry__i_m_sorry__glitchtale__by_limegreenforest-dcy4equ.jpg" height="200" width="154"/>            <media:content url="https://pre00.deviantart.net/2d61/th/pre/i/2019/026/5/9/sorry__i_m_sorry__glitchtale__by_limegreenforest-dcy4equ.jpg" height="1018" width="785" medium="image"/>            
            <description>I just realized that I&#039;ve never drawn Gaster before and that there literally was no better time than now- BUT HECK WHY ARE HIS COLORS SO HARD TO WORK WITH GAH-&lt;br /&gt;&lt;br /&gt;...so how did you guys enjoy the latest episode? *cries unnaturally*&lt;br /&gt;&lt;br /&gt;Daffodils- Forgiveness/I&#039;m Sorry (in a few interpretations)&lt;br /&gt;&lt;br /&gt;Glitchtale belongs to Camila Cuevas&lt;br /&gt;Undertale belongs to Toby Fox&lt;br /&gt;&lt;div&gt;&lt;img src=&quot;https://t00.deviantart.net/xMp27PU5EE1Kn1uiX_hTJS7RRGQ=/300x200/filters:fixed_height(100,100):origin()/pre00/2d61/th/pre/i/2019/026/5/9/sorry__i_m_sorry__glitchtale__by_limegreenforest-dcy4equ.jpg&quot; alt=&quot;thumbnail&quot; /&gt;&lt;/div&gt;</description>            </item>
                    <item>
                <title>Things I do when I&#039;m bored Act 2</title>
                <link>https://nelljoestar.deviantart.com/art/Things-I-do-when-I-m-bored-Act-2-782975146</link>
                <guid isPermaLink="true">https://nelljoestar.deviantart.com/art/Things-I-do-when-I-m-bored-Act-2-782975146</guid>
                <pubDate>Sun, 27 Jan 2019 06:45:44 PST</pubDate>
                        <media:title type="plain">Things I do when I&#039;m bored Act 2</media:title>
        <media:keywords></media:keywords>
                        <media:rating>nonadult</media:rating>
                <media:category label="Games">fanart/digital/drawings/games</media:category>
        <media:credit role="author" scheme="urn:ebu">NellJoestar</media:credit>
        <media:credit role="author" scheme="urn:ebu">https://a.deviantart.net/avatars/n/e/nelljoestar.jpg?5</media:credit>
        <media:copyright url="https://nelljoestar.deviantart.com">Copyright 2019 NellJoestar</media:copyright>            <media:description type="html">I don&#039;t remember if she has the eye patch in Deltarune, but I like her more with it.</media:description>            <media:thumbnail url="https://t00.deviantart.net/CC2fdMzp9wsO59HsyGBYyy0klmc=/fit-in/150x150/filters:no_upscale():origin()/pre00/6f12/th/pre/i/2019/027/a/c/things_i_do_when_i_m_bored_act_2_by_nelljoestar-dcy5vhm.jpg" height="150" width="124"/>            <media:thumbnail url="https://t00.deviantart.net/0t1cFxXYqrgnBrDNdXou0sFAaOE=/fit-in/300x900/filters:no_upscale():origin()/pre00/6f12/th/pre/i/2019/027/a/c/things_i_do_when_i_m_bored_act_2_by_nelljoestar-dcy5vhm.jpg" height="363" width="300"/>            <media:thumbnail url="https://t00.deviantart.net/io00rys5T25HI-CKlU39EKVEjbc=/300x200/filters:fixed_height(100,100):origin()/pre00/6f12/th/pre/i/2019/027/a/c/things_i_do_when_i_m_bored_act_2_by_nelljoestar-dcy5vhm.jpg" height="200" width="166"/>            <media:content url="https://pre00.deviantart.net/6f12/th/pre/i/2019/027/a/c/things_i_do_when_i_m_bored_act_2_by_nelljoestar-dcy5vhm.jpg" height="983" width="813" medium="image"/>            
            <description>I don&#039;t remember if she has the eye patch in Deltarune, but I like her more with it.&lt;br /&gt;&lt;div&gt;&lt;img src=&quot;https://t00.deviantart.net/io00rys5T25HI-CKlU39EKVEjbc=/300x200/filters:fixed_height(100,100):origin()/pre00/6f12/th/pre/i/2019/027/a/c/things_i_do_when_i_m_bored_act_2_by_nelljoestar-dcy5vhm.jpg&quot; alt=&quot;thumbnail&quot; /&gt;&lt;/div&gt;</description>            </item>
                    <item>
                <title>[Underswap] Practice Design</title>
                <link>https://peptobismolpete.deviantart.com/art/Underswap-Practice-Design-782874991</link>
                <guid isPermaLink="true">https://peptobismolpete.deviantart.com/art/Underswap-Practice-Design-782874991</guid>
                <pubDate>Sat, 26 Jan 2019 14:02:52 PST</pubDate>
                        <media:title type="plain">[Underswap] Practice Design</media:title>
        <media:keywords></media:keywords>
                        <media:rating>nonadult</media:rating>
                <media:category label="Non-Isometric">digitalart/pixelart/characters/noniso</media:category>
        <media:credit role="author" scheme="urn:ebu">PeptobismolPete</media:credit>
        <media:credit role="author" scheme="urn:ebu">https://a.deviantart.net/avatars/p/e/peptobismolpete.jpg?3</media:credit>
        <media:copyright url="https://peptobismolpete.deviantart.com">Copyright 2019 PeptobismolPete</media:copyright>            <media:description type="html">got bored and wanted to practice more. when I was making this I was kinda making it to look more like this person&#039;s (&lt;a class=&quot;external&quot; href=&quot;https://www.deviantart.com/users/outgoing?https://nishimori38.tumblr.com/archive&quot;&gt;nishimori38.tumblr.com/archive&lt;/a&gt;) style, i&#039;m a big fan of the way they make papyrus and sans so I tried using a similar style and a bit of my style to make this. This isn&#039;t a update to my cannonswap papyrus sprite I&#039;ll probably do that soon&amp;nbsp;</media:description>            <media:thumbnail url="https://t00.deviantart.net/EabXTdNoUiN6nj-EXMgoMjVHoxg=/fit-in/150x150/filters:no_upscale():origin()/pre00/18e4/th/pre/f/2019/026/5/e/_underswap__practice_design_by_peptobismolpete-dcy3q7j.png" height="150" width="100"/>            <media:thumbnail url="https://orig00.deviantart.net/10cd/f/2019/026/5/e/_underswap__practice_design_by_peptobismolpete-dcy3q7j.png" height="345" width="231"/>            <media:thumbnail url="https://t00.deviantart.net/PJVt78s3urqTh3QhHvOc0bRW6hY=/300x200/filters:fixed_height(100,100):origin()/pre00/18e4/th/pre/f/2019/026/5/e/_underswap__practice_design_by_peptobismolpete-dcy3q7j.png" height="200" width="134"/>            <media:content url="https://orig00.deviantart.net/10cd/f/2019/026/5/e/_underswap__practice_design_by_peptobismolpete-dcy3q7j.png" height="345" width="231" medium="image"/>            
            <description>got bored and wanted to practice more. when I was making this I was kinda making it to look more like this person&#039;s (&lt;a class=&quot;external&quot; href=&quot;https://www.deviantart.com/users/outgoing?https://nishimori38.tumblr.com/archive&quot;&gt;nishimori38.tumblr.com/archive&lt;/a&gt;) style, i&#039;m a big fan of the way they make papyrus and sans so I tried using a similar style and a bit of my style to make this. This isn&#039;t a update to my cannonswap papyrus sprite I&#039;ll probably do that soon&amp;nbsp;&lt;br /&gt;&lt;div&gt;&lt;img src=&quot;https://t00.deviantart.net/PJVt78s3urqTh3QhHvOc0bRW6hY=/300x200/filters:fixed_height(100,100):origin()/pre00/18e4/th/pre/f/2019/026/5/e/_underswap__practice_design_by_peptobismolpete-dcy3q7j.png&quot; alt=&quot;thumbnail&quot; /&gt;&lt;/div&gt;</description>            </item>
                    <item>
                <title>[Undertale AU] Arno and Elys!</title>
                <link>https://ryuuseirissu.deviantart.com/art/Undertale-AU-Arno-and-Elys-782908870</link>
                <guid isPermaLink="true">https://ryuuseirissu.deviantart.com/art/Undertale-AU-Arno-and-Elys-782908870</guid>
                <pubDate>Sat, 26 Jan 2019 18:23:45 PST</pubDate>
                        <media:title type="plain">[Undertale AU] Arno and Elys!</media:title>
        <media:keywords></media:keywords>
                        <media:rating>nonadult</media:rating>
                <media:category label="Games">fanart/digital/drawings/games</media:category>
        <media:credit role="author" scheme="urn:ebu">RyuuseiRissu</media:credit>
        <media:credit role="author" scheme="urn:ebu">https://a.deviantart.net/avatars/r/y/ryuuseirissu.jpg?8</media:credit>
        <media:copyright url="https://ryuuseirissu.deviantart.com">Copyright 2019 RyuuseiRissu</media:copyright>            <media:description type="html">The Frans&#039; kids!! &lt;br /&gt;They belong to &lt;span class=&quot;username-with-symbol u&quot;&gt;&lt;a class=&quot;u regular username&quot; href=&quot;https://www.deviantart.com/shayromi&quot;&gt;Shayromi&lt;/a&gt;&lt;span class=&quot;user-symbol regular&quot; data-quicktip-text=&quot;&quot; data-show-tooltip=&quot;&quot; data-gruser-type=&quot;regular&quot;&gt;&lt;/span&gt;&lt;/span&gt; ~</media:description>            <media:thumbnail url="https://t00.deviantart.net/fN1vFUlm5pOhAyHKFPJLrxXGRM4=/fit-in/150x150/filters:no_upscale():origin()/pre00/5870/th/pre/i/2019/026/5/1/_undertale_au__arno_and_elys__by_ryuuseirissu-dcy4gcm.jpg" height="106" width="150"/>            <media:thumbnail url="https://t00.deviantart.net/uXg0ZacqdblVWDhjYYlv7DfwJfc=/fit-in/300x900/filters:no_upscale():origin()/pre00/5870/th/pre/i/2019/026/5/1/_undertale_au__arno_and_elys__by_ryuuseirissu-dcy4gcm.jpg" height="211" width="300"/>            <media:thumbnail url="https://t00.deviantart.net/rQWWTFd1aYFWxcvtWihK8xufyBA=/300x200/filters:fixed_height(100,100):origin()/pre00/5870/th/pre/i/2019/026/5/1/_undertale_au__arno_and_elys__by_ryuuseirissu-dcy4gcm.jpg" height="200" width="284"/>            <media:content url="https://pre00.deviantart.net/5870/th/pre/i/2019/026/5/1/_undertale_au__arno_and_elys__by_ryuuseirissu-dcy4gcm.jpg" height="750" width="1065" medium="image"/>            
            <description>The Frans&#039; kids!! &lt;br /&gt;They belong to &lt;span class=&quot;username-with-symbol u&quot;&gt;&lt;a class=&quot;u regular username&quot; href=&quot;https://www.deviantart.com/shayromi&quot;&gt;Shayromi&lt;/a&gt;&lt;span class=&quot;user-symbol regular&quot; data-quicktip-text=&quot;&quot; data-show-tooltip=&quot;&quot; data-gruser-type=&quot;regular&quot;&gt;&lt;/span&gt;&lt;/span&gt; ~&lt;br /&gt;&lt;div&gt;&lt;img src=&quot;https://t00.deviantart.net/rQWWTFd1aYFWxcvtWihK8xufyBA=/300x200/filters:fixed_height(100,100):origin()/pre00/5870/th/pre/i/2019/026/5/1/_undertale_au__arno_and_elys__by_ryuuseirissu-dcy4gcm.jpg&quot; alt=&quot;thumbnail&quot; /&gt;&lt;/div&gt;</description>            </item>
                    <item>
                <title>Papyrus</title>
                <link>https://demonic-nebula.deviantart.com/art/Papyrus-782894779</link>
                <guid isPermaLink="true">https://demonic-nebula.deviantart.com/art/Papyrus-782894779</guid>
                <pubDate>Sat, 26 Jan 2019 16:26:42 PST</pubDate>
                        <media:title type="plain">Papyrus</media:title>
        <media:keywords></media:keywords>
                        <media:rating>nonadult</media:rating>
                <media:category label="Games">fanart/digital/drawings/games</media:category>
        <media:credit role="author" scheme="urn:ebu">Demonic-Nebula</media:credit>
        <media:credit role="author" scheme="urn:ebu">https://a.deviantart.net/avatars/d/e/demonic-nebula.png?6</media:credit>
        <media:copyright url="https://demonic-nebula.deviantart.com">Copyright 2019 Demonic-Nebula</media:copyright>            <media:description type="html">Sooo a few days ago I was kinda in the dumps and I wanted to draw a thing, so instead of just sitting around and sketching I decided to go with a subject that would at least fill in an hour of work. Eventually I came to like how it turned out and did a bit of extra work on it. Despite it being not full effort I&#039;m still pretty proud, especially for being not so up at that time&lt;br /&gt;Enjoy!&lt;br /&gt;&lt;br /&gt;Papyrus (C) Toby Fox&lt;br /&gt;Art (C) Me</media:description>            <media:thumbnail url="https://t00.deviantart.net/AjZYMsyXn0y9TjZo6TDlpPXCzA8=/fit-in/150x150/filters:no_upscale():origin()/pre00/1cfe/th/pre/i/2019/026/e/c/papyrus_by_demonic_nebula-dcy45h7.png" height="150" width="82"/>            <media:thumbnail url="https://t00.deviantart.net/84989s_34sEyyFuLx9Y0uaUCLx0=/fit-in/300x900/filters:no_upscale():origin()/pre00/1cfe/th/pre/i/2019/026/e/c/papyrus_by_demonic_nebula-dcy45h7.png" height="546" width="300"/>            <media:thumbnail url="https://t00.deviantart.net/WmNpM8ioZr1SC8j-SoF3hv7Z2NQ=/300x200/filters:fixed_height(100,100):origin()/pre00/1cfe/th/pre/i/2019/026/e/c/papyrus_by_demonic_nebula-dcy45h7.png" height="200" width="110"/>            <media:content url="https://img00.deviantart.net/e019/i/2019/026/e/c/papyrus_by_demonic_nebula-dcy45h7.png" height="729" width="400" medium="image"/>            
            <description>Sooo a few days ago I was kinda in the dumps and I wanted to draw a thing, so instead of just sitting around and sketching I decided to go with a subject that would at least fill in an hour of work. Eventually I came to like how it turned out and did a bit of extra work on it. Despite it being not full effort I&#039;m still pretty proud, especially for being not so up at that time&lt;br /&gt;Enjoy!&lt;br /&gt;&lt;br /&gt;Papyrus (C) Toby Fox&lt;br /&gt;Art (C) Me&lt;br /&gt;&lt;div&gt;&lt;img src=&quot;https://t00.deviantart.net/WmNpM8ioZr1SC8j-SoF3hv7Z2NQ=/300x200/filters:fixed_height(100,100):origin()/pre00/1cfe/th/pre/i/2019/026/e/c/papyrus_by_demonic_nebula-dcy45h7.png&quot; alt=&quot;thumbnail&quot; /&gt;&lt;/div&gt;</description>            </item>
                    <item>
                <title>Give Her Hell For Me</title>
                <link>https://dogycatswell.deviantart.com/art/Give-Her-Hell-For-Me-782872616</link>
                <guid isPermaLink="true">https://dogycatswell.deviantart.com/art/Give-Her-Hell-For-Me-782872616</guid>
                <pubDate>Sat, 26 Jan 2019 13:39:04 PST</pubDate>
                        <media:title type="plain">Give Her Hell For Me</media:title>
        <media:keywords></media:keywords>
                        <media:rating>nonadult</media:rating>
                <media:category label="Games">fanart/traditional/drawings/games</media:category>
        <media:credit role="author" scheme="urn:ebu">dogycatswell</media:credit>
        <media:credit role="author" scheme="urn:ebu">https://a.deviantart.net/avatars/d/o/dogycatswell.jpg?8</media:credit>
        <media:copyright url="https://dogycatswell.deviantart.com">Copyright 2019 dogycatswell</media:copyright>            <media:description type="html">Redrew this part from the new Glitchtale.&lt;br /&gt;&lt;br /&gt;Glitchtale belongs to &lt;span class=&quot;username-with-symbol u&quot;&gt;&lt;a class=&quot;u premium username&quot; href=&quot;https://www.deviantart.com/camilaanims&quot;&gt;CamilaAnims&lt;/a&gt;&lt;span class=&quot;user-symbol premium&quot; data-quicktip-text=&quot;Core Member&quot; data-show-tooltip=&quot;1&quot; data-gruser-type=&quot;premium&quot;&gt;&lt;/span&gt;&lt;/span&gt;</media:description>            <media:thumbnail url="https://t00.deviantart.net/oZ-w6eXIkNEV8NGktek_RpbWrV8=/fit-in/150x150/filters:no_upscale():origin()/pre00/0db9/th/pre/i/2019/026/7/c/give_her_hell_for_me_by_dogycatswell-dcy3odk.jpg" height="150" width="113"/>            <media:thumbnail url="https://t00.deviantart.net/ER3Zru5D3agcNZx0MXm2LGVE8ss=/fit-in/300x900/filters:no_upscale():origin()/pre00/0db9/th/pre/i/2019/026/7/c/give_her_hell_for_me_by_dogycatswell-dcy3odk.jpg" height="400" width="300"/>            <media:thumbnail url="https://t00.deviantart.net/5USkNjE3PDuQ5hXbSGySwEf7aOo=/300x200/filters:fixed_height(100,100):origin()/pre00/0db9/th/pre/i/2019/026/7/c/give_her_hell_for_me_by_dogycatswell-dcy3odk.jpg" height="200" width="150"/>            <media:content url="https://img00.deviantart.net/e269/i/2019/026/7/c/give_her_hell_for_me_by_dogycatswell-dcy3odk.jpg" height="800" width="600" medium="image"/>            
            <description>Redrew this part from the new Glitchtale.&lt;br /&gt;&lt;br /&gt;Glitchtale belongs to &lt;span class=&quot;username-with-symbol u&quot;&gt;&lt;a class=&quot;u premium username&quot; href=&quot;https://www.deviantart.com/camilaanims&quot;&gt;CamilaAnims&lt;/a&gt;&lt;span class=&quot;user-symbol premium&quot; data-quicktip-text=&quot;Core Member&quot; data-show-tooltip=&quot;1&quot; data-gruser-type=&quot;premium&quot;&gt;&lt;/span&gt;&lt;/span&gt;&lt;br /&gt;&lt;div&gt;&lt;img src=&quot;https://t00.deviantart.net/5USkNjE3PDuQ5hXbSGySwEf7aOo=/300x200/filters:fixed_height(100,100):origin()/pre00/0db9/th/pre/i/2019/026/7/c/give_her_hell_for_me_by_dogycatswell-dcy3odk.jpg&quot; alt=&quot;thumbnail&quot; /&gt;&lt;/div&gt;</description>            </item>
                    <item>
                <title>Babeh Mia</title>
                <link>https://firenightheart.deviantart.com/art/Babeh-Mia-782964318</link>
                <guid isPermaLink="true">https://firenightheart.deviantart.com/art/Babeh-Mia-782964318</guid>
                <pubDate>Sun, 27 Jan 2019 05:00:38 PST</pubDate>
                        <media:title type="plain">Babeh Mia</media:title>
        <media:keywords></media:keywords>
                        <media:rating>nonadult</media:rating>
                <media:category label="Fantasy">digitalart/paintings/fantasy</media:category>
        <media:credit role="author" scheme="urn:ebu">FireNightheart</media:credit>
        <media:credit role="author" scheme="urn:ebu">https://a.deviantart.net/avatars/f/i/firenightheart.png?15</media:credit>
        <media:copyright url="https://firenightheart.deviantart.com">Copyright 2019 FireNightheart</media:copyright>            <media:description type="html">i was just practising with hair, face shapes and more shading&amp;nbsp;&lt;br /&gt;and oh mah god! I&#039;m really happy with this!&lt;br /&gt;&lt;br /&gt;&lt;span&gt;~~~~~~~~~~~~~~~~~~~&lt;/span&gt;&lt;br /&gt;&lt;div&gt;Mia Nightheart (c)&amp;nbsp;me&lt;br /&gt;Art (c) me&lt;br /&gt;&lt;b&gt;Do NOT steal, trace, heavily refference, sell, repost anywhere, or use my art in any shape or form without my permission.&lt;/b&gt;&lt;/div&gt;</media:description>            <media:thumbnail url="https://t00.deviantart.net/ki8-8IRiSqc-w0cg1TViGngcQb8=/fit-in/150x150/filters:no_upscale():origin()/pre00/fa81/th/pre/i/2019/027/b/2/babeh_mia_by_firenightheart-dcy5n4u.png" height="150" width="141"/>            <media:thumbnail url="https://t00.deviantart.net/sL2D8xWbf66-aKAFxA3oEvOoHqM=/fit-in/300x900/filters:no_upscale():origin()/pre00/fa81/th/pre/i/2019/027/b/2/babeh_mia_by_firenightheart-dcy5n4u.png" height="320" width="300"/>            <media:thumbnail url="https://t00.deviantart.net/RndtN4Dnn4Wy9YQGRzgLQ16gnVI=/300x200/filters:fixed_height(100,100):origin()/pre00/fa81/th/pre/i/2019/027/b/2/babeh_mia_by_firenightheart-dcy5n4u.png" height="200" width="188"/>            <media:content url="https://img00.deviantart.net/8f95/i/2019/027/b/2/babeh_mia_by_firenightheart-dcy5n4u.png" height="639" width="600" medium="image"/>            
            <description>i was just practising with hair, face shapes and more shading&amp;nbsp;&lt;br /&gt;and oh mah god! I&#039;m really happy with this!&lt;br /&gt;&lt;br /&gt;&lt;span&gt;~~~~~~~~~~~~~~~~~~~&lt;/span&gt;&lt;br /&gt;&lt;div&gt;Mia Nightheart (c)&amp;nbsp;me&lt;br /&gt;Art (c) me&lt;br /&gt;&lt;b&gt;Do NOT steal, trace, heavily refference, sell, repost anywhere, or use my art in any shape or form without my permission.&lt;/b&gt;&lt;/div&gt;&lt;br /&gt;&lt;div&gt;&lt;img src=&quot;https://t00.deviantart.net/RndtN4Dnn4Wy9YQGRzgLQ16gnVI=/300x200/filters:fixed_height(100,100):origin()/pre00/fa81/th/pre/i/2019/027/b/2/babeh_mia_by_firenightheart-dcy5n4u.png&quot; alt=&quot;thumbnail&quot; /&gt;&lt;/div&gt;</description>            </item>
                    <item>
                <title>Dispute solved</title>
                <link>https://xx-avj-xx.deviantart.com/art/Dispute-solved-782951954</link>
                <guid isPermaLink="true">https://xx-avj-xx.deviantart.com/art/Dispute-solved-782951954</guid>
                <pubDate>Sun, 27 Jan 2019 02:00:55 PST</pubDate>
                        <media:title type="plain">Dispute solved</media:title>
        <media:keywords></media:keywords>
                        <media:rating>nonadult</media:rating>
                <media:category label="Games">fanart/digital/drawings/games</media:category>
        <media:credit role="author" scheme="urn:ebu">xX-AVJ-Xx</media:credit>
        <media:credit role="author" scheme="urn:ebu">https://a.deviantart.net/avatars/x/x/xx-avj-xx.png?10</media:credit>
        <media:copyright url="https://xx-avj-xx.deviantart.com">Copyright 2019 xX-AVJ-Xx</media:copyright>            <media:description type="html">PHEW! SOme drama yesterday huh? Man, its tiring emotionally and physically when Im like that&lt;br /&gt;Anyways&lt;br /&gt;&lt;br /&gt;LoL. I made this just in case there&#039;s an unresolved dispute of which of &#039;em are the older one XD XD&lt;br /&gt;Didnt post this yesterday &#039;cause I dont want to ruin the positivity of this with my yesterday&#039;s negativity&lt;br /&gt;&lt;br /&gt;Undertale (c) TobyFox&lt;br /&gt;Error!Sans &amp;amp; SanzyFresh (c) &lt;span class=&quot;username-with-symbol u&quot;&gt;&lt;a class=&quot;u regular username&quot; href=&quot;https://www.deviantart.com/thecrayonqueen&quot;&gt;TheCrayonQueen&lt;/a&gt;&lt;span class=&quot;user-symbol regular&quot; data-quicktip-text=&quot;&quot; data-show-tooltip=&quot;&quot; data-gruser-type=&quot;regular&quot;&gt;&lt;/span&gt;&lt;/span&gt;</media:description>            <media:thumbnail url="https://t00.deviantart.net/VqjHVOqu-8gPMov1UMj0zB1LWAc=/fit-in/150x150/filters:no_upscale():origin()/pre00/900e/th/pre/i/2019/027/6/e/dispute_solved_by_xx_avj_xx-dcy5dle.png" height="113" width="150"/>            <media:thumbnail url="https://t00.deviantart.net/Ls3v4vZLwrzWyDRo7UFaJ22DoDQ=/fit-in/300x900/filters:no_upscale():origin()/pre00/900e/th/pre/i/2019/027/6/e/dispute_solved_by_xx_avj_xx-dcy5dle.png" height="225" width="300"/>            <media:thumbnail url="https://t00.deviantart.net/ih2HMcMZEJGCiG2ZZMQOpNnrLE4=/300x200/filters:fixed_height(100,100):origin()/pre00/900e/th/pre/i/2019/027/6/e/dispute_solved_by_xx_avj_xx-dcy5dle.png" height="200" width="267"/>            <media:content url="https://img00.deviantart.net/2d17/i/2019/027/6/e/dispute_solved_by_xx_avj_xx-dcy5dle.png" height="768" width="1024" medium="image"/>            
            <description>PHEW! SOme drama yesterday huh? Man, its tiring emotionally and physically when Im like that&lt;br /&gt;Anyways&lt;br /&gt;&lt;br /&gt;LoL. I made this just in case there&#039;s an unresolved dispute of which of &#039;em are the older one XD XD&lt;br /&gt;Didnt post this yesterday &#039;cause I dont want to ruin the positivity of this with my yesterday&#039;s negativity&lt;br /&gt;&lt;br /&gt;Undertale (c) TobyFox&lt;br /&gt;Error!Sans &amp;amp; SanzyFresh (c) &lt;span class=&quot;username-with-symbol u&quot;&gt;&lt;a class=&quot;u regular username&quot; href=&quot;https://www.deviantart.com/thecrayonqueen&quot;&gt;TheCrayonQueen&lt;/a&gt;&lt;span class=&quot;user-symbol regular&quot; data-quicktip-text=&quot;&quot; data-show-tooltip=&quot;&quot; data-gruser-type=&quot;regular&quot;&gt;&lt;/span&gt;&lt;/span&gt;&lt;br /&gt;&lt;div&gt;&lt;img src=&quot;https://t00.deviantart.net/ih2HMcMZEJGCiG2ZZMQOpNnrLE4=/300x200/filters:fixed_height(100,100):origin()/pre00/900e/th/pre/i/2019/027/6/e/dispute_solved_by_xx_avj_xx-dcy5dle.png&quot; alt=&quot;thumbnail&quot; /&gt;&lt;/div&gt;</description>            </item>
                    <item>
                <title>::COM:: Comic- Toriel vs Frisk</title>
                <link>https://imaranx.deviantart.com/art/COM-Comic-Toriel-vs-Frisk-782990286</link>
                <guid isPermaLink="true">https://imaranx.deviantart.com/art/COM-Comic-Toriel-vs-Frisk-782990286</guid>
                <pubDate>Sun, 27 Jan 2019 09:02:49 PST</pubDate>
                        <media:title type="plain">::COM:: Comic- Toriel vs Frisk</media:title>
        <media:keywords></media:keywords>
                        <media:rating>adult</media:rating>
                <media:category label="Other">fanart/traditional/drawings/other</media:category>
        <media:credit role="author" scheme="urn:ebu">Imaranx</media:credit>
        <media:credit role="author" scheme="urn:ebu">https://a.deviantart.net/avatars/i/m/imaranx.gif?11</media:credit>
        <media:copyright url="https://imaranx.deviantart.com">Copyright 2019 Imaranx</media:copyright>            <media:description type="html">Full color comic commission for &lt;span class=&quot;username-with-symbol u&quot;&gt;&lt;a class=&quot;u regular username&quot; href=&quot;https://www.deviantart.com/brapitalpunishment&quot;&gt;brapitalpunishment&lt;/a&gt;&lt;span class=&quot;user-symbol regular&quot; data-quicktip-text=&quot;&quot; data-show-tooltip=&quot;&quot; data-gruser-type=&quot;regular&quot;&gt;&lt;/span&gt;&lt;/span&gt;&lt;br /&gt;Thank you for commissioning me, darling ~&amp;#9829;&lt;br /&gt;&lt;br /&gt;Toriel and Frisk are from Undertale &lt;img src=&quot;https://e.deviantart.net/emoticons/w/wink.gif&quot; width=&quot;15&quot; height=&quot;15&quot; alt=&quot;;)&quot; data-embed-type=&quot;emoticon&quot; data-embed-id=&quot;387&quot; title=&quot;;) (Wink)&quot;/&gt;</media:description>            <media:thumbnail url="https://t00.deviantart.net/gWFGyphytDEYxBhrKKeQ1x27E64=/fit-in/150x150/filters:no_upscale():origin()/pre00/e544/th/pre/i/2019/027/6/d/__com___comic__toriel_vs_frisk_by_imaranx-dcy6766.jpg" height="150" width="104"/>            <media:thumbnail url="https://t00.deviantart.net/xOBylJA5NPAdxIUZ2znNTfOhkxY=/fit-in/300x900/filters:no_upscale():origin()/pre00/e544/th/pre/i/2019/027/6/d/__com___comic__toriel_vs_frisk_by_imaranx-dcy6766.jpg" height="432" width="300"/>            <media:thumbnail url="https://t00.deviantart.net/-TbEnKaIa6Ow-ze3Q9yXGuM3DbE=/300x200/filters:fixed_height(100,100):origin()/pre00/e544/th/pre/i/2019/027/6/d/__com___comic__toriel_vs_frisk_by_imaranx-dcy6766.jpg" height="200" width="139"/>            <media:content url="https://pre00.deviantart.net/e544/th/pre/i/2019/027/6/d/__com___comic__toriel_vs_frisk_by_imaranx-dcy6766.jpg" height="1072" width="745" medium="image"/>            
            <description>Full color comic commission for &lt;span class=&quot;username-with-symbol u&quot;&gt;&lt;a class=&quot;u regular username&quot; href=&quot;https://www.deviantart.com/brapitalpunishment&quot;&gt;brapitalpunishment&lt;/a&gt;&lt;span class=&quot;user-symbol regular&quot; data-quicktip-text=&quot;&quot; data-show-tooltip=&quot;&quot; data-gruser-type=&quot;regular&quot;&gt;&lt;/span&gt;&lt;/span&gt;&lt;br /&gt;Thank you for commissioning me, darling ~&amp;#9829;&lt;br /&gt;&lt;br /&gt;Toriel and Frisk are from Undertale &lt;img src=&quot;https://e.deviantart.net/emoticons/w/wink.gif&quot; width=&quot;15&quot; height=&quot;15&quot; alt=&quot;;)&quot; data-embed-type=&quot;emoticon&quot; data-embed-id=&quot;387&quot; title=&quot;;) (Wink)&quot;/&gt;&lt;br /&gt;&lt;div&gt;&lt;img src=&quot;https://t00.deviantart.net/-TbEnKaIa6Ow-ze3Q9yXGuM3DbE=/300x200/filters:fixed_height(100,100):origin()/pre00/e544/th/pre/i/2019/027/6/d/__com___comic__toriel_vs_frisk_by_imaranx-dcy6766.jpg&quot; alt=&quot;thumbnail&quot; /&gt;&lt;/div&gt;</description>            </item>
                    <item>
                <title>Super Paper Deltarune</title>
                <link>https://scissorcrush.deviantart.com/art/Super-Paper-Deltarune-782861449</link>
                <guid isPermaLink="true">https://scissorcrush.deviantart.com/art/Super-Paper-Deltarune-782861449</guid>
                <pubDate>Sat, 26 Jan 2019 12:20:24 PST</pubDate>
                        <media:title type="plain">Super Paper Deltarune</media:title>
        <media:keywords></media:keywords>
                        <media:rating>nonadult</media:rating>
                <media:category label="Games">fanart/digital/drawings/games</media:category>
        <media:credit role="author" scheme="urn:ebu">scissorcrush</media:credit>
        <media:credit role="author" scheme="urn:ebu">https://a.deviantart.net/avatars/s/c/scissorcrush.jpg?5</media:credit>
        <media:copyright url="https://scissorcrush.deviantart.com">Copyright 2019 scissorcrush</media:copyright>            <media:description type="html">so this is obviously meant to reference deltarune&#039;s &#039;legend&#039; cutscene, since i find deltarune and super paper mario have a lot in common! i mean, jevil and dimentio aside of course. i remember posting this on tumblr and getting sooo many &quot;so does this mean luigi isn&#039;t human&quot; comments on it... ahh, good times. folks, that&#039;s what happens if everyone thinks of the same joke.&amp;nbsp;</media:description>            <media:thumbnail url="https://t00.deviantart.net/r525AwObEJencASn9wsHauHS0dA=/fit-in/150x150/filters:no_upscale():origin()/pre00/6c3d/th/pre/i/2019/026/7/e/super_paper_deltarune_by_scissorcrush-dcy3frd.png" height="80" width="150"/>            <media:thumbnail url="https://t00.deviantart.net/upX_9FhiMxD4GfP5Bb34eKHO8tg=/fit-in/300x900/filters:no_upscale():origin()/pre00/6c3d/th/pre/i/2019/026/7/e/super_paper_deltarune_by_scissorcrush-dcy3frd.png" height="160" width="300"/>            <media:thumbnail url="https://t00.deviantart.net/r2kxXClPwnWgG00PbZLj9__8AkE=/300x200/filters:fixed_height(100,100):origin()/pre00/6c3d/th/pre/i/2019/026/7/e/super_paper_deltarune_by_scissorcrush-dcy3frd.png" height="160" width="300"/>            <media:content url="https://img00.deviantart.net/02a7/i/2019/026/7/e/super_paper_deltarune_by_scissorcrush-dcy3frd.png" height="546" width="1024" medium="image"/>            
            <description>so this is obviously meant to reference deltarune&#039;s &#039;legend&#039; cutscene, since i find deltarune and super paper mario have a lot in common! i mean, jevil and dimentio aside of course. i remember posting this on tumblr and getting sooo many &quot;so does this mean luigi isn&#039;t human&quot; comments on it... ahh, good times. folks, that&#039;s what happens if everyone thinks of the same joke.&amp;nbsp;&lt;br /&gt;&lt;div&gt;&lt;img src=&quot;https://t00.deviantart.net/r2kxXClPwnWgG00PbZLj9__8AkE=/300x200/filters:fixed_height(100,100):origin()/pre00/6c3d/th/pre/i/2019/026/7/e/super_paper_deltarune_by_scissorcrush-dcy3frd.png&quot; alt=&quot;thumbnail&quot; /&gt;&lt;/div&gt;</description>            </item>
                    <item>
                <title>Unexpected Guests: Chapter 4 Part 3</title>
                <link>https://undertalethingems.deviantart.com/art/Unexpected-Guests-Chapter-4-Part-3-782907975</link>
                <guid isPermaLink="true">https://undertalethingems.deviantart.com/art/Unexpected-Guests-Chapter-4-Part-3-782907975</guid>
                <pubDate>Sat, 26 Jan 2019 18:18:16 PST</pubDate>
                        <media:title type="plain">Unexpected Guests: Chapter 4 Part 3</media:title>
        <media:keywords></media:keywords>
                        <media:rating>nonadult</media:rating>
                <media:category label="Games">fanart/cartoons/digital/games</media:category>
        <media:credit role="author" scheme="urn:ebu">UndertaleThingems</media:credit>
        <media:credit role="author" scheme="urn:ebu">https://a.deviantart.net/avatars/u/n/undertalethingems.png?2</media:credit>
        <media:copyright url="https://undertalethingems.deviantart.com">Copyright 2019 UndertaleThingems</media:copyright>            <media:description type="html">Just a bit of setup... for both Alphys&#039; presentation, and the real action of this chapter -u-&lt;br /&gt;&lt;br /&gt;Previous:&amp;nbsp;&lt;a href=&quot;https://www.deviantart.com/undertalethingems/art/Unexpected-Guests-Chapter-4-Part-2-782906621&quot;&gt;www.deviantart.com/undertaleth&amp;hellip;&lt;/a&gt;&lt;br /&gt;Next: (Coming soon)</media:description>            <media:thumbnail url="https://t00.deviantart.net/p93fu6C1mNf5GYqGLSl-M0BdE_Q=/fit-in/150x150/filters:no_upscale():origin()/pre00/7dd7/th/pre/i/2019/026/5/b/unexpected_guests__chapter_4_part_3_by_undertalethingems-dcy4fnr.png" height="150" width="47"/>            <media:thumbnail url="https://t00.deviantart.net/XiJ1ATx4UP3LjGyd7GiJlQTQaR0=/fit-in/300x900/filters:no_upscale():origin()/pre00/7dd7/th/pre/i/2019/026/5/b/unexpected_guests__chapter_4_part_3_by_undertalethingems-dcy4fnr.png" height="900" width="281"/>            <media:thumbnail url="https://t00.deviantart.net/RPgCBbjrq1to_-NjjhUEOwO0RU4=/300x200/filters:fixed_height(100,100):origin()/pre00/7dd7/th/pre/i/2019/026/5/b/unexpected_guests__chapter_4_part_3_by_undertalethingems-dcy4fnr.png" height="201" width="100"/>            <media:content url="https://pre00.deviantart.net/7dd7/th/pre/i/2019/026/5/b/unexpected_guests__chapter_4_part_3_by_undertalethingems-dcy4fnr.png" height="1600" width="500" medium="image"/>            
            <description>Just a bit of setup... for both Alphys&#039; presentation, and the real action of this chapter -u-&lt;br /&gt;&lt;br /&gt;Previous:&amp;nbsp;&lt;a href=&quot;https://www.deviantart.com/undertalethingems/art/Unexpected-Guests-Chapter-4-Part-2-782906621&quot;&gt;www.deviantart.com/undertaleth&amp;hellip;&lt;/a&gt;&lt;br /&gt;Next: (Coming soon)&lt;br /&gt;&lt;div&gt;&lt;img src=&quot;https://t00.deviantart.net/RPgCBbjrq1to_-NjjhUEOwO0RU4=/300x200/filters:fixed_height(100,100):origin()/pre00/7dd7/th/pre/i/2019/026/5/b/unexpected_guests__chapter_4_part_3_by_undertalethingems-dcy4fnr.png&quot; alt=&quot;thumbnail&quot; /&gt;&lt;/div&gt;</description>            </item>
                    <item>
                <title>Discarded</title>
                <link>https://cyberfell.deviantart.com/art/Discarded-782903502</link>
                <guid isPermaLink="true">https://cyberfell.deviantart.com/art/Discarded-782903502</guid>
                <pubDate>Sat, 26 Jan 2019 17:39:55 PST</pubDate>
                        <media:title type="plain">Discarded</media:title>
        <media:keywords></media:keywords>
                        <media:rating>nonadult</media:rating>
                <media:category label="Games">fanart/cartoons/digital/games</media:category>
        <media:credit role="author" scheme="urn:ebu">CyberFell</media:credit>
        <media:credit role="author" scheme="urn:ebu">https://a.deviantart.net/avatars/c/y/cyberfell.jpg?6</media:credit>
        <media:copyright url="https://cyberfell.deviantart.com">Copyright 2019 CyberFell</media:copyright>            <media:description type="html">Vessel:&amp;nbsp;&lt;a href=&quot;https://www.deviantart.com/fear-the-brilliance/art/Sad-Emote-308814514&quot; class=&quot;emoticon&quot; data-embed-type=&quot;emoticon&quot; data-embed-id=&quot;308814514&quot; data-embed-profile=&quot;deviation&quot;&gt;&lt;img src=&quot;https://orig00.deviantart.net/1a1b/f/2012/168/5/0/sad_emote_by_fear_the_brilliance-d53uysy.gif&quot; alt=&quot;Sad Emote&quot; style=&quot;width:16px;height:14px&quot;&gt;&lt;/a&gt;&amp;nbsp;&amp;nbsp;</media:description>            <media:thumbnail url="https://t00.deviantart.net/bHU5-Sn8ADDT-j_10UvsBNmDVXU=/fit-in/150x150/filters:no_upscale():origin()/pre00/e52e/th/pre/f/2019/026/e/2/discarded_by_cyberfell-dcy4c7i.png" height="150" width="105"/>            <media:thumbnail url="https://t00.deviantart.net/wsY6cyhEwxCenvPtgMkiRxUPWXk=/fit-in/300x900/filters:no_upscale():origin()/pre00/e52e/th/pre/f/2019/026/e/2/discarded_by_cyberfell-dcy4c7i.png" height="431" width="300"/>            <media:thumbnail url="https://t00.deviantart.net/Q9sIlcUIAS7PkObRufZbjiIz5XA=/300x200/filters:fixed_height(100,100):origin()/pre00/e52e/th/pre/f/2019/026/e/2/discarded_by_cyberfell-dcy4c7i.png" height="200" width="139"/>            <media:content url="https://pre00.deviantart.net/e52e/th/pre/f/2019/026/e/2/discarded_by_cyberfell-dcy4c7i.png" height="1071" width="746" medium="image"/>            
            <description>Vessel:&amp;nbsp;&lt;a href=&quot;https://www.deviantart.com/fear-the-brilliance/art/Sad-Emote-308814514&quot; class=&quot;emoticon&quot; data-embed-type=&quot;emoticon&quot; data-embed-id=&quot;308814514&quot; data-embed-profile=&quot;deviation&quot;&gt;&lt;img src=&quot;https://orig00.deviantart.net/1a1b/f/2012/168/5/0/sad_emote_by_fear_the_brilliance-d53uysy.gif&quot; alt=&quot;Sad Emote&quot; style=&quot;width:16px;height:14px&quot;&gt;&lt;/a&gt;&amp;nbsp;&amp;nbsp;&lt;br /&gt;&lt;div&gt;&lt;img src=&quot;https://t00.deviantart.net/Q9sIlcUIAS7PkObRufZbjiIz5XA=/300x200/filters:fixed_height(100,100):origin()/pre00/e52e/th/pre/f/2019/026/e/2/discarded_by_cyberfell-dcy4c7i.png&quot; alt=&quot;thumbnail&quot; /&gt;&lt;/div&gt;</description>            </item>
                    <item>
                <title>G&#039;Mornin&#039; (Asgore Dreemurr)</title>
                <link>https://i-should-not-exist.deviantart.com/art/G-Mornin-Asgore-Dreemurr-782886346</link>
                <guid isPermaLink="true">https://i-should-not-exist.deviantart.com/art/G-Mornin-Asgore-Dreemurr-782886346</guid>
                <pubDate>Sat, 26 Jan 2019 15:18:10 PST</pubDate>
                        <media:title type="plain">G&#039;Mornin&#039; (Asgore Dreemurr)</media:title>
        <media:keywords></media:keywords>
                        <media:rating>adult</media:rating>
                <media:category label="Animals">digitalart/paintings/animals</media:category>
        <media:credit role="author" scheme="urn:ebu">I-Should-Not-Exist</media:credit>
        <media:credit role="author" scheme="urn:ebu">https://a.deviantart.net/avatars/i/_/i-should-not-exist.png?15</media:credit>
        <media:copyright url="https://i-should-not-exist.deviantart.com">Copyright 2019 I-Should-Not-Exist</media:copyright>            <media:description type="html">Asgore&#039;s made some tea and is wondering if you also wanted some this warm morning, perhaps with some sugar and cream?&lt;br /&gt;&lt;br /&gt;Patreon: &lt;a class=&quot;external&quot; href=&quot;https://www.deviantart.com/users/outgoing?https://www.patreon.com/oystercatcher7&quot;&gt;www.patreon.com/oystercatcher7&lt;/a&gt;&lt;br /&gt;Ko-Fi: &lt;a class=&quot;external&quot; href=&quot;https://www.deviantart.com/users/outgoing?https://ko-fi.com/deerestfriend&quot;&gt;ko-fi.com/deerestfriend&lt;/a&gt;</media:description>            <media:thumbnail url="https://t00.deviantart.net/S16fq_kCgpcyEbgTJlaLRKclcZQ=/fit-in/150x150/filters:no_upscale():origin()/pre00/8a25/th/pre/i/2019/026/b/5/g_mornin___asgore_dreemurr__by_i_should_not_exist-dcy3yyy.png" height="150" width="113"/>            <media:thumbnail url="https://t00.deviantart.net/Um9_EbE-9JdTIK7ovDcznbqXZQg=/fit-in/300x900/filters:no_upscale():origin()/pre00/8a25/th/pre/i/2019/026/b/5/g_mornin___asgore_dreemurr__by_i_should_not_exist-dcy3yyy.png" height="400" width="300"/>            <media:thumbnail url="https://t00.deviantart.net/o07in-6JlbetnmSmglHGFwrkWGA=/300x200/filters:fixed_height(100,100):origin()/pre00/8a25/th/pre/i/2019/026/b/5/g_mornin___asgore_dreemurr__by_i_should_not_exist-dcy3yyy.png" height="200" width="150"/>            <media:content url="https://pre00.deviantart.net/8a25/th/pre/i/2019/026/b/5/g_mornin___asgore_dreemurr__by_i_should_not_exist-dcy3yyy.png" height="1032" width="774" medium="image"/>            
            <description>Asgore&#039;s made some tea and is wondering if you also wanted some this warm morning, perhaps with some sugar and cream?&lt;br /&gt;&lt;br /&gt;Patreon: &lt;a class=&quot;external&quot; href=&quot;https://www.deviantart.com/users/outgoing?https://www.patreon.com/oystercatcher7&quot;&gt;www.patreon.com/oystercatcher7&lt;/a&gt;&lt;br /&gt;Ko-Fi: &lt;a class=&quot;external&quot; href=&quot;https://www.deviantart.com/users/outgoing?https://ko-fi.com/deerestfriend&quot;&gt;ko-fi.com/deerestfriend&lt;/a&gt;&lt;br /&gt;&lt;div&gt;&lt;img src=&quot;https://t00.deviantart.net/o07in-6JlbetnmSmglHGFwrkWGA=/300x200/filters:fixed_height(100,100):origin()/pre00/8a25/th/pre/i/2019/026/b/5/g_mornin___asgore_dreemurr__by_i_should_not_exist-dcy3yyy.png&quot; alt=&quot;thumbnail&quot; /&gt;&lt;/div&gt;</description>            </item>
                    <item>
                <title>U.O.E. Character Profiles #1: Kris</title>
                <link>https://nenilein.deviantart.com/art/U-O-E-Character-Profiles-1-Kris-782871631</link>
                <guid isPermaLink="true">https://nenilein.deviantart.com/art/U-O-E-Character-Profiles-1-Kris-782871631</guid>
                <pubDate>Sat, 26 Jan 2019 13:50:22 PST</pubDate>
                        <media:title type="plain">U.O.E. Character Profiles #1: Kris</media:title>
        <media:keywords></media:keywords>
                        <media:rating>nonadult</media:rating>
                <media:category label="Games">fanart/digital/drawings/games</media:category>
        <media:credit role="author" scheme="urn:ebu">Nenilein</media:credit>
        <media:credit role="author" scheme="urn:ebu">https://a.deviantart.net/avatars/n/e/nenilein.jpg?8</media:credit>
        <media:copyright url="https://nenilein.deviantart.com">Copyright 2019 Nenilein</media:copyright>
            <media:community>
                <media:tags>@PinkGeekNeni</media:tags>
            </media:community>            <media:description type="html">A Character Profile for my Undertale/Deltarune Comic &quot;UnReLaTeD Overflow Error&quot;.&amp;nbsp;&lt;a href=&quot;https://www.deviantart.com/nenilein/gallery/67720687/UnReLaTeD-Overflow-Error&quot;&gt;www.deviantart.com/nenilein/ga&amp;hellip;&lt;/a&gt;&lt;br /&gt;&lt;br /&gt;Since this won&#039;t make sense to anyone not reading said comic, let me explain: Kris has escaped their timeloop by loading an Undertale SAVE and is now unintentionally possessing Frisk&#039;s body. If you wanna know how that affects them and what they do about it, just read the comic~&lt;br /&gt;&lt;br /&gt;I am planning on doing profiles like this for the comic as new main characters appear. The story is going to have 3 main characters total, plus one other character I really wanna do a profile for.</media:description>            <media:thumbnail url="https://t00.deviantart.net/1SIkp1VG6y4cC_4ISaXX8IqpUOY=/fit-in/150x150/filters:no_upscale():origin()/pre00/111e/th/pre/i/2019/026/e/d/u_o_e__character_profiles__1__kris_by_nenilein-dcy3nm7.png" height="150" width="105"/>            <media:thumbnail url="https://t00.deviantart.net/BXi1soTc8Ds46iOAivNzMrh7CvI=/fit-in/300x900/filters:no_upscale():origin()/pre00/111e/th/pre/i/2019/026/e/d/u_o_e__character_profiles__1__kris_by_nenilein-dcy3nm7.png" height="429" width="300"/>            <media:thumbnail url="https://t00.deviantart.net/JGnpjSHh-f6r3BdFqjOzwdBvtYA=/300x200/filters:fixed_height(100,100):origin()/pre00/111e/th/pre/i/2019/026/e/d/u_o_e__character_profiles__1__kris_by_nenilein-dcy3nm7.png" height="200" width="140"/>            <media:content url="https://pre00.deviantart.net/111e/th/pre/i/2019/026/e/d/u_o_e__character_profiles__1__kris_by_nenilein-dcy3nm7.png" height="1069" width="748" medium="image"/>            
            <description>A Character Profile for my Undertale/Deltarune Comic &quot;UnReLaTeD Overflow Error&quot;.&amp;nbsp;&lt;a href=&quot;https://www.deviantart.com/nenilein/gallery/67720687/UnReLaTeD-Overflow-Error&quot;&gt;www.deviantart.com/nenilein/ga&amp;hellip;&lt;/a&gt;&lt;br /&gt;&lt;br /&gt;Since this won&#039;t make sense to anyone not reading said comic, let me explain: Kris has escaped their timeloop by loading an Undertale SAVE and is now unintentionally possessing Frisk&#039;s body. If you wanna know how that affects them and what they do about it, just read the comic~&lt;br /&gt;&lt;br /&gt;I am planning on doing profiles like this for the comic as new main characters appear. The story is going to have 3 main characters total, plus one other character I really wanna do a profile for.&lt;br /&gt;&lt;div&gt;&lt;img src=&quot;https://t00.deviantart.net/JGnpjSHh-f6r3BdFqjOzwdBvtYA=/300x200/filters:fixed_height(100,100):origin()/pre00/111e/th/pre/i/2019/026/e/d/u_o_e__character_profiles__1__kris_by_nenilein-dcy3nm7.png&quot; alt=&quot;thumbnail&quot; /&gt;&lt;/div&gt;</description>            </item>
                    <item>
                <title>Underwatertale Chapter 7 Page 1</title>
                <link>https://doudy20.deviantart.com/art/Underwatertale-Chapter-7-Page-1-782972943</link>
                <guid isPermaLink="true">https://doudy20.deviantart.com/art/Underwatertale-Chapter-7-Page-1-782972943</guid>
                <pubDate>Sun, 27 Jan 2019 06:15:43 PST</pubDate>
                        <media:title type="plain">Underwatertale Chapter 7 Page 1</media:title>
        <media:keywords></media:keywords>
                        <media:rating>nonadult</media:rating>
                <media:category label="Games">fanart/cartoons/digital/games</media:category>
        <media:credit role="author" scheme="urn:ebu">Doudy20</media:credit>
        <media:credit role="author" scheme="urn:ebu">https://a.deviantart.net/avatars/d/o/doudy20.png?12</media:credit>
        <media:copyright url="https://doudy20.deviantart.com">Copyright 2019 Doudy20</media:copyright>            <media:description type="html">&lt;span&gt;&lt;b&gt;Ask the characters in the comments!&lt;/b&gt;&lt;/span&gt;&lt;br /&gt;&lt;a href=&quot;https://doudy20.deviantart.com/art/Chapter-1-Frisk-comes-614432333&quot;&gt;&lt;i&gt;Chapter 1&lt;/i&gt;&lt;/a&gt;&lt;span&gt;&amp;nbsp;|&amp;nbsp;&lt;/span&gt;&lt;a href=&quot;https://doudy20.deviantart.com/art/Chapter-2-The-Skeleton-Family-617596278&quot;&gt;&lt;i&gt;Chapter 2&lt;/i&gt;&lt;/a&gt;&lt;span&gt;&amp;nbsp;|&amp;nbsp;&lt;/span&gt;&lt;a href=&quot;https://doudy20.deviantart.com/art/Chapter-3-YOU-LOVE-THEM-640110110&quot;&gt;&lt;i&gt;Chapter 3&lt;/i&gt;&lt;/a&gt;&lt;span&gt;&amp;nbsp;|&amp;nbsp;&lt;/span&gt;&lt;a href=&quot;https://doudy20.deviantart.com/art/Chapter-4-Sick-678710717&quot;&gt;&lt;i&gt;Chapter 4&lt;/i&gt;&lt;/a&gt;&lt;span&gt;&amp;nbsp;|&amp;nbsp;&lt;/span&gt;&lt;a href=&quot;https://www.deviantart.com/doudy20/art/Underwatertale-Chapter-5-Love-Is-Complicated-Cover-755096749&quot;&gt;&lt;i&gt;Chapter 5&lt;/i&gt;&lt;/a&gt;&lt;span&gt;&amp;nbsp;|&amp;nbsp;&lt;/span&gt;&lt;i&gt;&lt;a href=&quot;https://www.deviantart.com/doudy20/art/Underwatertale-Chapter-6-Cover-765007757&quot;&gt;Chapter 6&lt;/a&gt;&amp;nbsp;| &lt;a href=&quot;https://www.deviantart.com/doudy20/art/Underwatertale-Chapter-7-Cover-782972620&quot;&gt;Chapter 7&lt;/a&gt;&lt;/i&gt;&lt;br /&gt;&lt;a href=&quot;https://www.deviantart.com/doudy20/art/Underwatertale-Chapter-7-Cover-782972620&quot;&gt;&lt;i&gt;Previous&lt;/i&gt;&lt;/a&gt;&lt;span&gt;&amp;nbsp;|&amp;nbsp;&lt;/span&gt;&lt;i&gt;&lt;a class=&quot;external&quot; href=&quot;https://www.deviantart.com/users/outgoing?https://www.patreon.com/posts/24106112&quot;&gt;&lt;b&gt;Next&lt;/b&gt;&lt;/a&gt;&lt;/i&gt;&lt;i&gt;&lt;br /&gt;&lt;br /&gt;&lt;/i&gt;&lt;span&gt;&amp;#127752;&amp;nbsp;&lt;/span&gt;&lt;b&gt;Enjoy my work?&amp;nbsp;&lt;/b&gt;&lt;b&gt;Support me!&amp;nbsp;&lt;i&gt;&lt;a class=&quot;external&quot; href=&quot;https://www.deviantart.com/users/outgoing?https://t.umblr.com/redirect?z=https%3A%2F%2Fwww.patreon.com%2Fdoudy&amp;amp;t=NTdmNjFlNDA3NDk4NmU5N2IwNDEzODA3MTFmMjkyNDc5OGMyMDZkNixVQjNuNVVucg%3D%3D&amp;amp;b=t%3ACFYSdpGVaa9zT7w-3klveg&amp;amp;p=http%3A%2F%2Fdoudy20.tumblr.com%2Fpost%2F172857267174%2Fink-and-i-part-11-previous-next-soon-doudy&amp;amp;m=1&quot;&gt;&lt;b&gt;Patreon&lt;/b&gt;&lt;/a&gt;&amp;nbsp;|&lt;/i&gt;&amp;nbsp;&lt;i&gt;&lt;a class=&quot;external&quot; href=&quot;https://www.deviantart.com/users/outgoing?https://t.umblr.com/redirect?z=https%3A%2F%2Fko-fi.com%2FA1412E42&amp;amp;t=ZjlhN2YwOTU2M2YzYWNjM2FhYWVjNDI4N2ViOTNlNjBmMGI5ZDNiMyxVQjNuNVVucg%3D%3D&amp;amp;b=t%3ACFYSdpGVaa9zT7w-3klveg&amp;amp;p=http%3A%2F%2Fdoudy20.tumblr.com%2Fpost%2F172857267174%2Fink-and-i-part-11-previous-next-soon-doudy&amp;amp;m=1&quot;&gt;&lt;b&gt;Ko-fi&lt;/b&gt;&lt;/a&gt;&amp;nbsp;|&lt;/i&gt;&amp;nbsp;&lt;a class=&quot;external&quot; href=&quot;https://www.deviantart.com/users/outgoing?https://www.paypal.me/cindydoudy&quot;&gt;&lt;i&gt;&lt;b&gt;Paypal&lt;/b&gt;&lt;/i&gt;&lt;/a&gt;&lt;i&gt;&amp;nbsp;&lt;/i&gt;|&amp;nbsp;&lt;i&gt;&lt;a href=&quot;https://www.deviantart.com/doudy20/art/Commissions-open-758912758&quot;&gt;Commissions info&lt;/a&gt;&lt;/i&gt;&lt;br /&gt;&lt;/b&gt;&lt;span&gt;&amp;#127912;&amp;nbsp;&lt;/span&gt;&lt;b&gt;Find me on:&amp;nbsp;&lt;i&gt;&lt;a class=&quot;external&quot; href=&quot;https://www.deviantart.com/users/outgoing?https://www.pillowfort.io/Doudy&quot;&gt;&lt;b&gt;Pillowfort&lt;/b&gt;&lt;/a&gt;&amp;nbsp;|&lt;/i&gt;&amp;nbsp;&lt;i&gt;&lt;a class=&quot;external&quot; href=&quot;https://www.deviantart.com/users/outgoing?http://doudy20.tumblr.com/&quot;&gt;&lt;b&gt;Tumblr&lt;/b&gt;&lt;/a&gt;&amp;nbsp;|&lt;/i&gt;&amp;nbsp;&lt;i&gt;&lt;a class=&quot;external&quot; href=&quot;https://www.deviantart.com/users/outgoing?https://twitter.com/DoudyCD&quot;&gt;&lt;b&gt;Twitter&lt;/b&gt;&lt;/a&gt;&amp;nbsp;|&lt;/i&gt;&lt;i&gt;&amp;nbsp;&lt;a class=&quot;external&quot; href=&quot;https://www.deviantart.com/users/outgoing?https://www.youtube.com/channel/UCPsu-ld2zLxK_tbdwW0bhUA&quot;&gt;&lt;b&gt;YouTube&lt;/b&gt;&lt;/a&gt;&amp;nbsp;|&lt;/i&gt;&lt;i&gt;&amp;nbsp;&lt;/i&gt;&lt;i&gt;&lt;a class=&quot;external&quot; href=&quot;https://www.deviantart.com/users/outgoing?https://www.facebook.com/Doudy-835640073255034/&quot;&gt;&lt;b&gt;Facebook&lt;/b&gt;&lt;/a&gt;&amp;nbsp;|&amp;nbsp;&lt;a class=&quot;external&quot; href=&quot;https://www.deviantart.com/users/outgoing?https://picarto.tv/Doudy&quot;&gt;&lt;b&gt;Picarto&lt;/b&gt;&lt;/a&gt;&amp;nbsp;|&lt;/i&gt;&amp;nbsp;&lt;a class=&quot;external&quot; href=&quot;https://www.deviantart.com/users/outgoing?http://www.holapu.com/&quot;&gt;&lt;i&gt;&lt;b&gt;My website&lt;/b&gt;&lt;/i&gt;&lt;/a&gt;&lt;i&gt;&amp;nbsp;&lt;/i&gt;|&lt;i&gt;&amp;nbsp;&lt;a class=&quot;external&quot; href=&quot;https://www.deviantart.com/users/outgoing?https://discordapp.com/invite/URBB3gR&quot;&gt;&lt;b&gt;Discord server&lt;/b&gt;&lt;/a&gt;&lt;/i&gt;&lt;/b&gt;</media:description>            <media:thumbnail url="https://t00.deviantart.net/4b_-im93O-I5qisSMBdZjbytuio=/fit-in/150x150/filters:no_upscale():origin()/pre00/64b4/th/pre/f/2019/027/5/7/underwatertale_chapter_7_page_1_by_doudy20-dcy5tsf.png" height="150" width="106"/>            <media:thumbnail url="https://t00.deviantart.net/Ae6SKguCEO3DUWFAt-kFnPCbdz0=/fit-in/300x900/filters:no_upscale():origin()/pre00/64b4/th/pre/f/2019/027/5/7/underwatertale_chapter_7_page_1_by_doudy20-dcy5tsf.png" height="424" width="300"/>            <media:thumbnail url="https://t00.deviantart.net/q09HPpdp4sKKClaBAY8vAepuuAc=/300x200/filters:fixed_height(100,100):origin()/pre00/64b4/th/pre/f/2019/027/5/7/underwatertale_chapter_7_page_1_by_doudy20-dcy5tsf.png" height="200" width="141"/>            <media:content url="https://pre00.deviantart.net/64b4/th/pre/f/2019/027/5/7/underwatertale_chapter_7_page_1_by_doudy20-dcy5tsf.png" height="1063" width="751" medium="image"/>            
            <description>&lt;span&gt;&lt;b&gt;Ask the characters in the comments!&lt;/b&gt;&lt;/span&gt;&lt;br /&gt;&lt;a href=&quot;https://doudy20.deviantart.com/art/Chapter-1-Frisk-comes-614432333&quot;&gt;&lt;i&gt;Chapter 1&lt;/i&gt;&lt;/a&gt;&lt;span&gt;&amp;nbsp;|&amp;nbsp;&lt;/span&gt;&lt;a href=&quot;https://doudy20.deviantart.com/art/Chapter-2-The-Skeleton-Family-617596278&quot;&gt;&lt;i&gt;Chapter 2&lt;/i&gt;&lt;/a&gt;&lt;span&gt;&amp;nbsp;|&amp;nbsp;&lt;/span&gt;&lt;a href=&quot;https://doudy20.deviantart.com/art/Chapter-3-YOU-LOVE-THEM-640110110&quot;&gt;&lt;i&gt;Chapter 3&lt;/i&gt;&lt;/a&gt;&lt;span&gt;&amp;nbsp;|&amp;nbsp;&lt;/span&gt;&lt;a href=&quot;https://doudy20.deviantart.com/art/Chapter-4-Sick-678710717&quot;&gt;&lt;i&gt;Chapter 4&lt;/i&gt;&lt;/a&gt;&lt;span&gt;&amp;nbsp;|&amp;nbsp;&lt;/span&gt;&lt;a href=&quot;https://www.deviantart.com/doudy20/art/Underwatertale-Chapter-5-Love-Is-Complicated-Cover-755096749&quot;&gt;&lt;i&gt;Chapter 5&lt;/i&gt;&lt;/a&gt;&lt;span&gt;&amp;nbsp;|&amp;nbsp;&lt;/span&gt;&lt;i&gt;&lt;a href=&quot;https://www.deviantart.com/doudy20/art/Underwatertale-Chapter-6-Cover-765007757&quot;&gt;Chapter 6&lt;/a&gt;&amp;nbsp;| &lt;a href=&quot;https://www.deviantart.com/doudy20/art/Underwatertale-Chapter-7-Cover-782972620&quot;&gt;Chapter 7&lt;/a&gt;&lt;/i&gt;&lt;br /&gt;&lt;a href=&quot;https://www.deviantart.com/doudy20/art/Underwatertale-Chapter-7-Cover-782972620&quot;&gt;&lt;i&gt;Previous&lt;/i&gt;&lt;/a&gt;&lt;span&gt;&amp;nbsp;|&amp;nbsp;&lt;/span&gt;&lt;i&gt;&lt;a class=&quot;external&quot; href=&quot;https://www.deviantart.com/users/outgoing?https://www.patreon.com/posts/24106112&quot;&gt;&lt;b&gt;Next&lt;/b&gt;&lt;/a&gt;&lt;/i&gt;&lt;i&gt;&lt;br /&gt;&lt;br /&gt;&lt;/i&gt;&lt;span&gt;&amp;#127752;&amp;nbsp;&lt;/span&gt;&lt;b&gt;Enjoy my work?&amp;nbsp;&lt;/b&gt;&lt;b&gt;Support me!&amp;nbsp;&lt;i&gt;&lt;a class=&quot;external&quot; href=&quot;https://www.deviantart.com/users/outgoing?https://t.umblr.com/redirect?z=https%3A%2F%2Fwww.patreon.com%2Fdoudy&amp;amp;t=NTdmNjFlNDA3NDk4NmU5N2IwNDEzODA3MTFmMjkyNDc5OGMyMDZkNixVQjNuNVVucg%3D%3D&amp;amp;b=t%3ACFYSdpGVaa9zT7w-3klveg&amp;amp;p=http%3A%2F%2Fdoudy20.tumblr.com%2Fpost%2F172857267174%2Fink-and-i-part-11-previous-next-soon-doudy&amp;amp;m=1&quot;&gt;&lt;b&gt;Patreon&lt;/b&gt;&lt;/a&gt;&amp;nbsp;|&lt;/i&gt;&amp;nbsp;&lt;i&gt;&lt;a class=&quot;external&quot; href=&quot;https://www.deviantart.com/users/outgoing?https://t.umblr.com/redirect?z=https%3A%2F%2Fko-fi.com%2FA1412E42&amp;amp;t=ZjlhN2YwOTU2M2YzYWNjM2FhYWVjNDI4N2ViOTNlNjBmMGI5ZDNiMyxVQjNuNVVucg%3D%3D&amp;amp;b=t%3ACFYSdpGVaa9zT7w-3klveg&amp;amp;p=http%3A%2F%2Fdoudy20.tumblr.com%2Fpost%2F172857267174%2Fink-and-i-part-11-previous-next-soon-doudy&amp;amp;m=1&quot;&gt;&lt;b&gt;Ko-fi&lt;/b&gt;&lt;/a&gt;&amp;nbsp;|&lt;/i&gt;&amp;nbsp;&lt;a class=&quot;external&quot; href=&quot;https://www.deviantart.com/users/outgoing?https://www.paypal.me/cindydoudy&quot;&gt;&lt;i&gt;&lt;b&gt;Paypal&lt;/b&gt;&lt;/i&gt;&lt;/a&gt;&lt;i&gt;&amp;nbsp;&lt;/i&gt;|&amp;nbsp;&lt;i&gt;&lt;a href=&quot;https://www.deviantart.com/doudy20/art/Commissions-open-758912758&quot;&gt;Commissions info&lt;/a&gt;&lt;/i&gt;&lt;br /&gt;&lt;/b&gt;&lt;span&gt;&amp;#127912;&amp;nbsp;&lt;/span&gt;&lt;b&gt;Find me on:&amp;nbsp;&lt;i&gt;&lt;a class=&quot;external&quot; href=&quot;https://www.deviantart.com/users/outgoing?https://www.pillowfort.io/Doudy&quot;&gt;&lt;b&gt;Pillowfort&lt;/b&gt;&lt;/a&gt;&amp;nbsp;|&lt;/i&gt;&amp;nbsp;&lt;i&gt;&lt;a class=&quot;external&quot; href=&quot;https://www.deviantart.com/users/outgoing?http://doudy20.tumblr.com/&quot;&gt;&lt;b&gt;Tumblr&lt;/b&gt;&lt;/a&gt;&amp;nbsp;|&lt;/i&gt;&amp;nbsp;&lt;i&gt;&lt;a class=&quot;external&quot; href=&quot;https://www.deviantart.com/users/outgoing?https://twitter.com/DoudyCD&quot;&gt;&lt;b&gt;Twitter&lt;/b&gt;&lt;/a&gt;&amp;nbsp;|&lt;/i&gt;&lt;i&gt;&amp;nbsp;&lt;a class=&quot;external&quot; href=&quot;https://www.deviantart.com/users/outgoing?https://www.youtube.com/channel/UCPsu-ld2zLxK_tbdwW0bhUA&quot;&gt;&lt;b&gt;YouTube&lt;/b&gt;&lt;/a&gt;&amp;nbsp;|&lt;/i&gt;&lt;i&gt;&amp;nbsp;&lt;/i&gt;&lt;i&gt;&lt;a class=&quot;external&quot; href=&quot;https://www.deviantart.com/users/outgoing?https://www.facebook.com/Doudy-835640073255034/&quot;&gt;&lt;b&gt;Facebook&lt;/b&gt;&lt;/a&gt;&amp;nbsp;|&amp;nbsp;&lt;a class=&quot;external&quot; href=&quot;https://www.deviantart.com/users/outgoing?https://picarto.tv/Doudy&quot;&gt;&lt;b&gt;Picarto&lt;/b&gt;&lt;/a&gt;&amp;nbsp;|&lt;/i&gt;&amp;nbsp;&lt;a class=&quot;external&quot; href=&quot;https://www.deviantart.com/users/outgoing?http://www.holapu.com/&quot;&gt;&lt;i&gt;&lt;b&gt;My website&lt;/b&gt;&lt;/i&gt;&lt;/a&gt;&lt;i&gt;&amp;nbsp;&lt;/i&gt;|&lt;i&gt;&amp;nbsp;&lt;a class=&quot;external&quot; href=&quot;https://www.deviantart.com/users/outgoing?https://discordapp.com/invite/URBB3gR&quot;&gt;&lt;b&gt;Discord server&lt;/b&gt;&lt;/a&gt;&lt;/i&gt;&lt;/b&gt;&lt;br /&gt;&lt;div&gt;&lt;img src=&quot;https://t00.deviantart.net/q09HPpdp4sKKClaBAY8vAepuuAc=/300x200/filters:fixed_height(100,100):origin()/pre00/64b4/th/pre/f/2019/027/5/7/underwatertale_chapter_7_page_1_by_doudy20-dcy5tsf.png&quot; alt=&quot;thumbnail&quot; /&gt;&lt;/div&gt;</description>            </item>
                    <item>
                <title>Have some dark candy!~</title>
                <link>https://zekrio.deviantart.com/art/Have-some-dark-candy-782959175</link>
                <guid isPermaLink="true">https://zekrio.deviantart.com/art/Have-some-dark-candy-782959175</guid>
                <pubDate>Sun, 27 Jan 2019 03:31:27 PST</pubDate>
                        <media:title type="plain">Have some dark candy!~</media:title>
        <media:keywords></media:keywords>
                        <media:rating>nonadult</media:rating>
                <media:category label="Games">fanart/digital/drawings/games</media:category>
        <media:credit role="author" scheme="urn:ebu">Zekrio</media:credit>
        <media:credit role="author" scheme="urn:ebu">https://a.deviantart.net/avatars/z/e/zekrio.gif?3</media:credit>
        <media:copyright url="https://zekrio.deviantart.com">Copyright 2019 Zekrio</media:copyright>            <media:description type="html"></media:description>            <media:thumbnail url="https://t00.deviantart.net/y6068kIlxvRmelYgMUSsnalLKuQ=/fit-in/150x150/filters:no_upscale():origin()/pre00/9c13/th/pre/i/2019/027/b/1/have_some_dark_candy___by_zekrio-dcy5j5z.png" height="100" width="150"/>            <media:thumbnail url="https://t00.deviantart.net/Kt8LBaH_3USiNL9rBjjHrWM4hMU=/fit-in/300x900/filters:no_upscale():origin()/pre00/9c13/th/pre/i/2019/027/b/1/have_some_dark_candy___by_zekrio-dcy5j5z.png" height="200" width="300"/>            <media:thumbnail url="https://t00.deviantart.net/qHP5BO-Vr8I2NXjJMWVIwFeqfRA=/300x200/filters:fixed_height(100,100):origin()/pre00/9c13/th/pre/i/2019/027/b/1/have_some_dark_candy___by_zekrio-dcy5j5z.png" height="200" width="300"/>            <media:content url="https://pre00.deviantart.net/9c13/th/pre/i/2019/027/b/1/have_some_dark_candy___by_zekrio-dcy5j5z.png" height="730" width="1095" medium="image"/>            
            <description>&lt;br /&gt;&lt;div&gt;&lt;img src=&quot;https://t00.deviantart.net/qHP5BO-Vr8I2NXjJMWVIwFeqfRA=/300x200/filters:fixed_height(100,100):origin()/pre00/9c13/th/pre/i/2019/027/b/1/have_some_dark_candy___by_zekrio-dcy5j5z.png&quot; alt=&quot;thumbnail&quot; /&gt;&lt;/div&gt;</description>            </item>
                    <item>
                <title>Ask Traditiontale 193</title>
                <link>https://quillwrighter.deviantart.com/art/Ask-Traditiontale-193-782949110</link>
                <guid isPermaLink="true">https://quillwrighter.deviantart.com/art/Ask-Traditiontale-193-782949110</guid>
                <pubDate>Sun, 27 Jan 2019 00:53:25 PST</pubDate>
                        <media:title type="plain">Ask Traditiontale 193</media:title>
        <media:keywords></media:keywords>
                        <media:rating>nonadult</media:rating>
                <media:category label="Games">fanart/digital/drawings/games</media:category>
        <media:credit role="author" scheme="urn:ebu">QuillWrighter</media:credit>
        <media:credit role="author" scheme="urn:ebu">https://a.deviantart.net/avatars/q/u/quillwrighter.png?3</media:credit>
        <media:copyright url="https://quillwrighter.deviantart.com">Copyright 2019 QuillWrighter</media:copyright>            <media:description type="html">Previous ~ &lt;a href=&quot;https://www.deviantart.com/quillwrighter/art/Ask-Traditiontale-192-781184050&quot;&gt;Ask Traditiontale 192&lt;/a&gt;&lt;a href=&quot;https://www.deviantart.com/quillwrighter/art/Ask-Traditiontale-191-779916234&quot;&gt;&lt;/a&gt;&lt;div&gt;&lt;div&gt;&lt;div&gt;&lt;br /&gt;&lt;/div&gt;&lt;div&gt;Next ~ Next Week&lt;br /&gt;&lt;/div&gt;&lt;div&gt;&lt;br /&gt;&lt;/div&gt;&lt;div&gt;Tumblr ~ &lt;a class=&quot;external&quot; href=&quot;https://www.deviantart.com/users/outgoing?https://quill-wrighter.tumblr.com/&quot;&gt;quill-wrighter.tumblr.com/&lt;/a&gt;&lt;br /&gt;&lt;/div&gt;&lt;div&gt;&lt;br /&gt;&lt;/div&gt;&lt;div&gt;&lt;br /&gt;&lt;/div&gt;&lt;div&gt;If you like what I do consider supporting me on Ko-fi ~&amp;nbsp; &lt;a class=&quot;external&quot; href=&quot;https://www.deviantart.com/users/outgoing?https://ko-fi.com/Q5Q7G8W8&quot;&gt;ko-fi.com/Q5Q7G8W8&lt;/a&gt;&lt;/div&gt;&lt;div&gt;Or Commissioning me ~ &lt;a href=&quot;https://www.deviantart.com/quillwrighter/art/Commission-Info-754052285&quot;&gt;Commission Info&lt;/a&gt;&lt;/div&gt;&lt;/div&gt;&lt;/div&gt;</media:description>            <media:thumbnail url="https://t00.deviantart.net/9V3u7DhI0xJMkvTVttze_3OUoLk=/fit-in/150x150/filters:no_upscale():origin()/pre00/facb/th/pre/i/2019/027/2/1/ask_traditiontale_193_by_quillwrighter-dcy5bee.png" height="150" width="67"/>            <media:thumbnail url="https://t00.deviantart.net/Yyomzs_6KZABGYYy-y8a-Jb-3bs=/fit-in/300x900/filters:no_upscale():origin()/pre00/facb/th/pre/i/2019/027/2/1/ask_traditiontale_193_by_quillwrighter-dcy5bee.png" height="669" width="300"/>            <media:thumbnail url="https://t00.deviantart.net/qh9kq2HJrK9bO40ey2DH2uGpG-w=/300x200/filters:fixed_height(100,100):origin()/pre00/facb/th/pre/i/2019/027/2/1/ask_traditiontale_193_by_quillwrighter-dcy5bee.png" height="201" width="100"/>            <media:content url="https://pre00.deviantart.net/facb/th/pre/i/2019/027/2/1/ask_traditiontale_193_by_quillwrighter-dcy5bee.png" height="1335" width="598" medium="image"/>            
            <description>Previous ~ &lt;a href=&quot;https://www.deviantart.com/quillwrighter/art/Ask-Traditiontale-192-781184050&quot;&gt;Ask Traditiontale 192&lt;/a&gt;&lt;a href=&quot;https://www.deviantart.com/quillwrighter/art/Ask-Traditiontale-191-779916234&quot;&gt;&lt;/a&gt;&lt;div&gt;&lt;div&gt;&lt;div&gt;&lt;br /&gt;&lt;/div&gt;&lt;div&gt;Next ~ Next Week&lt;br /&gt;&lt;/div&gt;&lt;div&gt;&lt;br /&gt;&lt;/div&gt;&lt;div&gt;Tumblr ~ &lt;a class=&quot;external&quot; href=&quot;https://www.deviantart.com/users/outgoing?https://quill-wrighter.tumblr.com/&quot;&gt;quill-wrighter.tumblr.com/&lt;/a&gt;&lt;br /&gt;&lt;/div&gt;&lt;div&gt;&lt;br /&gt;&lt;/div&gt;&lt;div&gt;&lt;br /&gt;&lt;/div&gt;&lt;div&gt;If you like what I do consider supporting me on Ko-fi ~&amp;nbsp; &lt;a class=&quot;external&quot; href=&quot;https://www.deviantart.com/users/outgoing?https://ko-fi.com/Q5Q7G8W8&quot;&gt;ko-fi.com/Q5Q7G8W8&lt;/a&gt;&lt;/div&gt;&lt;div&gt;Or Commissioning me ~ &lt;a href=&quot;https://www.deviantart.com/quillwrighter/art/Commission-Info-754052285&quot;&gt;Commission Info&lt;/a&gt;&lt;/div&gt;&lt;/div&gt;&lt;/div&gt;&lt;br /&gt;&lt;div&gt;&lt;img src=&quot;https://t00.deviantart.net/qh9kq2HJrK9bO40ey2DH2uGpG-w=/300x200/filters:fixed_height(100,100):origin()/pre00/facb/th/pre/i/2019/027/2/1/ask_traditiontale_193_by_quillwrighter-dcy5bee.png&quot; alt=&quot;thumbnail&quot; /&gt;&lt;/div&gt;</description>            </item>
                    <item>
                <title>Tori</title>
                <link>https://eisschicht.deviantart.com/art/Tori-782944011</link>
                <guid isPermaLink="true">https://eisschicht.deviantart.com/art/Tori-782944011</guid>
                <pubDate>Sat, 26 Jan 2019 23:58:46 PST</pubDate>
                        <media:title type="plain">Tori</media:title>
        <media:keywords></media:keywords>
                        <media:rating>nonadult</media:rating>
                <media:category label="Games">fanart/digital/drawings/games</media:category>
        <media:credit role="author" scheme="urn:ebu">Eisschicht</media:credit>
        <media:credit role="author" scheme="urn:ebu">https://a.deviantart.net/avatars/e/i/eisschicht.gif?2</media:credit>
        <media:copyright url="https://eisschicht.deviantart.com">Copyright 2019 Eisschicht</media:copyright>            <media:description type="html">rough study of &quot;modesty&quot; by william-aldophe bouguereau</media:description>            <media:thumbnail url="https://t00.deviantart.net/ZTrWhNV2O-H_Rceioc_FBLwq7kU=/fit-in/150x150/filters:no_upscale():origin()/pre00/edbe/th/pre/i/2019/026/b/1/tori_by_eisschicht-dcy57gr.png" height="150" width="134"/>            <media:thumbnail url="https://t00.deviantart.net/lIKOfh6AC885ZRvj-14zFAofyS0=/fit-in/300x900/filters:no_upscale():origin()/pre00/edbe/th/pre/i/2019/026/b/1/tori_by_eisschicht-dcy57gr.png" height="335" width="300"/>            <media:thumbnail url="https://t00.deviantart.net/0JAQfEKrOr7N2xNs6RhRpqRFbKY=/300x200/filters:fixed_height(100,100):origin()/pre00/edbe/th/pre/i/2019/026/b/1/tori_by_eisschicht-dcy57gr.png" height="200" width="179"/>            <media:content url="https://pre00.deviantart.net/edbe/th/pre/i/2019/026/b/1/tori_by_eisschicht-dcy57gr.png" height="945" width="846" medium="image"/>            
            <description>rough study of &quot;modesty&quot; by william-aldophe bouguereau&lt;br /&gt;&lt;div&gt;&lt;img src=&quot;https://t00.deviantart.net/0JAQfEKrOr7N2xNs6RhRpqRFbKY=/300x200/filters:fixed_height(100,100):origin()/pre00/edbe/th/pre/i/2019/026/b/1/tori_by_eisschicht-dcy57gr.png&quot; alt=&quot;thumbnail&quot; /&gt;&lt;/div&gt;</description>            </item>
                    <item>
                <title>Mystic Ref [COMMISSION]</title>
                <link>https://moises87.deviantart.com/art/Mystic-Ref-COMMISSION-782883952</link>
                <guid isPermaLink="true">https://moises87.deviantart.com/art/Mystic-Ref-COMMISSION-782883952</guid>
                <pubDate>Sat, 26 Jan 2019 15:01:19 PST</pubDate>
                        <media:title type="plain">Mystic Ref [COMMISSION]</media:title>
        <media:keywords></media:keywords>
                        <media:rating>nonadult</media:rating>
                <media:category label="Non-Isometric">digitalart/pixelart/characters/noniso</media:category>
        <media:credit role="author" scheme="urn:ebu">Moises87</media:credit>
        <media:credit role="author" scheme="urn:ebu">https://a.deviantart.net/avatars/m/o/moises87.gif?9</media:credit>
        <media:copyright url="https://moises87.deviantart.com">Copyright 2019 Moises87</media:copyright>            <media:description type="html">commission by &lt;a target=&quot;_self&quot; href=&quot;https://www.deviantart.com/djtechno656&quot; &gt;&lt;img class=&quot;avatar&quot; width=&quot;50&quot; height=&quot;50&quot; src=&quot;https://a.deviantart.net/avatars/d/j/djtechno656.gif?15&quot; alt=&quot;:icondjtechno656:&quot; title=&quot;DJTechno656&quot; /&gt;&lt;/a&gt;</media:description>            <media:thumbnail url="https://t00.deviantart.net/DzoRCrFfiegbK11lfz6B1cbXwBs=/fit-in/150x150/filters:no_upscale():origin()/pre00/54b5/th/pre/f/2019/026/7/3/738c2a39bb1699b7aebe887c3d44723c-dcy3x4g.png" height="150" width="107"/>            <media:thumbnail url="https://orig00.deviantart.net/0fdc/f/2019/026/7/3/738c2a39bb1699b7aebe887c3d44723c-dcy3x4g.png" height="236" width="169"/>            <media:thumbnail url="https://t00.deviantart.net/F-S2LrybwWyuf5ON4NFEnlNj4G0=/300x200/filters:fixed_height(100,100):origin()/pre00/54b5/th/pre/f/2019/026/7/3/738c2a39bb1699b7aebe887c3d44723c-dcy3x4g.png" height="200" width="143"/>            <media:content url="https://orig00.deviantart.net/0fdc/f/2019/026/7/3/738c2a39bb1699b7aebe887c3d44723c-dcy3x4g.png" height="236" width="169" medium="image"/>            
            <description>commission by &lt;a target=&quot;_self&quot; href=&quot;https://www.deviantart.com/djtechno656&quot; &gt;&lt;img class=&quot;avatar&quot; width=&quot;50&quot; height=&quot;50&quot; src=&quot;https://a.deviantart.net/avatars/d/j/djtechno656.gif?15&quot; alt=&quot;:icondjtechno656:&quot; title=&quot;DJTechno656&quot; /&gt;&lt;/a&gt;&lt;br /&gt;&lt;div&gt;&lt;img src=&quot;https://t00.deviantart.net/F-S2LrybwWyuf5ON4NFEnlNj4G0=/300x200/filters:fixed_height(100,100):origin()/pre00/54b5/th/pre/f/2019/026/7/3/738c2a39bb1699b7aebe887c3d44723c-dcy3x4g.png&quot; alt=&quot;thumbnail&quot; /&gt;&lt;/div&gt;</description>            </item>
                    <item>
                <title>[Undertale] demotivational sans</title>
                <link>https://ryuuseirissu.deviantart.com/art/Undertale-demotivational-sans-782951703</link>
                <guid isPermaLink="true">https://ryuuseirissu.deviantart.com/art/Undertale-demotivational-sans-782951703</guid>
                <pubDate>Sun, 27 Jan 2019 01:36:25 PST</pubDate>
                        <media:title type="plain">[Undertale] demotivational sans</media:title>
        <media:keywords></media:keywords>
                        <media:rating>nonadult</media:rating>
                <media:category label="Games">fanart/digital/drawings/games</media:category>
        <media:credit role="author" scheme="urn:ebu">RyuuseiRissu</media:credit>
        <media:credit role="author" scheme="urn:ebu">https://a.deviantart.net/avatars/r/y/ryuuseirissu.jpg?8</media:credit>
        <media:copyright url="https://ryuuseirissu.deviantart.com">Copyright 2019 RyuuseiRissu</media:copyright>            <media:description type="html">Sometimes it&#039;s exhausting.&lt;br /&gt;.&lt;br /&gt;Undertale belongs to Toby Fox</media:description>            <media:thumbnail url="https://t00.deviantart.net/G_6C6SRgkHE7OvMYcvE0DZvOGE4=/fit-in/150x150/filters:no_upscale():origin()/pre00/8c46/th/pre/i/2019/027/3/3/_undertale__demotivational_sans_by_ryuuseirissu-dcy5def.jpg" height="150" width="106"/>            <media:thumbnail url="https://t00.deviantart.net/uXGBM6LyJoUVO0HOXAQj8XQKV1E=/fit-in/300x900/filters:no_upscale():origin()/pre00/8c46/th/pre/i/2019/027/3/3/_undertale__demotivational_sans_by_ryuuseirissu-dcy5def.jpg" height="426" width="300"/>            <media:thumbnail url="https://t00.deviantart.net/OfkuKzXEdf_1iA9kYEVMCPAKfBQ=/300x200/filters:fixed_height(100,100):origin()/pre00/8c46/th/pre/i/2019/027/3/3/_undertale__demotivational_sans_by_ryuuseirissu-dcy5def.jpg" height="200" width="141"/>            <media:content url="https://pre00.deviantart.net/8c46/th/pre/i/2019/027/3/3/_undertale__demotivational_sans_by_ryuuseirissu-dcy5def.jpg" height="1065" width="750" medium="image"/>            
            <description>Sometimes it&#039;s exhausting.&lt;br /&gt;.&lt;br /&gt;Undertale belongs to Toby Fox&lt;br /&gt;&lt;div&gt;&lt;img src=&quot;https://t00.deviantart.net/OfkuKzXEdf_1iA9kYEVMCPAKfBQ=/300x200/filters:fixed_height(100,100):origin()/pre00/8c46/th/pre/i/2019/027/3/3/_undertale__demotivational_sans_by_ryuuseirissu-dcy5def.jpg&quot; alt=&quot;thumbnail&quot; /&gt;&lt;/div&gt;</description>            </item>
                    <item>
                <title>Toriel - Kung Fu Panda Style</title>
                <link>https://mmishee.deviantart.com/art/Toriel-Kung-Fu-Panda-Style-782983688</link>
                <guid isPermaLink="true">https://mmishee.deviantart.com/art/Toriel-Kung-Fu-Panda-Style-782983688</guid>
                <pubDate>Sun, 27 Jan 2019 08:12:19 PST</pubDate>
                        <media:title type="plain">Toriel - Kung Fu Panda Style</media:title>
        <media:keywords></media:keywords>
                        <media:rating>nonadult</media:rating>
                <media:category label="Games">fanart/digital/drawings/games</media:category>
        <media:credit role="author" scheme="urn:ebu">mmishee</media:credit>
        <media:credit role="author" scheme="urn:ebu">https://a.deviantart.net/avatars/m/m/mmishee.jpg?8</media:credit>
        <media:copyright url="https://mmishee.deviantart.com">Copyright 2019 mmishee</media:copyright>             <creativeCommons:license>http://creativecommons.org/licenses/by-nc-nd/3.0/</creativeCommons:license>
                <media:description type="html">This was a work exercise to use a different style on an existing character. I need to do more Undertale!!&lt;br /&gt;&lt;br /&gt;~&lt;br /&gt;&lt;br /&gt;&lt;img src=&quot;https://e.deviantart.net/emoticons/b/bulletblue.gif&quot; width=&quot;10&quot; height=&quot;10&quot; alt=&quot;:bulletblue:&quot; data-embed-type=&quot;emoticon&quot; data-embed-id=&quot;211&quot; title=&quot;Bullet; Blue&quot;/&gt; &lt;code&gt;&lt;a class=&quot;external&quot; href=&quot;https://www.deviantart.com/users/outgoing?https://twitter.com/mmishee_mw/&quot;&gt;Twitter&lt;/a&gt;&lt;/code&gt; &amp;nbsp;&lt;img src=&quot;https://e.deviantart.net/emoticons/b/bulletblue.gif&quot; width=&quot;10&quot; height=&quot;10&quot; alt=&quot;:bulletblue:&quot; data-embed-type=&quot;emoticon&quot; data-embed-id=&quot;211&quot; title=&quot;Bullet; Blue&quot;/&gt; &lt;code&gt;&lt;a class=&quot;external&quot; href=&quot;https://www.deviantart.com/users/outgoing?https://www.instagram.com/mmishee/&quot;&gt;Instagram&lt;/a&gt;&lt;/code&gt;&amp;nbsp;&lt;img src=&quot;https://e.deviantart.net/emoticons/b/bulletblue.gif&quot; width=&quot;10&quot; height=&quot;10&quot; alt=&quot;:bulletblue:&quot; data-embed-type=&quot;emoticon&quot; data-embed-id=&quot;211&quot; title=&quot;Bullet; Blue&quot;/&gt; &lt;code&gt;&lt;a class=&quot;external&quot; href=&quot;https://www.deviantart.com/users/outgoing?https://www.furaffinity.net/user/whimvern/&quot;&gt;FA&lt;/a&gt;&lt;/code&gt;&amp;nbsp;&lt;img src=&quot;https://e.deviantart.net/emoticons/b/bulletblue.gif&quot; width=&quot;10&quot; height=&quot;10&quot; alt=&quot;:bulletblue:&quot; data-embed-type=&quot;emoticon&quot; data-embed-id=&quot;211&quot; title=&quot;Bullet; Blue&quot;/&gt; &lt;code&gt;&lt;a class=&quot;external&quot; href=&quot;https://www.deviantart.com/users/outgoing?http://www.ko-if.com/mmishee/&quot;&gt;Buy me a coffee!&lt;/a&gt;&lt;/code&gt;</media:description>            <media:thumbnail url="https://t00.deviantart.net/0zOuTH831ZnEASRhZMldeShlYBk=/fit-in/150x150/filters:no_upscale():origin()/pre00/b39a/th/pre/i/2019/027/9/0/toriel___kung_fu_panda_style_by_mmishee-dcy622w.png" height="150" width="150"/>            <media:thumbnail url="https://t00.deviantart.net/gCtuvV0uh9Iu-wKoKHlozbBReiw=/fit-in/300x900/filters:no_upscale():origin()/pre00/b39a/th/pre/i/2019/027/9/0/toriel___kung_fu_panda_style_by_mmishee-dcy622w.png" height="300" width="300"/>            <media:thumbnail url="https://t00.deviantart.net/Nc64vQQNHC-JTlCh_tkqKZ5Gkps=/300x200/filters:fixed_height(100,100):origin()/pre00/b39a/th/pre/i/2019/027/9/0/toriel___kung_fu_panda_style_by_mmishee-dcy622w.png" height="200" width="200"/>            <media:content url="https://pre00.deviantart.net/b39a/th/pre/i/2019/027/9/0/toriel___kung_fu_panda_style_by_mmishee-dcy622w.png" height="894" width="894" medium="image"/>            
            <description>This was a work exercise to use a different style on an existing character. I need to do more Undertale!!&lt;br /&gt;&lt;br /&gt;~&lt;br /&gt;&lt;br /&gt;&lt;img src=&quot;https://e.deviantart.net/emoticons/b/bulletblue.gif&quot; width=&quot;10&quot; height=&quot;10&quot; alt=&quot;:bulletblue:&quot; data-embed-type=&quot;emoticon&quot; data-embed-id=&quot;211&quot; title=&quot;Bullet; Blue&quot;/&gt; &lt;code&gt;&lt;a class=&quot;external&quot; href=&quot;https://www.deviantart.com/users/outgoing?https://twitter.com/mmishee_mw/&quot;&gt;Twitter&lt;/a&gt;&lt;/code&gt; &amp;nbsp;&lt;img src=&quot;https://e.deviantart.net/emoticons/b/bulletblue.gif&quot; width=&quot;10&quot; height=&quot;10&quot; alt=&quot;:bulletblue:&quot; data-embed-type=&quot;emoticon&quot; data-embed-id=&quot;211&quot; title=&quot;Bullet; Blue&quot;/&gt; &lt;code&gt;&lt;a class=&quot;external&quot; href=&quot;https://www.deviantart.com/users/outgoing?https://www.instagram.com/mmishee/&quot;&gt;Instagram&lt;/a&gt;&lt;/code&gt;&amp;nbsp;&lt;img src=&quot;https://e.deviantart.net/emoticons/b/bulletblue.gif&quot; width=&quot;10&quot; height=&quot;10&quot; alt=&quot;:bulletblue:&quot; data-embed-type=&quot;emoticon&quot; data-embed-id=&quot;211&quot; title=&quot;Bullet; Blue&quot;/&gt; &lt;code&gt;&lt;a class=&quot;external&quot; href=&quot;https://www.deviantart.com/users/outgoing?https://www.furaffinity.net/user/whimvern/&quot;&gt;FA&lt;/a&gt;&lt;/code&gt;&amp;nbsp;&lt;img src=&quot;https://e.deviantart.net/emoticons/b/bulletblue.gif&quot; width=&quot;10&quot; height=&quot;10&quot; alt=&quot;:bulletblue:&quot; data-embed-type=&quot;emoticon&quot; data-embed-id=&quot;211&quot; title=&quot;Bullet; Blue&quot;/&gt; &lt;code&gt;&lt;a class=&quot;external&quot; href=&quot;https://www.deviantart.com/users/outgoing?http://www.ko-if.com/mmishee/&quot;&gt;Buy me a coffee!&lt;/a&gt;&lt;/code&gt;&lt;br /&gt;&lt;div&gt;&lt;img src=&quot;https://t00.deviantart.net/Nc64vQQNHC-JTlCh_tkqKZ5Gkps=/300x200/filters:fixed_height(100,100):origin()/pre00/b39a/th/pre/i/2019/027/9/0/toriel___kung_fu_panda_style_by_mmishee-dcy622w.png&quot; alt=&quot;thumbnail&quot; /&gt;&lt;/div&gt;</description>            </item>
                    <item>
                <title>Corruption</title>
                <link>https://gallifreyanpal.deviantart.com/art/Corruption-782850824</link>
                <guid isPermaLink="true">https://gallifreyanpal.deviantart.com/art/Corruption-782850824</guid>
                <pubDate>Sat, 26 Jan 2019 11:03:02 PST</pubDate>
                        <media:title type="plain">Corruption</media:title>
        <media:keywords></media:keywords>
                        <media:rating>nonadult</media:rating>
                <media:category label="Games">fanart/digital/drawings/games</media:category>
        <media:credit role="author" scheme="urn:ebu">GallifreyanPal</media:credit>
        <media:credit role="author" scheme="urn:ebu">https://a.deviantart.net/avatars/g/a/gallifreyanpal.png?3</media:credit>
        <media:copyright url="https://gallifreyanpal.deviantart.com">Copyright 2019 GallifreyanPal</media:copyright>            <media:description type="html">This is a little bit old, but it&#039;s still one of my favorites. Nightmare is a fascinating character &lt;img src=&quot;https://e.deviantart.net/emoticons/b/biggrin.gif&quot; width=&quot;15&quot; height=&quot;15&quot; alt=&quot;:D&quot; data-embed-type=&quot;emoticon&quot; data-embed-id=&quot;366&quot; title=&quot;:D (Big Grin)&quot;/&gt;</media:description>            <media:thumbnail url="https://t00.deviantart.net/hMbOGkLfQhV9xmw4hEipzXuVDxU=/fit-in/150x150/filters:no_upscale():origin()/pre00/5759/th/pre/f/2019/026/2/4/corruption_by_gallifreyanpal-dcy37k8.png" height="150" width="125"/>            <media:thumbnail url="https://t00.deviantart.net/5VGXrXljhjg_ejWeS1kFn9Yfl64=/fit-in/300x900/filters:no_upscale():origin()/pre00/5759/th/pre/f/2019/026/2/4/corruption_by_gallifreyanpal-dcy37k8.png" height="360" width="300"/>            <media:thumbnail url="https://t00.deviantart.net/Qu0GFSIv3ypdwU7H4Dr-Kqy6n1o=/300x200/filters:fixed_height(100,100):origin()/pre00/5759/th/pre/f/2019/026/2/4/corruption_by_gallifreyanpal-dcy37k8.png" height="200" width="167"/>            <media:content url="https://pre00.deviantart.net/5759/th/pre/f/2019/026/2/4/corruption_by_gallifreyanpal-dcy37k8.png" height="979" width="816" medium="image"/>            
            <description>This is a little bit old, but it&#039;s still one of my favorites. Nightmare is a fascinating character &lt;img src=&quot;https://e.deviantart.net/emoticons/b/biggrin.gif&quot; width=&quot;15&quot; height=&quot;15&quot; alt=&quot;:D&quot; data-embed-type=&quot;emoticon&quot; data-embed-id=&quot;366&quot; title=&quot;:D (Big Grin)&quot;/&gt;&lt;br /&gt;&lt;div&gt;&lt;img src=&quot;https://t00.deviantart.net/Qu0GFSIv3ypdwU7H4Dr-Kqy6n1o=/300x200/filters:fixed_height(100,100):origin()/pre00/5759/th/pre/f/2019/026/2/4/corruption_by_gallifreyanpal-dcy37k8.png&quot; alt=&quot;thumbnail&quot; /&gt;&lt;/div&gt;</description>            </item>
                    <item>
                <title>Papercrane and his fluffiness</title>
                <link>https://cutiegrumpycerym.deviantart.com/art/Papercrane-and-his-fluffiness-782861951</link>
                <guid isPermaLink="true">https://cutiegrumpycerym.deviantart.com/art/Papercrane-and-his-fluffiness-782861951</guid>
                <pubDate>Sat, 26 Jan 2019 12:27:35 PST</pubDate>
                        <media:title type="plain">Papercrane and his fluffiness</media:title>
        <media:keywords></media:keywords>
                        <media:rating>nonadult</media:rating>
                <media:category label="Games">fanart/traditional/drawings/games</media:category>
        <media:credit role="author" scheme="urn:ebu">CutieGrumpyCerym</media:credit>
        <media:credit role="author" scheme="urn:ebu">https://a.deviantart.net/avatars/c/u/cutiegrumpycerym.jpg?4</media:credit>
        <media:copyright url="https://cutiegrumpycerym.deviantart.com">Copyright 2019 CutieGrumpyCerym</media:copyright>             <creativeCommons:license>http://creativecommons.org/licenses/by-nc-nd/3.0/</creativeCommons:license>
                <media:description type="html">&lt;div&gt;&lt;span&gt;I drew Papercrane for Little-Noko because I really REALLY love his design.&lt;/span&gt;&lt;/div&gt;&lt;div&gt;&lt;span&gt;AND HIS FLUFFINESS *^*&lt;/span&gt;&lt;/div&gt;&lt;div&gt;&lt;span&gt;I bad at drawing furs tho...&lt;/span&gt;&lt;/div&gt;&lt;div&gt;&lt;span&gt;I hope you&#039;ll like it anyway ! ^^&quot;&lt;/span&gt;&lt;/div&gt;&lt;div&gt;&lt;span&gt;&lt;br /&gt;&lt;/span&gt;&lt;/div&gt;&lt;div&gt;&lt;span&gt;--------------&lt;/span&gt;&lt;/div&gt;&lt;div&gt;&lt;span&gt;Papercrane by &lt;span class=&quot;username-with-symbol u&quot;&gt;&lt;a class=&quot;u premium username&quot; href=&quot;https://www.deviantart.com/little-noko&quot;&gt;Little-Noko&lt;/a&gt;&lt;span class=&quot;user-symbol premium&quot; data-quicktip-text=&quot;Core Member&quot; data-show-tooltip=&quot;1&quot; data-gruser-type=&quot;premium&quot;&gt;&lt;/span&gt;&lt;/span&gt;&amp;nbsp;&lt;/span&gt;&lt;/div&gt;&lt;div&gt;&lt;span&gt;Art by me&lt;/span&gt;&lt;/div&gt;</media:description>            <media:thumbnail url="https://t00.deviantart.net/HQeKk_czrqvFkUUPpMumTER_dD8=/fit-in/150x150/filters:no_upscale():origin()/pre00/cccc/th/pre/i/2019/026/3/6/papercrane_and_his_fluffiness_by_cutiegrumpycerym-dcy3g5b.jpg" height="150" width="113"/>            <media:thumbnail url="https://t00.deviantart.net/edYQmi1yFli20PUu9VuONfjcw6c=/fit-in/300x900/filters:no_upscale():origin()/pre00/cccc/th/pre/i/2019/026/3/6/papercrane_and_his_fluffiness_by_cutiegrumpycerym-dcy3g5b.jpg" height="400" width="300"/>            <media:thumbnail url="https://t00.deviantart.net/xwVkvAD2JWRJWY6XAfyiXhPOEXM=/300x200/filters:fixed_height(100,100):origin()/pre00/cccc/th/pre/i/2019/026/3/6/papercrane_and_his_fluffiness_by_cutiegrumpycerym-dcy3g5b.jpg" height="200" width="150"/>            <media:content url="https://pre00.deviantart.net/cccc/th/pre/i/2019/026/3/6/papercrane_and_his_fluffiness_by_cutiegrumpycerym-dcy3g5b.jpg" height="1032" width="774" medium="image"/>            
            <description>&lt;div&gt;&lt;span&gt;I drew Papercrane for Little-Noko because I really REALLY love his design.&lt;/span&gt;&lt;/div&gt;&lt;div&gt;&lt;span&gt;AND HIS FLUFFINESS *^*&lt;/span&gt;&lt;/div&gt;&lt;div&gt;&lt;span&gt;I bad at drawing furs tho...&lt;/span&gt;&lt;/div&gt;&lt;div&gt;&lt;span&gt;I hope you&#039;ll like it anyway ! ^^&quot;&lt;/span&gt;&lt;/div&gt;&lt;div&gt;&lt;span&gt;&lt;br /&gt;&lt;/span&gt;&lt;/div&gt;&lt;div&gt;&lt;span&gt;--------------&lt;/span&gt;&lt;/div&gt;&lt;div&gt;&lt;span&gt;Papercrane by &lt;span class=&quot;username-with-symbol u&quot;&gt;&lt;a class=&quot;u premium username&quot; href=&quot;https://www.deviantart.com/little-noko&quot;&gt;Little-Noko&lt;/a&gt;&lt;span class=&quot;user-symbol premium&quot; data-quicktip-text=&quot;Core Member&quot; data-show-tooltip=&quot;1&quot; data-gruser-type=&quot;premium&quot;&gt;&lt;/span&gt;&lt;/span&gt;&amp;nbsp;&lt;/span&gt;&lt;/div&gt;&lt;div&gt;&lt;span&gt;Art by me&lt;/span&gt;&lt;/div&gt;&lt;br /&gt;&lt;div&gt;&lt;img src=&quot;https://t00.deviantart.net/xwVkvAD2JWRJWY6XAfyiXhPOEXM=/300x200/filters:fixed_height(100,100):origin()/pre00/cccc/th/pre/i/2019/026/3/6/papercrane_and_his_fluffiness_by_cutiegrumpycerym-dcy3g5b.jpg&quot; alt=&quot;thumbnail&quot; /&gt;&lt;/div&gt;</description>            </item>
                    <item>
                <title>[FLOWERFELL] : Sometimes Kindness is enough</title>
                <link>https://draniae.deviantart.com/art/FLOWERFELL-Sometimes-Kindness-is-enough-782992670</link>
                <guid isPermaLink="true">https://draniae.deviantart.com/art/FLOWERFELL-Sometimes-Kindness-is-enough-782992670</guid>
                <pubDate>Sun, 27 Jan 2019 09:27:42 PST</pubDate>
                        <media:title type="plain">[FLOWERFELL] : Sometimes Kindness is enough</media:title>
        <media:keywords></media:keywords>
                        <media:rating>nonadult</media:rating>
                <media:category label="Other">fanart/digital/painting/other</media:category>
        <media:credit role="author" scheme="urn:ebu">draniae</media:credit>
        <media:credit role="author" scheme="urn:ebu">https://a.deviantart.net/avatars/d/r/draniae.png?4</media:credit>
        <media:copyright url="https://draniae.deviantart.com">Copyright 2019 draniae</media:copyright>            <media:description type="html">&lt;div&gt;[FR] : Pour l&#039;anniversaire de Pok&amp;#233;ami FeatherStar/Pok&amp;#233;ami : &lt;a target=&quot;_self&quot; href=&quot;https://www.deviantart.com/pokeami&quot; &gt;&lt;img class=&quot;avatar&quot; width=&quot;50&quot; height=&quot;50&quot; src=&quot;https://a.deviantart.net/avatars/p/o/pokeami.jpg?5&quot; alt=&quot;:iconpokeami:&quot; title=&quot;Pokeami&quot; /&gt;&lt;/a&gt;&lt;div&gt; &lt;h1&gt;&lt;span class=&quot;username-with-symbol u&quot;&gt;&lt;a class=&quot;u regular username&quot; href=&quot;https://www.deviantart.com/pokeami&quot;&gt;Pokeami&lt;/a&gt;&lt;span class=&quot;user-symbol regular&quot; data-quicktip-text=&quot;&quot; data-show-tooltip=&quot;&quot; data-gruser-type=&quot;regular&quot;&gt;&lt;/span&gt;&lt;/span&gt;&lt;/h1&gt;&lt;/div&gt;&lt;div&gt;&lt;br /&gt;&lt;/div&gt;&lt;div&gt;[EN] : For Pok&amp;#233;ami FeatherStar/Pok&amp;#233;ami&#039;s birthday.&lt;/div&gt;&lt;div&gt;&lt;br /&gt;&lt;/div&gt;&lt;div&gt;Flowerfell appartient &amp;#224;/belongs to :&lt;/div&gt;&lt;div&gt;Siviosanei : &lt;a href=&quot;https://www.deviantart.com/users/outgoing?https://www.youtube.com/redirect?q=http%3A%2F%2Fsiviosanei.tumblr.com%2F&amp;amp;event=video_description&amp;amp;v=r5RpOFK0CmI&amp;amp;redir_token=l1zUMD3CYLksN3H73abRCrIChyJ8MTU0ODY5NTcyOUAxNTQ4NjA5MzI5&quot;&gt;&lt;a class=&quot;external&quot; href=&quot;https://www.deviantart.com/users/outgoing?http://siviosanei.tumblr.com/&quot;&gt;siviosanei.tumblr.com/&lt;/a&gt;&lt;/a&gt; &lt;br /&gt;&lt;/div&gt;&lt;div&gt;Underfarts Snas : &lt;a href=&quot;https://www.deviantart.com/users/outgoing?https://www.youtube.com/redirect?q=https%3A%2F%2Funderfart-snas.tumblr.com%2F&amp;amp;event=video_description&amp;amp;v=r5RpOFK0CmI&amp;amp;redir_token=l1zUMD3CYLksN3H73abRCrIChyJ8MTU0ODY5NTcyOUAxNTQ4NjA5MzI5&quot;&gt;&lt;a class=&quot;external&quot; href=&quot;https://www.deviantart.com/users/outgoing?https://underfart-snas.tumblr.com/&quot;&gt;underfart-snas.tumblr.com/&lt;/a&gt;&lt;/a&gt;&lt;/div&gt;&lt;div&gt;&lt;br /&gt;&lt;/div&gt;&lt;div&gt;Underfell appartient &amp;#224;/belongs to la communaut&amp;#233; Undertale/Undertale community.&lt;/div&gt;&lt;div&gt;&lt;br /&gt;&lt;/div&gt;&lt;div&gt;Undertale appartient &amp;#224;/belongs to :&lt;/div&gt;&lt;div&gt;Toby Fox : &lt;a href=&quot;https://www.deviantart.com/users/outgoing?https://www.youtube.com/redirect?q=http%3A%2F%2Ffwugradiation.tumblr.com%2F&amp;amp;event=video_description&amp;amp;v=r5RpOFK0CmI&amp;amp;redir_token=l1zUMD3CYLksN3H73abRCrIChyJ8MTU0ODY5NTcyOUAxNTQ4NjA5MzI5&quot;&gt;&lt;a class=&quot;external&quot; href=&quot;https://www.deviantart.com/users/outgoing?http://fwugradiation.tumblr.com/&quot;&gt;fwugradiation.tumblr.com/&lt;/a&gt;&lt;/a&gt;&lt;/div&gt;&lt;div&gt;Temmie Chang : &lt;a target=&quot;_self&quot; href=&quot;https://www.deviantart.com/tuyoki&quot; &gt;&lt;img class=&quot;avatar&quot; width=&quot;50&quot; height=&quot;50&quot; src=&quot;https://a.deviantart.net/avatars/t/u/tuyoki.gif?4&quot; alt=&quot;:icontuyoki:&quot; title=&quot;Tuyoki&quot; /&gt;&lt;/a&gt;&lt;div&gt; &lt;h1&gt;&lt;span class=&quot;username-with-symbol u&quot;&gt;&lt;a class=&quot;u regular username&quot; href=&quot;https://www.deviantart.com/tuyoki&quot;&gt;Tuyoki&lt;/a&gt;&lt;span class=&quot;user-symbol regular&quot; data-quicktip-text=&quot;&quot; data-show-tooltip=&quot;&quot; data-gruser-type=&quot;regular&quot;&gt;&lt;/span&gt;&lt;/span&gt;&lt;/h1&gt;&lt;/div&gt;&lt;div&gt;&lt;br /&gt;&lt;/div&gt;&lt;div&gt;Overgrowth par/by SociopathicArchangel.&lt;/div&gt;&lt;div&gt;&lt;br /&gt;&lt;/div&gt;&lt;div&gt;&lt;div&gt;Ce dessin a &amp;#233;t&amp;#233; fait en speedpaint sur ma cha&amp;#238;ne/There is also a speedpaint of this in my channel.&lt;/div&gt;Lien de la vid&amp;#233;o/Link of the video : &lt;br /&gt;&lt;/div&gt;&lt;div&gt;&lt;a class=&quot;external&quot; href=&quot;https://www.deviantart.com/users/outgoing?https://www.youtube.com/watch?v=r5RpOFK0CmI&quot;&gt;www.youtube.com/watch?v=r5RpOF&amp;hellip;&lt;/a&gt;&lt;/div&gt;&lt;/div&gt; &lt;a href=&quot;https://www.deviantart.com/pokeami/&quot;&gt; &lt;/a&gt;&lt;/div&gt;</media:description>            <media:thumbnail url="https://t00.deviantart.net/LgsWrdaaZ_iUrDOc3GVZvLxNSP0=/fit-in/150x150/filters:no_upscale():origin()/pre00/3e9f/th/pre/f/2019/027/9/f/_flowerfell____sometimes_kindness_is_enough_by_draniae-dcy690e.png" height="150" width="75"/>            <media:thumbnail url="https://t00.deviantart.net/Hh5Oi4wEiVcVTZjdg20KNJcFYg4=/fit-in/300x900/filters:no_upscale():origin()/pre00/3e9f/th/pre/f/2019/027/9/f/_flowerfell____sometimes_kindness_is_enough_by_draniae-dcy690e.png" height="600" width="300"/>            <media:thumbnail url="https://t00.deviantart.net/Y2qupr-a0vwofFEUKymkK6Dgclk=/300x200/filters:fixed_height(100,100):origin()/pre00/3e9f/th/pre/f/2019/027/9/f/_flowerfell____sometimes_kindness_is_enough_by_draniae-dcy690e.png" height="200" width="100"/>            <media:content url="https://pre00.deviantart.net/3e9f/th/pre/f/2019/027/9/f/_flowerfell____sometimes_kindness_is_enough_by_draniae-dcy690e.png" height="1264" width="632" medium="image"/>            
            <description>&lt;div&gt;[FR] : Pour l&#039;anniversaire de Pok&amp;#233;ami FeatherStar/Pok&amp;#233;ami : &lt;a target=&quot;_self&quot; href=&quot;https://www.deviantart.com/pokeami&quot; &gt;&lt;img class=&quot;avatar&quot; width=&quot;50&quot; height=&quot;50&quot; src=&quot;https://a.deviantart.net/avatars/p/o/pokeami.jpg?5&quot; alt=&quot;:iconpokeami:&quot; title=&quot;Pokeami&quot; /&gt;&lt;/a&gt;&lt;div&gt; &lt;h1&gt;&lt;span class=&quot;username-with-symbol u&quot;&gt;&lt;a class=&quot;u regular username&quot; href=&quot;https://www.deviantart.com/pokeami&quot;&gt;Pokeami&lt;/a&gt;&lt;span class=&quot;user-symbol regular&quot; data-quicktip-text=&quot;&quot; data-show-tooltip=&quot;&quot; data-gruser-type=&quot;regular&quot;&gt;&lt;/span&gt;&lt;/span&gt;&lt;/h1&gt;&lt;/div&gt;&lt;div&gt;&lt;br /&gt;&lt;/div&gt;&lt;div&gt;[EN] : For Pok&amp;#233;ami FeatherStar/Pok&amp;#233;ami&#039;s birthday.&lt;/div&gt;&lt;div&gt;&lt;br /&gt;&lt;/div&gt;&lt;div&gt;Flowerfell appartient &amp;#224;/belongs to :&lt;/div&gt;&lt;div&gt;Siviosanei : &lt;a href=&quot;https://www.deviantart.com/users/outgoing?https://www.youtube.com/redirect?q=http%3A%2F%2Fsiviosanei.tumblr.com%2F&amp;amp;event=video_description&amp;amp;v=r5RpOFK0CmI&amp;amp;redir_token=l1zUMD3CYLksN3H73abRCrIChyJ8MTU0ODY5NTcyOUAxNTQ4NjA5MzI5&quot;&gt;&lt;a class=&quot;external&quot; href=&quot;https://www.deviantart.com/users/outgoing?http://siviosanei.tumblr.com/&quot;&gt;siviosanei.tumblr.com/&lt;/a&gt;&lt;/a&gt; &lt;br /&gt;&lt;/div&gt;&lt;div&gt;Underfarts Snas : &lt;a href=&quot;https://www.deviantart.com/users/outgoing?https://www.youtube.com/redirect?q=https%3A%2F%2Funderfart-snas.tumblr.com%2F&amp;amp;event=video_description&amp;amp;v=r5RpOFK0CmI&amp;amp;redir_token=l1zUMD3CYLksN3H73abRCrIChyJ8MTU0ODY5NTcyOUAxNTQ4NjA5MzI5&quot;&gt;&lt;a class=&quot;external&quot; href=&quot;https://www.deviantart.com/users/outgoing?https://underfart-snas.tumblr.com/&quot;&gt;underfart-snas.tumblr.com/&lt;/a&gt;&lt;/a&gt;&lt;/div&gt;&lt;div&gt;&lt;br /&gt;&lt;/div&gt;&lt;div&gt;Underfell appartient &amp;#224;/belongs to la communaut&amp;#233; Undertale/Undertale community.&lt;/div&gt;&lt;div&gt;&lt;br /&gt;&lt;/div&gt;&lt;div&gt;Undertale appartient &amp;#224;/belongs to :&lt;/div&gt;&lt;div&gt;Toby Fox : &lt;a href=&quot;https://www.deviantart.com/users/outgoing?https://www.youtube.com/redirect?q=http%3A%2F%2Ffwugradiation.tumblr.com%2F&amp;amp;event=video_description&amp;amp;v=r5RpOFK0CmI&amp;amp;redir_token=l1zUMD3CYLksN3H73abRCrIChyJ8MTU0ODY5NTcyOUAxNTQ4NjA5MzI5&quot;&gt;&lt;a class=&quot;external&quot; href=&quot;https://www.deviantart.com/users/outgoing?http://fwugradiation.tumblr.com/&quot;&gt;fwugradiation.tumblr.com/&lt;/a&gt;&lt;/a&gt;&lt;/div&gt;&lt;div&gt;Temmie Chang : &lt;a target=&quot;_self&quot; href=&quot;https://www.deviantart.com/tuyoki&quot; &gt;&lt;img class=&quot;avatar&quot; width=&quot;50&quot; height=&quot;50&quot; src=&quot;https://a.deviantart.net/avatars/t/u/tuyoki.gif?4&quot; alt=&quot;:icontuyoki:&quot; title=&quot;Tuyoki&quot; /&gt;&lt;/a&gt;&lt;div&gt; &lt;h1&gt;&lt;span class=&quot;username-with-symbol u&quot;&gt;&lt;a class=&quot;u regular username&quot; href=&quot;https://www.deviantart.com/tuyoki&quot;&gt;Tuyoki&lt;/a&gt;&lt;span class=&quot;user-symbol regular&quot; data-quicktip-text=&quot;&quot; data-show-tooltip=&quot;&quot; data-gruser-type=&quot;regular&quot;&gt;&lt;/span&gt;&lt;/span&gt;&lt;/h1&gt;&lt;/div&gt;&lt;div&gt;&lt;br /&gt;&lt;/div&gt;&lt;div&gt;Overgrowth par/by SociopathicArchangel.&lt;/div&gt;&lt;div&gt;&lt;br /&gt;&lt;/div&gt;&lt;div&gt;&lt;div&gt;Ce dessin a &amp;#233;t&amp;#233; fait en speedpaint sur ma cha&amp;#238;ne/There is also a speedpaint of this in my channel.&lt;/div&gt;Lien de la vid&amp;#233;o/Link of the video : &lt;br /&gt;&lt;/div&gt;&lt;div&gt;&lt;a class=&quot;external&quot; href=&quot;https://www.deviantart.com/users/outgoing?https://www.youtube.com/watch?v=r5RpOFK0CmI&quot;&gt;www.youtube.com/watch?v=r5RpOF&amp;hellip;&lt;/a&gt;&lt;/div&gt;&lt;/div&gt; &lt;a href=&quot;https://www.deviantart.com/pokeami/&quot;&gt; &lt;/a&gt;&lt;/div&gt;&lt;br /&gt;&lt;div&gt;&lt;img src=&quot;https://t00.deviantart.net/Y2qupr-a0vwofFEUKymkK6Dgclk=/300x200/filters:fixed_height(100,100):origin()/pre00/3e9f/th/pre/f/2019/027/9/f/_flowerfell____sometimes_kindness_is_enough_by_draniae-dcy690e.png&quot; alt=&quot;thumbnail&quot; /&gt;&lt;/div&gt;</description>            </item>
                    <item>
                <title>Request// Endtale Sans</title>
                <link>https://bloomwaterfall.deviantart.com/art/Request-Endtale-Sans-782883681</link>
                <guid isPermaLink="true">https://bloomwaterfall.deviantart.com/art/Request-Endtale-Sans-782883681</guid>
                <pubDate>Sat, 26 Jan 2019 15:13:09 PST</pubDate>
                        <media:title type="plain">Request// Endtale Sans</media:title>
        <media:keywords></media:keywords>
                        <media:rating>nonadult</media:rating>
                <media:category label="Games">fanart/digital/drawings/games</media:category>
        <media:credit role="author" scheme="urn:ebu">BloomWaterfall</media:credit>
        <media:credit role="author" scheme="urn:ebu">https://a.deviantart.net/avatars/b/l/bloomwaterfall.jpg?9</media:credit>
        <media:copyright url="https://bloomwaterfall.deviantart.com">Copyright 2019 BloomWaterfall</media:copyright>            <media:description type="html">hi, it&#039;s me again (lol) xD this is a request for&amp;nbsp;&lt;a href=&quot;https://www.deviantart.com/xxlegendary-furyxx&quot;&gt;xXLegendary-FuryXx&lt;/a&gt;&lt;span&gt;&lt;/span&gt;! i hope she like it xD&lt;br /&gt;i took so long because my computer started to have problems, sooo... sorry xD :3 (&amp;#12539;&amp;#969;&amp;lt;)&lt;br /&gt;i present the fanart/request of Endtale Sans! (yey!)&amp;nbsp;&amp;nbsp;(&amp;#12291;&amp;#65507;&amp;#969;&amp;#65507;&amp;#12291;&amp;#12446;&lt;br /&gt;well i hope you like it too :3&lt;br /&gt;any rights of the original AU are from&amp;nbsp;&lt;a href=&quot;https://www.deviantart.com/xxlegendary-furyxx&quot;&gt;xXLegendary-FuryXx&lt;/a&gt;&lt;span&gt;&lt;/span&gt;&lt;br /&gt;well, bye xD&amp;nbsp;(&amp;#65417;&amp;#65381;_-)&amp;#9734;&lt;a href=&quot;https://www.deviantart.com/rayfloret/art/Undertale-Sans-Brows-Emoji-586066828&quot; class=&quot;emoticon&quot; data-embed-type=&quot;emoticon&quot; data-embed-id=&quot;586066828&quot; data-embed-profile=&quot;deviation&quot;&gt;&lt;img src=&quot;https://orig00.deviantart.net/9b2b/f/2016/022/6/b/undertale_sans_brows_emoji_by_rayfloret-d9oxg24.gif&quot; alt=&quot;Undertale Sans Brows Emoji&quot; style=&quot;width:50px;height:44px&quot;&gt;&lt;/a&gt;&amp;nbsp;</media:description>            <media:thumbnail url="https://t00.deviantart.net/0XAV7wuCuNXwzzn-Av1IVqQF96w=/fit-in/150x150/filters:no_upscale():origin()/pre00/48b8/th/pre/i/2019/026/7/1/request___endtale_sans_by_bloomwaterfall-dcy3wwx.png" height="150" width="142"/>            <media:thumbnail url="https://t00.deviantart.net/6gL-hTlbwEhPL8wtWxELC5rUYAw=/fit-in/300x900/filters:no_upscale():origin()/pre00/48b8/th/pre/i/2019/026/7/1/request___endtale_sans_by_bloomwaterfall-dcy3wwx.png" height="316" width="300"/>            <media:thumbnail url="https://t00.deviantart.net/s_pQOD-wZxK1O-O-sq72enRuyvA=/300x200/filters:fixed_height(100,100):origin()/pre00/48b8/th/pre/i/2019/026/7/1/request___endtale_sans_by_bloomwaterfall-dcy3wwx.png" height="200" width="190"/>            <media:content url="https://pre00.deviantart.net/48b8/th/pre/i/2019/026/7/1/request___endtale_sans_by_bloomwaterfall-dcy3wwx.png" height="918" width="870" medium="image"/>            
            <description>hi, it&#039;s me again (lol) xD this is a request for&amp;nbsp;&lt;a href=&quot;https://www.deviantart.com/xxlegendary-furyxx&quot;&gt;xXLegendary-FuryXx&lt;/a&gt;&lt;span&gt;&lt;/span&gt;! i hope she like it xD&lt;br /&gt;i took so long because my computer started to have problems, sooo... sorry xD :3 (&amp;#12539;&amp;#969;&amp;lt;)&lt;br /&gt;i present the fanart/request of Endtale Sans! (yey!)&amp;nbsp;&amp;nbsp;(&amp;#12291;&amp;#65507;&amp;#969;&amp;#65507;&amp;#12291;&amp;#12446;&lt;br /&gt;well i hope you like it too :3&lt;br /&gt;any rights of the original AU are from&amp;nbsp;&lt;a href=&quot;https://www.deviantart.com/xxlegendary-furyxx&quot;&gt;xXLegendary-FuryXx&lt;/a&gt;&lt;span&gt;&lt;/span&gt;&lt;br /&gt;well, bye xD&amp;nbsp;(&amp;#65417;&amp;#65381;_-)&amp;#9734;&lt;a href=&quot;https://www.deviantart.com/rayfloret/art/Undertale-Sans-Brows-Emoji-586066828&quot; class=&quot;emoticon&quot; data-embed-type=&quot;emoticon&quot; data-embed-id=&quot;586066828&quot; data-embed-profile=&quot;deviation&quot;&gt;&lt;img src=&quot;https://orig00.deviantart.net/9b2b/f/2016/022/6/b/undertale_sans_brows_emoji_by_rayfloret-d9oxg24.gif&quot; alt=&quot;Undertale Sans Brows Emoji&quot; style=&quot;width:50px;height:44px&quot;&gt;&lt;/a&gt;&amp;nbsp;&lt;br /&gt;&lt;div&gt;&lt;img src=&quot;https://t00.deviantart.net/s_pQOD-wZxK1O-O-sq72enRuyvA=/300x200/filters:fixed_height(100,100):origin()/pre00/48b8/th/pre/i/2019/026/7/1/request___endtale_sans_by_bloomwaterfall-dcy3wwx.png&quot; alt=&quot;thumbnail&quot; /&gt;&lt;/div&gt;</description>            </item>
                    <item>
                <title>Natalia and GR and Vince nsfw comic 5 preview</title>
                <link>https://natalia-clark.deviantart.com/art/Natalia-and-GR-and-Vince-nsfw-comic-5-preview-782959628</link>
                <guid isPermaLink="true">https://natalia-clark.deviantart.com/art/Natalia-and-GR-and-Vince-nsfw-comic-5-preview-782959628</guid>
                <pubDate>Sun, 27 Jan 2019 03:35:30 PST</pubDate>
                        <media:title type="plain">Natalia and GR and Vince nsfw comic 5 preview</media:title>
        <media:keywords></media:keywords>
                        <media:rating>adult</media:rating>
                <media:category label="Games">fanart/digital/drawings/games</media:category>
        <media:credit role="author" scheme="urn:ebu">Natalia-Clark</media:credit>
        <media:credit role="author" scheme="urn:ebu">https://a.deviantart.net/avatars/n/a/natalia-clark.gif?14</media:credit>
        <media:copyright url="https://natalia-clark.deviantart.com">Copyright 2019 Natalia-Clark</media:copyright>             <creativeCommons:license>http://creativecommons.org/licenses/by-nc-nd/3.0/</creativeCommons:license>
                <media:description type="html">For sure as heck needed to only show a preview and all of this drawing since yeah very high so only can show the preview and all.&lt;br /&gt;&lt;br /&gt;Again if you want to see the whole comic page ask and all in a note or something but again please make sure you are old a enough before asking to see it and all that is all that i ask for and all.&lt;br /&gt;&lt;br /&gt;&lt;br /&gt;Welp let&#039;s just say that my personal oc when in their insane mode state they know all the good spots to go for and all and know on how to get at good points on someone.&lt;br /&gt;&lt;br /&gt;&lt;br /&gt;&lt;div&gt;&lt;div&gt;&lt;div&gt;&lt;div&gt;Natalia (personal one in all of their forms and in their insane mode) is copyright to Natalia-Clark (myself of course).&lt;br /&gt;&lt;br /&gt;&lt;br /&gt;&amp;nbsp;GR belongs to&amp;nbsp;&lt;a target=&quot;_self&quot; href=&quot;https://www.deviantart.com/dgartist13&quot; &gt;&lt;img class=&quot;avatar&quot; width=&quot;50&quot; height=&quot;50&quot; src=&quot;https://a.deviantart.net/avatars/d/g/dgartist13.gif?4&quot; alt=&quot;:icondgartist13:&quot; title=&quot;DGartist13&quot; /&gt;&lt;/a&gt;&amp;nbsp;.&lt;br /&gt;&lt;br /&gt;&lt;br /&gt;Undertale is copyright to Toby Fox.&lt;br /&gt;&lt;br /&gt;&lt;br /&gt;Drawing was done by my good friend&amp;nbsp;&lt;a target=&quot;_self&quot; href=&quot;https://www.deviantart.com/dgartist13&quot; &gt;&lt;img class=&quot;avatar&quot; width=&quot;50&quot; height=&quot;50&quot; src=&quot;https://a.deviantart.net/avatars/d/g/dgartist13.gif?4&quot; alt=&quot;:icondgartist13:&quot; title=&quot;DGartist13&quot; /&gt;&lt;/a&gt;&amp;nbsp;&amp;nbsp;and she let me post it up here pretty much. I only turned it digital then colored it and redrew it.&lt;/div&gt;&lt;div&gt;&lt;br /&gt;&lt;/div&gt;&lt;/div&gt;&lt;/div&gt;&lt;/div&gt;&lt;div&gt;&lt;a href=&quot;#&quot;&gt;&lt;/a&gt;&lt;span&gt;&lt;/span&gt;&lt;div&gt;&lt;/div&gt;&lt;/div&gt;</media:description>            <media:thumbnail url="https://t00.deviantart.net/zgXzSGgqEHroorPcOr7QwliEHVY=/fit-in/150x150/filters:no_upscale():origin()/pre00/34ed/th/pre/f/2019/027/9/d/natalia_and_gr_and_vince_nsfw_comic_5_preview_by_natalia_clark-dcy5jik.png" height="100" width="150"/>            <media:thumbnail url="https://t00.deviantart.net/0srZg9Jm1F2VBV6NcyWXQTXAiIc=/fit-in/300x900/filters:no_upscale():origin()/pre00/34ed/th/pre/f/2019/027/9/d/natalia_and_gr_and_vince_nsfw_comic_5_preview_by_natalia_clark-dcy5jik.png" height="200" width="300"/>            <media:thumbnail url="https://t00.deviantart.net/JVPdyMAHjnvbzQ-zc17LHeqmSoI=/300x200/filters:fixed_height(100,100):origin()/pre00/34ed/th/pre/f/2019/027/9/d/natalia_and_gr_and_vince_nsfw_comic_5_preview_by_natalia_clark-dcy5jik.png" height="200" width="300"/>            <media:content url="https://orig00.deviantart.net/e05a/f/2019/027/9/d/natalia_and_gr_and_vince_nsfw_comic_5_preview_by_natalia_clark-dcy5jik.png" height="226" width="339" medium="image"/>            
            <description>For sure as heck needed to only show a preview and all of this drawing since yeah very high so only can show the preview and all.&lt;br /&gt;&lt;br /&gt;Again if you want to see the whole comic page ask and all in a note or something but again please make sure you are old a enough before asking to see it and all that is all that i ask for and all.&lt;br /&gt;&lt;br /&gt;&lt;br /&gt;Welp let&#039;s just say that my personal oc when in their insane mode state they know all the good spots to go for and all and know on how to get at good points on someone.&lt;br /&gt;&lt;br /&gt;&lt;br /&gt;&lt;div&gt;&lt;div&gt;&lt;div&gt;&lt;div&gt;Natalia (personal one in all of their forms and in their insane mode) is copyright to Natalia-Clark (myself of course).&lt;br /&gt;&lt;br /&gt;&lt;br /&gt;&amp;nbsp;GR belongs to&amp;nbsp;&lt;a target=&quot;_self&quot; href=&quot;https://www.deviantart.com/dgartist13&quot; &gt;&lt;img class=&quot;avatar&quot; width=&quot;50&quot; height=&quot;50&quot; src=&quot;https://a.deviantart.net/avatars/d/g/dgartist13.gif?4&quot; alt=&quot;:icondgartist13:&quot; title=&quot;DGartist13&quot; /&gt;&lt;/a&gt;&amp;nbsp;.&lt;br /&gt;&lt;br /&gt;&lt;br /&gt;Undertale is copyright to Toby Fox.&lt;br /&gt;&lt;br /&gt;&lt;br /&gt;Drawing was done by my good friend&amp;nbsp;&lt;a target=&quot;_self&quot; href=&quot;https://www.deviantart.com/dgartist13&quot; &gt;&lt;img class=&quot;avatar&quot; width=&quot;50&quot; height=&quot;50&quot; src=&quot;https://a.deviantart.net/avatars/d/g/dgartist13.gif?4&quot; alt=&quot;:icondgartist13:&quot; title=&quot;DGartist13&quot; /&gt;&lt;/a&gt;&amp;nbsp;&amp;nbsp;and she let me post it up here pretty much. I only turned it digital then colored it and redrew it.&lt;/div&gt;&lt;div&gt;&lt;br /&gt;&lt;/div&gt;&lt;/div&gt;&lt;/div&gt;&lt;/div&gt;&lt;div&gt;&lt;a href=&quot;#&quot;&gt;&lt;/a&gt;&lt;span&gt;&lt;/span&gt;&lt;div&gt;&lt;/div&gt;&lt;/div&gt;&lt;br /&gt;&lt;div&gt;&lt;img src=&quot;https://t00.deviantart.net/JVPdyMAHjnvbzQ-zc17LHeqmSoI=/300x200/filters:fixed_height(100,100):origin()/pre00/34ed/th/pre/f/2019/027/9/d/natalia_and_gr_and_vince_nsfw_comic_5_preview_by_natalia_clark-dcy5jik.png&quot; alt=&quot;thumbnail&quot; /&gt;&lt;/div&gt;</description>            </item>
                    <item>
                <title>Beach Bod</title>
                <link>https://papyrusfangirl95.deviantart.com/art/Beach-Bod-782882908</link>
                <guid isPermaLink="true">https://papyrusfangirl95.deviantart.com/art/Beach-Bod-782882908</guid>
                <pubDate>Sat, 26 Jan 2019 14:52:13 PST</pubDate>
                        <media:title type="plain">Beach Bod</media:title>
        <media:keywords></media:keywords>
                        <media:rating>nonadult</media:rating>
                <media:category label="Games">fanart/digital/drawings/games</media:category>
        <media:credit role="author" scheme="urn:ebu">PapyrusFangirl95</media:credit>
        <media:credit role="author" scheme="urn:ebu">https://a.deviantart.net/avatars/p/a/papyrusfangirl95.jpg?9</media:credit>
        <media:copyright url="https://papyrusfangirl95.deviantart.com">Copyright 2019 PapyrusFangirl95</media:copyright>            <media:description type="html">Ha ha its funny because this is a beach drawing and its negative 20 degrees outside&amp;nbsp;&lt;a href=&quot;https://www.deviantart.com/manieac226/art/Cry-Laughing-Emoji-Pillow-Face-Emoticon-755069936&quot; class=&quot;emoticon&quot; data-embed-type=&quot;emoticon&quot; data-embed-id=&quot;755069936&quot; data-embed-profile=&quot;deviation&quot;&gt;&lt;img src=&quot;https://images-wixmp-ed30a86b8c4ca887773594c2.wixmp.com/intermediary/f/8baf6630-9627-40a7-947e-77448bf073fb/dchjrow-87b6bf1e-9cde-4686-8fe9-638c788911fe.png&quot; alt=&quot;Cry Laughing Emoji Pillow [Face] Emoticon&quot; style=&quot;width:50px;height:50px&quot;&gt;&lt;/a&gt;&amp;nbsp;</media:description>            <media:thumbnail url="https://t00.deviantart.net/4WHJaxjplFQfkavBbgkkM8cZdqk=/fit-in/150x150/filters:no_upscale():origin()/pre00/4b1a/th/pre/i/2019/026/1/e/beach_bod_by_papyrusfangirl95-dcy3wbg.jpg" height="146" width="150"/>            <media:thumbnail url="https://t00.deviantart.net/d4s0blrf7LyxE820Am4x8we3mXQ=/fit-in/300x900/filters:no_upscale():origin()/pre00/4b1a/th/pre/i/2019/026/1/e/beach_bod_by_papyrusfangirl95-dcy3wbg.jpg" height="292" width="300"/>            <media:thumbnail url="https://t00.deviantart.net/igr3tmdz6mkBjxdcexssV0Z5ceE=/300x200/filters:fixed_height(100,100):origin()/pre00/4b1a/th/pre/i/2019/026/1/e/beach_bod_by_papyrusfangirl95-dcy3wbg.jpg" height="200" width="205"/>            <media:content url="https://pre00.deviantart.net/4b1a/th/pre/i/2019/026/1/e/beach_bod_by_papyrusfangirl95-dcy3wbg.jpg" height="882" width="906" medium="image"/>            
            <description>Ha ha its funny because this is a beach drawing and its negative 20 degrees outside&amp;nbsp;&lt;a href=&quot;https://www.deviantart.com/manieac226/art/Cry-Laughing-Emoji-Pillow-Face-Emoticon-755069936&quot; class=&quot;emoticon&quot; data-embed-type=&quot;emoticon&quot; data-embed-id=&quot;755069936&quot; data-embed-profile=&quot;deviation&quot;&gt;&lt;img src=&quot;https://images-wixmp-ed30a86b8c4ca887773594c2.wixmp.com/intermediary/f/8baf6630-9627-40a7-947e-77448bf073fb/dchjrow-87b6bf1e-9cde-4686-8fe9-638c788911fe.png&quot; alt=&quot;Cry Laughing Emoji Pillow [Face] Emoticon&quot; style=&quot;width:50px;height:50px&quot;&gt;&lt;/a&gt;&amp;nbsp;&lt;br /&gt;&lt;div&gt;&lt;img src=&quot;https://t00.deviantart.net/igr3tmdz6mkBjxdcexssV0Z5ceE=/300x200/filters:fixed_height(100,100):origin()/pre00/4b1a/th/pre/i/2019/026/1/e/beach_bod_by_papyrusfangirl95-dcy3wbg.jpg&quot; alt=&quot;thumbnail&quot; /&gt;&lt;/div&gt;</description>            </item>
                    <item>
                <title>precious memories</title>
                <link>https://aruesur.deviantart.com/art/precious-memories-782933414</link>
                <guid isPermaLink="true">https://aruesur.deviantart.com/art/precious-memories-782933414</guid>
                <pubDate>Sat, 26 Jan 2019 22:00:34 PST</pubDate>
                        <media:title type="plain">precious memories</media:title>
        <media:keywords></media:keywords>
                        <media:rating>nonadult</media:rating>
                <media:category label="Games">fanart/digital/drawings/games</media:category>
        <media:credit role="author" scheme="urn:ebu">aruesuR</media:credit>
        <media:credit role="author" scheme="urn:ebu">https://a.deviantart.net/avatars/default.gif</media:credit>
        <media:copyright url="https://aruesur.deviantart.com">Copyright 2019 aruesuR</media:copyright>            <media:description type="html"></media:description>            <media:thumbnail url="https://t00.deviantart.net/w-gtvWWsq34ajUCGSVj04BZAkPg=/fit-in/150x150/filters:no_upscale():origin()/pre00/2918/th/pre/f/2019/026/9/6/precious_memories_by_aruesur-dcy4zae.jpg" height="113" width="150"/>            <media:thumbnail url="https://t00.deviantart.net/c68Q4UlvDKcPn-4ks45RWAIkVzM=/fit-in/300x900/filters:no_upscale():origin()/pre00/2918/th/pre/f/2019/026/9/6/precious_memories_by_aruesur-dcy4zae.jpg" height="225" width="300"/>            <media:thumbnail url="https://t00.deviantart.net/zVoblw2iEc5zPGXo1UWZ_VA831A=/300x200/filters:fixed_height(100,100):origin()/pre00/2918/th/pre/f/2019/026/9/6/precious_memories_by_aruesur-dcy4zae.jpg" height="200" width="267"/>            <media:content url="https://orig00.deviantart.net/6a14/f/2019/026/9/6/precious_memories_by_aruesur-dcy4zae.jpg" height="600" width="800" medium="image"/>            
            <description>&lt;br /&gt;&lt;div&gt;&lt;img src=&quot;https://t00.deviantart.net/zVoblw2iEc5zPGXo1UWZ_VA831A=/300x200/filters:fixed_height(100,100):origin()/pre00/2918/th/pre/f/2019/026/9/6/precious_memories_by_aruesur-dcy4zae.jpg&quot; alt=&quot;thumbnail&quot; /&gt;&lt;/div&gt;</description>            </item>
                    <item>
                <title>Will I be happy? </title>
                <link>https://acrazyotaku.deviantart.com/art/Will-I-be-happy-782915677</link>
                <guid isPermaLink="true">https://acrazyotaku.deviantart.com/art/Will-I-be-happy-782915677</guid>
                <pubDate>Sat, 26 Jan 2019 19:16:06 PST</pubDate>
                        <media:title type="plain">Will I be happy? </media:title>
        <media:keywords></media:keywords>
                        <media:rating>nonadult</media:rating>
                <media:category label="Games">fanart/manga/traditional/games</media:category>
        <media:credit role="author" scheme="urn:ebu">AcrazyOtaku</media:credit>
        <media:credit role="author" scheme="urn:ebu">https://a.deviantart.net/avatars/a/c/acrazyotaku.png?4</media:credit>
        <media:copyright url="https://acrazyotaku.deviantart.com">Copyright 2019 AcrazyOtaku</media:copyright>            <media:description type="html">Forgotten! Frisk by me</media:description>            <media:thumbnail url="https://t00.deviantart.net/oK4r8Usl3cEzDBGqTrmxakXcX9s=/fit-in/150x150/filters:no_upscale():origin()/pre00/d639/th/pre/i/2019/026/5/7/will_i_be_happy___by_acrazyotaku-dcy4llp.jpg" height="150" width="113"/>            <media:thumbnail url="https://t00.deviantart.net/ERhxN3RaDe3rVE73oob0QS8AVTA=/fit-in/300x900/filters:no_upscale():origin()/pre00/d639/th/pre/i/2019/026/5/7/will_i_be_happy___by_acrazyotaku-dcy4llp.jpg" height="400" width="300"/>            <media:thumbnail url="https://t00.deviantart.net/BnflclFTXgfmTr9CvVgVROcbix0=/300x200/filters:fixed_height(100,100):origin()/pre00/d639/th/pre/i/2019/026/5/7/will_i_be_happy___by_acrazyotaku-dcy4llp.jpg" height="200" width="150"/>            <media:content url="https://pre00.deviantart.net/d639/th/pre/i/2019/026/5/7/will_i_be_happy___by_acrazyotaku-dcy4llp.jpg" height="1032" width="774" medium="image"/>            
            <description>Forgotten! Frisk by me&lt;br /&gt;&lt;div&gt;&lt;img src=&quot;https://t00.deviantart.net/BnflclFTXgfmTr9CvVgVROcbix0=/300x200/filters:fixed_height(100,100):origin()/pre00/d639/th/pre/i/2019/026/5/7/will_i_be_happy___by_acrazyotaku-dcy4llp.jpg&quot; alt=&quot;thumbnail&quot; /&gt;&lt;/div&gt;</description>            </item>
                    <item>
                <title>Fallen Flowers: Chapter 2 - Page 34</title>
                <link>https://tara-bleart.deviantart.com/art/Fallen-Flowers-Chapter-2-Page-34-782991116</link>
                <guid isPermaLink="true">https://tara-bleart.deviantart.com/art/Fallen-Flowers-Chapter-2-Page-34-782991116</guid>
                <pubDate>Sun, 27 Jan 2019 09:08:15 PST</pubDate>
                        <media:title type="plain">Fallen Flowers: Chapter 2 - Page 34</media:title>
        <media:keywords></media:keywords>
                        <media:rating>nonadult</media:rating>
                <media:category label="Pages">cartoons/digital/comics/pages</media:category>
        <media:credit role="author" scheme="urn:ebu">Tara-bleArt</media:credit>
        <media:credit role="author" scheme="urn:ebu">https://a.deviantart.net/avatars/t/a/tara-bleart.png?9</media:credit>
        <media:copyright url="https://tara-bleart.deviantart.com">Copyright 2019 Tara-bleArt</media:copyright>            <media:description type="html">&lt;p align=&quot;justify&quot;&gt;&amp;lt;&lt;a href=&quot;https://tara-bleart.deviantart.com/art/Fallen-Flowers-Prologue-744044578&quot;&gt;Cover&lt;/a&gt;&amp;nbsp;:&amp;nbsp;&lt;a href=&quot;https://www.deviantart.com/tara-bleart/art/Fallen-Flowers-Chapter-2-Page-33-782050316&quot;&gt;Previous&lt;/a&gt;&amp;nbsp;:&amp;nbsp;Next&amp;gt;&lt;/p&gt;&lt;p&gt;&lt;span&gt;Blooky and Frisk finally have a nice quiet time to chat.&lt;/span&gt;&lt;br /&gt;&lt;br /&gt;&lt;span&gt;The skelebros have a lot to catch up on.&lt;/span&gt;&lt;br /&gt;&lt;/p&gt;&lt;p align=&quot;justify&quot;&gt;~&lt;br /&gt;&lt;/p&gt;&lt;p align=&quot;justify&quot;&gt;Be sure to click the links and follow me at:&lt;br /&gt;&lt;a class=&quot;external&quot; href=&quot;https://www.deviantart.com/users/outgoing?http://tarableart.tumblr.com/&quot;&gt;&lt;b&gt;Tumblr.com&lt;/b&gt;&lt;/a&gt;&lt;/p&gt;&lt;p align=&quot;justify&quot;&gt;&lt;a class=&quot;external&quot; href=&quot;https://www.deviantart.com/users/outgoing?http://t.umblr.com/redirect?z=http%3A%2F%2Fwww.smackjeeves.com%2Fcomicprofile.php%3Fid%3D170316&amp;amp;t=ZTAzNzgxODg3MzkwOGYxZmM0NDA2ODM0ZTJmNDkxYTJhNGY5NzQ5Yyx2RTlFSmV0eA%3D%3D&amp;amp;b=t%3ACy6jiCWGgTCuZl-jFHOBgw&amp;amp;p=http%3A%2F%2Ftarableart.tumblr.com%2Fpost%2F166930181466%2Fpart-13-of-fallen-flowers-cover-previous&amp;amp;m=1&quot;&gt;&lt;b&gt;SmackJeeves.com&lt;/b&gt;&lt;/a&gt;&lt;/p&gt;&lt;p align=&quot;justify&quot;&gt;&lt;/p&gt;&lt;p align=&quot;justify&quot;&gt;&lt;/p&gt;&lt;p align=&quot;justify&quot;&gt;&lt;a class=&quot;external&quot; href=&quot;https://www.deviantart.com/users/outgoing?https://tapas.io/tarableart&quot;&gt;&lt;b&gt;Tapas.io&lt;/b&gt;&lt;/a&gt;&lt;br /&gt;&lt;br /&gt;~&lt;/p&gt;&lt;p&gt;Prefer to read Fallen Flowers in a different language?&lt;/p&gt;&lt;p&gt;&lt;a class=&quot;external&quot; href=&quot;https://www.deviantart.com/users/outgoing?https://t.umblr.com/redirect?z=https%3A%2F%2Facomics.ru%2F%7Efallenflowers%2Fabout&amp;amp;t=NzBmMzI1ZDIyZGU2NGExOWI4ODIzODMwODA4NzQ4MmM4NmE3YzdhZCw4WEpFWlAwZA%3D%3D&amp;amp;b=t%3ACy6jiCWGgTCuZl-jFHOBgw&amp;amp;p=http%3A%2F%2Ftarableart.tumblr.com%2Fpost%2F177172580401%2Fch2-part-15-of-fallen-flowers-cover-previous&amp;amp;m=1&quot;&gt;&lt;b&gt;Check out the Russian version!&lt;/b&gt;&lt;/a&gt;&lt;/p&gt;</media:description>            <media:thumbnail url="https://t00.deviantart.net/VH-Rn0lGXy5fyfWdSKut7rmyK8Y=/fit-in/150x150/filters:no_upscale():origin()/pre00/326c/th/pre/i/2019/027/9/b/fallen_flowers__chapter_2___page_34_by_tara_bleart-dcy67t8.png" height="150" width="55"/>            <media:thumbnail url="https://t00.deviantart.net/jCQQ6dmqPJAsd2GMdToRM1TxqFg=/fit-in/300x900/filters:no_upscale():origin()/pre00/326c/th/pre/i/2019/027/9/b/fallen_flowers__chapter_2___page_34_by_tara_bleart-dcy67t8.png" height="816" width="300"/>            <media:thumbnail url="https://t00.deviantart.net/CMESxTIW9u-0gm38ZijA27iopyw=/300x200/filters:fixed_height(100,100):origin()/pre00/326c/th/pre/i/2019/027/9/b/fallen_flowers__chapter_2___page_34_by_tara_bleart-dcy67t8.png" height="201" width="100"/>            <media:content url="https://pre00.deviantart.net/326c/th/pre/i/2019/027/9/b/fallen_flowers__chapter_2___page_34_by_tara_bleart-dcy67t8.png" height="1475" width="542" medium="image"/>            
            <description>&lt;p align=&quot;justify&quot;&gt;&amp;lt;&lt;a href=&quot;https://tara-bleart.deviantart.com/art/Fallen-Flowers-Prologue-744044578&quot;&gt;Cover&lt;/a&gt;&amp;nbsp;:&amp;nbsp;&lt;a href=&quot;https://www.deviantart.com/tara-bleart/art/Fallen-Flowers-Chapter-2-Page-33-782050316&quot;&gt;Previous&lt;/a&gt;&amp;nbsp;:&amp;nbsp;Next&amp;gt;&lt;/p&gt;&lt;p&gt;&lt;span&gt;Blooky and Frisk finally have a nice quiet time to chat.&lt;/span&gt;&lt;br /&gt;&lt;br /&gt;&lt;span&gt;The skelebros have a lot to catch up on.&lt;/span&gt;&lt;br /&gt;&lt;/p&gt;&lt;p align=&quot;justify&quot;&gt;~&lt;br /&gt;&lt;/p&gt;&lt;p align=&quot;justify&quot;&gt;Be sure to click the links and follow me at:&lt;br /&gt;&lt;a class=&quot;external&quot; href=&quot;https://www.deviantart.com/users/outgoing?http://tarableart.tumblr.com/&quot;&gt;&lt;b&gt;Tumblr.com&lt;/b&gt;&lt;/a&gt;&lt;/p&gt;&lt;p align=&quot;justify&quot;&gt;&lt;a class=&quot;external&quot; href=&quot;https://www.deviantart.com/users/outgoing?http://t.umblr.com/redirect?z=http%3A%2F%2Fwww.smackjeeves.com%2Fcomicprofile.php%3Fid%3D170316&amp;amp;t=ZTAzNzgxODg3MzkwOGYxZmM0NDA2ODM0ZTJmNDkxYTJhNGY5NzQ5Yyx2RTlFSmV0eA%3D%3D&amp;amp;b=t%3ACy6jiCWGgTCuZl-jFHOBgw&amp;amp;p=http%3A%2F%2Ftarableart.tumblr.com%2Fpost%2F166930181466%2Fpart-13-of-fallen-flowers-cover-previous&amp;amp;m=1&quot;&gt;&lt;b&gt;SmackJeeves.com&lt;/b&gt;&lt;/a&gt;&lt;/p&gt;&lt;p align=&quot;justify&quot;&gt;&lt;/p&gt;&lt;p align=&quot;justify&quot;&gt;&lt;/p&gt;&lt;p align=&quot;justify&quot;&gt;&lt;a class=&quot;external&quot; href=&quot;https://www.deviantart.com/users/outgoing?https://tapas.io/tarableart&quot;&gt;&lt;b&gt;Tapas.io&lt;/b&gt;&lt;/a&gt;&lt;br /&gt;&lt;br /&gt;~&lt;/p&gt;&lt;p&gt;Prefer to read Fallen Flowers in a different language?&lt;/p&gt;&lt;p&gt;&lt;a class=&quot;external&quot; href=&quot;https://www.deviantart.com/users/outgoing?https://t.umblr.com/redirect?z=https%3A%2F%2Facomics.ru%2F%7Efallenflowers%2Fabout&amp;amp;t=NzBmMzI1ZDIyZGU2NGExOWI4ODIzODMwODA4NzQ4MmM4NmE3YzdhZCw4WEpFWlAwZA%3D%3D&amp;amp;b=t%3ACy6jiCWGgTCuZl-jFHOBgw&amp;amp;p=http%3A%2F%2Ftarableart.tumblr.com%2Fpost%2F177172580401%2Fch2-part-15-of-fallen-flowers-cover-previous&amp;amp;m=1&quot;&gt;&lt;b&gt;Check out the Russian version!&lt;/b&gt;&lt;/a&gt;&lt;/p&gt;&lt;br /&gt;&lt;div&gt;&lt;img src=&quot;https://t00.deviantart.net/CMESxTIW9u-0gm38ZijA27iopyw=/300x200/filters:fixed_height(100,100):origin()/pre00/326c/th/pre/i/2019/027/9/b/fallen_flowers__chapter_2___page_34_by_tara_bleart-dcy67t8.png&quot; alt=&quot;thumbnail&quot; /&gt;&lt;/div&gt;</description>            </item>
                    <item>
                <title>love/LOVE - Undertale Comic - Page 6</title>
                <link>https://pc012.deviantart.com/art/love-LOVE-Undertale-Comic-Page-6-782966828</link>
                <guid isPermaLink="true">https://pc012.deviantart.com/art/love-LOVE-Undertale-Comic-Page-6-782966828</guid>
                <pubDate>Sun, 27 Jan 2019 05:03:29 PST</pubDate>
                        <media:title type="plain">love/LOVE - Undertale Comic - Page 6</media:title>
        <media:keywords></media:keywords>
                        <media:rating>nonadult</media:rating>
                <media:category label="Games">fanart/cartoons/digital/games</media:category>
        <media:credit role="author" scheme="urn:ebu">PC012</media:credit>
        <media:credit role="author" scheme="urn:ebu">https://a.deviantart.net/avatars/p/c/pc012.png?12</media:credit>
        <media:copyright url="https://pc012.deviantart.com">Copyright 2019 PC012</media:copyright>            <media:description type="html">&lt;div&gt; &lt;div&gt; &lt;div&gt; &lt;div&gt;&lt;div&gt;&lt;a href=&quot;https://www.deviantart.com/pc012/art/love-LOVE-Undertale-Comic-Page-1-777492213&quot;&gt;First&lt;/a&gt; | &lt;a href=&quot;https://www.deviantart.com/pc012/art/love-LOVE-Undertale-Comic-Page-5-780999171&quot;&gt;Previous&lt;/a&gt; | Next (coming soon!)&lt;br /&gt;&lt;br /&gt;See new pages earlier on tumblr: &lt;a class=&quot;external&quot; href=&quot;https://www.deviantart.com/users/outgoing?https://love-love-comic.tumblr.com&quot;&gt;love-love-comic.tumblr.com&lt;/a&gt;&lt;br /&gt;&lt;/div&gt;&lt;div&gt;&lt;br /&gt;&lt;/div&gt;&lt;div&gt;undersketch by the great &lt;span class=&quot;username-with-symbol u&quot;&gt;&lt;a class=&quot;u regular username&quot; href=&quot;https://www.deviantart.com/angrychill&quot;&gt;angrychill&lt;/a&gt;&lt;span class=&quot;user-symbol regular&quot; data-quicktip-text=&quot;&quot; data-show-tooltip=&quot;&quot; data-gruser-type=&quot;regular&quot;&gt;&lt;/span&gt;&lt;/span&gt; &lt;a target=&quot;_self&quot; href=&quot;https://www.deviantart.com/angrychill&quot; &gt;&lt;img class=&quot;avatar&quot; width=&quot;50&quot; height=&quot;50&quot; src=&quot;https://a.deviantart.net/avatars/a/n/angrychill.png?2&quot; alt=&quot;:iconangrychill:&quot; title=&quot;angrychill&quot; /&gt;&lt;/a&gt;&lt;span&gt;&lt;/span&gt; &amp;lt;3&lt;/div&gt;&lt;div&gt;&lt;br /&gt;&lt;/div&gt;&lt;div&gt;Undertale and its characters &lt;span&gt;&amp;#169; Toby Fox&lt;/span&gt;&lt;/div&gt;&lt;/div&gt; &lt;/div&gt;&lt;/div&gt; &lt;/div&gt;</media:description>            <media:thumbnail url="https://t00.deviantart.net/G7Fy8qU9J5EVkd5ceYTTYwuftYM=/fit-in/150x150/filters:no_upscale():origin()/pre00/da4e/th/pre/i/2019/027/f/e/love_love___undertale_comic___page_6_by_pc012-dcy5p2k.png" height="150" width="114"/>            <media:thumbnail url="https://t00.deviantart.net/9XVjJE1oEj0RPgtnb5qbyoUChaU=/fit-in/300x900/filters:no_upscale():origin()/pre00/da4e/th/pre/i/2019/027/f/e/love_love___undertale_comic___page_6_by_pc012-dcy5p2k.png" height="396" width="300"/>            <media:thumbnail url="https://t00.deviantart.net/q8KPsWPiiRMd7U1hLjqSGks7HK4=/300x200/filters:fixed_height(100,100):origin()/pre00/da4e/th/pre/i/2019/027/f/e/love_love___undertale_comic___page_6_by_pc012-dcy5p2k.png" height="200" width="152"/>            <media:content url="https://pre00.deviantart.net/da4e/th/pre/i/2019/027/f/e/love_love___undertale_comic___page_6_by_pc012-dcy5p2k.png" height="1027" width="778" medium="image"/>            
            <description>&lt;div&gt; &lt;div&gt; &lt;div&gt; &lt;div&gt;&lt;div&gt;&lt;a href=&quot;https://www.deviantart.com/pc012/art/love-LOVE-Undertale-Comic-Page-1-777492213&quot;&gt;First&lt;/a&gt; | &lt;a href=&quot;https://www.deviantart.com/pc012/art/love-LOVE-Undertale-Comic-Page-5-780999171&quot;&gt;Previous&lt;/a&gt; | Next (coming soon!)&lt;br /&gt;&lt;br /&gt;See new pages earlier on tumblr: &lt;a class=&quot;external&quot; href=&quot;https://www.deviantart.com/users/outgoing?https://love-love-comic.tumblr.com&quot;&gt;love-love-comic.tumblr.com&lt;/a&gt;&lt;br /&gt;&lt;/div&gt;&lt;div&gt;&lt;br /&gt;&lt;/div&gt;&lt;div&gt;undersketch by the great &lt;span class=&quot;username-with-symbol u&quot;&gt;&lt;a class=&quot;u regular username&quot; href=&quot;https://www.deviantart.com/angrychill&quot;&gt;angrychill&lt;/a&gt;&lt;span class=&quot;user-symbol regular&quot; data-quicktip-text=&quot;&quot; data-show-tooltip=&quot;&quot; data-gruser-type=&quot;regular&quot;&gt;&lt;/span&gt;&lt;/span&gt; &lt;a target=&quot;_self&quot; href=&quot;https://www.deviantart.com/angrychill&quot; &gt;&lt;img class=&quot;avatar&quot; width=&quot;50&quot; height=&quot;50&quot; src=&quot;https://a.deviantart.net/avatars/a/n/angrychill.png?2&quot; alt=&quot;:iconangrychill:&quot; title=&quot;angrychill&quot; /&gt;&lt;/a&gt;&lt;span&gt;&lt;/span&gt; &amp;lt;3&lt;/div&gt;&lt;div&gt;&lt;br /&gt;&lt;/div&gt;&lt;div&gt;Undertale and its characters &lt;span&gt;&amp;#169; Toby Fox&lt;/span&gt;&lt;/div&gt;&lt;/div&gt; &lt;/div&gt;&lt;/div&gt; &lt;/div&gt;&lt;br /&gt;&lt;div&gt;&lt;img src=&quot;https://t00.deviantart.net/q8KPsWPiiRMd7U1hLjqSGks7HK4=/300x200/filters:fixed_height(100,100):origin()/pre00/da4e/th/pre/i/2019/027/f/e/love_love___undertale_comic___page_6_by_pc012-dcy5p2k.png&quot; alt=&quot;thumbnail&quot; /&gt;&lt;/div&gt;</description>            </item>
                    <item>
                <title>Underwatertale Chapter 7 Cover</title>
                <link>https://doudy20.deviantart.com/art/Underwatertale-Chapter-7-Cover-782972620</link>
                <guid isPermaLink="true">https://doudy20.deviantart.com/art/Underwatertale-Chapter-7-Cover-782972620</guid>
                <pubDate>Sun, 27 Jan 2019 06:11:28 PST</pubDate>
                        <media:title type="plain">Underwatertale Chapter 7 Cover</media:title>
        <media:keywords></media:keywords>
                        <media:rating>nonadult</media:rating>
                <media:category label="Games">fanart/cartoons/digital/games</media:category>
        <media:credit role="author" scheme="urn:ebu">Doudy20</media:credit>
        <media:credit role="author" scheme="urn:ebu">https://a.deviantart.net/avatars/d/o/doudy20.png?12</media:credit>
        <media:copyright url="https://doudy20.deviantart.com">Copyright 2019 Doudy20</media:copyright>            <media:description type="html">&lt;span&gt;&lt;b&gt;Ask the characters in the comments!&lt;/b&gt;&lt;/span&gt;&lt;br /&gt;&lt;a href=&quot;https://doudy20.deviantart.com/art/Chapter-1-Frisk-comes-614432333&quot;&gt;&lt;i&gt;Chapter 1&lt;/i&gt;&lt;/a&gt;&lt;span&gt;&amp;nbsp;|&amp;nbsp;&lt;/span&gt;&lt;a href=&quot;https://doudy20.deviantart.com/art/Chapter-2-The-Skeleton-Family-617596278&quot;&gt;&lt;i&gt;Chapter 2&lt;/i&gt;&lt;/a&gt;&lt;span&gt;&amp;nbsp;|&amp;nbsp;&lt;/span&gt;&lt;a href=&quot;https://doudy20.deviantart.com/art/Chapter-3-YOU-LOVE-THEM-640110110&quot;&gt;&lt;i&gt;Chapter 3&lt;/i&gt;&lt;/a&gt;&lt;span&gt;&amp;nbsp;|&amp;nbsp;&lt;/span&gt;&lt;a href=&quot;https://doudy20.deviantart.com/art/Chapter-4-Sick-678710717&quot;&gt;&lt;i&gt;Chapter 4&lt;/i&gt;&lt;/a&gt;&lt;span&gt;&amp;nbsp;|&amp;nbsp;&lt;/span&gt;&lt;a href=&quot;https://www.deviantart.com/doudy20/art/Underwatertale-Chapter-5-Love-Is-Complicated-Cover-755096749&quot;&gt;&lt;i&gt;Chapter 5&lt;/i&gt;&lt;/a&gt;&lt;span&gt;&amp;nbsp;|&amp;nbsp;&lt;/span&gt;&lt;a href=&quot;https://www.deviantart.com/doudy20/art/Underwatertale-Chapter-6-Cover-765007757&quot;&gt;&lt;i&gt;Chapter 6&lt;/i&gt;&lt;/a&gt;&lt;br /&gt;&lt;a href=&quot;https://www.deviantart.com/doudy20/art/Underwatertale-Chapter-6-Page-18-End-of-chapter-781964989&quot;&gt;&lt;i&gt;Previous&lt;/i&gt;&lt;/a&gt;&lt;span&gt;&amp;nbsp;|&amp;nbsp;&lt;/span&gt;&lt;i&gt;&lt;b&gt;&lt;b&gt;&lt;a href=&quot;https://www.deviantart.com/doudy20/art/Underwatertale-Chapter-7-Page-1-782972943&quot;&gt;Next&lt;/a&gt;&lt;/b&gt;&lt;/b&gt;&lt;/i&gt;&lt;i&gt;&lt;br /&gt;&lt;br /&gt;&lt;/i&gt;&lt;span&gt;&amp;#127752;&amp;nbsp;&lt;/span&gt;&lt;b&gt;Enjoy my work?&amp;nbsp;&lt;/b&gt;&lt;b&gt;Support me!&amp;nbsp;&lt;i&gt;&lt;a class=&quot;external&quot; href=&quot;https://www.deviantart.com/users/outgoing?https://t.umblr.com/redirect?z=https%3A%2F%2Fwww.patreon.com%2Fdoudy&amp;amp;t=NTdmNjFlNDA3NDk4NmU5N2IwNDEzODA3MTFmMjkyNDc5OGMyMDZkNixVQjNuNVVucg%3D%3D&amp;amp;b=t%3ACFYSdpGVaa9zT7w-3klveg&amp;amp;p=http%3A%2F%2Fdoudy20.tumblr.com%2Fpost%2F172857267174%2Fink-and-i-part-11-previous-next-soon-doudy&amp;amp;m=1&quot;&gt;&lt;b&gt;Patreon&lt;/b&gt;&lt;/a&gt;&amp;nbsp;|&lt;/i&gt;&amp;nbsp;&lt;i&gt;&lt;a class=&quot;external&quot; href=&quot;https://www.deviantart.com/users/outgoing?https://t.umblr.com/redirect?z=https%3A%2F%2Fko-fi.com%2FA1412E42&amp;amp;t=ZjlhN2YwOTU2M2YzYWNjM2FhYWVjNDI4N2ViOTNlNjBmMGI5ZDNiMyxVQjNuNVVucg%3D%3D&amp;amp;b=t%3ACFYSdpGVaa9zT7w-3klveg&amp;amp;p=http%3A%2F%2Fdoudy20.tumblr.com%2Fpost%2F172857267174%2Fink-and-i-part-11-previous-next-soon-doudy&amp;amp;m=1&quot;&gt;&lt;b&gt;Ko-fi&lt;/b&gt;&lt;/a&gt;&amp;nbsp;|&lt;/i&gt;&amp;nbsp;&lt;a class=&quot;external&quot; href=&quot;https://www.deviantart.com/users/outgoing?https://www.paypal.me/cindydoudy&quot;&gt;&lt;i&gt;&lt;b&gt;Paypal&lt;/b&gt;&lt;/i&gt;&lt;/a&gt;&lt;i&gt;&amp;nbsp;&lt;/i&gt;|&amp;nbsp;&lt;i&gt;&lt;a href=&quot;https://www.deviantart.com/doudy20/art/Commissions-open-758912758&quot;&gt;Commissions info&lt;/a&gt;&lt;/i&gt;&lt;br /&gt;&lt;/b&gt;&lt;span&gt;&amp;#127912;&amp;nbsp;&lt;/span&gt;&lt;b&gt;Find me on:&amp;nbsp;&lt;i&gt;&lt;a class=&quot;external&quot; href=&quot;https://www.deviantart.com/users/outgoing?https://www.pillowfort.io/Doudy&quot;&gt;&lt;b&gt;Pillowfort&lt;/b&gt;&lt;/a&gt;&amp;nbsp;|&lt;/i&gt;&amp;nbsp;&lt;i&gt;&lt;a class=&quot;external&quot; href=&quot;https://www.deviantart.com/users/outgoing?http://doudy20.tumblr.com/&quot;&gt;&lt;b&gt;Tumblr&lt;/b&gt;&lt;/a&gt;&amp;nbsp;|&lt;/i&gt;&amp;nbsp;&lt;i&gt;&lt;a class=&quot;external&quot; href=&quot;https://www.deviantart.com/users/outgoing?https://twitter.com/DoudyCD&quot;&gt;&lt;b&gt;Twitter&lt;/b&gt;&lt;/a&gt;&amp;nbsp;|&lt;/i&gt;&lt;i&gt;&amp;nbsp;&lt;a class=&quot;external&quot; href=&quot;https://www.deviantart.com/users/outgoing?https://www.youtube.com/channel/UCPsu-ld2zLxK_tbdwW0bhUA&quot;&gt;&lt;b&gt;YouTube&lt;/b&gt;&lt;/a&gt;&amp;nbsp;|&lt;/i&gt;&lt;i&gt;&amp;nbsp;&lt;/i&gt;&lt;i&gt;&lt;a class=&quot;external&quot; href=&quot;https://www.deviantart.com/users/outgoing?https://www.facebook.com/Doudy-835640073255034/&quot;&gt;&lt;b&gt;Facebook&lt;/b&gt;&lt;/a&gt;&amp;nbsp;|&amp;nbsp;&lt;a class=&quot;external&quot; href=&quot;https://www.deviantart.com/users/outgoing?https://picarto.tv/Doudy&quot;&gt;&lt;b&gt;Picarto&lt;/b&gt;&lt;/a&gt;&amp;nbsp;|&lt;/i&gt;&amp;nbsp;&lt;a class=&quot;external&quot; href=&quot;https://www.deviantart.com/users/outgoing?http://www.holapu.com/&quot;&gt;&lt;i&gt;&lt;b&gt;My website&lt;/b&gt;&lt;/i&gt;&lt;/a&gt;&lt;i&gt;&amp;nbsp;&lt;/i&gt;|&lt;i&gt;&amp;nbsp;&lt;a class=&quot;external&quot; href=&quot;https://www.deviantart.com/users/outgoing?https://discordapp.com/invite/URBB3gR&quot;&gt;&lt;b&gt;Discord server&lt;/b&gt;&lt;/a&gt;&lt;/i&gt;&lt;/b&gt;</media:description>            <media:thumbnail url="https://t00.deviantart.net/VZTTcIhrMtiBTW7vzYz0cWVdxbQ=/fit-in/150x150/filters:no_upscale():origin()/pre00/ef4d/th/pre/f/2019/027/4/c/underwatertale_chapter_7_cover_by_doudy20-dcy5tjg.png" height="150" width="106"/>            <media:thumbnail url="https://t00.deviantart.net/2Eu8_2fRu4B9hKOO3PycqFcJYV0=/fit-in/300x900/filters:no_upscale():origin()/pre00/ef4d/th/pre/f/2019/027/4/c/underwatertale_chapter_7_cover_by_doudy20-dcy5tjg.png" height="424" width="300"/>            <media:thumbnail url="https://t00.deviantart.net/zi6lZzye_AL-upEgPHduy9OFPMI=/300x200/filters:fixed_height(100,100):origin()/pre00/ef4d/th/pre/f/2019/027/4/c/underwatertale_chapter_7_cover_by_doudy20-dcy5tjg.png" height="200" width="141"/>            <media:content url="https://orig00.deviantart.net/6d5d/f/2019/027/4/c/underwatertale_chapter_7_cover_by_doudy20-dcy5tjg.png" height="1052" width="744" medium="image"/>            
            <description>&lt;span&gt;&lt;b&gt;Ask the characters in the comments!&lt;/b&gt;&lt;/span&gt;&lt;br /&gt;&lt;a href=&quot;https://doudy20.deviantart.com/art/Chapter-1-Frisk-comes-614432333&quot;&gt;&lt;i&gt;Chapter 1&lt;/i&gt;&lt;/a&gt;&lt;span&gt;&amp;nbsp;|&amp;nbsp;&lt;/span&gt;&lt;a href=&quot;https://doudy20.deviantart.com/art/Chapter-2-The-Skeleton-Family-617596278&quot;&gt;&lt;i&gt;Chapter 2&lt;/i&gt;&lt;/a&gt;&lt;span&gt;&amp;nbsp;|&amp;nbsp;&lt;/span&gt;&lt;a href=&quot;https://doudy20.deviantart.com/art/Chapter-3-YOU-LOVE-THEM-640110110&quot;&gt;&lt;i&gt;Chapter 3&lt;/i&gt;&lt;/a&gt;&lt;span&gt;&amp;nbsp;|&amp;nbsp;&lt;/span&gt;&lt;a href=&quot;https://doudy20.deviantart.com/art/Chapter-4-Sick-678710717&quot;&gt;&lt;i&gt;Chapter 4&lt;/i&gt;&lt;/a&gt;&lt;span&gt;&amp;nbsp;|&amp;nbsp;&lt;/span&gt;&lt;a href=&quot;https://www.deviantart.com/doudy20/art/Underwatertale-Chapter-5-Love-Is-Complicated-Cover-755096749&quot;&gt;&lt;i&gt;Chapter 5&lt;/i&gt;&lt;/a&gt;&lt;span&gt;&amp;nbsp;|&amp;nbsp;&lt;/span&gt;&lt;a href=&quot;https://www.deviantart.com/doudy20/art/Underwatertale-Chapter-6-Cover-765007757&quot;&gt;&lt;i&gt;Chapter 6&lt;/i&gt;&lt;/a&gt;&lt;br /&gt;&lt;a href=&quot;https://www.deviantart.com/doudy20/art/Underwatertale-Chapter-6-Page-18-End-of-chapter-781964989&quot;&gt;&lt;i&gt;Previous&lt;/i&gt;&lt;/a&gt;&lt;span&gt;&amp;nbsp;|&amp;nbsp;&lt;/span&gt;&lt;i&gt;&lt;b&gt;&lt;b&gt;&lt;a href=&quot;https://www.deviantart.com/doudy20/art/Underwatertale-Chapter-7-Page-1-782972943&quot;&gt;Next&lt;/a&gt;&lt;/b&gt;&lt;/b&gt;&lt;/i&gt;&lt;i&gt;&lt;br /&gt;&lt;br /&gt;&lt;/i&gt;&lt;span&gt;&amp;#127752;&amp;nbsp;&lt;/span&gt;&lt;b&gt;Enjoy my work?&amp;nbsp;&lt;/b&gt;&lt;b&gt;Support me!&amp;nbsp;&lt;i&gt;&lt;a class=&quot;external&quot; href=&quot;https://www.deviantart.com/users/outgoing?https://t.umblr.com/redirect?z=https%3A%2F%2Fwww.patreon.com%2Fdoudy&amp;amp;t=NTdmNjFlNDA3NDk4NmU5N2IwNDEzODA3MTFmMjkyNDc5OGMyMDZkNixVQjNuNVVucg%3D%3D&amp;amp;b=t%3ACFYSdpGVaa9zT7w-3klveg&amp;amp;p=http%3A%2F%2Fdoudy20.tumblr.com%2Fpost%2F172857267174%2Fink-and-i-part-11-previous-next-soon-doudy&amp;amp;m=1&quot;&gt;&lt;b&gt;Patreon&lt;/b&gt;&lt;/a&gt;&amp;nbsp;|&lt;/i&gt;&amp;nbsp;&lt;i&gt;&lt;a class=&quot;external&quot; href=&quot;https://www.deviantart.com/users/outgoing?https://t.umblr.com/redirect?z=https%3A%2F%2Fko-fi.com%2FA1412E42&amp;amp;t=ZjlhN2YwOTU2M2YzYWNjM2FhYWVjNDI4N2ViOTNlNjBmMGI5ZDNiMyxVQjNuNVVucg%3D%3D&amp;amp;b=t%3ACFYSdpGVaa9zT7w-3klveg&amp;amp;p=http%3A%2F%2Fdoudy20.tumblr.com%2Fpost%2F172857267174%2Fink-and-i-part-11-previous-next-soon-doudy&amp;amp;m=1&quot;&gt;&lt;b&gt;Ko-fi&lt;/b&gt;&lt;/a&gt;&amp;nbsp;|&lt;/i&gt;&amp;nbsp;&lt;a class=&quot;external&quot; href=&quot;https://www.deviantart.com/users/outgoing?https://www.paypal.me/cindydoudy&quot;&gt;&lt;i&gt;&lt;b&gt;Paypal&lt;/b&gt;&lt;/i&gt;&lt;/a&gt;&lt;i&gt;&amp;nbsp;&lt;/i&gt;|&amp;nbsp;&lt;i&gt;&lt;a href=&quot;https://www.deviantart.com/doudy20/art/Commissions-open-758912758&quot;&gt;Commissions info&lt;/a&gt;&lt;/i&gt;&lt;br /&gt;&lt;/b&gt;&lt;span&gt;&amp;#127912;&amp;nbsp;&lt;/span&gt;&lt;b&gt;Find me on:&amp;nbsp;&lt;i&gt;&lt;a class=&quot;external&quot; href=&quot;https://www.deviantart.com/users/outgoing?https://www.pillowfort.io/Doudy&quot;&gt;&lt;b&gt;Pillowfort&lt;/b&gt;&lt;/a&gt;&amp;nbsp;|&lt;/i&gt;&amp;nbsp;&lt;i&gt;&lt;a class=&quot;external&quot; href=&quot;https://www.deviantart.com/users/outgoing?http://doudy20.tumblr.com/&quot;&gt;&lt;b&gt;Tumblr&lt;/b&gt;&lt;/a&gt;&amp;nbsp;|&lt;/i&gt;&amp;nbsp;&lt;i&gt;&lt;a class=&quot;external&quot; href=&quot;https://www.deviantart.com/users/outgoing?https://twitter.com/DoudyCD&quot;&gt;&lt;b&gt;Twitter&lt;/b&gt;&lt;/a&gt;&amp;nbsp;|&lt;/i&gt;&lt;i&gt;&amp;nbsp;&lt;a class=&quot;external&quot; href=&quot;https://www.deviantart.com/users/outgoing?https://www.youtube.com/channel/UCPsu-ld2zLxK_tbdwW0bhUA&quot;&gt;&lt;b&gt;YouTube&lt;/b&gt;&lt;/a&gt;&amp;nbsp;|&lt;/i&gt;&lt;i&gt;&amp;nbsp;&lt;/i&gt;&lt;i&gt;&lt;a class=&quot;external&quot; href=&quot;https://www.deviantart.com/users/outgoing?https://www.facebook.com/Doudy-835640073255034/&quot;&gt;&lt;b&gt;Facebook&lt;/b&gt;&lt;/a&gt;&amp;nbsp;|&amp;nbsp;&lt;a class=&quot;external&quot; href=&quot;https://www.deviantart.com/users/outgoing?https://picarto.tv/Doudy&quot;&gt;&lt;b&gt;Picarto&lt;/b&gt;&lt;/a&gt;&amp;nbsp;|&lt;/i&gt;&amp;nbsp;&lt;a class=&quot;external&quot; href=&quot;https://www.deviantart.com/users/outgoing?http://www.holapu.com/&quot;&gt;&lt;i&gt;&lt;b&gt;My website&lt;/b&gt;&lt;/i&gt;&lt;/a&gt;&lt;i&gt;&amp;nbsp;&lt;/i&gt;|&lt;i&gt;&amp;nbsp;&lt;a class=&quot;external&quot; href=&quot;https://www.deviantart.com/users/outgoing?https://discordapp.com/invite/URBB3gR&quot;&gt;&lt;b&gt;Discord server&lt;/b&gt;&lt;/a&gt;&lt;/i&gt;&lt;/b&gt;&lt;br /&gt;&lt;div&gt;&lt;img src=&quot;https://t00.deviantart.net/zi6lZzye_AL-upEgPHduy9OFPMI=/300x200/filters:fixed_height(100,100):origin()/pre00/ef4d/th/pre/f/2019/027/4/c/underwatertale_chapter_7_cover_by_doudy20-dcy5tjg.png&quot; alt=&quot;thumbnail&quot; /&gt;&lt;/div&gt;</description>            </item>
                    <item>
                <title>Natalia and GR and Vince comic nsfw 1</title>
                <link>https://natalia-clark.deviantart.com/art/Natalia-and-GR-and-Vince-comic-nsfw-1-782891092</link>
                <guid isPermaLink="true">https://natalia-clark.deviantart.com/art/Natalia-and-GR-and-Vince-comic-nsfw-1-782891092</guid>
                <pubDate>Sat, 26 Jan 2019 16:04:55 PST</pubDate>
                        <media:title type="plain">Natalia and GR and Vince comic nsfw 1</media:title>
        <media:keywords></media:keywords>
                        <media:rating>adult</media:rating>
                <media:category label="Games">fanart/digital/drawings/games</media:category>
        <media:credit role="author" scheme="urn:ebu">Natalia-Clark</media:credit>
        <media:credit role="author" scheme="urn:ebu">https://a.deviantart.net/avatars/n/a/natalia-clark.gif?14</media:credit>
        <media:copyright url="https://natalia-clark.deviantart.com">Copyright 2019 Natalia-Clark</media:copyright>             <creativeCommons:license>http://creativecommons.org/licenses/by-nc-nd/3.0/</creativeCommons:license>
                <media:description type="html">Just being on the safe side again and put it under strict mature and all for reasons and all since this comic page does have welp some stuff going on and all.&lt;br /&gt;&lt;br /&gt;Took me some courage to even post this up here and all but this is the first page of it and all but is a nsfw comic about natalia&amp;nbsp; and Vince and GR in this case pretty much.&lt;br /&gt;&lt;br /&gt;&lt;br /&gt;I am going to have to only post previews of some of the pages though so some of them will have to be asked to be fully seen since some of the pages are too high to be on DA and those ones i will not be showing fully on DA and only show a minor preview of them pretty much.&lt;br /&gt;&lt;br /&gt;But that is the first page of it anyway pretty much i won&#039;t be really posting the pages in order though and will go random with it just to let you know that as well.&lt;br /&gt;&lt;br /&gt;&lt;br /&gt;Anyway enjoy the first page of the comic and all.&lt;br /&gt;&lt;br /&gt;&lt;br /&gt;Natalia (personal one in all of their forms) is copyright to Natalia-Clark (myself of course).&lt;br /&gt;&lt;br /&gt;&lt;br /&gt;Vince and GR belong to &lt;a target=&quot;_self&quot; href=&quot;https://www.deviantart.com/dgartist13&quot; &gt;&lt;img class=&quot;avatar&quot; width=&quot;50&quot; height=&quot;50&quot; src=&quot;https://a.deviantart.net/avatars/d/g/dgartist13.gif?4&quot; alt=&quot;:icondgartist13:&quot; title=&quot;DGartist13&quot; /&gt;&lt;/a&gt; .&lt;br /&gt;&lt;br /&gt;&lt;br /&gt;Undertale is copyright to Toby Fox.&lt;br /&gt;&lt;br /&gt;&lt;br /&gt;&lt;span&gt;Drawing was done by my good friend&amp;nbsp;&lt;/span&gt;&lt;a target=&quot;_self&quot; href=&quot;https://www.deviantart.com/dgartist13&quot; &gt;&lt;img class=&quot;avatar&quot; width=&quot;50&quot; height=&quot;50&quot; src=&quot;https://a.deviantart.net/avatars/d/g/dgartist13.gif?4&quot; alt=&quot;:icondgartist13:&quot; title=&quot;DGartist13&quot; /&gt;&lt;/a&gt;&lt;span&gt;&amp;nbsp;&lt;/span&gt;&lt;span&gt;&amp;nbsp;and she let me post it up here pretty much. I only turned it digital then colored it and redrew it.&lt;/span&gt;</media:description>            <media:thumbnail url="https://t00.deviantart.net/dyZoG9PpXT-IK0a7zJaIhYu6fTY=/fit-in/150x150/filters:no_upscale():origin()/pre00/ea21/th/pre/f/2019/026/9/2/natalia_and_gr_and_vince_comic_nsfw_5_by_natalia_clark-dcy42ms.png" height="94" width="150"/>            <media:thumbnail url="https://t00.deviantart.net/blIPlKocL39vl1-SswVZyYJAK5U=/fit-in/300x900/filters:no_upscale():origin()/pre00/ea21/th/pre/f/2019/026/9/2/natalia_and_gr_and_vince_comic_nsfw_5_by_natalia_clark-dcy42ms.png" height="189" width="300"/>            <media:thumbnail url="https://t00.deviantart.net/ZfzbA7Sqswd46Msrzt2ycJHxTXg=/300x200/filters:fixed_height(100,100):origin()/pre00/ea21/th/pre/f/2019/026/9/2/natalia_and_gr_and_vince_comic_nsfw_5_by_natalia_clark-dcy42ms.png" height="189" width="300"/>            <media:content url="https://orig00.deviantart.net/f8c6/f/2019/026/9/2/natalia_and_gr_and_vince_comic_nsfw_5_by_natalia_clark-dcy42ms.png" height="644" width="1023" medium="image"/>            
            <description>Just being on the safe side again and put it under strict mature and all for reasons and all since this comic page does have welp some stuff going on and all.&lt;br /&gt;&lt;br /&gt;Took me some courage to even post this up here and all but this is the first page of it and all but is a nsfw comic about natalia&amp;nbsp; and Vince and GR in this case pretty much.&lt;br /&gt;&lt;br /&gt;&lt;br /&gt;I am going to have to only post previews of some of the pages though so some of them will have to be asked to be fully seen since some of the pages are too high to be on DA and those ones i will not be showing fully on DA and only show a minor preview of them pretty much.&lt;br /&gt;&lt;br /&gt;But that is the first page of it anyway pretty much i won&#039;t be really posting the pages in order though and will go random with it just to let you know that as well.&lt;br /&gt;&lt;br /&gt;&lt;br /&gt;Anyway enjoy the first page of the comic and all.&lt;br /&gt;&lt;br /&gt;&lt;br /&gt;Natalia (personal one in all of their forms) is copyright to Natalia-Clark (myself of course).&lt;br /&gt;&lt;br /&gt;&lt;br /&gt;Vince and GR belong to &lt;a target=&quot;_self&quot; href=&quot;https://www.deviantart.com/dgartist13&quot; &gt;&lt;img class=&quot;avatar&quot; width=&quot;50&quot; height=&quot;50&quot; src=&quot;https://a.deviantart.net/avatars/d/g/dgartist13.gif?4&quot; alt=&quot;:icondgartist13:&quot; title=&quot;DGartist13&quot; /&gt;&lt;/a&gt; .&lt;br /&gt;&lt;br /&gt;&lt;br /&gt;Undertale is copyright to Toby Fox.&lt;br /&gt;&lt;br /&gt;&lt;br /&gt;&lt;span&gt;Drawing was done by my good friend&amp;nbsp;&lt;/span&gt;&lt;a target=&quot;_self&quot; href=&quot;https://www.deviantart.com/dgartist13&quot; &gt;&lt;img class=&quot;avatar&quot; width=&quot;50&quot; height=&quot;50&quot; src=&quot;https://a.deviantart.net/avatars/d/g/dgartist13.gif?4&quot; alt=&quot;:icondgartist13:&quot; title=&quot;DGartist13&quot; /&gt;&lt;/a&gt;&lt;span&gt;&amp;nbsp;&lt;/span&gt;&lt;span&gt;&amp;nbsp;and she let me post it up here pretty much. I only turned it digital then colored it and redrew it.&lt;/span&gt;&lt;br /&gt;&lt;div&gt;&lt;img src=&quot;https://t00.deviantart.net/ZfzbA7Sqswd46Msrzt2ycJHxTXg=/300x200/filters:fixed_height(100,100):origin()/pre00/ea21/th/pre/f/2019/026/9/2/natalia_and_gr_and_vince_comic_nsfw_5_by_natalia_clark-dcy42ms.png&quot; alt=&quot;thumbnail&quot; /&gt;&lt;/div&gt;</description>            </item>
                    <item>
                <title>undertale Chara</title>
                <link>https://ermycat.deviantart.com/art/undertale-Chara-782844294</link>
                <guid isPermaLink="true">https://ermycat.deviantart.com/art/undertale-Chara-782844294</guid>
                <pubDate>Sat, 26 Jan 2019 10:11:14 PST</pubDate>
                        <media:title type="plain">undertale Chara</media:title>
        <media:keywords></media:keywords>
                        <media:rating>nonadult</media:rating>
                <media:category label="Games">fanart/digital/drawings/games</media:category>
        <media:credit role="author" scheme="urn:ebu">ERMYcat</media:credit>
        <media:credit role="author" scheme="urn:ebu">https://a.deviantart.net/avatars/e/r/ermycat.png?12</media:credit>
        <media:copyright url="https://ermycat.deviantart.com">Copyright 2019 ERMYcat</media:copyright>            <media:description type="html">i&#039;m back&amp;nbsp;</media:description>            <media:thumbnail url="https://t00.deviantart.net/bXCQmHgeT0O93rWlNqRlA-DLmL4=/fit-in/150x150/filters:no_upscale():origin()/pre00/cd35/th/pre/f/2019/026/5/1/undertale_chara_by_ermycat-dcy32iu.png" height="150" width="150"/>            <media:thumbnail url="https://t00.deviantart.net/UUedHucufdbkTHesn_KXSxP6cx4=/fit-in/300x900/filters:no_upscale():origin()/pre00/cd35/th/pre/f/2019/026/5/1/undertale_chara_by_ermycat-dcy32iu.png" height="300" width="300"/>            <media:thumbnail url="https://t00.deviantart.net/RFLSo8jJXmc9Xf0IxZxk5rK-3Fs=/300x200/filters:fixed_height(100,100):origin()/pre00/cd35/th/pre/f/2019/026/5/1/undertale_chara_by_ermycat-dcy32iu.png" height="200" width="200"/>            <media:content url="https://orig00.deviantart.net/fd17/f/2019/026/5/1/undertale_chara_by_ermycat-dcy32iu.png" height="800" width="800" medium="image"/>            
            <description>i&#039;m back&amp;nbsp;&lt;br /&gt;&lt;div&gt;&lt;img src=&quot;https://t00.deviantart.net/RFLSo8jJXmc9Xf0IxZxk5rK-3Fs=/300x200/filters:fixed_height(100,100):origin()/pre00/cd35/th/pre/f/2019/026/5/1/undertale_chara_by_ermycat-dcy32iu.png&quot; alt=&quot;thumbnail&quot; /&gt;&lt;/div&gt;</description>            </item>
                    <item>
                <title>heartache [palette art]</title>
                <link>https://singing-circuitry.deviantart.com/art/heartache-palette-art-782866072</link>
                <guid isPermaLink="true">https://singing-circuitry.deviantart.com/art/heartache-palette-art-782866072</guid>
                <pubDate>Sat, 26 Jan 2019 12:51:00 PST</pubDate>
                        <media:title type="plain">heartache [palette art]</media:title>
        <media:keywords></media:keywords>
                        <media:rating>nonadult</media:rating>
                <media:category label="Other">fanart/digital/other</media:category>
        <media:credit role="author" scheme="urn:ebu">singing-circuitry</media:credit>
        <media:credit role="author" scheme="urn:ebu">https://a.deviantart.net/avatars/s/i/singing-circuitry.png?2</media:credit>
        <media:copyright url="https://singing-circuitry.deviantart.com">Copyright 2019 singing-circuitry</media:copyright>            <media:description type="html">heartache is one of my favorite songs in undertale tbh</media:description>            <media:thumbnail url="https://t00.deviantart.net/hF8Ry3-WWNepC9FsjfsSYDTznik=/fit-in/150x150/filters:no_upscale():origin()/pre00/9e9c/th/pre/i/2019/026/c/f/heartache__palette_art__by_singing_circuitry-dcy3jbs.png" height="150" width="150"/>            <media:thumbnail url="https://t00.deviantart.net/Zi8pCNniPyyvja0Wjr_Wq8M0zPY=/fit-in/300x900/filters:no_upscale():origin()/pre00/9e9c/th/pre/i/2019/026/c/f/heartache__palette_art__by_singing_circuitry-dcy3jbs.png" height="300" width="300"/>            <media:thumbnail url="https://t00.deviantart.net/5-xYU9Br2ygoKu7c1kljhQhk2hI=/300x200/filters:fixed_height(100,100):origin()/pre00/9e9c/th/pre/i/2019/026/c/f/heartache__palette_art__by_singing_circuitry-dcy3jbs.png" height="200" width="200"/>            <media:content url="https://pre00.deviantart.net/9e9c/th/pre/i/2019/026/c/f/heartache__palette_art__by_singing_circuitry-dcy3jbs.png" height="894" width="894" medium="image"/>            
            <description>heartache is one of my favorite songs in undertale tbh&lt;br /&gt;&lt;div&gt;&lt;img src=&quot;https://t00.deviantart.net/5-xYU9Br2ygoKu7c1kljhQhk2hI=/300x200/filters:fixed_height(100,100):origin()/pre00/9e9c/th/pre/i/2019/026/c/f/heartache__palette_art__by_singing_circuitry-dcy3jbs.png&quot; alt=&quot;thumbnail&quot; /&gt;&lt;/div&gt;</description>            </item>
                    <item>
                <title>Gift for @Alittlesadgost</title>
                <link>https://greetingiamchara.deviantart.com/art/Gift-for-Alittlesadgost-782926805</link>
                <guid isPermaLink="true">https://greetingiamchara.deviantart.com/art/Gift-for-Alittlesadgost-782926805</guid>
                <pubDate>Sat, 26 Jan 2019 20:56:03 PST</pubDate>
                        <media:title type="plain">Gift for @Alittlesadgost</media:title>
        <media:keywords></media:keywords>
                        <media:rating>nonadult</media:rating>
                <media:category label="Other">digitalart/paintings/other</media:category>
        <media:credit role="author" scheme="urn:ebu">Greetingiamchara</media:credit>
        <media:credit role="author" scheme="urn:ebu">https://a.deviantart.net/avatars/g/r/greetingiamchara.jpg?3</media:credit>
        <media:copyright url="https://greetingiamchara.deviantart.com">Copyright 2019 Greetingiamchara</media:copyright>            <media:description type="html">Chara, Frisk and Flowey all just chilling in the ruins.&lt;br /&gt;&lt;span class=&quot;username-with-symbol u&quot;&gt;&lt;a class=&quot;u regular username&quot; href=&quot;https://www.deviantart.com/alittlesadghost&quot;&gt;ALittleSadGhost&lt;/a&gt;&lt;span class=&quot;user-symbol regular&quot; data-quicktip-text=&quot;&quot; data-show-tooltip=&quot;&quot; data-gruser-type=&quot;regular&quot;&gt;&lt;/span&gt;&lt;/span&gt;&amp;nbsp;</media:description>            <media:thumbnail url="https://t00.deviantart.net/n3EVU0mBRgTG1Bh1HKLvaUoo_I8=/fit-in/150x150/filters:no_upscale():origin()/pre00/067f/th/pre/i/2019/026/8/f/gift_for__alittlesadgost_by_greetingiamchara-dcy4u6t.png" height="103" width="150"/>            <media:thumbnail url="https://t00.deviantart.net/wmZ0dI7PDCd0wyZaYWm9ZoMclb8=/fit-in/300x900/filters:no_upscale():origin()/pre00/067f/th/pre/i/2019/026/8/f/gift_for__alittlesadgost_by_greetingiamchara-dcy4u6t.png" height="206" width="300"/>            <media:thumbnail url="https://t00.deviantart.net/zXulsGBaQE7-Ls8XKvljIXrSFBE=/300x200/filters:fixed_height(100,100):origin()/pre00/067f/th/pre/i/2019/026/8/f/gift_for__alittlesadgost_by_greetingiamchara-dcy4u6t.png" height="200" width="291"/>            <media:content url="https://pre00.deviantart.net/067f/th/pre/i/2019/026/8/f/gift_for__alittlesadgost_by_greetingiamchara-dcy4u6t.png" height="741" width="1078" medium="image"/>            
            <description>Chara, Frisk and Flowey all just chilling in the ruins.&lt;br /&gt;&lt;span class=&quot;username-with-symbol u&quot;&gt;&lt;a class=&quot;u regular username&quot; href=&quot;https://www.deviantart.com/alittlesadghost&quot;&gt;ALittleSadGhost&lt;/a&gt;&lt;span class=&quot;user-symbol regular&quot; data-quicktip-text=&quot;&quot; data-show-tooltip=&quot;&quot; data-gruser-type=&quot;regular&quot;&gt;&lt;/span&gt;&lt;/span&gt;&amp;nbsp;&lt;br /&gt;&lt;div&gt;&lt;img src=&quot;https://t00.deviantart.net/zXulsGBaQE7-Ls8XKvljIXrSFBE=/300x200/filters:fixed_height(100,100):origin()/pre00/067f/th/pre/i/2019/026/8/f/gift_for__alittlesadgost_by_greetingiamchara-dcy4u6t.png&quot; alt=&quot;thumbnail&quot; /&gt;&lt;/div&gt;</description>            </item>
                    <item>
                <title>Natalia and GR and Vince nsfw comic 4</title>
                <link>https://natalia-clark.deviantart.com/art/Natalia-and-GR-and-Vince-nsfw-comic-4-782957807</link>
                <guid isPermaLink="true">https://natalia-clark.deviantart.com/art/Natalia-and-GR-and-Vince-nsfw-comic-4-782957807</guid>
                <pubDate>Sun, 27 Jan 2019 03:26:11 PST</pubDate>
                        <media:title type="plain">Natalia and GR and Vince nsfw comic 4</media:title>
        <media:keywords></media:keywords>
                        <media:rating>adult</media:rating>
                <media:category label="Games">fanart/digital/drawings/games</media:category>
        <media:credit role="author" scheme="urn:ebu">Natalia-Clark</media:credit>
        <media:credit role="author" scheme="urn:ebu">https://a.deviantart.net/avatars/n/a/natalia-clark.gif?14</media:credit>
        <media:copyright url="https://natalia-clark.deviantart.com">Copyright 2019 Natalia-Clark</media:copyright>             <creativeCommons:license>http://creativecommons.org/licenses/by-nc-nd/3.0/</creativeCommons:license>
                <media:description type="html">well think it is safe a enough to post this up here and all since nothing private really showing or anything and it not over high nsfw and all so yeah.&lt;br /&gt;&lt;br /&gt;But yeah here is the fourth page to the comic and all since thought it might as well get it posted up next and all.&lt;br /&gt;&lt;br /&gt;Vince&#039;s turn is over and now it is GR&#039;s turn this time around and all.&lt;br /&gt;&lt;br /&gt;This whole comic was actually in fact rped out as well too believe it or not so jeez man i cannot forget on how the rp went as well too on top of that.&lt;br /&gt;&lt;br /&gt;&lt;br /&gt;&lt;br /&gt;&lt;span&gt;Natalia (personal one in all of their forms and in their insane mode) is copyright to Natalia-Clark (myself of course).&lt;/span&gt;&lt;br /&gt;&lt;br /&gt;&lt;br /&gt;&lt;span&gt;Vince and GR belong to&amp;nbsp;&lt;/span&gt;&lt;a target=&quot;_self&quot; href=&quot;https://www.deviantart.com/dgartist13&quot; &gt;&lt;img class=&quot;avatar&quot; width=&quot;50&quot; height=&quot;50&quot; src=&quot;https://a.deviantart.net/avatars/d/g/dgartist13.gif?4&quot; alt=&quot;:icondgartist13:&quot; title=&quot;DGartist13&quot; /&gt;&lt;/a&gt;&lt;span&gt;&amp;nbsp;.&lt;/span&gt;&lt;br /&gt;&lt;br /&gt;&lt;br /&gt;&lt;span&gt;Undertale is copyright to Toby Fox.&lt;/span&gt;&lt;br /&gt;&lt;br /&gt;&lt;br /&gt;&lt;span&gt;Drawing was done by my good friend&amp;nbsp;&lt;/span&gt;&lt;a target=&quot;_self&quot; href=&quot;https://www.deviantart.com/dgartist13&quot; &gt;&lt;img class=&quot;avatar&quot; width=&quot;50&quot; height=&quot;50&quot; src=&quot;https://a.deviantart.net/avatars/d/g/dgartist13.gif?4&quot; alt=&quot;:icondgartist13:&quot; title=&quot;DGartist13&quot; /&gt;&lt;/a&gt;&lt;span&gt;&amp;nbsp;&amp;nbsp;and she let me post it up here pretty much. I only turned it digital then colored it and redrew it.&lt;/span&gt;</media:description>            <media:thumbnail url="https://t00.deviantart.net/Xm9AE3V9UTF3v_LLIF2LOU3B8c8=/fit-in/150x150/filters:no_upscale():origin()/pre00/6a62/th/pre/f/2019/027/f/0/natalia_and_gr_and_vince_nsfw_comic_8_by_natalia_clark-dcy5i3z.png" height="58" width="150"/>            <media:thumbnail url="https://t00.deviantart.net/s13w7N4XuwpwRxqF_tAjjVuQlVU=/fit-in/300x900/filters:no_upscale():origin()/pre00/6a62/th/pre/f/2019/027/f/0/natalia_and_gr_and_vince_nsfw_comic_8_by_natalia_clark-dcy5i3z.png" height="116" width="300"/>            <media:thumbnail url="https://t00.deviantart.net/goATqmQxrt_0ZbFs5d1J7WJWPIg=/300x200/filters:fixed_height(100,100):origin()/pre00/6a62/th/pre/f/2019/027/f/0/natalia_and_gr_and_vince_nsfw_comic_8_by_natalia_clark-dcy5i3z.png" height="116" width="300"/>            <media:content url="https://orig00.deviantart.net/a900/f/2019/027/f/0/natalia_and_gr_and_vince_nsfw_comic_8_by_natalia_clark-dcy5i3z.png" height="399" width="1036" medium="image"/>            
            <description>well think it is safe a enough to post this up here and all since nothing private really showing or anything and it not over high nsfw and all so yeah.&lt;br /&gt;&lt;br /&gt;But yeah here is the fourth page to the comic and all since thought it might as well get it posted up next and all.&lt;br /&gt;&lt;br /&gt;Vince&#039;s turn is over and now it is GR&#039;s turn this time around and all.&lt;br /&gt;&lt;br /&gt;This whole comic was actually in fact rped out as well too believe it or not so jeez man i cannot forget on how the rp went as well too on top of that.&lt;br /&gt;&lt;br /&gt;&lt;br /&gt;&lt;br /&gt;&lt;span&gt;Natalia (personal one in all of their forms and in their insane mode) is copyright to Natalia-Clark (myself of course).&lt;/span&gt;&lt;br /&gt;&lt;br /&gt;&lt;br /&gt;&lt;span&gt;Vince and GR belong to&amp;nbsp;&lt;/span&gt;&lt;a target=&quot;_self&quot; href=&quot;https://www.deviantart.com/dgartist13&quot; &gt;&lt;img class=&quot;avatar&quot; width=&quot;50&quot; height=&quot;50&quot; src=&quot;https://a.deviantart.net/avatars/d/g/dgartist13.gif?4&quot; alt=&quot;:icondgartist13:&quot; title=&quot;DGartist13&quot; /&gt;&lt;/a&gt;&lt;span&gt;&amp;nbsp;.&lt;/span&gt;&lt;br /&gt;&lt;br /&gt;&lt;br /&gt;&lt;span&gt;Undertale is copyright to Toby Fox.&lt;/span&gt;&lt;br /&gt;&lt;br /&gt;&lt;br /&gt;&lt;span&gt;Drawing was done by my good friend&amp;nbsp;&lt;/span&gt;&lt;a target=&quot;_self&quot; href=&quot;https://www.deviantart.com/dgartist13&quot; &gt;&lt;img class=&quot;avatar&quot; width=&quot;50&quot; height=&quot;50&quot; src=&quot;https://a.deviantart.net/avatars/d/g/dgartist13.gif?4&quot; alt=&quot;:icondgartist13:&quot; title=&quot;DGartist13&quot; /&gt;&lt;/a&gt;&lt;span&gt;&amp;nbsp;&amp;nbsp;and she let me post it up here pretty much. I only turned it digital then colored it and redrew it.&lt;/span&gt;&lt;br /&gt;&lt;div&gt;&lt;img src=&quot;https://t00.deviantart.net/goATqmQxrt_0ZbFs5d1J7WJWPIg=/300x200/filters:fixed_height(100,100):origin()/pre00/6a62/th/pre/f/2019/027/f/0/natalia_and_gr_and_vince_nsfw_comic_8_by_natalia_clark-dcy5i3z.png&quot; alt=&quot;thumbnail&quot; /&gt;&lt;/div&gt;</description>            </item>
                    <item>
                <title>CE: Love in the Afternoon</title>
                <link>https://smoking-fox.deviantart.com/art/CE-Love-in-the-Afternoon-782872542</link>
                <guid isPermaLink="true">https://smoking-fox.deviantart.com/art/CE-Love-in-the-Afternoon-782872542</guid>
                <pubDate>Sat, 26 Jan 2019 13:45:47 PST</pubDate>
                        <media:title type="plain">CE: Love in the Afternoon</media:title>
        <media:keywords></media:keywords>
                        <media:rating>nonadult</media:rating>
                <media:category label="Games">fanart/digital/vector/games</media:category>
        <media:credit role="author" scheme="urn:ebu">Smoking-Fox</media:credit>
        <media:credit role="author" scheme="urn:ebu">https://a.deviantart.net/avatars/s/m/smoking-fox.png?3</media:credit>
        <media:copyright url="https://smoking-fox.deviantart.com">Copyright 2019 Smoking-Fox</media:copyright>            <media:description type="html">Well I did this one for the contest that &lt;a target=&quot;_self&quot; href=&quot;https://www.deviantart.com/youlooklikefood&quot; &gt;&lt;img class=&quot;avatar&quot; width=&quot;50&quot; height=&quot;50&quot; src=&quot;https://a.deviantart.net/avatars/y/o/youlooklikefood.jpg?6&quot; alt=&quot;:iconyoulooklikefood:&quot; title=&quot;YouLookLikeFOOD&quot; /&gt;&lt;/a&gt; is holding right now &lt;img src=&quot;https://e.deviantart.net/emoticons/s/smile.gif&quot; width=&quot;15&quot; height=&quot;15&quot; alt=&quot;:)&quot; data-embed-type=&quot;emoticon&quot; data-embed-id=&quot;391&quot; title=&quot;:) (Smile)&quot;/&gt; This is her OC with Unterfell.&amp;nbsp;&lt;br /&gt;&lt;br /&gt;I did it with AI &lt;img src=&quot;https://e.deviantart.net/emoticons/b/biggrin.gif&quot; width=&quot;15&quot; height=&quot;15&quot; alt=&quot;:D&quot; data-embed-type=&quot;emoticon&quot; data-embed-id=&quot;366&quot; title=&quot;:D (Big Grin)&quot;/&gt;&amp;nbsp;</media:description>            <media:thumbnail url="https://t00.deviantart.net/6yot2hgVS0D61vdYB5MDlZkYodo=/fit-in/150x150/filters:no_upscale():origin()/pre00/8afd/th/pre/i/2019/026/0/0/ce__love_in_the_afternoon_by_smoking_fox-dcy3obi.png" height="150" width="150"/>            <media:thumbnail url="https://t00.deviantart.net/J98B2hKdFaXDGpn0-Y2mp1-kquo=/fit-in/300x900/filters:no_upscale():origin()/pre00/8afd/th/pre/i/2019/026/0/0/ce__love_in_the_afternoon_by_smoking_fox-dcy3obi.png" height="300" width="300"/>            <media:thumbnail url="https://t00.deviantart.net/IIy-8AgZZBuyYLRzXzJix6R3-3k=/300x200/filters:fixed_height(100,100):origin()/pre00/8afd/th/pre/i/2019/026/0/0/ce__love_in_the_afternoon_by_smoking_fox-dcy3obi.png" height="200" width="200"/>            <media:content url="https://pre00.deviantart.net/8afd/th/pre/i/2019/026/0/0/ce__love_in_the_afternoon_by_smoking_fox-dcy3obi.png" height="894" width="894" medium="image"/>            
            <description>Well I did this one for the contest that &lt;a target=&quot;_self&quot; href=&quot;https://www.deviantart.com/youlooklikefood&quot; &gt;&lt;img class=&quot;avatar&quot; width=&quot;50&quot; height=&quot;50&quot; src=&quot;https://a.deviantart.net/avatars/y/o/youlooklikefood.jpg?6&quot; alt=&quot;:iconyoulooklikefood:&quot; title=&quot;YouLookLikeFOOD&quot; /&gt;&lt;/a&gt; is holding right now &lt;img src=&quot;https://e.deviantart.net/emoticons/s/smile.gif&quot; width=&quot;15&quot; height=&quot;15&quot; alt=&quot;:)&quot; data-embed-type=&quot;emoticon&quot; data-embed-id=&quot;391&quot; title=&quot;:) (Smile)&quot;/&gt; This is her OC with Unterfell.&amp;nbsp;&lt;br /&gt;&lt;br /&gt;I did it with AI &lt;img src=&quot;https://e.deviantart.net/emoticons/b/biggrin.gif&quot; width=&quot;15&quot; height=&quot;15&quot; alt=&quot;:D&quot; data-embed-type=&quot;emoticon&quot; data-embed-id=&quot;366&quot; title=&quot;:D (Big Grin)&quot;/&gt;&amp;nbsp;&lt;br /&gt;&lt;div&gt;&lt;img src=&quot;https://t00.deviantart.net/IIy-8AgZZBuyYLRzXzJix6R3-3k=/300x200/filters:fixed_height(100,100):origin()/pre00/8afd/th/pre/i/2019/026/0/0/ce__love_in_the_afternoon_by_smoking_fox-dcy3obi.png&quot; alt=&quot;thumbnail&quot; /&gt;&lt;/div&gt;</description>            </item>
                    <item>
                <title>Natalia and Gr and Vince nsfw comic 6 preview</title>
                <link>https://natalia-clark.deviantart.com/art/Natalia-and-Gr-and-Vince-nsfw-comic-6-preview-782960551</link>
                <guid isPermaLink="true">https://natalia-clark.deviantart.com/art/Natalia-and-Gr-and-Vince-nsfw-comic-6-preview-782960551</guid>
                <pubDate>Sun, 27 Jan 2019 03:53:33 PST</pubDate>
                        <media:title type="plain">Natalia and Gr and Vince nsfw comic 6 preview</media:title>
        <media:keywords></media:keywords>
                        <media:rating>adult</media:rating>
                <media:category label="Games">fanart/digital/drawings/games</media:category>
        <media:credit role="author" scheme="urn:ebu">Natalia-Clark</media:credit>
        <media:credit role="author" scheme="urn:ebu">https://a.deviantart.net/avatars/n/a/natalia-clark.gif?14</media:credit>
        <media:copyright url="https://natalia-clark.deviantart.com">Copyright 2019 Natalia-Clark</media:copyright>             <creativeCommons:license>http://creativecommons.org/licenses/by-nc-nd/3.0/</creativeCommons:license>
                <media:description type="html">Last page to the comic and all and another one i had to put only a preview of for safe reasons and all since one shot in the drawing is well i believe high nsfw and all so yeah.&lt;br /&gt;&lt;br /&gt;again if you want to see the full comic page you can always ask me to note or you or ask somewhere and all but again make sure you are old a enough before asking and all.&lt;br /&gt;&lt;br /&gt;&lt;br /&gt;Had fun doing the comic at least and it was something different for me to do since i not done a nsfw comic for a very long time and all so yeah.&lt;br /&gt;&lt;br /&gt;&lt;br /&gt;&lt;span&gt;Natalia (personal one in all of their forms and in their insane mode) is copyright to Natalia-Clark (myself of course).&lt;/span&gt;&lt;br /&gt;&lt;br /&gt;&lt;br /&gt;&lt;span&gt;Vince and GR belong to&amp;nbsp;&lt;/span&gt;&lt;a target=&quot;_self&quot; href=&quot;https://www.deviantart.com/dgartist13&quot; &gt;&lt;img class=&quot;avatar&quot; width=&quot;50&quot; height=&quot;50&quot; src=&quot;https://a.deviantart.net/avatars/d/g/dgartist13.gif?4&quot; alt=&quot;:icondgartist13:&quot; title=&quot;DGartist13&quot; /&gt;&lt;/a&gt;&lt;span&gt;&amp;nbsp;.&lt;/span&gt;&lt;br /&gt;&lt;br /&gt;&lt;br /&gt;&lt;span&gt;Undertale is copyright to Toby Fox.&lt;/span&gt;&lt;br /&gt;&lt;br /&gt;&lt;br /&gt;&lt;span&gt;Drawing was done by my good friend&amp;nbsp;&lt;/span&gt;&lt;a target=&quot;_self&quot; href=&quot;https://www.deviantart.com/dgartist13&quot; &gt;&lt;img class=&quot;avatar&quot; width=&quot;50&quot; height=&quot;50&quot; src=&quot;https://a.deviantart.net/avatars/d/g/dgartist13.gif?4&quot; alt=&quot;:icondgartist13:&quot; title=&quot;DGartist13&quot; /&gt;&lt;/a&gt;&lt;span&gt;&amp;nbsp;&amp;nbsp;and she let me post it up here pretty much. I only turned it digital then colored it and redrew it.&lt;/span&gt;</media:description>            <media:thumbnail url="https://t00.deviantart.net/oyxNOnwW1KM6Ifrb4LLfEOSqgLg=/fit-in/150x150/filters:no_upscale():origin()/pre00/6de5/th/pre/f/2019/027/e/1/natalia_and_gr_and_vince_nsfw_comic_6_preview_by_natalia_clark-dcy5k87.png" height="150" width="147"/>            <media:thumbnail url="https://orig00.deviantart.net/1d8d/f/2019/027/e/1/natalia_and_gr_and_vince_nsfw_comic_6_preview_by_natalia_clark-dcy5k87.png" height="263" width="258"/>            <media:thumbnail url="https://t00.deviantart.net/Rih7mU5fs5eJop5CkHhv-5_ljx8=/300x200/filters:fixed_height(100,100):origin()/pre00/6de5/th/pre/f/2019/027/e/1/natalia_and_gr_and_vince_nsfw_comic_6_preview_by_natalia_clark-dcy5k87.png" height="200" width="196"/>            <media:content url="https://orig00.deviantart.net/1d8d/f/2019/027/e/1/natalia_and_gr_and_vince_nsfw_comic_6_preview_by_natalia_clark-dcy5k87.png" height="263" width="258" medium="image"/>            
            <description>Last page to the comic and all and another one i had to put only a preview of for safe reasons and all since one shot in the drawing is well i believe high nsfw and all so yeah.&lt;br /&gt;&lt;br /&gt;again if you want to see the full comic page you can always ask me to note or you or ask somewhere and all but again make sure you are old a enough before asking and all.&lt;br /&gt;&lt;br /&gt;&lt;br /&gt;Had fun doing the comic at least and it was something different for me to do since i not done a nsfw comic for a very long time and all so yeah.&lt;br /&gt;&lt;br /&gt;&lt;br /&gt;&lt;span&gt;Natalia (personal one in all of their forms and in their insane mode) is copyright to Natalia-Clark (myself of course).&lt;/span&gt;&lt;br /&gt;&lt;br /&gt;&lt;br /&gt;&lt;span&gt;Vince and GR belong to&amp;nbsp;&lt;/span&gt;&lt;a target=&quot;_self&quot; href=&quot;https://www.deviantart.com/dgartist13&quot; &gt;&lt;img class=&quot;avatar&quot; width=&quot;50&quot; height=&quot;50&quot; src=&quot;https://a.deviantart.net/avatars/d/g/dgartist13.gif?4&quot; alt=&quot;:icondgartist13:&quot; title=&quot;DGartist13&quot; /&gt;&lt;/a&gt;&lt;span&gt;&amp;nbsp;.&lt;/span&gt;&lt;br /&gt;&lt;br /&gt;&lt;br /&gt;&lt;span&gt;Undertale is copyright to Toby Fox.&lt;/span&gt;&lt;br /&gt;&lt;br /&gt;&lt;br /&gt;&lt;span&gt;Drawing was done by my good friend&amp;nbsp;&lt;/span&gt;&lt;a target=&quot;_self&quot; href=&quot;https://www.deviantart.com/dgartist13&quot; &gt;&lt;img class=&quot;avatar&quot; width=&quot;50&quot; height=&quot;50&quot; src=&quot;https://a.deviantart.net/avatars/d/g/dgartist13.gif?4&quot; alt=&quot;:icondgartist13:&quot; title=&quot;DGartist13&quot; /&gt;&lt;/a&gt;&lt;span&gt;&amp;nbsp;&amp;nbsp;and she let me post it up here pretty much. I only turned it digital then colored it and redrew it.&lt;/span&gt;&lt;br /&gt;&lt;div&gt;&lt;img src=&quot;https://t00.deviantart.net/Rih7mU5fs5eJop5CkHhv-5_ljx8=/300x200/filters:fixed_height(100,100):origin()/pre00/6de5/th/pre/f/2019/027/e/1/natalia_and_gr_and_vince_nsfw_comic_6_preview_by_natalia_clark-dcy5k87.png&quot; alt=&quot;thumbnail&quot; /&gt;&lt;/div&gt;</description>            </item>
                    <item>
                <title>Papyrus sprite remake.</title>
                <link>https://phespriter.deviantart.com/art/Papyrus-sprite-remake-782884043</link>
                <guid isPermaLink="true">https://phespriter.deviantart.com/art/Papyrus-sprite-remake-782884043</guid>
                <pubDate>Sat, 26 Jan 2019 15:02:58 PST</pubDate>
                        <media:title type="plain">Papyrus sprite remake.</media:title>
        <media:keywords></media:keywords>
                        <media:rating>nonadult</media:rating>
                <media:category label="Non-Isometric">digitalart/pixelart/characters/noniso</media:category>
        <media:credit role="author" scheme="urn:ebu">PheSpriter</media:credit>
        <media:credit role="author" scheme="urn:ebu">https://a.deviantart.net/avatars/p/h/phespriter.png?5</media:credit>
        <media:copyright url="https://phespriter.deviantart.com">Copyright 2019 PheSpriter</media:copyright>            <media:description type="html">and NYEH! I&#039;ts just this.</media:description>            <media:thumbnail url="https://t00.deviantart.net/cmo36-qCoYGc8EdP4MvsVaOzepQ=/fit-in/150x150/filters:no_upscale():origin()/pre00/4915/th/pre/i/2019/026/1/e/papyrus_sprite_remake__by_phespriter-dcy3x6z.png" height="113" width="150"/>            <media:thumbnail url="https://t00.deviantart.net/1MqCV_nxtgTs5tOVUoXZ9dyo4UA=/fit-in/300x900/filters:no_upscale():origin()/pre00/4915/th/pre/i/2019/026/1/e/papyrus_sprite_remake__by_phespriter-dcy3x6z.png" height="227" width="300"/>            <media:thumbnail url="https://t00.deviantart.net/Xklglx_ak8vU4D8EBok3UgDd1xI=/300x200/filters:fixed_height(100,100):origin()/pre00/4915/th/pre/i/2019/026/1/e/papyrus_sprite_remake__by_phespriter-dcy3x6z.png" height="200" width="265"/>            <media:content url="https://pre00.deviantart.net/4915/th/pre/i/2019/026/1/e/papyrus_sprite_remake__by_phespriter-dcy3x6z.png" height="777" width="1028" medium="image"/>            
            <description>and NYEH! I&#039;ts just this.&lt;br /&gt;&lt;div&gt;&lt;img src=&quot;https://t00.deviantart.net/Xklglx_ak8vU4D8EBok3UgDd1xI=/300x200/filters:fixed_height(100,100):origin()/pre00/4915/th/pre/i/2019/026/1/e/papyrus_sprite_remake__by_phespriter-dcy3x6z.png&quot; alt=&quot;thumbnail&quot; /&gt;&lt;/div&gt;</description>            </item>
                    <item>
                <title>The_God_Of_Hyperdeath_-_Asriel Dreemurr Fanart</title>
                <link>https://toyfoxyfazbear.deviantart.com/art/The-God-Of-Hyperdeath-Asriel-Dreemurr-Fanart-782965807</link>
                <guid isPermaLink="true">https://toyfoxyfazbear.deviantart.com/art/The-God-Of-Hyperdeath-Asriel-Dreemurr-Fanart-782965807</guid>
                <pubDate>Sun, 27 Jan 2019 04:50:06 PST</pubDate>
                        <media:title type="plain">The_God_Of_Hyperdeath_-_Asriel Dreemurr Fanart</media:title>
        <media:keywords></media:keywords>
                        <media:rating>nonadult</media:rating>
                <media:category label="Games">fanart/traditional/drawings/games</media:category>
        <media:credit role="author" scheme="urn:ebu">ToyFoxyFazbear</media:credit>
        <media:credit role="author" scheme="urn:ebu">https://a.deviantart.net/avatars/t/o/toyfoxyfazbear.jpg?4</media:credit>
        <media:copyright url="https://toyfoxyfazbear.deviantart.com">Copyright 2019 ToyFoxyFazbear</media:copyright>            <media:description type="html"></media:description>            <media:thumbnail url="https://t00.deviantart.net/Z5MjMfEiD83nPPSYHtbEUDjH1Rw=/fit-in/150x150/filters:no_upscale():origin()/pre00/a5fb/th/pre/i/2019/027/8/0/the_god_of_hyperdeath___asriel_dreemurr_fanart_by_toyfoxyfazbear-dcy5oa7.jpg" height="150" width="106"/>            <media:thumbnail url="https://t00.deviantart.net/MYKZJsovD1HFlynl8HY39c4k828=/fit-in/300x900/filters:no_upscale():origin()/pre00/a5fb/th/pre/i/2019/027/8/0/the_god_of_hyperdeath___asriel_dreemurr_fanart_by_toyfoxyfazbear-dcy5oa7.jpg" height="425" width="300"/>            <media:thumbnail url="https://t00.deviantart.net/nZbs_AdlVgkV3wETBgscSVKo1ng=/300x200/filters:fixed_height(100,100):origin()/pre00/a5fb/th/pre/i/2019/027/8/0/the_god_of_hyperdeath___asriel_dreemurr_fanart_by_toyfoxyfazbear-dcy5oa7.jpg" height="200" width="141"/>            <media:content url="https://pre00.deviantart.net/a5fb/th/pre/i/2019/027/8/0/the_god_of_hyperdeath___asriel_dreemurr_fanart_by_toyfoxyfazbear-dcy5oa7.jpg" height="1064" width="751" medium="image"/>            
            <description>&lt;br /&gt;&lt;div&gt;&lt;img src=&quot;https://t00.deviantart.net/nZbs_AdlVgkV3wETBgscSVKo1ng=/300x200/filters:fixed_height(100,100):origin()/pre00/a5fb/th/pre/i/2019/027/8/0/the_god_of_hyperdeath___asriel_dreemurr_fanart_by_toyfoxyfazbear-dcy5oa7.jpg&quot; alt=&quot;thumbnail&quot; /&gt;&lt;/div&gt;</description>            </item>
                    <item>
                <title>Good Boy Sketch</title>
                <link>https://thenor.deviantart.com/art/Good-Boy-Sketch-782881870</link>
                <guid isPermaLink="true">https://thenor.deviantart.com/art/Good-Boy-Sketch-782881870</guid>
                <pubDate>Sat, 26 Jan 2019 14:56:45 PST</pubDate>
                        <media:title type="plain">Good Boy Sketch</media:title>
        <media:keywords></media:keywords>
                        <media:rating>nonadult</media:rating>
                <media:category label="Games">fanart/traditional/drawings/games</media:category>
        <media:credit role="author" scheme="urn:ebu">TheNor</media:credit>
        <media:credit role="author" scheme="urn:ebu">https://a.deviantart.net/avatars/t/h/thenor.jpg?2</media:credit>
        <media:copyright url="https://thenor.deviantart.com">Copyright 2019 TheNor</media:copyright>            <media:description type="html">One of the Papyrus&#039; mentioned in TOLB (my fanfiction) and here he is in his AU before it got destroyed and he ended up in the Omega timeline with the other Swaps.&lt;br /&gt;&lt;br /&gt;He is referred to as &#039;Good Boy&#039; because he&#039;s generally the quietest, calmest, most polite and considerate Swap Papyrus in the bunch, plus he quit smoking BEFORE Frisk/Chara&#039;s Resets (because i don&#039;t like smoking &lt;img src=&quot;https://e.deviantart.net/emoticons/letters/=p.gif&quot; width=&quot;15&quot; height=&quot;15&quot; alt=&quot;:P&quot; data-embed-type=&quot;emoticon&quot; data-embed-id=&quot;395&quot; title=&quot;:P (Lick)&quot;/&gt;)&lt;br /&gt;&lt;br /&gt;I have sketched a 33 page comic about Good Boy but I didn&#039;t know he was &#039;Good Boy&#039; back in October when I drew it. There is a bit more about him now that has sort of appeared since his mention in TOLB... i also decided that TO BE FAIR TO ALL THE SORIELS OUT THERE.... in his AU, being that it is a SWAP universe, the SWAP SORIEL SHOULD BE ASGYRUS/PAPGORE.... so he ends up being totes gay for the goat papa ^_^ (i really love the Swap Soriel with Sans BECAUSE I&#039;M A HUGE SORIEL SHIPPER X3 but in all honesty because it&#039;s a Swap universe, that&#039;s like pairing papyrus up with Asgore anyway sooo...thought I&#039;d be fair and have it this way ahaha)&lt;br /&gt;&lt;br /&gt;Good Boy is quite depressed every time I draw him tbh... he&#039;s REALLY SERIOUS about EVERYTHING. And he&#039;s &#039;given up&#039; like Undertale Sans did &lt;img src=&quot;https://e.deviantart.net/emoticons/f/frown.gif&quot; width=&quot;15&quot; height=&quot;15&quot; alt=&quot;:(&quot; data-embed-type=&quot;emoticon&quot; data-embed-id=&quot;380&quot; title=&quot;:( (Sad)&quot;/&gt;&lt;br /&gt;&lt;br /&gt;I thought I&#039;d try Sans out with actual SEPARATED teeth... it&#039;s a weird effect... Sans being able to...open...his...mouth... What with that slightly jutting out jaw too he just makes me think of Horror!Sans the way his creator draw him (quite ape-jawed). OH YEAH and for once I wanted to draw a Swap Sans that was SERIOUS and NORMAL not HIGH ON SUGAR &lt;img src=&quot;https://e.deviantart.net/emoticons/b/biggrin.gif&quot; width=&quot;15&quot; height=&quot;15&quot; alt=&quot;:D&quot; data-embed-type=&quot;emoticon&quot; data-embed-id=&quot;366&quot; title=&quot;:D (Big Grin)&quot;/&gt;&lt;br /&gt;&lt;br /&gt;THIS WILL GO INTO MY SCRAPS EVENTUALLY.... but I will redraw this digitally using this as a base I think. &lt;img src=&quot;https://e.deviantart.net/emoticons/s/smile.gif&quot; width=&quot;15&quot; height=&quot;15&quot; alt=&quot;:)&quot; data-embed-type=&quot;emoticon&quot; data-embed-id=&quot;391&quot; title=&quot;:) (Smile)&quot;/&gt;&lt;br /&gt;&lt;br /&gt;Undertale by Toby Fox&lt;br /&gt;Underswap belongs to &#039;The Community&#039;</media:description>            <media:thumbnail url="https://t00.deviantart.net/hoVqj74f8pjeqYROSJ0wK1OLFaw=/fit-in/150x150/filters:no_upscale():origin()/pre00/f79f/th/pre/i/2019/026/b/5/good_boy_sketch_by_thenor-dcy3vim.jpg" height="150" width="143"/>            <media:thumbnail url="https://t00.deviantart.net/oPF0apxb496kHMu4qrxVxxl7_zk=/fit-in/300x900/filters:no_upscale():origin()/pre00/f79f/th/pre/i/2019/026/b/5/good_boy_sketch_by_thenor-dcy3vim.jpg" height="314" width="300"/>            <media:thumbnail url="https://t00.deviantart.net/DoQjBE6X1McltSgHEaxYXVAZIzQ=/300x200/filters:fixed_height(100,100):origin()/pre00/f79f/th/pre/i/2019/026/b/5/good_boy_sketch_by_thenor-dcy3vim.jpg" height="200" width="191"/>            <media:content url="https://pre00.deviantart.net/f79f/th/pre/i/2019/026/b/5/good_boy_sketch_by_thenor-dcy3vim.jpg" height="915" width="873" medium="image"/>            
            <description>One of the Papyrus&#039; mentioned in TOLB (my fanfiction) and here he is in his AU before it got destroyed and he ended up in the Omega timeline with the other Swaps.&lt;br /&gt;&lt;br /&gt;He is referred to as &#039;Good Boy&#039; because he&#039;s generally the quietest, calmest, most polite and considerate Swap Papyrus in the bunch, plus he quit smoking BEFORE Frisk/Chara&#039;s Resets (because i don&#039;t like smoking &lt;img src=&quot;https://e.deviantart.net/emoticons/letters/=p.gif&quot; width=&quot;15&quot; height=&quot;15&quot; alt=&quot;:P&quot; data-embed-type=&quot;emoticon&quot; data-embed-id=&quot;395&quot; title=&quot;:P (Lick)&quot;/&gt;)&lt;br /&gt;&lt;br /&gt;I have sketched a 33 page comic about Good Boy but I didn&#039;t know he was &#039;Good Boy&#039; back in October when I drew it. There is a bit more about him now that has sort of appeared since his mention in TOLB... i also decided that TO BE FAIR TO ALL THE SORIELS OUT THERE.... in his AU, being that it is a SWAP universe, the SWAP SORIEL SHOULD BE ASGYRUS/PAPGORE.... so he ends up being totes gay for the goat papa ^_^ (i really love the Swap Soriel with Sans BECAUSE I&#039;M A HUGE SORIEL SHIPPER X3 but in all honesty because it&#039;s a Swap universe, that&#039;s like pairing papyrus up with Asgore anyway sooo...thought I&#039;d be fair and have it this way ahaha)&lt;br /&gt;&lt;br /&gt;Good Boy is quite depressed every time I draw him tbh... he&#039;s REALLY SERIOUS about EVERYTHING. And he&#039;s &#039;given up&#039; like Undertale Sans did &lt;img src=&quot;https://e.deviantart.net/emoticons/f/frown.gif&quot; width=&quot;15&quot; height=&quot;15&quot; alt=&quot;:(&quot; data-embed-type=&quot;emoticon&quot; data-embed-id=&quot;380&quot; title=&quot;:( (Sad)&quot;/&gt;&lt;br /&gt;&lt;br /&gt;I thought I&#039;d try Sans out with actual SEPARATED teeth... it&#039;s a weird effect... Sans being able to...open...his...mouth... What with that slightly jutting out jaw too he just makes me think of Horror!Sans the way his creator draw him (quite ape-jawed). OH YEAH and for once I wanted to draw a Swap Sans that was SERIOUS and NORMAL not HIGH ON SUGAR &lt;img src=&quot;https://e.deviantart.net/emoticons/b/biggrin.gif&quot; width=&quot;15&quot; height=&quot;15&quot; alt=&quot;:D&quot; data-embed-type=&quot;emoticon&quot; data-embed-id=&quot;366&quot; title=&quot;:D (Big Grin)&quot;/&gt;&lt;br /&gt;&lt;br /&gt;THIS WILL GO INTO MY SCRAPS EVENTUALLY.... but I will redraw this digitally using this as a base I think. &lt;img src=&quot;https://e.deviantart.net/emoticons/s/smile.gif&quot; width=&quot;15&quot; height=&quot;15&quot; alt=&quot;:)&quot; data-embed-type=&quot;emoticon&quot; data-embed-id=&quot;391&quot; title=&quot;:) (Smile)&quot;/&gt;&lt;br /&gt;&lt;br /&gt;Undertale by Toby Fox&lt;br /&gt;Underswap belongs to &#039;The Community&#039;&lt;br /&gt;&lt;div&gt;&lt;img src=&quot;https://t00.deviantart.net/DoQjBE6X1McltSgHEaxYXVAZIzQ=/300x200/filters:fixed_height(100,100):origin()/pre00/f79f/th/pre/i/2019/026/b/5/good_boy_sketch_by_thenor-dcy3vim.jpg&quot; alt=&quot;thumbnail&quot; /&gt;&lt;/div&gt;</description>            </item>
                    <item>
                <title>F2U Asriel Non Core Code</title>
                <link>https://solrac0two.deviantart.com/art/F2U-Asriel-Non-Core-Code-782945213</link>
                <guid isPermaLink="true">https://solrac0two.deviantart.com/art/F2U-Asriel-Non-Core-Code-782945213</guid>
                <pubDate>Sun, 27 Jan 2019 00:02:33 PST</pubDate>
                        <media:title type="plain">F2U Asriel Non Core Code</media:title>
        <media:keywords></media:keywords>
                        <media:rating>nonadult</media:rating>
                <media:category label="Other">customization/screenshots/other</media:category>
        <media:credit role="author" scheme="urn:ebu">Solrac0TWO</media:credit>
        <media:credit role="author" scheme="urn:ebu">https://a.deviantart.net/avatars/s/o/solrac0two.png?7</media:credit>
        <media:copyright url="https://solrac0two.deviantart.com">Copyright 2019 Solrac0TWO</media:copyright>            <media:description type="html">&lt;sub&gt;Free to use!&lt;br /&gt;&lt;br /&gt;Code:&amp;nbsp;&lt;a class=&quot;external&quot; href=&quot;https://www.deviantart.com/users/outgoing?https://pastebin.com/zVepwVwK&quot;&gt;pastebin.com/zVepwVwK&lt;/a&gt;&lt;br /&gt;&lt;br /&gt;CREDIT:&lt;br /&gt;&lt;a href=&quot;https://www.deviantart.com/asriel-dreamurr/art/Request-Asriel-Divider-609227849&quot;&gt;www.deviantart.com/asriel-drea&amp;hellip;&lt;/a&gt;&lt;br /&gt;&lt;a href=&quot;https://www.deviantart.com/yumichkot/art/Asriel-606983705&quot;&gt;www.deviantart.com/yumichkot/a&amp;hellip;&lt;/a&gt;&lt;br /&gt;&lt;a href=&quot;https://www.deviantart.com/izulys-chan/art/Stamp-Asriel-697231423&quot;&gt;www.deviantart.com/izulys-chan&amp;hellip;&lt;/a&gt;&lt;br /&gt;&lt;a href=&quot;https://www.deviantart.com/pats-and-dreams/art/Undertale-Stamp-God-Asriel-593601854&quot;&gt;www.deviantart.com/pats-and-dr&amp;hellip;&lt;/a&gt;&lt;br /&gt;&lt;a href=&quot;https://www.deviantart.com/mimikein/art/Undertale-stamp-Asriel-585974279&quot;&gt;www.deviantart.com/mimikein/ar&amp;hellip;&lt;/a&gt;&lt;br /&gt;&lt;br /&gt;You may edit this as much as you want&lt;br /&gt;Please keep the credit&lt;br /&gt;Please fav/comment if using&lt;br /&gt;Please tell me if there&#039;s any problems and I&#039;ll try to fix it!&lt;br /&gt;&lt;br /&gt;&amp;lt;3&lt;/sub&gt;</media:description>            <media:thumbnail url="https://t00.deviantart.net/2rtXmF0MhKQNR8Q7Vv4Lzad0MwY=/fit-in/150x150/filters:no_upscale():origin()/pre00/64bc/th/pre/f/2019/026/c/5/f2u_asriel_non_core_code_by_solrac0two-dcy58e5.png" height="118" width="150"/>            <media:thumbnail url="https://t00.deviantart.net/sPBDy4hHINcrhOxwCg4zO7PbuPA=/fit-in/300x900/filters:no_upscale():origin()/pre00/64bc/th/pre/f/2019/026/c/5/f2u_asriel_non_core_code_by_solrac0two-dcy58e5.png" height="236" width="300"/>            <media:thumbnail url="https://t00.deviantart.net/8WUG_mjRXuwsYVUuEC0KEHOKAOA=/300x200/filters:fixed_height(100,100):origin()/pre00/64bc/th/pre/f/2019/026/c/5/f2u_asriel_non_core_code_by_solrac0two-dcy58e5.png" height="200" width="254"/>            <media:content url="https://orig00.deviantart.net/dfd9/f/2019/026/c/5/f2u_asriel_non_core_code_by_solrac0two-dcy58e5.png" height="514" width="654" medium="image"/>            
            <description>&lt;sub&gt;Free to use!&lt;br /&gt;&lt;br /&gt;Code:&amp;nbsp;&lt;a class=&quot;external&quot; href=&quot;https://www.deviantart.com/users/outgoing?https://pastebin.com/zVepwVwK&quot;&gt;pastebin.com/zVepwVwK&lt;/a&gt;&lt;br /&gt;&lt;br /&gt;CREDIT:&lt;br /&gt;&lt;a href=&quot;https://www.deviantart.com/asriel-dreamurr/art/Request-Asriel-Divider-609227849&quot;&gt;www.deviantart.com/asriel-drea&amp;hellip;&lt;/a&gt;&lt;br /&gt;&lt;a href=&quot;https://www.deviantart.com/yumichkot/art/Asriel-606983705&quot;&gt;www.deviantart.com/yumichkot/a&amp;hellip;&lt;/a&gt;&lt;br /&gt;&lt;a href=&quot;https://www.deviantart.com/izulys-chan/art/Stamp-Asriel-697231423&quot;&gt;www.deviantart.com/izulys-chan&amp;hellip;&lt;/a&gt;&lt;br /&gt;&lt;a href=&quot;https://www.deviantart.com/pats-and-dreams/art/Undertale-Stamp-God-Asriel-593601854&quot;&gt;www.deviantart.com/pats-and-dr&amp;hellip;&lt;/a&gt;&lt;br /&gt;&lt;a href=&quot;https://www.deviantart.com/mimikein/art/Undertale-stamp-Asriel-585974279&quot;&gt;www.deviantart.com/mimikein/ar&amp;hellip;&lt;/a&gt;&lt;br /&gt;&lt;br /&gt;You may edit this as much as you want&lt;br /&gt;Please keep the credit&lt;br /&gt;Please fav/comment if using&lt;br /&gt;Please tell me if there&#039;s any problems and I&#039;ll try to fix it!&lt;br /&gt;&lt;br /&gt;&amp;lt;3&lt;/sub&gt;&lt;br /&gt;&lt;div&gt;&lt;img src=&quot;https://t00.deviantart.net/8WUG_mjRXuwsYVUuEC0KEHOKAOA=/300x200/filters:fixed_height(100,100):origin()/pre00/64bc/th/pre/f/2019/026/c/5/f2u_asriel_non_core_code_by_solrac0two-dcy58e5.png&quot; alt=&quot;thumbnail&quot; /&gt;&lt;/div&gt;</description>            </item>
            </channel>
</rss>